<?xml version="1.0" encoding="UTF-8"?>
<testsuite xmlns:xsi="http://www.w3.org/2001/XMLSchema-instance" xsi:noNamespaceSchemaLocation="https://maven.apache.org/surefire/maven-surefire-plugin/xsd/surefire-test-report-3.0.xsd" version="3.0" name="org.apache.hadoop.fs.ozone.TestRootedOzoneFileSystem" time="364.995" tests="165" errors="0" skipped="14" failures="1">
  <properties>
    <property name="awt.toolkit" value="sun.awt.X11.XToolkit"/>
    <property name="file.encoding.pkg" value="sun.io"/>
    <property name="java.specification.version" value="1.8"/>
    <property name="sun.cpu.isalist" value=""/>
    <property name="sun.jnu.encoding" value="UTF-8"/>
    <property name="java.class.path" value="/home/runner/work/ozone/ozone/hadoop-ozone/integration-test/target/test-classes:/home/runner/work/ozone/ozone/hadoop-ozone/integration-test/target/classes:/home/runner/.m2/repository/org/apache/ozone/ozone-common/1.3.0-SNAPSHOT/ozone-common-1.3.0-SNAPSHOT.jar:/home/runner/.m2/repository/io/grpc/grpc-netty/1.44.0/grpc-netty-1.44.0.jar:/home/runner/.m2/repository/io/grpc/grpc-core/1.44.0/grpc-core-1.44.0.jar:/home/runner/.m2/repository/com/google/android/annotations/4.1.1.4/annotations-4.1.1.4.jar:/home/runner/.m2/repository/org/codehaus/mojo/animal-sniffer-annotations/1.19/animal-sniffer-annotations-1.19.jar:/home/runner/.m2/repository/com/google/errorprone/error_prone_annotations/2.2.0/error_prone_annotations-2.2.0.jar:/home/runner/.m2/repository/io/perfmark/perfmark-api/0.23.0/perfmark-api-0.23.0.jar:/home/runner/.m2/repository/io/netty/netty-codec-http2/4.1.74.Final/netty-codec-http2-4.1.74.Final.jar:/home/runner/.m2/repository/io/netty/netty-common/4.1.74.Final/netty-common-4.1.74.Final.jar:/home/runner/.m2/repository/io/netty/netty-buffer/4.1.74.Final/netty-buffer-4.1.74.Final.jar:/home/runner/.m2/repository/io/netty/netty-codec-http/4.1.74.Final/netty-codec-http-4.1.74.Final.jar:/home/runner/.m2/repository/io/netty/netty-handler-proxy/4.1.74.Final/netty-handler-proxy-4.1.74.Final.jar:/home/runner/.m2/repository/io/netty/netty-codec-socks/4.1.74.Final/netty-codec-socks-4.1.74.Final.jar:/home/runner/.m2/repository/io/netty/netty-tcnative-boringssl-static/2.0.48.Final/netty-tcnative-boringssl-static-2.0.48.Final.jar:/home/runner/.m2/repository/io/netty/netty-tcnative-classes/2.0.48.Final/netty-tcnative-classes-2.0.48.Final.jar:/home/runner/.m2/repository/io/netty/netty-tcnative/2.0.48.Final/netty-tcnative-2.0.48.Final.jar:/home/runner/.m2/repository/org/apache/commons/commons-compress/1.21/commons-compress-1.21.jar:/home/runner/.m2/repository/org/apache/ozone/hdds-common/1.3.0-SNAPSHOT/hdds-common-1.3.0-SNAPSHOT.jar:/home/runner/.m2/repository/org/apache/ozone/hdds-client/1.3.0-SNAPSHOT/hdds-client-1.3.0-SNAPSHOT.jar:/home/runner/.m2/repository/org/apache/ozone/ozone-interface-client/1.3.0-SNAPSHOT/ozone-interface-client-1.3.0-SNAPSHOT.jar:/home/runner/.m2/repository/org/apache/ozone/hdds-test-utils/1.3.0-SNAPSHOT/hdds-test-utils-1.3.0-SNAPSHOT.jar:/home/runner/.m2/repository/com/google/guava/guava/31.1-jre/guava-31.1-jre.jar:/home/runner/.m2/repository/com/google/guava/failureaccess/1.0.1/failureaccess-1.0.1.jar:/home/runner/.m2/repository/com/google/guava/listenablefuture/9999.0-empty-to-avoid-conflict-with-guava/listenablefuture-9999.0-empty-to-avoid-conflict-with-guava.jar:/home/runner/.m2/repository/com/google/code/findbugs/jsr305/3.0.0/jsr305-3.0.0.jar:/home/runner/.m2/repository/org/checkerframework/checker-qual/3.12.0/checker-qual-3.12.0.jar:/home/runner/.m2/repository/com/google/j2objc/j2objc-annotations/1.3/j2objc-annotations-1.3.jar:/home/runner/.m2/repository/commons-io/commons-io/2.11.0/commons-io-2.11.0.jar:/home/runner/.m2/repository/commons-logging/commons-logging/1.2/commons-logging-1.2.jar:/home/runner/.m2/repository/log4j/log4j/1.2.17/log4j-1.2.17.jar:/home/runner/.m2/repository/org/slf4j/slf4j-api/1.7.30/slf4j-api-1.7.30.jar:/home/runner/.m2/repository/org/apache/ozone/hdds-server-scm/1.3.0-SNAPSHOT/hdds-server-scm-1.3.0-SNAPSHOT.jar:/home/runner/.m2/repository/org/apache/ozone/hdds-container-service/1.3.0-SNAPSHOT/hdds-container-service-1.3.0-SNAPSHOT.jar:/home/runner/.m2/repository/org/apache/ozone/hdds-hadoop-dependency-server/1.3.0-SNAPSHOT/hdds-hadoop-dependency-server-1.3.0-SNAPSHOT.jar:/home/runner/.m2/repository/org/apache/hadoop/hadoop-hdfs/3.3.1/hadoop-hdfs-3.3.1.jar:/home/runner/.m2/repository/org/apache/ozone/hdds-server-framework/1.3.0-SNAPSHOT/hdds-server-framework-1.3.0-SNAPSHOT.jar:/home/runner/.m2/repository/org/apache/ozone/hdds-interface-server/1.3.0-SNAPSHOT/hdds-interface-server-1.3.0-SNAPSHOT.jar:/home/runner/.m2/repository/org/apache/logging/log4j/log4j-core/2.17.1/log4j-core-2.17.1.jar:/home/runner/.m2/repository/com/lmax/disruptor/3.4.2/disruptor-3.4.2.jar:/home/runner/.m2/repository/org/eclipse/jetty/jetty-servlet/9.4.43.v20210629/jetty-servlet-9.4.43.v20210629.jar:/home/runner/.m2/repository/org/eclipse/jetty/jetty-security/9.4.43.v20210629/jetty-security-9.4.43.v20210629.jar:/home/runner/.m2/repository/org/rocksdb/rocksdbjni/6.29.5/rocksdbjni-6.29.5.jar:/home/runner/.m2/repository/io/prometheus/simpleclient_dropwizard/0.7.0/simpleclient_dropwizard-0.7.0.jar:/home/runner/.m2/repository/io/prometheus/simpleclient/0.7.0/simpleclient-0.7.0.jar:/home/runner/.m2/repository/io/prometheus/simpleclient_common/0.7.0/simpleclient_common-0.7.0.jar:/home/runner/.m2/repository/io/dropwizard/metrics/metrics-core/3.2.4/metrics-core-3.2.4.jar:/home/runner/.m2/repository/org/apache/hadoop/hadoop-hdfs-client/3.3.1/hadoop-hdfs-client-3.3.1.jar:/home/runner/.m2/repository/org/bouncycastle/bcprov-jdk15on/1.67/bcprov-jdk15on-1.67.jar:/home/runner/.m2/repository/com/google/protobuf/protobuf-java/2.5.0/protobuf-java-2.5.0.jar:/home/runner/.m2/repository/org/apache/ozone/ozone-manager/1.3.0-SNAPSHOT/ozone-manager-1.3.0-SNAPSHOT.jar:/home/runner/.m2/repository/org/aspectj/aspectjrt/1.9.7/aspectjrt-1.9.7.jar:/home/runner/.m2/repository/org/aspectj/aspectjweaver/1.9.7/aspectjweaver-1.9.7.jar:/home/runner/.m2/repository/org/apache/ozone/hdds-interface-client/1.3.0-SNAPSHOT/hdds-interface-client-1.3.0-SNAPSHOT.jar:/home/runner/.m2/repository/org/apache/hadoop/thirdparty/hadoop-shaded-protobuf_3_7/1.1.1/hadoop-shaded-protobuf_3_7-1.1.1.jar:/home/runner/.m2/repository/org/apache/ozone/ozone-interface-storage/1.3.0-SNAPSHOT/ozone-interface-storage-1.3.0-SNAPSHOT.jar:/home/runner/.m2/repository/org/reflections/reflections/0.9.11/reflections-0.9.11.jar:/home/runner/.m2/repository/com/sun/jersey/jersey-client/1.19/jersey-client-1.19.jar:/home/runner/.m2/repository/org/apache/ranger/ranger-intg/3.0.0-SNAPSHOT/ranger-intg-3.0.0-SNAPSHOT.jar:/home/runner/.m2/repository/org/apache/ranger/ranger-plugins-common/3.0.0-SNAPSHOT/ranger-plugins-common-3.0.0-SNAPSHOT.jar:/home/runner/.m2/repository/commons-lang/commons-lang/2.6/commons-lang-2.6.jar:/home/runner/.m2/repository/org/codehaus/jackson/jackson-jaxrs/1.9.13/jackson-jaxrs-1.9.13.jar:/home/runner/.m2/repository/org/apache/ranger/ranger-plugins-cred/3.0.0-SNAPSHOT/ranger-plugins-cred-3.0.0-SNAPSHOT.jar:/home/runner/.m2/repository/org/apache/ranger/ranger-plugins-audit/3.0.0-SNAPSHOT/ranger-plugins-audit-3.0.0-SNAPSHOT.jar:/home/runner/.m2/repository/org/apache/kafka/kafka-clients/2.8.1/kafka-clients-2.8.1.jar:/home/runner/.m2/repository/com/github/luben/zstd-jni/1.4.9-1/zstd-jni-1.4.9-1.jar:/home/runner/.m2/repository/org/apache/solr/solr-solrj/8.6.3/solr-solrj-8.6.3.jar:/home/runner/.m2/repository/org/eclipse/jetty/jetty-client/9.4.44.v20210927/jetty-client-9.4.44.v20210927.jar:/home/runner/.m2/repository/org/apache/httpcomponents/httpmime/4.5.13/httpmime-4.5.13.jar:/home/runner/.m2/repository/org/apache/httpcomponents/httpcore-nio/4.4.14/httpcore-nio-4.4.14.jar:/home/runner/.m2/repository/org/apache/httpcomponents/httpasyncclient/4.1.4/httpasyncclient-4.1.4.jar:/home/runner/.m2/repository/com/carrotsearch/hppc/0.8.0/hppc-0.8.0.jar:/home/runner/.m2/repository/org/apache/hive/hive-storage-api/2.7.2/hive-storage-api-2.7.2.jar:/home/runner/.m2/repository/org/apache/orc/orc-core/1.5.8/orc-core-1.5.8.jar:/home/runner/.m2/repository/com/amazonaws/aws-java-sdk-bundle/1.12.125/aws-java-sdk-bundle-1.12.125.jar:/home/runner/.m2/repository/net/java/dev/jna/jna/5.2.0/jna-5.2.0.jar:/home/runner/.m2/repository/net/java/dev/jna/jna-platform/5.2.0/jna-platform-5.2.0.jar:/home/runner/.m2/repository/com/kstruct/gethostname4j/0.0.2/gethostname4j-0.0.2.jar:/home/runner/.m2/repository/org/apache/ranger/ranger-plugin-classloader/3.0.0-SNAPSHOT/ranger-plugin-classloader-3.0.0-SNAPSHOT.jar:/home/runner/.m2/repository/org/apache/hadoop/hadoop-minikdc/3.3.1/hadoop-minikdc-3.3.1.jar:/home/runner/.m2/repository/org/apache/kerby/kerb-simplekdc/1.0.1/kerb-simplekdc-1.0.1.jar:/home/runner/.m2/repository/org/apache/kerby/kerb-client/1.0.1/kerb-client-1.0.1.jar:/home/runner/.m2/repository/org/apache/kerby/kerby-config/1.0.1/kerby-config-1.0.1.jar:/home/runner/.m2/repository/org/apache/kerby/kerb-common/1.0.1/kerb-common-1.0.1.jar:/home/runner/.m2/repository/org/apache/kerby/kerb-crypto/1.0.1/kerb-crypto-1.0.1.jar:/home/runner/.m2/repository/org/apache/kerby/kerb-util/1.0.1/kerb-util-1.0.1.jar:/home/runner/.m2/repository/org/apache/kerby/token-provider/1.0.1/token-provider-1.0.1.jar:/home/runner/.m2/repository/org/apache/kerby/kerb-admin/1.0.1/kerb-admin-1.0.1.jar:/home/runner/.m2/repository/org/apache/kerby/kerb-server/1.0.1/kerb-server-1.0.1.jar:/home/runner/.m2/repository/org/apache/kerby/kerb-identity/1.0.1/kerb-identity-1.0.1.jar:/home/runner/.m2/repository/org/apache/kerby/kerby-xdr/1.0.1/kerby-xdr-1.0.1.jar:/home/runner/.m2/repository/org/slf4j/slf4j-log4j12/1.7.30/slf4j-log4j12-1.7.30.jar:/home/runner/.m2/repository/org/apache/ozone/ozone-s3gateway/1.3.0-SNAPSHOT/ozone-s3gateway-1.3.0-SNAPSHOT.jar:/home/runner/.m2/repository/org/javassist/javassist/3.21.0-GA/javassist-3.21.0-GA.jar:/home/runner/.m2/repository/org/jboss/weld/servlet/weld-servlet/2.4.7.Final/weld-servlet-2.4.7.Final.jar:/home/runner/.m2/repository/org/glassfish/jersey/containers/jersey-container-servlet-core/2.33/jersey-container-servlet-core-2.33.jar:/home/runner/.m2/repository/org/glassfish/hk2/external/jakarta.inject/2.6.1/jakarta.inject-2.6.1.jar:/home/runner/.m2/repository/org/glassfish/jersey/core/jersey-common/2.33/jersey-common-2.33.jar:/home/runner/.m2/repository/jakarta/ws/rs/jakarta.ws.rs-api/2.1.6/jakarta.ws.rs-api-2.1.6.jar:/home/runner/.m2/repository/org/glassfish/jersey/ext/cdi/jersey-cdi1x/2.33/jersey-cdi1x-2.33.jar:/home/runner/.m2/repository/org/glassfish/jersey/inject/jersey-hk2/2.33/jersey-hk2-2.33.jar:/home/runner/.m2/repository/org/glassfish/hk2/hk2-locator/2.6.1/hk2-locator-2.6.1.jar:/home/runner/.m2/repository/org/glassfish/jersey/media/jersey-media-jaxb/2.33/jersey-media-jaxb-2.33.jar:/home/runner/.m2/repository/org/glassfish/hk2/osgi-resource-locator/1.0.3/osgi-resource-locator-1.0.3.jar:/home/runner/.m2/repository/org/glassfish/hk2/hk2-api/2.5.0/hk2-api-2.5.0.jar:/home/runner/.m2/repository/org/glassfish/hk2/hk2-utils/2.5.0/hk2-utils-2.5.0.jar:/home/runner/.m2/repository/org/glassfish/hk2/external/aopalliance-repackaged/2.5.0/aopalliance-repackaged-2.5.0.jar:/home/runner/.m2/repository/com/fasterxml/jackson/dataformat/jackson-dataformat-xml/2.13.2/jackson-dataformat-xml-2.13.2.jar:/home/runner/.m2/repository/com/fasterxml/jackson/core/jackson-core/2.13.2/jackson-core-2.13.2.jar:/home/runner/.m2/repository/org/codehaus/woodstox/stax2-api/3.1.4/stax2-api-3.1.4.jar:/home/runner/.m2/repository/com/fasterxml/woodstox/woodstox-core/5.0.3/woodstox-core-5.0.3.jar:/home/runner/.m2/repository/com/fasterxml/jackson/module/jackson-module-jaxb-annotations/2.13.2/jackson-module-jaxb-annotations-2.13.2.jar:/home/runner/.m2/repository/jakarta/xml/bind/jakarta.xml.bind-api/2.3.3/jakarta.xml.bind-api-2.3.3.jar:/home/runner/.m2/repository/jakarta/activation/jakarta.activation-api/1.2.1/jakarta.activation-api-1.2.1.jar:/home/runner/.m2/repository/javax/enterprise/cdi-api/1.2/cdi-api-1.2.jar:/home/runner/.m2/repository/javax/el/javax.el-api/3.0.0/javax.el-api-3.0.0.jar:/home/runner/.m2/repository/javax/interceptor/javax.interceptor-api/1.2/javax.interceptor-api-1.2.jar:/home/runner/.m2/repository/javax/inject/javax.inject/1/javax.inject-1.jar:/home/runner/.m2/repository/javax/xml/bind/jaxb-api/2.3.0/jaxb-api-2.3.0.jar:/home/runner/.m2/repository/org/glassfish/jaxb/jaxb-runtime/2.3.0.1/jaxb-runtime-2.3.0.1.jar:/home/runner/.m2/repository/org/glassfish/jaxb/jaxb-core/2.3.0.1/jaxb-core-2.3.0.1.jar:/home/runner/.m2/repository/org/glassfish/jaxb/txw2/2.3.0.1/txw2-2.3.0.1.jar:/home/runner/.m2/repository/com/sun/istack/istack-commons-runtime/3.0.5/istack-commons-runtime-3.0.5.jar:/home/runner/.m2/repository/org/jvnet/staxex/stax-ex/1.7.8/stax-ex-1.7.8.jar:/home/runner/.m2/repository/com/sun/xml/fastinfoset/FastInfoset/1.2.13/FastInfoset-1.2.13.jar:/home/runner/.m2/repository/javax/activation/activation/1.1.1/activation-1.1.1.jar:/home/runner/.m2/repository/io/grpc/grpc-protobuf/1.44.0/grpc-protobuf-1.44.0.jar:/home/runner/.m2/repository/io/grpc/grpc-api/1.44.0/grpc-api-1.44.0.jar:/home/runner/.m2/repository/io/grpc/grpc-context/1.44.0/grpc-context-1.44.0.jar:/home/runner/.m2/repository/com/google/api/grpc/proto-google-common-protos/2.0.1/proto-google-common-protos-2.0.1.jar:/home/runner/.m2/repository/io/grpc/grpc-protobuf-lite/1.44.0/grpc-protobuf-lite-1.44.0.jar:/home/runner/.m2/repository/io/grpc/grpc-stub/1.44.0/grpc-stub-1.44.0.jar:/home/runner/.m2/repository/io/netty/netty-transport/4.1.74.Final/netty-transport-4.1.74.Final.jar:/home/runner/.m2/repository/io/netty/netty-resolver/4.1.74.Final/netty-resolver-4.1.74.Final.jar:/home/runner/.m2/repository/org/apache/ozone/ozone-csi/1.3.0-SNAPSHOT/ozone-csi-1.3.0-SNAPSHOT.jar:/home/runner/.m2/repository/com/google/protobuf/protobuf-java-util/3.19.2/protobuf-java-util-3.19.2.jar:/home/runner/.m2/repository/com/google/code/gson/gson/2.8.9/gson-2.8.9.jar:/home/runner/.m2/repository/org/apache/ozone/hdds-config/1.3.0-SNAPSHOT/hdds-config-1.3.0-SNAPSHOT.jar:/home/runner/.m2/repository/io/netty/netty-transport-native-epoll/4.1.74.Final/netty-transport-native-epoll-4.1.74.Final-linux-x86_64.jar:/home/runner/.m2/repository/io/netty/netty-transport-classes-epoll/4.1.74.Final/netty-transport-classes-epoll-4.1.74.Final.jar:/home/runner/.m2/repository/io/netty/netty-transport-native-unix-common/4.1.74.Final/netty-transport-native-unix-common-4.1.74.Final.jar:/home/runner/.m2/repository/org/apache/ozone/ozone-recon/1.3.0-SNAPSHOT/ozone-recon-1.3.0-SNAPSHOT.jar:/home/runner/.m2/repository/org/apache/ozone/ozone-reconcodegen/1.3.0-SNAPSHOT/ozone-reconcodegen-1.3.0-SNAPSHOT.jar:/home/runner/.m2/repository/com/google/inject/extensions/guice-multibindings/4.0/guice-multibindings-4.0.jar:/home/runner/.m2/repository/com/google/inject/guice/4.0/guice-4.0.jar:/home/runner/.m2/repository/aopalliance/aopalliance/1.0/aopalliance-1.0.jar:/home/runner/.m2/repository/com/google/inject/extensions/guice-assistedinject/4.0/guice-assistedinject-4.0.jar:/home/runner/.m2/repository/com/google/inject/extensions/guice-servlet/4.0/guice-servlet-4.0.jar:/home/runner/.m2/repository/org/glassfish/jersey/containers/jersey-container-servlet/2.33/jersey-container-servlet-2.33.jar:/home/runner/.m2/repository/org/glassfish/hk2/guice-bridge/2.5.0/guice-bridge-2.5.0.jar:/home/runner/.m2/repository/org/glassfish/jersey/core/jersey-server/2.33/jersey-server-2.33.jar:/home/runner/.m2/repository/org/glassfish/jersey/core/jersey-client/2.33/jersey-client-2.33.jar:/home/runner/.m2/repository/jakarta/annotation/jakarta.annotation-api/1.3.5/jakarta.annotation-api-1.3.5.jar:/home/runner/.m2/repository/jakarta/validation/jakarta.validation-api/2.0.2/jakarta.validation-api-2.0.2.jar:/home/runner/.m2/repository/org/glassfish/jersey/media/jersey-media-json-jackson/2.33/jersey-media-json-jackson-2.33.jar:/home/runner/.m2/repository/org/glassfish/jersey/ext/jersey-entity-filtering/2.33/jersey-entity-filtering-2.33.jar:/home/runner/.m2/repository/org/jooq/jooq/3.11.10/jooq-3.11.10.jar:/home/runner/.m2/repository/org/jooq/jooq-meta/3.11.10/jooq-meta-3.11.10.jar:/home/runner/.m2/repository/org/jooq/jooq-codegen/3.11.10/jooq-codegen-3.11.10.jar:/home/runner/.m2/repository/com/jolbox/bonecp/0.8.0.RELEASE/bonecp-0.8.0.RELEASE.jar:/home/runner/.m2/repository/org/apache/derby/derby/10.14.2.0/derby-10.14.2.0.jar:/home/runner/.m2/repository/org/xerial/sqlite-jdbc/3.25.2/sqlite-jdbc-3.25.2.jar:/home/runner/.m2/repository/org/springframework/spring-jdbc/5.2.20.RELEASE/spring-jdbc-5.2.20.RELEASE.jar:/home/runner/.m2/repository/org/springframework/spring-beans/5.2.20.RELEASE/spring-beans-5.2.20.RELEASE.jar:/home/runner/.m2/repository/org/springframework/spring-core/5.2.20.RELEASE/spring-core-5.2.20.RELEASE.jar:/home/runner/.m2/repository/org/springframework/spring-jcl/5.2.20.RELEASE/spring-jcl-5.2.20.RELEASE.jar:/home/runner/.m2/repository/org/springframework/spring-tx/5.2.20.RELEASE/spring-tx-5.2.20.RELEASE.jar:/home/runner/.m2/repository/org/apache/ozone/ozone-client/1.3.0-SNAPSHOT/ozone-client-1.3.0-SNAPSHOT.jar:/home/runner/.m2/repository/org/apache/ozone/hdds-erasurecode/1.3.0-SNAPSHOT/hdds-erasurecode-1.3.0-SNAPSHOT.jar:/home/runner/.m2/repository/com/github/spotbugs/spotbugs-annotations/3.1.12/spotbugs-annotations-3.1.12.jar:/home/runner/.m2/repository/org/apache/ozone/ozone-filesystem/1.3.0-SNAPSHOT/ozone-filesystem-1.3.0-SNAPSHOT.jar:/home/runner/.m2/repository/org/apache/ozone/ozone-filesystem-common/1.3.0-SNAPSHOT/ozone-filesystem-common-1.3.0-SNAPSHOT.jar:/home/runner/.m2/repository/org/apache/ozone/ozone-tools/1.3.0-SNAPSHOT/ozone-tools-1.3.0-SNAPSHOT.jar:/home/runner/.m2/repository/org/apache/ratis/ratis-tools/2.3.0/ratis-tools-2.3.0.jar:/home/runner/.m2/repository/com/amazonaws/aws-java-sdk-core/1.12.124/aws-java-sdk-core-1.12.124.jar:/home/runner/.m2/repository/org/apache/httpcomponents/httpclient/4.5.13/httpclient-4.5.13.jar:/home/runner/.m2/repository/org/apache/httpcomponents/httpcore/4.4.13/httpcore-4.4.13.jar:/home/runner/.m2/repository/software/amazon/ion/ion-java/1.0.2/ion-java-1.0.2.jar:/home/runner/.m2/repository/com/fasterxml/jackson/dataformat/jackson-dataformat-cbor/2.13.2/jackson-dataformat-cbor-2.13.2.jar:/home/runner/.m2/repository/joda-time/joda-time/2.8.1/joda-time-2.8.1.jar:/home/runner/.m2/repository/com/amazonaws/aws-java-sdk-s3/1.12.124/aws-java-sdk-s3-1.12.124.jar:/home/runner/.m2/repository/com/amazonaws/aws-java-sdk-kms/1.12.124/aws-java-sdk-kms-1.12.124.jar:/home/runner/.m2/repository/com/amazonaws/jmespath-java/1.12.124/jmespath-java-1.12.124.jar:/home/runner/.m2/repository/org/kohsuke/metainf-services/metainf-services/1.8/metainf-services-1.8.jar:/home/runner/.m2/repository/org/apache/ozone/hdds-tools/1.3.0-SNAPSHOT/hdds-tools-1.3.0-SNAPSHOT.jar:/home/runner/.m2/repository/commons-cli/commons-cli/1.2/commons-cli-1.2.jar:/home/runner/.m2/repository/org/apache/commons/commons-lang3/3.7/commons-lang3-3.7.jar:/home/runner/.m2/repository/org/apache/ozone/ozone-manager/1.3.0-SNAPSHOT/ozone-manager-1.3.0-SNAPSHOT-tests.jar:/home/runner/.m2/repository/org/apache/ozone/hdds-common/1.3.0-SNAPSHOT/hdds-common-1.3.0-SNAPSHOT-tests.jar:/home/runner/.m2/repository/org/apache/ozone/hdds-hadoop-dependency-client/1.3.0-SNAPSHOT/hdds-hadoop-dependency-client-1.3.0-SNAPSHOT.jar:/home/runner/.m2/repository/info/picocli/picocli/4.6.1/picocli-4.6.1.jar:/home/runner/.m2/repository/com/fasterxml/jackson/core/jackson-annotations/2.13.2/jackson-annotations-2.13.2.jar:/home/runner/.m2/repository/com/fasterxml/jackson/datatype/jackson-datatype-jsr310/2.13.2/jackson-datatype-jsr310-2.13.2.jar:/home/runner/.m2/repository/javax/annotation/javax.annotation-api/1.2/javax.annotation-api-1.2.jar:/home/runner/.m2/repository/org/apache/ratis/ratis-server/2.3.0/ratis-server-2.3.0.jar:/home/runner/.m2/repository/org/apache/ratis/ratis-client/2.3.0/ratis-client-2.3.0.jar:/home/runner/.m2/repository/org/apache/ratis/ratis-server-api/2.3.0/ratis-server-api-2.3.0.jar:/home/runner/.m2/repository/org/apache/ratis/ratis-metrics/2.3.0/ratis-metrics-2.3.0.jar:/home/runner/.m2/repository/org/apache/ratis/ratis-netty/2.3.0/ratis-netty-2.3.0.jar:/home/runner/.m2/repository/org/apache/ratis/ratis-grpc/2.3.0/ratis-grpc-2.3.0.jar:/home/runner/.m2/repository/org/apache/logging/log4j/log4j-api/2.17.1/log4j-api-2.17.1.jar:/home/runner/.m2/repository/org/apache/commons/commons-pool2/2.6.0/commons-pool2-2.6.0.jar:/home/runner/.m2/repository/org/bouncycastle/bcpkix-jdk15on/1.67/bcpkix-jdk15on-1.67.jar:/home/runner/.m2/repository/commons-validator/commons-validator/1.6/commons-validator-1.6.jar:/home/runner/.m2/repository/commons-beanutils/commons-beanutils/1.9.4/commons-beanutils-1.9.4.jar:/home/runner/.m2/repository/commons-digester/commons-digester/1.8.1/commons-digester-1.8.1.jar:/home/runner/.m2/repository/commons-collections/commons-collections/3.2.2/commons-collections-3.2.2.jar:/home/runner/.m2/repository/io/jaegertracing/jaeger-client/1.6.0/jaeger-client-1.6.0.jar:/home/runner/.m2/repository/io/jaegertracing/jaeger-thrift/1.6.0/jaeger-thrift-1.6.0.jar:/home/runner/.m2/repository/org/apache/thrift/libthrift/0.14.1/libthrift-0.14.1.jar:/home/runner/.m2/repository/com/squareup/okhttp3/okhttp/4.9.0/okhttp-4.9.0.jar:/home/runner/.m2/repository/com/squareup/okio/okio/2.8.0/okio-2.8.0.jar:/home/runner/.m2/repository/io/jaegertracing/jaeger-core/1.6.0/jaeger-core-1.6.0.jar:/home/runner/.m2/repository/io/jaegertracing/jaeger-tracerresolver/1.6.0/jaeger-tracerresolver-1.6.0.jar:/home/runner/.m2/repository/io/opentracing/contrib/opentracing-tracerresolver/0.1.8/opentracing-tracerresolver-0.1.8.jar:/home/runner/.m2/repository/org/jetbrains/kotlin/kotlin-stdlib/1.6.21/kotlin-stdlib-1.6.21.jar:/home/runner/.m2/repository/org/jetbrains/kotlin/kotlin-stdlib-common/1.6.21/kotlin-stdlib-common-1.6.21.jar:/home/runner/.m2/repository/org/jetbrains/annotations/13.0/annotations-13.0.jar:/home/runner/.m2/repository/io/opentracing/opentracing-util/0.33.0/opentracing-util-0.33.0.jar:/home/runner/.m2/repository/io/opentracing/opentracing-api/0.33.0/opentracing-api-0.33.0.jar:/home/runner/.m2/repository/io/opentracing/opentracing-noop/0.33.0/opentracing-noop-0.33.0.jar:/home/runner/.m2/repository/org/yaml/snakeyaml/1.26/snakeyaml-1.26.jar:/home/runner/.m2/repository/org/apache/ozone/hdds-interface-admin/1.3.0-SNAPSHOT/hdds-interface-admin-1.3.0-SNAPSHOT.jar:/home/runner/.m2/repository/junit/junit/4.13.1/junit-4.13.1.jar:/home/runner/.m2/repository/org/hamcrest/hamcrest-core/1.3/hamcrest-core-1.3.jar:/home/runner/.m2/repository/org/junit/jupiter/junit-jupiter-api/5.8.2/junit-jupiter-api-5.8.2.jar:/home/runner/.m2/repository/org/opentest4j/opentest4j/1.2.0/opentest4j-1.2.0.jar:/home/runner/.m2/repository/org/junit/platform/junit-platform-commons/1.8.2/junit-platform-commons-1.8.2.jar:/home/runner/.m2/repository/org/apiguardian/apiguardian-api/1.1.2/apiguardian-api-1.1.2.jar:/home/runner/.m2/repository/org/junit/jupiter/junit-jupiter-params/5.8.2/junit-jupiter-params-5.8.2.jar:/home/runner/.m2/repository/org/junit/jupiter/junit-jupiter-migrationsupport/5.8.2/junit-jupiter-migrationsupport-5.8.2.jar:/home/runner/.m2/repository/org/junit/jupiter/junit-jupiter-engine/5.8.2/junit-jupiter-engine-5.8.2.jar:/home/runner/.m2/repository/org/junit/platform/junit-platform-engine/1.8.2/junit-platform-engine-1.8.2.jar:/home/runner/.m2/repository/org/junit/vintage/junit-vintage-engine/5.8.2/junit-vintage-engine-5.8.2.jar:/home/runner/.m2/repository/org/junit/platform/junit-platform-launcher/1.8.2/junit-platform-launcher-1.8.2.jar:/home/runner/.m2/repository/org/mockito/mockito-core/2.28.2/mockito-core-2.28.2.jar:/home/runner/.m2/repository/net/bytebuddy/byte-buddy/1.9.10/byte-buddy-1.9.10.jar:/home/runner/.m2/repository/net/bytebuddy/byte-buddy-agent/1.9.10/byte-buddy-agent-1.9.10.jar:/home/runner/.m2/repository/org/objenesis/objenesis/1.0/objenesis-1.0.jar:/home/runner/.m2/repository/org/apache/hadoop/hadoop-kms/3.3.1/hadoop-kms-3.3.1.jar:/home/runner/.m2/repository/org/apache/hadoop/hadoop-auth/3.3.1/hadoop-auth-3.3.1.jar:/home/runner/.m2/repository/com/nimbusds/nimbus-jose-jwt/7.9/nimbus-jose-jwt-7.9.jar:/home/runner/.m2/repository/com/github/stephenc/jcip/jcip-annotations/1.0-1/jcip-annotations-1.0-1.jar:/home/runner/.m2/repository/net/minidev/json-smart/2.4.7/json-smart-2.4.7.jar:/home/runner/.m2/repository/net/minidev/accessors-smart/2.4.7/accessors-smart-2.4.7.jar:/home/runner/.m2/repository/org/ow2/asm/asm/5.0.4/asm-5.0.4.jar:/home/runner/.m2/repository/org/apache/zookeeper/zookeeper/3.5.6/zookeeper-3.5.6.jar:/home/runner/.m2/repository/org/apache/zookeeper/zookeeper-jute/3.5.6/zookeeper-jute-3.5.6.jar:/home/runner/.m2/repository/org/apache/yetus/audience-annotations/0.5.0/audience-annotations-0.5.0.jar:/home/runner/.m2/repository/org/apache/curator/curator-framework/4.2.0/curator-framework-4.2.0.jar:/home/runner/.m2/repository/org/apache/hadoop/thirdparty/hadoop-shaded-guava/1.1.1/hadoop-shaded-guava-1.1.1.jar:/home/runner/.m2/repository/com/sun/jersey/jersey-core/1.19/jersey-core-1.19.jar:/home/runner/.m2/repository/javax/ws/rs/jsr311-api/1.1.1/jsr311-api-1.1.1.jar:/home/runner/.m2/repository/com/sun/jersey/jersey-server/1.19/jersey-server-1.19.jar:/home/runner/.m2/repository/javax/servlet/javax.servlet-api/3.1.0/javax.servlet-api-3.1.0.jar:/home/runner/.m2/repository/org/eclipse/jetty/jetty-server/9.4.43.v20210629/jetty-server-9.4.43.v20210629.jar:/home/runner/.m2/repository/org/eclipse/jetty/jetty-http/9.4.43.v20210629/jetty-http-9.4.43.v20210629.jar:/home/runner/.m2/repository/org/eclipse/jetty/jetty-io/9.4.43.v20210629/jetty-io-9.4.43.v20210629.jar:/home/runner/.m2/repository/org/eclipse/jetty/jetty-webapp/9.4.43.v20210629/jetty-webapp-9.4.43.v20210629.jar:/home/runner/.m2/repository/org/eclipse/jetty/jetty-xml/9.4.43.v20210629/jetty-xml-9.4.43.v20210629.jar:/home/runner/.m2/repository/org/apache/hadoop/hadoop-common/3.3.1/hadoop-common-3.3.1.jar:/home/runner/.m2/repository/org/apache/commons/commons-math3/3.1.1/commons-math3-3.1.1.jar:/home/runner/.m2/repository/commons-net/commons-net/3.6/commons-net-3.6.jar:/home/runner/.m2/repository/com/sun/jersey/jersey-servlet/1.19/jersey-servlet-1.19.jar:/home/runner/.m2/repository/com/sun/jersey/jersey-json/1.19/jersey-json-1.19.jar:/home/runner/.m2/repository/org/codehaus/jettison/jettison/1.1/jettison-1.1.jar:/home/runner/.m2/repository/com/sun/xml/bind/jaxb-impl/2.2.3-1/jaxb-impl-2.2.3-1.jar:/home/runner/.m2/repository/org/codehaus/jackson/jackson-xc/1.9.2/jackson-xc-1.9.2.jar:/home/runner/.m2/repository/org/apache/commons/commons-configuration2/2.1.1/commons-configuration2-2.1.1.jar:/home/runner/.m2/repository/org/apache/commons/commons-text/1.4/commons-text-1.4.jar:/home/runner/.m2/repository/com/google/re2j/re2j/1.1/re2j-1.1.jar:/home/runner/.m2/repository/com/jcraft/jsch/0.1.54/jsch-0.1.54.jar:/home/runner/.m2/repository/org/apache/curator/curator-client/4.2.0/curator-client-4.2.0.jar:/home/runner/.m2/repository/org/apache/curator/curator-recipes/4.2.0/curator-recipes-4.2.0.jar:/home/runner/.m2/repository/org/apache/kerby/kerb-core/1.0.1/kerb-core-1.0.1.jar:/home/runner/.m2/repository/org/apache/kerby/kerby-pkix/1.0.1/kerby-pkix-1.0.1.jar:/home/runner/.m2/repository/org/apache/kerby/kerby-asn1/1.0.1/kerby-asn1-1.0.1.jar:/home/runner/.m2/repository/org/apache/kerby/kerby-util/1.0.1/kerby-util-1.0.1.jar:/home/runner/.m2/repository/dnsjava/dnsjava/2.1.7/dnsjava-2.1.7.jar:/home/runner/.m2/repository/org/xerial/snappy/snappy-java/1.1.8.2/snappy-java-1.1.8.2.jar:/home/runner/.m2/repository/org/slf4j/jul-to-slf4j/1.7.30/jul-to-slf4j-1.7.30.jar:/home/runner/.m2/repository/org/eclipse/jetty/jetty-util/9.4.43.v20210629/jetty-util-9.4.43.v20210629.jar:/home/runner/.m2/repository/com/fasterxml/jackson/core/jackson-databind/2.13.2.2/jackson-databind-2.13.2.2.jar:/home/runner/.m2/repository/org/apache/hadoop/hadoop-kms/3.3.1/hadoop-kms-3.3.1-tests.jar:/home/runner/.m2/repository/org/apache/ozone/hdds-server-scm/1.3.0-SNAPSHOT/hdds-server-scm-1.3.0-SNAPSHOT-tests.jar:/home/runner/.m2/repository/org/apache/ozone/hdds-container-service/1.3.0-SNAPSHOT/hdds-container-service-1.3.0-SNAPSHOT-tests.jar:/home/runner/.m2/repository/commons-codec/commons-codec/1.11/commons-codec-1.11.jar:/home/runner/.m2/repository/io/netty/netty-codec/4.1.74.Final/netty-codec-4.1.74.Final.jar:/home/runner/.m2/repository/io/netty/netty-handler/4.1.74.Final/netty-handler-4.1.74.Final.jar:/home/runner/.m2/repository/org/apache/ozone/hdds-hadoop-dependency-test/1.3.0-SNAPSHOT/hdds-hadoop-dependency-test-1.3.0-SNAPSHOT.jar:/home/runner/.m2/repository/org/apache/hadoop/hadoop-common/3.3.1/hadoop-common-3.3.1-tests.jar:/home/runner/.m2/repository/org/assertj/assertj-core/3.12.2/assertj-core-3.12.2.jar:/home/runner/.m2/repository/org/apache/hadoop/hadoop-hdfs/3.3.1/hadoop-hdfs-3.3.1-tests.jar:/home/runner/.m2/repository/org/eclipse/jetty/jetty-util-ajax/9.4.43.v20210629/jetty-util-ajax-9.4.43.v20210629.jar:/home/runner/.m2/repository/commons-daemon/commons-daemon/1.0.13/commons-daemon-1.0.13.jar:/home/runner/.m2/repository/io/netty/netty/3.10.6.Final/netty-3.10.6.Final.jar:/home/runner/.m2/repository/io/netty/netty-all/4.1.74.Final/netty-all-4.1.74.Final.jar:/home/runner/.m2/repository/io/netty/netty-codec-dns/4.1.74.Final/netty-codec-dns-4.1.74.Final.jar:/home/runner/.m2/repository/io/netty/netty-codec-haproxy/4.1.74.Final/netty-codec-haproxy-4.1.74.Final.jar:/home/runner/.m2/repository/io/netty/netty-codec-memcache/4.1.74.Final/netty-codec-memcache-4.1.74.Final.jar:/home/runner/.m2/repository/io/netty/netty-codec-mqtt/4.1.74.Final/netty-codec-mqtt-4.1.74.Final.jar:/home/runner/.m2/repository/io/netty/netty-codec-redis/4.1.74.Final/netty-codec-redis-4.1.74.Final.jar:/home/runner/.m2/repository/io/netty/netty-codec-smtp/4.1.74.Final/netty-codec-smtp-4.1.74.Final.jar:/home/runner/.m2/repository/io/netty/netty-codec-stomp/4.1.74.Final/netty-codec-stomp-4.1.74.Final.jar:/home/runner/.m2/repository/io/netty/netty-codec-xml/4.1.74.Final/netty-codec-xml-4.1.74.Final.jar:/home/runner/.m2/repository/io/netty/netty-resolver-dns/4.1.74.Final/netty-resolver-dns-4.1.74.Final.jar:/home/runner/.m2/repository/io/netty/netty-transport-rxtx/4.1.74.Final/netty-transport-rxtx-4.1.74.Final.jar:/home/runner/.m2/repository/io/netty/netty-transport-sctp/4.1.74.Final/netty-transport-sctp-4.1.74.Final.jar:/home/runner/.m2/repository/io/netty/netty-transport-udt/4.1.74.Final/netty-transport-udt-4.1.74.Final.jar:/home/runner/.m2/repository/io/netty/netty-transport-classes-kqueue/4.1.74.Final/netty-transport-classes-kqueue-4.1.74.Final.jar:/home/runner/.m2/repository/io/netty/netty-resolver-dns-classes-macos/4.1.74.Final/netty-resolver-dns-classes-macos-4.1.74.Final.jar:/home/runner/.m2/repository/io/netty/netty-transport-native-epoll/4.1.74.Final/netty-transport-native-epoll-4.1.74.Final-linux-aarch_64.jar:/home/runner/.m2/repository/io/netty/netty-transport-native-kqueue/4.1.74.Final/netty-transport-native-kqueue-4.1.74.Final-osx-x86_64.jar:/home/runner/.m2/repository/io/netty/netty-transport-native-kqueue/4.1.74.Final/netty-transport-native-kqueue-4.1.74.Final-osx-aarch_64.jar:/home/runner/.m2/repository/io/netty/netty-resolver-dns-native-macos/4.1.74.Final/netty-resolver-dns-native-macos-4.1.74.Final-osx-x86_64.jar:/home/runner/.m2/repository/io/netty/netty-resolver-dns-native-macos/4.1.74.Final/netty-resolver-dns-native-macos-4.1.74.Final-osx-aarch_64.jar:/home/runner/.m2/repository/org/apache/htrace/htrace-core4/4.1.0-incubating/htrace-core4-4.1.0-incubating.jar:/home/runner/.m2/repository/org/fusesource/leveldbjni/leveldbjni-all/1.8/leveldbjni-all-1.8.jar:/home/runner/.m2/repository/org/apache/hadoop/hadoop-distcp/3.3.1/hadoop-distcp-3.3.1.jar:/home/runner/.m2/repository/org/apache/hadoop/hadoop-mapreduce-client-jobclient/3.3.1/hadoop-mapreduce-client-jobclient-3.3.1.jar:/home/runner/.m2/repository/org/apache/hadoop/hadoop-mapreduce-client-common/3.3.1/hadoop-mapreduce-client-common-3.3.1.jar:/home/runner/.m2/repository/org/apache/hadoop/hadoop-yarn-common/3.3.1/hadoop-yarn-common-3.3.1.jar:/home/runner/.m2/repository/org/apache/hadoop/hadoop-yarn-api/3.3.1/hadoop-yarn-api-3.3.1.jar:/home/runner/.m2/repository/com/sun/jersey/contribs/jersey-guice/1.19/jersey-guice-1.19.jar:/home/runner/.m2/repository/com/fasterxml/jackson/jaxrs/jackson-jaxrs-json-provider/2.13.2/jackson-jaxrs-json-provider-2.13.2.jar:/home/runner/.m2/repository/com/fasterxml/jackson/jaxrs/jackson-jaxrs-base/2.13.2/jackson-jaxrs-base-2.13.2.jar:/home/runner/.m2/repository/org/apache/hadoop/hadoop-yarn-client/3.3.1/hadoop-yarn-client-3.3.1.jar:/home/runner/.m2/repository/org/eclipse/jetty/websocket/websocket-client/9.4.40.v20210413/websocket-client-9.4.40.v20210413.jar:/home/runner/.m2/repository/org/eclipse/jetty/websocket/websocket-common/9.4.40.v20210413/websocket-common-9.4.40.v20210413.jar:/home/runner/.m2/repository/org/eclipse/jetty/websocket/websocket-api/9.4.40.v20210413/websocket-api-9.4.40.v20210413.jar:/home/runner/.m2/repository/org/jline/jline/3.9.0/jline-3.9.0.jar:/home/runner/.m2/repository/org/apache/hadoop/hadoop-mapreduce-client-core/3.3.1/hadoop-mapreduce-client-core-3.3.1.jar:/home/runner/.m2/repository/org/apache/avro/avro/1.7.7/avro-1.7.7.jar:/home/runner/.m2/repository/org/codehaus/jackson/jackson-core-asl/1.9.13/jackson-core-asl-1.9.13.jar:/home/runner/.m2/repository/org/codehaus/jackson/jackson-mapper-asl/1.9.13/jackson-mapper-asl-1.9.13.jar:/home/runner/.m2/repository/com/thoughtworks/paranamer/paranamer/2.3/paranamer-2.3.jar:/home/runner/.m2/repository/org/apache/hadoop/hadoop-annotations/3.3.1/hadoop-annotations-3.3.1.jar:/usr/lib/jvm/temurin-8-jdk-amd64/jre/../lib/tools.jar:/home/runner/.m2/repository/org/apache/hadoop/hadoop-distcp/3.3.1/hadoop-distcp-3.3.1-tests.jar:/home/runner/.m2/repository/org/apache/ratis/ratis-common/2.3.0/ratis-common-2.3.0.jar:/home/runner/.m2/repository/org/apache/ratis/ratis-thirdparty-misc/1.0.0/ratis-thirdparty-misc-1.0.0.jar:/home/runner/.m2/repository/org/apache/ratis/ratis-proto/2.3.0/ratis-proto-2.3.0.jar:/home/runner/.m2/repository/org/apache/ozone/ozone-annotation-processing/1.3.0-SNAPSHOT/ozone-annotation-processing-1.3.0-SNAPSHOT.jar:"/>
    <property name="java.vm.vendor" value="Temurin"/>
    <property name="sun.arch.data.model" value="64"/>
    <property name="test.build.dir" value="/home/runner/work/ozone/ozone/hadoop-ozone/integration-test/target/test-dir"/>
    <property name="test.cache.data" value=""/>
    <property name="java.vendor.url" value="https://adoptium.net/"/>
    <property name="user.timezone" value="Etc/UTC"/>
    <property name="java.vm.specification.version" value="1.8"/>
    <property name="os.name" value="Linux"/>
    <property name="test.build.data" value="/home/runner/work/ozone/ozone/hadoop-ozone/integration-test/target/test-dir"/>
    <property name="sun.java.launcher" value="SUN_STANDARD"/>
    <property name="sun.boot.library.path" value="/usr/lib/jvm/temurin-8-jdk-amd64/jre/lib/amd64"/>
    <property name="sun.java.command" value="/home/runner/work/ozone/ozone/hadoop-ozone/integration-test/target/surefire/surefirebooter2805894042427665505.jar /home/runner/work/ozone/ozone/hadoop-ozone/integration-test/target/surefire 2022-06-27T16-41-50_008-jvmRun1 surefire7757966506642854397tmp surefire_82242629569019802167tmp"/>
    <property name="surefire.test.class.path" value="/home/runner/work/ozone/ozone/hadoop-ozone/integration-test/target/test-classes:/home/runner/work/ozone/ozone/hadoop-ozone/integration-test/target/classes:/home/runner/.m2/repository/org/apache/ozone/ozone-common/1.3.0-SNAPSHOT/ozone-common-1.3.0-SNAPSHOT.jar:/home/runner/.m2/repository/io/grpc/grpc-netty/1.44.0/grpc-netty-1.44.0.jar:/home/runner/.m2/repository/io/grpc/grpc-core/1.44.0/grpc-core-1.44.0.jar:/home/runner/.m2/repository/com/google/android/annotations/4.1.1.4/annotations-4.1.1.4.jar:/home/runner/.m2/repository/org/codehaus/mojo/animal-sniffer-annotations/1.19/animal-sniffer-annotations-1.19.jar:/home/runner/.m2/repository/com/google/errorprone/error_prone_annotations/2.2.0/error_prone_annotations-2.2.0.jar:/home/runner/.m2/repository/io/perfmark/perfmark-api/0.23.0/perfmark-api-0.23.0.jar:/home/runner/.m2/repository/io/netty/netty-codec-http2/4.1.74.Final/netty-codec-http2-4.1.74.Final.jar:/home/runner/.m2/repository/io/netty/netty-common/4.1.74.Final/netty-common-4.1.74.Final.jar:/home/runner/.m2/repository/io/netty/netty-buffer/4.1.74.Final/netty-buffer-4.1.74.Final.jar:/home/runner/.m2/repository/io/netty/netty-codec-http/4.1.74.Final/netty-codec-http-4.1.74.Final.jar:/home/runner/.m2/repository/io/netty/netty-handler-proxy/4.1.74.Final/netty-handler-proxy-4.1.74.Final.jar:/home/runner/.m2/repository/io/netty/netty-codec-socks/4.1.74.Final/netty-codec-socks-4.1.74.Final.jar:/home/runner/.m2/repository/io/netty/netty-tcnative-boringssl-static/2.0.48.Final/netty-tcnative-boringssl-static-2.0.48.Final.jar:/home/runner/.m2/repository/io/netty/netty-tcnative-classes/2.0.48.Final/netty-tcnative-classes-2.0.48.Final.jar:/home/runner/.m2/repository/io/netty/netty-tcnative/2.0.48.Final/netty-tcnative-2.0.48.Final.jar:/home/runner/.m2/repository/org/apache/commons/commons-compress/1.21/commons-compress-1.21.jar:/home/runner/.m2/repository/org/apache/ozone/hdds-common/1.3.0-SNAPSHOT/hdds-common-1.3.0-SNAPSHOT.jar:/home/runner/.m2/repository/org/apache/ozone/hdds-client/1.3.0-SNAPSHOT/hdds-client-1.3.0-SNAPSHOT.jar:/home/runner/.m2/repository/org/apache/ozone/ozone-interface-client/1.3.0-SNAPSHOT/ozone-interface-client-1.3.0-SNAPSHOT.jar:/home/runner/.m2/repository/org/apache/ozone/hdds-test-utils/1.3.0-SNAPSHOT/hdds-test-utils-1.3.0-SNAPSHOT.jar:/home/runner/.m2/repository/com/google/guava/guava/31.1-jre/guava-31.1-jre.jar:/home/runner/.m2/repository/com/google/guava/failureaccess/1.0.1/failureaccess-1.0.1.jar:/home/runner/.m2/repository/com/google/guava/listenablefuture/9999.0-empty-to-avoid-conflict-with-guava/listenablefuture-9999.0-empty-to-avoid-conflict-with-guava.jar:/home/runner/.m2/repository/com/google/code/findbugs/jsr305/3.0.0/jsr305-3.0.0.jar:/home/runner/.m2/repository/org/checkerframework/checker-qual/3.12.0/checker-qual-3.12.0.jar:/home/runner/.m2/repository/com/google/j2objc/j2objc-annotations/1.3/j2objc-annotations-1.3.jar:/home/runner/.m2/repository/commons-io/commons-io/2.11.0/commons-io-2.11.0.jar:/home/runner/.m2/repository/commons-logging/commons-logging/1.2/commons-logging-1.2.jar:/home/runner/.m2/repository/log4j/log4j/1.2.17/log4j-1.2.17.jar:/home/runner/.m2/repository/org/slf4j/slf4j-api/1.7.30/slf4j-api-1.7.30.jar:/home/runner/.m2/repository/org/apache/ozone/hdds-server-scm/1.3.0-SNAPSHOT/hdds-server-scm-1.3.0-SNAPSHOT.jar:/home/runner/.m2/repository/org/apache/ozone/hdds-container-service/1.3.0-SNAPSHOT/hdds-container-service-1.3.0-SNAPSHOT.jar:/home/runner/.m2/repository/org/apache/ozone/hdds-hadoop-dependency-server/1.3.0-SNAPSHOT/hdds-hadoop-dependency-server-1.3.0-SNAPSHOT.jar:/home/runner/.m2/repository/org/apache/hadoop/hadoop-hdfs/3.3.1/hadoop-hdfs-3.3.1.jar:/home/runner/.m2/repository/org/apache/ozone/hdds-server-framework/1.3.0-SNAPSHOT/hdds-server-framework-1.3.0-SNAPSHOT.jar:/home/runner/.m2/repository/org/apache/ozone/hdds-interface-server/1.3.0-SNAPSHOT/hdds-interface-server-1.3.0-SNAPSHOT.jar:/home/runner/.m2/repository/org/apache/logging/log4j/log4j-core/2.17.1/log4j-core-2.17.1.jar:/home/runner/.m2/repository/com/lmax/disruptor/3.4.2/disruptor-3.4.2.jar:/home/runner/.m2/repository/org/eclipse/jetty/jetty-servlet/9.4.43.v20210629/jetty-servlet-9.4.43.v20210629.jar:/home/runner/.m2/repository/org/eclipse/jetty/jetty-security/9.4.43.v20210629/jetty-security-9.4.43.v20210629.jar:/home/runner/.m2/repository/org/rocksdb/rocksdbjni/6.29.5/rocksdbjni-6.29.5.jar:/home/runner/.m2/repository/io/prometheus/simpleclient_dropwizard/0.7.0/simpleclient_dropwizard-0.7.0.jar:/home/runner/.m2/repository/io/prometheus/simpleclient/0.7.0/simpleclient-0.7.0.jar:/home/runner/.m2/repository/io/prometheus/simpleclient_common/0.7.0/simpleclient_common-0.7.0.jar:/home/runner/.m2/repository/io/dropwizard/metrics/metrics-core/3.2.4/metrics-core-3.2.4.jar:/home/runner/.m2/repository/org/apache/hadoop/hadoop-hdfs-client/3.3.1/hadoop-hdfs-client-3.3.1.jar:/home/runner/.m2/repository/org/bouncycastle/bcprov-jdk15on/1.67/bcprov-jdk15on-1.67.jar:/home/runner/.m2/repository/com/google/protobuf/protobuf-java/2.5.0/protobuf-java-2.5.0.jar:/home/runner/.m2/repository/org/apache/ozone/ozone-manager/1.3.0-SNAPSHOT/ozone-manager-1.3.0-SNAPSHOT.jar:/home/runner/.m2/repository/org/aspectj/aspectjrt/1.9.7/aspectjrt-1.9.7.jar:/home/runner/.m2/repository/org/aspectj/aspectjweaver/1.9.7/aspectjweaver-1.9.7.jar:/home/runner/.m2/repository/org/apache/ozone/hdds-interface-client/1.3.0-SNAPSHOT/hdds-interface-client-1.3.0-SNAPSHOT.jar:/home/runner/.m2/repository/org/apache/hadoop/thirdparty/hadoop-shaded-protobuf_3_7/1.1.1/hadoop-shaded-protobuf_3_7-1.1.1.jar:/home/runner/.m2/repository/org/apache/ozone/ozone-interface-storage/1.3.0-SNAPSHOT/ozone-interface-storage-1.3.0-SNAPSHOT.jar:/home/runner/.m2/repository/org/reflections/reflections/0.9.11/reflections-0.9.11.jar:/home/runner/.m2/repository/com/sun/jersey/jersey-client/1.19/jersey-client-1.19.jar:/home/runner/.m2/repository/org/apache/ranger/ranger-intg/3.0.0-SNAPSHOT/ranger-intg-3.0.0-SNAPSHOT.jar:/home/runner/.m2/repository/org/apache/ranger/ranger-plugins-common/3.0.0-SNAPSHOT/ranger-plugins-common-3.0.0-SNAPSHOT.jar:/home/runner/.m2/repository/commons-lang/commons-lang/2.6/commons-lang-2.6.jar:/home/runner/.m2/repository/org/codehaus/jackson/jackson-jaxrs/1.9.13/jackson-jaxrs-1.9.13.jar:/home/runner/.m2/repository/org/apache/ranger/ranger-plugins-cred/3.0.0-SNAPSHOT/ranger-plugins-cred-3.0.0-SNAPSHOT.jar:/home/runner/.m2/repository/org/apache/ranger/ranger-plugins-audit/3.0.0-SNAPSHOT/ranger-plugins-audit-3.0.0-SNAPSHOT.jar:/home/runner/.m2/repository/org/apache/kafka/kafka-clients/2.8.1/kafka-clients-2.8.1.jar:/home/runner/.m2/repository/com/github/luben/zstd-jni/1.4.9-1/zstd-jni-1.4.9-1.jar:/home/runner/.m2/repository/org/apache/solr/solr-solrj/8.6.3/solr-solrj-8.6.3.jar:/home/runner/.m2/repository/org/eclipse/jetty/jetty-client/9.4.44.v20210927/jetty-client-9.4.44.v20210927.jar:/home/runner/.m2/repository/org/apache/httpcomponents/httpmime/4.5.13/httpmime-4.5.13.jar:/home/runner/.m2/repository/org/apache/httpcomponents/httpcore-nio/4.4.14/httpcore-nio-4.4.14.jar:/home/runner/.m2/repository/org/apache/httpcomponents/httpasyncclient/4.1.4/httpasyncclient-4.1.4.jar:/home/runner/.m2/repository/com/carrotsearch/hppc/0.8.0/hppc-0.8.0.jar:/home/runner/.m2/repository/org/apache/hive/hive-storage-api/2.7.2/hive-storage-api-2.7.2.jar:/home/runner/.m2/repository/org/apache/orc/orc-core/1.5.8/orc-core-1.5.8.jar:/home/runner/.m2/repository/com/amazonaws/aws-java-sdk-bundle/1.12.125/aws-java-sdk-bundle-1.12.125.jar:/home/runner/.m2/repository/net/java/dev/jna/jna/5.2.0/jna-5.2.0.jar:/home/runner/.m2/repository/net/java/dev/jna/jna-platform/5.2.0/jna-platform-5.2.0.jar:/home/runner/.m2/repository/com/kstruct/gethostname4j/0.0.2/gethostname4j-0.0.2.jar:/home/runner/.m2/repository/org/apache/ranger/ranger-plugin-classloader/3.0.0-SNAPSHOT/ranger-plugin-classloader-3.0.0-SNAPSHOT.jar:/home/runner/.m2/repository/org/apache/hadoop/hadoop-minikdc/3.3.1/hadoop-minikdc-3.3.1.jar:/home/runner/.m2/repository/org/apache/kerby/kerb-simplekdc/1.0.1/kerb-simplekdc-1.0.1.jar:/home/runner/.m2/repository/org/apache/kerby/kerb-client/1.0.1/kerb-client-1.0.1.jar:/home/runner/.m2/repository/org/apache/kerby/kerby-config/1.0.1/kerby-config-1.0.1.jar:/home/runner/.m2/repository/org/apache/kerby/kerb-common/1.0.1/kerb-common-1.0.1.jar:/home/runner/.m2/repository/org/apache/kerby/kerb-crypto/1.0.1/kerb-crypto-1.0.1.jar:/home/runner/.m2/repository/org/apache/kerby/kerb-util/1.0.1/kerb-util-1.0.1.jar:/home/runner/.m2/repository/org/apache/kerby/token-provider/1.0.1/token-provider-1.0.1.jar:/home/runner/.m2/repository/org/apache/kerby/kerb-admin/1.0.1/kerb-admin-1.0.1.jar:/home/runner/.m2/repository/org/apache/kerby/kerb-server/1.0.1/kerb-server-1.0.1.jar:/home/runner/.m2/repository/org/apache/kerby/kerb-identity/1.0.1/kerb-identity-1.0.1.jar:/home/runner/.m2/repository/org/apache/kerby/kerby-xdr/1.0.1/kerby-xdr-1.0.1.jar:/home/runner/.m2/repository/org/slf4j/slf4j-log4j12/1.7.30/slf4j-log4j12-1.7.30.jar:/home/runner/.m2/repository/org/apache/ozone/ozone-s3gateway/1.3.0-SNAPSHOT/ozone-s3gateway-1.3.0-SNAPSHOT.jar:/home/runner/.m2/repository/org/javassist/javassist/3.21.0-GA/javassist-3.21.0-GA.jar:/home/runner/.m2/repository/org/jboss/weld/servlet/weld-servlet/2.4.7.Final/weld-servlet-2.4.7.Final.jar:/home/runner/.m2/repository/org/glassfish/jersey/containers/jersey-container-servlet-core/2.33/jersey-container-servlet-core-2.33.jar:/home/runner/.m2/repository/org/glassfish/hk2/external/jakarta.inject/2.6.1/jakarta.inject-2.6.1.jar:/home/runner/.m2/repository/org/glassfish/jersey/core/jersey-common/2.33/jersey-common-2.33.jar:/home/runner/.m2/repository/jakarta/ws/rs/jakarta.ws.rs-api/2.1.6/jakarta.ws.rs-api-2.1.6.jar:/home/runner/.m2/repository/org/glassfish/jersey/ext/cdi/jersey-cdi1x/2.33/jersey-cdi1x-2.33.jar:/home/runner/.m2/repository/org/glassfish/jersey/inject/jersey-hk2/2.33/jersey-hk2-2.33.jar:/home/runner/.m2/repository/org/glassfish/hk2/hk2-locator/2.6.1/hk2-locator-2.6.1.jar:/home/runner/.m2/repository/org/glassfish/jersey/media/jersey-media-jaxb/2.33/jersey-media-jaxb-2.33.jar:/home/runner/.m2/repository/org/glassfish/hk2/osgi-resource-locator/1.0.3/osgi-resource-locator-1.0.3.jar:/home/runner/.m2/repository/org/glassfish/hk2/hk2-api/2.5.0/hk2-api-2.5.0.jar:/home/runner/.m2/repository/org/glassfish/hk2/hk2-utils/2.5.0/hk2-utils-2.5.0.jar:/home/runner/.m2/repository/org/glassfish/hk2/external/aopalliance-repackaged/2.5.0/aopalliance-repackaged-2.5.0.jar:/home/runner/.m2/repository/com/fasterxml/jackson/dataformat/jackson-dataformat-xml/2.13.2/jackson-dataformat-xml-2.13.2.jar:/home/runner/.m2/repository/com/fasterxml/jackson/core/jackson-core/2.13.2/jackson-core-2.13.2.jar:/home/runner/.m2/repository/org/codehaus/woodstox/stax2-api/3.1.4/stax2-api-3.1.4.jar:/home/runner/.m2/repository/com/fasterxml/woodstox/woodstox-core/5.0.3/woodstox-core-5.0.3.jar:/home/runner/.m2/repository/com/fasterxml/jackson/module/jackson-module-jaxb-annotations/2.13.2/jackson-module-jaxb-annotations-2.13.2.jar:/home/runner/.m2/repository/jakarta/xml/bind/jakarta.xml.bind-api/2.3.3/jakarta.xml.bind-api-2.3.3.jar:/home/runner/.m2/repository/jakarta/activation/jakarta.activation-api/1.2.1/jakarta.activation-api-1.2.1.jar:/home/runner/.m2/repository/javax/enterprise/cdi-api/1.2/cdi-api-1.2.jar:/home/runner/.m2/repository/javax/el/javax.el-api/3.0.0/javax.el-api-3.0.0.jar:/home/runner/.m2/repository/javax/interceptor/javax.interceptor-api/1.2/javax.interceptor-api-1.2.jar:/home/runner/.m2/repository/javax/inject/javax.inject/1/javax.inject-1.jar:/home/runner/.m2/repository/javax/xml/bind/jaxb-api/2.3.0/jaxb-api-2.3.0.jar:/home/runner/.m2/repository/org/glassfish/jaxb/jaxb-runtime/2.3.0.1/jaxb-runtime-2.3.0.1.jar:/home/runner/.m2/repository/org/glassfish/jaxb/jaxb-core/2.3.0.1/jaxb-core-2.3.0.1.jar:/home/runner/.m2/repository/org/glassfish/jaxb/txw2/2.3.0.1/txw2-2.3.0.1.jar:/home/runner/.m2/repository/com/sun/istack/istack-commons-runtime/3.0.5/istack-commons-runtime-3.0.5.jar:/home/runner/.m2/repository/org/jvnet/staxex/stax-ex/1.7.8/stax-ex-1.7.8.jar:/home/runner/.m2/repository/com/sun/xml/fastinfoset/FastInfoset/1.2.13/FastInfoset-1.2.13.jar:/home/runner/.m2/repository/javax/activation/activation/1.1.1/activation-1.1.1.jar:/home/runner/.m2/repository/io/grpc/grpc-protobuf/1.44.0/grpc-protobuf-1.44.0.jar:/home/runner/.m2/repository/io/grpc/grpc-api/1.44.0/grpc-api-1.44.0.jar:/home/runner/.m2/repository/io/grpc/grpc-context/1.44.0/grpc-context-1.44.0.jar:/home/runner/.m2/repository/com/google/api/grpc/proto-google-common-protos/2.0.1/proto-google-common-protos-2.0.1.jar:/home/runner/.m2/repository/io/grpc/grpc-protobuf-lite/1.44.0/grpc-protobuf-lite-1.44.0.jar:/home/runner/.m2/repository/io/grpc/grpc-stub/1.44.0/grpc-stub-1.44.0.jar:/home/runner/.m2/repository/io/netty/netty-transport/4.1.74.Final/netty-transport-4.1.74.Final.jar:/home/runner/.m2/repository/io/netty/netty-resolver/4.1.74.Final/netty-resolver-4.1.74.Final.jar:/home/runner/.m2/repository/org/apache/ozone/ozone-csi/1.3.0-SNAPSHOT/ozone-csi-1.3.0-SNAPSHOT.jar:/home/runner/.m2/repository/com/google/protobuf/protobuf-java-util/3.19.2/protobuf-java-util-3.19.2.jar:/home/runner/.m2/repository/com/google/code/gson/gson/2.8.9/gson-2.8.9.jar:/home/runner/.m2/repository/org/apache/ozone/hdds-config/1.3.0-SNAPSHOT/hdds-config-1.3.0-SNAPSHOT.jar:/home/runner/.m2/repository/io/netty/netty-transport-native-epoll/4.1.74.Final/netty-transport-native-epoll-4.1.74.Final-linux-x86_64.jar:/home/runner/.m2/repository/io/netty/netty-transport-classes-epoll/4.1.74.Final/netty-transport-classes-epoll-4.1.74.Final.jar:/home/runner/.m2/repository/io/netty/netty-transport-native-unix-common/4.1.74.Final/netty-transport-native-unix-common-4.1.74.Final.jar:/home/runner/.m2/repository/org/apache/ozone/ozone-recon/1.3.0-SNAPSHOT/ozone-recon-1.3.0-SNAPSHOT.jar:/home/runner/.m2/repository/org/apache/ozone/ozone-reconcodegen/1.3.0-SNAPSHOT/ozone-reconcodegen-1.3.0-SNAPSHOT.jar:/home/runner/.m2/repository/com/google/inject/extensions/guice-multibindings/4.0/guice-multibindings-4.0.jar:/home/runner/.m2/repository/com/google/inject/guice/4.0/guice-4.0.jar:/home/runner/.m2/repository/aopalliance/aopalliance/1.0/aopalliance-1.0.jar:/home/runner/.m2/repository/com/google/inject/extensions/guice-assistedinject/4.0/guice-assistedinject-4.0.jar:/home/runner/.m2/repository/com/google/inject/extensions/guice-servlet/4.0/guice-servlet-4.0.jar:/home/runner/.m2/repository/org/glassfish/jersey/containers/jersey-container-servlet/2.33/jersey-container-servlet-2.33.jar:/home/runner/.m2/repository/org/glassfish/hk2/guice-bridge/2.5.0/guice-bridge-2.5.0.jar:/home/runner/.m2/repository/org/glassfish/jersey/core/jersey-server/2.33/jersey-server-2.33.jar:/home/runner/.m2/repository/org/glassfish/jersey/core/jersey-client/2.33/jersey-client-2.33.jar:/home/runner/.m2/repository/jakarta/annotation/jakarta.annotation-api/1.3.5/jakarta.annotation-api-1.3.5.jar:/home/runner/.m2/repository/jakarta/validation/jakarta.validation-api/2.0.2/jakarta.validation-api-2.0.2.jar:/home/runner/.m2/repository/org/glassfish/jersey/media/jersey-media-json-jackson/2.33/jersey-media-json-jackson-2.33.jar:/home/runner/.m2/repository/org/glassfish/jersey/ext/jersey-entity-filtering/2.33/jersey-entity-filtering-2.33.jar:/home/runner/.m2/repository/org/jooq/jooq/3.11.10/jooq-3.11.10.jar:/home/runner/.m2/repository/org/jooq/jooq-meta/3.11.10/jooq-meta-3.11.10.jar:/home/runner/.m2/repository/org/jooq/jooq-codegen/3.11.10/jooq-codegen-3.11.10.jar:/home/runner/.m2/repository/com/jolbox/bonecp/0.8.0.RELEASE/bonecp-0.8.0.RELEASE.jar:/home/runner/.m2/repository/org/apache/derby/derby/10.14.2.0/derby-10.14.2.0.jar:/home/runner/.m2/repository/org/xerial/sqlite-jdbc/3.25.2/sqlite-jdbc-3.25.2.jar:/home/runner/.m2/repository/org/springframework/spring-jdbc/5.2.20.RELEASE/spring-jdbc-5.2.20.RELEASE.jar:/home/runner/.m2/repository/org/springframework/spring-beans/5.2.20.RELEASE/spring-beans-5.2.20.RELEASE.jar:/home/runner/.m2/repository/org/springframework/spring-core/5.2.20.RELEASE/spring-core-5.2.20.RELEASE.jar:/home/runner/.m2/repository/org/springframework/spring-jcl/5.2.20.RELEASE/spring-jcl-5.2.20.RELEASE.jar:/home/runner/.m2/repository/org/springframework/spring-tx/5.2.20.RELEASE/spring-tx-5.2.20.RELEASE.jar:/home/runner/.m2/repository/org/apache/ozone/ozone-client/1.3.0-SNAPSHOT/ozone-client-1.3.0-SNAPSHOT.jar:/home/runner/.m2/repository/org/apache/ozone/hdds-erasurecode/1.3.0-SNAPSHOT/hdds-erasurecode-1.3.0-SNAPSHOT.jar:/home/runner/.m2/repository/com/github/spotbugs/spotbugs-annotations/3.1.12/spotbugs-annotations-3.1.12.jar:/home/runner/.m2/repository/org/apache/ozone/ozone-filesystem/1.3.0-SNAPSHOT/ozone-filesystem-1.3.0-SNAPSHOT.jar:/home/runner/.m2/repository/org/apache/ozone/ozone-filesystem-common/1.3.0-SNAPSHOT/ozone-filesystem-common-1.3.0-SNAPSHOT.jar:/home/runner/.m2/repository/org/apache/ozone/ozone-tools/1.3.0-SNAPSHOT/ozone-tools-1.3.0-SNAPSHOT.jar:/home/runner/.m2/repository/org/apache/ratis/ratis-tools/2.3.0/ratis-tools-2.3.0.jar:/home/runner/.m2/repository/com/amazonaws/aws-java-sdk-core/1.12.124/aws-java-sdk-core-1.12.124.jar:/home/runner/.m2/repository/org/apache/httpcomponents/httpclient/4.5.13/httpclient-4.5.13.jar:/home/runner/.m2/repository/org/apache/httpcomponents/httpcore/4.4.13/httpcore-4.4.13.jar:/home/runner/.m2/repository/software/amazon/ion/ion-java/1.0.2/ion-java-1.0.2.jar:/home/runner/.m2/repository/com/fasterxml/jackson/dataformat/jackson-dataformat-cbor/2.13.2/jackson-dataformat-cbor-2.13.2.jar:/home/runner/.m2/repository/joda-time/joda-time/2.8.1/joda-time-2.8.1.jar:/home/runner/.m2/repository/com/amazonaws/aws-java-sdk-s3/1.12.124/aws-java-sdk-s3-1.12.124.jar:/home/runner/.m2/repository/com/amazonaws/aws-java-sdk-kms/1.12.124/aws-java-sdk-kms-1.12.124.jar:/home/runner/.m2/repository/com/amazonaws/jmespath-java/1.12.124/jmespath-java-1.12.124.jar:/home/runner/.m2/repository/org/kohsuke/metainf-services/metainf-services/1.8/metainf-services-1.8.jar:/home/runner/.m2/repository/org/apache/ozone/hdds-tools/1.3.0-SNAPSHOT/hdds-tools-1.3.0-SNAPSHOT.jar:/home/runner/.m2/repository/commons-cli/commons-cli/1.2/commons-cli-1.2.jar:/home/runner/.m2/repository/org/apache/commons/commons-lang3/3.7/commons-lang3-3.7.jar:/home/runner/.m2/repository/org/apache/ozone/ozone-manager/1.3.0-SNAPSHOT/ozone-manager-1.3.0-SNAPSHOT-tests.jar:/home/runner/.m2/repository/org/apache/ozone/hdds-common/1.3.0-SNAPSHOT/hdds-common-1.3.0-SNAPSHOT-tests.jar:/home/runner/.m2/repository/org/apache/ozone/hdds-hadoop-dependency-client/1.3.0-SNAPSHOT/hdds-hadoop-dependency-client-1.3.0-SNAPSHOT.jar:/home/runner/.m2/repository/info/picocli/picocli/4.6.1/picocli-4.6.1.jar:/home/runner/.m2/repository/com/fasterxml/jackson/core/jackson-annotations/2.13.2/jackson-annotations-2.13.2.jar:/home/runner/.m2/repository/com/fasterxml/jackson/datatype/jackson-datatype-jsr310/2.13.2/jackson-datatype-jsr310-2.13.2.jar:/home/runner/.m2/repository/javax/annotation/javax.annotation-api/1.2/javax.annotation-api-1.2.jar:/home/runner/.m2/repository/org/apache/ratis/ratis-server/2.3.0/ratis-server-2.3.0.jar:/home/runner/.m2/repository/org/apache/ratis/ratis-client/2.3.0/ratis-client-2.3.0.jar:/home/runner/.m2/repository/org/apache/ratis/ratis-server-api/2.3.0/ratis-server-api-2.3.0.jar:/home/runner/.m2/repository/org/apache/ratis/ratis-metrics/2.3.0/ratis-metrics-2.3.0.jar:/home/runner/.m2/repository/org/apache/ratis/ratis-netty/2.3.0/ratis-netty-2.3.0.jar:/home/runner/.m2/repository/org/apache/ratis/ratis-grpc/2.3.0/ratis-grpc-2.3.0.jar:/home/runner/.m2/repository/org/apache/logging/log4j/log4j-api/2.17.1/log4j-api-2.17.1.jar:/home/runner/.m2/repository/org/apache/commons/commons-pool2/2.6.0/commons-pool2-2.6.0.jar:/home/runner/.m2/repository/org/bouncycastle/bcpkix-jdk15on/1.67/bcpkix-jdk15on-1.67.jar:/home/runner/.m2/repository/commons-validator/commons-validator/1.6/commons-validator-1.6.jar:/home/runner/.m2/repository/commons-beanutils/commons-beanutils/1.9.4/commons-beanutils-1.9.4.jar:/home/runner/.m2/repository/commons-digester/commons-digester/1.8.1/commons-digester-1.8.1.jar:/home/runner/.m2/repository/commons-collections/commons-collections/3.2.2/commons-collections-3.2.2.jar:/home/runner/.m2/repository/io/jaegertracing/jaeger-client/1.6.0/jaeger-client-1.6.0.jar:/home/runner/.m2/repository/io/jaegertracing/jaeger-thrift/1.6.0/jaeger-thrift-1.6.0.jar:/home/runner/.m2/repository/org/apache/thrift/libthrift/0.14.1/libthrift-0.14.1.jar:/home/runner/.m2/repository/com/squareup/okhttp3/okhttp/4.9.0/okhttp-4.9.0.jar:/home/runner/.m2/repository/com/squareup/okio/okio/2.8.0/okio-2.8.0.jar:/home/runner/.m2/repository/io/jaegertracing/jaeger-core/1.6.0/jaeger-core-1.6.0.jar:/home/runner/.m2/repository/io/jaegertracing/jaeger-tracerresolver/1.6.0/jaeger-tracerresolver-1.6.0.jar:/home/runner/.m2/repository/io/opentracing/contrib/opentracing-tracerresolver/0.1.8/opentracing-tracerresolver-0.1.8.jar:/home/runner/.m2/repository/org/jetbrains/kotlin/kotlin-stdlib/1.6.21/kotlin-stdlib-1.6.21.jar:/home/runner/.m2/repository/org/jetbrains/kotlin/kotlin-stdlib-common/1.6.21/kotlin-stdlib-common-1.6.21.jar:/home/runner/.m2/repository/org/jetbrains/annotations/13.0/annotations-13.0.jar:/home/runner/.m2/repository/io/opentracing/opentracing-util/0.33.0/opentracing-util-0.33.0.jar:/home/runner/.m2/repository/io/opentracing/opentracing-api/0.33.0/opentracing-api-0.33.0.jar:/home/runner/.m2/repository/io/opentracing/opentracing-noop/0.33.0/opentracing-noop-0.33.0.jar:/home/runner/.m2/repository/org/yaml/snakeyaml/1.26/snakeyaml-1.26.jar:/home/runner/.m2/repository/org/apache/ozone/hdds-interface-admin/1.3.0-SNAPSHOT/hdds-interface-admin-1.3.0-SNAPSHOT.jar:/home/runner/.m2/repository/junit/junit/4.13.1/junit-4.13.1.jar:/home/runner/.m2/repository/org/hamcrest/hamcrest-core/1.3/hamcrest-core-1.3.jar:/home/runner/.m2/repository/org/junit/jupiter/junit-jupiter-api/5.8.2/junit-jupiter-api-5.8.2.jar:/home/runner/.m2/repository/org/opentest4j/opentest4j/1.2.0/opentest4j-1.2.0.jar:/home/runner/.m2/repository/org/junit/platform/junit-platform-commons/1.8.2/junit-platform-commons-1.8.2.jar:/home/runner/.m2/repository/org/apiguardian/apiguardian-api/1.1.2/apiguardian-api-1.1.2.jar:/home/runner/.m2/repository/org/junit/jupiter/junit-jupiter-params/5.8.2/junit-jupiter-params-5.8.2.jar:/home/runner/.m2/repository/org/junit/jupiter/junit-jupiter-migrationsupport/5.8.2/junit-jupiter-migrationsupport-5.8.2.jar:/home/runner/.m2/repository/org/junit/jupiter/junit-jupiter-engine/5.8.2/junit-jupiter-engine-5.8.2.jar:/home/runner/.m2/repository/org/junit/platform/junit-platform-engine/1.8.2/junit-platform-engine-1.8.2.jar:/home/runner/.m2/repository/org/junit/vintage/junit-vintage-engine/5.8.2/junit-vintage-engine-5.8.2.jar:/home/runner/.m2/repository/org/junit/platform/junit-platform-launcher/1.8.2/junit-platform-launcher-1.8.2.jar:/home/runner/.m2/repository/org/mockito/mockito-core/2.28.2/mockito-core-2.28.2.jar:/home/runner/.m2/repository/net/bytebuddy/byte-buddy/1.9.10/byte-buddy-1.9.10.jar:/home/runner/.m2/repository/net/bytebuddy/byte-buddy-agent/1.9.10/byte-buddy-agent-1.9.10.jar:/home/runner/.m2/repository/org/objenesis/objenesis/1.0/objenesis-1.0.jar:/home/runner/.m2/repository/org/apache/hadoop/hadoop-kms/3.3.1/hadoop-kms-3.3.1.jar:/home/runner/.m2/repository/org/apache/hadoop/hadoop-auth/3.3.1/hadoop-auth-3.3.1.jar:/home/runner/.m2/repository/com/nimbusds/nimbus-jose-jwt/7.9/nimbus-jose-jwt-7.9.jar:/home/runner/.m2/repository/com/github/stephenc/jcip/jcip-annotations/1.0-1/jcip-annotations-1.0-1.jar:/home/runner/.m2/repository/net/minidev/json-smart/2.4.7/json-smart-2.4.7.jar:/home/runner/.m2/repository/net/minidev/accessors-smart/2.4.7/accessors-smart-2.4.7.jar:/home/runner/.m2/repository/org/ow2/asm/asm/5.0.4/asm-5.0.4.jar:/home/runner/.m2/repository/org/apache/zookeeper/zookeeper/3.5.6/zookeeper-3.5.6.jar:/home/runner/.m2/repository/org/apache/zookeeper/zookeeper-jute/3.5.6/zookeeper-jute-3.5.6.jar:/home/runner/.m2/repository/org/apache/yetus/audience-annotations/0.5.0/audience-annotations-0.5.0.jar:/home/runner/.m2/repository/org/apache/curator/curator-framework/4.2.0/curator-framework-4.2.0.jar:/home/runner/.m2/repository/org/apache/hadoop/thirdparty/hadoop-shaded-guava/1.1.1/hadoop-shaded-guava-1.1.1.jar:/home/runner/.m2/repository/com/sun/jersey/jersey-core/1.19/jersey-core-1.19.jar:/home/runner/.m2/repository/javax/ws/rs/jsr311-api/1.1.1/jsr311-api-1.1.1.jar:/home/runner/.m2/repository/com/sun/jersey/jersey-server/1.19/jersey-server-1.19.jar:/home/runner/.m2/repository/javax/servlet/javax.servlet-api/3.1.0/javax.servlet-api-3.1.0.jar:/home/runner/.m2/repository/org/eclipse/jetty/jetty-server/9.4.43.v20210629/jetty-server-9.4.43.v20210629.jar:/home/runner/.m2/repository/org/eclipse/jetty/jetty-http/9.4.43.v20210629/jetty-http-9.4.43.v20210629.jar:/home/runner/.m2/repository/org/eclipse/jetty/jetty-io/9.4.43.v20210629/jetty-io-9.4.43.v20210629.jar:/home/runner/.m2/repository/org/eclipse/jetty/jetty-webapp/9.4.43.v20210629/jetty-webapp-9.4.43.v20210629.jar:/home/runner/.m2/repository/org/eclipse/jetty/jetty-xml/9.4.43.v20210629/jetty-xml-9.4.43.v20210629.jar:/home/runner/.m2/repository/org/apache/hadoop/hadoop-common/3.3.1/hadoop-common-3.3.1.jar:/home/runner/.m2/repository/org/apache/commons/commons-math3/3.1.1/commons-math3-3.1.1.jar:/home/runner/.m2/repository/commons-net/commons-net/3.6/commons-net-3.6.jar:/home/runner/.m2/repository/com/sun/jersey/jersey-servlet/1.19/jersey-servlet-1.19.jar:/home/runner/.m2/repository/com/sun/jersey/jersey-json/1.19/jersey-json-1.19.jar:/home/runner/.m2/repository/org/codehaus/jettison/jettison/1.1/jettison-1.1.jar:/home/runner/.m2/repository/com/sun/xml/bind/jaxb-impl/2.2.3-1/jaxb-impl-2.2.3-1.jar:/home/runner/.m2/repository/org/codehaus/jackson/jackson-xc/1.9.2/jackson-xc-1.9.2.jar:/home/runner/.m2/repository/org/apache/commons/commons-configuration2/2.1.1/commons-configuration2-2.1.1.jar:/home/runner/.m2/repository/org/apache/commons/commons-text/1.4/commons-text-1.4.jar:/home/runner/.m2/repository/com/google/re2j/re2j/1.1/re2j-1.1.jar:/home/runner/.m2/repository/com/jcraft/jsch/0.1.54/jsch-0.1.54.jar:/home/runner/.m2/repository/org/apache/curator/curator-client/4.2.0/curator-client-4.2.0.jar:/home/runner/.m2/repository/org/apache/curator/curator-recipes/4.2.0/curator-recipes-4.2.0.jar:/home/runner/.m2/repository/org/apache/kerby/kerb-core/1.0.1/kerb-core-1.0.1.jar:/home/runner/.m2/repository/org/apache/kerby/kerby-pkix/1.0.1/kerby-pkix-1.0.1.jar:/home/runner/.m2/repository/org/apache/kerby/kerby-asn1/1.0.1/kerby-asn1-1.0.1.jar:/home/runner/.m2/repository/org/apache/kerby/kerby-util/1.0.1/kerby-util-1.0.1.jar:/home/runner/.m2/repository/dnsjava/dnsjava/2.1.7/dnsjava-2.1.7.jar:/home/runner/.m2/repository/org/xerial/snappy/snappy-java/1.1.8.2/snappy-java-1.1.8.2.jar:/home/runner/.m2/repository/org/slf4j/jul-to-slf4j/1.7.30/jul-to-slf4j-1.7.30.jar:/home/runner/.m2/repository/org/eclipse/jetty/jetty-util/9.4.43.v20210629/jetty-util-9.4.43.v20210629.jar:/home/runner/.m2/repository/com/fasterxml/jackson/core/jackson-databind/2.13.2.2/jackson-databind-2.13.2.2.jar:/home/runner/.m2/repository/org/apache/hadoop/hadoop-kms/3.3.1/hadoop-kms-3.3.1-tests.jar:/home/runner/.m2/repository/org/apache/ozone/hdds-server-scm/1.3.0-SNAPSHOT/hdds-server-scm-1.3.0-SNAPSHOT-tests.jar:/home/runner/.m2/repository/org/apache/ozone/hdds-container-service/1.3.0-SNAPSHOT/hdds-container-service-1.3.0-SNAPSHOT-tests.jar:/home/runner/.m2/repository/commons-codec/commons-codec/1.11/commons-codec-1.11.jar:/home/runner/.m2/repository/io/netty/netty-codec/4.1.74.Final/netty-codec-4.1.74.Final.jar:/home/runner/.m2/repository/io/netty/netty-handler/4.1.74.Final/netty-handler-4.1.74.Final.jar:/home/runner/.m2/repository/org/apache/ozone/hdds-hadoop-dependency-test/1.3.0-SNAPSHOT/hdds-hadoop-dependency-test-1.3.0-SNAPSHOT.jar:/home/runner/.m2/repository/org/apache/hadoop/hadoop-common/3.3.1/hadoop-common-3.3.1-tests.jar:/home/runner/.m2/repository/org/assertj/assertj-core/3.12.2/assertj-core-3.12.2.jar:/home/runner/.m2/repository/org/apache/hadoop/hadoop-hdfs/3.3.1/hadoop-hdfs-3.3.1-tests.jar:/home/runner/.m2/repository/org/eclipse/jetty/jetty-util-ajax/9.4.43.v20210629/jetty-util-ajax-9.4.43.v20210629.jar:/home/runner/.m2/repository/commons-daemon/commons-daemon/1.0.13/commons-daemon-1.0.13.jar:/home/runner/.m2/repository/io/netty/netty/3.10.6.Final/netty-3.10.6.Final.jar:/home/runner/.m2/repository/io/netty/netty-all/4.1.74.Final/netty-all-4.1.74.Final.jar:/home/runner/.m2/repository/io/netty/netty-codec-dns/4.1.74.Final/netty-codec-dns-4.1.74.Final.jar:/home/runner/.m2/repository/io/netty/netty-codec-haproxy/4.1.74.Final/netty-codec-haproxy-4.1.74.Final.jar:/home/runner/.m2/repository/io/netty/netty-codec-memcache/4.1.74.Final/netty-codec-memcache-4.1.74.Final.jar:/home/runner/.m2/repository/io/netty/netty-codec-mqtt/4.1.74.Final/netty-codec-mqtt-4.1.74.Final.jar:/home/runner/.m2/repository/io/netty/netty-codec-redis/4.1.74.Final/netty-codec-redis-4.1.74.Final.jar:/home/runner/.m2/repository/io/netty/netty-codec-smtp/4.1.74.Final/netty-codec-smtp-4.1.74.Final.jar:/home/runner/.m2/repository/io/netty/netty-codec-stomp/4.1.74.Final/netty-codec-stomp-4.1.74.Final.jar:/home/runner/.m2/repository/io/netty/netty-codec-xml/4.1.74.Final/netty-codec-xml-4.1.74.Final.jar:/home/runner/.m2/repository/io/netty/netty-resolver-dns/4.1.74.Final/netty-resolver-dns-4.1.74.Final.jar:/home/runner/.m2/repository/io/netty/netty-transport-rxtx/4.1.74.Final/netty-transport-rxtx-4.1.74.Final.jar:/home/runner/.m2/repository/io/netty/netty-transport-sctp/4.1.74.Final/netty-transport-sctp-4.1.74.Final.jar:/home/runner/.m2/repository/io/netty/netty-transport-udt/4.1.74.Final/netty-transport-udt-4.1.74.Final.jar:/home/runner/.m2/repository/io/netty/netty-transport-classes-kqueue/4.1.74.Final/netty-transport-classes-kqueue-4.1.74.Final.jar:/home/runner/.m2/repository/io/netty/netty-resolver-dns-classes-macos/4.1.74.Final/netty-resolver-dns-classes-macos-4.1.74.Final.jar:/home/runner/.m2/repository/io/netty/netty-transport-native-epoll/4.1.74.Final/netty-transport-native-epoll-4.1.74.Final-linux-aarch_64.jar:/home/runner/.m2/repository/io/netty/netty-transport-native-kqueue/4.1.74.Final/netty-transport-native-kqueue-4.1.74.Final-osx-x86_64.jar:/home/runner/.m2/repository/io/netty/netty-transport-native-kqueue/4.1.74.Final/netty-transport-native-kqueue-4.1.74.Final-osx-aarch_64.jar:/home/runner/.m2/repository/io/netty/netty-resolver-dns-native-macos/4.1.74.Final/netty-resolver-dns-native-macos-4.1.74.Final-osx-x86_64.jar:/home/runner/.m2/repository/io/netty/netty-resolver-dns-native-macos/4.1.74.Final/netty-resolver-dns-native-macos-4.1.74.Final-osx-aarch_64.jar:/home/runner/.m2/repository/org/apache/htrace/htrace-core4/4.1.0-incubating/htrace-core4-4.1.0-incubating.jar:/home/runner/.m2/repository/org/fusesource/leveldbjni/leveldbjni-all/1.8/leveldbjni-all-1.8.jar:/home/runner/.m2/repository/org/apache/hadoop/hadoop-distcp/3.3.1/hadoop-distcp-3.3.1.jar:/home/runner/.m2/repository/org/apache/hadoop/hadoop-mapreduce-client-jobclient/3.3.1/hadoop-mapreduce-client-jobclient-3.3.1.jar:/home/runner/.m2/repository/org/apache/hadoop/hadoop-mapreduce-client-common/3.3.1/hadoop-mapreduce-client-common-3.3.1.jar:/home/runner/.m2/repository/org/apache/hadoop/hadoop-yarn-common/3.3.1/hadoop-yarn-common-3.3.1.jar:/home/runner/.m2/repository/org/apache/hadoop/hadoop-yarn-api/3.3.1/hadoop-yarn-api-3.3.1.jar:/home/runner/.m2/repository/com/sun/jersey/contribs/jersey-guice/1.19/jersey-guice-1.19.jar:/home/runner/.m2/repository/com/fasterxml/jackson/jaxrs/jackson-jaxrs-json-provider/2.13.2/jackson-jaxrs-json-provider-2.13.2.jar:/home/runner/.m2/repository/com/fasterxml/jackson/jaxrs/jackson-jaxrs-base/2.13.2/jackson-jaxrs-base-2.13.2.jar:/home/runner/.m2/repository/org/apache/hadoop/hadoop-yarn-client/3.3.1/hadoop-yarn-client-3.3.1.jar:/home/runner/.m2/repository/org/eclipse/jetty/websocket/websocket-client/9.4.40.v20210413/websocket-client-9.4.40.v20210413.jar:/home/runner/.m2/repository/org/eclipse/jetty/websocket/websocket-common/9.4.40.v20210413/websocket-common-9.4.40.v20210413.jar:/home/runner/.m2/repository/org/eclipse/jetty/websocket/websocket-api/9.4.40.v20210413/websocket-api-9.4.40.v20210413.jar:/home/runner/.m2/repository/org/jline/jline/3.9.0/jline-3.9.0.jar:/home/runner/.m2/repository/org/apache/hadoop/hadoop-mapreduce-client-core/3.3.1/hadoop-mapreduce-client-core-3.3.1.jar:/home/runner/.m2/repository/org/apache/avro/avro/1.7.7/avro-1.7.7.jar:/home/runner/.m2/repository/org/codehaus/jackson/jackson-core-asl/1.9.13/jackson-core-asl-1.9.13.jar:/home/runner/.m2/repository/org/codehaus/jackson/jackson-mapper-asl/1.9.13/jackson-mapper-asl-1.9.13.jar:/home/runner/.m2/repository/com/thoughtworks/paranamer/paranamer/2.3/paranamer-2.3.jar:/home/runner/.m2/repository/org/apache/hadoop/hadoop-annotations/3.3.1/hadoop-annotations-3.3.1.jar:/usr/lib/jvm/temurin-8-jdk-amd64/jre/../lib/tools.jar:/home/runner/.m2/repository/org/apache/hadoop/hadoop-distcp/3.3.1/hadoop-distcp-3.3.1-tests.jar:/home/runner/.m2/repository/org/apache/ratis/ratis-common/2.3.0/ratis-common-2.3.0.jar:/home/runner/.m2/repository/org/apache/ratis/ratis-thirdparty-misc/1.0.0/ratis-thirdparty-misc-1.0.0.jar:/home/runner/.m2/repository/org/apache/ratis/ratis-proto/2.3.0/ratis-proto-2.3.0.jar:/home/runner/.m2/repository/org/apache/ozone/ozone-annotation-processing/1.3.0-SNAPSHOT/ozone-annotation-processing-1.3.0-SNAPSHOT.jar:"/>
    <property name="sun.cpu.endian" value="little"/>
    <property name="user.home" value="/home/runner"/>
    <property name="user.language" value="en"/>
    <property name="java.specification.vendor" value="Oracle Corporation"/>
    <property name="java.home" value="/usr/lib/jvm/temurin-8-jdk-amd64/jre"/>
    <property name="java.security.krb5.conf" value="/home/runner/work/ozone/ozone/hadoop-ozone/integration-test/target/test-classes/krb5.conf"/>
    <property name="basedir" value="/home/runner/work/ozone/ozone/hadoop-ozone/integration-test"/>
    <property name="file.separator" value="/"/>
    <property name="line.separator" value="&#10;"/>
    <property name="java.vm.specification.vendor" value="Oracle Corporation"/>
    <property name="java.specification.name" value="Java Platform API Specification"/>
    <property name="java.awt.graphicsenv" value="sun.awt.X11GraphicsEnvironment"/>
    <property name="skip.installnpx" value="true"/>
    <property name="surefire.real.class.path" value="/home/runner/work/ozone/ozone/hadoop-ozone/integration-test/target/surefire/surefirebooter2805894042427665505.jar:/home/runner/.m2/repository/org/jacoco/org.jacoco.agent/0.8.5/org.jacoco.agent-0.8.5-runtime.jar"/>
    <property name="hadoop.log.dir" value="/home/runner/work/ozone/ozone/hadoop-ozone/integration-test/target/log"/>
    <property name="sun.boot.class.path" value="/usr/lib/jvm/temurin-8-jdk-amd64/jre/lib/resources.jar:/usr/lib/jvm/temurin-8-jdk-amd64/jre/lib/rt.jar:/usr/lib/jvm/temurin-8-jdk-amd64/jre/lib/sunrsasign.jar:/usr/lib/jvm/temurin-8-jdk-amd64/jre/lib/jsse.jar:/usr/lib/jvm/temurin-8-jdk-amd64/jre/lib/jce.jar:/usr/lib/jvm/temurin-8-jdk-amd64/jre/lib/charsets.jar:/usr/lib/jvm/temurin-8-jdk-amd64/jre/lib/jfr.jar:/usr/lib/jvm/temurin-8-jdk-amd64/jre/classes"/>
    <property name="sun.management.compiler" value="HotSpot 64-Bit Tiered Compilers"/>
    <property name="skip.npx" value="true"/>
    <property name="java.runtime.version" value="1.8.0_332-b09"/>
    <property name="java.net.preferIPv4Stack" value="true"/>
    <property name="user.name" value="runner"/>
    <property name="path.separator" value=":"/>
    <property name="java.security.egd" value="file:///dev/urandom"/>
    <property name="os.version" value="5.4.0-1085-azure"/>
    <property name="java.endorsed.dirs" value="/usr/lib/jvm/temurin-8-jdk-amd64/jre/lib/endorsed"/>
    <property name="java.runtime.name" value="OpenJDK Runtime Environment"/>
    <property name="file.encoding" value="UTF-8"/>
    <property name="java.vm.name" value="OpenJDK 64-Bit Server VM"/>
    <property name="test.build.webapps" value=""/>
    <property name="localRepository" value="/home/runner/.m2/repository"/>
    <property name="jetty.git.hash" value="526006ecfa3af7f1a27ef3a288e2bef7ea9dd7e8"/>
    <property name="java.vendor.url.bug" value="https://github.com/adoptium/adoptium-support/issues"/>
    <property name="java.io.tmpdir" value="/tmp"/>
    <property name="require.test.libhadoop" value=""/>
    <property name="java.version" value="1.8.0_332"/>
    <property name="user.dir" value="/home/runner/work/ozone/ozone/hadoop-ozone/integration-test"/>
    <property name="os.arch" value="amd64"/>
    <property name="java.vm.specification.name" value="Java Virtual Machine Specification"/>
    <property name="test.build.classes" value="/home/runner/work/ozone/ozone/hadoop-ozone/integration-test/target/test-classes"/>
    <property name="java.awt.printerjob" value="sun.print.PSPrinterJob"/>
    <property name="sun.os.patch.level" value="unknown"/>
    <property name="hadoop.tmp.dir" value="/home/runner/work/ozone/ozone/hadoop-ozone/integration-test/target/tmp"/>
    <property name="java.library.path" value="/usr/java/packages/lib/amd64:/usr/lib64:/lib64:/lib:/usr/lib"/>
    <property name="java.vm.info" value="mixed mode"/>
    <property name="java.vendor" value="Temurin"/>
    <property name="java.vm.version" value="25.332-b09"/>
    <property name="java.ext.dirs" value="/usr/lib/jvm/temurin-8-jdk-amd64/jre/lib/ext:/usr/java/packages/lib/ext"/>
    <property name="sun.io.unicode.encoding" value="UnicodeLittle"/>
    <property name="java.class.version" value="52.0"/>
  </properties>
  <testcase name="testRenameFile" classname="TestRootedOzoneFileSystem" time="0.465">
    <system-out><![CDATA[2022-06-27 16:54:04,631 [main] WARN  server.ServerUtils (ServerUtils.java:getScmDbDir(148)) - ozone.scm.db.dirs is not configured. We recommend adding this setting. Falling back to ozone.metadata.dirs instead.
2022-06-27 16:54:04,700 [main] WARN  server.ServerUtils (ServerUtils.java:getScmDbDir(148)) - ozone.scm.db.dirs is not configured. We recommend adding this setting. Falling back to ozone.metadata.dirs instead.
2022-06-27 16:54:04,703 [main] INFO  ha.SCMHANodeDetails (SCMHANodeDetails.java:loadSCMHAConfig(209)) - ServiceID for StorageContainerManager is null
2022-06-27 16:54:04,711 [main] WARN  ha.SCMHANodeDetails (SCMHANodeDetails.java:validateSCMHAConfig(182)) - Invalid config ozone.scm.ratis.enable. The config was not specified, but the default value true conflicts with the expected config value false. Falling back to the expected value. Current State of SCM: SCM is running in Non-HA without Ratis Ratis SCM -> Non Ratis SCM or Non HA SCM -> HA SCM is not supported
2022-06-27 16:54:04,712 [main] INFO  ha.SCMHANodeDetails (SCMHANodeDetails.java:loadSCMHAConfig(214)) - ozone.scm.default.service.id is not defined, falling back to ozone.scm.service.ids to find serviceID for StorageContainerManager if it is HA enabled cluster
2022-06-27 16:54:05,094 [main] WARN  utils.HAUtils (HAUtils.java:getMetaDir(342)) - ozone.scm.db.dirs is not configured. We recommend adding this setting. Falling back to ozone.metadata.dirs instead.
2022-06-27 16:54:05,278 [main] WARN  db.DBStoreBuilder (DBStoreBuilder.java:applyDBDefinition(145)) - ozone.scm.db.dirs is not configured. We recommend adding this setting. Falling back to ozone.metadata.dirs instead.
2022-06-27 16:54:05,475 [main] INFO  net.NodeSchemaLoader (NodeSchemaLoader.java:loadSchemaFromFile(129)) - Loading schema from [jar:file:/home/runner/.m2/repository/org/apache/ozone/hdds-common/1.3.0-SNAPSHOT/hdds-common-1.3.0-SNAPSHOT.jar!/network-topology-default.xml]
2022-06-27 16:54:05,477 [main] INFO  net.NodeSchemaLoader (NodeSchemaLoader.java:loadSchema(176)) - Loading network topology layer schema file
2022-06-27 16:54:05,525 [main] INFO  metrics.MetricRegistries (MetricRegistriesLoader.java:load(64)) - Loaded MetricRegistries class org.apache.ratis.metrics.impl.MetricRegistriesImpl
2022-06-27 16:54:05,531 [main] INFO  upgrade.AbstractLayoutVersionManager (AbstractLayoutVersionManager.java:init(82)) - Initializing Layout version manager with metadata layout = DATANODE_SCHEMA_V3 (version = 4), software layout = DATANODE_SCHEMA_V3 (version = 4)
2022-06-27 16:54:05,767 [main] INFO  reflections.Reflections (Reflections.java:scan(232)) - Reflections took 147 ms to scan 7 urls, producing 131 keys and 316 values 
2022-06-27 16:54:05,871 [main] INFO  ha.SequenceIdGenerator (SequenceIdGenerator.java:upgradeToSequenceId(347)) - upgrade localId to 109611004723200000
2022-06-27 16:54:05,871 [main] INFO  ha.SequenceIdGenerator (SequenceIdGenerator.java:upgradeToSequenceId(357)) - upgrade delTxnId to 0
2022-06-27 16:54:05,880 [main] INFO  ha.SequenceIdGenerator (SequenceIdGenerator.java:upgradeToSequenceId(374)) - upgrade containerId to 0
2022-06-27 16:54:05,883 [main] INFO  ha.SequenceIdGenerator (SequenceIdGenerator.java:<init>(218)) - Init the HA SequenceIdGenerator.
2022-06-27 16:54:05,923 [main] WARN  server.ServerUtils (ServerUtils.java:sanitizeUserArgs(73)) - ozone.scm.stale.node.interval value = 300000 is larger than max = 100000 based on the key value of ozone.scm.heartbeat.thread.interval, reset to the max value 100000.
2022-06-27 16:54:05,924 [main] WARN  server.ServerUtils (ServerUtils.java:sanitizeUserArgs(73)) - ozone.scm.stale.node.interval value = 300000 is larger than max = 100000 based on the key value of ozone.scm.heartbeat.thread.interval, reset to the max value 100000.
2022-06-27 16:54:05,931 [main] INFO  node.SCMNodeManager (SCMNodeManager.java:<init>(149)) - Entering startup safe mode.
2022-06-27 16:54:05,945 [main] INFO  algorithms.ContainerPlacementPolicyFactory (ContainerPlacementPolicyFactory.java:getPolicyInternal(86)) - Create container placement policy of type org.apache.hadoop.hdds.scm.container.placement.algorithms.SCMContainerPlacementRandom
2022-06-27 16:54:05,956 [main] INFO  pipeline.PipelineStateManagerImpl (PipelineStateManagerImpl.java:initialize(78)) - No pipeline exists in current db
2022-06-27 16:54:05,993 [main] INFO  algorithms.LeaderChoosePolicyFactory (LeaderChoosePolicyFactory.java:getPolicy(57)) - Create leader choose policy of type org.apache.hadoop.hdds.scm.pipeline.leader.choose.algorithms.MinLeaderCountChoosePolicy
2022-06-27 16:54:05,994 [main] INFO  algorithms.ContainerPlacementPolicyFactory (ContainerPlacementPolicyFactory.java:getPolicyInternal(86)) - Create container placement policy of type org.apache.hadoop.hdds.scm.container.placement.algorithms.SCMContainerPlacementRackScatter
2022-06-27 16:54:06,001 [main] INFO  pipeline.BackgroundPipelineCreator (BackgroundPipelineCreator.java:start(127)) - Starting RatisPipelineUtilsThread.
2022-06-27 16:54:06,005 [main] INFO  BackgroundPipelineScrubber (BackgroundSCMService.java:start(68)) - Starting BackgroundPipelineScrubber Service.
2022-06-27 16:54:06,006 [main] INFO  ha.SCMServiceManager (SCMServiceManager.java:register(42)) - Registering service BackgroundPipelineCreator.
2022-06-27 16:54:06,007 [main] INFO  ha.SCMServiceManager (SCMServiceManager.java:register(42)) - Registering service BackgroundPipelineScrubber.
2022-06-27 16:54:06,015 [main] INFO  ExpiredContainerReplicaOpScrubber (BackgroundSCMService.java:start(68)) - Starting ExpiredContainerReplicaOpScrubber Service.
2022-06-27 16:54:06,015 [main] INFO  ha.SCMServiceManager (SCMServiceManager.java:register(42)) - Registering service ExpiredContainerReplicaOpScrubber.
2022-06-27 16:54:06,062 [main] INFO  algorithms.PipelineChoosePolicyFactory (PipelineChoosePolicyFactory.java:createPipelineChoosePolicyFromClass(73)) - Create pipeline choose policy of type org.apache.hadoop.hdds.scm.pipeline.choose.algorithms.RandomPipelineChoosePolicy
2022-06-27 16:54:06,083 [main] INFO  ha.SCMServiceManager (SCMServiceManager.java:register(42)) - Registering service SCMBlockDeletingService.
2022-06-27 16:54:06,120 [main] INFO  replication.ReplicationManager (ReplicationManager.java:start(175)) - Starting Replication Monitor Thread.
2022-06-27 16:54:06,132 [main] INFO  ha.SCMServiceManager (SCMServiceManager.java:register(42)) - Registering service ReplicationManager.
2022-06-27 16:54:06,146 [main] INFO  safemode.ContainerSafeModeRule (ContainerSafeModeRule.java:<init>(89)) - containers with one replica threshold count 0
2022-06-27 16:54:06,151 [main] INFO  safemode.HealthyPipelineSafeModeRule (HealthyPipelineSafeModeRule.java:initializeRule(156)) - Total pipeline count is 0, healthy pipeline threshold count is 1
2022-06-27 16:54:06,153 [ReplicationMonitor] INFO  replication.ReplicationManager (ReplicationManager.java:processAll(224)) - Replication Manager is not ready to run until 3000ms after safemode exit
2022-06-27 16:54:06,153 [main] INFO  safemode.OneReplicaPipelineSafeModeRule (OneReplicaPipelineSafeModeRule.java:initializeRule(180)) - Total pipeline count is 0, pipeline's with at least one datanode reported threshold count is 0
2022-06-27 16:54:06,412 [main] INFO  audit.AuditLogger (AuditLogger.java:refreshDebugCmdSet(120)) - Refresh DebugCmdSet for SCMAudit to [].
2022-06-27 16:54:06,440 [main] INFO  ipc.CallQueueManager (CallQueueManager.java:<init>(90)) - Using callQueue: class java.util.concurrent.LinkedBlockingQueue, queueCapacity: 2000, scheduler: class org.apache.hadoop.ipc.DefaultRpcScheduler, ipcBackoff: false.
2022-06-27 16:54:06,474 [Socket Reader #1 for port 0] INFO  ipc.Server (Server.java:run(1265)) - Starting Socket Reader #1 for port 0
2022-06-27 16:54:06,525 [Listener at 0.0.0.0/34337] INFO  audit.AuditLogger (AuditLogger.java:refreshDebugCmdSet(120)) - Refresh DebugCmdSet for SCMAudit to [].
2022-06-27 16:54:06,530 [Listener at 0.0.0.0/34337] INFO  ipc.CallQueueManager (CallQueueManager.java:<init>(90)) - Using callQueue: class java.util.concurrent.LinkedBlockingQueue, queueCapacity: 2000, scheduler: class org.apache.hadoop.ipc.DefaultRpcScheduler, ipcBackoff: false.
2022-06-27 16:54:06,531 [Socket Reader #1 for port 0] INFO  ipc.Server (Server.java:run(1265)) - Starting Socket Reader #1 for port 0
2022-06-27 16:54:06,562 [Listener at 0.0.0.0/34301] INFO  audit.AuditLogger (AuditLogger.java:refreshDebugCmdSet(120)) - Refresh DebugCmdSet for SCMAudit to [].
2022-06-27 16:54:06,573 [Listener at 0.0.0.0/34301] INFO  ipc.CallQueueManager (CallQueueManager.java:<init>(90)) - Using callQueue: class java.util.concurrent.LinkedBlockingQueue, queueCapacity: 2000, scheduler: class org.apache.hadoop.ipc.DefaultRpcScheduler, ipcBackoff: false.
2022-06-27 16:54:06,574 [Socket Reader #1 for port 0] INFO  ipc.Server (Server.java:run(1265)) - Starting Socket Reader #1 for port 0
2022-06-27 16:54:06,643 [Listener at 0.0.0.0/36495] INFO  ha.SCMServiceManager (SCMServiceManager.java:register(42)) - Registering service ContainerBalancer.
2022-06-27 16:54:06,646 [Listener at 0.0.0.0/36495] INFO  server.StorageContainerManager (StorageContainerManager.java:<init>(401)) - 
Container Balancer status:
Key                            Value
Running                        false
Container Balancer Configuration values:
Key                                                Value
Threshold                                          10
Max Datanodes to Involve per Iteration(percent)    20
Max Size to Move per Iteration                     500GB
Max Size Entering Target per Iteration             26GB
Max Size Leaving Source per Iteration              26GB

2022-06-27 16:54:06,647 [Listener at 0.0.0.0/36495] WARN  events.EventQueue (EventQueue.java:fireEvent(216)) - No event handler registered for event TypedEvent{payloadType=SafeModeStatus, name='Safe mode status'}
2022-06-27 16:54:06,648 [Listener at 0.0.0.0/36495] INFO  ha.SCMContext (SCMContext.java:updateSafeModeStatus(228)) - Update SafeModeStatus from SafeModeStatus{safeModeStatus=true, preCheckPassed=false} to SafeModeStatus{safeModeStatus=true, preCheckPassed=false}.
2022-06-27 16:54:06,650 [Listener at 0.0.0.0/36495] INFO  server.StorageContainerManager (StorageContainerManager.java:start(1422)) - StorageContainerLocationProtocol RPC server is listening at /0.0.0.0:36495
2022-06-27 16:54:06,725 [Listener at 0.0.0.0/36495] WARN  impl.MetricsConfig (MetricsConfig.java:loadFirst(136)) - Cannot locate configuration: tried hadoop-metrics2-storagecontainermanager.properties,hadoop-metrics2.properties
2022-06-27 16:54:06,738 [Listener at 0.0.0.0/36495] INFO  impl.MetricsSystemImpl (MetricsSystemImpl.java:startTimer(378)) - Scheduled Metric snapshot period at 10 second(s).
2022-06-27 16:54:06,738 [Listener at 0.0.0.0/36495] INFO  impl.MetricsSystemImpl (MetricsSystemImpl.java:start(191)) - StorageContainerManager metrics system started
2022-06-27 16:54:07,046 [Listener at 0.0.0.0/36495] INFO  server.SCMClientProtocolServer (SCMClientProtocolServer.java:start(169)) - RPC server for Client  is listening at /0.0.0.0:36495
2022-06-27 16:54:07,046 [IPC Server Responder] INFO  ipc.Server (Server.java:run(1507)) - IPC Server Responder: starting
2022-06-27 16:54:07,047 [IPC Server listener on 0] INFO  ipc.Server (Server.java:run(1344)) - IPC Server listener on 0: starting
2022-06-27 16:54:07,051 [Listener at 0.0.0.0/36495] INFO  server.StorageContainerManager (StorageContainerManager.java:start(1437)) - ScmBlockLocationProtocol RPC server is listening at /0.0.0.0:34301
2022-06-27 16:54:07,052 [Listener at 0.0.0.0/36495] INFO  server.SCMBlockProtocolServer (SCMBlockProtocolServer.java:start(151)) - RPC server for Block Protocol is listening at /0.0.0.0:34301
2022-06-27 16:54:07,052 [IPC Server Responder] INFO  ipc.Server (Server.java:run(1507)) - IPC Server Responder: starting
2022-06-27 16:54:07,052 [IPC Server listener on 0] INFO  ipc.Server (Server.java:run(1344)) - IPC Server listener on 0: starting
2022-06-27 16:54:07,054 [Listener at 0.0.0.0/36495] INFO  server.SCMDatanodeProtocolServer (SCMDatanodeProtocolServer.java:start(185)) - ScmDatanodeProtocol RPC server for DataNodes is listening at /0.0.0.0:34337
2022-06-27 16:54:07,054 [IPC Server Responder] INFO  ipc.Server (Server.java:run(1507)) - IPC Server Responder: starting
2022-06-27 16:54:07,054 [IPC Server listener on 0] INFO  ipc.Server (Server.java:run(1344)) - IPC Server listener on 0: starting
2022-06-27 16:54:07,062 [org.apache.hadoop.util.JvmPauseMonitor$Monitor@3d605657] INFO  util.JvmPauseMonitor (JvmPauseMonitor.java:run(188)) - Starting JVM pause monitor
2022-06-27 16:54:07,085 [Listener at 0.0.0.0/36495] INFO  http.BaseHttpServer (BaseHttpServer.java:newHttpServer2BuilderForOzone(209)) - Starting Web-server for scm at: http://0.0.0.0:0
2022-06-27 16:54:07,085 [Listener at 0.0.0.0/36495] INFO  http.BaseHttpServer (BaseHttpServer.java:<init>(107)) - Hadoop Security Enabled: false Ozone Security Enabled: false Ozone HTTP Security Enabled: false 
2022-06-27 16:54:07,108 [Listener at 0.0.0.0/36495] INFO  util.log (Log.java:initialized(170)) - Logging initialized @4002ms to org.eclipse.jetty.util.log.Slf4jLog
2022-06-27 16:54:07,210 [Listener at 0.0.0.0/36495] INFO  server.AuthenticationFilter (AuthenticationFilter.java:constructSecretProvider(240)) - Unable to initialize FileSignerSecretProvider, falling back to use random secrets.
2022-06-27 16:54:07,216 [Listener at 0.0.0.0/36495] WARN  http.HttpRequestLog (HttpRequestLog.java:getRequestLog(103)) - Jetty request log can only be enabled using Log4j
2022-06-27 16:54:07,223 [Listener at 0.0.0.0/36495] INFO  http.HttpServer2 (HttpServer2.java:addGlobalFilter(1029)) - Added global filter 'safety' (class=org.apache.hadoop.hdds.server.http.HttpServer2$QuotingInputFilter)
2022-06-27 16:54:07,225 [Listener at 0.0.0.0/36495] INFO  http.HttpServer2 (HttpServer2.java:addFilter(1005)) - Added filter static_user_filter (class=org.apache.hadoop.http.lib.StaticUserWebFilter$StaticUserFilter) to context scm
2022-06-27 16:54:07,226 [Listener at 0.0.0.0/36495] INFO  http.HttpServer2 (HttpServer2.java:addFilter(1013)) - Added filter static_user_filter (class=org.apache.hadoop.http.lib.StaticUserWebFilter$StaticUserFilter) to context static
2022-06-27 16:54:07,226 [Listener at 0.0.0.0/36495] INFO  http.HttpServer2 (HttpServer2.java:addFilter(1013)) - Added filter static_user_filter (class=org.apache.hadoop.http.lib.StaticUserWebFilter$StaticUserFilter) to context logs
2022-06-27 16:54:07,265 [Listener at 0.0.0.0/36495] INFO  http.HttpServer2 (HttpServer2.java:bindListener(1248)) - Jetty bound to port 42013
2022-06-27 16:54:07,267 [Listener at 0.0.0.0/36495] INFO  server.Server (Server.java:doStart(375)) - jetty-9.4.43.v20210629; built: 2021-06-30T11:07:22.254Z; git: 526006ecfa3af7f1a27ef3a288e2bef7ea9dd7e8; jvm 1.8.0_332-b09
2022-06-27 16:54:07,297 [Listener at 0.0.0.0/36495] INFO  server.session (DefaultSessionIdManager.java:doStart(334)) - DefaultSessionIdManager workerName=node0
2022-06-27 16:54:07,297 [Listener at 0.0.0.0/36495] INFO  server.session (DefaultSessionIdManager.java:doStart(339)) - No SessionScavenger set, using defaults
2022-06-27 16:54:07,299 [Listener at 0.0.0.0/36495] INFO  server.session (HouseKeeper.java:startScavenging(132)) - node0 Scavenging every 660000ms
2022-06-27 16:54:07,309 [Listener at 0.0.0.0/36495] INFO  handler.ContextHandler (ContextHandler.java:doStart(915)) - Started o.e.j.s.ServletContextHandler@734a2c17{logs,/logs,file:///home/runner/work/ozone/ozone/hadoop-ozone/integration-test/target/log,AVAILABLE}
2022-06-27 16:54:07,311 [Listener at 0.0.0.0/36495] INFO  handler.ContextHandler (ContextHandler.java:doStart(915)) - Started o.e.j.s.ServletContextHandler@34604b32{static,/static,file:///home/runner/work/ozone/ozone/hadoop-ozone/integration-test/target/test-classes/webapps/static,AVAILABLE}
2022-06-27 16:54:07,357 [Listener at 0.0.0.0/36495] INFO  handler.ContextHandler (ContextHandler.java:doStart(915)) - Started o.e.j.w.WebAppContext@76ebd595{scm,/,file:///home/runner/work/ozone/ozone/hadoop-ozone/integration-test/target/test-classes/webapps/scm/,AVAILABLE}{file:/home/runner/work/ozone/ozone/hadoop-ozone/integration-test/target/test-classes/webapps/scm}
2022-06-27 16:54:07,375 [Listener at 0.0.0.0/36495] INFO  server.AbstractConnector (AbstractConnector.java:doStart(331)) - Started ServerConnector@e581302{HTTP/1.1, (http/1.1)}{0.0.0.0:42013}
2022-06-27 16:54:07,375 [Listener at 0.0.0.0/36495] INFO  server.Server (Server.java:doStart(415)) - Started @4269ms
2022-06-27 16:54:07,381 [Listener at 0.0.0.0/36495] INFO  impl.MetricsSinkAdapter (MetricsSinkAdapter.java:start(204)) - Sink prometheus started
2022-06-27 16:54:07,381 [Listener at 0.0.0.0/36495] INFO  impl.MetricsSystemImpl (MetricsSystemImpl.java:registerSink(305)) - Registered sink prometheus
2022-06-27 16:54:07,384 [Listener at 0.0.0.0/36495] INFO  http.BaseHttpServer (BaseHttpServer.java:updateConnectorAddress(329)) - HTTP server of scm listening at http://0.0.0.0:42013
2022-06-27 16:54:07,386 [Listener at 0.0.0.0/36495] WARN  server.ServerUtils (ServerUtils.java:getDBPath(225)) - ozone.om.db.dirs is not configured. We recommend adding this setting. Falling back to ozone.metadata.dirs instead.
2022-06-27 16:54:07,435 [Listener at 0.0.0.0/36495] INFO  audit.AuditLogger (AuditLogger.java:refreshDebugCmdSet(120)) - Refresh DebugCmdSet for OMAudit to [].
2022-06-27 16:54:07,503 [Listener at 0.0.0.0/36495] INFO  ha.OMHANodeDetails (OMHANodeDetails.java:loadOMHAConfig(115)) - ozone.om.internal.service.id is not defined, falling back to ozone.om.service.ids to find serviceID for OzoneManager if it is HA enabled cluster
2022-06-27 16:54:07,510 [Listener at 0.0.0.0/36495] INFO  ha.OMHANodeDetails (OMHANodeDetails.java:loadOMHAConfig(226)) - Configuration does not have ozone.om.address set. Falling back to the default OM address /127.0.0.1:0
2022-06-27 16:54:07,510 [Listener at 0.0.0.0/36495] INFO  ha.OMHANodeDetails (OMHANodeDetails.java:getOMNodeDetailsForNonHA(254)) - OM Service ID is not set. Setting it to the default ID: omServiceIdDefault
2022-06-27 16:54:07,510 [Listener at 0.0.0.0/36495] INFO  ha.OMHANodeDetails (OMHANodeDetails.java:getOMNodeDetailsForNonHA(261)) - OM Node ID is not set. Setting it to the default ID: om1
2022-06-27 16:54:07,514 [Listener at 0.0.0.0/36495] WARN  server.ServerUtils (ServerUtils.java:getDBPath(225)) - ozone.om.db.dirs is not configured. We recommend adding this setting. Falling back to ozone.metadata.dirs instead.
2022-06-27 16:54:07,516 [Listener at 0.0.0.0/36495] INFO  upgrade.AbstractLayoutVersionManager (AbstractLayoutVersionManager.java:init(82)) - Initializing Layout version manager with metadata layout = MULTITENANCY_SCHEMA (version = 3), software layout = MULTITENANCY_SCHEMA (version = 3)
2022-06-27 16:54:07,594 [Listener at 0.0.0.0/36495] INFO  reflections.Reflections (Reflections.java:scan(232)) - Reflections took 75 ms to scan 2 urls, producing 152 keys and 429 values [using 2 cores]
2022-06-27 16:54:07,603 [Listener at 0.0.0.0/36495] INFO  upgrade.OMLayoutVersionManager (OMLayoutVersionManager.java:lambda$0(115)) - Skipping Upgrade Action MockOmUpgradeAction since it has been finalized.
2022-06-27 16:54:07,604 [Listener at 0.0.0.0/36495] WARN  server.ServerUtils (ServerUtils.java:getDBPath(225)) - ozone.om.db.dirs is not configured. We recommend adding this setting. Falling back to ozone.metadata.dirs instead.
2022-06-27 16:54:07,750 [Listener at 0.0.0.0/36495] INFO  proxy.SCMBlockLocationFailoverProxyProvider (SCMBlockLocationFailoverProxyProvider.java:<init>(114)) - Created block location fail-over proxy with 1 nodes: [nodeId=scmNodeId,nodeAddress=/0.0.0.0:34301]
2022-06-27 16:54:07,772 [Listener at 0.0.0.0/36495] INFO  proxy.SCMBlockLocationFailoverProxyProvider (SCMBlockLocationFailoverProxyProvider.java:<init>(114)) - Created block location fail-over proxy with 1 nodes: [nodeId=scmNodeId,nodeAddress=/0.0.0.0:34301]
2022-06-27 16:54:07,985 [Listener at 0.0.0.0/36495] WARN  server.ServerUtils (ServerUtils.java:getDBPath(225)) - ozone.om.db.dirs is not configured. We recommend adding this setting. Falling back to ozone.metadata.dirs instead.
2022-06-27 16:54:07,991 [Listener at 0.0.0.0/36495] INFO  codec.OmKeyInfoCodec (OmKeyInfoCodec.java:<init>(49)) - OmKeyInfoCodec ignorePipeline = true
2022-06-27 16:54:07,992 [Listener at 0.0.0.0/36495] INFO  codec.RepeatedOmKeyInfoCodec (RepeatedOmKeyInfoCodec.java:<init>(41)) - RepeatedOmKeyInfoCodec ignorePipeline = true
2022-06-27 16:54:08,145 [Listener at 0.0.0.0/36495] INFO  om.OzoneManager (OzoneManager.java:instantiateServices(692)) - S3 Multi-Tenancy is disabled
2022-06-27 16:54:08,247 [Listener at 0.0.0.0/36495] INFO  om.OzoneManager (OzoneManager.java:addS3GVolumeToDB(4259)) - Created Volume s3v With Owner runner required for S3Gateway operations.
2022-06-27 16:54:08,296 [Listener at 0.0.0.0/36495] WARN  server.ServerUtils (ServerUtils.java:getDefaultRatisDirectory(237)) - Storage directory for Ratis is not configured. It is a good idea to map this to an SSD disk. Falling back to ozone.metadata.dirs
2022-06-27 16:54:08,299 [Listener at 0.0.0.0/36495] WARN  utils.OzoneManagerRatisUtils (OzoneManagerRatisUtils.java:getOMRatisSnapshotDirectory(431)) - ozone.om.ratis.snapshot.dir is not configured. Falling back to ozone.metadata.dirs config
2022-06-27 16:54:08,319 [Listener at 0.0.0.0/36495] WARN  server.ServerUtils (ServerUtils.java:getDefaultRatisDirectory(237)) - Storage directory for Ratis is not configured. It is a good idea to map this to an SSD disk. Falling back to ozone.metadata.dirs
2022-06-27 16:54:08,347 [Listener at 0.0.0.0/36495] INFO  ratis.OzoneManagerRatisServer (OzoneManagerRatisServer.java:<init>(159)) - Instantiating OM Ratis server with groupID: omServiceIdDefault and peers: localhost:9872
2022-06-27 16:54:08,355 [Listener at 0.0.0.0/36495] INFO  ratis.OzoneManagerStateMachine (OzoneManagerStateMachine.java:loadSnapshotInfoFromDB(632)) - LastAppliedIndex is set from TransactionInfo from OM DB as (t:0, i:~)
2022-06-27 16:54:08,402 [Listener at 0.0.0.0/36495] INFO  server.RaftServer (ConfUtils.java:logGet(46)) - raft.rpc.type = GRPC (default)
2022-06-27 16:54:08,485 [Listener at 0.0.0.0/36495] INFO  grpc.GrpcFactory (GrpcFactory.java:checkPooledByteBufAllocatorUseCacheForAllThreads(48)) - PERFORMANCE WARNING: useCacheForAllThreads is true that may cause Netty to create a lot garbage objects and, as a result, trigger GC.
	It is recommended to disable useCacheForAllThreads by setting -Dorg.apache.ratis.thirdparty.io.netty.allocator.useCacheForAllThreads=false in command line.
2022-06-27 16:54:08,488 [Listener at 0.0.0.0/36495] INFO  grpc.GrpcConfigKeys (ConfUtils.java:logGet(46)) - raft.grpc.admin.port = -1 (default)
2022-06-27 16:54:08,489 [Listener at 0.0.0.0/36495] INFO  grpc.GrpcConfigKeys (ConfUtils.java:logGet(46)) - raft.grpc.server.port = 9872 (custom)
2022-06-27 16:54:08,490 [Listener at 0.0.0.0/36495] INFO  grpc.GrpcConfigKeys (ConfUtils.java:logGet(46)) - raft.grpc.client.port = -1 (default)
2022-06-27 16:54:08,490 [Listener at 0.0.0.0/36495] INFO  grpc.GrpcConfigKeys (ConfUtils.java:logGet(46)) - raft.grpc.server.port = 9872 (custom)
2022-06-27 16:54:08,490 [Listener at 0.0.0.0/36495] INFO  grpc.GrpcConfigKeys (ConfUtils.java:logGet(46)) - raft.grpc.server.port = 9872 (custom)
2022-06-27 16:54:08,491 [Listener at 0.0.0.0/36495] INFO  server.GrpcService (ConfUtils.java:logGet(46)) - raft.grpc.message.size.max = 33554432 (custom)
2022-06-27 16:54:08,492 [Listener at 0.0.0.0/36495] INFO  server.RaftServerConfigKeys (ConfUtils.java:logGet(46)) - raft.server.log.appender.buffer.byte-limit = 33554432 (custom)
2022-06-27 16:54:08,492 [Listener at 0.0.0.0/36495] INFO  server.GrpcService (ConfUtils.java:logGet(46)) - raft.grpc.flow.control.window = 1MB (=1048576) (default)
2022-06-27 16:54:08,493 [Listener at 0.0.0.0/36495] INFO  server.RaftServerConfigKeys (ConfUtils.java:logGet(46)) - raft.server.rpc.request.timeout = 3000ms (default)
2022-06-27 16:54:08,510 [Listener at 0.0.0.0/36495] INFO  grpc.GrpcConfigKeys (ConfUtils.java:logGet(46)) - raft.grpc.server.async.request.thread.pool.cached = true (default)
2022-06-27 16:54:08,510 [Listener at 0.0.0.0/36495] INFO  grpc.GrpcConfigKeys (ConfUtils.java:logGet(46)) - raft.grpc.server.async.request.thread.pool.size = 32 (default)
2022-06-27 16:54:08,819 [Listener at 0.0.0.0/36495] INFO  impl.DataStreamServerImpl (ConfUtils.java:logGet(46)) - raft.datastream.type = DISABLED (default)
2022-06-27 16:54:08,821 [Listener at 0.0.0.0/36495] INFO  server.RaftServerConfigKeys (ConfUtils.java:logGet(46)) - raft.server.threadpool.proxy.cached = true (default)
2022-06-27 16:54:08,822 [Listener at 0.0.0.0/36495] INFO  server.RaftServerConfigKeys (ConfUtils.java:logGet(46)) - raft.server.threadpool.proxy.size = 0 (default)
2022-06-27 16:54:08,823 [Listener at 0.0.0.0/36495] INFO  server.RaftServerConfigKeys (ConfUtils.java:logGet(46)) - raft.server.rpc.slowness.timeout = 120s (custom)
2022-06-27 16:54:08,823 [Listener at 0.0.0.0/36495] INFO  server.RaftServerConfigKeys (ConfUtils.java:logGet(46)) - raft.server.leaderelection.leader.step-down.wait-time = 10s (default)
2022-06-27 16:54:08,827 [Listener at 0.0.0.0/36495] INFO  server.RaftServerConfigKeys (ConfUtils.java:logGet(46)) - raft.server.storage.dir = [/home/runner/work/ozone/ozone/hadoop-ozone/integration-test/target/test-dir/MiniOzoneClusterImpl-4b25a9da-6f8d-4450-a121-db50b250e675/ozone-meta/ratis] (custom)
2022-06-27 16:54:08,834 [Listener at 0.0.0.0/36495] INFO  server.RaftServer (RaftServerProxy.java:addNew(96)) - om1: addNew group-C5BA1605619E:[om1|rpc:localhost:9872|priority:0] returns group-C5BA1605619E:java.util.concurrent.CompletableFuture@5406ce9f[Not completed]
2022-06-27 16:54:08,834 [Listener at 0.0.0.0/36495] INFO  om.OzoneManager (OzoneManager.java:initializeRatisServer(1961)) - OzoneManager Ratis server initialized at port 9872
2022-06-27 16:54:08,840 [Listener at 0.0.0.0/36495] INFO  om.OzoneManager (OzoneManager.java:getRpcServer(1081)) - Creating RPC Server
2022-06-27 16:54:08,893 [pool-55-thread-1] INFO  server.RaftServer$Division (RaftServerImpl.java:<init>(190)) - om1: new RaftServerImpl for group-C5BA1605619E:[om1|rpc:localhost:9872|priority:0] with OzoneManagerStateMachine:uninitialized
2022-06-27 16:54:08,910 [pool-55-thread-1] INFO  server.RaftServerConfigKeys (ConfUtils.java:logGet(46)) - raft.server.rpc.timeout.min = 1s (custom)
2022-06-27 16:54:08,921 [pool-55-thread-1] INFO  server.RaftServerConfigKeys (ConfUtils.java:logGet(46)) - raft.server.rpc.timeout.max = 1200ms (custom)
2022-06-27 16:54:08,921 [pool-55-thread-1] INFO  server.RaftServerConfigKeys (ConfUtils.java:logGet(46)) - raft.server.rpc.sleep.time = 25ms (default)
2022-06-27 16:54:08,921 [pool-55-thread-1] INFO  server.RaftServerConfigKeys (ConfUtils.java:logGet(46)) - raft.server.rpc.slowness.timeout = 120s (custom)
2022-06-27 16:54:08,921 [pool-55-thread-1] INFO  server.RaftServerConfigKeys (ConfUtils.java:logGet(46)) - raft.server.leaderelection.leader.step-down.wait-time = 10s (default)
2022-06-27 16:54:08,921 [pool-55-thread-1] INFO  server.RaftServerConfigKeys (ConfUtils.java:logGet(46)) - raft.server.sleep.deviation.threshold = 300ms (default)
2022-06-27 16:54:08,929 [pool-55-thread-1] INFO  server.RaftServer$Division (ServerState.java:<init>(107)) - om1@group-C5BA1605619E: ConfigurationManager, init=-1: [om1|rpc:localhost:9872|priority:0], old=null, confs=<EMPTY_MAP>
2022-06-27 16:54:08,929 [pool-55-thread-1] INFO  server.RaftServerConfigKeys (ConfUtils.java:logGet(46)) - raft.server.storage.dir = [/home/runner/work/ozone/ozone/hadoop-ozone/integration-test/target/test-dir/MiniOzoneClusterImpl-4b25a9da-6f8d-4450-a121-db50b250e675/ozone-meta/ratis] (custom)
2022-06-27 16:54:08,952 [pool-55-thread-1] INFO  server.RaftServerConfigKeys (ConfUtils.java:logGet(46)) - raft.server.log.corruption.policy = EXCEPTION (default)
2022-06-27 16:54:08,953 [pool-55-thread-1] INFO  server.RaftServerConfigKeys (ConfUtils.java:logGet(46)) - raft.server.storage.free-space.min = 0MB (=0) (default)
2022-06-27 16:54:08,954 [pool-55-thread-1] INFO  storage.RaftStorageDirectory (RaftStorageDirectoryImpl.java:analyzeStorage(135)) - The storage directory /home/runner/work/ozone/ozone/hadoop-ozone/integration-test/target/test-dir/MiniOzoneClusterImpl-4b25a9da-6f8d-4450-a121-db50b250e675/ozone-meta/ratis/bf265839-605b-3f16-9796-c5ba1605619e does not exist. Creating ...
2022-06-27 16:54:08,971 [pool-55-thread-1] INFO  storage.RaftStorageDirectory (RaftStorageDirectoryImpl.java:tryLock(230)) - Lock on /home/runner/work/ozone/ozone/hadoop-ozone/integration-test/target/test-dir/MiniOzoneClusterImpl-4b25a9da-6f8d-4450-a121-db50b250e675/ozone-meta/ratis/bf265839-605b-3f16-9796-c5ba1605619e/in_use.lock acquired by nodename 16603@fv-az215-30
2022-06-27 16:54:08,990 [pool-55-thread-1] INFO  storage.RaftStorage (RaftStorageImpl.java:format(89)) - Storage directory /home/runner/work/ozone/ozone/hadoop-ozone/integration-test/target/test-dir/MiniOzoneClusterImpl-4b25a9da-6f8d-4450-a121-db50b250e675/ozone-meta/ratis/bf265839-605b-3f16-9796-c5ba1605619e has been successfully formatted.
2022-06-27 16:54:09,035 [pool-55-thread-1] INFO  server.RaftServerConfigKeys (ConfUtils.java:logGet(46)) - raft.server.notification.no-leader.timeout = 120s (custom)
2022-06-27 16:54:09,037 [pool-55-thread-1] INFO  server.RaftServerConfigKeys (ConfUtils.java:logGet(46)) - raft.server.log.use.memory = false (default)
2022-06-27 16:54:09,053 [pool-55-thread-1] INFO  server.RaftServerConfigKeys (ConfUtils.java:logGet(46)) - raft.server.log.purge.gap = 1000000 (custom)
2022-06-27 16:54:09,053 [pool-55-thread-1] INFO  server.RaftServerConfigKeys (ConfUtils.java:logGet(46)) - raft.server.log.appender.buffer.byte-limit = 33554432 (custom)
2022-06-27 16:54:09,055 [pool-55-thread-1] INFO  server.RaftServerConfigKeys (ConfUtils.java:logGet(46)) - raft.server.log.statemachine.data.read.timeout = 1000ms (default)
2022-06-27 16:54:09,107 [pool-55-thread-1] INFO  server.RaftServerConfigKeys (ConfUtils.java:logGet(46)) - raft.server.log.segment.size.max = 4194304 (custom)
2022-06-27 16:54:09,130 [pool-55-thread-1] INFO  server.RaftServerConfigKeys (ConfUtils.java:logGet(46)) - raft.server.log.segment.cache.num.max = 2 (custom)
2022-06-27 16:54:09,130 [pool-55-thread-1] INFO  server.RaftServerConfigKeys (ConfUtils.java:logGet(46)) - raft.server.log.segment.cache.size.max = 200MB (=209715200) (default)
2022-06-27 16:54:09,140 [pool-55-thread-1] INFO  segmented.SegmentedRaftLogWorker (SegmentedRaftLogWorker.java:<init>(187)) - new om1@group-C5BA1605619E-SegmentedRaftLogWorker for RaftStorageImpl:Storage Directory /home/runner/work/ozone/ozone/hadoop-ozone/integration-test/target/test-dir/MiniOzoneClusterImpl-4b25a9da-6f8d-4450-a121-db50b250e675/ozone-meta/ratis/bf265839-605b-3f16-9796-c5ba1605619e
2022-06-27 16:54:09,140 [pool-55-thread-1] INFO  server.RaftServerConfigKeys (ConfUtils.java:logGet(46)) - raft.server.log.queue.byte-limit = 64MB (=67108864) (default)
2022-06-27 16:54:09,146 [pool-55-thread-1] INFO  server.RaftServerConfigKeys (ConfUtils.java:logGet(46)) - raft.server.log.queue.element-limit = 4096 (default)
2022-06-27 16:54:09,147 [pool-55-thread-1] INFO  server.RaftServerConfigKeys (ConfUtils.java:logGet(46)) - raft.server.log.segment.size.max = 4194304 (custom)
2022-06-27 16:54:09,147 [pool-55-thread-1] INFO  server.RaftServerConfigKeys (ConfUtils.java:logGet(46)) - raft.server.log.preallocated.size = 4194304 (custom)
2022-06-27 16:54:09,147 [pool-55-thread-1] INFO  server.RaftServerConfigKeys (ConfUtils.java:logGet(46)) - raft.server.log.force.sync.num = 128 (default)
2022-06-27 16:54:09,148 [pool-55-thread-1] INFO  server.RaftServerConfigKeys (ConfUtils.java:logGet(46)) - raft.server.log.statemachine.data.sync = true (default)
2022-06-27 16:54:09,152 [pool-55-thread-1] INFO  server.RaftServerConfigKeys (ConfUtils.java:logGet(46)) - raft.server.log.statemachine.data.sync.timeout = 10s (default)
2022-06-27 16:54:09,152 [pool-55-thread-1] INFO  server.RaftServerConfigKeys (ConfUtils.java:logGet(46)) - raft.server.log.statemachine.data.sync.timeout.retry = -1 (default)
2022-06-27 16:54:09,168 [pool-55-thread-1] INFO  server.RaftServerConfigKeys (ConfUtils.java:logGet(46)) - raft.server.log.write.buffer.size = 64KB (=65536) (default)
2022-06-27 16:54:09,169 [pool-55-thread-1] INFO  server.RaftServerConfigKeys (ConfUtils.java:logGet(46)) - raft.server.log.unsafe-flush.enabled = false (default)
2022-06-27 16:54:09,171 [pool-55-thread-1] INFO  server.RaftServerConfigKeys (ConfUtils.java:logGet(46)) - raft.server.log.statemachine.data.caching.enabled = false (default)
2022-06-27 16:54:09,182 [pool-55-thread-1] INFO  segmented.SegmentedRaftLogWorker (SegmentedRaftLogWorker.java:lambda$new$0(135)) - om1@group-C5BA1605619E-SegmentedRaftLogWorker: flushIndex: setUnconditionally 0 -> -1
2022-06-27 16:54:09,182 [pool-55-thread-1] INFO  segmented.SegmentedRaftLogWorker (SegmentedRaftLogWorker.java:lambda$new$0(135)) - om1@group-C5BA1605619E-SegmentedRaftLogWorker: safeCacheEvictIndex: setUnconditionally 0 -> -1
2022-06-27 16:54:09,189 [pool-55-thread-1] INFO  server.RaftServerConfigKeys (ConfUtils.java:logGet(46)) - raft.server.snapshot.auto.trigger.enabled = true (custom)
2022-06-27 16:54:09,190 [pool-55-thread-1] INFO  server.RaftServerConfigKeys (ConfUtils.java:logGet(46)) - raft.server.snapshot.auto.trigger.threshold = 400000 (default)
2022-06-27 16:54:09,191 [pool-55-thread-1] INFO  server.RaftServerConfigKeys (ConfUtils.java:logGet(46)) - raft.server.snapshot.retention.file.num = -1 (default)
2022-06-27 16:54:09,191 [pool-55-thread-1] INFO  server.RaftServerConfigKeys (ConfUtils.java:logGet(46)) - raft.server.log.purge.upto.snapshot.index = true (custom)
2022-06-27 16:54:09,193 [pool-55-thread-1] INFO  server.RaftServerConfigKeys (ConfUtils.java:logGet(46)) - raft.server.retrycache.expirytime = 300s (custom)
2022-06-27 16:54:09,193 [pool-55-thread-1] INFO  server.RaftServerConfigKeys (ConfUtils.java:logGet(46)) - raft.server.retrycache.statistics.expirytime = 100μs (default)
2022-06-27 16:54:09,266 [pool-55-thread-1] INFO  server.RaftServerConfigKeys (ConfUtils.java:logGet(46)) - raft.server.log.appender.install.snapshot.enabled = false (custom)
2022-06-27 16:54:09,267 [pool-55-thread-1] INFO  server.RaftServerConfigKeys (ConfUtils.java:logGet(46)) - raft.server.threadpool.server.cached = true (default)
2022-06-27 16:54:09,267 [pool-55-thread-1] INFO  server.RaftServerConfigKeys (ConfUtils.java:logGet(46)) - raft.server.threadpool.server.size = 0 (default)
2022-06-27 16:54:09,267 [pool-55-thread-1] INFO  server.RaftServerConfigKeys (ConfUtils.java:logGet(46)) - raft.server.threadpool.client.cached = true (default)
2022-06-27 16:54:09,269 [pool-55-thread-1] INFO  server.RaftServerConfigKeys (ConfUtils.java:logGet(46)) - raft.server.threadpool.client.size = 0 (default)
2022-06-27 16:54:09,506 [Listener at 0.0.0.0/36495] INFO  reflections.Reflections (Reflections.java:scan(232)) - Reflections took 615 ms to scan 19 urls, producing 66 keys and 4075 values [using 2 cores]
2022-06-27 16:54:09,790 [Listener at 0.0.0.0/36495] INFO  ipc.CallQueueManager (CallQueueManager.java:<init>(90)) - Using callQueue: class java.util.concurrent.LinkedBlockingQueue, queueCapacity: 2000, scheduler: class org.apache.hadoop.ipc.DefaultRpcScheduler, ipcBackoff: false.
2022-06-27 16:54:09,791 [Socket Reader #1 for port 0] INFO  ipc.Server (Server.java:run(1265)) - Starting Socket Reader #1 for port 0
2022-06-27 16:54:09,816 [Listener at 127.0.0.1/44473] INFO  impl.MetricsSystemImpl (MetricsSystemImpl.java:init(158)) - OzoneManager metrics system started (again)
2022-06-27 16:54:09,827 [Listener at 127.0.0.1/44473] INFO  om.OzoneManager (OzoneManager.java:start(1465)) - OzoneManager RPC server is listening at localhost/127.0.0.1:44473
2022-06-27 16:54:09,827 [Listener at 127.0.0.1/44473] INFO  ratis.OzoneManagerRatisServer (OzoneManagerRatisServer.java:start(554)) - Starting OzoneManagerRatisServer om1 at port 9872
2022-06-27 16:54:09,829 [om1-impl-thread1] INFO  server.RaftServer$Division (RaftServerImpl.java:start(310)) - om1@group-C5BA1605619E: start as a follower, conf=-1: [om1|rpc:localhost:9872|priority:0], old=null
2022-06-27 16:54:09,830 [om1-impl-thread1] INFO  server.RaftServer$Division (RaftServerImpl.java:setRole(299)) - om1@group-C5BA1605619E: changes role from      null to FOLLOWER at term 0 for startAsFollower
2022-06-27 16:54:09,831 [om1-impl-thread1] INFO  impl.RoleInfo (RoleInfo.java:updateAndGet(139)) - om1: start om1@group-C5BA1605619E-FollowerState
2022-06-27 16:54:09,838 [om1-impl-thread1] INFO  util.JmxRegister (JmxRegister.java:tryRegister(44)) - Successfully registered JMX Bean with object name Ratis:service=RaftServer,group=group-C5BA1605619E,id=om1
2022-06-27 16:54:09,845 [Listener at 127.0.0.1/44473] INFO  server.RaftServer (RaftServerProxy.java:lambda$start$6(382)) - om1: start RPC server
2022-06-27 16:54:09,902 [Listener at 127.0.0.1/44473] INFO  server.GrpcService (GrpcService.java:startImpl(260)) - om1: GrpcService started, listening on 9872
2022-06-27 16:54:09,904 [org.apache.ratis.util.JvmPauseMonitor$$Lambda$611/5070432@511f3350] INFO  util.JvmPauseMonitor (JvmPauseMonitor.java:run(103)) - JvmPauseMonitor-om1: Started
2022-06-27 16:54:09,904 [Listener at 127.0.0.1/44473] INFO  om.OzoneManager (OzoneManager.java:start(1481)) - Version File has different layout version (3) than OM DB (null). That is expected if this OM has never been finalized to a newer layout version.
2022-06-27 16:54:09,923 [Listener at 127.0.0.1/44473] INFO  http.BaseHttpServer (BaseHttpServer.java:newHttpServer2BuilderForOzone(209)) - Starting Web-server for ozoneManager at: http://0.0.0.0:0
2022-06-27 16:54:09,923 [Listener at 127.0.0.1/44473] INFO  http.BaseHttpServer (BaseHttpServer.java:<init>(107)) - Hadoop Security Enabled: false Ozone Security Enabled: false Ozone HTTP Security Enabled: false 
2022-06-27 16:54:09,924 [Listener at 127.0.0.1/44473] INFO  server.AuthenticationFilter (AuthenticationFilter.java:constructSecretProvider(240)) - Unable to initialize FileSignerSecretProvider, falling back to use random secrets.
2022-06-27 16:54:09,926 [Listener at 127.0.0.1/44473] WARN  http.HttpRequestLog (HttpRequestLog.java:getRequestLog(103)) - Jetty request log can only be enabled using Log4j
2022-06-27 16:54:09,927 [Listener at 127.0.0.1/44473] INFO  http.HttpServer2 (HttpServer2.java:addGlobalFilter(1029)) - Added global filter 'safety' (class=org.apache.hadoop.hdds.server.http.HttpServer2$QuotingInputFilter)
2022-06-27 16:54:09,928 [Listener at 127.0.0.1/44473] INFO  http.HttpServer2 (HttpServer2.java:addFilter(1005)) - Added filter static_user_filter (class=org.apache.hadoop.http.lib.StaticUserWebFilter$StaticUserFilter) to context ozoneManager
2022-06-27 16:54:09,928 [Listener at 127.0.0.1/44473] INFO  http.HttpServer2 (HttpServer2.java:addFilter(1013)) - Added filter static_user_filter (class=org.apache.hadoop.http.lib.StaticUserWebFilter$StaticUserFilter) to context logs
2022-06-27 16:54:09,929 [Listener at 127.0.0.1/44473] INFO  http.HttpServer2 (HttpServer2.java:addFilter(1013)) - Added filter static_user_filter (class=org.apache.hadoop.http.lib.StaticUserWebFilter$StaticUserFilter) to context static
2022-06-27 16:54:09,930 [Listener at 127.0.0.1/44473] INFO  http.HttpServer2 (HttpServer2.java:bindListener(1248)) - Jetty bound to port 38039
2022-06-27 16:54:09,930 [Listener at 127.0.0.1/44473] INFO  server.Server (Server.java:doStart(375)) - jetty-9.4.43.v20210629; built: 2021-06-30T11:07:22.254Z; git: 526006ecfa3af7f1a27ef3a288e2bef7ea9dd7e8; jvm 1.8.0_332-b09
2022-06-27 16:54:09,932 [Listener at 127.0.0.1/44473] INFO  server.session (DefaultSessionIdManager.java:doStart(334)) - DefaultSessionIdManager workerName=node0
2022-06-27 16:54:09,932 [Listener at 127.0.0.1/44473] INFO  server.session (DefaultSessionIdManager.java:doStart(339)) - No SessionScavenger set, using defaults
2022-06-27 16:54:09,932 [Listener at 127.0.0.1/44473] INFO  server.session (HouseKeeper.java:startScavenging(132)) - node0 Scavenging every 660000ms
2022-06-27 16:54:09,933 [Listener at 127.0.0.1/44473] INFO  handler.ContextHandler (ContextHandler.java:doStart(915)) - Started o.e.j.s.ServletContextHandler@750a0bfe{logs,/logs,file:///home/runner/work/ozone/ozone/hadoop-ozone/integration-test/target/log,AVAILABLE}
2022-06-27 16:54:09,934 [Listener at 127.0.0.1/44473] INFO  handler.ContextHandler (ContextHandler.java:doStart(915)) - Started o.e.j.s.ServletContextHandler@4cdedf52{static,/static,file:///home/runner/work/ozone/ozone/hadoop-ozone/integration-test/target/test-classes/webapps/static,AVAILABLE}
2022-06-27 16:54:09,937 [Listener at 127.0.0.1/44473] INFO  handler.ContextHandler (ContextHandler.java:doStart(915)) - Started o.e.j.w.WebAppContext@40285739{ozoneManager,/,file:///home/runner/work/ozone/ozone/hadoop-ozone/integration-test/target/test-classes/webapps/ozoneManager/,AVAILABLE}{file:/home/runner/work/ozone/ozone/hadoop-ozone/integration-test/target/test-classes/webapps/ozoneManager}
2022-06-27 16:54:09,938 [Listener at 127.0.0.1/44473] INFO  server.AbstractConnector (AbstractConnector.java:doStart(331)) - Started ServerConnector@1540be61{HTTP/1.1, (http/1.1)}{0.0.0.0:38039}
2022-06-27 16:54:09,939 [Listener at 127.0.0.1/44473] INFO  server.Server (Server.java:doStart(415)) - Started @6833ms
2022-06-27 16:54:09,939 [Listener at 127.0.0.1/44473] WARN  impl.MetricsSystemImpl (MetricsSystemImpl.java:register(279)) - Sink prometheus already exists!
2022-06-27 16:54:09,939 [Listener at 127.0.0.1/44473] INFO  http.BaseHttpServer (BaseHttpServer.java:updateConnectorAddress(329)) - HTTP server of ozoneManager listening at http://0.0.0.0:38039
2022-06-27 16:54:09,940 [IPC Server Responder] INFO  ipc.Server (Server.java:run(1507)) - IPC Server Responder: starting
2022-06-27 16:54:09,945 [IPC Server listener on 0] INFO  ipc.Server (Server.java:run(1344)) - IPC Server listener on 0: starting
2022-06-27 16:54:09,988 [Listener at 127.0.0.1/44473] INFO  om.TrashPolicyOzone (TrashPolicyOzone.java:<init>(178)) - Ozone Manager trash configuration: Deletion interval = 0 minutes, Emptier interval = 0 minutes.
2022-06-27 16:54:09,991 [org.apache.hadoop.util.JvmPauseMonitor$Monitor@5a85526b] INFO  util.JvmPauseMonitor (JvmPauseMonitor.java:run(188)) - Starting JVM pause monitor
2022-06-27 16:54:10,146 [Listener at 127.0.0.1/44473] WARN  impl.MetricRegistriesImpl (MetricRegistriesImpl.java:addReporterRegistration(111)) - New reporters are added after registries were created. Some metrics will be missing from the reporter. Please add reporter before adding any new registry.
2022-06-27 16:54:10,147 [Listener at 127.0.0.1/44473] WARN  impl.MetricRegistriesImpl (MetricRegistriesImpl.java:addReporterRegistration(111)) - New reporters are added after registries were created. Some metrics will be missing from the reporter. Please add reporter before adding any new registry.
2022-06-27 16:54:10,147 [Listener at 127.0.0.1/44473] INFO  impl.MetricsSystemImpl (MetricsSystemImpl.java:init(158)) - HddsDatanode metrics system started (again)
2022-06-27 16:54:10,162 [Listener at 127.0.0.1/44473] INFO  ozone.HddsDatanodeService (HddsDatanodeService.java:start(236)) - HddsDatanodeService host:fv-az215-30.fk02tkdpp51uda4i120yanydqb.bx.internal.cloudapp.net ip:10.1.0.22
2022-06-27 16:54:10,191 [Listener at 127.0.0.1/44473] INFO  upgrade.AbstractLayoutVersionManager (AbstractLayoutVersionManager.java:init(82)) - Initializing Layout version manager with metadata layout = DATANODE_SCHEMA_V3 (version = 4), software layout = DATANODE_SCHEMA_V3 (version = 4)
2022-06-27 16:54:10,237 [Listener at 127.0.0.1/44473] INFO  reflections.Reflections (Reflections.java:scan(232)) - Reflections took 43 ms to scan 7 urls, producing 131 keys and 316 values 
2022-06-27 16:54:10,244 [Listener at 127.0.0.1/44473] INFO  statemachine.DatanodeStateMachine (DatanodeStateMachine.java:getEndPointTaskThreadPoolSize(237)) - Datanode State Machine Task Thread Pool size 2
2022-06-27 16:54:10,292 [Listener at 127.0.0.1/44473] INFO  volume.HddsVolume (HddsVolume.java:<init>(116)) - Creating HddsVolume: /home/runner/work/ozone/ozone/hadoop-ozone/integration-test/target/test-dir/MiniOzoneClusterImpl-4b25a9da-6f8d-4450-a121-db50b250e675/datanode-0/data-0/containers/hdds of storage type : DISK capacity : 9223372036854775807
2022-06-27 16:54:10,294 [Listener at 127.0.0.1/44473] INFO  volume.MutableVolumeSet (MutableVolumeSet.java:initializeVolumeSet(174)) - Added Volume : /home/runner/work/ozone/ozone/hadoop-ozone/integration-test/target/test-dir/MiniOzoneClusterImpl-4b25a9da-6f8d-4450-a121-db50b250e675/datanode-0/data-0/containers/hdds to VolumeSet
2022-06-27 16:54:10,295 [Listener at 127.0.0.1/44473] INFO  volume.ThrottledAsyncChecker (ThrottledAsyncChecker.java:schedule(141)) - Scheduling a check for /home/runner/work/ozone/ozone/hadoop-ozone/integration-test/target/test-dir/MiniOzoneClusterImpl-4b25a9da-6f8d-4450-a121-db50b250e675/datanode-0/data-0/containers/hdds
2022-06-27 16:54:10,310 [Listener at 127.0.0.1/44473] INFO  volume.StorageVolumeChecker (StorageVolumeChecker.java:checkAllVolumes(202)) - Scheduled health check for volume /home/runner/work/ozone/ozone/hadoop-ozone/integration-test/target/test-dir/MiniOzoneClusterImpl-4b25a9da-6f8d-4450-a121-db50b250e675/datanode-0/data-0/containers/hdds
2022-06-27 16:54:10,324 [Listener at 127.0.0.1/44473] INFO  volume.MutableVolumeSet (MutableVolumeSet.java:initializeVolumeSet(174)) - Added Volume : /home/runner/work/ozone/ozone/hadoop-ozone/integration-test/target/test-dir/MiniOzoneClusterImpl-4b25a9da-6f8d-4450-a121-db50b250e675/datanode-0/data/ratis to VolumeSet
2022-06-27 16:54:10,325 [Listener at 127.0.0.1/44473] INFO  volume.ThrottledAsyncChecker (ThrottledAsyncChecker.java:schedule(141)) - Scheduling a check for /home/runner/work/ozone/ozone/hadoop-ozone/integration-test/target/test-dir/MiniOzoneClusterImpl-4b25a9da-6f8d-4450-a121-db50b250e675/datanode-0/data/ratis
2022-06-27 16:54:10,325 [Listener at 127.0.0.1/44473] INFO  volume.StorageVolumeChecker (StorageVolumeChecker.java:checkAllVolumes(202)) - Scheduled health check for volume /home/runner/work/ozone/ozone/hadoop-ozone/integration-test/target/test-dir/MiniOzoneClusterImpl-4b25a9da-6f8d-4450-a121-db50b250e675/datanode-0/data/ratis
2022-06-27 16:54:10,344 [Thread-134] INFO  ozoneimpl.ContainerReader (ContainerReader.java:readVolume(172)) - Finish verifying containers on volume /home/runner/work/ozone/ozone/hadoop-ozone/integration-test/target/test-dir/MiniOzoneClusterImpl-4b25a9da-6f8d-4450-a121-db50b250e675/datanode-0/data-0/containers/hdds
2022-06-27 16:54:10,344 [Listener at 127.0.0.1/44473] INFO  ozoneimpl.OzoneContainer (OzoneContainer.java:buildContainerSet(266)) - Build ContainerSet costs 0s
2022-06-27 16:54:10,384 [Listener at 127.0.0.1/44473] INFO  audit.AuditLogger (AuditLogger.java:refreshDebugCmdSet(120)) - Refresh DebugCmdSet for DNAudit to [].
2022-06-27 16:54:10,408 [Listener at 127.0.0.1/44473] INFO  server.RaftServer (ConfUtils.java:logGet(46)) - raft.rpc.type = GRPC (default)
2022-06-27 16:54:10,408 [Listener at 127.0.0.1/44473] INFO  grpc.GrpcFactory (GrpcFactory.java:checkPooledByteBufAllocatorUseCacheForAllThreads(48)) - PERFORMANCE WARNING: useCacheForAllThreads is true that may cause Netty to create a lot garbage objects and, as a result, trigger GC.
	It is recommended to disable useCacheForAllThreads by setting -Dorg.apache.ratis.thirdparty.io.netty.allocator.useCacheForAllThreads=false in command line.
2022-06-27 16:54:10,408 [Listener at 127.0.0.1/44473] INFO  grpc.GrpcConfigKeys (ConfUtils.java:logGet(46)) - raft.grpc.admin.port = 0 (custom)
2022-06-27 16:54:10,408 [Listener at 127.0.0.1/44473] INFO  grpc.GrpcConfigKeys (ConfUtils.java:logGet(46)) - raft.grpc.client.port = 0 (custom)
2022-06-27 16:54:10,408 [Listener at 127.0.0.1/44473] INFO  grpc.GrpcConfigKeys (ConfUtils.java:logGet(46)) - raft.grpc.server.port = 0 (default)
2022-06-27 16:54:10,409 [Listener at 127.0.0.1/44473] INFO  server.GrpcService (ConfUtils.java:logGet(46)) - raft.grpc.message.size.max = 32MB (=33554432) (custom)
2022-06-27 16:54:10,409 [Listener at 127.0.0.1/44473] INFO  server.RaftServerConfigKeys (ConfUtils.java:logGet(46)) - raft.server.log.appender.buffer.byte-limit = 33554432 (custom)
2022-06-27 16:54:10,409 [Listener at 127.0.0.1/44473] INFO  server.GrpcService (ConfUtils.java:logGet(46)) - raft.grpc.flow.control.window = 5MB (=5242880) (custom)
2022-06-27 16:54:10,409 [Listener at 127.0.0.1/44473] INFO  server.RaftServerConfigKeys (ConfUtils.java:logGet(46)) - raft.server.rpc.request.timeout = 60s (custom)
2022-06-27 16:54:10,409 [Listener at 127.0.0.1/44473] INFO  grpc.GrpcConfigKeys (ConfUtils.java:logGet(46)) - raft.grpc.server.async.request.thread.pool.cached = true (default)
2022-06-27 16:54:10,409 [Listener at 127.0.0.1/44473] INFO  grpc.GrpcConfigKeys (ConfUtils.java:logGet(46)) - raft.grpc.server.async.request.thread.pool.size = 32 (default)
2022-06-27 16:54:10,410 [Listener at 127.0.0.1/44473] INFO  impl.DataStreamServerImpl (ConfUtils.java:logGet(46)) - raft.datastream.type = DISABLED (default)
2022-06-27 16:54:10,411 [Listener at 127.0.0.1/44473] INFO  server.RaftServerConfigKeys (ConfUtils.java:logGet(46)) - raft.server.threadpool.proxy.cached = true (default)
2022-06-27 16:54:10,411 [Listener at 127.0.0.1/44473] INFO  server.RaftServerConfigKeys (ConfUtils.java:logGet(46)) - raft.server.threadpool.proxy.size = 0 (default)
2022-06-27 16:54:10,411 [Listener at 127.0.0.1/44473] INFO  server.RaftServerConfigKeys (ConfUtils.java:logGet(46)) - raft.server.rpc.slowness.timeout = 300s (custom)
2022-06-27 16:54:10,411 [Listener at 127.0.0.1/44473] INFO  server.RaftServerConfigKeys (ConfUtils.java:logGet(46)) - raft.server.leaderelection.leader.step-down.wait-time = 10s (default)
2022-06-27 16:54:10,411 [Listener at 127.0.0.1/44473] INFO  server.RaftServerConfigKeys (ConfUtils.java:logGet(46)) - raft.server.storage.dir = [/home/runner/work/ozone/ozone/hadoop-ozone/integration-test/target/test-dir/MiniOzoneClusterImpl-4b25a9da-6f8d-4450-a121-db50b250e675/datanode-0/data/ratis] (custom)
2022-06-27 16:54:10,427 [Listener at 127.0.0.1/44473] INFO  server.XceiverServerGrpc (XceiverServerGrpc.java:<init>(132)) - GrpcServer channel type EpollServerSocketChannel
2022-06-27 16:54:10,487 [Listener at 127.0.0.1/44473] INFO  http.BaseHttpServer (BaseHttpServer.java:newHttpServer2BuilderForOzone(209)) - Starting Web-server for hddsDatanode at: http://0.0.0.0:0
2022-06-27 16:54:10,488 [Listener at 127.0.0.1/44473] INFO  http.BaseHttpServer (BaseHttpServer.java:<init>(107)) - Hadoop Security Enabled: false Ozone Security Enabled: false Ozone HTTP Security Enabled: false 
2022-06-27 16:54:10,490 [Listener at 127.0.0.1/44473] INFO  server.AuthenticationFilter (AuthenticationFilter.java:constructSecretProvider(240)) - Unable to initialize FileSignerSecretProvider, falling back to use random secrets.
2022-06-27 16:54:10,493 [Listener at 127.0.0.1/44473] WARN  http.HttpRequestLog (HttpRequestLog.java:getRequestLog(103)) - Jetty request log can only be enabled using Log4j
2022-06-27 16:54:10,494 [Listener at 127.0.0.1/44473] INFO  http.HttpServer2 (HttpServer2.java:addGlobalFilter(1029)) - Added global filter 'safety' (class=org.apache.hadoop.hdds.server.http.HttpServer2$QuotingInputFilter)
2022-06-27 16:54:10,495 [Listener at 127.0.0.1/44473] INFO  http.HttpServer2 (HttpServer2.java:addFilter(1005)) - Added filter static_user_filter (class=org.apache.hadoop.http.lib.StaticUserWebFilter$StaticUserFilter) to context hddsDatanode
2022-06-27 16:54:10,495 [Listener at 127.0.0.1/44473] INFO  http.HttpServer2 (HttpServer2.java:addFilter(1013)) - Added filter static_user_filter (class=org.apache.hadoop.http.lib.StaticUserWebFilter$StaticUserFilter) to context static
2022-06-27 16:54:10,495 [Listener at 127.0.0.1/44473] INFO  http.HttpServer2 (HttpServer2.java:addFilter(1013)) - Added filter static_user_filter (class=org.apache.hadoop.http.lib.StaticUserWebFilter$StaticUserFilter) to context logs
2022-06-27 16:54:10,496 [Listener at 127.0.0.1/44473] INFO  http.HttpServer2 (HttpServer2.java:bindListener(1248)) - Jetty bound to port 34679
2022-06-27 16:54:10,496 [Listener at 127.0.0.1/44473] INFO  server.Server (Server.java:doStart(375)) - jetty-9.4.43.v20210629; built: 2021-06-30T11:07:22.254Z; git: 526006ecfa3af7f1a27ef3a288e2bef7ea9dd7e8; jvm 1.8.0_332-b09
2022-06-27 16:54:10,502 [Listener at 127.0.0.1/44473] INFO  server.session (DefaultSessionIdManager.java:doStart(334)) - DefaultSessionIdManager workerName=node0
2022-06-27 16:54:10,502 [Listener at 127.0.0.1/44473] INFO  server.session (DefaultSessionIdManager.java:doStart(339)) - No SessionScavenger set, using defaults
2022-06-27 16:54:10,502 [Listener at 127.0.0.1/44473] INFO  server.session (HouseKeeper.java:startScavenging(132)) - node0 Scavenging every 660000ms
2022-06-27 16:54:10,504 [Listener at 127.0.0.1/44473] INFO  handler.ContextHandler (ContextHandler.java:doStart(915)) - Started o.e.j.s.ServletContextHandler@7f448d3d{logs,/logs,file:///home/runner/work/ozone/ozone/hadoop-ozone/integration-test/target/log,AVAILABLE}
2022-06-27 16:54:10,504 [Listener at 127.0.0.1/44473] INFO  handler.ContextHandler (ContextHandler.java:doStart(915)) - Started o.e.j.s.ServletContextHandler@60af2b3b{static,/static,jar:file:/home/runner/.m2/repository/org/apache/ozone/hdds-container-service/1.3.0-SNAPSHOT/hdds-container-service-1.3.0-SNAPSHOT.jar!/webapps/static,AVAILABLE}
2022-06-27 16:54:10,690 [Listener at 127.0.0.1/44473] INFO  handler.ContextHandler (ContextHandler.java:doStart(915)) - Started o.e.j.w.WebAppContext@587011f0{hddsDatanode,/,file:///tmp/jetty-0_0_0_0-34679-hdds-container-service-1_3_0-SNAPSHOT_jar-_-any-8229990013875715370/webapp/,AVAILABLE}{jar:file:/home/runner/.m2/repository/org/apache/ozone/hdds-container-service/1.3.0-SNAPSHOT/hdds-container-service-1.3.0-SNAPSHOT.jar!/webapps/hddsDatanode}
2022-06-27 16:54:10,691 [Listener at 127.0.0.1/44473] INFO  server.AbstractConnector (AbstractConnector.java:doStart(331)) - Started ServerConnector@18f28a93{HTTP/1.1, (http/1.1)}{0.0.0.0:34679}
2022-06-27 16:54:10,695 [Listener at 127.0.0.1/44473] INFO  server.Server (Server.java:doStart(415)) - Started @7589ms
2022-06-27 16:54:10,695 [Listener at 127.0.0.1/44473] WARN  impl.MetricsSystemImpl (MetricsSystemImpl.java:register(279)) - Sink prometheus already exists!
2022-06-27 16:54:10,696 [Listener at 127.0.0.1/44473] INFO  http.BaseHttpServer (BaseHttpServer.java:updateConnectorAddress(329)) - HTTP server of hddsDatanode listening at http://0.0.0.0:34679
2022-06-27 16:54:10,698 [Listener at 127.0.0.1/44473] WARN  impl.MetricRegistriesImpl (MetricRegistriesImpl.java:addReporterRegistration(111)) - New reporters are added after registries were created. Some metrics will be missing from the reporter. Please add reporter before adding any new registry.
2022-06-27 16:54:10,698 [Listener at 127.0.0.1/44473] WARN  impl.MetricRegistriesImpl (MetricRegistriesImpl.java:addReporterRegistration(111)) - New reporters are added after registries were created. Some metrics will be missing from the reporter. Please add reporter before adding any new registry.
2022-06-27 16:54:10,698 [Listener at 127.0.0.1/44473] INFO  impl.MetricsSystemImpl (MetricsSystemImpl.java:init(158)) - HddsDatanode metrics system started (again)
2022-06-27 16:54:10,705 [Datanode State Machine Daemon Thread] INFO  statemachine.DatanodeStateMachine (DatanodeStateMachine.java:lambda$startDaemon$0(492)) - Ozone container server started.
2022-06-27 16:54:10,713 [Listener at 127.0.0.1/44473] INFO  ozone.HddsDatanodeService (HddsDatanodeService.java:start(236)) - HddsDatanodeService host:fv-az215-30.fk02tkdpp51uda4i120yanydqb.bx.internal.cloudapp.net ip:10.1.0.22
2022-06-27 16:54:10,729 [org.apache.hadoop.util.JvmPauseMonitor$Monitor@431cf9d8] INFO  util.JvmPauseMonitor (JvmPauseMonitor.java:run(188)) - Starting JVM pause monitor
2022-06-27 16:54:10,736 [Listener at 127.0.0.1/44473] INFO  upgrade.AbstractLayoutVersionManager (AbstractLayoutVersionManager.java:init(82)) - Initializing Layout version manager with metadata layout = DATANODE_SCHEMA_V3 (version = 4), software layout = DATANODE_SCHEMA_V3 (version = 4)
2022-06-27 16:54:10,818 [Listener at 127.0.0.1/44473] INFO  reflections.Reflections (Reflections.java:scan(232)) - Reflections took 80 ms to scan 7 urls, producing 131 keys and 316 values 
2022-06-27 16:54:10,820 [Listener at 127.0.0.1/44473] INFO  statemachine.DatanodeStateMachine (DatanodeStateMachine.java:getEndPointTaskThreadPoolSize(237)) - Datanode State Machine Task Thread Pool size 2
2022-06-27 16:54:10,826 [Listener at 127.0.0.1/44473] INFO  volume.HddsVolume (HddsVolume.java:<init>(116)) - Creating HddsVolume: /home/runner/work/ozone/ozone/hadoop-ozone/integration-test/target/test-dir/MiniOzoneClusterImpl-4b25a9da-6f8d-4450-a121-db50b250e675/datanode-1/data-0/containers/hdds of storage type : DISK capacity : 9223372036854775807
2022-06-27 16:54:10,826 [Listener at 127.0.0.1/44473] INFO  volume.MutableVolumeSet (MutableVolumeSet.java:initializeVolumeSet(174)) - Added Volume : /home/runner/work/ozone/ozone/hadoop-ozone/integration-test/target/test-dir/MiniOzoneClusterImpl-4b25a9da-6f8d-4450-a121-db50b250e675/datanode-1/data-0/containers/hdds to VolumeSet
2022-06-27 16:54:10,826 [Listener at 127.0.0.1/44473] INFO  volume.ThrottledAsyncChecker (ThrottledAsyncChecker.java:schedule(141)) - Scheduling a check for /home/runner/work/ozone/ozone/hadoop-ozone/integration-test/target/test-dir/MiniOzoneClusterImpl-4b25a9da-6f8d-4450-a121-db50b250e675/datanode-1/data-0/containers/hdds
2022-06-27 16:54:10,838 [Listener at 127.0.0.1/44473] INFO  volume.StorageVolumeChecker (StorageVolumeChecker.java:checkAllVolumes(202)) - Scheduled health check for volume /home/runner/work/ozone/ozone/hadoop-ozone/integration-test/target/test-dir/MiniOzoneClusterImpl-4b25a9da-6f8d-4450-a121-db50b250e675/datanode-1/data-0/containers/hdds
2022-06-27 16:54:10,850 [Listener at 127.0.0.1/44473] INFO  volume.MutableVolumeSet (MutableVolumeSet.java:initializeVolumeSet(174)) - Added Volume : /home/runner/work/ozone/ozone/hadoop-ozone/integration-test/target/test-dir/MiniOzoneClusterImpl-4b25a9da-6f8d-4450-a121-db50b250e675/datanode-1/data/ratis to VolumeSet
2022-06-27 16:54:10,850 [Listener at 127.0.0.1/44473] INFO  volume.ThrottledAsyncChecker (ThrottledAsyncChecker.java:schedule(141)) - Scheduling a check for /home/runner/work/ozone/ozone/hadoop-ozone/integration-test/target/test-dir/MiniOzoneClusterImpl-4b25a9da-6f8d-4450-a121-db50b250e675/datanode-1/data/ratis
2022-06-27 16:54:10,853 [Listener at 127.0.0.1/44473] INFO  volume.StorageVolumeChecker (StorageVolumeChecker.java:checkAllVolumes(202)) - Scheduled health check for volume /home/runner/work/ozone/ozone/hadoop-ozone/integration-test/target/test-dir/MiniOzoneClusterImpl-4b25a9da-6f8d-4450-a121-db50b250e675/datanode-1/data/ratis
2022-06-27 16:54:10,863 [Thread-147] INFO  ozoneimpl.ContainerReader (ContainerReader.java:readVolume(172)) - Finish verifying containers on volume /home/runner/work/ozone/ozone/hadoop-ozone/integration-test/target/test-dir/MiniOzoneClusterImpl-4b25a9da-6f8d-4450-a121-db50b250e675/datanode-1/data-0/containers/hdds
2022-06-27 16:54:10,864 [Listener at 127.0.0.1/44473] INFO  ozoneimpl.OzoneContainer (OzoneContainer.java:buildContainerSet(266)) - Build ContainerSet costs 0s
2022-06-27 16:54:10,867 [Listener at 127.0.0.1/44473] INFO  server.RaftServer (ConfUtils.java:logGet(46)) - raft.rpc.type = GRPC (default)
2022-06-27 16:54:10,867 [Listener at 127.0.0.1/44473] INFO  grpc.GrpcFactory (GrpcFactory.java:checkPooledByteBufAllocatorUseCacheForAllThreads(48)) - PERFORMANCE WARNING: useCacheForAllThreads is true that may cause Netty to create a lot garbage objects and, as a result, trigger GC.
	It is recommended to disable useCacheForAllThreads by setting -Dorg.apache.ratis.thirdparty.io.netty.allocator.useCacheForAllThreads=false in command line.
2022-06-27 16:54:10,867 [Listener at 127.0.0.1/44473] INFO  grpc.GrpcConfigKeys (ConfUtils.java:logGet(46)) - raft.grpc.admin.port = 0 (custom)
2022-06-27 16:54:10,868 [Listener at 127.0.0.1/44473] INFO  grpc.GrpcConfigKeys (ConfUtils.java:logGet(46)) - raft.grpc.client.port = 0 (custom)
2022-06-27 16:54:10,868 [Listener at 127.0.0.1/44473] INFO  grpc.GrpcConfigKeys (ConfUtils.java:logGet(46)) - raft.grpc.server.port = 0 (default)
2022-06-27 16:54:10,868 [Listener at 127.0.0.1/44473] INFO  server.GrpcService (ConfUtils.java:logGet(46)) - raft.grpc.message.size.max = 32MB (=33554432) (custom)
2022-06-27 16:54:10,868 [Listener at 127.0.0.1/44473] INFO  server.RaftServerConfigKeys (ConfUtils.java:logGet(46)) - raft.server.log.appender.buffer.byte-limit = 33554432 (custom)
2022-06-27 16:54:10,868 [Listener at 127.0.0.1/44473] INFO  server.GrpcService (ConfUtils.java:logGet(46)) - raft.grpc.flow.control.window = 5MB (=5242880) (custom)
2022-06-27 16:54:10,868 [Listener at 127.0.0.1/44473] INFO  server.RaftServerConfigKeys (ConfUtils.java:logGet(46)) - raft.server.rpc.request.timeout = 60s (custom)
2022-06-27 16:54:10,868 [Listener at 127.0.0.1/44473] INFO  grpc.GrpcConfigKeys (ConfUtils.java:logGet(46)) - raft.grpc.server.async.request.thread.pool.cached = true (default)
2022-06-27 16:54:10,868 [Listener at 127.0.0.1/44473] INFO  grpc.GrpcConfigKeys (ConfUtils.java:logGet(46)) - raft.grpc.server.async.request.thread.pool.size = 32 (default)
2022-06-27 16:54:10,870 [Listener at 127.0.0.1/44473] INFO  impl.DataStreamServerImpl (ConfUtils.java:logGet(46)) - raft.datastream.type = DISABLED (default)
2022-06-27 16:54:10,870 [Listener at 127.0.0.1/44473] INFO  server.RaftServerConfigKeys (ConfUtils.java:logGet(46)) - raft.server.threadpool.proxy.cached = true (default)
2022-06-27 16:54:10,870 [Listener at 127.0.0.1/44473] INFO  server.RaftServerConfigKeys (ConfUtils.java:logGet(46)) - raft.server.threadpool.proxy.size = 0 (default)
2022-06-27 16:54:10,870 [Listener at 127.0.0.1/44473] INFO  server.RaftServerConfigKeys (ConfUtils.java:logGet(46)) - raft.server.rpc.slowness.timeout = 300s (custom)
2022-06-27 16:54:10,870 [Listener at 127.0.0.1/44473] INFO  server.RaftServerConfigKeys (ConfUtils.java:logGet(46)) - raft.server.leaderelection.leader.step-down.wait-time = 10s (default)
2022-06-27 16:54:10,870 [Listener at 127.0.0.1/44473] INFO  server.RaftServerConfigKeys (ConfUtils.java:logGet(46)) - raft.server.storage.dir = [/home/runner/work/ozone/ozone/hadoop-ozone/integration-test/target/test-dir/MiniOzoneClusterImpl-4b25a9da-6f8d-4450-a121-db50b250e675/datanode-1/data/ratis] (custom)
2022-06-27 16:54:10,876 [Listener at 127.0.0.1/44473] INFO  server.XceiverServerGrpc (XceiverServerGrpc.java:<init>(132)) - GrpcServer channel type EpollServerSocketChannel
2022-06-27 16:54:10,887 [Listener at 127.0.0.1/44473] INFO  http.BaseHttpServer (BaseHttpServer.java:newHttpServer2BuilderForOzone(209)) - Starting Web-server for hddsDatanode at: http://0.0.0.0:0
2022-06-27 16:54:10,887 [Listener at 127.0.0.1/44473] INFO  http.BaseHttpServer (BaseHttpServer.java:<init>(107)) - Hadoop Security Enabled: false Ozone Security Enabled: false Ozone HTTP Security Enabled: false 
2022-06-27 16:54:10,889 [Listener at 127.0.0.1/44473] INFO  server.AuthenticationFilter (AuthenticationFilter.java:constructSecretProvider(240)) - Unable to initialize FileSignerSecretProvider, falling back to use random secrets.
2022-06-27 16:54:10,891 [om1@group-C5BA1605619E-FollowerState] INFO  impl.FollowerState (FollowerState.java:run(143)) - om1@group-C5BA1605619E-FollowerState: change to CANDIDATE, lastRpcElapsedTime:1060767866ns, electionTimeout:1046ms
2022-06-27 16:54:10,892 [om1@group-C5BA1605619E-FollowerState] INFO  impl.RoleInfo (RoleInfo.java:shutdownFollowerState(110)) - om1: shutdown om1@group-C5BA1605619E-FollowerState
2022-06-27 16:54:10,896 [Listener at 127.0.0.1/44473] WARN  http.HttpRequestLog (HttpRequestLog.java:getRequestLog(103)) - Jetty request log can only be enabled using Log4j
2022-06-27 16:54:10,896 [om1@group-C5BA1605619E-FollowerState] INFO  server.RaftServer$Division (RaftServerImpl.java:setRole(299)) - om1@group-C5BA1605619E: changes role from  FOLLOWER to CANDIDATE at term 0 for changeToCandidate
2022-06-27 16:54:10,897 [Listener at 127.0.0.1/44473] INFO  http.HttpServer2 (HttpServer2.java:addGlobalFilter(1029)) - Added global filter 'safety' (class=org.apache.hadoop.hdds.server.http.HttpServer2$QuotingInputFilter)
2022-06-27 16:54:10,898 [Listener at 127.0.0.1/44473] INFO  http.HttpServer2 (HttpServer2.java:addFilter(1005)) - Added filter static_user_filter (class=org.apache.hadoop.http.lib.StaticUserWebFilter$StaticUserFilter) to context hddsDatanode
2022-06-27 16:54:10,898 [Listener at 127.0.0.1/44473] INFO  http.HttpServer2 (HttpServer2.java:addFilter(1013)) - Added filter static_user_filter (class=org.apache.hadoop.http.lib.StaticUserWebFilter$StaticUserFilter) to context logs
2022-06-27 16:54:10,898 [Listener at 127.0.0.1/44473] INFO  http.HttpServer2 (HttpServer2.java:addFilter(1013)) - Added filter static_user_filter (class=org.apache.hadoop.http.lib.StaticUserWebFilter$StaticUserFilter) to context static
2022-06-27 16:54:10,898 [Listener at 127.0.0.1/44473] INFO  http.HttpServer2 (HttpServer2.java:bindListener(1248)) - Jetty bound to port 36701
2022-06-27 16:54:10,899 [Listener at 127.0.0.1/44473] INFO  server.Server (Server.java:doStart(375)) - jetty-9.4.43.v20210629; built: 2021-06-30T11:07:22.254Z; git: 526006ecfa3af7f1a27ef3a288e2bef7ea9dd7e8; jvm 1.8.0_332-b09
2022-06-27 16:54:10,900 [Listener at 127.0.0.1/44473] INFO  server.session (DefaultSessionIdManager.java:doStart(334)) - DefaultSessionIdManager workerName=node0
2022-06-27 16:54:10,900 [Listener at 127.0.0.1/44473] INFO  server.session (DefaultSessionIdManager.java:doStart(339)) - No SessionScavenger set, using defaults
2022-06-27 16:54:10,900 [Listener at 127.0.0.1/44473] INFO  server.session (HouseKeeper.java:startScavenging(132)) - node0 Scavenging every 660000ms
2022-06-27 16:54:10,901 [Listener at 127.0.0.1/44473] INFO  handler.ContextHandler (ContextHandler.java:doStart(915)) - Started o.e.j.s.ServletContextHandler@6bcac08b{logs,/logs,file:///home/runner/work/ozone/ozone/hadoop-ozone/integration-test/target/log,AVAILABLE}
2022-06-27 16:54:10,901 [Listener at 127.0.0.1/44473] INFO  handler.ContextHandler (ContextHandler.java:doStart(915)) - Started o.e.j.s.ServletContextHandler@be2fd67{static,/static,jar:file:/home/runner/.m2/repository/org/apache/ozone/hdds-container-service/1.3.0-SNAPSHOT/hdds-container-service-1.3.0-SNAPSHOT.jar!/webapps/static,AVAILABLE}
2022-06-27 16:54:10,905 [om1@group-C5BA1605619E-FollowerState] INFO  server.RaftServerConfigKeys (ConfUtils.java:logGet(46)) - raft.server.leaderelection.pre-vote = false (custom)
2022-06-27 16:54:10,905 [om1@group-C5BA1605619E-FollowerState] INFO  impl.RoleInfo (RoleInfo.java:updateAndGet(139)) - om1: start om1@group-C5BA1605619E-LeaderElection1
2022-06-27 16:54:10,907 [Datanode State Machine Task Thread - 0] INFO  datanode.InitDatanodeState (InitDatanodeState.java:persistContainerDatanodeDetails(138)) - DatanodeDetails is persisted to /home/runner/work/ozone/ozone/hadoop-ozone/integration-test/target/test-dir/MiniOzoneClusterImpl-4b25a9da-6f8d-4450-a121-db50b250e675/datanode-0/meta/datanode.id
2022-06-27 16:54:10,913 [om1@group-C5BA1605619E-LeaderElection1] INFO  impl.LeaderElection (LeaderElection.java:askForVotes(310)) - om1@group-C5BA1605619E-LeaderElection1 ELECTION round 0: submit vote requests at term 1 for -1: [om1|rpc:localhost:9872|priority:0], old=null
2022-06-27 16:54:10,917 [om1@group-C5BA1605619E-LeaderElection1] INFO  impl.LeaderElection (LeaderElection.java:askForVotes(312)) - om1@group-C5BA1605619E-LeaderElection1 ELECTION round 0: result PASSED (term=1)
2022-06-27 16:54:10,917 [om1@group-C5BA1605619E-LeaderElection1] INFO  impl.RoleInfo (RoleInfo.java:shutdownLeaderElection(130)) - om1: shutdown om1@group-C5BA1605619E-LeaderElection1
2022-06-27 16:54:10,917 [om1@group-C5BA1605619E-LeaderElection1] INFO  server.RaftServer$Division (RaftServerImpl.java:setRole(299)) - om1@group-C5BA1605619E: changes role from CANDIDATE to LEADER at term 1 for changeToLeader
2022-06-27 16:54:10,918 [om1@group-C5BA1605619E-LeaderElection1] INFO  server.RaftServer$Division (ServerState.java:setLeader(287)) - om1@group-C5BA1605619E: change Leader from null to om1 at term 1 for becomeLeader, leader elected after 1882ms
2022-06-27 16:54:10,931 [om1@group-C5BA1605619E-LeaderElection1] INFO  server.RaftServerConfigKeys (ConfUtils.java:logGet(46)) - raft.server.staging.catchup.gap = 1000 (default)
2022-06-27 16:54:10,935 [om1@group-C5BA1605619E-LeaderElection1] INFO  server.RaftServerConfigKeys (ConfUtils.java:logGet(46)) - raft.server.write.element-limit = 4096 (default)
2022-06-27 16:54:10,936 [om1@group-C5BA1605619E-LeaderElection1] INFO  server.RaftServerConfigKeys (ConfUtils.java:logGet(46)) - raft.server.write.byte-limit = 64MB (=67108864) (default)
2022-06-27 16:54:10,940 [om1@group-C5BA1605619E-LeaderElection1] INFO  server.RaftServerConfigKeys (ConfUtils.java:logGet(46)) - raft.server.watch.timeout = 10s (default)
2022-06-27 16:54:10,940 [om1@group-C5BA1605619E-LeaderElection1] INFO  server.RaftServerConfigKeys (ConfUtils.java:logGet(46)) - raft.server.watch.timeout.denomination = 1s (default)
2022-06-27 16:54:10,941 [om1@group-C5BA1605619E-LeaderElection1] INFO  server.RaftServerConfigKeys (ConfUtils.java:logGet(46)) - raft.server.watch.element-limit = 65536 (default)
2022-06-27 16:54:10,946 [om1@group-C5BA1605619E-LeaderElection1] INFO  server.RaftServerConfigKeys (ConfUtils.java:logGet(46)) - raft.server.write.element-limit = 4096 (default)
2022-06-27 16:54:10,950 [om1@group-C5BA1605619E-LeaderElection1] INFO  server.RaftServerConfigKeys (ConfUtils.java:logGet(46)) - raft.server.write.follower.gap.ratio.max = -1.0 (default)
2022-06-27 16:54:10,953 [om1@group-C5BA1605619E-LeaderElection1] INFO  impl.RoleInfo (RoleInfo.java:updateAndGet(139)) - om1: start om1@group-C5BA1605619E-LeaderStateImpl
2022-06-27 16:54:10,984 [om1@group-C5BA1605619E-LeaderElection1] INFO  segmented.SegmentedRaftLogWorker (SegmentedRaftLogWorker.java:startLogSegment(425)) - om1@group-C5BA1605619E-SegmentedRaftLogWorker: Starting segment from index:0
2022-06-27 16:54:11,052 [om1@group-C5BA1605619E-LeaderElection1] INFO  server.RaftServer$Division (ServerState.java:setRaftConf(393)) - om1@group-C5BA1605619E: set configuration 0: [om1|rpc:localhost:9872|admin:|client:|dataStream:|priority:0], old=null
2022-06-27 16:54:11,093 [om1@group-C5BA1605619E-SegmentedRaftLogWorker] INFO  segmented.SegmentedRaftLogWorker (SegmentedRaftLogWorker.java:execute(629)) - om1@group-C5BA1605619E-SegmentedRaftLogWorker: created new log segment /home/runner/work/ozone/ozone/hadoop-ozone/integration-test/target/test-dir/MiniOzoneClusterImpl-4b25a9da-6f8d-4450-a121-db50b250e675/ozone-meta/ratis/bf265839-605b-3f16-9796-c5ba1605619e/current/log_inprogress_0
2022-06-27 16:54:11,114 [Listener at 127.0.0.1/44473] INFO  handler.ContextHandler (ContextHandler.java:doStart(915)) - Started o.e.j.w.WebAppContext@57290249{hddsDatanode,/,file:///tmp/jetty-0_0_0_0-36701-hdds-container-service-1_3_0-SNAPSHOT_jar-_-any-2624656585808008972/webapp/,AVAILABLE}{jar:file:/home/runner/.m2/repository/org/apache/ozone/hdds-container-service/1.3.0-SNAPSHOT/hdds-container-service-1.3.0-SNAPSHOT.jar!/webapps/hddsDatanode}
2022-06-27 16:54:11,115 [Listener at 127.0.0.1/44473] INFO  server.AbstractConnector (AbstractConnector.java:doStart(331)) - Started ServerConnector@780e214b{HTTP/1.1, (http/1.1)}{0.0.0.0:36701}
2022-06-27 16:54:11,116 [Listener at 127.0.0.1/44473] INFO  server.Server (Server.java:doStart(415)) - Started @8010ms
2022-06-27 16:54:11,116 [Listener at 127.0.0.1/44473] WARN  impl.MetricsSystemImpl (MetricsSystemImpl.java:register(279)) - Sink prometheus already exists!
2022-06-27 16:54:11,116 [Listener at 127.0.0.1/44473] INFO  http.BaseHttpServer (BaseHttpServer.java:updateConnectorAddress(329)) - HTTP server of hddsDatanode listening at http://0.0.0.0:36701
2022-06-27 16:54:11,121 [Listener at 127.0.0.1/44473] WARN  impl.MetricRegistriesImpl (MetricRegistriesImpl.java:addReporterRegistration(111)) - New reporters are added after registries were created. Some metrics will be missing from the reporter. Please add reporter before adding any new registry.
2022-06-27 16:54:11,121 [Listener at 127.0.0.1/44473] WARN  impl.MetricRegistriesImpl (MetricRegistriesImpl.java:addReporterRegistration(111)) - New reporters are added after registries were created. Some metrics will be missing from the reporter. Please add reporter before adding any new registry.
2022-06-27 16:54:11,121 [Listener at 127.0.0.1/44473] INFO  impl.MetricsSystemImpl (MetricsSystemImpl.java:init(158)) - HddsDatanode metrics system started (again)
2022-06-27 16:54:11,125 [Datanode State Machine Daemon Thread] INFO  statemachine.DatanodeStateMachine (DatanodeStateMachine.java:lambda$startDaemon$0(492)) - Ozone container server started.
2022-06-27 16:54:11,137 [Listener at 127.0.0.1/44473] INFO  ozone.HddsDatanodeService (HddsDatanodeService.java:start(236)) - HddsDatanodeService host:fv-az215-30.fk02tkdpp51uda4i120yanydqb.bx.internal.cloudapp.net ip:10.1.0.22
2022-06-27 16:54:11,161 [Listener at 127.0.0.1/44473] INFO  upgrade.AbstractLayoutVersionManager (AbstractLayoutVersionManager.java:init(82)) - Initializing Layout version manager with metadata layout = DATANODE_SCHEMA_V3 (version = 4), software layout = DATANODE_SCHEMA_V3 (version = 4)
2022-06-27 16:54:11,190 [org.apache.hadoop.util.JvmPauseMonitor$Monitor@1734e182] INFO  util.JvmPauseMonitor (JvmPauseMonitor.java:run(188)) - Starting JVM pause monitor
2022-06-27 16:54:11,206 [Datanode State Machine Task Thread - 0] INFO  datanode.InitDatanodeState (InitDatanodeState.java:persistContainerDatanodeDetails(138)) - DatanodeDetails is persisted to /home/runner/work/ozone/ozone/hadoop-ozone/integration-test/target/test-dir/MiniOzoneClusterImpl-4b25a9da-6f8d-4450-a121-db50b250e675/datanode-1/meta/datanode.id
2022-06-27 16:54:11,211 [om1@group-C5BA1605619E-StateMachineUpdater] INFO  ratis.OzoneManagerStateMachine (OzoneManagerStateMachine.java:notifyConfigurationChanged(192)) - Received Configuration change notification from Ratis. New Peer list:
[id: "om1"
address: "localhost:9872"
]
2022-06-27 16:54:11,226 [Listener at 127.0.0.1/44473] INFO  reflections.Reflections (Reflections.java:scan(232)) - Reflections took 64 ms to scan 7 urls, producing 131 keys and 316 values 
2022-06-27 16:54:11,227 [Listener at 127.0.0.1/44473] INFO  statemachine.DatanodeStateMachine (DatanodeStateMachine.java:getEndPointTaskThreadPoolSize(237)) - Datanode State Machine Task Thread Pool size 2
2022-06-27 16:54:11,230 [Listener at 127.0.0.1/44473] INFO  volume.HddsVolume (HddsVolume.java:<init>(116)) - Creating HddsVolume: /home/runner/work/ozone/ozone/hadoop-ozone/integration-test/target/test-dir/MiniOzoneClusterImpl-4b25a9da-6f8d-4450-a121-db50b250e675/datanode-2/data-0/containers/hdds of storage type : DISK capacity : 9223372036854775807
2022-06-27 16:54:11,230 [Listener at 127.0.0.1/44473] INFO  volume.MutableVolumeSet (MutableVolumeSet.java:initializeVolumeSet(174)) - Added Volume : /home/runner/work/ozone/ozone/hadoop-ozone/integration-test/target/test-dir/MiniOzoneClusterImpl-4b25a9da-6f8d-4450-a121-db50b250e675/datanode-2/data-0/containers/hdds to VolumeSet
2022-06-27 16:54:11,230 [Listener at 127.0.0.1/44473] INFO  volume.ThrottledAsyncChecker (ThrottledAsyncChecker.java:schedule(141)) - Scheduling a check for /home/runner/work/ozone/ozone/hadoop-ozone/integration-test/target/test-dir/MiniOzoneClusterImpl-4b25a9da-6f8d-4450-a121-db50b250e675/datanode-2/data-0/containers/hdds
2022-06-27 16:54:11,237 [Listener at 127.0.0.1/44473] INFO  volume.StorageVolumeChecker (StorageVolumeChecker.java:checkAllVolumes(202)) - Scheduled health check for volume /home/runner/work/ozone/ozone/hadoop-ozone/integration-test/target/test-dir/MiniOzoneClusterImpl-4b25a9da-6f8d-4450-a121-db50b250e675/datanode-2/data-0/containers/hdds
2022-06-27 16:54:11,247 [Listener at 127.0.0.1/44473] INFO  volume.MutableVolumeSet (MutableVolumeSet.java:initializeVolumeSet(174)) - Added Volume : /home/runner/work/ozone/ozone/hadoop-ozone/integration-test/target/test-dir/MiniOzoneClusterImpl-4b25a9da-6f8d-4450-a121-db50b250e675/datanode-2/data/ratis to VolumeSet
2022-06-27 16:54:11,247 [Listener at 127.0.0.1/44473] INFO  volume.ThrottledAsyncChecker (ThrottledAsyncChecker.java:schedule(141)) - Scheduling a check for /home/runner/work/ozone/ozone/hadoop-ozone/integration-test/target/test-dir/MiniOzoneClusterImpl-4b25a9da-6f8d-4450-a121-db50b250e675/datanode-2/data/ratis
2022-06-27 16:54:11,247 [Listener at 127.0.0.1/44473] INFO  volume.StorageVolumeChecker (StorageVolumeChecker.java:checkAllVolumes(202)) - Scheduled health check for volume /home/runner/work/ozone/ozone/hadoop-ozone/integration-test/target/test-dir/MiniOzoneClusterImpl-4b25a9da-6f8d-4450-a121-db50b250e675/datanode-2/data/ratis
2022-06-27 16:54:11,260 [Thread-162] INFO  ozoneimpl.ContainerReader (ContainerReader.java:readVolume(172)) - Finish verifying containers on volume /home/runner/work/ozone/ozone/hadoop-ozone/integration-test/target/test-dir/MiniOzoneClusterImpl-4b25a9da-6f8d-4450-a121-db50b250e675/datanode-2/data-0/containers/hdds
2022-06-27 16:54:11,261 [Listener at 127.0.0.1/44473] INFO  ozoneimpl.OzoneContainer (OzoneContainer.java:buildContainerSet(266)) - Build ContainerSet costs 0s
2022-06-27 16:54:11,263 [Listener at 127.0.0.1/44473] INFO  server.RaftServer (ConfUtils.java:logGet(46)) - raft.rpc.type = GRPC (default)
2022-06-27 16:54:11,264 [Listener at 127.0.0.1/44473] INFO  grpc.GrpcFactory (GrpcFactory.java:checkPooledByteBufAllocatorUseCacheForAllThreads(48)) - PERFORMANCE WARNING: useCacheForAllThreads is true that may cause Netty to create a lot garbage objects and, as a result, trigger GC.
	It is recommended to disable useCacheForAllThreads by setting -Dorg.apache.ratis.thirdparty.io.netty.allocator.useCacheForAllThreads=false in command line.
2022-06-27 16:54:11,264 [Listener at 127.0.0.1/44473] INFO  grpc.GrpcConfigKeys (ConfUtils.java:logGet(46)) - raft.grpc.admin.port = 0 (custom)
2022-06-27 16:54:11,264 [Listener at 127.0.0.1/44473] INFO  grpc.GrpcConfigKeys (ConfUtils.java:logGet(46)) - raft.grpc.client.port = 0 (custom)
2022-06-27 16:54:11,264 [Listener at 127.0.0.1/44473] INFO  grpc.GrpcConfigKeys (ConfUtils.java:logGet(46)) - raft.grpc.server.port = 0 (default)
2022-06-27 16:54:11,264 [Listener at 127.0.0.1/44473] INFO  server.GrpcService (ConfUtils.java:logGet(46)) - raft.grpc.message.size.max = 32MB (=33554432) (custom)
2022-06-27 16:54:11,264 [Listener at 127.0.0.1/44473] INFO  server.RaftServerConfigKeys (ConfUtils.java:logGet(46)) - raft.server.log.appender.buffer.byte-limit = 33554432 (custom)
2022-06-27 16:54:11,264 [Listener at 127.0.0.1/44473] INFO  server.GrpcService (ConfUtils.java:logGet(46)) - raft.grpc.flow.control.window = 5MB (=5242880) (custom)
2022-06-27 16:54:11,264 [Listener at 127.0.0.1/44473] INFO  server.RaftServerConfigKeys (ConfUtils.java:logGet(46)) - raft.server.rpc.request.timeout = 60s (custom)
2022-06-27 16:54:11,268 [Listener at 127.0.0.1/44473] INFO  grpc.GrpcConfigKeys (ConfUtils.java:logGet(46)) - raft.grpc.server.async.request.thread.pool.cached = true (default)
2022-06-27 16:54:11,268 [Listener at 127.0.0.1/44473] INFO  grpc.GrpcConfigKeys (ConfUtils.java:logGet(46)) - raft.grpc.server.async.request.thread.pool.size = 32 (default)
2022-06-27 16:54:11,269 [Listener at 127.0.0.1/44473] INFO  impl.DataStreamServerImpl (ConfUtils.java:logGet(46)) - raft.datastream.type = DISABLED (default)
2022-06-27 16:54:11,269 [Listener at 127.0.0.1/44473] INFO  server.RaftServerConfigKeys (ConfUtils.java:logGet(46)) - raft.server.threadpool.proxy.cached = true (default)
2022-06-27 16:54:11,269 [Listener at 127.0.0.1/44473] INFO  server.RaftServerConfigKeys (ConfUtils.java:logGet(46)) - raft.server.threadpool.proxy.size = 0 (default)
2022-06-27 16:54:11,270 [Listener at 127.0.0.1/44473] INFO  server.RaftServerConfigKeys (ConfUtils.java:logGet(46)) - raft.server.rpc.slowness.timeout = 300s (custom)
2022-06-27 16:54:11,270 [Listener at 127.0.0.1/44473] INFO  server.RaftServerConfigKeys (ConfUtils.java:logGet(46)) - raft.server.leaderelection.leader.step-down.wait-time = 10s (default)
2022-06-27 16:54:11,270 [Listener at 127.0.0.1/44473] INFO  server.RaftServerConfigKeys (ConfUtils.java:logGet(46)) - raft.server.storage.dir = [/home/runner/work/ozone/ozone/hadoop-ozone/integration-test/target/test-dir/MiniOzoneClusterImpl-4b25a9da-6f8d-4450-a121-db50b250e675/datanode-2/data/ratis] (custom)
2022-06-27 16:54:11,277 [Listener at 127.0.0.1/44473] INFO  server.XceiverServerGrpc (XceiverServerGrpc.java:<init>(132)) - GrpcServer channel type EpollServerSocketChannel
2022-06-27 16:54:11,281 [Listener at 127.0.0.1/44473] INFO  http.BaseHttpServer (BaseHttpServer.java:newHttpServer2BuilderForOzone(209)) - Starting Web-server for hddsDatanode at: http://0.0.0.0:0
2022-06-27 16:54:11,281 [Listener at 127.0.0.1/44473] INFO  http.BaseHttpServer (BaseHttpServer.java:<init>(107)) - Hadoop Security Enabled: false Ozone Security Enabled: false Ozone HTTP Security Enabled: false 
2022-06-27 16:54:11,283 [Listener at 127.0.0.1/44473] INFO  server.AuthenticationFilter (AuthenticationFilter.java:constructSecretProvider(240)) - Unable to initialize FileSignerSecretProvider, falling back to use random secrets.
2022-06-27 16:54:11,283 [Listener at 127.0.0.1/44473] WARN  http.HttpRequestLog (HttpRequestLog.java:getRequestLog(103)) - Jetty request log can only be enabled using Log4j
2022-06-27 16:54:11,285 [Listener at 127.0.0.1/44473] INFO  http.HttpServer2 (HttpServer2.java:addGlobalFilter(1029)) - Added global filter 'safety' (class=org.apache.hadoop.hdds.server.http.HttpServer2$QuotingInputFilter)
2022-06-27 16:54:11,286 [Listener at 127.0.0.1/44473] INFO  http.HttpServer2 (HttpServer2.java:addFilter(1005)) - Added filter static_user_filter (class=org.apache.hadoop.http.lib.StaticUserWebFilter$StaticUserFilter) to context hddsDatanode
2022-06-27 16:54:11,286 [Listener at 127.0.0.1/44473] INFO  http.HttpServer2 (HttpServer2.java:addFilter(1013)) - Added filter static_user_filter (class=org.apache.hadoop.http.lib.StaticUserWebFilter$StaticUserFilter) to context logs
2022-06-27 16:54:11,286 [Listener at 127.0.0.1/44473] INFO  http.HttpServer2 (HttpServer2.java:addFilter(1013)) - Added filter static_user_filter (class=org.apache.hadoop.http.lib.StaticUserWebFilter$StaticUserFilter) to context static
2022-06-27 16:54:11,286 [Listener at 127.0.0.1/44473] INFO  http.HttpServer2 (HttpServer2.java:bindListener(1248)) - Jetty bound to port 39641
2022-06-27 16:54:11,286 [Listener at 127.0.0.1/44473] INFO  server.Server (Server.java:doStart(375)) - jetty-9.4.43.v20210629; built: 2021-06-30T11:07:22.254Z; git: 526006ecfa3af7f1a27ef3a288e2bef7ea9dd7e8; jvm 1.8.0_332-b09
2022-06-27 16:54:11,294 [Listener at 127.0.0.1/44473] INFO  server.session (DefaultSessionIdManager.java:doStart(334)) - DefaultSessionIdManager workerName=node0
2022-06-27 16:54:11,294 [Listener at 127.0.0.1/44473] INFO  server.session (DefaultSessionIdManager.java:doStart(339)) - No SessionScavenger set, using defaults
2022-06-27 16:54:11,294 [Listener at 127.0.0.1/44473] INFO  server.session (HouseKeeper.java:startScavenging(132)) - node0 Scavenging every 660000ms
2022-06-27 16:54:11,295 [Listener at 127.0.0.1/44473] INFO  handler.ContextHandler (ContextHandler.java:doStart(915)) - Started o.e.j.s.ServletContextHandler@2743e9b5{logs,/logs,file:///home/runner/work/ozone/ozone/hadoop-ozone/integration-test/target/log,AVAILABLE}
2022-06-27 16:54:11,295 [Listener at 127.0.0.1/44473] INFO  handler.ContextHandler (ContextHandler.java:doStart(915)) - Started o.e.j.s.ServletContextHandler@25f546b8{static,/static,jar:file:/home/runner/.m2/repository/org/apache/ozone/hdds-container-service/1.3.0-SNAPSHOT/hdds-container-service-1.3.0-SNAPSHOT.jar!/webapps/static,AVAILABLE}
2022-06-27 16:54:11,456 [Listener at 127.0.0.1/44473] INFO  handler.ContextHandler (ContextHandler.java:doStart(915)) - Started o.e.j.w.WebAppContext@36358417{hddsDatanode,/,file:///tmp/jetty-0_0_0_0-39641-hdds-container-service-1_3_0-SNAPSHOT_jar-_-any-720262928398307884/webapp/,AVAILABLE}{jar:file:/home/runner/.m2/repository/org/apache/ozone/hdds-container-service/1.3.0-SNAPSHOT/hdds-container-service-1.3.0-SNAPSHOT.jar!/webapps/hddsDatanode}
2022-06-27 16:54:11,457 [Listener at 127.0.0.1/44473] INFO  server.AbstractConnector (AbstractConnector.java:doStart(331)) - Started ServerConnector@40281457{HTTP/1.1, (http/1.1)}{0.0.0.0:39641}
2022-06-27 16:54:11,457 [Listener at 127.0.0.1/44473] INFO  server.Server (Server.java:doStart(415)) - Started @8352ms
2022-06-27 16:54:11,458 [Listener at 127.0.0.1/44473] WARN  impl.MetricsSystemImpl (MetricsSystemImpl.java:register(279)) - Sink prometheus already exists!
2022-06-27 16:54:11,458 [Listener at 127.0.0.1/44473] INFO  http.BaseHttpServer (BaseHttpServer.java:updateConnectorAddress(329)) - HTTP server of hddsDatanode listening at http://0.0.0.0:39641
2022-06-27 16:54:11,459 [Datanode State Machine Daemon Thread] INFO  statemachine.DatanodeStateMachine (DatanodeStateMachine.java:lambda$startDaemon$0(492)) - Ozone container server started.
2022-06-27 16:54:11,459 [Listener at 127.0.0.1/44473] WARN  impl.MetricRegistriesImpl (MetricRegistriesImpl.java:addReporterRegistration(111)) - New reporters are added after registries were created. Some metrics will be missing from the reporter. Please add reporter before adding any new registry.
2022-06-27 16:54:11,460 [Listener at 127.0.0.1/44473] WARN  impl.MetricRegistriesImpl (MetricRegistriesImpl.java:addReporterRegistration(111)) - New reporters are added after registries were created. Some metrics will be missing from the reporter. Please add reporter before adding any new registry.
2022-06-27 16:54:11,460 [Listener at 127.0.0.1/44473] INFO  impl.MetricsSystemImpl (MetricsSystemImpl.java:init(158)) - HddsDatanode metrics system started (again)
2022-06-27 16:54:11,471 [Listener at 127.0.0.1/44473] INFO  ozone.HddsDatanodeService (HddsDatanodeService.java:start(236)) - HddsDatanodeService host:fv-az215-30.fk02tkdpp51uda4i120yanydqb.bx.internal.cloudapp.net ip:10.1.0.22
2022-06-27 16:54:11,472 [org.apache.hadoop.util.JvmPauseMonitor$Monitor@4dab8a3d] INFO  util.JvmPauseMonitor (JvmPauseMonitor.java:run(188)) - Starting JVM pause monitor
2022-06-27 16:54:11,474 [Datanode State Machine Task Thread - 0] INFO  datanode.InitDatanodeState (InitDatanodeState.java:persistContainerDatanodeDetails(138)) - DatanodeDetails is persisted to /home/runner/work/ozone/ozone/hadoop-ozone/integration-test/target/test-dir/MiniOzoneClusterImpl-4b25a9da-6f8d-4450-a121-db50b250e675/datanode-2/meta/datanode.id
2022-06-27 16:54:11,490 [Listener at 127.0.0.1/44473] INFO  upgrade.AbstractLayoutVersionManager (AbstractLayoutVersionManager.java:init(82)) - Initializing Layout version manager with metadata layout = DATANODE_SCHEMA_V3 (version = 4), software layout = DATANODE_SCHEMA_V3 (version = 4)
2022-06-27 16:54:11,531 [Listener at 127.0.0.1/44473] INFO  reflections.Reflections (Reflections.java:scan(232)) - Reflections took 40 ms to scan 7 urls, producing 131 keys and 316 values 
2022-06-27 16:54:11,532 [Listener at 127.0.0.1/44473] INFO  statemachine.DatanodeStateMachine (DatanodeStateMachine.java:getEndPointTaskThreadPoolSize(237)) - Datanode State Machine Task Thread Pool size 2
2022-06-27 16:54:11,538 [Listener at 127.0.0.1/44473] INFO  volume.HddsVolume (HddsVolume.java:<init>(116)) - Creating HddsVolume: /home/runner/work/ozone/ozone/hadoop-ozone/integration-test/target/test-dir/MiniOzoneClusterImpl-4b25a9da-6f8d-4450-a121-db50b250e675/datanode-3/data-0/containers/hdds of storage type : DISK capacity : 9223372036854775807
2022-06-27 16:54:11,538 [Listener at 127.0.0.1/44473] INFO  volume.MutableVolumeSet (MutableVolumeSet.java:initializeVolumeSet(174)) - Added Volume : /home/runner/work/ozone/ozone/hadoop-ozone/integration-test/target/test-dir/MiniOzoneClusterImpl-4b25a9da-6f8d-4450-a121-db50b250e675/datanode-3/data-0/containers/hdds to VolumeSet
2022-06-27 16:54:11,538 [Listener at 127.0.0.1/44473] INFO  volume.ThrottledAsyncChecker (ThrottledAsyncChecker.java:schedule(141)) - Scheduling a check for /home/runner/work/ozone/ozone/hadoop-ozone/integration-test/target/test-dir/MiniOzoneClusterImpl-4b25a9da-6f8d-4450-a121-db50b250e675/datanode-3/data-0/containers/hdds
2022-06-27 16:54:11,541 [Listener at 127.0.0.1/44473] INFO  volume.StorageVolumeChecker (StorageVolumeChecker.java:checkAllVolumes(202)) - Scheduled health check for volume /home/runner/work/ozone/ozone/hadoop-ozone/integration-test/target/test-dir/MiniOzoneClusterImpl-4b25a9da-6f8d-4450-a121-db50b250e675/datanode-3/data-0/containers/hdds
2022-06-27 16:54:11,553 [Listener at 127.0.0.1/44473] INFO  volume.MutableVolumeSet (MutableVolumeSet.java:initializeVolumeSet(174)) - Added Volume : /home/runner/work/ozone/ozone/hadoop-ozone/integration-test/target/test-dir/MiniOzoneClusterImpl-4b25a9da-6f8d-4450-a121-db50b250e675/datanode-3/data/ratis to VolumeSet
2022-06-27 16:54:11,554 [Listener at 127.0.0.1/44473] INFO  volume.ThrottledAsyncChecker (ThrottledAsyncChecker.java:schedule(141)) - Scheduling a check for /home/runner/work/ozone/ozone/hadoop-ozone/integration-test/target/test-dir/MiniOzoneClusterImpl-4b25a9da-6f8d-4450-a121-db50b250e675/datanode-3/data/ratis
2022-06-27 16:54:11,554 [Listener at 127.0.0.1/44473] INFO  volume.StorageVolumeChecker (StorageVolumeChecker.java:checkAllVolumes(202)) - Scheduled health check for volume /home/runner/work/ozone/ozone/hadoop-ozone/integration-test/target/test-dir/MiniOzoneClusterImpl-4b25a9da-6f8d-4450-a121-db50b250e675/datanode-3/data/ratis
2022-06-27 16:54:11,565 [Thread-175] INFO  ozoneimpl.ContainerReader (ContainerReader.java:readVolume(172)) - Finish verifying containers on volume /home/runner/work/ozone/ozone/hadoop-ozone/integration-test/target/test-dir/MiniOzoneClusterImpl-4b25a9da-6f8d-4450-a121-db50b250e675/datanode-3/data-0/containers/hdds
2022-06-27 16:54:11,565 [Listener at 127.0.0.1/44473] INFO  ozoneimpl.OzoneContainer (OzoneContainer.java:buildContainerSet(266)) - Build ContainerSet costs 0s
2022-06-27 16:54:11,567 [Listener at 127.0.0.1/44473] INFO  server.RaftServer (ConfUtils.java:logGet(46)) - raft.rpc.type = GRPC (default)
2022-06-27 16:54:11,567 [Listener at 127.0.0.1/44473] INFO  grpc.GrpcFactory (GrpcFactory.java:checkPooledByteBufAllocatorUseCacheForAllThreads(48)) - PERFORMANCE WARNING: useCacheForAllThreads is true that may cause Netty to create a lot garbage objects and, as a result, trigger GC.
	It is recommended to disable useCacheForAllThreads by setting -Dorg.apache.ratis.thirdparty.io.netty.allocator.useCacheForAllThreads=false in command line.
2022-06-27 16:54:11,567 [Listener at 127.0.0.1/44473] INFO  grpc.GrpcConfigKeys (ConfUtils.java:logGet(46)) - raft.grpc.admin.port = 0 (custom)
2022-06-27 16:54:11,567 [Listener at 127.0.0.1/44473] INFO  grpc.GrpcConfigKeys (ConfUtils.java:logGet(46)) - raft.grpc.client.port = 0 (custom)
2022-06-27 16:54:11,568 [Listener at 127.0.0.1/44473] INFO  grpc.GrpcConfigKeys (ConfUtils.java:logGet(46)) - raft.grpc.server.port = 0 (default)
2022-06-27 16:54:11,568 [Listener at 127.0.0.1/44473] INFO  server.GrpcService (ConfUtils.java:logGet(46)) - raft.grpc.message.size.max = 32MB (=33554432) (custom)
2022-06-27 16:54:11,568 [Listener at 127.0.0.1/44473] INFO  server.RaftServerConfigKeys (ConfUtils.java:logGet(46)) - raft.server.log.appender.buffer.byte-limit = 33554432 (custom)
2022-06-27 16:54:11,568 [Listener at 127.0.0.1/44473] INFO  server.GrpcService (ConfUtils.java:logGet(46)) - raft.grpc.flow.control.window = 5MB (=5242880) (custom)
2022-06-27 16:54:11,568 [Listener at 127.0.0.1/44473] INFO  server.RaftServerConfigKeys (ConfUtils.java:logGet(46)) - raft.server.rpc.request.timeout = 60s (custom)
2022-06-27 16:54:11,568 [Listener at 127.0.0.1/44473] INFO  grpc.GrpcConfigKeys (ConfUtils.java:logGet(46)) - raft.grpc.server.async.request.thread.pool.cached = true (default)
2022-06-27 16:54:11,568 [Listener at 127.0.0.1/44473] INFO  grpc.GrpcConfigKeys (ConfUtils.java:logGet(46)) - raft.grpc.server.async.request.thread.pool.size = 32 (default)
2022-06-27 16:54:11,571 [Listener at 127.0.0.1/44473] INFO  impl.DataStreamServerImpl (ConfUtils.java:logGet(46)) - raft.datastream.type = DISABLED (default)
2022-06-27 16:54:11,571 [Listener at 127.0.0.1/44473] INFO  server.RaftServerConfigKeys (ConfUtils.java:logGet(46)) - raft.server.threadpool.proxy.cached = true (default)
2022-06-27 16:54:11,571 [Listener at 127.0.0.1/44473] INFO  server.RaftServerConfigKeys (ConfUtils.java:logGet(46)) - raft.server.threadpool.proxy.size = 0 (default)
2022-06-27 16:54:11,572 [Listener at 127.0.0.1/44473] INFO  server.RaftServerConfigKeys (ConfUtils.java:logGet(46)) - raft.server.rpc.slowness.timeout = 300s (custom)
2022-06-27 16:54:11,572 [Listener at 127.0.0.1/44473] INFO  server.RaftServerConfigKeys (ConfUtils.java:logGet(46)) - raft.server.leaderelection.leader.step-down.wait-time = 10s (default)
2022-06-27 16:54:11,572 [Listener at 127.0.0.1/44473] INFO  server.RaftServerConfigKeys (ConfUtils.java:logGet(46)) - raft.server.storage.dir = [/home/runner/work/ozone/ozone/hadoop-ozone/integration-test/target/test-dir/MiniOzoneClusterImpl-4b25a9da-6f8d-4450-a121-db50b250e675/datanode-3/data/ratis] (custom)
2022-06-27 16:54:11,573 [Listener at 127.0.0.1/44473] INFO  server.XceiverServerGrpc (XceiverServerGrpc.java:<init>(132)) - GrpcServer channel type EpollServerSocketChannel
2022-06-27 16:54:11,577 [Listener at 127.0.0.1/44473] INFO  http.BaseHttpServer (BaseHttpServer.java:newHttpServer2BuilderForOzone(209)) - Starting Web-server for hddsDatanode at: http://0.0.0.0:0
2022-06-27 16:54:11,577 [Listener at 127.0.0.1/44473] INFO  http.BaseHttpServer (BaseHttpServer.java:<init>(107)) - Hadoop Security Enabled: false Ozone Security Enabled: false Ozone HTTP Security Enabled: false 
2022-06-27 16:54:11,578 [Listener at 127.0.0.1/44473] INFO  server.AuthenticationFilter (AuthenticationFilter.java:constructSecretProvider(240)) - Unable to initialize FileSignerSecretProvider, falling back to use random secrets.
2022-06-27 16:54:11,579 [Listener at 127.0.0.1/44473] WARN  http.HttpRequestLog (HttpRequestLog.java:getRequestLog(103)) - Jetty request log can only be enabled using Log4j
2022-06-27 16:54:11,580 [Listener at 127.0.0.1/44473] INFO  http.HttpServer2 (HttpServer2.java:addGlobalFilter(1029)) - Added global filter 'safety' (class=org.apache.hadoop.hdds.server.http.HttpServer2$QuotingInputFilter)
2022-06-27 16:54:11,581 [Listener at 127.0.0.1/44473] INFO  http.HttpServer2 (HttpServer2.java:addFilter(1005)) - Added filter static_user_filter (class=org.apache.hadoop.http.lib.StaticUserWebFilter$StaticUserFilter) to context hddsDatanode
2022-06-27 16:54:11,581 [Listener at 127.0.0.1/44473] INFO  http.HttpServer2 (HttpServer2.java:addFilter(1013)) - Added filter static_user_filter (class=org.apache.hadoop.http.lib.StaticUserWebFilter$StaticUserFilter) to context static
2022-06-27 16:54:11,581 [Listener at 127.0.0.1/44473] INFO  http.HttpServer2 (HttpServer2.java:addFilter(1013)) - Added filter static_user_filter (class=org.apache.hadoop.http.lib.StaticUserWebFilter$StaticUserFilter) to context logs
2022-06-27 16:54:11,582 [Listener at 127.0.0.1/44473] INFO  http.HttpServer2 (HttpServer2.java:bindListener(1248)) - Jetty bound to port 34685
2022-06-27 16:54:11,582 [Listener at 127.0.0.1/44473] INFO  server.Server (Server.java:doStart(375)) - jetty-9.4.43.v20210629; built: 2021-06-30T11:07:22.254Z; git: 526006ecfa3af7f1a27ef3a288e2bef7ea9dd7e8; jvm 1.8.0_332-b09
2022-06-27 16:54:11,586 [Listener at 127.0.0.1/44473] INFO  server.session (DefaultSessionIdManager.java:doStart(334)) - DefaultSessionIdManager workerName=node0
2022-06-27 16:54:11,586 [Listener at 127.0.0.1/44473] INFO  server.session (DefaultSessionIdManager.java:doStart(339)) - No SessionScavenger set, using defaults
2022-06-27 16:54:11,586 [Listener at 127.0.0.1/44473] INFO  server.session (HouseKeeper.java:startScavenging(132)) - node0 Scavenging every 660000ms
2022-06-27 16:54:11,589 [Listener at 127.0.0.1/44473] INFO  handler.ContextHandler (ContextHandler.java:doStart(915)) - Started o.e.j.s.ServletContextHandler@1f402d1{logs,/logs,file:///home/runner/work/ozone/ozone/hadoop-ozone/integration-test/target/log,AVAILABLE}
2022-06-27 16:54:11,589 [Listener at 127.0.0.1/44473] INFO  handler.ContextHandler (ContextHandler.java:doStart(915)) - Started o.e.j.s.ServletContextHandler@1493c922{static,/static,jar:file:/home/runner/.m2/repository/org/apache/ozone/hdds-container-service/1.3.0-SNAPSHOT/hdds-container-service-1.3.0-SNAPSHOT.jar!/webapps/static,AVAILABLE}
2022-06-27 16:54:11,747 [Listener at 127.0.0.1/44473] INFO  handler.ContextHandler (ContextHandler.java:doStart(915)) - Started o.e.j.w.WebAppContext@35b71e90{hddsDatanode,/,file:///tmp/jetty-0_0_0_0-34685-hdds-container-service-1_3_0-SNAPSHOT_jar-_-any-7750321383820786595/webapp/,AVAILABLE}{jar:file:/home/runner/.m2/repository/org/apache/ozone/hdds-container-service/1.3.0-SNAPSHOT/hdds-container-service-1.3.0-SNAPSHOT.jar!/webapps/hddsDatanode}
2022-06-27 16:54:11,750 [Listener at 127.0.0.1/44473] INFO  server.AbstractConnector (AbstractConnector.java:doStart(331)) - Started ServerConnector@6abb34a5{HTTP/1.1, (http/1.1)}{0.0.0.0:34685}
2022-06-27 16:54:11,750 [Listener at 127.0.0.1/44473] INFO  server.Server (Server.java:doStart(415)) - Started @8645ms
2022-06-27 16:54:11,751 [Listener at 127.0.0.1/44473] WARN  impl.MetricsSystemImpl (MetricsSystemImpl.java:register(279)) - Sink prometheus already exists!
2022-06-27 16:54:11,751 [Listener at 127.0.0.1/44473] INFO  http.BaseHttpServer (BaseHttpServer.java:updateConnectorAddress(329)) - HTTP server of hddsDatanode listening at http://0.0.0.0:34685
2022-06-27 16:54:11,752 [Datanode State Machine Daemon Thread] INFO  statemachine.DatanodeStateMachine (DatanodeStateMachine.java:lambda$startDaemon$0(492)) - Ozone container server started.
2022-06-27 16:54:11,753 [Listener at 127.0.0.1/44473] WARN  impl.MetricRegistriesImpl (MetricRegistriesImpl.java:addReporterRegistration(111)) - New reporters are added after registries were created. Some metrics will be missing from the reporter. Please add reporter before adding any new registry.
2022-06-27 16:54:11,753 [Listener at 127.0.0.1/44473] WARN  impl.MetricRegistriesImpl (MetricRegistriesImpl.java:addReporterRegistration(111)) - New reporters are added after registries were created. Some metrics will be missing from the reporter. Please add reporter before adding any new registry.
2022-06-27 16:54:11,753 [Listener at 127.0.0.1/44473] INFO  impl.MetricsSystemImpl (MetricsSystemImpl.java:init(158)) - HddsDatanode metrics system started (again)
2022-06-27 16:54:11,763 [Listener at 127.0.0.1/44473] INFO  ozone.HddsDatanodeService (HddsDatanodeService.java:start(236)) - HddsDatanodeService host:fv-az215-30.fk02tkdpp51uda4i120yanydqb.bx.internal.cloudapp.net ip:10.1.0.22
2022-06-27 16:54:11,764 [org.apache.hadoop.util.JvmPauseMonitor$Monitor@7820eb26] INFO  util.JvmPauseMonitor (JvmPauseMonitor.java:run(188)) - Starting JVM pause monitor
2022-06-27 16:54:11,772 [Datanode State Machine Task Thread - 0] INFO  datanode.InitDatanodeState (InitDatanodeState.java:persistContainerDatanodeDetails(138)) - DatanodeDetails is persisted to /home/runner/work/ozone/ozone/hadoop-ozone/integration-test/target/test-dir/MiniOzoneClusterImpl-4b25a9da-6f8d-4450-a121-db50b250e675/datanode-3/meta/datanode.id
2022-06-27 16:54:11,786 [Listener at 127.0.0.1/44473] INFO  upgrade.AbstractLayoutVersionManager (AbstractLayoutVersionManager.java:init(82)) - Initializing Layout version manager with metadata layout = DATANODE_SCHEMA_V3 (version = 4), software layout = DATANODE_SCHEMA_V3 (version = 4)
2022-06-27 16:54:11,827 [Listener at 127.0.0.1/44473] INFO  reflections.Reflections (Reflections.java:scan(232)) - Reflections took 40 ms to scan 7 urls, producing 131 keys and 316 values 
2022-06-27 16:54:11,829 [Listener at 127.0.0.1/44473] INFO  statemachine.DatanodeStateMachine (DatanodeStateMachine.java:getEndPointTaskThreadPoolSize(237)) - Datanode State Machine Task Thread Pool size 2
2022-06-27 16:54:11,834 [Listener at 127.0.0.1/44473] INFO  volume.HddsVolume (HddsVolume.java:<init>(116)) - Creating HddsVolume: /home/runner/work/ozone/ozone/hadoop-ozone/integration-test/target/test-dir/MiniOzoneClusterImpl-4b25a9da-6f8d-4450-a121-db50b250e675/datanode-4/data-0/containers/hdds of storage type : DISK capacity : 9223372036854775807
2022-06-27 16:54:11,834 [Listener at 127.0.0.1/44473] INFO  volume.MutableVolumeSet (MutableVolumeSet.java:initializeVolumeSet(174)) - Added Volume : /home/runner/work/ozone/ozone/hadoop-ozone/integration-test/target/test-dir/MiniOzoneClusterImpl-4b25a9da-6f8d-4450-a121-db50b250e675/datanode-4/data-0/containers/hdds to VolumeSet
2022-06-27 16:54:11,834 [Listener at 127.0.0.1/44473] INFO  volume.ThrottledAsyncChecker (ThrottledAsyncChecker.java:schedule(141)) - Scheduling a check for /home/runner/work/ozone/ozone/hadoop-ozone/integration-test/target/test-dir/MiniOzoneClusterImpl-4b25a9da-6f8d-4450-a121-db50b250e675/datanode-4/data-0/containers/hdds
2022-06-27 16:54:11,835 [Listener at 127.0.0.1/44473] INFO  volume.StorageVolumeChecker (StorageVolumeChecker.java:checkAllVolumes(202)) - Scheduled health check for volume /home/runner/work/ozone/ozone/hadoop-ozone/integration-test/target/test-dir/MiniOzoneClusterImpl-4b25a9da-6f8d-4450-a121-db50b250e675/datanode-4/data-0/containers/hdds
2022-06-27 16:54:11,846 [Listener at 127.0.0.1/44473] INFO  volume.MutableVolumeSet (MutableVolumeSet.java:initializeVolumeSet(174)) - Added Volume : /home/runner/work/ozone/ozone/hadoop-ozone/integration-test/target/test-dir/MiniOzoneClusterImpl-4b25a9da-6f8d-4450-a121-db50b250e675/datanode-4/data/ratis to VolumeSet
2022-06-27 16:54:11,846 [Listener at 127.0.0.1/44473] INFO  volume.ThrottledAsyncChecker (ThrottledAsyncChecker.java:schedule(141)) - Scheduling a check for /home/runner/work/ozone/ozone/hadoop-ozone/integration-test/target/test-dir/MiniOzoneClusterImpl-4b25a9da-6f8d-4450-a121-db50b250e675/datanode-4/data/ratis
2022-06-27 16:54:11,846 [Listener at 127.0.0.1/44473] INFO  volume.StorageVolumeChecker (StorageVolumeChecker.java:checkAllVolumes(202)) - Scheduled health check for volume /home/runner/work/ozone/ozone/hadoop-ozone/integration-test/target/test-dir/MiniOzoneClusterImpl-4b25a9da-6f8d-4450-a121-db50b250e675/datanode-4/data/ratis
2022-06-27 16:54:11,857 [Thread-188] INFO  ozoneimpl.ContainerReader (ContainerReader.java:readVolume(172)) - Finish verifying containers on volume /home/runner/work/ozone/ozone/hadoop-ozone/integration-test/target/test-dir/MiniOzoneClusterImpl-4b25a9da-6f8d-4450-a121-db50b250e675/datanode-4/data-0/containers/hdds
2022-06-27 16:54:11,857 [Listener at 127.0.0.1/44473] INFO  ozoneimpl.OzoneContainer (OzoneContainer.java:buildContainerSet(266)) - Build ContainerSet costs 0s
2022-06-27 16:54:11,859 [Listener at 127.0.0.1/44473] INFO  server.RaftServer (ConfUtils.java:logGet(46)) - raft.rpc.type = GRPC (default)
2022-06-27 16:54:11,860 [Listener at 127.0.0.1/44473] INFO  grpc.GrpcFactory (GrpcFactory.java:checkPooledByteBufAllocatorUseCacheForAllThreads(48)) - PERFORMANCE WARNING: useCacheForAllThreads is true that may cause Netty to create a lot garbage objects and, as a result, trigger GC.
	It is recommended to disable useCacheForAllThreads by setting -Dorg.apache.ratis.thirdparty.io.netty.allocator.useCacheForAllThreads=false in command line.
2022-06-27 16:54:11,860 [Listener at 127.0.0.1/44473] INFO  grpc.GrpcConfigKeys (ConfUtils.java:logGet(46)) - raft.grpc.admin.port = 0 (custom)
2022-06-27 16:54:11,860 [Listener at 127.0.0.1/44473] INFO  grpc.GrpcConfigKeys (ConfUtils.java:logGet(46)) - raft.grpc.client.port = 0 (custom)
2022-06-27 16:54:11,860 [Listener at 127.0.0.1/44473] INFO  grpc.GrpcConfigKeys (ConfUtils.java:logGet(46)) - raft.grpc.server.port = 0 (default)
2022-06-27 16:54:11,860 [Listener at 127.0.0.1/44473] INFO  server.GrpcService (ConfUtils.java:logGet(46)) - raft.grpc.message.size.max = 32MB (=33554432) (custom)
2022-06-27 16:54:11,860 [Listener at 127.0.0.1/44473] INFO  server.RaftServerConfigKeys (ConfUtils.java:logGet(46)) - raft.server.log.appender.buffer.byte-limit = 33554432 (custom)
2022-06-27 16:54:11,860 [Listener at 127.0.0.1/44473] INFO  server.GrpcService (ConfUtils.java:logGet(46)) - raft.grpc.flow.control.window = 5MB (=5242880) (custom)
2022-06-27 16:54:11,860 [Listener at 127.0.0.1/44473] INFO  server.RaftServerConfigKeys (ConfUtils.java:logGet(46)) - raft.server.rpc.request.timeout = 60s (custom)
2022-06-27 16:54:11,860 [Listener at 127.0.0.1/44473] INFO  grpc.GrpcConfigKeys (ConfUtils.java:logGet(46)) - raft.grpc.server.async.request.thread.pool.cached = true (default)
2022-06-27 16:54:11,861 [Listener at 127.0.0.1/44473] INFO  grpc.GrpcConfigKeys (ConfUtils.java:logGet(46)) - raft.grpc.server.async.request.thread.pool.size = 32 (default)
2022-06-27 16:54:11,862 [Listener at 127.0.0.1/44473] INFO  impl.DataStreamServerImpl (ConfUtils.java:logGet(46)) - raft.datastream.type = DISABLED (default)
2022-06-27 16:54:11,862 [Listener at 127.0.0.1/44473] INFO  server.RaftServerConfigKeys (ConfUtils.java:logGet(46)) - raft.server.threadpool.proxy.cached = true (default)
2022-06-27 16:54:11,862 [Listener at 127.0.0.1/44473] INFO  server.RaftServerConfigKeys (ConfUtils.java:logGet(46)) - raft.server.threadpool.proxy.size = 0 (default)
2022-06-27 16:54:11,862 [Listener at 127.0.0.1/44473] INFO  server.RaftServerConfigKeys (ConfUtils.java:logGet(46)) - raft.server.rpc.slowness.timeout = 300s (custom)
2022-06-27 16:54:11,862 [Listener at 127.0.0.1/44473] INFO  server.RaftServerConfigKeys (ConfUtils.java:logGet(46)) - raft.server.leaderelection.leader.step-down.wait-time = 10s (default)
2022-06-27 16:54:11,862 [Listener at 127.0.0.1/44473] INFO  server.RaftServerConfigKeys (ConfUtils.java:logGet(46)) - raft.server.storage.dir = [/home/runner/work/ozone/ozone/hadoop-ozone/integration-test/target/test-dir/MiniOzoneClusterImpl-4b25a9da-6f8d-4450-a121-db50b250e675/datanode-4/data/ratis] (custom)
2022-06-27 16:54:11,864 [Listener at 127.0.0.1/44473] INFO  server.XceiverServerGrpc (XceiverServerGrpc.java:<init>(132)) - GrpcServer channel type EpollServerSocketChannel
2022-06-27 16:54:11,870 [Listener at 127.0.0.1/44473] INFO  http.BaseHttpServer (BaseHttpServer.java:newHttpServer2BuilderForOzone(209)) - Starting Web-server for hddsDatanode at: http://0.0.0.0:0
2022-06-27 16:54:11,870 [Listener at 127.0.0.1/44473] INFO  http.BaseHttpServer (BaseHttpServer.java:<init>(107)) - Hadoop Security Enabled: false Ozone Security Enabled: false Ozone HTTP Security Enabled: false 
2022-06-27 16:54:11,871 [Listener at 127.0.0.1/44473] INFO  server.AuthenticationFilter (AuthenticationFilter.java:constructSecretProvider(240)) - Unable to initialize FileSignerSecretProvider, falling back to use random secrets.
2022-06-27 16:54:11,872 [Listener at 127.0.0.1/44473] WARN  http.HttpRequestLog (HttpRequestLog.java:getRequestLog(103)) - Jetty request log can only be enabled using Log4j
2022-06-27 16:54:11,873 [Listener at 127.0.0.1/44473] INFO  http.HttpServer2 (HttpServer2.java:addGlobalFilter(1029)) - Added global filter 'safety' (class=org.apache.hadoop.hdds.server.http.HttpServer2$QuotingInputFilter)
2022-06-27 16:54:11,874 [Listener at 127.0.0.1/44473] INFO  http.HttpServer2 (HttpServer2.java:addFilter(1005)) - Added filter static_user_filter (class=org.apache.hadoop.http.lib.StaticUserWebFilter$StaticUserFilter) to context hddsDatanode
2022-06-27 16:54:11,874 [Listener at 127.0.0.1/44473] INFO  http.HttpServer2 (HttpServer2.java:addFilter(1013)) - Added filter static_user_filter (class=org.apache.hadoop.http.lib.StaticUserWebFilter$StaticUserFilter) to context logs
2022-06-27 16:54:11,874 [Listener at 127.0.0.1/44473] INFO  http.HttpServer2 (HttpServer2.java:addFilter(1013)) - Added filter static_user_filter (class=org.apache.hadoop.http.lib.StaticUserWebFilter$StaticUserFilter) to context static
2022-06-27 16:54:11,875 [Listener at 127.0.0.1/44473] INFO  http.HttpServer2 (HttpServer2.java:bindListener(1248)) - Jetty bound to port 33759
2022-06-27 16:54:11,875 [Listener at 127.0.0.1/44473] INFO  server.Server (Server.java:doStart(375)) - jetty-9.4.43.v20210629; built: 2021-06-30T11:07:22.254Z; git: 526006ecfa3af7f1a27ef3a288e2bef7ea9dd7e8; jvm 1.8.0_332-b09
2022-06-27 16:54:11,881 [Listener at 127.0.0.1/44473] INFO  server.session (DefaultSessionIdManager.java:doStart(334)) - DefaultSessionIdManager workerName=node0
2022-06-27 16:54:11,882 [Listener at 127.0.0.1/44473] INFO  server.session (DefaultSessionIdManager.java:doStart(339)) - No SessionScavenger set, using defaults
2022-06-27 16:54:11,882 [Listener at 127.0.0.1/44473] INFO  server.session (HouseKeeper.java:startScavenging(132)) - node0 Scavenging every 660000ms
2022-06-27 16:54:11,883 [Listener at 127.0.0.1/44473] INFO  handler.ContextHandler (ContextHandler.java:doStart(915)) - Started o.e.j.s.ServletContextHandler@792149c8{logs,/logs,file:///home/runner/work/ozone/ozone/hadoop-ozone/integration-test/target/log,AVAILABLE}
2022-06-27 16:54:11,883 [Listener at 127.0.0.1/44473] INFO  handler.ContextHandler (ContextHandler.java:doStart(915)) - Started o.e.j.s.ServletContextHandler@65399087{static,/static,jar:file:/home/runner/.m2/repository/org/apache/ozone/hdds-container-service/1.3.0-SNAPSHOT/hdds-container-service-1.3.0-SNAPSHOT.jar!/webapps/static,AVAILABLE}
2022-06-27 16:54:12,044 [Listener at 127.0.0.1/44473] INFO  handler.ContextHandler (ContextHandler.java:doStart(915)) - Started o.e.j.w.WebAppContext@671f1e0a{hddsDatanode,/,file:///tmp/jetty-0_0_0_0-33759-hdds-container-service-1_3_0-SNAPSHOT_jar-_-any-6957656383417696811/webapp/,AVAILABLE}{jar:file:/home/runner/.m2/repository/org/apache/ozone/hdds-container-service/1.3.0-SNAPSHOT/hdds-container-service-1.3.0-SNAPSHOT.jar!/webapps/hddsDatanode}
2022-06-27 16:54:12,045 [Listener at 127.0.0.1/44473] INFO  server.AbstractConnector (AbstractConnector.java:doStart(331)) - Started ServerConnector@7baa178{HTTP/1.1, (http/1.1)}{0.0.0.0:33759}
2022-06-27 16:54:12,045 [Listener at 127.0.0.1/44473] INFO  server.Server (Server.java:doStart(415)) - Started @8939ms
2022-06-27 16:54:12,045 [Listener at 127.0.0.1/44473] WARN  impl.MetricsSystemImpl (MetricsSystemImpl.java:register(279)) - Sink prometheus already exists!
2022-06-27 16:54:12,046 [Listener at 127.0.0.1/44473] INFO  http.BaseHttpServer (BaseHttpServer.java:updateConnectorAddress(329)) - HTTP server of hddsDatanode listening at http://0.0.0.0:33759
2022-06-27 16:54:12,047 [Datanode State Machine Daemon Thread] INFO  statemachine.DatanodeStateMachine (DatanodeStateMachine.java:lambda$startDaemon$0(492)) - Ozone container server started.
2022-06-27 16:54:12,050 [Listener at 127.0.0.1/44473] INFO  ozone.MiniOzoneClusterImpl (MiniOzoneClusterImpl.java:lambda$waitForClusterToBeReady$0(223)) - Waiting for nodes to be ready. Got 0 of 5 DN Heartbeats.
2022-06-27 16:54:12,051 [Listener at 127.0.0.1/44473] INFO  ozone.MiniOzoneClusterImpl (MiniOzoneClusterImpl.java:lambda$waitForClusterToBeReady$0(226)) - Waiting for cluster to exit safe mode
2022-06-27 16:54:12,051 [Listener at 127.0.0.1/44473] INFO  ozone.MiniOzoneClusterImpl (MiniOzoneClusterImpl.java:lambda$waitForClusterToBeReady$0(228)) - SCM became leader
2022-06-27 16:54:12,052 [org.apache.hadoop.util.JvmPauseMonitor$Monitor@4a370004] INFO  util.JvmPauseMonitor (JvmPauseMonitor.java:run(188)) - Starting JVM pause monitor
2022-06-27 16:54:12,054 [Datanode State Machine Task Thread - 0] INFO  datanode.InitDatanodeState (InitDatanodeState.java:persistContainerDatanodeDetails(138)) - DatanodeDetails is persisted to /home/runner/work/ozone/ozone/hadoop-ozone/integration-test/target/test-dir/MiniOzoneClusterImpl-4b25a9da-6f8d-4450-a121-db50b250e675/datanode-4/meta/datanode.id
2022-06-27 16:54:12,823 [EndpointStateMachine task thread for /0.0.0.0:34337 - 0 ] INFO  volume.HddsVolume (HddsVolume.java:createDbStore(309)) - SchemaV3 db is created and loaded at /home/runner/work/ozone/ozone/hadoop-ozone/integration-test/target/test-dir/MiniOzoneClusterImpl-4b25a9da-6f8d-4450-a121-db50b250e675/datanode-0/data-0/containers/hdds/4b25a9da-6f8d-4450-a121-db50b250e675/DS-1dcfac4e-bbdd-4638-a2e2-7b006de7618e/container.db for volume DS-1dcfac4e-bbdd-4638-a2e2-7b006de7618e
2022-06-27 16:54:12,826 [EndpointStateMachine task thread for /0.0.0.0:34337 - 0 ] INFO  volume.HddsVolume (HddsVolume.java:closeDbStore(340)) - SchemaV3 db is stopped at /home/runner/work/ozone/ozone/hadoop-ozone/integration-test/target/test-dir/MiniOzoneClusterImpl-4b25a9da-6f8d-4450-a121-db50b250e675/datanode-0/data-0/containers/hdds/4b25a9da-6f8d-4450-a121-db50b250e675/DS-1dcfac4e-bbdd-4638-a2e2-7b006de7618e/container.db for volume DS-1dcfac4e-bbdd-4638-a2e2-7b006de7618e
2022-06-27 16:54:12,826 [EndpointStateMachine task thread for /0.0.0.0:34337 - 0 ] INFO  ozoneimpl.OzoneContainer (OzoneContainer.java:start(344)) - Attempting to start container services.
2022-06-27 16:54:12,828 [EndpointStateMachine task thread for /0.0.0.0:34337 - 0 ] INFO  ozoneimpl.OzoneContainer (OzoneContainer.java:startContainerScrub(279)) - Background container scanner has been disabled.
2022-06-27 16:54:12,830 [EndpointStateMachine task thread for /0.0.0.0:34337 - 0 ] INFO  replication.ReplicationServer (ReplicationServer.java:start(111)) - ReplicationServer is started using port 46137
2022-06-27 16:54:12,832 [EndpointStateMachine task thread for /0.0.0.0:34337 - 0 ] INFO  ratis.XceiverServerRatis (XceiverServerRatis.java:start(481)) - Starting XceiverServerRatis 28725b92-7534-4808-bd3a-f7d426359eac
2022-06-27 16:54:12,837 [EndpointStateMachine task thread for /0.0.0.0:34337 - 0 ] INFO  server.RaftServer (RaftServerProxy.java:lambda$start$6(382)) - 28725b92-7534-4808-bd3a-f7d426359eac: start RPC server
2022-06-27 16:54:12,843 [EndpointStateMachine task thread for /0.0.0.0:34337 - 0 ] INFO  server.GrpcService (GrpcService.java:startImpl(260)) - 28725b92-7534-4808-bd3a-f7d426359eac: GrpcService started, listening on 46711
2022-06-27 16:54:12,844 [EndpointStateMachine task thread for /0.0.0.0:34337 - 0 ] INFO  ratis.XceiverServerRatis (XceiverServerRatis.java:getRealPort(502)) - XceiverServerRatis 28725b92-7534-4808-bd3a-f7d426359eac is started using port 46711 for RATIS
2022-06-27 16:54:12,844 [EndpointStateMachine task thread for /0.0.0.0:34337 - 0 ] INFO  ratis.XceiverServerRatis (XceiverServerRatis.java:getRealPort(502)) - XceiverServerRatis 28725b92-7534-4808-bd3a-f7d426359eac is started using port 46711 for RATIS_ADMIN
2022-06-27 16:54:12,844 [EndpointStateMachine task thread for /0.0.0.0:34337 - 0 ] INFO  ratis.XceiverServerRatis (XceiverServerRatis.java:getRealPort(502)) - XceiverServerRatis 28725b92-7534-4808-bd3a-f7d426359eac is started using port 46711 for RATIS_SERVER
2022-06-27 16:54:12,844 [org.apache.ratis.util.JvmPauseMonitor$$Lambda$611/5070432@3edd3a0d] INFO  util.JvmPauseMonitor (JvmPauseMonitor.java:run(103)) - JvmPauseMonitor-28725b92-7534-4808-bd3a-f7d426359eac: Started
2022-06-27 16:54:12,851 [EndpointStateMachine task thread for /0.0.0.0:34337 - 0 ] INFO  server.XceiverServerGrpc (XceiverServerGrpc.java:start(180)) - XceiverServerGrpc 28725b92-7534-4808-bd3a-f7d426359eac is started using port 45937
2022-06-27 16:54:13,051 [Listener at 127.0.0.1/44473] INFO  ozone.MiniOzoneClusterImpl (MiniOzoneClusterImpl.java:lambda$waitForClusterToBeReady$0(223)) - Waiting for nodes to be ready. Got 0 of 5 DN Heartbeats.
2022-06-27 16:54:13,051 [Listener at 127.0.0.1/44473] INFO  ozone.MiniOzoneClusterImpl (MiniOzoneClusterImpl.java:lambda$waitForClusterToBeReady$0(226)) - Waiting for cluster to exit safe mode
2022-06-27 16:54:13,051 [Listener at 127.0.0.1/44473] INFO  ozone.MiniOzoneClusterImpl (MiniOzoneClusterImpl.java:lambda$waitForClusterToBeReady$0(228)) - SCM became leader
2022-06-27 16:54:13,219 [EndpointStateMachine task thread for /0.0.0.0:34337 - 0 ] INFO  volume.HddsVolume (HddsVolume.java:createDbStore(309)) - SchemaV3 db is created and loaded at /home/runner/work/ozone/ozone/hadoop-ozone/integration-test/target/test-dir/MiniOzoneClusterImpl-4b25a9da-6f8d-4450-a121-db50b250e675/datanode-1/data-0/containers/hdds/4b25a9da-6f8d-4450-a121-db50b250e675/DS-0b784580-c2c7-44c8-89d3-67a6cea38959/container.db for volume DS-0b784580-c2c7-44c8-89d3-67a6cea38959
2022-06-27 16:54:13,219 [EndpointStateMachine task thread for /0.0.0.0:34337 - 0 ] INFO  volume.HddsVolume (HddsVolume.java:closeDbStore(340)) - SchemaV3 db is stopped at /home/runner/work/ozone/ozone/hadoop-ozone/integration-test/target/test-dir/MiniOzoneClusterImpl-4b25a9da-6f8d-4450-a121-db50b250e675/datanode-1/data-0/containers/hdds/4b25a9da-6f8d-4450-a121-db50b250e675/DS-0b784580-c2c7-44c8-89d3-67a6cea38959/container.db for volume DS-0b784580-c2c7-44c8-89d3-67a6cea38959
2022-06-27 16:54:13,219 [EndpointStateMachine task thread for /0.0.0.0:34337 - 0 ] INFO  ozoneimpl.OzoneContainer (OzoneContainer.java:start(344)) - Attempting to start container services.
2022-06-27 16:54:13,219 [EndpointStateMachine task thread for /0.0.0.0:34337 - 0 ] INFO  ozoneimpl.OzoneContainer (OzoneContainer.java:startContainerScrub(279)) - Background container scanner has been disabled.
2022-06-27 16:54:13,222 [EndpointStateMachine task thread for /0.0.0.0:34337 - 0 ] INFO  replication.ReplicationServer (ReplicationServer.java:start(111)) - ReplicationServer is started using port 32799
2022-06-27 16:54:13,223 [EndpointStateMachine task thread for /0.0.0.0:34337 - 0 ] INFO  ratis.XceiverServerRatis (XceiverServerRatis.java:start(481)) - Starting XceiverServerRatis ccff8009-bc9c-45e1-9925-30de1c0d3a9d
2022-06-27 16:54:13,223 [EndpointStateMachine task thread for /0.0.0.0:34337 - 0 ] INFO  server.RaftServer (RaftServerProxy.java:lambda$start$6(382)) - ccff8009-bc9c-45e1-9925-30de1c0d3a9d: start RPC server
2022-06-27 16:54:13,225 [EndpointStateMachine task thread for /0.0.0.0:34337 - 0 ] INFO  server.GrpcService (GrpcService.java:startImpl(260)) - ccff8009-bc9c-45e1-9925-30de1c0d3a9d: GrpcService started, listening on 41485
2022-06-27 16:54:13,225 [EndpointStateMachine task thread for /0.0.0.0:34337 - 0 ] INFO  ratis.XceiverServerRatis (XceiverServerRatis.java:getRealPort(502)) - XceiverServerRatis ccff8009-bc9c-45e1-9925-30de1c0d3a9d is started using port 41485 for RATIS
2022-06-27 16:54:13,225 [EndpointStateMachine task thread for /0.0.0.0:34337 - 0 ] INFO  ratis.XceiverServerRatis (XceiverServerRatis.java:getRealPort(502)) - XceiverServerRatis ccff8009-bc9c-45e1-9925-30de1c0d3a9d is started using port 41485 for RATIS_ADMIN
2022-06-27 16:54:13,225 [org.apache.ratis.util.JvmPauseMonitor$$Lambda$611/5070432@7df6ebb7] INFO  util.JvmPauseMonitor (JvmPauseMonitor.java:run(103)) - JvmPauseMonitor-ccff8009-bc9c-45e1-9925-30de1c0d3a9d: Started
2022-06-27 16:54:13,225 [EndpointStateMachine task thread for /0.0.0.0:34337 - 0 ] INFO  ratis.XceiverServerRatis (XceiverServerRatis.java:getRealPort(502)) - XceiverServerRatis ccff8009-bc9c-45e1-9925-30de1c0d3a9d is started using port 41485 for RATIS_SERVER
2022-06-27 16:54:13,227 [EndpointStateMachine task thread for /0.0.0.0:34337 - 0 ] INFO  server.XceiverServerGrpc (XceiverServerGrpc.java:start(180)) - XceiverServerGrpc ccff8009-bc9c-45e1-9925-30de1c0d3a9d is started using port 33923
2022-06-27 16:54:13,502 [EndpointStateMachine task thread for /0.0.0.0:34337 - 0 ] INFO  volume.HddsVolume (HddsVolume.java:createDbStore(309)) - SchemaV3 db is created and loaded at /home/runner/work/ozone/ozone/hadoop-ozone/integration-test/target/test-dir/MiniOzoneClusterImpl-4b25a9da-6f8d-4450-a121-db50b250e675/datanode-2/data-0/containers/hdds/4b25a9da-6f8d-4450-a121-db50b250e675/DS-bc627b4c-be67-4d80-bae6-a2c0555440e5/container.db for volume DS-bc627b4c-be67-4d80-bae6-a2c0555440e5
2022-06-27 16:54:13,503 [EndpointStateMachine task thread for /0.0.0.0:34337 - 0 ] INFO  volume.HddsVolume (HddsVolume.java:closeDbStore(340)) - SchemaV3 db is stopped at /home/runner/work/ozone/ozone/hadoop-ozone/integration-test/target/test-dir/MiniOzoneClusterImpl-4b25a9da-6f8d-4450-a121-db50b250e675/datanode-2/data-0/containers/hdds/4b25a9da-6f8d-4450-a121-db50b250e675/DS-bc627b4c-be67-4d80-bae6-a2c0555440e5/container.db for volume DS-bc627b4c-be67-4d80-bae6-a2c0555440e5
2022-06-27 16:54:13,503 [EndpointStateMachine task thread for /0.0.0.0:34337 - 0 ] INFO  ozoneimpl.OzoneContainer (OzoneContainer.java:start(344)) - Attempting to start container services.
2022-06-27 16:54:13,503 [EndpointStateMachine task thread for /0.0.0.0:34337 - 0 ] INFO  ozoneimpl.OzoneContainer (OzoneContainer.java:startContainerScrub(279)) - Background container scanner has been disabled.
2022-06-27 16:54:13,507 [EndpointStateMachine task thread for /0.0.0.0:34337 - 0 ] INFO  replication.ReplicationServer (ReplicationServer.java:start(111)) - ReplicationServer is started using port 43387
2022-06-27 16:54:13,507 [EndpointStateMachine task thread for /0.0.0.0:34337 - 0 ] INFO  ratis.XceiverServerRatis (XceiverServerRatis.java:start(481)) - Starting XceiverServerRatis e149a773-6f80-4200-b489-f1fdfcbd08b4
2022-06-27 16:54:13,508 [EndpointStateMachine task thread for /0.0.0.0:34337 - 0 ] INFO  server.RaftServer (RaftServerProxy.java:lambda$start$6(382)) - e149a773-6f80-4200-b489-f1fdfcbd08b4: start RPC server
2022-06-27 16:54:13,509 [EndpointStateMachine task thread for /0.0.0.0:34337 - 0 ] INFO  server.GrpcService (GrpcService.java:startImpl(260)) - e149a773-6f80-4200-b489-f1fdfcbd08b4: GrpcService started, listening on 46641
2022-06-27 16:54:13,509 [EndpointStateMachine task thread for /0.0.0.0:34337 - 0 ] INFO  ratis.XceiverServerRatis (XceiverServerRatis.java:getRealPort(502)) - XceiverServerRatis e149a773-6f80-4200-b489-f1fdfcbd08b4 is started using port 46641 for RATIS
2022-06-27 16:54:13,509 [EndpointStateMachine task thread for /0.0.0.0:34337 - 0 ] INFO  ratis.XceiverServerRatis (XceiverServerRatis.java:getRealPort(502)) - XceiverServerRatis e149a773-6f80-4200-b489-f1fdfcbd08b4 is started using port 46641 for RATIS_ADMIN
2022-06-27 16:54:13,509 [EndpointStateMachine task thread for /0.0.0.0:34337 - 0 ] INFO  ratis.XceiverServerRatis (XceiverServerRatis.java:getRealPort(502)) - XceiverServerRatis e149a773-6f80-4200-b489-f1fdfcbd08b4 is started using port 46641 for RATIS_SERVER
2022-06-27 16:54:13,510 [org.apache.ratis.util.JvmPauseMonitor$$Lambda$611/5070432@5ff49783] INFO  util.JvmPauseMonitor (JvmPauseMonitor.java:run(103)) - JvmPauseMonitor-e149a773-6f80-4200-b489-f1fdfcbd08b4: Started
2022-06-27 16:54:13,514 [EndpointStateMachine task thread for /0.0.0.0:34337 - 0 ] INFO  server.XceiverServerGrpc (XceiverServerGrpc.java:start(180)) - XceiverServerGrpc e149a773-6f80-4200-b489-f1fdfcbd08b4 is started using port 37383
2022-06-27 16:54:13,791 [EndpointStateMachine task thread for /0.0.0.0:34337 - 0 ] INFO  volume.HddsVolume (HddsVolume.java:createDbStore(309)) - SchemaV3 db is created and loaded at /home/runner/work/ozone/ozone/hadoop-ozone/integration-test/target/test-dir/MiniOzoneClusterImpl-4b25a9da-6f8d-4450-a121-db50b250e675/datanode-3/data-0/containers/hdds/4b25a9da-6f8d-4450-a121-db50b250e675/DS-7c75a2fb-f838-4b89-ac2e-39a68b32cf91/container.db for volume DS-7c75a2fb-f838-4b89-ac2e-39a68b32cf91
2022-06-27 16:54:13,792 [EndpointStateMachine task thread for /0.0.0.0:34337 - 0 ] INFO  volume.HddsVolume (HddsVolume.java:closeDbStore(340)) - SchemaV3 db is stopped at /home/runner/work/ozone/ozone/hadoop-ozone/integration-test/target/test-dir/MiniOzoneClusterImpl-4b25a9da-6f8d-4450-a121-db50b250e675/datanode-3/data-0/containers/hdds/4b25a9da-6f8d-4450-a121-db50b250e675/DS-7c75a2fb-f838-4b89-ac2e-39a68b32cf91/container.db for volume DS-7c75a2fb-f838-4b89-ac2e-39a68b32cf91
2022-06-27 16:54:13,792 [EndpointStateMachine task thread for /0.0.0.0:34337 - 0 ] INFO  ozoneimpl.OzoneContainer (OzoneContainer.java:start(344)) - Attempting to start container services.
2022-06-27 16:54:13,792 [EndpointStateMachine task thread for /0.0.0.0:34337 - 0 ] INFO  ozoneimpl.OzoneContainer (OzoneContainer.java:startContainerScrub(279)) - Background container scanner has been disabled.
2022-06-27 16:54:13,794 [EndpointStateMachine task thread for /0.0.0.0:34337 - 0 ] INFO  replication.ReplicationServer (ReplicationServer.java:start(111)) - ReplicationServer is started using port 37639
2022-06-27 16:54:13,795 [EndpointStateMachine task thread for /0.0.0.0:34337 - 0 ] INFO  ratis.XceiverServerRatis (XceiverServerRatis.java:start(481)) - Starting XceiverServerRatis d2418c64-8d9c-434b-8e38-d723d14cbfaf
2022-06-27 16:54:13,796 [EndpointStateMachine task thread for /0.0.0.0:34337 - 0 ] INFO  server.RaftServer (RaftServerProxy.java:lambda$start$6(382)) - d2418c64-8d9c-434b-8e38-d723d14cbfaf: start RPC server
2022-06-27 16:54:13,800 [EndpointStateMachine task thread for /0.0.0.0:34337 - 0 ] INFO  server.GrpcService (GrpcService.java:startImpl(260)) - d2418c64-8d9c-434b-8e38-d723d14cbfaf: GrpcService started, listening on 35023
2022-06-27 16:54:13,800 [EndpointStateMachine task thread for /0.0.0.0:34337 - 0 ] INFO  ratis.XceiverServerRatis (XceiverServerRatis.java:getRealPort(502)) - XceiverServerRatis d2418c64-8d9c-434b-8e38-d723d14cbfaf is started using port 35023 for RATIS
2022-06-27 16:54:13,800 [org.apache.ratis.util.JvmPauseMonitor$$Lambda$611/5070432@2c1a6776] INFO  util.JvmPauseMonitor (JvmPauseMonitor.java:run(103)) - JvmPauseMonitor-d2418c64-8d9c-434b-8e38-d723d14cbfaf: Started
2022-06-27 16:54:13,801 [EndpointStateMachine task thread for /0.0.0.0:34337 - 0 ] INFO  ratis.XceiverServerRatis (XceiverServerRatis.java:getRealPort(502)) - XceiverServerRatis d2418c64-8d9c-434b-8e38-d723d14cbfaf is started using port 35023 for RATIS_ADMIN
2022-06-27 16:54:13,801 [EndpointStateMachine task thread for /0.0.0.0:34337 - 0 ] INFO  ratis.XceiverServerRatis (XceiverServerRatis.java:getRealPort(502)) - XceiverServerRatis d2418c64-8d9c-434b-8e38-d723d14cbfaf is started using port 35023 for RATIS_SERVER
2022-06-27 16:54:13,803 [EndpointStateMachine task thread for /0.0.0.0:34337 - 0 ] INFO  server.XceiverServerGrpc (XceiverServerGrpc.java:start(180)) - XceiverServerGrpc d2418c64-8d9c-434b-8e38-d723d14cbfaf is started using port 40389
2022-06-27 16:54:14,052 [Listener at 127.0.0.1/44473] INFO  ozone.MiniOzoneClusterImpl (MiniOzoneClusterImpl.java:lambda$waitForClusterToBeReady$0(223)) - Waiting for nodes to be ready. Got 0 of 5 DN Heartbeats.
2022-06-27 16:54:14,052 [Listener at 127.0.0.1/44473] INFO  ozone.MiniOzoneClusterImpl (MiniOzoneClusterImpl.java:lambda$waitForClusterToBeReady$0(226)) - Waiting for cluster to exit safe mode
2022-06-27 16:54:14,052 [Listener at 127.0.0.1/44473] INFO  ozone.MiniOzoneClusterImpl (MiniOzoneClusterImpl.java:lambda$waitForClusterToBeReady$0(228)) - SCM became leader
2022-06-27 16:54:14,127 [EndpointStateMachine task thread for /0.0.0.0:34337 - 0 ] INFO  volume.HddsVolume (HddsVolume.java:createDbStore(309)) - SchemaV3 db is created and loaded at /home/runner/work/ozone/ozone/hadoop-ozone/integration-test/target/test-dir/MiniOzoneClusterImpl-4b25a9da-6f8d-4450-a121-db50b250e675/datanode-4/data-0/containers/hdds/4b25a9da-6f8d-4450-a121-db50b250e675/DS-3c9d759e-9e41-4643-8981-6d61fb9ac40f/container.db for volume DS-3c9d759e-9e41-4643-8981-6d61fb9ac40f
2022-06-27 16:54:14,128 [EndpointStateMachine task thread for /0.0.0.0:34337 - 0 ] INFO  volume.HddsVolume (HddsVolume.java:closeDbStore(340)) - SchemaV3 db is stopped at /home/runner/work/ozone/ozone/hadoop-ozone/integration-test/target/test-dir/MiniOzoneClusterImpl-4b25a9da-6f8d-4450-a121-db50b250e675/datanode-4/data-0/containers/hdds/4b25a9da-6f8d-4450-a121-db50b250e675/DS-3c9d759e-9e41-4643-8981-6d61fb9ac40f/container.db for volume DS-3c9d759e-9e41-4643-8981-6d61fb9ac40f
2022-06-27 16:54:14,128 [EndpointStateMachine task thread for /0.0.0.0:34337 - 0 ] INFO  ozoneimpl.OzoneContainer (OzoneContainer.java:start(344)) - Attempting to start container services.
2022-06-27 16:54:14,128 [EndpointStateMachine task thread for /0.0.0.0:34337 - 0 ] INFO  ozoneimpl.OzoneContainer (OzoneContainer.java:startContainerScrub(279)) - Background container scanner has been disabled.
2022-06-27 16:54:14,134 [EndpointStateMachine task thread for /0.0.0.0:34337 - 0 ] INFO  replication.ReplicationServer (ReplicationServer.java:start(111)) - ReplicationServer is started using port 43055
2022-06-27 16:54:14,134 [EndpointStateMachine task thread for /0.0.0.0:34337 - 0 ] INFO  ratis.XceiverServerRatis (XceiverServerRatis.java:start(481)) - Starting XceiverServerRatis b48423cd-489c-4e2e-b1c7-3f6c172b8172
2022-06-27 16:54:14,135 [EndpointStateMachine task thread for /0.0.0.0:34337 - 0 ] INFO  server.RaftServer (RaftServerProxy.java:lambda$start$6(382)) - b48423cd-489c-4e2e-b1c7-3f6c172b8172: start RPC server
2022-06-27 16:54:14,136 [EndpointStateMachine task thread for /0.0.0.0:34337 - 0 ] INFO  server.GrpcService (GrpcService.java:startImpl(260)) - b48423cd-489c-4e2e-b1c7-3f6c172b8172: GrpcService started, listening on 38793
2022-06-27 16:54:14,136 [EndpointStateMachine task thread for /0.0.0.0:34337 - 0 ] INFO  ratis.XceiverServerRatis (XceiverServerRatis.java:getRealPort(502)) - XceiverServerRatis b48423cd-489c-4e2e-b1c7-3f6c172b8172 is started using port 38793 for RATIS
2022-06-27 16:54:14,136 [EndpointStateMachine task thread for /0.0.0.0:34337 - 0 ] INFO  ratis.XceiverServerRatis (XceiverServerRatis.java:getRealPort(502)) - XceiverServerRatis b48423cd-489c-4e2e-b1c7-3f6c172b8172 is started using port 38793 for RATIS_ADMIN
2022-06-27 16:54:14,137 [EndpointStateMachine task thread for /0.0.0.0:34337 - 0 ] INFO  ratis.XceiverServerRatis (XceiverServerRatis.java:getRealPort(502)) - XceiverServerRatis b48423cd-489c-4e2e-b1c7-3f6c172b8172 is started using port 38793 for RATIS_SERVER
2022-06-27 16:54:14,137 [org.apache.ratis.util.JvmPauseMonitor$$Lambda$611/5070432@268c0daf] INFO  util.JvmPauseMonitor (JvmPauseMonitor.java:run(103)) - JvmPauseMonitor-b48423cd-489c-4e2e-b1c7-3f6c172b8172: Started
2022-06-27 16:54:14,140 [EndpointStateMachine task thread for /0.0.0.0:34337 - 0 ] INFO  server.XceiverServerGrpc (XceiverServerGrpc.java:start(180)) - XceiverServerGrpc b48423cd-489c-4e2e-b1c7-3f6c172b8172 is started using port 42281
2022-06-27 16:54:14,756 [IPC Server handler 15 on default port 34337] INFO  net.NetworkTopologyImpl (NetworkTopologyImpl.java:add(112)) - Added a new node: /default-rack/28725b92-7534-4808-bd3a-f7d426359eac
2022-06-27 16:54:14,758 [IPC Server handler 15 on default port 34337] INFO  node.SCMNodeManager (SCMNodeManager.java:register(397)) - Registered Data node : 28725b92-7534-4808-bd3a-f7d426359eac{ip: 10.1.0.22, host: fv-az215-30.fk02tkdpp51uda4i120yanydqb.bx.internal.cloudapp.net, ports: [REPLICATION=46137, RATIS=46711, RATIS_ADMIN=46711, RATIS_SERVER=46711, STANDALONE=45937], networkLocation: /default-rack, certSerialId: null, persistedOpState: null, persistedOpStateExpiryEpochSec: 0}
2022-06-27 16:54:14,763 [EventQueue-NewNodeForNewNodeHandler] INFO  pipeline.BackgroundPipelineCreator (BackgroundPipelineCreator.java:notifyEventTriggered(275)) - trigger a one-shot run on RatisPipelineUtilsThread.
2022-06-27 16:54:14,774 [RatisPipelineUtilsThread - 0] INFO  pipeline.RatisPipelineProvider (RatisPipelineProvider.java:lambda$create$0(195)) - Sending CreatePipelineCommand for pipeline:PipelineID=f90eb72e-7063-44fa-8868-eacb84f143a0 to datanode:28725b92-7534-4808-bd3a-f7d426359eac
2022-06-27 16:54:14,775 [EventQueue-NodeRegistrationContainerReportForDataNodeSafeModeRule] INFO  safemode.SCMSafeModeManager (DataNodeSafeModeRule.java:process(71)) - SCM in safe mode. 1 DataNodes registered, 3 required.
2022-06-27 16:54:14,776 [EventQueue-PipelineReportForOneReplicaPipelineSafeModeRule] INFO  safemode.SCMSafeModeManager (SCMSafeModeManager.java:validateSafeModeExitRules(204)) - AtleastOneDatanodeReportedRule rule is successfully validated
2022-06-27 16:54:14,779 [EventQueue-NodeRegistrationContainerReportForContainerSafeModeRule] INFO  safemode.SCMSafeModeManager (SCMSafeModeManager.java:validateSafeModeExitRules(204)) - ContainerSafeModeRule rule is successfully validated
2022-06-27 16:54:14,788 [RatisPipelineUtilsThread - 0] INFO  pipeline.PipelineStateManagerImpl (PipelineStateManagerImpl.java:addPipeline(101)) - Created pipeline Pipeline[ Id: f90eb72e-7063-44fa-8868-eacb84f143a0, Nodes: 28725b92-7534-4808-bd3a-f7d426359eac{ip: 10.1.0.22, host: fv-az215-30.fk02tkdpp51uda4i120yanydqb.bx.internal.cloudapp.net, ports: [REPLICATION=46137, RATIS=46711, RATIS_ADMIN=46711, RATIS_SERVER=46711, STANDALONE=45937], networkLocation: /default-rack, certSerialId: null, persistedOpState: IN_SERVICE, persistedOpStateExpiryEpochSec: 0}, ReplicationConfig: RATIS/ONE, State:ALLOCATED, leaderId:, CreationTimestamp2022-06-27T16:54:14.771Z[Etc/UTC]].
2022-06-27 16:54:15,052 [Listener at 127.0.0.1/44473] INFO  ozone.MiniOzoneClusterImpl (MiniOzoneClusterImpl.java:lambda$waitForClusterToBeReady$0(223)) - Waiting for nodes to be ready. Got 1 of 5 DN Heartbeats.
2022-06-27 16:54:15,053 [Listener at 127.0.0.1/44473] INFO  ozone.MiniOzoneClusterImpl (MiniOzoneClusterImpl.java:lambda$waitForClusterToBeReady$0(226)) - Waiting for cluster to exit safe mode
2022-06-27 16:54:15,053 [Listener at 127.0.0.1/44473] INFO  ozone.MiniOzoneClusterImpl (MiniOzoneClusterImpl.java:lambda$waitForClusterToBeReady$0(228)) - SCM became leader
2022-06-27 16:54:15,193 [IPC Server handler 9 on default port 34337] INFO  net.NetworkTopologyImpl (NetworkTopologyImpl.java:add(112)) - Added a new node: /default-rack/ccff8009-bc9c-45e1-9925-30de1c0d3a9d
2022-06-27 16:54:15,194 [IPC Server handler 9 on default port 34337] INFO  node.SCMNodeManager (SCMNodeManager.java:register(397)) - Registered Data node : ccff8009-bc9c-45e1-9925-30de1c0d3a9d{ip: 10.1.0.22, host: fv-az215-30.fk02tkdpp51uda4i120yanydqb.bx.internal.cloudapp.net, ports: [REPLICATION=32799, RATIS=41485, RATIS_ADMIN=41485, RATIS_SERVER=41485, STANDALONE=33923], networkLocation: /default-rack, certSerialId: null, persistedOpState: null, persistedOpStateExpiryEpochSec: 0}
2022-06-27 16:54:15,195 [EventQueue-NewNodeForNewNodeHandler] INFO  pipeline.BackgroundPipelineCreator (BackgroundPipelineCreator.java:notifyEventTriggered(275)) - trigger a one-shot run on RatisPipelineUtilsThread.
2022-06-27 16:54:15,195 [EventQueue-NodeRegistrationContainerReportForDataNodeSafeModeRule] INFO  safemode.SCMSafeModeManager (DataNodeSafeModeRule.java:process(71)) - SCM in safe mode. 2 DataNodes registered, 3 required.
2022-06-27 16:54:15,196 [RatisPipelineUtilsThread - 0] INFO  pipeline.RatisPipelineProvider (RatisPipelineProvider.java:lambda$create$0(195)) - Sending CreatePipelineCommand for pipeline:PipelineID=40ca3563-3a4f-4d3f-99a0-838a1b189dbb to datanode:ccff8009-bc9c-45e1-9925-30de1c0d3a9d
2022-06-27 16:54:15,196 [RatisPipelineUtilsThread - 0] INFO  pipeline.PipelineStateManagerImpl (PipelineStateManagerImpl.java:addPipeline(101)) - Created pipeline Pipeline[ Id: 40ca3563-3a4f-4d3f-99a0-838a1b189dbb, Nodes: ccff8009-bc9c-45e1-9925-30de1c0d3a9d{ip: 10.1.0.22, host: fv-az215-30.fk02tkdpp51uda4i120yanydqb.bx.internal.cloudapp.net, ports: [REPLICATION=32799, RATIS=41485, RATIS_ADMIN=41485, RATIS_SERVER=41485, STANDALONE=33923], networkLocation: /default-rack, certSerialId: null, persistedOpState: IN_SERVICE, persistedOpStateExpiryEpochSec: 0}, ReplicationConfig: RATIS/ONE, State:ALLOCATED, leaderId:, CreationTimestamp2022-06-27T16:54:15.196Z[Etc/UTC]].
2022-06-27 16:54:15,474 [IPC Server handler 15 on default port 34337] INFO  net.NetworkTopologyImpl (NetworkTopologyImpl.java:add(112)) - Added a new node: /default-rack/e149a773-6f80-4200-b489-f1fdfcbd08b4
2022-06-27 16:54:15,475 [IPC Server handler 15 on default port 34337] INFO  node.SCMNodeManager (SCMNodeManager.java:register(397)) - Registered Data node : e149a773-6f80-4200-b489-f1fdfcbd08b4{ip: 10.1.0.22, host: fv-az215-30.fk02tkdpp51uda4i120yanydqb.bx.internal.cloudapp.net, ports: [REPLICATION=43387, RATIS=46641, RATIS_ADMIN=46641, RATIS_SERVER=46641, STANDALONE=37383], networkLocation: /default-rack, certSerialId: null, persistedOpState: null, persistedOpStateExpiryEpochSec: 0}
2022-06-27 16:54:15,475 [EventQueue-NewNodeForNewNodeHandler] INFO  pipeline.BackgroundPipelineCreator (BackgroundPipelineCreator.java:notifyEventTriggered(275)) - trigger a one-shot run on RatisPipelineUtilsThread.
2022-06-27 16:54:15,476 [EventQueue-NodeRegistrationContainerReportForDataNodeSafeModeRule] INFO  safemode.SCMSafeModeManager (DataNodeSafeModeRule.java:process(71)) - SCM in safe mode. 3 DataNodes registered, 3 required.
2022-06-27 16:54:15,476 [EventQueue-NodeRegistrationContainerReportForDataNodeSafeModeRule] INFO  safemode.SCMSafeModeManager (SCMSafeModeManager.java:validateSafeModeExitRules(204)) - DataNodeSafeModeRule rule is successfully validated
2022-06-27 16:54:15,476 [EventQueue-NodeRegistrationContainerReportForDataNodeSafeModeRule] INFO  safemode.SCMSafeModeManager (SCMSafeModeManager.java:completePreCheck(233)) - All SCM safe mode pre check rules have passed
2022-06-27 16:54:15,476 [EventQueue-NodeRegistrationContainerReportForDataNodeSafeModeRule] WARN  events.EventQueue (EventQueue.java:fireEvent(216)) - No event handler registered for event TypedEvent{payloadType=SafeModeStatus, name='Safe mode status'}
2022-06-27 16:54:15,476 [EventQueue-NodeRegistrationContainerReportForDataNodeSafeModeRule] INFO  ha.SCMContext (SCMContext.java:updateSafeModeStatus(228)) - Update SafeModeStatus from SafeModeStatus{safeModeStatus=true, preCheckPassed=false} to SafeModeStatus{safeModeStatus=true, preCheckPassed=true}.
2022-06-27 16:54:15,476 [EventQueue-NodeRegistrationContainerReportForDataNodeSafeModeRule] INFO  pipeline.BackgroundPipelineCreator (BackgroundPipelineCreator.java:notifyEventTriggered(275)) - trigger a one-shot run on RatisPipelineUtilsThread.
2022-06-27 16:54:15,477 [RatisPipelineUtilsThread - 0] INFO  pipeline.RatisPipelineProvider (RatisPipelineProvider.java:lambda$create$0(195)) - Sending CreatePipelineCommand for pipeline:PipelineID=babad58b-0d43-4c7b-b14d-5bb585d3c23e to datanode:e149a773-6f80-4200-b489-f1fdfcbd08b4
2022-06-27 16:54:15,478 [RatisPipelineUtilsThread - 0] INFO  pipeline.PipelineStateManagerImpl (PipelineStateManagerImpl.java:addPipeline(101)) - Created pipeline Pipeline[ Id: babad58b-0d43-4c7b-b14d-5bb585d3c23e, Nodes: e149a773-6f80-4200-b489-f1fdfcbd08b4{ip: 10.1.0.22, host: fv-az215-30.fk02tkdpp51uda4i120yanydqb.bx.internal.cloudapp.net, ports: [REPLICATION=43387, RATIS=46641, RATIS_ADMIN=46641, RATIS_SERVER=46641, STANDALONE=37383], networkLocation: /default-rack, certSerialId: null, persistedOpState: IN_SERVICE, persistedOpStateExpiryEpochSec: 0}, ReplicationConfig: RATIS/ONE, State:ALLOCATED, leaderId:, CreationTimestamp2022-06-27T16:54:15.477Z[Etc/UTC]].
2022-06-27 16:54:15,481 [RatisPipelineUtilsThread - 0] INFO  pipeline.RatisPipelineProvider (RatisPipelineProvider.java:lambda$create$0(195)) - Sending CreatePipelineCommand for pipeline:PipelineID=1a99b9fa-2352-4f01-b7ca-ae8ba0b9126d to datanode:28725b92-7534-4808-bd3a-f7d426359eac
2022-06-27 16:54:15,481 [RatisPipelineUtilsThread - 0] INFO  pipeline.RatisPipelineProvider (RatisPipelineProvider.java:lambda$create$0(195)) - Sending CreatePipelineCommand for pipeline:PipelineID=1a99b9fa-2352-4f01-b7ca-ae8ba0b9126d to datanode:ccff8009-bc9c-45e1-9925-30de1c0d3a9d
2022-06-27 16:54:15,481 [RatisPipelineUtilsThread - 0] INFO  pipeline.RatisPipelineProvider (RatisPipelineProvider.java:lambda$create$0(195)) - Sending CreatePipelineCommand for pipeline:PipelineID=1a99b9fa-2352-4f01-b7ca-ae8ba0b9126d to datanode:e149a773-6f80-4200-b489-f1fdfcbd08b4
2022-06-27 16:54:15,482 [RatisPipelineUtilsThread - 0] INFO  pipeline.PipelineStateManagerImpl (PipelineStateManagerImpl.java:addPipeline(101)) - Created pipeline Pipeline[ Id: 1a99b9fa-2352-4f01-b7ca-ae8ba0b9126d, Nodes: 28725b92-7534-4808-bd3a-f7d426359eac{ip: 10.1.0.22, host: fv-az215-30.fk02tkdpp51uda4i120yanydqb.bx.internal.cloudapp.net, ports: [REPLICATION=46137, RATIS=46711, RATIS_ADMIN=46711, RATIS_SERVER=46711, STANDALONE=45937], networkLocation: /default-rack, certSerialId: null, persistedOpState: IN_SERVICE, persistedOpStateExpiryEpochSec: 0}ccff8009-bc9c-45e1-9925-30de1c0d3a9d{ip: 10.1.0.22, host: fv-az215-30.fk02tkdpp51uda4i120yanydqb.bx.internal.cloudapp.net, ports: [REPLICATION=32799, RATIS=41485, RATIS_ADMIN=41485, RATIS_SERVER=41485, STANDALONE=33923], networkLocation: /default-rack, certSerialId: null, persistedOpState: IN_SERVICE, persistedOpStateExpiryEpochSec: 0}e149a773-6f80-4200-b489-f1fdfcbd08b4{ip: 10.1.0.22, host: fv-az215-30.fk02tkdpp51uda4i120yanydqb.bx.internal.cloudapp.net, ports: [REPLICATION=43387, RATIS=46641, RATIS_ADMIN=46641, RATIS_SERVER=46641, STANDALONE=37383], networkLocation: /default-rack, certSerialId: null, persistedOpState: IN_SERVICE, persistedOpStateExpiryEpochSec: 0}, ReplicationConfig: RATIS/THREE, State:ALLOCATED, leaderId:, CreationTimestamp2022-06-27T16:54:15.481Z[Etc/UTC]].
2022-06-27 16:54:15,483 [RatisPipelineUtilsThread - 0] INFO  pipeline.RatisPipelineProvider (RatisPipelineProvider.java:lambda$create$0(195)) - Sending CreatePipelineCommand for pipeline:PipelineID=5e6b6e9b-a531-4a1b-b76e-4f5b199dd27a to datanode:e149a773-6f80-4200-b489-f1fdfcbd08b4
2022-06-27 16:54:15,483 [RatisPipelineUtilsThread - 0] INFO  pipeline.RatisPipelineProvider (RatisPipelineProvider.java:lambda$create$0(195)) - Sending CreatePipelineCommand for pipeline:PipelineID=5e6b6e9b-a531-4a1b-b76e-4f5b199dd27a to datanode:ccff8009-bc9c-45e1-9925-30de1c0d3a9d
2022-06-27 16:54:15,483 [RatisPipelineUtilsThread - 0] INFO  pipeline.RatisPipelineProvider (RatisPipelineProvider.java:lambda$create$0(195)) - Sending CreatePipelineCommand for pipeline:PipelineID=5e6b6e9b-a531-4a1b-b76e-4f5b199dd27a to datanode:28725b92-7534-4808-bd3a-f7d426359eac
2022-06-27 16:54:15,484 [RatisPipelineUtilsThread - 0] INFO  pipeline.PipelineStateManagerImpl (PipelineStateManagerImpl.java:addPipeline(101)) - Created pipeline Pipeline[ Id: 5e6b6e9b-a531-4a1b-b76e-4f5b199dd27a, Nodes: e149a773-6f80-4200-b489-f1fdfcbd08b4{ip: 10.1.0.22, host: fv-az215-30.fk02tkdpp51uda4i120yanydqb.bx.internal.cloudapp.net, ports: [REPLICATION=43387, RATIS=46641, RATIS_ADMIN=46641, RATIS_SERVER=46641, STANDALONE=37383], networkLocation: /default-rack, certSerialId: null, persistedOpState: IN_SERVICE, persistedOpStateExpiryEpochSec: 0}ccff8009-bc9c-45e1-9925-30de1c0d3a9d{ip: 10.1.0.22, host: fv-az215-30.fk02tkdpp51uda4i120yanydqb.bx.internal.cloudapp.net, ports: [REPLICATION=32799, RATIS=41485, RATIS_ADMIN=41485, RATIS_SERVER=41485, STANDALONE=33923], networkLocation: /default-rack, certSerialId: null, persistedOpState: IN_SERVICE, persistedOpStateExpiryEpochSec: 0}28725b92-7534-4808-bd3a-f7d426359eac{ip: 10.1.0.22, host: fv-az215-30.fk02tkdpp51uda4i120yanydqb.bx.internal.cloudapp.net, ports: [REPLICATION=46137, RATIS=46711, RATIS_ADMIN=46711, RATIS_SERVER=46711, STANDALONE=45937], networkLocation: /default-rack, certSerialId: null, persistedOpState: IN_SERVICE, persistedOpStateExpiryEpochSec: 0}, ReplicationConfig: RATIS/THREE, State:ALLOCATED, leaderId:, CreationTimestamp2022-06-27T16:54:15.483Z[Etc/UTC]].
2022-06-27 16:54:15,484 [RatisPipelineUtilsThread - 0] INFO  pipeline.PipelineManagerImpl (PipelineManagerImpl.java:recordMetricsForPipeline(780)) - Pipeline: PipelineID=5e6b6e9b-a531-4a1b-b76e-4f5b199dd27a contains same datanodes as previous pipelines: PipelineID=1a99b9fa-2352-4f01-b7ca-ae8ba0b9126d nodeIds: e149a773-6f80-4200-b489-f1fdfcbd08b4, ccff8009-bc9c-45e1-9925-30de1c0d3a9d, 28725b92-7534-4808-bd3a-f7d426359eac
2022-06-27 16:54:15,766 [IPC Server handler 18 on default port 34337] INFO  net.NetworkTopologyImpl (NetworkTopologyImpl.java:add(112)) - Added a new node: /default-rack/d2418c64-8d9c-434b-8e38-d723d14cbfaf
2022-06-27 16:54:15,767 [IPC Server handler 18 on default port 34337] INFO  node.SCMNodeManager (SCMNodeManager.java:register(397)) - Registered Data node : d2418c64-8d9c-434b-8e38-d723d14cbfaf{ip: 10.1.0.22, host: fv-az215-30.fk02tkdpp51uda4i120yanydqb.bx.internal.cloudapp.net, ports: [REPLICATION=37639, RATIS=35023, RATIS_ADMIN=35023, RATIS_SERVER=35023, STANDALONE=40389], networkLocation: /default-rack, certSerialId: null, persistedOpState: null, persistedOpStateExpiryEpochSec: 0}
2022-06-27 16:54:15,767 [EventQueue-NewNodeForNewNodeHandler] INFO  pipeline.BackgroundPipelineCreator (BackgroundPipelineCreator.java:notifyEventTriggered(275)) - trigger a one-shot run on RatisPipelineUtilsThread.
2022-06-27 16:54:15,768 [RatisPipelineUtilsThread - 0] INFO  pipeline.RatisPipelineProvider (RatisPipelineProvider.java:lambda$create$0(195)) - Sending CreatePipelineCommand for pipeline:PipelineID=4c7012ae-ebd3-47c0-8a57-55d38d95d65a to datanode:d2418c64-8d9c-434b-8e38-d723d14cbfaf
2022-06-27 16:54:15,769 [RatisPipelineUtilsThread - 0] INFO  pipeline.PipelineStateManagerImpl (PipelineStateManagerImpl.java:addPipeline(101)) - Created pipeline Pipeline[ Id: 4c7012ae-ebd3-47c0-8a57-55d38d95d65a, Nodes: d2418c64-8d9c-434b-8e38-d723d14cbfaf{ip: 10.1.0.22, host: fv-az215-30.fk02tkdpp51uda4i120yanydqb.bx.internal.cloudapp.net, ports: [REPLICATION=37639, RATIS=35023, RATIS_ADMIN=35023, RATIS_SERVER=35023, STANDALONE=40389], networkLocation: /default-rack, certSerialId: null, persistedOpState: IN_SERVICE, persistedOpStateExpiryEpochSec: 0}, ReplicationConfig: RATIS/ONE, State:ALLOCATED, leaderId:, CreationTimestamp2022-06-27T16:54:15.768Z[Etc/UTC]].
2022-06-27 16:54:16,053 [Listener at 127.0.0.1/44473] INFO  ozone.MiniOzoneClusterImpl (MiniOzoneClusterImpl.java:lambda$waitForClusterToBeReady$0(223)) - Waiting for nodes to be ready. Got 4 of 5 DN Heartbeats.
2022-06-27 16:54:16,053 [Listener at 127.0.0.1/44473] INFO  ozone.MiniOzoneClusterImpl (MiniOzoneClusterImpl.java:lambda$waitForClusterToBeReady$0(226)) - Waiting for cluster to exit safe mode
2022-06-27 16:54:16,054 [Listener at 127.0.0.1/44473] INFO  ozone.MiniOzoneClusterImpl (MiniOzoneClusterImpl.java:lambda$waitForClusterToBeReady$0(228)) - SCM became leader
2022-06-27 16:54:16,055 [IPC Server handler 17 on default port 34337] INFO  net.NetworkTopologyImpl (NetworkTopologyImpl.java:add(112)) - Added a new node: /default-rack/b48423cd-489c-4e2e-b1c7-3f6c172b8172
2022-06-27 16:54:16,056 [IPC Server handler 17 on default port 34337] INFO  node.SCMNodeManager (SCMNodeManager.java:register(397)) - Registered Data node : b48423cd-489c-4e2e-b1c7-3f6c172b8172{ip: 10.1.0.22, host: fv-az215-30.fk02tkdpp51uda4i120yanydqb.bx.internal.cloudapp.net, ports: [REPLICATION=43055, RATIS=38793, RATIS_ADMIN=38793, RATIS_SERVER=38793, STANDALONE=42281], networkLocation: /default-rack, certSerialId: null, persistedOpState: null, persistedOpStateExpiryEpochSec: 0}
2022-06-27 16:54:16,056 [EventQueue-NewNodeForNewNodeHandler] INFO  pipeline.BackgroundPipelineCreator (BackgroundPipelineCreator.java:notifyEventTriggered(275)) - trigger a one-shot run on RatisPipelineUtilsThread.
2022-06-27 16:54:16,058 [RatisPipelineUtilsThread - 0] INFO  pipeline.RatisPipelineProvider (RatisPipelineProvider.java:lambda$create$0(195)) - Sending CreatePipelineCommand for pipeline:PipelineID=4e9d0674-9b73-4250-bed8-36564637c117 to datanode:b48423cd-489c-4e2e-b1c7-3f6c172b8172
2022-06-27 16:54:16,058 [RatisPipelineUtilsThread - 0] INFO  pipeline.PipelineStateManagerImpl (PipelineStateManagerImpl.java:addPipeline(101)) - Created pipeline Pipeline[ Id: 4e9d0674-9b73-4250-bed8-36564637c117, Nodes: b48423cd-489c-4e2e-b1c7-3f6c172b8172{ip: 10.1.0.22, host: fv-az215-30.fk02tkdpp51uda4i120yanydqb.bx.internal.cloudapp.net, ports: [REPLICATION=43055, RATIS=38793, RATIS_ADMIN=38793, RATIS_SERVER=38793, STANDALONE=42281], networkLocation: /default-rack, certSerialId: null, persistedOpState: IN_SERVICE, persistedOpStateExpiryEpochSec: 0}, ReplicationConfig: RATIS/ONE, State:ALLOCATED, leaderId:, CreationTimestamp2022-06-27T16:54:16.057Z[Etc/UTC]].
2022-06-27 16:54:17,054 [Listener at 127.0.0.1/44473] INFO  ozone.MiniOzoneClusterImpl (MiniOzoneClusterImpl.java:lambda$waitForClusterToBeReady$0(223)) - Nodes are ready. Got 5 of 5 DN Heartbeats.
2022-06-27 16:54:17,054 [Listener at 127.0.0.1/44473] INFO  ozone.MiniOzoneClusterImpl (MiniOzoneClusterImpl.java:lambda$waitForClusterToBeReady$0(226)) - Waiting for cluster to exit safe mode
2022-06-27 16:54:17,054 [Listener at 127.0.0.1/44473] INFO  ozone.MiniOzoneClusterImpl (MiniOzoneClusterImpl.java:lambda$waitForClusterToBeReady$0(228)) - SCM became leader
2022-06-27 16:54:17,752 [Command processor thread] INFO  server.RaftServer (RaftServerProxy.java:addNew(96)) - 28725b92-7534-4808-bd3a-f7d426359eac: addNew group-EACB84F143A0:[28725b92-7534-4808-bd3a-f7d426359eac|rpc:10.1.0.22:46711|priority:1] returns group-EACB84F143A0:java.util.concurrent.CompletableFuture@770f1b97[Not completed]
2022-06-27 16:54:17,760 [pool-73-thread-1] INFO  server.RaftServer$Division (RaftServerImpl.java:<init>(190)) - 28725b92-7534-4808-bd3a-f7d426359eac: new RaftServerImpl for group-EACB84F143A0:[28725b92-7534-4808-bd3a-f7d426359eac|rpc:10.1.0.22:46711|priority:1] with ContainerStateMachine:uninitialized
2022-06-27 16:54:17,760 [pool-73-thread-1] INFO  server.RaftServerConfigKeys (ConfUtils.java:logGet(46)) - raft.server.rpc.timeout.min = 5s (custom)
2022-06-27 16:54:17,761 [pool-73-thread-1] INFO  server.RaftServerConfigKeys (ConfUtils.java:logGet(46)) - raft.server.rpc.timeout.max = 5200ms (custom)
2022-06-27 16:54:17,761 [pool-73-thread-1] INFO  server.RaftServerConfigKeys (ConfUtils.java:logGet(46)) - raft.server.rpc.sleep.time = 25ms (default)
2022-06-27 16:54:17,761 [pool-73-thread-1] INFO  server.RaftServerConfigKeys (ConfUtils.java:logGet(46)) - raft.server.rpc.slowness.timeout = 300s (custom)
2022-06-27 16:54:17,761 [pool-73-thread-1] INFO  server.RaftServerConfigKeys (ConfUtils.java:logGet(46)) - raft.server.leaderelection.leader.step-down.wait-time = 10s (default)
2022-06-27 16:54:17,761 [pool-73-thread-1] INFO  server.RaftServerConfigKeys (ConfUtils.java:logGet(46)) - raft.server.sleep.deviation.threshold = 300ms (default)
2022-06-27 16:54:17,761 [pool-73-thread-1] INFO  server.RaftServer$Division (ServerState.java:<init>(107)) - 28725b92-7534-4808-bd3a-f7d426359eac@group-EACB84F143A0: ConfigurationManager, init=-1: [28725b92-7534-4808-bd3a-f7d426359eac|rpc:10.1.0.22:46711|priority:1], old=null, confs=<EMPTY_MAP>
2022-06-27 16:54:17,761 [pool-73-thread-1] INFO  server.RaftServerConfigKeys (ConfUtils.java:logGet(46)) - raft.server.storage.dir = [/home/runner/work/ozone/ozone/hadoop-ozone/integration-test/target/test-dir/MiniOzoneClusterImpl-4b25a9da-6f8d-4450-a121-db50b250e675/datanode-0/data/ratis] (custom)
2022-06-27 16:54:17,761 [pool-73-thread-1] INFO  server.RaftServerConfigKeys (ConfUtils.java:logGet(46)) - raft.server.log.corruption.policy = EXCEPTION (default)
2022-06-27 16:54:17,761 [pool-73-thread-1] INFO  server.RaftServerConfigKeys (ConfUtils.java:logGet(46)) - raft.server.storage.free-space.min = 0MB (=0) (default)
2022-06-27 16:54:17,761 [pool-73-thread-1] INFO  storage.RaftStorageDirectory (RaftStorageDirectoryImpl.java:analyzeStorage(135)) - The storage directory /home/runner/work/ozone/ozone/hadoop-ozone/integration-test/target/test-dir/MiniOzoneClusterImpl-4b25a9da-6f8d-4450-a121-db50b250e675/datanode-0/data/ratis/f90eb72e-7063-44fa-8868-eacb84f143a0 does not exist. Creating ...
2022-06-27 16:54:17,763 [pool-73-thread-1] INFO  storage.RaftStorageDirectory (RaftStorageDirectoryImpl.java:tryLock(230)) - Lock on /home/runner/work/ozone/ozone/hadoop-ozone/integration-test/target/test-dir/MiniOzoneClusterImpl-4b25a9da-6f8d-4450-a121-db50b250e675/datanode-0/data/ratis/f90eb72e-7063-44fa-8868-eacb84f143a0/in_use.lock acquired by nodename 16603@fv-az215-30
2022-06-27 16:54:17,764 [pool-73-thread-1] INFO  storage.RaftStorage (RaftStorageImpl.java:format(89)) - Storage directory /home/runner/work/ozone/ozone/hadoop-ozone/integration-test/target/test-dir/MiniOzoneClusterImpl-4b25a9da-6f8d-4450-a121-db50b250e675/datanode-0/data/ratis/f90eb72e-7063-44fa-8868-eacb84f143a0 has been successfully formatted.
2022-06-27 16:54:17,771 [pool-73-thread-1] INFO  ratis.ContainerStateMachine (ContainerStateMachine.java:loadSnapshot(236)) - group-EACB84F143A0: The snapshot info is null. Setting the last applied indexto:(t:0, i:~)
2022-06-27 16:54:17,771 [pool-73-thread-1] INFO  server.RaftServerConfigKeys (ConfUtils.java:logGet(46)) - raft.server.notification.no-leader.timeout = 300s (custom)
2022-06-27 16:54:17,771 [pool-73-thread-1] INFO  server.RaftServerConfigKeys (ConfUtils.java:logGet(46)) - raft.server.log.use.memory = false (default)
2022-06-27 16:54:17,771 [pool-73-thread-1] INFO  server.RaftServerConfigKeys (ConfUtils.java:logGet(46)) - raft.server.log.purge.gap = 1000000 (custom)
2022-06-27 16:54:17,771 [pool-73-thread-1] INFO  server.RaftServerConfigKeys (ConfUtils.java:logGet(46)) - raft.server.log.appender.buffer.byte-limit = 33554432 (custom)
2022-06-27 16:54:17,771 [pool-73-thread-1] INFO  server.RaftServerConfigKeys (ConfUtils.java:logGet(46)) - raft.server.log.statemachine.data.read.timeout = 1000ms (default)
2022-06-27 16:54:17,772 [pool-73-thread-1] INFO  server.RaftServerConfigKeys (ConfUtils.java:logGet(46)) - raft.server.log.segment.size.max = 1048576 (custom)
2022-06-27 16:54:17,772 [pool-73-thread-1] INFO  server.RaftServerConfigKeys (ConfUtils.java:logGet(46)) - raft.server.log.segment.cache.num.max = 2 (custom)
2022-06-27 16:54:17,772 [pool-73-thread-1] INFO  server.RaftServerConfigKeys (ConfUtils.java:logGet(46)) - raft.server.log.segment.cache.size.max = 200MB (=209715200) (default)
2022-06-27 16:54:17,772 [pool-73-thread-1] INFO  segmented.SegmentedRaftLogWorker (SegmentedRaftLogWorker.java:<init>(187)) - new 28725b92-7534-4808-bd3a-f7d426359eac@group-EACB84F143A0-SegmentedRaftLogWorker for RaftStorageImpl:Storage Directory /home/runner/work/ozone/ozone/hadoop-ozone/integration-test/target/test-dir/MiniOzoneClusterImpl-4b25a9da-6f8d-4450-a121-db50b250e675/datanode-0/data/ratis/f90eb72e-7063-44fa-8868-eacb84f143a0
2022-06-27 16:54:17,772 [pool-73-thread-1] INFO  server.RaftServerConfigKeys (ConfUtils.java:logGet(46)) - raft.server.log.queue.byte-limit = 4294967296 (custom)
2022-06-27 16:54:17,773 [pool-73-thread-1] INFO  server.RaftServerConfigKeys (ConfUtils.java:logGet(46)) - raft.server.log.queue.element-limit = 1024 (custom)
2022-06-27 16:54:17,773 [pool-73-thread-1] INFO  server.RaftServerConfigKeys (ConfUtils.java:logGet(46)) - raft.server.log.segment.size.max = 1048576 (custom)
2022-06-27 16:54:17,773 [pool-73-thread-1] INFO  server.RaftServerConfigKeys (ConfUtils.java:logGet(46)) - raft.server.log.preallocated.size = 16384 (custom)
2022-06-27 16:54:17,773 [pool-73-thread-1] INFO  server.RaftServerConfigKeys (ConfUtils.java:logGet(46)) - raft.server.log.force.sync.num = 128 (default)
2022-06-27 16:54:17,773 [pool-73-thread-1] INFO  server.RaftServerConfigKeys (ConfUtils.java:logGet(46)) - raft.server.log.statemachine.data.sync = true (default)
2022-06-27 16:54:17,773 [pool-73-thread-1] INFO  server.RaftServerConfigKeys (ConfUtils.java:logGet(46)) - raft.server.log.statemachine.data.sync.timeout = 10s (default)
2022-06-27 16:54:17,773 [pool-73-thread-1] INFO  server.RaftServerConfigKeys (ConfUtils.java:logGet(46)) - raft.server.log.statemachine.data.sync.timeout.retry = -1 (default)
2022-06-27 16:54:17,774 [pool-73-thread-1] INFO  server.RaftServerConfigKeys (ConfUtils.java:logGet(46)) - raft.server.log.write.buffer.size = 1048576 (custom)
2022-06-27 16:54:17,775 [pool-73-thread-1] INFO  server.RaftServerConfigKeys (ConfUtils.java:logGet(46)) - raft.server.log.unsafe-flush.enabled = false (default)
2022-06-27 16:54:17,775 [pool-73-thread-1] INFO  server.RaftServerConfigKeys (ConfUtils.java:logGet(46)) - raft.server.log.statemachine.data.caching.enabled = true (custom)
2022-06-27 16:54:17,775 [pool-73-thread-1] INFO  segmented.SegmentedRaftLogWorker (SegmentedRaftLogWorker.java:lambda$new$0(135)) - 28725b92-7534-4808-bd3a-f7d426359eac@group-EACB84F143A0-SegmentedRaftLogWorker: flushIndex: setUnconditionally 0 -> -1
2022-06-27 16:54:17,775 [pool-73-thread-1] INFO  segmented.SegmentedRaftLogWorker (SegmentedRaftLogWorker.java:lambda$new$0(135)) - 28725b92-7534-4808-bd3a-f7d426359eac@group-EACB84F143A0-SegmentedRaftLogWorker: safeCacheEvictIndex: setUnconditionally 0 -> -1
2022-06-27 16:54:17,775 [pool-73-thread-1] INFO  server.RaftServerConfigKeys (ConfUtils.java:logGet(46)) - raft.server.snapshot.auto.trigger.enabled = true (custom)
2022-06-27 16:54:17,775 [pool-73-thread-1] INFO  server.RaftServerConfigKeys (ConfUtils.java:logGet(46)) - raft.server.snapshot.auto.trigger.threshold = 10000 (custom)
2022-06-27 16:54:17,775 [pool-73-thread-1] INFO  server.RaftServerConfigKeys (ConfUtils.java:logGet(46)) - raft.server.snapshot.retention.file.num = 5 (custom)
2022-06-27 16:54:17,775 [pool-73-thread-1] INFO  server.RaftServerConfigKeys (ConfUtils.java:logGet(46)) - raft.server.log.purge.upto.snapshot.index = false (default)
2022-06-27 16:54:17,775 [pool-73-thread-1] INFO  server.RaftServerConfigKeys (ConfUtils.java:logGet(46)) - raft.server.retrycache.expirytime = 600000ms (custom)
2022-06-27 16:54:17,775 [pool-73-thread-1] INFO  server.RaftServerConfigKeys (ConfUtils.java:logGet(46)) - raft.server.retrycache.statistics.expirytime = 100μs (default)
2022-06-27 16:54:17,777 [pool-73-thread-1] INFO  server.RaftServerConfigKeys (ConfUtils.java:logGet(46)) - raft.server.log.appender.install.snapshot.enabled = false (custom)
2022-06-27 16:54:17,777 [pool-73-thread-1] INFO  server.RaftServerConfigKeys (ConfUtils.java:logGet(46)) - raft.server.threadpool.server.cached = true (default)
2022-06-27 16:54:17,777 [pool-73-thread-1] INFO  server.RaftServerConfigKeys (ConfUtils.java:logGet(46)) - raft.server.threadpool.server.size = 0 (default)
2022-06-27 16:54:17,778 [pool-73-thread-1] INFO  server.RaftServerConfigKeys (ConfUtils.java:logGet(46)) - raft.server.threadpool.client.cached = true (default)
2022-06-27 16:54:17,778 [pool-73-thread-1] INFO  server.RaftServerConfigKeys (ConfUtils.java:logGet(46)) - raft.server.threadpool.client.size = 0 (default)
2022-06-27 16:54:17,778 [pool-73-thread-1] INFO  server.RaftServer$Division (RaftServerImpl.java:start(310)) - 28725b92-7534-4808-bd3a-f7d426359eac@group-EACB84F143A0: start as a follower, conf=-1: [28725b92-7534-4808-bd3a-f7d426359eac|rpc:10.1.0.22:46711|priority:1], old=null
2022-06-27 16:54:17,778 [pool-73-thread-1] INFO  server.RaftServer$Division (RaftServerImpl.java:setRole(299)) - 28725b92-7534-4808-bd3a-f7d426359eac@group-EACB84F143A0: changes role from      null to FOLLOWER at term 0 for startAsFollower
2022-06-27 16:54:17,778 [pool-73-thread-1] INFO  impl.RoleInfo (RoleInfo.java:updateAndGet(139)) - 28725b92-7534-4808-bd3a-f7d426359eac: start 28725b92-7534-4808-bd3a-f7d426359eac@group-EACB84F143A0-FollowerState
2022-06-27 16:54:17,791 [EventQueue-PipelineReportForPipelineReportHandler] INFO  pipeline.PipelineManagerImpl (PipelineManagerImpl.java:openPipeline(358)) - Pipeline Pipeline[ Id: f90eb72e-7063-44fa-8868-eacb84f143a0, Nodes: 28725b92-7534-4808-bd3a-f7d426359eac{ip: 10.1.0.22, host: fv-az215-30.fk02tkdpp51uda4i120yanydqb.bx.internal.cloudapp.net, ports: [REPLICATION=46137, RATIS=46711, RATIS_ADMIN=46711, RATIS_SERVER=46711, STANDALONE=45937], networkLocation: /default-rack, certSerialId: null, persistedOpState: IN_SERVICE, persistedOpStateExpiryEpochSec: 0}, ReplicationConfig: RATIS/ONE, State:ALLOCATED, leaderId:28725b92-7534-4808-bd3a-f7d426359eac, CreationTimestamp2022-06-27T16:54:14.771Z[Etc/UTC]] moved to OPEN state
2022-06-27 16:54:17,790 [pool-73-thread-1] INFO  util.JmxRegister (JmxRegister.java:tryRegister(44)) - Successfully registered JMX Bean with object name Ratis:service=RaftServer,group=group-EACB84F143A0,id=28725b92-7534-4808-bd3a-f7d426359eac
2022-06-27 16:54:17,793 [EventQueue-OpenPipelineForHealthyPipelineSafeModeRule] INFO  safemode.SCMSafeModeManager (HealthyPipelineSafeModeRule.java:process(124)) - SCM in safe mode. Healthy pipelines reported count is 0, required healthy pipeline reported count is 1
2022-06-27 16:54:17,801 [Command processor thread] INFO  ratis.XceiverServerRatis (XceiverServerRatis.java:addGroup(765)) - Created group PipelineID=f90eb72e-7063-44fa-8868-eacb84f143a0
2022-06-27 16:54:17,802 [Command processor thread] INFO  commandhandler.CreatePipelineCommandHandler (CreatePipelineCommandHandler.java:handle(113)) - Created Pipeline RATIS ONE PipelineID=f90eb72e-7063-44fa-8868-eacb84f143a0.
2022-06-27 16:54:17,802 [Command processor thread] INFO  server.RaftServer (RaftServerProxy.java:addNew(96)) - 28725b92-7534-4808-bd3a-f7d426359eac: addNew group-AE8BA0B9126D:[ccff8009-bc9c-45e1-9925-30de1c0d3a9d|rpc:10.1.0.22:41485|priority:1, 28725b92-7534-4808-bd3a-f7d426359eac|rpc:10.1.0.22:46711|priority:0, e149a773-6f80-4200-b489-f1fdfcbd08b4|rpc:10.1.0.22:46641|priority:0] returns group-AE8BA0B9126D:java.util.concurrent.CompletableFuture@61876135[Not completed]
2022-06-27 16:54:17,803 [pool-73-thread-1] INFO  server.RaftServer$Division (RaftServerImpl.java:<init>(190)) - 28725b92-7534-4808-bd3a-f7d426359eac: new RaftServerImpl for group-AE8BA0B9126D:[ccff8009-bc9c-45e1-9925-30de1c0d3a9d|rpc:10.1.0.22:41485|priority:1, 28725b92-7534-4808-bd3a-f7d426359eac|rpc:10.1.0.22:46711|priority:0, e149a773-6f80-4200-b489-f1fdfcbd08b4|rpc:10.1.0.22:46641|priority:0] with ContainerStateMachine:uninitialized
2022-06-27 16:54:17,803 [pool-73-thread-1] INFO  server.RaftServerConfigKeys (ConfUtils.java:logGet(46)) - raft.server.rpc.timeout.min = 5s (custom)
2022-06-27 16:54:17,803 [pool-73-thread-1] INFO  server.RaftServerConfigKeys (ConfUtils.java:logGet(46)) - raft.server.rpc.timeout.max = 5200ms (custom)
2022-06-27 16:54:17,803 [pool-73-thread-1] INFO  server.RaftServerConfigKeys (ConfUtils.java:logGet(46)) - raft.server.rpc.sleep.time = 25ms (default)
2022-06-27 16:54:17,803 [pool-73-thread-1] INFO  server.RaftServerConfigKeys (ConfUtils.java:logGet(46)) - raft.server.rpc.slowness.timeout = 300s (custom)
2022-06-27 16:54:17,803 [pool-73-thread-1] INFO  server.RaftServerConfigKeys (ConfUtils.java:logGet(46)) - raft.server.leaderelection.leader.step-down.wait-time = 10s (default)
2022-06-27 16:54:17,803 [pool-73-thread-1] INFO  server.RaftServerConfigKeys (ConfUtils.java:logGet(46)) - raft.server.sleep.deviation.threshold = 300ms (default)
2022-06-27 16:54:17,803 [pool-73-thread-1] INFO  server.RaftServer$Division (ServerState.java:<init>(107)) - 28725b92-7534-4808-bd3a-f7d426359eac@group-AE8BA0B9126D: ConfigurationManager, init=-1: [ccff8009-bc9c-45e1-9925-30de1c0d3a9d|rpc:10.1.0.22:41485|priority:1, 28725b92-7534-4808-bd3a-f7d426359eac|rpc:10.1.0.22:46711|priority:0, e149a773-6f80-4200-b489-f1fdfcbd08b4|rpc:10.1.0.22:46641|priority:0], old=null, confs=<EMPTY_MAP>
2022-06-27 16:54:17,804 [pool-73-thread-1] INFO  server.RaftServerConfigKeys (ConfUtils.java:logGet(46)) - raft.server.storage.dir = [/home/runner/work/ozone/ozone/hadoop-ozone/integration-test/target/test-dir/MiniOzoneClusterImpl-4b25a9da-6f8d-4450-a121-db50b250e675/datanode-0/data/ratis] (custom)
2022-06-27 16:54:17,804 [pool-73-thread-1] INFO  server.RaftServerConfigKeys (ConfUtils.java:logGet(46)) - raft.server.log.corruption.policy = EXCEPTION (default)
2022-06-27 16:54:17,804 [pool-73-thread-1] INFO  server.RaftServerConfigKeys (ConfUtils.java:logGet(46)) - raft.server.storage.free-space.min = 0MB (=0) (default)
2022-06-27 16:54:17,804 [pool-73-thread-1] INFO  storage.RaftStorageDirectory (RaftStorageDirectoryImpl.java:analyzeStorage(135)) - The storage directory /home/runner/work/ozone/ozone/hadoop-ozone/integration-test/target/test-dir/MiniOzoneClusterImpl-4b25a9da-6f8d-4450-a121-db50b250e675/datanode-0/data/ratis/1a99b9fa-2352-4f01-b7ca-ae8ba0b9126d does not exist. Creating ...
2022-06-27 16:54:17,805 [pool-73-thread-1] INFO  storage.RaftStorageDirectory (RaftStorageDirectoryImpl.java:tryLock(230)) - Lock on /home/runner/work/ozone/ozone/hadoop-ozone/integration-test/target/test-dir/MiniOzoneClusterImpl-4b25a9da-6f8d-4450-a121-db50b250e675/datanode-0/data/ratis/1a99b9fa-2352-4f01-b7ca-ae8ba0b9126d/in_use.lock acquired by nodename 16603@fv-az215-30
2022-06-27 16:54:17,806 [pool-73-thread-1] INFO  storage.RaftStorage (RaftStorageImpl.java:format(89)) - Storage directory /home/runner/work/ozone/ozone/hadoop-ozone/integration-test/target/test-dir/MiniOzoneClusterImpl-4b25a9da-6f8d-4450-a121-db50b250e675/datanode-0/data/ratis/1a99b9fa-2352-4f01-b7ca-ae8ba0b9126d has been successfully formatted.
2022-06-27 16:54:17,806 [pool-73-thread-1] INFO  ratis.ContainerStateMachine (ContainerStateMachine.java:loadSnapshot(236)) - group-AE8BA0B9126D: The snapshot info is null. Setting the last applied indexto:(t:0, i:~)
2022-06-27 16:54:17,807 [pool-73-thread-1] INFO  server.RaftServerConfigKeys (ConfUtils.java:logGet(46)) - raft.server.notification.no-leader.timeout = 300s (custom)
2022-06-27 16:54:17,807 [pool-73-thread-1] INFO  server.RaftServerConfigKeys (ConfUtils.java:logGet(46)) - raft.server.log.use.memory = false (default)
2022-06-27 16:54:17,807 [pool-73-thread-1] INFO  server.RaftServerConfigKeys (ConfUtils.java:logGet(46)) - raft.server.log.purge.gap = 1000000 (custom)
2022-06-27 16:54:17,808 [pool-73-thread-1] INFO  server.RaftServerConfigKeys (ConfUtils.java:logGet(46)) - raft.server.log.appender.buffer.byte-limit = 33554432 (custom)
2022-06-27 16:54:17,808 [pool-73-thread-1] INFO  server.RaftServerConfigKeys (ConfUtils.java:logGet(46)) - raft.server.log.statemachine.data.read.timeout = 1000ms (default)
2022-06-27 16:54:17,808 [pool-73-thread-1] INFO  server.RaftServerConfigKeys (ConfUtils.java:logGet(46)) - raft.server.log.segment.size.max = 1048576 (custom)
2022-06-27 16:54:17,811 [EventQueue-OpenPipelineForHealthyPipelineSafeModeRule] INFO  safemode.SCMSafeModeManager (HealthyPipelineSafeModeRule.java:process(124)) - SCM in safe mode. Healthy pipelines reported count is 0, required healthy pipeline reported count is 1
2022-06-27 16:54:17,812 [pool-73-thread-1] INFO  server.RaftServerConfigKeys (ConfUtils.java:logGet(46)) - raft.server.log.segment.cache.num.max = 2 (custom)
2022-06-27 16:54:17,812 [pool-73-thread-1] INFO  server.RaftServerConfigKeys (ConfUtils.java:logGet(46)) - raft.server.log.segment.cache.size.max = 200MB (=209715200) (default)
2022-06-27 16:54:17,812 [pool-73-thread-1] INFO  segmented.SegmentedRaftLogWorker (SegmentedRaftLogWorker.java:<init>(187)) - new 28725b92-7534-4808-bd3a-f7d426359eac@group-AE8BA0B9126D-SegmentedRaftLogWorker for RaftStorageImpl:Storage Directory /home/runner/work/ozone/ozone/hadoop-ozone/integration-test/target/test-dir/MiniOzoneClusterImpl-4b25a9da-6f8d-4450-a121-db50b250e675/datanode-0/data/ratis/1a99b9fa-2352-4f01-b7ca-ae8ba0b9126d
2022-06-27 16:54:17,812 [pool-73-thread-1] INFO  server.RaftServerConfigKeys (ConfUtils.java:logGet(46)) - raft.server.log.queue.byte-limit = 4294967296 (custom)
2022-06-27 16:54:17,812 [pool-73-thread-1] INFO  server.RaftServerConfigKeys (ConfUtils.java:logGet(46)) - raft.server.log.queue.element-limit = 1024 (custom)
2022-06-27 16:54:17,812 [pool-73-thread-1] INFO  server.RaftServerConfigKeys (ConfUtils.java:logGet(46)) - raft.server.log.segment.size.max = 1048576 (custom)
2022-06-27 16:54:17,812 [pool-73-thread-1] INFO  server.RaftServerConfigKeys (ConfUtils.java:logGet(46)) - raft.server.log.preallocated.size = 16384 (custom)
2022-06-27 16:54:17,812 [pool-73-thread-1] INFO  server.RaftServerConfigKeys (ConfUtils.java:logGet(46)) - raft.server.log.force.sync.num = 128 (default)
2022-06-27 16:54:17,812 [pool-73-thread-1] INFO  server.RaftServerConfigKeys (ConfUtils.java:logGet(46)) - raft.server.log.statemachine.data.sync = true (default)
2022-06-27 16:54:17,812 [pool-73-thread-1] INFO  server.RaftServerConfigKeys (ConfUtils.java:logGet(46)) - raft.server.log.statemachine.data.sync.timeout = 10s (default)
2022-06-27 16:54:17,812 [pool-73-thread-1] INFO  server.RaftServerConfigKeys (ConfUtils.java:logGet(46)) - raft.server.log.statemachine.data.sync.timeout.retry = -1 (default)
2022-06-27 16:54:17,814 [pool-73-thread-1] INFO  server.RaftServerConfigKeys (ConfUtils.java:logGet(46)) - raft.server.log.write.buffer.size = 1048576 (custom)
2022-06-27 16:54:17,814 [pool-73-thread-1] INFO  server.RaftServerConfigKeys (ConfUtils.java:logGet(46)) - raft.server.log.unsafe-flush.enabled = false (default)
2022-06-27 16:54:17,814 [pool-73-thread-1] INFO  server.RaftServerConfigKeys (ConfUtils.java:logGet(46)) - raft.server.log.statemachine.data.caching.enabled = true (custom)
2022-06-27 16:54:17,814 [pool-73-thread-1] INFO  segmented.SegmentedRaftLogWorker (SegmentedRaftLogWorker.java:lambda$new$0(135)) - 28725b92-7534-4808-bd3a-f7d426359eac@group-AE8BA0B9126D-SegmentedRaftLogWorker: flushIndex: setUnconditionally 0 -> -1
2022-06-27 16:54:17,814 [pool-73-thread-1] INFO  segmented.SegmentedRaftLogWorker (SegmentedRaftLogWorker.java:lambda$new$0(135)) - 28725b92-7534-4808-bd3a-f7d426359eac@group-AE8BA0B9126D-SegmentedRaftLogWorker: safeCacheEvictIndex: setUnconditionally 0 -> -1
2022-06-27 16:54:17,814 [pool-73-thread-1] INFO  server.RaftServerConfigKeys (ConfUtils.java:logGet(46)) - raft.server.snapshot.auto.trigger.enabled = true (custom)
2022-06-27 16:54:17,814 [pool-73-thread-1] INFO  server.RaftServerConfigKeys (ConfUtils.java:logGet(46)) - raft.server.snapshot.auto.trigger.threshold = 10000 (custom)
2022-06-27 16:54:17,814 [pool-73-thread-1] INFO  server.RaftServerConfigKeys (ConfUtils.java:logGet(46)) - raft.server.snapshot.retention.file.num = 5 (custom)
2022-06-27 16:54:17,814 [pool-73-thread-1] INFO  server.RaftServerConfigKeys (ConfUtils.java:logGet(46)) - raft.server.log.purge.upto.snapshot.index = false (default)
2022-06-27 16:54:17,814 [pool-73-thread-1] INFO  server.RaftServerConfigKeys (ConfUtils.java:logGet(46)) - raft.server.retrycache.expirytime = 600000ms (custom)
2022-06-27 16:54:17,814 [pool-73-thread-1] INFO  server.RaftServerConfigKeys (ConfUtils.java:logGet(46)) - raft.server.retrycache.statistics.expirytime = 100μs (default)
2022-06-27 16:54:17,816 [pool-73-thread-1] INFO  server.RaftServerConfigKeys (ConfUtils.java:logGet(46)) - raft.server.log.appender.install.snapshot.enabled = false (custom)
2022-06-27 16:54:17,816 [pool-73-thread-1] INFO  server.RaftServerConfigKeys (ConfUtils.java:logGet(46)) - raft.server.threadpool.server.cached = true (default)
2022-06-27 16:54:17,816 [pool-73-thread-1] INFO  server.RaftServerConfigKeys (ConfUtils.java:logGet(46)) - raft.server.threadpool.server.size = 0 (default)
2022-06-27 16:54:17,816 [pool-73-thread-1] INFO  server.RaftServerConfigKeys (ConfUtils.java:logGet(46)) - raft.server.threadpool.client.cached = true (default)
2022-06-27 16:54:17,816 [pool-73-thread-1] INFO  server.RaftServerConfigKeys (ConfUtils.java:logGet(46)) - raft.server.threadpool.client.size = 0 (default)
2022-06-27 16:54:17,816 [pool-73-thread-1] INFO  server.RaftServer$Division (RaftServerImpl.java:start(310)) - 28725b92-7534-4808-bd3a-f7d426359eac@group-AE8BA0B9126D: start as a follower, conf=-1: [ccff8009-bc9c-45e1-9925-30de1c0d3a9d|rpc:10.1.0.22:41485|priority:1, 28725b92-7534-4808-bd3a-f7d426359eac|rpc:10.1.0.22:46711|priority:0, e149a773-6f80-4200-b489-f1fdfcbd08b4|rpc:10.1.0.22:46641|priority:0], old=null
2022-06-27 16:54:17,817 [pool-73-thread-1] INFO  server.RaftServer$Division (RaftServerImpl.java:setRole(299)) - 28725b92-7534-4808-bd3a-f7d426359eac@group-AE8BA0B9126D: changes role from      null to FOLLOWER at term 0 for startAsFollower
2022-06-27 16:54:17,817 [pool-73-thread-1] INFO  impl.RoleInfo (RoleInfo.java:updateAndGet(139)) - 28725b92-7534-4808-bd3a-f7d426359eac: start 28725b92-7534-4808-bd3a-f7d426359eac@group-AE8BA0B9126D-FollowerState
2022-06-27 16:54:17,817 [pool-73-thread-1] INFO  util.JmxRegister (JmxRegister.java:tryRegister(44)) - Successfully registered JMX Bean with object name Ratis:service=RaftServer,group=group-AE8BA0B9126D,id=28725b92-7534-4808-bd3a-f7d426359eac
2022-06-27 16:54:17,818 [Command processor thread] INFO  ratis.XceiverServerRatis (XceiverServerRatis.java:addGroup(765)) - Created group PipelineID=1a99b9fa-2352-4f01-b7ca-ae8ba0b9126d
2022-06-27 16:54:18,055 [Listener at 127.0.0.1/44473] INFO  ozone.MiniOzoneClusterImpl (MiniOzoneClusterImpl.java:lambda$waitForClusterToBeReady$0(223)) - Nodes are ready. Got 5 of 5 DN Heartbeats.
2022-06-27 16:54:18,055 [Listener at 127.0.0.1/44473] INFO  ozone.MiniOzoneClusterImpl (MiniOzoneClusterImpl.java:lambda$waitForClusterToBeReady$0(226)) - Waiting for cluster to exit safe mode
2022-06-27 16:54:18,055 [Listener at 127.0.0.1/44473] INFO  ozone.MiniOzoneClusterImpl (MiniOzoneClusterImpl.java:lambda$waitForClusterToBeReady$0(228)) - SCM became leader
2022-06-27 16:54:18,192 [Command processor thread] INFO  server.RaftServer (RaftServerProxy.java:addNew(96)) - ccff8009-bc9c-45e1-9925-30de1c0d3a9d: addNew group-838A1B189DBB:[ccff8009-bc9c-45e1-9925-30de1c0d3a9d|rpc:10.1.0.22:41485|priority:1] returns group-838A1B189DBB:java.util.concurrent.CompletableFuture@7b20c87a[Not completed]
2022-06-27 16:54:18,209 [pool-96-thread-1] INFO  server.RaftServer$Division (RaftServerImpl.java:<init>(190)) - ccff8009-bc9c-45e1-9925-30de1c0d3a9d: new RaftServerImpl for group-838A1B189DBB:[ccff8009-bc9c-45e1-9925-30de1c0d3a9d|rpc:10.1.0.22:41485|priority:1] with ContainerStateMachine:uninitialized
2022-06-27 16:54:18,209 [pool-96-thread-1] INFO  server.RaftServerConfigKeys (ConfUtils.java:logGet(46)) - raft.server.rpc.timeout.min = 5s (custom)
2022-06-27 16:54:18,209 [pool-96-thread-1] INFO  server.RaftServerConfigKeys (ConfUtils.java:logGet(46)) - raft.server.rpc.timeout.max = 5200ms (custom)
2022-06-27 16:54:18,209 [pool-96-thread-1] INFO  server.RaftServerConfigKeys (ConfUtils.java:logGet(46)) - raft.server.rpc.sleep.time = 25ms (default)
2022-06-27 16:54:18,209 [pool-96-thread-1] INFO  server.RaftServerConfigKeys (ConfUtils.java:logGet(46)) - raft.server.rpc.slowness.timeout = 300s (custom)
2022-06-27 16:54:18,209 [pool-96-thread-1] INFO  server.RaftServerConfigKeys (ConfUtils.java:logGet(46)) - raft.server.leaderelection.leader.step-down.wait-time = 10s (default)
2022-06-27 16:54:18,209 [pool-96-thread-1] INFO  server.RaftServerConfigKeys (ConfUtils.java:logGet(46)) - raft.server.sleep.deviation.threshold = 300ms (default)
2022-06-27 16:54:18,209 [pool-96-thread-1] INFO  server.RaftServer$Division (ServerState.java:<init>(107)) - ccff8009-bc9c-45e1-9925-30de1c0d3a9d@group-838A1B189DBB: ConfigurationManager, init=-1: [ccff8009-bc9c-45e1-9925-30de1c0d3a9d|rpc:10.1.0.22:41485|priority:1], old=null, confs=<EMPTY_MAP>
2022-06-27 16:54:18,210 [pool-96-thread-1] INFO  server.RaftServerConfigKeys (ConfUtils.java:logGet(46)) - raft.server.storage.dir = [/home/runner/work/ozone/ozone/hadoop-ozone/integration-test/target/test-dir/MiniOzoneClusterImpl-4b25a9da-6f8d-4450-a121-db50b250e675/datanode-1/data/ratis] (custom)
2022-06-27 16:54:18,210 [pool-96-thread-1] INFO  server.RaftServerConfigKeys (ConfUtils.java:logGet(46)) - raft.server.log.corruption.policy = EXCEPTION (default)
2022-06-27 16:54:18,210 [pool-96-thread-1] INFO  server.RaftServerConfigKeys (ConfUtils.java:logGet(46)) - raft.server.storage.free-space.min = 0MB (=0) (default)
2022-06-27 16:54:18,210 [pool-96-thread-1] INFO  storage.RaftStorageDirectory (RaftStorageDirectoryImpl.java:analyzeStorage(135)) - The storage directory /home/runner/work/ozone/ozone/hadoop-ozone/integration-test/target/test-dir/MiniOzoneClusterImpl-4b25a9da-6f8d-4450-a121-db50b250e675/datanode-1/data/ratis/40ca3563-3a4f-4d3f-99a0-838a1b189dbb does not exist. Creating ...
2022-06-27 16:54:18,211 [pool-96-thread-1] INFO  storage.RaftStorageDirectory (RaftStorageDirectoryImpl.java:tryLock(230)) - Lock on /home/runner/work/ozone/ozone/hadoop-ozone/integration-test/target/test-dir/MiniOzoneClusterImpl-4b25a9da-6f8d-4450-a121-db50b250e675/datanode-1/data/ratis/40ca3563-3a4f-4d3f-99a0-838a1b189dbb/in_use.lock acquired by nodename 16603@fv-az215-30
2022-06-27 16:54:18,212 [pool-96-thread-1] INFO  storage.RaftStorage (RaftStorageImpl.java:format(89)) - Storage directory /home/runner/work/ozone/ozone/hadoop-ozone/integration-test/target/test-dir/MiniOzoneClusterImpl-4b25a9da-6f8d-4450-a121-db50b250e675/datanode-1/data/ratis/40ca3563-3a4f-4d3f-99a0-838a1b189dbb has been successfully formatted.
2022-06-27 16:54:18,217 [pool-96-thread-1] INFO  ratis.ContainerStateMachine (ContainerStateMachine.java:loadSnapshot(236)) - group-838A1B189DBB: The snapshot info is null. Setting the last applied indexto:(t:0, i:~)
2022-06-27 16:54:18,218 [pool-96-thread-1] INFO  server.RaftServerConfigKeys (ConfUtils.java:logGet(46)) - raft.server.notification.no-leader.timeout = 300s (custom)
2022-06-27 16:54:18,218 [pool-96-thread-1] INFO  server.RaftServerConfigKeys (ConfUtils.java:logGet(46)) - raft.server.log.use.memory = false (default)
2022-06-27 16:54:18,218 [pool-96-thread-1] INFO  server.RaftServerConfigKeys (ConfUtils.java:logGet(46)) - raft.server.log.purge.gap = 1000000 (custom)
2022-06-27 16:54:18,218 [pool-96-thread-1] INFO  server.RaftServerConfigKeys (ConfUtils.java:logGet(46)) - raft.server.log.appender.buffer.byte-limit = 33554432 (custom)
2022-06-27 16:54:18,218 [pool-96-thread-1] INFO  server.RaftServerConfigKeys (ConfUtils.java:logGet(46)) - raft.server.log.statemachine.data.read.timeout = 1000ms (default)
2022-06-27 16:54:18,219 [pool-96-thread-1] INFO  server.RaftServerConfigKeys (ConfUtils.java:logGet(46)) - raft.server.log.segment.size.max = 1048576 (custom)
2022-06-27 16:54:18,219 [pool-96-thread-1] INFO  server.RaftServerConfigKeys (ConfUtils.java:logGet(46)) - raft.server.log.segment.cache.num.max = 2 (custom)
2022-06-27 16:54:18,219 [pool-96-thread-1] INFO  server.RaftServerConfigKeys (ConfUtils.java:logGet(46)) - raft.server.log.segment.cache.size.max = 200MB (=209715200) (default)
2022-06-27 16:54:18,220 [pool-96-thread-1] INFO  segmented.SegmentedRaftLogWorker (SegmentedRaftLogWorker.java:<init>(187)) - new ccff8009-bc9c-45e1-9925-30de1c0d3a9d@group-838A1B189DBB-SegmentedRaftLogWorker for RaftStorageImpl:Storage Directory /home/runner/work/ozone/ozone/hadoop-ozone/integration-test/target/test-dir/MiniOzoneClusterImpl-4b25a9da-6f8d-4450-a121-db50b250e675/datanode-1/data/ratis/40ca3563-3a4f-4d3f-99a0-838a1b189dbb
2022-06-27 16:54:18,220 [pool-96-thread-1] INFO  server.RaftServerConfigKeys (ConfUtils.java:logGet(46)) - raft.server.log.queue.byte-limit = 4294967296 (custom)
2022-06-27 16:54:18,220 [pool-96-thread-1] INFO  server.RaftServerConfigKeys (ConfUtils.java:logGet(46)) - raft.server.log.queue.element-limit = 1024 (custom)
2022-06-27 16:54:18,220 [pool-96-thread-1] INFO  server.RaftServerConfigKeys (ConfUtils.java:logGet(46)) - raft.server.log.segment.size.max = 1048576 (custom)
2022-06-27 16:54:18,220 [pool-96-thread-1] INFO  server.RaftServerConfigKeys (ConfUtils.java:logGet(46)) - raft.server.log.preallocated.size = 16384 (custom)
2022-06-27 16:54:18,220 [pool-96-thread-1] INFO  server.RaftServerConfigKeys (ConfUtils.java:logGet(46)) - raft.server.log.force.sync.num = 128 (default)
2022-06-27 16:54:18,220 [pool-96-thread-1] INFO  server.RaftServerConfigKeys (ConfUtils.java:logGet(46)) - raft.server.log.statemachine.data.sync = true (default)
2022-06-27 16:54:18,220 [pool-96-thread-1] INFO  server.RaftServerConfigKeys (ConfUtils.java:logGet(46)) - raft.server.log.statemachine.data.sync.timeout = 10s (default)
2022-06-27 16:54:18,220 [pool-96-thread-1] INFO  server.RaftServerConfigKeys (ConfUtils.java:logGet(46)) - raft.server.log.statemachine.data.sync.timeout.retry = -1 (default)
2022-06-27 16:54:18,222 [pool-96-thread-1] INFO  server.RaftServerConfigKeys (ConfUtils.java:logGet(46)) - raft.server.log.write.buffer.size = 1048576 (custom)
2022-06-27 16:54:18,222 [pool-96-thread-1] INFO  server.RaftServerConfigKeys (ConfUtils.java:logGet(46)) - raft.server.log.unsafe-flush.enabled = false (default)
2022-06-27 16:54:18,222 [pool-96-thread-1] INFO  server.RaftServerConfigKeys (ConfUtils.java:logGet(46)) - raft.server.log.statemachine.data.caching.enabled = true (custom)
2022-06-27 16:54:18,223 [pool-96-thread-1] INFO  segmented.SegmentedRaftLogWorker (SegmentedRaftLogWorker.java:lambda$new$0(135)) - ccff8009-bc9c-45e1-9925-30de1c0d3a9d@group-838A1B189DBB-SegmentedRaftLogWorker: flushIndex: setUnconditionally 0 -> -1
2022-06-27 16:54:18,223 [pool-96-thread-1] INFO  segmented.SegmentedRaftLogWorker (SegmentedRaftLogWorker.java:lambda$new$0(135)) - ccff8009-bc9c-45e1-9925-30de1c0d3a9d@group-838A1B189DBB-SegmentedRaftLogWorker: safeCacheEvictIndex: setUnconditionally 0 -> -1
2022-06-27 16:54:18,228 [pool-96-thread-1] INFO  server.RaftServerConfigKeys (ConfUtils.java:logGet(46)) - raft.server.snapshot.auto.trigger.enabled = true (custom)
2022-06-27 16:54:18,228 [pool-96-thread-1] INFO  server.RaftServerConfigKeys (ConfUtils.java:logGet(46)) - raft.server.snapshot.auto.trigger.threshold = 10000 (custom)
2022-06-27 16:54:18,228 [pool-96-thread-1] INFO  server.RaftServerConfigKeys (ConfUtils.java:logGet(46)) - raft.server.snapshot.retention.file.num = 5 (custom)
2022-06-27 16:54:18,228 [pool-96-thread-1] INFO  server.RaftServerConfigKeys (ConfUtils.java:logGet(46)) - raft.server.log.purge.upto.snapshot.index = false (default)
2022-06-27 16:54:18,228 [pool-96-thread-1] INFO  server.RaftServerConfigKeys (ConfUtils.java:logGet(46)) - raft.server.retrycache.expirytime = 600000ms (custom)
2022-06-27 16:54:18,228 [pool-96-thread-1] INFO  server.RaftServerConfigKeys (ConfUtils.java:logGet(46)) - raft.server.retrycache.statistics.expirytime = 100μs (default)
2022-06-27 16:54:18,228 [EventQueue-PipelineReportForPipelineReportHandler] INFO  pipeline.PipelineManagerImpl (PipelineManagerImpl.java:openPipeline(358)) - Pipeline Pipeline[ Id: 40ca3563-3a4f-4d3f-99a0-838a1b189dbb, Nodes: ccff8009-bc9c-45e1-9925-30de1c0d3a9d{ip: 10.1.0.22, host: fv-az215-30.fk02tkdpp51uda4i120yanydqb.bx.internal.cloudapp.net, ports: [REPLICATION=32799, RATIS=41485, RATIS_ADMIN=41485, RATIS_SERVER=41485, STANDALONE=33923], networkLocation: /default-rack, certSerialId: null, persistedOpState: IN_SERVICE, persistedOpStateExpiryEpochSec: 0}, ReplicationConfig: RATIS/ONE, State:ALLOCATED, leaderId:ccff8009-bc9c-45e1-9925-30de1c0d3a9d, CreationTimestamp2022-06-27T16:54:15.196Z[Etc/UTC]] moved to OPEN state
2022-06-27 16:54:18,229 [EventQueue-OpenPipelineForHealthyPipelineSafeModeRule] INFO  safemode.SCMSafeModeManager (HealthyPipelineSafeModeRule.java:process(124)) - SCM in safe mode. Healthy pipelines reported count is 0, required healthy pipeline reported count is 1
2022-06-27 16:54:18,230 [pool-96-thread-1] INFO  server.RaftServerConfigKeys (ConfUtils.java:logGet(46)) - raft.server.log.appender.install.snapshot.enabled = false (custom)
2022-06-27 16:54:18,233 [pool-96-thread-1] INFO  server.RaftServerConfigKeys (ConfUtils.java:logGet(46)) - raft.server.threadpool.server.cached = true (default)
2022-06-27 16:54:18,233 [pool-96-thread-1] INFO  server.RaftServerConfigKeys (ConfUtils.java:logGet(46)) - raft.server.threadpool.server.size = 0 (default)
2022-06-27 16:54:18,233 [pool-96-thread-1] INFO  server.RaftServerConfigKeys (ConfUtils.java:logGet(46)) - raft.server.threadpool.client.cached = true (default)
2022-06-27 16:54:18,233 [pool-96-thread-1] INFO  server.RaftServerConfigKeys (ConfUtils.java:logGet(46)) - raft.server.threadpool.client.size = 0 (default)
2022-06-27 16:54:18,233 [pool-96-thread-1] INFO  server.RaftServer$Division (RaftServerImpl.java:start(310)) - ccff8009-bc9c-45e1-9925-30de1c0d3a9d@group-838A1B189DBB: start as a follower, conf=-1: [ccff8009-bc9c-45e1-9925-30de1c0d3a9d|rpc:10.1.0.22:41485|priority:1], old=null
2022-06-27 16:54:18,233 [pool-96-thread-1] INFO  server.RaftServer$Division (RaftServerImpl.java:setRole(299)) - ccff8009-bc9c-45e1-9925-30de1c0d3a9d@group-838A1B189DBB: changes role from      null to FOLLOWER at term 0 for startAsFollower
2022-06-27 16:54:18,233 [pool-96-thread-1] INFO  impl.RoleInfo (RoleInfo.java:updateAndGet(139)) - ccff8009-bc9c-45e1-9925-30de1c0d3a9d: start ccff8009-bc9c-45e1-9925-30de1c0d3a9d@group-838A1B189DBB-FollowerState
2022-06-27 16:54:18,234 [pool-96-thread-1] INFO  util.JmxRegister (JmxRegister.java:tryRegister(44)) - Successfully registered JMX Bean with object name Ratis:service=RaftServer,group=group-838A1B189DBB,id=ccff8009-bc9c-45e1-9925-30de1c0d3a9d
2022-06-27 16:54:18,235 [Command processor thread] INFO  ratis.XceiverServerRatis (XceiverServerRatis.java:addGroup(765)) - Created group PipelineID=40ca3563-3a4f-4d3f-99a0-838a1b189dbb
2022-06-27 16:54:18,235 [Command processor thread] INFO  commandhandler.CreatePipelineCommandHandler (CreatePipelineCommandHandler.java:handle(113)) - Created Pipeline RATIS ONE PipelineID=40ca3563-3a4f-4d3f-99a0-838a1b189dbb.
2022-06-27 16:54:18,235 [Command processor thread] INFO  server.RaftServer (RaftServerProxy.java:addNew(96)) - ccff8009-bc9c-45e1-9925-30de1c0d3a9d: addNew group-AE8BA0B9126D:[ccff8009-bc9c-45e1-9925-30de1c0d3a9d|rpc:10.1.0.22:41485|priority:1, 28725b92-7534-4808-bd3a-f7d426359eac|rpc:10.1.0.22:46711|priority:0, e149a773-6f80-4200-b489-f1fdfcbd08b4|rpc:10.1.0.22:46641|priority:0] returns group-AE8BA0B9126D:java.util.concurrent.CompletableFuture@7f1f43c6[Not completed]
2022-06-27 16:54:18,236 [pool-96-thread-1] INFO  server.RaftServer$Division (RaftServerImpl.java:<init>(190)) - ccff8009-bc9c-45e1-9925-30de1c0d3a9d: new RaftServerImpl for group-AE8BA0B9126D:[ccff8009-bc9c-45e1-9925-30de1c0d3a9d|rpc:10.1.0.22:41485|priority:1, 28725b92-7534-4808-bd3a-f7d426359eac|rpc:10.1.0.22:46711|priority:0, e149a773-6f80-4200-b489-f1fdfcbd08b4|rpc:10.1.0.22:46641|priority:0] with ContainerStateMachine:uninitialized
2022-06-27 16:54:18,236 [pool-96-thread-1] INFO  server.RaftServerConfigKeys (ConfUtils.java:logGet(46)) - raft.server.rpc.timeout.min = 5s (custom)
2022-06-27 16:54:18,236 [pool-96-thread-1] INFO  server.RaftServerConfigKeys (ConfUtils.java:logGet(46)) - raft.server.rpc.timeout.max = 5200ms (custom)
2022-06-27 16:54:18,236 [pool-96-thread-1] INFO  server.RaftServerConfigKeys (ConfUtils.java:logGet(46)) - raft.server.rpc.sleep.time = 25ms (default)
2022-06-27 16:54:18,236 [pool-96-thread-1] INFO  server.RaftServerConfigKeys (ConfUtils.java:logGet(46)) - raft.server.rpc.slowness.timeout = 300s (custom)
2022-06-27 16:54:18,236 [pool-96-thread-1] INFO  server.RaftServerConfigKeys (ConfUtils.java:logGet(46)) - raft.server.leaderelection.leader.step-down.wait-time = 10s (default)
2022-06-27 16:54:18,236 [pool-96-thread-1] INFO  server.RaftServerConfigKeys (ConfUtils.java:logGet(46)) - raft.server.sleep.deviation.threshold = 300ms (default)
2022-06-27 16:54:18,236 [pool-96-thread-1] INFO  server.RaftServer$Division (ServerState.java:<init>(107)) - ccff8009-bc9c-45e1-9925-30de1c0d3a9d@group-AE8BA0B9126D: ConfigurationManager, init=-1: [ccff8009-bc9c-45e1-9925-30de1c0d3a9d|rpc:10.1.0.22:41485|priority:1, 28725b92-7534-4808-bd3a-f7d426359eac|rpc:10.1.0.22:46711|priority:0, e149a773-6f80-4200-b489-f1fdfcbd08b4|rpc:10.1.0.22:46641|priority:0], old=null, confs=<EMPTY_MAP>
2022-06-27 16:54:18,236 [pool-96-thread-1] INFO  server.RaftServerConfigKeys (ConfUtils.java:logGet(46)) - raft.server.storage.dir = [/home/runner/work/ozone/ozone/hadoop-ozone/integration-test/target/test-dir/MiniOzoneClusterImpl-4b25a9da-6f8d-4450-a121-db50b250e675/datanode-1/data/ratis] (custom)
2022-06-27 16:54:18,236 [pool-96-thread-1] INFO  server.RaftServerConfigKeys (ConfUtils.java:logGet(46)) - raft.server.log.corruption.policy = EXCEPTION (default)
2022-06-27 16:54:18,237 [pool-96-thread-1] INFO  server.RaftServerConfigKeys (ConfUtils.java:logGet(46)) - raft.server.storage.free-space.min = 0MB (=0) (default)
2022-06-27 16:54:18,237 [pool-96-thread-1] INFO  storage.RaftStorageDirectory (RaftStorageDirectoryImpl.java:analyzeStorage(135)) - The storage directory /home/runner/work/ozone/ozone/hadoop-ozone/integration-test/target/test-dir/MiniOzoneClusterImpl-4b25a9da-6f8d-4450-a121-db50b250e675/datanode-1/data/ratis/1a99b9fa-2352-4f01-b7ca-ae8ba0b9126d does not exist. Creating ...
2022-06-27 16:54:18,237 [pool-96-thread-1] INFO  storage.RaftStorageDirectory (RaftStorageDirectoryImpl.java:tryLock(230)) - Lock on /home/runner/work/ozone/ozone/hadoop-ozone/integration-test/target/test-dir/MiniOzoneClusterImpl-4b25a9da-6f8d-4450-a121-db50b250e675/datanode-1/data/ratis/1a99b9fa-2352-4f01-b7ca-ae8ba0b9126d/in_use.lock acquired by nodename 16603@fv-az215-30
2022-06-27 16:54:18,238 [pool-96-thread-1] INFO  storage.RaftStorage (RaftStorageImpl.java:format(89)) - Storage directory /home/runner/work/ozone/ozone/hadoop-ozone/integration-test/target/test-dir/MiniOzoneClusterImpl-4b25a9da-6f8d-4450-a121-db50b250e675/datanode-1/data/ratis/1a99b9fa-2352-4f01-b7ca-ae8ba0b9126d has been successfully formatted.
2022-06-27 16:54:18,239 [pool-96-thread-1] INFO  ratis.ContainerStateMachine (ContainerStateMachine.java:loadSnapshot(236)) - group-AE8BA0B9126D: The snapshot info is null. Setting the last applied indexto:(t:0, i:~)
2022-06-27 16:54:18,241 [EventQueue-OpenPipelineForHealthyPipelineSafeModeRule] INFO  safemode.SCMSafeModeManager (HealthyPipelineSafeModeRule.java:process(124)) - SCM in safe mode. Healthy pipelines reported count is 0, required healthy pipeline reported count is 1
2022-06-27 16:54:18,245 [pool-96-thread-1] INFO  server.RaftServerConfigKeys (ConfUtils.java:logGet(46)) - raft.server.notification.no-leader.timeout = 300s (custom)
2022-06-27 16:54:18,245 [pool-96-thread-1] INFO  server.RaftServerConfigKeys (ConfUtils.java:logGet(46)) - raft.server.log.use.memory = false (default)
2022-06-27 16:54:18,245 [pool-96-thread-1] INFO  server.RaftServerConfigKeys (ConfUtils.java:logGet(46)) - raft.server.log.purge.gap = 1000000 (custom)
2022-06-27 16:54:18,245 [pool-96-thread-1] INFO  server.RaftServerConfigKeys (ConfUtils.java:logGet(46)) - raft.server.log.appender.buffer.byte-limit = 33554432 (custom)
2022-06-27 16:54:18,245 [pool-96-thread-1] INFO  server.RaftServerConfigKeys (ConfUtils.java:logGet(46)) - raft.server.log.statemachine.data.read.timeout = 1000ms (default)
2022-06-27 16:54:18,245 [pool-96-thread-1] INFO  server.RaftServerConfigKeys (ConfUtils.java:logGet(46)) - raft.server.log.segment.size.max = 1048576 (custom)
2022-06-27 16:54:18,246 [pool-96-thread-1] INFO  server.RaftServerConfigKeys (ConfUtils.java:logGet(46)) - raft.server.log.segment.cache.num.max = 2 (custom)
2022-06-27 16:54:18,246 [pool-96-thread-1] INFO  server.RaftServerConfigKeys (ConfUtils.java:logGet(46)) - raft.server.log.segment.cache.size.max = 200MB (=209715200) (default)
2022-06-27 16:54:18,246 [pool-96-thread-1] INFO  segmented.SegmentedRaftLogWorker (SegmentedRaftLogWorker.java:<init>(187)) - new ccff8009-bc9c-45e1-9925-30de1c0d3a9d@group-AE8BA0B9126D-SegmentedRaftLogWorker for RaftStorageImpl:Storage Directory /home/runner/work/ozone/ozone/hadoop-ozone/integration-test/target/test-dir/MiniOzoneClusterImpl-4b25a9da-6f8d-4450-a121-db50b250e675/datanode-1/data/ratis/1a99b9fa-2352-4f01-b7ca-ae8ba0b9126d
2022-06-27 16:54:18,246 [pool-96-thread-1] INFO  server.RaftServerConfigKeys (ConfUtils.java:logGet(46)) - raft.server.log.queue.byte-limit = 4294967296 (custom)
2022-06-27 16:54:18,246 [pool-96-thread-1] INFO  server.RaftServerConfigKeys (ConfUtils.java:logGet(46)) - raft.server.log.queue.element-limit = 1024 (custom)
2022-06-27 16:54:18,246 [pool-96-thread-1] INFO  server.RaftServerConfigKeys (ConfUtils.java:logGet(46)) - raft.server.log.segment.size.max = 1048576 (custom)
2022-06-27 16:54:18,246 [pool-96-thread-1] INFO  server.RaftServerConfigKeys (ConfUtils.java:logGet(46)) - raft.server.log.preallocated.size = 16384 (custom)
2022-06-27 16:54:18,246 [pool-96-thread-1] INFO  server.RaftServerConfigKeys (ConfUtils.java:logGet(46)) - raft.server.log.force.sync.num = 128 (default)
2022-06-27 16:54:18,246 [pool-96-thread-1] INFO  server.RaftServerConfigKeys (ConfUtils.java:logGet(46)) - raft.server.log.statemachine.data.sync = true (default)
2022-06-27 16:54:18,246 [pool-96-thread-1] INFO  server.RaftServerConfigKeys (ConfUtils.java:logGet(46)) - raft.server.log.statemachine.data.sync.timeout = 10s (default)
2022-06-27 16:54:18,246 [pool-96-thread-1] INFO  server.RaftServerConfigKeys (ConfUtils.java:logGet(46)) - raft.server.log.statemachine.data.sync.timeout.retry = -1 (default)
2022-06-27 16:54:18,247 [pool-96-thread-1] INFO  server.RaftServerConfigKeys (ConfUtils.java:logGet(46)) - raft.server.log.write.buffer.size = 1048576 (custom)
2022-06-27 16:54:18,248 [pool-96-thread-1] INFO  server.RaftServerConfigKeys (ConfUtils.java:logGet(46)) - raft.server.log.unsafe-flush.enabled = false (default)
2022-06-27 16:54:18,248 [pool-96-thread-1] INFO  server.RaftServerConfigKeys (ConfUtils.java:logGet(46)) - raft.server.log.statemachine.data.caching.enabled = true (custom)
2022-06-27 16:54:18,248 [pool-96-thread-1] INFO  segmented.SegmentedRaftLogWorker (SegmentedRaftLogWorker.java:lambda$new$0(135)) - ccff8009-bc9c-45e1-9925-30de1c0d3a9d@group-AE8BA0B9126D-SegmentedRaftLogWorker: flushIndex: setUnconditionally 0 -> -1
2022-06-27 16:54:18,248 [pool-96-thread-1] INFO  segmented.SegmentedRaftLogWorker (SegmentedRaftLogWorker.java:lambda$new$0(135)) - ccff8009-bc9c-45e1-9925-30de1c0d3a9d@group-AE8BA0B9126D-SegmentedRaftLogWorker: safeCacheEvictIndex: setUnconditionally 0 -> -1
2022-06-27 16:54:18,253 [pool-96-thread-1] INFO  server.RaftServerConfigKeys (ConfUtils.java:logGet(46)) - raft.server.snapshot.auto.trigger.enabled = true (custom)
2022-06-27 16:54:18,253 [pool-96-thread-1] INFO  server.RaftServerConfigKeys (ConfUtils.java:logGet(46)) - raft.server.snapshot.auto.trigger.threshold = 10000 (custom)
2022-06-27 16:54:18,253 [pool-96-thread-1] INFO  server.RaftServerConfigKeys (ConfUtils.java:logGet(46)) - raft.server.snapshot.retention.file.num = 5 (custom)
2022-06-27 16:54:18,253 [pool-96-thread-1] INFO  server.RaftServerConfigKeys (ConfUtils.java:logGet(46)) - raft.server.log.purge.upto.snapshot.index = false (default)
2022-06-27 16:54:18,253 [pool-96-thread-1] INFO  server.RaftServerConfigKeys (ConfUtils.java:logGet(46)) - raft.server.retrycache.expirytime = 600000ms (custom)
2022-06-27 16:54:18,253 [pool-96-thread-1] INFO  server.RaftServerConfigKeys (ConfUtils.java:logGet(46)) - raft.server.retrycache.statistics.expirytime = 100μs (default)
2022-06-27 16:54:18,254 [pool-96-thread-1] INFO  server.RaftServerConfigKeys (ConfUtils.java:logGet(46)) - raft.server.log.appender.install.snapshot.enabled = false (custom)
2022-06-27 16:54:18,254 [pool-96-thread-1] INFO  server.RaftServerConfigKeys (ConfUtils.java:logGet(46)) - raft.server.threadpool.server.cached = true (default)
2022-06-27 16:54:18,254 [pool-96-thread-1] INFO  server.RaftServerConfigKeys (ConfUtils.java:logGet(46)) - raft.server.threadpool.server.size = 0 (default)
2022-06-27 16:54:18,254 [pool-96-thread-1] INFO  server.RaftServerConfigKeys (ConfUtils.java:logGet(46)) - raft.server.threadpool.client.cached = true (default)
2022-06-27 16:54:18,255 [pool-96-thread-1] INFO  server.RaftServerConfigKeys (ConfUtils.java:logGet(46)) - raft.server.threadpool.client.size = 0 (default)
2022-06-27 16:54:18,255 [pool-96-thread-1] INFO  server.RaftServer$Division (RaftServerImpl.java:start(310)) - ccff8009-bc9c-45e1-9925-30de1c0d3a9d@group-AE8BA0B9126D: start as a follower, conf=-1: [ccff8009-bc9c-45e1-9925-30de1c0d3a9d|rpc:10.1.0.22:41485|priority:1, 28725b92-7534-4808-bd3a-f7d426359eac|rpc:10.1.0.22:46711|priority:0, e149a773-6f80-4200-b489-f1fdfcbd08b4|rpc:10.1.0.22:46641|priority:0], old=null
2022-06-27 16:54:18,255 [pool-96-thread-1] INFO  server.RaftServer$Division (RaftServerImpl.java:setRole(299)) - ccff8009-bc9c-45e1-9925-30de1c0d3a9d@group-AE8BA0B9126D: changes role from      null to FOLLOWER at term 0 for startAsFollower
2022-06-27 16:54:18,255 [pool-96-thread-1] INFO  impl.RoleInfo (RoleInfo.java:updateAndGet(139)) - ccff8009-bc9c-45e1-9925-30de1c0d3a9d: start ccff8009-bc9c-45e1-9925-30de1c0d3a9d@group-AE8BA0B9126D-FollowerState
2022-06-27 16:54:18,260 [pool-96-thread-1] INFO  util.JmxRegister (JmxRegister.java:tryRegister(44)) - Successfully registered JMX Bean with object name Ratis:service=RaftServer,group=group-AE8BA0B9126D,id=ccff8009-bc9c-45e1-9925-30de1c0d3a9d
2022-06-27 16:54:18,261 [Command processor thread] INFO  ratis.XceiverServerRatis (XceiverServerRatis.java:addGroup(765)) - Created group PipelineID=1a99b9fa-2352-4f01-b7ca-ae8ba0b9126d
2022-06-27 16:54:18,418 [grpc-default-executor-1] INFO  server.RaftServer (RaftServerProxy.java:addNew(96)) - e149a773-6f80-4200-b489-f1fdfcbd08b4: addNew group-AE8BA0B9126D:[ccff8009-bc9c-45e1-9925-30de1c0d3a9d|rpc:10.1.0.22:41485|dataStream:|priority:1, 28725b92-7534-4808-bd3a-f7d426359eac|rpc:10.1.0.22:46711|dataStream:|priority:0, e149a773-6f80-4200-b489-f1fdfcbd08b4|rpc:10.1.0.22:46641|dataStream:|priority:0] returns group-AE8BA0B9126D:java.util.concurrent.CompletableFuture@3b3c4a90[Not completed]
2022-06-27 16:54:18,424 [pool-119-thread-1] INFO  server.RaftServer$Division (RaftServerImpl.java:<init>(190)) - e149a773-6f80-4200-b489-f1fdfcbd08b4: new RaftServerImpl for group-AE8BA0B9126D:[ccff8009-bc9c-45e1-9925-30de1c0d3a9d|rpc:10.1.0.22:41485|dataStream:|priority:1, 28725b92-7534-4808-bd3a-f7d426359eac|rpc:10.1.0.22:46711|dataStream:|priority:0, e149a773-6f80-4200-b489-f1fdfcbd08b4|rpc:10.1.0.22:46641|dataStream:|priority:0] with ContainerStateMachine:uninitialized
2022-06-27 16:54:18,424 [pool-119-thread-1] INFO  server.RaftServerConfigKeys (ConfUtils.java:logGet(46)) - raft.server.rpc.timeout.min = 5s (custom)
2022-06-27 16:54:18,424 [pool-119-thread-1] INFO  server.RaftServerConfigKeys (ConfUtils.java:logGet(46)) - raft.server.rpc.timeout.max = 5200ms (custom)
2022-06-27 16:54:18,424 [pool-119-thread-1] INFO  server.RaftServerConfigKeys (ConfUtils.java:logGet(46)) - raft.server.rpc.sleep.time = 25ms (default)
2022-06-27 16:54:18,424 [pool-119-thread-1] INFO  server.RaftServerConfigKeys (ConfUtils.java:logGet(46)) - raft.server.rpc.slowness.timeout = 300s (custom)
2022-06-27 16:54:18,424 [pool-119-thread-1] INFO  server.RaftServerConfigKeys (ConfUtils.java:logGet(46)) - raft.server.leaderelection.leader.step-down.wait-time = 10s (default)
2022-06-27 16:54:18,424 [pool-119-thread-1] INFO  server.RaftServerConfigKeys (ConfUtils.java:logGet(46)) - raft.server.sleep.deviation.threshold = 300ms (default)
2022-06-27 16:54:18,424 [pool-119-thread-1] INFO  server.RaftServer$Division (ServerState.java:<init>(107)) - e149a773-6f80-4200-b489-f1fdfcbd08b4@group-AE8BA0B9126D: ConfigurationManager, init=-1: [ccff8009-bc9c-45e1-9925-30de1c0d3a9d|rpc:10.1.0.22:41485|dataStream:|priority:1, 28725b92-7534-4808-bd3a-f7d426359eac|rpc:10.1.0.22:46711|dataStream:|priority:0, e149a773-6f80-4200-b489-f1fdfcbd08b4|rpc:10.1.0.22:46641|dataStream:|priority:0], old=null, confs=<EMPTY_MAP>
2022-06-27 16:54:18,424 [pool-119-thread-1] INFO  server.RaftServerConfigKeys (ConfUtils.java:logGet(46)) - raft.server.storage.dir = [/home/runner/work/ozone/ozone/hadoop-ozone/integration-test/target/test-dir/MiniOzoneClusterImpl-4b25a9da-6f8d-4450-a121-db50b250e675/datanode-2/data/ratis] (custom)
2022-06-27 16:54:18,424 [pool-119-thread-1] INFO  server.RaftServerConfigKeys (ConfUtils.java:logGet(46)) - raft.server.log.corruption.policy = EXCEPTION (default)
2022-06-27 16:54:18,424 [pool-119-thread-1] INFO  server.RaftServerConfigKeys (ConfUtils.java:logGet(46)) - raft.server.storage.free-space.min = 0MB (=0) (default)
2022-06-27 16:54:18,425 [pool-119-thread-1] INFO  storage.RaftStorageDirectory (RaftStorageDirectoryImpl.java:analyzeStorage(135)) - The storage directory /home/runner/work/ozone/ozone/hadoop-ozone/integration-test/target/test-dir/MiniOzoneClusterImpl-4b25a9da-6f8d-4450-a121-db50b250e675/datanode-2/data/ratis/1a99b9fa-2352-4f01-b7ca-ae8ba0b9126d does not exist. Creating ...
2022-06-27 16:54:18,426 [pool-119-thread-1] INFO  storage.RaftStorageDirectory (RaftStorageDirectoryImpl.java:tryLock(230)) - Lock on /home/runner/work/ozone/ozone/hadoop-ozone/integration-test/target/test-dir/MiniOzoneClusterImpl-4b25a9da-6f8d-4450-a121-db50b250e675/datanode-2/data/ratis/1a99b9fa-2352-4f01-b7ca-ae8ba0b9126d/in_use.lock acquired by nodename 16603@fv-az215-30
2022-06-27 16:54:18,426 [pool-119-thread-1] INFO  storage.RaftStorage (RaftStorageImpl.java:format(89)) - Storage directory /home/runner/work/ozone/ozone/hadoop-ozone/integration-test/target/test-dir/MiniOzoneClusterImpl-4b25a9da-6f8d-4450-a121-db50b250e675/datanode-2/data/ratis/1a99b9fa-2352-4f01-b7ca-ae8ba0b9126d has been successfully formatted.
2022-06-27 16:54:18,428 [pool-119-thread-1] INFO  ratis.ContainerStateMachine (ContainerStateMachine.java:loadSnapshot(236)) - group-AE8BA0B9126D: The snapshot info is null. Setting the last applied indexto:(t:0, i:~)
2022-06-27 16:54:18,431 [pool-119-thread-1] INFO  server.RaftServerConfigKeys (ConfUtils.java:logGet(46)) - raft.server.notification.no-leader.timeout = 300s (custom)
2022-06-27 16:54:18,432 [pool-119-thread-1] INFO  server.RaftServerConfigKeys (ConfUtils.java:logGet(46)) - raft.server.log.use.memory = false (default)
2022-06-27 16:54:18,432 [pool-119-thread-1] INFO  server.RaftServerConfigKeys (ConfUtils.java:logGet(46)) - raft.server.log.purge.gap = 1000000 (custom)
2022-06-27 16:54:18,432 [pool-119-thread-1] INFO  server.RaftServerConfigKeys (ConfUtils.java:logGet(46)) - raft.server.log.appender.buffer.byte-limit = 33554432 (custom)
2022-06-27 16:54:18,432 [pool-119-thread-1] INFO  server.RaftServerConfigKeys (ConfUtils.java:logGet(46)) - raft.server.log.statemachine.data.read.timeout = 1000ms (default)
2022-06-27 16:54:18,432 [pool-119-thread-1] INFO  server.RaftServerConfigKeys (ConfUtils.java:logGet(46)) - raft.server.log.segment.size.max = 1048576 (custom)
2022-06-27 16:54:18,432 [pool-119-thread-1] INFO  server.RaftServerConfigKeys (ConfUtils.java:logGet(46)) - raft.server.log.segment.cache.num.max = 2 (custom)
2022-06-27 16:54:18,432 [pool-119-thread-1] INFO  server.RaftServerConfigKeys (ConfUtils.java:logGet(46)) - raft.server.log.segment.cache.size.max = 200MB (=209715200) (default)
2022-06-27 16:54:18,432 [pool-119-thread-1] INFO  segmented.SegmentedRaftLogWorker (SegmentedRaftLogWorker.java:<init>(187)) - new e149a773-6f80-4200-b489-f1fdfcbd08b4@group-AE8BA0B9126D-SegmentedRaftLogWorker for RaftStorageImpl:Storage Directory /home/runner/work/ozone/ozone/hadoop-ozone/integration-test/target/test-dir/MiniOzoneClusterImpl-4b25a9da-6f8d-4450-a121-db50b250e675/datanode-2/data/ratis/1a99b9fa-2352-4f01-b7ca-ae8ba0b9126d
2022-06-27 16:54:18,432 [pool-119-thread-1] INFO  server.RaftServerConfigKeys (ConfUtils.java:logGet(46)) - raft.server.log.queue.byte-limit = 4294967296 (custom)
2022-06-27 16:54:18,432 [pool-119-thread-1] INFO  server.RaftServerConfigKeys (ConfUtils.java:logGet(46)) - raft.server.log.queue.element-limit = 1024 (custom)
2022-06-27 16:54:18,432 [pool-119-thread-1] INFO  server.RaftServerConfigKeys (ConfUtils.java:logGet(46)) - raft.server.log.segment.size.max = 1048576 (custom)
2022-06-27 16:54:18,433 [pool-119-thread-1] INFO  server.RaftServerConfigKeys (ConfUtils.java:logGet(46)) - raft.server.log.preallocated.size = 16384 (custom)
2022-06-27 16:54:18,433 [pool-119-thread-1] INFO  server.RaftServerConfigKeys (ConfUtils.java:logGet(46)) - raft.server.log.force.sync.num = 128 (default)
2022-06-27 16:54:18,433 [pool-119-thread-1] INFO  server.RaftServerConfigKeys (ConfUtils.java:logGet(46)) - raft.server.log.statemachine.data.sync = true (default)
2022-06-27 16:54:18,433 [pool-119-thread-1] INFO  server.RaftServerConfigKeys (ConfUtils.java:logGet(46)) - raft.server.log.statemachine.data.sync.timeout = 10s (default)
2022-06-27 16:54:18,433 [pool-119-thread-1] INFO  server.RaftServerConfigKeys (ConfUtils.java:logGet(46)) - raft.server.log.statemachine.data.sync.timeout.retry = -1 (default)
2022-06-27 16:54:18,433 [pool-119-thread-1] INFO  server.RaftServerConfigKeys (ConfUtils.java:logGet(46)) - raft.server.log.write.buffer.size = 1048576 (custom)
2022-06-27 16:54:18,434 [pool-119-thread-1] INFO  server.RaftServerConfigKeys (ConfUtils.java:logGet(46)) - raft.server.log.unsafe-flush.enabled = false (default)
2022-06-27 16:54:18,434 [pool-119-thread-1] INFO  server.RaftServerConfigKeys (ConfUtils.java:logGet(46)) - raft.server.log.statemachine.data.caching.enabled = true (custom)
2022-06-27 16:54:18,434 [pool-119-thread-1] INFO  segmented.SegmentedRaftLogWorker (SegmentedRaftLogWorker.java:lambda$new$0(135)) - e149a773-6f80-4200-b489-f1fdfcbd08b4@group-AE8BA0B9126D-SegmentedRaftLogWorker: flushIndex: setUnconditionally 0 -> -1
2022-06-27 16:54:18,434 [pool-119-thread-1] INFO  segmented.SegmentedRaftLogWorker (SegmentedRaftLogWorker.java:lambda$new$0(135)) - e149a773-6f80-4200-b489-f1fdfcbd08b4@group-AE8BA0B9126D-SegmentedRaftLogWorker: safeCacheEvictIndex: setUnconditionally 0 -> -1
2022-06-27 16:54:18,435 [pool-119-thread-1] INFO  server.RaftServerConfigKeys (ConfUtils.java:logGet(46)) - raft.server.snapshot.auto.trigger.enabled = true (custom)
2022-06-27 16:54:18,435 [pool-119-thread-1] INFO  server.RaftServerConfigKeys (ConfUtils.java:logGet(46)) - raft.server.snapshot.auto.trigger.threshold = 10000 (custom)
2022-06-27 16:54:18,435 [pool-119-thread-1] INFO  server.RaftServerConfigKeys (ConfUtils.java:logGet(46)) - raft.server.snapshot.retention.file.num = 5 (custom)
2022-06-27 16:54:18,435 [pool-119-thread-1] INFO  server.RaftServerConfigKeys (ConfUtils.java:logGet(46)) - raft.server.log.purge.upto.snapshot.index = false (default)
2022-06-27 16:54:18,435 [pool-119-thread-1] INFO  server.RaftServerConfigKeys (ConfUtils.java:logGet(46)) - raft.server.retrycache.expirytime = 600000ms (custom)
2022-06-27 16:54:18,435 [pool-119-thread-1] INFO  server.RaftServerConfigKeys (ConfUtils.java:logGet(46)) - raft.server.retrycache.statistics.expirytime = 100μs (default)
2022-06-27 16:54:18,436 [pool-119-thread-1] INFO  server.RaftServerConfigKeys (ConfUtils.java:logGet(46)) - raft.server.log.appender.install.snapshot.enabled = false (custom)
2022-06-27 16:54:18,436 [pool-119-thread-1] INFO  server.RaftServerConfigKeys (ConfUtils.java:logGet(46)) - raft.server.threadpool.server.cached = true (default)
2022-06-27 16:54:18,436 [pool-119-thread-1] INFO  server.RaftServerConfigKeys (ConfUtils.java:logGet(46)) - raft.server.threadpool.server.size = 0 (default)
2022-06-27 16:54:18,436 [pool-119-thread-1] INFO  server.RaftServerConfigKeys (ConfUtils.java:logGet(46)) - raft.server.threadpool.client.cached = true (default)
2022-06-27 16:54:18,436 [pool-119-thread-1] INFO  server.RaftServerConfigKeys (ConfUtils.java:logGet(46)) - raft.server.threadpool.client.size = 0 (default)
2022-06-27 16:54:18,436 [pool-119-thread-1] INFO  server.RaftServer$Division (RaftServerImpl.java:start(310)) - e149a773-6f80-4200-b489-f1fdfcbd08b4@group-AE8BA0B9126D: start as a follower, conf=-1: [ccff8009-bc9c-45e1-9925-30de1c0d3a9d|rpc:10.1.0.22:41485|dataStream:|priority:1, 28725b92-7534-4808-bd3a-f7d426359eac|rpc:10.1.0.22:46711|dataStream:|priority:0, e149a773-6f80-4200-b489-f1fdfcbd08b4|rpc:10.1.0.22:46641|dataStream:|priority:0], old=null
2022-06-27 16:54:18,436 [pool-119-thread-1] INFO  server.RaftServer$Division (RaftServerImpl.java:setRole(299)) - e149a773-6f80-4200-b489-f1fdfcbd08b4@group-AE8BA0B9126D: changes role from      null to FOLLOWER at term 0 for startAsFollower
2022-06-27 16:54:18,436 [pool-119-thread-1] INFO  impl.RoleInfo (RoleInfo.java:updateAndGet(139)) - e149a773-6f80-4200-b489-f1fdfcbd08b4: start e149a773-6f80-4200-b489-f1fdfcbd08b4@group-AE8BA0B9126D-FollowerState
2022-06-27 16:54:18,439 [pool-119-thread-1] INFO  util.JmxRegister (JmxRegister.java:tryRegister(44)) - Successfully registered JMX Bean with object name Ratis:service=RaftServer,group=group-AE8BA0B9126D,id=e149a773-6f80-4200-b489-f1fdfcbd08b4
2022-06-27 16:54:18,454 [Command processor thread] INFO  commandhandler.CreatePipelineCommandHandler (CreatePipelineCommandHandler.java:handle(113)) - Created Pipeline RATIS THREE PipelineID=1a99b9fa-2352-4f01-b7ca-ae8ba0b9126d.
2022-06-27 16:54:18,454 [Command processor thread] INFO  server.RaftServer (RaftServerProxy.java:addNew(96)) - ccff8009-bc9c-45e1-9925-30de1c0d3a9d: addNew group-4F5B199DD27A:[ccff8009-bc9c-45e1-9925-30de1c0d3a9d|rpc:10.1.0.22:41485|priority:0, 28725b92-7534-4808-bd3a-f7d426359eac|rpc:10.1.0.22:46711|priority:0, e149a773-6f80-4200-b489-f1fdfcbd08b4|rpc:10.1.0.22:46641|priority:1] returns group-4F5B199DD27A:java.util.concurrent.CompletableFuture@36665c11[Not completed]
2022-06-27 16:54:18,455 [pool-96-thread-1] INFO  server.RaftServer$Division (RaftServerImpl.java:<init>(190)) - ccff8009-bc9c-45e1-9925-30de1c0d3a9d: new RaftServerImpl for group-4F5B199DD27A:[ccff8009-bc9c-45e1-9925-30de1c0d3a9d|rpc:10.1.0.22:41485|priority:0, 28725b92-7534-4808-bd3a-f7d426359eac|rpc:10.1.0.22:46711|priority:0, e149a773-6f80-4200-b489-f1fdfcbd08b4|rpc:10.1.0.22:46641|priority:1] with ContainerStateMachine:uninitialized
2022-06-27 16:54:18,455 [pool-96-thread-1] INFO  server.RaftServerConfigKeys (ConfUtils.java:logGet(46)) - raft.server.rpc.timeout.min = 5s (custom)
2022-06-27 16:54:18,455 [pool-96-thread-1] INFO  server.RaftServerConfigKeys (ConfUtils.java:logGet(46)) - raft.server.rpc.timeout.max = 5200ms (custom)
2022-06-27 16:54:18,455 [pool-96-thread-1] INFO  server.RaftServerConfigKeys (ConfUtils.java:logGet(46)) - raft.server.rpc.sleep.time = 25ms (default)
2022-06-27 16:54:18,455 [pool-96-thread-1] INFO  server.RaftServerConfigKeys (ConfUtils.java:logGet(46)) - raft.server.rpc.slowness.timeout = 300s (custom)
2022-06-27 16:54:18,455 [pool-96-thread-1] INFO  server.RaftServerConfigKeys (ConfUtils.java:logGet(46)) - raft.server.leaderelection.leader.step-down.wait-time = 10s (default)
2022-06-27 16:54:18,456 [pool-96-thread-1] INFO  server.RaftServerConfigKeys (ConfUtils.java:logGet(46)) - raft.server.sleep.deviation.threshold = 300ms (default)
2022-06-27 16:54:18,456 [pool-96-thread-1] INFO  server.RaftServer$Division (ServerState.java:<init>(107)) - ccff8009-bc9c-45e1-9925-30de1c0d3a9d@group-4F5B199DD27A: ConfigurationManager, init=-1: [ccff8009-bc9c-45e1-9925-30de1c0d3a9d|rpc:10.1.0.22:41485|priority:0, 28725b92-7534-4808-bd3a-f7d426359eac|rpc:10.1.0.22:46711|priority:0, e149a773-6f80-4200-b489-f1fdfcbd08b4|rpc:10.1.0.22:46641|priority:1], old=null, confs=<EMPTY_MAP>
2022-06-27 16:54:18,456 [pool-96-thread-1] INFO  server.RaftServerConfigKeys (ConfUtils.java:logGet(46)) - raft.server.storage.dir = [/home/runner/work/ozone/ozone/hadoop-ozone/integration-test/target/test-dir/MiniOzoneClusterImpl-4b25a9da-6f8d-4450-a121-db50b250e675/datanode-1/data/ratis] (custom)
2022-06-27 16:54:18,456 [pool-96-thread-1] INFO  server.RaftServerConfigKeys (ConfUtils.java:logGet(46)) - raft.server.log.corruption.policy = EXCEPTION (default)
2022-06-27 16:54:18,456 [pool-96-thread-1] INFO  server.RaftServerConfigKeys (ConfUtils.java:logGet(46)) - raft.server.storage.free-space.min = 0MB (=0) (default)
2022-06-27 16:54:18,456 [pool-96-thread-1] INFO  storage.RaftStorageDirectory (RaftStorageDirectoryImpl.java:analyzeStorage(135)) - The storage directory /home/runner/work/ozone/ozone/hadoop-ozone/integration-test/target/test-dir/MiniOzoneClusterImpl-4b25a9da-6f8d-4450-a121-db50b250e675/datanode-1/data/ratis/5e6b6e9b-a531-4a1b-b76e-4f5b199dd27a does not exist. Creating ...
2022-06-27 16:54:18,458 [pool-96-thread-1] INFO  storage.RaftStorageDirectory (RaftStorageDirectoryImpl.java:tryLock(230)) - Lock on /home/runner/work/ozone/ozone/hadoop-ozone/integration-test/target/test-dir/MiniOzoneClusterImpl-4b25a9da-6f8d-4450-a121-db50b250e675/datanode-1/data/ratis/5e6b6e9b-a531-4a1b-b76e-4f5b199dd27a/in_use.lock acquired by nodename 16603@fv-az215-30
2022-06-27 16:54:18,459 [pool-96-thread-1] INFO  storage.RaftStorage (RaftStorageImpl.java:format(89)) - Storage directory /home/runner/work/ozone/ozone/hadoop-ozone/integration-test/target/test-dir/MiniOzoneClusterImpl-4b25a9da-6f8d-4450-a121-db50b250e675/datanode-1/data/ratis/5e6b6e9b-a531-4a1b-b76e-4f5b199dd27a has been successfully formatted.
2022-06-27 16:54:18,459 [pool-96-thread-1] INFO  ratis.ContainerStateMachine (ContainerStateMachine.java:loadSnapshot(236)) - group-4F5B199DD27A: The snapshot info is null. Setting the last applied indexto:(t:0, i:~)
2022-06-27 16:54:18,460 [pool-96-thread-1] INFO  server.RaftServerConfigKeys (ConfUtils.java:logGet(46)) - raft.server.notification.no-leader.timeout = 300s (custom)
2022-06-27 16:54:18,460 [pool-96-thread-1] INFO  server.RaftServerConfigKeys (ConfUtils.java:logGet(46)) - raft.server.log.use.memory = false (default)
2022-06-27 16:54:18,460 [pool-96-thread-1] INFO  server.RaftServerConfigKeys (ConfUtils.java:logGet(46)) - raft.server.log.purge.gap = 1000000 (custom)
2022-06-27 16:54:18,460 [pool-96-thread-1] INFO  server.RaftServerConfigKeys (ConfUtils.java:logGet(46)) - raft.server.log.appender.buffer.byte-limit = 33554432 (custom)
2022-06-27 16:54:18,460 [pool-96-thread-1] INFO  server.RaftServerConfigKeys (ConfUtils.java:logGet(46)) - raft.server.log.statemachine.data.read.timeout = 1000ms (default)
2022-06-27 16:54:18,461 [pool-96-thread-1] INFO  server.RaftServerConfigKeys (ConfUtils.java:logGet(46)) - raft.server.log.segment.size.max = 1048576 (custom)
2022-06-27 16:54:18,461 [pool-96-thread-1] INFO  server.RaftServerConfigKeys (ConfUtils.java:logGet(46)) - raft.server.log.segment.cache.num.max = 2 (custom)
2022-06-27 16:54:18,461 [pool-96-thread-1] INFO  server.RaftServerConfigKeys (ConfUtils.java:logGet(46)) - raft.server.log.segment.cache.size.max = 200MB (=209715200) (default)
2022-06-27 16:54:18,461 [pool-96-thread-1] INFO  segmented.SegmentedRaftLogWorker (SegmentedRaftLogWorker.java:<init>(187)) - new ccff8009-bc9c-45e1-9925-30de1c0d3a9d@group-4F5B199DD27A-SegmentedRaftLogWorker for RaftStorageImpl:Storage Directory /home/runner/work/ozone/ozone/hadoop-ozone/integration-test/target/test-dir/MiniOzoneClusterImpl-4b25a9da-6f8d-4450-a121-db50b250e675/datanode-1/data/ratis/5e6b6e9b-a531-4a1b-b76e-4f5b199dd27a
2022-06-27 16:54:18,461 [pool-96-thread-1] INFO  server.RaftServerConfigKeys (ConfUtils.java:logGet(46)) - raft.server.log.queue.byte-limit = 4294967296 (custom)
2022-06-27 16:54:18,461 [pool-96-thread-1] INFO  server.RaftServerConfigKeys (ConfUtils.java:logGet(46)) - raft.server.log.queue.element-limit = 1024 (custom)
2022-06-27 16:54:18,461 [pool-96-thread-1] INFO  server.RaftServerConfigKeys (ConfUtils.java:logGet(46)) - raft.server.log.segment.size.max = 1048576 (custom)
2022-06-27 16:54:18,461 [pool-96-thread-1] INFO  server.RaftServerConfigKeys (ConfUtils.java:logGet(46)) - raft.server.log.preallocated.size = 16384 (custom)
2022-06-27 16:54:18,461 [pool-96-thread-1] INFO  server.RaftServerConfigKeys (ConfUtils.java:logGet(46)) - raft.server.log.force.sync.num = 128 (default)
2022-06-27 16:54:18,461 [pool-96-thread-1] INFO  server.RaftServerConfigKeys (ConfUtils.java:logGet(46)) - raft.server.log.statemachine.data.sync = true (default)
2022-06-27 16:54:18,461 [pool-96-thread-1] INFO  server.RaftServerConfigKeys (ConfUtils.java:logGet(46)) - raft.server.log.statemachine.data.sync.timeout = 10s (default)
2022-06-27 16:54:18,461 [pool-96-thread-1] INFO  server.RaftServerConfigKeys (ConfUtils.java:logGet(46)) - raft.server.log.statemachine.data.sync.timeout.retry = -1 (default)
2022-06-27 16:54:18,462 [pool-96-thread-1] INFO  server.RaftServerConfigKeys (ConfUtils.java:logGet(46)) - raft.server.log.write.buffer.size = 1048576 (custom)
2022-06-27 16:54:18,463 [pool-96-thread-1] INFO  server.RaftServerConfigKeys (ConfUtils.java:logGet(46)) - raft.server.log.unsafe-flush.enabled = false (default)
2022-06-27 16:54:18,463 [pool-96-thread-1] INFO  server.RaftServerConfigKeys (ConfUtils.java:logGet(46)) - raft.server.log.statemachine.data.caching.enabled = true (custom)
2022-06-27 16:54:18,463 [pool-96-thread-1] INFO  segmented.SegmentedRaftLogWorker (SegmentedRaftLogWorker.java:lambda$new$0(135)) - ccff8009-bc9c-45e1-9925-30de1c0d3a9d@group-4F5B199DD27A-SegmentedRaftLogWorker: flushIndex: setUnconditionally 0 -> -1
2022-06-27 16:54:18,463 [pool-96-thread-1] INFO  segmented.SegmentedRaftLogWorker (SegmentedRaftLogWorker.java:lambda$new$0(135)) - ccff8009-bc9c-45e1-9925-30de1c0d3a9d@group-4F5B199DD27A-SegmentedRaftLogWorker: safeCacheEvictIndex: setUnconditionally 0 -> -1
2022-06-27 16:54:18,468 [pool-96-thread-1] INFO  server.RaftServerConfigKeys (ConfUtils.java:logGet(46)) - raft.server.snapshot.auto.trigger.enabled = true (custom)
2022-06-27 16:54:18,468 [pool-96-thread-1] INFO  server.RaftServerConfigKeys (ConfUtils.java:logGet(46)) - raft.server.snapshot.auto.trigger.threshold = 10000 (custom)
2022-06-27 16:54:18,468 [pool-96-thread-1] INFO  server.RaftServerConfigKeys (ConfUtils.java:logGet(46)) - raft.server.snapshot.retention.file.num = 5 (custom)
2022-06-27 16:54:18,468 [pool-96-thread-1] INFO  server.RaftServerConfigKeys (ConfUtils.java:logGet(46)) - raft.server.log.purge.upto.snapshot.index = false (default)
2022-06-27 16:54:18,468 [pool-96-thread-1] INFO  server.RaftServerConfigKeys (ConfUtils.java:logGet(46)) - raft.server.retrycache.expirytime = 600000ms (custom)
2022-06-27 16:54:18,468 [pool-96-thread-1] INFO  server.RaftServerConfigKeys (ConfUtils.java:logGet(46)) - raft.server.retrycache.statistics.expirytime = 100μs (default)
2022-06-27 16:54:18,469 [pool-96-thread-1] INFO  server.RaftServerConfigKeys (ConfUtils.java:logGet(46)) - raft.server.log.appender.install.snapshot.enabled = false (custom)
2022-06-27 16:54:18,469 [pool-96-thread-1] INFO  server.RaftServerConfigKeys (ConfUtils.java:logGet(46)) - raft.server.threadpool.server.cached = true (default)
2022-06-27 16:54:18,469 [pool-96-thread-1] INFO  server.RaftServerConfigKeys (ConfUtils.java:logGet(46)) - raft.server.threadpool.server.size = 0 (default)
2022-06-27 16:54:18,469 [pool-96-thread-1] INFO  server.RaftServerConfigKeys (ConfUtils.java:logGet(46)) - raft.server.threadpool.client.cached = true (default)
2022-06-27 16:54:18,469 [pool-96-thread-1] INFO  server.RaftServerConfigKeys (ConfUtils.java:logGet(46)) - raft.server.threadpool.client.size = 0 (default)
2022-06-27 16:54:18,474 [pool-96-thread-1] INFO  server.RaftServer$Division (RaftServerImpl.java:start(310)) - ccff8009-bc9c-45e1-9925-30de1c0d3a9d@group-4F5B199DD27A: start as a follower, conf=-1: [ccff8009-bc9c-45e1-9925-30de1c0d3a9d|rpc:10.1.0.22:41485|priority:0, 28725b92-7534-4808-bd3a-f7d426359eac|rpc:10.1.0.22:46711|priority:0, e149a773-6f80-4200-b489-f1fdfcbd08b4|rpc:10.1.0.22:46641|priority:1], old=null
2022-06-27 16:54:18,474 [Command processor thread] INFO  server.RaftServer (RaftServerProxy.java:addNew(96)) - e149a773-6f80-4200-b489-f1fdfcbd08b4: addNew group-5BB585D3C23E:[e149a773-6f80-4200-b489-f1fdfcbd08b4|rpc:10.1.0.22:46641|priority:1] returns group-5BB585D3C23E:java.util.concurrent.CompletableFuture@15e91ebb[Not completed]
2022-06-27 16:54:18,474 [pool-96-thread-1] INFO  server.RaftServer$Division (RaftServerImpl.java:setRole(299)) - ccff8009-bc9c-45e1-9925-30de1c0d3a9d@group-4F5B199DD27A: changes role from      null to FOLLOWER at term 0 for startAsFollower
2022-06-27 16:54:18,474 [pool-96-thread-1] INFO  impl.RoleInfo (RoleInfo.java:updateAndGet(139)) - ccff8009-bc9c-45e1-9925-30de1c0d3a9d: start ccff8009-bc9c-45e1-9925-30de1c0d3a9d@group-4F5B199DD27A-FollowerState
2022-06-27 16:54:18,477 [pool-96-thread-1] INFO  util.JmxRegister (JmxRegister.java:tryRegister(44)) - Successfully registered JMX Bean with object name Ratis:service=RaftServer,group=group-4F5B199DD27A,id=ccff8009-bc9c-45e1-9925-30de1c0d3a9d
2022-06-27 16:54:18,478 [pool-119-thread-1] INFO  server.RaftServer$Division (RaftServerImpl.java:<init>(190)) - e149a773-6f80-4200-b489-f1fdfcbd08b4: new RaftServerImpl for group-5BB585D3C23E:[e149a773-6f80-4200-b489-f1fdfcbd08b4|rpc:10.1.0.22:46641|priority:1] with ContainerStateMachine:uninitialized
2022-06-27 16:54:18,478 [pool-119-thread-1] INFO  server.RaftServerConfigKeys (ConfUtils.java:logGet(46)) - raft.server.rpc.timeout.min = 5s (custom)
2022-06-27 16:54:18,478 [pool-119-thread-1] INFO  server.RaftServerConfigKeys (ConfUtils.java:logGet(46)) - raft.server.rpc.timeout.max = 5200ms (custom)
2022-06-27 16:54:18,478 [pool-119-thread-1] INFO  server.RaftServerConfigKeys (ConfUtils.java:logGet(46)) - raft.server.rpc.sleep.time = 25ms (default)
2022-06-27 16:54:18,478 [pool-119-thread-1] INFO  server.RaftServerConfigKeys (ConfUtils.java:logGet(46)) - raft.server.rpc.slowness.timeout = 300s (custom)
2022-06-27 16:54:18,478 [pool-119-thread-1] INFO  server.RaftServerConfigKeys (ConfUtils.java:logGet(46)) - raft.server.leaderelection.leader.step-down.wait-time = 10s (default)
2022-06-27 16:54:18,478 [pool-119-thread-1] INFO  server.RaftServerConfigKeys (ConfUtils.java:logGet(46)) - raft.server.sleep.deviation.threshold = 300ms (default)
2022-06-27 16:54:18,478 [pool-119-thread-1] INFO  server.RaftServer$Division (ServerState.java:<init>(107)) - e149a773-6f80-4200-b489-f1fdfcbd08b4@group-5BB585D3C23E: ConfigurationManager, init=-1: [e149a773-6f80-4200-b489-f1fdfcbd08b4|rpc:10.1.0.22:46641|priority:1], old=null, confs=<EMPTY_MAP>
2022-06-27 16:54:18,478 [pool-119-thread-1] INFO  server.RaftServerConfigKeys (ConfUtils.java:logGet(46)) - raft.server.storage.dir = [/home/runner/work/ozone/ozone/hadoop-ozone/integration-test/target/test-dir/MiniOzoneClusterImpl-4b25a9da-6f8d-4450-a121-db50b250e675/datanode-2/data/ratis] (custom)
2022-06-27 16:54:18,478 [pool-119-thread-1] INFO  server.RaftServerConfigKeys (ConfUtils.java:logGet(46)) - raft.server.log.corruption.policy = EXCEPTION (default)
2022-06-27 16:54:18,478 [pool-119-thread-1] INFO  server.RaftServerConfigKeys (ConfUtils.java:logGet(46)) - raft.server.storage.free-space.min = 0MB (=0) (default)
2022-06-27 16:54:18,478 [pool-119-thread-1] INFO  storage.RaftStorageDirectory (RaftStorageDirectoryImpl.java:analyzeStorage(135)) - The storage directory /home/runner/work/ozone/ozone/hadoop-ozone/integration-test/target/test-dir/MiniOzoneClusterImpl-4b25a9da-6f8d-4450-a121-db50b250e675/datanode-2/data/ratis/babad58b-0d43-4c7b-b14d-5bb585d3c23e does not exist. Creating ...
2022-06-27 16:54:18,479 [EventQueue-OpenPipelineForHealthyPipelineSafeModeRule] INFO  safemode.SCMSafeModeManager (HealthyPipelineSafeModeRule.java:process(124)) - SCM in safe mode. Healthy pipelines reported count is 0, required healthy pipeline reported count is 1
2022-06-27 16:54:18,479 [Command processor thread] INFO  ratis.XceiverServerRatis (XceiverServerRatis.java:addGroup(765)) - Created group PipelineID=5e6b6e9b-a531-4a1b-b76e-4f5b199dd27a
2022-06-27 16:54:18,479 [pool-119-thread-1] INFO  storage.RaftStorageDirectory (RaftStorageDirectoryImpl.java:tryLock(230)) - Lock on /home/runner/work/ozone/ozone/hadoop-ozone/integration-test/target/test-dir/MiniOzoneClusterImpl-4b25a9da-6f8d-4450-a121-db50b250e675/datanode-2/data/ratis/babad58b-0d43-4c7b-b14d-5bb585d3c23e/in_use.lock acquired by nodename 16603@fv-az215-30
2022-06-27 16:54:18,480 [pool-119-thread-1] INFO  storage.RaftStorage (RaftStorageImpl.java:format(89)) - Storage directory /home/runner/work/ozone/ozone/hadoop-ozone/integration-test/target/test-dir/MiniOzoneClusterImpl-4b25a9da-6f8d-4450-a121-db50b250e675/datanode-2/data/ratis/babad58b-0d43-4c7b-b14d-5bb585d3c23e has been successfully formatted.
2022-06-27 16:54:18,481 [pool-119-thread-1] INFO  ratis.ContainerStateMachine (ContainerStateMachine.java:loadSnapshot(236)) - group-5BB585D3C23E: The snapshot info is null. Setting the last applied indexto:(t:0, i:~)
2022-06-27 16:54:18,481 [pool-119-thread-1] INFO  server.RaftServerConfigKeys (ConfUtils.java:logGet(46)) - raft.server.notification.no-leader.timeout = 300s (custom)
2022-06-27 16:54:18,481 [pool-119-thread-1] INFO  server.RaftServerConfigKeys (ConfUtils.java:logGet(46)) - raft.server.log.use.memory = false (default)
2022-06-27 16:54:18,481 [pool-119-thread-1] INFO  server.RaftServerConfigKeys (ConfUtils.java:logGet(46)) - raft.server.log.purge.gap = 1000000 (custom)
2022-06-27 16:54:18,481 [pool-119-thread-1] INFO  server.RaftServerConfigKeys (ConfUtils.java:logGet(46)) - raft.server.log.appender.buffer.byte-limit = 33554432 (custom)
2022-06-27 16:54:18,481 [pool-119-thread-1] INFO  server.RaftServerConfigKeys (ConfUtils.java:logGet(46)) - raft.server.log.statemachine.data.read.timeout = 1000ms (default)
2022-06-27 16:54:18,481 [pool-119-thread-1] INFO  server.RaftServerConfigKeys (ConfUtils.java:logGet(46)) - raft.server.log.segment.size.max = 1048576 (custom)
2022-06-27 16:54:18,482 [pool-119-thread-1] INFO  server.RaftServerConfigKeys (ConfUtils.java:logGet(46)) - raft.server.log.segment.cache.num.max = 2 (custom)
2022-06-27 16:54:18,482 [pool-119-thread-1] INFO  server.RaftServerConfigKeys (ConfUtils.java:logGet(46)) - raft.server.log.segment.cache.size.max = 200MB (=209715200) (default)
2022-06-27 16:54:18,482 [pool-119-thread-1] INFO  segmented.SegmentedRaftLogWorker (SegmentedRaftLogWorker.java:<init>(187)) - new e149a773-6f80-4200-b489-f1fdfcbd08b4@group-5BB585D3C23E-SegmentedRaftLogWorker for RaftStorageImpl:Storage Directory /home/runner/work/ozone/ozone/hadoop-ozone/integration-test/target/test-dir/MiniOzoneClusterImpl-4b25a9da-6f8d-4450-a121-db50b250e675/datanode-2/data/ratis/babad58b-0d43-4c7b-b14d-5bb585d3c23e
2022-06-27 16:54:18,482 [pool-119-thread-1] INFO  server.RaftServerConfigKeys (ConfUtils.java:logGet(46)) - raft.server.log.queue.byte-limit = 4294967296 (custom)
2022-06-27 16:54:18,482 [pool-119-thread-1] INFO  server.RaftServerConfigKeys (ConfUtils.java:logGet(46)) - raft.server.log.queue.element-limit = 1024 (custom)
2022-06-27 16:54:18,482 [pool-119-thread-1] INFO  server.RaftServerConfigKeys (ConfUtils.java:logGet(46)) - raft.server.log.segment.size.max = 1048576 (custom)
2022-06-27 16:54:18,482 [pool-119-thread-1] INFO  server.RaftServerConfigKeys (ConfUtils.java:logGet(46)) - raft.server.log.preallocated.size = 16384 (custom)
2022-06-27 16:54:18,482 [pool-119-thread-1] INFO  server.RaftServerConfigKeys (ConfUtils.java:logGet(46)) - raft.server.log.force.sync.num = 128 (default)
2022-06-27 16:54:18,482 [pool-119-thread-1] INFO  server.RaftServerConfigKeys (ConfUtils.java:logGet(46)) - raft.server.log.statemachine.data.sync = true (default)
2022-06-27 16:54:18,484 [EventQueue-PipelineReportForPipelineReportHandler] INFO  pipeline.PipelineManagerImpl (PipelineManagerImpl.java:openPipeline(358)) - Pipeline Pipeline[ Id: babad58b-0d43-4c7b-b14d-5bb585d3c23e, Nodes: e149a773-6f80-4200-b489-f1fdfcbd08b4{ip: 10.1.0.22, host: fv-az215-30.fk02tkdpp51uda4i120yanydqb.bx.internal.cloudapp.net, ports: [REPLICATION=43387, RATIS=46641, RATIS_ADMIN=46641, RATIS_SERVER=46641, STANDALONE=37383], networkLocation: /default-rack, certSerialId: null, persistedOpState: IN_SERVICE, persistedOpStateExpiryEpochSec: 0}, ReplicationConfig: RATIS/ONE, State:ALLOCATED, leaderId:e149a773-6f80-4200-b489-f1fdfcbd08b4, CreationTimestamp2022-06-27T16:54:15.477Z[Etc/UTC]] moved to OPEN state
2022-06-27 16:54:18,485 [pool-119-thread-1] INFO  server.RaftServerConfigKeys (ConfUtils.java:logGet(46)) - raft.server.log.statemachine.data.sync.timeout = 10s (default)
2022-06-27 16:54:18,485 [pool-119-thread-1] INFO  server.RaftServerConfigKeys (ConfUtils.java:logGet(46)) - raft.server.log.statemachine.data.sync.timeout.retry = -1 (default)
2022-06-27 16:54:18,485 [pool-119-thread-1] INFO  server.RaftServerConfigKeys (ConfUtils.java:logGet(46)) - raft.server.log.write.buffer.size = 1048576 (custom)
2022-06-27 16:54:18,487 [pool-119-thread-1] INFO  server.RaftServerConfigKeys (ConfUtils.java:logGet(46)) - raft.server.log.unsafe-flush.enabled = false (default)
2022-06-27 16:54:18,487 [pool-119-thread-1] INFO  server.RaftServerConfigKeys (ConfUtils.java:logGet(46)) - raft.server.log.statemachine.data.caching.enabled = true (custom)
2022-06-27 16:54:18,488 [EventQueue-OpenPipelineForHealthyPipelineSafeModeRule] INFO  safemode.SCMSafeModeManager (HealthyPipelineSafeModeRule.java:process(124)) - SCM in safe mode. Healthy pipelines reported count is 0, required healthy pipeline reported count is 1
2022-06-27 16:54:18,490 [pool-119-thread-1] INFO  segmented.SegmentedRaftLogWorker (SegmentedRaftLogWorker.java:lambda$new$0(135)) - e149a773-6f80-4200-b489-f1fdfcbd08b4@group-5BB585D3C23E-SegmentedRaftLogWorker: flushIndex: setUnconditionally 0 -> -1
2022-06-27 16:54:18,490 [pool-119-thread-1] INFO  segmented.SegmentedRaftLogWorker (SegmentedRaftLogWorker.java:lambda$new$0(135)) - e149a773-6f80-4200-b489-f1fdfcbd08b4@group-5BB585D3C23E-SegmentedRaftLogWorker: safeCacheEvictIndex: setUnconditionally 0 -> -1
2022-06-27 16:54:18,490 [pool-119-thread-1] INFO  server.RaftServerConfigKeys (ConfUtils.java:logGet(46)) - raft.server.snapshot.auto.trigger.enabled = true (custom)
2022-06-27 16:54:18,491 [pool-119-thread-1] INFO  server.RaftServerConfigKeys (ConfUtils.java:logGet(46)) - raft.server.snapshot.auto.trigger.threshold = 10000 (custom)
2022-06-27 16:54:18,491 [pool-119-thread-1] INFO  server.RaftServerConfigKeys (ConfUtils.java:logGet(46)) - raft.server.snapshot.retention.file.num = 5 (custom)
2022-06-27 16:54:18,491 [pool-119-thread-1] INFO  server.RaftServerConfigKeys (ConfUtils.java:logGet(46)) - raft.server.log.purge.upto.snapshot.index = false (default)
2022-06-27 16:54:18,491 [pool-119-thread-1] INFO  server.RaftServerConfigKeys (ConfUtils.java:logGet(46)) - raft.server.retrycache.expirytime = 600000ms (custom)
2022-06-27 16:54:18,491 [pool-119-thread-1] INFO  server.RaftServerConfigKeys (ConfUtils.java:logGet(46)) - raft.server.retrycache.statistics.expirytime = 100μs (default)
2022-06-27 16:54:18,492 [pool-119-thread-1] INFO  server.RaftServerConfigKeys (ConfUtils.java:logGet(46)) - raft.server.log.appender.install.snapshot.enabled = false (custom)
2022-06-27 16:54:18,492 [pool-119-thread-1] INFO  server.RaftServerConfigKeys (ConfUtils.java:logGet(46)) - raft.server.threadpool.server.cached = true (default)
2022-06-27 16:54:18,492 [pool-119-thread-1] INFO  server.RaftServerConfigKeys (ConfUtils.java:logGet(46)) - raft.server.threadpool.server.size = 0 (default)
2022-06-27 16:54:18,492 [pool-119-thread-1] INFO  server.RaftServerConfigKeys (ConfUtils.java:logGet(46)) - raft.server.threadpool.client.cached = true (default)
2022-06-27 16:54:18,492 [pool-119-thread-1] INFO  server.RaftServerConfigKeys (ConfUtils.java:logGet(46)) - raft.server.threadpool.client.size = 0 (default)
2022-06-27 16:54:18,492 [pool-119-thread-1] INFO  server.RaftServer$Division (RaftServerImpl.java:start(310)) - e149a773-6f80-4200-b489-f1fdfcbd08b4@group-5BB585D3C23E: start as a follower, conf=-1: [e149a773-6f80-4200-b489-f1fdfcbd08b4|rpc:10.1.0.22:46641|priority:1], old=null
2022-06-27 16:54:18,492 [pool-119-thread-1] INFO  server.RaftServer$Division (RaftServerImpl.java:setRole(299)) - e149a773-6f80-4200-b489-f1fdfcbd08b4@group-5BB585D3C23E: changes role from      null to FOLLOWER at term 0 for startAsFollower
2022-06-27 16:54:18,492 [pool-119-thread-1] INFO  impl.RoleInfo (RoleInfo.java:updateAndGet(139)) - e149a773-6f80-4200-b489-f1fdfcbd08b4: start e149a773-6f80-4200-b489-f1fdfcbd08b4@group-5BB585D3C23E-FollowerState
2022-06-27 16:54:18,492 [pool-119-thread-1] INFO  util.JmxRegister (JmxRegister.java:tryRegister(44)) - Successfully registered JMX Bean with object name Ratis:service=RaftServer,group=group-5BB585D3C23E,id=e149a773-6f80-4200-b489-f1fdfcbd08b4
2022-06-27 16:54:18,493 [Command processor thread] INFO  ratis.XceiverServerRatis (XceiverServerRatis.java:addGroup(765)) - Created group PipelineID=babad58b-0d43-4c7b-b14d-5bb585d3c23e
2022-06-27 16:54:18,493 [Command processor thread] INFO  commandhandler.CreatePipelineCommandHandler (CreatePipelineCommandHandler.java:handle(113)) - Created Pipeline RATIS ONE PipelineID=babad58b-0d43-4c7b-b14d-5bb585d3c23e.
2022-06-27 16:54:18,497 [Command processor thread] INFO  server.RaftServer (RaftServerProxy.java:addNew(96)) - e149a773-6f80-4200-b489-f1fdfcbd08b4: addNew group-4F5B199DD27A:[ccff8009-bc9c-45e1-9925-30de1c0d3a9d|rpc:10.1.0.22:41485|priority:0, 28725b92-7534-4808-bd3a-f7d426359eac|rpc:10.1.0.22:46711|priority:0, e149a773-6f80-4200-b489-f1fdfcbd08b4|rpc:10.1.0.22:46641|priority:1] returns group-4F5B199DD27A:java.util.concurrent.CompletableFuture@1b2ef276[Not completed]
2022-06-27 16:54:18,502 [pool-119-thread-1] INFO  server.RaftServer$Division (RaftServerImpl.java:<init>(190)) - e149a773-6f80-4200-b489-f1fdfcbd08b4: new RaftServerImpl for group-4F5B199DD27A:[ccff8009-bc9c-45e1-9925-30de1c0d3a9d|rpc:10.1.0.22:41485|priority:0, 28725b92-7534-4808-bd3a-f7d426359eac|rpc:10.1.0.22:46711|priority:0, e149a773-6f80-4200-b489-f1fdfcbd08b4|rpc:10.1.0.22:46641|priority:1] with ContainerStateMachine:uninitialized
2022-06-27 16:54:18,502 [pool-119-thread-1] INFO  server.RaftServerConfigKeys (ConfUtils.java:logGet(46)) - raft.server.rpc.timeout.min = 5s (custom)
2022-06-27 16:54:18,502 [pool-119-thread-1] INFO  server.RaftServerConfigKeys (ConfUtils.java:logGet(46)) - raft.server.rpc.timeout.max = 5200ms (custom)
2022-06-27 16:54:18,502 [pool-119-thread-1] INFO  server.RaftServerConfigKeys (ConfUtils.java:logGet(46)) - raft.server.rpc.sleep.time = 25ms (default)
2022-06-27 16:54:18,502 [pool-119-thread-1] INFO  server.RaftServerConfigKeys (ConfUtils.java:logGet(46)) - raft.server.rpc.slowness.timeout = 300s (custom)
2022-06-27 16:54:18,502 [pool-119-thread-1] INFO  server.RaftServerConfigKeys (ConfUtils.java:logGet(46)) - raft.server.leaderelection.leader.step-down.wait-time = 10s (default)
2022-06-27 16:54:18,502 [pool-119-thread-1] INFO  server.RaftServerConfigKeys (ConfUtils.java:logGet(46)) - raft.server.sleep.deviation.threshold = 300ms (default)
2022-06-27 16:54:18,502 [pool-119-thread-1] INFO  server.RaftServer$Division (ServerState.java:<init>(107)) - e149a773-6f80-4200-b489-f1fdfcbd08b4@group-4F5B199DD27A: ConfigurationManager, init=-1: [ccff8009-bc9c-45e1-9925-30de1c0d3a9d|rpc:10.1.0.22:41485|priority:0, 28725b92-7534-4808-bd3a-f7d426359eac|rpc:10.1.0.22:46711|priority:0, e149a773-6f80-4200-b489-f1fdfcbd08b4|rpc:10.1.0.22:46641|priority:1], old=null, confs=<EMPTY_MAP>
2022-06-27 16:54:18,502 [pool-119-thread-1] INFO  server.RaftServerConfigKeys (ConfUtils.java:logGet(46)) - raft.server.storage.dir = [/home/runner/work/ozone/ozone/hadoop-ozone/integration-test/target/test-dir/MiniOzoneClusterImpl-4b25a9da-6f8d-4450-a121-db50b250e675/datanode-2/data/ratis] (custom)
2022-06-27 16:54:18,502 [pool-119-thread-1] INFO  server.RaftServerConfigKeys (ConfUtils.java:logGet(46)) - raft.server.log.corruption.policy = EXCEPTION (default)
2022-06-27 16:54:18,502 [pool-119-thread-1] INFO  server.RaftServerConfigKeys (ConfUtils.java:logGet(46)) - raft.server.storage.free-space.min = 0MB (=0) (default)
2022-06-27 16:54:18,502 [pool-119-thread-1] INFO  storage.RaftStorageDirectory (RaftStorageDirectoryImpl.java:analyzeStorage(135)) - The storage directory /home/runner/work/ozone/ozone/hadoop-ozone/integration-test/target/test-dir/MiniOzoneClusterImpl-4b25a9da-6f8d-4450-a121-db50b250e675/datanode-2/data/ratis/5e6b6e9b-a531-4a1b-b76e-4f5b199dd27a does not exist. Creating ...
2022-06-27 16:54:18,508 [pool-119-thread-1] INFO  storage.RaftStorageDirectory (RaftStorageDirectoryImpl.java:tryLock(230)) - Lock on /home/runner/work/ozone/ozone/hadoop-ozone/integration-test/target/test-dir/MiniOzoneClusterImpl-4b25a9da-6f8d-4450-a121-db50b250e675/datanode-2/data/ratis/5e6b6e9b-a531-4a1b-b76e-4f5b199dd27a/in_use.lock acquired by nodename 16603@fv-az215-30
2022-06-27 16:54:18,509 [pool-119-thread-1] INFO  storage.RaftStorage (RaftStorageImpl.java:format(89)) - Storage directory /home/runner/work/ozone/ozone/hadoop-ozone/integration-test/target/test-dir/MiniOzoneClusterImpl-4b25a9da-6f8d-4450-a121-db50b250e675/datanode-2/data/ratis/5e6b6e9b-a531-4a1b-b76e-4f5b199dd27a has been successfully formatted.
2022-06-27 16:54:18,510 [pool-119-thread-1] INFO  ratis.ContainerStateMachine (ContainerStateMachine.java:loadSnapshot(236)) - group-4F5B199DD27A: The snapshot info is null. Setting the last applied indexto:(t:0, i:~)
2022-06-27 16:54:18,510 [pool-119-thread-1] INFO  server.RaftServerConfigKeys (ConfUtils.java:logGet(46)) - raft.server.notification.no-leader.timeout = 300s (custom)
2022-06-27 16:54:18,510 [pool-119-thread-1] INFO  server.RaftServerConfigKeys (ConfUtils.java:logGet(46)) - raft.server.log.use.memory = false (default)
2022-06-27 16:54:18,510 [pool-119-thread-1] INFO  server.RaftServerConfigKeys (ConfUtils.java:logGet(46)) - raft.server.log.purge.gap = 1000000 (custom)
2022-06-27 16:54:18,510 [pool-119-thread-1] INFO  server.RaftServerConfigKeys (ConfUtils.java:logGet(46)) - raft.server.log.appender.buffer.byte-limit = 33554432 (custom)
2022-06-27 16:54:18,510 [pool-119-thread-1] INFO  server.RaftServerConfigKeys (ConfUtils.java:logGet(46)) - raft.server.log.statemachine.data.read.timeout = 1000ms (default)
2022-06-27 16:54:18,510 [pool-119-thread-1] INFO  server.RaftServerConfigKeys (ConfUtils.java:logGet(46)) - raft.server.log.segment.size.max = 1048576 (custom)
2022-06-27 16:54:18,510 [pool-119-thread-1] INFO  server.RaftServerConfigKeys (ConfUtils.java:logGet(46)) - raft.server.log.segment.cache.num.max = 2 (custom)
2022-06-27 16:54:18,511 [pool-119-thread-1] INFO  server.RaftServerConfigKeys (ConfUtils.java:logGet(46)) - raft.server.log.segment.cache.size.max = 200MB (=209715200) (default)
2022-06-27 16:54:18,511 [pool-119-thread-1] INFO  segmented.SegmentedRaftLogWorker (SegmentedRaftLogWorker.java:<init>(187)) - new e149a773-6f80-4200-b489-f1fdfcbd08b4@group-4F5B199DD27A-SegmentedRaftLogWorker for RaftStorageImpl:Storage Directory /home/runner/work/ozone/ozone/hadoop-ozone/integration-test/target/test-dir/MiniOzoneClusterImpl-4b25a9da-6f8d-4450-a121-db50b250e675/datanode-2/data/ratis/5e6b6e9b-a531-4a1b-b76e-4f5b199dd27a
2022-06-27 16:54:18,511 [pool-119-thread-1] INFO  server.RaftServerConfigKeys (ConfUtils.java:logGet(46)) - raft.server.log.queue.byte-limit = 4294967296 (custom)
2022-06-27 16:54:18,511 [pool-119-thread-1] INFO  server.RaftServerConfigKeys (ConfUtils.java:logGet(46)) - raft.server.log.queue.element-limit = 1024 (custom)
2022-06-27 16:54:18,511 [pool-119-thread-1] INFO  server.RaftServerConfigKeys (ConfUtils.java:logGet(46)) - raft.server.log.segment.size.max = 1048576 (custom)
2022-06-27 16:54:18,511 [pool-119-thread-1] INFO  server.RaftServerConfigKeys (ConfUtils.java:logGet(46)) - raft.server.log.preallocated.size = 16384 (custom)
2022-06-27 16:54:18,511 [pool-119-thread-1] INFO  server.RaftServerConfigKeys (ConfUtils.java:logGet(46)) - raft.server.log.force.sync.num = 128 (default)
2022-06-27 16:54:18,511 [pool-119-thread-1] INFO  server.RaftServerConfigKeys (ConfUtils.java:logGet(46)) - raft.server.log.statemachine.data.sync = true (default)
2022-06-27 16:54:18,512 [pool-119-thread-1] INFO  server.RaftServerConfigKeys (ConfUtils.java:logGet(46)) - raft.server.log.statemachine.data.sync.timeout = 10s (default)
2022-06-27 16:54:18,512 [pool-119-thread-1] INFO  server.RaftServerConfigKeys (ConfUtils.java:logGet(46)) - raft.server.log.statemachine.data.sync.timeout.retry = -1 (default)
2022-06-27 16:54:18,512 [EventQueue-OpenPipelineForHealthyPipelineSafeModeRule] INFO  safemode.SCMSafeModeManager (HealthyPipelineSafeModeRule.java:process(124)) - SCM in safe mode. Healthy pipelines reported count is 0, required healthy pipeline reported count is 1
2022-06-27 16:54:18,512 [pool-119-thread-1] INFO  server.RaftServerConfigKeys (ConfUtils.java:logGet(46)) - raft.server.log.write.buffer.size = 1048576 (custom)
2022-06-27 16:54:18,516 [pool-119-thread-1] INFO  server.RaftServerConfigKeys (ConfUtils.java:logGet(46)) - raft.server.log.unsafe-flush.enabled = false (default)
2022-06-27 16:54:18,517 [Command processor thread] INFO  commandhandler.CreatePipelineCommandHandler (CreatePipelineCommandHandler.java:handle(113)) - Created Pipeline RATIS THREE PipelineID=1a99b9fa-2352-4f01-b7ca-ae8ba0b9126d.
2022-06-27 16:54:18,517 [Command processor thread] INFO  server.RaftServer (RaftServerProxy.java:addNew(96)) - 28725b92-7534-4808-bd3a-f7d426359eac: addNew group-4F5B199DD27A:[ccff8009-bc9c-45e1-9925-30de1c0d3a9d|rpc:10.1.0.22:41485|priority:0, 28725b92-7534-4808-bd3a-f7d426359eac|rpc:10.1.0.22:46711|priority:0, e149a773-6f80-4200-b489-f1fdfcbd08b4|rpc:10.1.0.22:46641|priority:1] returns group-4F5B199DD27A:java.util.concurrent.CompletableFuture@5dd6bc4f[Not completed]
2022-06-27 16:54:18,518 [pool-73-thread-1] INFO  server.RaftServer$Division (RaftServerImpl.java:<init>(190)) - 28725b92-7534-4808-bd3a-f7d426359eac: new RaftServerImpl for group-4F5B199DD27A:[ccff8009-bc9c-45e1-9925-30de1c0d3a9d|rpc:10.1.0.22:41485|priority:0, 28725b92-7534-4808-bd3a-f7d426359eac|rpc:10.1.0.22:46711|priority:0, e149a773-6f80-4200-b489-f1fdfcbd08b4|rpc:10.1.0.22:46641|priority:1] with ContainerStateMachine:uninitialized
2022-06-27 16:54:18,518 [pool-73-thread-1] INFO  server.RaftServerConfigKeys (ConfUtils.java:logGet(46)) - raft.server.rpc.timeout.min = 5s (custom)
2022-06-27 16:54:18,518 [pool-73-thread-1] INFO  server.RaftServerConfigKeys (ConfUtils.java:logGet(46)) - raft.server.rpc.timeout.max = 5200ms (custom)
2022-06-27 16:54:18,518 [pool-73-thread-1] INFO  server.RaftServerConfigKeys (ConfUtils.java:logGet(46)) - raft.server.rpc.sleep.time = 25ms (default)
2022-06-27 16:54:18,519 [pool-73-thread-1] INFO  server.RaftServerConfigKeys (ConfUtils.java:logGet(46)) - raft.server.rpc.slowness.timeout = 300s (custom)
2022-06-27 16:54:18,519 [pool-73-thread-1] INFO  server.RaftServerConfigKeys (ConfUtils.java:logGet(46)) - raft.server.leaderelection.leader.step-down.wait-time = 10s (default)
2022-06-27 16:54:18,519 [pool-73-thread-1] INFO  server.RaftServerConfigKeys (ConfUtils.java:logGet(46)) - raft.server.sleep.deviation.threshold = 300ms (default)
2022-06-27 16:54:18,519 [pool-73-thread-1] INFO  server.RaftServer$Division (ServerState.java:<init>(107)) - 28725b92-7534-4808-bd3a-f7d426359eac@group-4F5B199DD27A: ConfigurationManager, init=-1: [ccff8009-bc9c-45e1-9925-30de1c0d3a9d|rpc:10.1.0.22:41485|priority:0, 28725b92-7534-4808-bd3a-f7d426359eac|rpc:10.1.0.22:46711|priority:0, e149a773-6f80-4200-b489-f1fdfcbd08b4|rpc:10.1.0.22:46641|priority:1], old=null, confs=<EMPTY_MAP>
2022-06-27 16:54:18,519 [pool-73-thread-1] INFO  server.RaftServerConfigKeys (ConfUtils.java:logGet(46)) - raft.server.storage.dir = [/home/runner/work/ozone/ozone/hadoop-ozone/integration-test/target/test-dir/MiniOzoneClusterImpl-4b25a9da-6f8d-4450-a121-db50b250e675/datanode-0/data/ratis] (custom)
2022-06-27 16:54:18,519 [pool-73-thread-1] INFO  server.RaftServerConfigKeys (ConfUtils.java:logGet(46)) - raft.server.log.corruption.policy = EXCEPTION (default)
2022-06-27 16:54:18,519 [pool-73-thread-1] INFO  server.RaftServerConfigKeys (ConfUtils.java:logGet(46)) - raft.server.storage.free-space.min = 0MB (=0) (default)
2022-06-27 16:54:18,519 [pool-73-thread-1] INFO  storage.RaftStorageDirectory (RaftStorageDirectoryImpl.java:analyzeStorage(135)) - The storage directory /home/runner/work/ozone/ozone/hadoop-ozone/integration-test/target/test-dir/MiniOzoneClusterImpl-4b25a9da-6f8d-4450-a121-db50b250e675/datanode-0/data/ratis/5e6b6e9b-a531-4a1b-b76e-4f5b199dd27a does not exist. Creating ...
2022-06-27 16:54:18,517 [pool-119-thread-1] INFO  server.RaftServerConfigKeys (ConfUtils.java:logGet(46)) - raft.server.log.statemachine.data.caching.enabled = true (custom)
2022-06-27 16:54:18,519 [pool-119-thread-1] INFO  segmented.SegmentedRaftLogWorker (SegmentedRaftLogWorker.java:lambda$new$0(135)) - e149a773-6f80-4200-b489-f1fdfcbd08b4@group-4F5B199DD27A-SegmentedRaftLogWorker: flushIndex: setUnconditionally 0 -> -1
2022-06-27 16:54:18,520 [pool-119-thread-1] INFO  segmented.SegmentedRaftLogWorker (SegmentedRaftLogWorker.java:lambda$new$0(135)) - e149a773-6f80-4200-b489-f1fdfcbd08b4@group-4F5B199DD27A-SegmentedRaftLogWorker: safeCacheEvictIndex: setUnconditionally 0 -> -1
2022-06-27 16:54:18,520 [pool-119-thread-1] INFO  server.RaftServerConfigKeys (ConfUtils.java:logGet(46)) - raft.server.snapshot.auto.trigger.enabled = true (custom)
2022-06-27 16:54:18,520 [pool-73-thread-1] INFO  storage.RaftStorageDirectory (RaftStorageDirectoryImpl.java:tryLock(230)) - Lock on /home/runner/work/ozone/ozone/hadoop-ozone/integration-test/target/test-dir/MiniOzoneClusterImpl-4b25a9da-6f8d-4450-a121-db50b250e675/datanode-0/data/ratis/5e6b6e9b-a531-4a1b-b76e-4f5b199dd27a/in_use.lock acquired by nodename 16603@fv-az215-30
2022-06-27 16:54:18,520 [pool-119-thread-1] INFO  server.RaftServerConfigKeys (ConfUtils.java:logGet(46)) - raft.server.snapshot.auto.trigger.threshold = 10000 (custom)
2022-06-27 16:54:18,521 [pool-119-thread-1] INFO  server.RaftServerConfigKeys (ConfUtils.java:logGet(46)) - raft.server.snapshot.retention.file.num = 5 (custom)
2022-06-27 16:54:18,521 [pool-119-thread-1] INFO  server.RaftServerConfigKeys (ConfUtils.java:logGet(46)) - raft.server.log.purge.upto.snapshot.index = false (default)
2022-06-27 16:54:18,521 [pool-119-thread-1] INFO  server.RaftServerConfigKeys (ConfUtils.java:logGet(46)) - raft.server.retrycache.expirytime = 600000ms (custom)
2022-06-27 16:54:18,521 [pool-119-thread-1] INFO  server.RaftServerConfigKeys (ConfUtils.java:logGet(46)) - raft.server.retrycache.statistics.expirytime = 100μs (default)
2022-06-27 16:54:18,523 [pool-73-thread-1] INFO  storage.RaftStorage (RaftStorageImpl.java:format(89)) - Storage directory /home/runner/work/ozone/ozone/hadoop-ozone/integration-test/target/test-dir/MiniOzoneClusterImpl-4b25a9da-6f8d-4450-a121-db50b250e675/datanode-0/data/ratis/5e6b6e9b-a531-4a1b-b76e-4f5b199dd27a has been successfully formatted.
2022-06-27 16:54:18,524 [pool-73-thread-1] INFO  ratis.ContainerStateMachine (ContainerStateMachine.java:loadSnapshot(236)) - group-4F5B199DD27A: The snapshot info is null. Setting the last applied indexto:(t:0, i:~)
2022-06-27 16:54:18,524 [pool-73-thread-1] INFO  server.RaftServerConfigKeys (ConfUtils.java:logGet(46)) - raft.server.notification.no-leader.timeout = 300s (custom)
2022-06-27 16:54:18,524 [pool-73-thread-1] INFO  server.RaftServerConfigKeys (ConfUtils.java:logGet(46)) - raft.server.log.use.memory = false (default)
2022-06-27 16:54:18,524 [pool-73-thread-1] INFO  server.RaftServerConfigKeys (ConfUtils.java:logGet(46)) - raft.server.log.purge.gap = 1000000 (custom)
2022-06-27 16:54:18,524 [pool-73-thread-1] INFO  server.RaftServerConfigKeys (ConfUtils.java:logGet(46)) - raft.server.log.appender.buffer.byte-limit = 33554432 (custom)
2022-06-27 16:54:18,524 [pool-73-thread-1] INFO  server.RaftServerConfigKeys (ConfUtils.java:logGet(46)) - raft.server.log.statemachine.data.read.timeout = 1000ms (default)
2022-06-27 16:54:18,524 [pool-73-thread-1] INFO  server.RaftServerConfigKeys (ConfUtils.java:logGet(46)) - raft.server.log.segment.size.max = 1048576 (custom)
2022-06-27 16:54:18,524 [pool-73-thread-1] INFO  server.RaftServerConfigKeys (ConfUtils.java:logGet(46)) - raft.server.log.segment.cache.num.max = 2 (custom)
2022-06-27 16:54:18,524 [pool-73-thread-1] INFO  server.RaftServerConfigKeys (ConfUtils.java:logGet(46)) - raft.server.log.segment.cache.size.max = 200MB (=209715200) (default)
2022-06-27 16:54:18,524 [pool-73-thread-1] INFO  segmented.SegmentedRaftLogWorker (SegmentedRaftLogWorker.java:<init>(187)) - new 28725b92-7534-4808-bd3a-f7d426359eac@group-4F5B199DD27A-SegmentedRaftLogWorker for RaftStorageImpl:Storage Directory /home/runner/work/ozone/ozone/hadoop-ozone/integration-test/target/test-dir/MiniOzoneClusterImpl-4b25a9da-6f8d-4450-a121-db50b250e675/datanode-0/data/ratis/5e6b6e9b-a531-4a1b-b76e-4f5b199dd27a
2022-06-27 16:54:18,524 [pool-73-thread-1] INFO  server.RaftServerConfigKeys (ConfUtils.java:logGet(46)) - raft.server.log.queue.byte-limit = 4294967296 (custom)
2022-06-27 16:54:18,524 [pool-73-thread-1] INFO  server.RaftServerConfigKeys (ConfUtils.java:logGet(46)) - raft.server.log.queue.element-limit = 1024 (custom)
2022-06-27 16:54:18,525 [pool-73-thread-1] INFO  server.RaftServerConfigKeys (ConfUtils.java:logGet(46)) - raft.server.log.segment.size.max = 1048576 (custom)
2022-06-27 16:54:18,525 [pool-73-thread-1] INFO  server.RaftServerConfigKeys (ConfUtils.java:logGet(46)) - raft.server.log.preallocated.size = 16384 (custom)
2022-06-27 16:54:18,525 [pool-73-thread-1] INFO  server.RaftServerConfigKeys (ConfUtils.java:logGet(46)) - raft.server.log.force.sync.num = 128 (default)
2022-06-27 16:54:18,525 [pool-73-thread-1] INFO  server.RaftServerConfigKeys (ConfUtils.java:logGet(46)) - raft.server.log.statemachine.data.sync = true (default)
2022-06-27 16:54:18,525 [pool-73-thread-1] INFO  server.RaftServerConfigKeys (ConfUtils.java:logGet(46)) - raft.server.log.statemachine.data.sync.timeout = 10s (default)
2022-06-27 16:54:18,525 [pool-73-thread-1] INFO  server.RaftServerConfigKeys (ConfUtils.java:logGet(46)) - raft.server.log.statemachine.data.sync.timeout.retry = -1 (default)
2022-06-27 16:54:18,525 [pool-73-thread-1] INFO  server.RaftServerConfigKeys (ConfUtils.java:logGet(46)) - raft.server.log.write.buffer.size = 1048576 (custom)
2022-06-27 16:54:18,525 [pool-73-thread-1] INFO  server.RaftServerConfigKeys (ConfUtils.java:logGet(46)) - raft.server.log.unsafe-flush.enabled = false (default)
2022-06-27 16:54:18,526 [pool-73-thread-1] INFO  server.RaftServerConfigKeys (ConfUtils.java:logGet(46)) - raft.server.log.statemachine.data.caching.enabled = true (custom)
2022-06-27 16:54:18,526 [pool-73-thread-1] INFO  segmented.SegmentedRaftLogWorker (SegmentedRaftLogWorker.java:lambda$new$0(135)) - 28725b92-7534-4808-bd3a-f7d426359eac@group-4F5B199DD27A-SegmentedRaftLogWorker: flushIndex: setUnconditionally 0 -> -1
2022-06-27 16:54:18,526 [pool-73-thread-1] INFO  segmented.SegmentedRaftLogWorker (SegmentedRaftLogWorker.java:lambda$new$0(135)) - 28725b92-7534-4808-bd3a-f7d426359eac@group-4F5B199DD27A-SegmentedRaftLogWorker: safeCacheEvictIndex: setUnconditionally 0 -> -1
2022-06-27 16:54:18,526 [pool-119-thread-1] INFO  server.RaftServerConfigKeys (ConfUtils.java:logGet(46)) - raft.server.log.appender.install.snapshot.enabled = false (custom)
2022-06-27 16:54:18,527 [pool-119-thread-1] INFO  server.RaftServerConfigKeys (ConfUtils.java:logGet(46)) - raft.server.threadpool.server.cached = true (default)
2022-06-27 16:54:18,531 [pool-119-thread-1] INFO  server.RaftServerConfigKeys (ConfUtils.java:logGet(46)) - raft.server.threadpool.server.size = 0 (default)
2022-06-27 16:54:18,531 [pool-119-thread-1] INFO  server.RaftServerConfigKeys (ConfUtils.java:logGet(46)) - raft.server.threadpool.client.cached = true (default)
2022-06-27 16:54:18,531 [pool-119-thread-1] INFO  server.RaftServerConfigKeys (ConfUtils.java:logGet(46)) - raft.server.threadpool.client.size = 0 (default)
2022-06-27 16:54:18,531 [pool-119-thread-1] INFO  server.RaftServer$Division (RaftServerImpl.java:start(310)) - e149a773-6f80-4200-b489-f1fdfcbd08b4@group-4F5B199DD27A: start as a follower, conf=-1: [ccff8009-bc9c-45e1-9925-30de1c0d3a9d|rpc:10.1.0.22:41485|priority:0, 28725b92-7534-4808-bd3a-f7d426359eac|rpc:10.1.0.22:46711|priority:0, e149a773-6f80-4200-b489-f1fdfcbd08b4|rpc:10.1.0.22:46641|priority:1], old=null
2022-06-27 16:54:18,531 [pool-119-thread-1] INFO  server.RaftServer$Division (RaftServerImpl.java:setRole(299)) - e149a773-6f80-4200-b489-f1fdfcbd08b4@group-4F5B199DD27A: changes role from      null to FOLLOWER at term 0 for startAsFollower
2022-06-27 16:54:18,533 [pool-73-thread-1] INFO  server.RaftServerConfigKeys (ConfUtils.java:logGet(46)) - raft.server.snapshot.auto.trigger.enabled = true (custom)
2022-06-27 16:54:18,533 [pool-73-thread-1] INFO  server.RaftServerConfigKeys (ConfUtils.java:logGet(46)) - raft.server.snapshot.auto.trigger.threshold = 10000 (custom)
2022-06-27 16:54:18,533 [pool-73-thread-1] INFO  server.RaftServerConfigKeys (ConfUtils.java:logGet(46)) - raft.server.snapshot.retention.file.num = 5 (custom)
2022-06-27 16:54:18,533 [pool-73-thread-1] INFO  server.RaftServerConfigKeys (ConfUtils.java:logGet(46)) - raft.server.log.purge.upto.snapshot.index = false (default)
2022-06-27 16:54:18,533 [pool-73-thread-1] INFO  server.RaftServerConfigKeys (ConfUtils.java:logGet(46)) - raft.server.retrycache.expirytime = 600000ms (custom)
2022-06-27 16:54:18,533 [pool-73-thread-1] INFO  server.RaftServerConfigKeys (ConfUtils.java:logGet(46)) - raft.server.retrycache.statistics.expirytime = 100μs (default)
2022-06-27 16:54:18,534 [pool-73-thread-1] INFO  server.RaftServerConfigKeys (ConfUtils.java:logGet(46)) - raft.server.log.appender.install.snapshot.enabled = false (custom)
2022-06-27 16:54:18,534 [pool-73-thread-1] INFO  server.RaftServerConfigKeys (ConfUtils.java:logGet(46)) - raft.server.threadpool.server.cached = true (default)
2022-06-27 16:54:18,534 [pool-73-thread-1] INFO  server.RaftServerConfigKeys (ConfUtils.java:logGet(46)) - raft.server.threadpool.server.size = 0 (default)
2022-06-27 16:54:18,534 [pool-73-thread-1] INFO  server.RaftServerConfigKeys (ConfUtils.java:logGet(46)) - raft.server.threadpool.client.cached = true (default)
2022-06-27 16:54:18,534 [pool-73-thread-1] INFO  server.RaftServerConfigKeys (ConfUtils.java:logGet(46)) - raft.server.threadpool.client.size = 0 (default)
2022-06-27 16:54:18,534 [pool-73-thread-1] INFO  server.RaftServer$Division (RaftServerImpl.java:start(310)) - 28725b92-7534-4808-bd3a-f7d426359eac@group-4F5B199DD27A: start as a follower, conf=-1: [ccff8009-bc9c-45e1-9925-30de1c0d3a9d|rpc:10.1.0.22:41485|priority:0, 28725b92-7534-4808-bd3a-f7d426359eac|rpc:10.1.0.22:46711|priority:0, e149a773-6f80-4200-b489-f1fdfcbd08b4|rpc:10.1.0.22:46641|priority:1], old=null
2022-06-27 16:54:18,534 [pool-73-thread-1] INFO  server.RaftServer$Division (RaftServerImpl.java:setRole(299)) - 28725b92-7534-4808-bd3a-f7d426359eac@group-4F5B199DD27A: changes role from      null to FOLLOWER at term 0 for startAsFollower
2022-06-27 16:54:18,534 [pool-73-thread-1] INFO  impl.RoleInfo (RoleInfo.java:updateAndGet(139)) - 28725b92-7534-4808-bd3a-f7d426359eac: start 28725b92-7534-4808-bd3a-f7d426359eac@group-4F5B199DD27A-FollowerState
2022-06-27 16:54:18,537 [pool-73-thread-1] INFO  util.JmxRegister (JmxRegister.java:tryRegister(44)) - Successfully registered JMX Bean with object name Ratis:service=RaftServer,group=group-4F5B199DD27A,id=28725b92-7534-4808-bd3a-f7d426359eac
2022-06-27 16:54:18,537 [Command processor thread] INFO  ratis.XceiverServerRatis (XceiverServerRatis.java:addGroup(765)) - Created group PipelineID=5e6b6e9b-a531-4a1b-b76e-4f5b199dd27a
2022-06-27 16:54:18,540 [pool-119-thread-1] INFO  impl.RoleInfo (RoleInfo.java:updateAndGet(139)) - e149a773-6f80-4200-b489-f1fdfcbd08b4: start e149a773-6f80-4200-b489-f1fdfcbd08b4@group-4F5B199DD27A-FollowerState
2022-06-27 16:54:18,542 [pool-119-thread-1] INFO  util.JmxRegister (JmxRegister.java:tryRegister(44)) - Successfully registered JMX Bean with object name Ratis:service=RaftServer,group=group-4F5B199DD27A,id=e149a773-6f80-4200-b489-f1fdfcbd08b4
2022-06-27 16:54:18,550 [Command processor thread] INFO  ratis.XceiverServerRatis (XceiverServerRatis.java:addGroup(765)) - Created group PipelineID=5e6b6e9b-a531-4a1b-b76e-4f5b199dd27a
2022-06-27 16:54:18,552 [EventQueue-OpenPipelineForHealthyPipelineSafeModeRule] INFO  safemode.SCMSafeModeManager (HealthyPipelineSafeModeRule.java:process(124)) - SCM in safe mode. Healthy pipelines reported count is 0, required healthy pipeline reported count is 1
2022-06-27 16:54:18,609 [Command processor thread] INFO  commandhandler.CreatePipelineCommandHandler (CreatePipelineCommandHandler.java:handle(113)) - Created Pipeline RATIS THREE PipelineID=5e6b6e9b-a531-4a1b-b76e-4f5b199dd27a.
2022-06-27 16:54:18,628 [Command processor thread] INFO  commandhandler.CreatePipelineCommandHandler (CreatePipelineCommandHandler.java:handle(113)) - Created Pipeline RATIS THREE PipelineID=5e6b6e9b-a531-4a1b-b76e-4f5b199dd27a.
2022-06-27 16:54:18,631 [Command processor thread] INFO  commandhandler.CreatePipelineCommandHandler (CreatePipelineCommandHandler.java:handle(113)) - Created Pipeline RATIS THREE PipelineID=5e6b6e9b-a531-4a1b-b76e-4f5b199dd27a.
2022-06-27 16:54:18,765 [Command processor thread] INFO  server.RaftServer (RaftServerProxy.java:addNew(96)) - d2418c64-8d9c-434b-8e38-d723d14cbfaf: addNew group-55D38D95D65A:[d2418c64-8d9c-434b-8e38-d723d14cbfaf|rpc:10.1.0.22:35023|priority:1] returns group-55D38D95D65A:java.util.concurrent.CompletableFuture@b230eb[Not completed]
2022-06-27 16:54:18,768 [pool-142-thread-1] INFO  server.RaftServer$Division (RaftServerImpl.java:<init>(190)) - d2418c64-8d9c-434b-8e38-d723d14cbfaf: new RaftServerImpl for group-55D38D95D65A:[d2418c64-8d9c-434b-8e38-d723d14cbfaf|rpc:10.1.0.22:35023|priority:1] with ContainerStateMachine:uninitialized
2022-06-27 16:54:18,769 [pool-142-thread-1] INFO  server.RaftServerConfigKeys (ConfUtils.java:logGet(46)) - raft.server.rpc.timeout.min = 5s (custom)
2022-06-27 16:54:18,769 [pool-142-thread-1] INFO  server.RaftServerConfigKeys (ConfUtils.java:logGet(46)) - raft.server.rpc.timeout.max = 5200ms (custom)
2022-06-27 16:54:18,769 [pool-142-thread-1] INFO  server.RaftServerConfigKeys (ConfUtils.java:logGet(46)) - raft.server.rpc.sleep.time = 25ms (default)
2022-06-27 16:54:18,769 [pool-142-thread-1] INFO  server.RaftServerConfigKeys (ConfUtils.java:logGet(46)) - raft.server.rpc.slowness.timeout = 300s (custom)
2022-06-27 16:54:18,769 [pool-142-thread-1] INFO  server.RaftServerConfigKeys (ConfUtils.java:logGet(46)) - raft.server.leaderelection.leader.step-down.wait-time = 10s (default)
2022-06-27 16:54:18,769 [pool-142-thread-1] INFO  server.RaftServerConfigKeys (ConfUtils.java:logGet(46)) - raft.server.sleep.deviation.threshold = 300ms (default)
2022-06-27 16:54:18,769 [pool-142-thread-1] INFO  server.RaftServer$Division (ServerState.java:<init>(107)) - d2418c64-8d9c-434b-8e38-d723d14cbfaf@group-55D38D95D65A: ConfigurationManager, init=-1: [d2418c64-8d9c-434b-8e38-d723d14cbfaf|rpc:10.1.0.22:35023|priority:1], old=null, confs=<EMPTY_MAP>
2022-06-27 16:54:18,769 [pool-142-thread-1] INFO  server.RaftServerConfigKeys (ConfUtils.java:logGet(46)) - raft.server.storage.dir = [/home/runner/work/ozone/ozone/hadoop-ozone/integration-test/target/test-dir/MiniOzoneClusterImpl-4b25a9da-6f8d-4450-a121-db50b250e675/datanode-3/data/ratis] (custom)
2022-06-27 16:54:18,769 [pool-142-thread-1] INFO  server.RaftServerConfigKeys (ConfUtils.java:logGet(46)) - raft.server.log.corruption.policy = EXCEPTION (default)
2022-06-27 16:54:18,769 [pool-142-thread-1] INFO  server.RaftServerConfigKeys (ConfUtils.java:logGet(46)) - raft.server.storage.free-space.min = 0MB (=0) (default)
2022-06-27 16:54:18,769 [pool-142-thread-1] INFO  storage.RaftStorageDirectory (RaftStorageDirectoryImpl.java:analyzeStorage(135)) - The storage directory /home/runner/work/ozone/ozone/hadoop-ozone/integration-test/target/test-dir/MiniOzoneClusterImpl-4b25a9da-6f8d-4450-a121-db50b250e675/datanode-3/data/ratis/4c7012ae-ebd3-47c0-8a57-55d38d95d65a does not exist. Creating ...
2022-06-27 16:54:18,770 [pool-142-thread-1] INFO  storage.RaftStorageDirectory (RaftStorageDirectoryImpl.java:tryLock(230)) - Lock on /home/runner/work/ozone/ozone/hadoop-ozone/integration-test/target/test-dir/MiniOzoneClusterImpl-4b25a9da-6f8d-4450-a121-db50b250e675/datanode-3/data/ratis/4c7012ae-ebd3-47c0-8a57-55d38d95d65a/in_use.lock acquired by nodename 16603@fv-az215-30
2022-06-27 16:54:18,771 [pool-142-thread-1] INFO  storage.RaftStorage (RaftStorageImpl.java:format(89)) - Storage directory /home/runner/work/ozone/ozone/hadoop-ozone/integration-test/target/test-dir/MiniOzoneClusterImpl-4b25a9da-6f8d-4450-a121-db50b250e675/datanode-3/data/ratis/4c7012ae-ebd3-47c0-8a57-55d38d95d65a has been successfully formatted.
2022-06-27 16:54:18,772 [pool-142-thread-1] INFO  ratis.ContainerStateMachine (ContainerStateMachine.java:loadSnapshot(236)) - group-55D38D95D65A: The snapshot info is null. Setting the last applied indexto:(t:0, i:~)
2022-06-27 16:54:18,772 [pool-142-thread-1] INFO  server.RaftServerConfigKeys (ConfUtils.java:logGet(46)) - raft.server.notification.no-leader.timeout = 300s (custom)
2022-06-27 16:54:18,772 [pool-142-thread-1] INFO  server.RaftServerConfigKeys (ConfUtils.java:logGet(46)) - raft.server.log.use.memory = false (default)
2022-06-27 16:54:18,772 [pool-142-thread-1] INFO  server.RaftServerConfigKeys (ConfUtils.java:logGet(46)) - raft.server.log.purge.gap = 1000000 (custom)
2022-06-27 16:54:18,772 [pool-142-thread-1] INFO  server.RaftServerConfigKeys (ConfUtils.java:logGet(46)) - raft.server.log.appender.buffer.byte-limit = 33554432 (custom)
2022-06-27 16:54:18,772 [pool-142-thread-1] INFO  server.RaftServerConfigKeys (ConfUtils.java:logGet(46)) - raft.server.log.statemachine.data.read.timeout = 1000ms (default)
2022-06-27 16:54:18,773 [pool-142-thread-1] INFO  server.RaftServerConfigKeys (ConfUtils.java:logGet(46)) - raft.server.log.segment.size.max = 1048576 (custom)
2022-06-27 16:54:18,773 [pool-142-thread-1] INFO  server.RaftServerConfigKeys (ConfUtils.java:logGet(46)) - raft.server.log.segment.cache.num.max = 2 (custom)
2022-06-27 16:54:18,773 [pool-142-thread-1] INFO  server.RaftServerConfigKeys (ConfUtils.java:logGet(46)) - raft.server.log.segment.cache.size.max = 200MB (=209715200) (default)
2022-06-27 16:54:18,773 [pool-142-thread-1] INFO  segmented.SegmentedRaftLogWorker (SegmentedRaftLogWorker.java:<init>(187)) - new d2418c64-8d9c-434b-8e38-d723d14cbfaf@group-55D38D95D65A-SegmentedRaftLogWorker for RaftStorageImpl:Storage Directory /home/runner/work/ozone/ozone/hadoop-ozone/integration-test/target/test-dir/MiniOzoneClusterImpl-4b25a9da-6f8d-4450-a121-db50b250e675/datanode-3/data/ratis/4c7012ae-ebd3-47c0-8a57-55d38d95d65a
2022-06-27 16:54:18,773 [pool-142-thread-1] INFO  server.RaftServerConfigKeys (ConfUtils.java:logGet(46)) - raft.server.log.queue.byte-limit = 4294967296 (custom)
2022-06-27 16:54:18,773 [pool-142-thread-1] INFO  server.RaftServerConfigKeys (ConfUtils.java:logGet(46)) - raft.server.log.queue.element-limit = 1024 (custom)
2022-06-27 16:54:18,773 [pool-142-thread-1] INFO  server.RaftServerConfigKeys (ConfUtils.java:logGet(46)) - raft.server.log.segment.size.max = 1048576 (custom)
2022-06-27 16:54:18,773 [pool-142-thread-1] INFO  server.RaftServerConfigKeys (ConfUtils.java:logGet(46)) - raft.server.log.preallocated.size = 16384 (custom)
2022-06-27 16:54:18,773 [pool-142-thread-1] INFO  server.RaftServerConfigKeys (ConfUtils.java:logGet(46)) - raft.server.log.force.sync.num = 128 (default)
2022-06-27 16:54:18,773 [pool-142-thread-1] INFO  server.RaftServerConfigKeys (ConfUtils.java:logGet(46)) - raft.server.log.statemachine.data.sync = true (default)
2022-06-27 16:54:18,773 [pool-142-thread-1] INFO  server.RaftServerConfigKeys (ConfUtils.java:logGet(46)) - raft.server.log.statemachine.data.sync.timeout = 10s (default)
2022-06-27 16:54:18,773 [pool-142-thread-1] INFO  server.RaftServerConfigKeys (ConfUtils.java:logGet(46)) - raft.server.log.statemachine.data.sync.timeout.retry = -1 (default)
2022-06-27 16:54:18,774 [pool-142-thread-1] INFO  server.RaftServerConfigKeys (ConfUtils.java:logGet(46)) - raft.server.log.write.buffer.size = 1048576 (custom)
2022-06-27 16:54:18,775 [pool-142-thread-1] INFO  server.RaftServerConfigKeys (ConfUtils.java:logGet(46)) - raft.server.log.unsafe-flush.enabled = false (default)
2022-06-27 16:54:18,775 [pool-142-thread-1] INFO  server.RaftServerConfigKeys (ConfUtils.java:logGet(46)) - raft.server.log.statemachine.data.caching.enabled = true (custom)
2022-06-27 16:54:18,775 [pool-142-thread-1] INFO  segmented.SegmentedRaftLogWorker (SegmentedRaftLogWorker.java:lambda$new$0(135)) - d2418c64-8d9c-434b-8e38-d723d14cbfaf@group-55D38D95D65A-SegmentedRaftLogWorker: flushIndex: setUnconditionally 0 -> -1
2022-06-27 16:54:18,775 [pool-142-thread-1] INFO  segmented.SegmentedRaftLogWorker (SegmentedRaftLogWorker.java:lambda$new$0(135)) - d2418c64-8d9c-434b-8e38-d723d14cbfaf@group-55D38D95D65A-SegmentedRaftLogWorker: safeCacheEvictIndex: setUnconditionally 0 -> -1
2022-06-27 16:54:18,776 [pool-142-thread-1] INFO  server.RaftServerConfigKeys (ConfUtils.java:logGet(46)) - raft.server.snapshot.auto.trigger.enabled = true (custom)
2022-06-27 16:54:18,776 [pool-142-thread-1] INFO  server.RaftServerConfigKeys (ConfUtils.java:logGet(46)) - raft.server.snapshot.auto.trigger.threshold = 10000 (custom)
2022-06-27 16:54:18,776 [pool-142-thread-1] INFO  server.RaftServerConfigKeys (ConfUtils.java:logGet(46)) - raft.server.snapshot.retention.file.num = 5 (custom)
2022-06-27 16:54:18,776 [pool-142-thread-1] INFO  server.RaftServerConfigKeys (ConfUtils.java:logGet(46)) - raft.server.log.purge.upto.snapshot.index = false (default)
2022-06-27 16:54:18,776 [pool-142-thread-1] INFO  server.RaftServerConfigKeys (ConfUtils.java:logGet(46)) - raft.server.retrycache.expirytime = 600000ms (custom)
2022-06-27 16:54:18,776 [pool-142-thread-1] INFO  server.RaftServerConfigKeys (ConfUtils.java:logGet(46)) - raft.server.retrycache.statistics.expirytime = 100μs (default)
2022-06-27 16:54:18,782 [pool-142-thread-1] INFO  server.RaftServerConfigKeys (ConfUtils.java:logGet(46)) - raft.server.log.appender.install.snapshot.enabled = false (custom)
2022-06-27 16:54:18,782 [pool-142-thread-1] INFO  server.RaftServerConfigKeys (ConfUtils.java:logGet(46)) - raft.server.threadpool.server.cached = true (default)
2022-06-27 16:54:18,782 [pool-142-thread-1] INFO  server.RaftServerConfigKeys (ConfUtils.java:logGet(46)) - raft.server.threadpool.server.size = 0 (default)
2022-06-27 16:54:18,782 [pool-142-thread-1] INFO  server.RaftServerConfigKeys (ConfUtils.java:logGet(46)) - raft.server.threadpool.client.cached = true (default)
2022-06-27 16:54:18,782 [pool-142-thread-1] INFO  server.RaftServerConfigKeys (ConfUtils.java:logGet(46)) - raft.server.threadpool.client.size = 0 (default)
2022-06-27 16:54:18,782 [pool-142-thread-1] INFO  server.RaftServer$Division (RaftServerImpl.java:start(310)) - d2418c64-8d9c-434b-8e38-d723d14cbfaf@group-55D38D95D65A: start as a follower, conf=-1: [d2418c64-8d9c-434b-8e38-d723d14cbfaf|rpc:10.1.0.22:35023|priority:1], old=null
2022-06-27 16:54:18,782 [pool-142-thread-1] INFO  server.RaftServer$Division (RaftServerImpl.java:setRole(299)) - d2418c64-8d9c-434b-8e38-d723d14cbfaf@group-55D38D95D65A: changes role from      null to FOLLOWER at term 0 for startAsFollower
2022-06-27 16:54:18,782 [pool-142-thread-1] INFO  impl.RoleInfo (RoleInfo.java:updateAndGet(139)) - d2418c64-8d9c-434b-8e38-d723d14cbfaf: start d2418c64-8d9c-434b-8e38-d723d14cbfaf@group-55D38D95D65A-FollowerState
2022-06-27 16:54:18,785 [EventQueue-PipelineReportForPipelineReportHandler] INFO  pipeline.PipelineManagerImpl (PipelineManagerImpl.java:openPipeline(358)) - Pipeline Pipeline[ Id: 4c7012ae-ebd3-47c0-8a57-55d38d95d65a, Nodes: d2418c64-8d9c-434b-8e38-d723d14cbfaf{ip: 10.1.0.22, host: fv-az215-30.fk02tkdpp51uda4i120yanydqb.bx.internal.cloudapp.net, ports: [REPLICATION=37639, RATIS=35023, RATIS_ADMIN=35023, RATIS_SERVER=35023, STANDALONE=40389], networkLocation: /default-rack, certSerialId: null, persistedOpState: IN_SERVICE, persistedOpStateExpiryEpochSec: 0}, ReplicationConfig: RATIS/ONE, State:ALLOCATED, leaderId:d2418c64-8d9c-434b-8e38-d723d14cbfaf, CreationTimestamp2022-06-27T16:54:15.768Z[Etc/UTC]] moved to OPEN state
2022-06-27 16:54:18,786 [EventQueue-OpenPipelineForHealthyPipelineSafeModeRule] INFO  safemode.SCMSafeModeManager (HealthyPipelineSafeModeRule.java:process(124)) - SCM in safe mode. Healthy pipelines reported count is 0, required healthy pipeline reported count is 1
2022-06-27 16:54:18,786 [pool-142-thread-1] INFO  util.JmxRegister (JmxRegister.java:tryRegister(44)) - Successfully registered JMX Bean with object name Ratis:service=RaftServer,group=group-55D38D95D65A,id=d2418c64-8d9c-434b-8e38-d723d14cbfaf
2022-06-27 16:54:18,789 [Command processor thread] INFO  ratis.XceiverServerRatis (XceiverServerRatis.java:addGroup(765)) - Created group PipelineID=4c7012ae-ebd3-47c0-8a57-55d38d95d65a
2022-06-27 16:54:18,789 [Command processor thread] INFO  commandhandler.CreatePipelineCommandHandler (CreatePipelineCommandHandler.java:handle(113)) - Created Pipeline RATIS ONE PipelineID=4c7012ae-ebd3-47c0-8a57-55d38d95d65a.
2022-06-27 16:54:19,055 [Command processor thread] INFO  server.RaftServer (RaftServerProxy.java:addNew(96)) - b48423cd-489c-4e2e-b1c7-3f6c172b8172: addNew group-36564637C117:[b48423cd-489c-4e2e-b1c7-3f6c172b8172|rpc:10.1.0.22:38793|priority:1] returns group-36564637C117:java.util.concurrent.CompletableFuture@2adbda26[Not completed]
2022-06-27 16:54:19,056 [Listener at 127.0.0.1/44473] INFO  ozone.MiniOzoneClusterImpl (MiniOzoneClusterImpl.java:lambda$waitForClusterToBeReady$0(223)) - Nodes are ready. Got 5 of 5 DN Heartbeats.
2022-06-27 16:54:19,056 [Listener at 127.0.0.1/44473] INFO  ozone.MiniOzoneClusterImpl (MiniOzoneClusterImpl.java:lambda$waitForClusterToBeReady$0(226)) - Waiting for cluster to exit safe mode
2022-06-27 16:54:19,056 [Listener at 127.0.0.1/44473] INFO  ozone.MiniOzoneClusterImpl (MiniOzoneClusterImpl.java:lambda$waitForClusterToBeReady$0(228)) - SCM became leader
2022-06-27 16:54:19,057 [pool-165-thread-1] INFO  server.RaftServer$Division (RaftServerImpl.java:<init>(190)) - b48423cd-489c-4e2e-b1c7-3f6c172b8172: new RaftServerImpl for group-36564637C117:[b48423cd-489c-4e2e-b1c7-3f6c172b8172|rpc:10.1.0.22:38793|priority:1] with ContainerStateMachine:uninitialized
2022-06-27 16:54:19,057 [pool-165-thread-1] INFO  server.RaftServerConfigKeys (ConfUtils.java:logGet(46)) - raft.server.rpc.timeout.min = 5s (custom)
2022-06-27 16:54:19,057 [pool-165-thread-1] INFO  server.RaftServerConfigKeys (ConfUtils.java:logGet(46)) - raft.server.rpc.timeout.max = 5200ms (custom)
2022-06-27 16:54:19,057 [pool-165-thread-1] INFO  server.RaftServerConfigKeys (ConfUtils.java:logGet(46)) - raft.server.rpc.sleep.time = 25ms (default)
2022-06-27 16:54:19,057 [pool-165-thread-1] INFO  server.RaftServerConfigKeys (ConfUtils.java:logGet(46)) - raft.server.rpc.slowness.timeout = 300s (custom)
2022-06-27 16:54:19,057 [pool-165-thread-1] INFO  server.RaftServerConfigKeys (ConfUtils.java:logGet(46)) - raft.server.leaderelection.leader.step-down.wait-time = 10s (default)
2022-06-27 16:54:19,057 [pool-165-thread-1] INFO  server.RaftServerConfigKeys (ConfUtils.java:logGet(46)) - raft.server.sleep.deviation.threshold = 300ms (default)
2022-06-27 16:54:19,057 [pool-165-thread-1] INFO  server.RaftServer$Division (ServerState.java:<init>(107)) - b48423cd-489c-4e2e-b1c7-3f6c172b8172@group-36564637C117: ConfigurationManager, init=-1: [b48423cd-489c-4e2e-b1c7-3f6c172b8172|rpc:10.1.0.22:38793|priority:1], old=null, confs=<EMPTY_MAP>
2022-06-27 16:54:19,057 [pool-165-thread-1] INFO  server.RaftServerConfigKeys (ConfUtils.java:logGet(46)) - raft.server.storage.dir = [/home/runner/work/ozone/ozone/hadoop-ozone/integration-test/target/test-dir/MiniOzoneClusterImpl-4b25a9da-6f8d-4450-a121-db50b250e675/datanode-4/data/ratis] (custom)
2022-06-27 16:54:19,057 [pool-165-thread-1] INFO  server.RaftServerConfigKeys (ConfUtils.java:logGet(46)) - raft.server.log.corruption.policy = EXCEPTION (default)
2022-06-27 16:54:19,057 [pool-165-thread-1] INFO  server.RaftServerConfigKeys (ConfUtils.java:logGet(46)) - raft.server.storage.free-space.min = 0MB (=0) (default)
2022-06-27 16:54:19,058 [pool-165-thread-1] INFO  storage.RaftStorageDirectory (RaftStorageDirectoryImpl.java:analyzeStorage(135)) - The storage directory /home/runner/work/ozone/ozone/hadoop-ozone/integration-test/target/test-dir/MiniOzoneClusterImpl-4b25a9da-6f8d-4450-a121-db50b250e675/datanode-4/data/ratis/4e9d0674-9b73-4250-bed8-36564637c117 does not exist. Creating ...
2022-06-27 16:54:19,059 [pool-165-thread-1] INFO  storage.RaftStorageDirectory (RaftStorageDirectoryImpl.java:tryLock(230)) - Lock on /home/runner/work/ozone/ozone/hadoop-ozone/integration-test/target/test-dir/MiniOzoneClusterImpl-4b25a9da-6f8d-4450-a121-db50b250e675/datanode-4/data/ratis/4e9d0674-9b73-4250-bed8-36564637c117/in_use.lock acquired by nodename 16603@fv-az215-30
2022-06-27 16:54:19,060 [pool-165-thread-1] INFO  storage.RaftStorage (RaftStorageImpl.java:format(89)) - Storage directory /home/runner/work/ozone/ozone/hadoop-ozone/integration-test/target/test-dir/MiniOzoneClusterImpl-4b25a9da-6f8d-4450-a121-db50b250e675/datanode-4/data/ratis/4e9d0674-9b73-4250-bed8-36564637c117 has been successfully formatted.
2022-06-27 16:54:19,061 [pool-165-thread-1] INFO  ratis.ContainerStateMachine (ContainerStateMachine.java:loadSnapshot(236)) - group-36564637C117: The snapshot info is null. Setting the last applied indexto:(t:0, i:~)
2022-06-27 16:54:19,061 [pool-165-thread-1] INFO  server.RaftServerConfigKeys (ConfUtils.java:logGet(46)) - raft.server.notification.no-leader.timeout = 300s (custom)
2022-06-27 16:54:19,061 [pool-165-thread-1] INFO  server.RaftServerConfigKeys (ConfUtils.java:logGet(46)) - raft.server.log.use.memory = false (default)
2022-06-27 16:54:19,061 [pool-165-thread-1] INFO  server.RaftServerConfigKeys (ConfUtils.java:logGet(46)) - raft.server.log.purge.gap = 1000000 (custom)
2022-06-27 16:54:19,061 [pool-165-thread-1] INFO  server.RaftServerConfigKeys (ConfUtils.java:logGet(46)) - raft.server.log.appender.buffer.byte-limit = 33554432 (custom)
2022-06-27 16:54:19,061 [pool-165-thread-1] INFO  server.RaftServerConfigKeys (ConfUtils.java:logGet(46)) - raft.server.log.statemachine.data.read.timeout = 1000ms (default)
2022-06-27 16:54:19,061 [pool-165-thread-1] INFO  server.RaftServerConfigKeys (ConfUtils.java:logGet(46)) - raft.server.log.segment.size.max = 1048576 (custom)
2022-06-27 16:54:19,062 [pool-165-thread-1] INFO  server.RaftServerConfigKeys (ConfUtils.java:logGet(46)) - raft.server.log.segment.cache.num.max = 2 (custom)
2022-06-27 16:54:19,062 [pool-165-thread-1] INFO  server.RaftServerConfigKeys (ConfUtils.java:logGet(46)) - raft.server.log.segment.cache.size.max = 200MB (=209715200) (default)
2022-06-27 16:54:19,062 [pool-165-thread-1] INFO  segmented.SegmentedRaftLogWorker (SegmentedRaftLogWorker.java:<init>(187)) - new b48423cd-489c-4e2e-b1c7-3f6c172b8172@group-36564637C117-SegmentedRaftLogWorker for RaftStorageImpl:Storage Directory /home/runner/work/ozone/ozone/hadoop-ozone/integration-test/target/test-dir/MiniOzoneClusterImpl-4b25a9da-6f8d-4450-a121-db50b250e675/datanode-4/data/ratis/4e9d0674-9b73-4250-bed8-36564637c117
2022-06-27 16:54:19,062 [pool-165-thread-1] INFO  server.RaftServerConfigKeys (ConfUtils.java:logGet(46)) - raft.server.log.queue.byte-limit = 4294967296 (custom)
2022-06-27 16:54:19,062 [pool-165-thread-1] INFO  server.RaftServerConfigKeys (ConfUtils.java:logGet(46)) - raft.server.log.queue.element-limit = 1024 (custom)
2022-06-27 16:54:19,062 [pool-165-thread-1] INFO  server.RaftServerConfigKeys (ConfUtils.java:logGet(46)) - raft.server.log.segment.size.max = 1048576 (custom)
2022-06-27 16:54:19,062 [pool-165-thread-1] INFO  server.RaftServerConfigKeys (ConfUtils.java:logGet(46)) - raft.server.log.preallocated.size = 16384 (custom)
2022-06-27 16:54:19,062 [pool-165-thread-1] INFO  server.RaftServerConfigKeys (ConfUtils.java:logGet(46)) - raft.server.log.force.sync.num = 128 (default)
2022-06-27 16:54:19,062 [pool-165-thread-1] INFO  server.RaftServerConfigKeys (ConfUtils.java:logGet(46)) - raft.server.log.statemachine.data.sync = true (default)
2022-06-27 16:54:19,062 [pool-165-thread-1] INFO  server.RaftServerConfigKeys (ConfUtils.java:logGet(46)) - raft.server.log.statemachine.data.sync.timeout = 10s (default)
2022-06-27 16:54:19,062 [pool-165-thread-1] INFO  server.RaftServerConfigKeys (ConfUtils.java:logGet(46)) - raft.server.log.statemachine.data.sync.timeout.retry = -1 (default)
2022-06-27 16:54:19,063 [pool-165-thread-1] INFO  server.RaftServerConfigKeys (ConfUtils.java:logGet(46)) - raft.server.log.write.buffer.size = 1048576 (custom)
2022-06-27 16:54:19,064 [pool-165-thread-1] INFO  server.RaftServerConfigKeys (ConfUtils.java:logGet(46)) - raft.server.log.unsafe-flush.enabled = false (default)
2022-06-27 16:54:19,064 [pool-165-thread-1] INFO  server.RaftServerConfigKeys (ConfUtils.java:logGet(46)) - raft.server.log.statemachine.data.caching.enabled = true (custom)
2022-06-27 16:54:19,064 [EventQueue-PipelineReportForPipelineReportHandler] INFO  pipeline.PipelineManagerImpl (PipelineManagerImpl.java:openPipeline(358)) - Pipeline Pipeline[ Id: 4e9d0674-9b73-4250-bed8-36564637c117, Nodes: b48423cd-489c-4e2e-b1c7-3f6c172b8172{ip: 10.1.0.22, host: fv-az215-30.fk02tkdpp51uda4i120yanydqb.bx.internal.cloudapp.net, ports: [REPLICATION=43055, RATIS=38793, RATIS_ADMIN=38793, RATIS_SERVER=38793, STANDALONE=42281], networkLocation: /default-rack, certSerialId: null, persistedOpState: IN_SERVICE, persistedOpStateExpiryEpochSec: 0}, ReplicationConfig: RATIS/ONE, State:ALLOCATED, leaderId:b48423cd-489c-4e2e-b1c7-3f6c172b8172, CreationTimestamp2022-06-27T16:54:16.057Z[Etc/UTC]] moved to OPEN state
2022-06-27 16:54:19,064 [pool-165-thread-1] INFO  segmented.SegmentedRaftLogWorker (SegmentedRaftLogWorker.java:lambda$new$0(135)) - b48423cd-489c-4e2e-b1c7-3f6c172b8172@group-36564637C117-SegmentedRaftLogWorker: flushIndex: setUnconditionally 0 -> -1
2022-06-27 16:54:19,064 [pool-165-thread-1] INFO  segmented.SegmentedRaftLogWorker (SegmentedRaftLogWorker.java:lambda$new$0(135)) - b48423cd-489c-4e2e-b1c7-3f6c172b8172@group-36564637C117-SegmentedRaftLogWorker: safeCacheEvictIndex: setUnconditionally 0 -> -1
2022-06-27 16:54:19,065 [EventQueue-OpenPipelineForHealthyPipelineSafeModeRule] INFO  safemode.SCMSafeModeManager (HealthyPipelineSafeModeRule.java:process(124)) - SCM in safe mode. Healthy pipelines reported count is 0, required healthy pipeline reported count is 1
2022-06-27 16:54:19,071 [pool-165-thread-1] INFO  server.RaftServerConfigKeys (ConfUtils.java:logGet(46)) - raft.server.snapshot.auto.trigger.enabled = true (custom)
2022-06-27 16:54:19,071 [pool-165-thread-1] INFO  server.RaftServerConfigKeys (ConfUtils.java:logGet(46)) - raft.server.snapshot.auto.trigger.threshold = 10000 (custom)
2022-06-27 16:54:19,071 [pool-165-thread-1] INFO  server.RaftServerConfigKeys (ConfUtils.java:logGet(46)) - raft.server.snapshot.retention.file.num = 5 (custom)
2022-06-27 16:54:19,071 [pool-165-thread-1] INFO  server.RaftServerConfigKeys (ConfUtils.java:logGet(46)) - raft.server.log.purge.upto.snapshot.index = false (default)
2022-06-27 16:54:19,071 [pool-165-thread-1] INFO  server.RaftServerConfigKeys (ConfUtils.java:logGet(46)) - raft.server.retrycache.expirytime = 600000ms (custom)
2022-06-27 16:54:19,071 [pool-165-thread-1] INFO  server.RaftServerConfigKeys (ConfUtils.java:logGet(46)) - raft.server.retrycache.statistics.expirytime = 100μs (default)
2022-06-27 16:54:19,072 [pool-165-thread-1] INFO  server.RaftServerConfigKeys (ConfUtils.java:logGet(46)) - raft.server.log.appender.install.snapshot.enabled = false (custom)
2022-06-27 16:54:19,072 [pool-165-thread-1] INFO  server.RaftServerConfigKeys (ConfUtils.java:logGet(46)) - raft.server.threadpool.server.cached = true (default)
2022-06-27 16:54:19,072 [pool-165-thread-1] INFO  server.RaftServerConfigKeys (ConfUtils.java:logGet(46)) - raft.server.threadpool.server.size = 0 (default)
2022-06-27 16:54:19,072 [pool-165-thread-1] INFO  server.RaftServerConfigKeys (ConfUtils.java:logGet(46)) - raft.server.threadpool.client.cached = true (default)
2022-06-27 16:54:19,072 [pool-165-thread-1] INFO  server.RaftServerConfigKeys (ConfUtils.java:logGet(46)) - raft.server.threadpool.client.size = 0 (default)
2022-06-27 16:54:19,072 [pool-165-thread-1] INFO  server.RaftServer$Division (RaftServerImpl.java:start(310)) - b48423cd-489c-4e2e-b1c7-3f6c172b8172@group-36564637C117: start as a follower, conf=-1: [b48423cd-489c-4e2e-b1c7-3f6c172b8172|rpc:10.1.0.22:38793|priority:1], old=null
2022-06-27 16:54:19,073 [pool-165-thread-1] INFO  server.RaftServer$Division (RaftServerImpl.java:setRole(299)) - b48423cd-489c-4e2e-b1c7-3f6c172b8172@group-36564637C117: changes role from      null to FOLLOWER at term 0 for startAsFollower
2022-06-27 16:54:19,073 [pool-165-thread-1] INFO  impl.RoleInfo (RoleInfo.java:updateAndGet(139)) - b48423cd-489c-4e2e-b1c7-3f6c172b8172: start b48423cd-489c-4e2e-b1c7-3f6c172b8172@group-36564637C117-FollowerState
2022-06-27 16:54:19,074 [pool-165-thread-1] INFO  util.JmxRegister (JmxRegister.java:tryRegister(44)) - Successfully registered JMX Bean with object name Ratis:service=RaftServer,group=group-36564637C117,id=b48423cd-489c-4e2e-b1c7-3f6c172b8172
2022-06-27 16:54:19,074 [Command processor thread] INFO  ratis.XceiverServerRatis (XceiverServerRatis.java:addGroup(765)) - Created group PipelineID=4e9d0674-9b73-4250-bed8-36564637c117
2022-06-27 16:54:19,074 [Command processor thread] INFO  commandhandler.CreatePipelineCommandHandler (CreatePipelineCommandHandler.java:handle(113)) - Created Pipeline RATIS ONE PipelineID=4e9d0674-9b73-4250-bed8-36564637c117.
2022-06-27 16:54:20,056 [Listener at 127.0.0.1/44473] INFO  ozone.MiniOzoneClusterImpl (MiniOzoneClusterImpl.java:lambda$waitForClusterToBeReady$0(223)) - Nodes are ready. Got 5 of 5 DN Heartbeats.
2022-06-27 16:54:20,056 [Listener at 127.0.0.1/44473] INFO  ozone.MiniOzoneClusterImpl (MiniOzoneClusterImpl.java:lambda$waitForClusterToBeReady$0(226)) - Waiting for cluster to exit safe mode
2022-06-27 16:54:20,057 [Listener at 127.0.0.1/44473] INFO  ozone.MiniOzoneClusterImpl (MiniOzoneClusterImpl.java:lambda$waitForClusterToBeReady$0(228)) - SCM became leader
2022-06-27 16:54:21,057 [Listener at 127.0.0.1/44473] INFO  ozone.MiniOzoneClusterImpl (MiniOzoneClusterImpl.java:lambda$waitForClusterToBeReady$0(223)) - Nodes are ready. Got 5 of 5 DN Heartbeats.
2022-06-27 16:54:21,057 [Listener at 127.0.0.1/44473] INFO  ozone.MiniOzoneClusterImpl (MiniOzoneClusterImpl.java:lambda$waitForClusterToBeReady$0(226)) - Waiting for cluster to exit safe mode
2022-06-27 16:54:21,057 [Listener at 127.0.0.1/44473] INFO  ozone.MiniOzoneClusterImpl (MiniOzoneClusterImpl.java:lambda$waitForClusterToBeReady$0(228)) - SCM became leader
2022-06-27 16:54:22,058 [Listener at 127.0.0.1/44473] INFO  ozone.MiniOzoneClusterImpl (MiniOzoneClusterImpl.java:lambda$waitForClusterToBeReady$0(223)) - Nodes are ready. Got 5 of 5 DN Heartbeats.
2022-06-27 16:54:22,058 [Listener at 127.0.0.1/44473] INFO  ozone.MiniOzoneClusterImpl (MiniOzoneClusterImpl.java:lambda$waitForClusterToBeReady$0(226)) - Waiting for cluster to exit safe mode
2022-06-27 16:54:22,058 [Listener at 127.0.0.1/44473] INFO  ozone.MiniOzoneClusterImpl (MiniOzoneClusterImpl.java:lambda$waitForClusterToBeReady$0(228)) - SCM became leader
2022-06-27 16:54:22,824 [28725b92-7534-4808-bd3a-f7d426359eac@group-AE8BA0B9126D-FollowerState] INFO  impl.FollowerState (FollowerState.java:run(143)) - 28725b92-7534-4808-bd3a-f7d426359eac@group-AE8BA0B9126D-FollowerState: change to CANDIDATE, lastRpcElapsedTime:5007089169ns, electionTimeout:5006ms
2022-06-27 16:54:22,824 [28725b92-7534-4808-bd3a-f7d426359eac@group-AE8BA0B9126D-FollowerState] INFO  impl.RoleInfo (RoleInfo.java:shutdownFollowerState(110)) - 28725b92-7534-4808-bd3a-f7d426359eac: shutdown 28725b92-7534-4808-bd3a-f7d426359eac@group-AE8BA0B9126D-FollowerState
2022-06-27 16:54:22,824 [28725b92-7534-4808-bd3a-f7d426359eac@group-AE8BA0B9126D-FollowerState] INFO  server.RaftServer$Division (RaftServerImpl.java:setRole(299)) - 28725b92-7534-4808-bd3a-f7d426359eac@group-AE8BA0B9126D: changes role from  FOLLOWER to CANDIDATE at term 0 for changeToCandidate
2022-06-27 16:54:22,824 [28725b92-7534-4808-bd3a-f7d426359eac@group-AE8BA0B9126D-FollowerState] INFO  server.RaftServerConfigKeys (ConfUtils.java:logGet(46)) - raft.server.leaderelection.pre-vote = false (custom)
2022-06-27 16:54:22,824 [28725b92-7534-4808-bd3a-f7d426359eac@group-AE8BA0B9126D-FollowerState] INFO  impl.RoleInfo (RoleInfo.java:updateAndGet(139)) - 28725b92-7534-4808-bd3a-f7d426359eac: start 28725b92-7534-4808-bd3a-f7d426359eac@group-AE8BA0B9126D-LeaderElection2
2022-06-27 16:54:22,832 [28725b92-7534-4808-bd3a-f7d426359eac@group-AE8BA0B9126D-LeaderElection2] INFO  impl.LeaderElection (LeaderElection.java:askForVotes(310)) - 28725b92-7534-4808-bd3a-f7d426359eac@group-AE8BA0B9126D-LeaderElection2 ELECTION round 0: submit vote requests at term 1 for -1: [ccff8009-bc9c-45e1-9925-30de1c0d3a9d|rpc:10.1.0.22:41485|priority:1, 28725b92-7534-4808-bd3a-f7d426359eac|rpc:10.1.0.22:46711|priority:0, e149a773-6f80-4200-b489-f1fdfcbd08b4|rpc:10.1.0.22:46641|priority:0], old=null
2022-06-27 16:54:22,864 [grpc-default-executor-1] INFO  server.RaftServer$Division (RaftServerImpl.java:requestVote(1152)) - e149a773-6f80-4200-b489-f1fdfcbd08b4@group-AE8BA0B9126D: receive requestVote(ELECTION, 28725b92-7534-4808-bd3a-f7d426359eac, group-AE8BA0B9126D, 1, (t:0, i:0))
2022-06-27 16:54:22,866 [grpc-default-executor-1] INFO  impl.VoteContext (VoteContext.java:log(48)) - e149a773-6f80-4200-b489-f1fdfcbd08b4@group-AE8BA0B9126D-FOLLOWER: accept ELECTION from 28725b92-7534-4808-bd3a-f7d426359eac: our priority 0 <= candidate's priority 0
2022-06-27 16:54:22,867 [grpc-default-executor-1] INFO  server.RaftServer$Division (RaftServerImpl.java:setRole(299)) - e149a773-6f80-4200-b489-f1fdfcbd08b4@group-AE8BA0B9126D: changes role from  FOLLOWER to FOLLOWER at term 1 for candidate:28725b92-7534-4808-bd3a-f7d426359eac
2022-06-27 16:54:22,867 [grpc-default-executor-1] INFO  impl.RoleInfo (RoleInfo.java:shutdownFollowerState(110)) - e149a773-6f80-4200-b489-f1fdfcbd08b4: shutdown e149a773-6f80-4200-b489-f1fdfcbd08b4@group-AE8BA0B9126D-FollowerState
2022-06-27 16:54:22,867 [grpc-default-executor-1] INFO  impl.RoleInfo (RoleInfo.java:updateAndGet(139)) - e149a773-6f80-4200-b489-f1fdfcbd08b4: start e149a773-6f80-4200-b489-f1fdfcbd08b4@group-AE8BA0B9126D-FollowerState
2022-06-27 16:54:22,877 [grpc-default-executor-1] INFO  server.RaftServer$Division (RaftServerImpl.java:requestVote(1184)) - e149a773-6f80-4200-b489-f1fdfcbd08b4@group-AE8BA0B9126D replies to ELECTION vote request: 28725b92-7534-4808-bd3a-f7d426359eac<-e149a773-6f80-4200-b489-f1fdfcbd08b4#0:OK-t1. Peer's state: e149a773-6f80-4200-b489-f1fdfcbd08b4@group-AE8BA0B9126D:t1, leader=null, voted=28725b92-7534-4808-bd3a-f7d426359eac, raftlog=e149a773-6f80-4200-b489-f1fdfcbd08b4@group-AE8BA0B9126D-SegmentedRaftLog:OPENED:c-1, conf=-1: [ccff8009-bc9c-45e1-9925-30de1c0d3a9d|rpc:10.1.0.22:41485|dataStream:|priority:1, 28725b92-7534-4808-bd3a-f7d426359eac|rpc:10.1.0.22:46711|dataStream:|priority:0, e149a773-6f80-4200-b489-f1fdfcbd08b4|rpc:10.1.0.22:46641|dataStream:|priority:0], old=null
2022-06-27 16:54:22,867 [e149a773-6f80-4200-b489-f1fdfcbd08b4@group-AE8BA0B9126D-FollowerState] INFO  impl.FollowerState (FollowerState.java:run(152)) - e149a773-6f80-4200-b489-f1fdfcbd08b4@group-AE8BA0B9126D-FollowerState was interrupted
2022-06-27 16:54:22,887 [grpc-default-executor-0] INFO  server.RaftServer$Division (RaftServerImpl.java:requestVote(1152)) - ccff8009-bc9c-45e1-9925-30de1c0d3a9d@group-AE8BA0B9126D: receive requestVote(ELECTION, 28725b92-7534-4808-bd3a-f7d426359eac, group-AE8BA0B9126D, 1, (t:0, i:0))
2022-06-27 16:54:22,889 [grpc-default-executor-0] INFO  impl.VoteContext (VoteContext.java:log(48)) - ccff8009-bc9c-45e1-9925-30de1c0d3a9d@group-AE8BA0B9126D-FOLLOWER: reject ELECTION from 28725b92-7534-4808-bd3a-f7d426359eac: our priority 1 > candidate's priority 0
2022-06-27 16:54:22,889 [grpc-default-executor-0] INFO  server.RaftServer$Division (RaftServerImpl.java:setRole(299)) - ccff8009-bc9c-45e1-9925-30de1c0d3a9d@group-AE8BA0B9126D: changes role from  FOLLOWER to FOLLOWER at term 1 for candidate:28725b92-7534-4808-bd3a-f7d426359eac
2022-06-27 16:54:22,889 [grpc-default-executor-0] INFO  impl.RoleInfo (RoleInfo.java:shutdownFollowerState(110)) - ccff8009-bc9c-45e1-9925-30de1c0d3a9d: shutdown ccff8009-bc9c-45e1-9925-30de1c0d3a9d@group-AE8BA0B9126D-FollowerState
2022-06-27 16:54:22,889 [grpc-default-executor-0] INFO  impl.RoleInfo (RoleInfo.java:updateAndGet(139)) - ccff8009-bc9c-45e1-9925-30de1c0d3a9d: start ccff8009-bc9c-45e1-9925-30de1c0d3a9d@group-AE8BA0B9126D-FollowerState
2022-06-27 16:54:22,889 [ccff8009-bc9c-45e1-9925-30de1c0d3a9d@group-AE8BA0B9126D-FollowerState] INFO  impl.FollowerState (FollowerState.java:run(152)) - ccff8009-bc9c-45e1-9925-30de1c0d3a9d@group-AE8BA0B9126D-FollowerState was interrupted
2022-06-27 16:54:22,896 [grpc-default-executor-0] INFO  server.RaftServer$Division (RaftServerImpl.java:requestVote(1184)) - ccff8009-bc9c-45e1-9925-30de1c0d3a9d@group-AE8BA0B9126D replies to ELECTION vote request: 28725b92-7534-4808-bd3a-f7d426359eac<-ccff8009-bc9c-45e1-9925-30de1c0d3a9d#0:FAIL-t1. Peer's state: ccff8009-bc9c-45e1-9925-30de1c0d3a9d@group-AE8BA0B9126D:t1, leader=null, voted=null, raftlog=ccff8009-bc9c-45e1-9925-30de1c0d3a9d@group-AE8BA0B9126D-SegmentedRaftLog:OPENED:c-1, conf=-1: [ccff8009-bc9c-45e1-9925-30de1c0d3a9d|rpc:10.1.0.22:41485|priority:1, 28725b92-7534-4808-bd3a-f7d426359eac|rpc:10.1.0.22:46711|priority:0, e149a773-6f80-4200-b489-f1fdfcbd08b4|rpc:10.1.0.22:46641|priority:0], old=null
2022-06-27 16:54:22,900 [28725b92-7534-4808-bd3a-f7d426359eac@group-AE8BA0B9126D-LeaderElection2] INFO  impl.LeaderElection (LeaderElection.java:logAndReturn(90)) - 28725b92-7534-4808-bd3a-f7d426359eac@group-AE8BA0B9126D-LeaderElection2: ELECTION REJECTED received 2 response(s) and 0 exception(s):
2022-06-27 16:54:22,901 [28725b92-7534-4808-bd3a-f7d426359eac@group-AE8BA0B9126D-LeaderElection2] INFO  impl.LeaderElection (LeaderElection.java:logAndReturn(94)) -   Response 0: 28725b92-7534-4808-bd3a-f7d426359eac<-ccff8009-bc9c-45e1-9925-30de1c0d3a9d#0:FAIL-t1
2022-06-27 16:54:22,901 [28725b92-7534-4808-bd3a-f7d426359eac@group-AE8BA0B9126D-LeaderElection2] INFO  impl.LeaderElection (LeaderElection.java:logAndReturn(94)) -   Response 1: 28725b92-7534-4808-bd3a-f7d426359eac<-e149a773-6f80-4200-b489-f1fdfcbd08b4#0:OK-t1
2022-06-27 16:54:22,901 [28725b92-7534-4808-bd3a-f7d426359eac@group-AE8BA0B9126D-LeaderElection2] INFO  impl.LeaderElection (LeaderElection.java:askForVotes(312)) - 28725b92-7534-4808-bd3a-f7d426359eac@group-AE8BA0B9126D-LeaderElection2 ELECTION round 0: result REJECTED
2022-06-27 16:54:22,901 [28725b92-7534-4808-bd3a-f7d426359eac@group-AE8BA0B9126D-LeaderElection2] INFO  server.RaftServer$Division (RaftServerImpl.java:setRole(299)) - 28725b92-7534-4808-bd3a-f7d426359eac@group-AE8BA0B9126D: changes role from CANDIDATE to FOLLOWER at term 1 for REJECTED
2022-06-27 16:54:22,901 [28725b92-7534-4808-bd3a-f7d426359eac@group-AE8BA0B9126D-LeaderElection2] INFO  impl.RoleInfo (RoleInfo.java:shutdownLeaderElection(130)) - 28725b92-7534-4808-bd3a-f7d426359eac: shutdown 28725b92-7534-4808-bd3a-f7d426359eac@group-AE8BA0B9126D-LeaderElection2
2022-06-27 16:54:22,901 [28725b92-7534-4808-bd3a-f7d426359eac@group-AE8BA0B9126D-LeaderElection2] INFO  impl.RoleInfo (RoleInfo.java:updateAndGet(139)) - 28725b92-7534-4808-bd3a-f7d426359eac: start 28725b92-7534-4808-bd3a-f7d426359eac@group-AE8BA0B9126D-FollowerState
2022-06-27 16:54:22,982 [28725b92-7534-4808-bd3a-f7d426359eac@group-EACB84F143A0-FollowerState] INFO  impl.FollowerState (FollowerState.java:run(143)) - 28725b92-7534-4808-bd3a-f7d426359eac@group-EACB84F143A0-FollowerState: change to CANDIDATE, lastRpcElapsedTime:5203726490ns, electionTimeout:5183ms
2022-06-27 16:54:22,983 [28725b92-7534-4808-bd3a-f7d426359eac@group-EACB84F143A0-FollowerState] INFO  impl.RoleInfo (RoleInfo.java:shutdownFollowerState(110)) - 28725b92-7534-4808-bd3a-f7d426359eac: shutdown 28725b92-7534-4808-bd3a-f7d426359eac@group-EACB84F143A0-FollowerState
2022-06-27 16:54:22,983 [28725b92-7534-4808-bd3a-f7d426359eac@group-EACB84F143A0-FollowerState] INFO  server.RaftServer$Division (RaftServerImpl.java:setRole(299)) - 28725b92-7534-4808-bd3a-f7d426359eac@group-EACB84F143A0: changes role from  FOLLOWER to CANDIDATE at term 0 for changeToCandidate
2022-06-27 16:54:22,983 [28725b92-7534-4808-bd3a-f7d426359eac@group-EACB84F143A0-FollowerState] INFO  server.RaftServerConfigKeys (ConfUtils.java:logGet(46)) - raft.server.leaderelection.pre-vote = false (custom)
2022-06-27 16:54:22,983 [28725b92-7534-4808-bd3a-f7d426359eac@group-EACB84F143A0-FollowerState] INFO  impl.RoleInfo (RoleInfo.java:updateAndGet(139)) - 28725b92-7534-4808-bd3a-f7d426359eac: start 28725b92-7534-4808-bd3a-f7d426359eac@group-EACB84F143A0-LeaderElection3
2022-06-27 16:54:22,985 [28725b92-7534-4808-bd3a-f7d426359eac@group-EACB84F143A0-LeaderElection3] INFO  impl.LeaderElection (LeaderElection.java:askForVotes(310)) - 28725b92-7534-4808-bd3a-f7d426359eac@group-EACB84F143A0-LeaderElection3 ELECTION round 0: submit vote requests at term 1 for -1: [28725b92-7534-4808-bd3a-f7d426359eac|rpc:10.1.0.22:46711|priority:1], old=null
2022-06-27 16:54:22,986 [28725b92-7534-4808-bd3a-f7d426359eac@group-EACB84F143A0-LeaderElection3] INFO  impl.LeaderElection (LeaderElection.java:askForVotes(312)) - 28725b92-7534-4808-bd3a-f7d426359eac@group-EACB84F143A0-LeaderElection3 ELECTION round 0: result PASSED (term=1)
2022-06-27 16:54:22,986 [28725b92-7534-4808-bd3a-f7d426359eac@group-EACB84F143A0-LeaderElection3] INFO  impl.RoleInfo (RoleInfo.java:shutdownLeaderElection(130)) - 28725b92-7534-4808-bd3a-f7d426359eac: shutdown 28725b92-7534-4808-bd3a-f7d426359eac@group-EACB84F143A0-LeaderElection3
2022-06-27 16:54:22,986 [28725b92-7534-4808-bd3a-f7d426359eac@group-EACB84F143A0-LeaderElection3] INFO  server.RaftServer$Division (RaftServerImpl.java:setRole(299)) - 28725b92-7534-4808-bd3a-f7d426359eac@group-EACB84F143A0: changes role from CANDIDATE to LEADER at term 1 for changeToLeader
2022-06-27 16:54:22,986 [28725b92-7534-4808-bd3a-f7d426359eac@group-EACB84F143A0-LeaderElection3] INFO  ratis.XceiverServerRatis (XceiverServerRatis.java:handleLeaderChangedNotification(863)) - Leader change notification received for group: group-EACB84F143A0 with new leaderId: 28725b92-7534-4808-bd3a-f7d426359eac
2022-06-27 16:54:22,986 [28725b92-7534-4808-bd3a-f7d426359eac@group-EACB84F143A0-LeaderElection3] INFO  server.RaftServer$Division (ServerState.java:setLeader(287)) - 28725b92-7534-4808-bd3a-f7d426359eac@group-EACB84F143A0: change Leader from null to 28725b92-7534-4808-bd3a-f7d426359eac at term 1 for becomeLeader, leader elected after 5214ms
2022-06-27 16:54:22,986 [28725b92-7534-4808-bd3a-f7d426359eac@group-EACB84F143A0-LeaderElection3] INFO  server.RaftServerConfigKeys (ConfUtils.java:logGet(46)) - raft.server.staging.catchup.gap = 1000 (default)
2022-06-27 16:54:22,987 [28725b92-7534-4808-bd3a-f7d426359eac@group-EACB84F143A0-LeaderElection3] INFO  server.RaftServerConfigKeys (ConfUtils.java:logGet(46)) - raft.server.write.element-limit = 1024 (custom)
2022-06-27 16:54:22,987 [28725b92-7534-4808-bd3a-f7d426359eac@group-EACB84F143A0-LeaderElection3] INFO  server.RaftServerConfigKeys (ConfUtils.java:logGet(46)) - raft.server.write.byte-limit = 1024 M (=1073741824) (custom)
2022-06-27 16:54:22,987 [28725b92-7534-4808-bd3a-f7d426359eac@group-EACB84F143A0-LeaderElection3] INFO  server.RaftServerConfigKeys (ConfUtils.java:logGet(46)) - raft.server.watch.timeout = 180s (custom)
2022-06-27 16:54:22,987 [28725b92-7534-4808-bd3a-f7d426359eac@group-EACB84F143A0-LeaderElection3] INFO  server.RaftServerConfigKeys (ConfUtils.java:logGet(46)) - raft.server.watch.timeout.denomination = 1s (default)
2022-06-27 16:54:22,987 [28725b92-7534-4808-bd3a-f7d426359eac@group-EACB84F143A0-LeaderElection3] INFO  server.RaftServerConfigKeys (ConfUtils.java:logGet(46)) - raft.server.watch.element-limit = 65536 (default)
2022-06-27 16:54:22,987 [28725b92-7534-4808-bd3a-f7d426359eac@group-EACB84F143A0-LeaderElection3] INFO  server.RaftServerConfigKeys (ConfUtils.java:logGet(46)) - raft.server.write.element-limit = 1024 (custom)
2022-06-27 16:54:22,987 [28725b92-7534-4808-bd3a-f7d426359eac@group-EACB84F143A0-LeaderElection3] INFO  server.RaftServerConfigKeys (ConfUtils.java:logGet(46)) - raft.server.write.follower.gap.ratio.max = -1.0 (default)
2022-06-27 16:54:22,987 [28725b92-7534-4808-bd3a-f7d426359eac@group-EACB84F143A0-LeaderElection3] INFO  impl.RoleInfo (RoleInfo.java:updateAndGet(139)) - 28725b92-7534-4808-bd3a-f7d426359eac: start 28725b92-7534-4808-bd3a-f7d426359eac@group-EACB84F143A0-LeaderStateImpl
2022-06-27 16:54:22,988 [28725b92-7534-4808-bd3a-f7d426359eac@group-EACB84F143A0-LeaderElection3] INFO  segmented.SegmentedRaftLogWorker (SegmentedRaftLogWorker.java:startLogSegment(425)) - 28725b92-7534-4808-bd3a-f7d426359eac@group-EACB84F143A0-SegmentedRaftLogWorker: Starting segment from index:0
2022-06-27 16:54:22,989 [EventQueue-OpenPipelineForHealthyPipelineSafeModeRule] INFO  safemode.SCMSafeModeManager (HealthyPipelineSafeModeRule.java:process(124)) - SCM in safe mode. Healthy pipelines reported count is 0, required healthy pipeline reported count is 1
2022-06-27 16:54:22,989 [28725b92-7534-4808-bd3a-f7d426359eac@group-EACB84F143A0-SegmentedRaftLogWorker] INFO  segmented.SegmentedRaftLogWorker (SegmentedRaftLogWorker.java:execute(629)) - 28725b92-7534-4808-bd3a-f7d426359eac@group-EACB84F143A0-SegmentedRaftLogWorker: created new log segment /home/runner/work/ozone/ozone/hadoop-ozone/integration-test/target/test-dir/MiniOzoneClusterImpl-4b25a9da-6f8d-4450-a121-db50b250e675/datanode-0/data/ratis/f90eb72e-7063-44fa-8868-eacb84f143a0/current/log_inprogress_0
2022-06-27 16:54:22,993 [28725b92-7534-4808-bd3a-f7d426359eac@group-EACB84F143A0-LeaderElection3] INFO  server.RaftServer$Division (ServerState.java:setRaftConf(393)) - 28725b92-7534-4808-bd3a-f7d426359eac@group-EACB84F143A0: set configuration 0: [28725b92-7534-4808-bd3a-f7d426359eac|rpc:10.1.0.22:46711|dataStream:|priority:1], old=null
2022-06-27 16:54:23,058 [Listener at 127.0.0.1/44473] INFO  ozone.MiniOzoneClusterImpl (MiniOzoneClusterImpl.java:lambda$waitForClusterToBeReady$0(223)) - Nodes are ready. Got 5 of 5 DN Heartbeats.
2022-06-27 16:54:23,058 [Listener at 127.0.0.1/44473] INFO  ozone.MiniOzoneClusterImpl (MiniOzoneClusterImpl.java:lambda$waitForClusterToBeReady$0(226)) - Waiting for cluster to exit safe mode
2022-06-27 16:54:23,058 [Listener at 127.0.0.1/44473] INFO  ozone.MiniOzoneClusterImpl (MiniOzoneClusterImpl.java:lambda$waitForClusterToBeReady$0(228)) - SCM became leader
2022-06-27 16:54:23,387 [ccff8009-bc9c-45e1-9925-30de1c0d3a9d@group-838A1B189DBB-FollowerState] INFO  impl.FollowerState (FollowerState.java:run(143)) - ccff8009-bc9c-45e1-9925-30de1c0d3a9d@group-838A1B189DBB-FollowerState: change to CANDIDATE, lastRpcElapsedTime:5153426823ns, electionTimeout:5153ms
2022-06-27 16:54:23,387 [ccff8009-bc9c-45e1-9925-30de1c0d3a9d@group-838A1B189DBB-FollowerState] INFO  impl.RoleInfo (RoleInfo.java:shutdownFollowerState(110)) - ccff8009-bc9c-45e1-9925-30de1c0d3a9d: shutdown ccff8009-bc9c-45e1-9925-30de1c0d3a9d@group-838A1B189DBB-FollowerState
2022-06-27 16:54:23,387 [ccff8009-bc9c-45e1-9925-30de1c0d3a9d@group-838A1B189DBB-FollowerState] INFO  server.RaftServer$Division (RaftServerImpl.java:setRole(299)) - ccff8009-bc9c-45e1-9925-30de1c0d3a9d@group-838A1B189DBB: changes role from  FOLLOWER to CANDIDATE at term 0 for changeToCandidate
2022-06-27 16:54:23,387 [ccff8009-bc9c-45e1-9925-30de1c0d3a9d@group-838A1B189DBB-FollowerState] INFO  server.RaftServerConfigKeys (ConfUtils.java:logGet(46)) - raft.server.leaderelection.pre-vote = false (custom)
2022-06-27 16:54:23,388 [ccff8009-bc9c-45e1-9925-30de1c0d3a9d@group-838A1B189DBB-FollowerState] INFO  impl.RoleInfo (RoleInfo.java:updateAndGet(139)) - ccff8009-bc9c-45e1-9925-30de1c0d3a9d: start ccff8009-bc9c-45e1-9925-30de1c0d3a9d@group-838A1B189DBB-LeaderElection4
2022-06-27 16:54:23,395 [ccff8009-bc9c-45e1-9925-30de1c0d3a9d@group-838A1B189DBB-LeaderElection4] INFO  impl.LeaderElection (LeaderElection.java:askForVotes(310)) - ccff8009-bc9c-45e1-9925-30de1c0d3a9d@group-838A1B189DBB-LeaderElection4 ELECTION round 0: submit vote requests at term 1 for -1: [ccff8009-bc9c-45e1-9925-30de1c0d3a9d|rpc:10.1.0.22:41485|priority:1], old=null
2022-06-27 16:54:23,395 [ccff8009-bc9c-45e1-9925-30de1c0d3a9d@group-838A1B189DBB-LeaderElection4] INFO  impl.LeaderElection (LeaderElection.java:askForVotes(312)) - ccff8009-bc9c-45e1-9925-30de1c0d3a9d@group-838A1B189DBB-LeaderElection4 ELECTION round 0: result PASSED (term=1)
2022-06-27 16:54:23,395 [ccff8009-bc9c-45e1-9925-30de1c0d3a9d@group-838A1B189DBB-LeaderElection4] INFO  impl.RoleInfo (RoleInfo.java:shutdownLeaderElection(130)) - ccff8009-bc9c-45e1-9925-30de1c0d3a9d: shutdown ccff8009-bc9c-45e1-9925-30de1c0d3a9d@group-838A1B189DBB-LeaderElection4
2022-06-27 16:54:23,395 [ccff8009-bc9c-45e1-9925-30de1c0d3a9d@group-838A1B189DBB-LeaderElection4] INFO  server.RaftServer$Division (RaftServerImpl.java:setRole(299)) - ccff8009-bc9c-45e1-9925-30de1c0d3a9d@group-838A1B189DBB: changes role from CANDIDATE to LEADER at term 1 for changeToLeader
2022-06-27 16:54:23,395 [ccff8009-bc9c-45e1-9925-30de1c0d3a9d@group-838A1B189DBB-LeaderElection4] INFO  ratis.XceiverServerRatis (XceiverServerRatis.java:handleLeaderChangedNotification(863)) - Leader change notification received for group: group-838A1B189DBB with new leaderId: ccff8009-bc9c-45e1-9925-30de1c0d3a9d
2022-06-27 16:54:23,396 [ccff8009-bc9c-45e1-9925-30de1c0d3a9d@group-838A1B189DBB-LeaderElection4] INFO  server.RaftServer$Division (ServerState.java:setLeader(287)) - ccff8009-bc9c-45e1-9925-30de1c0d3a9d@group-838A1B189DBB: change Leader from null to ccff8009-bc9c-45e1-9925-30de1c0d3a9d at term 1 for becomeLeader, leader elected after 5177ms
2022-06-27 16:54:23,396 [ccff8009-bc9c-45e1-9925-30de1c0d3a9d@group-838A1B189DBB-LeaderElection4] INFO  server.RaftServerConfigKeys (ConfUtils.java:logGet(46)) - raft.server.staging.catchup.gap = 1000 (default)
2022-06-27 16:54:23,397 [ccff8009-bc9c-45e1-9925-30de1c0d3a9d@group-838A1B189DBB-LeaderElection4] INFO  server.RaftServerConfigKeys (ConfUtils.java:logGet(46)) - raft.server.write.element-limit = 1024 (custom)
2022-06-27 16:54:23,397 [ccff8009-bc9c-45e1-9925-30de1c0d3a9d@group-838A1B189DBB-LeaderElection4] INFO  server.RaftServerConfigKeys (ConfUtils.java:logGet(46)) - raft.server.write.byte-limit = 1024 M (=1073741824) (custom)
2022-06-27 16:54:23,397 [ccff8009-bc9c-45e1-9925-30de1c0d3a9d@group-838A1B189DBB-LeaderElection4] INFO  server.RaftServerConfigKeys (ConfUtils.java:logGet(46)) - raft.server.watch.timeout = 180s (custom)
2022-06-27 16:54:23,397 [ccff8009-bc9c-45e1-9925-30de1c0d3a9d@group-838A1B189DBB-LeaderElection4] INFO  server.RaftServerConfigKeys (ConfUtils.java:logGet(46)) - raft.server.watch.timeout.denomination = 1s (default)
2022-06-27 16:54:23,397 [ccff8009-bc9c-45e1-9925-30de1c0d3a9d@group-838A1B189DBB-LeaderElection4] INFO  server.RaftServerConfigKeys (ConfUtils.java:logGet(46)) - raft.server.watch.element-limit = 65536 (default)
2022-06-27 16:54:23,397 [EventQueue-OpenPipelineForHealthyPipelineSafeModeRule] INFO  safemode.SCMSafeModeManager (HealthyPipelineSafeModeRule.java:process(124)) - SCM in safe mode. Healthy pipelines reported count is 0, required healthy pipeline reported count is 1
2022-06-27 16:54:23,397 [ccff8009-bc9c-45e1-9925-30de1c0d3a9d@group-838A1B189DBB-LeaderElection4] INFO  server.RaftServerConfigKeys (ConfUtils.java:logGet(46)) - raft.server.write.element-limit = 1024 (custom)
2022-06-27 16:54:23,397 [ccff8009-bc9c-45e1-9925-30de1c0d3a9d@group-838A1B189DBB-LeaderElection4] INFO  server.RaftServerConfigKeys (ConfUtils.java:logGet(46)) - raft.server.write.follower.gap.ratio.max = -1.0 (default)
2022-06-27 16:54:23,398 [ccff8009-bc9c-45e1-9925-30de1c0d3a9d@group-838A1B189DBB-LeaderElection4] INFO  impl.RoleInfo (RoleInfo.java:updateAndGet(139)) - ccff8009-bc9c-45e1-9925-30de1c0d3a9d: start ccff8009-bc9c-45e1-9925-30de1c0d3a9d@group-838A1B189DBB-LeaderStateImpl
2022-06-27 16:54:23,398 [ccff8009-bc9c-45e1-9925-30de1c0d3a9d@group-838A1B189DBB-LeaderElection4] INFO  segmented.SegmentedRaftLogWorker (SegmentedRaftLogWorker.java:startLogSegment(425)) - ccff8009-bc9c-45e1-9925-30de1c0d3a9d@group-838A1B189DBB-SegmentedRaftLogWorker: Starting segment from index:0
2022-06-27 16:54:23,399 [ccff8009-bc9c-45e1-9925-30de1c0d3a9d@group-838A1B189DBB-SegmentedRaftLogWorker] INFO  segmented.SegmentedRaftLogWorker (SegmentedRaftLogWorker.java:execute(629)) - ccff8009-bc9c-45e1-9925-30de1c0d3a9d@group-838A1B189DBB-SegmentedRaftLogWorker: created new log segment /home/runner/work/ozone/ozone/hadoop-ozone/integration-test/target/test-dir/MiniOzoneClusterImpl-4b25a9da-6f8d-4450-a121-db50b250e675/datanode-1/data/ratis/40ca3563-3a4f-4d3f-99a0-838a1b189dbb/current/log_inprogress_0
2022-06-27 16:54:23,400 [ccff8009-bc9c-45e1-9925-30de1c0d3a9d@group-838A1B189DBB-LeaderElection4] INFO  server.RaftServer$Division (ServerState.java:setRaftConf(393)) - ccff8009-bc9c-45e1-9925-30de1c0d3a9d@group-838A1B189DBB: set configuration 0: [ccff8009-bc9c-45e1-9925-30de1c0d3a9d|rpc:10.1.0.22:41485|dataStream:|priority:1], old=null
2022-06-27 16:54:23,501 [e149a773-6f80-4200-b489-f1fdfcbd08b4@group-5BB585D3C23E-FollowerState] INFO  impl.FollowerState (FollowerState.java:run(143)) - e149a773-6f80-4200-b489-f1fdfcbd08b4@group-5BB585D3C23E-FollowerState: change to CANDIDATE, lastRpcElapsedTime:5008916254ns, electionTimeout:5008ms
2022-06-27 16:54:23,501 [e149a773-6f80-4200-b489-f1fdfcbd08b4@group-5BB585D3C23E-FollowerState] INFO  impl.RoleInfo (RoleInfo.java:shutdownFollowerState(110)) - e149a773-6f80-4200-b489-f1fdfcbd08b4: shutdown e149a773-6f80-4200-b489-f1fdfcbd08b4@group-5BB585D3C23E-FollowerState
2022-06-27 16:54:23,501 [e149a773-6f80-4200-b489-f1fdfcbd08b4@group-5BB585D3C23E-FollowerState] INFO  server.RaftServer$Division (RaftServerImpl.java:setRole(299)) - e149a773-6f80-4200-b489-f1fdfcbd08b4@group-5BB585D3C23E: changes role from  FOLLOWER to CANDIDATE at term 0 for changeToCandidate
2022-06-27 16:54:23,501 [e149a773-6f80-4200-b489-f1fdfcbd08b4@group-5BB585D3C23E-FollowerState] INFO  server.RaftServerConfigKeys (ConfUtils.java:logGet(46)) - raft.server.leaderelection.pre-vote = false (custom)
2022-06-27 16:54:23,501 [e149a773-6f80-4200-b489-f1fdfcbd08b4@group-5BB585D3C23E-FollowerState] INFO  impl.RoleInfo (RoleInfo.java:updateAndGet(139)) - e149a773-6f80-4200-b489-f1fdfcbd08b4: start e149a773-6f80-4200-b489-f1fdfcbd08b4@group-5BB585D3C23E-LeaderElection5
2022-06-27 16:54:23,504 [e149a773-6f80-4200-b489-f1fdfcbd08b4@group-5BB585D3C23E-LeaderElection5] INFO  impl.LeaderElection (LeaderElection.java:askForVotes(310)) - e149a773-6f80-4200-b489-f1fdfcbd08b4@group-5BB585D3C23E-LeaderElection5 ELECTION round 0: submit vote requests at term 1 for -1: [e149a773-6f80-4200-b489-f1fdfcbd08b4|rpc:10.1.0.22:46641|priority:1], old=null
2022-06-27 16:54:23,504 [e149a773-6f80-4200-b489-f1fdfcbd08b4@group-5BB585D3C23E-LeaderElection5] INFO  impl.LeaderElection (LeaderElection.java:askForVotes(312)) - e149a773-6f80-4200-b489-f1fdfcbd08b4@group-5BB585D3C23E-LeaderElection5 ELECTION round 0: result PASSED (term=1)
2022-06-27 16:54:23,504 [e149a773-6f80-4200-b489-f1fdfcbd08b4@group-5BB585D3C23E-LeaderElection5] INFO  impl.RoleInfo (RoleInfo.java:shutdownLeaderElection(130)) - e149a773-6f80-4200-b489-f1fdfcbd08b4: shutdown e149a773-6f80-4200-b489-f1fdfcbd08b4@group-5BB585D3C23E-LeaderElection5
2022-06-27 16:54:23,504 [e149a773-6f80-4200-b489-f1fdfcbd08b4@group-5BB585D3C23E-LeaderElection5] INFO  server.RaftServer$Division (RaftServerImpl.java:setRole(299)) - e149a773-6f80-4200-b489-f1fdfcbd08b4@group-5BB585D3C23E: changes role from CANDIDATE to LEADER at term 1 for changeToLeader
2022-06-27 16:54:23,504 [e149a773-6f80-4200-b489-f1fdfcbd08b4@group-5BB585D3C23E-LeaderElection5] INFO  ratis.XceiverServerRatis (XceiverServerRatis.java:handleLeaderChangedNotification(863)) - Leader change notification received for group: group-5BB585D3C23E with new leaderId: e149a773-6f80-4200-b489-f1fdfcbd08b4
2022-06-27 16:54:23,505 [e149a773-6f80-4200-b489-f1fdfcbd08b4@group-5BB585D3C23E-LeaderElection5] INFO  server.RaftServer$Division (ServerState.java:setLeader(287)) - e149a773-6f80-4200-b489-f1fdfcbd08b4@group-5BB585D3C23E: change Leader from null to e149a773-6f80-4200-b489-f1fdfcbd08b4 at term 1 for becomeLeader, leader elected after 5023ms
2022-06-27 16:54:23,505 [e149a773-6f80-4200-b489-f1fdfcbd08b4@group-5BB585D3C23E-LeaderElection5] INFO  server.RaftServerConfigKeys (ConfUtils.java:logGet(46)) - raft.server.staging.catchup.gap = 1000 (default)
2022-06-27 16:54:23,507 [EventQueue-OpenPipelineForHealthyPipelineSafeModeRule] INFO  safemode.SCMSafeModeManager (HealthyPipelineSafeModeRule.java:process(124)) - SCM in safe mode. Healthy pipelines reported count is 0, required healthy pipeline reported count is 1
2022-06-27 16:54:23,508 [e149a773-6f80-4200-b489-f1fdfcbd08b4@group-5BB585D3C23E-LeaderElection5] INFO  server.RaftServerConfigKeys (ConfUtils.java:logGet(46)) - raft.server.write.element-limit = 1024 (custom)
2022-06-27 16:54:23,508 [e149a773-6f80-4200-b489-f1fdfcbd08b4@group-5BB585D3C23E-LeaderElection5] INFO  server.RaftServerConfigKeys (ConfUtils.java:logGet(46)) - raft.server.write.byte-limit = 1024 M (=1073741824) (custom)
2022-06-27 16:54:23,508 [e149a773-6f80-4200-b489-f1fdfcbd08b4@group-5BB585D3C23E-LeaderElection5] INFO  server.RaftServerConfigKeys (ConfUtils.java:logGet(46)) - raft.server.watch.timeout = 180s (custom)
2022-06-27 16:54:23,508 [e149a773-6f80-4200-b489-f1fdfcbd08b4@group-5BB585D3C23E-LeaderElection5] INFO  server.RaftServerConfigKeys (ConfUtils.java:logGet(46)) - raft.server.watch.timeout.denomination = 1s (default)
2022-06-27 16:54:23,508 [e149a773-6f80-4200-b489-f1fdfcbd08b4@group-5BB585D3C23E-LeaderElection5] INFO  server.RaftServerConfigKeys (ConfUtils.java:logGet(46)) - raft.server.watch.element-limit = 65536 (default)
2022-06-27 16:54:23,509 [e149a773-6f80-4200-b489-f1fdfcbd08b4@group-5BB585D3C23E-LeaderElection5] INFO  server.RaftServerConfigKeys (ConfUtils.java:logGet(46)) - raft.server.write.element-limit = 1024 (custom)
2022-06-27 16:54:23,509 [e149a773-6f80-4200-b489-f1fdfcbd08b4@group-5BB585D3C23E-LeaderElection5] INFO  server.RaftServerConfigKeys (ConfUtils.java:logGet(46)) - raft.server.write.follower.gap.ratio.max = -1.0 (default)
2022-06-27 16:54:23,509 [e149a773-6f80-4200-b489-f1fdfcbd08b4@group-5BB585D3C23E-LeaderElection5] INFO  impl.RoleInfo (RoleInfo.java:updateAndGet(139)) - e149a773-6f80-4200-b489-f1fdfcbd08b4: start e149a773-6f80-4200-b489-f1fdfcbd08b4@group-5BB585D3C23E-LeaderStateImpl
2022-06-27 16:54:23,509 [e149a773-6f80-4200-b489-f1fdfcbd08b4@group-5BB585D3C23E-LeaderElection5] INFO  segmented.SegmentedRaftLogWorker (SegmentedRaftLogWorker.java:startLogSegment(425)) - e149a773-6f80-4200-b489-f1fdfcbd08b4@group-5BB585D3C23E-SegmentedRaftLogWorker: Starting segment from index:0
2022-06-27 16:54:23,510 [e149a773-6f80-4200-b489-f1fdfcbd08b4@group-5BB585D3C23E-LeaderElection5] INFO  server.RaftServer$Division (ServerState.java:setRaftConf(393)) - e149a773-6f80-4200-b489-f1fdfcbd08b4@group-5BB585D3C23E: set configuration 0: [e149a773-6f80-4200-b489-f1fdfcbd08b4|rpc:10.1.0.22:46641|dataStream:|priority:1], old=null
2022-06-27 16:54:23,511 [e149a773-6f80-4200-b489-f1fdfcbd08b4@group-5BB585D3C23E-SegmentedRaftLogWorker] INFO  segmented.SegmentedRaftLogWorker (SegmentedRaftLogWorker.java:execute(629)) - e149a773-6f80-4200-b489-f1fdfcbd08b4@group-5BB585D3C23E-SegmentedRaftLogWorker: created new log segment /home/runner/work/ozone/ozone/hadoop-ozone/integration-test/target/test-dir/MiniOzoneClusterImpl-4b25a9da-6f8d-4450-a121-db50b250e675/datanode-2/data/ratis/babad58b-0d43-4c7b-b14d-5bb585d3c23e/current/log_inprogress_0
2022-06-27 16:54:23,519 [ccff8009-bc9c-45e1-9925-30de1c0d3a9d@group-4F5B199DD27A-FollowerState] INFO  impl.FollowerState (FollowerState.java:run(143)) - ccff8009-bc9c-45e1-9925-30de1c0d3a9d@group-4F5B199DD27A-FollowerState: change to CANDIDATE, lastRpcElapsedTime:5044604039ns, electionTimeout:5042ms
2022-06-27 16:54:23,519 [ccff8009-bc9c-45e1-9925-30de1c0d3a9d@group-4F5B199DD27A-FollowerState] INFO  impl.RoleInfo (RoleInfo.java:shutdownFollowerState(110)) - ccff8009-bc9c-45e1-9925-30de1c0d3a9d: shutdown ccff8009-bc9c-45e1-9925-30de1c0d3a9d@group-4F5B199DD27A-FollowerState
2022-06-27 16:54:23,519 [ccff8009-bc9c-45e1-9925-30de1c0d3a9d@group-4F5B199DD27A-FollowerState] INFO  server.RaftServer$Division (RaftServerImpl.java:setRole(299)) - ccff8009-bc9c-45e1-9925-30de1c0d3a9d@group-4F5B199DD27A: changes role from  FOLLOWER to CANDIDATE at term 0 for changeToCandidate
2022-06-27 16:54:23,519 [ccff8009-bc9c-45e1-9925-30de1c0d3a9d@group-4F5B199DD27A-FollowerState] INFO  server.RaftServerConfigKeys (ConfUtils.java:logGet(46)) - raft.server.leaderelection.pre-vote = false (custom)
2022-06-27 16:54:23,519 [ccff8009-bc9c-45e1-9925-30de1c0d3a9d@group-4F5B199DD27A-FollowerState] INFO  impl.RoleInfo (RoleInfo.java:updateAndGet(139)) - ccff8009-bc9c-45e1-9925-30de1c0d3a9d: start ccff8009-bc9c-45e1-9925-30de1c0d3a9d@group-4F5B199DD27A-LeaderElection6
2022-06-27 16:54:23,521 [ccff8009-bc9c-45e1-9925-30de1c0d3a9d@group-4F5B199DD27A-LeaderElection6] INFO  impl.LeaderElection (LeaderElection.java:askForVotes(310)) - ccff8009-bc9c-45e1-9925-30de1c0d3a9d@group-4F5B199DD27A-LeaderElection6 ELECTION round 0: submit vote requests at term 1 for -1: [ccff8009-bc9c-45e1-9925-30de1c0d3a9d|rpc:10.1.0.22:41485|priority:0, 28725b92-7534-4808-bd3a-f7d426359eac|rpc:10.1.0.22:46711|priority:0, e149a773-6f80-4200-b489-f1fdfcbd08b4|rpc:10.1.0.22:46641|priority:1], old=null
2022-06-27 16:54:23,538 [grpc-default-executor-0] INFO  server.RaftServer$Division (RaftServerImpl.java:requestVote(1152)) - 28725b92-7534-4808-bd3a-f7d426359eac@group-4F5B199DD27A: receive requestVote(ELECTION, ccff8009-bc9c-45e1-9925-30de1c0d3a9d, group-4F5B199DD27A, 1, (t:0, i:0))
2022-06-27 16:54:23,539 [grpc-default-executor-1] INFO  server.RaftServer$Division (RaftServerImpl.java:requestVote(1152)) - e149a773-6f80-4200-b489-f1fdfcbd08b4@group-4F5B199DD27A: receive requestVote(ELECTION, ccff8009-bc9c-45e1-9925-30de1c0d3a9d, group-4F5B199DD27A, 1, (t:0, i:0))
2022-06-27 16:54:23,539 [grpc-default-executor-0] INFO  impl.VoteContext (VoteContext.java:log(48)) - 28725b92-7534-4808-bd3a-f7d426359eac@group-4F5B199DD27A-FOLLOWER: accept ELECTION from ccff8009-bc9c-45e1-9925-30de1c0d3a9d: our priority 0 <= candidate's priority 0
2022-06-27 16:54:23,539 [grpc-default-executor-1] INFO  impl.VoteContext (VoteContext.java:log(48)) - e149a773-6f80-4200-b489-f1fdfcbd08b4@group-4F5B199DD27A-FOLLOWER: reject ELECTION from ccff8009-bc9c-45e1-9925-30de1c0d3a9d: our priority 1 > candidate's priority 0
2022-06-27 16:54:23,539 [grpc-default-executor-0] INFO  server.RaftServer$Division (RaftServerImpl.java:setRole(299)) - 28725b92-7534-4808-bd3a-f7d426359eac@group-4F5B199DD27A: changes role from  FOLLOWER to FOLLOWER at term 1 for candidate:ccff8009-bc9c-45e1-9925-30de1c0d3a9d
2022-06-27 16:54:23,539 [grpc-default-executor-0] INFO  impl.RoleInfo (RoleInfo.java:shutdownFollowerState(110)) - 28725b92-7534-4808-bd3a-f7d426359eac: shutdown 28725b92-7534-4808-bd3a-f7d426359eac@group-4F5B199DD27A-FollowerState
2022-06-27 16:54:23,539 [grpc-default-executor-0] INFO  impl.RoleInfo (RoleInfo.java:updateAndGet(139)) - 28725b92-7534-4808-bd3a-f7d426359eac: start 28725b92-7534-4808-bd3a-f7d426359eac@group-4F5B199DD27A-FollowerState
2022-06-27 16:54:23,539 [28725b92-7534-4808-bd3a-f7d426359eac@group-4F5B199DD27A-FollowerState] INFO  impl.FollowerState (FollowerState.java:run(152)) - 28725b92-7534-4808-bd3a-f7d426359eac@group-4F5B199DD27A-FollowerState was interrupted
2022-06-27 16:54:23,539 [grpc-default-executor-1] INFO  server.RaftServer$Division (RaftServerImpl.java:setRole(299)) - e149a773-6f80-4200-b489-f1fdfcbd08b4@group-4F5B199DD27A: changes role from  FOLLOWER to FOLLOWER at term 1 for candidate:ccff8009-bc9c-45e1-9925-30de1c0d3a9d
2022-06-27 16:54:23,539 [grpc-default-executor-1] INFO  impl.RoleInfo (RoleInfo.java:shutdownFollowerState(110)) - e149a773-6f80-4200-b489-f1fdfcbd08b4: shutdown e149a773-6f80-4200-b489-f1fdfcbd08b4@group-4F5B199DD27A-FollowerState
2022-06-27 16:54:23,540 [grpc-default-executor-1] INFO  impl.RoleInfo (RoleInfo.java:updateAndGet(139)) - e149a773-6f80-4200-b489-f1fdfcbd08b4: start e149a773-6f80-4200-b489-f1fdfcbd08b4@group-4F5B199DD27A-FollowerState
2022-06-27 16:54:23,540 [e149a773-6f80-4200-b489-f1fdfcbd08b4@group-4F5B199DD27A-FollowerState] INFO  impl.FollowerState (FollowerState.java:run(152)) - e149a773-6f80-4200-b489-f1fdfcbd08b4@group-4F5B199DD27A-FollowerState was interrupted
2022-06-27 16:54:23,545 [grpc-default-executor-0] INFO  server.RaftServer$Division (RaftServerImpl.java:requestVote(1184)) - 28725b92-7534-4808-bd3a-f7d426359eac@group-4F5B199DD27A replies to ELECTION vote request: ccff8009-bc9c-45e1-9925-30de1c0d3a9d<-28725b92-7534-4808-bd3a-f7d426359eac#0:OK-t1. Peer's state: 28725b92-7534-4808-bd3a-f7d426359eac@group-4F5B199DD27A:t1, leader=null, voted=ccff8009-bc9c-45e1-9925-30de1c0d3a9d, raftlog=28725b92-7534-4808-bd3a-f7d426359eac@group-4F5B199DD27A-SegmentedRaftLog:OPENED:c-1, conf=-1: [ccff8009-bc9c-45e1-9925-30de1c0d3a9d|rpc:10.1.0.22:41485|priority:0, 28725b92-7534-4808-bd3a-f7d426359eac|rpc:10.1.0.22:46711|priority:0, e149a773-6f80-4200-b489-f1fdfcbd08b4|rpc:10.1.0.22:46641|priority:1], old=null
2022-06-27 16:54:23,546 [grpc-default-executor-1] INFO  server.RaftServer$Division (RaftServerImpl.java:requestVote(1184)) - e149a773-6f80-4200-b489-f1fdfcbd08b4@group-4F5B199DD27A replies to ELECTION vote request: ccff8009-bc9c-45e1-9925-30de1c0d3a9d<-e149a773-6f80-4200-b489-f1fdfcbd08b4#0:FAIL-t1. Peer's state: e149a773-6f80-4200-b489-f1fdfcbd08b4@group-4F5B199DD27A:t1, leader=null, voted=null, raftlog=e149a773-6f80-4200-b489-f1fdfcbd08b4@group-4F5B199DD27A-SegmentedRaftLog:OPENED:c-1, conf=-1: [ccff8009-bc9c-45e1-9925-30de1c0d3a9d|rpc:10.1.0.22:41485|priority:0, 28725b92-7534-4808-bd3a-f7d426359eac|rpc:10.1.0.22:46711|priority:0, e149a773-6f80-4200-b489-f1fdfcbd08b4|rpc:10.1.0.22:46641|priority:1], old=null
2022-06-27 16:54:23,549 [ccff8009-bc9c-45e1-9925-30de1c0d3a9d@group-4F5B199DD27A-LeaderElection6] INFO  impl.LeaderElection (LeaderElection.java:logAndReturn(90)) - ccff8009-bc9c-45e1-9925-30de1c0d3a9d@group-4F5B199DD27A-LeaderElection6: ELECTION REJECTED received 2 response(s) and 0 exception(s):
2022-06-27 16:54:23,549 [ccff8009-bc9c-45e1-9925-30de1c0d3a9d@group-4F5B199DD27A-LeaderElection6] INFO  impl.LeaderElection (LeaderElection.java:logAndReturn(94)) -   Response 0: ccff8009-bc9c-45e1-9925-30de1c0d3a9d<-28725b92-7534-4808-bd3a-f7d426359eac#0:OK-t1
2022-06-27 16:54:23,549 [ccff8009-bc9c-45e1-9925-30de1c0d3a9d@group-4F5B199DD27A-LeaderElection6] INFO  impl.LeaderElection (LeaderElection.java:logAndReturn(94)) -   Response 1: ccff8009-bc9c-45e1-9925-30de1c0d3a9d<-e149a773-6f80-4200-b489-f1fdfcbd08b4#0:FAIL-t1
2022-06-27 16:54:23,550 [ccff8009-bc9c-45e1-9925-30de1c0d3a9d@group-4F5B199DD27A-LeaderElection6] INFO  impl.LeaderElection (LeaderElection.java:askForVotes(312)) - ccff8009-bc9c-45e1-9925-30de1c0d3a9d@group-4F5B199DD27A-LeaderElection6 ELECTION round 0: result REJECTED
2022-06-27 16:54:23,550 [ccff8009-bc9c-45e1-9925-30de1c0d3a9d@group-4F5B199DD27A-LeaderElection6] INFO  server.RaftServer$Division (RaftServerImpl.java:setRole(299)) - ccff8009-bc9c-45e1-9925-30de1c0d3a9d@group-4F5B199DD27A: changes role from CANDIDATE to FOLLOWER at term 1 for REJECTED
2022-06-27 16:54:23,550 [ccff8009-bc9c-45e1-9925-30de1c0d3a9d@group-4F5B199DD27A-LeaderElection6] INFO  impl.RoleInfo (RoleInfo.java:shutdownLeaderElection(130)) - ccff8009-bc9c-45e1-9925-30de1c0d3a9d: shutdown ccff8009-bc9c-45e1-9925-30de1c0d3a9d@group-4F5B199DD27A-LeaderElection6
2022-06-27 16:54:23,550 [ccff8009-bc9c-45e1-9925-30de1c0d3a9d@group-4F5B199DD27A-LeaderElection6] INFO  impl.RoleInfo (RoleInfo.java:updateAndGet(139)) - ccff8009-bc9c-45e1-9925-30de1c0d3a9d: start ccff8009-bc9c-45e1-9925-30de1c0d3a9d@group-4F5B199DD27A-FollowerState
2022-06-27 16:54:23,805 [d2418c64-8d9c-434b-8e38-d723d14cbfaf@group-55D38D95D65A-FollowerState] INFO  impl.FollowerState (FollowerState.java:run(143)) - d2418c64-8d9c-434b-8e38-d723d14cbfaf@group-55D38D95D65A-FollowerState: change to CANDIDATE, lastRpcElapsedTime:5022631786ns, electionTimeout:5018ms
2022-06-27 16:54:23,806 [d2418c64-8d9c-434b-8e38-d723d14cbfaf@group-55D38D95D65A-FollowerState] INFO  impl.RoleInfo (RoleInfo.java:shutdownFollowerState(110)) - d2418c64-8d9c-434b-8e38-d723d14cbfaf: shutdown d2418c64-8d9c-434b-8e38-d723d14cbfaf@group-55D38D95D65A-FollowerState
2022-06-27 16:54:23,806 [d2418c64-8d9c-434b-8e38-d723d14cbfaf@group-55D38D95D65A-FollowerState] INFO  server.RaftServer$Division (RaftServerImpl.java:setRole(299)) - d2418c64-8d9c-434b-8e38-d723d14cbfaf@group-55D38D95D65A: changes role from  FOLLOWER to CANDIDATE at term 0 for changeToCandidate
2022-06-27 16:54:23,806 [d2418c64-8d9c-434b-8e38-d723d14cbfaf@group-55D38D95D65A-FollowerState] INFO  server.RaftServerConfigKeys (ConfUtils.java:logGet(46)) - raft.server.leaderelection.pre-vote = false (custom)
2022-06-27 16:54:23,806 [d2418c64-8d9c-434b-8e38-d723d14cbfaf@group-55D38D95D65A-FollowerState] INFO  impl.RoleInfo (RoleInfo.java:updateAndGet(139)) - d2418c64-8d9c-434b-8e38-d723d14cbfaf: start d2418c64-8d9c-434b-8e38-d723d14cbfaf@group-55D38D95D65A-LeaderElection7
2022-06-27 16:54:23,808 [d2418c64-8d9c-434b-8e38-d723d14cbfaf@group-55D38D95D65A-LeaderElection7] INFO  impl.LeaderElection (LeaderElection.java:askForVotes(310)) - d2418c64-8d9c-434b-8e38-d723d14cbfaf@group-55D38D95D65A-LeaderElection7 ELECTION round 0: submit vote requests at term 1 for -1: [d2418c64-8d9c-434b-8e38-d723d14cbfaf|rpc:10.1.0.22:35023|priority:1], old=null
2022-06-27 16:54:23,809 [d2418c64-8d9c-434b-8e38-d723d14cbfaf@group-55D38D95D65A-LeaderElection7] INFO  impl.LeaderElection (LeaderElection.java:askForVotes(312)) - d2418c64-8d9c-434b-8e38-d723d14cbfaf@group-55D38D95D65A-LeaderElection7 ELECTION round 0: result PASSED (term=1)
2022-06-27 16:54:23,809 [d2418c64-8d9c-434b-8e38-d723d14cbfaf@group-55D38D95D65A-LeaderElection7] INFO  impl.RoleInfo (RoleInfo.java:shutdownLeaderElection(130)) - d2418c64-8d9c-434b-8e38-d723d14cbfaf: shutdown d2418c64-8d9c-434b-8e38-d723d14cbfaf@group-55D38D95D65A-LeaderElection7
2022-06-27 16:54:23,809 [d2418c64-8d9c-434b-8e38-d723d14cbfaf@group-55D38D95D65A-LeaderElection7] INFO  server.RaftServer$Division (RaftServerImpl.java:setRole(299)) - d2418c64-8d9c-434b-8e38-d723d14cbfaf@group-55D38D95D65A: changes role from CANDIDATE to LEADER at term 1 for changeToLeader
2022-06-27 16:54:23,809 [d2418c64-8d9c-434b-8e38-d723d14cbfaf@group-55D38D95D65A-LeaderElection7] INFO  ratis.XceiverServerRatis (XceiverServerRatis.java:handleLeaderChangedNotification(863)) - Leader change notification received for group: group-55D38D95D65A with new leaderId: d2418c64-8d9c-434b-8e38-d723d14cbfaf
2022-06-27 16:54:23,809 [d2418c64-8d9c-434b-8e38-d723d14cbfaf@group-55D38D95D65A-LeaderElection7] INFO  server.RaftServer$Division (ServerState.java:setLeader(287)) - d2418c64-8d9c-434b-8e38-d723d14cbfaf@group-55D38D95D65A: change Leader from null to d2418c64-8d9c-434b-8e38-d723d14cbfaf at term 1 for becomeLeader, leader elected after 5036ms
2022-06-27 16:54:23,809 [d2418c64-8d9c-434b-8e38-d723d14cbfaf@group-55D38D95D65A-LeaderElection7] INFO  server.RaftServerConfigKeys (ConfUtils.java:logGet(46)) - raft.server.staging.catchup.gap = 1000 (default)
2022-06-27 16:54:23,809 [d2418c64-8d9c-434b-8e38-d723d14cbfaf@group-55D38D95D65A-LeaderElection7] INFO  server.RaftServerConfigKeys (ConfUtils.java:logGet(46)) - raft.server.write.element-limit = 1024 (custom)
2022-06-27 16:54:23,809 [d2418c64-8d9c-434b-8e38-d723d14cbfaf@group-55D38D95D65A-LeaderElection7] INFO  server.RaftServerConfigKeys (ConfUtils.java:logGet(46)) - raft.server.write.byte-limit = 1024 M (=1073741824) (custom)
2022-06-27 16:54:23,809 [d2418c64-8d9c-434b-8e38-d723d14cbfaf@group-55D38D95D65A-LeaderElection7] INFO  server.RaftServerConfigKeys (ConfUtils.java:logGet(46)) - raft.server.watch.timeout = 180s (custom)
2022-06-27 16:54:23,810 [EventQueue-OpenPipelineForHealthyPipelineSafeModeRule] INFO  safemode.SCMSafeModeManager (HealthyPipelineSafeModeRule.java:process(124)) - SCM in safe mode. Healthy pipelines reported count is 0, required healthy pipeline reported count is 1
2022-06-27 16:54:23,810 [d2418c64-8d9c-434b-8e38-d723d14cbfaf@group-55D38D95D65A-LeaderElection7] INFO  server.RaftServerConfigKeys (ConfUtils.java:logGet(46)) - raft.server.watch.timeout.denomination = 1s (default)
2022-06-27 16:54:23,810 [d2418c64-8d9c-434b-8e38-d723d14cbfaf@group-55D38D95D65A-LeaderElection7] INFO  server.RaftServerConfigKeys (ConfUtils.java:logGet(46)) - raft.server.watch.element-limit = 65536 (default)
2022-06-27 16:54:23,811 [d2418c64-8d9c-434b-8e38-d723d14cbfaf@group-55D38D95D65A-LeaderElection7] INFO  server.RaftServerConfigKeys (ConfUtils.java:logGet(46)) - raft.server.write.element-limit = 1024 (custom)
2022-06-27 16:54:23,811 [d2418c64-8d9c-434b-8e38-d723d14cbfaf@group-55D38D95D65A-LeaderElection7] INFO  server.RaftServerConfigKeys (ConfUtils.java:logGet(46)) - raft.server.write.follower.gap.ratio.max = -1.0 (default)
2022-06-27 16:54:23,811 [d2418c64-8d9c-434b-8e38-d723d14cbfaf@group-55D38D95D65A-LeaderElection7] INFO  impl.RoleInfo (RoleInfo.java:updateAndGet(139)) - d2418c64-8d9c-434b-8e38-d723d14cbfaf: start d2418c64-8d9c-434b-8e38-d723d14cbfaf@group-55D38D95D65A-LeaderStateImpl
2022-06-27 16:54:23,811 [d2418c64-8d9c-434b-8e38-d723d14cbfaf@group-55D38D95D65A-LeaderElection7] INFO  segmented.SegmentedRaftLogWorker (SegmentedRaftLogWorker.java:startLogSegment(425)) - d2418c64-8d9c-434b-8e38-d723d14cbfaf@group-55D38D95D65A-SegmentedRaftLogWorker: Starting segment from index:0
2022-06-27 16:54:23,813 [d2418c64-8d9c-434b-8e38-d723d14cbfaf@group-55D38D95D65A-SegmentedRaftLogWorker] INFO  segmented.SegmentedRaftLogWorker (SegmentedRaftLogWorker.java:execute(629)) - d2418c64-8d9c-434b-8e38-d723d14cbfaf@group-55D38D95D65A-SegmentedRaftLogWorker: created new log segment /home/runner/work/ozone/ozone/hadoop-ozone/integration-test/target/test-dir/MiniOzoneClusterImpl-4b25a9da-6f8d-4450-a121-db50b250e675/datanode-3/data/ratis/4c7012ae-ebd3-47c0-8a57-55d38d95d65a/current/log_inprogress_0
2022-06-27 16:54:23,813 [d2418c64-8d9c-434b-8e38-d723d14cbfaf@group-55D38D95D65A-LeaderElection7] INFO  server.RaftServer$Division (ServerState.java:setRaftConf(393)) - d2418c64-8d9c-434b-8e38-d723d14cbfaf@group-55D38D95D65A: set configuration 0: [d2418c64-8d9c-434b-8e38-d723d14cbfaf|rpc:10.1.0.22:35023|dataStream:|priority:1], old=null
2022-06-27 16:54:24,059 [Listener at 127.0.0.1/44473] INFO  ozone.MiniOzoneClusterImpl (MiniOzoneClusterImpl.java:lambda$waitForClusterToBeReady$0(223)) - Nodes are ready. Got 5 of 5 DN Heartbeats.
2022-06-27 16:54:24,059 [Listener at 127.0.0.1/44473] INFO  ozone.MiniOzoneClusterImpl (MiniOzoneClusterImpl.java:lambda$waitForClusterToBeReady$0(226)) - Waiting for cluster to exit safe mode
2022-06-27 16:54:24,059 [Listener at 127.0.0.1/44473] INFO  ozone.MiniOzoneClusterImpl (MiniOzoneClusterImpl.java:lambda$waitForClusterToBeReady$0(228)) - SCM became leader
2022-06-27 16:54:24,076 [b48423cd-489c-4e2e-b1c7-3f6c172b8172@group-36564637C117-FollowerState] INFO  impl.FollowerState (FollowerState.java:run(143)) - b48423cd-489c-4e2e-b1c7-3f6c172b8172@group-36564637C117-FollowerState: change to CANDIDATE, lastRpcElapsedTime:5003716368ns, electionTimeout:5002ms
2022-06-27 16:54:24,077 [b48423cd-489c-4e2e-b1c7-3f6c172b8172@group-36564637C117-FollowerState] INFO  impl.RoleInfo (RoleInfo.java:shutdownFollowerState(110)) - b48423cd-489c-4e2e-b1c7-3f6c172b8172: shutdown b48423cd-489c-4e2e-b1c7-3f6c172b8172@group-36564637C117-FollowerState
2022-06-27 16:54:24,077 [b48423cd-489c-4e2e-b1c7-3f6c172b8172@group-36564637C117-FollowerState] INFO  server.RaftServer$Division (RaftServerImpl.java:setRole(299)) - b48423cd-489c-4e2e-b1c7-3f6c172b8172@group-36564637C117: changes role from  FOLLOWER to CANDIDATE at term 0 for changeToCandidate
2022-06-27 16:54:24,077 [b48423cd-489c-4e2e-b1c7-3f6c172b8172@group-36564637C117-FollowerState] INFO  server.RaftServerConfigKeys (ConfUtils.java:logGet(46)) - raft.server.leaderelection.pre-vote = false (custom)
2022-06-27 16:54:24,077 [b48423cd-489c-4e2e-b1c7-3f6c172b8172@group-36564637C117-FollowerState] INFO  impl.RoleInfo (RoleInfo.java:updateAndGet(139)) - b48423cd-489c-4e2e-b1c7-3f6c172b8172: start b48423cd-489c-4e2e-b1c7-3f6c172b8172@group-36564637C117-LeaderElection8
2022-06-27 16:54:24,079 [b48423cd-489c-4e2e-b1c7-3f6c172b8172@group-36564637C117-LeaderElection8] INFO  impl.LeaderElection (LeaderElection.java:askForVotes(310)) - b48423cd-489c-4e2e-b1c7-3f6c172b8172@group-36564637C117-LeaderElection8 ELECTION round 0: submit vote requests at term 1 for -1: [b48423cd-489c-4e2e-b1c7-3f6c172b8172|rpc:10.1.0.22:38793|priority:1], old=null
2022-06-27 16:54:24,079 [b48423cd-489c-4e2e-b1c7-3f6c172b8172@group-36564637C117-LeaderElection8] INFO  impl.LeaderElection (LeaderElection.java:askForVotes(312)) - b48423cd-489c-4e2e-b1c7-3f6c172b8172@group-36564637C117-LeaderElection8 ELECTION round 0: result PASSED (term=1)
2022-06-27 16:54:24,079 [b48423cd-489c-4e2e-b1c7-3f6c172b8172@group-36564637C117-LeaderElection8] INFO  impl.RoleInfo (RoleInfo.java:shutdownLeaderElection(130)) - b48423cd-489c-4e2e-b1c7-3f6c172b8172: shutdown b48423cd-489c-4e2e-b1c7-3f6c172b8172@group-36564637C117-LeaderElection8
2022-06-27 16:54:24,080 [b48423cd-489c-4e2e-b1c7-3f6c172b8172@group-36564637C117-LeaderElection8] INFO  server.RaftServer$Division (RaftServerImpl.java:setRole(299)) - b48423cd-489c-4e2e-b1c7-3f6c172b8172@group-36564637C117: changes role from CANDIDATE to LEADER at term 1 for changeToLeader
2022-06-27 16:54:24,080 [b48423cd-489c-4e2e-b1c7-3f6c172b8172@group-36564637C117-LeaderElection8] INFO  ratis.XceiverServerRatis (XceiverServerRatis.java:handleLeaderChangedNotification(863)) - Leader change notification received for group: group-36564637C117 with new leaderId: b48423cd-489c-4e2e-b1c7-3f6c172b8172
2022-06-27 16:54:24,080 [b48423cd-489c-4e2e-b1c7-3f6c172b8172@group-36564637C117-LeaderElection8] INFO  server.RaftServer$Division (ServerState.java:setLeader(287)) - b48423cd-489c-4e2e-b1c7-3f6c172b8172@group-36564637C117: change Leader from null to b48423cd-489c-4e2e-b1c7-3f6c172b8172 at term 1 for becomeLeader, leader elected after 5018ms
2022-06-27 16:54:24,080 [b48423cd-489c-4e2e-b1c7-3f6c172b8172@group-36564637C117-LeaderElection8] INFO  server.RaftServerConfigKeys (ConfUtils.java:logGet(46)) - raft.server.staging.catchup.gap = 1000 (default)
2022-06-27 16:54:24,080 [b48423cd-489c-4e2e-b1c7-3f6c172b8172@group-36564637C117-LeaderElection8] INFO  server.RaftServerConfigKeys (ConfUtils.java:logGet(46)) - raft.server.write.element-limit = 1024 (custom)
2022-06-27 16:54:24,080 [b48423cd-489c-4e2e-b1c7-3f6c172b8172@group-36564637C117-LeaderElection8] INFO  server.RaftServerConfigKeys (ConfUtils.java:logGet(46)) - raft.server.write.byte-limit = 1024 M (=1073741824) (custom)
2022-06-27 16:54:24,080 [b48423cd-489c-4e2e-b1c7-3f6c172b8172@group-36564637C117-LeaderElection8] INFO  server.RaftServerConfigKeys (ConfUtils.java:logGet(46)) - raft.server.watch.timeout = 180s (custom)
2022-06-27 16:54:24,081 [b48423cd-489c-4e2e-b1c7-3f6c172b8172@group-36564637C117-LeaderElection8] INFO  server.RaftServerConfigKeys (ConfUtils.java:logGet(46)) - raft.server.watch.timeout.denomination = 1s (default)
2022-06-27 16:54:24,081 [b48423cd-489c-4e2e-b1c7-3f6c172b8172@group-36564637C117-LeaderElection8] INFO  server.RaftServerConfigKeys (ConfUtils.java:logGet(46)) - raft.server.watch.element-limit = 65536 (default)
2022-06-27 16:54:24,081 [b48423cd-489c-4e2e-b1c7-3f6c172b8172@group-36564637C117-LeaderElection8] INFO  server.RaftServerConfigKeys (ConfUtils.java:logGet(46)) - raft.server.write.element-limit = 1024 (custom)
2022-06-27 16:54:24,081 [b48423cd-489c-4e2e-b1c7-3f6c172b8172@group-36564637C117-LeaderElection8] INFO  server.RaftServerConfigKeys (ConfUtils.java:logGet(46)) - raft.server.write.follower.gap.ratio.max = -1.0 (default)
2022-06-27 16:54:24,081 [b48423cd-489c-4e2e-b1c7-3f6c172b8172@group-36564637C117-LeaderElection8] INFO  impl.RoleInfo (RoleInfo.java:updateAndGet(139)) - b48423cd-489c-4e2e-b1c7-3f6c172b8172: start b48423cd-489c-4e2e-b1c7-3f6c172b8172@group-36564637C117-LeaderStateImpl
2022-06-27 16:54:24,081 [b48423cd-489c-4e2e-b1c7-3f6c172b8172@group-36564637C117-LeaderElection8] INFO  segmented.SegmentedRaftLogWorker (SegmentedRaftLogWorker.java:startLogSegment(425)) - b48423cd-489c-4e2e-b1c7-3f6c172b8172@group-36564637C117-SegmentedRaftLogWorker: Starting segment from index:0
2022-06-27 16:54:24,082 [EventQueue-OpenPipelineForHealthyPipelineSafeModeRule] INFO  safemode.SCMSafeModeManager (HealthyPipelineSafeModeRule.java:process(124)) - SCM in safe mode. Healthy pipelines reported count is 0, required healthy pipeline reported count is 1
2022-06-27 16:54:24,083 [b48423cd-489c-4e2e-b1c7-3f6c172b8172@group-36564637C117-SegmentedRaftLogWorker] INFO  segmented.SegmentedRaftLogWorker (SegmentedRaftLogWorker.java:execute(629)) - b48423cd-489c-4e2e-b1c7-3f6c172b8172@group-36564637C117-SegmentedRaftLogWorker: created new log segment /home/runner/work/ozone/ozone/hadoop-ozone/integration-test/target/test-dir/MiniOzoneClusterImpl-4b25a9da-6f8d-4450-a121-db50b250e675/datanode-4/data/ratis/4e9d0674-9b73-4250-bed8-36564637c117/current/log_inprogress_0
2022-06-27 16:54:24,093 [b48423cd-489c-4e2e-b1c7-3f6c172b8172@group-36564637C117-LeaderElection8] INFO  server.RaftServer$Division (ServerState.java:setRaftConf(393)) - b48423cd-489c-4e2e-b1c7-3f6c172b8172@group-36564637C117: set configuration 0: [b48423cd-489c-4e2e-b1c7-3f6c172b8172|rpc:10.1.0.22:38793|dataStream:|priority:1], old=null
2022-06-27 16:54:25,059 [Listener at 127.0.0.1/44473] INFO  ozone.MiniOzoneClusterImpl (MiniOzoneClusterImpl.java:lambda$waitForClusterToBeReady$0(223)) - Nodes are ready. Got 5 of 5 DN Heartbeats.
2022-06-27 16:54:25,060 [Listener at 127.0.0.1/44473] INFO  ozone.MiniOzoneClusterImpl (MiniOzoneClusterImpl.java:lambda$waitForClusterToBeReady$0(226)) - Waiting for cluster to exit safe mode
2022-06-27 16:54:25,060 [Listener at 127.0.0.1/44473] INFO  ozone.MiniOzoneClusterImpl (MiniOzoneClusterImpl.java:lambda$waitForClusterToBeReady$0(228)) - SCM became leader
2022-06-27 16:54:26,060 [Listener at 127.0.0.1/44473] INFO  ozone.MiniOzoneClusterImpl (MiniOzoneClusterImpl.java:lambda$waitForClusterToBeReady$0(223)) - Nodes are ready. Got 5 of 5 DN Heartbeats.
2022-06-27 16:54:26,060 [Listener at 127.0.0.1/44473] INFO  ozone.MiniOzoneClusterImpl (MiniOzoneClusterImpl.java:lambda$waitForClusterToBeReady$0(226)) - Waiting for cluster to exit safe mode
2022-06-27 16:54:26,060 [Listener at 127.0.0.1/44473] INFO  ozone.MiniOzoneClusterImpl (MiniOzoneClusterImpl.java:lambda$waitForClusterToBeReady$0(228)) - SCM became leader
2022-06-27 16:54:27,060 [Listener at 127.0.0.1/44473] INFO  ozone.MiniOzoneClusterImpl (MiniOzoneClusterImpl.java:lambda$waitForClusterToBeReady$0(223)) - Nodes are ready. Got 5 of 5 DN Heartbeats.
2022-06-27 16:54:27,061 [Listener at 127.0.0.1/44473] INFO  ozone.MiniOzoneClusterImpl (MiniOzoneClusterImpl.java:lambda$waitForClusterToBeReady$0(226)) - Waiting for cluster to exit safe mode
2022-06-27 16:54:27,061 [Listener at 127.0.0.1/44473] INFO  ozone.MiniOzoneClusterImpl (MiniOzoneClusterImpl.java:lambda$waitForClusterToBeReady$0(228)) - SCM became leader
2022-06-27 16:54:27,981 [ccff8009-bc9c-45e1-9925-30de1c0d3a9d@group-AE8BA0B9126D-FollowerState] INFO  impl.FollowerState (FollowerState.java:run(143)) - ccff8009-bc9c-45e1-9925-30de1c0d3a9d@group-AE8BA0B9126D-FollowerState: change to CANDIDATE, lastRpcElapsedTime:5091659816ns, electionTimeout:5084ms
2022-06-27 16:54:27,981 [ccff8009-bc9c-45e1-9925-30de1c0d3a9d@group-AE8BA0B9126D-FollowerState] INFO  impl.RoleInfo (RoleInfo.java:shutdownFollowerState(110)) - ccff8009-bc9c-45e1-9925-30de1c0d3a9d: shutdown ccff8009-bc9c-45e1-9925-30de1c0d3a9d@group-AE8BA0B9126D-FollowerState
2022-06-27 16:54:27,981 [ccff8009-bc9c-45e1-9925-30de1c0d3a9d@group-AE8BA0B9126D-FollowerState] INFO  server.RaftServer$Division (RaftServerImpl.java:setRole(299)) - ccff8009-bc9c-45e1-9925-30de1c0d3a9d@group-AE8BA0B9126D: changes role from  FOLLOWER to CANDIDATE at term 1 for changeToCandidate
2022-06-27 16:54:27,981 [ccff8009-bc9c-45e1-9925-30de1c0d3a9d@group-AE8BA0B9126D-FollowerState] INFO  server.RaftServerConfigKeys (ConfUtils.java:logGet(46)) - raft.server.leaderelection.pre-vote = false (custom)
2022-06-27 16:54:27,981 [ccff8009-bc9c-45e1-9925-30de1c0d3a9d@group-AE8BA0B9126D-FollowerState] INFO  impl.RoleInfo (RoleInfo.java:updateAndGet(139)) - ccff8009-bc9c-45e1-9925-30de1c0d3a9d: start ccff8009-bc9c-45e1-9925-30de1c0d3a9d@group-AE8BA0B9126D-LeaderElection9
2022-06-27 16:54:27,983 [ccff8009-bc9c-45e1-9925-30de1c0d3a9d@group-AE8BA0B9126D-LeaderElection9] INFO  impl.LeaderElection (LeaderElection.java:askForVotes(310)) - ccff8009-bc9c-45e1-9925-30de1c0d3a9d@group-AE8BA0B9126D-LeaderElection9 ELECTION round 0: submit vote requests at term 2 for -1: [ccff8009-bc9c-45e1-9925-30de1c0d3a9d|rpc:10.1.0.22:41485|priority:1, 28725b92-7534-4808-bd3a-f7d426359eac|rpc:10.1.0.22:46711|priority:0, e149a773-6f80-4200-b489-f1fdfcbd08b4|rpc:10.1.0.22:46641|priority:0], old=null
2022-06-27 16:54:27,989 [grpc-default-executor-1] INFO  server.RaftServer$Division (RaftServerImpl.java:requestVote(1152)) - e149a773-6f80-4200-b489-f1fdfcbd08b4@group-AE8BA0B9126D: receive requestVote(ELECTION, ccff8009-bc9c-45e1-9925-30de1c0d3a9d, group-AE8BA0B9126D, 2, (t:0, i:0))
2022-06-27 16:54:27,990 [grpc-default-executor-1] INFO  impl.VoteContext (VoteContext.java:log(48)) - e149a773-6f80-4200-b489-f1fdfcbd08b4@group-AE8BA0B9126D-FOLLOWER: accept ELECTION from ccff8009-bc9c-45e1-9925-30de1c0d3a9d: our priority 0 <= candidate's priority 1
2022-06-27 16:54:27,990 [grpc-default-executor-1] INFO  server.RaftServer$Division (RaftServerImpl.java:setRole(299)) - e149a773-6f80-4200-b489-f1fdfcbd08b4@group-AE8BA0B9126D: changes role from  FOLLOWER to FOLLOWER at term 2 for candidate:ccff8009-bc9c-45e1-9925-30de1c0d3a9d
2022-06-27 16:54:27,990 [grpc-default-executor-1] INFO  impl.RoleInfo (RoleInfo.java:shutdownFollowerState(110)) - e149a773-6f80-4200-b489-f1fdfcbd08b4: shutdown e149a773-6f80-4200-b489-f1fdfcbd08b4@group-AE8BA0B9126D-FollowerState
2022-06-27 16:54:27,990 [grpc-default-executor-1] INFO  impl.RoleInfo (RoleInfo.java:updateAndGet(139)) - e149a773-6f80-4200-b489-f1fdfcbd08b4: start e149a773-6f80-4200-b489-f1fdfcbd08b4@group-AE8BA0B9126D-FollowerState
2022-06-27 16:54:27,990 [e149a773-6f80-4200-b489-f1fdfcbd08b4@group-AE8BA0B9126D-FollowerState] INFO  impl.FollowerState (FollowerState.java:run(152)) - e149a773-6f80-4200-b489-f1fdfcbd08b4@group-AE8BA0B9126D-FollowerState was interrupted
2022-06-27 16:54:27,994 [grpc-default-executor-1] INFO  server.RaftServer$Division (RaftServerImpl.java:requestVote(1184)) - e149a773-6f80-4200-b489-f1fdfcbd08b4@group-AE8BA0B9126D replies to ELECTION vote request: ccff8009-bc9c-45e1-9925-30de1c0d3a9d<-e149a773-6f80-4200-b489-f1fdfcbd08b4#0:OK-t2. Peer's state: e149a773-6f80-4200-b489-f1fdfcbd08b4@group-AE8BA0B9126D:t2, leader=null, voted=ccff8009-bc9c-45e1-9925-30de1c0d3a9d, raftlog=e149a773-6f80-4200-b489-f1fdfcbd08b4@group-AE8BA0B9126D-SegmentedRaftLog:OPENED:c-1, conf=-1: [ccff8009-bc9c-45e1-9925-30de1c0d3a9d|rpc:10.1.0.22:41485|dataStream:|priority:1, 28725b92-7534-4808-bd3a-f7d426359eac|rpc:10.1.0.22:46711|dataStream:|priority:0, e149a773-6f80-4200-b489-f1fdfcbd08b4|rpc:10.1.0.22:46641|dataStream:|priority:0], old=null
2022-06-27 16:54:27,995 [grpc-default-executor-1] INFO  server.RaftServer$Division (RaftServerImpl.java:requestVote(1152)) - 28725b92-7534-4808-bd3a-f7d426359eac@group-AE8BA0B9126D: receive requestVote(ELECTION, ccff8009-bc9c-45e1-9925-30de1c0d3a9d, group-AE8BA0B9126D, 2, (t:0, i:0))
2022-06-27 16:54:27,995 [grpc-default-executor-1] INFO  impl.VoteContext (VoteContext.java:log(48)) - 28725b92-7534-4808-bd3a-f7d426359eac@group-AE8BA0B9126D-FOLLOWER: accept ELECTION from ccff8009-bc9c-45e1-9925-30de1c0d3a9d: our priority 0 <= candidate's priority 1
2022-06-27 16:54:27,995 [grpc-default-executor-1] INFO  server.RaftServer$Division (RaftServerImpl.java:setRole(299)) - 28725b92-7534-4808-bd3a-f7d426359eac@group-AE8BA0B9126D: changes role from  FOLLOWER to FOLLOWER at term 2 for candidate:ccff8009-bc9c-45e1-9925-30de1c0d3a9d
2022-06-27 16:54:27,995 [grpc-default-executor-1] INFO  impl.RoleInfo (RoleInfo.java:shutdownFollowerState(110)) - 28725b92-7534-4808-bd3a-f7d426359eac: shutdown 28725b92-7534-4808-bd3a-f7d426359eac@group-AE8BA0B9126D-FollowerState
2022-06-27 16:54:27,995 [grpc-default-executor-1] INFO  impl.RoleInfo (RoleInfo.java:updateAndGet(139)) - 28725b92-7534-4808-bd3a-f7d426359eac: start 28725b92-7534-4808-bd3a-f7d426359eac@group-AE8BA0B9126D-FollowerState
2022-06-27 16:54:27,995 [28725b92-7534-4808-bd3a-f7d426359eac@group-AE8BA0B9126D-FollowerState] INFO  impl.FollowerState (FollowerState.java:run(152)) - 28725b92-7534-4808-bd3a-f7d426359eac@group-AE8BA0B9126D-FollowerState was interrupted
2022-06-27 16:54:27,995 [ccff8009-bc9c-45e1-9925-30de1c0d3a9d@group-AE8BA0B9126D-LeaderElection9] INFO  impl.LeaderElection (LeaderElection.java:logAndReturn(90)) - ccff8009-bc9c-45e1-9925-30de1c0d3a9d@group-AE8BA0B9126D-LeaderElection9: ELECTION PASSED received 1 response(s) and 0 exception(s):
2022-06-27 16:54:27,998 [ccff8009-bc9c-45e1-9925-30de1c0d3a9d@group-AE8BA0B9126D-LeaderElection9] INFO  impl.LeaderElection (LeaderElection.java:logAndReturn(94)) -   Response 0: ccff8009-bc9c-45e1-9925-30de1c0d3a9d<-e149a773-6f80-4200-b489-f1fdfcbd08b4#0:OK-t2
2022-06-27 16:54:27,998 [ccff8009-bc9c-45e1-9925-30de1c0d3a9d@group-AE8BA0B9126D-LeaderElection9] INFO  impl.LeaderElection (LeaderElection.java:askForVotes(312)) - ccff8009-bc9c-45e1-9925-30de1c0d3a9d@group-AE8BA0B9126D-LeaderElection9 ELECTION round 0: result PASSED
2022-06-27 16:54:27,998 [ccff8009-bc9c-45e1-9925-30de1c0d3a9d@group-AE8BA0B9126D-LeaderElection9] INFO  impl.RoleInfo (RoleInfo.java:shutdownLeaderElection(130)) - ccff8009-bc9c-45e1-9925-30de1c0d3a9d: shutdown ccff8009-bc9c-45e1-9925-30de1c0d3a9d@group-AE8BA0B9126D-LeaderElection9
2022-06-27 16:54:27,998 [grpc-default-executor-1] INFO  server.RaftServer$Division (RaftServerImpl.java:requestVote(1184)) - 28725b92-7534-4808-bd3a-f7d426359eac@group-AE8BA0B9126D replies to ELECTION vote request: ccff8009-bc9c-45e1-9925-30de1c0d3a9d<-28725b92-7534-4808-bd3a-f7d426359eac#0:OK-t2. Peer's state: 28725b92-7534-4808-bd3a-f7d426359eac@group-AE8BA0B9126D:t2, leader=null, voted=ccff8009-bc9c-45e1-9925-30de1c0d3a9d, raftlog=28725b92-7534-4808-bd3a-f7d426359eac@group-AE8BA0B9126D-SegmentedRaftLog:OPENED:c-1, conf=-1: [ccff8009-bc9c-45e1-9925-30de1c0d3a9d|rpc:10.1.0.22:41485|priority:1, 28725b92-7534-4808-bd3a-f7d426359eac|rpc:10.1.0.22:46711|priority:0, e149a773-6f80-4200-b489-f1fdfcbd08b4|rpc:10.1.0.22:46641|priority:0], old=null
2022-06-27 16:54:27,999 [ccff8009-bc9c-45e1-9925-30de1c0d3a9d@group-AE8BA0B9126D-LeaderElection9] INFO  server.RaftServer$Division (RaftServerImpl.java:setRole(299)) - ccff8009-bc9c-45e1-9925-30de1c0d3a9d@group-AE8BA0B9126D: changes role from CANDIDATE to LEADER at term 2 for changeToLeader
2022-06-27 16:54:27,999 [ccff8009-bc9c-45e1-9925-30de1c0d3a9d@group-AE8BA0B9126D-LeaderElection9] INFO  ratis.XceiverServerRatis (XceiverServerRatis.java:handleLeaderChangedNotification(863)) - Leader change notification received for group: group-AE8BA0B9126D with new leaderId: ccff8009-bc9c-45e1-9925-30de1c0d3a9d
2022-06-27 16:54:27,999 [ccff8009-bc9c-45e1-9925-30de1c0d3a9d@group-AE8BA0B9126D-LeaderElection9] INFO  server.RaftServer$Division (ServerState.java:setLeader(287)) - ccff8009-bc9c-45e1-9925-30de1c0d3a9d@group-AE8BA0B9126D: change Leader from null to ccff8009-bc9c-45e1-9925-30de1c0d3a9d at term 2 for becomeLeader, leader elected after 9760ms
2022-06-27 16:54:27,999 [ccff8009-bc9c-45e1-9925-30de1c0d3a9d@group-AE8BA0B9126D-LeaderElection9] INFO  server.RaftServerConfigKeys (ConfUtils.java:logGet(46)) - raft.server.staging.catchup.gap = 1000 (default)
2022-06-27 16:54:27,999 [ccff8009-bc9c-45e1-9925-30de1c0d3a9d@group-AE8BA0B9126D-LeaderElection9] INFO  server.RaftServerConfigKeys (ConfUtils.java:logGet(46)) - raft.server.write.element-limit = 1024 (custom)
2022-06-27 16:54:27,999 [ccff8009-bc9c-45e1-9925-30de1c0d3a9d@group-AE8BA0B9126D-LeaderElection9] INFO  server.RaftServerConfigKeys (ConfUtils.java:logGet(46)) - raft.server.write.byte-limit = 1024 M (=1073741824) (custom)
2022-06-27 16:54:28,000 [ccff8009-bc9c-45e1-9925-30de1c0d3a9d@group-AE8BA0B9126D-LeaderElection9] INFO  server.RaftServerConfigKeys (ConfUtils.java:logGet(46)) - raft.server.watch.timeout = 180s (custom)
2022-06-27 16:54:28,000 [ccff8009-bc9c-45e1-9925-30de1c0d3a9d@group-AE8BA0B9126D-LeaderElection9] INFO  server.RaftServerConfigKeys (ConfUtils.java:logGet(46)) - raft.server.watch.timeout.denomination = 1s (default)
2022-06-27 16:54:28,000 [ccff8009-bc9c-45e1-9925-30de1c0d3a9d@group-AE8BA0B9126D-LeaderElection9] INFO  server.RaftServerConfigKeys (ConfUtils.java:logGet(46)) - raft.server.watch.element-limit = 65536 (default)
2022-06-27 16:54:28,000 [ccff8009-bc9c-45e1-9925-30de1c0d3a9d@group-AE8BA0B9126D-LeaderElection9] INFO  server.RaftServerConfigKeys (ConfUtils.java:logGet(46)) - raft.server.write.element-limit = 1024 (custom)
2022-06-27 16:54:28,000 [ccff8009-bc9c-45e1-9925-30de1c0d3a9d@group-AE8BA0B9126D-LeaderElection9] INFO  server.RaftServerConfigKeys (ConfUtils.java:logGet(46)) - raft.server.write.follower.gap.ratio.max = -1.0 (default)
2022-06-27 16:54:28,009 [EventQueue-PipelineReportForPipelineReportHandler] INFO  pipeline.PipelineManagerImpl (PipelineManagerImpl.java:openPipeline(358)) - Pipeline Pipeline[ Id: 1a99b9fa-2352-4f01-b7ca-ae8ba0b9126d, Nodes: 28725b92-7534-4808-bd3a-f7d426359eac{ip: 10.1.0.22, host: fv-az215-30.fk02tkdpp51uda4i120yanydqb.bx.internal.cloudapp.net, ports: [REPLICATION=46137, RATIS=46711, RATIS_ADMIN=46711, RATIS_SERVER=46711, STANDALONE=45937], networkLocation: /default-rack, certSerialId: null, persistedOpState: IN_SERVICE, persistedOpStateExpiryEpochSec: 0}ccff8009-bc9c-45e1-9925-30de1c0d3a9d{ip: 10.1.0.22, host: fv-az215-30.fk02tkdpp51uda4i120yanydqb.bx.internal.cloudapp.net, ports: [REPLICATION=32799, RATIS=41485, RATIS_ADMIN=41485, RATIS_SERVER=41485, STANDALONE=33923], networkLocation: /default-rack, certSerialId: null, persistedOpState: IN_SERVICE, persistedOpStateExpiryEpochSec: 0}e149a773-6f80-4200-b489-f1fdfcbd08b4{ip: 10.1.0.22, host: fv-az215-30.fk02tkdpp51uda4i120yanydqb.bx.internal.cloudapp.net, ports: [REPLICATION=43387, RATIS=46641, RATIS_ADMIN=46641, RATIS_SERVER=46641, STANDALONE=37383], networkLocation: /default-rack, certSerialId: null, persistedOpState: IN_SERVICE, persistedOpStateExpiryEpochSec: 0}, ReplicationConfig: RATIS/THREE, State:ALLOCATED, leaderId:ccff8009-bc9c-45e1-9925-30de1c0d3a9d, CreationTimestamp2022-06-27T16:54:15.481Z[Etc/UTC]] moved to OPEN state
2022-06-27 16:54:28,009 [EventQueue-OpenPipelineForHealthyPipelineSafeModeRule] INFO  safemode.SCMSafeModeManager (HealthyPipelineSafeModeRule.java:process(124)) - SCM in safe mode. Healthy pipelines reported count is 0, required healthy pipeline reported count is 1
2022-06-27 16:54:28,016 [EventQueue-OpenPipelineForHealthyPipelineSafeModeRule] INFO  safemode.SCMSafeModeManager (HealthyPipelineSafeModeRule.java:process(124)) - SCM in safe mode. Healthy pipelines reported count is 1, required healthy pipeline reported count is 1
2022-06-27 16:54:28,016 [EventQueue-OpenPipelineForHealthyPipelineSafeModeRule] INFO  safemode.SCMSafeModeManager (SCMSafeModeManager.java:validateSafeModeExitRules(204)) - HealthyPipelineSafeModeRule rule is successfully validated
2022-06-27 16:54:28,016 [EventQueue-OpenPipelineForHealthyPipelineSafeModeRule] INFO  safemode.SCMSafeModeManager (SCMSafeModeManager.java:validateSafeModeExitRules(219)) - ScmSafeModeManager, all rules are successfully validated
2022-06-27 16:54:28,016 [EventQueue-OpenPipelineForHealthyPipelineSafeModeRule] INFO  safemode.SCMSafeModeManager (SCMSafeModeManager.java:exitSafeMode(248)) - SCM exiting safe mode.
2022-06-27 16:54:28,017 [EventQueue-OpenPipelineForHealthyPipelineSafeModeRule] WARN  events.EventQueue (EventQueue.java:fireEvent(216)) - No event handler registered for event TypedEvent{payloadType=SafeModeStatus, name='Safe mode status'}
2022-06-27 16:54:28,017 [EventQueue-OpenPipelineForHealthyPipelineSafeModeRule] INFO  ha.SCMContext (SCMContext.java:updateSafeModeStatus(228)) - Update SafeModeStatus from SafeModeStatus{safeModeStatus=true, preCheckPassed=true} to SafeModeStatus{safeModeStatus=false, preCheckPassed=true}.
2022-06-27 16:54:28,017 [EventQueue-OpenPipelineForHealthyPipelineSafeModeRule] INFO  pipeline.BackgroundPipelineCreator (BackgroundPipelineCreator.java:notifyStatusChanged(253)) - Service BackgroundPipelineCreator transitions to RUNNING.
2022-06-27 16:54:28,017 [EventQueue-OpenPipelineForHealthyPipelineSafeModeRule] INFO  BackgroundPipelineScrubber (BackgroundSCMService.java:notifyStatusChanged(82)) - Service BackgroundPipelineScrubber transitions to RUNNING.
2022-06-27 16:54:28,017 [EventQueue-OpenPipelineForHealthyPipelineSafeModeRule] INFO  ExpiredContainerReplicaOpScrubber (BackgroundSCMService.java:notifyStatusChanged(82)) - Service ExpiredContainerReplicaOpScrubber transitions to RUNNING.
2022-06-27 16:54:28,017 [EventQueue-OpenPipelineForHealthyPipelineSafeModeRule] INFO  replication.ReplicationManager (ReplicationManager.java:notifyStatusChanged(420)) - Service ReplicationManager transitions to RUNNING.
2022-06-27 16:54:28,018 [EventQueue-OpenPipelineForHealthyPipelineSafeModeRule] WARN  balancer.ContainerBalancer (ContainerBalancer.java:shouldRun(875)) - Could not find persisted configuration for ContainerBalancer when checking if ContainerBalancer should run. ContainerBalancer should not run now.
2022-06-27 16:54:28,018 [ccff8009-bc9c-45e1-9925-30de1c0d3a9d@group-AE8BA0B9126D-LeaderElection9] INFO  server.RaftServerConfigKeys (ConfUtils.java:logGet(46)) - raft.server.log.appender.snapshot.chunk.size.max = 16MB (=16777216) (default)
2022-06-27 16:54:28,019 [ccff8009-bc9c-45e1-9925-30de1c0d3a9d@group-AE8BA0B9126D-LeaderElection9] INFO  server.RaftServerConfigKeys (ConfUtils.java:logGet(46)) - raft.server.log.appender.buffer.byte-limit = 33554432 (custom)
2022-06-27 16:54:28,019 [ccff8009-bc9c-45e1-9925-30de1c0d3a9d@group-AE8BA0B9126D-LeaderElection9] INFO  server.RaftServerConfigKeys (ConfUtils.java:logGet(46)) - raft.server.log.appender.buffer.element-limit = 1 (custom)
2022-06-27 16:54:28,021 [ccff8009-bc9c-45e1-9925-30de1c0d3a9d@group-AE8BA0B9126D-LeaderElection9] INFO  grpc.GrpcConfigKeys (ConfUtils.java:logGet(46)) - raft.grpc.server.leader.outstanding.appends.max = 128 (default)
2022-06-27 16:54:28,022 [ccff8009-bc9c-45e1-9925-30de1c0d3a9d@group-AE8BA0B9126D-LeaderElection9] INFO  server.RaftServerConfigKeys (ConfUtils.java:logGet(46)) - raft.server.rpc.request.timeout = 60s (custom)
2022-06-27 16:54:28,022 [ccff8009-bc9c-45e1-9925-30de1c0d3a9d@group-AE8BA0B9126D-LeaderElection9] INFO  server.RaftServerConfigKeys (ConfUtils.java:logGet(46)) - raft.server.log.appender.install.snapshot.enabled = false (custom)
2022-06-27 16:54:28,024 [ccff8009-bc9c-45e1-9925-30de1c0d3a9d@group-AE8BA0B9126D-LeaderElection9] INFO  server.RaftServerConfigKeys (ConfUtils.java:logGet(46)) - raft.server.log.appender.snapshot.chunk.size.max = 16MB (=16777216) (default)
2022-06-27 16:54:28,024 [ccff8009-bc9c-45e1-9925-30de1c0d3a9d@group-AE8BA0B9126D-LeaderElection9] INFO  server.RaftServerConfigKeys (ConfUtils.java:logGet(46)) - raft.server.log.appender.buffer.byte-limit = 33554432 (custom)
2022-06-27 16:54:28,024 [ccff8009-bc9c-45e1-9925-30de1c0d3a9d@group-AE8BA0B9126D-LeaderElection9] INFO  server.RaftServerConfigKeys (ConfUtils.java:logGet(46)) - raft.server.log.appender.buffer.element-limit = 1 (custom)
2022-06-27 16:54:28,024 [ccff8009-bc9c-45e1-9925-30de1c0d3a9d@group-AE8BA0B9126D-LeaderElection9] INFO  grpc.GrpcConfigKeys (ConfUtils.java:logGet(46)) - raft.grpc.server.leader.outstanding.appends.max = 128 (default)
2022-06-27 16:54:28,024 [ccff8009-bc9c-45e1-9925-30de1c0d3a9d@group-AE8BA0B9126D-LeaderElection9] INFO  server.RaftServerConfigKeys (ConfUtils.java:logGet(46)) - raft.server.rpc.request.timeout = 60s (custom)
2022-06-27 16:54:28,024 [ccff8009-bc9c-45e1-9925-30de1c0d3a9d@group-AE8BA0B9126D-LeaderElection9] INFO  server.RaftServerConfigKeys (ConfUtils.java:logGet(46)) - raft.server.log.appender.install.snapshot.enabled = false (custom)
2022-06-27 16:54:28,025 [ccff8009-bc9c-45e1-9925-30de1c0d3a9d@group-AE8BA0B9126D-LeaderElection9] INFO  impl.RoleInfo (RoleInfo.java:updateAndGet(139)) - ccff8009-bc9c-45e1-9925-30de1c0d3a9d: start ccff8009-bc9c-45e1-9925-30de1c0d3a9d@group-AE8BA0B9126D-LeaderStateImpl
2022-06-27 16:54:28,026 [ccff8009-bc9c-45e1-9925-30de1c0d3a9d@group-AE8BA0B9126D-LeaderElection9] INFO  segmented.SegmentedRaftLogWorker (SegmentedRaftLogWorker.java:startLogSegment(425)) - ccff8009-bc9c-45e1-9925-30de1c0d3a9d@group-AE8BA0B9126D-SegmentedRaftLogWorker: Starting segment from index:0
2022-06-27 16:54:28,027 [ccff8009-bc9c-45e1-9925-30de1c0d3a9d@group-AE8BA0B9126D-SegmentedRaftLogWorker] INFO  segmented.SegmentedRaftLogWorker (SegmentedRaftLogWorker.java:execute(629)) - ccff8009-bc9c-45e1-9925-30de1c0d3a9d@group-AE8BA0B9126D-SegmentedRaftLogWorker: created new log segment /home/runner/work/ozone/ozone/hadoop-ozone/integration-test/target/test-dir/MiniOzoneClusterImpl-4b25a9da-6f8d-4450-a121-db50b250e675/datanode-1/data/ratis/1a99b9fa-2352-4f01-b7ca-ae8ba0b9126d/current/log_inprogress_0
2022-06-27 16:54:28,028 [ccff8009-bc9c-45e1-9925-30de1c0d3a9d@group-AE8BA0B9126D-LeaderElection9] INFO  server.RaftServer$Division (ServerState.java:setRaftConf(393)) - ccff8009-bc9c-45e1-9925-30de1c0d3a9d@group-AE8BA0B9126D: set configuration 0: [ccff8009-bc9c-45e1-9925-30de1c0d3a9d|rpc:10.1.0.22:41485|dataStream:|priority:1, 28725b92-7534-4808-bd3a-f7d426359eac|rpc:10.1.0.22:46711|dataStream:|priority:0, e149a773-6f80-4200-b489-f1fdfcbd08b4|rpc:10.1.0.22:46641|dataStream:|priority:0], old=null
2022-06-27 16:54:28,047 [28725b92-7534-4808-bd3a-f7d426359eac-server-thread1] INFO  ratis.XceiverServerRatis (XceiverServerRatis.java:handleLeaderChangedNotification(863)) - Leader change notification received for group: group-AE8BA0B9126D with new leaderId: ccff8009-bc9c-45e1-9925-30de1c0d3a9d
2022-06-27 16:54:28,047 [28725b92-7534-4808-bd3a-f7d426359eac-server-thread1] INFO  server.RaftServer$Division (ServerState.java:setLeader(287)) - 28725b92-7534-4808-bd3a-f7d426359eac@group-AE8BA0B9126D: change Leader from null to ccff8009-bc9c-45e1-9925-30de1c0d3a9d at term 2 for appendEntries, leader elected after 10240ms
2022-06-27 16:54:28,049 [e149a773-6f80-4200-b489-f1fdfcbd08b4-server-thread1] INFO  ratis.XceiverServerRatis (XceiverServerRatis.java:handleLeaderChangedNotification(863)) - Leader change notification received for group: group-AE8BA0B9126D with new leaderId: ccff8009-bc9c-45e1-9925-30de1c0d3a9d
2022-06-27 16:54:28,049 [e149a773-6f80-4200-b489-f1fdfcbd08b4-server-thread1] INFO  server.RaftServer$Division (ServerState.java:setLeader(287)) - e149a773-6f80-4200-b489-f1fdfcbd08b4@group-AE8BA0B9126D: change Leader from null to ccff8009-bc9c-45e1-9925-30de1c0d3a9d at term 2 for appendEntries, leader elected after 9617ms
2022-06-27 16:54:28,061 [Listener at 127.0.0.1/44473] INFO  ozone.MiniOzoneClusterImpl (MiniOzoneClusterImpl.java:lambda$waitForClusterToBeReady$0(223)) - Nodes are ready. Got 5 of 5 DN Heartbeats.
2022-06-27 16:54:28,061 [Listener at 127.0.0.1/44473] INFO  ozone.MiniOzoneClusterImpl (MiniOzoneClusterImpl.java:lambda$waitForClusterToBeReady$0(226)) - Cluster exits safe mode
2022-06-27 16:54:28,061 [Listener at 127.0.0.1/44473] INFO  ozone.MiniOzoneClusterImpl (MiniOzoneClusterImpl.java:lambda$waitForClusterToBeReady$0(228)) - SCM became leader
2022-06-27 16:54:28,091 [28725b92-7534-4808-bd3a-f7d426359eac-server-thread1] INFO  server.RaftServer$Division (ServerState.java:setRaftConf(393)) - 28725b92-7534-4808-bd3a-f7d426359eac@group-AE8BA0B9126D: set configuration 0: [ccff8009-bc9c-45e1-9925-30de1c0d3a9d|rpc:10.1.0.22:41485|dataStream:|priority:1, 28725b92-7534-4808-bd3a-f7d426359eac|rpc:10.1.0.22:46711|dataStream:|priority:0, e149a773-6f80-4200-b489-f1fdfcbd08b4|rpc:10.1.0.22:46641|dataStream:|priority:0], old=null
2022-06-27 16:54:28,091 [e149a773-6f80-4200-b489-f1fdfcbd08b4-server-thread1] INFO  server.RaftServer$Division (ServerState.java:setRaftConf(393)) - e149a773-6f80-4200-b489-f1fdfcbd08b4@group-AE8BA0B9126D: set configuration 0: [ccff8009-bc9c-45e1-9925-30de1c0d3a9d|rpc:10.1.0.22:41485|dataStream:|priority:1, 28725b92-7534-4808-bd3a-f7d426359eac|rpc:10.1.0.22:46711|dataStream:|priority:0, e149a773-6f80-4200-b489-f1fdfcbd08b4|rpc:10.1.0.22:46641|dataStream:|priority:0], old=null
2022-06-27 16:54:28,091 [28725b92-7534-4808-bd3a-f7d426359eac-server-thread1] INFO  segmented.SegmentedRaftLogWorker (SegmentedRaftLogWorker.java:startLogSegment(425)) - 28725b92-7534-4808-bd3a-f7d426359eac@group-AE8BA0B9126D-SegmentedRaftLogWorker: Starting segment from index:0
2022-06-27 16:54:28,091 [e149a773-6f80-4200-b489-f1fdfcbd08b4-server-thread1] INFO  segmented.SegmentedRaftLogWorker (SegmentedRaftLogWorker.java:startLogSegment(425)) - e149a773-6f80-4200-b489-f1fdfcbd08b4@group-AE8BA0B9126D-SegmentedRaftLogWorker: Starting segment from index:0
2022-06-27 16:54:28,093 [e149a773-6f80-4200-b489-f1fdfcbd08b4@group-AE8BA0B9126D-SegmentedRaftLogWorker] INFO  segmented.SegmentedRaftLogWorker (SegmentedRaftLogWorker.java:execute(629)) - e149a773-6f80-4200-b489-f1fdfcbd08b4@group-AE8BA0B9126D-SegmentedRaftLogWorker: created new log segment /home/runner/work/ozone/ozone/hadoop-ozone/integration-test/target/test-dir/MiniOzoneClusterImpl-4b25a9da-6f8d-4450-a121-db50b250e675/datanode-2/data/ratis/1a99b9fa-2352-4f01-b7ca-ae8ba0b9126d/current/log_inprogress_0
2022-06-27 16:54:28,093 [28725b92-7534-4808-bd3a-f7d426359eac@group-AE8BA0B9126D-SegmentedRaftLogWorker] INFO  segmented.SegmentedRaftLogWorker (SegmentedRaftLogWorker.java:execute(629)) - 28725b92-7534-4808-bd3a-f7d426359eac@group-AE8BA0B9126D-SegmentedRaftLogWorker: created new log segment /home/runner/work/ozone/ozone/hadoop-ozone/integration-test/target/test-dir/MiniOzoneClusterImpl-4b25a9da-6f8d-4450-a121-db50b250e675/datanode-0/data/ratis/1a99b9fa-2352-4f01-b7ca-ae8ba0b9126d/current/log_inprogress_0
2022-06-27 16:54:28,648 [ccff8009-bc9c-45e1-9925-30de1c0d3a9d@group-4F5B199DD27A-FollowerState] INFO  impl.FollowerState (FollowerState.java:run(143)) - ccff8009-bc9c-45e1-9925-30de1c0d3a9d@group-4F5B199DD27A-FollowerState: change to CANDIDATE, lastRpcElapsedTime:5098466054ns, electionTimeout:5086ms
2022-06-27 16:54:28,648 [ccff8009-bc9c-45e1-9925-30de1c0d3a9d@group-4F5B199DD27A-FollowerState] INFO  impl.RoleInfo (RoleInfo.java:shutdownFollowerState(110)) - ccff8009-bc9c-45e1-9925-30de1c0d3a9d: shutdown ccff8009-bc9c-45e1-9925-30de1c0d3a9d@group-4F5B199DD27A-FollowerState
2022-06-27 16:54:28,648 [ccff8009-bc9c-45e1-9925-30de1c0d3a9d@group-4F5B199DD27A-FollowerState] INFO  server.RaftServer$Division (RaftServerImpl.java:setRole(299)) - ccff8009-bc9c-45e1-9925-30de1c0d3a9d@group-4F5B199DD27A: changes role from  FOLLOWER to CANDIDATE at term 1 for changeToCandidate
2022-06-27 16:54:28,648 [ccff8009-bc9c-45e1-9925-30de1c0d3a9d@group-4F5B199DD27A-FollowerState] INFO  server.RaftServerConfigKeys (ConfUtils.java:logGet(46)) - raft.server.leaderelection.pre-vote = false (custom)
2022-06-27 16:54:28,649 [ccff8009-bc9c-45e1-9925-30de1c0d3a9d@group-4F5B199DD27A-FollowerState] INFO  impl.RoleInfo (RoleInfo.java:updateAndGet(139)) - ccff8009-bc9c-45e1-9925-30de1c0d3a9d: start ccff8009-bc9c-45e1-9925-30de1c0d3a9d@group-4F5B199DD27A-LeaderElection10
2022-06-27 16:54:28,652 [ccff8009-bc9c-45e1-9925-30de1c0d3a9d@group-4F5B199DD27A-LeaderElection10] INFO  impl.LeaderElection (LeaderElection.java:askForVotes(310)) - ccff8009-bc9c-45e1-9925-30de1c0d3a9d@group-4F5B199DD27A-LeaderElection10 ELECTION round 0: submit vote requests at term 2 for -1: [ccff8009-bc9c-45e1-9925-30de1c0d3a9d|rpc:10.1.0.22:41485|priority:0, 28725b92-7534-4808-bd3a-f7d426359eac|rpc:10.1.0.22:46711|priority:0, e149a773-6f80-4200-b489-f1fdfcbd08b4|rpc:10.1.0.22:46641|priority:1], old=null
2022-06-27 16:54:28,662 [grpc-default-executor-2] INFO  server.RaftServer$Division (RaftServerImpl.java:requestVote(1152)) - 28725b92-7534-4808-bd3a-f7d426359eac@group-4F5B199DD27A: receive requestVote(ELECTION, ccff8009-bc9c-45e1-9925-30de1c0d3a9d, group-4F5B199DD27A, 2, (t:0, i:0))
2022-06-27 16:54:28,663 [grpc-default-executor-2] INFO  impl.VoteContext (VoteContext.java:log(48)) - 28725b92-7534-4808-bd3a-f7d426359eac@group-4F5B199DD27A-FOLLOWER: accept ELECTION from ccff8009-bc9c-45e1-9925-30de1c0d3a9d: our priority 0 <= candidate's priority 0
2022-06-27 16:54:28,663 [grpc-default-executor-2] INFO  server.RaftServer$Division (RaftServerImpl.java:setRole(299)) - 28725b92-7534-4808-bd3a-f7d426359eac@group-4F5B199DD27A: changes role from  FOLLOWER to FOLLOWER at term 2 for candidate:ccff8009-bc9c-45e1-9925-30de1c0d3a9d
2022-06-27 16:54:28,663 [grpc-default-executor-2] INFO  impl.RoleInfo (RoleInfo.java:shutdownFollowerState(110)) - 28725b92-7534-4808-bd3a-f7d426359eac: shutdown 28725b92-7534-4808-bd3a-f7d426359eac@group-4F5B199DD27A-FollowerState
2022-06-27 16:54:28,663 [grpc-default-executor-2] INFO  impl.RoleInfo (RoleInfo.java:updateAndGet(139)) - 28725b92-7534-4808-bd3a-f7d426359eac: start 28725b92-7534-4808-bd3a-f7d426359eac@group-4F5B199DD27A-FollowerState
2022-06-27 16:54:28,665 [28725b92-7534-4808-bd3a-f7d426359eac@group-4F5B199DD27A-FollowerState] INFO  impl.FollowerState (FollowerState.java:run(152)) - 28725b92-7534-4808-bd3a-f7d426359eac@group-4F5B199DD27A-FollowerState was interrupted
2022-06-27 16:54:28,673 [grpc-default-executor-1] INFO  server.RaftServer$Division (RaftServerImpl.java:requestVote(1152)) - e149a773-6f80-4200-b489-f1fdfcbd08b4@group-4F5B199DD27A: receive requestVote(ELECTION, ccff8009-bc9c-45e1-9925-30de1c0d3a9d, group-4F5B199DD27A, 2, (t:0, i:0))
2022-06-27 16:54:28,673 [grpc-default-executor-2] INFO  server.RaftServer$Division (RaftServerImpl.java:requestVote(1184)) - 28725b92-7534-4808-bd3a-f7d426359eac@group-4F5B199DD27A replies to ELECTION vote request: ccff8009-bc9c-45e1-9925-30de1c0d3a9d<-28725b92-7534-4808-bd3a-f7d426359eac#0:OK-t2. Peer's state: 28725b92-7534-4808-bd3a-f7d426359eac@group-4F5B199DD27A:t2, leader=null, voted=ccff8009-bc9c-45e1-9925-30de1c0d3a9d, raftlog=28725b92-7534-4808-bd3a-f7d426359eac@group-4F5B199DD27A-SegmentedRaftLog:OPENED:c-1, conf=-1: [ccff8009-bc9c-45e1-9925-30de1c0d3a9d|rpc:10.1.0.22:41485|priority:0, 28725b92-7534-4808-bd3a-f7d426359eac|rpc:10.1.0.22:46711|priority:0, e149a773-6f80-4200-b489-f1fdfcbd08b4|rpc:10.1.0.22:46641|priority:1], old=null
2022-06-27 16:54:28,673 [grpc-default-executor-1] INFO  impl.VoteContext (VoteContext.java:log(48)) - e149a773-6f80-4200-b489-f1fdfcbd08b4@group-4F5B199DD27A-FOLLOWER: reject ELECTION from ccff8009-bc9c-45e1-9925-30de1c0d3a9d: our priority 1 > candidate's priority 0
2022-06-27 16:54:28,674 [grpc-default-executor-1] INFO  server.RaftServer$Division (RaftServerImpl.java:setRole(299)) - e149a773-6f80-4200-b489-f1fdfcbd08b4@group-4F5B199DD27A: changes role from  FOLLOWER to FOLLOWER at term 2 for candidate:ccff8009-bc9c-45e1-9925-30de1c0d3a9d
2022-06-27 16:54:28,674 [grpc-default-executor-1] INFO  impl.RoleInfo (RoleInfo.java:shutdownFollowerState(110)) - e149a773-6f80-4200-b489-f1fdfcbd08b4: shutdown e149a773-6f80-4200-b489-f1fdfcbd08b4@group-4F5B199DD27A-FollowerState
2022-06-27 16:54:28,674 [grpc-default-executor-1] INFO  impl.RoleInfo (RoleInfo.java:updateAndGet(139)) - e149a773-6f80-4200-b489-f1fdfcbd08b4: start e149a773-6f80-4200-b489-f1fdfcbd08b4@group-4F5B199DD27A-FollowerState
2022-06-27 16:54:28,674 [e149a773-6f80-4200-b489-f1fdfcbd08b4@group-4F5B199DD27A-FollowerState] INFO  impl.FollowerState (FollowerState.java:run(152)) - e149a773-6f80-4200-b489-f1fdfcbd08b4@group-4F5B199DD27A-FollowerState was interrupted
2022-06-27 16:54:28,677 [grpc-default-executor-1] INFO  server.RaftServer$Division (RaftServerImpl.java:requestVote(1184)) - e149a773-6f80-4200-b489-f1fdfcbd08b4@group-4F5B199DD27A replies to ELECTION vote request: ccff8009-bc9c-45e1-9925-30de1c0d3a9d<-e149a773-6f80-4200-b489-f1fdfcbd08b4#0:FAIL-t2. Peer's state: e149a773-6f80-4200-b489-f1fdfcbd08b4@group-4F5B199DD27A:t2, leader=null, voted=null, raftlog=e149a773-6f80-4200-b489-f1fdfcbd08b4@group-4F5B199DD27A-SegmentedRaftLog:OPENED:c-1, conf=-1: [ccff8009-bc9c-45e1-9925-30de1c0d3a9d|rpc:10.1.0.22:41485|priority:0, 28725b92-7534-4808-bd3a-f7d426359eac|rpc:10.1.0.22:46711|priority:0, e149a773-6f80-4200-b489-f1fdfcbd08b4|rpc:10.1.0.22:46641|priority:1], old=null
2022-06-27 16:54:28,683 [ccff8009-bc9c-45e1-9925-30de1c0d3a9d@group-4F5B199DD27A-LeaderElection10] INFO  impl.LeaderElection (LeaderElection.java:logAndReturn(90)) - ccff8009-bc9c-45e1-9925-30de1c0d3a9d@group-4F5B199DD27A-LeaderElection10: ELECTION REJECTED received 2 response(s) and 0 exception(s):
2022-06-27 16:54:28,683 [ccff8009-bc9c-45e1-9925-30de1c0d3a9d@group-4F5B199DD27A-LeaderElection10] INFO  impl.LeaderElection (LeaderElection.java:logAndReturn(94)) -   Response 0: ccff8009-bc9c-45e1-9925-30de1c0d3a9d<-28725b92-7534-4808-bd3a-f7d426359eac#0:OK-t2
2022-06-27 16:54:28,683 [ccff8009-bc9c-45e1-9925-30de1c0d3a9d@group-4F5B199DD27A-LeaderElection10] INFO  impl.LeaderElection (LeaderElection.java:logAndReturn(94)) -   Response 1: ccff8009-bc9c-45e1-9925-30de1c0d3a9d<-e149a773-6f80-4200-b489-f1fdfcbd08b4#0:FAIL-t2
2022-06-27 16:54:28,683 [ccff8009-bc9c-45e1-9925-30de1c0d3a9d@group-4F5B199DD27A-LeaderElection10] INFO  impl.LeaderElection (LeaderElection.java:askForVotes(312)) - ccff8009-bc9c-45e1-9925-30de1c0d3a9d@group-4F5B199DD27A-LeaderElection10 ELECTION round 0: result REJECTED
2022-06-27 16:54:28,683 [ccff8009-bc9c-45e1-9925-30de1c0d3a9d@group-4F5B199DD27A-LeaderElection10] INFO  server.RaftServer$Division (RaftServerImpl.java:setRole(299)) - ccff8009-bc9c-45e1-9925-30de1c0d3a9d@group-4F5B199DD27A: changes role from CANDIDATE to FOLLOWER at term 2 for REJECTED
2022-06-27 16:54:28,683 [ccff8009-bc9c-45e1-9925-30de1c0d3a9d@group-4F5B199DD27A-LeaderElection10] INFO  impl.RoleInfo (RoleInfo.java:shutdownLeaderElection(130)) - ccff8009-bc9c-45e1-9925-30de1c0d3a9d: shutdown ccff8009-bc9c-45e1-9925-30de1c0d3a9d@group-4F5B199DD27A-LeaderElection10
2022-06-27 16:54:28,683 [ccff8009-bc9c-45e1-9925-30de1c0d3a9d@group-4F5B199DD27A-LeaderElection10] INFO  impl.RoleInfo (RoleInfo.java:updateAndGet(139)) - ccff8009-bc9c-45e1-9925-30de1c0d3a9d: start ccff8009-bc9c-45e1-9925-30de1c0d3a9d@group-4F5B199DD27A-FollowerState
2022-06-27 16:54:28,689 [Time-limited test] INFO  rpc.RpcClient (RpcClient.java:createVolume(466)) - Creating Volume: volume79181, with user41260 as owner and space quota set to -1 bytes, counts quota set to -1
2022-06-27 16:54:28,738 [OM StateMachine ApplyTransaction Thread - 0] INFO  volume.OMVolumeCreateRequest (OMVolumeCreateRequest.java:validateAndUpdateCache(195)) - created volume:volume79181 for user:user41260
2022-06-27 16:54:28,759 [Time-limited test] INFO  rpc.RpcClient (RpcClient.java:createBucket(666)) - Creating Bucket: volume79181/bucket27221, with the Bucket Layout LEGACY, runner as owner, Versioning false, Storage Type set to DISK and Encryption set to false 
2022-06-27 16:54:28,771 [OM StateMachine ApplyTransaction Thread - 0] INFO  bucket.OMBucketCreateRequest (OMBucketCreateRequest.java:validateAndUpdateCache(260)) - created bucket: bucket27221 of layout LEGACY in volume: volume79181
2022-06-27 16:54:28,865 [IPC Server handler 0 on default port 34301] INFO  ha.SequenceIdGenerator (SequenceIdGenerator.java:getNextId(127)) - Allocate a batch for containerId, change lastId from 0 to 1000.
2022-06-27 16:54:28,874 [IPC Server handler 0 on default port 34301] WARN  ha.SequenceIdGenerator (SequenceIdGenerator.java:allocateBatch(235)) - Failed to allocate a batch for localId, expected lastId is 0, actual lastId is 109611004723200000.
2022-06-27 16:54:28,875 [IPC Server handler 0 on default port 34301] INFO  ha.SequenceIdGenerator (SequenceIdGenerator.java:getNextId(127)) - Allocate a batch for localId, change lastId from 109611004723200000 to 109611004723201000.
16:54:28.935 [IPC Server handler 17 on default port 44473] ERROR OMAudit - user=runner | ip=127.0.0.1 | op=GET_FILE_STATUS {volume=volume79181, bucket=bucket27221, key=dir859/file1, dataSize=0, replicationConfig=null} | ret=FAILURE
org.apache.hadoop.ozone.om.exceptions.OMException: Unable to get file status: volume: volume79181 bucket: bucket27221 key: dir859/file1
	at org.apache.hadoop.ozone.om.KeyManagerImpl.getOzoneFileStatus(KeyManagerImpl.java:1311) ~[ozone-manager-1.3.0-SNAPSHOT.jar:?]
	at org.apache.hadoop.ozone.om.KeyManagerImpl.getFileStatus(KeyManagerImpl.java:1241) ~[ozone-manager-1.3.0-SNAPSHOT.jar:?]
	at org.apache.hadoop.ozone.om.OzoneManager.getFileStatus(OzoneManager.java:3419) ~[ozone-manager-1.3.0-SNAPSHOT.jar:?]
	at org.apache.hadoop.ozone.protocolPB.OzoneManagerRequestHandler.getOzoneFileStatus(OzoneManagerRequestHandler.java:871) ~[ozone-manager-1.3.0-SNAPSHOT.jar:?]
	at org.apache.hadoop.ozone.protocolPB.OzoneManagerRequestHandler.handleReadRequest(OzoneManagerRequestHandler.java:217) ~[ozone-manager-1.3.0-SNAPSHOT.jar:?]
	at org.apache.hadoop.ozone.protocolPB.OzoneManagerProtocolServerSideTranslatorPB.submitReadRequestToOM(OzoneManagerProtocolServerSideTranslatorPB.java:226) ~[ozone-manager-1.3.0-SNAPSHOT.jar:?]
	at org.apache.hadoop.ozone.protocolPB.OzoneManagerProtocolServerSideTranslatorPB.processRequest(OzoneManagerProtocolServerSideTranslatorPB.java:175) ~[ozone-manager-1.3.0-SNAPSHOT.jar:?]
	at org.apache.hadoop.hdds.server.OzoneProtocolMessageDispatcher.processRequest(OzoneProtocolMessageDispatcher.java:87) [hdds-server-framework-1.3.0-SNAPSHOT.jar:?]
	at org.apache.hadoop.ozone.protocolPB.OzoneManagerProtocolServerSideTranslatorPB.submitRequest(OzoneManagerProtocolServerSideTranslatorPB.java:147) [ozone-manager-1.3.0-SNAPSHOT.jar:?]
	at org.apache.hadoop.ozone.protocol.proto.OzoneManagerProtocolProtos$OzoneManagerService$2.callBlockingMethod(OzoneManagerProtocolProtos.java) [ozone-interface-client-1.3.0-SNAPSHOT.jar:?]
	at org.apache.hadoop.ipc.ProtobufRpcEngine$Server.processCall(ProtobufRpcEngine.java:466) [hadoop-common-3.3.1.jar:?]
	at org.apache.hadoop.ipc.ProtobufRpcEngine2$Server$ProtoBufRpcInvoker.call(ProtobufRpcEngine2.java:574) [hadoop-common-3.3.1.jar:?]
	at org.apache.hadoop.ipc.ProtobufRpcEngine2$Server$ProtoBufRpcInvoker.call(ProtobufRpcEngine2.java:552) [hadoop-common-3.3.1.jar:?]
	at org.apache.hadoop.ipc.RPC$Server.call(RPC.java:1093) [hadoop-common-3.3.1.jar:?]
	at org.apache.hadoop.ipc.Server$RpcCall.run(Server.java:1035) [hadoop-common-3.3.1.jar:?]
	at org.apache.hadoop.ipc.Server$RpcCall.run(Server.java:963) [hadoop-common-3.3.1.jar:?]
	at java.security.AccessController.doPrivileged(Native Method) ~[?:1.8.0_332]
	at javax.security.auth.Subject.doAs(Subject.java:422) [?:1.8.0_332]
	at org.apache.hadoop.security.UserGroupInformation.doAs(UserGroupInformation.java:1878) [hadoop-common-3.3.1.jar:?]
	at org.apache.hadoop.ipc.Server$Handler.run(Server.java:2966) [hadoop-common-3.3.1.jar:?]
]]></system-out>
  </testcase>
  <testcase name="testRenameFile" classname="TestRootedOzoneFileSystem" time="0.284">
    <system-out><![CDATA[2022-06-27 16:54:46,567 [Listener at 127.0.0.1/44473] INFO  ozone.MiniOzoneClusterImpl (MiniOzoneClusterImpl.java:shutdown(460)) - Shutting down the Mini Ozone Cluster
2022-06-27 16:54:46,568 [Listener at 127.0.0.1/44473] INFO  ozone.MiniOzoneClusterImpl (MiniOzoneClusterImpl.java:stop(475)) - Stopping the Mini Ozone Cluster
2022-06-27 16:54:46,568 [Listener at 127.0.0.1/44473] INFO  ozone.MiniOzoneClusterImpl (MiniOzoneClusterImpl.java:stopOM(557)) - Stopping the OzoneManager
2022-06-27 16:54:46,568 [Listener at 127.0.0.1/44473] INFO  om.OzoneManager (OzoneManager.java:stop(2020)) - om1[localhost:0]: Stopping Ozone Manager
2022-06-27 16:54:46,568 [Listener at 127.0.0.1/44473] INFO  ipc.Server (Server.java:stop(3414)) - Stopping server on 44473
2022-06-27 16:54:46,572 [IPC Server Responder] INFO  ipc.Server (Server.java:run(1512)) - Stopping IPC Server Responder
2022-06-27 16:54:46,572 [IPC Server listener on 0] INFO  ipc.Server (Server.java:run(1376)) - Stopping IPC Server listener on 0
2022-06-27 16:54:46,577 [Listener at 127.0.0.1/44473] INFO  server.RaftServer (RaftServerProxy.java:lambda$close$7(398)) - om1: close
2022-06-27 16:54:46,578 [Listener at 127.0.0.1/44473] INFO  server.RaftServer$Division (RaftServerImpl.java:lambda$close$4(434)) - om1@group-C5BA1605619E: shutdown
2022-06-27 16:54:46,578 [Listener at 127.0.0.1/44473] INFO  util.JmxRegister (JmxRegister.java:unregister(73)) - Successfully un-registered JMX Bean with object name Ratis:service=RaftServer,group=group-C5BA1605619E,id=om1
2022-06-27 16:54:46,578 [Listener at 127.0.0.1/44473] INFO  impl.RoleInfo (RoleInfo.java:shutdownLeaderState(93)) - om1: shutdown om1@group-C5BA1605619E-LeaderStateImpl
2022-06-27 16:54:46,579 [Listener at 127.0.0.1/44473] INFO  impl.PendingRequests (PendingRequests.java:sendNotLeaderResponses(282)) - om1@group-C5BA1605619E-PendingRequests: sendNotLeaderResponses
2022-06-27 16:54:46,582 [om1@group-C5BA1605619E-StateMachineUpdater] INFO  ratis.OzoneManagerStateMachine (OzoneManagerStateMachine.java:takeSnapshot(441)) - Current Snapshot Index (t:1, i:6816)
2022-06-27 16:54:46,584 [om1@group-C5BA1605619E-StateMachineUpdater] INFO  impl.StateMachineUpdater (StateMachineUpdater.java:takeSnapshot(287)) - om1@group-C5BA1605619E-StateMachineUpdater: Took a snapshot at index 6816
2022-06-27 16:54:46,584 [om1@group-C5BA1605619E-StateMachineUpdater] INFO  impl.StateMachineUpdater (StateMachineUpdater.java:lambda$new$0(92)) - om1@group-C5BA1605619E-StateMachineUpdater: snapshotIndex: updateIncreasingly -1 -> 6816
2022-06-27 16:54:46,584 [om1@group-C5BA1605619E-StateMachineUpdater] INFO  ratis.OzoneManagerStateMachine (OzoneManagerStateMachine.java:close(495)) - StateMachine has shutdown. Shutdown OzoneManager if not already shutdown.
2022-06-27 16:54:46,584 [om1@group-C5BA1605619E-StateMachineUpdater] INFO  ratis.OzoneManagerDoubleBuffer (OzoneManagerDoubleBuffer.java:stop(465)) - Stopping OMDoubleBuffer flush thread
2022-06-27 16:54:46,584 [OMDoubleBufferFlushThread] INFO  ratis.OzoneManagerDoubleBuffer (OzoneManagerDoubleBuffer.java:flushTransactions(385)) - OMDoubleBuffer flush thread OMDoubleBufferFlushThread is interrupted and will exit.
2022-06-27 16:54:46,584 [Listener at 127.0.0.1/44473] INFO  impl.StateMachineUpdater (StateMachineUpdater.java:stopAndJoin(153)) - om1@group-C5BA1605619E-StateMachineUpdater: set stopIndex = 6816
2022-06-27 16:54:46,586 [Listener at 127.0.0.1/44473] INFO  server.RaftServer$Division (ServerState.java:close(429)) - om1@group-C5BA1605619E: closes. applyIndex: 6816
2022-06-27 16:54:46,588 [om1@group-C5BA1605619E-SegmentedRaftLogWorker] INFO  segmented.SegmentedRaftLogWorker (SegmentedRaftLogWorker.java:run(336)) - om1@group-C5BA1605619E-SegmentedRaftLogWorker was interrupted, exiting. There are 0 tasks remaining in the queue.
2022-06-27 16:54:46,590 [Listener at 127.0.0.1/44473] INFO  segmented.SegmentedRaftLogWorker (SegmentedRaftLogWorker.java:close(246)) - om1@group-C5BA1605619E-SegmentedRaftLogWorker close()
2022-06-27 16:54:46,591 [Listener at 127.0.0.1/44473] INFO  server.GrpcService (GrpcService.java:closeImpl(269)) - om1: shutdown server with port 9872 now
2022-06-27 16:54:46,598 [Listener at 127.0.0.1/44473] INFO  server.GrpcService (GrpcService.java:closeImpl(278)) - om1: shutdown server with port 9872 successfully
2022-06-27 16:54:46,598 [org.apache.ratis.util.JvmPauseMonitor$$Lambda$611/5070432@511f3350] INFO  util.JvmPauseMonitor (JvmPauseMonitor.java:run(109)) - JvmPauseMonitor-om1: Stopped
2022-06-27 16:54:46,598 [Listener at 127.0.0.1/44473] INFO  ratis.OzoneManagerStateMachine (OzoneManagerStateMachine.java:close(495)) - StateMachine has shutdown. Shutdown OzoneManager if not already shutdown.
2022-06-27 16:54:46,598 [Listener at 127.0.0.1/44473] INFO  ratis.OzoneManagerDoubleBuffer (OzoneManagerDoubleBuffer.java:stop(477)) - OMDoubleBuffer flush thread is not running.
2022-06-27 16:54:46,599 [Listener at 127.0.0.1/44473] INFO  utils.BackgroundService (BackgroundService.java:shutdown(132)) - Shutting down service KeyDeletingService
2022-06-27 16:54:46,599 [Listener at 127.0.0.1/44473] INFO  utils.BackgroundService (BackgroundService.java:shutdown(132)) - Shutting down service DirectoryDeletingService
2022-06-27 16:54:46,599 [Listener at 127.0.0.1/44473] INFO  utils.BackgroundService (BackgroundService.java:shutdown(132)) - Shutting down service OpenKeyCleanupService
2022-06-27 16:54:46,601 [Listener at 127.0.0.1/44473] INFO  handler.ContextHandler (ContextHandler.java:doStop(1153)) - Stopped o.e.j.w.WebAppContext@40285739{ozoneManager,/,null,STOPPED}{file:/home/runner/work/ozone/ozone/hadoop-ozone/integration-test/target/test-classes/webapps/ozoneManager}
2022-06-27 16:54:46,604 [Listener at 127.0.0.1/44473] INFO  server.AbstractConnector (AbstractConnector.java:doStop(381)) - Stopped ServerConnector@1540be61{HTTP/1.1, (http/1.1)}{0.0.0.0:0}
2022-06-27 16:54:46,604 [Listener at 127.0.0.1/44473] INFO  server.session (HouseKeeper.java:stopScavenging(149)) - node0 Stopped scavenging
2022-06-27 16:54:46,605 [Listener at 127.0.0.1/44473] INFO  handler.ContextHandler (ContextHandler.java:doStop(1153)) - Stopped o.e.j.s.ServletContextHandler@4cdedf52{static,/static,file:///home/runner/work/ozone/ozone/hadoop-ozone/integration-test/target/test-classes/webapps/static,STOPPED}
2022-06-27 16:54:46,605 [Listener at 127.0.0.1/44473] INFO  handler.ContextHandler (ContextHandler.java:doStop(1153)) - Stopped o.e.j.s.ServletContextHandler@750a0bfe{logs,/logs,file:///home/runner/work/ozone/ozone/hadoop-ozone/integration-test/target/log,STOPPED}
2022-06-27 16:54:46,606 [Trash Emptier] ERROR util.ExitUtils (ExitUtils.java:terminate(133)) - Terminating with exit status -1: Thread[Trash Emptier,5,main] has thrown an uncaught exception
java.lang.UnsupportedOperationException: fs.getUri() not implemented in TrashOzoneFileSystem
	at org.apache.hadoop.ozone.om.TrashOzoneFileSystem.getUri(TrashOzoneFileSystem.java:126)
	at org.apache.hadoop.fs.FileSystem.close(FileSystem.java:2592)
	at org.apache.hadoop.ozone.om.TrashPolicyOzone$Emptier.run(TrashPolicyOzone.java:243)
	at java.lang.Thread.run(Thread.java:750)
2022-06-27 16:54:46,609 [Listener at 127.0.0.1/44473] INFO  ozone.MiniOzoneClusterImpl (MiniOzoneClusterImpl.java:stopDatanodes(534)) - Stopping the HddsDatanodes
2022-06-27 16:54:51,613 [Listener at 127.0.0.1/44473] INFO  ozoneimpl.OzoneContainer (OzoneContainer.java:stop(365)) - Attempting to stop container services.
2022-06-27 16:54:51,613 [ForkJoinPool.commonPool-worker-0] INFO  ozoneimpl.OzoneContainer (OzoneContainer.java:stop(365)) - Attempting to stop container services.
2022-06-27 16:54:51,617 [ForkJoinPool.commonPool-worker-0] INFO  server.RaftServer (RaftServerProxy.java:lambda$close$7(398)) - ccff8009-bc9c-45e1-9925-30de1c0d3a9d: close
2022-06-27 16:54:51,617 [ForkJoinPool.commonPool-worker-0] INFO  server.RaftServer$Division (RaftServerImpl.java:lambda$close$4(434)) - ccff8009-bc9c-45e1-9925-30de1c0d3a9d@group-838A1B189DBB: shutdown
2022-06-27 16:54:51,617 [ForkJoinPool.commonPool-worker-0] INFO  util.JmxRegister (JmxRegister.java:unregister(73)) - Successfully un-registered JMX Bean with object name Ratis:service=RaftServer,group=group-838A1B189DBB,id=ccff8009-bc9c-45e1-9925-30de1c0d3a9d
2022-06-27 16:54:51,617 [ForkJoinPool.commonPool-worker-0] INFO  impl.RoleInfo (RoleInfo.java:shutdownLeaderState(93)) - ccff8009-bc9c-45e1-9925-30de1c0d3a9d: shutdown ccff8009-bc9c-45e1-9925-30de1c0d3a9d@group-838A1B189DBB-LeaderStateImpl
2022-06-27 16:54:51,617 [ForkJoinPool.commonPool-worker-0] INFO  impl.PendingRequests (PendingRequests.java:sendNotLeaderResponses(282)) - ccff8009-bc9c-45e1-9925-30de1c0d3a9d@group-838A1B189DBB-PendingRequests: sendNotLeaderResponses
2022-06-27 16:54:51,618 [Listener at 127.0.0.1/44473] INFO  server.RaftServer (RaftServerProxy.java:lambda$close$7(398)) - e149a773-6f80-4200-b489-f1fdfcbd08b4: close
2022-06-27 16:54:51,618 [Listener at 127.0.0.1/44473] INFO  server.RaftServer$Division (RaftServerImpl.java:lambda$close$4(434)) - e149a773-6f80-4200-b489-f1fdfcbd08b4@group-AE8BA0B9126D: shutdown
2022-06-27 16:54:51,618 [Listener at 127.0.0.1/44473] INFO  util.JmxRegister (JmxRegister.java:unregister(73)) - Successfully un-registered JMX Bean with object name Ratis:service=RaftServer,group=group-AE8BA0B9126D,id=e149a773-6f80-4200-b489-f1fdfcbd08b4
2022-06-27 16:54:51,619 [Listener at 127.0.0.1/44473] INFO  impl.RoleInfo (RoleInfo.java:shutdownFollowerState(110)) - e149a773-6f80-4200-b489-f1fdfcbd08b4: shutdown e149a773-6f80-4200-b489-f1fdfcbd08b4@group-AE8BA0B9126D-FollowerState
2022-06-27 16:54:51,619 [ccff8009-bc9c-45e1-9925-30de1c0d3a9d@group-838A1B189DBB-StateMachineUpdater] INFO  ratis.ContainerStateMachine (ContainerStateMachine.java:takeSnapshot(304)) - group-838A1B189DBB: Taking a snapshot at:(t:1, i:0) file /home/runner/work/ozone/ozone/hadoop-ozone/integration-test/target/test-dir/MiniOzoneClusterImpl-4b25a9da-6f8d-4450-a121-db50b250e675/datanode-1/data/ratis/40ca3563-3a4f-4d3f-99a0-838a1b189dbb/sm/snapshot.1_0
2022-06-27 16:54:51,619 [e149a773-6f80-4200-b489-f1fdfcbd08b4@group-AE8BA0B9126D-FollowerState] INFO  impl.FollowerState (FollowerState.java:run(152)) - e149a773-6f80-4200-b489-f1fdfcbd08b4@group-AE8BA0B9126D-FollowerState was interrupted
2022-06-27 16:54:51,619 [e149a773-6f80-4200-b489-f1fdfcbd08b4@group-AE8BA0B9126D-StateMachineUpdater] INFO  ratis.ContainerStateMachine (ContainerStateMachine.java:takeSnapshot(304)) - group-AE8BA0B9126D: Taking a snapshot at:(t:2, i:31) file /home/runner/work/ozone/ozone/hadoop-ozone/integration-test/target/test-dir/MiniOzoneClusterImpl-4b25a9da-6f8d-4450-a121-db50b250e675/datanode-2/data/ratis/1a99b9fa-2352-4f01-b7ca-ae8ba0b9126d/sm/snapshot.2_31
2022-06-27 16:54:51,620 [Listener at 127.0.0.1/44473] INFO  impl.StateMachineUpdater (StateMachineUpdater.java:stopAndJoin(153)) - e149a773-6f80-4200-b489-f1fdfcbd08b4@group-AE8BA0B9126D-StateMachineUpdater: set stopIndex = 31
2022-06-27 16:54:51,618 [ForkJoinPool.commonPool-worker-0] INFO  impl.StateMachineUpdater (StateMachineUpdater.java:stopAndJoin(153)) - ccff8009-bc9c-45e1-9925-30de1c0d3a9d@group-838A1B189DBB-StateMachineUpdater: set stopIndex = 0
2022-06-27 16:54:51,651 [ccff8009-bc9c-45e1-9925-30de1c0d3a9d@group-838A1B189DBB-StateMachineUpdater] INFO  ratis.ContainerStateMachine (ContainerStateMachine.java:takeSnapshot(315)) - group-838A1B189DBB: Finished taking a snapshot at:(t:1, i:0) file:/home/runner/work/ozone/ozone/hadoop-ozone/integration-test/target/test-dir/MiniOzoneClusterImpl-4b25a9da-6f8d-4450-a121-db50b250e675/datanode-1/data/ratis/40ca3563-3a4f-4d3f-99a0-838a1b189dbb/sm/snapshot.1_0 took: 32 ms
2022-06-27 16:54:51,652 [ccff8009-bc9c-45e1-9925-30de1c0d3a9d@group-838A1B189DBB-StateMachineUpdater] INFO  impl.StateMachineUpdater (StateMachineUpdater.java:takeSnapshot(287)) - ccff8009-bc9c-45e1-9925-30de1c0d3a9d@group-838A1B189DBB-StateMachineUpdater: Took a snapshot at index 0
2022-06-27 16:54:51,652 [ccff8009-bc9c-45e1-9925-30de1c0d3a9d@group-838A1B189DBB-StateMachineUpdater] INFO  impl.StateMachineUpdater (StateMachineUpdater.java:lambda$new$0(92)) - ccff8009-bc9c-45e1-9925-30de1c0d3a9d@group-838A1B189DBB-StateMachineUpdater: snapshotIndex: updateIncreasingly -1 -> 0
2022-06-27 16:54:51,655 [e149a773-6f80-4200-b489-f1fdfcbd08b4@group-AE8BA0B9126D-StateMachineUpdater] INFO  ratis.ContainerStateMachine (ContainerStateMachine.java:takeSnapshot(315)) - group-AE8BA0B9126D: Finished taking a snapshot at:(t:2, i:31) file:/home/runner/work/ozone/ozone/hadoop-ozone/integration-test/target/test-dir/MiniOzoneClusterImpl-4b25a9da-6f8d-4450-a121-db50b250e675/datanode-2/data/ratis/1a99b9fa-2352-4f01-b7ca-ae8ba0b9126d/sm/snapshot.2_31 took: 36 ms
2022-06-27 16:54:51,655 [e149a773-6f80-4200-b489-f1fdfcbd08b4@group-AE8BA0B9126D-StateMachineUpdater] INFO  impl.StateMachineUpdater (StateMachineUpdater.java:takeSnapshot(287)) - e149a773-6f80-4200-b489-f1fdfcbd08b4@group-AE8BA0B9126D-StateMachineUpdater: Took a snapshot at index 31
2022-06-27 16:54:51,655 [e149a773-6f80-4200-b489-f1fdfcbd08b4@group-AE8BA0B9126D-StateMachineUpdater] INFO  impl.StateMachineUpdater (StateMachineUpdater.java:lambda$new$0(92)) - e149a773-6f80-4200-b489-f1fdfcbd08b4@group-AE8BA0B9126D-StateMachineUpdater: snapshotIndex: updateIncreasingly -1 -> 31
2022-06-27 16:54:51,657 [ForkJoinPool.commonPool-worker-0] INFO  server.RaftServer$Division (ServerState.java:close(429)) - ccff8009-bc9c-45e1-9925-30de1c0d3a9d@group-838A1B189DBB: closes. applyIndex: 0
2022-06-27 16:54:51,657 [ccff8009-bc9c-45e1-9925-30de1c0d3a9d@group-838A1B189DBB-SegmentedRaftLogWorker] INFO  segmented.SegmentedRaftLogWorker (SegmentedRaftLogWorker.java:run(336)) - ccff8009-bc9c-45e1-9925-30de1c0d3a9d@group-838A1B189DBB-SegmentedRaftLogWorker was interrupted, exiting. There are 0 tasks remaining in the queue.
2022-06-27 16:54:51,657 [ForkJoinPool.commonPool-worker-0] INFO  segmented.SegmentedRaftLogWorker (SegmentedRaftLogWorker.java:close(246)) - ccff8009-bc9c-45e1-9925-30de1c0d3a9d@group-838A1B189DBB-SegmentedRaftLogWorker close()
2022-06-27 16:54:51,658 [Listener at 127.0.0.1/44473] INFO  server.RaftServer$Division (ServerState.java:close(429)) - e149a773-6f80-4200-b489-f1fdfcbd08b4@group-AE8BA0B9126D: closes. applyIndex: 31
2022-06-27 16:54:51,659 [e149a773-6f80-4200-b489-f1fdfcbd08b4@group-AE8BA0B9126D-SegmentedRaftLogWorker] INFO  segmented.SegmentedRaftLogWorker (SegmentedRaftLogWorker.java:run(336)) - e149a773-6f80-4200-b489-f1fdfcbd08b4@group-AE8BA0B9126D-SegmentedRaftLogWorker was interrupted, exiting. There are 0 tasks remaining in the queue.
2022-06-27 16:54:51,659 [ForkJoinPool.commonPool-worker-0] INFO  server.RaftServer$Division (RaftServerImpl.java:lambda$close$4(434)) - ccff8009-bc9c-45e1-9925-30de1c0d3a9d@group-AE8BA0B9126D: shutdown
2022-06-27 16:54:51,659 [ForkJoinPool.commonPool-worker-0] INFO  util.JmxRegister (JmxRegister.java:unregister(73)) - Successfully un-registered JMX Bean with object name Ratis:service=RaftServer,group=group-AE8BA0B9126D,id=ccff8009-bc9c-45e1-9925-30de1c0d3a9d
2022-06-27 16:54:51,659 [ForkJoinPool.commonPool-worker-0] INFO  impl.RoleInfo (RoleInfo.java:shutdownLeaderState(93)) - ccff8009-bc9c-45e1-9925-30de1c0d3a9d: shutdown ccff8009-bc9c-45e1-9925-30de1c0d3a9d@group-AE8BA0B9126D-LeaderStateImpl
2022-06-27 16:54:51,659 [ForkJoinPool.commonPool-worker-0] INFO  impl.PendingRequests (PendingRequests.java:sendNotLeaderResponses(282)) - ccff8009-bc9c-45e1-9925-30de1c0d3a9d@group-AE8BA0B9126D-PendingRequests: sendNotLeaderResponses
2022-06-27 16:54:51,659 [ccff8009-bc9c-45e1-9925-30de1c0d3a9d@group-AE8BA0B9126D->28725b92-7534-4808-bd3a-f7d426359eac-GrpcLogAppender-LogAppenderDaemon] WARN  server.GrpcLogAppender (GrpcLogAppender.java:mayWait(171)) - ccff8009-bc9c-45e1-9925-30de1c0d3a9d@group-AE8BA0B9126D->28725b92-7534-4808-bd3a-f7d426359eac-GrpcLogAppender: Wait interrupted by java.lang.InterruptedException
2022-06-27 16:54:51,660 [Listener at 127.0.0.1/44473] INFO  segmented.SegmentedRaftLogWorker (SegmentedRaftLogWorker.java:close(246)) - e149a773-6f80-4200-b489-f1fdfcbd08b4@group-AE8BA0B9126D-SegmentedRaftLogWorker close()
2022-06-27 16:54:51,661 [ForkJoinPool.commonPool-worker-0] INFO  impl.StateMachineUpdater (StateMachineUpdater.java:stopAndJoin(153)) - ccff8009-bc9c-45e1-9925-30de1c0d3a9d@group-AE8BA0B9126D-StateMachineUpdater: set stopIndex = 31
2022-06-27 16:54:51,662 [ccff8009-bc9c-45e1-9925-30de1c0d3a9d@group-AE8BA0B9126D-StateMachineUpdater] INFO  ratis.ContainerStateMachine (ContainerStateMachine.java:takeSnapshot(304)) - group-AE8BA0B9126D: Taking a snapshot at:(t:2, i:31) file /home/runner/work/ozone/ozone/hadoop-ozone/integration-test/target/test-dir/MiniOzoneClusterImpl-4b25a9da-6f8d-4450-a121-db50b250e675/datanode-1/data/ratis/1a99b9fa-2352-4f01-b7ca-ae8ba0b9126d/sm/snapshot.2_31
2022-06-27 16:54:51,662 [Listener at 127.0.0.1/44473] INFO  server.RaftServer$Division (RaftServerImpl.java:lambda$close$4(434)) - e149a773-6f80-4200-b489-f1fdfcbd08b4@group-4F5B199DD27A: shutdown
2022-06-27 16:54:51,662 [Listener at 127.0.0.1/44473] INFO  util.JmxRegister (JmxRegister.java:unregister(73)) - Successfully un-registered JMX Bean with object name Ratis:service=RaftServer,group=group-4F5B199DD27A,id=e149a773-6f80-4200-b489-f1fdfcbd08b4
2022-06-27 16:54:51,662 [Listener at 127.0.0.1/44473] INFO  impl.RoleInfo (RoleInfo.java:shutdownLeaderState(93)) - e149a773-6f80-4200-b489-f1fdfcbd08b4: shutdown e149a773-6f80-4200-b489-f1fdfcbd08b4@group-4F5B199DD27A-LeaderStateImpl
2022-06-27 16:54:51,663 [Listener at 127.0.0.1/44473] INFO  impl.PendingRequests (PendingRequests.java:sendNotLeaderResponses(282)) - e149a773-6f80-4200-b489-f1fdfcbd08b4@group-4F5B199DD27A-PendingRequests: sendNotLeaderResponses
2022-06-27 16:54:51,663 [Listener at 127.0.0.1/44473] INFO  impl.StateMachineUpdater (StateMachineUpdater.java:stopAndJoin(153)) - e149a773-6f80-4200-b489-f1fdfcbd08b4@group-4F5B199DD27A-StateMachineUpdater: set stopIndex = 0
2022-06-27 16:54:51,664 [grpc-default-executor-1] INFO  server.GrpcServerProtocolService (GrpcServerProtocolService.java:onCompleted(140)) - 28725b92-7534-4808-bd3a-f7d426359eac: Completed APPEND_ENTRIES, lastRequest: ccff8009-bc9c-45e1-9925-30de1c0d3a9d->28725b92-7534-4808-bd3a-f7d426359eac#401-t2,previous=(t:2, i:30),leaderCommit=29,initializing? true,entries: size=1, first=(t:2, i:31), METADATAENTRY(c:29)
2022-06-27 16:54:51,664 [e149a773-6f80-4200-b489-f1fdfcbd08b4@group-4F5B199DD27A-StateMachineUpdater] INFO  ratis.ContainerStateMachine (ContainerStateMachine.java:takeSnapshot(304)) - group-4F5B199DD27A: Taking a snapshot at:(t:3, i:0) file /home/runner/work/ozone/ozone/hadoop-ozone/integration-test/target/test-dir/MiniOzoneClusterImpl-4b25a9da-6f8d-4450-a121-db50b250e675/datanode-2/data/ratis/5e6b6e9b-a531-4a1b-b76e-4f5b199dd27a/sm/snapshot.3_0
2022-06-27 16:54:51,664 [ccff8009-bc9c-45e1-9925-30de1c0d3a9d@group-AE8BA0B9126D-StateMachineUpdater] INFO  ratis.ContainerStateMachine (ContainerStateMachine.java:takeSnapshot(315)) - group-AE8BA0B9126D: Finished taking a snapshot at:(t:2, i:31) file:/home/runner/work/ozone/ozone/hadoop-ozone/integration-test/target/test-dir/MiniOzoneClusterImpl-4b25a9da-6f8d-4450-a121-db50b250e675/datanode-1/data/ratis/1a99b9fa-2352-4f01-b7ca-ae8ba0b9126d/sm/snapshot.2_31 took: 3 ms
2022-06-27 16:54:51,665 [ccff8009-bc9c-45e1-9925-30de1c0d3a9d@group-AE8BA0B9126D-StateMachineUpdater] INFO  impl.StateMachineUpdater (StateMachineUpdater.java:takeSnapshot(287)) - ccff8009-bc9c-45e1-9925-30de1c0d3a9d@group-AE8BA0B9126D-StateMachineUpdater: Took a snapshot at index 31
2022-06-27 16:54:51,665 [ccff8009-bc9c-45e1-9925-30de1c0d3a9d@group-AE8BA0B9126D-StateMachineUpdater] INFO  impl.StateMachineUpdater (StateMachineUpdater.java:lambda$new$0(92)) - ccff8009-bc9c-45e1-9925-30de1c0d3a9d@group-AE8BA0B9126D-StateMachineUpdater: snapshotIndex: updateIncreasingly -1 -> 31
2022-06-27 16:54:51,665 [e149a773-6f80-4200-b489-f1fdfcbd08b4@group-4F5B199DD27A-StateMachineUpdater] INFO  ratis.ContainerStateMachine (ContainerStateMachine.java:takeSnapshot(315)) - group-4F5B199DD27A: Finished taking a snapshot at:(t:3, i:0) file:/home/runner/work/ozone/ozone/hadoop-ozone/integration-test/target/test-dir/MiniOzoneClusterImpl-4b25a9da-6f8d-4450-a121-db50b250e675/datanode-2/data/ratis/5e6b6e9b-a531-4a1b-b76e-4f5b199dd27a/sm/snapshot.3_0 took: 0 ms
2022-06-27 16:54:51,665 [e149a773-6f80-4200-b489-f1fdfcbd08b4@group-4F5B199DD27A-StateMachineUpdater] INFO  impl.StateMachineUpdater (StateMachineUpdater.java:takeSnapshot(287)) - e149a773-6f80-4200-b489-f1fdfcbd08b4@group-4F5B199DD27A-StateMachineUpdater: Took a snapshot at index 0
2022-06-27 16:54:51,665 [e149a773-6f80-4200-b489-f1fdfcbd08b4@group-4F5B199DD27A-StateMachineUpdater] INFO  impl.StateMachineUpdater (StateMachineUpdater.java:lambda$new$0(92)) - e149a773-6f80-4200-b489-f1fdfcbd08b4@group-4F5B199DD27A-StateMachineUpdater: snapshotIndex: updateIncreasingly -1 -> 0
2022-06-27 16:54:51,666 [Listener at 127.0.0.1/44473] INFO  server.RaftServer$Division (ServerState.java:close(429)) - e149a773-6f80-4200-b489-f1fdfcbd08b4@group-4F5B199DD27A: closes. applyIndex: 0
2022-06-27 16:54:51,666 [e149a773-6f80-4200-b489-f1fdfcbd08b4@group-4F5B199DD27A-SegmentedRaftLogWorker] INFO  segmented.SegmentedRaftLogWorker (SegmentedRaftLogWorker.java:run(336)) - e149a773-6f80-4200-b489-f1fdfcbd08b4@group-4F5B199DD27A-SegmentedRaftLogWorker was interrupted, exiting. There are 0 tasks remaining in the queue.
2022-06-27 16:54:51,666 [ForkJoinPool.commonPool-worker-0] INFO  server.RaftServer$Division (ServerState.java:close(429)) - ccff8009-bc9c-45e1-9925-30de1c0d3a9d@group-AE8BA0B9126D: closes. applyIndex: 31
2022-06-27 16:54:51,666 [ccff8009-bc9c-45e1-9925-30de1c0d3a9d@group-AE8BA0B9126D-SegmentedRaftLogWorker] INFO  segmented.SegmentedRaftLogWorker (SegmentedRaftLogWorker.java:run(336)) - ccff8009-bc9c-45e1-9925-30de1c0d3a9d@group-AE8BA0B9126D-SegmentedRaftLogWorker was interrupted, exiting. There are 0 tasks remaining in the queue.
2022-06-27 16:54:51,661 [ccff8009-bc9c-45e1-9925-30de1c0d3a9d@group-AE8BA0B9126D->e149a773-6f80-4200-b489-f1fdfcbd08b4-GrpcLogAppender-LogAppenderDaemon] WARN  server.GrpcLogAppender (GrpcLogAppender.java:mayWait(171)) - ccff8009-bc9c-45e1-9925-30de1c0d3a9d@group-AE8BA0B9126D->e149a773-6f80-4200-b489-f1fdfcbd08b4-GrpcLogAppender: Wait interrupted by java.lang.InterruptedException
2022-06-27 16:54:51,663 [e149a773-6f80-4200-b489-f1fdfcbd08b4@group-4F5B199DD27A->28725b92-7534-4808-bd3a-f7d426359eac-GrpcLogAppender-LogAppenderDaemon] WARN  server.GrpcLogAppender (GrpcLogAppender.java:mayWait(171)) - e149a773-6f80-4200-b489-f1fdfcbd08b4@group-4F5B199DD27A->28725b92-7534-4808-bd3a-f7d426359eac-GrpcLogAppender: Wait interrupted by java.lang.InterruptedException
2022-06-27 16:54:51,665 [grpc-default-executor-3] INFO  server.GrpcLogAppender (GrpcLogAppender.java:onCompleted(339)) - ccff8009-bc9c-45e1-9925-30de1c0d3a9d@group-AE8BA0B9126D->28725b92-7534-4808-bd3a-f7d426359eac-AppendLogResponseHandler: follower responses appendEntries COMPLETED
2022-06-27 16:54:51,663 [e149a773-6f80-4200-b489-f1fdfcbd08b4@group-4F5B199DD27A->ccff8009-bc9c-45e1-9925-30de1c0d3a9d-GrpcLogAppender-LogAppenderDaemon] WARN  server.GrpcLogAppender (GrpcLogAppender.java:mayWait(171)) - e149a773-6f80-4200-b489-f1fdfcbd08b4@group-4F5B199DD27A->ccff8009-bc9c-45e1-9925-30de1c0d3a9d-GrpcLogAppender: Wait interrupted by java.lang.InterruptedException
2022-06-27 16:54:51,671 [grpc-default-executor-1] INFO  server.GrpcServerProtocolService (GrpcServerProtocolService.java:onCompleted(140)) - e149a773-6f80-4200-b489-f1fdfcbd08b4: Completed APPEND_ENTRIES, lastRequest: ccff8009-bc9c-45e1-9925-30de1c0d3a9d->e149a773-6f80-4200-b489-f1fdfcbd08b4#409-t2,previous=(t:2, i:30),leaderCommit=29,initializing? true,entries: size=1, first=(t:2, i:31), METADATAENTRY(c:29)
2022-06-27 16:54:51,671 [grpc-default-executor-0] INFO  server.GrpcLogAppender (GrpcLogAppender.java:onCompleted(339)) - ccff8009-bc9c-45e1-9925-30de1c0d3a9d@group-AE8BA0B9126D->e149a773-6f80-4200-b489-f1fdfcbd08b4-AppendLogResponseHandler: follower responses appendEntries COMPLETED
2022-06-27 16:54:51,672 [grpc-default-executor-1] INFO  server.GrpcServerProtocolService (GrpcServerProtocolService.java:onCompleted(140)) - 28725b92-7534-4808-bd3a-f7d426359eac: Completed APPEND_ENTRIES, lastRequest: e149a773-6f80-4200-b489-f1fdfcbd08b4->28725b92-7534-4808-bd3a-f7d426359eac#1-t3,previous=(t:0, i:0),leaderCommit=-1,initializing? true,entries: size=1, first=(t:3, i:0), CONFIGURATIONENTRY
2022-06-27 16:54:51,672 [ForkJoinPool.commonPool-worker-0] INFO  segmented.SegmentedRaftLogWorker (SegmentedRaftLogWorker.java:close(246)) - ccff8009-bc9c-45e1-9925-30de1c0d3a9d@group-AE8BA0B9126D-SegmentedRaftLogWorker close()
2022-06-27 16:54:51,673 [Listener at 127.0.0.1/44473] INFO  segmented.SegmentedRaftLogWorker (SegmentedRaftLogWorker.java:close(246)) - e149a773-6f80-4200-b489-f1fdfcbd08b4@group-4F5B199DD27A-SegmentedRaftLogWorker close()
2022-06-27 16:54:51,672 [grpc-default-executor-2] INFO  server.GrpcServerProtocolService (GrpcServerProtocolService.java:onCompleted(140)) - ccff8009-bc9c-45e1-9925-30de1c0d3a9d: Completed APPEND_ENTRIES, lastRequest: e149a773-6f80-4200-b489-f1fdfcbd08b4->ccff8009-bc9c-45e1-9925-30de1c0d3a9d#1-t3,previous=(t:0, i:0),leaderCommit=-1,initializing? true,entries: size=1, first=(t:3, i:0), CONFIGURATIONENTRY
2022-06-27 16:54:51,680 [Listener at 127.0.0.1/44473] INFO  server.RaftServer$Division (RaftServerImpl.java:lambda$close$4(434)) - e149a773-6f80-4200-b489-f1fdfcbd08b4@group-5BB585D3C23E: shutdown
2022-06-27 16:54:51,680 [Listener at 127.0.0.1/44473] INFO  util.JmxRegister (JmxRegister.java:unregister(73)) - Successfully un-registered JMX Bean with object name Ratis:service=RaftServer,group=group-5BB585D3C23E,id=e149a773-6f80-4200-b489-f1fdfcbd08b4
2022-06-27 16:54:51,680 [Listener at 127.0.0.1/44473] INFO  impl.RoleInfo (RoleInfo.java:shutdownLeaderState(93)) - e149a773-6f80-4200-b489-f1fdfcbd08b4: shutdown e149a773-6f80-4200-b489-f1fdfcbd08b4@group-5BB585D3C23E-LeaderStateImpl
2022-06-27 16:54:51,680 [grpc-default-executor-1] INFO  server.GrpcLogAppender (GrpcLogAppender.java:onCompleted(339)) - e149a773-6f80-4200-b489-f1fdfcbd08b4@group-4F5B199DD27A->ccff8009-bc9c-45e1-9925-30de1c0d3a9d-AppendLogResponseHandler: follower responses appendEntries COMPLETED
2022-06-27 16:54:51,680 [Listener at 127.0.0.1/44473] INFO  impl.PendingRequests (PendingRequests.java:sendNotLeaderResponses(282)) - e149a773-6f80-4200-b489-f1fdfcbd08b4@group-5BB585D3C23E-PendingRequests: sendNotLeaderResponses
2022-06-27 16:54:51,680 [grpc-default-executor-4] INFO  server.GrpcLogAppender (GrpcLogAppender.java:onCompleted(339)) - e149a773-6f80-4200-b489-f1fdfcbd08b4@group-4F5B199DD27A->28725b92-7534-4808-bd3a-f7d426359eac-AppendLogResponseHandler: follower responses appendEntries COMPLETED
2022-06-27 16:54:51,682 [Listener at 127.0.0.1/44473] INFO  impl.StateMachineUpdater (StateMachineUpdater.java:stopAndJoin(153)) - e149a773-6f80-4200-b489-f1fdfcbd08b4@group-5BB585D3C23E-StateMachineUpdater: set stopIndex = 0
2022-06-27 16:54:51,682 [ForkJoinPool.commonPool-worker-0] INFO  server.RaftServer$Division (RaftServerImpl.java:lambda$close$4(434)) - ccff8009-bc9c-45e1-9925-30de1c0d3a9d@group-4F5B199DD27A: shutdown
2022-06-27 16:54:51,682 [ForkJoinPool.commonPool-worker-0] INFO  util.JmxRegister (JmxRegister.java:unregister(73)) - Successfully un-registered JMX Bean with object name Ratis:service=RaftServer,group=group-4F5B199DD27A,id=ccff8009-bc9c-45e1-9925-30de1c0d3a9d
2022-06-27 16:54:51,683 [ForkJoinPool.commonPool-worker-0] INFO  impl.RoleInfo (RoleInfo.java:shutdownFollowerState(110)) - ccff8009-bc9c-45e1-9925-30de1c0d3a9d: shutdown ccff8009-bc9c-45e1-9925-30de1c0d3a9d@group-4F5B199DD27A-FollowerState
2022-06-27 16:54:51,683 [ForkJoinPool.commonPool-worker-0] INFO  impl.StateMachineUpdater (StateMachineUpdater.java:stopAndJoin(153)) - ccff8009-bc9c-45e1-9925-30de1c0d3a9d@group-4F5B199DD27A-StateMachineUpdater: set stopIndex = 0
2022-06-27 16:54:51,683 [grpc-default-executor-0] INFO  leader.FollowerInfo (FollowerInfoImpl.java:lambda$new$0(48)) - ccff8009-bc9c-45e1-9925-30de1c0d3a9d@group-AE8BA0B9126D->e149a773-6f80-4200-b489-f1fdfcbd08b4: nextIndex: updateUnconditionally 32 -> 31
2022-06-27 16:54:51,683 [e149a773-6f80-4200-b489-f1fdfcbd08b4@group-5BB585D3C23E-StateMachineUpdater] INFO  ratis.ContainerStateMachine (ContainerStateMachine.java:takeSnapshot(304)) - group-5BB585D3C23E: Taking a snapshot at:(t:1, i:0) file /home/runner/work/ozone/ozone/hadoop-ozone/integration-test/target/test-dir/MiniOzoneClusterImpl-4b25a9da-6f8d-4450-a121-db50b250e675/datanode-2/data/ratis/babad58b-0d43-4c7b-b14d-5bb585d3c23e/sm/snapshot.1_0
2022-06-27 16:54:51,683 [grpc-default-executor-3] INFO  leader.FollowerInfo (FollowerInfoImpl.java:lambda$new$0(48)) - ccff8009-bc9c-45e1-9925-30de1c0d3a9d@group-AE8BA0B9126D->28725b92-7534-4808-bd3a-f7d426359eac: nextIndex: updateUnconditionally 32 -> 31
2022-06-27 16:54:51,684 [ccff8009-bc9c-45e1-9925-30de1c0d3a9d@group-4F5B199DD27A-FollowerState] INFO  impl.FollowerState (FollowerState.java:run(152)) - ccff8009-bc9c-45e1-9925-30de1c0d3a9d@group-4F5B199DD27A-FollowerState was interrupted
2022-06-27 16:54:51,683 [grpc-default-executor-1] INFO  leader.FollowerInfo (FollowerInfoImpl.java:lambda$new$0(48)) - e149a773-6f80-4200-b489-f1fdfcbd08b4@group-4F5B199DD27A->ccff8009-bc9c-45e1-9925-30de1c0d3a9d: nextIndex: updateUnconditionally 1 -> 0
2022-06-27 16:54:51,683 [grpc-default-executor-4] INFO  leader.FollowerInfo (FollowerInfoImpl.java:lambda$new$0(48)) - e149a773-6f80-4200-b489-f1fdfcbd08b4@group-4F5B199DD27A->28725b92-7534-4808-bd3a-f7d426359eac: nextIndex: updateUnconditionally 1 -> 0
2022-06-27 16:54:51,684 [ccff8009-bc9c-45e1-9925-30de1c0d3a9d@group-4F5B199DD27A-StateMachineUpdater] INFO  ratis.ContainerStateMachine (ContainerStateMachine.java:takeSnapshot(304)) - group-4F5B199DD27A: Taking a snapshot at:(t:3, i:0) file /home/runner/work/ozone/ozone/hadoop-ozone/integration-test/target/test-dir/MiniOzoneClusterImpl-4b25a9da-6f8d-4450-a121-db50b250e675/datanode-1/data/ratis/5e6b6e9b-a531-4a1b-b76e-4f5b199dd27a/sm/snapshot.3_0
2022-06-27 16:54:51,684 [e149a773-6f80-4200-b489-f1fdfcbd08b4@group-5BB585D3C23E-StateMachineUpdater] INFO  ratis.ContainerStateMachine (ContainerStateMachine.java:takeSnapshot(315)) - group-5BB585D3C23E: Finished taking a snapshot at:(t:1, i:0) file:/home/runner/work/ozone/ozone/hadoop-ozone/integration-test/target/test-dir/MiniOzoneClusterImpl-4b25a9da-6f8d-4450-a121-db50b250e675/datanode-2/data/ratis/babad58b-0d43-4c7b-b14d-5bb585d3c23e/sm/snapshot.1_0 took: 2 ms
2022-06-27 16:54:51,684 [e149a773-6f80-4200-b489-f1fdfcbd08b4@group-5BB585D3C23E-StateMachineUpdater] INFO  impl.StateMachineUpdater (StateMachineUpdater.java:takeSnapshot(287)) - e149a773-6f80-4200-b489-f1fdfcbd08b4@group-5BB585D3C23E-StateMachineUpdater: Took a snapshot at index 0
2022-06-27 16:54:51,684 [e149a773-6f80-4200-b489-f1fdfcbd08b4@group-5BB585D3C23E-StateMachineUpdater] INFO  impl.StateMachineUpdater (StateMachineUpdater.java:lambda$new$0(92)) - e149a773-6f80-4200-b489-f1fdfcbd08b4@group-5BB585D3C23E-StateMachineUpdater: snapshotIndex: updateIncreasingly -1 -> 0
2022-06-27 16:54:51,684 [Listener at 127.0.0.1/44473] INFO  server.RaftServer$Division (ServerState.java:close(429)) - e149a773-6f80-4200-b489-f1fdfcbd08b4@group-5BB585D3C23E: closes. applyIndex: 0
2022-06-27 16:54:51,685 [e149a773-6f80-4200-b489-f1fdfcbd08b4@group-5BB585D3C23E-SegmentedRaftLogWorker] INFO  segmented.SegmentedRaftLogWorker (SegmentedRaftLogWorker.java:run(336)) - e149a773-6f80-4200-b489-f1fdfcbd08b4@group-5BB585D3C23E-SegmentedRaftLogWorker was interrupted, exiting. There are 0 tasks remaining in the queue.
2022-06-27 16:54:51,685 [Listener at 127.0.0.1/44473] INFO  segmented.SegmentedRaftLogWorker (SegmentedRaftLogWorker.java:close(246)) - e149a773-6f80-4200-b489-f1fdfcbd08b4@group-5BB585D3C23E-SegmentedRaftLogWorker close()
2022-06-27 16:54:51,685 [ccff8009-bc9c-45e1-9925-30de1c0d3a9d@group-4F5B199DD27A-StateMachineUpdater] INFO  ratis.ContainerStateMachine (ContainerStateMachine.java:takeSnapshot(315)) - group-4F5B199DD27A: Finished taking a snapshot at:(t:3, i:0) file:/home/runner/work/ozone/ozone/hadoop-ozone/integration-test/target/test-dir/MiniOzoneClusterImpl-4b25a9da-6f8d-4450-a121-db50b250e675/datanode-1/data/ratis/5e6b6e9b-a531-4a1b-b76e-4f5b199dd27a/sm/snapshot.3_0 took: 2 ms
2022-06-27 16:54:51,686 [Listener at 127.0.0.1/44473] INFO  server.GrpcService (GrpcService.java:closeImpl(269)) - e149a773-6f80-4200-b489-f1fdfcbd08b4: shutdown server with port 46641 now
2022-06-27 16:54:51,686 [ccff8009-bc9c-45e1-9925-30de1c0d3a9d@group-4F5B199DD27A-StateMachineUpdater] INFO  impl.StateMachineUpdater (StateMachineUpdater.java:takeSnapshot(287)) - ccff8009-bc9c-45e1-9925-30de1c0d3a9d@group-4F5B199DD27A-StateMachineUpdater: Took a snapshot at index 0
2022-06-27 16:54:51,686 [ccff8009-bc9c-45e1-9925-30de1c0d3a9d@group-4F5B199DD27A-StateMachineUpdater] INFO  impl.StateMachineUpdater (StateMachineUpdater.java:lambda$new$0(92)) - ccff8009-bc9c-45e1-9925-30de1c0d3a9d@group-4F5B199DD27A-StateMachineUpdater: snapshotIndex: updateIncreasingly -1 -> 0
2022-06-27 16:54:51,686 [ForkJoinPool.commonPool-worker-0] INFO  server.RaftServer$Division (ServerState.java:close(429)) - ccff8009-bc9c-45e1-9925-30de1c0d3a9d@group-4F5B199DD27A: closes. applyIndex: 0
2022-06-27 16:54:51,686 [ccff8009-bc9c-45e1-9925-30de1c0d3a9d@group-4F5B199DD27A-SegmentedRaftLogWorker] INFO  segmented.SegmentedRaftLogWorker (SegmentedRaftLogWorker.java:run(336)) - ccff8009-bc9c-45e1-9925-30de1c0d3a9d@group-4F5B199DD27A-SegmentedRaftLogWorker was interrupted, exiting. There are 0 tasks remaining in the queue.
2022-06-27 16:54:51,688 [ForkJoinPool.commonPool-worker-0] INFO  segmented.SegmentedRaftLogWorker (SegmentedRaftLogWorker.java:close(246)) - ccff8009-bc9c-45e1-9925-30de1c0d3a9d@group-4F5B199DD27A-SegmentedRaftLogWorker close()
2022-06-27 16:54:51,689 [ForkJoinPool.commonPool-worker-0] INFO  server.GrpcService (GrpcService.java:closeImpl(269)) - ccff8009-bc9c-45e1-9925-30de1c0d3a9d: shutdown server with port 41485 now
2022-06-27 16:54:51,696 [Listener at 127.0.0.1/44473] INFO  server.GrpcService (GrpcService.java:closeImpl(278)) - e149a773-6f80-4200-b489-f1fdfcbd08b4: shutdown server with port 46641 successfully
2022-06-27 16:54:51,698 [ForkJoinPool.commonPool-worker-0] INFO  server.GrpcService (GrpcService.java:closeImpl(278)) - ccff8009-bc9c-45e1-9925-30de1c0d3a9d: shutdown server with port 41485 successfully
2022-06-27 16:54:51,698 [org.apache.ratis.util.JvmPauseMonitor$$Lambda$611/5070432@7df6ebb7] INFO  util.JvmPauseMonitor (JvmPauseMonitor.java:run(109)) - JvmPauseMonitor-ccff8009-bc9c-45e1-9925-30de1c0d3a9d: Stopped
2022-06-27 16:54:51,699 [org.apache.ratis.util.JvmPauseMonitor$$Lambda$611/5070432@5ff49783] INFO  util.JvmPauseMonitor (JvmPauseMonitor.java:run(109)) - JvmPauseMonitor-e149a773-6f80-4200-b489-f1fdfcbd08b4: Stopped
2022-06-27 16:54:53,723 [ForkJoinPool.commonPool-worker-0] INFO  utils.BackgroundService (BackgroundService.java:shutdown(132)) - Shutting down service BlockDeletingService
2022-06-27 16:54:53,724 [Listener at 127.0.0.1/44473] INFO  utils.BackgroundService (BackgroundService.java:shutdown(132)) - Shutting down service BlockDeletingService
2022-06-27 16:54:56,733 [ForkJoinPool.commonPool-worker-0] INFO  statemachine.DatanodeStateMachine (DatanodeStateMachine.java:stopDaemon(580)) - Ozone container server stopped.
2022-06-27 16:54:56,739 [Listener at 127.0.0.1/44473] INFO  statemachine.DatanodeStateMachine (DatanodeStateMachine.java:stopDaemon(580)) - Ozone container server stopped.
2022-06-27 16:54:56,773 [Listener at 127.0.0.1/44473] INFO  handler.ContextHandler (ContextHandler.java:doStop(1153)) - Stopped o.e.j.w.WebAppContext@36358417{hddsDatanode,/,null,STOPPED}{jar:file:/home/runner/.m2/repository/org/apache/ozone/hdds-container-service/1.3.0-SNAPSHOT/hdds-container-service-1.3.0-SNAPSHOT.jar!/webapps/hddsDatanode}
2022-06-27 16:54:56,773 [Listener at 127.0.0.1/44473] INFO  server.AbstractConnector (AbstractConnector.java:doStop(381)) - Stopped ServerConnector@40281457{HTTP/1.1, (http/1.1)}{0.0.0.0:0}
2022-06-27 16:54:56,774 [Listener at 127.0.0.1/44473] INFO  server.session (HouseKeeper.java:stopScavenging(149)) - node0 Stopped scavenging
2022-06-27 16:54:56,774 [Listener at 127.0.0.1/44473] INFO  handler.ContextHandler (ContextHandler.java:doStop(1153)) - Stopped o.e.j.s.ServletContextHandler@25f546b8{static,/static,jar:file:/home/runner/.m2/repository/org/apache/ozone/hdds-container-service/1.3.0-SNAPSHOT/hdds-container-service-1.3.0-SNAPSHOT.jar!/webapps/static,STOPPED}
2022-06-27 16:54:56,774 [Listener at 127.0.0.1/44473] INFO  handler.ContextHandler (ContextHandler.java:doStop(1153)) - Stopped o.e.j.s.ServletContextHandler@2743e9b5{logs,/logs,file:///home/runner/work/ozone/ozone/hadoop-ozone/integration-test/target/log,STOPPED}
2022-06-27 16:54:56,791 [ForkJoinPool.commonPool-worker-0] INFO  handler.ContextHandler (ContextHandler.java:doStop(1153)) - Stopped o.e.j.w.WebAppContext@57290249{hddsDatanode,/,null,STOPPED}{jar:file:/home/runner/.m2/repository/org/apache/ozone/hdds-container-service/1.3.0-SNAPSHOT/hdds-container-service-1.3.0-SNAPSHOT.jar!/webapps/hddsDatanode}
2022-06-27 16:54:56,791 [ForkJoinPool.commonPool-worker-0] INFO  server.AbstractConnector (AbstractConnector.java:doStop(381)) - Stopped ServerConnector@780e214b{HTTP/1.1, (http/1.1)}{0.0.0.0:0}
2022-06-27 16:54:56,791 [ForkJoinPool.commonPool-worker-0] INFO  server.session (HouseKeeper.java:stopScavenging(149)) - node0 Stopped scavenging
2022-06-27 16:54:56,793 [ForkJoinPool.commonPool-worker-0] INFO  handler.ContextHandler (ContextHandler.java:doStop(1153)) - Stopped o.e.j.s.ServletContextHandler@be2fd67{static,/static,jar:file:/home/runner/.m2/repository/org/apache/ozone/hdds-container-service/1.3.0-SNAPSHOT/hdds-container-service-1.3.0-SNAPSHOT.jar!/webapps/static,STOPPED}
2022-06-27 16:54:56,793 [ForkJoinPool.commonPool-worker-0] INFO  handler.ContextHandler (ContextHandler.java:doStop(1153)) - Stopped o.e.j.s.ServletContextHandler@6bcac08b{logs,/logs,file:///home/runner/work/ozone/ozone/hadoop-ozone/integration-test/target/log,STOPPED}
2022-06-27 16:54:58,615 [28725b92-7534-4808-bd3a-f7d426359eac@group-AE8BA0B9126D-FollowerState] INFO  impl.FollowerState (FollowerState.java:run(143)) - 28725b92-7534-4808-bd3a-f7d426359eac@group-AE8BA0B9126D-FollowerState: change to CANDIDATE, lastRpcElapsedTime:7898813465ns, electionTimeout:5141ms
2022-06-27 16:54:58,615 [28725b92-7534-4808-bd3a-f7d426359eac@group-AE8BA0B9126D-FollowerState] INFO  impl.RoleInfo (RoleInfo.java:shutdownFollowerState(110)) - 28725b92-7534-4808-bd3a-f7d426359eac: shutdown 28725b92-7534-4808-bd3a-f7d426359eac@group-AE8BA0B9126D-FollowerState
2022-06-27 16:54:58,615 [28725b92-7534-4808-bd3a-f7d426359eac@group-AE8BA0B9126D-FollowerState] INFO  server.RaftServer$Division (RaftServerImpl.java:setRole(299)) - 28725b92-7534-4808-bd3a-f7d426359eac@group-AE8BA0B9126D: changes role from  FOLLOWER to CANDIDATE at term 2 for changeToCandidate
2022-06-27 16:54:58,615 [28725b92-7534-4808-bd3a-f7d426359eac@group-AE8BA0B9126D-FollowerState] INFO  server.RaftServerConfigKeys (ConfUtils.java:logGet(46)) - raft.server.leaderelection.pre-vote = false (custom)
2022-06-27 16:54:58,615 [28725b92-7534-4808-bd3a-f7d426359eac@group-AE8BA0B9126D-FollowerState] INFO  impl.RoleInfo (RoleInfo.java:updateAndGet(139)) - 28725b92-7534-4808-bd3a-f7d426359eac: start 28725b92-7534-4808-bd3a-f7d426359eac@group-AE8BA0B9126D-LeaderElection12
2022-06-27 16:54:58,620 [28725b92-7534-4808-bd3a-f7d426359eac@group-AE8BA0B9126D-LeaderElection12] INFO  server.RaftServer$Division (ServerState.java:setLeader(287)) - 28725b92-7534-4808-bd3a-f7d426359eac@group-AE8BA0B9126D: change Leader from ccff8009-bc9c-45e1-9925-30de1c0d3a9d to null at term 2 for ELECTION
2022-06-27 16:54:58,625 [28725b92-7534-4808-bd3a-f7d426359eac@group-AE8BA0B9126D-LeaderElection12] INFO  impl.LeaderElection (LeaderElection.java:askForVotes(310)) - 28725b92-7534-4808-bd3a-f7d426359eac@group-AE8BA0B9126D-LeaderElection12 ELECTION round 0: submit vote requests at term 3 for 0: [ccff8009-bc9c-45e1-9925-30de1c0d3a9d|rpc:10.1.0.22:41485|dataStream:|priority:1, 28725b92-7534-4808-bd3a-f7d426359eac|rpc:10.1.0.22:46711|dataStream:|priority:0, e149a773-6f80-4200-b489-f1fdfcbd08b4|rpc:10.1.0.22:46641|dataStream:|priority:0], old=null
2022-06-27 16:54:58,658 [28725b92-7534-4808-bd3a-f7d426359eac@group-AE8BA0B9126D-LeaderElection12] INFO  impl.LeaderElection (LogUtils.java:infoOrTrace(137)) - 28725b92-7534-4808-bd3a-f7d426359eac@group-AE8BA0B9126D-LeaderElection12 got exception when requesting votes: java.util.concurrent.ExecutionException: org.apache.ratis.thirdparty.io.grpc.StatusRuntimeException: UNAVAILABLE: io exception
2022-06-27 16:54:58,658 [28725b92-7534-4808-bd3a-f7d426359eac@group-AE8BA0B9126D-LeaderElection12] INFO  impl.LeaderElection (LogUtils.java:infoOrTrace(137)) - 28725b92-7534-4808-bd3a-f7d426359eac@group-AE8BA0B9126D-LeaderElection12 got exception when requesting votes: java.util.concurrent.ExecutionException: org.apache.ratis.thirdparty.io.grpc.StatusRuntimeException: UNAVAILABLE: io exception
2022-06-27 16:54:58,658 [28725b92-7534-4808-bd3a-f7d426359eac@group-AE8BA0B9126D-LeaderElection12] INFO  impl.LeaderElection (LeaderElection.java:logAndReturn(90)) - 28725b92-7534-4808-bd3a-f7d426359eac@group-AE8BA0B9126D-LeaderElection12: ELECTION REJECTED received 0 response(s) and 2 exception(s):
2022-06-27 16:54:58,658 [28725b92-7534-4808-bd3a-f7d426359eac@group-AE8BA0B9126D-LeaderElection12] INFO  impl.LeaderElection (LogUtils.java:infoOrTrace(137)) -   Exception 0: java.util.concurrent.ExecutionException: org.apache.ratis.thirdparty.io.grpc.StatusRuntimeException: UNAVAILABLE: io exception
2022-06-27 16:54:58,658 [28725b92-7534-4808-bd3a-f7d426359eac@group-AE8BA0B9126D-LeaderElection12] INFO  impl.LeaderElection (LogUtils.java:infoOrTrace(137)) -   Exception 1: java.util.concurrent.ExecutionException: org.apache.ratis.thirdparty.io.grpc.StatusRuntimeException: UNAVAILABLE: io exception
2022-06-27 16:54:58,658 [28725b92-7534-4808-bd3a-f7d426359eac@group-AE8BA0B9126D-LeaderElection12] INFO  impl.LeaderElection (LeaderElection.java:askForVotes(312)) - 28725b92-7534-4808-bd3a-f7d426359eac@group-AE8BA0B9126D-LeaderElection12 ELECTION round 0: result REJECTED
2022-06-27 16:54:58,658 [28725b92-7534-4808-bd3a-f7d426359eac@group-AE8BA0B9126D-LeaderElection12] INFO  server.RaftServer$Division (RaftServerImpl.java:setRole(299)) - 28725b92-7534-4808-bd3a-f7d426359eac@group-AE8BA0B9126D: changes role from CANDIDATE to FOLLOWER at term 3 for REJECTED
2022-06-27 16:54:58,658 [28725b92-7534-4808-bd3a-f7d426359eac@group-AE8BA0B9126D-LeaderElection12] INFO  impl.RoleInfo (RoleInfo.java:shutdownLeaderElection(130)) - 28725b92-7534-4808-bd3a-f7d426359eac: shutdown 28725b92-7534-4808-bd3a-f7d426359eac@group-AE8BA0B9126D-LeaderElection12
2022-06-27 16:54:58,658 [28725b92-7534-4808-bd3a-f7d426359eac@group-AE8BA0B9126D-LeaderElection12] INFO  impl.RoleInfo (RoleInfo.java:updateAndGet(139)) - 28725b92-7534-4808-bd3a-f7d426359eac: start 28725b92-7534-4808-bd3a-f7d426359eac@group-AE8BA0B9126D-FollowerState
2022-06-27 16:54:59,091 [28725b92-7534-4808-bd3a-f7d426359eac@group-4F5B199DD27A-FollowerState] INFO  impl.FollowerState (FollowerState.java:run(143)) - 28725b92-7534-4808-bd3a-f7d426359eac@group-4F5B199DD27A-FollowerState: change to CANDIDATE, lastRpcElapsedTime:7661531941ns, electionTimeout:5029ms
2022-06-27 16:54:59,091 [28725b92-7534-4808-bd3a-f7d426359eac@group-4F5B199DD27A-FollowerState] INFO  impl.RoleInfo (RoleInfo.java:shutdownFollowerState(110)) - 28725b92-7534-4808-bd3a-f7d426359eac: shutdown 28725b92-7534-4808-bd3a-f7d426359eac@group-4F5B199DD27A-FollowerState
2022-06-27 16:54:59,091 [28725b92-7534-4808-bd3a-f7d426359eac@group-4F5B199DD27A-FollowerState] INFO  server.RaftServer$Division (RaftServerImpl.java:setRole(299)) - 28725b92-7534-4808-bd3a-f7d426359eac@group-4F5B199DD27A: changes role from  FOLLOWER to CANDIDATE at term 3 for changeToCandidate
2022-06-27 16:54:59,091 [28725b92-7534-4808-bd3a-f7d426359eac@group-4F5B199DD27A-FollowerState] INFO  server.RaftServerConfigKeys (ConfUtils.java:logGet(46)) - raft.server.leaderelection.pre-vote = false (custom)
2022-06-27 16:54:59,091 [28725b92-7534-4808-bd3a-f7d426359eac@group-4F5B199DD27A-FollowerState] INFO  impl.RoleInfo (RoleInfo.java:updateAndGet(139)) - 28725b92-7534-4808-bd3a-f7d426359eac: start 28725b92-7534-4808-bd3a-f7d426359eac@group-4F5B199DD27A-LeaderElection13
2022-06-27 16:54:59,102 [28725b92-7534-4808-bd3a-f7d426359eac@group-4F5B199DD27A-LeaderElection13] INFO  server.RaftServer$Division (ServerState.java:setLeader(287)) - 28725b92-7534-4808-bd3a-f7d426359eac@group-4F5B199DD27A: change Leader from e149a773-6f80-4200-b489-f1fdfcbd08b4 to null at term 3 for ELECTION
2022-06-27 16:54:59,103 [28725b92-7534-4808-bd3a-f7d426359eac@group-4F5B199DD27A-LeaderElection13] INFO  impl.LeaderElection (LeaderElection.java:askForVotes(310)) - 28725b92-7534-4808-bd3a-f7d426359eac@group-4F5B199DD27A-LeaderElection13 ELECTION round 0: submit vote requests at term 4 for 0: [ccff8009-bc9c-45e1-9925-30de1c0d3a9d|rpc:10.1.0.22:41485|dataStream:|priority:0, 28725b92-7534-4808-bd3a-f7d426359eac|rpc:10.1.0.22:46711|dataStream:|priority:0, e149a773-6f80-4200-b489-f1fdfcbd08b4|rpc:10.1.0.22:46641|dataStream:|priority:1], old=null
2022-06-27 16:54:59,108 [28725b92-7534-4808-bd3a-f7d426359eac@group-4F5B199DD27A-LeaderElection13] INFO  impl.LeaderElection (LogUtils.java:infoOrTrace(137)) - 28725b92-7534-4808-bd3a-f7d426359eac@group-4F5B199DD27A-LeaderElection13 got exception when requesting votes: java.util.concurrent.ExecutionException: org.apache.ratis.thirdparty.io.grpc.StatusRuntimeException: UNAVAILABLE: io exception
2022-06-27 16:54:59,111 [28725b92-7534-4808-bd3a-f7d426359eac@group-4F5B199DD27A-LeaderElection13] INFO  impl.LeaderElection (LogUtils.java:infoOrTrace(137)) - 28725b92-7534-4808-bd3a-f7d426359eac@group-4F5B199DD27A-LeaderElection13 got exception when requesting votes: java.util.concurrent.ExecutionException: org.apache.ratis.thirdparty.io.grpc.StatusRuntimeException: UNAVAILABLE: io exception
2022-06-27 16:54:59,111 [28725b92-7534-4808-bd3a-f7d426359eac@group-4F5B199DD27A-LeaderElection13] INFO  impl.LeaderElection (LeaderElection.java:logAndReturn(90)) - 28725b92-7534-4808-bd3a-f7d426359eac@group-4F5B199DD27A-LeaderElection13: ELECTION REJECTED received 0 response(s) and 2 exception(s):
2022-06-27 16:54:59,111 [28725b92-7534-4808-bd3a-f7d426359eac@group-4F5B199DD27A-LeaderElection13] INFO  impl.LeaderElection (LogUtils.java:infoOrTrace(137)) -   Exception 0: java.util.concurrent.ExecutionException: org.apache.ratis.thirdparty.io.grpc.StatusRuntimeException: UNAVAILABLE: io exception
2022-06-27 16:54:59,111 [28725b92-7534-4808-bd3a-f7d426359eac@group-4F5B199DD27A-LeaderElection13] INFO  impl.LeaderElection (LogUtils.java:infoOrTrace(137)) -   Exception 1: java.util.concurrent.ExecutionException: org.apache.ratis.thirdparty.io.grpc.StatusRuntimeException: UNAVAILABLE: io exception
2022-06-27 16:54:59,111 [28725b92-7534-4808-bd3a-f7d426359eac@group-4F5B199DD27A-LeaderElection13] INFO  impl.LeaderElection (LeaderElection.java:askForVotes(312)) - 28725b92-7534-4808-bd3a-f7d426359eac@group-4F5B199DD27A-LeaderElection13 ELECTION round 0: result REJECTED
2022-06-27 16:54:59,111 [28725b92-7534-4808-bd3a-f7d426359eac@group-4F5B199DD27A-LeaderElection13] INFO  server.RaftServer$Division (RaftServerImpl.java:setRole(299)) - 28725b92-7534-4808-bd3a-f7d426359eac@group-4F5B199DD27A: changes role from CANDIDATE to FOLLOWER at term 4 for REJECTED
2022-06-27 16:54:59,111 [28725b92-7534-4808-bd3a-f7d426359eac@group-4F5B199DD27A-LeaderElection13] INFO  impl.RoleInfo (RoleInfo.java:shutdownLeaderElection(130)) - 28725b92-7534-4808-bd3a-f7d426359eac: shutdown 28725b92-7534-4808-bd3a-f7d426359eac@group-4F5B199DD27A-LeaderElection13
2022-06-27 16:54:59,111 [28725b92-7534-4808-bd3a-f7d426359eac@group-4F5B199DD27A-LeaderElection13] INFO  impl.RoleInfo (RoleInfo.java:updateAndGet(139)) - 28725b92-7534-4808-bd3a-f7d426359eac: start 28725b92-7534-4808-bd3a-f7d426359eac@group-4F5B199DD27A-FollowerState
2022-06-27 16:55:01,777 [Listener at 127.0.0.1/44473] INFO  ozoneimpl.OzoneContainer (OzoneContainer.java:stop(365)) - Attempting to stop container services.
2022-06-27 16:55:01,777 [Listener at 127.0.0.1/44473] INFO  server.RaftServer (RaftServerProxy.java:lambda$close$7(398)) - b48423cd-489c-4e2e-b1c7-3f6c172b8172: close
2022-06-27 16:55:01,777 [Listener at 127.0.0.1/44473] INFO  server.RaftServer$Division (RaftServerImpl.java:lambda$close$4(434)) - b48423cd-489c-4e2e-b1c7-3f6c172b8172@group-36564637C117: shutdown
2022-06-27 16:55:01,778 [Listener at 127.0.0.1/44473] INFO  util.JmxRegister (JmxRegister.java:unregister(73)) - Successfully un-registered JMX Bean with object name Ratis:service=RaftServer,group=group-36564637C117,id=b48423cd-489c-4e2e-b1c7-3f6c172b8172
2022-06-27 16:55:01,778 [Listener at 127.0.0.1/44473] INFO  impl.RoleInfo (RoleInfo.java:shutdownLeaderState(93)) - b48423cd-489c-4e2e-b1c7-3f6c172b8172: shutdown b48423cd-489c-4e2e-b1c7-3f6c172b8172@group-36564637C117-LeaderStateImpl
2022-06-27 16:55:01,778 [Listener at 127.0.0.1/44473] INFO  impl.PendingRequests (PendingRequests.java:sendNotLeaderResponses(282)) - b48423cd-489c-4e2e-b1c7-3f6c172b8172@group-36564637C117-PendingRequests: sendNotLeaderResponses
2022-06-27 16:55:01,778 [Listener at 127.0.0.1/44473] INFO  impl.StateMachineUpdater (StateMachineUpdater.java:stopAndJoin(153)) - b48423cd-489c-4e2e-b1c7-3f6c172b8172@group-36564637C117-StateMachineUpdater: set stopIndex = 0
2022-06-27 16:55:01,779 [b48423cd-489c-4e2e-b1c7-3f6c172b8172@group-36564637C117-StateMachineUpdater] INFO  ratis.ContainerStateMachine (ContainerStateMachine.java:takeSnapshot(304)) - group-36564637C117: Taking a snapshot at:(t:1, i:0) file /home/runner/work/ozone/ozone/hadoop-ozone/integration-test/target/test-dir/MiniOzoneClusterImpl-4b25a9da-6f8d-4450-a121-db50b250e675/datanode-4/data/ratis/4e9d0674-9b73-4250-bed8-36564637c117/sm/snapshot.1_0
2022-06-27 16:55:01,779 [b48423cd-489c-4e2e-b1c7-3f6c172b8172@group-36564637C117-StateMachineUpdater] INFO  ratis.ContainerStateMachine (ContainerStateMachine.java:takeSnapshot(315)) - group-36564637C117: Finished taking a snapshot at:(t:1, i:0) file:/home/runner/work/ozone/ozone/hadoop-ozone/integration-test/target/test-dir/MiniOzoneClusterImpl-4b25a9da-6f8d-4450-a121-db50b250e675/datanode-4/data/ratis/4e9d0674-9b73-4250-bed8-36564637c117/sm/snapshot.1_0 took: 1 ms
2022-06-27 16:55:01,780 [b48423cd-489c-4e2e-b1c7-3f6c172b8172@group-36564637C117-StateMachineUpdater] INFO  impl.StateMachineUpdater (StateMachineUpdater.java:takeSnapshot(287)) - b48423cd-489c-4e2e-b1c7-3f6c172b8172@group-36564637C117-StateMachineUpdater: Took a snapshot at index 0
2022-06-27 16:55:01,780 [b48423cd-489c-4e2e-b1c7-3f6c172b8172@group-36564637C117-StateMachineUpdater] INFO  impl.StateMachineUpdater (StateMachineUpdater.java:lambda$new$0(92)) - b48423cd-489c-4e2e-b1c7-3f6c172b8172@group-36564637C117-StateMachineUpdater: snapshotIndex: updateIncreasingly -1 -> 0
2022-06-27 16:55:01,780 [Listener at 127.0.0.1/44473] INFO  server.RaftServer$Division (ServerState.java:close(429)) - b48423cd-489c-4e2e-b1c7-3f6c172b8172@group-36564637C117: closes. applyIndex: 0
2022-06-27 16:55:01,780 [b48423cd-489c-4e2e-b1c7-3f6c172b8172@group-36564637C117-SegmentedRaftLogWorker] INFO  segmented.SegmentedRaftLogWorker (SegmentedRaftLogWorker.java:run(336)) - b48423cd-489c-4e2e-b1c7-3f6c172b8172@group-36564637C117-SegmentedRaftLogWorker was interrupted, exiting. There are 0 tasks remaining in the queue.
2022-06-27 16:55:01,780 [Listener at 127.0.0.1/44473] INFO  segmented.SegmentedRaftLogWorker (SegmentedRaftLogWorker.java:close(246)) - b48423cd-489c-4e2e-b1c7-3f6c172b8172@group-36564637C117-SegmentedRaftLogWorker close()
2022-06-27 16:55:01,781 [Listener at 127.0.0.1/44473] INFO  server.GrpcService (GrpcService.java:closeImpl(269)) - b48423cd-489c-4e2e-b1c7-3f6c172b8172: shutdown server with port 38793 now
2022-06-27 16:55:01,782 [Listener at 127.0.0.1/44473] INFO  server.GrpcService (GrpcService.java:closeImpl(278)) - b48423cd-489c-4e2e-b1c7-3f6c172b8172: shutdown server with port 38793 successfully
2022-06-27 16:55:01,782 [org.apache.ratis.util.JvmPauseMonitor$$Lambda$611/5070432@268c0daf] INFO  util.JvmPauseMonitor (JvmPauseMonitor.java:run(109)) - JvmPauseMonitor-b48423cd-489c-4e2e-b1c7-3f6c172b8172: Stopped
2022-06-27 16:55:01,795 [ForkJoinPool.commonPool-worker-0] INFO  ozoneimpl.OzoneContainer (OzoneContainer.java:stop(365)) - Attempting to stop container services.
2022-06-27 16:55:01,795 [ForkJoinPool.commonPool-worker-0] INFO  server.RaftServer (RaftServerProxy.java:lambda$close$7(398)) - 28725b92-7534-4808-bd3a-f7d426359eac: close
2022-06-27 16:55:01,795 [ForkJoinPool.commonPool-worker-0] INFO  server.RaftServer$Division (RaftServerImpl.java:lambda$close$4(434)) - 28725b92-7534-4808-bd3a-f7d426359eac@group-AE8BA0B9126D: shutdown
2022-06-27 16:55:01,796 [ForkJoinPool.commonPool-worker-0] INFO  util.JmxRegister (JmxRegister.java:unregister(73)) - Successfully un-registered JMX Bean with object name Ratis:service=RaftServer,group=group-AE8BA0B9126D,id=28725b92-7534-4808-bd3a-f7d426359eac
2022-06-27 16:55:01,796 [ForkJoinPool.commonPool-worker-0] INFO  impl.RoleInfo (RoleInfo.java:shutdownFollowerState(110)) - 28725b92-7534-4808-bd3a-f7d426359eac: shutdown 28725b92-7534-4808-bd3a-f7d426359eac@group-AE8BA0B9126D-FollowerState
2022-06-27 16:55:01,796 [ForkJoinPool.commonPool-worker-0] INFO  impl.StateMachineUpdater (StateMachineUpdater.java:stopAndJoin(153)) - 28725b92-7534-4808-bd3a-f7d426359eac@group-AE8BA0B9126D-StateMachineUpdater: set stopIndex = 31
2022-06-27 16:55:01,796 [28725b92-7534-4808-bd3a-f7d426359eac@group-AE8BA0B9126D-FollowerState] INFO  impl.FollowerState (FollowerState.java:run(152)) - 28725b92-7534-4808-bd3a-f7d426359eac@group-AE8BA0B9126D-FollowerState was interrupted
2022-06-27 16:55:01,797 [28725b92-7534-4808-bd3a-f7d426359eac@group-AE8BA0B9126D-StateMachineUpdater] INFO  ratis.ContainerStateMachine (ContainerStateMachine.java:takeSnapshot(304)) - group-AE8BA0B9126D: Taking a snapshot at:(t:2, i:31) file /home/runner/work/ozone/ozone/hadoop-ozone/integration-test/target/test-dir/MiniOzoneClusterImpl-4b25a9da-6f8d-4450-a121-db50b250e675/datanode-0/data/ratis/1a99b9fa-2352-4f01-b7ca-ae8ba0b9126d/sm/snapshot.2_31
2022-06-27 16:55:01,800 [28725b92-7534-4808-bd3a-f7d426359eac@group-AE8BA0B9126D-StateMachineUpdater] INFO  ratis.ContainerStateMachine (ContainerStateMachine.java:takeSnapshot(315)) - group-AE8BA0B9126D: Finished taking a snapshot at:(t:2, i:31) file:/home/runner/work/ozone/ozone/hadoop-ozone/integration-test/target/test-dir/MiniOzoneClusterImpl-4b25a9da-6f8d-4450-a121-db50b250e675/datanode-0/data/ratis/1a99b9fa-2352-4f01-b7ca-ae8ba0b9126d/sm/snapshot.2_31 took: 4 ms
2022-06-27 16:55:01,800 [28725b92-7534-4808-bd3a-f7d426359eac@group-AE8BA0B9126D-StateMachineUpdater] INFO  impl.StateMachineUpdater (StateMachineUpdater.java:takeSnapshot(287)) - 28725b92-7534-4808-bd3a-f7d426359eac@group-AE8BA0B9126D-StateMachineUpdater: Took a snapshot at index 31
2022-06-27 16:55:01,800 [28725b92-7534-4808-bd3a-f7d426359eac@group-AE8BA0B9126D-StateMachineUpdater] INFO  impl.StateMachineUpdater (StateMachineUpdater.java:lambda$new$0(92)) - 28725b92-7534-4808-bd3a-f7d426359eac@group-AE8BA0B9126D-StateMachineUpdater: snapshotIndex: updateIncreasingly -1 -> 31
2022-06-27 16:55:01,801 [ForkJoinPool.commonPool-worker-0] INFO  server.RaftServer$Division (ServerState.java:close(429)) - 28725b92-7534-4808-bd3a-f7d426359eac@group-AE8BA0B9126D: closes. applyIndex: 31
2022-06-27 16:55:01,801 [28725b92-7534-4808-bd3a-f7d426359eac@group-AE8BA0B9126D-SegmentedRaftLogWorker] INFO  segmented.SegmentedRaftLogWorker (SegmentedRaftLogWorker.java:run(336)) - 28725b92-7534-4808-bd3a-f7d426359eac@group-AE8BA0B9126D-SegmentedRaftLogWorker was interrupted, exiting. There are 0 tasks remaining in the queue.
2022-06-27 16:55:01,802 [ForkJoinPool.commonPool-worker-0] INFO  segmented.SegmentedRaftLogWorker (SegmentedRaftLogWorker.java:close(246)) - 28725b92-7534-4808-bd3a-f7d426359eac@group-AE8BA0B9126D-SegmentedRaftLogWorker close()
2022-06-27 16:55:01,813 [ForkJoinPool.commonPool-worker-0] INFO  server.RaftServer$Division (RaftServerImpl.java:lambda$close$4(434)) - 28725b92-7534-4808-bd3a-f7d426359eac@group-4F5B199DD27A: shutdown
2022-06-27 16:55:01,813 [ForkJoinPool.commonPool-worker-0] INFO  util.JmxRegister (JmxRegister.java:unregister(73)) - Successfully un-registered JMX Bean with object name Ratis:service=RaftServer,group=group-4F5B199DD27A,id=28725b92-7534-4808-bd3a-f7d426359eac
2022-06-27 16:55:01,813 [ForkJoinPool.commonPool-worker-0] INFO  impl.RoleInfo (RoleInfo.java:shutdownFollowerState(110)) - 28725b92-7534-4808-bd3a-f7d426359eac: shutdown 28725b92-7534-4808-bd3a-f7d426359eac@group-4F5B199DD27A-FollowerState
2022-06-27 16:55:01,813 [ForkJoinPool.commonPool-worker-0] INFO  impl.StateMachineUpdater (StateMachineUpdater.java:stopAndJoin(153)) - 28725b92-7534-4808-bd3a-f7d426359eac@group-4F5B199DD27A-StateMachineUpdater: set stopIndex = 0
2022-06-27 16:55:01,813 [28725b92-7534-4808-bd3a-f7d426359eac@group-4F5B199DD27A-FollowerState] INFO  impl.FollowerState (FollowerState.java:run(152)) - 28725b92-7534-4808-bd3a-f7d426359eac@group-4F5B199DD27A-FollowerState was interrupted
2022-06-27 16:55:01,813 [28725b92-7534-4808-bd3a-f7d426359eac@group-4F5B199DD27A-StateMachineUpdater] INFO  ratis.ContainerStateMachine (ContainerStateMachine.java:takeSnapshot(304)) - group-4F5B199DD27A: Taking a snapshot at:(t:3, i:0) file /home/runner/work/ozone/ozone/hadoop-ozone/integration-test/target/test-dir/MiniOzoneClusterImpl-4b25a9da-6f8d-4450-a121-db50b250e675/datanode-0/data/ratis/5e6b6e9b-a531-4a1b-b76e-4f5b199dd27a/sm/snapshot.3_0
2022-06-27 16:55:01,814 [28725b92-7534-4808-bd3a-f7d426359eac@group-4F5B199DD27A-StateMachineUpdater] INFO  ratis.ContainerStateMachine (ContainerStateMachine.java:takeSnapshot(315)) - group-4F5B199DD27A: Finished taking a snapshot at:(t:3, i:0) file:/home/runner/work/ozone/ozone/hadoop-ozone/integration-test/target/test-dir/MiniOzoneClusterImpl-4b25a9da-6f8d-4450-a121-db50b250e675/datanode-0/data/ratis/5e6b6e9b-a531-4a1b-b76e-4f5b199dd27a/sm/snapshot.3_0 took: 0 ms
2022-06-27 16:55:01,814 [28725b92-7534-4808-bd3a-f7d426359eac@group-4F5B199DD27A-StateMachineUpdater] INFO  impl.StateMachineUpdater (StateMachineUpdater.java:takeSnapshot(287)) - 28725b92-7534-4808-bd3a-f7d426359eac@group-4F5B199DD27A-StateMachineUpdater: Took a snapshot at index 0
2022-06-27 16:55:01,814 [28725b92-7534-4808-bd3a-f7d426359eac@group-4F5B199DD27A-StateMachineUpdater] INFO  impl.StateMachineUpdater (StateMachineUpdater.java:lambda$new$0(92)) - 28725b92-7534-4808-bd3a-f7d426359eac@group-4F5B199DD27A-StateMachineUpdater: snapshotIndex: updateIncreasingly -1 -> 0
2022-06-27 16:55:01,815 [ForkJoinPool.commonPool-worker-0] INFO  server.RaftServer$Division (ServerState.java:close(429)) - 28725b92-7534-4808-bd3a-f7d426359eac@group-4F5B199DD27A: closes. applyIndex: 0
2022-06-27 16:55:01,815 [28725b92-7534-4808-bd3a-f7d426359eac@group-4F5B199DD27A-SegmentedRaftLogWorker] INFO  segmented.SegmentedRaftLogWorker (SegmentedRaftLogWorker.java:run(336)) - 28725b92-7534-4808-bd3a-f7d426359eac@group-4F5B199DD27A-SegmentedRaftLogWorker was interrupted, exiting. There are 0 tasks remaining in the queue.
2022-06-27 16:55:01,815 [ForkJoinPool.commonPool-worker-0] INFO  segmented.SegmentedRaftLogWorker (SegmentedRaftLogWorker.java:close(246)) - 28725b92-7534-4808-bd3a-f7d426359eac@group-4F5B199DD27A-SegmentedRaftLogWorker close()
2022-06-27 16:55:01,816 [ForkJoinPool.commonPool-worker-0] INFO  server.RaftServer$Division (RaftServerImpl.java:lambda$close$4(434)) - 28725b92-7534-4808-bd3a-f7d426359eac@group-EACB84F143A0: shutdown
2022-06-27 16:55:01,816 [ForkJoinPool.commonPool-worker-0] INFO  util.JmxRegister (JmxRegister.java:unregister(73)) - Successfully un-registered JMX Bean with object name Ratis:service=RaftServer,group=group-EACB84F143A0,id=28725b92-7534-4808-bd3a-f7d426359eac
2022-06-27 16:55:01,816 [ForkJoinPool.commonPool-worker-0] INFO  impl.RoleInfo (RoleInfo.java:shutdownLeaderState(93)) - 28725b92-7534-4808-bd3a-f7d426359eac: shutdown 28725b92-7534-4808-bd3a-f7d426359eac@group-EACB84F143A0-LeaderStateImpl
2022-06-27 16:55:01,816 [ForkJoinPool.commonPool-worker-0] INFO  impl.PendingRequests (PendingRequests.java:sendNotLeaderResponses(282)) - 28725b92-7534-4808-bd3a-f7d426359eac@group-EACB84F143A0-PendingRequests: sendNotLeaderResponses
2022-06-27 16:55:01,817 [ForkJoinPool.commonPool-worker-0] INFO  impl.StateMachineUpdater (StateMachineUpdater.java:stopAndJoin(153)) - 28725b92-7534-4808-bd3a-f7d426359eac@group-EACB84F143A0-StateMachineUpdater: set stopIndex = 0
2022-06-27 16:55:01,817 [28725b92-7534-4808-bd3a-f7d426359eac@group-EACB84F143A0-StateMachineUpdater] INFO  ratis.ContainerStateMachine (ContainerStateMachine.java:takeSnapshot(304)) - group-EACB84F143A0: Taking a snapshot at:(t:1, i:0) file /home/runner/work/ozone/ozone/hadoop-ozone/integration-test/target/test-dir/MiniOzoneClusterImpl-4b25a9da-6f8d-4450-a121-db50b250e675/datanode-0/data/ratis/f90eb72e-7063-44fa-8868-eacb84f143a0/sm/snapshot.1_0
2022-06-27 16:55:01,817 [28725b92-7534-4808-bd3a-f7d426359eac@group-EACB84F143A0-StateMachineUpdater] INFO  ratis.ContainerStateMachine (ContainerStateMachine.java:takeSnapshot(315)) - group-EACB84F143A0: Finished taking a snapshot at:(t:1, i:0) file:/home/runner/work/ozone/ozone/hadoop-ozone/integration-test/target/test-dir/MiniOzoneClusterImpl-4b25a9da-6f8d-4450-a121-db50b250e675/datanode-0/data/ratis/f90eb72e-7063-44fa-8868-eacb84f143a0/sm/snapshot.1_0 took: 1 ms
2022-06-27 16:55:01,818 [28725b92-7534-4808-bd3a-f7d426359eac@group-EACB84F143A0-StateMachineUpdater] INFO  impl.StateMachineUpdater (StateMachineUpdater.java:takeSnapshot(287)) - 28725b92-7534-4808-bd3a-f7d426359eac@group-EACB84F143A0-StateMachineUpdater: Took a snapshot at index 0
2022-06-27 16:55:01,818 [28725b92-7534-4808-bd3a-f7d426359eac@group-EACB84F143A0-StateMachineUpdater] INFO  impl.StateMachineUpdater (StateMachineUpdater.java:lambda$new$0(92)) - 28725b92-7534-4808-bd3a-f7d426359eac@group-EACB84F143A0-StateMachineUpdater: snapshotIndex: updateIncreasingly -1 -> 0
2022-06-27 16:55:01,818 [ForkJoinPool.commonPool-worker-0] INFO  server.RaftServer$Division (ServerState.java:close(429)) - 28725b92-7534-4808-bd3a-f7d426359eac@group-EACB84F143A0: closes. applyIndex: 0
2022-06-27 16:55:01,818 [28725b92-7534-4808-bd3a-f7d426359eac@group-EACB84F143A0-SegmentedRaftLogWorker] INFO  segmented.SegmentedRaftLogWorker (SegmentedRaftLogWorker.java:run(336)) - 28725b92-7534-4808-bd3a-f7d426359eac@group-EACB84F143A0-SegmentedRaftLogWorker was interrupted, exiting. There are 0 tasks remaining in the queue.
2022-06-27 16:55:01,818 [ForkJoinPool.commonPool-worker-0] INFO  segmented.SegmentedRaftLogWorker (SegmentedRaftLogWorker.java:close(246)) - 28725b92-7534-4808-bd3a-f7d426359eac@group-EACB84F143A0-SegmentedRaftLogWorker close()
2022-06-27 16:55:01,819 [ForkJoinPool.commonPool-worker-0] INFO  server.GrpcService (GrpcService.java:closeImpl(269)) - 28725b92-7534-4808-bd3a-f7d426359eac: shutdown server with port 46711 now
2022-06-27 16:55:01,820 [ForkJoinPool.commonPool-worker-0] INFO  server.GrpcService (GrpcService.java:closeImpl(278)) - 28725b92-7534-4808-bd3a-f7d426359eac: shutdown server with port 46711 successfully
2022-06-27 16:55:01,820 [org.apache.ratis.util.JvmPauseMonitor$$Lambda$611/5070432@3edd3a0d] INFO  util.JvmPauseMonitor (JvmPauseMonitor.java:run(109)) - JvmPauseMonitor-28725b92-7534-4808-bd3a-f7d426359eac: Stopped
2022-06-27 16:55:03,797 [Listener at 127.0.0.1/44473] INFO  utils.BackgroundService (BackgroundService.java:shutdown(132)) - Shutting down service BlockDeletingService
2022-06-27 16:55:03,836 [ForkJoinPool.commonPool-worker-0] INFO  utils.BackgroundService (BackgroundService.java:shutdown(132)) - Shutting down service BlockDeletingService
2022-06-27 16:55:06,807 [Listener at 127.0.0.1/44473] INFO  statemachine.DatanodeStateMachine (DatanodeStateMachine.java:stopDaemon(580)) - Ozone container server stopped.
2022-06-27 16:55:06,815 [Listener at 127.0.0.1/44473] INFO  handler.ContextHandler (ContextHandler.java:doStop(1153)) - Stopped o.e.j.w.WebAppContext@671f1e0a{hddsDatanode,/,null,STOPPED}{jar:file:/home/runner/.m2/repository/org/apache/ozone/hdds-container-service/1.3.0-SNAPSHOT/hdds-container-service-1.3.0-SNAPSHOT.jar!/webapps/hddsDatanode}
2022-06-27 16:55:06,817 [Listener at 127.0.0.1/44473] INFO  server.AbstractConnector (AbstractConnector.java:doStop(381)) - Stopped ServerConnector@7baa178{HTTP/1.1, (http/1.1)}{0.0.0.0:0}
2022-06-27 16:55:06,817 [Listener at 127.0.0.1/44473] INFO  server.session (HouseKeeper.java:stopScavenging(149)) - node0 Stopped scavenging
2022-06-27 16:55:06,822 [Listener at 127.0.0.1/44473] INFO  handler.ContextHandler (ContextHandler.java:doStop(1153)) - Stopped o.e.j.s.ServletContextHandler@65399087{static,/static,jar:file:/home/runner/.m2/repository/org/apache/ozone/hdds-container-service/1.3.0-SNAPSHOT/hdds-container-service-1.3.0-SNAPSHOT.jar!/webapps/static,STOPPED}
2022-06-27 16:55:06,823 [Listener at 127.0.0.1/44473] INFO  handler.ContextHandler (ContextHandler.java:doStop(1153)) - Stopped o.e.j.s.ServletContextHandler@792149c8{logs,/logs,file:///home/runner/work/ozone/ozone/hadoop-ozone/integration-test/target/log,STOPPED}
2022-06-27 16:55:06,837 [ForkJoinPool.commonPool-worker-0] INFO  statemachine.DatanodeStateMachine (DatanodeStateMachine.java:stopDaemon(580)) - Ozone container server stopped.
2022-06-27 16:55:06,850 [ForkJoinPool.commonPool-worker-0] INFO  handler.ContextHandler (ContextHandler.java:doStop(1153)) - Stopped o.e.j.w.WebAppContext@587011f0{hddsDatanode,/,null,STOPPED}{jar:file:/home/runner/.m2/repository/org/apache/ozone/hdds-container-service/1.3.0-SNAPSHOT/hdds-container-service-1.3.0-SNAPSHOT.jar!/webapps/hddsDatanode}
2022-06-27 16:55:06,851 [ForkJoinPool.commonPool-worker-0] INFO  server.AbstractConnector (AbstractConnector.java:doStop(381)) - Stopped ServerConnector@18f28a93{HTTP/1.1, (http/1.1)}{0.0.0.0:0}
2022-06-27 16:55:06,851 [ForkJoinPool.commonPool-worker-0] INFO  server.session (HouseKeeper.java:stopScavenging(149)) - node0 Stopped scavenging
2022-06-27 16:55:06,857 [ForkJoinPool.commonPool-worker-0] INFO  handler.ContextHandler (ContextHandler.java:doStop(1153)) - Stopped o.e.j.s.ServletContextHandler@60af2b3b{static,/static,jar:file:/home/runner/.m2/repository/org/apache/ozone/hdds-container-service/1.3.0-SNAPSHOT/hdds-container-service-1.3.0-SNAPSHOT.jar!/webapps/static,STOPPED}
2022-06-27 16:55:06,869 [ForkJoinPool.commonPool-worker-0] INFO  handler.ContextHandler (ContextHandler.java:doStop(1153)) - Stopped o.e.j.s.ServletContextHandler@7f448d3d{logs,/logs,file:///home/runner/work/ozone/ozone/hadoop-ozone/integration-test/target/log,STOPPED}
2022-06-27 16:55:11,825 [Listener at 127.0.0.1/44473] INFO  ozoneimpl.OzoneContainer (OzoneContainer.java:stop(365)) - Attempting to stop container services.
2022-06-27 16:55:11,826 [Listener at 127.0.0.1/44473] INFO  server.RaftServer (RaftServerProxy.java:lambda$close$7(398)) - d2418c64-8d9c-434b-8e38-d723d14cbfaf: close
2022-06-27 16:55:11,827 [Listener at 127.0.0.1/44473] INFO  server.RaftServer$Division (RaftServerImpl.java:lambda$close$4(434)) - d2418c64-8d9c-434b-8e38-d723d14cbfaf@group-55D38D95D65A: shutdown
2022-06-27 16:55:11,827 [Listener at 127.0.0.1/44473] INFO  util.JmxRegister (JmxRegister.java:unregister(73)) - Successfully un-registered JMX Bean with object name Ratis:service=RaftServer,group=group-55D38D95D65A,id=d2418c64-8d9c-434b-8e38-d723d14cbfaf
2022-06-27 16:55:11,827 [Listener at 127.0.0.1/44473] INFO  impl.RoleInfo (RoleInfo.java:shutdownLeaderState(93)) - d2418c64-8d9c-434b-8e38-d723d14cbfaf: shutdown d2418c64-8d9c-434b-8e38-d723d14cbfaf@group-55D38D95D65A-LeaderStateImpl
2022-06-27 16:55:11,827 [Listener at 127.0.0.1/44473] INFO  impl.PendingRequests (PendingRequests.java:sendNotLeaderResponses(282)) - d2418c64-8d9c-434b-8e38-d723d14cbfaf@group-55D38D95D65A-PendingRequests: sendNotLeaderResponses
2022-06-27 16:55:11,827 [Listener at 127.0.0.1/44473] INFO  impl.StateMachineUpdater (StateMachineUpdater.java:stopAndJoin(153)) - d2418c64-8d9c-434b-8e38-d723d14cbfaf@group-55D38D95D65A-StateMachineUpdater: set stopIndex = 0
2022-06-27 16:55:11,828 [d2418c64-8d9c-434b-8e38-d723d14cbfaf@group-55D38D95D65A-StateMachineUpdater] INFO  ratis.ContainerStateMachine (ContainerStateMachine.java:takeSnapshot(304)) - group-55D38D95D65A: Taking a snapshot at:(t:1, i:0) file /home/runner/work/ozone/ozone/hadoop-ozone/integration-test/target/test-dir/MiniOzoneClusterImpl-4b25a9da-6f8d-4450-a121-db50b250e675/datanode-3/data/ratis/4c7012ae-ebd3-47c0-8a57-55d38d95d65a/sm/snapshot.1_0
2022-06-27 16:55:11,831 [d2418c64-8d9c-434b-8e38-d723d14cbfaf@group-55D38D95D65A-StateMachineUpdater] INFO  ratis.ContainerStateMachine (ContainerStateMachine.java:takeSnapshot(315)) - group-55D38D95D65A: Finished taking a snapshot at:(t:1, i:0) file:/home/runner/work/ozone/ozone/hadoop-ozone/integration-test/target/test-dir/MiniOzoneClusterImpl-4b25a9da-6f8d-4450-a121-db50b250e675/datanode-3/data/ratis/4c7012ae-ebd3-47c0-8a57-55d38d95d65a/sm/snapshot.1_0 took: 4 ms
2022-06-27 16:55:11,832 [d2418c64-8d9c-434b-8e38-d723d14cbfaf@group-55D38D95D65A-StateMachineUpdater] INFO  impl.StateMachineUpdater (StateMachineUpdater.java:takeSnapshot(287)) - d2418c64-8d9c-434b-8e38-d723d14cbfaf@group-55D38D95D65A-StateMachineUpdater: Took a snapshot at index 0
2022-06-27 16:55:11,832 [d2418c64-8d9c-434b-8e38-d723d14cbfaf@group-55D38D95D65A-StateMachineUpdater] INFO  impl.StateMachineUpdater (StateMachineUpdater.java:lambda$new$0(92)) - d2418c64-8d9c-434b-8e38-d723d14cbfaf@group-55D38D95D65A-StateMachineUpdater: snapshotIndex: updateIncreasingly -1 -> 0
2022-06-27 16:55:11,832 [Listener at 127.0.0.1/44473] INFO  server.RaftServer$Division (ServerState.java:close(429)) - d2418c64-8d9c-434b-8e38-d723d14cbfaf@group-55D38D95D65A: closes. applyIndex: 0
2022-06-27 16:55:11,832 [d2418c64-8d9c-434b-8e38-d723d14cbfaf@group-55D38D95D65A-SegmentedRaftLogWorker] INFO  segmented.SegmentedRaftLogWorker (SegmentedRaftLogWorker.java:run(336)) - d2418c64-8d9c-434b-8e38-d723d14cbfaf@group-55D38D95D65A-SegmentedRaftLogWorker was interrupted, exiting. There are 0 tasks remaining in the queue.
2022-06-27 16:55:11,832 [Listener at 127.0.0.1/44473] INFO  segmented.SegmentedRaftLogWorker (SegmentedRaftLogWorker.java:close(246)) - d2418c64-8d9c-434b-8e38-d723d14cbfaf@group-55D38D95D65A-SegmentedRaftLogWorker close()
2022-06-27 16:55:11,834 [Listener at 127.0.0.1/44473] INFO  server.GrpcService (GrpcService.java:closeImpl(269)) - d2418c64-8d9c-434b-8e38-d723d14cbfaf: shutdown server with port 35023 now
2022-06-27 16:55:11,835 [Listener at 127.0.0.1/44473] INFO  server.GrpcService (GrpcService.java:closeImpl(278)) - d2418c64-8d9c-434b-8e38-d723d14cbfaf: shutdown server with port 35023 successfully
2022-06-27 16:55:11,836 [org.apache.ratis.util.JvmPauseMonitor$$Lambda$611/5070432@2c1a6776] INFO  util.JvmPauseMonitor (JvmPauseMonitor.java:run(109)) - JvmPauseMonitor-d2418c64-8d9c-434b-8e38-d723d14cbfaf: Stopped
2022-06-27 16:55:13,842 [Listener at 127.0.0.1/44473] INFO  utils.BackgroundService (BackgroundService.java:shutdown(132)) - Shutting down service BlockDeletingService
2022-06-27 16:55:16,844 [Listener at 127.0.0.1/44473] INFO  statemachine.DatanodeStateMachine (DatanodeStateMachine.java:stopDaemon(580)) - Ozone container server stopped.
2022-06-27 16:55:16,852 [Listener at 127.0.0.1/44473] INFO  handler.ContextHandler (ContextHandler.java:doStop(1153)) - Stopped o.e.j.w.WebAppContext@35b71e90{hddsDatanode,/,null,STOPPED}{jar:file:/home/runner/.m2/repository/org/apache/ozone/hdds-container-service/1.3.0-SNAPSHOT/hdds-container-service-1.3.0-SNAPSHOT.jar!/webapps/hddsDatanode}
2022-06-27 16:55:16,855 [Listener at 127.0.0.1/44473] INFO  server.AbstractConnector (AbstractConnector.java:doStop(381)) - Stopped ServerConnector@6abb34a5{HTTP/1.1, (http/1.1)}{0.0.0.0:0}
2022-06-27 16:55:16,855 [Listener at 127.0.0.1/44473] INFO  server.session (HouseKeeper.java:stopScavenging(149)) - node0 Stopped scavenging
2022-06-27 16:55:16,855 [Listener at 127.0.0.1/44473] INFO  handler.ContextHandler (ContextHandler.java:doStop(1153)) - Stopped o.e.j.s.ServletContextHandler@1493c922{static,/static,jar:file:/home/runner/.m2/repository/org/apache/ozone/hdds-container-service/1.3.0-SNAPSHOT/hdds-container-service-1.3.0-SNAPSHOT.jar!/webapps/static,STOPPED}
2022-06-27 16:55:16,856 [Listener at 127.0.0.1/44473] INFO  handler.ContextHandler (ContextHandler.java:doStop(1153)) - Stopped o.e.j.s.ServletContextHandler@1f402d1{logs,/logs,file:///home/runner/work/ozone/ozone/hadoop-ozone/integration-test/target/log,STOPPED}
2022-06-27 16:55:16,857 [Listener at 127.0.0.1/44473] INFO  ozone.MiniOzoneClusterImpl (MiniOzoneClusterImpl.java:stopSCM(549)) - Stopping the StorageContainerManager
2022-06-27 16:55:16,857 [Listener at 127.0.0.1/44473] INFO  server.StorageContainerManager (StorageContainerManager.java:stop(1514)) - Container Balancer is not running.
2022-06-27 16:55:16,857 [Listener at 127.0.0.1/44473] INFO  server.StorageContainerManager (StorageContainerManager.java:stop(1521)) - Stopping Replication Manager Service.
2022-06-27 16:55:16,857 [Listener at 127.0.0.1/44473] INFO  replication.ReplicationManager (ReplicationManager.java:stop(208)) - Stopping Replication Monitor Thread.
2022-06-27 16:55:16,858 [ReplicationMonitor] INFO  replication.ReplicationManager (ReplicationManager.java:run(318)) - Replication Monitor Thread is stopped
2022-06-27 16:55:16,858 [Listener at 127.0.0.1/44473] INFO  server.StorageContainerManager (StorageContainerManager.java:stop(1528)) - Stopping the Datanode Admin Monitor.
2022-06-27 16:55:16,858 [Listener at 127.0.0.1/44473] INFO  server.StorageContainerManager (StorageContainerManager.java:stop(1535)) - Stopping Lease Manager of the command watchers
2022-06-27 16:55:16,858 [Listener at 127.0.0.1/44473] INFO  server.StorageContainerManager (StorageContainerManager.java:stop(1542)) - Stopping datanode service RPC server
2022-06-27 16:55:16,858 [Listener at 127.0.0.1/44473] INFO  server.SCMDatanodeProtocolServer (SCMDatanodeProtocolServer.java:stop(408)) - Stopping the RPC server for DataNodes
2022-06-27 16:55:16,858 [Listener at 127.0.0.1/44473] INFO  ipc.Server (Server.java:stop(3414)) - Stopping server on 34337
2022-06-27 16:55:16,868 [IPC Server Responder] INFO  ipc.Server (Server.java:run(1512)) - Stopping IPC Server Responder
2022-06-27 16:55:16,869 [IPC Server listener on 0] INFO  ipc.Server (Server.java:run(1376)) - Stopping IPC Server listener on 0
2022-06-27 16:55:16,945 [SCM Heartbeat Processing Thread - 0] WARN  node.NodeStateManager (NodeStateManager.java:scheduleNextHealthCheck(870)) - Current Thread is interrupted, shutting down HB processing thread for Node Manager.
2022-06-27 16:55:16,945 [Listener at 127.0.0.1/44473] INFO  server.StorageContainerManager (StorageContainerManager.java:stop(1550)) - Stopping block service RPC server
2022-06-27 16:55:16,946 [Listener at 127.0.0.1/44473] INFO  server.SCMBlockProtocolServer (SCMBlockProtocolServer.java:stop(160)) - Stopping the RPC server for Block Protocol
2022-06-27 16:55:16,946 [Listener at 127.0.0.1/44473] INFO  ipc.Server (Server.java:stop(3414)) - Stopping server on 34301
2022-06-27 16:55:16,947 [Listener at 127.0.0.1/44473] INFO  server.StorageContainerManager (StorageContainerManager.java:stop(1557)) - Stopping the StorageContainerLocationProtocol RPC server
2022-06-27 16:55:16,947 [Listener at 127.0.0.1/44473] INFO  server.SCMClientProtocolServer (SCMClientProtocolServer.java:stop(178)) - Stopping the RPC server for Client Protocol
2022-06-27 16:55:16,947 [Listener at 127.0.0.1/44473] INFO  ipc.Server (Server.java:stop(3414)) - Stopping server on 36495
2022-06-27 16:55:16,947 [IPC Server Responder] INFO  ipc.Server (Server.java:run(1512)) - Stopping IPC Server Responder
2022-06-27 16:55:16,948 [IPC Server listener on 0] INFO  ipc.Server (Server.java:run(1376)) - Stopping IPC Server listener on 0
2022-06-27 16:55:16,949 [Listener at 127.0.0.1/44473] INFO  server.StorageContainerManager (StorageContainerManager.java:stop(1564)) - Stopping Storage Container Manager HTTP server.
2022-06-27 16:55:16,950 [Listener at 127.0.0.1/44473] INFO  handler.ContextHandler (ContextHandler.java:doStop(1153)) - Stopped o.e.j.w.WebAppContext@76ebd595{scm,/,null,STOPPED}{file:/home/runner/work/ozone/ozone/hadoop-ozone/integration-test/target/test-classes/webapps/scm}
2022-06-27 16:55:16,950 [IPC Server listener on 0] INFO  ipc.Server (Server.java:run(1376)) - Stopping IPC Server listener on 0
2022-06-27 16:55:16,953 [IPC Server Responder] INFO  ipc.Server (Server.java:run(1512)) - Stopping IPC Server Responder
2022-06-27 16:55:16,953 [Listener at 127.0.0.1/44473] INFO  server.AbstractConnector (AbstractConnector.java:doStop(381)) - Stopped ServerConnector@e581302{HTTP/1.1, (http/1.1)}{0.0.0.0:0}
2022-06-27 16:55:16,953 [Listener at 127.0.0.1/44473] INFO  server.session (HouseKeeper.java:stopScavenging(149)) - node0 Stopped scavenging
2022-06-27 16:55:16,953 [Listener at 127.0.0.1/44473] INFO  handler.ContextHandler (ContextHandler.java:doStop(1153)) - Stopped o.e.j.s.ServletContextHandler@34604b32{static,/static,file:///home/runner/work/ozone/ozone/hadoop-ozone/integration-test/target/test-classes/webapps/static,STOPPED}
2022-06-27 16:55:16,953 [Listener at 127.0.0.1/44473] INFO  handler.ContextHandler (ContextHandler.java:doStop(1153)) - Stopped o.e.j.s.ServletContextHandler@734a2c17{logs,/logs,file:///home/runner/work/ozone/ozone/hadoop-ozone/integration-test/target/log,STOPPED}
2022-06-27 16:55:16,955 [Listener at 127.0.0.1/44473] INFO  server.StorageContainerManager (StorageContainerManager.java:stop(1575)) - Stopping Block Manager Service.
2022-06-27 16:55:16,955 [Listener at 127.0.0.1/44473] INFO  utils.BackgroundService (BackgroundService.java:shutdown(132)) - Shutting down service SCMBlockDeletingService
2022-06-27 16:55:16,956 [Listener at 127.0.0.1/44473] INFO  utils.BackgroundService (BackgroundService.java:shutdown(132)) - Shutting down service SCMBlockDeletingService
2022-06-27 16:55:16,956 [Listener at 127.0.0.1/44473] INFO  server.StorageContainerManager (StorageContainerManager.java:stop(1602)) - Stopping SCM Event Queue.
2022-06-27 16:55:16,958 [Listener at 127.0.0.1/44473] INFO  server.StorageContainerManager (StorageContainerManager.java:stop(1613)) - Stopping SCM HA services.
2022-06-27 16:55:16,958 [Listener at 127.0.0.1/44473] INFO  pipeline.BackgroundPipelineCreator (BackgroundPipelineCreator.java:stop(152)) - Stopping RatisPipelineUtilsThread.
2022-06-27 16:55:16,958 [RatisPipelineUtilsThread - 0] WARN  pipeline.BackgroundPipelineCreator (BackgroundPipelineCreator.java:run(179)) - RatisPipelineUtilsThread is interrupted.
2022-06-27 16:55:16,958 [BackgroundPipelineScrubberThread] WARN  BackgroundPipelineScrubber (BackgroundSCMService.java:run(110)) - BackgroundPipelineScrubber is interrupted, exit
2022-06-27 16:55:16,958 [Listener at 127.0.0.1/44473] INFO  BackgroundPipelineScrubber (BackgroundSCMService.java:stop(126)) - Stopping BackgroundPipelineScrubber Service.
2022-06-27 16:55:16,959 [Listener at 127.0.0.1/44473] INFO  server.StorageContainerManager (StorageContainerManager.java:stop(1623)) - Stopping SCM MetadataStore.
2022-06-27 16:55:16,960 [Listener at 127.0.0.1/44473] INFO  impl.MetricsSystemImpl (MetricsSystemImpl.java:stop(210)) - Stopping XceiverClientMetrics metrics system...
2022-06-27 16:55:16,981 [prometheus] INFO  impl.MetricsSinkAdapter (MetricsSinkAdapter.java:publishMetricsFromQueue(141)) - prometheus thread interrupted.
2022-06-27 16:55:16,981 [Listener at 127.0.0.1/44473] INFO  impl.MetricsSystemImpl (MetricsSystemImpl.java:stop(216)) - XceiverClientMetrics metrics system stopped.
2022-06-27 16:55:17,119 [Listener at 127.0.0.1/44473] WARN  server.ServerUtils (ServerUtils.java:getScmDbDir(148)) - ozone.scm.db.dirs is not configured. We recommend adding this setting. Falling back to ozone.metadata.dirs instead.
2022-06-27 16:55:17,123 [Listener at 127.0.0.1/44473] WARN  server.ServerUtils (ServerUtils.java:getScmDbDir(148)) - ozone.scm.db.dirs is not configured. We recommend adding this setting. Falling back to ozone.metadata.dirs instead.
2022-06-27 16:55:17,124 [Listener at 127.0.0.1/44473] INFO  ha.SCMHANodeDetails (SCMHANodeDetails.java:loadSCMHAConfig(209)) - ServiceID for StorageContainerManager is null
2022-06-27 16:55:17,124 [Listener at 127.0.0.1/44473] INFO  ha.SCMHANodeDetails (SCMHANodeDetails.java:loadSCMHAConfig(214)) - ozone.scm.default.service.id is not defined, falling back to ozone.scm.service.ids to find serviceID for StorageContainerManager if it is HA enabled cluster
2022-06-27 16:55:17,124 [Listener at 127.0.0.1/44473] WARN  utils.HAUtils (HAUtils.java:getMetaDir(342)) - ozone.scm.db.dirs is not configured. We recommend adding this setting. Falling back to ozone.metadata.dirs instead.
2022-06-27 16:55:17,141 [Listener at 127.0.0.1/44473] WARN  db.DBStoreBuilder (DBStoreBuilder.java:applyDBDefinition(145)) - ozone.scm.db.dirs is not configured. We recommend adding this setting. Falling back to ozone.metadata.dirs instead.
2022-06-27 16:55:17,285 [Listener at 127.0.0.1/44473] INFO  net.NodeSchemaLoader (NodeSchemaLoader.java:loadSchemaFromFile(129)) - Loading schema from [jar:file:/home/runner/.m2/repository/org/apache/ozone/hdds-common/1.3.0-SNAPSHOT/hdds-common-1.3.0-SNAPSHOT.jar!/network-topology-default.xml]
2022-06-27 16:55:17,285 [Listener at 127.0.0.1/44473] INFO  net.NodeSchemaLoader (NodeSchemaLoader.java:loadSchema(176)) - Loading network topology layer schema file
2022-06-27 16:55:17,295 [Listener at 127.0.0.1/44473] INFO  upgrade.AbstractLayoutVersionManager (AbstractLayoutVersionManager.java:init(82)) - Initializing Layout version manager with metadata layout = DATANODE_SCHEMA_V3 (version = 4), software layout = DATANODE_SCHEMA_V3 (version = 4)
2022-06-27 16:55:17,353 [Listener at 127.0.0.1/44473] INFO  reflections.Reflections (Reflections.java:scan(232)) - Reflections took 56 ms to scan 7 urls, producing 131 keys and 316 values 
2022-06-27 16:55:17,361 [Listener at 127.0.0.1/44473] INFO  ha.SequenceIdGenerator (SequenceIdGenerator.java:upgradeToSequenceId(347)) - upgrade localId to 109611004723200000
2022-06-27 16:55:17,361 [Listener at 127.0.0.1/44473] INFO  ha.SequenceIdGenerator (SequenceIdGenerator.java:upgradeToSequenceId(357)) - upgrade delTxnId to 0
2022-06-27 16:55:17,361 [Listener at 127.0.0.1/44473] INFO  ha.SequenceIdGenerator (SequenceIdGenerator.java:upgradeToSequenceId(374)) - upgrade containerId to 0
2022-06-27 16:55:17,361 [Listener at 127.0.0.1/44473] INFO  ha.SequenceIdGenerator (SequenceIdGenerator.java:<init>(218)) - Init the HA SequenceIdGenerator.
2022-06-27 16:55:17,365 [Listener at 127.0.0.1/44473] WARN  server.ServerUtils (ServerUtils.java:sanitizeUserArgs(73)) - ozone.scm.stale.node.interval value = 300000 is larger than max = 100000 based on the key value of ozone.scm.heartbeat.thread.interval, reset to the max value 100000.
2022-06-27 16:55:17,365 [Listener at 127.0.0.1/44473] WARN  server.ServerUtils (ServerUtils.java:sanitizeUserArgs(73)) - ozone.scm.stale.node.interval value = 300000 is larger than max = 100000 based on the key value of ozone.scm.heartbeat.thread.interval, reset to the max value 100000.
2022-06-27 16:55:17,370 [Listener at 127.0.0.1/44473] INFO  node.SCMNodeManager (SCMNodeManager.java:<init>(149)) - Entering startup safe mode.
2022-06-27 16:55:17,370 [Listener at 127.0.0.1/44473] INFO  algorithms.ContainerPlacementPolicyFactory (ContainerPlacementPolicyFactory.java:getPolicyInternal(86)) - Create container placement policy of type org.apache.hadoop.hdds.scm.container.placement.algorithms.SCMContainerPlacementRandom
2022-06-27 16:55:17,371 [Listener at 127.0.0.1/44473] INFO  pipeline.PipelineStateManagerImpl (PipelineStateManagerImpl.java:initialize(78)) - No pipeline exists in current db
2022-06-27 16:55:17,371 [Listener at 127.0.0.1/44473] INFO  algorithms.LeaderChoosePolicyFactory (LeaderChoosePolicyFactory.java:getPolicy(57)) - Create leader choose policy of type org.apache.hadoop.hdds.scm.pipeline.leader.choose.algorithms.MinLeaderCountChoosePolicy
2022-06-27 16:55:17,371 [Listener at 127.0.0.1/44473] INFO  algorithms.ContainerPlacementPolicyFactory (ContainerPlacementPolicyFactory.java:getPolicyInternal(86)) - Create container placement policy of type org.apache.hadoop.hdds.scm.container.placement.algorithms.SCMContainerPlacementRackScatter
2022-06-27 16:55:17,371 [Listener at 127.0.0.1/44473] INFO  pipeline.BackgroundPipelineCreator (BackgroundPipelineCreator.java:start(127)) - Starting RatisPipelineUtilsThread.
2022-06-27 16:55:17,372 [Listener at 127.0.0.1/44473] INFO  BackgroundPipelineScrubber (BackgroundSCMService.java:start(68)) - Starting BackgroundPipelineScrubber Service.
2022-06-27 16:55:17,373 [Listener at 127.0.0.1/44473] INFO  ha.SCMServiceManager (SCMServiceManager.java:register(42)) - Registering service BackgroundPipelineCreator.
2022-06-27 16:55:17,373 [Listener at 127.0.0.1/44473] INFO  ha.SCMServiceManager (SCMServiceManager.java:register(42)) - Registering service BackgroundPipelineScrubber.
2022-06-27 16:55:17,373 [Listener at 127.0.0.1/44473] INFO  ExpiredContainerReplicaOpScrubber (BackgroundSCMService.java:start(68)) - Starting ExpiredContainerReplicaOpScrubber Service.
2022-06-27 16:55:17,373 [Listener at 127.0.0.1/44473] INFO  ha.SCMServiceManager (SCMServiceManager.java:register(42)) - Registering service ExpiredContainerReplicaOpScrubber.
2022-06-27 16:55:17,374 [Listener at 127.0.0.1/44473] INFO  algorithms.PipelineChoosePolicyFactory (PipelineChoosePolicyFactory.java:createPipelineChoosePolicyFromClass(73)) - Create pipeline choose policy of type org.apache.hadoop.hdds.scm.pipeline.choose.algorithms.RandomPipelineChoosePolicy
2022-06-27 16:55:17,374 [Listener at 127.0.0.1/44473] INFO  ha.SCMServiceManager (SCMServiceManager.java:register(42)) - Registering service SCMBlockDeletingService.
2022-06-27 16:55:17,374 [Listener at 127.0.0.1/44473] INFO  replication.ReplicationManager (ReplicationManager.java:start(175)) - Starting Replication Monitor Thread.
2022-06-27 16:55:17,375 [Listener at 127.0.0.1/44473] INFO  ha.SCMServiceManager (SCMServiceManager.java:register(42)) - Registering service ReplicationManager.
2022-06-27 16:55:17,375 [Listener at 127.0.0.1/44473] INFO  safemode.ContainerSafeModeRule (ContainerSafeModeRule.java:<init>(89)) - containers with one replica threshold count 0
2022-06-27 16:55:17,375 [Listener at 127.0.0.1/44473] INFO  safemode.HealthyPipelineSafeModeRule (HealthyPipelineSafeModeRule.java:initializeRule(156)) - Total pipeline count is 0, healthy pipeline threshold count is 1
2022-06-27 16:55:17,376 [Listener at 127.0.0.1/44473] INFO  safemode.OneReplicaPipelineSafeModeRule (OneReplicaPipelineSafeModeRule.java:initializeRule(180)) - Total pipeline count is 0, pipeline's with at least one datanode reported threshold count is 0
2022-06-27 16:55:17,376 [ReplicationMonitor] INFO  replication.ReplicationManager (ReplicationManager.java:processAll(224)) - Replication Manager is not ready to run until 3000ms after safemode exit
2022-06-27 16:55:17,379 [Listener at 127.0.0.1/44473] INFO  ipc.CallQueueManager (CallQueueManager.java:<init>(90)) - Using callQueue: class java.util.concurrent.LinkedBlockingQueue, queueCapacity: 2000, scheduler: class org.apache.hadoop.ipc.DefaultRpcScheduler, ipcBackoff: false.
2022-06-27 16:55:17,380 [Socket Reader #1 for port 0] INFO  ipc.Server (Server.java:run(1265)) - Starting Socket Reader #1 for port 0
2022-06-27 16:55:17,380 [Listener at 0.0.0.0/33583] INFO  ipc.CallQueueManager (CallQueueManager.java:<init>(90)) - Using callQueue: class java.util.concurrent.LinkedBlockingQueue, queueCapacity: 2000, scheduler: class org.apache.hadoop.ipc.DefaultRpcScheduler, ipcBackoff: false.
2022-06-27 16:55:17,381 [Socket Reader #1 for port 0] INFO  ipc.Server (Server.java:run(1265)) - Starting Socket Reader #1 for port 0
2022-06-27 16:55:17,382 [Listener at 0.0.0.0/40199] INFO  ipc.CallQueueManager (CallQueueManager.java:<init>(90)) - Using callQueue: class java.util.concurrent.LinkedBlockingQueue, queueCapacity: 2000, scheduler: class org.apache.hadoop.ipc.DefaultRpcScheduler, ipcBackoff: false.
2022-06-27 16:55:17,382 [Socket Reader #1 for port 0] INFO  ipc.Server (Server.java:run(1265)) - Starting Socket Reader #1 for port 0
2022-06-27 16:55:17,418 [Listener at 0.0.0.0/44331] INFO  ha.SCMServiceManager (SCMServiceManager.java:register(42)) - Registering service ContainerBalancer.
2022-06-27 16:55:17,418 [Listener at 0.0.0.0/44331] INFO  server.StorageContainerManager (StorageContainerManager.java:<init>(401)) - 
Container Balancer status:
Key                            Value
Running                        false
Container Balancer Configuration values:
Key                                                Value
Threshold                                          10
Max Datanodes to Involve per Iteration(percent)    20
Max Size to Move per Iteration                     500GB
Max Size Entering Target per Iteration             26GB
Max Size Leaving Source per Iteration              26GB

2022-06-27 16:55:17,418 [Listener at 0.0.0.0/44331] WARN  events.EventQueue (EventQueue.java:fireEvent(216)) - No event handler registered for event TypedEvent{payloadType=SafeModeStatus, name='Safe mode status'}
2022-06-27 16:55:17,418 [Listener at 0.0.0.0/44331] INFO  ha.SCMContext (SCMContext.java:updateSafeModeStatus(228)) - Update SafeModeStatus from SafeModeStatus{safeModeStatus=true, preCheckPassed=false} to SafeModeStatus{safeModeStatus=true, preCheckPassed=false}.
2022-06-27 16:55:17,419 [Listener at 0.0.0.0/44331] INFO  server.StorageContainerManager (StorageContainerManager.java:start(1422)) - StorageContainerLocationProtocol RPC server is listening at /0.0.0.0:44331
2022-06-27 16:55:17,420 [Listener at 0.0.0.0/44331] WARN  impl.MetricsConfig (MetricsConfig.java:loadFirst(136)) - Cannot locate configuration: tried hadoop-metrics2-storagecontainermanager.properties,hadoop-metrics2.properties
2022-06-27 16:55:17,420 [Listener at 0.0.0.0/44331] INFO  impl.MetricsSystemImpl (MetricsSystemImpl.java:startTimer(378)) - Scheduled Metric snapshot period at 10 second(s).
2022-06-27 16:55:17,421 [Listener at 0.0.0.0/44331] INFO  impl.MetricsSystemImpl (MetricsSystemImpl.java:start(191)) - StorageContainerManager metrics system started
2022-06-27 16:55:17,457 [Listener at 0.0.0.0/44331] INFO  impl.MetricsSinkAdapter (MetricsSinkAdapter.java:start(204)) - Sink prometheus started
2022-06-27 16:55:17,457 [Listener at 0.0.0.0/44331] INFO  impl.MetricsSystemImpl (MetricsSystemImpl.java:registerSink(305)) - Registered sink prometheus
2022-06-27 16:55:17,481 [Listener at 0.0.0.0/44331] INFO  server.SCMClientProtocolServer (SCMClientProtocolServer.java:start(169)) - RPC server for Client  is listening at /0.0.0.0:44331
2022-06-27 16:55:17,485 [IPC Server Responder] INFO  ipc.Server (Server.java:run(1507)) - IPC Server Responder: starting
2022-06-27 16:55:17,501 [IPC Server listener on 0] INFO  ipc.Server (Server.java:run(1344)) - IPC Server listener on 0: starting
2022-06-27 16:55:17,512 [Listener at 0.0.0.0/44331] INFO  server.StorageContainerManager (StorageContainerManager.java:start(1437)) - ScmBlockLocationProtocol RPC server is listening at /0.0.0.0:40199
2022-06-27 16:55:17,512 [Listener at 0.0.0.0/44331] INFO  server.SCMBlockProtocolServer (SCMBlockProtocolServer.java:start(151)) - RPC server for Block Protocol is listening at /0.0.0.0:40199
2022-06-27 16:55:17,513 [IPC Server Responder] INFO  ipc.Server (Server.java:run(1507)) - IPC Server Responder: starting
2022-06-27 16:55:17,513 [IPC Server listener on 0] INFO  ipc.Server (Server.java:run(1344)) - IPC Server listener on 0: starting
2022-06-27 16:55:17,526 [Listener at 0.0.0.0/44331] INFO  server.SCMDatanodeProtocolServer (SCMDatanodeProtocolServer.java:start(185)) - ScmDatanodeProtocol RPC server for DataNodes is listening at /0.0.0.0:33583
2022-06-27 16:55:17,527 [IPC Server Responder] INFO  ipc.Server (Server.java:run(1507)) - IPC Server Responder: starting
2022-06-27 16:55:17,527 [IPC Server listener on 0] INFO  ipc.Server (Server.java:run(1344)) - IPC Server listener on 0: starting
2022-06-27 16:55:17,536 [Listener at 0.0.0.0/44331] INFO  http.BaseHttpServer (BaseHttpServer.java:newHttpServer2BuilderForOzone(209)) - Starting Web-server for scm at: http://0.0.0.0:0
2022-06-27 16:55:17,536 [Listener at 0.0.0.0/44331] INFO  http.BaseHttpServer (BaseHttpServer.java:<init>(107)) - Hadoop Security Enabled: false Ozone Security Enabled: false Ozone HTTP Security Enabled: false 
2022-06-27 16:55:17,538 [Listener at 0.0.0.0/44331] INFO  server.AuthenticationFilter (AuthenticationFilter.java:constructSecretProvider(240)) - Unable to initialize FileSignerSecretProvider, falling back to use random secrets.
2022-06-27 16:55:17,538 [Listener at 0.0.0.0/44331] WARN  http.HttpRequestLog (HttpRequestLog.java:getRequestLog(103)) - Jetty request log can only be enabled using Log4j
2022-06-27 16:55:17,540 [Listener at 0.0.0.0/44331] INFO  http.HttpServer2 (HttpServer2.java:addGlobalFilter(1029)) - Added global filter 'safety' (class=org.apache.hadoop.hdds.server.http.HttpServer2$QuotingInputFilter)
2022-06-27 16:55:17,540 [Listener at 0.0.0.0/44331] INFO  http.HttpServer2 (HttpServer2.java:addFilter(1005)) - Added filter static_user_filter (class=org.apache.hadoop.http.lib.StaticUserWebFilter$StaticUserFilter) to context scm
2022-06-27 16:55:17,541 [Listener at 0.0.0.0/44331] INFO  http.HttpServer2 (HttpServer2.java:addFilter(1013)) - Added filter static_user_filter (class=org.apache.hadoop.http.lib.StaticUserWebFilter$StaticUserFilter) to context static
2022-06-27 16:55:17,541 [Listener at 0.0.0.0/44331] INFO  http.HttpServer2 (HttpServer2.java:addFilter(1013)) - Added filter static_user_filter (class=org.apache.hadoop.http.lib.StaticUserWebFilter$StaticUserFilter) to context logs
2022-06-27 16:55:17,541 [Listener at 0.0.0.0/44331] INFO  http.HttpServer2 (HttpServer2.java:bindListener(1248)) - Jetty bound to port 38477
2022-06-27 16:55:17,541 [Listener at 0.0.0.0/44331] INFO  server.Server (Server.java:doStart(375)) - jetty-9.4.43.v20210629; built: 2021-06-30T11:07:22.254Z; git: 526006ecfa3af7f1a27ef3a288e2bef7ea9dd7e8; jvm 1.8.0_332-b09
2022-06-27 16:55:17,544 [Listener at 0.0.0.0/44331] INFO  server.session (DefaultSessionIdManager.java:doStart(334)) - DefaultSessionIdManager workerName=node0
2022-06-27 16:55:17,544 [Listener at 0.0.0.0/44331] INFO  server.session (DefaultSessionIdManager.java:doStart(339)) - No SessionScavenger set, using defaults
2022-06-27 16:55:17,544 [Listener at 0.0.0.0/44331] INFO  server.session (HouseKeeper.java:startScavenging(132)) - node0 Scavenging every 660000ms
2022-06-27 16:55:17,545 [Listener at 0.0.0.0/44331] INFO  handler.ContextHandler (ContextHandler.java:doStart(915)) - Started o.e.j.s.ServletContextHandler@6673ec27{logs,/logs,file:///home/runner/work/ozone/ozone/hadoop-ozone/integration-test/target/log,AVAILABLE}
2022-06-27 16:55:17,545 [Listener at 0.0.0.0/44331] INFO  handler.ContextHandler (ContextHandler.java:doStart(915)) - Started o.e.j.s.ServletContextHandler@d024531{static,/static,file:///home/runner/work/ozone/ozone/hadoop-ozone/integration-test/target/test-classes/webapps/static,AVAILABLE}
2022-06-27 16:55:17,548 [Listener at 0.0.0.0/44331] INFO  handler.ContextHandler (ContextHandler.java:doStart(915)) - Started o.e.j.w.WebAppContext@14a19efe{scm,/,file:///home/runner/work/ozone/ozone/hadoop-ozone/integration-test/target/test-classes/webapps/scm/,AVAILABLE}{file:/home/runner/work/ozone/ozone/hadoop-ozone/integration-test/target/test-classes/webapps/scm}
2022-06-27 16:55:17,556 [org.apache.hadoop.util.JvmPauseMonitor$Monitor@5b5b64a1] INFO  util.JvmPauseMonitor (JvmPauseMonitor.java:run(188)) - Starting JVM pause monitor
2022-06-27 16:55:17,556 [Listener at 0.0.0.0/44331] INFO  server.AbstractConnector (AbstractConnector.java:doStart(331)) - Started ServerConnector@d1f452a{HTTP/1.1, (http/1.1)}{0.0.0.0:38477}
2022-06-27 16:55:17,557 [Listener at 0.0.0.0/44331] INFO  server.Server (Server.java:doStart(415)) - Started @74451ms
2022-06-27 16:55:17,557 [Listener at 0.0.0.0/44331] WARN  impl.MetricsSystemImpl (MetricsSystemImpl.java:register(279)) - Sink prometheus already exists!
2022-06-27 16:55:17,557 [Listener at 0.0.0.0/44331] INFO  http.BaseHttpServer (BaseHttpServer.java:updateConnectorAddress(329)) - HTTP server of scm listening at http://0.0.0.0:38477
2022-06-27 16:55:17,557 [Listener at 0.0.0.0/44331] WARN  server.ServerUtils (ServerUtils.java:getDBPath(225)) - ozone.om.db.dirs is not configured. We recommend adding this setting. Falling back to ozone.metadata.dirs instead.
2022-06-27 16:55:17,559 [Listener at 0.0.0.0/44331] INFO  ha.OMHANodeDetails (OMHANodeDetails.java:loadOMHAConfig(115)) - ozone.om.internal.service.id is not defined, falling back to ozone.om.service.ids to find serviceID for OzoneManager if it is HA enabled cluster
2022-06-27 16:55:17,559 [Listener at 0.0.0.0/44331] INFO  ha.OMHANodeDetails (OMHANodeDetails.java:loadOMHAConfig(226)) - Configuration does not have ozone.om.address set. Falling back to the default OM address /127.0.0.1:0
2022-06-27 16:55:17,559 [Listener at 0.0.0.0/44331] INFO  ha.OMHANodeDetails (OMHANodeDetails.java:getOMNodeDetailsForNonHA(254)) - OM Service ID is not set. Setting it to the default ID: omServiceIdDefault
2022-06-27 16:55:17,559 [Listener at 0.0.0.0/44331] INFO  ha.OMHANodeDetails (OMHANodeDetails.java:getOMNodeDetailsForNonHA(261)) - OM Node ID is not set. Setting it to the default ID: om1
2022-06-27 16:55:17,560 [Listener at 0.0.0.0/44331] WARN  server.ServerUtils (ServerUtils.java:getDBPath(225)) - ozone.om.db.dirs is not configured. We recommend adding this setting. Falling back to ozone.metadata.dirs instead.
2022-06-27 16:55:17,561 [Listener at 0.0.0.0/44331] INFO  upgrade.AbstractLayoutVersionManager (AbstractLayoutVersionManager.java:init(82)) - Initializing Layout version manager with metadata layout = MULTITENANCY_SCHEMA (version = 3), software layout = MULTITENANCY_SCHEMA (version = 3)
2022-06-27 16:55:17,684 [Listener at 0.0.0.0/44331] INFO  reflections.Reflections (Reflections.java:scan(232)) - Reflections took 122 ms to scan 2 urls, producing 152 keys and 429 values [using 2 cores]
2022-06-27 16:55:17,684 [Listener at 0.0.0.0/44331] INFO  upgrade.OMLayoutVersionManager (OMLayoutVersionManager.java:lambda$0(115)) - Skipping Upgrade Action MockOmUpgradeAction since it has been finalized.
2022-06-27 16:55:17,685 [Listener at 0.0.0.0/44331] WARN  server.ServerUtils (ServerUtils.java:getDBPath(225)) - ozone.om.db.dirs is not configured. We recommend adding this setting. Falling back to ozone.metadata.dirs instead.
2022-06-27 16:55:17,685 [Listener at 0.0.0.0/44331] INFO  proxy.SCMBlockLocationFailoverProxyProvider (SCMBlockLocationFailoverProxyProvider.java:<init>(114)) - Created block location fail-over proxy with 1 nodes: [nodeId=scmNodeId,nodeAddress=/0.0.0.0:40199]
2022-06-27 16:55:17,686 [Listener at 0.0.0.0/44331] INFO  proxy.SCMBlockLocationFailoverProxyProvider (SCMBlockLocationFailoverProxyProvider.java:<init>(114)) - Created block location fail-over proxy with 1 nodes: [nodeId=scmNodeId,nodeAddress=/0.0.0.0:40199]
2022-06-27 16:55:17,698 [Listener at 0.0.0.0/44331] WARN  server.ServerUtils (ServerUtils.java:getDBPath(225)) - ozone.om.db.dirs is not configured. We recommend adding this setting. Falling back to ozone.metadata.dirs instead.
2022-06-27 16:55:17,699 [Listener at 0.0.0.0/44331] INFO  codec.OmKeyInfoCodec (OmKeyInfoCodec.java:<init>(49)) - OmKeyInfoCodec ignorePipeline = true
2022-06-27 16:55:17,699 [Listener at 0.0.0.0/44331] INFO  codec.RepeatedOmKeyInfoCodec (RepeatedOmKeyInfoCodec.java:<init>(41)) - RepeatedOmKeyInfoCodec ignorePipeline = true
2022-06-27 16:55:17,870 [Listener at 0.0.0.0/44331] INFO  om.OzoneManager (OzoneManager.java:instantiateServices(692)) - S3 Multi-Tenancy is disabled
2022-06-27 16:55:17,870 [Listener at 0.0.0.0/44331] INFO  om.OzoneManager (OzoneManager.java:addS3GVolumeToDB(4259)) - Created Volume s3v With Owner runner required for S3Gateway operations.
2022-06-27 16:55:17,871 [Listener at 0.0.0.0/44331] WARN  server.ServerUtils (ServerUtils.java:getDefaultRatisDirectory(237)) - Storage directory for Ratis is not configured. It is a good idea to map this to an SSD disk. Falling back to ozone.metadata.dirs
2022-06-27 16:55:17,871 [Listener at 0.0.0.0/44331] WARN  utils.OzoneManagerRatisUtils (OzoneManagerRatisUtils.java:getOMRatisSnapshotDirectory(431)) - ozone.om.ratis.snapshot.dir is not configured. Falling back to ozone.metadata.dirs config
2022-06-27 16:55:17,871 [Listener at 0.0.0.0/44331] WARN  server.ServerUtils (ServerUtils.java:getDefaultRatisDirectory(237)) - Storage directory for Ratis is not configured. It is a good idea to map this to an SSD disk. Falling back to ozone.metadata.dirs
2022-06-27 16:55:17,872 [Listener at 0.0.0.0/44331] INFO  ratis.OzoneManagerRatisServer (OzoneManagerRatisServer.java:<init>(159)) - Instantiating OM Ratis server with groupID: omServiceIdDefault and peers: localhost:9872
2022-06-27 16:55:17,873 [Listener at 0.0.0.0/44331] INFO  ratis.OzoneManagerStateMachine (OzoneManagerStateMachine.java:loadSnapshotInfoFromDB(632)) - LastAppliedIndex is set from TransactionInfo from OM DB as (t:0, i:~)
2022-06-27 16:55:17,877 [Listener at 0.0.0.0/44331] INFO  server.RaftServer (ConfUtils.java:logGet(46)) - raft.rpc.type = GRPC (default)
2022-06-27 16:55:17,877 [Listener at 0.0.0.0/44331] INFO  grpc.GrpcFactory (GrpcFactory.java:checkPooledByteBufAllocatorUseCacheForAllThreads(48)) - PERFORMANCE WARNING: useCacheForAllThreads is true that may cause Netty to create a lot garbage objects and, as a result, trigger GC.
	It is recommended to disable useCacheForAllThreads by setting -Dorg.apache.ratis.thirdparty.io.netty.allocator.useCacheForAllThreads=false in command line.
2022-06-27 16:55:17,877 [Listener at 0.0.0.0/44331] INFO  grpc.GrpcConfigKeys (ConfUtils.java:logGet(46)) - raft.grpc.admin.port = -1 (default)
2022-06-27 16:55:17,877 [Listener at 0.0.0.0/44331] INFO  grpc.GrpcConfigKeys (ConfUtils.java:logGet(46)) - raft.grpc.server.port = 9872 (custom)
2022-06-27 16:55:17,877 [Listener at 0.0.0.0/44331] INFO  grpc.GrpcConfigKeys (ConfUtils.java:logGet(46)) - raft.grpc.client.port = -1 (default)
2022-06-27 16:55:17,877 [Listener at 0.0.0.0/44331] INFO  grpc.GrpcConfigKeys (ConfUtils.java:logGet(46)) - raft.grpc.server.port = 9872 (custom)
2022-06-27 16:55:17,877 [Listener at 0.0.0.0/44331] INFO  grpc.GrpcConfigKeys (ConfUtils.java:logGet(46)) - raft.grpc.server.port = 9872 (custom)
2022-06-27 16:55:17,877 [Listener at 0.0.0.0/44331] INFO  server.GrpcService (ConfUtils.java:logGet(46)) - raft.grpc.message.size.max = 33554432 (custom)
2022-06-27 16:55:17,877 [Listener at 0.0.0.0/44331] INFO  server.RaftServerConfigKeys (ConfUtils.java:logGet(46)) - raft.server.log.appender.buffer.byte-limit = 33554432 (custom)
2022-06-27 16:55:17,877 [Listener at 0.0.0.0/44331] INFO  server.GrpcService (ConfUtils.java:logGet(46)) - raft.grpc.flow.control.window = 1MB (=1048576) (default)
2022-06-27 16:55:17,878 [Listener at 0.0.0.0/44331] INFO  server.RaftServerConfigKeys (ConfUtils.java:logGet(46)) - raft.server.rpc.request.timeout = 3000ms (default)
2022-06-27 16:55:17,878 [Listener at 0.0.0.0/44331] INFO  grpc.GrpcConfigKeys (ConfUtils.java:logGet(46)) - raft.grpc.server.async.request.thread.pool.cached = true (default)
2022-06-27 16:55:17,878 [Listener at 0.0.0.0/44331] INFO  grpc.GrpcConfigKeys (ConfUtils.java:logGet(46)) - raft.grpc.server.async.request.thread.pool.size = 32 (default)
2022-06-27 16:55:17,879 [Listener at 0.0.0.0/44331] INFO  impl.DataStreamServerImpl (ConfUtils.java:logGet(46)) - raft.datastream.type = DISABLED (default)
2022-06-27 16:55:17,879 [Listener at 0.0.0.0/44331] INFO  server.RaftServerConfigKeys (ConfUtils.java:logGet(46)) - raft.server.threadpool.proxy.cached = true (default)
2022-06-27 16:55:17,879 [Listener at 0.0.0.0/44331] INFO  server.RaftServerConfigKeys (ConfUtils.java:logGet(46)) - raft.server.threadpool.proxy.size = 0 (default)
2022-06-27 16:55:17,879 [Listener at 0.0.0.0/44331] INFO  server.RaftServerConfigKeys (ConfUtils.java:logGet(46)) - raft.server.rpc.slowness.timeout = 120s (custom)
2022-06-27 16:55:17,879 [Listener at 0.0.0.0/44331] INFO  server.RaftServerConfigKeys (ConfUtils.java:logGet(46)) - raft.server.leaderelection.leader.step-down.wait-time = 10s (default)
2022-06-27 16:55:17,880 [Listener at 0.0.0.0/44331] INFO  server.RaftServerConfigKeys (ConfUtils.java:logGet(46)) - raft.server.storage.dir = [/home/runner/work/ozone/ozone/hadoop-ozone/integration-test/target/test-dir/MiniOzoneClusterImpl-d171279b-4677-4c73-a7d6-55d9627e9d51/ozone-meta/ratis] (custom)
2022-06-27 16:55:17,889 [Listener at 0.0.0.0/44331] INFO  server.RaftServer (RaftServerProxy.java:addNew(96)) - om1: addNew group-C5BA1605619E:[om1|rpc:localhost:9872|priority:0] returns group-C5BA1605619E:java.util.concurrent.CompletableFuture@70abc6d1[Not completed]
2022-06-27 16:55:17,889 [Listener at 0.0.0.0/44331] INFO  om.OzoneManager (OzoneManager.java:initializeRatisServer(1961)) - OzoneManager Ratis server initialized at port 9872
2022-06-27 16:55:17,892 [Listener at 0.0.0.0/44331] INFO  om.OzoneManager (OzoneManager.java:getRpcServer(1081)) - Creating RPC Server
2022-06-27 16:55:17,897 [pool-307-thread-1] INFO  server.RaftServer$Division (RaftServerImpl.java:<init>(190)) - om1: new RaftServerImpl for group-C5BA1605619E:[om1|rpc:localhost:9872|priority:0] with OzoneManagerStateMachine:uninitialized
2022-06-27 16:55:17,897 [pool-307-thread-1] INFO  server.RaftServerConfigKeys (ConfUtils.java:logGet(46)) - raft.server.rpc.timeout.min = 1s (custom)
2022-06-27 16:55:17,897 [pool-307-thread-1] INFO  server.RaftServerConfigKeys (ConfUtils.java:logGet(46)) - raft.server.rpc.timeout.max = 1200ms (custom)
2022-06-27 16:55:17,897 [pool-307-thread-1] INFO  server.RaftServerConfigKeys (ConfUtils.java:logGet(46)) - raft.server.rpc.sleep.time = 25ms (default)
2022-06-27 16:55:17,897 [pool-307-thread-1] INFO  server.RaftServerConfigKeys (ConfUtils.java:logGet(46)) - raft.server.rpc.slowness.timeout = 120s (custom)
2022-06-27 16:55:17,897 [pool-307-thread-1] INFO  server.RaftServerConfigKeys (ConfUtils.java:logGet(46)) - raft.server.leaderelection.leader.step-down.wait-time = 10s (default)
2022-06-27 16:55:17,897 [pool-307-thread-1] INFO  server.RaftServerConfigKeys (ConfUtils.java:logGet(46)) - raft.server.sleep.deviation.threshold = 300ms (default)
2022-06-27 16:55:17,897 [pool-307-thread-1] INFO  server.RaftServer$Division (ServerState.java:<init>(107)) - om1@group-C5BA1605619E: ConfigurationManager, init=-1: [om1|rpc:localhost:9872|priority:0], old=null, confs=<EMPTY_MAP>
2022-06-27 16:55:17,897 [pool-307-thread-1] INFO  server.RaftServerConfigKeys (ConfUtils.java:logGet(46)) - raft.server.storage.dir = [/home/runner/work/ozone/ozone/hadoop-ozone/integration-test/target/test-dir/MiniOzoneClusterImpl-d171279b-4677-4c73-a7d6-55d9627e9d51/ozone-meta/ratis] (custom)
2022-06-27 16:55:17,897 [pool-307-thread-1] INFO  server.RaftServerConfigKeys (ConfUtils.java:logGet(46)) - raft.server.log.corruption.policy = EXCEPTION (default)
2022-06-27 16:55:17,898 [pool-307-thread-1] INFO  server.RaftServerConfigKeys (ConfUtils.java:logGet(46)) - raft.server.storage.free-space.min = 0MB (=0) (default)
2022-06-27 16:55:17,898 [pool-307-thread-1] INFO  storage.RaftStorageDirectory (RaftStorageDirectoryImpl.java:analyzeStorage(135)) - The storage directory /home/runner/work/ozone/ozone/hadoop-ozone/integration-test/target/test-dir/MiniOzoneClusterImpl-d171279b-4677-4c73-a7d6-55d9627e9d51/ozone-meta/ratis/bf265839-605b-3f16-9796-c5ba1605619e does not exist. Creating ...
2022-06-27 16:55:17,900 [pool-307-thread-1] INFO  storage.RaftStorageDirectory (RaftStorageDirectoryImpl.java:tryLock(230)) - Lock on /home/runner/work/ozone/ozone/hadoop-ozone/integration-test/target/test-dir/MiniOzoneClusterImpl-d171279b-4677-4c73-a7d6-55d9627e9d51/ozone-meta/ratis/bf265839-605b-3f16-9796-c5ba1605619e/in_use.lock acquired by nodename 16603@fv-az215-30
2022-06-27 16:55:17,901 [pool-307-thread-1] INFO  storage.RaftStorage (RaftStorageImpl.java:format(89)) - Storage directory /home/runner/work/ozone/ozone/hadoop-ozone/integration-test/target/test-dir/MiniOzoneClusterImpl-d171279b-4677-4c73-a7d6-55d9627e9d51/ozone-meta/ratis/bf265839-605b-3f16-9796-c5ba1605619e has been successfully formatted.
2022-06-27 16:55:17,901 [pool-307-thread-1] INFO  server.RaftServerConfigKeys (ConfUtils.java:logGet(46)) - raft.server.notification.no-leader.timeout = 120s (custom)
2022-06-27 16:55:17,901 [pool-307-thread-1] INFO  server.RaftServerConfigKeys (ConfUtils.java:logGet(46)) - raft.server.log.use.memory = false (default)
2022-06-27 16:55:17,901 [pool-307-thread-1] INFO  server.RaftServerConfigKeys (ConfUtils.java:logGet(46)) - raft.server.log.purge.gap = 1000000 (custom)
2022-06-27 16:55:17,901 [pool-307-thread-1] INFO  server.RaftServerConfigKeys (ConfUtils.java:logGet(46)) - raft.server.log.appender.buffer.byte-limit = 33554432 (custom)
2022-06-27 16:55:17,901 [pool-307-thread-1] INFO  server.RaftServerConfigKeys (ConfUtils.java:logGet(46)) - raft.server.log.statemachine.data.read.timeout = 1000ms (default)
2022-06-27 16:55:17,904 [pool-307-thread-1] INFO  server.RaftServerConfigKeys (ConfUtils.java:logGet(46)) - raft.server.log.segment.size.max = 4194304 (custom)
2022-06-27 16:55:17,904 [pool-307-thread-1] INFO  server.RaftServerConfigKeys (ConfUtils.java:logGet(46)) - raft.server.log.segment.cache.num.max = 2 (custom)
2022-06-27 16:55:17,904 [pool-307-thread-1] INFO  server.RaftServerConfigKeys (ConfUtils.java:logGet(46)) - raft.server.log.segment.cache.size.max = 200MB (=209715200) (default)
2022-06-27 16:55:17,904 [pool-307-thread-1] INFO  segmented.SegmentedRaftLogWorker (SegmentedRaftLogWorker.java:<init>(187)) - new om1@group-C5BA1605619E-SegmentedRaftLogWorker for RaftStorageImpl:Storage Directory /home/runner/work/ozone/ozone/hadoop-ozone/integration-test/target/test-dir/MiniOzoneClusterImpl-d171279b-4677-4c73-a7d6-55d9627e9d51/ozone-meta/ratis/bf265839-605b-3f16-9796-c5ba1605619e
2022-06-27 16:55:17,904 [pool-307-thread-1] INFO  server.RaftServerConfigKeys (ConfUtils.java:logGet(46)) - raft.server.log.queue.byte-limit = 64MB (=67108864) (default)
2022-06-27 16:55:17,904 [pool-307-thread-1] INFO  server.RaftServerConfigKeys (ConfUtils.java:logGet(46)) - raft.server.log.queue.element-limit = 4096 (default)
2022-06-27 16:55:17,904 [pool-307-thread-1] INFO  server.RaftServerConfigKeys (ConfUtils.java:logGet(46)) - raft.server.log.segment.size.max = 4194304 (custom)
2022-06-27 16:55:17,904 [pool-307-thread-1] INFO  server.RaftServerConfigKeys (ConfUtils.java:logGet(46)) - raft.server.log.preallocated.size = 4194304 (custom)
2022-06-27 16:55:17,904 [pool-307-thread-1] INFO  server.RaftServerConfigKeys (ConfUtils.java:logGet(46)) - raft.server.log.force.sync.num = 128 (default)
2022-06-27 16:55:17,904 [pool-307-thread-1] INFO  server.RaftServerConfigKeys (ConfUtils.java:logGet(46)) - raft.server.log.statemachine.data.sync = true (default)
2022-06-27 16:55:17,904 [pool-307-thread-1] INFO  server.RaftServerConfigKeys (ConfUtils.java:logGet(46)) - raft.server.log.statemachine.data.sync.timeout = 10s (default)
2022-06-27 16:55:17,904 [pool-307-thread-1] INFO  server.RaftServerConfigKeys (ConfUtils.java:logGet(46)) - raft.server.log.statemachine.data.sync.timeout.retry = -1 (default)
2022-06-27 16:55:17,915 [pool-307-thread-1] INFO  server.RaftServerConfigKeys (ConfUtils.java:logGet(46)) - raft.server.log.write.buffer.size = 64KB (=65536) (default)
2022-06-27 16:55:17,915 [pool-307-thread-1] INFO  server.RaftServerConfigKeys (ConfUtils.java:logGet(46)) - raft.server.log.unsafe-flush.enabled = false (default)
2022-06-27 16:55:17,915 [pool-307-thread-1] INFO  server.RaftServerConfigKeys (ConfUtils.java:logGet(46)) - raft.server.log.statemachine.data.caching.enabled = false (default)
2022-06-27 16:55:17,915 [pool-307-thread-1] INFO  segmented.SegmentedRaftLogWorker (SegmentedRaftLogWorker.java:lambda$new$0(135)) - om1@group-C5BA1605619E-SegmentedRaftLogWorker: flushIndex: setUnconditionally 0 -> -1
2022-06-27 16:55:17,915 [pool-307-thread-1] INFO  segmented.SegmentedRaftLogWorker (SegmentedRaftLogWorker.java:lambda$new$0(135)) - om1@group-C5BA1605619E-SegmentedRaftLogWorker: safeCacheEvictIndex: setUnconditionally 0 -> -1
2022-06-27 16:55:17,929 [pool-307-thread-1] INFO  server.RaftServerConfigKeys (ConfUtils.java:logGet(46)) - raft.server.snapshot.auto.trigger.enabled = true (custom)
2022-06-27 16:55:17,929 [pool-307-thread-1] INFO  server.RaftServerConfigKeys (ConfUtils.java:logGet(46)) - raft.server.snapshot.auto.trigger.threshold = 400000 (default)
2022-06-27 16:55:17,929 [pool-307-thread-1] INFO  server.RaftServerConfigKeys (ConfUtils.java:logGet(46)) - raft.server.snapshot.retention.file.num = -1 (default)
2022-06-27 16:55:17,929 [pool-307-thread-1] INFO  server.RaftServerConfigKeys (ConfUtils.java:logGet(46)) - raft.server.log.purge.upto.snapshot.index = true (custom)
2022-06-27 16:55:17,929 [pool-307-thread-1] INFO  server.RaftServerConfigKeys (ConfUtils.java:logGet(46)) - raft.server.retrycache.expirytime = 300s (custom)
2022-06-27 16:55:17,929 [pool-307-thread-1] INFO  server.RaftServerConfigKeys (ConfUtils.java:logGet(46)) - raft.server.retrycache.statistics.expirytime = 100μs (default)
2022-06-27 16:55:17,930 [pool-307-thread-1] INFO  server.RaftServerConfigKeys (ConfUtils.java:logGet(46)) - raft.server.log.appender.install.snapshot.enabled = false (custom)
2022-06-27 16:55:17,930 [pool-307-thread-1] INFO  server.RaftServerConfigKeys (ConfUtils.java:logGet(46)) - raft.server.threadpool.server.cached = true (default)
2022-06-27 16:55:17,930 [pool-307-thread-1] INFO  server.RaftServerConfigKeys (ConfUtils.java:logGet(46)) - raft.server.threadpool.server.size = 0 (default)
2022-06-27 16:55:17,930 [pool-307-thread-1] INFO  server.RaftServerConfigKeys (ConfUtils.java:logGet(46)) - raft.server.threadpool.client.cached = true (default)
2022-06-27 16:55:17,930 [pool-307-thread-1] INFO  server.RaftServerConfigKeys (ConfUtils.java:logGet(46)) - raft.server.threadpool.client.size = 0 (default)
2022-06-27 16:55:18,681 [Listener at 0.0.0.0/44331] INFO  reflections.Reflections (Reflections.java:scan(232)) - Reflections took 786 ms to scan 19 urls, producing 66 keys and 4075 values [using 2 cores]
2022-06-27 16:55:18,682 [Listener at 0.0.0.0/44331] INFO  ipc.CallQueueManager (CallQueueManager.java:<init>(90)) - Using callQueue: class java.util.concurrent.LinkedBlockingQueue, queueCapacity: 2000, scheduler: class org.apache.hadoop.ipc.DefaultRpcScheduler, ipcBackoff: false.
2022-06-27 16:55:18,692 [Socket Reader #1 for port 0] INFO  ipc.Server (Server.java:run(1265)) - Starting Socket Reader #1 for port 0
2022-06-27 16:55:18,720 [Listener at 127.0.0.1/39955] INFO  impl.MetricsSystemImpl (MetricsSystemImpl.java:init(158)) - OzoneManager metrics system started (again)
2022-06-27 16:55:18,778 [Listener at 127.0.0.1/39955] INFO  om.OzoneManager (OzoneManager.java:start(1465)) - OzoneManager RPC server is listening at localhost/127.0.0.1:39955
2022-06-27 16:55:18,778 [Listener at 127.0.0.1/39955] INFO  ratis.OzoneManagerRatisServer (OzoneManagerRatisServer.java:start(554)) - Starting OzoneManagerRatisServer om1 at port 9872
2022-06-27 16:55:18,778 [om1-impl-thread1] INFO  server.RaftServer$Division (RaftServerImpl.java:start(310)) - om1@group-C5BA1605619E: start as a follower, conf=-1: [om1|rpc:localhost:9872|priority:0], old=null
2022-06-27 16:55:18,778 [om1-impl-thread1] INFO  server.RaftServer$Division (RaftServerImpl.java:setRole(299)) - om1@group-C5BA1605619E: changes role from      null to FOLLOWER at term 0 for startAsFollower
2022-06-27 16:55:18,778 [om1-impl-thread1] INFO  impl.RoleInfo (RoleInfo.java:updateAndGet(139)) - om1: start om1@group-C5BA1605619E-FollowerState
2022-06-27 16:55:18,779 [om1-impl-thread1] INFO  util.JmxRegister (JmxRegister.java:tryRegister(44)) - Successfully registered JMX Bean with object name Ratis:service=RaftServer,group=group-C5BA1605619E,id=om1
2022-06-27 16:55:18,789 [Listener at 127.0.0.1/39955] INFO  server.RaftServer (RaftServerProxy.java:lambda$start$6(382)) - om1: start RPC server
2022-06-27 16:55:18,811 [Listener at 127.0.0.1/39955] INFO  server.GrpcService (GrpcService.java:startImpl(260)) - om1: GrpcService started, listening on 9872
2022-06-27 16:55:18,813 [Listener at 127.0.0.1/39955] INFO  om.OzoneManager (OzoneManager.java:start(1481)) - Version File has different layout version (3) than OM DB (null). That is expected if this OM has never been finalized to a newer layout version.
2022-06-27 16:55:18,825 [org.apache.ratis.util.JvmPauseMonitor$$Lambda$611/5070432@7779d248] INFO  util.JvmPauseMonitor (JvmPauseMonitor.java:run(103)) - JvmPauseMonitor-om1: Started
2022-06-27 16:55:18,846 [Listener at 127.0.0.1/39955] INFO  http.BaseHttpServer (BaseHttpServer.java:newHttpServer2BuilderForOzone(209)) - Starting Web-server for ozoneManager at: http://0.0.0.0:0
2022-06-27 16:55:18,846 [Listener at 127.0.0.1/39955] INFO  http.BaseHttpServer (BaseHttpServer.java:<init>(107)) - Hadoop Security Enabled: false Ozone Security Enabled: false Ozone HTTP Security Enabled: false 
2022-06-27 16:55:18,847 [Listener at 127.0.0.1/39955] INFO  server.AuthenticationFilter (AuthenticationFilter.java:constructSecretProvider(240)) - Unable to initialize FileSignerSecretProvider, falling back to use random secrets.
2022-06-27 16:55:18,848 [Listener at 127.0.0.1/39955] WARN  http.HttpRequestLog (HttpRequestLog.java:getRequestLog(103)) - Jetty request log can only be enabled using Log4j
2022-06-27 16:55:18,850 [Listener at 127.0.0.1/39955] INFO  http.HttpServer2 (HttpServer2.java:addGlobalFilter(1029)) - Added global filter 'safety' (class=org.apache.hadoop.hdds.server.http.HttpServer2$QuotingInputFilter)
2022-06-27 16:55:18,850 [Listener at 127.0.0.1/39955] INFO  http.HttpServer2 (HttpServer2.java:addFilter(1005)) - Added filter static_user_filter (class=org.apache.hadoop.http.lib.StaticUserWebFilter$StaticUserFilter) to context ozoneManager
2022-06-27 16:55:18,850 [Listener at 127.0.0.1/39955] INFO  http.HttpServer2 (HttpServer2.java:addFilter(1013)) - Added filter static_user_filter (class=org.apache.hadoop.http.lib.StaticUserWebFilter$StaticUserFilter) to context logs
2022-06-27 16:55:18,850 [Listener at 127.0.0.1/39955] INFO  http.HttpServer2 (HttpServer2.java:addFilter(1013)) - Added filter static_user_filter (class=org.apache.hadoop.http.lib.StaticUserWebFilter$StaticUserFilter) to context static
2022-06-27 16:55:18,851 [Listener at 127.0.0.1/39955] INFO  http.HttpServer2 (HttpServer2.java:bindListener(1248)) - Jetty bound to port 45229
2022-06-27 16:55:18,851 [Listener at 127.0.0.1/39955] INFO  server.Server (Server.java:doStart(375)) - jetty-9.4.43.v20210629; built: 2021-06-30T11:07:22.254Z; git: 526006ecfa3af7f1a27ef3a288e2bef7ea9dd7e8; jvm 1.8.0_332-b09
2022-06-27 16:55:18,889 [Listener at 127.0.0.1/39955] INFO  server.session (DefaultSessionIdManager.java:doStart(334)) - DefaultSessionIdManager workerName=node0
2022-06-27 16:55:18,890 [Listener at 127.0.0.1/39955] INFO  server.session (DefaultSessionIdManager.java:doStart(339)) - No SessionScavenger set, using defaults
2022-06-27 16:55:18,890 [Listener at 127.0.0.1/39955] INFO  server.session (HouseKeeper.java:startScavenging(132)) - node0 Scavenging every 660000ms
2022-06-27 16:55:18,891 [Listener at 127.0.0.1/39955] INFO  handler.ContextHandler (ContextHandler.java:doStart(915)) - Started o.e.j.s.ServletContextHandler@6b3f065d{logs,/logs,file:///home/runner/work/ozone/ozone/hadoop-ozone/integration-test/target/log,AVAILABLE}
2022-06-27 16:55:18,891 [Listener at 127.0.0.1/39955] INFO  handler.ContextHandler (ContextHandler.java:doStart(915)) - Started o.e.j.s.ServletContextHandler@b879650{static,/static,file:///home/runner/work/ozone/ozone/hadoop-ozone/integration-test/target/test-classes/webapps/static,AVAILABLE}
2022-06-27 16:55:18,910 [Listener at 127.0.0.1/39955] INFO  handler.ContextHandler (ContextHandler.java:doStart(915)) - Started o.e.j.w.WebAppContext@1cf01723{ozoneManager,/,file:///home/runner/work/ozone/ozone/hadoop-ozone/integration-test/target/test-classes/webapps/ozoneManager/,AVAILABLE}{file:/home/runner/work/ozone/ozone/hadoop-ozone/integration-test/target/test-classes/webapps/ozoneManager}
2022-06-27 16:55:18,913 [Listener at 127.0.0.1/39955] INFO  server.AbstractConnector (AbstractConnector.java:doStart(331)) - Started ServerConnector@ad7563d{HTTP/1.1, (http/1.1)}{0.0.0.0:45229}
2022-06-27 16:55:18,913 [Listener at 127.0.0.1/39955] INFO  server.Server (Server.java:doStart(415)) - Started @75807ms
2022-06-27 16:55:18,913 [Listener at 127.0.0.1/39955] WARN  impl.MetricsSystemImpl (MetricsSystemImpl.java:register(279)) - Sink prometheus already exists!
2022-06-27 16:55:18,914 [Listener at 127.0.0.1/39955] INFO  http.BaseHttpServer (BaseHttpServer.java:updateConnectorAddress(329)) - HTTP server of ozoneManager listening at http://0.0.0.0:45229
2022-06-27 16:55:18,916 [IPC Server Responder] INFO  ipc.Server (Server.java:run(1507)) - IPC Server Responder: starting
2022-06-27 16:55:18,919 [IPC Server listener on 0] INFO  ipc.Server (Server.java:run(1344)) - IPC Server listener on 0: starting
2022-06-27 16:55:18,969 [Listener at 127.0.0.1/39955] INFO  om.TrashPolicyOzone (TrashPolicyOzone.java:<init>(178)) - Ozone Manager trash configuration: Deletion interval = 0 minutes, Emptier interval = 0 minutes.
2022-06-27 16:55:18,999 [org.apache.hadoop.util.JvmPauseMonitor$Monitor@10b4488b] INFO  util.JvmPauseMonitor (JvmPauseMonitor.java:run(188)) - Starting JVM pause monitor
2022-06-27 16:55:19,018 [Listener at 127.0.0.1/39955] WARN  impl.MetricRegistriesImpl (MetricRegistriesImpl.java:addReporterRegistration(111)) - New reporters are added after registries were created. Some metrics will be missing from the reporter. Please add reporter before adding any new registry.
2022-06-27 16:55:19,018 [Listener at 127.0.0.1/39955] WARN  impl.MetricRegistriesImpl (MetricRegistriesImpl.java:addReporterRegistration(111)) - New reporters are added after registries were created. Some metrics will be missing from the reporter. Please add reporter before adding any new registry.
2022-06-27 16:55:19,018 [Listener at 127.0.0.1/39955] INFO  impl.MetricsSystemImpl (MetricsSystemImpl.java:init(158)) - HddsDatanode metrics system started (again)
2022-06-27 16:55:19,047 [Listener at 127.0.0.1/39955] INFO  ozone.HddsDatanodeService (HddsDatanodeService.java:start(236)) - HddsDatanodeService host:fv-az215-30.fk02tkdpp51uda4i120yanydqb.bx.internal.cloudapp.net ip:10.1.0.22
2022-06-27 16:55:19,104 [Listener at 127.0.0.1/39955] INFO  upgrade.AbstractLayoutVersionManager (AbstractLayoutVersionManager.java:init(82)) - Initializing Layout version manager with metadata layout = DATANODE_SCHEMA_V3 (version = 4), software layout = DATANODE_SCHEMA_V3 (version = 4)
2022-06-27 16:55:19,159 [Listener at 127.0.0.1/39955] INFO  reflections.Reflections (Reflections.java:scan(232)) - Reflections took 54 ms to scan 7 urls, producing 131 keys and 316 values 
2022-06-27 16:55:19,160 [Listener at 127.0.0.1/39955] INFO  statemachine.DatanodeStateMachine (DatanodeStateMachine.java:getEndPointTaskThreadPoolSize(237)) - Datanode State Machine Task Thread Pool size 2
2022-06-27 16:55:19,164 [Listener at 127.0.0.1/39955] INFO  volume.HddsVolume (HddsVolume.java:<init>(116)) - Creating HddsVolume: /home/runner/work/ozone/ozone/hadoop-ozone/integration-test/target/test-dir/MiniOzoneClusterImpl-d171279b-4677-4c73-a7d6-55d9627e9d51/datanode-0/data-0/containers/hdds of storage type : DISK capacity : 9223372036854775807
2022-06-27 16:55:19,164 [Listener at 127.0.0.1/39955] INFO  volume.MutableVolumeSet (MutableVolumeSet.java:initializeVolumeSet(174)) - Added Volume : /home/runner/work/ozone/ozone/hadoop-ozone/integration-test/target/test-dir/MiniOzoneClusterImpl-d171279b-4677-4c73-a7d6-55d9627e9d51/datanode-0/data-0/containers/hdds to VolumeSet
2022-06-27 16:55:19,164 [Listener at 127.0.0.1/39955] INFO  volume.ThrottledAsyncChecker (ThrottledAsyncChecker.java:schedule(141)) - Scheduling a check for /home/runner/work/ozone/ozone/hadoop-ozone/integration-test/target/test-dir/MiniOzoneClusterImpl-d171279b-4677-4c73-a7d6-55d9627e9d51/datanode-0/data-0/containers/hdds
2022-06-27 16:55:19,165 [Listener at 127.0.0.1/39955] INFO  volume.StorageVolumeChecker (StorageVolumeChecker.java:checkAllVolumes(202)) - Scheduled health check for volume /home/runner/work/ozone/ozone/hadoop-ozone/integration-test/target/test-dir/MiniOzoneClusterImpl-d171279b-4677-4c73-a7d6-55d9627e9d51/datanode-0/data-0/containers/hdds
2022-06-27 16:55:19,180 [Listener at 127.0.0.1/39955] INFO  volume.MutableVolumeSet (MutableVolumeSet.java:initializeVolumeSet(174)) - Added Volume : /home/runner/work/ozone/ozone/hadoop-ozone/integration-test/target/test-dir/MiniOzoneClusterImpl-d171279b-4677-4c73-a7d6-55d9627e9d51/datanode-0/data/ratis to VolumeSet
2022-06-27 16:55:19,180 [Listener at 127.0.0.1/39955] INFO  volume.ThrottledAsyncChecker (ThrottledAsyncChecker.java:schedule(141)) - Scheduling a check for /home/runner/work/ozone/ozone/hadoop-ozone/integration-test/target/test-dir/MiniOzoneClusterImpl-d171279b-4677-4c73-a7d6-55d9627e9d51/datanode-0/data/ratis
2022-06-27 16:55:19,180 [Listener at 127.0.0.1/39955] INFO  volume.StorageVolumeChecker (StorageVolumeChecker.java:checkAllVolumes(202)) - Scheduled health check for volume /home/runner/work/ozone/ozone/hadoop-ozone/integration-test/target/test-dir/MiniOzoneClusterImpl-d171279b-4677-4c73-a7d6-55d9627e9d51/datanode-0/data/ratis
2022-06-27 16:55:19,190 [Thread-630] INFO  ozoneimpl.ContainerReader (ContainerReader.java:readVolume(172)) - Finish verifying containers on volume /home/runner/work/ozone/ozone/hadoop-ozone/integration-test/target/test-dir/MiniOzoneClusterImpl-d171279b-4677-4c73-a7d6-55d9627e9d51/datanode-0/data-0/containers/hdds
2022-06-27 16:55:19,190 [Listener at 127.0.0.1/39955] INFO  ozoneimpl.OzoneContainer (OzoneContainer.java:buildContainerSet(266)) - Build ContainerSet costs 0s
2022-06-27 16:55:19,193 [Listener at 127.0.0.1/39955] INFO  server.RaftServer (ConfUtils.java:logGet(46)) - raft.rpc.type = GRPC (default)
2022-06-27 16:55:19,193 [Listener at 127.0.0.1/39955] INFO  grpc.GrpcFactory (GrpcFactory.java:checkPooledByteBufAllocatorUseCacheForAllThreads(48)) - PERFORMANCE WARNING: useCacheForAllThreads is true that may cause Netty to create a lot garbage objects and, as a result, trigger GC.
	It is recommended to disable useCacheForAllThreads by setting -Dorg.apache.ratis.thirdparty.io.netty.allocator.useCacheForAllThreads=false in command line.
2022-06-27 16:55:19,193 [Listener at 127.0.0.1/39955] INFO  grpc.GrpcConfigKeys (ConfUtils.java:logGet(46)) - raft.grpc.admin.port = 0 (custom)
2022-06-27 16:55:19,193 [Listener at 127.0.0.1/39955] INFO  grpc.GrpcConfigKeys (ConfUtils.java:logGet(46)) - raft.grpc.client.port = 0 (custom)
2022-06-27 16:55:19,193 [Listener at 127.0.0.1/39955] INFO  grpc.GrpcConfigKeys (ConfUtils.java:logGet(46)) - raft.grpc.server.port = 0 (default)
2022-06-27 16:55:19,193 [Listener at 127.0.0.1/39955] INFO  server.GrpcService (ConfUtils.java:logGet(46)) - raft.grpc.message.size.max = 32MB (=33554432) (custom)
2022-06-27 16:55:19,194 [Listener at 127.0.0.1/39955] INFO  server.RaftServerConfigKeys (ConfUtils.java:logGet(46)) - raft.server.log.appender.buffer.byte-limit = 33554432 (custom)
2022-06-27 16:55:19,194 [Listener at 127.0.0.1/39955] INFO  server.GrpcService (ConfUtils.java:logGet(46)) - raft.grpc.flow.control.window = 5MB (=5242880) (custom)
2022-06-27 16:55:19,201 [Listener at 127.0.0.1/39955] INFO  server.RaftServerConfigKeys (ConfUtils.java:logGet(46)) - raft.server.rpc.request.timeout = 60s (custom)
2022-06-27 16:55:19,201 [Listener at 127.0.0.1/39955] INFO  grpc.GrpcConfigKeys (ConfUtils.java:logGet(46)) - raft.grpc.server.async.request.thread.pool.cached = true (default)
2022-06-27 16:55:19,201 [Listener at 127.0.0.1/39955] INFO  grpc.GrpcConfigKeys (ConfUtils.java:logGet(46)) - raft.grpc.server.async.request.thread.pool.size = 32 (default)
2022-06-27 16:55:19,202 [Listener at 127.0.0.1/39955] INFO  impl.DataStreamServerImpl (ConfUtils.java:logGet(46)) - raft.datastream.type = DISABLED (default)
2022-06-27 16:55:19,203 [Listener at 127.0.0.1/39955] INFO  server.RaftServerConfigKeys (ConfUtils.java:logGet(46)) - raft.server.threadpool.proxy.cached = true (default)
2022-06-27 16:55:19,203 [Listener at 127.0.0.1/39955] INFO  server.RaftServerConfigKeys (ConfUtils.java:logGet(46)) - raft.server.threadpool.proxy.size = 0 (default)
2022-06-27 16:55:19,203 [Listener at 127.0.0.1/39955] INFO  server.RaftServerConfigKeys (ConfUtils.java:logGet(46)) - raft.server.rpc.slowness.timeout = 300s (custom)
2022-06-27 16:55:19,203 [Listener at 127.0.0.1/39955] INFO  server.RaftServerConfigKeys (ConfUtils.java:logGet(46)) - raft.server.leaderelection.leader.step-down.wait-time = 10s (default)
2022-06-27 16:55:19,203 [Listener at 127.0.0.1/39955] INFO  server.RaftServerConfigKeys (ConfUtils.java:logGet(46)) - raft.server.storage.dir = [/home/runner/work/ozone/ozone/hadoop-ozone/integration-test/target/test-dir/MiniOzoneClusterImpl-d171279b-4677-4c73-a7d6-55d9627e9d51/datanode-0/data/ratis] (custom)
2022-06-27 16:55:19,208 [Listener at 127.0.0.1/39955] INFO  server.XceiverServerGrpc (XceiverServerGrpc.java:<init>(132)) - GrpcServer channel type EpollServerSocketChannel
2022-06-27 16:55:19,215 [Listener at 127.0.0.1/39955] INFO  http.BaseHttpServer (BaseHttpServer.java:newHttpServer2BuilderForOzone(209)) - Starting Web-server for hddsDatanode at: http://0.0.0.0:0
2022-06-27 16:55:19,215 [Listener at 127.0.0.1/39955] INFO  http.BaseHttpServer (BaseHttpServer.java:<init>(107)) - Hadoop Security Enabled: false Ozone Security Enabled: false Ozone HTTP Security Enabled: false 
2022-06-27 16:55:19,216 [Listener at 127.0.0.1/39955] INFO  server.AuthenticationFilter (AuthenticationFilter.java:constructSecretProvider(240)) - Unable to initialize FileSignerSecretProvider, falling back to use random secrets.
2022-06-27 16:55:19,217 [Listener at 127.0.0.1/39955] WARN  http.HttpRequestLog (HttpRequestLog.java:getRequestLog(103)) - Jetty request log can only be enabled using Log4j
2022-06-27 16:55:19,218 [Listener at 127.0.0.1/39955] INFO  http.HttpServer2 (HttpServer2.java:addGlobalFilter(1029)) - Added global filter 'safety' (class=org.apache.hadoop.hdds.server.http.HttpServer2$QuotingInputFilter)
2022-06-27 16:55:19,219 [Listener at 127.0.0.1/39955] INFO  http.HttpServer2 (HttpServer2.java:addFilter(1005)) - Added filter static_user_filter (class=org.apache.hadoop.http.lib.StaticUserWebFilter$StaticUserFilter) to context hddsDatanode
2022-06-27 16:55:19,219 [Listener at 127.0.0.1/39955] INFO  http.HttpServer2 (HttpServer2.java:addFilter(1013)) - Added filter static_user_filter (class=org.apache.hadoop.http.lib.StaticUserWebFilter$StaticUserFilter) to context logs
2022-06-27 16:55:19,219 [Listener at 127.0.0.1/39955] INFO  http.HttpServer2 (HttpServer2.java:addFilter(1013)) - Added filter static_user_filter (class=org.apache.hadoop.http.lib.StaticUserWebFilter$StaticUserFilter) to context static
2022-06-27 16:55:19,219 [Listener at 127.0.0.1/39955] INFO  http.HttpServer2 (HttpServer2.java:bindListener(1248)) - Jetty bound to port 42015
2022-06-27 16:55:19,219 [Listener at 127.0.0.1/39955] INFO  server.Server (Server.java:doStart(375)) - jetty-9.4.43.v20210629; built: 2021-06-30T11:07:22.254Z; git: 526006ecfa3af7f1a27ef3a288e2bef7ea9dd7e8; jvm 1.8.0_332-b09
2022-06-27 16:55:19,221 [Listener at 127.0.0.1/39955] INFO  server.session (DefaultSessionIdManager.java:doStart(334)) - DefaultSessionIdManager workerName=node0
2022-06-27 16:55:19,221 [Listener at 127.0.0.1/39955] INFO  server.session (DefaultSessionIdManager.java:doStart(339)) - No SessionScavenger set, using defaults
2022-06-27 16:55:19,222 [Listener at 127.0.0.1/39955] INFO  server.session (HouseKeeper.java:startScavenging(132)) - node0 Scavenging every 660000ms
2022-06-27 16:55:19,222 [Listener at 127.0.0.1/39955] INFO  handler.ContextHandler (ContextHandler.java:doStart(915)) - Started o.e.j.s.ServletContextHandler@7b1dca6c{logs,/logs,file:///home/runner/work/ozone/ozone/hadoop-ozone/integration-test/target/log,AVAILABLE}
2022-06-27 16:55:19,223 [Listener at 127.0.0.1/39955] INFO  handler.ContextHandler (ContextHandler.java:doStart(915)) - Started o.e.j.s.ServletContextHandler@6e77d9e6{static,/static,jar:file:/home/runner/.m2/repository/org/apache/ozone/hdds-container-service/1.3.0-SNAPSHOT/hdds-container-service-1.3.0-SNAPSHOT.jar!/webapps/static,AVAILABLE}
2022-06-27 16:55:19,423 [Listener at 127.0.0.1/39955] INFO  handler.ContextHandler (ContextHandler.java:doStart(915)) - Started o.e.j.w.WebAppContext@76a79d92{hddsDatanode,/,file:///tmp/jetty-0_0_0_0-42015-hdds-container-service-1_3_0-SNAPSHOT_jar-_-any-8832454855046484044/webapp/,AVAILABLE}{jar:file:/home/runner/.m2/repository/org/apache/ozone/hdds-container-service/1.3.0-SNAPSHOT/hdds-container-service-1.3.0-SNAPSHOT.jar!/webapps/hddsDatanode}
2022-06-27 16:55:19,426 [Listener at 127.0.0.1/39955] INFO  server.AbstractConnector (AbstractConnector.java:doStart(331)) - Started ServerConnector@51ed4c3f{HTTP/1.1, (http/1.1)}{0.0.0.0:42015}
2022-06-27 16:55:19,426 [Listener at 127.0.0.1/39955] INFO  server.Server (Server.java:doStart(415)) - Started @76320ms
2022-06-27 16:55:19,426 [Listener at 127.0.0.1/39955] WARN  impl.MetricsSystemImpl (MetricsSystemImpl.java:register(279)) - Sink prometheus already exists!
2022-06-27 16:55:19,428 [Listener at 127.0.0.1/39955] INFO  http.BaseHttpServer (BaseHttpServer.java:updateConnectorAddress(329)) - HTTP server of hddsDatanode listening at http://0.0.0.0:42015
2022-06-27 16:55:19,429 [Listener at 127.0.0.1/39955] WARN  impl.MetricRegistriesImpl (MetricRegistriesImpl.java:addReporterRegistration(111)) - New reporters are added after registries were created. Some metrics will be missing from the reporter. Please add reporter before adding any new registry.
2022-06-27 16:55:19,429 [Listener at 127.0.0.1/39955] WARN  impl.MetricRegistriesImpl (MetricRegistriesImpl.java:addReporterRegistration(111)) - New reporters are added after registries were created. Some metrics will be missing from the reporter. Please add reporter before adding any new registry.
2022-06-27 16:55:19,429 [Listener at 127.0.0.1/39955] INFO  impl.MetricsSystemImpl (MetricsSystemImpl.java:init(158)) - HddsDatanode metrics system started (again)
2022-06-27 16:55:19,437 [Datanode State Machine Daemon Thread] INFO  statemachine.DatanodeStateMachine (DatanodeStateMachine.java:lambda$startDaemon$0(492)) - Ozone container server started.
2022-06-27 16:55:19,446 [Listener at 127.0.0.1/39955] INFO  ozone.HddsDatanodeService (HddsDatanodeService.java:start(236)) - HddsDatanodeService host:fv-az215-30.fk02tkdpp51uda4i120yanydqb.bx.internal.cloudapp.net ip:10.1.0.22
2022-06-27 16:55:19,466 [org.apache.hadoop.util.JvmPauseMonitor$Monitor@15513e91] INFO  util.JvmPauseMonitor (JvmPauseMonitor.java:run(188)) - Starting JVM pause monitor
2022-06-27 16:55:19,476 [Listener at 127.0.0.1/39955] INFO  upgrade.AbstractLayoutVersionManager (AbstractLayoutVersionManager.java:init(82)) - Initializing Layout version manager with metadata layout = DATANODE_SCHEMA_V3 (version = 4), software layout = DATANODE_SCHEMA_V3 (version = 4)
2022-06-27 16:55:19,486 [Datanode State Machine Task Thread - 0] INFO  datanode.InitDatanodeState (InitDatanodeState.java:persistContainerDatanodeDetails(138)) - DatanodeDetails is persisted to /home/runner/work/ozone/ozone/hadoop-ozone/integration-test/target/test-dir/MiniOzoneClusterImpl-d171279b-4677-4c73-a7d6-55d9627e9d51/datanode-0/meta/datanode.id
2022-06-27 16:55:19,544 [Listener at 127.0.0.1/39955] INFO  reflections.Reflections (Reflections.java:scan(232)) - Reflections took 67 ms to scan 7 urls, producing 131 keys and 316 values 
2022-06-27 16:55:19,548 [Listener at 127.0.0.1/39955] INFO  statemachine.DatanodeStateMachine (DatanodeStateMachine.java:getEndPointTaskThreadPoolSize(237)) - Datanode State Machine Task Thread Pool size 2
2022-06-27 16:55:19,557 [Listener at 127.0.0.1/39955] INFO  volume.HddsVolume (HddsVolume.java:<init>(116)) - Creating HddsVolume: /home/runner/work/ozone/ozone/hadoop-ozone/integration-test/target/test-dir/MiniOzoneClusterImpl-d171279b-4677-4c73-a7d6-55d9627e9d51/datanode-1/data-0/containers/hdds of storage type : DISK capacity : 9223372036854775807
2022-06-27 16:55:19,558 [Listener at 127.0.0.1/39955] INFO  volume.MutableVolumeSet (MutableVolumeSet.java:initializeVolumeSet(174)) - Added Volume : /home/runner/work/ozone/ozone/hadoop-ozone/integration-test/target/test-dir/MiniOzoneClusterImpl-d171279b-4677-4c73-a7d6-55d9627e9d51/datanode-1/data-0/containers/hdds to VolumeSet
2022-06-27 16:55:19,558 [Listener at 127.0.0.1/39955] INFO  volume.ThrottledAsyncChecker (ThrottledAsyncChecker.java:schedule(141)) - Scheduling a check for /home/runner/work/ozone/ozone/hadoop-ozone/integration-test/target/test-dir/MiniOzoneClusterImpl-d171279b-4677-4c73-a7d6-55d9627e9d51/datanode-1/data-0/containers/hdds
2022-06-27 16:55:19,562 [Listener at 127.0.0.1/39955] INFO  volume.StorageVolumeChecker (StorageVolumeChecker.java:checkAllVolumes(202)) - Scheduled health check for volume /home/runner/work/ozone/ozone/hadoop-ozone/integration-test/target/test-dir/MiniOzoneClusterImpl-d171279b-4677-4c73-a7d6-55d9627e9d51/datanode-1/data-0/containers/hdds
2022-06-27 16:55:19,580 [Listener at 127.0.0.1/39955] INFO  volume.MutableVolumeSet (MutableVolumeSet.java:initializeVolumeSet(174)) - Added Volume : /home/runner/work/ozone/ozone/hadoop-ozone/integration-test/target/test-dir/MiniOzoneClusterImpl-d171279b-4677-4c73-a7d6-55d9627e9d51/datanode-1/data/ratis to VolumeSet
2022-06-27 16:55:19,580 [Listener at 127.0.0.1/39955] INFO  volume.ThrottledAsyncChecker (ThrottledAsyncChecker.java:schedule(141)) - Scheduling a check for /home/runner/work/ozone/ozone/hadoop-ozone/integration-test/target/test-dir/MiniOzoneClusterImpl-d171279b-4677-4c73-a7d6-55d9627e9d51/datanode-1/data/ratis
2022-06-27 16:55:19,580 [Listener at 127.0.0.1/39955] INFO  volume.StorageVolumeChecker (StorageVolumeChecker.java:checkAllVolumes(202)) - Scheduled health check for volume /home/runner/work/ozone/ozone/hadoop-ozone/integration-test/target/test-dir/MiniOzoneClusterImpl-d171279b-4677-4c73-a7d6-55d9627e9d51/datanode-1/data/ratis
2022-06-27 16:55:19,593 [Thread-643] INFO  ozoneimpl.ContainerReader (ContainerReader.java:readVolume(172)) - Finish verifying containers on volume /home/runner/work/ozone/ozone/hadoop-ozone/integration-test/target/test-dir/MiniOzoneClusterImpl-d171279b-4677-4c73-a7d6-55d9627e9d51/datanode-1/data-0/containers/hdds
2022-06-27 16:55:19,593 [Listener at 127.0.0.1/39955] INFO  ozoneimpl.OzoneContainer (OzoneContainer.java:buildContainerSet(266)) - Build ContainerSet costs 0s
2022-06-27 16:55:19,595 [Listener at 127.0.0.1/39955] INFO  server.RaftServer (ConfUtils.java:logGet(46)) - raft.rpc.type = GRPC (default)
2022-06-27 16:55:19,595 [Listener at 127.0.0.1/39955] INFO  grpc.GrpcFactory (GrpcFactory.java:checkPooledByteBufAllocatorUseCacheForAllThreads(48)) - PERFORMANCE WARNING: useCacheForAllThreads is true that may cause Netty to create a lot garbage objects and, as a result, trigger GC.
	It is recommended to disable useCacheForAllThreads by setting -Dorg.apache.ratis.thirdparty.io.netty.allocator.useCacheForAllThreads=false in command line.
2022-06-27 16:55:19,596 [Listener at 127.0.0.1/39955] INFO  grpc.GrpcConfigKeys (ConfUtils.java:logGet(46)) - raft.grpc.admin.port = 0 (custom)
2022-06-27 16:55:19,596 [Listener at 127.0.0.1/39955] INFO  grpc.GrpcConfigKeys (ConfUtils.java:logGet(46)) - raft.grpc.client.port = 0 (custom)
2022-06-27 16:55:19,596 [Listener at 127.0.0.1/39955] INFO  grpc.GrpcConfigKeys (ConfUtils.java:logGet(46)) - raft.grpc.server.port = 0 (default)
2022-06-27 16:55:19,596 [Listener at 127.0.0.1/39955] INFO  server.GrpcService (ConfUtils.java:logGet(46)) - raft.grpc.message.size.max = 32MB (=33554432) (custom)
2022-06-27 16:55:19,596 [Listener at 127.0.0.1/39955] INFO  server.RaftServerConfigKeys (ConfUtils.java:logGet(46)) - raft.server.log.appender.buffer.byte-limit = 33554432 (custom)
2022-06-27 16:55:19,596 [Listener at 127.0.0.1/39955] INFO  server.GrpcService (ConfUtils.java:logGet(46)) - raft.grpc.flow.control.window = 5MB (=5242880) (custom)
2022-06-27 16:55:19,597 [Listener at 127.0.0.1/39955] INFO  server.RaftServerConfigKeys (ConfUtils.java:logGet(46)) - raft.server.rpc.request.timeout = 60s (custom)
2022-06-27 16:55:19,597 [Listener at 127.0.0.1/39955] INFO  grpc.GrpcConfigKeys (ConfUtils.java:logGet(46)) - raft.grpc.server.async.request.thread.pool.cached = true (default)
2022-06-27 16:55:19,597 [Listener at 127.0.0.1/39955] INFO  grpc.GrpcConfigKeys (ConfUtils.java:logGet(46)) - raft.grpc.server.async.request.thread.pool.size = 32 (default)
2022-06-27 16:55:19,599 [Listener at 127.0.0.1/39955] INFO  impl.DataStreamServerImpl (ConfUtils.java:logGet(46)) - raft.datastream.type = DISABLED (default)
2022-06-27 16:55:19,599 [Listener at 127.0.0.1/39955] INFO  server.RaftServerConfigKeys (ConfUtils.java:logGet(46)) - raft.server.threadpool.proxy.cached = true (default)
2022-06-27 16:55:19,599 [Listener at 127.0.0.1/39955] INFO  server.RaftServerConfigKeys (ConfUtils.java:logGet(46)) - raft.server.threadpool.proxy.size = 0 (default)
2022-06-27 16:55:19,599 [Listener at 127.0.0.1/39955] INFO  server.RaftServerConfigKeys (ConfUtils.java:logGet(46)) - raft.server.rpc.slowness.timeout = 300s (custom)
2022-06-27 16:55:19,599 [Listener at 127.0.0.1/39955] INFO  server.RaftServerConfigKeys (ConfUtils.java:logGet(46)) - raft.server.leaderelection.leader.step-down.wait-time = 10s (default)
2022-06-27 16:55:19,599 [Listener at 127.0.0.1/39955] INFO  server.RaftServerConfigKeys (ConfUtils.java:logGet(46)) - raft.server.storage.dir = [/home/runner/work/ozone/ozone/hadoop-ozone/integration-test/target/test-dir/MiniOzoneClusterImpl-d171279b-4677-4c73-a7d6-55d9627e9d51/datanode-1/data/ratis] (custom)
2022-06-27 16:55:19,601 [Listener at 127.0.0.1/39955] INFO  server.XceiverServerGrpc (XceiverServerGrpc.java:<init>(132)) - GrpcServer channel type EpollServerSocketChannel
2022-06-27 16:55:19,606 [Listener at 127.0.0.1/39955] INFO  http.BaseHttpServer (BaseHttpServer.java:newHttpServer2BuilderForOzone(209)) - Starting Web-server for hddsDatanode at: http://0.0.0.0:0
2022-06-27 16:55:19,606 [Listener at 127.0.0.1/39955] INFO  http.BaseHttpServer (BaseHttpServer.java:<init>(107)) - Hadoop Security Enabled: false Ozone Security Enabled: false Ozone HTTP Security Enabled: false 
2022-06-27 16:55:19,607 [Listener at 127.0.0.1/39955] INFO  server.AuthenticationFilter (AuthenticationFilter.java:constructSecretProvider(240)) - Unable to initialize FileSignerSecretProvider, falling back to use random secrets.
2022-06-27 16:55:19,610 [Listener at 127.0.0.1/39955] WARN  http.HttpRequestLog (HttpRequestLog.java:getRequestLog(103)) - Jetty request log can only be enabled using Log4j
2022-06-27 16:55:19,611 [Listener at 127.0.0.1/39955] INFO  http.HttpServer2 (HttpServer2.java:addGlobalFilter(1029)) - Added global filter 'safety' (class=org.apache.hadoop.hdds.server.http.HttpServer2$QuotingInputFilter)
2022-06-27 16:55:19,611 [Listener at 127.0.0.1/39955] INFO  http.HttpServer2 (HttpServer2.java:addFilter(1005)) - Added filter static_user_filter (class=org.apache.hadoop.http.lib.StaticUserWebFilter$StaticUserFilter) to context hddsDatanode
2022-06-27 16:55:19,612 [Listener at 127.0.0.1/39955] INFO  http.HttpServer2 (HttpServer2.java:addFilter(1013)) - Added filter static_user_filter (class=org.apache.hadoop.http.lib.StaticUserWebFilter$StaticUserFilter) to context static
2022-06-27 16:55:19,612 [Listener at 127.0.0.1/39955] INFO  http.HttpServer2 (HttpServer2.java:addFilter(1013)) - Added filter static_user_filter (class=org.apache.hadoop.http.lib.StaticUserWebFilter$StaticUserFilter) to context logs
2022-06-27 16:55:19,612 [Listener at 127.0.0.1/39955] INFO  http.HttpServer2 (HttpServer2.java:bindListener(1248)) - Jetty bound to port 37545
2022-06-27 16:55:19,612 [Listener at 127.0.0.1/39955] INFO  server.Server (Server.java:doStart(375)) - jetty-9.4.43.v20210629; built: 2021-06-30T11:07:22.254Z; git: 526006ecfa3af7f1a27ef3a288e2bef7ea9dd7e8; jvm 1.8.0_332-b09
2022-06-27 16:55:19,617 [Listener at 127.0.0.1/39955] INFO  server.session (DefaultSessionIdManager.java:doStart(334)) - DefaultSessionIdManager workerName=node0
2022-06-27 16:55:19,617 [Listener at 127.0.0.1/39955] INFO  server.session (DefaultSessionIdManager.java:doStart(339)) - No SessionScavenger set, using defaults
2022-06-27 16:55:19,617 [Listener at 127.0.0.1/39955] INFO  server.session (HouseKeeper.java:startScavenging(132)) - node0 Scavenging every 600000ms
2022-06-27 16:55:19,618 [Listener at 127.0.0.1/39955] INFO  handler.ContextHandler (ContextHandler.java:doStart(915)) - Started o.e.j.s.ServletContextHandler@703e6fc0{logs,/logs,file:///home/runner/work/ozone/ozone/hadoop-ozone/integration-test/target/log,AVAILABLE}
2022-06-27 16:55:19,618 [Listener at 127.0.0.1/39955] INFO  handler.ContextHandler (ContextHandler.java:doStart(915)) - Started o.e.j.s.ServletContextHandler@60144454{static,/static,jar:file:/home/runner/.m2/repository/org/apache/ozone/hdds-container-service/1.3.0-SNAPSHOT/hdds-container-service-1.3.0-SNAPSHOT.jar!/webapps/static,AVAILABLE}
2022-06-27 16:55:19,855 [Listener at 127.0.0.1/39955] INFO  handler.ContextHandler (ContextHandler.java:doStart(915)) - Started o.e.j.w.WebAppContext@4c4a428d{hddsDatanode,/,file:///tmp/jetty-0_0_0_0-37545-hdds-container-service-1_3_0-SNAPSHOT_jar-_-any-4989550553375604027/webapp/,AVAILABLE}{jar:file:/home/runner/.m2/repository/org/apache/ozone/hdds-container-service/1.3.0-SNAPSHOT/hdds-container-service-1.3.0-SNAPSHOT.jar!/webapps/hddsDatanode}
2022-06-27 16:55:19,858 [Listener at 127.0.0.1/39955] INFO  server.AbstractConnector (AbstractConnector.java:doStart(331)) - Started ServerConnector@400074e2{HTTP/1.1, (http/1.1)}{0.0.0.0:37545}
2022-06-27 16:55:19,858 [Listener at 127.0.0.1/39955] INFO  server.Server (Server.java:doStart(415)) - Started @76752ms
2022-06-27 16:55:19,858 [Listener at 127.0.0.1/39955] WARN  impl.MetricsSystemImpl (MetricsSystemImpl.java:register(279)) - Sink prometheus already exists!
2022-06-27 16:55:19,862 [Listener at 127.0.0.1/39955] INFO  http.BaseHttpServer (BaseHttpServer.java:updateConnectorAddress(329)) - HTTP server of hddsDatanode listening at http://0.0.0.0:37545
2022-06-27 16:55:19,863 [Listener at 127.0.0.1/39955] WARN  impl.MetricRegistriesImpl (MetricRegistriesImpl.java:addReporterRegistration(111)) - New reporters are added after registries were created. Some metrics will be missing from the reporter. Please add reporter before adding any new registry.
2022-06-27 16:55:19,863 [Listener at 127.0.0.1/39955] WARN  impl.MetricRegistriesImpl (MetricRegistriesImpl.java:addReporterRegistration(111)) - New reporters are added after registries were created. Some metrics will be missing from the reporter. Please add reporter before adding any new registry.
2022-06-27 16:55:19,863 [Listener at 127.0.0.1/39955] INFO  impl.MetricsSystemImpl (MetricsSystemImpl.java:init(158)) - HddsDatanode metrics system started (again)
2022-06-27 16:55:19,873 [Datanode State Machine Daemon Thread] INFO  statemachine.DatanodeStateMachine (DatanodeStateMachine.java:lambda$startDaemon$0(492)) - Ozone container server started.
2022-06-27 16:55:19,887 [Listener at 127.0.0.1/39955] INFO  ozone.HddsDatanodeService (HddsDatanodeService.java:start(236)) - HddsDatanodeService host:fv-az215-30.fk02tkdpp51uda4i120yanydqb.bx.internal.cloudapp.net ip:10.1.0.22
2022-06-27 16:55:19,923 [Listener at 127.0.0.1/39955] INFO  upgrade.AbstractLayoutVersionManager (AbstractLayoutVersionManager.java:init(82)) - Initializing Layout version manager with metadata layout = DATANODE_SCHEMA_V3 (version = 4), software layout = DATANODE_SCHEMA_V3 (version = 4)
2022-06-27 16:55:19,964 [org.apache.hadoop.util.JvmPauseMonitor$Monitor@7468857b] INFO  util.JvmPauseMonitor (JvmPauseMonitor.java:run(188)) - Starting JVM pause monitor
2022-06-27 16:55:19,965 [Datanode State Machine Task Thread - 0] INFO  datanode.InitDatanodeState (InitDatanodeState.java:persistContainerDatanodeDetails(138)) - DatanodeDetails is persisted to /home/runner/work/ozone/ozone/hadoop-ozone/integration-test/target/test-dir/MiniOzoneClusterImpl-d171279b-4677-4c73-a7d6-55d9627e9d51/datanode-1/meta/datanode.id
2022-06-27 16:55:19,969 [om1@group-C5BA1605619E-FollowerState] INFO  impl.FollowerState (FollowerState.java:run(143)) - om1@group-C5BA1605619E-FollowerState: change to CANDIDATE, lastRpcElapsedTime:1190224803ns, electionTimeout:1179ms
2022-06-27 16:55:19,969 [om1@group-C5BA1605619E-FollowerState] INFO  impl.RoleInfo (RoleInfo.java:shutdownFollowerState(110)) - om1: shutdown om1@group-C5BA1605619E-FollowerState
2022-06-27 16:55:19,969 [om1@group-C5BA1605619E-FollowerState] INFO  server.RaftServer$Division (RaftServerImpl.java:setRole(299)) - om1@group-C5BA1605619E: changes role from  FOLLOWER to CANDIDATE at term 0 for changeToCandidate
2022-06-27 16:55:19,969 [om1@group-C5BA1605619E-FollowerState] INFO  server.RaftServerConfigKeys (ConfUtils.java:logGet(46)) - raft.server.leaderelection.pre-vote = false (custom)
2022-06-27 16:55:19,969 [om1@group-C5BA1605619E-FollowerState] INFO  impl.RoleInfo (RoleInfo.java:updateAndGet(139)) - om1: start om1@group-C5BA1605619E-LeaderElection14
2022-06-27 16:55:20,003 [om1@group-C5BA1605619E-LeaderElection14] INFO  impl.LeaderElection (LeaderElection.java:askForVotes(310)) - om1@group-C5BA1605619E-LeaderElection14 ELECTION round 0: submit vote requests at term 1 for -1: [om1|rpc:localhost:9872|priority:0], old=null
2022-06-27 16:55:20,003 [om1@group-C5BA1605619E-LeaderElection14] INFO  impl.LeaderElection (LeaderElection.java:askForVotes(312)) - om1@group-C5BA1605619E-LeaderElection14 ELECTION round 0: result PASSED (term=1)
2022-06-27 16:55:20,003 [om1@group-C5BA1605619E-LeaderElection14] INFO  impl.RoleInfo (RoleInfo.java:shutdownLeaderElection(130)) - om1: shutdown om1@group-C5BA1605619E-LeaderElection14
2022-06-27 16:55:20,003 [om1@group-C5BA1605619E-LeaderElection14] INFO  server.RaftServer$Division (RaftServerImpl.java:setRole(299)) - om1@group-C5BA1605619E: changes role from CANDIDATE to LEADER at term 1 for changeToLeader
2022-06-27 16:55:20,003 [om1@group-C5BA1605619E-LeaderElection14] INFO  server.RaftServer$Division (ServerState.java:setLeader(287)) - om1@group-C5BA1605619E: change Leader from null to om1 at term 1 for becomeLeader, leader elected after 2101ms
2022-06-27 16:55:20,003 [om1@group-C5BA1605619E-LeaderElection14] INFO  server.RaftServerConfigKeys (ConfUtils.java:logGet(46)) - raft.server.staging.catchup.gap = 1000 (default)
2022-06-27 16:55:20,003 [om1@group-C5BA1605619E-LeaderElection14] INFO  server.RaftServerConfigKeys (ConfUtils.java:logGet(46)) - raft.server.write.element-limit = 4096 (default)
2022-06-27 16:55:20,003 [om1@group-C5BA1605619E-LeaderElection14] INFO  server.RaftServerConfigKeys (ConfUtils.java:logGet(46)) - raft.server.write.byte-limit = 64MB (=67108864) (default)
2022-06-27 16:55:20,004 [om1@group-C5BA1605619E-LeaderElection14] INFO  server.RaftServerConfigKeys (ConfUtils.java:logGet(46)) - raft.server.watch.timeout = 10s (default)
2022-06-27 16:55:20,004 [om1@group-C5BA1605619E-LeaderElection14] INFO  server.RaftServerConfigKeys (ConfUtils.java:logGet(46)) - raft.server.watch.timeout.denomination = 1s (default)
2022-06-27 16:55:20,004 [om1@group-C5BA1605619E-LeaderElection14] INFO  server.RaftServerConfigKeys (ConfUtils.java:logGet(46)) - raft.server.watch.element-limit = 65536 (default)
2022-06-27 16:55:20,004 [om1@group-C5BA1605619E-LeaderElection14] INFO  server.RaftServerConfigKeys (ConfUtils.java:logGet(46)) - raft.server.write.element-limit = 4096 (default)
2022-06-27 16:55:20,004 [om1@group-C5BA1605619E-LeaderElection14] INFO  server.RaftServerConfigKeys (ConfUtils.java:logGet(46)) - raft.server.write.follower.gap.ratio.max = -1.0 (default)
2022-06-27 16:55:20,004 [om1@group-C5BA1605619E-LeaderElection14] INFO  impl.RoleInfo (RoleInfo.java:updateAndGet(139)) - om1: start om1@group-C5BA1605619E-LeaderStateImpl
2022-06-27 16:55:20,004 [om1@group-C5BA1605619E-LeaderElection14] INFO  segmented.SegmentedRaftLogWorker (SegmentedRaftLogWorker.java:startLogSegment(425)) - om1@group-C5BA1605619E-SegmentedRaftLogWorker: Starting segment from index:0
2022-06-27 16:55:20,015 [om1@group-C5BA1605619E-SegmentedRaftLogWorker] INFO  segmented.SegmentedRaftLogWorker (SegmentedRaftLogWorker.java:execute(629)) - om1@group-C5BA1605619E-SegmentedRaftLogWorker: created new log segment /home/runner/work/ozone/ozone/hadoop-ozone/integration-test/target/test-dir/MiniOzoneClusterImpl-d171279b-4677-4c73-a7d6-55d9627e9d51/ozone-meta/ratis/bf265839-605b-3f16-9796-c5ba1605619e/current/log_inprogress_0
2022-06-27 16:55:20,018 [Listener at 127.0.0.1/39955] INFO  reflections.Reflections (Reflections.java:scan(232)) - Reflections took 94 ms to scan 7 urls, producing 131 keys and 316 values 
2022-06-27 16:55:20,020 [Listener at 127.0.0.1/39955] INFO  statemachine.DatanodeStateMachine (DatanodeStateMachine.java:getEndPointTaskThreadPoolSize(237)) - Datanode State Machine Task Thread Pool size 2
2022-06-27 16:55:20,021 [Listener at 127.0.0.1/39955] INFO  volume.HddsVolume (HddsVolume.java:<init>(116)) - Creating HddsVolume: /home/runner/work/ozone/ozone/hadoop-ozone/integration-test/target/test-dir/MiniOzoneClusterImpl-d171279b-4677-4c73-a7d6-55d9627e9d51/datanode-2/data-0/containers/hdds of storage type : DISK capacity : 9223372036854775807
2022-06-27 16:55:20,021 [Listener at 127.0.0.1/39955] INFO  volume.MutableVolumeSet (MutableVolumeSet.java:initializeVolumeSet(174)) - Added Volume : /home/runner/work/ozone/ozone/hadoop-ozone/integration-test/target/test-dir/MiniOzoneClusterImpl-d171279b-4677-4c73-a7d6-55d9627e9d51/datanode-2/data-0/containers/hdds to VolumeSet
2022-06-27 16:55:20,021 [Listener at 127.0.0.1/39955] INFO  volume.ThrottledAsyncChecker (ThrottledAsyncChecker.java:schedule(141)) - Scheduling a check for /home/runner/work/ozone/ozone/hadoop-ozone/integration-test/target/test-dir/MiniOzoneClusterImpl-d171279b-4677-4c73-a7d6-55d9627e9d51/datanode-2/data-0/containers/hdds
2022-06-27 16:55:20,024 [om1@group-C5BA1605619E-LeaderElection14] INFO  server.RaftServer$Division (ServerState.java:setRaftConf(393)) - om1@group-C5BA1605619E: set configuration 0: [om1|rpc:localhost:9872|admin:|client:|dataStream:|priority:0], old=null
2022-06-27 16:55:20,035 [Listener at 127.0.0.1/39955] INFO  volume.StorageVolumeChecker (StorageVolumeChecker.java:checkAllVolumes(202)) - Scheduled health check for volume /home/runner/work/ozone/ozone/hadoop-ozone/integration-test/target/test-dir/MiniOzoneClusterImpl-d171279b-4677-4c73-a7d6-55d9627e9d51/datanode-2/data-0/containers/hdds
2022-06-27 16:55:20,040 [om1@group-C5BA1605619E-StateMachineUpdater] INFO  ratis.OzoneManagerStateMachine (OzoneManagerStateMachine.java:notifyConfigurationChanged(192)) - Received Configuration change notification from Ratis. New Peer list:
[id: "om1"
address: "localhost:9872"
]
2022-06-27 16:55:20,056 [Listener at 127.0.0.1/39955] INFO  volume.MutableVolumeSet (MutableVolumeSet.java:initializeVolumeSet(174)) - Added Volume : /home/runner/work/ozone/ozone/hadoop-ozone/integration-test/target/test-dir/MiniOzoneClusterImpl-d171279b-4677-4c73-a7d6-55d9627e9d51/datanode-2/data/ratis to VolumeSet
2022-06-27 16:55:20,056 [Listener at 127.0.0.1/39955] INFO  volume.ThrottledAsyncChecker (ThrottledAsyncChecker.java:schedule(141)) - Scheduling a check for /home/runner/work/ozone/ozone/hadoop-ozone/integration-test/target/test-dir/MiniOzoneClusterImpl-d171279b-4677-4c73-a7d6-55d9627e9d51/datanode-2/data/ratis
2022-06-27 16:55:20,056 [Listener at 127.0.0.1/39955] INFO  volume.StorageVolumeChecker (StorageVolumeChecker.java:checkAllVolumes(202)) - Scheduled health check for volume /home/runner/work/ozone/ozone/hadoop-ozone/integration-test/target/test-dir/MiniOzoneClusterImpl-d171279b-4677-4c73-a7d6-55d9627e9d51/datanode-2/data/ratis
2022-06-27 16:55:20,065 [Thread-658] INFO  ozoneimpl.ContainerReader (ContainerReader.java:readVolume(172)) - Finish verifying containers on volume /home/runner/work/ozone/ozone/hadoop-ozone/integration-test/target/test-dir/MiniOzoneClusterImpl-d171279b-4677-4c73-a7d6-55d9627e9d51/datanode-2/data-0/containers/hdds
2022-06-27 16:55:20,065 [Listener at 127.0.0.1/39955] INFO  ozoneimpl.OzoneContainer (OzoneContainer.java:buildContainerSet(266)) - Build ContainerSet costs 0s
2022-06-27 16:55:20,067 [Listener at 127.0.0.1/39955] INFO  server.RaftServer (ConfUtils.java:logGet(46)) - raft.rpc.type = GRPC (default)
2022-06-27 16:55:20,067 [Listener at 127.0.0.1/39955] INFO  grpc.GrpcFactory (GrpcFactory.java:checkPooledByteBufAllocatorUseCacheForAllThreads(48)) - PERFORMANCE WARNING: useCacheForAllThreads is true that may cause Netty to create a lot garbage objects and, as a result, trigger GC.
	It is recommended to disable useCacheForAllThreads by setting -Dorg.apache.ratis.thirdparty.io.netty.allocator.useCacheForAllThreads=false in command line.
2022-06-27 16:55:20,067 [Listener at 127.0.0.1/39955] INFO  grpc.GrpcConfigKeys (ConfUtils.java:logGet(46)) - raft.grpc.admin.port = 0 (custom)
2022-06-27 16:55:20,067 [Listener at 127.0.0.1/39955] INFO  grpc.GrpcConfigKeys (ConfUtils.java:logGet(46)) - raft.grpc.client.port = 0 (custom)
2022-06-27 16:55:20,067 [Listener at 127.0.0.1/39955] INFO  grpc.GrpcConfigKeys (ConfUtils.java:logGet(46)) - raft.grpc.server.port = 0 (default)
2022-06-27 16:55:20,068 [Listener at 127.0.0.1/39955] INFO  server.GrpcService (ConfUtils.java:logGet(46)) - raft.grpc.message.size.max = 32MB (=33554432) (custom)
2022-06-27 16:55:20,068 [Listener at 127.0.0.1/39955] INFO  server.RaftServerConfigKeys (ConfUtils.java:logGet(46)) - raft.server.log.appender.buffer.byte-limit = 33554432 (custom)
2022-06-27 16:55:20,068 [Listener at 127.0.0.1/39955] INFO  server.GrpcService (ConfUtils.java:logGet(46)) - raft.grpc.flow.control.window = 5MB (=5242880) (custom)
2022-06-27 16:55:20,068 [Listener at 127.0.0.1/39955] INFO  server.RaftServerConfigKeys (ConfUtils.java:logGet(46)) - raft.server.rpc.request.timeout = 60s (custom)
2022-06-27 16:55:20,068 [Listener at 127.0.0.1/39955] INFO  grpc.GrpcConfigKeys (ConfUtils.java:logGet(46)) - raft.grpc.server.async.request.thread.pool.cached = true (default)
2022-06-27 16:55:20,068 [Listener at 127.0.0.1/39955] INFO  grpc.GrpcConfigKeys (ConfUtils.java:logGet(46)) - raft.grpc.server.async.request.thread.pool.size = 32 (default)
2022-06-27 16:55:20,069 [Listener at 127.0.0.1/39955] INFO  impl.DataStreamServerImpl (ConfUtils.java:logGet(46)) - raft.datastream.type = DISABLED (default)
2022-06-27 16:55:20,069 [Listener at 127.0.0.1/39955] INFO  server.RaftServerConfigKeys (ConfUtils.java:logGet(46)) - raft.server.threadpool.proxy.cached = true (default)
2022-06-27 16:55:20,069 [Listener at 127.0.0.1/39955] INFO  server.RaftServerConfigKeys (ConfUtils.java:logGet(46)) - raft.server.threadpool.proxy.size = 0 (default)
2022-06-27 16:55:20,069 [Listener at 127.0.0.1/39955] INFO  server.RaftServerConfigKeys (ConfUtils.java:logGet(46)) - raft.server.rpc.slowness.timeout = 300s (custom)
2022-06-27 16:55:20,069 [Listener at 127.0.0.1/39955] INFO  server.RaftServerConfigKeys (ConfUtils.java:logGet(46)) - raft.server.leaderelection.leader.step-down.wait-time = 10s (default)
2022-06-27 16:55:20,069 [Listener at 127.0.0.1/39955] INFO  server.RaftServerConfigKeys (ConfUtils.java:logGet(46)) - raft.server.storage.dir = [/home/runner/work/ozone/ozone/hadoop-ozone/integration-test/target/test-dir/MiniOzoneClusterImpl-d171279b-4677-4c73-a7d6-55d9627e9d51/datanode-2/data/ratis] (custom)
2022-06-27 16:55:20,071 [Listener at 127.0.0.1/39955] INFO  server.XceiverServerGrpc (XceiverServerGrpc.java:<init>(132)) - GrpcServer channel type EpollServerSocketChannel
2022-06-27 16:55:20,073 [Listener at 127.0.0.1/39955] INFO  http.BaseHttpServer (BaseHttpServer.java:newHttpServer2BuilderForOzone(209)) - Starting Web-server for hddsDatanode at: http://0.0.0.0:0
2022-06-27 16:55:20,073 [Listener at 127.0.0.1/39955] INFO  http.BaseHttpServer (BaseHttpServer.java:<init>(107)) - Hadoop Security Enabled: false Ozone Security Enabled: false Ozone HTTP Security Enabled: false 
2022-06-27 16:55:20,074 [Listener at 127.0.0.1/39955] INFO  server.AuthenticationFilter (AuthenticationFilter.java:constructSecretProvider(240)) - Unable to initialize FileSignerSecretProvider, falling back to use random secrets.
2022-06-27 16:55:20,074 [Listener at 127.0.0.1/39955] WARN  http.HttpRequestLog (HttpRequestLog.java:getRequestLog(103)) - Jetty request log can only be enabled using Log4j
2022-06-27 16:55:20,075 [Listener at 127.0.0.1/39955] INFO  http.HttpServer2 (HttpServer2.java:addGlobalFilter(1029)) - Added global filter 'safety' (class=org.apache.hadoop.hdds.server.http.HttpServer2$QuotingInputFilter)
2022-06-27 16:55:20,076 [Listener at 127.0.0.1/39955] INFO  http.HttpServer2 (HttpServer2.java:addFilter(1005)) - Added filter static_user_filter (class=org.apache.hadoop.http.lib.StaticUserWebFilter$StaticUserFilter) to context hddsDatanode
2022-06-27 16:55:20,076 [Listener at 127.0.0.1/39955] INFO  http.HttpServer2 (HttpServer2.java:addFilter(1013)) - Added filter static_user_filter (class=org.apache.hadoop.http.lib.StaticUserWebFilter$StaticUserFilter) to context logs
2022-06-27 16:55:20,076 [Listener at 127.0.0.1/39955] INFO  http.HttpServer2 (HttpServer2.java:addFilter(1013)) - Added filter static_user_filter (class=org.apache.hadoop.http.lib.StaticUserWebFilter$StaticUserFilter) to context static
2022-06-27 16:55:20,076 [Listener at 127.0.0.1/39955] INFO  http.HttpServer2 (HttpServer2.java:bindListener(1248)) - Jetty bound to port 36219
2022-06-27 16:55:20,076 [Listener at 127.0.0.1/39955] INFO  server.Server (Server.java:doStart(375)) - jetty-9.4.43.v20210629; built: 2021-06-30T11:07:22.254Z; git: 526006ecfa3af7f1a27ef3a288e2bef7ea9dd7e8; jvm 1.8.0_332-b09
2022-06-27 16:55:20,077 [Listener at 127.0.0.1/39955] INFO  server.session (DefaultSessionIdManager.java:doStart(334)) - DefaultSessionIdManager workerName=node0
2022-06-27 16:55:20,078 [Listener at 127.0.0.1/39955] INFO  server.session (DefaultSessionIdManager.java:doStart(339)) - No SessionScavenger set, using defaults
2022-06-27 16:55:20,078 [Listener at 127.0.0.1/39955] INFO  server.session (HouseKeeper.java:startScavenging(132)) - node0 Scavenging every 660000ms
2022-06-27 16:55:20,078 [Listener at 127.0.0.1/39955] INFO  handler.ContextHandler (ContextHandler.java:doStart(915)) - Started o.e.j.s.ServletContextHandler@4a2b62f8{logs,/logs,file:///home/runner/work/ozone/ozone/hadoop-ozone/integration-test/target/log,AVAILABLE}
2022-06-27 16:55:20,079 [Listener at 127.0.0.1/39955] INFO  handler.ContextHandler (ContextHandler.java:doStart(915)) - Started o.e.j.s.ServletContextHandler@1502c366{static,/static,jar:file:/home/runner/.m2/repository/org/apache/ozone/hdds-container-service/1.3.0-SNAPSHOT/hdds-container-service-1.3.0-SNAPSHOT.jar!/webapps/static,AVAILABLE}
2022-06-27 16:55:20,321 [Listener at 127.0.0.1/39955] INFO  handler.ContextHandler (ContextHandler.java:doStart(915)) - Started o.e.j.w.WebAppContext@8e3fa5{hddsDatanode,/,file:///tmp/jetty-0_0_0_0-36219-hdds-container-service-1_3_0-SNAPSHOT_jar-_-any-1868352597189155482/webapp/,AVAILABLE}{jar:file:/home/runner/.m2/repository/org/apache/ozone/hdds-container-service/1.3.0-SNAPSHOT/hdds-container-service-1.3.0-SNAPSHOT.jar!/webapps/hddsDatanode}
2022-06-27 16:55:20,327 [Listener at 127.0.0.1/39955] INFO  server.AbstractConnector (AbstractConnector.java:doStart(331)) - Started ServerConnector@5fa9dc45{HTTP/1.1, (http/1.1)}{0.0.0.0:36219}
2022-06-27 16:55:20,327 [Listener at 127.0.0.1/39955] INFO  server.Server (Server.java:doStart(415)) - Started @77222ms
2022-06-27 16:55:20,328 [Listener at 127.0.0.1/39955] WARN  impl.MetricsSystemImpl (MetricsSystemImpl.java:register(279)) - Sink prometheus already exists!
2022-06-27 16:55:20,328 [Listener at 127.0.0.1/39955] INFO  http.BaseHttpServer (BaseHttpServer.java:updateConnectorAddress(329)) - HTTP server of hddsDatanode listening at http://0.0.0.0:36219
2022-06-27 16:55:20,333 [Listener at 127.0.0.1/39955] WARN  impl.MetricRegistriesImpl (MetricRegistriesImpl.java:addReporterRegistration(111)) - New reporters are added after registries were created. Some metrics will be missing from the reporter. Please add reporter before adding any new registry.
2022-06-27 16:55:20,333 [Listener at 127.0.0.1/39955] WARN  impl.MetricRegistriesImpl (MetricRegistriesImpl.java:addReporterRegistration(111)) - New reporters are added after registries were created. Some metrics will be missing from the reporter. Please add reporter before adding any new registry.
2022-06-27 16:55:20,333 [Listener at 127.0.0.1/39955] INFO  impl.MetricsSystemImpl (MetricsSystemImpl.java:init(158)) - HddsDatanode metrics system started (again)
2022-06-27 16:55:20,348 [Datanode State Machine Daemon Thread] INFO  statemachine.DatanodeStateMachine (DatanodeStateMachine.java:lambda$startDaemon$0(492)) - Ozone container server started.
2022-06-27 16:55:20,373 [org.apache.hadoop.util.JvmPauseMonitor$Monitor@7d292003] INFO  util.JvmPauseMonitor (JvmPauseMonitor.java:run(188)) - Starting JVM pause monitor
2022-06-27 16:55:20,377 [Listener at 127.0.0.1/39955] INFO  ozone.HddsDatanodeService (HddsDatanodeService.java:start(236)) - HddsDatanodeService host:fv-az215-30.fk02tkdpp51uda4i120yanydqb.bx.internal.cloudapp.net ip:10.1.0.22
2022-06-27 16:55:20,387 [Datanode State Machine Task Thread - 0] INFO  datanode.InitDatanodeState (InitDatanodeState.java:persistContainerDatanodeDetails(138)) - DatanodeDetails is persisted to /home/runner/work/ozone/ozone/hadoop-ozone/integration-test/target/test-dir/MiniOzoneClusterImpl-d171279b-4677-4c73-a7d6-55d9627e9d51/datanode-2/meta/datanode.id
2022-06-27 16:55:20,410 [Listener at 127.0.0.1/39955] INFO  upgrade.AbstractLayoutVersionManager (AbstractLayoutVersionManager.java:init(82)) - Initializing Layout version manager with metadata layout = DATANODE_SCHEMA_V3 (version = 4), software layout = DATANODE_SCHEMA_V3 (version = 4)
2022-06-27 16:55:20,464 [Listener at 127.0.0.1/39955] INFO  reflections.Reflections (Reflections.java:scan(232)) - Reflections took 53 ms to scan 7 urls, producing 131 keys and 316 values 
2022-06-27 16:55:20,466 [Listener at 127.0.0.1/39955] INFO  statemachine.DatanodeStateMachine (DatanodeStateMachine.java:getEndPointTaskThreadPoolSize(237)) - Datanode State Machine Task Thread Pool size 2
2022-06-27 16:55:20,468 [Listener at 127.0.0.1/39955] INFO  volume.HddsVolume (HddsVolume.java:<init>(116)) - Creating HddsVolume: /home/runner/work/ozone/ozone/hadoop-ozone/integration-test/target/test-dir/MiniOzoneClusterImpl-d171279b-4677-4c73-a7d6-55d9627e9d51/datanode-3/data-0/containers/hdds of storage type : DISK capacity : 9223372036854775807
2022-06-27 16:55:20,468 [Listener at 127.0.0.1/39955] INFO  volume.MutableVolumeSet (MutableVolumeSet.java:initializeVolumeSet(174)) - Added Volume : /home/runner/work/ozone/ozone/hadoop-ozone/integration-test/target/test-dir/MiniOzoneClusterImpl-d171279b-4677-4c73-a7d6-55d9627e9d51/datanode-3/data-0/containers/hdds to VolumeSet
2022-06-27 16:55:20,469 [Listener at 127.0.0.1/39955] INFO  volume.ThrottledAsyncChecker (ThrottledAsyncChecker.java:schedule(141)) - Scheduling a check for /home/runner/work/ozone/ozone/hadoop-ozone/integration-test/target/test-dir/MiniOzoneClusterImpl-d171279b-4677-4c73-a7d6-55d9627e9d51/datanode-3/data-0/containers/hdds
2022-06-27 16:55:20,471 [Listener at 127.0.0.1/39955] INFO  volume.StorageVolumeChecker (StorageVolumeChecker.java:checkAllVolumes(202)) - Scheduled health check for volume /home/runner/work/ozone/ozone/hadoop-ozone/integration-test/target/test-dir/MiniOzoneClusterImpl-d171279b-4677-4c73-a7d6-55d9627e9d51/datanode-3/data-0/containers/hdds
2022-06-27 16:55:20,488 [Listener at 127.0.0.1/39955] INFO  volume.MutableVolumeSet (MutableVolumeSet.java:initializeVolumeSet(174)) - Added Volume : /home/runner/work/ozone/ozone/hadoop-ozone/integration-test/target/test-dir/MiniOzoneClusterImpl-d171279b-4677-4c73-a7d6-55d9627e9d51/datanode-3/data/ratis to VolumeSet
2022-06-27 16:55:20,490 [Listener at 127.0.0.1/39955] INFO  volume.ThrottledAsyncChecker (ThrottledAsyncChecker.java:schedule(141)) - Scheduling a check for /home/runner/work/ozone/ozone/hadoop-ozone/integration-test/target/test-dir/MiniOzoneClusterImpl-d171279b-4677-4c73-a7d6-55d9627e9d51/datanode-3/data/ratis
2022-06-27 16:55:20,493 [Listener at 127.0.0.1/39955] INFO  volume.StorageVolumeChecker (StorageVolumeChecker.java:checkAllVolumes(202)) - Scheduled health check for volume /home/runner/work/ozone/ozone/hadoop-ozone/integration-test/target/test-dir/MiniOzoneClusterImpl-d171279b-4677-4c73-a7d6-55d9627e9d51/datanode-3/data/ratis
2022-06-27 16:55:20,502 [Thread-671] INFO  ozoneimpl.ContainerReader (ContainerReader.java:readVolume(172)) - Finish verifying containers on volume /home/runner/work/ozone/ozone/hadoop-ozone/integration-test/target/test-dir/MiniOzoneClusterImpl-d171279b-4677-4c73-a7d6-55d9627e9d51/datanode-3/data-0/containers/hdds
2022-06-27 16:55:20,503 [Listener at 127.0.0.1/39955] INFO  ozoneimpl.OzoneContainer (OzoneContainer.java:buildContainerSet(266)) - Build ContainerSet costs 0s
2022-06-27 16:55:20,504 [Listener at 127.0.0.1/39955] INFO  server.RaftServer (ConfUtils.java:logGet(46)) - raft.rpc.type = GRPC (default)
2022-06-27 16:55:20,504 [Listener at 127.0.0.1/39955] INFO  grpc.GrpcFactory (GrpcFactory.java:checkPooledByteBufAllocatorUseCacheForAllThreads(48)) - PERFORMANCE WARNING: useCacheForAllThreads is true that may cause Netty to create a lot garbage objects and, as a result, trigger GC.
	It is recommended to disable useCacheForAllThreads by setting -Dorg.apache.ratis.thirdparty.io.netty.allocator.useCacheForAllThreads=false in command line.
2022-06-27 16:55:20,505 [Listener at 127.0.0.1/39955] INFO  grpc.GrpcConfigKeys (ConfUtils.java:logGet(46)) - raft.grpc.admin.port = 0 (custom)
2022-06-27 16:55:20,506 [Listener at 127.0.0.1/39955] INFO  grpc.GrpcConfigKeys (ConfUtils.java:logGet(46)) - raft.grpc.client.port = 0 (custom)
2022-06-27 16:55:20,506 [Listener at 127.0.0.1/39955] INFO  grpc.GrpcConfigKeys (ConfUtils.java:logGet(46)) - raft.grpc.server.port = 0 (default)
2022-06-27 16:55:20,507 [Listener at 127.0.0.1/39955] INFO  server.GrpcService (ConfUtils.java:logGet(46)) - raft.grpc.message.size.max = 32MB (=33554432) (custom)
2022-06-27 16:55:20,507 [Listener at 127.0.0.1/39955] INFO  server.RaftServerConfigKeys (ConfUtils.java:logGet(46)) - raft.server.log.appender.buffer.byte-limit = 33554432 (custom)
2022-06-27 16:55:20,507 [Listener at 127.0.0.1/39955] INFO  server.GrpcService (ConfUtils.java:logGet(46)) - raft.grpc.flow.control.window = 5MB (=5242880) (custom)
2022-06-27 16:55:20,507 [Listener at 127.0.0.1/39955] INFO  server.RaftServerConfigKeys (ConfUtils.java:logGet(46)) - raft.server.rpc.request.timeout = 60s (custom)
2022-06-27 16:55:20,507 [Listener at 127.0.0.1/39955] INFO  grpc.GrpcConfigKeys (ConfUtils.java:logGet(46)) - raft.grpc.server.async.request.thread.pool.cached = true (default)
2022-06-27 16:55:20,507 [Listener at 127.0.0.1/39955] INFO  grpc.GrpcConfigKeys (ConfUtils.java:logGet(46)) - raft.grpc.server.async.request.thread.pool.size = 32 (default)
2022-06-27 16:55:20,508 [Listener at 127.0.0.1/39955] INFO  impl.DataStreamServerImpl (ConfUtils.java:logGet(46)) - raft.datastream.type = DISABLED (default)
2022-06-27 16:55:20,508 [Listener at 127.0.0.1/39955] INFO  server.RaftServerConfigKeys (ConfUtils.java:logGet(46)) - raft.server.threadpool.proxy.cached = true (default)
2022-06-27 16:55:20,508 [Listener at 127.0.0.1/39955] INFO  server.RaftServerConfigKeys (ConfUtils.java:logGet(46)) - raft.server.threadpool.proxy.size = 0 (default)
2022-06-27 16:55:20,508 [Listener at 127.0.0.1/39955] INFO  server.RaftServerConfigKeys (ConfUtils.java:logGet(46)) - raft.server.rpc.slowness.timeout = 300s (custom)
2022-06-27 16:55:20,508 [Listener at 127.0.0.1/39955] INFO  server.RaftServerConfigKeys (ConfUtils.java:logGet(46)) - raft.server.leaderelection.leader.step-down.wait-time = 10s (default)
2022-06-27 16:55:20,508 [Listener at 127.0.0.1/39955] INFO  server.RaftServerConfigKeys (ConfUtils.java:logGet(46)) - raft.server.storage.dir = [/home/runner/work/ozone/ozone/hadoop-ozone/integration-test/target/test-dir/MiniOzoneClusterImpl-d171279b-4677-4c73-a7d6-55d9627e9d51/datanode-3/data/ratis] (custom)
2022-06-27 16:55:20,510 [Listener at 127.0.0.1/39955] INFO  server.XceiverServerGrpc (XceiverServerGrpc.java:<init>(132)) - GrpcServer channel type EpollServerSocketChannel
2022-06-27 16:55:20,513 [Listener at 127.0.0.1/39955] INFO  http.BaseHttpServer (BaseHttpServer.java:newHttpServer2BuilderForOzone(209)) - Starting Web-server for hddsDatanode at: http://0.0.0.0:0
2022-06-27 16:55:20,513 [Listener at 127.0.0.1/39955] INFO  http.BaseHttpServer (BaseHttpServer.java:<init>(107)) - Hadoop Security Enabled: false Ozone Security Enabled: false Ozone HTTP Security Enabled: false 
2022-06-27 16:55:20,514 [Listener at 127.0.0.1/39955] INFO  server.AuthenticationFilter (AuthenticationFilter.java:constructSecretProvider(240)) - Unable to initialize FileSignerSecretProvider, falling back to use random secrets.
2022-06-27 16:55:20,515 [Listener at 127.0.0.1/39955] WARN  http.HttpRequestLog (HttpRequestLog.java:getRequestLog(103)) - Jetty request log can only be enabled using Log4j
2022-06-27 16:55:20,516 [Listener at 127.0.0.1/39955] INFO  http.HttpServer2 (HttpServer2.java:addGlobalFilter(1029)) - Added global filter 'safety' (class=org.apache.hadoop.hdds.server.http.HttpServer2$QuotingInputFilter)
2022-06-27 16:55:20,516 [Listener at 127.0.0.1/39955] INFO  http.HttpServer2 (HttpServer2.java:addFilter(1005)) - Added filter static_user_filter (class=org.apache.hadoop.http.lib.StaticUserWebFilter$StaticUserFilter) to context hddsDatanode
2022-06-27 16:55:20,518 [Listener at 127.0.0.1/39955] INFO  http.HttpServer2 (HttpServer2.java:addFilter(1013)) - Added filter static_user_filter (class=org.apache.hadoop.http.lib.StaticUserWebFilter$StaticUserFilter) to context static
2022-06-27 16:55:20,518 [Listener at 127.0.0.1/39955] INFO  http.HttpServer2 (HttpServer2.java:addFilter(1013)) - Added filter static_user_filter (class=org.apache.hadoop.http.lib.StaticUserWebFilter$StaticUserFilter) to context logs
2022-06-27 16:55:20,519 [Listener at 127.0.0.1/39955] INFO  http.HttpServer2 (HttpServer2.java:bindListener(1248)) - Jetty bound to port 46143
2022-06-27 16:55:20,520 [Listener at 127.0.0.1/39955] INFO  server.Server (Server.java:doStart(375)) - jetty-9.4.43.v20210629; built: 2021-06-30T11:07:22.254Z; git: 526006ecfa3af7f1a27ef3a288e2bef7ea9dd7e8; jvm 1.8.0_332-b09
2022-06-27 16:55:20,522 [Listener at 127.0.0.1/39955] INFO  server.session (DefaultSessionIdManager.java:doStart(334)) - DefaultSessionIdManager workerName=node0
2022-06-27 16:55:20,522 [Listener at 127.0.0.1/39955] INFO  server.session (DefaultSessionIdManager.java:doStart(339)) - No SessionScavenger set, using defaults
2022-06-27 16:55:20,522 [Listener at 127.0.0.1/39955] INFO  server.session (HouseKeeper.java:startScavenging(132)) - node0 Scavenging every 660000ms
2022-06-27 16:55:20,523 [Listener at 127.0.0.1/39955] INFO  handler.ContextHandler (ContextHandler.java:doStart(915)) - Started o.e.j.s.ServletContextHandler@34e7b058{logs,/logs,file:///home/runner/work/ozone/ozone/hadoop-ozone/integration-test/target/log,AVAILABLE}
2022-06-27 16:55:20,523 [Listener at 127.0.0.1/39955] INFO  handler.ContextHandler (ContextHandler.java:doStart(915)) - Started o.e.j.s.ServletContextHandler@3e4bca9{static,/static,jar:file:/home/runner/.m2/repository/org/apache/ozone/hdds-container-service/1.3.0-SNAPSHOT/hdds-container-service-1.3.0-SNAPSHOT.jar!/webapps/static,AVAILABLE}
2022-06-27 16:55:20,724 [Listener at 127.0.0.1/39955] INFO  handler.ContextHandler (ContextHandler.java:doStart(915)) - Started o.e.j.w.WebAppContext@158c9da0{hddsDatanode,/,file:///tmp/jetty-0_0_0_0-46143-hdds-container-service-1_3_0-SNAPSHOT_jar-_-any-5222253564484606528/webapp/,AVAILABLE}{jar:file:/home/runner/.m2/repository/org/apache/ozone/hdds-container-service/1.3.0-SNAPSHOT/hdds-container-service-1.3.0-SNAPSHOT.jar!/webapps/hddsDatanode}
2022-06-27 16:55:20,731 [Listener at 127.0.0.1/39955] INFO  server.AbstractConnector (AbstractConnector.java:doStart(331)) - Started ServerConnector@251c5444{HTTP/1.1, (http/1.1)}{0.0.0.0:46143}
2022-06-27 16:55:20,732 [Listener at 127.0.0.1/39955] INFO  server.Server (Server.java:doStart(415)) - Started @77626ms
2022-06-27 16:55:20,732 [Listener at 127.0.0.1/39955] WARN  impl.MetricsSystemImpl (MetricsSystemImpl.java:register(279)) - Sink prometheus already exists!
2022-06-27 16:55:20,735 [Listener at 127.0.0.1/39955] INFO  http.BaseHttpServer (BaseHttpServer.java:updateConnectorAddress(329)) - HTTP server of hddsDatanode listening at http://0.0.0.0:46143
2022-06-27 16:55:20,736 [Listener at 127.0.0.1/39955] WARN  impl.MetricRegistriesImpl (MetricRegistriesImpl.java:addReporterRegistration(111)) - New reporters are added after registries were created. Some metrics will be missing from the reporter. Please add reporter before adding any new registry.
2022-06-27 16:55:20,736 [Listener at 127.0.0.1/39955] WARN  impl.MetricRegistriesImpl (MetricRegistriesImpl.java:addReporterRegistration(111)) - New reporters are added after registries were created. Some metrics will be missing from the reporter. Please add reporter before adding any new registry.
2022-06-27 16:55:20,736 [Listener at 127.0.0.1/39955] INFO  impl.MetricsSystemImpl (MetricsSystemImpl.java:init(158)) - HddsDatanode metrics system started (again)
2022-06-27 16:55:20,741 [Datanode State Machine Daemon Thread] INFO  statemachine.DatanodeStateMachine (DatanodeStateMachine.java:lambda$startDaemon$0(492)) - Ozone container server started.
2022-06-27 16:55:20,755 [Listener at 127.0.0.1/39955] INFO  ozone.HddsDatanodeService (HddsDatanodeService.java:start(236)) - HddsDatanodeService host:fv-az215-30.fk02tkdpp51uda4i120yanydqb.bx.internal.cloudapp.net ip:10.1.0.22
2022-06-27 16:55:20,769 [org.apache.hadoop.util.JvmPauseMonitor$Monitor@2dca54ba] INFO  util.JvmPauseMonitor (JvmPauseMonitor.java:run(188)) - Starting JVM pause monitor
2022-06-27 16:55:20,774 [Datanode State Machine Task Thread - 0] INFO  datanode.InitDatanodeState (InitDatanodeState.java:persistContainerDatanodeDetails(138)) - DatanodeDetails is persisted to /home/runner/work/ozone/ozone/hadoop-ozone/integration-test/target/test-dir/MiniOzoneClusterImpl-d171279b-4677-4c73-a7d6-55d9627e9d51/datanode-3/meta/datanode.id
2022-06-27 16:55:20,793 [Listener at 127.0.0.1/39955] INFO  upgrade.AbstractLayoutVersionManager (AbstractLayoutVersionManager.java:init(82)) - Initializing Layout version manager with metadata layout = DATANODE_SCHEMA_V3 (version = 4), software layout = DATANODE_SCHEMA_V3 (version = 4)
2022-06-27 16:55:20,843 [Listener at 127.0.0.1/39955] INFO  reflections.Reflections (Reflections.java:scan(232)) - Reflections took 46 ms to scan 7 urls, producing 131 keys and 316 values 
2022-06-27 16:55:20,844 [Listener at 127.0.0.1/39955] INFO  statemachine.DatanodeStateMachine (DatanodeStateMachine.java:getEndPointTaskThreadPoolSize(237)) - Datanode State Machine Task Thread Pool size 2
2022-06-27 16:55:20,848 [Listener at 127.0.0.1/39955] INFO  volume.HddsVolume (HddsVolume.java:<init>(116)) - Creating HddsVolume: /home/runner/work/ozone/ozone/hadoop-ozone/integration-test/target/test-dir/MiniOzoneClusterImpl-d171279b-4677-4c73-a7d6-55d9627e9d51/datanode-4/data-0/containers/hdds of storage type : DISK capacity : 9223372036854775807
2022-06-27 16:55:20,849 [Listener at 127.0.0.1/39955] INFO  volume.MutableVolumeSet (MutableVolumeSet.java:initializeVolumeSet(174)) - Added Volume : /home/runner/work/ozone/ozone/hadoop-ozone/integration-test/target/test-dir/MiniOzoneClusterImpl-d171279b-4677-4c73-a7d6-55d9627e9d51/datanode-4/data-0/containers/hdds to VolumeSet
2022-06-27 16:55:20,849 [Listener at 127.0.0.1/39955] INFO  volume.ThrottledAsyncChecker (ThrottledAsyncChecker.java:schedule(141)) - Scheduling a check for /home/runner/work/ozone/ozone/hadoop-ozone/integration-test/target/test-dir/MiniOzoneClusterImpl-d171279b-4677-4c73-a7d6-55d9627e9d51/datanode-4/data-0/containers/hdds
2022-06-27 16:55:20,850 [Listener at 127.0.0.1/39955] INFO  volume.StorageVolumeChecker (StorageVolumeChecker.java:checkAllVolumes(202)) - Scheduled health check for volume /home/runner/work/ozone/ozone/hadoop-ozone/integration-test/target/test-dir/MiniOzoneClusterImpl-d171279b-4677-4c73-a7d6-55d9627e9d51/datanode-4/data-0/containers/hdds
2022-06-27 16:55:20,862 [Listener at 127.0.0.1/39955] INFO  volume.MutableVolumeSet (MutableVolumeSet.java:initializeVolumeSet(174)) - Added Volume : /home/runner/work/ozone/ozone/hadoop-ozone/integration-test/target/test-dir/MiniOzoneClusterImpl-d171279b-4677-4c73-a7d6-55d9627e9d51/datanode-4/data/ratis to VolumeSet
2022-06-27 16:55:20,862 [Listener at 127.0.0.1/39955] INFO  volume.ThrottledAsyncChecker (ThrottledAsyncChecker.java:schedule(141)) - Scheduling a check for /home/runner/work/ozone/ozone/hadoop-ozone/integration-test/target/test-dir/MiniOzoneClusterImpl-d171279b-4677-4c73-a7d6-55d9627e9d51/datanode-4/data/ratis
2022-06-27 16:55:20,862 [Listener at 127.0.0.1/39955] INFO  volume.StorageVolumeChecker (StorageVolumeChecker.java:checkAllVolumes(202)) - Scheduled health check for volume /home/runner/work/ozone/ozone/hadoop-ozone/integration-test/target/test-dir/MiniOzoneClusterImpl-d171279b-4677-4c73-a7d6-55d9627e9d51/datanode-4/data/ratis
2022-06-27 16:55:20,874 [Thread-684] INFO  ozoneimpl.ContainerReader (ContainerReader.java:readVolume(172)) - Finish verifying containers on volume /home/runner/work/ozone/ozone/hadoop-ozone/integration-test/target/test-dir/MiniOzoneClusterImpl-d171279b-4677-4c73-a7d6-55d9627e9d51/datanode-4/data-0/containers/hdds
2022-06-27 16:55:20,874 [Listener at 127.0.0.1/39955] INFO  ozoneimpl.OzoneContainer (OzoneContainer.java:buildContainerSet(266)) - Build ContainerSet costs 0s
2022-06-27 16:55:20,876 [Listener at 127.0.0.1/39955] INFO  server.RaftServer (ConfUtils.java:logGet(46)) - raft.rpc.type = GRPC (default)
2022-06-27 16:55:20,876 [Listener at 127.0.0.1/39955] INFO  grpc.GrpcFactory (GrpcFactory.java:checkPooledByteBufAllocatorUseCacheForAllThreads(48)) - PERFORMANCE WARNING: useCacheForAllThreads is true that may cause Netty to create a lot garbage objects and, as a result, trigger GC.
	It is recommended to disable useCacheForAllThreads by setting -Dorg.apache.ratis.thirdparty.io.netty.allocator.useCacheForAllThreads=false in command line.
2022-06-27 16:55:20,876 [Listener at 127.0.0.1/39955] INFO  grpc.GrpcConfigKeys (ConfUtils.java:logGet(46)) - raft.grpc.admin.port = 0 (custom)
2022-06-27 16:55:20,876 [Listener at 127.0.0.1/39955] INFO  grpc.GrpcConfigKeys (ConfUtils.java:logGet(46)) - raft.grpc.client.port = 0 (custom)
2022-06-27 16:55:20,876 [Listener at 127.0.0.1/39955] INFO  grpc.GrpcConfigKeys (ConfUtils.java:logGet(46)) - raft.grpc.server.port = 0 (default)
2022-06-27 16:55:20,876 [Listener at 127.0.0.1/39955] INFO  server.GrpcService (ConfUtils.java:logGet(46)) - raft.grpc.message.size.max = 32MB (=33554432) (custom)
2022-06-27 16:55:20,876 [Listener at 127.0.0.1/39955] INFO  server.RaftServerConfigKeys (ConfUtils.java:logGet(46)) - raft.server.log.appender.buffer.byte-limit = 33554432 (custom)
2022-06-27 16:55:20,876 [Listener at 127.0.0.1/39955] INFO  server.GrpcService (ConfUtils.java:logGet(46)) - raft.grpc.flow.control.window = 5MB (=5242880) (custom)
2022-06-27 16:55:20,876 [Listener at 127.0.0.1/39955] INFO  server.RaftServerConfigKeys (ConfUtils.java:logGet(46)) - raft.server.rpc.request.timeout = 60s (custom)
2022-06-27 16:55:20,876 [Listener at 127.0.0.1/39955] INFO  grpc.GrpcConfigKeys (ConfUtils.java:logGet(46)) - raft.grpc.server.async.request.thread.pool.cached = true (default)
2022-06-27 16:55:20,876 [Listener at 127.0.0.1/39955] INFO  grpc.GrpcConfigKeys (ConfUtils.java:logGet(46)) - raft.grpc.server.async.request.thread.pool.size = 32 (default)
2022-06-27 16:55:20,882 [Listener at 127.0.0.1/39955] INFO  impl.DataStreamServerImpl (ConfUtils.java:logGet(46)) - raft.datastream.type = DISABLED (default)
2022-06-27 16:55:20,882 [Listener at 127.0.0.1/39955] INFO  server.RaftServerConfigKeys (ConfUtils.java:logGet(46)) - raft.server.threadpool.proxy.cached = true (default)
2022-06-27 16:55:20,883 [Listener at 127.0.0.1/39955] INFO  server.RaftServerConfigKeys (ConfUtils.java:logGet(46)) - raft.server.threadpool.proxy.size = 0 (default)
2022-06-27 16:55:20,883 [Listener at 127.0.0.1/39955] INFO  server.RaftServerConfigKeys (ConfUtils.java:logGet(46)) - raft.server.rpc.slowness.timeout = 300s (custom)
2022-06-27 16:55:20,883 [Listener at 127.0.0.1/39955] INFO  server.RaftServerConfigKeys (ConfUtils.java:logGet(46)) - raft.server.leaderelection.leader.step-down.wait-time = 10s (default)
2022-06-27 16:55:20,883 [Listener at 127.0.0.1/39955] INFO  server.RaftServerConfigKeys (ConfUtils.java:logGet(46)) - raft.server.storage.dir = [/home/runner/work/ozone/ozone/hadoop-ozone/integration-test/target/test-dir/MiniOzoneClusterImpl-d171279b-4677-4c73-a7d6-55d9627e9d51/datanode-4/data/ratis] (custom)
2022-06-27 16:55:20,890 [Listener at 127.0.0.1/39955] INFO  server.XceiverServerGrpc (XceiverServerGrpc.java:<init>(132)) - GrpcServer channel type EpollServerSocketChannel
2022-06-27 16:55:20,897 [Listener at 127.0.0.1/39955] INFO  http.BaseHttpServer (BaseHttpServer.java:newHttpServer2BuilderForOzone(209)) - Starting Web-server for hddsDatanode at: http://0.0.0.0:0
2022-06-27 16:55:20,897 [Listener at 127.0.0.1/39955] INFO  http.BaseHttpServer (BaseHttpServer.java:<init>(107)) - Hadoop Security Enabled: false Ozone Security Enabled: false Ozone HTTP Security Enabled: false 
2022-06-27 16:55:20,898 [Listener at 127.0.0.1/39955] INFO  server.AuthenticationFilter (AuthenticationFilter.java:constructSecretProvider(240)) - Unable to initialize FileSignerSecretProvider, falling back to use random secrets.
2022-06-27 16:55:20,901 [Listener at 127.0.0.1/39955] WARN  http.HttpRequestLog (HttpRequestLog.java:getRequestLog(103)) - Jetty request log can only be enabled using Log4j
2022-06-27 16:55:20,902 [Listener at 127.0.0.1/39955] INFO  http.HttpServer2 (HttpServer2.java:addGlobalFilter(1029)) - Added global filter 'safety' (class=org.apache.hadoop.hdds.server.http.HttpServer2$QuotingInputFilter)
2022-06-27 16:55:20,902 [Listener at 127.0.0.1/39955] INFO  http.HttpServer2 (HttpServer2.java:addFilter(1005)) - Added filter static_user_filter (class=org.apache.hadoop.http.lib.StaticUserWebFilter$StaticUserFilter) to context hddsDatanode
2022-06-27 16:55:20,902 [Listener at 127.0.0.1/39955] INFO  http.HttpServer2 (HttpServer2.java:addFilter(1013)) - Added filter static_user_filter (class=org.apache.hadoop.http.lib.StaticUserWebFilter$StaticUserFilter) to context static
2022-06-27 16:55:20,902 [Listener at 127.0.0.1/39955] INFO  http.HttpServer2 (HttpServer2.java:addFilter(1013)) - Added filter static_user_filter (class=org.apache.hadoop.http.lib.StaticUserWebFilter$StaticUserFilter) to context logs
2022-06-27 16:55:20,903 [Listener at 127.0.0.1/39955] INFO  http.HttpServer2 (HttpServer2.java:bindListener(1248)) - Jetty bound to port 38427
2022-06-27 16:55:20,903 [Listener at 127.0.0.1/39955] INFO  server.Server (Server.java:doStart(375)) - jetty-9.4.43.v20210629; built: 2021-06-30T11:07:22.254Z; git: 526006ecfa3af7f1a27ef3a288e2bef7ea9dd7e8; jvm 1.8.0_332-b09
2022-06-27 16:55:20,937 [Listener at 127.0.0.1/39955] INFO  server.session (DefaultSessionIdManager.java:doStart(334)) - DefaultSessionIdManager workerName=node0
2022-06-27 16:55:20,937 [Listener at 127.0.0.1/39955] INFO  server.session (DefaultSessionIdManager.java:doStart(339)) - No SessionScavenger set, using defaults
2022-06-27 16:55:20,938 [Listener at 127.0.0.1/39955] INFO  server.session (HouseKeeper.java:startScavenging(132)) - node0 Scavenging every 660000ms
2022-06-27 16:55:20,940 [Listener at 127.0.0.1/39955] INFO  handler.ContextHandler (ContextHandler.java:doStart(915)) - Started o.e.j.s.ServletContextHandler@596efec0{logs,/logs,file:///home/runner/work/ozone/ozone/hadoop-ozone/integration-test/target/log,AVAILABLE}
2022-06-27 16:55:20,941 [Listener at 127.0.0.1/39955] INFO  handler.ContextHandler (ContextHandler.java:doStart(915)) - Started o.e.j.s.ServletContextHandler@73de872d{static,/static,jar:file:/home/runner/.m2/repository/org/apache/ozone/hdds-container-service/1.3.0-SNAPSHOT/hdds-container-service-1.3.0-SNAPSHOT.jar!/webapps/static,AVAILABLE}
2022-06-27 16:55:21,180 [Listener at 127.0.0.1/39955] INFO  handler.ContextHandler (ContextHandler.java:doStart(915)) - Started o.e.j.w.WebAppContext@96dab72{hddsDatanode,/,file:///tmp/jetty-0_0_0_0-38427-hdds-container-service-1_3_0-SNAPSHOT_jar-_-any-8579814548562768077/webapp/,AVAILABLE}{jar:file:/home/runner/.m2/repository/org/apache/ozone/hdds-container-service/1.3.0-SNAPSHOT/hdds-container-service-1.3.0-SNAPSHOT.jar!/webapps/hddsDatanode}
2022-06-27 16:55:21,182 [Listener at 127.0.0.1/39955] INFO  server.AbstractConnector (AbstractConnector.java:doStart(331)) - Started ServerConnector@21482b3f{HTTP/1.1, (http/1.1)}{0.0.0.0:38427}
2022-06-27 16:55:21,182 [Listener at 127.0.0.1/39955] INFO  server.Server (Server.java:doStart(415)) - Started @78076ms
2022-06-27 16:55:21,182 [Listener at 127.0.0.1/39955] WARN  impl.MetricsSystemImpl (MetricsSystemImpl.java:register(279)) - Sink prometheus already exists!
2022-06-27 16:55:21,182 [Listener at 127.0.0.1/39955] INFO  http.BaseHttpServer (BaseHttpServer.java:updateConnectorAddress(329)) - HTTP server of hddsDatanode listening at http://0.0.0.0:38427
2022-06-27 16:55:21,183 [Listener at 127.0.0.1/39955] INFO  ozone.MiniOzoneClusterImpl (MiniOzoneClusterImpl.java:lambda$waitForClusterToBeReady$0(223)) - Waiting for nodes to be ready. Got 0 of 5 DN Heartbeats.
2022-06-27 16:55:21,183 [Listener at 127.0.0.1/39955] INFO  ozone.MiniOzoneClusterImpl (MiniOzoneClusterImpl.java:lambda$waitForClusterToBeReady$0(226)) - Waiting for cluster to exit safe mode
2022-06-27 16:55:21,183 [Listener at 127.0.0.1/39955] INFO  ozone.MiniOzoneClusterImpl (MiniOzoneClusterImpl.java:lambda$waitForClusterToBeReady$0(228)) - SCM became leader
2022-06-27 16:55:21,184 [Datanode State Machine Daemon Thread] INFO  statemachine.DatanodeStateMachine (DatanodeStateMachine.java:lambda$startDaemon$0(492)) - Ozone container server started.
2022-06-27 16:55:21,233 [org.apache.hadoop.util.JvmPauseMonitor$Monitor@39c3bb40] INFO  util.JvmPauseMonitor (JvmPauseMonitor.java:run(188)) - Starting JVM pause monitor
2022-06-27 16:55:21,241 [Datanode State Machine Task Thread - 0] INFO  datanode.InitDatanodeState (InitDatanodeState.java:persistContainerDatanodeDetails(138)) - DatanodeDetails is persisted to /home/runner/work/ozone/ozone/hadoop-ozone/integration-test/target/test-dir/MiniOzoneClusterImpl-d171279b-4677-4c73-a7d6-55d9627e9d51/datanode-4/meta/datanode.id
2022-06-27 16:55:21,500 [EndpointStateMachine task thread for /0.0.0.0:33583 - 0 ] INFO  volume.HddsVolume (HddsVolume.java:createDbStore(309)) - SchemaV3 db is created and loaded at /home/runner/work/ozone/ozone/hadoop-ozone/integration-test/target/test-dir/MiniOzoneClusterImpl-d171279b-4677-4c73-a7d6-55d9627e9d51/datanode-0/data-0/containers/hdds/d171279b-4677-4c73-a7d6-55d9627e9d51/DS-9d444e43-a9c4-406a-b0b3-70dbe0d6742c/container.db for volume DS-9d444e43-a9c4-406a-b0b3-70dbe0d6742c
2022-06-27 16:55:21,509 [EndpointStateMachine task thread for /0.0.0.0:33583 - 0 ] INFO  volume.HddsVolume (HddsVolume.java:closeDbStore(340)) - SchemaV3 db is stopped at /home/runner/work/ozone/ozone/hadoop-ozone/integration-test/target/test-dir/MiniOzoneClusterImpl-d171279b-4677-4c73-a7d6-55d9627e9d51/datanode-0/data-0/containers/hdds/d171279b-4677-4c73-a7d6-55d9627e9d51/DS-9d444e43-a9c4-406a-b0b3-70dbe0d6742c/container.db for volume DS-9d444e43-a9c4-406a-b0b3-70dbe0d6742c
2022-06-27 16:55:21,509 [EndpointStateMachine task thread for /0.0.0.0:33583 - 0 ] INFO  ozoneimpl.OzoneContainer (OzoneContainer.java:start(344)) - Attempting to start container services.
2022-06-27 16:55:21,509 [EndpointStateMachine task thread for /0.0.0.0:33583 - 0 ] INFO  ozoneimpl.OzoneContainer (OzoneContainer.java:startContainerScrub(279)) - Background container scanner has been disabled.
2022-06-27 16:55:21,513 [EndpointStateMachine task thread for /0.0.0.0:33583 - 0 ] INFO  replication.ReplicationServer (ReplicationServer.java:start(111)) - ReplicationServer is started using port 38187
2022-06-27 16:55:21,521 [EndpointStateMachine task thread for /0.0.0.0:33583 - 0 ] INFO  ratis.XceiverServerRatis (XceiverServerRatis.java:start(481)) - Starting XceiverServerRatis e3b02d69-2174-44c4-baa7-18bae5c8063e
2022-06-27 16:55:21,531 [EndpointStateMachine task thread for /0.0.0.0:33583 - 0 ] INFO  server.RaftServer (RaftServerProxy.java:lambda$start$6(382)) - e3b02d69-2174-44c4-baa7-18bae5c8063e: start RPC server
2022-06-27 16:55:21,536 [EndpointStateMachine task thread for /0.0.0.0:33583 - 0 ] INFO  server.GrpcService (GrpcService.java:startImpl(260)) - e3b02d69-2174-44c4-baa7-18bae5c8063e: GrpcService started, listening on 34863
2022-06-27 16:55:21,536 [EndpointStateMachine task thread for /0.0.0.0:33583 - 0 ] INFO  ratis.XceiverServerRatis (XceiverServerRatis.java:getRealPort(502)) - XceiverServerRatis e3b02d69-2174-44c4-baa7-18bae5c8063e is started using port 34863 for RATIS
2022-06-27 16:55:21,536 [EndpointStateMachine task thread for /0.0.0.0:33583 - 0 ] INFO  ratis.XceiverServerRatis (XceiverServerRatis.java:getRealPort(502)) - XceiverServerRatis e3b02d69-2174-44c4-baa7-18bae5c8063e is started using port 34863 for RATIS_ADMIN
2022-06-27 16:55:21,536 [EndpointStateMachine task thread for /0.0.0.0:33583 - 0 ] INFO  ratis.XceiverServerRatis (XceiverServerRatis.java:getRealPort(502)) - XceiverServerRatis e3b02d69-2174-44c4-baa7-18bae5c8063e is started using port 34863 for RATIS_SERVER
2022-06-27 16:55:21,536 [org.apache.ratis.util.JvmPauseMonitor$$Lambda$611/5070432@5d989874] INFO  util.JvmPauseMonitor (JvmPauseMonitor.java:run(103)) - JvmPauseMonitor-e3b02d69-2174-44c4-baa7-18bae5c8063e: Started
2022-06-27 16:55:21,557 [EndpointStateMachine task thread for /0.0.0.0:33583 - 0 ] INFO  server.XceiverServerGrpc (XceiverServerGrpc.java:start(180)) - XceiverServerGrpc e3b02d69-2174-44c4-baa7-18bae5c8063e is started using port 34753
2022-06-27 16:55:22,009 [EndpointStateMachine task thread for /0.0.0.0:33583 - 0 ] INFO  volume.HddsVolume (HddsVolume.java:createDbStore(309)) - SchemaV3 db is created and loaded at /home/runner/work/ozone/ozone/hadoop-ozone/integration-test/target/test-dir/MiniOzoneClusterImpl-d171279b-4677-4c73-a7d6-55d9627e9d51/datanode-1/data-0/containers/hdds/d171279b-4677-4c73-a7d6-55d9627e9d51/DS-e874ec23-4d98-4bf6-b398-4a41c859550e/container.db for volume DS-e874ec23-4d98-4bf6-b398-4a41c859550e
2022-06-27 16:55:22,009 [EndpointStateMachine task thread for /0.0.0.0:33583 - 0 ] INFO  volume.HddsVolume (HddsVolume.java:closeDbStore(340)) - SchemaV3 db is stopped at /home/runner/work/ozone/ozone/hadoop-ozone/integration-test/target/test-dir/MiniOzoneClusterImpl-d171279b-4677-4c73-a7d6-55d9627e9d51/datanode-1/data-0/containers/hdds/d171279b-4677-4c73-a7d6-55d9627e9d51/DS-e874ec23-4d98-4bf6-b398-4a41c859550e/container.db for volume DS-e874ec23-4d98-4bf6-b398-4a41c859550e
2022-06-27 16:55:22,009 [EndpointStateMachine task thread for /0.0.0.0:33583 - 0 ] INFO  ozoneimpl.OzoneContainer (OzoneContainer.java:start(344)) - Attempting to start container services.
2022-06-27 16:55:22,009 [EndpointStateMachine task thread for /0.0.0.0:33583 - 0 ] INFO  ozoneimpl.OzoneContainer (OzoneContainer.java:startContainerScrub(279)) - Background container scanner has been disabled.
2022-06-27 16:55:22,017 [EndpointStateMachine task thread for /0.0.0.0:33583 - 0 ] INFO  replication.ReplicationServer (ReplicationServer.java:start(111)) - ReplicationServer is started using port 42237
2022-06-27 16:55:22,025 [EndpointStateMachine task thread for /0.0.0.0:33583 - 0 ] INFO  ratis.XceiverServerRatis (XceiverServerRatis.java:start(481)) - Starting XceiverServerRatis 6005e4a5-b457-424c-9515-b1921d45a496
2022-06-27 16:55:22,041 [EndpointStateMachine task thread for /0.0.0.0:33583 - 0 ] INFO  server.RaftServer (RaftServerProxy.java:lambda$start$6(382)) - 6005e4a5-b457-424c-9515-b1921d45a496: start RPC server
2022-06-27 16:55:22,058 [EndpointStateMachine task thread for /0.0.0.0:33583 - 0 ] INFO  server.GrpcService (GrpcService.java:startImpl(260)) - 6005e4a5-b457-424c-9515-b1921d45a496: GrpcService started, listening on 45857
2022-06-27 16:55:22,058 [EndpointStateMachine task thread for /0.0.0.0:33583 - 0 ] INFO  ratis.XceiverServerRatis (XceiverServerRatis.java:getRealPort(502)) - XceiverServerRatis 6005e4a5-b457-424c-9515-b1921d45a496 is started using port 45857 for RATIS
2022-06-27 16:55:22,058 [EndpointStateMachine task thread for /0.0.0.0:33583 - 0 ] INFO  ratis.XceiverServerRatis (XceiverServerRatis.java:getRealPort(502)) - XceiverServerRatis 6005e4a5-b457-424c-9515-b1921d45a496 is started using port 45857 for RATIS_ADMIN
2022-06-27 16:55:22,058 [EndpointStateMachine task thread for /0.0.0.0:33583 - 0 ] INFO  ratis.XceiverServerRatis (XceiverServerRatis.java:getRealPort(502)) - XceiverServerRatis 6005e4a5-b457-424c-9515-b1921d45a496 is started using port 45857 for RATIS_SERVER
2022-06-27 16:55:22,069 [org.apache.ratis.util.JvmPauseMonitor$$Lambda$611/5070432@1de9d152] INFO  util.JvmPauseMonitor (JvmPauseMonitor.java:run(103)) - JvmPauseMonitor-6005e4a5-b457-424c-9515-b1921d45a496: Started
2022-06-27 16:55:22,079 [EndpointStateMachine task thread for /0.0.0.0:33583 - 0 ] INFO  server.XceiverServerGrpc (XceiverServerGrpc.java:start(180)) - XceiverServerGrpc 6005e4a5-b457-424c-9515-b1921d45a496 is started using port 35149
2022-06-27 16:55:22,183 [Listener at 127.0.0.1/39955] INFO  ozone.MiniOzoneClusterImpl (MiniOzoneClusterImpl.java:lambda$waitForClusterToBeReady$0(223)) - Waiting for nodes to be ready. Got 0 of 5 DN Heartbeats.
2022-06-27 16:55:22,183 [Listener at 127.0.0.1/39955] INFO  ozone.MiniOzoneClusterImpl (MiniOzoneClusterImpl.java:lambda$waitForClusterToBeReady$0(226)) - Waiting for cluster to exit safe mode
2022-06-27 16:55:22,183 [Listener at 127.0.0.1/39955] INFO  ozone.MiniOzoneClusterImpl (MiniOzoneClusterImpl.java:lambda$waitForClusterToBeReady$0(228)) - SCM became leader
2022-06-27 16:55:22,408 [EndpointStateMachine task thread for /0.0.0.0:33583 - 0 ] INFO  volume.HddsVolume (HddsVolume.java:createDbStore(309)) - SchemaV3 db is created and loaded at /home/runner/work/ozone/ozone/hadoop-ozone/integration-test/target/test-dir/MiniOzoneClusterImpl-d171279b-4677-4c73-a7d6-55d9627e9d51/datanode-2/data-0/containers/hdds/d171279b-4677-4c73-a7d6-55d9627e9d51/DS-5d1a5727-a5b0-4643-85f8-1eb38aee8e94/container.db for volume DS-5d1a5727-a5b0-4643-85f8-1eb38aee8e94
2022-06-27 16:55:22,408 [EndpointStateMachine task thread for /0.0.0.0:33583 - 0 ] INFO  volume.HddsVolume (HddsVolume.java:closeDbStore(340)) - SchemaV3 db is stopped at /home/runner/work/ozone/ozone/hadoop-ozone/integration-test/target/test-dir/MiniOzoneClusterImpl-d171279b-4677-4c73-a7d6-55d9627e9d51/datanode-2/data-0/containers/hdds/d171279b-4677-4c73-a7d6-55d9627e9d51/DS-5d1a5727-a5b0-4643-85f8-1eb38aee8e94/container.db for volume DS-5d1a5727-a5b0-4643-85f8-1eb38aee8e94
2022-06-27 16:55:22,408 [EndpointStateMachine task thread for /0.0.0.0:33583 - 0 ] INFO  ozoneimpl.OzoneContainer (OzoneContainer.java:start(344)) - Attempting to start container services.
2022-06-27 16:55:22,408 [EndpointStateMachine task thread for /0.0.0.0:33583 - 0 ] INFO  ozoneimpl.OzoneContainer (OzoneContainer.java:startContainerScrub(279)) - Background container scanner has been disabled.
2022-06-27 16:55:22,414 [EndpointStateMachine task thread for /0.0.0.0:33583 - 0 ] INFO  replication.ReplicationServer (ReplicationServer.java:start(111)) - ReplicationServer is started using port 39463
2022-06-27 16:55:22,417 [EndpointStateMachine task thread for /0.0.0.0:33583 - 0 ] INFO  ratis.XceiverServerRatis (XceiverServerRatis.java:start(481)) - Starting XceiverServerRatis aff9d3c6-0a22-4090-bc43-74b57d8145ab
2022-06-27 16:55:22,417 [EndpointStateMachine task thread for /0.0.0.0:33583 - 0 ] INFO  server.RaftServer (RaftServerProxy.java:lambda$start$6(382)) - aff9d3c6-0a22-4090-bc43-74b57d8145ab: start RPC server
2022-06-27 16:55:22,429 [EndpointStateMachine task thread for /0.0.0.0:33583 - 0 ] INFO  server.GrpcService (GrpcService.java:startImpl(260)) - aff9d3c6-0a22-4090-bc43-74b57d8145ab: GrpcService started, listening on 36293
2022-06-27 16:55:22,429 [EndpointStateMachine task thread for /0.0.0.0:33583 - 0 ] INFO  ratis.XceiverServerRatis (XceiverServerRatis.java:getRealPort(502)) - XceiverServerRatis aff9d3c6-0a22-4090-bc43-74b57d8145ab is started using port 36293 for RATIS
2022-06-27 16:55:22,429 [EndpointStateMachine task thread for /0.0.0.0:33583 - 0 ] INFO  ratis.XceiverServerRatis (XceiverServerRatis.java:getRealPort(502)) - XceiverServerRatis aff9d3c6-0a22-4090-bc43-74b57d8145ab is started using port 36293 for RATIS_ADMIN
2022-06-27 16:55:22,429 [EndpointStateMachine task thread for /0.0.0.0:33583 - 0 ] INFO  ratis.XceiverServerRatis (XceiverServerRatis.java:getRealPort(502)) - XceiverServerRatis aff9d3c6-0a22-4090-bc43-74b57d8145ab is started using port 36293 for RATIS_SERVER
2022-06-27 16:55:22,432 [org.apache.ratis.util.JvmPauseMonitor$$Lambda$611/5070432@21c9c26f] INFO  util.JvmPauseMonitor (JvmPauseMonitor.java:run(103)) - JvmPauseMonitor-aff9d3c6-0a22-4090-bc43-74b57d8145ab: Started
2022-06-27 16:55:22,437 [EndpointStateMachine task thread for /0.0.0.0:33583 - 0 ] INFO  server.XceiverServerGrpc (XceiverServerGrpc.java:start(180)) - XceiverServerGrpc aff9d3c6-0a22-4090-bc43-74b57d8145ab is started using port 41913
2022-06-27 16:55:22,803 [EndpointStateMachine task thread for /0.0.0.0:33583 - 0 ] INFO  volume.HddsVolume (HddsVolume.java:createDbStore(309)) - SchemaV3 db is created and loaded at /home/runner/work/ozone/ozone/hadoop-ozone/integration-test/target/test-dir/MiniOzoneClusterImpl-d171279b-4677-4c73-a7d6-55d9627e9d51/datanode-3/data-0/containers/hdds/d171279b-4677-4c73-a7d6-55d9627e9d51/DS-ebfbf5f5-c351-428f-b56e-c0d5443b4d6f/container.db for volume DS-ebfbf5f5-c351-428f-b56e-c0d5443b4d6f
2022-06-27 16:55:22,804 [EndpointStateMachine task thread for /0.0.0.0:33583 - 0 ] INFO  volume.HddsVolume (HddsVolume.java:closeDbStore(340)) - SchemaV3 db is stopped at /home/runner/work/ozone/ozone/hadoop-ozone/integration-test/target/test-dir/MiniOzoneClusterImpl-d171279b-4677-4c73-a7d6-55d9627e9d51/datanode-3/data-0/containers/hdds/d171279b-4677-4c73-a7d6-55d9627e9d51/DS-ebfbf5f5-c351-428f-b56e-c0d5443b4d6f/container.db for volume DS-ebfbf5f5-c351-428f-b56e-c0d5443b4d6f
2022-06-27 16:55:22,804 [EndpointStateMachine task thread for /0.0.0.0:33583 - 0 ] INFO  ozoneimpl.OzoneContainer (OzoneContainer.java:start(344)) - Attempting to start container services.
2022-06-27 16:55:22,804 [EndpointStateMachine task thread for /0.0.0.0:33583 - 0 ] INFO  ozoneimpl.OzoneContainer (OzoneContainer.java:startContainerScrub(279)) - Background container scanner has been disabled.
2022-06-27 16:55:22,813 [EndpointStateMachine task thread for /0.0.0.0:33583 - 0 ] INFO  replication.ReplicationServer (ReplicationServer.java:start(111)) - ReplicationServer is started using port 39113
2022-06-27 16:55:22,814 [EndpointStateMachine task thread for /0.0.0.0:33583 - 0 ] INFO  ratis.XceiverServerRatis (XceiverServerRatis.java:start(481)) - Starting XceiverServerRatis b12315fd-d627-47ef-b7c0-caf98a3d616b
2022-06-27 16:55:22,821 [EndpointStateMachine task thread for /0.0.0.0:33583 - 0 ] INFO  server.RaftServer (RaftServerProxy.java:lambda$start$6(382)) - b12315fd-d627-47ef-b7c0-caf98a3d616b: start RPC server
2022-06-27 16:55:22,829 [EndpointStateMachine task thread for /0.0.0.0:33583 - 0 ] INFO  server.GrpcService (GrpcService.java:startImpl(260)) - b12315fd-d627-47ef-b7c0-caf98a3d616b: GrpcService started, listening on 44783
2022-06-27 16:55:22,830 [EndpointStateMachine task thread for /0.0.0.0:33583 - 0 ] INFO  ratis.XceiverServerRatis (XceiverServerRatis.java:getRealPort(502)) - XceiverServerRatis b12315fd-d627-47ef-b7c0-caf98a3d616b is started using port 44783 for RATIS
2022-06-27 16:55:22,830 [EndpointStateMachine task thread for /0.0.0.0:33583 - 0 ] INFO  ratis.XceiverServerRatis (XceiverServerRatis.java:getRealPort(502)) - XceiverServerRatis b12315fd-d627-47ef-b7c0-caf98a3d616b is started using port 44783 for RATIS_ADMIN
2022-06-27 16:55:22,830 [EndpointStateMachine task thread for /0.0.0.0:33583 - 0 ] INFO  ratis.XceiverServerRatis (XceiverServerRatis.java:getRealPort(502)) - XceiverServerRatis b12315fd-d627-47ef-b7c0-caf98a3d616b is started using port 44783 for RATIS_SERVER
2022-06-27 16:55:22,830 [org.apache.ratis.util.JvmPauseMonitor$$Lambda$611/5070432@6864e1bc] INFO  util.JvmPauseMonitor (JvmPauseMonitor.java:run(103)) - JvmPauseMonitor-b12315fd-d627-47ef-b7c0-caf98a3d616b: Started
2022-06-27 16:55:22,849 [EndpointStateMachine task thread for /0.0.0.0:33583 - 0 ] INFO  server.XceiverServerGrpc (XceiverServerGrpc.java:start(180)) - XceiverServerGrpc b12315fd-d627-47ef-b7c0-caf98a3d616b is started using port 34657
2022-06-27 16:55:23,184 [Listener at 127.0.0.1/39955] INFO  ozone.MiniOzoneClusterImpl (MiniOzoneClusterImpl.java:lambda$waitForClusterToBeReady$0(223)) - Waiting for nodes to be ready. Got 0 of 5 DN Heartbeats.
2022-06-27 16:55:23,184 [Listener at 127.0.0.1/39955] INFO  ozone.MiniOzoneClusterImpl (MiniOzoneClusterImpl.java:lambda$waitForClusterToBeReady$0(226)) - Waiting for cluster to exit safe mode
2022-06-27 16:55:23,184 [Listener at 127.0.0.1/39955] INFO  ozone.MiniOzoneClusterImpl (MiniOzoneClusterImpl.java:lambda$waitForClusterToBeReady$0(228)) - SCM became leader
2022-06-27 16:55:23,268 [EndpointStateMachine task thread for /0.0.0.0:33583 - 0 ] INFO  volume.HddsVolume (HddsVolume.java:createDbStore(309)) - SchemaV3 db is created and loaded at /home/runner/work/ozone/ozone/hadoop-ozone/integration-test/target/test-dir/MiniOzoneClusterImpl-d171279b-4677-4c73-a7d6-55d9627e9d51/datanode-4/data-0/containers/hdds/d171279b-4677-4c73-a7d6-55d9627e9d51/DS-0dd0e6c5-d0cb-43fb-aa6d-29dc3dd22337/container.db for volume DS-0dd0e6c5-d0cb-43fb-aa6d-29dc3dd22337
2022-06-27 16:55:23,268 [EndpointStateMachine task thread for /0.0.0.0:33583 - 0 ] INFO  volume.HddsVolume (HddsVolume.java:closeDbStore(340)) - SchemaV3 db is stopped at /home/runner/work/ozone/ozone/hadoop-ozone/integration-test/target/test-dir/MiniOzoneClusterImpl-d171279b-4677-4c73-a7d6-55d9627e9d51/datanode-4/data-0/containers/hdds/d171279b-4677-4c73-a7d6-55d9627e9d51/DS-0dd0e6c5-d0cb-43fb-aa6d-29dc3dd22337/container.db for volume DS-0dd0e6c5-d0cb-43fb-aa6d-29dc3dd22337
2022-06-27 16:55:23,268 [EndpointStateMachine task thread for /0.0.0.0:33583 - 0 ] INFO  ozoneimpl.OzoneContainer (OzoneContainer.java:start(344)) - Attempting to start container services.
2022-06-27 16:55:23,268 [EndpointStateMachine task thread for /0.0.0.0:33583 - 0 ] INFO  ozoneimpl.OzoneContainer (OzoneContainer.java:startContainerScrub(279)) - Background container scanner has been disabled.
2022-06-27 16:55:23,278 [EndpointStateMachine task thread for /0.0.0.0:33583 - 0 ] INFO  replication.ReplicationServer (ReplicationServer.java:start(111)) - ReplicationServer is started using port 36123
2022-06-27 16:55:23,280 [EndpointStateMachine task thread for /0.0.0.0:33583 - 0 ] INFO  ratis.XceiverServerRatis (XceiverServerRatis.java:start(481)) - Starting XceiverServerRatis c918afda-6c60-4e35-b4d1-6219f177e5a0
2022-06-27 16:55:23,289 [EndpointStateMachine task thread for /0.0.0.0:33583 - 0 ] INFO  server.RaftServer (RaftServerProxy.java:lambda$start$6(382)) - c918afda-6c60-4e35-b4d1-6219f177e5a0: start RPC server
2022-06-27 16:55:23,291 [EndpointStateMachine task thread for /0.0.0.0:33583 - 0 ] INFO  server.GrpcService (GrpcService.java:startImpl(260)) - c918afda-6c60-4e35-b4d1-6219f177e5a0: GrpcService started, listening on 38637
2022-06-27 16:55:23,293 [EndpointStateMachine task thread for /0.0.0.0:33583 - 0 ] INFO  ratis.XceiverServerRatis (XceiverServerRatis.java:getRealPort(502)) - XceiverServerRatis c918afda-6c60-4e35-b4d1-6219f177e5a0 is started using port 38637 for RATIS
2022-06-27 16:55:23,293 [EndpointStateMachine task thread for /0.0.0.0:33583 - 0 ] INFO  ratis.XceiverServerRatis (XceiverServerRatis.java:getRealPort(502)) - XceiverServerRatis c918afda-6c60-4e35-b4d1-6219f177e5a0 is started using port 38637 for RATIS_ADMIN
2022-06-27 16:55:23,293 [EndpointStateMachine task thread for /0.0.0.0:33583 - 0 ] INFO  ratis.XceiverServerRatis (XceiverServerRatis.java:getRealPort(502)) - XceiverServerRatis c918afda-6c60-4e35-b4d1-6219f177e5a0 is started using port 38637 for RATIS_SERVER
2022-06-27 16:55:23,293 [org.apache.ratis.util.JvmPauseMonitor$$Lambda$611/5070432@6cb8350b] INFO  util.JvmPauseMonitor (JvmPauseMonitor.java:run(103)) - JvmPauseMonitor-c918afda-6c60-4e35-b4d1-6219f177e5a0: Started
2022-06-27 16:55:23,313 [EndpointStateMachine task thread for /0.0.0.0:33583 - 0 ] INFO  server.XceiverServerGrpc (XceiverServerGrpc.java:start(180)) - XceiverServerGrpc c918afda-6c60-4e35-b4d1-6219f177e5a0 is started using port 38435
2022-06-27 16:55:23,467 [IPC Server handler 2 on default port 33583] INFO  net.NetworkTopologyImpl (NetworkTopologyImpl.java:add(112)) - Added a new node: /default-rack/e3b02d69-2174-44c4-baa7-18bae5c8063e
2022-06-27 16:55:23,467 [IPC Server handler 2 on default port 33583] INFO  node.SCMNodeManager (SCMNodeManager.java:register(397)) - Registered Data node : e3b02d69-2174-44c4-baa7-18bae5c8063e{ip: 10.1.0.22, host: fv-az215-30.fk02tkdpp51uda4i120yanydqb.bx.internal.cloudapp.net, ports: [REPLICATION=38187, RATIS=34863, RATIS_ADMIN=34863, RATIS_SERVER=34863, STANDALONE=34753], networkLocation: /default-rack, certSerialId: null, persistedOpState: null, persistedOpStateExpiryEpochSec: 0}
2022-06-27 16:55:23,489 [EventQueue-NodeRegistrationContainerReportForContainerSafeModeRule] INFO  safemode.SCMSafeModeManager (SCMSafeModeManager.java:validateSafeModeExitRules(204)) - ContainerSafeModeRule rule is successfully validated
2022-06-27 16:55:23,489 [EventQueue-NodeRegistrationContainerReportForDataNodeSafeModeRule] INFO  safemode.SCMSafeModeManager (DataNodeSafeModeRule.java:process(71)) - SCM in safe mode. 1 DataNodes registered, 3 required.
2022-06-27 16:55:23,519 [EventQueue-PipelineReportForOneReplicaPipelineSafeModeRule] INFO  safemode.SCMSafeModeManager (SCMSafeModeManager.java:validateSafeModeExitRules(204)) - AtleastOneDatanodeReportedRule rule is successfully validated
2022-06-27 16:55:23,520 [EventQueue-NewNodeForNewNodeHandler] INFO  pipeline.BackgroundPipelineCreator (BackgroundPipelineCreator.java:notifyEventTriggered(275)) - trigger a one-shot run on RatisPipelineUtilsThread.
2022-06-27 16:55:23,525 [RatisPipelineUtilsThread - 0] INFO  pipeline.RatisPipelineProvider (RatisPipelineProvider.java:lambda$create$0(195)) - Sending CreatePipelineCommand for pipeline:PipelineID=6db4e161-3a0f-4716-9a77-97a323fb9c60 to datanode:e3b02d69-2174-44c4-baa7-18bae5c8063e
2022-06-27 16:55:23,529 [RatisPipelineUtilsThread - 0] INFO  pipeline.PipelineStateManagerImpl (PipelineStateManagerImpl.java:addPipeline(101)) - Created pipeline Pipeline[ Id: 6db4e161-3a0f-4716-9a77-97a323fb9c60, Nodes: e3b02d69-2174-44c4-baa7-18bae5c8063e{ip: 10.1.0.22, host: fv-az215-30.fk02tkdpp51uda4i120yanydqb.bx.internal.cloudapp.net, ports: [REPLICATION=38187, RATIS=34863, RATIS_ADMIN=34863, RATIS_SERVER=34863, STANDALONE=34753], networkLocation: /default-rack, certSerialId: null, persistedOpState: IN_SERVICE, persistedOpStateExpiryEpochSec: 0}, ReplicationConfig: RATIS/ONE, State:ALLOCATED, leaderId:, CreationTimestamp2022-06-27T16:55:23.525Z[Etc/UTC]].
2022-06-27 16:55:23,966 [IPC Server handler 1 on default port 33583] INFO  net.NetworkTopologyImpl (NetworkTopologyImpl.java:add(112)) - Added a new node: /default-rack/6005e4a5-b457-424c-9515-b1921d45a496
2022-06-27 16:55:23,966 [IPC Server handler 1 on default port 33583] INFO  node.SCMNodeManager (SCMNodeManager.java:register(397)) - Registered Data node : 6005e4a5-b457-424c-9515-b1921d45a496{ip: 10.1.0.22, host: fv-az215-30.fk02tkdpp51uda4i120yanydqb.bx.internal.cloudapp.net, ports: [REPLICATION=42237, RATIS=45857, RATIS_ADMIN=45857, RATIS_SERVER=45857, STANDALONE=35149], networkLocation: /default-rack, certSerialId: null, persistedOpState: null, persistedOpStateExpiryEpochSec: 0}
2022-06-27 16:55:23,966 [EventQueue-NewNodeForNewNodeHandler] INFO  pipeline.BackgroundPipelineCreator (BackgroundPipelineCreator.java:notifyEventTriggered(275)) - trigger a one-shot run on RatisPipelineUtilsThread.
2022-06-27 16:55:23,966 [EventQueue-NodeRegistrationContainerReportForDataNodeSafeModeRule] INFO  safemode.SCMSafeModeManager (DataNodeSafeModeRule.java:process(71)) - SCM in safe mode. 2 DataNodes registered, 3 required.
2022-06-27 16:55:23,977 [RatisPipelineUtilsThread - 0] INFO  pipeline.RatisPipelineProvider (RatisPipelineProvider.java:lambda$create$0(195)) - Sending CreatePipelineCommand for pipeline:PipelineID=cb23113a-3d70-4f11-94f3-7ed137ab5db4 to datanode:6005e4a5-b457-424c-9515-b1921d45a496
2022-06-27 16:55:23,977 [RatisPipelineUtilsThread - 0] INFO  pipeline.PipelineStateManagerImpl (PipelineStateManagerImpl.java:addPipeline(101)) - Created pipeline Pipeline[ Id: cb23113a-3d70-4f11-94f3-7ed137ab5db4, Nodes: 6005e4a5-b457-424c-9515-b1921d45a496{ip: 10.1.0.22, host: fv-az215-30.fk02tkdpp51uda4i120yanydqb.bx.internal.cloudapp.net, ports: [REPLICATION=42237, RATIS=45857, RATIS_ADMIN=45857, RATIS_SERVER=45857, STANDALONE=35149], networkLocation: /default-rack, certSerialId: null, persistedOpState: IN_SERVICE, persistedOpStateExpiryEpochSec: 0}, ReplicationConfig: RATIS/ONE, State:ALLOCATED, leaderId:, CreationTimestamp2022-06-27T16:55:23.977Z[Etc/UTC]].
2022-06-27 16:55:24,184 [Listener at 127.0.0.1/39955] INFO  ozone.MiniOzoneClusterImpl (MiniOzoneClusterImpl.java:lambda$waitForClusterToBeReady$0(223)) - Waiting for nodes to be ready. Got 2 of 5 DN Heartbeats.
2022-06-27 16:55:24,185 [Listener at 127.0.0.1/39955] INFO  ozone.MiniOzoneClusterImpl (MiniOzoneClusterImpl.java:lambda$waitForClusterToBeReady$0(226)) - Waiting for cluster to exit safe mode
2022-06-27 16:55:24,185 [Listener at 127.0.0.1/39955] INFO  ozone.MiniOzoneClusterImpl (MiniOzoneClusterImpl.java:lambda$waitForClusterToBeReady$0(228)) - SCM became leader
2022-06-27 16:55:24,377 [IPC Server handler 2 on default port 33583] INFO  net.NetworkTopologyImpl (NetworkTopologyImpl.java:add(112)) - Added a new node: /default-rack/aff9d3c6-0a22-4090-bc43-74b57d8145ab
2022-06-27 16:55:24,377 [IPC Server handler 2 on default port 33583] INFO  node.SCMNodeManager (SCMNodeManager.java:register(397)) - Registered Data node : aff9d3c6-0a22-4090-bc43-74b57d8145ab{ip: 10.1.0.22, host: fv-az215-30.fk02tkdpp51uda4i120yanydqb.bx.internal.cloudapp.net, ports: [REPLICATION=39463, RATIS=36293, RATIS_ADMIN=36293, RATIS_SERVER=36293, STANDALONE=41913], networkLocation: /default-rack, certSerialId: null, persistedOpState: null, persistedOpStateExpiryEpochSec: 0}
2022-06-27 16:55:24,378 [EventQueue-NewNodeForNewNodeHandler] INFO  pipeline.BackgroundPipelineCreator (BackgroundPipelineCreator.java:notifyEventTriggered(275)) - trigger a one-shot run on RatisPipelineUtilsThread.
2022-06-27 16:55:24,397 [EventQueue-NodeRegistrationContainerReportForDataNodeSafeModeRule] INFO  safemode.SCMSafeModeManager (DataNodeSafeModeRule.java:process(71)) - SCM in safe mode. 3 DataNodes registered, 3 required.
2022-06-27 16:55:24,398 [EventQueue-NodeRegistrationContainerReportForDataNodeSafeModeRule] INFO  safemode.SCMSafeModeManager (SCMSafeModeManager.java:validateSafeModeExitRules(204)) - DataNodeSafeModeRule rule is successfully validated
2022-06-27 16:55:24,398 [EventQueue-NodeRegistrationContainerReportForDataNodeSafeModeRule] INFO  safemode.SCMSafeModeManager (SCMSafeModeManager.java:completePreCheck(233)) - All SCM safe mode pre check rules have passed
2022-06-27 16:55:24,398 [EventQueue-NodeRegistrationContainerReportForDataNodeSafeModeRule] WARN  events.EventQueue (EventQueue.java:fireEvent(216)) - No event handler registered for event TypedEvent{payloadType=SafeModeStatus, name='Safe mode status'}
2022-06-27 16:55:24,398 [EventQueue-NodeRegistrationContainerReportForDataNodeSafeModeRule] INFO  ha.SCMContext (SCMContext.java:updateSafeModeStatus(228)) - Update SafeModeStatus from SafeModeStatus{safeModeStatus=true, preCheckPassed=false} to SafeModeStatus{safeModeStatus=true, preCheckPassed=true}.
2022-06-27 16:55:24,398 [EventQueue-NodeRegistrationContainerReportForDataNodeSafeModeRule] INFO  pipeline.BackgroundPipelineCreator (BackgroundPipelineCreator.java:notifyEventTriggered(275)) - trigger a one-shot run on RatisPipelineUtilsThread.
2022-06-27 16:55:24,399 [RatisPipelineUtilsThread - 0] INFO  pipeline.RatisPipelineProvider (RatisPipelineProvider.java:lambda$create$0(195)) - Sending CreatePipelineCommand for pipeline:PipelineID=26108e21-8e2b-4602-82c8-7dc80aa270c9 to datanode:aff9d3c6-0a22-4090-bc43-74b57d8145ab
2022-06-27 16:55:24,405 [RatisPipelineUtilsThread - 0] INFO  pipeline.PipelineStateManagerImpl (PipelineStateManagerImpl.java:addPipeline(101)) - Created pipeline Pipeline[ Id: 26108e21-8e2b-4602-82c8-7dc80aa270c9, Nodes: aff9d3c6-0a22-4090-bc43-74b57d8145ab{ip: 10.1.0.22, host: fv-az215-30.fk02tkdpp51uda4i120yanydqb.bx.internal.cloudapp.net, ports: [REPLICATION=39463, RATIS=36293, RATIS_ADMIN=36293, RATIS_SERVER=36293, STANDALONE=41913], networkLocation: /default-rack, certSerialId: null, persistedOpState: IN_SERVICE, persistedOpStateExpiryEpochSec: 0}, ReplicationConfig: RATIS/ONE, State:ALLOCATED, leaderId:, CreationTimestamp2022-06-27T16:55:24.399Z[Etc/UTC]].
2022-06-27 16:55:24,406 [RatisPipelineUtilsThread - 0] INFO  pipeline.RatisPipelineProvider (RatisPipelineProvider.java:lambda$create$0(195)) - Sending CreatePipelineCommand for pipeline:PipelineID=b89a4c6b-e107-4741-ac45-2af9492efbff to datanode:e3b02d69-2174-44c4-baa7-18bae5c8063e
2022-06-27 16:55:24,406 [RatisPipelineUtilsThread - 0] INFO  pipeline.RatisPipelineProvider (RatisPipelineProvider.java:lambda$create$0(195)) - Sending CreatePipelineCommand for pipeline:PipelineID=b89a4c6b-e107-4741-ac45-2af9492efbff to datanode:aff9d3c6-0a22-4090-bc43-74b57d8145ab
2022-06-27 16:55:24,406 [RatisPipelineUtilsThread - 0] INFO  pipeline.RatisPipelineProvider (RatisPipelineProvider.java:lambda$create$0(195)) - Sending CreatePipelineCommand for pipeline:PipelineID=b89a4c6b-e107-4741-ac45-2af9492efbff to datanode:6005e4a5-b457-424c-9515-b1921d45a496
2022-06-27 16:55:24,406 [RatisPipelineUtilsThread - 0] INFO  pipeline.PipelineStateManagerImpl (PipelineStateManagerImpl.java:addPipeline(101)) - Created pipeline Pipeline[ Id: b89a4c6b-e107-4741-ac45-2af9492efbff, Nodes: e3b02d69-2174-44c4-baa7-18bae5c8063e{ip: 10.1.0.22, host: fv-az215-30.fk02tkdpp51uda4i120yanydqb.bx.internal.cloudapp.net, ports: [REPLICATION=38187, RATIS=34863, RATIS_ADMIN=34863, RATIS_SERVER=34863, STANDALONE=34753], networkLocation: /default-rack, certSerialId: null, persistedOpState: IN_SERVICE, persistedOpStateExpiryEpochSec: 0}aff9d3c6-0a22-4090-bc43-74b57d8145ab{ip: 10.1.0.22, host: fv-az215-30.fk02tkdpp51uda4i120yanydqb.bx.internal.cloudapp.net, ports: [REPLICATION=39463, RATIS=36293, RATIS_ADMIN=36293, RATIS_SERVER=36293, STANDALONE=41913], networkLocation: /default-rack, certSerialId: null, persistedOpState: IN_SERVICE, persistedOpStateExpiryEpochSec: 0}6005e4a5-b457-424c-9515-b1921d45a496{ip: 10.1.0.22, host: fv-az215-30.fk02tkdpp51uda4i120yanydqb.bx.internal.cloudapp.net, ports: [REPLICATION=42237, RATIS=45857, RATIS_ADMIN=45857, RATIS_SERVER=45857, STANDALONE=35149], networkLocation: /default-rack, certSerialId: null, persistedOpState: IN_SERVICE, persistedOpStateExpiryEpochSec: 0}, ReplicationConfig: RATIS/THREE, State:ALLOCATED, leaderId:, CreationTimestamp2022-06-27T16:55:24.406Z[Etc/UTC]].
2022-06-27 16:55:24,407 [RatisPipelineUtilsThread - 0] INFO  pipeline.RatisPipelineProvider (RatisPipelineProvider.java:lambda$create$0(195)) - Sending CreatePipelineCommand for pipeline:PipelineID=4ff62548-9aed-4c58-857c-1389cd595b91 to datanode:aff9d3c6-0a22-4090-bc43-74b57d8145ab
2022-06-27 16:55:24,407 [RatisPipelineUtilsThread - 0] INFO  pipeline.RatisPipelineProvider (RatisPipelineProvider.java:lambda$create$0(195)) - Sending CreatePipelineCommand for pipeline:PipelineID=4ff62548-9aed-4c58-857c-1389cd595b91 to datanode:e3b02d69-2174-44c4-baa7-18bae5c8063e
2022-06-27 16:55:24,407 [RatisPipelineUtilsThread - 0] INFO  pipeline.RatisPipelineProvider (RatisPipelineProvider.java:lambda$create$0(195)) - Sending CreatePipelineCommand for pipeline:PipelineID=4ff62548-9aed-4c58-857c-1389cd595b91 to datanode:6005e4a5-b457-424c-9515-b1921d45a496
2022-06-27 16:55:24,407 [RatisPipelineUtilsThread - 0] INFO  pipeline.PipelineStateManagerImpl (PipelineStateManagerImpl.java:addPipeline(101)) - Created pipeline Pipeline[ Id: 4ff62548-9aed-4c58-857c-1389cd595b91, Nodes: aff9d3c6-0a22-4090-bc43-74b57d8145ab{ip: 10.1.0.22, host: fv-az215-30.fk02tkdpp51uda4i120yanydqb.bx.internal.cloudapp.net, ports: [REPLICATION=39463, RATIS=36293, RATIS_ADMIN=36293, RATIS_SERVER=36293, STANDALONE=41913], networkLocation: /default-rack, certSerialId: null, persistedOpState: IN_SERVICE, persistedOpStateExpiryEpochSec: 0}e3b02d69-2174-44c4-baa7-18bae5c8063e{ip: 10.1.0.22, host: fv-az215-30.fk02tkdpp51uda4i120yanydqb.bx.internal.cloudapp.net, ports: [REPLICATION=38187, RATIS=34863, RATIS_ADMIN=34863, RATIS_SERVER=34863, STANDALONE=34753], networkLocation: /default-rack, certSerialId: null, persistedOpState: IN_SERVICE, persistedOpStateExpiryEpochSec: 0}6005e4a5-b457-424c-9515-b1921d45a496{ip: 10.1.0.22, host: fv-az215-30.fk02tkdpp51uda4i120yanydqb.bx.internal.cloudapp.net, ports: [REPLICATION=42237, RATIS=45857, RATIS_ADMIN=45857, RATIS_SERVER=45857, STANDALONE=35149], networkLocation: /default-rack, certSerialId: null, persistedOpState: IN_SERVICE, persistedOpStateExpiryEpochSec: 0}, ReplicationConfig: RATIS/THREE, State:ALLOCATED, leaderId:, CreationTimestamp2022-06-27T16:55:24.407Z[Etc/UTC]].
2022-06-27 16:55:24,407 [RatisPipelineUtilsThread - 0] INFO  pipeline.PipelineManagerImpl (PipelineManagerImpl.java:recordMetricsForPipeline(780)) - Pipeline: PipelineID=4ff62548-9aed-4c58-857c-1389cd595b91 contains same datanodes as previous pipelines: PipelineID=b89a4c6b-e107-4741-ac45-2af9492efbff nodeIds: aff9d3c6-0a22-4090-bc43-74b57d8145ab, e3b02d69-2174-44c4-baa7-18bae5c8063e, 6005e4a5-b457-424c-9515-b1921d45a496
2022-06-27 16:55:24,770 [IPC Server handler 0 on default port 33583] INFO  net.NetworkTopologyImpl (NetworkTopologyImpl.java:add(112)) - Added a new node: /default-rack/b12315fd-d627-47ef-b7c0-caf98a3d616b
2022-06-27 16:55:24,771 [IPC Server handler 0 on default port 33583] INFO  node.SCMNodeManager (SCMNodeManager.java:register(397)) - Registered Data node : b12315fd-d627-47ef-b7c0-caf98a3d616b{ip: 10.1.0.22, host: fv-az215-30.fk02tkdpp51uda4i120yanydqb.bx.internal.cloudapp.net, ports: [REPLICATION=39113, RATIS=44783, RATIS_ADMIN=44783, RATIS_SERVER=44783, STANDALONE=34657], networkLocation: /default-rack, certSerialId: null, persistedOpState: null, persistedOpStateExpiryEpochSec: 0}
2022-06-27 16:55:24,771 [EventQueue-NewNodeForNewNodeHandler] INFO  pipeline.BackgroundPipelineCreator (BackgroundPipelineCreator.java:notifyEventTriggered(275)) - trigger a one-shot run on RatisPipelineUtilsThread.
2022-06-27 16:55:24,771 [RatisPipelineUtilsThread - 0] INFO  pipeline.RatisPipelineProvider (RatisPipelineProvider.java:lambda$create$0(195)) - Sending CreatePipelineCommand for pipeline:PipelineID=23b32300-9849-4bb8-86fa-772de68f4364 to datanode:b12315fd-d627-47ef-b7c0-caf98a3d616b
2022-06-27 16:55:24,772 [RatisPipelineUtilsThread - 0] INFO  pipeline.PipelineStateManagerImpl (PipelineStateManagerImpl.java:addPipeline(101)) - Created pipeline Pipeline[ Id: 23b32300-9849-4bb8-86fa-772de68f4364, Nodes: b12315fd-d627-47ef-b7c0-caf98a3d616b{ip: 10.1.0.22, host: fv-az215-30.fk02tkdpp51uda4i120yanydqb.bx.internal.cloudapp.net, ports: [REPLICATION=39113, RATIS=44783, RATIS_ADMIN=44783, RATIS_SERVER=44783, STANDALONE=34657], networkLocation: /default-rack, certSerialId: null, persistedOpState: IN_SERVICE, persistedOpStateExpiryEpochSec: 0}, ReplicationConfig: RATIS/ONE, State:ALLOCATED, leaderId:, CreationTimestamp2022-06-27T16:55:24.771Z[Etc/UTC]].
2022-06-27 16:55:25,185 [Listener at 127.0.0.1/39955] INFO  ozone.MiniOzoneClusterImpl (MiniOzoneClusterImpl.java:lambda$waitForClusterToBeReady$0(223)) - Waiting for nodes to be ready. Got 4 of 5 DN Heartbeats.
2022-06-27 16:55:25,185 [Listener at 127.0.0.1/39955] INFO  ozone.MiniOzoneClusterImpl (MiniOzoneClusterImpl.java:lambda$waitForClusterToBeReady$0(226)) - Waiting for cluster to exit safe mode
2022-06-27 16:55:25,185 [Listener at 127.0.0.1/39955] INFO  ozone.MiniOzoneClusterImpl (MiniOzoneClusterImpl.java:lambda$waitForClusterToBeReady$0(228)) - SCM became leader
2022-06-27 16:55:25,234 [IPC Server handler 2 on default port 33583] INFO  net.NetworkTopologyImpl (NetworkTopologyImpl.java:add(112)) - Added a new node: /default-rack/c918afda-6c60-4e35-b4d1-6219f177e5a0
2022-06-27 16:55:25,234 [IPC Server handler 2 on default port 33583] INFO  node.SCMNodeManager (SCMNodeManager.java:register(397)) - Registered Data node : c918afda-6c60-4e35-b4d1-6219f177e5a0{ip: 10.1.0.22, host: fv-az215-30.fk02tkdpp51uda4i120yanydqb.bx.internal.cloudapp.net, ports: [REPLICATION=36123, RATIS=38637, RATIS_ADMIN=38637, RATIS_SERVER=38637, STANDALONE=38435], networkLocation: /default-rack, certSerialId: null, persistedOpState: null, persistedOpStateExpiryEpochSec: 0}
2022-06-27 16:55:25,234 [EventQueue-NewNodeForNewNodeHandler] INFO  pipeline.BackgroundPipelineCreator (BackgroundPipelineCreator.java:notifyEventTriggered(275)) - trigger a one-shot run on RatisPipelineUtilsThread.
2022-06-27 16:55:25,235 [RatisPipelineUtilsThread - 0] INFO  pipeline.RatisPipelineProvider (RatisPipelineProvider.java:lambda$create$0(195)) - Sending CreatePipelineCommand for pipeline:PipelineID=d0b617c4-09a0-440c-a7b0-066695249c4a to datanode:c918afda-6c60-4e35-b4d1-6219f177e5a0
2022-06-27 16:55:25,235 [RatisPipelineUtilsThread - 0] INFO  pipeline.PipelineStateManagerImpl (PipelineStateManagerImpl.java:addPipeline(101)) - Created pipeline Pipeline[ Id: d0b617c4-09a0-440c-a7b0-066695249c4a, Nodes: c918afda-6c60-4e35-b4d1-6219f177e5a0{ip: 10.1.0.22, host: fv-az215-30.fk02tkdpp51uda4i120yanydqb.bx.internal.cloudapp.net, ports: [REPLICATION=36123, RATIS=38637, RATIS_ADMIN=38637, RATIS_SERVER=38637, STANDALONE=38435], networkLocation: /default-rack, certSerialId: null, persistedOpState: IN_SERVICE, persistedOpStateExpiryEpochSec: 0}, ReplicationConfig: RATIS/ONE, State:ALLOCATED, leaderId:, CreationTimestamp2022-06-27T16:55:25.235Z[Etc/UTC]].
2022-06-27 16:55:26,186 [Listener at 127.0.0.1/39955] INFO  ozone.MiniOzoneClusterImpl (MiniOzoneClusterImpl.java:lambda$waitForClusterToBeReady$0(223)) - Nodes are ready. Got 5 of 5 DN Heartbeats.
2022-06-27 16:55:26,186 [Listener at 127.0.0.1/39955] INFO  ozone.MiniOzoneClusterImpl (MiniOzoneClusterImpl.java:lambda$waitForClusterToBeReady$0(226)) - Waiting for cluster to exit safe mode
2022-06-27 16:55:26,186 [Listener at 127.0.0.1/39955] INFO  ozone.MiniOzoneClusterImpl (MiniOzoneClusterImpl.java:lambda$waitForClusterToBeReady$0(228)) - SCM became leader
2022-06-27 16:55:26,470 [Command processor thread] INFO  server.RaftServer (RaftServerProxy.java:addNew(96)) - e3b02d69-2174-44c4-baa7-18bae5c8063e: addNew group-97A323FB9C60:[e3b02d69-2174-44c4-baa7-18bae5c8063e|rpc:10.1.0.22:34863|priority:1] returns group-97A323FB9C60:java.util.concurrent.CompletableFuture@98887e1[Not completed]
2022-06-27 16:55:26,490 [pool-323-thread-1] INFO  server.RaftServer$Division (RaftServerImpl.java:<init>(190)) - e3b02d69-2174-44c4-baa7-18bae5c8063e: new RaftServerImpl for group-97A323FB9C60:[e3b02d69-2174-44c4-baa7-18bae5c8063e|rpc:10.1.0.22:34863|priority:1] with ContainerStateMachine:uninitialized
2022-06-27 16:55:26,490 [pool-323-thread-1] INFO  server.RaftServerConfigKeys (ConfUtils.java:logGet(46)) - raft.server.rpc.timeout.min = 5s (custom)
2022-06-27 16:55:26,490 [pool-323-thread-1] INFO  server.RaftServerConfigKeys (ConfUtils.java:logGet(46)) - raft.server.rpc.timeout.max = 5200ms (custom)
2022-06-27 16:55:26,490 [pool-323-thread-1] INFO  server.RaftServerConfigKeys (ConfUtils.java:logGet(46)) - raft.server.rpc.sleep.time = 25ms (default)
2022-06-27 16:55:26,490 [pool-323-thread-1] INFO  server.RaftServerConfigKeys (ConfUtils.java:logGet(46)) - raft.server.rpc.slowness.timeout = 300s (custom)
2022-06-27 16:55:26,490 [pool-323-thread-1] INFO  server.RaftServerConfigKeys (ConfUtils.java:logGet(46)) - raft.server.leaderelection.leader.step-down.wait-time = 10s (default)
2022-06-27 16:55:26,490 [pool-323-thread-1] INFO  server.RaftServerConfigKeys (ConfUtils.java:logGet(46)) - raft.server.sleep.deviation.threshold = 300ms (default)
2022-06-27 16:55:26,490 [pool-323-thread-1] INFO  server.RaftServer$Division (ServerState.java:<init>(107)) - e3b02d69-2174-44c4-baa7-18bae5c8063e@group-97A323FB9C60: ConfigurationManager, init=-1: [e3b02d69-2174-44c4-baa7-18bae5c8063e|rpc:10.1.0.22:34863|priority:1], old=null, confs=<EMPTY_MAP>
2022-06-27 16:55:26,490 [pool-323-thread-1] INFO  server.RaftServerConfigKeys (ConfUtils.java:logGet(46)) - raft.server.storage.dir = [/home/runner/work/ozone/ozone/hadoop-ozone/integration-test/target/test-dir/MiniOzoneClusterImpl-d171279b-4677-4c73-a7d6-55d9627e9d51/datanode-0/data/ratis] (custom)
2022-06-27 16:55:26,490 [pool-323-thread-1] INFO  server.RaftServerConfigKeys (ConfUtils.java:logGet(46)) - raft.server.log.corruption.policy = EXCEPTION (default)
2022-06-27 16:55:26,490 [pool-323-thread-1] INFO  server.RaftServerConfigKeys (ConfUtils.java:logGet(46)) - raft.server.storage.free-space.min = 0MB (=0) (default)
2022-06-27 16:55:26,490 [pool-323-thread-1] INFO  storage.RaftStorageDirectory (RaftStorageDirectoryImpl.java:analyzeStorage(135)) - The storage directory /home/runner/work/ozone/ozone/hadoop-ozone/integration-test/target/test-dir/MiniOzoneClusterImpl-d171279b-4677-4c73-a7d6-55d9627e9d51/datanode-0/data/ratis/6db4e161-3a0f-4716-9a77-97a323fb9c60 does not exist. Creating ...
2022-06-27 16:55:26,497 [pool-323-thread-1] INFO  storage.RaftStorageDirectory (RaftStorageDirectoryImpl.java:tryLock(230)) - Lock on /home/runner/work/ozone/ozone/hadoop-ozone/integration-test/target/test-dir/MiniOzoneClusterImpl-d171279b-4677-4c73-a7d6-55d9627e9d51/datanode-0/data/ratis/6db4e161-3a0f-4716-9a77-97a323fb9c60/in_use.lock acquired by nodename 16603@fv-az215-30
2022-06-27 16:55:26,501 [pool-323-thread-1] INFO  storage.RaftStorage (RaftStorageImpl.java:format(89)) - Storage directory /home/runner/work/ozone/ozone/hadoop-ozone/integration-test/target/test-dir/MiniOzoneClusterImpl-d171279b-4677-4c73-a7d6-55d9627e9d51/datanode-0/data/ratis/6db4e161-3a0f-4716-9a77-97a323fb9c60 has been successfully formatted.
2022-06-27 16:55:26,502 [pool-323-thread-1] INFO  ratis.ContainerStateMachine (ContainerStateMachine.java:loadSnapshot(236)) - group-97A323FB9C60: The snapshot info is null. Setting the last applied indexto:(t:0, i:~)
2022-06-27 16:55:26,502 [pool-323-thread-1] INFO  server.RaftServerConfigKeys (ConfUtils.java:logGet(46)) - raft.server.notification.no-leader.timeout = 300s (custom)
2022-06-27 16:55:26,502 [pool-323-thread-1] INFO  server.RaftServerConfigKeys (ConfUtils.java:logGet(46)) - raft.server.log.use.memory = false (default)
2022-06-27 16:55:26,502 [pool-323-thread-1] INFO  server.RaftServerConfigKeys (ConfUtils.java:logGet(46)) - raft.server.log.purge.gap = 1000000 (custom)
2022-06-27 16:55:26,502 [pool-323-thread-1] INFO  server.RaftServerConfigKeys (ConfUtils.java:logGet(46)) - raft.server.log.appender.buffer.byte-limit = 33554432 (custom)
2022-06-27 16:55:26,502 [pool-323-thread-1] INFO  server.RaftServerConfigKeys (ConfUtils.java:logGet(46)) - raft.server.log.statemachine.data.read.timeout = 1000ms (default)
2022-06-27 16:55:26,503 [pool-323-thread-1] INFO  server.RaftServerConfigKeys (ConfUtils.java:logGet(46)) - raft.server.log.segment.size.max = 1048576 (custom)
2022-06-27 16:55:26,503 [pool-323-thread-1] INFO  server.RaftServerConfigKeys (ConfUtils.java:logGet(46)) - raft.server.log.segment.cache.num.max = 2 (custom)
2022-06-27 16:55:26,503 [pool-323-thread-1] INFO  server.RaftServerConfigKeys (ConfUtils.java:logGet(46)) - raft.server.log.segment.cache.size.max = 200MB (=209715200) (default)
2022-06-27 16:55:26,503 [pool-323-thread-1] INFO  segmented.SegmentedRaftLogWorker (SegmentedRaftLogWorker.java:<init>(187)) - new e3b02d69-2174-44c4-baa7-18bae5c8063e@group-97A323FB9C60-SegmentedRaftLogWorker for RaftStorageImpl:Storage Directory /home/runner/work/ozone/ozone/hadoop-ozone/integration-test/target/test-dir/MiniOzoneClusterImpl-d171279b-4677-4c73-a7d6-55d9627e9d51/datanode-0/data/ratis/6db4e161-3a0f-4716-9a77-97a323fb9c60
2022-06-27 16:55:26,503 [pool-323-thread-1] INFO  server.RaftServerConfigKeys (ConfUtils.java:logGet(46)) - raft.server.log.queue.byte-limit = 4294967296 (custom)
2022-06-27 16:55:26,503 [EventQueue-PipelineReportForPipelineReportHandler] INFO  pipeline.PipelineManagerImpl (PipelineManagerImpl.java:openPipeline(358)) - Pipeline Pipeline[ Id: 6db4e161-3a0f-4716-9a77-97a323fb9c60, Nodes: e3b02d69-2174-44c4-baa7-18bae5c8063e{ip: 10.1.0.22, host: fv-az215-30.fk02tkdpp51uda4i120yanydqb.bx.internal.cloudapp.net, ports: [REPLICATION=38187, RATIS=34863, RATIS_ADMIN=34863, RATIS_SERVER=34863, STANDALONE=34753], networkLocation: /default-rack, certSerialId: null, persistedOpState: IN_SERVICE, persistedOpStateExpiryEpochSec: 0}, ReplicationConfig: RATIS/ONE, State:ALLOCATED, leaderId:e3b02d69-2174-44c4-baa7-18bae5c8063e, CreationTimestamp2022-06-27T16:55:23.525Z[Etc/UTC]] moved to OPEN state
2022-06-27 16:55:26,503 [pool-323-thread-1] INFO  server.RaftServerConfigKeys (ConfUtils.java:logGet(46)) - raft.server.log.queue.element-limit = 1024 (custom)
2022-06-27 16:55:26,503 [pool-323-thread-1] INFO  server.RaftServerConfigKeys (ConfUtils.java:logGet(46)) - raft.server.log.segment.size.max = 1048576 (custom)
2022-06-27 16:55:26,504 [pool-323-thread-1] INFO  server.RaftServerConfigKeys (ConfUtils.java:logGet(46)) - raft.server.log.preallocated.size = 16384 (custom)
2022-06-27 16:55:26,504 [pool-323-thread-1] INFO  server.RaftServerConfigKeys (ConfUtils.java:logGet(46)) - raft.server.log.force.sync.num = 128 (default)
2022-06-27 16:55:26,504 [pool-323-thread-1] INFO  server.RaftServerConfigKeys (ConfUtils.java:logGet(46)) - raft.server.log.statemachine.data.sync = true (default)
2022-06-27 16:55:26,504 [pool-323-thread-1] INFO  server.RaftServerConfigKeys (ConfUtils.java:logGet(46)) - raft.server.log.statemachine.data.sync.timeout = 10s (default)
2022-06-27 16:55:26,504 [pool-323-thread-1] INFO  server.RaftServerConfigKeys (ConfUtils.java:logGet(46)) - raft.server.log.statemachine.data.sync.timeout.retry = -1 (default)
2022-06-27 16:55:26,517 [EventQueue-OpenPipelineForHealthyPipelineSafeModeRule] INFO  safemode.SCMSafeModeManager (HealthyPipelineSafeModeRule.java:process(124)) - SCM in safe mode. Healthy pipelines reported count is 0, required healthy pipeline reported count is 1
2022-06-27 16:55:26,517 [pool-323-thread-1] INFO  server.RaftServerConfigKeys (ConfUtils.java:logGet(46)) - raft.server.log.write.buffer.size = 1048576 (custom)
2022-06-27 16:55:26,518 [pool-323-thread-1] INFO  server.RaftServerConfigKeys (ConfUtils.java:logGet(46)) - raft.server.log.unsafe-flush.enabled = false (default)
2022-06-27 16:55:26,518 [pool-323-thread-1] INFO  server.RaftServerConfigKeys (ConfUtils.java:logGet(46)) - raft.server.log.statemachine.data.caching.enabled = true (custom)
2022-06-27 16:55:26,518 [pool-323-thread-1] INFO  segmented.SegmentedRaftLogWorker (SegmentedRaftLogWorker.java:lambda$new$0(135)) - e3b02d69-2174-44c4-baa7-18bae5c8063e@group-97A323FB9C60-SegmentedRaftLogWorker: flushIndex: setUnconditionally 0 -> -1
2022-06-27 16:55:26,518 [pool-323-thread-1] INFO  segmented.SegmentedRaftLogWorker (SegmentedRaftLogWorker.java:lambda$new$0(135)) - e3b02d69-2174-44c4-baa7-18bae5c8063e@group-97A323FB9C60-SegmentedRaftLogWorker: safeCacheEvictIndex: setUnconditionally 0 -> -1
2022-06-27 16:55:26,535 [pool-323-thread-1] INFO  server.RaftServerConfigKeys (ConfUtils.java:logGet(46)) - raft.server.snapshot.auto.trigger.enabled = true (custom)
2022-06-27 16:55:26,535 [pool-323-thread-1] INFO  server.RaftServerConfigKeys (ConfUtils.java:logGet(46)) - raft.server.snapshot.auto.trigger.threshold = 10000 (custom)
2022-06-27 16:55:26,535 [pool-323-thread-1] INFO  server.RaftServerConfigKeys (ConfUtils.java:logGet(46)) - raft.server.snapshot.retention.file.num = 5 (custom)
2022-06-27 16:55:26,535 [pool-323-thread-1] INFO  server.RaftServerConfigKeys (ConfUtils.java:logGet(46)) - raft.server.log.purge.upto.snapshot.index = false (default)
2022-06-27 16:55:26,535 [pool-323-thread-1] INFO  server.RaftServerConfigKeys (ConfUtils.java:logGet(46)) - raft.server.retrycache.expirytime = 600000ms (custom)
2022-06-27 16:55:26,535 [pool-323-thread-1] INFO  server.RaftServerConfigKeys (ConfUtils.java:logGet(46)) - raft.server.retrycache.statistics.expirytime = 100μs (default)
2022-06-27 16:55:26,537 [pool-323-thread-1] INFO  server.RaftServerConfigKeys (ConfUtils.java:logGet(46)) - raft.server.log.appender.install.snapshot.enabled = false (custom)
2022-06-27 16:55:26,537 [pool-323-thread-1] INFO  server.RaftServerConfigKeys (ConfUtils.java:logGet(46)) - raft.server.threadpool.server.cached = true (default)
2022-06-27 16:55:26,537 [pool-323-thread-1] INFO  server.RaftServerConfigKeys (ConfUtils.java:logGet(46)) - raft.server.threadpool.server.size = 0 (default)
2022-06-27 16:55:26,537 [pool-323-thread-1] INFO  server.RaftServerConfigKeys (ConfUtils.java:logGet(46)) - raft.server.threadpool.client.cached = true (default)
2022-06-27 16:55:26,537 [pool-323-thread-1] INFO  server.RaftServerConfigKeys (ConfUtils.java:logGet(46)) - raft.server.threadpool.client.size = 0 (default)
2022-06-27 16:55:26,537 [pool-323-thread-1] INFO  server.RaftServer$Division (RaftServerImpl.java:start(310)) - e3b02d69-2174-44c4-baa7-18bae5c8063e@group-97A323FB9C60: start as a follower, conf=-1: [e3b02d69-2174-44c4-baa7-18bae5c8063e|rpc:10.1.0.22:34863|priority:1], old=null
2022-06-27 16:55:26,537 [pool-323-thread-1] INFO  server.RaftServer$Division (RaftServerImpl.java:setRole(299)) - e3b02d69-2174-44c4-baa7-18bae5c8063e@group-97A323FB9C60: changes role from      null to FOLLOWER at term 0 for startAsFollower
2022-06-27 16:55:26,537 [pool-323-thread-1] INFO  impl.RoleInfo (RoleInfo.java:updateAndGet(139)) - e3b02d69-2174-44c4-baa7-18bae5c8063e: start e3b02d69-2174-44c4-baa7-18bae5c8063e@group-97A323FB9C60-FollowerState
2022-06-27 16:55:26,548 [pool-323-thread-1] INFO  util.JmxRegister (JmxRegister.java:tryRegister(44)) - Successfully registered JMX Bean with object name Ratis:service=RaftServer,group=group-97A323FB9C60,id=e3b02d69-2174-44c4-baa7-18bae5c8063e
2022-06-27 16:55:26,555 [Command processor thread] INFO  ratis.XceiverServerRatis (XceiverServerRatis.java:addGroup(765)) - Created group PipelineID=6db4e161-3a0f-4716-9a77-97a323fb9c60
2022-06-27 16:55:26,555 [Command processor thread] INFO  commandhandler.CreatePipelineCommandHandler (CreatePipelineCommandHandler.java:handle(113)) - Created Pipeline RATIS ONE PipelineID=6db4e161-3a0f-4716-9a77-97a323fb9c60.
2022-06-27 16:55:26,555 [Command processor thread] INFO  server.RaftServer (RaftServerProxy.java:addNew(96)) - e3b02d69-2174-44c4-baa7-18bae5c8063e: addNew group-2AF9492EFBFF:[e3b02d69-2174-44c4-baa7-18bae5c8063e|rpc:10.1.0.22:34863|priority:0, 6005e4a5-b457-424c-9515-b1921d45a496|rpc:10.1.0.22:45857|priority:0, aff9d3c6-0a22-4090-bc43-74b57d8145ab|rpc:10.1.0.22:36293|priority:1] returns group-2AF9492EFBFF:java.util.concurrent.CompletableFuture@db70208[Not completed]
2022-06-27 16:55:26,556 [pool-323-thread-1] INFO  server.RaftServer$Division (RaftServerImpl.java:<init>(190)) - e3b02d69-2174-44c4-baa7-18bae5c8063e: new RaftServerImpl for group-2AF9492EFBFF:[e3b02d69-2174-44c4-baa7-18bae5c8063e|rpc:10.1.0.22:34863|priority:0, 6005e4a5-b457-424c-9515-b1921d45a496|rpc:10.1.0.22:45857|priority:0, aff9d3c6-0a22-4090-bc43-74b57d8145ab|rpc:10.1.0.22:36293|priority:1] with ContainerStateMachine:uninitialized
2022-06-27 16:55:26,556 [pool-323-thread-1] INFO  server.RaftServerConfigKeys (ConfUtils.java:logGet(46)) - raft.server.rpc.timeout.min = 5s (custom)
2022-06-27 16:55:26,556 [pool-323-thread-1] INFO  server.RaftServerConfigKeys (ConfUtils.java:logGet(46)) - raft.server.rpc.timeout.max = 5200ms (custom)
2022-06-27 16:55:26,556 [pool-323-thread-1] INFO  server.RaftServerConfigKeys (ConfUtils.java:logGet(46)) - raft.server.rpc.sleep.time = 25ms (default)
2022-06-27 16:55:26,556 [pool-323-thread-1] INFO  server.RaftServerConfigKeys (ConfUtils.java:logGet(46)) - raft.server.rpc.slowness.timeout = 300s (custom)
2022-06-27 16:55:26,556 [pool-323-thread-1] INFO  server.RaftServerConfigKeys (ConfUtils.java:logGet(46)) - raft.server.leaderelection.leader.step-down.wait-time = 10s (default)
2022-06-27 16:55:26,556 [pool-323-thread-1] INFO  server.RaftServerConfigKeys (ConfUtils.java:logGet(46)) - raft.server.sleep.deviation.threshold = 300ms (default)
2022-06-27 16:55:26,556 [pool-323-thread-1] INFO  server.RaftServer$Division (ServerState.java:<init>(107)) - e3b02d69-2174-44c4-baa7-18bae5c8063e@group-2AF9492EFBFF: ConfigurationManager, init=-1: [e3b02d69-2174-44c4-baa7-18bae5c8063e|rpc:10.1.0.22:34863|priority:0, 6005e4a5-b457-424c-9515-b1921d45a496|rpc:10.1.0.22:45857|priority:0, aff9d3c6-0a22-4090-bc43-74b57d8145ab|rpc:10.1.0.22:36293|priority:1], old=null, confs=<EMPTY_MAP>
2022-06-27 16:55:26,556 [pool-323-thread-1] INFO  server.RaftServerConfigKeys (ConfUtils.java:logGet(46)) - raft.server.storage.dir = [/home/runner/work/ozone/ozone/hadoop-ozone/integration-test/target/test-dir/MiniOzoneClusterImpl-d171279b-4677-4c73-a7d6-55d9627e9d51/datanode-0/data/ratis] (custom)
2022-06-27 16:55:26,556 [pool-323-thread-1] INFO  server.RaftServerConfigKeys (ConfUtils.java:logGet(46)) - raft.server.log.corruption.policy = EXCEPTION (default)
2022-06-27 16:55:26,556 [pool-323-thread-1] INFO  server.RaftServerConfigKeys (ConfUtils.java:logGet(46)) - raft.server.storage.free-space.min = 0MB (=0) (default)
2022-06-27 16:55:26,556 [pool-323-thread-1] INFO  storage.RaftStorageDirectory (RaftStorageDirectoryImpl.java:analyzeStorage(135)) - The storage directory /home/runner/work/ozone/ozone/hadoop-ozone/integration-test/target/test-dir/MiniOzoneClusterImpl-d171279b-4677-4c73-a7d6-55d9627e9d51/datanode-0/data/ratis/b89a4c6b-e107-4741-ac45-2af9492efbff does not exist. Creating ...
2022-06-27 16:55:26,557 [pool-323-thread-1] INFO  storage.RaftStorageDirectory (RaftStorageDirectoryImpl.java:tryLock(230)) - Lock on /home/runner/work/ozone/ozone/hadoop-ozone/integration-test/target/test-dir/MiniOzoneClusterImpl-d171279b-4677-4c73-a7d6-55d9627e9d51/datanode-0/data/ratis/b89a4c6b-e107-4741-ac45-2af9492efbff/in_use.lock acquired by nodename 16603@fv-az215-30
2022-06-27 16:55:26,558 [pool-323-thread-1] INFO  storage.RaftStorage (RaftStorageImpl.java:format(89)) - Storage directory /home/runner/work/ozone/ozone/hadoop-ozone/integration-test/target/test-dir/MiniOzoneClusterImpl-d171279b-4677-4c73-a7d6-55d9627e9d51/datanode-0/data/ratis/b89a4c6b-e107-4741-ac45-2af9492efbff has been successfully formatted.
2022-06-27 16:55:26,559 [pool-323-thread-1] INFO  ratis.ContainerStateMachine (ContainerStateMachine.java:loadSnapshot(236)) - group-2AF9492EFBFF: The snapshot info is null. Setting the last applied indexto:(t:0, i:~)
2022-06-27 16:55:26,559 [pool-323-thread-1] INFO  server.RaftServerConfigKeys (ConfUtils.java:logGet(46)) - raft.server.notification.no-leader.timeout = 300s (custom)
2022-06-27 16:55:26,559 [pool-323-thread-1] INFO  server.RaftServerConfigKeys (ConfUtils.java:logGet(46)) - raft.server.log.use.memory = false (default)
2022-06-27 16:55:26,559 [pool-323-thread-1] INFO  server.RaftServerConfigKeys (ConfUtils.java:logGet(46)) - raft.server.log.purge.gap = 1000000 (custom)
2022-06-27 16:55:26,559 [pool-323-thread-1] INFO  server.RaftServerConfigKeys (ConfUtils.java:logGet(46)) - raft.server.log.appender.buffer.byte-limit = 33554432 (custom)
2022-06-27 16:55:26,559 [pool-323-thread-1] INFO  server.RaftServerConfigKeys (ConfUtils.java:logGet(46)) - raft.server.log.statemachine.data.read.timeout = 1000ms (default)
2022-06-27 16:55:26,559 [pool-323-thread-1] INFO  server.RaftServerConfigKeys (ConfUtils.java:logGet(46)) - raft.server.log.segment.size.max = 1048576 (custom)
2022-06-27 16:55:26,560 [pool-323-thread-1] INFO  server.RaftServerConfigKeys (ConfUtils.java:logGet(46)) - raft.server.log.segment.cache.num.max = 2 (custom)
2022-06-27 16:55:26,560 [pool-323-thread-1] INFO  server.RaftServerConfigKeys (ConfUtils.java:logGet(46)) - raft.server.log.segment.cache.size.max = 200MB (=209715200) (default)
2022-06-27 16:55:26,560 [pool-323-thread-1] INFO  segmented.SegmentedRaftLogWorker (SegmentedRaftLogWorker.java:<init>(187)) - new e3b02d69-2174-44c4-baa7-18bae5c8063e@group-2AF9492EFBFF-SegmentedRaftLogWorker for RaftStorageImpl:Storage Directory /home/runner/work/ozone/ozone/hadoop-ozone/integration-test/target/test-dir/MiniOzoneClusterImpl-d171279b-4677-4c73-a7d6-55d9627e9d51/datanode-0/data/ratis/b89a4c6b-e107-4741-ac45-2af9492efbff
2022-06-27 16:55:26,560 [EventQueue-OpenPipelineForHealthyPipelineSafeModeRule] INFO  safemode.SCMSafeModeManager (HealthyPipelineSafeModeRule.java:process(124)) - SCM in safe mode. Healthy pipelines reported count is 0, required healthy pipeline reported count is 1
2022-06-27 16:55:26,560 [pool-323-thread-1] INFO  server.RaftServerConfigKeys (ConfUtils.java:logGet(46)) - raft.server.log.queue.byte-limit = 4294967296 (custom)
2022-06-27 16:55:26,560 [pool-323-thread-1] INFO  server.RaftServerConfigKeys (ConfUtils.java:logGet(46)) - raft.server.log.queue.element-limit = 1024 (custom)
2022-06-27 16:55:26,560 [pool-323-thread-1] INFO  server.RaftServerConfigKeys (ConfUtils.java:logGet(46)) - raft.server.log.segment.size.max = 1048576 (custom)
2022-06-27 16:55:26,560 [pool-323-thread-1] INFO  server.RaftServerConfigKeys (ConfUtils.java:logGet(46)) - raft.server.log.preallocated.size = 16384 (custom)
2022-06-27 16:55:26,560 [pool-323-thread-1] INFO  server.RaftServerConfigKeys (ConfUtils.java:logGet(46)) - raft.server.log.force.sync.num = 128 (default)
2022-06-27 16:55:26,560 [pool-323-thread-1] INFO  server.RaftServerConfigKeys (ConfUtils.java:logGet(46)) - raft.server.log.statemachine.data.sync = true (default)
2022-06-27 16:55:26,560 [pool-323-thread-1] INFO  server.RaftServerConfigKeys (ConfUtils.java:logGet(46)) - raft.server.log.statemachine.data.sync.timeout = 10s (default)
2022-06-27 16:55:26,560 [pool-323-thread-1] INFO  server.RaftServerConfigKeys (ConfUtils.java:logGet(46)) - raft.server.log.statemachine.data.sync.timeout.retry = -1 (default)
2022-06-27 16:55:26,561 [pool-323-thread-1] INFO  server.RaftServerConfigKeys (ConfUtils.java:logGet(46)) - raft.server.log.write.buffer.size = 1048576 (custom)
2022-06-27 16:55:26,562 [pool-323-thread-1] INFO  server.RaftServerConfigKeys (ConfUtils.java:logGet(46)) - raft.server.log.unsafe-flush.enabled = false (default)
2022-06-27 16:55:26,564 [pool-323-thread-1] INFO  server.RaftServerConfigKeys (ConfUtils.java:logGet(46)) - raft.server.log.statemachine.data.caching.enabled = true (custom)
2022-06-27 16:55:26,565 [pool-323-thread-1] INFO  segmented.SegmentedRaftLogWorker (SegmentedRaftLogWorker.java:lambda$new$0(135)) - e3b02d69-2174-44c4-baa7-18bae5c8063e@group-2AF9492EFBFF-SegmentedRaftLogWorker: flushIndex: setUnconditionally 0 -> -1
2022-06-27 16:55:26,565 [pool-323-thread-1] INFO  segmented.SegmentedRaftLogWorker (SegmentedRaftLogWorker.java:lambda$new$0(135)) - e3b02d69-2174-44c4-baa7-18bae5c8063e@group-2AF9492EFBFF-SegmentedRaftLogWorker: safeCacheEvictIndex: setUnconditionally 0 -> -1
2022-06-27 16:55:26,577 [pool-323-thread-1] INFO  server.RaftServerConfigKeys (ConfUtils.java:logGet(46)) - raft.server.snapshot.auto.trigger.enabled = true (custom)
2022-06-27 16:55:26,577 [pool-323-thread-1] INFO  server.RaftServerConfigKeys (ConfUtils.java:logGet(46)) - raft.server.snapshot.auto.trigger.threshold = 10000 (custom)
2022-06-27 16:55:26,577 [pool-323-thread-1] INFO  server.RaftServerConfigKeys (ConfUtils.java:logGet(46)) - raft.server.snapshot.retention.file.num = 5 (custom)
2022-06-27 16:55:26,577 [pool-323-thread-1] INFO  server.RaftServerConfigKeys (ConfUtils.java:logGet(46)) - raft.server.log.purge.upto.snapshot.index = false (default)
2022-06-27 16:55:26,577 [pool-323-thread-1] INFO  server.RaftServerConfigKeys (ConfUtils.java:logGet(46)) - raft.server.retrycache.expirytime = 600000ms (custom)
2022-06-27 16:55:26,577 [pool-323-thread-1] INFO  server.RaftServerConfigKeys (ConfUtils.java:logGet(46)) - raft.server.retrycache.statistics.expirytime = 100μs (default)
2022-06-27 16:55:26,578 [pool-323-thread-1] INFO  server.RaftServerConfigKeys (ConfUtils.java:logGet(46)) - raft.server.log.appender.install.snapshot.enabled = false (custom)
2022-06-27 16:55:26,578 [pool-323-thread-1] INFO  server.RaftServerConfigKeys (ConfUtils.java:logGet(46)) - raft.server.threadpool.server.cached = true (default)
2022-06-27 16:55:26,578 [pool-323-thread-1] INFO  server.RaftServerConfigKeys (ConfUtils.java:logGet(46)) - raft.server.threadpool.server.size = 0 (default)
2022-06-27 16:55:26,578 [pool-323-thread-1] INFO  server.RaftServerConfigKeys (ConfUtils.java:logGet(46)) - raft.server.threadpool.client.cached = true (default)
2022-06-27 16:55:26,578 [pool-323-thread-1] INFO  server.RaftServerConfigKeys (ConfUtils.java:logGet(46)) - raft.server.threadpool.client.size = 0 (default)
2022-06-27 16:55:26,578 [pool-323-thread-1] INFO  server.RaftServer$Division (RaftServerImpl.java:start(310)) - e3b02d69-2174-44c4-baa7-18bae5c8063e@group-2AF9492EFBFF: start as a follower, conf=-1: [e3b02d69-2174-44c4-baa7-18bae5c8063e|rpc:10.1.0.22:34863|priority:0, 6005e4a5-b457-424c-9515-b1921d45a496|rpc:10.1.0.22:45857|priority:0, aff9d3c6-0a22-4090-bc43-74b57d8145ab|rpc:10.1.0.22:36293|priority:1], old=null
2022-06-27 16:55:26,578 [pool-323-thread-1] INFO  server.RaftServer$Division (RaftServerImpl.java:setRole(299)) - e3b02d69-2174-44c4-baa7-18bae5c8063e@group-2AF9492EFBFF: changes role from      null to FOLLOWER at term 0 for startAsFollower
2022-06-27 16:55:26,578 [pool-323-thread-1] INFO  impl.RoleInfo (RoleInfo.java:updateAndGet(139)) - e3b02d69-2174-44c4-baa7-18bae5c8063e: start e3b02d69-2174-44c4-baa7-18bae5c8063e@group-2AF9492EFBFF-FollowerState
2022-06-27 16:55:26,605 [pool-323-thread-1] INFO  util.JmxRegister (JmxRegister.java:tryRegister(44)) - Successfully registered JMX Bean with object name Ratis:service=RaftServer,group=group-2AF9492EFBFF,id=e3b02d69-2174-44c4-baa7-18bae5c8063e
2022-06-27 16:55:26,606 [Command processor thread] INFO  ratis.XceiverServerRatis (XceiverServerRatis.java:addGroup(765)) - Created group PipelineID=b89a4c6b-e107-4741-ac45-2af9492efbff
2022-06-27 16:55:26,657 [grpc-default-executor-0] INFO  server.RaftServer (RaftServerProxy.java:addNew(96)) - aff9d3c6-0a22-4090-bc43-74b57d8145ab: addNew group-2AF9492EFBFF:[e3b02d69-2174-44c4-baa7-18bae5c8063e|rpc:10.1.0.22:34863|dataStream:|priority:0, 6005e4a5-b457-424c-9515-b1921d45a496|rpc:10.1.0.22:45857|dataStream:|priority:0, aff9d3c6-0a22-4090-bc43-74b57d8145ab|rpc:10.1.0.22:36293|dataStream:|priority:1] returns group-2AF9492EFBFF:java.util.concurrent.CompletableFuture@1b00630e[Not completed]
2022-06-27 16:55:26,665 [pool-369-thread-1] INFO  server.RaftServer$Division (RaftServerImpl.java:<init>(190)) - aff9d3c6-0a22-4090-bc43-74b57d8145ab: new RaftServerImpl for group-2AF9492EFBFF:[e3b02d69-2174-44c4-baa7-18bae5c8063e|rpc:10.1.0.22:34863|dataStream:|priority:0, 6005e4a5-b457-424c-9515-b1921d45a496|rpc:10.1.0.22:45857|dataStream:|priority:0, aff9d3c6-0a22-4090-bc43-74b57d8145ab|rpc:10.1.0.22:36293|dataStream:|priority:1] with ContainerStateMachine:uninitialized
2022-06-27 16:55:26,665 [pool-369-thread-1] INFO  server.RaftServerConfigKeys (ConfUtils.java:logGet(46)) - raft.server.rpc.timeout.min = 5s (custom)
2022-06-27 16:55:26,665 [pool-369-thread-1] INFO  server.RaftServerConfigKeys (ConfUtils.java:logGet(46)) - raft.server.rpc.timeout.max = 5200ms (custom)
2022-06-27 16:55:26,665 [pool-369-thread-1] INFO  server.RaftServerConfigKeys (ConfUtils.java:logGet(46)) - raft.server.rpc.sleep.time = 25ms (default)
2022-06-27 16:55:26,665 [pool-369-thread-1] INFO  server.RaftServerConfigKeys (ConfUtils.java:logGet(46)) - raft.server.rpc.slowness.timeout = 300s (custom)
2022-06-27 16:55:26,665 [pool-369-thread-1] INFO  server.RaftServerConfigKeys (ConfUtils.java:logGet(46)) - raft.server.leaderelection.leader.step-down.wait-time = 10s (default)
2022-06-27 16:55:26,665 [pool-369-thread-1] INFO  server.RaftServerConfigKeys (ConfUtils.java:logGet(46)) - raft.server.sleep.deviation.threshold = 300ms (default)
2022-06-27 16:55:26,666 [pool-369-thread-1] INFO  server.RaftServer$Division (ServerState.java:<init>(107)) - aff9d3c6-0a22-4090-bc43-74b57d8145ab@group-2AF9492EFBFF: ConfigurationManager, init=-1: [e3b02d69-2174-44c4-baa7-18bae5c8063e|rpc:10.1.0.22:34863|dataStream:|priority:0, 6005e4a5-b457-424c-9515-b1921d45a496|rpc:10.1.0.22:45857|dataStream:|priority:0, aff9d3c6-0a22-4090-bc43-74b57d8145ab|rpc:10.1.0.22:36293|dataStream:|priority:1], old=null, confs=<EMPTY_MAP>
2022-06-27 16:55:26,666 [pool-369-thread-1] INFO  server.RaftServerConfigKeys (ConfUtils.java:logGet(46)) - raft.server.storage.dir = [/home/runner/work/ozone/ozone/hadoop-ozone/integration-test/target/test-dir/MiniOzoneClusterImpl-d171279b-4677-4c73-a7d6-55d9627e9d51/datanode-2/data/ratis] (custom)
2022-06-27 16:55:26,666 [pool-369-thread-1] INFO  server.RaftServerConfigKeys (ConfUtils.java:logGet(46)) - raft.server.log.corruption.policy = EXCEPTION (default)
2022-06-27 16:55:26,666 [pool-369-thread-1] INFO  server.RaftServerConfigKeys (ConfUtils.java:logGet(46)) - raft.server.storage.free-space.min = 0MB (=0) (default)
2022-06-27 16:55:26,666 [pool-369-thread-1] INFO  storage.RaftStorageDirectory (RaftStorageDirectoryImpl.java:analyzeStorage(135)) - The storage directory /home/runner/work/ozone/ozone/hadoop-ozone/integration-test/target/test-dir/MiniOzoneClusterImpl-d171279b-4677-4c73-a7d6-55d9627e9d51/datanode-2/data/ratis/b89a4c6b-e107-4741-ac45-2af9492efbff does not exist. Creating ...
2022-06-27 16:55:26,669 [pool-369-thread-1] INFO  storage.RaftStorageDirectory (RaftStorageDirectoryImpl.java:tryLock(230)) - Lock on /home/runner/work/ozone/ozone/hadoop-ozone/integration-test/target/test-dir/MiniOzoneClusterImpl-d171279b-4677-4c73-a7d6-55d9627e9d51/datanode-2/data/ratis/b89a4c6b-e107-4741-ac45-2af9492efbff/in_use.lock acquired by nodename 16603@fv-az215-30
2022-06-27 16:55:26,677 [pool-369-thread-1] INFO  storage.RaftStorage (RaftStorageImpl.java:format(89)) - Storage directory /home/runner/work/ozone/ozone/hadoop-ozone/integration-test/target/test-dir/MiniOzoneClusterImpl-d171279b-4677-4c73-a7d6-55d9627e9d51/datanode-2/data/ratis/b89a4c6b-e107-4741-ac45-2af9492efbff has been successfully formatted.
2022-06-27 16:55:26,678 [pool-369-thread-1] INFO  ratis.ContainerStateMachine (ContainerStateMachine.java:loadSnapshot(236)) - group-2AF9492EFBFF: The snapshot info is null. Setting the last applied indexto:(t:0, i:~)
2022-06-27 16:55:26,678 [pool-369-thread-1] INFO  server.RaftServerConfigKeys (ConfUtils.java:logGet(46)) - raft.server.notification.no-leader.timeout = 300s (custom)
2022-06-27 16:55:26,678 [pool-369-thread-1] INFO  server.RaftServerConfigKeys (ConfUtils.java:logGet(46)) - raft.server.log.use.memory = false (default)
2022-06-27 16:55:26,678 [pool-369-thread-1] INFO  server.RaftServerConfigKeys (ConfUtils.java:logGet(46)) - raft.server.log.purge.gap = 1000000 (custom)
2022-06-27 16:55:26,678 [pool-369-thread-1] INFO  server.RaftServerConfigKeys (ConfUtils.java:logGet(46)) - raft.server.log.appender.buffer.byte-limit = 33554432 (custom)
2022-06-27 16:55:26,678 [pool-369-thread-1] INFO  server.RaftServerConfigKeys (ConfUtils.java:logGet(46)) - raft.server.log.statemachine.data.read.timeout = 1000ms (default)
2022-06-27 16:55:26,679 [pool-369-thread-1] INFO  server.RaftServerConfigKeys (ConfUtils.java:logGet(46)) - raft.server.log.segment.size.max = 1048576 (custom)
2022-06-27 16:55:26,679 [pool-369-thread-1] INFO  server.RaftServerConfigKeys (ConfUtils.java:logGet(46)) - raft.server.log.segment.cache.num.max = 2 (custom)
2022-06-27 16:55:26,679 [pool-369-thread-1] INFO  server.RaftServerConfigKeys (ConfUtils.java:logGet(46)) - raft.server.log.segment.cache.size.max = 200MB (=209715200) (default)
2022-06-27 16:55:26,679 [pool-369-thread-1] INFO  segmented.SegmentedRaftLogWorker (SegmentedRaftLogWorker.java:<init>(187)) - new aff9d3c6-0a22-4090-bc43-74b57d8145ab@group-2AF9492EFBFF-SegmentedRaftLogWorker for RaftStorageImpl:Storage Directory /home/runner/work/ozone/ozone/hadoop-ozone/integration-test/target/test-dir/MiniOzoneClusterImpl-d171279b-4677-4c73-a7d6-55d9627e9d51/datanode-2/data/ratis/b89a4c6b-e107-4741-ac45-2af9492efbff
2022-06-27 16:55:26,679 [pool-369-thread-1] INFO  server.RaftServerConfigKeys (ConfUtils.java:logGet(46)) - raft.server.log.queue.byte-limit = 4294967296 (custom)
2022-06-27 16:55:26,679 [pool-369-thread-1] INFO  server.RaftServerConfigKeys (ConfUtils.java:logGet(46)) - raft.server.log.queue.element-limit = 1024 (custom)
2022-06-27 16:55:26,679 [pool-369-thread-1] INFO  server.RaftServerConfigKeys (ConfUtils.java:logGet(46)) - raft.server.log.segment.size.max = 1048576 (custom)
2022-06-27 16:55:26,679 [pool-369-thread-1] INFO  server.RaftServerConfigKeys (ConfUtils.java:logGet(46)) - raft.server.log.preallocated.size = 16384 (custom)
2022-06-27 16:55:26,679 [pool-369-thread-1] INFO  server.RaftServerConfigKeys (ConfUtils.java:logGet(46)) - raft.server.log.force.sync.num = 128 (default)
2022-06-27 16:55:26,679 [pool-369-thread-1] INFO  server.RaftServerConfigKeys (ConfUtils.java:logGet(46)) - raft.server.log.statemachine.data.sync = true (default)
2022-06-27 16:55:26,679 [pool-369-thread-1] INFO  server.RaftServerConfigKeys (ConfUtils.java:logGet(46)) - raft.server.log.statemachine.data.sync.timeout = 10s (default)
2022-06-27 16:55:26,679 [pool-369-thread-1] INFO  server.RaftServerConfigKeys (ConfUtils.java:logGet(46)) - raft.server.log.statemachine.data.sync.timeout.retry = -1 (default)
2022-06-27 16:55:26,680 [pool-369-thread-1] INFO  server.RaftServerConfigKeys (ConfUtils.java:logGet(46)) - raft.server.log.write.buffer.size = 1048576 (custom)
2022-06-27 16:55:26,680 [pool-369-thread-1] INFO  server.RaftServerConfigKeys (ConfUtils.java:logGet(46)) - raft.server.log.unsafe-flush.enabled = false (default)
2022-06-27 16:55:26,680 [pool-369-thread-1] INFO  server.RaftServerConfigKeys (ConfUtils.java:logGet(46)) - raft.server.log.statemachine.data.caching.enabled = true (custom)
2022-06-27 16:55:26,681 [pool-369-thread-1] INFO  segmented.SegmentedRaftLogWorker (SegmentedRaftLogWorker.java:lambda$new$0(135)) - aff9d3c6-0a22-4090-bc43-74b57d8145ab@group-2AF9492EFBFF-SegmentedRaftLogWorker: flushIndex: setUnconditionally 0 -> -1
2022-06-27 16:55:26,681 [pool-369-thread-1] INFO  segmented.SegmentedRaftLogWorker (SegmentedRaftLogWorker.java:lambda$new$0(135)) - aff9d3c6-0a22-4090-bc43-74b57d8145ab@group-2AF9492EFBFF-SegmentedRaftLogWorker: safeCacheEvictIndex: setUnconditionally 0 -> -1
2022-06-27 16:55:26,682 [pool-369-thread-1] INFO  server.RaftServerConfigKeys (ConfUtils.java:logGet(46)) - raft.server.snapshot.auto.trigger.enabled = true (custom)
2022-06-27 16:55:26,682 [pool-369-thread-1] INFO  server.RaftServerConfigKeys (ConfUtils.java:logGet(46)) - raft.server.snapshot.auto.trigger.threshold = 10000 (custom)
2022-06-27 16:55:26,682 [pool-369-thread-1] INFO  server.RaftServerConfigKeys (ConfUtils.java:logGet(46)) - raft.server.snapshot.retention.file.num = 5 (custom)
2022-06-27 16:55:26,682 [pool-369-thread-1] INFO  server.RaftServerConfigKeys (ConfUtils.java:logGet(46)) - raft.server.log.purge.upto.snapshot.index = false (default)
2022-06-27 16:55:26,682 [pool-369-thread-1] INFO  server.RaftServerConfigKeys (ConfUtils.java:logGet(46)) - raft.server.retrycache.expirytime = 600000ms (custom)
2022-06-27 16:55:26,682 [pool-369-thread-1] INFO  server.RaftServerConfigKeys (ConfUtils.java:logGet(46)) - raft.server.retrycache.statistics.expirytime = 100μs (default)
2022-06-27 16:55:26,684 [pool-369-thread-1] INFO  server.RaftServerConfigKeys (ConfUtils.java:logGet(46)) - raft.server.log.appender.install.snapshot.enabled = false (custom)
2022-06-27 16:55:26,684 [pool-369-thread-1] INFO  server.RaftServerConfigKeys (ConfUtils.java:logGet(46)) - raft.server.threadpool.server.cached = true (default)
2022-06-27 16:55:26,684 [pool-369-thread-1] INFO  server.RaftServerConfigKeys (ConfUtils.java:logGet(46)) - raft.server.threadpool.server.size = 0 (default)
2022-06-27 16:55:26,684 [pool-369-thread-1] INFO  server.RaftServerConfigKeys (ConfUtils.java:logGet(46)) - raft.server.threadpool.client.cached = true (default)
2022-06-27 16:55:26,684 [pool-369-thread-1] INFO  server.RaftServerConfigKeys (ConfUtils.java:logGet(46)) - raft.server.threadpool.client.size = 0 (default)
2022-06-27 16:55:26,684 [pool-369-thread-1] INFO  server.RaftServer$Division (RaftServerImpl.java:start(310)) - aff9d3c6-0a22-4090-bc43-74b57d8145ab@group-2AF9492EFBFF: start as a follower, conf=-1: [e3b02d69-2174-44c4-baa7-18bae5c8063e|rpc:10.1.0.22:34863|dataStream:|priority:0, 6005e4a5-b457-424c-9515-b1921d45a496|rpc:10.1.0.22:45857|dataStream:|priority:0, aff9d3c6-0a22-4090-bc43-74b57d8145ab|rpc:10.1.0.22:36293|dataStream:|priority:1], old=null
2022-06-27 16:55:26,684 [pool-369-thread-1] INFO  server.RaftServer$Division (RaftServerImpl.java:setRole(299)) - aff9d3c6-0a22-4090-bc43-74b57d8145ab@group-2AF9492EFBFF: changes role from      null to FOLLOWER at term 0 for startAsFollower
2022-06-27 16:55:26,684 [pool-369-thread-1] INFO  impl.RoleInfo (RoleInfo.java:updateAndGet(139)) - aff9d3c6-0a22-4090-bc43-74b57d8145ab: start aff9d3c6-0a22-4090-bc43-74b57d8145ab@group-2AF9492EFBFF-FollowerState
2022-06-27 16:55:26,689 [pool-369-thread-1] INFO  util.JmxRegister (JmxRegister.java:tryRegister(44)) - Successfully registered JMX Bean with object name Ratis:service=RaftServer,group=group-2AF9492EFBFF,id=aff9d3c6-0a22-4090-bc43-74b57d8145ab
2022-06-27 16:55:26,793 [grpc-default-executor-0] INFO  server.RaftServer (RaftServerProxy.java:addNew(96)) - 6005e4a5-b457-424c-9515-b1921d45a496: addNew group-2AF9492EFBFF:[e3b02d69-2174-44c4-baa7-18bae5c8063e|rpc:10.1.0.22:34863|dataStream:|priority:0, 6005e4a5-b457-424c-9515-b1921d45a496|rpc:10.1.0.22:45857|dataStream:|priority:0, aff9d3c6-0a22-4090-bc43-74b57d8145ab|rpc:10.1.0.22:36293|dataStream:|priority:1] returns group-2AF9492EFBFF:java.util.concurrent.CompletableFuture@2d668c8e[Not completed]
2022-06-27 16:55:26,798 [pool-346-thread-1] INFO  server.RaftServer$Division (RaftServerImpl.java:<init>(190)) - 6005e4a5-b457-424c-9515-b1921d45a496: new RaftServerImpl for group-2AF9492EFBFF:[e3b02d69-2174-44c4-baa7-18bae5c8063e|rpc:10.1.0.22:34863|dataStream:|priority:0, 6005e4a5-b457-424c-9515-b1921d45a496|rpc:10.1.0.22:45857|dataStream:|priority:0, aff9d3c6-0a22-4090-bc43-74b57d8145ab|rpc:10.1.0.22:36293|dataStream:|priority:1] with ContainerStateMachine:uninitialized
2022-06-27 16:55:26,799 [pool-346-thread-1] INFO  server.RaftServerConfigKeys (ConfUtils.java:logGet(46)) - raft.server.rpc.timeout.min = 5s (custom)
2022-06-27 16:55:26,799 [pool-346-thread-1] INFO  server.RaftServerConfigKeys (ConfUtils.java:logGet(46)) - raft.server.rpc.timeout.max = 5200ms (custom)
2022-06-27 16:55:26,799 [pool-346-thread-1] INFO  server.RaftServerConfigKeys (ConfUtils.java:logGet(46)) - raft.server.rpc.sleep.time = 25ms (default)
2022-06-27 16:55:26,799 [pool-346-thread-1] INFO  server.RaftServerConfigKeys (ConfUtils.java:logGet(46)) - raft.server.rpc.slowness.timeout = 300s (custom)
2022-06-27 16:55:26,799 [pool-346-thread-1] INFO  server.RaftServerConfigKeys (ConfUtils.java:logGet(46)) - raft.server.leaderelection.leader.step-down.wait-time = 10s (default)
2022-06-27 16:55:26,799 [pool-346-thread-1] INFO  server.RaftServerConfigKeys (ConfUtils.java:logGet(46)) - raft.server.sleep.deviation.threshold = 300ms (default)
2022-06-27 16:55:26,799 [pool-346-thread-1] INFO  server.RaftServer$Division (ServerState.java:<init>(107)) - 6005e4a5-b457-424c-9515-b1921d45a496@group-2AF9492EFBFF: ConfigurationManager, init=-1: [e3b02d69-2174-44c4-baa7-18bae5c8063e|rpc:10.1.0.22:34863|dataStream:|priority:0, 6005e4a5-b457-424c-9515-b1921d45a496|rpc:10.1.0.22:45857|dataStream:|priority:0, aff9d3c6-0a22-4090-bc43-74b57d8145ab|rpc:10.1.0.22:36293|dataStream:|priority:1], old=null, confs=<EMPTY_MAP>
2022-06-27 16:55:26,799 [pool-346-thread-1] INFO  server.RaftServerConfigKeys (ConfUtils.java:logGet(46)) - raft.server.storage.dir = [/home/runner/work/ozone/ozone/hadoop-ozone/integration-test/target/test-dir/MiniOzoneClusterImpl-d171279b-4677-4c73-a7d6-55d9627e9d51/datanode-1/data/ratis] (custom)
2022-06-27 16:55:26,799 [pool-346-thread-1] INFO  server.RaftServerConfigKeys (ConfUtils.java:logGet(46)) - raft.server.log.corruption.policy = EXCEPTION (default)
2022-06-27 16:55:26,799 [pool-346-thread-1] INFO  server.RaftServerConfigKeys (ConfUtils.java:logGet(46)) - raft.server.storage.free-space.min = 0MB (=0) (default)
2022-06-27 16:55:26,799 [pool-346-thread-1] INFO  storage.RaftStorageDirectory (RaftStorageDirectoryImpl.java:analyzeStorage(135)) - The storage directory /home/runner/work/ozone/ozone/hadoop-ozone/integration-test/target/test-dir/MiniOzoneClusterImpl-d171279b-4677-4c73-a7d6-55d9627e9d51/datanode-1/data/ratis/b89a4c6b-e107-4741-ac45-2af9492efbff does not exist. Creating ...
2022-06-27 16:55:26,817 [pool-346-thread-1] INFO  storage.RaftStorageDirectory (RaftStorageDirectoryImpl.java:tryLock(230)) - Lock on /home/runner/work/ozone/ozone/hadoop-ozone/integration-test/target/test-dir/MiniOzoneClusterImpl-d171279b-4677-4c73-a7d6-55d9627e9d51/datanode-1/data/ratis/b89a4c6b-e107-4741-ac45-2af9492efbff/in_use.lock acquired by nodename 16603@fv-az215-30
2022-06-27 16:55:26,829 [pool-346-thread-1] INFO  storage.RaftStorage (RaftStorageImpl.java:format(89)) - Storage directory /home/runner/work/ozone/ozone/hadoop-ozone/integration-test/target/test-dir/MiniOzoneClusterImpl-d171279b-4677-4c73-a7d6-55d9627e9d51/datanode-1/data/ratis/b89a4c6b-e107-4741-ac45-2af9492efbff has been successfully formatted.
2022-06-27 16:55:26,830 [pool-346-thread-1] INFO  ratis.ContainerStateMachine (ContainerStateMachine.java:loadSnapshot(236)) - group-2AF9492EFBFF: The snapshot info is null. Setting the last applied indexto:(t:0, i:~)
2022-06-27 16:55:26,830 [pool-346-thread-1] INFO  server.RaftServerConfigKeys (ConfUtils.java:logGet(46)) - raft.server.notification.no-leader.timeout = 300s (custom)
2022-06-27 16:55:26,831 [pool-346-thread-1] INFO  server.RaftServerConfigKeys (ConfUtils.java:logGet(46)) - raft.server.log.use.memory = false (default)
2022-06-27 16:55:26,831 [pool-346-thread-1] INFO  server.RaftServerConfigKeys (ConfUtils.java:logGet(46)) - raft.server.log.purge.gap = 1000000 (custom)
2022-06-27 16:55:26,831 [pool-346-thread-1] INFO  server.RaftServerConfigKeys (ConfUtils.java:logGet(46)) - raft.server.log.appender.buffer.byte-limit = 33554432 (custom)
2022-06-27 16:55:26,831 [pool-346-thread-1] INFO  server.RaftServerConfigKeys (ConfUtils.java:logGet(46)) - raft.server.log.statemachine.data.read.timeout = 1000ms (default)
2022-06-27 16:55:26,831 [pool-346-thread-1] INFO  server.RaftServerConfigKeys (ConfUtils.java:logGet(46)) - raft.server.log.segment.size.max = 1048576 (custom)
2022-06-27 16:55:26,841 [pool-346-thread-1] INFO  server.RaftServerConfigKeys (ConfUtils.java:logGet(46)) - raft.server.log.segment.cache.num.max = 2 (custom)
2022-06-27 16:55:26,841 [pool-346-thread-1] INFO  server.RaftServerConfigKeys (ConfUtils.java:logGet(46)) - raft.server.log.segment.cache.size.max = 200MB (=209715200) (default)
2022-06-27 16:55:26,841 [pool-346-thread-1] INFO  segmented.SegmentedRaftLogWorker (SegmentedRaftLogWorker.java:<init>(187)) - new 6005e4a5-b457-424c-9515-b1921d45a496@group-2AF9492EFBFF-SegmentedRaftLogWorker for RaftStorageImpl:Storage Directory /home/runner/work/ozone/ozone/hadoop-ozone/integration-test/target/test-dir/MiniOzoneClusterImpl-d171279b-4677-4c73-a7d6-55d9627e9d51/datanode-1/data/ratis/b89a4c6b-e107-4741-ac45-2af9492efbff
2022-06-27 16:55:26,841 [pool-346-thread-1] INFO  server.RaftServerConfigKeys (ConfUtils.java:logGet(46)) - raft.server.log.queue.byte-limit = 4294967296 (custom)
2022-06-27 16:55:26,841 [pool-346-thread-1] INFO  server.RaftServerConfigKeys (ConfUtils.java:logGet(46)) - raft.server.log.queue.element-limit = 1024 (custom)
2022-06-27 16:55:26,841 [pool-346-thread-1] INFO  server.RaftServerConfigKeys (ConfUtils.java:logGet(46)) - raft.server.log.segment.size.max = 1048576 (custom)
2022-06-27 16:55:26,841 [pool-346-thread-1] INFO  server.RaftServerConfigKeys (ConfUtils.java:logGet(46)) - raft.server.log.preallocated.size = 16384 (custom)
2022-06-27 16:55:26,841 [pool-346-thread-1] INFO  server.RaftServerConfigKeys (ConfUtils.java:logGet(46)) - raft.server.log.force.sync.num = 128 (default)
2022-06-27 16:55:26,841 [pool-346-thread-1] INFO  server.RaftServerConfigKeys (ConfUtils.java:logGet(46)) - raft.server.log.statemachine.data.sync = true (default)
2022-06-27 16:55:26,841 [pool-346-thread-1] INFO  server.RaftServerConfigKeys (ConfUtils.java:logGet(46)) - raft.server.log.statemachine.data.sync.timeout = 10s (default)
2022-06-27 16:55:26,841 [pool-346-thread-1] INFO  server.RaftServerConfigKeys (ConfUtils.java:logGet(46)) - raft.server.log.statemachine.data.sync.timeout.retry = -1 (default)
2022-06-27 16:55:26,842 [pool-346-thread-1] INFO  server.RaftServerConfigKeys (ConfUtils.java:logGet(46)) - raft.server.log.write.buffer.size = 1048576 (custom)
2022-06-27 16:55:26,842 [pool-346-thread-1] INFO  server.RaftServerConfigKeys (ConfUtils.java:logGet(46)) - raft.server.log.unsafe-flush.enabled = false (default)
2022-06-27 16:55:26,842 [pool-346-thread-1] INFO  server.RaftServerConfigKeys (ConfUtils.java:logGet(46)) - raft.server.log.statemachine.data.caching.enabled = true (custom)
2022-06-27 16:55:26,843 [pool-346-thread-1] INFO  segmented.SegmentedRaftLogWorker (SegmentedRaftLogWorker.java:lambda$new$0(135)) - 6005e4a5-b457-424c-9515-b1921d45a496@group-2AF9492EFBFF-SegmentedRaftLogWorker: flushIndex: setUnconditionally 0 -> -1
2022-06-27 16:55:26,843 [pool-346-thread-1] INFO  segmented.SegmentedRaftLogWorker (SegmentedRaftLogWorker.java:lambda$new$0(135)) - 6005e4a5-b457-424c-9515-b1921d45a496@group-2AF9492EFBFF-SegmentedRaftLogWorker: safeCacheEvictIndex: setUnconditionally 0 -> -1
2022-06-27 16:55:26,853 [pool-346-thread-1] INFO  server.RaftServerConfigKeys (ConfUtils.java:logGet(46)) - raft.server.snapshot.auto.trigger.enabled = true (custom)
2022-06-27 16:55:26,853 [pool-346-thread-1] INFO  server.RaftServerConfigKeys (ConfUtils.java:logGet(46)) - raft.server.snapshot.auto.trigger.threshold = 10000 (custom)
2022-06-27 16:55:26,853 [pool-346-thread-1] INFO  server.RaftServerConfigKeys (ConfUtils.java:logGet(46)) - raft.server.snapshot.retention.file.num = 5 (custom)
2022-06-27 16:55:26,853 [pool-346-thread-1] INFO  server.RaftServerConfigKeys (ConfUtils.java:logGet(46)) - raft.server.log.purge.upto.snapshot.index = false (default)
2022-06-27 16:55:26,853 [pool-346-thread-1] INFO  server.RaftServerConfigKeys (ConfUtils.java:logGet(46)) - raft.server.retrycache.expirytime = 600000ms (custom)
2022-06-27 16:55:26,853 [pool-346-thread-1] INFO  server.RaftServerConfigKeys (ConfUtils.java:logGet(46)) - raft.server.retrycache.statistics.expirytime = 100μs (default)
2022-06-27 16:55:26,854 [pool-346-thread-1] INFO  server.RaftServerConfigKeys (ConfUtils.java:logGet(46)) - raft.server.log.appender.install.snapshot.enabled = false (custom)
2022-06-27 16:55:26,854 [pool-346-thread-1] INFO  server.RaftServerConfigKeys (ConfUtils.java:logGet(46)) - raft.server.threadpool.server.cached = true (default)
2022-06-27 16:55:26,854 [pool-346-thread-1] INFO  server.RaftServerConfigKeys (ConfUtils.java:logGet(46)) - raft.server.threadpool.server.size = 0 (default)
2022-06-27 16:55:26,854 [pool-346-thread-1] INFO  server.RaftServerConfigKeys (ConfUtils.java:logGet(46)) - raft.server.threadpool.client.cached = true (default)
2022-06-27 16:55:26,854 [pool-346-thread-1] INFO  server.RaftServerConfigKeys (ConfUtils.java:logGet(46)) - raft.server.threadpool.client.size = 0 (default)
2022-06-27 16:55:26,854 [pool-346-thread-1] INFO  server.RaftServer$Division (RaftServerImpl.java:start(310)) - 6005e4a5-b457-424c-9515-b1921d45a496@group-2AF9492EFBFF: start as a follower, conf=-1: [e3b02d69-2174-44c4-baa7-18bae5c8063e|rpc:10.1.0.22:34863|dataStream:|priority:0, 6005e4a5-b457-424c-9515-b1921d45a496|rpc:10.1.0.22:45857|dataStream:|priority:0, aff9d3c6-0a22-4090-bc43-74b57d8145ab|rpc:10.1.0.22:36293|dataStream:|priority:1], old=null
2022-06-27 16:55:26,854 [pool-346-thread-1] INFO  server.RaftServer$Division (RaftServerImpl.java:setRole(299)) - 6005e4a5-b457-424c-9515-b1921d45a496@group-2AF9492EFBFF: changes role from      null to FOLLOWER at term 0 for startAsFollower
2022-06-27 16:55:26,854 [pool-346-thread-1] INFO  impl.RoleInfo (RoleInfo.java:updateAndGet(139)) - 6005e4a5-b457-424c-9515-b1921d45a496: start 6005e4a5-b457-424c-9515-b1921d45a496@group-2AF9492EFBFF-FollowerState
2022-06-27 16:55:26,855 [pool-346-thread-1] INFO  util.JmxRegister (JmxRegister.java:tryRegister(44)) - Successfully registered JMX Bean with object name Ratis:service=RaftServer,group=group-2AF9492EFBFF,id=6005e4a5-b457-424c-9515-b1921d45a496
2022-06-27 16:55:26,881 [Command processor thread] INFO  commandhandler.CreatePipelineCommandHandler (CreatePipelineCommandHandler.java:handle(113)) - Created Pipeline RATIS THREE PipelineID=b89a4c6b-e107-4741-ac45-2af9492efbff.
2022-06-27 16:55:26,882 [Command processor thread] INFO  server.RaftServer (RaftServerProxy.java:addNew(96)) - e3b02d69-2174-44c4-baa7-18bae5c8063e: addNew group-1389CD595B91:[e3b02d69-2174-44c4-baa7-18bae5c8063e|rpc:10.1.0.22:34863|priority:1, 6005e4a5-b457-424c-9515-b1921d45a496|rpc:10.1.0.22:45857|priority:0, aff9d3c6-0a22-4090-bc43-74b57d8145ab|rpc:10.1.0.22:36293|priority:0] returns group-1389CD595B91:java.util.concurrent.CompletableFuture@22d8ed84[Not completed]
2022-06-27 16:55:26,883 [pool-323-thread-1] INFO  server.RaftServer$Division (RaftServerImpl.java:<init>(190)) - e3b02d69-2174-44c4-baa7-18bae5c8063e: new RaftServerImpl for group-1389CD595B91:[e3b02d69-2174-44c4-baa7-18bae5c8063e|rpc:10.1.0.22:34863|priority:1, 6005e4a5-b457-424c-9515-b1921d45a496|rpc:10.1.0.22:45857|priority:0, aff9d3c6-0a22-4090-bc43-74b57d8145ab|rpc:10.1.0.22:36293|priority:0] with ContainerStateMachine:uninitialized
2022-06-27 16:55:26,883 [pool-323-thread-1] INFO  server.RaftServerConfigKeys (ConfUtils.java:logGet(46)) - raft.server.rpc.timeout.min = 5s (custom)
2022-06-27 16:55:26,883 [pool-323-thread-1] INFO  server.RaftServerConfigKeys (ConfUtils.java:logGet(46)) - raft.server.rpc.timeout.max = 5200ms (custom)
2022-06-27 16:55:26,883 [pool-323-thread-1] INFO  server.RaftServerConfigKeys (ConfUtils.java:logGet(46)) - raft.server.rpc.sleep.time = 25ms (default)
2022-06-27 16:55:26,883 [pool-323-thread-1] INFO  server.RaftServerConfigKeys (ConfUtils.java:logGet(46)) - raft.server.rpc.slowness.timeout = 300s (custom)
2022-06-27 16:55:26,883 [pool-323-thread-1] INFO  server.RaftServerConfigKeys (ConfUtils.java:logGet(46)) - raft.server.leaderelection.leader.step-down.wait-time = 10s (default)
2022-06-27 16:55:26,883 [pool-323-thread-1] INFO  server.RaftServerConfigKeys (ConfUtils.java:logGet(46)) - raft.server.sleep.deviation.threshold = 300ms (default)
2022-06-27 16:55:26,883 [pool-323-thread-1] INFO  server.RaftServer$Division (ServerState.java:<init>(107)) - e3b02d69-2174-44c4-baa7-18bae5c8063e@group-1389CD595B91: ConfigurationManager, init=-1: [e3b02d69-2174-44c4-baa7-18bae5c8063e|rpc:10.1.0.22:34863|priority:1, 6005e4a5-b457-424c-9515-b1921d45a496|rpc:10.1.0.22:45857|priority:0, aff9d3c6-0a22-4090-bc43-74b57d8145ab|rpc:10.1.0.22:36293|priority:0], old=null, confs=<EMPTY_MAP>
2022-06-27 16:55:26,883 [pool-323-thread-1] INFO  server.RaftServerConfigKeys (ConfUtils.java:logGet(46)) - raft.server.storage.dir = [/home/runner/work/ozone/ozone/hadoop-ozone/integration-test/target/test-dir/MiniOzoneClusterImpl-d171279b-4677-4c73-a7d6-55d9627e9d51/datanode-0/data/ratis] (custom)
2022-06-27 16:55:26,883 [pool-323-thread-1] INFO  server.RaftServerConfigKeys (ConfUtils.java:logGet(46)) - raft.server.log.corruption.policy = EXCEPTION (default)
2022-06-27 16:55:26,883 [pool-323-thread-1] INFO  server.RaftServerConfigKeys (ConfUtils.java:logGet(46)) - raft.server.storage.free-space.min = 0MB (=0) (default)
2022-06-27 16:55:26,883 [pool-323-thread-1] INFO  storage.RaftStorageDirectory (RaftStorageDirectoryImpl.java:analyzeStorage(135)) - The storage directory /home/runner/work/ozone/ozone/hadoop-ozone/integration-test/target/test-dir/MiniOzoneClusterImpl-d171279b-4677-4c73-a7d6-55d9627e9d51/datanode-0/data/ratis/4ff62548-9aed-4c58-857c-1389cd595b91 does not exist. Creating ...
2022-06-27 16:55:26,884 [pool-323-thread-1] INFO  storage.RaftStorageDirectory (RaftStorageDirectoryImpl.java:tryLock(230)) - Lock on /home/runner/work/ozone/ozone/hadoop-ozone/integration-test/target/test-dir/MiniOzoneClusterImpl-d171279b-4677-4c73-a7d6-55d9627e9d51/datanode-0/data/ratis/4ff62548-9aed-4c58-857c-1389cd595b91/in_use.lock acquired by nodename 16603@fv-az215-30
2022-06-27 16:55:26,885 [pool-323-thread-1] INFO  storage.RaftStorage (RaftStorageImpl.java:format(89)) - Storage directory /home/runner/work/ozone/ozone/hadoop-ozone/integration-test/target/test-dir/MiniOzoneClusterImpl-d171279b-4677-4c73-a7d6-55d9627e9d51/datanode-0/data/ratis/4ff62548-9aed-4c58-857c-1389cd595b91 has been successfully formatted.
2022-06-27 16:55:26,885 [pool-323-thread-1] INFO  ratis.ContainerStateMachine (ContainerStateMachine.java:loadSnapshot(236)) - group-1389CD595B91: The snapshot info is null. Setting the last applied indexto:(t:0, i:~)
2022-06-27 16:55:26,886 [pool-323-thread-1] INFO  server.RaftServerConfigKeys (ConfUtils.java:logGet(46)) - raft.server.notification.no-leader.timeout = 300s (custom)
2022-06-27 16:55:26,886 [pool-323-thread-1] INFO  server.RaftServerConfigKeys (ConfUtils.java:logGet(46)) - raft.server.log.use.memory = false (default)
2022-06-27 16:55:26,886 [pool-323-thread-1] INFO  server.RaftServerConfigKeys (ConfUtils.java:logGet(46)) - raft.server.log.purge.gap = 1000000 (custom)
2022-06-27 16:55:26,886 [pool-323-thread-1] INFO  server.RaftServerConfigKeys (ConfUtils.java:logGet(46)) - raft.server.log.appender.buffer.byte-limit = 33554432 (custom)
2022-06-27 16:55:26,886 [pool-323-thread-1] INFO  server.RaftServerConfigKeys (ConfUtils.java:logGet(46)) - raft.server.log.statemachine.data.read.timeout = 1000ms (default)
2022-06-27 16:55:26,886 [pool-323-thread-1] INFO  server.RaftServerConfigKeys (ConfUtils.java:logGet(46)) - raft.server.log.segment.size.max = 1048576 (custom)
2022-06-27 16:55:26,886 [pool-323-thread-1] INFO  server.RaftServerConfigKeys (ConfUtils.java:logGet(46)) - raft.server.log.segment.cache.num.max = 2 (custom)
2022-06-27 16:55:26,886 [pool-323-thread-1] INFO  server.RaftServerConfigKeys (ConfUtils.java:logGet(46)) - raft.server.log.segment.cache.size.max = 200MB (=209715200) (default)
2022-06-27 16:55:26,886 [pool-323-thread-1] INFO  segmented.SegmentedRaftLogWorker (SegmentedRaftLogWorker.java:<init>(187)) - new e3b02d69-2174-44c4-baa7-18bae5c8063e@group-1389CD595B91-SegmentedRaftLogWorker for RaftStorageImpl:Storage Directory /home/runner/work/ozone/ozone/hadoop-ozone/integration-test/target/test-dir/MiniOzoneClusterImpl-d171279b-4677-4c73-a7d6-55d9627e9d51/datanode-0/data/ratis/4ff62548-9aed-4c58-857c-1389cd595b91
2022-06-27 16:55:26,886 [pool-323-thread-1] INFO  server.RaftServerConfigKeys (ConfUtils.java:logGet(46)) - raft.server.log.queue.byte-limit = 4294967296 (custom)
2022-06-27 16:55:26,887 [pool-323-thread-1] INFO  server.RaftServerConfigKeys (ConfUtils.java:logGet(46)) - raft.server.log.queue.element-limit = 1024 (custom)
2022-06-27 16:55:26,887 [pool-323-thread-1] INFO  server.RaftServerConfigKeys (ConfUtils.java:logGet(46)) - raft.server.log.segment.size.max = 1048576 (custom)
2022-06-27 16:55:26,887 [pool-323-thread-1] INFO  server.RaftServerConfigKeys (ConfUtils.java:logGet(46)) - raft.server.log.preallocated.size = 16384 (custom)
2022-06-27 16:55:26,887 [pool-323-thread-1] INFO  server.RaftServerConfigKeys (ConfUtils.java:logGet(46)) - raft.server.log.force.sync.num = 128 (default)
2022-06-27 16:55:26,887 [pool-323-thread-1] INFO  server.RaftServerConfigKeys (ConfUtils.java:logGet(46)) - raft.server.log.statemachine.data.sync = true (default)
2022-06-27 16:55:26,887 [pool-323-thread-1] INFO  server.RaftServerConfigKeys (ConfUtils.java:logGet(46)) - raft.server.log.statemachine.data.sync.timeout = 10s (default)
2022-06-27 16:55:26,887 [pool-323-thread-1] INFO  server.RaftServerConfigKeys (ConfUtils.java:logGet(46)) - raft.server.log.statemachine.data.sync.timeout.retry = -1 (default)
2022-06-27 16:55:26,888 [pool-323-thread-1] INFO  server.RaftServerConfigKeys (ConfUtils.java:logGet(46)) - raft.server.log.write.buffer.size = 1048576 (custom)
2022-06-27 16:55:26,888 [pool-323-thread-1] INFO  server.RaftServerConfigKeys (ConfUtils.java:logGet(46)) - raft.server.log.unsafe-flush.enabled = false (default)
2022-06-27 16:55:26,888 [pool-323-thread-1] INFO  server.RaftServerConfigKeys (ConfUtils.java:logGet(46)) - raft.server.log.statemachine.data.caching.enabled = true (custom)
2022-06-27 16:55:26,888 [pool-323-thread-1] INFO  segmented.SegmentedRaftLogWorker (SegmentedRaftLogWorker.java:lambda$new$0(135)) - e3b02d69-2174-44c4-baa7-18bae5c8063e@group-1389CD595B91-SegmentedRaftLogWorker: flushIndex: setUnconditionally 0 -> -1
2022-06-27 16:55:26,888 [pool-323-thread-1] INFO  segmented.SegmentedRaftLogWorker (SegmentedRaftLogWorker.java:lambda$new$0(135)) - e3b02d69-2174-44c4-baa7-18bae5c8063e@group-1389CD595B91-SegmentedRaftLogWorker: safeCacheEvictIndex: setUnconditionally 0 -> -1
2022-06-27 16:55:26,890 [EventQueue-OpenPipelineForHealthyPipelineSafeModeRule] INFO  safemode.SCMSafeModeManager (HealthyPipelineSafeModeRule.java:process(124)) - SCM in safe mode. Healthy pipelines reported count is 0, required healthy pipeline reported count is 1
2022-06-27 16:55:26,910 [pool-323-thread-1] INFO  server.RaftServerConfigKeys (ConfUtils.java:logGet(46)) - raft.server.snapshot.auto.trigger.enabled = true (custom)
2022-06-27 16:55:26,910 [pool-323-thread-1] INFO  server.RaftServerConfigKeys (ConfUtils.java:logGet(46)) - raft.server.snapshot.auto.trigger.threshold = 10000 (custom)
2022-06-27 16:55:26,910 [pool-323-thread-1] INFO  server.RaftServerConfigKeys (ConfUtils.java:logGet(46)) - raft.server.snapshot.retention.file.num = 5 (custom)
2022-06-27 16:55:26,910 [pool-323-thread-1] INFO  server.RaftServerConfigKeys (ConfUtils.java:logGet(46)) - raft.server.log.purge.upto.snapshot.index = false (default)
2022-06-27 16:55:26,910 [pool-323-thread-1] INFO  server.RaftServerConfigKeys (ConfUtils.java:logGet(46)) - raft.server.retrycache.expirytime = 600000ms (custom)
2022-06-27 16:55:26,910 [pool-323-thread-1] INFO  server.RaftServerConfigKeys (ConfUtils.java:logGet(46)) - raft.server.retrycache.statistics.expirytime = 100μs (default)
2022-06-27 16:55:26,911 [pool-323-thread-1] INFO  server.RaftServerConfigKeys (ConfUtils.java:logGet(46)) - raft.server.log.appender.install.snapshot.enabled = false (custom)
2022-06-27 16:55:26,911 [pool-323-thread-1] INFO  server.RaftServerConfigKeys (ConfUtils.java:logGet(46)) - raft.server.threadpool.server.cached = true (default)
2022-06-27 16:55:26,911 [pool-323-thread-1] INFO  server.RaftServerConfigKeys (ConfUtils.java:logGet(46)) - raft.server.threadpool.server.size = 0 (default)
2022-06-27 16:55:26,911 [pool-323-thread-1] INFO  server.RaftServerConfigKeys (ConfUtils.java:logGet(46)) - raft.server.threadpool.client.cached = true (default)
2022-06-27 16:55:26,911 [pool-323-thread-1] INFO  server.RaftServerConfigKeys (ConfUtils.java:logGet(46)) - raft.server.threadpool.client.size = 0 (default)
2022-06-27 16:55:26,911 [pool-323-thread-1] INFO  server.RaftServer$Division (RaftServerImpl.java:start(310)) - e3b02d69-2174-44c4-baa7-18bae5c8063e@group-1389CD595B91: start as a follower, conf=-1: [e3b02d69-2174-44c4-baa7-18bae5c8063e|rpc:10.1.0.22:34863|priority:1, 6005e4a5-b457-424c-9515-b1921d45a496|rpc:10.1.0.22:45857|priority:0, aff9d3c6-0a22-4090-bc43-74b57d8145ab|rpc:10.1.0.22:36293|priority:0], old=null
2022-06-27 16:55:26,911 [pool-323-thread-1] INFO  server.RaftServer$Division (RaftServerImpl.java:setRole(299)) - e3b02d69-2174-44c4-baa7-18bae5c8063e@group-1389CD595B91: changes role from      null to FOLLOWER at term 0 for startAsFollower
2022-06-27 16:55:26,911 [pool-323-thread-1] INFO  impl.RoleInfo (RoleInfo.java:updateAndGet(139)) - e3b02d69-2174-44c4-baa7-18bae5c8063e: start e3b02d69-2174-44c4-baa7-18bae5c8063e@group-1389CD595B91-FollowerState
2022-06-27 16:55:26,918 [pool-323-thread-1] INFO  util.JmxRegister (JmxRegister.java:tryRegister(44)) - Successfully registered JMX Bean with object name Ratis:service=RaftServer,group=group-1389CD595B91,id=e3b02d69-2174-44c4-baa7-18bae5c8063e
2022-06-27 16:55:26,929 [Command processor thread] INFO  ratis.XceiverServerRatis (XceiverServerRatis.java:addGroup(765)) - Created group PipelineID=4ff62548-9aed-4c58-857c-1389cd595b91
2022-06-27 16:55:26,956 [grpc-default-executor-0] INFO  server.RaftServer (RaftServerProxy.java:addNew(96)) - aff9d3c6-0a22-4090-bc43-74b57d8145ab: addNew group-1389CD595B91:[e3b02d69-2174-44c4-baa7-18bae5c8063e|rpc:10.1.0.22:34863|dataStream:|priority:1, 6005e4a5-b457-424c-9515-b1921d45a496|rpc:10.1.0.22:45857|dataStream:|priority:0, aff9d3c6-0a22-4090-bc43-74b57d8145ab|rpc:10.1.0.22:36293|dataStream:|priority:0] returns group-1389CD595B91:java.util.concurrent.CompletableFuture@dbca74a[Not completed]
2022-06-27 16:55:26,956 [pool-369-thread-1] INFO  server.RaftServer$Division (RaftServerImpl.java:<init>(190)) - aff9d3c6-0a22-4090-bc43-74b57d8145ab: new RaftServerImpl for group-1389CD595B91:[e3b02d69-2174-44c4-baa7-18bae5c8063e|rpc:10.1.0.22:34863|dataStream:|priority:1, 6005e4a5-b457-424c-9515-b1921d45a496|rpc:10.1.0.22:45857|dataStream:|priority:0, aff9d3c6-0a22-4090-bc43-74b57d8145ab|rpc:10.1.0.22:36293|dataStream:|priority:0] with ContainerStateMachine:uninitialized
2022-06-27 16:55:26,957 [pool-369-thread-1] INFO  server.RaftServerConfigKeys (ConfUtils.java:logGet(46)) - raft.server.rpc.timeout.min = 5s (custom)
2022-06-27 16:55:26,957 [pool-369-thread-1] INFO  server.RaftServerConfigKeys (ConfUtils.java:logGet(46)) - raft.server.rpc.timeout.max = 5200ms (custom)
2022-06-27 16:55:26,957 [pool-369-thread-1] INFO  server.RaftServerConfigKeys (ConfUtils.java:logGet(46)) - raft.server.rpc.sleep.time = 25ms (default)
2022-06-27 16:55:26,957 [pool-369-thread-1] INFO  server.RaftServerConfigKeys (ConfUtils.java:logGet(46)) - raft.server.rpc.slowness.timeout = 300s (custom)
2022-06-27 16:55:26,957 [pool-369-thread-1] INFO  server.RaftServerConfigKeys (ConfUtils.java:logGet(46)) - raft.server.leaderelection.leader.step-down.wait-time = 10s (default)
2022-06-27 16:55:26,957 [pool-369-thread-1] INFO  server.RaftServerConfigKeys (ConfUtils.java:logGet(46)) - raft.server.sleep.deviation.threshold = 300ms (default)
2022-06-27 16:55:26,957 [pool-369-thread-1] INFO  server.RaftServer$Division (ServerState.java:<init>(107)) - aff9d3c6-0a22-4090-bc43-74b57d8145ab@group-1389CD595B91: ConfigurationManager, init=-1: [e3b02d69-2174-44c4-baa7-18bae5c8063e|rpc:10.1.0.22:34863|dataStream:|priority:1, 6005e4a5-b457-424c-9515-b1921d45a496|rpc:10.1.0.22:45857|dataStream:|priority:0, aff9d3c6-0a22-4090-bc43-74b57d8145ab|rpc:10.1.0.22:36293|dataStream:|priority:0], old=null, confs=<EMPTY_MAP>
2022-06-27 16:55:26,957 [pool-369-thread-1] INFO  server.RaftServerConfigKeys (ConfUtils.java:logGet(46)) - raft.server.storage.dir = [/home/runner/work/ozone/ozone/hadoop-ozone/integration-test/target/test-dir/MiniOzoneClusterImpl-d171279b-4677-4c73-a7d6-55d9627e9d51/datanode-2/data/ratis] (custom)
2022-06-27 16:55:26,957 [pool-369-thread-1] INFO  server.RaftServerConfigKeys (ConfUtils.java:logGet(46)) - raft.server.log.corruption.policy = EXCEPTION (default)
2022-06-27 16:55:26,957 [pool-369-thread-1] INFO  server.RaftServerConfigKeys (ConfUtils.java:logGet(46)) - raft.server.storage.free-space.min = 0MB (=0) (default)
2022-06-27 16:55:26,957 [pool-369-thread-1] INFO  storage.RaftStorageDirectory (RaftStorageDirectoryImpl.java:analyzeStorage(135)) - The storage directory /home/runner/work/ozone/ozone/hadoop-ozone/integration-test/target/test-dir/MiniOzoneClusterImpl-d171279b-4677-4c73-a7d6-55d9627e9d51/datanode-2/data/ratis/4ff62548-9aed-4c58-857c-1389cd595b91 does not exist. Creating ...
2022-06-27 16:55:26,958 [pool-369-thread-1] INFO  storage.RaftStorageDirectory (RaftStorageDirectoryImpl.java:tryLock(230)) - Lock on /home/runner/work/ozone/ozone/hadoop-ozone/integration-test/target/test-dir/MiniOzoneClusterImpl-d171279b-4677-4c73-a7d6-55d9627e9d51/datanode-2/data/ratis/4ff62548-9aed-4c58-857c-1389cd595b91/in_use.lock acquired by nodename 16603@fv-az215-30
2022-06-27 16:55:26,959 [pool-369-thread-1] INFO  storage.RaftStorage (RaftStorageImpl.java:format(89)) - Storage directory /home/runner/work/ozone/ozone/hadoop-ozone/integration-test/target/test-dir/MiniOzoneClusterImpl-d171279b-4677-4c73-a7d6-55d9627e9d51/datanode-2/data/ratis/4ff62548-9aed-4c58-857c-1389cd595b91 has been successfully formatted.
2022-06-27 16:55:26,961 [pool-369-thread-1] INFO  ratis.ContainerStateMachine (ContainerStateMachine.java:loadSnapshot(236)) - group-1389CD595B91: The snapshot info is null. Setting the last applied indexto:(t:0, i:~)
2022-06-27 16:55:26,961 [pool-369-thread-1] INFO  server.RaftServerConfigKeys (ConfUtils.java:logGet(46)) - raft.server.notification.no-leader.timeout = 300s (custom)
2022-06-27 16:55:26,961 [pool-369-thread-1] INFO  server.RaftServerConfigKeys (ConfUtils.java:logGet(46)) - raft.server.log.use.memory = false (default)
2022-06-27 16:55:26,961 [pool-369-thread-1] INFO  server.RaftServerConfigKeys (ConfUtils.java:logGet(46)) - raft.server.log.purge.gap = 1000000 (custom)
2022-06-27 16:55:26,961 [pool-369-thread-1] INFO  server.RaftServerConfigKeys (ConfUtils.java:logGet(46)) - raft.server.log.appender.buffer.byte-limit = 33554432 (custom)
2022-06-27 16:55:26,961 [pool-369-thread-1] INFO  server.RaftServerConfigKeys (ConfUtils.java:logGet(46)) - raft.server.log.statemachine.data.read.timeout = 1000ms (default)
2022-06-27 16:55:26,961 [pool-369-thread-1] INFO  server.RaftServerConfigKeys (ConfUtils.java:logGet(46)) - raft.server.log.segment.size.max = 1048576 (custom)
2022-06-27 16:55:26,962 [pool-369-thread-1] INFO  server.RaftServerConfigKeys (ConfUtils.java:logGet(46)) - raft.server.log.segment.cache.num.max = 2 (custom)
2022-06-27 16:55:26,962 [pool-369-thread-1] INFO  server.RaftServerConfigKeys (ConfUtils.java:logGet(46)) - raft.server.log.segment.cache.size.max = 200MB (=209715200) (default)
2022-06-27 16:55:26,962 [pool-369-thread-1] INFO  segmented.SegmentedRaftLogWorker (SegmentedRaftLogWorker.java:<init>(187)) - new aff9d3c6-0a22-4090-bc43-74b57d8145ab@group-1389CD595B91-SegmentedRaftLogWorker for RaftStorageImpl:Storage Directory /home/runner/work/ozone/ozone/hadoop-ozone/integration-test/target/test-dir/MiniOzoneClusterImpl-d171279b-4677-4c73-a7d6-55d9627e9d51/datanode-2/data/ratis/4ff62548-9aed-4c58-857c-1389cd595b91
2022-06-27 16:55:26,962 [pool-369-thread-1] INFO  server.RaftServerConfigKeys (ConfUtils.java:logGet(46)) - raft.server.log.queue.byte-limit = 4294967296 (custom)
2022-06-27 16:55:26,962 [pool-369-thread-1] INFO  server.RaftServerConfigKeys (ConfUtils.java:logGet(46)) - raft.server.log.queue.element-limit = 1024 (custom)
2022-06-27 16:55:26,962 [pool-369-thread-1] INFO  server.RaftServerConfigKeys (ConfUtils.java:logGet(46)) - raft.server.log.segment.size.max = 1048576 (custom)
2022-06-27 16:55:26,962 [pool-369-thread-1] INFO  server.RaftServerConfigKeys (ConfUtils.java:logGet(46)) - raft.server.log.preallocated.size = 16384 (custom)
2022-06-27 16:55:26,962 [pool-369-thread-1] INFO  server.RaftServerConfigKeys (ConfUtils.java:logGet(46)) - raft.server.log.force.sync.num = 128 (default)
2022-06-27 16:55:26,962 [pool-369-thread-1] INFO  server.RaftServerConfigKeys (ConfUtils.java:logGet(46)) - raft.server.log.statemachine.data.sync = true (default)
2022-06-27 16:55:26,962 [pool-369-thread-1] INFO  server.RaftServerConfigKeys (ConfUtils.java:logGet(46)) - raft.server.log.statemachine.data.sync.timeout = 10s (default)
2022-06-27 16:55:26,962 [pool-369-thread-1] INFO  server.RaftServerConfigKeys (ConfUtils.java:logGet(46)) - raft.server.log.statemachine.data.sync.timeout.retry = -1 (default)
2022-06-27 16:55:26,963 [pool-369-thread-1] INFO  server.RaftServerConfigKeys (ConfUtils.java:logGet(46)) - raft.server.log.write.buffer.size = 1048576 (custom)
2022-06-27 16:55:26,963 [pool-369-thread-1] INFO  server.RaftServerConfigKeys (ConfUtils.java:logGet(46)) - raft.server.log.unsafe-flush.enabled = false (default)
2022-06-27 16:55:26,963 [pool-369-thread-1] INFO  server.RaftServerConfigKeys (ConfUtils.java:logGet(46)) - raft.server.log.statemachine.data.caching.enabled = true (custom)
2022-06-27 16:55:26,963 [pool-369-thread-1] INFO  segmented.SegmentedRaftLogWorker (SegmentedRaftLogWorker.java:lambda$new$0(135)) - aff9d3c6-0a22-4090-bc43-74b57d8145ab@group-1389CD595B91-SegmentedRaftLogWorker: flushIndex: setUnconditionally 0 -> -1
2022-06-27 16:55:26,963 [pool-369-thread-1] INFO  segmented.SegmentedRaftLogWorker (SegmentedRaftLogWorker.java:lambda$new$0(135)) - aff9d3c6-0a22-4090-bc43-74b57d8145ab@group-1389CD595B91-SegmentedRaftLogWorker: safeCacheEvictIndex: setUnconditionally 0 -> -1
2022-06-27 16:55:26,963 [pool-369-thread-1] INFO  server.RaftServerConfigKeys (ConfUtils.java:logGet(46)) - raft.server.snapshot.auto.trigger.enabled = true (custom)
2022-06-27 16:55:26,963 [pool-369-thread-1] INFO  server.RaftServerConfigKeys (ConfUtils.java:logGet(46)) - raft.server.snapshot.auto.trigger.threshold = 10000 (custom)
2022-06-27 16:55:26,964 [pool-369-thread-1] INFO  server.RaftServerConfigKeys (ConfUtils.java:logGet(46)) - raft.server.snapshot.retention.file.num = 5 (custom)
2022-06-27 16:55:26,964 [pool-369-thread-1] INFO  server.RaftServerConfigKeys (ConfUtils.java:logGet(46)) - raft.server.log.purge.upto.snapshot.index = false (default)
2022-06-27 16:55:26,964 [Command processor thread] INFO  server.RaftServer (RaftServerProxy.java:addNew(96)) - 6005e4a5-b457-424c-9515-b1921d45a496: addNew group-7ED137AB5DB4:[6005e4a5-b457-424c-9515-b1921d45a496|rpc:10.1.0.22:45857|priority:1] returns group-7ED137AB5DB4:java.util.concurrent.CompletableFuture@7e888299[Not completed]
2022-06-27 16:55:26,964 [pool-346-thread-1] INFO  server.RaftServer$Division (RaftServerImpl.java:<init>(190)) - 6005e4a5-b457-424c-9515-b1921d45a496: new RaftServerImpl for group-7ED137AB5DB4:[6005e4a5-b457-424c-9515-b1921d45a496|rpc:10.1.0.22:45857|priority:1] with ContainerStateMachine:uninitialized
2022-06-27 16:55:26,964 [pool-346-thread-1] INFO  server.RaftServerConfigKeys (ConfUtils.java:logGet(46)) - raft.server.rpc.timeout.min = 5s (custom)
2022-06-27 16:55:26,964 [pool-346-thread-1] INFO  server.RaftServerConfigKeys (ConfUtils.java:logGet(46)) - raft.server.rpc.timeout.max = 5200ms (custom)
2022-06-27 16:55:26,964 [pool-346-thread-1] INFO  server.RaftServerConfigKeys (ConfUtils.java:logGet(46)) - raft.server.rpc.sleep.time = 25ms (default)
2022-06-27 16:55:26,964 [pool-346-thread-1] INFO  server.RaftServerConfigKeys (ConfUtils.java:logGet(46)) - raft.server.rpc.slowness.timeout = 300s (custom)
2022-06-27 16:55:26,964 [pool-346-thread-1] INFO  server.RaftServerConfigKeys (ConfUtils.java:logGet(46)) - raft.server.leaderelection.leader.step-down.wait-time = 10s (default)
2022-06-27 16:55:26,965 [pool-346-thread-1] INFO  server.RaftServerConfigKeys (ConfUtils.java:logGet(46)) - raft.server.sleep.deviation.threshold = 300ms (default)
2022-06-27 16:55:26,965 [pool-346-thread-1] INFO  server.RaftServer$Division (ServerState.java:<init>(107)) - 6005e4a5-b457-424c-9515-b1921d45a496@group-7ED137AB5DB4: ConfigurationManager, init=-1: [6005e4a5-b457-424c-9515-b1921d45a496|rpc:10.1.0.22:45857|priority:1], old=null, confs=<EMPTY_MAP>
2022-06-27 16:55:26,965 [pool-346-thread-1] INFO  server.RaftServerConfigKeys (ConfUtils.java:logGet(46)) - raft.server.storage.dir = [/home/runner/work/ozone/ozone/hadoop-ozone/integration-test/target/test-dir/MiniOzoneClusterImpl-d171279b-4677-4c73-a7d6-55d9627e9d51/datanode-1/data/ratis] (custom)
2022-06-27 16:55:26,965 [pool-346-thread-1] INFO  server.RaftServerConfigKeys (ConfUtils.java:logGet(46)) - raft.server.log.corruption.policy = EXCEPTION (default)
2022-06-27 16:55:26,965 [pool-346-thread-1] INFO  server.RaftServerConfigKeys (ConfUtils.java:logGet(46)) - raft.server.storage.free-space.min = 0MB (=0) (default)
2022-06-27 16:55:26,965 [pool-346-thread-1] INFO  storage.RaftStorageDirectory (RaftStorageDirectoryImpl.java:analyzeStorage(135)) - The storage directory /home/runner/work/ozone/ozone/hadoop-ozone/integration-test/target/test-dir/MiniOzoneClusterImpl-d171279b-4677-4c73-a7d6-55d9627e9d51/datanode-1/data/ratis/cb23113a-3d70-4f11-94f3-7ed137ab5db4 does not exist. Creating ...
2022-06-27 16:55:26,964 [pool-369-thread-1] INFO  server.RaftServerConfigKeys (ConfUtils.java:logGet(46)) - raft.server.retrycache.expirytime = 600000ms (custom)
2022-06-27 16:55:26,965 [pool-369-thread-1] INFO  server.RaftServerConfigKeys (ConfUtils.java:logGet(46)) - raft.server.retrycache.statistics.expirytime = 100μs (default)
2022-06-27 16:55:26,966 [pool-369-thread-1] INFO  server.RaftServerConfigKeys (ConfUtils.java:logGet(46)) - raft.server.log.appender.install.snapshot.enabled = false (custom)
2022-06-27 16:55:26,966 [pool-369-thread-1] INFO  server.RaftServerConfigKeys (ConfUtils.java:logGet(46)) - raft.server.threadpool.server.cached = true (default)
2022-06-27 16:55:26,966 [pool-369-thread-1] INFO  server.RaftServerConfigKeys (ConfUtils.java:logGet(46)) - raft.server.threadpool.server.size = 0 (default)
2022-06-27 16:55:26,966 [pool-369-thread-1] INFO  server.RaftServerConfigKeys (ConfUtils.java:logGet(46)) - raft.server.threadpool.client.cached = true (default)
2022-06-27 16:55:26,966 [pool-369-thread-1] INFO  server.RaftServerConfigKeys (ConfUtils.java:logGet(46)) - raft.server.threadpool.client.size = 0 (default)
2022-06-27 16:55:26,966 [pool-369-thread-1] INFO  server.RaftServer$Division (RaftServerImpl.java:start(310)) - aff9d3c6-0a22-4090-bc43-74b57d8145ab@group-1389CD595B91: start as a follower, conf=-1: [e3b02d69-2174-44c4-baa7-18bae5c8063e|rpc:10.1.0.22:34863|dataStream:|priority:1, 6005e4a5-b457-424c-9515-b1921d45a496|rpc:10.1.0.22:45857|dataStream:|priority:0, aff9d3c6-0a22-4090-bc43-74b57d8145ab|rpc:10.1.0.22:36293|dataStream:|priority:0], old=null
2022-06-27 16:55:26,967 [pool-369-thread-1] INFO  server.RaftServer$Division (RaftServerImpl.java:setRole(299)) - aff9d3c6-0a22-4090-bc43-74b57d8145ab@group-1389CD595B91: changes role from      null to FOLLOWER at term 0 for startAsFollower
2022-06-27 16:55:26,967 [pool-369-thread-1] INFO  impl.RoleInfo (RoleInfo.java:updateAndGet(139)) - aff9d3c6-0a22-4090-bc43-74b57d8145ab: start aff9d3c6-0a22-4090-bc43-74b57d8145ab@group-1389CD595B91-FollowerState
2022-06-27 16:55:26,967 [pool-369-thread-1] INFO  util.JmxRegister (JmxRegister.java:tryRegister(44)) - Successfully registered JMX Bean with object name Ratis:service=RaftServer,group=group-1389CD595B91,id=aff9d3c6-0a22-4090-bc43-74b57d8145ab
2022-06-27 16:55:26,967 [pool-346-thread-1] INFO  storage.RaftStorageDirectory (RaftStorageDirectoryImpl.java:tryLock(230)) - Lock on /home/runner/work/ozone/ozone/hadoop-ozone/integration-test/target/test-dir/MiniOzoneClusterImpl-d171279b-4677-4c73-a7d6-55d9627e9d51/datanode-1/data/ratis/cb23113a-3d70-4f11-94f3-7ed137ab5db4/in_use.lock acquired by nodename 16603@fv-az215-30
2022-06-27 16:55:26,968 [pool-346-thread-1] INFO  storage.RaftStorage (RaftStorageImpl.java:format(89)) - Storage directory /home/runner/work/ozone/ozone/hadoop-ozone/integration-test/target/test-dir/MiniOzoneClusterImpl-d171279b-4677-4c73-a7d6-55d9627e9d51/datanode-1/data/ratis/cb23113a-3d70-4f11-94f3-7ed137ab5db4 has been successfully formatted.
2022-06-27 16:55:26,968 [pool-346-thread-1] INFO  ratis.ContainerStateMachine (ContainerStateMachine.java:loadSnapshot(236)) - group-7ED137AB5DB4: The snapshot info is null. Setting the last applied indexto:(t:0, i:~)
2022-06-27 16:55:26,969 [pool-346-thread-1] INFO  server.RaftServerConfigKeys (ConfUtils.java:logGet(46)) - raft.server.notification.no-leader.timeout = 300s (custom)
2022-06-27 16:55:26,969 [pool-346-thread-1] INFO  server.RaftServerConfigKeys (ConfUtils.java:logGet(46)) - raft.server.log.use.memory = false (default)
2022-06-27 16:55:26,969 [pool-346-thread-1] INFO  server.RaftServerConfigKeys (ConfUtils.java:logGet(46)) - raft.server.log.purge.gap = 1000000 (custom)
2022-06-27 16:55:26,969 [pool-346-thread-1] INFO  server.RaftServerConfigKeys (ConfUtils.java:logGet(46)) - raft.server.log.appender.buffer.byte-limit = 33554432 (custom)
2022-06-27 16:55:26,969 [pool-346-thread-1] INFO  server.RaftServerConfigKeys (ConfUtils.java:logGet(46)) - raft.server.log.statemachine.data.read.timeout = 1000ms (default)
2022-06-27 16:55:26,969 [pool-346-thread-1] INFO  server.RaftServerConfigKeys (ConfUtils.java:logGet(46)) - raft.server.log.segment.size.max = 1048576 (custom)
2022-06-27 16:55:26,969 [pool-346-thread-1] INFO  server.RaftServerConfigKeys (ConfUtils.java:logGet(46)) - raft.server.log.segment.cache.num.max = 2 (custom)
2022-06-27 16:55:26,969 [pool-346-thread-1] INFO  server.RaftServerConfigKeys (ConfUtils.java:logGet(46)) - raft.server.log.segment.cache.size.max = 200MB (=209715200) (default)
2022-06-27 16:55:26,969 [pool-346-thread-1] INFO  segmented.SegmentedRaftLogWorker (SegmentedRaftLogWorker.java:<init>(187)) - new 6005e4a5-b457-424c-9515-b1921d45a496@group-7ED137AB5DB4-SegmentedRaftLogWorker for RaftStorageImpl:Storage Directory /home/runner/work/ozone/ozone/hadoop-ozone/integration-test/target/test-dir/MiniOzoneClusterImpl-d171279b-4677-4c73-a7d6-55d9627e9d51/datanode-1/data/ratis/cb23113a-3d70-4f11-94f3-7ed137ab5db4
2022-06-27 16:55:26,969 [pool-346-thread-1] INFO  server.RaftServerConfigKeys (ConfUtils.java:logGet(46)) - raft.server.log.queue.byte-limit = 4294967296 (custom)
2022-06-27 16:55:26,969 [pool-346-thread-1] INFO  server.RaftServerConfigKeys (ConfUtils.java:logGet(46)) - raft.server.log.queue.element-limit = 1024 (custom)
2022-06-27 16:55:26,969 [pool-346-thread-1] INFO  server.RaftServerConfigKeys (ConfUtils.java:logGet(46)) - raft.server.log.segment.size.max = 1048576 (custom)
2022-06-27 16:55:26,970 [pool-346-thread-1] INFO  server.RaftServerConfigKeys (ConfUtils.java:logGet(46)) - raft.server.log.preallocated.size = 16384 (custom)
2022-06-27 16:55:26,970 [pool-346-thread-1] INFO  server.RaftServerConfigKeys (ConfUtils.java:logGet(46)) - raft.server.log.force.sync.num = 128 (default)
2022-06-27 16:55:26,970 [pool-346-thread-1] INFO  server.RaftServerConfigKeys (ConfUtils.java:logGet(46)) - raft.server.log.statemachine.data.sync = true (default)
2022-06-27 16:55:26,970 [pool-346-thread-1] INFO  server.RaftServerConfigKeys (ConfUtils.java:logGet(46)) - raft.server.log.statemachine.data.sync.timeout = 10s (default)
2022-06-27 16:55:26,970 [pool-346-thread-1] INFO  server.RaftServerConfigKeys (ConfUtils.java:logGet(46)) - raft.server.log.statemachine.data.sync.timeout.retry = -1 (default)
2022-06-27 16:55:26,970 [pool-346-thread-1] INFO  server.RaftServerConfigKeys (ConfUtils.java:logGet(46)) - raft.server.log.write.buffer.size = 1048576 (custom)
2022-06-27 16:55:26,971 [pool-346-thread-1] INFO  server.RaftServerConfigKeys (ConfUtils.java:logGet(46)) - raft.server.log.unsafe-flush.enabled = false (default)
2022-06-27 16:55:26,971 [pool-346-thread-1] INFO  server.RaftServerConfigKeys (ConfUtils.java:logGet(46)) - raft.server.log.statemachine.data.caching.enabled = true (custom)
2022-06-27 16:55:26,971 [pool-346-thread-1] INFO  segmented.SegmentedRaftLogWorker (SegmentedRaftLogWorker.java:lambda$new$0(135)) - 6005e4a5-b457-424c-9515-b1921d45a496@group-7ED137AB5DB4-SegmentedRaftLogWorker: flushIndex: setUnconditionally 0 -> -1
2022-06-27 16:55:26,971 [pool-346-thread-1] INFO  segmented.SegmentedRaftLogWorker (SegmentedRaftLogWorker.java:lambda$new$0(135)) - 6005e4a5-b457-424c-9515-b1921d45a496@group-7ED137AB5DB4-SegmentedRaftLogWorker: safeCacheEvictIndex: setUnconditionally 0 -> -1
2022-06-27 16:55:26,988 [pool-346-thread-1] INFO  server.RaftServerConfigKeys (ConfUtils.java:logGet(46)) - raft.server.snapshot.auto.trigger.enabled = true (custom)
2022-06-27 16:55:26,988 [pool-346-thread-1] INFO  server.RaftServerConfigKeys (ConfUtils.java:logGet(46)) - raft.server.snapshot.auto.trigger.threshold = 10000 (custom)
2022-06-27 16:55:26,988 [pool-346-thread-1] INFO  server.RaftServerConfigKeys (ConfUtils.java:logGet(46)) - raft.server.snapshot.retention.file.num = 5 (custom)
2022-06-27 16:55:26,988 [pool-346-thread-1] INFO  server.RaftServerConfigKeys (ConfUtils.java:logGet(46)) - raft.server.log.purge.upto.snapshot.index = false (default)
2022-06-27 16:55:26,988 [pool-346-thread-1] INFO  server.RaftServerConfigKeys (ConfUtils.java:logGet(46)) - raft.server.retrycache.expirytime = 600000ms (custom)
2022-06-27 16:55:26,988 [pool-346-thread-1] INFO  server.RaftServerConfigKeys (ConfUtils.java:logGet(46)) - raft.server.retrycache.statistics.expirytime = 100μs (default)
2022-06-27 16:55:26,999 [pool-346-thread-1] INFO  server.RaftServerConfigKeys (ConfUtils.java:logGet(46)) - raft.server.log.appender.install.snapshot.enabled = false (custom)
2022-06-27 16:55:27,000 [pool-346-thread-1] INFO  server.RaftServerConfigKeys (ConfUtils.java:logGet(46)) - raft.server.threadpool.server.cached = true (default)
2022-06-27 16:55:27,000 [pool-346-thread-1] INFO  server.RaftServerConfigKeys (ConfUtils.java:logGet(46)) - raft.server.threadpool.server.size = 0 (default)
2022-06-27 16:55:27,000 [pool-346-thread-1] INFO  server.RaftServerConfigKeys (ConfUtils.java:logGet(46)) - raft.server.threadpool.client.cached = true (default)
2022-06-27 16:55:27,000 [pool-346-thread-1] INFO  server.RaftServerConfigKeys (ConfUtils.java:logGet(46)) - raft.server.threadpool.client.size = 0 (default)
2022-06-27 16:55:27,000 [pool-346-thread-1] INFO  server.RaftServer$Division (RaftServerImpl.java:start(310)) - 6005e4a5-b457-424c-9515-b1921d45a496@group-7ED137AB5DB4: start as a follower, conf=-1: [6005e4a5-b457-424c-9515-b1921d45a496|rpc:10.1.0.22:45857|priority:1], old=null
2022-06-27 16:55:27,000 [pool-346-thread-1] INFO  server.RaftServer$Division (RaftServerImpl.java:setRole(299)) - 6005e4a5-b457-424c-9515-b1921d45a496@group-7ED137AB5DB4: changes role from      null to FOLLOWER at term 0 for startAsFollower
2022-06-27 16:55:27,000 [pool-346-thread-1] INFO  impl.RoleInfo (RoleInfo.java:updateAndGet(139)) - 6005e4a5-b457-424c-9515-b1921d45a496: start 6005e4a5-b457-424c-9515-b1921d45a496@group-7ED137AB5DB4-FollowerState
2022-06-27 16:55:27,023 [pool-346-thread-1] INFO  util.JmxRegister (JmxRegister.java:tryRegister(44)) - Successfully registered JMX Bean with object name Ratis:service=RaftServer,group=group-7ED137AB5DB4,id=6005e4a5-b457-424c-9515-b1921d45a496
2022-06-27 16:55:27,024 [Command processor thread] INFO  ratis.XceiverServerRatis (XceiverServerRatis.java:addGroup(765)) - Created group PipelineID=cb23113a-3d70-4f11-94f3-7ed137ab5db4
2022-06-27 16:55:27,024 [Command processor thread] INFO  commandhandler.CreatePipelineCommandHandler (CreatePipelineCommandHandler.java:handle(113)) - Created Pipeline RATIS ONE PipelineID=cb23113a-3d70-4f11-94f3-7ed137ab5db4.
2022-06-27 16:55:27,024 [Command processor thread] INFO  server.RaftServer (RaftServerProxy.java:addNew(96)) - 6005e4a5-b457-424c-9515-b1921d45a496: addNew group-1389CD595B91:[e3b02d69-2174-44c4-baa7-18bae5c8063e|rpc:10.1.0.22:34863|priority:1, 6005e4a5-b457-424c-9515-b1921d45a496|rpc:10.1.0.22:45857|priority:0, aff9d3c6-0a22-4090-bc43-74b57d8145ab|rpc:10.1.0.22:36293|priority:0] returns group-1389CD595B91:java.util.concurrent.CompletableFuture@704f7338[Not completed]
2022-06-27 16:55:27,025 [pool-346-thread-1] INFO  server.RaftServer$Division (RaftServerImpl.java:<init>(190)) - 6005e4a5-b457-424c-9515-b1921d45a496: new RaftServerImpl for group-1389CD595B91:[e3b02d69-2174-44c4-baa7-18bae5c8063e|rpc:10.1.0.22:34863|priority:1, 6005e4a5-b457-424c-9515-b1921d45a496|rpc:10.1.0.22:45857|priority:0, aff9d3c6-0a22-4090-bc43-74b57d8145ab|rpc:10.1.0.22:36293|priority:0] with ContainerStateMachine:uninitialized
2022-06-27 16:55:27,025 [pool-346-thread-1] INFO  server.RaftServerConfigKeys (ConfUtils.java:logGet(46)) - raft.server.rpc.timeout.min = 5s (custom)
2022-06-27 16:55:27,025 [pool-346-thread-1] INFO  server.RaftServerConfigKeys (ConfUtils.java:logGet(46)) - raft.server.rpc.timeout.max = 5200ms (custom)
2022-06-27 16:55:27,025 [pool-346-thread-1] INFO  server.RaftServerConfigKeys (ConfUtils.java:logGet(46)) - raft.server.rpc.sleep.time = 25ms (default)
2022-06-27 16:55:27,025 [pool-346-thread-1] INFO  server.RaftServerConfigKeys (ConfUtils.java:logGet(46)) - raft.server.rpc.slowness.timeout = 300s (custom)
2022-06-27 16:55:27,025 [pool-346-thread-1] INFO  server.RaftServerConfigKeys (ConfUtils.java:logGet(46)) - raft.server.leaderelection.leader.step-down.wait-time = 10s (default)
2022-06-27 16:55:27,025 [pool-346-thread-1] INFO  server.RaftServerConfigKeys (ConfUtils.java:logGet(46)) - raft.server.sleep.deviation.threshold = 300ms (default)
2022-06-27 16:55:27,025 [pool-346-thread-1] INFO  server.RaftServer$Division (ServerState.java:<init>(107)) - 6005e4a5-b457-424c-9515-b1921d45a496@group-1389CD595B91: ConfigurationManager, init=-1: [e3b02d69-2174-44c4-baa7-18bae5c8063e|rpc:10.1.0.22:34863|priority:1, 6005e4a5-b457-424c-9515-b1921d45a496|rpc:10.1.0.22:45857|priority:0, aff9d3c6-0a22-4090-bc43-74b57d8145ab|rpc:10.1.0.22:36293|priority:0], old=null, confs=<EMPTY_MAP>
2022-06-27 16:55:27,025 [pool-346-thread-1] INFO  server.RaftServerConfigKeys (ConfUtils.java:logGet(46)) - raft.server.storage.dir = [/home/runner/work/ozone/ozone/hadoop-ozone/integration-test/target/test-dir/MiniOzoneClusterImpl-d171279b-4677-4c73-a7d6-55d9627e9d51/datanode-1/data/ratis] (custom)
2022-06-27 16:55:27,025 [pool-346-thread-1] INFO  server.RaftServerConfigKeys (ConfUtils.java:logGet(46)) - raft.server.log.corruption.policy = EXCEPTION (default)
2022-06-27 16:55:27,025 [pool-346-thread-1] INFO  server.RaftServerConfigKeys (ConfUtils.java:logGet(46)) - raft.server.storage.free-space.min = 0MB (=0) (default)
2022-06-27 16:55:27,026 [pool-346-thread-1] INFO  storage.RaftStorageDirectory (RaftStorageDirectoryImpl.java:analyzeStorage(135)) - The storage directory /home/runner/work/ozone/ozone/hadoop-ozone/integration-test/target/test-dir/MiniOzoneClusterImpl-d171279b-4677-4c73-a7d6-55d9627e9d51/datanode-1/data/ratis/4ff62548-9aed-4c58-857c-1389cd595b91 does not exist. Creating ...
2022-06-27 16:55:27,026 [EventQueue-PipelineReportForPipelineReportHandler] INFO  pipeline.PipelineManagerImpl (PipelineManagerImpl.java:openPipeline(358)) - Pipeline Pipeline[ Id: cb23113a-3d70-4f11-94f3-7ed137ab5db4, Nodes: 6005e4a5-b457-424c-9515-b1921d45a496{ip: 10.1.0.22, host: fv-az215-30.fk02tkdpp51uda4i120yanydqb.bx.internal.cloudapp.net, ports: [REPLICATION=42237, RATIS=45857, RATIS_ADMIN=45857, RATIS_SERVER=45857, STANDALONE=35149], networkLocation: /default-rack, certSerialId: null, persistedOpState: IN_SERVICE, persistedOpStateExpiryEpochSec: 0}, ReplicationConfig: RATIS/ONE, State:ALLOCATED, leaderId:6005e4a5-b457-424c-9515-b1921d45a496, CreationTimestamp2022-06-27T16:55:23.977Z[Etc/UTC]] moved to OPEN state
2022-06-27 16:55:27,027 [pool-346-thread-1] INFO  storage.RaftStorageDirectory (RaftStorageDirectoryImpl.java:tryLock(230)) - Lock on /home/runner/work/ozone/ozone/hadoop-ozone/integration-test/target/test-dir/MiniOzoneClusterImpl-d171279b-4677-4c73-a7d6-55d9627e9d51/datanode-1/data/ratis/4ff62548-9aed-4c58-857c-1389cd595b91/in_use.lock acquired by nodename 16603@fv-az215-30
2022-06-27 16:55:27,027 [EventQueue-OpenPipelineForHealthyPipelineSafeModeRule] INFO  safemode.SCMSafeModeManager (HealthyPipelineSafeModeRule.java:process(124)) - SCM in safe mode. Healthy pipelines reported count is 0, required healthy pipeline reported count is 1
2022-06-27 16:55:27,032 [pool-346-thread-1] INFO  storage.RaftStorage (RaftStorageImpl.java:format(89)) - Storage directory /home/runner/work/ozone/ozone/hadoop-ozone/integration-test/target/test-dir/MiniOzoneClusterImpl-d171279b-4677-4c73-a7d6-55d9627e9d51/datanode-1/data/ratis/4ff62548-9aed-4c58-857c-1389cd595b91 has been successfully formatted.
2022-06-27 16:55:27,032 [pool-346-thread-1] INFO  ratis.ContainerStateMachine (ContainerStateMachine.java:loadSnapshot(236)) - group-1389CD595B91: The snapshot info is null. Setting the last applied indexto:(t:0, i:~)
2022-06-27 16:55:27,033 [pool-346-thread-1] INFO  server.RaftServerConfigKeys (ConfUtils.java:logGet(46)) - raft.server.notification.no-leader.timeout = 300s (custom)
2022-06-27 16:55:27,033 [pool-346-thread-1] INFO  server.RaftServerConfigKeys (ConfUtils.java:logGet(46)) - raft.server.log.use.memory = false (default)
2022-06-27 16:55:27,033 [pool-346-thread-1] INFO  server.RaftServerConfigKeys (ConfUtils.java:logGet(46)) - raft.server.log.purge.gap = 1000000 (custom)
2022-06-27 16:55:27,033 [pool-346-thread-1] INFO  server.RaftServerConfigKeys (ConfUtils.java:logGet(46)) - raft.server.log.appender.buffer.byte-limit = 33554432 (custom)
2022-06-27 16:55:27,033 [pool-346-thread-1] INFO  server.RaftServerConfigKeys (ConfUtils.java:logGet(46)) - raft.server.log.statemachine.data.read.timeout = 1000ms (default)
2022-06-27 16:55:27,033 [pool-346-thread-1] INFO  server.RaftServerConfigKeys (ConfUtils.java:logGet(46)) - raft.server.log.segment.size.max = 1048576 (custom)
2022-06-27 16:55:27,033 [pool-346-thread-1] INFO  server.RaftServerConfigKeys (ConfUtils.java:logGet(46)) - raft.server.log.segment.cache.num.max = 2 (custom)
2022-06-27 16:55:27,033 [pool-346-thread-1] INFO  server.RaftServerConfigKeys (ConfUtils.java:logGet(46)) - raft.server.log.segment.cache.size.max = 200MB (=209715200) (default)
2022-06-27 16:55:27,033 [pool-346-thread-1] INFO  segmented.SegmentedRaftLogWorker (SegmentedRaftLogWorker.java:<init>(187)) - new 6005e4a5-b457-424c-9515-b1921d45a496@group-1389CD595B91-SegmentedRaftLogWorker for RaftStorageImpl:Storage Directory /home/runner/work/ozone/ozone/hadoop-ozone/integration-test/target/test-dir/MiniOzoneClusterImpl-d171279b-4677-4c73-a7d6-55d9627e9d51/datanode-1/data/ratis/4ff62548-9aed-4c58-857c-1389cd595b91
2022-06-27 16:55:27,033 [pool-346-thread-1] INFO  server.RaftServerConfigKeys (ConfUtils.java:logGet(46)) - raft.server.log.queue.byte-limit = 4294967296 (custom)
2022-06-27 16:55:27,033 [pool-346-thread-1] INFO  server.RaftServerConfigKeys (ConfUtils.java:logGet(46)) - raft.server.log.queue.element-limit = 1024 (custom)
2022-06-27 16:55:27,033 [pool-346-thread-1] INFO  server.RaftServerConfigKeys (ConfUtils.java:logGet(46)) - raft.server.log.segment.size.max = 1048576 (custom)
2022-06-27 16:55:27,034 [pool-346-thread-1] INFO  server.RaftServerConfigKeys (ConfUtils.java:logGet(46)) - raft.server.log.preallocated.size = 16384 (custom)
2022-06-27 16:55:27,034 [pool-346-thread-1] INFO  server.RaftServerConfigKeys (ConfUtils.java:logGet(46)) - raft.server.log.force.sync.num = 128 (default)
2022-06-27 16:55:27,034 [pool-346-thread-1] INFO  server.RaftServerConfigKeys (ConfUtils.java:logGet(46)) - raft.server.log.statemachine.data.sync = true (default)
2022-06-27 16:55:27,034 [pool-346-thread-1] INFO  server.RaftServerConfigKeys (ConfUtils.java:logGet(46)) - raft.server.log.statemachine.data.sync.timeout = 10s (default)
2022-06-27 16:55:27,034 [pool-346-thread-1] INFO  server.RaftServerConfigKeys (ConfUtils.java:logGet(46)) - raft.server.log.statemachine.data.sync.timeout.retry = -1 (default)
2022-06-27 16:55:27,050 [EventQueue-OpenPipelineForHealthyPipelineSafeModeRule] INFO  safemode.SCMSafeModeManager (HealthyPipelineSafeModeRule.java:process(124)) - SCM in safe mode. Healthy pipelines reported count is 0, required healthy pipeline reported count is 1
2022-06-27 16:55:27,058 [pool-346-thread-1] INFO  server.RaftServerConfigKeys (ConfUtils.java:logGet(46)) - raft.server.log.write.buffer.size = 1048576 (custom)
2022-06-27 16:55:27,059 [pool-346-thread-1] INFO  server.RaftServerConfigKeys (ConfUtils.java:logGet(46)) - raft.server.log.unsafe-flush.enabled = false (default)
2022-06-27 16:55:27,059 [pool-346-thread-1] INFO  server.RaftServerConfigKeys (ConfUtils.java:logGet(46)) - raft.server.log.statemachine.data.caching.enabled = true (custom)
2022-06-27 16:55:27,059 [pool-346-thread-1] INFO  segmented.SegmentedRaftLogWorker (SegmentedRaftLogWorker.java:lambda$new$0(135)) - 6005e4a5-b457-424c-9515-b1921d45a496@group-1389CD595B91-SegmentedRaftLogWorker: flushIndex: setUnconditionally 0 -> -1
2022-06-27 16:55:27,059 [pool-346-thread-1] INFO  segmented.SegmentedRaftLogWorker (SegmentedRaftLogWorker.java:lambda$new$0(135)) - 6005e4a5-b457-424c-9515-b1921d45a496@group-1389CD595B91-SegmentedRaftLogWorker: safeCacheEvictIndex: setUnconditionally 0 -> -1
2022-06-27 16:55:27,073 [pool-346-thread-1] INFO  server.RaftServerConfigKeys (ConfUtils.java:logGet(46)) - raft.server.snapshot.auto.trigger.enabled = true (custom)
2022-06-27 16:55:27,073 [pool-346-thread-1] INFO  server.RaftServerConfigKeys (ConfUtils.java:logGet(46)) - raft.server.snapshot.auto.trigger.threshold = 10000 (custom)
2022-06-27 16:55:27,073 [pool-346-thread-1] INFO  server.RaftServerConfigKeys (ConfUtils.java:logGet(46)) - raft.server.snapshot.retention.file.num = 5 (custom)
2022-06-27 16:55:27,073 [pool-346-thread-1] INFO  server.RaftServerConfigKeys (ConfUtils.java:logGet(46)) - raft.server.log.purge.upto.snapshot.index = false (default)
2022-06-27 16:55:27,073 [pool-346-thread-1] INFO  server.RaftServerConfigKeys (ConfUtils.java:logGet(46)) - raft.server.retrycache.expirytime = 600000ms (custom)
2022-06-27 16:55:27,073 [pool-346-thread-1] INFO  server.RaftServerConfigKeys (ConfUtils.java:logGet(46)) - raft.server.retrycache.statistics.expirytime = 100μs (default)
2022-06-27 16:55:27,074 [pool-346-thread-1] INFO  server.RaftServerConfigKeys (ConfUtils.java:logGet(46)) - raft.server.log.appender.install.snapshot.enabled = false (custom)
2022-06-27 16:55:27,074 [pool-346-thread-1] INFO  server.RaftServerConfigKeys (ConfUtils.java:logGet(46)) - raft.server.threadpool.server.cached = true (default)
2022-06-27 16:55:27,074 [pool-346-thread-1] INFO  server.RaftServerConfigKeys (ConfUtils.java:logGet(46)) - raft.server.threadpool.server.size = 0 (default)
2022-06-27 16:55:27,074 [pool-346-thread-1] INFO  server.RaftServerConfigKeys (ConfUtils.java:logGet(46)) - raft.server.threadpool.client.cached = true (default)
2022-06-27 16:55:27,074 [pool-346-thread-1] INFO  server.RaftServerConfigKeys (ConfUtils.java:logGet(46)) - raft.server.threadpool.client.size = 0 (default)
2022-06-27 16:55:27,074 [pool-346-thread-1] INFO  server.RaftServer$Division (RaftServerImpl.java:start(310)) - 6005e4a5-b457-424c-9515-b1921d45a496@group-1389CD595B91: start as a follower, conf=-1: [e3b02d69-2174-44c4-baa7-18bae5c8063e|rpc:10.1.0.22:34863|priority:1, 6005e4a5-b457-424c-9515-b1921d45a496|rpc:10.1.0.22:45857|priority:0, aff9d3c6-0a22-4090-bc43-74b57d8145ab|rpc:10.1.0.22:36293|priority:0], old=null
2022-06-27 16:55:27,074 [pool-346-thread-1] INFO  server.RaftServer$Division (RaftServerImpl.java:setRole(299)) - 6005e4a5-b457-424c-9515-b1921d45a496@group-1389CD595B91: changes role from      null to FOLLOWER at term 0 for startAsFollower
2022-06-27 16:55:27,074 [pool-346-thread-1] INFO  impl.RoleInfo (RoleInfo.java:updateAndGet(139)) - 6005e4a5-b457-424c-9515-b1921d45a496: start 6005e4a5-b457-424c-9515-b1921d45a496@group-1389CD595B91-FollowerState
2022-06-27 16:55:27,090 [pool-346-thread-1] INFO  util.JmxRegister (JmxRegister.java:tryRegister(44)) - Successfully registered JMX Bean with object name Ratis:service=RaftServer,group=group-1389CD595B91,id=6005e4a5-b457-424c-9515-b1921d45a496
2022-06-27 16:55:27,113 [Command processor thread] INFO  ratis.XceiverServerRatis (XceiverServerRatis.java:addGroup(765)) - Created group PipelineID=4ff62548-9aed-4c58-857c-1389cd595b91
2022-06-27 16:55:27,150 [Command processor thread] INFO  commandhandler.CreatePipelineCommandHandler (CreatePipelineCommandHandler.java:handle(113)) - Created Pipeline RATIS THREE PipelineID=4ff62548-9aed-4c58-857c-1389cd595b91.
2022-06-27 16:55:27,186 [Listener at 127.0.0.1/39955] INFO  ozone.MiniOzoneClusterImpl (MiniOzoneClusterImpl.java:lambda$waitForClusterToBeReady$0(223)) - Nodes are ready. Got 5 of 5 DN Heartbeats.
2022-06-27 16:55:27,186 [Listener at 127.0.0.1/39955] INFO  ozone.MiniOzoneClusterImpl (MiniOzoneClusterImpl.java:lambda$waitForClusterToBeReady$0(226)) - Waiting for cluster to exit safe mode
2022-06-27 16:55:27,186 [Listener at 127.0.0.1/39955] INFO  ozone.MiniOzoneClusterImpl (MiniOzoneClusterImpl.java:lambda$waitForClusterToBeReady$0(228)) - SCM became leader
2022-06-27 16:55:27,305 [Command processor thread] INFO  commandhandler.CreatePipelineCommandHandler (CreatePipelineCommandHandler.java:handle(113)) - Created Pipeline RATIS THREE PipelineID=4ff62548-9aed-4c58-857c-1389cd595b91.
2022-06-27 16:55:27,373 [Command processor thread] INFO  server.RaftServer (RaftServerProxy.java:addNew(96)) - aff9d3c6-0a22-4090-bc43-74b57d8145ab: addNew group-7DC80AA270C9:[aff9d3c6-0a22-4090-bc43-74b57d8145ab|rpc:10.1.0.22:36293|priority:1] returns group-7DC80AA270C9:java.util.concurrent.CompletableFuture@1761f677[Not completed]
2022-06-27 16:55:27,374 [pool-369-thread-1] INFO  server.RaftServer$Division (RaftServerImpl.java:<init>(190)) - aff9d3c6-0a22-4090-bc43-74b57d8145ab: new RaftServerImpl for group-7DC80AA270C9:[aff9d3c6-0a22-4090-bc43-74b57d8145ab|rpc:10.1.0.22:36293|priority:1] with ContainerStateMachine:uninitialized
2022-06-27 16:55:27,374 [pool-369-thread-1] INFO  server.RaftServerConfigKeys (ConfUtils.java:logGet(46)) - raft.server.rpc.timeout.min = 5s (custom)
2022-06-27 16:55:27,374 [pool-369-thread-1] INFO  server.RaftServerConfigKeys (ConfUtils.java:logGet(46)) - raft.server.rpc.timeout.max = 5200ms (custom)
2022-06-27 16:55:27,374 [pool-369-thread-1] INFO  server.RaftServerConfigKeys (ConfUtils.java:logGet(46)) - raft.server.rpc.sleep.time = 25ms (default)
2022-06-27 16:55:27,374 [pool-369-thread-1] INFO  server.RaftServerConfigKeys (ConfUtils.java:logGet(46)) - raft.server.rpc.slowness.timeout = 300s (custom)
2022-06-27 16:55:27,374 [pool-369-thread-1] INFO  server.RaftServerConfigKeys (ConfUtils.java:logGet(46)) - raft.server.leaderelection.leader.step-down.wait-time = 10s (default)
2022-06-27 16:55:27,374 [pool-369-thread-1] INFO  server.RaftServerConfigKeys (ConfUtils.java:logGet(46)) - raft.server.sleep.deviation.threshold = 300ms (default)
2022-06-27 16:55:27,374 [pool-369-thread-1] INFO  server.RaftServer$Division (ServerState.java:<init>(107)) - aff9d3c6-0a22-4090-bc43-74b57d8145ab@group-7DC80AA270C9: ConfigurationManager, init=-1: [aff9d3c6-0a22-4090-bc43-74b57d8145ab|rpc:10.1.0.22:36293|priority:1], old=null, confs=<EMPTY_MAP>
2022-06-27 16:55:27,374 [pool-369-thread-1] INFO  server.RaftServerConfigKeys (ConfUtils.java:logGet(46)) - raft.server.storage.dir = [/home/runner/work/ozone/ozone/hadoop-ozone/integration-test/target/test-dir/MiniOzoneClusterImpl-d171279b-4677-4c73-a7d6-55d9627e9d51/datanode-2/data/ratis] (custom)
2022-06-27 16:55:27,375 [pool-369-thread-1] INFO  server.RaftServerConfigKeys (ConfUtils.java:logGet(46)) - raft.server.log.corruption.policy = EXCEPTION (default)
2022-06-27 16:55:27,375 [pool-369-thread-1] INFO  server.RaftServerConfigKeys (ConfUtils.java:logGet(46)) - raft.server.storage.free-space.min = 0MB (=0) (default)
2022-06-27 16:55:27,375 [pool-369-thread-1] INFO  storage.RaftStorageDirectory (RaftStorageDirectoryImpl.java:analyzeStorage(135)) - The storage directory /home/runner/work/ozone/ozone/hadoop-ozone/integration-test/target/test-dir/MiniOzoneClusterImpl-d171279b-4677-4c73-a7d6-55d9627e9d51/datanode-2/data/ratis/26108e21-8e2b-4602-82c8-7dc80aa270c9 does not exist. Creating ...
2022-06-27 16:55:27,381 [pool-369-thread-1] INFO  storage.RaftStorageDirectory (RaftStorageDirectoryImpl.java:tryLock(230)) - Lock on /home/runner/work/ozone/ozone/hadoop-ozone/integration-test/target/test-dir/MiniOzoneClusterImpl-d171279b-4677-4c73-a7d6-55d9627e9d51/datanode-2/data/ratis/26108e21-8e2b-4602-82c8-7dc80aa270c9/in_use.lock acquired by nodename 16603@fv-az215-30
2022-06-27 16:55:27,382 [pool-369-thread-1] INFO  storage.RaftStorage (RaftStorageImpl.java:format(89)) - Storage directory /home/runner/work/ozone/ozone/hadoop-ozone/integration-test/target/test-dir/MiniOzoneClusterImpl-d171279b-4677-4c73-a7d6-55d9627e9d51/datanode-2/data/ratis/26108e21-8e2b-4602-82c8-7dc80aa270c9 has been successfully formatted.
2022-06-27 16:55:27,383 [pool-369-thread-1] INFO  ratis.ContainerStateMachine (ContainerStateMachine.java:loadSnapshot(236)) - group-7DC80AA270C9: The snapshot info is null. Setting the last applied indexto:(t:0, i:~)
2022-06-27 16:55:27,383 [pool-369-thread-1] INFO  server.RaftServerConfigKeys (ConfUtils.java:logGet(46)) - raft.server.notification.no-leader.timeout = 300s (custom)
2022-06-27 16:55:27,383 [pool-369-thread-1] INFO  server.RaftServerConfigKeys (ConfUtils.java:logGet(46)) - raft.server.log.use.memory = false (default)
2022-06-27 16:55:27,383 [pool-369-thread-1] INFO  server.RaftServerConfigKeys (ConfUtils.java:logGet(46)) - raft.server.log.purge.gap = 1000000 (custom)
2022-06-27 16:55:27,383 [pool-369-thread-1] INFO  server.RaftServerConfigKeys (ConfUtils.java:logGet(46)) - raft.server.log.appender.buffer.byte-limit = 33554432 (custom)
2022-06-27 16:55:27,383 [pool-369-thread-1] INFO  server.RaftServerConfigKeys (ConfUtils.java:logGet(46)) - raft.server.log.statemachine.data.read.timeout = 1000ms (default)
2022-06-27 16:55:27,383 [pool-369-thread-1] INFO  server.RaftServerConfigKeys (ConfUtils.java:logGet(46)) - raft.server.log.segment.size.max = 1048576 (custom)
2022-06-27 16:55:27,384 [pool-369-thread-1] INFO  server.RaftServerConfigKeys (ConfUtils.java:logGet(46)) - raft.server.log.segment.cache.num.max = 2 (custom)
2022-06-27 16:55:27,384 [pool-369-thread-1] INFO  server.RaftServerConfigKeys (ConfUtils.java:logGet(46)) - raft.server.log.segment.cache.size.max = 200MB (=209715200) (default)
2022-06-27 16:55:27,384 [pool-369-thread-1] INFO  segmented.SegmentedRaftLogWorker (SegmentedRaftLogWorker.java:<init>(187)) - new aff9d3c6-0a22-4090-bc43-74b57d8145ab@group-7DC80AA270C9-SegmentedRaftLogWorker for RaftStorageImpl:Storage Directory /home/runner/work/ozone/ozone/hadoop-ozone/integration-test/target/test-dir/MiniOzoneClusterImpl-d171279b-4677-4c73-a7d6-55d9627e9d51/datanode-2/data/ratis/26108e21-8e2b-4602-82c8-7dc80aa270c9
2022-06-27 16:55:27,384 [EventQueue-PipelineReportForPipelineReportHandler] INFO  pipeline.PipelineManagerImpl (PipelineManagerImpl.java:openPipeline(358)) - Pipeline Pipeline[ Id: 26108e21-8e2b-4602-82c8-7dc80aa270c9, Nodes: aff9d3c6-0a22-4090-bc43-74b57d8145ab{ip: 10.1.0.22, host: fv-az215-30.fk02tkdpp51uda4i120yanydqb.bx.internal.cloudapp.net, ports: [REPLICATION=39463, RATIS=36293, RATIS_ADMIN=36293, RATIS_SERVER=36293, STANDALONE=41913], networkLocation: /default-rack, certSerialId: null, persistedOpState: IN_SERVICE, persistedOpStateExpiryEpochSec: 0}, ReplicationConfig: RATIS/ONE, State:ALLOCATED, leaderId:aff9d3c6-0a22-4090-bc43-74b57d8145ab, CreationTimestamp2022-06-27T16:55:24.399Z[Etc/UTC]] moved to OPEN state
2022-06-27 16:55:27,384 [pool-369-thread-1] INFO  server.RaftServerConfigKeys (ConfUtils.java:logGet(46)) - raft.server.log.queue.byte-limit = 4294967296 (custom)
2022-06-27 16:55:27,384 [pool-369-thread-1] INFO  server.RaftServerConfigKeys (ConfUtils.java:logGet(46)) - raft.server.log.queue.element-limit = 1024 (custom)
2022-06-27 16:55:27,384 [pool-369-thread-1] INFO  server.RaftServerConfigKeys (ConfUtils.java:logGet(46)) - raft.server.log.segment.size.max = 1048576 (custom)
2022-06-27 16:55:27,384 [EventQueue-OpenPipelineForHealthyPipelineSafeModeRule] INFO  safemode.SCMSafeModeManager (HealthyPipelineSafeModeRule.java:process(124)) - SCM in safe mode. Healthy pipelines reported count is 0, required healthy pipeline reported count is 1
2022-06-27 16:55:27,387 [pool-369-thread-1] INFO  server.RaftServerConfigKeys (ConfUtils.java:logGet(46)) - raft.server.log.preallocated.size = 16384 (custom)
2022-06-27 16:55:27,387 [pool-369-thread-1] INFO  server.RaftServerConfigKeys (ConfUtils.java:logGet(46)) - raft.server.log.force.sync.num = 128 (default)
2022-06-27 16:55:27,387 [pool-369-thread-1] INFO  server.RaftServerConfigKeys (ConfUtils.java:logGet(46)) - raft.server.log.statemachine.data.sync = true (default)
2022-06-27 16:55:27,387 [pool-369-thread-1] INFO  server.RaftServerConfigKeys (ConfUtils.java:logGet(46)) - raft.server.log.statemachine.data.sync.timeout = 10s (default)
2022-06-27 16:55:27,387 [pool-369-thread-1] INFO  server.RaftServerConfigKeys (ConfUtils.java:logGet(46)) - raft.server.log.statemachine.data.sync.timeout.retry = -1 (default)
2022-06-27 16:55:27,388 [pool-369-thread-1] INFO  server.RaftServerConfigKeys (ConfUtils.java:logGet(46)) - raft.server.log.write.buffer.size = 1048576 (custom)
2022-06-27 16:55:27,388 [pool-369-thread-1] INFO  server.RaftServerConfigKeys (ConfUtils.java:logGet(46)) - raft.server.log.unsafe-flush.enabled = false (default)
2022-06-27 16:55:27,388 [pool-369-thread-1] INFO  server.RaftServerConfigKeys (ConfUtils.java:logGet(46)) - raft.server.log.statemachine.data.caching.enabled = true (custom)
2022-06-27 16:55:27,388 [pool-369-thread-1] INFO  segmented.SegmentedRaftLogWorker (SegmentedRaftLogWorker.java:lambda$new$0(135)) - aff9d3c6-0a22-4090-bc43-74b57d8145ab@group-7DC80AA270C9-SegmentedRaftLogWorker: flushIndex: setUnconditionally 0 -> -1
2022-06-27 16:55:27,389 [pool-369-thread-1] INFO  segmented.SegmentedRaftLogWorker (SegmentedRaftLogWorker.java:lambda$new$0(135)) - aff9d3c6-0a22-4090-bc43-74b57d8145ab@group-7DC80AA270C9-SegmentedRaftLogWorker: safeCacheEvictIndex: setUnconditionally 0 -> -1
2022-06-27 16:55:27,401 [pool-369-thread-1] INFO  server.RaftServerConfigKeys (ConfUtils.java:logGet(46)) - raft.server.snapshot.auto.trigger.enabled = true (custom)
2022-06-27 16:55:27,401 [pool-369-thread-1] INFO  server.RaftServerConfigKeys (ConfUtils.java:logGet(46)) - raft.server.snapshot.auto.trigger.threshold = 10000 (custom)
2022-06-27 16:55:27,401 [pool-369-thread-1] INFO  server.RaftServerConfigKeys (ConfUtils.java:logGet(46)) - raft.server.snapshot.retention.file.num = 5 (custom)
2022-06-27 16:55:27,401 [pool-369-thread-1] INFO  server.RaftServerConfigKeys (ConfUtils.java:logGet(46)) - raft.server.log.purge.upto.snapshot.index = false (default)
2022-06-27 16:55:27,401 [pool-369-thread-1] INFO  server.RaftServerConfigKeys (ConfUtils.java:logGet(46)) - raft.server.retrycache.expirytime = 600000ms (custom)
2022-06-27 16:55:27,401 [pool-369-thread-1] INFO  server.RaftServerConfigKeys (ConfUtils.java:logGet(46)) - raft.server.retrycache.statistics.expirytime = 100μs (default)
2022-06-27 16:55:27,402 [pool-369-thread-1] INFO  server.RaftServerConfigKeys (ConfUtils.java:logGet(46)) - raft.server.log.appender.install.snapshot.enabled = false (custom)
2022-06-27 16:55:27,402 [pool-369-thread-1] INFO  server.RaftServerConfigKeys (ConfUtils.java:logGet(46)) - raft.server.threadpool.server.cached = true (default)
2022-06-27 16:55:27,402 [pool-369-thread-1] INFO  server.RaftServerConfigKeys (ConfUtils.java:logGet(46)) - raft.server.threadpool.server.size = 0 (default)
2022-06-27 16:55:27,402 [pool-369-thread-1] INFO  server.RaftServerConfigKeys (ConfUtils.java:logGet(46)) - raft.server.threadpool.client.cached = true (default)
2022-06-27 16:55:27,402 [pool-369-thread-1] INFO  server.RaftServerConfigKeys (ConfUtils.java:logGet(46)) - raft.server.threadpool.client.size = 0 (default)
2022-06-27 16:55:27,402 [pool-369-thread-1] INFO  server.RaftServer$Division (RaftServerImpl.java:start(310)) - aff9d3c6-0a22-4090-bc43-74b57d8145ab@group-7DC80AA270C9: start as a follower, conf=-1: [aff9d3c6-0a22-4090-bc43-74b57d8145ab|rpc:10.1.0.22:36293|priority:1], old=null
2022-06-27 16:55:27,402 [pool-369-thread-1] INFO  server.RaftServer$Division (RaftServerImpl.java:setRole(299)) - aff9d3c6-0a22-4090-bc43-74b57d8145ab@group-7DC80AA270C9: changes role from      null to FOLLOWER at term 0 for startAsFollower
2022-06-27 16:55:27,402 [pool-369-thread-1] INFO  impl.RoleInfo (RoleInfo.java:updateAndGet(139)) - aff9d3c6-0a22-4090-bc43-74b57d8145ab: start aff9d3c6-0a22-4090-bc43-74b57d8145ab@group-7DC80AA270C9-FollowerState
2022-06-27 16:55:27,409 [pool-369-thread-1] INFO  util.JmxRegister (JmxRegister.java:tryRegister(44)) - Successfully registered JMX Bean with object name Ratis:service=RaftServer,group=group-7DC80AA270C9,id=aff9d3c6-0a22-4090-bc43-74b57d8145ab
2022-06-27 16:55:27,453 [Command processor thread] INFO  ratis.XceiverServerRatis (XceiverServerRatis.java:addGroup(765)) - Created group PipelineID=26108e21-8e2b-4602-82c8-7dc80aa270c9
2022-06-27 16:55:27,453 [Command processor thread] INFO  commandhandler.CreatePipelineCommandHandler (CreatePipelineCommandHandler.java:handle(113)) - Created Pipeline RATIS ONE PipelineID=26108e21-8e2b-4602-82c8-7dc80aa270c9.
2022-06-27 16:55:27,770 [Command processor thread] INFO  server.RaftServer (RaftServerProxy.java:addNew(96)) - b12315fd-d627-47ef-b7c0-caf98a3d616b: addNew group-772DE68F4364:[b12315fd-d627-47ef-b7c0-caf98a3d616b|rpc:10.1.0.22:44783|priority:1] returns group-772DE68F4364:java.util.concurrent.CompletableFuture@29918393[Not completed]
2022-06-27 16:55:27,778 [pool-392-thread-1] INFO  server.RaftServer$Division (RaftServerImpl.java:<init>(190)) - b12315fd-d627-47ef-b7c0-caf98a3d616b: new RaftServerImpl for group-772DE68F4364:[b12315fd-d627-47ef-b7c0-caf98a3d616b|rpc:10.1.0.22:44783|priority:1] with ContainerStateMachine:uninitialized
2022-06-27 16:55:27,778 [pool-392-thread-1] INFO  server.RaftServerConfigKeys (ConfUtils.java:logGet(46)) - raft.server.rpc.timeout.min = 5s (custom)
2022-06-27 16:55:27,778 [pool-392-thread-1] INFO  server.RaftServerConfigKeys (ConfUtils.java:logGet(46)) - raft.server.rpc.timeout.max = 5200ms (custom)
2022-06-27 16:55:27,778 [pool-392-thread-1] INFO  server.RaftServerConfigKeys (ConfUtils.java:logGet(46)) - raft.server.rpc.sleep.time = 25ms (default)
2022-06-27 16:55:27,778 [pool-392-thread-1] INFO  server.RaftServerConfigKeys (ConfUtils.java:logGet(46)) - raft.server.rpc.slowness.timeout = 300s (custom)
2022-06-27 16:55:27,778 [pool-392-thread-1] INFO  server.RaftServerConfigKeys (ConfUtils.java:logGet(46)) - raft.server.leaderelection.leader.step-down.wait-time = 10s (default)
2022-06-27 16:55:27,778 [pool-392-thread-1] INFO  server.RaftServerConfigKeys (ConfUtils.java:logGet(46)) - raft.server.sleep.deviation.threshold = 300ms (default)
2022-06-27 16:55:27,778 [pool-392-thread-1] INFO  server.RaftServer$Division (ServerState.java:<init>(107)) - b12315fd-d627-47ef-b7c0-caf98a3d616b@group-772DE68F4364: ConfigurationManager, init=-1: [b12315fd-d627-47ef-b7c0-caf98a3d616b|rpc:10.1.0.22:44783|priority:1], old=null, confs=<EMPTY_MAP>
2022-06-27 16:55:27,778 [pool-392-thread-1] INFO  server.RaftServerConfigKeys (ConfUtils.java:logGet(46)) - raft.server.storage.dir = [/home/runner/work/ozone/ozone/hadoop-ozone/integration-test/target/test-dir/MiniOzoneClusterImpl-d171279b-4677-4c73-a7d6-55d9627e9d51/datanode-3/data/ratis] (custom)
2022-06-27 16:55:27,779 [pool-392-thread-1] INFO  server.RaftServerConfigKeys (ConfUtils.java:logGet(46)) - raft.server.log.corruption.policy = EXCEPTION (default)
2022-06-27 16:55:27,779 [pool-392-thread-1] INFO  server.RaftServerConfigKeys (ConfUtils.java:logGet(46)) - raft.server.storage.free-space.min = 0MB (=0) (default)
2022-06-27 16:55:27,779 [pool-392-thread-1] INFO  storage.RaftStorageDirectory (RaftStorageDirectoryImpl.java:analyzeStorage(135)) - The storage directory /home/runner/work/ozone/ozone/hadoop-ozone/integration-test/target/test-dir/MiniOzoneClusterImpl-d171279b-4677-4c73-a7d6-55d9627e9d51/datanode-3/data/ratis/23b32300-9849-4bb8-86fa-772de68f4364 does not exist. Creating ...
2022-06-27 16:55:27,781 [pool-392-thread-1] INFO  storage.RaftStorageDirectory (RaftStorageDirectoryImpl.java:tryLock(230)) - Lock on /home/runner/work/ozone/ozone/hadoop-ozone/integration-test/target/test-dir/MiniOzoneClusterImpl-d171279b-4677-4c73-a7d6-55d9627e9d51/datanode-3/data/ratis/23b32300-9849-4bb8-86fa-772de68f4364/in_use.lock acquired by nodename 16603@fv-az215-30
2022-06-27 16:55:27,789 [pool-392-thread-1] INFO  storage.RaftStorage (RaftStorageImpl.java:format(89)) - Storage directory /home/runner/work/ozone/ozone/hadoop-ozone/integration-test/target/test-dir/MiniOzoneClusterImpl-d171279b-4677-4c73-a7d6-55d9627e9d51/datanode-3/data/ratis/23b32300-9849-4bb8-86fa-772de68f4364 has been successfully formatted.
2022-06-27 16:55:27,793 [pool-392-thread-1] INFO  ratis.ContainerStateMachine (ContainerStateMachine.java:loadSnapshot(236)) - group-772DE68F4364: The snapshot info is null. Setting the last applied indexto:(t:0, i:~)
2022-06-27 16:55:27,793 [pool-392-thread-1] INFO  server.RaftServerConfigKeys (ConfUtils.java:logGet(46)) - raft.server.notification.no-leader.timeout = 300s (custom)
2022-06-27 16:55:27,793 [pool-392-thread-1] INFO  server.RaftServerConfigKeys (ConfUtils.java:logGet(46)) - raft.server.log.use.memory = false (default)
2022-06-27 16:55:27,793 [pool-392-thread-1] INFO  server.RaftServerConfigKeys (ConfUtils.java:logGet(46)) - raft.server.log.purge.gap = 1000000 (custom)
2022-06-27 16:55:27,793 [pool-392-thread-1] INFO  server.RaftServerConfigKeys (ConfUtils.java:logGet(46)) - raft.server.log.appender.buffer.byte-limit = 33554432 (custom)
2022-06-27 16:55:27,793 [pool-392-thread-1] INFO  server.RaftServerConfigKeys (ConfUtils.java:logGet(46)) - raft.server.log.statemachine.data.read.timeout = 1000ms (default)
2022-06-27 16:55:27,794 [pool-392-thread-1] INFO  server.RaftServerConfigKeys (ConfUtils.java:logGet(46)) - raft.server.log.segment.size.max = 1048576 (custom)
2022-06-27 16:55:27,794 [EventQueue-PipelineReportForPipelineReportHandler] INFO  pipeline.PipelineManagerImpl (PipelineManagerImpl.java:openPipeline(358)) - Pipeline Pipeline[ Id: 23b32300-9849-4bb8-86fa-772de68f4364, Nodes: b12315fd-d627-47ef-b7c0-caf98a3d616b{ip: 10.1.0.22, host: fv-az215-30.fk02tkdpp51uda4i120yanydqb.bx.internal.cloudapp.net, ports: [REPLICATION=39113, RATIS=44783, RATIS_ADMIN=44783, RATIS_SERVER=44783, STANDALONE=34657], networkLocation: /default-rack, certSerialId: null, persistedOpState: IN_SERVICE, persistedOpStateExpiryEpochSec: 0}, ReplicationConfig: RATIS/ONE, State:ALLOCATED, leaderId:b12315fd-d627-47ef-b7c0-caf98a3d616b, CreationTimestamp2022-06-27T16:55:24.771Z[Etc/UTC]] moved to OPEN state
2022-06-27 16:55:27,794 [pool-392-thread-1] INFO  server.RaftServerConfigKeys (ConfUtils.java:logGet(46)) - raft.server.log.segment.cache.num.max = 2 (custom)
2022-06-27 16:55:27,794 [EventQueue-OpenPipelineForHealthyPipelineSafeModeRule] INFO  safemode.SCMSafeModeManager (HealthyPipelineSafeModeRule.java:process(124)) - SCM in safe mode. Healthy pipelines reported count is 0, required healthy pipeline reported count is 1
2022-06-27 16:55:27,794 [pool-392-thread-1] INFO  server.RaftServerConfigKeys (ConfUtils.java:logGet(46)) - raft.server.log.segment.cache.size.max = 200MB (=209715200) (default)
2022-06-27 16:55:27,797 [pool-392-thread-1] INFO  segmented.SegmentedRaftLogWorker (SegmentedRaftLogWorker.java:<init>(187)) - new b12315fd-d627-47ef-b7c0-caf98a3d616b@group-772DE68F4364-SegmentedRaftLogWorker for RaftStorageImpl:Storage Directory /home/runner/work/ozone/ozone/hadoop-ozone/integration-test/target/test-dir/MiniOzoneClusterImpl-d171279b-4677-4c73-a7d6-55d9627e9d51/datanode-3/data/ratis/23b32300-9849-4bb8-86fa-772de68f4364
2022-06-27 16:55:27,797 [pool-392-thread-1] INFO  server.RaftServerConfigKeys (ConfUtils.java:logGet(46)) - raft.server.log.queue.byte-limit = 4294967296 (custom)
2022-06-27 16:55:27,797 [pool-392-thread-1] INFO  server.RaftServerConfigKeys (ConfUtils.java:logGet(46)) - raft.server.log.queue.element-limit = 1024 (custom)
2022-06-27 16:55:27,797 [pool-392-thread-1] INFO  server.RaftServerConfigKeys (ConfUtils.java:logGet(46)) - raft.server.log.segment.size.max = 1048576 (custom)
2022-06-27 16:55:27,797 [pool-392-thread-1] INFO  server.RaftServerConfigKeys (ConfUtils.java:logGet(46)) - raft.server.log.preallocated.size = 16384 (custom)
2022-06-27 16:55:27,797 [pool-392-thread-1] INFO  server.RaftServerConfigKeys (ConfUtils.java:logGet(46)) - raft.server.log.force.sync.num = 128 (default)
2022-06-27 16:55:27,797 [pool-392-thread-1] INFO  server.RaftServerConfigKeys (ConfUtils.java:logGet(46)) - raft.server.log.statemachine.data.sync = true (default)
2022-06-27 16:55:27,797 [pool-392-thread-1] INFO  server.RaftServerConfigKeys (ConfUtils.java:logGet(46)) - raft.server.log.statemachine.data.sync.timeout = 10s (default)
2022-06-27 16:55:27,797 [pool-392-thread-1] INFO  server.RaftServerConfigKeys (ConfUtils.java:logGet(46)) - raft.server.log.statemachine.data.sync.timeout.retry = -1 (default)
2022-06-27 16:55:27,798 [pool-392-thread-1] INFO  server.RaftServerConfigKeys (ConfUtils.java:logGet(46)) - raft.server.log.write.buffer.size = 1048576 (custom)
2022-06-27 16:55:27,798 [pool-392-thread-1] INFO  server.RaftServerConfigKeys (ConfUtils.java:logGet(46)) - raft.server.log.unsafe-flush.enabled = false (default)
2022-06-27 16:55:27,799 [pool-392-thread-1] INFO  server.RaftServerConfigKeys (ConfUtils.java:logGet(46)) - raft.server.log.statemachine.data.caching.enabled = true (custom)
2022-06-27 16:55:27,799 [pool-392-thread-1] INFO  segmented.SegmentedRaftLogWorker (SegmentedRaftLogWorker.java:lambda$new$0(135)) - b12315fd-d627-47ef-b7c0-caf98a3d616b@group-772DE68F4364-SegmentedRaftLogWorker: flushIndex: setUnconditionally 0 -> -1
2022-06-27 16:55:27,799 [pool-392-thread-1] INFO  segmented.SegmentedRaftLogWorker (SegmentedRaftLogWorker.java:lambda$new$0(135)) - b12315fd-d627-47ef-b7c0-caf98a3d616b@group-772DE68F4364-SegmentedRaftLogWorker: safeCacheEvictIndex: setUnconditionally 0 -> -1
2022-06-27 16:55:27,809 [pool-392-thread-1] INFO  server.RaftServerConfigKeys (ConfUtils.java:logGet(46)) - raft.server.snapshot.auto.trigger.enabled = true (custom)
2022-06-27 16:55:27,809 [pool-392-thread-1] INFO  server.RaftServerConfigKeys (ConfUtils.java:logGet(46)) - raft.server.snapshot.auto.trigger.threshold = 10000 (custom)
2022-06-27 16:55:27,809 [pool-392-thread-1] INFO  server.RaftServerConfigKeys (ConfUtils.java:logGet(46)) - raft.server.snapshot.retention.file.num = 5 (custom)
2022-06-27 16:55:27,809 [pool-392-thread-1] INFO  server.RaftServerConfigKeys (ConfUtils.java:logGet(46)) - raft.server.log.purge.upto.snapshot.index = false (default)
2022-06-27 16:55:27,809 [pool-392-thread-1] INFO  server.RaftServerConfigKeys (ConfUtils.java:logGet(46)) - raft.server.retrycache.expirytime = 600000ms (custom)
2022-06-27 16:55:27,809 [pool-392-thread-1] INFO  server.RaftServerConfigKeys (ConfUtils.java:logGet(46)) - raft.server.retrycache.statistics.expirytime = 100μs (default)
2022-06-27 16:55:27,810 [pool-392-thread-1] INFO  server.RaftServerConfigKeys (ConfUtils.java:logGet(46)) - raft.server.log.appender.install.snapshot.enabled = false (custom)
2022-06-27 16:55:27,810 [pool-392-thread-1] INFO  server.RaftServerConfigKeys (ConfUtils.java:logGet(46)) - raft.server.threadpool.server.cached = true (default)
2022-06-27 16:55:27,810 [pool-392-thread-1] INFO  server.RaftServerConfigKeys (ConfUtils.java:logGet(46)) - raft.server.threadpool.server.size = 0 (default)
2022-06-27 16:55:27,810 [pool-392-thread-1] INFO  server.RaftServerConfigKeys (ConfUtils.java:logGet(46)) - raft.server.threadpool.client.cached = true (default)
2022-06-27 16:55:27,810 [pool-392-thread-1] INFO  server.RaftServerConfigKeys (ConfUtils.java:logGet(46)) - raft.server.threadpool.client.size = 0 (default)
2022-06-27 16:55:27,810 [pool-392-thread-1] INFO  server.RaftServer$Division (RaftServerImpl.java:start(310)) - b12315fd-d627-47ef-b7c0-caf98a3d616b@group-772DE68F4364: start as a follower, conf=-1: [b12315fd-d627-47ef-b7c0-caf98a3d616b|rpc:10.1.0.22:44783|priority:1], old=null
2022-06-27 16:55:27,810 [pool-392-thread-1] INFO  server.RaftServer$Division (RaftServerImpl.java:setRole(299)) - b12315fd-d627-47ef-b7c0-caf98a3d616b@group-772DE68F4364: changes role from      null to FOLLOWER at term 0 for startAsFollower
2022-06-27 16:55:27,810 [pool-392-thread-1] INFO  impl.RoleInfo (RoleInfo.java:updateAndGet(139)) - b12315fd-d627-47ef-b7c0-caf98a3d616b: start b12315fd-d627-47ef-b7c0-caf98a3d616b@group-772DE68F4364-FollowerState
2022-06-27 16:55:27,815 [pool-392-thread-1] INFO  util.JmxRegister (JmxRegister.java:tryRegister(44)) - Successfully registered JMX Bean with object name Ratis:service=RaftServer,group=group-772DE68F4364,id=b12315fd-d627-47ef-b7c0-caf98a3d616b
2022-06-27 16:55:27,821 [Command processor thread] INFO  ratis.XceiverServerRatis (XceiverServerRatis.java:addGroup(765)) - Created group PipelineID=23b32300-9849-4bb8-86fa-772de68f4364
2022-06-27 16:55:27,821 [Command processor thread] INFO  commandhandler.CreatePipelineCommandHandler (CreatePipelineCommandHandler.java:handle(113)) - Created Pipeline RATIS ONE PipelineID=23b32300-9849-4bb8-86fa-772de68f4364.
2022-06-27 16:55:28,187 [Listener at 127.0.0.1/39955] INFO  ozone.MiniOzoneClusterImpl (MiniOzoneClusterImpl.java:lambda$waitForClusterToBeReady$0(223)) - Nodes are ready. Got 5 of 5 DN Heartbeats.
2022-06-27 16:55:28,187 [Listener at 127.0.0.1/39955] INFO  ozone.MiniOzoneClusterImpl (MiniOzoneClusterImpl.java:lambda$waitForClusterToBeReady$0(226)) - Waiting for cluster to exit safe mode
2022-06-27 16:55:28,187 [Listener at 127.0.0.1/39955] INFO  ozone.MiniOzoneClusterImpl (MiniOzoneClusterImpl.java:lambda$waitForClusterToBeReady$0(228)) - SCM became leader
2022-06-27 16:55:28,236 [Command processor thread] INFO  server.RaftServer (RaftServerProxy.java:addNew(96)) - c918afda-6c60-4e35-b4d1-6219f177e5a0: addNew group-066695249C4A:[c918afda-6c60-4e35-b4d1-6219f177e5a0|rpc:10.1.0.22:38637|priority:1] returns group-066695249C4A:java.util.concurrent.CompletableFuture@7f050004[Not completed]
2022-06-27 16:55:28,253 [pool-415-thread-1] INFO  server.RaftServer$Division (RaftServerImpl.java:<init>(190)) - c918afda-6c60-4e35-b4d1-6219f177e5a0: new RaftServerImpl for group-066695249C4A:[c918afda-6c60-4e35-b4d1-6219f177e5a0|rpc:10.1.0.22:38637|priority:1] with ContainerStateMachine:uninitialized
2022-06-27 16:55:28,253 [pool-415-thread-1] INFO  server.RaftServerConfigKeys (ConfUtils.java:logGet(46)) - raft.server.rpc.timeout.min = 5s (custom)
2022-06-27 16:55:28,254 [pool-415-thread-1] INFO  server.RaftServerConfigKeys (ConfUtils.java:logGet(46)) - raft.server.rpc.timeout.max = 5200ms (custom)
2022-06-27 16:55:28,254 [pool-415-thread-1] INFO  server.RaftServerConfigKeys (ConfUtils.java:logGet(46)) - raft.server.rpc.sleep.time = 25ms (default)
2022-06-27 16:55:28,254 [pool-415-thread-1] INFO  server.RaftServerConfigKeys (ConfUtils.java:logGet(46)) - raft.server.rpc.slowness.timeout = 300s (custom)
2022-06-27 16:55:28,254 [pool-415-thread-1] INFO  server.RaftServerConfigKeys (ConfUtils.java:logGet(46)) - raft.server.leaderelection.leader.step-down.wait-time = 10s (default)
2022-06-27 16:55:28,254 [pool-415-thread-1] INFO  server.RaftServerConfigKeys (ConfUtils.java:logGet(46)) - raft.server.sleep.deviation.threshold = 300ms (default)
2022-06-27 16:55:28,254 [pool-415-thread-1] INFO  server.RaftServer$Division (ServerState.java:<init>(107)) - c918afda-6c60-4e35-b4d1-6219f177e5a0@group-066695249C4A: ConfigurationManager, init=-1: [c918afda-6c60-4e35-b4d1-6219f177e5a0|rpc:10.1.0.22:38637|priority:1], old=null, confs=<EMPTY_MAP>
2022-06-27 16:55:28,254 [pool-415-thread-1] INFO  server.RaftServerConfigKeys (ConfUtils.java:logGet(46)) - raft.server.storage.dir = [/home/runner/work/ozone/ozone/hadoop-ozone/integration-test/target/test-dir/MiniOzoneClusterImpl-d171279b-4677-4c73-a7d6-55d9627e9d51/datanode-4/data/ratis] (custom)
2022-06-27 16:55:28,254 [pool-415-thread-1] INFO  server.RaftServerConfigKeys (ConfUtils.java:logGet(46)) - raft.server.log.corruption.policy = EXCEPTION (default)
2022-06-27 16:55:28,254 [pool-415-thread-1] INFO  server.RaftServerConfigKeys (ConfUtils.java:logGet(46)) - raft.server.storage.free-space.min = 0MB (=0) (default)
2022-06-27 16:55:28,254 [pool-415-thread-1] INFO  storage.RaftStorageDirectory (RaftStorageDirectoryImpl.java:analyzeStorage(135)) - The storage directory /home/runner/work/ozone/ozone/hadoop-ozone/integration-test/target/test-dir/MiniOzoneClusterImpl-d171279b-4677-4c73-a7d6-55d9627e9d51/datanode-4/data/ratis/d0b617c4-09a0-440c-a7b0-066695249c4a does not exist. Creating ...
2022-06-27 16:55:28,261 [pool-415-thread-1] INFO  storage.RaftStorageDirectory (RaftStorageDirectoryImpl.java:tryLock(230)) - Lock on /home/runner/work/ozone/ozone/hadoop-ozone/integration-test/target/test-dir/MiniOzoneClusterImpl-d171279b-4677-4c73-a7d6-55d9627e9d51/datanode-4/data/ratis/d0b617c4-09a0-440c-a7b0-066695249c4a/in_use.lock acquired by nodename 16603@fv-az215-30
2022-06-27 16:55:28,262 [pool-415-thread-1] INFO  storage.RaftStorage (RaftStorageImpl.java:format(89)) - Storage directory /home/runner/work/ozone/ozone/hadoop-ozone/integration-test/target/test-dir/MiniOzoneClusterImpl-d171279b-4677-4c73-a7d6-55d9627e9d51/datanode-4/data/ratis/d0b617c4-09a0-440c-a7b0-066695249c4a has been successfully formatted.
2022-06-27 16:55:28,266 [pool-415-thread-1] INFO  ratis.ContainerStateMachine (ContainerStateMachine.java:loadSnapshot(236)) - group-066695249C4A: The snapshot info is null. Setting the last applied indexto:(t:0, i:~)
2022-06-27 16:55:28,266 [pool-415-thread-1] INFO  server.RaftServerConfigKeys (ConfUtils.java:logGet(46)) - raft.server.notification.no-leader.timeout = 300s (custom)
2022-06-27 16:55:28,266 [pool-415-thread-1] INFO  server.RaftServerConfigKeys (ConfUtils.java:logGet(46)) - raft.server.log.use.memory = false (default)
2022-06-27 16:55:28,266 [pool-415-thread-1] INFO  server.RaftServerConfigKeys (ConfUtils.java:logGet(46)) - raft.server.log.purge.gap = 1000000 (custom)
2022-06-27 16:55:28,266 [pool-415-thread-1] INFO  server.RaftServerConfigKeys (ConfUtils.java:logGet(46)) - raft.server.log.appender.buffer.byte-limit = 33554432 (custom)
2022-06-27 16:55:28,266 [pool-415-thread-1] INFO  server.RaftServerConfigKeys (ConfUtils.java:logGet(46)) - raft.server.log.statemachine.data.read.timeout = 1000ms (default)
2022-06-27 16:55:28,266 [pool-415-thread-1] INFO  server.RaftServerConfigKeys (ConfUtils.java:logGet(46)) - raft.server.log.segment.size.max = 1048576 (custom)
2022-06-27 16:55:28,266 [pool-415-thread-1] INFO  server.RaftServerConfigKeys (ConfUtils.java:logGet(46)) - raft.server.log.segment.cache.num.max = 2 (custom)
2022-06-27 16:55:28,267 [pool-415-thread-1] INFO  server.RaftServerConfigKeys (ConfUtils.java:logGet(46)) - raft.server.log.segment.cache.size.max = 200MB (=209715200) (default)
2022-06-27 16:55:28,267 [pool-415-thread-1] INFO  segmented.SegmentedRaftLogWorker (SegmentedRaftLogWorker.java:<init>(187)) - new c918afda-6c60-4e35-b4d1-6219f177e5a0@group-066695249C4A-SegmentedRaftLogWorker for RaftStorageImpl:Storage Directory /home/runner/work/ozone/ozone/hadoop-ozone/integration-test/target/test-dir/MiniOzoneClusterImpl-d171279b-4677-4c73-a7d6-55d9627e9d51/datanode-4/data/ratis/d0b617c4-09a0-440c-a7b0-066695249c4a
2022-06-27 16:55:28,267 [pool-415-thread-1] INFO  server.RaftServerConfigKeys (ConfUtils.java:logGet(46)) - raft.server.log.queue.byte-limit = 4294967296 (custom)
2022-06-27 16:55:28,267 [pool-415-thread-1] INFO  server.RaftServerConfigKeys (ConfUtils.java:logGet(46)) - raft.server.log.queue.element-limit = 1024 (custom)
2022-06-27 16:55:28,267 [pool-415-thread-1] INFO  server.RaftServerConfigKeys (ConfUtils.java:logGet(46)) - raft.server.log.segment.size.max = 1048576 (custom)
2022-06-27 16:55:28,267 [pool-415-thread-1] INFO  server.RaftServerConfigKeys (ConfUtils.java:logGet(46)) - raft.server.log.preallocated.size = 16384 (custom)
2022-06-27 16:55:28,267 [pool-415-thread-1] INFO  server.RaftServerConfigKeys (ConfUtils.java:logGet(46)) - raft.server.log.force.sync.num = 128 (default)
2022-06-27 16:55:28,267 [pool-415-thread-1] INFO  server.RaftServerConfigKeys (ConfUtils.java:logGet(46)) - raft.server.log.statemachine.data.sync = true (default)
2022-06-27 16:55:28,267 [pool-415-thread-1] INFO  server.RaftServerConfigKeys (ConfUtils.java:logGet(46)) - raft.server.log.statemachine.data.sync.timeout = 10s (default)
2022-06-27 16:55:28,267 [pool-415-thread-1] INFO  server.RaftServerConfigKeys (ConfUtils.java:logGet(46)) - raft.server.log.statemachine.data.sync.timeout.retry = -1 (default)
2022-06-27 16:55:28,268 [EventQueue-PipelineReportForPipelineReportHandler] INFO  pipeline.PipelineManagerImpl (PipelineManagerImpl.java:openPipeline(358)) - Pipeline Pipeline[ Id: d0b617c4-09a0-440c-a7b0-066695249c4a, Nodes: c918afda-6c60-4e35-b4d1-6219f177e5a0{ip: 10.1.0.22, host: fv-az215-30.fk02tkdpp51uda4i120yanydqb.bx.internal.cloudapp.net, ports: [REPLICATION=36123, RATIS=38637, RATIS_ADMIN=38637, RATIS_SERVER=38637, STANDALONE=38435], networkLocation: /default-rack, certSerialId: null, persistedOpState: IN_SERVICE, persistedOpStateExpiryEpochSec: 0}, ReplicationConfig: RATIS/ONE, State:ALLOCATED, leaderId:c918afda-6c60-4e35-b4d1-6219f177e5a0, CreationTimestamp2022-06-27T16:55:25.235Z[Etc/UTC]] moved to OPEN state
2022-06-27 16:55:28,268 [EventQueue-OpenPipelineForHealthyPipelineSafeModeRule] INFO  safemode.SCMSafeModeManager (HealthyPipelineSafeModeRule.java:process(124)) - SCM in safe mode. Healthy pipelines reported count is 0, required healthy pipeline reported count is 1
2022-06-27 16:55:28,270 [pool-415-thread-1] INFO  server.RaftServerConfigKeys (ConfUtils.java:logGet(46)) - raft.server.log.write.buffer.size = 1048576 (custom)
2022-06-27 16:55:28,270 [pool-415-thread-1] INFO  server.RaftServerConfigKeys (ConfUtils.java:logGet(46)) - raft.server.log.unsafe-flush.enabled = false (default)
2022-06-27 16:55:28,270 [pool-415-thread-1] INFO  server.RaftServerConfigKeys (ConfUtils.java:logGet(46)) - raft.server.log.statemachine.data.caching.enabled = true (custom)
2022-06-27 16:55:28,277 [pool-415-thread-1] INFO  segmented.SegmentedRaftLogWorker (SegmentedRaftLogWorker.java:lambda$new$0(135)) - c918afda-6c60-4e35-b4d1-6219f177e5a0@group-066695249C4A-SegmentedRaftLogWorker: flushIndex: setUnconditionally 0 -> -1
2022-06-27 16:55:28,277 [pool-415-thread-1] INFO  segmented.SegmentedRaftLogWorker (SegmentedRaftLogWorker.java:lambda$new$0(135)) - c918afda-6c60-4e35-b4d1-6219f177e5a0@group-066695249C4A-SegmentedRaftLogWorker: safeCacheEvictIndex: setUnconditionally 0 -> -1
2022-06-27 16:55:28,297 [pool-415-thread-1] INFO  server.RaftServerConfigKeys (ConfUtils.java:logGet(46)) - raft.server.snapshot.auto.trigger.enabled = true (custom)
2022-06-27 16:55:28,297 [pool-415-thread-1] INFO  server.RaftServerConfigKeys (ConfUtils.java:logGet(46)) - raft.server.snapshot.auto.trigger.threshold = 10000 (custom)
2022-06-27 16:55:28,297 [pool-415-thread-1] INFO  server.RaftServerConfigKeys (ConfUtils.java:logGet(46)) - raft.server.snapshot.retention.file.num = 5 (custom)
2022-06-27 16:55:28,297 [pool-415-thread-1] INFO  server.RaftServerConfigKeys (ConfUtils.java:logGet(46)) - raft.server.log.purge.upto.snapshot.index = false (default)
2022-06-27 16:55:28,297 [pool-415-thread-1] INFO  server.RaftServerConfigKeys (ConfUtils.java:logGet(46)) - raft.server.retrycache.expirytime = 600000ms (custom)
2022-06-27 16:55:28,297 [pool-415-thread-1] INFO  server.RaftServerConfigKeys (ConfUtils.java:logGet(46)) - raft.server.retrycache.statistics.expirytime = 100μs (default)
2022-06-27 16:55:28,298 [pool-415-thread-1] INFO  server.RaftServerConfigKeys (ConfUtils.java:logGet(46)) - raft.server.log.appender.install.snapshot.enabled = false (custom)
2022-06-27 16:55:28,298 [pool-415-thread-1] INFO  server.RaftServerConfigKeys (ConfUtils.java:logGet(46)) - raft.server.threadpool.server.cached = true (default)
2022-06-27 16:55:28,298 [pool-415-thread-1] INFO  server.RaftServerConfigKeys (ConfUtils.java:logGet(46)) - raft.server.threadpool.server.size = 0 (default)
2022-06-27 16:55:28,298 [pool-415-thread-1] INFO  server.RaftServerConfigKeys (ConfUtils.java:logGet(46)) - raft.server.threadpool.client.cached = true (default)
2022-06-27 16:55:28,298 [pool-415-thread-1] INFO  server.RaftServerConfigKeys (ConfUtils.java:logGet(46)) - raft.server.threadpool.client.size = 0 (default)
2022-06-27 16:55:28,298 [pool-415-thread-1] INFO  server.RaftServer$Division (RaftServerImpl.java:start(310)) - c918afda-6c60-4e35-b4d1-6219f177e5a0@group-066695249C4A: start as a follower, conf=-1: [c918afda-6c60-4e35-b4d1-6219f177e5a0|rpc:10.1.0.22:38637|priority:1], old=null
2022-06-27 16:55:28,298 [pool-415-thread-1] INFO  server.RaftServer$Division (RaftServerImpl.java:setRole(299)) - c918afda-6c60-4e35-b4d1-6219f177e5a0@group-066695249C4A: changes role from      null to FOLLOWER at term 0 for startAsFollower
2022-06-27 16:55:28,298 [pool-415-thread-1] INFO  impl.RoleInfo (RoleInfo.java:updateAndGet(139)) - c918afda-6c60-4e35-b4d1-6219f177e5a0: start c918afda-6c60-4e35-b4d1-6219f177e5a0@group-066695249C4A-FollowerState
2022-06-27 16:55:28,299 [pool-415-thread-1] INFO  util.JmxRegister (JmxRegister.java:tryRegister(44)) - Successfully registered JMX Bean with object name Ratis:service=RaftServer,group=group-066695249C4A,id=c918afda-6c60-4e35-b4d1-6219f177e5a0
2022-06-27 16:55:28,306 [Command processor thread] INFO  ratis.XceiverServerRatis (XceiverServerRatis.java:addGroup(765)) - Created group PipelineID=d0b617c4-09a0-440c-a7b0-066695249c4a
2022-06-27 16:55:28,306 [Command processor thread] INFO  commandhandler.CreatePipelineCommandHandler (CreatePipelineCommandHandler.java:handle(113)) - Created Pipeline RATIS ONE PipelineID=d0b617c4-09a0-440c-a7b0-066695249c4a.
2022-06-27 16:55:29,187 [Listener at 127.0.0.1/39955] INFO  ozone.MiniOzoneClusterImpl (MiniOzoneClusterImpl.java:lambda$waitForClusterToBeReady$0(223)) - Nodes are ready. Got 5 of 5 DN Heartbeats.
2022-06-27 16:55:29,187 [Listener at 127.0.0.1/39955] INFO  ozone.MiniOzoneClusterImpl (MiniOzoneClusterImpl.java:lambda$waitForClusterToBeReady$0(226)) - Waiting for cluster to exit safe mode
2022-06-27 16:55:29,187 [Listener at 127.0.0.1/39955] INFO  ozone.MiniOzoneClusterImpl (MiniOzoneClusterImpl.java:lambda$waitForClusterToBeReady$0(228)) - SCM became leader
2022-06-27 16:55:30,189 [Listener at 127.0.0.1/39955] INFO  ozone.MiniOzoneClusterImpl (MiniOzoneClusterImpl.java:lambda$waitForClusterToBeReady$0(223)) - Nodes are ready. Got 5 of 5 DN Heartbeats.
2022-06-27 16:55:30,190 [Listener at 127.0.0.1/39955] INFO  ozone.MiniOzoneClusterImpl (MiniOzoneClusterImpl.java:lambda$waitForClusterToBeReady$0(226)) - Waiting for cluster to exit safe mode
2022-06-27 16:55:30,190 [Listener at 127.0.0.1/39955] INFO  ozone.MiniOzoneClusterImpl (MiniOzoneClusterImpl.java:lambda$waitForClusterToBeReady$0(228)) - SCM became leader
2022-06-27 16:55:31,190 [Listener at 127.0.0.1/39955] INFO  ozone.MiniOzoneClusterImpl (MiniOzoneClusterImpl.java:lambda$waitForClusterToBeReady$0(223)) - Nodes are ready. Got 5 of 5 DN Heartbeats.
2022-06-27 16:55:31,190 [Listener at 127.0.0.1/39955] INFO  ozone.MiniOzoneClusterImpl (MiniOzoneClusterImpl.java:lambda$waitForClusterToBeReady$0(226)) - Waiting for cluster to exit safe mode
2022-06-27 16:55:31,190 [Listener at 127.0.0.1/39955] INFO  ozone.MiniOzoneClusterImpl (MiniOzoneClusterImpl.java:lambda$waitForClusterToBeReady$0(228)) - SCM became leader
2022-06-27 16:55:31,672 [e3b02d69-2174-44c4-baa7-18bae5c8063e@group-97A323FB9C60-FollowerState] INFO  impl.FollowerState (FollowerState.java:run(143)) - e3b02d69-2174-44c4-baa7-18bae5c8063e@group-97A323FB9C60-FollowerState: change to CANDIDATE, lastRpcElapsedTime:5134951741ns, electionTimeout:5123ms
2022-06-27 16:55:31,672 [e3b02d69-2174-44c4-baa7-18bae5c8063e@group-97A323FB9C60-FollowerState] INFO  impl.RoleInfo (RoleInfo.java:shutdownFollowerState(110)) - e3b02d69-2174-44c4-baa7-18bae5c8063e: shutdown e3b02d69-2174-44c4-baa7-18bae5c8063e@group-97A323FB9C60-FollowerState
2022-06-27 16:55:31,672 [e3b02d69-2174-44c4-baa7-18bae5c8063e@group-97A323FB9C60-FollowerState] INFO  server.RaftServer$Division (RaftServerImpl.java:setRole(299)) - e3b02d69-2174-44c4-baa7-18bae5c8063e@group-97A323FB9C60: changes role from  FOLLOWER to CANDIDATE at term 0 for changeToCandidate
2022-06-27 16:55:31,673 [e3b02d69-2174-44c4-baa7-18bae5c8063e@group-97A323FB9C60-FollowerState] INFO  server.RaftServerConfigKeys (ConfUtils.java:logGet(46)) - raft.server.leaderelection.pre-vote = false (custom)
2022-06-27 16:55:31,673 [e3b02d69-2174-44c4-baa7-18bae5c8063e@group-97A323FB9C60-FollowerState] INFO  impl.RoleInfo (RoleInfo.java:updateAndGet(139)) - e3b02d69-2174-44c4-baa7-18bae5c8063e: start e3b02d69-2174-44c4-baa7-18bae5c8063e@group-97A323FB9C60-LeaderElection15
2022-06-27 16:55:31,714 [e3b02d69-2174-44c4-baa7-18bae5c8063e@group-97A323FB9C60-LeaderElection15] INFO  impl.LeaderElection (LeaderElection.java:askForVotes(310)) - e3b02d69-2174-44c4-baa7-18bae5c8063e@group-97A323FB9C60-LeaderElection15 ELECTION round 0: submit vote requests at term 1 for -1: [e3b02d69-2174-44c4-baa7-18bae5c8063e|rpc:10.1.0.22:34863|priority:1], old=null
2022-06-27 16:55:31,714 [e3b02d69-2174-44c4-baa7-18bae5c8063e@group-97A323FB9C60-LeaderElection15] INFO  impl.LeaderElection (LeaderElection.java:askForVotes(312)) - e3b02d69-2174-44c4-baa7-18bae5c8063e@group-97A323FB9C60-LeaderElection15 ELECTION round 0: result PASSED (term=1)
2022-06-27 16:55:31,714 [e3b02d69-2174-44c4-baa7-18bae5c8063e@group-97A323FB9C60-LeaderElection15] INFO  impl.RoleInfo (RoleInfo.java:shutdownLeaderElection(130)) - e3b02d69-2174-44c4-baa7-18bae5c8063e: shutdown e3b02d69-2174-44c4-baa7-18bae5c8063e@group-97A323FB9C60-LeaderElection15
2022-06-27 16:55:31,714 [e3b02d69-2174-44c4-baa7-18bae5c8063e@group-97A323FB9C60-LeaderElection15] INFO  server.RaftServer$Division (RaftServerImpl.java:setRole(299)) - e3b02d69-2174-44c4-baa7-18bae5c8063e@group-97A323FB9C60: changes role from CANDIDATE to LEADER at term 1 for changeToLeader
2022-06-27 16:55:31,714 [e3b02d69-2174-44c4-baa7-18bae5c8063e@group-97A323FB9C60-LeaderElection15] INFO  ratis.XceiverServerRatis (XceiverServerRatis.java:handleLeaderChangedNotification(863)) - Leader change notification received for group: group-97A323FB9C60 with new leaderId: e3b02d69-2174-44c4-baa7-18bae5c8063e
2022-06-27 16:55:31,725 [e3b02d69-2174-44c4-baa7-18bae5c8063e@group-97A323FB9C60-LeaderElection15] INFO  server.RaftServer$Division (ServerState.java:setLeader(287)) - e3b02d69-2174-44c4-baa7-18bae5c8063e@group-97A323FB9C60: change Leader from null to e3b02d69-2174-44c4-baa7-18bae5c8063e at term 1 for becomeLeader, leader elected after 5211ms
2022-06-27 16:55:31,725 [e3b02d69-2174-44c4-baa7-18bae5c8063e@group-97A323FB9C60-LeaderElection15] INFO  server.RaftServerConfigKeys (ConfUtils.java:logGet(46)) - raft.server.staging.catchup.gap = 1000 (default)
2022-06-27 16:55:31,725 [e3b02d69-2174-44c4-baa7-18bae5c8063e@group-97A323FB9C60-LeaderElection15] INFO  server.RaftServerConfigKeys (ConfUtils.java:logGet(46)) - raft.server.write.element-limit = 1024 (custom)
2022-06-27 16:55:31,725 [e3b02d69-2174-44c4-baa7-18bae5c8063e@group-97A323FB9C60-LeaderElection15] INFO  server.RaftServerConfigKeys (ConfUtils.java:logGet(46)) - raft.server.write.byte-limit = 1024 M (=1073741824) (custom)
2022-06-27 16:55:31,726 [e3b02d69-2174-44c4-baa7-18bae5c8063e@group-97A323FB9C60-LeaderElection15] INFO  server.RaftServerConfigKeys (ConfUtils.java:logGet(46)) - raft.server.watch.timeout = 180s (custom)
2022-06-27 16:55:31,726 [e3b02d69-2174-44c4-baa7-18bae5c8063e@group-97A323FB9C60-LeaderElection15] INFO  server.RaftServerConfigKeys (ConfUtils.java:logGet(46)) - raft.server.watch.timeout.denomination = 1s (default)
2022-06-27 16:55:31,726 [e3b02d69-2174-44c4-baa7-18bae5c8063e@group-97A323FB9C60-LeaderElection15] INFO  server.RaftServerConfigKeys (ConfUtils.java:logGet(46)) - raft.server.watch.element-limit = 65536 (default)
2022-06-27 16:55:31,726 [e3b02d69-2174-44c4-baa7-18bae5c8063e@group-97A323FB9C60-LeaderElection15] INFO  server.RaftServerConfigKeys (ConfUtils.java:logGet(46)) - raft.server.write.element-limit = 1024 (custom)
2022-06-27 16:55:31,726 [e3b02d69-2174-44c4-baa7-18bae5c8063e@group-97A323FB9C60-LeaderElection15] INFO  server.RaftServerConfigKeys (ConfUtils.java:logGet(46)) - raft.server.write.follower.gap.ratio.max = -1.0 (default)
2022-06-27 16:55:31,726 [e3b02d69-2174-44c4-baa7-18bae5c8063e@group-97A323FB9C60-LeaderElection15] INFO  impl.RoleInfo (RoleInfo.java:updateAndGet(139)) - e3b02d69-2174-44c4-baa7-18bae5c8063e: start e3b02d69-2174-44c4-baa7-18bae5c8063e@group-97A323FB9C60-LeaderStateImpl
2022-06-27 16:55:31,726 [e3b02d69-2174-44c4-baa7-18bae5c8063e@group-97A323FB9C60-LeaderElection15] INFO  segmented.SegmentedRaftLogWorker (SegmentedRaftLogWorker.java:startLogSegment(425)) - e3b02d69-2174-44c4-baa7-18bae5c8063e@group-97A323FB9C60-SegmentedRaftLogWorker: Starting segment from index:0
2022-06-27 16:55:31,728 [e3b02d69-2174-44c4-baa7-18bae5c8063e@group-97A323FB9C60-SegmentedRaftLogWorker] INFO  segmented.SegmentedRaftLogWorker (SegmentedRaftLogWorker.java:execute(629)) - e3b02d69-2174-44c4-baa7-18bae5c8063e@group-97A323FB9C60-SegmentedRaftLogWorker: created new log segment /home/runner/work/ozone/ozone/hadoop-ozone/integration-test/target/test-dir/MiniOzoneClusterImpl-d171279b-4677-4c73-a7d6-55d9627e9d51/datanode-0/data/ratis/6db4e161-3a0f-4716-9a77-97a323fb9c60/current/log_inprogress_0
2022-06-27 16:55:31,728 [EventQueue-OpenPipelineForHealthyPipelineSafeModeRule] INFO  safemode.SCMSafeModeManager (HealthyPipelineSafeModeRule.java:process(124)) - SCM in safe mode. Healthy pipelines reported count is 0, required healthy pipeline reported count is 1
2022-06-27 16:55:31,741 [e3b02d69-2174-44c4-baa7-18bae5c8063e@group-97A323FB9C60-LeaderElection15] INFO  server.RaftServer$Division (ServerState.java:setRaftConf(393)) - e3b02d69-2174-44c4-baa7-18bae5c8063e@group-97A323FB9C60: set configuration 0: [e3b02d69-2174-44c4-baa7-18bae5c8063e|rpc:10.1.0.22:34863|dataStream:|priority:1], old=null
2022-06-27 16:55:31,746 [e3b02d69-2174-44c4-baa7-18bae5c8063e@group-2AF9492EFBFF-FollowerState] INFO  impl.FollowerState (FollowerState.java:run(143)) - e3b02d69-2174-44c4-baa7-18bae5c8063e@group-2AF9492EFBFF-FollowerState: change to CANDIDATE, lastRpcElapsedTime:5167510070ns, electionTimeout:5140ms
2022-06-27 16:55:31,746 [e3b02d69-2174-44c4-baa7-18bae5c8063e@group-2AF9492EFBFF-FollowerState] INFO  impl.RoleInfo (RoleInfo.java:shutdownFollowerState(110)) - e3b02d69-2174-44c4-baa7-18bae5c8063e: shutdown e3b02d69-2174-44c4-baa7-18bae5c8063e@group-2AF9492EFBFF-FollowerState
2022-06-27 16:55:31,746 [e3b02d69-2174-44c4-baa7-18bae5c8063e@group-2AF9492EFBFF-FollowerState] INFO  server.RaftServer$Division (RaftServerImpl.java:setRole(299)) - e3b02d69-2174-44c4-baa7-18bae5c8063e@group-2AF9492EFBFF: changes role from  FOLLOWER to CANDIDATE at term 0 for changeToCandidate
2022-06-27 16:55:31,746 [e3b02d69-2174-44c4-baa7-18bae5c8063e@group-2AF9492EFBFF-FollowerState] INFO  server.RaftServerConfigKeys (ConfUtils.java:logGet(46)) - raft.server.leaderelection.pre-vote = false (custom)
2022-06-27 16:55:31,746 [e3b02d69-2174-44c4-baa7-18bae5c8063e@group-2AF9492EFBFF-FollowerState] INFO  impl.RoleInfo (RoleInfo.java:updateAndGet(139)) - e3b02d69-2174-44c4-baa7-18bae5c8063e: start e3b02d69-2174-44c4-baa7-18bae5c8063e@group-2AF9492EFBFF-LeaderElection16
2022-06-27 16:55:31,773 [e3b02d69-2174-44c4-baa7-18bae5c8063e@group-2AF9492EFBFF-LeaderElection16] INFO  impl.LeaderElection (LeaderElection.java:askForVotes(310)) - e3b02d69-2174-44c4-baa7-18bae5c8063e@group-2AF9492EFBFF-LeaderElection16 ELECTION round 0: submit vote requests at term 1 for -1: [e3b02d69-2174-44c4-baa7-18bae5c8063e|rpc:10.1.0.22:34863|priority:0, 6005e4a5-b457-424c-9515-b1921d45a496|rpc:10.1.0.22:45857|priority:0, aff9d3c6-0a22-4090-bc43-74b57d8145ab|rpc:10.1.0.22:36293|priority:1], old=null
2022-06-27 16:55:31,812 [aff9d3c6-0a22-4090-bc43-74b57d8145ab@group-2AF9492EFBFF-FollowerState] INFO  impl.FollowerState (FollowerState.java:run(143)) - aff9d3c6-0a22-4090-bc43-74b57d8145ab@group-2AF9492EFBFF-FollowerState: change to CANDIDATE, lastRpcElapsedTime:5128455169ns, electionTimeout:5123ms
2022-06-27 16:55:31,813 [aff9d3c6-0a22-4090-bc43-74b57d8145ab@group-2AF9492EFBFF-FollowerState] INFO  impl.RoleInfo (RoleInfo.java:shutdownFollowerState(110)) - aff9d3c6-0a22-4090-bc43-74b57d8145ab: shutdown aff9d3c6-0a22-4090-bc43-74b57d8145ab@group-2AF9492EFBFF-FollowerState
2022-06-27 16:55:31,813 [aff9d3c6-0a22-4090-bc43-74b57d8145ab@group-2AF9492EFBFF-FollowerState] INFO  server.RaftServer$Division (RaftServerImpl.java:setRole(299)) - aff9d3c6-0a22-4090-bc43-74b57d8145ab@group-2AF9492EFBFF: changes role from  FOLLOWER to CANDIDATE at term 0 for changeToCandidate
2022-06-27 16:55:31,831 [aff9d3c6-0a22-4090-bc43-74b57d8145ab@group-2AF9492EFBFF-FollowerState] INFO  server.RaftServerConfigKeys (ConfUtils.java:logGet(46)) - raft.server.leaderelection.pre-vote = false (custom)
2022-06-27 16:55:31,831 [aff9d3c6-0a22-4090-bc43-74b57d8145ab@group-2AF9492EFBFF-FollowerState] INFO  impl.RoleInfo (RoleInfo.java:updateAndGet(139)) - aff9d3c6-0a22-4090-bc43-74b57d8145ab: start aff9d3c6-0a22-4090-bc43-74b57d8145ab@group-2AF9492EFBFF-LeaderElection17
2022-06-27 16:55:31,906 [grpc-default-executor-1] INFO  server.RaftServer$Division (RaftServerImpl.java:requestVote(1152)) - 6005e4a5-b457-424c-9515-b1921d45a496@group-2AF9492EFBFF: receive requestVote(ELECTION, e3b02d69-2174-44c4-baa7-18bae5c8063e, group-2AF9492EFBFF, 1, (t:0, i:0))
2022-06-27 16:55:31,906 [grpc-default-executor-1] INFO  impl.VoteContext (VoteContext.java:log(48)) - 6005e4a5-b457-424c-9515-b1921d45a496@group-2AF9492EFBFF-FOLLOWER: accept ELECTION from e3b02d69-2174-44c4-baa7-18bae5c8063e: our priority 0 <= candidate's priority 0
2022-06-27 16:55:31,906 [grpc-default-executor-1] INFO  server.RaftServer$Division (RaftServerImpl.java:setRole(299)) - 6005e4a5-b457-424c-9515-b1921d45a496@group-2AF9492EFBFF: changes role from  FOLLOWER to FOLLOWER at term 1 for candidate:e3b02d69-2174-44c4-baa7-18bae5c8063e
2022-06-27 16:55:31,906 [grpc-default-executor-1] INFO  impl.RoleInfo (RoleInfo.java:shutdownFollowerState(110)) - 6005e4a5-b457-424c-9515-b1921d45a496: shutdown 6005e4a5-b457-424c-9515-b1921d45a496@group-2AF9492EFBFF-FollowerState
2022-06-27 16:55:31,906 [6005e4a5-b457-424c-9515-b1921d45a496@group-2AF9492EFBFF-FollowerState] INFO  impl.FollowerState (FollowerState.java:run(152)) - 6005e4a5-b457-424c-9515-b1921d45a496@group-2AF9492EFBFF-FollowerState was interrupted
2022-06-27 16:55:31,906 [grpc-default-executor-1] INFO  impl.RoleInfo (RoleInfo.java:updateAndGet(139)) - 6005e4a5-b457-424c-9515-b1921d45a496: start 6005e4a5-b457-424c-9515-b1921d45a496@group-2AF9492EFBFF-FollowerState
2022-06-27 16:55:31,910 [aff9d3c6-0a22-4090-bc43-74b57d8145ab@group-2AF9492EFBFF-LeaderElection17] INFO  impl.LeaderElection (LeaderElection.java:askForVotes(310)) - aff9d3c6-0a22-4090-bc43-74b57d8145ab@group-2AF9492EFBFF-LeaderElection17 ELECTION round 0: submit vote requests at term 1 for -1: [e3b02d69-2174-44c4-baa7-18bae5c8063e|rpc:10.1.0.22:34863|dataStream:|priority:0, 6005e4a5-b457-424c-9515-b1921d45a496|rpc:10.1.0.22:45857|dataStream:|priority:0, aff9d3c6-0a22-4090-bc43-74b57d8145ab|rpc:10.1.0.22:36293|dataStream:|priority:1], old=null
2022-06-27 16:55:31,911 [grpc-default-executor-1] INFO  server.RaftServer$Division (RaftServerImpl.java:requestVote(1184)) - 6005e4a5-b457-424c-9515-b1921d45a496@group-2AF9492EFBFF replies to ELECTION vote request: e3b02d69-2174-44c4-baa7-18bae5c8063e<-6005e4a5-b457-424c-9515-b1921d45a496#0:OK-t1. Peer's state: 6005e4a5-b457-424c-9515-b1921d45a496@group-2AF9492EFBFF:t1, leader=null, voted=e3b02d69-2174-44c4-baa7-18bae5c8063e, raftlog=6005e4a5-b457-424c-9515-b1921d45a496@group-2AF9492EFBFF-SegmentedRaftLog:OPENED:c-1, conf=-1: [e3b02d69-2174-44c4-baa7-18bae5c8063e|rpc:10.1.0.22:34863|dataStream:|priority:0, 6005e4a5-b457-424c-9515-b1921d45a496|rpc:10.1.0.22:45857|dataStream:|priority:0, aff9d3c6-0a22-4090-bc43-74b57d8145ab|rpc:10.1.0.22:36293|dataStream:|priority:1], old=null
2022-06-27 16:55:31,933 [grpc-default-executor-1] INFO  server.RaftServer$Division (RaftServerImpl.java:requestVote(1152)) - aff9d3c6-0a22-4090-bc43-74b57d8145ab@group-2AF9492EFBFF: receive requestVote(ELECTION, e3b02d69-2174-44c4-baa7-18bae5c8063e, group-2AF9492EFBFF, 1, (t:0, i:0))
2022-06-27 16:55:31,933 [grpc-default-executor-1] INFO  impl.VoteContext (VoteContext.java:log(48)) - aff9d3c6-0a22-4090-bc43-74b57d8145ab@group-2AF9492EFBFF-CANDIDATE: reject ELECTION from e3b02d69-2174-44c4-baa7-18bae5c8063e: already has voted for aff9d3c6-0a22-4090-bc43-74b57d8145ab at current term 1
2022-06-27 16:55:31,934 [grpc-default-executor-1] INFO  server.RaftServer$Division (RaftServerImpl.java:requestVote(1184)) - aff9d3c6-0a22-4090-bc43-74b57d8145ab@group-2AF9492EFBFF replies to ELECTION vote request: e3b02d69-2174-44c4-baa7-18bae5c8063e<-aff9d3c6-0a22-4090-bc43-74b57d8145ab#0:FAIL-t1. Peer's state: aff9d3c6-0a22-4090-bc43-74b57d8145ab@group-2AF9492EFBFF:t1, leader=null, voted=aff9d3c6-0a22-4090-bc43-74b57d8145ab, raftlog=aff9d3c6-0a22-4090-bc43-74b57d8145ab@group-2AF9492EFBFF-SegmentedRaftLog:OPENED:c-1, conf=-1: [e3b02d69-2174-44c4-baa7-18bae5c8063e|rpc:10.1.0.22:34863|dataStream:|priority:0, 6005e4a5-b457-424c-9515-b1921d45a496|rpc:10.1.0.22:45857|dataStream:|priority:0, aff9d3c6-0a22-4090-bc43-74b57d8145ab|rpc:10.1.0.22:36293|dataStream:|priority:1], old=null
2022-06-27 16:55:31,964 [grpc-default-executor-1] INFO  server.RaftServer$Division (RaftServerImpl.java:requestVote(1152)) - e3b02d69-2174-44c4-baa7-18bae5c8063e@group-2AF9492EFBFF: receive requestVote(ELECTION, aff9d3c6-0a22-4090-bc43-74b57d8145ab, group-2AF9492EFBFF, 1, (t:0, i:0))
2022-06-27 16:55:31,964 [grpc-default-executor-1] INFO  impl.VoteContext (VoteContext.java:log(48)) - e3b02d69-2174-44c4-baa7-18bae5c8063e@group-2AF9492EFBFF-CANDIDATE: reject ELECTION from aff9d3c6-0a22-4090-bc43-74b57d8145ab: already has voted for e3b02d69-2174-44c4-baa7-18bae5c8063e at current term 1
2022-06-27 16:55:31,964 [grpc-default-executor-1] INFO  server.RaftServer$Division (RaftServerImpl.java:requestVote(1184)) - e3b02d69-2174-44c4-baa7-18bae5c8063e@group-2AF9492EFBFF replies to ELECTION vote request: aff9d3c6-0a22-4090-bc43-74b57d8145ab<-e3b02d69-2174-44c4-baa7-18bae5c8063e#0:FAIL-t1. Peer's state: e3b02d69-2174-44c4-baa7-18bae5c8063e@group-2AF9492EFBFF:t1, leader=null, voted=e3b02d69-2174-44c4-baa7-18bae5c8063e, raftlog=e3b02d69-2174-44c4-baa7-18bae5c8063e@group-2AF9492EFBFF-SegmentedRaftLog:OPENED:c-1, conf=-1: [e3b02d69-2174-44c4-baa7-18bae5c8063e|rpc:10.1.0.22:34863|priority:0, 6005e4a5-b457-424c-9515-b1921d45a496|rpc:10.1.0.22:45857|priority:0, aff9d3c6-0a22-4090-bc43-74b57d8145ab|rpc:10.1.0.22:36293|priority:1], old=null
2022-06-27 16:55:31,964 [e3b02d69-2174-44c4-baa7-18bae5c8063e@group-2AF9492EFBFF-LeaderElection16] INFO  impl.LeaderElection (LeaderElection.java:logAndReturn(90)) - e3b02d69-2174-44c4-baa7-18bae5c8063e@group-2AF9492EFBFF-LeaderElection16: ELECTION REJECTED received 2 response(s) and 0 exception(s):
2022-06-27 16:55:31,964 [e3b02d69-2174-44c4-baa7-18bae5c8063e@group-2AF9492EFBFF-LeaderElection16] INFO  impl.LeaderElection (LeaderElection.java:logAndReturn(94)) -   Response 0: e3b02d69-2174-44c4-baa7-18bae5c8063e<-6005e4a5-b457-424c-9515-b1921d45a496#0:OK-t1
2022-06-27 16:55:31,964 [e3b02d69-2174-44c4-baa7-18bae5c8063e@group-2AF9492EFBFF-LeaderElection16] INFO  impl.LeaderElection (LeaderElection.java:logAndReturn(94)) -   Response 1: e3b02d69-2174-44c4-baa7-18bae5c8063e<-aff9d3c6-0a22-4090-bc43-74b57d8145ab#0:FAIL-t1
2022-06-27 16:55:31,964 [e3b02d69-2174-44c4-baa7-18bae5c8063e@group-2AF9492EFBFF-LeaderElection16] INFO  impl.LeaderElection (LeaderElection.java:askForVotes(312)) - e3b02d69-2174-44c4-baa7-18bae5c8063e@group-2AF9492EFBFF-LeaderElection16 ELECTION round 0: result REJECTED
2022-06-27 16:55:31,964 [e3b02d69-2174-44c4-baa7-18bae5c8063e@group-2AF9492EFBFF-LeaderElection16] INFO  server.RaftServer$Division (RaftServerImpl.java:setRole(299)) - e3b02d69-2174-44c4-baa7-18bae5c8063e@group-2AF9492EFBFF: changes role from CANDIDATE to FOLLOWER at term 1 for REJECTED
2022-06-27 16:55:31,964 [e3b02d69-2174-44c4-baa7-18bae5c8063e@group-2AF9492EFBFF-LeaderElection16] INFO  impl.RoleInfo (RoleInfo.java:shutdownLeaderElection(130)) - e3b02d69-2174-44c4-baa7-18bae5c8063e: shutdown e3b02d69-2174-44c4-baa7-18bae5c8063e@group-2AF9492EFBFF-LeaderElection16
2022-06-27 16:55:31,965 [e3b02d69-2174-44c4-baa7-18bae5c8063e@group-2AF9492EFBFF-LeaderElection16] INFO  impl.RoleInfo (RoleInfo.java:updateAndGet(139)) - e3b02d69-2174-44c4-baa7-18bae5c8063e: start e3b02d69-2174-44c4-baa7-18bae5c8063e@group-2AF9492EFBFF-FollowerState
2022-06-27 16:55:32,003 [grpc-default-executor-1] INFO  server.RaftServer$Division (RaftServerImpl.java:requestVote(1152)) - 6005e4a5-b457-424c-9515-b1921d45a496@group-2AF9492EFBFF: receive requestVote(ELECTION, aff9d3c6-0a22-4090-bc43-74b57d8145ab, group-2AF9492EFBFF, 1, (t:0, i:0))
2022-06-27 16:55:32,004 [grpc-default-executor-1] INFO  impl.VoteContext (VoteContext.java:log(48)) - 6005e4a5-b457-424c-9515-b1921d45a496@group-2AF9492EFBFF-FOLLOWER: reject ELECTION from aff9d3c6-0a22-4090-bc43-74b57d8145ab: already has voted for e3b02d69-2174-44c4-baa7-18bae5c8063e at current term 1
2022-06-27 16:55:32,004 [grpc-default-executor-1] INFO  server.RaftServer$Division (RaftServerImpl.java:requestVote(1184)) - 6005e4a5-b457-424c-9515-b1921d45a496@group-2AF9492EFBFF replies to ELECTION vote request: aff9d3c6-0a22-4090-bc43-74b57d8145ab<-6005e4a5-b457-424c-9515-b1921d45a496#0:FAIL-t1. Peer's state: 6005e4a5-b457-424c-9515-b1921d45a496@group-2AF9492EFBFF:t1, leader=null, voted=e3b02d69-2174-44c4-baa7-18bae5c8063e, raftlog=6005e4a5-b457-424c-9515-b1921d45a496@group-2AF9492EFBFF-SegmentedRaftLog:OPENED:c-1, conf=-1: [e3b02d69-2174-44c4-baa7-18bae5c8063e|rpc:10.1.0.22:34863|dataStream:|priority:0, 6005e4a5-b457-424c-9515-b1921d45a496|rpc:10.1.0.22:45857|dataStream:|priority:0, aff9d3c6-0a22-4090-bc43-74b57d8145ab|rpc:10.1.0.22:36293|dataStream:|priority:1], old=null
2022-06-27 16:55:32,006 [aff9d3c6-0a22-4090-bc43-74b57d8145ab@group-2AF9492EFBFF-LeaderElection17] INFO  impl.LeaderElection (LeaderElection.java:logAndReturn(90)) - aff9d3c6-0a22-4090-bc43-74b57d8145ab@group-2AF9492EFBFF-LeaderElection17: ELECTION REJECTED received 2 response(s) and 0 exception(s):
2022-06-27 16:55:32,006 [aff9d3c6-0a22-4090-bc43-74b57d8145ab@group-2AF9492EFBFF-LeaderElection17] INFO  impl.LeaderElection (LeaderElection.java:logAndReturn(94)) -   Response 0: aff9d3c6-0a22-4090-bc43-74b57d8145ab<-e3b02d69-2174-44c4-baa7-18bae5c8063e#0:FAIL-t1
2022-06-27 16:55:32,006 [aff9d3c6-0a22-4090-bc43-74b57d8145ab@group-2AF9492EFBFF-LeaderElection17] INFO  impl.LeaderElection (LeaderElection.java:logAndReturn(94)) -   Response 1: aff9d3c6-0a22-4090-bc43-74b57d8145ab<-6005e4a5-b457-424c-9515-b1921d45a496#0:FAIL-t1
2022-06-27 16:55:32,006 [aff9d3c6-0a22-4090-bc43-74b57d8145ab@group-2AF9492EFBFF-LeaderElection17] INFO  impl.LeaderElection (LeaderElection.java:askForVotes(312)) - aff9d3c6-0a22-4090-bc43-74b57d8145ab@group-2AF9492EFBFF-LeaderElection17 ELECTION round 0: result REJECTED
2022-06-27 16:55:32,006 [aff9d3c6-0a22-4090-bc43-74b57d8145ab@group-2AF9492EFBFF-LeaderElection17] INFO  server.RaftServer$Division (RaftServerImpl.java:setRole(299)) - aff9d3c6-0a22-4090-bc43-74b57d8145ab@group-2AF9492EFBFF: changes role from CANDIDATE to FOLLOWER at term 1 for REJECTED
2022-06-27 16:55:32,006 [aff9d3c6-0a22-4090-bc43-74b57d8145ab@group-2AF9492EFBFF-LeaderElection17] INFO  impl.RoleInfo (RoleInfo.java:shutdownLeaderElection(130)) - aff9d3c6-0a22-4090-bc43-74b57d8145ab: shutdown aff9d3c6-0a22-4090-bc43-74b57d8145ab@group-2AF9492EFBFF-LeaderElection17
2022-06-27 16:55:32,006 [aff9d3c6-0a22-4090-bc43-74b57d8145ab@group-2AF9492EFBFF-LeaderElection17] INFO  impl.RoleInfo (RoleInfo.java:updateAndGet(139)) - aff9d3c6-0a22-4090-bc43-74b57d8145ab: start aff9d3c6-0a22-4090-bc43-74b57d8145ab@group-2AF9492EFBFF-FollowerState
2022-06-27 16:55:32,015 [e3b02d69-2174-44c4-baa7-18bae5c8063e@group-1389CD595B91-FollowerState] INFO  impl.FollowerState (FollowerState.java:run(143)) - e3b02d69-2174-44c4-baa7-18bae5c8063e@group-1389CD595B91-FollowerState: change to CANDIDATE, lastRpcElapsedTime:5103956012ns, electionTimeout:5079ms
2022-06-27 16:55:32,015 [e3b02d69-2174-44c4-baa7-18bae5c8063e@group-1389CD595B91-FollowerState] INFO  impl.RoleInfo (RoleInfo.java:shutdownFollowerState(110)) - e3b02d69-2174-44c4-baa7-18bae5c8063e: shutdown e3b02d69-2174-44c4-baa7-18bae5c8063e@group-1389CD595B91-FollowerState
2022-06-27 16:55:32,016 [e3b02d69-2174-44c4-baa7-18bae5c8063e@group-1389CD595B91-FollowerState] INFO  server.RaftServer$Division (RaftServerImpl.java:setRole(299)) - e3b02d69-2174-44c4-baa7-18bae5c8063e@group-1389CD595B91: changes role from  FOLLOWER to CANDIDATE at term 0 for changeToCandidate
2022-06-27 16:55:32,016 [e3b02d69-2174-44c4-baa7-18bae5c8063e@group-1389CD595B91-FollowerState] INFO  server.RaftServerConfigKeys (ConfUtils.java:logGet(46)) - raft.server.leaderelection.pre-vote = false (custom)
2022-06-27 16:55:32,016 [e3b02d69-2174-44c4-baa7-18bae5c8063e@group-1389CD595B91-FollowerState] INFO  impl.RoleInfo (RoleInfo.java:updateAndGet(139)) - e3b02d69-2174-44c4-baa7-18bae5c8063e: start e3b02d69-2174-44c4-baa7-18bae5c8063e@group-1389CD595B91-LeaderElection18
2022-06-27 16:55:32,042 [e3b02d69-2174-44c4-baa7-18bae5c8063e@group-1389CD595B91-LeaderElection18] INFO  impl.LeaderElection (LeaderElection.java:askForVotes(310)) - e3b02d69-2174-44c4-baa7-18bae5c8063e@group-1389CD595B91-LeaderElection18 ELECTION round 0: submit vote requests at term 1 for -1: [e3b02d69-2174-44c4-baa7-18bae5c8063e|rpc:10.1.0.22:34863|priority:1, 6005e4a5-b457-424c-9515-b1921d45a496|rpc:10.1.0.22:45857|priority:0, aff9d3c6-0a22-4090-bc43-74b57d8145ab|rpc:10.1.0.22:36293|priority:0], old=null
2022-06-27 16:55:32,069 [grpc-default-executor-1] INFO  server.RaftServer$Division (RaftServerImpl.java:requestVote(1152)) - 6005e4a5-b457-424c-9515-b1921d45a496@group-1389CD595B91: receive requestVote(ELECTION, e3b02d69-2174-44c4-baa7-18bae5c8063e, group-1389CD595B91, 1, (t:0, i:0))
2022-06-27 16:55:32,069 [grpc-default-executor-1] INFO  impl.VoteContext (VoteContext.java:log(48)) - 6005e4a5-b457-424c-9515-b1921d45a496@group-1389CD595B91-FOLLOWER: accept ELECTION from e3b02d69-2174-44c4-baa7-18bae5c8063e: our priority 0 <= candidate's priority 1
2022-06-27 16:55:32,069 [grpc-default-executor-1] INFO  server.RaftServer$Division (RaftServerImpl.java:setRole(299)) - 6005e4a5-b457-424c-9515-b1921d45a496@group-1389CD595B91: changes role from  FOLLOWER to FOLLOWER at term 1 for candidate:e3b02d69-2174-44c4-baa7-18bae5c8063e
2022-06-27 16:55:32,069 [grpc-default-executor-1] INFO  impl.RoleInfo (RoleInfo.java:shutdownFollowerState(110)) - 6005e4a5-b457-424c-9515-b1921d45a496: shutdown 6005e4a5-b457-424c-9515-b1921d45a496@group-1389CD595B91-FollowerState
2022-06-27 16:55:32,069 [grpc-default-executor-1] INFO  impl.RoleInfo (RoleInfo.java:updateAndGet(139)) - 6005e4a5-b457-424c-9515-b1921d45a496: start 6005e4a5-b457-424c-9515-b1921d45a496@group-1389CD595B91-FollowerState
2022-06-27 16:55:32,069 [6005e4a5-b457-424c-9515-b1921d45a496@group-1389CD595B91-FollowerState] INFO  impl.FollowerState (FollowerState.java:run(152)) - 6005e4a5-b457-424c-9515-b1921d45a496@group-1389CD595B91-FollowerState was interrupted
2022-06-27 16:55:32,081 [grpc-default-executor-1] INFO  server.RaftServer$Division (RaftServerImpl.java:requestVote(1184)) - 6005e4a5-b457-424c-9515-b1921d45a496@group-1389CD595B91 replies to ELECTION vote request: e3b02d69-2174-44c4-baa7-18bae5c8063e<-6005e4a5-b457-424c-9515-b1921d45a496#0:OK-t1. Peer's state: 6005e4a5-b457-424c-9515-b1921d45a496@group-1389CD595B91:t1, leader=null, voted=e3b02d69-2174-44c4-baa7-18bae5c8063e, raftlog=6005e4a5-b457-424c-9515-b1921d45a496@group-1389CD595B91-SegmentedRaftLog:OPENED:c-1, conf=-1: [e3b02d69-2174-44c4-baa7-18bae5c8063e|rpc:10.1.0.22:34863|priority:1, 6005e4a5-b457-424c-9515-b1921d45a496|rpc:10.1.0.22:45857|priority:0, aff9d3c6-0a22-4090-bc43-74b57d8145ab|rpc:10.1.0.22:36293|priority:0], old=null
2022-06-27 16:55:32,082 [e3b02d69-2174-44c4-baa7-18bae5c8063e@group-1389CD595B91-LeaderElection18] INFO  impl.LeaderElection (LeaderElection.java:logAndReturn(90)) - e3b02d69-2174-44c4-baa7-18bae5c8063e@group-1389CD595B91-LeaderElection18: ELECTION PASSED received 1 response(s) and 0 exception(s):
2022-06-27 16:55:32,082 [e3b02d69-2174-44c4-baa7-18bae5c8063e@group-1389CD595B91-LeaderElection18] INFO  impl.LeaderElection (LeaderElection.java:logAndReturn(94)) -   Response 0: e3b02d69-2174-44c4-baa7-18bae5c8063e<-6005e4a5-b457-424c-9515-b1921d45a496#0:OK-t1
2022-06-27 16:55:32,082 [e3b02d69-2174-44c4-baa7-18bae5c8063e@group-1389CD595B91-LeaderElection18] INFO  impl.LeaderElection (LeaderElection.java:askForVotes(312)) - e3b02d69-2174-44c4-baa7-18bae5c8063e@group-1389CD595B91-LeaderElection18 ELECTION round 0: result PASSED
2022-06-27 16:55:32,082 [e3b02d69-2174-44c4-baa7-18bae5c8063e@group-1389CD595B91-LeaderElection18] INFO  impl.RoleInfo (RoleInfo.java:shutdownLeaderElection(130)) - e3b02d69-2174-44c4-baa7-18bae5c8063e: shutdown e3b02d69-2174-44c4-baa7-18bae5c8063e@group-1389CD595B91-LeaderElection18
2022-06-27 16:55:32,082 [e3b02d69-2174-44c4-baa7-18bae5c8063e@group-1389CD595B91-LeaderElection18] INFO  server.RaftServer$Division (RaftServerImpl.java:setRole(299)) - e3b02d69-2174-44c4-baa7-18bae5c8063e@group-1389CD595B91: changes role from CANDIDATE to LEADER at term 1 for changeToLeader
2022-06-27 16:55:32,082 [e3b02d69-2174-44c4-baa7-18bae5c8063e@group-1389CD595B91-LeaderElection18] INFO  ratis.XceiverServerRatis (XceiverServerRatis.java:handleLeaderChangedNotification(863)) - Leader change notification received for group: group-1389CD595B91 with new leaderId: e3b02d69-2174-44c4-baa7-18bae5c8063e
2022-06-27 16:55:32,082 [e3b02d69-2174-44c4-baa7-18bae5c8063e@group-1389CD595B91-LeaderElection18] INFO  server.RaftServer$Division (ServerState.java:setLeader(287)) - e3b02d69-2174-44c4-baa7-18bae5c8063e@group-1389CD595B91: change Leader from null to e3b02d69-2174-44c4-baa7-18bae5c8063e at term 1 for becomeLeader, leader elected after 5196ms
2022-06-27 16:55:32,082 [e3b02d69-2174-44c4-baa7-18bae5c8063e@group-1389CD595B91-LeaderElection18] INFO  server.RaftServerConfigKeys (ConfUtils.java:logGet(46)) - raft.server.staging.catchup.gap = 1000 (default)
2022-06-27 16:55:32,082 [e3b02d69-2174-44c4-baa7-18bae5c8063e@group-1389CD595B91-LeaderElection18] INFO  server.RaftServerConfigKeys (ConfUtils.java:logGet(46)) - raft.server.write.element-limit = 1024 (custom)
2022-06-27 16:55:32,082 [e3b02d69-2174-44c4-baa7-18bae5c8063e@group-1389CD595B91-LeaderElection18] INFO  server.RaftServerConfigKeys (ConfUtils.java:logGet(46)) - raft.server.write.byte-limit = 1024 M (=1073741824) (custom)
2022-06-27 16:55:32,083 [e3b02d69-2174-44c4-baa7-18bae5c8063e@group-1389CD595B91-LeaderElection18] INFO  server.RaftServerConfigKeys (ConfUtils.java:logGet(46)) - raft.server.watch.timeout = 180s (custom)
2022-06-27 16:55:32,083 [e3b02d69-2174-44c4-baa7-18bae5c8063e@group-1389CD595B91-LeaderElection18] INFO  server.RaftServerConfigKeys (ConfUtils.java:logGet(46)) - raft.server.watch.timeout.denomination = 1s (default)
2022-06-27 16:55:32,083 [e3b02d69-2174-44c4-baa7-18bae5c8063e@group-1389CD595B91-LeaderElection18] INFO  server.RaftServerConfigKeys (ConfUtils.java:logGet(46)) - raft.server.watch.element-limit = 65536 (default)
2022-06-27 16:55:32,083 [e3b02d69-2174-44c4-baa7-18bae5c8063e@group-1389CD595B91-LeaderElection18] INFO  server.RaftServerConfigKeys (ConfUtils.java:logGet(46)) - raft.server.write.element-limit = 1024 (custom)
2022-06-27 16:55:32,083 [e3b02d69-2174-44c4-baa7-18bae5c8063e@group-1389CD595B91-LeaderElection18] INFO  server.RaftServerConfigKeys (ConfUtils.java:logGet(46)) - raft.server.write.follower.gap.ratio.max = -1.0 (default)
2022-06-27 16:55:32,088 [grpc-default-executor-1] INFO  server.RaftServer$Division (RaftServerImpl.java:requestVote(1152)) - aff9d3c6-0a22-4090-bc43-74b57d8145ab@group-1389CD595B91: receive requestVote(ELECTION, e3b02d69-2174-44c4-baa7-18bae5c8063e, group-1389CD595B91, 1, (t:0, i:0))
2022-06-27 16:55:32,088 [aff9d3c6-0a22-4090-bc43-74b57d8145ab@group-1389CD595B91-FollowerState] INFO  impl.FollowerState (FollowerState.java:run(143)) - aff9d3c6-0a22-4090-bc43-74b57d8145ab@group-1389CD595B91-FollowerState: change to CANDIDATE, lastRpcElapsedTime:5121363285ns, electionTimeout:5120ms
2022-06-27 16:55:32,090 [aff9d3c6-0a22-4090-bc43-74b57d8145ab@group-1389CD595B91-FollowerState] INFO  impl.RoleInfo (RoleInfo.java:shutdownFollowerState(110)) - aff9d3c6-0a22-4090-bc43-74b57d8145ab: shutdown aff9d3c6-0a22-4090-bc43-74b57d8145ab@group-1389CD595B91-FollowerState
2022-06-27 16:55:32,090 [aff9d3c6-0a22-4090-bc43-74b57d8145ab@group-1389CD595B91-FollowerState] INFO  server.RaftServer$Division (RaftServerImpl.java:setRole(299)) - aff9d3c6-0a22-4090-bc43-74b57d8145ab@group-1389CD595B91: changes role from  FOLLOWER to CANDIDATE at term 0 for changeToCandidate
2022-06-27 16:55:32,090 [aff9d3c6-0a22-4090-bc43-74b57d8145ab@group-1389CD595B91-FollowerState] INFO  server.RaftServerConfigKeys (ConfUtils.java:logGet(46)) - raft.server.leaderelection.pre-vote = false (custom)
2022-06-27 16:55:32,090 [aff9d3c6-0a22-4090-bc43-74b57d8145ab@group-1389CD595B91-FollowerState] INFO  impl.RoleInfo (RoleInfo.java:updateAndGet(139)) - aff9d3c6-0a22-4090-bc43-74b57d8145ab: start aff9d3c6-0a22-4090-bc43-74b57d8145ab@group-1389CD595B91-LeaderElection19
2022-06-27 16:55:32,089 [e3b02d69-2174-44c4-baa7-18bae5c8063e@group-1389CD595B91-LeaderElection18] INFO  server.RaftServerConfigKeys (ConfUtils.java:logGet(46)) - raft.server.log.appender.snapshot.chunk.size.max = 16MB (=16777216) (default)
2022-06-27 16:55:32,090 [e3b02d69-2174-44c4-baa7-18bae5c8063e@group-1389CD595B91-LeaderElection18] INFO  server.RaftServerConfigKeys (ConfUtils.java:logGet(46)) - raft.server.log.appender.buffer.byte-limit = 33554432 (custom)
2022-06-27 16:55:32,090 [e3b02d69-2174-44c4-baa7-18bae5c8063e@group-1389CD595B91-LeaderElection18] INFO  server.RaftServerConfigKeys (ConfUtils.java:logGet(46)) - raft.server.log.appender.buffer.element-limit = 1 (custom)
2022-06-27 16:55:32,093 [EventQueue-PipelineReportForPipelineReportHandler] INFO  pipeline.PipelineManagerImpl (PipelineManagerImpl.java:openPipeline(358)) - Pipeline Pipeline[ Id: 4ff62548-9aed-4c58-857c-1389cd595b91, Nodes: aff9d3c6-0a22-4090-bc43-74b57d8145ab{ip: 10.1.0.22, host: fv-az215-30.fk02tkdpp51uda4i120yanydqb.bx.internal.cloudapp.net, ports: [REPLICATION=39463, RATIS=36293, RATIS_ADMIN=36293, RATIS_SERVER=36293, STANDALONE=41913], networkLocation: /default-rack, certSerialId: null, persistedOpState: IN_SERVICE, persistedOpStateExpiryEpochSec: 0}e3b02d69-2174-44c4-baa7-18bae5c8063e{ip: 10.1.0.22, host: fv-az215-30.fk02tkdpp51uda4i120yanydqb.bx.internal.cloudapp.net, ports: [REPLICATION=38187, RATIS=34863, RATIS_ADMIN=34863, RATIS_SERVER=34863, STANDALONE=34753], networkLocation: /default-rack, certSerialId: null, persistedOpState: IN_SERVICE, persistedOpStateExpiryEpochSec: 0}6005e4a5-b457-424c-9515-b1921d45a496{ip: 10.1.0.22, host: fv-az215-30.fk02tkdpp51uda4i120yanydqb.bx.internal.cloudapp.net, ports: [REPLICATION=42237, RATIS=45857, RATIS_ADMIN=45857, RATIS_SERVER=45857, STANDALONE=35149], networkLocation: /default-rack, certSerialId: null, persistedOpState: IN_SERVICE, persistedOpStateExpiryEpochSec: 0}, ReplicationConfig: RATIS/THREE, State:ALLOCATED, leaderId:e3b02d69-2174-44c4-baa7-18bae5c8063e, CreationTimestamp2022-06-27T16:55:24.407Z[Etc/UTC]] moved to OPEN state
2022-06-27 16:55:32,093 [EventQueue-OpenPipelineForHealthyPipelineSafeModeRule] INFO  safemode.SCMSafeModeManager (HealthyPipelineSafeModeRule.java:process(124)) - SCM in safe mode. Healthy pipelines reported count is 0, required healthy pipeline reported count is 1
2022-06-27 16:55:32,093 [EventQueue-OpenPipelineForHealthyPipelineSafeModeRule] INFO  safemode.SCMSafeModeManager (HealthyPipelineSafeModeRule.java:process(124)) - SCM in safe mode. Healthy pipelines reported count is 1, required healthy pipeline reported count is 1
2022-06-27 16:55:32,093 [EventQueue-OpenPipelineForHealthyPipelineSafeModeRule] INFO  safemode.SCMSafeModeManager (SCMSafeModeManager.java:validateSafeModeExitRules(204)) - HealthyPipelineSafeModeRule rule is successfully validated
2022-06-27 16:55:32,093 [EventQueue-OpenPipelineForHealthyPipelineSafeModeRule] INFO  safemode.SCMSafeModeManager (SCMSafeModeManager.java:validateSafeModeExitRules(219)) - ScmSafeModeManager, all rules are successfully validated
2022-06-27 16:55:32,093 [EventQueue-OpenPipelineForHealthyPipelineSafeModeRule] INFO  safemode.SCMSafeModeManager (SCMSafeModeManager.java:exitSafeMode(248)) - SCM exiting safe mode.
2022-06-27 16:55:32,093 [EventQueue-OpenPipelineForHealthyPipelineSafeModeRule] WARN  events.EventQueue (EventQueue.java:fireEvent(216)) - No event handler registered for event TypedEvent{payloadType=SafeModeStatus, name='Safe mode status'}
2022-06-27 16:55:32,094 [EventQueue-OpenPipelineForHealthyPipelineSafeModeRule] INFO  ha.SCMContext (SCMContext.java:updateSafeModeStatus(228)) - Update SafeModeStatus from SafeModeStatus{safeModeStatus=true, preCheckPassed=true} to SafeModeStatus{safeModeStatus=false, preCheckPassed=true}.
2022-06-27 16:55:32,094 [EventQueue-OpenPipelineForHealthyPipelineSafeModeRule] INFO  pipeline.BackgroundPipelineCreator (BackgroundPipelineCreator.java:notifyStatusChanged(253)) - Service BackgroundPipelineCreator transitions to RUNNING.
2022-06-27 16:55:32,094 [EventQueue-OpenPipelineForHealthyPipelineSafeModeRule] INFO  BackgroundPipelineScrubber (BackgroundSCMService.java:notifyStatusChanged(82)) - Service BackgroundPipelineScrubber transitions to RUNNING.
2022-06-27 16:55:32,094 [EventQueue-OpenPipelineForHealthyPipelineSafeModeRule] INFO  ExpiredContainerReplicaOpScrubber (BackgroundSCMService.java:notifyStatusChanged(82)) - Service ExpiredContainerReplicaOpScrubber transitions to RUNNING.
2022-06-27 16:55:32,094 [EventQueue-OpenPipelineForHealthyPipelineSafeModeRule] INFO  replication.ReplicationManager (ReplicationManager.java:notifyStatusChanged(420)) - Service ReplicationManager transitions to RUNNING.
2022-06-27 16:55:32,094 [EventQueue-OpenPipelineForHealthyPipelineSafeModeRule] WARN  balancer.ContainerBalancer (ContainerBalancer.java:shouldRun(875)) - Could not find persisted configuration for ContainerBalancer when checking if ContainerBalancer should run. ContainerBalancer should not run now.
2022-06-27 16:55:32,109 [grpc-default-executor-1] INFO  impl.VoteContext (VoteContext.java:log(48)) - aff9d3c6-0a22-4090-bc43-74b57d8145ab@group-1389CD595B91-CANDIDATE: accept ELECTION from e3b02d69-2174-44c4-baa7-18bae5c8063e: our priority 0 <= candidate's priority 1
2022-06-27 16:55:32,109 [grpc-default-executor-1] INFO  server.RaftServer$Division (RaftServerImpl.java:setRole(299)) - aff9d3c6-0a22-4090-bc43-74b57d8145ab@group-1389CD595B91: changes role from CANDIDATE to FOLLOWER at term 1 for candidate:e3b02d69-2174-44c4-baa7-18bae5c8063e
2022-06-27 16:55:32,109 [grpc-default-executor-1] INFO  impl.RoleInfo (RoleInfo.java:shutdownLeaderElection(130)) - aff9d3c6-0a22-4090-bc43-74b57d8145ab: shutdown aff9d3c6-0a22-4090-bc43-74b57d8145ab@group-1389CD595B91-LeaderElection19
2022-06-27 16:55:32,109 [grpc-default-executor-1] INFO  impl.RoleInfo (RoleInfo.java:updateAndGet(139)) - aff9d3c6-0a22-4090-bc43-74b57d8145ab: start aff9d3c6-0a22-4090-bc43-74b57d8145ab@group-1389CD595B91-FollowerState
2022-06-27 16:55:32,118 [grpc-default-executor-1] INFO  server.RaftServer$Division (RaftServerImpl.java:requestVote(1184)) - aff9d3c6-0a22-4090-bc43-74b57d8145ab@group-1389CD595B91 replies to ELECTION vote request: e3b02d69-2174-44c4-baa7-18bae5c8063e<-aff9d3c6-0a22-4090-bc43-74b57d8145ab#0:OK-t1. Peer's state: aff9d3c6-0a22-4090-bc43-74b57d8145ab@group-1389CD595B91:t1, leader=null, voted=e3b02d69-2174-44c4-baa7-18bae5c8063e, raftlog=aff9d3c6-0a22-4090-bc43-74b57d8145ab@group-1389CD595B91-SegmentedRaftLog:OPENED:c-1, conf=-1: [e3b02d69-2174-44c4-baa7-18bae5c8063e|rpc:10.1.0.22:34863|dataStream:|priority:1, 6005e4a5-b457-424c-9515-b1921d45a496|rpc:10.1.0.22:45857|dataStream:|priority:0, aff9d3c6-0a22-4090-bc43-74b57d8145ab|rpc:10.1.0.22:36293|dataStream:|priority:0], old=null
2022-06-27 16:55:32,121 [aff9d3c6-0a22-4090-bc43-74b57d8145ab@group-1389CD595B91-LeaderElection19] INFO  impl.LeaderElection (LeaderElection.java:run(231)) - aff9d3c6-0a22-4090-bc43-74b57d8145ab@group-1389CD595B91-LeaderElection19: skip running since this is already CLOSING
2022-06-27 16:55:32,124 [e3b02d69-2174-44c4-baa7-18bae5c8063e@group-1389CD595B91-LeaderElection18] INFO  grpc.GrpcConfigKeys (ConfUtils.java:logGet(46)) - raft.grpc.server.leader.outstanding.appends.max = 128 (default)
2022-06-27 16:55:32,124 [e3b02d69-2174-44c4-baa7-18bae5c8063e@group-1389CD595B91-LeaderElection18] INFO  server.RaftServerConfigKeys (ConfUtils.java:logGet(46)) - raft.server.rpc.request.timeout = 60s (custom)
2022-06-27 16:55:32,124 [e3b02d69-2174-44c4-baa7-18bae5c8063e@group-1389CD595B91-LeaderElection18] INFO  server.RaftServerConfigKeys (ConfUtils.java:logGet(46)) - raft.server.log.appender.install.snapshot.enabled = false (custom)
2022-06-27 16:55:32,125 [e3b02d69-2174-44c4-baa7-18bae5c8063e@group-1389CD595B91-LeaderElection18] INFO  server.RaftServerConfigKeys (ConfUtils.java:logGet(46)) - raft.server.log.appender.snapshot.chunk.size.max = 16MB (=16777216) (default)
2022-06-27 16:55:32,125 [e3b02d69-2174-44c4-baa7-18bae5c8063e@group-1389CD595B91-LeaderElection18] INFO  server.RaftServerConfigKeys (ConfUtils.java:logGet(46)) - raft.server.log.appender.buffer.byte-limit = 33554432 (custom)
2022-06-27 16:55:32,125 [e3b02d69-2174-44c4-baa7-18bae5c8063e@group-1389CD595B91-LeaderElection18] INFO  server.RaftServerConfigKeys (ConfUtils.java:logGet(46)) - raft.server.log.appender.buffer.element-limit = 1 (custom)
2022-06-27 16:55:32,125 [e3b02d69-2174-44c4-baa7-18bae5c8063e@group-1389CD595B91-LeaderElection18] INFO  grpc.GrpcConfigKeys (ConfUtils.java:logGet(46)) - raft.grpc.server.leader.outstanding.appends.max = 128 (default)
2022-06-27 16:55:32,125 [e3b02d69-2174-44c4-baa7-18bae5c8063e@group-1389CD595B91-LeaderElection18] INFO  server.RaftServerConfigKeys (ConfUtils.java:logGet(46)) - raft.server.rpc.request.timeout = 60s (custom)
2022-06-27 16:55:32,125 [e3b02d69-2174-44c4-baa7-18bae5c8063e@group-1389CD595B91-LeaderElection18] INFO  server.RaftServerConfigKeys (ConfUtils.java:logGet(46)) - raft.server.log.appender.install.snapshot.enabled = false (custom)
2022-06-27 16:55:32,125 [e3b02d69-2174-44c4-baa7-18bae5c8063e@group-1389CD595B91-LeaderElection18] INFO  impl.RoleInfo (RoleInfo.java:updateAndGet(139)) - e3b02d69-2174-44c4-baa7-18bae5c8063e: start e3b02d69-2174-44c4-baa7-18bae5c8063e@group-1389CD595B91-LeaderStateImpl
2022-06-27 16:55:32,126 [e3b02d69-2174-44c4-baa7-18bae5c8063e@group-1389CD595B91-LeaderElection18] INFO  segmented.SegmentedRaftLogWorker (SegmentedRaftLogWorker.java:startLogSegment(425)) - e3b02d69-2174-44c4-baa7-18bae5c8063e@group-1389CD595B91-SegmentedRaftLogWorker: Starting segment from index:0
2022-06-27 16:55:32,127 [e3b02d69-2174-44c4-baa7-18bae5c8063e@group-1389CD595B91-SegmentedRaftLogWorker] INFO  segmented.SegmentedRaftLogWorker (SegmentedRaftLogWorker.java:execute(629)) - e3b02d69-2174-44c4-baa7-18bae5c8063e@group-1389CD595B91-SegmentedRaftLogWorker: created new log segment /home/runner/work/ozone/ozone/hadoop-ozone/integration-test/target/test-dir/MiniOzoneClusterImpl-d171279b-4677-4c73-a7d6-55d9627e9d51/datanode-0/data/ratis/4ff62548-9aed-4c58-857c-1389cd595b91/current/log_inprogress_0
2022-06-27 16:55:32,129 [e3b02d69-2174-44c4-baa7-18bae5c8063e@group-1389CD595B91-LeaderElection18] INFO  server.RaftServer$Division (ServerState.java:setRaftConf(393)) - e3b02d69-2174-44c4-baa7-18bae5c8063e@group-1389CD595B91: set configuration 0: [e3b02d69-2174-44c4-baa7-18bae5c8063e|rpc:10.1.0.22:34863|dataStream:|priority:1, 6005e4a5-b457-424c-9515-b1921d45a496|rpc:10.1.0.22:45857|dataStream:|priority:0, aff9d3c6-0a22-4090-bc43-74b57d8145ab|rpc:10.1.0.22:36293|dataStream:|priority:0], old=null
2022-06-27 16:55:32,156 [6005e4a5-b457-424c-9515-b1921d45a496@group-7ED137AB5DB4-FollowerState] INFO  impl.FollowerState (FollowerState.java:run(143)) - 6005e4a5-b457-424c-9515-b1921d45a496@group-7ED137AB5DB4-FollowerState: change to CANDIDATE, lastRpcElapsedTime:5155914435ns, electionTimeout:5121ms
2022-06-27 16:55:32,156 [6005e4a5-b457-424c-9515-b1921d45a496@group-7ED137AB5DB4-FollowerState] INFO  impl.RoleInfo (RoleInfo.java:shutdownFollowerState(110)) - 6005e4a5-b457-424c-9515-b1921d45a496: shutdown 6005e4a5-b457-424c-9515-b1921d45a496@group-7ED137AB5DB4-FollowerState
2022-06-27 16:55:32,156 [6005e4a5-b457-424c-9515-b1921d45a496@group-7ED137AB5DB4-FollowerState] INFO  server.RaftServer$Division (RaftServerImpl.java:setRole(299)) - 6005e4a5-b457-424c-9515-b1921d45a496@group-7ED137AB5DB4: changes role from  FOLLOWER to CANDIDATE at term 0 for changeToCandidate
2022-06-27 16:55:32,161 [6005e4a5-b457-424c-9515-b1921d45a496@group-7ED137AB5DB4-FollowerState] INFO  server.RaftServerConfigKeys (ConfUtils.java:logGet(46)) - raft.server.leaderelection.pre-vote = false (custom)
2022-06-27 16:55:32,161 [6005e4a5-b457-424c-9515-b1921d45a496@group-7ED137AB5DB4-FollowerState] INFO  impl.RoleInfo (RoleInfo.java:updateAndGet(139)) - 6005e4a5-b457-424c-9515-b1921d45a496: start 6005e4a5-b457-424c-9515-b1921d45a496@group-7ED137AB5DB4-LeaderElection20
2022-06-27 16:55:32,162 [aff9d3c6-0a22-4090-bc43-74b57d8145ab-server-thread1] INFO  ratis.XceiverServerRatis (XceiverServerRatis.java:handleLeaderChangedNotification(863)) - Leader change notification received for group: group-1389CD595B91 with new leaderId: e3b02d69-2174-44c4-baa7-18bae5c8063e
2022-06-27 16:55:32,162 [aff9d3c6-0a22-4090-bc43-74b57d8145ab-server-thread1] INFO  server.RaftServer$Division (ServerState.java:setLeader(287)) - aff9d3c6-0a22-4090-bc43-74b57d8145ab@group-1389CD595B91: change Leader from null to e3b02d69-2174-44c4-baa7-18bae5c8063e at term 1 for appendEntries, leader elected after 5200ms
2022-06-27 16:55:32,185 [aff9d3c6-0a22-4090-bc43-74b57d8145ab-server-thread1] INFO  server.RaftServer$Division (ServerState.java:setRaftConf(393)) - aff9d3c6-0a22-4090-bc43-74b57d8145ab@group-1389CD595B91: set configuration 0: [e3b02d69-2174-44c4-baa7-18bae5c8063e|rpc:10.1.0.22:34863|dataStream:|priority:1, 6005e4a5-b457-424c-9515-b1921d45a496|rpc:10.1.0.22:45857|dataStream:|priority:0, aff9d3c6-0a22-4090-bc43-74b57d8145ab|rpc:10.1.0.22:36293|dataStream:|priority:0], old=null
2022-06-27 16:55:32,185 [aff9d3c6-0a22-4090-bc43-74b57d8145ab-server-thread1] INFO  segmented.SegmentedRaftLogWorker (SegmentedRaftLogWorker.java:startLogSegment(425)) - aff9d3c6-0a22-4090-bc43-74b57d8145ab@group-1389CD595B91-SegmentedRaftLogWorker: Starting segment from index:0
2022-06-27 16:55:32,189 [6005e4a5-b457-424c-9515-b1921d45a496@group-7ED137AB5DB4-LeaderElection20] INFO  impl.LeaderElection (LeaderElection.java:askForVotes(310)) - 6005e4a5-b457-424c-9515-b1921d45a496@group-7ED137AB5DB4-LeaderElection20 ELECTION round 0: submit vote requests at term 1 for -1: [6005e4a5-b457-424c-9515-b1921d45a496|rpc:10.1.0.22:45857|priority:1], old=null
2022-06-27 16:55:32,195 [6005e4a5-b457-424c-9515-b1921d45a496-server-thread1] INFO  ratis.XceiverServerRatis (XceiverServerRatis.java:handleLeaderChangedNotification(863)) - Leader change notification received for group: group-1389CD595B91 with new leaderId: e3b02d69-2174-44c4-baa7-18bae5c8063e
2022-06-27 16:55:32,197 [6005e4a5-b457-424c-9515-b1921d45a496@group-7ED137AB5DB4-LeaderElection20] INFO  impl.LeaderElection (LeaderElection.java:askForVotes(312)) - 6005e4a5-b457-424c-9515-b1921d45a496@group-7ED137AB5DB4-LeaderElection20 ELECTION round 0: result PASSED (term=1)
2022-06-27 16:55:32,197 [6005e4a5-b457-424c-9515-b1921d45a496-server-thread1] INFO  server.RaftServer$Division (ServerState.java:setLeader(287)) - 6005e4a5-b457-424c-9515-b1921d45a496@group-1389CD595B91: change Leader from null to e3b02d69-2174-44c4-baa7-18bae5c8063e at term 1 for appendEntries, leader elected after 5162ms
2022-06-27 16:55:32,197 [6005e4a5-b457-424c-9515-b1921d45a496@group-7ED137AB5DB4-LeaderElection20] INFO  impl.RoleInfo (RoleInfo.java:shutdownLeaderElection(130)) - 6005e4a5-b457-424c-9515-b1921d45a496: shutdown 6005e4a5-b457-424c-9515-b1921d45a496@group-7ED137AB5DB4-LeaderElection20
2022-06-27 16:55:32,197 [6005e4a5-b457-424c-9515-b1921d45a496@group-7ED137AB5DB4-LeaderElection20] INFO  server.RaftServer$Division (RaftServerImpl.java:setRole(299)) - 6005e4a5-b457-424c-9515-b1921d45a496@group-7ED137AB5DB4: changes role from CANDIDATE to LEADER at term 1 for changeToLeader
2022-06-27 16:55:32,197 [6005e4a5-b457-424c-9515-b1921d45a496@group-7ED137AB5DB4-LeaderElection20] INFO  ratis.XceiverServerRatis (XceiverServerRatis.java:handleLeaderChangedNotification(863)) - Leader change notification received for group: group-7ED137AB5DB4 with new leaderId: 6005e4a5-b457-424c-9515-b1921d45a496
2022-06-27 16:55:32,205 [aff9d3c6-0a22-4090-bc43-74b57d8145ab@group-1389CD595B91-SegmentedRaftLogWorker] INFO  segmented.SegmentedRaftLogWorker (SegmentedRaftLogWorker.java:execute(629)) - aff9d3c6-0a22-4090-bc43-74b57d8145ab@group-1389CD595B91-SegmentedRaftLogWorker: created new log segment /home/runner/work/ozone/ozone/hadoop-ozone/integration-test/target/test-dir/MiniOzoneClusterImpl-d171279b-4677-4c73-a7d6-55d9627e9d51/datanode-2/data/ratis/4ff62548-9aed-4c58-857c-1389cd595b91/current/log_inprogress_0
2022-06-27 16:55:32,205 [Listener at 127.0.0.1/39955] INFO  ozone.MiniOzoneClusterImpl (MiniOzoneClusterImpl.java:lambda$waitForClusterToBeReady$0(223)) - Nodes are ready. Got 5 of 5 DN Heartbeats.
2022-06-27 16:55:32,205 [Listener at 127.0.0.1/39955] INFO  ozone.MiniOzoneClusterImpl (MiniOzoneClusterImpl.java:lambda$waitForClusterToBeReady$0(226)) - Cluster exits safe mode
2022-06-27 16:55:32,205 [Listener at 127.0.0.1/39955] INFO  ozone.MiniOzoneClusterImpl (MiniOzoneClusterImpl.java:lambda$waitForClusterToBeReady$0(228)) - SCM became leader
2022-06-27 16:55:32,206 [6005e4a5-b457-424c-9515-b1921d45a496-server-thread1] INFO  server.RaftServer$Division (ServerState.java:setRaftConf(393)) - 6005e4a5-b457-424c-9515-b1921d45a496@group-1389CD595B91: set configuration 0: [e3b02d69-2174-44c4-baa7-18bae5c8063e|rpc:10.1.0.22:34863|dataStream:|priority:1, 6005e4a5-b457-424c-9515-b1921d45a496|rpc:10.1.0.22:45857|dataStream:|priority:0, aff9d3c6-0a22-4090-bc43-74b57d8145ab|rpc:10.1.0.22:36293|dataStream:|priority:0], old=null
2022-06-27 16:55:32,207 [6005e4a5-b457-424c-9515-b1921d45a496-server-thread1] INFO  segmented.SegmentedRaftLogWorker (SegmentedRaftLogWorker.java:startLogSegment(425)) - 6005e4a5-b457-424c-9515-b1921d45a496@group-1389CD595B91-SegmentedRaftLogWorker: Starting segment from index:0
2022-06-27 16:55:32,208 [6005e4a5-b457-424c-9515-b1921d45a496@group-1389CD595B91-SegmentedRaftLogWorker] INFO  segmented.SegmentedRaftLogWorker (SegmentedRaftLogWorker.java:execute(629)) - 6005e4a5-b457-424c-9515-b1921d45a496@group-1389CD595B91-SegmentedRaftLogWorker: created new log segment /home/runner/work/ozone/ozone/hadoop-ozone/integration-test/target/test-dir/MiniOzoneClusterImpl-d171279b-4677-4c73-a7d6-55d9627e9d51/datanode-1/data/ratis/4ff62548-9aed-4c58-857c-1389cd595b91/current/log_inprogress_0
2022-06-27 16:55:32,241 [6005e4a5-b457-424c-9515-b1921d45a496@group-7ED137AB5DB4-LeaderElection20] INFO  server.RaftServer$Division (ServerState.java:setLeader(287)) - 6005e4a5-b457-424c-9515-b1921d45a496@group-7ED137AB5DB4: change Leader from null to 6005e4a5-b457-424c-9515-b1921d45a496 at term 1 for becomeLeader, leader elected after 5228ms
2022-06-27 16:55:32,241 [6005e4a5-b457-424c-9515-b1921d45a496@group-7ED137AB5DB4-LeaderElection20] INFO  server.RaftServerConfigKeys (ConfUtils.java:logGet(46)) - raft.server.staging.catchup.gap = 1000 (default)
2022-06-27 16:55:32,241 [6005e4a5-b457-424c-9515-b1921d45a496@group-7ED137AB5DB4-LeaderElection20] INFO  server.RaftServerConfigKeys (ConfUtils.java:logGet(46)) - raft.server.write.element-limit = 1024 (custom)
2022-06-27 16:55:32,241 [6005e4a5-b457-424c-9515-b1921d45a496@group-7ED137AB5DB4-LeaderElection20] INFO  server.RaftServerConfigKeys (ConfUtils.java:logGet(46)) - raft.server.write.byte-limit = 1024 M (=1073741824) (custom)
2022-06-27 16:55:32,242 [6005e4a5-b457-424c-9515-b1921d45a496@group-7ED137AB5DB4-LeaderElection20] INFO  server.RaftServerConfigKeys (ConfUtils.java:logGet(46)) - raft.server.watch.timeout = 180s (custom)
2022-06-27 16:55:32,242 [6005e4a5-b457-424c-9515-b1921d45a496@group-7ED137AB5DB4-LeaderElection20] INFO  server.RaftServerConfigKeys (ConfUtils.java:logGet(46)) - raft.server.watch.timeout.denomination = 1s (default)
2022-06-27 16:55:32,242 [6005e4a5-b457-424c-9515-b1921d45a496@group-7ED137AB5DB4-LeaderElection20] INFO  server.RaftServerConfigKeys (ConfUtils.java:logGet(46)) - raft.server.watch.element-limit = 65536 (default)
2022-06-27 16:55:32,242 [6005e4a5-b457-424c-9515-b1921d45a496@group-7ED137AB5DB4-LeaderElection20] INFO  server.RaftServerConfigKeys (ConfUtils.java:logGet(46)) - raft.server.write.element-limit = 1024 (custom)
2022-06-27 16:55:32,242 [6005e4a5-b457-424c-9515-b1921d45a496@group-7ED137AB5DB4-LeaderElection20] INFO  server.RaftServerConfigKeys (ConfUtils.java:logGet(46)) - raft.server.write.follower.gap.ratio.max = -1.0 (default)
2022-06-27 16:55:32,242 [6005e4a5-b457-424c-9515-b1921d45a496@group-7ED137AB5DB4-LeaderElection20] INFO  impl.RoleInfo (RoleInfo.java:updateAndGet(139)) - 6005e4a5-b457-424c-9515-b1921d45a496: start 6005e4a5-b457-424c-9515-b1921d45a496@group-7ED137AB5DB4-LeaderStateImpl
2022-06-27 16:55:32,242 [6005e4a5-b457-424c-9515-b1921d45a496@group-7ED137AB5DB4-LeaderElection20] INFO  segmented.SegmentedRaftLogWorker (SegmentedRaftLogWorker.java:startLogSegment(425)) - 6005e4a5-b457-424c-9515-b1921d45a496@group-7ED137AB5DB4-SegmentedRaftLogWorker: Starting segment from index:0
2022-06-27 16:55:32,243 [6005e4a5-b457-424c-9515-b1921d45a496@group-7ED137AB5DB4-SegmentedRaftLogWorker] INFO  segmented.SegmentedRaftLogWorker (SegmentedRaftLogWorker.java:execute(629)) - 6005e4a5-b457-424c-9515-b1921d45a496@group-7ED137AB5DB4-SegmentedRaftLogWorker: created new log segment /home/runner/work/ozone/ozone/hadoop-ozone/integration-test/target/test-dir/MiniOzoneClusterImpl-d171279b-4677-4c73-a7d6-55d9627e9d51/datanode-1/data/ratis/cb23113a-3d70-4f11-94f3-7ed137ab5db4/current/log_inprogress_0
2022-06-27 16:55:32,266 [6005e4a5-b457-424c-9515-b1921d45a496@group-7ED137AB5DB4-LeaderElection20] INFO  server.RaftServer$Division (ServerState.java:setRaftConf(393)) - 6005e4a5-b457-424c-9515-b1921d45a496@group-7ED137AB5DB4: set configuration 0: [6005e4a5-b457-424c-9515-b1921d45a496|rpc:10.1.0.22:45857|dataStream:|priority:1], old=null
2022-06-27 16:55:32,416 [Time-limited test] INFO  rpc.RpcClient (RpcClient.java:createVolume(466)) - Creating Volume: volume34521, with user72539 as owner and space quota set to -1 bytes, counts quota set to -1
2022-06-27 16:55:32,433 [aff9d3c6-0a22-4090-bc43-74b57d8145ab@group-7DC80AA270C9-FollowerState] INFO  impl.FollowerState (FollowerState.java:run(143)) - aff9d3c6-0a22-4090-bc43-74b57d8145ab@group-7DC80AA270C9-FollowerState: change to CANDIDATE, lastRpcElapsedTime:5031064152ns, electionTimeout:5024ms
2022-06-27 16:55:32,434 [aff9d3c6-0a22-4090-bc43-74b57d8145ab@group-7DC80AA270C9-FollowerState] INFO  impl.RoleInfo (RoleInfo.java:shutdownFollowerState(110)) - aff9d3c6-0a22-4090-bc43-74b57d8145ab: shutdown aff9d3c6-0a22-4090-bc43-74b57d8145ab@group-7DC80AA270C9-FollowerState
2022-06-27 16:55:32,434 [aff9d3c6-0a22-4090-bc43-74b57d8145ab@group-7DC80AA270C9-FollowerState] INFO  server.RaftServer$Division (RaftServerImpl.java:setRole(299)) - aff9d3c6-0a22-4090-bc43-74b57d8145ab@group-7DC80AA270C9: changes role from  FOLLOWER to CANDIDATE at term 0 for changeToCandidate
2022-06-27 16:55:32,434 [aff9d3c6-0a22-4090-bc43-74b57d8145ab@group-7DC80AA270C9-FollowerState] INFO  server.RaftServerConfigKeys (ConfUtils.java:logGet(46)) - raft.server.leaderelection.pre-vote = false (custom)
2022-06-27 16:55:32,434 [aff9d3c6-0a22-4090-bc43-74b57d8145ab@group-7DC80AA270C9-FollowerState] INFO  impl.RoleInfo (RoleInfo.java:updateAndGet(139)) - aff9d3c6-0a22-4090-bc43-74b57d8145ab: start aff9d3c6-0a22-4090-bc43-74b57d8145ab@group-7DC80AA270C9-LeaderElection21
2022-06-27 16:55:32,473 [OM StateMachine ApplyTransaction Thread - 0] INFO  volume.OMVolumeCreateRequest (OMVolumeCreateRequest.java:validateAndUpdateCache(195)) - created volume:volume34521 for user:user72539
2022-06-27 16:55:32,492 [aff9d3c6-0a22-4090-bc43-74b57d8145ab@group-7DC80AA270C9-LeaderElection21] INFO  impl.LeaderElection (LeaderElection.java:askForVotes(310)) - aff9d3c6-0a22-4090-bc43-74b57d8145ab@group-7DC80AA270C9-LeaderElection21 ELECTION round 0: submit vote requests at term 1 for -1: [aff9d3c6-0a22-4090-bc43-74b57d8145ab|rpc:10.1.0.22:36293|priority:1], old=null
2022-06-27 16:55:32,492 [aff9d3c6-0a22-4090-bc43-74b57d8145ab@group-7DC80AA270C9-LeaderElection21] INFO  impl.LeaderElection (LeaderElection.java:askForVotes(312)) - aff9d3c6-0a22-4090-bc43-74b57d8145ab@group-7DC80AA270C9-LeaderElection21 ELECTION round 0: result PASSED (term=1)
2022-06-27 16:55:32,492 [aff9d3c6-0a22-4090-bc43-74b57d8145ab@group-7DC80AA270C9-LeaderElection21] INFO  impl.RoleInfo (RoleInfo.java:shutdownLeaderElection(130)) - aff9d3c6-0a22-4090-bc43-74b57d8145ab: shutdown aff9d3c6-0a22-4090-bc43-74b57d8145ab@group-7DC80AA270C9-LeaderElection21
2022-06-27 16:55:32,492 [aff9d3c6-0a22-4090-bc43-74b57d8145ab@group-7DC80AA270C9-LeaderElection21] INFO  server.RaftServer$Division (RaftServerImpl.java:setRole(299)) - aff9d3c6-0a22-4090-bc43-74b57d8145ab@group-7DC80AA270C9: changes role from CANDIDATE to LEADER at term 1 for changeToLeader
2022-06-27 16:55:32,492 [aff9d3c6-0a22-4090-bc43-74b57d8145ab@group-7DC80AA270C9-LeaderElection21] INFO  ratis.XceiverServerRatis (XceiverServerRatis.java:handleLeaderChangedNotification(863)) - Leader change notification received for group: group-7DC80AA270C9 with new leaderId: aff9d3c6-0a22-4090-bc43-74b57d8145ab
2022-06-27 16:55:32,492 [aff9d3c6-0a22-4090-bc43-74b57d8145ab@group-7DC80AA270C9-LeaderElection21] INFO  server.RaftServer$Division (ServerState.java:setLeader(287)) - aff9d3c6-0a22-4090-bc43-74b57d8145ab@group-7DC80AA270C9: change Leader from null to aff9d3c6-0a22-4090-bc43-74b57d8145ab at term 1 for becomeLeader, leader elected after 5109ms
2022-06-27 16:55:32,492 [aff9d3c6-0a22-4090-bc43-74b57d8145ab@group-7DC80AA270C9-LeaderElection21] INFO  server.RaftServerConfigKeys (ConfUtils.java:logGet(46)) - raft.server.staging.catchup.gap = 1000 (default)
2022-06-27 16:55:32,492 [aff9d3c6-0a22-4090-bc43-74b57d8145ab@group-7DC80AA270C9-LeaderElection21] INFO  server.RaftServerConfigKeys (ConfUtils.java:logGet(46)) - raft.server.write.element-limit = 1024 (custom)
2022-06-27 16:55:32,492 [aff9d3c6-0a22-4090-bc43-74b57d8145ab@group-7DC80AA270C9-LeaderElection21] INFO  server.RaftServerConfigKeys (ConfUtils.java:logGet(46)) - raft.server.write.byte-limit = 1024 M (=1073741824) (custom)
2022-06-27 16:55:32,493 [aff9d3c6-0a22-4090-bc43-74b57d8145ab@group-7DC80AA270C9-LeaderElection21] INFO  server.RaftServerConfigKeys (ConfUtils.java:logGet(46)) - raft.server.watch.timeout = 180s (custom)
2022-06-27 16:55:32,493 [aff9d3c6-0a22-4090-bc43-74b57d8145ab@group-7DC80AA270C9-LeaderElection21] INFO  server.RaftServerConfigKeys (ConfUtils.java:logGet(46)) - raft.server.watch.timeout.denomination = 1s (default)
2022-06-27 16:55:32,493 [aff9d3c6-0a22-4090-bc43-74b57d8145ab@group-7DC80AA270C9-LeaderElection21] INFO  server.RaftServerConfigKeys (ConfUtils.java:logGet(46)) - raft.server.watch.element-limit = 65536 (default)
2022-06-27 16:55:32,493 [aff9d3c6-0a22-4090-bc43-74b57d8145ab@group-7DC80AA270C9-LeaderElection21] INFO  server.RaftServerConfigKeys (ConfUtils.java:logGet(46)) - raft.server.write.element-limit = 1024 (custom)
2022-06-27 16:55:32,493 [aff9d3c6-0a22-4090-bc43-74b57d8145ab@group-7DC80AA270C9-LeaderElection21] INFO  server.RaftServerConfigKeys (ConfUtils.java:logGet(46)) - raft.server.write.follower.gap.ratio.max = -1.0 (default)
2022-06-27 16:55:32,493 [aff9d3c6-0a22-4090-bc43-74b57d8145ab@group-7DC80AA270C9-LeaderElection21] INFO  impl.RoleInfo (RoleInfo.java:updateAndGet(139)) - aff9d3c6-0a22-4090-bc43-74b57d8145ab: start aff9d3c6-0a22-4090-bc43-74b57d8145ab@group-7DC80AA270C9-LeaderStateImpl
2022-06-27 16:55:32,493 [aff9d3c6-0a22-4090-bc43-74b57d8145ab@group-7DC80AA270C9-LeaderElection21] INFO  segmented.SegmentedRaftLogWorker (SegmentedRaftLogWorker.java:startLogSegment(425)) - aff9d3c6-0a22-4090-bc43-74b57d8145ab@group-7DC80AA270C9-SegmentedRaftLogWorker: Starting segment from index:0
2022-06-27 16:55:32,495 [aff9d3c6-0a22-4090-bc43-74b57d8145ab@group-7DC80AA270C9-SegmentedRaftLogWorker] INFO  segmented.SegmentedRaftLogWorker (SegmentedRaftLogWorker.java:execute(629)) - aff9d3c6-0a22-4090-bc43-74b57d8145ab@group-7DC80AA270C9-SegmentedRaftLogWorker: created new log segment /home/runner/work/ozone/ozone/hadoop-ozone/integration-test/target/test-dir/MiniOzoneClusterImpl-d171279b-4677-4c73-a7d6-55d9627e9d51/datanode-2/data/ratis/26108e21-8e2b-4602-82c8-7dc80aa270c9/current/log_inprogress_0
2022-06-27 16:55:32,502 [aff9d3c6-0a22-4090-bc43-74b57d8145ab@group-7DC80AA270C9-LeaderElection21] INFO  server.RaftServer$Division (ServerState.java:setRaftConf(393)) - aff9d3c6-0a22-4090-bc43-74b57d8145ab@group-7DC80AA270C9: set configuration 0: [aff9d3c6-0a22-4090-bc43-74b57d8145ab|rpc:10.1.0.22:36293|dataStream:|priority:1], old=null
2022-06-27 16:55:32,511 [Time-limited test] INFO  rpc.RpcClient (RpcClient.java:createBucket(666)) - Creating Bucket: volume34521/bucket20004, with the Bucket Layout LEGACY, runner as owner, Versioning false, Storage Type set to DISK and Encryption set to false 
2022-06-27 16:55:32,514 [OM StateMachine ApplyTransaction Thread - 0] INFO  bucket.OMBucketCreateRequest (OMBucketCreateRequest.java:validateAndUpdateCache(260)) - created bucket: bucket20004 of layout LEGACY in volume: volume34521
2022-06-27 16:55:32,546 [IPC Server handler 0 on default port 40199] INFO  ha.SequenceIdGenerator (SequenceIdGenerator.java:getNextId(127)) - Allocate a batch for containerId, change lastId from 0 to 1000.
2022-06-27 16:55:32,547 [IPC Server handler 0 on default port 40199] WARN  ha.SequenceIdGenerator (SequenceIdGenerator.java:allocateBatch(235)) - Failed to allocate a batch for localId, expected lastId is 0, actual lastId is 109611004723200000.
2022-06-27 16:55:32,547 [IPC Server handler 0 on default port 40199] INFO  ha.SequenceIdGenerator (SequenceIdGenerator.java:getNextId(127)) - Allocate a batch for localId, change lastId from 109611004723200000 to 109611004723201000.
16:55:32.575 [IPC Server handler 8 on default port 39955] ERROR OMAudit - user=runner | ip=127.0.0.1 | op=GET_FILE_STATUS {volume=volume34521, bucket=bucket20004, key=dir341/file1, dataSize=0, replicationConfig=null} | ret=FAILURE
org.apache.hadoop.ozone.om.exceptions.OMException: Unable to get file status: volume: volume34521 bucket: bucket20004 key: dir341/file1
	at org.apache.hadoop.ozone.om.KeyManagerImpl.getOzoneFileStatus(KeyManagerImpl.java:1311) ~[ozone-manager-1.3.0-SNAPSHOT.jar:?]
	at org.apache.hadoop.ozone.om.KeyManagerImpl.getFileStatus(KeyManagerImpl.java:1241) ~[ozone-manager-1.3.0-SNAPSHOT.jar:?]
	at org.apache.hadoop.ozone.om.OzoneManager.getFileStatus(OzoneManager.java:3419) ~[ozone-manager-1.3.0-SNAPSHOT.jar:?]
	at org.apache.hadoop.ozone.protocolPB.OzoneManagerRequestHandler.getOzoneFileStatus(OzoneManagerRequestHandler.java:871) ~[ozone-manager-1.3.0-SNAPSHOT.jar:?]
	at org.apache.hadoop.ozone.protocolPB.OzoneManagerRequestHandler.handleReadRequest(OzoneManagerRequestHandler.java:217) ~[ozone-manager-1.3.0-SNAPSHOT.jar:?]
	at org.apache.hadoop.ozone.protocolPB.OzoneManagerProtocolServerSideTranslatorPB.submitReadRequestToOM(OzoneManagerProtocolServerSideTranslatorPB.java:226) ~[ozone-manager-1.3.0-SNAPSHOT.jar:?]
	at org.apache.hadoop.ozone.protocolPB.OzoneManagerProtocolServerSideTranslatorPB.processRequest(OzoneManagerProtocolServerSideTranslatorPB.java:175) ~[ozone-manager-1.3.0-SNAPSHOT.jar:?]
	at org.apache.hadoop.hdds.server.OzoneProtocolMessageDispatcher.processRequest(OzoneProtocolMessageDispatcher.java:87) [hdds-server-framework-1.3.0-SNAPSHOT.jar:?]
	at org.apache.hadoop.ozone.protocolPB.OzoneManagerProtocolServerSideTranslatorPB.submitRequest(OzoneManagerProtocolServerSideTranslatorPB.java:147) [ozone-manager-1.3.0-SNAPSHOT.jar:?]
	at org.apache.hadoop.ozone.protocol.proto.OzoneManagerProtocolProtos$OzoneManagerService$2.callBlockingMethod(OzoneManagerProtocolProtos.java) [ozone-interface-client-1.3.0-SNAPSHOT.jar:?]
	at org.apache.hadoop.ipc.ProtobufRpcEngine$Server.processCall(ProtobufRpcEngine.java:466) [hadoop-common-3.3.1.jar:?]
	at org.apache.hadoop.ipc.ProtobufRpcEngine2$Server$ProtoBufRpcInvoker.call(ProtobufRpcEngine2.java:574) [hadoop-common-3.3.1.jar:?]
	at org.apache.hadoop.ipc.ProtobufRpcEngine2$Server$ProtoBufRpcInvoker.call(ProtobufRpcEngine2.java:552) [hadoop-common-3.3.1.jar:?]
	at org.apache.hadoop.ipc.RPC$Server.call(RPC.java:1093) [hadoop-common-3.3.1.jar:?]
	at org.apache.hadoop.ipc.Server$RpcCall.run(Server.java:1035) [hadoop-common-3.3.1.jar:?]
	at org.apache.hadoop.ipc.Server$RpcCall.run(Server.java:963) [hadoop-common-3.3.1.jar:?]
	at java.security.AccessController.doPrivileged(Native Method) ~[?:1.8.0_332]
	at javax.security.auth.Subject.doAs(Subject.java:422) [?:1.8.0_332]
	at org.apache.hadoop.security.UserGroupInformation.doAs(UserGroupInformation.java:1878) [hadoop-common-3.3.1.jar:?]
	at org.apache.hadoop.ipc.Server$Handler.run(Server.java:2966) [hadoop-common-3.3.1.jar:?]
]]></system-out>
  </testcase>
  <testcase name="testRenameFile" classname="TestRootedOzoneFileSystem" time="0.255">
    <system-out><![CDATA[2022-06-27 16:55:50,271 [Listener at 127.0.0.1/39955] INFO  ozone.MiniOzoneClusterImpl (MiniOzoneClusterImpl.java:shutdown(460)) - Shutting down the Mini Ozone Cluster
2022-06-27 16:55:50,271 [Listener at 127.0.0.1/39955] INFO  ozone.MiniOzoneClusterImpl (MiniOzoneClusterImpl.java:stop(475)) - Stopping the Mini Ozone Cluster
2022-06-27 16:55:50,271 [Listener at 127.0.0.1/39955] INFO  ozone.MiniOzoneClusterImpl (MiniOzoneClusterImpl.java:stopOM(557)) - Stopping the OzoneManager
2022-06-27 16:55:50,271 [Listener at 127.0.0.1/39955] INFO  om.OzoneManager (OzoneManager.java:stop(2020)) - om1[localhost:0]: Stopping Ozone Manager
2022-06-27 16:55:50,271 [Listener at 127.0.0.1/39955] INFO  ipc.Server (Server.java:stop(3414)) - Stopping server on 39955
2022-06-27 16:55:50,283 [IPC Server listener on 0] INFO  ipc.Server (Server.java:run(1376)) - Stopping IPC Server listener on 0
2022-06-27 16:55:50,285 [IPC Server Responder] INFO  ipc.Server (Server.java:run(1512)) - Stopping IPC Server Responder
2022-06-27 16:55:50,285 [Listener at 127.0.0.1/39955] INFO  server.RaftServer (RaftServerProxy.java:lambda$close$7(398)) - om1: close
2022-06-27 16:55:50,285 [Listener at 127.0.0.1/39955] INFO  server.RaftServer$Division (RaftServerImpl.java:lambda$close$4(434)) - om1@group-C5BA1605619E: shutdown
2022-06-27 16:55:50,285 [Listener at 127.0.0.1/39955] INFO  util.JmxRegister (JmxRegister.java:unregister(73)) - Successfully un-registered JMX Bean with object name Ratis:service=RaftServer,group=group-C5BA1605619E,id=om1
2022-06-27 16:55:50,286 [Listener at 127.0.0.1/39955] INFO  impl.RoleInfo (RoleInfo.java:shutdownLeaderState(93)) - om1: shutdown om1@group-C5BA1605619E-LeaderStateImpl
2022-06-27 16:55:50,286 [Listener at 127.0.0.1/39955] INFO  impl.PendingRequests (PendingRequests.java:sendNotLeaderResponses(282)) - om1@group-C5BA1605619E-PendingRequests: sendNotLeaderResponses
2022-06-27 16:55:50,318 [Listener at 127.0.0.1/39955] INFO  impl.StateMachineUpdater (StateMachineUpdater.java:stopAndJoin(153)) - om1@group-C5BA1605619E-StateMachineUpdater: set stopIndex = 6816
2022-06-27 16:55:50,318 [om1@group-C5BA1605619E-StateMachineUpdater] INFO  ratis.OzoneManagerStateMachine (OzoneManagerStateMachine.java:takeSnapshot(441)) - Current Snapshot Index (t:1, i:6816)
2022-06-27 16:55:50,318 [om1@group-C5BA1605619E-StateMachineUpdater] INFO  impl.StateMachineUpdater (StateMachineUpdater.java:takeSnapshot(287)) - om1@group-C5BA1605619E-StateMachineUpdater: Took a snapshot at index 6816
2022-06-27 16:55:50,318 [om1@group-C5BA1605619E-StateMachineUpdater] INFO  impl.StateMachineUpdater (StateMachineUpdater.java:lambda$new$0(92)) - om1@group-C5BA1605619E-StateMachineUpdater: snapshotIndex: updateIncreasingly -1 -> 6816
2022-06-27 16:55:50,318 [om1@group-C5BA1605619E-StateMachineUpdater] INFO  ratis.OzoneManagerStateMachine (OzoneManagerStateMachine.java:close(495)) - StateMachine has shutdown. Shutdown OzoneManager if not already shutdown.
2022-06-27 16:55:50,318 [om1@group-C5BA1605619E-StateMachineUpdater] INFO  ratis.OzoneManagerDoubleBuffer (OzoneManagerDoubleBuffer.java:stop(465)) - Stopping OMDoubleBuffer flush thread
2022-06-27 16:55:50,325 [OMDoubleBufferFlushThread] INFO  ratis.OzoneManagerDoubleBuffer (OzoneManagerDoubleBuffer.java:flushTransactions(385)) - OMDoubleBuffer flush thread OMDoubleBufferFlushThread is interrupted and will exit.
2022-06-27 16:55:50,326 [Listener at 127.0.0.1/39955] INFO  server.RaftServer$Division (ServerState.java:close(429)) - om1@group-C5BA1605619E: closes. applyIndex: 6816
2022-06-27 16:55:50,327 [om1@group-C5BA1605619E-SegmentedRaftLogWorker] INFO  segmented.SegmentedRaftLogWorker (SegmentedRaftLogWorker.java:run(336)) - om1@group-C5BA1605619E-SegmentedRaftLogWorker was interrupted, exiting. There are 0 tasks remaining in the queue.
2022-06-27 16:55:50,330 [Listener at 127.0.0.1/39955] INFO  segmented.SegmentedRaftLogWorker (SegmentedRaftLogWorker.java:close(246)) - om1@group-C5BA1605619E-SegmentedRaftLogWorker close()
2022-06-27 16:55:50,331 [Listener at 127.0.0.1/39955] INFO  server.GrpcService (GrpcService.java:closeImpl(269)) - om1: shutdown server with port 9872 now
2022-06-27 16:55:50,331 [Listener at 127.0.0.1/39955] INFO  server.GrpcService (GrpcService.java:closeImpl(278)) - om1: shutdown server with port 9872 successfully
2022-06-27 16:55:50,331 [org.apache.ratis.util.JvmPauseMonitor$$Lambda$611/5070432@7779d248] INFO  util.JvmPauseMonitor (JvmPauseMonitor.java:run(109)) - JvmPauseMonitor-om1: Stopped
2022-06-27 16:55:50,336 [Listener at 127.0.0.1/39955] INFO  ratis.OzoneManagerStateMachine (OzoneManagerStateMachine.java:close(495)) - StateMachine has shutdown. Shutdown OzoneManager if not already shutdown.
2022-06-27 16:55:50,336 [Listener at 127.0.0.1/39955] INFO  ratis.OzoneManagerDoubleBuffer (OzoneManagerDoubleBuffer.java:stop(477)) - OMDoubleBuffer flush thread is not running.
2022-06-27 16:55:50,336 [Listener at 127.0.0.1/39955] INFO  utils.BackgroundService (BackgroundService.java:shutdown(132)) - Shutting down service KeyDeletingService
2022-06-27 16:55:50,337 [Listener at 127.0.0.1/39955] INFO  utils.BackgroundService (BackgroundService.java:shutdown(132)) - Shutting down service DirectoryDeletingService
2022-06-27 16:55:50,337 [Listener at 127.0.0.1/39955] INFO  utils.BackgroundService (BackgroundService.java:shutdown(132)) - Shutting down service OpenKeyCleanupService
2022-06-27 16:55:50,338 [Listener at 127.0.0.1/39955] INFO  handler.ContextHandler (ContextHandler.java:doStop(1153)) - Stopped o.e.j.w.WebAppContext@1cf01723{ozoneManager,/,null,STOPPED}{file:/home/runner/work/ozone/ozone/hadoop-ozone/integration-test/target/test-classes/webapps/ozoneManager}
2022-06-27 16:55:50,339 [Listener at 127.0.0.1/39955] INFO  server.AbstractConnector (AbstractConnector.java:doStop(381)) - Stopped ServerConnector@ad7563d{HTTP/1.1, (http/1.1)}{0.0.0.0:0}
2022-06-27 16:55:50,339 [Listener at 127.0.0.1/39955] INFO  server.session (HouseKeeper.java:stopScavenging(149)) - node0 Stopped scavenging
2022-06-27 16:55:50,341 [Listener at 127.0.0.1/39955] INFO  handler.ContextHandler (ContextHandler.java:doStop(1153)) - Stopped o.e.j.s.ServletContextHandler@b879650{static,/static,file:///home/runner/work/ozone/ozone/hadoop-ozone/integration-test/target/test-classes/webapps/static,STOPPED}
2022-06-27 16:55:50,341 [Listener at 127.0.0.1/39955] INFO  handler.ContextHandler (ContextHandler.java:doStop(1153)) - Stopped o.e.j.s.ServletContextHandler@6b3f065d{logs,/logs,file:///home/runner/work/ozone/ozone/hadoop-ozone/integration-test/target/log,STOPPED}
2022-06-27 16:55:50,345 [Trash Emptier] ERROR util.ExitUtils (ExitUtils.java:terminate(133)) - Terminating with exit status -1: Thread[Trash Emptier,5,main] has thrown an uncaught exception
java.lang.UnsupportedOperationException: fs.getUri() not implemented in TrashOzoneFileSystem
	at org.apache.hadoop.ozone.om.TrashOzoneFileSystem.getUri(TrashOzoneFileSystem.java:126)
	at org.apache.hadoop.fs.FileSystem.close(FileSystem.java:2592)
	at org.apache.hadoop.ozone.om.TrashPolicyOzone$Emptier.run(TrashPolicyOzone.java:243)
	at java.lang.Thread.run(Thread.java:750)
2022-06-27 16:55:50,366 [Listener at 127.0.0.1/39955] INFO  ozone.MiniOzoneClusterImpl (MiniOzoneClusterImpl.java:stopDatanodes(534)) - Stopping the HddsDatanodes
2022-06-27 16:55:55,381 [Listener at 127.0.0.1/39955] INFO  ozoneimpl.OzoneContainer (OzoneContainer.java:stop(365)) - Attempting to stop container services.
2022-06-27 16:55:55,384 [ForkJoinPool.commonPool-worker-1] INFO  ozoneimpl.OzoneContainer (OzoneContainer.java:stop(365)) - Attempting to stop container services.
2022-06-27 16:55:55,384 [ForkJoinPool.commonPool-worker-1] INFO  server.RaftServer (RaftServerProxy.java:lambda$close$7(398)) - 6005e4a5-b457-424c-9515-b1921d45a496: close
2022-06-27 16:55:55,384 [ForkJoinPool.commonPool-worker-1] INFO  server.RaftServer$Division (RaftServerImpl.java:lambda$close$4(434)) - 6005e4a5-b457-424c-9515-b1921d45a496@group-7ED137AB5DB4: shutdown
2022-06-27 16:55:55,384 [ForkJoinPool.commonPool-worker-1] INFO  util.JmxRegister (JmxRegister.java:unregister(73)) - Successfully un-registered JMX Bean with object name Ratis:service=RaftServer,group=group-7ED137AB5DB4,id=6005e4a5-b457-424c-9515-b1921d45a496
2022-06-27 16:55:55,384 [ForkJoinPool.commonPool-worker-1] INFO  impl.RoleInfo (RoleInfo.java:shutdownLeaderState(93)) - 6005e4a5-b457-424c-9515-b1921d45a496: shutdown 6005e4a5-b457-424c-9515-b1921d45a496@group-7ED137AB5DB4-LeaderStateImpl
2022-06-27 16:55:55,385 [ForkJoinPool.commonPool-worker-1] INFO  impl.PendingRequests (PendingRequests.java:sendNotLeaderResponses(282)) - 6005e4a5-b457-424c-9515-b1921d45a496@group-7ED137AB5DB4-PendingRequests: sendNotLeaderResponses
2022-06-27 16:55:55,385 [ForkJoinPool.commonPool-worker-1] INFO  impl.StateMachineUpdater (StateMachineUpdater.java:stopAndJoin(153)) - 6005e4a5-b457-424c-9515-b1921d45a496@group-7ED137AB5DB4-StateMachineUpdater: set stopIndex = 0
2022-06-27 16:55:55,385 [6005e4a5-b457-424c-9515-b1921d45a496@group-7ED137AB5DB4-StateMachineUpdater] INFO  ratis.ContainerStateMachine (ContainerStateMachine.java:takeSnapshot(304)) - group-7ED137AB5DB4: Taking a snapshot at:(t:1, i:0) file /home/runner/work/ozone/ozone/hadoop-ozone/integration-test/target/test-dir/MiniOzoneClusterImpl-d171279b-4677-4c73-a7d6-55d9627e9d51/datanode-1/data/ratis/cb23113a-3d70-4f11-94f3-7ed137ab5db4/sm/snapshot.1_0
2022-06-27 16:55:55,385 [Listener at 127.0.0.1/39955] INFO  server.RaftServer (RaftServerProxy.java:lambda$close$7(398)) - aff9d3c6-0a22-4090-bc43-74b57d8145ab: close
2022-06-27 16:55:55,386 [Listener at 127.0.0.1/39955] INFO  server.RaftServer$Division (RaftServerImpl.java:lambda$close$4(434)) - aff9d3c6-0a22-4090-bc43-74b57d8145ab@group-7DC80AA270C9: shutdown
2022-06-27 16:55:55,387 [Listener at 127.0.0.1/39955] INFO  util.JmxRegister (JmxRegister.java:unregister(73)) - Successfully un-registered JMX Bean with object name Ratis:service=RaftServer,group=group-7DC80AA270C9,id=aff9d3c6-0a22-4090-bc43-74b57d8145ab
2022-06-27 16:55:55,387 [Listener at 127.0.0.1/39955] INFO  impl.RoleInfo (RoleInfo.java:shutdownLeaderState(93)) - aff9d3c6-0a22-4090-bc43-74b57d8145ab: shutdown aff9d3c6-0a22-4090-bc43-74b57d8145ab@group-7DC80AA270C9-LeaderStateImpl
2022-06-27 16:55:55,387 [Listener at 127.0.0.1/39955] INFO  impl.PendingRequests (PendingRequests.java:sendNotLeaderResponses(282)) - aff9d3c6-0a22-4090-bc43-74b57d8145ab@group-7DC80AA270C9-PendingRequests: sendNotLeaderResponses
2022-06-27 16:55:55,388 [6005e4a5-b457-424c-9515-b1921d45a496@group-7ED137AB5DB4-StateMachineUpdater] INFO  ratis.ContainerStateMachine (ContainerStateMachine.java:takeSnapshot(315)) - group-7ED137AB5DB4: Finished taking a snapshot at:(t:1, i:0) file:/home/runner/work/ozone/ozone/hadoop-ozone/integration-test/target/test-dir/MiniOzoneClusterImpl-d171279b-4677-4c73-a7d6-55d9627e9d51/datanode-1/data/ratis/cb23113a-3d70-4f11-94f3-7ed137ab5db4/sm/snapshot.1_0 took: 2 ms
2022-06-27 16:55:55,388 [6005e4a5-b457-424c-9515-b1921d45a496@group-7ED137AB5DB4-StateMachineUpdater] INFO  impl.StateMachineUpdater (StateMachineUpdater.java:takeSnapshot(287)) - 6005e4a5-b457-424c-9515-b1921d45a496@group-7ED137AB5DB4-StateMachineUpdater: Took a snapshot at index 0
2022-06-27 16:55:55,388 [6005e4a5-b457-424c-9515-b1921d45a496@group-7ED137AB5DB4-StateMachineUpdater] INFO  impl.StateMachineUpdater (StateMachineUpdater.java:lambda$new$0(92)) - 6005e4a5-b457-424c-9515-b1921d45a496@group-7ED137AB5DB4-StateMachineUpdater: snapshotIndex: updateIncreasingly -1 -> 0
2022-06-27 16:55:55,389 [ForkJoinPool.commonPool-worker-1] INFO  server.RaftServer$Division (ServerState.java:close(429)) - 6005e4a5-b457-424c-9515-b1921d45a496@group-7ED137AB5DB4: closes. applyIndex: 0
2022-06-27 16:55:55,389 [6005e4a5-b457-424c-9515-b1921d45a496@group-7ED137AB5DB4-SegmentedRaftLogWorker] INFO  segmented.SegmentedRaftLogWorker (SegmentedRaftLogWorker.java:run(336)) - 6005e4a5-b457-424c-9515-b1921d45a496@group-7ED137AB5DB4-SegmentedRaftLogWorker was interrupted, exiting. There are 0 tasks remaining in the queue.
2022-06-27 16:55:55,389 [ForkJoinPool.commonPool-worker-1] INFO  segmented.SegmentedRaftLogWorker (SegmentedRaftLogWorker.java:close(246)) - 6005e4a5-b457-424c-9515-b1921d45a496@group-7ED137AB5DB4-SegmentedRaftLogWorker close()
2022-06-27 16:55:55,391 [ForkJoinPool.commonPool-worker-1] INFO  server.RaftServer$Division (RaftServerImpl.java:lambda$close$4(434)) - 6005e4a5-b457-424c-9515-b1921d45a496@group-1389CD595B91: shutdown
2022-06-27 16:55:55,391 [ForkJoinPool.commonPool-worker-1] INFO  util.JmxRegister (JmxRegister.java:unregister(73)) - Successfully un-registered JMX Bean with object name Ratis:service=RaftServer,group=group-1389CD595B91,id=6005e4a5-b457-424c-9515-b1921d45a496
2022-06-27 16:55:55,391 [ForkJoinPool.commonPool-worker-1] INFO  impl.RoleInfo (RoleInfo.java:shutdownFollowerState(110)) - 6005e4a5-b457-424c-9515-b1921d45a496: shutdown 6005e4a5-b457-424c-9515-b1921d45a496@group-1389CD595B91-FollowerState
2022-06-27 16:55:55,391 [6005e4a5-b457-424c-9515-b1921d45a496@group-1389CD595B91-FollowerState] INFO  impl.FollowerState (FollowerState.java:run(152)) - 6005e4a5-b457-424c-9515-b1921d45a496@group-1389CD595B91-FollowerState was interrupted
2022-06-27 16:55:55,391 [ForkJoinPool.commonPool-worker-1] INFO  impl.StateMachineUpdater (StateMachineUpdater.java:stopAndJoin(153)) - 6005e4a5-b457-424c-9515-b1921d45a496@group-1389CD595B91-StateMachineUpdater: set stopIndex = 28
2022-06-27 16:55:55,391 [6005e4a5-b457-424c-9515-b1921d45a496@group-1389CD595B91-StateMachineUpdater] INFO  ratis.ContainerStateMachine (ContainerStateMachine.java:takeSnapshot(304)) - group-1389CD595B91: Taking a snapshot at:(t:1, i:28) file /home/runner/work/ozone/ozone/hadoop-ozone/integration-test/target/test-dir/MiniOzoneClusterImpl-d171279b-4677-4c73-a7d6-55d9627e9d51/datanode-1/data/ratis/4ff62548-9aed-4c58-857c-1389cd595b91/sm/snapshot.1_28
2022-06-27 16:55:55,392 [Listener at 127.0.0.1/39955] INFO  impl.StateMachineUpdater (StateMachineUpdater.java:stopAndJoin(153)) - aff9d3c6-0a22-4090-bc43-74b57d8145ab@group-7DC80AA270C9-StateMachineUpdater: set stopIndex = 0
2022-06-27 16:55:55,392 [6005e4a5-b457-424c-9515-b1921d45a496@group-1389CD595B91-StateMachineUpdater] INFO  ratis.ContainerStateMachine (ContainerStateMachine.java:takeSnapshot(315)) - group-1389CD595B91: Finished taking a snapshot at:(t:1, i:28) file:/home/runner/work/ozone/ozone/hadoop-ozone/integration-test/target/test-dir/MiniOzoneClusterImpl-d171279b-4677-4c73-a7d6-55d9627e9d51/datanode-1/data/ratis/4ff62548-9aed-4c58-857c-1389cd595b91/sm/snapshot.1_28 took: 1 ms
2022-06-27 16:55:55,392 [6005e4a5-b457-424c-9515-b1921d45a496@group-1389CD595B91-StateMachineUpdater] INFO  impl.StateMachineUpdater (StateMachineUpdater.java:takeSnapshot(287)) - 6005e4a5-b457-424c-9515-b1921d45a496@group-1389CD595B91-StateMachineUpdater: Took a snapshot at index 28
2022-06-27 16:55:55,392 [6005e4a5-b457-424c-9515-b1921d45a496@group-1389CD595B91-StateMachineUpdater] INFO  impl.StateMachineUpdater (StateMachineUpdater.java:lambda$new$0(92)) - 6005e4a5-b457-424c-9515-b1921d45a496@group-1389CD595B91-StateMachineUpdater: snapshotIndex: updateIncreasingly -1 -> 28
2022-06-27 16:55:55,393 [aff9d3c6-0a22-4090-bc43-74b57d8145ab@group-7DC80AA270C9-StateMachineUpdater] INFO  ratis.ContainerStateMachine (ContainerStateMachine.java:takeSnapshot(304)) - group-7DC80AA270C9: Taking a snapshot at:(t:1, i:0) file /home/runner/work/ozone/ozone/hadoop-ozone/integration-test/target/test-dir/MiniOzoneClusterImpl-d171279b-4677-4c73-a7d6-55d9627e9d51/datanode-2/data/ratis/26108e21-8e2b-4602-82c8-7dc80aa270c9/sm/snapshot.1_0
2022-06-27 16:55:55,398 [ForkJoinPool.commonPool-worker-1] INFO  server.RaftServer$Division (ServerState.java:close(429)) - 6005e4a5-b457-424c-9515-b1921d45a496@group-1389CD595B91: closes. applyIndex: 28
2022-06-27 16:55:55,398 [aff9d3c6-0a22-4090-bc43-74b57d8145ab@group-7DC80AA270C9-StateMachineUpdater] INFO  ratis.ContainerStateMachine (ContainerStateMachine.java:takeSnapshot(315)) - group-7DC80AA270C9: Finished taking a snapshot at:(t:1, i:0) file:/home/runner/work/ozone/ozone/hadoop-ozone/integration-test/target/test-dir/MiniOzoneClusterImpl-d171279b-4677-4c73-a7d6-55d9627e9d51/datanode-2/data/ratis/26108e21-8e2b-4602-82c8-7dc80aa270c9/sm/snapshot.1_0 took: 4 ms
2022-06-27 16:55:55,398 [aff9d3c6-0a22-4090-bc43-74b57d8145ab@group-7DC80AA270C9-StateMachineUpdater] INFO  impl.StateMachineUpdater (StateMachineUpdater.java:takeSnapshot(287)) - aff9d3c6-0a22-4090-bc43-74b57d8145ab@group-7DC80AA270C9-StateMachineUpdater: Took a snapshot at index 0
2022-06-27 16:55:55,398 [aff9d3c6-0a22-4090-bc43-74b57d8145ab@group-7DC80AA270C9-StateMachineUpdater] INFO  impl.StateMachineUpdater (StateMachineUpdater.java:lambda$new$0(92)) - aff9d3c6-0a22-4090-bc43-74b57d8145ab@group-7DC80AA270C9-StateMachineUpdater: snapshotIndex: updateIncreasingly -1 -> 0
2022-06-27 16:55:55,398 [Listener at 127.0.0.1/39955] INFO  server.RaftServer$Division (ServerState.java:close(429)) - aff9d3c6-0a22-4090-bc43-74b57d8145ab@group-7DC80AA270C9: closes. applyIndex: 0
2022-06-27 16:55:55,398 [aff9d3c6-0a22-4090-bc43-74b57d8145ab@group-7DC80AA270C9-SegmentedRaftLogWorker] INFO  segmented.SegmentedRaftLogWorker (SegmentedRaftLogWorker.java:run(336)) - aff9d3c6-0a22-4090-bc43-74b57d8145ab@group-7DC80AA270C9-SegmentedRaftLogWorker was interrupted, exiting. There are 0 tasks remaining in the queue.
2022-06-27 16:55:55,399 [Listener at 127.0.0.1/39955] INFO  segmented.SegmentedRaftLogWorker (SegmentedRaftLogWorker.java:close(246)) - aff9d3c6-0a22-4090-bc43-74b57d8145ab@group-7DC80AA270C9-SegmentedRaftLogWorker close()
2022-06-27 16:55:55,401 [6005e4a5-b457-424c-9515-b1921d45a496@group-1389CD595B91-SegmentedRaftLogWorker] INFO  segmented.SegmentedRaftLogWorker (SegmentedRaftLogWorker.java:run(336)) - 6005e4a5-b457-424c-9515-b1921d45a496@group-1389CD595B91-SegmentedRaftLogWorker was interrupted, exiting. There are 0 tasks remaining in the queue.
2022-06-27 16:55:55,405 [Listener at 127.0.0.1/39955] INFO  server.RaftServer$Division (RaftServerImpl.java:lambda$close$4(434)) - aff9d3c6-0a22-4090-bc43-74b57d8145ab@group-1389CD595B91: shutdown
2022-06-27 16:55:55,406 [Listener at 127.0.0.1/39955] INFO  util.JmxRegister (JmxRegister.java:unregister(73)) - Successfully un-registered JMX Bean with object name Ratis:service=RaftServer,group=group-1389CD595B91,id=aff9d3c6-0a22-4090-bc43-74b57d8145ab
2022-06-27 16:55:55,406 [Listener at 127.0.0.1/39955] INFO  impl.RoleInfo (RoleInfo.java:shutdownFollowerState(110)) - aff9d3c6-0a22-4090-bc43-74b57d8145ab: shutdown aff9d3c6-0a22-4090-bc43-74b57d8145ab@group-1389CD595B91-FollowerState
2022-06-27 16:55:55,406 [Listener at 127.0.0.1/39955] INFO  impl.StateMachineUpdater (StateMachineUpdater.java:stopAndJoin(153)) - aff9d3c6-0a22-4090-bc43-74b57d8145ab@group-1389CD595B91-StateMachineUpdater: set stopIndex = 28
2022-06-27 16:55:55,406 [aff9d3c6-0a22-4090-bc43-74b57d8145ab@group-1389CD595B91-StateMachineUpdater] INFO  ratis.ContainerStateMachine (ContainerStateMachine.java:takeSnapshot(304)) - group-1389CD595B91: Taking a snapshot at:(t:1, i:28) file /home/runner/work/ozone/ozone/hadoop-ozone/integration-test/target/test-dir/MiniOzoneClusterImpl-d171279b-4677-4c73-a7d6-55d9627e9d51/datanode-2/data/ratis/4ff62548-9aed-4c58-857c-1389cd595b91/sm/snapshot.1_28
2022-06-27 16:55:55,406 [aff9d3c6-0a22-4090-bc43-74b57d8145ab@group-1389CD595B91-FollowerState] INFO  impl.FollowerState (FollowerState.java:run(152)) - aff9d3c6-0a22-4090-bc43-74b57d8145ab@group-1389CD595B91-FollowerState was interrupted
2022-06-27 16:55:55,422 [aff9d3c6-0a22-4090-bc43-74b57d8145ab@group-1389CD595B91-StateMachineUpdater] INFO  ratis.ContainerStateMachine (ContainerStateMachine.java:takeSnapshot(315)) - group-1389CD595B91: Finished taking a snapshot at:(t:1, i:28) file:/home/runner/work/ozone/ozone/hadoop-ozone/integration-test/target/test-dir/MiniOzoneClusterImpl-d171279b-4677-4c73-a7d6-55d9627e9d51/datanode-2/data/ratis/4ff62548-9aed-4c58-857c-1389cd595b91/sm/snapshot.1_28 took: 16 ms
2022-06-27 16:55:55,422 [aff9d3c6-0a22-4090-bc43-74b57d8145ab@group-1389CD595B91-StateMachineUpdater] INFO  impl.StateMachineUpdater (StateMachineUpdater.java:takeSnapshot(287)) - aff9d3c6-0a22-4090-bc43-74b57d8145ab@group-1389CD595B91-StateMachineUpdater: Took a snapshot at index 28
2022-06-27 16:55:55,422 [aff9d3c6-0a22-4090-bc43-74b57d8145ab@group-1389CD595B91-StateMachineUpdater] INFO  impl.StateMachineUpdater (StateMachineUpdater.java:lambda$new$0(92)) - aff9d3c6-0a22-4090-bc43-74b57d8145ab@group-1389CD595B91-StateMachineUpdater: snapshotIndex: updateIncreasingly -1 -> 28
2022-06-27 16:55:55,423 [Listener at 127.0.0.1/39955] INFO  server.RaftServer$Division (ServerState.java:close(429)) - aff9d3c6-0a22-4090-bc43-74b57d8145ab@group-1389CD595B91: closes. applyIndex: 28
2022-06-27 16:55:55,423 [aff9d3c6-0a22-4090-bc43-74b57d8145ab@group-1389CD595B91-SegmentedRaftLogWorker] INFO  segmented.SegmentedRaftLogWorker (SegmentedRaftLogWorker.java:run(336)) - aff9d3c6-0a22-4090-bc43-74b57d8145ab@group-1389CD595B91-SegmentedRaftLogWorker was interrupted, exiting. There are 0 tasks remaining in the queue.
2022-06-27 16:55:55,433 [ForkJoinPool.commonPool-worker-1] INFO  segmented.SegmentedRaftLogWorker (SegmentedRaftLogWorker.java:close(246)) - 6005e4a5-b457-424c-9515-b1921d45a496@group-1389CD595B91-SegmentedRaftLogWorker close()
2022-06-27 16:55:55,433 [Listener at 127.0.0.1/39955] INFO  segmented.SegmentedRaftLogWorker (SegmentedRaftLogWorker.java:close(246)) - aff9d3c6-0a22-4090-bc43-74b57d8145ab@group-1389CD595B91-SegmentedRaftLogWorker close()
2022-06-27 16:55:55,434 [Listener at 127.0.0.1/39955] INFO  server.RaftServer$Division (RaftServerImpl.java:lambda$close$4(434)) - aff9d3c6-0a22-4090-bc43-74b57d8145ab@group-2AF9492EFBFF: shutdown
2022-06-27 16:55:55,435 [Listener at 127.0.0.1/39955] INFO  util.JmxRegister (JmxRegister.java:unregister(73)) - Successfully un-registered JMX Bean with object name Ratis:service=RaftServer,group=group-2AF9492EFBFF,id=aff9d3c6-0a22-4090-bc43-74b57d8145ab
2022-06-27 16:55:55,435 [Listener at 127.0.0.1/39955] INFO  impl.RoleInfo (RoleInfo.java:shutdownLeaderState(93)) - aff9d3c6-0a22-4090-bc43-74b57d8145ab: shutdown aff9d3c6-0a22-4090-bc43-74b57d8145ab@group-2AF9492EFBFF-LeaderStateImpl
2022-06-27 16:55:55,435 [Listener at 127.0.0.1/39955] INFO  impl.PendingRequests (PendingRequests.java:sendNotLeaderResponses(282)) - aff9d3c6-0a22-4090-bc43-74b57d8145ab@group-2AF9492EFBFF-PendingRequests: sendNotLeaderResponses
2022-06-27 16:55:55,435 [aff9d3c6-0a22-4090-bc43-74b57d8145ab@group-2AF9492EFBFF->6005e4a5-b457-424c-9515-b1921d45a496-GrpcLogAppender-LogAppenderDaemon] WARN  server.GrpcLogAppender (GrpcLogAppender.java:mayWait(171)) - aff9d3c6-0a22-4090-bc43-74b57d8145ab@group-2AF9492EFBFF->6005e4a5-b457-424c-9515-b1921d45a496-GrpcLogAppender: Wait interrupted by java.lang.InterruptedException
2022-06-27 16:55:55,435 [aff9d3c6-0a22-4090-bc43-74b57d8145ab@group-2AF9492EFBFF->e3b02d69-2174-44c4-baa7-18bae5c8063e-GrpcLogAppender-LogAppenderDaemon] WARN  server.GrpcLogAppender (GrpcLogAppender.java:mayWait(171)) - aff9d3c6-0a22-4090-bc43-74b57d8145ab@group-2AF9492EFBFF->e3b02d69-2174-44c4-baa7-18bae5c8063e-GrpcLogAppender: Wait interrupted by java.lang.InterruptedException
2022-06-27 16:55:55,436 [grpc-default-executor-1] INFO  server.GrpcServerProtocolService (GrpcServerProtocolService.java:onCompleted(140)) - 6005e4a5-b457-424c-9515-b1921d45a496: Completed APPEND_ENTRIES, lastRequest: aff9d3c6-0a22-4090-bc43-74b57d8145ab->6005e4a5-b457-424c-9515-b1921d45a496#8-t2,previous=(t:2, i:3),leaderCommit=2,initializing? true,entries: size=1, first=(t:2, i:4), METADATAENTRY(c:2)
2022-06-27 16:55:55,436 [grpc-default-executor-1] INFO  server.GrpcLogAppender (GrpcLogAppender.java:onCompleted(339)) - aff9d3c6-0a22-4090-bc43-74b57d8145ab@group-2AF9492EFBFF->6005e4a5-b457-424c-9515-b1921d45a496-AppendLogResponseHandler: follower responses appendEntries COMPLETED
2022-06-27 16:55:55,436 [grpc-default-executor-1] INFO  leader.FollowerInfo (FollowerInfoImpl.java:lambda$new$0(48)) - aff9d3c6-0a22-4090-bc43-74b57d8145ab@group-2AF9492EFBFF->6005e4a5-b457-424c-9515-b1921d45a496: nextIndex: updateUnconditionally 5 -> 4
2022-06-27 16:55:55,436 [grpc-default-executor-0] INFO  server.GrpcServerProtocolService (GrpcServerProtocolService.java:onCompleted(140)) - e3b02d69-2174-44c4-baa7-18bae5c8063e: Completed APPEND_ENTRIES, lastRequest: aff9d3c6-0a22-4090-bc43-74b57d8145ab->e3b02d69-2174-44c4-baa7-18bae5c8063e#12-t2,previous=(t:2, i:3),leaderCommit=2,initializing? true,entries: size=1, first=(t:2, i:4), METADATAENTRY(c:2)
2022-06-27 16:55:55,437 [grpc-default-executor-1] INFO  server.GrpcLogAppender (GrpcLogAppender.java:onCompleted(339)) - aff9d3c6-0a22-4090-bc43-74b57d8145ab@group-2AF9492EFBFF->e3b02d69-2174-44c4-baa7-18bae5c8063e-AppendLogResponseHandler: follower responses appendEntries COMPLETED
2022-06-27 16:55:55,437 [grpc-default-executor-1] INFO  leader.FollowerInfo (FollowerInfoImpl.java:lambda$new$0(48)) - aff9d3c6-0a22-4090-bc43-74b57d8145ab@group-2AF9492EFBFF->e3b02d69-2174-44c4-baa7-18bae5c8063e: nextIndex: updateUnconditionally 5 -> 4
2022-06-27 16:55:55,439 [ForkJoinPool.commonPool-worker-1] INFO  server.RaftServer$Division (RaftServerImpl.java:lambda$close$4(434)) - 6005e4a5-b457-424c-9515-b1921d45a496@group-2AF9492EFBFF: shutdown
2022-06-27 16:55:55,440 [ForkJoinPool.commonPool-worker-1] INFO  util.JmxRegister (JmxRegister.java:unregister(73)) - Successfully un-registered JMX Bean with object name Ratis:service=RaftServer,group=group-2AF9492EFBFF,id=6005e4a5-b457-424c-9515-b1921d45a496
2022-06-27 16:55:55,440 [ForkJoinPool.commonPool-worker-1] INFO  impl.RoleInfo (RoleInfo.java:shutdownFollowerState(110)) - 6005e4a5-b457-424c-9515-b1921d45a496: shutdown 6005e4a5-b457-424c-9515-b1921d45a496@group-2AF9492EFBFF-FollowerState
2022-06-27 16:55:55,440 [ForkJoinPool.commonPool-worker-1] INFO  impl.StateMachineUpdater (StateMachineUpdater.java:stopAndJoin(153)) - 6005e4a5-b457-424c-9515-b1921d45a496@group-2AF9492EFBFF-StateMachineUpdater: set stopIndex = 4
2022-06-27 16:55:55,440 [6005e4a5-b457-424c-9515-b1921d45a496@group-2AF9492EFBFF-FollowerState] INFO  impl.FollowerState (FollowerState.java:run(152)) - 6005e4a5-b457-424c-9515-b1921d45a496@group-2AF9492EFBFF-FollowerState was interrupted
2022-06-27 16:55:55,440 [6005e4a5-b457-424c-9515-b1921d45a496@group-2AF9492EFBFF-StateMachineUpdater] INFO  ratis.ContainerStateMachine (ContainerStateMachine.java:takeSnapshot(304)) - group-2AF9492EFBFF: Taking a snapshot at:(t:2, i:4) file /home/runner/work/ozone/ozone/hadoop-ozone/integration-test/target/test-dir/MiniOzoneClusterImpl-d171279b-4677-4c73-a7d6-55d9627e9d51/datanode-1/data/ratis/b89a4c6b-e107-4741-ac45-2af9492efbff/sm/snapshot.2_4
2022-06-27 16:55:55,456 [Listener at 127.0.0.1/39955] INFO  impl.StateMachineUpdater (StateMachineUpdater.java:stopAndJoin(153)) - aff9d3c6-0a22-4090-bc43-74b57d8145ab@group-2AF9492EFBFF-StateMachineUpdater: set stopIndex = 4
2022-06-27 16:55:55,457 [aff9d3c6-0a22-4090-bc43-74b57d8145ab@group-2AF9492EFBFF-StateMachineUpdater] INFO  ratis.ContainerStateMachine (ContainerStateMachine.java:takeSnapshot(304)) - group-2AF9492EFBFF: Taking a snapshot at:(t:2, i:4) file /home/runner/work/ozone/ozone/hadoop-ozone/integration-test/target/test-dir/MiniOzoneClusterImpl-d171279b-4677-4c73-a7d6-55d9627e9d51/datanode-2/data/ratis/b89a4c6b-e107-4741-ac45-2af9492efbff/sm/snapshot.2_4
2022-06-27 16:55:55,459 [aff9d3c6-0a22-4090-bc43-74b57d8145ab@group-2AF9492EFBFF-StateMachineUpdater] INFO  ratis.ContainerStateMachine (ContainerStateMachine.java:takeSnapshot(315)) - group-2AF9492EFBFF: Finished taking a snapshot at:(t:2, i:4) file:/home/runner/work/ozone/ozone/hadoop-ozone/integration-test/target/test-dir/MiniOzoneClusterImpl-d171279b-4677-4c73-a7d6-55d9627e9d51/datanode-2/data/ratis/b89a4c6b-e107-4741-ac45-2af9492efbff/sm/snapshot.2_4 took: 2 ms
2022-06-27 16:55:55,459 [aff9d3c6-0a22-4090-bc43-74b57d8145ab@group-2AF9492EFBFF-StateMachineUpdater] INFO  impl.StateMachineUpdater (StateMachineUpdater.java:takeSnapshot(287)) - aff9d3c6-0a22-4090-bc43-74b57d8145ab@group-2AF9492EFBFF-StateMachineUpdater: Took a snapshot at index 4
2022-06-27 16:55:55,459 [aff9d3c6-0a22-4090-bc43-74b57d8145ab@group-2AF9492EFBFF-StateMachineUpdater] INFO  impl.StateMachineUpdater (StateMachineUpdater.java:lambda$new$0(92)) - aff9d3c6-0a22-4090-bc43-74b57d8145ab@group-2AF9492EFBFF-StateMachineUpdater: snapshotIndex: updateIncreasingly -1 -> 4
2022-06-27 16:55:55,461 [Listener at 127.0.0.1/39955] INFO  server.RaftServer$Division (ServerState.java:close(429)) - aff9d3c6-0a22-4090-bc43-74b57d8145ab@group-2AF9492EFBFF: closes. applyIndex: 4
2022-06-27 16:55:55,461 [aff9d3c6-0a22-4090-bc43-74b57d8145ab@group-2AF9492EFBFF-SegmentedRaftLogWorker] INFO  segmented.SegmentedRaftLogWorker (SegmentedRaftLogWorker.java:run(336)) - aff9d3c6-0a22-4090-bc43-74b57d8145ab@group-2AF9492EFBFF-SegmentedRaftLogWorker was interrupted, exiting. There are 0 tasks remaining in the queue.
2022-06-27 16:55:55,465 [6005e4a5-b457-424c-9515-b1921d45a496@group-2AF9492EFBFF-StateMachineUpdater] INFO  ratis.ContainerStateMachine (ContainerStateMachine.java:takeSnapshot(315)) - group-2AF9492EFBFF: Finished taking a snapshot at:(t:2, i:4) file:/home/runner/work/ozone/ozone/hadoop-ozone/integration-test/target/test-dir/MiniOzoneClusterImpl-d171279b-4677-4c73-a7d6-55d9627e9d51/datanode-1/data/ratis/b89a4c6b-e107-4741-ac45-2af9492efbff/sm/snapshot.2_4 took: 25 ms
2022-06-27 16:55:55,465 [6005e4a5-b457-424c-9515-b1921d45a496@group-2AF9492EFBFF-StateMachineUpdater] INFO  impl.StateMachineUpdater (StateMachineUpdater.java:takeSnapshot(287)) - 6005e4a5-b457-424c-9515-b1921d45a496@group-2AF9492EFBFF-StateMachineUpdater: Took a snapshot at index 4
2022-06-27 16:55:55,465 [6005e4a5-b457-424c-9515-b1921d45a496@group-2AF9492EFBFF-StateMachineUpdater] INFO  impl.StateMachineUpdater (StateMachineUpdater.java:lambda$new$0(92)) - 6005e4a5-b457-424c-9515-b1921d45a496@group-2AF9492EFBFF-StateMachineUpdater: snapshotIndex: updateIncreasingly -1 -> 4
2022-06-27 16:55:55,465 [ForkJoinPool.commonPool-worker-1] INFO  server.RaftServer$Division (ServerState.java:close(429)) - 6005e4a5-b457-424c-9515-b1921d45a496@group-2AF9492EFBFF: closes. applyIndex: 4
2022-06-27 16:55:55,465 [6005e4a5-b457-424c-9515-b1921d45a496@group-2AF9492EFBFF-SegmentedRaftLogWorker] INFO  segmented.SegmentedRaftLogWorker (SegmentedRaftLogWorker.java:run(336)) - 6005e4a5-b457-424c-9515-b1921d45a496@group-2AF9492EFBFF-SegmentedRaftLogWorker was interrupted, exiting. There are 0 tasks remaining in the queue.
2022-06-27 16:55:55,469 [Listener at 127.0.0.1/39955] INFO  segmented.SegmentedRaftLogWorker (SegmentedRaftLogWorker.java:close(246)) - aff9d3c6-0a22-4090-bc43-74b57d8145ab@group-2AF9492EFBFF-SegmentedRaftLogWorker close()
2022-06-27 16:55:55,469 [ForkJoinPool.commonPool-worker-1] INFO  segmented.SegmentedRaftLogWorker (SegmentedRaftLogWorker.java:close(246)) - 6005e4a5-b457-424c-9515-b1921d45a496@group-2AF9492EFBFF-SegmentedRaftLogWorker close()
2022-06-27 16:55:55,476 [ForkJoinPool.commonPool-worker-1] INFO  server.GrpcService (GrpcService.java:closeImpl(269)) - 6005e4a5-b457-424c-9515-b1921d45a496: shutdown server with port 45857 now
2022-06-27 16:55:55,476 [Listener at 127.0.0.1/39955] INFO  server.GrpcService (GrpcService.java:closeImpl(269)) - aff9d3c6-0a22-4090-bc43-74b57d8145ab: shutdown server with port 36293 now
2022-06-27 16:55:55,493 [grpc-default-executor-1] WARN  server.GrpcServerProtocolService (LogUtils.java:warn(122)) - 6005e4a5-b457-424c-9515-b1921d45a496: installSnapshot onError, lastRequest: e3b02d69-2174-44c4-baa7-18bae5c8063e->6005e4a5-b457-424c-9515-b1921d45a496#359-t1,previous=(t:1, i:27),leaderCommit=26,initializing? true,entries: size=1, first=(t:1, i:28), METADATAENTRY(c:26): org.apache.ratis.thirdparty.io.grpc.StatusRuntimeException: CANCELLED: client cancelled
2022-06-27 16:55:55,500 [ForkJoinPool.commonPool-worker-1] INFO  server.GrpcService (GrpcService.java:closeImpl(278)) - 6005e4a5-b457-424c-9515-b1921d45a496: shutdown server with port 45857 successfully
2022-06-27 16:55:55,500 [org.apache.ratis.util.JvmPauseMonitor$$Lambda$611/5070432@1de9d152] INFO  util.JvmPauseMonitor (JvmPauseMonitor.java:run(109)) - JvmPauseMonitor-6005e4a5-b457-424c-9515-b1921d45a496: Stopped
2022-06-27 16:55:55,506 [Listener at 127.0.0.1/39955] INFO  server.GrpcService (GrpcService.java:closeImpl(278)) - aff9d3c6-0a22-4090-bc43-74b57d8145ab: shutdown server with port 36293 successfully
2022-06-27 16:55:55,506 [grpc-default-executor-3] WARN  server.GrpcServerProtocolService (LogUtils.java:warn(122)) - aff9d3c6-0a22-4090-bc43-74b57d8145ab: installSnapshot onError, lastRequest: e3b02d69-2174-44c4-baa7-18bae5c8063e->aff9d3c6-0a22-4090-bc43-74b57d8145ab#356-t1,previous=(t:1, i:27),leaderCommit=26,initializing? true,entries: size=1, first=(t:1, i:28), METADATAENTRY(c:26): org.apache.ratis.thirdparty.io.grpc.StatusRuntimeException: CANCELLED: client cancelled
2022-06-27 16:55:55,513 [grpc-default-executor-2] WARN  server.GrpcLogAppender (LogUtils.java:warn(122)) - e3b02d69-2174-44c4-baa7-18bae5c8063e@group-1389CD595B91->6005e4a5-b457-424c-9515-b1921d45a496-AppendLogResponseHandler: Failed appendEntries: org.apache.ratis.thirdparty.io.grpc.StatusRuntimeException: CANCELLED: RST_STREAM closed stream. HTTP/2 error code: CANCEL
2022-06-27 16:55:55,513 [grpc-default-executor-2] INFO  leader.FollowerInfo (FollowerInfoImpl.java:lambda$new$0(48)) - e3b02d69-2174-44c4-baa7-18bae5c8063e@group-1389CD595B91->6005e4a5-b457-424c-9515-b1921d45a496: nextIndex: updateUnconditionally 29 -> 28
2022-06-27 16:55:55,516 [grpc-default-executor-1] WARN  server.GrpcLogAppender (LogUtils.java:warn(122)) - e3b02d69-2174-44c4-baa7-18bae5c8063e@group-1389CD595B91->aff9d3c6-0a22-4090-bc43-74b57d8145ab-AppendLogResponseHandler: Failed appendEntries: org.apache.ratis.thirdparty.io.grpc.StatusRuntimeException: CANCELLED: RST_STREAM closed stream. HTTP/2 error code: CANCEL
2022-06-27 16:55:55,516 [grpc-default-executor-1] INFO  leader.FollowerInfo (FollowerInfoImpl.java:lambda$new$0(48)) - e3b02d69-2174-44c4-baa7-18bae5c8063e@group-1389CD595B91->aff9d3c6-0a22-4090-bc43-74b57d8145ab: nextIndex: updateUnconditionally 29 -> 28
2022-06-27 16:55:55,521 [org.apache.ratis.util.JvmPauseMonitor$$Lambda$611/5070432@21c9c26f] INFO  util.JvmPauseMonitor (JvmPauseMonitor.java:run(109)) - JvmPauseMonitor-aff9d3c6-0a22-4090-bc43-74b57d8145ab: Stopped
2022-06-27 16:55:55,553 [grpc-default-executor-2] WARN  server.GrpcLogAppender (LogUtils.java:warn(122)) - e3b02d69-2174-44c4-baa7-18bae5c8063e@group-1389CD595B91->6005e4a5-b457-424c-9515-b1921d45a496-AppendLogResponseHandler: Failed appendEntries: org.apache.ratis.thirdparty.io.grpc.StatusRuntimeException: UNAVAILABLE: io exception
2022-06-27 16:55:55,554 [grpc-default-executor-2] INFO  leader.FollowerInfo (FollowerInfoImpl.java:lambda$new$0(48)) - e3b02d69-2174-44c4-baa7-18bae5c8063e@group-1389CD595B91->6005e4a5-b457-424c-9515-b1921d45a496: nextIndex: updateUnconditionally 29 -> 28
2022-06-27 16:55:55,565 [grpc-default-executor-2] WARN  server.GrpcLogAppender (LogUtils.java:warn(122)) - e3b02d69-2174-44c4-baa7-18bae5c8063e@group-1389CD595B91->aff9d3c6-0a22-4090-bc43-74b57d8145ab-AppendLogResponseHandler: Failed appendEntries: org.apache.ratis.thirdparty.io.grpc.StatusRuntimeException: UNAVAILABLE: io exception
2022-06-27 16:55:55,566 [grpc-default-executor-2] INFO  leader.FollowerInfo (FollowerInfoImpl.java:lambda$new$0(48)) - e3b02d69-2174-44c4-baa7-18bae5c8063e@group-1389CD595B91->aff9d3c6-0a22-4090-bc43-74b57d8145ab: nextIndex: updateUnconditionally 29 -> 28
2022-06-27 16:55:56,453 [grpc-default-executor-2] WARN  server.GrpcLogAppender (LogUtils.java:warn(122)) - e3b02d69-2174-44c4-baa7-18bae5c8063e@group-1389CD595B91->6005e4a5-b457-424c-9515-b1921d45a496-AppendLogResponseHandler: Failed appendEntries: org.apache.ratis.thirdparty.io.grpc.StatusRuntimeException: UNAVAILABLE: io exception
2022-06-27 16:55:56,454 [grpc-default-executor-2] INFO  leader.FollowerInfo (FollowerInfoImpl.java:lambda$new$0(48)) - e3b02d69-2174-44c4-baa7-18bae5c8063e@group-1389CD595B91->6005e4a5-b457-424c-9515-b1921d45a496: nextIndex: updateUnconditionally 29 -> 28
2022-06-27 16:55:56,502 [grpc-default-executor-2] WARN  server.GrpcLogAppender (LogUtils.java:warn(122)) - e3b02d69-2174-44c4-baa7-18bae5c8063e@group-1389CD595B91->aff9d3c6-0a22-4090-bc43-74b57d8145ab-AppendLogResponseHandler: Failed appendEntries: org.apache.ratis.thirdparty.io.grpc.StatusRuntimeException: UNAVAILABLE: io exception
2022-06-27 16:55:56,503 [grpc-default-executor-2] INFO  leader.FollowerInfo (FollowerInfoImpl.java:lambda$new$0(48)) - e3b02d69-2174-44c4-baa7-18bae5c8063e@group-1389CD595B91->aff9d3c6-0a22-4090-bc43-74b57d8145ab: nextIndex: updateUnconditionally 29 -> 28
2022-06-27 16:55:57,542 [ForkJoinPool.commonPool-worker-1] INFO  utils.BackgroundService (BackgroundService.java:shutdown(132)) - Shutting down service BlockDeletingService
2022-06-27 16:55:57,585 [Listener at 127.0.0.1/39955] INFO  utils.BackgroundService (BackgroundService.java:shutdown(132)) - Shutting down service BlockDeletingService
2022-06-27 16:55:57,705 [grpc-default-executor-2] WARN  server.GrpcLogAppender (LogUtils.java:warn(122)) - e3b02d69-2174-44c4-baa7-18bae5c8063e@group-1389CD595B91->6005e4a5-b457-424c-9515-b1921d45a496-AppendLogResponseHandler: Failed appendEntries: org.apache.ratis.thirdparty.io.grpc.StatusRuntimeException: UNAVAILABLE: io exception
2022-06-27 16:55:57,705 [grpc-default-executor-2] INFO  leader.FollowerInfo (FollowerInfoImpl.java:lambda$new$0(48)) - e3b02d69-2174-44c4-baa7-18bae5c8063e@group-1389CD595B91->6005e4a5-b457-424c-9515-b1921d45a496: nextIndex: updateUnconditionally 29 -> 28
2022-06-27 16:55:57,753 [grpc-default-executor-2] WARN  server.GrpcLogAppender (LogUtils.java:warn(122)) - e3b02d69-2174-44c4-baa7-18bae5c8063e@group-1389CD595B91->aff9d3c6-0a22-4090-bc43-74b57d8145ab-AppendLogResponseHandler: Failed appendEntries: org.apache.ratis.thirdparty.io.grpc.StatusRuntimeException: UNAVAILABLE: io exception
2022-06-27 16:55:57,753 [grpc-default-executor-2] INFO  leader.FollowerInfo (FollowerInfoImpl.java:lambda$new$0(48)) - e3b02d69-2174-44c4-baa7-18bae5c8063e@group-1389CD595B91->aff9d3c6-0a22-4090-bc43-74b57d8145ab: nextIndex: updateUnconditionally 29 -> 28
2022-06-27 16:55:58,954 [grpc-default-executor-2] WARN  server.GrpcLogAppender (LogUtils.java:warn(122)) - e3b02d69-2174-44c4-baa7-18bae5c8063e@group-1389CD595B91->6005e4a5-b457-424c-9515-b1921d45a496-AppendLogResponseHandler: Failed appendEntries: org.apache.ratis.thirdparty.io.grpc.StatusRuntimeException: UNAVAILABLE: io exception
2022-06-27 16:55:58,955 [grpc-default-executor-2] INFO  leader.FollowerInfo (FollowerInfoImpl.java:lambda$new$0(48)) - e3b02d69-2174-44c4-baa7-18bae5c8063e@group-1389CD595B91->6005e4a5-b457-424c-9515-b1921d45a496: nextIndex: updateUnconditionally 29 -> 28
2022-06-27 16:55:59,003 [grpc-default-executor-2] WARN  server.GrpcLogAppender (LogUtils.java:warn(122)) - e3b02d69-2174-44c4-baa7-18bae5c8063e@group-1389CD595B91->aff9d3c6-0a22-4090-bc43-74b57d8145ab-AppendLogResponseHandler: Failed appendEntries: org.apache.ratis.thirdparty.io.grpc.StatusRuntimeException: UNAVAILABLE: io exception
2022-06-27 16:55:59,017 [grpc-default-executor-2] INFO  leader.FollowerInfo (FollowerInfoImpl.java:lambda$new$0(48)) - e3b02d69-2174-44c4-baa7-18bae5c8063e@group-1389CD595B91->aff9d3c6-0a22-4090-bc43-74b57d8145ab: nextIndex: updateUnconditionally 29 -> 28
2022-06-27 16:56:00,205 [grpc-default-executor-2] WARN  server.GrpcLogAppender (LogUtils.java:warn(122)) - e3b02d69-2174-44c4-baa7-18bae5c8063e@group-1389CD595B91->6005e4a5-b457-424c-9515-b1921d45a496-AppendLogResponseHandler: Failed appendEntries: org.apache.ratis.thirdparty.io.grpc.StatusRuntimeException: UNAVAILABLE: io exception
2022-06-27 16:56:00,206 [grpc-default-executor-2] INFO  leader.FollowerInfo (FollowerInfoImpl.java:lambda$new$0(48)) - e3b02d69-2174-44c4-baa7-18bae5c8063e@group-1389CD595B91->6005e4a5-b457-424c-9515-b1921d45a496: nextIndex: updateUnconditionally 29 -> 28
2022-06-27 16:56:00,254 [grpc-default-executor-2] WARN  server.GrpcLogAppender (LogUtils.java:warn(122)) - e3b02d69-2174-44c4-baa7-18bae5c8063e@group-1389CD595B91->aff9d3c6-0a22-4090-bc43-74b57d8145ab-AppendLogResponseHandler: Failed appendEntries: org.apache.ratis.thirdparty.io.grpc.StatusRuntimeException: UNAVAILABLE: io exception
2022-06-27 16:56:00,254 [grpc-default-executor-2] INFO  leader.FollowerInfo (FollowerInfoImpl.java:lambda$new$0(48)) - e3b02d69-2174-44c4-baa7-18bae5c8063e@group-1389CD595B91->aff9d3c6-0a22-4090-bc43-74b57d8145ab: nextIndex: updateUnconditionally 29 -> 28
2022-06-27 16:56:00,558 [ForkJoinPool.commonPool-worker-1] INFO  statemachine.DatanodeStateMachine (DatanodeStateMachine.java:stopDaemon(580)) - Ozone container server stopped.
2022-06-27 16:56:00,591 [Listener at 127.0.0.1/39955] INFO  statemachine.DatanodeStateMachine (DatanodeStateMachine.java:stopDaemon(580)) - Ozone container server stopped.
2022-06-27 16:56:00,598 [Listener at 127.0.0.1/39955] INFO  handler.ContextHandler (ContextHandler.java:doStop(1153)) - Stopped o.e.j.w.WebAppContext@8e3fa5{hddsDatanode,/,null,STOPPED}{jar:file:/home/runner/.m2/repository/org/apache/ozone/hdds-container-service/1.3.0-SNAPSHOT/hdds-container-service-1.3.0-SNAPSHOT.jar!/webapps/hddsDatanode}
2022-06-27 16:56:00,601 [ForkJoinPool.commonPool-worker-1] INFO  handler.ContextHandler (ContextHandler.java:doStop(1153)) - Stopped o.e.j.w.WebAppContext@4c4a428d{hddsDatanode,/,null,STOPPED}{jar:file:/home/runner/.m2/repository/org/apache/ozone/hdds-container-service/1.3.0-SNAPSHOT/hdds-container-service-1.3.0-SNAPSHOT.jar!/webapps/hddsDatanode}
2022-06-27 16:56:00,607 [ForkJoinPool.commonPool-worker-1] INFO  server.AbstractConnector (AbstractConnector.java:doStop(381)) - Stopped ServerConnector@400074e2{HTTP/1.1, (http/1.1)}{0.0.0.0:0}
2022-06-27 16:56:00,607 [Listener at 127.0.0.1/39955] INFO  server.AbstractConnector (AbstractConnector.java:doStop(381)) - Stopped ServerConnector@5fa9dc45{HTTP/1.1, (http/1.1)}{0.0.0.0:0}
2022-06-27 16:56:00,607 [ForkJoinPool.commonPool-worker-1] INFO  server.session (HouseKeeper.java:stopScavenging(149)) - node0 Stopped scavenging
2022-06-27 16:56:00,611 [ForkJoinPool.commonPool-worker-1] INFO  handler.ContextHandler (ContextHandler.java:doStop(1153)) - Stopped o.e.j.s.ServletContextHandler@60144454{static,/static,jar:file:/home/runner/.m2/repository/org/apache/ozone/hdds-container-service/1.3.0-SNAPSHOT/hdds-container-service-1.3.0-SNAPSHOT.jar!/webapps/static,STOPPED}
2022-06-27 16:56:00,621 [Listener at 127.0.0.1/39955] INFO  server.session (HouseKeeper.java:stopScavenging(149)) - node0 Stopped scavenging
2022-06-27 16:56:00,621 [Listener at 127.0.0.1/39955] INFO  handler.ContextHandler (ContextHandler.java:doStop(1153)) - Stopped o.e.j.s.ServletContextHandler@1502c366{static,/static,jar:file:/home/runner/.m2/repository/org/apache/ozone/hdds-container-service/1.3.0-SNAPSHOT/hdds-container-service-1.3.0-SNAPSHOT.jar!/webapps/static,STOPPED}
2022-06-27 16:56:00,621 [Listener at 127.0.0.1/39955] INFO  handler.ContextHandler (ContextHandler.java:doStop(1153)) - Stopped o.e.j.s.ServletContextHandler@4a2b62f8{logs,/logs,file:///home/runner/work/ozone/ozone/hadoop-ozone/integration-test/target/log,STOPPED}
2022-06-27 16:56:00,653 [ForkJoinPool.commonPool-worker-1] INFO  handler.ContextHandler (ContextHandler.java:doStop(1153)) - Stopped o.e.j.s.ServletContextHandler@703e6fc0{logs,/logs,file:///home/runner/work/ozone/ozone/hadoop-ozone/integration-test/target/log,STOPPED}
2022-06-27 16:56:01,455 [grpc-default-executor-2] WARN  server.GrpcLogAppender (LogUtils.java:warn(122)) - e3b02d69-2174-44c4-baa7-18bae5c8063e@group-1389CD595B91->6005e4a5-b457-424c-9515-b1921d45a496-AppendLogResponseHandler: Failed appendEntries: org.apache.ratis.thirdparty.io.grpc.StatusRuntimeException: UNAVAILABLE: io exception
2022-06-27 16:56:01,456 [grpc-default-executor-2] INFO  leader.FollowerInfo (FollowerInfoImpl.java:lambda$new$0(48)) - e3b02d69-2174-44c4-baa7-18bae5c8063e@group-1389CD595B91->6005e4a5-b457-424c-9515-b1921d45a496: nextIndex: updateUnconditionally 29 -> 28
2022-06-27 16:56:01,504 [grpc-default-executor-2] WARN  server.GrpcLogAppender (LogUtils.java:warn(122)) - e3b02d69-2174-44c4-baa7-18bae5c8063e@group-1389CD595B91->aff9d3c6-0a22-4090-bc43-74b57d8145ab-AppendLogResponseHandler: Failed appendEntries: org.apache.ratis.thirdparty.io.grpc.StatusRuntimeException: UNAVAILABLE: io exception
2022-06-27 16:56:01,505 [grpc-default-executor-2] INFO  leader.FollowerInfo (FollowerInfoImpl.java:lambda$new$0(48)) - e3b02d69-2174-44c4-baa7-18bae5c8063e@group-1389CD595B91->aff9d3c6-0a22-4090-bc43-74b57d8145ab: nextIndex: updateUnconditionally 29 -> 28
2022-06-27 16:56:02,393 [e3b02d69-2174-44c4-baa7-18bae5c8063e@group-1389CD595B91-LeaderStateImpl] WARN  server.RaftServer$Division (LeaderStateImpl.java:checkLeadership(1018)) - e3b02d69-2174-44c4-baa7-18bae5c8063e@group-1389CD595B91-LeaderStateImpl: Lost leadership on term: 1. Election timeout: 5200ms. In charge for: 30310ms. Conf: 0: [e3b02d69-2174-44c4-baa7-18bae5c8063e|rpc:10.1.0.22:34863|dataStream:|priority:1, 6005e4a5-b457-424c-9515-b1921d45a496|rpc:10.1.0.22:45857|dataStream:|priority:0, aff9d3c6-0a22-4090-bc43-74b57d8145ab|rpc:10.1.0.22:36293|dataStream:|priority:0], old=null
2022-06-27 16:56:02,393 [e3b02d69-2174-44c4-baa7-18bae5c8063e@group-1389CD595B91-LeaderStateImpl] WARN  server.RaftServer$Division (LeaderStateImpl.java:lambda$checkLeadership$17(1022)) - Follower e3b02d69-2174-44c4-baa7-18bae5c8063e@group-1389CD595B91->6005e4a5-b457-424c-9515-b1921d45a496(c28,m28,n28, attendVote=true, lastRpcSendTime=938, lastRpcResponseTime=8441)
2022-06-27 16:56:02,394 [e3b02d69-2174-44c4-baa7-18bae5c8063e@group-1389CD595B91-LeaderStateImpl] WARN  server.RaftServer$Division (LeaderStateImpl.java:lambda$checkLeadership$17(1022)) - Follower e3b02d69-2174-44c4-baa7-18bae5c8063e@group-1389CD595B91->aff9d3c6-0a22-4090-bc43-74b57d8145ab(c28,m28,n28, attendVote=true, lastRpcSendTime=889, lastRpcResponseTime=8392)
2022-06-27 16:56:02,394 [e3b02d69-2174-44c4-baa7-18bae5c8063e@group-1389CD595B91-LeaderStateImpl] INFO  server.RaftServer$Division (RaftServerImpl.java:setRole(299)) - e3b02d69-2174-44c4-baa7-18bae5c8063e@group-1389CD595B91: changes role from    LEADER to FOLLOWER at term 1 for StepDownReason:LOST_MAJORITY_HEARTBEATS
2022-06-27 16:56:02,394 [e3b02d69-2174-44c4-baa7-18bae5c8063e@group-1389CD595B91-LeaderStateImpl] INFO  impl.RoleInfo (RoleInfo.java:shutdownLeaderState(93)) - e3b02d69-2174-44c4-baa7-18bae5c8063e: shutdown e3b02d69-2174-44c4-baa7-18bae5c8063e@group-1389CD595B91-LeaderStateImpl
2022-06-27 16:56:02,394 [e3b02d69-2174-44c4-baa7-18bae5c8063e@group-1389CD595B91-LeaderStateImpl] INFO  impl.PendingRequests (PendingRequests.java:sendNotLeaderResponses(282)) - e3b02d69-2174-44c4-baa7-18bae5c8063e@group-1389CD595B91-PendingRequests: sendNotLeaderResponses
2022-06-27 16:56:02,397 [e3b02d69-2174-44c4-baa7-18bae5c8063e@group-1389CD595B91-LeaderStateImpl] INFO  impl.RoleInfo (RoleInfo.java:updateAndGet(139)) - e3b02d69-2174-44c4-baa7-18bae5c8063e: start e3b02d69-2174-44c4-baa7-18bae5c8063e@group-1389CD595B91-FollowerState
2022-06-27 16:56:02,409 [e3b02d69-2174-44c4-baa7-18bae5c8063e@group-1389CD595B91->aff9d3c6-0a22-4090-bc43-74b57d8145ab-GrpcLogAppender-LogAppenderDaemon] WARN  server.GrpcLogAppender (GrpcLogAppender.java:mayWait(171)) - e3b02d69-2174-44c4-baa7-18bae5c8063e@group-1389CD595B91->aff9d3c6-0a22-4090-bc43-74b57d8145ab-GrpcLogAppender: Wait interrupted by java.lang.InterruptedException
2022-06-27 16:56:02,418 [e3b02d69-2174-44c4-baa7-18bae5c8063e@group-1389CD595B91->6005e4a5-b457-424c-9515-b1921d45a496-GrpcLogAppender-LogAppenderDaemon] WARN  server.GrpcLogAppender (GrpcLogAppender.java:mayWait(171)) - e3b02d69-2174-44c4-baa7-18bae5c8063e@group-1389CD595B91->6005e4a5-b457-424c-9515-b1921d45a496-GrpcLogAppender: Wait interrupted by java.lang.InterruptedException
2022-06-27 16:56:02,829 [e3b02d69-2174-44c4-baa7-18bae5c8063e@group-2AF9492EFBFF-FollowerState] INFO  impl.FollowerState (FollowerState.java:run(143)) - e3b02d69-2174-44c4-baa7-18bae5c8063e@group-2AF9492EFBFF-FollowerState: change to CANDIDATE, lastRpcElapsedTime:9727872767ns, electionTimeout:5183ms
2022-06-27 16:56:02,829 [e3b02d69-2174-44c4-baa7-18bae5c8063e@group-2AF9492EFBFF-FollowerState] INFO  impl.RoleInfo (RoleInfo.java:shutdownFollowerState(110)) - e3b02d69-2174-44c4-baa7-18bae5c8063e: shutdown e3b02d69-2174-44c4-baa7-18bae5c8063e@group-2AF9492EFBFF-FollowerState
2022-06-27 16:56:02,830 [e3b02d69-2174-44c4-baa7-18bae5c8063e@group-2AF9492EFBFF-FollowerState] INFO  server.RaftServer$Division (RaftServerImpl.java:setRole(299)) - e3b02d69-2174-44c4-baa7-18bae5c8063e@group-2AF9492EFBFF: changes role from  FOLLOWER to CANDIDATE at term 2 for changeToCandidate
2022-06-27 16:56:02,830 [e3b02d69-2174-44c4-baa7-18bae5c8063e@group-2AF9492EFBFF-FollowerState] INFO  server.RaftServerConfigKeys (ConfUtils.java:logGet(46)) - raft.server.leaderelection.pre-vote = false (custom)
2022-06-27 16:56:02,830 [e3b02d69-2174-44c4-baa7-18bae5c8063e@group-2AF9492EFBFF-FollowerState] INFO  impl.RoleInfo (RoleInfo.java:updateAndGet(139)) - e3b02d69-2174-44c4-baa7-18bae5c8063e: start e3b02d69-2174-44c4-baa7-18bae5c8063e@group-2AF9492EFBFF-LeaderElection25
2022-06-27 16:56:02,830 [e3b02d69-2174-44c4-baa7-18bae5c8063e@group-2AF9492EFBFF-LeaderElection25] INFO  server.RaftServer$Division (ServerState.java:setLeader(287)) - e3b02d69-2174-44c4-baa7-18bae5c8063e@group-2AF9492EFBFF: change Leader from aff9d3c6-0a22-4090-bc43-74b57d8145ab to null at term 2 for ELECTION
2022-06-27 16:56:02,845 [e3b02d69-2174-44c4-baa7-18bae5c8063e@group-2AF9492EFBFF-LeaderElection25] INFO  impl.LeaderElection (LeaderElection.java:askForVotes(310)) - e3b02d69-2174-44c4-baa7-18bae5c8063e@group-2AF9492EFBFF-LeaderElection25 ELECTION round 0: submit vote requests at term 3 for 0: [e3b02d69-2174-44c4-baa7-18bae5c8063e|rpc:10.1.0.22:34863|dataStream:|priority:0, 6005e4a5-b457-424c-9515-b1921d45a496|rpc:10.1.0.22:45857|dataStream:|priority:0, aff9d3c6-0a22-4090-bc43-74b57d8145ab|rpc:10.1.0.22:36293|dataStream:|priority:1], old=null
2022-06-27 16:56:02,849 [e3b02d69-2174-44c4-baa7-18bae5c8063e@group-2AF9492EFBFF-LeaderElection25] INFO  impl.LeaderElection (LogUtils.java:infoOrTrace(137)) - e3b02d69-2174-44c4-baa7-18bae5c8063e@group-2AF9492EFBFF-LeaderElection25 got exception when requesting votes: java.util.concurrent.ExecutionException: org.apache.ratis.thirdparty.io.grpc.StatusRuntimeException: UNAVAILABLE: io exception
2022-06-27 16:56:02,849 [e3b02d69-2174-44c4-baa7-18bae5c8063e@group-2AF9492EFBFF-LeaderElection25] INFO  impl.LeaderElection (LogUtils.java:infoOrTrace(137)) - e3b02d69-2174-44c4-baa7-18bae5c8063e@group-2AF9492EFBFF-LeaderElection25 got exception when requesting votes: java.util.concurrent.ExecutionException: org.apache.ratis.thirdparty.io.grpc.StatusRuntimeException: UNAVAILABLE: io exception
2022-06-27 16:56:02,849 [e3b02d69-2174-44c4-baa7-18bae5c8063e@group-2AF9492EFBFF-LeaderElection25] INFO  impl.LeaderElection (LeaderElection.java:logAndReturn(90)) - e3b02d69-2174-44c4-baa7-18bae5c8063e@group-2AF9492EFBFF-LeaderElection25: ELECTION REJECTED received 0 response(s) and 2 exception(s):
2022-06-27 16:56:02,849 [e3b02d69-2174-44c4-baa7-18bae5c8063e@group-2AF9492EFBFF-LeaderElection25] INFO  impl.LeaderElection (LogUtils.java:infoOrTrace(137)) -   Exception 0: java.util.concurrent.ExecutionException: org.apache.ratis.thirdparty.io.grpc.StatusRuntimeException: UNAVAILABLE: io exception
2022-06-27 16:56:02,849 [e3b02d69-2174-44c4-baa7-18bae5c8063e@group-2AF9492EFBFF-LeaderElection25] INFO  impl.LeaderElection (LogUtils.java:infoOrTrace(137)) -   Exception 1: java.util.concurrent.ExecutionException: org.apache.ratis.thirdparty.io.grpc.StatusRuntimeException: UNAVAILABLE: io exception
2022-06-27 16:56:02,849 [e3b02d69-2174-44c4-baa7-18bae5c8063e@group-2AF9492EFBFF-LeaderElection25] INFO  impl.LeaderElection (LeaderElection.java:askForVotes(312)) - e3b02d69-2174-44c4-baa7-18bae5c8063e@group-2AF9492EFBFF-LeaderElection25 ELECTION round 0: result REJECTED
2022-06-27 16:56:02,849 [e3b02d69-2174-44c4-baa7-18bae5c8063e@group-2AF9492EFBFF-LeaderElection25] INFO  server.RaftServer$Division (RaftServerImpl.java:setRole(299)) - e3b02d69-2174-44c4-baa7-18bae5c8063e@group-2AF9492EFBFF: changes role from CANDIDATE to FOLLOWER at term 3 for REJECTED
2022-06-27 16:56:02,849 [e3b02d69-2174-44c4-baa7-18bae5c8063e@group-2AF9492EFBFF-LeaderElection25] INFO  impl.RoleInfo (RoleInfo.java:shutdownLeaderElection(130)) - e3b02d69-2174-44c4-baa7-18bae5c8063e: shutdown e3b02d69-2174-44c4-baa7-18bae5c8063e@group-2AF9492EFBFF-LeaderElection25
2022-06-27 16:56:02,849 [e3b02d69-2174-44c4-baa7-18bae5c8063e@group-2AF9492EFBFF-LeaderElection25] INFO  impl.RoleInfo (RoleInfo.java:updateAndGet(139)) - e3b02d69-2174-44c4-baa7-18bae5c8063e: start e3b02d69-2174-44c4-baa7-18bae5c8063e@group-2AF9492EFBFF-FollowerState
2022-06-27 16:56:05,655 [Listener at 127.0.0.1/39955] INFO  ozoneimpl.OzoneContainer (OzoneContainer.java:stop(365)) - Attempting to stop container services.
2022-06-27 16:56:05,655 [ForkJoinPool.commonPool-worker-1] INFO  ozoneimpl.OzoneContainer (OzoneContainer.java:stop(365)) - Attempting to stop container services.
2022-06-27 16:56:05,662 [Listener at 127.0.0.1/39955] INFO  server.RaftServer (RaftServerProxy.java:lambda$close$7(398)) - c918afda-6c60-4e35-b4d1-6219f177e5a0: close
2022-06-27 16:56:05,663 [Listener at 127.0.0.1/39955] INFO  server.RaftServer$Division (RaftServerImpl.java:lambda$close$4(434)) - c918afda-6c60-4e35-b4d1-6219f177e5a0@group-066695249C4A: shutdown
2022-06-27 16:56:05,663 [Listener at 127.0.0.1/39955] INFO  util.JmxRegister (JmxRegister.java:unregister(73)) - Successfully un-registered JMX Bean with object name Ratis:service=RaftServer,group=group-066695249C4A,id=c918afda-6c60-4e35-b4d1-6219f177e5a0
2022-06-27 16:56:05,663 [Listener at 127.0.0.1/39955] INFO  impl.RoleInfo (RoleInfo.java:shutdownLeaderState(93)) - c918afda-6c60-4e35-b4d1-6219f177e5a0: shutdown c918afda-6c60-4e35-b4d1-6219f177e5a0@group-066695249C4A-LeaderStateImpl
2022-06-27 16:56:05,663 [Listener at 127.0.0.1/39955] INFO  impl.PendingRequests (PendingRequests.java:sendNotLeaderResponses(282)) - c918afda-6c60-4e35-b4d1-6219f177e5a0@group-066695249C4A-PendingRequests: sendNotLeaderResponses
2022-06-27 16:56:05,664 [Listener at 127.0.0.1/39955] INFO  impl.StateMachineUpdater (StateMachineUpdater.java:stopAndJoin(153)) - c918afda-6c60-4e35-b4d1-6219f177e5a0@group-066695249C4A-StateMachineUpdater: set stopIndex = 0
2022-06-27 16:56:05,664 [c918afda-6c60-4e35-b4d1-6219f177e5a0@group-066695249C4A-StateMachineUpdater] INFO  ratis.ContainerStateMachine (ContainerStateMachine.java:takeSnapshot(304)) - group-066695249C4A: Taking a snapshot at:(t:1, i:0) file /home/runner/work/ozone/ozone/hadoop-ozone/integration-test/target/test-dir/MiniOzoneClusterImpl-d171279b-4677-4c73-a7d6-55d9627e9d51/datanode-4/data/ratis/d0b617c4-09a0-440c-a7b0-066695249c4a/sm/snapshot.1_0
2022-06-27 16:56:05,664 [ForkJoinPool.commonPool-worker-1] INFO  server.RaftServer (RaftServerProxy.java:lambda$close$7(398)) - e3b02d69-2174-44c4-baa7-18bae5c8063e: close
2022-06-27 16:56:05,664 [ForkJoinPool.commonPool-worker-1] INFO  server.RaftServer$Division (RaftServerImpl.java:lambda$close$4(434)) - e3b02d69-2174-44c4-baa7-18bae5c8063e@group-97A323FB9C60: shutdown
2022-06-27 16:56:05,664 [ForkJoinPool.commonPool-worker-1] INFO  util.JmxRegister (JmxRegister.java:unregister(73)) - Successfully un-registered JMX Bean with object name Ratis:service=RaftServer,group=group-97A323FB9C60,id=e3b02d69-2174-44c4-baa7-18bae5c8063e
2022-06-27 16:56:05,664 [ForkJoinPool.commonPool-worker-1] INFO  impl.RoleInfo (RoleInfo.java:shutdownLeaderState(93)) - e3b02d69-2174-44c4-baa7-18bae5c8063e: shutdown e3b02d69-2174-44c4-baa7-18bae5c8063e@group-97A323FB9C60-LeaderStateImpl
2022-06-27 16:56:05,665 [ForkJoinPool.commonPool-worker-1] INFO  impl.PendingRequests (PendingRequests.java:sendNotLeaderResponses(282)) - e3b02d69-2174-44c4-baa7-18bae5c8063e@group-97A323FB9C60-PendingRequests: sendNotLeaderResponses
2022-06-27 16:56:05,665 [ForkJoinPool.commonPool-worker-1] INFO  impl.StateMachineUpdater (StateMachineUpdater.java:stopAndJoin(153)) - e3b02d69-2174-44c4-baa7-18bae5c8063e@group-97A323FB9C60-StateMachineUpdater: set stopIndex = 0
2022-06-27 16:56:05,665 [e3b02d69-2174-44c4-baa7-18bae5c8063e@group-97A323FB9C60-StateMachineUpdater] INFO  ratis.ContainerStateMachine (ContainerStateMachine.java:takeSnapshot(304)) - group-97A323FB9C60: Taking a snapshot at:(t:1, i:0) file /home/runner/work/ozone/ozone/hadoop-ozone/integration-test/target/test-dir/MiniOzoneClusterImpl-d171279b-4677-4c73-a7d6-55d9627e9d51/datanode-0/data/ratis/6db4e161-3a0f-4716-9a77-97a323fb9c60/sm/snapshot.1_0
2022-06-27 16:56:05,666 [c918afda-6c60-4e35-b4d1-6219f177e5a0@group-066695249C4A-StateMachineUpdater] INFO  ratis.ContainerStateMachine (ContainerStateMachine.java:takeSnapshot(315)) - group-066695249C4A: Finished taking a snapshot at:(t:1, i:0) file:/home/runner/work/ozone/ozone/hadoop-ozone/integration-test/target/test-dir/MiniOzoneClusterImpl-d171279b-4677-4c73-a7d6-55d9627e9d51/datanode-4/data/ratis/d0b617c4-09a0-440c-a7b0-066695249c4a/sm/snapshot.1_0 took: 2 ms
2022-06-27 16:56:05,666 [c918afda-6c60-4e35-b4d1-6219f177e5a0@group-066695249C4A-StateMachineUpdater] INFO  impl.StateMachineUpdater (StateMachineUpdater.java:takeSnapshot(287)) - c918afda-6c60-4e35-b4d1-6219f177e5a0@group-066695249C4A-StateMachineUpdater: Took a snapshot at index 0
2022-06-27 16:56:05,666 [c918afda-6c60-4e35-b4d1-6219f177e5a0@group-066695249C4A-StateMachineUpdater] INFO  impl.StateMachineUpdater (StateMachineUpdater.java:lambda$new$0(92)) - c918afda-6c60-4e35-b4d1-6219f177e5a0@group-066695249C4A-StateMachineUpdater: snapshotIndex: updateIncreasingly -1 -> 0
2022-06-27 16:56:05,666 [e3b02d69-2174-44c4-baa7-18bae5c8063e@group-97A323FB9C60-StateMachineUpdater] INFO  ratis.ContainerStateMachine (ContainerStateMachine.java:takeSnapshot(315)) - group-97A323FB9C60: Finished taking a snapshot at:(t:1, i:0) file:/home/runner/work/ozone/ozone/hadoop-ozone/integration-test/target/test-dir/MiniOzoneClusterImpl-d171279b-4677-4c73-a7d6-55d9627e9d51/datanode-0/data/ratis/6db4e161-3a0f-4716-9a77-97a323fb9c60/sm/snapshot.1_0 took: 0 ms
2022-06-27 16:56:05,666 [e3b02d69-2174-44c4-baa7-18bae5c8063e@group-97A323FB9C60-StateMachineUpdater] INFO  impl.StateMachineUpdater (StateMachineUpdater.java:takeSnapshot(287)) - e3b02d69-2174-44c4-baa7-18bae5c8063e@group-97A323FB9C60-StateMachineUpdater: Took a snapshot at index 0
2022-06-27 16:56:05,666 [e3b02d69-2174-44c4-baa7-18bae5c8063e@group-97A323FB9C60-StateMachineUpdater] INFO  impl.StateMachineUpdater (StateMachineUpdater.java:lambda$new$0(92)) - e3b02d69-2174-44c4-baa7-18bae5c8063e@group-97A323FB9C60-StateMachineUpdater: snapshotIndex: updateIncreasingly -1 -> 0
2022-06-27 16:56:05,666 [ForkJoinPool.commonPool-worker-1] INFO  server.RaftServer$Division (ServerState.java:close(429)) - e3b02d69-2174-44c4-baa7-18bae5c8063e@group-97A323FB9C60: closes. applyIndex: 0
2022-06-27 16:56:05,667 [e3b02d69-2174-44c4-baa7-18bae5c8063e@group-97A323FB9C60-SegmentedRaftLogWorker] INFO  segmented.SegmentedRaftLogWorker (SegmentedRaftLogWorker.java:run(336)) - e3b02d69-2174-44c4-baa7-18bae5c8063e@group-97A323FB9C60-SegmentedRaftLogWorker was interrupted, exiting. There are 0 tasks remaining in the queue.
2022-06-27 16:56:05,667 [ForkJoinPool.commonPool-worker-1] INFO  segmented.SegmentedRaftLogWorker (SegmentedRaftLogWorker.java:close(246)) - e3b02d69-2174-44c4-baa7-18bae5c8063e@group-97A323FB9C60-SegmentedRaftLogWorker close()
2022-06-27 16:56:05,669 [ForkJoinPool.commonPool-worker-1] INFO  server.RaftServer$Division (RaftServerImpl.java:lambda$close$4(434)) - e3b02d69-2174-44c4-baa7-18bae5c8063e@group-1389CD595B91: shutdown
2022-06-27 16:56:05,669 [ForkJoinPool.commonPool-worker-1] INFO  util.JmxRegister (JmxRegister.java:unregister(73)) - Successfully un-registered JMX Bean with object name Ratis:service=RaftServer,group=group-1389CD595B91,id=e3b02d69-2174-44c4-baa7-18bae5c8063e
2022-06-27 16:56:05,669 [ForkJoinPool.commonPool-worker-1] INFO  impl.RoleInfo (RoleInfo.java:shutdownFollowerState(110)) - e3b02d69-2174-44c4-baa7-18bae5c8063e: shutdown e3b02d69-2174-44c4-baa7-18bae5c8063e@group-1389CD595B91-FollowerState
2022-06-27 16:56:05,669 [ForkJoinPool.commonPool-worker-1] INFO  impl.StateMachineUpdater (StateMachineUpdater.java:stopAndJoin(153)) - e3b02d69-2174-44c4-baa7-18bae5c8063e@group-1389CD595B91-StateMachineUpdater: set stopIndex = 28
2022-06-27 16:56:05,669 [e3b02d69-2174-44c4-baa7-18bae5c8063e@group-1389CD595B91-FollowerState] INFO  impl.FollowerState (FollowerState.java:run(152)) - e3b02d69-2174-44c4-baa7-18bae5c8063e@group-1389CD595B91-FollowerState was interrupted
2022-06-27 16:56:05,670 [e3b02d69-2174-44c4-baa7-18bae5c8063e@group-1389CD595B91-StateMachineUpdater] INFO  ratis.ContainerStateMachine (ContainerStateMachine.java:takeSnapshot(304)) - group-1389CD595B91: Taking a snapshot at:(t:1, i:28) file /home/runner/work/ozone/ozone/hadoop-ozone/integration-test/target/test-dir/MiniOzoneClusterImpl-d171279b-4677-4c73-a7d6-55d9627e9d51/datanode-0/data/ratis/4ff62548-9aed-4c58-857c-1389cd595b91/sm/snapshot.1_28
2022-06-27 16:56:05,681 [Listener at 127.0.0.1/39955] INFO  server.RaftServer$Division (ServerState.java:close(429)) - c918afda-6c60-4e35-b4d1-6219f177e5a0@group-066695249C4A: closes. applyIndex: 0
2022-06-27 16:56:05,681 [e3b02d69-2174-44c4-baa7-18bae5c8063e@group-1389CD595B91-StateMachineUpdater] INFO  ratis.ContainerStateMachine (ContainerStateMachine.java:takeSnapshot(315)) - group-1389CD595B91: Finished taking a snapshot at:(t:1, i:28) file:/home/runner/work/ozone/ozone/hadoop-ozone/integration-test/target/test-dir/MiniOzoneClusterImpl-d171279b-4677-4c73-a7d6-55d9627e9d51/datanode-0/data/ratis/4ff62548-9aed-4c58-857c-1389cd595b91/sm/snapshot.1_28 took: 11 ms
2022-06-27 16:56:05,681 [e3b02d69-2174-44c4-baa7-18bae5c8063e@group-1389CD595B91-StateMachineUpdater] INFO  impl.StateMachineUpdater (StateMachineUpdater.java:takeSnapshot(287)) - e3b02d69-2174-44c4-baa7-18bae5c8063e@group-1389CD595B91-StateMachineUpdater: Took a snapshot at index 28
2022-06-27 16:56:05,681 [e3b02d69-2174-44c4-baa7-18bae5c8063e@group-1389CD595B91-StateMachineUpdater] INFO  impl.StateMachineUpdater (StateMachineUpdater.java:lambda$new$0(92)) - e3b02d69-2174-44c4-baa7-18bae5c8063e@group-1389CD595B91-StateMachineUpdater: snapshotIndex: updateIncreasingly -1 -> 28
2022-06-27 16:56:05,681 [c918afda-6c60-4e35-b4d1-6219f177e5a0@group-066695249C4A-SegmentedRaftLogWorker] INFO  segmented.SegmentedRaftLogWorker (SegmentedRaftLogWorker.java:run(336)) - c918afda-6c60-4e35-b4d1-6219f177e5a0@group-066695249C4A-SegmentedRaftLogWorker was interrupted, exiting. There are 0 tasks remaining in the queue.
2022-06-27 16:56:05,682 [Listener at 127.0.0.1/39955] INFO  segmented.SegmentedRaftLogWorker (SegmentedRaftLogWorker.java:close(246)) - c918afda-6c60-4e35-b4d1-6219f177e5a0@group-066695249C4A-SegmentedRaftLogWorker close()
2022-06-27 16:56:05,683 [Listener at 127.0.0.1/39955] INFO  server.GrpcService (GrpcService.java:closeImpl(269)) - c918afda-6c60-4e35-b4d1-6219f177e5a0: shutdown server with port 38637 now
2022-06-27 16:56:05,683 [Listener at 127.0.0.1/39955] INFO  server.GrpcService (GrpcService.java:closeImpl(278)) - c918afda-6c60-4e35-b4d1-6219f177e5a0: shutdown server with port 38637 successfully
2022-06-27 16:56:05,683 [org.apache.ratis.util.JvmPauseMonitor$$Lambda$611/5070432@6cb8350b] INFO  util.JvmPauseMonitor (JvmPauseMonitor.java:run(109)) - JvmPauseMonitor-c918afda-6c60-4e35-b4d1-6219f177e5a0: Stopped
2022-06-27 16:56:05,683 [ForkJoinPool.commonPool-worker-1] INFO  server.RaftServer$Division (ServerState.java:close(429)) - e3b02d69-2174-44c4-baa7-18bae5c8063e@group-1389CD595B91: closes. applyIndex: 28
2022-06-27 16:56:05,683 [e3b02d69-2174-44c4-baa7-18bae5c8063e@group-1389CD595B91-SegmentedRaftLogWorker] INFO  segmented.SegmentedRaftLogWorker (SegmentedRaftLogWorker.java:run(336)) - e3b02d69-2174-44c4-baa7-18bae5c8063e@group-1389CD595B91-SegmentedRaftLogWorker was interrupted, exiting. There are 0 tasks remaining in the queue.
2022-06-27 16:56:05,685 [ForkJoinPool.commonPool-worker-1] INFO  segmented.SegmentedRaftLogWorker (SegmentedRaftLogWorker.java:close(246)) - e3b02d69-2174-44c4-baa7-18bae5c8063e@group-1389CD595B91-SegmentedRaftLogWorker close()
2022-06-27 16:56:05,685 [ForkJoinPool.commonPool-worker-1] INFO  server.RaftServer$Division (RaftServerImpl.java:lambda$close$4(434)) - e3b02d69-2174-44c4-baa7-18bae5c8063e@group-2AF9492EFBFF: shutdown
2022-06-27 16:56:05,685 [ForkJoinPool.commonPool-worker-1] INFO  util.JmxRegister (JmxRegister.java:unregister(73)) - Successfully un-registered JMX Bean with object name Ratis:service=RaftServer,group=group-2AF9492EFBFF,id=e3b02d69-2174-44c4-baa7-18bae5c8063e
2022-06-27 16:56:05,685 [ForkJoinPool.commonPool-worker-1] INFO  impl.RoleInfo (RoleInfo.java:shutdownFollowerState(110)) - e3b02d69-2174-44c4-baa7-18bae5c8063e: shutdown e3b02d69-2174-44c4-baa7-18bae5c8063e@group-2AF9492EFBFF-FollowerState
2022-06-27 16:56:05,685 [ForkJoinPool.commonPool-worker-1] INFO  impl.StateMachineUpdater (StateMachineUpdater.java:stopAndJoin(153)) - e3b02d69-2174-44c4-baa7-18bae5c8063e@group-2AF9492EFBFF-StateMachineUpdater: set stopIndex = 4
2022-06-27 16:56:05,685 [e3b02d69-2174-44c4-baa7-18bae5c8063e@group-2AF9492EFBFF-FollowerState] INFO  impl.FollowerState (FollowerState.java:run(152)) - e3b02d69-2174-44c4-baa7-18bae5c8063e@group-2AF9492EFBFF-FollowerState was interrupted
2022-06-27 16:56:05,695 [e3b02d69-2174-44c4-baa7-18bae5c8063e@group-2AF9492EFBFF-StateMachineUpdater] INFO  ratis.ContainerStateMachine (ContainerStateMachine.java:takeSnapshot(304)) - group-2AF9492EFBFF: Taking a snapshot at:(t:2, i:4) file /home/runner/work/ozone/ozone/hadoop-ozone/integration-test/target/test-dir/MiniOzoneClusterImpl-d171279b-4677-4c73-a7d6-55d9627e9d51/datanode-0/data/ratis/b89a4c6b-e107-4741-ac45-2af9492efbff/sm/snapshot.2_4
2022-06-27 16:56:05,696 [e3b02d69-2174-44c4-baa7-18bae5c8063e@group-2AF9492EFBFF-StateMachineUpdater] INFO  ratis.ContainerStateMachine (ContainerStateMachine.java:takeSnapshot(315)) - group-2AF9492EFBFF: Finished taking a snapshot at:(t:2, i:4) file:/home/runner/work/ozone/ozone/hadoop-ozone/integration-test/target/test-dir/MiniOzoneClusterImpl-d171279b-4677-4c73-a7d6-55d9627e9d51/datanode-0/data/ratis/b89a4c6b-e107-4741-ac45-2af9492efbff/sm/snapshot.2_4 took: 1 ms
2022-06-27 16:56:05,696 [e3b02d69-2174-44c4-baa7-18bae5c8063e@group-2AF9492EFBFF-StateMachineUpdater] INFO  impl.StateMachineUpdater (StateMachineUpdater.java:takeSnapshot(287)) - e3b02d69-2174-44c4-baa7-18bae5c8063e@group-2AF9492EFBFF-StateMachineUpdater: Took a snapshot at index 4
2022-06-27 16:56:05,697 [e3b02d69-2174-44c4-baa7-18bae5c8063e@group-2AF9492EFBFF-StateMachineUpdater] INFO  impl.StateMachineUpdater (StateMachineUpdater.java:lambda$new$0(92)) - e3b02d69-2174-44c4-baa7-18bae5c8063e@group-2AF9492EFBFF-StateMachineUpdater: snapshotIndex: updateIncreasingly -1 -> 4
2022-06-27 16:56:05,697 [ForkJoinPool.commonPool-worker-1] INFO  server.RaftServer$Division (ServerState.java:close(429)) - e3b02d69-2174-44c4-baa7-18bae5c8063e@group-2AF9492EFBFF: closes. applyIndex: 4
2022-06-27 16:56:05,697 [e3b02d69-2174-44c4-baa7-18bae5c8063e@group-2AF9492EFBFF-SegmentedRaftLogWorker] INFO  segmented.SegmentedRaftLogWorker (SegmentedRaftLogWorker.java:run(336)) - e3b02d69-2174-44c4-baa7-18bae5c8063e@group-2AF9492EFBFF-SegmentedRaftLogWorker was interrupted, exiting. There are 0 tasks remaining in the queue.
2022-06-27 16:56:05,698 [ForkJoinPool.commonPool-worker-1] INFO  segmented.SegmentedRaftLogWorker (SegmentedRaftLogWorker.java:close(246)) - e3b02d69-2174-44c4-baa7-18bae5c8063e@group-2AF9492EFBFF-SegmentedRaftLogWorker close()
2022-06-27 16:56:05,709 [ForkJoinPool.commonPool-worker-1] INFO  server.GrpcService (GrpcService.java:closeImpl(269)) - e3b02d69-2174-44c4-baa7-18bae5c8063e: shutdown server with port 34863 now
2022-06-27 16:56:05,710 [grpc-default-executor-2] WARN  server.GrpcClientProtocolService (LogUtils.java:warn(122)) - 1-UnorderedRequestStreamObserver1: onError: org.apache.ratis.thirdparty.io.grpc.StatusRuntimeException: CANCELLED: client cancelled
2022-06-27 16:56:05,717 [ForkJoinPool.commonPool-worker-1] INFO  server.GrpcService (GrpcService.java:closeImpl(278)) - e3b02d69-2174-44c4-baa7-18bae5c8063e: shutdown server with port 34863 successfully
2022-06-27 16:56:05,717 [org.apache.ratis.util.JvmPauseMonitor$$Lambda$611/5070432@5d989874] INFO  util.JvmPauseMonitor (JvmPauseMonitor.java:run(109)) - JvmPauseMonitor-e3b02d69-2174-44c4-baa7-18bae5c8063e: Stopped
2022-06-27 16:56:07,729 [Listener at 127.0.0.1/39955] INFO  utils.BackgroundService (BackgroundService.java:shutdown(132)) - Shutting down service BlockDeletingService
2022-06-27 16:56:07,757 [ForkJoinPool.commonPool-worker-1] INFO  utils.BackgroundService (BackgroundService.java:shutdown(132)) - Shutting down service BlockDeletingService
2022-06-27 16:56:10,736 [Listener at 127.0.0.1/39955] INFO  statemachine.DatanodeStateMachine (DatanodeStateMachine.java:stopDaemon(580)) - Ozone container server stopped.
2022-06-27 16:56:10,747 [Listener at 127.0.0.1/39955] INFO  handler.ContextHandler (ContextHandler.java:doStop(1153)) - Stopped o.e.j.w.WebAppContext@96dab72{hddsDatanode,/,null,STOPPED}{jar:file:/home/runner/.m2/repository/org/apache/ozone/hdds-container-service/1.3.0-SNAPSHOT/hdds-container-service-1.3.0-SNAPSHOT.jar!/webapps/hddsDatanode}
2022-06-27 16:56:10,755 [Listener at 127.0.0.1/39955] INFO  server.AbstractConnector (AbstractConnector.java:doStop(381)) - Stopped ServerConnector@21482b3f{HTTP/1.1, (http/1.1)}{0.0.0.0:0}
2022-06-27 16:56:10,755 [Listener at 127.0.0.1/39955] INFO  server.session (HouseKeeper.java:stopScavenging(149)) - node0 Stopped scavenging
2022-06-27 16:56:10,756 [Listener at 127.0.0.1/39955] INFO  handler.ContextHandler (ContextHandler.java:doStop(1153)) - Stopped o.e.j.s.ServletContextHandler@73de872d{static,/static,jar:file:/home/runner/.m2/repository/org/apache/ozone/hdds-container-service/1.3.0-SNAPSHOT/hdds-container-service-1.3.0-SNAPSHOT.jar!/webapps/static,STOPPED}
2022-06-27 16:56:10,756 [Listener at 127.0.0.1/39955] INFO  handler.ContextHandler (ContextHandler.java:doStop(1153)) - Stopped o.e.j.s.ServletContextHandler@596efec0{logs,/logs,file:///home/runner/work/ozone/ozone/hadoop-ozone/integration-test/target/log,STOPPED}
2022-06-27 16:56:10,759 [ForkJoinPool.commonPool-worker-1] INFO  statemachine.DatanodeStateMachine (DatanodeStateMachine.java:stopDaemon(580)) - Ozone container server stopped.
2022-06-27 16:56:10,797 [ForkJoinPool.commonPool-worker-1] INFO  handler.ContextHandler (ContextHandler.java:doStop(1153)) - Stopped o.e.j.w.WebAppContext@76a79d92{hddsDatanode,/,null,STOPPED}{jar:file:/home/runner/.m2/repository/org/apache/ozone/hdds-container-service/1.3.0-SNAPSHOT/hdds-container-service-1.3.0-SNAPSHOT.jar!/webapps/hddsDatanode}
2022-06-27 16:56:10,799 [ForkJoinPool.commonPool-worker-1] INFO  server.AbstractConnector (AbstractConnector.java:doStop(381)) - Stopped ServerConnector@51ed4c3f{HTTP/1.1, (http/1.1)}{0.0.0.0:0}
2022-06-27 16:56:10,799 [ForkJoinPool.commonPool-worker-1] INFO  server.session (HouseKeeper.java:stopScavenging(149)) - node0 Stopped scavenging
2022-06-27 16:56:10,800 [ForkJoinPool.commonPool-worker-1] INFO  handler.ContextHandler (ContextHandler.java:doStop(1153)) - Stopped o.e.j.s.ServletContextHandler@6e77d9e6{static,/static,jar:file:/home/runner/.m2/repository/org/apache/ozone/hdds-container-service/1.3.0-SNAPSHOT/hdds-container-service-1.3.0-SNAPSHOT.jar!/webapps/static,STOPPED}
2022-06-27 16:56:10,800 [ForkJoinPool.commonPool-worker-1] INFO  handler.ContextHandler (ContextHandler.java:doStop(1153)) - Stopped o.e.j.s.ServletContextHandler@7b1dca6c{logs,/logs,file:///home/runner/work/ozone/ozone/hadoop-ozone/integration-test/target/log,STOPPED}
2022-06-27 16:56:15,798 [Listener at 127.0.0.1/39955] INFO  ozoneimpl.OzoneContainer (OzoneContainer.java:stop(365)) - Attempting to stop container services.
2022-06-27 16:56:15,799 [Listener at 127.0.0.1/39955] INFO  server.RaftServer (RaftServerProxy.java:lambda$close$7(398)) - b12315fd-d627-47ef-b7c0-caf98a3d616b: close
2022-06-27 16:56:15,799 [Listener at 127.0.0.1/39955] INFO  server.RaftServer$Division (RaftServerImpl.java:lambda$close$4(434)) - b12315fd-d627-47ef-b7c0-caf98a3d616b@group-772DE68F4364: shutdown
2022-06-27 16:56:15,799 [Listener at 127.0.0.1/39955] INFO  util.JmxRegister (JmxRegister.java:unregister(73)) - Successfully un-registered JMX Bean with object name Ratis:service=RaftServer,group=group-772DE68F4364,id=b12315fd-d627-47ef-b7c0-caf98a3d616b
2022-06-27 16:56:15,799 [Listener at 127.0.0.1/39955] INFO  impl.RoleInfo (RoleInfo.java:shutdownLeaderState(93)) - b12315fd-d627-47ef-b7c0-caf98a3d616b: shutdown b12315fd-d627-47ef-b7c0-caf98a3d616b@group-772DE68F4364-LeaderStateImpl
2022-06-27 16:56:15,799 [Listener at 127.0.0.1/39955] INFO  impl.PendingRequests (PendingRequests.java:sendNotLeaderResponses(282)) - b12315fd-d627-47ef-b7c0-caf98a3d616b@group-772DE68F4364-PendingRequests: sendNotLeaderResponses
2022-06-27 16:56:15,800 [Listener at 127.0.0.1/39955] INFO  impl.StateMachineUpdater (StateMachineUpdater.java:stopAndJoin(153)) - b12315fd-d627-47ef-b7c0-caf98a3d616b@group-772DE68F4364-StateMachineUpdater: set stopIndex = 0
2022-06-27 16:56:15,800 [b12315fd-d627-47ef-b7c0-caf98a3d616b@group-772DE68F4364-StateMachineUpdater] INFO  ratis.ContainerStateMachine (ContainerStateMachine.java:takeSnapshot(304)) - group-772DE68F4364: Taking a snapshot at:(t:1, i:0) file /home/runner/work/ozone/ozone/hadoop-ozone/integration-test/target/test-dir/MiniOzoneClusterImpl-d171279b-4677-4c73-a7d6-55d9627e9d51/datanode-3/data/ratis/23b32300-9849-4bb8-86fa-772de68f4364/sm/snapshot.1_0
2022-06-27 16:56:15,804 [b12315fd-d627-47ef-b7c0-caf98a3d616b@group-772DE68F4364-StateMachineUpdater] INFO  ratis.ContainerStateMachine (ContainerStateMachine.java:takeSnapshot(315)) - group-772DE68F4364: Finished taking a snapshot at:(t:1, i:0) file:/home/runner/work/ozone/ozone/hadoop-ozone/integration-test/target/test-dir/MiniOzoneClusterImpl-d171279b-4677-4c73-a7d6-55d9627e9d51/datanode-3/data/ratis/23b32300-9849-4bb8-86fa-772de68f4364/sm/snapshot.1_0 took: 4 ms
2022-06-27 16:56:15,805 [b12315fd-d627-47ef-b7c0-caf98a3d616b@group-772DE68F4364-StateMachineUpdater] INFO  impl.StateMachineUpdater (StateMachineUpdater.java:takeSnapshot(287)) - b12315fd-d627-47ef-b7c0-caf98a3d616b@group-772DE68F4364-StateMachineUpdater: Took a snapshot at index 0
2022-06-27 16:56:15,805 [b12315fd-d627-47ef-b7c0-caf98a3d616b@group-772DE68F4364-StateMachineUpdater] INFO  impl.StateMachineUpdater (StateMachineUpdater.java:lambda$new$0(92)) - b12315fd-d627-47ef-b7c0-caf98a3d616b@group-772DE68F4364-StateMachineUpdater: snapshotIndex: updateIncreasingly -1 -> 0
2022-06-27 16:56:15,805 [Listener at 127.0.0.1/39955] INFO  server.RaftServer$Division (ServerState.java:close(429)) - b12315fd-d627-47ef-b7c0-caf98a3d616b@group-772DE68F4364: closes. applyIndex: 0
2022-06-27 16:56:15,805 [b12315fd-d627-47ef-b7c0-caf98a3d616b@group-772DE68F4364-SegmentedRaftLogWorker] INFO  segmented.SegmentedRaftLogWorker (SegmentedRaftLogWorker.java:run(336)) - b12315fd-d627-47ef-b7c0-caf98a3d616b@group-772DE68F4364-SegmentedRaftLogWorker was interrupted, exiting. There are 0 tasks remaining in the queue.
2022-06-27 16:56:15,805 [Listener at 127.0.0.1/39955] INFO  segmented.SegmentedRaftLogWorker (SegmentedRaftLogWorker.java:close(246)) - b12315fd-d627-47ef-b7c0-caf98a3d616b@group-772DE68F4364-SegmentedRaftLogWorker close()
2022-06-27 16:56:15,806 [Listener at 127.0.0.1/39955] INFO  server.GrpcService (GrpcService.java:closeImpl(269)) - b12315fd-d627-47ef-b7c0-caf98a3d616b: shutdown server with port 44783 now
2022-06-27 16:56:15,807 [Listener at 127.0.0.1/39955] INFO  server.GrpcService (GrpcService.java:closeImpl(278)) - b12315fd-d627-47ef-b7c0-caf98a3d616b: shutdown server with port 44783 successfully
2022-06-27 16:56:15,807 [org.apache.ratis.util.JvmPauseMonitor$$Lambda$611/5070432@6864e1bc] INFO  util.JvmPauseMonitor (JvmPauseMonitor.java:run(109)) - JvmPauseMonitor-b12315fd-d627-47ef-b7c0-caf98a3d616b: Stopped
2022-06-27 16:56:17,818 [Listener at 127.0.0.1/39955] INFO  utils.BackgroundService (BackgroundService.java:shutdown(132)) - Shutting down service BlockDeletingService
2022-06-27 16:56:20,826 [Listener at 127.0.0.1/39955] INFO  statemachine.DatanodeStateMachine (DatanodeStateMachine.java:stopDaemon(580)) - Ozone container server stopped.
2022-06-27 16:56:20,834 [Listener at 127.0.0.1/39955] INFO  handler.ContextHandler (ContextHandler.java:doStop(1153)) - Stopped o.e.j.w.WebAppContext@158c9da0{hddsDatanode,/,null,STOPPED}{jar:file:/home/runner/.m2/repository/org/apache/ozone/hdds-container-service/1.3.0-SNAPSHOT/hdds-container-service-1.3.0-SNAPSHOT.jar!/webapps/hddsDatanode}
2022-06-27 16:56:20,837 [Listener at 127.0.0.1/39955] INFO  server.AbstractConnector (AbstractConnector.java:doStop(381)) - Stopped ServerConnector@251c5444{HTTP/1.1, (http/1.1)}{0.0.0.0:0}
2022-06-27 16:56:20,837 [Listener at 127.0.0.1/39955] INFO  server.session (HouseKeeper.java:stopScavenging(149)) - node0 Stopped scavenging
2022-06-27 16:56:20,837 [Listener at 127.0.0.1/39955] INFO  handler.ContextHandler (ContextHandler.java:doStop(1153)) - Stopped o.e.j.s.ServletContextHandler@3e4bca9{static,/static,jar:file:/home/runner/.m2/repository/org/apache/ozone/hdds-container-service/1.3.0-SNAPSHOT/hdds-container-service-1.3.0-SNAPSHOT.jar!/webapps/static,STOPPED}
2022-06-27 16:56:20,837 [Listener at 127.0.0.1/39955] INFO  handler.ContextHandler (ContextHandler.java:doStop(1153)) - Stopped o.e.j.s.ServletContextHandler@34e7b058{logs,/logs,file:///home/runner/work/ozone/ozone/hadoop-ozone/integration-test/target/log,STOPPED}
2022-06-27 16:56:20,838 [Listener at 127.0.0.1/39955] INFO  ozone.MiniOzoneClusterImpl (MiniOzoneClusterImpl.java:stopSCM(549)) - Stopping the StorageContainerManager
2022-06-27 16:56:20,839 [Listener at 127.0.0.1/39955] INFO  server.StorageContainerManager (StorageContainerManager.java:stop(1514)) - Container Balancer is not running.
2022-06-27 16:56:20,839 [Listener at 127.0.0.1/39955] INFO  server.StorageContainerManager (StorageContainerManager.java:stop(1521)) - Stopping Replication Manager Service.
2022-06-27 16:56:20,839 [Listener at 127.0.0.1/39955] INFO  replication.ReplicationManager (ReplicationManager.java:stop(208)) - Stopping Replication Monitor Thread.
2022-06-27 16:56:20,839 [Listener at 127.0.0.1/39955] INFO  server.StorageContainerManager (StorageContainerManager.java:stop(1528)) - Stopping the Datanode Admin Monitor.
2022-06-27 16:56:20,839 [ReplicationMonitor] INFO  replication.ReplicationManager (ReplicationManager.java:run(318)) - Replication Monitor Thread is stopped
2022-06-27 16:56:20,840 [Listener at 127.0.0.1/39955] INFO  server.StorageContainerManager (StorageContainerManager.java:stop(1535)) - Stopping Lease Manager of the command watchers
2022-06-27 16:56:20,840 [Listener at 127.0.0.1/39955] INFO  server.StorageContainerManager (StorageContainerManager.java:stop(1542)) - Stopping datanode service RPC server
2022-06-27 16:56:20,840 [Listener at 127.0.0.1/39955] INFO  server.SCMDatanodeProtocolServer (SCMDatanodeProtocolServer.java:stop(408)) - Stopping the RPC server for DataNodes
2022-06-27 16:56:20,840 [Listener at 127.0.0.1/39955] INFO  ipc.Server (Server.java:stop(3414)) - Stopping server on 33583
2022-06-27 16:56:20,843 [IPC Server listener on 0] INFO  ipc.Server (Server.java:run(1376)) - Stopping IPC Server listener on 0
2022-06-27 16:56:20,854 [IPC Server Responder] INFO  ipc.Server (Server.java:run(1512)) - Stopping IPC Server Responder
2022-06-27 16:56:20,879 [SCM Heartbeat Processing Thread - 0] WARN  node.NodeStateManager (NodeStateManager.java:scheduleNextHealthCheck(870)) - Current Thread is interrupted, shutting down HB processing thread for Node Manager.
2022-06-27 16:56:20,880 [Listener at 127.0.0.1/39955] INFO  server.StorageContainerManager (StorageContainerManager.java:stop(1550)) - Stopping block service RPC server
2022-06-27 16:56:20,880 [Listener at 127.0.0.1/39955] INFO  server.SCMBlockProtocolServer (SCMBlockProtocolServer.java:stop(160)) - Stopping the RPC server for Block Protocol
2022-06-27 16:56:20,880 [Listener at 127.0.0.1/39955] INFO  ipc.Server (Server.java:stop(3414)) - Stopping server on 40199
2022-06-27 16:56:20,883 [IPC Server listener on 0] INFO  ipc.Server (Server.java:run(1376)) - Stopping IPC Server listener on 0
2022-06-27 16:56:20,902 [Listener at 127.0.0.1/39955] INFO  server.StorageContainerManager (StorageContainerManager.java:stop(1557)) - Stopping the StorageContainerLocationProtocol RPC server
2022-06-27 16:56:20,902 [Listener at 127.0.0.1/39955] INFO  server.SCMClientProtocolServer (SCMClientProtocolServer.java:stop(178)) - Stopping the RPC server for Client Protocol
2022-06-27 16:56:20,902 [Listener at 127.0.0.1/39955] INFO  ipc.Server (Server.java:stop(3414)) - Stopping server on 44331
2022-06-27 16:56:20,904 [IPC Server listener on 0] INFO  ipc.Server (Server.java:run(1376)) - Stopping IPC Server listener on 0
2022-06-27 16:56:20,913 [Listener at 127.0.0.1/39955] INFO  server.StorageContainerManager (StorageContainerManager.java:stop(1564)) - Stopping Storage Container Manager HTTP server.
2022-06-27 16:56:20,914 [Listener at 127.0.0.1/39955] INFO  handler.ContextHandler (ContextHandler.java:doStop(1153)) - Stopped o.e.j.w.WebAppContext@14a19efe{scm,/,null,STOPPED}{file:/home/runner/work/ozone/ozone/hadoop-ozone/integration-test/target/test-classes/webapps/scm}
2022-06-27 16:56:20,917 [IPC Server Responder] INFO  ipc.Server (Server.java:run(1512)) - Stopping IPC Server Responder
2022-06-27 16:56:20,917 [Listener at 127.0.0.1/39955] INFO  server.AbstractConnector (AbstractConnector.java:doStop(381)) - Stopped ServerConnector@d1f452a{HTTP/1.1, (http/1.1)}{0.0.0.0:0}
2022-06-27 16:56:20,917 [Listener at 127.0.0.1/39955] INFO  server.session (HouseKeeper.java:stopScavenging(149)) - node0 Stopped scavenging
2022-06-27 16:56:20,918 [Listener at 127.0.0.1/39955] INFO  handler.ContextHandler (ContextHandler.java:doStop(1153)) - Stopped o.e.j.s.ServletContextHandler@d024531{static,/static,file:///home/runner/work/ozone/ozone/hadoop-ozone/integration-test/target/test-classes/webapps/static,STOPPED}
2022-06-27 16:56:20,918 [Listener at 127.0.0.1/39955] INFO  handler.ContextHandler (ContextHandler.java:doStop(1153)) - Stopped o.e.j.s.ServletContextHandler@6673ec27{logs,/logs,file:///home/runner/work/ozone/ozone/hadoop-ozone/integration-test/target/log,STOPPED}
2022-06-27 16:56:20,919 [Listener at 127.0.0.1/39955] INFO  server.StorageContainerManager (StorageContainerManager.java:stop(1575)) - Stopping Block Manager Service.
2022-06-27 16:56:20,919 [Listener at 127.0.0.1/39955] INFO  utils.BackgroundService (BackgroundService.java:shutdown(132)) - Shutting down service SCMBlockDeletingService
2022-06-27 16:56:20,919 [Listener at 127.0.0.1/39955] INFO  utils.BackgroundService (BackgroundService.java:shutdown(132)) - Shutting down service SCMBlockDeletingService
2022-06-27 16:56:20,919 [Listener at 127.0.0.1/39955] INFO  server.StorageContainerManager (StorageContainerManager.java:stop(1602)) - Stopping SCM Event Queue.
2022-06-27 16:56:20,920 [IPC Server Responder] INFO  ipc.Server (Server.java:run(1512)) - Stopping IPC Server Responder
2022-06-27 16:56:20,922 [Listener at 127.0.0.1/39955] INFO  server.StorageContainerManager (StorageContainerManager.java:stop(1613)) - Stopping SCM HA services.
2022-06-27 16:56:20,924 [Listener at 127.0.0.1/39955] INFO  pipeline.BackgroundPipelineCreator (BackgroundPipelineCreator.java:stop(152)) - Stopping RatisPipelineUtilsThread.
2022-06-27 16:56:20,924 [RatisPipelineUtilsThread - 0] WARN  pipeline.BackgroundPipelineCreator (BackgroundPipelineCreator.java:run(179)) - RatisPipelineUtilsThread is interrupted.
2022-06-27 16:56:20,925 [Listener at 127.0.0.1/39955] INFO  BackgroundPipelineScrubber (BackgroundSCMService.java:stop(126)) - Stopping BackgroundPipelineScrubber Service.
2022-06-27 16:56:20,925 [BackgroundPipelineScrubberThread] WARN  BackgroundPipelineScrubber (BackgroundSCMService.java:run(110)) - BackgroundPipelineScrubber is interrupted, exit
2022-06-27 16:56:20,925 [Listener at 127.0.0.1/39955] INFO  server.StorageContainerManager (StorageContainerManager.java:stop(1623)) - Stopping SCM MetadataStore.
2022-06-27 16:56:20,928 [Listener at 127.0.0.1/39955] INFO  impl.MetricsSystemImpl (MetricsSystemImpl.java:stop(210)) - Stopping HddsDatanode metrics system...
2022-06-27 16:56:20,985 [prometheus] INFO  impl.MetricsSinkAdapter (MetricsSinkAdapter.java:publishMetricsFromQueue(141)) - prometheus thread interrupted.
2022-06-27 16:56:20,989 [Listener at 127.0.0.1/39955] INFO  impl.MetricsSystemImpl (MetricsSystemImpl.java:stop(216)) - HddsDatanode metrics system stopped.
2022-06-27 16:56:21,109 [Listener at 127.0.0.1/39955] WARN  server.ServerUtils (ServerUtils.java:getScmDbDir(148)) - ozone.scm.db.dirs is not configured. We recommend adding this setting. Falling back to ozone.metadata.dirs instead.
2022-06-27 16:56:21,114 [Listener at 127.0.0.1/39955] WARN  server.ServerUtils (ServerUtils.java:getScmDbDir(148)) - ozone.scm.db.dirs is not configured. We recommend adding this setting. Falling back to ozone.metadata.dirs instead.
2022-06-27 16:56:21,114 [Listener at 127.0.0.1/39955] INFO  ha.SCMHANodeDetails (SCMHANodeDetails.java:loadSCMHAConfig(209)) - ServiceID for StorageContainerManager is null
2022-06-27 16:56:21,114 [Listener at 127.0.0.1/39955] INFO  ha.SCMHANodeDetails (SCMHANodeDetails.java:loadSCMHAConfig(214)) - ozone.scm.default.service.id is not defined, falling back to ozone.scm.service.ids to find serviceID for StorageContainerManager if it is HA enabled cluster
2022-06-27 16:56:21,115 [Listener at 127.0.0.1/39955] WARN  utils.HAUtils (HAUtils.java:getMetaDir(342)) - ozone.scm.db.dirs is not configured. We recommend adding this setting. Falling back to ozone.metadata.dirs instead.
2022-06-27 16:56:21,116 [Listener at 127.0.0.1/39955] WARN  db.DBStoreBuilder (DBStoreBuilder.java:applyDBDefinition(145)) - ozone.scm.db.dirs is not configured. We recommend adding this setting. Falling back to ozone.metadata.dirs instead.
2022-06-27 16:56:21,243 [Listener at 127.0.0.1/39955] INFO  net.NodeSchemaLoader (NodeSchemaLoader.java:loadSchemaFromFile(129)) - Loading schema from [jar:file:/home/runner/.m2/repository/org/apache/ozone/hdds-common/1.3.0-SNAPSHOT/hdds-common-1.3.0-SNAPSHOT.jar!/network-topology-default.xml]
2022-06-27 16:56:21,243 [Listener at 127.0.0.1/39955] INFO  net.NodeSchemaLoader (NodeSchemaLoader.java:loadSchema(176)) - Loading network topology layer schema file
2022-06-27 16:56:21,245 [Listener at 127.0.0.1/39955] INFO  upgrade.AbstractLayoutVersionManager (AbstractLayoutVersionManager.java:init(82)) - Initializing Layout version manager with metadata layout = DATANODE_SCHEMA_V3 (version = 4), software layout = DATANODE_SCHEMA_V3 (version = 4)
2022-06-27 16:56:21,285 [Listener at 127.0.0.1/39955] INFO  reflections.Reflections (Reflections.java:scan(232)) - Reflections took 39 ms to scan 7 urls, producing 131 keys and 316 values 
2022-06-27 16:56:21,287 [Listener at 127.0.0.1/39955] INFO  ha.SequenceIdGenerator (SequenceIdGenerator.java:upgradeToSequenceId(347)) - upgrade localId to 109611004723200000
2022-06-27 16:56:21,287 [Listener at 127.0.0.1/39955] INFO  ha.SequenceIdGenerator (SequenceIdGenerator.java:upgradeToSequenceId(357)) - upgrade delTxnId to 0
2022-06-27 16:56:21,287 [Listener at 127.0.0.1/39955] INFO  ha.SequenceIdGenerator (SequenceIdGenerator.java:upgradeToSequenceId(374)) - upgrade containerId to 0
2022-06-27 16:56:21,287 [Listener at 127.0.0.1/39955] INFO  ha.SequenceIdGenerator (SequenceIdGenerator.java:<init>(218)) - Init the HA SequenceIdGenerator.
2022-06-27 16:56:21,288 [Listener at 127.0.0.1/39955] WARN  server.ServerUtils (ServerUtils.java:sanitizeUserArgs(73)) - ozone.scm.stale.node.interval value = 300000 is larger than max = 100000 based on the key value of ozone.scm.heartbeat.thread.interval, reset to the max value 100000.
2022-06-27 16:56:21,288 [Listener at 127.0.0.1/39955] WARN  server.ServerUtils (ServerUtils.java:sanitizeUserArgs(73)) - ozone.scm.stale.node.interval value = 300000 is larger than max = 100000 based on the key value of ozone.scm.heartbeat.thread.interval, reset to the max value 100000.
2022-06-27 16:56:21,288 [Listener at 127.0.0.1/39955] INFO  node.SCMNodeManager (SCMNodeManager.java:<init>(149)) - Entering startup safe mode.
2022-06-27 16:56:21,288 [Listener at 127.0.0.1/39955] INFO  algorithms.ContainerPlacementPolicyFactory (ContainerPlacementPolicyFactory.java:getPolicyInternal(86)) - Create container placement policy of type org.apache.hadoop.hdds.scm.container.placement.algorithms.SCMContainerPlacementRandom
2022-06-27 16:56:21,289 [Listener at 127.0.0.1/39955] INFO  pipeline.PipelineStateManagerImpl (PipelineStateManagerImpl.java:initialize(78)) - No pipeline exists in current db
2022-06-27 16:56:21,289 [Listener at 127.0.0.1/39955] INFO  algorithms.LeaderChoosePolicyFactory (LeaderChoosePolicyFactory.java:getPolicy(57)) - Create leader choose policy of type org.apache.hadoop.hdds.scm.pipeline.leader.choose.algorithms.MinLeaderCountChoosePolicy
2022-06-27 16:56:21,289 [Listener at 127.0.0.1/39955] INFO  algorithms.ContainerPlacementPolicyFactory (ContainerPlacementPolicyFactory.java:getPolicyInternal(86)) - Create container placement policy of type org.apache.hadoop.hdds.scm.container.placement.algorithms.SCMContainerPlacementRackScatter
2022-06-27 16:56:21,289 [Listener at 127.0.0.1/39955] INFO  pipeline.BackgroundPipelineCreator (BackgroundPipelineCreator.java:start(127)) - Starting RatisPipelineUtilsThread.
2022-06-27 16:56:21,289 [Listener at 127.0.0.1/39955] INFO  BackgroundPipelineScrubber (BackgroundSCMService.java:start(68)) - Starting BackgroundPipelineScrubber Service.
2022-06-27 16:56:21,290 [Listener at 127.0.0.1/39955] INFO  ha.SCMServiceManager (SCMServiceManager.java:register(42)) - Registering service BackgroundPipelineCreator.
2022-06-27 16:56:21,290 [Listener at 127.0.0.1/39955] INFO  ha.SCMServiceManager (SCMServiceManager.java:register(42)) - Registering service BackgroundPipelineScrubber.
2022-06-27 16:56:21,290 [Listener at 127.0.0.1/39955] INFO  ExpiredContainerReplicaOpScrubber (BackgroundSCMService.java:start(68)) - Starting ExpiredContainerReplicaOpScrubber Service.
2022-06-27 16:56:21,290 [Listener at 127.0.0.1/39955] INFO  ha.SCMServiceManager (SCMServiceManager.java:register(42)) - Registering service ExpiredContainerReplicaOpScrubber.
2022-06-27 16:56:21,291 [Listener at 127.0.0.1/39955] INFO  algorithms.PipelineChoosePolicyFactory (PipelineChoosePolicyFactory.java:createPipelineChoosePolicyFromClass(73)) - Create pipeline choose policy of type org.apache.hadoop.hdds.scm.pipeline.choose.algorithms.RandomPipelineChoosePolicy
2022-06-27 16:56:21,291 [Listener at 127.0.0.1/39955] INFO  ha.SCMServiceManager (SCMServiceManager.java:register(42)) - Registering service SCMBlockDeletingService.
2022-06-27 16:56:21,291 [Listener at 127.0.0.1/39955] INFO  replication.ReplicationManager (ReplicationManager.java:start(175)) - Starting Replication Monitor Thread.
2022-06-27 16:56:21,292 [Listener at 127.0.0.1/39955] INFO  ha.SCMServiceManager (SCMServiceManager.java:register(42)) - Registering service ReplicationManager.
2022-06-27 16:56:21,292 [Listener at 127.0.0.1/39955] INFO  safemode.ContainerSafeModeRule (ContainerSafeModeRule.java:<init>(89)) - containers with one replica threshold count 0
2022-06-27 16:56:21,292 [Listener at 127.0.0.1/39955] INFO  safemode.HealthyPipelineSafeModeRule (HealthyPipelineSafeModeRule.java:initializeRule(156)) - Total pipeline count is 0, healthy pipeline threshold count is 1
2022-06-27 16:56:21,293 [Listener at 127.0.0.1/39955] INFO  safemode.OneReplicaPipelineSafeModeRule (OneReplicaPipelineSafeModeRule.java:initializeRule(180)) - Total pipeline count is 0, pipeline's with at least one datanode reported threshold count is 0
2022-06-27 16:56:21,293 [Listener at 127.0.0.1/39955] INFO  ipc.CallQueueManager (CallQueueManager.java:<init>(90)) - Using callQueue: class java.util.concurrent.LinkedBlockingQueue, queueCapacity: 2000, scheduler: class org.apache.hadoop.ipc.DefaultRpcScheduler, ipcBackoff: false.
2022-06-27 16:56:21,294 [Socket Reader #1 for port 0] INFO  ipc.Server (Server.java:run(1265)) - Starting Socket Reader #1 for port 0
2022-06-27 16:56:21,297 [ReplicationMonitor] INFO  replication.ReplicationManager (ReplicationManager.java:processAll(224)) - Replication Manager is not ready to run until 3000ms after safemode exit
2022-06-27 16:56:21,309 [Listener at 0.0.0.0/33587] INFO  ipc.CallQueueManager (CallQueueManager.java:<init>(90)) - Using callQueue: class java.util.concurrent.LinkedBlockingQueue, queueCapacity: 2000, scheduler: class org.apache.hadoop.ipc.DefaultRpcScheduler, ipcBackoff: false.
2022-06-27 16:56:21,310 [Socket Reader #1 for port 0] INFO  ipc.Server (Server.java:run(1265)) - Starting Socket Reader #1 for port 0
2022-06-27 16:56:21,319 [Listener at 0.0.0.0/36261] INFO  ipc.CallQueueManager (CallQueueManager.java:<init>(90)) - Using callQueue: class java.util.concurrent.LinkedBlockingQueue, queueCapacity: 2000, scheduler: class org.apache.hadoop.ipc.DefaultRpcScheduler, ipcBackoff: false.
2022-06-27 16:56:21,320 [Socket Reader #1 for port 0] INFO  ipc.Server (Server.java:run(1265)) - Starting Socket Reader #1 for port 0
2022-06-27 16:56:21,353 [Listener at 0.0.0.0/34907] INFO  ha.SCMServiceManager (SCMServiceManager.java:register(42)) - Registering service ContainerBalancer.
2022-06-27 16:56:21,353 [Listener at 0.0.0.0/34907] INFO  server.StorageContainerManager (StorageContainerManager.java:<init>(401)) - 
Container Balancer status:
Key                            Value
Running                        false
Container Balancer Configuration values:
Key                                                Value
Threshold                                          10
Max Datanodes to Involve per Iteration(percent)    20
Max Size to Move per Iteration                     500GB
Max Size Entering Target per Iteration             26GB
Max Size Leaving Source per Iteration              26GB

2022-06-27 16:56:21,355 [Listener at 0.0.0.0/34907] WARN  events.EventQueue (EventQueue.java:fireEvent(216)) - No event handler registered for event TypedEvent{payloadType=SafeModeStatus, name='Safe mode status'}
2022-06-27 16:56:21,355 [Listener at 0.0.0.0/34907] INFO  ha.SCMContext (SCMContext.java:updateSafeModeStatus(228)) - Update SafeModeStatus from SafeModeStatus{safeModeStatus=true, preCheckPassed=false} to SafeModeStatus{safeModeStatus=true, preCheckPassed=false}.
2022-06-27 16:56:21,356 [Listener at 0.0.0.0/34907] INFO  server.StorageContainerManager (StorageContainerManager.java:start(1422)) - StorageContainerLocationProtocol RPC server is listening at /0.0.0.0:34907
2022-06-27 16:56:21,357 [Listener at 0.0.0.0/34907] WARN  impl.MetricsConfig (MetricsConfig.java:loadFirst(136)) - Cannot locate configuration: tried hadoop-metrics2-storagecontainermanager.properties,hadoop-metrics2.properties
2022-06-27 16:56:21,366 [Listener at 0.0.0.0/34907] INFO  impl.MetricsSystemImpl (MetricsSystemImpl.java:startTimer(378)) - Scheduled Metric snapshot period at 10 second(s).
2022-06-27 16:56:21,366 [Listener at 0.0.0.0/34907] INFO  impl.MetricsSystemImpl (MetricsSystemImpl.java:start(191)) - StorageContainerManager metrics system started
2022-06-27 16:56:21,466 [Listener at 0.0.0.0/34907] INFO  impl.MetricsSinkAdapter (MetricsSinkAdapter.java:start(204)) - Sink prometheus started
2022-06-27 16:56:21,466 [Listener at 0.0.0.0/34907] INFO  impl.MetricsSystemImpl (MetricsSystemImpl.java:registerSink(305)) - Registered sink prometheus
2022-06-27 16:56:21,489 [Listener at 0.0.0.0/34907] INFO  server.SCMClientProtocolServer (SCMClientProtocolServer.java:start(169)) - RPC server for Client  is listening at /0.0.0.0:34907
2022-06-27 16:56:21,497 [IPC Server Responder] INFO  ipc.Server (Server.java:run(1507)) - IPC Server Responder: starting
2022-06-27 16:56:21,505 [IPC Server listener on 0] INFO  ipc.Server (Server.java:run(1344)) - IPC Server listener on 0: starting
2022-06-27 16:56:21,527 [Listener at 0.0.0.0/34907] INFO  server.StorageContainerManager (StorageContainerManager.java:start(1437)) - ScmBlockLocationProtocol RPC server is listening at /0.0.0.0:36261
2022-06-27 16:56:21,527 [Listener at 0.0.0.0/34907] INFO  server.SCMBlockProtocolServer (SCMBlockProtocolServer.java:start(151)) - RPC server for Block Protocol is listening at /0.0.0.0:36261
2022-06-27 16:56:21,528 [IPC Server Responder] INFO  ipc.Server (Server.java:run(1507)) - IPC Server Responder: starting
2022-06-27 16:56:21,528 [IPC Server listener on 0] INFO  ipc.Server (Server.java:run(1344)) - IPC Server listener on 0: starting
2022-06-27 16:56:21,529 [Listener at 0.0.0.0/34907] INFO  server.SCMDatanodeProtocolServer (SCMDatanodeProtocolServer.java:start(185)) - ScmDatanodeProtocol RPC server for DataNodes is listening at /0.0.0.0:33587
2022-06-27 16:56:21,530 [IPC Server Responder] INFO  ipc.Server (Server.java:run(1507)) - IPC Server Responder: starting
2022-06-27 16:56:21,530 [IPC Server listener on 0] INFO  ipc.Server (Server.java:run(1344)) - IPC Server listener on 0: starting
2022-06-27 16:56:21,573 [Listener at 0.0.0.0/34907] INFO  http.BaseHttpServer (BaseHttpServer.java:newHttpServer2BuilderForOzone(209)) - Starting Web-server for scm at: http://0.0.0.0:0
2022-06-27 16:56:21,574 [Listener at 0.0.0.0/34907] INFO  http.BaseHttpServer (BaseHttpServer.java:<init>(107)) - Hadoop Security Enabled: false Ozone Security Enabled: false Ozone HTTP Security Enabled: false 
2022-06-27 16:56:21,575 [Listener at 0.0.0.0/34907] INFO  server.AuthenticationFilter (AuthenticationFilter.java:constructSecretProvider(240)) - Unable to initialize FileSignerSecretProvider, falling back to use random secrets.
2022-06-27 16:56:21,575 [org.apache.hadoop.util.JvmPauseMonitor$Monitor@22fd8e1e] INFO  util.JvmPauseMonitor (JvmPauseMonitor.java:run(188)) - Starting JVM pause monitor
2022-06-27 16:56:21,575 [Listener at 0.0.0.0/34907] WARN  http.HttpRequestLog (HttpRequestLog.java:getRequestLog(103)) - Jetty request log can only be enabled using Log4j
2022-06-27 16:56:21,577 [Listener at 0.0.0.0/34907] INFO  http.HttpServer2 (HttpServer2.java:addGlobalFilter(1029)) - Added global filter 'safety' (class=org.apache.hadoop.hdds.server.http.HttpServer2$QuotingInputFilter)
2022-06-27 16:56:21,577 [Listener at 0.0.0.0/34907] INFO  http.HttpServer2 (HttpServer2.java:addFilter(1005)) - Added filter static_user_filter (class=org.apache.hadoop.http.lib.StaticUserWebFilter$StaticUserFilter) to context scm
2022-06-27 16:56:21,577 [Listener at 0.0.0.0/34907] INFO  http.HttpServer2 (HttpServer2.java:addFilter(1013)) - Added filter static_user_filter (class=org.apache.hadoop.http.lib.StaticUserWebFilter$StaticUserFilter) to context logs
2022-06-27 16:56:21,577 [Listener at 0.0.0.0/34907] INFO  http.HttpServer2 (HttpServer2.java:addFilter(1013)) - Added filter static_user_filter (class=org.apache.hadoop.http.lib.StaticUserWebFilter$StaticUserFilter) to context static
2022-06-27 16:56:21,578 [Listener at 0.0.0.0/34907] INFO  http.HttpServer2 (HttpServer2.java:bindListener(1248)) - Jetty bound to port 40417
2022-06-27 16:56:21,578 [Listener at 0.0.0.0/34907] INFO  server.Server (Server.java:doStart(375)) - jetty-9.4.43.v20210629; built: 2021-06-30T11:07:22.254Z; git: 526006ecfa3af7f1a27ef3a288e2bef7ea9dd7e8; jvm 1.8.0_332-b09
2022-06-27 16:56:21,579 [Listener at 0.0.0.0/34907] INFO  server.session (DefaultSessionIdManager.java:doStart(334)) - DefaultSessionIdManager workerName=node0
2022-06-27 16:56:21,579 [Listener at 0.0.0.0/34907] INFO  server.session (DefaultSessionIdManager.java:doStart(339)) - No SessionScavenger set, using defaults
2022-06-27 16:56:21,579 [Listener at 0.0.0.0/34907] INFO  server.session (HouseKeeper.java:startScavenging(132)) - node0 Scavenging every 600000ms
2022-06-27 16:56:21,580 [Listener at 0.0.0.0/34907] INFO  handler.ContextHandler (ContextHandler.java:doStart(915)) - Started o.e.j.s.ServletContextHandler@129adcaf{logs,/logs,file:///home/runner/work/ozone/ozone/hadoop-ozone/integration-test/target/log,AVAILABLE}
2022-06-27 16:56:21,580 [Listener at 0.0.0.0/34907] INFO  handler.ContextHandler (ContextHandler.java:doStart(915)) - Started o.e.j.s.ServletContextHandler@7545be2{static,/static,file:///home/runner/work/ozone/ozone/hadoop-ozone/integration-test/target/test-classes/webapps/static,AVAILABLE}
2022-06-27 16:56:21,599 [Listener at 0.0.0.0/34907] INFO  handler.ContextHandler (ContextHandler.java:doStart(915)) - Started o.e.j.w.WebAppContext@58565994{scm,/,file:///home/runner/work/ozone/ozone/hadoop-ozone/integration-test/target/test-classes/webapps/scm/,AVAILABLE}{file:/home/runner/work/ozone/ozone/hadoop-ozone/integration-test/target/test-classes/webapps/scm}
2022-06-27 16:56:21,605 [Listener at 0.0.0.0/34907] INFO  server.AbstractConnector (AbstractConnector.java:doStart(331)) - Started ServerConnector@3a823f6c{HTTP/1.1, (http/1.1)}{0.0.0.0:40417}
2022-06-27 16:56:21,606 [Listener at 0.0.0.0/34907] INFO  server.Server (Server.java:doStart(415)) - Started @138500ms
2022-06-27 16:56:21,606 [Listener at 0.0.0.0/34907] WARN  impl.MetricsSystemImpl (MetricsSystemImpl.java:register(279)) - Sink prometheus already exists!
2022-06-27 16:56:21,609 [Listener at 0.0.0.0/34907] INFO  http.BaseHttpServer (BaseHttpServer.java:updateConnectorAddress(329)) - HTTP server of scm listening at http://0.0.0.0:40417
2022-06-27 16:56:21,609 [Listener at 0.0.0.0/34907] WARN  server.ServerUtils (ServerUtils.java:getDBPath(225)) - ozone.om.db.dirs is not configured. We recommend adding this setting. Falling back to ozone.metadata.dirs instead.
2022-06-27 16:56:21,615 [Listener at 0.0.0.0/34907] INFO  ha.OMHANodeDetails (OMHANodeDetails.java:loadOMHAConfig(115)) - ozone.om.internal.service.id is not defined, falling back to ozone.om.service.ids to find serviceID for OzoneManager if it is HA enabled cluster
2022-06-27 16:56:21,615 [Listener at 0.0.0.0/34907] INFO  ha.OMHANodeDetails (OMHANodeDetails.java:loadOMHAConfig(226)) - Configuration does not have ozone.om.address set. Falling back to the default OM address /127.0.0.1:0
2022-06-27 16:56:21,615 [Listener at 0.0.0.0/34907] INFO  ha.OMHANodeDetails (OMHANodeDetails.java:getOMNodeDetailsForNonHA(254)) - OM Service ID is not set. Setting it to the default ID: omServiceIdDefault
2022-06-27 16:56:21,615 [Listener at 0.0.0.0/34907] INFO  ha.OMHANodeDetails (OMHANodeDetails.java:getOMNodeDetailsForNonHA(261)) - OM Node ID is not set. Setting it to the default ID: om1
2022-06-27 16:56:21,616 [Listener at 0.0.0.0/34907] WARN  server.ServerUtils (ServerUtils.java:getDBPath(225)) - ozone.om.db.dirs is not configured. We recommend adding this setting. Falling back to ozone.metadata.dirs instead.
2022-06-27 16:56:21,616 [Listener at 0.0.0.0/34907] INFO  upgrade.AbstractLayoutVersionManager (AbstractLayoutVersionManager.java:init(82)) - Initializing Layout version manager with metadata layout = MULTITENANCY_SCHEMA (version = 3), software layout = MULTITENANCY_SCHEMA (version = 3)
2022-06-27 16:56:21,755 [Listener at 0.0.0.0/34907] INFO  reflections.Reflections (Reflections.java:scan(232)) - Reflections took 138 ms to scan 2 urls, producing 152 keys and 429 values [using 2 cores]
2022-06-27 16:56:21,755 [Listener at 0.0.0.0/34907] INFO  upgrade.OMLayoutVersionManager (OMLayoutVersionManager.java:lambda$0(115)) - Skipping Upgrade Action MockOmUpgradeAction since it has been finalized.
2022-06-27 16:56:21,755 [Listener at 0.0.0.0/34907] WARN  server.ServerUtils (ServerUtils.java:getDBPath(225)) - ozone.om.db.dirs is not configured. We recommend adding this setting. Falling back to ozone.metadata.dirs instead.
2022-06-27 16:56:21,756 [Listener at 0.0.0.0/34907] INFO  proxy.SCMBlockLocationFailoverProxyProvider (SCMBlockLocationFailoverProxyProvider.java:<init>(114)) - Created block location fail-over proxy with 1 nodes: [nodeId=scmNodeId,nodeAddress=/0.0.0.0:36261]
2022-06-27 16:56:21,757 [Listener at 0.0.0.0/34907] INFO  proxy.SCMBlockLocationFailoverProxyProvider (SCMBlockLocationFailoverProxyProvider.java:<init>(114)) - Created block location fail-over proxy with 1 nodes: [nodeId=scmNodeId,nodeAddress=/0.0.0.0:36261]
2022-06-27 16:56:21,763 [Listener at 0.0.0.0/34907] WARN  server.ServerUtils (ServerUtils.java:getDBPath(225)) - ozone.om.db.dirs is not configured. We recommend adding this setting. Falling back to ozone.metadata.dirs instead.
2022-06-27 16:56:21,764 [Listener at 0.0.0.0/34907] INFO  codec.OmKeyInfoCodec (OmKeyInfoCodec.java:<init>(49)) - OmKeyInfoCodec ignorePipeline = true
2022-06-27 16:56:21,764 [Listener at 0.0.0.0/34907] INFO  codec.RepeatedOmKeyInfoCodec (RepeatedOmKeyInfoCodec.java:<init>(41)) - RepeatedOmKeyInfoCodec ignorePipeline = true
2022-06-27 16:56:22,040 [Listener at 0.0.0.0/34907] INFO  om.OzoneManager (OzoneManager.java:instantiateServices(692)) - S3 Multi-Tenancy is disabled
2022-06-27 16:56:22,041 [Listener at 0.0.0.0/34907] INFO  om.OzoneManager (OzoneManager.java:addS3GVolumeToDB(4259)) - Created Volume s3v With Owner runner required for S3Gateway operations.
2022-06-27 16:56:22,050 [Listener at 0.0.0.0/34907] INFO  om.OzoneManager (OzoneManager.java:getRpcServer(1081)) - Creating RPC Server
2022-06-27 16:56:22,606 [Listener at 0.0.0.0/34907] INFO  reflections.Reflections (Reflections.java:scan(232)) - Reflections took 548 ms to scan 19 urls, producing 66 keys and 4075 values [using 2 cores]
2022-06-27 16:56:22,607 [Listener at 0.0.0.0/34907] INFO  ipc.CallQueueManager (CallQueueManager.java:<init>(90)) - Using callQueue: class java.util.concurrent.LinkedBlockingQueue, queueCapacity: 2000, scheduler: class org.apache.hadoop.ipc.DefaultRpcScheduler, ipcBackoff: false.
2022-06-27 16:56:22,611 [Socket Reader #1 for port 0] INFO  ipc.Server (Server.java:run(1265)) - Starting Socket Reader #1 for port 0
2022-06-27 16:56:22,641 [Listener at 127.0.0.1/40407] INFO  impl.MetricsSystemImpl (MetricsSystemImpl.java:init(158)) - OzoneManager metrics system started (again)
2022-06-27 16:56:22,653 [Listener at 127.0.0.1/40407] INFO  om.OzoneManager (OzoneManager.java:start(1465)) - OzoneManager RPC server is listening at localhost/127.0.0.1:40407
2022-06-27 16:56:22,653 [Listener at 127.0.0.1/40407] INFO  om.OzoneManager (OzoneManager.java:start(1481)) - Version File has different layout version (3) than OM DB (null). That is expected if this OM has never been finalized to a newer layout version.
2022-06-27 16:56:22,658 [Listener at 127.0.0.1/40407] INFO  http.BaseHttpServer (BaseHttpServer.java:newHttpServer2BuilderForOzone(209)) - Starting Web-server for ozoneManager at: http://0.0.0.0:0
2022-06-27 16:56:22,658 [Listener at 127.0.0.1/40407] INFO  http.BaseHttpServer (BaseHttpServer.java:<init>(107)) - Hadoop Security Enabled: false Ozone Security Enabled: false Ozone HTTP Security Enabled: false 
2022-06-27 16:56:22,659 [Listener at 127.0.0.1/40407] INFO  server.AuthenticationFilter (AuthenticationFilter.java:constructSecretProvider(240)) - Unable to initialize FileSignerSecretProvider, falling back to use random secrets.
2022-06-27 16:56:22,665 [Listener at 127.0.0.1/40407] WARN  http.HttpRequestLog (HttpRequestLog.java:getRequestLog(103)) - Jetty request log can only be enabled using Log4j
2022-06-27 16:56:22,666 [Listener at 127.0.0.1/40407] INFO  http.HttpServer2 (HttpServer2.java:addGlobalFilter(1029)) - Added global filter 'safety' (class=org.apache.hadoop.hdds.server.http.HttpServer2$QuotingInputFilter)
2022-06-27 16:56:22,667 [Listener at 127.0.0.1/40407] INFO  http.HttpServer2 (HttpServer2.java:addFilter(1005)) - Added filter static_user_filter (class=org.apache.hadoop.http.lib.StaticUserWebFilter$StaticUserFilter) to context ozoneManager
2022-06-27 16:56:22,667 [Listener at 127.0.0.1/40407] INFO  http.HttpServer2 (HttpServer2.java:addFilter(1013)) - Added filter static_user_filter (class=org.apache.hadoop.http.lib.StaticUserWebFilter$StaticUserFilter) to context logs
2022-06-27 16:56:22,667 [Listener at 127.0.0.1/40407] INFO  http.HttpServer2 (HttpServer2.java:addFilter(1013)) - Added filter static_user_filter (class=org.apache.hadoop.http.lib.StaticUserWebFilter$StaticUserFilter) to context static
2022-06-27 16:56:22,668 [Listener at 127.0.0.1/40407] INFO  http.HttpServer2 (HttpServer2.java:bindListener(1248)) - Jetty bound to port 44799
2022-06-27 16:56:22,668 [Listener at 127.0.0.1/40407] INFO  server.Server (Server.java:doStart(375)) - jetty-9.4.43.v20210629; built: 2021-06-30T11:07:22.254Z; git: 526006ecfa3af7f1a27ef3a288e2bef7ea9dd7e8; jvm 1.8.0_332-b09
2022-06-27 16:56:22,671 [Listener at 127.0.0.1/40407] INFO  server.session (DefaultSessionIdManager.java:doStart(334)) - DefaultSessionIdManager workerName=node0
2022-06-27 16:56:22,672 [Listener at 127.0.0.1/40407] INFO  server.session (DefaultSessionIdManager.java:doStart(339)) - No SessionScavenger set, using defaults
2022-06-27 16:56:22,672 [Listener at 127.0.0.1/40407] INFO  server.session (HouseKeeper.java:startScavenging(132)) - node0 Scavenging every 660000ms
2022-06-27 16:56:22,673 [Listener at 127.0.0.1/40407] INFO  handler.ContextHandler (ContextHandler.java:doStart(915)) - Started o.e.j.s.ServletContextHandler@2b3fe9e{logs,/logs,file:///home/runner/work/ozone/ozone/hadoop-ozone/integration-test/target/log,AVAILABLE}
2022-06-27 16:56:22,673 [Listener at 127.0.0.1/40407] INFO  handler.ContextHandler (ContextHandler.java:doStart(915)) - Started o.e.j.s.ServletContextHandler@587da660{static,/static,file:///home/runner/work/ozone/ozone/hadoop-ozone/integration-test/target/test-classes/webapps/static,AVAILABLE}
2022-06-27 16:56:22,686 [Listener at 127.0.0.1/40407] INFO  handler.ContextHandler (ContextHandler.java:doStart(915)) - Started o.e.j.w.WebAppContext@5b3c383f{ozoneManager,/,file:///home/runner/work/ozone/ozone/hadoop-ozone/integration-test/target/test-classes/webapps/ozoneManager/,AVAILABLE}{file:/home/runner/work/ozone/ozone/hadoop-ozone/integration-test/target/test-classes/webapps/ozoneManager}
2022-06-27 16:56:22,703 [Listener at 127.0.0.1/40407] INFO  server.AbstractConnector (AbstractConnector.java:doStart(331)) - Started ServerConnector@68899d90{HTTP/1.1, (http/1.1)}{0.0.0.0:44799}
2022-06-27 16:56:22,703 [Listener at 127.0.0.1/40407] INFO  server.Server (Server.java:doStart(415)) - Started @139597ms
2022-06-27 16:56:22,703 [Listener at 127.0.0.1/40407] WARN  impl.MetricsSystemImpl (MetricsSystemImpl.java:register(279)) - Sink prometheus already exists!
2022-06-27 16:56:22,704 [Listener at 127.0.0.1/40407] INFO  http.BaseHttpServer (BaseHttpServer.java:updateConnectorAddress(329)) - HTTP server of ozoneManager listening at http://0.0.0.0:44799
2022-06-27 16:56:22,705 [IPC Server Responder] INFO  ipc.Server (Server.java:run(1507)) - IPC Server Responder: starting
2022-06-27 16:56:22,705 [IPC Server listener on 0] INFO  ipc.Server (Server.java:run(1344)) - IPC Server listener on 0: starting
2022-06-27 16:56:22,718 [Listener at 127.0.0.1/40407] INFO  om.TrashPolicyOzone (TrashPolicyOzone.java:<init>(178)) - Ozone Manager trash configuration: Deletion interval = 0 minutes, Emptier interval = 0 minutes.
2022-06-27 16:56:22,749 [org.apache.hadoop.util.JvmPauseMonitor$Monitor@429c9245] INFO  util.JvmPauseMonitor (JvmPauseMonitor.java:run(188)) - Starting JVM pause monitor
2022-06-27 16:56:22,759 [Listener at 127.0.0.1/40407] INFO  impl.MetricsSystemImpl (MetricsSystemImpl.java:init(158)) - HddsDatanode metrics system started (again)
2022-06-27 16:56:22,773 [Listener at 127.0.0.1/40407] INFO  ozone.HddsDatanodeService (HddsDatanodeService.java:start(236)) - HddsDatanodeService host:fv-az215-30.fk02tkdpp51uda4i120yanydqb.bx.internal.cloudapp.net ip:10.1.0.22
2022-06-27 16:56:22,794 [Listener at 127.0.0.1/40407] INFO  upgrade.AbstractLayoutVersionManager (AbstractLayoutVersionManager.java:init(82)) - Initializing Layout version manager with metadata layout = DATANODE_SCHEMA_V3 (version = 4), software layout = DATANODE_SCHEMA_V3 (version = 4)
2022-06-27 16:56:22,831 [Listener at 127.0.0.1/40407] INFO  reflections.Reflections (Reflections.java:scan(232)) - Reflections took 36 ms to scan 7 urls, producing 131 keys and 316 values 
2022-06-27 16:56:22,833 [Listener at 127.0.0.1/40407] INFO  statemachine.DatanodeStateMachine (DatanodeStateMachine.java:getEndPointTaskThreadPoolSize(237)) - Datanode State Machine Task Thread Pool size 2
2022-06-27 16:56:22,834 [Listener at 127.0.0.1/40407] INFO  volume.HddsVolume (HddsVolume.java:<init>(116)) - Creating HddsVolume: /home/runner/work/ozone/ozone/hadoop-ozone/integration-test/target/test-dir/MiniOzoneClusterImpl-66908fe7-3497-48b2-847b-81db60c5ccf5/datanode-0/data-0/containers/hdds of storage type : DISK capacity : 9223372036854775807
2022-06-27 16:56:22,834 [Listener at 127.0.0.1/40407] INFO  volume.MutableVolumeSet (MutableVolumeSet.java:initializeVolumeSet(174)) - Added Volume : /home/runner/work/ozone/ozone/hadoop-ozone/integration-test/target/test-dir/MiniOzoneClusterImpl-66908fe7-3497-48b2-847b-81db60c5ccf5/datanode-0/data-0/containers/hdds to VolumeSet
2022-06-27 16:56:22,834 [Listener at 127.0.0.1/40407] INFO  volume.ThrottledAsyncChecker (ThrottledAsyncChecker.java:schedule(141)) - Scheduling a check for /home/runner/work/ozone/ozone/hadoop-ozone/integration-test/target/test-dir/MiniOzoneClusterImpl-66908fe7-3497-48b2-847b-81db60c5ccf5/datanode-0/data-0/containers/hdds
2022-06-27 16:56:22,836 [Listener at 127.0.0.1/40407] INFO  volume.StorageVolumeChecker (StorageVolumeChecker.java:checkAllVolumes(202)) - Scheduled health check for volume /home/runner/work/ozone/ozone/hadoop-ozone/integration-test/target/test-dir/MiniOzoneClusterImpl-66908fe7-3497-48b2-847b-81db60c5ccf5/datanode-0/data-0/containers/hdds
2022-06-27 16:56:22,846 [Listener at 127.0.0.1/40407] INFO  volume.MutableVolumeSet (MutableVolumeSet.java:initializeVolumeSet(174)) - Added Volume : /home/runner/work/ozone/ozone/hadoop-ozone/integration-test/target/test-dir/MiniOzoneClusterImpl-66908fe7-3497-48b2-847b-81db60c5ccf5/datanode-0/data/ratis to VolumeSet
2022-06-27 16:56:22,846 [Listener at 127.0.0.1/40407] INFO  volume.ThrottledAsyncChecker (ThrottledAsyncChecker.java:schedule(141)) - Scheduling a check for /home/runner/work/ozone/ozone/hadoop-ozone/integration-test/target/test-dir/MiniOzoneClusterImpl-66908fe7-3497-48b2-847b-81db60c5ccf5/datanode-0/data/ratis
2022-06-27 16:56:22,846 [Listener at 127.0.0.1/40407] INFO  volume.StorageVolumeChecker (StorageVolumeChecker.java:checkAllVolumes(202)) - Scheduled health check for volume /home/runner/work/ozone/ozone/hadoop-ozone/integration-test/target/test-dir/MiniOzoneClusterImpl-66908fe7-3497-48b2-847b-81db60c5ccf5/datanode-0/data/ratis
2022-06-27 16:56:22,874 [Thread-1104] INFO  ozoneimpl.ContainerReader (ContainerReader.java:readVolume(172)) - Finish verifying containers on volume /home/runner/work/ozone/ozone/hadoop-ozone/integration-test/target/test-dir/MiniOzoneClusterImpl-66908fe7-3497-48b2-847b-81db60c5ccf5/datanode-0/data-0/containers/hdds
2022-06-27 16:56:22,874 [Listener at 127.0.0.1/40407] INFO  ozoneimpl.OzoneContainer (OzoneContainer.java:buildContainerSet(266)) - Build ContainerSet costs 0s
2022-06-27 16:56:22,876 [Listener at 127.0.0.1/40407] INFO  server.RaftServer (ConfUtils.java:logGet(46)) - raft.rpc.type = GRPC (default)
2022-06-27 16:56:22,877 [Listener at 127.0.0.1/40407] INFO  grpc.GrpcFactory (GrpcFactory.java:checkPooledByteBufAllocatorUseCacheForAllThreads(48)) - PERFORMANCE WARNING: useCacheForAllThreads is true that may cause Netty to create a lot garbage objects and, as a result, trigger GC.
	It is recommended to disable useCacheForAllThreads by setting -Dorg.apache.ratis.thirdparty.io.netty.allocator.useCacheForAllThreads=false in command line.
2022-06-27 16:56:22,877 [Listener at 127.0.0.1/40407] INFO  grpc.GrpcConfigKeys (ConfUtils.java:logGet(46)) - raft.grpc.admin.port = 0 (custom)
2022-06-27 16:56:22,877 [Listener at 127.0.0.1/40407] INFO  grpc.GrpcConfigKeys (ConfUtils.java:logGet(46)) - raft.grpc.client.port = 0 (custom)
2022-06-27 16:56:22,877 [Listener at 127.0.0.1/40407] INFO  grpc.GrpcConfigKeys (ConfUtils.java:logGet(46)) - raft.grpc.server.port = 0 (default)
2022-06-27 16:56:22,877 [Listener at 127.0.0.1/40407] INFO  server.GrpcService (ConfUtils.java:logGet(46)) - raft.grpc.message.size.max = 32MB (=33554432) (custom)
2022-06-27 16:56:22,877 [Listener at 127.0.0.1/40407] INFO  server.RaftServerConfigKeys (ConfUtils.java:logGet(46)) - raft.server.log.appender.buffer.byte-limit = 33554432 (custom)
2022-06-27 16:56:22,877 [Listener at 127.0.0.1/40407] INFO  server.GrpcService (ConfUtils.java:logGet(46)) - raft.grpc.flow.control.window = 5MB (=5242880) (custom)
2022-06-27 16:56:22,877 [Listener at 127.0.0.1/40407] INFO  server.RaftServerConfigKeys (ConfUtils.java:logGet(46)) - raft.server.rpc.request.timeout = 60s (custom)
2022-06-27 16:56:22,877 [Listener at 127.0.0.1/40407] INFO  grpc.GrpcConfigKeys (ConfUtils.java:logGet(46)) - raft.grpc.server.async.request.thread.pool.cached = true (default)
2022-06-27 16:56:22,877 [Listener at 127.0.0.1/40407] INFO  grpc.GrpcConfigKeys (ConfUtils.java:logGet(46)) - raft.grpc.server.async.request.thread.pool.size = 32 (default)
2022-06-27 16:56:22,878 [Listener at 127.0.0.1/40407] INFO  impl.DataStreamServerImpl (ConfUtils.java:logGet(46)) - raft.datastream.type = DISABLED (default)
2022-06-27 16:56:22,878 [Listener at 127.0.0.1/40407] INFO  server.RaftServerConfigKeys (ConfUtils.java:logGet(46)) - raft.server.threadpool.proxy.cached = true (default)
2022-06-27 16:56:22,879 [Listener at 127.0.0.1/40407] INFO  server.RaftServerConfigKeys (ConfUtils.java:logGet(46)) - raft.server.threadpool.proxy.size = 0 (default)
2022-06-27 16:56:22,879 [Listener at 127.0.0.1/40407] INFO  server.RaftServerConfigKeys (ConfUtils.java:logGet(46)) - raft.server.rpc.slowness.timeout = 300s (custom)
2022-06-27 16:56:22,879 [Listener at 127.0.0.1/40407] INFO  server.RaftServerConfigKeys (ConfUtils.java:logGet(46)) - raft.server.leaderelection.leader.step-down.wait-time = 10s (default)
2022-06-27 16:56:22,879 [Listener at 127.0.0.1/40407] INFO  server.RaftServerConfigKeys (ConfUtils.java:logGet(46)) - raft.server.storage.dir = [/home/runner/work/ozone/ozone/hadoop-ozone/integration-test/target/test-dir/MiniOzoneClusterImpl-66908fe7-3497-48b2-847b-81db60c5ccf5/datanode-0/data/ratis] (custom)
2022-06-27 16:56:22,889 [Listener at 127.0.0.1/40407] INFO  server.XceiverServerGrpc (XceiverServerGrpc.java:<init>(132)) - GrpcServer channel type EpollServerSocketChannel
2022-06-27 16:56:22,912 [Listener at 127.0.0.1/40407] INFO  http.BaseHttpServer (BaseHttpServer.java:newHttpServer2BuilderForOzone(209)) - Starting Web-server for hddsDatanode at: http://0.0.0.0:0
2022-06-27 16:56:22,912 [Listener at 127.0.0.1/40407] INFO  http.BaseHttpServer (BaseHttpServer.java:<init>(107)) - Hadoop Security Enabled: false Ozone Security Enabled: false Ozone HTTP Security Enabled: false 
2022-06-27 16:56:22,914 [Listener at 127.0.0.1/40407] INFO  server.AuthenticationFilter (AuthenticationFilter.java:constructSecretProvider(240)) - Unable to initialize FileSignerSecretProvider, falling back to use random secrets.
2022-06-27 16:56:22,915 [Listener at 127.0.0.1/40407] WARN  http.HttpRequestLog (HttpRequestLog.java:getRequestLog(103)) - Jetty request log can only be enabled using Log4j
2022-06-27 16:56:22,917 [Listener at 127.0.0.1/40407] INFO  http.HttpServer2 (HttpServer2.java:addGlobalFilter(1029)) - Added global filter 'safety' (class=org.apache.hadoop.hdds.server.http.HttpServer2$QuotingInputFilter)
2022-06-27 16:56:22,918 [Listener at 127.0.0.1/40407] INFO  http.HttpServer2 (HttpServer2.java:addFilter(1005)) - Added filter static_user_filter (class=org.apache.hadoop.http.lib.StaticUserWebFilter$StaticUserFilter) to context hddsDatanode
2022-06-27 16:56:22,918 [Listener at 127.0.0.1/40407] INFO  http.HttpServer2 (HttpServer2.java:addFilter(1013)) - Added filter static_user_filter (class=org.apache.hadoop.http.lib.StaticUserWebFilter$StaticUserFilter) to context logs
2022-06-27 16:56:22,918 [Listener at 127.0.0.1/40407] INFO  http.HttpServer2 (HttpServer2.java:addFilter(1013)) - Added filter static_user_filter (class=org.apache.hadoop.http.lib.StaticUserWebFilter$StaticUserFilter) to context static
2022-06-27 16:56:22,918 [Listener at 127.0.0.1/40407] INFO  http.HttpServer2 (HttpServer2.java:bindListener(1248)) - Jetty bound to port 42015
2022-06-27 16:56:22,918 [Listener at 127.0.0.1/40407] INFO  server.Server (Server.java:doStart(375)) - jetty-9.4.43.v20210629; built: 2021-06-30T11:07:22.254Z; git: 526006ecfa3af7f1a27ef3a288e2bef7ea9dd7e8; jvm 1.8.0_332-b09
2022-06-27 16:56:22,939 [Listener at 127.0.0.1/40407] INFO  server.session (DefaultSessionIdManager.java:doStart(334)) - DefaultSessionIdManager workerName=node0
2022-06-27 16:56:22,939 [Listener at 127.0.0.1/40407] INFO  server.session (DefaultSessionIdManager.java:doStart(339)) - No SessionScavenger set, using defaults
2022-06-27 16:56:22,939 [Listener at 127.0.0.1/40407] INFO  server.session (HouseKeeper.java:startScavenging(132)) - node0 Scavenging every 600000ms
2022-06-27 16:56:22,940 [Listener at 127.0.0.1/40407] INFO  handler.ContextHandler (ContextHandler.java:doStart(915)) - Started o.e.j.s.ServletContextHandler@2a9be4b9{logs,/logs,file:///home/runner/work/ozone/ozone/hadoop-ozone/integration-test/target/log,AVAILABLE}
2022-06-27 16:56:22,940 [Listener at 127.0.0.1/40407] INFO  handler.ContextHandler (ContextHandler.java:doStart(915)) - Started o.e.j.s.ServletContextHandler@1d15a08b{static,/static,jar:file:/home/runner/.m2/repository/org/apache/ozone/hdds-container-service/1.3.0-SNAPSHOT/hdds-container-service-1.3.0-SNAPSHOT.jar!/webapps/static,AVAILABLE}
2022-06-27 16:56:23,142 [Listener at 127.0.0.1/40407] INFO  handler.ContextHandler (ContextHandler.java:doStart(915)) - Started o.e.j.w.WebAppContext@4874d75e{hddsDatanode,/,file:///tmp/jetty-0_0_0_0-42015-hdds-container-service-1_3_0-SNAPSHOT_jar-_-any-2373365987634952014/webapp/,AVAILABLE}{jar:file:/home/runner/.m2/repository/org/apache/ozone/hdds-container-service/1.3.0-SNAPSHOT/hdds-container-service-1.3.0-SNAPSHOT.jar!/webapps/hddsDatanode}
2022-06-27 16:56:23,144 [Listener at 127.0.0.1/40407] INFO  server.AbstractConnector (AbstractConnector.java:doStart(331)) - Started ServerConnector@4d571e3e{HTTP/1.1, (http/1.1)}{0.0.0.0:42015}
2022-06-27 16:56:23,144 [Listener at 127.0.0.1/40407] INFO  server.Server (Server.java:doStart(415)) - Started @140038ms
2022-06-27 16:56:23,144 [Listener at 127.0.0.1/40407] WARN  impl.MetricsSystemImpl (MetricsSystemImpl.java:register(279)) - Sink prometheus already exists!
2022-06-27 16:56:23,145 [Listener at 127.0.0.1/40407] INFO  http.BaseHttpServer (BaseHttpServer.java:updateConnectorAddress(329)) - HTTP server of hddsDatanode listening at http://0.0.0.0:42015
2022-06-27 16:56:23,149 [Listener at 127.0.0.1/40407] INFO  impl.MetricsSystemImpl (MetricsSystemImpl.java:init(158)) - HddsDatanode metrics system started (again)
2022-06-27 16:56:23,157 [Datanode State Machine Daemon Thread] INFO  statemachine.DatanodeStateMachine (DatanodeStateMachine.java:lambda$startDaemon$0(492)) - Ozone container server started.
2022-06-27 16:56:23,188 [org.apache.hadoop.util.JvmPauseMonitor$Monitor@114ed43f] INFO  util.JvmPauseMonitor (JvmPauseMonitor.java:run(188)) - Starting JVM pause monitor
2022-06-27 16:56:23,191 [Listener at 127.0.0.1/40407] INFO  ozone.HddsDatanodeService (HddsDatanodeService.java:start(236)) - HddsDatanodeService host:fv-az215-30.fk02tkdpp51uda4i120yanydqb.bx.internal.cloudapp.net ip:10.1.0.22
2022-06-27 16:56:23,218 [Datanode State Machine Task Thread - 0] INFO  datanode.InitDatanodeState (InitDatanodeState.java:persistContainerDatanodeDetails(138)) - DatanodeDetails is persisted to /home/runner/work/ozone/ozone/hadoop-ozone/integration-test/target/test-dir/MiniOzoneClusterImpl-66908fe7-3497-48b2-847b-81db60c5ccf5/datanode-0/meta/datanode.id
2022-06-27 16:56:23,234 [Listener at 127.0.0.1/40407] INFO  upgrade.AbstractLayoutVersionManager (AbstractLayoutVersionManager.java:init(82)) - Initializing Layout version manager with metadata layout = DATANODE_SCHEMA_V3 (version = 4), software layout = DATANODE_SCHEMA_V3 (version = 4)
2022-06-27 16:56:23,292 [Listener at 127.0.0.1/40407] INFO  reflections.Reflections (Reflections.java:scan(232)) - Reflections took 56 ms to scan 7 urls, producing 131 keys and 316 values 
2022-06-27 16:56:23,294 [Listener at 127.0.0.1/40407] INFO  statemachine.DatanodeStateMachine (DatanodeStateMachine.java:getEndPointTaskThreadPoolSize(237)) - Datanode State Machine Task Thread Pool size 2
2022-06-27 16:56:23,302 [Listener at 127.0.0.1/40407] INFO  volume.HddsVolume (HddsVolume.java:<init>(116)) - Creating HddsVolume: /home/runner/work/ozone/ozone/hadoop-ozone/integration-test/target/test-dir/MiniOzoneClusterImpl-66908fe7-3497-48b2-847b-81db60c5ccf5/datanode-1/data-0/containers/hdds of storage type : DISK capacity : 9223372036854775807
2022-06-27 16:56:23,302 [Listener at 127.0.0.1/40407] INFO  volume.MutableVolumeSet (MutableVolumeSet.java:initializeVolumeSet(174)) - Added Volume : /home/runner/work/ozone/ozone/hadoop-ozone/integration-test/target/test-dir/MiniOzoneClusterImpl-66908fe7-3497-48b2-847b-81db60c5ccf5/datanode-1/data-0/containers/hdds to VolumeSet
2022-06-27 16:56:23,302 [Listener at 127.0.0.1/40407] INFO  volume.ThrottledAsyncChecker (ThrottledAsyncChecker.java:schedule(141)) - Scheduling a check for /home/runner/work/ozone/ozone/hadoop-ozone/integration-test/target/test-dir/MiniOzoneClusterImpl-66908fe7-3497-48b2-847b-81db60c5ccf5/datanode-1/data-0/containers/hdds
2022-06-27 16:56:23,329 [Listener at 127.0.0.1/40407] INFO  volume.StorageVolumeChecker (StorageVolumeChecker.java:checkAllVolumes(202)) - Scheduled health check for volume /home/runner/work/ozone/ozone/hadoop-ozone/integration-test/target/test-dir/MiniOzoneClusterImpl-66908fe7-3497-48b2-847b-81db60c5ccf5/datanode-1/data-0/containers/hdds
2022-06-27 16:56:23,345 [Listener at 127.0.0.1/40407] INFO  volume.MutableVolumeSet (MutableVolumeSet.java:initializeVolumeSet(174)) - Added Volume : /home/runner/work/ozone/ozone/hadoop-ozone/integration-test/target/test-dir/MiniOzoneClusterImpl-66908fe7-3497-48b2-847b-81db60c5ccf5/datanode-1/data/ratis to VolumeSet
2022-06-27 16:56:23,345 [Listener at 127.0.0.1/40407] INFO  volume.ThrottledAsyncChecker (ThrottledAsyncChecker.java:schedule(141)) - Scheduling a check for /home/runner/work/ozone/ozone/hadoop-ozone/integration-test/target/test-dir/MiniOzoneClusterImpl-66908fe7-3497-48b2-847b-81db60c5ccf5/datanode-1/data/ratis
2022-06-27 16:56:23,347 [Listener at 127.0.0.1/40407] INFO  volume.StorageVolumeChecker (StorageVolumeChecker.java:checkAllVolumes(202)) - Scheduled health check for volume /home/runner/work/ozone/ozone/hadoop-ozone/integration-test/target/test-dir/MiniOzoneClusterImpl-66908fe7-3497-48b2-847b-81db60c5ccf5/datanode-1/data/ratis
2022-06-27 16:56:23,365 [Thread-1117] INFO  ozoneimpl.ContainerReader (ContainerReader.java:readVolume(172)) - Finish verifying containers on volume /home/runner/work/ozone/ozone/hadoop-ozone/integration-test/target/test-dir/MiniOzoneClusterImpl-66908fe7-3497-48b2-847b-81db60c5ccf5/datanode-1/data-0/containers/hdds
2022-06-27 16:56:23,365 [Listener at 127.0.0.1/40407] INFO  ozoneimpl.OzoneContainer (OzoneContainer.java:buildContainerSet(266)) - Build ContainerSet costs 0s
2022-06-27 16:56:23,367 [Listener at 127.0.0.1/40407] INFO  server.RaftServer (ConfUtils.java:logGet(46)) - raft.rpc.type = GRPC (default)
2022-06-27 16:56:23,367 [Listener at 127.0.0.1/40407] INFO  grpc.GrpcFactory (GrpcFactory.java:checkPooledByteBufAllocatorUseCacheForAllThreads(48)) - PERFORMANCE WARNING: useCacheForAllThreads is true that may cause Netty to create a lot garbage objects and, as a result, trigger GC.
	It is recommended to disable useCacheForAllThreads by setting -Dorg.apache.ratis.thirdparty.io.netty.allocator.useCacheForAllThreads=false in command line.
2022-06-27 16:56:23,367 [Listener at 127.0.0.1/40407] INFO  grpc.GrpcConfigKeys (ConfUtils.java:logGet(46)) - raft.grpc.admin.port = 0 (custom)
2022-06-27 16:56:23,368 [Listener at 127.0.0.1/40407] INFO  grpc.GrpcConfigKeys (ConfUtils.java:logGet(46)) - raft.grpc.client.port = 0 (custom)
2022-06-27 16:56:23,368 [Listener at 127.0.0.1/40407] INFO  grpc.GrpcConfigKeys (ConfUtils.java:logGet(46)) - raft.grpc.server.port = 0 (default)
2022-06-27 16:56:23,368 [Listener at 127.0.0.1/40407] INFO  server.GrpcService (ConfUtils.java:logGet(46)) - raft.grpc.message.size.max = 32MB (=33554432) (custom)
2022-06-27 16:56:23,368 [Listener at 127.0.0.1/40407] INFO  server.RaftServerConfigKeys (ConfUtils.java:logGet(46)) - raft.server.log.appender.buffer.byte-limit = 33554432 (custom)
2022-06-27 16:56:23,368 [Listener at 127.0.0.1/40407] INFO  server.GrpcService (ConfUtils.java:logGet(46)) - raft.grpc.flow.control.window = 5MB (=5242880) (custom)
2022-06-27 16:56:23,368 [Listener at 127.0.0.1/40407] INFO  server.RaftServerConfigKeys (ConfUtils.java:logGet(46)) - raft.server.rpc.request.timeout = 60s (custom)
2022-06-27 16:56:23,368 [Listener at 127.0.0.1/40407] INFO  grpc.GrpcConfigKeys (ConfUtils.java:logGet(46)) - raft.grpc.server.async.request.thread.pool.cached = true (default)
2022-06-27 16:56:23,368 [Listener at 127.0.0.1/40407] INFO  grpc.GrpcConfigKeys (ConfUtils.java:logGet(46)) - raft.grpc.server.async.request.thread.pool.size = 32 (default)
2022-06-27 16:56:23,371 [Listener at 127.0.0.1/40407] INFO  impl.DataStreamServerImpl (ConfUtils.java:logGet(46)) - raft.datastream.type = DISABLED (default)
2022-06-27 16:56:23,371 [Listener at 127.0.0.1/40407] INFO  server.RaftServerConfigKeys (ConfUtils.java:logGet(46)) - raft.server.threadpool.proxy.cached = true (default)
2022-06-27 16:56:23,371 [Listener at 127.0.0.1/40407] INFO  server.RaftServerConfigKeys (ConfUtils.java:logGet(46)) - raft.server.threadpool.proxy.size = 0 (default)
2022-06-27 16:56:23,371 [Listener at 127.0.0.1/40407] INFO  server.RaftServerConfigKeys (ConfUtils.java:logGet(46)) - raft.server.rpc.slowness.timeout = 300s (custom)
2022-06-27 16:56:23,372 [Listener at 127.0.0.1/40407] INFO  server.RaftServerConfigKeys (ConfUtils.java:logGet(46)) - raft.server.leaderelection.leader.step-down.wait-time = 10s (default)
2022-06-27 16:56:23,372 [Listener at 127.0.0.1/40407] INFO  server.RaftServerConfigKeys (ConfUtils.java:logGet(46)) - raft.server.storage.dir = [/home/runner/work/ozone/ozone/hadoop-ozone/integration-test/target/test-dir/MiniOzoneClusterImpl-66908fe7-3497-48b2-847b-81db60c5ccf5/datanode-1/data/ratis] (custom)
2022-06-27 16:56:23,374 [Listener at 127.0.0.1/40407] INFO  server.XceiverServerGrpc (XceiverServerGrpc.java:<init>(132)) - GrpcServer channel type EpollServerSocketChannel
2022-06-27 16:56:23,376 [Listener at 127.0.0.1/40407] INFO  http.BaseHttpServer (BaseHttpServer.java:newHttpServer2BuilderForOzone(209)) - Starting Web-server for hddsDatanode at: http://0.0.0.0:0
2022-06-27 16:56:23,377 [Listener at 127.0.0.1/40407] INFO  http.BaseHttpServer (BaseHttpServer.java:<init>(107)) - Hadoop Security Enabled: false Ozone Security Enabled: false Ozone HTTP Security Enabled: false 
2022-06-27 16:56:23,377 [Listener at 127.0.0.1/40407] INFO  server.AuthenticationFilter (AuthenticationFilter.java:constructSecretProvider(240)) - Unable to initialize FileSignerSecretProvider, falling back to use random secrets.
2022-06-27 16:56:23,393 [Listener at 127.0.0.1/40407] WARN  http.HttpRequestLog (HttpRequestLog.java:getRequestLog(103)) - Jetty request log can only be enabled using Log4j
2022-06-27 16:56:23,394 [Listener at 127.0.0.1/40407] INFO  http.HttpServer2 (HttpServer2.java:addGlobalFilter(1029)) - Added global filter 'safety' (class=org.apache.hadoop.hdds.server.http.HttpServer2$QuotingInputFilter)
2022-06-27 16:56:23,394 [Listener at 127.0.0.1/40407] INFO  http.HttpServer2 (HttpServer2.java:addFilter(1005)) - Added filter static_user_filter (class=org.apache.hadoop.http.lib.StaticUserWebFilter$StaticUserFilter) to context hddsDatanode
2022-06-27 16:56:23,395 [Listener at 127.0.0.1/40407] INFO  http.HttpServer2 (HttpServer2.java:addFilter(1013)) - Added filter static_user_filter (class=org.apache.hadoop.http.lib.StaticUserWebFilter$StaticUserFilter) to context logs
2022-06-27 16:56:23,395 [Listener at 127.0.0.1/40407] INFO  http.HttpServer2 (HttpServer2.java:addFilter(1013)) - Added filter static_user_filter (class=org.apache.hadoop.http.lib.StaticUserWebFilter$StaticUserFilter) to context static
2022-06-27 16:56:23,395 [Listener at 127.0.0.1/40407] INFO  http.HttpServer2 (HttpServer2.java:bindListener(1248)) - Jetty bound to port 41773
2022-06-27 16:56:23,395 [Listener at 127.0.0.1/40407] INFO  server.Server (Server.java:doStart(375)) - jetty-9.4.43.v20210629; built: 2021-06-30T11:07:22.254Z; git: 526006ecfa3af7f1a27ef3a288e2bef7ea9dd7e8; jvm 1.8.0_332-b09
2022-06-27 16:56:23,398 [Listener at 127.0.0.1/40407] INFO  server.session (DefaultSessionIdManager.java:doStart(334)) - DefaultSessionIdManager workerName=node0
2022-06-27 16:56:23,398 [Listener at 127.0.0.1/40407] INFO  server.session (DefaultSessionIdManager.java:doStart(339)) - No SessionScavenger set, using defaults
2022-06-27 16:56:23,398 [Listener at 127.0.0.1/40407] INFO  server.session (HouseKeeper.java:startScavenging(132)) - node0 Scavenging every 660000ms
2022-06-27 16:56:23,399 [Listener at 127.0.0.1/40407] INFO  handler.ContextHandler (ContextHandler.java:doStart(915)) - Started o.e.j.s.ServletContextHandler@138694a5{logs,/logs,file:///home/runner/work/ozone/ozone/hadoop-ozone/integration-test/target/log,AVAILABLE}
2022-06-27 16:56:23,399 [Listener at 127.0.0.1/40407] INFO  handler.ContextHandler (ContextHandler.java:doStart(915)) - Started o.e.j.s.ServletContextHandler@45d106bb{static,/static,jar:file:/home/runner/.m2/repository/org/apache/ozone/hdds-container-service/1.3.0-SNAPSHOT/hdds-container-service-1.3.0-SNAPSHOT.jar!/webapps/static,AVAILABLE}
2022-06-27 16:56:23,632 [Listener at 127.0.0.1/40407] INFO  handler.ContextHandler (ContextHandler.java:doStart(915)) - Started o.e.j.w.WebAppContext@525605a9{hddsDatanode,/,file:///tmp/jetty-0_0_0_0-41773-hdds-container-service-1_3_0-SNAPSHOT_jar-_-any-2808313921738366847/webapp/,AVAILABLE}{jar:file:/home/runner/.m2/repository/org/apache/ozone/hdds-container-service/1.3.0-SNAPSHOT/hdds-container-service-1.3.0-SNAPSHOT.jar!/webapps/hddsDatanode}
2022-06-27 16:56:23,637 [Listener at 127.0.0.1/40407] INFO  server.AbstractConnector (AbstractConnector.java:doStart(331)) - Started ServerConnector@2a5bf086{HTTP/1.1, (http/1.1)}{0.0.0.0:41773}
2022-06-27 16:56:23,637 [Listener at 127.0.0.1/40407] INFO  server.Server (Server.java:doStart(415)) - Started @140531ms
2022-06-27 16:56:23,637 [Listener at 127.0.0.1/40407] WARN  impl.MetricsSystemImpl (MetricsSystemImpl.java:register(279)) - Sink prometheus already exists!
2022-06-27 16:56:23,639 [Listener at 127.0.0.1/40407] INFO  http.BaseHttpServer (BaseHttpServer.java:updateConnectorAddress(329)) - HTTP server of hddsDatanode listening at http://0.0.0.0:41773
2022-06-27 16:56:23,639 [Listener at 127.0.0.1/40407] INFO  impl.MetricsSystemImpl (MetricsSystemImpl.java:init(158)) - HddsDatanode metrics system started (again)
2022-06-27 16:56:23,646 [Datanode State Machine Daemon Thread] INFO  statemachine.DatanodeStateMachine (DatanodeStateMachine.java:lambda$startDaemon$0(492)) - Ozone container server started.
2022-06-27 16:56:23,661 [org.apache.hadoop.util.JvmPauseMonitor$Monitor@695fdce8] INFO  util.JvmPauseMonitor (JvmPauseMonitor.java:run(188)) - Starting JVM pause monitor
2022-06-27 16:56:23,684 [Listener at 127.0.0.1/40407] INFO  ozone.HddsDatanodeService (HddsDatanodeService.java:start(236)) - HddsDatanodeService host:fv-az215-30.fk02tkdpp51uda4i120yanydqb.bx.internal.cloudapp.net ip:10.1.0.22
2022-06-27 16:56:23,684 [Datanode State Machine Task Thread - 0] INFO  datanode.InitDatanodeState (InitDatanodeState.java:persistContainerDatanodeDetails(138)) - DatanodeDetails is persisted to /home/runner/work/ozone/ozone/hadoop-ozone/integration-test/target/test-dir/MiniOzoneClusterImpl-66908fe7-3497-48b2-847b-81db60c5ccf5/datanode-1/meta/datanode.id
2022-06-27 16:56:23,710 [Listener at 127.0.0.1/40407] INFO  upgrade.AbstractLayoutVersionManager (AbstractLayoutVersionManager.java:init(82)) - Initializing Layout version manager with metadata layout = DATANODE_SCHEMA_V3 (version = 4), software layout = DATANODE_SCHEMA_V3 (version = 4)
2022-06-27 16:56:23,757 [Listener at 127.0.0.1/40407] INFO  reflections.Reflections (Reflections.java:scan(232)) - Reflections took 46 ms to scan 7 urls, producing 131 keys and 316 values 
2022-06-27 16:56:23,759 [Listener at 127.0.0.1/40407] INFO  statemachine.DatanodeStateMachine (DatanodeStateMachine.java:getEndPointTaskThreadPoolSize(237)) - Datanode State Machine Task Thread Pool size 2
2022-06-27 16:56:23,760 [Listener at 127.0.0.1/40407] INFO  volume.HddsVolume (HddsVolume.java:<init>(116)) - Creating HddsVolume: /home/runner/work/ozone/ozone/hadoop-ozone/integration-test/target/test-dir/MiniOzoneClusterImpl-66908fe7-3497-48b2-847b-81db60c5ccf5/datanode-2/data-0/containers/hdds of storage type : DISK capacity : 9223372036854775807
2022-06-27 16:56:23,761 [Listener at 127.0.0.1/40407] INFO  volume.MutableVolumeSet (MutableVolumeSet.java:initializeVolumeSet(174)) - Added Volume : /home/runner/work/ozone/ozone/hadoop-ozone/integration-test/target/test-dir/MiniOzoneClusterImpl-66908fe7-3497-48b2-847b-81db60c5ccf5/datanode-2/data-0/containers/hdds to VolumeSet
2022-06-27 16:56:23,761 [Listener at 127.0.0.1/40407] INFO  volume.ThrottledAsyncChecker (ThrottledAsyncChecker.java:schedule(141)) - Scheduling a check for /home/runner/work/ozone/ozone/hadoop-ozone/integration-test/target/test-dir/MiniOzoneClusterImpl-66908fe7-3497-48b2-847b-81db60c5ccf5/datanode-2/data-0/containers/hdds
2022-06-27 16:56:23,761 [Listener at 127.0.0.1/40407] INFO  volume.StorageVolumeChecker (StorageVolumeChecker.java:checkAllVolumes(202)) - Scheduled health check for volume /home/runner/work/ozone/ozone/hadoop-ozone/integration-test/target/test-dir/MiniOzoneClusterImpl-66908fe7-3497-48b2-847b-81db60c5ccf5/datanode-2/data-0/containers/hdds
2022-06-27 16:56:23,771 [Listener at 127.0.0.1/40407] INFO  volume.MutableVolumeSet (MutableVolumeSet.java:initializeVolumeSet(174)) - Added Volume : /home/runner/work/ozone/ozone/hadoop-ozone/integration-test/target/test-dir/MiniOzoneClusterImpl-66908fe7-3497-48b2-847b-81db60c5ccf5/datanode-2/data/ratis to VolumeSet
2022-06-27 16:56:23,771 [Listener at 127.0.0.1/40407] INFO  volume.ThrottledAsyncChecker (ThrottledAsyncChecker.java:schedule(141)) - Scheduling a check for /home/runner/work/ozone/ozone/hadoop-ozone/integration-test/target/test-dir/MiniOzoneClusterImpl-66908fe7-3497-48b2-847b-81db60c5ccf5/datanode-2/data/ratis
2022-06-27 16:56:23,771 [Listener at 127.0.0.1/40407] INFO  volume.StorageVolumeChecker (StorageVolumeChecker.java:checkAllVolumes(202)) - Scheduled health check for volume /home/runner/work/ozone/ozone/hadoop-ozone/integration-test/target/test-dir/MiniOzoneClusterImpl-66908fe7-3497-48b2-847b-81db60c5ccf5/datanode-2/data/ratis
2022-06-27 16:56:23,789 [Thread-1130] INFO  ozoneimpl.ContainerReader (ContainerReader.java:readVolume(172)) - Finish verifying containers on volume /home/runner/work/ozone/ozone/hadoop-ozone/integration-test/target/test-dir/MiniOzoneClusterImpl-66908fe7-3497-48b2-847b-81db60c5ccf5/datanode-2/data-0/containers/hdds
2022-06-27 16:56:23,789 [Listener at 127.0.0.1/40407] INFO  ozoneimpl.OzoneContainer (OzoneContainer.java:buildContainerSet(266)) - Build ContainerSet costs 0s
2022-06-27 16:56:23,805 [Listener at 127.0.0.1/40407] INFO  server.RaftServer (ConfUtils.java:logGet(46)) - raft.rpc.type = GRPC (default)
2022-06-27 16:56:23,805 [Listener at 127.0.0.1/40407] INFO  grpc.GrpcFactory (GrpcFactory.java:checkPooledByteBufAllocatorUseCacheForAllThreads(48)) - PERFORMANCE WARNING: useCacheForAllThreads is true that may cause Netty to create a lot garbage objects and, as a result, trigger GC.
	It is recommended to disable useCacheForAllThreads by setting -Dorg.apache.ratis.thirdparty.io.netty.allocator.useCacheForAllThreads=false in command line.
2022-06-27 16:56:23,805 [Listener at 127.0.0.1/40407] INFO  grpc.GrpcConfigKeys (ConfUtils.java:logGet(46)) - raft.grpc.admin.port = 0 (custom)
2022-06-27 16:56:23,806 [Listener at 127.0.0.1/40407] INFO  grpc.GrpcConfigKeys (ConfUtils.java:logGet(46)) - raft.grpc.client.port = 0 (custom)
2022-06-27 16:56:23,806 [Listener at 127.0.0.1/40407] INFO  grpc.GrpcConfigKeys (ConfUtils.java:logGet(46)) - raft.grpc.server.port = 0 (default)
2022-06-27 16:56:23,806 [Listener at 127.0.0.1/40407] INFO  server.GrpcService (ConfUtils.java:logGet(46)) - raft.grpc.message.size.max = 32MB (=33554432) (custom)
2022-06-27 16:56:23,806 [Listener at 127.0.0.1/40407] INFO  server.RaftServerConfigKeys (ConfUtils.java:logGet(46)) - raft.server.log.appender.buffer.byte-limit = 33554432 (custom)
2022-06-27 16:56:23,806 [Listener at 127.0.0.1/40407] INFO  server.GrpcService (ConfUtils.java:logGet(46)) - raft.grpc.flow.control.window = 5MB (=5242880) (custom)
2022-06-27 16:56:23,806 [Listener at 127.0.0.1/40407] INFO  server.RaftServerConfigKeys (ConfUtils.java:logGet(46)) - raft.server.rpc.request.timeout = 60s (custom)
2022-06-27 16:56:23,806 [Listener at 127.0.0.1/40407] INFO  grpc.GrpcConfigKeys (ConfUtils.java:logGet(46)) - raft.grpc.server.async.request.thread.pool.cached = true (default)
2022-06-27 16:56:23,806 [Listener at 127.0.0.1/40407] INFO  grpc.GrpcConfigKeys (ConfUtils.java:logGet(46)) - raft.grpc.server.async.request.thread.pool.size = 32 (default)
2022-06-27 16:56:23,807 [Listener at 127.0.0.1/40407] INFO  impl.DataStreamServerImpl (ConfUtils.java:logGet(46)) - raft.datastream.type = DISABLED (default)
2022-06-27 16:56:23,807 [Listener at 127.0.0.1/40407] INFO  server.RaftServerConfigKeys (ConfUtils.java:logGet(46)) - raft.server.threadpool.proxy.cached = true (default)
2022-06-27 16:56:23,808 [Listener at 127.0.0.1/40407] INFO  server.RaftServerConfigKeys (ConfUtils.java:logGet(46)) - raft.server.threadpool.proxy.size = 0 (default)
2022-06-27 16:56:23,808 [Listener at 127.0.0.1/40407] INFO  server.RaftServerConfigKeys (ConfUtils.java:logGet(46)) - raft.server.rpc.slowness.timeout = 300s (custom)
2022-06-27 16:56:23,808 [Listener at 127.0.0.1/40407] INFO  server.RaftServerConfigKeys (ConfUtils.java:logGet(46)) - raft.server.leaderelection.leader.step-down.wait-time = 10s (default)
2022-06-27 16:56:23,809 [Listener at 127.0.0.1/40407] INFO  server.RaftServerConfigKeys (ConfUtils.java:logGet(46)) - raft.server.storage.dir = [/home/runner/work/ozone/ozone/hadoop-ozone/integration-test/target/test-dir/MiniOzoneClusterImpl-66908fe7-3497-48b2-847b-81db60c5ccf5/datanode-2/data/ratis] (custom)
2022-06-27 16:56:23,834 [Listener at 127.0.0.1/40407] INFO  server.XceiverServerGrpc (XceiverServerGrpc.java:<init>(132)) - GrpcServer channel type EpollServerSocketChannel
2022-06-27 16:56:23,853 [Listener at 127.0.0.1/40407] INFO  http.BaseHttpServer (BaseHttpServer.java:newHttpServer2BuilderForOzone(209)) - Starting Web-server for hddsDatanode at: http://0.0.0.0:0
2022-06-27 16:56:23,853 [Listener at 127.0.0.1/40407] INFO  http.BaseHttpServer (BaseHttpServer.java:<init>(107)) - Hadoop Security Enabled: false Ozone Security Enabled: false Ozone HTTP Security Enabled: false 
2022-06-27 16:56:23,854 [Listener at 127.0.0.1/40407] INFO  server.AuthenticationFilter (AuthenticationFilter.java:constructSecretProvider(240)) - Unable to initialize FileSignerSecretProvider, falling back to use random secrets.
2022-06-27 16:56:23,869 [Listener at 127.0.0.1/40407] WARN  http.HttpRequestLog (HttpRequestLog.java:getRequestLog(103)) - Jetty request log can only be enabled using Log4j
2022-06-27 16:56:23,870 [Listener at 127.0.0.1/40407] INFO  http.HttpServer2 (HttpServer2.java:addGlobalFilter(1029)) - Added global filter 'safety' (class=org.apache.hadoop.hdds.server.http.HttpServer2$QuotingInputFilter)
2022-06-27 16:56:23,871 [Listener at 127.0.0.1/40407] INFO  http.HttpServer2 (HttpServer2.java:addFilter(1005)) - Added filter static_user_filter (class=org.apache.hadoop.http.lib.StaticUserWebFilter$StaticUserFilter) to context hddsDatanode
2022-06-27 16:56:23,871 [Listener at 127.0.0.1/40407] INFO  http.HttpServer2 (HttpServer2.java:addFilter(1013)) - Added filter static_user_filter (class=org.apache.hadoop.http.lib.StaticUserWebFilter$StaticUserFilter) to context logs
2022-06-27 16:56:23,871 [Listener at 127.0.0.1/40407] INFO  http.HttpServer2 (HttpServer2.java:addFilter(1013)) - Added filter static_user_filter (class=org.apache.hadoop.http.lib.StaticUserWebFilter$StaticUserFilter) to context static
2022-06-27 16:56:23,871 [Listener at 127.0.0.1/40407] INFO  http.HttpServer2 (HttpServer2.java:bindListener(1248)) - Jetty bound to port 42851
2022-06-27 16:56:23,871 [Listener at 127.0.0.1/40407] INFO  server.Server (Server.java:doStart(375)) - jetty-9.4.43.v20210629; built: 2021-06-30T11:07:22.254Z; git: 526006ecfa3af7f1a27ef3a288e2bef7ea9dd7e8; jvm 1.8.0_332-b09
2022-06-27 16:56:23,903 [Listener at 127.0.0.1/40407] INFO  server.session (DefaultSessionIdManager.java:doStart(334)) - DefaultSessionIdManager workerName=node0
2022-06-27 16:56:23,903 [Listener at 127.0.0.1/40407] INFO  server.session (DefaultSessionIdManager.java:doStart(339)) - No SessionScavenger set, using defaults
2022-06-27 16:56:23,903 [Listener at 127.0.0.1/40407] INFO  server.session (HouseKeeper.java:startScavenging(132)) - node0 Scavenging every 600000ms
2022-06-27 16:56:23,905 [Listener at 127.0.0.1/40407] INFO  handler.ContextHandler (ContextHandler.java:doStart(915)) - Started o.e.j.s.ServletContextHandler@2c66e656{logs,/logs,file:///home/runner/work/ozone/ozone/hadoop-ozone/integration-test/target/log,AVAILABLE}
2022-06-27 16:56:23,905 [Listener at 127.0.0.1/40407] INFO  handler.ContextHandler (ContextHandler.java:doStart(915)) - Started o.e.j.s.ServletContextHandler@37108ba5{static,/static,jar:file:/home/runner/.m2/repository/org/apache/ozone/hdds-container-service/1.3.0-SNAPSHOT/hdds-container-service-1.3.0-SNAPSHOT.jar!/webapps/static,AVAILABLE}
2022-06-27 16:56:24,124 [Listener at 127.0.0.1/40407] INFO  handler.ContextHandler (ContextHandler.java:doStart(915)) - Started o.e.j.w.WebAppContext@6b94ced3{hddsDatanode,/,file:///tmp/jetty-0_0_0_0-42851-hdds-container-service-1_3_0-SNAPSHOT_jar-_-any-4859913315700622530/webapp/,AVAILABLE}{jar:file:/home/runner/.m2/repository/org/apache/ozone/hdds-container-service/1.3.0-SNAPSHOT/hdds-container-service-1.3.0-SNAPSHOT.jar!/webapps/hddsDatanode}
2022-06-27 16:56:24,130 [Listener at 127.0.0.1/40407] INFO  server.AbstractConnector (AbstractConnector.java:doStart(331)) - Started ServerConnector@2971cea9{HTTP/1.1, (http/1.1)}{0.0.0.0:42851}
2022-06-27 16:56:24,130 [Listener at 127.0.0.1/40407] INFO  server.Server (Server.java:doStart(415)) - Started @141024ms
2022-06-27 16:56:24,130 [Listener at 127.0.0.1/40407] WARN  impl.MetricsSystemImpl (MetricsSystemImpl.java:register(279)) - Sink prometheus already exists!
2022-06-27 16:56:24,131 [Listener at 127.0.0.1/40407] INFO  http.BaseHttpServer (BaseHttpServer.java:updateConnectorAddress(329)) - HTTP server of hddsDatanode listening at http://0.0.0.0:42851
2022-06-27 16:56:24,132 [Listener at 127.0.0.1/40407] INFO  impl.MetricsSystemImpl (MetricsSystemImpl.java:init(158)) - HddsDatanode metrics system started (again)
2022-06-27 16:56:24,145 [Datanode State Machine Daemon Thread] INFO  statemachine.DatanodeStateMachine (DatanodeStateMachine.java:lambda$startDaemon$0(492)) - Ozone container server started.
2022-06-27 16:56:24,145 [Listener at 127.0.0.1/40407] INFO  ozone.HddsDatanodeService (HddsDatanodeService.java:start(236)) - HddsDatanodeService host:fv-az215-30.fk02tkdpp51uda4i120yanydqb.bx.internal.cloudapp.net ip:10.1.0.22
2022-06-27 16:56:24,153 [org.apache.hadoop.util.JvmPauseMonitor$Monitor@13c06689] INFO  util.JvmPauseMonitor (JvmPauseMonitor.java:run(188)) - Starting JVM pause monitor
2022-06-27 16:56:24,166 [Datanode State Machine Task Thread - 0] INFO  datanode.InitDatanodeState (InitDatanodeState.java:persistContainerDatanodeDetails(138)) - DatanodeDetails is persisted to /home/runner/work/ozone/ozone/hadoop-ozone/integration-test/target/test-dir/MiniOzoneClusterImpl-66908fe7-3497-48b2-847b-81db60c5ccf5/datanode-2/meta/datanode.id
2022-06-27 16:56:24,186 [Listener at 127.0.0.1/40407] INFO  upgrade.AbstractLayoutVersionManager (AbstractLayoutVersionManager.java:init(82)) - Initializing Layout version manager with metadata layout = DATANODE_SCHEMA_V3 (version = 4), software layout = DATANODE_SCHEMA_V3 (version = 4)
2022-06-27 16:56:24,261 [Listener at 127.0.0.1/40407] INFO  reflections.Reflections (Reflections.java:scan(232)) - Reflections took 74 ms to scan 7 urls, producing 131 keys and 316 values 
2022-06-27 16:56:24,262 [Listener at 127.0.0.1/40407] INFO  statemachine.DatanodeStateMachine (DatanodeStateMachine.java:getEndPointTaskThreadPoolSize(237)) - Datanode State Machine Task Thread Pool size 2
2022-06-27 16:56:24,274 [Listener at 127.0.0.1/40407] INFO  volume.HddsVolume (HddsVolume.java:<init>(116)) - Creating HddsVolume: /home/runner/work/ozone/ozone/hadoop-ozone/integration-test/target/test-dir/MiniOzoneClusterImpl-66908fe7-3497-48b2-847b-81db60c5ccf5/datanode-3/data-0/containers/hdds of storage type : DISK capacity : 9223372036854775807
2022-06-27 16:56:24,274 [Listener at 127.0.0.1/40407] INFO  volume.MutableVolumeSet (MutableVolumeSet.java:initializeVolumeSet(174)) - Added Volume : /home/runner/work/ozone/ozone/hadoop-ozone/integration-test/target/test-dir/MiniOzoneClusterImpl-66908fe7-3497-48b2-847b-81db60c5ccf5/datanode-3/data-0/containers/hdds to VolumeSet
2022-06-27 16:56:24,274 [Listener at 127.0.0.1/40407] INFO  volume.ThrottledAsyncChecker (ThrottledAsyncChecker.java:schedule(141)) - Scheduling a check for /home/runner/work/ozone/ozone/hadoop-ozone/integration-test/target/test-dir/MiniOzoneClusterImpl-66908fe7-3497-48b2-847b-81db60c5ccf5/datanode-3/data-0/containers/hdds
2022-06-27 16:56:24,305 [Listener at 127.0.0.1/40407] INFO  volume.StorageVolumeChecker (StorageVolumeChecker.java:checkAllVolumes(202)) - Scheduled health check for volume /home/runner/work/ozone/ozone/hadoop-ozone/integration-test/target/test-dir/MiniOzoneClusterImpl-66908fe7-3497-48b2-847b-81db60c5ccf5/datanode-3/data-0/containers/hdds
2022-06-27 16:56:24,319 [Listener at 127.0.0.1/40407] INFO  volume.MutableVolumeSet (MutableVolumeSet.java:initializeVolumeSet(174)) - Added Volume : /home/runner/work/ozone/ozone/hadoop-ozone/integration-test/target/test-dir/MiniOzoneClusterImpl-66908fe7-3497-48b2-847b-81db60c5ccf5/datanode-3/data/ratis to VolumeSet
2022-06-27 16:56:24,320 [Listener at 127.0.0.1/40407] INFO  volume.ThrottledAsyncChecker (ThrottledAsyncChecker.java:schedule(141)) - Scheduling a check for /home/runner/work/ozone/ozone/hadoop-ozone/integration-test/target/test-dir/MiniOzoneClusterImpl-66908fe7-3497-48b2-847b-81db60c5ccf5/datanode-3/data/ratis
2022-06-27 16:56:24,320 [Listener at 127.0.0.1/40407] INFO  volume.StorageVolumeChecker (StorageVolumeChecker.java:checkAllVolumes(202)) - Scheduled health check for volume /home/runner/work/ozone/ozone/hadoop-ozone/integration-test/target/test-dir/MiniOzoneClusterImpl-66908fe7-3497-48b2-847b-81db60c5ccf5/datanode-3/data/ratis
2022-06-27 16:56:24,349 [Thread-1143] INFO  ozoneimpl.ContainerReader (ContainerReader.java:readVolume(172)) - Finish verifying containers on volume /home/runner/work/ozone/ozone/hadoop-ozone/integration-test/target/test-dir/MiniOzoneClusterImpl-66908fe7-3497-48b2-847b-81db60c5ccf5/datanode-3/data-0/containers/hdds
2022-06-27 16:56:24,349 [Listener at 127.0.0.1/40407] INFO  ozoneimpl.OzoneContainer (OzoneContainer.java:buildContainerSet(266)) - Build ContainerSet costs 0s
2022-06-27 16:56:24,351 [Listener at 127.0.0.1/40407] INFO  server.RaftServer (ConfUtils.java:logGet(46)) - raft.rpc.type = GRPC (default)
2022-06-27 16:56:24,351 [Listener at 127.0.0.1/40407] INFO  grpc.GrpcFactory (GrpcFactory.java:checkPooledByteBufAllocatorUseCacheForAllThreads(48)) - PERFORMANCE WARNING: useCacheForAllThreads is true that may cause Netty to create a lot garbage objects and, as a result, trigger GC.
	It is recommended to disable useCacheForAllThreads by setting -Dorg.apache.ratis.thirdparty.io.netty.allocator.useCacheForAllThreads=false in command line.
2022-06-27 16:56:24,351 [Listener at 127.0.0.1/40407] INFO  grpc.GrpcConfigKeys (ConfUtils.java:logGet(46)) - raft.grpc.admin.port = 0 (custom)
2022-06-27 16:56:24,351 [Listener at 127.0.0.1/40407] INFO  grpc.GrpcConfigKeys (ConfUtils.java:logGet(46)) - raft.grpc.client.port = 0 (custom)
2022-06-27 16:56:24,351 [Listener at 127.0.0.1/40407] INFO  grpc.GrpcConfigKeys (ConfUtils.java:logGet(46)) - raft.grpc.server.port = 0 (default)
2022-06-27 16:56:24,351 [Listener at 127.0.0.1/40407] INFO  server.GrpcService (ConfUtils.java:logGet(46)) - raft.grpc.message.size.max = 32MB (=33554432) (custom)
2022-06-27 16:56:24,351 [Listener at 127.0.0.1/40407] INFO  server.RaftServerConfigKeys (ConfUtils.java:logGet(46)) - raft.server.log.appender.buffer.byte-limit = 33554432 (custom)
2022-06-27 16:56:24,351 [Listener at 127.0.0.1/40407] INFO  server.GrpcService (ConfUtils.java:logGet(46)) - raft.grpc.flow.control.window = 5MB (=5242880) (custom)
2022-06-27 16:56:24,352 [Listener at 127.0.0.1/40407] INFO  server.RaftServerConfigKeys (ConfUtils.java:logGet(46)) - raft.server.rpc.request.timeout = 60s (custom)
2022-06-27 16:56:24,352 [Listener at 127.0.0.1/40407] INFO  grpc.GrpcConfigKeys (ConfUtils.java:logGet(46)) - raft.grpc.server.async.request.thread.pool.cached = true (default)
2022-06-27 16:56:24,352 [Listener at 127.0.0.1/40407] INFO  grpc.GrpcConfigKeys (ConfUtils.java:logGet(46)) - raft.grpc.server.async.request.thread.pool.size = 32 (default)
2022-06-27 16:56:24,353 [Listener at 127.0.0.1/40407] INFO  impl.DataStreamServerImpl (ConfUtils.java:logGet(46)) - raft.datastream.type = DISABLED (default)
2022-06-27 16:56:24,354 [Listener at 127.0.0.1/40407] INFO  server.RaftServerConfigKeys (ConfUtils.java:logGet(46)) - raft.server.threadpool.proxy.cached = true (default)
2022-06-27 16:56:24,354 [Listener at 127.0.0.1/40407] INFO  server.RaftServerConfigKeys (ConfUtils.java:logGet(46)) - raft.server.threadpool.proxy.size = 0 (default)
2022-06-27 16:56:24,354 [Listener at 127.0.0.1/40407] INFO  server.RaftServerConfigKeys (ConfUtils.java:logGet(46)) - raft.server.rpc.slowness.timeout = 300s (custom)
2022-06-27 16:56:24,354 [Listener at 127.0.0.1/40407] INFO  server.RaftServerConfigKeys (ConfUtils.java:logGet(46)) - raft.server.leaderelection.leader.step-down.wait-time = 10s (default)
2022-06-27 16:56:24,354 [Listener at 127.0.0.1/40407] INFO  server.RaftServerConfigKeys (ConfUtils.java:logGet(46)) - raft.server.storage.dir = [/home/runner/work/ozone/ozone/hadoop-ozone/integration-test/target/test-dir/MiniOzoneClusterImpl-66908fe7-3497-48b2-847b-81db60c5ccf5/datanode-3/data/ratis] (custom)
2022-06-27 16:56:24,356 [Listener at 127.0.0.1/40407] INFO  server.XceiverServerGrpc (XceiverServerGrpc.java:<init>(132)) - GrpcServer channel type EpollServerSocketChannel
2022-06-27 16:56:24,358 [Listener at 127.0.0.1/40407] INFO  http.BaseHttpServer (BaseHttpServer.java:newHttpServer2BuilderForOzone(209)) - Starting Web-server for hddsDatanode at: http://0.0.0.0:0
2022-06-27 16:56:24,358 [Listener at 127.0.0.1/40407] INFO  http.BaseHttpServer (BaseHttpServer.java:<init>(107)) - Hadoop Security Enabled: false Ozone Security Enabled: false Ozone HTTP Security Enabled: false 
2022-06-27 16:56:24,359 [Listener at 127.0.0.1/40407] INFO  server.AuthenticationFilter (AuthenticationFilter.java:constructSecretProvider(240)) - Unable to initialize FileSignerSecretProvider, falling back to use random secrets.
2022-06-27 16:56:24,360 [Listener at 127.0.0.1/40407] WARN  http.HttpRequestLog (HttpRequestLog.java:getRequestLog(103)) - Jetty request log can only be enabled using Log4j
2022-06-27 16:56:24,361 [Listener at 127.0.0.1/40407] INFO  http.HttpServer2 (HttpServer2.java:addGlobalFilter(1029)) - Added global filter 'safety' (class=org.apache.hadoop.hdds.server.http.HttpServer2$QuotingInputFilter)
2022-06-27 16:56:24,361 [Listener at 127.0.0.1/40407] INFO  http.HttpServer2 (HttpServer2.java:addFilter(1005)) - Added filter static_user_filter (class=org.apache.hadoop.http.lib.StaticUserWebFilter$StaticUserFilter) to context hddsDatanode
2022-06-27 16:56:24,361 [Listener at 127.0.0.1/40407] INFO  http.HttpServer2 (HttpServer2.java:addFilter(1013)) - Added filter static_user_filter (class=org.apache.hadoop.http.lib.StaticUserWebFilter$StaticUserFilter) to context logs
2022-06-27 16:56:24,361 [Listener at 127.0.0.1/40407] INFO  http.HttpServer2 (HttpServer2.java:addFilter(1013)) - Added filter static_user_filter (class=org.apache.hadoop.http.lib.StaticUserWebFilter$StaticUserFilter) to context static
2022-06-27 16:56:24,362 [Listener at 127.0.0.1/40407] INFO  http.HttpServer2 (HttpServer2.java:bindListener(1248)) - Jetty bound to port 41335
2022-06-27 16:56:24,362 [Listener at 127.0.0.1/40407] INFO  server.Server (Server.java:doStart(375)) - jetty-9.4.43.v20210629; built: 2021-06-30T11:07:22.254Z; git: 526006ecfa3af7f1a27ef3a288e2bef7ea9dd7e8; jvm 1.8.0_332-b09
2022-06-27 16:56:24,363 [Listener at 127.0.0.1/40407] INFO  server.session (DefaultSessionIdManager.java:doStart(334)) - DefaultSessionIdManager workerName=node0
2022-06-27 16:56:24,363 [Listener at 127.0.0.1/40407] INFO  server.session (DefaultSessionIdManager.java:doStart(339)) - No SessionScavenger set, using defaults
2022-06-27 16:56:24,363 [Listener at 127.0.0.1/40407] INFO  server.session (HouseKeeper.java:startScavenging(132)) - node0 Scavenging every 600000ms
2022-06-27 16:56:24,364 [Listener at 127.0.0.1/40407] INFO  handler.ContextHandler (ContextHandler.java:doStart(915)) - Started o.e.j.s.ServletContextHandler@1d473835{logs,/logs,file:///home/runner/work/ozone/ozone/hadoop-ozone/integration-test/target/log,AVAILABLE}
2022-06-27 16:56:24,364 [Listener at 127.0.0.1/40407] INFO  handler.ContextHandler (ContextHandler.java:doStart(915)) - Started o.e.j.s.ServletContextHandler@a0c2a60{static,/static,jar:file:/home/runner/.m2/repository/org/apache/ozone/hdds-container-service/1.3.0-SNAPSHOT/hdds-container-service-1.3.0-SNAPSHOT.jar!/webapps/static,AVAILABLE}
2022-06-27 16:56:24,560 [Listener at 127.0.0.1/40407] INFO  handler.ContextHandler (ContextHandler.java:doStart(915)) - Started o.e.j.w.WebAppContext@14bcd50f{hddsDatanode,/,file:///tmp/jetty-0_0_0_0-41335-hdds-container-service-1_3_0-SNAPSHOT_jar-_-any-3870568425806689383/webapp/,AVAILABLE}{jar:file:/home/runner/.m2/repository/org/apache/ozone/hdds-container-service/1.3.0-SNAPSHOT/hdds-container-service-1.3.0-SNAPSHOT.jar!/webapps/hddsDatanode}
2022-06-27 16:56:24,562 [Listener at 127.0.0.1/40407] INFO  server.AbstractConnector (AbstractConnector.java:doStart(331)) - Started ServerConnector@4f88bf80{HTTP/1.1, (http/1.1)}{0.0.0.0:41335}
2022-06-27 16:56:24,562 [Listener at 127.0.0.1/40407] INFO  server.Server (Server.java:doStart(415)) - Started @141456ms
2022-06-27 16:56:24,562 [Listener at 127.0.0.1/40407] WARN  impl.MetricsSystemImpl (MetricsSystemImpl.java:register(279)) - Sink prometheus already exists!
2022-06-27 16:56:24,563 [Listener at 127.0.0.1/40407] INFO  http.BaseHttpServer (BaseHttpServer.java:updateConnectorAddress(329)) - HTTP server of hddsDatanode listening at http://0.0.0.0:41335
2022-06-27 16:56:24,563 [Listener at 127.0.0.1/40407] INFO  impl.MetricsSystemImpl (MetricsSystemImpl.java:init(158)) - HddsDatanode metrics system started (again)
2022-06-27 16:56:24,577 [Datanode State Machine Daemon Thread] INFO  statemachine.DatanodeStateMachine (DatanodeStateMachine.java:lambda$startDaemon$0(492)) - Ozone container server started.
2022-06-27 16:56:24,577 [Listener at 127.0.0.1/40407] INFO  ozone.HddsDatanodeService (HddsDatanodeService.java:start(236)) - HddsDatanodeService host:fv-az215-30.fk02tkdpp51uda4i120yanydqb.bx.internal.cloudapp.net ip:10.1.0.22
2022-06-27 16:56:24,600 [Listener at 127.0.0.1/40407] INFO  upgrade.AbstractLayoutVersionManager (AbstractLayoutVersionManager.java:init(82)) - Initializing Layout version manager with metadata layout = DATANODE_SCHEMA_V3 (version = 4), software layout = DATANODE_SCHEMA_V3 (version = 4)
2022-06-27 16:56:24,623 [org.apache.hadoop.util.JvmPauseMonitor$Monitor@1bcba33b] INFO  util.JvmPauseMonitor (JvmPauseMonitor.java:run(188)) - Starting JVM pause monitor
2022-06-27 16:56:24,627 [Datanode State Machine Task Thread - 0] INFO  datanode.InitDatanodeState (InitDatanodeState.java:persistContainerDatanodeDetails(138)) - DatanodeDetails is persisted to /home/runner/work/ozone/ozone/hadoop-ozone/integration-test/target/test-dir/MiniOzoneClusterImpl-66908fe7-3497-48b2-847b-81db60c5ccf5/datanode-3/meta/datanode.id
2022-06-27 16:56:24,654 [Listener at 127.0.0.1/40407] INFO  reflections.Reflections (Reflections.java:scan(232)) - Reflections took 53 ms to scan 7 urls, producing 131 keys and 316 values 
2022-06-27 16:56:24,655 [Listener at 127.0.0.1/40407] INFO  statemachine.DatanodeStateMachine (DatanodeStateMachine.java:getEndPointTaskThreadPoolSize(237)) - Datanode State Machine Task Thread Pool size 2
2022-06-27 16:56:24,656 [Listener at 127.0.0.1/40407] INFO  volume.HddsVolume (HddsVolume.java:<init>(116)) - Creating HddsVolume: /home/runner/work/ozone/ozone/hadoop-ozone/integration-test/target/test-dir/MiniOzoneClusterImpl-66908fe7-3497-48b2-847b-81db60c5ccf5/datanode-4/data-0/containers/hdds of storage type : DISK capacity : 9223372036854775807
2022-06-27 16:56:24,656 [Listener at 127.0.0.1/40407] INFO  volume.MutableVolumeSet (MutableVolumeSet.java:initializeVolumeSet(174)) - Added Volume : /home/runner/work/ozone/ozone/hadoop-ozone/integration-test/target/test-dir/MiniOzoneClusterImpl-66908fe7-3497-48b2-847b-81db60c5ccf5/datanode-4/data-0/containers/hdds to VolumeSet
2022-06-27 16:56:24,656 [Listener at 127.0.0.1/40407] INFO  volume.ThrottledAsyncChecker (ThrottledAsyncChecker.java:schedule(141)) - Scheduling a check for /home/runner/work/ozone/ozone/hadoop-ozone/integration-test/target/test-dir/MiniOzoneClusterImpl-66908fe7-3497-48b2-847b-81db60c5ccf5/datanode-4/data-0/containers/hdds
2022-06-27 16:56:24,657 [Listener at 127.0.0.1/40407] INFO  volume.StorageVolumeChecker (StorageVolumeChecker.java:checkAllVolumes(202)) - Scheduled health check for volume /home/runner/work/ozone/ozone/hadoop-ozone/integration-test/target/test-dir/MiniOzoneClusterImpl-66908fe7-3497-48b2-847b-81db60c5ccf5/datanode-4/data-0/containers/hdds
2022-06-27 16:56:24,668 [Listener at 127.0.0.1/40407] INFO  volume.MutableVolumeSet (MutableVolumeSet.java:initializeVolumeSet(174)) - Added Volume : /home/runner/work/ozone/ozone/hadoop-ozone/integration-test/target/test-dir/MiniOzoneClusterImpl-66908fe7-3497-48b2-847b-81db60c5ccf5/datanode-4/data/ratis to VolumeSet
2022-06-27 16:56:24,668 [Listener at 127.0.0.1/40407] INFO  volume.ThrottledAsyncChecker (ThrottledAsyncChecker.java:schedule(141)) - Scheduling a check for /home/runner/work/ozone/ozone/hadoop-ozone/integration-test/target/test-dir/MiniOzoneClusterImpl-66908fe7-3497-48b2-847b-81db60c5ccf5/datanode-4/data/ratis
2022-06-27 16:56:24,670 [Listener at 127.0.0.1/40407] INFO  volume.StorageVolumeChecker (StorageVolumeChecker.java:checkAllVolumes(202)) - Scheduled health check for volume /home/runner/work/ozone/ozone/hadoop-ozone/integration-test/target/test-dir/MiniOzoneClusterImpl-66908fe7-3497-48b2-847b-81db60c5ccf5/datanode-4/data/ratis
2022-06-27 16:56:24,682 [Thread-1156] INFO  ozoneimpl.ContainerReader (ContainerReader.java:readVolume(172)) - Finish verifying containers on volume /home/runner/work/ozone/ozone/hadoop-ozone/integration-test/target/test-dir/MiniOzoneClusterImpl-66908fe7-3497-48b2-847b-81db60c5ccf5/datanode-4/data-0/containers/hdds
2022-06-27 16:56:24,682 [Listener at 127.0.0.1/40407] INFO  ozoneimpl.OzoneContainer (OzoneContainer.java:buildContainerSet(266)) - Build ContainerSet costs 0s
2022-06-27 16:56:24,683 [Listener at 127.0.0.1/40407] INFO  server.RaftServer (ConfUtils.java:logGet(46)) - raft.rpc.type = GRPC (default)
2022-06-27 16:56:24,683 [Listener at 127.0.0.1/40407] INFO  grpc.GrpcFactory (GrpcFactory.java:checkPooledByteBufAllocatorUseCacheForAllThreads(48)) - PERFORMANCE WARNING: useCacheForAllThreads is true that may cause Netty to create a lot garbage objects and, as a result, trigger GC.
	It is recommended to disable useCacheForAllThreads by setting -Dorg.apache.ratis.thirdparty.io.netty.allocator.useCacheForAllThreads=false in command line.
2022-06-27 16:56:24,683 [Listener at 127.0.0.1/40407] INFO  grpc.GrpcConfigKeys (ConfUtils.java:logGet(46)) - raft.grpc.admin.port = 0 (custom)
2022-06-27 16:56:24,684 [Listener at 127.0.0.1/40407] INFO  grpc.GrpcConfigKeys (ConfUtils.java:logGet(46)) - raft.grpc.client.port = 0 (custom)
2022-06-27 16:56:24,684 [Listener at 127.0.0.1/40407] INFO  grpc.GrpcConfigKeys (ConfUtils.java:logGet(46)) - raft.grpc.server.port = 0 (default)
2022-06-27 16:56:24,684 [Listener at 127.0.0.1/40407] INFO  server.GrpcService (ConfUtils.java:logGet(46)) - raft.grpc.message.size.max = 32MB (=33554432) (custom)
2022-06-27 16:56:24,684 [Listener at 127.0.0.1/40407] INFO  server.RaftServerConfigKeys (ConfUtils.java:logGet(46)) - raft.server.log.appender.buffer.byte-limit = 33554432 (custom)
2022-06-27 16:56:24,684 [Listener at 127.0.0.1/40407] INFO  server.GrpcService (ConfUtils.java:logGet(46)) - raft.grpc.flow.control.window = 5MB (=5242880) (custom)
2022-06-27 16:56:24,684 [Listener at 127.0.0.1/40407] INFO  server.RaftServerConfigKeys (ConfUtils.java:logGet(46)) - raft.server.rpc.request.timeout = 60s (custom)
2022-06-27 16:56:24,684 [Listener at 127.0.0.1/40407] INFO  grpc.GrpcConfigKeys (ConfUtils.java:logGet(46)) - raft.grpc.server.async.request.thread.pool.cached = true (default)
2022-06-27 16:56:24,684 [Listener at 127.0.0.1/40407] INFO  grpc.GrpcConfigKeys (ConfUtils.java:logGet(46)) - raft.grpc.server.async.request.thread.pool.size = 32 (default)
2022-06-27 16:56:24,688 [Listener at 127.0.0.1/40407] INFO  impl.DataStreamServerImpl (ConfUtils.java:logGet(46)) - raft.datastream.type = DISABLED (default)
2022-06-27 16:56:24,689 [Listener at 127.0.0.1/40407] INFO  server.RaftServerConfigKeys (ConfUtils.java:logGet(46)) - raft.server.threadpool.proxy.cached = true (default)
2022-06-27 16:56:24,689 [Listener at 127.0.0.1/40407] INFO  server.RaftServerConfigKeys (ConfUtils.java:logGet(46)) - raft.server.threadpool.proxy.size = 0 (default)
2022-06-27 16:56:24,689 [Listener at 127.0.0.1/40407] INFO  server.RaftServerConfigKeys (ConfUtils.java:logGet(46)) - raft.server.rpc.slowness.timeout = 300s (custom)
2022-06-27 16:56:24,689 [Listener at 127.0.0.1/40407] INFO  server.RaftServerConfigKeys (ConfUtils.java:logGet(46)) - raft.server.leaderelection.leader.step-down.wait-time = 10s (default)
2022-06-27 16:56:24,689 [Listener at 127.0.0.1/40407] INFO  server.RaftServerConfigKeys (ConfUtils.java:logGet(46)) - raft.server.storage.dir = [/home/runner/work/ozone/ozone/hadoop-ozone/integration-test/target/test-dir/MiniOzoneClusterImpl-66908fe7-3497-48b2-847b-81db60c5ccf5/datanode-4/data/ratis] (custom)
2022-06-27 16:56:24,694 [Listener at 127.0.0.1/40407] INFO  server.XceiverServerGrpc (XceiverServerGrpc.java:<init>(132)) - GrpcServer channel type EpollServerSocketChannel
2022-06-27 16:56:24,696 [Listener at 127.0.0.1/40407] INFO  http.BaseHttpServer (BaseHttpServer.java:newHttpServer2BuilderForOzone(209)) - Starting Web-server for hddsDatanode at: http://0.0.0.0:0
2022-06-27 16:56:24,696 [Listener at 127.0.0.1/40407] INFO  http.BaseHttpServer (BaseHttpServer.java:<init>(107)) - Hadoop Security Enabled: false Ozone Security Enabled: false Ozone HTTP Security Enabled: false 
2022-06-27 16:56:24,705 [Listener at 127.0.0.1/40407] INFO  server.AuthenticationFilter (AuthenticationFilter.java:constructSecretProvider(240)) - Unable to initialize FileSignerSecretProvider, falling back to use random secrets.
2022-06-27 16:56:24,706 [Listener at 127.0.0.1/40407] WARN  http.HttpRequestLog (HttpRequestLog.java:getRequestLog(103)) - Jetty request log can only be enabled using Log4j
2022-06-27 16:56:24,706 [Listener at 127.0.0.1/40407] INFO  http.HttpServer2 (HttpServer2.java:addGlobalFilter(1029)) - Added global filter 'safety' (class=org.apache.hadoop.hdds.server.http.HttpServer2$QuotingInputFilter)
2022-06-27 16:56:24,707 [Listener at 127.0.0.1/40407] INFO  http.HttpServer2 (HttpServer2.java:addFilter(1005)) - Added filter static_user_filter (class=org.apache.hadoop.http.lib.StaticUserWebFilter$StaticUserFilter) to context hddsDatanode
2022-06-27 16:56:24,707 [Listener at 127.0.0.1/40407] INFO  http.HttpServer2 (HttpServer2.java:addFilter(1013)) - Added filter static_user_filter (class=org.apache.hadoop.http.lib.StaticUserWebFilter$StaticUserFilter) to context logs
2022-06-27 16:56:24,707 [Listener at 127.0.0.1/40407] INFO  http.HttpServer2 (HttpServer2.java:addFilter(1013)) - Added filter static_user_filter (class=org.apache.hadoop.http.lib.StaticUserWebFilter$StaticUserFilter) to context static
2022-06-27 16:56:24,708 [Listener at 127.0.0.1/40407] INFO  http.HttpServer2 (HttpServer2.java:bindListener(1248)) - Jetty bound to port 41905
2022-06-27 16:56:24,708 [Listener at 127.0.0.1/40407] INFO  server.Server (Server.java:doStart(375)) - jetty-9.4.43.v20210629; built: 2021-06-30T11:07:22.254Z; git: 526006ecfa3af7f1a27ef3a288e2bef7ea9dd7e8; jvm 1.8.0_332-b09
2022-06-27 16:56:24,710 [Listener at 127.0.0.1/40407] INFO  server.session (DefaultSessionIdManager.java:doStart(334)) - DefaultSessionIdManager workerName=node0
2022-06-27 16:56:24,710 [Listener at 127.0.0.1/40407] INFO  server.session (DefaultSessionIdManager.java:doStart(339)) - No SessionScavenger set, using defaults
2022-06-27 16:56:24,713 [Listener at 127.0.0.1/40407] INFO  server.session (HouseKeeper.java:startScavenging(132)) - node0 Scavenging every 660000ms
2022-06-27 16:56:24,721 [Listener at 127.0.0.1/40407] INFO  handler.ContextHandler (ContextHandler.java:doStart(915)) - Started o.e.j.s.ServletContextHandler@2ab04596{logs,/logs,file:///home/runner/work/ozone/ozone/hadoop-ozone/integration-test/target/log,AVAILABLE}
2022-06-27 16:56:24,721 [Listener at 127.0.0.1/40407] INFO  handler.ContextHandler (ContextHandler.java:doStart(915)) - Started o.e.j.s.ServletContextHandler@55d4729f{static,/static,jar:file:/home/runner/.m2/repository/org/apache/ozone/hdds-container-service/1.3.0-SNAPSHOT/hdds-container-service-1.3.0-SNAPSHOT.jar!/webapps/static,AVAILABLE}
2022-06-27 16:56:24,890 [Listener at 127.0.0.1/40407] INFO  handler.ContextHandler (ContextHandler.java:doStart(915)) - Started o.e.j.w.WebAppContext@4a377a8e{hddsDatanode,/,file:///tmp/jetty-0_0_0_0-41905-hdds-container-service-1_3_0-SNAPSHOT_jar-_-any-1870384786160373983/webapp/,AVAILABLE}{jar:file:/home/runner/.m2/repository/org/apache/ozone/hdds-container-service/1.3.0-SNAPSHOT/hdds-container-service-1.3.0-SNAPSHOT.jar!/webapps/hddsDatanode}
2022-06-27 16:56:24,900 [Listener at 127.0.0.1/40407] INFO  server.AbstractConnector (AbstractConnector.java:doStart(331)) - Started ServerConnector@42321695{HTTP/1.1, (http/1.1)}{0.0.0.0:41905}
2022-06-27 16:56:24,900 [Listener at 127.0.0.1/40407] INFO  server.Server (Server.java:doStart(415)) - Started @141794ms
2022-06-27 16:56:24,900 [Listener at 127.0.0.1/40407] WARN  impl.MetricsSystemImpl (MetricsSystemImpl.java:register(279)) - Sink prometheus already exists!
2022-06-27 16:56:24,902 [Listener at 127.0.0.1/40407] INFO  http.BaseHttpServer (BaseHttpServer.java:updateConnectorAddress(329)) - HTTP server of hddsDatanode listening at http://0.0.0.0:41905
2022-06-27 16:56:24,903 [Listener at 127.0.0.1/40407] INFO  ozone.MiniOzoneClusterImpl (MiniOzoneClusterImpl.java:lambda$waitForClusterToBeReady$0(223)) - Waiting for nodes to be ready. Got 0 of 5 DN Heartbeats.
2022-06-27 16:56:24,903 [Listener at 127.0.0.1/40407] INFO  ozone.MiniOzoneClusterImpl (MiniOzoneClusterImpl.java:lambda$waitForClusterToBeReady$0(226)) - Waiting for cluster to exit safe mode
2022-06-27 16:56:24,903 [Listener at 127.0.0.1/40407] INFO  ozone.MiniOzoneClusterImpl (MiniOzoneClusterImpl.java:lambda$waitForClusterToBeReady$0(228)) - SCM became leader
2022-06-27 16:56:24,903 [Datanode State Machine Daemon Thread] INFO  statemachine.DatanodeStateMachine (DatanodeStateMachine.java:lambda$startDaemon$0(492)) - Ozone container server started.
2022-06-27 16:56:24,929 [org.apache.hadoop.util.JvmPauseMonitor$Monitor@6f2c1524] INFO  util.JvmPauseMonitor (JvmPauseMonitor.java:run(188)) - Starting JVM pause monitor
2022-06-27 16:56:24,930 [Datanode State Machine Task Thread - 0] INFO  datanode.InitDatanodeState (InitDatanodeState.java:persistContainerDatanodeDetails(138)) - DatanodeDetails is persisted to /home/runner/work/ozone/ozone/hadoop-ozone/integration-test/target/test-dir/MiniOzoneClusterImpl-66908fe7-3497-48b2-847b-81db60c5ccf5/datanode-4/meta/datanode.id
2022-06-27 16:56:25,225 [EndpointStateMachine task thread for /0.0.0.0:33587 - 0 ] INFO  volume.HddsVolume (HddsVolume.java:createDbStore(309)) - SchemaV3 db is created and loaded at /home/runner/work/ozone/ozone/hadoop-ozone/integration-test/target/test-dir/MiniOzoneClusterImpl-66908fe7-3497-48b2-847b-81db60c5ccf5/datanode-0/data-0/containers/hdds/66908fe7-3497-48b2-847b-81db60c5ccf5/DS-2a18ecf8-300f-42bc-942f-0f387dcc6d74/container.db for volume DS-2a18ecf8-300f-42bc-942f-0f387dcc6d74
2022-06-27 16:56:25,243 [EndpointStateMachine task thread for /0.0.0.0:33587 - 0 ] INFO  volume.HddsVolume (HddsVolume.java:closeDbStore(340)) - SchemaV3 db is stopped at /home/runner/work/ozone/ozone/hadoop-ozone/integration-test/target/test-dir/MiniOzoneClusterImpl-66908fe7-3497-48b2-847b-81db60c5ccf5/datanode-0/data-0/containers/hdds/66908fe7-3497-48b2-847b-81db60c5ccf5/DS-2a18ecf8-300f-42bc-942f-0f387dcc6d74/container.db for volume DS-2a18ecf8-300f-42bc-942f-0f387dcc6d74
2022-06-27 16:56:25,244 [EndpointStateMachine task thread for /0.0.0.0:33587 - 0 ] INFO  ozoneimpl.OzoneContainer (OzoneContainer.java:start(344)) - Attempting to start container services.
2022-06-27 16:56:25,244 [EndpointStateMachine task thread for /0.0.0.0:33587 - 0 ] INFO  ozoneimpl.OzoneContainer (OzoneContainer.java:startContainerScrub(279)) - Background container scanner has been disabled.
2022-06-27 16:56:25,251 [EndpointStateMachine task thread for /0.0.0.0:33587 - 0 ] INFO  replication.ReplicationServer (ReplicationServer.java:start(111)) - ReplicationServer is started using port 45315
2022-06-27 16:56:25,251 [EndpointStateMachine task thread for /0.0.0.0:33587 - 0 ] INFO  ratis.XceiverServerRatis (XceiverServerRatis.java:start(481)) - Starting XceiverServerRatis 3de1546c-8c2e-4aa4-a8af-42deb78e6291
2022-06-27 16:56:25,259 [EndpointStateMachine task thread for /0.0.0.0:33587 - 0 ] INFO  server.RaftServer (RaftServerProxy.java:lambda$start$6(382)) - 3de1546c-8c2e-4aa4-a8af-42deb78e6291: start RPC server
2022-06-27 16:56:25,266 [EndpointStateMachine task thread for /0.0.0.0:33587 - 0 ] INFO  server.GrpcService (GrpcService.java:startImpl(260)) - 3de1546c-8c2e-4aa4-a8af-42deb78e6291: GrpcService started, listening on 34197
2022-06-27 16:56:25,266 [EndpointStateMachine task thread for /0.0.0.0:33587 - 0 ] INFO  ratis.XceiverServerRatis (XceiverServerRatis.java:getRealPort(502)) - XceiverServerRatis 3de1546c-8c2e-4aa4-a8af-42deb78e6291 is started using port 34197 for RATIS
2022-06-27 16:56:25,266 [EndpointStateMachine task thread for /0.0.0.0:33587 - 0 ] INFO  ratis.XceiverServerRatis (XceiverServerRatis.java:getRealPort(502)) - XceiverServerRatis 3de1546c-8c2e-4aa4-a8af-42deb78e6291 is started using port 34197 for RATIS_ADMIN
2022-06-27 16:56:25,266 [EndpointStateMachine task thread for /0.0.0.0:33587 - 0 ] INFO  ratis.XceiverServerRatis (XceiverServerRatis.java:getRealPort(502)) - XceiverServerRatis 3de1546c-8c2e-4aa4-a8af-42deb78e6291 is started using port 34197 for RATIS_SERVER
2022-06-27 16:56:25,267 [org.apache.ratis.util.JvmPauseMonitor$$Lambda$611/5070432@1d80eee8] INFO  util.JvmPauseMonitor (JvmPauseMonitor.java:run(103)) - JvmPauseMonitor-3de1546c-8c2e-4aa4-a8af-42deb78e6291: Started
2022-06-27 16:56:25,290 [EndpointStateMachine task thread for /0.0.0.0:33587 - 0 ] INFO  server.XceiverServerGrpc (XceiverServerGrpc.java:start(180)) - XceiverServerGrpc 3de1546c-8c2e-4aa4-a8af-42deb78e6291 is started using port 42751
2022-06-27 16:56:25,697 [EndpointStateMachine task thread for /0.0.0.0:33587 - 0 ] INFO  volume.HddsVolume (HddsVolume.java:createDbStore(309)) - SchemaV3 db is created and loaded at /home/runner/work/ozone/ozone/hadoop-ozone/integration-test/target/test-dir/MiniOzoneClusterImpl-66908fe7-3497-48b2-847b-81db60c5ccf5/datanode-1/data-0/containers/hdds/66908fe7-3497-48b2-847b-81db60c5ccf5/DS-23664706-76d1-45fc-b1b8-5b066b4b896d/container.db for volume DS-23664706-76d1-45fc-b1b8-5b066b4b896d
2022-06-27 16:56:25,698 [EndpointStateMachine task thread for /0.0.0.0:33587 - 0 ] INFO  volume.HddsVolume (HddsVolume.java:closeDbStore(340)) - SchemaV3 db is stopped at /home/runner/work/ozone/ozone/hadoop-ozone/integration-test/target/test-dir/MiniOzoneClusterImpl-66908fe7-3497-48b2-847b-81db60c5ccf5/datanode-1/data-0/containers/hdds/66908fe7-3497-48b2-847b-81db60c5ccf5/DS-23664706-76d1-45fc-b1b8-5b066b4b896d/container.db for volume DS-23664706-76d1-45fc-b1b8-5b066b4b896d
2022-06-27 16:56:25,698 [EndpointStateMachine task thread for /0.0.0.0:33587 - 0 ] INFO  ozoneimpl.OzoneContainer (OzoneContainer.java:start(344)) - Attempting to start container services.
2022-06-27 16:56:25,698 [EndpointStateMachine task thread for /0.0.0.0:33587 - 0 ] INFO  ozoneimpl.OzoneContainer (OzoneContainer.java:startContainerScrub(279)) - Background container scanner has been disabled.
2022-06-27 16:56:25,715 [EndpointStateMachine task thread for /0.0.0.0:33587 - 0 ] INFO  replication.ReplicationServer (ReplicationServer.java:start(111)) - ReplicationServer is started using port 44797
2022-06-27 16:56:25,716 [EndpointStateMachine task thread for /0.0.0.0:33587 - 0 ] INFO  ratis.XceiverServerRatis (XceiverServerRatis.java:start(481)) - Starting XceiverServerRatis bc887f2d-be8a-4785-be83-b8a81978c60b
2022-06-27 16:56:25,726 [EndpointStateMachine task thread for /0.0.0.0:33587 - 0 ] INFO  server.RaftServer (RaftServerProxy.java:lambda$start$6(382)) - bc887f2d-be8a-4785-be83-b8a81978c60b: start RPC server
2022-06-27 16:56:25,728 [EndpointStateMachine task thread for /0.0.0.0:33587 - 0 ] INFO  server.GrpcService (GrpcService.java:startImpl(260)) - bc887f2d-be8a-4785-be83-b8a81978c60b: GrpcService started, listening on 35037
2022-06-27 16:56:25,729 [EndpointStateMachine task thread for /0.0.0.0:33587 - 0 ] INFO  ratis.XceiverServerRatis (XceiverServerRatis.java:getRealPort(502)) - XceiverServerRatis bc887f2d-be8a-4785-be83-b8a81978c60b is started using port 35037 for RATIS
2022-06-27 16:56:25,729 [EndpointStateMachine task thread for /0.0.0.0:33587 - 0 ] INFO  ratis.XceiverServerRatis (XceiverServerRatis.java:getRealPort(502)) - XceiverServerRatis bc887f2d-be8a-4785-be83-b8a81978c60b is started using port 35037 for RATIS_ADMIN
2022-06-27 16:56:25,729 [EndpointStateMachine task thread for /0.0.0.0:33587 - 0 ] INFO  ratis.XceiverServerRatis (XceiverServerRatis.java:getRealPort(502)) - XceiverServerRatis bc887f2d-be8a-4785-be83-b8a81978c60b is started using port 35037 for RATIS_SERVER
2022-06-27 16:56:25,729 [org.apache.ratis.util.JvmPauseMonitor$$Lambda$611/5070432@6a60831d] INFO  util.JvmPauseMonitor (JvmPauseMonitor.java:run(103)) - JvmPauseMonitor-bc887f2d-be8a-4785-be83-b8a81978c60b: Started
2022-06-27 16:56:25,761 [EndpointStateMachine task thread for /0.0.0.0:33587 - 0 ] INFO  server.XceiverServerGrpc (XceiverServerGrpc.java:start(180)) - XceiverServerGrpc bc887f2d-be8a-4785-be83-b8a81978c60b is started using port 46851
2022-06-27 16:56:25,903 [Listener at 127.0.0.1/40407] INFO  ozone.MiniOzoneClusterImpl (MiniOzoneClusterImpl.java:lambda$waitForClusterToBeReady$0(223)) - Waiting for nodes to be ready. Got 0 of 5 DN Heartbeats.
2022-06-27 16:56:25,903 [Listener at 127.0.0.1/40407] INFO  ozone.MiniOzoneClusterImpl (MiniOzoneClusterImpl.java:lambda$waitForClusterToBeReady$0(226)) - Waiting for cluster to exit safe mode
2022-06-27 16:56:25,903 [Listener at 127.0.0.1/40407] INFO  ozone.MiniOzoneClusterImpl (MiniOzoneClusterImpl.java:lambda$waitForClusterToBeReady$0(228)) - SCM became leader
2022-06-27 16:56:26,205 [EndpointStateMachine task thread for /0.0.0.0:33587 - 0 ] INFO  volume.HddsVolume (HddsVolume.java:createDbStore(309)) - SchemaV3 db is created and loaded at /home/runner/work/ozone/ozone/hadoop-ozone/integration-test/target/test-dir/MiniOzoneClusterImpl-66908fe7-3497-48b2-847b-81db60c5ccf5/datanode-2/data-0/containers/hdds/66908fe7-3497-48b2-847b-81db60c5ccf5/DS-3a90ac8b-c308-44da-8e80-94e19b91ae47/container.db for volume DS-3a90ac8b-c308-44da-8e80-94e19b91ae47
2022-06-27 16:56:26,206 [EndpointStateMachine task thread for /0.0.0.0:33587 - 0 ] INFO  volume.HddsVolume (HddsVolume.java:closeDbStore(340)) - SchemaV3 db is stopped at /home/runner/work/ozone/ozone/hadoop-ozone/integration-test/target/test-dir/MiniOzoneClusterImpl-66908fe7-3497-48b2-847b-81db60c5ccf5/datanode-2/data-0/containers/hdds/66908fe7-3497-48b2-847b-81db60c5ccf5/DS-3a90ac8b-c308-44da-8e80-94e19b91ae47/container.db for volume DS-3a90ac8b-c308-44da-8e80-94e19b91ae47
2022-06-27 16:56:26,206 [EndpointStateMachine task thread for /0.0.0.0:33587 - 0 ] INFO  ozoneimpl.OzoneContainer (OzoneContainer.java:start(344)) - Attempting to start container services.
2022-06-27 16:56:26,207 [EndpointStateMachine task thread for /0.0.0.0:33587 - 0 ] INFO  ozoneimpl.OzoneContainer (OzoneContainer.java:startContainerScrub(279)) - Background container scanner has been disabled.
2022-06-27 16:56:26,227 [EndpointStateMachine task thread for /0.0.0.0:33587 - 0 ] INFO  replication.ReplicationServer (ReplicationServer.java:start(111)) - ReplicationServer is started using port 37795
2022-06-27 16:56:26,228 [EndpointStateMachine task thread for /0.0.0.0:33587 - 0 ] INFO  ratis.XceiverServerRatis (XceiverServerRatis.java:start(481)) - Starting XceiverServerRatis dca6aaee-9331-4135-ba39-5d4da9c5694b
2022-06-27 16:56:26,230 [EndpointStateMachine task thread for /0.0.0.0:33587 - 0 ] INFO  server.RaftServer (RaftServerProxy.java:lambda$start$6(382)) - dca6aaee-9331-4135-ba39-5d4da9c5694b: start RPC server
2022-06-27 16:56:26,241 [EndpointStateMachine task thread for /0.0.0.0:33587 - 0 ] INFO  server.GrpcService (GrpcService.java:startImpl(260)) - dca6aaee-9331-4135-ba39-5d4da9c5694b: GrpcService started, listening on 41117
2022-06-27 16:56:26,242 [EndpointStateMachine task thread for /0.0.0.0:33587 - 0 ] INFO  ratis.XceiverServerRatis (XceiverServerRatis.java:getRealPort(502)) - XceiverServerRatis dca6aaee-9331-4135-ba39-5d4da9c5694b is started using port 41117 for RATIS
2022-06-27 16:56:26,242 [EndpointStateMachine task thread for /0.0.0.0:33587 - 0 ] INFO  ratis.XceiverServerRatis (XceiverServerRatis.java:getRealPort(502)) - XceiverServerRatis dca6aaee-9331-4135-ba39-5d4da9c5694b is started using port 41117 for RATIS_ADMIN
2022-06-27 16:56:26,242 [EndpointStateMachine task thread for /0.0.0.0:33587 - 0 ] INFO  ratis.XceiverServerRatis (XceiverServerRatis.java:getRealPort(502)) - XceiverServerRatis dca6aaee-9331-4135-ba39-5d4da9c5694b is started using port 41117 for RATIS_SERVER
2022-06-27 16:56:26,242 [org.apache.ratis.util.JvmPauseMonitor$$Lambda$611/5070432@72a61976] INFO  util.JvmPauseMonitor (JvmPauseMonitor.java:run(103)) - JvmPauseMonitor-dca6aaee-9331-4135-ba39-5d4da9c5694b: Started
2022-06-27 16:56:26,261 [EndpointStateMachine task thread for /0.0.0.0:33587 - 0 ] INFO  server.XceiverServerGrpc (XceiverServerGrpc.java:start(180)) - XceiverServerGrpc dca6aaee-9331-4135-ba39-5d4da9c5694b is started using port 44043
2022-06-27 16:56:26,661 [EndpointStateMachine task thread for /0.0.0.0:33587 - 0 ] INFO  volume.HddsVolume (HddsVolume.java:createDbStore(309)) - SchemaV3 db is created and loaded at /home/runner/work/ozone/ozone/hadoop-ozone/integration-test/target/test-dir/MiniOzoneClusterImpl-66908fe7-3497-48b2-847b-81db60c5ccf5/datanode-3/data-0/containers/hdds/66908fe7-3497-48b2-847b-81db60c5ccf5/DS-e406e885-1d5c-4cab-912e-6b63ba019fad/container.db for volume DS-e406e885-1d5c-4cab-912e-6b63ba019fad
2022-06-27 16:56:26,662 [EndpointStateMachine task thread for /0.0.0.0:33587 - 0 ] INFO  volume.HddsVolume (HddsVolume.java:closeDbStore(340)) - SchemaV3 db is stopped at /home/runner/work/ozone/ozone/hadoop-ozone/integration-test/target/test-dir/MiniOzoneClusterImpl-66908fe7-3497-48b2-847b-81db60c5ccf5/datanode-3/data-0/containers/hdds/66908fe7-3497-48b2-847b-81db60c5ccf5/DS-e406e885-1d5c-4cab-912e-6b63ba019fad/container.db for volume DS-e406e885-1d5c-4cab-912e-6b63ba019fad
2022-06-27 16:56:26,662 [EndpointStateMachine task thread for /0.0.0.0:33587 - 0 ] INFO  ozoneimpl.OzoneContainer (OzoneContainer.java:start(344)) - Attempting to start container services.
2022-06-27 16:56:26,662 [EndpointStateMachine task thread for /0.0.0.0:33587 - 0 ] INFO  ozoneimpl.OzoneContainer (OzoneContainer.java:startContainerScrub(279)) - Background container scanner has been disabled.
2022-06-27 16:56:26,677 [EndpointStateMachine task thread for /0.0.0.0:33587 - 0 ] INFO  replication.ReplicationServer (ReplicationServer.java:start(111)) - ReplicationServer is started using port 41725
2022-06-27 16:56:26,685 [EndpointStateMachine task thread for /0.0.0.0:33587 - 0 ] INFO  ratis.XceiverServerRatis (XceiverServerRatis.java:start(481)) - Starting XceiverServerRatis 0b59cd30-60f6-4924-b4b6-f1f6b75cfaa0
2022-06-27 16:56:26,686 [EndpointStateMachine task thread for /0.0.0.0:33587 - 0 ] INFO  server.RaftServer (RaftServerProxy.java:lambda$start$6(382)) - 0b59cd30-60f6-4924-b4b6-f1f6b75cfaa0: start RPC server
2022-06-27 16:56:26,697 [EndpointStateMachine task thread for /0.0.0.0:33587 - 0 ] INFO  server.GrpcService (GrpcService.java:startImpl(260)) - 0b59cd30-60f6-4924-b4b6-f1f6b75cfaa0: GrpcService started, listening on 44561
2022-06-27 16:56:26,697 [EndpointStateMachine task thread for /0.0.0.0:33587 - 0 ] INFO  ratis.XceiverServerRatis (XceiverServerRatis.java:getRealPort(502)) - XceiverServerRatis 0b59cd30-60f6-4924-b4b6-f1f6b75cfaa0 is started using port 44561 for RATIS
2022-06-27 16:56:26,697 [EndpointStateMachine task thread for /0.0.0.0:33587 - 0 ] INFO  ratis.XceiverServerRatis (XceiverServerRatis.java:getRealPort(502)) - XceiverServerRatis 0b59cd30-60f6-4924-b4b6-f1f6b75cfaa0 is started using port 44561 for RATIS_ADMIN
2022-06-27 16:56:26,697 [EndpointStateMachine task thread for /0.0.0.0:33587 - 0 ] INFO  ratis.XceiverServerRatis (XceiverServerRatis.java:getRealPort(502)) - XceiverServerRatis 0b59cd30-60f6-4924-b4b6-f1f6b75cfaa0 is started using port 44561 for RATIS_SERVER
2022-06-27 16:56:26,701 [org.apache.ratis.util.JvmPauseMonitor$$Lambda$611/5070432@6a1552aa] INFO  util.JvmPauseMonitor (JvmPauseMonitor.java:run(103)) - JvmPauseMonitor-0b59cd30-60f6-4924-b4b6-f1f6b75cfaa0: Started
2022-06-27 16:56:26,717 [EndpointStateMachine task thread for /0.0.0.0:33587 - 0 ] INFO  server.XceiverServerGrpc (XceiverServerGrpc.java:start(180)) - XceiverServerGrpc 0b59cd30-60f6-4924-b4b6-f1f6b75cfaa0 is started using port 45323
2022-06-27 16:56:26,904 [Listener at 127.0.0.1/40407] INFO  ozone.MiniOzoneClusterImpl (MiniOzoneClusterImpl.java:lambda$waitForClusterToBeReady$0(223)) - Waiting for nodes to be ready. Got 0 of 5 DN Heartbeats.
2022-06-27 16:56:26,904 [Listener at 127.0.0.1/40407] INFO  ozone.MiniOzoneClusterImpl (MiniOzoneClusterImpl.java:lambda$waitForClusterToBeReady$0(226)) - Waiting for cluster to exit safe mode
2022-06-27 16:56:26,904 [Listener at 127.0.0.1/40407] INFO  ozone.MiniOzoneClusterImpl (MiniOzoneClusterImpl.java:lambda$waitForClusterToBeReady$0(228)) - SCM became leader
2022-06-27 16:56:26,960 [EndpointStateMachine task thread for /0.0.0.0:33587 - 0 ] INFO  volume.HddsVolume (HddsVolume.java:createDbStore(309)) - SchemaV3 db is created and loaded at /home/runner/work/ozone/ozone/hadoop-ozone/integration-test/target/test-dir/MiniOzoneClusterImpl-66908fe7-3497-48b2-847b-81db60c5ccf5/datanode-4/data-0/containers/hdds/66908fe7-3497-48b2-847b-81db60c5ccf5/DS-7feaf7da-f948-4b08-a981-22dc686c0910/container.db for volume DS-7feaf7da-f948-4b08-a981-22dc686c0910
2022-06-27 16:56:26,961 [EndpointStateMachine task thread for /0.0.0.0:33587 - 0 ] INFO  volume.HddsVolume (HddsVolume.java:closeDbStore(340)) - SchemaV3 db is stopped at /home/runner/work/ozone/ozone/hadoop-ozone/integration-test/target/test-dir/MiniOzoneClusterImpl-66908fe7-3497-48b2-847b-81db60c5ccf5/datanode-4/data-0/containers/hdds/66908fe7-3497-48b2-847b-81db60c5ccf5/DS-7feaf7da-f948-4b08-a981-22dc686c0910/container.db for volume DS-7feaf7da-f948-4b08-a981-22dc686c0910
2022-06-27 16:56:26,961 [EndpointStateMachine task thread for /0.0.0.0:33587 - 0 ] INFO  ozoneimpl.OzoneContainer (OzoneContainer.java:start(344)) - Attempting to start container services.
2022-06-27 16:56:26,961 [EndpointStateMachine task thread for /0.0.0.0:33587 - 0 ] INFO  ozoneimpl.OzoneContainer (OzoneContainer.java:startContainerScrub(279)) - Background container scanner has been disabled.
2022-06-27 16:56:26,973 [EndpointStateMachine task thread for /0.0.0.0:33587 - 0 ] INFO  replication.ReplicationServer (ReplicationServer.java:start(111)) - ReplicationServer is started using port 46471
2022-06-27 16:56:26,986 [EndpointStateMachine task thread for /0.0.0.0:33587 - 0 ] INFO  ratis.XceiverServerRatis (XceiverServerRatis.java:start(481)) - Starting XceiverServerRatis 0d287d21-4bad-479d-87d5-0441403d4034
2022-06-27 16:56:26,988 [EndpointStateMachine task thread for /0.0.0.0:33587 - 0 ] INFO  server.RaftServer (RaftServerProxy.java:lambda$start$6(382)) - 0d287d21-4bad-479d-87d5-0441403d4034: start RPC server
2022-06-27 16:56:26,990 [EndpointStateMachine task thread for /0.0.0.0:33587 - 0 ] INFO  server.GrpcService (GrpcService.java:startImpl(260)) - 0d287d21-4bad-479d-87d5-0441403d4034: GrpcService started, listening on 40147
2022-06-27 16:56:26,991 [EndpointStateMachine task thread for /0.0.0.0:33587 - 0 ] INFO  ratis.XceiverServerRatis (XceiverServerRatis.java:getRealPort(502)) - XceiverServerRatis 0d287d21-4bad-479d-87d5-0441403d4034 is started using port 40147 for RATIS
2022-06-27 16:56:26,991 [EndpointStateMachine task thread for /0.0.0.0:33587 - 0 ] INFO  ratis.XceiverServerRatis (XceiverServerRatis.java:getRealPort(502)) - XceiverServerRatis 0d287d21-4bad-479d-87d5-0441403d4034 is started using port 40147 for RATIS_ADMIN
2022-06-27 16:56:26,991 [EndpointStateMachine task thread for /0.0.0.0:33587 - 0 ] INFO  ratis.XceiverServerRatis (XceiverServerRatis.java:getRealPort(502)) - XceiverServerRatis 0d287d21-4bad-479d-87d5-0441403d4034 is started using port 40147 for RATIS_SERVER
2022-06-27 16:56:26,991 [org.apache.ratis.util.JvmPauseMonitor$$Lambda$611/5070432@48578db9] INFO  util.JvmPauseMonitor (JvmPauseMonitor.java:run(103)) - JvmPauseMonitor-0d287d21-4bad-479d-87d5-0441403d4034: Started
2022-06-27 16:56:27,021 [EndpointStateMachine task thread for /0.0.0.0:33587 - 0 ] INFO  server.XceiverServerGrpc (XceiverServerGrpc.java:start(180)) - XceiverServerGrpc 0d287d21-4bad-479d-87d5-0441403d4034 is started using port 43851
2022-06-27 16:56:27,191 [IPC Server handler 18 on default port 33587] INFO  net.NetworkTopologyImpl (NetworkTopologyImpl.java:add(112)) - Added a new node: /default-rack/3de1546c-8c2e-4aa4-a8af-42deb78e6291
2022-06-27 16:56:27,191 [IPC Server handler 18 on default port 33587] INFO  node.SCMNodeManager (SCMNodeManager.java:register(397)) - Registered Data node : 3de1546c-8c2e-4aa4-a8af-42deb78e6291{ip: 10.1.0.22, host: fv-az215-30.fk02tkdpp51uda4i120yanydqb.bx.internal.cloudapp.net, ports: [REPLICATION=45315, RATIS=34197, RATIS_ADMIN=34197, RATIS_SERVER=34197, STANDALONE=42751], networkLocation: /default-rack, certSerialId: null, persistedOpState: null, persistedOpStateExpiryEpochSec: 0}
2022-06-27 16:56:27,193 [EventQueue-NodeRegistrationContainerReportForContainerSafeModeRule] INFO  safemode.SCMSafeModeManager (SCMSafeModeManager.java:validateSafeModeExitRules(204)) - ContainerSafeModeRule rule is successfully validated
2022-06-27 16:56:27,193 [EventQueue-NodeRegistrationContainerReportForDataNodeSafeModeRule] INFO  safemode.SCMSafeModeManager (DataNodeSafeModeRule.java:process(71)) - SCM in safe mode. 1 DataNodes registered, 3 required.
2022-06-27 16:56:27,196 [EventQueue-NewNodeForNewNodeHandler] INFO  pipeline.BackgroundPipelineCreator (BackgroundPipelineCreator.java:notifyEventTriggered(275)) - trigger a one-shot run on RatisPipelineUtilsThread.
2022-06-27 16:56:27,196 [RatisPipelineUtilsThread - 0] INFO  pipeline.RatisPipelineProvider (RatisPipelineProvider.java:lambda$create$0(195)) - Sending CreatePipelineCommand for pipeline:PipelineID=8205d19b-a9d6-4205-8388-34b4787f7bf9 to datanode:3de1546c-8c2e-4aa4-a8af-42deb78e6291
2022-06-27 16:56:27,197 [EventQueue-PipelineReportForOneReplicaPipelineSafeModeRule] INFO  safemode.SCMSafeModeManager (SCMSafeModeManager.java:validateSafeModeExitRules(204)) - AtleastOneDatanodeReportedRule rule is successfully validated
2022-06-27 16:56:27,198 [RatisPipelineUtilsThread - 0] INFO  pipeline.PipelineStateManagerImpl (PipelineStateManagerImpl.java:addPipeline(101)) - Created pipeline Pipeline[ Id: 8205d19b-a9d6-4205-8388-34b4787f7bf9, Nodes: 3de1546c-8c2e-4aa4-a8af-42deb78e6291{ip: 10.1.0.22, host: fv-az215-30.fk02tkdpp51uda4i120yanydqb.bx.internal.cloudapp.net, ports: [REPLICATION=45315, RATIS=34197, RATIS_ADMIN=34197, RATIS_SERVER=34197, STANDALONE=42751], networkLocation: /default-rack, certSerialId: null, persistedOpState: IN_SERVICE, persistedOpStateExpiryEpochSec: 0}, ReplicationConfig: RATIS/ONE, State:ALLOCATED, leaderId:, CreationTimestamp2022-06-27T16:56:27.196Z[Etc/UTC]].
2022-06-27 16:56:27,658 [IPC Server handler 1 on default port 33587] INFO  net.NetworkTopologyImpl (NetworkTopologyImpl.java:add(112)) - Added a new node: /default-rack/bc887f2d-be8a-4785-be83-b8a81978c60b
2022-06-27 16:56:27,658 [IPC Server handler 1 on default port 33587] INFO  node.SCMNodeManager (SCMNodeManager.java:register(397)) - Registered Data node : bc887f2d-be8a-4785-be83-b8a81978c60b{ip: 10.1.0.22, host: fv-az215-30.fk02tkdpp51uda4i120yanydqb.bx.internal.cloudapp.net, ports: [REPLICATION=44797, RATIS=35037, RATIS_ADMIN=35037, RATIS_SERVER=35037, STANDALONE=46851], networkLocation: /default-rack, certSerialId: null, persistedOpState: null, persistedOpStateExpiryEpochSec: 0}
2022-06-27 16:56:27,658 [EventQueue-NewNodeForNewNodeHandler] INFO  pipeline.BackgroundPipelineCreator (BackgroundPipelineCreator.java:notifyEventTriggered(275)) - trigger a one-shot run on RatisPipelineUtilsThread.
2022-06-27 16:56:27,659 [EventQueue-NodeRegistrationContainerReportForDataNodeSafeModeRule] INFO  safemode.SCMSafeModeManager (DataNodeSafeModeRule.java:process(71)) - SCM in safe mode. 2 DataNodes registered, 3 required.
2022-06-27 16:56:27,662 [RatisPipelineUtilsThread - 0] INFO  pipeline.RatisPipelineProvider (RatisPipelineProvider.java:lambda$create$0(195)) - Sending CreatePipelineCommand for pipeline:PipelineID=34159a37-fad6-4ef0-92b6-829a91e06383 to datanode:bc887f2d-be8a-4785-be83-b8a81978c60b
2022-06-27 16:56:27,662 [RatisPipelineUtilsThread - 0] INFO  pipeline.PipelineStateManagerImpl (PipelineStateManagerImpl.java:addPipeline(101)) - Created pipeline Pipeline[ Id: 34159a37-fad6-4ef0-92b6-829a91e06383, Nodes: bc887f2d-be8a-4785-be83-b8a81978c60b{ip: 10.1.0.22, host: fv-az215-30.fk02tkdpp51uda4i120yanydqb.bx.internal.cloudapp.net, ports: [REPLICATION=44797, RATIS=35037, RATIS_ADMIN=35037, RATIS_SERVER=35037, STANDALONE=46851], networkLocation: /default-rack, certSerialId: null, persistedOpState: IN_SERVICE, persistedOpStateExpiryEpochSec: 0}, ReplicationConfig: RATIS/ONE, State:ALLOCATED, leaderId:, CreationTimestamp2022-06-27T16:56:27.662Z[Etc/UTC]].
2022-06-27 16:56:27,904 [Listener at 127.0.0.1/40407] INFO  ozone.MiniOzoneClusterImpl (MiniOzoneClusterImpl.java:lambda$waitForClusterToBeReady$0(223)) - Waiting for nodes to be ready. Got 2 of 5 DN Heartbeats.
2022-06-27 16:56:27,904 [Listener at 127.0.0.1/40407] INFO  ozone.MiniOzoneClusterImpl (MiniOzoneClusterImpl.java:lambda$waitForClusterToBeReady$0(226)) - Waiting for cluster to exit safe mode
2022-06-27 16:56:27,904 [Listener at 127.0.0.1/40407] INFO  ozone.MiniOzoneClusterImpl (MiniOzoneClusterImpl.java:lambda$waitForClusterToBeReady$0(228)) - SCM became leader
2022-06-27 16:56:28,157 [IPC Server handler 18 on default port 33587] INFO  net.NetworkTopologyImpl (NetworkTopologyImpl.java:add(112)) - Added a new node: /default-rack/dca6aaee-9331-4135-ba39-5d4da9c5694b
2022-06-27 16:56:28,157 [IPC Server handler 18 on default port 33587] INFO  node.SCMNodeManager (SCMNodeManager.java:register(397)) - Registered Data node : dca6aaee-9331-4135-ba39-5d4da9c5694b{ip: 10.1.0.22, host: fv-az215-30.fk02tkdpp51uda4i120yanydqb.bx.internal.cloudapp.net, ports: [REPLICATION=37795, RATIS=41117, RATIS_ADMIN=41117, RATIS_SERVER=41117, STANDALONE=44043], networkLocation: /default-rack, certSerialId: null, persistedOpState: null, persistedOpStateExpiryEpochSec: 0}
2022-06-27 16:56:28,157 [EventQueue-NewNodeForNewNodeHandler] INFO  pipeline.BackgroundPipelineCreator (BackgroundPipelineCreator.java:notifyEventTriggered(275)) - trigger a one-shot run on RatisPipelineUtilsThread.
2022-06-27 16:56:28,158 [EventQueue-NodeRegistrationContainerReportForDataNodeSafeModeRule] INFO  safemode.SCMSafeModeManager (DataNodeSafeModeRule.java:process(71)) - SCM in safe mode. 3 DataNodes registered, 3 required.
2022-06-27 16:56:28,158 [EventQueue-NodeRegistrationContainerReportForDataNodeSafeModeRule] INFO  safemode.SCMSafeModeManager (SCMSafeModeManager.java:validateSafeModeExitRules(204)) - DataNodeSafeModeRule rule is successfully validated
2022-06-27 16:56:28,158 [EventQueue-NodeRegistrationContainerReportForDataNodeSafeModeRule] INFO  safemode.SCMSafeModeManager (SCMSafeModeManager.java:completePreCheck(233)) - All SCM safe mode pre check rules have passed
2022-06-27 16:56:28,158 [EventQueue-NodeRegistrationContainerReportForDataNodeSafeModeRule] WARN  events.EventQueue (EventQueue.java:fireEvent(216)) - No event handler registered for event TypedEvent{payloadType=SafeModeStatus, name='Safe mode status'}
2022-06-27 16:56:28,158 [EventQueue-NodeRegistrationContainerReportForDataNodeSafeModeRule] INFO  ha.SCMContext (SCMContext.java:updateSafeModeStatus(228)) - Update SafeModeStatus from SafeModeStatus{safeModeStatus=true, preCheckPassed=false} to SafeModeStatus{safeModeStatus=true, preCheckPassed=true}.
2022-06-27 16:56:28,158 [EventQueue-NodeRegistrationContainerReportForDataNodeSafeModeRule] INFO  pipeline.BackgroundPipelineCreator (BackgroundPipelineCreator.java:notifyEventTriggered(275)) - trigger a one-shot run on RatisPipelineUtilsThread.
2022-06-27 16:56:28,159 [RatisPipelineUtilsThread - 0] INFO  pipeline.RatisPipelineProvider (RatisPipelineProvider.java:lambda$create$0(195)) - Sending CreatePipelineCommand for pipeline:PipelineID=96810261-6cd4-4f0c-ab0d-4392f390832c to datanode:dca6aaee-9331-4135-ba39-5d4da9c5694b
2022-06-27 16:56:28,159 [RatisPipelineUtilsThread - 0] INFO  pipeline.PipelineStateManagerImpl (PipelineStateManagerImpl.java:addPipeline(101)) - Created pipeline Pipeline[ Id: 96810261-6cd4-4f0c-ab0d-4392f390832c, Nodes: dca6aaee-9331-4135-ba39-5d4da9c5694b{ip: 10.1.0.22, host: fv-az215-30.fk02tkdpp51uda4i120yanydqb.bx.internal.cloudapp.net, ports: [REPLICATION=37795, RATIS=41117, RATIS_ADMIN=41117, RATIS_SERVER=41117, STANDALONE=44043], networkLocation: /default-rack, certSerialId: null, persistedOpState: IN_SERVICE, persistedOpStateExpiryEpochSec: 0}, ReplicationConfig: RATIS/ONE, State:ALLOCATED, leaderId:, CreationTimestamp2022-06-27T16:56:28.159Z[Etc/UTC]].
2022-06-27 16:56:28,160 [RatisPipelineUtilsThread - 0] INFO  pipeline.RatisPipelineProvider (RatisPipelineProvider.java:lambda$create$0(195)) - Sending CreatePipelineCommand for pipeline:PipelineID=589459f4-e877-4ea0-b925-0b60abd16714 to datanode:bc887f2d-be8a-4785-be83-b8a81978c60b
2022-06-27 16:56:28,160 [RatisPipelineUtilsThread - 0] INFO  pipeline.RatisPipelineProvider (RatisPipelineProvider.java:lambda$create$0(195)) - Sending CreatePipelineCommand for pipeline:PipelineID=589459f4-e877-4ea0-b925-0b60abd16714 to datanode:dca6aaee-9331-4135-ba39-5d4da9c5694b
2022-06-27 16:56:28,160 [RatisPipelineUtilsThread - 0] INFO  pipeline.RatisPipelineProvider (RatisPipelineProvider.java:lambda$create$0(195)) - Sending CreatePipelineCommand for pipeline:PipelineID=589459f4-e877-4ea0-b925-0b60abd16714 to datanode:3de1546c-8c2e-4aa4-a8af-42deb78e6291
2022-06-27 16:56:28,160 [RatisPipelineUtilsThread - 0] INFO  pipeline.PipelineStateManagerImpl (PipelineStateManagerImpl.java:addPipeline(101)) - Created pipeline Pipeline[ Id: 589459f4-e877-4ea0-b925-0b60abd16714, Nodes: bc887f2d-be8a-4785-be83-b8a81978c60b{ip: 10.1.0.22, host: fv-az215-30.fk02tkdpp51uda4i120yanydqb.bx.internal.cloudapp.net, ports: [REPLICATION=44797, RATIS=35037, RATIS_ADMIN=35037, RATIS_SERVER=35037, STANDALONE=46851], networkLocation: /default-rack, certSerialId: null, persistedOpState: IN_SERVICE, persistedOpStateExpiryEpochSec: 0}dca6aaee-9331-4135-ba39-5d4da9c5694b{ip: 10.1.0.22, host: fv-az215-30.fk02tkdpp51uda4i120yanydqb.bx.internal.cloudapp.net, ports: [REPLICATION=37795, RATIS=41117, RATIS_ADMIN=41117, RATIS_SERVER=41117, STANDALONE=44043], networkLocation: /default-rack, certSerialId: null, persistedOpState: IN_SERVICE, persistedOpStateExpiryEpochSec: 0}3de1546c-8c2e-4aa4-a8af-42deb78e6291{ip: 10.1.0.22, host: fv-az215-30.fk02tkdpp51uda4i120yanydqb.bx.internal.cloudapp.net, ports: [REPLICATION=45315, RATIS=34197, RATIS_ADMIN=34197, RATIS_SERVER=34197, STANDALONE=42751], networkLocation: /default-rack, certSerialId: null, persistedOpState: IN_SERVICE, persistedOpStateExpiryEpochSec: 0}, ReplicationConfig: RATIS/THREE, State:ALLOCATED, leaderId:, CreationTimestamp2022-06-27T16:56:28.160Z[Etc/UTC]].
2022-06-27 16:56:28,160 [RatisPipelineUtilsThread - 0] INFO  pipeline.RatisPipelineProvider (RatisPipelineProvider.java:lambda$create$0(195)) - Sending CreatePipelineCommand for pipeline:PipelineID=b78c9d7f-4c44-4459-9f51-afcda00b9a33 to datanode:dca6aaee-9331-4135-ba39-5d4da9c5694b
2022-06-27 16:56:28,161 [RatisPipelineUtilsThread - 0] INFO  pipeline.RatisPipelineProvider (RatisPipelineProvider.java:lambda$create$0(195)) - Sending CreatePipelineCommand for pipeline:PipelineID=b78c9d7f-4c44-4459-9f51-afcda00b9a33 to datanode:3de1546c-8c2e-4aa4-a8af-42deb78e6291
2022-06-27 16:56:28,161 [RatisPipelineUtilsThread - 0] INFO  pipeline.RatisPipelineProvider (RatisPipelineProvider.java:lambda$create$0(195)) - Sending CreatePipelineCommand for pipeline:PipelineID=b78c9d7f-4c44-4459-9f51-afcda00b9a33 to datanode:bc887f2d-be8a-4785-be83-b8a81978c60b
2022-06-27 16:56:28,161 [RatisPipelineUtilsThread - 0] INFO  pipeline.PipelineStateManagerImpl (PipelineStateManagerImpl.java:addPipeline(101)) - Created pipeline Pipeline[ Id: b78c9d7f-4c44-4459-9f51-afcda00b9a33, Nodes: dca6aaee-9331-4135-ba39-5d4da9c5694b{ip: 10.1.0.22, host: fv-az215-30.fk02tkdpp51uda4i120yanydqb.bx.internal.cloudapp.net, ports: [REPLICATION=37795, RATIS=41117, RATIS_ADMIN=41117, RATIS_SERVER=41117, STANDALONE=44043], networkLocation: /default-rack, certSerialId: null, persistedOpState: IN_SERVICE, persistedOpStateExpiryEpochSec: 0}3de1546c-8c2e-4aa4-a8af-42deb78e6291{ip: 10.1.0.22, host: fv-az215-30.fk02tkdpp51uda4i120yanydqb.bx.internal.cloudapp.net, ports: [REPLICATION=45315, RATIS=34197, RATIS_ADMIN=34197, RATIS_SERVER=34197, STANDALONE=42751], networkLocation: /default-rack, certSerialId: null, persistedOpState: IN_SERVICE, persistedOpStateExpiryEpochSec: 0}bc887f2d-be8a-4785-be83-b8a81978c60b{ip: 10.1.0.22, host: fv-az215-30.fk02tkdpp51uda4i120yanydqb.bx.internal.cloudapp.net, ports: [REPLICATION=44797, RATIS=35037, RATIS_ADMIN=35037, RATIS_SERVER=35037, STANDALONE=46851], networkLocation: /default-rack, certSerialId: null, persistedOpState: IN_SERVICE, persistedOpStateExpiryEpochSec: 0}, ReplicationConfig: RATIS/THREE, State:ALLOCATED, leaderId:, CreationTimestamp2022-06-27T16:56:28.160Z[Etc/UTC]].
2022-06-27 16:56:28,161 [RatisPipelineUtilsThread - 0] INFO  pipeline.PipelineManagerImpl (PipelineManagerImpl.java:recordMetricsForPipeline(780)) - Pipeline: PipelineID=b78c9d7f-4c44-4459-9f51-afcda00b9a33 contains same datanodes as previous pipelines: PipelineID=589459f4-e877-4ea0-b925-0b60abd16714 nodeIds: dca6aaee-9331-4135-ba39-5d4da9c5694b, 3de1546c-8c2e-4aa4-a8af-42deb78e6291, bc887f2d-be8a-4785-be83-b8a81978c60b
2022-06-27 16:56:28,624 [IPC Server handler 0 on default port 33587] INFO  net.NetworkTopologyImpl (NetworkTopologyImpl.java:add(112)) - Added a new node: /default-rack/0b59cd30-60f6-4924-b4b6-f1f6b75cfaa0
2022-06-27 16:56:28,624 [IPC Server handler 0 on default port 33587] INFO  node.SCMNodeManager (SCMNodeManager.java:register(397)) - Registered Data node : 0b59cd30-60f6-4924-b4b6-f1f6b75cfaa0{ip: 10.1.0.22, host: fv-az215-30.fk02tkdpp51uda4i120yanydqb.bx.internal.cloudapp.net, ports: [REPLICATION=41725, RATIS=44561, RATIS_ADMIN=44561, RATIS_SERVER=44561, STANDALONE=45323], networkLocation: /default-rack, certSerialId: null, persistedOpState: null, persistedOpStateExpiryEpochSec: 0}
2022-06-27 16:56:28,624 [EventQueue-NewNodeForNewNodeHandler] INFO  pipeline.BackgroundPipelineCreator (BackgroundPipelineCreator.java:notifyEventTriggered(275)) - trigger a one-shot run on RatisPipelineUtilsThread.
2022-06-27 16:56:28,626 [RatisPipelineUtilsThread - 0] INFO  pipeline.RatisPipelineProvider (RatisPipelineProvider.java:lambda$create$0(195)) - Sending CreatePipelineCommand for pipeline:PipelineID=6d05dab2-786c-48d4-9a1b-4149bae41c97 to datanode:0b59cd30-60f6-4924-b4b6-f1f6b75cfaa0
2022-06-27 16:56:28,627 [RatisPipelineUtilsThread - 0] INFO  pipeline.PipelineStateManagerImpl (PipelineStateManagerImpl.java:addPipeline(101)) - Created pipeline Pipeline[ Id: 6d05dab2-786c-48d4-9a1b-4149bae41c97, Nodes: 0b59cd30-60f6-4924-b4b6-f1f6b75cfaa0{ip: 10.1.0.22, host: fv-az215-30.fk02tkdpp51uda4i120yanydqb.bx.internal.cloudapp.net, ports: [REPLICATION=41725, RATIS=44561, RATIS_ADMIN=44561, RATIS_SERVER=44561, STANDALONE=45323], networkLocation: /default-rack, certSerialId: null, persistedOpState: IN_SERVICE, persistedOpStateExpiryEpochSec: 0}, ReplicationConfig: RATIS/ONE, State:ALLOCATED, leaderId:, CreationTimestamp2022-06-27T16:56:28.626Z[Etc/UTC]].
2022-06-27 16:56:28,904 [Listener at 127.0.0.1/40407] INFO  ozone.MiniOzoneClusterImpl (MiniOzoneClusterImpl.java:lambda$waitForClusterToBeReady$0(223)) - Waiting for nodes to be ready. Got 4 of 5 DN Heartbeats.
2022-06-27 16:56:28,905 [Listener at 127.0.0.1/40407] INFO  ozone.MiniOzoneClusterImpl (MiniOzoneClusterImpl.java:lambda$waitForClusterToBeReady$0(226)) - Waiting for cluster to exit safe mode
2022-06-27 16:56:28,905 [Listener at 127.0.0.1/40407] INFO  ozone.MiniOzoneClusterImpl (MiniOzoneClusterImpl.java:lambda$waitForClusterToBeReady$0(228)) - SCM became leader
2022-06-27 16:56:28,929 [IPC Server handler 18 on default port 33587] INFO  net.NetworkTopologyImpl (NetworkTopologyImpl.java:add(112)) - Added a new node: /default-rack/0d287d21-4bad-479d-87d5-0441403d4034
2022-06-27 16:56:28,929 [IPC Server handler 18 on default port 33587] INFO  node.SCMNodeManager (SCMNodeManager.java:register(397)) - Registered Data node : 0d287d21-4bad-479d-87d5-0441403d4034{ip: 10.1.0.22, host: fv-az215-30.fk02tkdpp51uda4i120yanydqb.bx.internal.cloudapp.net, ports: [REPLICATION=46471, RATIS=40147, RATIS_ADMIN=40147, RATIS_SERVER=40147, STANDALONE=43851], networkLocation: /default-rack, certSerialId: null, persistedOpState: null, persistedOpStateExpiryEpochSec: 0}
2022-06-27 16:56:28,930 [EventQueue-NewNodeForNewNodeHandler] INFO  pipeline.BackgroundPipelineCreator (BackgroundPipelineCreator.java:notifyEventTriggered(275)) - trigger a one-shot run on RatisPipelineUtilsThread.
2022-06-27 16:56:28,930 [RatisPipelineUtilsThread - 0] INFO  pipeline.RatisPipelineProvider (RatisPipelineProvider.java:lambda$create$0(195)) - Sending CreatePipelineCommand for pipeline:PipelineID=7495f7e2-7340-43c6-a564-168604bb7435 to datanode:0d287d21-4bad-479d-87d5-0441403d4034
2022-06-27 16:56:28,931 [RatisPipelineUtilsThread - 0] INFO  pipeline.PipelineStateManagerImpl (PipelineStateManagerImpl.java:addPipeline(101)) - Created pipeline Pipeline[ Id: 7495f7e2-7340-43c6-a564-168604bb7435, Nodes: 0d287d21-4bad-479d-87d5-0441403d4034{ip: 10.1.0.22, host: fv-az215-30.fk02tkdpp51uda4i120yanydqb.bx.internal.cloudapp.net, ports: [REPLICATION=46471, RATIS=40147, RATIS_ADMIN=40147, RATIS_SERVER=40147, STANDALONE=43851], networkLocation: /default-rack, certSerialId: null, persistedOpState: IN_SERVICE, persistedOpStateExpiryEpochSec: 0}, ReplicationConfig: RATIS/ONE, State:ALLOCATED, leaderId:, CreationTimestamp2022-06-27T16:56:28.930Z[Etc/UTC]].
2022-06-27 16:56:29,905 [Listener at 127.0.0.1/40407] INFO  ozone.MiniOzoneClusterImpl (MiniOzoneClusterImpl.java:lambda$waitForClusterToBeReady$0(223)) - Nodes are ready. Got 5 of 5 DN Heartbeats.
2022-06-27 16:56:29,905 [Listener at 127.0.0.1/40407] INFO  ozone.MiniOzoneClusterImpl (MiniOzoneClusterImpl.java:lambda$waitForClusterToBeReady$0(226)) - Waiting for cluster to exit safe mode
2022-06-27 16:56:29,905 [Listener at 127.0.0.1/40407] INFO  ozone.MiniOzoneClusterImpl (MiniOzoneClusterImpl.java:lambda$waitForClusterToBeReady$0(228)) - SCM became leader
2022-06-27 16:56:30,191 [Command processor thread] INFO  server.RaftServer (RaftServerProxy.java:addNew(96)) - 3de1546c-8c2e-4aa4-a8af-42deb78e6291: addNew group-34B4787F7BF9:[3de1546c-8c2e-4aa4-a8af-42deb78e6291|rpc:10.1.0.22:34197|priority:1] returns group-34B4787F7BF9:java.util.concurrent.CompletableFuture@771d0b02[Not completed]
2022-06-27 16:56:30,199 [pool-580-thread-1] INFO  server.RaftServer$Division (RaftServerImpl.java:<init>(190)) - 3de1546c-8c2e-4aa4-a8af-42deb78e6291: new RaftServerImpl for group-34B4787F7BF9:[3de1546c-8c2e-4aa4-a8af-42deb78e6291|rpc:10.1.0.22:34197|priority:1] with ContainerStateMachine:uninitialized
2022-06-27 16:56:30,199 [pool-580-thread-1] INFO  server.RaftServerConfigKeys (ConfUtils.java:logGet(46)) - raft.server.rpc.timeout.min = 5s (custom)
2022-06-27 16:56:30,199 [pool-580-thread-1] INFO  server.RaftServerConfigKeys (ConfUtils.java:logGet(46)) - raft.server.rpc.timeout.max = 5200ms (custom)
2022-06-27 16:56:30,199 [pool-580-thread-1] INFO  server.RaftServerConfigKeys (ConfUtils.java:logGet(46)) - raft.server.rpc.sleep.time = 25ms (default)
2022-06-27 16:56:30,199 [pool-580-thread-1] INFO  server.RaftServerConfigKeys (ConfUtils.java:logGet(46)) - raft.server.rpc.slowness.timeout = 300s (custom)
2022-06-27 16:56:30,199 [pool-580-thread-1] INFO  server.RaftServerConfigKeys (ConfUtils.java:logGet(46)) - raft.server.leaderelection.leader.step-down.wait-time = 10s (default)
2022-06-27 16:56:30,199 [pool-580-thread-1] INFO  server.RaftServerConfigKeys (ConfUtils.java:logGet(46)) - raft.server.sleep.deviation.threshold = 300ms (default)
2022-06-27 16:56:30,200 [pool-580-thread-1] INFO  server.RaftServer$Division (ServerState.java:<init>(107)) - 3de1546c-8c2e-4aa4-a8af-42deb78e6291@group-34B4787F7BF9: ConfigurationManager, init=-1: [3de1546c-8c2e-4aa4-a8af-42deb78e6291|rpc:10.1.0.22:34197|priority:1], old=null, confs=<EMPTY_MAP>
2022-06-27 16:56:30,200 [pool-580-thread-1] INFO  server.RaftServerConfigKeys (ConfUtils.java:logGet(46)) - raft.server.storage.dir = [/home/runner/work/ozone/ozone/hadoop-ozone/integration-test/target/test-dir/MiniOzoneClusterImpl-66908fe7-3497-48b2-847b-81db60c5ccf5/datanode-0/data/ratis] (custom)
2022-06-27 16:56:30,200 [pool-580-thread-1] INFO  server.RaftServerConfigKeys (ConfUtils.java:logGet(46)) - raft.server.log.corruption.policy = EXCEPTION (default)
2022-06-27 16:56:30,200 [pool-580-thread-1] INFO  server.RaftServerConfigKeys (ConfUtils.java:logGet(46)) - raft.server.storage.free-space.min = 0MB (=0) (default)
2022-06-27 16:56:30,200 [pool-580-thread-1] INFO  storage.RaftStorageDirectory (RaftStorageDirectoryImpl.java:analyzeStorage(135)) - The storage directory /home/runner/work/ozone/ozone/hadoop-ozone/integration-test/target/test-dir/MiniOzoneClusterImpl-66908fe7-3497-48b2-847b-81db60c5ccf5/datanode-0/data/ratis/8205d19b-a9d6-4205-8388-34b4787f7bf9 does not exist. Creating ...
2022-06-27 16:56:30,205 [pool-580-thread-1] INFO  storage.RaftStorageDirectory (RaftStorageDirectoryImpl.java:tryLock(230)) - Lock on /home/runner/work/ozone/ozone/hadoop-ozone/integration-test/target/test-dir/MiniOzoneClusterImpl-66908fe7-3497-48b2-847b-81db60c5ccf5/datanode-0/data/ratis/8205d19b-a9d6-4205-8388-34b4787f7bf9/in_use.lock acquired by nodename 16603@fv-az215-30
2022-06-27 16:56:30,206 [pool-580-thread-1] INFO  storage.RaftStorage (RaftStorageImpl.java:format(89)) - Storage directory /home/runner/work/ozone/ozone/hadoop-ozone/integration-test/target/test-dir/MiniOzoneClusterImpl-66908fe7-3497-48b2-847b-81db60c5ccf5/datanode-0/data/ratis/8205d19b-a9d6-4205-8388-34b4787f7bf9 has been successfully formatted.
2022-06-27 16:56:30,210 [pool-580-thread-1] INFO  ratis.ContainerStateMachine (ContainerStateMachine.java:loadSnapshot(236)) - group-34B4787F7BF9: The snapshot info is null. Setting the last applied indexto:(t:0, i:~)
2022-06-27 16:56:30,210 [pool-580-thread-1] INFO  server.RaftServerConfigKeys (ConfUtils.java:logGet(46)) - raft.server.notification.no-leader.timeout = 300s (custom)
2022-06-27 16:56:30,210 [pool-580-thread-1] INFO  server.RaftServerConfigKeys (ConfUtils.java:logGet(46)) - raft.server.log.use.memory = false (default)
2022-06-27 16:56:30,210 [pool-580-thread-1] INFO  server.RaftServerConfigKeys (ConfUtils.java:logGet(46)) - raft.server.log.purge.gap = 1000000 (custom)
2022-06-27 16:56:30,210 [pool-580-thread-1] INFO  server.RaftServerConfigKeys (ConfUtils.java:logGet(46)) - raft.server.log.appender.buffer.byte-limit = 33554432 (custom)
2022-06-27 16:56:30,211 [pool-580-thread-1] INFO  server.RaftServerConfigKeys (ConfUtils.java:logGet(46)) - raft.server.log.statemachine.data.read.timeout = 1000ms (default)
2022-06-27 16:56:30,211 [pool-580-thread-1] INFO  server.RaftServerConfigKeys (ConfUtils.java:logGet(46)) - raft.server.log.segment.size.max = 1048576 (custom)
2022-06-27 16:56:30,211 [pool-580-thread-1] INFO  server.RaftServerConfigKeys (ConfUtils.java:logGet(46)) - raft.server.log.segment.cache.num.max = 2 (custom)
2022-06-27 16:56:30,211 [pool-580-thread-1] INFO  server.RaftServerConfigKeys (ConfUtils.java:logGet(46)) - raft.server.log.segment.cache.size.max = 200MB (=209715200) (default)
2022-06-27 16:56:30,211 [pool-580-thread-1] INFO  segmented.SegmentedRaftLogWorker (SegmentedRaftLogWorker.java:<init>(187)) - new 3de1546c-8c2e-4aa4-a8af-42deb78e6291@group-34B4787F7BF9-SegmentedRaftLogWorker for RaftStorageImpl:Storage Directory /home/runner/work/ozone/ozone/hadoop-ozone/integration-test/target/test-dir/MiniOzoneClusterImpl-66908fe7-3497-48b2-847b-81db60c5ccf5/datanode-0/data/ratis/8205d19b-a9d6-4205-8388-34b4787f7bf9
2022-06-27 16:56:30,211 [pool-580-thread-1] INFO  server.RaftServerConfigKeys (ConfUtils.java:logGet(46)) - raft.server.log.queue.byte-limit = 4294967296 (custom)
2022-06-27 16:56:30,211 [pool-580-thread-1] INFO  server.RaftServerConfigKeys (ConfUtils.java:logGet(46)) - raft.server.log.queue.element-limit = 1024 (custom)
2022-06-27 16:56:30,211 [pool-580-thread-1] INFO  server.RaftServerConfigKeys (ConfUtils.java:logGet(46)) - raft.server.log.segment.size.max = 1048576 (custom)
2022-06-27 16:56:30,211 [pool-580-thread-1] INFO  server.RaftServerConfigKeys (ConfUtils.java:logGet(46)) - raft.server.log.preallocated.size = 16384 (custom)
2022-06-27 16:56:30,211 [pool-580-thread-1] INFO  server.RaftServerConfigKeys (ConfUtils.java:logGet(46)) - raft.server.log.force.sync.num = 128 (default)
2022-06-27 16:56:30,211 [pool-580-thread-1] INFO  server.RaftServerConfigKeys (ConfUtils.java:logGet(46)) - raft.server.log.statemachine.data.sync = true (default)
2022-06-27 16:56:30,211 [pool-580-thread-1] INFO  server.RaftServerConfigKeys (ConfUtils.java:logGet(46)) - raft.server.log.statemachine.data.sync.timeout = 10s (default)
2022-06-27 16:56:30,211 [pool-580-thread-1] INFO  server.RaftServerConfigKeys (ConfUtils.java:logGet(46)) - raft.server.log.statemachine.data.sync.timeout.retry = -1 (default)
2022-06-27 16:56:30,212 [pool-580-thread-1] INFO  server.RaftServerConfigKeys (ConfUtils.java:logGet(46)) - raft.server.log.write.buffer.size = 1048576 (custom)
2022-06-27 16:56:30,213 [pool-580-thread-1] INFO  server.RaftServerConfigKeys (ConfUtils.java:logGet(46)) - raft.server.log.unsafe-flush.enabled = false (default)
2022-06-27 16:56:30,213 [pool-580-thread-1] INFO  server.RaftServerConfigKeys (ConfUtils.java:logGet(46)) - raft.server.log.statemachine.data.caching.enabled = true (custom)
2022-06-27 16:56:30,213 [pool-580-thread-1] INFO  segmented.SegmentedRaftLogWorker (SegmentedRaftLogWorker.java:lambda$new$0(135)) - 3de1546c-8c2e-4aa4-a8af-42deb78e6291@group-34B4787F7BF9-SegmentedRaftLogWorker: flushIndex: setUnconditionally 0 -> -1
2022-06-27 16:56:30,213 [pool-580-thread-1] INFO  segmented.SegmentedRaftLogWorker (SegmentedRaftLogWorker.java:lambda$new$0(135)) - 3de1546c-8c2e-4aa4-a8af-42deb78e6291@group-34B4787F7BF9-SegmentedRaftLogWorker: safeCacheEvictIndex: setUnconditionally 0 -> -1
2022-06-27 16:56:30,217 [pool-580-thread-1] INFO  server.RaftServerConfigKeys (ConfUtils.java:logGet(46)) - raft.server.snapshot.auto.trigger.enabled = true (custom)
2022-06-27 16:56:30,217 [pool-580-thread-1] INFO  server.RaftServerConfigKeys (ConfUtils.java:logGet(46)) - raft.server.snapshot.auto.trigger.threshold = 10000 (custom)
2022-06-27 16:56:30,217 [pool-580-thread-1] INFO  server.RaftServerConfigKeys (ConfUtils.java:logGet(46)) - raft.server.snapshot.retention.file.num = 5 (custom)
2022-06-27 16:56:30,217 [pool-580-thread-1] INFO  server.RaftServerConfigKeys (ConfUtils.java:logGet(46)) - raft.server.log.purge.upto.snapshot.index = false (default)
2022-06-27 16:56:30,217 [pool-580-thread-1] INFO  server.RaftServerConfigKeys (ConfUtils.java:logGet(46)) - raft.server.retrycache.expirytime = 600000ms (custom)
2022-06-27 16:56:30,217 [pool-580-thread-1] INFO  server.RaftServerConfigKeys (ConfUtils.java:logGet(46)) - raft.server.retrycache.statistics.expirytime = 100μs (default)
2022-06-27 16:56:30,218 [pool-580-thread-1] INFO  server.RaftServerConfigKeys (ConfUtils.java:logGet(46)) - raft.server.log.appender.install.snapshot.enabled = false (custom)
2022-06-27 16:56:30,218 [pool-580-thread-1] INFO  server.RaftServerConfigKeys (ConfUtils.java:logGet(46)) - raft.server.threadpool.server.cached = true (default)
2022-06-27 16:56:30,218 [pool-580-thread-1] INFO  server.RaftServerConfigKeys (ConfUtils.java:logGet(46)) - raft.server.threadpool.server.size = 0 (default)
2022-06-27 16:56:30,218 [pool-580-thread-1] INFO  server.RaftServerConfigKeys (ConfUtils.java:logGet(46)) - raft.server.threadpool.client.cached = true (default)
2022-06-27 16:56:30,218 [pool-580-thread-1] INFO  server.RaftServerConfigKeys (ConfUtils.java:logGet(46)) - raft.server.threadpool.client.size = 0 (default)
2022-06-27 16:56:30,218 [pool-580-thread-1] INFO  server.RaftServer$Division (RaftServerImpl.java:start(310)) - 3de1546c-8c2e-4aa4-a8af-42deb78e6291@group-34B4787F7BF9: start as a follower, conf=-1: [3de1546c-8c2e-4aa4-a8af-42deb78e6291|rpc:10.1.0.22:34197|priority:1], old=null
2022-06-27 16:56:30,218 [pool-580-thread-1] INFO  server.RaftServer$Division (RaftServerImpl.java:setRole(299)) - 3de1546c-8c2e-4aa4-a8af-42deb78e6291@group-34B4787F7BF9: changes role from      null to FOLLOWER at term 0 for startAsFollower
2022-06-27 16:56:30,218 [pool-580-thread-1] INFO  impl.RoleInfo (RoleInfo.java:updateAndGet(139)) - 3de1546c-8c2e-4aa4-a8af-42deb78e6291: start 3de1546c-8c2e-4aa4-a8af-42deb78e6291@group-34B4787F7BF9-FollowerState
2022-06-27 16:56:30,220 [pool-580-thread-1] INFO  util.JmxRegister (JmxRegister.java:tryRegister(44)) - Successfully registered JMX Bean with object name Ratis:service=RaftServer,group=group-34B4787F7BF9,id=3de1546c-8c2e-4aa4-a8af-42deb78e6291
2022-06-27 16:56:30,220 [Command processor thread] INFO  ratis.XceiverServerRatis (XceiverServerRatis.java:addGroup(765)) - Created group PipelineID=8205d19b-a9d6-4205-8388-34b4787f7bf9
2022-06-27 16:56:30,220 [Command processor thread] INFO  commandhandler.CreatePipelineCommandHandler (CreatePipelineCommandHandler.java:handle(113)) - Created Pipeline RATIS ONE PipelineID=8205d19b-a9d6-4205-8388-34b4787f7bf9.
2022-06-27 16:56:30,221 [Command processor thread] INFO  server.RaftServer (RaftServerProxy.java:addNew(96)) - 3de1546c-8c2e-4aa4-a8af-42deb78e6291: addNew group-0B60ABD16714:[bc887f2d-be8a-4785-be83-b8a81978c60b|rpc:10.1.0.22:35037|priority:1, dca6aaee-9331-4135-ba39-5d4da9c5694b|rpc:10.1.0.22:41117|priority:0, 3de1546c-8c2e-4aa4-a8af-42deb78e6291|rpc:10.1.0.22:34197|priority:0] returns group-0B60ABD16714:java.util.concurrent.CompletableFuture@73228139[Not completed]
2022-06-27 16:56:30,221 [pool-580-thread-1] INFO  server.RaftServer$Division (RaftServerImpl.java:<init>(190)) - 3de1546c-8c2e-4aa4-a8af-42deb78e6291: new RaftServerImpl for group-0B60ABD16714:[bc887f2d-be8a-4785-be83-b8a81978c60b|rpc:10.1.0.22:35037|priority:1, dca6aaee-9331-4135-ba39-5d4da9c5694b|rpc:10.1.0.22:41117|priority:0, 3de1546c-8c2e-4aa4-a8af-42deb78e6291|rpc:10.1.0.22:34197|priority:0] with ContainerStateMachine:uninitialized
2022-06-27 16:56:30,221 [pool-580-thread-1] INFO  server.RaftServerConfigKeys (ConfUtils.java:logGet(46)) - raft.server.rpc.timeout.min = 5s (custom)
2022-06-27 16:56:30,221 [pool-580-thread-1] INFO  server.RaftServerConfigKeys (ConfUtils.java:logGet(46)) - raft.server.rpc.timeout.max = 5200ms (custom)
2022-06-27 16:56:30,221 [pool-580-thread-1] INFO  server.RaftServerConfigKeys (ConfUtils.java:logGet(46)) - raft.server.rpc.sleep.time = 25ms (default)
2022-06-27 16:56:30,221 [pool-580-thread-1] INFO  server.RaftServerConfigKeys (ConfUtils.java:logGet(46)) - raft.server.rpc.slowness.timeout = 300s (custom)
2022-06-27 16:56:30,221 [pool-580-thread-1] INFO  server.RaftServerConfigKeys (ConfUtils.java:logGet(46)) - raft.server.leaderelection.leader.step-down.wait-time = 10s (default)
2022-06-27 16:56:30,222 [pool-580-thread-1] INFO  server.RaftServerConfigKeys (ConfUtils.java:logGet(46)) - raft.server.sleep.deviation.threshold = 300ms (default)
2022-06-27 16:56:30,222 [pool-580-thread-1] INFO  server.RaftServer$Division (ServerState.java:<init>(107)) - 3de1546c-8c2e-4aa4-a8af-42deb78e6291@group-0B60ABD16714: ConfigurationManager, init=-1: [bc887f2d-be8a-4785-be83-b8a81978c60b|rpc:10.1.0.22:35037|priority:1, dca6aaee-9331-4135-ba39-5d4da9c5694b|rpc:10.1.0.22:41117|priority:0, 3de1546c-8c2e-4aa4-a8af-42deb78e6291|rpc:10.1.0.22:34197|priority:0], old=null, confs=<EMPTY_MAP>
2022-06-27 16:56:30,222 [pool-580-thread-1] INFO  server.RaftServerConfigKeys (ConfUtils.java:logGet(46)) - raft.server.storage.dir = [/home/runner/work/ozone/ozone/hadoop-ozone/integration-test/target/test-dir/MiniOzoneClusterImpl-66908fe7-3497-48b2-847b-81db60c5ccf5/datanode-0/data/ratis] (custom)
2022-06-27 16:56:30,222 [pool-580-thread-1] INFO  server.RaftServerConfigKeys (ConfUtils.java:logGet(46)) - raft.server.log.corruption.policy = EXCEPTION (default)
2022-06-27 16:56:30,222 [pool-580-thread-1] INFO  server.RaftServerConfigKeys (ConfUtils.java:logGet(46)) - raft.server.storage.free-space.min = 0MB (=0) (default)
2022-06-27 16:56:30,222 [pool-580-thread-1] INFO  storage.RaftStorageDirectory (RaftStorageDirectoryImpl.java:analyzeStorage(135)) - The storage directory /home/runner/work/ozone/ozone/hadoop-ozone/integration-test/target/test-dir/MiniOzoneClusterImpl-66908fe7-3497-48b2-847b-81db60c5ccf5/datanode-0/data/ratis/589459f4-e877-4ea0-b925-0b60abd16714 does not exist. Creating ...
2022-06-27 16:56:30,229 [pool-580-thread-1] INFO  storage.RaftStorageDirectory (RaftStorageDirectoryImpl.java:tryLock(230)) - Lock on /home/runner/work/ozone/ozone/hadoop-ozone/integration-test/target/test-dir/MiniOzoneClusterImpl-66908fe7-3497-48b2-847b-81db60c5ccf5/datanode-0/data/ratis/589459f4-e877-4ea0-b925-0b60abd16714/in_use.lock acquired by nodename 16603@fv-az215-30
2022-06-27 16:56:30,229 [EventQueue-PipelineReportForPipelineReportHandler] INFO  pipeline.PipelineManagerImpl (PipelineManagerImpl.java:openPipeline(358)) - Pipeline Pipeline[ Id: 8205d19b-a9d6-4205-8388-34b4787f7bf9, Nodes: 3de1546c-8c2e-4aa4-a8af-42deb78e6291{ip: 10.1.0.22, host: fv-az215-30.fk02tkdpp51uda4i120yanydqb.bx.internal.cloudapp.net, ports: [REPLICATION=45315, RATIS=34197, RATIS_ADMIN=34197, RATIS_SERVER=34197, STANDALONE=42751], networkLocation: /default-rack, certSerialId: null, persistedOpState: IN_SERVICE, persistedOpStateExpiryEpochSec: 0}, ReplicationConfig: RATIS/ONE, State:ALLOCATED, leaderId:3de1546c-8c2e-4aa4-a8af-42deb78e6291, CreationTimestamp2022-06-27T16:56:27.196Z[Etc/UTC]] moved to OPEN state
2022-06-27 16:56:30,249 [pool-580-thread-1] INFO  storage.RaftStorage (RaftStorageImpl.java:format(89)) - Storage directory /home/runner/work/ozone/ozone/hadoop-ozone/integration-test/target/test-dir/MiniOzoneClusterImpl-66908fe7-3497-48b2-847b-81db60c5ccf5/datanode-0/data/ratis/589459f4-e877-4ea0-b925-0b60abd16714 has been successfully formatted.
2022-06-27 16:56:30,249 [pool-580-thread-1] INFO  ratis.ContainerStateMachine (ContainerStateMachine.java:loadSnapshot(236)) - group-0B60ABD16714: The snapshot info is null. Setting the last applied indexto:(t:0, i:~)
2022-06-27 16:56:30,249 [pool-580-thread-1] INFO  server.RaftServerConfigKeys (ConfUtils.java:logGet(46)) - raft.server.notification.no-leader.timeout = 300s (custom)
2022-06-27 16:56:30,249 [pool-580-thread-1] INFO  server.RaftServerConfigKeys (ConfUtils.java:logGet(46)) - raft.server.log.use.memory = false (default)
2022-06-27 16:56:30,249 [pool-580-thread-1] INFO  server.RaftServerConfigKeys (ConfUtils.java:logGet(46)) - raft.server.log.purge.gap = 1000000 (custom)
2022-06-27 16:56:30,249 [pool-580-thread-1] INFO  server.RaftServerConfigKeys (ConfUtils.java:logGet(46)) - raft.server.log.appender.buffer.byte-limit = 33554432 (custom)
2022-06-27 16:56:30,249 [pool-580-thread-1] INFO  server.RaftServerConfigKeys (ConfUtils.java:logGet(46)) - raft.server.log.statemachine.data.read.timeout = 1000ms (default)
2022-06-27 16:56:30,249 [pool-580-thread-1] INFO  server.RaftServerConfigKeys (ConfUtils.java:logGet(46)) - raft.server.log.segment.size.max = 1048576 (custom)
2022-06-27 16:56:30,250 [pool-580-thread-1] INFO  server.RaftServerConfigKeys (ConfUtils.java:logGet(46)) - raft.server.log.segment.cache.num.max = 2 (custom)
2022-06-27 16:56:30,250 [pool-580-thread-1] INFO  server.RaftServerConfigKeys (ConfUtils.java:logGet(46)) - raft.server.log.segment.cache.size.max = 200MB (=209715200) (default)
2022-06-27 16:56:30,250 [pool-580-thread-1] INFO  segmented.SegmentedRaftLogWorker (SegmentedRaftLogWorker.java:<init>(187)) - new 3de1546c-8c2e-4aa4-a8af-42deb78e6291@group-0B60ABD16714-SegmentedRaftLogWorker for RaftStorageImpl:Storage Directory /home/runner/work/ozone/ozone/hadoop-ozone/integration-test/target/test-dir/MiniOzoneClusterImpl-66908fe7-3497-48b2-847b-81db60c5ccf5/datanode-0/data/ratis/589459f4-e877-4ea0-b925-0b60abd16714
2022-06-27 16:56:30,250 [pool-580-thread-1] INFO  server.RaftServerConfigKeys (ConfUtils.java:logGet(46)) - raft.server.log.queue.byte-limit = 4294967296 (custom)
2022-06-27 16:56:30,250 [pool-580-thread-1] INFO  server.RaftServerConfigKeys (ConfUtils.java:logGet(46)) - raft.server.log.queue.element-limit = 1024 (custom)
2022-06-27 16:56:30,250 [pool-580-thread-1] INFO  server.RaftServerConfigKeys (ConfUtils.java:logGet(46)) - raft.server.log.segment.size.max = 1048576 (custom)
2022-06-27 16:56:30,250 [pool-580-thread-1] INFO  server.RaftServerConfigKeys (ConfUtils.java:logGet(46)) - raft.server.log.preallocated.size = 16384 (custom)
2022-06-27 16:56:30,250 [pool-580-thread-1] INFO  server.RaftServerConfigKeys (ConfUtils.java:logGet(46)) - raft.server.log.force.sync.num = 128 (default)
2022-06-27 16:56:30,250 [pool-580-thread-1] INFO  server.RaftServerConfigKeys (ConfUtils.java:logGet(46)) - raft.server.log.statemachine.data.sync = true (default)
2022-06-27 16:56:30,250 [pool-580-thread-1] INFO  server.RaftServerConfigKeys (ConfUtils.java:logGet(46)) - raft.server.log.statemachine.data.sync.timeout = 10s (default)
2022-06-27 16:56:30,250 [pool-580-thread-1] INFO  server.RaftServerConfigKeys (ConfUtils.java:logGet(46)) - raft.server.log.statemachine.data.sync.timeout.retry = -1 (default)
2022-06-27 16:56:30,251 [pool-580-thread-1] INFO  server.RaftServerConfigKeys (ConfUtils.java:logGet(46)) - raft.server.log.write.buffer.size = 1048576 (custom)
2022-06-27 16:56:30,252 [pool-580-thread-1] INFO  server.RaftServerConfigKeys (ConfUtils.java:logGet(46)) - raft.server.log.unsafe-flush.enabled = false (default)
2022-06-27 16:56:30,252 [pool-580-thread-1] INFO  server.RaftServerConfigKeys (ConfUtils.java:logGet(46)) - raft.server.log.statemachine.data.caching.enabled = true (custom)
2022-06-27 16:56:30,252 [pool-580-thread-1] INFO  segmented.SegmentedRaftLogWorker (SegmentedRaftLogWorker.java:lambda$new$0(135)) - 3de1546c-8c2e-4aa4-a8af-42deb78e6291@group-0B60ABD16714-SegmentedRaftLogWorker: flushIndex: setUnconditionally 0 -> -1
2022-06-27 16:56:30,252 [pool-580-thread-1] INFO  segmented.SegmentedRaftLogWorker (SegmentedRaftLogWorker.java:lambda$new$0(135)) - 3de1546c-8c2e-4aa4-a8af-42deb78e6291@group-0B60ABD16714-SegmentedRaftLogWorker: safeCacheEvictIndex: setUnconditionally 0 -> -1
2022-06-27 16:56:30,252 [pool-580-thread-1] INFO  server.RaftServerConfigKeys (ConfUtils.java:logGet(46)) - raft.server.snapshot.auto.trigger.enabled = true (custom)
2022-06-27 16:56:30,252 [pool-580-thread-1] INFO  server.RaftServerConfigKeys (ConfUtils.java:logGet(46)) - raft.server.snapshot.auto.trigger.threshold = 10000 (custom)
2022-06-27 16:56:30,252 [pool-580-thread-1] INFO  server.RaftServerConfigKeys (ConfUtils.java:logGet(46)) - raft.server.snapshot.retention.file.num = 5 (custom)
2022-06-27 16:56:30,252 [pool-580-thread-1] INFO  server.RaftServerConfigKeys (ConfUtils.java:logGet(46)) - raft.server.log.purge.upto.snapshot.index = false (default)
2022-06-27 16:56:30,253 [pool-580-thread-1] INFO  server.RaftServerConfigKeys (ConfUtils.java:logGet(46)) - raft.server.retrycache.expirytime = 600000ms (custom)
2022-06-27 16:56:30,253 [pool-580-thread-1] INFO  server.RaftServerConfigKeys (ConfUtils.java:logGet(46)) - raft.server.retrycache.statistics.expirytime = 100μs (default)
2022-06-27 16:56:30,254 [pool-580-thread-1] INFO  server.RaftServerConfigKeys (ConfUtils.java:logGet(46)) - raft.server.log.appender.install.snapshot.enabled = false (custom)
2022-06-27 16:56:30,254 [pool-580-thread-1] INFO  server.RaftServerConfigKeys (ConfUtils.java:logGet(46)) - raft.server.threadpool.server.cached = true (default)
2022-06-27 16:56:30,254 [pool-580-thread-1] INFO  server.RaftServerConfigKeys (ConfUtils.java:logGet(46)) - raft.server.threadpool.server.size = 0 (default)
2022-06-27 16:56:30,254 [pool-580-thread-1] INFO  server.RaftServerConfigKeys (ConfUtils.java:logGet(46)) - raft.server.threadpool.client.cached = true (default)
2022-06-27 16:56:30,254 [pool-580-thread-1] INFO  server.RaftServerConfigKeys (ConfUtils.java:logGet(46)) - raft.server.threadpool.client.size = 0 (default)
2022-06-27 16:56:30,254 [pool-580-thread-1] INFO  server.RaftServer$Division (RaftServerImpl.java:start(310)) - 3de1546c-8c2e-4aa4-a8af-42deb78e6291@group-0B60ABD16714: start as a follower, conf=-1: [bc887f2d-be8a-4785-be83-b8a81978c60b|rpc:10.1.0.22:35037|priority:1, dca6aaee-9331-4135-ba39-5d4da9c5694b|rpc:10.1.0.22:41117|priority:0, 3de1546c-8c2e-4aa4-a8af-42deb78e6291|rpc:10.1.0.22:34197|priority:0], old=null
2022-06-27 16:56:30,254 [pool-580-thread-1] INFO  server.RaftServer$Division (RaftServerImpl.java:setRole(299)) - 3de1546c-8c2e-4aa4-a8af-42deb78e6291@group-0B60ABD16714: changes role from      null to FOLLOWER at term 0 for startAsFollower
2022-06-27 16:56:30,254 [pool-580-thread-1] INFO  impl.RoleInfo (RoleInfo.java:updateAndGet(139)) - 3de1546c-8c2e-4aa4-a8af-42deb78e6291: start 3de1546c-8c2e-4aa4-a8af-42deb78e6291@group-0B60ABD16714-FollowerState
2022-06-27 16:56:30,254 [pool-580-thread-1] INFO  util.JmxRegister (JmxRegister.java:tryRegister(44)) - Successfully registered JMX Bean with object name Ratis:service=RaftServer,group=group-0B60ABD16714,id=3de1546c-8c2e-4aa4-a8af-42deb78e6291
2022-06-27 16:56:30,256 [Command processor thread] INFO  ratis.XceiverServerRatis (XceiverServerRatis.java:addGroup(765)) - Created group PipelineID=589459f4-e877-4ea0-b925-0b60abd16714
2022-06-27 16:56:30,306 [EventQueue-OpenPipelineForHealthyPipelineSafeModeRule] INFO  safemode.SCMSafeModeManager (HealthyPipelineSafeModeRule.java:process(124)) - SCM in safe mode. Healthy pipelines reported count is 0, required healthy pipeline reported count is 1
2022-06-27 16:56:30,306 [EventQueue-OpenPipelineForHealthyPipelineSafeModeRule] INFO  safemode.SCMSafeModeManager (HealthyPipelineSafeModeRule.java:process(124)) - SCM in safe mode. Healthy pipelines reported count is 0, required healthy pipeline reported count is 1
2022-06-27 16:56:30,358 [grpc-default-executor-0] INFO  server.RaftServer (RaftServerProxy.java:addNew(96)) - bc887f2d-be8a-4785-be83-b8a81978c60b: addNew group-0B60ABD16714:[bc887f2d-be8a-4785-be83-b8a81978c60b|rpc:10.1.0.22:35037|dataStream:|priority:1, dca6aaee-9331-4135-ba39-5d4da9c5694b|rpc:10.1.0.22:41117|dataStream:|priority:0, 3de1546c-8c2e-4aa4-a8af-42deb78e6291|rpc:10.1.0.22:34197|dataStream:|priority:0] returns group-0B60ABD16714:java.util.concurrent.CompletableFuture@1fc34254[Not completed]
2022-06-27 16:56:30,360 [pool-603-thread-1] INFO  server.RaftServer$Division (RaftServerImpl.java:<init>(190)) - bc887f2d-be8a-4785-be83-b8a81978c60b: new RaftServerImpl for group-0B60ABD16714:[bc887f2d-be8a-4785-be83-b8a81978c60b|rpc:10.1.0.22:35037|dataStream:|priority:1, dca6aaee-9331-4135-ba39-5d4da9c5694b|rpc:10.1.0.22:41117|dataStream:|priority:0, 3de1546c-8c2e-4aa4-a8af-42deb78e6291|rpc:10.1.0.22:34197|dataStream:|priority:0] with ContainerStateMachine:uninitialized
2022-06-27 16:56:30,360 [pool-603-thread-1] INFO  server.RaftServerConfigKeys (ConfUtils.java:logGet(46)) - raft.server.rpc.timeout.min = 5s (custom)
2022-06-27 16:56:30,360 [pool-603-thread-1] INFO  server.RaftServerConfigKeys (ConfUtils.java:logGet(46)) - raft.server.rpc.timeout.max = 5200ms (custom)
2022-06-27 16:56:30,360 [pool-603-thread-1] INFO  server.RaftServerConfigKeys (ConfUtils.java:logGet(46)) - raft.server.rpc.sleep.time = 25ms (default)
2022-06-27 16:56:30,360 [pool-603-thread-1] INFO  server.RaftServerConfigKeys (ConfUtils.java:logGet(46)) - raft.server.rpc.slowness.timeout = 300s (custom)
2022-06-27 16:56:30,360 [pool-603-thread-1] INFO  server.RaftServerConfigKeys (ConfUtils.java:logGet(46)) - raft.server.leaderelection.leader.step-down.wait-time = 10s (default)
2022-06-27 16:56:30,360 [pool-603-thread-1] INFO  server.RaftServerConfigKeys (ConfUtils.java:logGet(46)) - raft.server.sleep.deviation.threshold = 300ms (default)
2022-06-27 16:56:30,360 [pool-603-thread-1] INFO  server.RaftServer$Division (ServerState.java:<init>(107)) - bc887f2d-be8a-4785-be83-b8a81978c60b@group-0B60ABD16714: ConfigurationManager, init=-1: [bc887f2d-be8a-4785-be83-b8a81978c60b|rpc:10.1.0.22:35037|dataStream:|priority:1, dca6aaee-9331-4135-ba39-5d4da9c5694b|rpc:10.1.0.22:41117|dataStream:|priority:0, 3de1546c-8c2e-4aa4-a8af-42deb78e6291|rpc:10.1.0.22:34197|dataStream:|priority:0], old=null, confs=<EMPTY_MAP>
2022-06-27 16:56:30,360 [pool-603-thread-1] INFO  server.RaftServerConfigKeys (ConfUtils.java:logGet(46)) - raft.server.storage.dir = [/home/runner/work/ozone/ozone/hadoop-ozone/integration-test/target/test-dir/MiniOzoneClusterImpl-66908fe7-3497-48b2-847b-81db60c5ccf5/datanode-1/data/ratis] (custom)
2022-06-27 16:56:30,360 [pool-603-thread-1] INFO  server.RaftServerConfigKeys (ConfUtils.java:logGet(46)) - raft.server.log.corruption.policy = EXCEPTION (default)
2022-06-27 16:56:30,360 [pool-603-thread-1] INFO  server.RaftServerConfigKeys (ConfUtils.java:logGet(46)) - raft.server.storage.free-space.min = 0MB (=0) (default)
2022-06-27 16:56:30,360 [pool-603-thread-1] INFO  storage.RaftStorageDirectory (RaftStorageDirectoryImpl.java:analyzeStorage(135)) - The storage directory /home/runner/work/ozone/ozone/hadoop-ozone/integration-test/target/test-dir/MiniOzoneClusterImpl-66908fe7-3497-48b2-847b-81db60c5ccf5/datanode-1/data/ratis/589459f4-e877-4ea0-b925-0b60abd16714 does not exist. Creating ...
2022-06-27 16:56:30,361 [pool-603-thread-1] INFO  storage.RaftStorageDirectory (RaftStorageDirectoryImpl.java:tryLock(230)) - Lock on /home/runner/work/ozone/ozone/hadoop-ozone/integration-test/target/test-dir/MiniOzoneClusterImpl-66908fe7-3497-48b2-847b-81db60c5ccf5/datanode-1/data/ratis/589459f4-e877-4ea0-b925-0b60abd16714/in_use.lock acquired by nodename 16603@fv-az215-30
2022-06-27 16:56:30,365 [pool-603-thread-1] INFO  storage.RaftStorage (RaftStorageImpl.java:format(89)) - Storage directory /home/runner/work/ozone/ozone/hadoop-ozone/integration-test/target/test-dir/MiniOzoneClusterImpl-66908fe7-3497-48b2-847b-81db60c5ccf5/datanode-1/data/ratis/589459f4-e877-4ea0-b925-0b60abd16714 has been successfully formatted.
2022-06-27 16:56:30,371 [pool-603-thread-1] INFO  ratis.ContainerStateMachine (ContainerStateMachine.java:loadSnapshot(236)) - group-0B60ABD16714: The snapshot info is null. Setting the last applied indexto:(t:0, i:~)
2022-06-27 16:56:30,371 [pool-603-thread-1] INFO  server.RaftServerConfigKeys (ConfUtils.java:logGet(46)) - raft.server.notification.no-leader.timeout = 300s (custom)
2022-06-27 16:56:30,371 [pool-603-thread-1] INFO  server.RaftServerConfigKeys (ConfUtils.java:logGet(46)) - raft.server.log.use.memory = false (default)
2022-06-27 16:56:30,372 [pool-603-thread-1] INFO  server.RaftServerConfigKeys (ConfUtils.java:logGet(46)) - raft.server.log.purge.gap = 1000000 (custom)
2022-06-27 16:56:30,372 [pool-603-thread-1] INFO  server.RaftServerConfigKeys (ConfUtils.java:logGet(46)) - raft.server.log.appender.buffer.byte-limit = 33554432 (custom)
2022-06-27 16:56:30,372 [pool-603-thread-1] INFO  server.RaftServerConfigKeys (ConfUtils.java:logGet(46)) - raft.server.log.statemachine.data.read.timeout = 1000ms (default)
2022-06-27 16:56:30,372 [pool-603-thread-1] INFO  server.RaftServerConfigKeys (ConfUtils.java:logGet(46)) - raft.server.log.segment.size.max = 1048576 (custom)
2022-06-27 16:56:30,372 [pool-603-thread-1] INFO  server.RaftServerConfigKeys (ConfUtils.java:logGet(46)) - raft.server.log.segment.cache.num.max = 2 (custom)
2022-06-27 16:56:30,372 [pool-603-thread-1] INFO  server.RaftServerConfigKeys (ConfUtils.java:logGet(46)) - raft.server.log.segment.cache.size.max = 200MB (=209715200) (default)
2022-06-27 16:56:30,372 [pool-603-thread-1] INFO  segmented.SegmentedRaftLogWorker (SegmentedRaftLogWorker.java:<init>(187)) - new bc887f2d-be8a-4785-be83-b8a81978c60b@group-0B60ABD16714-SegmentedRaftLogWorker for RaftStorageImpl:Storage Directory /home/runner/work/ozone/ozone/hadoop-ozone/integration-test/target/test-dir/MiniOzoneClusterImpl-66908fe7-3497-48b2-847b-81db60c5ccf5/datanode-1/data/ratis/589459f4-e877-4ea0-b925-0b60abd16714
2022-06-27 16:56:30,372 [pool-603-thread-1] INFO  server.RaftServerConfigKeys (ConfUtils.java:logGet(46)) - raft.server.log.queue.byte-limit = 4294967296 (custom)
2022-06-27 16:56:30,372 [pool-603-thread-1] INFO  server.RaftServerConfigKeys (ConfUtils.java:logGet(46)) - raft.server.log.queue.element-limit = 1024 (custom)
2022-06-27 16:56:30,372 [pool-603-thread-1] INFO  server.RaftServerConfigKeys (ConfUtils.java:logGet(46)) - raft.server.log.segment.size.max = 1048576 (custom)
2022-06-27 16:56:30,372 [pool-603-thread-1] INFO  server.RaftServerConfigKeys (ConfUtils.java:logGet(46)) - raft.server.log.preallocated.size = 16384 (custom)
2022-06-27 16:56:30,372 [pool-603-thread-1] INFO  server.RaftServerConfigKeys (ConfUtils.java:logGet(46)) - raft.server.log.force.sync.num = 128 (default)
2022-06-27 16:56:30,372 [pool-603-thread-1] INFO  server.RaftServerConfigKeys (ConfUtils.java:logGet(46)) - raft.server.log.statemachine.data.sync = true (default)
2022-06-27 16:56:30,372 [pool-603-thread-1] INFO  server.RaftServerConfigKeys (ConfUtils.java:logGet(46)) - raft.server.log.statemachine.data.sync.timeout = 10s (default)
2022-06-27 16:56:30,372 [pool-603-thread-1] INFO  server.RaftServerConfigKeys (ConfUtils.java:logGet(46)) - raft.server.log.statemachine.data.sync.timeout.retry = -1 (default)
2022-06-27 16:56:30,374 [pool-603-thread-1] INFO  server.RaftServerConfigKeys (ConfUtils.java:logGet(46)) - raft.server.log.write.buffer.size = 1048576 (custom)
2022-06-27 16:56:30,374 [pool-603-thread-1] INFO  server.RaftServerConfigKeys (ConfUtils.java:logGet(46)) - raft.server.log.unsafe-flush.enabled = false (default)
2022-06-27 16:56:30,375 [pool-603-thread-1] INFO  server.RaftServerConfigKeys (ConfUtils.java:logGet(46)) - raft.server.log.statemachine.data.caching.enabled = true (custom)
2022-06-27 16:56:30,375 [pool-603-thread-1] INFO  segmented.SegmentedRaftLogWorker (SegmentedRaftLogWorker.java:lambda$new$0(135)) - bc887f2d-be8a-4785-be83-b8a81978c60b@group-0B60ABD16714-SegmentedRaftLogWorker: flushIndex: setUnconditionally 0 -> -1
2022-06-27 16:56:30,375 [pool-603-thread-1] INFO  segmented.SegmentedRaftLogWorker (SegmentedRaftLogWorker.java:lambda$new$0(135)) - bc887f2d-be8a-4785-be83-b8a81978c60b@group-0B60ABD16714-SegmentedRaftLogWorker: safeCacheEvictIndex: setUnconditionally 0 -> -1
2022-06-27 16:56:30,375 [pool-603-thread-1] INFO  server.RaftServerConfigKeys (ConfUtils.java:logGet(46)) - raft.server.snapshot.auto.trigger.enabled = true (custom)
2022-06-27 16:56:30,375 [pool-603-thread-1] INFO  server.RaftServerConfigKeys (ConfUtils.java:logGet(46)) - raft.server.snapshot.auto.trigger.threshold = 10000 (custom)
2022-06-27 16:56:30,375 [pool-603-thread-1] INFO  server.RaftServerConfigKeys (ConfUtils.java:logGet(46)) - raft.server.snapshot.retention.file.num = 5 (custom)
2022-06-27 16:56:30,375 [pool-603-thread-1] INFO  server.RaftServerConfigKeys (ConfUtils.java:logGet(46)) - raft.server.log.purge.upto.snapshot.index = false (default)
2022-06-27 16:56:30,375 [pool-603-thread-1] INFO  server.RaftServerConfigKeys (ConfUtils.java:logGet(46)) - raft.server.retrycache.expirytime = 600000ms (custom)
2022-06-27 16:56:30,375 [pool-603-thread-1] INFO  server.RaftServerConfigKeys (ConfUtils.java:logGet(46)) - raft.server.retrycache.statistics.expirytime = 100μs (default)
2022-06-27 16:56:30,376 [pool-603-thread-1] INFO  server.RaftServerConfigKeys (ConfUtils.java:logGet(46)) - raft.server.log.appender.install.snapshot.enabled = false (custom)
2022-06-27 16:56:30,376 [pool-603-thread-1] INFO  server.RaftServerConfigKeys (ConfUtils.java:logGet(46)) - raft.server.threadpool.server.cached = true (default)
2022-06-27 16:56:30,376 [pool-603-thread-1] INFO  server.RaftServerConfigKeys (ConfUtils.java:logGet(46)) - raft.server.threadpool.server.size = 0 (default)
2022-06-27 16:56:30,376 [pool-603-thread-1] INFO  server.RaftServerConfigKeys (ConfUtils.java:logGet(46)) - raft.server.threadpool.client.cached = true (default)
2022-06-27 16:56:30,376 [pool-603-thread-1] INFO  server.RaftServerConfigKeys (ConfUtils.java:logGet(46)) - raft.server.threadpool.client.size = 0 (default)
2022-06-27 16:56:30,376 [pool-603-thread-1] INFO  server.RaftServer$Division (RaftServerImpl.java:start(310)) - bc887f2d-be8a-4785-be83-b8a81978c60b@group-0B60ABD16714: start as a follower, conf=-1: [bc887f2d-be8a-4785-be83-b8a81978c60b|rpc:10.1.0.22:35037|dataStream:|priority:1, dca6aaee-9331-4135-ba39-5d4da9c5694b|rpc:10.1.0.22:41117|dataStream:|priority:0, 3de1546c-8c2e-4aa4-a8af-42deb78e6291|rpc:10.1.0.22:34197|dataStream:|priority:0], old=null
2022-06-27 16:56:30,376 [pool-603-thread-1] INFO  server.RaftServer$Division (RaftServerImpl.java:setRole(299)) - bc887f2d-be8a-4785-be83-b8a81978c60b@group-0B60ABD16714: changes role from      null to FOLLOWER at term 0 for startAsFollower
2022-06-27 16:56:30,376 [pool-603-thread-1] INFO  impl.RoleInfo (RoleInfo.java:updateAndGet(139)) - bc887f2d-be8a-4785-be83-b8a81978c60b: start bc887f2d-be8a-4785-be83-b8a81978c60b@group-0B60ABD16714-FollowerState
2022-06-27 16:56:30,381 [pool-603-thread-1] INFO  util.JmxRegister (JmxRegister.java:tryRegister(44)) - Successfully registered JMX Bean with object name Ratis:service=RaftServer,group=group-0B60ABD16714,id=bc887f2d-be8a-4785-be83-b8a81978c60b
2022-06-27 16:56:30,431 [grpc-default-executor-0] INFO  server.RaftServer (RaftServerProxy.java:addNew(96)) - dca6aaee-9331-4135-ba39-5d4da9c5694b: addNew group-0B60ABD16714:[bc887f2d-be8a-4785-be83-b8a81978c60b|rpc:10.1.0.22:35037|dataStream:|priority:1, dca6aaee-9331-4135-ba39-5d4da9c5694b|rpc:10.1.0.22:41117|dataStream:|priority:0, 3de1546c-8c2e-4aa4-a8af-42deb78e6291|rpc:10.1.0.22:34197|dataStream:|priority:0] returns group-0B60ABD16714:java.util.concurrent.CompletableFuture@6819ba61[Not completed]
2022-06-27 16:56:30,432 [pool-626-thread-1] INFO  server.RaftServer$Division (RaftServerImpl.java:<init>(190)) - dca6aaee-9331-4135-ba39-5d4da9c5694b: new RaftServerImpl for group-0B60ABD16714:[bc887f2d-be8a-4785-be83-b8a81978c60b|rpc:10.1.0.22:35037|dataStream:|priority:1, dca6aaee-9331-4135-ba39-5d4da9c5694b|rpc:10.1.0.22:41117|dataStream:|priority:0, 3de1546c-8c2e-4aa4-a8af-42deb78e6291|rpc:10.1.0.22:34197|dataStream:|priority:0] with ContainerStateMachine:uninitialized
2022-06-27 16:56:30,432 [pool-626-thread-1] INFO  server.RaftServerConfigKeys (ConfUtils.java:logGet(46)) - raft.server.rpc.timeout.min = 5s (custom)
2022-06-27 16:56:30,432 [pool-626-thread-1] INFO  server.RaftServerConfigKeys (ConfUtils.java:logGet(46)) - raft.server.rpc.timeout.max = 5200ms (custom)
2022-06-27 16:56:30,432 [pool-626-thread-1] INFO  server.RaftServerConfigKeys (ConfUtils.java:logGet(46)) - raft.server.rpc.sleep.time = 25ms (default)
2022-06-27 16:56:30,432 [pool-626-thread-1] INFO  server.RaftServerConfigKeys (ConfUtils.java:logGet(46)) - raft.server.rpc.slowness.timeout = 300s (custom)
2022-06-27 16:56:30,432 [pool-626-thread-1] INFO  server.RaftServerConfigKeys (ConfUtils.java:logGet(46)) - raft.server.leaderelection.leader.step-down.wait-time = 10s (default)
2022-06-27 16:56:30,432 [pool-626-thread-1] INFO  server.RaftServerConfigKeys (ConfUtils.java:logGet(46)) - raft.server.sleep.deviation.threshold = 300ms (default)
2022-06-27 16:56:30,432 [pool-626-thread-1] INFO  server.RaftServer$Division (ServerState.java:<init>(107)) - dca6aaee-9331-4135-ba39-5d4da9c5694b@group-0B60ABD16714: ConfigurationManager, init=-1: [bc887f2d-be8a-4785-be83-b8a81978c60b|rpc:10.1.0.22:35037|dataStream:|priority:1, dca6aaee-9331-4135-ba39-5d4da9c5694b|rpc:10.1.0.22:41117|dataStream:|priority:0, 3de1546c-8c2e-4aa4-a8af-42deb78e6291|rpc:10.1.0.22:34197|dataStream:|priority:0], old=null, confs=<EMPTY_MAP>
2022-06-27 16:56:30,432 [pool-626-thread-1] INFO  server.RaftServerConfigKeys (ConfUtils.java:logGet(46)) - raft.server.storage.dir = [/home/runner/work/ozone/ozone/hadoop-ozone/integration-test/target/test-dir/MiniOzoneClusterImpl-66908fe7-3497-48b2-847b-81db60c5ccf5/datanode-2/data/ratis] (custom)
2022-06-27 16:56:30,433 [pool-626-thread-1] INFO  server.RaftServerConfigKeys (ConfUtils.java:logGet(46)) - raft.server.log.corruption.policy = EXCEPTION (default)
2022-06-27 16:56:30,433 [pool-626-thread-1] INFO  server.RaftServerConfigKeys (ConfUtils.java:logGet(46)) - raft.server.storage.free-space.min = 0MB (=0) (default)
2022-06-27 16:56:30,433 [pool-626-thread-1] INFO  storage.RaftStorageDirectory (RaftStorageDirectoryImpl.java:analyzeStorage(135)) - The storage directory /home/runner/work/ozone/ozone/hadoop-ozone/integration-test/target/test-dir/MiniOzoneClusterImpl-66908fe7-3497-48b2-847b-81db60c5ccf5/datanode-2/data/ratis/589459f4-e877-4ea0-b925-0b60abd16714 does not exist. Creating ...
2022-06-27 16:56:30,444 [pool-626-thread-1] INFO  storage.RaftStorageDirectory (RaftStorageDirectoryImpl.java:tryLock(230)) - Lock on /home/runner/work/ozone/ozone/hadoop-ozone/integration-test/target/test-dir/MiniOzoneClusterImpl-66908fe7-3497-48b2-847b-81db60c5ccf5/datanode-2/data/ratis/589459f4-e877-4ea0-b925-0b60abd16714/in_use.lock acquired by nodename 16603@fv-az215-30
2022-06-27 16:56:30,445 [pool-626-thread-1] INFO  storage.RaftStorage (RaftStorageImpl.java:format(89)) - Storage directory /home/runner/work/ozone/ozone/hadoop-ozone/integration-test/target/test-dir/MiniOzoneClusterImpl-66908fe7-3497-48b2-847b-81db60c5ccf5/datanode-2/data/ratis/589459f4-e877-4ea0-b925-0b60abd16714 has been successfully formatted.
2022-06-27 16:56:30,447 [pool-626-thread-1] INFO  ratis.ContainerStateMachine (ContainerStateMachine.java:loadSnapshot(236)) - group-0B60ABD16714: The snapshot info is null. Setting the last applied indexto:(t:0, i:~)
2022-06-27 16:56:30,447 [pool-626-thread-1] INFO  server.RaftServerConfigKeys (ConfUtils.java:logGet(46)) - raft.server.notification.no-leader.timeout = 300s (custom)
2022-06-27 16:56:30,448 [pool-626-thread-1] INFO  server.RaftServerConfigKeys (ConfUtils.java:logGet(46)) - raft.server.log.use.memory = false (default)
2022-06-27 16:56:30,448 [pool-626-thread-1] INFO  server.RaftServerConfigKeys (ConfUtils.java:logGet(46)) - raft.server.log.purge.gap = 1000000 (custom)
2022-06-27 16:56:30,448 [pool-626-thread-1] INFO  server.RaftServerConfigKeys (ConfUtils.java:logGet(46)) - raft.server.log.appender.buffer.byte-limit = 33554432 (custom)
2022-06-27 16:56:30,448 [pool-626-thread-1] INFO  server.RaftServerConfigKeys (ConfUtils.java:logGet(46)) - raft.server.log.statemachine.data.read.timeout = 1000ms (default)
2022-06-27 16:56:30,448 [pool-626-thread-1] INFO  server.RaftServerConfigKeys (ConfUtils.java:logGet(46)) - raft.server.log.segment.size.max = 1048576 (custom)
2022-06-27 16:56:30,450 [pool-626-thread-1] INFO  server.RaftServerConfigKeys (ConfUtils.java:logGet(46)) - raft.server.log.segment.cache.num.max = 2 (custom)
2022-06-27 16:56:30,450 [pool-626-thread-1] INFO  server.RaftServerConfigKeys (ConfUtils.java:logGet(46)) - raft.server.log.segment.cache.size.max = 200MB (=209715200) (default)
2022-06-27 16:56:30,450 [pool-626-thread-1] INFO  segmented.SegmentedRaftLogWorker (SegmentedRaftLogWorker.java:<init>(187)) - new dca6aaee-9331-4135-ba39-5d4da9c5694b@group-0B60ABD16714-SegmentedRaftLogWorker for RaftStorageImpl:Storage Directory /home/runner/work/ozone/ozone/hadoop-ozone/integration-test/target/test-dir/MiniOzoneClusterImpl-66908fe7-3497-48b2-847b-81db60c5ccf5/datanode-2/data/ratis/589459f4-e877-4ea0-b925-0b60abd16714
2022-06-27 16:56:30,450 [pool-626-thread-1] INFO  server.RaftServerConfigKeys (ConfUtils.java:logGet(46)) - raft.server.log.queue.byte-limit = 4294967296 (custom)
2022-06-27 16:56:30,450 [pool-626-thread-1] INFO  server.RaftServerConfigKeys (ConfUtils.java:logGet(46)) - raft.server.log.queue.element-limit = 1024 (custom)
2022-06-27 16:56:30,450 [pool-626-thread-1] INFO  server.RaftServerConfigKeys (ConfUtils.java:logGet(46)) - raft.server.log.segment.size.max = 1048576 (custom)
2022-06-27 16:56:30,450 [pool-626-thread-1] INFO  server.RaftServerConfigKeys (ConfUtils.java:logGet(46)) - raft.server.log.preallocated.size = 16384 (custom)
2022-06-27 16:56:30,451 [pool-626-thread-1] INFO  server.RaftServerConfigKeys (ConfUtils.java:logGet(46)) - raft.server.log.force.sync.num = 128 (default)
2022-06-27 16:56:30,451 [pool-626-thread-1] INFO  server.RaftServerConfigKeys (ConfUtils.java:logGet(46)) - raft.server.log.statemachine.data.sync = true (default)
2022-06-27 16:56:30,451 [pool-626-thread-1] INFO  server.RaftServerConfigKeys (ConfUtils.java:logGet(46)) - raft.server.log.statemachine.data.sync.timeout = 10s (default)
2022-06-27 16:56:30,451 [pool-626-thread-1] INFO  server.RaftServerConfigKeys (ConfUtils.java:logGet(46)) - raft.server.log.statemachine.data.sync.timeout.retry = -1 (default)
2022-06-27 16:56:30,451 [pool-626-thread-1] INFO  server.RaftServerConfigKeys (ConfUtils.java:logGet(46)) - raft.server.log.write.buffer.size = 1048576 (custom)
2022-06-27 16:56:30,452 [pool-626-thread-1] INFO  server.RaftServerConfigKeys (ConfUtils.java:logGet(46)) - raft.server.log.unsafe-flush.enabled = false (default)
2022-06-27 16:56:30,452 [pool-626-thread-1] INFO  server.RaftServerConfigKeys (ConfUtils.java:logGet(46)) - raft.server.log.statemachine.data.caching.enabled = true (custom)
2022-06-27 16:56:30,452 [pool-626-thread-1] INFO  segmented.SegmentedRaftLogWorker (SegmentedRaftLogWorker.java:lambda$new$0(135)) - dca6aaee-9331-4135-ba39-5d4da9c5694b@group-0B60ABD16714-SegmentedRaftLogWorker: flushIndex: setUnconditionally 0 -> -1
2022-06-27 16:56:30,452 [pool-626-thread-1] INFO  segmented.SegmentedRaftLogWorker (SegmentedRaftLogWorker.java:lambda$new$0(135)) - dca6aaee-9331-4135-ba39-5d4da9c5694b@group-0B60ABD16714-SegmentedRaftLogWorker: safeCacheEvictIndex: setUnconditionally 0 -> -1
2022-06-27 16:56:30,452 [pool-626-thread-1] INFO  server.RaftServerConfigKeys (ConfUtils.java:logGet(46)) - raft.server.snapshot.auto.trigger.enabled = true (custom)
2022-06-27 16:56:30,452 [pool-626-thread-1] INFO  server.RaftServerConfigKeys (ConfUtils.java:logGet(46)) - raft.server.snapshot.auto.trigger.threshold = 10000 (custom)
2022-06-27 16:56:30,452 [pool-626-thread-1] INFO  server.RaftServerConfigKeys (ConfUtils.java:logGet(46)) - raft.server.snapshot.retention.file.num = 5 (custom)
2022-06-27 16:56:30,452 [pool-626-thread-1] INFO  server.RaftServerConfigKeys (ConfUtils.java:logGet(46)) - raft.server.log.purge.upto.snapshot.index = false (default)
2022-06-27 16:56:30,452 [pool-626-thread-1] INFO  server.RaftServerConfigKeys (ConfUtils.java:logGet(46)) - raft.server.retrycache.expirytime = 600000ms (custom)
2022-06-27 16:56:30,452 [pool-626-thread-1] INFO  server.RaftServerConfigKeys (ConfUtils.java:logGet(46)) - raft.server.retrycache.statistics.expirytime = 100μs (default)
2022-06-27 16:56:30,456 [pool-626-thread-1] INFO  server.RaftServerConfigKeys (ConfUtils.java:logGet(46)) - raft.server.log.appender.install.snapshot.enabled = false (custom)
2022-06-27 16:56:30,456 [pool-626-thread-1] INFO  server.RaftServerConfigKeys (ConfUtils.java:logGet(46)) - raft.server.threadpool.server.cached = true (default)
2022-06-27 16:56:30,456 [pool-626-thread-1] INFO  server.RaftServerConfigKeys (ConfUtils.java:logGet(46)) - raft.server.threadpool.server.size = 0 (default)
2022-06-27 16:56:30,456 [pool-626-thread-1] INFO  server.RaftServerConfigKeys (ConfUtils.java:logGet(46)) - raft.server.threadpool.client.cached = true (default)
2022-06-27 16:56:30,456 [pool-626-thread-1] INFO  server.RaftServerConfigKeys (ConfUtils.java:logGet(46)) - raft.server.threadpool.client.size = 0 (default)
2022-06-27 16:56:30,456 [pool-626-thread-1] INFO  server.RaftServer$Division (RaftServerImpl.java:start(310)) - dca6aaee-9331-4135-ba39-5d4da9c5694b@group-0B60ABD16714: start as a follower, conf=-1: [bc887f2d-be8a-4785-be83-b8a81978c60b|rpc:10.1.0.22:35037|dataStream:|priority:1, dca6aaee-9331-4135-ba39-5d4da9c5694b|rpc:10.1.0.22:41117|dataStream:|priority:0, 3de1546c-8c2e-4aa4-a8af-42deb78e6291|rpc:10.1.0.22:34197|dataStream:|priority:0], old=null
2022-06-27 16:56:30,456 [pool-626-thread-1] INFO  server.RaftServer$Division (RaftServerImpl.java:setRole(299)) - dca6aaee-9331-4135-ba39-5d4da9c5694b@group-0B60ABD16714: changes role from      null to FOLLOWER at term 0 for startAsFollower
2022-06-27 16:56:30,456 [pool-626-thread-1] INFO  impl.RoleInfo (RoleInfo.java:updateAndGet(139)) - dca6aaee-9331-4135-ba39-5d4da9c5694b: start dca6aaee-9331-4135-ba39-5d4da9c5694b@group-0B60ABD16714-FollowerState
2022-06-27 16:56:30,461 [pool-626-thread-1] INFO  util.JmxRegister (JmxRegister.java:tryRegister(44)) - Successfully registered JMX Bean with object name Ratis:service=RaftServer,group=group-0B60ABD16714,id=dca6aaee-9331-4135-ba39-5d4da9c5694b
2022-06-27 16:56:30,486 [Command processor thread] INFO  commandhandler.CreatePipelineCommandHandler (CreatePipelineCommandHandler.java:handle(113)) - Created Pipeline RATIS THREE PipelineID=589459f4-e877-4ea0-b925-0b60abd16714.
2022-06-27 16:56:30,486 [Command processor thread] INFO  server.RaftServer (RaftServerProxy.java:addNew(96)) - 3de1546c-8c2e-4aa4-a8af-42deb78e6291: addNew group-AFCDA00B9A33:[bc887f2d-be8a-4785-be83-b8a81978c60b|rpc:10.1.0.22:35037|priority:0, dca6aaee-9331-4135-ba39-5d4da9c5694b|rpc:10.1.0.22:41117|priority:1, 3de1546c-8c2e-4aa4-a8af-42deb78e6291|rpc:10.1.0.22:34197|priority:0] returns group-AFCDA00B9A33:java.util.concurrent.CompletableFuture@1020f60f[Not completed]
2022-06-27 16:56:30,486 [pool-580-thread-1] INFO  server.RaftServer$Division (RaftServerImpl.java:<init>(190)) - 3de1546c-8c2e-4aa4-a8af-42deb78e6291: new RaftServerImpl for group-AFCDA00B9A33:[bc887f2d-be8a-4785-be83-b8a81978c60b|rpc:10.1.0.22:35037|priority:0, dca6aaee-9331-4135-ba39-5d4da9c5694b|rpc:10.1.0.22:41117|priority:1, 3de1546c-8c2e-4aa4-a8af-42deb78e6291|rpc:10.1.0.22:34197|priority:0] with ContainerStateMachine:uninitialized
2022-06-27 16:56:30,486 [pool-580-thread-1] INFO  server.RaftServerConfigKeys (ConfUtils.java:logGet(46)) - raft.server.rpc.timeout.min = 5s (custom)
2022-06-27 16:56:30,487 [pool-580-thread-1] INFO  server.RaftServerConfigKeys (ConfUtils.java:logGet(46)) - raft.server.rpc.timeout.max = 5200ms (custom)
2022-06-27 16:56:30,487 [pool-580-thread-1] INFO  server.RaftServerConfigKeys (ConfUtils.java:logGet(46)) - raft.server.rpc.sleep.time = 25ms (default)
2022-06-27 16:56:30,487 [pool-580-thread-1] INFO  server.RaftServerConfigKeys (ConfUtils.java:logGet(46)) - raft.server.rpc.slowness.timeout = 300s (custom)
2022-06-27 16:56:30,487 [pool-580-thread-1] INFO  server.RaftServerConfigKeys (ConfUtils.java:logGet(46)) - raft.server.leaderelection.leader.step-down.wait-time = 10s (default)
2022-06-27 16:56:30,487 [pool-580-thread-1] INFO  server.RaftServerConfigKeys (ConfUtils.java:logGet(46)) - raft.server.sleep.deviation.threshold = 300ms (default)
2022-06-27 16:56:30,487 [pool-580-thread-1] INFO  server.RaftServer$Division (ServerState.java:<init>(107)) - 3de1546c-8c2e-4aa4-a8af-42deb78e6291@group-AFCDA00B9A33: ConfigurationManager, init=-1: [bc887f2d-be8a-4785-be83-b8a81978c60b|rpc:10.1.0.22:35037|priority:0, dca6aaee-9331-4135-ba39-5d4da9c5694b|rpc:10.1.0.22:41117|priority:1, 3de1546c-8c2e-4aa4-a8af-42deb78e6291|rpc:10.1.0.22:34197|priority:0], old=null, confs=<EMPTY_MAP>
2022-06-27 16:56:30,487 [pool-580-thread-1] INFO  server.RaftServerConfigKeys (ConfUtils.java:logGet(46)) - raft.server.storage.dir = [/home/runner/work/ozone/ozone/hadoop-ozone/integration-test/target/test-dir/MiniOzoneClusterImpl-66908fe7-3497-48b2-847b-81db60c5ccf5/datanode-0/data/ratis] (custom)
2022-06-27 16:56:30,487 [pool-580-thread-1] INFO  server.RaftServerConfigKeys (ConfUtils.java:logGet(46)) - raft.server.log.corruption.policy = EXCEPTION (default)
2022-06-27 16:56:30,487 [pool-580-thread-1] INFO  server.RaftServerConfigKeys (ConfUtils.java:logGet(46)) - raft.server.storage.free-space.min = 0MB (=0) (default)
2022-06-27 16:56:30,487 [pool-580-thread-1] INFO  storage.RaftStorageDirectory (RaftStorageDirectoryImpl.java:analyzeStorage(135)) - The storage directory /home/runner/work/ozone/ozone/hadoop-ozone/integration-test/target/test-dir/MiniOzoneClusterImpl-66908fe7-3497-48b2-847b-81db60c5ccf5/datanode-0/data/ratis/b78c9d7f-4c44-4459-9f51-afcda00b9a33 does not exist. Creating ...
2022-06-27 16:56:30,488 [pool-580-thread-1] INFO  storage.RaftStorageDirectory (RaftStorageDirectoryImpl.java:tryLock(230)) - Lock on /home/runner/work/ozone/ozone/hadoop-ozone/integration-test/target/test-dir/MiniOzoneClusterImpl-66908fe7-3497-48b2-847b-81db60c5ccf5/datanode-0/data/ratis/b78c9d7f-4c44-4459-9f51-afcda00b9a33/in_use.lock acquired by nodename 16603@fv-az215-30
2022-06-27 16:56:30,489 [pool-580-thread-1] INFO  storage.RaftStorage (RaftStorageImpl.java:format(89)) - Storage directory /home/runner/work/ozone/ozone/hadoop-ozone/integration-test/target/test-dir/MiniOzoneClusterImpl-66908fe7-3497-48b2-847b-81db60c5ccf5/datanode-0/data/ratis/b78c9d7f-4c44-4459-9f51-afcda00b9a33 has been successfully formatted.
2022-06-27 16:56:30,490 [pool-580-thread-1] INFO  ratis.ContainerStateMachine (ContainerStateMachine.java:loadSnapshot(236)) - group-AFCDA00B9A33: The snapshot info is null. Setting the last applied indexto:(t:0, i:~)
2022-06-27 16:56:30,490 [pool-580-thread-1] INFO  server.RaftServerConfigKeys (ConfUtils.java:logGet(46)) - raft.server.notification.no-leader.timeout = 300s (custom)
2022-06-27 16:56:30,490 [pool-580-thread-1] INFO  server.RaftServerConfigKeys (ConfUtils.java:logGet(46)) - raft.server.log.use.memory = false (default)
2022-06-27 16:56:30,490 [pool-580-thread-1] INFO  server.RaftServerConfigKeys (ConfUtils.java:logGet(46)) - raft.server.log.purge.gap = 1000000 (custom)
2022-06-27 16:56:30,490 [pool-580-thread-1] INFO  server.RaftServerConfigKeys (ConfUtils.java:logGet(46)) - raft.server.log.appender.buffer.byte-limit = 33554432 (custom)
2022-06-27 16:56:30,490 [pool-580-thread-1] INFO  server.RaftServerConfigKeys (ConfUtils.java:logGet(46)) - raft.server.log.statemachine.data.read.timeout = 1000ms (default)
2022-06-27 16:56:30,490 [EventQueue-OpenPipelineForHealthyPipelineSafeModeRule] INFO  safemode.SCMSafeModeManager (HealthyPipelineSafeModeRule.java:process(124)) - SCM in safe mode. Healthy pipelines reported count is 0, required healthy pipeline reported count is 1
2022-06-27 16:56:30,490 [pool-580-thread-1] INFO  server.RaftServerConfigKeys (ConfUtils.java:logGet(46)) - raft.server.log.segment.size.max = 1048576 (custom)
2022-06-27 16:56:30,491 [pool-580-thread-1] INFO  server.RaftServerConfigKeys (ConfUtils.java:logGet(46)) - raft.server.log.segment.cache.num.max = 2 (custom)
2022-06-27 16:56:30,491 [pool-580-thread-1] INFO  server.RaftServerConfigKeys (ConfUtils.java:logGet(46)) - raft.server.log.segment.cache.size.max = 200MB (=209715200) (default)
2022-06-27 16:56:30,491 [pool-580-thread-1] INFO  segmented.SegmentedRaftLogWorker (SegmentedRaftLogWorker.java:<init>(187)) - new 3de1546c-8c2e-4aa4-a8af-42deb78e6291@group-AFCDA00B9A33-SegmentedRaftLogWorker for RaftStorageImpl:Storage Directory /home/runner/work/ozone/ozone/hadoop-ozone/integration-test/target/test-dir/MiniOzoneClusterImpl-66908fe7-3497-48b2-847b-81db60c5ccf5/datanode-0/data/ratis/b78c9d7f-4c44-4459-9f51-afcda00b9a33
2022-06-27 16:56:30,491 [pool-580-thread-1] INFO  server.RaftServerConfigKeys (ConfUtils.java:logGet(46)) - raft.server.log.queue.byte-limit = 4294967296 (custom)
2022-06-27 16:56:30,491 [pool-580-thread-1] INFO  server.RaftServerConfigKeys (ConfUtils.java:logGet(46)) - raft.server.log.queue.element-limit = 1024 (custom)
2022-06-27 16:56:30,491 [pool-580-thread-1] INFO  server.RaftServerConfigKeys (ConfUtils.java:logGet(46)) - raft.server.log.segment.size.max = 1048576 (custom)
2022-06-27 16:56:30,491 [pool-580-thread-1] INFO  server.RaftServerConfigKeys (ConfUtils.java:logGet(46)) - raft.server.log.preallocated.size = 16384 (custom)
2022-06-27 16:56:30,491 [pool-580-thread-1] INFO  server.RaftServerConfigKeys (ConfUtils.java:logGet(46)) - raft.server.log.force.sync.num = 128 (default)
2022-06-27 16:56:30,491 [pool-580-thread-1] INFO  server.RaftServerConfigKeys (ConfUtils.java:logGet(46)) - raft.server.log.statemachine.data.sync = true (default)
2022-06-27 16:56:30,491 [pool-580-thread-1] INFO  server.RaftServerConfigKeys (ConfUtils.java:logGet(46)) - raft.server.log.statemachine.data.sync.timeout = 10s (default)
2022-06-27 16:56:30,491 [pool-580-thread-1] INFO  server.RaftServerConfigKeys (ConfUtils.java:logGet(46)) - raft.server.log.statemachine.data.sync.timeout.retry = -1 (default)
2022-06-27 16:56:30,492 [pool-580-thread-1] INFO  server.RaftServerConfigKeys (ConfUtils.java:logGet(46)) - raft.server.log.write.buffer.size = 1048576 (custom)
2022-06-27 16:56:30,492 [pool-580-thread-1] INFO  server.RaftServerConfigKeys (ConfUtils.java:logGet(46)) - raft.server.log.unsafe-flush.enabled = false (default)
2022-06-27 16:56:30,492 [pool-580-thread-1] INFO  server.RaftServerConfigKeys (ConfUtils.java:logGet(46)) - raft.server.log.statemachine.data.caching.enabled = true (custom)
2022-06-27 16:56:30,492 [pool-580-thread-1] INFO  segmented.SegmentedRaftLogWorker (SegmentedRaftLogWorker.java:lambda$new$0(135)) - 3de1546c-8c2e-4aa4-a8af-42deb78e6291@group-AFCDA00B9A33-SegmentedRaftLogWorker: flushIndex: setUnconditionally 0 -> -1
2022-06-27 16:56:30,492 [pool-580-thread-1] INFO  segmented.SegmentedRaftLogWorker (SegmentedRaftLogWorker.java:lambda$new$0(135)) - 3de1546c-8c2e-4aa4-a8af-42deb78e6291@group-AFCDA00B9A33-SegmentedRaftLogWorker: safeCacheEvictIndex: setUnconditionally 0 -> -1
2022-06-27 16:56:30,495 [pool-580-thread-1] INFO  server.RaftServerConfigKeys (ConfUtils.java:logGet(46)) - raft.server.snapshot.auto.trigger.enabled = true (custom)
2022-06-27 16:56:30,495 [pool-580-thread-1] INFO  server.RaftServerConfigKeys (ConfUtils.java:logGet(46)) - raft.server.snapshot.auto.trigger.threshold = 10000 (custom)
2022-06-27 16:56:30,495 [pool-580-thread-1] INFO  server.RaftServerConfigKeys (ConfUtils.java:logGet(46)) - raft.server.snapshot.retention.file.num = 5 (custom)
2022-06-27 16:56:30,495 [pool-580-thread-1] INFO  server.RaftServerConfigKeys (ConfUtils.java:logGet(46)) - raft.server.log.purge.upto.snapshot.index = false (default)
2022-06-27 16:56:30,495 [pool-580-thread-1] INFO  server.RaftServerConfigKeys (ConfUtils.java:logGet(46)) - raft.server.retrycache.expirytime = 600000ms (custom)
2022-06-27 16:56:30,495 [pool-580-thread-1] INFO  server.RaftServerConfigKeys (ConfUtils.java:logGet(46)) - raft.server.retrycache.statistics.expirytime = 100μs (default)
2022-06-27 16:56:30,496 [pool-580-thread-1] INFO  server.RaftServerConfigKeys (ConfUtils.java:logGet(46)) - raft.server.log.appender.install.snapshot.enabled = false (custom)
2022-06-27 16:56:30,496 [pool-580-thread-1] INFO  server.RaftServerConfigKeys (ConfUtils.java:logGet(46)) - raft.server.threadpool.server.cached = true (default)
2022-06-27 16:56:30,496 [pool-580-thread-1] INFO  server.RaftServerConfigKeys (ConfUtils.java:logGet(46)) - raft.server.threadpool.server.size = 0 (default)
2022-06-27 16:56:30,496 [pool-580-thread-1] INFO  server.RaftServerConfigKeys (ConfUtils.java:logGet(46)) - raft.server.threadpool.client.cached = true (default)
2022-06-27 16:56:30,496 [pool-580-thread-1] INFO  server.RaftServerConfigKeys (ConfUtils.java:logGet(46)) - raft.server.threadpool.client.size = 0 (default)
2022-06-27 16:56:30,496 [pool-580-thread-1] INFO  server.RaftServer$Division (RaftServerImpl.java:start(310)) - 3de1546c-8c2e-4aa4-a8af-42deb78e6291@group-AFCDA00B9A33: start as a follower, conf=-1: [bc887f2d-be8a-4785-be83-b8a81978c60b|rpc:10.1.0.22:35037|priority:0, dca6aaee-9331-4135-ba39-5d4da9c5694b|rpc:10.1.0.22:41117|priority:1, 3de1546c-8c2e-4aa4-a8af-42deb78e6291|rpc:10.1.0.22:34197|priority:0], old=null
2022-06-27 16:56:30,496 [pool-580-thread-1] INFO  server.RaftServer$Division (RaftServerImpl.java:setRole(299)) - 3de1546c-8c2e-4aa4-a8af-42deb78e6291@group-AFCDA00B9A33: changes role from      null to FOLLOWER at term 0 for startAsFollower
2022-06-27 16:56:30,496 [pool-580-thread-1] INFO  impl.RoleInfo (RoleInfo.java:updateAndGet(139)) - 3de1546c-8c2e-4aa4-a8af-42deb78e6291: start 3de1546c-8c2e-4aa4-a8af-42deb78e6291@group-AFCDA00B9A33-FollowerState
2022-06-27 16:56:30,496 [pool-580-thread-1] INFO  util.JmxRegister (JmxRegister.java:tryRegister(44)) - Successfully registered JMX Bean with object name Ratis:service=RaftServer,group=group-AFCDA00B9A33,id=3de1546c-8c2e-4aa4-a8af-42deb78e6291
2022-06-27 16:56:30,497 [Command processor thread] INFO  ratis.XceiverServerRatis (XceiverServerRatis.java:addGroup(765)) - Created group PipelineID=b78c9d7f-4c44-4459-9f51-afcda00b9a33
2022-06-27 16:56:30,518 [grpc-default-executor-0] INFO  server.RaftServer (RaftServerProxy.java:addNew(96)) - dca6aaee-9331-4135-ba39-5d4da9c5694b: addNew group-AFCDA00B9A33:[bc887f2d-be8a-4785-be83-b8a81978c60b|rpc:10.1.0.22:35037|dataStream:|priority:0, dca6aaee-9331-4135-ba39-5d4da9c5694b|rpc:10.1.0.22:41117|dataStream:|priority:1, 3de1546c-8c2e-4aa4-a8af-42deb78e6291|rpc:10.1.0.22:34197|dataStream:|priority:0] returns group-AFCDA00B9A33:java.util.concurrent.CompletableFuture@1fe309c2[Not completed]
2022-06-27 16:56:30,519 [pool-626-thread-1] INFO  server.RaftServer$Division (RaftServerImpl.java:<init>(190)) - dca6aaee-9331-4135-ba39-5d4da9c5694b: new RaftServerImpl for group-AFCDA00B9A33:[bc887f2d-be8a-4785-be83-b8a81978c60b|rpc:10.1.0.22:35037|dataStream:|priority:0, dca6aaee-9331-4135-ba39-5d4da9c5694b|rpc:10.1.0.22:41117|dataStream:|priority:1, 3de1546c-8c2e-4aa4-a8af-42deb78e6291|rpc:10.1.0.22:34197|dataStream:|priority:0] with ContainerStateMachine:uninitialized
2022-06-27 16:56:30,519 [pool-626-thread-1] INFO  server.RaftServerConfigKeys (ConfUtils.java:logGet(46)) - raft.server.rpc.timeout.min = 5s (custom)
2022-06-27 16:56:30,519 [pool-626-thread-1] INFO  server.RaftServerConfigKeys (ConfUtils.java:logGet(46)) - raft.server.rpc.timeout.max = 5200ms (custom)
2022-06-27 16:56:30,519 [pool-626-thread-1] INFO  server.RaftServerConfigKeys (ConfUtils.java:logGet(46)) - raft.server.rpc.sleep.time = 25ms (default)
2022-06-27 16:56:30,519 [pool-626-thread-1] INFO  server.RaftServerConfigKeys (ConfUtils.java:logGet(46)) - raft.server.rpc.slowness.timeout = 300s (custom)
2022-06-27 16:56:30,519 [pool-626-thread-1] INFO  server.RaftServerConfigKeys (ConfUtils.java:logGet(46)) - raft.server.leaderelection.leader.step-down.wait-time = 10s (default)
2022-06-27 16:56:30,519 [pool-626-thread-1] INFO  server.RaftServerConfigKeys (ConfUtils.java:logGet(46)) - raft.server.sleep.deviation.threshold = 300ms (default)
2022-06-27 16:56:30,519 [pool-626-thread-1] INFO  server.RaftServer$Division (ServerState.java:<init>(107)) - dca6aaee-9331-4135-ba39-5d4da9c5694b@group-AFCDA00B9A33: ConfigurationManager, init=-1: [bc887f2d-be8a-4785-be83-b8a81978c60b|rpc:10.1.0.22:35037|dataStream:|priority:0, dca6aaee-9331-4135-ba39-5d4da9c5694b|rpc:10.1.0.22:41117|dataStream:|priority:1, 3de1546c-8c2e-4aa4-a8af-42deb78e6291|rpc:10.1.0.22:34197|dataStream:|priority:0], old=null, confs=<EMPTY_MAP>
2022-06-27 16:56:30,519 [pool-626-thread-1] INFO  server.RaftServerConfigKeys (ConfUtils.java:logGet(46)) - raft.server.storage.dir = [/home/runner/work/ozone/ozone/hadoop-ozone/integration-test/target/test-dir/MiniOzoneClusterImpl-66908fe7-3497-48b2-847b-81db60c5ccf5/datanode-2/data/ratis] (custom)
2022-06-27 16:56:30,519 [pool-626-thread-1] INFO  server.RaftServerConfigKeys (ConfUtils.java:logGet(46)) - raft.server.log.corruption.policy = EXCEPTION (default)
2022-06-27 16:56:30,519 [pool-626-thread-1] INFO  server.RaftServerConfigKeys (ConfUtils.java:logGet(46)) - raft.server.storage.free-space.min = 0MB (=0) (default)
2022-06-27 16:56:30,519 [pool-626-thread-1] INFO  storage.RaftStorageDirectory (RaftStorageDirectoryImpl.java:analyzeStorage(135)) - The storage directory /home/runner/work/ozone/ozone/hadoop-ozone/integration-test/target/test-dir/MiniOzoneClusterImpl-66908fe7-3497-48b2-847b-81db60c5ccf5/datanode-2/data/ratis/b78c9d7f-4c44-4459-9f51-afcda00b9a33 does not exist. Creating ...
2022-06-27 16:56:30,520 [pool-626-thread-1] INFO  storage.RaftStorageDirectory (RaftStorageDirectoryImpl.java:tryLock(230)) - Lock on /home/runner/work/ozone/ozone/hadoop-ozone/integration-test/target/test-dir/MiniOzoneClusterImpl-66908fe7-3497-48b2-847b-81db60c5ccf5/datanode-2/data/ratis/b78c9d7f-4c44-4459-9f51-afcda00b9a33/in_use.lock acquired by nodename 16603@fv-az215-30
2022-06-27 16:56:30,522 [pool-626-thread-1] INFO  storage.RaftStorage (RaftStorageImpl.java:format(89)) - Storage directory /home/runner/work/ozone/ozone/hadoop-ozone/integration-test/target/test-dir/MiniOzoneClusterImpl-66908fe7-3497-48b2-847b-81db60c5ccf5/datanode-2/data/ratis/b78c9d7f-4c44-4459-9f51-afcda00b9a33 has been successfully formatted.
2022-06-27 16:56:30,522 [pool-626-thread-1] INFO  ratis.ContainerStateMachine (ContainerStateMachine.java:loadSnapshot(236)) - group-AFCDA00B9A33: The snapshot info is null. Setting the last applied indexto:(t:0, i:~)
2022-06-27 16:56:30,522 [pool-626-thread-1] INFO  server.RaftServerConfigKeys (ConfUtils.java:logGet(46)) - raft.server.notification.no-leader.timeout = 300s (custom)
2022-06-27 16:56:30,522 [pool-626-thread-1] INFO  server.RaftServerConfigKeys (ConfUtils.java:logGet(46)) - raft.server.log.use.memory = false (default)
2022-06-27 16:56:30,523 [pool-626-thread-1] INFO  server.RaftServerConfigKeys (ConfUtils.java:logGet(46)) - raft.server.log.purge.gap = 1000000 (custom)
2022-06-27 16:56:30,523 [pool-626-thread-1] INFO  server.RaftServerConfigKeys (ConfUtils.java:logGet(46)) - raft.server.log.appender.buffer.byte-limit = 33554432 (custom)
2022-06-27 16:56:30,523 [pool-626-thread-1] INFO  server.RaftServerConfigKeys (ConfUtils.java:logGet(46)) - raft.server.log.statemachine.data.read.timeout = 1000ms (default)
2022-06-27 16:56:30,523 [pool-626-thread-1] INFO  server.RaftServerConfigKeys (ConfUtils.java:logGet(46)) - raft.server.log.segment.size.max = 1048576 (custom)
2022-06-27 16:56:30,523 [pool-626-thread-1] INFO  server.RaftServerConfigKeys (ConfUtils.java:logGet(46)) - raft.server.log.segment.cache.num.max = 2 (custom)
2022-06-27 16:56:30,523 [pool-626-thread-1] INFO  server.RaftServerConfigKeys (ConfUtils.java:logGet(46)) - raft.server.log.segment.cache.size.max = 200MB (=209715200) (default)
2022-06-27 16:56:30,523 [pool-626-thread-1] INFO  segmented.SegmentedRaftLogWorker (SegmentedRaftLogWorker.java:<init>(187)) - new dca6aaee-9331-4135-ba39-5d4da9c5694b@group-AFCDA00B9A33-SegmentedRaftLogWorker for RaftStorageImpl:Storage Directory /home/runner/work/ozone/ozone/hadoop-ozone/integration-test/target/test-dir/MiniOzoneClusterImpl-66908fe7-3497-48b2-847b-81db60c5ccf5/datanode-2/data/ratis/b78c9d7f-4c44-4459-9f51-afcda00b9a33
2022-06-27 16:56:30,523 [pool-626-thread-1] INFO  server.RaftServerConfigKeys (ConfUtils.java:logGet(46)) - raft.server.log.queue.byte-limit = 4294967296 (custom)
2022-06-27 16:56:30,523 [pool-626-thread-1] INFO  server.RaftServerConfigKeys (ConfUtils.java:logGet(46)) - raft.server.log.queue.element-limit = 1024 (custom)
2022-06-27 16:56:30,523 [pool-626-thread-1] INFO  server.RaftServerConfigKeys (ConfUtils.java:logGet(46)) - raft.server.log.segment.size.max = 1048576 (custom)
2022-06-27 16:56:30,523 [pool-626-thread-1] INFO  server.RaftServerConfigKeys (ConfUtils.java:logGet(46)) - raft.server.log.preallocated.size = 16384 (custom)
2022-06-27 16:56:30,523 [pool-626-thread-1] INFO  server.RaftServerConfigKeys (ConfUtils.java:logGet(46)) - raft.server.log.force.sync.num = 128 (default)
2022-06-27 16:56:30,523 [pool-626-thread-1] INFO  server.RaftServerConfigKeys (ConfUtils.java:logGet(46)) - raft.server.log.statemachine.data.sync = true (default)
2022-06-27 16:56:30,523 [pool-626-thread-1] INFO  server.RaftServerConfigKeys (ConfUtils.java:logGet(46)) - raft.server.log.statemachine.data.sync.timeout = 10s (default)
2022-06-27 16:56:30,523 [pool-626-thread-1] INFO  server.RaftServerConfigKeys (ConfUtils.java:logGet(46)) - raft.server.log.statemachine.data.sync.timeout.retry = -1 (default)
2022-06-27 16:56:30,524 [pool-626-thread-1] INFO  server.RaftServerConfigKeys (ConfUtils.java:logGet(46)) - raft.server.log.write.buffer.size = 1048576 (custom)
2022-06-27 16:56:30,526 [pool-626-thread-1] INFO  server.RaftServerConfigKeys (ConfUtils.java:logGet(46)) - raft.server.log.unsafe-flush.enabled = false (default)
2022-06-27 16:56:30,526 [pool-626-thread-1] INFO  server.RaftServerConfigKeys (ConfUtils.java:logGet(46)) - raft.server.log.statemachine.data.caching.enabled = true (custom)
2022-06-27 16:56:30,526 [pool-626-thread-1] INFO  segmented.SegmentedRaftLogWorker (SegmentedRaftLogWorker.java:lambda$new$0(135)) - dca6aaee-9331-4135-ba39-5d4da9c5694b@group-AFCDA00B9A33-SegmentedRaftLogWorker: flushIndex: setUnconditionally 0 -> -1
2022-06-27 16:56:30,526 [pool-626-thread-1] INFO  segmented.SegmentedRaftLogWorker (SegmentedRaftLogWorker.java:lambda$new$0(135)) - dca6aaee-9331-4135-ba39-5d4da9c5694b@group-AFCDA00B9A33-SegmentedRaftLogWorker: safeCacheEvictIndex: setUnconditionally 0 -> -1
2022-06-27 16:56:30,529 [pool-626-thread-1] INFO  server.RaftServerConfigKeys (ConfUtils.java:logGet(46)) - raft.server.snapshot.auto.trigger.enabled = true (custom)
2022-06-27 16:56:30,529 [pool-626-thread-1] INFO  server.RaftServerConfigKeys (ConfUtils.java:logGet(46)) - raft.server.snapshot.auto.trigger.threshold = 10000 (custom)
2022-06-27 16:56:30,529 [pool-626-thread-1] INFO  server.RaftServerConfigKeys (ConfUtils.java:logGet(46)) - raft.server.snapshot.retention.file.num = 5 (custom)
2022-06-27 16:56:30,529 [pool-626-thread-1] INFO  server.RaftServerConfigKeys (ConfUtils.java:logGet(46)) - raft.server.log.purge.upto.snapshot.index = false (default)
2022-06-27 16:56:30,529 [pool-626-thread-1] INFO  server.RaftServerConfigKeys (ConfUtils.java:logGet(46)) - raft.server.retrycache.expirytime = 600000ms (custom)
2022-06-27 16:56:30,529 [pool-626-thread-1] INFO  server.RaftServerConfigKeys (ConfUtils.java:logGet(46)) - raft.server.retrycache.statistics.expirytime = 100μs (default)
2022-06-27 16:56:30,530 [pool-626-thread-1] INFO  server.RaftServerConfigKeys (ConfUtils.java:logGet(46)) - raft.server.log.appender.install.snapshot.enabled = false (custom)
2022-06-27 16:56:30,530 [pool-626-thread-1] INFO  server.RaftServerConfigKeys (ConfUtils.java:logGet(46)) - raft.server.threadpool.server.cached = true (default)
2022-06-27 16:56:30,530 [pool-626-thread-1] INFO  server.RaftServerConfigKeys (ConfUtils.java:logGet(46)) - raft.server.threadpool.server.size = 0 (default)
2022-06-27 16:56:30,530 [pool-626-thread-1] INFO  server.RaftServerConfigKeys (ConfUtils.java:logGet(46)) - raft.server.threadpool.client.cached = true (default)
2022-06-27 16:56:30,530 [pool-626-thread-1] INFO  server.RaftServerConfigKeys (ConfUtils.java:logGet(46)) - raft.server.threadpool.client.size = 0 (default)
2022-06-27 16:56:30,530 [pool-626-thread-1] INFO  server.RaftServer$Division (RaftServerImpl.java:start(310)) - dca6aaee-9331-4135-ba39-5d4da9c5694b@group-AFCDA00B9A33: start as a follower, conf=-1: [bc887f2d-be8a-4785-be83-b8a81978c60b|rpc:10.1.0.22:35037|dataStream:|priority:0, dca6aaee-9331-4135-ba39-5d4da9c5694b|rpc:10.1.0.22:41117|dataStream:|priority:1, 3de1546c-8c2e-4aa4-a8af-42deb78e6291|rpc:10.1.0.22:34197|dataStream:|priority:0], old=null
2022-06-27 16:56:30,530 [pool-626-thread-1] INFO  server.RaftServer$Division (RaftServerImpl.java:setRole(299)) - dca6aaee-9331-4135-ba39-5d4da9c5694b@group-AFCDA00B9A33: changes role from      null to FOLLOWER at term 0 for startAsFollower
2022-06-27 16:56:30,530 [pool-626-thread-1] INFO  impl.RoleInfo (RoleInfo.java:updateAndGet(139)) - dca6aaee-9331-4135-ba39-5d4da9c5694b: start dca6aaee-9331-4135-ba39-5d4da9c5694b@group-AFCDA00B9A33-FollowerState
2022-06-27 16:56:30,531 [pool-626-thread-1] INFO  util.JmxRegister (JmxRegister.java:tryRegister(44)) - Successfully registered JMX Bean with object name Ratis:service=RaftServer,group=group-AFCDA00B9A33,id=dca6aaee-9331-4135-ba39-5d4da9c5694b
2022-06-27 16:56:30,555 [grpc-default-executor-0] INFO  server.RaftServer (RaftServerProxy.java:addNew(96)) - bc887f2d-be8a-4785-be83-b8a81978c60b: addNew group-AFCDA00B9A33:[bc887f2d-be8a-4785-be83-b8a81978c60b|rpc:10.1.0.22:35037|dataStream:|priority:0, dca6aaee-9331-4135-ba39-5d4da9c5694b|rpc:10.1.0.22:41117|dataStream:|priority:1, 3de1546c-8c2e-4aa4-a8af-42deb78e6291|rpc:10.1.0.22:34197|dataStream:|priority:0] returns group-AFCDA00B9A33:java.util.concurrent.CompletableFuture@34e475ed[Not completed]
2022-06-27 16:56:30,556 [pool-603-thread-1] INFO  server.RaftServer$Division (RaftServerImpl.java:<init>(190)) - bc887f2d-be8a-4785-be83-b8a81978c60b: new RaftServerImpl for group-AFCDA00B9A33:[bc887f2d-be8a-4785-be83-b8a81978c60b|rpc:10.1.0.22:35037|dataStream:|priority:0, dca6aaee-9331-4135-ba39-5d4da9c5694b|rpc:10.1.0.22:41117|dataStream:|priority:1, 3de1546c-8c2e-4aa4-a8af-42deb78e6291|rpc:10.1.0.22:34197|dataStream:|priority:0] with ContainerStateMachine:uninitialized
2022-06-27 16:56:30,556 [pool-603-thread-1] INFO  server.RaftServerConfigKeys (ConfUtils.java:logGet(46)) - raft.server.rpc.timeout.min = 5s (custom)
2022-06-27 16:56:30,556 [pool-603-thread-1] INFO  server.RaftServerConfigKeys (ConfUtils.java:logGet(46)) - raft.server.rpc.timeout.max = 5200ms (custom)
2022-06-27 16:56:30,556 [pool-603-thread-1] INFO  server.RaftServerConfigKeys (ConfUtils.java:logGet(46)) - raft.server.rpc.sleep.time = 25ms (default)
2022-06-27 16:56:30,556 [pool-603-thread-1] INFO  server.RaftServerConfigKeys (ConfUtils.java:logGet(46)) - raft.server.rpc.slowness.timeout = 300s (custom)
2022-06-27 16:56:30,556 [pool-603-thread-1] INFO  server.RaftServerConfigKeys (ConfUtils.java:logGet(46)) - raft.server.leaderelection.leader.step-down.wait-time = 10s (default)
2022-06-27 16:56:30,556 [pool-603-thread-1] INFO  server.RaftServerConfigKeys (ConfUtils.java:logGet(46)) - raft.server.sleep.deviation.threshold = 300ms (default)
2022-06-27 16:56:30,556 [pool-603-thread-1] INFO  server.RaftServer$Division (ServerState.java:<init>(107)) - bc887f2d-be8a-4785-be83-b8a81978c60b@group-AFCDA00B9A33: ConfigurationManager, init=-1: [bc887f2d-be8a-4785-be83-b8a81978c60b|rpc:10.1.0.22:35037|dataStream:|priority:0, dca6aaee-9331-4135-ba39-5d4da9c5694b|rpc:10.1.0.22:41117|dataStream:|priority:1, 3de1546c-8c2e-4aa4-a8af-42deb78e6291|rpc:10.1.0.22:34197|dataStream:|priority:0], old=null, confs=<EMPTY_MAP>
2022-06-27 16:56:30,556 [pool-603-thread-1] INFO  server.RaftServerConfigKeys (ConfUtils.java:logGet(46)) - raft.server.storage.dir = [/home/runner/work/ozone/ozone/hadoop-ozone/integration-test/target/test-dir/MiniOzoneClusterImpl-66908fe7-3497-48b2-847b-81db60c5ccf5/datanode-1/data/ratis] (custom)
2022-06-27 16:56:30,556 [pool-603-thread-1] INFO  server.RaftServerConfigKeys (ConfUtils.java:logGet(46)) - raft.server.log.corruption.policy = EXCEPTION (default)
2022-06-27 16:56:30,556 [pool-603-thread-1] INFO  server.RaftServerConfigKeys (ConfUtils.java:logGet(46)) - raft.server.storage.free-space.min = 0MB (=0) (default)
2022-06-27 16:56:30,556 [pool-603-thread-1] INFO  storage.RaftStorageDirectory (RaftStorageDirectoryImpl.java:analyzeStorage(135)) - The storage directory /home/runner/work/ozone/ozone/hadoop-ozone/integration-test/target/test-dir/MiniOzoneClusterImpl-66908fe7-3497-48b2-847b-81db60c5ccf5/datanode-1/data/ratis/b78c9d7f-4c44-4459-9f51-afcda00b9a33 does not exist. Creating ...
2022-06-27 16:56:30,561 [pool-603-thread-1] INFO  storage.RaftStorageDirectory (RaftStorageDirectoryImpl.java:tryLock(230)) - Lock on /home/runner/work/ozone/ozone/hadoop-ozone/integration-test/target/test-dir/MiniOzoneClusterImpl-66908fe7-3497-48b2-847b-81db60c5ccf5/datanode-1/data/ratis/b78c9d7f-4c44-4459-9f51-afcda00b9a33/in_use.lock acquired by nodename 16603@fv-az215-30
2022-06-27 16:56:30,562 [pool-603-thread-1] INFO  storage.RaftStorage (RaftStorageImpl.java:format(89)) - Storage directory /home/runner/work/ozone/ozone/hadoop-ozone/integration-test/target/test-dir/MiniOzoneClusterImpl-66908fe7-3497-48b2-847b-81db60c5ccf5/datanode-1/data/ratis/b78c9d7f-4c44-4459-9f51-afcda00b9a33 has been successfully formatted.
2022-06-27 16:56:30,563 [pool-603-thread-1] INFO  ratis.ContainerStateMachine (ContainerStateMachine.java:loadSnapshot(236)) - group-AFCDA00B9A33: The snapshot info is null. Setting the last applied indexto:(t:0, i:~)
2022-06-27 16:56:30,564 [pool-603-thread-1] INFO  server.RaftServerConfigKeys (ConfUtils.java:logGet(46)) - raft.server.notification.no-leader.timeout = 300s (custom)
2022-06-27 16:56:30,564 [pool-603-thread-1] INFO  server.RaftServerConfigKeys (ConfUtils.java:logGet(46)) - raft.server.log.use.memory = false (default)
2022-06-27 16:56:30,564 [pool-603-thread-1] INFO  server.RaftServerConfigKeys (ConfUtils.java:logGet(46)) - raft.server.log.purge.gap = 1000000 (custom)
2022-06-27 16:56:30,564 [pool-603-thread-1] INFO  server.RaftServerConfigKeys (ConfUtils.java:logGet(46)) - raft.server.log.appender.buffer.byte-limit = 33554432 (custom)
2022-06-27 16:56:30,564 [pool-603-thread-1] INFO  server.RaftServerConfigKeys (ConfUtils.java:logGet(46)) - raft.server.log.statemachine.data.read.timeout = 1000ms (default)
2022-06-27 16:56:30,564 [pool-603-thread-1] INFO  server.RaftServerConfigKeys (ConfUtils.java:logGet(46)) - raft.server.log.segment.size.max = 1048576 (custom)
2022-06-27 16:56:30,564 [pool-603-thread-1] INFO  server.RaftServerConfigKeys (ConfUtils.java:logGet(46)) - raft.server.log.segment.cache.num.max = 2 (custom)
2022-06-27 16:56:30,564 [pool-603-thread-1] INFO  server.RaftServerConfigKeys (ConfUtils.java:logGet(46)) - raft.server.log.segment.cache.size.max = 200MB (=209715200) (default)
2022-06-27 16:56:30,564 [pool-603-thread-1] INFO  segmented.SegmentedRaftLogWorker (SegmentedRaftLogWorker.java:<init>(187)) - new bc887f2d-be8a-4785-be83-b8a81978c60b@group-AFCDA00B9A33-SegmentedRaftLogWorker for RaftStorageImpl:Storage Directory /home/runner/work/ozone/ozone/hadoop-ozone/integration-test/target/test-dir/MiniOzoneClusterImpl-66908fe7-3497-48b2-847b-81db60c5ccf5/datanode-1/data/ratis/b78c9d7f-4c44-4459-9f51-afcda00b9a33
2022-06-27 16:56:30,564 [pool-603-thread-1] INFO  server.RaftServerConfigKeys (ConfUtils.java:logGet(46)) - raft.server.log.queue.byte-limit = 4294967296 (custom)
2022-06-27 16:56:30,564 [pool-603-thread-1] INFO  server.RaftServerConfigKeys (ConfUtils.java:logGet(46)) - raft.server.log.queue.element-limit = 1024 (custom)
2022-06-27 16:56:30,564 [pool-603-thread-1] INFO  server.RaftServerConfigKeys (ConfUtils.java:logGet(46)) - raft.server.log.segment.size.max = 1048576 (custom)
2022-06-27 16:56:30,564 [pool-603-thread-1] INFO  server.RaftServerConfigKeys (ConfUtils.java:logGet(46)) - raft.server.log.preallocated.size = 16384 (custom)
2022-06-27 16:56:30,564 [pool-603-thread-1] INFO  server.RaftServerConfigKeys (ConfUtils.java:logGet(46)) - raft.server.log.force.sync.num = 128 (default)
2022-06-27 16:56:30,564 [pool-603-thread-1] INFO  server.RaftServerConfigKeys (ConfUtils.java:logGet(46)) - raft.server.log.statemachine.data.sync = true (default)
2022-06-27 16:56:30,564 [pool-603-thread-1] INFO  server.RaftServerConfigKeys (ConfUtils.java:logGet(46)) - raft.server.log.statemachine.data.sync.timeout = 10s (default)
2022-06-27 16:56:30,565 [pool-603-thread-1] INFO  server.RaftServerConfigKeys (ConfUtils.java:logGet(46)) - raft.server.log.statemachine.data.sync.timeout.retry = -1 (default)
2022-06-27 16:56:30,566 [pool-603-thread-1] INFO  server.RaftServerConfigKeys (ConfUtils.java:logGet(46)) - raft.server.log.write.buffer.size = 1048576 (custom)
2022-06-27 16:56:30,566 [pool-603-thread-1] INFO  server.RaftServerConfigKeys (ConfUtils.java:logGet(46)) - raft.server.log.unsafe-flush.enabled = false (default)
2022-06-27 16:56:30,566 [pool-603-thread-1] INFO  server.RaftServerConfigKeys (ConfUtils.java:logGet(46)) - raft.server.log.statemachine.data.caching.enabled = true (custom)
2022-06-27 16:56:30,567 [pool-603-thread-1] INFO  segmented.SegmentedRaftLogWorker (SegmentedRaftLogWorker.java:lambda$new$0(135)) - bc887f2d-be8a-4785-be83-b8a81978c60b@group-AFCDA00B9A33-SegmentedRaftLogWorker: flushIndex: setUnconditionally 0 -> -1
2022-06-27 16:56:30,567 [pool-603-thread-1] INFO  segmented.SegmentedRaftLogWorker (SegmentedRaftLogWorker.java:lambda$new$0(135)) - bc887f2d-be8a-4785-be83-b8a81978c60b@group-AFCDA00B9A33-SegmentedRaftLogWorker: safeCacheEvictIndex: setUnconditionally 0 -> -1
2022-06-27 16:56:30,575 [pool-603-thread-1] INFO  server.RaftServerConfigKeys (ConfUtils.java:logGet(46)) - raft.server.snapshot.auto.trigger.enabled = true (custom)
2022-06-27 16:56:30,575 [pool-603-thread-1] INFO  server.RaftServerConfigKeys (ConfUtils.java:logGet(46)) - raft.server.snapshot.auto.trigger.threshold = 10000 (custom)
2022-06-27 16:56:30,575 [pool-603-thread-1] INFO  server.RaftServerConfigKeys (ConfUtils.java:logGet(46)) - raft.server.snapshot.retention.file.num = 5 (custom)
2022-06-27 16:56:30,575 [pool-603-thread-1] INFO  server.RaftServerConfigKeys (ConfUtils.java:logGet(46)) - raft.server.log.purge.upto.snapshot.index = false (default)
2022-06-27 16:56:30,576 [pool-603-thread-1] INFO  server.RaftServerConfigKeys (ConfUtils.java:logGet(46)) - raft.server.retrycache.expirytime = 600000ms (custom)
2022-06-27 16:56:30,576 [pool-603-thread-1] INFO  server.RaftServerConfigKeys (ConfUtils.java:logGet(46)) - raft.server.retrycache.statistics.expirytime = 100μs (default)
2022-06-27 16:56:30,576 [pool-603-thread-1] INFO  server.RaftServerConfigKeys (ConfUtils.java:logGet(46)) - raft.server.log.appender.install.snapshot.enabled = false (custom)
2022-06-27 16:56:30,577 [pool-603-thread-1] INFO  server.RaftServerConfigKeys (ConfUtils.java:logGet(46)) - raft.server.threadpool.server.cached = true (default)
2022-06-27 16:56:30,577 [pool-603-thread-1] INFO  server.RaftServerConfigKeys (ConfUtils.java:logGet(46)) - raft.server.threadpool.server.size = 0 (default)
2022-06-27 16:56:30,580 [pool-603-thread-1] INFO  server.RaftServerConfigKeys (ConfUtils.java:logGet(46)) - raft.server.threadpool.client.cached = true (default)
2022-06-27 16:56:30,580 [pool-603-thread-1] INFO  server.RaftServerConfigKeys (ConfUtils.java:logGet(46)) - raft.server.threadpool.client.size = 0 (default)
2022-06-27 16:56:30,580 [pool-603-thread-1] INFO  server.RaftServer$Division (RaftServerImpl.java:start(310)) - bc887f2d-be8a-4785-be83-b8a81978c60b@group-AFCDA00B9A33: start as a follower, conf=-1: [bc887f2d-be8a-4785-be83-b8a81978c60b|rpc:10.1.0.22:35037|dataStream:|priority:0, dca6aaee-9331-4135-ba39-5d4da9c5694b|rpc:10.1.0.22:41117|dataStream:|priority:1, 3de1546c-8c2e-4aa4-a8af-42deb78e6291|rpc:10.1.0.22:34197|dataStream:|priority:0], old=null
2022-06-27 16:56:30,580 [pool-603-thread-1] INFO  server.RaftServer$Division (RaftServerImpl.java:setRole(299)) - bc887f2d-be8a-4785-be83-b8a81978c60b@group-AFCDA00B9A33: changes role from      null to FOLLOWER at term 0 for startAsFollower
2022-06-27 16:56:30,580 [pool-603-thread-1] INFO  impl.RoleInfo (RoleInfo.java:updateAndGet(139)) - bc887f2d-be8a-4785-be83-b8a81978c60b: start bc887f2d-be8a-4785-be83-b8a81978c60b@group-AFCDA00B9A33-FollowerState
2022-06-27 16:56:30,581 [pool-603-thread-1] INFO  util.JmxRegister (JmxRegister.java:tryRegister(44)) - Successfully registered JMX Bean with object name Ratis:service=RaftServer,group=group-AFCDA00B9A33,id=bc887f2d-be8a-4785-be83-b8a81978c60b
2022-06-27 16:56:30,632 [Command processor thread] INFO  commandhandler.CreatePipelineCommandHandler (CreatePipelineCommandHandler.java:handle(113)) - Created Pipeline RATIS THREE PipelineID=b78c9d7f-4c44-4459-9f51-afcda00b9a33.
2022-06-27 16:56:30,657 [Command processor thread] INFO  server.RaftServer (RaftServerProxy.java:addNew(96)) - bc887f2d-be8a-4785-be83-b8a81978c60b: addNew group-829A91E06383:[bc887f2d-be8a-4785-be83-b8a81978c60b|rpc:10.1.0.22:35037|priority:1] returns group-829A91E06383:java.util.concurrent.CompletableFuture@55226d8f[Not completed]
2022-06-27 16:56:30,658 [pool-603-thread-1] INFO  server.RaftServer$Division (RaftServerImpl.java:<init>(190)) - bc887f2d-be8a-4785-be83-b8a81978c60b: new RaftServerImpl for group-829A91E06383:[bc887f2d-be8a-4785-be83-b8a81978c60b|rpc:10.1.0.22:35037|priority:1] with ContainerStateMachine:uninitialized
2022-06-27 16:56:30,658 [pool-603-thread-1] INFO  server.RaftServerConfigKeys (ConfUtils.java:logGet(46)) - raft.server.rpc.timeout.min = 5s (custom)
2022-06-27 16:56:30,658 [pool-603-thread-1] INFO  server.RaftServerConfigKeys (ConfUtils.java:logGet(46)) - raft.server.rpc.timeout.max = 5200ms (custom)
2022-06-27 16:56:30,658 [pool-603-thread-1] INFO  server.RaftServerConfigKeys (ConfUtils.java:logGet(46)) - raft.server.rpc.sleep.time = 25ms (default)
2022-06-27 16:56:30,658 [pool-603-thread-1] INFO  server.RaftServerConfigKeys (ConfUtils.java:logGet(46)) - raft.server.rpc.slowness.timeout = 300s (custom)
2022-06-27 16:56:30,658 [pool-603-thread-1] INFO  server.RaftServerConfigKeys (ConfUtils.java:logGet(46)) - raft.server.leaderelection.leader.step-down.wait-time = 10s (default)
2022-06-27 16:56:30,658 [pool-603-thread-1] INFO  server.RaftServerConfigKeys (ConfUtils.java:logGet(46)) - raft.server.sleep.deviation.threshold = 300ms (default)
2022-06-27 16:56:30,658 [pool-603-thread-1] INFO  server.RaftServer$Division (ServerState.java:<init>(107)) - bc887f2d-be8a-4785-be83-b8a81978c60b@group-829A91E06383: ConfigurationManager, init=-1: [bc887f2d-be8a-4785-be83-b8a81978c60b|rpc:10.1.0.22:35037|priority:1], old=null, confs=<EMPTY_MAP>
2022-06-27 16:56:30,658 [pool-603-thread-1] INFO  server.RaftServerConfigKeys (ConfUtils.java:logGet(46)) - raft.server.storage.dir = [/home/runner/work/ozone/ozone/hadoop-ozone/integration-test/target/test-dir/MiniOzoneClusterImpl-66908fe7-3497-48b2-847b-81db60c5ccf5/datanode-1/data/ratis] (custom)
2022-06-27 16:56:30,658 [pool-603-thread-1] INFO  server.RaftServerConfigKeys (ConfUtils.java:logGet(46)) - raft.server.log.corruption.policy = EXCEPTION (default)
2022-06-27 16:56:30,659 [pool-603-thread-1] INFO  server.RaftServerConfigKeys (ConfUtils.java:logGet(46)) - raft.server.storage.free-space.min = 0MB (=0) (default)
2022-06-27 16:56:30,659 [pool-603-thread-1] INFO  storage.RaftStorageDirectory (RaftStorageDirectoryImpl.java:analyzeStorage(135)) - The storage directory /home/runner/work/ozone/ozone/hadoop-ozone/integration-test/target/test-dir/MiniOzoneClusterImpl-66908fe7-3497-48b2-847b-81db60c5ccf5/datanode-1/data/ratis/34159a37-fad6-4ef0-92b6-829a91e06383 does not exist. Creating ...
2022-06-27 16:56:30,660 [pool-603-thread-1] INFO  storage.RaftStorageDirectory (RaftStorageDirectoryImpl.java:tryLock(230)) - Lock on /home/runner/work/ozone/ozone/hadoop-ozone/integration-test/target/test-dir/MiniOzoneClusterImpl-66908fe7-3497-48b2-847b-81db60c5ccf5/datanode-1/data/ratis/34159a37-fad6-4ef0-92b6-829a91e06383/in_use.lock acquired by nodename 16603@fv-az215-30
2022-06-27 16:56:30,661 [pool-603-thread-1] INFO  storage.RaftStorage (RaftStorageImpl.java:format(89)) - Storage directory /home/runner/work/ozone/ozone/hadoop-ozone/integration-test/target/test-dir/MiniOzoneClusterImpl-66908fe7-3497-48b2-847b-81db60c5ccf5/datanode-1/data/ratis/34159a37-fad6-4ef0-92b6-829a91e06383 has been successfully formatted.
2022-06-27 16:56:30,661 [pool-603-thread-1] INFO  ratis.ContainerStateMachine (ContainerStateMachine.java:loadSnapshot(236)) - group-829A91E06383: The snapshot info is null. Setting the last applied indexto:(t:0, i:~)
2022-06-27 16:56:30,661 [pool-603-thread-1] INFO  server.RaftServerConfigKeys (ConfUtils.java:logGet(46)) - raft.server.notification.no-leader.timeout = 300s (custom)
2022-06-27 16:56:30,661 [pool-603-thread-1] INFO  server.RaftServerConfigKeys (ConfUtils.java:logGet(46)) - raft.server.log.use.memory = false (default)
2022-06-27 16:56:30,661 [pool-603-thread-1] INFO  server.RaftServerConfigKeys (ConfUtils.java:logGet(46)) - raft.server.log.purge.gap = 1000000 (custom)
2022-06-27 16:56:30,661 [pool-603-thread-1] INFO  server.RaftServerConfigKeys (ConfUtils.java:logGet(46)) - raft.server.log.appender.buffer.byte-limit = 33554432 (custom)
2022-06-27 16:56:30,662 [pool-603-thread-1] INFO  server.RaftServerConfigKeys (ConfUtils.java:logGet(46)) - raft.server.log.statemachine.data.read.timeout = 1000ms (default)
2022-06-27 16:56:30,662 [pool-603-thread-1] INFO  server.RaftServerConfigKeys (ConfUtils.java:logGet(46)) - raft.server.log.segment.size.max = 1048576 (custom)
2022-06-27 16:56:30,662 [pool-603-thread-1] INFO  server.RaftServerConfigKeys (ConfUtils.java:logGet(46)) - raft.server.log.segment.cache.num.max = 2 (custom)
2022-06-27 16:56:30,662 [pool-603-thread-1] INFO  server.RaftServerConfigKeys (ConfUtils.java:logGet(46)) - raft.server.log.segment.cache.size.max = 200MB (=209715200) (default)
2022-06-27 16:56:30,662 [pool-603-thread-1] INFO  segmented.SegmentedRaftLogWorker (SegmentedRaftLogWorker.java:<init>(187)) - new bc887f2d-be8a-4785-be83-b8a81978c60b@group-829A91E06383-SegmentedRaftLogWorker for RaftStorageImpl:Storage Directory /home/runner/work/ozone/ozone/hadoop-ozone/integration-test/target/test-dir/MiniOzoneClusterImpl-66908fe7-3497-48b2-847b-81db60c5ccf5/datanode-1/data/ratis/34159a37-fad6-4ef0-92b6-829a91e06383
2022-06-27 16:56:30,662 [pool-603-thread-1] INFO  server.RaftServerConfigKeys (ConfUtils.java:logGet(46)) - raft.server.log.queue.byte-limit = 4294967296 (custom)
2022-06-27 16:56:30,662 [pool-603-thread-1] INFO  server.RaftServerConfigKeys (ConfUtils.java:logGet(46)) - raft.server.log.queue.element-limit = 1024 (custom)
2022-06-27 16:56:30,662 [pool-603-thread-1] INFO  server.RaftServerConfigKeys (ConfUtils.java:logGet(46)) - raft.server.log.segment.size.max = 1048576 (custom)
2022-06-27 16:56:30,662 [pool-603-thread-1] INFO  server.RaftServerConfigKeys (ConfUtils.java:logGet(46)) - raft.server.log.preallocated.size = 16384 (custom)
2022-06-27 16:56:30,662 [pool-603-thread-1] INFO  server.RaftServerConfigKeys (ConfUtils.java:logGet(46)) - raft.server.log.force.sync.num = 128 (default)
2022-06-27 16:56:30,662 [pool-603-thread-1] INFO  server.RaftServerConfigKeys (ConfUtils.java:logGet(46)) - raft.server.log.statemachine.data.sync = true (default)
2022-06-27 16:56:30,662 [pool-603-thread-1] INFO  server.RaftServerConfigKeys (ConfUtils.java:logGet(46)) - raft.server.log.statemachine.data.sync.timeout = 10s (default)
2022-06-27 16:56:30,662 [pool-603-thread-1] INFO  server.RaftServerConfigKeys (ConfUtils.java:logGet(46)) - raft.server.log.statemachine.data.sync.timeout.retry = -1 (default)
2022-06-27 16:56:30,663 [pool-603-thread-1] INFO  server.RaftServerConfigKeys (ConfUtils.java:logGet(46)) - raft.server.log.write.buffer.size = 1048576 (custom)
2022-06-27 16:56:30,663 [pool-603-thread-1] INFO  server.RaftServerConfigKeys (ConfUtils.java:logGet(46)) - raft.server.log.unsafe-flush.enabled = false (default)
2022-06-27 16:56:30,663 [pool-603-thread-1] INFO  server.RaftServerConfigKeys (ConfUtils.java:logGet(46)) - raft.server.log.statemachine.data.caching.enabled = true (custom)
2022-06-27 16:56:30,663 [pool-603-thread-1] INFO  segmented.SegmentedRaftLogWorker (SegmentedRaftLogWorker.java:lambda$new$0(135)) - bc887f2d-be8a-4785-be83-b8a81978c60b@group-829A91E06383-SegmentedRaftLogWorker: flushIndex: setUnconditionally 0 -> -1
2022-06-27 16:56:30,663 [pool-603-thread-1] INFO  segmented.SegmentedRaftLogWorker (SegmentedRaftLogWorker.java:lambda$new$0(135)) - bc887f2d-be8a-4785-be83-b8a81978c60b@group-829A91E06383-SegmentedRaftLogWorker: safeCacheEvictIndex: setUnconditionally 0 -> -1
2022-06-27 16:56:30,668 [EventQueue-PipelineReportForPipelineReportHandler] INFO  pipeline.PipelineManagerImpl (PipelineManagerImpl.java:openPipeline(358)) - Pipeline Pipeline[ Id: 34159a37-fad6-4ef0-92b6-829a91e06383, Nodes: bc887f2d-be8a-4785-be83-b8a81978c60b{ip: 10.1.0.22, host: fv-az215-30.fk02tkdpp51uda4i120yanydqb.bx.internal.cloudapp.net, ports: [REPLICATION=44797, RATIS=35037, RATIS_ADMIN=35037, RATIS_SERVER=35037, STANDALONE=46851], networkLocation: /default-rack, certSerialId: null, persistedOpState: IN_SERVICE, persistedOpStateExpiryEpochSec: 0}, ReplicationConfig: RATIS/ONE, State:ALLOCATED, leaderId:bc887f2d-be8a-4785-be83-b8a81978c60b, CreationTimestamp2022-06-27T16:56:27.662Z[Etc/UTC]] moved to OPEN state
2022-06-27 16:56:30,668 [EventQueue-OpenPipelineForHealthyPipelineSafeModeRule] INFO  safemode.SCMSafeModeManager (HealthyPipelineSafeModeRule.java:process(124)) - SCM in safe mode. Healthy pipelines reported count is 0, required healthy pipeline reported count is 1
2022-06-27 16:56:30,669 [pool-603-thread-1] INFO  server.RaftServerConfigKeys (ConfUtils.java:logGet(46)) - raft.server.snapshot.auto.trigger.enabled = true (custom)
2022-06-27 16:56:30,669 [pool-603-thread-1] INFO  server.RaftServerConfigKeys (ConfUtils.java:logGet(46)) - raft.server.snapshot.auto.trigger.threshold = 10000 (custom)
2022-06-27 16:56:30,669 [pool-603-thread-1] INFO  server.RaftServerConfigKeys (ConfUtils.java:logGet(46)) - raft.server.snapshot.retention.file.num = 5 (custom)
2022-06-27 16:56:30,669 [pool-603-thread-1] INFO  server.RaftServerConfigKeys (ConfUtils.java:logGet(46)) - raft.server.log.purge.upto.snapshot.index = false (default)
2022-06-27 16:56:30,669 [pool-603-thread-1] INFO  server.RaftServerConfigKeys (ConfUtils.java:logGet(46)) - raft.server.retrycache.expirytime = 600000ms (custom)
2022-06-27 16:56:30,669 [pool-603-thread-1] INFO  server.RaftServerConfigKeys (ConfUtils.java:logGet(46)) - raft.server.retrycache.statistics.expirytime = 100μs (default)
2022-06-27 16:56:30,670 [pool-603-thread-1] INFO  server.RaftServerConfigKeys (ConfUtils.java:logGet(46)) - raft.server.log.appender.install.snapshot.enabled = false (custom)
2022-06-27 16:56:30,670 [pool-603-thread-1] INFO  server.RaftServerConfigKeys (ConfUtils.java:logGet(46)) - raft.server.threadpool.server.cached = true (default)
2022-06-27 16:56:30,670 [pool-603-thread-1] INFO  server.RaftServerConfigKeys (ConfUtils.java:logGet(46)) - raft.server.threadpool.server.size = 0 (default)
2022-06-27 16:56:30,670 [pool-603-thread-1] INFO  server.RaftServerConfigKeys (ConfUtils.java:logGet(46)) - raft.server.threadpool.client.cached = true (default)
2022-06-27 16:56:30,670 [pool-603-thread-1] INFO  server.RaftServerConfigKeys (ConfUtils.java:logGet(46)) - raft.server.threadpool.client.size = 0 (default)
2022-06-27 16:56:30,671 [pool-603-thread-1] INFO  server.RaftServer$Division (RaftServerImpl.java:start(310)) - bc887f2d-be8a-4785-be83-b8a81978c60b@group-829A91E06383: start as a follower, conf=-1: [bc887f2d-be8a-4785-be83-b8a81978c60b|rpc:10.1.0.22:35037|priority:1], old=null
2022-06-27 16:56:30,671 [pool-603-thread-1] INFO  server.RaftServer$Division (RaftServerImpl.java:setRole(299)) - bc887f2d-be8a-4785-be83-b8a81978c60b@group-829A91E06383: changes role from      null to FOLLOWER at term 0 for startAsFollower
2022-06-27 16:56:30,671 [pool-603-thread-1] INFO  impl.RoleInfo (RoleInfo.java:updateAndGet(139)) - bc887f2d-be8a-4785-be83-b8a81978c60b: start bc887f2d-be8a-4785-be83-b8a81978c60b@group-829A91E06383-FollowerState
2022-06-27 16:56:30,671 [pool-603-thread-1] INFO  util.JmxRegister (JmxRegister.java:tryRegister(44)) - Successfully registered JMX Bean with object name Ratis:service=RaftServer,group=group-829A91E06383,id=bc887f2d-be8a-4785-be83-b8a81978c60b
2022-06-27 16:56:30,696 [Command processor thread] INFO  ratis.XceiverServerRatis (XceiverServerRatis.java:addGroup(765)) - Created group PipelineID=34159a37-fad6-4ef0-92b6-829a91e06383
2022-06-27 16:56:30,696 [Command processor thread] INFO  commandhandler.CreatePipelineCommandHandler (CreatePipelineCommandHandler.java:handle(113)) - Created Pipeline RATIS ONE PipelineID=34159a37-fad6-4ef0-92b6-829a91e06383.
2022-06-27 16:56:30,906 [Listener at 127.0.0.1/40407] INFO  ozone.MiniOzoneClusterImpl (MiniOzoneClusterImpl.java:lambda$waitForClusterToBeReady$0(223)) - Nodes are ready. Got 5 of 5 DN Heartbeats.
2022-06-27 16:56:30,906 [Listener at 127.0.0.1/40407] INFO  ozone.MiniOzoneClusterImpl (MiniOzoneClusterImpl.java:lambda$waitForClusterToBeReady$0(226)) - Waiting for cluster to exit safe mode
2022-06-27 16:56:30,906 [Listener at 127.0.0.1/40407] INFO  ozone.MiniOzoneClusterImpl (MiniOzoneClusterImpl.java:lambda$waitForClusterToBeReady$0(228)) - SCM became leader
2022-06-27 16:56:31,153 [Command processor thread] INFO  server.RaftServer (RaftServerProxy.java:addNew(96)) - dca6aaee-9331-4135-ba39-5d4da9c5694b: addNew group-4392F390832C:[dca6aaee-9331-4135-ba39-5d4da9c5694b|rpc:10.1.0.22:41117|priority:1] returns group-4392F390832C:java.util.concurrent.CompletableFuture@45f0bbef[Not completed]
2022-06-27 16:56:31,154 [pool-626-thread-1] INFO  server.RaftServer$Division (RaftServerImpl.java:<init>(190)) - dca6aaee-9331-4135-ba39-5d4da9c5694b: new RaftServerImpl for group-4392F390832C:[dca6aaee-9331-4135-ba39-5d4da9c5694b|rpc:10.1.0.22:41117|priority:1] with ContainerStateMachine:uninitialized
2022-06-27 16:56:31,154 [pool-626-thread-1] INFO  server.RaftServerConfigKeys (ConfUtils.java:logGet(46)) - raft.server.rpc.timeout.min = 5s (custom)
2022-06-27 16:56:31,154 [pool-626-thread-1] INFO  server.RaftServerConfigKeys (ConfUtils.java:logGet(46)) - raft.server.rpc.timeout.max = 5200ms (custom)
2022-06-27 16:56:31,154 [pool-626-thread-1] INFO  server.RaftServerConfigKeys (ConfUtils.java:logGet(46)) - raft.server.rpc.sleep.time = 25ms (default)
2022-06-27 16:56:31,154 [pool-626-thread-1] INFO  server.RaftServerConfigKeys (ConfUtils.java:logGet(46)) - raft.server.rpc.slowness.timeout = 300s (custom)
2022-06-27 16:56:31,154 [pool-626-thread-1] INFO  server.RaftServerConfigKeys (ConfUtils.java:logGet(46)) - raft.server.leaderelection.leader.step-down.wait-time = 10s (default)
2022-06-27 16:56:31,154 [pool-626-thread-1] INFO  server.RaftServerConfigKeys (ConfUtils.java:logGet(46)) - raft.server.sleep.deviation.threshold = 300ms (default)
2022-06-27 16:56:31,154 [pool-626-thread-1] INFO  server.RaftServer$Division (ServerState.java:<init>(107)) - dca6aaee-9331-4135-ba39-5d4da9c5694b@group-4392F390832C: ConfigurationManager, init=-1: [dca6aaee-9331-4135-ba39-5d4da9c5694b|rpc:10.1.0.22:41117|priority:1], old=null, confs=<EMPTY_MAP>
2022-06-27 16:56:31,154 [pool-626-thread-1] INFO  server.RaftServerConfigKeys (ConfUtils.java:logGet(46)) - raft.server.storage.dir = [/home/runner/work/ozone/ozone/hadoop-ozone/integration-test/target/test-dir/MiniOzoneClusterImpl-66908fe7-3497-48b2-847b-81db60c5ccf5/datanode-2/data/ratis] (custom)
2022-06-27 16:56:31,154 [pool-626-thread-1] INFO  server.RaftServerConfigKeys (ConfUtils.java:logGet(46)) - raft.server.log.corruption.policy = EXCEPTION (default)
2022-06-27 16:56:31,154 [pool-626-thread-1] INFO  server.RaftServerConfigKeys (ConfUtils.java:logGet(46)) - raft.server.storage.free-space.min = 0MB (=0) (default)
2022-06-27 16:56:31,154 [pool-626-thread-1] INFO  storage.RaftStorageDirectory (RaftStorageDirectoryImpl.java:analyzeStorage(135)) - The storage directory /home/runner/work/ozone/ozone/hadoop-ozone/integration-test/target/test-dir/MiniOzoneClusterImpl-66908fe7-3497-48b2-847b-81db60c5ccf5/datanode-2/data/ratis/96810261-6cd4-4f0c-ab0d-4392f390832c does not exist. Creating ...
2022-06-27 16:56:31,155 [pool-626-thread-1] INFO  storage.RaftStorageDirectory (RaftStorageDirectoryImpl.java:tryLock(230)) - Lock on /home/runner/work/ozone/ozone/hadoop-ozone/integration-test/target/test-dir/MiniOzoneClusterImpl-66908fe7-3497-48b2-847b-81db60c5ccf5/datanode-2/data/ratis/96810261-6cd4-4f0c-ab0d-4392f390832c/in_use.lock acquired by nodename 16603@fv-az215-30
2022-06-27 16:56:31,156 [pool-626-thread-1] INFO  storage.RaftStorage (RaftStorageImpl.java:format(89)) - Storage directory /home/runner/work/ozone/ozone/hadoop-ozone/integration-test/target/test-dir/MiniOzoneClusterImpl-66908fe7-3497-48b2-847b-81db60c5ccf5/datanode-2/data/ratis/96810261-6cd4-4f0c-ab0d-4392f390832c has been successfully formatted.
2022-06-27 16:56:31,156 [pool-626-thread-1] INFO  ratis.ContainerStateMachine (ContainerStateMachine.java:loadSnapshot(236)) - group-4392F390832C: The snapshot info is null. Setting the last applied indexto:(t:0, i:~)
2022-06-27 16:56:31,157 [pool-626-thread-1] INFO  server.RaftServerConfigKeys (ConfUtils.java:logGet(46)) - raft.server.notification.no-leader.timeout = 300s (custom)
2022-06-27 16:56:31,157 [pool-626-thread-1] INFO  server.RaftServerConfigKeys (ConfUtils.java:logGet(46)) - raft.server.log.use.memory = false (default)
2022-06-27 16:56:31,157 [pool-626-thread-1] INFO  server.RaftServerConfigKeys (ConfUtils.java:logGet(46)) - raft.server.log.purge.gap = 1000000 (custom)
2022-06-27 16:56:31,157 [pool-626-thread-1] INFO  server.RaftServerConfigKeys (ConfUtils.java:logGet(46)) - raft.server.log.appender.buffer.byte-limit = 33554432 (custom)
2022-06-27 16:56:31,157 [pool-626-thread-1] INFO  server.RaftServerConfigKeys (ConfUtils.java:logGet(46)) - raft.server.log.statemachine.data.read.timeout = 1000ms (default)
2022-06-27 16:56:31,157 [pool-626-thread-1] INFO  server.RaftServerConfigKeys (ConfUtils.java:logGet(46)) - raft.server.log.segment.size.max = 1048576 (custom)
2022-06-27 16:56:31,157 [pool-626-thread-1] INFO  server.RaftServerConfigKeys (ConfUtils.java:logGet(46)) - raft.server.log.segment.cache.num.max = 2 (custom)
2022-06-27 16:56:31,157 [pool-626-thread-1] INFO  server.RaftServerConfigKeys (ConfUtils.java:logGet(46)) - raft.server.log.segment.cache.size.max = 200MB (=209715200) (default)
2022-06-27 16:56:31,157 [pool-626-thread-1] INFO  segmented.SegmentedRaftLogWorker (SegmentedRaftLogWorker.java:<init>(187)) - new dca6aaee-9331-4135-ba39-5d4da9c5694b@group-4392F390832C-SegmentedRaftLogWorker for RaftStorageImpl:Storage Directory /home/runner/work/ozone/ozone/hadoop-ozone/integration-test/target/test-dir/MiniOzoneClusterImpl-66908fe7-3497-48b2-847b-81db60c5ccf5/datanode-2/data/ratis/96810261-6cd4-4f0c-ab0d-4392f390832c
2022-06-27 16:56:31,157 [pool-626-thread-1] INFO  server.RaftServerConfigKeys (ConfUtils.java:logGet(46)) - raft.server.log.queue.byte-limit = 4294967296 (custom)
2022-06-27 16:56:31,157 [pool-626-thread-1] INFO  server.RaftServerConfigKeys (ConfUtils.java:logGet(46)) - raft.server.log.queue.element-limit = 1024 (custom)
2022-06-27 16:56:31,157 [pool-626-thread-1] INFO  server.RaftServerConfigKeys (ConfUtils.java:logGet(46)) - raft.server.log.segment.size.max = 1048576 (custom)
2022-06-27 16:56:31,157 [pool-626-thread-1] INFO  server.RaftServerConfigKeys (ConfUtils.java:logGet(46)) - raft.server.log.preallocated.size = 16384 (custom)
2022-06-27 16:56:31,157 [pool-626-thread-1] INFO  server.RaftServerConfigKeys (ConfUtils.java:logGet(46)) - raft.server.log.force.sync.num = 128 (default)
2022-06-27 16:56:31,157 [pool-626-thread-1] INFO  server.RaftServerConfigKeys (ConfUtils.java:logGet(46)) - raft.server.log.statemachine.data.sync = true (default)
2022-06-27 16:56:31,158 [pool-626-thread-1] INFO  server.RaftServerConfigKeys (ConfUtils.java:logGet(46)) - raft.server.log.statemachine.data.sync.timeout = 10s (default)
2022-06-27 16:56:31,158 [pool-626-thread-1] INFO  server.RaftServerConfigKeys (ConfUtils.java:logGet(46)) - raft.server.log.statemachine.data.sync.timeout.retry = -1 (default)
2022-06-27 16:56:31,158 [pool-626-thread-1] INFO  server.RaftServerConfigKeys (ConfUtils.java:logGet(46)) - raft.server.log.write.buffer.size = 1048576 (custom)
2022-06-27 16:56:31,159 [pool-626-thread-1] INFO  server.RaftServerConfigKeys (ConfUtils.java:logGet(46)) - raft.server.log.unsafe-flush.enabled = false (default)
2022-06-27 16:56:31,159 [pool-626-thread-1] INFO  server.RaftServerConfigKeys (ConfUtils.java:logGet(46)) - raft.server.log.statemachine.data.caching.enabled = true (custom)
2022-06-27 16:56:31,159 [pool-626-thread-1] INFO  segmented.SegmentedRaftLogWorker (SegmentedRaftLogWorker.java:lambda$new$0(135)) - dca6aaee-9331-4135-ba39-5d4da9c5694b@group-4392F390832C-SegmentedRaftLogWorker: flushIndex: setUnconditionally 0 -> -1
2022-06-27 16:56:31,159 [pool-626-thread-1] INFO  segmented.SegmentedRaftLogWorker (SegmentedRaftLogWorker.java:lambda$new$0(135)) - dca6aaee-9331-4135-ba39-5d4da9c5694b@group-4392F390832C-SegmentedRaftLogWorker: safeCacheEvictIndex: setUnconditionally 0 -> -1
2022-06-27 16:56:31,160 [EventQueue-PipelineReportForPipelineReportHandler] INFO  pipeline.PipelineManagerImpl (PipelineManagerImpl.java:openPipeline(358)) - Pipeline Pipeline[ Id: 96810261-6cd4-4f0c-ab0d-4392f390832c, Nodes: dca6aaee-9331-4135-ba39-5d4da9c5694b{ip: 10.1.0.22, host: fv-az215-30.fk02tkdpp51uda4i120yanydqb.bx.internal.cloudapp.net, ports: [REPLICATION=37795, RATIS=41117, RATIS_ADMIN=41117, RATIS_SERVER=41117, STANDALONE=44043], networkLocation: /default-rack, certSerialId: null, persistedOpState: IN_SERVICE, persistedOpStateExpiryEpochSec: 0}, ReplicationConfig: RATIS/ONE, State:ALLOCATED, leaderId:dca6aaee-9331-4135-ba39-5d4da9c5694b, CreationTimestamp2022-06-27T16:56:28.159Z[Etc/UTC]] moved to OPEN state
2022-06-27 16:56:31,160 [EventQueue-OpenPipelineForHealthyPipelineSafeModeRule] INFO  safemode.SCMSafeModeManager (HealthyPipelineSafeModeRule.java:process(124)) - SCM in safe mode. Healthy pipelines reported count is 0, required healthy pipeline reported count is 1
2022-06-27 16:56:31,161 [pool-626-thread-1] INFO  server.RaftServerConfigKeys (ConfUtils.java:logGet(46)) - raft.server.snapshot.auto.trigger.enabled = true (custom)
2022-06-27 16:56:31,161 [pool-626-thread-1] INFO  server.RaftServerConfigKeys (ConfUtils.java:logGet(46)) - raft.server.snapshot.auto.trigger.threshold = 10000 (custom)
2022-06-27 16:56:31,161 [pool-626-thread-1] INFO  server.RaftServerConfigKeys (ConfUtils.java:logGet(46)) - raft.server.snapshot.retention.file.num = 5 (custom)
2022-06-27 16:56:31,162 [pool-626-thread-1] INFO  server.RaftServerConfigKeys (ConfUtils.java:logGet(46)) - raft.server.log.purge.upto.snapshot.index = false (default)
2022-06-27 16:56:31,162 [pool-626-thread-1] INFO  server.RaftServerConfigKeys (ConfUtils.java:logGet(46)) - raft.server.retrycache.expirytime = 600000ms (custom)
2022-06-27 16:56:31,162 [pool-626-thread-1] INFO  server.RaftServerConfigKeys (ConfUtils.java:logGet(46)) - raft.server.retrycache.statistics.expirytime = 100μs (default)
2022-06-27 16:56:31,162 [pool-626-thread-1] INFO  server.RaftServerConfigKeys (ConfUtils.java:logGet(46)) - raft.server.log.appender.install.snapshot.enabled = false (custom)
2022-06-27 16:56:31,163 [pool-626-thread-1] INFO  server.RaftServerConfigKeys (ConfUtils.java:logGet(46)) - raft.server.threadpool.server.cached = true (default)
2022-06-27 16:56:31,163 [pool-626-thread-1] INFO  server.RaftServerConfigKeys (ConfUtils.java:logGet(46)) - raft.server.threadpool.server.size = 0 (default)
2022-06-27 16:56:31,163 [pool-626-thread-1] INFO  server.RaftServerConfigKeys (ConfUtils.java:logGet(46)) - raft.server.threadpool.client.cached = true (default)
2022-06-27 16:56:31,163 [pool-626-thread-1] INFO  server.RaftServerConfigKeys (ConfUtils.java:logGet(46)) - raft.server.threadpool.client.size = 0 (default)
2022-06-27 16:56:31,163 [pool-626-thread-1] INFO  server.RaftServer$Division (RaftServerImpl.java:start(310)) - dca6aaee-9331-4135-ba39-5d4da9c5694b@group-4392F390832C: start as a follower, conf=-1: [dca6aaee-9331-4135-ba39-5d4da9c5694b|rpc:10.1.0.22:41117|priority:1], old=null
2022-06-27 16:56:31,163 [pool-626-thread-1] INFO  server.RaftServer$Division (RaftServerImpl.java:setRole(299)) - dca6aaee-9331-4135-ba39-5d4da9c5694b@group-4392F390832C: changes role from      null to FOLLOWER at term 0 for startAsFollower
2022-06-27 16:56:31,163 [pool-626-thread-1] INFO  impl.RoleInfo (RoleInfo.java:updateAndGet(139)) - dca6aaee-9331-4135-ba39-5d4da9c5694b: start dca6aaee-9331-4135-ba39-5d4da9c5694b@group-4392F390832C-FollowerState
2022-06-27 16:56:31,166 [pool-626-thread-1] INFO  util.JmxRegister (JmxRegister.java:tryRegister(44)) - Successfully registered JMX Bean with object name Ratis:service=RaftServer,group=group-4392F390832C,id=dca6aaee-9331-4135-ba39-5d4da9c5694b
2022-06-27 16:56:31,167 [Command processor thread] INFO  ratis.XceiverServerRatis (XceiverServerRatis.java:addGroup(765)) - Created group PipelineID=96810261-6cd4-4f0c-ab0d-4392f390832c
2022-06-27 16:56:31,167 [Command processor thread] INFO  commandhandler.CreatePipelineCommandHandler (CreatePipelineCommandHandler.java:handle(113)) - Created Pipeline RATIS ONE PipelineID=96810261-6cd4-4f0c-ab0d-4392f390832c.
2022-06-27 16:56:31,625 [Command processor thread] INFO  server.RaftServer (RaftServerProxy.java:addNew(96)) - 0b59cd30-60f6-4924-b4b6-f1f6b75cfaa0: addNew group-4149BAE41C97:[0b59cd30-60f6-4924-b4b6-f1f6b75cfaa0|rpc:10.1.0.22:44561|priority:1] returns group-4149BAE41C97:java.util.concurrent.CompletableFuture@7bf6dcbb[Not completed]
2022-06-27 16:56:31,629 [pool-649-thread-1] INFO  server.RaftServer$Division (RaftServerImpl.java:<init>(190)) - 0b59cd30-60f6-4924-b4b6-f1f6b75cfaa0: new RaftServerImpl for group-4149BAE41C97:[0b59cd30-60f6-4924-b4b6-f1f6b75cfaa0|rpc:10.1.0.22:44561|priority:1] with ContainerStateMachine:uninitialized
2022-06-27 16:56:31,629 [pool-649-thread-1] INFO  server.RaftServerConfigKeys (ConfUtils.java:logGet(46)) - raft.server.rpc.timeout.min = 5s (custom)
2022-06-27 16:56:31,629 [pool-649-thread-1] INFO  server.RaftServerConfigKeys (ConfUtils.java:logGet(46)) - raft.server.rpc.timeout.max = 5200ms (custom)
2022-06-27 16:56:31,629 [pool-649-thread-1] INFO  server.RaftServerConfigKeys (ConfUtils.java:logGet(46)) - raft.server.rpc.sleep.time = 25ms (default)
2022-06-27 16:56:31,629 [pool-649-thread-1] INFO  server.RaftServerConfigKeys (ConfUtils.java:logGet(46)) - raft.server.rpc.slowness.timeout = 300s (custom)
2022-06-27 16:56:31,630 [pool-649-thread-1] INFO  server.RaftServerConfigKeys (ConfUtils.java:logGet(46)) - raft.server.leaderelection.leader.step-down.wait-time = 10s (default)
2022-06-27 16:56:31,630 [pool-649-thread-1] INFO  server.RaftServerConfigKeys (ConfUtils.java:logGet(46)) - raft.server.sleep.deviation.threshold = 300ms (default)
2022-06-27 16:56:31,630 [pool-649-thread-1] INFO  server.RaftServer$Division (ServerState.java:<init>(107)) - 0b59cd30-60f6-4924-b4b6-f1f6b75cfaa0@group-4149BAE41C97: ConfigurationManager, init=-1: [0b59cd30-60f6-4924-b4b6-f1f6b75cfaa0|rpc:10.1.0.22:44561|priority:1], old=null, confs=<EMPTY_MAP>
2022-06-27 16:56:31,630 [pool-649-thread-1] INFO  server.RaftServerConfigKeys (ConfUtils.java:logGet(46)) - raft.server.storage.dir = [/home/runner/work/ozone/ozone/hadoop-ozone/integration-test/target/test-dir/MiniOzoneClusterImpl-66908fe7-3497-48b2-847b-81db60c5ccf5/datanode-3/data/ratis] (custom)
2022-06-27 16:56:31,630 [pool-649-thread-1] INFO  server.RaftServerConfigKeys (ConfUtils.java:logGet(46)) - raft.server.log.corruption.policy = EXCEPTION (default)
2022-06-27 16:56:31,630 [pool-649-thread-1] INFO  server.RaftServerConfigKeys (ConfUtils.java:logGet(46)) - raft.server.storage.free-space.min = 0MB (=0) (default)
2022-06-27 16:56:31,630 [pool-649-thread-1] INFO  storage.RaftStorageDirectory (RaftStorageDirectoryImpl.java:analyzeStorage(135)) - The storage directory /home/runner/work/ozone/ozone/hadoop-ozone/integration-test/target/test-dir/MiniOzoneClusterImpl-66908fe7-3497-48b2-847b-81db60c5ccf5/datanode-3/data/ratis/6d05dab2-786c-48d4-9a1b-4149bae41c97 does not exist. Creating ...
2022-06-27 16:56:31,631 [pool-649-thread-1] INFO  storage.RaftStorageDirectory (RaftStorageDirectoryImpl.java:tryLock(230)) - Lock on /home/runner/work/ozone/ozone/hadoop-ozone/integration-test/target/test-dir/MiniOzoneClusterImpl-66908fe7-3497-48b2-847b-81db60c5ccf5/datanode-3/data/ratis/6d05dab2-786c-48d4-9a1b-4149bae41c97/in_use.lock acquired by nodename 16603@fv-az215-30
2022-06-27 16:56:31,633 [pool-649-thread-1] INFO  storage.RaftStorage (RaftStorageImpl.java:format(89)) - Storage directory /home/runner/work/ozone/ozone/hadoop-ozone/integration-test/target/test-dir/MiniOzoneClusterImpl-66908fe7-3497-48b2-847b-81db60c5ccf5/datanode-3/data/ratis/6d05dab2-786c-48d4-9a1b-4149bae41c97 has been successfully formatted.
2022-06-27 16:56:31,650 [pool-649-thread-1] INFO  ratis.ContainerStateMachine (ContainerStateMachine.java:loadSnapshot(236)) - group-4149BAE41C97: The snapshot info is null. Setting the last applied indexto:(t:0, i:~)
2022-06-27 16:56:31,650 [pool-649-thread-1] INFO  server.RaftServerConfigKeys (ConfUtils.java:logGet(46)) - raft.server.notification.no-leader.timeout = 300s (custom)
2022-06-27 16:56:31,650 [pool-649-thread-1] INFO  server.RaftServerConfigKeys (ConfUtils.java:logGet(46)) - raft.server.log.use.memory = false (default)
2022-06-27 16:56:31,650 [pool-649-thread-1] INFO  server.RaftServerConfigKeys (ConfUtils.java:logGet(46)) - raft.server.log.purge.gap = 1000000 (custom)
2022-06-27 16:56:31,650 [pool-649-thread-1] INFO  server.RaftServerConfigKeys (ConfUtils.java:logGet(46)) - raft.server.log.appender.buffer.byte-limit = 33554432 (custom)
2022-06-27 16:56:31,650 [pool-649-thread-1] INFO  server.RaftServerConfigKeys (ConfUtils.java:logGet(46)) - raft.server.log.statemachine.data.read.timeout = 1000ms (default)
2022-06-27 16:56:31,650 [pool-649-thread-1] INFO  server.RaftServerConfigKeys (ConfUtils.java:logGet(46)) - raft.server.log.segment.size.max = 1048576 (custom)
2022-06-27 16:56:31,651 [EventQueue-PipelineReportForPipelineReportHandler] INFO  pipeline.PipelineManagerImpl (PipelineManagerImpl.java:openPipeline(358)) - Pipeline Pipeline[ Id: 6d05dab2-786c-48d4-9a1b-4149bae41c97, Nodes: 0b59cd30-60f6-4924-b4b6-f1f6b75cfaa0{ip: 10.1.0.22, host: fv-az215-30.fk02tkdpp51uda4i120yanydqb.bx.internal.cloudapp.net, ports: [REPLICATION=41725, RATIS=44561, RATIS_ADMIN=44561, RATIS_SERVER=44561, STANDALONE=45323], networkLocation: /default-rack, certSerialId: null, persistedOpState: IN_SERVICE, persistedOpStateExpiryEpochSec: 0}, ReplicationConfig: RATIS/ONE, State:ALLOCATED, leaderId:0b59cd30-60f6-4924-b4b6-f1f6b75cfaa0, CreationTimestamp2022-06-27T16:56:28.626Z[Etc/UTC]] moved to OPEN state
2022-06-27 16:56:31,651 [EventQueue-OpenPipelineForHealthyPipelineSafeModeRule] INFO  safemode.SCMSafeModeManager (HealthyPipelineSafeModeRule.java:process(124)) - SCM in safe mode. Healthy pipelines reported count is 0, required healthy pipeline reported count is 1
2022-06-27 16:56:31,651 [pool-649-thread-1] INFO  server.RaftServerConfigKeys (ConfUtils.java:logGet(46)) - raft.server.log.segment.cache.num.max = 2 (custom)
2022-06-27 16:56:31,654 [pool-649-thread-1] INFO  server.RaftServerConfigKeys (ConfUtils.java:logGet(46)) - raft.server.log.segment.cache.size.max = 200MB (=209715200) (default)
2022-06-27 16:56:31,654 [pool-649-thread-1] INFO  segmented.SegmentedRaftLogWorker (SegmentedRaftLogWorker.java:<init>(187)) - new 0b59cd30-60f6-4924-b4b6-f1f6b75cfaa0@group-4149BAE41C97-SegmentedRaftLogWorker for RaftStorageImpl:Storage Directory /home/runner/work/ozone/ozone/hadoop-ozone/integration-test/target/test-dir/MiniOzoneClusterImpl-66908fe7-3497-48b2-847b-81db60c5ccf5/datanode-3/data/ratis/6d05dab2-786c-48d4-9a1b-4149bae41c97
2022-06-27 16:56:31,654 [pool-649-thread-1] INFO  server.RaftServerConfigKeys (ConfUtils.java:logGet(46)) - raft.server.log.queue.byte-limit = 4294967296 (custom)
2022-06-27 16:56:31,654 [pool-649-thread-1] INFO  server.RaftServerConfigKeys (ConfUtils.java:logGet(46)) - raft.server.log.queue.element-limit = 1024 (custom)
2022-06-27 16:56:31,654 [pool-649-thread-1] INFO  server.RaftServerConfigKeys (ConfUtils.java:logGet(46)) - raft.server.log.segment.size.max = 1048576 (custom)
2022-06-27 16:56:31,654 [pool-649-thread-1] INFO  server.RaftServerConfigKeys (ConfUtils.java:logGet(46)) - raft.server.log.preallocated.size = 16384 (custom)
2022-06-27 16:56:31,655 [pool-649-thread-1] INFO  server.RaftServerConfigKeys (ConfUtils.java:logGet(46)) - raft.server.log.force.sync.num = 128 (default)
2022-06-27 16:56:31,655 [pool-649-thread-1] INFO  server.RaftServerConfigKeys (ConfUtils.java:logGet(46)) - raft.server.log.statemachine.data.sync = true (default)
2022-06-27 16:56:31,655 [pool-649-thread-1] INFO  server.RaftServerConfigKeys (ConfUtils.java:logGet(46)) - raft.server.log.statemachine.data.sync.timeout = 10s (default)
2022-06-27 16:56:31,655 [pool-649-thread-1] INFO  server.RaftServerConfigKeys (ConfUtils.java:logGet(46)) - raft.server.log.statemachine.data.sync.timeout.retry = -1 (default)
2022-06-27 16:56:31,655 [pool-649-thread-1] INFO  server.RaftServerConfigKeys (ConfUtils.java:logGet(46)) - raft.server.log.write.buffer.size = 1048576 (custom)
2022-06-27 16:56:31,655 [pool-649-thread-1] INFO  server.RaftServerConfigKeys (ConfUtils.java:logGet(46)) - raft.server.log.unsafe-flush.enabled = false (default)
2022-06-27 16:56:31,656 [pool-649-thread-1] INFO  server.RaftServerConfigKeys (ConfUtils.java:logGet(46)) - raft.server.log.statemachine.data.caching.enabled = true (custom)
2022-06-27 16:56:31,656 [pool-649-thread-1] INFO  segmented.SegmentedRaftLogWorker (SegmentedRaftLogWorker.java:lambda$new$0(135)) - 0b59cd30-60f6-4924-b4b6-f1f6b75cfaa0@group-4149BAE41C97-SegmentedRaftLogWorker: flushIndex: setUnconditionally 0 -> -1
2022-06-27 16:56:31,656 [pool-649-thread-1] INFO  segmented.SegmentedRaftLogWorker (SegmentedRaftLogWorker.java:lambda$new$0(135)) - 0b59cd30-60f6-4924-b4b6-f1f6b75cfaa0@group-4149BAE41C97-SegmentedRaftLogWorker: safeCacheEvictIndex: setUnconditionally 0 -> -1
2022-06-27 16:56:31,656 [pool-649-thread-1] INFO  server.RaftServerConfigKeys (ConfUtils.java:logGet(46)) - raft.server.snapshot.auto.trigger.enabled = true (custom)
2022-06-27 16:56:31,656 [pool-649-thread-1] INFO  server.RaftServerConfigKeys (ConfUtils.java:logGet(46)) - raft.server.snapshot.auto.trigger.threshold = 10000 (custom)
2022-06-27 16:56:31,656 [pool-649-thread-1] INFO  server.RaftServerConfigKeys (ConfUtils.java:logGet(46)) - raft.server.snapshot.retention.file.num = 5 (custom)
2022-06-27 16:56:31,656 [pool-649-thread-1] INFO  server.RaftServerConfigKeys (ConfUtils.java:logGet(46)) - raft.server.log.purge.upto.snapshot.index = false (default)
2022-06-27 16:56:31,656 [pool-649-thread-1] INFO  server.RaftServerConfigKeys (ConfUtils.java:logGet(46)) - raft.server.retrycache.expirytime = 600000ms (custom)
2022-06-27 16:56:31,656 [pool-649-thread-1] INFO  server.RaftServerConfigKeys (ConfUtils.java:logGet(46)) - raft.server.retrycache.statistics.expirytime = 100μs (default)
2022-06-27 16:56:31,657 [pool-649-thread-1] INFO  server.RaftServerConfigKeys (ConfUtils.java:logGet(46)) - raft.server.log.appender.install.snapshot.enabled = false (custom)
2022-06-27 16:56:31,657 [pool-649-thread-1] INFO  server.RaftServerConfigKeys (ConfUtils.java:logGet(46)) - raft.server.threadpool.server.cached = true (default)
2022-06-27 16:56:31,657 [pool-649-thread-1] INFO  server.RaftServerConfigKeys (ConfUtils.java:logGet(46)) - raft.server.threadpool.server.size = 0 (default)
2022-06-27 16:56:31,657 [pool-649-thread-1] INFO  server.RaftServerConfigKeys (ConfUtils.java:logGet(46)) - raft.server.threadpool.client.cached = true (default)
2022-06-27 16:56:31,657 [pool-649-thread-1] INFO  server.RaftServerConfigKeys (ConfUtils.java:logGet(46)) - raft.server.threadpool.client.size = 0 (default)
2022-06-27 16:56:31,657 [pool-649-thread-1] INFO  server.RaftServer$Division (RaftServerImpl.java:start(310)) - 0b59cd30-60f6-4924-b4b6-f1f6b75cfaa0@group-4149BAE41C97: start as a follower, conf=-1: [0b59cd30-60f6-4924-b4b6-f1f6b75cfaa0|rpc:10.1.0.22:44561|priority:1], old=null
2022-06-27 16:56:31,657 [pool-649-thread-1] INFO  server.RaftServer$Division (RaftServerImpl.java:setRole(299)) - 0b59cd30-60f6-4924-b4b6-f1f6b75cfaa0@group-4149BAE41C97: changes role from      null to FOLLOWER at term 0 for startAsFollower
2022-06-27 16:56:31,657 [pool-649-thread-1] INFO  impl.RoleInfo (RoleInfo.java:updateAndGet(139)) - 0b59cd30-60f6-4924-b4b6-f1f6b75cfaa0: start 0b59cd30-60f6-4924-b4b6-f1f6b75cfaa0@group-4149BAE41C97-FollowerState
2022-06-27 16:56:31,658 [pool-649-thread-1] INFO  util.JmxRegister (JmxRegister.java:tryRegister(44)) - Successfully registered JMX Bean with object name Ratis:service=RaftServer,group=group-4149BAE41C97,id=0b59cd30-60f6-4924-b4b6-f1f6b75cfaa0
2022-06-27 16:56:31,659 [Command processor thread] INFO  ratis.XceiverServerRatis (XceiverServerRatis.java:addGroup(765)) - Created group PipelineID=6d05dab2-786c-48d4-9a1b-4149bae41c97
2022-06-27 16:56:31,659 [Command processor thread] INFO  commandhandler.CreatePipelineCommandHandler (CreatePipelineCommandHandler.java:handle(113)) - Created Pipeline RATIS ONE PipelineID=6d05dab2-786c-48d4-9a1b-4149bae41c97.
2022-06-27 16:56:31,906 [Listener at 127.0.0.1/40407] INFO  ozone.MiniOzoneClusterImpl (MiniOzoneClusterImpl.java:lambda$waitForClusterToBeReady$0(223)) - Nodes are ready. Got 5 of 5 DN Heartbeats.
2022-06-27 16:56:31,906 [Listener at 127.0.0.1/40407] INFO  ozone.MiniOzoneClusterImpl (MiniOzoneClusterImpl.java:lambda$waitForClusterToBeReady$0(226)) - Waiting for cluster to exit safe mode
2022-06-27 16:56:31,906 [Listener at 127.0.0.1/40407] INFO  ozone.MiniOzoneClusterImpl (MiniOzoneClusterImpl.java:lambda$waitForClusterToBeReady$0(228)) - SCM became leader
2022-06-27 16:56:31,930 [Command processor thread] INFO  server.RaftServer (RaftServerProxy.java:addNew(96)) - 0d287d21-4bad-479d-87d5-0441403d4034: addNew group-168604BB7435:[0d287d21-4bad-479d-87d5-0441403d4034|rpc:10.1.0.22:40147|priority:1] returns group-168604BB7435:java.util.concurrent.CompletableFuture@438ce0e4[Not completed]
2022-06-27 16:56:31,931 [pool-672-thread-1] INFO  server.RaftServer$Division (RaftServerImpl.java:<init>(190)) - 0d287d21-4bad-479d-87d5-0441403d4034: new RaftServerImpl for group-168604BB7435:[0d287d21-4bad-479d-87d5-0441403d4034|rpc:10.1.0.22:40147|priority:1] with ContainerStateMachine:uninitialized
2022-06-27 16:56:31,931 [pool-672-thread-1] INFO  server.RaftServerConfigKeys (ConfUtils.java:logGet(46)) - raft.server.rpc.timeout.min = 5s (custom)
2022-06-27 16:56:31,931 [pool-672-thread-1] INFO  server.RaftServerConfigKeys (ConfUtils.java:logGet(46)) - raft.server.rpc.timeout.max = 5200ms (custom)
2022-06-27 16:56:31,934 [pool-672-thread-1] INFO  server.RaftServerConfigKeys (ConfUtils.java:logGet(46)) - raft.server.rpc.sleep.time = 25ms (default)
2022-06-27 16:56:31,934 [pool-672-thread-1] INFO  server.RaftServerConfigKeys (ConfUtils.java:logGet(46)) - raft.server.rpc.slowness.timeout = 300s (custom)
2022-06-27 16:56:31,934 [pool-672-thread-1] INFO  server.RaftServerConfigKeys (ConfUtils.java:logGet(46)) - raft.server.leaderelection.leader.step-down.wait-time = 10s (default)
2022-06-27 16:56:31,934 [pool-672-thread-1] INFO  server.RaftServerConfigKeys (ConfUtils.java:logGet(46)) - raft.server.sleep.deviation.threshold = 300ms (default)
2022-06-27 16:56:31,934 [pool-672-thread-1] INFO  server.RaftServer$Division (ServerState.java:<init>(107)) - 0d287d21-4bad-479d-87d5-0441403d4034@group-168604BB7435: ConfigurationManager, init=-1: [0d287d21-4bad-479d-87d5-0441403d4034|rpc:10.1.0.22:40147|priority:1], old=null, confs=<EMPTY_MAP>
2022-06-27 16:56:31,934 [pool-672-thread-1] INFO  server.RaftServerConfigKeys (ConfUtils.java:logGet(46)) - raft.server.storage.dir = [/home/runner/work/ozone/ozone/hadoop-ozone/integration-test/target/test-dir/MiniOzoneClusterImpl-66908fe7-3497-48b2-847b-81db60c5ccf5/datanode-4/data/ratis] (custom)
2022-06-27 16:56:31,934 [pool-672-thread-1] INFO  server.RaftServerConfigKeys (ConfUtils.java:logGet(46)) - raft.server.log.corruption.policy = EXCEPTION (default)
2022-06-27 16:56:31,935 [pool-672-thread-1] INFO  server.RaftServerConfigKeys (ConfUtils.java:logGet(46)) - raft.server.storage.free-space.min = 0MB (=0) (default)
2022-06-27 16:56:31,935 [pool-672-thread-1] INFO  storage.RaftStorageDirectory (RaftStorageDirectoryImpl.java:analyzeStorage(135)) - The storage directory /home/runner/work/ozone/ozone/hadoop-ozone/integration-test/target/test-dir/MiniOzoneClusterImpl-66908fe7-3497-48b2-847b-81db60c5ccf5/datanode-4/data/ratis/7495f7e2-7340-43c6-a564-168604bb7435 does not exist. Creating ...
2022-06-27 16:56:31,940 [pool-672-thread-1] INFO  storage.RaftStorageDirectory (RaftStorageDirectoryImpl.java:tryLock(230)) - Lock on /home/runner/work/ozone/ozone/hadoop-ozone/integration-test/target/test-dir/MiniOzoneClusterImpl-66908fe7-3497-48b2-847b-81db60c5ccf5/datanode-4/data/ratis/7495f7e2-7340-43c6-a564-168604bb7435/in_use.lock acquired by nodename 16603@fv-az215-30
2022-06-27 16:56:31,945 [pool-672-thread-1] INFO  storage.RaftStorage (RaftStorageImpl.java:format(89)) - Storage directory /home/runner/work/ozone/ozone/hadoop-ozone/integration-test/target/test-dir/MiniOzoneClusterImpl-66908fe7-3497-48b2-847b-81db60c5ccf5/datanode-4/data/ratis/7495f7e2-7340-43c6-a564-168604bb7435 has been successfully formatted.
2022-06-27 16:56:31,953 [pool-672-thread-1] INFO  ratis.ContainerStateMachine (ContainerStateMachine.java:loadSnapshot(236)) - group-168604BB7435: The snapshot info is null. Setting the last applied indexto:(t:0, i:~)
2022-06-27 16:56:31,954 [pool-672-thread-1] INFO  server.RaftServerConfigKeys (ConfUtils.java:logGet(46)) - raft.server.notification.no-leader.timeout = 300s (custom)
2022-06-27 16:56:31,954 [pool-672-thread-1] INFO  server.RaftServerConfigKeys (ConfUtils.java:logGet(46)) - raft.server.log.use.memory = false (default)
2022-06-27 16:56:31,954 [EventQueue-PipelineReportForPipelineReportHandler] INFO  pipeline.PipelineManagerImpl (PipelineManagerImpl.java:openPipeline(358)) - Pipeline Pipeline[ Id: 7495f7e2-7340-43c6-a564-168604bb7435, Nodes: 0d287d21-4bad-479d-87d5-0441403d4034{ip: 10.1.0.22, host: fv-az215-30.fk02tkdpp51uda4i120yanydqb.bx.internal.cloudapp.net, ports: [REPLICATION=46471, RATIS=40147, RATIS_ADMIN=40147, RATIS_SERVER=40147, STANDALONE=43851], networkLocation: /default-rack, certSerialId: null, persistedOpState: IN_SERVICE, persistedOpStateExpiryEpochSec: 0}, ReplicationConfig: RATIS/ONE, State:ALLOCATED, leaderId:0d287d21-4bad-479d-87d5-0441403d4034, CreationTimestamp2022-06-27T16:56:28.930Z[Etc/UTC]] moved to OPEN state
2022-06-27 16:56:31,955 [EventQueue-OpenPipelineForHealthyPipelineSafeModeRule] INFO  safemode.SCMSafeModeManager (HealthyPipelineSafeModeRule.java:process(124)) - SCM in safe mode. Healthy pipelines reported count is 0, required healthy pipeline reported count is 1
2022-06-27 16:56:31,961 [pool-672-thread-1] INFO  server.RaftServerConfigKeys (ConfUtils.java:logGet(46)) - raft.server.log.purge.gap = 1000000 (custom)
2022-06-27 16:56:31,961 [pool-672-thread-1] INFO  server.RaftServerConfigKeys (ConfUtils.java:logGet(46)) - raft.server.log.appender.buffer.byte-limit = 33554432 (custom)
2022-06-27 16:56:31,961 [pool-672-thread-1] INFO  server.RaftServerConfigKeys (ConfUtils.java:logGet(46)) - raft.server.log.statemachine.data.read.timeout = 1000ms (default)
2022-06-27 16:56:31,961 [pool-672-thread-1] INFO  server.RaftServerConfigKeys (ConfUtils.java:logGet(46)) - raft.server.log.segment.size.max = 1048576 (custom)
2022-06-27 16:56:31,962 [pool-672-thread-1] INFO  server.RaftServerConfigKeys (ConfUtils.java:logGet(46)) - raft.server.log.segment.cache.num.max = 2 (custom)
2022-06-27 16:56:31,962 [pool-672-thread-1] INFO  server.RaftServerConfigKeys (ConfUtils.java:logGet(46)) - raft.server.log.segment.cache.size.max = 200MB (=209715200) (default)
2022-06-27 16:56:31,962 [pool-672-thread-1] INFO  segmented.SegmentedRaftLogWorker (SegmentedRaftLogWorker.java:<init>(187)) - new 0d287d21-4bad-479d-87d5-0441403d4034@group-168604BB7435-SegmentedRaftLogWorker for RaftStorageImpl:Storage Directory /home/runner/work/ozone/ozone/hadoop-ozone/integration-test/target/test-dir/MiniOzoneClusterImpl-66908fe7-3497-48b2-847b-81db60c5ccf5/datanode-4/data/ratis/7495f7e2-7340-43c6-a564-168604bb7435
2022-06-27 16:56:31,962 [pool-672-thread-1] INFO  server.RaftServerConfigKeys (ConfUtils.java:logGet(46)) - raft.server.log.queue.byte-limit = 4294967296 (custom)
2022-06-27 16:56:31,962 [pool-672-thread-1] INFO  server.RaftServerConfigKeys (ConfUtils.java:logGet(46)) - raft.server.log.queue.element-limit = 1024 (custom)
2022-06-27 16:56:31,962 [pool-672-thread-1] INFO  server.RaftServerConfigKeys (ConfUtils.java:logGet(46)) - raft.server.log.segment.size.max = 1048576 (custom)
2022-06-27 16:56:31,962 [pool-672-thread-1] INFO  server.RaftServerConfigKeys (ConfUtils.java:logGet(46)) - raft.server.log.preallocated.size = 16384 (custom)
2022-06-27 16:56:31,962 [pool-672-thread-1] INFO  server.RaftServerConfigKeys (ConfUtils.java:logGet(46)) - raft.server.log.force.sync.num = 128 (default)
2022-06-27 16:56:31,962 [pool-672-thread-1] INFO  server.RaftServerConfigKeys (ConfUtils.java:logGet(46)) - raft.server.log.statemachine.data.sync = true (default)
2022-06-27 16:56:31,962 [pool-672-thread-1] INFO  server.RaftServerConfigKeys (ConfUtils.java:logGet(46)) - raft.server.log.statemachine.data.sync.timeout = 10s (default)
2022-06-27 16:56:31,962 [pool-672-thread-1] INFO  server.RaftServerConfigKeys (ConfUtils.java:logGet(46)) - raft.server.log.statemachine.data.sync.timeout.retry = -1 (default)
2022-06-27 16:56:31,966 [pool-672-thread-1] INFO  server.RaftServerConfigKeys (ConfUtils.java:logGet(46)) - raft.server.log.write.buffer.size = 1048576 (custom)
2022-06-27 16:56:31,966 [pool-672-thread-1] INFO  server.RaftServerConfigKeys (ConfUtils.java:logGet(46)) - raft.server.log.unsafe-flush.enabled = false (default)
2022-06-27 16:56:31,966 [pool-672-thread-1] INFO  server.RaftServerConfigKeys (ConfUtils.java:logGet(46)) - raft.server.log.statemachine.data.caching.enabled = true (custom)
2022-06-27 16:56:31,966 [pool-672-thread-1] INFO  segmented.SegmentedRaftLogWorker (SegmentedRaftLogWorker.java:lambda$new$0(135)) - 0d287d21-4bad-479d-87d5-0441403d4034@group-168604BB7435-SegmentedRaftLogWorker: flushIndex: setUnconditionally 0 -> -1
2022-06-27 16:56:31,966 [pool-672-thread-1] INFO  segmented.SegmentedRaftLogWorker (SegmentedRaftLogWorker.java:lambda$new$0(135)) - 0d287d21-4bad-479d-87d5-0441403d4034@group-168604BB7435-SegmentedRaftLogWorker: safeCacheEvictIndex: setUnconditionally 0 -> -1
2022-06-27 16:56:31,967 [pool-672-thread-1] INFO  server.RaftServerConfigKeys (ConfUtils.java:logGet(46)) - raft.server.snapshot.auto.trigger.enabled = true (custom)
2022-06-27 16:56:31,967 [pool-672-thread-1] INFO  server.RaftServerConfigKeys (ConfUtils.java:logGet(46)) - raft.server.snapshot.auto.trigger.threshold = 10000 (custom)
2022-06-27 16:56:31,967 [pool-672-thread-1] INFO  server.RaftServerConfigKeys (ConfUtils.java:logGet(46)) - raft.server.snapshot.retention.file.num = 5 (custom)
2022-06-27 16:56:31,967 [pool-672-thread-1] INFO  server.RaftServerConfigKeys (ConfUtils.java:logGet(46)) - raft.server.log.purge.upto.snapshot.index = false (default)
2022-06-27 16:56:31,967 [pool-672-thread-1] INFO  server.RaftServerConfigKeys (ConfUtils.java:logGet(46)) - raft.server.retrycache.expirytime = 600000ms (custom)
2022-06-27 16:56:31,967 [pool-672-thread-1] INFO  server.RaftServerConfigKeys (ConfUtils.java:logGet(46)) - raft.server.retrycache.statistics.expirytime = 100μs (default)
2022-06-27 16:56:31,968 [pool-672-thread-1] INFO  server.RaftServerConfigKeys (ConfUtils.java:logGet(46)) - raft.server.log.appender.install.snapshot.enabled = false (custom)
2022-06-27 16:56:31,968 [pool-672-thread-1] INFO  server.RaftServerConfigKeys (ConfUtils.java:logGet(46)) - raft.server.threadpool.server.cached = true (default)
2022-06-27 16:56:31,968 [pool-672-thread-1] INFO  server.RaftServerConfigKeys (ConfUtils.java:logGet(46)) - raft.server.threadpool.server.size = 0 (default)
2022-06-27 16:56:31,968 [pool-672-thread-1] INFO  server.RaftServerConfigKeys (ConfUtils.java:logGet(46)) - raft.server.threadpool.client.cached = true (default)
2022-06-27 16:56:31,968 [pool-672-thread-1] INFO  server.RaftServerConfigKeys (ConfUtils.java:logGet(46)) - raft.server.threadpool.client.size = 0 (default)
2022-06-27 16:56:31,968 [pool-672-thread-1] INFO  server.RaftServer$Division (RaftServerImpl.java:start(310)) - 0d287d21-4bad-479d-87d5-0441403d4034@group-168604BB7435: start as a follower, conf=-1: [0d287d21-4bad-479d-87d5-0441403d4034|rpc:10.1.0.22:40147|priority:1], old=null
2022-06-27 16:56:31,968 [pool-672-thread-1] INFO  server.RaftServer$Division (RaftServerImpl.java:setRole(299)) - 0d287d21-4bad-479d-87d5-0441403d4034@group-168604BB7435: changes role from      null to FOLLOWER at term 0 for startAsFollower
2022-06-27 16:56:31,969 [pool-672-thread-1] INFO  impl.RoleInfo (RoleInfo.java:updateAndGet(139)) - 0d287d21-4bad-479d-87d5-0441403d4034: start 0d287d21-4bad-479d-87d5-0441403d4034@group-168604BB7435-FollowerState
2022-06-27 16:56:31,971 [pool-672-thread-1] INFO  util.JmxRegister (JmxRegister.java:tryRegister(44)) - Successfully registered JMX Bean with object name Ratis:service=RaftServer,group=group-168604BB7435,id=0d287d21-4bad-479d-87d5-0441403d4034
2022-06-27 16:56:31,972 [Command processor thread] INFO  ratis.XceiverServerRatis (XceiverServerRatis.java:addGroup(765)) - Created group PipelineID=7495f7e2-7340-43c6-a564-168604bb7435
2022-06-27 16:56:31,972 [Command processor thread] INFO  commandhandler.CreatePipelineCommandHandler (CreatePipelineCommandHandler.java:handle(113)) - Created Pipeline RATIS ONE PipelineID=7495f7e2-7340-43c6-a564-168604bb7435.
2022-06-27 16:56:32,907 [Listener at 127.0.0.1/40407] INFO  ozone.MiniOzoneClusterImpl (MiniOzoneClusterImpl.java:lambda$waitForClusterToBeReady$0(223)) - Nodes are ready. Got 5 of 5 DN Heartbeats.
2022-06-27 16:56:32,907 [Listener at 127.0.0.1/40407] INFO  ozone.MiniOzoneClusterImpl (MiniOzoneClusterImpl.java:lambda$waitForClusterToBeReady$0(226)) - Waiting for cluster to exit safe mode
2022-06-27 16:56:32,907 [Listener at 127.0.0.1/40407] INFO  ozone.MiniOzoneClusterImpl (MiniOzoneClusterImpl.java:lambda$waitForClusterToBeReady$0(228)) - SCM became leader
2022-06-27 16:56:33,907 [Listener at 127.0.0.1/40407] INFO  ozone.MiniOzoneClusterImpl (MiniOzoneClusterImpl.java:lambda$waitForClusterToBeReady$0(223)) - Nodes are ready. Got 5 of 5 DN Heartbeats.
2022-06-27 16:56:33,907 [Listener at 127.0.0.1/40407] INFO  ozone.MiniOzoneClusterImpl (MiniOzoneClusterImpl.java:lambda$waitForClusterToBeReady$0(226)) - Waiting for cluster to exit safe mode
2022-06-27 16:56:33,907 [Listener at 127.0.0.1/40407] INFO  ozone.MiniOzoneClusterImpl (MiniOzoneClusterImpl.java:lambda$waitForClusterToBeReady$0(228)) - SCM became leader
2022-06-27 16:56:34,908 [Listener at 127.0.0.1/40407] INFO  ozone.MiniOzoneClusterImpl (MiniOzoneClusterImpl.java:lambda$waitForClusterToBeReady$0(223)) - Nodes are ready. Got 5 of 5 DN Heartbeats.
2022-06-27 16:56:34,908 [Listener at 127.0.0.1/40407] INFO  ozone.MiniOzoneClusterImpl (MiniOzoneClusterImpl.java:lambda$waitForClusterToBeReady$0(226)) - Waiting for cluster to exit safe mode
2022-06-27 16:56:34,908 [Listener at 127.0.0.1/40407] INFO  ozone.MiniOzoneClusterImpl (MiniOzoneClusterImpl.java:lambda$waitForClusterToBeReady$0(228)) - SCM became leader
2022-06-27 16:56:35,337 [3de1546c-8c2e-4aa4-a8af-42deb78e6291@group-34B4787F7BF9-FollowerState] INFO  impl.FollowerState (FollowerState.java:run(143)) - 3de1546c-8c2e-4aa4-a8af-42deb78e6291@group-34B4787F7BF9-FollowerState: change to CANDIDATE, lastRpcElapsedTime:5119045195ns, electionTimeout:5117ms
2022-06-27 16:56:35,338 [3de1546c-8c2e-4aa4-a8af-42deb78e6291@group-34B4787F7BF9-FollowerState] INFO  impl.RoleInfo (RoleInfo.java:shutdownFollowerState(110)) - 3de1546c-8c2e-4aa4-a8af-42deb78e6291: shutdown 3de1546c-8c2e-4aa4-a8af-42deb78e6291@group-34B4787F7BF9-FollowerState
2022-06-27 16:56:35,338 [3de1546c-8c2e-4aa4-a8af-42deb78e6291@group-34B4787F7BF9-FollowerState] INFO  server.RaftServer$Division (RaftServerImpl.java:setRole(299)) - 3de1546c-8c2e-4aa4-a8af-42deb78e6291@group-34B4787F7BF9: changes role from  FOLLOWER to CANDIDATE at term 0 for changeToCandidate
2022-06-27 16:56:35,338 [3de1546c-8c2e-4aa4-a8af-42deb78e6291@group-34B4787F7BF9-FollowerState] INFO  server.RaftServerConfigKeys (ConfUtils.java:logGet(46)) - raft.server.leaderelection.pre-vote = false (custom)
2022-06-27 16:56:35,338 [3de1546c-8c2e-4aa4-a8af-42deb78e6291@group-34B4787F7BF9-FollowerState] INFO  impl.RoleInfo (RoleInfo.java:updateAndGet(139)) - 3de1546c-8c2e-4aa4-a8af-42deb78e6291: start 3de1546c-8c2e-4aa4-a8af-42deb78e6291@group-34B4787F7BF9-LeaderElection26
2022-06-27 16:56:35,347 [3de1546c-8c2e-4aa4-a8af-42deb78e6291@group-34B4787F7BF9-LeaderElection26] INFO  impl.LeaderElection (LeaderElection.java:askForVotes(310)) - 3de1546c-8c2e-4aa4-a8af-42deb78e6291@group-34B4787F7BF9-LeaderElection26 ELECTION round 0: submit vote requests at term 1 for -1: [3de1546c-8c2e-4aa4-a8af-42deb78e6291|rpc:10.1.0.22:34197|priority:1], old=null
2022-06-27 16:56:35,347 [3de1546c-8c2e-4aa4-a8af-42deb78e6291@group-34B4787F7BF9-LeaderElection26] INFO  impl.LeaderElection (LeaderElection.java:askForVotes(312)) - 3de1546c-8c2e-4aa4-a8af-42deb78e6291@group-34B4787F7BF9-LeaderElection26 ELECTION round 0: result PASSED (term=1)
2022-06-27 16:56:35,348 [3de1546c-8c2e-4aa4-a8af-42deb78e6291@group-34B4787F7BF9-LeaderElection26] INFO  impl.RoleInfo (RoleInfo.java:shutdownLeaderElection(130)) - 3de1546c-8c2e-4aa4-a8af-42deb78e6291: shutdown 3de1546c-8c2e-4aa4-a8af-42deb78e6291@group-34B4787F7BF9-LeaderElection26
2022-06-27 16:56:35,348 [3de1546c-8c2e-4aa4-a8af-42deb78e6291@group-34B4787F7BF9-LeaderElection26] INFO  server.RaftServer$Division (RaftServerImpl.java:setRole(299)) - 3de1546c-8c2e-4aa4-a8af-42deb78e6291@group-34B4787F7BF9: changes role from CANDIDATE to LEADER at term 1 for changeToLeader
2022-06-27 16:56:35,348 [3de1546c-8c2e-4aa4-a8af-42deb78e6291@group-34B4787F7BF9-LeaderElection26] INFO  ratis.XceiverServerRatis (XceiverServerRatis.java:handleLeaderChangedNotification(863)) - Leader change notification received for group: group-34B4787F7BF9 with new leaderId: 3de1546c-8c2e-4aa4-a8af-42deb78e6291
2022-06-27 16:56:35,350 [3de1546c-8c2e-4aa4-a8af-42deb78e6291@group-34B4787F7BF9-LeaderElection26] INFO  server.RaftServer$Division (ServerState.java:setLeader(287)) - 3de1546c-8c2e-4aa4-a8af-42deb78e6291@group-34B4787F7BF9: change Leader from null to 3de1546c-8c2e-4aa4-a8af-42deb78e6291 at term 1 for becomeLeader, leader elected after 5137ms
2022-06-27 16:56:35,350 [3de1546c-8c2e-4aa4-a8af-42deb78e6291@group-34B4787F7BF9-LeaderElection26] INFO  server.RaftServerConfigKeys (ConfUtils.java:logGet(46)) - raft.server.staging.catchup.gap = 1000 (default)
2022-06-27 16:56:35,350 [3de1546c-8c2e-4aa4-a8af-42deb78e6291@group-34B4787F7BF9-LeaderElection26] INFO  server.RaftServerConfigKeys (ConfUtils.java:logGet(46)) - raft.server.write.element-limit = 1024 (custom)
2022-06-27 16:56:35,350 [3de1546c-8c2e-4aa4-a8af-42deb78e6291@group-34B4787F7BF9-LeaderElection26] INFO  server.RaftServerConfigKeys (ConfUtils.java:logGet(46)) - raft.server.write.byte-limit = 1024 M (=1073741824) (custom)
2022-06-27 16:56:35,351 [3de1546c-8c2e-4aa4-a8af-42deb78e6291@group-34B4787F7BF9-LeaderElection26] INFO  server.RaftServerConfigKeys (ConfUtils.java:logGet(46)) - raft.server.watch.timeout = 180s (custom)
2022-06-27 16:56:35,351 [3de1546c-8c2e-4aa4-a8af-42deb78e6291@group-34B4787F7BF9-LeaderElection26] INFO  server.RaftServerConfigKeys (ConfUtils.java:logGet(46)) - raft.server.watch.timeout.denomination = 1s (default)
2022-06-27 16:56:35,351 [3de1546c-8c2e-4aa4-a8af-42deb78e6291@group-34B4787F7BF9-LeaderElection26] INFO  server.RaftServerConfigKeys (ConfUtils.java:logGet(46)) - raft.server.watch.element-limit = 65536 (default)
2022-06-27 16:56:35,351 [3de1546c-8c2e-4aa4-a8af-42deb78e6291@group-34B4787F7BF9-LeaderElection26] INFO  server.RaftServerConfigKeys (ConfUtils.java:logGet(46)) - raft.server.write.element-limit = 1024 (custom)
2022-06-27 16:56:35,351 [3de1546c-8c2e-4aa4-a8af-42deb78e6291@group-34B4787F7BF9-LeaderElection26] INFO  server.RaftServerConfigKeys (ConfUtils.java:logGet(46)) - raft.server.write.follower.gap.ratio.max = -1.0 (default)
2022-06-27 16:56:35,351 [3de1546c-8c2e-4aa4-a8af-42deb78e6291@group-34B4787F7BF9-LeaderElection26] INFO  impl.RoleInfo (RoleInfo.java:updateAndGet(139)) - 3de1546c-8c2e-4aa4-a8af-42deb78e6291: start 3de1546c-8c2e-4aa4-a8af-42deb78e6291@group-34B4787F7BF9-LeaderStateImpl
2022-06-27 16:56:35,351 [3de1546c-8c2e-4aa4-a8af-42deb78e6291@group-34B4787F7BF9-LeaderElection26] INFO  segmented.SegmentedRaftLogWorker (SegmentedRaftLogWorker.java:startLogSegment(425)) - 3de1546c-8c2e-4aa4-a8af-42deb78e6291@group-34B4787F7BF9-SegmentedRaftLogWorker: Starting segment from index:0
2022-06-27 16:56:35,353 [3de1546c-8c2e-4aa4-a8af-42deb78e6291@group-34B4787F7BF9-SegmentedRaftLogWorker] INFO  segmented.SegmentedRaftLogWorker (SegmentedRaftLogWorker.java:execute(629)) - 3de1546c-8c2e-4aa4-a8af-42deb78e6291@group-34B4787F7BF9-SegmentedRaftLogWorker: created new log segment /home/runner/work/ozone/ozone/hadoop-ozone/integration-test/target/test-dir/MiniOzoneClusterImpl-66908fe7-3497-48b2-847b-81db60c5ccf5/datanode-0/data/ratis/8205d19b-a9d6-4205-8388-34b4787f7bf9/current/log_inprogress_0
2022-06-27 16:56:35,354 [3de1546c-8c2e-4aa4-a8af-42deb78e6291@group-34B4787F7BF9-LeaderElection26] INFO  server.RaftServer$Division (ServerState.java:setRaftConf(393)) - 3de1546c-8c2e-4aa4-a8af-42deb78e6291@group-34B4787F7BF9: set configuration 0: [3de1546c-8c2e-4aa4-a8af-42deb78e6291|rpc:10.1.0.22:34197|dataStream:|priority:1], old=null
2022-06-27 16:56:35,369 [EventQueue-OpenPipelineForHealthyPipelineSafeModeRule] INFO  safemode.SCMSafeModeManager (HealthyPipelineSafeModeRule.java:process(124)) - SCM in safe mode. Healthy pipelines reported count is 0, required healthy pipeline reported count is 1
2022-06-27 16:56:35,425 [3de1546c-8c2e-4aa4-a8af-42deb78e6291@group-0B60ABD16714-FollowerState] INFO  impl.FollowerState (FollowerState.java:run(143)) - 3de1546c-8c2e-4aa4-a8af-42deb78e6291@group-0B60ABD16714-FollowerState: change to CANDIDATE, lastRpcElapsedTime:5171007799ns, electionTimeout:5170ms
2022-06-27 16:56:35,425 [3de1546c-8c2e-4aa4-a8af-42deb78e6291@group-0B60ABD16714-FollowerState] INFO  impl.RoleInfo (RoleInfo.java:shutdownFollowerState(110)) - 3de1546c-8c2e-4aa4-a8af-42deb78e6291: shutdown 3de1546c-8c2e-4aa4-a8af-42deb78e6291@group-0B60ABD16714-FollowerState
2022-06-27 16:56:35,425 [3de1546c-8c2e-4aa4-a8af-42deb78e6291@group-0B60ABD16714-FollowerState] INFO  server.RaftServer$Division (RaftServerImpl.java:setRole(299)) - 3de1546c-8c2e-4aa4-a8af-42deb78e6291@group-0B60ABD16714: changes role from  FOLLOWER to CANDIDATE at term 0 for changeToCandidate
2022-06-27 16:56:35,425 [3de1546c-8c2e-4aa4-a8af-42deb78e6291@group-0B60ABD16714-FollowerState] INFO  server.RaftServerConfigKeys (ConfUtils.java:logGet(46)) - raft.server.leaderelection.pre-vote = false (custom)
2022-06-27 16:56:35,425 [3de1546c-8c2e-4aa4-a8af-42deb78e6291@group-0B60ABD16714-FollowerState] INFO  impl.RoleInfo (RoleInfo.java:updateAndGet(139)) - 3de1546c-8c2e-4aa4-a8af-42deb78e6291: start 3de1546c-8c2e-4aa4-a8af-42deb78e6291@group-0B60ABD16714-LeaderElection27
2022-06-27 16:56:35,442 [3de1546c-8c2e-4aa4-a8af-42deb78e6291@group-0B60ABD16714-LeaderElection27] INFO  impl.LeaderElection (LeaderElection.java:askForVotes(310)) - 3de1546c-8c2e-4aa4-a8af-42deb78e6291@group-0B60ABD16714-LeaderElection27 ELECTION round 0: submit vote requests at term 1 for -1: [bc887f2d-be8a-4785-be83-b8a81978c60b|rpc:10.1.0.22:35037|priority:1, dca6aaee-9331-4135-ba39-5d4da9c5694b|rpc:10.1.0.22:41117|priority:0, 3de1546c-8c2e-4aa4-a8af-42deb78e6291|rpc:10.1.0.22:34197|priority:0], old=null
2022-06-27 16:56:35,477 [grpc-default-executor-0] INFO  server.RaftServer$Division (RaftServerImpl.java:requestVote(1152)) - bc887f2d-be8a-4785-be83-b8a81978c60b@group-0B60ABD16714: receive requestVote(ELECTION, 3de1546c-8c2e-4aa4-a8af-42deb78e6291, group-0B60ABD16714, 1, (t:0, i:0))
2022-06-27 16:56:35,477 [grpc-default-executor-0] INFO  impl.VoteContext (VoteContext.java:log(48)) - bc887f2d-be8a-4785-be83-b8a81978c60b@group-0B60ABD16714-FOLLOWER: reject ELECTION from 3de1546c-8c2e-4aa4-a8af-42deb78e6291: our priority 1 > candidate's priority 0
2022-06-27 16:56:35,478 [grpc-default-executor-0] INFO  server.RaftServer$Division (RaftServerImpl.java:setRole(299)) - bc887f2d-be8a-4785-be83-b8a81978c60b@group-0B60ABD16714: changes role from  FOLLOWER to FOLLOWER at term 1 for candidate:3de1546c-8c2e-4aa4-a8af-42deb78e6291
2022-06-27 16:56:35,478 [grpc-default-executor-0] INFO  impl.RoleInfo (RoleInfo.java:shutdownFollowerState(110)) - bc887f2d-be8a-4785-be83-b8a81978c60b: shutdown bc887f2d-be8a-4785-be83-b8a81978c60b@group-0B60ABD16714-FollowerState
2022-06-27 16:56:35,478 [grpc-default-executor-0] INFO  impl.RoleInfo (RoleInfo.java:updateAndGet(139)) - bc887f2d-be8a-4785-be83-b8a81978c60b: start bc887f2d-be8a-4785-be83-b8a81978c60b@group-0B60ABD16714-FollowerState
2022-06-27 16:56:35,478 [bc887f2d-be8a-4785-be83-b8a81978c60b@group-0B60ABD16714-FollowerState] INFO  impl.FollowerState (FollowerState.java:run(152)) - bc887f2d-be8a-4785-be83-b8a81978c60b@group-0B60ABD16714-FollowerState was interrupted
2022-06-27 16:56:35,485 [grpc-default-executor-0] INFO  server.RaftServer$Division (RaftServerImpl.java:requestVote(1184)) - bc887f2d-be8a-4785-be83-b8a81978c60b@group-0B60ABD16714 replies to ELECTION vote request: 3de1546c-8c2e-4aa4-a8af-42deb78e6291<-bc887f2d-be8a-4785-be83-b8a81978c60b#0:FAIL-t1. Peer's state: bc887f2d-be8a-4785-be83-b8a81978c60b@group-0B60ABD16714:t1, leader=null, voted=null, raftlog=bc887f2d-be8a-4785-be83-b8a81978c60b@group-0B60ABD16714-SegmentedRaftLog:OPENED:c-1, conf=-1: [bc887f2d-be8a-4785-be83-b8a81978c60b|rpc:10.1.0.22:35037|dataStream:|priority:1, dca6aaee-9331-4135-ba39-5d4da9c5694b|rpc:10.1.0.22:41117|dataStream:|priority:0, 3de1546c-8c2e-4aa4-a8af-42deb78e6291|rpc:10.1.0.22:34197|dataStream:|priority:0], old=null
2022-06-27 16:56:35,494 [3de1546c-8c2e-4aa4-a8af-42deb78e6291@group-0B60ABD16714-LeaderElection27] INFO  impl.LeaderElection (LeaderElection.java:logAndReturn(90)) - 3de1546c-8c2e-4aa4-a8af-42deb78e6291@group-0B60ABD16714-LeaderElection27: ELECTION REJECTED received 1 response(s) and 0 exception(s):
2022-06-27 16:56:35,494 [3de1546c-8c2e-4aa4-a8af-42deb78e6291@group-0B60ABD16714-LeaderElection27] INFO  impl.LeaderElection (LeaderElection.java:logAndReturn(94)) -   Response 0: 3de1546c-8c2e-4aa4-a8af-42deb78e6291<-bc887f2d-be8a-4785-be83-b8a81978c60b#0:FAIL-t1
2022-06-27 16:56:35,494 [3de1546c-8c2e-4aa4-a8af-42deb78e6291@group-0B60ABD16714-LeaderElection27] INFO  impl.LeaderElection (LeaderElection.java:askForVotes(312)) - 3de1546c-8c2e-4aa4-a8af-42deb78e6291@group-0B60ABD16714-LeaderElection27 ELECTION round 0: result REJECTED
2022-06-27 16:56:35,494 [3de1546c-8c2e-4aa4-a8af-42deb78e6291@group-0B60ABD16714-LeaderElection27] INFO  server.RaftServer$Division (RaftServerImpl.java:setRole(299)) - 3de1546c-8c2e-4aa4-a8af-42deb78e6291@group-0B60ABD16714: changes role from CANDIDATE to FOLLOWER at term 1 for REJECTED
2022-06-27 16:56:35,494 [3de1546c-8c2e-4aa4-a8af-42deb78e6291@group-0B60ABD16714-LeaderElection27] INFO  impl.RoleInfo (RoleInfo.java:shutdownLeaderElection(130)) - 3de1546c-8c2e-4aa4-a8af-42deb78e6291: shutdown 3de1546c-8c2e-4aa4-a8af-42deb78e6291@group-0B60ABD16714-LeaderElection27
2022-06-27 16:56:35,494 [3de1546c-8c2e-4aa4-a8af-42deb78e6291@group-0B60ABD16714-LeaderElection27] INFO  impl.RoleInfo (RoleInfo.java:updateAndGet(139)) - 3de1546c-8c2e-4aa4-a8af-42deb78e6291: start 3de1546c-8c2e-4aa4-a8af-42deb78e6291@group-0B60ABD16714-FollowerState
2022-06-27 16:56:35,507 [grpc-default-executor-0] INFO  server.RaftServer$Division (RaftServerImpl.java:requestVote(1152)) - dca6aaee-9331-4135-ba39-5d4da9c5694b@group-0B60ABD16714: receive requestVote(ELECTION, 3de1546c-8c2e-4aa4-a8af-42deb78e6291, group-0B60ABD16714, 1, (t:0, i:0))
2022-06-27 16:56:35,507 [grpc-default-executor-0] INFO  impl.VoteContext (VoteContext.java:log(48)) - dca6aaee-9331-4135-ba39-5d4da9c5694b@group-0B60ABD16714-FOLLOWER: accept ELECTION from 3de1546c-8c2e-4aa4-a8af-42deb78e6291: our priority 0 <= candidate's priority 0
2022-06-27 16:56:35,507 [grpc-default-executor-0] INFO  server.RaftServer$Division (RaftServerImpl.java:setRole(299)) - dca6aaee-9331-4135-ba39-5d4da9c5694b@group-0B60ABD16714: changes role from  FOLLOWER to FOLLOWER at term 1 for candidate:3de1546c-8c2e-4aa4-a8af-42deb78e6291
2022-06-27 16:56:35,507 [grpc-default-executor-0] INFO  impl.RoleInfo (RoleInfo.java:shutdownFollowerState(110)) - dca6aaee-9331-4135-ba39-5d4da9c5694b: shutdown dca6aaee-9331-4135-ba39-5d4da9c5694b@group-0B60ABD16714-FollowerState
2022-06-27 16:56:35,507 [grpc-default-executor-0] INFO  impl.RoleInfo (RoleInfo.java:updateAndGet(139)) - dca6aaee-9331-4135-ba39-5d4da9c5694b: start dca6aaee-9331-4135-ba39-5d4da9c5694b@group-0B60ABD16714-FollowerState
2022-06-27 16:56:35,507 [dca6aaee-9331-4135-ba39-5d4da9c5694b@group-0B60ABD16714-FollowerState] INFO  impl.FollowerState (FollowerState.java:run(152)) - dca6aaee-9331-4135-ba39-5d4da9c5694b@group-0B60ABD16714-FollowerState was interrupted
2022-06-27 16:56:35,510 [grpc-default-executor-0] INFO  server.RaftServer$Division (RaftServerImpl.java:requestVote(1184)) - dca6aaee-9331-4135-ba39-5d4da9c5694b@group-0B60ABD16714 replies to ELECTION vote request: 3de1546c-8c2e-4aa4-a8af-42deb78e6291<-dca6aaee-9331-4135-ba39-5d4da9c5694b#0:OK-t1. Peer's state: dca6aaee-9331-4135-ba39-5d4da9c5694b@group-0B60ABD16714:t1, leader=null, voted=3de1546c-8c2e-4aa4-a8af-42deb78e6291, raftlog=dca6aaee-9331-4135-ba39-5d4da9c5694b@group-0B60ABD16714-SegmentedRaftLog:OPENED:c-1, conf=-1: [bc887f2d-be8a-4785-be83-b8a81978c60b|rpc:10.1.0.22:35037|dataStream:|priority:1, dca6aaee-9331-4135-ba39-5d4da9c5694b|rpc:10.1.0.22:41117|dataStream:|priority:0, 3de1546c-8c2e-4aa4-a8af-42deb78e6291|rpc:10.1.0.22:34197|dataStream:|priority:0], old=null
2022-06-27 16:56:35,512 [3de1546c-8c2e-4aa4-a8af-42deb78e6291@group-AFCDA00B9A33-FollowerState] INFO  impl.FollowerState (FollowerState.java:run(143)) - 3de1546c-8c2e-4aa4-a8af-42deb78e6291@group-AFCDA00B9A33-FollowerState: change to CANDIDATE, lastRpcElapsedTime:5015826384ns, electionTimeout:5015ms
2022-06-27 16:56:35,512 [3de1546c-8c2e-4aa4-a8af-42deb78e6291@group-AFCDA00B9A33-FollowerState] INFO  impl.RoleInfo (RoleInfo.java:shutdownFollowerState(110)) - 3de1546c-8c2e-4aa4-a8af-42deb78e6291: shutdown 3de1546c-8c2e-4aa4-a8af-42deb78e6291@group-AFCDA00B9A33-FollowerState
2022-06-27 16:56:35,512 [3de1546c-8c2e-4aa4-a8af-42deb78e6291@group-AFCDA00B9A33-FollowerState] INFO  server.RaftServer$Division (RaftServerImpl.java:setRole(299)) - 3de1546c-8c2e-4aa4-a8af-42deb78e6291@group-AFCDA00B9A33: changes role from  FOLLOWER to CANDIDATE at term 0 for changeToCandidate
2022-06-27 16:56:35,512 [3de1546c-8c2e-4aa4-a8af-42deb78e6291@group-AFCDA00B9A33-FollowerState] INFO  server.RaftServerConfigKeys (ConfUtils.java:logGet(46)) - raft.server.leaderelection.pre-vote = false (custom)
2022-06-27 16:56:35,512 [3de1546c-8c2e-4aa4-a8af-42deb78e6291@group-AFCDA00B9A33-FollowerState] INFO  impl.RoleInfo (RoleInfo.java:updateAndGet(139)) - 3de1546c-8c2e-4aa4-a8af-42deb78e6291: start 3de1546c-8c2e-4aa4-a8af-42deb78e6291@group-AFCDA00B9A33-LeaderElection28
2022-06-27 16:56:35,532 [3de1546c-8c2e-4aa4-a8af-42deb78e6291@group-AFCDA00B9A33-LeaderElection28] INFO  impl.LeaderElection (LeaderElection.java:askForVotes(310)) - 3de1546c-8c2e-4aa4-a8af-42deb78e6291@group-AFCDA00B9A33-LeaderElection28 ELECTION round 0: submit vote requests at term 1 for -1: [bc887f2d-be8a-4785-be83-b8a81978c60b|rpc:10.1.0.22:35037|priority:0, dca6aaee-9331-4135-ba39-5d4da9c5694b|rpc:10.1.0.22:41117|priority:1, 3de1546c-8c2e-4aa4-a8af-42deb78e6291|rpc:10.1.0.22:34197|priority:0], old=null
2022-06-27 16:56:35,536 [grpc-default-executor-0] INFO  server.RaftServer$Division (RaftServerImpl.java:requestVote(1152)) - bc887f2d-be8a-4785-be83-b8a81978c60b@group-AFCDA00B9A33: receive requestVote(ELECTION, 3de1546c-8c2e-4aa4-a8af-42deb78e6291, group-AFCDA00B9A33, 1, (t:0, i:0))
2022-06-27 16:56:35,536 [grpc-default-executor-0] INFO  impl.VoteContext (VoteContext.java:log(48)) - bc887f2d-be8a-4785-be83-b8a81978c60b@group-AFCDA00B9A33-FOLLOWER: accept ELECTION from 3de1546c-8c2e-4aa4-a8af-42deb78e6291: our priority 0 <= candidate's priority 0
2022-06-27 16:56:35,536 [grpc-default-executor-0] INFO  server.RaftServer$Division (RaftServerImpl.java:setRole(299)) - bc887f2d-be8a-4785-be83-b8a81978c60b@group-AFCDA00B9A33: changes role from  FOLLOWER to FOLLOWER at term 1 for candidate:3de1546c-8c2e-4aa4-a8af-42deb78e6291
2022-06-27 16:56:35,536 [grpc-default-executor-0] INFO  impl.RoleInfo (RoleInfo.java:shutdownFollowerState(110)) - bc887f2d-be8a-4785-be83-b8a81978c60b: shutdown bc887f2d-be8a-4785-be83-b8a81978c60b@group-AFCDA00B9A33-FollowerState
2022-06-27 16:56:35,536 [grpc-default-executor-0] INFO  impl.RoleInfo (RoleInfo.java:updateAndGet(139)) - bc887f2d-be8a-4785-be83-b8a81978c60b: start bc887f2d-be8a-4785-be83-b8a81978c60b@group-AFCDA00B9A33-FollowerState
2022-06-27 16:56:35,536 [bc887f2d-be8a-4785-be83-b8a81978c60b@group-AFCDA00B9A33-FollowerState] INFO  impl.FollowerState (FollowerState.java:run(152)) - bc887f2d-be8a-4785-be83-b8a81978c60b@group-AFCDA00B9A33-FollowerState was interrupted
2022-06-27 16:56:35,538 [grpc-default-executor-0] INFO  server.RaftServer$Division (RaftServerImpl.java:requestVote(1184)) - bc887f2d-be8a-4785-be83-b8a81978c60b@group-AFCDA00B9A33 replies to ELECTION vote request: 3de1546c-8c2e-4aa4-a8af-42deb78e6291<-bc887f2d-be8a-4785-be83-b8a81978c60b#0:OK-t1. Peer's state: bc887f2d-be8a-4785-be83-b8a81978c60b@group-AFCDA00B9A33:t1, leader=null, voted=3de1546c-8c2e-4aa4-a8af-42deb78e6291, raftlog=bc887f2d-be8a-4785-be83-b8a81978c60b@group-AFCDA00B9A33-SegmentedRaftLog:OPENED:c-1, conf=-1: [bc887f2d-be8a-4785-be83-b8a81978c60b|rpc:10.1.0.22:35037|dataStream:|priority:0, dca6aaee-9331-4135-ba39-5d4da9c5694b|rpc:10.1.0.22:41117|dataStream:|priority:1, 3de1546c-8c2e-4aa4-a8af-42deb78e6291|rpc:10.1.0.22:34197|dataStream:|priority:0], old=null
2022-06-27 16:56:35,564 [dca6aaee-9331-4135-ba39-5d4da9c5694b@group-AFCDA00B9A33-FollowerState] INFO  impl.FollowerState (FollowerState.java:run(143)) - dca6aaee-9331-4135-ba39-5d4da9c5694b@group-AFCDA00B9A33-FollowerState: change to CANDIDATE, lastRpcElapsedTime:5033610055ns, electionTimeout:5032ms
2022-06-27 16:56:35,564 [dca6aaee-9331-4135-ba39-5d4da9c5694b@group-AFCDA00B9A33-FollowerState] INFO  impl.RoleInfo (RoleInfo.java:shutdownFollowerState(110)) - dca6aaee-9331-4135-ba39-5d4da9c5694b: shutdown dca6aaee-9331-4135-ba39-5d4da9c5694b@group-AFCDA00B9A33-FollowerState
2022-06-27 16:56:35,564 [dca6aaee-9331-4135-ba39-5d4da9c5694b@group-AFCDA00B9A33-FollowerState] INFO  server.RaftServer$Division (RaftServerImpl.java:setRole(299)) - dca6aaee-9331-4135-ba39-5d4da9c5694b@group-AFCDA00B9A33: changes role from  FOLLOWER to CANDIDATE at term 0 for changeToCandidate
2022-06-27 16:56:35,573 [grpc-default-executor-0] INFO  server.RaftServer$Division (RaftServerImpl.java:requestVote(1152)) - dca6aaee-9331-4135-ba39-5d4da9c5694b@group-AFCDA00B9A33: receive requestVote(ELECTION, 3de1546c-8c2e-4aa4-a8af-42deb78e6291, group-AFCDA00B9A33, 1, (t:0, i:0))
2022-06-27 16:56:35,578 [dca6aaee-9331-4135-ba39-5d4da9c5694b@group-AFCDA00B9A33-FollowerState] INFO  server.RaftServerConfigKeys (ConfUtils.java:logGet(46)) - raft.server.leaderelection.pre-vote = false (custom)
2022-06-27 16:56:35,578 [dca6aaee-9331-4135-ba39-5d4da9c5694b@group-AFCDA00B9A33-FollowerState] INFO  impl.RoleInfo (RoleInfo.java:updateAndGet(139)) - dca6aaee-9331-4135-ba39-5d4da9c5694b: start dca6aaee-9331-4135-ba39-5d4da9c5694b@group-AFCDA00B9A33-LeaderElection29
2022-06-27 16:56:35,583 [grpc-default-executor-0] INFO  impl.VoteContext (VoteContext.java:log(48)) - dca6aaee-9331-4135-ba39-5d4da9c5694b@group-AFCDA00B9A33-CANDIDATE: reject ELECTION from 3de1546c-8c2e-4aa4-a8af-42deb78e6291: our priority 1 > candidate's priority 0
2022-06-27 16:56:35,583 [grpc-default-executor-0] INFO  server.RaftServer$Division (RaftServerImpl.java:setRole(299)) - dca6aaee-9331-4135-ba39-5d4da9c5694b@group-AFCDA00B9A33: changes role from CANDIDATE to FOLLOWER at term 1 for candidate:3de1546c-8c2e-4aa4-a8af-42deb78e6291
2022-06-27 16:56:35,583 [grpc-default-executor-0] INFO  impl.RoleInfo (RoleInfo.java:shutdownLeaderElection(130)) - dca6aaee-9331-4135-ba39-5d4da9c5694b: shutdown dca6aaee-9331-4135-ba39-5d4da9c5694b@group-AFCDA00B9A33-LeaderElection29
2022-06-27 16:56:35,583 [grpc-default-executor-0] INFO  impl.RoleInfo (RoleInfo.java:updateAndGet(139)) - dca6aaee-9331-4135-ba39-5d4da9c5694b: start dca6aaee-9331-4135-ba39-5d4da9c5694b@group-AFCDA00B9A33-FollowerState
2022-06-27 16:56:35,583 [dca6aaee-9331-4135-ba39-5d4da9c5694b@group-AFCDA00B9A33-LeaderElection29] INFO  impl.LeaderElection (LeaderElection.java:run(231)) - dca6aaee-9331-4135-ba39-5d4da9c5694b@group-AFCDA00B9A33-LeaderElection29: skip running since this is already CLOSING
2022-06-27 16:56:35,598 [grpc-default-executor-0] INFO  server.RaftServer$Division (RaftServerImpl.java:requestVote(1184)) - dca6aaee-9331-4135-ba39-5d4da9c5694b@group-AFCDA00B9A33 replies to ELECTION vote request: 3de1546c-8c2e-4aa4-a8af-42deb78e6291<-dca6aaee-9331-4135-ba39-5d4da9c5694b#0:FAIL-t1. Peer's state: dca6aaee-9331-4135-ba39-5d4da9c5694b@group-AFCDA00B9A33:t1, leader=null, voted=null, raftlog=dca6aaee-9331-4135-ba39-5d4da9c5694b@group-AFCDA00B9A33-SegmentedRaftLog:OPENED:c-1, conf=-1: [bc887f2d-be8a-4785-be83-b8a81978c60b|rpc:10.1.0.22:35037|dataStream:|priority:0, dca6aaee-9331-4135-ba39-5d4da9c5694b|rpc:10.1.0.22:41117|dataStream:|priority:1, 3de1546c-8c2e-4aa4-a8af-42deb78e6291|rpc:10.1.0.22:34197|dataStream:|priority:0], old=null
2022-06-27 16:56:35,599 [3de1546c-8c2e-4aa4-a8af-42deb78e6291@group-AFCDA00B9A33-LeaderElection28] INFO  impl.LeaderElection (LeaderElection.java:logAndReturn(90)) - 3de1546c-8c2e-4aa4-a8af-42deb78e6291@group-AFCDA00B9A33-LeaderElection28: ELECTION REJECTED received 2 response(s) and 0 exception(s):
2022-06-27 16:56:35,599 [3de1546c-8c2e-4aa4-a8af-42deb78e6291@group-AFCDA00B9A33-LeaderElection28] INFO  impl.LeaderElection (LeaderElection.java:logAndReturn(94)) -   Response 0: 3de1546c-8c2e-4aa4-a8af-42deb78e6291<-bc887f2d-be8a-4785-be83-b8a81978c60b#0:OK-t1
2022-06-27 16:56:35,599 [3de1546c-8c2e-4aa4-a8af-42deb78e6291@group-AFCDA00B9A33-LeaderElection28] INFO  impl.LeaderElection (LeaderElection.java:logAndReturn(94)) -   Response 1: 3de1546c-8c2e-4aa4-a8af-42deb78e6291<-dca6aaee-9331-4135-ba39-5d4da9c5694b#0:FAIL-t1
2022-06-27 16:56:35,599 [3de1546c-8c2e-4aa4-a8af-42deb78e6291@group-AFCDA00B9A33-LeaderElection28] INFO  impl.LeaderElection (LeaderElection.java:askForVotes(312)) - 3de1546c-8c2e-4aa4-a8af-42deb78e6291@group-AFCDA00B9A33-LeaderElection28 ELECTION round 0: result REJECTED
2022-06-27 16:56:35,599 [3de1546c-8c2e-4aa4-a8af-42deb78e6291@group-AFCDA00B9A33-LeaderElection28] INFO  server.RaftServer$Division (RaftServerImpl.java:setRole(299)) - 3de1546c-8c2e-4aa4-a8af-42deb78e6291@group-AFCDA00B9A33: changes role from CANDIDATE to FOLLOWER at term 1 for REJECTED
2022-06-27 16:56:35,599 [3de1546c-8c2e-4aa4-a8af-42deb78e6291@group-AFCDA00B9A33-LeaderElection28] INFO  impl.RoleInfo (RoleInfo.java:shutdownLeaderElection(130)) - 3de1546c-8c2e-4aa4-a8af-42deb78e6291: shutdown 3de1546c-8c2e-4aa4-a8af-42deb78e6291@group-AFCDA00B9A33-LeaderElection28
2022-06-27 16:56:35,599 [3de1546c-8c2e-4aa4-a8af-42deb78e6291@group-AFCDA00B9A33-LeaderElection28] INFO  impl.RoleInfo (RoleInfo.java:updateAndGet(139)) - 3de1546c-8c2e-4aa4-a8af-42deb78e6291: start 3de1546c-8c2e-4aa4-a8af-42deb78e6291@group-AFCDA00B9A33-FollowerState
2022-06-27 16:56:35,792 [bc887f2d-be8a-4785-be83-b8a81978c60b@group-829A91E06383-FollowerState] INFO  impl.FollowerState (FollowerState.java:run(143)) - bc887f2d-be8a-4785-be83-b8a81978c60b@group-829A91E06383-FollowerState: change to CANDIDATE, lastRpcElapsedTime:5121279603ns, electionTimeout:5115ms
2022-06-27 16:56:35,792 [bc887f2d-be8a-4785-be83-b8a81978c60b@group-829A91E06383-FollowerState] INFO  impl.RoleInfo (RoleInfo.java:shutdownFollowerState(110)) - bc887f2d-be8a-4785-be83-b8a81978c60b: shutdown bc887f2d-be8a-4785-be83-b8a81978c60b@group-829A91E06383-FollowerState
2022-06-27 16:56:35,792 [bc887f2d-be8a-4785-be83-b8a81978c60b@group-829A91E06383-FollowerState] INFO  server.RaftServer$Division (RaftServerImpl.java:setRole(299)) - bc887f2d-be8a-4785-be83-b8a81978c60b@group-829A91E06383: changes role from  FOLLOWER to CANDIDATE at term 0 for changeToCandidate
2022-06-27 16:56:35,792 [bc887f2d-be8a-4785-be83-b8a81978c60b@group-829A91E06383-FollowerState] INFO  server.RaftServerConfigKeys (ConfUtils.java:logGet(46)) - raft.server.leaderelection.pre-vote = false (custom)
2022-06-27 16:56:35,792 [bc887f2d-be8a-4785-be83-b8a81978c60b@group-829A91E06383-FollowerState] INFO  impl.RoleInfo (RoleInfo.java:updateAndGet(139)) - bc887f2d-be8a-4785-be83-b8a81978c60b: start bc887f2d-be8a-4785-be83-b8a81978c60b@group-829A91E06383-LeaderElection30
2022-06-27 16:56:35,815 [bc887f2d-be8a-4785-be83-b8a81978c60b@group-829A91E06383-LeaderElection30] INFO  impl.LeaderElection (LeaderElection.java:askForVotes(310)) - bc887f2d-be8a-4785-be83-b8a81978c60b@group-829A91E06383-LeaderElection30 ELECTION round 0: submit vote requests at term 1 for -1: [bc887f2d-be8a-4785-be83-b8a81978c60b|rpc:10.1.0.22:35037|priority:1], old=null
2022-06-27 16:56:35,815 [bc887f2d-be8a-4785-be83-b8a81978c60b@group-829A91E06383-LeaderElection30] INFO  impl.LeaderElection (LeaderElection.java:askForVotes(312)) - bc887f2d-be8a-4785-be83-b8a81978c60b@group-829A91E06383-LeaderElection30 ELECTION round 0: result PASSED (term=1)
2022-06-27 16:56:35,815 [bc887f2d-be8a-4785-be83-b8a81978c60b@group-829A91E06383-LeaderElection30] INFO  impl.RoleInfo (RoleInfo.java:shutdownLeaderElection(130)) - bc887f2d-be8a-4785-be83-b8a81978c60b: shutdown bc887f2d-be8a-4785-be83-b8a81978c60b@group-829A91E06383-LeaderElection30
2022-06-27 16:56:35,816 [bc887f2d-be8a-4785-be83-b8a81978c60b@group-829A91E06383-LeaderElection30] INFO  server.RaftServer$Division (RaftServerImpl.java:setRole(299)) - bc887f2d-be8a-4785-be83-b8a81978c60b@group-829A91E06383: changes role from CANDIDATE to LEADER at term 1 for changeToLeader
2022-06-27 16:56:35,816 [bc887f2d-be8a-4785-be83-b8a81978c60b@group-829A91E06383-LeaderElection30] INFO  ratis.XceiverServerRatis (XceiverServerRatis.java:handleLeaderChangedNotification(863)) - Leader change notification received for group: group-829A91E06383 with new leaderId: bc887f2d-be8a-4785-be83-b8a81978c60b
2022-06-27 16:56:35,816 [bc887f2d-be8a-4785-be83-b8a81978c60b@group-829A91E06383-LeaderElection30] INFO  server.RaftServer$Division (ServerState.java:setLeader(287)) - bc887f2d-be8a-4785-be83-b8a81978c60b@group-829A91E06383: change Leader from null to bc887f2d-be8a-4785-be83-b8a81978c60b at term 1 for becomeLeader, leader elected after 5154ms
2022-06-27 16:56:35,816 [bc887f2d-be8a-4785-be83-b8a81978c60b@group-829A91E06383-LeaderElection30] INFO  server.RaftServerConfigKeys (ConfUtils.java:logGet(46)) - raft.server.staging.catchup.gap = 1000 (default)
2022-06-27 16:56:35,816 [bc887f2d-be8a-4785-be83-b8a81978c60b@group-829A91E06383-LeaderElection30] INFO  server.RaftServerConfigKeys (ConfUtils.java:logGet(46)) - raft.server.write.element-limit = 1024 (custom)
2022-06-27 16:56:35,816 [bc887f2d-be8a-4785-be83-b8a81978c60b@group-829A91E06383-LeaderElection30] INFO  server.RaftServerConfigKeys (ConfUtils.java:logGet(46)) - raft.server.write.byte-limit = 1024 M (=1073741824) (custom)
2022-06-27 16:56:35,818 [EventQueue-OpenPipelineForHealthyPipelineSafeModeRule] INFO  safemode.SCMSafeModeManager (HealthyPipelineSafeModeRule.java:process(124)) - SCM in safe mode. Healthy pipelines reported count is 0, required healthy pipeline reported count is 1
2022-06-27 16:56:35,819 [bc887f2d-be8a-4785-be83-b8a81978c60b@group-829A91E06383-LeaderElection30] INFO  server.RaftServerConfigKeys (ConfUtils.java:logGet(46)) - raft.server.watch.timeout = 180s (custom)
2022-06-27 16:56:35,820 [bc887f2d-be8a-4785-be83-b8a81978c60b@group-829A91E06383-LeaderElection30] INFO  server.RaftServerConfigKeys (ConfUtils.java:logGet(46)) - raft.server.watch.timeout.denomination = 1s (default)
2022-06-27 16:56:35,824 [bc887f2d-be8a-4785-be83-b8a81978c60b@group-829A91E06383-LeaderElection30] INFO  server.RaftServerConfigKeys (ConfUtils.java:logGet(46)) - raft.server.watch.element-limit = 65536 (default)
2022-06-27 16:56:35,824 [bc887f2d-be8a-4785-be83-b8a81978c60b@group-829A91E06383-LeaderElection30] INFO  server.RaftServerConfigKeys (ConfUtils.java:logGet(46)) - raft.server.write.element-limit = 1024 (custom)
2022-06-27 16:56:35,824 [bc887f2d-be8a-4785-be83-b8a81978c60b@group-829A91E06383-LeaderElection30] INFO  server.RaftServerConfigKeys (ConfUtils.java:logGet(46)) - raft.server.write.follower.gap.ratio.max = -1.0 (default)
2022-06-27 16:56:35,824 [bc887f2d-be8a-4785-be83-b8a81978c60b@group-829A91E06383-LeaderElection30] INFO  impl.RoleInfo (RoleInfo.java:updateAndGet(139)) - bc887f2d-be8a-4785-be83-b8a81978c60b: start bc887f2d-be8a-4785-be83-b8a81978c60b@group-829A91E06383-LeaderStateImpl
2022-06-27 16:56:35,824 [bc887f2d-be8a-4785-be83-b8a81978c60b@group-829A91E06383-LeaderElection30] INFO  segmented.SegmentedRaftLogWorker (SegmentedRaftLogWorker.java:startLogSegment(425)) - bc887f2d-be8a-4785-be83-b8a81978c60b@group-829A91E06383-SegmentedRaftLogWorker: Starting segment from index:0
2022-06-27 16:56:35,826 [bc887f2d-be8a-4785-be83-b8a81978c60b@group-829A91E06383-LeaderElection30] INFO  server.RaftServer$Division (ServerState.java:setRaftConf(393)) - bc887f2d-be8a-4785-be83-b8a81978c60b@group-829A91E06383: set configuration 0: [bc887f2d-be8a-4785-be83-b8a81978c60b|rpc:10.1.0.22:35037|dataStream:|priority:1], old=null
2022-06-27 16:56:35,833 [bc887f2d-be8a-4785-be83-b8a81978c60b@group-829A91E06383-SegmentedRaftLogWorker] INFO  segmented.SegmentedRaftLogWorker (SegmentedRaftLogWorker.java:execute(629)) - bc887f2d-be8a-4785-be83-b8a81978c60b@group-829A91E06383-SegmentedRaftLogWorker: created new log segment /home/runner/work/ozone/ozone/hadoop-ozone/integration-test/target/test-dir/MiniOzoneClusterImpl-66908fe7-3497-48b2-847b-81db60c5ccf5/datanode-1/data/ratis/34159a37-fad6-4ef0-92b6-829a91e06383/current/log_inprogress_0
2022-06-27 16:56:35,908 [Listener at 127.0.0.1/40407] INFO  ozone.MiniOzoneClusterImpl (MiniOzoneClusterImpl.java:lambda$waitForClusterToBeReady$0(223)) - Nodes are ready. Got 5 of 5 DN Heartbeats.
2022-06-27 16:56:35,908 [Listener at 127.0.0.1/40407] INFO  ozone.MiniOzoneClusterImpl (MiniOzoneClusterImpl.java:lambda$waitForClusterToBeReady$0(226)) - Waiting for cluster to exit safe mode
2022-06-27 16:56:35,908 [Listener at 127.0.0.1/40407] INFO  ozone.MiniOzoneClusterImpl (MiniOzoneClusterImpl.java:lambda$waitForClusterToBeReady$0(228)) - SCM became leader
2022-06-27 16:56:36,192 [dca6aaee-9331-4135-ba39-5d4da9c5694b@group-4392F390832C-FollowerState] INFO  impl.FollowerState (FollowerState.java:run(143)) - dca6aaee-9331-4135-ba39-5d4da9c5694b@group-4392F390832C-FollowerState: change to CANDIDATE, lastRpcElapsedTime:5028883790ns, electionTimeout:5025ms
2022-06-27 16:56:36,192 [dca6aaee-9331-4135-ba39-5d4da9c5694b@group-4392F390832C-FollowerState] INFO  impl.RoleInfo (RoleInfo.java:shutdownFollowerState(110)) - dca6aaee-9331-4135-ba39-5d4da9c5694b: shutdown dca6aaee-9331-4135-ba39-5d4da9c5694b@group-4392F390832C-FollowerState
2022-06-27 16:56:36,192 [dca6aaee-9331-4135-ba39-5d4da9c5694b@group-4392F390832C-FollowerState] INFO  server.RaftServer$Division (RaftServerImpl.java:setRole(299)) - dca6aaee-9331-4135-ba39-5d4da9c5694b@group-4392F390832C: changes role from  FOLLOWER to CANDIDATE at term 0 for changeToCandidate
2022-06-27 16:56:36,192 [dca6aaee-9331-4135-ba39-5d4da9c5694b@group-4392F390832C-FollowerState] INFO  server.RaftServerConfigKeys (ConfUtils.java:logGet(46)) - raft.server.leaderelection.pre-vote = false (custom)
2022-06-27 16:56:36,192 [dca6aaee-9331-4135-ba39-5d4da9c5694b@group-4392F390832C-FollowerState] INFO  impl.RoleInfo (RoleInfo.java:updateAndGet(139)) - dca6aaee-9331-4135-ba39-5d4da9c5694b: start dca6aaee-9331-4135-ba39-5d4da9c5694b@group-4392F390832C-LeaderElection31
2022-06-27 16:56:36,213 [dca6aaee-9331-4135-ba39-5d4da9c5694b@group-4392F390832C-LeaderElection31] INFO  impl.LeaderElection (LeaderElection.java:askForVotes(310)) - dca6aaee-9331-4135-ba39-5d4da9c5694b@group-4392F390832C-LeaderElection31 ELECTION round 0: submit vote requests at term 1 for -1: [dca6aaee-9331-4135-ba39-5d4da9c5694b|rpc:10.1.0.22:41117|priority:1], old=null
2022-06-27 16:56:36,214 [dca6aaee-9331-4135-ba39-5d4da9c5694b@group-4392F390832C-LeaderElection31] INFO  impl.LeaderElection (LeaderElection.java:askForVotes(312)) - dca6aaee-9331-4135-ba39-5d4da9c5694b@group-4392F390832C-LeaderElection31 ELECTION round 0: result PASSED (term=1)
2022-06-27 16:56:36,214 [dca6aaee-9331-4135-ba39-5d4da9c5694b@group-4392F390832C-LeaderElection31] INFO  impl.RoleInfo (RoleInfo.java:shutdownLeaderElection(130)) - dca6aaee-9331-4135-ba39-5d4da9c5694b: shutdown dca6aaee-9331-4135-ba39-5d4da9c5694b@group-4392F390832C-LeaderElection31
2022-06-27 16:56:36,214 [dca6aaee-9331-4135-ba39-5d4da9c5694b@group-4392F390832C-LeaderElection31] INFO  server.RaftServer$Division (RaftServerImpl.java:setRole(299)) - dca6aaee-9331-4135-ba39-5d4da9c5694b@group-4392F390832C: changes role from CANDIDATE to LEADER at term 1 for changeToLeader
2022-06-27 16:56:36,214 [dca6aaee-9331-4135-ba39-5d4da9c5694b@group-4392F390832C-LeaderElection31] INFO  ratis.XceiverServerRatis (XceiverServerRatis.java:handleLeaderChangedNotification(863)) - Leader change notification received for group: group-4392F390832C with new leaderId: dca6aaee-9331-4135-ba39-5d4da9c5694b
2022-06-27 16:56:36,214 [dca6aaee-9331-4135-ba39-5d4da9c5694b@group-4392F390832C-LeaderElection31] INFO  server.RaftServer$Division (ServerState.java:setLeader(287)) - dca6aaee-9331-4135-ba39-5d4da9c5694b@group-4392F390832C: change Leader from null to dca6aaee-9331-4135-ba39-5d4da9c5694b at term 1 for becomeLeader, leader elected after 5057ms
2022-06-27 16:56:36,215 [EventQueue-OpenPipelineForHealthyPipelineSafeModeRule] INFO  safemode.SCMSafeModeManager (HealthyPipelineSafeModeRule.java:process(124)) - SCM in safe mode. Healthy pipelines reported count is 0, required healthy pipeline reported count is 1
2022-06-27 16:56:36,215 [dca6aaee-9331-4135-ba39-5d4da9c5694b@group-4392F390832C-LeaderElection31] INFO  server.RaftServerConfigKeys (ConfUtils.java:logGet(46)) - raft.server.staging.catchup.gap = 1000 (default)
2022-06-27 16:56:36,215 [dca6aaee-9331-4135-ba39-5d4da9c5694b@group-4392F390832C-LeaderElection31] INFO  server.RaftServerConfigKeys (ConfUtils.java:logGet(46)) - raft.server.write.element-limit = 1024 (custom)
2022-06-27 16:56:36,215 [dca6aaee-9331-4135-ba39-5d4da9c5694b@group-4392F390832C-LeaderElection31] INFO  server.RaftServerConfigKeys (ConfUtils.java:logGet(46)) - raft.server.write.byte-limit = 1024 M (=1073741824) (custom)
2022-06-27 16:56:36,216 [dca6aaee-9331-4135-ba39-5d4da9c5694b@group-4392F390832C-LeaderElection31] INFO  server.RaftServerConfigKeys (ConfUtils.java:logGet(46)) - raft.server.watch.timeout = 180s (custom)
2022-06-27 16:56:36,216 [dca6aaee-9331-4135-ba39-5d4da9c5694b@group-4392F390832C-LeaderElection31] INFO  server.RaftServerConfigKeys (ConfUtils.java:logGet(46)) - raft.server.watch.timeout.denomination = 1s (default)
2022-06-27 16:56:36,216 [dca6aaee-9331-4135-ba39-5d4da9c5694b@group-4392F390832C-LeaderElection31] INFO  server.RaftServerConfigKeys (ConfUtils.java:logGet(46)) - raft.server.watch.element-limit = 65536 (default)
2022-06-27 16:56:36,216 [dca6aaee-9331-4135-ba39-5d4da9c5694b@group-4392F390832C-LeaderElection31] INFO  server.RaftServerConfigKeys (ConfUtils.java:logGet(46)) - raft.server.write.element-limit = 1024 (custom)
2022-06-27 16:56:36,216 [dca6aaee-9331-4135-ba39-5d4da9c5694b@group-4392F390832C-LeaderElection31] INFO  server.RaftServerConfigKeys (ConfUtils.java:logGet(46)) - raft.server.write.follower.gap.ratio.max = -1.0 (default)
2022-06-27 16:56:36,216 [dca6aaee-9331-4135-ba39-5d4da9c5694b@group-4392F390832C-LeaderElection31] INFO  impl.RoleInfo (RoleInfo.java:updateAndGet(139)) - dca6aaee-9331-4135-ba39-5d4da9c5694b: start dca6aaee-9331-4135-ba39-5d4da9c5694b@group-4392F390832C-LeaderStateImpl
2022-06-27 16:56:36,216 [dca6aaee-9331-4135-ba39-5d4da9c5694b@group-4392F390832C-LeaderElection31] INFO  segmented.SegmentedRaftLogWorker (SegmentedRaftLogWorker.java:startLogSegment(425)) - dca6aaee-9331-4135-ba39-5d4da9c5694b@group-4392F390832C-SegmentedRaftLogWorker: Starting segment from index:0
2022-06-27 16:56:36,217 [dca6aaee-9331-4135-ba39-5d4da9c5694b@group-4392F390832C-SegmentedRaftLogWorker] INFO  segmented.SegmentedRaftLogWorker (SegmentedRaftLogWorker.java:execute(629)) - dca6aaee-9331-4135-ba39-5d4da9c5694b@group-4392F390832C-SegmentedRaftLogWorker: created new log segment /home/runner/work/ozone/ozone/hadoop-ozone/integration-test/target/test-dir/MiniOzoneClusterImpl-66908fe7-3497-48b2-847b-81db60c5ccf5/datanode-2/data/ratis/96810261-6cd4-4f0c-ab0d-4392f390832c/current/log_inprogress_0
2022-06-27 16:56:36,225 [dca6aaee-9331-4135-ba39-5d4da9c5694b@group-4392F390832C-LeaderElection31] INFO  server.RaftServer$Division (ServerState.java:setRaftConf(393)) - dca6aaee-9331-4135-ba39-5d4da9c5694b@group-4392F390832C: set configuration 0: [dca6aaee-9331-4135-ba39-5d4da9c5694b|rpc:10.1.0.22:41117|dataStream:|priority:1], old=null
2022-06-27 16:56:36,671 [0b59cd30-60f6-4924-b4b6-f1f6b75cfaa0@group-4149BAE41C97-FollowerState] INFO  impl.FollowerState (FollowerState.java:run(143)) - 0b59cd30-60f6-4924-b4b6-f1f6b75cfaa0@group-4149BAE41C97-FollowerState: change to CANDIDATE, lastRpcElapsedTime:5013280023ns, electionTimeout:5012ms
2022-06-27 16:56:36,671 [0b59cd30-60f6-4924-b4b6-f1f6b75cfaa0@group-4149BAE41C97-FollowerState] INFO  impl.RoleInfo (RoleInfo.java:shutdownFollowerState(110)) - 0b59cd30-60f6-4924-b4b6-f1f6b75cfaa0: shutdown 0b59cd30-60f6-4924-b4b6-f1f6b75cfaa0@group-4149BAE41C97-FollowerState
2022-06-27 16:56:36,671 [0b59cd30-60f6-4924-b4b6-f1f6b75cfaa0@group-4149BAE41C97-FollowerState] INFO  server.RaftServer$Division (RaftServerImpl.java:setRole(299)) - 0b59cd30-60f6-4924-b4b6-f1f6b75cfaa0@group-4149BAE41C97: changes role from  FOLLOWER to CANDIDATE at term 0 for changeToCandidate
2022-06-27 16:56:36,671 [0b59cd30-60f6-4924-b4b6-f1f6b75cfaa0@group-4149BAE41C97-FollowerState] INFO  server.RaftServerConfigKeys (ConfUtils.java:logGet(46)) - raft.server.leaderelection.pre-vote = false (custom)
2022-06-27 16:56:36,671 [0b59cd30-60f6-4924-b4b6-f1f6b75cfaa0@group-4149BAE41C97-FollowerState] INFO  impl.RoleInfo (RoleInfo.java:updateAndGet(139)) - 0b59cd30-60f6-4924-b4b6-f1f6b75cfaa0: start 0b59cd30-60f6-4924-b4b6-f1f6b75cfaa0@group-4149BAE41C97-LeaderElection32
2022-06-27 16:56:36,690 [0b59cd30-60f6-4924-b4b6-f1f6b75cfaa0@group-4149BAE41C97-LeaderElection32] INFO  impl.LeaderElection (LeaderElection.java:askForVotes(310)) - 0b59cd30-60f6-4924-b4b6-f1f6b75cfaa0@group-4149BAE41C97-LeaderElection32 ELECTION round 0: submit vote requests at term 1 for -1: [0b59cd30-60f6-4924-b4b6-f1f6b75cfaa0|rpc:10.1.0.22:44561|priority:1], old=null
2022-06-27 16:56:36,690 [0b59cd30-60f6-4924-b4b6-f1f6b75cfaa0@group-4149BAE41C97-LeaderElection32] INFO  impl.LeaderElection (LeaderElection.java:askForVotes(312)) - 0b59cd30-60f6-4924-b4b6-f1f6b75cfaa0@group-4149BAE41C97-LeaderElection32 ELECTION round 0: result PASSED (term=1)
2022-06-27 16:56:36,690 [0b59cd30-60f6-4924-b4b6-f1f6b75cfaa0@group-4149BAE41C97-LeaderElection32] INFO  impl.RoleInfo (RoleInfo.java:shutdownLeaderElection(130)) - 0b59cd30-60f6-4924-b4b6-f1f6b75cfaa0: shutdown 0b59cd30-60f6-4924-b4b6-f1f6b75cfaa0@group-4149BAE41C97-LeaderElection32
2022-06-27 16:56:36,690 [0b59cd30-60f6-4924-b4b6-f1f6b75cfaa0@group-4149BAE41C97-LeaderElection32] INFO  server.RaftServer$Division (RaftServerImpl.java:setRole(299)) - 0b59cd30-60f6-4924-b4b6-f1f6b75cfaa0@group-4149BAE41C97: changes role from CANDIDATE to LEADER at term 1 for changeToLeader
2022-06-27 16:56:36,690 [0b59cd30-60f6-4924-b4b6-f1f6b75cfaa0@group-4149BAE41C97-LeaderElection32] INFO  ratis.XceiverServerRatis (XceiverServerRatis.java:handleLeaderChangedNotification(863)) - Leader change notification received for group: group-4149BAE41C97 with new leaderId: 0b59cd30-60f6-4924-b4b6-f1f6b75cfaa0
2022-06-27 16:56:36,691 [0b59cd30-60f6-4924-b4b6-f1f6b75cfaa0@group-4149BAE41C97-LeaderElection32] INFO  server.RaftServer$Division (ServerState.java:setLeader(287)) - 0b59cd30-60f6-4924-b4b6-f1f6b75cfaa0@group-4149BAE41C97: change Leader from null to 0b59cd30-60f6-4924-b4b6-f1f6b75cfaa0 at term 1 for becomeLeader, leader elected after 5040ms
2022-06-27 16:56:36,691 [0b59cd30-60f6-4924-b4b6-f1f6b75cfaa0@group-4149BAE41C97-LeaderElection32] INFO  server.RaftServerConfigKeys (ConfUtils.java:logGet(46)) - raft.server.staging.catchup.gap = 1000 (default)
2022-06-27 16:56:36,691 [0b59cd30-60f6-4924-b4b6-f1f6b75cfaa0@group-4149BAE41C97-LeaderElection32] INFO  server.RaftServerConfigKeys (ConfUtils.java:logGet(46)) - raft.server.write.element-limit = 1024 (custom)
2022-06-27 16:56:36,691 [0b59cd30-60f6-4924-b4b6-f1f6b75cfaa0@group-4149BAE41C97-LeaderElection32] INFO  server.RaftServerConfigKeys (ConfUtils.java:logGet(46)) - raft.server.write.byte-limit = 1024 M (=1073741824) (custom)
2022-06-27 16:56:36,691 [0b59cd30-60f6-4924-b4b6-f1f6b75cfaa0@group-4149BAE41C97-LeaderElection32] INFO  server.RaftServerConfigKeys (ConfUtils.java:logGet(46)) - raft.server.watch.timeout = 180s (custom)
2022-06-27 16:56:36,691 [0b59cd30-60f6-4924-b4b6-f1f6b75cfaa0@group-4149BAE41C97-LeaderElection32] INFO  server.RaftServerConfigKeys (ConfUtils.java:logGet(46)) - raft.server.watch.timeout.denomination = 1s (default)
2022-06-27 16:56:36,691 [0b59cd30-60f6-4924-b4b6-f1f6b75cfaa0@group-4149BAE41C97-LeaderElection32] INFO  server.RaftServerConfigKeys (ConfUtils.java:logGet(46)) - raft.server.watch.element-limit = 65536 (default)
2022-06-27 16:56:36,691 [0b59cd30-60f6-4924-b4b6-f1f6b75cfaa0@group-4149BAE41C97-LeaderElection32] INFO  server.RaftServerConfigKeys (ConfUtils.java:logGet(46)) - raft.server.write.element-limit = 1024 (custom)
2022-06-27 16:56:36,691 [0b59cd30-60f6-4924-b4b6-f1f6b75cfaa0@group-4149BAE41C97-LeaderElection32] INFO  server.RaftServerConfigKeys (ConfUtils.java:logGet(46)) - raft.server.write.follower.gap.ratio.max = -1.0 (default)
2022-06-27 16:56:36,691 [0b59cd30-60f6-4924-b4b6-f1f6b75cfaa0@group-4149BAE41C97-LeaderElection32] INFO  impl.RoleInfo (RoleInfo.java:updateAndGet(139)) - 0b59cd30-60f6-4924-b4b6-f1f6b75cfaa0: start 0b59cd30-60f6-4924-b4b6-f1f6b75cfaa0@group-4149BAE41C97-LeaderStateImpl
2022-06-27 16:56:36,692 [0b59cd30-60f6-4924-b4b6-f1f6b75cfaa0@group-4149BAE41C97-LeaderElection32] INFO  segmented.SegmentedRaftLogWorker (SegmentedRaftLogWorker.java:startLogSegment(425)) - 0b59cd30-60f6-4924-b4b6-f1f6b75cfaa0@group-4149BAE41C97-SegmentedRaftLogWorker: Starting segment from index:0
2022-06-27 16:56:36,693 [EventQueue-OpenPipelineForHealthyPipelineSafeModeRule] INFO  safemode.SCMSafeModeManager (HealthyPipelineSafeModeRule.java:process(124)) - SCM in safe mode. Healthy pipelines reported count is 0, required healthy pipeline reported count is 1
2022-06-27 16:56:36,693 [0b59cd30-60f6-4924-b4b6-f1f6b75cfaa0@group-4149BAE41C97-SegmentedRaftLogWorker] INFO  segmented.SegmentedRaftLogWorker (SegmentedRaftLogWorker.java:execute(629)) - 0b59cd30-60f6-4924-b4b6-f1f6b75cfaa0@group-4149BAE41C97-SegmentedRaftLogWorker: created new log segment /home/runner/work/ozone/ozone/hadoop-ozone/integration-test/target/test-dir/MiniOzoneClusterImpl-66908fe7-3497-48b2-847b-81db60c5ccf5/datanode-3/data/ratis/6d05dab2-786c-48d4-9a1b-4149bae41c97/current/log_inprogress_0
2022-06-27 16:56:36,695 [0b59cd30-60f6-4924-b4b6-f1f6b75cfaa0@group-4149BAE41C97-LeaderElection32] INFO  server.RaftServer$Division (ServerState.java:setRaftConf(393)) - 0b59cd30-60f6-4924-b4b6-f1f6b75cfaa0@group-4149BAE41C97: set configuration 0: [0b59cd30-60f6-4924-b4b6-f1f6b75cfaa0|rpc:10.1.0.22:44561|dataStream:|priority:1], old=null
2022-06-27 16:56:36,909 [Listener at 127.0.0.1/40407] INFO  ozone.MiniOzoneClusterImpl (MiniOzoneClusterImpl.java:lambda$waitForClusterToBeReady$0(223)) - Nodes are ready. Got 5 of 5 DN Heartbeats.
2022-06-27 16:56:36,909 [Listener at 127.0.0.1/40407] INFO  ozone.MiniOzoneClusterImpl (MiniOzoneClusterImpl.java:lambda$waitForClusterToBeReady$0(226)) - Waiting for cluster to exit safe mode
2022-06-27 16:56:36,909 [Listener at 127.0.0.1/40407] INFO  ozone.MiniOzoneClusterImpl (MiniOzoneClusterImpl.java:lambda$waitForClusterToBeReady$0(228)) - SCM became leader
2022-06-27 16:56:37,139 [0d287d21-4bad-479d-87d5-0441403d4034@group-168604BB7435-FollowerState] INFO  impl.FollowerState (FollowerState.java:run(143)) - 0d287d21-4bad-479d-87d5-0441403d4034@group-168604BB7435-FollowerState: change to CANDIDATE, lastRpcElapsedTime:5170659640ns, electionTimeout:5168ms
2022-06-27 16:56:37,139 [0d287d21-4bad-479d-87d5-0441403d4034@group-168604BB7435-FollowerState] INFO  impl.RoleInfo (RoleInfo.java:shutdownFollowerState(110)) - 0d287d21-4bad-479d-87d5-0441403d4034: shutdown 0d287d21-4bad-479d-87d5-0441403d4034@group-168604BB7435-FollowerState
2022-06-27 16:56:37,139 [0d287d21-4bad-479d-87d5-0441403d4034@group-168604BB7435-FollowerState] INFO  server.RaftServer$Division (RaftServerImpl.java:setRole(299)) - 0d287d21-4bad-479d-87d5-0441403d4034@group-168604BB7435: changes role from  FOLLOWER to CANDIDATE at term 0 for changeToCandidate
2022-06-27 16:56:37,140 [0d287d21-4bad-479d-87d5-0441403d4034@group-168604BB7435-FollowerState] INFO  server.RaftServerConfigKeys (ConfUtils.java:logGet(46)) - raft.server.leaderelection.pre-vote = false (custom)
2022-06-27 16:56:37,140 [0d287d21-4bad-479d-87d5-0441403d4034@group-168604BB7435-FollowerState] INFO  impl.RoleInfo (RoleInfo.java:updateAndGet(139)) - 0d287d21-4bad-479d-87d5-0441403d4034: start 0d287d21-4bad-479d-87d5-0441403d4034@group-168604BB7435-LeaderElection33
2022-06-27 16:56:37,154 [0d287d21-4bad-479d-87d5-0441403d4034@group-168604BB7435-LeaderElection33] INFO  impl.LeaderElection (LeaderElection.java:askForVotes(310)) - 0d287d21-4bad-479d-87d5-0441403d4034@group-168604BB7435-LeaderElection33 ELECTION round 0: submit vote requests at term 1 for -1: [0d287d21-4bad-479d-87d5-0441403d4034|rpc:10.1.0.22:40147|priority:1], old=null
2022-06-27 16:56:37,154 [0d287d21-4bad-479d-87d5-0441403d4034@group-168604BB7435-LeaderElection33] INFO  impl.LeaderElection (LeaderElection.java:askForVotes(312)) - 0d287d21-4bad-479d-87d5-0441403d4034@group-168604BB7435-LeaderElection33 ELECTION round 0: result PASSED (term=1)
2022-06-27 16:56:37,154 [0d287d21-4bad-479d-87d5-0441403d4034@group-168604BB7435-LeaderElection33] INFO  impl.RoleInfo (RoleInfo.java:shutdownLeaderElection(130)) - 0d287d21-4bad-479d-87d5-0441403d4034: shutdown 0d287d21-4bad-479d-87d5-0441403d4034@group-168604BB7435-LeaderElection33
2022-06-27 16:56:37,154 [0d287d21-4bad-479d-87d5-0441403d4034@group-168604BB7435-LeaderElection33] INFO  server.RaftServer$Division (RaftServerImpl.java:setRole(299)) - 0d287d21-4bad-479d-87d5-0441403d4034@group-168604BB7435: changes role from CANDIDATE to LEADER at term 1 for changeToLeader
2022-06-27 16:56:37,154 [0d287d21-4bad-479d-87d5-0441403d4034@group-168604BB7435-LeaderElection33] INFO  ratis.XceiverServerRatis (XceiverServerRatis.java:handleLeaderChangedNotification(863)) - Leader change notification received for group: group-168604BB7435 with new leaderId: 0d287d21-4bad-479d-87d5-0441403d4034
2022-06-27 16:56:37,155 [0d287d21-4bad-479d-87d5-0441403d4034@group-168604BB7435-LeaderElection33] INFO  server.RaftServer$Division (ServerState.java:setLeader(287)) - 0d287d21-4bad-479d-87d5-0441403d4034@group-168604BB7435: change Leader from null to 0d287d21-4bad-479d-87d5-0441403d4034 at term 1 for becomeLeader, leader elected after 5200ms
2022-06-27 16:56:37,155 [0d287d21-4bad-479d-87d5-0441403d4034@group-168604BB7435-LeaderElection33] INFO  server.RaftServerConfigKeys (ConfUtils.java:logGet(46)) - raft.server.staging.catchup.gap = 1000 (default)
2022-06-27 16:56:37,155 [0d287d21-4bad-479d-87d5-0441403d4034@group-168604BB7435-LeaderElection33] INFO  server.RaftServerConfigKeys (ConfUtils.java:logGet(46)) - raft.server.write.element-limit = 1024 (custom)
2022-06-27 16:56:37,155 [0d287d21-4bad-479d-87d5-0441403d4034@group-168604BB7435-LeaderElection33] INFO  server.RaftServerConfigKeys (ConfUtils.java:logGet(46)) - raft.server.write.byte-limit = 1024 M (=1073741824) (custom)
2022-06-27 16:56:37,155 [0d287d21-4bad-479d-87d5-0441403d4034@group-168604BB7435-LeaderElection33] INFO  server.RaftServerConfigKeys (ConfUtils.java:logGet(46)) - raft.server.watch.timeout = 180s (custom)
2022-06-27 16:56:37,155 [0d287d21-4bad-479d-87d5-0441403d4034@group-168604BB7435-LeaderElection33] INFO  server.RaftServerConfigKeys (ConfUtils.java:logGet(46)) - raft.server.watch.timeout.denomination = 1s (default)
2022-06-27 16:56:37,155 [0d287d21-4bad-479d-87d5-0441403d4034@group-168604BB7435-LeaderElection33] INFO  server.RaftServerConfigKeys (ConfUtils.java:logGet(46)) - raft.server.watch.element-limit = 65536 (default)
2022-06-27 16:56:37,155 [0d287d21-4bad-479d-87d5-0441403d4034@group-168604BB7435-LeaderElection33] INFO  server.RaftServerConfigKeys (ConfUtils.java:logGet(46)) - raft.server.write.element-limit = 1024 (custom)
2022-06-27 16:56:37,156 [0d287d21-4bad-479d-87d5-0441403d4034@group-168604BB7435-LeaderElection33] INFO  server.RaftServerConfigKeys (ConfUtils.java:logGet(46)) - raft.server.write.follower.gap.ratio.max = -1.0 (default)
2022-06-27 16:56:37,156 [0d287d21-4bad-479d-87d5-0441403d4034@group-168604BB7435-LeaderElection33] INFO  impl.RoleInfo (RoleInfo.java:updateAndGet(139)) - 0d287d21-4bad-479d-87d5-0441403d4034: start 0d287d21-4bad-479d-87d5-0441403d4034@group-168604BB7435-LeaderStateImpl
2022-06-27 16:56:37,156 [0d287d21-4bad-479d-87d5-0441403d4034@group-168604BB7435-LeaderElection33] INFO  segmented.SegmentedRaftLogWorker (SegmentedRaftLogWorker.java:startLogSegment(425)) - 0d287d21-4bad-479d-87d5-0441403d4034@group-168604BB7435-SegmentedRaftLogWorker: Starting segment from index:0
2022-06-27 16:56:37,157 [0d287d21-4bad-479d-87d5-0441403d4034@group-168604BB7435-SegmentedRaftLogWorker] INFO  segmented.SegmentedRaftLogWorker (SegmentedRaftLogWorker.java:execute(629)) - 0d287d21-4bad-479d-87d5-0441403d4034@group-168604BB7435-SegmentedRaftLogWorker: created new log segment /home/runner/work/ozone/ozone/hadoop-ozone/integration-test/target/test-dir/MiniOzoneClusterImpl-66908fe7-3497-48b2-847b-81db60c5ccf5/datanode-4/data/ratis/7495f7e2-7340-43c6-a564-168604bb7435/current/log_inprogress_0
2022-06-27 16:56:37,158 [EventQueue-OpenPipelineForHealthyPipelineSafeModeRule] INFO  safemode.SCMSafeModeManager (HealthyPipelineSafeModeRule.java:process(124)) - SCM in safe mode. Healthy pipelines reported count is 0, required healthy pipeline reported count is 1
2022-06-27 16:56:37,175 [0d287d21-4bad-479d-87d5-0441403d4034@group-168604BB7435-LeaderElection33] INFO  server.RaftServer$Division (ServerState.java:setRaftConf(393)) - 0d287d21-4bad-479d-87d5-0441403d4034@group-168604BB7435: set configuration 0: [0d287d21-4bad-479d-87d5-0441403d4034|rpc:10.1.0.22:40147|dataStream:|priority:1], old=null
2022-06-27 16:56:37,909 [Listener at 127.0.0.1/40407] INFO  ozone.MiniOzoneClusterImpl (MiniOzoneClusterImpl.java:lambda$waitForClusterToBeReady$0(223)) - Nodes are ready. Got 5 of 5 DN Heartbeats.
2022-06-27 16:56:37,909 [Listener at 127.0.0.1/40407] INFO  ozone.MiniOzoneClusterImpl (MiniOzoneClusterImpl.java:lambda$waitForClusterToBeReady$0(226)) - Waiting for cluster to exit safe mode
2022-06-27 16:56:37,909 [Listener at 127.0.0.1/40407] INFO  ozone.MiniOzoneClusterImpl (MiniOzoneClusterImpl.java:lambda$waitForClusterToBeReady$0(228)) - SCM became leader
2022-06-27 16:56:38,910 [Listener at 127.0.0.1/40407] INFO  ozone.MiniOzoneClusterImpl (MiniOzoneClusterImpl.java:lambda$waitForClusterToBeReady$0(223)) - Nodes are ready. Got 5 of 5 DN Heartbeats.
2022-06-27 16:56:38,910 [Listener at 127.0.0.1/40407] INFO  ozone.MiniOzoneClusterImpl (MiniOzoneClusterImpl.java:lambda$waitForClusterToBeReady$0(226)) - Waiting for cluster to exit safe mode
2022-06-27 16:56:38,910 [Listener at 127.0.0.1/40407] INFO  ozone.MiniOzoneClusterImpl (MiniOzoneClusterImpl.java:lambda$waitForClusterToBeReady$0(228)) - SCM became leader
2022-06-27 16:56:39,910 [Listener at 127.0.0.1/40407] INFO  ozone.MiniOzoneClusterImpl (MiniOzoneClusterImpl.java:lambda$waitForClusterToBeReady$0(223)) - Nodes are ready. Got 5 of 5 DN Heartbeats.
2022-06-27 16:56:39,910 [Listener at 127.0.0.1/40407] INFO  ozone.MiniOzoneClusterImpl (MiniOzoneClusterImpl.java:lambda$waitForClusterToBeReady$0(226)) - Waiting for cluster to exit safe mode
2022-06-27 16:56:39,911 [Listener at 127.0.0.1/40407] INFO  ozone.MiniOzoneClusterImpl (MiniOzoneClusterImpl.java:lambda$waitForClusterToBeReady$0(228)) - SCM became leader
2022-06-27 16:56:40,506 [bc887f2d-be8a-4785-be83-b8a81978c60b@group-0B60ABD16714-FollowerState] INFO  impl.FollowerState (FollowerState.java:run(143)) - bc887f2d-be8a-4785-be83-b8a81978c60b@group-0B60ABD16714-FollowerState: change to CANDIDATE, lastRpcElapsedTime:5028738257ns, electionTimeout:5021ms
2022-06-27 16:56:40,507 [bc887f2d-be8a-4785-be83-b8a81978c60b@group-0B60ABD16714-FollowerState] INFO  impl.RoleInfo (RoleInfo.java:shutdownFollowerState(110)) - bc887f2d-be8a-4785-be83-b8a81978c60b: shutdown bc887f2d-be8a-4785-be83-b8a81978c60b@group-0B60ABD16714-FollowerState
2022-06-27 16:56:40,507 [bc887f2d-be8a-4785-be83-b8a81978c60b@group-0B60ABD16714-FollowerState] INFO  server.RaftServer$Division (RaftServerImpl.java:setRole(299)) - bc887f2d-be8a-4785-be83-b8a81978c60b@group-0B60ABD16714: changes role from  FOLLOWER to CANDIDATE at term 1 for changeToCandidate
2022-06-27 16:56:40,507 [bc887f2d-be8a-4785-be83-b8a81978c60b@group-0B60ABD16714-FollowerState] INFO  server.RaftServerConfigKeys (ConfUtils.java:logGet(46)) - raft.server.leaderelection.pre-vote = false (custom)
2022-06-27 16:56:40,507 [bc887f2d-be8a-4785-be83-b8a81978c60b@group-0B60ABD16714-FollowerState] INFO  impl.RoleInfo (RoleInfo.java:updateAndGet(139)) - bc887f2d-be8a-4785-be83-b8a81978c60b: start bc887f2d-be8a-4785-be83-b8a81978c60b@group-0B60ABD16714-LeaderElection34
2022-06-27 16:56:40,522 [bc887f2d-be8a-4785-be83-b8a81978c60b@group-0B60ABD16714-LeaderElection34] INFO  impl.LeaderElection (LeaderElection.java:askForVotes(310)) - bc887f2d-be8a-4785-be83-b8a81978c60b@group-0B60ABD16714-LeaderElection34 ELECTION round 0: submit vote requests at term 2 for -1: [bc887f2d-be8a-4785-be83-b8a81978c60b|rpc:10.1.0.22:35037|dataStream:|priority:1, dca6aaee-9331-4135-ba39-5d4da9c5694b|rpc:10.1.0.22:41117|dataStream:|priority:0, 3de1546c-8c2e-4aa4-a8af-42deb78e6291|rpc:10.1.0.22:34197|dataStream:|priority:0], old=null
2022-06-27 16:56:40,553 [grpc-default-executor-0] INFO  server.RaftServer$Division (RaftServerImpl.java:requestVote(1152)) - dca6aaee-9331-4135-ba39-5d4da9c5694b@group-0B60ABD16714: receive requestVote(ELECTION, bc887f2d-be8a-4785-be83-b8a81978c60b, group-0B60ABD16714, 2, (t:0, i:0))
2022-06-27 16:56:40,554 [grpc-default-executor-0] INFO  impl.VoteContext (VoteContext.java:log(48)) - dca6aaee-9331-4135-ba39-5d4da9c5694b@group-0B60ABD16714-FOLLOWER: accept ELECTION from bc887f2d-be8a-4785-be83-b8a81978c60b: our priority 0 <= candidate's priority 1
2022-06-27 16:56:40,554 [grpc-default-executor-0] INFO  server.RaftServer$Division (RaftServerImpl.java:setRole(299)) - dca6aaee-9331-4135-ba39-5d4da9c5694b@group-0B60ABD16714: changes role from  FOLLOWER to FOLLOWER at term 2 for candidate:bc887f2d-be8a-4785-be83-b8a81978c60b
2022-06-27 16:56:40,554 [grpc-default-executor-0] INFO  impl.RoleInfo (RoleInfo.java:shutdownFollowerState(110)) - dca6aaee-9331-4135-ba39-5d4da9c5694b: shutdown dca6aaee-9331-4135-ba39-5d4da9c5694b@group-0B60ABD16714-FollowerState
2022-06-27 16:56:40,554 [grpc-default-executor-0] INFO  impl.RoleInfo (RoleInfo.java:updateAndGet(139)) - dca6aaee-9331-4135-ba39-5d4da9c5694b: start dca6aaee-9331-4135-ba39-5d4da9c5694b@group-0B60ABD16714-FollowerState
2022-06-27 16:56:40,554 [dca6aaee-9331-4135-ba39-5d4da9c5694b@group-0B60ABD16714-FollowerState] INFO  impl.FollowerState (FollowerState.java:run(152)) - dca6aaee-9331-4135-ba39-5d4da9c5694b@group-0B60ABD16714-FollowerState was interrupted
2022-06-27 16:56:40,577 [grpc-default-executor-0] INFO  server.RaftServer$Division (RaftServerImpl.java:requestVote(1184)) - dca6aaee-9331-4135-ba39-5d4da9c5694b@group-0B60ABD16714 replies to ELECTION vote request: bc887f2d-be8a-4785-be83-b8a81978c60b<-dca6aaee-9331-4135-ba39-5d4da9c5694b#0:OK-t2. Peer's state: dca6aaee-9331-4135-ba39-5d4da9c5694b@group-0B60ABD16714:t2, leader=null, voted=bc887f2d-be8a-4785-be83-b8a81978c60b, raftlog=dca6aaee-9331-4135-ba39-5d4da9c5694b@group-0B60ABD16714-SegmentedRaftLog:OPENED:c-1, conf=-1: [bc887f2d-be8a-4785-be83-b8a81978c60b|rpc:10.1.0.22:35037|dataStream:|priority:1, dca6aaee-9331-4135-ba39-5d4da9c5694b|rpc:10.1.0.22:41117|dataStream:|priority:0, 3de1546c-8c2e-4aa4-a8af-42deb78e6291|rpc:10.1.0.22:34197|dataStream:|priority:0], old=null
2022-06-27 16:56:40,579 [bc887f2d-be8a-4785-be83-b8a81978c60b@group-0B60ABD16714-LeaderElection34] INFO  impl.LeaderElection (LeaderElection.java:logAndReturn(90)) - bc887f2d-be8a-4785-be83-b8a81978c60b@group-0B60ABD16714-LeaderElection34: ELECTION PASSED received 1 response(s) and 0 exception(s):
2022-06-27 16:56:40,579 [bc887f2d-be8a-4785-be83-b8a81978c60b@group-0B60ABD16714-LeaderElection34] INFO  impl.LeaderElection (LeaderElection.java:logAndReturn(94)) -   Response 0: bc887f2d-be8a-4785-be83-b8a81978c60b<-dca6aaee-9331-4135-ba39-5d4da9c5694b#0:OK-t2
2022-06-27 16:56:40,579 [bc887f2d-be8a-4785-be83-b8a81978c60b@group-0B60ABD16714-LeaderElection34] INFO  impl.LeaderElection (LeaderElection.java:askForVotes(312)) - bc887f2d-be8a-4785-be83-b8a81978c60b@group-0B60ABD16714-LeaderElection34 ELECTION round 0: result PASSED
2022-06-27 16:56:40,580 [bc887f2d-be8a-4785-be83-b8a81978c60b@group-0B60ABD16714-LeaderElection34] INFO  impl.RoleInfo (RoleInfo.java:shutdownLeaderElection(130)) - bc887f2d-be8a-4785-be83-b8a81978c60b: shutdown bc887f2d-be8a-4785-be83-b8a81978c60b@group-0B60ABD16714-LeaderElection34
2022-06-27 16:56:40,580 [bc887f2d-be8a-4785-be83-b8a81978c60b@group-0B60ABD16714-LeaderElection34] INFO  server.RaftServer$Division (RaftServerImpl.java:setRole(299)) - bc887f2d-be8a-4785-be83-b8a81978c60b@group-0B60ABD16714: changes role from CANDIDATE to LEADER at term 2 for changeToLeader
2022-06-27 16:56:40,580 [bc887f2d-be8a-4785-be83-b8a81978c60b@group-0B60ABD16714-LeaderElection34] INFO  ratis.XceiverServerRatis (XceiverServerRatis.java:handleLeaderChangedNotification(863)) - Leader change notification received for group: group-0B60ABD16714 with new leaderId: bc887f2d-be8a-4785-be83-b8a81978c60b
2022-06-27 16:56:40,580 [bc887f2d-be8a-4785-be83-b8a81978c60b@group-0B60ABD16714-LeaderElection34] INFO  server.RaftServer$Division (ServerState.java:setLeader(287)) - bc887f2d-be8a-4785-be83-b8a81978c60b@group-0B60ABD16714: change Leader from null to bc887f2d-be8a-4785-be83-b8a81978c60b at term 2 for becomeLeader, leader elected after 10208ms
2022-06-27 16:56:40,580 [bc887f2d-be8a-4785-be83-b8a81978c60b@group-0B60ABD16714-LeaderElection34] INFO  server.RaftServerConfigKeys (ConfUtils.java:logGet(46)) - raft.server.staging.catchup.gap = 1000 (default)
2022-06-27 16:56:40,580 [bc887f2d-be8a-4785-be83-b8a81978c60b@group-0B60ABD16714-LeaderElection34] INFO  server.RaftServerConfigKeys (ConfUtils.java:logGet(46)) - raft.server.write.element-limit = 1024 (custom)
2022-06-27 16:56:40,580 [bc887f2d-be8a-4785-be83-b8a81978c60b@group-0B60ABD16714-LeaderElection34] INFO  server.RaftServerConfigKeys (ConfUtils.java:logGet(46)) - raft.server.write.byte-limit = 1024 M (=1073741824) (custom)
2022-06-27 16:56:40,580 [bc887f2d-be8a-4785-be83-b8a81978c60b@group-0B60ABD16714-LeaderElection34] INFO  server.RaftServerConfigKeys (ConfUtils.java:logGet(46)) - raft.server.watch.timeout = 180s (custom)
2022-06-27 16:56:40,580 [bc887f2d-be8a-4785-be83-b8a81978c60b@group-0B60ABD16714-LeaderElection34] INFO  server.RaftServerConfigKeys (ConfUtils.java:logGet(46)) - raft.server.watch.timeout.denomination = 1s (default)
2022-06-27 16:56:40,580 [bc887f2d-be8a-4785-be83-b8a81978c60b@group-0B60ABD16714-LeaderElection34] INFO  server.RaftServerConfigKeys (ConfUtils.java:logGet(46)) - raft.server.watch.element-limit = 65536 (default)
2022-06-27 16:56:40,580 [bc887f2d-be8a-4785-be83-b8a81978c60b@group-0B60ABD16714-LeaderElection34] INFO  server.RaftServerConfigKeys (ConfUtils.java:logGet(46)) - raft.server.write.element-limit = 1024 (custom)
2022-06-27 16:56:40,580 [bc887f2d-be8a-4785-be83-b8a81978c60b@group-0B60ABD16714-LeaderElection34] INFO  server.RaftServerConfigKeys (ConfUtils.java:logGet(46)) - raft.server.write.follower.gap.ratio.max = -1.0 (default)
2022-06-27 16:56:40,581 [bc887f2d-be8a-4785-be83-b8a81978c60b@group-0B60ABD16714-LeaderElection34] INFO  server.RaftServerConfigKeys (ConfUtils.java:logGet(46)) - raft.server.log.appender.snapshot.chunk.size.max = 16MB (=16777216) (default)
2022-06-27 16:56:40,581 [bc887f2d-be8a-4785-be83-b8a81978c60b@group-0B60ABD16714-LeaderElection34] INFO  server.RaftServerConfigKeys (ConfUtils.java:logGet(46)) - raft.server.log.appender.buffer.byte-limit = 33554432 (custom)
2022-06-27 16:56:40,581 [bc887f2d-be8a-4785-be83-b8a81978c60b@group-0B60ABD16714-LeaderElection34] INFO  server.RaftServerConfigKeys (ConfUtils.java:logGet(46)) - raft.server.log.appender.buffer.element-limit = 1 (custom)
2022-06-27 16:56:40,581 [bc887f2d-be8a-4785-be83-b8a81978c60b@group-0B60ABD16714-LeaderElection34] INFO  grpc.GrpcConfigKeys (ConfUtils.java:logGet(46)) - raft.grpc.server.leader.outstanding.appends.max = 128 (default)
2022-06-27 16:56:40,581 [bc887f2d-be8a-4785-be83-b8a81978c60b@group-0B60ABD16714-LeaderElection34] INFO  server.RaftServerConfigKeys (ConfUtils.java:logGet(46)) - raft.server.rpc.request.timeout = 60s (custom)
2022-06-27 16:56:40,581 [bc887f2d-be8a-4785-be83-b8a81978c60b@group-0B60ABD16714-LeaderElection34] INFO  server.RaftServerConfigKeys (ConfUtils.java:logGet(46)) - raft.server.log.appender.install.snapshot.enabled = false (custom)
2022-06-27 16:56:40,582 [bc887f2d-be8a-4785-be83-b8a81978c60b@group-0B60ABD16714-LeaderElection34] INFO  server.RaftServerConfigKeys (ConfUtils.java:logGet(46)) - raft.server.log.appender.snapshot.chunk.size.max = 16MB (=16777216) (default)
2022-06-27 16:56:40,582 [bc887f2d-be8a-4785-be83-b8a81978c60b@group-0B60ABD16714-LeaderElection34] INFO  server.RaftServerConfigKeys (ConfUtils.java:logGet(46)) - raft.server.log.appender.buffer.byte-limit = 33554432 (custom)
2022-06-27 16:56:40,582 [bc887f2d-be8a-4785-be83-b8a81978c60b@group-0B60ABD16714-LeaderElection34] INFO  server.RaftServerConfigKeys (ConfUtils.java:logGet(46)) - raft.server.log.appender.buffer.element-limit = 1 (custom)
2022-06-27 16:56:40,582 [bc887f2d-be8a-4785-be83-b8a81978c60b@group-0B60ABD16714-LeaderElection34] INFO  grpc.GrpcConfigKeys (ConfUtils.java:logGet(46)) - raft.grpc.server.leader.outstanding.appends.max = 128 (default)
2022-06-27 16:56:40,582 [bc887f2d-be8a-4785-be83-b8a81978c60b@group-0B60ABD16714-LeaderElection34] INFO  server.RaftServerConfigKeys (ConfUtils.java:logGet(46)) - raft.server.rpc.request.timeout = 60s (custom)
2022-06-27 16:56:40,582 [bc887f2d-be8a-4785-be83-b8a81978c60b@group-0B60ABD16714-LeaderElection34] INFO  server.RaftServerConfigKeys (ConfUtils.java:logGet(46)) - raft.server.log.appender.install.snapshot.enabled = false (custom)
2022-06-27 16:56:40,583 [bc887f2d-be8a-4785-be83-b8a81978c60b@group-0B60ABD16714-LeaderElection34] INFO  impl.RoleInfo (RoleInfo.java:updateAndGet(139)) - bc887f2d-be8a-4785-be83-b8a81978c60b: start bc887f2d-be8a-4785-be83-b8a81978c60b@group-0B60ABD16714-LeaderStateImpl
2022-06-27 16:56:40,583 [bc887f2d-be8a-4785-be83-b8a81978c60b@group-0B60ABD16714-LeaderElection34] INFO  segmented.SegmentedRaftLogWorker (SegmentedRaftLogWorker.java:startLogSegment(425)) - bc887f2d-be8a-4785-be83-b8a81978c60b@group-0B60ABD16714-SegmentedRaftLogWorker: Starting segment from index:0
2022-06-27 16:56:40,594 [bc887f2d-be8a-4785-be83-b8a81978c60b@group-0B60ABD16714-SegmentedRaftLogWorker] INFO  segmented.SegmentedRaftLogWorker (SegmentedRaftLogWorker.java:execute(629)) - bc887f2d-be8a-4785-be83-b8a81978c60b@group-0B60ABD16714-SegmentedRaftLogWorker: created new log segment /home/runner/work/ozone/ozone/hadoop-ozone/integration-test/target/test-dir/MiniOzoneClusterImpl-66908fe7-3497-48b2-847b-81db60c5ccf5/datanode-1/data/ratis/589459f4-e877-4ea0-b925-0b60abd16714/current/log_inprogress_0
2022-06-27 16:56:40,601 [bc887f2d-be8a-4785-be83-b8a81978c60b@group-0B60ABD16714-LeaderElection34] INFO  server.RaftServer$Division (ServerState.java:setRaftConf(393)) - bc887f2d-be8a-4785-be83-b8a81978c60b@group-0B60ABD16714: set configuration 0: [bc887f2d-be8a-4785-be83-b8a81978c60b|rpc:10.1.0.22:35037|dataStream:|priority:1, dca6aaee-9331-4135-ba39-5d4da9c5694b|rpc:10.1.0.22:41117|dataStream:|priority:0, 3de1546c-8c2e-4aa4-a8af-42deb78e6291|rpc:10.1.0.22:34197|dataStream:|priority:0], old=null
2022-06-27 16:56:40,601 [EventQueue-PipelineReportForPipelineReportHandler] INFO  pipeline.PipelineManagerImpl (PipelineManagerImpl.java:openPipeline(358)) - Pipeline Pipeline[ Id: 589459f4-e877-4ea0-b925-0b60abd16714, Nodes: bc887f2d-be8a-4785-be83-b8a81978c60b{ip: 10.1.0.22, host: fv-az215-30.fk02tkdpp51uda4i120yanydqb.bx.internal.cloudapp.net, ports: [REPLICATION=44797, RATIS=35037, RATIS_ADMIN=35037, RATIS_SERVER=35037, STANDALONE=46851], networkLocation: /default-rack, certSerialId: null, persistedOpState: IN_SERVICE, persistedOpStateExpiryEpochSec: 0}dca6aaee-9331-4135-ba39-5d4da9c5694b{ip: 10.1.0.22, host: fv-az215-30.fk02tkdpp51uda4i120yanydqb.bx.internal.cloudapp.net, ports: [REPLICATION=37795, RATIS=41117, RATIS_ADMIN=41117, RATIS_SERVER=41117, STANDALONE=44043], networkLocation: /default-rack, certSerialId: null, persistedOpState: IN_SERVICE, persistedOpStateExpiryEpochSec: 0}3de1546c-8c2e-4aa4-a8af-42deb78e6291{ip: 10.1.0.22, host: fv-az215-30.fk02tkdpp51uda4i120yanydqb.bx.internal.cloudapp.net, ports: [REPLICATION=45315, RATIS=34197, RATIS_ADMIN=34197, RATIS_SERVER=34197, STANDALONE=42751], networkLocation: /default-rack, certSerialId: null, persistedOpState: IN_SERVICE, persistedOpStateExpiryEpochSec: 0}, ReplicationConfig: RATIS/THREE, State:ALLOCATED, leaderId:bc887f2d-be8a-4785-be83-b8a81978c60b, CreationTimestamp2022-06-27T16:56:28.160Z[Etc/UTC]] moved to OPEN state
2022-06-27 16:56:40,608 [EventQueue-OpenPipelineForHealthyPipelineSafeModeRule] INFO  safemode.SCMSafeModeManager (HealthyPipelineSafeModeRule.java:process(124)) - SCM in safe mode. Healthy pipelines reported count is 1, required healthy pipeline reported count is 1
2022-06-27 16:56:40,608 [EventQueue-OpenPipelineForHealthyPipelineSafeModeRule] INFO  safemode.SCMSafeModeManager (SCMSafeModeManager.java:validateSafeModeExitRules(204)) - HealthyPipelineSafeModeRule rule is successfully validated
2022-06-27 16:56:40,608 [EventQueue-OpenPipelineForHealthyPipelineSafeModeRule] INFO  safemode.SCMSafeModeManager (SCMSafeModeManager.java:validateSafeModeExitRules(219)) - ScmSafeModeManager, all rules are successfully validated
2022-06-27 16:56:40,608 [EventQueue-OpenPipelineForHealthyPipelineSafeModeRule] INFO  safemode.SCMSafeModeManager (SCMSafeModeManager.java:exitSafeMode(248)) - SCM exiting safe mode.
2022-06-27 16:56:40,608 [EventQueue-OpenPipelineForHealthyPipelineSafeModeRule] WARN  events.EventQueue (EventQueue.java:fireEvent(216)) - No event handler registered for event TypedEvent{payloadType=SafeModeStatus, name='Safe mode status'}
2022-06-27 16:56:40,608 [EventQueue-OpenPipelineForHealthyPipelineSafeModeRule] INFO  ha.SCMContext (SCMContext.java:updateSafeModeStatus(228)) - Update SafeModeStatus from SafeModeStatus{safeModeStatus=true, preCheckPassed=true} to SafeModeStatus{safeModeStatus=false, preCheckPassed=true}.
2022-06-27 16:56:40,608 [EventQueue-OpenPipelineForHealthyPipelineSafeModeRule] INFO  pipeline.BackgroundPipelineCreator (BackgroundPipelineCreator.java:notifyStatusChanged(253)) - Service BackgroundPipelineCreator transitions to RUNNING.
2022-06-27 16:56:40,608 [EventQueue-OpenPipelineForHealthyPipelineSafeModeRule] INFO  BackgroundPipelineScrubber (BackgroundSCMService.java:notifyStatusChanged(82)) - Service BackgroundPipelineScrubber transitions to RUNNING.
2022-06-27 16:56:40,608 [EventQueue-OpenPipelineForHealthyPipelineSafeModeRule] INFO  ExpiredContainerReplicaOpScrubber (BackgroundSCMService.java:notifyStatusChanged(82)) - Service ExpiredContainerReplicaOpScrubber transitions to RUNNING.
2022-06-27 16:56:40,608 [EventQueue-OpenPipelineForHealthyPipelineSafeModeRule] INFO  replication.ReplicationManager (ReplicationManager.java:notifyStatusChanged(420)) - Service ReplicationManager transitions to RUNNING.
2022-06-27 16:56:40,608 [EventQueue-OpenPipelineForHealthyPipelineSafeModeRule] WARN  balancer.ContainerBalancer (ContainerBalancer.java:shouldRun(875)) - Could not find persisted configuration for ContainerBalancer when checking if ContainerBalancer should run. ContainerBalancer should not run now.
2022-06-27 16:56:40,622 [3de1546c-8c2e-4aa4-a8af-42deb78e6291-server-thread1] INFO  ratis.XceiverServerRatis (XceiverServerRatis.java:handleLeaderChangedNotification(863)) - Leader change notification received for group: group-0B60ABD16714 with new leaderId: bc887f2d-be8a-4785-be83-b8a81978c60b
2022-06-27 16:56:40,623 [3de1546c-8c2e-4aa4-a8af-42deb78e6291-server-thread1] INFO  server.RaftServer$Division (ServerState.java:setLeader(287)) - 3de1546c-8c2e-4aa4-a8af-42deb78e6291@group-0B60ABD16714: change Leader from null to bc887f2d-be8a-4785-be83-b8a81978c60b at term 2 for appendEntries, leader elected after 10373ms
2022-06-27 16:56:40,629 [grpc-default-executor-2] INFO  server.RaftServer$Division (RaftServerImpl.java:requestVote(1152)) - 3de1546c-8c2e-4aa4-a8af-42deb78e6291@group-0B60ABD16714: receive requestVote(ELECTION, bc887f2d-be8a-4785-be83-b8a81978c60b, group-0B60ABD16714, 2, (t:0, i:0))
2022-06-27 16:56:40,630 [grpc-default-executor-2] INFO  impl.VoteContext (VoteContext.java:log(48)) - 3de1546c-8c2e-4aa4-a8af-42deb78e6291@group-0B60ABD16714-FOLLOWER: reject ELECTION from bc887f2d-be8a-4785-be83-b8a81978c60b: this server is a follower and still has a valid leader bc887f2d-be8a-4785-be83-b8a81978c60b
2022-06-27 16:56:40,630 [grpc-default-executor-2] INFO  server.RaftServer$Division (RaftServerImpl.java:requestVote(1184)) - 3de1546c-8c2e-4aa4-a8af-42deb78e6291@group-0B60ABD16714 replies to ELECTION vote request: bc887f2d-be8a-4785-be83-b8a81978c60b<-3de1546c-8c2e-4aa4-a8af-42deb78e6291#0:FAIL-t2. Peer's state: 3de1546c-8c2e-4aa4-a8af-42deb78e6291@group-0B60ABD16714:t2, leader=bc887f2d-be8a-4785-be83-b8a81978c60b, voted=null, raftlog=3de1546c-8c2e-4aa4-a8af-42deb78e6291@group-0B60ABD16714-SegmentedRaftLog:OPENED:c-1, conf=-1: [bc887f2d-be8a-4785-be83-b8a81978c60b|rpc:10.1.0.22:35037|priority:1, dca6aaee-9331-4135-ba39-5d4da9c5694b|rpc:10.1.0.22:41117|priority:0, 3de1546c-8c2e-4aa4-a8af-42deb78e6291|rpc:10.1.0.22:34197|priority:0], old=null
2022-06-27 16:56:40,642 [dca6aaee-9331-4135-ba39-5d4da9c5694b-server-thread1] INFO  ratis.XceiverServerRatis (XceiverServerRatis.java:handleLeaderChangedNotification(863)) - Leader change notification received for group: group-0B60ABD16714 with new leaderId: bc887f2d-be8a-4785-be83-b8a81978c60b
2022-06-27 16:56:40,642 [dca6aaee-9331-4135-ba39-5d4da9c5694b-server-thread1] INFO  server.RaftServer$Division (ServerState.java:setLeader(287)) - dca6aaee-9331-4135-ba39-5d4da9c5694b@group-0B60ABD16714: change Leader from null to bc887f2d-be8a-4785-be83-b8a81978c60b at term 2 for appendEntries, leader elected after 10194ms
2022-06-27 16:56:40,692 [dca6aaee-9331-4135-ba39-5d4da9c5694b-server-thread1] INFO  server.RaftServer$Division (ServerState.java:setRaftConf(393)) - dca6aaee-9331-4135-ba39-5d4da9c5694b@group-0B60ABD16714: set configuration 0: [bc887f2d-be8a-4785-be83-b8a81978c60b|rpc:10.1.0.22:35037|dataStream:|priority:1, dca6aaee-9331-4135-ba39-5d4da9c5694b|rpc:10.1.0.22:41117|dataStream:|priority:0, 3de1546c-8c2e-4aa4-a8af-42deb78e6291|rpc:10.1.0.22:34197|dataStream:|priority:0], old=null
2022-06-27 16:56:40,693 [dca6aaee-9331-4135-ba39-5d4da9c5694b-server-thread1] INFO  segmented.SegmentedRaftLogWorker (SegmentedRaftLogWorker.java:startLogSegment(425)) - dca6aaee-9331-4135-ba39-5d4da9c5694b@group-0B60ABD16714-SegmentedRaftLogWorker: Starting segment from index:0
2022-06-27 16:56:40,693 [bc887f2d-be8a-4785-be83-b8a81978c60b@group-AFCDA00B9A33-FollowerState] INFO  impl.FollowerState (FollowerState.java:run(143)) - bc887f2d-be8a-4785-be83-b8a81978c60b@group-AFCDA00B9A33-FollowerState: change to CANDIDATE, lastRpcElapsedTime:5155374080ns, electionTimeout:5144ms
2022-06-27 16:56:40,693 [bc887f2d-be8a-4785-be83-b8a81978c60b@group-AFCDA00B9A33-FollowerState] INFO  impl.RoleInfo (RoleInfo.java:shutdownFollowerState(110)) - bc887f2d-be8a-4785-be83-b8a81978c60b: shutdown bc887f2d-be8a-4785-be83-b8a81978c60b@group-AFCDA00B9A33-FollowerState
2022-06-27 16:56:40,693 [bc887f2d-be8a-4785-be83-b8a81978c60b@group-AFCDA00B9A33-FollowerState] INFO  server.RaftServer$Division (RaftServerImpl.java:setRole(299)) - bc887f2d-be8a-4785-be83-b8a81978c60b@group-AFCDA00B9A33: changes role from  FOLLOWER to CANDIDATE at term 1 for changeToCandidate
2022-06-27 16:56:40,693 [bc887f2d-be8a-4785-be83-b8a81978c60b@group-AFCDA00B9A33-FollowerState] INFO  server.RaftServerConfigKeys (ConfUtils.java:logGet(46)) - raft.server.leaderelection.pre-vote = false (custom)
2022-06-27 16:56:40,693 [bc887f2d-be8a-4785-be83-b8a81978c60b@group-AFCDA00B9A33-FollowerState] INFO  impl.RoleInfo (RoleInfo.java:updateAndGet(139)) - bc887f2d-be8a-4785-be83-b8a81978c60b: start bc887f2d-be8a-4785-be83-b8a81978c60b@group-AFCDA00B9A33-LeaderElection35
2022-06-27 16:56:40,694 [dca6aaee-9331-4135-ba39-5d4da9c5694b@group-0B60ABD16714-SegmentedRaftLogWorker] INFO  segmented.SegmentedRaftLogWorker (SegmentedRaftLogWorker.java:execute(629)) - dca6aaee-9331-4135-ba39-5d4da9c5694b@group-0B60ABD16714-SegmentedRaftLogWorker: created new log segment /home/runner/work/ozone/ozone/hadoop-ozone/integration-test/target/test-dir/MiniOzoneClusterImpl-66908fe7-3497-48b2-847b-81db60c5ccf5/datanode-2/data/ratis/589459f4-e877-4ea0-b925-0b60abd16714/current/log_inprogress_0
2022-06-27 16:56:40,711 [bc887f2d-be8a-4785-be83-b8a81978c60b@group-AFCDA00B9A33-LeaderElection35] INFO  impl.LeaderElection (LeaderElection.java:askForVotes(310)) - bc887f2d-be8a-4785-be83-b8a81978c60b@group-AFCDA00B9A33-LeaderElection35 ELECTION round 0: submit vote requests at term 2 for -1: [bc887f2d-be8a-4785-be83-b8a81978c60b|rpc:10.1.0.22:35037|dataStream:|priority:0, dca6aaee-9331-4135-ba39-5d4da9c5694b|rpc:10.1.0.22:41117|dataStream:|priority:1, 3de1546c-8c2e-4aa4-a8af-42deb78e6291|rpc:10.1.0.22:34197|dataStream:|priority:0], old=null
2022-06-27 16:56:40,713 [3de1546c-8c2e-4aa4-a8af-42deb78e6291@group-AFCDA00B9A33-FollowerState] INFO  impl.FollowerState (FollowerState.java:run(143)) - 3de1546c-8c2e-4aa4-a8af-42deb78e6291@group-AFCDA00B9A33-FollowerState: change to CANDIDATE, lastRpcElapsedTime:5113435473ns, electionTimeout:5099ms
2022-06-27 16:56:40,713 [3de1546c-8c2e-4aa4-a8af-42deb78e6291@group-AFCDA00B9A33-FollowerState] INFO  impl.RoleInfo (RoleInfo.java:shutdownFollowerState(110)) - 3de1546c-8c2e-4aa4-a8af-42deb78e6291: shutdown 3de1546c-8c2e-4aa4-a8af-42deb78e6291@group-AFCDA00B9A33-FollowerState
2022-06-27 16:56:40,713 [3de1546c-8c2e-4aa4-a8af-42deb78e6291@group-AFCDA00B9A33-FollowerState] INFO  server.RaftServer$Division (RaftServerImpl.java:setRole(299)) - 3de1546c-8c2e-4aa4-a8af-42deb78e6291@group-AFCDA00B9A33: changes role from  FOLLOWER to CANDIDATE at term 1 for changeToCandidate
2022-06-27 16:56:40,713 [dca6aaee-9331-4135-ba39-5d4da9c5694b@group-AFCDA00B9A33-FollowerState] INFO  impl.FollowerState (FollowerState.java:run(143)) - dca6aaee-9331-4135-ba39-5d4da9c5694b@group-AFCDA00B9A33-FollowerState: change to CANDIDATE, lastRpcElapsedTime:5130103835ns, electionTimeout:5116ms
2022-06-27 16:56:40,713 [dca6aaee-9331-4135-ba39-5d4da9c5694b@group-AFCDA00B9A33-FollowerState] INFO  impl.RoleInfo (RoleInfo.java:shutdownFollowerState(110)) - dca6aaee-9331-4135-ba39-5d4da9c5694b: shutdown dca6aaee-9331-4135-ba39-5d4da9c5694b@group-AFCDA00B9A33-FollowerState
2022-06-27 16:56:40,713 [dca6aaee-9331-4135-ba39-5d4da9c5694b@group-AFCDA00B9A33-FollowerState] INFO  server.RaftServer$Division (RaftServerImpl.java:setRole(299)) - dca6aaee-9331-4135-ba39-5d4da9c5694b@group-AFCDA00B9A33: changes role from  FOLLOWER to CANDIDATE at term 1 for changeToCandidate
2022-06-27 16:56:40,720 [dca6aaee-9331-4135-ba39-5d4da9c5694b@group-AFCDA00B9A33-FollowerState] INFO  server.RaftServerConfigKeys (ConfUtils.java:logGet(46)) - raft.server.leaderelection.pre-vote = false (custom)
2022-06-27 16:56:40,720 [dca6aaee-9331-4135-ba39-5d4da9c5694b@group-AFCDA00B9A33-FollowerState] INFO  impl.RoleInfo (RoleInfo.java:updateAndGet(139)) - dca6aaee-9331-4135-ba39-5d4da9c5694b: start dca6aaee-9331-4135-ba39-5d4da9c5694b@group-AFCDA00B9A33-LeaderElection37
2022-06-27 16:56:40,720 [3de1546c-8c2e-4aa4-a8af-42deb78e6291-server-thread1] INFO  server.RaftServer$Division (ServerState.java:setRaftConf(393)) - 3de1546c-8c2e-4aa4-a8af-42deb78e6291@group-0B60ABD16714: set configuration 0: [bc887f2d-be8a-4785-be83-b8a81978c60b|rpc:10.1.0.22:35037|dataStream:|priority:1, dca6aaee-9331-4135-ba39-5d4da9c5694b|rpc:10.1.0.22:41117|dataStream:|priority:0, 3de1546c-8c2e-4aa4-a8af-42deb78e6291|rpc:10.1.0.22:34197|dataStream:|priority:0], old=null
2022-06-27 16:56:40,720 [3de1546c-8c2e-4aa4-a8af-42deb78e6291-server-thread1] INFO  segmented.SegmentedRaftLogWorker (SegmentedRaftLogWorker.java:startLogSegment(425)) - 3de1546c-8c2e-4aa4-a8af-42deb78e6291@group-0B60ABD16714-SegmentedRaftLogWorker: Starting segment from index:0
2022-06-27 16:56:40,720 [3de1546c-8c2e-4aa4-a8af-42deb78e6291@group-AFCDA00B9A33-FollowerState] INFO  server.RaftServerConfigKeys (ConfUtils.java:logGet(46)) - raft.server.leaderelection.pre-vote = false (custom)
2022-06-27 16:56:40,720 [3de1546c-8c2e-4aa4-a8af-42deb78e6291@group-AFCDA00B9A33-FollowerState] INFO  impl.RoleInfo (RoleInfo.java:updateAndGet(139)) - 3de1546c-8c2e-4aa4-a8af-42deb78e6291: start 3de1546c-8c2e-4aa4-a8af-42deb78e6291@group-AFCDA00B9A33-LeaderElection36
2022-06-27 16:56:40,722 [dca6aaee-9331-4135-ba39-5d4da9c5694b@group-AFCDA00B9A33-LeaderElection37] INFO  impl.LeaderElection (LeaderElection.java:askForVotes(310)) - dca6aaee-9331-4135-ba39-5d4da9c5694b@group-AFCDA00B9A33-LeaderElection37 ELECTION round 0: submit vote requests at term 2 for -1: [bc887f2d-be8a-4785-be83-b8a81978c60b|rpc:10.1.0.22:35037|dataStream:|priority:0, dca6aaee-9331-4135-ba39-5d4da9c5694b|rpc:10.1.0.22:41117|dataStream:|priority:1, 3de1546c-8c2e-4aa4-a8af-42deb78e6291|rpc:10.1.0.22:34197|dataStream:|priority:0], old=null
2022-06-27 16:56:40,722 [3de1546c-8c2e-4aa4-a8af-42deb78e6291@group-AFCDA00B9A33-LeaderElection36] INFO  impl.LeaderElection (LeaderElection.java:askForVotes(310)) - 3de1546c-8c2e-4aa4-a8af-42deb78e6291@group-AFCDA00B9A33-LeaderElection36 ELECTION round 0: submit vote requests at term 2 for -1: [bc887f2d-be8a-4785-be83-b8a81978c60b|rpc:10.1.0.22:35037|priority:0, dca6aaee-9331-4135-ba39-5d4da9c5694b|rpc:10.1.0.22:41117|priority:1, 3de1546c-8c2e-4aa4-a8af-42deb78e6291|rpc:10.1.0.22:34197|priority:0], old=null
2022-06-27 16:56:40,725 [grpc-default-executor-0] INFO  server.RaftServer$Division (RaftServerImpl.java:requestVote(1152)) - dca6aaee-9331-4135-ba39-5d4da9c5694b@group-AFCDA00B9A33: receive requestVote(ELECTION, bc887f2d-be8a-4785-be83-b8a81978c60b, group-AFCDA00B9A33, 2, (t:0, i:0))
2022-06-27 16:56:40,725 [grpc-default-executor-0] INFO  impl.VoteContext (VoteContext.java:log(48)) - dca6aaee-9331-4135-ba39-5d4da9c5694b@group-AFCDA00B9A33-CANDIDATE: reject ELECTION from bc887f2d-be8a-4785-be83-b8a81978c60b: already has voted for dca6aaee-9331-4135-ba39-5d4da9c5694b at current term 2
2022-06-27 16:56:40,725 [grpc-default-executor-0] INFO  server.RaftServer$Division (RaftServerImpl.java:requestVote(1184)) - dca6aaee-9331-4135-ba39-5d4da9c5694b@group-AFCDA00B9A33 replies to ELECTION vote request: bc887f2d-be8a-4785-be83-b8a81978c60b<-dca6aaee-9331-4135-ba39-5d4da9c5694b#0:FAIL-t2. Peer's state: dca6aaee-9331-4135-ba39-5d4da9c5694b@group-AFCDA00B9A33:t2, leader=null, voted=dca6aaee-9331-4135-ba39-5d4da9c5694b, raftlog=dca6aaee-9331-4135-ba39-5d4da9c5694b@group-AFCDA00B9A33-SegmentedRaftLog:OPENED:c-1, conf=-1: [bc887f2d-be8a-4785-be83-b8a81978c60b|rpc:10.1.0.22:35037|dataStream:|priority:0, dca6aaee-9331-4135-ba39-5d4da9c5694b|rpc:10.1.0.22:41117|dataStream:|priority:1, 3de1546c-8c2e-4aa4-a8af-42deb78e6291|rpc:10.1.0.22:34197|dataStream:|priority:0], old=null
2022-06-27 16:56:40,726 [3de1546c-8c2e-4aa4-a8af-42deb78e6291@group-0B60ABD16714-SegmentedRaftLogWorker] INFO  segmented.SegmentedRaftLogWorker (SegmentedRaftLogWorker.java:execute(629)) - 3de1546c-8c2e-4aa4-a8af-42deb78e6291@group-0B60ABD16714-SegmentedRaftLogWorker: created new log segment /home/runner/work/ozone/ozone/hadoop-ozone/integration-test/target/test-dir/MiniOzoneClusterImpl-66908fe7-3497-48b2-847b-81db60c5ccf5/datanode-0/data/ratis/589459f4-e877-4ea0-b925-0b60abd16714/current/log_inprogress_0
2022-06-27 16:56:40,751 [bc887f2d-be8a-4785-be83-b8a81978c60b@group-AFCDA00B9A33-LeaderElection35] INFO  impl.LeaderElection (LeaderElection.java:logAndReturn(90)) - bc887f2d-be8a-4785-be83-b8a81978c60b@group-AFCDA00B9A33-LeaderElection35: ELECTION REJECTED received 1 response(s) and 0 exception(s):
2022-06-27 16:56:40,751 [bc887f2d-be8a-4785-be83-b8a81978c60b@group-AFCDA00B9A33-LeaderElection35] INFO  impl.LeaderElection (LeaderElection.java:logAndReturn(94)) -   Response 0: bc887f2d-be8a-4785-be83-b8a81978c60b<-dca6aaee-9331-4135-ba39-5d4da9c5694b#0:FAIL-t2
2022-06-27 16:56:40,751 [bc887f2d-be8a-4785-be83-b8a81978c60b@group-AFCDA00B9A33-LeaderElection35] INFO  impl.LeaderElection (LeaderElection.java:askForVotes(312)) - bc887f2d-be8a-4785-be83-b8a81978c60b@group-AFCDA00B9A33-LeaderElection35 ELECTION round 0: result REJECTED
2022-06-27 16:56:40,751 [bc887f2d-be8a-4785-be83-b8a81978c60b@group-AFCDA00B9A33-LeaderElection35] INFO  server.RaftServer$Division (RaftServerImpl.java:setRole(299)) - bc887f2d-be8a-4785-be83-b8a81978c60b@group-AFCDA00B9A33: changes role from CANDIDATE to FOLLOWER at term 2 for REJECTED
2022-06-27 16:56:40,751 [bc887f2d-be8a-4785-be83-b8a81978c60b@group-AFCDA00B9A33-LeaderElection35] INFO  impl.RoleInfo (RoleInfo.java:shutdownLeaderElection(130)) - bc887f2d-be8a-4785-be83-b8a81978c60b: shutdown bc887f2d-be8a-4785-be83-b8a81978c60b@group-AFCDA00B9A33-LeaderElection35
2022-06-27 16:56:40,751 [bc887f2d-be8a-4785-be83-b8a81978c60b@group-AFCDA00B9A33-LeaderElection35] INFO  impl.RoleInfo (RoleInfo.java:updateAndGet(139)) - bc887f2d-be8a-4785-be83-b8a81978c60b: start bc887f2d-be8a-4785-be83-b8a81978c60b@group-AFCDA00B9A33-FollowerState
2022-06-27 16:56:40,814 [grpc-default-executor-0] INFO  server.RaftServer$Division (RaftServerImpl.java:requestVote(1152)) - 3de1546c-8c2e-4aa4-a8af-42deb78e6291@group-AFCDA00B9A33: receive requestVote(ELECTION, bc887f2d-be8a-4785-be83-b8a81978c60b, group-AFCDA00B9A33, 2, (t:0, i:0))
2022-06-27 16:56:40,814 [grpc-default-executor-0] INFO  impl.VoteContext (VoteContext.java:log(48)) - 3de1546c-8c2e-4aa4-a8af-42deb78e6291@group-AFCDA00B9A33-CANDIDATE: reject ELECTION from bc887f2d-be8a-4785-be83-b8a81978c60b: already has voted for 3de1546c-8c2e-4aa4-a8af-42deb78e6291 at current term 2
2022-06-27 16:56:40,814 [grpc-default-executor-0] INFO  server.RaftServer$Division (RaftServerImpl.java:requestVote(1184)) - 3de1546c-8c2e-4aa4-a8af-42deb78e6291@group-AFCDA00B9A33 replies to ELECTION vote request: bc887f2d-be8a-4785-be83-b8a81978c60b<-3de1546c-8c2e-4aa4-a8af-42deb78e6291#0:FAIL-t2. Peer's state: 3de1546c-8c2e-4aa4-a8af-42deb78e6291@group-AFCDA00B9A33:t2, leader=null, voted=3de1546c-8c2e-4aa4-a8af-42deb78e6291, raftlog=3de1546c-8c2e-4aa4-a8af-42deb78e6291@group-AFCDA00B9A33-SegmentedRaftLog:OPENED:c-1, conf=-1: [bc887f2d-be8a-4785-be83-b8a81978c60b|rpc:10.1.0.22:35037|priority:0, dca6aaee-9331-4135-ba39-5d4da9c5694b|rpc:10.1.0.22:41117|priority:1, 3de1546c-8c2e-4aa4-a8af-42deb78e6291|rpc:10.1.0.22:34197|priority:0], old=null
2022-06-27 16:56:40,828 [grpc-default-executor-2] INFO  server.RaftServer$Division (RaftServerImpl.java:requestVote(1152)) - bc887f2d-be8a-4785-be83-b8a81978c60b@group-AFCDA00B9A33: receive requestVote(ELECTION, 3de1546c-8c2e-4aa4-a8af-42deb78e6291, group-AFCDA00B9A33, 2, (t:0, i:0))
2022-06-27 16:56:40,828 [grpc-default-executor-2] INFO  impl.VoteContext (VoteContext.java:log(48)) - bc887f2d-be8a-4785-be83-b8a81978c60b@group-AFCDA00B9A33-FOLLOWER: reject ELECTION from 3de1546c-8c2e-4aa4-a8af-42deb78e6291: already has voted for bc887f2d-be8a-4785-be83-b8a81978c60b at current term 2
2022-06-27 16:56:40,828 [grpc-default-executor-2] INFO  server.RaftServer$Division (RaftServerImpl.java:requestVote(1184)) - bc887f2d-be8a-4785-be83-b8a81978c60b@group-AFCDA00B9A33 replies to ELECTION vote request: 3de1546c-8c2e-4aa4-a8af-42deb78e6291<-bc887f2d-be8a-4785-be83-b8a81978c60b#0:FAIL-t2. Peer's state: bc887f2d-be8a-4785-be83-b8a81978c60b@group-AFCDA00B9A33:t2, leader=null, voted=bc887f2d-be8a-4785-be83-b8a81978c60b, raftlog=bc887f2d-be8a-4785-be83-b8a81978c60b@group-AFCDA00B9A33-SegmentedRaftLog:OPENED:c-1, conf=-1: [bc887f2d-be8a-4785-be83-b8a81978c60b|rpc:10.1.0.22:35037|dataStream:|priority:0, dca6aaee-9331-4135-ba39-5d4da9c5694b|rpc:10.1.0.22:41117|dataStream:|priority:1, 3de1546c-8c2e-4aa4-a8af-42deb78e6291|rpc:10.1.0.22:34197|dataStream:|priority:0], old=null
2022-06-27 16:56:40,828 [grpc-default-executor-1] INFO  server.RaftServer$Division (RaftServerImpl.java:requestVote(1152)) - dca6aaee-9331-4135-ba39-5d4da9c5694b@group-AFCDA00B9A33: receive requestVote(ELECTION, 3de1546c-8c2e-4aa4-a8af-42deb78e6291, group-AFCDA00B9A33, 2, (t:0, i:0))
2022-06-27 16:56:40,828 [grpc-default-executor-1] INFO  impl.VoteContext (VoteContext.java:log(48)) - dca6aaee-9331-4135-ba39-5d4da9c5694b@group-AFCDA00B9A33-CANDIDATE: reject ELECTION from 3de1546c-8c2e-4aa4-a8af-42deb78e6291: already has voted for dca6aaee-9331-4135-ba39-5d4da9c5694b at current term 2
2022-06-27 16:56:40,828 [grpc-default-executor-1] INFO  server.RaftServer$Division (RaftServerImpl.java:requestVote(1184)) - dca6aaee-9331-4135-ba39-5d4da9c5694b@group-AFCDA00B9A33 replies to ELECTION vote request: 3de1546c-8c2e-4aa4-a8af-42deb78e6291<-dca6aaee-9331-4135-ba39-5d4da9c5694b#0:FAIL-t2. Peer's state: dca6aaee-9331-4135-ba39-5d4da9c5694b@group-AFCDA00B9A33:t2, leader=null, voted=dca6aaee-9331-4135-ba39-5d4da9c5694b, raftlog=dca6aaee-9331-4135-ba39-5d4da9c5694b@group-AFCDA00B9A33-SegmentedRaftLog:OPENED:c-1, conf=-1: [bc887f2d-be8a-4785-be83-b8a81978c60b|rpc:10.1.0.22:35037|dataStream:|priority:0, dca6aaee-9331-4135-ba39-5d4da9c5694b|rpc:10.1.0.22:41117|dataStream:|priority:1, 3de1546c-8c2e-4aa4-a8af-42deb78e6291|rpc:10.1.0.22:34197|dataStream:|priority:0], old=null
2022-06-27 16:56:40,877 [3de1546c-8c2e-4aa4-a8af-42deb78e6291@group-AFCDA00B9A33-LeaderElection36] INFO  impl.LeaderElection (LeaderElection.java:logAndReturn(90)) - 3de1546c-8c2e-4aa4-a8af-42deb78e6291@group-AFCDA00B9A33-LeaderElection36: ELECTION REJECTED received 1 response(s) and 0 exception(s):
2022-06-27 16:56:40,877 [3de1546c-8c2e-4aa4-a8af-42deb78e6291@group-AFCDA00B9A33-LeaderElection36] INFO  impl.LeaderElection (LeaderElection.java:logAndReturn(94)) -   Response 0: 3de1546c-8c2e-4aa4-a8af-42deb78e6291<-dca6aaee-9331-4135-ba39-5d4da9c5694b#0:FAIL-t2
2022-06-27 16:56:40,877 [3de1546c-8c2e-4aa4-a8af-42deb78e6291@group-AFCDA00B9A33-LeaderElection36] INFO  impl.LeaderElection (LeaderElection.java:askForVotes(312)) - 3de1546c-8c2e-4aa4-a8af-42deb78e6291@group-AFCDA00B9A33-LeaderElection36 ELECTION round 0: result REJECTED
2022-06-27 16:56:40,878 [3de1546c-8c2e-4aa4-a8af-42deb78e6291@group-AFCDA00B9A33-LeaderElection36] INFO  server.RaftServer$Division (RaftServerImpl.java:setRole(299)) - 3de1546c-8c2e-4aa4-a8af-42deb78e6291@group-AFCDA00B9A33: changes role from CANDIDATE to FOLLOWER at term 2 for REJECTED
2022-06-27 16:56:40,878 [3de1546c-8c2e-4aa4-a8af-42deb78e6291@group-AFCDA00B9A33-LeaderElection36] INFO  impl.RoleInfo (RoleInfo.java:shutdownLeaderElection(130)) - 3de1546c-8c2e-4aa4-a8af-42deb78e6291: shutdown 3de1546c-8c2e-4aa4-a8af-42deb78e6291@group-AFCDA00B9A33-LeaderElection36
2022-06-27 16:56:40,878 [3de1546c-8c2e-4aa4-a8af-42deb78e6291@group-AFCDA00B9A33-LeaderElection36] INFO  impl.RoleInfo (RoleInfo.java:updateAndGet(139)) - 3de1546c-8c2e-4aa4-a8af-42deb78e6291: start 3de1546c-8c2e-4aa4-a8af-42deb78e6291@group-AFCDA00B9A33-FollowerState
2022-06-27 16:56:40,911 [Listener at 127.0.0.1/40407] INFO  ozone.MiniOzoneClusterImpl (MiniOzoneClusterImpl.java:lambda$waitForClusterToBeReady$0(223)) - Nodes are ready. Got 5 of 5 DN Heartbeats.
2022-06-27 16:56:40,911 [Listener at 127.0.0.1/40407] INFO  ozone.MiniOzoneClusterImpl (MiniOzoneClusterImpl.java:lambda$waitForClusterToBeReady$0(226)) - Cluster exits safe mode
2022-06-27 16:56:40,911 [Listener at 127.0.0.1/40407] INFO  ozone.MiniOzoneClusterImpl (MiniOzoneClusterImpl.java:lambda$waitForClusterToBeReady$0(228)) - SCM became leader
2022-06-27 16:56:40,977 [grpc-default-executor-3] INFO  server.RaftServer$Division (RaftServerImpl.java:requestVote(1152)) - bc887f2d-be8a-4785-be83-b8a81978c60b@group-AFCDA00B9A33: receive requestVote(ELECTION, dca6aaee-9331-4135-ba39-5d4da9c5694b, group-AFCDA00B9A33, 2, (t:0, i:0))
2022-06-27 16:56:40,977 [grpc-default-executor-3] INFO  impl.VoteContext (VoteContext.java:log(48)) - bc887f2d-be8a-4785-be83-b8a81978c60b@group-AFCDA00B9A33-FOLLOWER: reject ELECTION from dca6aaee-9331-4135-ba39-5d4da9c5694b: already has voted for bc887f2d-be8a-4785-be83-b8a81978c60b at current term 2
2022-06-27 16:56:40,977 [grpc-default-executor-3] INFO  server.RaftServer$Division (RaftServerImpl.java:requestVote(1184)) - bc887f2d-be8a-4785-be83-b8a81978c60b@group-AFCDA00B9A33 replies to ELECTION vote request: dca6aaee-9331-4135-ba39-5d4da9c5694b<-bc887f2d-be8a-4785-be83-b8a81978c60b#0:FAIL-t2. Peer's state: bc887f2d-be8a-4785-be83-b8a81978c60b@group-AFCDA00B9A33:t2, leader=null, voted=bc887f2d-be8a-4785-be83-b8a81978c60b, raftlog=bc887f2d-be8a-4785-be83-b8a81978c60b@group-AFCDA00B9A33-SegmentedRaftLog:OPENED:c-1, conf=-1: [bc887f2d-be8a-4785-be83-b8a81978c60b|rpc:10.1.0.22:35037|dataStream:|priority:0, dca6aaee-9331-4135-ba39-5d4da9c5694b|rpc:10.1.0.22:41117|dataStream:|priority:1, 3de1546c-8c2e-4aa4-a8af-42deb78e6291|rpc:10.1.0.22:34197|dataStream:|priority:0], old=null
2022-06-27 16:56:40,977 [grpc-default-executor-2] INFO  server.RaftServer$Division (RaftServerImpl.java:requestVote(1152)) - 3de1546c-8c2e-4aa4-a8af-42deb78e6291@group-AFCDA00B9A33: receive requestVote(ELECTION, dca6aaee-9331-4135-ba39-5d4da9c5694b, group-AFCDA00B9A33, 2, (t:0, i:0))
2022-06-27 16:56:40,978 [grpc-default-executor-2] INFO  impl.VoteContext (VoteContext.java:log(48)) - 3de1546c-8c2e-4aa4-a8af-42deb78e6291@group-AFCDA00B9A33-FOLLOWER: reject ELECTION from dca6aaee-9331-4135-ba39-5d4da9c5694b: already has voted for 3de1546c-8c2e-4aa4-a8af-42deb78e6291 at current term 2
2022-06-27 16:56:40,978 [grpc-default-executor-2] INFO  server.RaftServer$Division (RaftServerImpl.java:requestVote(1184)) - 3de1546c-8c2e-4aa4-a8af-42deb78e6291@group-AFCDA00B9A33 replies to ELECTION vote request: dca6aaee-9331-4135-ba39-5d4da9c5694b<-3de1546c-8c2e-4aa4-a8af-42deb78e6291#0:FAIL-t2. Peer's state: 3de1546c-8c2e-4aa4-a8af-42deb78e6291@group-AFCDA00B9A33:t2, leader=null, voted=3de1546c-8c2e-4aa4-a8af-42deb78e6291, raftlog=3de1546c-8c2e-4aa4-a8af-42deb78e6291@group-AFCDA00B9A33-SegmentedRaftLog:OPENED:c-1, conf=-1: [bc887f2d-be8a-4785-be83-b8a81978c60b|rpc:10.1.0.22:35037|priority:0, dca6aaee-9331-4135-ba39-5d4da9c5694b|rpc:10.1.0.22:41117|priority:1, 3de1546c-8c2e-4aa4-a8af-42deb78e6291|rpc:10.1.0.22:34197|priority:0], old=null
2022-06-27 16:56:40,992 [dca6aaee-9331-4135-ba39-5d4da9c5694b@group-AFCDA00B9A33-LeaderElection37] INFO  impl.LeaderElection (LeaderElection.java:logAndReturn(90)) - dca6aaee-9331-4135-ba39-5d4da9c5694b@group-AFCDA00B9A33-LeaderElection37: ELECTION REJECTED received 2 response(s) and 0 exception(s):
2022-06-27 16:56:40,992 [dca6aaee-9331-4135-ba39-5d4da9c5694b@group-AFCDA00B9A33-LeaderElection37] INFO  impl.LeaderElection (LeaderElection.java:logAndReturn(94)) -   Response 0: dca6aaee-9331-4135-ba39-5d4da9c5694b<-bc887f2d-be8a-4785-be83-b8a81978c60b#0:FAIL-t2
2022-06-27 16:56:40,992 [dca6aaee-9331-4135-ba39-5d4da9c5694b@group-AFCDA00B9A33-LeaderElection37] INFO  impl.LeaderElection (LeaderElection.java:logAndReturn(94)) -   Response 1: dca6aaee-9331-4135-ba39-5d4da9c5694b<-3de1546c-8c2e-4aa4-a8af-42deb78e6291#0:FAIL-t2
2022-06-27 16:56:40,992 [dca6aaee-9331-4135-ba39-5d4da9c5694b@group-AFCDA00B9A33-LeaderElection37] INFO  impl.LeaderElection (LeaderElection.java:askForVotes(312)) - dca6aaee-9331-4135-ba39-5d4da9c5694b@group-AFCDA00B9A33-LeaderElection37 ELECTION round 0: result REJECTED
2022-06-27 16:56:40,992 [dca6aaee-9331-4135-ba39-5d4da9c5694b@group-AFCDA00B9A33-LeaderElection37] INFO  server.RaftServer$Division (RaftServerImpl.java:setRole(299)) - dca6aaee-9331-4135-ba39-5d4da9c5694b@group-AFCDA00B9A33: changes role from CANDIDATE to FOLLOWER at term 2 for REJECTED
2022-06-27 16:56:40,992 [dca6aaee-9331-4135-ba39-5d4da9c5694b@group-AFCDA00B9A33-LeaderElection37] INFO  impl.RoleInfo (RoleInfo.java:shutdownLeaderElection(130)) - dca6aaee-9331-4135-ba39-5d4da9c5694b: shutdown dca6aaee-9331-4135-ba39-5d4da9c5694b@group-AFCDA00B9A33-LeaderElection37
2022-06-27 16:56:40,992 [dca6aaee-9331-4135-ba39-5d4da9c5694b@group-AFCDA00B9A33-LeaderElection37] INFO  impl.RoleInfo (RoleInfo.java:updateAndGet(139)) - dca6aaee-9331-4135-ba39-5d4da9c5694b: start dca6aaee-9331-4135-ba39-5d4da9c5694b@group-AFCDA00B9A33-FollowerState
2022-06-27 16:56:41,074 [Time-limited test] INFO  rpc.RpcClient (RpcClient.java:createVolume(466)) - Creating Volume: volume21742, with user39093 as owner and space quota set to -1 bytes, counts quota set to -1
2022-06-27 16:56:41,078 [IPC Server handler 3 on default port 40407] INFO  volume.OMVolumeCreateRequest (OMVolumeCreateRequest.java:validateAndUpdateCache(195)) - created volume:volume21742 for user:user39093
2022-06-27 16:56:41,100 [Time-limited test] INFO  rpc.RpcClient (RpcClient.java:createBucket(666)) - Creating Bucket: volume21742/bucket94220, with the Bucket Layout LEGACY, runner as owner, Versioning false, Storage Type set to DISK and Encryption set to false 
2022-06-27 16:56:41,103 [IPC Server handler 4 on default port 40407] INFO  bucket.OMBucketCreateRequest (OMBucketCreateRequest.java:validateAndUpdateCache(260)) - created bucket: bucket94220 of layout LEGACY in volume: volume21742
2022-06-27 16:56:41,138 [IPC Server handler 1 on default port 36261] INFO  ha.SequenceIdGenerator (SequenceIdGenerator.java:getNextId(127)) - Allocate a batch for containerId, change lastId from 0 to 1000.
2022-06-27 16:56:41,139 [IPC Server handler 1 on default port 36261] WARN  ha.SequenceIdGenerator (SequenceIdGenerator.java:allocateBatch(235)) - Failed to allocate a batch for localId, expected lastId is 0, actual lastId is 109611004723200000.
2022-06-27 16:56:41,139 [IPC Server handler 1 on default port 36261] INFO  ha.SequenceIdGenerator (SequenceIdGenerator.java:getNextId(127)) - Allocate a batch for localId, change lastId from 109611004723200000 to 109611004723201000.
16:56:41.169 [IPC Server handler 15 on default port 40407] ERROR OMAudit - user=runner | ip=127.0.0.1 | op=GET_FILE_STATUS {volume=volume21742, bucket=bucket94220, key=dir76/file1, dataSize=0, replicationConfig=null} | ret=FAILURE
org.apache.hadoop.ozone.om.exceptions.OMException: Unable to get file status: volume: volume21742 bucket: bucket94220 key: dir76/file1
	at org.apache.hadoop.ozone.om.KeyManagerImpl.getOzoneFileStatus(KeyManagerImpl.java:1311) ~[ozone-manager-1.3.0-SNAPSHOT.jar:?]
	at org.apache.hadoop.ozone.om.KeyManagerImpl.getFileStatus(KeyManagerImpl.java:1241) ~[ozone-manager-1.3.0-SNAPSHOT.jar:?]
	at org.apache.hadoop.ozone.om.OzoneManager.getFileStatus(OzoneManager.java:3419) ~[ozone-manager-1.3.0-SNAPSHOT.jar:?]
	at org.apache.hadoop.ozone.protocolPB.OzoneManagerRequestHandler.getOzoneFileStatus(OzoneManagerRequestHandler.java:871) ~[ozone-manager-1.3.0-SNAPSHOT.jar:?]
	at org.apache.hadoop.ozone.protocolPB.OzoneManagerRequestHandler.handleReadRequest(OzoneManagerRequestHandler.java:217) ~[ozone-manager-1.3.0-SNAPSHOT.jar:?]
	at org.apache.hadoop.ozone.protocolPB.OzoneManagerProtocolServerSideTranslatorPB.submitRequestDirectlyToOM(OzoneManagerProtocolServerSideTranslatorPB.java:276) ~[ozone-manager-1.3.0-SNAPSHOT.jar:?]
	at org.apache.hadoop.ozone.protocolPB.OzoneManagerProtocolServerSideTranslatorPB.processRequest(OzoneManagerProtocolServerSideTranslatorPB.java:205) ~[ozone-manager-1.3.0-SNAPSHOT.jar:?]
	at org.apache.hadoop.hdds.server.OzoneProtocolMessageDispatcher.processRequest(OzoneProtocolMessageDispatcher.java:87) [hdds-server-framework-1.3.0-SNAPSHOT.jar:?]
	at org.apache.hadoop.ozone.protocolPB.OzoneManagerProtocolServerSideTranslatorPB.submitRequest(OzoneManagerProtocolServerSideTranslatorPB.java:147) [ozone-manager-1.3.0-SNAPSHOT.jar:?]
	at org.apache.hadoop.ozone.protocol.proto.OzoneManagerProtocolProtos$OzoneManagerService$2.callBlockingMethod(OzoneManagerProtocolProtos.java) [ozone-interface-client-1.3.0-SNAPSHOT.jar:?]
	at org.apache.hadoop.ipc.ProtobufRpcEngine$Server.processCall(ProtobufRpcEngine.java:466) [hadoop-common-3.3.1.jar:?]
	at org.apache.hadoop.ipc.ProtobufRpcEngine2$Server$ProtoBufRpcInvoker.call(ProtobufRpcEngine2.java:574) [hadoop-common-3.3.1.jar:?]
	at org.apache.hadoop.ipc.ProtobufRpcEngine2$Server$ProtoBufRpcInvoker.call(ProtobufRpcEngine2.java:552) [hadoop-common-3.3.1.jar:?]
	at org.apache.hadoop.ipc.RPC$Server.call(RPC.java:1093) [hadoop-common-3.3.1.jar:?]
	at org.apache.hadoop.ipc.Server$RpcCall.run(Server.java:1035) [hadoop-common-3.3.1.jar:?]
	at org.apache.hadoop.ipc.Server$RpcCall.run(Server.java:963) [hadoop-common-3.3.1.jar:?]
	at java.security.AccessController.doPrivileged(Native Method) ~[?:1.8.0_332]
	at javax.security.auth.Subject.doAs(Subject.java:422) [?:1.8.0_332]
	at org.apache.hadoop.security.UserGroupInformation.doAs(UserGroupInformation.java:1878) [hadoop-common-3.3.1.jar:?]
	at org.apache.hadoop.ipc.Server$Handler.run(Server.java:2966) [hadoop-common-3.3.1.jar:?]
]]></system-out>
  </testcase>
  <testcase name="testRenameFile" classname="TestRootedOzoneFileSystem" time="0.375">
    <system-out><![CDATA[2022-06-27 16:56:57,293 [Listener at 127.0.0.1/40407] INFO  ozone.MiniOzoneClusterImpl (MiniOzoneClusterImpl.java:shutdown(460)) - Shutting down the Mini Ozone Cluster
2022-06-27 16:56:57,294 [Listener at 127.0.0.1/40407] INFO  ozone.MiniOzoneClusterImpl (MiniOzoneClusterImpl.java:stop(475)) - Stopping the Mini Ozone Cluster
2022-06-27 16:56:57,294 [Listener at 127.0.0.1/40407] INFO  ozone.MiniOzoneClusterImpl (MiniOzoneClusterImpl.java:stopOM(557)) - Stopping the OzoneManager
2022-06-27 16:56:57,294 [Listener at 127.0.0.1/40407] INFO  om.OzoneManager (OzoneManager.java:stop(2020)) - om1[localhost:0]: Stopping Ozone Manager
2022-06-27 16:56:57,294 [Listener at 127.0.0.1/40407] INFO  ipc.Server (Server.java:stop(3414)) - Stopping server on 40407
2022-06-27 16:56:57,298 [IPC Server Responder] INFO  ipc.Server (Server.java:run(1512)) - Stopping IPC Server Responder
2022-06-27 16:56:57,298 [Listener at 127.0.0.1/40407] INFO  ratis.OzoneManagerDoubleBuffer (OzoneManagerDoubleBuffer.java:stop(465)) - Stopping OMDoubleBuffer flush thread
2022-06-27 16:56:57,298 [IPC Server listener on 0] INFO  ipc.Server (Server.java:run(1376)) - Stopping IPC Server listener on 0
2022-06-27 16:56:57,299 [OMDoubleBufferFlushThread] INFO  ratis.OzoneManagerDoubleBuffer (OzoneManagerDoubleBuffer.java:flushTransactions(385)) - OMDoubleBuffer flush thread OMDoubleBufferFlushThread is interrupted and will exit.
2022-06-27 16:56:57,299 [Listener at 127.0.0.1/40407] INFO  utils.BackgroundService (BackgroundService.java:shutdown(132)) - Shutting down service KeyDeletingService
2022-06-27 16:56:57,299 [Listener at 127.0.0.1/40407] INFO  utils.BackgroundService (BackgroundService.java:shutdown(132)) - Shutting down service DirectoryDeletingService
2022-06-27 16:56:57,299 [Listener at 127.0.0.1/40407] INFO  utils.BackgroundService (BackgroundService.java:shutdown(132)) - Shutting down service OpenKeyCleanupService
2022-06-27 16:56:57,300 [Listener at 127.0.0.1/40407] INFO  handler.ContextHandler (ContextHandler.java:doStop(1153)) - Stopped o.e.j.w.WebAppContext@5b3c383f{ozoneManager,/,null,STOPPED}{file:/home/runner/work/ozone/ozone/hadoop-ozone/integration-test/target/test-classes/webapps/ozoneManager}
2022-06-27 16:56:57,301 [Listener at 127.0.0.1/40407] INFO  server.AbstractConnector (AbstractConnector.java:doStop(381)) - Stopped ServerConnector@68899d90{HTTP/1.1, (http/1.1)}{0.0.0.0:0}
2022-06-27 16:56:57,301 [Listener at 127.0.0.1/40407] INFO  server.session (HouseKeeper.java:stopScavenging(149)) - node0 Stopped scavenging
2022-06-27 16:56:57,302 [Listener at 127.0.0.1/40407] INFO  handler.ContextHandler (ContextHandler.java:doStop(1153)) - Stopped o.e.j.s.ServletContextHandler@587da660{static,/static,file:///home/runner/work/ozone/ozone/hadoop-ozone/integration-test/target/test-classes/webapps/static,STOPPED}
2022-06-27 16:56:57,302 [Listener at 127.0.0.1/40407] INFO  handler.ContextHandler (ContextHandler.java:doStop(1153)) - Stopped o.e.j.s.ServletContextHandler@2b3fe9e{logs,/logs,file:///home/runner/work/ozone/ozone/hadoop-ozone/integration-test/target/log,STOPPED}
2022-06-27 16:56:57,315 [Trash Emptier] ERROR om.TrashPolicyOzone (TrashPolicyOzone.java:run(251)) - Error attempting to shutdown
java.lang.InterruptedException
	at java.util.concurrent.locks.AbstractQueuedSynchronizer$ConditionObject.awaitNanos(AbstractQueuedSynchronizer.java:2067)
	at java.util.concurrent.ThreadPoolExecutor.awaitTermination(ThreadPoolExecutor.java:1475)
	at org.apache.hadoop.ozone.om.TrashPolicyOzone$Emptier.run(TrashPolicyOzone.java:249)
	at java.lang.Thread.run(Thread.java:750)
2022-06-27 16:56:57,318 [Trash Emptier] ERROR util.ExitUtils (ExitUtils.java:terminate(133)) - Terminating with exit status -1: Thread[Trash Emptier,5,main] has thrown an uncaught exception
java.lang.UnsupportedOperationException: fs.getUri() not implemented in TrashOzoneFileSystem
	at org.apache.hadoop.ozone.om.TrashOzoneFileSystem.getUri(TrashOzoneFileSystem.java:126)
	at org.apache.hadoop.fs.FileSystem.close(FileSystem.java:2592)
	at org.apache.hadoop.ozone.om.TrashPolicyOzone$Emptier.run(TrashPolicyOzone.java:243)
	at java.lang.Thread.run(Thread.java:750)
2022-06-27 16:56:57,322 [Listener at 127.0.0.1/40407] INFO  ozone.MiniOzoneClusterImpl (MiniOzoneClusterImpl.java:stopDatanodes(534)) - Stopping the HddsDatanodes
2022-06-27 16:57:01,336 [dca6aaee-9331-4135-ba39-5d4da9c5694b@group-AFCDA00B9A33-FollowerState] INFO  impl.FollowerState (FollowerState.java:run(143)) - dca6aaee-9331-4135-ba39-5d4da9c5694b@group-AFCDA00B9A33-FollowerState: change to CANDIDATE, lastRpcElapsedTime:5061571463ns, electionTimeout:5031ms
2022-06-27 16:57:01,336 [dca6aaee-9331-4135-ba39-5d4da9c5694b@group-AFCDA00B9A33-FollowerState] INFO  impl.RoleInfo (RoleInfo.java:shutdownFollowerState(110)) - dca6aaee-9331-4135-ba39-5d4da9c5694b: shutdown dca6aaee-9331-4135-ba39-5d4da9c5694b@group-AFCDA00B9A33-FollowerState
2022-06-27 16:57:01,336 [dca6aaee-9331-4135-ba39-5d4da9c5694b@group-AFCDA00B9A33-FollowerState] INFO  server.RaftServer$Division (RaftServerImpl.java:setRole(299)) - dca6aaee-9331-4135-ba39-5d4da9c5694b@group-AFCDA00B9A33: changes role from  FOLLOWER to CANDIDATE at term 5 for changeToCandidate
2022-06-27 16:57:01,336 [dca6aaee-9331-4135-ba39-5d4da9c5694b@group-AFCDA00B9A33-FollowerState] INFO  server.RaftServerConfigKeys (ConfUtils.java:logGet(46)) - raft.server.leaderelection.pre-vote = false (custom)
2022-06-27 16:57:01,336 [dca6aaee-9331-4135-ba39-5d4da9c5694b@group-AFCDA00B9A33-FollowerState] INFO  impl.RoleInfo (RoleInfo.java:updateAndGet(139)) - dca6aaee-9331-4135-ba39-5d4da9c5694b: start dca6aaee-9331-4135-ba39-5d4da9c5694b@group-AFCDA00B9A33-LeaderElection42
2022-06-27 16:57:01,343 [dca6aaee-9331-4135-ba39-5d4da9c5694b@group-AFCDA00B9A33-LeaderElection42] INFO  impl.LeaderElection (LeaderElection.java:askForVotes(310)) - dca6aaee-9331-4135-ba39-5d4da9c5694b@group-AFCDA00B9A33-LeaderElection42 ELECTION round 0: submit vote requests at term 6 for -1: [bc887f2d-be8a-4785-be83-b8a81978c60b|rpc:10.1.0.22:35037|dataStream:|priority:0, dca6aaee-9331-4135-ba39-5d4da9c5694b|rpc:10.1.0.22:41117|dataStream:|priority:1, 3de1546c-8c2e-4aa4-a8af-42deb78e6291|rpc:10.1.0.22:34197|dataStream:|priority:0], old=null
2022-06-27 16:57:01,356 [grpc-default-executor-2] INFO  server.RaftServer$Division (RaftServerImpl.java:requestVote(1152)) - bc887f2d-be8a-4785-be83-b8a81978c60b@group-AFCDA00B9A33: receive requestVote(ELECTION, dca6aaee-9331-4135-ba39-5d4da9c5694b, group-AFCDA00B9A33, 6, (t:0, i:0))
2022-06-27 16:57:01,356 [grpc-default-executor-2] INFO  impl.VoteContext (VoteContext.java:log(48)) - bc887f2d-be8a-4785-be83-b8a81978c60b@group-AFCDA00B9A33-FOLLOWER: accept ELECTION from dca6aaee-9331-4135-ba39-5d4da9c5694b: our priority 0 <= candidate's priority 1
2022-06-27 16:57:01,356 [grpc-default-executor-2] INFO  server.RaftServer$Division (RaftServerImpl.java:setRole(299)) - bc887f2d-be8a-4785-be83-b8a81978c60b@group-AFCDA00B9A33: changes role from  FOLLOWER to FOLLOWER at term 6 for candidate:dca6aaee-9331-4135-ba39-5d4da9c5694b
2022-06-27 16:57:01,356 [grpc-default-executor-2] INFO  impl.RoleInfo (RoleInfo.java:shutdownFollowerState(110)) - bc887f2d-be8a-4785-be83-b8a81978c60b: shutdown bc887f2d-be8a-4785-be83-b8a81978c60b@group-AFCDA00B9A33-FollowerState
2022-06-27 16:57:01,356 [grpc-default-executor-2] INFO  impl.RoleInfo (RoleInfo.java:updateAndGet(139)) - bc887f2d-be8a-4785-be83-b8a81978c60b: start bc887f2d-be8a-4785-be83-b8a81978c60b@group-AFCDA00B9A33-FollowerState
2022-06-27 16:57:01,356 [bc887f2d-be8a-4785-be83-b8a81978c60b@group-AFCDA00B9A33-FollowerState] INFO  impl.FollowerState (FollowerState.java:run(152)) - bc887f2d-be8a-4785-be83-b8a81978c60b@group-AFCDA00B9A33-FollowerState was interrupted
2022-06-27 16:57:01,357 [grpc-default-executor-3] INFO  server.RaftServer$Division (RaftServerImpl.java:requestVote(1152)) - 3de1546c-8c2e-4aa4-a8af-42deb78e6291@group-AFCDA00B9A33: receive requestVote(ELECTION, dca6aaee-9331-4135-ba39-5d4da9c5694b, group-AFCDA00B9A33, 6, (t:0, i:0))
2022-06-27 16:57:01,357 [grpc-default-executor-3] INFO  impl.VoteContext (VoteContext.java:log(48)) - 3de1546c-8c2e-4aa4-a8af-42deb78e6291@group-AFCDA00B9A33-FOLLOWER: accept ELECTION from dca6aaee-9331-4135-ba39-5d4da9c5694b: our priority 0 <= candidate's priority 1
2022-06-27 16:57:01,357 [grpc-default-executor-3] INFO  server.RaftServer$Division (RaftServerImpl.java:setRole(299)) - 3de1546c-8c2e-4aa4-a8af-42deb78e6291@group-AFCDA00B9A33: changes role from  FOLLOWER to FOLLOWER at term 6 for candidate:dca6aaee-9331-4135-ba39-5d4da9c5694b
2022-06-27 16:57:01,357 [grpc-default-executor-3] INFO  impl.RoleInfo (RoleInfo.java:shutdownFollowerState(110)) - 3de1546c-8c2e-4aa4-a8af-42deb78e6291: shutdown 3de1546c-8c2e-4aa4-a8af-42deb78e6291@group-AFCDA00B9A33-FollowerState
2022-06-27 16:57:01,358 [grpc-default-executor-2] INFO  server.RaftServer$Division (RaftServerImpl.java:requestVote(1184)) - bc887f2d-be8a-4785-be83-b8a81978c60b@group-AFCDA00B9A33 replies to ELECTION vote request: dca6aaee-9331-4135-ba39-5d4da9c5694b<-bc887f2d-be8a-4785-be83-b8a81978c60b#0:OK-t6. Peer's state: bc887f2d-be8a-4785-be83-b8a81978c60b@group-AFCDA00B9A33:t6, leader=null, voted=dca6aaee-9331-4135-ba39-5d4da9c5694b, raftlog=bc887f2d-be8a-4785-be83-b8a81978c60b@group-AFCDA00B9A33-SegmentedRaftLog:OPENED:c-1, conf=-1: [bc887f2d-be8a-4785-be83-b8a81978c60b|rpc:10.1.0.22:35037|dataStream:|priority:0, dca6aaee-9331-4135-ba39-5d4da9c5694b|rpc:10.1.0.22:41117|dataStream:|priority:1, 3de1546c-8c2e-4aa4-a8af-42deb78e6291|rpc:10.1.0.22:34197|dataStream:|priority:0], old=null
2022-06-27 16:57:01,359 [dca6aaee-9331-4135-ba39-5d4da9c5694b@group-AFCDA00B9A33-LeaderElection42] INFO  impl.LeaderElection (LeaderElection.java:logAndReturn(90)) - dca6aaee-9331-4135-ba39-5d4da9c5694b@group-AFCDA00B9A33-LeaderElection42: ELECTION PASSED received 1 response(s) and 0 exception(s):
2022-06-27 16:57:01,359 [dca6aaee-9331-4135-ba39-5d4da9c5694b@group-AFCDA00B9A33-LeaderElection42] INFO  impl.LeaderElection (LeaderElection.java:logAndReturn(94)) -   Response 0: dca6aaee-9331-4135-ba39-5d4da9c5694b<-bc887f2d-be8a-4785-be83-b8a81978c60b#0:OK-t6
2022-06-27 16:57:01,359 [dca6aaee-9331-4135-ba39-5d4da9c5694b@group-AFCDA00B9A33-LeaderElection42] INFO  impl.LeaderElection (LeaderElection.java:askForVotes(312)) - dca6aaee-9331-4135-ba39-5d4da9c5694b@group-AFCDA00B9A33-LeaderElection42 ELECTION round 0: result PASSED
2022-06-27 16:57:01,359 [dca6aaee-9331-4135-ba39-5d4da9c5694b@group-AFCDA00B9A33-LeaderElection42] INFO  impl.RoleInfo (RoleInfo.java:shutdownLeaderElection(130)) - dca6aaee-9331-4135-ba39-5d4da9c5694b: shutdown dca6aaee-9331-4135-ba39-5d4da9c5694b@group-AFCDA00B9A33-LeaderElection42
2022-06-27 16:57:01,359 [dca6aaee-9331-4135-ba39-5d4da9c5694b@group-AFCDA00B9A33-LeaderElection42] INFO  server.RaftServer$Division (RaftServerImpl.java:setRole(299)) - dca6aaee-9331-4135-ba39-5d4da9c5694b@group-AFCDA00B9A33: changes role from CANDIDATE to LEADER at term 6 for changeToLeader
2022-06-27 16:57:01,359 [dca6aaee-9331-4135-ba39-5d4da9c5694b@group-AFCDA00B9A33-LeaderElection42] INFO  ratis.XceiverServerRatis (XceiverServerRatis.java:handleLeaderChangedNotification(863)) - Leader change notification received for group: group-AFCDA00B9A33 with new leaderId: dca6aaee-9331-4135-ba39-5d4da9c5694b
2022-06-27 16:57:01,359 [dca6aaee-9331-4135-ba39-5d4da9c5694b@group-AFCDA00B9A33-LeaderElection42] INFO  server.RaftServer$Division (ServerState.java:setLeader(287)) - dca6aaee-9331-4135-ba39-5d4da9c5694b@group-AFCDA00B9A33: change Leader from null to dca6aaee-9331-4135-ba39-5d4da9c5694b at term 6 for becomeLeader, leader elected after 30836ms
2022-06-27 16:57:01,360 [dca6aaee-9331-4135-ba39-5d4da9c5694b@group-AFCDA00B9A33-LeaderElection42] INFO  server.RaftServerConfigKeys (ConfUtils.java:logGet(46)) - raft.server.staging.catchup.gap = 1000 (default)
2022-06-27 16:57:01,360 [dca6aaee-9331-4135-ba39-5d4da9c5694b@group-AFCDA00B9A33-LeaderElection42] INFO  server.RaftServerConfigKeys (ConfUtils.java:logGet(46)) - raft.server.write.element-limit = 1024 (custom)
2022-06-27 16:57:01,360 [dca6aaee-9331-4135-ba39-5d4da9c5694b@group-AFCDA00B9A33-LeaderElection42] INFO  server.RaftServerConfigKeys (ConfUtils.java:logGet(46)) - raft.server.write.byte-limit = 1024 M (=1073741824) (custom)
2022-06-27 16:57:01,360 [dca6aaee-9331-4135-ba39-5d4da9c5694b@group-AFCDA00B9A33-LeaderElection42] INFO  server.RaftServerConfigKeys (ConfUtils.java:logGet(46)) - raft.server.watch.timeout = 180s (custom)
2022-06-27 16:57:01,360 [dca6aaee-9331-4135-ba39-5d4da9c5694b@group-AFCDA00B9A33-LeaderElection42] INFO  server.RaftServerConfigKeys (ConfUtils.java:logGet(46)) - raft.server.watch.timeout.denomination = 1s (default)
2022-06-27 16:57:01,360 [dca6aaee-9331-4135-ba39-5d4da9c5694b@group-AFCDA00B9A33-LeaderElection42] INFO  server.RaftServerConfigKeys (ConfUtils.java:logGet(46)) - raft.server.watch.element-limit = 65536 (default)
2022-06-27 16:57:01,360 [dca6aaee-9331-4135-ba39-5d4da9c5694b@group-AFCDA00B9A33-LeaderElection42] INFO  server.RaftServerConfigKeys (ConfUtils.java:logGet(46)) - raft.server.write.element-limit = 1024 (custom)
2022-06-27 16:57:01,360 [dca6aaee-9331-4135-ba39-5d4da9c5694b@group-AFCDA00B9A33-LeaderElection42] INFO  server.RaftServerConfigKeys (ConfUtils.java:logGet(46)) - raft.server.write.follower.gap.ratio.max = -1.0 (default)
2022-06-27 16:57:01,361 [dca6aaee-9331-4135-ba39-5d4da9c5694b@group-AFCDA00B9A33-LeaderElection42] INFO  server.RaftServerConfigKeys (ConfUtils.java:logGet(46)) - raft.server.log.appender.snapshot.chunk.size.max = 16MB (=16777216) (default)
2022-06-27 16:57:01,361 [dca6aaee-9331-4135-ba39-5d4da9c5694b@group-AFCDA00B9A33-LeaderElection42] INFO  server.RaftServerConfigKeys (ConfUtils.java:logGet(46)) - raft.server.log.appender.buffer.byte-limit = 33554432 (custom)
2022-06-27 16:57:01,361 [dca6aaee-9331-4135-ba39-5d4da9c5694b@group-AFCDA00B9A33-LeaderElection42] INFO  server.RaftServerConfigKeys (ConfUtils.java:logGet(46)) - raft.server.log.appender.buffer.element-limit = 1 (custom)
2022-06-27 16:57:01,361 [dca6aaee-9331-4135-ba39-5d4da9c5694b@group-AFCDA00B9A33-LeaderElection42] INFO  grpc.GrpcConfigKeys (ConfUtils.java:logGet(46)) - raft.grpc.server.leader.outstanding.appends.max = 128 (default)
2022-06-27 16:57:01,361 [dca6aaee-9331-4135-ba39-5d4da9c5694b@group-AFCDA00B9A33-LeaderElection42] INFO  server.RaftServerConfigKeys (ConfUtils.java:logGet(46)) - raft.server.rpc.request.timeout = 60s (custom)
2022-06-27 16:57:01,361 [dca6aaee-9331-4135-ba39-5d4da9c5694b@group-AFCDA00B9A33-LeaderElection42] INFO  server.RaftServerConfigKeys (ConfUtils.java:logGet(46)) - raft.server.log.appender.install.snapshot.enabled = false (custom)
2022-06-27 16:57:01,362 [dca6aaee-9331-4135-ba39-5d4da9c5694b@group-AFCDA00B9A33-LeaderElection42] INFO  server.RaftServerConfigKeys (ConfUtils.java:logGet(46)) - raft.server.log.appender.snapshot.chunk.size.max = 16MB (=16777216) (default)
2022-06-27 16:57:01,362 [dca6aaee-9331-4135-ba39-5d4da9c5694b@group-AFCDA00B9A33-LeaderElection42] INFO  server.RaftServerConfigKeys (ConfUtils.java:logGet(46)) - raft.server.log.appender.buffer.byte-limit = 33554432 (custom)
2022-06-27 16:57:01,362 [dca6aaee-9331-4135-ba39-5d4da9c5694b@group-AFCDA00B9A33-LeaderElection42] INFO  server.RaftServerConfigKeys (ConfUtils.java:logGet(46)) - raft.server.log.appender.buffer.element-limit = 1 (custom)
2022-06-27 16:57:01,362 [dca6aaee-9331-4135-ba39-5d4da9c5694b@group-AFCDA00B9A33-LeaderElection42] INFO  grpc.GrpcConfigKeys (ConfUtils.java:logGet(46)) - raft.grpc.server.leader.outstanding.appends.max = 128 (default)
2022-06-27 16:57:01,362 [dca6aaee-9331-4135-ba39-5d4da9c5694b@group-AFCDA00B9A33-LeaderElection42] INFO  server.RaftServerConfigKeys (ConfUtils.java:logGet(46)) - raft.server.rpc.request.timeout = 60s (custom)
2022-06-27 16:57:01,362 [dca6aaee-9331-4135-ba39-5d4da9c5694b@group-AFCDA00B9A33-LeaderElection42] INFO  server.RaftServerConfigKeys (ConfUtils.java:logGet(46)) - raft.server.log.appender.install.snapshot.enabled = false (custom)
2022-06-27 16:57:01,362 [dca6aaee-9331-4135-ba39-5d4da9c5694b@group-AFCDA00B9A33-LeaderElection42] INFO  impl.RoleInfo (RoleInfo.java:updateAndGet(139)) - dca6aaee-9331-4135-ba39-5d4da9c5694b: start dca6aaee-9331-4135-ba39-5d4da9c5694b@group-AFCDA00B9A33-LeaderStateImpl
2022-06-27 16:57:01,363 [dca6aaee-9331-4135-ba39-5d4da9c5694b@group-AFCDA00B9A33-LeaderElection42] INFO  segmented.SegmentedRaftLogWorker (SegmentedRaftLogWorker.java:startLogSegment(425)) - dca6aaee-9331-4135-ba39-5d4da9c5694b@group-AFCDA00B9A33-SegmentedRaftLogWorker: Starting segment from index:0
2022-06-27 16:57:01,364 [dca6aaee-9331-4135-ba39-5d4da9c5694b@group-AFCDA00B9A33-SegmentedRaftLogWorker] INFO  segmented.SegmentedRaftLogWorker (SegmentedRaftLogWorker.java:execute(629)) - dca6aaee-9331-4135-ba39-5d4da9c5694b@group-AFCDA00B9A33-SegmentedRaftLogWorker: created new log segment /home/runner/work/ozone/ozone/hadoop-ozone/integration-test/target/test-dir/MiniOzoneClusterImpl-66908fe7-3497-48b2-847b-81db60c5ccf5/datanode-2/data/ratis/b78c9d7f-4c44-4459-9f51-afcda00b9a33/current/log_inprogress_0
2022-06-27 16:57:01,371 [3de1546c-8c2e-4aa4-a8af-42deb78e6291@group-AFCDA00B9A33-FollowerState] INFO  impl.FollowerState (FollowerState.java:shouldRun(117)) - 3de1546c-8c2e-4aa4-a8af-42deb78e6291@group-AFCDA00B9A33-FollowerState: Stopping now (isRunning? false, role = FOLLOWER)
2022-06-27 16:57:01,390 [grpc-default-executor-3] INFO  impl.RoleInfo (RoleInfo.java:updateAndGet(139)) - 3de1546c-8c2e-4aa4-a8af-42deb78e6291: start 3de1546c-8c2e-4aa4-a8af-42deb78e6291@group-AFCDA00B9A33-FollowerState
2022-06-27 16:57:01,390 [dca6aaee-9331-4135-ba39-5d4da9c5694b@group-AFCDA00B9A33-LeaderElection42] INFO  server.RaftServer$Division (ServerState.java:setRaftConf(393)) - dca6aaee-9331-4135-ba39-5d4da9c5694b@group-AFCDA00B9A33: set configuration 0: [bc887f2d-be8a-4785-be83-b8a81978c60b|rpc:10.1.0.22:35037|dataStream:|priority:0, dca6aaee-9331-4135-ba39-5d4da9c5694b|rpc:10.1.0.22:41117|dataStream:|priority:1, 3de1546c-8c2e-4aa4-a8af-42deb78e6291|rpc:10.1.0.22:34197|dataStream:|priority:0], old=null
2022-06-27 16:57:01,394 [grpc-default-executor-3] INFO  server.RaftServer$Division (RaftServerImpl.java:requestVote(1184)) - 3de1546c-8c2e-4aa4-a8af-42deb78e6291@group-AFCDA00B9A33 replies to ELECTION vote request: dca6aaee-9331-4135-ba39-5d4da9c5694b<-3de1546c-8c2e-4aa4-a8af-42deb78e6291#0:OK-t6. Peer's state: 3de1546c-8c2e-4aa4-a8af-42deb78e6291@group-AFCDA00B9A33:t6, leader=null, voted=dca6aaee-9331-4135-ba39-5d4da9c5694b, raftlog=3de1546c-8c2e-4aa4-a8af-42deb78e6291@group-AFCDA00B9A33-SegmentedRaftLog:OPENED:c-1, conf=-1: [bc887f2d-be8a-4785-be83-b8a81978c60b|rpc:10.1.0.22:35037|priority:0, dca6aaee-9331-4135-ba39-5d4da9c5694b|rpc:10.1.0.22:41117|priority:1, 3de1546c-8c2e-4aa4-a8af-42deb78e6291|rpc:10.1.0.22:34197|priority:0], old=null
2022-06-27 16:57:01,395 [3de1546c-8c2e-4aa4-a8af-42deb78e6291-server-thread1] INFO  ratis.XceiverServerRatis (XceiverServerRatis.java:handleLeaderChangedNotification(863)) - Leader change notification received for group: group-AFCDA00B9A33 with new leaderId: dca6aaee-9331-4135-ba39-5d4da9c5694b
2022-06-27 16:57:01,395 [3de1546c-8c2e-4aa4-a8af-42deb78e6291-server-thread1] INFO  server.RaftServer$Division (ServerState.java:setLeader(287)) - 3de1546c-8c2e-4aa4-a8af-42deb78e6291@group-AFCDA00B9A33: change Leader from null to dca6aaee-9331-4135-ba39-5d4da9c5694b at term 6 for appendEntries, leader elected after 30905ms
2022-06-27 16:57:01,406 [3de1546c-8c2e-4aa4-a8af-42deb78e6291-server-thread2] INFO  server.RaftServer$Division (ServerState.java:setRaftConf(393)) - 3de1546c-8c2e-4aa4-a8af-42deb78e6291@group-AFCDA00B9A33: set configuration 0: [bc887f2d-be8a-4785-be83-b8a81978c60b|rpc:10.1.0.22:35037|dataStream:|priority:0, dca6aaee-9331-4135-ba39-5d4da9c5694b|rpc:10.1.0.22:41117|dataStream:|priority:1, 3de1546c-8c2e-4aa4-a8af-42deb78e6291|rpc:10.1.0.22:34197|dataStream:|priority:0], old=null
2022-06-27 16:57:01,406 [3de1546c-8c2e-4aa4-a8af-42deb78e6291-server-thread2] INFO  segmented.SegmentedRaftLogWorker (SegmentedRaftLogWorker.java:startLogSegment(425)) - 3de1546c-8c2e-4aa4-a8af-42deb78e6291@group-AFCDA00B9A33-SegmentedRaftLogWorker: Starting segment from index:0
2022-06-27 16:57:01,412 [bc887f2d-be8a-4785-be83-b8a81978c60b-server-thread1] INFO  ratis.XceiverServerRatis (XceiverServerRatis.java:handleLeaderChangedNotification(863)) - Leader change notification received for group: group-AFCDA00B9A33 with new leaderId: dca6aaee-9331-4135-ba39-5d4da9c5694b
2022-06-27 16:57:01,412 [bc887f2d-be8a-4785-be83-b8a81978c60b-server-thread1] INFO  server.RaftServer$Division (ServerState.java:setLeader(287)) - bc887f2d-be8a-4785-be83-b8a81978c60b@group-AFCDA00B9A33: change Leader from null to dca6aaee-9331-4135-ba39-5d4da9c5694b at term 6 for appendEntries, leader elected after 30848ms
2022-06-27 16:57:01,412 [3de1546c-8c2e-4aa4-a8af-42deb78e6291@group-AFCDA00B9A33-SegmentedRaftLogWorker] INFO  segmented.SegmentedRaftLogWorker (SegmentedRaftLogWorker.java:execute(629)) - 3de1546c-8c2e-4aa4-a8af-42deb78e6291@group-AFCDA00B9A33-SegmentedRaftLogWorker: created new log segment /home/runner/work/ozone/ozone/hadoop-ozone/integration-test/target/test-dir/MiniOzoneClusterImpl-66908fe7-3497-48b2-847b-81db60c5ccf5/datanode-0/data/ratis/b78c9d7f-4c44-4459-9f51-afcda00b9a33/current/log_inprogress_0
2022-06-27 16:57:01,437 [bc887f2d-be8a-4785-be83-b8a81978c60b-server-thread1] INFO  server.RaftServer$Division (ServerState.java:setRaftConf(393)) - bc887f2d-be8a-4785-be83-b8a81978c60b@group-AFCDA00B9A33: set configuration 0: [bc887f2d-be8a-4785-be83-b8a81978c60b|rpc:10.1.0.22:35037|dataStream:|priority:0, dca6aaee-9331-4135-ba39-5d4da9c5694b|rpc:10.1.0.22:41117|dataStream:|priority:1, 3de1546c-8c2e-4aa4-a8af-42deb78e6291|rpc:10.1.0.22:34197|dataStream:|priority:0], old=null
2022-06-27 16:57:01,437 [bc887f2d-be8a-4785-be83-b8a81978c60b-server-thread1] INFO  segmented.SegmentedRaftLogWorker (SegmentedRaftLogWorker.java:startLogSegment(425)) - bc887f2d-be8a-4785-be83-b8a81978c60b@group-AFCDA00B9A33-SegmentedRaftLogWorker: Starting segment from index:0
2022-06-27 16:57:01,442 [bc887f2d-be8a-4785-be83-b8a81978c60b@group-AFCDA00B9A33-SegmentedRaftLogWorker] INFO  segmented.SegmentedRaftLogWorker (SegmentedRaftLogWorker.java:execute(629)) - bc887f2d-be8a-4785-be83-b8a81978c60b@group-AFCDA00B9A33-SegmentedRaftLogWorker: created new log segment /home/runner/work/ozone/ozone/hadoop-ozone/integration-test/target/test-dir/MiniOzoneClusterImpl-66908fe7-3497-48b2-847b-81db60c5ccf5/datanode-1/data/ratis/b78c9d7f-4c44-4459-9f51-afcda00b9a33/current/log_inprogress_0
2022-06-27 16:57:02,324 [Listener at 127.0.0.1/40407] INFO  ozoneimpl.OzoneContainer (OzoneContainer.java:stop(365)) - Attempting to stop container services.
2022-06-27 16:57:02,325 [Listener at 127.0.0.1/40407] INFO  server.RaftServer (RaftServerProxy.java:lambda$close$7(398)) - dca6aaee-9331-4135-ba39-5d4da9c5694b: close
2022-06-27 16:57:02,325 [Listener at 127.0.0.1/40407] INFO  server.RaftServer$Division (RaftServerImpl.java:lambda$close$4(434)) - dca6aaee-9331-4135-ba39-5d4da9c5694b@group-0B60ABD16714: shutdown
2022-06-27 16:57:02,325 [Listener at 127.0.0.1/40407] INFO  util.JmxRegister (JmxRegister.java:unregister(73)) - Successfully un-registered JMX Bean with object name Ratis:service=RaftServer,group=group-0B60ABD16714,id=dca6aaee-9331-4135-ba39-5d4da9c5694b
2022-06-27 16:57:02,325 [Listener at 127.0.0.1/40407] INFO  impl.RoleInfo (RoleInfo.java:shutdownFollowerState(110)) - dca6aaee-9331-4135-ba39-5d4da9c5694b: shutdown dca6aaee-9331-4135-ba39-5d4da9c5694b@group-0B60ABD16714-FollowerState
2022-06-27 16:57:02,325 [ForkJoinPool.commonPool-worker-1] INFO  ozoneimpl.OzoneContainer (OzoneContainer.java:stop(365)) - Attempting to stop container services.
2022-06-27 16:57:02,326 [dca6aaee-9331-4135-ba39-5d4da9c5694b@group-0B60ABD16714-StateMachineUpdater] INFO  ratis.ContainerStateMachine (ContainerStateMachine.java:takeSnapshot(304)) - group-0B60ABD16714: Taking a snapshot at:(t:2, i:30) file /home/runner/work/ozone/ozone/hadoop-ozone/integration-test/target/test-dir/MiniOzoneClusterImpl-66908fe7-3497-48b2-847b-81db60c5ccf5/datanode-2/data/ratis/589459f4-e877-4ea0-b925-0b60abd16714/sm/snapshot.2_30
2022-06-27 16:57:02,326 [ForkJoinPool.commonPool-worker-1] INFO  server.RaftServer (RaftServerProxy.java:lambda$close$7(398)) - bc887f2d-be8a-4785-be83-b8a81978c60b: close
2022-06-27 16:57:02,325 [Listener at 127.0.0.1/40407] INFO  impl.StateMachineUpdater (StateMachineUpdater.java:stopAndJoin(153)) - dca6aaee-9331-4135-ba39-5d4da9c5694b@group-0B60ABD16714-StateMachineUpdater: set stopIndex = 30
2022-06-27 16:57:02,326 [ForkJoinPool.commonPool-worker-1] INFO  server.RaftServer$Division (RaftServerImpl.java:lambda$close$4(434)) - bc887f2d-be8a-4785-be83-b8a81978c60b@group-0B60ABD16714: shutdown
2022-06-27 16:57:02,326 [ForkJoinPool.commonPool-worker-1] INFO  util.JmxRegister (JmxRegister.java:unregister(73)) - Successfully un-registered JMX Bean with object name Ratis:service=RaftServer,group=group-0B60ABD16714,id=bc887f2d-be8a-4785-be83-b8a81978c60b
2022-06-27 16:57:02,326 [ForkJoinPool.commonPool-worker-1] INFO  impl.RoleInfo (RoleInfo.java:shutdownLeaderState(93)) - bc887f2d-be8a-4785-be83-b8a81978c60b: shutdown bc887f2d-be8a-4785-be83-b8a81978c60b@group-0B60ABD16714-LeaderStateImpl
2022-06-27 16:57:02,326 [ForkJoinPool.commonPool-worker-1] INFO  impl.PendingRequests (PendingRequests.java:sendNotLeaderResponses(282)) - bc887f2d-be8a-4785-be83-b8a81978c60b@group-0B60ABD16714-PendingRequests: sendNotLeaderResponses
2022-06-27 16:57:02,328 [dca6aaee-9331-4135-ba39-5d4da9c5694b@group-0B60ABD16714-StateMachineUpdater] INFO  ratis.ContainerStateMachine (ContainerStateMachine.java:takeSnapshot(315)) - group-0B60ABD16714: Finished taking a snapshot at:(t:2, i:30) file:/home/runner/work/ozone/ozone/hadoop-ozone/integration-test/target/test-dir/MiniOzoneClusterImpl-66908fe7-3497-48b2-847b-81db60c5ccf5/datanode-2/data/ratis/589459f4-e877-4ea0-b925-0b60abd16714/sm/snapshot.2_30 took: 2 ms
2022-06-27 16:57:02,328 [dca6aaee-9331-4135-ba39-5d4da9c5694b@group-0B60ABD16714-StateMachineUpdater] INFO  impl.StateMachineUpdater (StateMachineUpdater.java:takeSnapshot(287)) - dca6aaee-9331-4135-ba39-5d4da9c5694b@group-0B60ABD16714-StateMachineUpdater: Took a snapshot at index 30
2022-06-27 16:57:02,328 [dca6aaee-9331-4135-ba39-5d4da9c5694b@group-0B60ABD16714-StateMachineUpdater] INFO  impl.StateMachineUpdater (StateMachineUpdater.java:lambda$new$0(92)) - dca6aaee-9331-4135-ba39-5d4da9c5694b@group-0B60ABD16714-StateMachineUpdater: snapshotIndex: updateIncreasingly -1 -> 30
2022-06-27 16:57:02,335 [ForkJoinPool.commonPool-worker-1] INFO  impl.StateMachineUpdater (StateMachineUpdater.java:stopAndJoin(153)) - bc887f2d-be8a-4785-be83-b8a81978c60b@group-0B60ABD16714-StateMachineUpdater: set stopIndex = 30
2022-06-27 16:57:02,335 [bc887f2d-be8a-4785-be83-b8a81978c60b@group-0B60ABD16714-StateMachineUpdater] INFO  ratis.ContainerStateMachine (ContainerStateMachine.java:takeSnapshot(304)) - group-0B60ABD16714: Taking a snapshot at:(t:2, i:30) file /home/runner/work/ozone/ozone/hadoop-ozone/integration-test/target/test-dir/MiniOzoneClusterImpl-66908fe7-3497-48b2-847b-81db60c5ccf5/datanode-1/data/ratis/589459f4-e877-4ea0-b925-0b60abd16714/sm/snapshot.2_30
2022-06-27 16:57:02,336 [bc887f2d-be8a-4785-be83-b8a81978c60b@group-0B60ABD16714-StateMachineUpdater] INFO  ratis.ContainerStateMachine (ContainerStateMachine.java:takeSnapshot(315)) - group-0B60ABD16714: Finished taking a snapshot at:(t:2, i:30) file:/home/runner/work/ozone/ozone/hadoop-ozone/integration-test/target/test-dir/MiniOzoneClusterImpl-66908fe7-3497-48b2-847b-81db60c5ccf5/datanode-1/data/ratis/589459f4-e877-4ea0-b925-0b60abd16714/sm/snapshot.2_30 took: 1 ms
2022-06-27 16:57:02,336 [bc887f2d-be8a-4785-be83-b8a81978c60b@group-0B60ABD16714-StateMachineUpdater] INFO  impl.StateMachineUpdater (StateMachineUpdater.java:takeSnapshot(287)) - bc887f2d-be8a-4785-be83-b8a81978c60b@group-0B60ABD16714-StateMachineUpdater: Took a snapshot at index 30
2022-06-27 16:57:02,336 [bc887f2d-be8a-4785-be83-b8a81978c60b@group-0B60ABD16714-StateMachineUpdater] INFO  impl.StateMachineUpdater (StateMachineUpdater.java:lambda$new$0(92)) - bc887f2d-be8a-4785-be83-b8a81978c60b@group-0B60ABD16714-StateMachineUpdater: snapshotIndex: updateIncreasingly -1 -> 30
2022-06-27 16:57:02,337 [ForkJoinPool.commonPool-worker-1] INFO  server.RaftServer$Division (ServerState.java:close(429)) - bc887f2d-be8a-4785-be83-b8a81978c60b@group-0B60ABD16714: closes. applyIndex: 30
2022-06-27 16:57:02,337 [bc887f2d-be8a-4785-be83-b8a81978c60b@group-0B60ABD16714-SegmentedRaftLogWorker] INFO  segmented.SegmentedRaftLogWorker (SegmentedRaftLogWorker.java:run(336)) - bc887f2d-be8a-4785-be83-b8a81978c60b@group-0B60ABD16714-SegmentedRaftLogWorker was interrupted, exiting. There are 0 tasks remaining in the queue.
2022-06-27 16:57:02,338 [ForkJoinPool.commonPool-worker-1] INFO  segmented.SegmentedRaftLogWorker (SegmentedRaftLogWorker.java:close(246)) - bc887f2d-be8a-4785-be83-b8a81978c60b@group-0B60ABD16714-SegmentedRaftLogWorker close()
2022-06-27 16:57:02,339 [dca6aaee-9331-4135-ba39-5d4da9c5694b@group-0B60ABD16714-FollowerState] INFO  impl.FollowerState (FollowerState.java:run(152)) - dca6aaee-9331-4135-ba39-5d4da9c5694b@group-0B60ABD16714-FollowerState was interrupted
2022-06-27 16:57:02,340 [bc887f2d-be8a-4785-be83-b8a81978c60b@group-0B60ABD16714->dca6aaee-9331-4135-ba39-5d4da9c5694b-GrpcLogAppender-LogAppenderDaemon] WARN  server.GrpcLogAppender (GrpcLogAppender.java:mayWait(171)) - bc887f2d-be8a-4785-be83-b8a81978c60b@group-0B60ABD16714->dca6aaee-9331-4135-ba39-5d4da9c5694b-GrpcLogAppender: Wait interrupted by java.lang.InterruptedException
2022-06-27 16:57:02,340 [bc887f2d-be8a-4785-be83-b8a81978c60b@group-0B60ABD16714->3de1546c-8c2e-4aa4-a8af-42deb78e6291-GrpcLogAppender-LogAppenderDaemon] WARN  server.GrpcLogAppender (GrpcLogAppender.java:mayWait(171)) - bc887f2d-be8a-4785-be83-b8a81978c60b@group-0B60ABD16714->3de1546c-8c2e-4aa4-a8af-42deb78e6291-GrpcLogAppender: Wait interrupted by java.lang.InterruptedException
2022-06-27 16:57:02,340 [grpc-default-executor-2] INFO  server.GrpcServerProtocolService (GrpcServerProtocolService.java:onCompleted(140)) - 3de1546c-8c2e-4aa4-a8af-42deb78e6291: Completed APPEND_ENTRIES, lastRequest: bc887f2d-be8a-4785-be83-b8a81978c60b->3de1546c-8c2e-4aa4-a8af-42deb78e6291#444-t2,previous=(t:2, i:29),leaderCommit=28,initializing? true,entries: size=1, first=(t:2, i:30), METADATAENTRY(c:28)
2022-06-27 16:57:02,341 [grpc-default-executor-1] INFO  server.GrpcServerProtocolService (GrpcServerProtocolService.java:onCompleted(140)) - dca6aaee-9331-4135-ba39-5d4da9c5694b: Completed APPEND_ENTRIES, lastRequest: bc887f2d-be8a-4785-be83-b8a81978c60b->dca6aaee-9331-4135-ba39-5d4da9c5694b#459-t2,previous=(t:2, i:29),leaderCommit=28,initializing? true,entries: size=1, first=(t:2, i:30), METADATAENTRY(c:28)
2022-06-27 16:57:02,342 [grpc-default-executor-1] INFO  server.GrpcLogAppender (GrpcLogAppender.java:onCompleted(339)) - bc887f2d-be8a-4785-be83-b8a81978c60b@group-0B60ABD16714->3de1546c-8c2e-4aa4-a8af-42deb78e6291-AppendLogResponseHandler: follower responses appendEntries COMPLETED
2022-06-27 16:57:02,342 [grpc-default-executor-1] INFO  leader.FollowerInfo (FollowerInfoImpl.java:lambda$new$0(48)) - bc887f2d-be8a-4785-be83-b8a81978c60b@group-0B60ABD16714->3de1546c-8c2e-4aa4-a8af-42deb78e6291: nextIndex: updateUnconditionally 31 -> 30
2022-06-27 16:57:02,345 [grpc-default-executor-0] INFO  server.GrpcLogAppender (GrpcLogAppender.java:onCompleted(339)) - bc887f2d-be8a-4785-be83-b8a81978c60b@group-0B60ABD16714->dca6aaee-9331-4135-ba39-5d4da9c5694b-AppendLogResponseHandler: follower responses appendEntries COMPLETED
2022-06-27 16:57:02,345 [grpc-default-executor-0] INFO  leader.FollowerInfo (FollowerInfoImpl.java:lambda$new$0(48)) - bc887f2d-be8a-4785-be83-b8a81978c60b@group-0B60ABD16714->dca6aaee-9331-4135-ba39-5d4da9c5694b: nextIndex: updateUnconditionally 31 -> 30
2022-06-27 16:57:02,345 [ForkJoinPool.commonPool-worker-1] INFO  server.RaftServer$Division (RaftServerImpl.java:lambda$close$4(434)) - bc887f2d-be8a-4785-be83-b8a81978c60b@group-AFCDA00B9A33: shutdown
2022-06-27 16:57:02,345 [ForkJoinPool.commonPool-worker-1] INFO  util.JmxRegister (JmxRegister.java:unregister(73)) - Successfully un-registered JMX Bean with object name Ratis:service=RaftServer,group=group-AFCDA00B9A33,id=bc887f2d-be8a-4785-be83-b8a81978c60b
2022-06-27 16:57:02,345 [ForkJoinPool.commonPool-worker-1] INFO  impl.RoleInfo (RoleInfo.java:shutdownFollowerState(110)) - bc887f2d-be8a-4785-be83-b8a81978c60b: shutdown bc887f2d-be8a-4785-be83-b8a81978c60b@group-AFCDA00B9A33-FollowerState
2022-06-27 16:57:02,346 [bc887f2d-be8a-4785-be83-b8a81978c60b@group-AFCDA00B9A33-FollowerState] INFO  impl.FollowerState (FollowerState.java:run(152)) - bc887f2d-be8a-4785-be83-b8a81978c60b@group-AFCDA00B9A33-FollowerState was interrupted
2022-06-27 16:57:02,347 [bc887f2d-be8a-4785-be83-b8a81978c60b@group-AFCDA00B9A33-StateMachineUpdater] INFO  ratis.ContainerStateMachine (ContainerStateMachine.java:takeSnapshot(304)) - group-AFCDA00B9A33: Taking a snapshot at:(t:6, i:0) file /home/runner/work/ozone/ozone/hadoop-ozone/integration-test/target/test-dir/MiniOzoneClusterImpl-66908fe7-3497-48b2-847b-81db60c5ccf5/datanode-1/data/ratis/b78c9d7f-4c44-4459-9f51-afcda00b9a33/sm/snapshot.6_0
2022-06-27 16:57:02,347 [ForkJoinPool.commonPool-worker-1] INFO  impl.StateMachineUpdater (StateMachineUpdater.java:stopAndJoin(153)) - bc887f2d-be8a-4785-be83-b8a81978c60b@group-AFCDA00B9A33-StateMachineUpdater: set stopIndex = 0
2022-06-27 16:57:02,347 [bc887f2d-be8a-4785-be83-b8a81978c60b@group-AFCDA00B9A33-StateMachineUpdater] INFO  ratis.ContainerStateMachine (ContainerStateMachine.java:takeSnapshot(315)) - group-AFCDA00B9A33: Finished taking a snapshot at:(t:6, i:0) file:/home/runner/work/ozone/ozone/hadoop-ozone/integration-test/target/test-dir/MiniOzoneClusterImpl-66908fe7-3497-48b2-847b-81db60c5ccf5/datanode-1/data/ratis/b78c9d7f-4c44-4459-9f51-afcda00b9a33/sm/snapshot.6_0 took: 1 ms
2022-06-27 16:57:02,347 [bc887f2d-be8a-4785-be83-b8a81978c60b@group-AFCDA00B9A33-StateMachineUpdater] INFO  impl.StateMachineUpdater (StateMachineUpdater.java:takeSnapshot(287)) - bc887f2d-be8a-4785-be83-b8a81978c60b@group-AFCDA00B9A33-StateMachineUpdater: Took a snapshot at index 0
2022-06-27 16:57:02,347 [bc887f2d-be8a-4785-be83-b8a81978c60b@group-AFCDA00B9A33-StateMachineUpdater] INFO  impl.StateMachineUpdater (StateMachineUpdater.java:lambda$new$0(92)) - bc887f2d-be8a-4785-be83-b8a81978c60b@group-AFCDA00B9A33-StateMachineUpdater: snapshotIndex: updateIncreasingly -1 -> 0
2022-06-27 16:57:02,348 [ForkJoinPool.commonPool-worker-1] INFO  server.RaftServer$Division (ServerState.java:close(429)) - bc887f2d-be8a-4785-be83-b8a81978c60b@group-AFCDA00B9A33: closes. applyIndex: 0
2022-06-27 16:57:02,348 [bc887f2d-be8a-4785-be83-b8a81978c60b@group-AFCDA00B9A33-SegmentedRaftLogWorker] INFO  segmented.SegmentedRaftLogWorker (SegmentedRaftLogWorker.java:run(336)) - bc887f2d-be8a-4785-be83-b8a81978c60b@group-AFCDA00B9A33-SegmentedRaftLogWorker was interrupted, exiting. There are 0 tasks remaining in the queue.
2022-06-27 16:57:02,350 [Listener at 127.0.0.1/40407] INFO  server.RaftServer$Division (ServerState.java:close(429)) - dca6aaee-9331-4135-ba39-5d4da9c5694b@group-0B60ABD16714: closes. applyIndex: 30
2022-06-27 16:57:02,350 [dca6aaee-9331-4135-ba39-5d4da9c5694b@group-0B60ABD16714-SegmentedRaftLogWorker] INFO  segmented.SegmentedRaftLogWorker (SegmentedRaftLogWorker.java:run(336)) - dca6aaee-9331-4135-ba39-5d4da9c5694b@group-0B60ABD16714-SegmentedRaftLogWorker was interrupted, exiting. There are 0 tasks remaining in the queue.
2022-06-27 16:57:02,350 [ForkJoinPool.commonPool-worker-1] INFO  segmented.SegmentedRaftLogWorker (SegmentedRaftLogWorker.java:close(246)) - bc887f2d-be8a-4785-be83-b8a81978c60b@group-AFCDA00B9A33-SegmentedRaftLogWorker close()
2022-06-27 16:57:02,351 [Listener at 127.0.0.1/40407] INFO  segmented.SegmentedRaftLogWorker (SegmentedRaftLogWorker.java:close(246)) - dca6aaee-9331-4135-ba39-5d4da9c5694b@group-0B60ABD16714-SegmentedRaftLogWorker close()
2022-06-27 16:57:02,352 [Listener at 127.0.0.1/40407] INFO  server.RaftServer$Division (RaftServerImpl.java:lambda$close$4(434)) - dca6aaee-9331-4135-ba39-5d4da9c5694b@group-AFCDA00B9A33: shutdown
2022-06-27 16:57:02,353 [Listener at 127.0.0.1/40407] INFO  util.JmxRegister (JmxRegister.java:unregister(73)) - Successfully un-registered JMX Bean with object name Ratis:service=RaftServer,group=group-AFCDA00B9A33,id=dca6aaee-9331-4135-ba39-5d4da9c5694b
2022-06-27 16:57:02,353 [Listener at 127.0.0.1/40407] INFO  impl.RoleInfo (RoleInfo.java:shutdownLeaderState(93)) - dca6aaee-9331-4135-ba39-5d4da9c5694b: shutdown dca6aaee-9331-4135-ba39-5d4da9c5694b@group-AFCDA00B9A33-LeaderStateImpl
2022-06-27 16:57:02,353 [dca6aaee-9331-4135-ba39-5d4da9c5694b@group-AFCDA00B9A33->bc887f2d-be8a-4785-be83-b8a81978c60b-GrpcLogAppender-LogAppenderDaemon] WARN  server.GrpcLogAppender (GrpcLogAppender.java:mayWait(171)) - dca6aaee-9331-4135-ba39-5d4da9c5694b@group-AFCDA00B9A33->bc887f2d-be8a-4785-be83-b8a81978c60b-GrpcLogAppender: Wait interrupted by java.lang.InterruptedException
2022-06-27 16:57:02,353 [grpc-default-executor-0] INFO  server.GrpcServerProtocolService (GrpcServerProtocolService.java:onCompleted(140)) - bc887f2d-be8a-4785-be83-b8a81978c60b: Completed APPEND_ENTRIES, lastRequest: dca6aaee-9331-4135-ba39-5d4da9c5694b->bc887f2d-be8a-4785-be83-b8a81978c60b#1-t6,previous=(t:0, i:0),leaderCommit=-1,initializing? true,entries: size=1, first=(t:6, i:0), CONFIGURATIONENTRY
2022-06-27 16:57:02,354 [grpc-default-executor-1] INFO  server.GrpcLogAppender (GrpcLogAppender.java:onCompleted(339)) - dca6aaee-9331-4135-ba39-5d4da9c5694b@group-AFCDA00B9A33->bc887f2d-be8a-4785-be83-b8a81978c60b-AppendLogResponseHandler: follower responses appendEntries COMPLETED
2022-06-27 16:57:02,354 [grpc-default-executor-1] INFO  leader.FollowerInfo (FollowerInfoImpl.java:lambda$new$0(48)) - dca6aaee-9331-4135-ba39-5d4da9c5694b@group-AFCDA00B9A33->bc887f2d-be8a-4785-be83-b8a81978c60b: nextIndex: updateUnconditionally 1 -> 0
2022-06-27 16:57:02,354 [dca6aaee-9331-4135-ba39-5d4da9c5694b@group-AFCDA00B9A33->3de1546c-8c2e-4aa4-a8af-42deb78e6291-GrpcLogAppender-LogAppenderDaemon] WARN  server.GrpcLogAppender (GrpcLogAppender.java:mayWait(171)) - dca6aaee-9331-4135-ba39-5d4da9c5694b@group-AFCDA00B9A33->3de1546c-8c2e-4aa4-a8af-42deb78e6291-GrpcLogAppender: Wait interrupted by java.lang.InterruptedException
2022-06-27 16:57:02,354 [grpc-default-executor-1] INFO  server.GrpcServerProtocolService (GrpcServerProtocolService.java:onCompleted(140)) - 3de1546c-8c2e-4aa4-a8af-42deb78e6291: Completed APPEND_ENTRIES, lastRequest: dca6aaee-9331-4135-ba39-5d4da9c5694b->3de1546c-8c2e-4aa4-a8af-42deb78e6291#1-t6,previous=(t:0, i:0),leaderCommit=-1,initializing? true,entries: size=1, first=(t:6, i:0), CONFIGURATIONENTRY
2022-06-27 16:57:02,355 [grpc-default-executor-2] INFO  server.GrpcLogAppender (GrpcLogAppender.java:onCompleted(339)) - dca6aaee-9331-4135-ba39-5d4da9c5694b@group-AFCDA00B9A33->3de1546c-8c2e-4aa4-a8af-42deb78e6291-AppendLogResponseHandler: follower responses appendEntries COMPLETED
2022-06-27 16:57:02,355 [grpc-default-executor-2] INFO  leader.FollowerInfo (FollowerInfoImpl.java:lambda$new$0(48)) - dca6aaee-9331-4135-ba39-5d4da9c5694b@group-AFCDA00B9A33->3de1546c-8c2e-4aa4-a8af-42deb78e6291: nextIndex: updateUnconditionally 1 -> 0
2022-06-27 16:57:02,355 [Listener at 127.0.0.1/40407] INFO  impl.PendingRequests (PendingRequests.java:sendNotLeaderResponses(282)) - dca6aaee-9331-4135-ba39-5d4da9c5694b@group-AFCDA00B9A33-PendingRequests: sendNotLeaderResponses
2022-06-27 16:57:02,355 [Listener at 127.0.0.1/40407] INFO  impl.StateMachineUpdater (StateMachineUpdater.java:stopAndJoin(153)) - dca6aaee-9331-4135-ba39-5d4da9c5694b@group-AFCDA00B9A33-StateMachineUpdater: set stopIndex = 0
2022-06-27 16:57:02,356 [dca6aaee-9331-4135-ba39-5d4da9c5694b@group-AFCDA00B9A33-StateMachineUpdater] INFO  ratis.ContainerStateMachine (ContainerStateMachine.java:takeSnapshot(304)) - group-AFCDA00B9A33: Taking a snapshot at:(t:6, i:0) file /home/runner/work/ozone/ozone/hadoop-ozone/integration-test/target/test-dir/MiniOzoneClusterImpl-66908fe7-3497-48b2-847b-81db60c5ccf5/datanode-2/data/ratis/b78c9d7f-4c44-4459-9f51-afcda00b9a33/sm/snapshot.6_0
2022-06-27 16:57:02,356 [dca6aaee-9331-4135-ba39-5d4da9c5694b@group-AFCDA00B9A33-StateMachineUpdater] INFO  ratis.ContainerStateMachine (ContainerStateMachine.java:takeSnapshot(315)) - group-AFCDA00B9A33: Finished taking a snapshot at:(t:6, i:0) file:/home/runner/work/ozone/ozone/hadoop-ozone/integration-test/target/test-dir/MiniOzoneClusterImpl-66908fe7-3497-48b2-847b-81db60c5ccf5/datanode-2/data/ratis/b78c9d7f-4c44-4459-9f51-afcda00b9a33/sm/snapshot.6_0 took: 1 ms
2022-06-27 16:57:02,356 [dca6aaee-9331-4135-ba39-5d4da9c5694b@group-AFCDA00B9A33-StateMachineUpdater] INFO  impl.StateMachineUpdater (StateMachineUpdater.java:takeSnapshot(287)) - dca6aaee-9331-4135-ba39-5d4da9c5694b@group-AFCDA00B9A33-StateMachineUpdater: Took a snapshot at index 0
2022-06-27 16:57:02,357 [dca6aaee-9331-4135-ba39-5d4da9c5694b@group-AFCDA00B9A33-StateMachineUpdater] INFO  impl.StateMachineUpdater (StateMachineUpdater.java:lambda$new$0(92)) - dca6aaee-9331-4135-ba39-5d4da9c5694b@group-AFCDA00B9A33-StateMachineUpdater: snapshotIndex: updateIncreasingly -1 -> 0
2022-06-27 16:57:02,360 [Listener at 127.0.0.1/40407] INFO  server.RaftServer$Division (ServerState.java:close(429)) - dca6aaee-9331-4135-ba39-5d4da9c5694b@group-AFCDA00B9A33: closes. applyIndex: 0
2022-06-27 16:57:02,361 [dca6aaee-9331-4135-ba39-5d4da9c5694b@group-AFCDA00B9A33-SegmentedRaftLogWorker] INFO  segmented.SegmentedRaftLogWorker (SegmentedRaftLogWorker.java:run(336)) - dca6aaee-9331-4135-ba39-5d4da9c5694b@group-AFCDA00B9A33-SegmentedRaftLogWorker was interrupted, exiting. There are 0 tasks remaining in the queue.
2022-06-27 16:57:02,365 [ForkJoinPool.commonPool-worker-1] INFO  server.RaftServer$Division (RaftServerImpl.java:lambda$close$4(434)) - bc887f2d-be8a-4785-be83-b8a81978c60b@group-829A91E06383: shutdown
2022-06-27 16:57:02,365 [ForkJoinPool.commonPool-worker-1] INFO  util.JmxRegister (JmxRegister.java:unregister(73)) - Successfully un-registered JMX Bean with object name Ratis:service=RaftServer,group=group-829A91E06383,id=bc887f2d-be8a-4785-be83-b8a81978c60b
2022-06-27 16:57:02,365 [ForkJoinPool.commonPool-worker-1] INFO  impl.RoleInfo (RoleInfo.java:shutdownLeaderState(93)) - bc887f2d-be8a-4785-be83-b8a81978c60b: shutdown bc887f2d-be8a-4785-be83-b8a81978c60b@group-829A91E06383-LeaderStateImpl
2022-06-27 16:57:02,366 [ForkJoinPool.commonPool-worker-1] INFO  impl.PendingRequests (PendingRequests.java:sendNotLeaderResponses(282)) - bc887f2d-be8a-4785-be83-b8a81978c60b@group-829A91E06383-PendingRequests: sendNotLeaderResponses
2022-06-27 16:57:02,366 [ForkJoinPool.commonPool-worker-1] INFO  impl.StateMachineUpdater (StateMachineUpdater.java:stopAndJoin(153)) - bc887f2d-be8a-4785-be83-b8a81978c60b@group-829A91E06383-StateMachineUpdater: set stopIndex = 0
2022-06-27 16:57:02,368 [bc887f2d-be8a-4785-be83-b8a81978c60b@group-829A91E06383-StateMachineUpdater] INFO  ratis.ContainerStateMachine (ContainerStateMachine.java:takeSnapshot(304)) - group-829A91E06383: Taking a snapshot at:(t:1, i:0) file /home/runner/work/ozone/ozone/hadoop-ozone/integration-test/target/test-dir/MiniOzoneClusterImpl-66908fe7-3497-48b2-847b-81db60c5ccf5/datanode-1/data/ratis/34159a37-fad6-4ef0-92b6-829a91e06383/sm/snapshot.1_0
2022-06-27 16:57:02,369 [Listener at 127.0.0.1/40407] INFO  segmented.SegmentedRaftLogWorker (SegmentedRaftLogWorker.java:close(246)) - dca6aaee-9331-4135-ba39-5d4da9c5694b@group-AFCDA00B9A33-SegmentedRaftLogWorker close()
2022-06-27 16:57:02,369 [bc887f2d-be8a-4785-be83-b8a81978c60b@group-829A91E06383-StateMachineUpdater] INFO  ratis.ContainerStateMachine (ContainerStateMachine.java:takeSnapshot(315)) - group-829A91E06383: Finished taking a snapshot at:(t:1, i:0) file:/home/runner/work/ozone/ozone/hadoop-ozone/integration-test/target/test-dir/MiniOzoneClusterImpl-66908fe7-3497-48b2-847b-81db60c5ccf5/datanode-1/data/ratis/34159a37-fad6-4ef0-92b6-829a91e06383/sm/snapshot.1_0 took: 0 ms
2022-06-27 16:57:02,369 [bc887f2d-be8a-4785-be83-b8a81978c60b@group-829A91E06383-StateMachineUpdater] INFO  impl.StateMachineUpdater (StateMachineUpdater.java:takeSnapshot(287)) - bc887f2d-be8a-4785-be83-b8a81978c60b@group-829A91E06383-StateMachineUpdater: Took a snapshot at index 0
2022-06-27 16:57:02,369 [bc887f2d-be8a-4785-be83-b8a81978c60b@group-829A91E06383-StateMachineUpdater] INFO  impl.StateMachineUpdater (StateMachineUpdater.java:lambda$new$0(92)) - bc887f2d-be8a-4785-be83-b8a81978c60b@group-829A91E06383-StateMachineUpdater: snapshotIndex: updateIncreasingly -1 -> 0
2022-06-27 16:57:02,369 [ForkJoinPool.commonPool-worker-1] INFO  server.RaftServer$Division (ServerState.java:close(429)) - bc887f2d-be8a-4785-be83-b8a81978c60b@group-829A91E06383: closes. applyIndex: 0
2022-06-27 16:57:02,369 [bc887f2d-be8a-4785-be83-b8a81978c60b@group-829A91E06383-SegmentedRaftLogWorker] INFO  segmented.SegmentedRaftLogWorker (SegmentedRaftLogWorker.java:run(336)) - bc887f2d-be8a-4785-be83-b8a81978c60b@group-829A91E06383-SegmentedRaftLogWorker was interrupted, exiting. There are 0 tasks remaining in the queue.
2022-06-27 16:57:02,370 [ForkJoinPool.commonPool-worker-1] INFO  segmented.SegmentedRaftLogWorker (SegmentedRaftLogWorker.java:close(246)) - bc887f2d-be8a-4785-be83-b8a81978c60b@group-829A91E06383-SegmentedRaftLogWorker close()
2022-06-27 16:57:02,377 [Listener at 127.0.0.1/40407] INFO  server.RaftServer$Division (RaftServerImpl.java:lambda$close$4(434)) - dca6aaee-9331-4135-ba39-5d4da9c5694b@group-4392F390832C: shutdown
2022-06-27 16:57:02,377 [ForkJoinPool.commonPool-worker-1] INFO  server.GrpcService (GrpcService.java:closeImpl(269)) - bc887f2d-be8a-4785-be83-b8a81978c60b: shutdown server with port 35037 now
2022-06-27 16:57:02,377 [Listener at 127.0.0.1/40407] INFO  util.JmxRegister (JmxRegister.java:unregister(73)) - Successfully un-registered JMX Bean with object name Ratis:service=RaftServer,group=group-4392F390832C,id=dca6aaee-9331-4135-ba39-5d4da9c5694b
2022-06-27 16:57:02,377 [Listener at 127.0.0.1/40407] INFO  impl.RoleInfo (RoleInfo.java:shutdownLeaderState(93)) - dca6aaee-9331-4135-ba39-5d4da9c5694b: shutdown dca6aaee-9331-4135-ba39-5d4da9c5694b@group-4392F390832C-LeaderStateImpl
2022-06-27 16:57:02,377 [Listener at 127.0.0.1/40407] INFO  impl.PendingRequests (PendingRequests.java:sendNotLeaderResponses(282)) - dca6aaee-9331-4135-ba39-5d4da9c5694b@group-4392F390832C-PendingRequests: sendNotLeaderResponses
2022-06-27 16:57:02,378 [Listener at 127.0.0.1/40407] INFO  impl.StateMachineUpdater (StateMachineUpdater.java:stopAndJoin(153)) - dca6aaee-9331-4135-ba39-5d4da9c5694b@group-4392F390832C-StateMachineUpdater: set stopIndex = 0
2022-06-27 16:57:02,378 [dca6aaee-9331-4135-ba39-5d4da9c5694b@group-4392F390832C-StateMachineUpdater] INFO  ratis.ContainerStateMachine (ContainerStateMachine.java:takeSnapshot(304)) - group-4392F390832C: Taking a snapshot at:(t:1, i:0) file /home/runner/work/ozone/ozone/hadoop-ozone/integration-test/target/test-dir/MiniOzoneClusterImpl-66908fe7-3497-48b2-847b-81db60c5ccf5/datanode-2/data/ratis/96810261-6cd4-4f0c-ab0d-4392f390832c/sm/snapshot.1_0
2022-06-27 16:57:02,380 [dca6aaee-9331-4135-ba39-5d4da9c5694b@group-4392F390832C-StateMachineUpdater] INFO  ratis.ContainerStateMachine (ContainerStateMachine.java:takeSnapshot(315)) - group-4392F390832C: Finished taking a snapshot at:(t:1, i:0) file:/home/runner/work/ozone/ozone/hadoop-ozone/integration-test/target/test-dir/MiniOzoneClusterImpl-66908fe7-3497-48b2-847b-81db60c5ccf5/datanode-2/data/ratis/96810261-6cd4-4f0c-ab0d-4392f390832c/sm/snapshot.1_0 took: 1 ms
2022-06-27 16:57:02,380 [dca6aaee-9331-4135-ba39-5d4da9c5694b@group-4392F390832C-StateMachineUpdater] INFO  impl.StateMachineUpdater (StateMachineUpdater.java:takeSnapshot(287)) - dca6aaee-9331-4135-ba39-5d4da9c5694b@group-4392F390832C-StateMachineUpdater: Took a snapshot at index 0
2022-06-27 16:57:02,380 [dca6aaee-9331-4135-ba39-5d4da9c5694b@group-4392F390832C-StateMachineUpdater] INFO  impl.StateMachineUpdater (StateMachineUpdater.java:lambda$new$0(92)) - dca6aaee-9331-4135-ba39-5d4da9c5694b@group-4392F390832C-StateMachineUpdater: snapshotIndex: updateIncreasingly -1 -> 0
2022-06-27 16:57:02,382 [Listener at 127.0.0.1/40407] INFO  server.RaftServer$Division (ServerState.java:close(429)) - dca6aaee-9331-4135-ba39-5d4da9c5694b@group-4392F390832C: closes. applyIndex: 0
2022-06-27 16:57:02,382 [dca6aaee-9331-4135-ba39-5d4da9c5694b@group-4392F390832C-SegmentedRaftLogWorker] INFO  segmented.SegmentedRaftLogWorker (SegmentedRaftLogWorker.java:run(336)) - dca6aaee-9331-4135-ba39-5d4da9c5694b@group-4392F390832C-SegmentedRaftLogWorker was interrupted, exiting. There are 0 tasks remaining in the queue.
2022-06-27 16:57:02,385 [Listener at 127.0.0.1/40407] INFO  segmented.SegmentedRaftLogWorker (SegmentedRaftLogWorker.java:close(246)) - dca6aaee-9331-4135-ba39-5d4da9c5694b@group-4392F390832C-SegmentedRaftLogWorker close()
2022-06-27 16:57:02,382 [grpc-default-executor-1] WARN  server.GrpcClientProtocolService (LogUtils.java:warn(122)) - 1-UnorderedRequestStreamObserver1: onError: org.apache.ratis.thirdparty.io.grpc.StatusRuntimeException: CANCELLED: client cancelled
2022-06-27 16:57:02,392 [Listener at 127.0.0.1/40407] INFO  server.GrpcService (GrpcService.java:closeImpl(269)) - dca6aaee-9331-4135-ba39-5d4da9c5694b: shutdown server with port 41117 now
2022-06-27 16:57:02,417 [Listener at 127.0.0.1/40407] INFO  server.GrpcService (GrpcService.java:closeImpl(278)) - dca6aaee-9331-4135-ba39-5d4da9c5694b: shutdown server with port 41117 successfully
2022-06-27 16:57:02,417 [org.apache.ratis.util.JvmPauseMonitor$$Lambda$611/5070432@72a61976] INFO  util.JvmPauseMonitor (JvmPauseMonitor.java:run(109)) - JvmPauseMonitor-dca6aaee-9331-4135-ba39-5d4da9c5694b: Stopped
2022-06-27 16:57:02,419 [ForkJoinPool.commonPool-worker-1] INFO  server.GrpcService (GrpcService.java:closeImpl(278)) - bc887f2d-be8a-4785-be83-b8a81978c60b: shutdown server with port 35037 successfully
2022-06-27 16:57:02,419 [org.apache.ratis.util.JvmPauseMonitor$$Lambda$611/5070432@6a60831d] INFO  util.JvmPauseMonitor (JvmPauseMonitor.java:run(109)) - JvmPauseMonitor-bc887f2d-be8a-4785-be83-b8a81978c60b: Stopped
2022-06-27 16:57:04,431 [Listener at 127.0.0.1/40407] INFO  utils.BackgroundService (BackgroundService.java:shutdown(132)) - Shutting down service BlockDeletingService
2022-06-27 16:57:04,439 [ForkJoinPool.commonPool-worker-1] INFO  utils.BackgroundService (BackgroundService.java:shutdown(132)) - Shutting down service BlockDeletingService
2022-06-27 16:57:07,438 [Listener at 127.0.0.1/40407] INFO  statemachine.DatanodeStateMachine (DatanodeStateMachine.java:stopDaemon(580)) - Ozone container server stopped.
2022-06-27 16:57:07,446 [Listener at 127.0.0.1/40407] INFO  handler.ContextHandler (ContextHandler.java:doStop(1153)) - Stopped o.e.j.w.WebAppContext@6b94ced3{hddsDatanode,/,null,STOPPED}{jar:file:/home/runner/.m2/repository/org/apache/ozone/hdds-container-service/1.3.0-SNAPSHOT/hdds-container-service-1.3.0-SNAPSHOT.jar!/webapps/hddsDatanode}
2022-06-27 16:57:07,447 [Listener at 127.0.0.1/40407] INFO  server.AbstractConnector (AbstractConnector.java:doStop(381)) - Stopped ServerConnector@2971cea9{HTTP/1.1, (http/1.1)}{0.0.0.0:0}
2022-06-27 16:57:07,447 [Listener at 127.0.0.1/40407] INFO  server.session (HouseKeeper.java:stopScavenging(149)) - node0 Stopped scavenging
2022-06-27 16:57:07,447 [Listener at 127.0.0.1/40407] INFO  handler.ContextHandler (ContextHandler.java:doStop(1153)) - Stopped o.e.j.s.ServletContextHandler@37108ba5{static,/static,jar:file:/home/runner/.m2/repository/org/apache/ozone/hdds-container-service/1.3.0-SNAPSHOT/hdds-container-service-1.3.0-SNAPSHOT.jar!/webapps/static,STOPPED}
2022-06-27 16:57:07,447 [Listener at 127.0.0.1/40407] INFO  handler.ContextHandler (ContextHandler.java:doStop(1153)) - Stopped o.e.j.s.ServletContextHandler@2c66e656{logs,/logs,file:///home/runner/work/ozone/ozone/hadoop-ozone/integration-test/target/log,STOPPED}
2022-06-27 16:57:07,452 [ForkJoinPool.commonPool-worker-1] INFO  statemachine.DatanodeStateMachine (DatanodeStateMachine.java:stopDaemon(580)) - Ozone container server stopped.
2022-06-27 16:57:07,468 [ForkJoinPool.commonPool-worker-1] INFO  handler.ContextHandler (ContextHandler.java:doStop(1153)) - Stopped o.e.j.w.WebAppContext@525605a9{hddsDatanode,/,null,STOPPED}{jar:file:/home/runner/.m2/repository/org/apache/ozone/hdds-container-service/1.3.0-SNAPSHOT/hdds-container-service-1.3.0-SNAPSHOT.jar!/webapps/hddsDatanode}
2022-06-27 16:57:07,469 [ForkJoinPool.commonPool-worker-1] INFO  server.AbstractConnector (AbstractConnector.java:doStop(381)) - Stopped ServerConnector@2a5bf086{HTTP/1.1, (http/1.1)}{0.0.0.0:0}
2022-06-27 16:57:07,469 [ForkJoinPool.commonPool-worker-1] INFO  server.session (HouseKeeper.java:stopScavenging(149)) - node0 Stopped scavenging
2022-06-27 16:57:07,483 [ForkJoinPool.commonPool-worker-1] INFO  handler.ContextHandler (ContextHandler.java:doStop(1153)) - Stopped o.e.j.s.ServletContextHandler@45d106bb{static,/static,jar:file:/home/runner/.m2/repository/org/apache/ozone/hdds-container-service/1.3.0-SNAPSHOT/hdds-container-service-1.3.0-SNAPSHOT.jar!/webapps/static,STOPPED}
2022-06-27 16:57:07,485 [ForkJoinPool.commonPool-worker-1] INFO  handler.ContextHandler (ContextHandler.java:doStop(1153)) - Stopped o.e.j.s.ServletContextHandler@138694a5{logs,/logs,file:///home/runner/work/ozone/ozone/hadoop-ozone/integration-test/target/log,STOPPED}
2022-06-27 16:57:11,056 [3de1546c-8c2e-4aa4-a8af-42deb78e6291@group-0B60ABD16714-FollowerState] INFO  impl.FollowerState (FollowerState.java:run(143)) - 3de1546c-8c2e-4aa4-a8af-42deb78e6291@group-0B60ABD16714-FollowerState: change to CANDIDATE, lastRpcElapsedTime:10047201701ns, electionTimeout:5109ms
2022-06-27 16:57:11,057 [3de1546c-8c2e-4aa4-a8af-42deb78e6291@group-0B60ABD16714-FollowerState] INFO  impl.RoleInfo (RoleInfo.java:shutdownFollowerState(110)) - 3de1546c-8c2e-4aa4-a8af-42deb78e6291: shutdown 3de1546c-8c2e-4aa4-a8af-42deb78e6291@group-0B60ABD16714-FollowerState
2022-06-27 16:57:11,057 [3de1546c-8c2e-4aa4-a8af-42deb78e6291@group-0B60ABD16714-FollowerState] INFO  server.RaftServer$Division (RaftServerImpl.java:setRole(299)) - 3de1546c-8c2e-4aa4-a8af-42deb78e6291@group-0B60ABD16714: changes role from  FOLLOWER to CANDIDATE at term 2 for changeToCandidate
2022-06-27 16:57:11,057 [3de1546c-8c2e-4aa4-a8af-42deb78e6291@group-0B60ABD16714-FollowerState] INFO  server.RaftServerConfigKeys (ConfUtils.java:logGet(46)) - raft.server.leaderelection.pre-vote = false (custom)
2022-06-27 16:57:11,057 [3de1546c-8c2e-4aa4-a8af-42deb78e6291@group-0B60ABD16714-FollowerState] INFO  impl.RoleInfo (RoleInfo.java:updateAndGet(139)) - 3de1546c-8c2e-4aa4-a8af-42deb78e6291: start 3de1546c-8c2e-4aa4-a8af-42deb78e6291@group-0B60ABD16714-LeaderElection43
2022-06-27 16:57:11,068 [3de1546c-8c2e-4aa4-a8af-42deb78e6291@group-0B60ABD16714-LeaderElection43] INFO  server.RaftServer$Division (ServerState.java:setLeader(287)) - 3de1546c-8c2e-4aa4-a8af-42deb78e6291@group-0B60ABD16714: change Leader from bc887f2d-be8a-4785-be83-b8a81978c60b to null at term 2 for ELECTION
2022-06-27 16:57:11,072 [3de1546c-8c2e-4aa4-a8af-42deb78e6291@group-0B60ABD16714-LeaderElection43] INFO  impl.LeaderElection (LeaderElection.java:askForVotes(310)) - 3de1546c-8c2e-4aa4-a8af-42deb78e6291@group-0B60ABD16714-LeaderElection43 ELECTION round 0: submit vote requests at term 3 for 0: [bc887f2d-be8a-4785-be83-b8a81978c60b|rpc:10.1.0.22:35037|dataStream:|priority:1, dca6aaee-9331-4135-ba39-5d4da9c5694b|rpc:10.1.0.22:41117|dataStream:|priority:0, 3de1546c-8c2e-4aa4-a8af-42deb78e6291|rpc:10.1.0.22:34197|dataStream:|priority:0], old=null
2022-06-27 16:57:11,098 [3de1546c-8c2e-4aa4-a8af-42deb78e6291@group-0B60ABD16714-LeaderElection43] INFO  impl.LeaderElection (LogUtils.java:infoOrTrace(137)) - 3de1546c-8c2e-4aa4-a8af-42deb78e6291@group-0B60ABD16714-LeaderElection43 got exception when requesting votes: java.util.concurrent.ExecutionException: org.apache.ratis.thirdparty.io.grpc.StatusRuntimeException: UNAVAILABLE: io exception
2022-06-27 16:57:11,141 [3de1546c-8c2e-4aa4-a8af-42deb78e6291@group-0B60ABD16714-LeaderElection43] INFO  impl.LeaderElection (LogUtils.java:infoOrTrace(137)) - 3de1546c-8c2e-4aa4-a8af-42deb78e6291@group-0B60ABD16714-LeaderElection43 got exception when requesting votes: java.util.concurrent.ExecutionException: org.apache.ratis.thirdparty.io.grpc.StatusRuntimeException: UNAVAILABLE: io exception
2022-06-27 16:57:11,141 [3de1546c-8c2e-4aa4-a8af-42deb78e6291@group-0B60ABD16714-LeaderElection43] INFO  impl.LeaderElection (LeaderElection.java:logAndReturn(90)) - 3de1546c-8c2e-4aa4-a8af-42deb78e6291@group-0B60ABD16714-LeaderElection43: ELECTION REJECTED received 0 response(s) and 2 exception(s):
2022-06-27 16:57:11,141 [3de1546c-8c2e-4aa4-a8af-42deb78e6291@group-0B60ABD16714-LeaderElection43] INFO  impl.LeaderElection (LogUtils.java:infoOrTrace(137)) -   Exception 0: java.util.concurrent.ExecutionException: org.apache.ratis.thirdparty.io.grpc.StatusRuntimeException: UNAVAILABLE: io exception
2022-06-27 16:57:11,141 [3de1546c-8c2e-4aa4-a8af-42deb78e6291@group-0B60ABD16714-LeaderElection43] INFO  impl.LeaderElection (LogUtils.java:infoOrTrace(137)) -   Exception 1: java.util.concurrent.ExecutionException: org.apache.ratis.thirdparty.io.grpc.StatusRuntimeException: UNAVAILABLE: io exception
2022-06-27 16:57:11,141 [3de1546c-8c2e-4aa4-a8af-42deb78e6291@group-0B60ABD16714-LeaderElection43] INFO  impl.LeaderElection (LeaderElection.java:askForVotes(312)) - 3de1546c-8c2e-4aa4-a8af-42deb78e6291@group-0B60ABD16714-LeaderElection43 ELECTION round 0: result REJECTED
2022-06-27 16:57:11,141 [3de1546c-8c2e-4aa4-a8af-42deb78e6291@group-0B60ABD16714-LeaderElection43] INFO  server.RaftServer$Division (RaftServerImpl.java:setRole(299)) - 3de1546c-8c2e-4aa4-a8af-42deb78e6291@group-0B60ABD16714: changes role from CANDIDATE to FOLLOWER at term 3 for REJECTED
2022-06-27 16:57:11,141 [3de1546c-8c2e-4aa4-a8af-42deb78e6291@group-0B60ABD16714-LeaderElection43] INFO  impl.RoleInfo (RoleInfo.java:shutdownLeaderElection(130)) - 3de1546c-8c2e-4aa4-a8af-42deb78e6291: shutdown 3de1546c-8c2e-4aa4-a8af-42deb78e6291@group-0B60ABD16714-LeaderElection43
2022-06-27 16:57:11,141 [3de1546c-8c2e-4aa4-a8af-42deb78e6291@group-0B60ABD16714-LeaderElection43] INFO  impl.RoleInfo (RoleInfo.java:updateAndGet(139)) - 3de1546c-8c2e-4aa4-a8af-42deb78e6291: start 3de1546c-8c2e-4aa4-a8af-42deb78e6291@group-0B60ABD16714-FollowerState
2022-06-27 16:57:11,679 [3de1546c-8c2e-4aa4-a8af-42deb78e6291@group-AFCDA00B9A33-FollowerState] INFO  impl.FollowerState (FollowerState.java:run(143)) - 3de1546c-8c2e-4aa4-a8af-42deb78e6291@group-AFCDA00B9A33-FollowerState: change to CANDIDATE, lastRpcElapsedTime:10216705788ns, electionTimeout:5191ms
2022-06-27 16:57:11,679 [3de1546c-8c2e-4aa4-a8af-42deb78e6291@group-AFCDA00B9A33-FollowerState] INFO  impl.RoleInfo (RoleInfo.java:shutdownFollowerState(110)) - 3de1546c-8c2e-4aa4-a8af-42deb78e6291: shutdown 3de1546c-8c2e-4aa4-a8af-42deb78e6291@group-AFCDA00B9A33-FollowerState
2022-06-27 16:57:11,679 [3de1546c-8c2e-4aa4-a8af-42deb78e6291@group-AFCDA00B9A33-FollowerState] INFO  server.RaftServer$Division (RaftServerImpl.java:setRole(299)) - 3de1546c-8c2e-4aa4-a8af-42deb78e6291@group-AFCDA00B9A33: changes role from  FOLLOWER to CANDIDATE at term 6 for changeToCandidate
2022-06-27 16:57:11,679 [3de1546c-8c2e-4aa4-a8af-42deb78e6291@group-AFCDA00B9A33-FollowerState] INFO  server.RaftServerConfigKeys (ConfUtils.java:logGet(46)) - raft.server.leaderelection.pre-vote = false (custom)
2022-06-27 16:57:11,679 [3de1546c-8c2e-4aa4-a8af-42deb78e6291@group-AFCDA00B9A33-FollowerState] INFO  impl.RoleInfo (RoleInfo.java:updateAndGet(139)) - 3de1546c-8c2e-4aa4-a8af-42deb78e6291: start 3de1546c-8c2e-4aa4-a8af-42deb78e6291@group-AFCDA00B9A33-LeaderElection44
2022-06-27 16:57:11,698 [3de1546c-8c2e-4aa4-a8af-42deb78e6291@group-AFCDA00B9A33-LeaderElection44] INFO  server.RaftServer$Division (ServerState.java:setLeader(287)) - 3de1546c-8c2e-4aa4-a8af-42deb78e6291@group-AFCDA00B9A33: change Leader from dca6aaee-9331-4135-ba39-5d4da9c5694b to null at term 6 for ELECTION
2022-06-27 16:57:11,699 [3de1546c-8c2e-4aa4-a8af-42deb78e6291@group-AFCDA00B9A33-LeaderElection44] INFO  impl.LeaderElection (LeaderElection.java:askForVotes(310)) - 3de1546c-8c2e-4aa4-a8af-42deb78e6291@group-AFCDA00B9A33-LeaderElection44 ELECTION round 0: submit vote requests at term 7 for 0: [bc887f2d-be8a-4785-be83-b8a81978c60b|rpc:10.1.0.22:35037|dataStream:|priority:0, dca6aaee-9331-4135-ba39-5d4da9c5694b|rpc:10.1.0.22:41117|dataStream:|priority:1, 3de1546c-8c2e-4aa4-a8af-42deb78e6291|rpc:10.1.0.22:34197|dataStream:|priority:0], old=null
2022-06-27 16:57:11,728 [3de1546c-8c2e-4aa4-a8af-42deb78e6291@group-AFCDA00B9A33-LeaderElection44] INFO  impl.LeaderElection (LogUtils.java:infoOrTrace(137)) - 3de1546c-8c2e-4aa4-a8af-42deb78e6291@group-AFCDA00B9A33-LeaderElection44 got exception when requesting votes: java.util.concurrent.ExecutionException: org.apache.ratis.thirdparty.io.grpc.StatusRuntimeException: UNAVAILABLE: io exception
2022-06-27 16:57:11,730 [3de1546c-8c2e-4aa4-a8af-42deb78e6291@group-AFCDA00B9A33-LeaderElection44] INFO  impl.LeaderElection (LogUtils.java:infoOrTrace(137)) - 3de1546c-8c2e-4aa4-a8af-42deb78e6291@group-AFCDA00B9A33-LeaderElection44 got exception when requesting votes: java.util.concurrent.ExecutionException: org.apache.ratis.thirdparty.io.grpc.StatusRuntimeException: UNAVAILABLE: io exception
2022-06-27 16:57:11,730 [3de1546c-8c2e-4aa4-a8af-42deb78e6291@group-AFCDA00B9A33-LeaderElection44] INFO  impl.LeaderElection (LeaderElection.java:logAndReturn(90)) - 3de1546c-8c2e-4aa4-a8af-42deb78e6291@group-AFCDA00B9A33-LeaderElection44: ELECTION REJECTED received 0 response(s) and 2 exception(s):
2022-06-27 16:57:11,730 [3de1546c-8c2e-4aa4-a8af-42deb78e6291@group-AFCDA00B9A33-LeaderElection44] INFO  impl.LeaderElection (LogUtils.java:infoOrTrace(137)) -   Exception 0: java.util.concurrent.ExecutionException: org.apache.ratis.thirdparty.io.grpc.StatusRuntimeException: UNAVAILABLE: io exception
2022-06-27 16:57:11,730 [3de1546c-8c2e-4aa4-a8af-42deb78e6291@group-AFCDA00B9A33-LeaderElection44] INFO  impl.LeaderElection (LogUtils.java:infoOrTrace(137)) -   Exception 1: java.util.concurrent.ExecutionException: org.apache.ratis.thirdparty.io.grpc.StatusRuntimeException: UNAVAILABLE: io exception
2022-06-27 16:57:11,730 [3de1546c-8c2e-4aa4-a8af-42deb78e6291@group-AFCDA00B9A33-LeaderElection44] INFO  impl.LeaderElection (LeaderElection.java:askForVotes(312)) - 3de1546c-8c2e-4aa4-a8af-42deb78e6291@group-AFCDA00B9A33-LeaderElection44 ELECTION round 0: result REJECTED
2022-06-27 16:57:11,730 [3de1546c-8c2e-4aa4-a8af-42deb78e6291@group-AFCDA00B9A33-LeaderElection44] INFO  server.RaftServer$Division (RaftServerImpl.java:setRole(299)) - 3de1546c-8c2e-4aa4-a8af-42deb78e6291@group-AFCDA00B9A33: changes role from CANDIDATE to FOLLOWER at term 7 for REJECTED
2022-06-27 16:57:11,730 [3de1546c-8c2e-4aa4-a8af-42deb78e6291@group-AFCDA00B9A33-LeaderElection44] INFO  impl.RoleInfo (RoleInfo.java:shutdownLeaderElection(130)) - 3de1546c-8c2e-4aa4-a8af-42deb78e6291: shutdown 3de1546c-8c2e-4aa4-a8af-42deb78e6291@group-AFCDA00B9A33-LeaderElection44
2022-06-27 16:57:11,731 [3de1546c-8c2e-4aa4-a8af-42deb78e6291@group-AFCDA00B9A33-LeaderElection44] INFO  impl.RoleInfo (RoleInfo.java:updateAndGet(139)) - 3de1546c-8c2e-4aa4-a8af-42deb78e6291: start 3de1546c-8c2e-4aa4-a8af-42deb78e6291@group-AFCDA00B9A33-FollowerState
2022-06-27 16:57:12,452 [Listener at 127.0.0.1/40407] INFO  ozoneimpl.OzoneContainer (OzoneContainer.java:stop(365)) - Attempting to stop container services.
2022-06-27 16:57:12,457 [Listener at 127.0.0.1/40407] INFO  server.RaftServer (RaftServerProxy.java:lambda$close$7(398)) - 0d287d21-4bad-479d-87d5-0441403d4034: close
2022-06-27 16:57:12,457 [Listener at 127.0.0.1/40407] INFO  server.RaftServer$Division (RaftServerImpl.java:lambda$close$4(434)) - 0d287d21-4bad-479d-87d5-0441403d4034@group-168604BB7435: shutdown
2022-06-27 16:57:12,457 [Listener at 127.0.0.1/40407] INFO  util.JmxRegister (JmxRegister.java:unregister(73)) - Successfully un-registered JMX Bean with object name Ratis:service=RaftServer,group=group-168604BB7435,id=0d287d21-4bad-479d-87d5-0441403d4034
2022-06-27 16:57:12,457 [Listener at 127.0.0.1/40407] INFO  impl.RoleInfo (RoleInfo.java:shutdownLeaderState(93)) - 0d287d21-4bad-479d-87d5-0441403d4034: shutdown 0d287d21-4bad-479d-87d5-0441403d4034@group-168604BB7435-LeaderStateImpl
2022-06-27 16:57:12,457 [Listener at 127.0.0.1/40407] INFO  impl.PendingRequests (PendingRequests.java:sendNotLeaderResponses(282)) - 0d287d21-4bad-479d-87d5-0441403d4034@group-168604BB7435-PendingRequests: sendNotLeaderResponses
2022-06-27 16:57:12,458 [Listener at 127.0.0.1/40407] INFO  impl.StateMachineUpdater (StateMachineUpdater.java:stopAndJoin(153)) - 0d287d21-4bad-479d-87d5-0441403d4034@group-168604BB7435-StateMachineUpdater: set stopIndex = 0
2022-06-27 16:57:12,458 [0d287d21-4bad-479d-87d5-0441403d4034@group-168604BB7435-StateMachineUpdater] INFO  ratis.ContainerStateMachine (ContainerStateMachine.java:takeSnapshot(304)) - group-168604BB7435: Taking a snapshot at:(t:1, i:0) file /home/runner/work/ozone/ozone/hadoop-ozone/integration-test/target/test-dir/MiniOzoneClusterImpl-66908fe7-3497-48b2-847b-81db60c5ccf5/datanode-4/data/ratis/7495f7e2-7340-43c6-a564-168604bb7435/sm/snapshot.1_0
2022-06-27 16:57:12,459 [0d287d21-4bad-479d-87d5-0441403d4034@group-168604BB7435-StateMachineUpdater] INFO  ratis.ContainerStateMachine (ContainerStateMachine.java:takeSnapshot(315)) - group-168604BB7435: Finished taking a snapshot at:(t:1, i:0) file:/home/runner/work/ozone/ozone/hadoop-ozone/integration-test/target/test-dir/MiniOzoneClusterImpl-66908fe7-3497-48b2-847b-81db60c5ccf5/datanode-4/data/ratis/7495f7e2-7340-43c6-a564-168604bb7435/sm/snapshot.1_0 took: 1 ms
2022-06-27 16:57:12,460 [0d287d21-4bad-479d-87d5-0441403d4034@group-168604BB7435-StateMachineUpdater] INFO  impl.StateMachineUpdater (StateMachineUpdater.java:takeSnapshot(287)) - 0d287d21-4bad-479d-87d5-0441403d4034@group-168604BB7435-StateMachineUpdater: Took a snapshot at index 0
2022-06-27 16:57:12,460 [0d287d21-4bad-479d-87d5-0441403d4034@group-168604BB7435-StateMachineUpdater] INFO  impl.StateMachineUpdater (StateMachineUpdater.java:lambda$new$0(92)) - 0d287d21-4bad-479d-87d5-0441403d4034@group-168604BB7435-StateMachineUpdater: snapshotIndex: updateIncreasingly -1 -> 0
2022-06-27 16:57:12,460 [Listener at 127.0.0.1/40407] INFO  server.RaftServer$Division (ServerState.java:close(429)) - 0d287d21-4bad-479d-87d5-0441403d4034@group-168604BB7435: closes. applyIndex: 0
2022-06-27 16:57:12,460 [0d287d21-4bad-479d-87d5-0441403d4034@group-168604BB7435-SegmentedRaftLogWorker] INFO  segmented.SegmentedRaftLogWorker (SegmentedRaftLogWorker.java:run(336)) - 0d287d21-4bad-479d-87d5-0441403d4034@group-168604BB7435-SegmentedRaftLogWorker was interrupted, exiting. There are 0 tasks remaining in the queue.
2022-06-27 16:57:12,460 [Listener at 127.0.0.1/40407] INFO  segmented.SegmentedRaftLogWorker (SegmentedRaftLogWorker.java:close(246)) - 0d287d21-4bad-479d-87d5-0441403d4034@group-168604BB7435-SegmentedRaftLogWorker close()
2022-06-27 16:57:12,464 [Listener at 127.0.0.1/40407] INFO  server.GrpcService (GrpcService.java:closeImpl(269)) - 0d287d21-4bad-479d-87d5-0441403d4034: shutdown server with port 40147 now
2022-06-27 16:57:12,465 [Listener at 127.0.0.1/40407] INFO  server.GrpcService (GrpcService.java:closeImpl(278)) - 0d287d21-4bad-479d-87d5-0441403d4034: shutdown server with port 40147 successfully
2022-06-27 16:57:12,465 [org.apache.ratis.util.JvmPauseMonitor$$Lambda$611/5070432@48578db9] INFO  util.JvmPauseMonitor (JvmPauseMonitor.java:run(109)) - JvmPauseMonitor-0d287d21-4bad-479d-87d5-0441403d4034: Stopped
2022-06-27 16:57:12,488 [ForkJoinPool.commonPool-worker-1] INFO  ozoneimpl.OzoneContainer (OzoneContainer.java:stop(365)) - Attempting to stop container services.
2022-06-27 16:57:12,489 [ForkJoinPool.commonPool-worker-1] INFO  server.RaftServer (RaftServerProxy.java:lambda$close$7(398)) - 3de1546c-8c2e-4aa4-a8af-42deb78e6291: close
2022-06-27 16:57:12,489 [ForkJoinPool.commonPool-worker-1] INFO  server.RaftServer$Division (RaftServerImpl.java:lambda$close$4(434)) - 3de1546c-8c2e-4aa4-a8af-42deb78e6291@group-34B4787F7BF9: shutdown
2022-06-27 16:57:12,489 [ForkJoinPool.commonPool-worker-1] INFO  util.JmxRegister (JmxRegister.java:unregister(73)) - Successfully un-registered JMX Bean with object name Ratis:service=RaftServer,group=group-34B4787F7BF9,id=3de1546c-8c2e-4aa4-a8af-42deb78e6291
2022-06-27 16:57:12,489 [ForkJoinPool.commonPool-worker-1] INFO  impl.RoleInfo (RoleInfo.java:shutdownLeaderState(93)) - 3de1546c-8c2e-4aa4-a8af-42deb78e6291: shutdown 3de1546c-8c2e-4aa4-a8af-42deb78e6291@group-34B4787F7BF9-LeaderStateImpl
2022-06-27 16:57:12,489 [ForkJoinPool.commonPool-worker-1] INFO  impl.PendingRequests (PendingRequests.java:sendNotLeaderResponses(282)) - 3de1546c-8c2e-4aa4-a8af-42deb78e6291@group-34B4787F7BF9-PendingRequests: sendNotLeaderResponses
2022-06-27 16:57:12,489 [ForkJoinPool.commonPool-worker-1] INFO  impl.StateMachineUpdater (StateMachineUpdater.java:stopAndJoin(153)) - 3de1546c-8c2e-4aa4-a8af-42deb78e6291@group-34B4787F7BF9-StateMachineUpdater: set stopIndex = 0
2022-06-27 16:57:12,490 [3de1546c-8c2e-4aa4-a8af-42deb78e6291@group-34B4787F7BF9-StateMachineUpdater] INFO  ratis.ContainerStateMachine (ContainerStateMachine.java:takeSnapshot(304)) - group-34B4787F7BF9: Taking a snapshot at:(t:1, i:0) file /home/runner/work/ozone/ozone/hadoop-ozone/integration-test/target/test-dir/MiniOzoneClusterImpl-66908fe7-3497-48b2-847b-81db60c5ccf5/datanode-0/data/ratis/8205d19b-a9d6-4205-8388-34b4787f7bf9/sm/snapshot.1_0
2022-06-27 16:57:12,491 [3de1546c-8c2e-4aa4-a8af-42deb78e6291@group-34B4787F7BF9-StateMachineUpdater] INFO  ratis.ContainerStateMachine (ContainerStateMachine.java:takeSnapshot(315)) - group-34B4787F7BF9: Finished taking a snapshot at:(t:1, i:0) file:/home/runner/work/ozone/ozone/hadoop-ozone/integration-test/target/test-dir/MiniOzoneClusterImpl-66908fe7-3497-48b2-847b-81db60c5ccf5/datanode-0/data/ratis/8205d19b-a9d6-4205-8388-34b4787f7bf9/sm/snapshot.1_0 took: 1 ms
2022-06-27 16:57:12,491 [3de1546c-8c2e-4aa4-a8af-42deb78e6291@group-34B4787F7BF9-StateMachineUpdater] INFO  impl.StateMachineUpdater (StateMachineUpdater.java:takeSnapshot(287)) - 3de1546c-8c2e-4aa4-a8af-42deb78e6291@group-34B4787F7BF9-StateMachineUpdater: Took a snapshot at index 0
2022-06-27 16:57:12,491 [3de1546c-8c2e-4aa4-a8af-42deb78e6291@group-34B4787F7BF9-StateMachineUpdater] INFO  impl.StateMachineUpdater (StateMachineUpdater.java:lambda$new$0(92)) - 3de1546c-8c2e-4aa4-a8af-42deb78e6291@group-34B4787F7BF9-StateMachineUpdater: snapshotIndex: updateIncreasingly -1 -> 0
2022-06-27 16:57:12,491 [ForkJoinPool.commonPool-worker-1] INFO  server.RaftServer$Division (ServerState.java:close(429)) - 3de1546c-8c2e-4aa4-a8af-42deb78e6291@group-34B4787F7BF9: closes. applyIndex: 0
2022-06-27 16:57:12,491 [3de1546c-8c2e-4aa4-a8af-42deb78e6291@group-34B4787F7BF9-SegmentedRaftLogWorker] INFO  segmented.SegmentedRaftLogWorker (SegmentedRaftLogWorker.java:run(336)) - 3de1546c-8c2e-4aa4-a8af-42deb78e6291@group-34B4787F7BF9-SegmentedRaftLogWorker was interrupted, exiting. There are 0 tasks remaining in the queue.
2022-06-27 16:57:12,492 [ForkJoinPool.commonPool-worker-1] INFO  segmented.SegmentedRaftLogWorker (SegmentedRaftLogWorker.java:close(246)) - 3de1546c-8c2e-4aa4-a8af-42deb78e6291@group-34B4787F7BF9-SegmentedRaftLogWorker close()
2022-06-27 16:57:12,501 [ForkJoinPool.commonPool-worker-1] INFO  server.RaftServer$Division (RaftServerImpl.java:lambda$close$4(434)) - 3de1546c-8c2e-4aa4-a8af-42deb78e6291@group-0B60ABD16714: shutdown
2022-06-27 16:57:12,501 [ForkJoinPool.commonPool-worker-1] INFO  util.JmxRegister (JmxRegister.java:unregister(73)) - Successfully un-registered JMX Bean with object name Ratis:service=RaftServer,group=group-0B60ABD16714,id=3de1546c-8c2e-4aa4-a8af-42deb78e6291
2022-06-27 16:57:12,501 [ForkJoinPool.commonPool-worker-1] INFO  impl.RoleInfo (RoleInfo.java:shutdownFollowerState(110)) - 3de1546c-8c2e-4aa4-a8af-42deb78e6291: shutdown 3de1546c-8c2e-4aa4-a8af-42deb78e6291@group-0B60ABD16714-FollowerState
2022-06-27 16:57:12,501 [ForkJoinPool.commonPool-worker-1] INFO  impl.StateMachineUpdater (StateMachineUpdater.java:stopAndJoin(153)) - 3de1546c-8c2e-4aa4-a8af-42deb78e6291@group-0B60ABD16714-StateMachineUpdater: set stopIndex = 30
2022-06-27 16:57:12,501 [3de1546c-8c2e-4aa4-a8af-42deb78e6291@group-0B60ABD16714-StateMachineUpdater] INFO  ratis.ContainerStateMachine (ContainerStateMachine.java:takeSnapshot(304)) - group-0B60ABD16714: Taking a snapshot at:(t:2, i:30) file /home/runner/work/ozone/ozone/hadoop-ozone/integration-test/target/test-dir/MiniOzoneClusterImpl-66908fe7-3497-48b2-847b-81db60c5ccf5/datanode-0/data/ratis/589459f4-e877-4ea0-b925-0b60abd16714/sm/snapshot.2_30
2022-06-27 16:57:12,501 [3de1546c-8c2e-4aa4-a8af-42deb78e6291@group-0B60ABD16714-FollowerState] INFO  impl.FollowerState (FollowerState.java:run(152)) - 3de1546c-8c2e-4aa4-a8af-42deb78e6291@group-0B60ABD16714-FollowerState was interrupted
2022-06-27 16:57:12,502 [3de1546c-8c2e-4aa4-a8af-42deb78e6291@group-0B60ABD16714-StateMachineUpdater] INFO  ratis.ContainerStateMachine (ContainerStateMachine.java:takeSnapshot(315)) - group-0B60ABD16714: Finished taking a snapshot at:(t:2, i:30) file:/home/runner/work/ozone/ozone/hadoop-ozone/integration-test/target/test-dir/MiniOzoneClusterImpl-66908fe7-3497-48b2-847b-81db60c5ccf5/datanode-0/data/ratis/589459f4-e877-4ea0-b925-0b60abd16714/sm/snapshot.2_30 took: 1 ms
2022-06-27 16:57:12,503 [3de1546c-8c2e-4aa4-a8af-42deb78e6291@group-0B60ABD16714-StateMachineUpdater] INFO  impl.StateMachineUpdater (StateMachineUpdater.java:takeSnapshot(287)) - 3de1546c-8c2e-4aa4-a8af-42deb78e6291@group-0B60ABD16714-StateMachineUpdater: Took a snapshot at index 30
2022-06-27 16:57:12,503 [3de1546c-8c2e-4aa4-a8af-42deb78e6291@group-0B60ABD16714-StateMachineUpdater] INFO  impl.StateMachineUpdater (StateMachineUpdater.java:lambda$new$0(92)) - 3de1546c-8c2e-4aa4-a8af-42deb78e6291@group-0B60ABD16714-StateMachineUpdater: snapshotIndex: updateIncreasingly -1 -> 30
2022-06-27 16:57:12,504 [ForkJoinPool.commonPool-worker-1] INFO  server.RaftServer$Division (ServerState.java:close(429)) - 3de1546c-8c2e-4aa4-a8af-42deb78e6291@group-0B60ABD16714: closes. applyIndex: 30
2022-06-27 16:57:12,505 [3de1546c-8c2e-4aa4-a8af-42deb78e6291@group-0B60ABD16714-SegmentedRaftLogWorker] INFO  segmented.SegmentedRaftLogWorker (SegmentedRaftLogWorker.java:run(336)) - 3de1546c-8c2e-4aa4-a8af-42deb78e6291@group-0B60ABD16714-SegmentedRaftLogWorker was interrupted, exiting. There are 0 tasks remaining in the queue.
2022-06-27 16:57:12,513 [ForkJoinPool.commonPool-worker-1] INFO  segmented.SegmentedRaftLogWorker (SegmentedRaftLogWorker.java:close(246)) - 3de1546c-8c2e-4aa4-a8af-42deb78e6291@group-0B60ABD16714-SegmentedRaftLogWorker close()
2022-06-27 16:57:12,514 [ForkJoinPool.commonPool-worker-1] INFO  server.RaftServer$Division (RaftServerImpl.java:lambda$close$4(434)) - 3de1546c-8c2e-4aa4-a8af-42deb78e6291@group-AFCDA00B9A33: shutdown
2022-06-27 16:57:12,514 [ForkJoinPool.commonPool-worker-1] INFO  util.JmxRegister (JmxRegister.java:unregister(73)) - Successfully un-registered JMX Bean with object name Ratis:service=RaftServer,group=group-AFCDA00B9A33,id=3de1546c-8c2e-4aa4-a8af-42deb78e6291
2022-06-27 16:57:12,514 [ForkJoinPool.commonPool-worker-1] INFO  impl.RoleInfo (RoleInfo.java:shutdownFollowerState(110)) - 3de1546c-8c2e-4aa4-a8af-42deb78e6291: shutdown 3de1546c-8c2e-4aa4-a8af-42deb78e6291@group-AFCDA00B9A33-FollowerState
2022-06-27 16:57:12,514 [ForkJoinPool.commonPool-worker-1] INFO  impl.StateMachineUpdater (StateMachineUpdater.java:stopAndJoin(153)) - 3de1546c-8c2e-4aa4-a8af-42deb78e6291@group-AFCDA00B9A33-StateMachineUpdater: set stopIndex = 0
2022-06-27 16:57:12,515 [3de1546c-8c2e-4aa4-a8af-42deb78e6291@group-AFCDA00B9A33-FollowerState] INFO  impl.FollowerState (FollowerState.java:run(152)) - 3de1546c-8c2e-4aa4-a8af-42deb78e6291@group-AFCDA00B9A33-FollowerState was interrupted
2022-06-27 16:57:12,525 [3de1546c-8c2e-4aa4-a8af-42deb78e6291@group-AFCDA00B9A33-StateMachineUpdater] INFO  ratis.ContainerStateMachine (ContainerStateMachine.java:takeSnapshot(304)) - group-AFCDA00B9A33: Taking a snapshot at:(t:6, i:0) file /home/runner/work/ozone/ozone/hadoop-ozone/integration-test/target/test-dir/MiniOzoneClusterImpl-66908fe7-3497-48b2-847b-81db60c5ccf5/datanode-0/data/ratis/b78c9d7f-4c44-4459-9f51-afcda00b9a33/sm/snapshot.6_0
2022-06-27 16:57:12,526 [3de1546c-8c2e-4aa4-a8af-42deb78e6291@group-AFCDA00B9A33-StateMachineUpdater] INFO  ratis.ContainerStateMachine (ContainerStateMachine.java:takeSnapshot(315)) - group-AFCDA00B9A33: Finished taking a snapshot at:(t:6, i:0) file:/home/runner/work/ozone/ozone/hadoop-ozone/integration-test/target/test-dir/MiniOzoneClusterImpl-66908fe7-3497-48b2-847b-81db60c5ccf5/datanode-0/data/ratis/b78c9d7f-4c44-4459-9f51-afcda00b9a33/sm/snapshot.6_0 took: 1 ms
2022-06-27 16:57:12,526 [3de1546c-8c2e-4aa4-a8af-42deb78e6291@group-AFCDA00B9A33-StateMachineUpdater] INFO  impl.StateMachineUpdater (StateMachineUpdater.java:takeSnapshot(287)) - 3de1546c-8c2e-4aa4-a8af-42deb78e6291@group-AFCDA00B9A33-StateMachineUpdater: Took a snapshot at index 0
2022-06-27 16:57:12,526 [3de1546c-8c2e-4aa4-a8af-42deb78e6291@group-AFCDA00B9A33-StateMachineUpdater] INFO  impl.StateMachineUpdater (StateMachineUpdater.java:lambda$new$0(92)) - 3de1546c-8c2e-4aa4-a8af-42deb78e6291@group-AFCDA00B9A33-StateMachineUpdater: snapshotIndex: updateIncreasingly -1 -> 0
2022-06-27 16:57:12,526 [ForkJoinPool.commonPool-worker-1] INFO  server.RaftServer$Division (ServerState.java:close(429)) - 3de1546c-8c2e-4aa4-a8af-42deb78e6291@group-AFCDA00B9A33: closes. applyIndex: 0
2022-06-27 16:57:12,529 [3de1546c-8c2e-4aa4-a8af-42deb78e6291@group-AFCDA00B9A33-SegmentedRaftLogWorker] INFO  segmented.SegmentedRaftLogWorker (SegmentedRaftLogWorker.java:run(336)) - 3de1546c-8c2e-4aa4-a8af-42deb78e6291@group-AFCDA00B9A33-SegmentedRaftLogWorker was interrupted, exiting. There are 0 tasks remaining in the queue.
2022-06-27 16:57:12,537 [ForkJoinPool.commonPool-worker-1] INFO  segmented.SegmentedRaftLogWorker (SegmentedRaftLogWorker.java:close(246)) - 3de1546c-8c2e-4aa4-a8af-42deb78e6291@group-AFCDA00B9A33-SegmentedRaftLogWorker close()
2022-06-27 16:57:12,548 [ForkJoinPool.commonPool-worker-1] INFO  server.GrpcService (GrpcService.java:closeImpl(269)) - 3de1546c-8c2e-4aa4-a8af-42deb78e6291: shutdown server with port 34197 now
2022-06-27 16:57:12,548 [ForkJoinPool.commonPool-worker-1] INFO  server.GrpcService (GrpcService.java:closeImpl(278)) - 3de1546c-8c2e-4aa4-a8af-42deb78e6291: shutdown server with port 34197 successfully
2022-06-27 16:57:12,549 [org.apache.ratis.util.JvmPauseMonitor$$Lambda$611/5070432@1d80eee8] INFO  util.JvmPauseMonitor (JvmPauseMonitor.java:run(109)) - JvmPauseMonitor-3de1546c-8c2e-4aa4-a8af-42deb78e6291: Stopped
2022-06-27 16:57:14,491 [Listener at 127.0.0.1/40407] INFO  utils.BackgroundService (BackgroundService.java:shutdown(132)) - Shutting down service BlockDeletingService
2022-06-27 16:57:14,641 [ForkJoinPool.commonPool-worker-1] INFO  utils.BackgroundService (BackgroundService.java:shutdown(132)) - Shutting down service BlockDeletingService
2022-06-27 16:57:17,625 [Listener at 127.0.0.1/40407] INFO  statemachine.DatanodeStateMachine (DatanodeStateMachine.java:stopDaemon(580)) - Ozone container server stopped.
2022-06-27 16:57:17,632 [Listener at 127.0.0.1/40407] INFO  handler.ContextHandler (ContextHandler.java:doStop(1153)) - Stopped o.e.j.w.WebAppContext@4a377a8e{hddsDatanode,/,null,STOPPED}{jar:file:/home/runner/.m2/repository/org/apache/ozone/hdds-container-service/1.3.0-SNAPSHOT/hdds-container-service-1.3.0-SNAPSHOT.jar!/webapps/hddsDatanode}
2022-06-27 16:57:17,641 [Listener at 127.0.0.1/40407] INFO  server.AbstractConnector (AbstractConnector.java:doStop(381)) - Stopped ServerConnector@42321695{HTTP/1.1, (http/1.1)}{0.0.0.0:0}
2022-06-27 16:57:17,641 [Listener at 127.0.0.1/40407] INFO  server.session (HouseKeeper.java:stopScavenging(149)) - node0 Stopped scavenging
2022-06-27 16:57:17,642 [Listener at 127.0.0.1/40407] INFO  handler.ContextHandler (ContextHandler.java:doStop(1153)) - Stopped o.e.j.s.ServletContextHandler@55d4729f{static,/static,jar:file:/home/runner/.m2/repository/org/apache/ozone/hdds-container-service/1.3.0-SNAPSHOT/hdds-container-service-1.3.0-SNAPSHOT.jar!/webapps/static,STOPPED}
2022-06-27 16:57:17,642 [Listener at 127.0.0.1/40407] INFO  handler.ContextHandler (ContextHandler.java:doStop(1153)) - Stopped o.e.j.s.ServletContextHandler@2ab04596{logs,/logs,file:///home/runner/work/ozone/ozone/hadoop-ozone/integration-test/target/log,STOPPED}
2022-06-27 16:57:17,673 [ForkJoinPool.commonPool-worker-1] INFO  statemachine.DatanodeStateMachine (DatanodeStateMachine.java:stopDaemon(580)) - Ozone container server stopped.
2022-06-27 16:57:17,731 [ForkJoinPool.commonPool-worker-1] INFO  handler.ContextHandler (ContextHandler.java:doStop(1153)) - Stopped o.e.j.w.WebAppContext@4874d75e{hddsDatanode,/,null,STOPPED}{jar:file:/home/runner/.m2/repository/org/apache/ozone/hdds-container-service/1.3.0-SNAPSHOT/hdds-container-service-1.3.0-SNAPSHOT.jar!/webapps/hddsDatanode}
2022-06-27 16:57:17,731 [ForkJoinPool.commonPool-worker-1] INFO  server.AbstractConnector (AbstractConnector.java:doStop(381)) - Stopped ServerConnector@4d571e3e{HTTP/1.1, (http/1.1)}{0.0.0.0:0}
2022-06-27 16:57:17,731 [ForkJoinPool.commonPool-worker-1] INFO  server.session (HouseKeeper.java:stopScavenging(149)) - node0 Stopped scavenging
2022-06-27 16:57:17,732 [ForkJoinPool.commonPool-worker-1] INFO  handler.ContextHandler (ContextHandler.java:doStop(1153)) - Stopped o.e.j.s.ServletContextHandler@1d15a08b{static,/static,jar:file:/home/runner/.m2/repository/org/apache/ozone/hdds-container-service/1.3.0-SNAPSHOT/hdds-container-service-1.3.0-SNAPSHOT.jar!/webapps/static,STOPPED}
2022-06-27 16:57:17,737 [ForkJoinPool.commonPool-worker-1] INFO  handler.ContextHandler (ContextHandler.java:doStop(1153)) - Stopped o.e.j.s.ServletContextHandler@2a9be4b9{logs,/logs,file:///home/runner/work/ozone/ozone/hadoop-ozone/integration-test/target/log,STOPPED}
2022-06-27 16:57:22,661 [Listener at 127.0.0.1/40407] INFO  ozoneimpl.OzoneContainer (OzoneContainer.java:stop(365)) - Attempting to stop container services.
2022-06-27 16:57:22,669 [Listener at 127.0.0.1/40407] INFO  server.RaftServer (RaftServerProxy.java:lambda$close$7(398)) - 0b59cd30-60f6-4924-b4b6-f1f6b75cfaa0: close
2022-06-27 16:57:22,669 [Listener at 127.0.0.1/40407] INFO  server.RaftServer$Division (RaftServerImpl.java:lambda$close$4(434)) - 0b59cd30-60f6-4924-b4b6-f1f6b75cfaa0@group-4149BAE41C97: shutdown
2022-06-27 16:57:22,669 [Listener at 127.0.0.1/40407] INFO  util.JmxRegister (JmxRegister.java:unregister(73)) - Successfully un-registered JMX Bean with object name Ratis:service=RaftServer,group=group-4149BAE41C97,id=0b59cd30-60f6-4924-b4b6-f1f6b75cfaa0
2022-06-27 16:57:22,669 [Listener at 127.0.0.1/40407] INFO  impl.RoleInfo (RoleInfo.java:shutdownLeaderState(93)) - 0b59cd30-60f6-4924-b4b6-f1f6b75cfaa0: shutdown 0b59cd30-60f6-4924-b4b6-f1f6b75cfaa0@group-4149BAE41C97-LeaderStateImpl
2022-06-27 16:57:22,670 [Listener at 127.0.0.1/40407] INFO  impl.PendingRequests (PendingRequests.java:sendNotLeaderResponses(282)) - 0b59cd30-60f6-4924-b4b6-f1f6b75cfaa0@group-4149BAE41C97-PendingRequests: sendNotLeaderResponses
2022-06-27 16:57:22,670 [Listener at 127.0.0.1/40407] INFO  impl.StateMachineUpdater (StateMachineUpdater.java:stopAndJoin(153)) - 0b59cd30-60f6-4924-b4b6-f1f6b75cfaa0@group-4149BAE41C97-StateMachineUpdater: set stopIndex = 0
2022-06-27 16:57:22,672 [0b59cd30-60f6-4924-b4b6-f1f6b75cfaa0@group-4149BAE41C97-StateMachineUpdater] INFO  ratis.ContainerStateMachine (ContainerStateMachine.java:takeSnapshot(304)) - group-4149BAE41C97: Taking a snapshot at:(t:1, i:0) file /home/runner/work/ozone/ozone/hadoop-ozone/integration-test/target/test-dir/MiniOzoneClusterImpl-66908fe7-3497-48b2-847b-81db60c5ccf5/datanode-3/data/ratis/6d05dab2-786c-48d4-9a1b-4149bae41c97/sm/snapshot.1_0
2022-06-27 16:57:22,675 [0b59cd30-60f6-4924-b4b6-f1f6b75cfaa0@group-4149BAE41C97-StateMachineUpdater] INFO  ratis.ContainerStateMachine (ContainerStateMachine.java:takeSnapshot(315)) - group-4149BAE41C97: Finished taking a snapshot at:(t:1, i:0) file:/home/runner/work/ozone/ozone/hadoop-ozone/integration-test/target/test-dir/MiniOzoneClusterImpl-66908fe7-3497-48b2-847b-81db60c5ccf5/datanode-3/data/ratis/6d05dab2-786c-48d4-9a1b-4149bae41c97/sm/snapshot.1_0 took: 3 ms
2022-06-27 16:57:22,676 [0b59cd30-60f6-4924-b4b6-f1f6b75cfaa0@group-4149BAE41C97-StateMachineUpdater] INFO  impl.StateMachineUpdater (StateMachineUpdater.java:takeSnapshot(287)) - 0b59cd30-60f6-4924-b4b6-f1f6b75cfaa0@group-4149BAE41C97-StateMachineUpdater: Took a snapshot at index 0
2022-06-27 16:57:22,676 [0b59cd30-60f6-4924-b4b6-f1f6b75cfaa0@group-4149BAE41C97-StateMachineUpdater] INFO  impl.StateMachineUpdater (StateMachineUpdater.java:lambda$new$0(92)) - 0b59cd30-60f6-4924-b4b6-f1f6b75cfaa0@group-4149BAE41C97-StateMachineUpdater: snapshotIndex: updateIncreasingly -1 -> 0
2022-06-27 16:57:22,678 [Listener at 127.0.0.1/40407] INFO  server.RaftServer$Division (ServerState.java:close(429)) - 0b59cd30-60f6-4924-b4b6-f1f6b75cfaa0@group-4149BAE41C97: closes. applyIndex: 0
2022-06-27 16:57:22,679 [0b59cd30-60f6-4924-b4b6-f1f6b75cfaa0@group-4149BAE41C97-SegmentedRaftLogWorker] INFO  segmented.SegmentedRaftLogWorker (SegmentedRaftLogWorker.java:run(336)) - 0b59cd30-60f6-4924-b4b6-f1f6b75cfaa0@group-4149BAE41C97-SegmentedRaftLogWorker was interrupted, exiting. There are 0 tasks remaining in the queue.
2022-06-27 16:57:22,680 [Listener at 127.0.0.1/40407] INFO  segmented.SegmentedRaftLogWorker (SegmentedRaftLogWorker.java:close(246)) - 0b59cd30-60f6-4924-b4b6-f1f6b75cfaa0@group-4149BAE41C97-SegmentedRaftLogWorker close()
2022-06-27 16:57:22,681 [Listener at 127.0.0.1/40407] INFO  server.GrpcService (GrpcService.java:closeImpl(269)) - 0b59cd30-60f6-4924-b4b6-f1f6b75cfaa0: shutdown server with port 44561 now
2022-06-27 16:57:22,687 [Listener at 127.0.0.1/40407] INFO  server.GrpcService (GrpcService.java:closeImpl(278)) - 0b59cd30-60f6-4924-b4b6-f1f6b75cfaa0: shutdown server with port 44561 successfully
2022-06-27 16:57:22,687 [org.apache.ratis.util.JvmPauseMonitor$$Lambda$611/5070432@6a1552aa] INFO  util.JvmPauseMonitor (JvmPauseMonitor.java:run(109)) - JvmPauseMonitor-0b59cd30-60f6-4924-b4b6-f1f6b75cfaa0: Stopped
2022-06-27 16:57:24,748 [Listener at 127.0.0.1/40407] INFO  utils.BackgroundService (BackgroundService.java:shutdown(132)) - Shutting down service BlockDeletingService
2022-06-27 16:57:27,818 [Listener at 127.0.0.1/40407] INFO  statemachine.DatanodeStateMachine (DatanodeStateMachine.java:stopDaemon(580)) - Ozone container server stopped.
2022-06-27 16:57:27,826 [Listener at 127.0.0.1/40407] INFO  handler.ContextHandler (ContextHandler.java:doStop(1153)) - Stopped o.e.j.w.WebAppContext@14bcd50f{hddsDatanode,/,null,STOPPED}{jar:file:/home/runner/.m2/repository/org/apache/ozone/hdds-container-service/1.3.0-SNAPSHOT/hdds-container-service-1.3.0-SNAPSHOT.jar!/webapps/hddsDatanode}
2022-06-27 16:57:27,826 [Listener at 127.0.0.1/40407] INFO  server.AbstractConnector (AbstractConnector.java:doStop(381)) - Stopped ServerConnector@4f88bf80{HTTP/1.1, (http/1.1)}{0.0.0.0:0}
2022-06-27 16:57:27,826 [Listener at 127.0.0.1/40407] INFO  server.session (HouseKeeper.java:stopScavenging(149)) - node0 Stopped scavenging
2022-06-27 16:57:27,827 [Listener at 127.0.0.1/40407] INFO  handler.ContextHandler (ContextHandler.java:doStop(1153)) - Stopped o.e.j.s.ServletContextHandler@a0c2a60{static,/static,jar:file:/home/runner/.m2/repository/org/apache/ozone/hdds-container-service/1.3.0-SNAPSHOT/hdds-container-service-1.3.0-SNAPSHOT.jar!/webapps/static,STOPPED}
2022-06-27 16:57:27,827 [Listener at 127.0.0.1/40407] INFO  handler.ContextHandler (ContextHandler.java:doStop(1153)) - Stopped o.e.j.s.ServletContextHandler@1d473835{logs,/logs,file:///home/runner/work/ozone/ozone/hadoop-ozone/integration-test/target/log,STOPPED}
2022-06-27 16:57:27,829 [Listener at 127.0.0.1/40407] INFO  ozone.MiniOzoneClusterImpl (MiniOzoneClusterImpl.java:stopSCM(549)) - Stopping the StorageContainerManager
2022-06-27 16:57:27,829 [Listener at 127.0.0.1/40407] INFO  server.StorageContainerManager (StorageContainerManager.java:stop(1514)) - Container Balancer is not running.
2022-06-27 16:57:27,829 [Listener at 127.0.0.1/40407] INFO  server.StorageContainerManager (StorageContainerManager.java:stop(1521)) - Stopping Replication Manager Service.
2022-06-27 16:57:27,829 [Listener at 127.0.0.1/40407] INFO  replication.ReplicationManager (ReplicationManager.java:stop(208)) - Stopping Replication Monitor Thread.
2022-06-27 16:57:27,829 [Listener at 127.0.0.1/40407] INFO  server.StorageContainerManager (StorageContainerManager.java:stop(1528)) - Stopping the Datanode Admin Monitor.
2022-06-27 16:57:27,829 [Listener at 127.0.0.1/40407] INFO  server.StorageContainerManager (StorageContainerManager.java:stop(1535)) - Stopping Lease Manager of the command watchers
2022-06-27 16:57:27,829 [Listener at 127.0.0.1/40407] INFO  server.StorageContainerManager (StorageContainerManager.java:stop(1542)) - Stopping datanode service RPC server
2022-06-27 16:57:27,829 [Listener at 127.0.0.1/40407] INFO  server.SCMDatanodeProtocolServer (SCMDatanodeProtocolServer.java:stop(408)) - Stopping the RPC server for DataNodes
2022-06-27 16:57:27,829 [Listener at 127.0.0.1/40407] INFO  ipc.Server (Server.java:stop(3414)) - Stopping server on 33587
2022-06-27 16:57:27,830 [ReplicationMonitor] INFO  replication.ReplicationManager (ReplicationManager.java:run(318)) - Replication Monitor Thread is stopped
2022-06-27 16:57:27,836 [IPC Server Responder] INFO  ipc.Server (Server.java:run(1512)) - Stopping IPC Server Responder
2022-06-27 16:57:27,836 [IPC Server listener on 0] INFO  ipc.Server (Server.java:run(1376)) - Stopping IPC Server listener on 0
2022-06-27 16:57:27,842 [SCM Heartbeat Processing Thread - 0] WARN  node.NodeStateManager (NodeStateManager.java:scheduleNextHealthCheck(870)) - Current Thread is interrupted, shutting down HB processing thread for Node Manager.
2022-06-27 16:57:27,842 [Listener at 127.0.0.1/40407] INFO  server.StorageContainerManager (StorageContainerManager.java:stop(1550)) - Stopping block service RPC server
2022-06-27 16:57:27,842 [Listener at 127.0.0.1/40407] INFO  server.SCMBlockProtocolServer (SCMBlockProtocolServer.java:stop(160)) - Stopping the RPC server for Block Protocol
2022-06-27 16:57:27,842 [Listener at 127.0.0.1/40407] INFO  ipc.Server (Server.java:stop(3414)) - Stopping server on 36261
2022-06-27 16:57:27,843 [IPC Server listener on 0] INFO  ipc.Server (Server.java:run(1376)) - Stopping IPC Server listener on 0
2022-06-27 16:57:27,844 [IPC Server Responder] INFO  ipc.Server (Server.java:run(1512)) - Stopping IPC Server Responder
2022-06-27 16:57:27,844 [Listener at 127.0.0.1/40407] INFO  server.StorageContainerManager (StorageContainerManager.java:stop(1557)) - Stopping the StorageContainerLocationProtocol RPC server
2022-06-27 16:57:27,844 [Listener at 127.0.0.1/40407] INFO  server.SCMClientProtocolServer (SCMClientProtocolServer.java:stop(178)) - Stopping the RPC server for Client Protocol
2022-06-27 16:57:27,844 [Listener at 127.0.0.1/40407] INFO  ipc.Server (Server.java:stop(3414)) - Stopping server on 34907
2022-06-27 16:57:27,845 [IPC Server listener on 0] INFO  ipc.Server (Server.java:run(1376)) - Stopping IPC Server listener on 0
2022-06-27 16:57:27,845 [IPC Server Responder] INFO  ipc.Server (Server.java:run(1512)) - Stopping IPC Server Responder
2022-06-27 16:57:27,846 [Listener at 127.0.0.1/40407] INFO  server.StorageContainerManager (StorageContainerManager.java:stop(1564)) - Stopping Storage Container Manager HTTP server.
2022-06-27 16:57:27,847 [Listener at 127.0.0.1/40407] INFO  handler.ContextHandler (ContextHandler.java:doStop(1153)) - Stopped o.e.j.w.WebAppContext@58565994{scm,/,null,STOPPED}{file:/home/runner/work/ozone/ozone/hadoop-ozone/integration-test/target/test-classes/webapps/scm}
2022-06-27 16:57:27,848 [Listener at 127.0.0.1/40407] INFO  server.AbstractConnector (AbstractConnector.java:doStop(381)) - Stopped ServerConnector@3a823f6c{HTTP/1.1, (http/1.1)}{0.0.0.0:0}
2022-06-27 16:57:27,848 [Listener at 127.0.0.1/40407] INFO  server.session (HouseKeeper.java:stopScavenging(149)) - node0 Stopped scavenging
2022-06-27 16:57:27,848 [Listener at 127.0.0.1/40407] INFO  handler.ContextHandler (ContextHandler.java:doStop(1153)) - Stopped o.e.j.s.ServletContextHandler@7545be2{static,/static,file:///home/runner/work/ozone/ozone/hadoop-ozone/integration-test/target/test-classes/webapps/static,STOPPED}
2022-06-27 16:57:27,848 [Listener at 127.0.0.1/40407] INFO  handler.ContextHandler (ContextHandler.java:doStop(1153)) - Stopped o.e.j.s.ServletContextHandler@129adcaf{logs,/logs,file:///home/runner/work/ozone/ozone/hadoop-ozone/integration-test/target/log,STOPPED}
2022-06-27 16:57:27,849 [Listener at 127.0.0.1/40407] INFO  server.StorageContainerManager (StorageContainerManager.java:stop(1575)) - Stopping Block Manager Service.
2022-06-27 16:57:27,849 [Listener at 127.0.0.1/40407] INFO  utils.BackgroundService (BackgroundService.java:shutdown(132)) - Shutting down service SCMBlockDeletingService
2022-06-27 16:57:27,851 [Listener at 127.0.0.1/40407] INFO  utils.BackgroundService (BackgroundService.java:shutdown(132)) - Shutting down service SCMBlockDeletingService
2022-06-27 16:57:27,852 [Listener at 127.0.0.1/40407] INFO  server.StorageContainerManager (StorageContainerManager.java:stop(1602)) - Stopping SCM Event Queue.
2022-06-27 16:57:27,860 [Listener at 127.0.0.1/40407] INFO  server.StorageContainerManager (StorageContainerManager.java:stop(1613)) - Stopping SCM HA services.
2022-06-27 16:57:27,860 [Listener at 127.0.0.1/40407] INFO  pipeline.BackgroundPipelineCreator (BackgroundPipelineCreator.java:stop(152)) - Stopping RatisPipelineUtilsThread.
2022-06-27 16:57:27,860 [RatisPipelineUtilsThread - 0] WARN  pipeline.BackgroundPipelineCreator (BackgroundPipelineCreator.java:run(179)) - RatisPipelineUtilsThread is interrupted.
2022-06-27 16:57:27,860 [BackgroundPipelineScrubberThread] WARN  BackgroundPipelineScrubber (BackgroundSCMService.java:run(110)) - BackgroundPipelineScrubber is interrupted, exit
2022-06-27 16:57:27,860 [Listener at 127.0.0.1/40407] INFO  BackgroundPipelineScrubber (BackgroundSCMService.java:stop(126)) - Stopping BackgroundPipelineScrubber Service.
2022-06-27 16:57:27,860 [Listener at 127.0.0.1/40407] INFO  server.StorageContainerManager (StorageContainerManager.java:stop(1623)) - Stopping SCM MetadataStore.
2022-06-27 16:57:27,863 [Listener at 127.0.0.1/40407] INFO  impl.MetricsSystemImpl (MetricsSystemImpl.java:stop(210)) - Stopping HddsDatanode metrics system...
2022-06-27 16:57:27,934 [prometheus] INFO  impl.MetricsSinkAdapter (MetricsSinkAdapter.java:publishMetricsFromQueue(141)) - prometheus thread interrupted.
2022-06-27 16:57:27,934 [Listener at 127.0.0.1/40407] INFO  impl.MetricsSystemImpl (MetricsSystemImpl.java:stop(216)) - HddsDatanode metrics system stopped.
2022-06-27 16:57:28,031 [Listener at 127.0.0.1/40407] WARN  server.ServerUtils (ServerUtils.java:getScmDbDir(148)) - ozone.scm.db.dirs is not configured. We recommend adding this setting. Falling back to ozone.metadata.dirs instead.
2022-06-27 16:57:28,041 [Listener at 127.0.0.1/40407] WARN  server.ServerUtils (ServerUtils.java:getScmDbDir(148)) - ozone.scm.db.dirs is not configured. We recommend adding this setting. Falling back to ozone.metadata.dirs instead.
2022-06-27 16:57:28,041 [Listener at 127.0.0.1/40407] INFO  ha.SCMHANodeDetails (SCMHANodeDetails.java:loadSCMHAConfig(209)) - ServiceID for StorageContainerManager is null
2022-06-27 16:57:28,041 [Listener at 127.0.0.1/40407] INFO  ha.SCMHANodeDetails (SCMHANodeDetails.java:loadSCMHAConfig(214)) - ozone.scm.default.service.id is not defined, falling back to ozone.scm.service.ids to find serviceID for StorageContainerManager if it is HA enabled cluster
2022-06-27 16:57:28,043 [Listener at 127.0.0.1/40407] WARN  utils.HAUtils (HAUtils.java:getMetaDir(342)) - ozone.scm.db.dirs is not configured. We recommend adding this setting. Falling back to ozone.metadata.dirs instead.
2022-06-27 16:57:28,044 [Listener at 127.0.0.1/40407] WARN  db.DBStoreBuilder (DBStoreBuilder.java:applyDBDefinition(145)) - ozone.scm.db.dirs is not configured. We recommend adding this setting. Falling back to ozone.metadata.dirs instead.
2022-06-27 16:57:28,158 [Listener at 127.0.0.1/40407] INFO  net.NodeSchemaLoader (NodeSchemaLoader.java:loadSchemaFromFile(129)) - Loading schema from [jar:file:/home/runner/.m2/repository/org/apache/ozone/hdds-common/1.3.0-SNAPSHOT/hdds-common-1.3.0-SNAPSHOT.jar!/network-topology-default.xml]
2022-06-27 16:57:28,158 [Listener at 127.0.0.1/40407] INFO  net.NodeSchemaLoader (NodeSchemaLoader.java:loadSchema(176)) - Loading network topology layer schema file
2022-06-27 16:57:28,167 [Listener at 127.0.0.1/40407] INFO  upgrade.AbstractLayoutVersionManager (AbstractLayoutVersionManager.java:init(82)) - Initializing Layout version manager with metadata layout = DATANODE_SCHEMA_V3 (version = 4), software layout = DATANODE_SCHEMA_V3 (version = 4)
2022-06-27 16:57:28,206 [Listener at 127.0.0.1/40407] INFO  reflections.Reflections (Reflections.java:scan(232)) - Reflections took 38 ms to scan 7 urls, producing 131 keys and 316 values 
2022-06-27 16:57:28,210 [Listener at 127.0.0.1/40407] INFO  ha.SequenceIdGenerator (SequenceIdGenerator.java:upgradeToSequenceId(347)) - upgrade localId to 109611004723200000
2022-06-27 16:57:28,210 [Listener at 127.0.0.1/40407] INFO  ha.SequenceIdGenerator (SequenceIdGenerator.java:upgradeToSequenceId(357)) - upgrade delTxnId to 0
2022-06-27 16:57:28,210 [Listener at 127.0.0.1/40407] INFO  ha.SequenceIdGenerator (SequenceIdGenerator.java:upgradeToSequenceId(374)) - upgrade containerId to 0
2022-06-27 16:57:28,210 [Listener at 127.0.0.1/40407] INFO  ha.SequenceIdGenerator (SequenceIdGenerator.java:<init>(218)) - Init the HA SequenceIdGenerator.
2022-06-27 16:57:28,211 [Listener at 127.0.0.1/40407] WARN  server.ServerUtils (ServerUtils.java:sanitizeUserArgs(73)) - ozone.scm.stale.node.interval value = 300000 is larger than max = 100000 based on the key value of ozone.scm.heartbeat.thread.interval, reset to the max value 100000.
2022-06-27 16:57:28,211 [Listener at 127.0.0.1/40407] WARN  server.ServerUtils (ServerUtils.java:sanitizeUserArgs(73)) - ozone.scm.stale.node.interval value = 300000 is larger than max = 100000 based on the key value of ozone.scm.heartbeat.thread.interval, reset to the max value 100000.
2022-06-27 16:57:28,211 [Listener at 127.0.0.1/40407] INFO  node.SCMNodeManager (SCMNodeManager.java:<init>(149)) - Entering startup safe mode.
2022-06-27 16:57:28,212 [Listener at 127.0.0.1/40407] INFO  algorithms.ContainerPlacementPolicyFactory (ContainerPlacementPolicyFactory.java:getPolicyInternal(86)) - Create container placement policy of type org.apache.hadoop.hdds.scm.container.placement.algorithms.SCMContainerPlacementRandom
2022-06-27 16:57:28,212 [Listener at 127.0.0.1/40407] INFO  pipeline.PipelineStateManagerImpl (PipelineStateManagerImpl.java:initialize(78)) - No pipeline exists in current db
2022-06-27 16:57:28,212 [Listener at 127.0.0.1/40407] INFO  algorithms.LeaderChoosePolicyFactory (LeaderChoosePolicyFactory.java:getPolicy(57)) - Create leader choose policy of type org.apache.hadoop.hdds.scm.pipeline.leader.choose.algorithms.MinLeaderCountChoosePolicy
2022-06-27 16:57:28,212 [Listener at 127.0.0.1/40407] INFO  algorithms.ContainerPlacementPolicyFactory (ContainerPlacementPolicyFactory.java:getPolicyInternal(86)) - Create container placement policy of type org.apache.hadoop.hdds.scm.container.placement.algorithms.SCMContainerPlacementRackScatter
2022-06-27 16:57:28,212 [Listener at 127.0.0.1/40407] INFO  pipeline.BackgroundPipelineCreator (BackgroundPipelineCreator.java:start(127)) - Starting RatisPipelineUtilsThread.
2022-06-27 16:57:28,217 [Listener at 127.0.0.1/40407] INFO  BackgroundPipelineScrubber (BackgroundSCMService.java:start(68)) - Starting BackgroundPipelineScrubber Service.
2022-06-27 16:57:28,219 [Listener at 127.0.0.1/40407] INFO  ha.SCMServiceManager (SCMServiceManager.java:register(42)) - Registering service BackgroundPipelineCreator.
2022-06-27 16:57:28,219 [Listener at 127.0.0.1/40407] INFO  ha.SCMServiceManager (SCMServiceManager.java:register(42)) - Registering service BackgroundPipelineScrubber.
2022-06-27 16:57:28,219 [Listener at 127.0.0.1/40407] INFO  ExpiredContainerReplicaOpScrubber (BackgroundSCMService.java:start(68)) - Starting ExpiredContainerReplicaOpScrubber Service.
2022-06-27 16:57:28,219 [Listener at 127.0.0.1/40407] INFO  ha.SCMServiceManager (SCMServiceManager.java:register(42)) - Registering service ExpiredContainerReplicaOpScrubber.
2022-06-27 16:57:28,220 [Listener at 127.0.0.1/40407] INFO  algorithms.PipelineChoosePolicyFactory (PipelineChoosePolicyFactory.java:createPipelineChoosePolicyFromClass(73)) - Create pipeline choose policy of type org.apache.hadoop.hdds.scm.pipeline.choose.algorithms.RandomPipelineChoosePolicy
2022-06-27 16:57:28,220 [Listener at 127.0.0.1/40407] INFO  ha.SCMServiceManager (SCMServiceManager.java:register(42)) - Registering service SCMBlockDeletingService.
2022-06-27 16:57:28,220 [Listener at 127.0.0.1/40407] INFO  replication.ReplicationManager (ReplicationManager.java:start(175)) - Starting Replication Monitor Thread.
2022-06-27 16:57:28,221 [Listener at 127.0.0.1/40407] INFO  ha.SCMServiceManager (SCMServiceManager.java:register(42)) - Registering service ReplicationManager.
2022-06-27 16:57:28,221 [Listener at 127.0.0.1/40407] INFO  safemode.ContainerSafeModeRule (ContainerSafeModeRule.java:<init>(89)) - containers with one replica threshold count 0
2022-06-27 16:57:28,221 [Listener at 127.0.0.1/40407] INFO  safemode.HealthyPipelineSafeModeRule (HealthyPipelineSafeModeRule.java:initializeRule(156)) - Total pipeline count is 0, healthy pipeline threshold count is 1
2022-06-27 16:57:28,221 [Listener at 127.0.0.1/40407] INFO  safemode.OneReplicaPipelineSafeModeRule (OneReplicaPipelineSafeModeRule.java:initializeRule(180)) - Total pipeline count is 0, pipeline's with at least one datanode reported threshold count is 0
2022-06-27 16:57:28,222 [Listener at 127.0.0.1/40407] INFO  ipc.CallQueueManager (CallQueueManager.java:<init>(90)) - Using callQueue: class java.util.concurrent.LinkedBlockingQueue, queueCapacity: 2000, scheduler: class org.apache.hadoop.ipc.DefaultRpcScheduler, ipcBackoff: false.
2022-06-27 16:57:28,223 [Socket Reader #1 for port 0] INFO  ipc.Server (Server.java:run(1265)) - Starting Socket Reader #1 for port 0
2022-06-27 16:57:28,223 [Listener at 0.0.0.0/45983] INFO  ipc.CallQueueManager (CallQueueManager.java:<init>(90)) - Using callQueue: class java.util.concurrent.LinkedBlockingQueue, queueCapacity: 2000, scheduler: class org.apache.hadoop.ipc.DefaultRpcScheduler, ipcBackoff: false.
2022-06-27 16:57:28,224 [Socket Reader #1 for port 0] INFO  ipc.Server (Server.java:run(1265)) - Starting Socket Reader #1 for port 0
2022-06-27 16:57:28,224 [Listener at 0.0.0.0/36021] INFO  ipc.CallQueueManager (CallQueueManager.java:<init>(90)) - Using callQueue: class java.util.concurrent.LinkedBlockingQueue, queueCapacity: 2000, scheduler: class org.apache.hadoop.ipc.DefaultRpcScheduler, ipcBackoff: false.
2022-06-27 16:57:28,225 [Socket Reader #1 for port 0] INFO  ipc.Server (Server.java:run(1265)) - Starting Socket Reader #1 for port 0
2022-06-27 16:57:28,228 [ReplicationMonitor] INFO  replication.ReplicationManager (ReplicationManager.java:processAll(224)) - Replication Manager is not ready to run until 3000ms after safemode exit
2022-06-27 16:57:28,250 [Listener at 0.0.0.0/36489] INFO  ha.SCMServiceManager (SCMServiceManager.java:register(42)) - Registering service ContainerBalancer.
2022-06-27 16:57:28,250 [Listener at 0.0.0.0/36489] INFO  server.StorageContainerManager (StorageContainerManager.java:<init>(401)) - 
Container Balancer status:
Key                            Value
Running                        false
Container Balancer Configuration values:
Key                                                Value
Threshold                                          10
Max Datanodes to Involve per Iteration(percent)    20
Max Size to Move per Iteration                     500GB
Max Size Entering Target per Iteration             26GB
Max Size Leaving Source per Iteration              26GB

2022-06-27 16:57:28,250 [Listener at 0.0.0.0/36489] WARN  events.EventQueue (EventQueue.java:fireEvent(216)) - No event handler registered for event TypedEvent{payloadType=SafeModeStatus, name='Safe mode status'}
2022-06-27 16:57:28,250 [Listener at 0.0.0.0/36489] INFO  ha.SCMContext (SCMContext.java:updateSafeModeStatus(228)) - Update SafeModeStatus from SafeModeStatus{safeModeStatus=true, preCheckPassed=false} to SafeModeStatus{safeModeStatus=true, preCheckPassed=false}.
2022-06-27 16:57:28,250 [Listener at 0.0.0.0/36489] INFO  server.StorageContainerManager (StorageContainerManager.java:start(1422)) - StorageContainerLocationProtocol RPC server is listening at /0.0.0.0:36489
2022-06-27 16:57:28,251 [Listener at 0.0.0.0/36489] WARN  impl.MetricsConfig (MetricsConfig.java:loadFirst(136)) - Cannot locate configuration: tried hadoop-metrics2-storagecontainermanager.properties,hadoop-metrics2.properties
2022-06-27 16:57:28,252 [Listener at 0.0.0.0/36489] INFO  impl.MetricsSystemImpl (MetricsSystemImpl.java:startTimer(378)) - Scheduled Metric snapshot period at 10 second(s).
2022-06-27 16:57:28,252 [Listener at 0.0.0.0/36489] INFO  impl.MetricsSystemImpl (MetricsSystemImpl.java:start(191)) - StorageContainerManager metrics system started
2022-06-27 16:57:28,287 [Listener at 0.0.0.0/36489] INFO  impl.MetricsSinkAdapter (MetricsSinkAdapter.java:start(204)) - Sink prometheus started
2022-06-27 16:57:28,287 [Listener at 0.0.0.0/36489] INFO  impl.MetricsSystemImpl (MetricsSystemImpl.java:registerSink(305)) - Registered sink prometheus
2022-06-27 16:57:28,346 [Listener at 0.0.0.0/36489] INFO  server.SCMClientProtocolServer (SCMClientProtocolServer.java:start(169)) - RPC server for Client  is listening at /0.0.0.0:36489
2022-06-27 16:57:28,346 [IPC Server Responder] INFO  ipc.Server (Server.java:run(1507)) - IPC Server Responder: starting
2022-06-27 16:57:28,346 [IPC Server listener on 0] INFO  ipc.Server (Server.java:run(1344)) - IPC Server listener on 0: starting
2022-06-27 16:57:28,350 [Listener at 0.0.0.0/36489] INFO  server.StorageContainerManager (StorageContainerManager.java:start(1437)) - ScmBlockLocationProtocol RPC server is listening at /0.0.0.0:36021
2022-06-27 16:57:28,350 [Listener at 0.0.0.0/36489] INFO  server.SCMBlockProtocolServer (SCMBlockProtocolServer.java:start(151)) - RPC server for Block Protocol is listening at /0.0.0.0:36021
2022-06-27 16:57:28,350 [IPC Server Responder] INFO  ipc.Server (Server.java:run(1507)) - IPC Server Responder: starting
2022-06-27 16:57:28,350 [IPC Server listener on 0] INFO  ipc.Server (Server.java:run(1344)) - IPC Server listener on 0: starting
2022-06-27 16:57:28,352 [Listener at 0.0.0.0/36489] INFO  server.SCMDatanodeProtocolServer (SCMDatanodeProtocolServer.java:start(185)) - ScmDatanodeProtocol RPC server for DataNodes is listening at /0.0.0.0:45983
2022-06-27 16:57:28,352 [IPC Server Responder] INFO  ipc.Server (Server.java:run(1507)) - IPC Server Responder: starting
2022-06-27 16:57:28,352 [IPC Server listener on 0] INFO  ipc.Server (Server.java:run(1344)) - IPC Server listener on 0: starting
2022-06-27 16:57:28,369 [Listener at 0.0.0.0/36489] INFO  http.BaseHttpServer (BaseHttpServer.java:newHttpServer2BuilderForOzone(209)) - Starting Web-server for scm at: http://0.0.0.0:0
2022-06-27 16:57:28,369 [Listener at 0.0.0.0/36489] INFO  http.BaseHttpServer (BaseHttpServer.java:<init>(107)) - Hadoop Security Enabled: false Ozone Security Enabled: false Ozone HTTP Security Enabled: false 
2022-06-27 16:57:28,371 [Listener at 0.0.0.0/36489] INFO  server.AuthenticationFilter (AuthenticationFilter.java:constructSecretProvider(240)) - Unable to initialize FileSignerSecretProvider, falling back to use random secrets.
2022-06-27 16:57:28,375 [org.apache.hadoop.util.JvmPauseMonitor$Monitor@5a093bc] INFO  util.JvmPauseMonitor (JvmPauseMonitor.java:run(188)) - Starting JVM pause monitor
2022-06-27 16:57:28,375 [Listener at 0.0.0.0/36489] WARN  http.HttpRequestLog (HttpRequestLog.java:getRequestLog(103)) - Jetty request log can only be enabled using Log4j
2022-06-27 16:57:28,376 [Listener at 0.0.0.0/36489] INFO  http.HttpServer2 (HttpServer2.java:addGlobalFilter(1029)) - Added global filter 'safety' (class=org.apache.hadoop.hdds.server.http.HttpServer2$QuotingInputFilter)
2022-06-27 16:57:28,377 [Listener at 0.0.0.0/36489] INFO  http.HttpServer2 (HttpServer2.java:addFilter(1005)) - Added filter static_user_filter (class=org.apache.hadoop.http.lib.StaticUserWebFilter$StaticUserFilter) to context scm
2022-06-27 16:57:28,377 [Listener at 0.0.0.0/36489] INFO  http.HttpServer2 (HttpServer2.java:addFilter(1013)) - Added filter static_user_filter (class=org.apache.hadoop.http.lib.StaticUserWebFilter$StaticUserFilter) to context logs
2022-06-27 16:57:28,377 [Listener at 0.0.0.0/36489] INFO  http.HttpServer2 (HttpServer2.java:addFilter(1013)) - Added filter static_user_filter (class=org.apache.hadoop.http.lib.StaticUserWebFilter$StaticUserFilter) to context static
2022-06-27 16:57:28,377 [Listener at 0.0.0.0/36489] INFO  http.HttpServer2 (HttpServer2.java:bindListener(1248)) - Jetty bound to port 38595
2022-06-27 16:57:28,377 [Listener at 0.0.0.0/36489] INFO  server.Server (Server.java:doStart(375)) - jetty-9.4.43.v20210629; built: 2021-06-30T11:07:22.254Z; git: 526006ecfa3af7f1a27ef3a288e2bef7ea9dd7e8; jvm 1.8.0_332-b09
2022-06-27 16:57:28,401 [Listener at 0.0.0.0/36489] INFO  server.session (DefaultSessionIdManager.java:doStart(334)) - DefaultSessionIdManager workerName=node0
2022-06-27 16:57:28,401 [Listener at 0.0.0.0/36489] INFO  server.session (DefaultSessionIdManager.java:doStart(339)) - No SessionScavenger set, using defaults
2022-06-27 16:57:28,402 [Listener at 0.0.0.0/36489] INFO  server.session (HouseKeeper.java:startScavenging(132)) - node0 Scavenging every 660000ms
2022-06-27 16:57:28,402 [Listener at 0.0.0.0/36489] INFO  handler.ContextHandler (ContextHandler.java:doStart(915)) - Started o.e.j.s.ServletContextHandler@568563f1{logs,/logs,file:///home/runner/work/ozone/ozone/hadoop-ozone/integration-test/target/log,AVAILABLE}
2022-06-27 16:57:28,403 [Listener at 0.0.0.0/36489] INFO  handler.ContextHandler (ContextHandler.java:doStart(915)) - Started o.e.j.s.ServletContextHandler@39513f6d{static,/static,file:///home/runner/work/ozone/ozone/hadoop-ozone/integration-test/target/test-classes/webapps/static,AVAILABLE}
2022-06-27 16:57:28,407 [Listener at 0.0.0.0/36489] INFO  handler.ContextHandler (ContextHandler.java:doStart(915)) - Started o.e.j.w.WebAppContext@3717d1d0{scm,/,file:///home/runner/work/ozone/ozone/hadoop-ozone/integration-test/target/test-classes/webapps/scm/,AVAILABLE}{file:/home/runner/work/ozone/ozone/hadoop-ozone/integration-test/target/test-classes/webapps/scm}
2022-06-27 16:57:28,418 [Listener at 0.0.0.0/36489] INFO  server.AbstractConnector (AbstractConnector.java:doStart(331)) - Started ServerConnector@80aab1d{HTTP/1.1, (http/1.1)}{0.0.0.0:38595}
2022-06-27 16:57:28,419 [Listener at 0.0.0.0/36489] INFO  server.Server (Server.java:doStart(415)) - Started @205313ms
2022-06-27 16:57:28,419 [Listener at 0.0.0.0/36489] WARN  impl.MetricsSystemImpl (MetricsSystemImpl.java:register(279)) - Sink prometheus already exists!
2022-06-27 16:57:28,419 [Listener at 0.0.0.0/36489] INFO  http.BaseHttpServer (BaseHttpServer.java:updateConnectorAddress(329)) - HTTP server of scm listening at http://0.0.0.0:38595
2022-06-27 16:57:28,419 [Listener at 0.0.0.0/36489] WARN  server.ServerUtils (ServerUtils.java:getDBPath(225)) - ozone.om.db.dirs is not configured. We recommend adding this setting. Falling back to ozone.metadata.dirs instead.
2022-06-27 16:57:28,425 [Listener at 0.0.0.0/36489] INFO  ha.OMHANodeDetails (OMHANodeDetails.java:loadOMHAConfig(115)) - ozone.om.internal.service.id is not defined, falling back to ozone.om.service.ids to find serviceID for OzoneManager if it is HA enabled cluster
2022-06-27 16:57:28,425 [Listener at 0.0.0.0/36489] INFO  ha.OMHANodeDetails (OMHANodeDetails.java:loadOMHAConfig(226)) - Configuration does not have ozone.om.address set. Falling back to the default OM address /127.0.0.1:0
2022-06-27 16:57:28,425 [Listener at 0.0.0.0/36489] INFO  ha.OMHANodeDetails (OMHANodeDetails.java:getOMNodeDetailsForNonHA(254)) - OM Service ID is not set. Setting it to the default ID: omServiceIdDefault
2022-06-27 16:57:28,425 [Listener at 0.0.0.0/36489] INFO  ha.OMHANodeDetails (OMHANodeDetails.java:getOMNodeDetailsForNonHA(261)) - OM Node ID is not set. Setting it to the default ID: om1
2022-06-27 16:57:28,426 [Listener at 0.0.0.0/36489] WARN  server.ServerUtils (ServerUtils.java:getDBPath(225)) - ozone.om.db.dirs is not configured. We recommend adding this setting. Falling back to ozone.metadata.dirs instead.
2022-06-27 16:57:28,429 [Listener at 0.0.0.0/36489] INFO  upgrade.AbstractLayoutVersionManager (AbstractLayoutVersionManager.java:init(82)) - Initializing Layout version manager with metadata layout = MULTITENANCY_SCHEMA (version = 3), software layout = MULTITENANCY_SCHEMA (version = 3)
2022-06-27 16:57:28,544 [Listener at 0.0.0.0/36489] INFO  reflections.Reflections (Reflections.java:scan(232)) - Reflections took 113 ms to scan 2 urls, producing 152 keys and 429 values [using 2 cores]
2022-06-27 16:57:28,545 [Listener at 0.0.0.0/36489] INFO  upgrade.OMLayoutVersionManager (OMLayoutVersionManager.java:lambda$0(115)) - Skipping Upgrade Action MockOmUpgradeAction since it has been finalized.
2022-06-27 16:57:28,545 [Listener at 0.0.0.0/36489] WARN  server.ServerUtils (ServerUtils.java:getDBPath(225)) - ozone.om.db.dirs is not configured. We recommend adding this setting. Falling back to ozone.metadata.dirs instead.
2022-06-27 16:57:28,546 [Listener at 0.0.0.0/36489] INFO  proxy.SCMBlockLocationFailoverProxyProvider (SCMBlockLocationFailoverProxyProvider.java:<init>(114)) - Created block location fail-over proxy with 1 nodes: [nodeId=scmNodeId,nodeAddress=/0.0.0.0:36021]
2022-06-27 16:57:28,546 [Listener at 0.0.0.0/36489] INFO  proxy.SCMBlockLocationFailoverProxyProvider (SCMBlockLocationFailoverProxyProvider.java:<init>(114)) - Created block location fail-over proxy with 1 nodes: [nodeId=scmNodeId,nodeAddress=/0.0.0.0:36021]
2022-06-27 16:57:28,557 [Listener at 0.0.0.0/36489] WARN  server.ServerUtils (ServerUtils.java:getDBPath(225)) - ozone.om.db.dirs is not configured. We recommend adding this setting. Falling back to ozone.metadata.dirs instead.
2022-06-27 16:57:28,557 [Listener at 0.0.0.0/36489] INFO  codec.OmKeyInfoCodec (OmKeyInfoCodec.java:<init>(49)) - OmKeyInfoCodec ignorePipeline = true
2022-06-27 16:57:28,557 [Listener at 0.0.0.0/36489] INFO  codec.RepeatedOmKeyInfoCodec (RepeatedOmKeyInfoCodec.java:<init>(41)) - RepeatedOmKeyInfoCodec ignorePipeline = true
2022-06-27 16:57:28,753 [Listener at 0.0.0.0/36489] INFO  om.OzoneManager (OzoneManager.java:instantiateServices(692)) - S3 Multi-Tenancy is disabled
2022-06-27 16:57:28,753 [Listener at 0.0.0.0/36489] INFO  om.OzoneManager (OzoneManager.java:addS3GVolumeToDB(4259)) - Created Volume s3v With Owner runner required for S3Gateway operations.
2022-06-27 16:57:28,753 [Listener at 0.0.0.0/36489] WARN  server.ServerUtils (ServerUtils.java:getDefaultRatisDirectory(237)) - Storage directory for Ratis is not configured. It is a good idea to map this to an SSD disk. Falling back to ozone.metadata.dirs
2022-06-27 16:57:28,754 [Listener at 0.0.0.0/36489] WARN  utils.OzoneManagerRatisUtils (OzoneManagerRatisUtils.java:getOMRatisSnapshotDirectory(431)) - ozone.om.ratis.snapshot.dir is not configured. Falling back to ozone.metadata.dirs config
2022-06-27 16:57:28,754 [Listener at 0.0.0.0/36489] WARN  server.ServerUtils (ServerUtils.java:getDefaultRatisDirectory(237)) - Storage directory for Ratis is not configured. It is a good idea to map this to an SSD disk. Falling back to ozone.metadata.dirs
2022-06-27 16:57:28,755 [Listener at 0.0.0.0/36489] INFO  ratis.OzoneManagerRatisServer (OzoneManagerRatisServer.java:<init>(159)) - Instantiating OM Ratis server with groupID: omServiceIdDefault and peers: localhost:9872
2022-06-27 16:57:28,755 [Listener at 0.0.0.0/36489] INFO  ratis.OzoneManagerStateMachine (OzoneManagerStateMachine.java:loadSnapshotInfoFromDB(632)) - LastAppliedIndex is set from TransactionInfo from OM DB as (t:0, i:~)
2022-06-27 16:57:28,755 [Listener at 0.0.0.0/36489] INFO  server.RaftServer (ConfUtils.java:logGet(46)) - raft.rpc.type = GRPC (default)
2022-06-27 16:57:28,755 [Listener at 0.0.0.0/36489] INFO  grpc.GrpcFactory (GrpcFactory.java:checkPooledByteBufAllocatorUseCacheForAllThreads(48)) - PERFORMANCE WARNING: useCacheForAllThreads is true that may cause Netty to create a lot garbage objects and, as a result, trigger GC.
	It is recommended to disable useCacheForAllThreads by setting -Dorg.apache.ratis.thirdparty.io.netty.allocator.useCacheForAllThreads=false in command line.
2022-06-27 16:57:28,755 [Listener at 0.0.0.0/36489] INFO  grpc.GrpcConfigKeys (ConfUtils.java:logGet(46)) - raft.grpc.admin.port = -1 (default)
2022-06-27 16:57:28,755 [Listener at 0.0.0.0/36489] INFO  grpc.GrpcConfigKeys (ConfUtils.java:logGet(46)) - raft.grpc.server.port = 9872 (custom)
2022-06-27 16:57:28,755 [Listener at 0.0.0.0/36489] INFO  grpc.GrpcConfigKeys (ConfUtils.java:logGet(46)) - raft.grpc.client.port = -1 (default)
2022-06-27 16:57:28,756 [Listener at 0.0.0.0/36489] INFO  grpc.GrpcConfigKeys (ConfUtils.java:logGet(46)) - raft.grpc.server.port = 9872 (custom)
2022-06-27 16:57:28,756 [Listener at 0.0.0.0/36489] INFO  grpc.GrpcConfigKeys (ConfUtils.java:logGet(46)) - raft.grpc.server.port = 9872 (custom)
2022-06-27 16:57:28,756 [Listener at 0.0.0.0/36489] INFO  server.GrpcService (ConfUtils.java:logGet(46)) - raft.grpc.message.size.max = 33554432 (custom)
2022-06-27 16:57:28,756 [Listener at 0.0.0.0/36489] INFO  server.RaftServerConfigKeys (ConfUtils.java:logGet(46)) - raft.server.log.appender.buffer.byte-limit = 33554432 (custom)
2022-06-27 16:57:28,756 [Listener at 0.0.0.0/36489] INFO  server.GrpcService (ConfUtils.java:logGet(46)) - raft.grpc.flow.control.window = 1MB (=1048576) (default)
2022-06-27 16:57:28,756 [Listener at 0.0.0.0/36489] INFO  server.RaftServerConfigKeys (ConfUtils.java:logGet(46)) - raft.server.rpc.request.timeout = 3000ms (default)
2022-06-27 16:57:28,756 [Listener at 0.0.0.0/36489] INFO  grpc.GrpcConfigKeys (ConfUtils.java:logGet(46)) - raft.grpc.server.async.request.thread.pool.cached = true (default)
2022-06-27 16:57:28,756 [Listener at 0.0.0.0/36489] INFO  grpc.GrpcConfigKeys (ConfUtils.java:logGet(46)) - raft.grpc.server.async.request.thread.pool.size = 32 (default)
2022-06-27 16:57:28,758 [Listener at 0.0.0.0/36489] INFO  impl.DataStreamServerImpl (ConfUtils.java:logGet(46)) - raft.datastream.type = DISABLED (default)
2022-06-27 16:57:28,758 [Listener at 0.0.0.0/36489] INFO  server.RaftServerConfigKeys (ConfUtils.java:logGet(46)) - raft.server.threadpool.proxy.cached = true (default)
2022-06-27 16:57:28,758 [Listener at 0.0.0.0/36489] INFO  server.RaftServerConfigKeys (ConfUtils.java:logGet(46)) - raft.server.threadpool.proxy.size = 0 (default)
2022-06-27 16:57:28,758 [Listener at 0.0.0.0/36489] INFO  server.RaftServerConfigKeys (ConfUtils.java:logGet(46)) - raft.server.rpc.slowness.timeout = 120s (custom)
2022-06-27 16:57:28,758 [Listener at 0.0.0.0/36489] INFO  server.RaftServerConfigKeys (ConfUtils.java:logGet(46)) - raft.server.leaderelection.leader.step-down.wait-time = 10s (default)
2022-06-27 16:57:28,758 [Listener at 0.0.0.0/36489] INFO  server.RaftServerConfigKeys (ConfUtils.java:logGet(46)) - raft.server.storage.dir = [/home/runner/work/ozone/ozone/hadoop-ozone/integration-test/target/test-dir/MiniOzoneClusterImpl-5ad2835d-edcb-4821-8976-9d3b57c406ad/ozone-meta/ratis] (custom)
2022-06-27 16:57:28,759 [Listener at 0.0.0.0/36489] INFO  server.RaftServer (RaftServerProxy.java:addNew(96)) - om1: addNew group-C5BA1605619E:[om1|rpc:localhost:9872|priority:0] returns group-C5BA1605619E:java.util.concurrent.CompletableFuture@6ed66fe8[Not completed]
2022-06-27 16:57:28,759 [Listener at 0.0.0.0/36489] INFO  om.OzoneManager (OzoneManager.java:initializeRatisServer(1961)) - OzoneManager Ratis server initialized at port 9872
2022-06-27 16:57:28,759 [Listener at 0.0.0.0/36489] INFO  om.OzoneManager (OzoneManager.java:getRpcServer(1081)) - Creating RPC Server
2022-06-27 16:57:28,761 [pool-815-thread-1] INFO  server.RaftServer$Division (RaftServerImpl.java:<init>(190)) - om1: new RaftServerImpl for group-C5BA1605619E:[om1|rpc:localhost:9872|priority:0] with OzoneManagerStateMachine:uninitialized
2022-06-27 16:57:28,761 [pool-815-thread-1] INFO  server.RaftServerConfigKeys (ConfUtils.java:logGet(46)) - raft.server.rpc.timeout.min = 1s (custom)
2022-06-27 16:57:28,761 [pool-815-thread-1] INFO  server.RaftServerConfigKeys (ConfUtils.java:logGet(46)) - raft.server.rpc.timeout.max = 1200ms (custom)
2022-06-27 16:57:28,761 [pool-815-thread-1] INFO  server.RaftServerConfigKeys (ConfUtils.java:logGet(46)) - raft.server.rpc.sleep.time = 25ms (default)
2022-06-27 16:57:28,761 [pool-815-thread-1] INFO  server.RaftServerConfigKeys (ConfUtils.java:logGet(46)) - raft.server.rpc.slowness.timeout = 120s (custom)
2022-06-27 16:57:28,761 [pool-815-thread-1] INFO  server.RaftServerConfigKeys (ConfUtils.java:logGet(46)) - raft.server.leaderelection.leader.step-down.wait-time = 10s (default)
2022-06-27 16:57:28,761 [pool-815-thread-1] INFO  server.RaftServerConfigKeys (ConfUtils.java:logGet(46)) - raft.server.sleep.deviation.threshold = 300ms (default)
2022-06-27 16:57:28,761 [pool-815-thread-1] INFO  server.RaftServer$Division (ServerState.java:<init>(107)) - om1@group-C5BA1605619E: ConfigurationManager, init=-1: [om1|rpc:localhost:9872|priority:0], old=null, confs=<EMPTY_MAP>
2022-06-27 16:57:28,761 [pool-815-thread-1] INFO  server.RaftServerConfigKeys (ConfUtils.java:logGet(46)) - raft.server.storage.dir = [/home/runner/work/ozone/ozone/hadoop-ozone/integration-test/target/test-dir/MiniOzoneClusterImpl-5ad2835d-edcb-4821-8976-9d3b57c406ad/ozone-meta/ratis] (custom)
2022-06-27 16:57:28,761 [pool-815-thread-1] INFO  server.RaftServerConfigKeys (ConfUtils.java:logGet(46)) - raft.server.log.corruption.policy = EXCEPTION (default)
2022-06-27 16:57:28,761 [pool-815-thread-1] INFO  server.RaftServerConfigKeys (ConfUtils.java:logGet(46)) - raft.server.storage.free-space.min = 0MB (=0) (default)
2022-06-27 16:57:28,761 [pool-815-thread-1] INFO  storage.RaftStorageDirectory (RaftStorageDirectoryImpl.java:analyzeStorage(135)) - The storage directory /home/runner/work/ozone/ozone/hadoop-ozone/integration-test/target/test-dir/MiniOzoneClusterImpl-5ad2835d-edcb-4821-8976-9d3b57c406ad/ozone-meta/ratis/bf265839-605b-3f16-9796-c5ba1605619e does not exist. Creating ...
2022-06-27 16:57:28,762 [pool-815-thread-1] INFO  storage.RaftStorageDirectory (RaftStorageDirectoryImpl.java:tryLock(230)) - Lock on /home/runner/work/ozone/ozone/hadoop-ozone/integration-test/target/test-dir/MiniOzoneClusterImpl-5ad2835d-edcb-4821-8976-9d3b57c406ad/ozone-meta/ratis/bf265839-605b-3f16-9796-c5ba1605619e/in_use.lock acquired by nodename 16603@fv-az215-30
2022-06-27 16:57:28,763 [pool-815-thread-1] INFO  storage.RaftStorage (RaftStorageImpl.java:format(89)) - Storage directory /home/runner/work/ozone/ozone/hadoop-ozone/integration-test/target/test-dir/MiniOzoneClusterImpl-5ad2835d-edcb-4821-8976-9d3b57c406ad/ozone-meta/ratis/bf265839-605b-3f16-9796-c5ba1605619e has been successfully formatted.
2022-06-27 16:57:28,763 [pool-815-thread-1] INFO  server.RaftServerConfigKeys (ConfUtils.java:logGet(46)) - raft.server.notification.no-leader.timeout = 120s (custom)
2022-06-27 16:57:28,763 [pool-815-thread-1] INFO  server.RaftServerConfigKeys (ConfUtils.java:logGet(46)) - raft.server.log.use.memory = false (default)
2022-06-27 16:57:28,763 [pool-815-thread-1] INFO  server.RaftServerConfigKeys (ConfUtils.java:logGet(46)) - raft.server.log.purge.gap = 1000000 (custom)
2022-06-27 16:57:28,763 [pool-815-thread-1] INFO  server.RaftServerConfigKeys (ConfUtils.java:logGet(46)) - raft.server.log.appender.buffer.byte-limit = 33554432 (custom)
2022-06-27 16:57:28,765 [pool-815-thread-1] INFO  server.RaftServerConfigKeys (ConfUtils.java:logGet(46)) - raft.server.log.statemachine.data.read.timeout = 1000ms (default)
2022-06-27 16:57:28,765 [pool-815-thread-1] INFO  server.RaftServerConfigKeys (ConfUtils.java:logGet(46)) - raft.server.log.segment.size.max = 4194304 (custom)
2022-06-27 16:57:28,765 [pool-815-thread-1] INFO  server.RaftServerConfigKeys (ConfUtils.java:logGet(46)) - raft.server.log.segment.cache.num.max = 2 (custom)
2022-06-27 16:57:28,765 [pool-815-thread-1] INFO  server.RaftServerConfigKeys (ConfUtils.java:logGet(46)) - raft.server.log.segment.cache.size.max = 200MB (=209715200) (default)
2022-06-27 16:57:28,766 [pool-815-thread-1] INFO  segmented.SegmentedRaftLogWorker (SegmentedRaftLogWorker.java:<init>(187)) - new om1@group-C5BA1605619E-SegmentedRaftLogWorker for RaftStorageImpl:Storage Directory /home/runner/work/ozone/ozone/hadoop-ozone/integration-test/target/test-dir/MiniOzoneClusterImpl-5ad2835d-edcb-4821-8976-9d3b57c406ad/ozone-meta/ratis/bf265839-605b-3f16-9796-c5ba1605619e
2022-06-27 16:57:28,766 [pool-815-thread-1] INFO  server.RaftServerConfigKeys (ConfUtils.java:logGet(46)) - raft.server.log.queue.byte-limit = 64MB (=67108864) (default)
2022-06-27 16:57:28,766 [pool-815-thread-1] INFO  server.RaftServerConfigKeys (ConfUtils.java:logGet(46)) - raft.server.log.queue.element-limit = 4096 (default)
2022-06-27 16:57:28,766 [pool-815-thread-1] INFO  server.RaftServerConfigKeys (ConfUtils.java:logGet(46)) - raft.server.log.segment.size.max = 4194304 (custom)
2022-06-27 16:57:28,766 [pool-815-thread-1] INFO  server.RaftServerConfigKeys (ConfUtils.java:logGet(46)) - raft.server.log.preallocated.size = 4194304 (custom)
2022-06-27 16:57:28,766 [pool-815-thread-1] INFO  server.RaftServerConfigKeys (ConfUtils.java:logGet(46)) - raft.server.log.force.sync.num = 128 (default)
2022-06-27 16:57:28,766 [pool-815-thread-1] INFO  server.RaftServerConfigKeys (ConfUtils.java:logGet(46)) - raft.server.log.statemachine.data.sync = true (default)
2022-06-27 16:57:28,766 [pool-815-thread-1] INFO  server.RaftServerConfigKeys (ConfUtils.java:logGet(46)) - raft.server.log.statemachine.data.sync.timeout = 10s (default)
2022-06-27 16:57:28,766 [pool-815-thread-1] INFO  server.RaftServerConfigKeys (ConfUtils.java:logGet(46)) - raft.server.log.statemachine.data.sync.timeout.retry = -1 (default)
2022-06-27 16:57:28,771 [pool-815-thread-1] INFO  server.RaftServerConfigKeys (ConfUtils.java:logGet(46)) - raft.server.log.write.buffer.size = 64KB (=65536) (default)
2022-06-27 16:57:28,771 [pool-815-thread-1] INFO  server.RaftServerConfigKeys (ConfUtils.java:logGet(46)) - raft.server.log.unsafe-flush.enabled = false (default)
2022-06-27 16:57:28,771 [pool-815-thread-1] INFO  server.RaftServerConfigKeys (ConfUtils.java:logGet(46)) - raft.server.log.statemachine.data.caching.enabled = false (default)
2022-06-27 16:57:28,771 [pool-815-thread-1] INFO  segmented.SegmentedRaftLogWorker (SegmentedRaftLogWorker.java:lambda$new$0(135)) - om1@group-C5BA1605619E-SegmentedRaftLogWorker: flushIndex: setUnconditionally 0 -> -1
2022-06-27 16:57:28,771 [pool-815-thread-1] INFO  segmented.SegmentedRaftLogWorker (SegmentedRaftLogWorker.java:lambda$new$0(135)) - om1@group-C5BA1605619E-SegmentedRaftLogWorker: safeCacheEvictIndex: setUnconditionally 0 -> -1
2022-06-27 16:57:28,771 [pool-815-thread-1] INFO  server.RaftServerConfigKeys (ConfUtils.java:logGet(46)) - raft.server.snapshot.auto.trigger.enabled = true (custom)
2022-06-27 16:57:28,771 [pool-815-thread-1] INFO  server.RaftServerConfigKeys (ConfUtils.java:logGet(46)) - raft.server.snapshot.auto.trigger.threshold = 400000 (default)
2022-06-27 16:57:28,771 [pool-815-thread-1] INFO  server.RaftServerConfigKeys (ConfUtils.java:logGet(46)) - raft.server.snapshot.retention.file.num = -1 (default)
2022-06-27 16:57:28,772 [pool-815-thread-1] INFO  server.RaftServerConfigKeys (ConfUtils.java:logGet(46)) - raft.server.log.purge.upto.snapshot.index = true (custom)
2022-06-27 16:57:28,772 [pool-815-thread-1] INFO  server.RaftServerConfigKeys (ConfUtils.java:logGet(46)) - raft.server.retrycache.expirytime = 300s (custom)
2022-06-27 16:57:28,772 [pool-815-thread-1] INFO  server.RaftServerConfigKeys (ConfUtils.java:logGet(46)) - raft.server.retrycache.statistics.expirytime = 100μs (default)
2022-06-27 16:57:28,772 [pool-815-thread-1] INFO  server.RaftServerConfigKeys (ConfUtils.java:logGet(46)) - raft.server.log.appender.install.snapshot.enabled = false (custom)
2022-06-27 16:57:28,772 [pool-815-thread-1] INFO  server.RaftServerConfigKeys (ConfUtils.java:logGet(46)) - raft.server.threadpool.server.cached = true (default)
2022-06-27 16:57:28,773 [pool-815-thread-1] INFO  server.RaftServerConfigKeys (ConfUtils.java:logGet(46)) - raft.server.threadpool.server.size = 0 (default)
2022-06-27 16:57:28,773 [pool-815-thread-1] INFO  server.RaftServerConfigKeys (ConfUtils.java:logGet(46)) - raft.server.threadpool.client.cached = true (default)
2022-06-27 16:57:28,773 [pool-815-thread-1] INFO  server.RaftServerConfigKeys (ConfUtils.java:logGet(46)) - raft.server.threadpool.client.size = 0 (default)
2022-06-27 16:57:29,212 [Listener at 0.0.0.0/36489] INFO  reflections.Reflections (Reflections.java:scan(232)) - Reflections took 452 ms to scan 19 urls, producing 66 keys and 4075 values [using 2 cores]
2022-06-27 16:57:29,214 [Listener at 0.0.0.0/36489] INFO  ipc.CallQueueManager (CallQueueManager.java:<init>(90)) - Using callQueue: class java.util.concurrent.LinkedBlockingQueue, queueCapacity: 2000, scheduler: class org.apache.hadoop.ipc.DefaultRpcScheduler, ipcBackoff: false.
2022-06-27 16:57:29,225 [Socket Reader #1 for port 0] INFO  ipc.Server (Server.java:run(1265)) - Starting Socket Reader #1 for port 0
2022-06-27 16:57:29,273 [Listener at 127.0.0.1/40965] INFO  impl.MetricsSystemImpl (MetricsSystemImpl.java:init(158)) - OzoneManager metrics system started (again)
2022-06-27 16:57:29,287 [Listener at 127.0.0.1/40965] INFO  om.OzoneManager (OzoneManager.java:start(1465)) - OzoneManager RPC server is listening at localhost/127.0.0.1:40965
2022-06-27 16:57:29,287 [Listener at 127.0.0.1/40965] INFO  ratis.OzoneManagerRatisServer (OzoneManagerRatisServer.java:start(554)) - Starting OzoneManagerRatisServer om1 at port 9872
2022-06-27 16:57:29,287 [om1-impl-thread1] INFO  server.RaftServer$Division (RaftServerImpl.java:start(310)) - om1@group-C5BA1605619E: start as a follower, conf=-1: [om1|rpc:localhost:9872|priority:0], old=null
2022-06-27 16:57:29,287 [om1-impl-thread1] INFO  server.RaftServer$Division (RaftServerImpl.java:setRole(299)) - om1@group-C5BA1605619E: changes role from      null to FOLLOWER at term 0 for startAsFollower
2022-06-27 16:57:29,287 [om1-impl-thread1] INFO  impl.RoleInfo (RoleInfo.java:updateAndGet(139)) - om1: start om1@group-C5BA1605619E-FollowerState
2022-06-27 16:57:29,291 [om1-impl-thread1] INFO  util.JmxRegister (JmxRegister.java:tryRegister(44)) - Successfully registered JMX Bean with object name Ratis:service=RaftServer,group=group-C5BA1605619E,id=om1
2022-06-27 16:57:29,291 [Listener at 127.0.0.1/40965] INFO  server.RaftServer (RaftServerProxy.java:lambda$start$6(382)) - om1: start RPC server
2022-06-27 16:57:29,313 [Listener at 127.0.0.1/40965] INFO  server.GrpcService (GrpcService.java:startImpl(260)) - om1: GrpcService started, listening on 9872
2022-06-27 16:57:29,321 [Listener at 127.0.0.1/40965] INFO  om.OzoneManager (OzoneManager.java:start(1481)) - Version File has different layout version (3) than OM DB (null). That is expected if this OM has never been finalized to a newer layout version.
2022-06-27 16:57:29,321 [org.apache.ratis.util.JvmPauseMonitor$$Lambda$611/5070432@26e3d977] INFO  util.JvmPauseMonitor (JvmPauseMonitor.java:run(103)) - JvmPauseMonitor-om1: Started
2022-06-27 16:57:29,327 [Listener at 127.0.0.1/40965] INFO  http.BaseHttpServer (BaseHttpServer.java:newHttpServer2BuilderForOzone(209)) - Starting Web-server for ozoneManager at: http://0.0.0.0:0
2022-06-27 16:57:29,327 [Listener at 127.0.0.1/40965] INFO  http.BaseHttpServer (BaseHttpServer.java:<init>(107)) - Hadoop Security Enabled: false Ozone Security Enabled: false Ozone HTTP Security Enabled: false 
2022-06-27 16:57:29,328 [Listener at 127.0.0.1/40965] INFO  server.AuthenticationFilter (AuthenticationFilter.java:constructSecretProvider(240)) - Unable to initialize FileSignerSecretProvider, falling back to use random secrets.
2022-06-27 16:57:29,329 [Listener at 127.0.0.1/40965] WARN  http.HttpRequestLog (HttpRequestLog.java:getRequestLog(103)) - Jetty request log can only be enabled using Log4j
2022-06-27 16:57:29,330 [Listener at 127.0.0.1/40965] INFO  http.HttpServer2 (HttpServer2.java:addGlobalFilter(1029)) - Added global filter 'safety' (class=org.apache.hadoop.hdds.server.http.HttpServer2$QuotingInputFilter)
2022-06-27 16:57:29,331 [Listener at 127.0.0.1/40965] INFO  http.HttpServer2 (HttpServer2.java:addFilter(1005)) - Added filter static_user_filter (class=org.apache.hadoop.http.lib.StaticUserWebFilter$StaticUserFilter) to context ozoneManager
2022-06-27 16:57:29,331 [Listener at 127.0.0.1/40965] INFO  http.HttpServer2 (HttpServer2.java:addFilter(1013)) - Added filter static_user_filter (class=org.apache.hadoop.http.lib.StaticUserWebFilter$StaticUserFilter) to context static
2022-06-27 16:57:29,331 [Listener at 127.0.0.1/40965] INFO  http.HttpServer2 (HttpServer2.java:addFilter(1013)) - Added filter static_user_filter (class=org.apache.hadoop.http.lib.StaticUserWebFilter$StaticUserFilter) to context logs
2022-06-27 16:57:29,331 [Listener at 127.0.0.1/40965] INFO  http.HttpServer2 (HttpServer2.java:bindListener(1248)) - Jetty bound to port 41889
2022-06-27 16:57:29,331 [Listener at 127.0.0.1/40965] INFO  server.Server (Server.java:doStart(375)) - jetty-9.4.43.v20210629; built: 2021-06-30T11:07:22.254Z; git: 526006ecfa3af7f1a27ef3a288e2bef7ea9dd7e8; jvm 1.8.0_332-b09
2022-06-27 16:57:29,340 [Listener at 127.0.0.1/40965] INFO  server.session (DefaultSessionIdManager.java:doStart(334)) - DefaultSessionIdManager workerName=node0
2022-06-27 16:57:29,341 [Listener at 127.0.0.1/40965] INFO  server.session (DefaultSessionIdManager.java:doStart(339)) - No SessionScavenger set, using defaults
2022-06-27 16:57:29,341 [Listener at 127.0.0.1/40965] INFO  server.session (HouseKeeper.java:startScavenging(132)) - node0 Scavenging every 600000ms
2022-06-27 16:57:29,342 [Listener at 127.0.0.1/40965] INFO  handler.ContextHandler (ContextHandler.java:doStart(915)) - Started o.e.j.s.ServletContextHandler@4244fae2{logs,/logs,file:///home/runner/work/ozone/ozone/hadoop-ozone/integration-test/target/log,AVAILABLE}
2022-06-27 16:57:29,342 [Listener at 127.0.0.1/40965] INFO  handler.ContextHandler (ContextHandler.java:doStart(915)) - Started o.e.j.s.ServletContextHandler@5c1a2cee{static,/static,file:///home/runner/work/ozone/ozone/hadoop-ozone/integration-test/target/test-classes/webapps/static,AVAILABLE}
2022-06-27 16:57:29,344 [Listener at 127.0.0.1/40965] INFO  handler.ContextHandler (ContextHandler.java:doStart(915)) - Started o.e.j.w.WebAppContext@25b31c9{ozoneManager,/,file:///home/runner/work/ozone/ozone/hadoop-ozone/integration-test/target/test-classes/webapps/ozoneManager/,AVAILABLE}{file:/home/runner/work/ozone/ozone/hadoop-ozone/integration-test/target/test-classes/webapps/ozoneManager}
2022-06-27 16:57:29,362 [Listener at 127.0.0.1/40965] INFO  server.AbstractConnector (AbstractConnector.java:doStart(331)) - Started ServerConnector@1ee9584a{HTTP/1.1, (http/1.1)}{0.0.0.0:41889}
2022-06-27 16:57:29,363 [Listener at 127.0.0.1/40965] INFO  server.Server (Server.java:doStart(415)) - Started @206257ms
2022-06-27 16:57:29,363 [Listener at 127.0.0.1/40965] WARN  impl.MetricsSystemImpl (MetricsSystemImpl.java:register(279)) - Sink prometheus already exists!
2022-06-27 16:57:29,363 [Listener at 127.0.0.1/40965] INFO  http.BaseHttpServer (BaseHttpServer.java:updateConnectorAddress(329)) - HTTP server of ozoneManager listening at http://0.0.0.0:41889
2022-06-27 16:57:29,364 [IPC Server Responder] INFO  ipc.Server (Server.java:run(1507)) - IPC Server Responder: starting
2022-06-27 16:57:29,364 [IPC Server listener on 0] INFO  ipc.Server (Server.java:run(1344)) - IPC Server listener on 0: starting
2022-06-27 16:57:29,366 [Listener at 127.0.0.1/40965] INFO  om.TrashPolicyOzone (TrashPolicyOzone.java:<init>(178)) - Ozone Manager trash configuration: Deletion interval = 0 minutes, Emptier interval = 0 minutes.
2022-06-27 16:57:29,381 [org.apache.hadoop.util.JvmPauseMonitor$Monitor@75537640] INFO  util.JvmPauseMonitor (JvmPauseMonitor.java:run(188)) - Starting JVM pause monitor
2022-06-27 16:57:29,392 [Listener at 127.0.0.1/40965] WARN  impl.MetricRegistriesImpl (MetricRegistriesImpl.java:addReporterRegistration(111)) - New reporters are added after registries were created. Some metrics will be missing from the reporter. Please add reporter before adding any new registry.
2022-06-27 16:57:29,392 [Listener at 127.0.0.1/40965] WARN  impl.MetricRegistriesImpl (MetricRegistriesImpl.java:addReporterRegistration(111)) - New reporters are added after registries were created. Some metrics will be missing from the reporter. Please add reporter before adding any new registry.
2022-06-27 16:57:29,392 [Listener at 127.0.0.1/40965] INFO  impl.MetricsSystemImpl (MetricsSystemImpl.java:init(158)) - HddsDatanode metrics system started (again)
2022-06-27 16:57:29,403 [Listener at 127.0.0.1/40965] INFO  ozone.HddsDatanodeService (HddsDatanodeService.java:start(236)) - HddsDatanodeService host:fv-az215-30.fk02tkdpp51uda4i120yanydqb.bx.internal.cloudapp.net ip:10.1.0.22
2022-06-27 16:57:29,442 [Listener at 127.0.0.1/40965] INFO  upgrade.AbstractLayoutVersionManager (AbstractLayoutVersionManager.java:init(82)) - Initializing Layout version manager with metadata layout = DATANODE_SCHEMA_V3 (version = 4), software layout = DATANODE_SCHEMA_V3 (version = 4)
2022-06-27 16:57:29,491 [Listener at 127.0.0.1/40965] INFO  reflections.Reflections (Reflections.java:scan(232)) - Reflections took 47 ms to scan 7 urls, producing 131 keys and 316 values 
2022-06-27 16:57:29,492 [Listener at 127.0.0.1/40965] INFO  statemachine.DatanodeStateMachine (DatanodeStateMachine.java:getEndPointTaskThreadPoolSize(237)) - Datanode State Machine Task Thread Pool size 2
2022-06-27 16:57:29,493 [Listener at 127.0.0.1/40965] INFO  volume.HddsVolume (HddsVolume.java:<init>(116)) - Creating HddsVolume: /home/runner/work/ozone/ozone/hadoop-ozone/integration-test/target/test-dir/MiniOzoneClusterImpl-5ad2835d-edcb-4821-8976-9d3b57c406ad/datanode-0/data-0/containers/hdds of storage type : DISK capacity : 9223372036854775807
2022-06-27 16:57:29,494 [Listener at 127.0.0.1/40965] INFO  volume.MutableVolumeSet (MutableVolumeSet.java:initializeVolumeSet(174)) - Added Volume : /home/runner/work/ozone/ozone/hadoop-ozone/integration-test/target/test-dir/MiniOzoneClusterImpl-5ad2835d-edcb-4821-8976-9d3b57c406ad/datanode-0/data-0/containers/hdds to VolumeSet
2022-06-27 16:57:29,494 [Listener at 127.0.0.1/40965] INFO  volume.ThrottledAsyncChecker (ThrottledAsyncChecker.java:schedule(141)) - Scheduling a check for /home/runner/work/ozone/ozone/hadoop-ozone/integration-test/target/test-dir/MiniOzoneClusterImpl-5ad2835d-edcb-4821-8976-9d3b57c406ad/datanode-0/data-0/containers/hdds
2022-06-27 16:57:29,494 [Listener at 127.0.0.1/40965] INFO  volume.StorageVolumeChecker (StorageVolumeChecker.java:checkAllVolumes(202)) - Scheduled health check for volume /home/runner/work/ozone/ozone/hadoop-ozone/integration-test/target/test-dir/MiniOzoneClusterImpl-5ad2835d-edcb-4821-8976-9d3b57c406ad/datanode-0/data-0/containers/hdds
2022-06-27 16:57:29,507 [Listener at 127.0.0.1/40965] INFO  volume.MutableVolumeSet (MutableVolumeSet.java:initializeVolumeSet(174)) - Added Volume : /home/runner/work/ozone/ozone/hadoop-ozone/integration-test/target/test-dir/MiniOzoneClusterImpl-5ad2835d-edcb-4821-8976-9d3b57c406ad/datanode-0/data/ratis to VolumeSet
2022-06-27 16:57:29,507 [Listener at 127.0.0.1/40965] INFO  volume.ThrottledAsyncChecker (ThrottledAsyncChecker.java:schedule(141)) - Scheduling a check for /home/runner/work/ozone/ozone/hadoop-ozone/integration-test/target/test-dir/MiniOzoneClusterImpl-5ad2835d-edcb-4821-8976-9d3b57c406ad/datanode-0/data/ratis
2022-06-27 16:57:29,507 [Listener at 127.0.0.1/40965] INFO  volume.StorageVolumeChecker (StorageVolumeChecker.java:checkAllVolumes(202)) - Scheduled health check for volume /home/runner/work/ozone/ozone/hadoop-ozone/integration-test/target/test-dir/MiniOzoneClusterImpl-5ad2835d-edcb-4821-8976-9d3b57c406ad/datanode-0/data/ratis
2022-06-27 16:57:29,519 [Thread-1595] INFO  ozoneimpl.ContainerReader (ContainerReader.java:readVolume(172)) - Finish verifying containers on volume /home/runner/work/ozone/ozone/hadoop-ozone/integration-test/target/test-dir/MiniOzoneClusterImpl-5ad2835d-edcb-4821-8976-9d3b57c406ad/datanode-0/data-0/containers/hdds
2022-06-27 16:57:29,519 [Listener at 127.0.0.1/40965] INFO  ozoneimpl.OzoneContainer (OzoneContainer.java:buildContainerSet(266)) - Build ContainerSet costs 0s
2022-06-27 16:57:29,521 [Listener at 127.0.0.1/40965] INFO  server.RaftServer (ConfUtils.java:logGet(46)) - raft.rpc.type = GRPC (default)
2022-06-27 16:57:29,521 [Listener at 127.0.0.1/40965] INFO  grpc.GrpcFactory (GrpcFactory.java:checkPooledByteBufAllocatorUseCacheForAllThreads(48)) - PERFORMANCE WARNING: useCacheForAllThreads is true that may cause Netty to create a lot garbage objects and, as a result, trigger GC.
	It is recommended to disable useCacheForAllThreads by setting -Dorg.apache.ratis.thirdparty.io.netty.allocator.useCacheForAllThreads=false in command line.
2022-06-27 16:57:29,521 [Listener at 127.0.0.1/40965] INFO  grpc.GrpcConfigKeys (ConfUtils.java:logGet(46)) - raft.grpc.admin.port = 0 (custom)
2022-06-27 16:57:29,521 [Listener at 127.0.0.1/40965] INFO  grpc.GrpcConfigKeys (ConfUtils.java:logGet(46)) - raft.grpc.client.port = 0 (custom)
2022-06-27 16:57:29,522 [Listener at 127.0.0.1/40965] INFO  grpc.GrpcConfigKeys (ConfUtils.java:logGet(46)) - raft.grpc.server.port = 0 (default)
2022-06-27 16:57:29,522 [Listener at 127.0.0.1/40965] INFO  server.GrpcService (ConfUtils.java:logGet(46)) - raft.grpc.message.size.max = 32MB (=33554432) (custom)
2022-06-27 16:57:29,522 [Listener at 127.0.0.1/40965] INFO  server.RaftServerConfigKeys (ConfUtils.java:logGet(46)) - raft.server.log.appender.buffer.byte-limit = 33554432 (custom)
2022-06-27 16:57:29,522 [Listener at 127.0.0.1/40965] INFO  server.GrpcService (ConfUtils.java:logGet(46)) - raft.grpc.flow.control.window = 5MB (=5242880) (custom)
2022-06-27 16:57:29,522 [Listener at 127.0.0.1/40965] INFO  server.RaftServerConfigKeys (ConfUtils.java:logGet(46)) - raft.server.rpc.request.timeout = 60s (custom)
2022-06-27 16:57:29,522 [Listener at 127.0.0.1/40965] INFO  grpc.GrpcConfigKeys (ConfUtils.java:logGet(46)) - raft.grpc.server.async.request.thread.pool.cached = true (default)
2022-06-27 16:57:29,522 [Listener at 127.0.0.1/40965] INFO  grpc.GrpcConfigKeys (ConfUtils.java:logGet(46)) - raft.grpc.server.async.request.thread.pool.size = 32 (default)
2022-06-27 16:57:29,523 [Listener at 127.0.0.1/40965] INFO  impl.DataStreamServerImpl (ConfUtils.java:logGet(46)) - raft.datastream.type = DISABLED (default)
2022-06-27 16:57:29,523 [Listener at 127.0.0.1/40965] INFO  server.RaftServerConfigKeys (ConfUtils.java:logGet(46)) - raft.server.threadpool.proxy.cached = true (default)
2022-06-27 16:57:29,523 [Listener at 127.0.0.1/40965] INFO  server.RaftServerConfigKeys (ConfUtils.java:logGet(46)) - raft.server.threadpool.proxy.size = 0 (default)
2022-06-27 16:57:29,523 [Listener at 127.0.0.1/40965] INFO  server.RaftServerConfigKeys (ConfUtils.java:logGet(46)) - raft.server.rpc.slowness.timeout = 300s (custom)
2022-06-27 16:57:29,523 [Listener at 127.0.0.1/40965] INFO  server.RaftServerConfigKeys (ConfUtils.java:logGet(46)) - raft.server.leaderelection.leader.step-down.wait-time = 10s (default)
2022-06-27 16:57:29,524 [Listener at 127.0.0.1/40965] INFO  server.RaftServerConfigKeys (ConfUtils.java:logGet(46)) - raft.server.storage.dir = [/home/runner/work/ozone/ozone/hadoop-ozone/integration-test/target/test-dir/MiniOzoneClusterImpl-5ad2835d-edcb-4821-8976-9d3b57c406ad/datanode-0/data/ratis] (custom)
2022-06-27 16:57:29,525 [Listener at 127.0.0.1/40965] INFO  server.XceiverServerGrpc (XceiverServerGrpc.java:<init>(132)) - GrpcServer channel type EpollServerSocketChannel
2022-06-27 16:57:29,529 [Listener at 127.0.0.1/40965] INFO  http.BaseHttpServer (BaseHttpServer.java:newHttpServer2BuilderForOzone(209)) - Starting Web-server for hddsDatanode at: http://0.0.0.0:0
2022-06-27 16:57:29,529 [Listener at 127.0.0.1/40965] INFO  http.BaseHttpServer (BaseHttpServer.java:<init>(107)) - Hadoop Security Enabled: false Ozone Security Enabled: false Ozone HTTP Security Enabled: false 
2022-06-27 16:57:29,530 [Listener at 127.0.0.1/40965] INFO  server.AuthenticationFilter (AuthenticationFilter.java:constructSecretProvider(240)) - Unable to initialize FileSignerSecretProvider, falling back to use random secrets.
2022-06-27 16:57:29,532 [Listener at 127.0.0.1/40965] WARN  http.HttpRequestLog (HttpRequestLog.java:getRequestLog(103)) - Jetty request log can only be enabled using Log4j
2022-06-27 16:57:29,533 [Listener at 127.0.0.1/40965] INFO  http.HttpServer2 (HttpServer2.java:addGlobalFilter(1029)) - Added global filter 'safety' (class=org.apache.hadoop.hdds.server.http.HttpServer2$QuotingInputFilter)
2022-06-27 16:57:29,534 [Listener at 127.0.0.1/40965] INFO  http.HttpServer2 (HttpServer2.java:addFilter(1005)) - Added filter static_user_filter (class=org.apache.hadoop.http.lib.StaticUserWebFilter$StaticUserFilter) to context hddsDatanode
2022-06-27 16:57:29,534 [Listener at 127.0.0.1/40965] INFO  http.HttpServer2 (HttpServer2.java:addFilter(1013)) - Added filter static_user_filter (class=org.apache.hadoop.http.lib.StaticUserWebFilter$StaticUserFilter) to context static
2022-06-27 16:57:29,534 [Listener at 127.0.0.1/40965] INFO  http.HttpServer2 (HttpServer2.java:addFilter(1013)) - Added filter static_user_filter (class=org.apache.hadoop.http.lib.StaticUserWebFilter$StaticUserFilter) to context logs
2022-06-27 16:57:29,534 [Listener at 127.0.0.1/40965] INFO  http.HttpServer2 (HttpServer2.java:bindListener(1248)) - Jetty bound to port 44731
2022-06-27 16:57:29,534 [Listener at 127.0.0.1/40965] INFO  server.Server (Server.java:doStart(375)) - jetty-9.4.43.v20210629; built: 2021-06-30T11:07:22.254Z; git: 526006ecfa3af7f1a27ef3a288e2bef7ea9dd7e8; jvm 1.8.0_332-b09
2022-06-27 16:57:29,538 [Listener at 127.0.0.1/40965] INFO  server.session (DefaultSessionIdManager.java:doStart(334)) - DefaultSessionIdManager workerName=node0
2022-06-27 16:57:29,538 [Listener at 127.0.0.1/40965] INFO  server.session (DefaultSessionIdManager.java:doStart(339)) - No SessionScavenger set, using defaults
2022-06-27 16:57:29,538 [Listener at 127.0.0.1/40965] INFO  server.session (HouseKeeper.java:startScavenging(132)) - node0 Scavenging every 660000ms
2022-06-27 16:57:29,539 [Listener at 127.0.0.1/40965] INFO  handler.ContextHandler (ContextHandler.java:doStart(915)) - Started o.e.j.s.ServletContextHandler@72025f2f{logs,/logs,file:///home/runner/work/ozone/ozone/hadoop-ozone/integration-test/target/log,AVAILABLE}
2022-06-27 16:57:29,539 [Listener at 127.0.0.1/40965] INFO  handler.ContextHandler (ContextHandler.java:doStart(915)) - Started o.e.j.s.ServletContextHandler@43645e75{static,/static,jar:file:/home/runner/.m2/repository/org/apache/ozone/hdds-container-service/1.3.0-SNAPSHOT/hdds-container-service-1.3.0-SNAPSHOT.jar!/webapps/static,AVAILABLE}
2022-06-27 16:57:29,701 [Listener at 127.0.0.1/40965] INFO  handler.ContextHandler (ContextHandler.java:doStart(915)) - Started o.e.j.w.WebAppContext@10894672{hddsDatanode,/,file:///tmp/jetty-0_0_0_0-44731-hdds-container-service-1_3_0-SNAPSHOT_jar-_-any-5544859337581346251/webapp/,AVAILABLE}{jar:file:/home/runner/.m2/repository/org/apache/ozone/hdds-container-service/1.3.0-SNAPSHOT/hdds-container-service-1.3.0-SNAPSHOT.jar!/webapps/hddsDatanode}
2022-06-27 16:57:29,703 [Listener at 127.0.0.1/40965] INFO  server.AbstractConnector (AbstractConnector.java:doStart(331)) - Started ServerConnector@5112ee26{HTTP/1.1, (http/1.1)}{0.0.0.0:44731}
2022-06-27 16:57:29,703 [Listener at 127.0.0.1/40965] INFO  server.Server (Server.java:doStart(415)) - Started @206597ms
2022-06-27 16:57:29,703 [Listener at 127.0.0.1/40965] WARN  impl.MetricsSystemImpl (MetricsSystemImpl.java:register(279)) - Sink prometheus already exists!
2022-06-27 16:57:29,704 [Listener at 127.0.0.1/40965] INFO  http.BaseHttpServer (BaseHttpServer.java:updateConnectorAddress(329)) - HTTP server of hddsDatanode listening at http://0.0.0.0:44731
2022-06-27 16:57:29,713 [Listener at 127.0.0.1/40965] WARN  impl.MetricRegistriesImpl (MetricRegistriesImpl.java:addReporterRegistration(111)) - New reporters are added after registries were created. Some metrics will be missing from the reporter. Please add reporter before adding any new registry.
2022-06-27 16:57:29,713 [Listener at 127.0.0.1/40965] WARN  impl.MetricRegistriesImpl (MetricRegistriesImpl.java:addReporterRegistration(111)) - New reporters are added after registries were created. Some metrics will be missing from the reporter. Please add reporter before adding any new registry.
2022-06-27 16:57:29,713 [Listener at 127.0.0.1/40965] INFO  impl.MetricsSystemImpl (MetricsSystemImpl.java:init(158)) - HddsDatanode metrics system started (again)
2022-06-27 16:57:29,721 [Datanode State Machine Daemon Thread] INFO  statemachine.DatanodeStateMachine (DatanodeStateMachine.java:lambda$startDaemon$0(492)) - Ozone container server started.
2022-06-27 16:57:29,723 [Listener at 127.0.0.1/40965] INFO  ozone.HddsDatanodeService (HddsDatanodeService.java:start(236)) - HddsDatanodeService host:fv-az215-30.fk02tkdpp51uda4i120yanydqb.bx.internal.cloudapp.net ip:10.1.0.22
2022-06-27 16:57:29,737 [org.apache.hadoop.util.JvmPauseMonitor$Monitor@2730bb34] INFO  util.JvmPauseMonitor (JvmPauseMonitor.java:run(188)) - Starting JVM pause monitor
2022-06-27 16:57:29,739 [Datanode State Machine Task Thread - 0] INFO  datanode.InitDatanodeState (InitDatanodeState.java:persistContainerDatanodeDetails(138)) - DatanodeDetails is persisted to /home/runner/work/ozone/ozone/hadoop-ozone/integration-test/target/test-dir/MiniOzoneClusterImpl-5ad2835d-edcb-4821-8976-9d3b57c406ad/datanode-0/meta/datanode.id
2022-06-27 16:57:29,804 [Listener at 127.0.0.1/40965] INFO  upgrade.AbstractLayoutVersionManager (AbstractLayoutVersionManager.java:init(82)) - Initializing Layout version manager with metadata layout = DATANODE_SCHEMA_V3 (version = 4), software layout = DATANODE_SCHEMA_V3 (version = 4)
2022-06-27 16:57:29,844 [Listener at 127.0.0.1/40965] INFO  reflections.Reflections (Reflections.java:scan(232)) - Reflections took 38 ms to scan 7 urls, producing 131 keys and 316 values 
2022-06-27 16:57:29,846 [Listener at 127.0.0.1/40965] INFO  statemachine.DatanodeStateMachine (DatanodeStateMachine.java:getEndPointTaskThreadPoolSize(237)) - Datanode State Machine Task Thread Pool size 2
2022-06-27 16:57:29,847 [Listener at 127.0.0.1/40965] INFO  volume.HddsVolume (HddsVolume.java:<init>(116)) - Creating HddsVolume: /home/runner/work/ozone/ozone/hadoop-ozone/integration-test/target/test-dir/MiniOzoneClusterImpl-5ad2835d-edcb-4821-8976-9d3b57c406ad/datanode-1/data-0/containers/hdds of storage type : DISK capacity : 9223372036854775807
2022-06-27 16:57:29,847 [Listener at 127.0.0.1/40965] INFO  volume.MutableVolumeSet (MutableVolumeSet.java:initializeVolumeSet(174)) - Added Volume : /home/runner/work/ozone/ozone/hadoop-ozone/integration-test/target/test-dir/MiniOzoneClusterImpl-5ad2835d-edcb-4821-8976-9d3b57c406ad/datanode-1/data-0/containers/hdds to VolumeSet
2022-06-27 16:57:29,847 [Listener at 127.0.0.1/40965] INFO  volume.ThrottledAsyncChecker (ThrottledAsyncChecker.java:schedule(141)) - Scheduling a check for /home/runner/work/ozone/ozone/hadoop-ozone/integration-test/target/test-dir/MiniOzoneClusterImpl-5ad2835d-edcb-4821-8976-9d3b57c406ad/datanode-1/data-0/containers/hdds
2022-06-27 16:57:29,848 [Listener at 127.0.0.1/40965] INFO  volume.StorageVolumeChecker (StorageVolumeChecker.java:checkAllVolumes(202)) - Scheduled health check for volume /home/runner/work/ozone/ozone/hadoop-ozone/integration-test/target/test-dir/MiniOzoneClusterImpl-5ad2835d-edcb-4821-8976-9d3b57c406ad/datanode-1/data-0/containers/hdds
2022-06-27 16:57:29,859 [Listener at 127.0.0.1/40965] INFO  volume.MutableVolumeSet (MutableVolumeSet.java:initializeVolumeSet(174)) - Added Volume : /home/runner/work/ozone/ozone/hadoop-ozone/integration-test/target/test-dir/MiniOzoneClusterImpl-5ad2835d-edcb-4821-8976-9d3b57c406ad/datanode-1/data/ratis to VolumeSet
2022-06-27 16:57:29,859 [Listener at 127.0.0.1/40965] INFO  volume.ThrottledAsyncChecker (ThrottledAsyncChecker.java:schedule(141)) - Scheduling a check for /home/runner/work/ozone/ozone/hadoop-ozone/integration-test/target/test-dir/MiniOzoneClusterImpl-5ad2835d-edcb-4821-8976-9d3b57c406ad/datanode-1/data/ratis
2022-06-27 16:57:29,859 [Listener at 127.0.0.1/40965] INFO  volume.StorageVolumeChecker (StorageVolumeChecker.java:checkAllVolumes(202)) - Scheduled health check for volume /home/runner/work/ozone/ozone/hadoop-ozone/integration-test/target/test-dir/MiniOzoneClusterImpl-5ad2835d-edcb-4821-8976-9d3b57c406ad/datanode-1/data/ratis
2022-06-27 16:57:29,873 [Thread-1608] INFO  ozoneimpl.ContainerReader (ContainerReader.java:readVolume(172)) - Finish verifying containers on volume /home/runner/work/ozone/ozone/hadoop-ozone/integration-test/target/test-dir/MiniOzoneClusterImpl-5ad2835d-edcb-4821-8976-9d3b57c406ad/datanode-1/data-0/containers/hdds
2022-06-27 16:57:29,873 [Listener at 127.0.0.1/40965] INFO  ozoneimpl.OzoneContainer (OzoneContainer.java:buildContainerSet(266)) - Build ContainerSet costs 0s
2022-06-27 16:57:29,875 [Listener at 127.0.0.1/40965] INFO  server.RaftServer (ConfUtils.java:logGet(46)) - raft.rpc.type = GRPC (default)
2022-06-27 16:57:29,875 [Listener at 127.0.0.1/40965] INFO  grpc.GrpcFactory (GrpcFactory.java:checkPooledByteBufAllocatorUseCacheForAllThreads(48)) - PERFORMANCE WARNING: useCacheForAllThreads is true that may cause Netty to create a lot garbage objects and, as a result, trigger GC.
	It is recommended to disable useCacheForAllThreads by setting -Dorg.apache.ratis.thirdparty.io.netty.allocator.useCacheForAllThreads=false in command line.
2022-06-27 16:57:29,875 [Listener at 127.0.0.1/40965] INFO  grpc.GrpcConfigKeys (ConfUtils.java:logGet(46)) - raft.grpc.admin.port = 0 (custom)
2022-06-27 16:57:29,875 [Listener at 127.0.0.1/40965] INFO  grpc.GrpcConfigKeys (ConfUtils.java:logGet(46)) - raft.grpc.client.port = 0 (custom)
2022-06-27 16:57:29,875 [Listener at 127.0.0.1/40965] INFO  grpc.GrpcConfigKeys (ConfUtils.java:logGet(46)) - raft.grpc.server.port = 0 (default)
2022-06-27 16:57:29,875 [Listener at 127.0.0.1/40965] INFO  server.GrpcService (ConfUtils.java:logGet(46)) - raft.grpc.message.size.max = 32MB (=33554432) (custom)
2022-06-27 16:57:29,875 [Listener at 127.0.0.1/40965] INFO  server.RaftServerConfigKeys (ConfUtils.java:logGet(46)) - raft.server.log.appender.buffer.byte-limit = 33554432 (custom)
2022-06-27 16:57:29,875 [Listener at 127.0.0.1/40965] INFO  server.GrpcService (ConfUtils.java:logGet(46)) - raft.grpc.flow.control.window = 5MB (=5242880) (custom)
2022-06-27 16:57:29,876 [Listener at 127.0.0.1/40965] INFO  server.RaftServerConfigKeys (ConfUtils.java:logGet(46)) - raft.server.rpc.request.timeout = 60s (custom)
2022-06-27 16:57:29,876 [Listener at 127.0.0.1/40965] INFO  grpc.GrpcConfigKeys (ConfUtils.java:logGet(46)) - raft.grpc.server.async.request.thread.pool.cached = true (default)
2022-06-27 16:57:29,876 [Listener at 127.0.0.1/40965] INFO  grpc.GrpcConfigKeys (ConfUtils.java:logGet(46)) - raft.grpc.server.async.request.thread.pool.size = 32 (default)
2022-06-27 16:57:29,877 [Listener at 127.0.0.1/40965] INFO  impl.DataStreamServerImpl (ConfUtils.java:logGet(46)) - raft.datastream.type = DISABLED (default)
2022-06-27 16:57:29,877 [Listener at 127.0.0.1/40965] INFO  server.RaftServerConfigKeys (ConfUtils.java:logGet(46)) - raft.server.threadpool.proxy.cached = true (default)
2022-06-27 16:57:29,877 [Listener at 127.0.0.1/40965] INFO  server.RaftServerConfigKeys (ConfUtils.java:logGet(46)) - raft.server.threadpool.proxy.size = 0 (default)
2022-06-27 16:57:29,877 [Listener at 127.0.0.1/40965] INFO  server.RaftServerConfigKeys (ConfUtils.java:logGet(46)) - raft.server.rpc.slowness.timeout = 300s (custom)
2022-06-27 16:57:29,877 [Listener at 127.0.0.1/40965] INFO  server.RaftServerConfigKeys (ConfUtils.java:logGet(46)) - raft.server.leaderelection.leader.step-down.wait-time = 10s (default)
2022-06-27 16:57:29,877 [Listener at 127.0.0.1/40965] INFO  server.RaftServerConfigKeys (ConfUtils.java:logGet(46)) - raft.server.storage.dir = [/home/runner/work/ozone/ozone/hadoop-ozone/integration-test/target/test-dir/MiniOzoneClusterImpl-5ad2835d-edcb-4821-8976-9d3b57c406ad/datanode-1/data/ratis] (custom)
2022-06-27 16:57:29,889 [Listener at 127.0.0.1/40965] INFO  server.XceiverServerGrpc (XceiverServerGrpc.java:<init>(132)) - GrpcServer channel type EpollServerSocketChannel
2022-06-27 16:57:29,918 [Listener at 127.0.0.1/40965] INFO  http.BaseHttpServer (BaseHttpServer.java:newHttpServer2BuilderForOzone(209)) - Starting Web-server for hddsDatanode at: http://0.0.0.0:0
2022-06-27 16:57:29,918 [Listener at 127.0.0.1/40965] INFO  http.BaseHttpServer (BaseHttpServer.java:<init>(107)) - Hadoop Security Enabled: false Ozone Security Enabled: false Ozone HTTP Security Enabled: false 
2022-06-27 16:57:29,919 [Listener at 127.0.0.1/40965] INFO  server.AuthenticationFilter (AuthenticationFilter.java:constructSecretProvider(240)) - Unable to initialize FileSignerSecretProvider, falling back to use random secrets.
2022-06-27 16:57:29,929 [Listener at 127.0.0.1/40965] WARN  http.HttpRequestLog (HttpRequestLog.java:getRequestLog(103)) - Jetty request log can only be enabled using Log4j
2022-06-27 16:57:29,930 [Listener at 127.0.0.1/40965] INFO  http.HttpServer2 (HttpServer2.java:addGlobalFilter(1029)) - Added global filter 'safety' (class=org.apache.hadoop.hdds.server.http.HttpServer2$QuotingInputFilter)
2022-06-27 16:57:29,930 [Listener at 127.0.0.1/40965] INFO  http.HttpServer2 (HttpServer2.java:addFilter(1005)) - Added filter static_user_filter (class=org.apache.hadoop.http.lib.StaticUserWebFilter$StaticUserFilter) to context hddsDatanode
2022-06-27 16:57:29,930 [Listener at 127.0.0.1/40965] INFO  http.HttpServer2 (HttpServer2.java:addFilter(1013)) - Added filter static_user_filter (class=org.apache.hadoop.http.lib.StaticUserWebFilter$StaticUserFilter) to context static
2022-06-27 16:57:29,930 [Listener at 127.0.0.1/40965] INFO  http.HttpServer2 (HttpServer2.java:addFilter(1013)) - Added filter static_user_filter (class=org.apache.hadoop.http.lib.StaticUserWebFilter$StaticUserFilter) to context logs
2022-06-27 16:57:29,931 [Listener at 127.0.0.1/40965] INFO  http.HttpServer2 (HttpServer2.java:bindListener(1248)) - Jetty bound to port 34011
2022-06-27 16:57:29,931 [Listener at 127.0.0.1/40965] INFO  server.Server (Server.java:doStart(375)) - jetty-9.4.43.v20210629; built: 2021-06-30T11:07:22.254Z; git: 526006ecfa3af7f1a27ef3a288e2bef7ea9dd7e8; jvm 1.8.0_332-b09
2022-06-27 16:57:29,932 [Listener at 127.0.0.1/40965] INFO  server.session (DefaultSessionIdManager.java:doStart(334)) - DefaultSessionIdManager workerName=node0
2022-06-27 16:57:29,932 [Listener at 127.0.0.1/40965] INFO  server.session (DefaultSessionIdManager.java:doStart(339)) - No SessionScavenger set, using defaults
2022-06-27 16:57:29,932 [Listener at 127.0.0.1/40965] INFO  server.session (HouseKeeper.java:startScavenging(132)) - node0 Scavenging every 660000ms
2022-06-27 16:57:29,935 [Listener at 127.0.0.1/40965] INFO  handler.ContextHandler (ContextHandler.java:doStart(915)) - Started o.e.j.s.ServletContextHandler@73cd59ea{logs,/logs,file:///home/runner/work/ozone/ozone/hadoop-ozone/integration-test/target/log,AVAILABLE}
2022-06-27 16:57:29,935 [Listener at 127.0.0.1/40965] INFO  handler.ContextHandler (ContextHandler.java:doStart(915)) - Started o.e.j.s.ServletContextHandler@6d55d0d6{static,/static,jar:file:/home/runner/.m2/repository/org/apache/ozone/hdds-container-service/1.3.0-SNAPSHOT/hdds-container-service-1.3.0-SNAPSHOT.jar!/webapps/static,AVAILABLE}
2022-06-27 16:57:30,096 [Listener at 127.0.0.1/40965] INFO  handler.ContextHandler (ContextHandler.java:doStart(915)) - Started o.e.j.w.WebAppContext@75fc8c3f{hddsDatanode,/,file:///tmp/jetty-0_0_0_0-34011-hdds-container-service-1_3_0-SNAPSHOT_jar-_-any-5669967059206743851/webapp/,AVAILABLE}{jar:file:/home/runner/.m2/repository/org/apache/ozone/hdds-container-service/1.3.0-SNAPSHOT/hdds-container-service-1.3.0-SNAPSHOT.jar!/webapps/hddsDatanode}
2022-06-27 16:57:30,098 [Listener at 127.0.0.1/40965] INFO  server.AbstractConnector (AbstractConnector.java:doStart(331)) - Started ServerConnector@5aace3f9{HTTP/1.1, (http/1.1)}{0.0.0.0:34011}
2022-06-27 16:57:30,098 [Listener at 127.0.0.1/40965] INFO  server.Server (Server.java:doStart(415)) - Started @206992ms
2022-06-27 16:57:30,098 [Listener at 127.0.0.1/40965] WARN  impl.MetricsSystemImpl (MetricsSystemImpl.java:register(279)) - Sink prometheus already exists!
2022-06-27 16:57:30,099 [Listener at 127.0.0.1/40965] INFO  http.BaseHttpServer (BaseHttpServer.java:updateConnectorAddress(329)) - HTTP server of hddsDatanode listening at http://0.0.0.0:34011
2022-06-27 16:57:30,102 [Listener at 127.0.0.1/40965] WARN  impl.MetricRegistriesImpl (MetricRegistriesImpl.java:addReporterRegistration(111)) - New reporters are added after registries were created. Some metrics will be missing from the reporter. Please add reporter before adding any new registry.
2022-06-27 16:57:30,102 [Listener at 127.0.0.1/40965] WARN  impl.MetricRegistriesImpl (MetricRegistriesImpl.java:addReporterRegistration(111)) - New reporters are added after registries were created. Some metrics will be missing from the reporter. Please add reporter before adding any new registry.
2022-06-27 16:57:30,102 [Listener at 127.0.0.1/40965] INFO  impl.MetricsSystemImpl (MetricsSystemImpl.java:init(158)) - HddsDatanode metrics system started (again)
2022-06-27 16:57:30,114 [Listener at 127.0.0.1/40965] INFO  ozone.HddsDatanodeService (HddsDatanodeService.java:start(236)) - HddsDatanodeService host:fv-az215-30.fk02tkdpp51uda4i120yanydqb.bx.internal.cloudapp.net ip:10.1.0.22
2022-06-27 16:57:30,125 [Datanode State Machine Daemon Thread] INFO  statemachine.DatanodeStateMachine (DatanodeStateMachine.java:lambda$startDaemon$0(492)) - Ozone container server started.
2022-06-27 16:57:30,141 [org.apache.hadoop.util.JvmPauseMonitor$Monitor@7e78d5fd] INFO  util.JvmPauseMonitor (JvmPauseMonitor.java:run(188)) - Starting JVM pause monitor
2022-06-27 16:57:30,148 [Datanode State Machine Task Thread - 0] INFO  datanode.InitDatanodeState (InitDatanodeState.java:persistContainerDatanodeDetails(138)) - DatanodeDetails is persisted to /home/runner/work/ozone/ozone/hadoop-ozone/integration-test/target/test-dir/MiniOzoneClusterImpl-5ad2835d-edcb-4821-8976-9d3b57c406ad/datanode-1/meta/datanode.id
2022-06-27 16:57:30,152 [Listener at 127.0.0.1/40965] INFO  upgrade.AbstractLayoutVersionManager (AbstractLayoutVersionManager.java:init(82)) - Initializing Layout version manager with metadata layout = DATANODE_SCHEMA_V3 (version = 4), software layout = DATANODE_SCHEMA_V3 (version = 4)
2022-06-27 16:57:30,190 [Listener at 127.0.0.1/40965] INFO  reflections.Reflections (Reflections.java:scan(232)) - Reflections took 37 ms to scan 7 urls, producing 131 keys and 316 values 
2022-06-27 16:57:30,193 [Listener at 127.0.0.1/40965] INFO  statemachine.DatanodeStateMachine (DatanodeStateMachine.java:getEndPointTaskThreadPoolSize(237)) - Datanode State Machine Task Thread Pool size 2
2022-06-27 16:57:30,197 [Listener at 127.0.0.1/40965] INFO  volume.HddsVolume (HddsVolume.java:<init>(116)) - Creating HddsVolume: /home/runner/work/ozone/ozone/hadoop-ozone/integration-test/target/test-dir/MiniOzoneClusterImpl-5ad2835d-edcb-4821-8976-9d3b57c406ad/datanode-2/data-0/containers/hdds of storage type : DISK capacity : 9223372036854775807
2022-06-27 16:57:30,198 [Listener at 127.0.0.1/40965] INFO  volume.MutableVolumeSet (MutableVolumeSet.java:initializeVolumeSet(174)) - Added Volume : /home/runner/work/ozone/ozone/hadoop-ozone/integration-test/target/test-dir/MiniOzoneClusterImpl-5ad2835d-edcb-4821-8976-9d3b57c406ad/datanode-2/data-0/containers/hdds to VolumeSet
2022-06-27 16:57:30,198 [Listener at 127.0.0.1/40965] INFO  volume.ThrottledAsyncChecker (ThrottledAsyncChecker.java:schedule(141)) - Scheduling a check for /home/runner/work/ozone/ozone/hadoop-ozone/integration-test/target/test-dir/MiniOzoneClusterImpl-5ad2835d-edcb-4821-8976-9d3b57c406ad/datanode-2/data-0/containers/hdds
2022-06-27 16:57:30,201 [Listener at 127.0.0.1/40965] INFO  volume.StorageVolumeChecker (StorageVolumeChecker.java:checkAllVolumes(202)) - Scheduled health check for volume /home/runner/work/ozone/ozone/hadoop-ozone/integration-test/target/test-dir/MiniOzoneClusterImpl-5ad2835d-edcb-4821-8976-9d3b57c406ad/datanode-2/data-0/containers/hdds
2022-06-27 16:57:30,211 [Listener at 127.0.0.1/40965] INFO  volume.MutableVolumeSet (MutableVolumeSet.java:initializeVolumeSet(174)) - Added Volume : /home/runner/work/ozone/ozone/hadoop-ozone/integration-test/target/test-dir/MiniOzoneClusterImpl-5ad2835d-edcb-4821-8976-9d3b57c406ad/datanode-2/data/ratis to VolumeSet
2022-06-27 16:57:30,211 [Listener at 127.0.0.1/40965] INFO  volume.ThrottledAsyncChecker (ThrottledAsyncChecker.java:schedule(141)) - Scheduling a check for /home/runner/work/ozone/ozone/hadoop-ozone/integration-test/target/test-dir/MiniOzoneClusterImpl-5ad2835d-edcb-4821-8976-9d3b57c406ad/datanode-2/data/ratis
2022-06-27 16:57:30,212 [Listener at 127.0.0.1/40965] INFO  volume.StorageVolumeChecker (StorageVolumeChecker.java:checkAllVolumes(202)) - Scheduled health check for volume /home/runner/work/ozone/ozone/hadoop-ozone/integration-test/target/test-dir/MiniOzoneClusterImpl-5ad2835d-edcb-4821-8976-9d3b57c406ad/datanode-2/data/ratis
2022-06-27 16:57:30,223 [Thread-1621] INFO  ozoneimpl.ContainerReader (ContainerReader.java:readVolume(172)) - Finish verifying containers on volume /home/runner/work/ozone/ozone/hadoop-ozone/integration-test/target/test-dir/MiniOzoneClusterImpl-5ad2835d-edcb-4821-8976-9d3b57c406ad/datanode-2/data-0/containers/hdds
2022-06-27 16:57:30,223 [Listener at 127.0.0.1/40965] INFO  ozoneimpl.OzoneContainer (OzoneContainer.java:buildContainerSet(266)) - Build ContainerSet costs 0s
2022-06-27 16:57:30,224 [Listener at 127.0.0.1/40965] INFO  server.RaftServer (ConfUtils.java:logGet(46)) - raft.rpc.type = GRPC (default)
2022-06-27 16:57:30,224 [Listener at 127.0.0.1/40965] INFO  grpc.GrpcFactory (GrpcFactory.java:checkPooledByteBufAllocatorUseCacheForAllThreads(48)) - PERFORMANCE WARNING: useCacheForAllThreads is true that may cause Netty to create a lot garbage objects and, as a result, trigger GC.
	It is recommended to disable useCacheForAllThreads by setting -Dorg.apache.ratis.thirdparty.io.netty.allocator.useCacheForAllThreads=false in command line.
2022-06-27 16:57:30,224 [Listener at 127.0.0.1/40965] INFO  grpc.GrpcConfigKeys (ConfUtils.java:logGet(46)) - raft.grpc.admin.port = 0 (custom)
2022-06-27 16:57:30,224 [Listener at 127.0.0.1/40965] INFO  grpc.GrpcConfigKeys (ConfUtils.java:logGet(46)) - raft.grpc.client.port = 0 (custom)
2022-06-27 16:57:30,224 [Listener at 127.0.0.1/40965] INFO  grpc.GrpcConfigKeys (ConfUtils.java:logGet(46)) - raft.grpc.server.port = 0 (default)
2022-06-27 16:57:30,224 [Listener at 127.0.0.1/40965] INFO  server.GrpcService (ConfUtils.java:logGet(46)) - raft.grpc.message.size.max = 32MB (=33554432) (custom)
2022-06-27 16:57:30,225 [Listener at 127.0.0.1/40965] INFO  server.RaftServerConfigKeys (ConfUtils.java:logGet(46)) - raft.server.log.appender.buffer.byte-limit = 33554432 (custom)
2022-06-27 16:57:30,225 [Listener at 127.0.0.1/40965] INFO  server.GrpcService (ConfUtils.java:logGet(46)) - raft.grpc.flow.control.window = 5MB (=5242880) (custom)
2022-06-27 16:57:30,225 [Listener at 127.0.0.1/40965] INFO  server.RaftServerConfigKeys (ConfUtils.java:logGet(46)) - raft.server.rpc.request.timeout = 60s (custom)
2022-06-27 16:57:30,225 [Listener at 127.0.0.1/40965] INFO  grpc.GrpcConfigKeys (ConfUtils.java:logGet(46)) - raft.grpc.server.async.request.thread.pool.cached = true (default)
2022-06-27 16:57:30,225 [Listener at 127.0.0.1/40965] INFO  grpc.GrpcConfigKeys (ConfUtils.java:logGet(46)) - raft.grpc.server.async.request.thread.pool.size = 32 (default)
2022-06-27 16:57:30,226 [Listener at 127.0.0.1/40965] INFO  impl.DataStreamServerImpl (ConfUtils.java:logGet(46)) - raft.datastream.type = DISABLED (default)
2022-06-27 16:57:30,226 [Listener at 127.0.0.1/40965] INFO  server.RaftServerConfigKeys (ConfUtils.java:logGet(46)) - raft.server.threadpool.proxy.cached = true (default)
2022-06-27 16:57:30,226 [Listener at 127.0.0.1/40965] INFO  server.RaftServerConfigKeys (ConfUtils.java:logGet(46)) - raft.server.threadpool.proxy.size = 0 (default)
2022-06-27 16:57:30,226 [Listener at 127.0.0.1/40965] INFO  server.RaftServerConfigKeys (ConfUtils.java:logGet(46)) - raft.server.rpc.slowness.timeout = 300s (custom)
2022-06-27 16:57:30,226 [Listener at 127.0.0.1/40965] INFO  server.RaftServerConfigKeys (ConfUtils.java:logGet(46)) - raft.server.leaderelection.leader.step-down.wait-time = 10s (default)
2022-06-27 16:57:30,227 [Listener at 127.0.0.1/40965] INFO  server.RaftServerConfigKeys (ConfUtils.java:logGet(46)) - raft.server.storage.dir = [/home/runner/work/ozone/ozone/hadoop-ozone/integration-test/target/test-dir/MiniOzoneClusterImpl-5ad2835d-edcb-4821-8976-9d3b57c406ad/datanode-2/data/ratis] (custom)
2022-06-27 16:57:30,234 [Listener at 127.0.0.1/40965] INFO  server.XceiverServerGrpc (XceiverServerGrpc.java:<init>(132)) - GrpcServer channel type EpollServerSocketChannel
2022-06-27 16:57:30,237 [Listener at 127.0.0.1/40965] INFO  http.BaseHttpServer (BaseHttpServer.java:newHttpServer2BuilderForOzone(209)) - Starting Web-server for hddsDatanode at: http://0.0.0.0:0
2022-06-27 16:57:30,237 [Listener at 127.0.0.1/40965] INFO  http.BaseHttpServer (BaseHttpServer.java:<init>(107)) - Hadoop Security Enabled: false Ozone Security Enabled: false Ozone HTTP Security Enabled: false 
2022-06-27 16:57:30,238 [Listener at 127.0.0.1/40965] INFO  server.AuthenticationFilter (AuthenticationFilter.java:constructSecretProvider(240)) - Unable to initialize FileSignerSecretProvider, falling back to use random secrets.
2022-06-27 16:57:30,238 [Listener at 127.0.0.1/40965] WARN  http.HttpRequestLog (HttpRequestLog.java:getRequestLog(103)) - Jetty request log can only be enabled using Log4j
2022-06-27 16:57:30,239 [Listener at 127.0.0.1/40965] INFO  http.HttpServer2 (HttpServer2.java:addGlobalFilter(1029)) - Added global filter 'safety' (class=org.apache.hadoop.hdds.server.http.HttpServer2$QuotingInputFilter)
2022-06-27 16:57:30,239 [Listener at 127.0.0.1/40965] INFO  http.HttpServer2 (HttpServer2.java:addFilter(1005)) - Added filter static_user_filter (class=org.apache.hadoop.http.lib.StaticUserWebFilter$StaticUserFilter) to context hddsDatanode
2022-06-27 16:57:30,239 [Listener at 127.0.0.1/40965] INFO  http.HttpServer2 (HttpServer2.java:addFilter(1013)) - Added filter static_user_filter (class=org.apache.hadoop.http.lib.StaticUserWebFilter$StaticUserFilter) to context logs
2022-06-27 16:57:30,240 [Listener at 127.0.0.1/40965] INFO  http.HttpServer2 (HttpServer2.java:addFilter(1013)) - Added filter static_user_filter (class=org.apache.hadoop.http.lib.StaticUserWebFilter$StaticUserFilter) to context static
2022-06-27 16:57:30,240 [Listener at 127.0.0.1/40965] INFO  http.HttpServer2 (HttpServer2.java:bindListener(1248)) - Jetty bound to port 40363
2022-06-27 16:57:30,240 [Listener at 127.0.0.1/40965] INFO  server.Server (Server.java:doStart(375)) - jetty-9.4.43.v20210629; built: 2021-06-30T11:07:22.254Z; git: 526006ecfa3af7f1a27ef3a288e2bef7ea9dd7e8; jvm 1.8.0_332-b09
2022-06-27 16:57:30,246 [Listener at 127.0.0.1/40965] INFO  server.session (DefaultSessionIdManager.java:doStart(334)) - DefaultSessionIdManager workerName=node0
2022-06-27 16:57:30,246 [Listener at 127.0.0.1/40965] INFO  server.session (DefaultSessionIdManager.java:doStart(339)) - No SessionScavenger set, using defaults
2022-06-27 16:57:30,246 [Listener at 127.0.0.1/40965] INFO  server.session (HouseKeeper.java:startScavenging(132)) - node0 Scavenging every 660000ms
2022-06-27 16:57:30,247 [Listener at 127.0.0.1/40965] INFO  handler.ContextHandler (ContextHandler.java:doStart(915)) - Started o.e.j.s.ServletContextHandler@789fe325{logs,/logs,file:///home/runner/work/ozone/ozone/hadoop-ozone/integration-test/target/log,AVAILABLE}
2022-06-27 16:57:30,247 [Listener at 127.0.0.1/40965] INFO  handler.ContextHandler (ContextHandler.java:doStart(915)) - Started o.e.j.s.ServletContextHandler@1c795e84{static,/static,jar:file:/home/runner/.m2/repository/org/apache/ozone/hdds-container-service/1.3.0-SNAPSHOT/hdds-container-service-1.3.0-SNAPSHOT.jar!/webapps/static,AVAILABLE}
2022-06-27 16:57:30,360 [om1@group-C5BA1605619E-FollowerState] INFO  impl.FollowerState (FollowerState.java:run(143)) - om1@group-C5BA1605619E-FollowerState: change to CANDIDATE, lastRpcElapsedTime:1073291801ns, electionTimeout:1069ms
2022-06-27 16:57:30,361 [om1@group-C5BA1605619E-FollowerState] INFO  impl.RoleInfo (RoleInfo.java:shutdownFollowerState(110)) - om1: shutdown om1@group-C5BA1605619E-FollowerState
2022-06-27 16:57:30,361 [om1@group-C5BA1605619E-FollowerState] INFO  server.RaftServer$Division (RaftServerImpl.java:setRole(299)) - om1@group-C5BA1605619E: changes role from  FOLLOWER to CANDIDATE at term 0 for changeToCandidate
2022-06-27 16:57:30,361 [om1@group-C5BA1605619E-FollowerState] INFO  server.RaftServerConfigKeys (ConfUtils.java:logGet(46)) - raft.server.leaderelection.pre-vote = false (custom)
2022-06-27 16:57:30,361 [om1@group-C5BA1605619E-FollowerState] INFO  impl.RoleInfo (RoleInfo.java:updateAndGet(139)) - om1: start om1@group-C5BA1605619E-LeaderElection45
2022-06-27 16:57:30,369 [om1@group-C5BA1605619E-LeaderElection45] INFO  impl.LeaderElection (LeaderElection.java:askForVotes(310)) - om1@group-C5BA1605619E-LeaderElection45 ELECTION round 0: submit vote requests at term 1 for -1: [om1|rpc:localhost:9872|priority:0], old=null
2022-06-27 16:57:30,369 [om1@group-C5BA1605619E-LeaderElection45] INFO  impl.LeaderElection (LeaderElection.java:askForVotes(312)) - om1@group-C5BA1605619E-LeaderElection45 ELECTION round 0: result PASSED (term=1)
2022-06-27 16:57:30,375 [om1@group-C5BA1605619E-LeaderElection45] INFO  impl.RoleInfo (RoleInfo.java:shutdownLeaderElection(130)) - om1: shutdown om1@group-C5BA1605619E-LeaderElection45
2022-06-27 16:57:30,375 [om1@group-C5BA1605619E-LeaderElection45] INFO  server.RaftServer$Division (RaftServerImpl.java:setRole(299)) - om1@group-C5BA1605619E: changes role from CANDIDATE to LEADER at term 1 for changeToLeader
2022-06-27 16:57:30,376 [om1@group-C5BA1605619E-LeaderElection45] INFO  server.RaftServer$Division (ServerState.java:setLeader(287)) - om1@group-C5BA1605619E: change Leader from null to om1 at term 1 for becomeLeader, leader elected after 1612ms
2022-06-27 16:57:30,376 [om1@group-C5BA1605619E-LeaderElection45] INFO  server.RaftServerConfigKeys (ConfUtils.java:logGet(46)) - raft.server.staging.catchup.gap = 1000 (default)
2022-06-27 16:57:30,376 [om1@group-C5BA1605619E-LeaderElection45] INFO  server.RaftServerConfigKeys (ConfUtils.java:logGet(46)) - raft.server.write.element-limit = 4096 (default)
2022-06-27 16:57:30,376 [om1@group-C5BA1605619E-LeaderElection45] INFO  server.RaftServerConfigKeys (ConfUtils.java:logGet(46)) - raft.server.write.byte-limit = 64MB (=67108864) (default)
2022-06-27 16:57:30,376 [om1@group-C5BA1605619E-LeaderElection45] INFO  server.RaftServerConfigKeys (ConfUtils.java:logGet(46)) - raft.server.watch.timeout = 10s (default)
2022-06-27 16:57:30,376 [om1@group-C5BA1605619E-LeaderElection45] INFO  server.RaftServerConfigKeys (ConfUtils.java:logGet(46)) - raft.server.watch.timeout.denomination = 1s (default)
2022-06-27 16:57:30,376 [om1@group-C5BA1605619E-LeaderElection45] INFO  server.RaftServerConfigKeys (ConfUtils.java:logGet(46)) - raft.server.watch.element-limit = 65536 (default)
2022-06-27 16:57:30,376 [om1@group-C5BA1605619E-LeaderElection45] INFO  server.RaftServerConfigKeys (ConfUtils.java:logGet(46)) - raft.server.write.element-limit = 4096 (default)
2022-06-27 16:57:30,376 [om1@group-C5BA1605619E-LeaderElection45] INFO  server.RaftServerConfigKeys (ConfUtils.java:logGet(46)) - raft.server.write.follower.gap.ratio.max = -1.0 (default)
2022-06-27 16:57:30,376 [om1@group-C5BA1605619E-LeaderElection45] INFO  impl.RoleInfo (RoleInfo.java:updateAndGet(139)) - om1: start om1@group-C5BA1605619E-LeaderStateImpl
2022-06-27 16:57:30,376 [om1@group-C5BA1605619E-LeaderElection45] INFO  segmented.SegmentedRaftLogWorker (SegmentedRaftLogWorker.java:startLogSegment(425)) - om1@group-C5BA1605619E-SegmentedRaftLogWorker: Starting segment from index:0
2022-06-27 16:57:30,386 [om1@group-C5BA1605619E-LeaderElection45] INFO  server.RaftServer$Division (ServerState.java:setRaftConf(393)) - om1@group-C5BA1605619E: set configuration 0: [om1|rpc:localhost:9872|admin:|client:|dataStream:|priority:0], old=null
2022-06-27 16:57:30,391 [om1@group-C5BA1605619E-SegmentedRaftLogWorker] INFO  segmented.SegmentedRaftLogWorker (SegmentedRaftLogWorker.java:execute(629)) - om1@group-C5BA1605619E-SegmentedRaftLogWorker: created new log segment /home/runner/work/ozone/ozone/hadoop-ozone/integration-test/target/test-dir/MiniOzoneClusterImpl-5ad2835d-edcb-4821-8976-9d3b57c406ad/ozone-meta/ratis/bf265839-605b-3f16-9796-c5ba1605619e/current/log_inprogress_0
2022-06-27 16:57:30,417 [om1@group-C5BA1605619E-StateMachineUpdater] INFO  ratis.OzoneManagerStateMachine (OzoneManagerStateMachine.java:notifyConfigurationChanged(192)) - Received Configuration change notification from Ratis. New Peer list:
[id: "om1"
address: "localhost:9872"
]
2022-06-27 16:57:30,717 [Listener at 127.0.0.1/40965] INFO  handler.ContextHandler (ContextHandler.java:doStart(915)) - Started o.e.j.w.WebAppContext@4029411d{hddsDatanode,/,file:///tmp/jetty-0_0_0_0-40363-hdds-container-service-1_3_0-SNAPSHOT_jar-_-any-7660574665239219382/webapp/,AVAILABLE}{jar:file:/home/runner/.m2/repository/org/apache/ozone/hdds-container-service/1.3.0-SNAPSHOT/hdds-container-service-1.3.0-SNAPSHOT.jar!/webapps/hddsDatanode}
2022-06-27 16:57:30,733 [Listener at 127.0.0.1/40965] INFO  server.AbstractConnector (AbstractConnector.java:doStart(331)) - Started ServerConnector@5d82fe74{HTTP/1.1, (http/1.1)}{0.0.0.0:40363}
2022-06-27 16:57:30,734 [Listener at 127.0.0.1/40965] INFO  server.Server (Server.java:doStart(415)) - Started @207628ms
2022-06-27 16:57:30,734 [Listener at 127.0.0.1/40965] WARN  impl.MetricsSystemImpl (MetricsSystemImpl.java:register(279)) - Sink prometheus already exists!
2022-06-27 16:57:30,735 [Listener at 127.0.0.1/40965] INFO  http.BaseHttpServer (BaseHttpServer.java:updateConnectorAddress(329)) - HTTP server of hddsDatanode listening at http://0.0.0.0:40363
2022-06-27 16:57:30,735 [Listener at 127.0.0.1/40965] WARN  impl.MetricRegistriesImpl (MetricRegistriesImpl.java:addReporterRegistration(111)) - New reporters are added after registries were created. Some metrics will be missing from the reporter. Please add reporter before adding any new registry.
2022-06-27 16:57:30,735 [Listener at 127.0.0.1/40965] WARN  impl.MetricRegistriesImpl (MetricRegistriesImpl.java:addReporterRegistration(111)) - New reporters are added after registries were created. Some metrics will be missing from the reporter. Please add reporter before adding any new registry.
2022-06-27 16:57:30,735 [Listener at 127.0.0.1/40965] INFO  impl.MetricsSystemImpl (MetricsSystemImpl.java:init(158)) - HddsDatanode metrics system started (again)
2022-06-27 16:57:30,757 [Datanode State Machine Daemon Thread] INFO  statemachine.DatanodeStateMachine (DatanodeStateMachine.java:lambda$startDaemon$0(492)) - Ozone container server started.
2022-06-27 16:57:30,767 [org.apache.hadoop.util.JvmPauseMonitor$Monitor@5e7b0151] INFO  util.JvmPauseMonitor (JvmPauseMonitor.java:run(188)) - Starting JVM pause monitor
2022-06-27 16:57:30,770 [Listener at 127.0.0.1/40965] INFO  ozone.HddsDatanodeService (HddsDatanodeService.java:start(236)) - HddsDatanodeService host:fv-az215-30.fk02tkdpp51uda4i120yanydqb.bx.internal.cloudapp.net ip:10.1.0.22
2022-06-27 16:57:30,777 [Datanode State Machine Task Thread - 0] INFO  datanode.InitDatanodeState (InitDatanodeState.java:persistContainerDatanodeDetails(138)) - DatanodeDetails is persisted to /home/runner/work/ozone/ozone/hadoop-ozone/integration-test/target/test-dir/MiniOzoneClusterImpl-5ad2835d-edcb-4821-8976-9d3b57c406ad/datanode-2/meta/datanode.id
2022-06-27 16:57:30,804 [Listener at 127.0.0.1/40965] INFO  upgrade.AbstractLayoutVersionManager (AbstractLayoutVersionManager.java:init(82)) - Initializing Layout version manager with metadata layout = DATANODE_SCHEMA_V3 (version = 4), software layout = DATANODE_SCHEMA_V3 (version = 4)
2022-06-27 16:57:30,871 [Listener at 127.0.0.1/40965] INFO  reflections.Reflections (Reflections.java:scan(232)) - Reflections took 66 ms to scan 7 urls, producing 131 keys and 316 values 
2022-06-27 16:57:30,881 [Listener at 127.0.0.1/40965] INFO  statemachine.DatanodeStateMachine (DatanodeStateMachine.java:getEndPointTaskThreadPoolSize(237)) - Datanode State Machine Task Thread Pool size 2
2022-06-27 16:57:30,882 [Listener at 127.0.0.1/40965] INFO  volume.HddsVolume (HddsVolume.java:<init>(116)) - Creating HddsVolume: /home/runner/work/ozone/ozone/hadoop-ozone/integration-test/target/test-dir/MiniOzoneClusterImpl-5ad2835d-edcb-4821-8976-9d3b57c406ad/datanode-3/data-0/containers/hdds of storage type : DISK capacity : 9223372036854775807
2022-06-27 16:57:30,882 [Listener at 127.0.0.1/40965] INFO  volume.MutableVolumeSet (MutableVolumeSet.java:initializeVolumeSet(174)) - Added Volume : /home/runner/work/ozone/ozone/hadoop-ozone/integration-test/target/test-dir/MiniOzoneClusterImpl-5ad2835d-edcb-4821-8976-9d3b57c406ad/datanode-3/data-0/containers/hdds to VolumeSet
2022-06-27 16:57:30,882 [Listener at 127.0.0.1/40965] INFO  volume.ThrottledAsyncChecker (ThrottledAsyncChecker.java:schedule(141)) - Scheduling a check for /home/runner/work/ozone/ozone/hadoop-ozone/integration-test/target/test-dir/MiniOzoneClusterImpl-5ad2835d-edcb-4821-8976-9d3b57c406ad/datanode-3/data-0/containers/hdds
2022-06-27 16:57:30,885 [Listener at 127.0.0.1/40965] INFO  volume.StorageVolumeChecker (StorageVolumeChecker.java:checkAllVolumes(202)) - Scheduled health check for volume /home/runner/work/ozone/ozone/hadoop-ozone/integration-test/target/test-dir/MiniOzoneClusterImpl-5ad2835d-edcb-4821-8976-9d3b57c406ad/datanode-3/data-0/containers/hdds
2022-06-27 16:57:30,915 [Listener at 127.0.0.1/40965] INFO  volume.MutableVolumeSet (MutableVolumeSet.java:initializeVolumeSet(174)) - Added Volume : /home/runner/work/ozone/ozone/hadoop-ozone/integration-test/target/test-dir/MiniOzoneClusterImpl-5ad2835d-edcb-4821-8976-9d3b57c406ad/datanode-3/data/ratis to VolumeSet
2022-06-27 16:57:30,916 [Listener at 127.0.0.1/40965] INFO  volume.ThrottledAsyncChecker (ThrottledAsyncChecker.java:schedule(141)) - Scheduling a check for /home/runner/work/ozone/ozone/hadoop-ozone/integration-test/target/test-dir/MiniOzoneClusterImpl-5ad2835d-edcb-4821-8976-9d3b57c406ad/datanode-3/data/ratis
2022-06-27 16:57:30,934 [Listener at 127.0.0.1/40965] INFO  volume.StorageVolumeChecker (StorageVolumeChecker.java:checkAllVolumes(202)) - Scheduled health check for volume /home/runner/work/ozone/ozone/hadoop-ozone/integration-test/target/test-dir/MiniOzoneClusterImpl-5ad2835d-edcb-4821-8976-9d3b57c406ad/datanode-3/data/ratis
2022-06-27 16:57:31,023 [Thread-1636] INFO  ozoneimpl.ContainerReader (ContainerReader.java:readVolume(172)) - Finish verifying containers on volume /home/runner/work/ozone/ozone/hadoop-ozone/integration-test/target/test-dir/MiniOzoneClusterImpl-5ad2835d-edcb-4821-8976-9d3b57c406ad/datanode-3/data-0/containers/hdds
2022-06-27 16:57:31,023 [Listener at 127.0.0.1/40965] INFO  ozoneimpl.OzoneContainer (OzoneContainer.java:buildContainerSet(266)) - Build ContainerSet costs 0s
2022-06-27 16:57:31,037 [Listener at 127.0.0.1/40965] INFO  server.RaftServer (ConfUtils.java:logGet(46)) - raft.rpc.type = GRPC (default)
2022-06-27 16:57:31,037 [Listener at 127.0.0.1/40965] INFO  grpc.GrpcFactory (GrpcFactory.java:checkPooledByteBufAllocatorUseCacheForAllThreads(48)) - PERFORMANCE WARNING: useCacheForAllThreads is true that may cause Netty to create a lot garbage objects and, as a result, trigger GC.
	It is recommended to disable useCacheForAllThreads by setting -Dorg.apache.ratis.thirdparty.io.netty.allocator.useCacheForAllThreads=false in command line.
2022-06-27 16:57:31,037 [Listener at 127.0.0.1/40965] INFO  grpc.GrpcConfigKeys (ConfUtils.java:logGet(46)) - raft.grpc.admin.port = 0 (custom)
2022-06-27 16:57:31,037 [Listener at 127.0.0.1/40965] INFO  grpc.GrpcConfigKeys (ConfUtils.java:logGet(46)) - raft.grpc.client.port = 0 (custom)
2022-06-27 16:57:31,037 [Listener at 127.0.0.1/40965] INFO  grpc.GrpcConfigKeys (ConfUtils.java:logGet(46)) - raft.grpc.server.port = 0 (default)
2022-06-27 16:57:31,037 [Listener at 127.0.0.1/40965] INFO  server.GrpcService (ConfUtils.java:logGet(46)) - raft.grpc.message.size.max = 32MB (=33554432) (custom)
2022-06-27 16:57:31,038 [Listener at 127.0.0.1/40965] INFO  server.RaftServerConfigKeys (ConfUtils.java:logGet(46)) - raft.server.log.appender.buffer.byte-limit = 33554432 (custom)
2022-06-27 16:57:31,038 [Listener at 127.0.0.1/40965] INFO  server.GrpcService (ConfUtils.java:logGet(46)) - raft.grpc.flow.control.window = 5MB (=5242880) (custom)
2022-06-27 16:57:31,038 [Listener at 127.0.0.1/40965] INFO  server.RaftServerConfigKeys (ConfUtils.java:logGet(46)) - raft.server.rpc.request.timeout = 60s (custom)
2022-06-27 16:57:31,038 [Listener at 127.0.0.1/40965] INFO  grpc.GrpcConfigKeys (ConfUtils.java:logGet(46)) - raft.grpc.server.async.request.thread.pool.cached = true (default)
2022-06-27 16:57:31,038 [Listener at 127.0.0.1/40965] INFO  grpc.GrpcConfigKeys (ConfUtils.java:logGet(46)) - raft.grpc.server.async.request.thread.pool.size = 32 (default)
2022-06-27 16:57:31,039 [Listener at 127.0.0.1/40965] INFO  impl.DataStreamServerImpl (ConfUtils.java:logGet(46)) - raft.datastream.type = DISABLED (default)
2022-06-27 16:57:31,039 [Listener at 127.0.0.1/40965] INFO  server.RaftServerConfigKeys (ConfUtils.java:logGet(46)) - raft.server.threadpool.proxy.cached = true (default)
2022-06-27 16:57:31,039 [Listener at 127.0.0.1/40965] INFO  server.RaftServerConfigKeys (ConfUtils.java:logGet(46)) - raft.server.threadpool.proxy.size = 0 (default)
2022-06-27 16:57:31,039 [Listener at 127.0.0.1/40965] INFO  server.RaftServerConfigKeys (ConfUtils.java:logGet(46)) - raft.server.rpc.slowness.timeout = 300s (custom)
2022-06-27 16:57:31,039 [Listener at 127.0.0.1/40965] INFO  server.RaftServerConfigKeys (ConfUtils.java:logGet(46)) - raft.server.leaderelection.leader.step-down.wait-time = 10s (default)
2022-06-27 16:57:31,040 [Listener at 127.0.0.1/40965] INFO  server.RaftServerConfigKeys (ConfUtils.java:logGet(46)) - raft.server.storage.dir = [/home/runner/work/ozone/ozone/hadoop-ozone/integration-test/target/test-dir/MiniOzoneClusterImpl-5ad2835d-edcb-4821-8976-9d3b57c406ad/datanode-3/data/ratis] (custom)
2022-06-27 16:57:31,050 [Listener at 127.0.0.1/40965] INFO  server.XceiverServerGrpc (XceiverServerGrpc.java:<init>(132)) - GrpcServer channel type EpollServerSocketChannel
2022-06-27 16:57:31,053 [Listener at 127.0.0.1/40965] INFO  http.BaseHttpServer (BaseHttpServer.java:newHttpServer2BuilderForOzone(209)) - Starting Web-server for hddsDatanode at: http://0.0.0.0:0
2022-06-27 16:57:31,053 [Listener at 127.0.0.1/40965] INFO  http.BaseHttpServer (BaseHttpServer.java:<init>(107)) - Hadoop Security Enabled: false Ozone Security Enabled: false Ozone HTTP Security Enabled: false 
2022-06-27 16:57:31,054 [Listener at 127.0.0.1/40965] INFO  server.AuthenticationFilter (AuthenticationFilter.java:constructSecretProvider(240)) - Unable to initialize FileSignerSecretProvider, falling back to use random secrets.
2022-06-27 16:57:31,054 [Listener at 127.0.0.1/40965] WARN  http.HttpRequestLog (HttpRequestLog.java:getRequestLog(103)) - Jetty request log can only be enabled using Log4j
2022-06-27 16:57:31,055 [Listener at 127.0.0.1/40965] INFO  http.HttpServer2 (HttpServer2.java:addGlobalFilter(1029)) - Added global filter 'safety' (class=org.apache.hadoop.hdds.server.http.HttpServer2$QuotingInputFilter)
2022-06-27 16:57:31,056 [Listener at 127.0.0.1/40965] INFO  http.HttpServer2 (HttpServer2.java:addFilter(1005)) - Added filter static_user_filter (class=org.apache.hadoop.http.lib.StaticUserWebFilter$StaticUserFilter) to context hddsDatanode
2022-06-27 16:57:31,056 [Listener at 127.0.0.1/40965] INFO  http.HttpServer2 (HttpServer2.java:addFilter(1013)) - Added filter static_user_filter (class=org.apache.hadoop.http.lib.StaticUserWebFilter$StaticUserFilter) to context static
2022-06-27 16:57:31,056 [Listener at 127.0.0.1/40965] INFO  http.HttpServer2 (HttpServer2.java:addFilter(1013)) - Added filter static_user_filter (class=org.apache.hadoop.http.lib.StaticUserWebFilter$StaticUserFilter) to context logs
2022-06-27 16:57:31,056 [Listener at 127.0.0.1/40965] INFO  http.HttpServer2 (HttpServer2.java:bindListener(1248)) - Jetty bound to port 41757
2022-06-27 16:57:31,056 [Listener at 127.0.0.1/40965] INFO  server.Server (Server.java:doStart(375)) - jetty-9.4.43.v20210629; built: 2021-06-30T11:07:22.254Z; git: 526006ecfa3af7f1a27ef3a288e2bef7ea9dd7e8; jvm 1.8.0_332-b09
2022-06-27 16:57:31,160 [Listener at 127.0.0.1/40965] INFO  server.session (DefaultSessionIdManager.java:doStart(334)) - DefaultSessionIdManager workerName=node0
2022-06-27 16:57:31,160 [Listener at 127.0.0.1/40965] INFO  server.session (DefaultSessionIdManager.java:doStart(339)) - No SessionScavenger set, using defaults
2022-06-27 16:57:31,160 [Listener at 127.0.0.1/40965] INFO  server.session (HouseKeeper.java:startScavenging(132)) - node0 Scavenging every 660000ms
2022-06-27 16:57:31,161 [Listener at 127.0.0.1/40965] INFO  handler.ContextHandler (ContextHandler.java:doStart(915)) - Started o.e.j.s.ServletContextHandler@38089df4{logs,/logs,file:///home/runner/work/ozone/ozone/hadoop-ozone/integration-test/target/log,AVAILABLE}
2022-06-27 16:57:31,161 [Listener at 127.0.0.1/40965] INFO  handler.ContextHandler (ContextHandler.java:doStart(915)) - Started o.e.j.s.ServletContextHandler@42817f01{static,/static,jar:file:/home/runner/.m2/repository/org/apache/ozone/hdds-container-service/1.3.0-SNAPSHOT/hdds-container-service-1.3.0-SNAPSHOT.jar!/webapps/static,AVAILABLE}
2022-06-27 16:57:31,717 [Listener at 127.0.0.1/40965] INFO  handler.ContextHandler (ContextHandler.java:doStart(915)) - Started o.e.j.w.WebAppContext@6548432d{hddsDatanode,/,file:///tmp/jetty-0_0_0_0-41757-hdds-container-service-1_3_0-SNAPSHOT_jar-_-any-8797618983125610423/webapp/,AVAILABLE}{jar:file:/home/runner/.m2/repository/org/apache/ozone/hdds-container-service/1.3.0-SNAPSHOT/hdds-container-service-1.3.0-SNAPSHOT.jar!/webapps/hddsDatanode}
2022-06-27 16:57:31,748 [Listener at 127.0.0.1/40965] INFO  server.AbstractConnector (AbstractConnector.java:doStart(331)) - Started ServerConnector@35cfc8c5{HTTP/1.1, (http/1.1)}{0.0.0.0:41757}
2022-06-27 16:57:31,748 [Listener at 127.0.0.1/40965] INFO  server.Server (Server.java:doStart(415)) - Started @208642ms
2022-06-27 16:57:31,748 [Listener at 127.0.0.1/40965] WARN  impl.MetricsSystemImpl (MetricsSystemImpl.java:register(279)) - Sink prometheus already exists!
2022-06-27 16:57:31,749 [Listener at 127.0.0.1/40965] INFO  http.BaseHttpServer (BaseHttpServer.java:updateConnectorAddress(329)) - HTTP server of hddsDatanode listening at http://0.0.0.0:41757
2022-06-27 16:57:31,765 [Listener at 127.0.0.1/40965] WARN  impl.MetricRegistriesImpl (MetricRegistriesImpl.java:addReporterRegistration(111)) - New reporters are added after registries were created. Some metrics will be missing from the reporter. Please add reporter before adding any new registry.
2022-06-27 16:57:31,765 [Listener at 127.0.0.1/40965] WARN  impl.MetricRegistriesImpl (MetricRegistriesImpl.java:addReporterRegistration(111)) - New reporters are added after registries were created. Some metrics will be missing from the reporter. Please add reporter before adding any new registry.
2022-06-27 16:57:31,765 [Listener at 127.0.0.1/40965] INFO  impl.MetricsSystemImpl (MetricsSystemImpl.java:init(158)) - HddsDatanode metrics system started (again)
2022-06-27 16:57:31,777 [Datanode State Machine Daemon Thread] INFO  statemachine.DatanodeStateMachine (DatanodeStateMachine.java:lambda$startDaemon$0(492)) - Ozone container server started.
2022-06-27 16:57:31,825 [org.apache.hadoop.util.JvmPauseMonitor$Monitor@7464369c] INFO  util.JvmPauseMonitor (JvmPauseMonitor.java:run(188)) - Starting JVM pause monitor
2022-06-27 16:57:31,847 [Datanode State Machine Task Thread - 0] INFO  datanode.InitDatanodeState (InitDatanodeState.java:persistContainerDatanodeDetails(138)) - DatanodeDetails is persisted to /home/runner/work/ozone/ozone/hadoop-ozone/integration-test/target/test-dir/MiniOzoneClusterImpl-5ad2835d-edcb-4821-8976-9d3b57c406ad/datanode-3/meta/datanode.id
2022-06-27 16:57:31,866 [Listener at 127.0.0.1/40965] INFO  ozone.HddsDatanodeService (HddsDatanodeService.java:start(236)) - HddsDatanodeService host:fv-az215-30.fk02tkdpp51uda4i120yanydqb.bx.internal.cloudapp.net ip:10.1.0.22
2022-06-27 16:57:31,952 [Listener at 127.0.0.1/40965] INFO  upgrade.AbstractLayoutVersionManager (AbstractLayoutVersionManager.java:init(82)) - Initializing Layout version manager with metadata layout = DATANODE_SCHEMA_V3 (version = 4), software layout = DATANODE_SCHEMA_V3 (version = 4)
2022-06-27 16:57:32,005 [EndpointStateMachine task thread for /0.0.0.0:45983 - 0 ] INFO  volume.HddsVolume (HddsVolume.java:createDbStore(309)) - SchemaV3 db is created and loaded at /home/runner/work/ozone/ozone/hadoop-ozone/integration-test/target/test-dir/MiniOzoneClusterImpl-5ad2835d-edcb-4821-8976-9d3b57c406ad/datanode-0/data-0/containers/hdds/5ad2835d-edcb-4821-8976-9d3b57c406ad/DS-b722ee98-2ac8-4b6b-a575-a09439d52a30/container.db for volume DS-b722ee98-2ac8-4b6b-a575-a09439d52a30
2022-06-27 16:57:32,028 [EndpointStateMachine task thread for /0.0.0.0:45983 - 0 ] INFO  volume.HddsVolume (HddsVolume.java:closeDbStore(340)) - SchemaV3 db is stopped at /home/runner/work/ozone/ozone/hadoop-ozone/integration-test/target/test-dir/MiniOzoneClusterImpl-5ad2835d-edcb-4821-8976-9d3b57c406ad/datanode-0/data-0/containers/hdds/5ad2835d-edcb-4821-8976-9d3b57c406ad/DS-b722ee98-2ac8-4b6b-a575-a09439d52a30/container.db for volume DS-b722ee98-2ac8-4b6b-a575-a09439d52a30
2022-06-27 16:57:32,028 [EndpointStateMachine task thread for /0.0.0.0:45983 - 0 ] INFO  ozoneimpl.OzoneContainer (OzoneContainer.java:start(344)) - Attempting to start container services.
2022-06-27 16:57:32,028 [EndpointStateMachine task thread for /0.0.0.0:45983 - 0 ] INFO  ozoneimpl.OzoneContainer (OzoneContainer.java:startContainerScrub(279)) - Background container scanner has been disabled.
2022-06-27 16:57:32,069 [EndpointStateMachine task thread for /0.0.0.0:45983 - 0 ] INFO  replication.ReplicationServer (ReplicationServer.java:start(111)) - ReplicationServer is started using port 34005
2022-06-27 16:57:32,070 [EndpointStateMachine task thread for /0.0.0.0:45983 - 0 ] INFO  ratis.XceiverServerRatis (XceiverServerRatis.java:start(481)) - Starting XceiverServerRatis d50766be-5aa0-4516-a336-dcc66469e2a8
2022-06-27 16:57:32,070 [EndpointStateMachine task thread for /0.0.0.0:45983 - 0 ] INFO  server.RaftServer (RaftServerProxy.java:lambda$start$6(382)) - d50766be-5aa0-4516-a336-dcc66469e2a8: start RPC server
2022-06-27 16:57:32,078 [EndpointStateMachine task thread for /0.0.0.0:45983 - 0 ] INFO  server.GrpcService (GrpcService.java:startImpl(260)) - d50766be-5aa0-4516-a336-dcc66469e2a8: GrpcService started, listening on 40223
2022-06-27 16:57:32,081 [EndpointStateMachine task thread for /0.0.0.0:45983 - 0 ] INFO  ratis.XceiverServerRatis (XceiverServerRatis.java:getRealPort(502)) - XceiverServerRatis d50766be-5aa0-4516-a336-dcc66469e2a8 is started using port 40223 for RATIS
2022-06-27 16:57:32,081 [EndpointStateMachine task thread for /0.0.0.0:45983 - 0 ] INFO  ratis.XceiverServerRatis (XceiverServerRatis.java:getRealPort(502)) - XceiverServerRatis d50766be-5aa0-4516-a336-dcc66469e2a8 is started using port 40223 for RATIS_ADMIN
2022-06-27 16:57:32,081 [EndpointStateMachine task thread for /0.0.0.0:45983 - 0 ] INFO  ratis.XceiverServerRatis (XceiverServerRatis.java:getRealPort(502)) - XceiverServerRatis d50766be-5aa0-4516-a336-dcc66469e2a8 is started using port 40223 for RATIS_SERVER
2022-06-27 16:57:32,081 [org.apache.ratis.util.JvmPauseMonitor$$Lambda$611/5070432@7e6291e9] INFO  util.JvmPauseMonitor (JvmPauseMonitor.java:run(103)) - JvmPauseMonitor-d50766be-5aa0-4516-a336-dcc66469e2a8: Started
2022-06-27 16:57:32,189 [EndpointStateMachine task thread for /0.0.0.0:45983 - 0 ] INFO  server.XceiverServerGrpc (XceiverServerGrpc.java:start(180)) - XceiverServerGrpc d50766be-5aa0-4516-a336-dcc66469e2a8 is started using port 45739
2022-06-27 16:57:32,292 [Listener at 127.0.0.1/40965] INFO  reflections.Reflections (Reflections.java:scan(232)) - Reflections took 332 ms to scan 7 urls, producing 131 keys and 316 values 
2022-06-27 16:57:32,307 [Listener at 127.0.0.1/40965] INFO  statemachine.DatanodeStateMachine (DatanodeStateMachine.java:getEndPointTaskThreadPoolSize(237)) - Datanode State Machine Task Thread Pool size 2
2022-06-27 16:57:32,308 [Listener at 127.0.0.1/40965] INFO  volume.HddsVolume (HddsVolume.java:<init>(116)) - Creating HddsVolume: /home/runner/work/ozone/ozone/hadoop-ozone/integration-test/target/test-dir/MiniOzoneClusterImpl-5ad2835d-edcb-4821-8976-9d3b57c406ad/datanode-4/data-0/containers/hdds of storage type : DISK capacity : 9223372036854775807
2022-06-27 16:57:32,308 [Listener at 127.0.0.1/40965] INFO  volume.MutableVolumeSet (MutableVolumeSet.java:initializeVolumeSet(174)) - Added Volume : /home/runner/work/ozone/ozone/hadoop-ozone/integration-test/target/test-dir/MiniOzoneClusterImpl-5ad2835d-edcb-4821-8976-9d3b57c406ad/datanode-4/data-0/containers/hdds to VolumeSet
2022-06-27 16:57:32,308 [Listener at 127.0.0.1/40965] INFO  volume.ThrottledAsyncChecker (ThrottledAsyncChecker.java:schedule(141)) - Scheduling a check for /home/runner/work/ozone/ozone/hadoop-ozone/integration-test/target/test-dir/MiniOzoneClusterImpl-5ad2835d-edcb-4821-8976-9d3b57c406ad/datanode-4/data-0/containers/hdds
2022-06-27 16:57:32,386 [Listener at 127.0.0.1/40965] INFO  volume.StorageVolumeChecker (StorageVolumeChecker.java:checkAllVolumes(202)) - Scheduled health check for volume /home/runner/work/ozone/ozone/hadoop-ozone/integration-test/target/test-dir/MiniOzoneClusterImpl-5ad2835d-edcb-4821-8976-9d3b57c406ad/datanode-4/data-0/containers/hdds
2022-06-27 16:57:32,400 [Listener at 127.0.0.1/40965] INFO  volume.MutableVolumeSet (MutableVolumeSet.java:initializeVolumeSet(174)) - Added Volume : /home/runner/work/ozone/ozone/hadoop-ozone/integration-test/target/test-dir/MiniOzoneClusterImpl-5ad2835d-edcb-4821-8976-9d3b57c406ad/datanode-4/data/ratis to VolumeSet
2022-06-27 16:57:32,401 [Listener at 127.0.0.1/40965] INFO  volume.ThrottledAsyncChecker (ThrottledAsyncChecker.java:schedule(141)) - Scheduling a check for /home/runner/work/ozone/ozone/hadoop-ozone/integration-test/target/test-dir/MiniOzoneClusterImpl-5ad2835d-edcb-4821-8976-9d3b57c406ad/datanode-4/data/ratis
2022-06-27 16:57:32,402 [Listener at 127.0.0.1/40965] INFO  volume.StorageVolumeChecker (StorageVolumeChecker.java:checkAllVolumes(202)) - Scheduled health check for volume /home/runner/work/ozone/ozone/hadoop-ozone/integration-test/target/test-dir/MiniOzoneClusterImpl-5ad2835d-edcb-4821-8976-9d3b57c406ad/datanode-4/data/ratis
2022-06-27 16:57:32,418 [EndpointStateMachine task thread for /0.0.0.0:45983 - 0 ] INFO  volume.HddsVolume (HddsVolume.java:createDbStore(309)) - SchemaV3 db is created and loaded at /home/runner/work/ozone/ozone/hadoop-ozone/integration-test/target/test-dir/MiniOzoneClusterImpl-5ad2835d-edcb-4821-8976-9d3b57c406ad/datanode-1/data-0/containers/hdds/5ad2835d-edcb-4821-8976-9d3b57c406ad/DS-90e8331f-ad9e-41f7-9baa-dc754696a4bc/container.db for volume DS-90e8331f-ad9e-41f7-9baa-dc754696a4bc
2022-06-27 16:57:32,419 [EndpointStateMachine task thread for /0.0.0.0:45983 - 0 ] INFO  volume.HddsVolume (HddsVolume.java:closeDbStore(340)) - SchemaV3 db is stopped at /home/runner/work/ozone/ozone/hadoop-ozone/integration-test/target/test-dir/MiniOzoneClusterImpl-5ad2835d-edcb-4821-8976-9d3b57c406ad/datanode-1/data-0/containers/hdds/5ad2835d-edcb-4821-8976-9d3b57c406ad/DS-90e8331f-ad9e-41f7-9baa-dc754696a4bc/container.db for volume DS-90e8331f-ad9e-41f7-9baa-dc754696a4bc
2022-06-27 16:57:32,419 [EndpointStateMachine task thread for /0.0.0.0:45983 - 0 ] INFO  ozoneimpl.OzoneContainer (OzoneContainer.java:start(344)) - Attempting to start container services.
2022-06-27 16:57:32,419 [EndpointStateMachine task thread for /0.0.0.0:45983 - 0 ] INFO  ozoneimpl.OzoneContainer (OzoneContainer.java:startContainerScrub(279)) - Background container scanner has been disabled.
2022-06-27 16:57:32,462 [EndpointStateMachine task thread for /0.0.0.0:45983 - 0 ] INFO  replication.ReplicationServer (ReplicationServer.java:start(111)) - ReplicationServer is started using port 42155
2022-06-27 16:57:32,462 [EndpointStateMachine task thread for /0.0.0.0:45983 - 0 ] INFO  ratis.XceiverServerRatis (XceiverServerRatis.java:start(481)) - Starting XceiverServerRatis 59b1e939-7f3e-448e-a48d-ff530bcc538d
2022-06-27 16:57:32,477 [EndpointStateMachine task thread for /0.0.0.0:45983 - 0 ] INFO  server.RaftServer (RaftServerProxy.java:lambda$start$6(382)) - 59b1e939-7f3e-448e-a48d-ff530bcc538d: start RPC server
2022-06-27 16:57:32,489 [EndpointStateMachine task thread for /0.0.0.0:45983 - 0 ] INFO  server.GrpcService (GrpcService.java:startImpl(260)) - 59b1e939-7f3e-448e-a48d-ff530bcc538d: GrpcService started, listening on 33279
2022-06-27 16:57:32,498 [EndpointStateMachine task thread for /0.0.0.0:45983 - 0 ] INFO  ratis.XceiverServerRatis (XceiverServerRatis.java:getRealPort(502)) - XceiverServerRatis 59b1e939-7f3e-448e-a48d-ff530bcc538d is started using port 33279 for RATIS
2022-06-27 16:57:32,498 [EndpointStateMachine task thread for /0.0.0.0:45983 - 0 ] INFO  ratis.XceiverServerRatis (XceiverServerRatis.java:getRealPort(502)) - XceiverServerRatis 59b1e939-7f3e-448e-a48d-ff530bcc538d is started using port 33279 for RATIS_ADMIN
2022-06-27 16:57:32,498 [EndpointStateMachine task thread for /0.0.0.0:45983 - 0 ] INFO  ratis.XceiverServerRatis (XceiverServerRatis.java:getRealPort(502)) - XceiverServerRatis 59b1e939-7f3e-448e-a48d-ff530bcc538d is started using port 33279 for RATIS_SERVER
2022-06-27 16:57:32,498 [org.apache.ratis.util.JvmPauseMonitor$$Lambda$611/5070432@12f1349] INFO  util.JvmPauseMonitor (JvmPauseMonitor.java:run(103)) - JvmPauseMonitor-59b1e939-7f3e-448e-a48d-ff530bcc538d: Started
2022-06-27 16:57:32,513 [Thread-1653] INFO  ozoneimpl.ContainerReader (ContainerReader.java:readVolume(172)) - Finish verifying containers on volume /home/runner/work/ozone/ozone/hadoop-ozone/integration-test/target/test-dir/MiniOzoneClusterImpl-5ad2835d-edcb-4821-8976-9d3b57c406ad/datanode-4/data-0/containers/hdds
2022-06-27 16:57:32,517 [Listener at 127.0.0.1/40965] INFO  ozoneimpl.OzoneContainer (OzoneContainer.java:buildContainerSet(266)) - Build ContainerSet costs 0s
2022-06-27 16:57:32,518 [Listener at 127.0.0.1/40965] INFO  server.RaftServer (ConfUtils.java:logGet(46)) - raft.rpc.type = GRPC (default)
2022-06-27 16:57:32,519 [Listener at 127.0.0.1/40965] INFO  grpc.GrpcFactory (GrpcFactory.java:checkPooledByteBufAllocatorUseCacheForAllThreads(48)) - PERFORMANCE WARNING: useCacheForAllThreads is true that may cause Netty to create a lot garbage objects and, as a result, trigger GC.
	It is recommended to disable useCacheForAllThreads by setting -Dorg.apache.ratis.thirdparty.io.netty.allocator.useCacheForAllThreads=false in command line.
2022-06-27 16:57:32,519 [Listener at 127.0.0.1/40965] INFO  grpc.GrpcConfigKeys (ConfUtils.java:logGet(46)) - raft.grpc.admin.port = 0 (custom)
2022-06-27 16:57:32,519 [Listener at 127.0.0.1/40965] INFO  grpc.GrpcConfigKeys (ConfUtils.java:logGet(46)) - raft.grpc.client.port = 0 (custom)
2022-06-27 16:57:32,519 [Listener at 127.0.0.1/40965] INFO  grpc.GrpcConfigKeys (ConfUtils.java:logGet(46)) - raft.grpc.server.port = 0 (default)
2022-06-27 16:57:32,519 [Listener at 127.0.0.1/40965] INFO  server.GrpcService (ConfUtils.java:logGet(46)) - raft.grpc.message.size.max = 32MB (=33554432) (custom)
2022-06-27 16:57:32,519 [Listener at 127.0.0.1/40965] INFO  server.RaftServerConfigKeys (ConfUtils.java:logGet(46)) - raft.server.log.appender.buffer.byte-limit = 33554432 (custom)
2022-06-27 16:57:32,519 [Listener at 127.0.0.1/40965] INFO  server.GrpcService (ConfUtils.java:logGet(46)) - raft.grpc.flow.control.window = 5MB (=5242880) (custom)
2022-06-27 16:57:32,519 [Listener at 127.0.0.1/40965] INFO  server.RaftServerConfigKeys (ConfUtils.java:logGet(46)) - raft.server.rpc.request.timeout = 60s (custom)
2022-06-27 16:57:32,519 [Listener at 127.0.0.1/40965] INFO  grpc.GrpcConfigKeys (ConfUtils.java:logGet(46)) - raft.grpc.server.async.request.thread.pool.cached = true (default)
2022-06-27 16:57:32,519 [Listener at 127.0.0.1/40965] INFO  grpc.GrpcConfigKeys (ConfUtils.java:logGet(46)) - raft.grpc.server.async.request.thread.pool.size = 32 (default)
2022-06-27 16:57:32,521 [Listener at 127.0.0.1/40965] INFO  impl.DataStreamServerImpl (ConfUtils.java:logGet(46)) - raft.datastream.type = DISABLED (default)
2022-06-27 16:57:32,561 [Listener at 127.0.0.1/40965] INFO  server.RaftServerConfigKeys (ConfUtils.java:logGet(46)) - raft.server.threadpool.proxy.cached = true (default)
2022-06-27 16:57:32,561 [Listener at 127.0.0.1/40965] INFO  server.RaftServerConfigKeys (ConfUtils.java:logGet(46)) - raft.server.threadpool.proxy.size = 0 (default)
2022-06-27 16:57:32,561 [Listener at 127.0.0.1/40965] INFO  server.RaftServerConfigKeys (ConfUtils.java:logGet(46)) - raft.server.rpc.slowness.timeout = 300s (custom)
2022-06-27 16:57:32,561 [Listener at 127.0.0.1/40965] INFO  server.RaftServerConfigKeys (ConfUtils.java:logGet(46)) - raft.server.leaderelection.leader.step-down.wait-time = 10s (default)
2022-06-27 16:57:32,561 [Listener at 127.0.0.1/40965] INFO  server.RaftServerConfigKeys (ConfUtils.java:logGet(46)) - raft.server.storage.dir = [/home/runner/work/ozone/ozone/hadoop-ozone/integration-test/target/test-dir/MiniOzoneClusterImpl-5ad2835d-edcb-4821-8976-9d3b57c406ad/datanode-4/data/ratis] (custom)
2022-06-27 16:57:32,572 [EndpointStateMachine task thread for /0.0.0.0:45983 - 0 ] INFO  server.XceiverServerGrpc (XceiverServerGrpc.java:start(180)) - XceiverServerGrpc 59b1e939-7f3e-448e-a48d-ff530bcc538d is started using port 39669
2022-06-27 16:57:32,602 [Listener at 127.0.0.1/40965] INFO  server.XceiverServerGrpc (XceiverServerGrpc.java:<init>(132)) - GrpcServer channel type EpollServerSocketChannel
2022-06-27 16:57:32,620 [Listener at 127.0.0.1/40965] INFO  http.BaseHttpServer (BaseHttpServer.java:newHttpServer2BuilderForOzone(209)) - Starting Web-server for hddsDatanode at: http://0.0.0.0:0
2022-06-27 16:57:32,620 [Listener at 127.0.0.1/40965] INFO  http.BaseHttpServer (BaseHttpServer.java:<init>(107)) - Hadoop Security Enabled: false Ozone Security Enabled: false Ozone HTTP Security Enabled: false 
2022-06-27 16:57:32,629 [Listener at 127.0.0.1/40965] INFO  server.AuthenticationFilter (AuthenticationFilter.java:constructSecretProvider(240)) - Unable to initialize FileSignerSecretProvider, falling back to use random secrets.
2022-06-27 16:57:32,668 [Listener at 127.0.0.1/40965] WARN  http.HttpRequestLog (HttpRequestLog.java:getRequestLog(103)) - Jetty request log can only be enabled using Log4j
2022-06-27 16:57:32,669 [Listener at 127.0.0.1/40965] INFO  http.HttpServer2 (HttpServer2.java:addGlobalFilter(1029)) - Added global filter 'safety' (class=org.apache.hadoop.hdds.server.http.HttpServer2$QuotingInputFilter)
2022-06-27 16:57:32,670 [Listener at 127.0.0.1/40965] INFO  http.HttpServer2 (HttpServer2.java:addFilter(1005)) - Added filter static_user_filter (class=org.apache.hadoop.http.lib.StaticUserWebFilter$StaticUserFilter) to context hddsDatanode
2022-06-27 16:57:32,670 [Listener at 127.0.0.1/40965] INFO  http.HttpServer2 (HttpServer2.java:addFilter(1013)) - Added filter static_user_filter (class=org.apache.hadoop.http.lib.StaticUserWebFilter$StaticUserFilter) to context static
2022-06-27 16:57:32,670 [Listener at 127.0.0.1/40965] INFO  http.HttpServer2 (HttpServer2.java:addFilter(1013)) - Added filter static_user_filter (class=org.apache.hadoop.http.lib.StaticUserWebFilter$StaticUserFilter) to context logs
2022-06-27 16:57:32,670 [Listener at 127.0.0.1/40965] INFO  http.HttpServer2 (HttpServer2.java:bindListener(1248)) - Jetty bound to port 45031
2022-06-27 16:57:32,671 [Listener at 127.0.0.1/40965] INFO  server.Server (Server.java:doStart(375)) - jetty-9.4.43.v20210629; built: 2021-06-30T11:07:22.254Z; git: 526006ecfa3af7f1a27ef3a288e2bef7ea9dd7e8; jvm 1.8.0_332-b09
2022-06-27 16:57:32,738 [Listener at 127.0.0.1/40965] INFO  server.session (DefaultSessionIdManager.java:doStart(334)) - DefaultSessionIdManager workerName=node0
2022-06-27 16:57:32,738 [Listener at 127.0.0.1/40965] INFO  server.session (DefaultSessionIdManager.java:doStart(339)) - No SessionScavenger set, using defaults
2022-06-27 16:57:32,738 [Listener at 127.0.0.1/40965] INFO  server.session (HouseKeeper.java:startScavenging(132)) - node0 Scavenging every 660000ms
2022-06-27 16:57:32,739 [Listener at 127.0.0.1/40965] INFO  handler.ContextHandler (ContextHandler.java:doStart(915)) - Started o.e.j.s.ServletContextHandler@b3c31cb{logs,/logs,file:///home/runner/work/ozone/ozone/hadoop-ozone/integration-test/target/log,AVAILABLE}
2022-06-27 16:57:32,739 [Listener at 127.0.0.1/40965] INFO  handler.ContextHandler (ContextHandler.java:doStart(915)) - Started o.e.j.s.ServletContextHandler@273b170e{static,/static,jar:file:/home/runner/.m2/repository/org/apache/ozone/hdds-container-service/1.3.0-SNAPSHOT/hdds-container-service-1.3.0-SNAPSHOT.jar!/webapps/static,AVAILABLE}
2022-06-27 16:57:32,962 [EndpointStateMachine task thread for /0.0.0.0:45983 - 0 ] INFO  volume.HddsVolume (HddsVolume.java:createDbStore(309)) - SchemaV3 db is created and loaded at /home/runner/work/ozone/ozone/hadoop-ozone/integration-test/target/test-dir/MiniOzoneClusterImpl-5ad2835d-edcb-4821-8976-9d3b57c406ad/datanode-2/data-0/containers/hdds/5ad2835d-edcb-4821-8976-9d3b57c406ad/DS-b8d43ef5-168e-42a4-98b8-5db7de9e1a35/container.db for volume DS-b8d43ef5-168e-42a4-98b8-5db7de9e1a35
2022-06-27 16:57:32,962 [EndpointStateMachine task thread for /0.0.0.0:45983 - 0 ] INFO  volume.HddsVolume (HddsVolume.java:closeDbStore(340)) - SchemaV3 db is stopped at /home/runner/work/ozone/ozone/hadoop-ozone/integration-test/target/test-dir/MiniOzoneClusterImpl-5ad2835d-edcb-4821-8976-9d3b57c406ad/datanode-2/data-0/containers/hdds/5ad2835d-edcb-4821-8976-9d3b57c406ad/DS-b8d43ef5-168e-42a4-98b8-5db7de9e1a35/container.db for volume DS-b8d43ef5-168e-42a4-98b8-5db7de9e1a35
2022-06-27 16:57:32,962 [EndpointStateMachine task thread for /0.0.0.0:45983 - 0 ] INFO  ozoneimpl.OzoneContainer (OzoneContainer.java:start(344)) - Attempting to start container services.
2022-06-27 16:57:32,962 [EndpointStateMachine task thread for /0.0.0.0:45983 - 0 ] INFO  ozoneimpl.OzoneContainer (OzoneContainer.java:startContainerScrub(279)) - Background container scanner has been disabled.
2022-06-27 16:57:33,001 [EndpointStateMachine task thread for /0.0.0.0:45983 - 0 ] INFO  replication.ReplicationServer (ReplicationServer.java:start(111)) - ReplicationServer is started using port 34409
2022-06-27 16:57:33,006 [EndpointStateMachine task thread for /0.0.0.0:45983 - 0 ] INFO  ratis.XceiverServerRatis (XceiverServerRatis.java:start(481)) - Starting XceiverServerRatis dcd286b6-9f7a-4746-8dc4-f6b4b45daddf
2022-06-27 16:57:33,030 [EndpointStateMachine task thread for /0.0.0.0:45983 - 0 ] INFO  server.RaftServer (RaftServerProxy.java:lambda$start$6(382)) - dcd286b6-9f7a-4746-8dc4-f6b4b45daddf: start RPC server
2022-06-27 16:57:33,105 [EndpointStateMachine task thread for /0.0.0.0:45983 - 0 ] INFO  server.GrpcService (GrpcService.java:startImpl(260)) - dcd286b6-9f7a-4746-8dc4-f6b4b45daddf: GrpcService started, listening on 37187
2022-06-27 16:57:33,106 [EndpointStateMachine task thread for /0.0.0.0:45983 - 0 ] INFO  ratis.XceiverServerRatis (XceiverServerRatis.java:getRealPort(502)) - XceiverServerRatis dcd286b6-9f7a-4746-8dc4-f6b4b45daddf is started using port 37187 for RATIS
2022-06-27 16:57:33,106 [EndpointStateMachine task thread for /0.0.0.0:45983 - 0 ] INFO  ratis.XceiverServerRatis (XceiverServerRatis.java:getRealPort(502)) - XceiverServerRatis dcd286b6-9f7a-4746-8dc4-f6b4b45daddf is started using port 37187 for RATIS_ADMIN
2022-06-27 16:57:33,106 [EndpointStateMachine task thread for /0.0.0.0:45983 - 0 ] INFO  ratis.XceiverServerRatis (XceiverServerRatis.java:getRealPort(502)) - XceiverServerRatis dcd286b6-9f7a-4746-8dc4-f6b4b45daddf is started using port 37187 for RATIS_SERVER
2022-06-27 16:57:33,106 [org.apache.ratis.util.JvmPauseMonitor$$Lambda$611/5070432@65cd4fd5] INFO  util.JvmPauseMonitor (JvmPauseMonitor.java:run(103)) - JvmPauseMonitor-dcd286b6-9f7a-4746-8dc4-f6b4b45daddf: Started
2022-06-27 16:57:33,176 [EndpointStateMachine task thread for /0.0.0.0:45983 - 0 ] INFO  server.XceiverServerGrpc (XceiverServerGrpc.java:start(180)) - XceiverServerGrpc dcd286b6-9f7a-4746-8dc4-f6b4b45daddf is started using port 39967
2022-06-27 16:57:33,442 [Listener at 127.0.0.1/40965] INFO  handler.ContextHandler (ContextHandler.java:doStart(915)) - Started o.e.j.w.WebAppContext@2997ddcf{hddsDatanode,/,file:///tmp/jetty-0_0_0_0-45031-hdds-container-service-1_3_0-SNAPSHOT_jar-_-any-7153248889812098543/webapp/,AVAILABLE}{jar:file:/home/runner/.m2/repository/org/apache/ozone/hdds-container-service/1.3.0-SNAPSHOT/hdds-container-service-1.3.0-SNAPSHOT.jar!/webapps/hddsDatanode}
2022-06-27 16:57:33,478 [Listener at 127.0.0.1/40965] INFO  server.AbstractConnector (AbstractConnector.java:doStart(331)) - Started ServerConnector@615718d9{HTTP/1.1, (http/1.1)}{0.0.0.0:45031}
2022-06-27 16:57:33,478 [Listener at 127.0.0.1/40965] INFO  server.Server (Server.java:doStart(415)) - Started @210372ms
2022-06-27 16:57:33,478 [Listener at 127.0.0.1/40965] WARN  impl.MetricsSystemImpl (MetricsSystemImpl.java:register(279)) - Sink prometheus already exists!
2022-06-27 16:57:33,479 [Listener at 127.0.0.1/40965] INFO  http.BaseHttpServer (BaseHttpServer.java:updateConnectorAddress(329)) - HTTP server of hddsDatanode listening at http://0.0.0.0:45031
2022-06-27 16:57:33,482 [Listener at 127.0.0.1/40965] INFO  ozone.MiniOzoneClusterImpl (MiniOzoneClusterImpl.java:lambda$waitForClusterToBeReady$0(223)) - Waiting for nodes to be ready. Got 0 of 5 DN Heartbeats.
2022-06-27 16:57:33,482 [Listener at 127.0.0.1/40965] INFO  ozone.MiniOzoneClusterImpl (MiniOzoneClusterImpl.java:lambda$waitForClusterToBeReady$0(226)) - Waiting for cluster to exit safe mode
2022-06-27 16:57:33,482 [Listener at 127.0.0.1/40965] INFO  ozone.MiniOzoneClusterImpl (MiniOzoneClusterImpl.java:lambda$waitForClusterToBeReady$0(228)) - SCM became leader
2022-06-27 16:57:33,489 [Datanode State Machine Daemon Thread] INFO  statemachine.DatanodeStateMachine (DatanodeStateMachine.java:lambda$startDaemon$0(492)) - Ozone container server started.
2022-06-27 16:57:33,599 [org.apache.hadoop.util.JvmPauseMonitor$Monitor@6e97ca2] INFO  util.JvmPauseMonitor (JvmPauseMonitor.java:run(188)) - Starting JVM pause monitor
2022-06-27 16:57:33,617 [Datanode State Machine Task Thread - 0] INFO  datanode.InitDatanodeState (InitDatanodeState.java:persistContainerDatanodeDetails(138)) - DatanodeDetails is persisted to /home/runner/work/ozone/ozone/hadoop-ozone/integration-test/target/test-dir/MiniOzoneClusterImpl-5ad2835d-edcb-4821-8976-9d3b57c406ad/datanode-4/meta/datanode.id
2022-06-27 16:57:33,738 [IPC Server handler 0 on default port 45983] INFO  net.NetworkTopologyImpl (NetworkTopologyImpl.java:add(112)) - Added a new node: /default-rack/d50766be-5aa0-4516-a336-dcc66469e2a8
2022-06-27 16:57:33,738 [IPC Server handler 0 on default port 45983] INFO  node.SCMNodeManager (SCMNodeManager.java:register(397)) - Registered Data node : d50766be-5aa0-4516-a336-dcc66469e2a8{ip: 10.1.0.22, host: fv-az215-30.fk02tkdpp51uda4i120yanydqb.bx.internal.cloudapp.net, ports: [REPLICATION=34005, RATIS=40223, RATIS_ADMIN=40223, RATIS_SERVER=40223, STANDALONE=45739], networkLocation: /default-rack, certSerialId: null, persistedOpState: null, persistedOpStateExpiryEpochSec: 0}
2022-06-27 16:57:33,755 [EventQueue-NodeRegistrationContainerReportForDataNodeSafeModeRule] INFO  safemode.SCMSafeModeManager (DataNodeSafeModeRule.java:process(71)) - SCM in safe mode. 1 DataNodes registered, 3 required.
2022-06-27 16:57:33,759 [EventQueue-NodeRegistrationContainerReportForContainerSafeModeRule] INFO  safemode.SCMSafeModeManager (SCMSafeModeManager.java:validateSafeModeExitRules(204)) - ContainerSafeModeRule rule is successfully validated
2022-06-27 16:57:33,778 [EventQueue-NewNodeForNewNodeHandler] INFO  pipeline.BackgroundPipelineCreator (BackgroundPipelineCreator.java:notifyEventTriggered(275)) - trigger a one-shot run on RatisPipelineUtilsThread.
2022-06-27 16:57:33,778 [EventQueue-PipelineReportForOneReplicaPipelineSafeModeRule] INFO  safemode.SCMSafeModeManager (SCMSafeModeManager.java:validateSafeModeExitRules(204)) - AtleastOneDatanodeReportedRule rule is successfully validated
2022-06-27 16:57:33,781 [RatisPipelineUtilsThread - 0] INFO  pipeline.RatisPipelineProvider (RatisPipelineProvider.java:lambda$create$0(195)) - Sending CreatePipelineCommand for pipeline:PipelineID=c490369c-09aa-406b-87ff-923d55732e8b to datanode:d50766be-5aa0-4516-a336-dcc66469e2a8
2022-06-27 16:57:33,785 [RatisPipelineUtilsThread - 0] INFO  pipeline.PipelineStateManagerImpl (PipelineStateManagerImpl.java:addPipeline(101)) - Created pipeline Pipeline[ Id: c490369c-09aa-406b-87ff-923d55732e8b, Nodes: d50766be-5aa0-4516-a336-dcc66469e2a8{ip: 10.1.0.22, host: fv-az215-30.fk02tkdpp51uda4i120yanydqb.bx.internal.cloudapp.net, ports: [REPLICATION=34005, RATIS=40223, RATIS_ADMIN=40223, RATIS_SERVER=40223, STANDALONE=45739], networkLocation: /default-rack, certSerialId: null, persistedOpState: IN_SERVICE, persistedOpStateExpiryEpochSec: 0}, ReplicationConfig: RATIS/ONE, State:ALLOCATED, leaderId:, CreationTimestamp2022-06-27T16:57:33.781Z[Etc/UTC]].
2022-06-27 16:57:33,957 [EndpointStateMachine task thread for /0.0.0.0:45983 - 0 ] INFO  volume.HddsVolume (HddsVolume.java:createDbStore(309)) - SchemaV3 db is created and loaded at /home/runner/work/ozone/ozone/hadoop-ozone/integration-test/target/test-dir/MiniOzoneClusterImpl-5ad2835d-edcb-4821-8976-9d3b57c406ad/datanode-3/data-0/containers/hdds/5ad2835d-edcb-4821-8976-9d3b57c406ad/DS-e5e21510-6eb2-4f89-8e17-1b8972504504/container.db for volume DS-e5e21510-6eb2-4f89-8e17-1b8972504504
2022-06-27 16:57:33,958 [EndpointStateMachine task thread for /0.0.0.0:45983 - 0 ] INFO  volume.HddsVolume (HddsVolume.java:closeDbStore(340)) - SchemaV3 db is stopped at /home/runner/work/ozone/ozone/hadoop-ozone/integration-test/target/test-dir/MiniOzoneClusterImpl-5ad2835d-edcb-4821-8976-9d3b57c406ad/datanode-3/data-0/containers/hdds/5ad2835d-edcb-4821-8976-9d3b57c406ad/DS-e5e21510-6eb2-4f89-8e17-1b8972504504/container.db for volume DS-e5e21510-6eb2-4f89-8e17-1b8972504504
2022-06-27 16:57:33,958 [EndpointStateMachine task thread for /0.0.0.0:45983 - 0 ] INFO  ozoneimpl.OzoneContainer (OzoneContainer.java:start(344)) - Attempting to start container services.
2022-06-27 16:57:33,958 [EndpointStateMachine task thread for /0.0.0.0:45983 - 0 ] INFO  ozoneimpl.OzoneContainer (OzoneContainer.java:startContainerScrub(279)) - Background container scanner has been disabled.
2022-06-27 16:57:34,025 [EndpointStateMachine task thread for /0.0.0.0:45983 - 0 ] INFO  replication.ReplicationServer (ReplicationServer.java:start(111)) - ReplicationServer is started using port 40819
2022-06-27 16:57:34,026 [EndpointStateMachine task thread for /0.0.0.0:45983 - 0 ] INFO  ratis.XceiverServerRatis (XceiverServerRatis.java:start(481)) - Starting XceiverServerRatis 2a67462a-e1ca-4efa-935f-4cece97e3462
2022-06-27 16:57:34,049 [EndpointStateMachine task thread for /0.0.0.0:45983 - 0 ] INFO  server.RaftServer (RaftServerProxy.java:lambda$start$6(382)) - 2a67462a-e1ca-4efa-935f-4cece97e3462: start RPC server
2022-06-27 16:57:34,080 [EndpointStateMachine task thread for /0.0.0.0:45983 - 0 ] INFO  server.GrpcService (GrpcService.java:startImpl(260)) - 2a67462a-e1ca-4efa-935f-4cece97e3462: GrpcService started, listening on 36103
2022-06-27 16:57:34,080 [EndpointStateMachine task thread for /0.0.0.0:45983 - 0 ] INFO  ratis.XceiverServerRatis (XceiverServerRatis.java:getRealPort(502)) - XceiverServerRatis 2a67462a-e1ca-4efa-935f-4cece97e3462 is started using port 36103 for RATIS
2022-06-27 16:57:34,080 [EndpointStateMachine task thread for /0.0.0.0:45983 - 0 ] INFO  ratis.XceiverServerRatis (XceiverServerRatis.java:getRealPort(502)) - XceiverServerRatis 2a67462a-e1ca-4efa-935f-4cece97e3462 is started using port 36103 for RATIS_ADMIN
2022-06-27 16:57:34,080 [EndpointStateMachine task thread for /0.0.0.0:45983 - 0 ] INFO  ratis.XceiverServerRatis (XceiverServerRatis.java:getRealPort(502)) - XceiverServerRatis 2a67462a-e1ca-4efa-935f-4cece97e3462 is started using port 36103 for RATIS_SERVER
2022-06-27 16:57:34,081 [org.apache.ratis.util.JvmPauseMonitor$$Lambda$611/5070432@1cb7ff03] INFO  util.JvmPauseMonitor (JvmPauseMonitor.java:run(103)) - JvmPauseMonitor-2a67462a-e1ca-4efa-935f-4cece97e3462: Started
2022-06-27 16:57:34,142 [IPC Server handler 2 on default port 45983] INFO  net.NetworkTopologyImpl (NetworkTopologyImpl.java:add(112)) - Added a new node: /default-rack/59b1e939-7f3e-448e-a48d-ff530bcc538d
2022-06-27 16:57:34,142 [IPC Server handler 2 on default port 45983] INFO  node.SCMNodeManager (SCMNodeManager.java:register(397)) - Registered Data node : 59b1e939-7f3e-448e-a48d-ff530bcc538d{ip: 10.1.0.22, host: fv-az215-30.fk02tkdpp51uda4i120yanydqb.bx.internal.cloudapp.net, ports: [REPLICATION=42155, RATIS=33279, RATIS_ADMIN=33279, RATIS_SERVER=33279, STANDALONE=39669], networkLocation: /default-rack, certSerialId: null, persistedOpState: null, persistedOpStateExpiryEpochSec: 0}
2022-06-27 16:57:34,142 [EventQueue-NewNodeForNewNodeHandler] INFO  pipeline.BackgroundPipelineCreator (BackgroundPipelineCreator.java:notifyEventTriggered(275)) - trigger a one-shot run on RatisPipelineUtilsThread.
2022-06-27 16:57:34,153 [EndpointStateMachine task thread for /0.0.0.0:45983 - 0 ] INFO  server.XceiverServerGrpc (XceiverServerGrpc.java:start(180)) - XceiverServerGrpc 2a67462a-e1ca-4efa-935f-4cece97e3462 is started using port 33983
2022-06-27 16:57:34,173 [EventQueue-NodeRegistrationContainerReportForDataNodeSafeModeRule] INFO  safemode.SCMSafeModeManager (DataNodeSafeModeRule.java:process(71)) - SCM in safe mode. 2 DataNodes registered, 3 required.
2022-06-27 16:57:34,225 [RatisPipelineUtilsThread - 0] INFO  pipeline.RatisPipelineProvider (RatisPipelineProvider.java:lambda$create$0(195)) - Sending CreatePipelineCommand for pipeline:PipelineID=fbaa2a87-678f-4996-8961-6cf8b04c718f to datanode:59b1e939-7f3e-448e-a48d-ff530bcc538d
2022-06-27 16:57:34,225 [RatisPipelineUtilsThread - 0] INFO  pipeline.PipelineStateManagerImpl (PipelineStateManagerImpl.java:addPipeline(101)) - Created pipeline Pipeline[ Id: fbaa2a87-678f-4996-8961-6cf8b04c718f, Nodes: 59b1e939-7f3e-448e-a48d-ff530bcc538d{ip: 10.1.0.22, host: fv-az215-30.fk02tkdpp51uda4i120yanydqb.bx.internal.cloudapp.net, ports: [REPLICATION=42155, RATIS=33279, RATIS_ADMIN=33279, RATIS_SERVER=33279, STANDALONE=39669], networkLocation: /default-rack, certSerialId: null, persistedOpState: IN_SERVICE, persistedOpStateExpiryEpochSec: 0}, ReplicationConfig: RATIS/ONE, State:ALLOCATED, leaderId:, CreationTimestamp2022-06-27T16:57:34.225Z[Etc/UTC]].
2022-06-27 16:57:34,483 [Listener at 127.0.0.1/40965] INFO  ozone.MiniOzoneClusterImpl (MiniOzoneClusterImpl.java:lambda$waitForClusterToBeReady$0(223)) - Waiting for nodes to be ready. Got 2 of 5 DN Heartbeats.
2022-06-27 16:57:34,483 [Listener at 127.0.0.1/40965] INFO  ozone.MiniOzoneClusterImpl (MiniOzoneClusterImpl.java:lambda$waitForClusterToBeReady$0(226)) - Waiting for cluster to exit safe mode
2022-06-27 16:57:34,483 [Listener at 127.0.0.1/40965] INFO  ozone.MiniOzoneClusterImpl (MiniOzoneClusterImpl.java:lambda$waitForClusterToBeReady$0(228)) - SCM became leader
2022-06-27 16:57:34,769 [IPC Server handler 1 on default port 45983] INFO  net.NetworkTopologyImpl (NetworkTopologyImpl.java:add(112)) - Added a new node: /default-rack/dcd286b6-9f7a-4746-8dc4-f6b4b45daddf
2022-06-27 16:57:34,769 [IPC Server handler 1 on default port 45983] INFO  node.SCMNodeManager (SCMNodeManager.java:register(397)) - Registered Data node : dcd286b6-9f7a-4746-8dc4-f6b4b45daddf{ip: 10.1.0.22, host: fv-az215-30.fk02tkdpp51uda4i120yanydqb.bx.internal.cloudapp.net, ports: [REPLICATION=34409, RATIS=37187, RATIS_ADMIN=37187, RATIS_SERVER=37187, STANDALONE=39967], networkLocation: /default-rack, certSerialId: null, persistedOpState: null, persistedOpStateExpiryEpochSec: 0}
2022-06-27 16:57:34,769 [EventQueue-NodeRegistrationContainerReportForDataNodeSafeModeRule] INFO  safemode.SCMSafeModeManager (DataNodeSafeModeRule.java:process(71)) - SCM in safe mode. 3 DataNodes registered, 3 required.
2022-06-27 16:57:34,769 [EventQueue-NodeRegistrationContainerReportForDataNodeSafeModeRule] INFO  safemode.SCMSafeModeManager (SCMSafeModeManager.java:validateSafeModeExitRules(204)) - DataNodeSafeModeRule rule is successfully validated
2022-06-27 16:57:34,769 [EventQueue-NodeRegistrationContainerReportForDataNodeSafeModeRule] INFO  safemode.SCMSafeModeManager (SCMSafeModeManager.java:completePreCheck(233)) - All SCM safe mode pre check rules have passed
2022-06-27 16:57:34,770 [EventQueue-NewNodeForNewNodeHandler] INFO  pipeline.BackgroundPipelineCreator (BackgroundPipelineCreator.java:notifyEventTriggered(275)) - trigger a one-shot run on RatisPipelineUtilsThread.
2022-06-27 16:57:34,770 [EventQueue-NodeRegistrationContainerReportForDataNodeSafeModeRule] WARN  events.EventQueue (EventQueue.java:fireEvent(216)) - No event handler registered for event TypedEvent{payloadType=SafeModeStatus, name='Safe mode status'}
2022-06-27 16:57:34,770 [EventQueue-NodeRegistrationContainerReportForDataNodeSafeModeRule] INFO  ha.SCMContext (SCMContext.java:updateSafeModeStatus(228)) - Update SafeModeStatus from SafeModeStatus{safeModeStatus=true, preCheckPassed=false} to SafeModeStatus{safeModeStatus=true, preCheckPassed=true}.
2022-06-27 16:57:34,770 [EventQueue-NodeRegistrationContainerReportForDataNodeSafeModeRule] INFO  pipeline.BackgroundPipelineCreator (BackgroundPipelineCreator.java:notifyEventTriggered(275)) - trigger a one-shot run on RatisPipelineUtilsThread.
2022-06-27 16:57:34,770 [RatisPipelineUtilsThread - 0] INFO  pipeline.RatisPipelineProvider (RatisPipelineProvider.java:lambda$create$0(195)) - Sending CreatePipelineCommand for pipeline:PipelineID=6d20041e-9fd7-4bfa-b5d9-18753d44326d to datanode:dcd286b6-9f7a-4746-8dc4-f6b4b45daddf
2022-06-27 16:57:34,770 [RatisPipelineUtilsThread - 0] INFO  pipeline.PipelineStateManagerImpl (PipelineStateManagerImpl.java:addPipeline(101)) - Created pipeline Pipeline[ Id: 6d20041e-9fd7-4bfa-b5d9-18753d44326d, Nodes: dcd286b6-9f7a-4746-8dc4-f6b4b45daddf{ip: 10.1.0.22, host: fv-az215-30.fk02tkdpp51uda4i120yanydqb.bx.internal.cloudapp.net, ports: [REPLICATION=34409, RATIS=37187, RATIS_ADMIN=37187, RATIS_SERVER=37187, STANDALONE=39967], networkLocation: /default-rack, certSerialId: null, persistedOpState: IN_SERVICE, persistedOpStateExpiryEpochSec: 0}, ReplicationConfig: RATIS/ONE, State:ALLOCATED, leaderId:, CreationTimestamp2022-06-27T16:57:34.770Z[Etc/UTC]].
2022-06-27 16:57:34,771 [RatisPipelineUtilsThread - 0] INFO  pipeline.RatisPipelineProvider (RatisPipelineProvider.java:lambda$create$0(195)) - Sending CreatePipelineCommand for pipeline:PipelineID=74bc0608-407d-488f-bcbd-f76ddf9e5011 to datanode:d50766be-5aa0-4516-a336-dcc66469e2a8
2022-06-27 16:57:34,771 [RatisPipelineUtilsThread - 0] INFO  pipeline.RatisPipelineProvider (RatisPipelineProvider.java:lambda$create$0(195)) - Sending CreatePipelineCommand for pipeline:PipelineID=74bc0608-407d-488f-bcbd-f76ddf9e5011 to datanode:dcd286b6-9f7a-4746-8dc4-f6b4b45daddf
2022-06-27 16:57:34,771 [RatisPipelineUtilsThread - 0] INFO  pipeline.RatisPipelineProvider (RatisPipelineProvider.java:lambda$create$0(195)) - Sending CreatePipelineCommand for pipeline:PipelineID=74bc0608-407d-488f-bcbd-f76ddf9e5011 to datanode:59b1e939-7f3e-448e-a48d-ff530bcc538d
2022-06-27 16:57:34,771 [RatisPipelineUtilsThread - 0] INFO  pipeline.PipelineStateManagerImpl (PipelineStateManagerImpl.java:addPipeline(101)) - Created pipeline Pipeline[ Id: 74bc0608-407d-488f-bcbd-f76ddf9e5011, Nodes: d50766be-5aa0-4516-a336-dcc66469e2a8{ip: 10.1.0.22, host: fv-az215-30.fk02tkdpp51uda4i120yanydqb.bx.internal.cloudapp.net, ports: [REPLICATION=34005, RATIS=40223, RATIS_ADMIN=40223, RATIS_SERVER=40223, STANDALONE=45739], networkLocation: /default-rack, certSerialId: null, persistedOpState: IN_SERVICE, persistedOpStateExpiryEpochSec: 0}dcd286b6-9f7a-4746-8dc4-f6b4b45daddf{ip: 10.1.0.22, host: fv-az215-30.fk02tkdpp51uda4i120yanydqb.bx.internal.cloudapp.net, ports: [REPLICATION=34409, RATIS=37187, RATIS_ADMIN=37187, RATIS_SERVER=37187, STANDALONE=39967], networkLocation: /default-rack, certSerialId: null, persistedOpState: IN_SERVICE, persistedOpStateExpiryEpochSec: 0}59b1e939-7f3e-448e-a48d-ff530bcc538d{ip: 10.1.0.22, host: fv-az215-30.fk02tkdpp51uda4i120yanydqb.bx.internal.cloudapp.net, ports: [REPLICATION=42155, RATIS=33279, RATIS_ADMIN=33279, RATIS_SERVER=33279, STANDALONE=39669], networkLocation: /default-rack, certSerialId: null, persistedOpState: IN_SERVICE, persistedOpStateExpiryEpochSec: 0}, ReplicationConfig: RATIS/THREE, State:ALLOCATED, leaderId:, CreationTimestamp2022-06-27T16:57:34.771Z[Etc/UTC]].
2022-06-27 16:57:34,771 [RatisPipelineUtilsThread - 0] INFO  pipeline.RatisPipelineProvider (RatisPipelineProvider.java:lambda$create$0(195)) - Sending CreatePipelineCommand for pipeline:PipelineID=4d3056c5-5555-4656-80dd-9f43f2f298d9 to datanode:d50766be-5aa0-4516-a336-dcc66469e2a8
2022-06-27 16:57:34,771 [RatisPipelineUtilsThread - 0] INFO  pipeline.RatisPipelineProvider (RatisPipelineProvider.java:lambda$create$0(195)) - Sending CreatePipelineCommand for pipeline:PipelineID=4d3056c5-5555-4656-80dd-9f43f2f298d9 to datanode:dcd286b6-9f7a-4746-8dc4-f6b4b45daddf
2022-06-27 16:57:34,771 [RatisPipelineUtilsThread - 0] INFO  pipeline.RatisPipelineProvider (RatisPipelineProvider.java:lambda$create$0(195)) - Sending CreatePipelineCommand for pipeline:PipelineID=4d3056c5-5555-4656-80dd-9f43f2f298d9 to datanode:59b1e939-7f3e-448e-a48d-ff530bcc538d
2022-06-27 16:57:34,772 [RatisPipelineUtilsThread - 0] INFO  pipeline.PipelineStateManagerImpl (PipelineStateManagerImpl.java:addPipeline(101)) - Created pipeline Pipeline[ Id: 4d3056c5-5555-4656-80dd-9f43f2f298d9, Nodes: d50766be-5aa0-4516-a336-dcc66469e2a8{ip: 10.1.0.22, host: fv-az215-30.fk02tkdpp51uda4i120yanydqb.bx.internal.cloudapp.net, ports: [REPLICATION=34005, RATIS=40223, RATIS_ADMIN=40223, RATIS_SERVER=40223, STANDALONE=45739], networkLocation: /default-rack, certSerialId: null, persistedOpState: IN_SERVICE, persistedOpStateExpiryEpochSec: 0}dcd286b6-9f7a-4746-8dc4-f6b4b45daddf{ip: 10.1.0.22, host: fv-az215-30.fk02tkdpp51uda4i120yanydqb.bx.internal.cloudapp.net, ports: [REPLICATION=34409, RATIS=37187, RATIS_ADMIN=37187, RATIS_SERVER=37187, STANDALONE=39967], networkLocation: /default-rack, certSerialId: null, persistedOpState: IN_SERVICE, persistedOpStateExpiryEpochSec: 0}59b1e939-7f3e-448e-a48d-ff530bcc538d{ip: 10.1.0.22, host: fv-az215-30.fk02tkdpp51uda4i120yanydqb.bx.internal.cloudapp.net, ports: [REPLICATION=42155, RATIS=33279, RATIS_ADMIN=33279, RATIS_SERVER=33279, STANDALONE=39669], networkLocation: /default-rack, certSerialId: null, persistedOpState: IN_SERVICE, persistedOpStateExpiryEpochSec: 0}, ReplicationConfig: RATIS/THREE, State:ALLOCATED, leaderId:, CreationTimestamp2022-06-27T16:57:34.771Z[Etc/UTC]].
2022-06-27 16:57:34,772 [RatisPipelineUtilsThread - 0] INFO  pipeline.PipelineManagerImpl (PipelineManagerImpl.java:recordMetricsForPipeline(780)) - Pipeline: PipelineID=4d3056c5-5555-4656-80dd-9f43f2f298d9 contains same datanodes as previous pipelines: PipelineID=74bc0608-407d-488f-bcbd-f76ddf9e5011 nodeIds: d50766be-5aa0-4516-a336-dcc66469e2a8, dcd286b6-9f7a-4746-8dc4-f6b4b45daddf, 59b1e939-7f3e-448e-a48d-ff530bcc538d
2022-06-27 16:57:35,483 [Listener at 127.0.0.1/40965] INFO  ozone.MiniOzoneClusterImpl (MiniOzoneClusterImpl.java:lambda$waitForClusterToBeReady$0(223)) - Waiting for nodes to be ready. Got 3 of 5 DN Heartbeats.
2022-06-27 16:57:35,483 [Listener at 127.0.0.1/40965] INFO  ozone.MiniOzoneClusterImpl (MiniOzoneClusterImpl.java:lambda$waitForClusterToBeReady$0(226)) - Waiting for cluster to exit safe mode
2022-06-27 16:57:35,483 [Listener at 127.0.0.1/40965] INFO  ozone.MiniOzoneClusterImpl (MiniOzoneClusterImpl.java:lambda$waitForClusterToBeReady$0(228)) - SCM became leader
2022-06-27 16:57:35,745 [EndpointStateMachine task thread for /0.0.0.0:45983 - 0 ] INFO  volume.HddsVolume (HddsVolume.java:createDbStore(309)) - SchemaV3 db is created and loaded at /home/runner/work/ozone/ozone/hadoop-ozone/integration-test/target/test-dir/MiniOzoneClusterImpl-5ad2835d-edcb-4821-8976-9d3b57c406ad/datanode-4/data-0/containers/hdds/5ad2835d-edcb-4821-8976-9d3b57c406ad/DS-38c4f840-7f8c-4050-a9bf-d0505eb95ae7/container.db for volume DS-38c4f840-7f8c-4050-a9bf-d0505eb95ae7
2022-06-27 16:57:35,746 [EndpointStateMachine task thread for /0.0.0.0:45983 - 0 ] INFO  volume.HddsVolume (HddsVolume.java:closeDbStore(340)) - SchemaV3 db is stopped at /home/runner/work/ozone/ozone/hadoop-ozone/integration-test/target/test-dir/MiniOzoneClusterImpl-5ad2835d-edcb-4821-8976-9d3b57c406ad/datanode-4/data-0/containers/hdds/5ad2835d-edcb-4821-8976-9d3b57c406ad/DS-38c4f840-7f8c-4050-a9bf-d0505eb95ae7/container.db for volume DS-38c4f840-7f8c-4050-a9bf-d0505eb95ae7
2022-06-27 16:57:35,746 [EndpointStateMachine task thread for /0.0.0.0:45983 - 0 ] INFO  ozoneimpl.OzoneContainer (OzoneContainer.java:start(344)) - Attempting to start container services.
2022-06-27 16:57:35,746 [EndpointStateMachine task thread for /0.0.0.0:45983 - 0 ] INFO  ozoneimpl.OzoneContainer (OzoneContainer.java:startContainerScrub(279)) - Background container scanner has been disabled.
2022-06-27 16:57:35,770 [EndpointStateMachine task thread for /0.0.0.0:45983 - 0 ] INFO  replication.ReplicationServer (ReplicationServer.java:start(111)) - ReplicationServer is started using port 38361
2022-06-27 16:57:35,805 [EndpointStateMachine task thread for /0.0.0.0:45983 - 0 ] INFO  ratis.XceiverServerRatis (XceiverServerRatis.java:start(481)) - Starting XceiverServerRatis 76a7023e-6ffd-4858-9dde-5e5449f270f0
2022-06-27 16:57:35,821 [EndpointStateMachine task thread for /0.0.0.0:45983 - 0 ] INFO  server.RaftServer (RaftServerProxy.java:lambda$start$6(382)) - 76a7023e-6ffd-4858-9dde-5e5449f270f0: start RPC server
2022-06-27 16:57:35,829 [EndpointStateMachine task thread for /0.0.0.0:45983 - 0 ] INFO  server.GrpcService (GrpcService.java:startImpl(260)) - 76a7023e-6ffd-4858-9dde-5e5449f270f0: GrpcService started, listening on 44129
2022-06-27 16:57:35,833 [EndpointStateMachine task thread for /0.0.0.0:45983 - 0 ] INFO  ratis.XceiverServerRatis (XceiverServerRatis.java:getRealPort(502)) - XceiverServerRatis 76a7023e-6ffd-4858-9dde-5e5449f270f0 is started using port 44129 for RATIS
2022-06-27 16:57:35,833 [EndpointStateMachine task thread for /0.0.0.0:45983 - 0 ] INFO  ratis.XceiverServerRatis (XceiverServerRatis.java:getRealPort(502)) - XceiverServerRatis 76a7023e-6ffd-4858-9dde-5e5449f270f0 is started using port 44129 for RATIS_ADMIN
2022-06-27 16:57:35,833 [EndpointStateMachine task thread for /0.0.0.0:45983 - 0 ] INFO  ratis.XceiverServerRatis (XceiverServerRatis.java:getRealPort(502)) - XceiverServerRatis 76a7023e-6ffd-4858-9dde-5e5449f270f0 is started using port 44129 for RATIS_SERVER
2022-06-27 16:57:35,833 [org.apache.ratis.util.JvmPauseMonitor$$Lambda$611/5070432@43e32d95] INFO  util.JvmPauseMonitor (JvmPauseMonitor.java:run(103)) - JvmPauseMonitor-76a7023e-6ffd-4858-9dde-5e5449f270f0: Started
2022-06-27 16:57:35,849 [IPC Server handler 2 on default port 45983] INFO  net.NetworkTopologyImpl (NetworkTopologyImpl.java:add(112)) - Added a new node: /default-rack/2a67462a-e1ca-4efa-935f-4cece97e3462
2022-06-27 16:57:35,849 [IPC Server handler 2 on default port 45983] INFO  node.SCMNodeManager (SCMNodeManager.java:register(397)) - Registered Data node : 2a67462a-e1ca-4efa-935f-4cece97e3462{ip: 10.1.0.22, host: fv-az215-30.fk02tkdpp51uda4i120yanydqb.bx.internal.cloudapp.net, ports: [REPLICATION=40819, RATIS=36103, RATIS_ADMIN=36103, RATIS_SERVER=36103, STANDALONE=33983], networkLocation: /default-rack, certSerialId: null, persistedOpState: null, persistedOpStateExpiryEpochSec: 0}
2022-06-27 16:57:35,849 [EventQueue-NewNodeForNewNodeHandler] INFO  pipeline.BackgroundPipelineCreator (BackgroundPipelineCreator.java:notifyEventTriggered(275)) - trigger a one-shot run on RatisPipelineUtilsThread.
2022-06-27 16:57:35,850 [RatisPipelineUtilsThread - 0] INFO  pipeline.RatisPipelineProvider (RatisPipelineProvider.java:lambda$create$0(195)) - Sending CreatePipelineCommand for pipeline:PipelineID=16523341-5e55-4a7f-93db-132bbf9ce083 to datanode:2a67462a-e1ca-4efa-935f-4cece97e3462
2022-06-27 16:57:35,850 [RatisPipelineUtilsThread - 0] INFO  pipeline.PipelineStateManagerImpl (PipelineStateManagerImpl.java:addPipeline(101)) - Created pipeline Pipeline[ Id: 16523341-5e55-4a7f-93db-132bbf9ce083, Nodes: 2a67462a-e1ca-4efa-935f-4cece97e3462{ip: 10.1.0.22, host: fv-az215-30.fk02tkdpp51uda4i120yanydqb.bx.internal.cloudapp.net, ports: [REPLICATION=40819, RATIS=36103, RATIS_ADMIN=36103, RATIS_SERVER=36103, STANDALONE=33983], networkLocation: /default-rack, certSerialId: null, persistedOpState: IN_SERVICE, persistedOpStateExpiryEpochSec: 0}, ReplicationConfig: RATIS/ONE, State:ALLOCATED, leaderId:, CreationTimestamp2022-06-27T16:57:35.850Z[Etc/UTC]].
2022-06-27 16:57:35,930 [EndpointStateMachine task thread for /0.0.0.0:45983 - 0 ] INFO  server.XceiverServerGrpc (XceiverServerGrpc.java:start(180)) - XceiverServerGrpc 76a7023e-6ffd-4858-9dde-5e5449f270f0 is started using port 35663
2022-06-27 16:57:36,484 [Listener at 127.0.0.1/40965] INFO  ozone.MiniOzoneClusterImpl (MiniOzoneClusterImpl.java:lambda$waitForClusterToBeReady$0(223)) - Waiting for nodes to be ready. Got 4 of 5 DN Heartbeats.
2022-06-27 16:57:36,484 [Listener at 127.0.0.1/40965] INFO  ozone.MiniOzoneClusterImpl (MiniOzoneClusterImpl.java:lambda$waitForClusterToBeReady$0(226)) - Waiting for cluster to exit safe mode
2022-06-27 16:57:36,485 [Listener at 127.0.0.1/40965] INFO  ozone.MiniOzoneClusterImpl (MiniOzoneClusterImpl.java:lambda$waitForClusterToBeReady$0(228)) - SCM became leader
2022-06-27 16:57:36,742 [Command processor thread] INFO  server.RaftServer (RaftServerProxy.java:addNew(96)) - d50766be-5aa0-4516-a336-dcc66469e2a8: addNew group-923D55732E8B:[d50766be-5aa0-4516-a336-dcc66469e2a8|rpc:10.1.0.22:40223|priority:1] returns group-923D55732E8B:java.util.concurrent.CompletableFuture@1d1cddd6[Not completed]
2022-06-27 16:57:36,758 [pool-831-thread-1] INFO  server.RaftServer$Division (RaftServerImpl.java:<init>(190)) - d50766be-5aa0-4516-a336-dcc66469e2a8: new RaftServerImpl for group-923D55732E8B:[d50766be-5aa0-4516-a336-dcc66469e2a8|rpc:10.1.0.22:40223|priority:1] with ContainerStateMachine:uninitialized
2022-06-27 16:57:36,758 [pool-831-thread-1] INFO  server.RaftServerConfigKeys (ConfUtils.java:logGet(46)) - raft.server.rpc.timeout.min = 5s (custom)
2022-06-27 16:57:36,758 [pool-831-thread-1] INFO  server.RaftServerConfigKeys (ConfUtils.java:logGet(46)) - raft.server.rpc.timeout.max = 5200ms (custom)
2022-06-27 16:57:36,758 [pool-831-thread-1] INFO  server.RaftServerConfigKeys (ConfUtils.java:logGet(46)) - raft.server.rpc.sleep.time = 25ms (default)
2022-06-27 16:57:36,758 [pool-831-thread-1] INFO  server.RaftServerConfigKeys (ConfUtils.java:logGet(46)) - raft.server.rpc.slowness.timeout = 300s (custom)
2022-06-27 16:57:36,758 [pool-831-thread-1] INFO  server.RaftServerConfigKeys (ConfUtils.java:logGet(46)) - raft.server.leaderelection.leader.step-down.wait-time = 10s (default)
2022-06-27 16:57:36,758 [pool-831-thread-1] INFO  server.RaftServerConfigKeys (ConfUtils.java:logGet(46)) - raft.server.sleep.deviation.threshold = 300ms (default)
2022-06-27 16:57:36,759 [pool-831-thread-1] INFO  server.RaftServer$Division (ServerState.java:<init>(107)) - d50766be-5aa0-4516-a336-dcc66469e2a8@group-923D55732E8B: ConfigurationManager, init=-1: [d50766be-5aa0-4516-a336-dcc66469e2a8|rpc:10.1.0.22:40223|priority:1], old=null, confs=<EMPTY_MAP>
2022-06-27 16:57:36,759 [pool-831-thread-1] INFO  server.RaftServerConfigKeys (ConfUtils.java:logGet(46)) - raft.server.storage.dir = [/home/runner/work/ozone/ozone/hadoop-ozone/integration-test/target/test-dir/MiniOzoneClusterImpl-5ad2835d-edcb-4821-8976-9d3b57c406ad/datanode-0/data/ratis] (custom)
2022-06-27 16:57:36,759 [pool-831-thread-1] INFO  server.RaftServerConfigKeys (ConfUtils.java:logGet(46)) - raft.server.log.corruption.policy = EXCEPTION (default)
2022-06-27 16:57:36,759 [pool-831-thread-1] INFO  server.RaftServerConfigKeys (ConfUtils.java:logGet(46)) - raft.server.storage.free-space.min = 0MB (=0) (default)
2022-06-27 16:57:36,759 [pool-831-thread-1] INFO  storage.RaftStorageDirectory (RaftStorageDirectoryImpl.java:analyzeStorage(135)) - The storage directory /home/runner/work/ozone/ozone/hadoop-ozone/integration-test/target/test-dir/MiniOzoneClusterImpl-5ad2835d-edcb-4821-8976-9d3b57c406ad/datanode-0/data/ratis/c490369c-09aa-406b-87ff-923d55732e8b does not exist. Creating ...
2022-06-27 16:57:36,777 [pool-831-thread-1] INFO  storage.RaftStorageDirectory (RaftStorageDirectoryImpl.java:tryLock(230)) - Lock on /home/runner/work/ozone/ozone/hadoop-ozone/integration-test/target/test-dir/MiniOzoneClusterImpl-5ad2835d-edcb-4821-8976-9d3b57c406ad/datanode-0/data/ratis/c490369c-09aa-406b-87ff-923d55732e8b/in_use.lock acquired by nodename 16603@fv-az215-30
2022-06-27 16:57:36,785 [pool-831-thread-1] INFO  storage.RaftStorage (RaftStorageImpl.java:format(89)) - Storage directory /home/runner/work/ozone/ozone/hadoop-ozone/integration-test/target/test-dir/MiniOzoneClusterImpl-5ad2835d-edcb-4821-8976-9d3b57c406ad/datanode-0/data/ratis/c490369c-09aa-406b-87ff-923d55732e8b has been successfully formatted.
2022-06-27 16:57:36,803 [pool-831-thread-1] INFO  ratis.ContainerStateMachine (ContainerStateMachine.java:loadSnapshot(236)) - group-923D55732E8B: The snapshot info is null. Setting the last applied indexto:(t:0, i:~)
2022-06-27 16:57:36,809 [pool-831-thread-1] INFO  server.RaftServerConfigKeys (ConfUtils.java:logGet(46)) - raft.server.notification.no-leader.timeout = 300s (custom)
2022-06-27 16:57:36,809 [pool-831-thread-1] INFO  server.RaftServerConfigKeys (ConfUtils.java:logGet(46)) - raft.server.log.use.memory = false (default)
2022-06-27 16:57:36,809 [pool-831-thread-1] INFO  server.RaftServerConfigKeys (ConfUtils.java:logGet(46)) - raft.server.log.purge.gap = 1000000 (custom)
2022-06-27 16:57:36,809 [pool-831-thread-1] INFO  server.RaftServerConfigKeys (ConfUtils.java:logGet(46)) - raft.server.log.appender.buffer.byte-limit = 33554432 (custom)
2022-06-27 16:57:36,809 [pool-831-thread-1] INFO  server.RaftServerConfigKeys (ConfUtils.java:logGet(46)) - raft.server.log.statemachine.data.read.timeout = 1000ms (default)
2022-06-27 16:57:36,809 [pool-831-thread-1] INFO  server.RaftServerConfigKeys (ConfUtils.java:logGet(46)) - raft.server.log.segment.size.max = 1048576 (custom)
2022-06-27 16:57:36,810 [pool-831-thread-1] INFO  server.RaftServerConfigKeys (ConfUtils.java:logGet(46)) - raft.server.log.segment.cache.num.max = 2 (custom)
2022-06-27 16:57:36,810 [pool-831-thread-1] INFO  server.RaftServerConfigKeys (ConfUtils.java:logGet(46)) - raft.server.log.segment.cache.size.max = 200MB (=209715200) (default)
2022-06-27 16:57:36,810 [pool-831-thread-1] INFO  segmented.SegmentedRaftLogWorker (SegmentedRaftLogWorker.java:<init>(187)) - new d50766be-5aa0-4516-a336-dcc66469e2a8@group-923D55732E8B-SegmentedRaftLogWorker for RaftStorageImpl:Storage Directory /home/runner/work/ozone/ozone/hadoop-ozone/integration-test/target/test-dir/MiniOzoneClusterImpl-5ad2835d-edcb-4821-8976-9d3b57c406ad/datanode-0/data/ratis/c490369c-09aa-406b-87ff-923d55732e8b
2022-06-27 16:57:36,810 [pool-831-thread-1] INFO  server.RaftServerConfigKeys (ConfUtils.java:logGet(46)) - raft.server.log.queue.byte-limit = 4294967296 (custom)
2022-06-27 16:57:36,810 [pool-831-thread-1] INFO  server.RaftServerConfigKeys (ConfUtils.java:logGet(46)) - raft.server.log.queue.element-limit = 1024 (custom)
2022-06-27 16:57:36,810 [pool-831-thread-1] INFO  server.RaftServerConfigKeys (ConfUtils.java:logGet(46)) - raft.server.log.segment.size.max = 1048576 (custom)
2022-06-27 16:57:36,810 [pool-831-thread-1] INFO  server.RaftServerConfigKeys (ConfUtils.java:logGet(46)) - raft.server.log.preallocated.size = 16384 (custom)
2022-06-27 16:57:36,810 [pool-831-thread-1] INFO  server.RaftServerConfigKeys (ConfUtils.java:logGet(46)) - raft.server.log.force.sync.num = 128 (default)
2022-06-27 16:57:36,810 [pool-831-thread-1] INFO  server.RaftServerConfigKeys (ConfUtils.java:logGet(46)) - raft.server.log.statemachine.data.sync = true (default)
2022-06-27 16:57:36,810 [pool-831-thread-1] INFO  server.RaftServerConfigKeys (ConfUtils.java:logGet(46)) - raft.server.log.statemachine.data.sync.timeout = 10s (default)
2022-06-27 16:57:36,810 [pool-831-thread-1] INFO  server.RaftServerConfigKeys (ConfUtils.java:logGet(46)) - raft.server.log.statemachine.data.sync.timeout.retry = -1 (default)
2022-06-27 16:57:36,811 [pool-831-thread-1] INFO  server.RaftServerConfigKeys (ConfUtils.java:logGet(46)) - raft.server.log.write.buffer.size = 1048576 (custom)
2022-06-27 16:57:36,811 [pool-831-thread-1] INFO  server.RaftServerConfigKeys (ConfUtils.java:logGet(46)) - raft.server.log.unsafe-flush.enabled = false (default)
2022-06-27 16:57:36,811 [pool-831-thread-1] INFO  server.RaftServerConfigKeys (ConfUtils.java:logGet(46)) - raft.server.log.statemachine.data.caching.enabled = true (custom)
2022-06-27 16:57:36,812 [pool-831-thread-1] INFO  segmented.SegmentedRaftLogWorker (SegmentedRaftLogWorker.java:lambda$new$0(135)) - d50766be-5aa0-4516-a336-dcc66469e2a8@group-923D55732E8B-SegmentedRaftLogWorker: flushIndex: setUnconditionally 0 -> -1
2022-06-27 16:57:36,812 [pool-831-thread-1] INFO  segmented.SegmentedRaftLogWorker (SegmentedRaftLogWorker.java:lambda$new$0(135)) - d50766be-5aa0-4516-a336-dcc66469e2a8@group-923D55732E8B-SegmentedRaftLogWorker: safeCacheEvictIndex: setUnconditionally 0 -> -1
2022-06-27 16:57:36,812 [pool-831-thread-1] INFO  server.RaftServerConfigKeys (ConfUtils.java:logGet(46)) - raft.server.snapshot.auto.trigger.enabled = true (custom)
2022-06-27 16:57:36,812 [pool-831-thread-1] INFO  server.RaftServerConfigKeys (ConfUtils.java:logGet(46)) - raft.server.snapshot.auto.trigger.threshold = 10000 (custom)
2022-06-27 16:57:36,812 [pool-831-thread-1] INFO  server.RaftServerConfigKeys (ConfUtils.java:logGet(46)) - raft.server.snapshot.retention.file.num = 5 (custom)
2022-06-27 16:57:36,812 [pool-831-thread-1] INFO  server.RaftServerConfigKeys (ConfUtils.java:logGet(46)) - raft.server.log.purge.upto.snapshot.index = false (default)
2022-06-27 16:57:36,812 [pool-831-thread-1] INFO  server.RaftServerConfigKeys (ConfUtils.java:logGet(46)) - raft.server.retrycache.expirytime = 600000ms (custom)
2022-06-27 16:57:36,812 [pool-831-thread-1] INFO  server.RaftServerConfigKeys (ConfUtils.java:logGet(46)) - raft.server.retrycache.statistics.expirytime = 100μs (default)
2022-06-27 16:57:36,813 [pool-831-thread-1] INFO  server.RaftServerConfigKeys (ConfUtils.java:logGet(46)) - raft.server.log.appender.install.snapshot.enabled = false (custom)
2022-06-27 16:57:36,813 [pool-831-thread-1] INFO  server.RaftServerConfigKeys (ConfUtils.java:logGet(46)) - raft.server.threadpool.server.cached = true (default)
2022-06-27 16:57:36,813 [pool-831-thread-1] INFO  server.RaftServerConfigKeys (ConfUtils.java:logGet(46)) - raft.server.threadpool.server.size = 0 (default)
2022-06-27 16:57:36,813 [pool-831-thread-1] INFO  server.RaftServerConfigKeys (ConfUtils.java:logGet(46)) - raft.server.threadpool.client.cached = true (default)
2022-06-27 16:57:36,813 [pool-831-thread-1] INFO  server.RaftServerConfigKeys (ConfUtils.java:logGet(46)) - raft.server.threadpool.client.size = 0 (default)
2022-06-27 16:57:36,814 [pool-831-thread-1] INFO  server.RaftServer$Division (RaftServerImpl.java:start(310)) - d50766be-5aa0-4516-a336-dcc66469e2a8@group-923D55732E8B: start as a follower, conf=-1: [d50766be-5aa0-4516-a336-dcc66469e2a8|rpc:10.1.0.22:40223|priority:1], old=null
2022-06-27 16:57:36,814 [pool-831-thread-1] INFO  server.RaftServer$Division (RaftServerImpl.java:setRole(299)) - d50766be-5aa0-4516-a336-dcc66469e2a8@group-923D55732E8B: changes role from      null to FOLLOWER at term 0 for startAsFollower
2022-06-27 16:57:36,814 [pool-831-thread-1] INFO  impl.RoleInfo (RoleInfo.java:updateAndGet(139)) - d50766be-5aa0-4516-a336-dcc66469e2a8: start d50766be-5aa0-4516-a336-dcc66469e2a8@group-923D55732E8B-FollowerState
2022-06-27 16:57:36,815 [EventQueue-PipelineReportForPipelineReportHandler] INFO  pipeline.PipelineManagerImpl (PipelineManagerImpl.java:openPipeline(358)) - Pipeline Pipeline[ Id: c490369c-09aa-406b-87ff-923d55732e8b, Nodes: d50766be-5aa0-4516-a336-dcc66469e2a8{ip: 10.1.0.22, host: fv-az215-30.fk02tkdpp51uda4i120yanydqb.bx.internal.cloudapp.net, ports: [REPLICATION=34005, RATIS=40223, RATIS_ADMIN=40223, RATIS_SERVER=40223, STANDALONE=45739], networkLocation: /default-rack, certSerialId: null, persistedOpState: IN_SERVICE, persistedOpStateExpiryEpochSec: 0}, ReplicationConfig: RATIS/ONE, State:ALLOCATED, leaderId:d50766be-5aa0-4516-a336-dcc66469e2a8, CreationTimestamp2022-06-27T16:57:33.781Z[Etc/UTC]] moved to OPEN state
2022-06-27 16:57:36,816 [pool-831-thread-1] INFO  util.JmxRegister (JmxRegister.java:tryRegister(44)) - Successfully registered JMX Bean with object name Ratis:service=RaftServer,group=group-923D55732E8B,id=d50766be-5aa0-4516-a336-dcc66469e2a8
2022-06-27 16:57:36,838 [Command processor thread] INFO  ratis.XceiverServerRatis (XceiverServerRatis.java:addGroup(765)) - Created group PipelineID=c490369c-09aa-406b-87ff-923d55732e8b
2022-06-27 16:57:36,838 [Command processor thread] INFO  commandhandler.CreatePipelineCommandHandler (CreatePipelineCommandHandler.java:handle(113)) - Created Pipeline RATIS ONE PipelineID=c490369c-09aa-406b-87ff-923d55732e8b.
2022-06-27 16:57:36,867 [Command processor thread] INFO  server.RaftServer (RaftServerProxy.java:addNew(96)) - d50766be-5aa0-4516-a336-dcc66469e2a8: addNew group-F76DDF9E5011:[dcd286b6-9f7a-4746-8dc4-f6b4b45daddf|rpc:10.1.0.22:37187|priority:0, 59b1e939-7f3e-448e-a48d-ff530bcc538d|rpc:10.1.0.22:33279|priority:1, d50766be-5aa0-4516-a336-dcc66469e2a8|rpc:10.1.0.22:40223|priority:0] returns group-F76DDF9E5011:java.util.concurrent.CompletableFuture@19235aad[Not completed]
2022-06-27 16:57:36,868 [pool-831-thread-1] INFO  server.RaftServer$Division (RaftServerImpl.java:<init>(190)) - d50766be-5aa0-4516-a336-dcc66469e2a8: new RaftServerImpl for group-F76DDF9E5011:[dcd286b6-9f7a-4746-8dc4-f6b4b45daddf|rpc:10.1.0.22:37187|priority:0, 59b1e939-7f3e-448e-a48d-ff530bcc538d|rpc:10.1.0.22:33279|priority:1, d50766be-5aa0-4516-a336-dcc66469e2a8|rpc:10.1.0.22:40223|priority:0] with ContainerStateMachine:uninitialized
2022-06-27 16:57:36,868 [pool-831-thread-1] INFO  server.RaftServerConfigKeys (ConfUtils.java:logGet(46)) - raft.server.rpc.timeout.min = 5s (custom)
2022-06-27 16:57:36,868 [pool-831-thread-1] INFO  server.RaftServerConfigKeys (ConfUtils.java:logGet(46)) - raft.server.rpc.timeout.max = 5200ms (custom)
2022-06-27 16:57:36,868 [pool-831-thread-1] INFO  server.RaftServerConfigKeys (ConfUtils.java:logGet(46)) - raft.server.rpc.sleep.time = 25ms (default)
2022-06-27 16:57:36,868 [pool-831-thread-1] INFO  server.RaftServerConfigKeys (ConfUtils.java:logGet(46)) - raft.server.rpc.slowness.timeout = 300s (custom)
2022-06-27 16:57:36,868 [pool-831-thread-1] INFO  server.RaftServerConfigKeys (ConfUtils.java:logGet(46)) - raft.server.leaderelection.leader.step-down.wait-time = 10s (default)
2022-06-27 16:57:36,868 [pool-831-thread-1] INFO  server.RaftServerConfigKeys (ConfUtils.java:logGet(46)) - raft.server.sleep.deviation.threshold = 300ms (default)
2022-06-27 16:57:36,868 [pool-831-thread-1] INFO  server.RaftServer$Division (ServerState.java:<init>(107)) - d50766be-5aa0-4516-a336-dcc66469e2a8@group-F76DDF9E5011: ConfigurationManager, init=-1: [dcd286b6-9f7a-4746-8dc4-f6b4b45daddf|rpc:10.1.0.22:37187|priority:0, 59b1e939-7f3e-448e-a48d-ff530bcc538d|rpc:10.1.0.22:33279|priority:1, d50766be-5aa0-4516-a336-dcc66469e2a8|rpc:10.1.0.22:40223|priority:0], old=null, confs=<EMPTY_MAP>
2022-06-27 16:57:36,868 [pool-831-thread-1] INFO  server.RaftServerConfigKeys (ConfUtils.java:logGet(46)) - raft.server.storage.dir = [/home/runner/work/ozone/ozone/hadoop-ozone/integration-test/target/test-dir/MiniOzoneClusterImpl-5ad2835d-edcb-4821-8976-9d3b57c406ad/datanode-0/data/ratis] (custom)
2022-06-27 16:57:36,868 [pool-831-thread-1] INFO  server.RaftServerConfigKeys (ConfUtils.java:logGet(46)) - raft.server.log.corruption.policy = EXCEPTION (default)
2022-06-27 16:57:36,868 [pool-831-thread-1] INFO  server.RaftServerConfigKeys (ConfUtils.java:logGet(46)) - raft.server.storage.free-space.min = 0MB (=0) (default)
2022-06-27 16:57:36,869 [pool-831-thread-1] INFO  storage.RaftStorageDirectory (RaftStorageDirectoryImpl.java:analyzeStorage(135)) - The storage directory /home/runner/work/ozone/ozone/hadoop-ozone/integration-test/target/test-dir/MiniOzoneClusterImpl-5ad2835d-edcb-4821-8976-9d3b57c406ad/datanode-0/data/ratis/74bc0608-407d-488f-bcbd-f76ddf9e5011 does not exist. Creating ...
2022-06-27 16:57:36,869 [pool-831-thread-1] INFO  storage.RaftStorageDirectory (RaftStorageDirectoryImpl.java:tryLock(230)) - Lock on /home/runner/work/ozone/ozone/hadoop-ozone/integration-test/target/test-dir/MiniOzoneClusterImpl-5ad2835d-edcb-4821-8976-9d3b57c406ad/datanode-0/data/ratis/74bc0608-407d-488f-bcbd-f76ddf9e5011/in_use.lock acquired by nodename 16603@fv-az215-30
2022-06-27 16:57:36,871 [pool-831-thread-1] INFO  storage.RaftStorage (RaftStorageImpl.java:format(89)) - Storage directory /home/runner/work/ozone/ozone/hadoop-ozone/integration-test/target/test-dir/MiniOzoneClusterImpl-5ad2835d-edcb-4821-8976-9d3b57c406ad/datanode-0/data/ratis/74bc0608-407d-488f-bcbd-f76ddf9e5011 has been successfully formatted.
2022-06-27 16:57:36,871 [pool-831-thread-1] INFO  ratis.ContainerStateMachine (ContainerStateMachine.java:loadSnapshot(236)) - group-F76DDF9E5011: The snapshot info is null. Setting the last applied indexto:(t:0, i:~)
2022-06-27 16:57:36,871 [pool-831-thread-1] INFO  server.RaftServerConfigKeys (ConfUtils.java:logGet(46)) - raft.server.notification.no-leader.timeout = 300s (custom)
2022-06-27 16:57:36,871 [pool-831-thread-1] INFO  server.RaftServerConfigKeys (ConfUtils.java:logGet(46)) - raft.server.log.use.memory = false (default)
2022-06-27 16:57:36,871 [pool-831-thread-1] INFO  server.RaftServerConfigKeys (ConfUtils.java:logGet(46)) - raft.server.log.purge.gap = 1000000 (custom)
2022-06-27 16:57:36,871 [pool-831-thread-1] INFO  server.RaftServerConfigKeys (ConfUtils.java:logGet(46)) - raft.server.log.appender.buffer.byte-limit = 33554432 (custom)
2022-06-27 16:57:36,872 [pool-831-thread-1] INFO  server.RaftServerConfigKeys (ConfUtils.java:logGet(46)) - raft.server.log.statemachine.data.read.timeout = 1000ms (default)
2022-06-27 16:57:36,872 [pool-831-thread-1] INFO  server.RaftServerConfigKeys (ConfUtils.java:logGet(46)) - raft.server.log.segment.size.max = 1048576 (custom)
2022-06-27 16:57:36,872 [pool-831-thread-1] INFO  server.RaftServerConfigKeys (ConfUtils.java:logGet(46)) - raft.server.log.segment.cache.num.max = 2 (custom)
2022-06-27 16:57:36,872 [pool-831-thread-1] INFO  server.RaftServerConfigKeys (ConfUtils.java:logGet(46)) - raft.server.log.segment.cache.size.max = 200MB (=209715200) (default)
2022-06-27 16:57:36,872 [pool-831-thread-1] INFO  segmented.SegmentedRaftLogWorker (SegmentedRaftLogWorker.java:<init>(187)) - new d50766be-5aa0-4516-a336-dcc66469e2a8@group-F76DDF9E5011-SegmentedRaftLogWorker for RaftStorageImpl:Storage Directory /home/runner/work/ozone/ozone/hadoop-ozone/integration-test/target/test-dir/MiniOzoneClusterImpl-5ad2835d-edcb-4821-8976-9d3b57c406ad/datanode-0/data/ratis/74bc0608-407d-488f-bcbd-f76ddf9e5011
2022-06-27 16:57:36,872 [pool-831-thread-1] INFO  server.RaftServerConfigKeys (ConfUtils.java:logGet(46)) - raft.server.log.queue.byte-limit = 4294967296 (custom)
2022-06-27 16:57:36,873 [pool-831-thread-1] INFO  server.RaftServerConfigKeys (ConfUtils.java:logGet(46)) - raft.server.log.queue.element-limit = 1024 (custom)
2022-06-27 16:57:36,873 [pool-831-thread-1] INFO  server.RaftServerConfigKeys (ConfUtils.java:logGet(46)) - raft.server.log.segment.size.max = 1048576 (custom)
2022-06-27 16:57:36,873 [pool-831-thread-1] INFO  server.RaftServerConfigKeys (ConfUtils.java:logGet(46)) - raft.server.log.preallocated.size = 16384 (custom)
2022-06-27 16:57:36,873 [pool-831-thread-1] INFO  server.RaftServerConfigKeys (ConfUtils.java:logGet(46)) - raft.server.log.force.sync.num = 128 (default)
2022-06-27 16:57:36,873 [pool-831-thread-1] INFO  server.RaftServerConfigKeys (ConfUtils.java:logGet(46)) - raft.server.log.statemachine.data.sync = true (default)
2022-06-27 16:57:36,873 [pool-831-thread-1] INFO  server.RaftServerConfigKeys (ConfUtils.java:logGet(46)) - raft.server.log.statemachine.data.sync.timeout = 10s (default)
2022-06-27 16:57:36,873 [pool-831-thread-1] INFO  server.RaftServerConfigKeys (ConfUtils.java:logGet(46)) - raft.server.log.statemachine.data.sync.timeout.retry = -1 (default)
2022-06-27 16:57:36,877 [pool-831-thread-1] INFO  server.RaftServerConfigKeys (ConfUtils.java:logGet(46)) - raft.server.log.write.buffer.size = 1048576 (custom)
2022-06-27 16:57:36,877 [pool-831-thread-1] INFO  server.RaftServerConfigKeys (ConfUtils.java:logGet(46)) - raft.server.log.unsafe-flush.enabled = false (default)
2022-06-27 16:57:36,877 [pool-831-thread-1] INFO  server.RaftServerConfigKeys (ConfUtils.java:logGet(46)) - raft.server.log.statemachine.data.caching.enabled = true (custom)
2022-06-27 16:57:36,877 [pool-831-thread-1] INFO  segmented.SegmentedRaftLogWorker (SegmentedRaftLogWorker.java:lambda$new$0(135)) - d50766be-5aa0-4516-a336-dcc66469e2a8@group-F76DDF9E5011-SegmentedRaftLogWorker: flushIndex: setUnconditionally 0 -> -1
2022-06-27 16:57:36,878 [pool-831-thread-1] INFO  segmented.SegmentedRaftLogWorker (SegmentedRaftLogWorker.java:lambda$new$0(135)) - d50766be-5aa0-4516-a336-dcc66469e2a8@group-F76DDF9E5011-SegmentedRaftLogWorker: safeCacheEvictIndex: setUnconditionally 0 -> -1
2022-06-27 16:57:36,893 [pool-831-thread-1] INFO  server.RaftServerConfigKeys (ConfUtils.java:logGet(46)) - raft.server.snapshot.auto.trigger.enabled = true (custom)
2022-06-27 16:57:36,893 [pool-831-thread-1] INFO  server.RaftServerConfigKeys (ConfUtils.java:logGet(46)) - raft.server.snapshot.auto.trigger.threshold = 10000 (custom)
2022-06-27 16:57:36,893 [pool-831-thread-1] INFO  server.RaftServerConfigKeys (ConfUtils.java:logGet(46)) - raft.server.snapshot.retention.file.num = 5 (custom)
2022-06-27 16:57:36,893 [pool-831-thread-1] INFO  server.RaftServerConfigKeys (ConfUtils.java:logGet(46)) - raft.server.log.purge.upto.snapshot.index = false (default)
2022-06-27 16:57:36,893 [pool-831-thread-1] INFO  server.RaftServerConfigKeys (ConfUtils.java:logGet(46)) - raft.server.retrycache.expirytime = 600000ms (custom)
2022-06-27 16:57:36,893 [pool-831-thread-1] INFO  server.RaftServerConfigKeys (ConfUtils.java:logGet(46)) - raft.server.retrycache.statistics.expirytime = 100μs (default)
2022-06-27 16:57:36,894 [pool-831-thread-1] INFO  server.RaftServerConfigKeys (ConfUtils.java:logGet(46)) - raft.server.log.appender.install.snapshot.enabled = false (custom)
2022-06-27 16:57:36,894 [pool-831-thread-1] INFO  server.RaftServerConfigKeys (ConfUtils.java:logGet(46)) - raft.server.threadpool.server.cached = true (default)
2022-06-27 16:57:36,894 [pool-831-thread-1] INFO  server.RaftServerConfigKeys (ConfUtils.java:logGet(46)) - raft.server.threadpool.server.size = 0 (default)
2022-06-27 16:57:36,894 [pool-831-thread-1] INFO  server.RaftServerConfigKeys (ConfUtils.java:logGet(46)) - raft.server.threadpool.client.cached = true (default)
2022-06-27 16:57:36,894 [pool-831-thread-1] INFO  server.RaftServerConfigKeys (ConfUtils.java:logGet(46)) - raft.server.threadpool.client.size = 0 (default)
2022-06-27 16:57:36,894 [pool-831-thread-1] INFO  server.RaftServer$Division (RaftServerImpl.java:start(310)) - d50766be-5aa0-4516-a336-dcc66469e2a8@group-F76DDF9E5011: start as a follower, conf=-1: [dcd286b6-9f7a-4746-8dc4-f6b4b45daddf|rpc:10.1.0.22:37187|priority:0, 59b1e939-7f3e-448e-a48d-ff530bcc538d|rpc:10.1.0.22:33279|priority:1, d50766be-5aa0-4516-a336-dcc66469e2a8|rpc:10.1.0.22:40223|priority:0], old=null
2022-06-27 16:57:36,894 [pool-831-thread-1] INFO  server.RaftServer$Division (RaftServerImpl.java:setRole(299)) - d50766be-5aa0-4516-a336-dcc66469e2a8@group-F76DDF9E5011: changes role from      null to FOLLOWER at term 0 for startAsFollower
2022-06-27 16:57:36,894 [pool-831-thread-1] INFO  impl.RoleInfo (RoleInfo.java:updateAndGet(139)) - d50766be-5aa0-4516-a336-dcc66469e2a8: start d50766be-5aa0-4516-a336-dcc66469e2a8@group-F76DDF9E5011-FollowerState
2022-06-27 16:57:36,901 [pool-831-thread-1] INFO  util.JmxRegister (JmxRegister.java:tryRegister(44)) - Successfully registered JMX Bean with object name Ratis:service=RaftServer,group=group-F76DDF9E5011,id=d50766be-5aa0-4516-a336-dcc66469e2a8
2022-06-27 16:57:36,917 [Command processor thread] INFO  ratis.XceiverServerRatis (XceiverServerRatis.java:addGroup(765)) - Created group PipelineID=74bc0608-407d-488f-bcbd-f76ddf9e5011
2022-06-27 16:57:36,917 [EventQueue-OpenPipelineForHealthyPipelineSafeModeRule] INFO  safemode.SCMSafeModeManager (HealthyPipelineSafeModeRule.java:process(124)) - SCM in safe mode. Healthy pipelines reported count is 0, required healthy pipeline reported count is 1
2022-06-27 16:57:36,917 [EventQueue-OpenPipelineForHealthyPipelineSafeModeRule] INFO  safemode.SCMSafeModeManager (HealthyPipelineSafeModeRule.java:process(124)) - SCM in safe mode. Healthy pipelines reported count is 0, required healthy pipeline reported count is 1
2022-06-27 16:57:37,033 [grpc-default-executor-0] INFO  server.RaftServer (RaftServerProxy.java:addNew(96)) - dcd286b6-9f7a-4746-8dc4-f6b4b45daddf: addNew group-F76DDF9E5011:[dcd286b6-9f7a-4746-8dc4-f6b4b45daddf|rpc:10.1.0.22:37187|dataStream:|priority:0, 59b1e939-7f3e-448e-a48d-ff530bcc538d|rpc:10.1.0.22:33279|dataStream:|priority:1, d50766be-5aa0-4516-a336-dcc66469e2a8|rpc:10.1.0.22:40223|dataStream:|priority:0] returns group-F76DDF9E5011:java.util.concurrent.CompletableFuture@335fea83[Not completed]
2022-06-27 16:57:37,073 [pool-877-thread-1] INFO  server.RaftServer$Division (RaftServerImpl.java:<init>(190)) - dcd286b6-9f7a-4746-8dc4-f6b4b45daddf: new RaftServerImpl for group-F76DDF9E5011:[dcd286b6-9f7a-4746-8dc4-f6b4b45daddf|rpc:10.1.0.22:37187|dataStream:|priority:0, 59b1e939-7f3e-448e-a48d-ff530bcc538d|rpc:10.1.0.22:33279|dataStream:|priority:1, d50766be-5aa0-4516-a336-dcc66469e2a8|rpc:10.1.0.22:40223|dataStream:|priority:0] with ContainerStateMachine:uninitialized
2022-06-27 16:57:37,074 [pool-877-thread-1] INFO  server.RaftServerConfigKeys (ConfUtils.java:logGet(46)) - raft.server.rpc.timeout.min = 5s (custom)
2022-06-27 16:57:37,074 [pool-877-thread-1] INFO  server.RaftServerConfigKeys (ConfUtils.java:logGet(46)) - raft.server.rpc.timeout.max = 5200ms (custom)
2022-06-27 16:57:37,074 [pool-877-thread-1] INFO  server.RaftServerConfigKeys (ConfUtils.java:logGet(46)) - raft.server.rpc.sleep.time = 25ms (default)
2022-06-27 16:57:37,074 [pool-877-thread-1] INFO  server.RaftServerConfigKeys (ConfUtils.java:logGet(46)) - raft.server.rpc.slowness.timeout = 300s (custom)
2022-06-27 16:57:37,074 [pool-877-thread-1] INFO  server.RaftServerConfigKeys (ConfUtils.java:logGet(46)) - raft.server.leaderelection.leader.step-down.wait-time = 10s (default)
2022-06-27 16:57:37,074 [pool-877-thread-1] INFO  server.RaftServerConfigKeys (ConfUtils.java:logGet(46)) - raft.server.sleep.deviation.threshold = 300ms (default)
2022-06-27 16:57:37,074 [pool-877-thread-1] INFO  server.RaftServer$Division (ServerState.java:<init>(107)) - dcd286b6-9f7a-4746-8dc4-f6b4b45daddf@group-F76DDF9E5011: ConfigurationManager, init=-1: [dcd286b6-9f7a-4746-8dc4-f6b4b45daddf|rpc:10.1.0.22:37187|dataStream:|priority:0, 59b1e939-7f3e-448e-a48d-ff530bcc538d|rpc:10.1.0.22:33279|dataStream:|priority:1, d50766be-5aa0-4516-a336-dcc66469e2a8|rpc:10.1.0.22:40223|dataStream:|priority:0], old=null, confs=<EMPTY_MAP>
2022-06-27 16:57:37,074 [pool-877-thread-1] INFO  server.RaftServerConfigKeys (ConfUtils.java:logGet(46)) - raft.server.storage.dir = [/home/runner/work/ozone/ozone/hadoop-ozone/integration-test/target/test-dir/MiniOzoneClusterImpl-5ad2835d-edcb-4821-8976-9d3b57c406ad/datanode-2/data/ratis] (custom)
2022-06-27 16:57:37,074 [pool-877-thread-1] INFO  server.RaftServerConfigKeys (ConfUtils.java:logGet(46)) - raft.server.log.corruption.policy = EXCEPTION (default)
2022-06-27 16:57:37,074 [pool-877-thread-1] INFO  server.RaftServerConfigKeys (ConfUtils.java:logGet(46)) - raft.server.storage.free-space.min = 0MB (=0) (default)
2022-06-27 16:57:37,074 [pool-877-thread-1] INFO  storage.RaftStorageDirectory (RaftStorageDirectoryImpl.java:analyzeStorage(135)) - The storage directory /home/runner/work/ozone/ozone/hadoop-ozone/integration-test/target/test-dir/MiniOzoneClusterImpl-5ad2835d-edcb-4821-8976-9d3b57c406ad/datanode-2/data/ratis/74bc0608-407d-488f-bcbd-f76ddf9e5011 does not exist. Creating ...
2022-06-27 16:57:37,097 [pool-877-thread-1] INFO  storage.RaftStorageDirectory (RaftStorageDirectoryImpl.java:tryLock(230)) - Lock on /home/runner/work/ozone/ozone/hadoop-ozone/integration-test/target/test-dir/MiniOzoneClusterImpl-5ad2835d-edcb-4821-8976-9d3b57c406ad/datanode-2/data/ratis/74bc0608-407d-488f-bcbd-f76ddf9e5011/in_use.lock acquired by nodename 16603@fv-az215-30
2022-06-27 16:57:37,100 [pool-877-thread-1] INFO  storage.RaftStorage (RaftStorageImpl.java:format(89)) - Storage directory /home/runner/work/ozone/ozone/hadoop-ozone/integration-test/target/test-dir/MiniOzoneClusterImpl-5ad2835d-edcb-4821-8976-9d3b57c406ad/datanode-2/data/ratis/74bc0608-407d-488f-bcbd-f76ddf9e5011 has been successfully formatted.
2022-06-27 16:57:37,137 [pool-877-thread-1] INFO  ratis.ContainerStateMachine (ContainerStateMachine.java:loadSnapshot(236)) - group-F76DDF9E5011: The snapshot info is null. Setting the last applied indexto:(t:0, i:~)
2022-06-27 16:57:37,137 [pool-877-thread-1] INFO  server.RaftServerConfigKeys (ConfUtils.java:logGet(46)) - raft.server.notification.no-leader.timeout = 300s (custom)
2022-06-27 16:57:37,137 [pool-877-thread-1] INFO  server.RaftServerConfigKeys (ConfUtils.java:logGet(46)) - raft.server.log.use.memory = false (default)
2022-06-27 16:57:37,138 [pool-877-thread-1] INFO  server.RaftServerConfigKeys (ConfUtils.java:logGet(46)) - raft.server.log.purge.gap = 1000000 (custom)
2022-06-27 16:57:37,138 [pool-877-thread-1] INFO  server.RaftServerConfigKeys (ConfUtils.java:logGet(46)) - raft.server.log.appender.buffer.byte-limit = 33554432 (custom)
2022-06-27 16:57:37,138 [pool-877-thread-1] INFO  server.RaftServerConfigKeys (ConfUtils.java:logGet(46)) - raft.server.log.statemachine.data.read.timeout = 1000ms (default)
2022-06-27 16:57:37,138 [pool-877-thread-1] INFO  server.RaftServerConfigKeys (ConfUtils.java:logGet(46)) - raft.server.log.segment.size.max = 1048576 (custom)
2022-06-27 16:57:37,138 [pool-877-thread-1] INFO  server.RaftServerConfigKeys (ConfUtils.java:logGet(46)) - raft.server.log.segment.cache.num.max = 2 (custom)
2022-06-27 16:57:37,138 [pool-877-thread-1] INFO  server.RaftServerConfigKeys (ConfUtils.java:logGet(46)) - raft.server.log.segment.cache.size.max = 200MB (=209715200) (default)
2022-06-27 16:57:37,138 [pool-877-thread-1] INFO  segmented.SegmentedRaftLogWorker (SegmentedRaftLogWorker.java:<init>(187)) - new dcd286b6-9f7a-4746-8dc4-f6b4b45daddf@group-F76DDF9E5011-SegmentedRaftLogWorker for RaftStorageImpl:Storage Directory /home/runner/work/ozone/ozone/hadoop-ozone/integration-test/target/test-dir/MiniOzoneClusterImpl-5ad2835d-edcb-4821-8976-9d3b57c406ad/datanode-2/data/ratis/74bc0608-407d-488f-bcbd-f76ddf9e5011
2022-06-27 16:57:37,139 [pool-877-thread-1] INFO  server.RaftServerConfigKeys (ConfUtils.java:logGet(46)) - raft.server.log.queue.byte-limit = 4294967296 (custom)
2022-06-27 16:57:37,139 [pool-877-thread-1] INFO  server.RaftServerConfigKeys (ConfUtils.java:logGet(46)) - raft.server.log.queue.element-limit = 1024 (custom)
2022-06-27 16:57:37,139 [pool-877-thread-1] INFO  server.RaftServerConfigKeys (ConfUtils.java:logGet(46)) - raft.server.log.segment.size.max = 1048576 (custom)
2022-06-27 16:57:37,139 [pool-877-thread-1] INFO  server.RaftServerConfigKeys (ConfUtils.java:logGet(46)) - raft.server.log.preallocated.size = 16384 (custom)
2022-06-27 16:57:37,139 [pool-877-thread-1] INFO  server.RaftServerConfigKeys (ConfUtils.java:logGet(46)) - raft.server.log.force.sync.num = 128 (default)
2022-06-27 16:57:37,139 [pool-877-thread-1] INFO  server.RaftServerConfigKeys (ConfUtils.java:logGet(46)) - raft.server.log.statemachine.data.sync = true (default)
2022-06-27 16:57:37,139 [pool-877-thread-1] INFO  server.RaftServerConfigKeys (ConfUtils.java:logGet(46)) - raft.server.log.statemachine.data.sync.timeout = 10s (default)
2022-06-27 16:57:37,139 [pool-877-thread-1] INFO  server.RaftServerConfigKeys (ConfUtils.java:logGet(46)) - raft.server.log.statemachine.data.sync.timeout.retry = -1 (default)
2022-06-27 16:57:37,140 [pool-877-thread-1] INFO  server.RaftServerConfigKeys (ConfUtils.java:logGet(46)) - raft.server.log.write.buffer.size = 1048576 (custom)
2022-06-27 16:57:37,140 [pool-877-thread-1] INFO  server.RaftServerConfigKeys (ConfUtils.java:logGet(46)) - raft.server.log.unsafe-flush.enabled = false (default)
2022-06-27 16:57:37,140 [pool-877-thread-1] INFO  server.RaftServerConfigKeys (ConfUtils.java:logGet(46)) - raft.server.log.statemachine.data.caching.enabled = true (custom)
2022-06-27 16:57:37,140 [pool-877-thread-1] INFO  segmented.SegmentedRaftLogWorker (SegmentedRaftLogWorker.java:lambda$new$0(135)) - dcd286b6-9f7a-4746-8dc4-f6b4b45daddf@group-F76DDF9E5011-SegmentedRaftLogWorker: flushIndex: setUnconditionally 0 -> -1
2022-06-27 16:57:37,140 [pool-877-thread-1] INFO  segmented.SegmentedRaftLogWorker (SegmentedRaftLogWorker.java:lambda$new$0(135)) - dcd286b6-9f7a-4746-8dc4-f6b4b45daddf@group-F76DDF9E5011-SegmentedRaftLogWorker: safeCacheEvictIndex: setUnconditionally 0 -> -1
2022-06-27 16:57:37,165 [Command processor thread] INFO  server.RaftServer (RaftServerProxy.java:addNew(96)) - 59b1e939-7f3e-448e-a48d-ff530bcc538d: addNew group-6CF8B04C718F:[59b1e939-7f3e-448e-a48d-ff530bcc538d|rpc:10.1.0.22:33279|priority:1] returns group-6CF8B04C718F:java.util.concurrent.CompletableFuture@3dd707e[Not completed]
2022-06-27 16:57:37,165 [pool-854-thread-1] INFO  server.RaftServer$Division (RaftServerImpl.java:<init>(190)) - 59b1e939-7f3e-448e-a48d-ff530bcc538d: new RaftServerImpl for group-6CF8B04C718F:[59b1e939-7f3e-448e-a48d-ff530bcc538d|rpc:10.1.0.22:33279|priority:1] with ContainerStateMachine:uninitialized
2022-06-27 16:57:37,166 [pool-854-thread-1] INFO  server.RaftServerConfigKeys (ConfUtils.java:logGet(46)) - raft.server.rpc.timeout.min = 5s (custom)
2022-06-27 16:57:37,166 [pool-854-thread-1] INFO  server.RaftServerConfigKeys (ConfUtils.java:logGet(46)) - raft.server.rpc.timeout.max = 5200ms (custom)
2022-06-27 16:57:37,166 [pool-854-thread-1] INFO  server.RaftServerConfigKeys (ConfUtils.java:logGet(46)) - raft.server.rpc.sleep.time = 25ms (default)
2022-06-27 16:57:37,166 [pool-854-thread-1] INFO  server.RaftServerConfigKeys (ConfUtils.java:logGet(46)) - raft.server.rpc.slowness.timeout = 300s (custom)
2022-06-27 16:57:37,166 [pool-854-thread-1] INFO  server.RaftServerConfigKeys (ConfUtils.java:logGet(46)) - raft.server.leaderelection.leader.step-down.wait-time = 10s (default)
2022-06-27 16:57:37,166 [pool-854-thread-1] INFO  server.RaftServerConfigKeys (ConfUtils.java:logGet(46)) - raft.server.sleep.deviation.threshold = 300ms (default)
2022-06-27 16:57:37,166 [pool-854-thread-1] INFO  server.RaftServer$Division (ServerState.java:<init>(107)) - 59b1e939-7f3e-448e-a48d-ff530bcc538d@group-6CF8B04C718F: ConfigurationManager, init=-1: [59b1e939-7f3e-448e-a48d-ff530bcc538d|rpc:10.1.0.22:33279|priority:1], old=null, confs=<EMPTY_MAP>
2022-06-27 16:57:37,166 [pool-854-thread-1] INFO  server.RaftServerConfigKeys (ConfUtils.java:logGet(46)) - raft.server.storage.dir = [/home/runner/work/ozone/ozone/hadoop-ozone/integration-test/target/test-dir/MiniOzoneClusterImpl-5ad2835d-edcb-4821-8976-9d3b57c406ad/datanode-1/data/ratis] (custom)
2022-06-27 16:57:37,166 [pool-854-thread-1] INFO  server.RaftServerConfigKeys (ConfUtils.java:logGet(46)) - raft.server.log.corruption.policy = EXCEPTION (default)
2022-06-27 16:57:37,166 [pool-854-thread-1] INFO  server.RaftServerConfigKeys (ConfUtils.java:logGet(46)) - raft.server.storage.free-space.min = 0MB (=0) (default)
2022-06-27 16:57:37,166 [pool-854-thread-1] INFO  storage.RaftStorageDirectory (RaftStorageDirectoryImpl.java:analyzeStorage(135)) - The storage directory /home/runner/work/ozone/ozone/hadoop-ozone/integration-test/target/test-dir/MiniOzoneClusterImpl-5ad2835d-edcb-4821-8976-9d3b57c406ad/datanode-1/data/ratis/fbaa2a87-678f-4996-8961-6cf8b04c718f does not exist. Creating ...
2022-06-27 16:57:37,167 [pool-854-thread-1] INFO  storage.RaftStorageDirectory (RaftStorageDirectoryImpl.java:tryLock(230)) - Lock on /home/runner/work/ozone/ozone/hadoop-ozone/integration-test/target/test-dir/MiniOzoneClusterImpl-5ad2835d-edcb-4821-8976-9d3b57c406ad/datanode-1/data/ratis/fbaa2a87-678f-4996-8961-6cf8b04c718f/in_use.lock acquired by nodename 16603@fv-az215-30
2022-06-27 16:57:37,173 [pool-854-thread-1] INFO  storage.RaftStorage (RaftStorageImpl.java:format(89)) - Storage directory /home/runner/work/ozone/ozone/hadoop-ozone/integration-test/target/test-dir/MiniOzoneClusterImpl-5ad2835d-edcb-4821-8976-9d3b57c406ad/datanode-1/data/ratis/fbaa2a87-678f-4996-8961-6cf8b04c718f has been successfully formatted.
2022-06-27 16:57:37,175 [pool-854-thread-1] INFO  ratis.ContainerStateMachine (ContainerStateMachine.java:loadSnapshot(236)) - group-6CF8B04C718F: The snapshot info is null. Setting the last applied indexto:(t:0, i:~)
2022-06-27 16:57:37,175 [pool-854-thread-1] INFO  server.RaftServerConfigKeys (ConfUtils.java:logGet(46)) - raft.server.notification.no-leader.timeout = 300s (custom)
2022-06-27 16:57:37,175 [pool-854-thread-1] INFO  server.RaftServerConfigKeys (ConfUtils.java:logGet(46)) - raft.server.log.use.memory = false (default)
2022-06-27 16:57:37,175 [pool-854-thread-1] INFO  server.RaftServerConfigKeys (ConfUtils.java:logGet(46)) - raft.server.log.purge.gap = 1000000 (custom)
2022-06-27 16:57:37,175 [pool-854-thread-1] INFO  server.RaftServerConfigKeys (ConfUtils.java:logGet(46)) - raft.server.log.appender.buffer.byte-limit = 33554432 (custom)
2022-06-27 16:57:37,175 [pool-854-thread-1] INFO  server.RaftServerConfigKeys (ConfUtils.java:logGet(46)) - raft.server.log.statemachine.data.read.timeout = 1000ms (default)
2022-06-27 16:57:37,175 [pool-854-thread-1] INFO  server.RaftServerConfigKeys (ConfUtils.java:logGet(46)) - raft.server.log.segment.size.max = 1048576 (custom)
2022-06-27 16:57:37,176 [pool-854-thread-1] INFO  server.RaftServerConfigKeys (ConfUtils.java:logGet(46)) - raft.server.log.segment.cache.num.max = 2 (custom)
2022-06-27 16:57:37,176 [pool-854-thread-1] INFO  server.RaftServerConfigKeys (ConfUtils.java:logGet(46)) - raft.server.log.segment.cache.size.max = 200MB (=209715200) (default)
2022-06-27 16:57:37,176 [pool-854-thread-1] INFO  segmented.SegmentedRaftLogWorker (SegmentedRaftLogWorker.java:<init>(187)) - new 59b1e939-7f3e-448e-a48d-ff530bcc538d@group-6CF8B04C718F-SegmentedRaftLogWorker for RaftStorageImpl:Storage Directory /home/runner/work/ozone/ozone/hadoop-ozone/integration-test/target/test-dir/MiniOzoneClusterImpl-5ad2835d-edcb-4821-8976-9d3b57c406ad/datanode-1/data/ratis/fbaa2a87-678f-4996-8961-6cf8b04c718f
2022-06-27 16:57:37,176 [pool-854-thread-1] INFO  server.RaftServerConfigKeys (ConfUtils.java:logGet(46)) - raft.server.log.queue.byte-limit = 4294967296 (custom)
2022-06-27 16:57:37,176 [pool-854-thread-1] INFO  server.RaftServerConfigKeys (ConfUtils.java:logGet(46)) - raft.server.log.queue.element-limit = 1024 (custom)
2022-06-27 16:57:37,176 [pool-854-thread-1] INFO  server.RaftServerConfigKeys (ConfUtils.java:logGet(46)) - raft.server.log.segment.size.max = 1048576 (custom)
2022-06-27 16:57:37,176 [pool-854-thread-1] INFO  server.RaftServerConfigKeys (ConfUtils.java:logGet(46)) - raft.server.log.preallocated.size = 16384 (custom)
2022-06-27 16:57:37,176 [pool-854-thread-1] INFO  server.RaftServerConfigKeys (ConfUtils.java:logGet(46)) - raft.server.log.force.sync.num = 128 (default)
2022-06-27 16:57:37,176 [pool-854-thread-1] INFO  server.RaftServerConfigKeys (ConfUtils.java:logGet(46)) - raft.server.log.statemachine.data.sync = true (default)
2022-06-27 16:57:37,176 [pool-854-thread-1] INFO  server.RaftServerConfigKeys (ConfUtils.java:logGet(46)) - raft.server.log.statemachine.data.sync.timeout = 10s (default)
2022-06-27 16:57:37,176 [pool-854-thread-1] INFO  server.RaftServerConfigKeys (ConfUtils.java:logGet(46)) - raft.server.log.statemachine.data.sync.timeout.retry = -1 (default)
2022-06-27 16:57:37,177 [pool-854-thread-1] INFO  server.RaftServerConfigKeys (ConfUtils.java:logGet(46)) - raft.server.log.write.buffer.size = 1048576 (custom)
2022-06-27 16:57:37,177 [pool-854-thread-1] INFO  server.RaftServerConfigKeys (ConfUtils.java:logGet(46)) - raft.server.log.unsafe-flush.enabled = false (default)
2022-06-27 16:57:37,177 [pool-854-thread-1] INFO  server.RaftServerConfigKeys (ConfUtils.java:logGet(46)) - raft.server.log.statemachine.data.caching.enabled = true (custom)
2022-06-27 16:57:37,177 [pool-854-thread-1] INFO  segmented.SegmentedRaftLogWorker (SegmentedRaftLogWorker.java:lambda$new$0(135)) - 59b1e939-7f3e-448e-a48d-ff530bcc538d@group-6CF8B04C718F-SegmentedRaftLogWorker: flushIndex: setUnconditionally 0 -> -1
2022-06-27 16:57:37,177 [pool-854-thread-1] INFO  segmented.SegmentedRaftLogWorker (SegmentedRaftLogWorker.java:lambda$new$0(135)) - 59b1e939-7f3e-448e-a48d-ff530bcc538d@group-6CF8B04C718F-SegmentedRaftLogWorker: safeCacheEvictIndex: setUnconditionally 0 -> -1
2022-06-27 16:57:37,189 [pool-854-thread-1] INFO  server.RaftServerConfigKeys (ConfUtils.java:logGet(46)) - raft.server.snapshot.auto.trigger.enabled = true (custom)
2022-06-27 16:57:37,189 [pool-854-thread-1] INFO  server.RaftServerConfigKeys (ConfUtils.java:logGet(46)) - raft.server.snapshot.auto.trigger.threshold = 10000 (custom)
2022-06-27 16:57:37,189 [pool-854-thread-1] INFO  server.RaftServerConfigKeys (ConfUtils.java:logGet(46)) - raft.server.snapshot.retention.file.num = 5 (custom)
2022-06-27 16:57:37,189 [pool-854-thread-1] INFO  server.RaftServerConfigKeys (ConfUtils.java:logGet(46)) - raft.server.log.purge.upto.snapshot.index = false (default)
2022-06-27 16:57:37,189 [pool-854-thread-1] INFO  server.RaftServerConfigKeys (ConfUtils.java:logGet(46)) - raft.server.retrycache.expirytime = 600000ms (custom)
2022-06-27 16:57:37,189 [pool-854-thread-1] INFO  server.RaftServerConfigKeys (ConfUtils.java:logGet(46)) - raft.server.retrycache.statistics.expirytime = 100μs (default)
2022-06-27 16:57:37,190 [pool-854-thread-1] INFO  server.RaftServerConfigKeys (ConfUtils.java:logGet(46)) - raft.server.log.appender.install.snapshot.enabled = false (custom)
2022-06-27 16:57:37,190 [pool-854-thread-1] INFO  server.RaftServerConfigKeys (ConfUtils.java:logGet(46)) - raft.server.threadpool.server.cached = true (default)
2022-06-27 16:57:37,190 [pool-854-thread-1] INFO  server.RaftServerConfigKeys (ConfUtils.java:logGet(46)) - raft.server.threadpool.server.size = 0 (default)
2022-06-27 16:57:37,190 [pool-854-thread-1] INFO  server.RaftServerConfigKeys (ConfUtils.java:logGet(46)) - raft.server.threadpool.client.cached = true (default)
2022-06-27 16:57:37,190 [pool-854-thread-1] INFO  server.RaftServerConfigKeys (ConfUtils.java:logGet(46)) - raft.server.threadpool.client.size = 0 (default)
2022-06-27 16:57:37,190 [pool-854-thread-1] INFO  server.RaftServer$Division (RaftServerImpl.java:start(310)) - 59b1e939-7f3e-448e-a48d-ff530bcc538d@group-6CF8B04C718F: start as a follower, conf=-1: [59b1e939-7f3e-448e-a48d-ff530bcc538d|rpc:10.1.0.22:33279|priority:1], old=null
2022-06-27 16:57:37,190 [pool-854-thread-1] INFO  server.RaftServer$Division (RaftServerImpl.java:setRole(299)) - 59b1e939-7f3e-448e-a48d-ff530bcc538d@group-6CF8B04C718F: changes role from      null to FOLLOWER at term 0 for startAsFollower
2022-06-27 16:57:37,191 [pool-854-thread-1] INFO  impl.RoleInfo (RoleInfo.java:updateAndGet(139)) - 59b1e939-7f3e-448e-a48d-ff530bcc538d: start 59b1e939-7f3e-448e-a48d-ff530bcc538d@group-6CF8B04C718F-FollowerState
2022-06-27 16:57:37,192 [pool-854-thread-1] INFO  util.JmxRegister (JmxRegister.java:tryRegister(44)) - Successfully registered JMX Bean with object name Ratis:service=RaftServer,group=group-6CF8B04C718F,id=59b1e939-7f3e-448e-a48d-ff530bcc538d
2022-06-27 16:57:37,193 [Command processor thread] INFO  ratis.XceiverServerRatis (XceiverServerRatis.java:addGroup(765)) - Created group PipelineID=fbaa2a87-678f-4996-8961-6cf8b04c718f
2022-06-27 16:57:37,193 [Command processor thread] INFO  commandhandler.CreatePipelineCommandHandler (CreatePipelineCommandHandler.java:handle(113)) - Created Pipeline RATIS ONE PipelineID=fbaa2a87-678f-4996-8961-6cf8b04c718f.
2022-06-27 16:57:37,193 [Command processor thread] INFO  server.RaftServer (RaftServerProxy.java:addNew(96)) - 59b1e939-7f3e-448e-a48d-ff530bcc538d: addNew group-F76DDF9E5011:[dcd286b6-9f7a-4746-8dc4-f6b4b45daddf|rpc:10.1.0.22:37187|priority:0, 59b1e939-7f3e-448e-a48d-ff530bcc538d|rpc:10.1.0.22:33279|priority:1, d50766be-5aa0-4516-a336-dcc66469e2a8|rpc:10.1.0.22:40223|priority:0] returns group-F76DDF9E5011:java.util.concurrent.CompletableFuture@7e2e4dd[Not completed]
2022-06-27 16:57:37,193 [pool-854-thread-1] INFO  server.RaftServer$Division (RaftServerImpl.java:<init>(190)) - 59b1e939-7f3e-448e-a48d-ff530bcc538d: new RaftServerImpl for group-F76DDF9E5011:[dcd286b6-9f7a-4746-8dc4-f6b4b45daddf|rpc:10.1.0.22:37187|priority:0, 59b1e939-7f3e-448e-a48d-ff530bcc538d|rpc:10.1.0.22:33279|priority:1, d50766be-5aa0-4516-a336-dcc66469e2a8|rpc:10.1.0.22:40223|priority:0] with ContainerStateMachine:uninitialized
2022-06-27 16:57:37,194 [pool-854-thread-1] INFO  server.RaftServerConfigKeys (ConfUtils.java:logGet(46)) - raft.server.rpc.timeout.min = 5s (custom)
2022-06-27 16:57:37,194 [pool-854-thread-1] INFO  server.RaftServerConfigKeys (ConfUtils.java:logGet(46)) - raft.server.rpc.timeout.max = 5200ms (custom)
2022-06-27 16:57:37,194 [pool-854-thread-1] INFO  server.RaftServerConfigKeys (ConfUtils.java:logGet(46)) - raft.server.rpc.sleep.time = 25ms (default)
2022-06-27 16:57:37,194 [pool-854-thread-1] INFO  server.RaftServerConfigKeys (ConfUtils.java:logGet(46)) - raft.server.rpc.slowness.timeout = 300s (custom)
2022-06-27 16:57:37,194 [pool-854-thread-1] INFO  server.RaftServerConfigKeys (ConfUtils.java:logGet(46)) - raft.server.leaderelection.leader.step-down.wait-time = 10s (default)
2022-06-27 16:57:37,194 [pool-854-thread-1] INFO  server.RaftServerConfigKeys (ConfUtils.java:logGet(46)) - raft.server.sleep.deviation.threshold = 300ms (default)
2022-06-27 16:57:37,194 [pool-854-thread-1] INFO  server.RaftServer$Division (ServerState.java:<init>(107)) - 59b1e939-7f3e-448e-a48d-ff530bcc538d@group-F76DDF9E5011: ConfigurationManager, init=-1: [dcd286b6-9f7a-4746-8dc4-f6b4b45daddf|rpc:10.1.0.22:37187|priority:0, 59b1e939-7f3e-448e-a48d-ff530bcc538d|rpc:10.1.0.22:33279|priority:1, d50766be-5aa0-4516-a336-dcc66469e2a8|rpc:10.1.0.22:40223|priority:0], old=null, confs=<EMPTY_MAP>
2022-06-27 16:57:37,194 [pool-854-thread-1] INFO  server.RaftServerConfigKeys (ConfUtils.java:logGet(46)) - raft.server.storage.dir = [/home/runner/work/ozone/ozone/hadoop-ozone/integration-test/target/test-dir/MiniOzoneClusterImpl-5ad2835d-edcb-4821-8976-9d3b57c406ad/datanode-1/data/ratis] (custom)
2022-06-27 16:57:37,194 [pool-854-thread-1] INFO  server.RaftServerConfigKeys (ConfUtils.java:logGet(46)) - raft.server.log.corruption.policy = EXCEPTION (default)
2022-06-27 16:57:37,194 [pool-854-thread-1] INFO  server.RaftServerConfigKeys (ConfUtils.java:logGet(46)) - raft.server.storage.free-space.min = 0MB (=0) (default)
2022-06-27 16:57:37,194 [pool-854-thread-1] INFO  storage.RaftStorageDirectory (RaftStorageDirectoryImpl.java:analyzeStorage(135)) - The storage directory /home/runner/work/ozone/ozone/hadoop-ozone/integration-test/target/test-dir/MiniOzoneClusterImpl-5ad2835d-edcb-4821-8976-9d3b57c406ad/datanode-1/data/ratis/74bc0608-407d-488f-bcbd-f76ddf9e5011 does not exist. Creating ...
2022-06-27 16:57:37,195 [pool-854-thread-1] INFO  storage.RaftStorageDirectory (RaftStorageDirectoryImpl.java:tryLock(230)) - Lock on /home/runner/work/ozone/ozone/hadoop-ozone/integration-test/target/test-dir/MiniOzoneClusterImpl-5ad2835d-edcb-4821-8976-9d3b57c406ad/datanode-1/data/ratis/74bc0608-407d-488f-bcbd-f76ddf9e5011/in_use.lock acquired by nodename 16603@fv-az215-30
2022-06-27 16:57:37,196 [pool-854-thread-1] INFO  storage.RaftStorage (RaftStorageImpl.java:format(89)) - Storage directory /home/runner/work/ozone/ozone/hadoop-ozone/integration-test/target/test-dir/MiniOzoneClusterImpl-5ad2835d-edcb-4821-8976-9d3b57c406ad/datanode-1/data/ratis/74bc0608-407d-488f-bcbd-f76ddf9e5011 has been successfully formatted.
2022-06-27 16:57:37,196 [pool-854-thread-1] INFO  ratis.ContainerStateMachine (ContainerStateMachine.java:loadSnapshot(236)) - group-F76DDF9E5011: The snapshot info is null. Setting the last applied indexto:(t:0, i:~)
2022-06-27 16:57:37,196 [pool-854-thread-1] INFO  server.RaftServerConfigKeys (ConfUtils.java:logGet(46)) - raft.server.notification.no-leader.timeout = 300s (custom)
2022-06-27 16:57:37,196 [pool-854-thread-1] INFO  server.RaftServerConfigKeys (ConfUtils.java:logGet(46)) - raft.server.log.use.memory = false (default)
2022-06-27 16:57:37,196 [pool-854-thread-1] INFO  server.RaftServerConfigKeys (ConfUtils.java:logGet(46)) - raft.server.log.purge.gap = 1000000 (custom)
2022-06-27 16:57:37,196 [pool-854-thread-1] INFO  server.RaftServerConfigKeys (ConfUtils.java:logGet(46)) - raft.server.log.appender.buffer.byte-limit = 33554432 (custom)
2022-06-27 16:57:37,196 [pool-854-thread-1] INFO  server.RaftServerConfigKeys (ConfUtils.java:logGet(46)) - raft.server.log.statemachine.data.read.timeout = 1000ms (default)
2022-06-27 16:57:37,196 [pool-854-thread-1] INFO  server.RaftServerConfigKeys (ConfUtils.java:logGet(46)) - raft.server.log.segment.size.max = 1048576 (custom)
2022-06-27 16:57:37,197 [pool-854-thread-1] INFO  server.RaftServerConfigKeys (ConfUtils.java:logGet(46)) - raft.server.log.segment.cache.num.max = 2 (custom)
2022-06-27 16:57:37,197 [pool-854-thread-1] INFO  server.RaftServerConfigKeys (ConfUtils.java:logGet(46)) - raft.server.log.segment.cache.size.max = 200MB (=209715200) (default)
2022-06-27 16:57:37,197 [pool-854-thread-1] INFO  segmented.SegmentedRaftLogWorker (SegmentedRaftLogWorker.java:<init>(187)) - new 59b1e939-7f3e-448e-a48d-ff530bcc538d@group-F76DDF9E5011-SegmentedRaftLogWorker for RaftStorageImpl:Storage Directory /home/runner/work/ozone/ozone/hadoop-ozone/integration-test/target/test-dir/MiniOzoneClusterImpl-5ad2835d-edcb-4821-8976-9d3b57c406ad/datanode-1/data/ratis/74bc0608-407d-488f-bcbd-f76ddf9e5011
2022-06-27 16:57:37,197 [pool-854-thread-1] INFO  server.RaftServerConfigKeys (ConfUtils.java:logGet(46)) - raft.server.log.queue.byte-limit = 4294967296 (custom)
2022-06-27 16:57:37,197 [pool-854-thread-1] INFO  server.RaftServerConfigKeys (ConfUtils.java:logGet(46)) - raft.server.log.queue.element-limit = 1024 (custom)
2022-06-27 16:57:37,197 [pool-854-thread-1] INFO  server.RaftServerConfigKeys (ConfUtils.java:logGet(46)) - raft.server.log.segment.size.max = 1048576 (custom)
2022-06-27 16:57:37,197 [pool-854-thread-1] INFO  server.RaftServerConfigKeys (ConfUtils.java:logGet(46)) - raft.server.log.preallocated.size = 16384 (custom)
2022-06-27 16:57:37,197 [pool-854-thread-1] INFO  server.RaftServerConfigKeys (ConfUtils.java:logGet(46)) - raft.server.log.force.sync.num = 128 (default)
2022-06-27 16:57:37,197 [pool-854-thread-1] INFO  server.RaftServerConfigKeys (ConfUtils.java:logGet(46)) - raft.server.log.statemachine.data.sync = true (default)
2022-06-27 16:57:37,197 [pool-854-thread-1] INFO  server.RaftServerConfigKeys (ConfUtils.java:logGet(46)) - raft.server.log.statemachine.data.sync.timeout = 10s (default)
2022-06-27 16:57:37,197 [pool-854-thread-1] INFO  server.RaftServerConfigKeys (ConfUtils.java:logGet(46)) - raft.server.log.statemachine.data.sync.timeout.retry = -1 (default)
2022-06-27 16:57:37,198 [pool-854-thread-1] INFO  server.RaftServerConfigKeys (ConfUtils.java:logGet(46)) - raft.server.log.write.buffer.size = 1048576 (custom)
2022-06-27 16:57:37,199 [pool-854-thread-1] INFO  server.RaftServerConfigKeys (ConfUtils.java:logGet(46)) - raft.server.log.unsafe-flush.enabled = false (default)
2022-06-27 16:57:37,199 [pool-854-thread-1] INFO  server.RaftServerConfigKeys (ConfUtils.java:logGet(46)) - raft.server.log.statemachine.data.caching.enabled = true (custom)
2022-06-27 16:57:37,199 [pool-854-thread-1] INFO  segmented.SegmentedRaftLogWorker (SegmentedRaftLogWorker.java:lambda$new$0(135)) - 59b1e939-7f3e-448e-a48d-ff530bcc538d@group-F76DDF9E5011-SegmentedRaftLogWorker: flushIndex: setUnconditionally 0 -> -1
2022-06-27 16:57:37,199 [pool-854-thread-1] INFO  segmented.SegmentedRaftLogWorker (SegmentedRaftLogWorker.java:lambda$new$0(135)) - 59b1e939-7f3e-448e-a48d-ff530bcc538d@group-F76DDF9E5011-SegmentedRaftLogWorker: safeCacheEvictIndex: setUnconditionally 0 -> -1
2022-06-27 16:57:37,210 [pool-854-thread-1] INFO  server.RaftServerConfigKeys (ConfUtils.java:logGet(46)) - raft.server.snapshot.auto.trigger.enabled = true (custom)
2022-06-27 16:57:37,210 [pool-854-thread-1] INFO  server.RaftServerConfigKeys (ConfUtils.java:logGet(46)) - raft.server.snapshot.auto.trigger.threshold = 10000 (custom)
2022-06-27 16:57:37,210 [pool-854-thread-1] INFO  server.RaftServerConfigKeys (ConfUtils.java:logGet(46)) - raft.server.snapshot.retention.file.num = 5 (custom)
2022-06-27 16:57:37,210 [pool-854-thread-1] INFO  server.RaftServerConfigKeys (ConfUtils.java:logGet(46)) - raft.server.log.purge.upto.snapshot.index = false (default)
2022-06-27 16:57:37,210 [pool-854-thread-1] INFO  server.RaftServerConfigKeys (ConfUtils.java:logGet(46)) - raft.server.retrycache.expirytime = 600000ms (custom)
2022-06-27 16:57:37,210 [pool-854-thread-1] INFO  server.RaftServerConfigKeys (ConfUtils.java:logGet(46)) - raft.server.retrycache.statistics.expirytime = 100μs (default)
2022-06-27 16:57:37,212 [pool-854-thread-1] INFO  server.RaftServerConfigKeys (ConfUtils.java:logGet(46)) - raft.server.log.appender.install.snapshot.enabled = false (custom)
2022-06-27 16:57:37,212 [pool-854-thread-1] INFO  server.RaftServerConfigKeys (ConfUtils.java:logGet(46)) - raft.server.threadpool.server.cached = true (default)
2022-06-27 16:57:37,212 [pool-854-thread-1] INFO  server.RaftServerConfigKeys (ConfUtils.java:logGet(46)) - raft.server.threadpool.server.size = 0 (default)
2022-06-27 16:57:37,212 [pool-854-thread-1] INFO  server.RaftServerConfigKeys (ConfUtils.java:logGet(46)) - raft.server.threadpool.client.cached = true (default)
2022-06-27 16:57:37,212 [pool-854-thread-1] INFO  server.RaftServerConfigKeys (ConfUtils.java:logGet(46)) - raft.server.threadpool.client.size = 0 (default)
2022-06-27 16:57:37,212 [pool-854-thread-1] INFO  server.RaftServer$Division (RaftServerImpl.java:start(310)) - 59b1e939-7f3e-448e-a48d-ff530bcc538d@group-F76DDF9E5011: start as a follower, conf=-1: [dcd286b6-9f7a-4746-8dc4-f6b4b45daddf|rpc:10.1.0.22:37187|priority:0, 59b1e939-7f3e-448e-a48d-ff530bcc538d|rpc:10.1.0.22:33279|priority:1, d50766be-5aa0-4516-a336-dcc66469e2a8|rpc:10.1.0.22:40223|priority:0], old=null
2022-06-27 16:57:37,212 [pool-854-thread-1] INFO  server.RaftServer$Division (RaftServerImpl.java:setRole(299)) - 59b1e939-7f3e-448e-a48d-ff530bcc538d@group-F76DDF9E5011: changes role from      null to FOLLOWER at term 0 for startAsFollower
2022-06-27 16:57:37,212 [pool-854-thread-1] INFO  impl.RoleInfo (RoleInfo.java:updateAndGet(139)) - 59b1e939-7f3e-448e-a48d-ff530bcc538d: start 59b1e939-7f3e-448e-a48d-ff530bcc538d@group-F76DDF9E5011-FollowerState
2022-06-27 16:57:37,225 [pool-854-thread-1] INFO  util.JmxRegister (JmxRegister.java:tryRegister(44)) - Successfully registered JMX Bean with object name Ratis:service=RaftServer,group=group-F76DDF9E5011,id=59b1e939-7f3e-448e-a48d-ff530bcc538d
2022-06-27 16:57:37,225 [pool-877-thread-1] INFO  server.RaftServerConfigKeys (ConfUtils.java:logGet(46)) - raft.server.snapshot.auto.trigger.enabled = true (custom)
2022-06-27 16:57:37,225 [pool-877-thread-1] INFO  server.RaftServerConfigKeys (ConfUtils.java:logGet(46)) - raft.server.snapshot.auto.trigger.threshold = 10000 (custom)
2022-06-27 16:57:37,225 [pool-877-thread-1] INFO  server.RaftServerConfigKeys (ConfUtils.java:logGet(46)) - raft.server.snapshot.retention.file.num = 5 (custom)
2022-06-27 16:57:37,225 [pool-877-thread-1] INFO  server.RaftServerConfigKeys (ConfUtils.java:logGet(46)) - raft.server.log.purge.upto.snapshot.index = false (default)
2022-06-27 16:57:37,225 [pool-877-thread-1] INFO  server.RaftServerConfigKeys (ConfUtils.java:logGet(46)) - raft.server.retrycache.expirytime = 600000ms (custom)
2022-06-27 16:57:37,225 [pool-877-thread-1] INFO  server.RaftServerConfigKeys (ConfUtils.java:logGet(46)) - raft.server.retrycache.statistics.expirytime = 100μs (default)
2022-06-27 16:57:37,225 [Command processor thread] INFO  ratis.XceiverServerRatis (XceiverServerRatis.java:addGroup(765)) - Created group PipelineID=74bc0608-407d-488f-bcbd-f76ddf9e5011
2022-06-27 16:57:37,226 [pool-877-thread-1] INFO  server.RaftServerConfigKeys (ConfUtils.java:logGet(46)) - raft.server.log.appender.install.snapshot.enabled = false (custom)
2022-06-27 16:57:37,226 [pool-877-thread-1] INFO  server.RaftServerConfigKeys (ConfUtils.java:logGet(46)) - raft.server.threadpool.server.cached = true (default)
2022-06-27 16:57:37,226 [pool-877-thread-1] INFO  server.RaftServerConfigKeys (ConfUtils.java:logGet(46)) - raft.server.threadpool.server.size = 0 (default)
2022-06-27 16:57:37,226 [pool-877-thread-1] INFO  server.RaftServerConfigKeys (ConfUtils.java:logGet(46)) - raft.server.threadpool.client.cached = true (default)
2022-06-27 16:57:37,226 [pool-877-thread-1] INFO  server.RaftServerConfigKeys (ConfUtils.java:logGet(46)) - raft.server.threadpool.client.size = 0 (default)
2022-06-27 16:57:37,226 [pool-877-thread-1] INFO  server.RaftServer$Division (RaftServerImpl.java:start(310)) - dcd286b6-9f7a-4746-8dc4-f6b4b45daddf@group-F76DDF9E5011: start as a follower, conf=-1: [dcd286b6-9f7a-4746-8dc4-f6b4b45daddf|rpc:10.1.0.22:37187|dataStream:|priority:0, 59b1e939-7f3e-448e-a48d-ff530bcc538d|rpc:10.1.0.22:33279|dataStream:|priority:1, d50766be-5aa0-4516-a336-dcc66469e2a8|rpc:10.1.0.22:40223|dataStream:|priority:0], old=null
2022-06-27 16:57:37,226 [pool-877-thread-1] INFO  server.RaftServer$Division (RaftServerImpl.java:setRole(299)) - dcd286b6-9f7a-4746-8dc4-f6b4b45daddf@group-F76DDF9E5011: changes role from      null to FOLLOWER at term 0 for startAsFollower
2022-06-27 16:57:37,227 [pool-877-thread-1] INFO  impl.RoleInfo (RoleInfo.java:updateAndGet(139)) - dcd286b6-9f7a-4746-8dc4-f6b4b45daddf: start dcd286b6-9f7a-4746-8dc4-f6b4b45daddf@group-F76DDF9E5011-FollowerState
2022-06-27 16:57:37,229 [pool-877-thread-1] INFO  util.JmxRegister (JmxRegister.java:tryRegister(44)) - Successfully registered JMX Bean with object name Ratis:service=RaftServer,group=group-F76DDF9E5011,id=dcd286b6-9f7a-4746-8dc4-f6b4b45daddf
2022-06-27 16:57:37,289 [EventQueue-PipelineReportForPipelineReportHandler] INFO  pipeline.PipelineManagerImpl (PipelineManagerImpl.java:openPipeline(358)) - Pipeline Pipeline[ Id: fbaa2a87-678f-4996-8961-6cf8b04c718f, Nodes: 59b1e939-7f3e-448e-a48d-ff530bcc538d{ip: 10.1.0.22, host: fv-az215-30.fk02tkdpp51uda4i120yanydqb.bx.internal.cloudapp.net, ports: [REPLICATION=42155, RATIS=33279, RATIS_ADMIN=33279, RATIS_SERVER=33279, STANDALONE=39669], networkLocation: /default-rack, certSerialId: null, persistedOpState: IN_SERVICE, persistedOpStateExpiryEpochSec: 0}, ReplicationConfig: RATIS/ONE, State:ALLOCATED, leaderId:59b1e939-7f3e-448e-a48d-ff530bcc538d, CreationTimestamp2022-06-27T16:57:34.225Z[Etc/UTC]] moved to OPEN state
2022-06-27 16:57:37,289 [EventQueue-OpenPipelineForHealthyPipelineSafeModeRule] INFO  safemode.SCMSafeModeManager (HealthyPipelineSafeModeRule.java:process(124)) - SCM in safe mode. Healthy pipelines reported count is 0, required healthy pipeline reported count is 1
2022-06-27 16:57:37,485 [Listener at 127.0.0.1/40965] INFO  ozone.MiniOzoneClusterImpl (MiniOzoneClusterImpl.java:lambda$waitForClusterToBeReady$0(223)) - Waiting for nodes to be ready. Got 4 of 5 DN Heartbeats.
2022-06-27 16:57:37,485 [Listener at 127.0.0.1/40965] INFO  ozone.MiniOzoneClusterImpl (MiniOzoneClusterImpl.java:lambda$waitForClusterToBeReady$0(226)) - Waiting for cluster to exit safe mode
2022-06-27 16:57:37,485 [Listener at 127.0.0.1/40965] INFO  ozone.MiniOzoneClusterImpl (MiniOzoneClusterImpl.java:lambda$waitForClusterToBeReady$0(228)) - SCM became leader
2022-06-27 16:57:37,588 [Command processor thread] INFO  commandhandler.CreatePipelineCommandHandler (CreatePipelineCommandHandler.java:handle(113)) - Created Pipeline RATIS THREE PipelineID=74bc0608-407d-488f-bcbd-f76ddf9e5011.
2022-06-27 16:57:37,589 [Command processor thread] INFO  server.RaftServer (RaftServerProxy.java:addNew(96)) - d50766be-5aa0-4516-a336-dcc66469e2a8: addNew group-9F43F2F298D9:[dcd286b6-9f7a-4746-8dc4-f6b4b45daddf|rpc:10.1.0.22:37187|priority:1, 59b1e939-7f3e-448e-a48d-ff530bcc538d|rpc:10.1.0.22:33279|priority:0, d50766be-5aa0-4516-a336-dcc66469e2a8|rpc:10.1.0.22:40223|priority:0] returns group-9F43F2F298D9:java.util.concurrent.CompletableFuture@15fbbec1[Not completed]
2022-06-27 16:57:37,593 [pool-831-thread-1] INFO  server.RaftServer$Division (RaftServerImpl.java:<init>(190)) - d50766be-5aa0-4516-a336-dcc66469e2a8: new RaftServerImpl for group-9F43F2F298D9:[dcd286b6-9f7a-4746-8dc4-f6b4b45daddf|rpc:10.1.0.22:37187|priority:1, 59b1e939-7f3e-448e-a48d-ff530bcc538d|rpc:10.1.0.22:33279|priority:0, d50766be-5aa0-4516-a336-dcc66469e2a8|rpc:10.1.0.22:40223|priority:0] with ContainerStateMachine:uninitialized
2022-06-27 16:57:37,593 [pool-831-thread-1] INFO  server.RaftServerConfigKeys (ConfUtils.java:logGet(46)) - raft.server.rpc.timeout.min = 5s (custom)
2022-06-27 16:57:37,593 [pool-831-thread-1] INFO  server.RaftServerConfigKeys (ConfUtils.java:logGet(46)) - raft.server.rpc.timeout.max = 5200ms (custom)
2022-06-27 16:57:37,593 [pool-831-thread-1] INFO  server.RaftServerConfigKeys (ConfUtils.java:logGet(46)) - raft.server.rpc.sleep.time = 25ms (default)
2022-06-27 16:57:37,594 [pool-831-thread-1] INFO  server.RaftServerConfigKeys (ConfUtils.java:logGet(46)) - raft.server.rpc.slowness.timeout = 300s (custom)
2022-06-27 16:57:37,594 [pool-831-thread-1] INFO  server.RaftServerConfigKeys (ConfUtils.java:logGet(46)) - raft.server.leaderelection.leader.step-down.wait-time = 10s (default)
2022-06-27 16:57:37,594 [pool-831-thread-1] INFO  server.RaftServerConfigKeys (ConfUtils.java:logGet(46)) - raft.server.sleep.deviation.threshold = 300ms (default)
2022-06-27 16:57:37,594 [pool-831-thread-1] INFO  server.RaftServer$Division (ServerState.java:<init>(107)) - d50766be-5aa0-4516-a336-dcc66469e2a8@group-9F43F2F298D9: ConfigurationManager, init=-1: [dcd286b6-9f7a-4746-8dc4-f6b4b45daddf|rpc:10.1.0.22:37187|priority:1, 59b1e939-7f3e-448e-a48d-ff530bcc538d|rpc:10.1.0.22:33279|priority:0, d50766be-5aa0-4516-a336-dcc66469e2a8|rpc:10.1.0.22:40223|priority:0], old=null, confs=<EMPTY_MAP>
2022-06-27 16:57:37,594 [pool-831-thread-1] INFO  server.RaftServerConfigKeys (ConfUtils.java:logGet(46)) - raft.server.storage.dir = [/home/runner/work/ozone/ozone/hadoop-ozone/integration-test/target/test-dir/MiniOzoneClusterImpl-5ad2835d-edcb-4821-8976-9d3b57c406ad/datanode-0/data/ratis] (custom)
2022-06-27 16:57:37,594 [pool-831-thread-1] INFO  server.RaftServerConfigKeys (ConfUtils.java:logGet(46)) - raft.server.log.corruption.policy = EXCEPTION (default)
2022-06-27 16:57:37,594 [pool-831-thread-1] INFO  server.RaftServerConfigKeys (ConfUtils.java:logGet(46)) - raft.server.storage.free-space.min = 0MB (=0) (default)
2022-06-27 16:57:37,594 [pool-831-thread-1] INFO  storage.RaftStorageDirectory (RaftStorageDirectoryImpl.java:analyzeStorage(135)) - The storage directory /home/runner/work/ozone/ozone/hadoop-ozone/integration-test/target/test-dir/MiniOzoneClusterImpl-5ad2835d-edcb-4821-8976-9d3b57c406ad/datanode-0/data/ratis/4d3056c5-5555-4656-80dd-9f43f2f298d9 does not exist. Creating ...
2022-06-27 16:57:37,599 [pool-831-thread-1] INFO  storage.RaftStorageDirectory (RaftStorageDirectoryImpl.java:tryLock(230)) - Lock on /home/runner/work/ozone/ozone/hadoop-ozone/integration-test/target/test-dir/MiniOzoneClusterImpl-5ad2835d-edcb-4821-8976-9d3b57c406ad/datanode-0/data/ratis/4d3056c5-5555-4656-80dd-9f43f2f298d9/in_use.lock acquired by nodename 16603@fv-az215-30
2022-06-27 16:57:37,600 [IPC Server handler 0 on default port 45983] INFO  net.NetworkTopologyImpl (NetworkTopologyImpl.java:add(112)) - Added a new node: /default-rack/76a7023e-6ffd-4858-9dde-5e5449f270f0
2022-06-27 16:57:37,601 [IPC Server handler 0 on default port 45983] INFO  node.SCMNodeManager (SCMNodeManager.java:register(397)) - Registered Data node : 76a7023e-6ffd-4858-9dde-5e5449f270f0{ip: 10.1.0.22, host: fv-az215-30.fk02tkdpp51uda4i120yanydqb.bx.internal.cloudapp.net, ports: [REPLICATION=38361, RATIS=44129, RATIS_ADMIN=44129, RATIS_SERVER=44129, STANDALONE=35663], networkLocation: /default-rack, certSerialId: null, persistedOpState: null, persistedOpStateExpiryEpochSec: 0}
2022-06-27 16:57:37,601 [pool-831-thread-1] INFO  storage.RaftStorage (RaftStorageImpl.java:format(89)) - Storage directory /home/runner/work/ozone/ozone/hadoop-ozone/integration-test/target/test-dir/MiniOzoneClusterImpl-5ad2835d-edcb-4821-8976-9d3b57c406ad/datanode-0/data/ratis/4d3056c5-5555-4656-80dd-9f43f2f298d9 has been successfully formatted.
2022-06-27 16:57:37,601 [EventQueue-NewNodeForNewNodeHandler] INFO  pipeline.BackgroundPipelineCreator (BackgroundPipelineCreator.java:notifyEventTriggered(275)) - trigger a one-shot run on RatisPipelineUtilsThread.
2022-06-27 16:57:37,601 [RatisPipelineUtilsThread - 0] INFO  pipeline.RatisPipelineProvider (RatisPipelineProvider.java:lambda$create$0(195)) - Sending CreatePipelineCommand for pipeline:PipelineID=b5fe7ef2-7f80-4852-9c76-73fbe81ba22c to datanode:76a7023e-6ffd-4858-9dde-5e5449f270f0
2022-06-27 16:57:37,602 [RatisPipelineUtilsThread - 0] INFO  pipeline.PipelineStateManagerImpl (PipelineStateManagerImpl.java:addPipeline(101)) - Created pipeline Pipeline[ Id: b5fe7ef2-7f80-4852-9c76-73fbe81ba22c, Nodes: 76a7023e-6ffd-4858-9dde-5e5449f270f0{ip: 10.1.0.22, host: fv-az215-30.fk02tkdpp51uda4i120yanydqb.bx.internal.cloudapp.net, ports: [REPLICATION=38361, RATIS=44129, RATIS_ADMIN=44129, RATIS_SERVER=44129, STANDALONE=35663], networkLocation: /default-rack, certSerialId: null, persistedOpState: IN_SERVICE, persistedOpStateExpiryEpochSec: 0}, ReplicationConfig: RATIS/ONE, State:ALLOCATED, leaderId:, CreationTimestamp2022-06-27T16:57:37.601Z[Etc/UTC]].
2022-06-27 16:57:37,602 [pool-831-thread-1] INFO  ratis.ContainerStateMachine (ContainerStateMachine.java:loadSnapshot(236)) - group-9F43F2F298D9: The snapshot info is null. Setting the last applied indexto:(t:0, i:~)
2022-06-27 16:57:37,602 [pool-831-thread-1] INFO  server.RaftServerConfigKeys (ConfUtils.java:logGet(46)) - raft.server.notification.no-leader.timeout = 300s (custom)
2022-06-27 16:57:37,603 [pool-831-thread-1] INFO  server.RaftServerConfigKeys (ConfUtils.java:logGet(46)) - raft.server.log.use.memory = false (default)
2022-06-27 16:57:37,603 [pool-831-thread-1] INFO  server.RaftServerConfigKeys (ConfUtils.java:logGet(46)) - raft.server.log.purge.gap = 1000000 (custom)
2022-06-27 16:57:37,603 [pool-831-thread-1] INFO  server.RaftServerConfigKeys (ConfUtils.java:logGet(46)) - raft.server.log.appender.buffer.byte-limit = 33554432 (custom)
2022-06-27 16:57:37,603 [pool-831-thread-1] INFO  server.RaftServerConfigKeys (ConfUtils.java:logGet(46)) - raft.server.log.statemachine.data.read.timeout = 1000ms (default)
2022-06-27 16:57:37,603 [pool-831-thread-1] INFO  server.RaftServerConfigKeys (ConfUtils.java:logGet(46)) - raft.server.log.segment.size.max = 1048576 (custom)
2022-06-27 16:57:37,603 [pool-831-thread-1] INFO  server.RaftServerConfigKeys (ConfUtils.java:logGet(46)) - raft.server.log.segment.cache.num.max = 2 (custom)
2022-06-27 16:57:37,603 [pool-831-thread-1] INFO  server.RaftServerConfigKeys (ConfUtils.java:logGet(46)) - raft.server.log.segment.cache.size.max = 200MB (=209715200) (default)
2022-06-27 16:57:37,603 [pool-831-thread-1] INFO  segmented.SegmentedRaftLogWorker (SegmentedRaftLogWorker.java:<init>(187)) - new d50766be-5aa0-4516-a336-dcc66469e2a8@group-9F43F2F298D9-SegmentedRaftLogWorker for RaftStorageImpl:Storage Directory /home/runner/work/ozone/ozone/hadoop-ozone/integration-test/target/test-dir/MiniOzoneClusterImpl-5ad2835d-edcb-4821-8976-9d3b57c406ad/datanode-0/data/ratis/4d3056c5-5555-4656-80dd-9f43f2f298d9
2022-06-27 16:57:37,603 [pool-831-thread-1] INFO  server.RaftServerConfigKeys (ConfUtils.java:logGet(46)) - raft.server.log.queue.byte-limit = 4294967296 (custom)
2022-06-27 16:57:37,603 [pool-831-thread-1] INFO  server.RaftServerConfigKeys (ConfUtils.java:logGet(46)) - raft.server.log.queue.element-limit = 1024 (custom)
2022-06-27 16:57:37,603 [pool-831-thread-1] INFO  server.RaftServerConfigKeys (ConfUtils.java:logGet(46)) - raft.server.log.segment.size.max = 1048576 (custom)
2022-06-27 16:57:37,603 [pool-831-thread-1] INFO  server.RaftServerConfigKeys (ConfUtils.java:logGet(46)) - raft.server.log.preallocated.size = 16384 (custom)
2022-06-27 16:57:37,603 [pool-831-thread-1] INFO  server.RaftServerConfigKeys (ConfUtils.java:logGet(46)) - raft.server.log.force.sync.num = 128 (default)
2022-06-27 16:57:37,603 [pool-831-thread-1] INFO  server.RaftServerConfigKeys (ConfUtils.java:logGet(46)) - raft.server.log.statemachine.data.sync = true (default)
2022-06-27 16:57:37,604 [pool-831-thread-1] INFO  server.RaftServerConfigKeys (ConfUtils.java:logGet(46)) - raft.server.log.statemachine.data.sync.timeout = 10s (default)
2022-06-27 16:57:37,604 [pool-831-thread-1] INFO  server.RaftServerConfigKeys (ConfUtils.java:logGet(46)) - raft.server.log.statemachine.data.sync.timeout.retry = -1 (default)
2022-06-27 16:57:37,604 [pool-831-thread-1] INFO  server.RaftServerConfigKeys (ConfUtils.java:logGet(46)) - raft.server.log.write.buffer.size = 1048576 (custom)
2022-06-27 16:57:37,605 [EventQueue-OpenPipelineForHealthyPipelineSafeModeRule] INFO  safemode.SCMSafeModeManager (HealthyPipelineSafeModeRule.java:process(124)) - SCM in safe mode. Healthy pipelines reported count is 0, required healthy pipeline reported count is 1
2022-06-27 16:57:37,625 [pool-831-thread-1] INFO  server.RaftServerConfigKeys (ConfUtils.java:logGet(46)) - raft.server.log.unsafe-flush.enabled = false (default)
2022-06-27 16:57:37,625 [pool-831-thread-1] INFO  server.RaftServerConfigKeys (ConfUtils.java:logGet(46)) - raft.server.log.statemachine.data.caching.enabled = true (custom)
2022-06-27 16:57:37,625 [pool-831-thread-1] INFO  segmented.SegmentedRaftLogWorker (SegmentedRaftLogWorker.java:lambda$new$0(135)) - d50766be-5aa0-4516-a336-dcc66469e2a8@group-9F43F2F298D9-SegmentedRaftLogWorker: flushIndex: setUnconditionally 0 -> -1
2022-06-27 16:57:37,625 [pool-831-thread-1] INFO  segmented.SegmentedRaftLogWorker (SegmentedRaftLogWorker.java:lambda$new$0(135)) - d50766be-5aa0-4516-a336-dcc66469e2a8@group-9F43F2F298D9-SegmentedRaftLogWorker: safeCacheEvictIndex: setUnconditionally 0 -> -1
2022-06-27 16:57:37,633 [pool-831-thread-1] INFO  server.RaftServerConfigKeys (ConfUtils.java:logGet(46)) - raft.server.snapshot.auto.trigger.enabled = true (custom)
2022-06-27 16:57:37,633 [pool-831-thread-1] INFO  server.RaftServerConfigKeys (ConfUtils.java:logGet(46)) - raft.server.snapshot.auto.trigger.threshold = 10000 (custom)
2022-06-27 16:57:37,633 [pool-831-thread-1] INFO  server.RaftServerConfigKeys (ConfUtils.java:logGet(46)) - raft.server.snapshot.retention.file.num = 5 (custom)
2022-06-27 16:57:37,633 [pool-831-thread-1] INFO  server.RaftServerConfigKeys (ConfUtils.java:logGet(46)) - raft.server.log.purge.upto.snapshot.index = false (default)
2022-06-27 16:57:37,633 [pool-831-thread-1] INFO  server.RaftServerConfigKeys (ConfUtils.java:logGet(46)) - raft.server.retrycache.expirytime = 600000ms (custom)
2022-06-27 16:57:37,633 [pool-831-thread-1] INFO  server.RaftServerConfigKeys (ConfUtils.java:logGet(46)) - raft.server.retrycache.statistics.expirytime = 100μs (default)
2022-06-27 16:57:37,655 [pool-831-thread-1] INFO  server.RaftServerConfigKeys (ConfUtils.java:logGet(46)) - raft.server.log.appender.install.snapshot.enabled = false (custom)
2022-06-27 16:57:37,655 [pool-831-thread-1] INFO  server.RaftServerConfigKeys (ConfUtils.java:logGet(46)) - raft.server.threadpool.server.cached = true (default)
2022-06-27 16:57:37,655 [pool-831-thread-1] INFO  server.RaftServerConfigKeys (ConfUtils.java:logGet(46)) - raft.server.threadpool.server.size = 0 (default)
2022-06-27 16:57:37,655 [pool-831-thread-1] INFO  server.RaftServerConfigKeys (ConfUtils.java:logGet(46)) - raft.server.threadpool.client.cached = true (default)
2022-06-27 16:57:37,655 [pool-831-thread-1] INFO  server.RaftServerConfigKeys (ConfUtils.java:logGet(46)) - raft.server.threadpool.client.size = 0 (default)
2022-06-27 16:57:37,655 [pool-831-thread-1] INFO  server.RaftServer$Division (RaftServerImpl.java:start(310)) - d50766be-5aa0-4516-a336-dcc66469e2a8@group-9F43F2F298D9: start as a follower, conf=-1: [dcd286b6-9f7a-4746-8dc4-f6b4b45daddf|rpc:10.1.0.22:37187|priority:1, 59b1e939-7f3e-448e-a48d-ff530bcc538d|rpc:10.1.0.22:33279|priority:0, d50766be-5aa0-4516-a336-dcc66469e2a8|rpc:10.1.0.22:40223|priority:0], old=null
2022-06-27 16:57:37,655 [pool-831-thread-1] INFO  server.RaftServer$Division (RaftServerImpl.java:setRole(299)) - d50766be-5aa0-4516-a336-dcc66469e2a8@group-9F43F2F298D9: changes role from      null to FOLLOWER at term 0 for startAsFollower
2022-06-27 16:57:37,656 [pool-831-thread-1] INFO  impl.RoleInfo (RoleInfo.java:updateAndGet(139)) - d50766be-5aa0-4516-a336-dcc66469e2a8: start d50766be-5aa0-4516-a336-dcc66469e2a8@group-9F43F2F298D9-FollowerState
2022-06-27 16:57:37,669 [pool-831-thread-1] INFO  util.JmxRegister (JmxRegister.java:tryRegister(44)) - Successfully registered JMX Bean with object name Ratis:service=RaftServer,group=group-9F43F2F298D9,id=d50766be-5aa0-4516-a336-dcc66469e2a8
2022-06-27 16:57:37,677 [Command processor thread] INFO  ratis.XceiverServerRatis (XceiverServerRatis.java:addGroup(765)) - Created group PipelineID=4d3056c5-5555-4656-80dd-9f43f2f298d9
2022-06-27 16:57:37,749 [grpc-default-executor-0] INFO  server.RaftServer (RaftServerProxy.java:addNew(96)) - dcd286b6-9f7a-4746-8dc4-f6b4b45daddf: addNew group-9F43F2F298D9:[dcd286b6-9f7a-4746-8dc4-f6b4b45daddf|rpc:10.1.0.22:37187|dataStream:|priority:1, 59b1e939-7f3e-448e-a48d-ff530bcc538d|rpc:10.1.0.22:33279|dataStream:|priority:0, d50766be-5aa0-4516-a336-dcc66469e2a8|rpc:10.1.0.22:40223|dataStream:|priority:0] returns group-9F43F2F298D9:java.util.concurrent.CompletableFuture@14cf73b2[Not completed]
2022-06-27 16:57:37,750 [pool-877-thread-1] INFO  server.RaftServer$Division (RaftServerImpl.java:<init>(190)) - dcd286b6-9f7a-4746-8dc4-f6b4b45daddf: new RaftServerImpl for group-9F43F2F298D9:[dcd286b6-9f7a-4746-8dc4-f6b4b45daddf|rpc:10.1.0.22:37187|dataStream:|priority:1, 59b1e939-7f3e-448e-a48d-ff530bcc538d|rpc:10.1.0.22:33279|dataStream:|priority:0, d50766be-5aa0-4516-a336-dcc66469e2a8|rpc:10.1.0.22:40223|dataStream:|priority:0] with ContainerStateMachine:uninitialized
2022-06-27 16:57:37,750 [pool-877-thread-1] INFO  server.RaftServerConfigKeys (ConfUtils.java:logGet(46)) - raft.server.rpc.timeout.min = 5s (custom)
2022-06-27 16:57:37,750 [pool-877-thread-1] INFO  server.RaftServerConfigKeys (ConfUtils.java:logGet(46)) - raft.server.rpc.timeout.max = 5200ms (custom)
2022-06-27 16:57:37,750 [pool-877-thread-1] INFO  server.RaftServerConfigKeys (ConfUtils.java:logGet(46)) - raft.server.rpc.sleep.time = 25ms (default)
2022-06-27 16:57:37,750 [pool-877-thread-1] INFO  server.RaftServerConfigKeys (ConfUtils.java:logGet(46)) - raft.server.rpc.slowness.timeout = 300s (custom)
2022-06-27 16:57:37,750 [pool-877-thread-1] INFO  server.RaftServerConfigKeys (ConfUtils.java:logGet(46)) - raft.server.leaderelection.leader.step-down.wait-time = 10s (default)
2022-06-27 16:57:37,750 [pool-877-thread-1] INFO  server.RaftServerConfigKeys (ConfUtils.java:logGet(46)) - raft.server.sleep.deviation.threshold = 300ms (default)
2022-06-27 16:57:37,750 [pool-877-thread-1] INFO  server.RaftServer$Division (ServerState.java:<init>(107)) - dcd286b6-9f7a-4746-8dc4-f6b4b45daddf@group-9F43F2F298D9: ConfigurationManager, init=-1: [dcd286b6-9f7a-4746-8dc4-f6b4b45daddf|rpc:10.1.0.22:37187|dataStream:|priority:1, 59b1e939-7f3e-448e-a48d-ff530bcc538d|rpc:10.1.0.22:33279|dataStream:|priority:0, d50766be-5aa0-4516-a336-dcc66469e2a8|rpc:10.1.0.22:40223|dataStream:|priority:0], old=null, confs=<EMPTY_MAP>
2022-06-27 16:57:37,750 [pool-877-thread-1] INFO  server.RaftServerConfigKeys (ConfUtils.java:logGet(46)) - raft.server.storage.dir = [/home/runner/work/ozone/ozone/hadoop-ozone/integration-test/target/test-dir/MiniOzoneClusterImpl-5ad2835d-edcb-4821-8976-9d3b57c406ad/datanode-2/data/ratis] (custom)
2022-06-27 16:57:37,750 [pool-877-thread-1] INFO  server.RaftServerConfigKeys (ConfUtils.java:logGet(46)) - raft.server.log.corruption.policy = EXCEPTION (default)
2022-06-27 16:57:37,750 [pool-877-thread-1] INFO  server.RaftServerConfigKeys (ConfUtils.java:logGet(46)) - raft.server.storage.free-space.min = 0MB (=0) (default)
2022-06-27 16:57:37,750 [pool-877-thread-1] INFO  storage.RaftStorageDirectory (RaftStorageDirectoryImpl.java:analyzeStorage(135)) - The storage directory /home/runner/work/ozone/ozone/hadoop-ozone/integration-test/target/test-dir/MiniOzoneClusterImpl-5ad2835d-edcb-4821-8976-9d3b57c406ad/datanode-2/data/ratis/4d3056c5-5555-4656-80dd-9f43f2f298d9 does not exist. Creating ...
2022-06-27 16:57:37,753 [pool-877-thread-1] INFO  storage.RaftStorageDirectory (RaftStorageDirectoryImpl.java:tryLock(230)) - Lock on /home/runner/work/ozone/ozone/hadoop-ozone/integration-test/target/test-dir/MiniOzoneClusterImpl-5ad2835d-edcb-4821-8976-9d3b57c406ad/datanode-2/data/ratis/4d3056c5-5555-4656-80dd-9f43f2f298d9/in_use.lock acquired by nodename 16603@fv-az215-30
2022-06-27 16:57:37,773 [Command processor thread] INFO  server.RaftServer (RaftServerProxy.java:addNew(96)) - dcd286b6-9f7a-4746-8dc4-f6b4b45daddf: addNew group-18753D44326D:[dcd286b6-9f7a-4746-8dc4-f6b4b45daddf|rpc:10.1.0.22:37187|priority:1] returns group-18753D44326D:java.util.concurrent.CompletableFuture@4732e4db[Not completed]
2022-06-27 16:57:37,805 [Command processor thread] INFO  commandhandler.CreatePipelineCommandHandler (CreatePipelineCommandHandler.java:handle(113)) - Created Pipeline RATIS THREE PipelineID=74bc0608-407d-488f-bcbd-f76ddf9e5011.
2022-06-27 16:57:37,805 [Command processor thread] INFO  server.RaftServer (RaftServerProxy.java:addNew(96)) - 59b1e939-7f3e-448e-a48d-ff530bcc538d: addNew group-9F43F2F298D9:[dcd286b6-9f7a-4746-8dc4-f6b4b45daddf|rpc:10.1.0.22:37187|priority:1, 59b1e939-7f3e-448e-a48d-ff530bcc538d|rpc:10.1.0.22:33279|priority:0, d50766be-5aa0-4516-a336-dcc66469e2a8|rpc:10.1.0.22:40223|priority:0] returns group-9F43F2F298D9:java.util.concurrent.CompletableFuture@be2e1d7[Not completed]
2022-06-27 16:57:37,806 [pool-854-thread-1] INFO  server.RaftServer$Division (RaftServerImpl.java:<init>(190)) - 59b1e939-7f3e-448e-a48d-ff530bcc538d: new RaftServerImpl for group-9F43F2F298D9:[dcd286b6-9f7a-4746-8dc4-f6b4b45daddf|rpc:10.1.0.22:37187|priority:1, 59b1e939-7f3e-448e-a48d-ff530bcc538d|rpc:10.1.0.22:33279|priority:0, d50766be-5aa0-4516-a336-dcc66469e2a8|rpc:10.1.0.22:40223|priority:0] with ContainerStateMachine:uninitialized
2022-06-27 16:57:37,806 [pool-854-thread-1] INFO  server.RaftServerConfigKeys (ConfUtils.java:logGet(46)) - raft.server.rpc.timeout.min = 5s (custom)
2022-06-27 16:57:37,806 [pool-854-thread-1] INFO  server.RaftServerConfigKeys (ConfUtils.java:logGet(46)) - raft.server.rpc.timeout.max = 5200ms (custom)
2022-06-27 16:57:37,806 [pool-854-thread-1] INFO  server.RaftServerConfigKeys (ConfUtils.java:logGet(46)) - raft.server.rpc.sleep.time = 25ms (default)
2022-06-27 16:57:37,806 [pool-854-thread-1] INFO  server.RaftServerConfigKeys (ConfUtils.java:logGet(46)) - raft.server.rpc.slowness.timeout = 300s (custom)
2022-06-27 16:57:37,806 [pool-854-thread-1] INFO  server.RaftServerConfigKeys (ConfUtils.java:logGet(46)) - raft.server.leaderelection.leader.step-down.wait-time = 10s (default)
2022-06-27 16:57:37,806 [pool-854-thread-1] INFO  server.RaftServerConfigKeys (ConfUtils.java:logGet(46)) - raft.server.sleep.deviation.threshold = 300ms (default)
2022-06-27 16:57:37,806 [pool-854-thread-1] INFO  server.RaftServer$Division (ServerState.java:<init>(107)) - 59b1e939-7f3e-448e-a48d-ff530bcc538d@group-9F43F2F298D9: ConfigurationManager, init=-1: [dcd286b6-9f7a-4746-8dc4-f6b4b45daddf|rpc:10.1.0.22:37187|priority:1, 59b1e939-7f3e-448e-a48d-ff530bcc538d|rpc:10.1.0.22:33279|priority:0, d50766be-5aa0-4516-a336-dcc66469e2a8|rpc:10.1.0.22:40223|priority:0], old=null, confs=<EMPTY_MAP>
2022-06-27 16:57:37,806 [pool-854-thread-1] INFO  server.RaftServerConfigKeys (ConfUtils.java:logGet(46)) - raft.server.storage.dir = [/home/runner/work/ozone/ozone/hadoop-ozone/integration-test/target/test-dir/MiniOzoneClusterImpl-5ad2835d-edcb-4821-8976-9d3b57c406ad/datanode-1/data/ratis] (custom)
2022-06-27 16:57:37,806 [pool-854-thread-1] INFO  server.RaftServerConfigKeys (ConfUtils.java:logGet(46)) - raft.server.log.corruption.policy = EXCEPTION (default)
2022-06-27 16:57:37,806 [pool-854-thread-1] INFO  server.RaftServerConfigKeys (ConfUtils.java:logGet(46)) - raft.server.storage.free-space.min = 0MB (=0) (default)
2022-06-27 16:57:37,806 [pool-854-thread-1] INFO  storage.RaftStorageDirectory (RaftStorageDirectoryImpl.java:analyzeStorage(135)) - The storage directory /home/runner/work/ozone/ozone/hadoop-ozone/integration-test/target/test-dir/MiniOzoneClusterImpl-5ad2835d-edcb-4821-8976-9d3b57c406ad/datanode-1/data/ratis/4d3056c5-5555-4656-80dd-9f43f2f298d9 does not exist. Creating ...
2022-06-27 16:57:37,809 [pool-854-thread-1] INFO  storage.RaftStorageDirectory (RaftStorageDirectoryImpl.java:tryLock(230)) - Lock on /home/runner/work/ozone/ozone/hadoop-ozone/integration-test/target/test-dir/MiniOzoneClusterImpl-5ad2835d-edcb-4821-8976-9d3b57c406ad/datanode-1/data/ratis/4d3056c5-5555-4656-80dd-9f43f2f298d9/in_use.lock acquired by nodename 16603@fv-az215-30
2022-06-27 16:57:37,810 [pool-877-thread-1] INFO  storage.RaftStorage (RaftStorageImpl.java:format(89)) - Storage directory /home/runner/work/ozone/ozone/hadoop-ozone/integration-test/target/test-dir/MiniOzoneClusterImpl-5ad2835d-edcb-4821-8976-9d3b57c406ad/datanode-2/data/ratis/4d3056c5-5555-4656-80dd-9f43f2f298d9 has been successfully formatted.
2022-06-27 16:57:37,810 [pool-877-thread-1] INFO  ratis.ContainerStateMachine (ContainerStateMachine.java:loadSnapshot(236)) - group-9F43F2F298D9: The snapshot info is null. Setting the last applied indexto:(t:0, i:~)
2022-06-27 16:57:37,810 [pool-877-thread-1] INFO  server.RaftServerConfigKeys (ConfUtils.java:logGet(46)) - raft.server.notification.no-leader.timeout = 300s (custom)
2022-06-27 16:57:37,810 [pool-877-thread-1] INFO  server.RaftServerConfigKeys (ConfUtils.java:logGet(46)) - raft.server.log.use.memory = false (default)
2022-06-27 16:57:37,810 [pool-877-thread-1] INFO  server.RaftServerConfigKeys (ConfUtils.java:logGet(46)) - raft.server.log.purge.gap = 1000000 (custom)
2022-06-27 16:57:37,810 [pool-877-thread-1] INFO  server.RaftServerConfigKeys (ConfUtils.java:logGet(46)) - raft.server.log.appender.buffer.byte-limit = 33554432 (custom)
2022-06-27 16:57:37,810 [pool-877-thread-1] INFO  server.RaftServerConfigKeys (ConfUtils.java:logGet(46)) - raft.server.log.statemachine.data.read.timeout = 1000ms (default)
2022-06-27 16:57:37,810 [pool-877-thread-1] INFO  server.RaftServerConfigKeys (ConfUtils.java:logGet(46)) - raft.server.log.segment.size.max = 1048576 (custom)
2022-06-27 16:57:37,811 [pool-877-thread-1] INFO  server.RaftServerConfigKeys (ConfUtils.java:logGet(46)) - raft.server.log.segment.cache.num.max = 2 (custom)
2022-06-27 16:57:37,811 [pool-877-thread-1] INFO  server.RaftServerConfigKeys (ConfUtils.java:logGet(46)) - raft.server.log.segment.cache.size.max = 200MB (=209715200) (default)
2022-06-27 16:57:37,811 [pool-877-thread-1] INFO  segmented.SegmentedRaftLogWorker (SegmentedRaftLogWorker.java:<init>(187)) - new dcd286b6-9f7a-4746-8dc4-f6b4b45daddf@group-9F43F2F298D9-SegmentedRaftLogWorker for RaftStorageImpl:Storage Directory /home/runner/work/ozone/ozone/hadoop-ozone/integration-test/target/test-dir/MiniOzoneClusterImpl-5ad2835d-edcb-4821-8976-9d3b57c406ad/datanode-2/data/ratis/4d3056c5-5555-4656-80dd-9f43f2f298d9
2022-06-27 16:57:37,811 [pool-877-thread-1] INFO  server.RaftServerConfigKeys (ConfUtils.java:logGet(46)) - raft.server.log.queue.byte-limit = 4294967296 (custom)
2022-06-27 16:57:37,811 [pool-877-thread-1] INFO  server.RaftServerConfigKeys (ConfUtils.java:logGet(46)) - raft.server.log.queue.element-limit = 1024 (custom)
2022-06-27 16:57:37,811 [pool-877-thread-1] INFO  server.RaftServerConfigKeys (ConfUtils.java:logGet(46)) - raft.server.log.segment.size.max = 1048576 (custom)
2022-06-27 16:57:37,811 [pool-877-thread-1] INFO  server.RaftServerConfigKeys (ConfUtils.java:logGet(46)) - raft.server.log.preallocated.size = 16384 (custom)
2022-06-27 16:57:37,811 [pool-877-thread-1] INFO  server.RaftServerConfigKeys (ConfUtils.java:logGet(46)) - raft.server.log.force.sync.num = 128 (default)
2022-06-27 16:57:37,811 [pool-877-thread-1] INFO  server.RaftServerConfigKeys (ConfUtils.java:logGet(46)) - raft.server.log.statemachine.data.sync = true (default)
2022-06-27 16:57:37,811 [pool-877-thread-1] INFO  server.RaftServerConfigKeys (ConfUtils.java:logGet(46)) - raft.server.log.statemachine.data.sync.timeout = 10s (default)
2022-06-27 16:57:37,811 [pool-877-thread-1] INFO  server.RaftServerConfigKeys (ConfUtils.java:logGet(46)) - raft.server.log.statemachine.data.sync.timeout.retry = -1 (default)
2022-06-27 16:57:37,812 [pool-877-thread-1] INFO  server.RaftServerConfigKeys (ConfUtils.java:logGet(46)) - raft.server.log.write.buffer.size = 1048576 (custom)
2022-06-27 16:57:37,812 [pool-877-thread-1] INFO  server.RaftServerConfigKeys (ConfUtils.java:logGet(46)) - raft.server.log.unsafe-flush.enabled = false (default)
2022-06-27 16:57:37,812 [pool-877-thread-1] INFO  server.RaftServerConfigKeys (ConfUtils.java:logGet(46)) - raft.server.log.statemachine.data.caching.enabled = true (custom)
2022-06-27 16:57:37,812 [pool-877-thread-1] INFO  segmented.SegmentedRaftLogWorker (SegmentedRaftLogWorker.java:lambda$new$0(135)) - dcd286b6-9f7a-4746-8dc4-f6b4b45daddf@group-9F43F2F298D9-SegmentedRaftLogWorker: flushIndex: setUnconditionally 0 -> -1
2022-06-27 16:57:37,812 [pool-877-thread-1] INFO  segmented.SegmentedRaftLogWorker (SegmentedRaftLogWorker.java:lambda$new$0(135)) - dcd286b6-9f7a-4746-8dc4-f6b4b45daddf@group-9F43F2F298D9-SegmentedRaftLogWorker: safeCacheEvictIndex: setUnconditionally 0 -> -1
2022-06-27 16:57:37,813 [pool-854-thread-1] INFO  storage.RaftStorage (RaftStorageImpl.java:format(89)) - Storage directory /home/runner/work/ozone/ozone/hadoop-ozone/integration-test/target/test-dir/MiniOzoneClusterImpl-5ad2835d-edcb-4821-8976-9d3b57c406ad/datanode-1/data/ratis/4d3056c5-5555-4656-80dd-9f43f2f298d9 has been successfully formatted.
2022-06-27 16:57:37,813 [EventQueue-PipelineReportForPipelineReportHandler] INFO  pipeline.PipelineManagerImpl (PipelineManagerImpl.java:openPipeline(358)) - Pipeline Pipeline[ Id: 6d20041e-9fd7-4bfa-b5d9-18753d44326d, Nodes: dcd286b6-9f7a-4746-8dc4-f6b4b45daddf{ip: 10.1.0.22, host: fv-az215-30.fk02tkdpp51uda4i120yanydqb.bx.internal.cloudapp.net, ports: [REPLICATION=34409, RATIS=37187, RATIS_ADMIN=37187, RATIS_SERVER=37187, STANDALONE=39967], networkLocation: /default-rack, certSerialId: null, persistedOpState: IN_SERVICE, persistedOpStateExpiryEpochSec: 0}, ReplicationConfig: RATIS/ONE, State:ALLOCATED, leaderId:dcd286b6-9f7a-4746-8dc4-f6b4b45daddf, CreationTimestamp2022-06-27T16:57:34.770Z[Etc/UTC]] moved to OPEN state
2022-06-27 16:57:37,814 [EventQueue-OpenPipelineForHealthyPipelineSafeModeRule] INFO  safemode.SCMSafeModeManager (HealthyPipelineSafeModeRule.java:process(124)) - SCM in safe mode. Healthy pipelines reported count is 0, required healthy pipeline reported count is 1
2022-06-27 16:57:37,817 [pool-877-thread-1] INFO  server.RaftServerConfigKeys (ConfUtils.java:logGet(46)) - raft.server.snapshot.auto.trigger.enabled = true (custom)
2022-06-27 16:57:37,817 [pool-877-thread-1] INFO  server.RaftServerConfigKeys (ConfUtils.java:logGet(46)) - raft.server.snapshot.auto.trigger.threshold = 10000 (custom)
2022-06-27 16:57:37,817 [pool-877-thread-1] INFO  server.RaftServerConfigKeys (ConfUtils.java:logGet(46)) - raft.server.snapshot.retention.file.num = 5 (custom)
2022-06-27 16:57:37,817 [pool-877-thread-1] INFO  server.RaftServerConfigKeys (ConfUtils.java:logGet(46)) - raft.server.log.purge.upto.snapshot.index = false (default)
2022-06-27 16:57:37,817 [pool-877-thread-1] INFO  server.RaftServerConfigKeys (ConfUtils.java:logGet(46)) - raft.server.retrycache.expirytime = 600000ms (custom)
2022-06-27 16:57:37,817 [pool-877-thread-1] INFO  server.RaftServerConfigKeys (ConfUtils.java:logGet(46)) - raft.server.retrycache.statistics.expirytime = 100μs (default)
2022-06-27 16:57:37,818 [pool-877-thread-1] INFO  server.RaftServerConfigKeys (ConfUtils.java:logGet(46)) - raft.server.log.appender.install.snapshot.enabled = false (custom)
2022-06-27 16:57:37,818 [pool-877-thread-1] INFO  server.RaftServerConfigKeys (ConfUtils.java:logGet(46)) - raft.server.threadpool.server.cached = true (default)
2022-06-27 16:57:37,818 [pool-877-thread-1] INFO  server.RaftServerConfigKeys (ConfUtils.java:logGet(46)) - raft.server.threadpool.server.size = 0 (default)
2022-06-27 16:57:37,818 [pool-877-thread-1] INFO  server.RaftServerConfigKeys (ConfUtils.java:logGet(46)) - raft.server.threadpool.client.cached = true (default)
2022-06-27 16:57:37,818 [pool-877-thread-1] INFO  server.RaftServerConfigKeys (ConfUtils.java:logGet(46)) - raft.server.threadpool.client.size = 0 (default)
2022-06-27 16:57:37,819 [pool-877-thread-1] INFO  server.RaftServer$Division (RaftServerImpl.java:<init>(190)) - dcd286b6-9f7a-4746-8dc4-f6b4b45daddf: new RaftServerImpl for group-18753D44326D:[dcd286b6-9f7a-4746-8dc4-f6b4b45daddf|rpc:10.1.0.22:37187|priority:1] with ContainerStateMachine:uninitialized
2022-06-27 16:57:37,819 [pool-877-thread-1] INFO  server.RaftServerConfigKeys (ConfUtils.java:logGet(46)) - raft.server.rpc.timeout.min = 5s (custom)
2022-06-27 16:57:37,819 [pool-877-thread-1] INFO  server.RaftServerConfigKeys (ConfUtils.java:logGet(46)) - raft.server.rpc.timeout.max = 5200ms (custom)
2022-06-27 16:57:37,819 [pool-877-thread-1] INFO  server.RaftServerConfigKeys (ConfUtils.java:logGet(46)) - raft.server.rpc.sleep.time = 25ms (default)
2022-06-27 16:57:37,819 [pool-877-thread-1] INFO  server.RaftServerConfigKeys (ConfUtils.java:logGet(46)) - raft.server.rpc.slowness.timeout = 300s (custom)
2022-06-27 16:57:37,819 [pool-877-thread-1] INFO  server.RaftServerConfigKeys (ConfUtils.java:logGet(46)) - raft.server.leaderelection.leader.step-down.wait-time = 10s (default)
2022-06-27 16:57:37,819 [pool-877-thread-1] INFO  server.RaftServerConfigKeys (ConfUtils.java:logGet(46)) - raft.server.sleep.deviation.threshold = 300ms (default)
2022-06-27 16:57:37,821 [pool-877-thread-1] INFO  server.RaftServer$Division (ServerState.java:<init>(107)) - dcd286b6-9f7a-4746-8dc4-f6b4b45daddf@group-18753D44326D: ConfigurationManager, init=-1: [dcd286b6-9f7a-4746-8dc4-f6b4b45daddf|rpc:10.1.0.22:37187|priority:1], old=null, confs=<EMPTY_MAP>
2022-06-27 16:57:37,821 [pool-877-thread-1] INFO  server.RaftServerConfigKeys (ConfUtils.java:logGet(46)) - raft.server.storage.dir = [/home/runner/work/ozone/ozone/hadoop-ozone/integration-test/target/test-dir/MiniOzoneClusterImpl-5ad2835d-edcb-4821-8976-9d3b57c406ad/datanode-2/data/ratis] (custom)
2022-06-27 16:57:37,821 [pool-877-thread-1] INFO  server.RaftServerConfigKeys (ConfUtils.java:logGet(46)) - raft.server.log.corruption.policy = EXCEPTION (default)
2022-06-27 16:57:37,821 [pool-877-thread-1] INFO  server.RaftServerConfigKeys (ConfUtils.java:logGet(46)) - raft.server.storage.free-space.min = 0MB (=0) (default)
2022-06-27 16:57:37,821 [pool-877-thread-1] INFO  storage.RaftStorageDirectory (RaftStorageDirectoryImpl.java:analyzeStorage(135)) - The storage directory /home/runner/work/ozone/ozone/hadoop-ozone/integration-test/target/test-dir/MiniOzoneClusterImpl-5ad2835d-edcb-4821-8976-9d3b57c406ad/datanode-2/data/ratis/6d20041e-9fd7-4bfa-b5d9-18753d44326d does not exist. Creating ...
2022-06-27 16:57:37,832 [pool-854-thread-1] INFO  ratis.ContainerStateMachine (ContainerStateMachine.java:loadSnapshot(236)) - group-9F43F2F298D9: The snapshot info is null. Setting the last applied indexto:(t:0, i:~)
2022-06-27 16:57:37,834 [pool-854-thread-1] INFO  server.RaftServerConfigKeys (ConfUtils.java:logGet(46)) - raft.server.notification.no-leader.timeout = 300s (custom)
2022-06-27 16:57:37,834 [pool-854-thread-1] INFO  server.RaftServerConfigKeys (ConfUtils.java:logGet(46)) - raft.server.log.use.memory = false (default)
2022-06-27 16:57:37,834 [pool-854-thread-1] INFO  server.RaftServerConfigKeys (ConfUtils.java:logGet(46)) - raft.server.log.purge.gap = 1000000 (custom)
2022-06-27 16:57:37,834 [pool-854-thread-1] INFO  server.RaftServerConfigKeys (ConfUtils.java:logGet(46)) - raft.server.log.appender.buffer.byte-limit = 33554432 (custom)
2022-06-27 16:57:37,834 [pool-854-thread-1] INFO  server.RaftServerConfigKeys (ConfUtils.java:logGet(46)) - raft.server.log.statemachine.data.read.timeout = 1000ms (default)
2022-06-27 16:57:37,834 [pool-854-thread-1] INFO  server.RaftServerConfigKeys (ConfUtils.java:logGet(46)) - raft.server.log.segment.size.max = 1048576 (custom)
2022-06-27 16:57:37,834 [pool-854-thread-1] INFO  server.RaftServerConfigKeys (ConfUtils.java:logGet(46)) - raft.server.log.segment.cache.num.max = 2 (custom)
2022-06-27 16:57:37,834 [pool-854-thread-1] INFO  server.RaftServerConfigKeys (ConfUtils.java:logGet(46)) - raft.server.log.segment.cache.size.max = 200MB (=209715200) (default)
2022-06-27 16:57:37,835 [pool-854-thread-1] INFO  segmented.SegmentedRaftLogWorker (SegmentedRaftLogWorker.java:<init>(187)) - new 59b1e939-7f3e-448e-a48d-ff530bcc538d@group-9F43F2F298D9-SegmentedRaftLogWorker for RaftStorageImpl:Storage Directory /home/runner/work/ozone/ozone/hadoop-ozone/integration-test/target/test-dir/MiniOzoneClusterImpl-5ad2835d-edcb-4821-8976-9d3b57c406ad/datanode-1/data/ratis/4d3056c5-5555-4656-80dd-9f43f2f298d9
2022-06-27 16:57:37,835 [pool-854-thread-1] INFO  server.RaftServerConfigKeys (ConfUtils.java:logGet(46)) - raft.server.log.queue.byte-limit = 4294967296 (custom)
2022-06-27 16:57:37,835 [pool-854-thread-1] INFO  server.RaftServerConfigKeys (ConfUtils.java:logGet(46)) - raft.server.log.queue.element-limit = 1024 (custom)
2022-06-27 16:57:37,835 [pool-854-thread-1] INFO  server.RaftServerConfigKeys (ConfUtils.java:logGet(46)) - raft.server.log.segment.size.max = 1048576 (custom)
2022-06-27 16:57:37,835 [pool-854-thread-1] INFO  server.RaftServerConfigKeys (ConfUtils.java:logGet(46)) - raft.server.log.preallocated.size = 16384 (custom)
2022-06-27 16:57:37,835 [pool-854-thread-1] INFO  server.RaftServerConfigKeys (ConfUtils.java:logGet(46)) - raft.server.log.force.sync.num = 128 (default)
2022-06-27 16:57:37,835 [pool-854-thread-1] INFO  server.RaftServerConfigKeys (ConfUtils.java:logGet(46)) - raft.server.log.statemachine.data.sync = true (default)
2022-06-27 16:57:37,835 [pool-854-thread-1] INFO  server.RaftServerConfigKeys (ConfUtils.java:logGet(46)) - raft.server.log.statemachine.data.sync.timeout = 10s (default)
2022-06-27 16:57:37,835 [pool-854-thread-1] INFO  server.RaftServerConfigKeys (ConfUtils.java:logGet(46)) - raft.server.log.statemachine.data.sync.timeout.retry = -1 (default)
2022-06-27 16:57:37,835 [pool-877-thread-1] INFO  storage.RaftStorageDirectory (RaftStorageDirectoryImpl.java:tryLock(230)) - Lock on /home/runner/work/ozone/ozone/hadoop-ozone/integration-test/target/test-dir/MiniOzoneClusterImpl-5ad2835d-edcb-4821-8976-9d3b57c406ad/datanode-2/data/ratis/6d20041e-9fd7-4bfa-b5d9-18753d44326d/in_use.lock acquired by nodename 16603@fv-az215-30
2022-06-27 16:57:37,837 [pool-877-thread-1] INFO  storage.RaftStorage (RaftStorageImpl.java:format(89)) - Storage directory /home/runner/work/ozone/ozone/hadoop-ozone/integration-test/target/test-dir/MiniOzoneClusterImpl-5ad2835d-edcb-4821-8976-9d3b57c406ad/datanode-2/data/ratis/6d20041e-9fd7-4bfa-b5d9-18753d44326d has been successfully formatted.
2022-06-27 16:57:37,837 [pool-877-thread-1] INFO  ratis.ContainerStateMachine (ContainerStateMachine.java:loadSnapshot(236)) - group-18753D44326D: The snapshot info is null. Setting the last applied indexto:(t:0, i:~)
2022-06-27 16:57:37,837 [pool-877-thread-1] INFO  server.RaftServerConfigKeys (ConfUtils.java:logGet(46)) - raft.server.notification.no-leader.timeout = 300s (custom)
2022-06-27 16:57:37,837 [pool-877-thread-1] INFO  server.RaftServerConfigKeys (ConfUtils.java:logGet(46)) - raft.server.log.use.memory = false (default)
2022-06-27 16:57:37,837 [pool-877-thread-1] INFO  server.RaftServerConfigKeys (ConfUtils.java:logGet(46)) - raft.server.log.purge.gap = 1000000 (custom)
2022-06-27 16:57:37,837 [pool-877-thread-1] INFO  server.RaftServerConfigKeys (ConfUtils.java:logGet(46)) - raft.server.log.appender.buffer.byte-limit = 33554432 (custom)
2022-06-27 16:57:37,837 [pool-877-thread-1] INFO  server.RaftServerConfigKeys (ConfUtils.java:logGet(46)) - raft.server.log.statemachine.data.read.timeout = 1000ms (default)
2022-06-27 16:57:37,837 [pool-877-thread-1] INFO  server.RaftServerConfigKeys (ConfUtils.java:logGet(46)) - raft.server.log.segment.size.max = 1048576 (custom)
2022-06-27 16:57:37,838 [EventQueue-OpenPipelineForHealthyPipelineSafeModeRule] INFO  safemode.SCMSafeModeManager (HealthyPipelineSafeModeRule.java:process(124)) - SCM in safe mode. Healthy pipelines reported count is 0, required healthy pipeline reported count is 1
2022-06-27 16:57:37,838 [EventQueue-OpenPipelineForHealthyPipelineSafeModeRule] INFO  safemode.SCMSafeModeManager (HealthyPipelineSafeModeRule.java:process(124)) - SCM in safe mode. Healthy pipelines reported count is 0, required healthy pipeline reported count is 1
2022-06-27 16:57:37,841 [pool-854-thread-1] INFO  server.RaftServerConfigKeys (ConfUtils.java:logGet(46)) - raft.server.log.write.buffer.size = 1048576 (custom)
2022-06-27 16:57:37,841 [pool-877-thread-1] INFO  server.RaftServerConfigKeys (ConfUtils.java:logGet(46)) - raft.server.log.segment.cache.num.max = 2 (custom)
2022-06-27 16:57:37,841 [pool-877-thread-1] INFO  server.RaftServerConfigKeys (ConfUtils.java:logGet(46)) - raft.server.log.segment.cache.size.max = 200MB (=209715200) (default)
2022-06-27 16:57:37,841 [pool-877-thread-1] INFO  segmented.SegmentedRaftLogWorker (SegmentedRaftLogWorker.java:<init>(187)) - new dcd286b6-9f7a-4746-8dc4-f6b4b45daddf@group-18753D44326D-SegmentedRaftLogWorker for RaftStorageImpl:Storage Directory /home/runner/work/ozone/ozone/hadoop-ozone/integration-test/target/test-dir/MiniOzoneClusterImpl-5ad2835d-edcb-4821-8976-9d3b57c406ad/datanode-2/data/ratis/6d20041e-9fd7-4bfa-b5d9-18753d44326d
2022-06-27 16:57:37,841 [pool-877-thread-1] INFO  server.RaftServerConfigKeys (ConfUtils.java:logGet(46)) - raft.server.log.queue.byte-limit = 4294967296 (custom)
2022-06-27 16:57:37,841 [pool-877-thread-1] INFO  server.RaftServerConfigKeys (ConfUtils.java:logGet(46)) - raft.server.log.queue.element-limit = 1024 (custom)
2022-06-27 16:57:37,841 [pool-877-thread-1] INFO  server.RaftServerConfigKeys (ConfUtils.java:logGet(46)) - raft.server.log.segment.size.max = 1048576 (custom)
2022-06-27 16:57:37,841 [pool-877-thread-1] INFO  server.RaftServerConfigKeys (ConfUtils.java:logGet(46)) - raft.server.log.preallocated.size = 16384 (custom)
2022-06-27 16:57:37,841 [pool-854-thread-1] INFO  server.RaftServerConfigKeys (ConfUtils.java:logGet(46)) - raft.server.log.unsafe-flush.enabled = false (default)
2022-06-27 16:57:37,841 [pool-877-thread-1] INFO  server.RaftServerConfigKeys (ConfUtils.java:logGet(46)) - raft.server.log.force.sync.num = 128 (default)
2022-06-27 16:57:37,841 [pool-877-thread-1] INFO  server.RaftServerConfigKeys (ConfUtils.java:logGet(46)) - raft.server.log.statemachine.data.sync = true (default)
2022-06-27 16:57:37,841 [pool-877-thread-1] INFO  server.RaftServerConfigKeys (ConfUtils.java:logGet(46)) - raft.server.log.statemachine.data.sync.timeout = 10s (default)
2022-06-27 16:57:37,841 [pool-877-thread-1] INFO  server.RaftServerConfigKeys (ConfUtils.java:logGet(46)) - raft.server.log.statemachine.data.sync.timeout.retry = -1 (default)
2022-06-27 16:57:37,842 [pool-877-thread-1] INFO  server.RaftServerConfigKeys (ConfUtils.java:logGet(46)) - raft.server.log.write.buffer.size = 1048576 (custom)
2022-06-27 16:57:37,842 [pool-877-thread-1] INFO  server.RaftServerConfigKeys (ConfUtils.java:logGet(46)) - raft.server.log.unsafe-flush.enabled = false (default)
2022-06-27 16:57:37,842 [pool-877-thread-1] INFO  server.RaftServerConfigKeys (ConfUtils.java:logGet(46)) - raft.server.log.statemachine.data.caching.enabled = true (custom)
2022-06-27 16:57:37,843 [pool-877-thread-1] INFO  segmented.SegmentedRaftLogWorker (SegmentedRaftLogWorker.java:lambda$new$0(135)) - dcd286b6-9f7a-4746-8dc4-f6b4b45daddf@group-18753D44326D-SegmentedRaftLogWorker: flushIndex: setUnconditionally 0 -> -1
2022-06-27 16:57:37,843 [pool-877-thread-1] INFO  segmented.SegmentedRaftLogWorker (SegmentedRaftLogWorker.java:lambda$new$0(135)) - dcd286b6-9f7a-4746-8dc4-f6b4b45daddf@group-18753D44326D-SegmentedRaftLogWorker: safeCacheEvictIndex: setUnconditionally 0 -> -1
2022-06-27 16:57:37,841 [pool-854-thread-1] INFO  server.RaftServerConfigKeys (ConfUtils.java:logGet(46)) - raft.server.log.statemachine.data.caching.enabled = true (custom)
2022-06-27 16:57:37,844 [pool-854-thread-1] INFO  segmented.SegmentedRaftLogWorker (SegmentedRaftLogWorker.java:lambda$new$0(135)) - 59b1e939-7f3e-448e-a48d-ff530bcc538d@group-9F43F2F298D9-SegmentedRaftLogWorker: flushIndex: setUnconditionally 0 -> -1
2022-06-27 16:57:37,844 [pool-854-thread-1] INFO  segmented.SegmentedRaftLogWorker (SegmentedRaftLogWorker.java:lambda$new$0(135)) - 59b1e939-7f3e-448e-a48d-ff530bcc538d@group-9F43F2F298D9-SegmentedRaftLogWorker: safeCacheEvictIndex: setUnconditionally 0 -> -1
2022-06-27 16:57:37,849 [pool-877-thread-1] INFO  server.RaftServerConfigKeys (ConfUtils.java:logGet(46)) - raft.server.snapshot.auto.trigger.enabled = true (custom)
2022-06-27 16:57:37,849 [pool-877-thread-1] INFO  server.RaftServerConfigKeys (ConfUtils.java:logGet(46)) - raft.server.snapshot.auto.trigger.threshold = 10000 (custom)
2022-06-27 16:57:37,849 [pool-877-thread-1] INFO  server.RaftServerConfigKeys (ConfUtils.java:logGet(46)) - raft.server.snapshot.retention.file.num = 5 (custom)
2022-06-27 16:57:37,849 [pool-877-thread-1] INFO  server.RaftServerConfigKeys (ConfUtils.java:logGet(46)) - raft.server.log.purge.upto.snapshot.index = false (default)
2022-06-27 16:57:37,854 [pool-854-thread-1] INFO  server.RaftServerConfigKeys (ConfUtils.java:logGet(46)) - raft.server.snapshot.auto.trigger.enabled = true (custom)
2022-06-27 16:57:37,854 [pool-854-thread-1] INFO  server.RaftServerConfigKeys (ConfUtils.java:logGet(46)) - raft.server.snapshot.auto.trigger.threshold = 10000 (custom)
2022-06-27 16:57:37,854 [pool-854-thread-1] INFO  server.RaftServerConfigKeys (ConfUtils.java:logGet(46)) - raft.server.snapshot.retention.file.num = 5 (custom)
2022-06-27 16:57:37,854 [pool-854-thread-1] INFO  server.RaftServerConfigKeys (ConfUtils.java:logGet(46)) - raft.server.log.purge.upto.snapshot.index = false (default)
2022-06-27 16:57:37,854 [pool-854-thread-1] INFO  server.RaftServerConfigKeys (ConfUtils.java:logGet(46)) - raft.server.retrycache.expirytime = 600000ms (custom)
2022-06-27 16:57:37,854 [pool-854-thread-1] INFO  server.RaftServerConfigKeys (ConfUtils.java:logGet(46)) - raft.server.retrycache.statistics.expirytime = 100μs (default)
2022-06-27 16:57:37,855 [pool-854-thread-1] INFO  server.RaftServerConfigKeys (ConfUtils.java:logGet(46)) - raft.server.log.appender.install.snapshot.enabled = false (custom)
2022-06-27 16:57:37,855 [pool-854-thread-1] INFO  server.RaftServerConfigKeys (ConfUtils.java:logGet(46)) - raft.server.threadpool.server.cached = true (default)
2022-06-27 16:57:37,855 [pool-854-thread-1] INFO  server.RaftServerConfigKeys (ConfUtils.java:logGet(46)) - raft.server.threadpool.server.size = 0 (default)
2022-06-27 16:57:37,855 [pool-854-thread-1] INFO  server.RaftServerConfigKeys (ConfUtils.java:logGet(46)) - raft.server.threadpool.client.cached = true (default)
2022-06-27 16:57:37,856 [pool-854-thread-1] INFO  server.RaftServerConfigKeys (ConfUtils.java:logGet(46)) - raft.server.threadpool.client.size = 0 (default)
2022-06-27 16:57:37,856 [pool-854-thread-1] INFO  server.RaftServer$Division (RaftServerImpl.java:start(310)) - 59b1e939-7f3e-448e-a48d-ff530bcc538d@group-9F43F2F298D9: start as a follower, conf=-1: [dcd286b6-9f7a-4746-8dc4-f6b4b45daddf|rpc:10.1.0.22:37187|priority:1, 59b1e939-7f3e-448e-a48d-ff530bcc538d|rpc:10.1.0.22:33279|priority:0, d50766be-5aa0-4516-a336-dcc66469e2a8|rpc:10.1.0.22:40223|priority:0], old=null
2022-06-27 16:57:37,856 [pool-854-thread-1] INFO  server.RaftServer$Division (RaftServerImpl.java:setRole(299)) - 59b1e939-7f3e-448e-a48d-ff530bcc538d@group-9F43F2F298D9: changes role from      null to FOLLOWER at term 0 for startAsFollower
2022-06-27 16:57:37,856 [pool-854-thread-1] INFO  impl.RoleInfo (RoleInfo.java:updateAndGet(139)) - 59b1e939-7f3e-448e-a48d-ff530bcc538d: start 59b1e939-7f3e-448e-a48d-ff530bcc538d@group-9F43F2F298D9-FollowerState
2022-06-27 16:57:37,865 [pool-854-thread-1] INFO  util.JmxRegister (JmxRegister.java:tryRegister(44)) - Successfully registered JMX Bean with object name Ratis:service=RaftServer,group=group-9F43F2F298D9,id=59b1e939-7f3e-448e-a48d-ff530bcc538d
2022-06-27 16:57:37,865 [Command processor thread] INFO  ratis.XceiverServerRatis (XceiverServerRatis.java:addGroup(765)) - Created group PipelineID=4d3056c5-5555-4656-80dd-9f43f2f298d9
2022-06-27 16:57:37,874 [pool-877-thread-1] INFO  server.RaftServerConfigKeys (ConfUtils.java:logGet(46)) - raft.server.retrycache.expirytime = 600000ms (custom)
2022-06-27 16:57:37,874 [pool-877-thread-1] INFO  server.RaftServerConfigKeys (ConfUtils.java:logGet(46)) - raft.server.retrycache.statistics.expirytime = 100μs (default)
2022-06-27 16:57:37,875 [pool-877-thread-1] INFO  server.RaftServerConfigKeys (ConfUtils.java:logGet(46)) - raft.server.log.appender.install.snapshot.enabled = false (custom)
2022-06-27 16:57:37,875 [pool-877-thread-1] INFO  server.RaftServerConfigKeys (ConfUtils.java:logGet(46)) - raft.server.threadpool.server.cached = true (default)
2022-06-27 16:57:37,875 [pool-877-thread-1] INFO  server.RaftServerConfigKeys (ConfUtils.java:logGet(46)) - raft.server.threadpool.server.size = 0 (default)
2022-06-27 16:57:37,875 [pool-877-thread-1] INFO  server.RaftServerConfigKeys (ConfUtils.java:logGet(46)) - raft.server.threadpool.client.cached = true (default)
2022-06-27 16:57:37,875 [pool-877-thread-1] INFO  server.RaftServerConfigKeys (ConfUtils.java:logGet(46)) - raft.server.threadpool.client.size = 0 (default)
2022-06-27 16:57:37,875 [pool-877-thread-1] INFO  server.RaftServer$Division (RaftServerImpl.java:start(310)) - dcd286b6-9f7a-4746-8dc4-f6b4b45daddf@group-9F43F2F298D9: start as a follower, conf=-1: [dcd286b6-9f7a-4746-8dc4-f6b4b45daddf|rpc:10.1.0.22:37187|dataStream:|priority:1, 59b1e939-7f3e-448e-a48d-ff530bcc538d|rpc:10.1.0.22:33279|dataStream:|priority:0, d50766be-5aa0-4516-a336-dcc66469e2a8|rpc:10.1.0.22:40223|dataStream:|priority:0], old=null
2022-06-27 16:57:37,875 [pool-877-thread-1] INFO  server.RaftServer$Division (RaftServerImpl.java:setRole(299)) - dcd286b6-9f7a-4746-8dc4-f6b4b45daddf@group-9F43F2F298D9: changes role from      null to FOLLOWER at term 0 for startAsFollower
2022-06-27 16:57:37,875 [pool-877-thread-1] INFO  impl.RoleInfo (RoleInfo.java:updateAndGet(139)) - dcd286b6-9f7a-4746-8dc4-f6b4b45daddf: start dcd286b6-9f7a-4746-8dc4-f6b4b45daddf@group-9F43F2F298D9-FollowerState
2022-06-27 16:57:37,918 [pool-877-thread-1] INFO  util.JmxRegister (JmxRegister.java:tryRegister(44)) - Successfully registered JMX Bean with object name Ratis:service=RaftServer,group=group-9F43F2F298D9,id=dcd286b6-9f7a-4746-8dc4-f6b4b45daddf
2022-06-27 16:57:37,957 [pool-877-thread-1] INFO  server.RaftServer$Division (RaftServerImpl.java:start(310)) - dcd286b6-9f7a-4746-8dc4-f6b4b45daddf@group-18753D44326D: start as a follower, conf=-1: [dcd286b6-9f7a-4746-8dc4-f6b4b45daddf|rpc:10.1.0.22:37187|priority:1], old=null
2022-06-27 16:57:37,957 [pool-877-thread-1] INFO  server.RaftServer$Division (RaftServerImpl.java:setRole(299)) - dcd286b6-9f7a-4746-8dc4-f6b4b45daddf@group-18753D44326D: changes role from      null to FOLLOWER at term 0 for startAsFollower
2022-06-27 16:57:37,957 [pool-877-thread-1] INFO  impl.RoleInfo (RoleInfo.java:updateAndGet(139)) - dcd286b6-9f7a-4746-8dc4-f6b4b45daddf: start dcd286b6-9f7a-4746-8dc4-f6b4b45daddf@group-18753D44326D-FollowerState
2022-06-27 16:57:37,974 [pool-877-thread-1] INFO  util.JmxRegister (JmxRegister.java:tryRegister(44)) - Successfully registered JMX Bean with object name Ratis:service=RaftServer,group=group-18753D44326D,id=dcd286b6-9f7a-4746-8dc4-f6b4b45daddf
2022-06-27 16:57:37,977 [Command processor thread] INFO  ratis.XceiverServerRatis (XceiverServerRatis.java:addGroup(765)) - Created group PipelineID=6d20041e-9fd7-4bfa-b5d9-18753d44326d
2022-06-27 16:57:37,991 [Command processor thread] INFO  commandhandler.CreatePipelineCommandHandler (CreatePipelineCommandHandler.java:handle(113)) - Created Pipeline RATIS ONE PipelineID=6d20041e-9fd7-4bfa-b5d9-18753d44326d.
2022-06-27 16:57:38,315 [Command processor thread] INFO  commandhandler.CreatePipelineCommandHandler (CreatePipelineCommandHandler.java:handle(113)) - Created Pipeline RATIS THREE PipelineID=4d3056c5-5555-4656-80dd-9f43f2f298d9.
2022-06-27 16:57:38,336 [Command processor thread] INFO  commandhandler.CreatePipelineCommandHandler (CreatePipelineCommandHandler.java:handle(113)) - Created Pipeline RATIS THREE PipelineID=4d3056c5-5555-4656-80dd-9f43f2f298d9.
2022-06-27 16:57:38,485 [Listener at 127.0.0.1/40965] INFO  ozone.MiniOzoneClusterImpl (MiniOzoneClusterImpl.java:lambda$waitForClusterToBeReady$0(223)) - Nodes are ready. Got 5 of 5 DN Heartbeats.
2022-06-27 16:57:38,485 [Listener at 127.0.0.1/40965] INFO  ozone.MiniOzoneClusterImpl (MiniOzoneClusterImpl.java:lambda$waitForClusterToBeReady$0(226)) - Waiting for cluster to exit safe mode
2022-06-27 16:57:38,485 [Listener at 127.0.0.1/40965] INFO  ozone.MiniOzoneClusterImpl (MiniOzoneClusterImpl.java:lambda$waitForClusterToBeReady$0(228)) - SCM became leader
2022-06-27 16:57:38,853 [Command processor thread] INFO  server.RaftServer (RaftServerProxy.java:addNew(96)) - 2a67462a-e1ca-4efa-935f-4cece97e3462: addNew group-132BBF9CE083:[2a67462a-e1ca-4efa-935f-4cece97e3462|rpc:10.1.0.22:36103|priority:1] returns group-132BBF9CE083:java.util.concurrent.CompletableFuture@7949c28f[Not completed]
2022-06-27 16:57:38,873 [pool-900-thread-1] INFO  server.RaftServer$Division (RaftServerImpl.java:<init>(190)) - 2a67462a-e1ca-4efa-935f-4cece97e3462: new RaftServerImpl for group-132BBF9CE083:[2a67462a-e1ca-4efa-935f-4cece97e3462|rpc:10.1.0.22:36103|priority:1] with ContainerStateMachine:uninitialized
2022-06-27 16:57:38,873 [pool-900-thread-1] INFO  server.RaftServerConfigKeys (ConfUtils.java:logGet(46)) - raft.server.rpc.timeout.min = 5s (custom)
2022-06-27 16:57:38,873 [pool-900-thread-1] INFO  server.RaftServerConfigKeys (ConfUtils.java:logGet(46)) - raft.server.rpc.timeout.max = 5200ms (custom)
2022-06-27 16:57:38,873 [pool-900-thread-1] INFO  server.RaftServerConfigKeys (ConfUtils.java:logGet(46)) - raft.server.rpc.sleep.time = 25ms (default)
2022-06-27 16:57:38,873 [pool-900-thread-1] INFO  server.RaftServerConfigKeys (ConfUtils.java:logGet(46)) - raft.server.rpc.slowness.timeout = 300s (custom)
2022-06-27 16:57:38,873 [pool-900-thread-1] INFO  server.RaftServerConfigKeys (ConfUtils.java:logGet(46)) - raft.server.leaderelection.leader.step-down.wait-time = 10s (default)
2022-06-27 16:57:38,873 [pool-900-thread-1] INFO  server.RaftServerConfigKeys (ConfUtils.java:logGet(46)) - raft.server.sleep.deviation.threshold = 300ms (default)
2022-06-27 16:57:38,873 [pool-900-thread-1] INFO  server.RaftServer$Division (ServerState.java:<init>(107)) - 2a67462a-e1ca-4efa-935f-4cece97e3462@group-132BBF9CE083: ConfigurationManager, init=-1: [2a67462a-e1ca-4efa-935f-4cece97e3462|rpc:10.1.0.22:36103|priority:1], old=null, confs=<EMPTY_MAP>
2022-06-27 16:57:38,873 [pool-900-thread-1] INFO  server.RaftServerConfigKeys (ConfUtils.java:logGet(46)) - raft.server.storage.dir = [/home/runner/work/ozone/ozone/hadoop-ozone/integration-test/target/test-dir/MiniOzoneClusterImpl-5ad2835d-edcb-4821-8976-9d3b57c406ad/datanode-3/data/ratis] (custom)
2022-06-27 16:57:38,873 [pool-900-thread-1] INFO  server.RaftServerConfigKeys (ConfUtils.java:logGet(46)) - raft.server.log.corruption.policy = EXCEPTION (default)
2022-06-27 16:57:38,873 [pool-900-thread-1] INFO  server.RaftServerConfigKeys (ConfUtils.java:logGet(46)) - raft.server.storage.free-space.min = 0MB (=0) (default)
2022-06-27 16:57:38,873 [pool-900-thread-1] INFO  storage.RaftStorageDirectory (RaftStorageDirectoryImpl.java:analyzeStorage(135)) - The storage directory /home/runner/work/ozone/ozone/hadoop-ozone/integration-test/target/test-dir/MiniOzoneClusterImpl-5ad2835d-edcb-4821-8976-9d3b57c406ad/datanode-3/data/ratis/16523341-5e55-4a7f-93db-132bbf9ce083 does not exist. Creating ...
2022-06-27 16:57:38,905 [pool-900-thread-1] INFO  storage.RaftStorageDirectory (RaftStorageDirectoryImpl.java:tryLock(230)) - Lock on /home/runner/work/ozone/ozone/hadoop-ozone/integration-test/target/test-dir/MiniOzoneClusterImpl-5ad2835d-edcb-4821-8976-9d3b57c406ad/datanode-3/data/ratis/16523341-5e55-4a7f-93db-132bbf9ce083/in_use.lock acquired by nodename 16603@fv-az215-30
2022-06-27 16:57:38,907 [pool-900-thread-1] INFO  storage.RaftStorage (RaftStorageImpl.java:format(89)) - Storage directory /home/runner/work/ozone/ozone/hadoop-ozone/integration-test/target/test-dir/MiniOzoneClusterImpl-5ad2835d-edcb-4821-8976-9d3b57c406ad/datanode-3/data/ratis/16523341-5e55-4a7f-93db-132bbf9ce083 has been successfully formatted.
2022-06-27 16:57:38,921 [pool-900-thread-1] INFO  ratis.ContainerStateMachine (ContainerStateMachine.java:loadSnapshot(236)) - group-132BBF9CE083: The snapshot info is null. Setting the last applied indexto:(t:0, i:~)
2022-06-27 16:57:38,921 [pool-900-thread-1] INFO  server.RaftServerConfigKeys (ConfUtils.java:logGet(46)) - raft.server.notification.no-leader.timeout = 300s (custom)
2022-06-27 16:57:38,921 [pool-900-thread-1] INFO  server.RaftServerConfigKeys (ConfUtils.java:logGet(46)) - raft.server.log.use.memory = false (default)
2022-06-27 16:57:38,921 [pool-900-thread-1] INFO  server.RaftServerConfigKeys (ConfUtils.java:logGet(46)) - raft.server.log.purge.gap = 1000000 (custom)
2022-06-27 16:57:38,921 [pool-900-thread-1] INFO  server.RaftServerConfigKeys (ConfUtils.java:logGet(46)) - raft.server.log.appender.buffer.byte-limit = 33554432 (custom)
2022-06-27 16:57:38,921 [pool-900-thread-1] INFO  server.RaftServerConfigKeys (ConfUtils.java:logGet(46)) - raft.server.log.statemachine.data.read.timeout = 1000ms (default)
2022-06-27 16:57:38,921 [pool-900-thread-1] INFO  server.RaftServerConfigKeys (ConfUtils.java:logGet(46)) - raft.server.log.segment.size.max = 1048576 (custom)
2022-06-27 16:57:38,922 [pool-900-thread-1] INFO  server.RaftServerConfigKeys (ConfUtils.java:logGet(46)) - raft.server.log.segment.cache.num.max = 2 (custom)
2022-06-27 16:57:38,922 [pool-900-thread-1] INFO  server.RaftServerConfigKeys (ConfUtils.java:logGet(46)) - raft.server.log.segment.cache.size.max = 200MB (=209715200) (default)
2022-06-27 16:57:38,922 [pool-900-thread-1] INFO  segmented.SegmentedRaftLogWorker (SegmentedRaftLogWorker.java:<init>(187)) - new 2a67462a-e1ca-4efa-935f-4cece97e3462@group-132BBF9CE083-SegmentedRaftLogWorker for RaftStorageImpl:Storage Directory /home/runner/work/ozone/ozone/hadoop-ozone/integration-test/target/test-dir/MiniOzoneClusterImpl-5ad2835d-edcb-4821-8976-9d3b57c406ad/datanode-3/data/ratis/16523341-5e55-4a7f-93db-132bbf9ce083
2022-06-27 16:57:38,922 [pool-900-thread-1] INFO  server.RaftServerConfigKeys (ConfUtils.java:logGet(46)) - raft.server.log.queue.byte-limit = 4294967296 (custom)
2022-06-27 16:57:38,922 [pool-900-thread-1] INFO  server.RaftServerConfigKeys (ConfUtils.java:logGet(46)) - raft.server.log.queue.element-limit = 1024 (custom)
2022-06-27 16:57:38,922 [pool-900-thread-1] INFO  server.RaftServerConfigKeys (ConfUtils.java:logGet(46)) - raft.server.log.segment.size.max = 1048576 (custom)
2022-06-27 16:57:38,922 [pool-900-thread-1] INFO  server.RaftServerConfigKeys (ConfUtils.java:logGet(46)) - raft.server.log.preallocated.size = 16384 (custom)
2022-06-27 16:57:38,922 [pool-900-thread-1] INFO  server.RaftServerConfigKeys (ConfUtils.java:logGet(46)) - raft.server.log.force.sync.num = 128 (default)
2022-06-27 16:57:38,922 [pool-900-thread-1] INFO  server.RaftServerConfigKeys (ConfUtils.java:logGet(46)) - raft.server.log.statemachine.data.sync = true (default)
2022-06-27 16:57:38,922 [pool-900-thread-1] INFO  server.RaftServerConfigKeys (ConfUtils.java:logGet(46)) - raft.server.log.statemachine.data.sync.timeout = 10s (default)
2022-06-27 16:57:38,922 [pool-900-thread-1] INFO  server.RaftServerConfigKeys (ConfUtils.java:logGet(46)) - raft.server.log.statemachine.data.sync.timeout.retry = -1 (default)
2022-06-27 16:57:38,923 [pool-900-thread-1] INFO  server.RaftServerConfigKeys (ConfUtils.java:logGet(46)) - raft.server.log.write.buffer.size = 1048576 (custom)
2022-06-27 16:57:38,923 [pool-900-thread-1] INFO  server.RaftServerConfigKeys (ConfUtils.java:logGet(46)) - raft.server.log.unsafe-flush.enabled = false (default)
2022-06-27 16:57:38,923 [pool-900-thread-1] INFO  server.RaftServerConfigKeys (ConfUtils.java:logGet(46)) - raft.server.log.statemachine.data.caching.enabled = true (custom)
2022-06-27 16:57:38,923 [pool-900-thread-1] INFO  segmented.SegmentedRaftLogWorker (SegmentedRaftLogWorker.java:lambda$new$0(135)) - 2a67462a-e1ca-4efa-935f-4cece97e3462@group-132BBF9CE083-SegmentedRaftLogWorker: flushIndex: setUnconditionally 0 -> -1
2022-06-27 16:57:38,923 [pool-900-thread-1] INFO  segmented.SegmentedRaftLogWorker (SegmentedRaftLogWorker.java:lambda$new$0(135)) - 2a67462a-e1ca-4efa-935f-4cece97e3462@group-132BBF9CE083-SegmentedRaftLogWorker: safeCacheEvictIndex: setUnconditionally 0 -> -1
2022-06-27 16:57:38,938 [pool-900-thread-1] INFO  server.RaftServerConfigKeys (ConfUtils.java:logGet(46)) - raft.server.snapshot.auto.trigger.enabled = true (custom)
2022-06-27 16:57:38,938 [pool-900-thread-1] INFO  server.RaftServerConfigKeys (ConfUtils.java:logGet(46)) - raft.server.snapshot.auto.trigger.threshold = 10000 (custom)
2022-06-27 16:57:38,938 [pool-900-thread-1] INFO  server.RaftServerConfigKeys (ConfUtils.java:logGet(46)) - raft.server.snapshot.retention.file.num = 5 (custom)
2022-06-27 16:57:38,938 [pool-900-thread-1] INFO  server.RaftServerConfigKeys (ConfUtils.java:logGet(46)) - raft.server.log.purge.upto.snapshot.index = false (default)
2022-06-27 16:57:38,938 [pool-900-thread-1] INFO  server.RaftServerConfigKeys (ConfUtils.java:logGet(46)) - raft.server.retrycache.expirytime = 600000ms (custom)
2022-06-27 16:57:38,938 [pool-900-thread-1] INFO  server.RaftServerConfigKeys (ConfUtils.java:logGet(46)) - raft.server.retrycache.statistics.expirytime = 100μs (default)
2022-06-27 16:57:38,944 [pool-900-thread-1] INFO  server.RaftServerConfigKeys (ConfUtils.java:logGet(46)) - raft.server.log.appender.install.snapshot.enabled = false (custom)
2022-06-27 16:57:38,944 [pool-900-thread-1] INFO  server.RaftServerConfigKeys (ConfUtils.java:logGet(46)) - raft.server.threadpool.server.cached = true (default)
2022-06-27 16:57:38,944 [pool-900-thread-1] INFO  server.RaftServerConfigKeys (ConfUtils.java:logGet(46)) - raft.server.threadpool.server.size = 0 (default)
2022-06-27 16:57:38,944 [pool-900-thread-1] INFO  server.RaftServerConfigKeys (ConfUtils.java:logGet(46)) - raft.server.threadpool.client.cached = true (default)
2022-06-27 16:57:38,944 [pool-900-thread-1] INFO  server.RaftServerConfigKeys (ConfUtils.java:logGet(46)) - raft.server.threadpool.client.size = 0 (default)
2022-06-27 16:57:38,944 [pool-900-thread-1] INFO  server.RaftServer$Division (RaftServerImpl.java:start(310)) - 2a67462a-e1ca-4efa-935f-4cece97e3462@group-132BBF9CE083: start as a follower, conf=-1: [2a67462a-e1ca-4efa-935f-4cece97e3462|rpc:10.1.0.22:36103|priority:1], old=null
2022-06-27 16:57:38,945 [pool-900-thread-1] INFO  server.RaftServer$Division (RaftServerImpl.java:setRole(299)) - 2a67462a-e1ca-4efa-935f-4cece97e3462@group-132BBF9CE083: changes role from      null to FOLLOWER at term 0 for startAsFollower
2022-06-27 16:57:38,945 [pool-900-thread-1] INFO  impl.RoleInfo (RoleInfo.java:updateAndGet(139)) - 2a67462a-e1ca-4efa-935f-4cece97e3462: start 2a67462a-e1ca-4efa-935f-4cece97e3462@group-132BBF9CE083-FollowerState
2022-06-27 16:57:38,967 [pool-900-thread-1] INFO  util.JmxRegister (JmxRegister.java:tryRegister(44)) - Successfully registered JMX Bean with object name Ratis:service=RaftServer,group=group-132BBF9CE083,id=2a67462a-e1ca-4efa-935f-4cece97e3462
2022-06-27 16:57:38,984 [Command processor thread] INFO  ratis.XceiverServerRatis (XceiverServerRatis.java:addGroup(765)) - Created group PipelineID=16523341-5e55-4a7f-93db-132bbf9ce083
2022-06-27 16:57:38,984 [Command processor thread] INFO  commandhandler.CreatePipelineCommandHandler (CreatePipelineCommandHandler.java:handle(113)) - Created Pipeline RATIS ONE PipelineID=16523341-5e55-4a7f-93db-132bbf9ce083.
2022-06-27 16:57:38,993 [EventQueue-PipelineReportForPipelineReportHandler] INFO  pipeline.PipelineManagerImpl (PipelineManagerImpl.java:openPipeline(358)) - Pipeline Pipeline[ Id: 16523341-5e55-4a7f-93db-132bbf9ce083, Nodes: 2a67462a-e1ca-4efa-935f-4cece97e3462{ip: 10.1.0.22, host: fv-az215-30.fk02tkdpp51uda4i120yanydqb.bx.internal.cloudapp.net, ports: [REPLICATION=40819, RATIS=36103, RATIS_ADMIN=36103, RATIS_SERVER=36103, STANDALONE=33983], networkLocation: /default-rack, certSerialId: null, persistedOpState: IN_SERVICE, persistedOpStateExpiryEpochSec: 0}, ReplicationConfig: RATIS/ONE, State:ALLOCATED, leaderId:2a67462a-e1ca-4efa-935f-4cece97e3462, CreationTimestamp2022-06-27T16:57:35.850Z[Etc/UTC]] moved to OPEN state
2022-06-27 16:57:38,994 [EventQueue-OpenPipelineForHealthyPipelineSafeModeRule] INFO  safemode.SCMSafeModeManager (HealthyPipelineSafeModeRule.java:process(124)) - SCM in safe mode. Healthy pipelines reported count is 0, required healthy pipeline reported count is 1
2022-06-27 16:57:39,489 [Listener at 127.0.0.1/40965] INFO  ozone.MiniOzoneClusterImpl (MiniOzoneClusterImpl.java:lambda$waitForClusterToBeReady$0(223)) - Nodes are ready. Got 5 of 5 DN Heartbeats.
2022-06-27 16:57:39,489 [Listener at 127.0.0.1/40965] INFO  ozone.MiniOzoneClusterImpl (MiniOzoneClusterImpl.java:lambda$waitForClusterToBeReady$0(226)) - Waiting for cluster to exit safe mode
2022-06-27 16:57:39,489 [Listener at 127.0.0.1/40965] INFO  ozone.MiniOzoneClusterImpl (MiniOzoneClusterImpl.java:lambda$waitForClusterToBeReady$0(228)) - SCM became leader
2022-06-27 16:57:40,490 [Listener at 127.0.0.1/40965] INFO  ozone.MiniOzoneClusterImpl (MiniOzoneClusterImpl.java:lambda$waitForClusterToBeReady$0(223)) - Nodes are ready. Got 5 of 5 DN Heartbeats.
2022-06-27 16:57:40,490 [Listener at 127.0.0.1/40965] INFO  ozone.MiniOzoneClusterImpl (MiniOzoneClusterImpl.java:lambda$waitForClusterToBeReady$0(226)) - Waiting for cluster to exit safe mode
2022-06-27 16:57:40,490 [Listener at 127.0.0.1/40965] INFO  ozone.MiniOzoneClusterImpl (MiniOzoneClusterImpl.java:lambda$waitForClusterToBeReady$0(228)) - SCM became leader
2022-06-27 16:57:40,603 [Command processor thread] INFO  server.RaftServer (RaftServerProxy.java:addNew(96)) - 76a7023e-6ffd-4858-9dde-5e5449f270f0: addNew group-73FBE81BA22C:[76a7023e-6ffd-4858-9dde-5e5449f270f0|rpc:10.1.0.22:44129|priority:1] returns group-73FBE81BA22C:java.util.concurrent.CompletableFuture@3149734c[Not completed]
2022-06-27 16:57:40,633 [pool-931-thread-1] INFO  server.RaftServer$Division (RaftServerImpl.java:<init>(190)) - 76a7023e-6ffd-4858-9dde-5e5449f270f0: new RaftServerImpl for group-73FBE81BA22C:[76a7023e-6ffd-4858-9dde-5e5449f270f0|rpc:10.1.0.22:44129|priority:1] with ContainerStateMachine:uninitialized
2022-06-27 16:57:40,633 [pool-931-thread-1] INFO  server.RaftServerConfigKeys (ConfUtils.java:logGet(46)) - raft.server.rpc.timeout.min = 5s (custom)
2022-06-27 16:57:40,633 [pool-931-thread-1] INFO  server.RaftServerConfigKeys (ConfUtils.java:logGet(46)) - raft.server.rpc.timeout.max = 5200ms (custom)
2022-06-27 16:57:40,633 [pool-931-thread-1] INFO  server.RaftServerConfigKeys (ConfUtils.java:logGet(46)) - raft.server.rpc.sleep.time = 25ms (default)
2022-06-27 16:57:40,633 [pool-931-thread-1] INFO  server.RaftServerConfigKeys (ConfUtils.java:logGet(46)) - raft.server.rpc.slowness.timeout = 300s (custom)
2022-06-27 16:57:40,633 [pool-931-thread-1] INFO  server.RaftServerConfigKeys (ConfUtils.java:logGet(46)) - raft.server.leaderelection.leader.step-down.wait-time = 10s (default)
2022-06-27 16:57:40,633 [pool-931-thread-1] INFO  server.RaftServerConfigKeys (ConfUtils.java:logGet(46)) - raft.server.sleep.deviation.threshold = 300ms (default)
2022-06-27 16:57:40,633 [pool-931-thread-1] INFO  server.RaftServer$Division (ServerState.java:<init>(107)) - 76a7023e-6ffd-4858-9dde-5e5449f270f0@group-73FBE81BA22C: ConfigurationManager, init=-1: [76a7023e-6ffd-4858-9dde-5e5449f270f0|rpc:10.1.0.22:44129|priority:1], old=null, confs=<EMPTY_MAP>
2022-06-27 16:57:40,633 [pool-931-thread-1] INFO  server.RaftServerConfigKeys (ConfUtils.java:logGet(46)) - raft.server.storage.dir = [/home/runner/work/ozone/ozone/hadoop-ozone/integration-test/target/test-dir/MiniOzoneClusterImpl-5ad2835d-edcb-4821-8976-9d3b57c406ad/datanode-4/data/ratis] (custom)
2022-06-27 16:57:40,634 [pool-931-thread-1] INFO  server.RaftServerConfigKeys (ConfUtils.java:logGet(46)) - raft.server.log.corruption.policy = EXCEPTION (default)
2022-06-27 16:57:40,634 [pool-931-thread-1] INFO  server.RaftServerConfigKeys (ConfUtils.java:logGet(46)) - raft.server.storage.free-space.min = 0MB (=0) (default)
2022-06-27 16:57:40,634 [pool-931-thread-1] INFO  storage.RaftStorageDirectory (RaftStorageDirectoryImpl.java:analyzeStorage(135)) - The storage directory /home/runner/work/ozone/ozone/hadoop-ozone/integration-test/target/test-dir/MiniOzoneClusterImpl-5ad2835d-edcb-4821-8976-9d3b57c406ad/datanode-4/data/ratis/b5fe7ef2-7f80-4852-9c76-73fbe81ba22c does not exist. Creating ...
2022-06-27 16:57:40,649 [pool-931-thread-1] INFO  storage.RaftStorageDirectory (RaftStorageDirectoryImpl.java:tryLock(230)) - Lock on /home/runner/work/ozone/ozone/hadoop-ozone/integration-test/target/test-dir/MiniOzoneClusterImpl-5ad2835d-edcb-4821-8976-9d3b57c406ad/datanode-4/data/ratis/b5fe7ef2-7f80-4852-9c76-73fbe81ba22c/in_use.lock acquired by nodename 16603@fv-az215-30
2022-06-27 16:57:40,653 [pool-931-thread-1] INFO  storage.RaftStorage (RaftStorageImpl.java:format(89)) - Storage directory /home/runner/work/ozone/ozone/hadoop-ozone/integration-test/target/test-dir/MiniOzoneClusterImpl-5ad2835d-edcb-4821-8976-9d3b57c406ad/datanode-4/data/ratis/b5fe7ef2-7f80-4852-9c76-73fbe81ba22c has been successfully formatted.
2022-06-27 16:57:40,657 [pool-931-thread-1] INFO  ratis.ContainerStateMachine (ContainerStateMachine.java:loadSnapshot(236)) - group-73FBE81BA22C: The snapshot info is null. Setting the last applied indexto:(t:0, i:~)
2022-06-27 16:57:40,657 [pool-931-thread-1] INFO  server.RaftServerConfigKeys (ConfUtils.java:logGet(46)) - raft.server.notification.no-leader.timeout = 300s (custom)
2022-06-27 16:57:40,658 [pool-931-thread-1] INFO  server.RaftServerConfigKeys (ConfUtils.java:logGet(46)) - raft.server.log.use.memory = false (default)
2022-06-27 16:57:40,658 [pool-931-thread-1] INFO  server.RaftServerConfigKeys (ConfUtils.java:logGet(46)) - raft.server.log.purge.gap = 1000000 (custom)
2022-06-27 16:57:40,658 [pool-931-thread-1] INFO  server.RaftServerConfigKeys (ConfUtils.java:logGet(46)) - raft.server.log.appender.buffer.byte-limit = 33554432 (custom)
2022-06-27 16:57:40,658 [pool-931-thread-1] INFO  server.RaftServerConfigKeys (ConfUtils.java:logGet(46)) - raft.server.log.statemachine.data.read.timeout = 1000ms (default)
2022-06-27 16:57:40,658 [pool-931-thread-1] INFO  server.RaftServerConfigKeys (ConfUtils.java:logGet(46)) - raft.server.log.segment.size.max = 1048576 (custom)
2022-06-27 16:57:40,658 [pool-931-thread-1] INFO  server.RaftServerConfigKeys (ConfUtils.java:logGet(46)) - raft.server.log.segment.cache.num.max = 2 (custom)
2022-06-27 16:57:40,658 [pool-931-thread-1] INFO  server.RaftServerConfigKeys (ConfUtils.java:logGet(46)) - raft.server.log.segment.cache.size.max = 200MB (=209715200) (default)
2022-06-27 16:57:40,658 [pool-931-thread-1] INFO  segmented.SegmentedRaftLogWorker (SegmentedRaftLogWorker.java:<init>(187)) - new 76a7023e-6ffd-4858-9dde-5e5449f270f0@group-73FBE81BA22C-SegmentedRaftLogWorker for RaftStorageImpl:Storage Directory /home/runner/work/ozone/ozone/hadoop-ozone/integration-test/target/test-dir/MiniOzoneClusterImpl-5ad2835d-edcb-4821-8976-9d3b57c406ad/datanode-4/data/ratis/b5fe7ef2-7f80-4852-9c76-73fbe81ba22c
2022-06-27 16:57:40,658 [pool-931-thread-1] INFO  server.RaftServerConfigKeys (ConfUtils.java:logGet(46)) - raft.server.log.queue.byte-limit = 4294967296 (custom)
2022-06-27 16:57:40,658 [pool-931-thread-1] INFO  server.RaftServerConfigKeys (ConfUtils.java:logGet(46)) - raft.server.log.queue.element-limit = 1024 (custom)
2022-06-27 16:57:40,658 [pool-931-thread-1] INFO  server.RaftServerConfigKeys (ConfUtils.java:logGet(46)) - raft.server.log.segment.size.max = 1048576 (custom)
2022-06-27 16:57:40,658 [pool-931-thread-1] INFO  server.RaftServerConfigKeys (ConfUtils.java:logGet(46)) - raft.server.log.preallocated.size = 16384 (custom)
2022-06-27 16:57:40,659 [pool-931-thread-1] INFO  server.RaftServerConfigKeys (ConfUtils.java:logGet(46)) - raft.server.log.force.sync.num = 128 (default)
2022-06-27 16:57:40,659 [pool-931-thread-1] INFO  server.RaftServerConfigKeys (ConfUtils.java:logGet(46)) - raft.server.log.statemachine.data.sync = true (default)
2022-06-27 16:57:40,659 [pool-931-thread-1] INFO  server.RaftServerConfigKeys (ConfUtils.java:logGet(46)) - raft.server.log.statemachine.data.sync.timeout = 10s (default)
2022-06-27 16:57:40,659 [pool-931-thread-1] INFO  server.RaftServerConfigKeys (ConfUtils.java:logGet(46)) - raft.server.log.statemachine.data.sync.timeout.retry = -1 (default)
2022-06-27 16:57:40,662 [pool-931-thread-1] INFO  server.RaftServerConfigKeys (ConfUtils.java:logGet(46)) - raft.server.log.write.buffer.size = 1048576 (custom)
2022-06-27 16:57:40,662 [pool-931-thread-1] INFO  server.RaftServerConfigKeys (ConfUtils.java:logGet(46)) - raft.server.log.unsafe-flush.enabled = false (default)
2022-06-27 16:57:40,662 [pool-931-thread-1] INFO  server.RaftServerConfigKeys (ConfUtils.java:logGet(46)) - raft.server.log.statemachine.data.caching.enabled = true (custom)
2022-06-27 16:57:40,662 [pool-931-thread-1] INFO  segmented.SegmentedRaftLogWorker (SegmentedRaftLogWorker.java:lambda$new$0(135)) - 76a7023e-6ffd-4858-9dde-5e5449f270f0@group-73FBE81BA22C-SegmentedRaftLogWorker: flushIndex: setUnconditionally 0 -> -1
2022-06-27 16:57:40,698 [pool-931-thread-1] INFO  segmented.SegmentedRaftLogWorker (SegmentedRaftLogWorker.java:lambda$new$0(135)) - 76a7023e-6ffd-4858-9dde-5e5449f270f0@group-73FBE81BA22C-SegmentedRaftLogWorker: safeCacheEvictIndex: setUnconditionally 0 -> -1
2022-06-27 16:57:40,670 [EventQueue-PipelineReportForPipelineReportHandler] INFO  pipeline.PipelineManagerImpl (PipelineManagerImpl.java:openPipeline(358)) - Pipeline Pipeline[ Id: b5fe7ef2-7f80-4852-9c76-73fbe81ba22c, Nodes: 76a7023e-6ffd-4858-9dde-5e5449f270f0{ip: 10.1.0.22, host: fv-az215-30.fk02tkdpp51uda4i120yanydqb.bx.internal.cloudapp.net, ports: [REPLICATION=38361, RATIS=44129, RATIS_ADMIN=44129, RATIS_SERVER=44129, STANDALONE=35663], networkLocation: /default-rack, certSerialId: null, persistedOpState: IN_SERVICE, persistedOpStateExpiryEpochSec: 0}, ReplicationConfig: RATIS/ONE, State:ALLOCATED, leaderId:76a7023e-6ffd-4858-9dde-5e5449f270f0, CreationTimestamp2022-06-27T16:57:37.601Z[Etc/UTC]] moved to OPEN state
2022-06-27 16:57:40,698 [EventQueue-OpenPipelineForHealthyPipelineSafeModeRule] INFO  safemode.SCMSafeModeManager (HealthyPipelineSafeModeRule.java:process(124)) - SCM in safe mode. Healthy pipelines reported count is 0, required healthy pipeline reported count is 1
2022-06-27 16:57:40,704 [pool-931-thread-1] INFO  server.RaftServerConfigKeys (ConfUtils.java:logGet(46)) - raft.server.snapshot.auto.trigger.enabled = true (custom)
2022-06-27 16:57:40,704 [pool-931-thread-1] INFO  server.RaftServerConfigKeys (ConfUtils.java:logGet(46)) - raft.server.snapshot.auto.trigger.threshold = 10000 (custom)
2022-06-27 16:57:40,704 [pool-931-thread-1] INFO  server.RaftServerConfigKeys (ConfUtils.java:logGet(46)) - raft.server.snapshot.retention.file.num = 5 (custom)
2022-06-27 16:57:40,704 [pool-931-thread-1] INFO  server.RaftServerConfigKeys (ConfUtils.java:logGet(46)) - raft.server.log.purge.upto.snapshot.index = false (default)
2022-06-27 16:57:40,704 [pool-931-thread-1] INFO  server.RaftServerConfigKeys (ConfUtils.java:logGet(46)) - raft.server.retrycache.expirytime = 600000ms (custom)
2022-06-27 16:57:40,704 [pool-931-thread-1] INFO  server.RaftServerConfigKeys (ConfUtils.java:logGet(46)) - raft.server.retrycache.statistics.expirytime = 100μs (default)
2022-06-27 16:57:40,705 [pool-931-thread-1] INFO  server.RaftServerConfigKeys (ConfUtils.java:logGet(46)) - raft.server.log.appender.install.snapshot.enabled = false (custom)
2022-06-27 16:57:40,705 [pool-931-thread-1] INFO  server.RaftServerConfigKeys (ConfUtils.java:logGet(46)) - raft.server.threadpool.server.cached = true (default)
2022-06-27 16:57:40,706 [pool-931-thread-1] INFO  server.RaftServerConfigKeys (ConfUtils.java:logGet(46)) - raft.server.threadpool.server.size = 0 (default)
2022-06-27 16:57:40,706 [pool-931-thread-1] INFO  server.RaftServerConfigKeys (ConfUtils.java:logGet(46)) - raft.server.threadpool.client.cached = true (default)
2022-06-27 16:57:40,706 [pool-931-thread-1] INFO  server.RaftServerConfigKeys (ConfUtils.java:logGet(46)) - raft.server.threadpool.client.size = 0 (default)
2022-06-27 16:57:40,706 [pool-931-thread-1] INFO  server.RaftServer$Division (RaftServerImpl.java:start(310)) - 76a7023e-6ffd-4858-9dde-5e5449f270f0@group-73FBE81BA22C: start as a follower, conf=-1: [76a7023e-6ffd-4858-9dde-5e5449f270f0|rpc:10.1.0.22:44129|priority:1], old=null
2022-06-27 16:57:40,706 [pool-931-thread-1] INFO  server.RaftServer$Division (RaftServerImpl.java:setRole(299)) - 76a7023e-6ffd-4858-9dde-5e5449f270f0@group-73FBE81BA22C: changes role from      null to FOLLOWER at term 0 for startAsFollower
2022-06-27 16:57:40,706 [pool-931-thread-1] INFO  impl.RoleInfo (RoleInfo.java:updateAndGet(139)) - 76a7023e-6ffd-4858-9dde-5e5449f270f0: start 76a7023e-6ffd-4858-9dde-5e5449f270f0@group-73FBE81BA22C-FollowerState
2022-06-27 16:57:40,713 [pool-931-thread-1] INFO  util.JmxRegister (JmxRegister.java:tryRegister(44)) - Successfully registered JMX Bean with object name Ratis:service=RaftServer,group=group-73FBE81BA22C,id=76a7023e-6ffd-4858-9dde-5e5449f270f0
2022-06-27 16:57:40,725 [Command processor thread] INFO  ratis.XceiverServerRatis (XceiverServerRatis.java:addGroup(765)) - Created group PipelineID=b5fe7ef2-7f80-4852-9c76-73fbe81ba22c
2022-06-27 16:57:40,725 [Command processor thread] INFO  commandhandler.CreatePipelineCommandHandler (CreatePipelineCommandHandler.java:handle(113)) - Created Pipeline RATIS ONE PipelineID=b5fe7ef2-7f80-4852-9c76-73fbe81ba22c.
2022-06-27 16:57:41,491 [Listener at 127.0.0.1/40965] INFO  ozone.MiniOzoneClusterImpl (MiniOzoneClusterImpl.java:lambda$waitForClusterToBeReady$0(223)) - Nodes are ready. Got 5 of 5 DN Heartbeats.
2022-06-27 16:57:41,491 [Listener at 127.0.0.1/40965] INFO  ozone.MiniOzoneClusterImpl (MiniOzoneClusterImpl.java:lambda$waitForClusterToBeReady$0(226)) - Waiting for cluster to exit safe mode
2022-06-27 16:57:41,491 [Listener at 127.0.0.1/40965] INFO  ozone.MiniOzoneClusterImpl (MiniOzoneClusterImpl.java:lambda$waitForClusterToBeReady$0(228)) - SCM became leader
2022-06-27 16:57:41,943 [d50766be-5aa0-4516-a336-dcc66469e2a8@group-923D55732E8B-FollowerState] INFO  impl.FollowerState (FollowerState.java:run(143)) - d50766be-5aa0-4516-a336-dcc66469e2a8@group-923D55732E8B-FollowerState: change to CANDIDATE, lastRpcElapsedTime:5129151039ns, electionTimeout:5118ms
2022-06-27 16:57:41,943 [d50766be-5aa0-4516-a336-dcc66469e2a8@group-923D55732E8B-FollowerState] INFO  impl.RoleInfo (RoleInfo.java:shutdownFollowerState(110)) - d50766be-5aa0-4516-a336-dcc66469e2a8: shutdown d50766be-5aa0-4516-a336-dcc66469e2a8@group-923D55732E8B-FollowerState
2022-06-27 16:57:41,943 [d50766be-5aa0-4516-a336-dcc66469e2a8@group-923D55732E8B-FollowerState] INFO  server.RaftServer$Division (RaftServerImpl.java:setRole(299)) - d50766be-5aa0-4516-a336-dcc66469e2a8@group-923D55732E8B: changes role from  FOLLOWER to CANDIDATE at term 0 for changeToCandidate
2022-06-27 16:57:41,943 [d50766be-5aa0-4516-a336-dcc66469e2a8@group-923D55732E8B-FollowerState] INFO  server.RaftServerConfigKeys (ConfUtils.java:logGet(46)) - raft.server.leaderelection.pre-vote = false (custom)
2022-06-27 16:57:41,943 [d50766be-5aa0-4516-a336-dcc66469e2a8@group-923D55732E8B-FollowerState] INFO  impl.RoleInfo (RoleInfo.java:updateAndGet(139)) - d50766be-5aa0-4516-a336-dcc66469e2a8: start d50766be-5aa0-4516-a336-dcc66469e2a8@group-923D55732E8B-LeaderElection46
2022-06-27 16:57:41,999 [d50766be-5aa0-4516-a336-dcc66469e2a8@group-923D55732E8B-LeaderElection46] INFO  impl.LeaderElection (LeaderElection.java:askForVotes(310)) - d50766be-5aa0-4516-a336-dcc66469e2a8@group-923D55732E8B-LeaderElection46 ELECTION round 0: submit vote requests at term 1 for -1: [d50766be-5aa0-4516-a336-dcc66469e2a8|rpc:10.1.0.22:40223|priority:1], old=null
2022-06-27 16:57:41,999 [d50766be-5aa0-4516-a336-dcc66469e2a8@group-923D55732E8B-LeaderElection46] INFO  impl.LeaderElection (LeaderElection.java:askForVotes(312)) - d50766be-5aa0-4516-a336-dcc66469e2a8@group-923D55732E8B-LeaderElection46 ELECTION round 0: result PASSED (term=1)
2022-06-27 16:57:41,999 [d50766be-5aa0-4516-a336-dcc66469e2a8@group-923D55732E8B-LeaderElection46] INFO  impl.RoleInfo (RoleInfo.java:shutdownLeaderElection(130)) - d50766be-5aa0-4516-a336-dcc66469e2a8: shutdown d50766be-5aa0-4516-a336-dcc66469e2a8@group-923D55732E8B-LeaderElection46
2022-06-27 16:57:41,999 [d50766be-5aa0-4516-a336-dcc66469e2a8@group-923D55732E8B-LeaderElection46] INFO  server.RaftServer$Division (RaftServerImpl.java:setRole(299)) - d50766be-5aa0-4516-a336-dcc66469e2a8@group-923D55732E8B: changes role from CANDIDATE to LEADER at term 1 for changeToLeader
2022-06-27 16:57:41,999 [d50766be-5aa0-4516-a336-dcc66469e2a8@group-923D55732E8B-LeaderElection46] INFO  ratis.XceiverServerRatis (XceiverServerRatis.java:handleLeaderChangedNotification(863)) - Leader change notification received for group: group-923D55732E8B with new leaderId: d50766be-5aa0-4516-a336-dcc66469e2a8
2022-06-27 16:57:41,999 [d50766be-5aa0-4516-a336-dcc66469e2a8@group-923D55732E8B-LeaderElection46] INFO  server.RaftServer$Division (ServerState.java:setLeader(287)) - d50766be-5aa0-4516-a336-dcc66469e2a8@group-923D55732E8B: change Leader from null to d50766be-5aa0-4516-a336-dcc66469e2a8 at term 1 for becomeLeader, leader elected after 5190ms
2022-06-27 16:57:41,999 [d50766be-5aa0-4516-a336-dcc66469e2a8@group-923D55732E8B-LeaderElection46] INFO  server.RaftServerConfigKeys (ConfUtils.java:logGet(46)) - raft.server.staging.catchup.gap = 1000 (default)
2022-06-27 16:57:42,000 [d50766be-5aa0-4516-a336-dcc66469e2a8@group-923D55732E8B-LeaderElection46] INFO  server.RaftServerConfigKeys (ConfUtils.java:logGet(46)) - raft.server.write.element-limit = 1024 (custom)
2022-06-27 16:57:42,000 [d50766be-5aa0-4516-a336-dcc66469e2a8@group-923D55732E8B-LeaderElection46] INFO  server.RaftServerConfigKeys (ConfUtils.java:logGet(46)) - raft.server.write.byte-limit = 1024 M (=1073741824) (custom)
2022-06-27 16:57:42,000 [d50766be-5aa0-4516-a336-dcc66469e2a8@group-923D55732E8B-LeaderElection46] INFO  server.RaftServerConfigKeys (ConfUtils.java:logGet(46)) - raft.server.watch.timeout = 180s (custom)
2022-06-27 16:57:42,000 [d50766be-5aa0-4516-a336-dcc66469e2a8@group-923D55732E8B-LeaderElection46] INFO  server.RaftServerConfigKeys (ConfUtils.java:logGet(46)) - raft.server.watch.timeout.denomination = 1s (default)
2022-06-27 16:57:42,000 [d50766be-5aa0-4516-a336-dcc66469e2a8@group-923D55732E8B-LeaderElection46] INFO  server.RaftServerConfigKeys (ConfUtils.java:logGet(46)) - raft.server.watch.element-limit = 65536 (default)
2022-06-27 16:57:42,000 [d50766be-5aa0-4516-a336-dcc66469e2a8@group-923D55732E8B-LeaderElection46] INFO  server.RaftServerConfigKeys (ConfUtils.java:logGet(46)) - raft.server.write.element-limit = 1024 (custom)
2022-06-27 16:57:42,000 [d50766be-5aa0-4516-a336-dcc66469e2a8@group-923D55732E8B-LeaderElection46] INFO  server.RaftServerConfigKeys (ConfUtils.java:logGet(46)) - raft.server.write.follower.gap.ratio.max = -1.0 (default)
2022-06-27 16:57:42,000 [d50766be-5aa0-4516-a336-dcc66469e2a8@group-923D55732E8B-LeaderElection46] INFO  impl.RoleInfo (RoleInfo.java:updateAndGet(139)) - d50766be-5aa0-4516-a336-dcc66469e2a8: start d50766be-5aa0-4516-a336-dcc66469e2a8@group-923D55732E8B-LeaderStateImpl
2022-06-27 16:57:42,001 [d50766be-5aa0-4516-a336-dcc66469e2a8@group-923D55732E8B-LeaderElection46] INFO  segmented.SegmentedRaftLogWorker (SegmentedRaftLogWorker.java:startLogSegment(425)) - d50766be-5aa0-4516-a336-dcc66469e2a8@group-923D55732E8B-SegmentedRaftLogWorker: Starting segment from index:0
2022-06-27 16:57:42,002 [EventQueue-OpenPipelineForHealthyPipelineSafeModeRule] INFO  safemode.SCMSafeModeManager (HealthyPipelineSafeModeRule.java:process(124)) - SCM in safe mode. Healthy pipelines reported count is 0, required healthy pipeline reported count is 1
2022-06-27 16:57:42,002 [d50766be-5aa0-4516-a336-dcc66469e2a8@group-923D55732E8B-SegmentedRaftLogWorker] INFO  segmented.SegmentedRaftLogWorker (SegmentedRaftLogWorker.java:execute(629)) - d50766be-5aa0-4516-a336-dcc66469e2a8@group-923D55732E8B-SegmentedRaftLogWorker: created new log segment /home/runner/work/ozone/ozone/hadoop-ozone/integration-test/target/test-dir/MiniOzoneClusterImpl-5ad2835d-edcb-4821-8976-9d3b57c406ad/datanode-0/data/ratis/c490369c-09aa-406b-87ff-923d55732e8b/current/log_inprogress_0
2022-06-27 16:57:42,022 [d50766be-5aa0-4516-a336-dcc66469e2a8@group-F76DDF9E5011-FollowerState] INFO  impl.FollowerState (FollowerState.java:run(143)) - d50766be-5aa0-4516-a336-dcc66469e2a8@group-F76DDF9E5011-FollowerState: change to CANDIDATE, lastRpcElapsedTime:5127336420ns, electionTimeout:5120ms
2022-06-27 16:57:42,022 [d50766be-5aa0-4516-a336-dcc66469e2a8@group-F76DDF9E5011-FollowerState] INFO  impl.RoleInfo (RoleInfo.java:shutdownFollowerState(110)) - d50766be-5aa0-4516-a336-dcc66469e2a8: shutdown d50766be-5aa0-4516-a336-dcc66469e2a8@group-F76DDF9E5011-FollowerState
2022-06-27 16:57:42,022 [d50766be-5aa0-4516-a336-dcc66469e2a8@group-F76DDF9E5011-FollowerState] INFO  server.RaftServer$Division (RaftServerImpl.java:setRole(299)) - d50766be-5aa0-4516-a336-dcc66469e2a8@group-F76DDF9E5011: changes role from  FOLLOWER to CANDIDATE at term 0 for changeToCandidate
2022-06-27 16:57:42,022 [d50766be-5aa0-4516-a336-dcc66469e2a8@group-F76DDF9E5011-FollowerState] INFO  server.RaftServerConfigKeys (ConfUtils.java:logGet(46)) - raft.server.leaderelection.pre-vote = false (custom)
2022-06-27 16:57:42,022 [d50766be-5aa0-4516-a336-dcc66469e2a8@group-F76DDF9E5011-FollowerState] INFO  impl.RoleInfo (RoleInfo.java:updateAndGet(139)) - d50766be-5aa0-4516-a336-dcc66469e2a8: start d50766be-5aa0-4516-a336-dcc66469e2a8@group-F76DDF9E5011-LeaderElection47
2022-06-27 16:57:42,022 [d50766be-5aa0-4516-a336-dcc66469e2a8@group-923D55732E8B-LeaderElection46] INFO  server.RaftServer$Division (ServerState.java:setRaftConf(393)) - d50766be-5aa0-4516-a336-dcc66469e2a8@group-923D55732E8B: set configuration 0: [d50766be-5aa0-4516-a336-dcc66469e2a8|rpc:10.1.0.22:40223|dataStream:|priority:1], old=null
2022-06-27 16:57:42,088 [d50766be-5aa0-4516-a336-dcc66469e2a8@group-F76DDF9E5011-LeaderElection47] INFO  impl.LeaderElection (LeaderElection.java:askForVotes(310)) - d50766be-5aa0-4516-a336-dcc66469e2a8@group-F76DDF9E5011-LeaderElection47 ELECTION round 0: submit vote requests at term 1 for -1: [dcd286b6-9f7a-4746-8dc4-f6b4b45daddf|rpc:10.1.0.22:37187|priority:0, 59b1e939-7f3e-448e-a48d-ff530bcc538d|rpc:10.1.0.22:33279|priority:1, d50766be-5aa0-4516-a336-dcc66469e2a8|rpc:10.1.0.22:40223|priority:0], old=null
2022-06-27 16:57:42,178 [grpc-default-executor-1] INFO  server.RaftServer$Division (RaftServerImpl.java:requestVote(1152)) - 59b1e939-7f3e-448e-a48d-ff530bcc538d@group-F76DDF9E5011: receive requestVote(ELECTION, d50766be-5aa0-4516-a336-dcc66469e2a8, group-F76DDF9E5011, 1, (t:0, i:0))
2022-06-27 16:57:42,179 [grpc-default-executor-1] INFO  impl.VoteContext (VoteContext.java:log(48)) - 59b1e939-7f3e-448e-a48d-ff530bcc538d@group-F76DDF9E5011-FOLLOWER: reject ELECTION from d50766be-5aa0-4516-a336-dcc66469e2a8: our priority 1 > candidate's priority 0
2022-06-27 16:57:42,179 [grpc-default-executor-1] INFO  server.RaftServer$Division (RaftServerImpl.java:setRole(299)) - 59b1e939-7f3e-448e-a48d-ff530bcc538d@group-F76DDF9E5011: changes role from  FOLLOWER to FOLLOWER at term 1 for candidate:d50766be-5aa0-4516-a336-dcc66469e2a8
2022-06-27 16:57:42,179 [grpc-default-executor-1] INFO  impl.RoleInfo (RoleInfo.java:shutdownFollowerState(110)) - 59b1e939-7f3e-448e-a48d-ff530bcc538d: shutdown 59b1e939-7f3e-448e-a48d-ff530bcc538d@group-F76DDF9E5011-FollowerState
2022-06-27 16:57:42,179 [grpc-default-executor-1] INFO  impl.RoleInfo (RoleInfo.java:updateAndGet(139)) - 59b1e939-7f3e-448e-a48d-ff530bcc538d: start 59b1e939-7f3e-448e-a48d-ff530bcc538d@group-F76DDF9E5011-FollowerState
2022-06-27 16:57:42,179 [59b1e939-7f3e-448e-a48d-ff530bcc538d@group-F76DDF9E5011-FollowerState] INFO  impl.FollowerState (FollowerState.java:run(152)) - 59b1e939-7f3e-448e-a48d-ff530bcc538d@group-F76DDF9E5011-FollowerState was interrupted
2022-06-27 16:57:42,180 [grpc-default-executor-1] INFO  server.RaftServer$Division (RaftServerImpl.java:requestVote(1184)) - 59b1e939-7f3e-448e-a48d-ff530bcc538d@group-F76DDF9E5011 replies to ELECTION vote request: d50766be-5aa0-4516-a336-dcc66469e2a8<-59b1e939-7f3e-448e-a48d-ff530bcc538d#0:FAIL-t1. Peer's state: 59b1e939-7f3e-448e-a48d-ff530bcc538d@group-F76DDF9E5011:t1, leader=null, voted=null, raftlog=59b1e939-7f3e-448e-a48d-ff530bcc538d@group-F76DDF9E5011-SegmentedRaftLog:OPENED:c-1, conf=-1: [dcd286b6-9f7a-4746-8dc4-f6b4b45daddf|rpc:10.1.0.22:37187|priority:0, 59b1e939-7f3e-448e-a48d-ff530bcc538d|rpc:10.1.0.22:33279|priority:1, d50766be-5aa0-4516-a336-dcc66469e2a8|rpc:10.1.0.22:40223|priority:0], old=null
2022-06-27 16:57:42,189 [d50766be-5aa0-4516-a336-dcc66469e2a8@group-F76DDF9E5011-LeaderElection47] INFO  impl.LeaderElection (LeaderElection.java:logAndReturn(90)) - d50766be-5aa0-4516-a336-dcc66469e2a8@group-F76DDF9E5011-LeaderElection47: ELECTION REJECTED received 1 response(s) and 0 exception(s):
2022-06-27 16:57:42,189 [d50766be-5aa0-4516-a336-dcc66469e2a8@group-F76DDF9E5011-LeaderElection47] INFO  impl.LeaderElection (LeaderElection.java:logAndReturn(94)) -   Response 0: d50766be-5aa0-4516-a336-dcc66469e2a8<-59b1e939-7f3e-448e-a48d-ff530bcc538d#0:FAIL-t1
2022-06-27 16:57:42,189 [d50766be-5aa0-4516-a336-dcc66469e2a8@group-F76DDF9E5011-LeaderElection47] INFO  impl.LeaderElection (LeaderElection.java:askForVotes(312)) - d50766be-5aa0-4516-a336-dcc66469e2a8@group-F76DDF9E5011-LeaderElection47 ELECTION round 0: result REJECTED
2022-06-27 16:57:42,189 [d50766be-5aa0-4516-a336-dcc66469e2a8@group-F76DDF9E5011-LeaderElection47] INFO  server.RaftServer$Division (RaftServerImpl.java:setRole(299)) - d50766be-5aa0-4516-a336-dcc66469e2a8@group-F76DDF9E5011: changes role from CANDIDATE to FOLLOWER at term 1 for REJECTED
2022-06-27 16:57:42,189 [d50766be-5aa0-4516-a336-dcc66469e2a8@group-F76DDF9E5011-LeaderElection47] INFO  impl.RoleInfo (RoleInfo.java:shutdownLeaderElection(130)) - d50766be-5aa0-4516-a336-dcc66469e2a8: shutdown d50766be-5aa0-4516-a336-dcc66469e2a8@group-F76DDF9E5011-LeaderElection47
2022-06-27 16:57:42,189 [d50766be-5aa0-4516-a336-dcc66469e2a8@group-F76DDF9E5011-LeaderElection47] INFO  impl.RoleInfo (RoleInfo.java:updateAndGet(139)) - d50766be-5aa0-4516-a336-dcc66469e2a8: start d50766be-5aa0-4516-a336-dcc66469e2a8@group-F76DDF9E5011-FollowerState
2022-06-27 16:57:42,237 [grpc-default-executor-1] INFO  server.RaftServer$Division (RaftServerImpl.java:requestVote(1152)) - dcd286b6-9f7a-4746-8dc4-f6b4b45daddf@group-F76DDF9E5011: receive requestVote(ELECTION, d50766be-5aa0-4516-a336-dcc66469e2a8, group-F76DDF9E5011, 1, (t:0, i:0))
2022-06-27 16:57:42,237 [grpc-default-executor-1] INFO  impl.VoteContext (VoteContext.java:log(48)) - dcd286b6-9f7a-4746-8dc4-f6b4b45daddf@group-F76DDF9E5011-FOLLOWER: accept ELECTION from d50766be-5aa0-4516-a336-dcc66469e2a8: our priority 0 <= candidate's priority 0
2022-06-27 16:57:42,237 [grpc-default-executor-1] INFO  server.RaftServer$Division (RaftServerImpl.java:setRole(299)) - dcd286b6-9f7a-4746-8dc4-f6b4b45daddf@group-F76DDF9E5011: changes role from  FOLLOWER to FOLLOWER at term 1 for candidate:d50766be-5aa0-4516-a336-dcc66469e2a8
2022-06-27 16:57:42,237 [grpc-default-executor-1] INFO  impl.RoleInfo (RoleInfo.java:shutdownFollowerState(110)) - dcd286b6-9f7a-4746-8dc4-f6b4b45daddf: shutdown dcd286b6-9f7a-4746-8dc4-f6b4b45daddf@group-F76DDF9E5011-FollowerState
2022-06-27 16:57:42,237 [grpc-default-executor-1] INFO  impl.RoleInfo (RoleInfo.java:updateAndGet(139)) - dcd286b6-9f7a-4746-8dc4-f6b4b45daddf: start dcd286b6-9f7a-4746-8dc4-f6b4b45daddf@group-F76DDF9E5011-FollowerState
2022-06-27 16:57:42,237 [dcd286b6-9f7a-4746-8dc4-f6b4b45daddf@group-F76DDF9E5011-FollowerState] INFO  impl.FollowerState (FollowerState.java:run(152)) - dcd286b6-9f7a-4746-8dc4-f6b4b45daddf@group-F76DDF9E5011-FollowerState was interrupted
2022-06-27 16:57:42,282 [grpc-default-executor-1] INFO  server.RaftServer$Division (RaftServerImpl.java:requestVote(1184)) - dcd286b6-9f7a-4746-8dc4-f6b4b45daddf@group-F76DDF9E5011 replies to ELECTION vote request: d50766be-5aa0-4516-a336-dcc66469e2a8<-dcd286b6-9f7a-4746-8dc4-f6b4b45daddf#0:OK-t1. Peer's state: dcd286b6-9f7a-4746-8dc4-f6b4b45daddf@group-F76DDF9E5011:t1, leader=null, voted=d50766be-5aa0-4516-a336-dcc66469e2a8, raftlog=dcd286b6-9f7a-4746-8dc4-f6b4b45daddf@group-F76DDF9E5011-SegmentedRaftLog:OPENED:c-1, conf=-1: [dcd286b6-9f7a-4746-8dc4-f6b4b45daddf|rpc:10.1.0.22:37187|dataStream:|priority:0, 59b1e939-7f3e-448e-a48d-ff530bcc538d|rpc:10.1.0.22:33279|dataStream:|priority:1, d50766be-5aa0-4516-a336-dcc66469e2a8|rpc:10.1.0.22:40223|dataStream:|priority:0], old=null
2022-06-27 16:57:42,329 [59b1e939-7f3e-448e-a48d-ff530bcc538d@group-6CF8B04C718F-FollowerState] INFO  impl.FollowerState (FollowerState.java:run(143)) - 59b1e939-7f3e-448e-a48d-ff530bcc538d@group-6CF8B04C718F-FollowerState: change to CANDIDATE, lastRpcElapsedTime:5138229514ns, electionTimeout:5132ms
2022-06-27 16:57:42,329 [59b1e939-7f3e-448e-a48d-ff530bcc538d@group-6CF8B04C718F-FollowerState] INFO  impl.RoleInfo (RoleInfo.java:shutdownFollowerState(110)) - 59b1e939-7f3e-448e-a48d-ff530bcc538d: shutdown 59b1e939-7f3e-448e-a48d-ff530bcc538d@group-6CF8B04C718F-FollowerState
2022-06-27 16:57:42,329 [59b1e939-7f3e-448e-a48d-ff530bcc538d@group-6CF8B04C718F-FollowerState] INFO  server.RaftServer$Division (RaftServerImpl.java:setRole(299)) - 59b1e939-7f3e-448e-a48d-ff530bcc538d@group-6CF8B04C718F: changes role from  FOLLOWER to CANDIDATE at term 0 for changeToCandidate
2022-06-27 16:57:42,329 [59b1e939-7f3e-448e-a48d-ff530bcc538d@group-6CF8B04C718F-FollowerState] INFO  server.RaftServerConfigKeys (ConfUtils.java:logGet(46)) - raft.server.leaderelection.pre-vote = false (custom)
2022-06-27 16:57:42,329 [59b1e939-7f3e-448e-a48d-ff530bcc538d@group-6CF8B04C718F-FollowerState] INFO  impl.RoleInfo (RoleInfo.java:updateAndGet(139)) - 59b1e939-7f3e-448e-a48d-ff530bcc538d: start 59b1e939-7f3e-448e-a48d-ff530bcc538d@group-6CF8B04C718F-LeaderElection48
2022-06-27 16:57:42,417 [59b1e939-7f3e-448e-a48d-ff530bcc538d@group-6CF8B04C718F-LeaderElection48] INFO  impl.LeaderElection (LeaderElection.java:askForVotes(310)) - 59b1e939-7f3e-448e-a48d-ff530bcc538d@group-6CF8B04C718F-LeaderElection48 ELECTION round 0: submit vote requests at term 1 for -1: [59b1e939-7f3e-448e-a48d-ff530bcc538d|rpc:10.1.0.22:33279|priority:1], old=null
2022-06-27 16:57:42,417 [59b1e939-7f3e-448e-a48d-ff530bcc538d@group-6CF8B04C718F-LeaderElection48] INFO  impl.LeaderElection (LeaderElection.java:askForVotes(312)) - 59b1e939-7f3e-448e-a48d-ff530bcc538d@group-6CF8B04C718F-LeaderElection48 ELECTION round 0: result PASSED (term=1)
2022-06-27 16:57:42,417 [59b1e939-7f3e-448e-a48d-ff530bcc538d@group-6CF8B04C718F-LeaderElection48] INFO  impl.RoleInfo (RoleInfo.java:shutdownLeaderElection(130)) - 59b1e939-7f3e-448e-a48d-ff530bcc538d: shutdown 59b1e939-7f3e-448e-a48d-ff530bcc538d@group-6CF8B04C718F-LeaderElection48
2022-06-27 16:57:42,417 [59b1e939-7f3e-448e-a48d-ff530bcc538d@group-6CF8B04C718F-LeaderElection48] INFO  server.RaftServer$Division (RaftServerImpl.java:setRole(299)) - 59b1e939-7f3e-448e-a48d-ff530bcc538d@group-6CF8B04C718F: changes role from CANDIDATE to LEADER at term 1 for changeToLeader
2022-06-27 16:57:42,417 [59b1e939-7f3e-448e-a48d-ff530bcc538d@group-6CF8B04C718F-LeaderElection48] INFO  ratis.XceiverServerRatis (XceiverServerRatis.java:handleLeaderChangedNotification(863)) - Leader change notification received for group: group-6CF8B04C718F with new leaderId: 59b1e939-7f3e-448e-a48d-ff530bcc538d
2022-06-27 16:57:42,417 [59b1e939-7f3e-448e-a48d-ff530bcc538d@group-6CF8B04C718F-LeaderElection48] INFO  server.RaftServer$Division (ServerState.java:setLeader(287)) - 59b1e939-7f3e-448e-a48d-ff530bcc538d@group-6CF8B04C718F: change Leader from null to 59b1e939-7f3e-448e-a48d-ff530bcc538d at term 1 for becomeLeader, leader elected after 5242ms
2022-06-27 16:57:42,417 [59b1e939-7f3e-448e-a48d-ff530bcc538d@group-6CF8B04C718F-LeaderElection48] INFO  server.RaftServerConfigKeys (ConfUtils.java:logGet(46)) - raft.server.staging.catchup.gap = 1000 (default)
2022-06-27 16:57:42,420 [EventQueue-OpenPipelineForHealthyPipelineSafeModeRule] INFO  safemode.SCMSafeModeManager (HealthyPipelineSafeModeRule.java:process(124)) - SCM in safe mode. Healthy pipelines reported count is 0, required healthy pipeline reported count is 1
2022-06-27 16:57:42,420 [59b1e939-7f3e-448e-a48d-ff530bcc538d@group-6CF8B04C718F-LeaderElection48] INFO  server.RaftServerConfigKeys (ConfUtils.java:logGet(46)) - raft.server.write.element-limit = 1024 (custom)
2022-06-27 16:57:42,420 [59b1e939-7f3e-448e-a48d-ff530bcc538d@group-6CF8B04C718F-LeaderElection48] INFO  server.RaftServerConfigKeys (ConfUtils.java:logGet(46)) - raft.server.write.byte-limit = 1024 M (=1073741824) (custom)
2022-06-27 16:57:42,420 [59b1e939-7f3e-448e-a48d-ff530bcc538d@group-6CF8B04C718F-LeaderElection48] INFO  server.RaftServerConfigKeys (ConfUtils.java:logGet(46)) - raft.server.watch.timeout = 180s (custom)
2022-06-27 16:57:42,420 [59b1e939-7f3e-448e-a48d-ff530bcc538d@group-6CF8B04C718F-LeaderElection48] INFO  server.RaftServerConfigKeys (ConfUtils.java:logGet(46)) - raft.server.watch.timeout.denomination = 1s (default)
2022-06-27 16:57:42,420 [59b1e939-7f3e-448e-a48d-ff530bcc538d@group-6CF8B04C718F-LeaderElection48] INFO  server.RaftServerConfigKeys (ConfUtils.java:logGet(46)) - raft.server.watch.element-limit = 65536 (default)
2022-06-27 16:57:42,421 [59b1e939-7f3e-448e-a48d-ff530bcc538d@group-6CF8B04C718F-LeaderElection48] INFO  server.RaftServerConfigKeys (ConfUtils.java:logGet(46)) - raft.server.write.element-limit = 1024 (custom)
2022-06-27 16:57:42,421 [59b1e939-7f3e-448e-a48d-ff530bcc538d@group-6CF8B04C718F-LeaderElection48] INFO  server.RaftServerConfigKeys (ConfUtils.java:logGet(46)) - raft.server.write.follower.gap.ratio.max = -1.0 (default)
2022-06-27 16:57:42,421 [59b1e939-7f3e-448e-a48d-ff530bcc538d@group-6CF8B04C718F-LeaderElection48] INFO  impl.RoleInfo (RoleInfo.java:updateAndGet(139)) - 59b1e939-7f3e-448e-a48d-ff530bcc538d: start 59b1e939-7f3e-448e-a48d-ff530bcc538d@group-6CF8B04C718F-LeaderStateImpl
2022-06-27 16:57:42,421 [59b1e939-7f3e-448e-a48d-ff530bcc538d@group-6CF8B04C718F-LeaderElection48] INFO  segmented.SegmentedRaftLogWorker (SegmentedRaftLogWorker.java:startLogSegment(425)) - 59b1e939-7f3e-448e-a48d-ff530bcc538d@group-6CF8B04C718F-SegmentedRaftLogWorker: Starting segment from index:0
2022-06-27 16:57:42,422 [59b1e939-7f3e-448e-a48d-ff530bcc538d@group-6CF8B04C718F-SegmentedRaftLogWorker] INFO  segmented.SegmentedRaftLogWorker (SegmentedRaftLogWorker.java:execute(629)) - 59b1e939-7f3e-448e-a48d-ff530bcc538d@group-6CF8B04C718F-SegmentedRaftLogWorker: created new log segment /home/runner/work/ozone/ozone/hadoop-ozone/integration-test/target/test-dir/MiniOzoneClusterImpl-5ad2835d-edcb-4821-8976-9d3b57c406ad/datanode-1/data/ratis/fbaa2a87-678f-4996-8961-6cf8b04c718f/current/log_inprogress_0
2022-06-27 16:57:42,461 [59b1e939-7f3e-448e-a48d-ff530bcc538d@group-6CF8B04C718F-LeaderElection48] INFO  server.RaftServer$Division (ServerState.java:setRaftConf(393)) - 59b1e939-7f3e-448e-a48d-ff530bcc538d@group-6CF8B04C718F: set configuration 0: [59b1e939-7f3e-448e-a48d-ff530bcc538d|rpc:10.1.0.22:33279|dataStream:|priority:1], old=null
2022-06-27 16:57:42,491 [Listener at 127.0.0.1/40965] INFO  ozone.MiniOzoneClusterImpl (MiniOzoneClusterImpl.java:lambda$waitForClusterToBeReady$0(223)) - Nodes are ready. Got 5 of 5 DN Heartbeats.
2022-06-27 16:57:42,492 [Listener at 127.0.0.1/40965] INFO  ozone.MiniOzoneClusterImpl (MiniOzoneClusterImpl.java:lambda$waitForClusterToBeReady$0(226)) - Waiting for cluster to exit safe mode
2022-06-27 16:57:42,492 [Listener at 127.0.0.1/40965] INFO  ozone.MiniOzoneClusterImpl (MiniOzoneClusterImpl.java:lambda$waitForClusterToBeReady$0(228)) - SCM became leader
2022-06-27 16:57:42,845 [d50766be-5aa0-4516-a336-dcc66469e2a8@group-9F43F2F298D9-FollowerState] INFO  impl.FollowerState (FollowerState.java:run(143)) - d50766be-5aa0-4516-a336-dcc66469e2a8@group-9F43F2F298D9-FollowerState: change to CANDIDATE, lastRpcElapsedTime:5189132778ns, electionTimeout:5173ms
2022-06-27 16:57:42,845 [d50766be-5aa0-4516-a336-dcc66469e2a8@group-9F43F2F298D9-FollowerState] INFO  impl.RoleInfo (RoleInfo.java:shutdownFollowerState(110)) - d50766be-5aa0-4516-a336-dcc66469e2a8: shutdown d50766be-5aa0-4516-a336-dcc66469e2a8@group-9F43F2F298D9-FollowerState
2022-06-27 16:57:42,845 [d50766be-5aa0-4516-a336-dcc66469e2a8@group-9F43F2F298D9-FollowerState] INFO  server.RaftServer$Division (RaftServerImpl.java:setRole(299)) - d50766be-5aa0-4516-a336-dcc66469e2a8@group-9F43F2F298D9: changes role from  FOLLOWER to CANDIDATE at term 0 for changeToCandidate
2022-06-27 16:57:42,845 [d50766be-5aa0-4516-a336-dcc66469e2a8@group-9F43F2F298D9-FollowerState] INFO  server.RaftServerConfigKeys (ConfUtils.java:logGet(46)) - raft.server.leaderelection.pre-vote = false (custom)
2022-06-27 16:57:42,845 [d50766be-5aa0-4516-a336-dcc66469e2a8@group-9F43F2F298D9-FollowerState] INFO  impl.RoleInfo (RoleInfo.java:updateAndGet(139)) - d50766be-5aa0-4516-a336-dcc66469e2a8: start d50766be-5aa0-4516-a336-dcc66469e2a8@group-9F43F2F298D9-LeaderElection49
2022-06-27 16:57:42,876 [d50766be-5aa0-4516-a336-dcc66469e2a8@group-9F43F2F298D9-LeaderElection49] INFO  impl.LeaderElection (LeaderElection.java:askForVotes(310)) - d50766be-5aa0-4516-a336-dcc66469e2a8@group-9F43F2F298D9-LeaderElection49 ELECTION round 0: submit vote requests at term 1 for -1: [dcd286b6-9f7a-4746-8dc4-f6b4b45daddf|rpc:10.1.0.22:37187|priority:1, 59b1e939-7f3e-448e-a48d-ff530bcc538d|rpc:10.1.0.22:33279|priority:0, d50766be-5aa0-4516-a336-dcc66469e2a8|rpc:10.1.0.22:40223|priority:0], old=null
2022-06-27 16:57:42,906 [grpc-default-executor-1] INFO  server.RaftServer$Division (RaftServerImpl.java:requestVote(1152)) - dcd286b6-9f7a-4746-8dc4-f6b4b45daddf@group-9F43F2F298D9: receive requestVote(ELECTION, d50766be-5aa0-4516-a336-dcc66469e2a8, group-9F43F2F298D9, 1, (t:0, i:0))
2022-06-27 16:57:42,906 [grpc-default-executor-1] INFO  impl.VoteContext (VoteContext.java:log(48)) - dcd286b6-9f7a-4746-8dc4-f6b4b45daddf@group-9F43F2F298D9-FOLLOWER: reject ELECTION from d50766be-5aa0-4516-a336-dcc66469e2a8: our priority 1 > candidate's priority 0
2022-06-27 16:57:42,906 [grpc-default-executor-1] INFO  server.RaftServer$Division (RaftServerImpl.java:setRole(299)) - dcd286b6-9f7a-4746-8dc4-f6b4b45daddf@group-9F43F2F298D9: changes role from  FOLLOWER to FOLLOWER at term 1 for candidate:d50766be-5aa0-4516-a336-dcc66469e2a8
2022-06-27 16:57:42,906 [grpc-default-executor-1] INFO  impl.RoleInfo (RoleInfo.java:shutdownFollowerState(110)) - dcd286b6-9f7a-4746-8dc4-f6b4b45daddf: shutdown dcd286b6-9f7a-4746-8dc4-f6b4b45daddf@group-9F43F2F298D9-FollowerState
2022-06-27 16:57:42,906 [grpc-default-executor-1] INFO  impl.RoleInfo (RoleInfo.java:updateAndGet(139)) - dcd286b6-9f7a-4746-8dc4-f6b4b45daddf: start dcd286b6-9f7a-4746-8dc4-f6b4b45daddf@group-9F43F2F298D9-FollowerState
2022-06-27 16:57:42,906 [dcd286b6-9f7a-4746-8dc4-f6b4b45daddf@group-9F43F2F298D9-FollowerState] INFO  impl.FollowerState (FollowerState.java:run(152)) - dcd286b6-9f7a-4746-8dc4-f6b4b45daddf@group-9F43F2F298D9-FollowerState was interrupted
2022-06-27 16:57:42,952 [grpc-default-executor-0] INFO  server.RaftServer$Division (RaftServerImpl.java:requestVote(1152)) - 59b1e939-7f3e-448e-a48d-ff530bcc538d@group-9F43F2F298D9: receive requestVote(ELECTION, d50766be-5aa0-4516-a336-dcc66469e2a8, group-9F43F2F298D9, 1, (t:0, i:0))
2022-06-27 16:57:42,952 [grpc-default-executor-0] INFO  impl.VoteContext (VoteContext.java:log(48)) - 59b1e939-7f3e-448e-a48d-ff530bcc538d@group-9F43F2F298D9-FOLLOWER: accept ELECTION from d50766be-5aa0-4516-a336-dcc66469e2a8: our priority 0 <= candidate's priority 0
2022-06-27 16:57:42,952 [grpc-default-executor-0] INFO  server.RaftServer$Division (RaftServerImpl.java:setRole(299)) - 59b1e939-7f3e-448e-a48d-ff530bcc538d@group-9F43F2F298D9: changes role from  FOLLOWER to FOLLOWER at term 1 for candidate:d50766be-5aa0-4516-a336-dcc66469e2a8
2022-06-27 16:57:42,952 [grpc-default-executor-0] INFO  impl.RoleInfo (RoleInfo.java:shutdownFollowerState(110)) - 59b1e939-7f3e-448e-a48d-ff530bcc538d: shutdown 59b1e939-7f3e-448e-a48d-ff530bcc538d@group-9F43F2F298D9-FollowerState
2022-06-27 16:57:42,952 [grpc-default-executor-0] INFO  impl.RoleInfo (RoleInfo.java:updateAndGet(139)) - 59b1e939-7f3e-448e-a48d-ff530bcc538d: start 59b1e939-7f3e-448e-a48d-ff530bcc538d@group-9F43F2F298D9-FollowerState
2022-06-27 16:57:42,952 [59b1e939-7f3e-448e-a48d-ff530bcc538d@group-9F43F2F298D9-FollowerState] INFO  impl.FollowerState (FollowerState.java:run(152)) - 59b1e939-7f3e-448e-a48d-ff530bcc538d@group-9F43F2F298D9-FollowerState was interrupted
2022-06-27 16:57:42,953 [grpc-default-executor-1] INFO  server.RaftServer$Division (RaftServerImpl.java:requestVote(1184)) - dcd286b6-9f7a-4746-8dc4-f6b4b45daddf@group-9F43F2F298D9 replies to ELECTION vote request: d50766be-5aa0-4516-a336-dcc66469e2a8<-dcd286b6-9f7a-4746-8dc4-f6b4b45daddf#0:FAIL-t1. Peer's state: dcd286b6-9f7a-4746-8dc4-f6b4b45daddf@group-9F43F2F298D9:t1, leader=null, voted=null, raftlog=dcd286b6-9f7a-4746-8dc4-f6b4b45daddf@group-9F43F2F298D9-SegmentedRaftLog:OPENED:c-1, conf=-1: [dcd286b6-9f7a-4746-8dc4-f6b4b45daddf|rpc:10.1.0.22:37187|dataStream:|priority:1, 59b1e939-7f3e-448e-a48d-ff530bcc538d|rpc:10.1.0.22:33279|dataStream:|priority:0, d50766be-5aa0-4516-a336-dcc66469e2a8|rpc:10.1.0.22:40223|dataStream:|priority:0], old=null
2022-06-27 16:57:42,975 [grpc-default-executor-0] INFO  server.RaftServer$Division (RaftServerImpl.java:requestVote(1184)) - 59b1e939-7f3e-448e-a48d-ff530bcc538d@group-9F43F2F298D9 replies to ELECTION vote request: d50766be-5aa0-4516-a336-dcc66469e2a8<-59b1e939-7f3e-448e-a48d-ff530bcc538d#0:OK-t1. Peer's state: 59b1e939-7f3e-448e-a48d-ff530bcc538d@group-9F43F2F298D9:t1, leader=null, voted=d50766be-5aa0-4516-a336-dcc66469e2a8, raftlog=59b1e939-7f3e-448e-a48d-ff530bcc538d@group-9F43F2F298D9-SegmentedRaftLog:OPENED:c-1, conf=-1: [dcd286b6-9f7a-4746-8dc4-f6b4b45daddf|rpc:10.1.0.22:37187|priority:1, 59b1e939-7f3e-448e-a48d-ff530bcc538d|rpc:10.1.0.22:33279|priority:0, d50766be-5aa0-4516-a336-dcc66469e2a8|rpc:10.1.0.22:40223|priority:0], old=null
2022-06-27 16:57:43,000 [d50766be-5aa0-4516-a336-dcc66469e2a8@group-9F43F2F298D9-LeaderElection49] INFO  impl.LeaderElection (LeaderElection.java:logAndReturn(90)) - d50766be-5aa0-4516-a336-dcc66469e2a8@group-9F43F2F298D9-LeaderElection49: ELECTION REJECTED received 1 response(s) and 0 exception(s):
2022-06-27 16:57:43,001 [d50766be-5aa0-4516-a336-dcc66469e2a8@group-9F43F2F298D9-LeaderElection49] INFO  impl.LeaderElection (LeaderElection.java:logAndReturn(94)) -   Response 0: d50766be-5aa0-4516-a336-dcc66469e2a8<-dcd286b6-9f7a-4746-8dc4-f6b4b45daddf#0:FAIL-t1
2022-06-27 16:57:43,001 [d50766be-5aa0-4516-a336-dcc66469e2a8@group-9F43F2F298D9-LeaderElection49] INFO  impl.LeaderElection (LeaderElection.java:askForVotes(312)) - d50766be-5aa0-4516-a336-dcc66469e2a8@group-9F43F2F298D9-LeaderElection49 ELECTION round 0: result REJECTED
2022-06-27 16:57:43,001 [d50766be-5aa0-4516-a336-dcc66469e2a8@group-9F43F2F298D9-LeaderElection49] INFO  server.RaftServer$Division (RaftServerImpl.java:setRole(299)) - d50766be-5aa0-4516-a336-dcc66469e2a8@group-9F43F2F298D9: changes role from CANDIDATE to FOLLOWER at term 1 for REJECTED
2022-06-27 16:57:43,001 [d50766be-5aa0-4516-a336-dcc66469e2a8@group-9F43F2F298D9-LeaderElection49] INFO  impl.RoleInfo (RoleInfo.java:shutdownLeaderElection(130)) - d50766be-5aa0-4516-a336-dcc66469e2a8: shutdown d50766be-5aa0-4516-a336-dcc66469e2a8@group-9F43F2F298D9-LeaderElection49
2022-06-27 16:57:43,001 [d50766be-5aa0-4516-a336-dcc66469e2a8@group-9F43F2F298D9-LeaderElection49] INFO  impl.RoleInfo (RoleInfo.java:updateAndGet(139)) - d50766be-5aa0-4516-a336-dcc66469e2a8: start d50766be-5aa0-4516-a336-dcc66469e2a8@group-9F43F2F298D9-FollowerState
2022-06-27 16:57:43,053 [dcd286b6-9f7a-4746-8dc4-f6b4b45daddf@group-18753D44326D-FollowerState] INFO  impl.FollowerState (FollowerState.java:run(143)) - dcd286b6-9f7a-4746-8dc4-f6b4b45daddf@group-18753D44326D-FollowerState: change to CANDIDATE, lastRpcElapsedTime:5095770498ns, electionTimeout:5076ms
2022-06-27 16:57:43,053 [dcd286b6-9f7a-4746-8dc4-f6b4b45daddf@group-18753D44326D-FollowerState] INFO  impl.RoleInfo (RoleInfo.java:shutdownFollowerState(110)) - dcd286b6-9f7a-4746-8dc4-f6b4b45daddf: shutdown dcd286b6-9f7a-4746-8dc4-f6b4b45daddf@group-18753D44326D-FollowerState
2022-06-27 16:57:43,053 [dcd286b6-9f7a-4746-8dc4-f6b4b45daddf@group-18753D44326D-FollowerState] INFO  server.RaftServer$Division (RaftServerImpl.java:setRole(299)) - dcd286b6-9f7a-4746-8dc4-f6b4b45daddf@group-18753D44326D: changes role from  FOLLOWER to CANDIDATE at term 0 for changeToCandidate
2022-06-27 16:57:43,053 [dcd286b6-9f7a-4746-8dc4-f6b4b45daddf@group-18753D44326D-FollowerState] INFO  server.RaftServerConfigKeys (ConfUtils.java:logGet(46)) - raft.server.leaderelection.pre-vote = false (custom)
2022-06-27 16:57:43,053 [dcd286b6-9f7a-4746-8dc4-f6b4b45daddf@group-18753D44326D-FollowerState] INFO  impl.RoleInfo (RoleInfo.java:updateAndGet(139)) - dcd286b6-9f7a-4746-8dc4-f6b4b45daddf: start dcd286b6-9f7a-4746-8dc4-f6b4b45daddf@group-18753D44326D-LeaderElection50
2022-06-27 16:57:43,093 [dcd286b6-9f7a-4746-8dc4-f6b4b45daddf@group-18753D44326D-LeaderElection50] INFO  impl.LeaderElection (LeaderElection.java:askForVotes(310)) - dcd286b6-9f7a-4746-8dc4-f6b4b45daddf@group-18753D44326D-LeaderElection50 ELECTION round 0: submit vote requests at term 1 for -1: [dcd286b6-9f7a-4746-8dc4-f6b4b45daddf|rpc:10.1.0.22:37187|priority:1], old=null
2022-06-27 16:57:43,093 [dcd286b6-9f7a-4746-8dc4-f6b4b45daddf@group-18753D44326D-LeaderElection50] INFO  impl.LeaderElection (LeaderElection.java:askForVotes(312)) - dcd286b6-9f7a-4746-8dc4-f6b4b45daddf@group-18753D44326D-LeaderElection50 ELECTION round 0: result PASSED (term=1)
2022-06-27 16:57:43,093 [dcd286b6-9f7a-4746-8dc4-f6b4b45daddf@group-18753D44326D-LeaderElection50] INFO  impl.RoleInfo (RoleInfo.java:shutdownLeaderElection(130)) - dcd286b6-9f7a-4746-8dc4-f6b4b45daddf: shutdown dcd286b6-9f7a-4746-8dc4-f6b4b45daddf@group-18753D44326D-LeaderElection50
2022-06-27 16:57:43,093 [dcd286b6-9f7a-4746-8dc4-f6b4b45daddf@group-18753D44326D-LeaderElection50] INFO  server.RaftServer$Division (RaftServerImpl.java:setRole(299)) - dcd286b6-9f7a-4746-8dc4-f6b4b45daddf@group-18753D44326D: changes role from CANDIDATE to LEADER at term 1 for changeToLeader
2022-06-27 16:57:43,093 [dcd286b6-9f7a-4746-8dc4-f6b4b45daddf@group-18753D44326D-LeaderElection50] INFO  ratis.XceiverServerRatis (XceiverServerRatis.java:handleLeaderChangedNotification(863)) - Leader change notification received for group: group-18753D44326D with new leaderId: dcd286b6-9f7a-4746-8dc4-f6b4b45daddf
2022-06-27 16:57:43,093 [dcd286b6-9f7a-4746-8dc4-f6b4b45daddf@group-18753D44326D-LeaderElection50] INFO  server.RaftServer$Division (ServerState.java:setLeader(287)) - dcd286b6-9f7a-4746-8dc4-f6b4b45daddf@group-18753D44326D: change Leader from null to dcd286b6-9f7a-4746-8dc4-f6b4b45daddf at term 1 for becomeLeader, leader elected after 5255ms
2022-06-27 16:57:43,093 [dcd286b6-9f7a-4746-8dc4-f6b4b45daddf@group-18753D44326D-LeaderElection50] INFO  server.RaftServerConfigKeys (ConfUtils.java:logGet(46)) - raft.server.staging.catchup.gap = 1000 (default)
2022-06-27 16:57:43,093 [dcd286b6-9f7a-4746-8dc4-f6b4b45daddf@group-18753D44326D-LeaderElection50] INFO  server.RaftServerConfigKeys (ConfUtils.java:logGet(46)) - raft.server.write.element-limit = 1024 (custom)
2022-06-27 16:57:43,093 [dcd286b6-9f7a-4746-8dc4-f6b4b45daddf@group-18753D44326D-LeaderElection50] INFO  server.RaftServerConfigKeys (ConfUtils.java:logGet(46)) - raft.server.write.byte-limit = 1024 M (=1073741824) (custom)
2022-06-27 16:57:43,094 [dcd286b6-9f7a-4746-8dc4-f6b4b45daddf@group-18753D44326D-LeaderElection50] INFO  server.RaftServerConfigKeys (ConfUtils.java:logGet(46)) - raft.server.watch.timeout = 180s (custom)
2022-06-27 16:57:43,094 [dcd286b6-9f7a-4746-8dc4-f6b4b45daddf@group-18753D44326D-LeaderElection50] INFO  server.RaftServerConfigKeys (ConfUtils.java:logGet(46)) - raft.server.watch.timeout.denomination = 1s (default)
2022-06-27 16:57:43,094 [dcd286b6-9f7a-4746-8dc4-f6b4b45daddf@group-18753D44326D-LeaderElection50] INFO  server.RaftServerConfigKeys (ConfUtils.java:logGet(46)) - raft.server.watch.element-limit = 65536 (default)
2022-06-27 16:57:43,094 [dcd286b6-9f7a-4746-8dc4-f6b4b45daddf@group-18753D44326D-LeaderElection50] INFO  server.RaftServerConfigKeys (ConfUtils.java:logGet(46)) - raft.server.write.element-limit = 1024 (custom)
2022-06-27 16:57:43,094 [dcd286b6-9f7a-4746-8dc4-f6b4b45daddf@group-18753D44326D-LeaderElection50] INFO  server.RaftServerConfigKeys (ConfUtils.java:logGet(46)) - raft.server.write.follower.gap.ratio.max = -1.0 (default)
2022-06-27 16:57:43,094 [dcd286b6-9f7a-4746-8dc4-f6b4b45daddf@group-18753D44326D-LeaderElection50] INFO  impl.RoleInfo (RoleInfo.java:updateAndGet(139)) - dcd286b6-9f7a-4746-8dc4-f6b4b45daddf: start dcd286b6-9f7a-4746-8dc4-f6b4b45daddf@group-18753D44326D-LeaderStateImpl
2022-06-27 16:57:43,094 [dcd286b6-9f7a-4746-8dc4-f6b4b45daddf@group-18753D44326D-LeaderElection50] INFO  segmented.SegmentedRaftLogWorker (SegmentedRaftLogWorker.java:startLogSegment(425)) - dcd286b6-9f7a-4746-8dc4-f6b4b45daddf@group-18753D44326D-SegmentedRaftLogWorker: Starting segment from index:0
2022-06-27 16:57:43,095 [EventQueue-OpenPipelineForHealthyPipelineSafeModeRule] INFO  safemode.SCMSafeModeManager (HealthyPipelineSafeModeRule.java:process(124)) - SCM in safe mode. Healthy pipelines reported count is 0, required healthy pipeline reported count is 1
2022-06-27 16:57:43,095 [dcd286b6-9f7a-4746-8dc4-f6b4b45daddf@group-18753D44326D-SegmentedRaftLogWorker] INFO  segmented.SegmentedRaftLogWorker (SegmentedRaftLogWorker.java:execute(629)) - dcd286b6-9f7a-4746-8dc4-f6b4b45daddf@group-18753D44326D-SegmentedRaftLogWorker: created new log segment /home/runner/work/ozone/ozone/hadoop-ozone/integration-test/target/test-dir/MiniOzoneClusterImpl-5ad2835d-edcb-4821-8976-9d3b57c406ad/datanode-2/data/ratis/6d20041e-9fd7-4bfa-b5d9-18753d44326d/current/log_inprogress_0
2022-06-27 16:57:43,137 [dcd286b6-9f7a-4746-8dc4-f6b4b45daddf@group-18753D44326D-LeaderElection50] INFO  server.RaftServer$Division (ServerState.java:setRaftConf(393)) - dcd286b6-9f7a-4746-8dc4-f6b4b45daddf@group-18753D44326D: set configuration 0: [dcd286b6-9f7a-4746-8dc4-f6b4b45daddf|rpc:10.1.0.22:37187|dataStream:|priority:1], old=null
2022-06-27 16:57:43,492 [Listener at 127.0.0.1/40965] INFO  ozone.MiniOzoneClusterImpl (MiniOzoneClusterImpl.java:lambda$waitForClusterToBeReady$0(223)) - Nodes are ready. Got 5 of 5 DN Heartbeats.
2022-06-27 16:57:43,492 [Listener at 127.0.0.1/40965] INFO  ozone.MiniOzoneClusterImpl (MiniOzoneClusterImpl.java:lambda$waitForClusterToBeReady$0(226)) - Waiting for cluster to exit safe mode
2022-06-27 16:57:43,492 [Listener at 127.0.0.1/40965] INFO  ozone.MiniOzoneClusterImpl (MiniOzoneClusterImpl.java:lambda$waitForClusterToBeReady$0(228)) - SCM became leader
2022-06-27 16:57:44,033 [2a67462a-e1ca-4efa-935f-4cece97e3462@group-132BBF9CE083-FollowerState] INFO  impl.FollowerState (FollowerState.java:run(143)) - 2a67462a-e1ca-4efa-935f-4cece97e3462@group-132BBF9CE083-FollowerState: change to CANDIDATE, lastRpcElapsedTime:5088098703ns, electionTimeout:5064ms
2022-06-27 16:57:44,033 [2a67462a-e1ca-4efa-935f-4cece97e3462@group-132BBF9CE083-FollowerState] INFO  impl.RoleInfo (RoleInfo.java:shutdownFollowerState(110)) - 2a67462a-e1ca-4efa-935f-4cece97e3462: shutdown 2a67462a-e1ca-4efa-935f-4cece97e3462@group-132BBF9CE083-FollowerState
2022-06-27 16:57:44,033 [2a67462a-e1ca-4efa-935f-4cece97e3462@group-132BBF9CE083-FollowerState] INFO  server.RaftServer$Division (RaftServerImpl.java:setRole(299)) - 2a67462a-e1ca-4efa-935f-4cece97e3462@group-132BBF9CE083: changes role from  FOLLOWER to CANDIDATE at term 0 for changeToCandidate
2022-06-27 16:57:44,033 [2a67462a-e1ca-4efa-935f-4cece97e3462@group-132BBF9CE083-FollowerState] INFO  server.RaftServerConfigKeys (ConfUtils.java:logGet(46)) - raft.server.leaderelection.pre-vote = false (custom)
2022-06-27 16:57:44,033 [2a67462a-e1ca-4efa-935f-4cece97e3462@group-132BBF9CE083-FollowerState] INFO  impl.RoleInfo (RoleInfo.java:updateAndGet(139)) - 2a67462a-e1ca-4efa-935f-4cece97e3462: start 2a67462a-e1ca-4efa-935f-4cece97e3462@group-132BBF9CE083-LeaderElection51
2022-06-27 16:57:44,070 [2a67462a-e1ca-4efa-935f-4cece97e3462@group-132BBF9CE083-LeaderElection51] INFO  impl.LeaderElection (LeaderElection.java:askForVotes(310)) - 2a67462a-e1ca-4efa-935f-4cece97e3462@group-132BBF9CE083-LeaderElection51 ELECTION round 0: submit vote requests at term 1 for -1: [2a67462a-e1ca-4efa-935f-4cece97e3462|rpc:10.1.0.22:36103|priority:1], old=null
2022-06-27 16:57:44,070 [2a67462a-e1ca-4efa-935f-4cece97e3462@group-132BBF9CE083-LeaderElection51] INFO  impl.LeaderElection (LeaderElection.java:askForVotes(312)) - 2a67462a-e1ca-4efa-935f-4cece97e3462@group-132BBF9CE083-LeaderElection51 ELECTION round 0: result PASSED (term=1)
2022-06-27 16:57:44,070 [2a67462a-e1ca-4efa-935f-4cece97e3462@group-132BBF9CE083-LeaderElection51] INFO  impl.RoleInfo (RoleInfo.java:shutdownLeaderElection(130)) - 2a67462a-e1ca-4efa-935f-4cece97e3462: shutdown 2a67462a-e1ca-4efa-935f-4cece97e3462@group-132BBF9CE083-LeaderElection51
2022-06-27 16:57:44,070 [2a67462a-e1ca-4efa-935f-4cece97e3462@group-132BBF9CE083-LeaderElection51] INFO  server.RaftServer$Division (RaftServerImpl.java:setRole(299)) - 2a67462a-e1ca-4efa-935f-4cece97e3462@group-132BBF9CE083: changes role from CANDIDATE to LEADER at term 1 for changeToLeader
2022-06-27 16:57:44,070 [2a67462a-e1ca-4efa-935f-4cece97e3462@group-132BBF9CE083-LeaderElection51] INFO  ratis.XceiverServerRatis (XceiverServerRatis.java:handleLeaderChangedNotification(863)) - Leader change notification received for group: group-132BBF9CE083 with new leaderId: 2a67462a-e1ca-4efa-935f-4cece97e3462
2022-06-27 16:57:44,071 [2a67462a-e1ca-4efa-935f-4cece97e3462@group-132BBF9CE083-LeaderElection51] INFO  server.RaftServer$Division (ServerState.java:setLeader(287)) - 2a67462a-e1ca-4efa-935f-4cece97e3462@group-132BBF9CE083: change Leader from null to 2a67462a-e1ca-4efa-935f-4cece97e3462 at term 1 for becomeLeader, leader elected after 5149ms
2022-06-27 16:57:44,071 [2a67462a-e1ca-4efa-935f-4cece97e3462@group-132BBF9CE083-LeaderElection51] INFO  server.RaftServerConfigKeys (ConfUtils.java:logGet(46)) - raft.server.staging.catchup.gap = 1000 (default)
2022-06-27 16:57:44,071 [2a67462a-e1ca-4efa-935f-4cece97e3462@group-132BBF9CE083-LeaderElection51] INFO  server.RaftServerConfigKeys (ConfUtils.java:logGet(46)) - raft.server.write.element-limit = 1024 (custom)
2022-06-27 16:57:44,071 [2a67462a-e1ca-4efa-935f-4cece97e3462@group-132BBF9CE083-LeaderElection51] INFO  server.RaftServerConfigKeys (ConfUtils.java:logGet(46)) - raft.server.write.byte-limit = 1024 M (=1073741824) (custom)
2022-06-27 16:57:44,073 [EventQueue-OpenPipelineForHealthyPipelineSafeModeRule] INFO  safemode.SCMSafeModeManager (HealthyPipelineSafeModeRule.java:process(124)) - SCM in safe mode. Healthy pipelines reported count is 0, required healthy pipeline reported count is 1
2022-06-27 16:57:44,073 [2a67462a-e1ca-4efa-935f-4cece97e3462@group-132BBF9CE083-LeaderElection51] INFO  server.RaftServerConfigKeys (ConfUtils.java:logGet(46)) - raft.server.watch.timeout = 180s (custom)
2022-06-27 16:57:44,073 [2a67462a-e1ca-4efa-935f-4cece97e3462@group-132BBF9CE083-LeaderElection51] INFO  server.RaftServerConfigKeys (ConfUtils.java:logGet(46)) - raft.server.watch.timeout.denomination = 1s (default)
2022-06-27 16:57:44,073 [2a67462a-e1ca-4efa-935f-4cece97e3462@group-132BBF9CE083-LeaderElection51] INFO  server.RaftServerConfigKeys (ConfUtils.java:logGet(46)) - raft.server.watch.element-limit = 65536 (default)
2022-06-27 16:57:44,073 [2a67462a-e1ca-4efa-935f-4cece97e3462@group-132BBF9CE083-LeaderElection51] INFO  server.RaftServerConfigKeys (ConfUtils.java:logGet(46)) - raft.server.write.element-limit = 1024 (custom)
2022-06-27 16:57:44,073 [2a67462a-e1ca-4efa-935f-4cece97e3462@group-132BBF9CE083-LeaderElection51] INFO  server.RaftServerConfigKeys (ConfUtils.java:logGet(46)) - raft.server.write.follower.gap.ratio.max = -1.0 (default)
2022-06-27 16:57:44,073 [2a67462a-e1ca-4efa-935f-4cece97e3462@group-132BBF9CE083-LeaderElection51] INFO  impl.RoleInfo (RoleInfo.java:updateAndGet(139)) - 2a67462a-e1ca-4efa-935f-4cece97e3462: start 2a67462a-e1ca-4efa-935f-4cece97e3462@group-132BBF9CE083-LeaderStateImpl
2022-06-27 16:57:44,073 [2a67462a-e1ca-4efa-935f-4cece97e3462@group-132BBF9CE083-LeaderElection51] INFO  segmented.SegmentedRaftLogWorker (SegmentedRaftLogWorker.java:startLogSegment(425)) - 2a67462a-e1ca-4efa-935f-4cece97e3462@group-132BBF9CE083-SegmentedRaftLogWorker: Starting segment from index:0
2022-06-27 16:57:44,077 [2a67462a-e1ca-4efa-935f-4cece97e3462@group-132BBF9CE083-SegmentedRaftLogWorker] INFO  segmented.SegmentedRaftLogWorker (SegmentedRaftLogWorker.java:execute(629)) - 2a67462a-e1ca-4efa-935f-4cece97e3462@group-132BBF9CE083-SegmentedRaftLogWorker: created new log segment /home/runner/work/ozone/ozone/hadoop-ozone/integration-test/target/test-dir/MiniOzoneClusterImpl-5ad2835d-edcb-4821-8976-9d3b57c406ad/datanode-3/data/ratis/16523341-5e55-4a7f-93db-132bbf9ce083/current/log_inprogress_0
2022-06-27 16:57:44,093 [2a67462a-e1ca-4efa-935f-4cece97e3462@group-132BBF9CE083-LeaderElection51] INFO  server.RaftServer$Division (ServerState.java:setRaftConf(393)) - 2a67462a-e1ca-4efa-935f-4cece97e3462@group-132BBF9CE083: set configuration 0: [2a67462a-e1ca-4efa-935f-4cece97e3462|rpc:10.1.0.22:36103|dataStream:|priority:1], old=null
2022-06-27 16:57:44,492 [Listener at 127.0.0.1/40965] INFO  ozone.MiniOzoneClusterImpl (MiniOzoneClusterImpl.java:lambda$waitForClusterToBeReady$0(223)) - Nodes are ready. Got 5 of 5 DN Heartbeats.
2022-06-27 16:57:44,493 [Listener at 127.0.0.1/40965] INFO  ozone.MiniOzoneClusterImpl (MiniOzoneClusterImpl.java:lambda$waitForClusterToBeReady$0(226)) - Waiting for cluster to exit safe mode
2022-06-27 16:57:44,493 [Listener at 127.0.0.1/40965] INFO  ozone.MiniOzoneClusterImpl (MiniOzoneClusterImpl.java:lambda$waitForClusterToBeReady$0(228)) - SCM became leader
2022-06-27 16:57:45,493 [Listener at 127.0.0.1/40965] INFO  ozone.MiniOzoneClusterImpl (MiniOzoneClusterImpl.java:lambda$waitForClusterToBeReady$0(223)) - Nodes are ready. Got 5 of 5 DN Heartbeats.
2022-06-27 16:57:45,493 [Listener at 127.0.0.1/40965] INFO  ozone.MiniOzoneClusterImpl (MiniOzoneClusterImpl.java:lambda$waitForClusterToBeReady$0(226)) - Waiting for cluster to exit safe mode
2022-06-27 16:57:45,493 [Listener at 127.0.0.1/40965] INFO  ozone.MiniOzoneClusterImpl (MiniOzoneClusterImpl.java:lambda$waitForClusterToBeReady$0(228)) - SCM became leader
2022-06-27 16:57:45,745 [76a7023e-6ffd-4858-9dde-5e5449f270f0@group-73FBE81BA22C-FollowerState] INFO  impl.FollowerState (FollowerState.java:run(143)) - 76a7023e-6ffd-4858-9dde-5e5449f270f0@group-73FBE81BA22C-FollowerState: change to CANDIDATE, lastRpcElapsedTime:5039304905ns, electionTimeout:5031ms
2022-06-27 16:57:45,745 [76a7023e-6ffd-4858-9dde-5e5449f270f0@group-73FBE81BA22C-FollowerState] INFO  impl.RoleInfo (RoleInfo.java:shutdownFollowerState(110)) - 76a7023e-6ffd-4858-9dde-5e5449f270f0: shutdown 76a7023e-6ffd-4858-9dde-5e5449f270f0@group-73FBE81BA22C-FollowerState
2022-06-27 16:57:45,745 [76a7023e-6ffd-4858-9dde-5e5449f270f0@group-73FBE81BA22C-FollowerState] INFO  server.RaftServer$Division (RaftServerImpl.java:setRole(299)) - 76a7023e-6ffd-4858-9dde-5e5449f270f0@group-73FBE81BA22C: changes role from  FOLLOWER to CANDIDATE at term 0 for changeToCandidate
2022-06-27 16:57:45,746 [76a7023e-6ffd-4858-9dde-5e5449f270f0@group-73FBE81BA22C-FollowerState] INFO  server.RaftServerConfigKeys (ConfUtils.java:logGet(46)) - raft.server.leaderelection.pre-vote = false (custom)
2022-06-27 16:57:45,746 [76a7023e-6ffd-4858-9dde-5e5449f270f0@group-73FBE81BA22C-FollowerState] INFO  impl.RoleInfo (RoleInfo.java:updateAndGet(139)) - 76a7023e-6ffd-4858-9dde-5e5449f270f0: start 76a7023e-6ffd-4858-9dde-5e5449f270f0@group-73FBE81BA22C-LeaderElection52
2022-06-27 16:57:45,787 [76a7023e-6ffd-4858-9dde-5e5449f270f0@group-73FBE81BA22C-LeaderElection52] INFO  impl.LeaderElection (LeaderElection.java:askForVotes(310)) - 76a7023e-6ffd-4858-9dde-5e5449f270f0@group-73FBE81BA22C-LeaderElection52 ELECTION round 0: submit vote requests at term 1 for -1: [76a7023e-6ffd-4858-9dde-5e5449f270f0|rpc:10.1.0.22:44129|priority:1], old=null
2022-06-27 16:57:45,787 [76a7023e-6ffd-4858-9dde-5e5449f270f0@group-73FBE81BA22C-LeaderElection52] INFO  impl.LeaderElection (LeaderElection.java:askForVotes(312)) - 76a7023e-6ffd-4858-9dde-5e5449f270f0@group-73FBE81BA22C-LeaderElection52 ELECTION round 0: result PASSED (term=1)
2022-06-27 16:57:45,787 [76a7023e-6ffd-4858-9dde-5e5449f270f0@group-73FBE81BA22C-LeaderElection52] INFO  impl.RoleInfo (RoleInfo.java:shutdownLeaderElection(130)) - 76a7023e-6ffd-4858-9dde-5e5449f270f0: shutdown 76a7023e-6ffd-4858-9dde-5e5449f270f0@group-73FBE81BA22C-LeaderElection52
2022-06-27 16:57:45,788 [76a7023e-6ffd-4858-9dde-5e5449f270f0@group-73FBE81BA22C-LeaderElection52] INFO  server.RaftServer$Division (RaftServerImpl.java:setRole(299)) - 76a7023e-6ffd-4858-9dde-5e5449f270f0@group-73FBE81BA22C: changes role from CANDIDATE to LEADER at term 1 for changeToLeader
2022-06-27 16:57:45,788 [76a7023e-6ffd-4858-9dde-5e5449f270f0@group-73FBE81BA22C-LeaderElection52] INFO  ratis.XceiverServerRatis (XceiverServerRatis.java:handleLeaderChangedNotification(863)) - Leader change notification received for group: group-73FBE81BA22C with new leaderId: 76a7023e-6ffd-4858-9dde-5e5449f270f0
2022-06-27 16:57:45,788 [76a7023e-6ffd-4858-9dde-5e5449f270f0@group-73FBE81BA22C-LeaderElection52] INFO  server.RaftServer$Division (ServerState.java:setLeader(287)) - 76a7023e-6ffd-4858-9dde-5e5449f270f0@group-73FBE81BA22C: change Leader from null to 76a7023e-6ffd-4858-9dde-5e5449f270f0 at term 1 for becomeLeader, leader elected after 5130ms
2022-06-27 16:57:45,788 [76a7023e-6ffd-4858-9dde-5e5449f270f0@group-73FBE81BA22C-LeaderElection52] INFO  server.RaftServerConfigKeys (ConfUtils.java:logGet(46)) - raft.server.staging.catchup.gap = 1000 (default)
2022-06-27 16:57:45,788 [76a7023e-6ffd-4858-9dde-5e5449f270f0@group-73FBE81BA22C-LeaderElection52] INFO  server.RaftServerConfigKeys (ConfUtils.java:logGet(46)) - raft.server.write.element-limit = 1024 (custom)
2022-06-27 16:57:45,788 [76a7023e-6ffd-4858-9dde-5e5449f270f0@group-73FBE81BA22C-LeaderElection52] INFO  server.RaftServerConfigKeys (ConfUtils.java:logGet(46)) - raft.server.write.byte-limit = 1024 M (=1073741824) (custom)
2022-06-27 16:57:45,788 [76a7023e-6ffd-4858-9dde-5e5449f270f0@group-73FBE81BA22C-LeaderElection52] INFO  server.RaftServerConfigKeys (ConfUtils.java:logGet(46)) - raft.server.watch.timeout = 180s (custom)
2022-06-27 16:57:45,788 [76a7023e-6ffd-4858-9dde-5e5449f270f0@group-73FBE81BA22C-LeaderElection52] INFO  server.RaftServerConfigKeys (ConfUtils.java:logGet(46)) - raft.server.watch.timeout.denomination = 1s (default)
2022-06-27 16:57:45,788 [76a7023e-6ffd-4858-9dde-5e5449f270f0@group-73FBE81BA22C-LeaderElection52] INFO  server.RaftServerConfigKeys (ConfUtils.java:logGet(46)) - raft.server.watch.element-limit = 65536 (default)
2022-06-27 16:57:45,788 [76a7023e-6ffd-4858-9dde-5e5449f270f0@group-73FBE81BA22C-LeaderElection52] INFO  server.RaftServerConfigKeys (ConfUtils.java:logGet(46)) - raft.server.write.element-limit = 1024 (custom)
2022-06-27 16:57:45,789 [76a7023e-6ffd-4858-9dde-5e5449f270f0@group-73FBE81BA22C-LeaderElection52] INFO  server.RaftServerConfigKeys (ConfUtils.java:logGet(46)) - raft.server.write.follower.gap.ratio.max = -1.0 (default)
2022-06-27 16:57:45,789 [76a7023e-6ffd-4858-9dde-5e5449f270f0@group-73FBE81BA22C-LeaderElection52] INFO  impl.RoleInfo (RoleInfo.java:updateAndGet(139)) - 76a7023e-6ffd-4858-9dde-5e5449f270f0: start 76a7023e-6ffd-4858-9dde-5e5449f270f0@group-73FBE81BA22C-LeaderStateImpl
2022-06-27 16:57:45,789 [76a7023e-6ffd-4858-9dde-5e5449f270f0@group-73FBE81BA22C-LeaderElection52] INFO  segmented.SegmentedRaftLogWorker (SegmentedRaftLogWorker.java:startLogSegment(425)) - 76a7023e-6ffd-4858-9dde-5e5449f270f0@group-73FBE81BA22C-SegmentedRaftLogWorker: Starting segment from index:0
2022-06-27 16:57:45,789 [EventQueue-OpenPipelineForHealthyPipelineSafeModeRule] INFO  safemode.SCMSafeModeManager (HealthyPipelineSafeModeRule.java:process(124)) - SCM in safe mode. Healthy pipelines reported count is 0, required healthy pipeline reported count is 1
2022-06-27 16:57:45,790 [76a7023e-6ffd-4858-9dde-5e5449f270f0@group-73FBE81BA22C-SegmentedRaftLogWorker] INFO  segmented.SegmentedRaftLogWorker (SegmentedRaftLogWorker.java:execute(629)) - 76a7023e-6ffd-4858-9dde-5e5449f270f0@group-73FBE81BA22C-SegmentedRaftLogWorker: created new log segment /home/runner/work/ozone/ozone/hadoop-ozone/integration-test/target/test-dir/MiniOzoneClusterImpl-5ad2835d-edcb-4821-8976-9d3b57c406ad/datanode-4/data/ratis/b5fe7ef2-7f80-4852-9c76-73fbe81ba22c/current/log_inprogress_0
2022-06-27 16:57:45,811 [76a7023e-6ffd-4858-9dde-5e5449f270f0@group-73FBE81BA22C-LeaderElection52] INFO  server.RaftServer$Division (ServerState.java:setRaftConf(393)) - 76a7023e-6ffd-4858-9dde-5e5449f270f0@group-73FBE81BA22C: set configuration 0: [76a7023e-6ffd-4858-9dde-5e5449f270f0|rpc:10.1.0.22:44129|dataStream:|priority:1], old=null
2022-06-27 16:57:46,496 [Listener at 127.0.0.1/40965] INFO  ozone.MiniOzoneClusterImpl (MiniOzoneClusterImpl.java:lambda$waitForClusterToBeReady$0(223)) - Nodes are ready. Got 5 of 5 DN Heartbeats.
2022-06-27 16:57:46,496 [Listener at 127.0.0.1/40965] INFO  ozone.MiniOzoneClusterImpl (MiniOzoneClusterImpl.java:lambda$waitForClusterToBeReady$0(226)) - Waiting for cluster to exit safe mode
2022-06-27 16:57:46,496 [Listener at 127.0.0.1/40965] INFO  ozone.MiniOzoneClusterImpl (MiniOzoneClusterImpl.java:lambda$waitForClusterToBeReady$0(228)) - SCM became leader
2022-06-27 16:57:47,219 [59b1e939-7f3e-448e-a48d-ff530bcc538d@group-F76DDF9E5011-FollowerState] INFO  impl.FollowerState (FollowerState.java:run(143)) - 59b1e939-7f3e-448e-a48d-ff530bcc538d@group-F76DDF9E5011-FollowerState: change to CANDIDATE, lastRpcElapsedTime:5040671084ns, electionTimeout:5037ms
2022-06-27 16:57:47,220 [59b1e939-7f3e-448e-a48d-ff530bcc538d@group-F76DDF9E5011-FollowerState] INFO  impl.RoleInfo (RoleInfo.java:shutdownFollowerState(110)) - 59b1e939-7f3e-448e-a48d-ff530bcc538d: shutdown 59b1e939-7f3e-448e-a48d-ff530bcc538d@group-F76DDF9E5011-FollowerState
2022-06-27 16:57:47,220 [59b1e939-7f3e-448e-a48d-ff530bcc538d@group-F76DDF9E5011-FollowerState] INFO  server.RaftServer$Division (RaftServerImpl.java:setRole(299)) - 59b1e939-7f3e-448e-a48d-ff530bcc538d@group-F76DDF9E5011: changes role from  FOLLOWER to CANDIDATE at term 1 for changeToCandidate
2022-06-27 16:57:47,220 [59b1e939-7f3e-448e-a48d-ff530bcc538d@group-F76DDF9E5011-FollowerState] INFO  server.RaftServerConfigKeys (ConfUtils.java:logGet(46)) - raft.server.leaderelection.pre-vote = false (custom)
2022-06-27 16:57:47,220 [59b1e939-7f3e-448e-a48d-ff530bcc538d@group-F76DDF9E5011-FollowerState] INFO  impl.RoleInfo (RoleInfo.java:updateAndGet(139)) - 59b1e939-7f3e-448e-a48d-ff530bcc538d: start 59b1e939-7f3e-448e-a48d-ff530bcc538d@group-F76DDF9E5011-LeaderElection53
2022-06-27 16:57:47,270 [59b1e939-7f3e-448e-a48d-ff530bcc538d@group-F76DDF9E5011-LeaderElection53] INFO  impl.LeaderElection (LeaderElection.java:askForVotes(310)) - 59b1e939-7f3e-448e-a48d-ff530bcc538d@group-F76DDF9E5011-LeaderElection53 ELECTION round 0: submit vote requests at term 2 for -1: [dcd286b6-9f7a-4746-8dc4-f6b4b45daddf|rpc:10.1.0.22:37187|priority:0, 59b1e939-7f3e-448e-a48d-ff530bcc538d|rpc:10.1.0.22:33279|priority:1, d50766be-5aa0-4516-a336-dcc66469e2a8|rpc:10.1.0.22:40223|priority:0], old=null
2022-06-27 16:57:47,292 [d50766be-5aa0-4516-a336-dcc66469e2a8@group-F76DDF9E5011-FollowerState] INFO  impl.FollowerState (FollowerState.java:run(143)) - d50766be-5aa0-4516-a336-dcc66469e2a8@group-F76DDF9E5011-FollowerState: change to CANDIDATE, lastRpcElapsedTime:5103175565ns, electionTimeout:5099ms
2022-06-27 16:57:47,292 [d50766be-5aa0-4516-a336-dcc66469e2a8@group-F76DDF9E5011-FollowerState] INFO  impl.RoleInfo (RoleInfo.java:shutdownFollowerState(110)) - d50766be-5aa0-4516-a336-dcc66469e2a8: shutdown d50766be-5aa0-4516-a336-dcc66469e2a8@group-F76DDF9E5011-FollowerState
2022-06-27 16:57:47,292 [d50766be-5aa0-4516-a336-dcc66469e2a8@group-F76DDF9E5011-FollowerState] INFO  server.RaftServer$Division (RaftServerImpl.java:setRole(299)) - d50766be-5aa0-4516-a336-dcc66469e2a8@group-F76DDF9E5011: changes role from  FOLLOWER to CANDIDATE at term 1 for changeToCandidate
2022-06-27 16:57:47,292 [d50766be-5aa0-4516-a336-dcc66469e2a8@group-F76DDF9E5011-FollowerState] INFO  server.RaftServerConfigKeys (ConfUtils.java:logGet(46)) - raft.server.leaderelection.pre-vote = false (custom)
2022-06-27 16:57:47,292 [d50766be-5aa0-4516-a336-dcc66469e2a8@group-F76DDF9E5011-FollowerState] INFO  impl.RoleInfo (RoleInfo.java:updateAndGet(139)) - d50766be-5aa0-4516-a336-dcc66469e2a8: start d50766be-5aa0-4516-a336-dcc66469e2a8@group-F76DDF9E5011-LeaderElection54
2022-06-27 16:57:47,322 [d50766be-5aa0-4516-a336-dcc66469e2a8@group-F76DDF9E5011-LeaderElection54] INFO  impl.LeaderElection (LeaderElection.java:askForVotes(310)) - d50766be-5aa0-4516-a336-dcc66469e2a8@group-F76DDF9E5011-LeaderElection54 ELECTION round 0: submit vote requests at term 2 for -1: [dcd286b6-9f7a-4746-8dc4-f6b4b45daddf|rpc:10.1.0.22:37187|priority:0, 59b1e939-7f3e-448e-a48d-ff530bcc538d|rpc:10.1.0.22:33279|priority:1, d50766be-5aa0-4516-a336-dcc66469e2a8|rpc:10.1.0.22:40223|priority:0], old=null
2022-06-27 16:57:47,386 [grpc-default-executor-0] INFO  server.RaftServer$Division (RaftServerImpl.java:requestVote(1152)) - 59b1e939-7f3e-448e-a48d-ff530bcc538d@group-F76DDF9E5011: receive requestVote(ELECTION, d50766be-5aa0-4516-a336-dcc66469e2a8, group-F76DDF9E5011, 2, (t:0, i:0))
2022-06-27 16:57:47,386 [grpc-default-executor-0] INFO  impl.VoteContext (VoteContext.java:log(48)) - 59b1e939-7f3e-448e-a48d-ff530bcc538d@group-F76DDF9E5011-CANDIDATE: reject ELECTION from d50766be-5aa0-4516-a336-dcc66469e2a8: already has voted for 59b1e939-7f3e-448e-a48d-ff530bcc538d at current term 2
2022-06-27 16:57:47,386 [grpc-default-executor-0] INFO  server.RaftServer$Division (RaftServerImpl.java:requestVote(1184)) - 59b1e939-7f3e-448e-a48d-ff530bcc538d@group-F76DDF9E5011 replies to ELECTION vote request: d50766be-5aa0-4516-a336-dcc66469e2a8<-59b1e939-7f3e-448e-a48d-ff530bcc538d#0:FAIL-t2. Peer's state: 59b1e939-7f3e-448e-a48d-ff530bcc538d@group-F76DDF9E5011:t2, leader=null, voted=59b1e939-7f3e-448e-a48d-ff530bcc538d, raftlog=59b1e939-7f3e-448e-a48d-ff530bcc538d@group-F76DDF9E5011-SegmentedRaftLog:OPENED:c-1, conf=-1: [dcd286b6-9f7a-4746-8dc4-f6b4b45daddf|rpc:10.1.0.22:37187|priority:0, 59b1e939-7f3e-448e-a48d-ff530bcc538d|rpc:10.1.0.22:33279|priority:1, d50766be-5aa0-4516-a336-dcc66469e2a8|rpc:10.1.0.22:40223|priority:0], old=null
2022-06-27 16:57:47,388 [grpc-default-executor-1] INFO  server.RaftServer$Division (RaftServerImpl.java:requestVote(1152)) - dcd286b6-9f7a-4746-8dc4-f6b4b45daddf@group-F76DDF9E5011: receive requestVote(ELECTION, d50766be-5aa0-4516-a336-dcc66469e2a8, group-F76DDF9E5011, 2, (t:0, i:0))
2022-06-27 16:57:47,388 [grpc-default-executor-1] INFO  impl.VoteContext (VoteContext.java:log(48)) - dcd286b6-9f7a-4746-8dc4-f6b4b45daddf@group-F76DDF9E5011-FOLLOWER: accept ELECTION from d50766be-5aa0-4516-a336-dcc66469e2a8: our priority 0 <= candidate's priority 0
2022-06-27 16:57:47,388 [grpc-default-executor-1] INFO  server.RaftServer$Division (RaftServerImpl.java:setRole(299)) - dcd286b6-9f7a-4746-8dc4-f6b4b45daddf@group-F76DDF9E5011: changes role from  FOLLOWER to FOLLOWER at term 2 for candidate:d50766be-5aa0-4516-a336-dcc66469e2a8
2022-06-27 16:57:47,388 [grpc-default-executor-1] INFO  impl.RoleInfo (RoleInfo.java:shutdownFollowerState(110)) - dcd286b6-9f7a-4746-8dc4-f6b4b45daddf: shutdown dcd286b6-9f7a-4746-8dc4-f6b4b45daddf@group-F76DDF9E5011-FollowerState
2022-06-27 16:57:47,393 [d50766be-5aa0-4516-a336-dcc66469e2a8@group-F76DDF9E5011-LeaderElection54] INFO  impl.LeaderElection (LeaderElection.java:logAndReturn(90)) - d50766be-5aa0-4516-a336-dcc66469e2a8@group-F76DDF9E5011-LeaderElection54: ELECTION REJECTED received 1 response(s) and 0 exception(s):
2022-06-27 16:57:47,393 [d50766be-5aa0-4516-a336-dcc66469e2a8@group-F76DDF9E5011-LeaderElection54] INFO  impl.LeaderElection (LeaderElection.java:logAndReturn(94)) -   Response 0: d50766be-5aa0-4516-a336-dcc66469e2a8<-59b1e939-7f3e-448e-a48d-ff530bcc538d#0:FAIL-t2
2022-06-27 16:57:47,393 [d50766be-5aa0-4516-a336-dcc66469e2a8@group-F76DDF9E5011-LeaderElection54] INFO  impl.LeaderElection (LeaderElection.java:askForVotes(312)) - d50766be-5aa0-4516-a336-dcc66469e2a8@group-F76DDF9E5011-LeaderElection54 ELECTION round 0: result REJECTED
2022-06-27 16:57:47,393 [d50766be-5aa0-4516-a336-dcc66469e2a8@group-F76DDF9E5011-LeaderElection54] INFO  server.RaftServer$Division (RaftServerImpl.java:setRole(299)) - d50766be-5aa0-4516-a336-dcc66469e2a8@group-F76DDF9E5011: changes role from CANDIDATE to FOLLOWER at term 2 for REJECTED
2022-06-27 16:57:47,393 [d50766be-5aa0-4516-a336-dcc66469e2a8@group-F76DDF9E5011-LeaderElection54] INFO  impl.RoleInfo (RoleInfo.java:shutdownLeaderElection(130)) - d50766be-5aa0-4516-a336-dcc66469e2a8: shutdown d50766be-5aa0-4516-a336-dcc66469e2a8@group-F76DDF9E5011-LeaderElection54
2022-06-27 16:57:47,393 [d50766be-5aa0-4516-a336-dcc66469e2a8@group-F76DDF9E5011-LeaderElection54] INFO  impl.RoleInfo (RoleInfo.java:updateAndGet(139)) - d50766be-5aa0-4516-a336-dcc66469e2a8: start d50766be-5aa0-4516-a336-dcc66469e2a8@group-F76DDF9E5011-FollowerState
2022-06-27 16:57:47,417 [dcd286b6-9f7a-4746-8dc4-f6b4b45daddf@group-F76DDF9E5011-FollowerState] INFO  impl.FollowerState (FollowerState.java:run(152)) - dcd286b6-9f7a-4746-8dc4-f6b4b45daddf@group-F76DDF9E5011-FollowerState was interrupted
2022-06-27 16:57:47,417 [grpc-default-executor-1] INFO  impl.RoleInfo (RoleInfo.java:updateAndGet(139)) - dcd286b6-9f7a-4746-8dc4-f6b4b45daddf: start dcd286b6-9f7a-4746-8dc4-f6b4b45daddf@group-F76DDF9E5011-FollowerState
2022-06-27 16:57:47,417 [grpc-default-executor-0] INFO  server.RaftServer$Division (RaftServerImpl.java:requestVote(1152)) - dcd286b6-9f7a-4746-8dc4-f6b4b45daddf@group-F76DDF9E5011: receive requestVote(ELECTION, 59b1e939-7f3e-448e-a48d-ff530bcc538d, group-F76DDF9E5011, 2, (t:0, i:0))
2022-06-27 16:57:47,419 [grpc-default-executor-1] INFO  server.RaftServer$Division (RaftServerImpl.java:requestVote(1184)) - dcd286b6-9f7a-4746-8dc4-f6b4b45daddf@group-F76DDF9E5011 replies to ELECTION vote request: d50766be-5aa0-4516-a336-dcc66469e2a8<-dcd286b6-9f7a-4746-8dc4-f6b4b45daddf#0:OK-t2. Peer's state: dcd286b6-9f7a-4746-8dc4-f6b4b45daddf@group-F76DDF9E5011:t2, leader=null, voted=d50766be-5aa0-4516-a336-dcc66469e2a8, raftlog=dcd286b6-9f7a-4746-8dc4-f6b4b45daddf@group-F76DDF9E5011-SegmentedRaftLog:OPENED:c-1, conf=-1: [dcd286b6-9f7a-4746-8dc4-f6b4b45daddf|rpc:10.1.0.22:37187|dataStream:|priority:0, 59b1e939-7f3e-448e-a48d-ff530bcc538d|rpc:10.1.0.22:33279|dataStream:|priority:1, d50766be-5aa0-4516-a336-dcc66469e2a8|rpc:10.1.0.22:40223|dataStream:|priority:0], old=null
2022-06-27 16:57:47,438 [grpc-default-executor-0] INFO  impl.VoteContext (VoteContext.java:log(48)) - dcd286b6-9f7a-4746-8dc4-f6b4b45daddf@group-F76DDF9E5011-FOLLOWER: reject ELECTION from 59b1e939-7f3e-448e-a48d-ff530bcc538d: already has voted for d50766be-5aa0-4516-a336-dcc66469e2a8 at current term 2
2022-06-27 16:57:47,438 [grpc-default-executor-0] INFO  server.RaftServer$Division (RaftServerImpl.java:requestVote(1184)) - dcd286b6-9f7a-4746-8dc4-f6b4b45daddf@group-F76DDF9E5011 replies to ELECTION vote request: 59b1e939-7f3e-448e-a48d-ff530bcc538d<-dcd286b6-9f7a-4746-8dc4-f6b4b45daddf#0:FAIL-t2. Peer's state: dcd286b6-9f7a-4746-8dc4-f6b4b45daddf@group-F76DDF9E5011:t2, leader=null, voted=d50766be-5aa0-4516-a336-dcc66469e2a8, raftlog=dcd286b6-9f7a-4746-8dc4-f6b4b45daddf@group-F76DDF9E5011-SegmentedRaftLog:OPENED:c-1, conf=-1: [dcd286b6-9f7a-4746-8dc4-f6b4b45daddf|rpc:10.1.0.22:37187|dataStream:|priority:0, 59b1e939-7f3e-448e-a48d-ff530bcc538d|rpc:10.1.0.22:33279|dataStream:|priority:1, d50766be-5aa0-4516-a336-dcc66469e2a8|rpc:10.1.0.22:40223|dataStream:|priority:0], old=null
2022-06-27 16:57:47,489 [grpc-default-executor-0] INFO  server.RaftServer$Division (RaftServerImpl.java:requestVote(1152)) - d50766be-5aa0-4516-a336-dcc66469e2a8@group-F76DDF9E5011: receive requestVote(ELECTION, 59b1e939-7f3e-448e-a48d-ff530bcc538d, group-F76DDF9E5011, 2, (t:0, i:0))
2022-06-27 16:57:47,489 [grpc-default-executor-0] INFO  impl.VoteContext (VoteContext.java:log(48)) - d50766be-5aa0-4516-a336-dcc66469e2a8@group-F76DDF9E5011-FOLLOWER: reject ELECTION from 59b1e939-7f3e-448e-a48d-ff530bcc538d: already has voted for d50766be-5aa0-4516-a336-dcc66469e2a8 at current term 2
2022-06-27 16:57:47,489 [grpc-default-executor-0] INFO  server.RaftServer$Division (RaftServerImpl.java:requestVote(1184)) - d50766be-5aa0-4516-a336-dcc66469e2a8@group-F76DDF9E5011 replies to ELECTION vote request: 59b1e939-7f3e-448e-a48d-ff530bcc538d<-d50766be-5aa0-4516-a336-dcc66469e2a8#0:FAIL-t2. Peer's state: d50766be-5aa0-4516-a336-dcc66469e2a8@group-F76DDF9E5011:t2, leader=null, voted=d50766be-5aa0-4516-a336-dcc66469e2a8, raftlog=d50766be-5aa0-4516-a336-dcc66469e2a8@group-F76DDF9E5011-SegmentedRaftLog:OPENED:c-1, conf=-1: [dcd286b6-9f7a-4746-8dc4-f6b4b45daddf|rpc:10.1.0.22:37187|priority:0, 59b1e939-7f3e-448e-a48d-ff530bcc538d|rpc:10.1.0.22:33279|priority:1, d50766be-5aa0-4516-a336-dcc66469e2a8|rpc:10.1.0.22:40223|priority:0], old=null
2022-06-27 16:57:47,497 [59b1e939-7f3e-448e-a48d-ff530bcc538d@group-F76DDF9E5011-LeaderElection53] INFO  impl.LeaderElection (LeaderElection.java:logAndReturn(90)) - 59b1e939-7f3e-448e-a48d-ff530bcc538d@group-F76DDF9E5011-LeaderElection53: ELECTION REJECTED received 2 response(s) and 0 exception(s):
2022-06-27 16:57:47,497 [59b1e939-7f3e-448e-a48d-ff530bcc538d@group-F76DDF9E5011-LeaderElection53] INFO  impl.LeaderElection (LeaderElection.java:logAndReturn(94)) -   Response 0: 59b1e939-7f3e-448e-a48d-ff530bcc538d<-dcd286b6-9f7a-4746-8dc4-f6b4b45daddf#0:FAIL-t2
2022-06-27 16:57:47,497 [59b1e939-7f3e-448e-a48d-ff530bcc538d@group-F76DDF9E5011-LeaderElection53] INFO  impl.LeaderElection (LeaderElection.java:logAndReturn(94)) -   Response 1: 59b1e939-7f3e-448e-a48d-ff530bcc538d<-d50766be-5aa0-4516-a336-dcc66469e2a8#0:FAIL-t2
2022-06-27 16:57:47,497 [59b1e939-7f3e-448e-a48d-ff530bcc538d@group-F76DDF9E5011-LeaderElection53] INFO  impl.LeaderElection (LeaderElection.java:askForVotes(312)) - 59b1e939-7f3e-448e-a48d-ff530bcc538d@group-F76DDF9E5011-LeaderElection53 ELECTION round 0: result REJECTED
2022-06-27 16:57:47,498 [59b1e939-7f3e-448e-a48d-ff530bcc538d@group-F76DDF9E5011-LeaderElection53] INFO  server.RaftServer$Division (RaftServerImpl.java:setRole(299)) - 59b1e939-7f3e-448e-a48d-ff530bcc538d@group-F76DDF9E5011: changes role from CANDIDATE to FOLLOWER at term 2 for REJECTED
2022-06-27 16:57:47,498 [59b1e939-7f3e-448e-a48d-ff530bcc538d@group-F76DDF9E5011-LeaderElection53] INFO  impl.RoleInfo (RoleInfo.java:shutdownLeaderElection(130)) - 59b1e939-7f3e-448e-a48d-ff530bcc538d: shutdown 59b1e939-7f3e-448e-a48d-ff530bcc538d@group-F76DDF9E5011-LeaderElection53
2022-06-27 16:57:47,498 [59b1e939-7f3e-448e-a48d-ff530bcc538d@group-F76DDF9E5011-LeaderElection53] INFO  impl.RoleInfo (RoleInfo.java:updateAndGet(139)) - 59b1e939-7f3e-448e-a48d-ff530bcc538d: start 59b1e939-7f3e-448e-a48d-ff530bcc538d@group-F76DDF9E5011-FollowerState
2022-06-27 16:57:47,529 [Listener at 127.0.0.1/40965] INFO  ozone.MiniOzoneClusterImpl (MiniOzoneClusterImpl.java:lambda$waitForClusterToBeReady$0(223)) - Nodes are ready. Got 5 of 5 DN Heartbeats.
2022-06-27 16:57:47,529 [Listener at 127.0.0.1/40965] INFO  ozone.MiniOzoneClusterImpl (MiniOzoneClusterImpl.java:lambda$waitForClusterToBeReady$0(226)) - Waiting for cluster to exit safe mode
2022-06-27 16:57:47,529 [Listener at 127.0.0.1/40965] INFO  ozone.MiniOzoneClusterImpl (MiniOzoneClusterImpl.java:lambda$waitForClusterToBeReady$0(228)) - SCM became leader
2022-06-27 16:57:48,046 [dcd286b6-9f7a-4746-8dc4-f6b4b45daddf@group-9F43F2F298D9-FollowerState] INFO  impl.FollowerState (FollowerState.java:run(143)) - dcd286b6-9f7a-4746-8dc4-f6b4b45daddf@group-9F43F2F298D9-FollowerState: change to CANDIDATE, lastRpcElapsedTime:5139516688ns, electionTimeout:5094ms
2022-06-27 16:57:48,046 [dcd286b6-9f7a-4746-8dc4-f6b4b45daddf@group-9F43F2F298D9-FollowerState] INFO  impl.RoleInfo (RoleInfo.java:shutdownFollowerState(110)) - dcd286b6-9f7a-4746-8dc4-f6b4b45daddf: shutdown dcd286b6-9f7a-4746-8dc4-f6b4b45daddf@group-9F43F2F298D9-FollowerState
2022-06-27 16:57:48,046 [dcd286b6-9f7a-4746-8dc4-f6b4b45daddf@group-9F43F2F298D9-FollowerState] INFO  server.RaftServer$Division (RaftServerImpl.java:setRole(299)) - dcd286b6-9f7a-4746-8dc4-f6b4b45daddf@group-9F43F2F298D9: changes role from  FOLLOWER to CANDIDATE at term 1 for changeToCandidate
2022-06-27 16:57:48,046 [dcd286b6-9f7a-4746-8dc4-f6b4b45daddf@group-9F43F2F298D9-FollowerState] INFO  server.RaftServerConfigKeys (ConfUtils.java:logGet(46)) - raft.server.leaderelection.pre-vote = false (custom)
2022-06-27 16:57:48,046 [dcd286b6-9f7a-4746-8dc4-f6b4b45daddf@group-9F43F2F298D9-FollowerState] INFO  impl.RoleInfo (RoleInfo.java:updateAndGet(139)) - dcd286b6-9f7a-4746-8dc4-f6b4b45daddf: start dcd286b6-9f7a-4746-8dc4-f6b4b45daddf@group-9F43F2F298D9-LeaderElection55
2022-06-27 16:57:48,098 [59b1e939-7f3e-448e-a48d-ff530bcc538d@group-9F43F2F298D9-FollowerState] INFO  impl.FollowerState (FollowerState.java:run(143)) - 59b1e939-7f3e-448e-a48d-ff530bcc538d@group-9F43F2F298D9-FollowerState: change to CANDIDATE, lastRpcElapsedTime:5122745330ns, electionTimeout:5090ms
2022-06-27 16:57:48,098 [59b1e939-7f3e-448e-a48d-ff530bcc538d@group-9F43F2F298D9-FollowerState] INFO  impl.RoleInfo (RoleInfo.java:shutdownFollowerState(110)) - 59b1e939-7f3e-448e-a48d-ff530bcc538d: shutdown 59b1e939-7f3e-448e-a48d-ff530bcc538d@group-9F43F2F298D9-FollowerState
2022-06-27 16:57:48,098 [59b1e939-7f3e-448e-a48d-ff530bcc538d@group-9F43F2F298D9-FollowerState] INFO  server.RaftServer$Division (RaftServerImpl.java:setRole(299)) - 59b1e939-7f3e-448e-a48d-ff530bcc538d@group-9F43F2F298D9: changes role from  FOLLOWER to CANDIDATE at term 1 for changeToCandidate
2022-06-27 16:57:48,098 [59b1e939-7f3e-448e-a48d-ff530bcc538d@group-9F43F2F298D9-FollowerState] INFO  server.RaftServerConfigKeys (ConfUtils.java:logGet(46)) - raft.server.leaderelection.pre-vote = false (custom)
2022-06-27 16:57:48,098 [59b1e939-7f3e-448e-a48d-ff530bcc538d@group-9F43F2F298D9-FollowerState] INFO  impl.RoleInfo (RoleInfo.java:updateAndGet(139)) - 59b1e939-7f3e-448e-a48d-ff530bcc538d: start 59b1e939-7f3e-448e-a48d-ff530bcc538d@group-9F43F2F298D9-LeaderElection56
2022-06-27 16:57:48,140 [59b1e939-7f3e-448e-a48d-ff530bcc538d@group-9F43F2F298D9-LeaderElection56] INFO  impl.LeaderElection (LeaderElection.java:askForVotes(310)) - 59b1e939-7f3e-448e-a48d-ff530bcc538d@group-9F43F2F298D9-LeaderElection56 ELECTION round 0: submit vote requests at term 2 for -1: [dcd286b6-9f7a-4746-8dc4-f6b4b45daddf|rpc:10.1.0.22:37187|priority:1, 59b1e939-7f3e-448e-a48d-ff530bcc538d|rpc:10.1.0.22:33279|priority:0, d50766be-5aa0-4516-a336-dcc66469e2a8|rpc:10.1.0.22:40223|priority:0], old=null
2022-06-27 16:57:48,164 [d50766be-5aa0-4516-a336-dcc66469e2a8@group-9F43F2F298D9-FollowerState] INFO  impl.FollowerState (FollowerState.java:run(143)) - d50766be-5aa0-4516-a336-dcc66469e2a8@group-9F43F2F298D9-FollowerState: change to CANDIDATE, lastRpcElapsedTime:5162848303ns, electionTimeout:5156ms
2022-06-27 16:57:48,164 [d50766be-5aa0-4516-a336-dcc66469e2a8@group-9F43F2F298D9-FollowerState] INFO  impl.RoleInfo (RoleInfo.java:shutdownFollowerState(110)) - d50766be-5aa0-4516-a336-dcc66469e2a8: shutdown d50766be-5aa0-4516-a336-dcc66469e2a8@group-9F43F2F298D9-FollowerState
2022-06-27 16:57:48,164 [d50766be-5aa0-4516-a336-dcc66469e2a8@group-9F43F2F298D9-FollowerState] INFO  server.RaftServer$Division (RaftServerImpl.java:setRole(299)) - d50766be-5aa0-4516-a336-dcc66469e2a8@group-9F43F2F298D9: changes role from  FOLLOWER to CANDIDATE at term 1 for changeToCandidate
2022-06-27 16:57:48,194 [d50766be-5aa0-4516-a336-dcc66469e2a8@group-9F43F2F298D9-FollowerState] INFO  server.RaftServerConfigKeys (ConfUtils.java:logGet(46)) - raft.server.leaderelection.pre-vote = false (custom)
2022-06-27 16:57:48,194 [grpc-default-executor-0] INFO  server.RaftServer$Division (RaftServerImpl.java:requestVote(1152)) - dcd286b6-9f7a-4746-8dc4-f6b4b45daddf@group-9F43F2F298D9: receive requestVote(ELECTION, 59b1e939-7f3e-448e-a48d-ff530bcc538d, group-9F43F2F298D9, 2, (t:0, i:0))
2022-06-27 16:57:48,194 [dcd286b6-9f7a-4746-8dc4-f6b4b45daddf@group-9F43F2F298D9-LeaderElection55] INFO  impl.LeaderElection (LeaderElection.java:askForVotes(310)) - dcd286b6-9f7a-4746-8dc4-f6b4b45daddf@group-9F43F2F298D9-LeaderElection55 ELECTION round 0: submit vote requests at term 2 for -1: [dcd286b6-9f7a-4746-8dc4-f6b4b45daddf|rpc:10.1.0.22:37187|dataStream:|priority:1, 59b1e939-7f3e-448e-a48d-ff530bcc538d|rpc:10.1.0.22:33279|dataStream:|priority:0, d50766be-5aa0-4516-a336-dcc66469e2a8|rpc:10.1.0.22:40223|dataStream:|priority:0], old=null
2022-06-27 16:57:48,194 [grpc-default-executor-1] INFO  server.RaftServer$Division (RaftServerImpl.java:requestVote(1152)) - d50766be-5aa0-4516-a336-dcc66469e2a8@group-9F43F2F298D9: receive requestVote(ELECTION, 59b1e939-7f3e-448e-a48d-ff530bcc538d, group-9F43F2F298D9, 2, (t:0, i:0))
2022-06-27 16:57:48,194 [grpc-default-executor-0] INFO  impl.VoteContext (VoteContext.java:log(48)) - dcd286b6-9f7a-4746-8dc4-f6b4b45daddf@group-9F43F2F298D9-CANDIDATE: reject ELECTION from 59b1e939-7f3e-448e-a48d-ff530bcc538d: already has voted for dcd286b6-9f7a-4746-8dc4-f6b4b45daddf at current term 2
2022-06-27 16:57:48,194 [d50766be-5aa0-4516-a336-dcc66469e2a8@group-9F43F2F298D9-FollowerState] INFO  impl.RoleInfo (RoleInfo.java:updateAndGet(139)) - d50766be-5aa0-4516-a336-dcc66469e2a8: start d50766be-5aa0-4516-a336-dcc66469e2a8@group-9F43F2F298D9-LeaderElection57
2022-06-27 16:57:48,194 [grpc-default-executor-0] INFO  server.RaftServer$Division (RaftServerImpl.java:requestVote(1184)) - dcd286b6-9f7a-4746-8dc4-f6b4b45daddf@group-9F43F2F298D9 replies to ELECTION vote request: 59b1e939-7f3e-448e-a48d-ff530bcc538d<-dcd286b6-9f7a-4746-8dc4-f6b4b45daddf#0:FAIL-t2. Peer's state: dcd286b6-9f7a-4746-8dc4-f6b4b45daddf@group-9F43F2F298D9:t2, leader=null, voted=dcd286b6-9f7a-4746-8dc4-f6b4b45daddf, raftlog=dcd286b6-9f7a-4746-8dc4-f6b4b45daddf@group-9F43F2F298D9-SegmentedRaftLog:OPENED:c-1, conf=-1: [dcd286b6-9f7a-4746-8dc4-f6b4b45daddf|rpc:10.1.0.22:37187|dataStream:|priority:1, 59b1e939-7f3e-448e-a48d-ff530bcc538d|rpc:10.1.0.22:33279|dataStream:|priority:0, d50766be-5aa0-4516-a336-dcc66469e2a8|rpc:10.1.0.22:40223|dataStream:|priority:0], old=null
2022-06-27 16:57:48,201 [59b1e939-7f3e-448e-a48d-ff530bcc538d@group-9F43F2F298D9-LeaderElection56] INFO  impl.LeaderElection (LeaderElection.java:logAndReturn(90)) - 59b1e939-7f3e-448e-a48d-ff530bcc538d@group-9F43F2F298D9-LeaderElection56: ELECTION REJECTED received 1 response(s) and 0 exception(s):
2022-06-27 16:57:48,201 [59b1e939-7f3e-448e-a48d-ff530bcc538d@group-9F43F2F298D9-LeaderElection56] INFO  impl.LeaderElection (LeaderElection.java:logAndReturn(94)) -   Response 0: 59b1e939-7f3e-448e-a48d-ff530bcc538d<-dcd286b6-9f7a-4746-8dc4-f6b4b45daddf#0:FAIL-t2
2022-06-27 16:57:48,203 [grpc-default-executor-1] INFO  impl.VoteContext (VoteContext.java:log(48)) - d50766be-5aa0-4516-a336-dcc66469e2a8@group-9F43F2F298D9-CANDIDATE: accept ELECTION from 59b1e939-7f3e-448e-a48d-ff530bcc538d: our priority 0 <= candidate's priority 0
2022-06-27 16:57:48,203 [grpc-default-executor-1] INFO  server.RaftServer$Division (RaftServerImpl.java:setRole(299)) - d50766be-5aa0-4516-a336-dcc66469e2a8@group-9F43F2F298D9: changes role from CANDIDATE to FOLLOWER at term 2 for candidate:59b1e939-7f3e-448e-a48d-ff530bcc538d
2022-06-27 16:57:48,203 [grpc-default-executor-1] INFO  impl.RoleInfo (RoleInfo.java:shutdownLeaderElection(130)) - d50766be-5aa0-4516-a336-dcc66469e2a8: shutdown d50766be-5aa0-4516-a336-dcc66469e2a8@group-9F43F2F298D9-LeaderElection57
2022-06-27 16:57:48,203 [grpc-default-executor-1] INFO  impl.RoleInfo (RoleInfo.java:updateAndGet(139)) - d50766be-5aa0-4516-a336-dcc66469e2a8: start d50766be-5aa0-4516-a336-dcc66469e2a8@group-9F43F2F298D9-FollowerState
2022-06-27 16:57:48,205 [d50766be-5aa0-4516-a336-dcc66469e2a8@group-9F43F2F298D9-LeaderElection57] INFO  impl.LeaderElection (LeaderElection.java:run(231)) - d50766be-5aa0-4516-a336-dcc66469e2a8@group-9F43F2F298D9-LeaderElection57: skip running since this is already CLOSING
2022-06-27 16:57:48,220 [grpc-default-executor-1] INFO  server.RaftServer$Division (RaftServerImpl.java:requestVote(1184)) - d50766be-5aa0-4516-a336-dcc66469e2a8@group-9F43F2F298D9 replies to ELECTION vote request: 59b1e939-7f3e-448e-a48d-ff530bcc538d<-d50766be-5aa0-4516-a336-dcc66469e2a8#0:OK-t2. Peer's state: d50766be-5aa0-4516-a336-dcc66469e2a8@group-9F43F2F298D9:t2, leader=null, voted=59b1e939-7f3e-448e-a48d-ff530bcc538d, raftlog=d50766be-5aa0-4516-a336-dcc66469e2a8@group-9F43F2F298D9-SegmentedRaftLog:OPENED:c-1, conf=-1: [dcd286b6-9f7a-4746-8dc4-f6b4b45daddf|rpc:10.1.0.22:37187|priority:1, 59b1e939-7f3e-448e-a48d-ff530bcc538d|rpc:10.1.0.22:33279|priority:0, d50766be-5aa0-4516-a336-dcc66469e2a8|rpc:10.1.0.22:40223|priority:0], old=null
2022-06-27 16:57:48,231 [59b1e939-7f3e-448e-a48d-ff530bcc538d@group-9F43F2F298D9-LeaderElection56] INFO  impl.LeaderElection (LeaderElection.java:askForVotes(312)) - 59b1e939-7f3e-448e-a48d-ff530bcc538d@group-9F43F2F298D9-LeaderElection56 ELECTION round 0: result REJECTED
2022-06-27 16:57:48,231 [59b1e939-7f3e-448e-a48d-ff530bcc538d@group-9F43F2F298D9-LeaderElection56] INFO  server.RaftServer$Division (RaftServerImpl.java:setRole(299)) - 59b1e939-7f3e-448e-a48d-ff530bcc538d@group-9F43F2F298D9: changes role from CANDIDATE to FOLLOWER at term 2 for REJECTED
2022-06-27 16:57:48,231 [59b1e939-7f3e-448e-a48d-ff530bcc538d@group-9F43F2F298D9-LeaderElection56] INFO  impl.RoleInfo (RoleInfo.java:shutdownLeaderElection(130)) - 59b1e939-7f3e-448e-a48d-ff530bcc538d: shutdown 59b1e939-7f3e-448e-a48d-ff530bcc538d@group-9F43F2F298D9-LeaderElection56
2022-06-27 16:57:48,231 [59b1e939-7f3e-448e-a48d-ff530bcc538d@group-9F43F2F298D9-LeaderElection56] INFO  impl.RoleInfo (RoleInfo.java:updateAndGet(139)) - 59b1e939-7f3e-448e-a48d-ff530bcc538d: start 59b1e939-7f3e-448e-a48d-ff530bcc538d@group-9F43F2F298D9-FollowerState
2022-06-27 16:57:48,249 [grpc-default-executor-2] INFO  server.RaftServer$Division (RaftServerImpl.java:requestVote(1152)) - 59b1e939-7f3e-448e-a48d-ff530bcc538d@group-9F43F2F298D9: receive requestVote(ELECTION, dcd286b6-9f7a-4746-8dc4-f6b4b45daddf, group-9F43F2F298D9, 2, (t:0, i:0))
2022-06-27 16:57:48,249 [grpc-default-executor-2] INFO  impl.VoteContext (VoteContext.java:log(48)) - 59b1e939-7f3e-448e-a48d-ff530bcc538d@group-9F43F2F298D9-FOLLOWER: reject ELECTION from dcd286b6-9f7a-4746-8dc4-f6b4b45daddf: already has voted for 59b1e939-7f3e-448e-a48d-ff530bcc538d at current term 2
2022-06-27 16:57:48,249 [grpc-default-executor-2] INFO  server.RaftServer$Division (RaftServerImpl.java:requestVote(1184)) - 59b1e939-7f3e-448e-a48d-ff530bcc538d@group-9F43F2F298D9 replies to ELECTION vote request: dcd286b6-9f7a-4746-8dc4-f6b4b45daddf<-59b1e939-7f3e-448e-a48d-ff530bcc538d#0:FAIL-t2. Peer's state: 59b1e939-7f3e-448e-a48d-ff530bcc538d@group-9F43F2F298D9:t2, leader=null, voted=59b1e939-7f3e-448e-a48d-ff530bcc538d, raftlog=59b1e939-7f3e-448e-a48d-ff530bcc538d@group-9F43F2F298D9-SegmentedRaftLog:OPENED:c-1, conf=-1: [dcd286b6-9f7a-4746-8dc4-f6b4b45daddf|rpc:10.1.0.22:37187|priority:1, 59b1e939-7f3e-448e-a48d-ff530bcc538d|rpc:10.1.0.22:33279|priority:0, d50766be-5aa0-4516-a336-dcc66469e2a8|rpc:10.1.0.22:40223|priority:0], old=null
2022-06-27 16:57:48,249 [grpc-default-executor-1] INFO  server.RaftServer$Division (RaftServerImpl.java:requestVote(1152)) - d50766be-5aa0-4516-a336-dcc66469e2a8@group-9F43F2F298D9: receive requestVote(ELECTION, dcd286b6-9f7a-4746-8dc4-f6b4b45daddf, group-9F43F2F298D9, 2, (t:0, i:0))
2022-06-27 16:57:48,249 [grpc-default-executor-1] INFO  impl.VoteContext (VoteContext.java:log(48)) - d50766be-5aa0-4516-a336-dcc66469e2a8@group-9F43F2F298D9-FOLLOWER: reject ELECTION from dcd286b6-9f7a-4746-8dc4-f6b4b45daddf: already has voted for 59b1e939-7f3e-448e-a48d-ff530bcc538d at current term 2
2022-06-27 16:57:48,249 [grpc-default-executor-1] INFO  server.RaftServer$Division (RaftServerImpl.java:requestVote(1184)) - d50766be-5aa0-4516-a336-dcc66469e2a8@group-9F43F2F298D9 replies to ELECTION vote request: dcd286b6-9f7a-4746-8dc4-f6b4b45daddf<-d50766be-5aa0-4516-a336-dcc66469e2a8#0:FAIL-t2. Peer's state: d50766be-5aa0-4516-a336-dcc66469e2a8@group-9F43F2F298D9:t2, leader=null, voted=59b1e939-7f3e-448e-a48d-ff530bcc538d, raftlog=d50766be-5aa0-4516-a336-dcc66469e2a8@group-9F43F2F298D9-SegmentedRaftLog:OPENED:c-1, conf=-1: [dcd286b6-9f7a-4746-8dc4-f6b4b45daddf|rpc:10.1.0.22:37187|priority:1, 59b1e939-7f3e-448e-a48d-ff530bcc538d|rpc:10.1.0.22:33279|priority:0, d50766be-5aa0-4516-a336-dcc66469e2a8|rpc:10.1.0.22:40223|priority:0], old=null
2022-06-27 16:57:48,252 [dcd286b6-9f7a-4746-8dc4-f6b4b45daddf@group-9F43F2F298D9-LeaderElection55] INFO  impl.LeaderElection (LeaderElection.java:logAndReturn(90)) - dcd286b6-9f7a-4746-8dc4-f6b4b45daddf@group-9F43F2F298D9-LeaderElection55: ELECTION REJECTED received 2 response(s) and 0 exception(s):
2022-06-27 16:57:48,252 [dcd286b6-9f7a-4746-8dc4-f6b4b45daddf@group-9F43F2F298D9-LeaderElection55] INFO  impl.LeaderElection (LeaderElection.java:logAndReturn(94)) -   Response 0: dcd286b6-9f7a-4746-8dc4-f6b4b45daddf<-59b1e939-7f3e-448e-a48d-ff530bcc538d#0:FAIL-t2
2022-06-27 16:57:48,252 [dcd286b6-9f7a-4746-8dc4-f6b4b45daddf@group-9F43F2F298D9-LeaderElection55] INFO  impl.LeaderElection (LeaderElection.java:logAndReturn(94)) -   Response 1: dcd286b6-9f7a-4746-8dc4-f6b4b45daddf<-d50766be-5aa0-4516-a336-dcc66469e2a8#0:FAIL-t2
2022-06-27 16:57:48,252 [dcd286b6-9f7a-4746-8dc4-f6b4b45daddf@group-9F43F2F298D9-LeaderElection55] INFO  impl.LeaderElection (LeaderElection.java:askForVotes(312)) - dcd286b6-9f7a-4746-8dc4-f6b4b45daddf@group-9F43F2F298D9-LeaderElection55 ELECTION round 0: result REJECTED
2022-06-27 16:57:48,252 [dcd286b6-9f7a-4746-8dc4-f6b4b45daddf@group-9F43F2F298D9-LeaderElection55] INFO  server.RaftServer$Division (RaftServerImpl.java:setRole(299)) - dcd286b6-9f7a-4746-8dc4-f6b4b45daddf@group-9F43F2F298D9: changes role from CANDIDATE to FOLLOWER at term 2 for REJECTED
2022-06-27 16:57:48,252 [dcd286b6-9f7a-4746-8dc4-f6b4b45daddf@group-9F43F2F298D9-LeaderElection55] INFO  impl.RoleInfo (RoleInfo.java:shutdownLeaderElection(130)) - dcd286b6-9f7a-4746-8dc4-f6b4b45daddf: shutdown dcd286b6-9f7a-4746-8dc4-f6b4b45daddf@group-9F43F2F298D9-LeaderElection55
2022-06-27 16:57:48,252 [dcd286b6-9f7a-4746-8dc4-f6b4b45daddf@group-9F43F2F298D9-LeaderElection55] INFO  impl.RoleInfo (RoleInfo.java:updateAndGet(139)) - dcd286b6-9f7a-4746-8dc4-f6b4b45daddf: start dcd286b6-9f7a-4746-8dc4-f6b4b45daddf@group-9F43F2F298D9-FollowerState
2022-06-27 16:57:48,529 [Listener at 127.0.0.1/40965] INFO  ozone.MiniOzoneClusterImpl (MiniOzoneClusterImpl.java:lambda$waitForClusterToBeReady$0(223)) - Nodes are ready. Got 5 of 5 DN Heartbeats.
2022-06-27 16:57:48,529 [Listener at 127.0.0.1/40965] INFO  ozone.MiniOzoneClusterImpl (MiniOzoneClusterImpl.java:lambda$waitForClusterToBeReady$0(226)) - Waiting for cluster to exit safe mode
2022-06-27 16:57:48,529 [Listener at 127.0.0.1/40965] INFO  ozone.MiniOzoneClusterImpl (MiniOzoneClusterImpl.java:lambda$waitForClusterToBeReady$0(228)) - SCM became leader
2022-06-27 16:57:49,530 [Listener at 127.0.0.1/40965] INFO  ozone.MiniOzoneClusterImpl (MiniOzoneClusterImpl.java:lambda$waitForClusterToBeReady$0(223)) - Nodes are ready. Got 5 of 5 DN Heartbeats.
2022-06-27 16:57:49,530 [Listener at 127.0.0.1/40965] INFO  ozone.MiniOzoneClusterImpl (MiniOzoneClusterImpl.java:lambda$waitForClusterToBeReady$0(226)) - Waiting for cluster to exit safe mode
2022-06-27 16:57:49,530 [Listener at 127.0.0.1/40965] INFO  ozone.MiniOzoneClusterImpl (MiniOzoneClusterImpl.java:lambda$waitForClusterToBeReady$0(228)) - SCM became leader
2022-06-27 16:57:50,530 [Listener at 127.0.0.1/40965] INFO  ozone.MiniOzoneClusterImpl (MiniOzoneClusterImpl.java:lambda$waitForClusterToBeReady$0(223)) - Nodes are ready. Got 5 of 5 DN Heartbeats.
2022-06-27 16:57:50,530 [Listener at 127.0.0.1/40965] INFO  ozone.MiniOzoneClusterImpl (MiniOzoneClusterImpl.java:lambda$waitForClusterToBeReady$0(226)) - Waiting for cluster to exit safe mode
2022-06-27 16:57:50,530 [Listener at 127.0.0.1/40965] INFO  ozone.MiniOzoneClusterImpl (MiniOzoneClusterImpl.java:lambda$waitForClusterToBeReady$0(228)) - SCM became leader
2022-06-27 16:57:51,534 [Listener at 127.0.0.1/40965] INFO  ozone.MiniOzoneClusterImpl (MiniOzoneClusterImpl.java:lambda$waitForClusterToBeReady$0(223)) - Nodes are ready. Got 5 of 5 DN Heartbeats.
2022-06-27 16:57:51,534 [Listener at 127.0.0.1/40965] INFO  ozone.MiniOzoneClusterImpl (MiniOzoneClusterImpl.java:lambda$waitForClusterToBeReady$0(226)) - Waiting for cluster to exit safe mode
2022-06-27 16:57:51,534 [Listener at 127.0.0.1/40965] INFO  ozone.MiniOzoneClusterImpl (MiniOzoneClusterImpl.java:lambda$waitForClusterToBeReady$0(228)) - SCM became leader
2022-06-27 16:57:52,534 [Listener at 127.0.0.1/40965] INFO  ozone.MiniOzoneClusterImpl (MiniOzoneClusterImpl.java:lambda$waitForClusterToBeReady$0(223)) - Nodes are ready. Got 5 of 5 DN Heartbeats.
2022-06-27 16:57:52,535 [Listener at 127.0.0.1/40965] INFO  ozone.MiniOzoneClusterImpl (MiniOzoneClusterImpl.java:lambda$waitForClusterToBeReady$0(226)) - Waiting for cluster to exit safe mode
2022-06-27 16:57:52,535 [Listener at 127.0.0.1/40965] INFO  ozone.MiniOzoneClusterImpl (MiniOzoneClusterImpl.java:lambda$waitForClusterToBeReady$0(228)) - SCM became leader
2022-06-27 16:57:52,547 [d50766be-5aa0-4516-a336-dcc66469e2a8@group-F76DDF9E5011-FollowerState] INFO  impl.FollowerState (FollowerState.java:run(143)) - d50766be-5aa0-4516-a336-dcc66469e2a8@group-F76DDF9E5011-FollowerState: change to CANDIDATE, lastRpcElapsedTime:5153850615ns, electionTimeout:5084ms
2022-06-27 16:57:52,547 [d50766be-5aa0-4516-a336-dcc66469e2a8@group-F76DDF9E5011-FollowerState] INFO  impl.RoleInfo (RoleInfo.java:shutdownFollowerState(110)) - d50766be-5aa0-4516-a336-dcc66469e2a8: shutdown d50766be-5aa0-4516-a336-dcc66469e2a8@group-F76DDF9E5011-FollowerState
2022-06-27 16:57:52,547 [d50766be-5aa0-4516-a336-dcc66469e2a8@group-F76DDF9E5011-FollowerState] INFO  server.RaftServer$Division (RaftServerImpl.java:setRole(299)) - d50766be-5aa0-4516-a336-dcc66469e2a8@group-F76DDF9E5011: changes role from  FOLLOWER to CANDIDATE at term 2 for changeToCandidate
2022-06-27 16:57:52,547 [d50766be-5aa0-4516-a336-dcc66469e2a8@group-F76DDF9E5011-FollowerState] INFO  server.RaftServerConfigKeys (ConfUtils.java:logGet(46)) - raft.server.leaderelection.pre-vote = false (custom)
2022-06-27 16:57:52,547 [d50766be-5aa0-4516-a336-dcc66469e2a8@group-F76DDF9E5011-FollowerState] INFO  impl.RoleInfo (RoleInfo.java:updateAndGet(139)) - d50766be-5aa0-4516-a336-dcc66469e2a8: start d50766be-5aa0-4516-a336-dcc66469e2a8@group-F76DDF9E5011-LeaderElection58
2022-06-27 16:57:52,612 [d50766be-5aa0-4516-a336-dcc66469e2a8@group-F76DDF9E5011-LeaderElection58] INFO  impl.LeaderElection (LeaderElection.java:askForVotes(310)) - d50766be-5aa0-4516-a336-dcc66469e2a8@group-F76DDF9E5011-LeaderElection58 ELECTION round 0: submit vote requests at term 3 for -1: [dcd286b6-9f7a-4746-8dc4-f6b4b45daddf|rpc:10.1.0.22:37187|priority:0, 59b1e939-7f3e-448e-a48d-ff530bcc538d|rpc:10.1.0.22:33279|priority:1, d50766be-5aa0-4516-a336-dcc66469e2a8|rpc:10.1.0.22:40223|priority:0], old=null
2022-06-27 16:57:52,642 [grpc-default-executor-1] INFO  server.RaftServer$Division (RaftServerImpl.java:requestVote(1152)) - dcd286b6-9f7a-4746-8dc4-f6b4b45daddf@group-F76DDF9E5011: receive requestVote(ELECTION, d50766be-5aa0-4516-a336-dcc66469e2a8, group-F76DDF9E5011, 3, (t:0, i:0))
2022-06-27 16:57:52,643 [grpc-default-executor-1] INFO  impl.VoteContext (VoteContext.java:log(48)) - dcd286b6-9f7a-4746-8dc4-f6b4b45daddf@group-F76DDF9E5011-FOLLOWER: accept ELECTION from d50766be-5aa0-4516-a336-dcc66469e2a8: our priority 0 <= candidate's priority 0
2022-06-27 16:57:52,643 [grpc-default-executor-1] INFO  server.RaftServer$Division (RaftServerImpl.java:setRole(299)) - dcd286b6-9f7a-4746-8dc4-f6b4b45daddf@group-F76DDF9E5011: changes role from  FOLLOWER to FOLLOWER at term 3 for candidate:d50766be-5aa0-4516-a336-dcc66469e2a8
2022-06-27 16:57:52,643 [grpc-default-executor-1] INFO  impl.RoleInfo (RoleInfo.java:shutdownFollowerState(110)) - dcd286b6-9f7a-4746-8dc4-f6b4b45daddf: shutdown dcd286b6-9f7a-4746-8dc4-f6b4b45daddf@group-F76DDF9E5011-FollowerState
2022-06-27 16:57:52,643 [grpc-default-executor-1] INFO  impl.RoleInfo (RoleInfo.java:updateAndGet(139)) - dcd286b6-9f7a-4746-8dc4-f6b4b45daddf: start dcd286b6-9f7a-4746-8dc4-f6b4b45daddf@group-F76DDF9E5011-FollowerState
2022-06-27 16:57:52,643 [dcd286b6-9f7a-4746-8dc4-f6b4b45daddf@group-F76DDF9E5011-FollowerState] INFO  impl.FollowerState (FollowerState.java:run(152)) - dcd286b6-9f7a-4746-8dc4-f6b4b45daddf@group-F76DDF9E5011-FollowerState was interrupted
2022-06-27 16:57:52,649 [grpc-default-executor-1] INFO  server.RaftServer$Division (RaftServerImpl.java:requestVote(1184)) - dcd286b6-9f7a-4746-8dc4-f6b4b45daddf@group-F76DDF9E5011 replies to ELECTION vote request: d50766be-5aa0-4516-a336-dcc66469e2a8<-dcd286b6-9f7a-4746-8dc4-f6b4b45daddf#0:OK-t3. Peer's state: dcd286b6-9f7a-4746-8dc4-f6b4b45daddf@group-F76DDF9E5011:t3, leader=null, voted=d50766be-5aa0-4516-a336-dcc66469e2a8, raftlog=dcd286b6-9f7a-4746-8dc4-f6b4b45daddf@group-F76DDF9E5011-SegmentedRaftLog:OPENED:c-1, conf=-1: [dcd286b6-9f7a-4746-8dc4-f6b4b45daddf|rpc:10.1.0.22:37187|dataStream:|priority:0, 59b1e939-7f3e-448e-a48d-ff530bcc538d|rpc:10.1.0.22:33279|dataStream:|priority:1, d50766be-5aa0-4516-a336-dcc66469e2a8|rpc:10.1.0.22:40223|dataStream:|priority:0], old=null
2022-06-27 16:57:52,662 [59b1e939-7f3e-448e-a48d-ff530bcc538d@group-F76DDF9E5011-FollowerState] INFO  impl.FollowerState (FollowerState.java:run(143)) - 59b1e939-7f3e-448e-a48d-ff530bcc538d@group-F76DDF9E5011-FollowerState: change to CANDIDATE, lastRpcElapsedTime:5164061107ns, electionTimeout:5144ms
2022-06-27 16:57:52,662 [59b1e939-7f3e-448e-a48d-ff530bcc538d@group-F76DDF9E5011-FollowerState] INFO  impl.RoleInfo (RoleInfo.java:shutdownFollowerState(110)) - 59b1e939-7f3e-448e-a48d-ff530bcc538d: shutdown 59b1e939-7f3e-448e-a48d-ff530bcc538d@group-F76DDF9E5011-FollowerState
2022-06-27 16:57:52,662 [59b1e939-7f3e-448e-a48d-ff530bcc538d@group-F76DDF9E5011-FollowerState] INFO  server.RaftServer$Division (RaftServerImpl.java:setRole(299)) - 59b1e939-7f3e-448e-a48d-ff530bcc538d@group-F76DDF9E5011: changes role from  FOLLOWER to CANDIDATE at term 2 for changeToCandidate
2022-06-27 16:57:52,662 [59b1e939-7f3e-448e-a48d-ff530bcc538d@group-F76DDF9E5011-FollowerState] INFO  server.RaftServerConfigKeys (ConfUtils.java:logGet(46)) - raft.server.leaderelection.pre-vote = false (custom)
2022-06-27 16:57:52,662 [59b1e939-7f3e-448e-a48d-ff530bcc538d@group-F76DDF9E5011-FollowerState] INFO  impl.RoleInfo (RoleInfo.java:updateAndGet(139)) - 59b1e939-7f3e-448e-a48d-ff530bcc538d: start 59b1e939-7f3e-448e-a48d-ff530bcc538d@group-F76DDF9E5011-LeaderElection59
2022-06-27 16:57:52,669 [59b1e939-7f3e-448e-a48d-ff530bcc538d@group-F76DDF9E5011-LeaderElection59] INFO  impl.LeaderElection (LeaderElection.java:askForVotes(310)) - 59b1e939-7f3e-448e-a48d-ff530bcc538d@group-F76DDF9E5011-LeaderElection59 ELECTION round 0: submit vote requests at term 3 for -1: [dcd286b6-9f7a-4746-8dc4-f6b4b45daddf|rpc:10.1.0.22:37187|priority:0, 59b1e939-7f3e-448e-a48d-ff530bcc538d|rpc:10.1.0.22:33279|priority:1, d50766be-5aa0-4516-a336-dcc66469e2a8|rpc:10.1.0.22:40223|priority:0], old=null
2022-06-27 16:57:52,698 [grpc-default-executor-1] INFO  server.RaftServer$Division (RaftServerImpl.java:requestVote(1152)) - dcd286b6-9f7a-4746-8dc4-f6b4b45daddf@group-F76DDF9E5011: receive requestVote(ELECTION, 59b1e939-7f3e-448e-a48d-ff530bcc538d, group-F76DDF9E5011, 3, (t:0, i:0))
2022-06-27 16:57:52,698 [grpc-default-executor-1] INFO  impl.VoteContext (VoteContext.java:log(48)) - dcd286b6-9f7a-4746-8dc4-f6b4b45daddf@group-F76DDF9E5011-FOLLOWER: reject ELECTION from 59b1e939-7f3e-448e-a48d-ff530bcc538d: already has voted for d50766be-5aa0-4516-a336-dcc66469e2a8 at current term 3
2022-06-27 16:57:52,698 [grpc-default-executor-1] INFO  server.RaftServer$Division (RaftServerImpl.java:requestVote(1184)) - dcd286b6-9f7a-4746-8dc4-f6b4b45daddf@group-F76DDF9E5011 replies to ELECTION vote request: 59b1e939-7f3e-448e-a48d-ff530bcc538d<-dcd286b6-9f7a-4746-8dc4-f6b4b45daddf#0:FAIL-t3. Peer's state: dcd286b6-9f7a-4746-8dc4-f6b4b45daddf@group-F76DDF9E5011:t3, leader=null, voted=d50766be-5aa0-4516-a336-dcc66469e2a8, raftlog=dcd286b6-9f7a-4746-8dc4-f6b4b45daddf@group-F76DDF9E5011-SegmentedRaftLog:OPENED:c-1, conf=-1: [dcd286b6-9f7a-4746-8dc4-f6b4b45daddf|rpc:10.1.0.22:37187|dataStream:|priority:0, 59b1e939-7f3e-448e-a48d-ff530bcc538d|rpc:10.1.0.22:33279|dataStream:|priority:1, d50766be-5aa0-4516-a336-dcc66469e2a8|rpc:10.1.0.22:40223|dataStream:|priority:0], old=null
2022-06-27 16:57:52,698 [grpc-default-executor-2] INFO  server.RaftServer$Division (RaftServerImpl.java:requestVote(1152)) - d50766be-5aa0-4516-a336-dcc66469e2a8@group-F76DDF9E5011: receive requestVote(ELECTION, 59b1e939-7f3e-448e-a48d-ff530bcc538d, group-F76DDF9E5011, 3, (t:0, i:0))
2022-06-27 16:57:52,698 [grpc-default-executor-2] INFO  impl.VoteContext (VoteContext.java:log(48)) - d50766be-5aa0-4516-a336-dcc66469e2a8@group-F76DDF9E5011-CANDIDATE: reject ELECTION from 59b1e939-7f3e-448e-a48d-ff530bcc538d: already has voted for d50766be-5aa0-4516-a336-dcc66469e2a8 at current term 3
2022-06-27 16:57:52,698 [grpc-default-executor-2] INFO  server.RaftServer$Division (RaftServerImpl.java:requestVote(1184)) - d50766be-5aa0-4516-a336-dcc66469e2a8@group-F76DDF9E5011 replies to ELECTION vote request: 59b1e939-7f3e-448e-a48d-ff530bcc538d<-d50766be-5aa0-4516-a336-dcc66469e2a8#0:FAIL-t3. Peer's state: d50766be-5aa0-4516-a336-dcc66469e2a8@group-F76DDF9E5011:t3, leader=null, voted=d50766be-5aa0-4516-a336-dcc66469e2a8, raftlog=d50766be-5aa0-4516-a336-dcc66469e2a8@group-F76DDF9E5011-SegmentedRaftLog:OPENED:c-1, conf=-1: [dcd286b6-9f7a-4746-8dc4-f6b4b45daddf|rpc:10.1.0.22:37187|priority:0, 59b1e939-7f3e-448e-a48d-ff530bcc538d|rpc:10.1.0.22:33279|priority:1, d50766be-5aa0-4516-a336-dcc66469e2a8|rpc:10.1.0.22:40223|priority:0], old=null
2022-06-27 16:57:52,729 [grpc-default-executor-2] INFO  server.RaftServer$Division (RaftServerImpl.java:requestVote(1152)) - 59b1e939-7f3e-448e-a48d-ff530bcc538d@group-F76DDF9E5011: receive requestVote(ELECTION, d50766be-5aa0-4516-a336-dcc66469e2a8, group-F76DDF9E5011, 3, (t:0, i:0))
2022-06-27 16:57:52,730 [grpc-default-executor-2] INFO  impl.VoteContext (VoteContext.java:log(48)) - 59b1e939-7f3e-448e-a48d-ff530bcc538d@group-F76DDF9E5011-CANDIDATE: reject ELECTION from d50766be-5aa0-4516-a336-dcc66469e2a8: already has voted for 59b1e939-7f3e-448e-a48d-ff530bcc538d at current term 3
2022-06-27 16:57:52,730 [grpc-default-executor-2] INFO  server.RaftServer$Division (RaftServerImpl.java:requestVote(1184)) - 59b1e939-7f3e-448e-a48d-ff530bcc538d@group-F76DDF9E5011 replies to ELECTION vote request: d50766be-5aa0-4516-a336-dcc66469e2a8<-59b1e939-7f3e-448e-a48d-ff530bcc538d#0:FAIL-t3. Peer's state: 59b1e939-7f3e-448e-a48d-ff530bcc538d@group-F76DDF9E5011:t3, leader=null, voted=59b1e939-7f3e-448e-a48d-ff530bcc538d, raftlog=59b1e939-7f3e-448e-a48d-ff530bcc538d@group-F76DDF9E5011-SegmentedRaftLog:OPENED:c-1, conf=-1: [dcd286b6-9f7a-4746-8dc4-f6b4b45daddf|rpc:10.1.0.22:37187|priority:0, 59b1e939-7f3e-448e-a48d-ff530bcc538d|rpc:10.1.0.22:33279|priority:1, d50766be-5aa0-4516-a336-dcc66469e2a8|rpc:10.1.0.22:40223|priority:0], old=null
2022-06-27 16:57:52,730 [59b1e939-7f3e-448e-a48d-ff530bcc538d@group-F76DDF9E5011-LeaderElection59] INFO  impl.LeaderElection (LeaderElection.java:logAndReturn(90)) - 59b1e939-7f3e-448e-a48d-ff530bcc538d@group-F76DDF9E5011-LeaderElection59: ELECTION REJECTED received 2 response(s) and 0 exception(s):
2022-06-27 16:57:52,730 [59b1e939-7f3e-448e-a48d-ff530bcc538d@group-F76DDF9E5011-LeaderElection59] INFO  impl.LeaderElection (LeaderElection.java:logAndReturn(94)) -   Response 0: 59b1e939-7f3e-448e-a48d-ff530bcc538d<-dcd286b6-9f7a-4746-8dc4-f6b4b45daddf#0:FAIL-t3
2022-06-27 16:57:52,730 [59b1e939-7f3e-448e-a48d-ff530bcc538d@group-F76DDF9E5011-LeaderElection59] INFO  impl.LeaderElection (LeaderElection.java:logAndReturn(94)) -   Response 1: 59b1e939-7f3e-448e-a48d-ff530bcc538d<-d50766be-5aa0-4516-a336-dcc66469e2a8#0:FAIL-t3
2022-06-27 16:57:52,730 [59b1e939-7f3e-448e-a48d-ff530bcc538d@group-F76DDF9E5011-LeaderElection59] INFO  impl.LeaderElection (LeaderElection.java:askForVotes(312)) - 59b1e939-7f3e-448e-a48d-ff530bcc538d@group-F76DDF9E5011-LeaderElection59 ELECTION round 0: result REJECTED
2022-06-27 16:57:52,730 [59b1e939-7f3e-448e-a48d-ff530bcc538d@group-F76DDF9E5011-LeaderElection59] INFO  server.RaftServer$Division (RaftServerImpl.java:setRole(299)) - 59b1e939-7f3e-448e-a48d-ff530bcc538d@group-F76DDF9E5011: changes role from CANDIDATE to FOLLOWER at term 3 for REJECTED
2022-06-27 16:57:52,730 [59b1e939-7f3e-448e-a48d-ff530bcc538d@group-F76DDF9E5011-LeaderElection59] INFO  impl.RoleInfo (RoleInfo.java:shutdownLeaderElection(130)) - 59b1e939-7f3e-448e-a48d-ff530bcc538d: shutdown 59b1e939-7f3e-448e-a48d-ff530bcc538d@group-F76DDF9E5011-LeaderElection59
2022-06-27 16:57:52,730 [59b1e939-7f3e-448e-a48d-ff530bcc538d@group-F76DDF9E5011-LeaderElection59] INFO  impl.RoleInfo (RoleInfo.java:updateAndGet(139)) - 59b1e939-7f3e-448e-a48d-ff530bcc538d: start 59b1e939-7f3e-448e-a48d-ff530bcc538d@group-F76DDF9E5011-FollowerState
2022-06-27 16:57:52,730 [d50766be-5aa0-4516-a336-dcc66469e2a8@group-F76DDF9E5011-LeaderElection58] INFO  impl.LeaderElection (LeaderElection.java:logAndReturn(90)) - d50766be-5aa0-4516-a336-dcc66469e2a8@group-F76DDF9E5011-LeaderElection58: ELECTION REJECTED received 2 response(s) and 0 exception(s):
2022-06-27 16:57:52,730 [d50766be-5aa0-4516-a336-dcc66469e2a8@group-F76DDF9E5011-LeaderElection58] INFO  impl.LeaderElection (LeaderElection.java:logAndReturn(94)) -   Response 0: d50766be-5aa0-4516-a336-dcc66469e2a8<-dcd286b6-9f7a-4746-8dc4-f6b4b45daddf#0:OK-t3
2022-06-27 16:57:52,730 [d50766be-5aa0-4516-a336-dcc66469e2a8@group-F76DDF9E5011-LeaderElection58] INFO  impl.LeaderElection (LeaderElection.java:logAndReturn(94)) -   Response 1: d50766be-5aa0-4516-a336-dcc66469e2a8<-59b1e939-7f3e-448e-a48d-ff530bcc538d#0:FAIL-t3
2022-06-27 16:57:52,761 [d50766be-5aa0-4516-a336-dcc66469e2a8@group-F76DDF9E5011-LeaderElection58] INFO  impl.LeaderElection (LeaderElection.java:askForVotes(312)) - d50766be-5aa0-4516-a336-dcc66469e2a8@group-F76DDF9E5011-LeaderElection58 ELECTION round 0: result REJECTED
2022-06-27 16:57:52,761 [d50766be-5aa0-4516-a336-dcc66469e2a8@group-F76DDF9E5011-LeaderElection58] INFO  server.RaftServer$Division (RaftServerImpl.java:setRole(299)) - d50766be-5aa0-4516-a336-dcc66469e2a8@group-F76DDF9E5011: changes role from CANDIDATE to FOLLOWER at term 3 for REJECTED
2022-06-27 16:57:52,761 [d50766be-5aa0-4516-a336-dcc66469e2a8@group-F76DDF9E5011-LeaderElection58] INFO  impl.RoleInfo (RoleInfo.java:shutdownLeaderElection(130)) - d50766be-5aa0-4516-a336-dcc66469e2a8: shutdown d50766be-5aa0-4516-a336-dcc66469e2a8@group-F76DDF9E5011-LeaderElection58
2022-06-27 16:57:52,761 [d50766be-5aa0-4516-a336-dcc66469e2a8@group-F76DDF9E5011-LeaderElection58] INFO  impl.RoleInfo (RoleInfo.java:updateAndGet(139)) - d50766be-5aa0-4516-a336-dcc66469e2a8: start d50766be-5aa0-4516-a336-dcc66469e2a8@group-F76DDF9E5011-FollowerState
2022-06-27 16:57:53,280 [dcd286b6-9f7a-4746-8dc4-f6b4b45daddf@group-9F43F2F298D9-FollowerState] INFO  impl.FollowerState (FollowerState.java:run(143)) - dcd286b6-9f7a-4746-8dc4-f6b4b45daddf@group-9F43F2F298D9-FollowerState: change to CANDIDATE, lastRpcElapsedTime:5027715622ns, electionTimeout:5003ms
2022-06-27 16:57:53,280 [dcd286b6-9f7a-4746-8dc4-f6b4b45daddf@group-9F43F2F298D9-FollowerState] INFO  impl.RoleInfo (RoleInfo.java:shutdownFollowerState(110)) - dcd286b6-9f7a-4746-8dc4-f6b4b45daddf: shutdown dcd286b6-9f7a-4746-8dc4-f6b4b45daddf@group-9F43F2F298D9-FollowerState
2022-06-27 16:57:53,280 [dcd286b6-9f7a-4746-8dc4-f6b4b45daddf@group-9F43F2F298D9-FollowerState] INFO  server.RaftServer$Division (RaftServerImpl.java:setRole(299)) - dcd286b6-9f7a-4746-8dc4-f6b4b45daddf@group-9F43F2F298D9: changes role from  FOLLOWER to CANDIDATE at term 2 for changeToCandidate
2022-06-27 16:57:53,280 [dcd286b6-9f7a-4746-8dc4-f6b4b45daddf@group-9F43F2F298D9-FollowerState] INFO  server.RaftServerConfigKeys (ConfUtils.java:logGet(46)) - raft.server.leaderelection.pre-vote = false (custom)
2022-06-27 16:57:53,280 [dcd286b6-9f7a-4746-8dc4-f6b4b45daddf@group-9F43F2F298D9-FollowerState] INFO  impl.RoleInfo (RoleInfo.java:updateAndGet(139)) - dcd286b6-9f7a-4746-8dc4-f6b4b45daddf: start dcd286b6-9f7a-4746-8dc4-f6b4b45daddf@group-9F43F2F298D9-LeaderElection60
2022-06-27 16:57:53,307 [dcd286b6-9f7a-4746-8dc4-f6b4b45daddf@group-9F43F2F298D9-LeaderElection60] INFO  impl.LeaderElection (LeaderElection.java:askForVotes(310)) - dcd286b6-9f7a-4746-8dc4-f6b4b45daddf@group-9F43F2F298D9-LeaderElection60 ELECTION round 0: submit vote requests at term 3 for -1: [dcd286b6-9f7a-4746-8dc4-f6b4b45daddf|rpc:10.1.0.22:37187|dataStream:|priority:1, 59b1e939-7f3e-448e-a48d-ff530bcc538d|rpc:10.1.0.22:33279|dataStream:|priority:0, d50766be-5aa0-4516-a336-dcc66469e2a8|rpc:10.1.0.22:40223|dataStream:|priority:0], old=null
2022-06-27 16:57:53,317 [59b1e939-7f3e-448e-a48d-ff530bcc538d@group-9F43F2F298D9-FollowerState] INFO  impl.FollowerState (FollowerState.java:run(143)) - 59b1e939-7f3e-448e-a48d-ff530bcc538d@group-9F43F2F298D9-FollowerState: change to CANDIDATE, lastRpcElapsedTime:5085624361ns, electionTimeout:5048ms
2022-06-27 16:57:53,317 [59b1e939-7f3e-448e-a48d-ff530bcc538d@group-9F43F2F298D9-FollowerState] INFO  impl.RoleInfo (RoleInfo.java:shutdownFollowerState(110)) - 59b1e939-7f3e-448e-a48d-ff530bcc538d: shutdown 59b1e939-7f3e-448e-a48d-ff530bcc538d@group-9F43F2F298D9-FollowerState
2022-06-27 16:57:53,317 [59b1e939-7f3e-448e-a48d-ff530bcc538d@group-9F43F2F298D9-FollowerState] INFO  server.RaftServer$Division (RaftServerImpl.java:setRole(299)) - 59b1e939-7f3e-448e-a48d-ff530bcc538d@group-9F43F2F298D9: changes role from  FOLLOWER to CANDIDATE at term 2 for changeToCandidate
2022-06-27 16:57:53,324 [59b1e939-7f3e-448e-a48d-ff530bcc538d@group-9F43F2F298D9-FollowerState] INFO  server.RaftServerConfigKeys (ConfUtils.java:logGet(46)) - raft.server.leaderelection.pre-vote = false (custom)
2022-06-27 16:57:53,324 [59b1e939-7f3e-448e-a48d-ff530bcc538d@group-9F43F2F298D9-FollowerState] INFO  impl.RoleInfo (RoleInfo.java:updateAndGet(139)) - 59b1e939-7f3e-448e-a48d-ff530bcc538d: start 59b1e939-7f3e-448e-a48d-ff530bcc538d@group-9F43F2F298D9-LeaderElection61
2022-06-27 16:57:53,337 [grpc-default-executor-2] INFO  server.RaftServer$Division (RaftServerImpl.java:requestVote(1152)) - 59b1e939-7f3e-448e-a48d-ff530bcc538d@group-9F43F2F298D9: receive requestVote(ELECTION, dcd286b6-9f7a-4746-8dc4-f6b4b45daddf, group-9F43F2F298D9, 3, (t:0, i:0))
2022-06-27 16:57:53,337 [grpc-default-executor-2] INFO  impl.VoteContext (VoteContext.java:log(48)) - 59b1e939-7f3e-448e-a48d-ff530bcc538d@group-9F43F2F298D9-CANDIDATE: accept ELECTION from dcd286b6-9f7a-4746-8dc4-f6b4b45daddf: our priority 0 <= candidate's priority 1
2022-06-27 16:57:53,337 [grpc-default-executor-2] INFO  server.RaftServer$Division (RaftServerImpl.java:setRole(299)) - 59b1e939-7f3e-448e-a48d-ff530bcc538d@group-9F43F2F298D9: changes role from CANDIDATE to FOLLOWER at term 3 for candidate:dcd286b6-9f7a-4746-8dc4-f6b4b45daddf
2022-06-27 16:57:53,337 [grpc-default-executor-2] INFO  impl.RoleInfo (RoleInfo.java:shutdownLeaderElection(130)) - 59b1e939-7f3e-448e-a48d-ff530bcc538d: shutdown 59b1e939-7f3e-448e-a48d-ff530bcc538d@group-9F43F2F298D9-LeaderElection61
2022-06-27 16:57:53,337 [grpc-default-executor-2] INFO  impl.RoleInfo (RoleInfo.java:updateAndGet(139)) - 59b1e939-7f3e-448e-a48d-ff530bcc538d: start 59b1e939-7f3e-448e-a48d-ff530bcc538d@group-9F43F2F298D9-FollowerState
2022-06-27 16:57:53,337 [grpc-default-executor-0] INFO  server.RaftServer$Division (RaftServerImpl.java:requestVote(1152)) - d50766be-5aa0-4516-a336-dcc66469e2a8@group-9F43F2F298D9: receive requestVote(ELECTION, dcd286b6-9f7a-4746-8dc4-f6b4b45daddf, group-9F43F2F298D9, 3, (t:0, i:0))
2022-06-27 16:57:53,337 [grpc-default-executor-0] INFO  impl.VoteContext (VoteContext.java:log(48)) - d50766be-5aa0-4516-a336-dcc66469e2a8@group-9F43F2F298D9-FOLLOWER: accept ELECTION from dcd286b6-9f7a-4746-8dc4-f6b4b45daddf: our priority 0 <= candidate's priority 1
2022-06-27 16:57:53,337 [grpc-default-executor-0] INFO  server.RaftServer$Division (RaftServerImpl.java:setRole(299)) - d50766be-5aa0-4516-a336-dcc66469e2a8@group-9F43F2F298D9: changes role from  FOLLOWER to FOLLOWER at term 3 for candidate:dcd286b6-9f7a-4746-8dc4-f6b4b45daddf
2022-06-27 16:57:53,337 [grpc-default-executor-0] INFO  impl.RoleInfo (RoleInfo.java:shutdownFollowerState(110)) - d50766be-5aa0-4516-a336-dcc66469e2a8: shutdown d50766be-5aa0-4516-a336-dcc66469e2a8@group-9F43F2F298D9-FollowerState
2022-06-27 16:57:53,346 [grpc-default-executor-2] INFO  server.RaftServer$Division (RaftServerImpl.java:requestVote(1184)) - 59b1e939-7f3e-448e-a48d-ff530bcc538d@group-9F43F2F298D9 replies to ELECTION vote request: dcd286b6-9f7a-4746-8dc4-f6b4b45daddf<-59b1e939-7f3e-448e-a48d-ff530bcc538d#0:OK-t3. Peer's state: 59b1e939-7f3e-448e-a48d-ff530bcc538d@group-9F43F2F298D9:t3, leader=null, voted=dcd286b6-9f7a-4746-8dc4-f6b4b45daddf, raftlog=59b1e939-7f3e-448e-a48d-ff530bcc538d@group-9F43F2F298D9-SegmentedRaftLog:OPENED:c-1, conf=-1: [dcd286b6-9f7a-4746-8dc4-f6b4b45daddf|rpc:10.1.0.22:37187|priority:1, 59b1e939-7f3e-448e-a48d-ff530bcc538d|rpc:10.1.0.22:33279|priority:0, d50766be-5aa0-4516-a336-dcc66469e2a8|rpc:10.1.0.22:40223|priority:0], old=null
2022-06-27 16:57:53,364 [dcd286b6-9f7a-4746-8dc4-f6b4b45daddf@group-9F43F2F298D9-LeaderElection60] INFO  impl.LeaderElection (LeaderElection.java:logAndReturn(90)) - dcd286b6-9f7a-4746-8dc4-f6b4b45daddf@group-9F43F2F298D9-LeaderElection60: ELECTION PASSED received 1 response(s) and 0 exception(s):
2022-06-27 16:57:53,364 [59b1e939-7f3e-448e-a48d-ff530bcc538d@group-9F43F2F298D9-LeaderElection61] INFO  impl.LeaderElection (LeaderElection.java:run(231)) - 59b1e939-7f3e-448e-a48d-ff530bcc538d@group-9F43F2F298D9-LeaderElection61: skip running since this is already CLOSING
2022-06-27 16:57:53,364 [grpc-default-executor-0] INFO  impl.RoleInfo (RoleInfo.java:updateAndGet(139)) - d50766be-5aa0-4516-a336-dcc66469e2a8: start d50766be-5aa0-4516-a336-dcc66469e2a8@group-9F43F2F298D9-FollowerState
2022-06-27 16:57:53,364 [d50766be-5aa0-4516-a336-dcc66469e2a8@group-9F43F2F298D9-FollowerState] INFO  impl.FollowerState (FollowerState.java:run(152)) - d50766be-5aa0-4516-a336-dcc66469e2a8@group-9F43F2F298D9-FollowerState was interrupted
2022-06-27 16:57:53,364 [dcd286b6-9f7a-4746-8dc4-f6b4b45daddf@group-9F43F2F298D9-LeaderElection60] INFO  impl.LeaderElection (LeaderElection.java:logAndReturn(94)) -   Response 0: dcd286b6-9f7a-4746-8dc4-f6b4b45daddf<-59b1e939-7f3e-448e-a48d-ff530bcc538d#0:OK-t3
2022-06-27 16:57:53,372 [dcd286b6-9f7a-4746-8dc4-f6b4b45daddf@group-9F43F2F298D9-LeaderElection60] INFO  impl.LeaderElection (LeaderElection.java:askForVotes(312)) - dcd286b6-9f7a-4746-8dc4-f6b4b45daddf@group-9F43F2F298D9-LeaderElection60 ELECTION round 0: result PASSED
2022-06-27 16:57:53,372 [dcd286b6-9f7a-4746-8dc4-f6b4b45daddf@group-9F43F2F298D9-LeaderElection60] INFO  impl.RoleInfo (RoleInfo.java:shutdownLeaderElection(130)) - dcd286b6-9f7a-4746-8dc4-f6b4b45daddf: shutdown dcd286b6-9f7a-4746-8dc4-f6b4b45daddf@group-9F43F2F298D9-LeaderElection60
2022-06-27 16:57:53,372 [dcd286b6-9f7a-4746-8dc4-f6b4b45daddf@group-9F43F2F298D9-LeaderElection60] INFO  server.RaftServer$Division (RaftServerImpl.java:setRole(299)) - dcd286b6-9f7a-4746-8dc4-f6b4b45daddf@group-9F43F2F298D9: changes role from CANDIDATE to LEADER at term 3 for changeToLeader
2022-06-27 16:57:53,372 [dcd286b6-9f7a-4746-8dc4-f6b4b45daddf@group-9F43F2F298D9-LeaderElection60] INFO  ratis.XceiverServerRatis (XceiverServerRatis.java:handleLeaderChangedNotification(863)) - Leader change notification received for group: group-9F43F2F298D9 with new leaderId: dcd286b6-9f7a-4746-8dc4-f6b4b45daddf
2022-06-27 16:57:53,372 [dcd286b6-9f7a-4746-8dc4-f6b4b45daddf@group-9F43F2F298D9-LeaderElection60] INFO  server.RaftServer$Division (ServerState.java:setLeader(287)) - dcd286b6-9f7a-4746-8dc4-f6b4b45daddf@group-9F43F2F298D9: change Leader from null to dcd286b6-9f7a-4746-8dc4-f6b4b45daddf at term 3 for becomeLeader, leader elected after 15562ms
2022-06-27 16:57:53,372 [dcd286b6-9f7a-4746-8dc4-f6b4b45daddf@group-9F43F2F298D9-LeaderElection60] INFO  server.RaftServerConfigKeys (ConfUtils.java:logGet(46)) - raft.server.staging.catchup.gap = 1000 (default)
2022-06-27 16:57:53,373 [dcd286b6-9f7a-4746-8dc4-f6b4b45daddf@group-9F43F2F298D9-LeaderElection60] INFO  server.RaftServerConfigKeys (ConfUtils.java:logGet(46)) - raft.server.write.element-limit = 1024 (custom)
2022-06-27 16:57:53,373 [dcd286b6-9f7a-4746-8dc4-f6b4b45daddf@group-9F43F2F298D9-LeaderElection60] INFO  server.RaftServerConfigKeys (ConfUtils.java:logGet(46)) - raft.server.write.byte-limit = 1024 M (=1073741824) (custom)
2022-06-27 16:57:53,373 [grpc-default-executor-0] INFO  server.RaftServer$Division (RaftServerImpl.java:requestVote(1184)) - d50766be-5aa0-4516-a336-dcc66469e2a8@group-9F43F2F298D9 replies to ELECTION vote request: dcd286b6-9f7a-4746-8dc4-f6b4b45daddf<-d50766be-5aa0-4516-a336-dcc66469e2a8#0:OK-t3. Peer's state: d50766be-5aa0-4516-a336-dcc66469e2a8@group-9F43F2F298D9:t3, leader=null, voted=dcd286b6-9f7a-4746-8dc4-f6b4b45daddf, raftlog=d50766be-5aa0-4516-a336-dcc66469e2a8@group-9F43F2F298D9-SegmentedRaftLog:OPENED:c-1, conf=-1: [dcd286b6-9f7a-4746-8dc4-f6b4b45daddf|rpc:10.1.0.22:37187|priority:1, 59b1e939-7f3e-448e-a48d-ff530bcc538d|rpc:10.1.0.22:33279|priority:0, d50766be-5aa0-4516-a336-dcc66469e2a8|rpc:10.1.0.22:40223|priority:0], old=null
2022-06-27 16:57:53,377 [dcd286b6-9f7a-4746-8dc4-f6b4b45daddf@group-9F43F2F298D9-LeaderElection60] INFO  server.RaftServerConfigKeys (ConfUtils.java:logGet(46)) - raft.server.watch.timeout = 180s (custom)
2022-06-27 16:57:53,377 [dcd286b6-9f7a-4746-8dc4-f6b4b45daddf@group-9F43F2F298D9-LeaderElection60] INFO  server.RaftServerConfigKeys (ConfUtils.java:logGet(46)) - raft.server.watch.timeout.denomination = 1s (default)
2022-06-27 16:57:53,377 [dcd286b6-9f7a-4746-8dc4-f6b4b45daddf@group-9F43F2F298D9-LeaderElection60] INFO  server.RaftServerConfigKeys (ConfUtils.java:logGet(46)) - raft.server.watch.element-limit = 65536 (default)
2022-06-27 16:57:53,377 [dcd286b6-9f7a-4746-8dc4-f6b4b45daddf@group-9F43F2F298D9-LeaderElection60] INFO  server.RaftServerConfigKeys (ConfUtils.java:logGet(46)) - raft.server.write.element-limit = 1024 (custom)
2022-06-27 16:57:53,377 [dcd286b6-9f7a-4746-8dc4-f6b4b45daddf@group-9F43F2F298D9-LeaderElection60] INFO  server.RaftServerConfigKeys (ConfUtils.java:logGet(46)) - raft.server.write.follower.gap.ratio.max = -1.0 (default)
2022-06-27 16:57:53,378 [dcd286b6-9f7a-4746-8dc4-f6b4b45daddf@group-9F43F2F298D9-LeaderElection60] INFO  server.RaftServerConfigKeys (ConfUtils.java:logGet(46)) - raft.server.log.appender.snapshot.chunk.size.max = 16MB (=16777216) (default)
2022-06-27 16:57:53,378 [dcd286b6-9f7a-4746-8dc4-f6b4b45daddf@group-9F43F2F298D9-LeaderElection60] INFO  server.RaftServerConfigKeys (ConfUtils.java:logGet(46)) - raft.server.log.appender.buffer.byte-limit = 33554432 (custom)
2022-06-27 16:57:53,378 [dcd286b6-9f7a-4746-8dc4-f6b4b45daddf@group-9F43F2F298D9-LeaderElection60] INFO  server.RaftServerConfigKeys (ConfUtils.java:logGet(46)) - raft.server.log.appender.buffer.element-limit = 1 (custom)
2022-06-27 16:57:53,378 [dcd286b6-9f7a-4746-8dc4-f6b4b45daddf@group-9F43F2F298D9-LeaderElection60] INFO  grpc.GrpcConfigKeys (ConfUtils.java:logGet(46)) - raft.grpc.server.leader.outstanding.appends.max = 128 (default)
2022-06-27 16:57:53,378 [dcd286b6-9f7a-4746-8dc4-f6b4b45daddf@group-9F43F2F298D9-LeaderElection60] INFO  server.RaftServerConfigKeys (ConfUtils.java:logGet(46)) - raft.server.rpc.request.timeout = 60s (custom)
2022-06-27 16:57:53,378 [dcd286b6-9f7a-4746-8dc4-f6b4b45daddf@group-9F43F2F298D9-LeaderElection60] INFO  server.RaftServerConfigKeys (ConfUtils.java:logGet(46)) - raft.server.log.appender.install.snapshot.enabled = false (custom)
2022-06-27 16:57:53,380 [EventQueue-PipelineReportForPipelineReportHandler] INFO  pipeline.PipelineManagerImpl (PipelineManagerImpl.java:openPipeline(358)) - Pipeline Pipeline[ Id: 4d3056c5-5555-4656-80dd-9f43f2f298d9, Nodes: d50766be-5aa0-4516-a336-dcc66469e2a8{ip: 10.1.0.22, host: fv-az215-30.fk02tkdpp51uda4i120yanydqb.bx.internal.cloudapp.net, ports: [REPLICATION=34005, RATIS=40223, RATIS_ADMIN=40223, RATIS_SERVER=40223, STANDALONE=45739], networkLocation: /default-rack, certSerialId: null, persistedOpState: IN_SERVICE, persistedOpStateExpiryEpochSec: 0}dcd286b6-9f7a-4746-8dc4-f6b4b45daddf{ip: 10.1.0.22, host: fv-az215-30.fk02tkdpp51uda4i120yanydqb.bx.internal.cloudapp.net, ports: [REPLICATION=34409, RATIS=37187, RATIS_ADMIN=37187, RATIS_SERVER=37187, STANDALONE=39967], networkLocation: /default-rack, certSerialId: null, persistedOpState: IN_SERVICE, persistedOpStateExpiryEpochSec: 0}59b1e939-7f3e-448e-a48d-ff530bcc538d{ip: 10.1.0.22, host: fv-az215-30.fk02tkdpp51uda4i120yanydqb.bx.internal.cloudapp.net, ports: [REPLICATION=42155, RATIS=33279, RATIS_ADMIN=33279, RATIS_SERVER=33279, STANDALONE=39669], networkLocation: /default-rack, certSerialId: null, persistedOpState: IN_SERVICE, persistedOpStateExpiryEpochSec: 0}, ReplicationConfig: RATIS/THREE, State:ALLOCATED, leaderId:dcd286b6-9f7a-4746-8dc4-f6b4b45daddf, CreationTimestamp2022-06-27T16:57:34.771Z[Etc/UTC]] moved to OPEN state
2022-06-27 16:57:53,380 [EventQueue-OpenPipelineForHealthyPipelineSafeModeRule] INFO  safemode.SCMSafeModeManager (HealthyPipelineSafeModeRule.java:process(124)) - SCM in safe mode. Healthy pipelines reported count is 1, required healthy pipeline reported count is 1
2022-06-27 16:57:53,380 [EventQueue-OpenPipelineForHealthyPipelineSafeModeRule] INFO  safemode.SCMSafeModeManager (SCMSafeModeManager.java:validateSafeModeExitRules(204)) - HealthyPipelineSafeModeRule rule is successfully validated
2022-06-27 16:57:53,380 [EventQueue-OpenPipelineForHealthyPipelineSafeModeRule] INFO  safemode.SCMSafeModeManager (SCMSafeModeManager.java:validateSafeModeExitRules(219)) - ScmSafeModeManager, all rules are successfully validated
2022-06-27 16:57:53,380 [EventQueue-OpenPipelineForHealthyPipelineSafeModeRule] INFO  safemode.SCMSafeModeManager (SCMSafeModeManager.java:exitSafeMode(248)) - SCM exiting safe mode.
2022-06-27 16:57:53,380 [EventQueue-OpenPipelineForHealthyPipelineSafeModeRule] WARN  events.EventQueue (EventQueue.java:fireEvent(216)) - No event handler registered for event TypedEvent{payloadType=SafeModeStatus, name='Safe mode status'}
2022-06-27 16:57:53,380 [EventQueue-OpenPipelineForHealthyPipelineSafeModeRule] INFO  ha.SCMContext (SCMContext.java:updateSafeModeStatus(228)) - Update SafeModeStatus from SafeModeStatus{safeModeStatus=true, preCheckPassed=true} to SafeModeStatus{safeModeStatus=false, preCheckPassed=true}.
2022-06-27 16:57:53,380 [EventQueue-OpenPipelineForHealthyPipelineSafeModeRule] INFO  pipeline.BackgroundPipelineCreator (BackgroundPipelineCreator.java:notifyStatusChanged(253)) - Service BackgroundPipelineCreator transitions to RUNNING.
2022-06-27 16:57:53,380 [EventQueue-OpenPipelineForHealthyPipelineSafeModeRule] INFO  BackgroundPipelineScrubber (BackgroundSCMService.java:notifyStatusChanged(82)) - Service BackgroundPipelineScrubber transitions to RUNNING.
2022-06-27 16:57:53,380 [EventQueue-OpenPipelineForHealthyPipelineSafeModeRule] INFO  ExpiredContainerReplicaOpScrubber (BackgroundSCMService.java:notifyStatusChanged(82)) - Service ExpiredContainerReplicaOpScrubber transitions to RUNNING.
2022-06-27 16:57:53,380 [EventQueue-OpenPipelineForHealthyPipelineSafeModeRule] INFO  replication.ReplicationManager (ReplicationManager.java:notifyStatusChanged(420)) - Service ReplicationManager transitions to RUNNING.
2022-06-27 16:57:53,380 [EventQueue-OpenPipelineForHealthyPipelineSafeModeRule] WARN  balancer.ContainerBalancer (ContainerBalancer.java:shouldRun(875)) - Could not find persisted configuration for ContainerBalancer when checking if ContainerBalancer should run. ContainerBalancer should not run now.
2022-06-27 16:57:53,381 [dcd286b6-9f7a-4746-8dc4-f6b4b45daddf@group-9F43F2F298D9-LeaderElection60] INFO  server.RaftServerConfigKeys (ConfUtils.java:logGet(46)) - raft.server.log.appender.snapshot.chunk.size.max = 16MB (=16777216) (default)
2022-06-27 16:57:53,382 [dcd286b6-9f7a-4746-8dc4-f6b4b45daddf@group-9F43F2F298D9-LeaderElection60] INFO  server.RaftServerConfigKeys (ConfUtils.java:logGet(46)) - raft.server.log.appender.buffer.byte-limit = 33554432 (custom)
2022-06-27 16:57:53,382 [dcd286b6-9f7a-4746-8dc4-f6b4b45daddf@group-9F43F2F298D9-LeaderElection60] INFO  server.RaftServerConfigKeys (ConfUtils.java:logGet(46)) - raft.server.log.appender.buffer.element-limit = 1 (custom)
2022-06-27 16:57:53,382 [dcd286b6-9f7a-4746-8dc4-f6b4b45daddf@group-9F43F2F298D9-LeaderElection60] INFO  grpc.GrpcConfigKeys (ConfUtils.java:logGet(46)) - raft.grpc.server.leader.outstanding.appends.max = 128 (default)
2022-06-27 16:57:53,382 [dcd286b6-9f7a-4746-8dc4-f6b4b45daddf@group-9F43F2F298D9-LeaderElection60] INFO  server.RaftServerConfigKeys (ConfUtils.java:logGet(46)) - raft.server.rpc.request.timeout = 60s (custom)
2022-06-27 16:57:53,382 [dcd286b6-9f7a-4746-8dc4-f6b4b45daddf@group-9F43F2F298D9-LeaderElection60] INFO  server.RaftServerConfigKeys (ConfUtils.java:logGet(46)) - raft.server.log.appender.install.snapshot.enabled = false (custom)
2022-06-27 16:57:53,382 [dcd286b6-9f7a-4746-8dc4-f6b4b45daddf@group-9F43F2F298D9-LeaderElection60] INFO  impl.RoleInfo (RoleInfo.java:updateAndGet(139)) - dcd286b6-9f7a-4746-8dc4-f6b4b45daddf: start dcd286b6-9f7a-4746-8dc4-f6b4b45daddf@group-9F43F2F298D9-LeaderStateImpl
2022-06-27 16:57:53,382 [dcd286b6-9f7a-4746-8dc4-f6b4b45daddf@group-9F43F2F298D9-LeaderElection60] INFO  segmented.SegmentedRaftLogWorker (SegmentedRaftLogWorker.java:startLogSegment(425)) - dcd286b6-9f7a-4746-8dc4-f6b4b45daddf@group-9F43F2F298D9-SegmentedRaftLogWorker: Starting segment from index:0
2022-06-27 16:57:53,383 [dcd286b6-9f7a-4746-8dc4-f6b4b45daddf@group-9F43F2F298D9-SegmentedRaftLogWorker] INFO  segmented.SegmentedRaftLogWorker (SegmentedRaftLogWorker.java:execute(629)) - dcd286b6-9f7a-4746-8dc4-f6b4b45daddf@group-9F43F2F298D9-SegmentedRaftLogWorker: created new log segment /home/runner/work/ozone/ozone/hadoop-ozone/integration-test/target/test-dir/MiniOzoneClusterImpl-5ad2835d-edcb-4821-8976-9d3b57c406ad/datanode-2/data/ratis/4d3056c5-5555-4656-80dd-9f43f2f298d9/current/log_inprogress_0
2022-06-27 16:57:53,389 [dcd286b6-9f7a-4746-8dc4-f6b4b45daddf@group-9F43F2F298D9-LeaderElection60] INFO  server.RaftServer$Division (ServerState.java:setRaftConf(393)) - dcd286b6-9f7a-4746-8dc4-f6b4b45daddf@group-9F43F2F298D9: set configuration 0: [dcd286b6-9f7a-4746-8dc4-f6b4b45daddf|rpc:10.1.0.22:37187|dataStream:|priority:1, 59b1e939-7f3e-448e-a48d-ff530bcc538d|rpc:10.1.0.22:33279|dataStream:|priority:0, d50766be-5aa0-4516-a336-dcc66469e2a8|rpc:10.1.0.22:40223|dataStream:|priority:0], old=null
2022-06-27 16:57:53,414 [59b1e939-7f3e-448e-a48d-ff530bcc538d-server-thread1] INFO  ratis.XceiverServerRatis (XceiverServerRatis.java:handleLeaderChangedNotification(863)) - Leader change notification received for group: group-9F43F2F298D9 with new leaderId: dcd286b6-9f7a-4746-8dc4-f6b4b45daddf
2022-06-27 16:57:53,414 [59b1e939-7f3e-448e-a48d-ff530bcc538d-server-thread1] INFO  server.RaftServer$Division (ServerState.java:setLeader(287)) - 59b1e939-7f3e-448e-a48d-ff530bcc538d@group-9F43F2F298D9: change Leader from null to dcd286b6-9f7a-4746-8dc4-f6b4b45daddf at term 3 for appendEntries, leader elected after 15580ms
2022-06-27 16:57:53,476 [59b1e939-7f3e-448e-a48d-ff530bcc538d-server-thread1] INFO  server.RaftServer$Division (ServerState.java:setRaftConf(393)) - 59b1e939-7f3e-448e-a48d-ff530bcc538d@group-9F43F2F298D9: set configuration 0: [dcd286b6-9f7a-4746-8dc4-f6b4b45daddf|rpc:10.1.0.22:37187|dataStream:|priority:1, 59b1e939-7f3e-448e-a48d-ff530bcc538d|rpc:10.1.0.22:33279|dataStream:|priority:0, d50766be-5aa0-4516-a336-dcc66469e2a8|rpc:10.1.0.22:40223|dataStream:|priority:0], old=null
2022-06-27 16:57:53,476 [59b1e939-7f3e-448e-a48d-ff530bcc538d-server-thread1] INFO  segmented.SegmentedRaftLogWorker (SegmentedRaftLogWorker.java:startLogSegment(425)) - 59b1e939-7f3e-448e-a48d-ff530bcc538d@group-9F43F2F298D9-SegmentedRaftLogWorker: Starting segment from index:0
2022-06-27 16:57:53,482 [59b1e939-7f3e-448e-a48d-ff530bcc538d@group-9F43F2F298D9-SegmentedRaftLogWorker] INFO  segmented.SegmentedRaftLogWorker (SegmentedRaftLogWorker.java:execute(629)) - 59b1e939-7f3e-448e-a48d-ff530bcc538d@group-9F43F2F298D9-SegmentedRaftLogWorker: created new log segment /home/runner/work/ozone/ozone/hadoop-ozone/integration-test/target/test-dir/MiniOzoneClusterImpl-5ad2835d-edcb-4821-8976-9d3b57c406ad/datanode-1/data/ratis/4d3056c5-5555-4656-80dd-9f43f2f298d9/current/log_inprogress_0
2022-06-27 16:57:53,506 [d50766be-5aa0-4516-a336-dcc66469e2a8-server-thread1] INFO  ratis.XceiverServerRatis (XceiverServerRatis.java:handleLeaderChangedNotification(863)) - Leader change notification received for group: group-9F43F2F298D9 with new leaderId: dcd286b6-9f7a-4746-8dc4-f6b4b45daddf
2022-06-27 16:57:53,506 [d50766be-5aa0-4516-a336-dcc66469e2a8-server-thread1] INFO  server.RaftServer$Division (ServerState.java:setLeader(287)) - d50766be-5aa0-4516-a336-dcc66469e2a8@group-9F43F2F298D9: change Leader from null to dcd286b6-9f7a-4746-8dc4-f6b4b45daddf at term 3 for appendEntries, leader elected after 15903ms
2022-06-27 16:57:53,520 [d50766be-5aa0-4516-a336-dcc66469e2a8-server-thread1] INFO  server.RaftServer$Division (ServerState.java:setRaftConf(393)) - d50766be-5aa0-4516-a336-dcc66469e2a8@group-9F43F2F298D9: set configuration 0: [dcd286b6-9f7a-4746-8dc4-f6b4b45daddf|rpc:10.1.0.22:37187|dataStream:|priority:1, 59b1e939-7f3e-448e-a48d-ff530bcc538d|rpc:10.1.0.22:33279|dataStream:|priority:0, d50766be-5aa0-4516-a336-dcc66469e2a8|rpc:10.1.0.22:40223|dataStream:|priority:0], old=null
2022-06-27 16:57:53,520 [d50766be-5aa0-4516-a336-dcc66469e2a8-server-thread1] INFO  segmented.SegmentedRaftLogWorker (SegmentedRaftLogWorker.java:startLogSegment(425)) - d50766be-5aa0-4516-a336-dcc66469e2a8@group-9F43F2F298D9-SegmentedRaftLogWorker: Starting segment from index:0
2022-06-27 16:57:53,533 [d50766be-5aa0-4516-a336-dcc66469e2a8@group-9F43F2F298D9-SegmentedRaftLogWorker] INFO  segmented.SegmentedRaftLogWorker (SegmentedRaftLogWorker.java:execute(629)) - d50766be-5aa0-4516-a336-dcc66469e2a8@group-9F43F2F298D9-SegmentedRaftLogWorker: created new log segment /home/runner/work/ozone/ozone/hadoop-ozone/integration-test/target/test-dir/MiniOzoneClusterImpl-5ad2835d-edcb-4821-8976-9d3b57c406ad/datanode-0/data/ratis/4d3056c5-5555-4656-80dd-9f43f2f298d9/current/log_inprogress_0
2022-06-27 16:57:53,535 [Listener at 127.0.0.1/40965] INFO  ozone.MiniOzoneClusterImpl (MiniOzoneClusterImpl.java:lambda$waitForClusterToBeReady$0(223)) - Nodes are ready. Got 5 of 5 DN Heartbeats.
2022-06-27 16:57:53,535 [Listener at 127.0.0.1/40965] INFO  ozone.MiniOzoneClusterImpl (MiniOzoneClusterImpl.java:lambda$waitForClusterToBeReady$0(226)) - Cluster exits safe mode
2022-06-27 16:57:53,535 [Listener at 127.0.0.1/40965] INFO  ozone.MiniOzoneClusterImpl (MiniOzoneClusterImpl.java:lambda$waitForClusterToBeReady$0(228)) - SCM became leader
2022-06-27 16:57:53,709 [Time-limited test] INFO  rpc.RpcClient (RpcClient.java:createVolume(466)) - Creating Volume: volume77509, with user65823 as owner and space quota set to -1 bytes, counts quota set to -1
2022-06-27 16:57:53,751 [OM StateMachine ApplyTransaction Thread - 0] INFO  volume.OMVolumeCreateRequest (OMVolumeCreateRequest.java:validateAndUpdateCache(195)) - created volume:volume77509 for user:user65823
2022-06-27 16:57:53,806 [Time-limited test] INFO  rpc.RpcClient (RpcClient.java:createBucket(666)) - Creating Bucket: volume77509/bucket92104, with the Bucket Layout LEGACY, runner as owner, Versioning false, Storage Type set to DISK and Encryption set to false 
2022-06-27 16:57:53,811 [OM StateMachine ApplyTransaction Thread - 0] INFO  bucket.OMBucketCreateRequest (OMBucketCreateRequest.java:validateAndUpdateCache(260)) - created bucket: bucket92104 of layout LEGACY in volume: volume77509
2022-06-27 16:57:53,909 [IPC Server handler 12 on default port 36021] INFO  ha.SequenceIdGenerator (SequenceIdGenerator.java:getNextId(127)) - Allocate a batch for containerId, change lastId from 0 to 1000.
2022-06-27 16:57:53,909 [IPC Server handler 12 on default port 36021] WARN  ha.SequenceIdGenerator (SequenceIdGenerator.java:allocateBatch(235)) - Failed to allocate a batch for localId, expected lastId is 0, actual lastId is 109611004723200000.
2022-06-27 16:57:53,909 [IPC Server handler 12 on default port 36021] INFO  ha.SequenceIdGenerator (SequenceIdGenerator.java:getNextId(127)) - Allocate a batch for localId, change lastId from 109611004723200000 to 109611004723201000.
16:57:53.943 [IPC Server handler 12 on default port 40965] ERROR OMAudit - user=runner | ip=127.0.0.1 | op=GET_FILE_STATUS {volume=volume77509, bucket=bucket92104, key=dir995/file1, dataSize=0, replicationConfig=null} | ret=FAILURE
org.apache.hadoop.ozone.om.exceptions.OMException: Unable to get file status: volume: volume77509 bucket: bucket92104 key: dir995/file1
	at org.apache.hadoop.ozone.om.KeyManagerImpl.getOzoneFileStatus(KeyManagerImpl.java:1311) ~[ozone-manager-1.3.0-SNAPSHOT.jar:?]
	at org.apache.hadoop.ozone.om.KeyManagerImpl.getFileStatus(KeyManagerImpl.java:1241) ~[ozone-manager-1.3.0-SNAPSHOT.jar:?]
	at org.apache.hadoop.ozone.om.OzoneManager.getFileStatus(OzoneManager.java:3419) ~[ozone-manager-1.3.0-SNAPSHOT.jar:?]
	at org.apache.hadoop.ozone.protocolPB.OzoneManagerRequestHandler.getOzoneFileStatus(OzoneManagerRequestHandler.java:871) ~[ozone-manager-1.3.0-SNAPSHOT.jar:?]
	at org.apache.hadoop.ozone.protocolPB.OzoneManagerRequestHandler.handleReadRequest(OzoneManagerRequestHandler.java:217) ~[ozone-manager-1.3.0-SNAPSHOT.jar:?]
	at org.apache.hadoop.ozone.protocolPB.OzoneManagerProtocolServerSideTranslatorPB.submitReadRequestToOM(OzoneManagerProtocolServerSideTranslatorPB.java:226) ~[ozone-manager-1.3.0-SNAPSHOT.jar:?]
	at org.apache.hadoop.ozone.protocolPB.OzoneManagerProtocolServerSideTranslatorPB.processRequest(OzoneManagerProtocolServerSideTranslatorPB.java:175) ~[ozone-manager-1.3.0-SNAPSHOT.jar:?]
	at org.apache.hadoop.hdds.server.OzoneProtocolMessageDispatcher.processRequest(OzoneProtocolMessageDispatcher.java:87) [hdds-server-framework-1.3.0-SNAPSHOT.jar:?]
	at org.apache.hadoop.ozone.protocolPB.OzoneManagerProtocolServerSideTranslatorPB.submitRequest(OzoneManagerProtocolServerSideTranslatorPB.java:147) [ozone-manager-1.3.0-SNAPSHOT.jar:?]
	at org.apache.hadoop.ozone.protocol.proto.OzoneManagerProtocolProtos$OzoneManagerService$2.callBlockingMethod(OzoneManagerProtocolProtos.java) [ozone-interface-client-1.3.0-SNAPSHOT.jar:?]
	at org.apache.hadoop.ipc.ProtobufRpcEngine$Server.processCall(ProtobufRpcEngine.java:466) [hadoop-common-3.3.1.jar:?]
	at org.apache.hadoop.ipc.ProtobufRpcEngine2$Server$ProtoBufRpcInvoker.call(ProtobufRpcEngine2.java:574) [hadoop-common-3.3.1.jar:?]
	at org.apache.hadoop.ipc.ProtobufRpcEngine2$Server$ProtoBufRpcInvoker.call(ProtobufRpcEngine2.java:552) [hadoop-common-3.3.1.jar:?]
	at org.apache.hadoop.ipc.RPC$Server.call(RPC.java:1093) [hadoop-common-3.3.1.jar:?]
	at org.apache.hadoop.ipc.Server$RpcCall.run(Server.java:1035) [hadoop-common-3.3.1.jar:?]
	at org.apache.hadoop.ipc.Server$RpcCall.run(Server.java:963) [hadoop-common-3.3.1.jar:?]
	at java.security.AccessController.doPrivileged(Native Method) ~[?:1.8.0_332]
	at javax.security.auth.Subject.doAs(Subject.java:422) [?:1.8.0_332]
	at org.apache.hadoop.security.UserGroupInformation.doAs(UserGroupInformation.java:1878) [hadoop-common-3.3.1.jar:?]
	at org.apache.hadoop.ipc.Server$Handler.run(Server.java:2966) [hadoop-common-3.3.1.jar:?]
]]></system-out>
  </testcase>
  <testcase name="testRenameFile" classname="TestRootedOzoneFileSystem" time="0.591">
    <system-out><![CDATA[2022-06-27 16:58:23,353 [Listener at 127.0.0.1/40965] INFO  ozone.MiniOzoneClusterImpl (MiniOzoneClusterImpl.java:shutdown(460)) - Shutting down the Mini Ozone Cluster
2022-06-27 16:58:23,354 [Listener at 127.0.0.1/40965] INFO  ozone.MiniOzoneClusterImpl (MiniOzoneClusterImpl.java:stop(475)) - Stopping the Mini Ozone Cluster
2022-06-27 16:58:23,354 [Listener at 127.0.0.1/40965] INFO  ozone.MiniOzoneClusterImpl (MiniOzoneClusterImpl.java:stopOM(557)) - Stopping the OzoneManager
2022-06-27 16:58:23,354 [Listener at 127.0.0.1/40965] INFO  om.OzoneManager (OzoneManager.java:stop(2020)) - om1[localhost:0]: Stopping Ozone Manager
2022-06-27 16:58:23,354 [Listener at 127.0.0.1/40965] INFO  ipc.Server (Server.java:stop(3414)) - Stopping server on 40965
2022-06-27 16:58:23,377 [IPC Server Responder] INFO  ipc.Server (Server.java:run(1512)) - Stopping IPC Server Responder
2022-06-27 16:58:23,377 [Listener at 127.0.0.1/40965] INFO  server.RaftServer (RaftServerProxy.java:lambda$close$7(398)) - om1: close
2022-06-27 16:58:23,377 [Listener at 127.0.0.1/40965] INFO  server.RaftServer$Division (RaftServerImpl.java:lambda$close$4(434)) - om1@group-C5BA1605619E: shutdown
2022-06-27 16:58:23,377 [Listener at 127.0.0.1/40965] INFO  util.JmxRegister (JmxRegister.java:unregister(73)) - Successfully un-registered JMX Bean with object name Ratis:service=RaftServer,group=group-C5BA1605619E,id=om1
2022-06-27 16:58:23,377 [Listener at 127.0.0.1/40965] INFO  impl.RoleInfo (RoleInfo.java:shutdownLeaderState(93)) - om1: shutdown om1@group-C5BA1605619E-LeaderStateImpl
2022-06-27 16:58:23,377 [Listener at 127.0.0.1/40965] INFO  impl.PendingRequests (PendingRequests.java:sendNotLeaderResponses(282)) - om1@group-C5BA1605619E-PendingRequests: sendNotLeaderResponses
2022-06-27 16:58:23,381 [IPC Server listener on 0] INFO  ipc.Server (Server.java:run(1376)) - Stopping IPC Server listener on 0
2022-06-27 16:58:23,436 [Listener at 127.0.0.1/40965] INFO  impl.StateMachineUpdater (StateMachineUpdater.java:stopAndJoin(153)) - om1@group-C5BA1605619E-StateMachineUpdater: set stopIndex = 6950
2022-06-27 16:58:23,436 [om1@group-C5BA1605619E-StateMachineUpdater] INFO  ratis.OzoneManagerStateMachine (OzoneManagerStateMachine.java:takeSnapshot(441)) - Current Snapshot Index (t:1, i:6950)
2022-06-27 16:58:23,436 [om1@group-C5BA1605619E-StateMachineUpdater] INFO  impl.StateMachineUpdater (StateMachineUpdater.java:takeSnapshot(287)) - om1@group-C5BA1605619E-StateMachineUpdater: Took a snapshot at index 6950
2022-06-27 16:58:23,436 [om1@group-C5BA1605619E-StateMachineUpdater] INFO  impl.StateMachineUpdater (StateMachineUpdater.java:lambda$new$0(92)) - om1@group-C5BA1605619E-StateMachineUpdater: snapshotIndex: updateIncreasingly -1 -> 6950
2022-06-27 16:58:23,436 [om1@group-C5BA1605619E-StateMachineUpdater] INFO  ratis.OzoneManagerStateMachine (OzoneManagerStateMachine.java:close(495)) - StateMachine has shutdown. Shutdown OzoneManager if not already shutdown.
2022-06-27 16:58:23,436 [om1@group-C5BA1605619E-StateMachineUpdater] INFO  ratis.OzoneManagerDoubleBuffer (OzoneManagerDoubleBuffer.java:stop(465)) - Stopping OMDoubleBuffer flush thread
2022-06-27 16:58:23,436 [OMDoubleBufferFlushThread] INFO  ratis.OzoneManagerDoubleBuffer (OzoneManagerDoubleBuffer.java:flushTransactions(385)) - OMDoubleBuffer flush thread OMDoubleBufferFlushThread is interrupted and will exit.
2022-06-27 16:58:23,440 [Listener at 127.0.0.1/40965] INFO  server.RaftServer$Division (ServerState.java:close(429)) - om1@group-C5BA1605619E: closes. applyIndex: 6950
2022-06-27 16:58:23,445 [om1@group-C5BA1605619E-SegmentedRaftLogWorker] INFO  segmented.SegmentedRaftLogWorker (SegmentedRaftLogWorker.java:run(336)) - om1@group-C5BA1605619E-SegmentedRaftLogWorker was interrupted, exiting. There are 0 tasks remaining in the queue.
2022-06-27 16:58:23,445 [Listener at 127.0.0.1/40965] INFO  segmented.SegmentedRaftLogWorker (SegmentedRaftLogWorker.java:close(246)) - om1@group-C5BA1605619E-SegmentedRaftLogWorker close()
2022-06-27 16:58:23,461 [Listener at 127.0.0.1/40965] INFO  server.GrpcService (GrpcService.java:closeImpl(269)) - om1: shutdown server with port 9872 now
2022-06-27 16:58:23,461 [Listener at 127.0.0.1/40965] INFO  server.GrpcService (GrpcService.java:closeImpl(278)) - om1: shutdown server with port 9872 successfully
2022-06-27 16:58:23,462 [org.apache.ratis.util.JvmPauseMonitor$$Lambda$611/5070432@26e3d977] INFO  util.JvmPauseMonitor (JvmPauseMonitor.java:run(109)) - JvmPauseMonitor-om1: Stopped
2022-06-27 16:58:23,465 [Listener at 127.0.0.1/40965] INFO  ratis.OzoneManagerStateMachine (OzoneManagerStateMachine.java:close(495)) - StateMachine has shutdown. Shutdown OzoneManager if not already shutdown.
2022-06-27 16:58:23,465 [Listener at 127.0.0.1/40965] INFO  ratis.OzoneManagerDoubleBuffer (OzoneManagerDoubleBuffer.java:stop(477)) - OMDoubleBuffer flush thread is not running.
2022-06-27 16:58:23,465 [Listener at 127.0.0.1/40965] INFO  utils.BackgroundService (BackgroundService.java:shutdown(132)) - Shutting down service KeyDeletingService
2022-06-27 16:58:23,465 [Listener at 127.0.0.1/40965] INFO  utils.BackgroundService (BackgroundService.java:shutdown(132)) - Shutting down service DirectoryDeletingService
2022-06-27 16:58:23,465 [Listener at 127.0.0.1/40965] INFO  utils.BackgroundService (BackgroundService.java:shutdown(132)) - Shutting down service OpenKeyCleanupService
2022-06-27 16:58:23,469 [Listener at 127.0.0.1/40965] INFO  handler.ContextHandler (ContextHandler.java:doStop(1153)) - Stopped o.e.j.w.WebAppContext@25b31c9{ozoneManager,/,null,STOPPED}{file:/home/runner/work/ozone/ozone/hadoop-ozone/integration-test/target/test-classes/webapps/ozoneManager}
2022-06-27 16:58:23,469 [Listener at 127.0.0.1/40965] INFO  server.AbstractConnector (AbstractConnector.java:doStop(381)) - Stopped ServerConnector@1ee9584a{HTTP/1.1, (http/1.1)}{0.0.0.0:0}
2022-06-27 16:58:23,470 [Listener at 127.0.0.1/40965] INFO  server.session (HouseKeeper.java:stopScavenging(149)) - node0 Stopped scavenging
2022-06-27 16:58:23,470 [Listener at 127.0.0.1/40965] INFO  handler.ContextHandler (ContextHandler.java:doStop(1153)) - Stopped o.e.j.s.ServletContextHandler@5c1a2cee{static,/static,file:///home/runner/work/ozone/ozone/hadoop-ozone/integration-test/target/test-classes/webapps/static,STOPPED}
2022-06-27 16:58:23,470 [Listener at 127.0.0.1/40965] INFO  handler.ContextHandler (ContextHandler.java:doStop(1153)) - Stopped o.e.j.s.ServletContextHandler@4244fae2{logs,/logs,file:///home/runner/work/ozone/ozone/hadoop-ozone/integration-test/target/log,STOPPED}
2022-06-27 16:58:23,477 [Trash Emptier] ERROR util.ExitUtils (ExitUtils.java:terminate(133)) - Terminating with exit status -1: Thread[Trash Emptier,5,main] has thrown an uncaught exception
java.lang.UnsupportedOperationException: fs.getUri() not implemented in TrashOzoneFileSystem
	at org.apache.hadoop.ozone.om.TrashOzoneFileSystem.getUri(TrashOzoneFileSystem.java:126)
	at org.apache.hadoop.fs.FileSystem.close(FileSystem.java:2592)
	at org.apache.hadoop.ozone.om.TrashPolicyOzone$Emptier.run(TrashPolicyOzone.java:243)
	at java.lang.Thread.run(Thread.java:750)
2022-06-27 16:58:23,485 [Listener at 127.0.0.1/40965] INFO  ozone.MiniOzoneClusterImpl (MiniOzoneClusterImpl.java:stopDatanodes(534)) - Stopping the HddsDatanodes
2022-06-27 16:58:28,489 [Listener at 127.0.0.1/40965] INFO  ozoneimpl.OzoneContainer (OzoneContainer.java:stop(365)) - Attempting to stop container services.
2022-06-27 16:58:28,501 [ForkJoinPool.commonPool-worker-0] INFO  ozoneimpl.OzoneContainer (OzoneContainer.java:stop(365)) - Attempting to stop container services.
2022-06-27 16:58:28,501 [Listener at 127.0.0.1/40965] INFO  server.RaftServer (RaftServerProxy.java:lambda$close$7(398)) - dcd286b6-9f7a-4746-8dc4-f6b4b45daddf: close
2022-06-27 16:58:28,501 [Listener at 127.0.0.1/40965] INFO  server.RaftServer$Division (RaftServerImpl.java:lambda$close$4(434)) - dcd286b6-9f7a-4746-8dc4-f6b4b45daddf@group-9F43F2F298D9: shutdown
2022-06-27 16:58:28,501 [Listener at 127.0.0.1/40965] INFO  util.JmxRegister (JmxRegister.java:unregister(73)) - Successfully un-registered JMX Bean with object name Ratis:service=RaftServer,group=group-9F43F2F298D9,id=dcd286b6-9f7a-4746-8dc4-f6b4b45daddf
2022-06-27 16:58:28,501 [Listener at 127.0.0.1/40965] INFO  impl.RoleInfo (RoleInfo.java:shutdownLeaderState(93)) - dcd286b6-9f7a-4746-8dc4-f6b4b45daddf: shutdown dcd286b6-9f7a-4746-8dc4-f6b4b45daddf@group-9F43F2F298D9-LeaderStateImpl
2022-06-27 16:58:28,502 [Listener at 127.0.0.1/40965] INFO  impl.PendingRequests (PendingRequests.java:sendNotLeaderResponses(282)) - dcd286b6-9f7a-4746-8dc4-f6b4b45daddf@group-9F43F2F298D9-PendingRequests: sendNotLeaderResponses
2022-06-27 16:58:28,502 [dcd286b6-9f7a-4746-8dc4-f6b4b45daddf@group-9F43F2F298D9->59b1e939-7f3e-448e-a48d-ff530bcc538d-GrpcLogAppender-LogAppenderDaemon] WARN  server.GrpcLogAppender (GrpcLogAppender.java:mayWait(171)) - dcd286b6-9f7a-4746-8dc4-f6b4b45daddf@group-9F43F2F298D9->59b1e939-7f3e-448e-a48d-ff530bcc538d-GrpcLogAppender: Wait interrupted by java.lang.InterruptedException
2022-06-27 16:58:28,502 [dcd286b6-9f7a-4746-8dc4-f6b4b45daddf@group-9F43F2F298D9->d50766be-5aa0-4516-a336-dcc66469e2a8-GrpcLogAppender-LogAppenderDaemon] WARN  server.GrpcLogAppender (GrpcLogAppender.java:mayWait(171)) - dcd286b6-9f7a-4746-8dc4-f6b4b45daddf@group-9F43F2F298D9->d50766be-5aa0-4516-a336-dcc66469e2a8-GrpcLogAppender: Wait interrupted by java.lang.InterruptedException
2022-06-27 16:58:28,511 [Listener at 127.0.0.1/40965] INFO  impl.StateMachineUpdater (StateMachineUpdater.java:stopAndJoin(153)) - dcd286b6-9f7a-4746-8dc4-f6b4b45daddf@group-9F43F2F298D9-StateMachineUpdater: set stopIndex = 31
2022-06-27 16:58:28,545 [dcd286b6-9f7a-4746-8dc4-f6b4b45daddf@group-9F43F2F298D9-StateMachineUpdater] INFO  ratis.ContainerStateMachine (ContainerStateMachine.java:takeSnapshot(304)) - group-9F43F2F298D9: Taking a snapshot at:(t:3, i:31) file /home/runner/work/ozone/ozone/hadoop-ozone/integration-test/target/test-dir/MiniOzoneClusterImpl-5ad2835d-edcb-4821-8976-9d3b57c406ad/datanode-2/data/ratis/4d3056c5-5555-4656-80dd-9f43f2f298d9/sm/snapshot.3_31
2022-06-27 16:58:28,545 [grpc-default-executor-0] INFO  server.GrpcServerProtocolService (GrpcServerProtocolService.java:onCompleted(140)) - d50766be-5aa0-4516-a336-dcc66469e2a8: Completed APPEND_ENTRIES, lastRequest: dcd286b6-9f7a-4746-8dc4-f6b4b45daddf->d50766be-5aa0-4516-a336-dcc66469e2a8#506-t3,previous=(t:3, i:30),leaderCommit=29,initializing? true,entries: size=1, first=(t:3, i:31), METADATAENTRY(c:29)
2022-06-27 16:58:28,546 [grpc-default-executor-1] INFO  server.GrpcServerProtocolService (GrpcServerProtocolService.java:onCompleted(140)) - 59b1e939-7f3e-448e-a48d-ff530bcc538d: Completed APPEND_ENTRIES, lastRequest: dcd286b6-9f7a-4746-8dc4-f6b4b45daddf->59b1e939-7f3e-448e-a48d-ff530bcc538d#470-t3,previous=(t:3, i:30),leaderCommit=29,initializing? true,entries: size=1, first=(t:3, i:31), METADATAENTRY(c:29)
2022-06-27 16:58:28,549 [ForkJoinPool.commonPool-worker-0] INFO  server.RaftServer (RaftServerProxy.java:lambda$close$7(398)) - 59b1e939-7f3e-448e-a48d-ff530bcc538d: close
2022-06-27 16:58:28,549 [ForkJoinPool.commonPool-worker-0] INFO  server.RaftServer$Division (RaftServerImpl.java:lambda$close$4(434)) - 59b1e939-7f3e-448e-a48d-ff530bcc538d@group-9F43F2F298D9: shutdown
2022-06-27 16:58:28,550 [dcd286b6-9f7a-4746-8dc4-f6b4b45daddf@group-9F43F2F298D9-StateMachineUpdater] INFO  ratis.ContainerStateMachine (ContainerStateMachine.java:takeSnapshot(315)) - group-9F43F2F298D9: Finished taking a snapshot at:(t:3, i:31) file:/home/runner/work/ozone/ozone/hadoop-ozone/integration-test/target/test-dir/MiniOzoneClusterImpl-5ad2835d-edcb-4821-8976-9d3b57c406ad/datanode-2/data/ratis/4d3056c5-5555-4656-80dd-9f43f2f298d9/sm/snapshot.3_31 took: 4 ms
2022-06-27 16:58:28,550 [dcd286b6-9f7a-4746-8dc4-f6b4b45daddf@group-9F43F2F298D9-StateMachineUpdater] INFO  impl.StateMachineUpdater (StateMachineUpdater.java:takeSnapshot(287)) - dcd286b6-9f7a-4746-8dc4-f6b4b45daddf@group-9F43F2F298D9-StateMachineUpdater: Took a snapshot at index 31
2022-06-27 16:58:28,550 [dcd286b6-9f7a-4746-8dc4-f6b4b45daddf@group-9F43F2F298D9-StateMachineUpdater] INFO  impl.StateMachineUpdater (StateMachineUpdater.java:lambda$new$0(92)) - dcd286b6-9f7a-4746-8dc4-f6b4b45daddf@group-9F43F2F298D9-StateMachineUpdater: snapshotIndex: updateIncreasingly -1 -> 31
2022-06-27 16:58:28,553 [Listener at 127.0.0.1/40965] INFO  server.RaftServer$Division (ServerState.java:close(429)) - dcd286b6-9f7a-4746-8dc4-f6b4b45daddf@group-9F43F2F298D9: closes. applyIndex: 31
2022-06-27 16:58:28,553 [dcd286b6-9f7a-4746-8dc4-f6b4b45daddf@group-9F43F2F298D9-SegmentedRaftLogWorker] INFO  segmented.SegmentedRaftLogWorker (SegmentedRaftLogWorker.java:run(336)) - dcd286b6-9f7a-4746-8dc4-f6b4b45daddf@group-9F43F2F298D9-SegmentedRaftLogWorker was interrupted, exiting. There are 0 tasks remaining in the queue.
2022-06-27 16:58:28,557 [Listener at 127.0.0.1/40965] INFO  segmented.SegmentedRaftLogWorker (SegmentedRaftLogWorker.java:close(246)) - dcd286b6-9f7a-4746-8dc4-f6b4b45daddf@group-9F43F2F298D9-SegmentedRaftLogWorker close()
2022-06-27 16:58:28,558 [Listener at 127.0.0.1/40965] INFO  server.RaftServer$Division (RaftServerImpl.java:lambda$close$4(434)) - dcd286b6-9f7a-4746-8dc4-f6b4b45daddf@group-18753D44326D: shutdown
2022-06-27 16:58:28,565 [grpc-default-executor-2] INFO  server.GrpcLogAppender (GrpcLogAppender.java:onCompleted(339)) - dcd286b6-9f7a-4746-8dc4-f6b4b45daddf@group-9F43F2F298D9->d50766be-5aa0-4516-a336-dcc66469e2a8-AppendLogResponseHandler: follower responses appendEntries COMPLETED
2022-06-27 16:58:28,605 [grpc-default-executor-2] INFO  leader.FollowerInfo (FollowerInfoImpl.java:lambda$new$0(48)) - dcd286b6-9f7a-4746-8dc4-f6b4b45daddf@group-9F43F2F298D9->d50766be-5aa0-4516-a336-dcc66469e2a8: nextIndex: updateUnconditionally 32 -> 31
2022-06-27 16:58:28,605 [ForkJoinPool.commonPool-worker-0] INFO  util.JmxRegister (JmxRegister.java:unregister(73)) - Successfully un-registered JMX Bean with object name Ratis:service=RaftServer,group=group-9F43F2F298D9,id=59b1e939-7f3e-448e-a48d-ff530bcc538d
2022-06-27 16:58:28,605 [ForkJoinPool.commonPool-worker-0] INFO  impl.RoleInfo (RoleInfo.java:shutdownFollowerState(110)) - 59b1e939-7f3e-448e-a48d-ff530bcc538d: shutdown 59b1e939-7f3e-448e-a48d-ff530bcc538d@group-9F43F2F298D9-FollowerState
2022-06-27 16:58:28,605 [ForkJoinPool.commonPool-worker-0] INFO  impl.StateMachineUpdater (StateMachineUpdater.java:stopAndJoin(153)) - 59b1e939-7f3e-448e-a48d-ff530bcc538d@group-9F43F2F298D9-StateMachineUpdater: set stopIndex = 31
2022-06-27 16:58:28,605 [59b1e939-7f3e-448e-a48d-ff530bcc538d@group-9F43F2F298D9-FollowerState] INFO  impl.FollowerState (FollowerState.java:run(152)) - 59b1e939-7f3e-448e-a48d-ff530bcc538d@group-9F43F2F298D9-FollowerState was interrupted
2022-06-27 16:58:28,637 [Listener at 127.0.0.1/40965] INFO  util.JmxRegister (JmxRegister.java:unregister(73)) - Successfully un-registered JMX Bean with object name Ratis:service=RaftServer,group=group-18753D44326D,id=dcd286b6-9f7a-4746-8dc4-f6b4b45daddf
2022-06-27 16:58:28,637 [Listener at 127.0.0.1/40965] INFO  impl.RoleInfo (RoleInfo.java:shutdownLeaderState(93)) - dcd286b6-9f7a-4746-8dc4-f6b4b45daddf: shutdown dcd286b6-9f7a-4746-8dc4-f6b4b45daddf@group-18753D44326D-LeaderStateImpl
2022-06-27 16:58:28,637 [Listener at 127.0.0.1/40965] INFO  impl.PendingRequests (PendingRequests.java:sendNotLeaderResponses(282)) - dcd286b6-9f7a-4746-8dc4-f6b4b45daddf@group-18753D44326D-PendingRequests: sendNotLeaderResponses
2022-06-27 16:58:28,637 [grpc-default-executor-2] INFO  server.GrpcLogAppender (GrpcLogAppender.java:onCompleted(339)) - dcd286b6-9f7a-4746-8dc4-f6b4b45daddf@group-9F43F2F298D9->59b1e939-7f3e-448e-a48d-ff530bcc538d-AppendLogResponseHandler: follower responses appendEntries COMPLETED
2022-06-27 16:58:28,637 [grpc-default-executor-2] INFO  leader.FollowerInfo (FollowerInfoImpl.java:lambda$new$0(48)) - dcd286b6-9f7a-4746-8dc4-f6b4b45daddf@group-9F43F2F298D9->59b1e939-7f3e-448e-a48d-ff530bcc538d: nextIndex: updateUnconditionally 32 -> 31
2022-06-27 16:58:28,638 [59b1e939-7f3e-448e-a48d-ff530bcc538d@group-9F43F2F298D9-StateMachineUpdater] INFO  ratis.ContainerStateMachine (ContainerStateMachine.java:takeSnapshot(304)) - group-9F43F2F298D9: Taking a snapshot at:(t:3, i:31) file /home/runner/work/ozone/ozone/hadoop-ozone/integration-test/target/test-dir/MiniOzoneClusterImpl-5ad2835d-edcb-4821-8976-9d3b57c406ad/datanode-1/data/ratis/4d3056c5-5555-4656-80dd-9f43f2f298d9/sm/snapshot.3_31
2022-06-27 16:58:28,638 [Listener at 127.0.0.1/40965] INFO  impl.StateMachineUpdater (StateMachineUpdater.java:stopAndJoin(153)) - dcd286b6-9f7a-4746-8dc4-f6b4b45daddf@group-18753D44326D-StateMachineUpdater: set stopIndex = 0
2022-06-27 16:58:28,639 [dcd286b6-9f7a-4746-8dc4-f6b4b45daddf@group-18753D44326D-StateMachineUpdater] INFO  ratis.ContainerStateMachine (ContainerStateMachine.java:takeSnapshot(304)) - group-18753D44326D: Taking a snapshot at:(t:1, i:0) file /home/runner/work/ozone/ozone/hadoop-ozone/integration-test/target/test-dir/MiniOzoneClusterImpl-5ad2835d-edcb-4821-8976-9d3b57c406ad/datanode-2/data/ratis/6d20041e-9fd7-4bfa-b5d9-18753d44326d/sm/snapshot.1_0
2022-06-27 16:58:28,639 [dcd286b6-9f7a-4746-8dc4-f6b4b45daddf@group-18753D44326D-StateMachineUpdater] INFO  ratis.ContainerStateMachine (ContainerStateMachine.java:takeSnapshot(315)) - group-18753D44326D: Finished taking a snapshot at:(t:1, i:0) file:/home/runner/work/ozone/ozone/hadoop-ozone/integration-test/target/test-dir/MiniOzoneClusterImpl-5ad2835d-edcb-4821-8976-9d3b57c406ad/datanode-2/data/ratis/6d20041e-9fd7-4bfa-b5d9-18753d44326d/sm/snapshot.1_0 took: 1 ms
2022-06-27 16:58:28,639 [dcd286b6-9f7a-4746-8dc4-f6b4b45daddf@group-18753D44326D-StateMachineUpdater] INFO  impl.StateMachineUpdater (StateMachineUpdater.java:takeSnapshot(287)) - dcd286b6-9f7a-4746-8dc4-f6b4b45daddf@group-18753D44326D-StateMachineUpdater: Took a snapshot at index 0
2022-06-27 16:58:28,639 [dcd286b6-9f7a-4746-8dc4-f6b4b45daddf@group-18753D44326D-StateMachineUpdater] INFO  impl.StateMachineUpdater (StateMachineUpdater.java:lambda$new$0(92)) - dcd286b6-9f7a-4746-8dc4-f6b4b45daddf@group-18753D44326D-StateMachineUpdater: snapshotIndex: updateIncreasingly -1 -> 0
2022-06-27 16:58:28,640 [Listener at 127.0.0.1/40965] INFO  server.RaftServer$Division (ServerState.java:close(429)) - dcd286b6-9f7a-4746-8dc4-f6b4b45daddf@group-18753D44326D: closes. applyIndex: 0
2022-06-27 16:58:28,640 [dcd286b6-9f7a-4746-8dc4-f6b4b45daddf@group-18753D44326D-SegmentedRaftLogWorker] INFO  segmented.SegmentedRaftLogWorker (SegmentedRaftLogWorker.java:run(336)) - dcd286b6-9f7a-4746-8dc4-f6b4b45daddf@group-18753D44326D-SegmentedRaftLogWorker was interrupted, exiting. There are 0 tasks remaining in the queue.
2022-06-27 16:58:28,640 [Listener at 127.0.0.1/40965] INFO  segmented.SegmentedRaftLogWorker (SegmentedRaftLogWorker.java:close(246)) - dcd286b6-9f7a-4746-8dc4-f6b4b45daddf@group-18753D44326D-SegmentedRaftLogWorker close()
2022-06-27 16:58:28,640 [59b1e939-7f3e-448e-a48d-ff530bcc538d@group-9F43F2F298D9-StateMachineUpdater] INFO  ratis.ContainerStateMachine (ContainerStateMachine.java:takeSnapshot(315)) - group-9F43F2F298D9: Finished taking a snapshot at:(t:3, i:31) file:/home/runner/work/ozone/ozone/hadoop-ozone/integration-test/target/test-dir/MiniOzoneClusterImpl-5ad2835d-edcb-4821-8976-9d3b57c406ad/datanode-1/data/ratis/4d3056c5-5555-4656-80dd-9f43f2f298d9/sm/snapshot.3_31 took: 2 ms
2022-06-27 16:58:28,641 [59b1e939-7f3e-448e-a48d-ff530bcc538d@group-9F43F2F298D9-StateMachineUpdater] INFO  impl.StateMachineUpdater (StateMachineUpdater.java:takeSnapshot(287)) - 59b1e939-7f3e-448e-a48d-ff530bcc538d@group-9F43F2F298D9-StateMachineUpdater: Took a snapshot at index 31
2022-06-27 16:58:28,641 [59b1e939-7f3e-448e-a48d-ff530bcc538d@group-9F43F2F298D9-StateMachineUpdater] INFO  impl.StateMachineUpdater (StateMachineUpdater.java:lambda$new$0(92)) - 59b1e939-7f3e-448e-a48d-ff530bcc538d@group-9F43F2F298D9-StateMachineUpdater: snapshotIndex: updateIncreasingly -1 -> 31
2022-06-27 16:58:28,645 [ForkJoinPool.commonPool-worker-0] INFO  server.RaftServer$Division (ServerState.java:close(429)) - 59b1e939-7f3e-448e-a48d-ff530bcc538d@group-9F43F2F298D9: closes. applyIndex: 31
2022-06-27 16:58:28,645 [59b1e939-7f3e-448e-a48d-ff530bcc538d@group-9F43F2F298D9-SegmentedRaftLogWorker] INFO  segmented.SegmentedRaftLogWorker (SegmentedRaftLogWorker.java:run(336)) - 59b1e939-7f3e-448e-a48d-ff530bcc538d@group-9F43F2F298D9-SegmentedRaftLogWorker was interrupted, exiting. There are 0 tasks remaining in the queue.
2022-06-27 16:58:28,645 [ForkJoinPool.commonPool-worker-0] INFO  segmented.SegmentedRaftLogWorker (SegmentedRaftLogWorker.java:close(246)) - 59b1e939-7f3e-448e-a48d-ff530bcc538d@group-9F43F2F298D9-SegmentedRaftLogWorker close()
2022-06-27 16:58:28,658 [Listener at 127.0.0.1/40965] INFO  server.RaftServer$Division (RaftServerImpl.java:lambda$close$4(434)) - dcd286b6-9f7a-4746-8dc4-f6b4b45daddf@group-F76DDF9E5011: shutdown
2022-06-27 16:58:28,658 [Listener at 127.0.0.1/40965] INFO  util.JmxRegister (JmxRegister.java:unregister(73)) - Successfully un-registered JMX Bean with object name Ratis:service=RaftServer,group=group-F76DDF9E5011,id=dcd286b6-9f7a-4746-8dc4-f6b4b45daddf
2022-06-27 16:58:28,658 [Listener at 127.0.0.1/40965] INFO  impl.RoleInfo (RoleInfo.java:shutdownFollowerState(110)) - dcd286b6-9f7a-4746-8dc4-f6b4b45daddf: shutdown dcd286b6-9f7a-4746-8dc4-f6b4b45daddf@group-F76DDF9E5011-FollowerState
2022-06-27 16:58:28,658 [Listener at 127.0.0.1/40965] INFO  impl.StateMachineUpdater (StateMachineUpdater.java:stopAndJoin(153)) - dcd286b6-9f7a-4746-8dc4-f6b4b45daddf@group-F76DDF9E5011-StateMachineUpdater: set stopIndex = 18
2022-06-27 16:58:28,658 [dcd286b6-9f7a-4746-8dc4-f6b4b45daddf@group-F76DDF9E5011-FollowerState] INFO  impl.FollowerState (FollowerState.java:run(152)) - dcd286b6-9f7a-4746-8dc4-f6b4b45daddf@group-F76DDF9E5011-FollowerState was interrupted
2022-06-27 16:58:28,658 [ForkJoinPool.commonPool-worker-0] INFO  server.RaftServer$Division (RaftServerImpl.java:lambda$close$4(434)) - 59b1e939-7f3e-448e-a48d-ff530bcc538d@group-F76DDF9E5011: shutdown
2022-06-27 16:58:28,659 [ForkJoinPool.commonPool-worker-0] INFO  util.JmxRegister (JmxRegister.java:unregister(73)) - Successfully un-registered JMX Bean with object name Ratis:service=RaftServer,group=group-F76DDF9E5011,id=59b1e939-7f3e-448e-a48d-ff530bcc538d
2022-06-27 16:58:28,659 [dcd286b6-9f7a-4746-8dc4-f6b4b45daddf@group-F76DDF9E5011-StateMachineUpdater] INFO  ratis.ContainerStateMachine (ContainerStateMachine.java:takeSnapshot(304)) - group-F76DDF9E5011: Taking a snapshot at:(t:4, i:18) file /home/runner/work/ozone/ozone/hadoop-ozone/integration-test/target/test-dir/MiniOzoneClusterImpl-5ad2835d-edcb-4821-8976-9d3b57c406ad/datanode-2/data/ratis/74bc0608-407d-488f-bcbd-f76ddf9e5011/sm/snapshot.4_18
2022-06-27 16:58:28,659 [ForkJoinPool.commonPool-worker-0] INFO  impl.RoleInfo (RoleInfo.java:shutdownLeaderState(93)) - 59b1e939-7f3e-448e-a48d-ff530bcc538d: shutdown 59b1e939-7f3e-448e-a48d-ff530bcc538d@group-F76DDF9E5011-LeaderStateImpl
2022-06-27 16:58:28,659 [ForkJoinPool.commonPool-worker-0] INFO  impl.PendingRequests (PendingRequests.java:sendNotLeaderResponses(282)) - 59b1e939-7f3e-448e-a48d-ff530bcc538d@group-F76DDF9E5011-PendingRequests: sendNotLeaderResponses
2022-06-27 16:58:28,659 [59b1e939-7f3e-448e-a48d-ff530bcc538d@group-F76DDF9E5011->dcd286b6-9f7a-4746-8dc4-f6b4b45daddf-GrpcLogAppender-LogAppenderDaemon] WARN  server.GrpcLogAppender (GrpcLogAppender.java:mayWait(171)) - 59b1e939-7f3e-448e-a48d-ff530bcc538d@group-F76DDF9E5011->dcd286b6-9f7a-4746-8dc4-f6b4b45daddf-GrpcLogAppender: Wait interrupted by java.lang.InterruptedException
2022-06-27 16:58:28,659 [grpc-default-executor-1] INFO  server.GrpcServerProtocolService (GrpcServerProtocolService.java:onCompleted(140)) - dcd286b6-9f7a-4746-8dc4-f6b4b45daddf: Completed APPEND_ENTRIES, lastRequest: 59b1e939-7f3e-448e-a48d-ff530bcc538d->dcd286b6-9f7a-4746-8dc4-f6b4b45daddf#460-t4,previous=(t:4, i:17),leaderCommit=16,initializing? true,entries: size=1, first=(t:4, i:18), METADATAENTRY(c:16)
2022-06-27 16:58:28,660 [dcd286b6-9f7a-4746-8dc4-f6b4b45daddf@group-F76DDF9E5011-StateMachineUpdater] INFO  ratis.ContainerStateMachine (ContainerStateMachine.java:takeSnapshot(315)) - group-F76DDF9E5011: Finished taking a snapshot at:(t:4, i:18) file:/home/runner/work/ozone/ozone/hadoop-ozone/integration-test/target/test-dir/MiniOzoneClusterImpl-5ad2835d-edcb-4821-8976-9d3b57c406ad/datanode-2/data/ratis/74bc0608-407d-488f-bcbd-f76ddf9e5011/sm/snapshot.4_18 took: 2 ms
2022-06-27 16:58:28,660 [dcd286b6-9f7a-4746-8dc4-f6b4b45daddf@group-F76DDF9E5011-StateMachineUpdater] INFO  impl.StateMachineUpdater (StateMachineUpdater.java:takeSnapshot(287)) - dcd286b6-9f7a-4746-8dc4-f6b4b45daddf@group-F76DDF9E5011-StateMachineUpdater: Took a snapshot at index 18
2022-06-27 16:58:28,661 [dcd286b6-9f7a-4746-8dc4-f6b4b45daddf@group-F76DDF9E5011-StateMachineUpdater] INFO  impl.StateMachineUpdater (StateMachineUpdater.java:lambda$new$0(92)) - dcd286b6-9f7a-4746-8dc4-f6b4b45daddf@group-F76DDF9E5011-StateMachineUpdater: snapshotIndex: updateIncreasingly -1 -> 18
2022-06-27 16:58:28,661 [Listener at 127.0.0.1/40965] INFO  server.RaftServer$Division (ServerState.java:close(429)) - dcd286b6-9f7a-4746-8dc4-f6b4b45daddf@group-F76DDF9E5011: closes. applyIndex: 18
2022-06-27 16:58:28,661 [dcd286b6-9f7a-4746-8dc4-f6b4b45daddf@group-F76DDF9E5011-SegmentedRaftLogWorker] INFO  segmented.SegmentedRaftLogWorker (SegmentedRaftLogWorker.java:run(336)) - dcd286b6-9f7a-4746-8dc4-f6b4b45daddf@group-F76DDF9E5011-SegmentedRaftLogWorker was interrupted, exiting. There are 0 tasks remaining in the queue.
2022-06-27 16:58:28,662 [Listener at 127.0.0.1/40965] INFO  segmented.SegmentedRaftLogWorker (SegmentedRaftLogWorker.java:close(246)) - dcd286b6-9f7a-4746-8dc4-f6b4b45daddf@group-F76DDF9E5011-SegmentedRaftLogWorker close()
2022-06-27 16:58:28,662 [grpc-default-executor-2] INFO  server.GrpcLogAppender (GrpcLogAppender.java:onCompleted(339)) - 59b1e939-7f3e-448e-a48d-ff530bcc538d@group-F76DDF9E5011->dcd286b6-9f7a-4746-8dc4-f6b4b45daddf-AppendLogResponseHandler: follower responses appendEntries COMPLETED
2022-06-27 16:58:28,662 [grpc-default-executor-2] INFO  leader.FollowerInfo (FollowerInfoImpl.java:lambda$new$0(48)) - 59b1e939-7f3e-448e-a48d-ff530bcc538d@group-F76DDF9E5011->dcd286b6-9f7a-4746-8dc4-f6b4b45daddf: nextIndex: updateUnconditionally 19 -> 18
2022-06-27 16:58:28,681 [Listener at 127.0.0.1/40965] INFO  server.GrpcService (GrpcService.java:closeImpl(269)) - dcd286b6-9f7a-4746-8dc4-f6b4b45daddf: shutdown server with port 37187 now
2022-06-27 16:58:28,684 [ForkJoinPool.commonPool-worker-0] INFO  impl.StateMachineUpdater (StateMachineUpdater.java:stopAndJoin(153)) - 59b1e939-7f3e-448e-a48d-ff530bcc538d@group-F76DDF9E5011-StateMachineUpdater: set stopIndex = 18
2022-06-27 16:58:28,684 [59b1e939-7f3e-448e-a48d-ff530bcc538d@group-F76DDF9E5011-StateMachineUpdater] INFO  ratis.ContainerStateMachine (ContainerStateMachine.java:takeSnapshot(304)) - group-F76DDF9E5011: Taking a snapshot at:(t:4, i:18) file /home/runner/work/ozone/ozone/hadoop-ozone/integration-test/target/test-dir/MiniOzoneClusterImpl-5ad2835d-edcb-4821-8976-9d3b57c406ad/datanode-1/data/ratis/74bc0608-407d-488f-bcbd-f76ddf9e5011/sm/snapshot.4_18
2022-06-27 16:58:28,703 [59b1e939-7f3e-448e-a48d-ff530bcc538d@group-F76DDF9E5011->d50766be-5aa0-4516-a336-dcc66469e2a8-GrpcLogAppender-LogAppenderDaemon] WARN  server.GrpcLogAppender (GrpcLogAppender.java:mayWait(171)) - 59b1e939-7f3e-448e-a48d-ff530bcc538d@group-F76DDF9E5011->d50766be-5aa0-4516-a336-dcc66469e2a8-GrpcLogAppender: Wait interrupted by java.lang.InterruptedException
2022-06-27 16:58:28,703 [59b1e939-7f3e-448e-a48d-ff530bcc538d@group-F76DDF9E5011-StateMachineUpdater] INFO  ratis.ContainerStateMachine (ContainerStateMachine.java:takeSnapshot(315)) - group-F76DDF9E5011: Finished taking a snapshot at:(t:4, i:18) file:/home/runner/work/ozone/ozone/hadoop-ozone/integration-test/target/test-dir/MiniOzoneClusterImpl-5ad2835d-edcb-4821-8976-9d3b57c406ad/datanode-1/data/ratis/74bc0608-407d-488f-bcbd-f76ddf9e5011/sm/snapshot.4_18 took: 19 ms
2022-06-27 16:58:28,703 [59b1e939-7f3e-448e-a48d-ff530bcc538d@group-F76DDF9E5011-StateMachineUpdater] INFO  impl.StateMachineUpdater (StateMachineUpdater.java:takeSnapshot(287)) - 59b1e939-7f3e-448e-a48d-ff530bcc538d@group-F76DDF9E5011-StateMachineUpdater: Took a snapshot at index 18
2022-06-27 16:58:28,703 [59b1e939-7f3e-448e-a48d-ff530bcc538d@group-F76DDF9E5011-StateMachineUpdater] INFO  impl.StateMachineUpdater (StateMachineUpdater.java:lambda$new$0(92)) - 59b1e939-7f3e-448e-a48d-ff530bcc538d@group-F76DDF9E5011-StateMachineUpdater: snapshotIndex: updateIncreasingly -1 -> 18
2022-06-27 16:58:28,704 [grpc-default-executor-1] INFO  server.GrpcServerProtocolService (GrpcServerProtocolService.java:onCompleted(140)) - d50766be-5aa0-4516-a336-dcc66469e2a8: Completed APPEND_ENTRIES, lastRequest: 59b1e939-7f3e-448e-a48d-ff530bcc538d->d50766be-5aa0-4516-a336-dcc66469e2a8#460-t4,previous=(t:4, i:17),leaderCommit=16,initializing? true,entries: size=1, first=(t:4, i:18), METADATAENTRY(c:16)
2022-06-27 16:58:28,705 [grpc-default-executor-0] INFO  server.GrpcLogAppender (GrpcLogAppender.java:onCompleted(339)) - 59b1e939-7f3e-448e-a48d-ff530bcc538d@group-F76DDF9E5011->d50766be-5aa0-4516-a336-dcc66469e2a8-AppendLogResponseHandler: follower responses appendEntries COMPLETED
2022-06-27 16:58:28,705 [grpc-default-executor-0] INFO  leader.FollowerInfo (FollowerInfoImpl.java:lambda$new$0(48)) - 59b1e939-7f3e-448e-a48d-ff530bcc538d@group-F76DDF9E5011->d50766be-5aa0-4516-a336-dcc66469e2a8: nextIndex: updateUnconditionally 19 -> 18
2022-06-27 16:58:28,757 [ForkJoinPool.commonPool-worker-0] INFO  server.RaftServer$Division (ServerState.java:close(429)) - 59b1e939-7f3e-448e-a48d-ff530bcc538d@group-F76DDF9E5011: closes. applyIndex: 18
2022-06-27 16:58:28,758 [59b1e939-7f3e-448e-a48d-ff530bcc538d@group-F76DDF9E5011-SegmentedRaftLogWorker] INFO  segmented.SegmentedRaftLogWorker (SegmentedRaftLogWorker.java:run(336)) - 59b1e939-7f3e-448e-a48d-ff530bcc538d@group-F76DDF9E5011-SegmentedRaftLogWorker was interrupted, exiting. There are 0 tasks remaining in the queue.
2022-06-27 16:58:28,785 [ForkJoinPool.commonPool-worker-0] INFO  segmented.SegmentedRaftLogWorker (SegmentedRaftLogWorker.java:close(246)) - 59b1e939-7f3e-448e-a48d-ff530bcc538d@group-F76DDF9E5011-SegmentedRaftLogWorker close()
2022-06-27 16:58:28,810 [ForkJoinPool.commonPool-worker-0] INFO  server.RaftServer$Division (RaftServerImpl.java:lambda$close$4(434)) - 59b1e939-7f3e-448e-a48d-ff530bcc538d@group-6CF8B04C718F: shutdown
2022-06-27 16:58:28,810 [ForkJoinPool.commonPool-worker-0] INFO  util.JmxRegister (JmxRegister.java:unregister(73)) - Successfully un-registered JMX Bean with object name Ratis:service=RaftServer,group=group-6CF8B04C718F,id=59b1e939-7f3e-448e-a48d-ff530bcc538d
2022-06-27 16:58:28,810 [ForkJoinPool.commonPool-worker-0] INFO  impl.RoleInfo (RoleInfo.java:shutdownLeaderState(93)) - 59b1e939-7f3e-448e-a48d-ff530bcc538d: shutdown 59b1e939-7f3e-448e-a48d-ff530bcc538d@group-6CF8B04C718F-LeaderStateImpl
2022-06-27 16:58:28,810 [ForkJoinPool.commonPool-worker-0] INFO  impl.PendingRequests (PendingRequests.java:sendNotLeaderResponses(282)) - 59b1e939-7f3e-448e-a48d-ff530bcc538d@group-6CF8B04C718F-PendingRequests: sendNotLeaderResponses
2022-06-27 16:58:28,811 [ForkJoinPool.commonPool-worker-0] INFO  impl.StateMachineUpdater (StateMachineUpdater.java:stopAndJoin(153)) - 59b1e939-7f3e-448e-a48d-ff530bcc538d@group-6CF8B04C718F-StateMachineUpdater: set stopIndex = 0
2022-06-27 16:58:28,811 [59b1e939-7f3e-448e-a48d-ff530bcc538d@group-6CF8B04C718F-StateMachineUpdater] INFO  ratis.ContainerStateMachine (ContainerStateMachine.java:takeSnapshot(304)) - group-6CF8B04C718F: Taking a snapshot at:(t:1, i:0) file /home/runner/work/ozone/ozone/hadoop-ozone/integration-test/target/test-dir/MiniOzoneClusterImpl-5ad2835d-edcb-4821-8976-9d3b57c406ad/datanode-1/data/ratis/fbaa2a87-678f-4996-8961-6cf8b04c718f/sm/snapshot.1_0
2022-06-27 16:58:28,812 [59b1e939-7f3e-448e-a48d-ff530bcc538d@group-6CF8B04C718F-StateMachineUpdater] INFO  ratis.ContainerStateMachine (ContainerStateMachine.java:takeSnapshot(315)) - group-6CF8B04C718F: Finished taking a snapshot at:(t:1, i:0) file:/home/runner/work/ozone/ozone/hadoop-ozone/integration-test/target/test-dir/MiniOzoneClusterImpl-5ad2835d-edcb-4821-8976-9d3b57c406ad/datanode-1/data/ratis/fbaa2a87-678f-4996-8961-6cf8b04c718f/sm/snapshot.1_0 took: 1 ms
2022-06-27 16:58:28,812 [59b1e939-7f3e-448e-a48d-ff530bcc538d@group-6CF8B04C718F-StateMachineUpdater] INFO  impl.StateMachineUpdater (StateMachineUpdater.java:takeSnapshot(287)) - 59b1e939-7f3e-448e-a48d-ff530bcc538d@group-6CF8B04C718F-StateMachineUpdater: Took a snapshot at index 0
2022-06-27 16:58:28,812 [59b1e939-7f3e-448e-a48d-ff530bcc538d@group-6CF8B04C718F-StateMachineUpdater] INFO  impl.StateMachineUpdater (StateMachineUpdater.java:lambda$new$0(92)) - 59b1e939-7f3e-448e-a48d-ff530bcc538d@group-6CF8B04C718F-StateMachineUpdater: snapshotIndex: updateIncreasingly -1 -> 0
2022-06-27 16:58:28,814 [ForkJoinPool.commonPool-worker-0] INFO  server.RaftServer$Division (ServerState.java:close(429)) - 59b1e939-7f3e-448e-a48d-ff530bcc538d@group-6CF8B04C718F: closes. applyIndex: 0
2022-06-27 16:58:28,814 [59b1e939-7f3e-448e-a48d-ff530bcc538d@group-6CF8B04C718F-SegmentedRaftLogWorker] INFO  segmented.SegmentedRaftLogWorker (SegmentedRaftLogWorker.java:run(336)) - 59b1e939-7f3e-448e-a48d-ff530bcc538d@group-6CF8B04C718F-SegmentedRaftLogWorker was interrupted, exiting. There are 0 tasks remaining in the queue.
2022-06-27 16:58:28,814 [ForkJoinPool.commonPool-worker-0] INFO  segmented.SegmentedRaftLogWorker (SegmentedRaftLogWorker.java:close(246)) - 59b1e939-7f3e-448e-a48d-ff530bcc538d@group-6CF8B04C718F-SegmentedRaftLogWorker close()
2022-06-27 16:58:28,822 [ForkJoinPool.commonPool-worker-0] INFO  server.GrpcService (GrpcService.java:closeImpl(269)) - 59b1e939-7f3e-448e-a48d-ff530bcc538d: shutdown server with port 33279 now
2022-06-27 16:58:28,822 [Listener at 127.0.0.1/40965] INFO  server.GrpcService (GrpcService.java:closeImpl(278)) - dcd286b6-9f7a-4746-8dc4-f6b4b45daddf: shutdown server with port 37187 successfully
2022-06-27 16:58:28,822 [org.apache.ratis.util.JvmPauseMonitor$$Lambda$611/5070432@65cd4fd5] INFO  util.JvmPauseMonitor (JvmPauseMonitor.java:run(109)) - JvmPauseMonitor-dcd286b6-9f7a-4746-8dc4-f6b4b45daddf: Stopped
2022-06-27 16:58:28,860 [grpc-default-executor-1] WARN  server.GrpcClientProtocolService (LogUtils.java:warn(122)) - 1-UnorderedRequestStreamObserver1: onError: org.apache.ratis.thirdparty.io.grpc.StatusRuntimeException: CANCELLED: client cancelled
2022-06-27 16:58:28,929 [ForkJoinPool.commonPool-worker-0] INFO  server.GrpcService (GrpcService.java:closeImpl(278)) - 59b1e939-7f3e-448e-a48d-ff530bcc538d: shutdown server with port 33279 successfully
2022-06-27 16:58:28,937 [org.apache.ratis.util.JvmPauseMonitor$$Lambda$611/5070432@12f1349] INFO  util.JvmPauseMonitor (JvmPauseMonitor.java:run(109)) - JvmPauseMonitor-59b1e939-7f3e-448e-a48d-ff530bcc538d: Stopped
2022-06-27 16:58:30,893 [Listener at 127.0.0.1/40965] INFO  utils.BackgroundService (BackgroundService.java:shutdown(132)) - Shutting down service BlockDeletingService
2022-06-27 16:58:30,955 [ForkJoinPool.commonPool-worker-0] INFO  utils.BackgroundService (BackgroundService.java:shutdown(132)) - Shutting down service BlockDeletingService
2022-06-27 16:58:33,677 [d50766be-5aa0-4516-a336-dcc66469e2a8@group-F76DDF9E5011-FollowerState] INFO  impl.FollowerState (FollowerState.java:run(143)) - d50766be-5aa0-4516-a336-dcc66469e2a8@group-F76DDF9E5011-FollowerState: change to CANDIDATE, lastRpcElapsedTime:6693168415ns, electionTimeout:5131ms
2022-06-27 16:58:33,677 [d50766be-5aa0-4516-a336-dcc66469e2a8@group-F76DDF9E5011-FollowerState] INFO  impl.RoleInfo (RoleInfo.java:shutdownFollowerState(110)) - d50766be-5aa0-4516-a336-dcc66469e2a8: shutdown d50766be-5aa0-4516-a336-dcc66469e2a8@group-F76DDF9E5011-FollowerState
2022-06-27 16:58:33,677 [d50766be-5aa0-4516-a336-dcc66469e2a8@group-F76DDF9E5011-FollowerState] INFO  server.RaftServer$Division (RaftServerImpl.java:setRole(299)) - d50766be-5aa0-4516-a336-dcc66469e2a8@group-F76DDF9E5011: changes role from  FOLLOWER to CANDIDATE at term 4 for changeToCandidate
2022-06-27 16:58:33,677 [d50766be-5aa0-4516-a336-dcc66469e2a8@group-F76DDF9E5011-FollowerState] INFO  server.RaftServerConfigKeys (ConfUtils.java:logGet(46)) - raft.server.leaderelection.pre-vote = false (custom)
2022-06-27 16:58:33,677 [d50766be-5aa0-4516-a336-dcc66469e2a8@group-F76DDF9E5011-FollowerState] INFO  impl.RoleInfo (RoleInfo.java:updateAndGet(139)) - d50766be-5aa0-4516-a336-dcc66469e2a8: start d50766be-5aa0-4516-a336-dcc66469e2a8@group-F76DDF9E5011-LeaderElection63
2022-06-27 16:58:33,721 [d50766be-5aa0-4516-a336-dcc66469e2a8@group-F76DDF9E5011-LeaderElection63] INFO  server.RaftServer$Division (ServerState.java:setLeader(287)) - d50766be-5aa0-4516-a336-dcc66469e2a8@group-F76DDF9E5011: change Leader from 59b1e939-7f3e-448e-a48d-ff530bcc538d to null at term 4 for ELECTION
2022-06-27 16:58:33,723 [d50766be-5aa0-4516-a336-dcc66469e2a8@group-F76DDF9E5011-LeaderElection63] INFO  impl.LeaderElection (LeaderElection.java:askForVotes(310)) - d50766be-5aa0-4516-a336-dcc66469e2a8@group-F76DDF9E5011-LeaderElection63 ELECTION round 0: submit vote requests at term 5 for 0: [dcd286b6-9f7a-4746-8dc4-f6b4b45daddf|rpc:10.1.0.22:37187|dataStream:|priority:0, 59b1e939-7f3e-448e-a48d-ff530bcc538d|rpc:10.1.0.22:33279|dataStream:|priority:1, d50766be-5aa0-4516-a336-dcc66469e2a8|rpc:10.1.0.22:40223|dataStream:|priority:0], old=null
2022-06-27 16:58:33,747 [d50766be-5aa0-4516-a336-dcc66469e2a8@group-F76DDF9E5011-LeaderElection63] INFO  impl.LeaderElection (LogUtils.java:infoOrTrace(137)) - d50766be-5aa0-4516-a336-dcc66469e2a8@group-F76DDF9E5011-LeaderElection63 got exception when requesting votes: java.util.concurrent.ExecutionException: org.apache.ratis.thirdparty.io.grpc.StatusRuntimeException: UNAVAILABLE: io exception
2022-06-27 16:58:33,821 [d50766be-5aa0-4516-a336-dcc66469e2a8@group-F76DDF9E5011-LeaderElection63] INFO  impl.LeaderElection (LogUtils.java:infoOrTrace(137)) - d50766be-5aa0-4516-a336-dcc66469e2a8@group-F76DDF9E5011-LeaderElection63 got exception when requesting votes: java.util.concurrent.ExecutionException: org.apache.ratis.thirdparty.io.grpc.StatusRuntimeException: UNAVAILABLE: io exception
2022-06-27 16:58:33,821 [d50766be-5aa0-4516-a336-dcc66469e2a8@group-F76DDF9E5011-LeaderElection63] INFO  impl.LeaderElection (LeaderElection.java:logAndReturn(90)) - d50766be-5aa0-4516-a336-dcc66469e2a8@group-F76DDF9E5011-LeaderElection63: ELECTION REJECTED received 0 response(s) and 2 exception(s):
2022-06-27 16:58:33,821 [d50766be-5aa0-4516-a336-dcc66469e2a8@group-F76DDF9E5011-LeaderElection63] INFO  impl.LeaderElection (LogUtils.java:infoOrTrace(137)) -   Exception 0: java.util.concurrent.ExecutionException: org.apache.ratis.thirdparty.io.grpc.StatusRuntimeException: UNAVAILABLE: io exception
2022-06-27 16:58:33,821 [d50766be-5aa0-4516-a336-dcc66469e2a8@group-F76DDF9E5011-LeaderElection63] INFO  impl.LeaderElection (LogUtils.java:infoOrTrace(137)) -   Exception 1: java.util.concurrent.ExecutionException: org.apache.ratis.thirdparty.io.grpc.StatusRuntimeException: UNAVAILABLE: io exception
2022-06-27 16:58:33,821 [d50766be-5aa0-4516-a336-dcc66469e2a8@group-F76DDF9E5011-LeaderElection63] INFO  impl.LeaderElection (LeaderElection.java:askForVotes(312)) - d50766be-5aa0-4516-a336-dcc66469e2a8@group-F76DDF9E5011-LeaderElection63 ELECTION round 0: result REJECTED
2022-06-27 16:58:33,821 [d50766be-5aa0-4516-a336-dcc66469e2a8@group-F76DDF9E5011-LeaderElection63] INFO  server.RaftServer$Division (RaftServerImpl.java:setRole(299)) - d50766be-5aa0-4516-a336-dcc66469e2a8@group-F76DDF9E5011: changes role from CANDIDATE to FOLLOWER at term 5 for REJECTED
2022-06-27 16:58:33,821 [d50766be-5aa0-4516-a336-dcc66469e2a8@group-F76DDF9E5011-LeaderElection63] INFO  impl.RoleInfo (RoleInfo.java:shutdownLeaderElection(130)) - d50766be-5aa0-4516-a336-dcc66469e2a8: shutdown d50766be-5aa0-4516-a336-dcc66469e2a8@group-F76DDF9E5011-LeaderElection63
2022-06-27 16:58:33,821 [d50766be-5aa0-4516-a336-dcc66469e2a8@group-F76DDF9E5011-LeaderElection63] INFO  impl.RoleInfo (RoleInfo.java:updateAndGet(139)) - d50766be-5aa0-4516-a336-dcc66469e2a8: start d50766be-5aa0-4516-a336-dcc66469e2a8@group-F76DDF9E5011-FollowerState
2022-06-27 16:58:33,953 [Listener at 127.0.0.1/40965] INFO  statemachine.DatanodeStateMachine (DatanodeStateMachine.java:stopDaemon(580)) - Ozone container server stopped.
2022-06-27 16:58:33,964 [Listener at 127.0.0.1/40965] INFO  handler.ContextHandler (ContextHandler.java:doStop(1153)) - Stopped o.e.j.w.WebAppContext@4029411d{hddsDatanode,/,null,STOPPED}{jar:file:/home/runner/.m2/repository/org/apache/ozone/hdds-container-service/1.3.0-SNAPSHOT/hdds-container-service-1.3.0-SNAPSHOT.jar!/webapps/hddsDatanode}
2022-06-27 16:58:33,965 [ForkJoinPool.commonPool-worker-0] INFO  statemachine.DatanodeStateMachine (DatanodeStateMachine.java:stopDaemon(580)) - Ozone container server stopped.
2022-06-27 16:58:33,997 [Listener at 127.0.0.1/40965] INFO  server.AbstractConnector (AbstractConnector.java:doStop(381)) - Stopped ServerConnector@5d82fe74{HTTP/1.1, (http/1.1)}{0.0.0.0:0}
2022-06-27 16:58:33,997 [Listener at 127.0.0.1/40965] INFO  server.session (HouseKeeper.java:stopScavenging(149)) - node0 Stopped scavenging
2022-06-27 16:58:33,997 [Listener at 127.0.0.1/40965] INFO  handler.ContextHandler (ContextHandler.java:doStop(1153)) - Stopped o.e.j.s.ServletContextHandler@1c795e84{static,/static,jar:file:/home/runner/.m2/repository/org/apache/ozone/hdds-container-service/1.3.0-SNAPSHOT/hdds-container-service-1.3.0-SNAPSHOT.jar!/webapps/static,STOPPED}
2022-06-27 16:58:33,997 [Listener at 127.0.0.1/40965] INFO  handler.ContextHandler (ContextHandler.java:doStop(1153)) - Stopped o.e.j.s.ServletContextHandler@789fe325{logs,/logs,file:///home/runner/work/ozone/ozone/hadoop-ozone/integration-test/target/log,STOPPED}
2022-06-27 16:58:34,029 [ForkJoinPool.commonPool-worker-0] INFO  handler.ContextHandler (ContextHandler.java:doStop(1153)) - Stopped o.e.j.w.WebAppContext@75fc8c3f{hddsDatanode,/,null,STOPPED}{jar:file:/home/runner/.m2/repository/org/apache/ozone/hdds-container-service/1.3.0-SNAPSHOT/hdds-container-service-1.3.0-SNAPSHOT.jar!/webapps/hddsDatanode}
2022-06-27 16:58:34,029 [ForkJoinPool.commonPool-worker-0] INFO  server.AbstractConnector (AbstractConnector.java:doStop(381)) - Stopped ServerConnector@5aace3f9{HTTP/1.1, (http/1.1)}{0.0.0.0:0}
2022-06-27 16:58:34,029 [ForkJoinPool.commonPool-worker-0] INFO  server.session (HouseKeeper.java:stopScavenging(149)) - node0 Stopped scavenging
2022-06-27 16:58:34,032 [ForkJoinPool.commonPool-worker-0] INFO  handler.ContextHandler (ContextHandler.java:doStop(1153)) - Stopped o.e.j.s.ServletContextHandler@6d55d0d6{static,/static,jar:file:/home/runner/.m2/repository/org/apache/ozone/hdds-container-service/1.3.0-SNAPSHOT/hdds-container-service-1.3.0-SNAPSHOT.jar!/webapps/static,STOPPED}
2022-06-27 16:58:34,032 [ForkJoinPool.commonPool-worker-0] INFO  handler.ContextHandler (ContextHandler.java:doStop(1153)) - Stopped o.e.j.s.ServletContextHandler@73cd59ea{logs,/logs,file:///home/runner/work/ozone/ozone/hadoop-ozone/integration-test/target/log,STOPPED}
2022-06-27 16:58:34,236 [d50766be-5aa0-4516-a336-dcc66469e2a8@group-9F43F2F298D9-FollowerState] INFO  impl.FollowerState (FollowerState.java:run(143)) - d50766be-5aa0-4516-a336-dcc66469e2a8@group-9F43F2F298D9-FollowerState: change to CANDIDATE, lastRpcElapsedTime:5950946006ns, electionTimeout:5131ms
2022-06-27 16:58:34,236 [d50766be-5aa0-4516-a336-dcc66469e2a8@group-9F43F2F298D9-FollowerState] INFO  impl.RoleInfo (RoleInfo.java:shutdownFollowerState(110)) - d50766be-5aa0-4516-a336-dcc66469e2a8: shutdown d50766be-5aa0-4516-a336-dcc66469e2a8@group-9F43F2F298D9-FollowerState
2022-06-27 16:58:34,236 [d50766be-5aa0-4516-a336-dcc66469e2a8@group-9F43F2F298D9-FollowerState] INFO  server.RaftServer$Division (RaftServerImpl.java:setRole(299)) - d50766be-5aa0-4516-a336-dcc66469e2a8@group-9F43F2F298D9: changes role from  FOLLOWER to CANDIDATE at term 3 for changeToCandidate
2022-06-27 16:58:34,236 [d50766be-5aa0-4516-a336-dcc66469e2a8@group-9F43F2F298D9-FollowerState] INFO  server.RaftServerConfigKeys (ConfUtils.java:logGet(46)) - raft.server.leaderelection.pre-vote = false (custom)
2022-06-27 16:58:34,236 [d50766be-5aa0-4516-a336-dcc66469e2a8@group-9F43F2F298D9-FollowerState] INFO  impl.RoleInfo (RoleInfo.java:updateAndGet(139)) - d50766be-5aa0-4516-a336-dcc66469e2a8: start d50766be-5aa0-4516-a336-dcc66469e2a8@group-9F43F2F298D9-LeaderElection64
2022-06-27 16:58:34,281 [d50766be-5aa0-4516-a336-dcc66469e2a8@group-9F43F2F298D9-LeaderElection64] INFO  server.RaftServer$Division (ServerState.java:setLeader(287)) - d50766be-5aa0-4516-a336-dcc66469e2a8@group-9F43F2F298D9: change Leader from dcd286b6-9f7a-4746-8dc4-f6b4b45daddf to null at term 3 for ELECTION
2022-06-27 16:58:34,284 [d50766be-5aa0-4516-a336-dcc66469e2a8@group-9F43F2F298D9-LeaderElection64] INFO  impl.LeaderElection (LeaderElection.java:askForVotes(310)) - d50766be-5aa0-4516-a336-dcc66469e2a8@group-9F43F2F298D9-LeaderElection64 ELECTION round 0: submit vote requests at term 4 for 0: [dcd286b6-9f7a-4746-8dc4-f6b4b45daddf|rpc:10.1.0.22:37187|dataStream:|priority:1, 59b1e939-7f3e-448e-a48d-ff530bcc538d|rpc:10.1.0.22:33279|dataStream:|priority:0, d50766be-5aa0-4516-a336-dcc66469e2a8|rpc:10.1.0.22:40223|dataStream:|priority:0], old=null
2022-06-27 16:58:34,293 [d50766be-5aa0-4516-a336-dcc66469e2a8@group-9F43F2F298D9-LeaderElection64] INFO  impl.LeaderElection (LogUtils.java:infoOrTrace(137)) - d50766be-5aa0-4516-a336-dcc66469e2a8@group-9F43F2F298D9-LeaderElection64 got exception when requesting votes: java.util.concurrent.ExecutionException: org.apache.ratis.thirdparty.io.grpc.StatusRuntimeException: UNAVAILABLE: io exception
2022-06-27 16:58:34,295 [d50766be-5aa0-4516-a336-dcc66469e2a8@group-9F43F2F298D9-LeaderElection64] INFO  impl.LeaderElection (LogUtils.java:infoOrTrace(137)) - d50766be-5aa0-4516-a336-dcc66469e2a8@group-9F43F2F298D9-LeaderElection64 got exception when requesting votes: java.util.concurrent.ExecutionException: org.apache.ratis.thirdparty.io.grpc.StatusRuntimeException: UNAVAILABLE: io exception
2022-06-27 16:58:34,295 [d50766be-5aa0-4516-a336-dcc66469e2a8@group-9F43F2F298D9-LeaderElection64] INFO  impl.LeaderElection (LeaderElection.java:logAndReturn(90)) - d50766be-5aa0-4516-a336-dcc66469e2a8@group-9F43F2F298D9-LeaderElection64: ELECTION REJECTED received 0 response(s) and 2 exception(s):
2022-06-27 16:58:34,295 [d50766be-5aa0-4516-a336-dcc66469e2a8@group-9F43F2F298D9-LeaderElection64] INFO  impl.LeaderElection (LogUtils.java:infoOrTrace(137)) -   Exception 0: java.util.concurrent.ExecutionException: org.apache.ratis.thirdparty.io.grpc.StatusRuntimeException: UNAVAILABLE: io exception
2022-06-27 16:58:34,295 [d50766be-5aa0-4516-a336-dcc66469e2a8@group-9F43F2F298D9-LeaderElection64] INFO  impl.LeaderElection (LogUtils.java:infoOrTrace(137)) -   Exception 1: java.util.concurrent.ExecutionException: org.apache.ratis.thirdparty.io.grpc.StatusRuntimeException: UNAVAILABLE: io exception
2022-06-27 16:58:34,295 [d50766be-5aa0-4516-a336-dcc66469e2a8@group-9F43F2F298D9-LeaderElection64] INFO  impl.LeaderElection (LeaderElection.java:askForVotes(312)) - d50766be-5aa0-4516-a336-dcc66469e2a8@group-9F43F2F298D9-LeaderElection64 ELECTION round 0: result REJECTED
2022-06-27 16:58:34,295 [d50766be-5aa0-4516-a336-dcc66469e2a8@group-9F43F2F298D9-LeaderElection64] INFO  server.RaftServer$Division (RaftServerImpl.java:setRole(299)) - d50766be-5aa0-4516-a336-dcc66469e2a8@group-9F43F2F298D9: changes role from CANDIDATE to FOLLOWER at term 4 for REJECTED
2022-06-27 16:58:34,295 [d50766be-5aa0-4516-a336-dcc66469e2a8@group-9F43F2F298D9-LeaderElection64] INFO  impl.RoleInfo (RoleInfo.java:shutdownLeaderElection(130)) - d50766be-5aa0-4516-a336-dcc66469e2a8: shutdown d50766be-5aa0-4516-a336-dcc66469e2a8@group-9F43F2F298D9-LeaderElection64
2022-06-27 16:58:34,295 [d50766be-5aa0-4516-a336-dcc66469e2a8@group-9F43F2F298D9-LeaderElection64] INFO  impl.RoleInfo (RoleInfo.java:updateAndGet(139)) - d50766be-5aa0-4516-a336-dcc66469e2a8: start d50766be-5aa0-4516-a336-dcc66469e2a8@group-9F43F2F298D9-FollowerState
2022-06-27 16:58:38,891 [d50766be-5aa0-4516-a336-dcc66469e2a8@group-F76DDF9E5011-FollowerState] INFO  impl.FollowerState (FollowerState.java:run(143)) - d50766be-5aa0-4516-a336-dcc66469e2a8@group-F76DDF9E5011-FollowerState: change to CANDIDATE, lastRpcElapsedTime:5070191255ns, electionTimeout:5061ms
2022-06-27 16:58:38,891 [d50766be-5aa0-4516-a336-dcc66469e2a8@group-F76DDF9E5011-FollowerState] INFO  impl.RoleInfo (RoleInfo.java:shutdownFollowerState(110)) - d50766be-5aa0-4516-a336-dcc66469e2a8: shutdown d50766be-5aa0-4516-a336-dcc66469e2a8@group-F76DDF9E5011-FollowerState
2022-06-27 16:58:38,892 [d50766be-5aa0-4516-a336-dcc66469e2a8@group-F76DDF9E5011-FollowerState] INFO  server.RaftServer$Division (RaftServerImpl.java:setRole(299)) - d50766be-5aa0-4516-a336-dcc66469e2a8@group-F76DDF9E5011: changes role from  FOLLOWER to CANDIDATE at term 5 for changeToCandidate
2022-06-27 16:58:38,892 [d50766be-5aa0-4516-a336-dcc66469e2a8@group-F76DDF9E5011-FollowerState] INFO  server.RaftServerConfigKeys (ConfUtils.java:logGet(46)) - raft.server.leaderelection.pre-vote = false (custom)
2022-06-27 16:58:38,892 [d50766be-5aa0-4516-a336-dcc66469e2a8@group-F76DDF9E5011-FollowerState] INFO  impl.RoleInfo (RoleInfo.java:updateAndGet(139)) - d50766be-5aa0-4516-a336-dcc66469e2a8: start d50766be-5aa0-4516-a336-dcc66469e2a8@group-F76DDF9E5011-LeaderElection65
2022-06-27 16:58:38,949 [d50766be-5aa0-4516-a336-dcc66469e2a8@group-F76DDF9E5011-LeaderElection65] INFO  impl.LeaderElection (LeaderElection.java:askForVotes(310)) - d50766be-5aa0-4516-a336-dcc66469e2a8@group-F76DDF9E5011-LeaderElection65 ELECTION round 0: submit vote requests at term 6 for 0: [dcd286b6-9f7a-4746-8dc4-f6b4b45daddf|rpc:10.1.0.22:37187|dataStream:|priority:0, 59b1e939-7f3e-448e-a48d-ff530bcc538d|rpc:10.1.0.22:33279|dataStream:|priority:1, d50766be-5aa0-4516-a336-dcc66469e2a8|rpc:10.1.0.22:40223|dataStream:|priority:0], old=null
2022-06-27 16:58:38,962 [d50766be-5aa0-4516-a336-dcc66469e2a8@group-F76DDF9E5011-LeaderElection65] INFO  impl.LeaderElection (LogUtils.java:infoOrTrace(137)) - d50766be-5aa0-4516-a336-dcc66469e2a8@group-F76DDF9E5011-LeaderElection65 got exception when requesting votes: java.util.concurrent.ExecutionException: org.apache.ratis.thirdparty.io.grpc.StatusRuntimeException: UNAVAILABLE: io exception
2022-06-27 16:58:38,962 [d50766be-5aa0-4516-a336-dcc66469e2a8@group-F76DDF9E5011-LeaderElection65] INFO  impl.LeaderElection (LogUtils.java:infoOrTrace(137)) - d50766be-5aa0-4516-a336-dcc66469e2a8@group-F76DDF9E5011-LeaderElection65 got exception when requesting votes: java.util.concurrent.ExecutionException: org.apache.ratis.thirdparty.io.grpc.StatusRuntimeException: UNAVAILABLE: io exception
2022-06-27 16:58:38,962 [d50766be-5aa0-4516-a336-dcc66469e2a8@group-F76DDF9E5011-LeaderElection65] INFO  impl.LeaderElection (LeaderElection.java:logAndReturn(90)) - d50766be-5aa0-4516-a336-dcc66469e2a8@group-F76DDF9E5011-LeaderElection65: ELECTION REJECTED received 0 response(s) and 2 exception(s):
2022-06-27 16:58:38,962 [d50766be-5aa0-4516-a336-dcc66469e2a8@group-F76DDF9E5011-LeaderElection65] INFO  impl.LeaderElection (LogUtils.java:infoOrTrace(137)) -   Exception 0: java.util.concurrent.ExecutionException: org.apache.ratis.thirdparty.io.grpc.StatusRuntimeException: UNAVAILABLE: io exception
2022-06-27 16:58:38,962 [d50766be-5aa0-4516-a336-dcc66469e2a8@group-F76DDF9E5011-LeaderElection65] INFO  impl.LeaderElection (LogUtils.java:infoOrTrace(137)) -   Exception 1: java.util.concurrent.ExecutionException: org.apache.ratis.thirdparty.io.grpc.StatusRuntimeException: UNAVAILABLE: io exception
2022-06-27 16:58:38,962 [d50766be-5aa0-4516-a336-dcc66469e2a8@group-F76DDF9E5011-LeaderElection65] INFO  impl.LeaderElection (LeaderElection.java:askForVotes(312)) - d50766be-5aa0-4516-a336-dcc66469e2a8@group-F76DDF9E5011-LeaderElection65 ELECTION round 0: result REJECTED
2022-06-27 16:58:38,962 [d50766be-5aa0-4516-a336-dcc66469e2a8@group-F76DDF9E5011-LeaderElection65] INFO  server.RaftServer$Division (RaftServerImpl.java:setRole(299)) - d50766be-5aa0-4516-a336-dcc66469e2a8@group-F76DDF9E5011: changes role from CANDIDATE to FOLLOWER at term 6 for REJECTED
2022-06-27 16:58:38,962 [d50766be-5aa0-4516-a336-dcc66469e2a8@group-F76DDF9E5011-LeaderElection65] INFO  impl.RoleInfo (RoleInfo.java:shutdownLeaderElection(130)) - d50766be-5aa0-4516-a336-dcc66469e2a8: shutdown d50766be-5aa0-4516-a336-dcc66469e2a8@group-F76DDF9E5011-LeaderElection65
2022-06-27 16:58:38,962 [d50766be-5aa0-4516-a336-dcc66469e2a8@group-F76DDF9E5011-LeaderElection65] INFO  impl.RoleInfo (RoleInfo.java:updateAndGet(139)) - d50766be-5aa0-4516-a336-dcc66469e2a8: start d50766be-5aa0-4516-a336-dcc66469e2a8@group-F76DDF9E5011-FollowerState
2022-06-27 16:58:39,057 [ForkJoinPool.commonPool-worker-0] INFO  ozoneimpl.OzoneContainer (OzoneContainer.java:stop(365)) - Attempting to stop container services.
2022-06-27 16:58:39,057 [ForkJoinPool.commonPool-worker-0] INFO  server.RaftServer (RaftServerProxy.java:lambda$close$7(398)) - d50766be-5aa0-4516-a336-dcc66469e2a8: close
2022-06-27 16:58:39,057 [ForkJoinPool.commonPool-worker-0] INFO  server.RaftServer$Division (RaftServerImpl.java:lambda$close$4(434)) - d50766be-5aa0-4516-a336-dcc66469e2a8@group-9F43F2F298D9: shutdown
2022-06-27 16:58:39,057 [ForkJoinPool.commonPool-worker-0] INFO  util.JmxRegister (JmxRegister.java:unregister(73)) - Successfully un-registered JMX Bean with object name Ratis:service=RaftServer,group=group-9F43F2F298D9,id=d50766be-5aa0-4516-a336-dcc66469e2a8
2022-06-27 16:58:39,057 [ForkJoinPool.commonPool-worker-0] INFO  impl.RoleInfo (RoleInfo.java:shutdownFollowerState(110)) - d50766be-5aa0-4516-a336-dcc66469e2a8: shutdown d50766be-5aa0-4516-a336-dcc66469e2a8@group-9F43F2F298D9-FollowerState
2022-06-27 16:58:39,058 [ForkJoinPool.commonPool-worker-0] INFO  impl.StateMachineUpdater (StateMachineUpdater.java:stopAndJoin(153)) - d50766be-5aa0-4516-a336-dcc66469e2a8@group-9F43F2F298D9-StateMachineUpdater: set stopIndex = 31
2022-06-27 16:58:39,058 [d50766be-5aa0-4516-a336-dcc66469e2a8@group-9F43F2F298D9-FollowerState] INFO  impl.FollowerState (FollowerState.java:run(152)) - d50766be-5aa0-4516-a336-dcc66469e2a8@group-9F43F2F298D9-FollowerState was interrupted
2022-06-27 16:58:39,059 [Listener at 127.0.0.1/40965] INFO  ozoneimpl.OzoneContainer (OzoneContainer.java:stop(365)) - Attempting to stop container services.
2022-06-27 16:58:39,059 [d50766be-5aa0-4516-a336-dcc66469e2a8@group-9F43F2F298D9-StateMachineUpdater] INFO  ratis.ContainerStateMachine (ContainerStateMachine.java:takeSnapshot(304)) - group-9F43F2F298D9: Taking a snapshot at:(t:3, i:31) file /home/runner/work/ozone/ozone/hadoop-ozone/integration-test/target/test-dir/MiniOzoneClusterImpl-5ad2835d-edcb-4821-8976-9d3b57c406ad/datanode-0/data/ratis/4d3056c5-5555-4656-80dd-9f43f2f298d9/sm/snapshot.3_31
2022-06-27 16:58:39,060 [Listener at 127.0.0.1/40965] INFO  server.RaftServer (RaftServerProxy.java:lambda$close$7(398)) - 76a7023e-6ffd-4858-9dde-5e5449f270f0: close
2022-06-27 16:58:39,060 [Listener at 127.0.0.1/40965] INFO  server.RaftServer$Division (RaftServerImpl.java:lambda$close$4(434)) - 76a7023e-6ffd-4858-9dde-5e5449f270f0@group-73FBE81BA22C: shutdown
2022-06-27 16:58:39,060 [Listener at 127.0.0.1/40965] INFO  util.JmxRegister (JmxRegister.java:unregister(73)) - Successfully un-registered JMX Bean with object name Ratis:service=RaftServer,group=group-73FBE81BA22C,id=76a7023e-6ffd-4858-9dde-5e5449f270f0
2022-06-27 16:58:39,060 [Listener at 127.0.0.1/40965] INFO  impl.RoleInfo (RoleInfo.java:shutdownLeaderState(93)) - 76a7023e-6ffd-4858-9dde-5e5449f270f0: shutdown 76a7023e-6ffd-4858-9dde-5e5449f270f0@group-73FBE81BA22C-LeaderStateImpl
2022-06-27 16:58:39,060 [Listener at 127.0.0.1/40965] INFO  impl.PendingRequests (PendingRequests.java:sendNotLeaderResponses(282)) - 76a7023e-6ffd-4858-9dde-5e5449f270f0@group-73FBE81BA22C-PendingRequests: sendNotLeaderResponses
2022-06-27 16:58:39,061 [Listener at 127.0.0.1/40965] INFO  impl.StateMachineUpdater (StateMachineUpdater.java:stopAndJoin(153)) - 76a7023e-6ffd-4858-9dde-5e5449f270f0@group-73FBE81BA22C-StateMachineUpdater: set stopIndex = 0
2022-06-27 16:58:39,061 [76a7023e-6ffd-4858-9dde-5e5449f270f0@group-73FBE81BA22C-StateMachineUpdater] INFO  ratis.ContainerStateMachine (ContainerStateMachine.java:takeSnapshot(304)) - group-73FBE81BA22C: Taking a snapshot at:(t:1, i:0) file /home/runner/work/ozone/ozone/hadoop-ozone/integration-test/target/test-dir/MiniOzoneClusterImpl-5ad2835d-edcb-4821-8976-9d3b57c406ad/datanode-4/data/ratis/b5fe7ef2-7f80-4852-9c76-73fbe81ba22c/sm/snapshot.1_0
2022-06-27 16:58:39,064 [76a7023e-6ffd-4858-9dde-5e5449f270f0@group-73FBE81BA22C-StateMachineUpdater] INFO  ratis.ContainerStateMachine (ContainerStateMachine.java:takeSnapshot(315)) - group-73FBE81BA22C: Finished taking a snapshot at:(t:1, i:0) file:/home/runner/work/ozone/ozone/hadoop-ozone/integration-test/target/test-dir/MiniOzoneClusterImpl-5ad2835d-edcb-4821-8976-9d3b57c406ad/datanode-4/data/ratis/b5fe7ef2-7f80-4852-9c76-73fbe81ba22c/sm/snapshot.1_0 took: 2 ms
2022-06-27 16:58:39,064 [76a7023e-6ffd-4858-9dde-5e5449f270f0@group-73FBE81BA22C-StateMachineUpdater] INFO  impl.StateMachineUpdater (StateMachineUpdater.java:takeSnapshot(287)) - 76a7023e-6ffd-4858-9dde-5e5449f270f0@group-73FBE81BA22C-StateMachineUpdater: Took a snapshot at index 0
2022-06-27 16:58:39,064 [76a7023e-6ffd-4858-9dde-5e5449f270f0@group-73FBE81BA22C-StateMachineUpdater] INFO  impl.StateMachineUpdater (StateMachineUpdater.java:lambda$new$0(92)) - 76a7023e-6ffd-4858-9dde-5e5449f270f0@group-73FBE81BA22C-StateMachineUpdater: snapshotIndex: updateIncreasingly -1 -> 0
2022-06-27 16:58:39,074 [d50766be-5aa0-4516-a336-dcc66469e2a8@group-9F43F2F298D9-StateMachineUpdater] INFO  ratis.ContainerStateMachine (ContainerStateMachine.java:takeSnapshot(315)) - group-9F43F2F298D9: Finished taking a snapshot at:(t:3, i:31) file:/home/runner/work/ozone/ozone/hadoop-ozone/integration-test/target/test-dir/MiniOzoneClusterImpl-5ad2835d-edcb-4821-8976-9d3b57c406ad/datanode-0/data/ratis/4d3056c5-5555-4656-80dd-9f43f2f298d9/sm/snapshot.3_31 took: 14 ms
2022-06-27 16:58:39,074 [d50766be-5aa0-4516-a336-dcc66469e2a8@group-9F43F2F298D9-StateMachineUpdater] INFO  impl.StateMachineUpdater (StateMachineUpdater.java:takeSnapshot(287)) - d50766be-5aa0-4516-a336-dcc66469e2a8@group-9F43F2F298D9-StateMachineUpdater: Took a snapshot at index 31
2022-06-27 16:58:39,074 [d50766be-5aa0-4516-a336-dcc66469e2a8@group-9F43F2F298D9-StateMachineUpdater] INFO  impl.StateMachineUpdater (StateMachineUpdater.java:lambda$new$0(92)) - d50766be-5aa0-4516-a336-dcc66469e2a8@group-9F43F2F298D9-StateMachineUpdater: snapshotIndex: updateIncreasingly -1 -> 31
2022-06-27 16:58:39,075 [ForkJoinPool.commonPool-worker-0] INFO  server.RaftServer$Division (ServerState.java:close(429)) - d50766be-5aa0-4516-a336-dcc66469e2a8@group-9F43F2F298D9: closes. applyIndex: 31
2022-06-27 16:58:39,075 [d50766be-5aa0-4516-a336-dcc66469e2a8@group-9F43F2F298D9-SegmentedRaftLogWorker] INFO  segmented.SegmentedRaftLogWorker (SegmentedRaftLogWorker.java:run(336)) - d50766be-5aa0-4516-a336-dcc66469e2a8@group-9F43F2F298D9-SegmentedRaftLogWorker was interrupted, exiting. There are 0 tasks remaining in the queue.
2022-06-27 16:58:39,077 [ForkJoinPool.commonPool-worker-0] INFO  segmented.SegmentedRaftLogWorker (SegmentedRaftLogWorker.java:close(246)) - d50766be-5aa0-4516-a336-dcc66469e2a8@group-9F43F2F298D9-SegmentedRaftLogWorker close()
2022-06-27 16:58:39,075 [Listener at 127.0.0.1/40965] INFO  server.RaftServer$Division (ServerState.java:close(429)) - 76a7023e-6ffd-4858-9dde-5e5449f270f0@group-73FBE81BA22C: closes. applyIndex: 0
2022-06-27 16:58:39,082 [ForkJoinPool.commonPool-worker-0] INFO  server.RaftServer$Division (RaftServerImpl.java:lambda$close$4(434)) - d50766be-5aa0-4516-a336-dcc66469e2a8@group-923D55732E8B: shutdown
2022-06-27 16:58:39,101 [ForkJoinPool.commonPool-worker-0] INFO  util.JmxRegister (JmxRegister.java:unregister(73)) - Successfully un-registered JMX Bean with object name Ratis:service=RaftServer,group=group-923D55732E8B,id=d50766be-5aa0-4516-a336-dcc66469e2a8
2022-06-27 16:58:39,101 [ForkJoinPool.commonPool-worker-0] INFO  impl.RoleInfo (RoleInfo.java:shutdownLeaderState(93)) - d50766be-5aa0-4516-a336-dcc66469e2a8: shutdown d50766be-5aa0-4516-a336-dcc66469e2a8@group-923D55732E8B-LeaderStateImpl
2022-06-27 16:58:39,101 [ForkJoinPool.commonPool-worker-0] INFO  impl.PendingRequests (PendingRequests.java:sendNotLeaderResponses(282)) - d50766be-5aa0-4516-a336-dcc66469e2a8@group-923D55732E8B-PendingRequests: sendNotLeaderResponses
2022-06-27 16:58:39,102 [ForkJoinPool.commonPool-worker-0] INFO  impl.StateMachineUpdater (StateMachineUpdater.java:stopAndJoin(153)) - d50766be-5aa0-4516-a336-dcc66469e2a8@group-923D55732E8B-StateMachineUpdater: set stopIndex = 0
2022-06-27 16:58:39,102 [76a7023e-6ffd-4858-9dde-5e5449f270f0@group-73FBE81BA22C-SegmentedRaftLogWorker] INFO  segmented.SegmentedRaftLogWorker (SegmentedRaftLogWorker.java:run(336)) - 76a7023e-6ffd-4858-9dde-5e5449f270f0@group-73FBE81BA22C-SegmentedRaftLogWorker was interrupted, exiting. There are 0 tasks remaining in the queue.
2022-06-27 16:58:39,103 [Listener at 127.0.0.1/40965] INFO  segmented.SegmentedRaftLogWorker (SegmentedRaftLogWorker.java:close(246)) - 76a7023e-6ffd-4858-9dde-5e5449f270f0@group-73FBE81BA22C-SegmentedRaftLogWorker close()
2022-06-27 16:58:39,105 [d50766be-5aa0-4516-a336-dcc66469e2a8@group-923D55732E8B-StateMachineUpdater] INFO  ratis.ContainerStateMachine (ContainerStateMachine.java:takeSnapshot(304)) - group-923D55732E8B: Taking a snapshot at:(t:1, i:0) file /home/runner/work/ozone/ozone/hadoop-ozone/integration-test/target/test-dir/MiniOzoneClusterImpl-5ad2835d-edcb-4821-8976-9d3b57c406ad/datanode-0/data/ratis/c490369c-09aa-406b-87ff-923d55732e8b/sm/snapshot.1_0
2022-06-27 16:58:39,106 [d50766be-5aa0-4516-a336-dcc66469e2a8@group-923D55732E8B-StateMachineUpdater] INFO  ratis.ContainerStateMachine (ContainerStateMachine.java:takeSnapshot(315)) - group-923D55732E8B: Finished taking a snapshot at:(t:1, i:0) file:/home/runner/work/ozone/ozone/hadoop-ozone/integration-test/target/test-dir/MiniOzoneClusterImpl-5ad2835d-edcb-4821-8976-9d3b57c406ad/datanode-0/data/ratis/c490369c-09aa-406b-87ff-923d55732e8b/sm/snapshot.1_0 took: 1 ms
2022-06-27 16:58:39,106 [d50766be-5aa0-4516-a336-dcc66469e2a8@group-923D55732E8B-StateMachineUpdater] INFO  impl.StateMachineUpdater (StateMachineUpdater.java:takeSnapshot(287)) - d50766be-5aa0-4516-a336-dcc66469e2a8@group-923D55732E8B-StateMachineUpdater: Took a snapshot at index 0
2022-06-27 16:58:39,106 [d50766be-5aa0-4516-a336-dcc66469e2a8@group-923D55732E8B-StateMachineUpdater] INFO  impl.StateMachineUpdater (StateMachineUpdater.java:lambda$new$0(92)) - d50766be-5aa0-4516-a336-dcc66469e2a8@group-923D55732E8B-StateMachineUpdater: snapshotIndex: updateIncreasingly -1 -> 0
2022-06-27 16:58:39,106 [ForkJoinPool.commonPool-worker-0] INFO  server.RaftServer$Division (ServerState.java:close(429)) - d50766be-5aa0-4516-a336-dcc66469e2a8@group-923D55732E8B: closes. applyIndex: 0
2022-06-27 16:58:39,106 [d50766be-5aa0-4516-a336-dcc66469e2a8@group-923D55732E8B-SegmentedRaftLogWorker] INFO  segmented.SegmentedRaftLogWorker (SegmentedRaftLogWorker.java:run(336)) - d50766be-5aa0-4516-a336-dcc66469e2a8@group-923D55732E8B-SegmentedRaftLogWorker was interrupted, exiting. There are 0 tasks remaining in the queue.
2022-06-27 16:58:39,109 [ForkJoinPool.commonPool-worker-0] INFO  segmented.SegmentedRaftLogWorker (SegmentedRaftLogWorker.java:close(246)) - d50766be-5aa0-4516-a336-dcc66469e2a8@group-923D55732E8B-SegmentedRaftLogWorker close()
2022-06-27 16:58:39,119 [Listener at 127.0.0.1/40965] INFO  server.GrpcService (GrpcService.java:closeImpl(269)) - 76a7023e-6ffd-4858-9dde-5e5449f270f0: shutdown server with port 44129 now
2022-06-27 16:58:39,120 [Listener at 127.0.0.1/40965] INFO  server.GrpcService (GrpcService.java:closeImpl(278)) - 76a7023e-6ffd-4858-9dde-5e5449f270f0: shutdown server with port 44129 successfully
2022-06-27 16:58:39,120 [ForkJoinPool.commonPool-worker-0] INFO  server.RaftServer$Division (RaftServerImpl.java:lambda$close$4(434)) - d50766be-5aa0-4516-a336-dcc66469e2a8@group-F76DDF9E5011: shutdown
2022-06-27 16:58:39,120 [ForkJoinPool.commonPool-worker-0] INFO  util.JmxRegister (JmxRegister.java:unregister(73)) - Successfully un-registered JMX Bean with object name Ratis:service=RaftServer,group=group-F76DDF9E5011,id=d50766be-5aa0-4516-a336-dcc66469e2a8
2022-06-27 16:58:39,120 [ForkJoinPool.commonPool-worker-0] INFO  impl.RoleInfo (RoleInfo.java:shutdownFollowerState(110)) - d50766be-5aa0-4516-a336-dcc66469e2a8: shutdown d50766be-5aa0-4516-a336-dcc66469e2a8@group-F76DDF9E5011-FollowerState
2022-06-27 16:58:39,120 [ForkJoinPool.commonPool-worker-0] INFO  impl.StateMachineUpdater (StateMachineUpdater.java:stopAndJoin(153)) - d50766be-5aa0-4516-a336-dcc66469e2a8@group-F76DDF9E5011-StateMachineUpdater: set stopIndex = 18
2022-06-27 16:58:39,120 [d50766be-5aa0-4516-a336-dcc66469e2a8@group-F76DDF9E5011-FollowerState] INFO  impl.FollowerState (FollowerState.java:run(152)) - d50766be-5aa0-4516-a336-dcc66469e2a8@group-F76DDF9E5011-FollowerState was interrupted
2022-06-27 16:58:39,129 [d50766be-5aa0-4516-a336-dcc66469e2a8@group-F76DDF9E5011-StateMachineUpdater] INFO  ratis.ContainerStateMachine (ContainerStateMachine.java:takeSnapshot(304)) - group-F76DDF9E5011: Taking a snapshot at:(t:4, i:18) file /home/runner/work/ozone/ozone/hadoop-ozone/integration-test/target/test-dir/MiniOzoneClusterImpl-5ad2835d-edcb-4821-8976-9d3b57c406ad/datanode-0/data/ratis/74bc0608-407d-488f-bcbd-f76ddf9e5011/sm/snapshot.4_18
2022-06-27 16:58:39,133 [d50766be-5aa0-4516-a336-dcc66469e2a8@group-F76DDF9E5011-StateMachineUpdater] INFO  ratis.ContainerStateMachine (ContainerStateMachine.java:takeSnapshot(315)) - group-F76DDF9E5011: Finished taking a snapshot at:(t:4, i:18) file:/home/runner/work/ozone/ozone/hadoop-ozone/integration-test/target/test-dir/MiniOzoneClusterImpl-5ad2835d-edcb-4821-8976-9d3b57c406ad/datanode-0/data/ratis/74bc0608-407d-488f-bcbd-f76ddf9e5011/sm/snapshot.4_18 took: 5 ms
2022-06-27 16:58:39,133 [d50766be-5aa0-4516-a336-dcc66469e2a8@group-F76DDF9E5011-StateMachineUpdater] INFO  impl.StateMachineUpdater (StateMachineUpdater.java:takeSnapshot(287)) - d50766be-5aa0-4516-a336-dcc66469e2a8@group-F76DDF9E5011-StateMachineUpdater: Took a snapshot at index 18
2022-06-27 16:58:39,133 [d50766be-5aa0-4516-a336-dcc66469e2a8@group-F76DDF9E5011-StateMachineUpdater] INFO  impl.StateMachineUpdater (StateMachineUpdater.java:lambda$new$0(92)) - d50766be-5aa0-4516-a336-dcc66469e2a8@group-F76DDF9E5011-StateMachineUpdater: snapshotIndex: updateIncreasingly -1 -> 18
2022-06-27 16:58:39,134 [ForkJoinPool.commonPool-worker-0] INFO  server.RaftServer$Division (ServerState.java:close(429)) - d50766be-5aa0-4516-a336-dcc66469e2a8@group-F76DDF9E5011: closes. applyIndex: 18
2022-06-27 16:58:39,134 [d50766be-5aa0-4516-a336-dcc66469e2a8@group-F76DDF9E5011-SegmentedRaftLogWorker] INFO  segmented.SegmentedRaftLogWorker (SegmentedRaftLogWorker.java:run(336)) - d50766be-5aa0-4516-a336-dcc66469e2a8@group-F76DDF9E5011-SegmentedRaftLogWorker was interrupted, exiting. There are 0 tasks remaining in the queue.
2022-06-27 16:58:39,135 [ForkJoinPool.commonPool-worker-0] INFO  segmented.SegmentedRaftLogWorker (SegmentedRaftLogWorker.java:close(246)) - d50766be-5aa0-4516-a336-dcc66469e2a8@group-F76DDF9E5011-SegmentedRaftLogWorker close()
2022-06-27 16:58:39,135 [ForkJoinPool.commonPool-worker-0] INFO  server.GrpcService (GrpcService.java:closeImpl(269)) - d50766be-5aa0-4516-a336-dcc66469e2a8: shutdown server with port 40223 now
2022-06-27 16:58:39,138 [ForkJoinPool.commonPool-worker-0] INFO  server.GrpcService (GrpcService.java:closeImpl(278)) - d50766be-5aa0-4516-a336-dcc66469e2a8: shutdown server with port 40223 successfully
2022-06-27 16:58:39,138 [org.apache.ratis.util.JvmPauseMonitor$$Lambda$611/5070432@7e6291e9] INFO  util.JvmPauseMonitor (JvmPauseMonitor.java:run(109)) - JvmPauseMonitor-d50766be-5aa0-4516-a336-dcc66469e2a8: Stopped
2022-06-27 16:58:39,157 [org.apache.ratis.util.JvmPauseMonitor$$Lambda$611/5070432@43e32d95] INFO  util.JvmPauseMonitor (JvmPauseMonitor.java:run(109)) - JvmPauseMonitor-76a7023e-6ffd-4858-9dde-5e5449f270f0: Stopped
2022-06-27 16:58:41,228 [Listener at 127.0.0.1/40965] INFO  utils.BackgroundService (BackgroundService.java:shutdown(132)) - Shutting down service BlockDeletingService
2022-06-27 16:58:41,236 [ForkJoinPool.commonPool-worker-0] INFO  utils.BackgroundService (BackgroundService.java:shutdown(132)) - Shutting down service BlockDeletingService
2022-06-27 16:58:44,242 [ForkJoinPool.commonPool-worker-0] INFO  statemachine.DatanodeStateMachine (DatanodeStateMachine.java:stopDaemon(580)) - Ozone container server stopped.
2022-06-27 16:58:44,285 [Listener at 127.0.0.1/40965] INFO  statemachine.DatanodeStateMachine (DatanodeStateMachine.java:stopDaemon(580)) - Ozone container server stopped.
2022-06-27 16:58:44,292 [Listener at 127.0.0.1/40965] INFO  handler.ContextHandler (ContextHandler.java:doStop(1153)) - Stopped o.e.j.w.WebAppContext@2997ddcf{hddsDatanode,/,null,STOPPED}{jar:file:/home/runner/.m2/repository/org/apache/ozone/hdds-container-service/1.3.0-SNAPSHOT/hdds-container-service-1.3.0-SNAPSHOT.jar!/webapps/hddsDatanode}
2022-06-27 16:58:44,337 [ForkJoinPool.commonPool-worker-0] INFO  handler.ContextHandler (ContextHandler.java:doStop(1153)) - Stopped o.e.j.w.WebAppContext@10894672{hddsDatanode,/,null,STOPPED}{jar:file:/home/runner/.m2/repository/org/apache/ozone/hdds-container-service/1.3.0-SNAPSHOT/hdds-container-service-1.3.0-SNAPSHOT.jar!/webapps/hddsDatanode}
2022-06-27 16:58:44,337 [ForkJoinPool.commonPool-worker-0] INFO  server.AbstractConnector (AbstractConnector.java:doStop(381)) - Stopped ServerConnector@5112ee26{HTTP/1.1, (http/1.1)}{0.0.0.0:0}
2022-06-27 16:58:44,337 [ForkJoinPool.commonPool-worker-0] INFO  server.session (HouseKeeper.java:stopScavenging(149)) - node0 Stopped scavenging
2022-06-27 16:58:44,337 [ForkJoinPool.commonPool-worker-0] INFO  handler.ContextHandler (ContextHandler.java:doStop(1153)) - Stopped o.e.j.s.ServletContextHandler@43645e75{static,/static,jar:file:/home/runner/.m2/repository/org/apache/ozone/hdds-container-service/1.3.0-SNAPSHOT/hdds-container-service-1.3.0-SNAPSHOT.jar!/webapps/static,STOPPED}
2022-06-27 16:58:44,338 [ForkJoinPool.commonPool-worker-0] INFO  handler.ContextHandler (ContextHandler.java:doStop(1153)) - Stopped o.e.j.s.ServletContextHandler@72025f2f{logs,/logs,file:///home/runner/work/ozone/ozone/hadoop-ozone/integration-test/target/log,STOPPED}
2022-06-27 16:58:44,340 [Listener at 127.0.0.1/40965] INFO  server.AbstractConnector (AbstractConnector.java:doStop(381)) - Stopped ServerConnector@615718d9{HTTP/1.1, (http/1.1)}{0.0.0.0:0}
2022-06-27 16:58:44,340 [Listener at 127.0.0.1/40965] INFO  server.session (HouseKeeper.java:stopScavenging(149)) - node0 Stopped scavenging
2022-06-27 16:58:44,340 [Listener at 127.0.0.1/40965] INFO  handler.ContextHandler (ContextHandler.java:doStop(1153)) - Stopped o.e.j.s.ServletContextHandler@273b170e{static,/static,jar:file:/home/runner/.m2/repository/org/apache/ozone/hdds-container-service/1.3.0-SNAPSHOT/hdds-container-service-1.3.0-SNAPSHOT.jar!/webapps/static,STOPPED}
2022-06-27 16:58:44,340 [Listener at 127.0.0.1/40965] INFO  handler.ContextHandler (ContextHandler.java:doStop(1153)) - Stopped o.e.j.s.ServletContextHandler@b3c31cb{logs,/logs,file:///home/runner/work/ozone/ozone/hadoop-ozone/integration-test/target/log,STOPPED}
2022-06-27 16:58:49,345 [ForkJoinPool.commonPool-worker-0] INFO  ozoneimpl.OzoneContainer (OzoneContainer.java:stop(365)) - Attempting to stop container services.
2022-06-27 16:58:49,346 [ForkJoinPool.commonPool-worker-0] INFO  server.RaftServer (RaftServerProxy.java:lambda$close$7(398)) - 2a67462a-e1ca-4efa-935f-4cece97e3462: close
2022-06-27 16:58:49,346 [ForkJoinPool.commonPool-worker-0] INFO  server.RaftServer$Division (RaftServerImpl.java:lambda$close$4(434)) - 2a67462a-e1ca-4efa-935f-4cece97e3462@group-132BBF9CE083: shutdown
2022-06-27 16:58:49,346 [ForkJoinPool.commonPool-worker-0] INFO  util.JmxRegister (JmxRegister.java:unregister(73)) - Successfully un-registered JMX Bean with object name Ratis:service=RaftServer,group=group-132BBF9CE083,id=2a67462a-e1ca-4efa-935f-4cece97e3462
2022-06-27 16:58:49,347 [ForkJoinPool.commonPool-worker-0] INFO  impl.RoleInfo (RoleInfo.java:shutdownLeaderState(93)) - 2a67462a-e1ca-4efa-935f-4cece97e3462: shutdown 2a67462a-e1ca-4efa-935f-4cece97e3462@group-132BBF9CE083-LeaderStateImpl
2022-06-27 16:58:49,347 [ForkJoinPool.commonPool-worker-0] INFO  impl.PendingRequests (PendingRequests.java:sendNotLeaderResponses(282)) - 2a67462a-e1ca-4efa-935f-4cece97e3462@group-132BBF9CE083-PendingRequests: sendNotLeaderResponses
2022-06-27 16:58:49,347 [ForkJoinPool.commonPool-worker-0] INFO  impl.StateMachineUpdater (StateMachineUpdater.java:stopAndJoin(153)) - 2a67462a-e1ca-4efa-935f-4cece97e3462@group-132BBF9CE083-StateMachineUpdater: set stopIndex = 0
2022-06-27 16:58:49,347 [2a67462a-e1ca-4efa-935f-4cece97e3462@group-132BBF9CE083-StateMachineUpdater] INFO  ratis.ContainerStateMachine (ContainerStateMachine.java:takeSnapshot(304)) - group-132BBF9CE083: Taking a snapshot at:(t:1, i:0) file /home/runner/work/ozone/ozone/hadoop-ozone/integration-test/target/test-dir/MiniOzoneClusterImpl-5ad2835d-edcb-4821-8976-9d3b57c406ad/datanode-3/data/ratis/16523341-5e55-4a7f-93db-132bbf9ce083/sm/snapshot.1_0
2022-06-27 16:58:49,352 [2a67462a-e1ca-4efa-935f-4cece97e3462@group-132BBF9CE083-StateMachineUpdater] INFO  ratis.ContainerStateMachine (ContainerStateMachine.java:takeSnapshot(315)) - group-132BBF9CE083: Finished taking a snapshot at:(t:1, i:0) file:/home/runner/work/ozone/ozone/hadoop-ozone/integration-test/target/test-dir/MiniOzoneClusterImpl-5ad2835d-edcb-4821-8976-9d3b57c406ad/datanode-3/data/ratis/16523341-5e55-4a7f-93db-132bbf9ce083/sm/snapshot.1_0 took: 4 ms
2022-06-27 16:58:49,352 [2a67462a-e1ca-4efa-935f-4cece97e3462@group-132BBF9CE083-StateMachineUpdater] INFO  impl.StateMachineUpdater (StateMachineUpdater.java:takeSnapshot(287)) - 2a67462a-e1ca-4efa-935f-4cece97e3462@group-132BBF9CE083-StateMachineUpdater: Took a snapshot at index 0
2022-06-27 16:58:49,352 [2a67462a-e1ca-4efa-935f-4cece97e3462@group-132BBF9CE083-StateMachineUpdater] INFO  impl.StateMachineUpdater (StateMachineUpdater.java:lambda$new$0(92)) - 2a67462a-e1ca-4efa-935f-4cece97e3462@group-132BBF9CE083-StateMachineUpdater: snapshotIndex: updateIncreasingly -1 -> 0
2022-06-27 16:58:49,352 [ForkJoinPool.commonPool-worker-0] INFO  server.RaftServer$Division (ServerState.java:close(429)) - 2a67462a-e1ca-4efa-935f-4cece97e3462@group-132BBF9CE083: closes. applyIndex: 0
2022-06-27 16:58:49,352 [2a67462a-e1ca-4efa-935f-4cece97e3462@group-132BBF9CE083-SegmentedRaftLogWorker] INFO  segmented.SegmentedRaftLogWorker (SegmentedRaftLogWorker.java:run(336)) - 2a67462a-e1ca-4efa-935f-4cece97e3462@group-132BBF9CE083-SegmentedRaftLogWorker was interrupted, exiting. There are 0 tasks remaining in the queue.
2022-06-27 16:58:49,353 [ForkJoinPool.commonPool-worker-0] INFO  segmented.SegmentedRaftLogWorker (SegmentedRaftLogWorker.java:close(246)) - 2a67462a-e1ca-4efa-935f-4cece97e3462@group-132BBF9CE083-SegmentedRaftLogWorker close()
2022-06-27 16:58:49,353 [ForkJoinPool.commonPool-worker-0] INFO  server.GrpcService (GrpcService.java:closeImpl(269)) - 2a67462a-e1ca-4efa-935f-4cece97e3462: shutdown server with port 36103 now
2022-06-27 16:58:49,353 [ForkJoinPool.commonPool-worker-0] INFO  server.GrpcService (GrpcService.java:closeImpl(278)) - 2a67462a-e1ca-4efa-935f-4cece97e3462: shutdown server with port 36103 successfully
2022-06-27 16:58:49,353 [org.apache.ratis.util.JvmPauseMonitor$$Lambda$611/5070432@1cb7ff03] INFO  util.JvmPauseMonitor (JvmPauseMonitor.java:run(109)) - JvmPauseMonitor-2a67462a-e1ca-4efa-935f-4cece97e3462: Stopped
2022-06-27 16:58:51,459 [ForkJoinPool.commonPool-worker-0] INFO  utils.BackgroundService (BackgroundService.java:shutdown(132)) - Shutting down service BlockDeletingService
2022-06-27 16:58:54,489 [ForkJoinPool.commonPool-worker-0] INFO  statemachine.DatanodeStateMachine (DatanodeStateMachine.java:stopDaemon(580)) - Ozone container server stopped.
2022-06-27 16:58:54,585 [ForkJoinPool.commonPool-worker-0] INFO  handler.ContextHandler (ContextHandler.java:doStop(1153)) - Stopped o.e.j.w.WebAppContext@6548432d{hddsDatanode,/,null,STOPPED}{jar:file:/home/runner/.m2/repository/org/apache/ozone/hdds-container-service/1.3.0-SNAPSHOT/hdds-container-service-1.3.0-SNAPSHOT.jar!/webapps/hddsDatanode}
2022-06-27 16:58:54,593 [ForkJoinPool.commonPool-worker-0] INFO  server.AbstractConnector (AbstractConnector.java:doStop(381)) - Stopped ServerConnector@35cfc8c5{HTTP/1.1, (http/1.1)}{0.0.0.0:0}
2022-06-27 16:58:54,593 [ForkJoinPool.commonPool-worker-0] INFO  server.session (HouseKeeper.java:stopScavenging(149)) - node0 Stopped scavenging
2022-06-27 16:58:54,593 [ForkJoinPool.commonPool-worker-0] INFO  handler.ContextHandler (ContextHandler.java:doStop(1153)) - Stopped o.e.j.s.ServletContextHandler@42817f01{static,/static,jar:file:/home/runner/.m2/repository/org/apache/ozone/hdds-container-service/1.3.0-SNAPSHOT/hdds-container-service-1.3.0-SNAPSHOT.jar!/webapps/static,STOPPED}
2022-06-27 16:58:54,593 [ForkJoinPool.commonPool-worker-0] INFO  handler.ContextHandler (ContextHandler.java:doStop(1153)) - Stopped o.e.j.s.ServletContextHandler@38089df4{logs,/logs,file:///home/runner/work/ozone/ozone/hadoop-ozone/integration-test/target/log,STOPPED}
2022-06-27 16:58:54,601 [Listener at 127.0.0.1/40965] INFO  ozone.MiniOzoneClusterImpl (MiniOzoneClusterImpl.java:stopSCM(549)) - Stopping the StorageContainerManager
2022-06-27 16:58:54,601 [Listener at 127.0.0.1/40965] INFO  server.StorageContainerManager (StorageContainerManager.java:stop(1514)) - Container Balancer is not running.
2022-06-27 16:58:54,601 [Listener at 127.0.0.1/40965] INFO  server.StorageContainerManager (StorageContainerManager.java:stop(1521)) - Stopping Replication Manager Service.
2022-06-27 16:58:54,601 [Listener at 127.0.0.1/40965] INFO  replication.ReplicationManager (ReplicationManager.java:stop(208)) - Stopping Replication Monitor Thread.
2022-06-27 16:58:54,602 [Listener at 127.0.0.1/40965] INFO  server.StorageContainerManager (StorageContainerManager.java:stop(1528)) - Stopping the Datanode Admin Monitor.
2022-06-27 16:58:54,602 [Listener at 127.0.0.1/40965] INFO  server.StorageContainerManager (StorageContainerManager.java:stop(1535)) - Stopping Lease Manager of the command watchers
2022-06-27 16:58:54,602 [Listener at 127.0.0.1/40965] INFO  server.StorageContainerManager (StorageContainerManager.java:stop(1542)) - Stopping datanode service RPC server
2022-06-27 16:58:54,602 [Listener at 127.0.0.1/40965] INFO  server.SCMDatanodeProtocolServer (SCMDatanodeProtocolServer.java:stop(408)) - Stopping the RPC server for DataNodes
2022-06-27 16:58:54,602 [Listener at 127.0.0.1/40965] INFO  ipc.Server (Server.java:stop(3414)) - Stopping server on 45983
2022-06-27 16:58:54,602 [ReplicationMonitor] INFO  replication.ReplicationManager (ReplicationManager.java:run(318)) - Replication Monitor Thread is stopped
2022-06-27 16:58:54,604 [IPC Server listener on 0] INFO  ipc.Server (Server.java:run(1376)) - Stopping IPC Server listener on 0
2022-06-27 16:58:54,604 [IPC Server Responder] INFO  ipc.Server (Server.java:run(1512)) - Stopping IPC Server Responder
2022-06-27 16:58:54,629 [SCM Heartbeat Processing Thread - 0] WARN  node.NodeStateManager (NodeStateManager.java:scheduleNextHealthCheck(870)) - Current Thread is interrupted, shutting down HB processing thread for Node Manager.
2022-06-27 16:58:54,637 [Listener at 127.0.0.1/40965] INFO  server.StorageContainerManager (StorageContainerManager.java:stop(1550)) - Stopping block service RPC server
2022-06-27 16:58:54,637 [Listener at 127.0.0.1/40965] INFO  server.SCMBlockProtocolServer (SCMBlockProtocolServer.java:stop(160)) - Stopping the RPC server for Block Protocol
2022-06-27 16:58:54,637 [Listener at 127.0.0.1/40965] INFO  ipc.Server (Server.java:stop(3414)) - Stopping server on 36021
2022-06-27 16:58:54,653 [IPC Server listener on 0] INFO  ipc.Server (Server.java:run(1376)) - Stopping IPC Server listener on 0
2022-06-27 16:58:54,653 [Listener at 127.0.0.1/40965] INFO  server.StorageContainerManager (StorageContainerManager.java:stop(1557)) - Stopping the StorageContainerLocationProtocol RPC server
2022-06-27 16:58:54,653 [IPC Server Responder] INFO  ipc.Server (Server.java:run(1512)) - Stopping IPC Server Responder
2022-06-27 16:58:54,653 [Listener at 127.0.0.1/40965] INFO  server.SCMClientProtocolServer (SCMClientProtocolServer.java:stop(178)) - Stopping the RPC server for Client Protocol
2022-06-27 16:58:54,653 [Listener at 127.0.0.1/40965] INFO  ipc.Server (Server.java:stop(3414)) - Stopping server on 36489
2022-06-27 16:58:54,692 [Listener at 127.0.0.1/40965] INFO  server.StorageContainerManager (StorageContainerManager.java:stop(1564)) - Stopping Storage Container Manager HTTP server.
2022-06-27 16:58:54,693 [IPC Server listener on 0] INFO  ipc.Server (Server.java:run(1376)) - Stopping IPC Server listener on 0
2022-06-27 16:58:54,693 [IPC Server Responder] INFO  ipc.Server (Server.java:run(1512)) - Stopping IPC Server Responder
2022-06-27 16:58:54,736 [Listener at 127.0.0.1/40965] INFO  handler.ContextHandler (ContextHandler.java:doStop(1153)) - Stopped o.e.j.w.WebAppContext@3717d1d0{scm,/,null,STOPPED}{file:/home/runner/work/ozone/ozone/hadoop-ozone/integration-test/target/test-classes/webapps/scm}
2022-06-27 16:58:54,737 [Listener at 127.0.0.1/40965] INFO  server.AbstractConnector (AbstractConnector.java:doStop(381)) - Stopped ServerConnector@80aab1d{HTTP/1.1, (http/1.1)}{0.0.0.0:0}
2022-06-27 16:58:54,737 [Listener at 127.0.0.1/40965] INFO  server.session (HouseKeeper.java:stopScavenging(149)) - node0 Stopped scavenging
2022-06-27 16:58:54,737 [Listener at 127.0.0.1/40965] INFO  handler.ContextHandler (ContextHandler.java:doStop(1153)) - Stopped o.e.j.s.ServletContextHandler@39513f6d{static,/static,file:///home/runner/work/ozone/ozone/hadoop-ozone/integration-test/target/test-classes/webapps/static,STOPPED}
2022-06-27 16:58:54,737 [Listener at 127.0.0.1/40965] INFO  handler.ContextHandler (ContextHandler.java:doStop(1153)) - Stopped o.e.j.s.ServletContextHandler@568563f1{logs,/logs,file:///home/runner/work/ozone/ozone/hadoop-ozone/integration-test/target/log,STOPPED}
2022-06-27 16:58:54,741 [Listener at 127.0.0.1/40965] INFO  server.StorageContainerManager (StorageContainerManager.java:stop(1575)) - Stopping Block Manager Service.
2022-06-27 16:58:54,741 [Listener at 127.0.0.1/40965] INFO  utils.BackgroundService (BackgroundService.java:shutdown(132)) - Shutting down service SCMBlockDeletingService
2022-06-27 16:58:54,741 [Listener at 127.0.0.1/40965] INFO  utils.BackgroundService (BackgroundService.java:shutdown(132)) - Shutting down service SCMBlockDeletingService
2022-06-27 16:58:54,741 [Listener at 127.0.0.1/40965] INFO  server.StorageContainerManager (StorageContainerManager.java:stop(1602)) - Stopping SCM Event Queue.
2022-06-27 16:58:54,743 [Listener at 127.0.0.1/40965] INFO  server.StorageContainerManager (StorageContainerManager.java:stop(1613)) - Stopping SCM HA services.
2022-06-27 16:58:54,744 [Listener at 127.0.0.1/40965] INFO  pipeline.BackgroundPipelineCreator (BackgroundPipelineCreator.java:stop(152)) - Stopping RatisPipelineUtilsThread.
2022-06-27 16:58:54,746 [RatisPipelineUtilsThread - 0] WARN  pipeline.BackgroundPipelineCreator (BackgroundPipelineCreator.java:run(179)) - RatisPipelineUtilsThread is interrupted.
2022-06-27 16:58:54,746 [Listener at 127.0.0.1/40965] INFO  BackgroundPipelineScrubber (BackgroundSCMService.java:stop(126)) - Stopping BackgroundPipelineScrubber Service.
2022-06-27 16:58:54,746 [BackgroundPipelineScrubberThread] WARN  BackgroundPipelineScrubber (BackgroundSCMService.java:run(110)) - BackgroundPipelineScrubber is interrupted, exit
2022-06-27 16:58:54,746 [Listener at 127.0.0.1/40965] INFO  server.StorageContainerManager (StorageContainerManager.java:stop(1623)) - Stopping SCM MetadataStore.
2022-06-27 16:58:54,748 [Listener at 127.0.0.1/40965] INFO  impl.MetricsSystemImpl (MetricsSystemImpl.java:stop(210)) - Stopping HddsDatanode metrics system...
2022-06-27 16:58:54,770 [prometheus] INFO  impl.MetricsSinkAdapter (MetricsSinkAdapter.java:publishMetricsFromQueue(141)) - prometheus thread interrupted.
2022-06-27 16:58:54,770 [Listener at 127.0.0.1/40965] INFO  impl.MetricsSystemImpl (MetricsSystemImpl.java:stop(216)) - HddsDatanode metrics system stopped.
2022-06-27 16:58:55,044 [Listener at 127.0.0.1/40965] WARN  server.ServerUtils (ServerUtils.java:getScmDbDir(148)) - ozone.scm.db.dirs is not configured. We recommend adding this setting. Falling back to ozone.metadata.dirs instead.
2022-06-27 16:58:55,053 [Listener at 127.0.0.1/40965] WARN  server.ServerUtils (ServerUtils.java:getScmDbDir(148)) - ozone.scm.db.dirs is not configured. We recommend adding this setting. Falling back to ozone.metadata.dirs instead.
2022-06-27 16:58:55,054 [Listener at 127.0.0.1/40965] INFO  ha.SCMHANodeDetails (SCMHANodeDetails.java:loadSCMHAConfig(209)) - ServiceID for StorageContainerManager is null
2022-06-27 16:58:55,054 [Listener at 127.0.0.1/40965] INFO  ha.SCMHANodeDetails (SCMHANodeDetails.java:loadSCMHAConfig(214)) - ozone.scm.default.service.id is not defined, falling back to ozone.scm.service.ids to find serviceID for StorageContainerManager if it is HA enabled cluster
2022-06-27 16:58:55,054 [Listener at 127.0.0.1/40965] WARN  utils.HAUtils (HAUtils.java:getMetaDir(342)) - ozone.scm.db.dirs is not configured. We recommend adding this setting. Falling back to ozone.metadata.dirs instead.
2022-06-27 16:58:55,064 [Listener at 127.0.0.1/40965] WARN  db.DBStoreBuilder (DBStoreBuilder.java:applyDBDefinition(145)) - ozone.scm.db.dirs is not configured. We recommend adding this setting. Falling back to ozone.metadata.dirs instead.
2022-06-27 16:58:55,418 [Listener at 127.0.0.1/40965] INFO  net.NodeSchemaLoader (NodeSchemaLoader.java:loadSchemaFromFile(129)) - Loading schema from [jar:file:/home/runner/.m2/repository/org/apache/ozone/hdds-common/1.3.0-SNAPSHOT/hdds-common-1.3.0-SNAPSHOT.jar!/network-topology-default.xml]
2022-06-27 16:58:55,418 [Listener at 127.0.0.1/40965] INFO  net.NodeSchemaLoader (NodeSchemaLoader.java:loadSchema(176)) - Loading network topology layer schema file
2022-06-27 16:58:55,430 [Listener at 127.0.0.1/40965] INFO  upgrade.AbstractLayoutVersionManager (AbstractLayoutVersionManager.java:init(82)) - Initializing Layout version manager with metadata layout = DATANODE_SCHEMA_V3 (version = 4), software layout = DATANODE_SCHEMA_V3 (version = 4)
2022-06-27 16:58:55,659 [Listener at 127.0.0.1/40965] INFO  reflections.Reflections (Reflections.java:scan(232)) - Reflections took 228 ms to scan 7 urls, producing 131 keys and 316 values 
2022-06-27 16:58:55,691 [Listener at 127.0.0.1/40965] INFO  ha.SequenceIdGenerator (SequenceIdGenerator.java:upgradeToSequenceId(347)) - upgrade localId to 109611004723200000
2022-06-27 16:58:55,691 [Listener at 127.0.0.1/40965] INFO  ha.SequenceIdGenerator (SequenceIdGenerator.java:upgradeToSequenceId(357)) - upgrade delTxnId to 0
2022-06-27 16:58:55,692 [Listener at 127.0.0.1/40965] INFO  ha.SequenceIdGenerator (SequenceIdGenerator.java:upgradeToSequenceId(374)) - upgrade containerId to 0
2022-06-27 16:58:55,692 [Listener at 127.0.0.1/40965] INFO  ha.SequenceIdGenerator (SequenceIdGenerator.java:<init>(218)) - Init the HA SequenceIdGenerator.
2022-06-27 16:58:55,693 [Listener at 127.0.0.1/40965] WARN  server.ServerUtils (ServerUtils.java:sanitizeUserArgs(73)) - ozone.scm.stale.node.interval value = 300000 is larger than max = 100000 based on the key value of ozone.scm.heartbeat.thread.interval, reset to the max value 100000.
2022-06-27 16:58:55,693 [Listener at 127.0.0.1/40965] WARN  server.ServerUtils (ServerUtils.java:sanitizeUserArgs(73)) - ozone.scm.stale.node.interval value = 300000 is larger than max = 100000 based on the key value of ozone.scm.heartbeat.thread.interval, reset to the max value 100000.
2022-06-27 16:58:55,711 [Listener at 127.0.0.1/40965] INFO  node.SCMNodeManager (SCMNodeManager.java:<init>(149)) - Entering startup safe mode.
2022-06-27 16:58:55,712 [Listener at 127.0.0.1/40965] INFO  algorithms.ContainerPlacementPolicyFactory (ContainerPlacementPolicyFactory.java:getPolicyInternal(86)) - Create container placement policy of type org.apache.hadoop.hdds.scm.container.placement.algorithms.SCMContainerPlacementRandom
2022-06-27 16:58:55,712 [Listener at 127.0.0.1/40965] INFO  pipeline.PipelineStateManagerImpl (PipelineStateManagerImpl.java:initialize(78)) - No pipeline exists in current db
2022-06-27 16:58:55,712 [Listener at 127.0.0.1/40965] INFO  algorithms.LeaderChoosePolicyFactory (LeaderChoosePolicyFactory.java:getPolicy(57)) - Create leader choose policy of type org.apache.hadoop.hdds.scm.pipeline.leader.choose.algorithms.MinLeaderCountChoosePolicy
2022-06-27 16:58:55,712 [Listener at 127.0.0.1/40965] INFO  algorithms.ContainerPlacementPolicyFactory (ContainerPlacementPolicyFactory.java:getPolicyInternal(86)) - Create container placement policy of type org.apache.hadoop.hdds.scm.container.placement.algorithms.SCMContainerPlacementRackScatter
2022-06-27 16:58:55,712 [Listener at 127.0.0.1/40965] INFO  pipeline.BackgroundPipelineCreator (BackgroundPipelineCreator.java:start(127)) - Starting RatisPipelineUtilsThread.
2022-06-27 16:58:55,725 [Listener at 127.0.0.1/40965] INFO  BackgroundPipelineScrubber (BackgroundSCMService.java:start(68)) - Starting BackgroundPipelineScrubber Service.
2022-06-27 16:58:55,766 [Listener at 127.0.0.1/40965] INFO  ha.SCMServiceManager (SCMServiceManager.java:register(42)) - Registering service BackgroundPipelineCreator.
2022-06-27 16:58:55,766 [Listener at 127.0.0.1/40965] INFO  ha.SCMServiceManager (SCMServiceManager.java:register(42)) - Registering service BackgroundPipelineScrubber.
2022-06-27 16:58:55,766 [Listener at 127.0.0.1/40965] INFO  ExpiredContainerReplicaOpScrubber (BackgroundSCMService.java:start(68)) - Starting ExpiredContainerReplicaOpScrubber Service.
2022-06-27 16:58:55,782 [Listener at 127.0.0.1/40965] INFO  ha.SCMServiceManager (SCMServiceManager.java:register(42)) - Registering service ExpiredContainerReplicaOpScrubber.
2022-06-27 16:58:55,783 [Listener at 127.0.0.1/40965] INFO  algorithms.PipelineChoosePolicyFactory (PipelineChoosePolicyFactory.java:createPipelineChoosePolicyFromClass(73)) - Create pipeline choose policy of type org.apache.hadoop.hdds.scm.pipeline.choose.algorithms.RandomPipelineChoosePolicy
2022-06-27 16:58:55,783 [Listener at 127.0.0.1/40965] INFO  ha.SCMServiceManager (SCMServiceManager.java:register(42)) - Registering service SCMBlockDeletingService.
2022-06-27 16:58:55,783 [Listener at 127.0.0.1/40965] INFO  replication.ReplicationManager (ReplicationManager.java:start(175)) - Starting Replication Monitor Thread.
2022-06-27 16:58:55,793 [Listener at 127.0.0.1/40965] INFO  ha.SCMServiceManager (SCMServiceManager.java:register(42)) - Registering service ReplicationManager.
2022-06-27 16:58:55,793 [Listener at 127.0.0.1/40965] INFO  safemode.ContainerSafeModeRule (ContainerSafeModeRule.java:<init>(89)) - containers with one replica threshold count 0
2022-06-27 16:58:55,793 [Listener at 127.0.0.1/40965] INFO  safemode.HealthyPipelineSafeModeRule (HealthyPipelineSafeModeRule.java:initializeRule(156)) - Total pipeline count is 0, healthy pipeline threshold count is 1
2022-06-27 16:58:55,794 [Listener at 127.0.0.1/40965] INFO  safemode.OneReplicaPipelineSafeModeRule (OneReplicaPipelineSafeModeRule.java:initializeRule(180)) - Total pipeline count is 0, pipeline's with at least one datanode reported threshold count is 0
2022-06-27 16:58:55,801 [Listener at 127.0.0.1/40965] INFO  ipc.CallQueueManager (CallQueueManager.java:<init>(90)) - Using callQueue: class java.util.concurrent.LinkedBlockingQueue, queueCapacity: 2000, scheduler: class org.apache.hadoop.ipc.DefaultRpcScheduler, ipcBackoff: false.
2022-06-27 16:58:55,802 [Socket Reader #1 for port 0] INFO  ipc.Server (Server.java:run(1265)) - Starting Socket Reader #1 for port 0
2022-06-27 16:58:55,803 [Listener at 0.0.0.0/45009] INFO  ipc.CallQueueManager (CallQueueManager.java:<init>(90)) - Using callQueue: class java.util.concurrent.LinkedBlockingQueue, queueCapacity: 2000, scheduler: class org.apache.hadoop.ipc.DefaultRpcScheduler, ipcBackoff: false.
2022-06-27 16:58:55,804 [Socket Reader #1 for port 0] INFO  ipc.Server (Server.java:run(1265)) - Starting Socket Reader #1 for port 0
2022-06-27 16:58:55,804 [Listener at 0.0.0.0/38835] INFO  ipc.CallQueueManager (CallQueueManager.java:<init>(90)) - Using callQueue: class java.util.concurrent.LinkedBlockingQueue, queueCapacity: 2000, scheduler: class org.apache.hadoop.ipc.DefaultRpcScheduler, ipcBackoff: false.
2022-06-27 16:58:55,805 [Socket Reader #1 for port 0] INFO  ipc.Server (Server.java:run(1265)) - Starting Socket Reader #1 for port 0
2022-06-27 16:58:55,813 [ReplicationMonitor] INFO  replication.ReplicationManager (ReplicationManager.java:processAll(224)) - Replication Manager is not ready to run until 3000ms after safemode exit
2022-06-27 16:58:55,922 [Listener at 0.0.0.0/34947] INFO  ha.SCMServiceManager (SCMServiceManager.java:register(42)) - Registering service ContainerBalancer.
2022-06-27 16:58:55,922 [Listener at 0.0.0.0/34947] INFO  server.StorageContainerManager (StorageContainerManager.java:<init>(401)) - 
Container Balancer status:
Key                            Value
Running                        false
Container Balancer Configuration values:
Key                                                Value
Threshold                                          10
Max Datanodes to Involve per Iteration(percent)    20
Max Size to Move per Iteration                     500GB
Max Size Entering Target per Iteration             26GB
Max Size Leaving Source per Iteration              26GB

2022-06-27 16:58:55,922 [Listener at 0.0.0.0/34947] WARN  events.EventQueue (EventQueue.java:fireEvent(216)) - No event handler registered for event TypedEvent{payloadType=SafeModeStatus, name='Safe mode status'}
2022-06-27 16:58:55,922 [Listener at 0.0.0.0/34947] INFO  ha.SCMContext (SCMContext.java:updateSafeModeStatus(228)) - Update SafeModeStatus from SafeModeStatus{safeModeStatus=true, preCheckPassed=false} to SafeModeStatus{safeModeStatus=true, preCheckPassed=false}.
2022-06-27 16:58:55,922 [Listener at 0.0.0.0/34947] INFO  server.StorageContainerManager (StorageContainerManager.java:start(1422)) - StorageContainerLocationProtocol RPC server is listening at /0.0.0.0:34947
2022-06-27 16:58:55,923 [Listener at 0.0.0.0/34947] WARN  impl.MetricsConfig (MetricsConfig.java:loadFirst(136)) - Cannot locate configuration: tried hadoop-metrics2-storagecontainermanager.properties,hadoop-metrics2.properties
2022-06-27 16:58:55,976 [Listener at 0.0.0.0/34947] INFO  impl.MetricsSystemImpl (MetricsSystemImpl.java:startTimer(378)) - Scheduled Metric snapshot period at 10 second(s).
2022-06-27 16:58:55,976 [Listener at 0.0.0.0/34947] INFO  impl.MetricsSystemImpl (MetricsSystemImpl.java:start(191)) - StorageContainerManager metrics system started
2022-06-27 16:58:56,010 [Listener at 0.0.0.0/34947] INFO  impl.MetricsSinkAdapter (MetricsSinkAdapter.java:start(204)) - Sink prometheus started
2022-06-27 16:58:56,010 [Listener at 0.0.0.0/34947] INFO  impl.MetricsSystemImpl (MetricsSystemImpl.java:registerSink(305)) - Registered sink prometheus
2022-06-27 16:58:56,205 [Listener at 0.0.0.0/34947] INFO  server.SCMClientProtocolServer (SCMClientProtocolServer.java:start(169)) - RPC server for Client  is listening at /0.0.0.0:34947
2022-06-27 16:58:56,205 [IPC Server Responder] INFO  ipc.Server (Server.java:run(1507)) - IPC Server Responder: starting
2022-06-27 16:58:56,206 [IPC Server listener on 0] INFO  ipc.Server (Server.java:run(1344)) - IPC Server listener on 0: starting
2022-06-27 16:58:56,223 [Listener at 0.0.0.0/34947] INFO  server.StorageContainerManager (StorageContainerManager.java:start(1437)) - ScmBlockLocationProtocol RPC server is listening at /0.0.0.0:38835
2022-06-27 16:58:56,224 [Listener at 0.0.0.0/34947] INFO  server.SCMBlockProtocolServer (SCMBlockProtocolServer.java:start(151)) - RPC server for Block Protocol is listening at /0.0.0.0:38835
2022-06-27 16:58:56,224 [IPC Server Responder] INFO  ipc.Server (Server.java:run(1507)) - IPC Server Responder: starting
2022-06-27 16:58:56,224 [IPC Server listener on 0] INFO  ipc.Server (Server.java:run(1344)) - IPC Server listener on 0: starting
2022-06-27 16:58:56,225 [Listener at 0.0.0.0/34947] INFO  server.SCMDatanodeProtocolServer (SCMDatanodeProtocolServer.java:start(185)) - ScmDatanodeProtocol RPC server for DataNodes is listening at /0.0.0.0:45009
2022-06-27 16:58:56,226 [IPC Server Responder] INFO  ipc.Server (Server.java:run(1507)) - IPC Server Responder: starting
2022-06-27 16:58:56,227 [IPC Server listener on 0] INFO  ipc.Server (Server.java:run(1344)) - IPC Server listener on 0: starting
2022-06-27 16:58:56,303 [Listener at 0.0.0.0/34947] INFO  http.BaseHttpServer (BaseHttpServer.java:newHttpServer2BuilderForOzone(209)) - Starting Web-server for scm at: http://0.0.0.0:0
2022-06-27 16:58:56,303 [Listener at 0.0.0.0/34947] INFO  http.BaseHttpServer (BaseHttpServer.java:<init>(107)) - Hadoop Security Enabled: false Ozone Security Enabled: false Ozone HTTP Security Enabled: false 
2022-06-27 16:58:56,304 [Listener at 0.0.0.0/34947] INFO  server.AuthenticationFilter (AuthenticationFilter.java:constructSecretProvider(240)) - Unable to initialize FileSignerSecretProvider, falling back to use random secrets.
2022-06-27 16:58:56,327 [Listener at 0.0.0.0/34947] WARN  http.HttpRequestLog (HttpRequestLog.java:getRequestLog(103)) - Jetty request log can only be enabled using Log4j
2022-06-27 16:58:56,328 [Listener at 0.0.0.0/34947] INFO  http.HttpServer2 (HttpServer2.java:addGlobalFilter(1029)) - Added global filter 'safety' (class=org.apache.hadoop.hdds.server.http.HttpServer2$QuotingInputFilter)
2022-06-27 16:58:56,329 [Listener at 0.0.0.0/34947] INFO  http.HttpServer2 (HttpServer2.java:addFilter(1005)) - Added filter static_user_filter (class=org.apache.hadoop.http.lib.StaticUserWebFilter$StaticUserFilter) to context scm
2022-06-27 16:58:56,329 [Listener at 0.0.0.0/34947] INFO  http.HttpServer2 (HttpServer2.java:addFilter(1013)) - Added filter static_user_filter (class=org.apache.hadoop.http.lib.StaticUserWebFilter$StaticUserFilter) to context logs
2022-06-27 16:58:56,329 [Listener at 0.0.0.0/34947] INFO  http.HttpServer2 (HttpServer2.java:addFilter(1013)) - Added filter static_user_filter (class=org.apache.hadoop.http.lib.StaticUserWebFilter$StaticUserFilter) to context static
2022-06-27 16:58:56,329 [Listener at 0.0.0.0/34947] INFO  http.HttpServer2 (HttpServer2.java:bindListener(1248)) - Jetty bound to port 34421
2022-06-27 16:58:56,329 [Listener at 0.0.0.0/34947] INFO  server.Server (Server.java:doStart(375)) - jetty-9.4.43.v20210629; built: 2021-06-30T11:07:22.254Z; git: 526006ecfa3af7f1a27ef3a288e2bef7ea9dd7e8; jvm 1.8.0_332-b09
2022-06-27 16:58:56,332 [org.apache.hadoop.util.JvmPauseMonitor$Monitor@5d715be1] INFO  util.JvmPauseMonitor (JvmPauseMonitor.java:run(188)) - Starting JVM pause monitor
2022-06-27 16:58:56,362 [Listener at 0.0.0.0/34947] INFO  server.session (DefaultSessionIdManager.java:doStart(334)) - DefaultSessionIdManager workerName=node0
2022-06-27 16:58:56,362 [Listener at 0.0.0.0/34947] INFO  server.session (DefaultSessionIdManager.java:doStart(339)) - No SessionScavenger set, using defaults
2022-06-27 16:58:56,362 [Listener at 0.0.0.0/34947] INFO  server.session (HouseKeeper.java:startScavenging(132)) - node0 Scavenging every 660000ms
2022-06-27 16:58:56,363 [Listener at 0.0.0.0/34947] INFO  handler.ContextHandler (ContextHandler.java:doStart(915)) - Started o.e.j.s.ServletContextHandler@6a475493{logs,/logs,file:///home/runner/work/ozone/ozone/hadoop-ozone/integration-test/target/log,AVAILABLE}
2022-06-27 16:58:56,363 [Listener at 0.0.0.0/34947] INFO  handler.ContextHandler (ContextHandler.java:doStart(915)) - Started o.e.j.s.ServletContextHandler@4f85ed62{static,/static,file:///home/runner/work/ozone/ozone/hadoop-ozone/integration-test/target/test-classes/webapps/static,AVAILABLE}
2022-06-27 16:58:56,366 [Listener at 0.0.0.0/34947] INFO  handler.ContextHandler (ContextHandler.java:doStart(915)) - Started o.e.j.w.WebAppContext@661b5520{scm,/,file:///home/runner/work/ozone/ozone/hadoop-ozone/integration-test/target/test-classes/webapps/scm/,AVAILABLE}{file:/home/runner/work/ozone/ozone/hadoop-ozone/integration-test/target/test-classes/webapps/scm}
2022-06-27 16:58:56,370 [Listener at 0.0.0.0/34947] INFO  server.AbstractConnector (AbstractConnector.java:doStart(331)) - Started ServerConnector@18f054ff{HTTP/1.1, (http/1.1)}{0.0.0.0:34421}
2022-06-27 16:58:56,370 [Listener at 0.0.0.0/34947] INFO  server.Server (Server.java:doStart(415)) - Started @293264ms
2022-06-27 16:58:56,370 [Listener at 0.0.0.0/34947] WARN  impl.MetricsSystemImpl (MetricsSystemImpl.java:register(279)) - Sink prometheus already exists!
2022-06-27 16:58:56,371 [Listener at 0.0.0.0/34947] INFO  http.BaseHttpServer (BaseHttpServer.java:updateConnectorAddress(329)) - HTTP server of scm listening at http://0.0.0.0:34421
2022-06-27 16:58:56,371 [Listener at 0.0.0.0/34947] WARN  server.ServerUtils (ServerUtils.java:getDBPath(225)) - ozone.om.db.dirs is not configured. We recommend adding this setting. Falling back to ozone.metadata.dirs instead.
2022-06-27 16:58:56,372 [Listener at 0.0.0.0/34947] INFO  ha.OMHANodeDetails (OMHANodeDetails.java:loadOMHAConfig(115)) - ozone.om.internal.service.id is not defined, falling back to ozone.om.service.ids to find serviceID for OzoneManager if it is HA enabled cluster
2022-06-27 16:58:56,372 [Listener at 0.0.0.0/34947] INFO  ha.OMHANodeDetails (OMHANodeDetails.java:loadOMHAConfig(226)) - Configuration does not have ozone.om.address set. Falling back to the default OM address /127.0.0.1:0
2022-06-27 16:58:56,372 [Listener at 0.0.0.0/34947] INFO  ha.OMHANodeDetails (OMHANodeDetails.java:getOMNodeDetailsForNonHA(254)) - OM Service ID is not set. Setting it to the default ID: omServiceIdDefault
2022-06-27 16:58:56,372 [Listener at 0.0.0.0/34947] INFO  ha.OMHANodeDetails (OMHANodeDetails.java:getOMNodeDetailsForNonHA(261)) - OM Node ID is not set. Setting it to the default ID: om1
2022-06-27 16:58:56,373 [Listener at 0.0.0.0/34947] WARN  server.ServerUtils (ServerUtils.java:getDBPath(225)) - ozone.om.db.dirs is not configured. We recommend adding this setting. Falling back to ozone.metadata.dirs instead.
2022-06-27 16:58:56,373 [Listener at 0.0.0.0/34947] INFO  upgrade.AbstractLayoutVersionManager (AbstractLayoutVersionManager.java:init(82)) - Initializing Layout version manager with metadata layout = MULTITENANCY_SCHEMA (version = 3), software layout = MULTITENANCY_SCHEMA (version = 3)
2022-06-27 16:58:56,760 [Listener at 0.0.0.0/34947] INFO  reflections.Reflections (Reflections.java:scan(232)) - Reflections took 386 ms to scan 2 urls, producing 152 keys and 429 values [using 2 cores]
2022-06-27 16:58:56,760 [Listener at 0.0.0.0/34947] INFO  upgrade.OMLayoutVersionManager (OMLayoutVersionManager.java:lambda$0(115)) - Skipping Upgrade Action MockOmUpgradeAction since it has been finalized.
2022-06-27 16:58:56,760 [Listener at 0.0.0.0/34947] WARN  server.ServerUtils (ServerUtils.java:getDBPath(225)) - ozone.om.db.dirs is not configured. We recommend adding this setting. Falling back to ozone.metadata.dirs instead.
2022-06-27 16:58:56,761 [Listener at 0.0.0.0/34947] INFO  proxy.SCMBlockLocationFailoverProxyProvider (SCMBlockLocationFailoverProxyProvider.java:<init>(114)) - Created block location fail-over proxy with 1 nodes: [nodeId=scmNodeId,nodeAddress=/0.0.0.0:38835]
2022-06-27 16:58:56,765 [Listener at 0.0.0.0/34947] INFO  proxy.SCMBlockLocationFailoverProxyProvider (SCMBlockLocationFailoverProxyProvider.java:<init>(114)) - Created block location fail-over proxy with 1 nodes: [nodeId=scmNodeId,nodeAddress=/0.0.0.0:38835]
2022-06-27 16:58:56,791 [Listener at 0.0.0.0/34947] WARN  server.ServerUtils (ServerUtils.java:getDBPath(225)) - ozone.om.db.dirs is not configured. We recommend adding this setting. Falling back to ozone.metadata.dirs instead.
2022-06-27 16:58:56,791 [Listener at 0.0.0.0/34947] INFO  codec.OmKeyInfoCodec (OmKeyInfoCodec.java:<init>(49)) - OmKeyInfoCodec ignorePipeline = true
2022-06-27 16:58:56,792 [Listener at 0.0.0.0/34947] INFO  codec.RepeatedOmKeyInfoCodec (RepeatedOmKeyInfoCodec.java:<init>(41)) - RepeatedOmKeyInfoCodec ignorePipeline = true
2022-06-27 16:58:57,515 [Listener at 0.0.0.0/34947] INFO  om.OzoneManager (OzoneManager.java:instantiateServices(692)) - S3 Multi-Tenancy is disabled
2022-06-27 16:58:57,516 [Listener at 0.0.0.0/34947] INFO  om.OzoneManager (OzoneManager.java:addS3GVolumeToDB(4259)) - Created Volume s3v With Owner runner required for S3Gateway operations.
2022-06-27 16:58:57,517 [Listener at 0.0.0.0/34947] INFO  om.OzoneManager (OzoneManager.java:getRpcServer(1081)) - Creating RPC Server
2022-06-27 16:58:58,722 [Listener at 0.0.0.0/34947] INFO  reflections.Reflections (Reflections.java:scan(232)) - Reflections took 1168 ms to scan 19 urls, producing 66 keys and 4075 values [using 2 cores]
2022-06-27 16:58:58,723 [Listener at 0.0.0.0/34947] INFO  ipc.CallQueueManager (CallQueueManager.java:<init>(90)) - Using callQueue: class java.util.concurrent.LinkedBlockingQueue, queueCapacity: 2000, scheduler: class org.apache.hadoop.ipc.DefaultRpcScheduler, ipcBackoff: false.
2022-06-27 16:58:58,734 [Socket Reader #1 for port 0] INFO  ipc.Server (Server.java:run(1265)) - Starting Socket Reader #1 for port 0
2022-06-27 16:58:58,857 [Listener at 127.0.0.1/35065] INFO  impl.MetricsSystemImpl (MetricsSystemImpl.java:init(158)) - OzoneManager metrics system started (again)
2022-06-27 16:58:58,901 [Listener at 127.0.0.1/35065] INFO  om.OzoneManager (OzoneManager.java:start(1465)) - OzoneManager RPC server is listening at localhost/127.0.0.1:35065
2022-06-27 16:58:58,901 [Listener at 127.0.0.1/35065] INFO  om.OzoneManager (OzoneManager.java:start(1481)) - Version File has different layout version (3) than OM DB (null). That is expected if this OM has never been finalized to a newer layout version.
2022-06-27 16:58:58,930 [Listener at 127.0.0.1/35065] INFO  http.BaseHttpServer (BaseHttpServer.java:newHttpServer2BuilderForOzone(209)) - Starting Web-server for ozoneManager at: http://0.0.0.0:0
2022-06-27 16:58:58,930 [Listener at 127.0.0.1/35065] INFO  http.BaseHttpServer (BaseHttpServer.java:<init>(107)) - Hadoop Security Enabled: false Ozone Security Enabled: false Ozone HTTP Security Enabled: false 
2022-06-27 16:58:58,931 [Listener at 127.0.0.1/35065] INFO  server.AuthenticationFilter (AuthenticationFilter.java:constructSecretProvider(240)) - Unable to initialize FileSignerSecretProvider, falling back to use random secrets.
2022-06-27 16:58:58,939 [Listener at 127.0.0.1/35065] WARN  http.HttpRequestLog (HttpRequestLog.java:getRequestLog(103)) - Jetty request log can only be enabled using Log4j
2022-06-27 16:58:58,940 [Listener at 127.0.0.1/35065] INFO  http.HttpServer2 (HttpServer2.java:addGlobalFilter(1029)) - Added global filter 'safety' (class=org.apache.hadoop.hdds.server.http.HttpServer2$QuotingInputFilter)
2022-06-27 16:58:58,940 [Listener at 127.0.0.1/35065] INFO  http.HttpServer2 (HttpServer2.java:addFilter(1005)) - Added filter static_user_filter (class=org.apache.hadoop.http.lib.StaticUserWebFilter$StaticUserFilter) to context ozoneManager
2022-06-27 16:58:58,941 [Listener at 127.0.0.1/35065] INFO  http.HttpServer2 (HttpServer2.java:addFilter(1013)) - Added filter static_user_filter (class=org.apache.hadoop.http.lib.StaticUserWebFilter$StaticUserFilter) to context static
2022-06-27 16:58:58,941 [Listener at 127.0.0.1/35065] INFO  http.HttpServer2 (HttpServer2.java:addFilter(1013)) - Added filter static_user_filter (class=org.apache.hadoop.http.lib.StaticUserWebFilter$StaticUserFilter) to context logs
2022-06-27 16:58:58,941 [Listener at 127.0.0.1/35065] INFO  http.HttpServer2 (HttpServer2.java:bindListener(1248)) - Jetty bound to port 34595
2022-06-27 16:58:58,941 [Listener at 127.0.0.1/35065] INFO  server.Server (Server.java:doStart(375)) - jetty-9.4.43.v20210629; built: 2021-06-30T11:07:22.254Z; git: 526006ecfa3af7f1a27ef3a288e2bef7ea9dd7e8; jvm 1.8.0_332-b09
2022-06-27 16:58:59,089 [Listener at 127.0.0.1/35065] INFO  server.session (DefaultSessionIdManager.java:doStart(334)) - DefaultSessionIdManager workerName=node0
2022-06-27 16:58:59,089 [Listener at 127.0.0.1/35065] INFO  server.session (DefaultSessionIdManager.java:doStart(339)) - No SessionScavenger set, using defaults
2022-06-27 16:58:59,089 [Listener at 127.0.0.1/35065] INFO  server.session (HouseKeeper.java:startScavenging(132)) - node0 Scavenging every 600000ms
2022-06-27 16:58:59,145 [Listener at 127.0.0.1/35065] INFO  handler.ContextHandler (ContextHandler.java:doStart(915)) - Started o.e.j.s.ServletContextHandler@7eaa4f2d{logs,/logs,file:///home/runner/work/ozone/ozone/hadoop-ozone/integration-test/target/log,AVAILABLE}
2022-06-27 16:58:59,145 [Listener at 127.0.0.1/35065] INFO  handler.ContextHandler (ContextHandler.java:doStart(915)) - Started o.e.j.s.ServletContextHandler@2e508452{static,/static,file:///home/runner/work/ozone/ozone/hadoop-ozone/integration-test/target/test-classes/webapps/static,AVAILABLE}
2022-06-27 16:58:59,200 [Listener at 127.0.0.1/35065] INFO  handler.ContextHandler (ContextHandler.java:doStart(915)) - Started o.e.j.w.WebAppContext@2ad24194{ozoneManager,/,file:///home/runner/work/ozone/ozone/hadoop-ozone/integration-test/target/test-classes/webapps/ozoneManager/,AVAILABLE}{file:/home/runner/work/ozone/ozone/hadoop-ozone/integration-test/target/test-classes/webapps/ozoneManager}
2022-06-27 16:58:59,202 [Listener at 127.0.0.1/35065] INFO  server.AbstractConnector (AbstractConnector.java:doStart(331)) - Started ServerConnector@324bd8b6{HTTP/1.1, (http/1.1)}{0.0.0.0:34595}
2022-06-27 16:58:59,202 [Listener at 127.0.0.1/35065] INFO  server.Server (Server.java:doStart(415)) - Started @296096ms
2022-06-27 16:58:59,202 [Listener at 127.0.0.1/35065] WARN  impl.MetricsSystemImpl (MetricsSystemImpl.java:register(279)) - Sink prometheus already exists!
2022-06-27 16:58:59,209 [Listener at 127.0.0.1/35065] INFO  http.BaseHttpServer (BaseHttpServer.java:updateConnectorAddress(329)) - HTTP server of ozoneManager listening at http://0.0.0.0:34595
2022-06-27 16:58:59,222 [IPC Server Responder] INFO  ipc.Server (Server.java:run(1507)) - IPC Server Responder: starting
2022-06-27 16:58:59,224 [IPC Server listener on 0] INFO  ipc.Server (Server.java:run(1344)) - IPC Server listener on 0: starting
2022-06-27 16:58:59,254 [Listener at 127.0.0.1/35065] INFO  om.TrashPolicyOzone (TrashPolicyOzone.java:<init>(178)) - Ozone Manager trash configuration: Deletion interval = 0 minutes, Emptier interval = 0 minutes.
2022-06-27 16:58:59,309 [org.apache.hadoop.util.JvmPauseMonitor$Monitor@1ed7bed0] INFO  util.JvmPauseMonitor (JvmPauseMonitor.java:run(188)) - Starting JVM pause monitor
2022-06-27 16:58:59,363 [Listener at 127.0.0.1/35065] INFO  impl.MetricsSystemImpl (MetricsSystemImpl.java:init(158)) - HddsDatanode metrics system started (again)
2022-06-27 16:58:59,377 [Listener at 127.0.0.1/35065] INFO  ozone.HddsDatanodeService (HddsDatanodeService.java:start(236)) - HddsDatanodeService host:fv-az215-30.fk02tkdpp51uda4i120yanydqb.bx.internal.cloudapp.net ip:10.1.0.22
2022-06-27 16:58:59,470 [Listener at 127.0.0.1/35065] INFO  upgrade.AbstractLayoutVersionManager (AbstractLayoutVersionManager.java:init(82)) - Initializing Layout version manager with metadata layout = DATANODE_SCHEMA_V3 (version = 4), software layout = DATANODE_SCHEMA_V3 (version = 4)
2022-06-27 16:58:59,581 [Listener at 127.0.0.1/35065] INFO  reflections.Reflections (Reflections.java:scan(232)) - Reflections took 109 ms to scan 7 urls, producing 131 keys and 316 values 
2022-06-27 16:58:59,582 [Listener at 127.0.0.1/35065] INFO  statemachine.DatanodeStateMachine (DatanodeStateMachine.java:getEndPointTaskThreadPoolSize(237)) - Datanode State Machine Task Thread Pool size 2
2022-06-27 16:58:59,592 [Listener at 127.0.0.1/35065] INFO  volume.HddsVolume (HddsVolume.java:<init>(116)) - Creating HddsVolume: /home/runner/work/ozone/ozone/hadoop-ozone/integration-test/target/test-dir/MiniOzoneClusterImpl-9da5c95b-489f-4ace-b65d-e0c796cc3c87/datanode-0/data-0/containers/hdds of storage type : DISK capacity : 9223372036854775807
2022-06-27 16:58:59,592 [Listener at 127.0.0.1/35065] INFO  volume.MutableVolumeSet (MutableVolumeSet.java:initializeVolumeSet(174)) - Added Volume : /home/runner/work/ozone/ozone/hadoop-ozone/integration-test/target/test-dir/MiniOzoneClusterImpl-9da5c95b-489f-4ace-b65d-e0c796cc3c87/datanode-0/data-0/containers/hdds to VolumeSet
2022-06-27 16:58:59,593 [Listener at 127.0.0.1/35065] INFO  volume.ThrottledAsyncChecker (ThrottledAsyncChecker.java:schedule(141)) - Scheduling a check for /home/runner/work/ozone/ozone/hadoop-ozone/integration-test/target/test-dir/MiniOzoneClusterImpl-9da5c95b-489f-4ace-b65d-e0c796cc3c87/datanode-0/data-0/containers/hdds
2022-06-27 16:58:59,602 [Listener at 127.0.0.1/35065] INFO  volume.StorageVolumeChecker (StorageVolumeChecker.java:checkAllVolumes(202)) - Scheduled health check for volume /home/runner/work/ozone/ozone/hadoop-ozone/integration-test/target/test-dir/MiniOzoneClusterImpl-9da5c95b-489f-4ace-b65d-e0c796cc3c87/datanode-0/data-0/containers/hdds
2022-06-27 16:58:59,641 [Listener at 127.0.0.1/35065] INFO  volume.MutableVolumeSet (MutableVolumeSet.java:initializeVolumeSet(174)) - Added Volume : /home/runner/work/ozone/ozone/hadoop-ozone/integration-test/target/test-dir/MiniOzoneClusterImpl-9da5c95b-489f-4ace-b65d-e0c796cc3c87/datanode-0/data/ratis to VolumeSet
2022-06-27 16:58:59,641 [Listener at 127.0.0.1/35065] INFO  volume.ThrottledAsyncChecker (ThrottledAsyncChecker.java:schedule(141)) - Scheduling a check for /home/runner/work/ozone/ozone/hadoop-ozone/integration-test/target/test-dir/MiniOzoneClusterImpl-9da5c95b-489f-4ace-b65d-e0c796cc3c87/datanode-0/data/ratis
2022-06-27 16:58:59,642 [Listener at 127.0.0.1/35065] INFO  volume.StorageVolumeChecker (StorageVolumeChecker.java:checkAllVolumes(202)) - Scheduled health check for volume /home/runner/work/ozone/ozone/hadoop-ozone/integration-test/target/test-dir/MiniOzoneClusterImpl-9da5c95b-489f-4ace-b65d-e0c796cc3c87/datanode-0/data/ratis
2022-06-27 16:58:59,664 [Thread-2167] INFO  ozoneimpl.ContainerReader (ContainerReader.java:readVolume(172)) - Finish verifying containers on volume /home/runner/work/ozone/ozone/hadoop-ozone/integration-test/target/test-dir/MiniOzoneClusterImpl-9da5c95b-489f-4ace-b65d-e0c796cc3c87/datanode-0/data-0/containers/hdds
2022-06-27 16:58:59,664 [Listener at 127.0.0.1/35065] INFO  ozoneimpl.OzoneContainer (OzoneContainer.java:buildContainerSet(266)) - Build ContainerSet costs 0s
2022-06-27 16:58:59,665 [Listener at 127.0.0.1/35065] INFO  server.RaftServer (ConfUtils.java:logGet(46)) - raft.rpc.type = GRPC (default)
2022-06-27 16:58:59,666 [Listener at 127.0.0.1/35065] INFO  grpc.GrpcFactory (GrpcFactory.java:checkPooledByteBufAllocatorUseCacheForAllThreads(48)) - PERFORMANCE WARNING: useCacheForAllThreads is true that may cause Netty to create a lot garbage objects and, as a result, trigger GC.
	It is recommended to disable useCacheForAllThreads by setting -Dorg.apache.ratis.thirdparty.io.netty.allocator.useCacheForAllThreads=false in command line.
2022-06-27 16:58:59,666 [Listener at 127.0.0.1/35065] INFO  grpc.GrpcConfigKeys (ConfUtils.java:logGet(46)) - raft.grpc.admin.port = 0 (custom)
2022-06-27 16:58:59,666 [Listener at 127.0.0.1/35065] INFO  grpc.GrpcConfigKeys (ConfUtils.java:logGet(46)) - raft.grpc.client.port = 0 (custom)
2022-06-27 16:58:59,666 [Listener at 127.0.0.1/35065] INFO  grpc.GrpcConfigKeys (ConfUtils.java:logGet(46)) - raft.grpc.server.port = 0 (default)
2022-06-27 16:58:59,666 [Listener at 127.0.0.1/35065] INFO  server.GrpcService (ConfUtils.java:logGet(46)) - raft.grpc.message.size.max = 32MB (=33554432) (custom)
2022-06-27 16:58:59,666 [Listener at 127.0.0.1/35065] INFO  server.RaftServerConfigKeys (ConfUtils.java:logGet(46)) - raft.server.log.appender.buffer.byte-limit = 33554432 (custom)
2022-06-27 16:58:59,666 [Listener at 127.0.0.1/35065] INFO  server.GrpcService (ConfUtils.java:logGet(46)) - raft.grpc.flow.control.window = 5MB (=5242880) (custom)
2022-06-27 16:58:59,666 [Listener at 127.0.0.1/35065] INFO  server.RaftServerConfigKeys (ConfUtils.java:logGet(46)) - raft.server.rpc.request.timeout = 60s (custom)
2022-06-27 16:58:59,666 [Listener at 127.0.0.1/35065] INFO  grpc.GrpcConfigKeys (ConfUtils.java:logGet(46)) - raft.grpc.server.async.request.thread.pool.cached = true (default)
2022-06-27 16:58:59,666 [Listener at 127.0.0.1/35065] INFO  grpc.GrpcConfigKeys (ConfUtils.java:logGet(46)) - raft.grpc.server.async.request.thread.pool.size = 32 (default)
2022-06-27 16:58:59,667 [Listener at 127.0.0.1/35065] INFO  impl.DataStreamServerImpl (ConfUtils.java:logGet(46)) - raft.datastream.type = DISABLED (default)
2022-06-27 16:58:59,668 [Listener at 127.0.0.1/35065] INFO  server.RaftServerConfigKeys (ConfUtils.java:logGet(46)) - raft.server.threadpool.proxy.cached = true (default)
2022-06-27 16:58:59,668 [Listener at 127.0.0.1/35065] INFO  server.RaftServerConfigKeys (ConfUtils.java:logGet(46)) - raft.server.threadpool.proxy.size = 0 (default)
2022-06-27 16:58:59,668 [Listener at 127.0.0.1/35065] INFO  server.RaftServerConfigKeys (ConfUtils.java:logGet(46)) - raft.server.rpc.slowness.timeout = 300s (custom)
2022-06-27 16:58:59,668 [Listener at 127.0.0.1/35065] INFO  server.RaftServerConfigKeys (ConfUtils.java:logGet(46)) - raft.server.leaderelection.leader.step-down.wait-time = 10s (default)
2022-06-27 16:58:59,668 [Listener at 127.0.0.1/35065] INFO  server.RaftServerConfigKeys (ConfUtils.java:logGet(46)) - raft.server.storage.dir = [/home/runner/work/ozone/ozone/hadoop-ozone/integration-test/target/test-dir/MiniOzoneClusterImpl-9da5c95b-489f-4ace-b65d-e0c796cc3c87/datanode-0/data/ratis] (custom)
2022-06-27 16:58:59,674 [Listener at 127.0.0.1/35065] INFO  server.XceiverServerGrpc (XceiverServerGrpc.java:<init>(132)) - GrpcServer channel type EpollServerSocketChannel
2022-06-27 16:58:59,690 [Listener at 127.0.0.1/35065] INFO  http.BaseHttpServer (BaseHttpServer.java:newHttpServer2BuilderForOzone(209)) - Starting Web-server for hddsDatanode at: http://0.0.0.0:0
2022-06-27 16:58:59,690 [Listener at 127.0.0.1/35065] INFO  http.BaseHttpServer (BaseHttpServer.java:<init>(107)) - Hadoop Security Enabled: false Ozone Security Enabled: false Ozone HTTP Security Enabled: false 
2022-06-27 16:58:59,691 [Listener at 127.0.0.1/35065] INFO  server.AuthenticationFilter (AuthenticationFilter.java:constructSecretProvider(240)) - Unable to initialize FileSignerSecretProvider, falling back to use random secrets.
2022-06-27 16:58:59,705 [Listener at 127.0.0.1/35065] WARN  http.HttpRequestLog (HttpRequestLog.java:getRequestLog(103)) - Jetty request log can only be enabled using Log4j
2022-06-27 16:58:59,706 [Listener at 127.0.0.1/35065] INFO  http.HttpServer2 (HttpServer2.java:addGlobalFilter(1029)) - Added global filter 'safety' (class=org.apache.hadoop.hdds.server.http.HttpServer2$QuotingInputFilter)
2022-06-27 16:58:59,706 [Listener at 127.0.0.1/35065] INFO  http.HttpServer2 (HttpServer2.java:addFilter(1005)) - Added filter static_user_filter (class=org.apache.hadoop.http.lib.StaticUserWebFilter$StaticUserFilter) to context hddsDatanode
2022-06-27 16:58:59,706 [Listener at 127.0.0.1/35065] INFO  http.HttpServer2 (HttpServer2.java:addFilter(1013)) - Added filter static_user_filter (class=org.apache.hadoop.http.lib.StaticUserWebFilter$StaticUserFilter) to context static
2022-06-27 16:58:59,706 [Listener at 127.0.0.1/35065] INFO  http.HttpServer2 (HttpServer2.java:addFilter(1013)) - Added filter static_user_filter (class=org.apache.hadoop.http.lib.StaticUserWebFilter$StaticUserFilter) to context logs
2022-06-27 16:58:59,707 [Listener at 127.0.0.1/35065] INFO  http.HttpServer2 (HttpServer2.java:bindListener(1248)) - Jetty bound to port 44393
2022-06-27 16:58:59,707 [Listener at 127.0.0.1/35065] INFO  server.Server (Server.java:doStart(375)) - jetty-9.4.43.v20210629; built: 2021-06-30T11:07:22.254Z; git: 526006ecfa3af7f1a27ef3a288e2bef7ea9dd7e8; jvm 1.8.0_332-b09
2022-06-27 16:58:59,764 [Listener at 127.0.0.1/35065] INFO  server.session (DefaultSessionIdManager.java:doStart(334)) - DefaultSessionIdManager workerName=node0
2022-06-27 16:58:59,764 [Listener at 127.0.0.1/35065] INFO  server.session (DefaultSessionIdManager.java:doStart(339)) - No SessionScavenger set, using defaults
2022-06-27 16:58:59,764 [Listener at 127.0.0.1/35065] INFO  server.session (HouseKeeper.java:startScavenging(132)) - node0 Scavenging every 660000ms
2022-06-27 16:58:59,765 [Listener at 127.0.0.1/35065] INFO  handler.ContextHandler (ContextHandler.java:doStart(915)) - Started o.e.j.s.ServletContextHandler@2cfc616{logs,/logs,file:///home/runner/work/ozone/ozone/hadoop-ozone/integration-test/target/log,AVAILABLE}
2022-06-27 16:58:59,765 [Listener at 127.0.0.1/35065] INFO  handler.ContextHandler (ContextHandler.java:doStart(915)) - Started o.e.j.s.ServletContextHandler@6258284a{static,/static,jar:file:/home/runner/.m2/repository/org/apache/ozone/hdds-container-service/1.3.0-SNAPSHOT/hdds-container-service-1.3.0-SNAPSHOT.jar!/webapps/static,AVAILABLE}
2022-06-27 16:59:00,485 [Listener at 127.0.0.1/35065] INFO  handler.ContextHandler (ContextHandler.java:doStart(915)) - Started o.e.j.w.WebAppContext@6a57c7ad{hddsDatanode,/,file:///tmp/jetty-0_0_0_0-44393-hdds-container-service-1_3_0-SNAPSHOT_jar-_-any-1555758160498430787/webapp/,AVAILABLE}{jar:file:/home/runner/.m2/repository/org/apache/ozone/hdds-container-service/1.3.0-SNAPSHOT/hdds-container-service-1.3.0-SNAPSHOT.jar!/webapps/hddsDatanode}
2022-06-27 16:59:00,523 [Listener at 127.0.0.1/35065] INFO  server.AbstractConnector (AbstractConnector.java:doStart(331)) - Started ServerConnector@535ce325{HTTP/1.1, (http/1.1)}{0.0.0.0:44393}
2022-06-27 16:59:00,523 [Listener at 127.0.0.1/35065] INFO  server.Server (Server.java:doStart(415)) - Started @297417ms
2022-06-27 16:59:00,523 [Listener at 127.0.0.1/35065] WARN  impl.MetricsSystemImpl (MetricsSystemImpl.java:register(279)) - Sink prometheus already exists!
2022-06-27 16:59:00,524 [Listener at 127.0.0.1/35065] INFO  http.BaseHttpServer (BaseHttpServer.java:updateConnectorAddress(329)) - HTTP server of hddsDatanode listening at http://0.0.0.0:44393
2022-06-27 16:59:00,529 [Listener at 127.0.0.1/35065] INFO  impl.MetricsSystemImpl (MetricsSystemImpl.java:init(158)) - HddsDatanode metrics system started (again)
2022-06-27 16:59:00,533 [Datanode State Machine Daemon Thread] INFO  statemachine.DatanodeStateMachine (DatanodeStateMachine.java:lambda$startDaemon$0(492)) - Ozone container server started.
2022-06-27 16:59:00,649 [org.apache.hadoop.util.JvmPauseMonitor$Monitor@296ee9b] INFO  util.JvmPauseMonitor (JvmPauseMonitor.java:run(188)) - Starting JVM pause monitor
2022-06-27 16:59:00,667 [Listener at 127.0.0.1/35065] INFO  ozone.HddsDatanodeService (HddsDatanodeService.java:start(236)) - HddsDatanodeService host:fv-az215-30.fk02tkdpp51uda4i120yanydqb.bx.internal.cloudapp.net ip:10.1.0.22
2022-06-27 16:59:00,684 [Datanode State Machine Task Thread - 0] INFO  datanode.InitDatanodeState (InitDatanodeState.java:persistContainerDatanodeDetails(138)) - DatanodeDetails is persisted to /home/runner/work/ozone/ozone/hadoop-ozone/integration-test/target/test-dir/MiniOzoneClusterImpl-9da5c95b-489f-4ace-b65d-e0c796cc3c87/datanode-0/meta/datanode.id
2022-06-27 16:59:00,736 [Listener at 127.0.0.1/35065] INFO  upgrade.AbstractLayoutVersionManager (AbstractLayoutVersionManager.java:init(82)) - Initializing Layout version manager with metadata layout = DATANODE_SCHEMA_V3 (version = 4), software layout = DATANODE_SCHEMA_V3 (version = 4)
2022-06-27 16:59:00,934 [Listener at 127.0.0.1/35065] INFO  reflections.Reflections (Reflections.java:scan(232)) - Reflections took 196 ms to scan 7 urls, producing 131 keys and 316 values 
2022-06-27 16:59:00,936 [Listener at 127.0.0.1/35065] INFO  statemachine.DatanodeStateMachine (DatanodeStateMachine.java:getEndPointTaskThreadPoolSize(237)) - Datanode State Machine Task Thread Pool size 2
2022-06-27 16:59:00,970 [Listener at 127.0.0.1/35065] INFO  volume.HddsVolume (HddsVolume.java:<init>(116)) - Creating HddsVolume: /home/runner/work/ozone/ozone/hadoop-ozone/integration-test/target/test-dir/MiniOzoneClusterImpl-9da5c95b-489f-4ace-b65d-e0c796cc3c87/datanode-1/data-0/containers/hdds of storage type : DISK capacity : 9223372036854775807
2022-06-27 16:59:00,971 [Listener at 127.0.0.1/35065] INFO  volume.MutableVolumeSet (MutableVolumeSet.java:initializeVolumeSet(174)) - Added Volume : /home/runner/work/ozone/ozone/hadoop-ozone/integration-test/target/test-dir/MiniOzoneClusterImpl-9da5c95b-489f-4ace-b65d-e0c796cc3c87/datanode-1/data-0/containers/hdds to VolumeSet
2022-06-27 16:59:00,971 [Listener at 127.0.0.1/35065] INFO  volume.ThrottledAsyncChecker (ThrottledAsyncChecker.java:schedule(141)) - Scheduling a check for /home/runner/work/ozone/ozone/hadoop-ozone/integration-test/target/test-dir/MiniOzoneClusterImpl-9da5c95b-489f-4ace-b65d-e0c796cc3c87/datanode-1/data-0/containers/hdds
2022-06-27 16:59:00,972 [Listener at 127.0.0.1/35065] INFO  volume.StorageVolumeChecker (StorageVolumeChecker.java:checkAllVolumes(202)) - Scheduled health check for volume /home/runner/work/ozone/ozone/hadoop-ozone/integration-test/target/test-dir/MiniOzoneClusterImpl-9da5c95b-489f-4ace-b65d-e0c796cc3c87/datanode-1/data-0/containers/hdds
2022-06-27 16:59:00,992 [Listener at 127.0.0.1/35065] INFO  volume.MutableVolumeSet (MutableVolumeSet.java:initializeVolumeSet(174)) - Added Volume : /home/runner/work/ozone/ozone/hadoop-ozone/integration-test/target/test-dir/MiniOzoneClusterImpl-9da5c95b-489f-4ace-b65d-e0c796cc3c87/datanode-1/data/ratis to VolumeSet
2022-06-27 16:59:00,992 [Listener at 127.0.0.1/35065] INFO  volume.ThrottledAsyncChecker (ThrottledAsyncChecker.java:schedule(141)) - Scheduling a check for /home/runner/work/ozone/ozone/hadoop-ozone/integration-test/target/test-dir/MiniOzoneClusterImpl-9da5c95b-489f-4ace-b65d-e0c796cc3c87/datanode-1/data/ratis
2022-06-27 16:59:00,992 [Listener at 127.0.0.1/35065] INFO  volume.StorageVolumeChecker (StorageVolumeChecker.java:checkAllVolumes(202)) - Scheduled health check for volume /home/runner/work/ozone/ozone/hadoop-ozone/integration-test/target/test-dir/MiniOzoneClusterImpl-9da5c95b-489f-4ace-b65d-e0c796cc3c87/datanode-1/data/ratis
2022-06-27 16:59:01,004 [Thread-2180] INFO  ozoneimpl.ContainerReader (ContainerReader.java:readVolume(172)) - Finish verifying containers on volume /home/runner/work/ozone/ozone/hadoop-ozone/integration-test/target/test-dir/MiniOzoneClusterImpl-9da5c95b-489f-4ace-b65d-e0c796cc3c87/datanode-1/data-0/containers/hdds
2022-06-27 16:59:01,004 [Listener at 127.0.0.1/35065] INFO  ozoneimpl.OzoneContainer (OzoneContainer.java:buildContainerSet(266)) - Build ContainerSet costs 0s
2022-06-27 16:59:01,005 [Listener at 127.0.0.1/35065] INFO  server.RaftServer (ConfUtils.java:logGet(46)) - raft.rpc.type = GRPC (default)
2022-06-27 16:59:01,005 [Listener at 127.0.0.1/35065] INFO  grpc.GrpcFactory (GrpcFactory.java:checkPooledByteBufAllocatorUseCacheForAllThreads(48)) - PERFORMANCE WARNING: useCacheForAllThreads is true that may cause Netty to create a lot garbage objects and, as a result, trigger GC.
	It is recommended to disable useCacheForAllThreads by setting -Dorg.apache.ratis.thirdparty.io.netty.allocator.useCacheForAllThreads=false in command line.
2022-06-27 16:59:01,005 [Listener at 127.0.0.1/35065] INFO  grpc.GrpcConfigKeys (ConfUtils.java:logGet(46)) - raft.grpc.admin.port = 0 (custom)
2022-06-27 16:59:01,005 [Listener at 127.0.0.1/35065] INFO  grpc.GrpcConfigKeys (ConfUtils.java:logGet(46)) - raft.grpc.client.port = 0 (custom)
2022-06-27 16:59:01,005 [Listener at 127.0.0.1/35065] INFO  grpc.GrpcConfigKeys (ConfUtils.java:logGet(46)) - raft.grpc.server.port = 0 (default)
2022-06-27 16:59:01,006 [Listener at 127.0.0.1/35065] INFO  server.GrpcService (ConfUtils.java:logGet(46)) - raft.grpc.message.size.max = 32MB (=33554432) (custom)
2022-06-27 16:59:01,006 [Listener at 127.0.0.1/35065] INFO  server.RaftServerConfigKeys (ConfUtils.java:logGet(46)) - raft.server.log.appender.buffer.byte-limit = 33554432 (custom)
2022-06-27 16:59:01,006 [Listener at 127.0.0.1/35065] INFO  server.GrpcService (ConfUtils.java:logGet(46)) - raft.grpc.flow.control.window = 5MB (=5242880) (custom)
2022-06-27 16:59:01,006 [Listener at 127.0.0.1/35065] INFO  server.RaftServerConfigKeys (ConfUtils.java:logGet(46)) - raft.server.rpc.request.timeout = 60s (custom)
2022-06-27 16:59:01,006 [Listener at 127.0.0.1/35065] INFO  grpc.GrpcConfigKeys (ConfUtils.java:logGet(46)) - raft.grpc.server.async.request.thread.pool.cached = true (default)
2022-06-27 16:59:01,006 [Listener at 127.0.0.1/35065] INFO  grpc.GrpcConfigKeys (ConfUtils.java:logGet(46)) - raft.grpc.server.async.request.thread.pool.size = 32 (default)
2022-06-27 16:59:01,007 [Listener at 127.0.0.1/35065] INFO  impl.DataStreamServerImpl (ConfUtils.java:logGet(46)) - raft.datastream.type = DISABLED (default)
2022-06-27 16:59:01,007 [Listener at 127.0.0.1/35065] INFO  server.RaftServerConfigKeys (ConfUtils.java:logGet(46)) - raft.server.threadpool.proxy.cached = true (default)
2022-06-27 16:59:01,007 [Listener at 127.0.0.1/35065] INFO  server.RaftServerConfigKeys (ConfUtils.java:logGet(46)) - raft.server.threadpool.proxy.size = 0 (default)
2022-06-27 16:59:01,007 [Listener at 127.0.0.1/35065] INFO  server.RaftServerConfigKeys (ConfUtils.java:logGet(46)) - raft.server.rpc.slowness.timeout = 300s (custom)
2022-06-27 16:59:01,007 [Listener at 127.0.0.1/35065] INFO  server.RaftServerConfigKeys (ConfUtils.java:logGet(46)) - raft.server.leaderelection.leader.step-down.wait-time = 10s (default)
2022-06-27 16:59:01,007 [Listener at 127.0.0.1/35065] INFO  server.RaftServerConfigKeys (ConfUtils.java:logGet(46)) - raft.server.storage.dir = [/home/runner/work/ozone/ozone/hadoop-ozone/integration-test/target/test-dir/MiniOzoneClusterImpl-9da5c95b-489f-4ace-b65d-e0c796cc3c87/datanode-1/data/ratis] (custom)
2022-06-27 16:59:01,009 [Listener at 127.0.0.1/35065] INFO  server.XceiverServerGrpc (XceiverServerGrpc.java:<init>(132)) - GrpcServer channel type EpollServerSocketChannel
2022-06-27 16:59:01,011 [Listener at 127.0.0.1/35065] INFO  http.BaseHttpServer (BaseHttpServer.java:newHttpServer2BuilderForOzone(209)) - Starting Web-server for hddsDatanode at: http://0.0.0.0:0
2022-06-27 16:59:01,011 [Listener at 127.0.0.1/35065] INFO  http.BaseHttpServer (BaseHttpServer.java:<init>(107)) - Hadoop Security Enabled: false Ozone Security Enabled: false Ozone HTTP Security Enabled: false 
2022-06-27 16:59:01,011 [Listener at 127.0.0.1/35065] INFO  server.AuthenticationFilter (AuthenticationFilter.java:constructSecretProvider(240)) - Unable to initialize FileSignerSecretProvider, falling back to use random secrets.
2022-06-27 16:59:01,059 [Listener at 127.0.0.1/35065] WARN  http.HttpRequestLog (HttpRequestLog.java:getRequestLog(103)) - Jetty request log can only be enabled using Log4j
2022-06-27 16:59:01,060 [Listener at 127.0.0.1/35065] INFO  http.HttpServer2 (HttpServer2.java:addGlobalFilter(1029)) - Added global filter 'safety' (class=org.apache.hadoop.hdds.server.http.HttpServer2$QuotingInputFilter)
2022-06-27 16:59:01,060 [Listener at 127.0.0.1/35065] INFO  http.HttpServer2 (HttpServer2.java:addFilter(1005)) - Added filter static_user_filter (class=org.apache.hadoop.http.lib.StaticUserWebFilter$StaticUserFilter) to context hddsDatanode
2022-06-27 16:59:01,060 [Listener at 127.0.0.1/35065] INFO  http.HttpServer2 (HttpServer2.java:addFilter(1013)) - Added filter static_user_filter (class=org.apache.hadoop.http.lib.StaticUserWebFilter$StaticUserFilter) to context logs
2022-06-27 16:59:01,060 [Listener at 127.0.0.1/35065] INFO  http.HttpServer2 (HttpServer2.java:addFilter(1013)) - Added filter static_user_filter (class=org.apache.hadoop.http.lib.StaticUserWebFilter$StaticUserFilter) to context static
2022-06-27 16:59:01,061 [Listener at 127.0.0.1/35065] INFO  http.HttpServer2 (HttpServer2.java:bindListener(1248)) - Jetty bound to port 44495
2022-06-27 16:59:01,061 [Listener at 127.0.0.1/35065] INFO  server.Server (Server.java:doStart(375)) - jetty-9.4.43.v20210629; built: 2021-06-30T11:07:22.254Z; git: 526006ecfa3af7f1a27ef3a288e2bef7ea9dd7e8; jvm 1.8.0_332-b09
2022-06-27 16:59:01,126 [Listener at 127.0.0.1/35065] INFO  server.session (DefaultSessionIdManager.java:doStart(334)) - DefaultSessionIdManager workerName=node0
2022-06-27 16:59:01,126 [Listener at 127.0.0.1/35065] INFO  server.session (DefaultSessionIdManager.java:doStart(339)) - No SessionScavenger set, using defaults
2022-06-27 16:59:01,126 [Listener at 127.0.0.1/35065] INFO  server.session (HouseKeeper.java:startScavenging(132)) - node0 Scavenging every 660000ms
2022-06-27 16:59:01,130 [Listener at 127.0.0.1/35065] INFO  handler.ContextHandler (ContextHandler.java:doStart(915)) - Started o.e.j.s.ServletContextHandler@2a1b6f68{logs,/logs,file:///home/runner/work/ozone/ozone/hadoop-ozone/integration-test/target/log,AVAILABLE}
2022-06-27 16:59:01,130 [Listener at 127.0.0.1/35065] INFO  handler.ContextHandler (ContextHandler.java:doStart(915)) - Started o.e.j.s.ServletContextHandler@5d8f3a36{static,/static,jar:file:/home/runner/.m2/repository/org/apache/ozone/hdds-container-service/1.3.0-SNAPSHOT/hdds-container-service-1.3.0-SNAPSHOT.jar!/webapps/static,AVAILABLE}
2022-06-27 16:59:01,677 [Listener at 127.0.0.1/35065] INFO  handler.ContextHandler (ContextHandler.java:doStart(915)) - Started o.e.j.w.WebAppContext@5c823dc5{hddsDatanode,/,file:///tmp/jetty-0_0_0_0-44495-hdds-container-service-1_3_0-SNAPSHOT_jar-_-any-6606171822862546314/webapp/,AVAILABLE}{jar:file:/home/runner/.m2/repository/org/apache/ozone/hdds-container-service/1.3.0-SNAPSHOT/hdds-container-service-1.3.0-SNAPSHOT.jar!/webapps/hddsDatanode}
2022-06-27 16:59:01,709 [Listener at 127.0.0.1/35065] INFO  server.AbstractConnector (AbstractConnector.java:doStart(331)) - Started ServerConnector@26a2b770{HTTP/1.1, (http/1.1)}{0.0.0.0:44495}
2022-06-27 16:59:01,709 [Listener at 127.0.0.1/35065] INFO  server.Server (Server.java:doStart(415)) - Started @298603ms
2022-06-27 16:59:01,709 [Listener at 127.0.0.1/35065] WARN  impl.MetricsSystemImpl (MetricsSystemImpl.java:register(279)) - Sink prometheus already exists!
2022-06-27 16:59:01,713 [Listener at 127.0.0.1/35065] INFO  http.BaseHttpServer (BaseHttpServer.java:updateConnectorAddress(329)) - HTTP server of hddsDatanode listening at http://0.0.0.0:44495
2022-06-27 16:59:01,729 [Listener at 127.0.0.1/35065] INFO  impl.MetricsSystemImpl (MetricsSystemImpl.java:init(158)) - HddsDatanode metrics system started (again)
2022-06-27 16:59:01,733 [Datanode State Machine Daemon Thread] INFO  statemachine.DatanodeStateMachine (DatanodeStateMachine.java:lambda$startDaemon$0(492)) - Ozone container server started.
2022-06-27 16:59:01,793 [org.apache.hadoop.util.JvmPauseMonitor$Monitor@6cd9daa1] INFO  util.JvmPauseMonitor (JvmPauseMonitor.java:run(188)) - Starting JVM pause monitor
2022-06-27 16:59:01,814 [Datanode State Machine Task Thread - 0] INFO  datanode.InitDatanodeState (InitDatanodeState.java:persistContainerDatanodeDetails(138)) - DatanodeDetails is persisted to /home/runner/work/ozone/ozone/hadoop-ozone/integration-test/target/test-dir/MiniOzoneClusterImpl-9da5c95b-489f-4ace-b65d-e0c796cc3c87/datanode-1/meta/datanode.id
2022-06-27 16:59:01,866 [Listener at 127.0.0.1/35065] INFO  ozone.HddsDatanodeService (HddsDatanodeService.java:start(236)) - HddsDatanodeService host:fv-az215-30.fk02tkdpp51uda4i120yanydqb.bx.internal.cloudapp.net ip:10.1.0.22
2022-06-27 16:59:01,895 [Listener at 127.0.0.1/35065] INFO  upgrade.AbstractLayoutVersionManager (AbstractLayoutVersionManager.java:init(82)) - Initializing Layout version manager with metadata layout = DATANODE_SCHEMA_V3 (version = 4), software layout = DATANODE_SCHEMA_V3 (version = 4)
2022-06-27 16:59:02,045 [Listener at 127.0.0.1/35065] INFO  reflections.Reflections (Reflections.java:scan(232)) - Reflections took 149 ms to scan 7 urls, producing 131 keys and 316 values 
2022-06-27 16:59:02,048 [Listener at 127.0.0.1/35065] INFO  statemachine.DatanodeStateMachine (DatanodeStateMachine.java:getEndPointTaskThreadPoolSize(237)) - Datanode State Machine Task Thread Pool size 2
2022-06-27 16:59:02,049 [Listener at 127.0.0.1/35065] INFO  volume.HddsVolume (HddsVolume.java:<init>(116)) - Creating HddsVolume: /home/runner/work/ozone/ozone/hadoop-ozone/integration-test/target/test-dir/MiniOzoneClusterImpl-9da5c95b-489f-4ace-b65d-e0c796cc3c87/datanode-2/data-0/containers/hdds of storage type : DISK capacity : 9223372036854775807
2022-06-27 16:59:02,049 [Listener at 127.0.0.1/35065] INFO  volume.MutableVolumeSet (MutableVolumeSet.java:initializeVolumeSet(174)) - Added Volume : /home/runner/work/ozone/ozone/hadoop-ozone/integration-test/target/test-dir/MiniOzoneClusterImpl-9da5c95b-489f-4ace-b65d-e0c796cc3c87/datanode-2/data-0/containers/hdds to VolumeSet
2022-06-27 16:59:02,050 [Listener at 127.0.0.1/35065] INFO  volume.ThrottledAsyncChecker (ThrottledAsyncChecker.java:schedule(141)) - Scheduling a check for /home/runner/work/ozone/ozone/hadoop-ozone/integration-test/target/test-dir/MiniOzoneClusterImpl-9da5c95b-489f-4ace-b65d-e0c796cc3c87/datanode-2/data-0/containers/hdds
2022-06-27 16:59:02,053 [Listener at 127.0.0.1/35065] INFO  volume.StorageVolumeChecker (StorageVolumeChecker.java:checkAllVolumes(202)) - Scheduled health check for volume /home/runner/work/ozone/ozone/hadoop-ozone/integration-test/target/test-dir/MiniOzoneClusterImpl-9da5c95b-489f-4ace-b65d-e0c796cc3c87/datanode-2/data-0/containers/hdds
2022-06-27 16:59:02,087 [Listener at 127.0.0.1/35065] INFO  volume.MutableVolumeSet (MutableVolumeSet.java:initializeVolumeSet(174)) - Added Volume : /home/runner/work/ozone/ozone/hadoop-ozone/integration-test/target/test-dir/MiniOzoneClusterImpl-9da5c95b-489f-4ace-b65d-e0c796cc3c87/datanode-2/data/ratis to VolumeSet
2022-06-27 16:59:02,087 [Listener at 127.0.0.1/35065] INFO  volume.ThrottledAsyncChecker (ThrottledAsyncChecker.java:schedule(141)) - Scheduling a check for /home/runner/work/ozone/ozone/hadoop-ozone/integration-test/target/test-dir/MiniOzoneClusterImpl-9da5c95b-489f-4ace-b65d-e0c796cc3c87/datanode-2/data/ratis
2022-06-27 16:59:02,087 [Listener at 127.0.0.1/35065] INFO  volume.StorageVolumeChecker (StorageVolumeChecker.java:checkAllVolumes(202)) - Scheduled health check for volume /home/runner/work/ozone/ozone/hadoop-ozone/integration-test/target/test-dir/MiniOzoneClusterImpl-9da5c95b-489f-4ace-b65d-e0c796cc3c87/datanode-2/data/ratis
2022-06-27 16:59:02,125 [Thread-2193] INFO  ozoneimpl.ContainerReader (ContainerReader.java:readVolume(172)) - Finish verifying containers on volume /home/runner/work/ozone/ozone/hadoop-ozone/integration-test/target/test-dir/MiniOzoneClusterImpl-9da5c95b-489f-4ace-b65d-e0c796cc3c87/datanode-2/data-0/containers/hdds
2022-06-27 16:59:02,125 [Listener at 127.0.0.1/35065] INFO  ozoneimpl.OzoneContainer (OzoneContainer.java:buildContainerSet(266)) - Build ContainerSet costs 0s
2022-06-27 16:59:02,126 [Listener at 127.0.0.1/35065] INFO  server.RaftServer (ConfUtils.java:logGet(46)) - raft.rpc.type = GRPC (default)
2022-06-27 16:59:02,127 [Listener at 127.0.0.1/35065] INFO  grpc.GrpcFactory (GrpcFactory.java:checkPooledByteBufAllocatorUseCacheForAllThreads(48)) - PERFORMANCE WARNING: useCacheForAllThreads is true that may cause Netty to create a lot garbage objects and, as a result, trigger GC.
	It is recommended to disable useCacheForAllThreads by setting -Dorg.apache.ratis.thirdparty.io.netty.allocator.useCacheForAllThreads=false in command line.
2022-06-27 16:59:02,127 [Listener at 127.0.0.1/35065] INFO  grpc.GrpcConfigKeys (ConfUtils.java:logGet(46)) - raft.grpc.admin.port = 0 (custom)
2022-06-27 16:59:02,127 [Listener at 127.0.0.1/35065] INFO  grpc.GrpcConfigKeys (ConfUtils.java:logGet(46)) - raft.grpc.client.port = 0 (custom)
2022-06-27 16:59:02,127 [Listener at 127.0.0.1/35065] INFO  grpc.GrpcConfigKeys (ConfUtils.java:logGet(46)) - raft.grpc.server.port = 0 (default)
2022-06-27 16:59:02,127 [Listener at 127.0.0.1/35065] INFO  server.GrpcService (ConfUtils.java:logGet(46)) - raft.grpc.message.size.max = 32MB (=33554432) (custom)
2022-06-27 16:59:02,129 [Listener at 127.0.0.1/35065] INFO  server.RaftServerConfigKeys (ConfUtils.java:logGet(46)) - raft.server.log.appender.buffer.byte-limit = 33554432 (custom)
2022-06-27 16:59:02,129 [Listener at 127.0.0.1/35065] INFO  server.GrpcService (ConfUtils.java:logGet(46)) - raft.grpc.flow.control.window = 5MB (=5242880) (custom)
2022-06-27 16:59:02,129 [Listener at 127.0.0.1/35065] INFO  server.RaftServerConfigKeys (ConfUtils.java:logGet(46)) - raft.server.rpc.request.timeout = 60s (custom)
2022-06-27 16:59:02,129 [Listener at 127.0.0.1/35065] INFO  grpc.GrpcConfigKeys (ConfUtils.java:logGet(46)) - raft.grpc.server.async.request.thread.pool.cached = true (default)
2022-06-27 16:59:02,129 [Listener at 127.0.0.1/35065] INFO  grpc.GrpcConfigKeys (ConfUtils.java:logGet(46)) - raft.grpc.server.async.request.thread.pool.size = 32 (default)
2022-06-27 16:59:02,131 [Listener at 127.0.0.1/35065] INFO  impl.DataStreamServerImpl (ConfUtils.java:logGet(46)) - raft.datastream.type = DISABLED (default)
2022-06-27 16:59:02,132 [Listener at 127.0.0.1/35065] INFO  server.RaftServerConfigKeys (ConfUtils.java:logGet(46)) - raft.server.threadpool.proxy.cached = true (default)
2022-06-27 16:59:02,132 [Listener at 127.0.0.1/35065] INFO  server.RaftServerConfigKeys (ConfUtils.java:logGet(46)) - raft.server.threadpool.proxy.size = 0 (default)
2022-06-27 16:59:02,132 [Listener at 127.0.0.1/35065] INFO  server.RaftServerConfigKeys (ConfUtils.java:logGet(46)) - raft.server.rpc.slowness.timeout = 300s (custom)
2022-06-27 16:59:02,132 [Listener at 127.0.0.1/35065] INFO  server.RaftServerConfigKeys (ConfUtils.java:logGet(46)) - raft.server.leaderelection.leader.step-down.wait-time = 10s (default)
2022-06-27 16:59:02,132 [Listener at 127.0.0.1/35065] INFO  server.RaftServerConfigKeys (ConfUtils.java:logGet(46)) - raft.server.storage.dir = [/home/runner/work/ozone/ozone/hadoop-ozone/integration-test/target/test-dir/MiniOzoneClusterImpl-9da5c95b-489f-4ace-b65d-e0c796cc3c87/datanode-2/data/ratis] (custom)
2022-06-27 16:59:02,179 [Listener at 127.0.0.1/35065] INFO  server.XceiverServerGrpc (XceiverServerGrpc.java:<init>(132)) - GrpcServer channel type EpollServerSocketChannel
2022-06-27 16:59:02,193 [Listener at 127.0.0.1/35065] INFO  http.BaseHttpServer (BaseHttpServer.java:newHttpServer2BuilderForOzone(209)) - Starting Web-server for hddsDatanode at: http://0.0.0.0:0
2022-06-27 16:59:02,194 [Listener at 127.0.0.1/35065] INFO  http.BaseHttpServer (BaseHttpServer.java:<init>(107)) - Hadoop Security Enabled: false Ozone Security Enabled: false Ozone HTTP Security Enabled: false 
2022-06-27 16:59:02,194 [Listener at 127.0.0.1/35065] INFO  server.AuthenticationFilter (AuthenticationFilter.java:constructSecretProvider(240)) - Unable to initialize FileSignerSecretProvider, falling back to use random secrets.
2022-06-27 16:59:02,237 [Listener at 127.0.0.1/35065] WARN  http.HttpRequestLog (HttpRequestLog.java:getRequestLog(103)) - Jetty request log can only be enabled using Log4j
2022-06-27 16:59:02,238 [Listener at 127.0.0.1/35065] INFO  http.HttpServer2 (HttpServer2.java:addGlobalFilter(1029)) - Added global filter 'safety' (class=org.apache.hadoop.hdds.server.http.HttpServer2$QuotingInputFilter)
2022-06-27 16:59:02,239 [Listener at 127.0.0.1/35065] INFO  http.HttpServer2 (HttpServer2.java:addFilter(1005)) - Added filter static_user_filter (class=org.apache.hadoop.http.lib.StaticUserWebFilter$StaticUserFilter) to context hddsDatanode
2022-06-27 16:59:02,239 [Listener at 127.0.0.1/35065] INFO  http.HttpServer2 (HttpServer2.java:addFilter(1013)) - Added filter static_user_filter (class=org.apache.hadoop.http.lib.StaticUserWebFilter$StaticUserFilter) to context logs
2022-06-27 16:59:02,239 [Listener at 127.0.0.1/35065] INFO  http.HttpServer2 (HttpServer2.java:addFilter(1013)) - Added filter static_user_filter (class=org.apache.hadoop.http.lib.StaticUserWebFilter$StaticUserFilter) to context static
2022-06-27 16:59:02,239 [Listener at 127.0.0.1/35065] INFO  http.HttpServer2 (HttpServer2.java:bindListener(1248)) - Jetty bound to port 40507
2022-06-27 16:59:02,239 [Listener at 127.0.0.1/35065] INFO  server.Server (Server.java:doStart(375)) - jetty-9.4.43.v20210629; built: 2021-06-30T11:07:22.254Z; git: 526006ecfa3af7f1a27ef3a288e2bef7ea9dd7e8; jvm 1.8.0_332-b09
2022-06-27 16:59:02,276 [Listener at 127.0.0.1/35065] INFO  server.session (DefaultSessionIdManager.java:doStart(334)) - DefaultSessionIdManager workerName=node0
2022-06-27 16:59:02,276 [Listener at 127.0.0.1/35065] INFO  server.session (DefaultSessionIdManager.java:doStart(339)) - No SessionScavenger set, using defaults
2022-06-27 16:59:02,276 [Listener at 127.0.0.1/35065] INFO  server.session (HouseKeeper.java:startScavenging(132)) - node0 Scavenging every 660000ms
2022-06-27 16:59:02,277 [Listener at 127.0.0.1/35065] INFO  handler.ContextHandler (ContextHandler.java:doStart(915)) - Started o.e.j.s.ServletContextHandler@f35d6d2{logs,/logs,file:///home/runner/work/ozone/ozone/hadoop-ozone/integration-test/target/log,AVAILABLE}
2022-06-27 16:59:02,277 [Listener at 127.0.0.1/35065] INFO  handler.ContextHandler (ContextHandler.java:doStart(915)) - Started o.e.j.s.ServletContextHandler@60eed3d7{static,/static,jar:file:/home/runner/.m2/repository/org/apache/ozone/hdds-container-service/1.3.0-SNAPSHOT/hdds-container-service-1.3.0-SNAPSHOT.jar!/webapps/static,AVAILABLE}
2022-06-27 16:59:02,876 [EndpointStateMachine task thread for /0.0.0.0:45009 - 0 ] INFO  volume.HddsVolume (HddsVolume.java:createDbStore(309)) - SchemaV3 db is created and loaded at /home/runner/work/ozone/ozone/hadoop-ozone/integration-test/target/test-dir/MiniOzoneClusterImpl-9da5c95b-489f-4ace-b65d-e0c796cc3c87/datanode-0/data-0/containers/hdds/9da5c95b-489f-4ace-b65d-e0c796cc3c87/DS-7c32080d-713e-4bc0-bfcd-163821cd71c2/container.db for volume DS-7c32080d-713e-4bc0-bfcd-163821cd71c2
2022-06-27 16:59:02,917 [EndpointStateMachine task thread for /0.0.0.0:45009 - 0 ] INFO  volume.HddsVolume (HddsVolume.java:closeDbStore(340)) - SchemaV3 db is stopped at /home/runner/work/ozone/ozone/hadoop-ozone/integration-test/target/test-dir/MiniOzoneClusterImpl-9da5c95b-489f-4ace-b65d-e0c796cc3c87/datanode-0/data-0/containers/hdds/9da5c95b-489f-4ace-b65d-e0c796cc3c87/DS-7c32080d-713e-4bc0-bfcd-163821cd71c2/container.db for volume DS-7c32080d-713e-4bc0-bfcd-163821cd71c2
2022-06-27 16:59:02,917 [EndpointStateMachine task thread for /0.0.0.0:45009 - 0 ] INFO  ozoneimpl.OzoneContainer (OzoneContainer.java:start(344)) - Attempting to start container services.
2022-06-27 16:59:02,917 [EndpointStateMachine task thread for /0.0.0.0:45009 - 0 ] INFO  ozoneimpl.OzoneContainer (OzoneContainer.java:startContainerScrub(279)) - Background container scanner has been disabled.
2022-06-27 16:59:03,005 [EndpointStateMachine task thread for /0.0.0.0:45009 - 0 ] INFO  replication.ReplicationServer (ReplicationServer.java:start(111)) - ReplicationServer is started using port 34981
2022-06-27 16:59:03,006 [EndpointStateMachine task thread for /0.0.0.0:45009 - 0 ] INFO  ratis.XceiverServerRatis (XceiverServerRatis.java:start(481)) - Starting XceiverServerRatis 95b81b85-17bb-45ea-89c3-846c2a70bfe7
2022-06-27 16:59:03,007 [EndpointStateMachine task thread for /0.0.0.0:45009 - 0 ] INFO  server.RaftServer (RaftServerProxy.java:lambda$start$6(382)) - 95b81b85-17bb-45ea-89c3-846c2a70bfe7: start RPC server
2022-06-27 16:59:03,074 [EndpointStateMachine task thread for /0.0.0.0:45009 - 0 ] INFO  server.GrpcService (GrpcService.java:startImpl(260)) - 95b81b85-17bb-45ea-89c3-846c2a70bfe7: GrpcService started, listening on 34665
2022-06-27 16:59:03,074 [EndpointStateMachine task thread for /0.0.0.0:45009 - 0 ] INFO  ratis.XceiverServerRatis (XceiverServerRatis.java:getRealPort(502)) - XceiverServerRatis 95b81b85-17bb-45ea-89c3-846c2a70bfe7 is started using port 34665 for RATIS
2022-06-27 16:59:03,074 [EndpointStateMachine task thread for /0.0.0.0:45009 - 0 ] INFO  ratis.XceiverServerRatis (XceiverServerRatis.java:getRealPort(502)) - XceiverServerRatis 95b81b85-17bb-45ea-89c3-846c2a70bfe7 is started using port 34665 for RATIS_ADMIN
2022-06-27 16:59:03,074 [EndpointStateMachine task thread for /0.0.0.0:45009 - 0 ] INFO  ratis.XceiverServerRatis (XceiverServerRatis.java:getRealPort(502)) - XceiverServerRatis 95b81b85-17bb-45ea-89c3-846c2a70bfe7 is started using port 34665 for RATIS_SERVER
2022-06-27 16:59:03,075 [org.apache.ratis.util.JvmPauseMonitor$$Lambda$611/5070432@1e3cccbb] INFO  util.JvmPauseMonitor (JvmPauseMonitor.java:run(103)) - JvmPauseMonitor-95b81b85-17bb-45ea-89c3-846c2a70bfe7: Started
2022-06-27 16:59:03,086 [Listener at 127.0.0.1/35065] INFO  handler.ContextHandler (ContextHandler.java:doStart(915)) - Started o.e.j.w.WebAppContext@27342f02{hddsDatanode,/,file:///tmp/jetty-0_0_0_0-40507-hdds-container-service-1_3_0-SNAPSHOT_jar-_-any-4290905976064290023/webapp/,AVAILABLE}{jar:file:/home/runner/.m2/repository/org/apache/ozone/hdds-container-service/1.3.0-SNAPSHOT/hdds-container-service-1.3.0-SNAPSHOT.jar!/webapps/hddsDatanode}
2022-06-27 16:59:03,105 [Listener at 127.0.0.1/35065] INFO  server.AbstractConnector (AbstractConnector.java:doStart(331)) - Started ServerConnector@701899c9{HTTP/1.1, (http/1.1)}{0.0.0.0:40507}
2022-06-27 16:59:03,105 [Listener at 127.0.0.1/35065] INFO  server.Server (Server.java:doStart(415)) - Started @299999ms
2022-06-27 16:59:03,105 [Listener at 127.0.0.1/35065] WARN  impl.MetricsSystemImpl (MetricsSystemImpl.java:register(279)) - Sink prometheus already exists!
2022-06-27 16:59:03,107 [Listener at 127.0.0.1/35065] INFO  http.BaseHttpServer (BaseHttpServer.java:updateConnectorAddress(329)) - HTTP server of hddsDatanode listening at http://0.0.0.0:40507
2022-06-27 16:59:03,108 [Listener at 127.0.0.1/35065] INFO  impl.MetricsSystemImpl (MetricsSystemImpl.java:init(158)) - HddsDatanode metrics system started (again)
2022-06-27 16:59:03,113 [Datanode State Machine Daemon Thread] INFO  statemachine.DatanodeStateMachine (DatanodeStateMachine.java:lambda$startDaemon$0(492)) - Ozone container server started.
2022-06-27 16:59:03,133 [Listener at 127.0.0.1/35065] INFO  ozone.HddsDatanodeService (HddsDatanodeService.java:start(236)) - HddsDatanodeService host:fv-az215-30.fk02tkdpp51uda4i120yanydqb.bx.internal.cloudapp.net ip:10.1.0.22
2022-06-27 16:59:03,139 [EndpointStateMachine task thread for /0.0.0.0:45009 - 0 ] INFO  server.XceiverServerGrpc (XceiverServerGrpc.java:start(180)) - XceiverServerGrpc 95b81b85-17bb-45ea-89c3-846c2a70bfe7 is started using port 45521
2022-06-27 16:59:03,153 [org.apache.hadoop.util.JvmPauseMonitor$Monitor@23648e7f] INFO  util.JvmPauseMonitor (JvmPauseMonitor.java:run(188)) - Starting JVM pause monitor
2022-06-27 16:59:03,154 [Datanode State Machine Task Thread - 0] INFO  datanode.InitDatanodeState (InitDatanodeState.java:persistContainerDatanodeDetails(138)) - DatanodeDetails is persisted to /home/runner/work/ozone/ozone/hadoop-ozone/integration-test/target/test-dir/MiniOzoneClusterImpl-9da5c95b-489f-4ace-b65d-e0c796cc3c87/datanode-2/meta/datanode.id
2022-06-27 16:59:03,197 [Listener at 127.0.0.1/35065] INFO  upgrade.AbstractLayoutVersionManager (AbstractLayoutVersionManager.java:init(82)) - Initializing Layout version manager with metadata layout = DATANODE_SCHEMA_V3 (version = 4), software layout = DATANODE_SCHEMA_V3 (version = 4)
2022-06-27 16:59:03,238 [Listener at 127.0.0.1/35065] INFO  reflections.Reflections (Reflections.java:scan(232)) - Reflections took 40 ms to scan 7 urls, producing 131 keys and 316 values 
2022-06-27 16:59:03,239 [Listener at 127.0.0.1/35065] INFO  statemachine.DatanodeStateMachine (DatanodeStateMachine.java:getEndPointTaskThreadPoolSize(237)) - Datanode State Machine Task Thread Pool size 2
2022-06-27 16:59:03,240 [Listener at 127.0.0.1/35065] INFO  volume.HddsVolume (HddsVolume.java:<init>(116)) - Creating HddsVolume: /home/runner/work/ozone/ozone/hadoop-ozone/integration-test/target/test-dir/MiniOzoneClusterImpl-9da5c95b-489f-4ace-b65d-e0c796cc3c87/datanode-3/data-0/containers/hdds of storage type : DISK capacity : 9223372036854775807
2022-06-27 16:59:03,240 [Listener at 127.0.0.1/35065] INFO  volume.MutableVolumeSet (MutableVolumeSet.java:initializeVolumeSet(174)) - Added Volume : /home/runner/work/ozone/ozone/hadoop-ozone/integration-test/target/test-dir/MiniOzoneClusterImpl-9da5c95b-489f-4ace-b65d-e0c796cc3c87/datanode-3/data-0/containers/hdds to VolumeSet
2022-06-27 16:59:03,240 [Listener at 127.0.0.1/35065] INFO  volume.ThrottledAsyncChecker (ThrottledAsyncChecker.java:schedule(141)) - Scheduling a check for /home/runner/work/ozone/ozone/hadoop-ozone/integration-test/target/test-dir/MiniOzoneClusterImpl-9da5c95b-489f-4ace-b65d-e0c796cc3c87/datanode-3/data-0/containers/hdds
2022-06-27 16:59:03,242 [Listener at 127.0.0.1/35065] INFO  volume.StorageVolumeChecker (StorageVolumeChecker.java:checkAllVolumes(202)) - Scheduled health check for volume /home/runner/work/ozone/ozone/hadoop-ozone/integration-test/target/test-dir/MiniOzoneClusterImpl-9da5c95b-489f-4ace-b65d-e0c796cc3c87/datanode-3/data-0/containers/hdds
2022-06-27 16:59:03,251 [Listener at 127.0.0.1/35065] INFO  volume.MutableVolumeSet (MutableVolumeSet.java:initializeVolumeSet(174)) - Added Volume : /home/runner/work/ozone/ozone/hadoop-ozone/integration-test/target/test-dir/MiniOzoneClusterImpl-9da5c95b-489f-4ace-b65d-e0c796cc3c87/datanode-3/data/ratis to VolumeSet
2022-06-27 16:59:03,252 [Listener at 127.0.0.1/35065] INFO  volume.ThrottledAsyncChecker (ThrottledAsyncChecker.java:schedule(141)) - Scheduling a check for /home/runner/work/ozone/ozone/hadoop-ozone/integration-test/target/test-dir/MiniOzoneClusterImpl-9da5c95b-489f-4ace-b65d-e0c796cc3c87/datanode-3/data/ratis
2022-06-27 16:59:03,252 [Listener at 127.0.0.1/35065] INFO  volume.StorageVolumeChecker (StorageVolumeChecker.java:checkAllVolumes(202)) - Scheduled health check for volume /home/runner/work/ozone/ozone/hadoop-ozone/integration-test/target/test-dir/MiniOzoneClusterImpl-9da5c95b-489f-4ace-b65d-e0c796cc3c87/datanode-3/data/ratis
2022-06-27 16:59:03,266 [Thread-2210] INFO  ozoneimpl.ContainerReader (ContainerReader.java:readVolume(172)) - Finish verifying containers on volume /home/runner/work/ozone/ozone/hadoop-ozone/integration-test/target/test-dir/MiniOzoneClusterImpl-9da5c95b-489f-4ace-b65d-e0c796cc3c87/datanode-3/data-0/containers/hdds
2022-06-27 16:59:03,266 [Listener at 127.0.0.1/35065] INFO  ozoneimpl.OzoneContainer (OzoneContainer.java:buildContainerSet(266)) - Build ContainerSet costs 0s
2022-06-27 16:59:03,268 [Listener at 127.0.0.1/35065] INFO  server.RaftServer (ConfUtils.java:logGet(46)) - raft.rpc.type = GRPC (default)
2022-06-27 16:59:03,268 [Listener at 127.0.0.1/35065] INFO  grpc.GrpcFactory (GrpcFactory.java:checkPooledByteBufAllocatorUseCacheForAllThreads(48)) - PERFORMANCE WARNING: useCacheForAllThreads is true that may cause Netty to create a lot garbage objects and, as a result, trigger GC.
	It is recommended to disable useCacheForAllThreads by setting -Dorg.apache.ratis.thirdparty.io.netty.allocator.useCacheForAllThreads=false in command line.
2022-06-27 16:59:03,268 [Listener at 127.0.0.1/35065] INFO  grpc.GrpcConfigKeys (ConfUtils.java:logGet(46)) - raft.grpc.admin.port = 0 (custom)
2022-06-27 16:59:03,268 [Listener at 127.0.0.1/35065] INFO  grpc.GrpcConfigKeys (ConfUtils.java:logGet(46)) - raft.grpc.client.port = 0 (custom)
2022-06-27 16:59:03,268 [Listener at 127.0.0.1/35065] INFO  grpc.GrpcConfigKeys (ConfUtils.java:logGet(46)) - raft.grpc.server.port = 0 (default)
2022-06-27 16:59:03,268 [Listener at 127.0.0.1/35065] INFO  server.GrpcService (ConfUtils.java:logGet(46)) - raft.grpc.message.size.max = 32MB (=33554432) (custom)
2022-06-27 16:59:03,268 [Listener at 127.0.0.1/35065] INFO  server.RaftServerConfigKeys (ConfUtils.java:logGet(46)) - raft.server.log.appender.buffer.byte-limit = 33554432 (custom)
2022-06-27 16:59:03,268 [Listener at 127.0.0.1/35065] INFO  server.GrpcService (ConfUtils.java:logGet(46)) - raft.grpc.flow.control.window = 5MB (=5242880) (custom)
2022-06-27 16:59:03,268 [Listener at 127.0.0.1/35065] INFO  server.RaftServerConfigKeys (ConfUtils.java:logGet(46)) - raft.server.rpc.request.timeout = 60s (custom)
2022-06-27 16:59:03,268 [Listener at 127.0.0.1/35065] INFO  grpc.GrpcConfigKeys (ConfUtils.java:logGet(46)) - raft.grpc.server.async.request.thread.pool.cached = true (default)
2022-06-27 16:59:03,268 [Listener at 127.0.0.1/35065] INFO  grpc.GrpcConfigKeys (ConfUtils.java:logGet(46)) - raft.grpc.server.async.request.thread.pool.size = 32 (default)
2022-06-27 16:59:03,271 [Listener at 127.0.0.1/35065] INFO  impl.DataStreamServerImpl (ConfUtils.java:logGet(46)) - raft.datastream.type = DISABLED (default)
2022-06-27 16:59:03,271 [Listener at 127.0.0.1/35065] INFO  server.RaftServerConfigKeys (ConfUtils.java:logGet(46)) - raft.server.threadpool.proxy.cached = true (default)
2022-06-27 16:59:03,272 [Listener at 127.0.0.1/35065] INFO  server.RaftServerConfigKeys (ConfUtils.java:logGet(46)) - raft.server.threadpool.proxy.size = 0 (default)
2022-06-27 16:59:03,272 [Listener at 127.0.0.1/35065] INFO  server.RaftServerConfigKeys (ConfUtils.java:logGet(46)) - raft.server.rpc.slowness.timeout = 300s (custom)
2022-06-27 16:59:03,272 [Listener at 127.0.0.1/35065] INFO  server.RaftServerConfigKeys (ConfUtils.java:logGet(46)) - raft.server.leaderelection.leader.step-down.wait-time = 10s (default)
2022-06-27 16:59:03,272 [Listener at 127.0.0.1/35065] INFO  server.RaftServerConfigKeys (ConfUtils.java:logGet(46)) - raft.server.storage.dir = [/home/runner/work/ozone/ozone/hadoop-ozone/integration-test/target/test-dir/MiniOzoneClusterImpl-9da5c95b-489f-4ace-b65d-e0c796cc3c87/datanode-3/data/ratis] (custom)
2022-06-27 16:59:03,274 [Listener at 127.0.0.1/35065] INFO  server.XceiverServerGrpc (XceiverServerGrpc.java:<init>(132)) - GrpcServer channel type EpollServerSocketChannel
2022-06-27 16:59:03,279 [Listener at 127.0.0.1/35065] INFO  http.BaseHttpServer (BaseHttpServer.java:newHttpServer2BuilderForOzone(209)) - Starting Web-server for hddsDatanode at: http://0.0.0.0:0
2022-06-27 16:59:03,279 [Listener at 127.0.0.1/35065] INFO  http.BaseHttpServer (BaseHttpServer.java:<init>(107)) - Hadoop Security Enabled: false Ozone Security Enabled: false Ozone HTTP Security Enabled: false 
2022-06-27 16:59:03,280 [Listener at 127.0.0.1/35065] INFO  server.AuthenticationFilter (AuthenticationFilter.java:constructSecretProvider(240)) - Unable to initialize FileSignerSecretProvider, falling back to use random secrets.
2022-06-27 16:59:03,293 [Listener at 127.0.0.1/35065] WARN  http.HttpRequestLog (HttpRequestLog.java:getRequestLog(103)) - Jetty request log can only be enabled using Log4j
2022-06-27 16:59:03,293 [Listener at 127.0.0.1/35065] INFO  http.HttpServer2 (HttpServer2.java:addGlobalFilter(1029)) - Added global filter 'safety' (class=org.apache.hadoop.hdds.server.http.HttpServer2$QuotingInputFilter)
2022-06-27 16:59:03,294 [Listener at 127.0.0.1/35065] INFO  http.HttpServer2 (HttpServer2.java:addFilter(1005)) - Added filter static_user_filter (class=org.apache.hadoop.http.lib.StaticUserWebFilter$StaticUserFilter) to context hddsDatanode
2022-06-27 16:59:03,294 [Listener at 127.0.0.1/35065] INFO  http.HttpServer2 (HttpServer2.java:addFilter(1013)) - Added filter static_user_filter (class=org.apache.hadoop.http.lib.StaticUserWebFilter$StaticUserFilter) to context logs
2022-06-27 16:59:03,294 [Listener at 127.0.0.1/35065] INFO  http.HttpServer2 (HttpServer2.java:addFilter(1013)) - Added filter static_user_filter (class=org.apache.hadoop.http.lib.StaticUserWebFilter$StaticUserFilter) to context static
2022-06-27 16:59:03,294 [Listener at 127.0.0.1/35065] INFO  http.HttpServer2 (HttpServer2.java:bindListener(1248)) - Jetty bound to port 37279
2022-06-27 16:59:03,294 [Listener at 127.0.0.1/35065] INFO  server.Server (Server.java:doStart(375)) - jetty-9.4.43.v20210629; built: 2021-06-30T11:07:22.254Z; git: 526006ecfa3af7f1a27ef3a288e2bef7ea9dd7e8; jvm 1.8.0_332-b09
2022-06-27 16:59:03,303 [Listener at 127.0.0.1/35065] INFO  server.session (DefaultSessionIdManager.java:doStart(334)) - DefaultSessionIdManager workerName=node0
2022-06-27 16:59:03,303 [Listener at 127.0.0.1/35065] INFO  server.session (DefaultSessionIdManager.java:doStart(339)) - No SessionScavenger set, using defaults
2022-06-27 16:59:03,303 [Listener at 127.0.0.1/35065] INFO  server.session (HouseKeeper.java:startScavenging(132)) - node0 Scavenging every 600000ms
2022-06-27 16:59:03,304 [Listener at 127.0.0.1/35065] INFO  handler.ContextHandler (ContextHandler.java:doStart(915)) - Started o.e.j.s.ServletContextHandler@1840c612{logs,/logs,file:///home/runner/work/ozone/ozone/hadoop-ozone/integration-test/target/log,AVAILABLE}
2022-06-27 16:59:03,304 [Listener at 127.0.0.1/35065] INFO  handler.ContextHandler (ContextHandler.java:doStart(915)) - Started o.e.j.s.ServletContextHandler@66bc3c60{static,/static,jar:file:/home/runner/.m2/repository/org/apache/ozone/hdds-container-service/1.3.0-SNAPSHOT/hdds-container-service-1.3.0-SNAPSHOT.jar!/webapps/static,AVAILABLE}
2022-06-27 16:59:03,464 [Listener at 127.0.0.1/35065] INFO  handler.ContextHandler (ContextHandler.java:doStart(915)) - Started o.e.j.w.WebAppContext@1a888d09{hddsDatanode,/,file:///tmp/jetty-0_0_0_0-37279-hdds-container-service-1_3_0-SNAPSHOT_jar-_-any-885268788129896001/webapp/,AVAILABLE}{jar:file:/home/runner/.m2/repository/org/apache/ozone/hdds-container-service/1.3.0-SNAPSHOT/hdds-container-service-1.3.0-SNAPSHOT.jar!/webapps/hddsDatanode}
2022-06-27 16:59:03,474 [Listener at 127.0.0.1/35065] INFO  server.AbstractConnector (AbstractConnector.java:doStart(331)) - Started ServerConnector@3fd53418{HTTP/1.1, (http/1.1)}{0.0.0.0:37279}
2022-06-27 16:59:03,474 [Listener at 127.0.0.1/35065] INFO  server.Server (Server.java:doStart(415)) - Started @300368ms
2022-06-27 16:59:03,474 [Listener at 127.0.0.1/35065] WARN  impl.MetricsSystemImpl (MetricsSystemImpl.java:register(279)) - Sink prometheus already exists!
2022-06-27 16:59:03,475 [Listener at 127.0.0.1/35065] INFO  http.BaseHttpServer (BaseHttpServer.java:updateConnectorAddress(329)) - HTTP server of hddsDatanode listening at http://0.0.0.0:37279
2022-06-27 16:59:03,476 [Listener at 127.0.0.1/35065] INFO  impl.MetricsSystemImpl (MetricsSystemImpl.java:init(158)) - HddsDatanode metrics system started (again)
2022-06-27 16:59:03,482 [Datanode State Machine Daemon Thread] INFO  statemachine.DatanodeStateMachine (DatanodeStateMachine.java:lambda$startDaemon$0(492)) - Ozone container server started.
2022-06-27 16:59:03,498 [org.apache.hadoop.util.JvmPauseMonitor$Monitor@62cd355] INFO  util.JvmPauseMonitor (JvmPauseMonitor.java:run(188)) - Starting JVM pause monitor
2022-06-27 16:59:03,499 [Datanode State Machine Task Thread - 0] INFO  datanode.InitDatanodeState (InitDatanodeState.java:persistContainerDatanodeDetails(138)) - DatanodeDetails is persisted to /home/runner/work/ozone/ozone/hadoop-ozone/integration-test/target/test-dir/MiniOzoneClusterImpl-9da5c95b-489f-4ace-b65d-e0c796cc3c87/datanode-3/meta/datanode.id
2022-06-27 16:59:03,512 [Listener at 127.0.0.1/35065] INFO  ozone.HddsDatanodeService (HddsDatanodeService.java:start(236)) - HddsDatanodeService host:fv-az215-30.fk02tkdpp51uda4i120yanydqb.bx.internal.cloudapp.net ip:10.1.0.22
2022-06-27 16:59:03,536 [Listener at 127.0.0.1/35065] INFO  upgrade.AbstractLayoutVersionManager (AbstractLayoutVersionManager.java:init(82)) - Initializing Layout version manager with metadata layout = DATANODE_SCHEMA_V3 (version = 4), software layout = DATANODE_SCHEMA_V3 (version = 4)
2022-06-27 16:59:03,575 [Listener at 127.0.0.1/35065] INFO  reflections.Reflections (Reflections.java:scan(232)) - Reflections took 38 ms to scan 7 urls, producing 131 keys and 316 values 
2022-06-27 16:59:03,576 [Listener at 127.0.0.1/35065] INFO  statemachine.DatanodeStateMachine (DatanodeStateMachine.java:getEndPointTaskThreadPoolSize(237)) - Datanode State Machine Task Thread Pool size 2
2022-06-27 16:59:03,582 [Listener at 127.0.0.1/35065] INFO  volume.HddsVolume (HddsVolume.java:<init>(116)) - Creating HddsVolume: /home/runner/work/ozone/ozone/hadoop-ozone/integration-test/target/test-dir/MiniOzoneClusterImpl-9da5c95b-489f-4ace-b65d-e0c796cc3c87/datanode-4/data-0/containers/hdds of storage type : DISK capacity : 9223372036854775807
2022-06-27 16:59:03,584 [Listener at 127.0.0.1/35065] INFO  volume.MutableVolumeSet (MutableVolumeSet.java:initializeVolumeSet(174)) - Added Volume : /home/runner/work/ozone/ozone/hadoop-ozone/integration-test/target/test-dir/MiniOzoneClusterImpl-9da5c95b-489f-4ace-b65d-e0c796cc3c87/datanode-4/data-0/containers/hdds to VolumeSet
2022-06-27 16:59:03,584 [Listener at 127.0.0.1/35065] INFO  volume.ThrottledAsyncChecker (ThrottledAsyncChecker.java:schedule(141)) - Scheduling a check for /home/runner/work/ozone/ozone/hadoop-ozone/integration-test/target/test-dir/MiniOzoneClusterImpl-9da5c95b-489f-4ace-b65d-e0c796cc3c87/datanode-4/data-0/containers/hdds
2022-06-27 16:59:03,586 [Listener at 127.0.0.1/35065] INFO  volume.StorageVolumeChecker (StorageVolumeChecker.java:checkAllVolumes(202)) - Scheduled health check for volume /home/runner/work/ozone/ozone/hadoop-ozone/integration-test/target/test-dir/MiniOzoneClusterImpl-9da5c95b-489f-4ace-b65d-e0c796cc3c87/datanode-4/data-0/containers/hdds
2022-06-27 16:59:03,595 [Listener at 127.0.0.1/35065] INFO  volume.MutableVolumeSet (MutableVolumeSet.java:initializeVolumeSet(174)) - Added Volume : /home/runner/work/ozone/ozone/hadoop-ozone/integration-test/target/test-dir/MiniOzoneClusterImpl-9da5c95b-489f-4ace-b65d-e0c796cc3c87/datanode-4/data/ratis to VolumeSet
2022-06-27 16:59:03,595 [Listener at 127.0.0.1/35065] INFO  volume.ThrottledAsyncChecker (ThrottledAsyncChecker.java:schedule(141)) - Scheduling a check for /home/runner/work/ozone/ozone/hadoop-ozone/integration-test/target/test-dir/MiniOzoneClusterImpl-9da5c95b-489f-4ace-b65d-e0c796cc3c87/datanode-4/data/ratis
2022-06-27 16:59:03,595 [Listener at 127.0.0.1/35065] INFO  volume.StorageVolumeChecker (StorageVolumeChecker.java:checkAllVolumes(202)) - Scheduled health check for volume /home/runner/work/ozone/ozone/hadoop-ozone/integration-test/target/test-dir/MiniOzoneClusterImpl-9da5c95b-489f-4ace-b65d-e0c796cc3c87/datanode-4/data/ratis
2022-06-27 16:59:03,606 [Thread-2223] INFO  ozoneimpl.ContainerReader (ContainerReader.java:readVolume(172)) - Finish verifying containers on volume /home/runner/work/ozone/ozone/hadoop-ozone/integration-test/target/test-dir/MiniOzoneClusterImpl-9da5c95b-489f-4ace-b65d-e0c796cc3c87/datanode-4/data-0/containers/hdds
2022-06-27 16:59:03,606 [Listener at 127.0.0.1/35065] INFO  ozoneimpl.OzoneContainer (OzoneContainer.java:buildContainerSet(266)) - Build ContainerSet costs 0s
2022-06-27 16:59:03,607 [Listener at 127.0.0.1/35065] INFO  server.RaftServer (ConfUtils.java:logGet(46)) - raft.rpc.type = GRPC (default)
2022-06-27 16:59:03,607 [Listener at 127.0.0.1/35065] INFO  grpc.GrpcFactory (GrpcFactory.java:checkPooledByteBufAllocatorUseCacheForAllThreads(48)) - PERFORMANCE WARNING: useCacheForAllThreads is true that may cause Netty to create a lot garbage objects and, as a result, trigger GC.
	It is recommended to disable useCacheForAllThreads by setting -Dorg.apache.ratis.thirdparty.io.netty.allocator.useCacheForAllThreads=false in command line.
2022-06-27 16:59:03,607 [Listener at 127.0.0.1/35065] INFO  grpc.GrpcConfigKeys (ConfUtils.java:logGet(46)) - raft.grpc.admin.port = 0 (custom)
2022-06-27 16:59:03,607 [Listener at 127.0.0.1/35065] INFO  grpc.GrpcConfigKeys (ConfUtils.java:logGet(46)) - raft.grpc.client.port = 0 (custom)
2022-06-27 16:59:03,607 [Listener at 127.0.0.1/35065] INFO  grpc.GrpcConfigKeys (ConfUtils.java:logGet(46)) - raft.grpc.server.port = 0 (default)
2022-06-27 16:59:03,607 [Listener at 127.0.0.1/35065] INFO  server.GrpcService (ConfUtils.java:logGet(46)) - raft.grpc.message.size.max = 32MB (=33554432) (custom)
2022-06-27 16:59:03,607 [Listener at 127.0.0.1/35065] INFO  server.RaftServerConfigKeys (ConfUtils.java:logGet(46)) - raft.server.log.appender.buffer.byte-limit = 33554432 (custom)
2022-06-27 16:59:03,607 [Listener at 127.0.0.1/35065] INFO  server.GrpcService (ConfUtils.java:logGet(46)) - raft.grpc.flow.control.window = 5MB (=5242880) (custom)
2022-06-27 16:59:03,608 [Listener at 127.0.0.1/35065] INFO  server.RaftServerConfigKeys (ConfUtils.java:logGet(46)) - raft.server.rpc.request.timeout = 60s (custom)
2022-06-27 16:59:03,608 [Listener at 127.0.0.1/35065] INFO  grpc.GrpcConfigKeys (ConfUtils.java:logGet(46)) - raft.grpc.server.async.request.thread.pool.cached = true (default)
2022-06-27 16:59:03,608 [Listener at 127.0.0.1/35065] INFO  grpc.GrpcConfigKeys (ConfUtils.java:logGet(46)) - raft.grpc.server.async.request.thread.pool.size = 32 (default)
2022-06-27 16:59:03,609 [Listener at 127.0.0.1/35065] INFO  impl.DataStreamServerImpl (ConfUtils.java:logGet(46)) - raft.datastream.type = DISABLED (default)
2022-06-27 16:59:03,609 [Listener at 127.0.0.1/35065] INFO  server.RaftServerConfigKeys (ConfUtils.java:logGet(46)) - raft.server.threadpool.proxy.cached = true (default)
2022-06-27 16:59:03,609 [Listener at 127.0.0.1/35065] INFO  server.RaftServerConfigKeys (ConfUtils.java:logGet(46)) - raft.server.threadpool.proxy.size = 0 (default)
2022-06-27 16:59:03,609 [Listener at 127.0.0.1/35065] INFO  server.RaftServerConfigKeys (ConfUtils.java:logGet(46)) - raft.server.rpc.slowness.timeout = 300s (custom)
2022-06-27 16:59:03,610 [Listener at 127.0.0.1/35065] INFO  server.RaftServerConfigKeys (ConfUtils.java:logGet(46)) - raft.server.leaderelection.leader.step-down.wait-time = 10s (default)
2022-06-27 16:59:03,611 [Listener at 127.0.0.1/35065] INFO  server.RaftServerConfigKeys (ConfUtils.java:logGet(46)) - raft.server.storage.dir = [/home/runner/work/ozone/ozone/hadoop-ozone/integration-test/target/test-dir/MiniOzoneClusterImpl-9da5c95b-489f-4ace-b65d-e0c796cc3c87/datanode-4/data/ratis] (custom)
2022-06-27 16:59:03,612 [Listener at 127.0.0.1/35065] INFO  server.XceiverServerGrpc (XceiverServerGrpc.java:<init>(132)) - GrpcServer channel type EpollServerSocketChannel
2022-06-27 16:59:03,614 [Listener at 127.0.0.1/35065] INFO  http.BaseHttpServer (BaseHttpServer.java:newHttpServer2BuilderForOzone(209)) - Starting Web-server for hddsDatanode at: http://0.0.0.0:0
2022-06-27 16:59:03,614 [Listener at 127.0.0.1/35065] INFO  http.BaseHttpServer (BaseHttpServer.java:<init>(107)) - Hadoop Security Enabled: false Ozone Security Enabled: false Ozone HTTP Security Enabled: false 
2022-06-27 16:59:03,615 [Listener at 127.0.0.1/35065] INFO  server.AuthenticationFilter (AuthenticationFilter.java:constructSecretProvider(240)) - Unable to initialize FileSignerSecretProvider, falling back to use random secrets.
2022-06-27 16:59:03,615 [Listener at 127.0.0.1/35065] WARN  http.HttpRequestLog (HttpRequestLog.java:getRequestLog(103)) - Jetty request log can only be enabled using Log4j
2022-06-27 16:59:03,616 [Listener at 127.0.0.1/35065] INFO  http.HttpServer2 (HttpServer2.java:addGlobalFilter(1029)) - Added global filter 'safety' (class=org.apache.hadoop.hdds.server.http.HttpServer2$QuotingInputFilter)
2022-06-27 16:59:03,616 [Listener at 127.0.0.1/35065] INFO  http.HttpServer2 (HttpServer2.java:addFilter(1005)) - Added filter static_user_filter (class=org.apache.hadoop.http.lib.StaticUserWebFilter$StaticUserFilter) to context hddsDatanode
2022-06-27 16:59:03,616 [Listener at 127.0.0.1/35065] INFO  http.HttpServer2 (HttpServer2.java:addFilter(1013)) - Added filter static_user_filter (class=org.apache.hadoop.http.lib.StaticUserWebFilter$StaticUserFilter) to context static
2022-06-27 16:59:03,616 [Listener at 127.0.0.1/35065] INFO  http.HttpServer2 (HttpServer2.java:addFilter(1013)) - Added filter static_user_filter (class=org.apache.hadoop.http.lib.StaticUserWebFilter$StaticUserFilter) to context logs
2022-06-27 16:59:03,617 [Listener at 127.0.0.1/35065] INFO  http.HttpServer2 (HttpServer2.java:bindListener(1248)) - Jetty bound to port 36315
2022-06-27 16:59:03,617 [Listener at 127.0.0.1/35065] INFO  server.Server (Server.java:doStart(375)) - jetty-9.4.43.v20210629; built: 2021-06-30T11:07:22.254Z; git: 526006ecfa3af7f1a27ef3a288e2bef7ea9dd7e8; jvm 1.8.0_332-b09
2022-06-27 16:59:03,621 [Listener at 127.0.0.1/35065] INFO  server.session (DefaultSessionIdManager.java:doStart(334)) - DefaultSessionIdManager workerName=node0
2022-06-27 16:59:03,622 [Listener at 127.0.0.1/35065] INFO  server.session (DefaultSessionIdManager.java:doStart(339)) - No SessionScavenger set, using defaults
2022-06-27 16:59:03,622 [Listener at 127.0.0.1/35065] INFO  server.session (HouseKeeper.java:startScavenging(132)) - node0 Scavenging every 660000ms
2022-06-27 16:59:03,622 [Listener at 127.0.0.1/35065] INFO  handler.ContextHandler (ContextHandler.java:doStart(915)) - Started o.e.j.s.ServletContextHandler@454519b6{logs,/logs,file:///home/runner/work/ozone/ozone/hadoop-ozone/integration-test/target/log,AVAILABLE}
2022-06-27 16:59:03,622 [Listener at 127.0.0.1/35065] INFO  handler.ContextHandler (ContextHandler.java:doStart(915)) - Started o.e.j.s.ServletContextHandler@3aa348c2{static,/static,jar:file:/home/runner/.m2/repository/org/apache/ozone/hdds-container-service/1.3.0-SNAPSHOT/hdds-container-service-1.3.0-SNAPSHOT.jar!/webapps/static,AVAILABLE}
2022-06-27 16:59:03,777 [Listener at 127.0.0.1/35065] INFO  handler.ContextHandler (ContextHandler.java:doStart(915)) - Started o.e.j.w.WebAppContext@623ffed6{hddsDatanode,/,file:///tmp/jetty-0_0_0_0-36315-hdds-container-service-1_3_0-SNAPSHOT_jar-_-any-4932681790816669629/webapp/,AVAILABLE}{jar:file:/home/runner/.m2/repository/org/apache/ozone/hdds-container-service/1.3.0-SNAPSHOT/hdds-container-service-1.3.0-SNAPSHOT.jar!/webapps/hddsDatanode}
2022-06-27 16:59:03,779 [Listener at 127.0.0.1/35065] INFO  server.AbstractConnector (AbstractConnector.java:doStart(331)) - Started ServerConnector@5d1d7009{HTTP/1.1, (http/1.1)}{0.0.0.0:36315}
2022-06-27 16:59:03,779 [Listener at 127.0.0.1/35065] INFO  server.Server (Server.java:doStart(415)) - Started @300673ms
2022-06-27 16:59:03,779 [Listener at 127.0.0.1/35065] WARN  impl.MetricsSystemImpl (MetricsSystemImpl.java:register(279)) - Sink prometheus already exists!
2022-06-27 16:59:03,780 [Listener at 127.0.0.1/35065] INFO  http.BaseHttpServer (BaseHttpServer.java:updateConnectorAddress(329)) - HTTP server of hddsDatanode listening at http://0.0.0.0:36315
2022-06-27 16:59:03,785 [Listener at 127.0.0.1/35065] INFO  ozone.MiniOzoneClusterImpl (MiniOzoneClusterImpl.java:lambda$waitForClusterToBeReady$0(223)) - Waiting for nodes to be ready. Got 0 of 5 DN Heartbeats.
2022-06-27 16:59:03,785 [Listener at 127.0.0.1/35065] INFO  ozone.MiniOzoneClusterImpl (MiniOzoneClusterImpl.java:lambda$waitForClusterToBeReady$0(226)) - Waiting for cluster to exit safe mode
2022-06-27 16:59:03,785 [Listener at 127.0.0.1/35065] INFO  ozone.MiniOzoneClusterImpl (MiniOzoneClusterImpl.java:lambda$waitForClusterToBeReady$0(228)) - SCM became leader
2022-06-27 16:59:03,789 [Datanode State Machine Daemon Thread] INFO  statemachine.DatanodeStateMachine (DatanodeStateMachine.java:lambda$startDaemon$0(492)) - Ozone container server started.
2022-06-27 16:59:03,833 [org.apache.hadoop.util.JvmPauseMonitor$Monitor@1030d412] INFO  util.JvmPauseMonitor (JvmPauseMonitor.java:run(188)) - Starting JVM pause monitor
2022-06-27 16:59:03,841 [Datanode State Machine Task Thread - 0] INFO  datanode.InitDatanodeState (InitDatanodeState.java:persistContainerDatanodeDetails(138)) - DatanodeDetails is persisted to /home/runner/work/ozone/ozone/hadoop-ozone/integration-test/target/test-dir/MiniOzoneClusterImpl-9da5c95b-489f-4ace-b65d-e0c796cc3c87/datanode-4/meta/datanode.id
2022-06-27 16:59:03,870 [EndpointStateMachine task thread for /0.0.0.0:45009 - 0 ] INFO  volume.HddsVolume (HddsVolume.java:createDbStore(309)) - SchemaV3 db is created and loaded at /home/runner/work/ozone/ozone/hadoop-ozone/integration-test/target/test-dir/MiniOzoneClusterImpl-9da5c95b-489f-4ace-b65d-e0c796cc3c87/datanode-1/data-0/containers/hdds/9da5c95b-489f-4ace-b65d-e0c796cc3c87/DS-cd354c37-ab66-4e5d-a048-258661457669/container.db for volume DS-cd354c37-ab66-4e5d-a048-258661457669
2022-06-27 16:59:03,881 [EndpointStateMachine task thread for /0.0.0.0:45009 - 0 ] INFO  volume.HddsVolume (HddsVolume.java:closeDbStore(340)) - SchemaV3 db is stopped at /home/runner/work/ozone/ozone/hadoop-ozone/integration-test/target/test-dir/MiniOzoneClusterImpl-9da5c95b-489f-4ace-b65d-e0c796cc3c87/datanode-1/data-0/containers/hdds/9da5c95b-489f-4ace-b65d-e0c796cc3c87/DS-cd354c37-ab66-4e5d-a048-258661457669/container.db for volume DS-cd354c37-ab66-4e5d-a048-258661457669
2022-06-27 16:59:03,881 [EndpointStateMachine task thread for /0.0.0.0:45009 - 0 ] INFO  ozoneimpl.OzoneContainer (OzoneContainer.java:start(344)) - Attempting to start container services.
2022-06-27 16:59:03,881 [EndpointStateMachine task thread for /0.0.0.0:45009 - 0 ] INFO  ozoneimpl.OzoneContainer (OzoneContainer.java:startContainerScrub(279)) - Background container scanner has been disabled.
2022-06-27 16:59:03,915 [EndpointStateMachine task thread for /0.0.0.0:45009 - 0 ] INFO  replication.ReplicationServer (ReplicationServer.java:start(111)) - ReplicationServer is started using port 45109
2022-06-27 16:59:03,921 [EndpointStateMachine task thread for /0.0.0.0:45009 - 0 ] INFO  ratis.XceiverServerRatis (XceiverServerRatis.java:start(481)) - Starting XceiverServerRatis 97d0f922-59b0-4c16-8d4c-abda25e6e18a
2022-06-27 16:59:03,922 [EndpointStateMachine task thread for /0.0.0.0:45009 - 0 ] INFO  server.RaftServer (RaftServerProxy.java:lambda$start$6(382)) - 97d0f922-59b0-4c16-8d4c-abda25e6e18a: start RPC server
2022-06-27 16:59:03,945 [EndpointStateMachine task thread for /0.0.0.0:45009 - 0 ] INFO  server.GrpcService (GrpcService.java:startImpl(260)) - 97d0f922-59b0-4c16-8d4c-abda25e6e18a: GrpcService started, listening on 33221
2022-06-27 16:59:03,949 [EndpointStateMachine task thread for /0.0.0.0:45009 - 0 ] INFO  ratis.XceiverServerRatis (XceiverServerRatis.java:getRealPort(502)) - XceiverServerRatis 97d0f922-59b0-4c16-8d4c-abda25e6e18a is started using port 33221 for RATIS
2022-06-27 16:59:03,949 [EndpointStateMachine task thread for /0.0.0.0:45009 - 0 ] INFO  ratis.XceiverServerRatis (XceiverServerRatis.java:getRealPort(502)) - XceiverServerRatis 97d0f922-59b0-4c16-8d4c-abda25e6e18a is started using port 33221 for RATIS_ADMIN
2022-06-27 16:59:03,949 [EndpointStateMachine task thread for /0.0.0.0:45009 - 0 ] INFO  ratis.XceiverServerRatis (XceiverServerRatis.java:getRealPort(502)) - XceiverServerRatis 97d0f922-59b0-4c16-8d4c-abda25e6e18a is started using port 33221 for RATIS_SERVER
2022-06-27 16:59:03,949 [org.apache.ratis.util.JvmPauseMonitor$$Lambda$611/5070432@51a6636a] INFO  util.JvmPauseMonitor (JvmPauseMonitor.java:run(103)) - JvmPauseMonitor-97d0f922-59b0-4c16-8d4c-abda25e6e18a: Started
2022-06-27 16:59:03,985 [EndpointStateMachine task thread for /0.0.0.0:45009 - 0 ] INFO  server.XceiverServerGrpc (XceiverServerGrpc.java:start(180)) - XceiverServerGrpc 97d0f922-59b0-4c16-8d4c-abda25e6e18a is started using port 39161
2022-06-27 16:59:04,645 [IPC Server handler 0 on default port 45009] INFO  net.NetworkTopologyImpl (NetworkTopologyImpl.java:add(112)) - Added a new node: /default-rack/95b81b85-17bb-45ea-89c3-846c2a70bfe7
2022-06-27 16:59:04,646 [IPC Server handler 0 on default port 45009] INFO  node.SCMNodeManager (SCMNodeManager.java:register(397)) - Registered Data node : 95b81b85-17bb-45ea-89c3-846c2a70bfe7{ip: 10.1.0.22, host: fv-az215-30.fk02tkdpp51uda4i120yanydqb.bx.internal.cloudapp.net, ports: [REPLICATION=34981, RATIS=34665, RATIS_ADMIN=34665, RATIS_SERVER=34665, STANDALONE=45521], networkLocation: /default-rack, certSerialId: null, persistedOpState: null, persistedOpStateExpiryEpochSec: 0}
2022-06-27 16:59:04,648 [EventQueue-NodeRegistrationContainerReportForContainerSafeModeRule] INFO  safemode.SCMSafeModeManager (SCMSafeModeManager.java:validateSafeModeExitRules(204)) - ContainerSafeModeRule rule is successfully validated
2022-06-27 16:59:04,648 [EventQueue-NodeRegistrationContainerReportForDataNodeSafeModeRule] INFO  safemode.SCMSafeModeManager (DataNodeSafeModeRule.java:process(71)) - SCM in safe mode. 1 DataNodes registered, 3 required.
2022-06-27 16:59:04,658 [EventQueue-NewNodeForNewNodeHandler] INFO  pipeline.BackgroundPipelineCreator (BackgroundPipelineCreator.java:notifyEventTriggered(275)) - trigger a one-shot run on RatisPipelineUtilsThread.
2022-06-27 16:59:04,659 [RatisPipelineUtilsThread - 0] INFO  pipeline.RatisPipelineProvider (RatisPipelineProvider.java:lambda$create$0(195)) - Sending CreatePipelineCommand for pipeline:PipelineID=aed9e6cd-572e-46ed-a216-19a81b7fafa0 to datanode:95b81b85-17bb-45ea-89c3-846c2a70bfe7
2022-06-27 16:59:04,659 [EventQueue-PipelineReportForOneReplicaPipelineSafeModeRule] INFO  safemode.SCMSafeModeManager (SCMSafeModeManager.java:validateSafeModeExitRules(204)) - AtleastOneDatanodeReportedRule rule is successfully validated
2022-06-27 16:59:04,661 [RatisPipelineUtilsThread - 0] INFO  pipeline.PipelineStateManagerImpl (PipelineStateManagerImpl.java:addPipeline(101)) - Created pipeline Pipeline[ Id: aed9e6cd-572e-46ed-a216-19a81b7fafa0, Nodes: 95b81b85-17bb-45ea-89c3-846c2a70bfe7{ip: 10.1.0.22, host: fv-az215-30.fk02tkdpp51uda4i120yanydqb.bx.internal.cloudapp.net, ports: [REPLICATION=34981, RATIS=34665, RATIS_ADMIN=34665, RATIS_SERVER=34665, STANDALONE=45521], networkLocation: /default-rack, certSerialId: null, persistedOpState: IN_SERVICE, persistedOpStateExpiryEpochSec: 0}, ReplicationConfig: RATIS/ONE, State:ALLOCATED, leaderId:, CreationTimestamp2022-06-27T16:59:04.659Z[Etc/UTC]].
2022-06-27 16:59:04,785 [Listener at 127.0.0.1/35065] INFO  ozone.MiniOzoneClusterImpl (MiniOzoneClusterImpl.java:lambda$waitForClusterToBeReady$0(223)) - Waiting for nodes to be ready. Got 1 of 5 DN Heartbeats.
2022-06-27 16:59:04,785 [Listener at 127.0.0.1/35065] INFO  ozone.MiniOzoneClusterImpl (MiniOzoneClusterImpl.java:lambda$waitForClusterToBeReady$0(226)) - Waiting for cluster to exit safe mode
2022-06-27 16:59:04,785 [Listener at 127.0.0.1/35065] INFO  ozone.MiniOzoneClusterImpl (MiniOzoneClusterImpl.java:lambda$waitForClusterToBeReady$0(228)) - SCM became leader
2022-06-27 16:59:05,184 [EndpointStateMachine task thread for /0.0.0.0:45009 - 0 ] INFO  volume.HddsVolume (HddsVolume.java:createDbStore(309)) - SchemaV3 db is created and loaded at /home/runner/work/ozone/ozone/hadoop-ozone/integration-test/target/test-dir/MiniOzoneClusterImpl-9da5c95b-489f-4ace-b65d-e0c796cc3c87/datanode-2/data-0/containers/hdds/9da5c95b-489f-4ace-b65d-e0c796cc3c87/DS-423d704a-631a-43be-8029-65cfd66d31f9/container.db for volume DS-423d704a-631a-43be-8029-65cfd66d31f9
2022-06-27 16:59:05,184 [EndpointStateMachine task thread for /0.0.0.0:45009 - 0 ] INFO  volume.HddsVolume (HddsVolume.java:closeDbStore(340)) - SchemaV3 db is stopped at /home/runner/work/ozone/ozone/hadoop-ozone/integration-test/target/test-dir/MiniOzoneClusterImpl-9da5c95b-489f-4ace-b65d-e0c796cc3c87/datanode-2/data-0/containers/hdds/9da5c95b-489f-4ace-b65d-e0c796cc3c87/DS-423d704a-631a-43be-8029-65cfd66d31f9/container.db for volume DS-423d704a-631a-43be-8029-65cfd66d31f9
2022-06-27 16:59:05,184 [EndpointStateMachine task thread for /0.0.0.0:45009 - 0 ] INFO  ozoneimpl.OzoneContainer (OzoneContainer.java:start(344)) - Attempting to start container services.
2022-06-27 16:59:05,184 [EndpointStateMachine task thread for /0.0.0.0:45009 - 0 ] INFO  ozoneimpl.OzoneContainer (OzoneContainer.java:startContainerScrub(279)) - Background container scanner has been disabled.
2022-06-27 16:59:05,209 [EndpointStateMachine task thread for /0.0.0.0:45009 - 0 ] INFO  replication.ReplicationServer (ReplicationServer.java:start(111)) - ReplicationServer is started using port 45899
2022-06-27 16:59:05,213 [EndpointStateMachine task thread for /0.0.0.0:45009 - 0 ] INFO  ratis.XceiverServerRatis (XceiverServerRatis.java:start(481)) - Starting XceiverServerRatis ac84e220-994f-4e81-aa4c-572e6d7da39f
2022-06-27 16:59:05,213 [EndpointStateMachine task thread for /0.0.0.0:45009 - 0 ] INFO  server.RaftServer (RaftServerProxy.java:lambda$start$6(382)) - ac84e220-994f-4e81-aa4c-572e6d7da39f: start RPC server
2022-06-27 16:59:05,226 [EndpointStateMachine task thread for /0.0.0.0:45009 - 0 ] INFO  server.GrpcService (GrpcService.java:startImpl(260)) - ac84e220-994f-4e81-aa4c-572e6d7da39f: GrpcService started, listening on 46211
2022-06-27 16:59:05,226 [EndpointStateMachine task thread for /0.0.0.0:45009 - 0 ] INFO  ratis.XceiverServerRatis (XceiverServerRatis.java:getRealPort(502)) - XceiverServerRatis ac84e220-994f-4e81-aa4c-572e6d7da39f is started using port 46211 for RATIS
2022-06-27 16:59:05,226 [EndpointStateMachine task thread for /0.0.0.0:45009 - 0 ] INFO  ratis.XceiverServerRatis (XceiverServerRatis.java:getRealPort(502)) - XceiverServerRatis ac84e220-994f-4e81-aa4c-572e6d7da39f is started using port 46211 for RATIS_ADMIN
2022-06-27 16:59:05,226 [EndpointStateMachine task thread for /0.0.0.0:45009 - 0 ] INFO  ratis.XceiverServerRatis (XceiverServerRatis.java:getRealPort(502)) - XceiverServerRatis ac84e220-994f-4e81-aa4c-572e6d7da39f is started using port 46211 for RATIS_SERVER
2022-06-27 16:59:05,230 [org.apache.ratis.util.JvmPauseMonitor$$Lambda$611/5070432@71fa8653] INFO  util.JvmPauseMonitor (JvmPauseMonitor.java:run(103)) - JvmPauseMonitor-ac84e220-994f-4e81-aa4c-572e6d7da39f: Started
2022-06-27 16:59:05,269 [EndpointStateMachine task thread for /0.0.0.0:45009 - 0 ] INFO  server.XceiverServerGrpc (XceiverServerGrpc.java:start(180)) - XceiverServerGrpc ac84e220-994f-4e81-aa4c-572e6d7da39f is started using port 35247
2022-06-27 16:59:05,532 [EndpointStateMachine task thread for /0.0.0.0:45009 - 0 ] INFO  volume.HddsVolume (HddsVolume.java:createDbStore(309)) - SchemaV3 db is created and loaded at /home/runner/work/ozone/ozone/hadoop-ozone/integration-test/target/test-dir/MiniOzoneClusterImpl-9da5c95b-489f-4ace-b65d-e0c796cc3c87/datanode-3/data-0/containers/hdds/9da5c95b-489f-4ace-b65d-e0c796cc3c87/DS-3f5a32cf-75dd-4da5-8ee6-061150d721b9/container.db for volume DS-3f5a32cf-75dd-4da5-8ee6-061150d721b9
2022-06-27 16:59:05,532 [EndpointStateMachine task thread for /0.0.0.0:45009 - 0 ] INFO  volume.HddsVolume (HddsVolume.java:closeDbStore(340)) - SchemaV3 db is stopped at /home/runner/work/ozone/ozone/hadoop-ozone/integration-test/target/test-dir/MiniOzoneClusterImpl-9da5c95b-489f-4ace-b65d-e0c796cc3c87/datanode-3/data-0/containers/hdds/9da5c95b-489f-4ace-b65d-e0c796cc3c87/DS-3f5a32cf-75dd-4da5-8ee6-061150d721b9/container.db for volume DS-3f5a32cf-75dd-4da5-8ee6-061150d721b9
2022-06-27 16:59:05,532 [EndpointStateMachine task thread for /0.0.0.0:45009 - 0 ] INFO  ozoneimpl.OzoneContainer (OzoneContainer.java:start(344)) - Attempting to start container services.
2022-06-27 16:59:05,532 [EndpointStateMachine task thread for /0.0.0.0:45009 - 0 ] INFO  ozoneimpl.OzoneContainer (OzoneContainer.java:startContainerScrub(279)) - Background container scanner has been disabled.
2022-06-27 16:59:05,556 [EndpointStateMachine task thread for /0.0.0.0:45009 - 0 ] INFO  replication.ReplicationServer (ReplicationServer.java:start(111)) - ReplicationServer is started using port 34353
2022-06-27 16:59:05,556 [EndpointStateMachine task thread for /0.0.0.0:45009 - 0 ] INFO  ratis.XceiverServerRatis (XceiverServerRatis.java:start(481)) - Starting XceiverServerRatis c409d2f4-bf9d-4770-9a7f-bcc4e942f419
2022-06-27 16:59:05,561 [EndpointStateMachine task thread for /0.0.0.0:45009 - 0 ] INFO  server.RaftServer (RaftServerProxy.java:lambda$start$6(382)) - c409d2f4-bf9d-4770-9a7f-bcc4e942f419: start RPC server
2022-06-27 16:59:05,564 [EndpointStateMachine task thread for /0.0.0.0:45009 - 0 ] INFO  server.GrpcService (GrpcService.java:startImpl(260)) - c409d2f4-bf9d-4770-9a7f-bcc4e942f419: GrpcService started, listening on 38629
2022-06-27 16:59:05,564 [EndpointStateMachine task thread for /0.0.0.0:45009 - 0 ] INFO  ratis.XceiverServerRatis (XceiverServerRatis.java:getRealPort(502)) - XceiverServerRatis c409d2f4-bf9d-4770-9a7f-bcc4e942f419 is started using port 38629 for RATIS
2022-06-27 16:59:05,564 [EndpointStateMachine task thread for /0.0.0.0:45009 - 0 ] INFO  ratis.XceiverServerRatis (XceiverServerRatis.java:getRealPort(502)) - XceiverServerRatis c409d2f4-bf9d-4770-9a7f-bcc4e942f419 is started using port 38629 for RATIS_ADMIN
2022-06-27 16:59:05,564 [EndpointStateMachine task thread for /0.0.0.0:45009 - 0 ] INFO  ratis.XceiverServerRatis (XceiverServerRatis.java:getRealPort(502)) - XceiverServerRatis c409d2f4-bf9d-4770-9a7f-bcc4e942f419 is started using port 38629 for RATIS_SERVER
2022-06-27 16:59:05,564 [org.apache.ratis.util.JvmPauseMonitor$$Lambda$611/5070432@2e6b68c4] INFO  util.JvmPauseMonitor (JvmPauseMonitor.java:run(103)) - JvmPauseMonitor-c409d2f4-bf9d-4770-9a7f-bcc4e942f419: Started
2022-06-27 16:59:05,597 [EndpointStateMachine task thread for /0.0.0.0:45009 - 0 ] INFO  server.XceiverServerGrpc (XceiverServerGrpc.java:start(180)) - XceiverServerGrpc c409d2f4-bf9d-4770-9a7f-bcc4e942f419 is started using port 40327
2022-06-27 16:59:05,786 [Listener at 127.0.0.1/35065] INFO  ozone.MiniOzoneClusterImpl (MiniOzoneClusterImpl.java:lambda$waitForClusterToBeReady$0(223)) - Waiting for nodes to be ready. Got 1 of 5 DN Heartbeats.
2022-06-27 16:59:05,786 [Listener at 127.0.0.1/35065] INFO  ozone.MiniOzoneClusterImpl (MiniOzoneClusterImpl.java:lambda$waitForClusterToBeReady$0(226)) - Waiting for cluster to exit safe mode
2022-06-27 16:59:05,786 [Listener at 127.0.0.1/35065] INFO  ozone.MiniOzoneClusterImpl (MiniOzoneClusterImpl.java:lambda$waitForClusterToBeReady$0(228)) - SCM became leader
2022-06-27 16:59:05,789 [IPC Server handler 1 on default port 45009] INFO  net.NetworkTopologyImpl (NetworkTopologyImpl.java:add(112)) - Added a new node: /default-rack/97d0f922-59b0-4c16-8d4c-abda25e6e18a
2022-06-27 16:59:05,789 [IPC Server handler 1 on default port 45009] INFO  node.SCMNodeManager (SCMNodeManager.java:register(397)) - Registered Data node : 97d0f922-59b0-4c16-8d4c-abda25e6e18a{ip: 10.1.0.22, host: fv-az215-30.fk02tkdpp51uda4i120yanydqb.bx.internal.cloudapp.net, ports: [REPLICATION=45109, RATIS=33221, RATIS_ADMIN=33221, RATIS_SERVER=33221, STANDALONE=39161], networkLocation: /default-rack, certSerialId: null, persistedOpState: null, persistedOpStateExpiryEpochSec: 0}
2022-06-27 16:59:05,789 [EventQueue-NodeRegistrationContainerReportForDataNodeSafeModeRule] INFO  safemode.SCMSafeModeManager (DataNodeSafeModeRule.java:process(71)) - SCM in safe mode. 2 DataNodes registered, 3 required.
2022-06-27 16:59:05,790 [EventQueue-NewNodeForNewNodeHandler] INFO  pipeline.BackgroundPipelineCreator (BackgroundPipelineCreator.java:notifyEventTriggered(275)) - trigger a one-shot run on RatisPipelineUtilsThread.
2022-06-27 16:59:05,792 [RatisPipelineUtilsThread - 0] INFO  pipeline.RatisPipelineProvider (RatisPipelineProvider.java:lambda$create$0(195)) - Sending CreatePipelineCommand for pipeline:PipelineID=f68ab14c-f0b3-47d6-a168-46bfb31d35aa to datanode:97d0f922-59b0-4c16-8d4c-abda25e6e18a
2022-06-27 16:59:05,792 [RatisPipelineUtilsThread - 0] INFO  pipeline.PipelineStateManagerImpl (PipelineStateManagerImpl.java:addPipeline(101)) - Created pipeline Pipeline[ Id: f68ab14c-f0b3-47d6-a168-46bfb31d35aa, Nodes: 97d0f922-59b0-4c16-8d4c-abda25e6e18a{ip: 10.1.0.22, host: fv-az215-30.fk02tkdpp51uda4i120yanydqb.bx.internal.cloudapp.net, ports: [REPLICATION=45109, RATIS=33221, RATIS_ADMIN=33221, RATIS_SERVER=33221, STANDALONE=39161], networkLocation: /default-rack, certSerialId: null, persistedOpState: IN_SERVICE, persistedOpStateExpiryEpochSec: 0}, ReplicationConfig: RATIS/ONE, State:ALLOCATED, leaderId:, CreationTimestamp2022-06-27T16:59:05.792Z[Etc/UTC]].
2022-06-27 16:59:05,873 [EndpointStateMachine task thread for /0.0.0.0:45009 - 0 ] INFO  volume.HddsVolume (HddsVolume.java:createDbStore(309)) - SchemaV3 db is created and loaded at /home/runner/work/ozone/ozone/hadoop-ozone/integration-test/target/test-dir/MiniOzoneClusterImpl-9da5c95b-489f-4ace-b65d-e0c796cc3c87/datanode-4/data-0/containers/hdds/9da5c95b-489f-4ace-b65d-e0c796cc3c87/DS-e7089fd4-0f7d-4bf1-9a57-2ba7ab0cebfa/container.db for volume DS-e7089fd4-0f7d-4bf1-9a57-2ba7ab0cebfa
2022-06-27 16:59:05,873 [EndpointStateMachine task thread for /0.0.0.0:45009 - 0 ] INFO  volume.HddsVolume (HddsVolume.java:closeDbStore(340)) - SchemaV3 db is stopped at /home/runner/work/ozone/ozone/hadoop-ozone/integration-test/target/test-dir/MiniOzoneClusterImpl-9da5c95b-489f-4ace-b65d-e0c796cc3c87/datanode-4/data-0/containers/hdds/9da5c95b-489f-4ace-b65d-e0c796cc3c87/DS-e7089fd4-0f7d-4bf1-9a57-2ba7ab0cebfa/container.db for volume DS-e7089fd4-0f7d-4bf1-9a57-2ba7ab0cebfa
2022-06-27 16:59:05,874 [EndpointStateMachine task thread for /0.0.0.0:45009 - 0 ] INFO  ozoneimpl.OzoneContainer (OzoneContainer.java:start(344)) - Attempting to start container services.
2022-06-27 16:59:05,874 [EndpointStateMachine task thread for /0.0.0.0:45009 - 0 ] INFO  ozoneimpl.OzoneContainer (OzoneContainer.java:startContainerScrub(279)) - Background container scanner has been disabled.
2022-06-27 16:59:05,888 [EndpointStateMachine task thread for /0.0.0.0:45009 - 0 ] INFO  replication.ReplicationServer (ReplicationServer.java:start(111)) - ReplicationServer is started using port 32997
2022-06-27 16:59:05,897 [EndpointStateMachine task thread for /0.0.0.0:45009 - 0 ] INFO  ratis.XceiverServerRatis (XceiverServerRatis.java:start(481)) - Starting XceiverServerRatis 0dd50b48-e2e1-49cf-998a-2c9ab0a66ce5
2022-06-27 16:59:05,902 [EndpointStateMachine task thread for /0.0.0.0:45009 - 0 ] INFO  server.RaftServer (RaftServerProxy.java:lambda$start$6(382)) - 0dd50b48-e2e1-49cf-998a-2c9ab0a66ce5: start RPC server
2022-06-27 16:59:05,914 [EndpointStateMachine task thread for /0.0.0.0:45009 - 0 ] INFO  server.GrpcService (GrpcService.java:startImpl(260)) - 0dd50b48-e2e1-49cf-998a-2c9ab0a66ce5: GrpcService started, listening on 34597
2022-06-27 16:59:05,917 [EndpointStateMachine task thread for /0.0.0.0:45009 - 0 ] INFO  ratis.XceiverServerRatis (XceiverServerRatis.java:getRealPort(502)) - XceiverServerRatis 0dd50b48-e2e1-49cf-998a-2c9ab0a66ce5 is started using port 34597 for RATIS
2022-06-27 16:59:05,917 [EndpointStateMachine task thread for /0.0.0.0:45009 - 0 ] INFO  ratis.XceiverServerRatis (XceiverServerRatis.java:getRealPort(502)) - XceiverServerRatis 0dd50b48-e2e1-49cf-998a-2c9ab0a66ce5 is started using port 34597 for RATIS_ADMIN
2022-06-27 16:59:05,917 [EndpointStateMachine task thread for /0.0.0.0:45009 - 0 ] INFO  ratis.XceiverServerRatis (XceiverServerRatis.java:getRealPort(502)) - XceiverServerRatis 0dd50b48-e2e1-49cf-998a-2c9ab0a66ce5 is started using port 34597 for RATIS_SERVER
2022-06-27 16:59:05,917 [org.apache.ratis.util.JvmPauseMonitor$$Lambda$611/5070432@2a4c9808] INFO  util.JvmPauseMonitor (JvmPauseMonitor.java:run(103)) - JvmPauseMonitor-0dd50b48-e2e1-49cf-998a-2c9ab0a66ce5: Started
2022-06-27 16:59:05,955 [EndpointStateMachine task thread for /0.0.0.0:45009 - 0 ] INFO  server.XceiverServerGrpc (XceiverServerGrpc.java:start(180)) - XceiverServerGrpc 0dd50b48-e2e1-49cf-998a-2c9ab0a66ce5 is started using port 45015
2022-06-27 16:59:06,786 [Listener at 127.0.0.1/35065] INFO  ozone.MiniOzoneClusterImpl (MiniOzoneClusterImpl.java:lambda$waitForClusterToBeReady$0(223)) - Waiting for nodes to be ready. Got 2 of 5 DN Heartbeats.
2022-06-27 16:59:06,786 [Listener at 127.0.0.1/35065] INFO  ozone.MiniOzoneClusterImpl (MiniOzoneClusterImpl.java:lambda$waitForClusterToBeReady$0(226)) - Waiting for cluster to exit safe mode
2022-06-27 16:59:06,786 [Listener at 127.0.0.1/35065] INFO  ozone.MiniOzoneClusterImpl (MiniOzoneClusterImpl.java:lambda$waitForClusterToBeReady$0(228)) - SCM became leader
2022-06-27 16:59:07,153 [IPC Server handler 15 on default port 45009] INFO  net.NetworkTopologyImpl (NetworkTopologyImpl.java:add(112)) - Added a new node: /default-rack/ac84e220-994f-4e81-aa4c-572e6d7da39f
2022-06-27 16:59:07,154 [IPC Server handler 15 on default port 45009] INFO  node.SCMNodeManager (SCMNodeManager.java:register(397)) - Registered Data node : ac84e220-994f-4e81-aa4c-572e6d7da39f{ip: 10.1.0.22, host: fv-az215-30.fk02tkdpp51uda4i120yanydqb.bx.internal.cloudapp.net, ports: [REPLICATION=45899, RATIS=46211, RATIS_ADMIN=46211, RATIS_SERVER=46211, STANDALONE=35247], networkLocation: /default-rack, certSerialId: null, persistedOpState: null, persistedOpStateExpiryEpochSec: 0}
2022-06-27 16:59:07,154 [EventQueue-NewNodeForNewNodeHandler] INFO  pipeline.BackgroundPipelineCreator (BackgroundPipelineCreator.java:notifyEventTriggered(275)) - trigger a one-shot run on RatisPipelineUtilsThread.
2022-06-27 16:59:07,157 [EventQueue-NodeRegistrationContainerReportForDataNodeSafeModeRule] INFO  safemode.SCMSafeModeManager (DataNodeSafeModeRule.java:process(71)) - SCM in safe mode. 3 DataNodes registered, 3 required.
2022-06-27 16:59:07,157 [EventQueue-NodeRegistrationContainerReportForDataNodeSafeModeRule] INFO  safemode.SCMSafeModeManager (SCMSafeModeManager.java:validateSafeModeExitRules(204)) - DataNodeSafeModeRule rule is successfully validated
2022-06-27 16:59:07,157 [EventQueue-NodeRegistrationContainerReportForDataNodeSafeModeRule] INFO  safemode.SCMSafeModeManager (SCMSafeModeManager.java:completePreCheck(233)) - All SCM safe mode pre check rules have passed
2022-06-27 16:59:07,157 [EventQueue-NodeRegistrationContainerReportForDataNodeSafeModeRule] WARN  events.EventQueue (EventQueue.java:fireEvent(216)) - No event handler registered for event TypedEvent{payloadType=SafeModeStatus, name='Safe mode status'}
2022-06-27 16:59:07,157 [RatisPipelineUtilsThread - 0] INFO  pipeline.RatisPipelineProvider (RatisPipelineProvider.java:lambda$create$0(195)) - Sending CreatePipelineCommand for pipeline:PipelineID=bcf71a2e-d4bc-459f-b139-9ebe2e882aee to datanode:ac84e220-994f-4e81-aa4c-572e6d7da39f
2022-06-27 16:59:07,157 [EventQueue-NodeRegistrationContainerReportForDataNodeSafeModeRule] INFO  ha.SCMContext (SCMContext.java:updateSafeModeStatus(228)) - Update SafeModeStatus from SafeModeStatus{safeModeStatus=true, preCheckPassed=false} to SafeModeStatus{safeModeStatus=true, preCheckPassed=true}.
2022-06-27 16:59:07,157 [EventQueue-NodeRegistrationContainerReportForDataNodeSafeModeRule] INFO  pipeline.BackgroundPipelineCreator (BackgroundPipelineCreator.java:notifyEventTriggered(275)) - trigger a one-shot run on RatisPipelineUtilsThread.
2022-06-27 16:59:07,157 [RatisPipelineUtilsThread - 0] INFO  pipeline.PipelineStateManagerImpl (PipelineStateManagerImpl.java:addPipeline(101)) - Created pipeline Pipeline[ Id: bcf71a2e-d4bc-459f-b139-9ebe2e882aee, Nodes: ac84e220-994f-4e81-aa4c-572e6d7da39f{ip: 10.1.0.22, host: fv-az215-30.fk02tkdpp51uda4i120yanydqb.bx.internal.cloudapp.net, ports: [REPLICATION=45899, RATIS=46211, RATIS_ADMIN=46211, RATIS_SERVER=46211, STANDALONE=35247], networkLocation: /default-rack, certSerialId: null, persistedOpState: IN_SERVICE, persistedOpStateExpiryEpochSec: 0}, ReplicationConfig: RATIS/ONE, State:ALLOCATED, leaderId:, CreationTimestamp2022-06-27T16:59:07.157Z[Etc/UTC]].
2022-06-27 16:59:07,158 [RatisPipelineUtilsThread - 0] INFO  pipeline.RatisPipelineProvider (RatisPipelineProvider.java:lambda$create$0(195)) - Sending CreatePipelineCommand for pipeline:PipelineID=c4c4fbad-26bb-4edd-b404-0d4e55c45bc0 to datanode:ac84e220-994f-4e81-aa4c-572e6d7da39f
2022-06-27 16:59:07,158 [RatisPipelineUtilsThread - 0] INFO  pipeline.RatisPipelineProvider (RatisPipelineProvider.java:lambda$create$0(195)) - Sending CreatePipelineCommand for pipeline:PipelineID=c4c4fbad-26bb-4edd-b404-0d4e55c45bc0 to datanode:97d0f922-59b0-4c16-8d4c-abda25e6e18a
2022-06-27 16:59:07,158 [RatisPipelineUtilsThread - 0] INFO  pipeline.RatisPipelineProvider (RatisPipelineProvider.java:lambda$create$0(195)) - Sending CreatePipelineCommand for pipeline:PipelineID=c4c4fbad-26bb-4edd-b404-0d4e55c45bc0 to datanode:95b81b85-17bb-45ea-89c3-846c2a70bfe7
2022-06-27 16:59:07,158 [RatisPipelineUtilsThread - 0] INFO  pipeline.PipelineStateManagerImpl (PipelineStateManagerImpl.java:addPipeline(101)) - Created pipeline Pipeline[ Id: c4c4fbad-26bb-4edd-b404-0d4e55c45bc0, Nodes: ac84e220-994f-4e81-aa4c-572e6d7da39f{ip: 10.1.0.22, host: fv-az215-30.fk02tkdpp51uda4i120yanydqb.bx.internal.cloudapp.net, ports: [REPLICATION=45899, RATIS=46211, RATIS_ADMIN=46211, RATIS_SERVER=46211, STANDALONE=35247], networkLocation: /default-rack, certSerialId: null, persistedOpState: IN_SERVICE, persistedOpStateExpiryEpochSec: 0}97d0f922-59b0-4c16-8d4c-abda25e6e18a{ip: 10.1.0.22, host: fv-az215-30.fk02tkdpp51uda4i120yanydqb.bx.internal.cloudapp.net, ports: [REPLICATION=45109, RATIS=33221, RATIS_ADMIN=33221, RATIS_SERVER=33221, STANDALONE=39161], networkLocation: /default-rack, certSerialId: null, persistedOpState: IN_SERVICE, persistedOpStateExpiryEpochSec: 0}95b81b85-17bb-45ea-89c3-846c2a70bfe7{ip: 10.1.0.22, host: fv-az215-30.fk02tkdpp51uda4i120yanydqb.bx.internal.cloudapp.net, ports: [REPLICATION=34981, RATIS=34665, RATIS_ADMIN=34665, RATIS_SERVER=34665, STANDALONE=45521], networkLocation: /default-rack, certSerialId: null, persistedOpState: IN_SERVICE, persistedOpStateExpiryEpochSec: 0}, ReplicationConfig: RATIS/THREE, State:ALLOCATED, leaderId:, CreationTimestamp2022-06-27T16:59:07.158Z[Etc/UTC]].
2022-06-27 16:59:07,158 [RatisPipelineUtilsThread - 0] INFO  pipeline.RatisPipelineProvider (RatisPipelineProvider.java:lambda$create$0(195)) - Sending CreatePipelineCommand for pipeline:PipelineID=895d2897-a99a-49dc-983a-f63f9de2f8bd to datanode:97d0f922-59b0-4c16-8d4c-abda25e6e18a
2022-06-27 16:59:07,158 [RatisPipelineUtilsThread - 0] INFO  pipeline.RatisPipelineProvider (RatisPipelineProvider.java:lambda$create$0(195)) - Sending CreatePipelineCommand for pipeline:PipelineID=895d2897-a99a-49dc-983a-f63f9de2f8bd to datanode:95b81b85-17bb-45ea-89c3-846c2a70bfe7
2022-06-27 16:59:07,158 [RatisPipelineUtilsThread - 0] INFO  pipeline.RatisPipelineProvider (RatisPipelineProvider.java:lambda$create$0(195)) - Sending CreatePipelineCommand for pipeline:PipelineID=895d2897-a99a-49dc-983a-f63f9de2f8bd to datanode:ac84e220-994f-4e81-aa4c-572e6d7da39f
2022-06-27 16:59:07,159 [RatisPipelineUtilsThread - 0] INFO  pipeline.PipelineStateManagerImpl (PipelineStateManagerImpl.java:addPipeline(101)) - Created pipeline Pipeline[ Id: 895d2897-a99a-49dc-983a-f63f9de2f8bd, Nodes: 97d0f922-59b0-4c16-8d4c-abda25e6e18a{ip: 10.1.0.22, host: fv-az215-30.fk02tkdpp51uda4i120yanydqb.bx.internal.cloudapp.net, ports: [REPLICATION=45109, RATIS=33221, RATIS_ADMIN=33221, RATIS_SERVER=33221, STANDALONE=39161], networkLocation: /default-rack, certSerialId: null, persistedOpState: IN_SERVICE, persistedOpStateExpiryEpochSec: 0}95b81b85-17bb-45ea-89c3-846c2a70bfe7{ip: 10.1.0.22, host: fv-az215-30.fk02tkdpp51uda4i120yanydqb.bx.internal.cloudapp.net, ports: [REPLICATION=34981, RATIS=34665, RATIS_ADMIN=34665, RATIS_SERVER=34665, STANDALONE=45521], networkLocation: /default-rack, certSerialId: null, persistedOpState: IN_SERVICE, persistedOpStateExpiryEpochSec: 0}ac84e220-994f-4e81-aa4c-572e6d7da39f{ip: 10.1.0.22, host: fv-az215-30.fk02tkdpp51uda4i120yanydqb.bx.internal.cloudapp.net, ports: [REPLICATION=45899, RATIS=46211, RATIS_ADMIN=46211, RATIS_SERVER=46211, STANDALONE=35247], networkLocation: /default-rack, certSerialId: null, persistedOpState: IN_SERVICE, persistedOpStateExpiryEpochSec: 0}, ReplicationConfig: RATIS/THREE, State:ALLOCATED, leaderId:, CreationTimestamp2022-06-27T16:59:07.158Z[Etc/UTC]].
2022-06-27 16:59:07,159 [RatisPipelineUtilsThread - 0] INFO  pipeline.PipelineManagerImpl (PipelineManagerImpl.java:recordMetricsForPipeline(780)) - Pipeline: PipelineID=895d2897-a99a-49dc-983a-f63f9de2f8bd contains same datanodes as previous pipelines: PipelineID=c4c4fbad-26bb-4edd-b404-0d4e55c45bc0 nodeIds: 97d0f922-59b0-4c16-8d4c-abda25e6e18a, 95b81b85-17bb-45ea-89c3-846c2a70bfe7, ac84e220-994f-4e81-aa4c-572e6d7da39f
2022-06-27 16:59:07,500 [IPC Server handler 1 on default port 45009] INFO  net.NetworkTopologyImpl (NetworkTopologyImpl.java:add(112)) - Added a new node: /default-rack/c409d2f4-bf9d-4770-9a7f-bcc4e942f419
2022-06-27 16:59:07,501 [IPC Server handler 1 on default port 45009] INFO  node.SCMNodeManager (SCMNodeManager.java:register(397)) - Registered Data node : c409d2f4-bf9d-4770-9a7f-bcc4e942f419{ip: 10.1.0.22, host: fv-az215-30.fk02tkdpp51uda4i120yanydqb.bx.internal.cloudapp.net, ports: [REPLICATION=34353, RATIS=38629, RATIS_ADMIN=38629, RATIS_SERVER=38629, STANDALONE=40327], networkLocation: /default-rack, certSerialId: null, persistedOpState: null, persistedOpStateExpiryEpochSec: 0}
2022-06-27 16:59:07,501 [EventQueue-NewNodeForNewNodeHandler] INFO  pipeline.BackgroundPipelineCreator (BackgroundPipelineCreator.java:notifyEventTriggered(275)) - trigger a one-shot run on RatisPipelineUtilsThread.
2022-06-27 16:59:07,501 [RatisPipelineUtilsThread - 0] INFO  pipeline.RatisPipelineProvider (RatisPipelineProvider.java:lambda$create$0(195)) - Sending CreatePipelineCommand for pipeline:PipelineID=3f1f9ee5-4006-49d8-b071-d1bb62754e78 to datanode:c409d2f4-bf9d-4770-9a7f-bcc4e942f419
2022-06-27 16:59:07,502 [RatisPipelineUtilsThread - 0] INFO  pipeline.PipelineStateManagerImpl (PipelineStateManagerImpl.java:addPipeline(101)) - Created pipeline Pipeline[ Id: 3f1f9ee5-4006-49d8-b071-d1bb62754e78, Nodes: c409d2f4-bf9d-4770-9a7f-bcc4e942f419{ip: 10.1.0.22, host: fv-az215-30.fk02tkdpp51uda4i120yanydqb.bx.internal.cloudapp.net, ports: [REPLICATION=34353, RATIS=38629, RATIS_ADMIN=38629, RATIS_SERVER=38629, STANDALONE=40327], networkLocation: /default-rack, certSerialId: null, persistedOpState: IN_SERVICE, persistedOpStateExpiryEpochSec: 0}, ReplicationConfig: RATIS/ONE, State:ALLOCATED, leaderId:, CreationTimestamp2022-06-27T16:59:07.501Z[Etc/UTC]].
2022-06-27 16:59:07,648 [Command processor thread] INFO  server.RaftServer (RaftServerProxy.java:addNew(96)) - 95b81b85-17bb-45ea-89c3-846c2a70bfe7: addNew group-19A81B7FAFA0:[95b81b85-17bb-45ea-89c3-846c2a70bfe7|rpc:10.1.0.22:34665|priority:1] returns group-19A81B7FAFA0:java.util.concurrent.CompletableFuture@268e6f07[Not completed]
2022-06-27 16:59:07,650 [pool-1105-thread-1] INFO  server.RaftServer$Division (RaftServerImpl.java:<init>(190)) - 95b81b85-17bb-45ea-89c3-846c2a70bfe7: new RaftServerImpl for group-19A81B7FAFA0:[95b81b85-17bb-45ea-89c3-846c2a70bfe7|rpc:10.1.0.22:34665|priority:1] with ContainerStateMachine:uninitialized
2022-06-27 16:59:07,652 [pool-1105-thread-1] INFO  server.RaftServerConfigKeys (ConfUtils.java:logGet(46)) - raft.server.rpc.timeout.min = 5s (custom)
2022-06-27 16:59:07,652 [pool-1105-thread-1] INFO  server.RaftServerConfigKeys (ConfUtils.java:logGet(46)) - raft.server.rpc.timeout.max = 5200ms (custom)
2022-06-27 16:59:07,652 [pool-1105-thread-1] INFO  server.RaftServerConfigKeys (ConfUtils.java:logGet(46)) - raft.server.rpc.sleep.time = 25ms (default)
2022-06-27 16:59:07,652 [pool-1105-thread-1] INFO  server.RaftServerConfigKeys (ConfUtils.java:logGet(46)) - raft.server.rpc.slowness.timeout = 300s (custom)
2022-06-27 16:59:07,652 [pool-1105-thread-1] INFO  server.RaftServerConfigKeys (ConfUtils.java:logGet(46)) - raft.server.leaderelection.leader.step-down.wait-time = 10s (default)
2022-06-27 16:59:07,653 [pool-1105-thread-1] INFO  server.RaftServerConfigKeys (ConfUtils.java:logGet(46)) - raft.server.sleep.deviation.threshold = 300ms (default)
2022-06-27 16:59:07,670 [pool-1105-thread-1] INFO  server.RaftServer$Division (ServerState.java:<init>(107)) - 95b81b85-17bb-45ea-89c3-846c2a70bfe7@group-19A81B7FAFA0: ConfigurationManager, init=-1: [95b81b85-17bb-45ea-89c3-846c2a70bfe7|rpc:10.1.0.22:34665|priority:1], old=null, confs=<EMPTY_MAP>
2022-06-27 16:59:07,670 [pool-1105-thread-1] INFO  server.RaftServerConfigKeys (ConfUtils.java:logGet(46)) - raft.server.storage.dir = [/home/runner/work/ozone/ozone/hadoop-ozone/integration-test/target/test-dir/MiniOzoneClusterImpl-9da5c95b-489f-4ace-b65d-e0c796cc3c87/datanode-0/data/ratis] (custom)
2022-06-27 16:59:07,670 [pool-1105-thread-1] INFO  server.RaftServerConfigKeys (ConfUtils.java:logGet(46)) - raft.server.log.corruption.policy = EXCEPTION (default)
2022-06-27 16:59:07,670 [pool-1105-thread-1] INFO  server.RaftServerConfigKeys (ConfUtils.java:logGet(46)) - raft.server.storage.free-space.min = 0MB (=0) (default)
2022-06-27 16:59:07,671 [pool-1105-thread-1] INFO  storage.RaftStorageDirectory (RaftStorageDirectoryImpl.java:analyzeStorage(135)) - The storage directory /home/runner/work/ozone/ozone/hadoop-ozone/integration-test/target/test-dir/MiniOzoneClusterImpl-9da5c95b-489f-4ace-b65d-e0c796cc3c87/datanode-0/data/ratis/aed9e6cd-572e-46ed-a216-19a81b7fafa0 does not exist. Creating ...
2022-06-27 16:59:07,672 [pool-1105-thread-1] INFO  storage.RaftStorageDirectory (RaftStorageDirectoryImpl.java:tryLock(230)) - Lock on /home/runner/work/ozone/ozone/hadoop-ozone/integration-test/target/test-dir/MiniOzoneClusterImpl-9da5c95b-489f-4ace-b65d-e0c796cc3c87/datanode-0/data/ratis/aed9e6cd-572e-46ed-a216-19a81b7fafa0/in_use.lock acquired by nodename 16603@fv-az215-30
2022-06-27 16:59:07,676 [pool-1105-thread-1] INFO  storage.RaftStorage (RaftStorageImpl.java:format(89)) - Storage directory /home/runner/work/ozone/ozone/hadoop-ozone/integration-test/target/test-dir/MiniOzoneClusterImpl-9da5c95b-489f-4ace-b65d-e0c796cc3c87/datanode-0/data/ratis/aed9e6cd-572e-46ed-a216-19a81b7fafa0 has been successfully formatted.
2022-06-27 16:59:07,684 [pool-1105-thread-1] INFO  ratis.ContainerStateMachine (ContainerStateMachine.java:loadSnapshot(236)) - group-19A81B7FAFA0: The snapshot info is null. Setting the last applied indexto:(t:0, i:~)
2022-06-27 16:59:07,684 [pool-1105-thread-1] INFO  server.RaftServerConfigKeys (ConfUtils.java:logGet(46)) - raft.server.notification.no-leader.timeout = 300s (custom)
2022-06-27 16:59:07,685 [pool-1105-thread-1] INFO  server.RaftServerConfigKeys (ConfUtils.java:logGet(46)) - raft.server.log.use.memory = false (default)
2022-06-27 16:59:07,685 [EventQueue-PipelineReportForPipelineReportHandler] INFO  pipeline.PipelineManagerImpl (PipelineManagerImpl.java:openPipeline(358)) - Pipeline Pipeline[ Id: aed9e6cd-572e-46ed-a216-19a81b7fafa0, Nodes: 95b81b85-17bb-45ea-89c3-846c2a70bfe7{ip: 10.1.0.22, host: fv-az215-30.fk02tkdpp51uda4i120yanydqb.bx.internal.cloudapp.net, ports: [REPLICATION=34981, RATIS=34665, RATIS_ADMIN=34665, RATIS_SERVER=34665, STANDALONE=45521], networkLocation: /default-rack, certSerialId: null, persistedOpState: IN_SERVICE, persistedOpStateExpiryEpochSec: 0}, ReplicationConfig: RATIS/ONE, State:ALLOCATED, leaderId:95b81b85-17bb-45ea-89c3-846c2a70bfe7, CreationTimestamp2022-06-27T16:59:04.659Z[Etc/UTC]] moved to OPEN state
2022-06-27 16:59:07,701 [pool-1105-thread-1] INFO  server.RaftServerConfigKeys (ConfUtils.java:logGet(46)) - raft.server.log.purge.gap = 1000000 (custom)
2022-06-27 16:59:07,701 [pool-1105-thread-1] INFO  server.RaftServerConfigKeys (ConfUtils.java:logGet(46)) - raft.server.log.appender.buffer.byte-limit = 33554432 (custom)
2022-06-27 16:59:07,701 [pool-1105-thread-1] INFO  server.RaftServerConfigKeys (ConfUtils.java:logGet(46)) - raft.server.log.statemachine.data.read.timeout = 1000ms (default)
2022-06-27 16:59:07,701 [pool-1105-thread-1] INFO  server.RaftServerConfigKeys (ConfUtils.java:logGet(46)) - raft.server.log.segment.size.max = 1048576 (custom)
2022-06-27 16:59:07,702 [pool-1105-thread-1] INFO  server.RaftServerConfigKeys (ConfUtils.java:logGet(46)) - raft.server.log.segment.cache.num.max = 2 (custom)
2022-06-27 16:59:07,702 [pool-1105-thread-1] INFO  server.RaftServerConfigKeys (ConfUtils.java:logGet(46)) - raft.server.log.segment.cache.size.max = 200MB (=209715200) (default)
2022-06-27 16:59:07,702 [pool-1105-thread-1] INFO  segmented.SegmentedRaftLogWorker (SegmentedRaftLogWorker.java:<init>(187)) - new 95b81b85-17bb-45ea-89c3-846c2a70bfe7@group-19A81B7FAFA0-SegmentedRaftLogWorker for RaftStorageImpl:Storage Directory /home/runner/work/ozone/ozone/hadoop-ozone/integration-test/target/test-dir/MiniOzoneClusterImpl-9da5c95b-489f-4ace-b65d-e0c796cc3c87/datanode-0/data/ratis/aed9e6cd-572e-46ed-a216-19a81b7fafa0
2022-06-27 16:59:07,702 [pool-1105-thread-1] INFO  server.RaftServerConfigKeys (ConfUtils.java:logGet(46)) - raft.server.log.queue.byte-limit = 4294967296 (custom)
2022-06-27 16:59:07,702 [pool-1105-thread-1] INFO  server.RaftServerConfigKeys (ConfUtils.java:logGet(46)) - raft.server.log.queue.element-limit = 1024 (custom)
2022-06-27 16:59:07,702 [pool-1105-thread-1] INFO  server.RaftServerConfigKeys (ConfUtils.java:logGet(46)) - raft.server.log.segment.size.max = 1048576 (custom)
2022-06-27 16:59:07,702 [pool-1105-thread-1] INFO  server.RaftServerConfigKeys (ConfUtils.java:logGet(46)) - raft.server.log.preallocated.size = 16384 (custom)
2022-06-27 16:59:07,702 [pool-1105-thread-1] INFO  server.RaftServerConfigKeys (ConfUtils.java:logGet(46)) - raft.server.log.force.sync.num = 128 (default)
2022-06-27 16:59:07,702 [pool-1105-thread-1] INFO  server.RaftServerConfigKeys (ConfUtils.java:logGet(46)) - raft.server.log.statemachine.data.sync = true (default)
2022-06-27 16:59:07,702 [pool-1105-thread-1] INFO  server.RaftServerConfigKeys (ConfUtils.java:logGet(46)) - raft.server.log.statemachine.data.sync.timeout = 10s (default)
2022-06-27 16:59:07,702 [pool-1105-thread-1] INFO  server.RaftServerConfigKeys (ConfUtils.java:logGet(46)) - raft.server.log.statemachine.data.sync.timeout.retry = -1 (default)
2022-06-27 16:59:07,703 [pool-1105-thread-1] INFO  server.RaftServerConfigKeys (ConfUtils.java:logGet(46)) - raft.server.log.write.buffer.size = 1048576 (custom)
2022-06-27 16:59:07,704 [pool-1105-thread-1] INFO  server.RaftServerConfigKeys (ConfUtils.java:logGet(46)) - raft.server.log.unsafe-flush.enabled = false (default)
2022-06-27 16:59:07,704 [pool-1105-thread-1] INFO  server.RaftServerConfigKeys (ConfUtils.java:logGet(46)) - raft.server.log.statemachine.data.caching.enabled = true (custom)
2022-06-27 16:59:07,704 [pool-1105-thread-1] INFO  segmented.SegmentedRaftLogWorker (SegmentedRaftLogWorker.java:lambda$new$0(135)) - 95b81b85-17bb-45ea-89c3-846c2a70bfe7@group-19A81B7FAFA0-SegmentedRaftLogWorker: flushIndex: setUnconditionally 0 -> -1
2022-06-27 16:59:07,704 [pool-1105-thread-1] INFO  segmented.SegmentedRaftLogWorker (SegmentedRaftLogWorker.java:lambda$new$0(135)) - 95b81b85-17bb-45ea-89c3-846c2a70bfe7@group-19A81B7FAFA0-SegmentedRaftLogWorker: safeCacheEvictIndex: setUnconditionally 0 -> -1
2022-06-27 16:59:07,704 [pool-1105-thread-1] INFO  server.RaftServerConfigKeys (ConfUtils.java:logGet(46)) - raft.server.snapshot.auto.trigger.enabled = true (custom)
2022-06-27 16:59:07,704 [pool-1105-thread-1] INFO  server.RaftServerConfigKeys (ConfUtils.java:logGet(46)) - raft.server.snapshot.auto.trigger.threshold = 10000 (custom)
2022-06-27 16:59:07,704 [pool-1105-thread-1] INFO  server.RaftServerConfigKeys (ConfUtils.java:logGet(46)) - raft.server.snapshot.retention.file.num = 5 (custom)
2022-06-27 16:59:07,704 [pool-1105-thread-1] INFO  server.RaftServerConfigKeys (ConfUtils.java:logGet(46)) - raft.server.log.purge.upto.snapshot.index = false (default)
2022-06-27 16:59:07,704 [pool-1105-thread-1] INFO  server.RaftServerConfigKeys (ConfUtils.java:logGet(46)) - raft.server.retrycache.expirytime = 600000ms (custom)
2022-06-27 16:59:07,704 [pool-1105-thread-1] INFO  server.RaftServerConfigKeys (ConfUtils.java:logGet(46)) - raft.server.retrycache.statistics.expirytime = 100μs (default)
2022-06-27 16:59:07,705 [pool-1105-thread-1] INFO  server.RaftServerConfigKeys (ConfUtils.java:logGet(46)) - raft.server.log.appender.install.snapshot.enabled = false (custom)
2022-06-27 16:59:07,706 [pool-1105-thread-1] INFO  server.RaftServerConfigKeys (ConfUtils.java:logGet(46)) - raft.server.threadpool.server.cached = true (default)
2022-06-27 16:59:07,706 [pool-1105-thread-1] INFO  server.RaftServerConfigKeys (ConfUtils.java:logGet(46)) - raft.server.threadpool.server.size = 0 (default)
2022-06-27 16:59:07,706 [pool-1105-thread-1] INFO  server.RaftServerConfigKeys (ConfUtils.java:logGet(46)) - raft.server.threadpool.client.cached = true (default)
2022-06-27 16:59:07,706 [pool-1105-thread-1] INFO  server.RaftServerConfigKeys (ConfUtils.java:logGet(46)) - raft.server.threadpool.client.size = 0 (default)
2022-06-27 16:59:07,706 [pool-1105-thread-1] INFO  server.RaftServer$Division (RaftServerImpl.java:start(310)) - 95b81b85-17bb-45ea-89c3-846c2a70bfe7@group-19A81B7FAFA0: start as a follower, conf=-1: [95b81b85-17bb-45ea-89c3-846c2a70bfe7|rpc:10.1.0.22:34665|priority:1], old=null
2022-06-27 16:59:07,706 [pool-1105-thread-1] INFO  server.RaftServer$Division (RaftServerImpl.java:setRole(299)) - 95b81b85-17bb-45ea-89c3-846c2a70bfe7@group-19A81B7FAFA0: changes role from      null to FOLLOWER at term 0 for startAsFollower
2022-06-27 16:59:07,706 [pool-1105-thread-1] INFO  impl.RoleInfo (RoleInfo.java:updateAndGet(139)) - 95b81b85-17bb-45ea-89c3-846c2a70bfe7: start 95b81b85-17bb-45ea-89c3-846c2a70bfe7@group-19A81B7FAFA0-FollowerState
2022-06-27 16:59:07,706 [pool-1105-thread-1] INFO  util.JmxRegister (JmxRegister.java:tryRegister(44)) - Successfully registered JMX Bean with object name Ratis:service=RaftServer,group=group-19A81B7FAFA0,id=95b81b85-17bb-45ea-89c3-846c2a70bfe7
2022-06-27 16:59:07,707 [Command processor thread] INFO  ratis.XceiverServerRatis (XceiverServerRatis.java:addGroup(765)) - Created group PipelineID=aed9e6cd-572e-46ed-a216-19a81b7fafa0
2022-06-27 16:59:07,707 [Command processor thread] INFO  commandhandler.CreatePipelineCommandHandler (CreatePipelineCommandHandler.java:handle(113)) - Created Pipeline RATIS ONE PipelineID=aed9e6cd-572e-46ed-a216-19a81b7fafa0.
2022-06-27 16:59:07,707 [Command processor thread] INFO  server.RaftServer (RaftServerProxy.java:addNew(96)) - 95b81b85-17bb-45ea-89c3-846c2a70bfe7: addNew group-0D4E55C45BC0:[97d0f922-59b0-4c16-8d4c-abda25e6e18a|rpc:10.1.0.22:33221|priority:0, 95b81b85-17bb-45ea-89c3-846c2a70bfe7|rpc:10.1.0.22:34665|priority:1, ac84e220-994f-4e81-aa4c-572e6d7da39f|rpc:10.1.0.22:46211|priority:0] returns group-0D4E55C45BC0:java.util.concurrent.CompletableFuture@22b1ef0e[Not completed]
2022-06-27 16:59:07,707 [pool-1105-thread-1] INFO  server.RaftServer$Division (RaftServerImpl.java:<init>(190)) - 95b81b85-17bb-45ea-89c3-846c2a70bfe7: new RaftServerImpl for group-0D4E55C45BC0:[97d0f922-59b0-4c16-8d4c-abda25e6e18a|rpc:10.1.0.22:33221|priority:0, 95b81b85-17bb-45ea-89c3-846c2a70bfe7|rpc:10.1.0.22:34665|priority:1, ac84e220-994f-4e81-aa4c-572e6d7da39f|rpc:10.1.0.22:46211|priority:0] with ContainerStateMachine:uninitialized
2022-06-27 16:59:07,707 [pool-1105-thread-1] INFO  server.RaftServerConfigKeys (ConfUtils.java:logGet(46)) - raft.server.rpc.timeout.min = 5s (custom)
2022-06-27 16:59:07,707 [pool-1105-thread-1] INFO  server.RaftServerConfigKeys (ConfUtils.java:logGet(46)) - raft.server.rpc.timeout.max = 5200ms (custom)
2022-06-27 16:59:07,708 [pool-1105-thread-1] INFO  server.RaftServerConfigKeys (ConfUtils.java:logGet(46)) - raft.server.rpc.sleep.time = 25ms (default)
2022-06-27 16:59:07,708 [pool-1105-thread-1] INFO  server.RaftServerConfigKeys (ConfUtils.java:logGet(46)) - raft.server.rpc.slowness.timeout = 300s (custom)
2022-06-27 16:59:07,708 [pool-1105-thread-1] INFO  server.RaftServerConfigKeys (ConfUtils.java:logGet(46)) - raft.server.leaderelection.leader.step-down.wait-time = 10s (default)
2022-06-27 16:59:07,708 [pool-1105-thread-1] INFO  server.RaftServerConfigKeys (ConfUtils.java:logGet(46)) - raft.server.sleep.deviation.threshold = 300ms (default)
2022-06-27 16:59:07,708 [pool-1105-thread-1] INFO  server.RaftServer$Division (ServerState.java:<init>(107)) - 95b81b85-17bb-45ea-89c3-846c2a70bfe7@group-0D4E55C45BC0: ConfigurationManager, init=-1: [97d0f922-59b0-4c16-8d4c-abda25e6e18a|rpc:10.1.0.22:33221|priority:0, 95b81b85-17bb-45ea-89c3-846c2a70bfe7|rpc:10.1.0.22:34665|priority:1, ac84e220-994f-4e81-aa4c-572e6d7da39f|rpc:10.1.0.22:46211|priority:0], old=null, confs=<EMPTY_MAP>
2022-06-27 16:59:07,708 [pool-1105-thread-1] INFO  server.RaftServerConfigKeys (ConfUtils.java:logGet(46)) - raft.server.storage.dir = [/home/runner/work/ozone/ozone/hadoop-ozone/integration-test/target/test-dir/MiniOzoneClusterImpl-9da5c95b-489f-4ace-b65d-e0c796cc3c87/datanode-0/data/ratis] (custom)
2022-06-27 16:59:07,708 [pool-1105-thread-1] INFO  server.RaftServerConfigKeys (ConfUtils.java:logGet(46)) - raft.server.log.corruption.policy = EXCEPTION (default)
2022-06-27 16:59:07,708 [pool-1105-thread-1] INFO  server.RaftServerConfigKeys (ConfUtils.java:logGet(46)) - raft.server.storage.free-space.min = 0MB (=0) (default)
2022-06-27 16:59:07,708 [pool-1105-thread-1] INFO  storage.RaftStorageDirectory (RaftStorageDirectoryImpl.java:analyzeStorage(135)) - The storage directory /home/runner/work/ozone/ozone/hadoop-ozone/integration-test/target/test-dir/MiniOzoneClusterImpl-9da5c95b-489f-4ace-b65d-e0c796cc3c87/datanode-0/data/ratis/c4c4fbad-26bb-4edd-b404-0d4e55c45bc0 does not exist. Creating ...
2022-06-27 16:59:07,711 [pool-1105-thread-1] INFO  storage.RaftStorageDirectory (RaftStorageDirectoryImpl.java:tryLock(230)) - Lock on /home/runner/work/ozone/ozone/hadoop-ozone/integration-test/target/test-dir/MiniOzoneClusterImpl-9da5c95b-489f-4ace-b65d-e0c796cc3c87/datanode-0/data/ratis/c4c4fbad-26bb-4edd-b404-0d4e55c45bc0/in_use.lock acquired by nodename 16603@fv-az215-30
2022-06-27 16:59:07,712 [EventQueue-OpenPipelineForHealthyPipelineSafeModeRule] INFO  safemode.SCMSafeModeManager (HealthyPipelineSafeModeRule.java:process(124)) - SCM in safe mode. Healthy pipelines reported count is 0, required healthy pipeline reported count is 1
2022-06-27 16:59:07,717 [pool-1105-thread-1] INFO  storage.RaftStorage (RaftStorageImpl.java:format(89)) - Storage directory /home/runner/work/ozone/ozone/hadoop-ozone/integration-test/target/test-dir/MiniOzoneClusterImpl-9da5c95b-489f-4ace-b65d-e0c796cc3c87/datanode-0/data/ratis/c4c4fbad-26bb-4edd-b404-0d4e55c45bc0 has been successfully formatted.
2022-06-27 16:59:07,717 [pool-1105-thread-1] INFO  ratis.ContainerStateMachine (ContainerStateMachine.java:loadSnapshot(236)) - group-0D4E55C45BC0: The snapshot info is null. Setting the last applied indexto:(t:0, i:~)
2022-06-27 16:59:07,717 [pool-1105-thread-1] INFO  server.RaftServerConfigKeys (ConfUtils.java:logGet(46)) - raft.server.notification.no-leader.timeout = 300s (custom)
2022-06-27 16:59:07,717 [pool-1105-thread-1] INFO  server.RaftServerConfigKeys (ConfUtils.java:logGet(46)) - raft.server.log.use.memory = false (default)
2022-06-27 16:59:07,717 [pool-1105-thread-1] INFO  server.RaftServerConfigKeys (ConfUtils.java:logGet(46)) - raft.server.log.purge.gap = 1000000 (custom)
2022-06-27 16:59:07,717 [pool-1105-thread-1] INFO  server.RaftServerConfigKeys (ConfUtils.java:logGet(46)) - raft.server.log.appender.buffer.byte-limit = 33554432 (custom)
2022-06-27 16:59:07,717 [pool-1105-thread-1] INFO  server.RaftServerConfigKeys (ConfUtils.java:logGet(46)) - raft.server.log.statemachine.data.read.timeout = 1000ms (default)
2022-06-27 16:59:07,718 [pool-1105-thread-1] INFO  server.RaftServerConfigKeys (ConfUtils.java:logGet(46)) - raft.server.log.segment.size.max = 1048576 (custom)
2022-06-27 16:59:07,718 [pool-1105-thread-1] INFO  server.RaftServerConfigKeys (ConfUtils.java:logGet(46)) - raft.server.log.segment.cache.num.max = 2 (custom)
2022-06-27 16:59:07,718 [pool-1105-thread-1] INFO  server.RaftServerConfigKeys (ConfUtils.java:logGet(46)) - raft.server.log.segment.cache.size.max = 200MB (=209715200) (default)
2022-06-27 16:59:07,718 [pool-1105-thread-1] INFO  segmented.SegmentedRaftLogWorker (SegmentedRaftLogWorker.java:<init>(187)) - new 95b81b85-17bb-45ea-89c3-846c2a70bfe7@group-0D4E55C45BC0-SegmentedRaftLogWorker for RaftStorageImpl:Storage Directory /home/runner/work/ozone/ozone/hadoop-ozone/integration-test/target/test-dir/MiniOzoneClusterImpl-9da5c95b-489f-4ace-b65d-e0c796cc3c87/datanode-0/data/ratis/c4c4fbad-26bb-4edd-b404-0d4e55c45bc0
2022-06-27 16:59:07,718 [pool-1105-thread-1] INFO  server.RaftServerConfigKeys (ConfUtils.java:logGet(46)) - raft.server.log.queue.byte-limit = 4294967296 (custom)
2022-06-27 16:59:07,718 [pool-1105-thread-1] INFO  server.RaftServerConfigKeys (ConfUtils.java:logGet(46)) - raft.server.log.queue.element-limit = 1024 (custom)
2022-06-27 16:59:07,718 [pool-1105-thread-1] INFO  server.RaftServerConfigKeys (ConfUtils.java:logGet(46)) - raft.server.log.segment.size.max = 1048576 (custom)
2022-06-27 16:59:07,718 [pool-1105-thread-1] INFO  server.RaftServerConfigKeys (ConfUtils.java:logGet(46)) - raft.server.log.preallocated.size = 16384 (custom)
2022-06-27 16:59:07,718 [pool-1105-thread-1] INFO  server.RaftServerConfigKeys (ConfUtils.java:logGet(46)) - raft.server.log.force.sync.num = 128 (default)
2022-06-27 16:59:07,718 [pool-1105-thread-1] INFO  server.RaftServerConfigKeys (ConfUtils.java:logGet(46)) - raft.server.log.statemachine.data.sync = true (default)
2022-06-27 16:59:07,718 [pool-1105-thread-1] INFO  server.RaftServerConfigKeys (ConfUtils.java:logGet(46)) - raft.server.log.statemachine.data.sync.timeout = 10s (default)
2022-06-27 16:59:07,718 [pool-1105-thread-1] INFO  server.RaftServerConfigKeys (ConfUtils.java:logGet(46)) - raft.server.log.statemachine.data.sync.timeout.retry = -1 (default)
2022-06-27 16:59:07,719 [pool-1105-thread-1] INFO  server.RaftServerConfigKeys (ConfUtils.java:logGet(46)) - raft.server.log.write.buffer.size = 1048576 (custom)
2022-06-27 16:59:07,720 [pool-1105-thread-1] INFO  server.RaftServerConfigKeys (ConfUtils.java:logGet(46)) - raft.server.log.unsafe-flush.enabled = false (default)
2022-06-27 16:59:07,720 [pool-1105-thread-1] INFO  server.RaftServerConfigKeys (ConfUtils.java:logGet(46)) - raft.server.log.statemachine.data.caching.enabled = true (custom)
2022-06-27 16:59:07,720 [pool-1105-thread-1] INFO  segmented.SegmentedRaftLogWorker (SegmentedRaftLogWorker.java:lambda$new$0(135)) - 95b81b85-17bb-45ea-89c3-846c2a70bfe7@group-0D4E55C45BC0-SegmentedRaftLogWorker: flushIndex: setUnconditionally 0 -> -1
2022-06-27 16:59:07,720 [pool-1105-thread-1] INFO  segmented.SegmentedRaftLogWorker (SegmentedRaftLogWorker.java:lambda$new$0(135)) - 95b81b85-17bb-45ea-89c3-846c2a70bfe7@group-0D4E55C45BC0-SegmentedRaftLogWorker: safeCacheEvictIndex: setUnconditionally 0 -> -1
2022-06-27 16:59:07,720 [pool-1105-thread-1] INFO  server.RaftServerConfigKeys (ConfUtils.java:logGet(46)) - raft.server.snapshot.auto.trigger.enabled = true (custom)
2022-06-27 16:59:07,720 [pool-1105-thread-1] INFO  server.RaftServerConfigKeys (ConfUtils.java:logGet(46)) - raft.server.snapshot.auto.trigger.threshold = 10000 (custom)
2022-06-27 16:59:07,720 [pool-1105-thread-1] INFO  server.RaftServerConfigKeys (ConfUtils.java:logGet(46)) - raft.server.snapshot.retention.file.num = 5 (custom)
2022-06-27 16:59:07,720 [pool-1105-thread-1] INFO  server.RaftServerConfigKeys (ConfUtils.java:logGet(46)) - raft.server.log.purge.upto.snapshot.index = false (default)
2022-06-27 16:59:07,720 [pool-1105-thread-1] INFO  server.RaftServerConfigKeys (ConfUtils.java:logGet(46)) - raft.server.retrycache.expirytime = 600000ms (custom)
2022-06-27 16:59:07,720 [pool-1105-thread-1] INFO  server.RaftServerConfigKeys (ConfUtils.java:logGet(46)) - raft.server.retrycache.statistics.expirytime = 100μs (default)
2022-06-27 16:59:07,721 [pool-1105-thread-1] INFO  server.RaftServerConfigKeys (ConfUtils.java:logGet(46)) - raft.server.log.appender.install.snapshot.enabled = false (custom)
2022-06-27 16:59:07,722 [pool-1105-thread-1] INFO  server.RaftServerConfigKeys (ConfUtils.java:logGet(46)) - raft.server.threadpool.server.cached = true (default)
2022-06-27 16:59:07,722 [pool-1105-thread-1] INFO  server.RaftServerConfigKeys (ConfUtils.java:logGet(46)) - raft.server.threadpool.server.size = 0 (default)
2022-06-27 16:59:07,722 [pool-1105-thread-1] INFO  server.RaftServerConfigKeys (ConfUtils.java:logGet(46)) - raft.server.threadpool.client.cached = true (default)
2022-06-27 16:59:07,722 [pool-1105-thread-1] INFO  server.RaftServerConfigKeys (ConfUtils.java:logGet(46)) - raft.server.threadpool.client.size = 0 (default)
2022-06-27 16:59:07,722 [pool-1105-thread-1] INFO  server.RaftServer$Division (RaftServerImpl.java:start(310)) - 95b81b85-17bb-45ea-89c3-846c2a70bfe7@group-0D4E55C45BC0: start as a follower, conf=-1: [97d0f922-59b0-4c16-8d4c-abda25e6e18a|rpc:10.1.0.22:33221|priority:0, 95b81b85-17bb-45ea-89c3-846c2a70bfe7|rpc:10.1.0.22:34665|priority:1, ac84e220-994f-4e81-aa4c-572e6d7da39f|rpc:10.1.0.22:46211|priority:0], old=null
2022-06-27 16:59:07,722 [pool-1105-thread-1] INFO  server.RaftServer$Division (RaftServerImpl.java:setRole(299)) - 95b81b85-17bb-45ea-89c3-846c2a70bfe7@group-0D4E55C45BC0: changes role from      null to FOLLOWER at term 0 for startAsFollower
2022-06-27 16:59:07,722 [pool-1105-thread-1] INFO  impl.RoleInfo (RoleInfo.java:updateAndGet(139)) - 95b81b85-17bb-45ea-89c3-846c2a70bfe7: start 95b81b85-17bb-45ea-89c3-846c2a70bfe7@group-0D4E55C45BC0-FollowerState
2022-06-27 16:59:07,723 [pool-1105-thread-1] INFO  util.JmxRegister (JmxRegister.java:tryRegister(44)) - Successfully registered JMX Bean with object name Ratis:service=RaftServer,group=group-0D4E55C45BC0,id=95b81b85-17bb-45ea-89c3-846c2a70bfe7
2022-06-27 16:59:07,724 [Command processor thread] INFO  ratis.XceiverServerRatis (XceiverServerRatis.java:addGroup(765)) - Created group PipelineID=c4c4fbad-26bb-4edd-b404-0d4e55c45bc0
2022-06-27 16:59:07,724 [EventQueue-OpenPipelineForHealthyPipelineSafeModeRule] INFO  safemode.SCMSafeModeManager (HealthyPipelineSafeModeRule.java:process(124)) - SCM in safe mode. Healthy pipelines reported count is 0, required healthy pipeline reported count is 1
2022-06-27 16:59:07,755 [grpc-default-executor-0] INFO  server.RaftServer (RaftServerProxy.java:addNew(96)) - ac84e220-994f-4e81-aa4c-572e6d7da39f: addNew group-0D4E55C45BC0:[97d0f922-59b0-4c16-8d4c-abda25e6e18a|rpc:10.1.0.22:33221|dataStream:|priority:0, 95b81b85-17bb-45ea-89c3-846c2a70bfe7|rpc:10.1.0.22:34665|dataStream:|priority:1, ac84e220-994f-4e81-aa4c-572e6d7da39f|rpc:10.1.0.22:46211|dataStream:|priority:0] returns group-0D4E55C45BC0:java.util.concurrent.CompletableFuture@1f30b757[Not completed]
2022-06-27 16:59:07,756 [pool-1151-thread-1] INFO  server.RaftServer$Division (RaftServerImpl.java:<init>(190)) - ac84e220-994f-4e81-aa4c-572e6d7da39f: new RaftServerImpl for group-0D4E55C45BC0:[97d0f922-59b0-4c16-8d4c-abda25e6e18a|rpc:10.1.0.22:33221|dataStream:|priority:0, 95b81b85-17bb-45ea-89c3-846c2a70bfe7|rpc:10.1.0.22:34665|dataStream:|priority:1, ac84e220-994f-4e81-aa4c-572e6d7da39f|rpc:10.1.0.22:46211|dataStream:|priority:0] with ContainerStateMachine:uninitialized
2022-06-27 16:59:07,756 [pool-1151-thread-1] INFO  server.RaftServerConfigKeys (ConfUtils.java:logGet(46)) - raft.server.rpc.timeout.min = 5s (custom)
2022-06-27 16:59:07,756 [pool-1151-thread-1] INFO  server.RaftServerConfigKeys (ConfUtils.java:logGet(46)) - raft.server.rpc.timeout.max = 5200ms (custom)
2022-06-27 16:59:07,756 [pool-1151-thread-1] INFO  server.RaftServerConfigKeys (ConfUtils.java:logGet(46)) - raft.server.rpc.sleep.time = 25ms (default)
2022-06-27 16:59:07,756 [pool-1151-thread-1] INFO  server.RaftServerConfigKeys (ConfUtils.java:logGet(46)) - raft.server.rpc.slowness.timeout = 300s (custom)
2022-06-27 16:59:07,756 [pool-1151-thread-1] INFO  server.RaftServerConfigKeys (ConfUtils.java:logGet(46)) - raft.server.leaderelection.leader.step-down.wait-time = 10s (default)
2022-06-27 16:59:07,756 [pool-1151-thread-1] INFO  server.RaftServerConfigKeys (ConfUtils.java:logGet(46)) - raft.server.sleep.deviation.threshold = 300ms (default)
2022-06-27 16:59:07,756 [pool-1151-thread-1] INFO  server.RaftServer$Division (ServerState.java:<init>(107)) - ac84e220-994f-4e81-aa4c-572e6d7da39f@group-0D4E55C45BC0: ConfigurationManager, init=-1: [97d0f922-59b0-4c16-8d4c-abda25e6e18a|rpc:10.1.0.22:33221|dataStream:|priority:0, 95b81b85-17bb-45ea-89c3-846c2a70bfe7|rpc:10.1.0.22:34665|dataStream:|priority:1, ac84e220-994f-4e81-aa4c-572e6d7da39f|rpc:10.1.0.22:46211|dataStream:|priority:0], old=null, confs=<EMPTY_MAP>
2022-06-27 16:59:07,756 [pool-1151-thread-1] INFO  server.RaftServerConfigKeys (ConfUtils.java:logGet(46)) - raft.server.storage.dir = [/home/runner/work/ozone/ozone/hadoop-ozone/integration-test/target/test-dir/MiniOzoneClusterImpl-9da5c95b-489f-4ace-b65d-e0c796cc3c87/datanode-2/data/ratis] (custom)
2022-06-27 16:59:07,756 [pool-1151-thread-1] INFO  server.RaftServerConfigKeys (ConfUtils.java:logGet(46)) - raft.server.log.corruption.policy = EXCEPTION (default)
2022-06-27 16:59:07,756 [pool-1151-thread-1] INFO  server.RaftServerConfigKeys (ConfUtils.java:logGet(46)) - raft.server.storage.free-space.min = 0MB (=0) (default)
2022-06-27 16:59:07,756 [pool-1151-thread-1] INFO  storage.RaftStorageDirectory (RaftStorageDirectoryImpl.java:analyzeStorage(135)) - The storage directory /home/runner/work/ozone/ozone/hadoop-ozone/integration-test/target/test-dir/MiniOzoneClusterImpl-9da5c95b-489f-4ace-b65d-e0c796cc3c87/datanode-2/data/ratis/c4c4fbad-26bb-4edd-b404-0d4e55c45bc0 does not exist. Creating ...
2022-06-27 16:59:07,758 [pool-1151-thread-1] INFO  storage.RaftStorageDirectory (RaftStorageDirectoryImpl.java:tryLock(230)) - Lock on /home/runner/work/ozone/ozone/hadoop-ozone/integration-test/target/test-dir/MiniOzoneClusterImpl-9da5c95b-489f-4ace-b65d-e0c796cc3c87/datanode-2/data/ratis/c4c4fbad-26bb-4edd-b404-0d4e55c45bc0/in_use.lock acquired by nodename 16603@fv-az215-30
2022-06-27 16:59:07,759 [pool-1151-thread-1] INFO  storage.RaftStorage (RaftStorageImpl.java:format(89)) - Storage directory /home/runner/work/ozone/ozone/hadoop-ozone/integration-test/target/test-dir/MiniOzoneClusterImpl-9da5c95b-489f-4ace-b65d-e0c796cc3c87/datanode-2/data/ratis/c4c4fbad-26bb-4edd-b404-0d4e55c45bc0 has been successfully formatted.
2022-06-27 16:59:07,759 [pool-1151-thread-1] INFO  ratis.ContainerStateMachine (ContainerStateMachine.java:loadSnapshot(236)) - group-0D4E55C45BC0: The snapshot info is null. Setting the last applied indexto:(t:0, i:~)
2022-06-27 16:59:07,759 [pool-1151-thread-1] INFO  server.RaftServerConfigKeys (ConfUtils.java:logGet(46)) - raft.server.notification.no-leader.timeout = 300s (custom)
2022-06-27 16:59:07,759 [pool-1151-thread-1] INFO  server.RaftServerConfigKeys (ConfUtils.java:logGet(46)) - raft.server.log.use.memory = false (default)
2022-06-27 16:59:07,759 [pool-1151-thread-1] INFO  server.RaftServerConfigKeys (ConfUtils.java:logGet(46)) - raft.server.log.purge.gap = 1000000 (custom)
2022-06-27 16:59:07,759 [pool-1151-thread-1] INFO  server.RaftServerConfigKeys (ConfUtils.java:logGet(46)) - raft.server.log.appender.buffer.byte-limit = 33554432 (custom)
2022-06-27 16:59:07,759 [pool-1151-thread-1] INFO  server.RaftServerConfigKeys (ConfUtils.java:logGet(46)) - raft.server.log.statemachine.data.read.timeout = 1000ms (default)
2022-06-27 16:59:07,759 [pool-1151-thread-1] INFO  server.RaftServerConfigKeys (ConfUtils.java:logGet(46)) - raft.server.log.segment.size.max = 1048576 (custom)
2022-06-27 16:59:07,760 [pool-1151-thread-1] INFO  server.RaftServerConfigKeys (ConfUtils.java:logGet(46)) - raft.server.log.segment.cache.num.max = 2 (custom)
2022-06-27 16:59:07,760 [pool-1151-thread-1] INFO  server.RaftServerConfigKeys (ConfUtils.java:logGet(46)) - raft.server.log.segment.cache.size.max = 200MB (=209715200) (default)
2022-06-27 16:59:07,760 [pool-1151-thread-1] INFO  segmented.SegmentedRaftLogWorker (SegmentedRaftLogWorker.java:<init>(187)) - new ac84e220-994f-4e81-aa4c-572e6d7da39f@group-0D4E55C45BC0-SegmentedRaftLogWorker for RaftStorageImpl:Storage Directory /home/runner/work/ozone/ozone/hadoop-ozone/integration-test/target/test-dir/MiniOzoneClusterImpl-9da5c95b-489f-4ace-b65d-e0c796cc3c87/datanode-2/data/ratis/c4c4fbad-26bb-4edd-b404-0d4e55c45bc0
2022-06-27 16:59:07,760 [pool-1151-thread-1] INFO  server.RaftServerConfigKeys (ConfUtils.java:logGet(46)) - raft.server.log.queue.byte-limit = 4294967296 (custom)
2022-06-27 16:59:07,760 [pool-1151-thread-1] INFO  server.RaftServerConfigKeys (ConfUtils.java:logGet(46)) - raft.server.log.queue.element-limit = 1024 (custom)
2022-06-27 16:59:07,760 [pool-1151-thread-1] INFO  server.RaftServerConfigKeys (ConfUtils.java:logGet(46)) - raft.server.log.segment.size.max = 1048576 (custom)
2022-06-27 16:59:07,760 [pool-1151-thread-1] INFO  server.RaftServerConfigKeys (ConfUtils.java:logGet(46)) - raft.server.log.preallocated.size = 16384 (custom)
2022-06-27 16:59:07,760 [pool-1151-thread-1] INFO  server.RaftServerConfigKeys (ConfUtils.java:logGet(46)) - raft.server.log.force.sync.num = 128 (default)
2022-06-27 16:59:07,760 [pool-1151-thread-1] INFO  server.RaftServerConfigKeys (ConfUtils.java:logGet(46)) - raft.server.log.statemachine.data.sync = true (default)
2022-06-27 16:59:07,760 [pool-1151-thread-1] INFO  server.RaftServerConfigKeys (ConfUtils.java:logGet(46)) - raft.server.log.statemachine.data.sync.timeout = 10s (default)
2022-06-27 16:59:07,760 [pool-1151-thread-1] INFO  server.RaftServerConfigKeys (ConfUtils.java:logGet(46)) - raft.server.log.statemachine.data.sync.timeout.retry = -1 (default)
2022-06-27 16:59:07,761 [pool-1151-thread-1] INFO  server.RaftServerConfigKeys (ConfUtils.java:logGet(46)) - raft.server.log.write.buffer.size = 1048576 (custom)
2022-06-27 16:59:07,761 [pool-1151-thread-1] INFO  server.RaftServerConfigKeys (ConfUtils.java:logGet(46)) - raft.server.log.unsafe-flush.enabled = false (default)
2022-06-27 16:59:07,761 [pool-1151-thread-1] INFO  server.RaftServerConfigKeys (ConfUtils.java:logGet(46)) - raft.server.log.statemachine.data.caching.enabled = true (custom)
2022-06-27 16:59:07,762 [pool-1151-thread-1] INFO  segmented.SegmentedRaftLogWorker (SegmentedRaftLogWorker.java:lambda$new$0(135)) - ac84e220-994f-4e81-aa4c-572e6d7da39f@group-0D4E55C45BC0-SegmentedRaftLogWorker: flushIndex: setUnconditionally 0 -> -1
2022-06-27 16:59:07,762 [pool-1151-thread-1] INFO  segmented.SegmentedRaftLogWorker (SegmentedRaftLogWorker.java:lambda$new$0(135)) - ac84e220-994f-4e81-aa4c-572e6d7da39f@group-0D4E55C45BC0-SegmentedRaftLogWorker: safeCacheEvictIndex: setUnconditionally 0 -> -1
2022-06-27 16:59:07,766 [pool-1151-thread-1] INFO  server.RaftServerConfigKeys (ConfUtils.java:logGet(46)) - raft.server.snapshot.auto.trigger.enabled = true (custom)
2022-06-27 16:59:07,766 [pool-1151-thread-1] INFO  server.RaftServerConfigKeys (ConfUtils.java:logGet(46)) - raft.server.snapshot.auto.trigger.threshold = 10000 (custom)
2022-06-27 16:59:07,766 [pool-1151-thread-1] INFO  server.RaftServerConfigKeys (ConfUtils.java:logGet(46)) - raft.server.snapshot.retention.file.num = 5 (custom)
2022-06-27 16:59:07,766 [pool-1151-thread-1] INFO  server.RaftServerConfigKeys (ConfUtils.java:logGet(46)) - raft.server.log.purge.upto.snapshot.index = false (default)
2022-06-27 16:59:07,766 [pool-1151-thread-1] INFO  server.RaftServerConfigKeys (ConfUtils.java:logGet(46)) - raft.server.retrycache.expirytime = 600000ms (custom)
2022-06-27 16:59:07,766 [pool-1151-thread-1] INFO  server.RaftServerConfigKeys (ConfUtils.java:logGet(46)) - raft.server.retrycache.statistics.expirytime = 100μs (default)
2022-06-27 16:59:07,767 [pool-1151-thread-1] INFO  server.RaftServerConfigKeys (ConfUtils.java:logGet(46)) - raft.server.log.appender.install.snapshot.enabled = false (custom)
2022-06-27 16:59:07,767 [pool-1151-thread-1] INFO  server.RaftServerConfigKeys (ConfUtils.java:logGet(46)) - raft.server.threadpool.server.cached = true (default)
2022-06-27 16:59:07,767 [pool-1151-thread-1] INFO  server.RaftServerConfigKeys (ConfUtils.java:logGet(46)) - raft.server.threadpool.server.size = 0 (default)
2022-06-27 16:59:07,767 [pool-1151-thread-1] INFO  server.RaftServerConfigKeys (ConfUtils.java:logGet(46)) - raft.server.threadpool.client.cached = true (default)
2022-06-27 16:59:07,767 [pool-1151-thread-1] INFO  server.RaftServerConfigKeys (ConfUtils.java:logGet(46)) - raft.server.threadpool.client.size = 0 (default)
2022-06-27 16:59:07,768 [pool-1151-thread-1] INFO  server.RaftServer$Division (RaftServerImpl.java:start(310)) - ac84e220-994f-4e81-aa4c-572e6d7da39f@group-0D4E55C45BC0: start as a follower, conf=-1: [97d0f922-59b0-4c16-8d4c-abda25e6e18a|rpc:10.1.0.22:33221|dataStream:|priority:0, 95b81b85-17bb-45ea-89c3-846c2a70bfe7|rpc:10.1.0.22:34665|dataStream:|priority:1, ac84e220-994f-4e81-aa4c-572e6d7da39f|rpc:10.1.0.22:46211|dataStream:|priority:0], old=null
2022-06-27 16:59:07,768 [pool-1151-thread-1] INFO  server.RaftServer$Division (RaftServerImpl.java:setRole(299)) - ac84e220-994f-4e81-aa4c-572e6d7da39f@group-0D4E55C45BC0: changes role from      null to FOLLOWER at term 0 for startAsFollower
2022-06-27 16:59:07,768 [pool-1151-thread-1] INFO  impl.RoleInfo (RoleInfo.java:updateAndGet(139)) - ac84e220-994f-4e81-aa4c-572e6d7da39f: start ac84e220-994f-4e81-aa4c-572e6d7da39f@group-0D4E55C45BC0-FollowerState
2022-06-27 16:59:07,769 [pool-1151-thread-1] INFO  util.JmxRegister (JmxRegister.java:tryRegister(44)) - Successfully registered JMX Bean with object name Ratis:service=RaftServer,group=group-0D4E55C45BC0,id=ac84e220-994f-4e81-aa4c-572e6d7da39f
2022-06-27 16:59:07,787 [Listener at 127.0.0.1/35065] INFO  ozone.MiniOzoneClusterImpl (MiniOzoneClusterImpl.java:lambda$waitForClusterToBeReady$0(223)) - Waiting for nodes to be ready. Got 4 of 5 DN Heartbeats.
2022-06-27 16:59:07,787 [Listener at 127.0.0.1/35065] INFO  ozone.MiniOzoneClusterImpl (MiniOzoneClusterImpl.java:lambda$waitForClusterToBeReady$0(226)) - Waiting for cluster to exit safe mode
2022-06-27 16:59:07,787 [Listener at 127.0.0.1/35065] INFO  ozone.MiniOzoneClusterImpl (MiniOzoneClusterImpl.java:lambda$waitForClusterToBeReady$0(228)) - SCM became leader
2022-06-27 16:59:07,833 [grpc-default-executor-0] INFO  server.RaftServer (RaftServerProxy.java:addNew(96)) - 97d0f922-59b0-4c16-8d4c-abda25e6e18a: addNew group-0D4E55C45BC0:[97d0f922-59b0-4c16-8d4c-abda25e6e18a|rpc:10.1.0.22:33221|dataStream:|priority:0, 95b81b85-17bb-45ea-89c3-846c2a70bfe7|rpc:10.1.0.22:34665|dataStream:|priority:1, ac84e220-994f-4e81-aa4c-572e6d7da39f|rpc:10.1.0.22:46211|dataStream:|priority:0] returns group-0D4E55C45BC0:java.util.concurrent.CompletableFuture@4adb2713[Not completed]
2022-06-27 16:59:07,836 [pool-1128-thread-1] INFO  server.RaftServer$Division (RaftServerImpl.java:<init>(190)) - 97d0f922-59b0-4c16-8d4c-abda25e6e18a: new RaftServerImpl for group-0D4E55C45BC0:[97d0f922-59b0-4c16-8d4c-abda25e6e18a|rpc:10.1.0.22:33221|dataStream:|priority:0, 95b81b85-17bb-45ea-89c3-846c2a70bfe7|rpc:10.1.0.22:34665|dataStream:|priority:1, ac84e220-994f-4e81-aa4c-572e6d7da39f|rpc:10.1.0.22:46211|dataStream:|priority:0] with ContainerStateMachine:uninitialized
2022-06-27 16:59:07,836 [pool-1128-thread-1] INFO  server.RaftServerConfigKeys (ConfUtils.java:logGet(46)) - raft.server.rpc.timeout.min = 5s (custom)
2022-06-27 16:59:07,836 [pool-1128-thread-1] INFO  server.RaftServerConfigKeys (ConfUtils.java:logGet(46)) - raft.server.rpc.timeout.max = 5200ms (custom)
2022-06-27 16:59:07,836 [pool-1128-thread-1] INFO  server.RaftServerConfigKeys (ConfUtils.java:logGet(46)) - raft.server.rpc.sleep.time = 25ms (default)
2022-06-27 16:59:07,836 [pool-1128-thread-1] INFO  server.RaftServerConfigKeys (ConfUtils.java:logGet(46)) - raft.server.rpc.slowness.timeout = 300s (custom)
2022-06-27 16:59:07,836 [pool-1128-thread-1] INFO  server.RaftServerConfigKeys (ConfUtils.java:logGet(46)) - raft.server.leaderelection.leader.step-down.wait-time = 10s (default)
2022-06-27 16:59:07,836 [pool-1128-thread-1] INFO  server.RaftServerConfigKeys (ConfUtils.java:logGet(46)) - raft.server.sleep.deviation.threshold = 300ms (default)
2022-06-27 16:59:07,836 [pool-1128-thread-1] INFO  server.RaftServer$Division (ServerState.java:<init>(107)) - 97d0f922-59b0-4c16-8d4c-abda25e6e18a@group-0D4E55C45BC0: ConfigurationManager, init=-1: [97d0f922-59b0-4c16-8d4c-abda25e6e18a|rpc:10.1.0.22:33221|dataStream:|priority:0, 95b81b85-17bb-45ea-89c3-846c2a70bfe7|rpc:10.1.0.22:34665|dataStream:|priority:1, ac84e220-994f-4e81-aa4c-572e6d7da39f|rpc:10.1.0.22:46211|dataStream:|priority:0], old=null, confs=<EMPTY_MAP>
2022-06-27 16:59:07,836 [pool-1128-thread-1] INFO  server.RaftServerConfigKeys (ConfUtils.java:logGet(46)) - raft.server.storage.dir = [/home/runner/work/ozone/ozone/hadoop-ozone/integration-test/target/test-dir/MiniOzoneClusterImpl-9da5c95b-489f-4ace-b65d-e0c796cc3c87/datanode-1/data/ratis] (custom)
2022-06-27 16:59:07,836 [pool-1128-thread-1] INFO  server.RaftServerConfigKeys (ConfUtils.java:logGet(46)) - raft.server.log.corruption.policy = EXCEPTION (default)
2022-06-27 16:59:07,836 [pool-1128-thread-1] INFO  server.RaftServerConfigKeys (ConfUtils.java:logGet(46)) - raft.server.storage.free-space.min = 0MB (=0) (default)
2022-06-27 16:59:07,836 [pool-1128-thread-1] INFO  storage.RaftStorageDirectory (RaftStorageDirectoryImpl.java:analyzeStorage(135)) - The storage directory /home/runner/work/ozone/ozone/hadoop-ozone/integration-test/target/test-dir/MiniOzoneClusterImpl-9da5c95b-489f-4ace-b65d-e0c796cc3c87/datanode-1/data/ratis/c4c4fbad-26bb-4edd-b404-0d4e55c45bc0 does not exist. Creating ...
2022-06-27 16:59:07,840 [pool-1128-thread-1] INFO  storage.RaftStorageDirectory (RaftStorageDirectoryImpl.java:tryLock(230)) - Lock on /home/runner/work/ozone/ozone/hadoop-ozone/integration-test/target/test-dir/MiniOzoneClusterImpl-9da5c95b-489f-4ace-b65d-e0c796cc3c87/datanode-1/data/ratis/c4c4fbad-26bb-4edd-b404-0d4e55c45bc0/in_use.lock acquired by nodename 16603@fv-az215-30
2022-06-27 16:59:07,841 [pool-1128-thread-1] INFO  storage.RaftStorage (RaftStorageImpl.java:format(89)) - Storage directory /home/runner/work/ozone/ozone/hadoop-ozone/integration-test/target/test-dir/MiniOzoneClusterImpl-9da5c95b-489f-4ace-b65d-e0c796cc3c87/datanode-1/data/ratis/c4c4fbad-26bb-4edd-b404-0d4e55c45bc0 has been successfully formatted.
2022-06-27 16:59:07,849 [pool-1128-thread-1] INFO  ratis.ContainerStateMachine (ContainerStateMachine.java:loadSnapshot(236)) - group-0D4E55C45BC0: The snapshot info is null. Setting the last applied indexto:(t:0, i:~)
2022-06-27 16:59:07,849 [pool-1128-thread-1] INFO  server.RaftServerConfigKeys (ConfUtils.java:logGet(46)) - raft.server.notification.no-leader.timeout = 300s (custom)
2022-06-27 16:59:07,849 [pool-1128-thread-1] INFO  server.RaftServerConfigKeys (ConfUtils.java:logGet(46)) - raft.server.log.use.memory = false (default)
2022-06-27 16:59:07,849 [pool-1128-thread-1] INFO  server.RaftServerConfigKeys (ConfUtils.java:logGet(46)) - raft.server.log.purge.gap = 1000000 (custom)
2022-06-27 16:59:07,849 [pool-1128-thread-1] INFO  server.RaftServerConfigKeys (ConfUtils.java:logGet(46)) - raft.server.log.appender.buffer.byte-limit = 33554432 (custom)
2022-06-27 16:59:07,849 [pool-1128-thread-1] INFO  server.RaftServerConfigKeys (ConfUtils.java:logGet(46)) - raft.server.log.statemachine.data.read.timeout = 1000ms (default)
2022-06-27 16:59:07,849 [pool-1128-thread-1] INFO  server.RaftServerConfigKeys (ConfUtils.java:logGet(46)) - raft.server.log.segment.size.max = 1048576 (custom)
2022-06-27 16:59:07,850 [pool-1128-thread-1] INFO  server.RaftServerConfigKeys (ConfUtils.java:logGet(46)) - raft.server.log.segment.cache.num.max = 2 (custom)
2022-06-27 16:59:07,850 [pool-1128-thread-1] INFO  server.RaftServerConfigKeys (ConfUtils.java:logGet(46)) - raft.server.log.segment.cache.size.max = 200MB (=209715200) (default)
2022-06-27 16:59:07,850 [pool-1128-thread-1] INFO  segmented.SegmentedRaftLogWorker (SegmentedRaftLogWorker.java:<init>(187)) - new 97d0f922-59b0-4c16-8d4c-abda25e6e18a@group-0D4E55C45BC0-SegmentedRaftLogWorker for RaftStorageImpl:Storage Directory /home/runner/work/ozone/ozone/hadoop-ozone/integration-test/target/test-dir/MiniOzoneClusterImpl-9da5c95b-489f-4ace-b65d-e0c796cc3c87/datanode-1/data/ratis/c4c4fbad-26bb-4edd-b404-0d4e55c45bc0
2022-06-27 16:59:07,850 [pool-1128-thread-1] INFO  server.RaftServerConfigKeys (ConfUtils.java:logGet(46)) - raft.server.log.queue.byte-limit = 4294967296 (custom)
2022-06-27 16:59:07,850 [pool-1128-thread-1] INFO  server.RaftServerConfigKeys (ConfUtils.java:logGet(46)) - raft.server.log.queue.element-limit = 1024 (custom)
2022-06-27 16:59:07,850 [pool-1128-thread-1] INFO  server.RaftServerConfigKeys (ConfUtils.java:logGet(46)) - raft.server.log.segment.size.max = 1048576 (custom)
2022-06-27 16:59:07,850 [pool-1128-thread-1] INFO  server.RaftServerConfigKeys (ConfUtils.java:logGet(46)) - raft.server.log.preallocated.size = 16384 (custom)
2022-06-27 16:59:07,850 [pool-1128-thread-1] INFO  server.RaftServerConfigKeys (ConfUtils.java:logGet(46)) - raft.server.log.force.sync.num = 128 (default)
2022-06-27 16:59:07,850 [pool-1128-thread-1] INFO  server.RaftServerConfigKeys (ConfUtils.java:logGet(46)) - raft.server.log.statemachine.data.sync = true (default)
2022-06-27 16:59:07,850 [pool-1128-thread-1] INFO  server.RaftServerConfigKeys (ConfUtils.java:logGet(46)) - raft.server.log.statemachine.data.sync.timeout = 10s (default)
2022-06-27 16:59:07,850 [pool-1128-thread-1] INFO  server.RaftServerConfigKeys (ConfUtils.java:logGet(46)) - raft.server.log.statemachine.data.sync.timeout.retry = -1 (default)
2022-06-27 16:59:07,851 [pool-1128-thread-1] INFO  server.RaftServerConfigKeys (ConfUtils.java:logGet(46)) - raft.server.log.write.buffer.size = 1048576 (custom)
2022-06-27 16:59:07,852 [pool-1128-thread-1] INFO  server.RaftServerConfigKeys (ConfUtils.java:logGet(46)) - raft.server.log.unsafe-flush.enabled = false (default)
2022-06-27 16:59:07,852 [pool-1128-thread-1] INFO  server.RaftServerConfigKeys (ConfUtils.java:logGet(46)) - raft.server.log.statemachine.data.caching.enabled = true (custom)
2022-06-27 16:59:07,852 [pool-1128-thread-1] INFO  segmented.SegmentedRaftLogWorker (SegmentedRaftLogWorker.java:lambda$new$0(135)) - 97d0f922-59b0-4c16-8d4c-abda25e6e18a@group-0D4E55C45BC0-SegmentedRaftLogWorker: flushIndex: setUnconditionally 0 -> -1
2022-06-27 16:59:07,852 [pool-1128-thread-1] INFO  segmented.SegmentedRaftLogWorker (SegmentedRaftLogWorker.java:lambda$new$0(135)) - 97d0f922-59b0-4c16-8d4c-abda25e6e18a@group-0D4E55C45BC0-SegmentedRaftLogWorker: safeCacheEvictIndex: setUnconditionally 0 -> -1
2022-06-27 16:59:07,854 [pool-1128-thread-1] INFO  server.RaftServerConfigKeys (ConfUtils.java:logGet(46)) - raft.server.snapshot.auto.trigger.enabled = true (custom)
2022-06-27 16:59:07,854 [pool-1128-thread-1] INFO  server.RaftServerConfigKeys (ConfUtils.java:logGet(46)) - raft.server.snapshot.auto.trigger.threshold = 10000 (custom)
2022-06-27 16:59:07,854 [pool-1128-thread-1] INFO  server.RaftServerConfigKeys (ConfUtils.java:logGet(46)) - raft.server.snapshot.retention.file.num = 5 (custom)
2022-06-27 16:59:07,854 [pool-1128-thread-1] INFO  server.RaftServerConfigKeys (ConfUtils.java:logGet(46)) - raft.server.log.purge.upto.snapshot.index = false (default)
2022-06-27 16:59:07,854 [pool-1128-thread-1] INFO  server.RaftServerConfigKeys (ConfUtils.java:logGet(46)) - raft.server.retrycache.expirytime = 600000ms (custom)
2022-06-27 16:59:07,854 [pool-1128-thread-1] INFO  server.RaftServerConfigKeys (ConfUtils.java:logGet(46)) - raft.server.retrycache.statistics.expirytime = 100μs (default)
2022-06-27 16:59:07,856 [pool-1128-thread-1] INFO  server.RaftServerConfigKeys (ConfUtils.java:logGet(46)) - raft.server.log.appender.install.snapshot.enabled = false (custom)
2022-06-27 16:59:07,856 [pool-1128-thread-1] INFO  server.RaftServerConfigKeys (ConfUtils.java:logGet(46)) - raft.server.threadpool.server.cached = true (default)
2022-06-27 16:59:07,856 [pool-1128-thread-1] INFO  server.RaftServerConfigKeys (ConfUtils.java:logGet(46)) - raft.server.threadpool.server.size = 0 (default)
2022-06-27 16:59:07,856 [pool-1128-thread-1] INFO  server.RaftServerConfigKeys (ConfUtils.java:logGet(46)) - raft.server.threadpool.client.cached = true (default)
2022-06-27 16:59:07,856 [pool-1128-thread-1] INFO  server.RaftServerConfigKeys (ConfUtils.java:logGet(46)) - raft.server.threadpool.client.size = 0 (default)
2022-06-27 16:59:07,857 [pool-1128-thread-1] INFO  server.RaftServer$Division (RaftServerImpl.java:start(310)) - 97d0f922-59b0-4c16-8d4c-abda25e6e18a@group-0D4E55C45BC0: start as a follower, conf=-1: [97d0f922-59b0-4c16-8d4c-abda25e6e18a|rpc:10.1.0.22:33221|dataStream:|priority:0, 95b81b85-17bb-45ea-89c3-846c2a70bfe7|rpc:10.1.0.22:34665|dataStream:|priority:1, ac84e220-994f-4e81-aa4c-572e6d7da39f|rpc:10.1.0.22:46211|dataStream:|priority:0], old=null
2022-06-27 16:59:07,857 [pool-1128-thread-1] INFO  server.RaftServer$Division (RaftServerImpl.java:setRole(299)) - 97d0f922-59b0-4c16-8d4c-abda25e6e18a@group-0D4E55C45BC0: changes role from      null to FOLLOWER at term 0 for startAsFollower
2022-06-27 16:59:07,857 [pool-1128-thread-1] INFO  impl.RoleInfo (RoleInfo.java:updateAndGet(139)) - 97d0f922-59b0-4c16-8d4c-abda25e6e18a: start 97d0f922-59b0-4c16-8d4c-abda25e6e18a@group-0D4E55C45BC0-FollowerState
2022-06-27 16:59:07,857 [pool-1128-thread-1] INFO  util.JmxRegister (JmxRegister.java:tryRegister(44)) - Successfully registered JMX Bean with object name Ratis:service=RaftServer,group=group-0D4E55C45BC0,id=97d0f922-59b0-4c16-8d4c-abda25e6e18a
2022-06-27 16:59:07,864 [Command processor thread] INFO  commandhandler.CreatePipelineCommandHandler (CreatePipelineCommandHandler.java:handle(113)) - Created Pipeline RATIS THREE PipelineID=c4c4fbad-26bb-4edd-b404-0d4e55c45bc0.
2022-06-27 16:59:07,864 [Command processor thread] INFO  server.RaftServer (RaftServerProxy.java:addNew(96)) - 95b81b85-17bb-45ea-89c3-846c2a70bfe7: addNew group-F63F9DE2F8BD:[97d0f922-59b0-4c16-8d4c-abda25e6e18a|rpc:10.1.0.22:33221|priority:0, 95b81b85-17bb-45ea-89c3-846c2a70bfe7|rpc:10.1.0.22:34665|priority:0, ac84e220-994f-4e81-aa4c-572e6d7da39f|rpc:10.1.0.22:46211|priority:1] returns group-F63F9DE2F8BD:java.util.concurrent.CompletableFuture@4f8ec40c[Not completed]
2022-06-27 16:59:07,865 [pool-1105-thread-1] INFO  server.RaftServer$Division (RaftServerImpl.java:<init>(190)) - 95b81b85-17bb-45ea-89c3-846c2a70bfe7: new RaftServerImpl for group-F63F9DE2F8BD:[97d0f922-59b0-4c16-8d4c-abda25e6e18a|rpc:10.1.0.22:33221|priority:0, 95b81b85-17bb-45ea-89c3-846c2a70bfe7|rpc:10.1.0.22:34665|priority:0, ac84e220-994f-4e81-aa4c-572e6d7da39f|rpc:10.1.0.22:46211|priority:1] with ContainerStateMachine:uninitialized
2022-06-27 16:59:07,865 [pool-1105-thread-1] INFO  server.RaftServerConfigKeys (ConfUtils.java:logGet(46)) - raft.server.rpc.timeout.min = 5s (custom)
2022-06-27 16:59:07,865 [pool-1105-thread-1] INFO  server.RaftServerConfigKeys (ConfUtils.java:logGet(46)) - raft.server.rpc.timeout.max = 5200ms (custom)
2022-06-27 16:59:07,865 [pool-1105-thread-1] INFO  server.RaftServerConfigKeys (ConfUtils.java:logGet(46)) - raft.server.rpc.sleep.time = 25ms (default)
2022-06-27 16:59:07,865 [pool-1105-thread-1] INFO  server.RaftServerConfigKeys (ConfUtils.java:logGet(46)) - raft.server.rpc.slowness.timeout = 300s (custom)
2022-06-27 16:59:07,865 [pool-1105-thread-1] INFO  server.RaftServerConfigKeys (ConfUtils.java:logGet(46)) - raft.server.leaderelection.leader.step-down.wait-time = 10s (default)
2022-06-27 16:59:07,865 [pool-1105-thread-1] INFO  server.RaftServerConfigKeys (ConfUtils.java:logGet(46)) - raft.server.sleep.deviation.threshold = 300ms (default)
2022-06-27 16:59:07,865 [pool-1105-thread-1] INFO  server.RaftServer$Division (ServerState.java:<init>(107)) - 95b81b85-17bb-45ea-89c3-846c2a70bfe7@group-F63F9DE2F8BD: ConfigurationManager, init=-1: [97d0f922-59b0-4c16-8d4c-abda25e6e18a|rpc:10.1.0.22:33221|priority:0, 95b81b85-17bb-45ea-89c3-846c2a70bfe7|rpc:10.1.0.22:34665|priority:0, ac84e220-994f-4e81-aa4c-572e6d7da39f|rpc:10.1.0.22:46211|priority:1], old=null, confs=<EMPTY_MAP>
2022-06-27 16:59:07,865 [pool-1105-thread-1] INFO  server.RaftServerConfigKeys (ConfUtils.java:logGet(46)) - raft.server.storage.dir = [/home/runner/work/ozone/ozone/hadoop-ozone/integration-test/target/test-dir/MiniOzoneClusterImpl-9da5c95b-489f-4ace-b65d-e0c796cc3c87/datanode-0/data/ratis] (custom)
2022-06-27 16:59:07,866 [pool-1105-thread-1] INFO  server.RaftServerConfigKeys (ConfUtils.java:logGet(46)) - raft.server.log.corruption.policy = EXCEPTION (default)
2022-06-27 16:59:07,866 [pool-1105-thread-1] INFO  server.RaftServerConfigKeys (ConfUtils.java:logGet(46)) - raft.server.storage.free-space.min = 0MB (=0) (default)
2022-06-27 16:59:07,866 [pool-1105-thread-1] INFO  storage.RaftStorageDirectory (RaftStorageDirectoryImpl.java:analyzeStorage(135)) - The storage directory /home/runner/work/ozone/ozone/hadoop-ozone/integration-test/target/test-dir/MiniOzoneClusterImpl-9da5c95b-489f-4ace-b65d-e0c796cc3c87/datanode-0/data/ratis/895d2897-a99a-49dc-983a-f63f9de2f8bd does not exist. Creating ...
2022-06-27 16:59:07,882 [IPC Server handler 10 on default port 45009] INFO  net.NetworkTopologyImpl (NetworkTopologyImpl.java:add(112)) - Added a new node: /default-rack/0dd50b48-e2e1-49cf-998a-2c9ab0a66ce5
2022-06-27 16:59:07,882 [IPC Server handler 10 on default port 45009] INFO  node.SCMNodeManager (SCMNodeManager.java:register(397)) - Registered Data node : 0dd50b48-e2e1-49cf-998a-2c9ab0a66ce5{ip: 10.1.0.22, host: fv-az215-30.fk02tkdpp51uda4i120yanydqb.bx.internal.cloudapp.net, ports: [REPLICATION=32997, RATIS=34597, RATIS_ADMIN=34597, RATIS_SERVER=34597, STANDALONE=45015], networkLocation: /default-rack, certSerialId: null, persistedOpState: null, persistedOpStateExpiryEpochSec: 0}
2022-06-27 16:59:07,882 [pool-1105-thread-1] INFO  storage.RaftStorageDirectory (RaftStorageDirectoryImpl.java:tryLock(230)) - Lock on /home/runner/work/ozone/ozone/hadoop-ozone/integration-test/target/test-dir/MiniOzoneClusterImpl-9da5c95b-489f-4ace-b65d-e0c796cc3c87/datanode-0/data/ratis/895d2897-a99a-49dc-983a-f63f9de2f8bd/in_use.lock acquired by nodename 16603@fv-az215-30
2022-06-27 16:59:07,883 [EventQueue-NewNodeForNewNodeHandler] INFO  pipeline.BackgroundPipelineCreator (BackgroundPipelineCreator.java:notifyEventTriggered(275)) - trigger a one-shot run on RatisPipelineUtilsThread.
2022-06-27 16:59:07,883 [RatisPipelineUtilsThread - 0] INFO  pipeline.RatisPipelineProvider (RatisPipelineProvider.java:lambda$create$0(195)) - Sending CreatePipelineCommand for pipeline:PipelineID=53773c8b-496f-47da-8746-601d77da023d to datanode:0dd50b48-e2e1-49cf-998a-2c9ab0a66ce5
2022-06-27 16:59:07,884 [pool-1105-thread-1] INFO  storage.RaftStorage (RaftStorageImpl.java:format(89)) - Storage directory /home/runner/work/ozone/ozone/hadoop-ozone/integration-test/target/test-dir/MiniOzoneClusterImpl-9da5c95b-489f-4ace-b65d-e0c796cc3c87/datanode-0/data/ratis/895d2897-a99a-49dc-983a-f63f9de2f8bd has been successfully formatted.
2022-06-27 16:59:07,885 [pool-1105-thread-1] INFO  ratis.ContainerStateMachine (ContainerStateMachine.java:loadSnapshot(236)) - group-F63F9DE2F8BD: The snapshot info is null. Setting the last applied indexto:(t:0, i:~)
2022-06-27 16:59:07,885 [pool-1105-thread-1] INFO  server.RaftServerConfigKeys (ConfUtils.java:logGet(46)) - raft.server.notification.no-leader.timeout = 300s (custom)
2022-06-27 16:59:07,885 [pool-1105-thread-1] INFO  server.RaftServerConfigKeys (ConfUtils.java:logGet(46)) - raft.server.log.use.memory = false (default)
2022-06-27 16:59:07,885 [pool-1105-thread-1] INFO  server.RaftServerConfigKeys (ConfUtils.java:logGet(46)) - raft.server.log.purge.gap = 1000000 (custom)
2022-06-27 16:59:07,885 [pool-1105-thread-1] INFO  server.RaftServerConfigKeys (ConfUtils.java:logGet(46)) - raft.server.log.appender.buffer.byte-limit = 33554432 (custom)
2022-06-27 16:59:07,885 [pool-1105-thread-1] INFO  server.RaftServerConfigKeys (ConfUtils.java:logGet(46)) - raft.server.log.statemachine.data.read.timeout = 1000ms (default)
2022-06-27 16:59:07,886 [pool-1105-thread-1] INFO  server.RaftServerConfigKeys (ConfUtils.java:logGet(46)) - raft.server.log.segment.size.max = 1048576 (custom)
2022-06-27 16:59:07,886 [pool-1105-thread-1] INFO  server.RaftServerConfigKeys (ConfUtils.java:logGet(46)) - raft.server.log.segment.cache.num.max = 2 (custom)
2022-06-27 16:59:07,886 [pool-1105-thread-1] INFO  server.RaftServerConfigKeys (ConfUtils.java:logGet(46)) - raft.server.log.segment.cache.size.max = 200MB (=209715200) (default)
2022-06-27 16:59:07,886 [pool-1105-thread-1] INFO  segmented.SegmentedRaftLogWorker (SegmentedRaftLogWorker.java:<init>(187)) - new 95b81b85-17bb-45ea-89c3-846c2a70bfe7@group-F63F9DE2F8BD-SegmentedRaftLogWorker for RaftStorageImpl:Storage Directory /home/runner/work/ozone/ozone/hadoop-ozone/integration-test/target/test-dir/MiniOzoneClusterImpl-9da5c95b-489f-4ace-b65d-e0c796cc3c87/datanode-0/data/ratis/895d2897-a99a-49dc-983a-f63f9de2f8bd
2022-06-27 16:59:07,886 [pool-1105-thread-1] INFO  server.RaftServerConfigKeys (ConfUtils.java:logGet(46)) - raft.server.log.queue.byte-limit = 4294967296 (custom)
2022-06-27 16:59:07,886 [pool-1105-thread-1] INFO  server.RaftServerConfigKeys (ConfUtils.java:logGet(46)) - raft.server.log.queue.element-limit = 1024 (custom)
2022-06-27 16:59:07,886 [pool-1105-thread-1] INFO  server.RaftServerConfigKeys (ConfUtils.java:logGet(46)) - raft.server.log.segment.size.max = 1048576 (custom)
2022-06-27 16:59:07,886 [pool-1105-thread-1] INFO  server.RaftServerConfigKeys (ConfUtils.java:logGet(46)) - raft.server.log.preallocated.size = 16384 (custom)
2022-06-27 16:59:07,886 [pool-1105-thread-1] INFO  server.RaftServerConfigKeys (ConfUtils.java:logGet(46)) - raft.server.log.force.sync.num = 128 (default)
2022-06-27 16:59:07,886 [pool-1105-thread-1] INFO  server.RaftServerConfigKeys (ConfUtils.java:logGet(46)) - raft.server.log.statemachine.data.sync = true (default)
2022-06-27 16:59:07,886 [pool-1105-thread-1] INFO  server.RaftServerConfigKeys (ConfUtils.java:logGet(46)) - raft.server.log.statemachine.data.sync.timeout = 10s (default)
2022-06-27 16:59:07,886 [pool-1105-thread-1] INFO  server.RaftServerConfigKeys (ConfUtils.java:logGet(46)) - raft.server.log.statemachine.data.sync.timeout.retry = -1 (default)
2022-06-27 16:59:07,887 [pool-1105-thread-1] INFO  server.RaftServerConfigKeys (ConfUtils.java:logGet(46)) - raft.server.log.write.buffer.size = 1048576 (custom)
2022-06-27 16:59:07,888 [pool-1105-thread-1] INFO  server.RaftServerConfigKeys (ConfUtils.java:logGet(46)) - raft.server.log.unsafe-flush.enabled = false (default)
2022-06-27 16:59:07,888 [pool-1105-thread-1] INFO  server.RaftServerConfigKeys (ConfUtils.java:logGet(46)) - raft.server.log.statemachine.data.caching.enabled = true (custom)
2022-06-27 16:59:07,888 [pool-1105-thread-1] INFO  segmented.SegmentedRaftLogWorker (SegmentedRaftLogWorker.java:lambda$new$0(135)) - 95b81b85-17bb-45ea-89c3-846c2a70bfe7@group-F63F9DE2F8BD-SegmentedRaftLogWorker: flushIndex: setUnconditionally 0 -> -1
2022-06-27 16:59:07,888 [pool-1105-thread-1] INFO  segmented.SegmentedRaftLogWorker (SegmentedRaftLogWorker.java:lambda$new$0(135)) - 95b81b85-17bb-45ea-89c3-846c2a70bfe7@group-F63F9DE2F8BD-SegmentedRaftLogWorker: safeCacheEvictIndex: setUnconditionally 0 -> -1
2022-06-27 16:59:07,885 [RatisPipelineUtilsThread - 0] INFO  pipeline.PipelineStateManagerImpl (PipelineStateManagerImpl.java:addPipeline(101)) - Created pipeline Pipeline[ Id: 53773c8b-496f-47da-8746-601d77da023d, Nodes: 0dd50b48-e2e1-49cf-998a-2c9ab0a66ce5{ip: 10.1.0.22, host: fv-az215-30.fk02tkdpp51uda4i120yanydqb.bx.internal.cloudapp.net, ports: [REPLICATION=32997, RATIS=34597, RATIS_ADMIN=34597, RATIS_SERVER=34597, STANDALONE=45015], networkLocation: /default-rack, certSerialId: null, persistedOpState: IN_SERVICE, persistedOpStateExpiryEpochSec: 0}, ReplicationConfig: RATIS/ONE, State:ALLOCATED, leaderId:, CreationTimestamp2022-06-27T16:59:07.883Z[Etc/UTC]].
2022-06-27 16:59:07,891 [EventQueue-OpenPipelineForHealthyPipelineSafeModeRule] INFO  safemode.SCMSafeModeManager (HealthyPipelineSafeModeRule.java:process(124)) - SCM in safe mode. Healthy pipelines reported count is 0, required healthy pipeline reported count is 1
2022-06-27 16:59:07,891 [pool-1105-thread-1] INFO  server.RaftServerConfigKeys (ConfUtils.java:logGet(46)) - raft.server.snapshot.auto.trigger.enabled = true (custom)
2022-06-27 16:59:07,891 [pool-1105-thread-1] INFO  server.RaftServerConfigKeys (ConfUtils.java:logGet(46)) - raft.server.snapshot.auto.trigger.threshold = 10000 (custom)
2022-06-27 16:59:07,891 [pool-1105-thread-1] INFO  server.RaftServerConfigKeys (ConfUtils.java:logGet(46)) - raft.server.snapshot.retention.file.num = 5 (custom)
2022-06-27 16:59:07,891 [pool-1105-thread-1] INFO  server.RaftServerConfigKeys (ConfUtils.java:logGet(46)) - raft.server.log.purge.upto.snapshot.index = false (default)
2022-06-27 16:59:07,891 [pool-1105-thread-1] INFO  server.RaftServerConfigKeys (ConfUtils.java:logGet(46)) - raft.server.retrycache.expirytime = 600000ms (custom)
2022-06-27 16:59:07,891 [pool-1105-thread-1] INFO  server.RaftServerConfigKeys (ConfUtils.java:logGet(46)) - raft.server.retrycache.statistics.expirytime = 100μs (default)
2022-06-27 16:59:07,893 [pool-1105-thread-1] INFO  server.RaftServerConfigKeys (ConfUtils.java:logGet(46)) - raft.server.log.appender.install.snapshot.enabled = false (custom)
2022-06-27 16:59:07,893 [pool-1105-thread-1] INFO  server.RaftServerConfigKeys (ConfUtils.java:logGet(46)) - raft.server.threadpool.server.cached = true (default)
2022-06-27 16:59:07,893 [pool-1105-thread-1] INFO  server.RaftServerConfigKeys (ConfUtils.java:logGet(46)) - raft.server.threadpool.server.size = 0 (default)
2022-06-27 16:59:07,893 [pool-1105-thread-1] INFO  server.RaftServerConfigKeys (ConfUtils.java:logGet(46)) - raft.server.threadpool.client.cached = true (default)
2022-06-27 16:59:07,893 [pool-1105-thread-1] INFO  server.RaftServerConfigKeys (ConfUtils.java:logGet(46)) - raft.server.threadpool.client.size = 0 (default)
2022-06-27 16:59:07,893 [pool-1105-thread-1] INFO  server.RaftServer$Division (RaftServerImpl.java:start(310)) - 95b81b85-17bb-45ea-89c3-846c2a70bfe7@group-F63F9DE2F8BD: start as a follower, conf=-1: [97d0f922-59b0-4c16-8d4c-abda25e6e18a|rpc:10.1.0.22:33221|priority:0, 95b81b85-17bb-45ea-89c3-846c2a70bfe7|rpc:10.1.0.22:34665|priority:0, ac84e220-994f-4e81-aa4c-572e6d7da39f|rpc:10.1.0.22:46211|priority:1], old=null
2022-06-27 16:59:07,893 [pool-1105-thread-1] INFO  server.RaftServer$Division (RaftServerImpl.java:setRole(299)) - 95b81b85-17bb-45ea-89c3-846c2a70bfe7@group-F63F9DE2F8BD: changes role from      null to FOLLOWER at term 0 for startAsFollower
2022-06-27 16:59:07,893 [pool-1105-thread-1] INFO  impl.RoleInfo (RoleInfo.java:updateAndGet(139)) - 95b81b85-17bb-45ea-89c3-846c2a70bfe7: start 95b81b85-17bb-45ea-89c3-846c2a70bfe7@group-F63F9DE2F8BD-FollowerState
2022-06-27 16:59:07,894 [pool-1105-thread-1] INFO  util.JmxRegister (JmxRegister.java:tryRegister(44)) - Successfully registered JMX Bean with object name Ratis:service=RaftServer,group=group-F63F9DE2F8BD,id=95b81b85-17bb-45ea-89c3-846c2a70bfe7
2022-06-27 16:59:07,894 [Command processor thread] INFO  ratis.XceiverServerRatis (XceiverServerRatis.java:addGroup(765)) - Created group PipelineID=895d2897-a99a-49dc-983a-f63f9de2f8bd
2022-06-27 16:59:07,947 [grpc-default-executor-0] INFO  server.RaftServer (RaftServerProxy.java:addNew(96)) - 97d0f922-59b0-4c16-8d4c-abda25e6e18a: addNew group-F63F9DE2F8BD:[97d0f922-59b0-4c16-8d4c-abda25e6e18a|rpc:10.1.0.22:33221|dataStream:|priority:0, 95b81b85-17bb-45ea-89c3-846c2a70bfe7|rpc:10.1.0.22:34665|dataStream:|priority:0, ac84e220-994f-4e81-aa4c-572e6d7da39f|rpc:10.1.0.22:46211|dataStream:|priority:1] returns group-F63F9DE2F8BD:java.util.concurrent.CompletableFuture@4f0088fa[Not completed]
2022-06-27 16:59:07,948 [pool-1128-thread-1] INFO  server.RaftServer$Division (RaftServerImpl.java:<init>(190)) - 97d0f922-59b0-4c16-8d4c-abda25e6e18a: new RaftServerImpl for group-F63F9DE2F8BD:[97d0f922-59b0-4c16-8d4c-abda25e6e18a|rpc:10.1.0.22:33221|dataStream:|priority:0, 95b81b85-17bb-45ea-89c3-846c2a70bfe7|rpc:10.1.0.22:34665|dataStream:|priority:0, ac84e220-994f-4e81-aa4c-572e6d7da39f|rpc:10.1.0.22:46211|dataStream:|priority:1] with ContainerStateMachine:uninitialized
2022-06-27 16:59:07,948 [pool-1128-thread-1] INFO  server.RaftServerConfigKeys (ConfUtils.java:logGet(46)) - raft.server.rpc.timeout.min = 5s (custom)
2022-06-27 16:59:07,948 [pool-1128-thread-1] INFO  server.RaftServerConfigKeys (ConfUtils.java:logGet(46)) - raft.server.rpc.timeout.max = 5200ms (custom)
2022-06-27 16:59:07,948 [pool-1128-thread-1] INFO  server.RaftServerConfigKeys (ConfUtils.java:logGet(46)) - raft.server.rpc.sleep.time = 25ms (default)
2022-06-27 16:59:07,948 [pool-1128-thread-1] INFO  server.RaftServerConfigKeys (ConfUtils.java:logGet(46)) - raft.server.rpc.slowness.timeout = 300s (custom)
2022-06-27 16:59:07,948 [pool-1128-thread-1] INFO  server.RaftServerConfigKeys (ConfUtils.java:logGet(46)) - raft.server.leaderelection.leader.step-down.wait-time = 10s (default)
2022-06-27 16:59:07,948 [pool-1128-thread-1] INFO  server.RaftServerConfigKeys (ConfUtils.java:logGet(46)) - raft.server.sleep.deviation.threshold = 300ms (default)
2022-06-27 16:59:07,948 [pool-1128-thread-1] INFO  server.RaftServer$Division (ServerState.java:<init>(107)) - 97d0f922-59b0-4c16-8d4c-abda25e6e18a@group-F63F9DE2F8BD: ConfigurationManager, init=-1: [97d0f922-59b0-4c16-8d4c-abda25e6e18a|rpc:10.1.0.22:33221|dataStream:|priority:0, 95b81b85-17bb-45ea-89c3-846c2a70bfe7|rpc:10.1.0.22:34665|dataStream:|priority:0, ac84e220-994f-4e81-aa4c-572e6d7da39f|rpc:10.1.0.22:46211|dataStream:|priority:1], old=null, confs=<EMPTY_MAP>
2022-06-27 16:59:07,948 [pool-1128-thread-1] INFO  server.RaftServerConfigKeys (ConfUtils.java:logGet(46)) - raft.server.storage.dir = [/home/runner/work/ozone/ozone/hadoop-ozone/integration-test/target/test-dir/MiniOzoneClusterImpl-9da5c95b-489f-4ace-b65d-e0c796cc3c87/datanode-1/data/ratis] (custom)
2022-06-27 16:59:07,948 [pool-1128-thread-1] INFO  server.RaftServerConfigKeys (ConfUtils.java:logGet(46)) - raft.server.log.corruption.policy = EXCEPTION (default)
2022-06-27 16:59:07,948 [pool-1128-thread-1] INFO  server.RaftServerConfigKeys (ConfUtils.java:logGet(46)) - raft.server.storage.free-space.min = 0MB (=0) (default)
2022-06-27 16:59:07,948 [pool-1128-thread-1] INFO  storage.RaftStorageDirectory (RaftStorageDirectoryImpl.java:analyzeStorage(135)) - The storage directory /home/runner/work/ozone/ozone/hadoop-ozone/integration-test/target/test-dir/MiniOzoneClusterImpl-9da5c95b-489f-4ace-b65d-e0c796cc3c87/datanode-1/data/ratis/895d2897-a99a-49dc-983a-f63f9de2f8bd does not exist. Creating ...
2022-06-27 16:59:07,949 [pool-1128-thread-1] INFO  storage.RaftStorageDirectory (RaftStorageDirectoryImpl.java:tryLock(230)) - Lock on /home/runner/work/ozone/ozone/hadoop-ozone/integration-test/target/test-dir/MiniOzoneClusterImpl-9da5c95b-489f-4ace-b65d-e0c796cc3c87/datanode-1/data/ratis/895d2897-a99a-49dc-983a-f63f9de2f8bd/in_use.lock acquired by nodename 16603@fv-az215-30
2022-06-27 16:59:07,950 [pool-1128-thread-1] INFO  storage.RaftStorage (RaftStorageImpl.java:format(89)) - Storage directory /home/runner/work/ozone/ozone/hadoop-ozone/integration-test/target/test-dir/MiniOzoneClusterImpl-9da5c95b-489f-4ace-b65d-e0c796cc3c87/datanode-1/data/ratis/895d2897-a99a-49dc-983a-f63f9de2f8bd has been successfully formatted.
2022-06-27 16:59:07,950 [pool-1128-thread-1] INFO  ratis.ContainerStateMachine (ContainerStateMachine.java:loadSnapshot(236)) - group-F63F9DE2F8BD: The snapshot info is null. Setting the last applied indexto:(t:0, i:~)
2022-06-27 16:59:07,950 [pool-1128-thread-1] INFO  server.RaftServerConfigKeys (ConfUtils.java:logGet(46)) - raft.server.notification.no-leader.timeout = 300s (custom)
2022-06-27 16:59:07,950 [pool-1128-thread-1] INFO  server.RaftServerConfigKeys (ConfUtils.java:logGet(46)) - raft.server.log.use.memory = false (default)
2022-06-27 16:59:07,950 [pool-1128-thread-1] INFO  server.RaftServerConfigKeys (ConfUtils.java:logGet(46)) - raft.server.log.purge.gap = 1000000 (custom)
2022-06-27 16:59:07,950 [pool-1128-thread-1] INFO  server.RaftServerConfigKeys (ConfUtils.java:logGet(46)) - raft.server.log.appender.buffer.byte-limit = 33554432 (custom)
2022-06-27 16:59:07,950 [pool-1128-thread-1] INFO  server.RaftServerConfigKeys (ConfUtils.java:logGet(46)) - raft.server.log.statemachine.data.read.timeout = 1000ms (default)
2022-06-27 16:59:07,951 [pool-1128-thread-1] INFO  server.RaftServerConfigKeys (ConfUtils.java:logGet(46)) - raft.server.log.segment.size.max = 1048576 (custom)
2022-06-27 16:59:07,952 [pool-1128-thread-1] INFO  server.RaftServerConfigKeys (ConfUtils.java:logGet(46)) - raft.server.log.segment.cache.num.max = 2 (custom)
2022-06-27 16:59:07,952 [pool-1128-thread-1] INFO  server.RaftServerConfigKeys (ConfUtils.java:logGet(46)) - raft.server.log.segment.cache.size.max = 200MB (=209715200) (default)
2022-06-27 16:59:07,952 [pool-1128-thread-1] INFO  segmented.SegmentedRaftLogWorker (SegmentedRaftLogWorker.java:<init>(187)) - new 97d0f922-59b0-4c16-8d4c-abda25e6e18a@group-F63F9DE2F8BD-SegmentedRaftLogWorker for RaftStorageImpl:Storage Directory /home/runner/work/ozone/ozone/hadoop-ozone/integration-test/target/test-dir/MiniOzoneClusterImpl-9da5c95b-489f-4ace-b65d-e0c796cc3c87/datanode-1/data/ratis/895d2897-a99a-49dc-983a-f63f9de2f8bd
2022-06-27 16:59:07,952 [pool-1128-thread-1] INFO  server.RaftServerConfigKeys (ConfUtils.java:logGet(46)) - raft.server.log.queue.byte-limit = 4294967296 (custom)
2022-06-27 16:59:07,952 [pool-1128-thread-1] INFO  server.RaftServerConfigKeys (ConfUtils.java:logGet(46)) - raft.server.log.queue.element-limit = 1024 (custom)
2022-06-27 16:59:07,952 [pool-1128-thread-1] INFO  server.RaftServerConfigKeys (ConfUtils.java:logGet(46)) - raft.server.log.segment.size.max = 1048576 (custom)
2022-06-27 16:59:07,952 [pool-1128-thread-1] INFO  server.RaftServerConfigKeys (ConfUtils.java:logGet(46)) - raft.server.log.preallocated.size = 16384 (custom)
2022-06-27 16:59:07,952 [pool-1128-thread-1] INFO  server.RaftServerConfigKeys (ConfUtils.java:logGet(46)) - raft.server.log.force.sync.num = 128 (default)
2022-06-27 16:59:07,952 [pool-1128-thread-1] INFO  server.RaftServerConfigKeys (ConfUtils.java:logGet(46)) - raft.server.log.statemachine.data.sync = true (default)
2022-06-27 16:59:07,952 [pool-1128-thread-1] INFO  server.RaftServerConfigKeys (ConfUtils.java:logGet(46)) - raft.server.log.statemachine.data.sync.timeout = 10s (default)
2022-06-27 16:59:07,952 [pool-1128-thread-1] INFO  server.RaftServerConfigKeys (ConfUtils.java:logGet(46)) - raft.server.log.statemachine.data.sync.timeout.retry = -1 (default)
2022-06-27 16:59:07,953 [pool-1128-thread-1] INFO  server.RaftServerConfigKeys (ConfUtils.java:logGet(46)) - raft.server.log.write.buffer.size = 1048576 (custom)
2022-06-27 16:59:07,954 [pool-1128-thread-1] INFO  server.RaftServerConfigKeys (ConfUtils.java:logGet(46)) - raft.server.log.unsafe-flush.enabled = false (default)
2022-06-27 16:59:07,954 [pool-1128-thread-1] INFO  server.RaftServerConfigKeys (ConfUtils.java:logGet(46)) - raft.server.log.statemachine.data.caching.enabled = true (custom)
2022-06-27 16:59:07,954 [pool-1128-thread-1] INFO  segmented.SegmentedRaftLogWorker (SegmentedRaftLogWorker.java:lambda$new$0(135)) - 97d0f922-59b0-4c16-8d4c-abda25e6e18a@group-F63F9DE2F8BD-SegmentedRaftLogWorker: flushIndex: setUnconditionally 0 -> -1
2022-06-27 16:59:07,954 [pool-1128-thread-1] INFO  segmented.SegmentedRaftLogWorker (SegmentedRaftLogWorker.java:lambda$new$0(135)) - 97d0f922-59b0-4c16-8d4c-abda25e6e18a@group-F63F9DE2F8BD-SegmentedRaftLogWorker: safeCacheEvictIndex: setUnconditionally 0 -> -1
2022-06-27 16:59:07,967 [pool-1128-thread-1] INFO  server.RaftServerConfigKeys (ConfUtils.java:logGet(46)) - raft.server.snapshot.auto.trigger.enabled = true (custom)
2022-06-27 16:59:07,967 [pool-1128-thread-1] INFO  server.RaftServerConfigKeys (ConfUtils.java:logGet(46)) - raft.server.snapshot.auto.trigger.threshold = 10000 (custom)
2022-06-27 16:59:07,967 [pool-1128-thread-1] INFO  server.RaftServerConfigKeys (ConfUtils.java:logGet(46)) - raft.server.snapshot.retention.file.num = 5 (custom)
2022-06-27 16:59:07,967 [pool-1128-thread-1] INFO  server.RaftServerConfigKeys (ConfUtils.java:logGet(46)) - raft.server.log.purge.upto.snapshot.index = false (default)
2022-06-27 16:59:07,967 [pool-1128-thread-1] INFO  server.RaftServerConfigKeys (ConfUtils.java:logGet(46)) - raft.server.retrycache.expirytime = 600000ms (custom)
2022-06-27 16:59:07,968 [pool-1128-thread-1] INFO  server.RaftServerConfigKeys (ConfUtils.java:logGet(46)) - raft.server.retrycache.statistics.expirytime = 100μs (default)
2022-06-27 16:59:07,969 [pool-1128-thread-1] INFO  server.RaftServerConfigKeys (ConfUtils.java:logGet(46)) - raft.server.log.appender.install.snapshot.enabled = false (custom)
2022-06-27 16:59:07,969 [pool-1128-thread-1] INFO  server.RaftServerConfigKeys (ConfUtils.java:logGet(46)) - raft.server.threadpool.server.cached = true (default)
2022-06-27 16:59:07,969 [pool-1128-thread-1] INFO  server.RaftServerConfigKeys (ConfUtils.java:logGet(46)) - raft.server.threadpool.server.size = 0 (default)
2022-06-27 16:59:07,969 [pool-1128-thread-1] INFO  server.RaftServerConfigKeys (ConfUtils.java:logGet(46)) - raft.server.threadpool.client.cached = true (default)
2022-06-27 16:59:07,969 [pool-1128-thread-1] INFO  server.RaftServerConfigKeys (ConfUtils.java:logGet(46)) - raft.server.threadpool.client.size = 0 (default)
2022-06-27 16:59:07,969 [pool-1128-thread-1] INFO  server.RaftServer$Division (RaftServerImpl.java:start(310)) - 97d0f922-59b0-4c16-8d4c-abda25e6e18a@group-F63F9DE2F8BD: start as a follower, conf=-1: [97d0f922-59b0-4c16-8d4c-abda25e6e18a|rpc:10.1.0.22:33221|dataStream:|priority:0, 95b81b85-17bb-45ea-89c3-846c2a70bfe7|rpc:10.1.0.22:34665|dataStream:|priority:0, ac84e220-994f-4e81-aa4c-572e6d7da39f|rpc:10.1.0.22:46211|dataStream:|priority:1], old=null
2022-06-27 16:59:07,969 [pool-1128-thread-1] INFO  server.RaftServer$Division (RaftServerImpl.java:setRole(299)) - 97d0f922-59b0-4c16-8d4c-abda25e6e18a@group-F63F9DE2F8BD: changes role from      null to FOLLOWER at term 0 for startAsFollower
2022-06-27 16:59:07,969 [pool-1128-thread-1] INFO  impl.RoleInfo (RoleInfo.java:updateAndGet(139)) - 97d0f922-59b0-4c16-8d4c-abda25e6e18a: start 97d0f922-59b0-4c16-8d4c-abda25e6e18a@group-F63F9DE2F8BD-FollowerState
2022-06-27 16:59:07,974 [pool-1128-thread-1] INFO  util.JmxRegister (JmxRegister.java:tryRegister(44)) - Successfully registered JMX Bean with object name Ratis:service=RaftServer,group=group-F63F9DE2F8BD,id=97d0f922-59b0-4c16-8d4c-abda25e6e18a
2022-06-27 16:59:08,025 [grpc-default-executor-0] INFO  server.RaftServer (RaftServerProxy.java:addNew(96)) - ac84e220-994f-4e81-aa4c-572e6d7da39f: addNew group-F63F9DE2F8BD:[97d0f922-59b0-4c16-8d4c-abda25e6e18a|rpc:10.1.0.22:33221|dataStream:|priority:0, 95b81b85-17bb-45ea-89c3-846c2a70bfe7|rpc:10.1.0.22:34665|dataStream:|priority:0, ac84e220-994f-4e81-aa4c-572e6d7da39f|rpc:10.1.0.22:46211|dataStream:|priority:1] returns group-F63F9DE2F8BD:java.util.concurrent.CompletableFuture@3a9d4f63[Not completed]
2022-06-27 16:59:08,026 [pool-1151-thread-1] INFO  server.RaftServer$Division (RaftServerImpl.java:<init>(190)) - ac84e220-994f-4e81-aa4c-572e6d7da39f: new RaftServerImpl for group-F63F9DE2F8BD:[97d0f922-59b0-4c16-8d4c-abda25e6e18a|rpc:10.1.0.22:33221|dataStream:|priority:0, 95b81b85-17bb-45ea-89c3-846c2a70bfe7|rpc:10.1.0.22:34665|dataStream:|priority:0, ac84e220-994f-4e81-aa4c-572e6d7da39f|rpc:10.1.0.22:46211|dataStream:|priority:1] with ContainerStateMachine:uninitialized
2022-06-27 16:59:08,026 [pool-1151-thread-1] INFO  server.RaftServerConfigKeys (ConfUtils.java:logGet(46)) - raft.server.rpc.timeout.min = 5s (custom)
2022-06-27 16:59:08,026 [pool-1151-thread-1] INFO  server.RaftServerConfigKeys (ConfUtils.java:logGet(46)) - raft.server.rpc.timeout.max = 5200ms (custom)
2022-06-27 16:59:08,026 [pool-1151-thread-1] INFO  server.RaftServerConfigKeys (ConfUtils.java:logGet(46)) - raft.server.rpc.sleep.time = 25ms (default)
2022-06-27 16:59:08,026 [pool-1151-thread-1] INFO  server.RaftServerConfigKeys (ConfUtils.java:logGet(46)) - raft.server.rpc.slowness.timeout = 300s (custom)
2022-06-27 16:59:08,026 [pool-1151-thread-1] INFO  server.RaftServerConfigKeys (ConfUtils.java:logGet(46)) - raft.server.leaderelection.leader.step-down.wait-time = 10s (default)
2022-06-27 16:59:08,026 [pool-1151-thread-1] INFO  server.RaftServerConfigKeys (ConfUtils.java:logGet(46)) - raft.server.sleep.deviation.threshold = 300ms (default)
2022-06-27 16:59:08,026 [pool-1151-thread-1] INFO  server.RaftServer$Division (ServerState.java:<init>(107)) - ac84e220-994f-4e81-aa4c-572e6d7da39f@group-F63F9DE2F8BD: ConfigurationManager, init=-1: [97d0f922-59b0-4c16-8d4c-abda25e6e18a|rpc:10.1.0.22:33221|dataStream:|priority:0, 95b81b85-17bb-45ea-89c3-846c2a70bfe7|rpc:10.1.0.22:34665|dataStream:|priority:0, ac84e220-994f-4e81-aa4c-572e6d7da39f|rpc:10.1.0.22:46211|dataStream:|priority:1], old=null, confs=<EMPTY_MAP>
2022-06-27 16:59:08,026 [pool-1151-thread-1] INFO  server.RaftServerConfigKeys (ConfUtils.java:logGet(46)) - raft.server.storage.dir = [/home/runner/work/ozone/ozone/hadoop-ozone/integration-test/target/test-dir/MiniOzoneClusterImpl-9da5c95b-489f-4ace-b65d-e0c796cc3c87/datanode-2/data/ratis] (custom)
2022-06-27 16:59:08,026 [pool-1151-thread-1] INFO  server.RaftServerConfigKeys (ConfUtils.java:logGet(46)) - raft.server.log.corruption.policy = EXCEPTION (default)
2022-06-27 16:59:08,026 [pool-1151-thread-1] INFO  server.RaftServerConfigKeys (ConfUtils.java:logGet(46)) - raft.server.storage.free-space.min = 0MB (=0) (default)
2022-06-27 16:59:08,026 [pool-1151-thread-1] INFO  storage.RaftStorageDirectory (RaftStorageDirectoryImpl.java:analyzeStorage(135)) - The storage directory /home/runner/work/ozone/ozone/hadoop-ozone/integration-test/target/test-dir/MiniOzoneClusterImpl-9da5c95b-489f-4ace-b65d-e0c796cc3c87/datanode-2/data/ratis/895d2897-a99a-49dc-983a-f63f9de2f8bd does not exist. Creating ...
2022-06-27 16:59:08,029 [pool-1151-thread-1] INFO  storage.RaftStorageDirectory (RaftStorageDirectoryImpl.java:tryLock(230)) - Lock on /home/runner/work/ozone/ozone/hadoop-ozone/integration-test/target/test-dir/MiniOzoneClusterImpl-9da5c95b-489f-4ace-b65d-e0c796cc3c87/datanode-2/data/ratis/895d2897-a99a-49dc-983a-f63f9de2f8bd/in_use.lock acquired by nodename 16603@fv-az215-30
2022-06-27 16:59:08,030 [pool-1151-thread-1] INFO  storage.RaftStorage (RaftStorageImpl.java:format(89)) - Storage directory /home/runner/work/ozone/ozone/hadoop-ozone/integration-test/target/test-dir/MiniOzoneClusterImpl-9da5c95b-489f-4ace-b65d-e0c796cc3c87/datanode-2/data/ratis/895d2897-a99a-49dc-983a-f63f9de2f8bd has been successfully formatted.
2022-06-27 16:59:08,030 [pool-1151-thread-1] INFO  ratis.ContainerStateMachine (ContainerStateMachine.java:loadSnapshot(236)) - group-F63F9DE2F8BD: The snapshot info is null. Setting the last applied indexto:(t:0, i:~)
2022-06-27 16:59:08,030 [pool-1151-thread-1] INFO  server.RaftServerConfigKeys (ConfUtils.java:logGet(46)) - raft.server.notification.no-leader.timeout = 300s (custom)
2022-06-27 16:59:08,031 [pool-1151-thread-1] INFO  server.RaftServerConfigKeys (ConfUtils.java:logGet(46)) - raft.server.log.use.memory = false (default)
2022-06-27 16:59:08,031 [pool-1151-thread-1] INFO  server.RaftServerConfigKeys (ConfUtils.java:logGet(46)) - raft.server.log.purge.gap = 1000000 (custom)
2022-06-27 16:59:08,031 [pool-1151-thread-1] INFO  server.RaftServerConfigKeys (ConfUtils.java:logGet(46)) - raft.server.log.appender.buffer.byte-limit = 33554432 (custom)
2022-06-27 16:59:08,031 [pool-1151-thread-1] INFO  server.RaftServerConfigKeys (ConfUtils.java:logGet(46)) - raft.server.log.statemachine.data.read.timeout = 1000ms (default)
2022-06-27 16:59:08,031 [pool-1151-thread-1] INFO  server.RaftServerConfigKeys (ConfUtils.java:logGet(46)) - raft.server.log.segment.size.max = 1048576 (custom)
2022-06-27 16:59:08,032 [pool-1151-thread-1] INFO  server.RaftServerConfigKeys (ConfUtils.java:logGet(46)) - raft.server.log.segment.cache.num.max = 2 (custom)
2022-06-27 16:59:08,032 [pool-1151-thread-1] INFO  server.RaftServerConfigKeys (ConfUtils.java:logGet(46)) - raft.server.log.segment.cache.size.max = 200MB (=209715200) (default)
2022-06-27 16:59:08,032 [pool-1151-thread-1] INFO  segmented.SegmentedRaftLogWorker (SegmentedRaftLogWorker.java:<init>(187)) - new ac84e220-994f-4e81-aa4c-572e6d7da39f@group-F63F9DE2F8BD-SegmentedRaftLogWorker for RaftStorageImpl:Storage Directory /home/runner/work/ozone/ozone/hadoop-ozone/integration-test/target/test-dir/MiniOzoneClusterImpl-9da5c95b-489f-4ace-b65d-e0c796cc3c87/datanode-2/data/ratis/895d2897-a99a-49dc-983a-f63f9de2f8bd
2022-06-27 16:59:08,032 [pool-1151-thread-1] INFO  server.RaftServerConfigKeys (ConfUtils.java:logGet(46)) - raft.server.log.queue.byte-limit = 4294967296 (custom)
2022-06-27 16:59:08,032 [pool-1151-thread-1] INFO  server.RaftServerConfigKeys (ConfUtils.java:logGet(46)) - raft.server.log.queue.element-limit = 1024 (custom)
2022-06-27 16:59:08,032 [pool-1151-thread-1] INFO  server.RaftServerConfigKeys (ConfUtils.java:logGet(46)) - raft.server.log.segment.size.max = 1048576 (custom)
2022-06-27 16:59:08,032 [pool-1151-thread-1] INFO  server.RaftServerConfigKeys (ConfUtils.java:logGet(46)) - raft.server.log.preallocated.size = 16384 (custom)
2022-06-27 16:59:08,032 [pool-1151-thread-1] INFO  server.RaftServerConfigKeys (ConfUtils.java:logGet(46)) - raft.server.log.force.sync.num = 128 (default)
2022-06-27 16:59:08,032 [pool-1151-thread-1] INFO  server.RaftServerConfigKeys (ConfUtils.java:logGet(46)) - raft.server.log.statemachine.data.sync = true (default)
2022-06-27 16:59:08,032 [pool-1151-thread-1] INFO  server.RaftServerConfigKeys (ConfUtils.java:logGet(46)) - raft.server.log.statemachine.data.sync.timeout = 10s (default)
2022-06-27 16:59:08,032 [pool-1151-thread-1] INFO  server.RaftServerConfigKeys (ConfUtils.java:logGet(46)) - raft.server.log.statemachine.data.sync.timeout.retry = -1 (default)
2022-06-27 16:59:08,034 [pool-1151-thread-1] INFO  server.RaftServerConfigKeys (ConfUtils.java:logGet(46)) - raft.server.log.write.buffer.size = 1048576 (custom)
2022-06-27 16:59:08,034 [pool-1151-thread-1] INFO  server.RaftServerConfigKeys (ConfUtils.java:logGet(46)) - raft.server.log.unsafe-flush.enabled = false (default)
2022-06-27 16:59:08,034 [pool-1151-thread-1] INFO  server.RaftServerConfigKeys (ConfUtils.java:logGet(46)) - raft.server.log.statemachine.data.caching.enabled = true (custom)
2022-06-27 16:59:08,034 [pool-1151-thread-1] INFO  segmented.SegmentedRaftLogWorker (SegmentedRaftLogWorker.java:lambda$new$0(135)) - ac84e220-994f-4e81-aa4c-572e6d7da39f@group-F63F9DE2F8BD-SegmentedRaftLogWorker: flushIndex: setUnconditionally 0 -> -1
2022-06-27 16:59:08,034 [pool-1151-thread-1] INFO  segmented.SegmentedRaftLogWorker (SegmentedRaftLogWorker.java:lambda$new$0(135)) - ac84e220-994f-4e81-aa4c-572e6d7da39f@group-F63F9DE2F8BD-SegmentedRaftLogWorker: safeCacheEvictIndex: setUnconditionally 0 -> -1
2022-06-27 16:59:08,037 [pool-1151-thread-1] INFO  server.RaftServerConfigKeys (ConfUtils.java:logGet(46)) - raft.server.snapshot.auto.trigger.enabled = true (custom)
2022-06-27 16:59:08,037 [pool-1151-thread-1] INFO  server.RaftServerConfigKeys (ConfUtils.java:logGet(46)) - raft.server.snapshot.auto.trigger.threshold = 10000 (custom)
2022-06-27 16:59:08,037 [pool-1151-thread-1] INFO  server.RaftServerConfigKeys (ConfUtils.java:logGet(46)) - raft.server.snapshot.retention.file.num = 5 (custom)
2022-06-27 16:59:08,037 [pool-1151-thread-1] INFO  server.RaftServerConfigKeys (ConfUtils.java:logGet(46)) - raft.server.log.purge.upto.snapshot.index = false (default)
2022-06-27 16:59:08,037 [pool-1151-thread-1] INFO  server.RaftServerConfigKeys (ConfUtils.java:logGet(46)) - raft.server.retrycache.expirytime = 600000ms (custom)
2022-06-27 16:59:08,037 [pool-1151-thread-1] INFO  server.RaftServerConfigKeys (ConfUtils.java:logGet(46)) - raft.server.retrycache.statistics.expirytime = 100μs (default)
2022-06-27 16:59:08,039 [pool-1151-thread-1] INFO  server.RaftServerConfigKeys (ConfUtils.java:logGet(46)) - raft.server.log.appender.install.snapshot.enabled = false (custom)
2022-06-27 16:59:08,042 [pool-1151-thread-1] INFO  server.RaftServerConfigKeys (ConfUtils.java:logGet(46)) - raft.server.threadpool.server.cached = true (default)
2022-06-27 16:59:08,042 [pool-1151-thread-1] INFO  server.RaftServerConfigKeys (ConfUtils.java:logGet(46)) - raft.server.threadpool.server.size = 0 (default)
2022-06-27 16:59:08,042 [pool-1151-thread-1] INFO  server.RaftServerConfigKeys (ConfUtils.java:logGet(46)) - raft.server.threadpool.client.cached = true (default)
2022-06-27 16:59:08,042 [pool-1151-thread-1] INFO  server.RaftServerConfigKeys (ConfUtils.java:logGet(46)) - raft.server.threadpool.client.size = 0 (default)
2022-06-27 16:59:08,042 [pool-1151-thread-1] INFO  server.RaftServer$Division (RaftServerImpl.java:start(310)) - ac84e220-994f-4e81-aa4c-572e6d7da39f@group-F63F9DE2F8BD: start as a follower, conf=-1: [97d0f922-59b0-4c16-8d4c-abda25e6e18a|rpc:10.1.0.22:33221|dataStream:|priority:0, 95b81b85-17bb-45ea-89c3-846c2a70bfe7|rpc:10.1.0.22:34665|dataStream:|priority:0, ac84e220-994f-4e81-aa4c-572e6d7da39f|rpc:10.1.0.22:46211|dataStream:|priority:1], old=null
2022-06-27 16:59:08,042 [pool-1151-thread-1] INFO  server.RaftServer$Division (RaftServerImpl.java:setRole(299)) - ac84e220-994f-4e81-aa4c-572e6d7da39f@group-F63F9DE2F8BD: changes role from      null to FOLLOWER at term 0 for startAsFollower
2022-06-27 16:59:08,042 [pool-1151-thread-1] INFO  impl.RoleInfo (RoleInfo.java:updateAndGet(139)) - ac84e220-994f-4e81-aa4c-572e6d7da39f: start ac84e220-994f-4e81-aa4c-572e6d7da39f@group-F63F9DE2F8BD-FollowerState
2022-06-27 16:59:08,042 [pool-1151-thread-1] INFO  util.JmxRegister (JmxRegister.java:tryRegister(44)) - Successfully registered JMX Bean with object name Ratis:service=RaftServer,group=group-F63F9DE2F8BD,id=ac84e220-994f-4e81-aa4c-572e6d7da39f
2022-06-27 16:59:08,063 [Command processor thread] INFO  commandhandler.CreatePipelineCommandHandler (CreatePipelineCommandHandler.java:handle(113)) - Created Pipeline RATIS THREE PipelineID=895d2897-a99a-49dc-983a-f63f9de2f8bd.
2022-06-27 16:59:08,153 [Command processor thread] INFO  server.RaftServer (RaftServerProxy.java:addNew(96)) - ac84e220-994f-4e81-aa4c-572e6d7da39f: addNew group-9EBE2E882AEE:[ac84e220-994f-4e81-aa4c-572e6d7da39f|rpc:10.1.0.22:46211|priority:1] returns group-9EBE2E882AEE:java.util.concurrent.CompletableFuture@548dcaba[Not completed]
2022-06-27 16:59:08,155 [pool-1151-thread-1] INFO  server.RaftServer$Division (RaftServerImpl.java:<init>(190)) - ac84e220-994f-4e81-aa4c-572e6d7da39f: new RaftServerImpl for group-9EBE2E882AEE:[ac84e220-994f-4e81-aa4c-572e6d7da39f|rpc:10.1.0.22:46211|priority:1] with ContainerStateMachine:uninitialized
2022-06-27 16:59:08,155 [pool-1151-thread-1] INFO  server.RaftServerConfigKeys (ConfUtils.java:logGet(46)) - raft.server.rpc.timeout.min = 5s (custom)
2022-06-27 16:59:08,155 [pool-1151-thread-1] INFO  server.RaftServerConfigKeys (ConfUtils.java:logGet(46)) - raft.server.rpc.timeout.max = 5200ms (custom)
2022-06-27 16:59:08,155 [pool-1151-thread-1] INFO  server.RaftServerConfigKeys (ConfUtils.java:logGet(46)) - raft.server.rpc.sleep.time = 25ms (default)
2022-06-27 16:59:08,155 [pool-1151-thread-1] INFO  server.RaftServerConfigKeys (ConfUtils.java:logGet(46)) - raft.server.rpc.slowness.timeout = 300s (custom)
2022-06-27 16:59:08,155 [pool-1151-thread-1] INFO  server.RaftServerConfigKeys (ConfUtils.java:logGet(46)) - raft.server.leaderelection.leader.step-down.wait-time = 10s (default)
2022-06-27 16:59:08,155 [pool-1151-thread-1] INFO  server.RaftServerConfigKeys (ConfUtils.java:logGet(46)) - raft.server.sleep.deviation.threshold = 300ms (default)
2022-06-27 16:59:08,155 [pool-1151-thread-1] INFO  server.RaftServer$Division (ServerState.java:<init>(107)) - ac84e220-994f-4e81-aa4c-572e6d7da39f@group-9EBE2E882AEE: ConfigurationManager, init=-1: [ac84e220-994f-4e81-aa4c-572e6d7da39f|rpc:10.1.0.22:46211|priority:1], old=null, confs=<EMPTY_MAP>
2022-06-27 16:59:08,155 [pool-1151-thread-1] INFO  server.RaftServerConfigKeys (ConfUtils.java:logGet(46)) - raft.server.storage.dir = [/home/runner/work/ozone/ozone/hadoop-ozone/integration-test/target/test-dir/MiniOzoneClusterImpl-9da5c95b-489f-4ace-b65d-e0c796cc3c87/datanode-2/data/ratis] (custom)
2022-06-27 16:59:08,155 [pool-1151-thread-1] INFO  server.RaftServerConfigKeys (ConfUtils.java:logGet(46)) - raft.server.log.corruption.policy = EXCEPTION (default)
2022-06-27 16:59:08,155 [pool-1151-thread-1] INFO  server.RaftServerConfigKeys (ConfUtils.java:logGet(46)) - raft.server.storage.free-space.min = 0MB (=0) (default)
2022-06-27 16:59:08,155 [pool-1151-thread-1] INFO  storage.RaftStorageDirectory (RaftStorageDirectoryImpl.java:analyzeStorage(135)) - The storage directory /home/runner/work/ozone/ozone/hadoop-ozone/integration-test/target/test-dir/MiniOzoneClusterImpl-9da5c95b-489f-4ace-b65d-e0c796cc3c87/datanode-2/data/ratis/bcf71a2e-d4bc-459f-b139-9ebe2e882aee does not exist. Creating ...
2022-06-27 16:59:08,156 [pool-1151-thread-1] INFO  storage.RaftStorageDirectory (RaftStorageDirectoryImpl.java:tryLock(230)) - Lock on /home/runner/work/ozone/ozone/hadoop-ozone/integration-test/target/test-dir/MiniOzoneClusterImpl-9da5c95b-489f-4ace-b65d-e0c796cc3c87/datanode-2/data/ratis/bcf71a2e-d4bc-459f-b139-9ebe2e882aee/in_use.lock acquired by nodename 16603@fv-az215-30
2022-06-27 16:59:08,157 [pool-1151-thread-1] INFO  storage.RaftStorage (RaftStorageImpl.java:format(89)) - Storage directory /home/runner/work/ozone/ozone/hadoop-ozone/integration-test/target/test-dir/MiniOzoneClusterImpl-9da5c95b-489f-4ace-b65d-e0c796cc3c87/datanode-2/data/ratis/bcf71a2e-d4bc-459f-b139-9ebe2e882aee has been successfully formatted.
2022-06-27 16:59:08,157 [pool-1151-thread-1] INFO  ratis.ContainerStateMachine (ContainerStateMachine.java:loadSnapshot(236)) - group-9EBE2E882AEE: The snapshot info is null. Setting the last applied indexto:(t:0, i:~)
2022-06-27 16:59:08,158 [pool-1151-thread-1] INFO  server.RaftServerConfigKeys (ConfUtils.java:logGet(46)) - raft.server.notification.no-leader.timeout = 300s (custom)
2022-06-27 16:59:08,158 [pool-1151-thread-1] INFO  server.RaftServerConfigKeys (ConfUtils.java:logGet(46)) - raft.server.log.use.memory = false (default)
2022-06-27 16:59:08,158 [pool-1151-thread-1] INFO  server.RaftServerConfigKeys (ConfUtils.java:logGet(46)) - raft.server.log.purge.gap = 1000000 (custom)
2022-06-27 16:59:08,158 [pool-1151-thread-1] INFO  server.RaftServerConfigKeys (ConfUtils.java:logGet(46)) - raft.server.log.appender.buffer.byte-limit = 33554432 (custom)
2022-06-27 16:59:08,158 [pool-1151-thread-1] INFO  server.RaftServerConfigKeys (ConfUtils.java:logGet(46)) - raft.server.log.statemachine.data.read.timeout = 1000ms (default)
2022-06-27 16:59:08,158 [pool-1151-thread-1] INFO  server.RaftServerConfigKeys (ConfUtils.java:logGet(46)) - raft.server.log.segment.size.max = 1048576 (custom)
2022-06-27 16:59:08,158 [pool-1151-thread-1] INFO  server.RaftServerConfigKeys (ConfUtils.java:logGet(46)) - raft.server.log.segment.cache.num.max = 2 (custom)
2022-06-27 16:59:08,158 [pool-1151-thread-1] INFO  server.RaftServerConfigKeys (ConfUtils.java:logGet(46)) - raft.server.log.segment.cache.size.max = 200MB (=209715200) (default)
2022-06-27 16:59:08,158 [pool-1151-thread-1] INFO  segmented.SegmentedRaftLogWorker (SegmentedRaftLogWorker.java:<init>(187)) - new ac84e220-994f-4e81-aa4c-572e6d7da39f@group-9EBE2E882AEE-SegmentedRaftLogWorker for RaftStorageImpl:Storage Directory /home/runner/work/ozone/ozone/hadoop-ozone/integration-test/target/test-dir/MiniOzoneClusterImpl-9da5c95b-489f-4ace-b65d-e0c796cc3c87/datanode-2/data/ratis/bcf71a2e-d4bc-459f-b139-9ebe2e882aee
2022-06-27 16:59:08,159 [pool-1151-thread-1] INFO  server.RaftServerConfigKeys (ConfUtils.java:logGet(46)) - raft.server.log.queue.byte-limit = 4294967296 (custom)
2022-06-27 16:59:08,159 [pool-1151-thread-1] INFO  server.RaftServerConfigKeys (ConfUtils.java:logGet(46)) - raft.server.log.queue.element-limit = 1024 (custom)
2022-06-27 16:59:08,159 [pool-1151-thread-1] INFO  server.RaftServerConfigKeys (ConfUtils.java:logGet(46)) - raft.server.log.segment.size.max = 1048576 (custom)
2022-06-27 16:59:08,159 [pool-1151-thread-1] INFO  server.RaftServerConfigKeys (ConfUtils.java:logGet(46)) - raft.server.log.preallocated.size = 16384 (custom)
2022-06-27 16:59:08,159 [pool-1151-thread-1] INFO  server.RaftServerConfigKeys (ConfUtils.java:logGet(46)) - raft.server.log.force.sync.num = 128 (default)
2022-06-27 16:59:08,159 [pool-1151-thread-1] INFO  server.RaftServerConfigKeys (ConfUtils.java:logGet(46)) - raft.server.log.statemachine.data.sync = true (default)
2022-06-27 16:59:08,159 [pool-1151-thread-1] INFO  server.RaftServerConfigKeys (ConfUtils.java:logGet(46)) - raft.server.log.statemachine.data.sync.timeout = 10s (default)
2022-06-27 16:59:08,159 [pool-1151-thread-1] INFO  server.RaftServerConfigKeys (ConfUtils.java:logGet(46)) - raft.server.log.statemachine.data.sync.timeout.retry = -1 (default)
2022-06-27 16:59:08,160 [pool-1151-thread-1] INFO  server.RaftServerConfigKeys (ConfUtils.java:logGet(46)) - raft.server.log.write.buffer.size = 1048576 (custom)
2022-06-27 16:59:08,160 [pool-1151-thread-1] INFO  server.RaftServerConfigKeys (ConfUtils.java:logGet(46)) - raft.server.log.unsafe-flush.enabled = false (default)
2022-06-27 16:59:08,160 [pool-1151-thread-1] INFO  server.RaftServerConfigKeys (ConfUtils.java:logGet(46)) - raft.server.log.statemachine.data.caching.enabled = true (custom)
2022-06-27 16:59:08,160 [pool-1151-thread-1] INFO  segmented.SegmentedRaftLogWorker (SegmentedRaftLogWorker.java:lambda$new$0(135)) - ac84e220-994f-4e81-aa4c-572e6d7da39f@group-9EBE2E882AEE-SegmentedRaftLogWorker: flushIndex: setUnconditionally 0 -> -1
2022-06-27 16:59:08,161 [pool-1151-thread-1] INFO  segmented.SegmentedRaftLogWorker (SegmentedRaftLogWorker.java:lambda$new$0(135)) - ac84e220-994f-4e81-aa4c-572e6d7da39f@group-9EBE2E882AEE-SegmentedRaftLogWorker: safeCacheEvictIndex: setUnconditionally 0 -> -1
2022-06-27 16:59:08,185 [pool-1151-thread-1] INFO  server.RaftServerConfigKeys (ConfUtils.java:logGet(46)) - raft.server.snapshot.auto.trigger.enabled = true (custom)
2022-06-27 16:59:08,185 [pool-1151-thread-1] INFO  server.RaftServerConfigKeys (ConfUtils.java:logGet(46)) - raft.server.snapshot.auto.trigger.threshold = 10000 (custom)
2022-06-27 16:59:08,185 [pool-1151-thread-1] INFO  server.RaftServerConfigKeys (ConfUtils.java:logGet(46)) - raft.server.snapshot.retention.file.num = 5 (custom)
2022-06-27 16:59:08,185 [pool-1151-thread-1] INFO  server.RaftServerConfigKeys (ConfUtils.java:logGet(46)) - raft.server.log.purge.upto.snapshot.index = false (default)
2022-06-27 16:59:08,185 [pool-1151-thread-1] INFO  server.RaftServerConfigKeys (ConfUtils.java:logGet(46)) - raft.server.retrycache.expirytime = 600000ms (custom)
2022-06-27 16:59:08,185 [pool-1151-thread-1] INFO  server.RaftServerConfigKeys (ConfUtils.java:logGet(46)) - raft.server.retrycache.statistics.expirytime = 100μs (default)
2022-06-27 16:59:08,187 [pool-1151-thread-1] INFO  server.RaftServerConfigKeys (ConfUtils.java:logGet(46)) - raft.server.log.appender.install.snapshot.enabled = false (custom)
2022-06-27 16:59:08,187 [pool-1151-thread-1] INFO  server.RaftServerConfigKeys (ConfUtils.java:logGet(46)) - raft.server.threadpool.server.cached = true (default)
2022-06-27 16:59:08,187 [pool-1151-thread-1] INFO  server.RaftServerConfigKeys (ConfUtils.java:logGet(46)) - raft.server.threadpool.server.size = 0 (default)
2022-06-27 16:59:08,187 [pool-1151-thread-1] INFO  server.RaftServerConfigKeys (ConfUtils.java:logGet(46)) - raft.server.threadpool.client.cached = true (default)
2022-06-27 16:59:08,187 [EventQueue-PipelineReportForPipelineReportHandler] INFO  pipeline.PipelineManagerImpl (PipelineManagerImpl.java:openPipeline(358)) - Pipeline Pipeline[ Id: bcf71a2e-d4bc-459f-b139-9ebe2e882aee, Nodes: ac84e220-994f-4e81-aa4c-572e6d7da39f{ip: 10.1.0.22, host: fv-az215-30.fk02tkdpp51uda4i120yanydqb.bx.internal.cloudapp.net, ports: [REPLICATION=45899, RATIS=46211, RATIS_ADMIN=46211, RATIS_SERVER=46211, STANDALONE=35247], networkLocation: /default-rack, certSerialId: null, persistedOpState: IN_SERVICE, persistedOpStateExpiryEpochSec: 0}, ReplicationConfig: RATIS/ONE, State:ALLOCATED, leaderId:ac84e220-994f-4e81-aa4c-572e6d7da39f, CreationTimestamp2022-06-27T16:59:07.157Z[Etc/UTC]] moved to OPEN state
2022-06-27 16:59:08,188 [EventQueue-OpenPipelineForHealthyPipelineSafeModeRule] INFO  safemode.SCMSafeModeManager (HealthyPipelineSafeModeRule.java:process(124)) - SCM in safe mode. Healthy pipelines reported count is 0, required healthy pipeline reported count is 1
2022-06-27 16:59:08,188 [pool-1151-thread-1] INFO  server.RaftServerConfigKeys (ConfUtils.java:logGet(46)) - raft.server.threadpool.client.size = 0 (default)
2022-06-27 16:59:08,188 [pool-1151-thread-1] INFO  server.RaftServer$Division (RaftServerImpl.java:start(310)) - ac84e220-994f-4e81-aa4c-572e6d7da39f@group-9EBE2E882AEE: start as a follower, conf=-1: [ac84e220-994f-4e81-aa4c-572e6d7da39f|rpc:10.1.0.22:46211|priority:1], old=null
2022-06-27 16:59:08,188 [pool-1151-thread-1] INFO  server.RaftServer$Division (RaftServerImpl.java:setRole(299)) - ac84e220-994f-4e81-aa4c-572e6d7da39f@group-9EBE2E882AEE: changes role from      null to FOLLOWER at term 0 for startAsFollower
2022-06-27 16:59:08,188 [pool-1151-thread-1] INFO  impl.RoleInfo (RoleInfo.java:updateAndGet(139)) - ac84e220-994f-4e81-aa4c-572e6d7da39f: start ac84e220-994f-4e81-aa4c-572e6d7da39f@group-9EBE2E882AEE-FollowerState
2022-06-27 16:59:08,190 [pool-1151-thread-1] INFO  util.JmxRegister (JmxRegister.java:tryRegister(44)) - Successfully registered JMX Bean with object name Ratis:service=RaftServer,group=group-9EBE2E882AEE,id=ac84e220-994f-4e81-aa4c-572e6d7da39f
2022-06-27 16:59:08,200 [Command processor thread] INFO  ratis.XceiverServerRatis (XceiverServerRatis.java:addGroup(765)) - Created group PipelineID=bcf71a2e-d4bc-459f-b139-9ebe2e882aee
2022-06-27 16:59:08,200 [Command processor thread] INFO  commandhandler.CreatePipelineCommandHandler (CreatePipelineCommandHandler.java:handle(113)) - Created Pipeline RATIS ONE PipelineID=bcf71a2e-d4bc-459f-b139-9ebe2e882aee.
2022-06-27 16:59:08,787 [Listener at 127.0.0.1/35065] INFO  ozone.MiniOzoneClusterImpl (MiniOzoneClusterImpl.java:lambda$waitForClusterToBeReady$0(223)) - Nodes are ready. Got 5 of 5 DN Heartbeats.
2022-06-27 16:59:08,787 [Listener at 127.0.0.1/35065] INFO  ozone.MiniOzoneClusterImpl (MiniOzoneClusterImpl.java:lambda$waitForClusterToBeReady$0(226)) - Waiting for cluster to exit safe mode
2022-06-27 16:59:08,787 [Listener at 127.0.0.1/35065] INFO  ozone.MiniOzoneClusterImpl (MiniOzoneClusterImpl.java:lambda$waitForClusterToBeReady$0(228)) - SCM became leader
2022-06-27 16:59:08,789 [Command processor thread] INFO  server.RaftServer (RaftServerProxy.java:addNew(96)) - 97d0f922-59b0-4c16-8d4c-abda25e6e18a: addNew group-46BFB31D35AA:[97d0f922-59b0-4c16-8d4c-abda25e6e18a|rpc:10.1.0.22:33221|priority:1] returns group-46BFB31D35AA:java.util.concurrent.CompletableFuture@6eafa471[Not completed]
2022-06-27 16:59:08,790 [pool-1128-thread-1] INFO  server.RaftServer$Division (RaftServerImpl.java:<init>(190)) - 97d0f922-59b0-4c16-8d4c-abda25e6e18a: new RaftServerImpl for group-46BFB31D35AA:[97d0f922-59b0-4c16-8d4c-abda25e6e18a|rpc:10.1.0.22:33221|priority:1] with ContainerStateMachine:uninitialized
2022-06-27 16:59:08,790 [pool-1128-thread-1] INFO  server.RaftServerConfigKeys (ConfUtils.java:logGet(46)) - raft.server.rpc.timeout.min = 5s (custom)
2022-06-27 16:59:08,790 [pool-1128-thread-1] INFO  server.RaftServerConfigKeys (ConfUtils.java:logGet(46)) - raft.server.rpc.timeout.max = 5200ms (custom)
2022-06-27 16:59:08,790 [pool-1128-thread-1] INFO  server.RaftServerConfigKeys (ConfUtils.java:logGet(46)) - raft.server.rpc.sleep.time = 25ms (default)
2022-06-27 16:59:08,790 [pool-1128-thread-1] INFO  server.RaftServerConfigKeys (ConfUtils.java:logGet(46)) - raft.server.rpc.slowness.timeout = 300s (custom)
2022-06-27 16:59:08,790 [pool-1128-thread-1] INFO  server.RaftServerConfigKeys (ConfUtils.java:logGet(46)) - raft.server.leaderelection.leader.step-down.wait-time = 10s (default)
2022-06-27 16:59:08,790 [pool-1128-thread-1] INFO  server.RaftServerConfigKeys (ConfUtils.java:logGet(46)) - raft.server.sleep.deviation.threshold = 300ms (default)
2022-06-27 16:59:08,790 [pool-1128-thread-1] INFO  server.RaftServer$Division (ServerState.java:<init>(107)) - 97d0f922-59b0-4c16-8d4c-abda25e6e18a@group-46BFB31D35AA: ConfigurationManager, init=-1: [97d0f922-59b0-4c16-8d4c-abda25e6e18a|rpc:10.1.0.22:33221|priority:1], old=null, confs=<EMPTY_MAP>
2022-06-27 16:59:08,790 [pool-1128-thread-1] INFO  server.RaftServerConfigKeys (ConfUtils.java:logGet(46)) - raft.server.storage.dir = [/home/runner/work/ozone/ozone/hadoop-ozone/integration-test/target/test-dir/MiniOzoneClusterImpl-9da5c95b-489f-4ace-b65d-e0c796cc3c87/datanode-1/data/ratis] (custom)
2022-06-27 16:59:08,791 [pool-1128-thread-1] INFO  server.RaftServerConfigKeys (ConfUtils.java:logGet(46)) - raft.server.log.corruption.policy = EXCEPTION (default)
2022-06-27 16:59:08,791 [pool-1128-thread-1] INFO  server.RaftServerConfigKeys (ConfUtils.java:logGet(46)) - raft.server.storage.free-space.min = 0MB (=0) (default)
2022-06-27 16:59:08,791 [pool-1128-thread-1] INFO  storage.RaftStorageDirectory (RaftStorageDirectoryImpl.java:analyzeStorage(135)) - The storage directory /home/runner/work/ozone/ozone/hadoop-ozone/integration-test/target/test-dir/MiniOzoneClusterImpl-9da5c95b-489f-4ace-b65d-e0c796cc3c87/datanode-1/data/ratis/f68ab14c-f0b3-47d6-a168-46bfb31d35aa does not exist. Creating ...
2022-06-27 16:59:08,793 [pool-1128-thread-1] INFO  storage.RaftStorageDirectory (RaftStorageDirectoryImpl.java:tryLock(230)) - Lock on /home/runner/work/ozone/ozone/hadoop-ozone/integration-test/target/test-dir/MiniOzoneClusterImpl-9da5c95b-489f-4ace-b65d-e0c796cc3c87/datanode-1/data/ratis/f68ab14c-f0b3-47d6-a168-46bfb31d35aa/in_use.lock acquired by nodename 16603@fv-az215-30
2022-06-27 16:59:08,794 [pool-1128-thread-1] INFO  storage.RaftStorage (RaftStorageImpl.java:format(89)) - Storage directory /home/runner/work/ozone/ozone/hadoop-ozone/integration-test/target/test-dir/MiniOzoneClusterImpl-9da5c95b-489f-4ace-b65d-e0c796cc3c87/datanode-1/data/ratis/f68ab14c-f0b3-47d6-a168-46bfb31d35aa has been successfully formatted.
2022-06-27 16:59:08,794 [pool-1128-thread-1] INFO  ratis.ContainerStateMachine (ContainerStateMachine.java:loadSnapshot(236)) - group-46BFB31D35AA: The snapshot info is null. Setting the last applied indexto:(t:0, i:~)
2022-06-27 16:59:08,794 [pool-1128-thread-1] INFO  server.RaftServerConfigKeys (ConfUtils.java:logGet(46)) - raft.server.notification.no-leader.timeout = 300s (custom)
2022-06-27 16:59:08,794 [pool-1128-thread-1] INFO  server.RaftServerConfigKeys (ConfUtils.java:logGet(46)) - raft.server.log.use.memory = false (default)
2022-06-27 16:59:08,795 [pool-1128-thread-1] INFO  server.RaftServerConfigKeys (ConfUtils.java:logGet(46)) - raft.server.log.purge.gap = 1000000 (custom)
2022-06-27 16:59:08,795 [pool-1128-thread-1] INFO  server.RaftServerConfigKeys (ConfUtils.java:logGet(46)) - raft.server.log.appender.buffer.byte-limit = 33554432 (custom)
2022-06-27 16:59:08,795 [pool-1128-thread-1] INFO  server.RaftServerConfigKeys (ConfUtils.java:logGet(46)) - raft.server.log.statemachine.data.read.timeout = 1000ms (default)
2022-06-27 16:59:08,795 [pool-1128-thread-1] INFO  server.RaftServerConfigKeys (ConfUtils.java:logGet(46)) - raft.server.log.segment.size.max = 1048576 (custom)
2022-06-27 16:59:08,795 [pool-1128-thread-1] INFO  server.RaftServerConfigKeys (ConfUtils.java:logGet(46)) - raft.server.log.segment.cache.num.max = 2 (custom)
2022-06-27 16:59:08,795 [pool-1128-thread-1] INFO  server.RaftServerConfigKeys (ConfUtils.java:logGet(46)) - raft.server.log.segment.cache.size.max = 200MB (=209715200) (default)
2022-06-27 16:59:08,795 [pool-1128-thread-1] INFO  segmented.SegmentedRaftLogWorker (SegmentedRaftLogWorker.java:<init>(187)) - new 97d0f922-59b0-4c16-8d4c-abda25e6e18a@group-46BFB31D35AA-SegmentedRaftLogWorker for RaftStorageImpl:Storage Directory /home/runner/work/ozone/ozone/hadoop-ozone/integration-test/target/test-dir/MiniOzoneClusterImpl-9da5c95b-489f-4ace-b65d-e0c796cc3c87/datanode-1/data/ratis/f68ab14c-f0b3-47d6-a168-46bfb31d35aa
2022-06-27 16:59:08,795 [pool-1128-thread-1] INFO  server.RaftServerConfigKeys (ConfUtils.java:logGet(46)) - raft.server.log.queue.byte-limit = 4294967296 (custom)
2022-06-27 16:59:08,795 [pool-1128-thread-1] INFO  server.RaftServerConfigKeys (ConfUtils.java:logGet(46)) - raft.server.log.queue.element-limit = 1024 (custom)
2022-06-27 16:59:08,796 [pool-1128-thread-1] INFO  server.RaftServerConfigKeys (ConfUtils.java:logGet(46)) - raft.server.log.segment.size.max = 1048576 (custom)
2022-06-27 16:59:08,796 [pool-1128-thread-1] INFO  server.RaftServerConfigKeys (ConfUtils.java:logGet(46)) - raft.server.log.preallocated.size = 16384 (custom)
2022-06-27 16:59:08,796 [pool-1128-thread-1] INFO  server.RaftServerConfigKeys (ConfUtils.java:logGet(46)) - raft.server.log.force.sync.num = 128 (default)
2022-06-27 16:59:08,796 [pool-1128-thread-1] INFO  server.RaftServerConfigKeys (ConfUtils.java:logGet(46)) - raft.server.log.statemachine.data.sync = true (default)
2022-06-27 16:59:08,796 [pool-1128-thread-1] INFO  server.RaftServerConfigKeys (ConfUtils.java:logGet(46)) - raft.server.log.statemachine.data.sync.timeout = 10s (default)
2022-06-27 16:59:08,796 [pool-1128-thread-1] INFO  server.RaftServerConfigKeys (ConfUtils.java:logGet(46)) - raft.server.log.statemachine.data.sync.timeout.retry = -1 (default)
2022-06-27 16:59:08,797 [pool-1128-thread-1] INFO  server.RaftServerConfigKeys (ConfUtils.java:logGet(46)) - raft.server.log.write.buffer.size = 1048576 (custom)
2022-06-27 16:59:08,798 [pool-1128-thread-1] INFO  server.RaftServerConfigKeys (ConfUtils.java:logGet(46)) - raft.server.log.unsafe-flush.enabled = false (default)
2022-06-27 16:59:08,798 [pool-1128-thread-1] INFO  server.RaftServerConfigKeys (ConfUtils.java:logGet(46)) - raft.server.log.statemachine.data.caching.enabled = true (custom)
2022-06-27 16:59:08,798 [pool-1128-thread-1] INFO  segmented.SegmentedRaftLogWorker (SegmentedRaftLogWorker.java:lambda$new$0(135)) - 97d0f922-59b0-4c16-8d4c-abda25e6e18a@group-46BFB31D35AA-SegmentedRaftLogWorker: flushIndex: setUnconditionally 0 -> -1
2022-06-27 16:59:08,798 [pool-1128-thread-1] INFO  segmented.SegmentedRaftLogWorker (SegmentedRaftLogWorker.java:lambda$new$0(135)) - 97d0f922-59b0-4c16-8d4c-abda25e6e18a@group-46BFB31D35AA-SegmentedRaftLogWorker: safeCacheEvictIndex: setUnconditionally 0 -> -1
2022-06-27 16:59:08,797 [EventQueue-PipelineReportForPipelineReportHandler] INFO  pipeline.PipelineManagerImpl (PipelineManagerImpl.java:openPipeline(358)) - Pipeline Pipeline[ Id: f68ab14c-f0b3-47d6-a168-46bfb31d35aa, Nodes: 97d0f922-59b0-4c16-8d4c-abda25e6e18a{ip: 10.1.0.22, host: fv-az215-30.fk02tkdpp51uda4i120yanydqb.bx.internal.cloudapp.net, ports: [REPLICATION=45109, RATIS=33221, RATIS_ADMIN=33221, RATIS_SERVER=33221, STANDALONE=39161], networkLocation: /default-rack, certSerialId: null, persistedOpState: IN_SERVICE, persistedOpStateExpiryEpochSec: 0}, ReplicationConfig: RATIS/ONE, State:ALLOCATED, leaderId:97d0f922-59b0-4c16-8d4c-abda25e6e18a, CreationTimestamp2022-06-27T16:59:05.792Z[Etc/UTC]] moved to OPEN state
2022-06-27 16:59:08,799 [EventQueue-OpenPipelineForHealthyPipelineSafeModeRule] INFO  safemode.SCMSafeModeManager (HealthyPipelineSafeModeRule.java:process(124)) - SCM in safe mode. Healthy pipelines reported count is 0, required healthy pipeline reported count is 1
2022-06-27 16:59:08,799 [pool-1128-thread-1] INFO  server.RaftServerConfigKeys (ConfUtils.java:logGet(46)) - raft.server.snapshot.auto.trigger.enabled = true (custom)
2022-06-27 16:59:08,799 [pool-1128-thread-1] INFO  server.RaftServerConfigKeys (ConfUtils.java:logGet(46)) - raft.server.snapshot.auto.trigger.threshold = 10000 (custom)
2022-06-27 16:59:08,799 [pool-1128-thread-1] INFO  server.RaftServerConfigKeys (ConfUtils.java:logGet(46)) - raft.server.snapshot.retention.file.num = 5 (custom)
2022-06-27 16:59:08,799 [pool-1128-thread-1] INFO  server.RaftServerConfigKeys (ConfUtils.java:logGet(46)) - raft.server.log.purge.upto.snapshot.index = false (default)
2022-06-27 16:59:08,799 [pool-1128-thread-1] INFO  server.RaftServerConfigKeys (ConfUtils.java:logGet(46)) - raft.server.retrycache.expirytime = 600000ms (custom)
2022-06-27 16:59:08,799 [pool-1128-thread-1] INFO  server.RaftServerConfigKeys (ConfUtils.java:logGet(46)) - raft.server.retrycache.statistics.expirytime = 100μs (default)
2022-06-27 16:59:08,801 [pool-1128-thread-1] INFO  server.RaftServerConfigKeys (ConfUtils.java:logGet(46)) - raft.server.log.appender.install.snapshot.enabled = false (custom)
2022-06-27 16:59:08,801 [pool-1128-thread-1] INFO  server.RaftServerConfigKeys (ConfUtils.java:logGet(46)) - raft.server.threadpool.server.cached = true (default)
2022-06-27 16:59:08,801 [pool-1128-thread-1] INFO  server.RaftServerConfigKeys (ConfUtils.java:logGet(46)) - raft.server.threadpool.server.size = 0 (default)
2022-06-27 16:59:08,801 [pool-1128-thread-1] INFO  server.RaftServerConfigKeys (ConfUtils.java:logGet(46)) - raft.server.threadpool.client.cached = true (default)
2022-06-27 16:59:08,801 [pool-1128-thread-1] INFO  server.RaftServerConfigKeys (ConfUtils.java:logGet(46)) - raft.server.threadpool.client.size = 0 (default)
2022-06-27 16:59:08,801 [pool-1128-thread-1] INFO  server.RaftServer$Division (RaftServerImpl.java:start(310)) - 97d0f922-59b0-4c16-8d4c-abda25e6e18a@group-46BFB31D35AA: start as a follower, conf=-1: [97d0f922-59b0-4c16-8d4c-abda25e6e18a|rpc:10.1.0.22:33221|priority:1], old=null
2022-06-27 16:59:08,801 [pool-1128-thread-1] INFO  server.RaftServer$Division (RaftServerImpl.java:setRole(299)) - 97d0f922-59b0-4c16-8d4c-abda25e6e18a@group-46BFB31D35AA: changes role from      null to FOLLOWER at term 0 for startAsFollower
2022-06-27 16:59:08,801 [pool-1128-thread-1] INFO  impl.RoleInfo (RoleInfo.java:updateAndGet(139)) - 97d0f922-59b0-4c16-8d4c-abda25e6e18a: start 97d0f922-59b0-4c16-8d4c-abda25e6e18a@group-46BFB31D35AA-FollowerState
2022-06-27 16:59:08,801 [pool-1128-thread-1] INFO  util.JmxRegister (JmxRegister.java:tryRegister(44)) - Successfully registered JMX Bean with object name Ratis:service=RaftServer,group=group-46BFB31D35AA,id=97d0f922-59b0-4c16-8d4c-abda25e6e18a
2022-06-27 16:59:08,802 [Command processor thread] INFO  ratis.XceiverServerRatis (XceiverServerRatis.java:addGroup(765)) - Created group PipelineID=f68ab14c-f0b3-47d6-a168-46bfb31d35aa
2022-06-27 16:59:08,802 [Command processor thread] INFO  commandhandler.CreatePipelineCommandHandler (CreatePipelineCommandHandler.java:handle(113)) - Created Pipeline RATIS ONE PipelineID=f68ab14c-f0b3-47d6-a168-46bfb31d35aa.
2022-06-27 16:59:09,788 [Listener at 127.0.0.1/35065] INFO  ozone.MiniOzoneClusterImpl (MiniOzoneClusterImpl.java:lambda$waitForClusterToBeReady$0(223)) - Nodes are ready. Got 5 of 5 DN Heartbeats.
2022-06-27 16:59:09,788 [Listener at 127.0.0.1/35065] INFO  ozone.MiniOzoneClusterImpl (MiniOzoneClusterImpl.java:lambda$waitForClusterToBeReady$0(226)) - Waiting for cluster to exit safe mode
2022-06-27 16:59:09,788 [Listener at 127.0.0.1/35065] INFO  ozone.MiniOzoneClusterImpl (MiniOzoneClusterImpl.java:lambda$waitForClusterToBeReady$0(228)) - SCM became leader
2022-06-27 16:59:10,503 [Command processor thread] INFO  server.RaftServer (RaftServerProxy.java:addNew(96)) - c409d2f4-bf9d-4770-9a7f-bcc4e942f419: addNew group-D1BB62754E78:[c409d2f4-bf9d-4770-9a7f-bcc4e942f419|rpc:10.1.0.22:38629|priority:1] returns group-D1BB62754E78:java.util.concurrent.CompletableFuture@66aaa411[Not completed]
2022-06-27 16:59:10,505 [pool-1179-thread-1] INFO  server.RaftServer$Division (RaftServerImpl.java:<init>(190)) - c409d2f4-bf9d-4770-9a7f-bcc4e942f419: new RaftServerImpl for group-D1BB62754E78:[c409d2f4-bf9d-4770-9a7f-bcc4e942f419|rpc:10.1.0.22:38629|priority:1] with ContainerStateMachine:uninitialized
2022-06-27 16:59:10,505 [pool-1179-thread-1] INFO  server.RaftServerConfigKeys (ConfUtils.java:logGet(46)) - raft.server.rpc.timeout.min = 5s (custom)
2022-06-27 16:59:10,505 [pool-1179-thread-1] INFO  server.RaftServerConfigKeys (ConfUtils.java:logGet(46)) - raft.server.rpc.timeout.max = 5200ms (custom)
2022-06-27 16:59:10,505 [pool-1179-thread-1] INFO  server.RaftServerConfigKeys (ConfUtils.java:logGet(46)) - raft.server.rpc.sleep.time = 25ms (default)
2022-06-27 16:59:10,505 [pool-1179-thread-1] INFO  server.RaftServerConfigKeys (ConfUtils.java:logGet(46)) - raft.server.rpc.slowness.timeout = 300s (custom)
2022-06-27 16:59:10,505 [pool-1179-thread-1] INFO  server.RaftServerConfigKeys (ConfUtils.java:logGet(46)) - raft.server.leaderelection.leader.step-down.wait-time = 10s (default)
2022-06-27 16:59:10,505 [pool-1179-thread-1] INFO  server.RaftServerConfigKeys (ConfUtils.java:logGet(46)) - raft.server.sleep.deviation.threshold = 300ms (default)
2022-06-27 16:59:10,505 [pool-1179-thread-1] INFO  server.RaftServer$Division (ServerState.java:<init>(107)) - c409d2f4-bf9d-4770-9a7f-bcc4e942f419@group-D1BB62754E78: ConfigurationManager, init=-1: [c409d2f4-bf9d-4770-9a7f-bcc4e942f419|rpc:10.1.0.22:38629|priority:1], old=null, confs=<EMPTY_MAP>
2022-06-27 16:59:10,505 [pool-1179-thread-1] INFO  server.RaftServerConfigKeys (ConfUtils.java:logGet(46)) - raft.server.storage.dir = [/home/runner/work/ozone/ozone/hadoop-ozone/integration-test/target/test-dir/MiniOzoneClusterImpl-9da5c95b-489f-4ace-b65d-e0c796cc3c87/datanode-3/data/ratis] (custom)
2022-06-27 16:59:10,506 [pool-1179-thread-1] INFO  server.RaftServerConfigKeys (ConfUtils.java:logGet(46)) - raft.server.log.corruption.policy = EXCEPTION (default)
2022-06-27 16:59:10,506 [pool-1179-thread-1] INFO  server.RaftServerConfigKeys (ConfUtils.java:logGet(46)) - raft.server.storage.free-space.min = 0MB (=0) (default)
2022-06-27 16:59:10,506 [pool-1179-thread-1] INFO  storage.RaftStorageDirectory (RaftStorageDirectoryImpl.java:analyzeStorage(135)) - The storage directory /home/runner/work/ozone/ozone/hadoop-ozone/integration-test/target/test-dir/MiniOzoneClusterImpl-9da5c95b-489f-4ace-b65d-e0c796cc3c87/datanode-3/data/ratis/3f1f9ee5-4006-49d8-b071-d1bb62754e78 does not exist. Creating ...
2022-06-27 16:59:10,507 [pool-1179-thread-1] INFO  storage.RaftStorageDirectory (RaftStorageDirectoryImpl.java:tryLock(230)) - Lock on /home/runner/work/ozone/ozone/hadoop-ozone/integration-test/target/test-dir/MiniOzoneClusterImpl-9da5c95b-489f-4ace-b65d-e0c796cc3c87/datanode-3/data/ratis/3f1f9ee5-4006-49d8-b071-d1bb62754e78/in_use.lock acquired by nodename 16603@fv-az215-30
2022-06-27 16:59:10,513 [pool-1179-thread-1] INFO  storage.RaftStorage (RaftStorageImpl.java:format(89)) - Storage directory /home/runner/work/ozone/ozone/hadoop-ozone/integration-test/target/test-dir/MiniOzoneClusterImpl-9da5c95b-489f-4ace-b65d-e0c796cc3c87/datanode-3/data/ratis/3f1f9ee5-4006-49d8-b071-d1bb62754e78 has been successfully formatted.
2022-06-27 16:59:10,526 [pool-1179-thread-1] INFO  ratis.ContainerStateMachine (ContainerStateMachine.java:loadSnapshot(236)) - group-D1BB62754E78: The snapshot info is null. Setting the last applied indexto:(t:0, i:~)
2022-06-27 16:59:10,526 [pool-1179-thread-1] INFO  server.RaftServerConfigKeys (ConfUtils.java:logGet(46)) - raft.server.notification.no-leader.timeout = 300s (custom)
2022-06-27 16:59:10,526 [pool-1179-thread-1] INFO  server.RaftServerConfigKeys (ConfUtils.java:logGet(46)) - raft.server.log.use.memory = false (default)
2022-06-27 16:59:10,526 [pool-1179-thread-1] INFO  server.RaftServerConfigKeys (ConfUtils.java:logGet(46)) - raft.server.log.purge.gap = 1000000 (custom)
2022-06-27 16:59:10,526 [pool-1179-thread-1] INFO  server.RaftServerConfigKeys (ConfUtils.java:logGet(46)) - raft.server.log.appender.buffer.byte-limit = 33554432 (custom)
2022-06-27 16:59:10,526 [pool-1179-thread-1] INFO  server.RaftServerConfigKeys (ConfUtils.java:logGet(46)) - raft.server.log.statemachine.data.read.timeout = 1000ms (default)
2022-06-27 16:59:10,526 [pool-1179-thread-1] INFO  server.RaftServerConfigKeys (ConfUtils.java:logGet(46)) - raft.server.log.segment.size.max = 1048576 (custom)
2022-06-27 16:59:10,526 [pool-1179-thread-1] INFO  server.RaftServerConfigKeys (ConfUtils.java:logGet(46)) - raft.server.log.segment.cache.num.max = 2 (custom)
2022-06-27 16:59:10,526 [pool-1179-thread-1] INFO  server.RaftServerConfigKeys (ConfUtils.java:logGet(46)) - raft.server.log.segment.cache.size.max = 200MB (=209715200) (default)
2022-06-27 16:59:10,527 [pool-1179-thread-1] INFO  segmented.SegmentedRaftLogWorker (SegmentedRaftLogWorker.java:<init>(187)) - new c409d2f4-bf9d-4770-9a7f-bcc4e942f419@group-D1BB62754E78-SegmentedRaftLogWorker for RaftStorageImpl:Storage Directory /home/runner/work/ozone/ozone/hadoop-ozone/integration-test/target/test-dir/MiniOzoneClusterImpl-9da5c95b-489f-4ace-b65d-e0c796cc3c87/datanode-3/data/ratis/3f1f9ee5-4006-49d8-b071-d1bb62754e78
2022-06-27 16:59:10,527 [pool-1179-thread-1] INFO  server.RaftServerConfigKeys (ConfUtils.java:logGet(46)) - raft.server.log.queue.byte-limit = 4294967296 (custom)
2022-06-27 16:59:10,527 [pool-1179-thread-1] INFO  server.RaftServerConfigKeys (ConfUtils.java:logGet(46)) - raft.server.log.queue.element-limit = 1024 (custom)
2022-06-27 16:59:10,527 [pool-1179-thread-1] INFO  server.RaftServerConfigKeys (ConfUtils.java:logGet(46)) - raft.server.log.segment.size.max = 1048576 (custom)
2022-06-27 16:59:10,527 [pool-1179-thread-1] INFO  server.RaftServerConfigKeys (ConfUtils.java:logGet(46)) - raft.server.log.preallocated.size = 16384 (custom)
2022-06-27 16:59:10,527 [pool-1179-thread-1] INFO  server.RaftServerConfigKeys (ConfUtils.java:logGet(46)) - raft.server.log.force.sync.num = 128 (default)
2022-06-27 16:59:10,527 [pool-1179-thread-1] INFO  server.RaftServerConfigKeys (ConfUtils.java:logGet(46)) - raft.server.log.statemachine.data.sync = true (default)
2022-06-27 16:59:10,527 [pool-1179-thread-1] INFO  server.RaftServerConfigKeys (ConfUtils.java:logGet(46)) - raft.server.log.statemachine.data.sync.timeout = 10s (default)
2022-06-27 16:59:10,527 [pool-1179-thread-1] INFO  server.RaftServerConfigKeys (ConfUtils.java:logGet(46)) - raft.server.log.statemachine.data.sync.timeout.retry = -1 (default)
2022-06-27 16:59:10,528 [pool-1179-thread-1] INFO  server.RaftServerConfigKeys (ConfUtils.java:logGet(46)) - raft.server.log.write.buffer.size = 1048576 (custom)
2022-06-27 16:59:10,528 [pool-1179-thread-1] INFO  server.RaftServerConfigKeys (ConfUtils.java:logGet(46)) - raft.server.log.unsafe-flush.enabled = false (default)
2022-06-27 16:59:10,528 [pool-1179-thread-1] INFO  server.RaftServerConfigKeys (ConfUtils.java:logGet(46)) - raft.server.log.statemachine.data.caching.enabled = true (custom)
2022-06-27 16:59:10,528 [pool-1179-thread-1] INFO  segmented.SegmentedRaftLogWorker (SegmentedRaftLogWorker.java:lambda$new$0(135)) - c409d2f4-bf9d-4770-9a7f-bcc4e942f419@group-D1BB62754E78-SegmentedRaftLogWorker: flushIndex: setUnconditionally 0 -> -1
2022-06-27 16:59:10,529 [pool-1179-thread-1] INFO  segmented.SegmentedRaftLogWorker (SegmentedRaftLogWorker.java:lambda$new$0(135)) - c409d2f4-bf9d-4770-9a7f-bcc4e942f419@group-D1BB62754E78-SegmentedRaftLogWorker: safeCacheEvictIndex: setUnconditionally 0 -> -1
2022-06-27 16:59:10,529 [EventQueue-PipelineReportForPipelineReportHandler] INFO  pipeline.PipelineManagerImpl (PipelineManagerImpl.java:openPipeline(358)) - Pipeline Pipeline[ Id: 3f1f9ee5-4006-49d8-b071-d1bb62754e78, Nodes: c409d2f4-bf9d-4770-9a7f-bcc4e942f419{ip: 10.1.0.22, host: fv-az215-30.fk02tkdpp51uda4i120yanydqb.bx.internal.cloudapp.net, ports: [REPLICATION=34353, RATIS=38629, RATIS_ADMIN=38629, RATIS_SERVER=38629, STANDALONE=40327], networkLocation: /default-rack, certSerialId: null, persistedOpState: IN_SERVICE, persistedOpStateExpiryEpochSec: 0}, ReplicationConfig: RATIS/ONE, State:ALLOCATED, leaderId:c409d2f4-bf9d-4770-9a7f-bcc4e942f419, CreationTimestamp2022-06-27T16:59:07.501Z[Etc/UTC]] moved to OPEN state
2022-06-27 16:59:10,530 [EventQueue-OpenPipelineForHealthyPipelineSafeModeRule] INFO  safemode.SCMSafeModeManager (HealthyPipelineSafeModeRule.java:process(124)) - SCM in safe mode. Healthy pipelines reported count is 0, required healthy pipeline reported count is 1
2022-06-27 16:59:10,530 [pool-1179-thread-1] INFO  server.RaftServerConfigKeys (ConfUtils.java:logGet(46)) - raft.server.snapshot.auto.trigger.enabled = true (custom)
2022-06-27 16:59:10,530 [pool-1179-thread-1] INFO  server.RaftServerConfigKeys (ConfUtils.java:logGet(46)) - raft.server.snapshot.auto.trigger.threshold = 10000 (custom)
2022-06-27 16:59:10,530 [pool-1179-thread-1] INFO  server.RaftServerConfigKeys (ConfUtils.java:logGet(46)) - raft.server.snapshot.retention.file.num = 5 (custom)
2022-06-27 16:59:10,530 [pool-1179-thread-1] INFO  server.RaftServerConfigKeys (ConfUtils.java:logGet(46)) - raft.server.log.purge.upto.snapshot.index = false (default)
2022-06-27 16:59:10,530 [pool-1179-thread-1] INFO  server.RaftServerConfigKeys (ConfUtils.java:logGet(46)) - raft.server.retrycache.expirytime = 600000ms (custom)
2022-06-27 16:59:10,530 [pool-1179-thread-1] INFO  server.RaftServerConfigKeys (ConfUtils.java:logGet(46)) - raft.server.retrycache.statistics.expirytime = 100μs (default)
2022-06-27 16:59:10,531 [pool-1179-thread-1] INFO  server.RaftServerConfigKeys (ConfUtils.java:logGet(46)) - raft.server.log.appender.install.snapshot.enabled = false (custom)
2022-06-27 16:59:10,531 [pool-1179-thread-1] INFO  server.RaftServerConfigKeys (ConfUtils.java:logGet(46)) - raft.server.threadpool.server.cached = true (default)
2022-06-27 16:59:10,532 [pool-1179-thread-1] INFO  server.RaftServerConfigKeys (ConfUtils.java:logGet(46)) - raft.server.threadpool.server.size = 0 (default)
2022-06-27 16:59:10,532 [pool-1179-thread-1] INFO  server.RaftServerConfigKeys (ConfUtils.java:logGet(46)) - raft.server.threadpool.client.cached = true (default)
2022-06-27 16:59:10,532 [pool-1179-thread-1] INFO  server.RaftServerConfigKeys (ConfUtils.java:logGet(46)) - raft.server.threadpool.client.size = 0 (default)
2022-06-27 16:59:10,532 [pool-1179-thread-1] INFO  server.RaftServer$Division (RaftServerImpl.java:start(310)) - c409d2f4-bf9d-4770-9a7f-bcc4e942f419@group-D1BB62754E78: start as a follower, conf=-1: [c409d2f4-bf9d-4770-9a7f-bcc4e942f419|rpc:10.1.0.22:38629|priority:1], old=null
2022-06-27 16:59:10,532 [pool-1179-thread-1] INFO  server.RaftServer$Division (RaftServerImpl.java:setRole(299)) - c409d2f4-bf9d-4770-9a7f-bcc4e942f419@group-D1BB62754E78: changes role from      null to FOLLOWER at term 0 for startAsFollower
2022-06-27 16:59:10,532 [pool-1179-thread-1] INFO  impl.RoleInfo (RoleInfo.java:updateAndGet(139)) - c409d2f4-bf9d-4770-9a7f-bcc4e942f419: start c409d2f4-bf9d-4770-9a7f-bcc4e942f419@group-D1BB62754E78-FollowerState
2022-06-27 16:59:10,532 [pool-1179-thread-1] INFO  util.JmxRegister (JmxRegister.java:tryRegister(44)) - Successfully registered JMX Bean with object name Ratis:service=RaftServer,group=group-D1BB62754E78,id=c409d2f4-bf9d-4770-9a7f-bcc4e942f419
2022-06-27 16:59:10,533 [Command processor thread] INFO  ratis.XceiverServerRatis (XceiverServerRatis.java:addGroup(765)) - Created group PipelineID=3f1f9ee5-4006-49d8-b071-d1bb62754e78
2022-06-27 16:59:10,533 [Command processor thread] INFO  commandhandler.CreatePipelineCommandHandler (CreatePipelineCommandHandler.java:handle(113)) - Created Pipeline RATIS ONE PipelineID=3f1f9ee5-4006-49d8-b071-d1bb62754e78.
2022-06-27 16:59:10,788 [Listener at 127.0.0.1/35065] INFO  ozone.MiniOzoneClusterImpl (MiniOzoneClusterImpl.java:lambda$waitForClusterToBeReady$0(223)) - Nodes are ready. Got 5 of 5 DN Heartbeats.
2022-06-27 16:59:10,788 [Listener at 127.0.0.1/35065] INFO  ozone.MiniOzoneClusterImpl (MiniOzoneClusterImpl.java:lambda$waitForClusterToBeReady$0(226)) - Waiting for cluster to exit safe mode
2022-06-27 16:59:10,788 [Listener at 127.0.0.1/35065] INFO  ozone.MiniOzoneClusterImpl (MiniOzoneClusterImpl.java:lambda$waitForClusterToBeReady$0(228)) - SCM became leader
2022-06-27 16:59:10,835 [Command processor thread] INFO  server.RaftServer (RaftServerProxy.java:addNew(96)) - 0dd50b48-e2e1-49cf-998a-2c9ab0a66ce5: addNew group-601D77DA023D:[0dd50b48-e2e1-49cf-998a-2c9ab0a66ce5|rpc:10.1.0.22:34597|priority:1] returns group-601D77DA023D:java.util.concurrent.CompletableFuture@544f8b55[Not completed]
2022-06-27 16:59:10,836 [pool-1202-thread-1] INFO  server.RaftServer$Division (RaftServerImpl.java:<init>(190)) - 0dd50b48-e2e1-49cf-998a-2c9ab0a66ce5: new RaftServerImpl for group-601D77DA023D:[0dd50b48-e2e1-49cf-998a-2c9ab0a66ce5|rpc:10.1.0.22:34597|priority:1] with ContainerStateMachine:uninitialized
2022-06-27 16:59:10,839 [pool-1202-thread-1] INFO  server.RaftServerConfigKeys (ConfUtils.java:logGet(46)) - raft.server.rpc.timeout.min = 5s (custom)
2022-06-27 16:59:10,839 [pool-1202-thread-1] INFO  server.RaftServerConfigKeys (ConfUtils.java:logGet(46)) - raft.server.rpc.timeout.max = 5200ms (custom)
2022-06-27 16:59:10,839 [pool-1202-thread-1] INFO  server.RaftServerConfigKeys (ConfUtils.java:logGet(46)) - raft.server.rpc.sleep.time = 25ms (default)
2022-06-27 16:59:10,839 [pool-1202-thread-1] INFO  server.RaftServerConfigKeys (ConfUtils.java:logGet(46)) - raft.server.rpc.slowness.timeout = 300s (custom)
2022-06-27 16:59:10,839 [pool-1202-thread-1] INFO  server.RaftServerConfigKeys (ConfUtils.java:logGet(46)) - raft.server.leaderelection.leader.step-down.wait-time = 10s (default)
2022-06-27 16:59:10,839 [pool-1202-thread-1] INFO  server.RaftServerConfigKeys (ConfUtils.java:logGet(46)) - raft.server.sleep.deviation.threshold = 300ms (default)
2022-06-27 16:59:10,839 [pool-1202-thread-1] INFO  server.RaftServer$Division (ServerState.java:<init>(107)) - 0dd50b48-e2e1-49cf-998a-2c9ab0a66ce5@group-601D77DA023D: ConfigurationManager, init=-1: [0dd50b48-e2e1-49cf-998a-2c9ab0a66ce5|rpc:10.1.0.22:34597|priority:1], old=null, confs=<EMPTY_MAP>
2022-06-27 16:59:10,839 [pool-1202-thread-1] INFO  server.RaftServerConfigKeys (ConfUtils.java:logGet(46)) - raft.server.storage.dir = [/home/runner/work/ozone/ozone/hadoop-ozone/integration-test/target/test-dir/MiniOzoneClusterImpl-9da5c95b-489f-4ace-b65d-e0c796cc3c87/datanode-4/data/ratis] (custom)
2022-06-27 16:59:10,839 [pool-1202-thread-1] INFO  server.RaftServerConfigKeys (ConfUtils.java:logGet(46)) - raft.server.log.corruption.policy = EXCEPTION (default)
2022-06-27 16:59:10,839 [pool-1202-thread-1] INFO  server.RaftServerConfigKeys (ConfUtils.java:logGet(46)) - raft.server.storage.free-space.min = 0MB (=0) (default)
2022-06-27 16:59:10,839 [pool-1202-thread-1] INFO  storage.RaftStorageDirectory (RaftStorageDirectoryImpl.java:analyzeStorage(135)) - The storage directory /home/runner/work/ozone/ozone/hadoop-ozone/integration-test/target/test-dir/MiniOzoneClusterImpl-9da5c95b-489f-4ace-b65d-e0c796cc3c87/datanode-4/data/ratis/53773c8b-496f-47da-8746-601d77da023d does not exist. Creating ...
2022-06-27 16:59:10,843 [pool-1202-thread-1] INFO  storage.RaftStorageDirectory (RaftStorageDirectoryImpl.java:tryLock(230)) - Lock on /home/runner/work/ozone/ozone/hadoop-ozone/integration-test/target/test-dir/MiniOzoneClusterImpl-9da5c95b-489f-4ace-b65d-e0c796cc3c87/datanode-4/data/ratis/53773c8b-496f-47da-8746-601d77da023d/in_use.lock acquired by nodename 16603@fv-az215-30
2022-06-27 16:59:10,844 [pool-1202-thread-1] INFO  storage.RaftStorage (RaftStorageImpl.java:format(89)) - Storage directory /home/runner/work/ozone/ozone/hadoop-ozone/integration-test/target/test-dir/MiniOzoneClusterImpl-9da5c95b-489f-4ace-b65d-e0c796cc3c87/datanode-4/data/ratis/53773c8b-496f-47da-8746-601d77da023d has been successfully formatted.
2022-06-27 16:59:10,855 [pool-1202-thread-1] INFO  ratis.ContainerStateMachine (ContainerStateMachine.java:loadSnapshot(236)) - group-601D77DA023D: The snapshot info is null. Setting the last applied indexto:(t:0, i:~)
2022-06-27 16:59:10,856 [pool-1202-thread-1] INFO  server.RaftServerConfigKeys (ConfUtils.java:logGet(46)) - raft.server.notification.no-leader.timeout = 300s (custom)
2022-06-27 16:59:10,856 [pool-1202-thread-1] INFO  server.RaftServerConfigKeys (ConfUtils.java:logGet(46)) - raft.server.log.use.memory = false (default)
2022-06-27 16:59:10,856 [pool-1202-thread-1] INFO  server.RaftServerConfigKeys (ConfUtils.java:logGet(46)) - raft.server.log.purge.gap = 1000000 (custom)
2022-06-27 16:59:10,856 [pool-1202-thread-1] INFO  server.RaftServerConfigKeys (ConfUtils.java:logGet(46)) - raft.server.log.appender.buffer.byte-limit = 33554432 (custom)
2022-06-27 16:59:10,856 [pool-1202-thread-1] INFO  server.RaftServerConfigKeys (ConfUtils.java:logGet(46)) - raft.server.log.statemachine.data.read.timeout = 1000ms (default)
2022-06-27 16:59:10,856 [pool-1202-thread-1] INFO  server.RaftServerConfigKeys (ConfUtils.java:logGet(46)) - raft.server.log.segment.size.max = 1048576 (custom)
2022-06-27 16:59:10,856 [pool-1202-thread-1] INFO  server.RaftServerConfigKeys (ConfUtils.java:logGet(46)) - raft.server.log.segment.cache.num.max = 2 (custom)
2022-06-27 16:59:10,856 [pool-1202-thread-1] INFO  server.RaftServerConfigKeys (ConfUtils.java:logGet(46)) - raft.server.log.segment.cache.size.max = 200MB (=209715200) (default)
2022-06-27 16:59:10,856 [pool-1202-thread-1] INFO  segmented.SegmentedRaftLogWorker (SegmentedRaftLogWorker.java:<init>(187)) - new 0dd50b48-e2e1-49cf-998a-2c9ab0a66ce5@group-601D77DA023D-SegmentedRaftLogWorker for RaftStorageImpl:Storage Directory /home/runner/work/ozone/ozone/hadoop-ozone/integration-test/target/test-dir/MiniOzoneClusterImpl-9da5c95b-489f-4ace-b65d-e0c796cc3c87/datanode-4/data/ratis/53773c8b-496f-47da-8746-601d77da023d
2022-06-27 16:59:10,857 [pool-1202-thread-1] INFO  server.RaftServerConfigKeys (ConfUtils.java:logGet(46)) - raft.server.log.queue.byte-limit = 4294967296 (custom)
2022-06-27 16:59:10,857 [pool-1202-thread-1] INFO  server.RaftServerConfigKeys (ConfUtils.java:logGet(46)) - raft.server.log.queue.element-limit = 1024 (custom)
2022-06-27 16:59:10,857 [pool-1202-thread-1] INFO  server.RaftServerConfigKeys (ConfUtils.java:logGet(46)) - raft.server.log.segment.size.max = 1048576 (custom)
2022-06-27 16:59:10,857 [pool-1202-thread-1] INFO  server.RaftServerConfigKeys (ConfUtils.java:logGet(46)) - raft.server.log.preallocated.size = 16384 (custom)
2022-06-27 16:59:10,857 [pool-1202-thread-1] INFO  server.RaftServerConfigKeys (ConfUtils.java:logGet(46)) - raft.server.log.force.sync.num = 128 (default)
2022-06-27 16:59:10,857 [pool-1202-thread-1] INFO  server.RaftServerConfigKeys (ConfUtils.java:logGet(46)) - raft.server.log.statemachine.data.sync = true (default)
2022-06-27 16:59:10,857 [EventQueue-PipelineReportForPipelineReportHandler] INFO  pipeline.PipelineManagerImpl (PipelineManagerImpl.java:openPipeline(358)) - Pipeline Pipeline[ Id: 53773c8b-496f-47da-8746-601d77da023d, Nodes: 0dd50b48-e2e1-49cf-998a-2c9ab0a66ce5{ip: 10.1.0.22, host: fv-az215-30.fk02tkdpp51uda4i120yanydqb.bx.internal.cloudapp.net, ports: [REPLICATION=32997, RATIS=34597, RATIS_ADMIN=34597, RATIS_SERVER=34597, STANDALONE=45015], networkLocation: /default-rack, certSerialId: null, persistedOpState: IN_SERVICE, persistedOpStateExpiryEpochSec: 0}, ReplicationConfig: RATIS/ONE, State:ALLOCATED, leaderId:0dd50b48-e2e1-49cf-998a-2c9ab0a66ce5, CreationTimestamp2022-06-27T16:59:07.883Z[Etc/UTC]] moved to OPEN state
2022-06-27 16:59:10,863 [EventQueue-OpenPipelineForHealthyPipelineSafeModeRule] INFO  safemode.SCMSafeModeManager (HealthyPipelineSafeModeRule.java:process(124)) - SCM in safe mode. Healthy pipelines reported count is 0, required healthy pipeline reported count is 1
2022-06-27 16:59:10,863 [pool-1202-thread-1] INFO  server.RaftServerConfigKeys (ConfUtils.java:logGet(46)) - raft.server.log.statemachine.data.sync.timeout = 10s (default)
2022-06-27 16:59:10,864 [pool-1202-thread-1] INFO  server.RaftServerConfigKeys (ConfUtils.java:logGet(46)) - raft.server.log.statemachine.data.sync.timeout.retry = -1 (default)
2022-06-27 16:59:10,865 [pool-1202-thread-1] INFO  server.RaftServerConfigKeys (ConfUtils.java:logGet(46)) - raft.server.log.write.buffer.size = 1048576 (custom)
2022-06-27 16:59:10,865 [pool-1202-thread-1] INFO  server.RaftServerConfigKeys (ConfUtils.java:logGet(46)) - raft.server.log.unsafe-flush.enabled = false (default)
2022-06-27 16:59:10,865 [pool-1202-thread-1] INFO  server.RaftServerConfigKeys (ConfUtils.java:logGet(46)) - raft.server.log.statemachine.data.caching.enabled = true (custom)
2022-06-27 16:59:10,865 [pool-1202-thread-1] INFO  segmented.SegmentedRaftLogWorker (SegmentedRaftLogWorker.java:lambda$new$0(135)) - 0dd50b48-e2e1-49cf-998a-2c9ab0a66ce5@group-601D77DA023D-SegmentedRaftLogWorker: flushIndex: setUnconditionally 0 -> -1
2022-06-27 16:59:10,866 [pool-1202-thread-1] INFO  segmented.SegmentedRaftLogWorker (SegmentedRaftLogWorker.java:lambda$new$0(135)) - 0dd50b48-e2e1-49cf-998a-2c9ab0a66ce5@group-601D77DA023D-SegmentedRaftLogWorker: safeCacheEvictIndex: setUnconditionally 0 -> -1
2022-06-27 16:59:10,866 [pool-1202-thread-1] INFO  server.RaftServerConfigKeys (ConfUtils.java:logGet(46)) - raft.server.snapshot.auto.trigger.enabled = true (custom)
2022-06-27 16:59:10,866 [pool-1202-thread-1] INFO  server.RaftServerConfigKeys (ConfUtils.java:logGet(46)) - raft.server.snapshot.auto.trigger.threshold = 10000 (custom)
2022-06-27 16:59:10,866 [pool-1202-thread-1] INFO  server.RaftServerConfigKeys (ConfUtils.java:logGet(46)) - raft.server.snapshot.retention.file.num = 5 (custom)
2022-06-27 16:59:10,866 [pool-1202-thread-1] INFO  server.RaftServerConfigKeys (ConfUtils.java:logGet(46)) - raft.server.log.purge.upto.snapshot.index = false (default)
2022-06-27 16:59:10,866 [pool-1202-thread-1] INFO  server.RaftServerConfigKeys (ConfUtils.java:logGet(46)) - raft.server.retrycache.expirytime = 600000ms (custom)
2022-06-27 16:59:10,866 [pool-1202-thread-1] INFO  server.RaftServerConfigKeys (ConfUtils.java:logGet(46)) - raft.server.retrycache.statistics.expirytime = 100μs (default)
2022-06-27 16:59:10,867 [pool-1202-thread-1] INFO  server.RaftServerConfigKeys (ConfUtils.java:logGet(46)) - raft.server.log.appender.install.snapshot.enabled = false (custom)
2022-06-27 16:59:10,867 [pool-1202-thread-1] INFO  server.RaftServerConfigKeys (ConfUtils.java:logGet(46)) - raft.server.threadpool.server.cached = true (default)
2022-06-27 16:59:10,867 [pool-1202-thread-1] INFO  server.RaftServerConfigKeys (ConfUtils.java:logGet(46)) - raft.server.threadpool.server.size = 0 (default)
2022-06-27 16:59:10,867 [pool-1202-thread-1] INFO  server.RaftServerConfigKeys (ConfUtils.java:logGet(46)) - raft.server.threadpool.client.cached = true (default)
2022-06-27 16:59:10,867 [pool-1202-thread-1] INFO  server.RaftServerConfigKeys (ConfUtils.java:logGet(46)) - raft.server.threadpool.client.size = 0 (default)
2022-06-27 16:59:10,867 [pool-1202-thread-1] INFO  server.RaftServer$Division (RaftServerImpl.java:start(310)) - 0dd50b48-e2e1-49cf-998a-2c9ab0a66ce5@group-601D77DA023D: start as a follower, conf=-1: [0dd50b48-e2e1-49cf-998a-2c9ab0a66ce5|rpc:10.1.0.22:34597|priority:1], old=null
2022-06-27 16:59:10,867 [pool-1202-thread-1] INFO  server.RaftServer$Division (RaftServerImpl.java:setRole(299)) - 0dd50b48-e2e1-49cf-998a-2c9ab0a66ce5@group-601D77DA023D: changes role from      null to FOLLOWER at term 0 for startAsFollower
2022-06-27 16:59:10,867 [pool-1202-thread-1] INFO  impl.RoleInfo (RoleInfo.java:updateAndGet(139)) - 0dd50b48-e2e1-49cf-998a-2c9ab0a66ce5: start 0dd50b48-e2e1-49cf-998a-2c9ab0a66ce5@group-601D77DA023D-FollowerState
2022-06-27 16:59:10,868 [pool-1202-thread-1] INFO  util.JmxRegister (JmxRegister.java:tryRegister(44)) - Successfully registered JMX Bean with object name Ratis:service=RaftServer,group=group-601D77DA023D,id=0dd50b48-e2e1-49cf-998a-2c9ab0a66ce5
2022-06-27 16:59:10,869 [Command processor thread] INFO  ratis.XceiverServerRatis (XceiverServerRatis.java:addGroup(765)) - Created group PipelineID=53773c8b-496f-47da-8746-601d77da023d
2022-06-27 16:59:10,869 [Command processor thread] INFO  commandhandler.CreatePipelineCommandHandler (CreatePipelineCommandHandler.java:handle(113)) - Created Pipeline RATIS ONE PipelineID=53773c8b-496f-47da-8746-601d77da023d.
2022-06-27 16:59:11,788 [Listener at 127.0.0.1/35065] INFO  ozone.MiniOzoneClusterImpl (MiniOzoneClusterImpl.java:lambda$waitForClusterToBeReady$0(223)) - Nodes are ready. Got 5 of 5 DN Heartbeats.
2022-06-27 16:59:11,789 [Listener at 127.0.0.1/35065] INFO  ozone.MiniOzoneClusterImpl (MiniOzoneClusterImpl.java:lambda$waitForClusterToBeReady$0(226)) - Waiting for cluster to exit safe mode
2022-06-27 16:59:11,789 [Listener at 127.0.0.1/35065] INFO  ozone.MiniOzoneClusterImpl (MiniOzoneClusterImpl.java:lambda$waitForClusterToBeReady$0(228)) - SCM became leader
2022-06-27 16:59:12,787 [95b81b85-17bb-45ea-89c3-846c2a70bfe7@group-19A81B7FAFA0-FollowerState] INFO  impl.FollowerState (FollowerState.java:run(143)) - 95b81b85-17bb-45ea-89c3-846c2a70bfe7@group-19A81B7FAFA0-FollowerState: change to CANDIDATE, lastRpcElapsedTime:5080922440ns, electionTimeout:5079ms
2022-06-27 16:59:12,787 [95b81b85-17bb-45ea-89c3-846c2a70bfe7@group-19A81B7FAFA0-FollowerState] INFO  impl.RoleInfo (RoleInfo.java:shutdownFollowerState(110)) - 95b81b85-17bb-45ea-89c3-846c2a70bfe7: shutdown 95b81b85-17bb-45ea-89c3-846c2a70bfe7@group-19A81B7FAFA0-FollowerState
2022-06-27 16:59:12,787 [95b81b85-17bb-45ea-89c3-846c2a70bfe7@group-19A81B7FAFA0-FollowerState] INFO  server.RaftServer$Division (RaftServerImpl.java:setRole(299)) - 95b81b85-17bb-45ea-89c3-846c2a70bfe7@group-19A81B7FAFA0: changes role from  FOLLOWER to CANDIDATE at term 0 for changeToCandidate
2022-06-27 16:59:12,787 [95b81b85-17bb-45ea-89c3-846c2a70bfe7@group-19A81B7FAFA0-FollowerState] INFO  server.RaftServerConfigKeys (ConfUtils.java:logGet(46)) - raft.server.leaderelection.pre-vote = false (custom)
2022-06-27 16:59:12,787 [95b81b85-17bb-45ea-89c3-846c2a70bfe7@group-19A81B7FAFA0-FollowerState] INFO  impl.RoleInfo (RoleInfo.java:updateAndGet(139)) - 95b81b85-17bb-45ea-89c3-846c2a70bfe7: start 95b81b85-17bb-45ea-89c3-846c2a70bfe7@group-19A81B7FAFA0-LeaderElection66
2022-06-27 16:59:12,789 [Listener at 127.0.0.1/35065] INFO  ozone.MiniOzoneClusterImpl (MiniOzoneClusterImpl.java:lambda$waitForClusterToBeReady$0(223)) - Nodes are ready. Got 5 of 5 DN Heartbeats.
2022-06-27 16:59:12,789 [Listener at 127.0.0.1/35065] INFO  ozone.MiniOzoneClusterImpl (MiniOzoneClusterImpl.java:lambda$waitForClusterToBeReady$0(226)) - Waiting for cluster to exit safe mode
2022-06-27 16:59:12,789 [Listener at 127.0.0.1/35065] INFO  ozone.MiniOzoneClusterImpl (MiniOzoneClusterImpl.java:lambda$waitForClusterToBeReady$0(228)) - SCM became leader
2022-06-27 16:59:12,840 [95b81b85-17bb-45ea-89c3-846c2a70bfe7@group-0D4E55C45BC0-FollowerState] INFO  impl.FollowerState (FollowerState.java:run(143)) - 95b81b85-17bb-45ea-89c3-846c2a70bfe7@group-0D4E55C45BC0-FollowerState: change to CANDIDATE, lastRpcElapsedTime:5118734779ns, electionTimeout:5117ms
2022-06-27 16:59:12,841 [95b81b85-17bb-45ea-89c3-846c2a70bfe7@group-0D4E55C45BC0-FollowerState] INFO  impl.RoleInfo (RoleInfo.java:shutdownFollowerState(110)) - 95b81b85-17bb-45ea-89c3-846c2a70bfe7: shutdown 95b81b85-17bb-45ea-89c3-846c2a70bfe7@group-0D4E55C45BC0-FollowerState
2022-06-27 16:59:12,841 [95b81b85-17bb-45ea-89c3-846c2a70bfe7@group-0D4E55C45BC0-FollowerState] INFO  server.RaftServer$Division (RaftServerImpl.java:setRole(299)) - 95b81b85-17bb-45ea-89c3-846c2a70bfe7@group-0D4E55C45BC0: changes role from  FOLLOWER to CANDIDATE at term 0 for changeToCandidate
2022-06-27 16:59:12,841 [95b81b85-17bb-45ea-89c3-846c2a70bfe7@group-0D4E55C45BC0-FollowerState] INFO  server.RaftServerConfigKeys (ConfUtils.java:logGet(46)) - raft.server.leaderelection.pre-vote = false (custom)
2022-06-27 16:59:12,841 [95b81b85-17bb-45ea-89c3-846c2a70bfe7@group-0D4E55C45BC0-FollowerState] INFO  impl.RoleInfo (RoleInfo.java:updateAndGet(139)) - 95b81b85-17bb-45ea-89c3-846c2a70bfe7: start 95b81b85-17bb-45ea-89c3-846c2a70bfe7@group-0D4E55C45BC0-LeaderElection67
2022-06-27 16:59:12,848 [95b81b85-17bb-45ea-89c3-846c2a70bfe7@group-19A81B7FAFA0-LeaderElection66] INFO  impl.LeaderElection (LeaderElection.java:askForVotes(310)) - 95b81b85-17bb-45ea-89c3-846c2a70bfe7@group-19A81B7FAFA0-LeaderElection66 ELECTION round 0: submit vote requests at term 1 for -1: [95b81b85-17bb-45ea-89c3-846c2a70bfe7|rpc:10.1.0.22:34665|priority:1], old=null
2022-06-27 16:59:12,848 [95b81b85-17bb-45ea-89c3-846c2a70bfe7@group-19A81B7FAFA0-LeaderElection66] INFO  impl.LeaderElection (LeaderElection.java:askForVotes(312)) - 95b81b85-17bb-45ea-89c3-846c2a70bfe7@group-19A81B7FAFA0-LeaderElection66 ELECTION round 0: result PASSED (term=1)
2022-06-27 16:59:12,848 [95b81b85-17bb-45ea-89c3-846c2a70bfe7@group-19A81B7FAFA0-LeaderElection66] INFO  impl.RoleInfo (RoleInfo.java:shutdownLeaderElection(130)) - 95b81b85-17bb-45ea-89c3-846c2a70bfe7: shutdown 95b81b85-17bb-45ea-89c3-846c2a70bfe7@group-19A81B7FAFA0-LeaderElection66
2022-06-27 16:59:12,848 [95b81b85-17bb-45ea-89c3-846c2a70bfe7@group-19A81B7FAFA0-LeaderElection66] INFO  server.RaftServer$Division (RaftServerImpl.java:setRole(299)) - 95b81b85-17bb-45ea-89c3-846c2a70bfe7@group-19A81B7FAFA0: changes role from CANDIDATE to LEADER at term 1 for changeToLeader
2022-06-27 16:59:12,848 [95b81b85-17bb-45ea-89c3-846c2a70bfe7@group-19A81B7FAFA0-LeaderElection66] INFO  ratis.XceiverServerRatis (XceiverServerRatis.java:handleLeaderChangedNotification(863)) - Leader change notification received for group: group-19A81B7FAFA0 with new leaderId: 95b81b85-17bb-45ea-89c3-846c2a70bfe7
2022-06-27 16:59:12,848 [95b81b85-17bb-45ea-89c3-846c2a70bfe7@group-19A81B7FAFA0-LeaderElection66] INFO  server.RaftServer$Division (ServerState.java:setLeader(287)) - 95b81b85-17bb-45ea-89c3-846c2a70bfe7@group-19A81B7FAFA0: change Leader from null to 95b81b85-17bb-45ea-89c3-846c2a70bfe7 at term 1 for becomeLeader, leader elected after 5163ms
2022-06-27 16:59:12,848 [95b81b85-17bb-45ea-89c3-846c2a70bfe7@group-19A81B7FAFA0-LeaderElection66] INFO  server.RaftServerConfigKeys (ConfUtils.java:logGet(46)) - raft.server.staging.catchup.gap = 1000 (default)
2022-06-27 16:59:12,849 [95b81b85-17bb-45ea-89c3-846c2a70bfe7@group-19A81B7FAFA0-LeaderElection66] INFO  server.RaftServerConfigKeys (ConfUtils.java:logGet(46)) - raft.server.write.element-limit = 1024 (custom)
2022-06-27 16:59:12,849 [95b81b85-17bb-45ea-89c3-846c2a70bfe7@group-19A81B7FAFA0-LeaderElection66] INFO  server.RaftServerConfigKeys (ConfUtils.java:logGet(46)) - raft.server.write.byte-limit = 1024 M (=1073741824) (custom)
2022-06-27 16:59:12,849 [EventQueue-OpenPipelineForHealthyPipelineSafeModeRule] INFO  safemode.SCMSafeModeManager (HealthyPipelineSafeModeRule.java:process(124)) - SCM in safe mode. Healthy pipelines reported count is 0, required healthy pipeline reported count is 1
2022-06-27 16:59:12,849 [95b81b85-17bb-45ea-89c3-846c2a70bfe7@group-19A81B7FAFA0-LeaderElection66] INFO  server.RaftServerConfigKeys (ConfUtils.java:logGet(46)) - raft.server.watch.timeout = 180s (custom)
2022-06-27 16:59:12,849 [95b81b85-17bb-45ea-89c3-846c2a70bfe7@group-19A81B7FAFA0-LeaderElection66] INFO  server.RaftServerConfigKeys (ConfUtils.java:logGet(46)) - raft.server.watch.timeout.denomination = 1s (default)
2022-06-27 16:59:12,849 [95b81b85-17bb-45ea-89c3-846c2a70bfe7@group-19A81B7FAFA0-LeaderElection66] INFO  server.RaftServerConfigKeys (ConfUtils.java:logGet(46)) - raft.server.watch.element-limit = 65536 (default)
2022-06-27 16:59:12,850 [95b81b85-17bb-45ea-89c3-846c2a70bfe7@group-19A81B7FAFA0-LeaderElection66] INFO  server.RaftServerConfigKeys (ConfUtils.java:logGet(46)) - raft.server.write.element-limit = 1024 (custom)
2022-06-27 16:59:12,850 [95b81b85-17bb-45ea-89c3-846c2a70bfe7@group-19A81B7FAFA0-LeaderElection66] INFO  server.RaftServerConfigKeys (ConfUtils.java:logGet(46)) - raft.server.write.follower.gap.ratio.max = -1.0 (default)
2022-06-27 16:59:12,850 [95b81b85-17bb-45ea-89c3-846c2a70bfe7@group-19A81B7FAFA0-LeaderElection66] INFO  impl.RoleInfo (RoleInfo.java:updateAndGet(139)) - 95b81b85-17bb-45ea-89c3-846c2a70bfe7: start 95b81b85-17bb-45ea-89c3-846c2a70bfe7@group-19A81B7FAFA0-LeaderStateImpl
2022-06-27 16:59:12,850 [95b81b85-17bb-45ea-89c3-846c2a70bfe7@group-19A81B7FAFA0-LeaderElection66] INFO  segmented.SegmentedRaftLogWorker (SegmentedRaftLogWorker.java:startLogSegment(425)) - 95b81b85-17bb-45ea-89c3-846c2a70bfe7@group-19A81B7FAFA0-SegmentedRaftLogWorker: Starting segment from index:0
2022-06-27 16:59:12,852 [95b81b85-17bb-45ea-89c3-846c2a70bfe7@group-19A81B7FAFA0-SegmentedRaftLogWorker] INFO  segmented.SegmentedRaftLogWorker (SegmentedRaftLogWorker.java:execute(629)) - 95b81b85-17bb-45ea-89c3-846c2a70bfe7@group-19A81B7FAFA0-SegmentedRaftLogWorker: created new log segment /home/runner/work/ozone/ozone/hadoop-ozone/integration-test/target/test-dir/MiniOzoneClusterImpl-9da5c95b-489f-4ace-b65d-e0c796cc3c87/datanode-0/data/ratis/aed9e6cd-572e-46ed-a216-19a81b7fafa0/current/log_inprogress_0
2022-06-27 16:59:12,862 [95b81b85-17bb-45ea-89c3-846c2a70bfe7@group-19A81B7FAFA0-LeaderElection66] INFO  server.RaftServer$Division (ServerState.java:setRaftConf(393)) - 95b81b85-17bb-45ea-89c3-846c2a70bfe7@group-19A81B7FAFA0: set configuration 0: [95b81b85-17bb-45ea-89c3-846c2a70bfe7|rpc:10.1.0.22:34665|dataStream:|priority:1], old=null
2022-06-27 16:59:12,881 [95b81b85-17bb-45ea-89c3-846c2a70bfe7@group-0D4E55C45BC0-LeaderElection67] INFO  impl.LeaderElection (LeaderElection.java:askForVotes(310)) - 95b81b85-17bb-45ea-89c3-846c2a70bfe7@group-0D4E55C45BC0-LeaderElection67 ELECTION round 0: submit vote requests at term 1 for -1: [97d0f922-59b0-4c16-8d4c-abda25e6e18a|rpc:10.1.0.22:33221|priority:0, 95b81b85-17bb-45ea-89c3-846c2a70bfe7|rpc:10.1.0.22:34665|priority:1, ac84e220-994f-4e81-aa4c-572e6d7da39f|rpc:10.1.0.22:46211|priority:0], old=null
2022-06-27 16:59:12,900 [95b81b85-17bb-45ea-89c3-846c2a70bfe7@group-F63F9DE2F8BD-FollowerState] INFO  impl.FollowerState (FollowerState.java:run(143)) - 95b81b85-17bb-45ea-89c3-846c2a70bfe7@group-F63F9DE2F8BD-FollowerState: change to CANDIDATE, lastRpcElapsedTime:5006936671ns, electionTimeout:5006ms
2022-06-27 16:59:12,900 [95b81b85-17bb-45ea-89c3-846c2a70bfe7@group-F63F9DE2F8BD-FollowerState] INFO  impl.RoleInfo (RoleInfo.java:shutdownFollowerState(110)) - 95b81b85-17bb-45ea-89c3-846c2a70bfe7: shutdown 95b81b85-17bb-45ea-89c3-846c2a70bfe7@group-F63F9DE2F8BD-FollowerState
2022-06-27 16:59:12,900 [95b81b85-17bb-45ea-89c3-846c2a70bfe7@group-F63F9DE2F8BD-FollowerState] INFO  server.RaftServer$Division (RaftServerImpl.java:setRole(299)) - 95b81b85-17bb-45ea-89c3-846c2a70bfe7@group-F63F9DE2F8BD: changes role from  FOLLOWER to CANDIDATE at term 0 for changeToCandidate
2022-06-27 16:59:12,901 [95b81b85-17bb-45ea-89c3-846c2a70bfe7@group-F63F9DE2F8BD-FollowerState] INFO  server.RaftServerConfigKeys (ConfUtils.java:logGet(46)) - raft.server.leaderelection.pre-vote = false (custom)
2022-06-27 16:59:12,901 [95b81b85-17bb-45ea-89c3-846c2a70bfe7@group-F63F9DE2F8BD-FollowerState] INFO  impl.RoleInfo (RoleInfo.java:updateAndGet(139)) - 95b81b85-17bb-45ea-89c3-846c2a70bfe7: start 95b81b85-17bb-45ea-89c3-846c2a70bfe7@group-F63F9DE2F8BD-LeaderElection68
2022-06-27 16:59:12,955 [ac84e220-994f-4e81-aa4c-572e6d7da39f@group-0D4E55C45BC0-FollowerState] INFO  impl.FollowerState (FollowerState.java:run(143)) - ac84e220-994f-4e81-aa4c-572e6d7da39f@group-0D4E55C45BC0-FollowerState: change to CANDIDATE, lastRpcElapsedTime:5187376395ns, electionTimeout:5171ms
2022-06-27 16:59:12,955 [ac84e220-994f-4e81-aa4c-572e6d7da39f@group-0D4E55C45BC0-FollowerState] INFO  impl.RoleInfo (RoleInfo.java:shutdownFollowerState(110)) - ac84e220-994f-4e81-aa4c-572e6d7da39f: shutdown ac84e220-994f-4e81-aa4c-572e6d7da39f@group-0D4E55C45BC0-FollowerState
2022-06-27 16:59:12,955 [ac84e220-994f-4e81-aa4c-572e6d7da39f@group-0D4E55C45BC0-FollowerState] INFO  server.RaftServer$Division (RaftServerImpl.java:setRole(299)) - ac84e220-994f-4e81-aa4c-572e6d7da39f@group-0D4E55C45BC0: changes role from  FOLLOWER to CANDIDATE at term 0 for changeToCandidate
2022-06-27 16:59:12,955 [ac84e220-994f-4e81-aa4c-572e6d7da39f@group-0D4E55C45BC0-FollowerState] INFO  server.RaftServerConfigKeys (ConfUtils.java:logGet(46)) - raft.server.leaderelection.pre-vote = false (custom)
2022-06-27 16:59:12,955 [ac84e220-994f-4e81-aa4c-572e6d7da39f@group-0D4E55C45BC0-FollowerState] INFO  impl.RoleInfo (RoleInfo.java:updateAndGet(139)) - ac84e220-994f-4e81-aa4c-572e6d7da39f: start ac84e220-994f-4e81-aa4c-572e6d7da39f@group-0D4E55C45BC0-LeaderElection69
2022-06-27 16:59:12,985 [95b81b85-17bb-45ea-89c3-846c2a70bfe7@group-F63F9DE2F8BD-LeaderElection68] INFO  impl.LeaderElection (LeaderElection.java:askForVotes(310)) - 95b81b85-17bb-45ea-89c3-846c2a70bfe7@group-F63F9DE2F8BD-LeaderElection68 ELECTION round 0: submit vote requests at term 1 for -1: [97d0f922-59b0-4c16-8d4c-abda25e6e18a|rpc:10.1.0.22:33221|priority:0, 95b81b85-17bb-45ea-89c3-846c2a70bfe7|rpc:10.1.0.22:34665|priority:0, ac84e220-994f-4e81-aa4c-572e6d7da39f|rpc:10.1.0.22:46211|priority:1], old=null
2022-06-27 16:59:13,009 [grpc-default-executor-0] INFO  server.RaftServer$Division (RaftServerImpl.java:requestVote(1152)) - 97d0f922-59b0-4c16-8d4c-abda25e6e18a@group-0D4E55C45BC0: receive requestVote(ELECTION, 95b81b85-17bb-45ea-89c3-846c2a70bfe7, group-0D4E55C45BC0, 1, (t:0, i:0))
2022-06-27 16:59:13,000 [97d0f922-59b0-4c16-8d4c-abda25e6e18a@group-0D4E55C45BC0-FollowerState] INFO  impl.FollowerState (FollowerState.java:run(143)) - 97d0f922-59b0-4c16-8d4c-abda25e6e18a@group-0D4E55C45BC0-FollowerState: change to CANDIDATE, lastRpcElapsedTime:5143760102ns, electionTimeout:5143ms
2022-06-27 16:59:13,033 [97d0f922-59b0-4c16-8d4c-abda25e6e18a@group-0D4E55C45BC0-FollowerState] INFO  impl.RoleInfo (RoleInfo.java:shutdownFollowerState(110)) - 97d0f922-59b0-4c16-8d4c-abda25e6e18a: shutdown 97d0f922-59b0-4c16-8d4c-abda25e6e18a@group-0D4E55C45BC0-FollowerState
2022-06-27 16:59:13,033 [97d0f922-59b0-4c16-8d4c-abda25e6e18a@group-0D4E55C45BC0-FollowerState] INFO  server.RaftServer$Division (RaftServerImpl.java:setRole(299)) - 97d0f922-59b0-4c16-8d4c-abda25e6e18a@group-0D4E55C45BC0: changes role from  FOLLOWER to CANDIDATE at term 0 for changeToCandidate
2022-06-27 16:59:13,035 [ac84e220-994f-4e81-aa4c-572e6d7da39f@group-0D4E55C45BC0-LeaderElection69] INFO  impl.LeaderElection (LeaderElection.java:askForVotes(310)) - ac84e220-994f-4e81-aa4c-572e6d7da39f@group-0D4E55C45BC0-LeaderElection69 ELECTION round 0: submit vote requests at term 1 for -1: [97d0f922-59b0-4c16-8d4c-abda25e6e18a|rpc:10.1.0.22:33221|dataStream:|priority:0, 95b81b85-17bb-45ea-89c3-846c2a70bfe7|rpc:10.1.0.22:34665|dataStream:|priority:1, ac84e220-994f-4e81-aa4c-572e6d7da39f|rpc:10.1.0.22:46211|dataStream:|priority:0], old=null
2022-06-27 16:59:13,042 [97d0f922-59b0-4c16-8d4c-abda25e6e18a@group-F63F9DE2F8BD-FollowerState] INFO  impl.FollowerState (FollowerState.java:run(143)) - 97d0f922-59b0-4c16-8d4c-abda25e6e18a@group-F63F9DE2F8BD-FollowerState: change to CANDIDATE, lastRpcElapsedTime:5072290557ns, electionTimeout:5067ms
2022-06-27 16:59:13,042 [97d0f922-59b0-4c16-8d4c-abda25e6e18a@group-F63F9DE2F8BD-FollowerState] INFO  impl.RoleInfo (RoleInfo.java:shutdownFollowerState(110)) - 97d0f922-59b0-4c16-8d4c-abda25e6e18a: shutdown 97d0f922-59b0-4c16-8d4c-abda25e6e18a@group-F63F9DE2F8BD-FollowerState
2022-06-27 16:59:13,042 [97d0f922-59b0-4c16-8d4c-abda25e6e18a@group-F63F9DE2F8BD-FollowerState] INFO  server.RaftServer$Division (RaftServerImpl.java:setRole(299)) - 97d0f922-59b0-4c16-8d4c-abda25e6e18a@group-F63F9DE2F8BD: changes role from  FOLLOWER to CANDIDATE at term 0 for changeToCandidate
2022-06-27 16:59:13,082 [97d0f922-59b0-4c16-8d4c-abda25e6e18a@group-F63F9DE2F8BD-FollowerState] INFO  server.RaftServerConfigKeys (ConfUtils.java:logGet(46)) - raft.server.leaderelection.pre-vote = false (custom)
2022-06-27 16:59:13,082 [97d0f922-59b0-4c16-8d4c-abda25e6e18a@group-F63F9DE2F8BD-FollowerState] INFO  impl.RoleInfo (RoleInfo.java:updateAndGet(139)) - 97d0f922-59b0-4c16-8d4c-abda25e6e18a: start 97d0f922-59b0-4c16-8d4c-abda25e6e18a@group-F63F9DE2F8BD-LeaderElection71
2022-06-27 16:59:13,114 [97d0f922-59b0-4c16-8d4c-abda25e6e18a@group-0D4E55C45BC0-FollowerState] INFO  server.RaftServerConfigKeys (ConfUtils.java:logGet(46)) - raft.server.leaderelection.pre-vote = false (custom)
2022-06-27 16:59:13,114 [97d0f922-59b0-4c16-8d4c-abda25e6e18a@group-0D4E55C45BC0-FollowerState] INFO  impl.RoleInfo (RoleInfo.java:updateAndGet(139)) - 97d0f922-59b0-4c16-8d4c-abda25e6e18a: start 97d0f922-59b0-4c16-8d4c-abda25e6e18a@group-0D4E55C45BC0-LeaderElection70
2022-06-27 16:59:13,114 [grpc-default-executor-1] INFO  server.RaftServer$Division (RaftServerImpl.java:requestVote(1152)) - ac84e220-994f-4e81-aa4c-572e6d7da39f@group-0D4E55C45BC0: receive requestVote(ELECTION, 95b81b85-17bb-45ea-89c3-846c2a70bfe7, group-0D4E55C45BC0, 1, (t:0, i:0))
2022-06-27 16:59:13,114 [grpc-default-executor-2] INFO  server.RaftServer$Division (RaftServerImpl.java:requestVote(1152)) - 97d0f922-59b0-4c16-8d4c-abda25e6e18a@group-F63F9DE2F8BD: receive requestVote(ELECTION, 95b81b85-17bb-45ea-89c3-846c2a70bfe7, group-F63F9DE2F8BD, 1, (t:0, i:0))
2022-06-27 16:59:13,114 [grpc-default-executor-1] INFO  impl.VoteContext (VoteContext.java:log(48)) - ac84e220-994f-4e81-aa4c-572e6d7da39f@group-0D4E55C45BC0-CANDIDATE: reject ELECTION from 95b81b85-17bb-45ea-89c3-846c2a70bfe7: already has voted for ac84e220-994f-4e81-aa4c-572e6d7da39f at current term 1
2022-06-27 16:59:13,114 [grpc-default-executor-2] INFO  impl.VoteContext (VoteContext.java:log(48)) - 97d0f922-59b0-4c16-8d4c-abda25e6e18a@group-F63F9DE2F8BD-CANDIDATE: accept ELECTION from 95b81b85-17bb-45ea-89c3-846c2a70bfe7: our priority 0 <= candidate's priority 0
2022-06-27 16:59:13,114 [grpc-default-executor-2] INFO  server.RaftServer$Division (RaftServerImpl.java:setRole(299)) - 97d0f922-59b0-4c16-8d4c-abda25e6e18a@group-F63F9DE2F8BD: changes role from CANDIDATE to FOLLOWER at term 1 for candidate:95b81b85-17bb-45ea-89c3-846c2a70bfe7
2022-06-27 16:59:13,114 [grpc-default-executor-2] INFO  impl.RoleInfo (RoleInfo.java:shutdownLeaderElection(130)) - 97d0f922-59b0-4c16-8d4c-abda25e6e18a: shutdown 97d0f922-59b0-4c16-8d4c-abda25e6e18a@group-F63F9DE2F8BD-LeaderElection71
2022-06-27 16:59:13,114 [grpc-default-executor-2] INFO  impl.RoleInfo (RoleInfo.java:updateAndGet(139)) - 97d0f922-59b0-4c16-8d4c-abda25e6e18a: start 97d0f922-59b0-4c16-8d4c-abda25e6e18a@group-F63F9DE2F8BD-FollowerState
2022-06-27 16:59:13,114 [grpc-default-executor-1] INFO  server.RaftServer$Division (RaftServerImpl.java:requestVote(1184)) - ac84e220-994f-4e81-aa4c-572e6d7da39f@group-0D4E55C45BC0 replies to ELECTION vote request: 95b81b85-17bb-45ea-89c3-846c2a70bfe7<-ac84e220-994f-4e81-aa4c-572e6d7da39f#0:FAIL-t1. Peer's state: ac84e220-994f-4e81-aa4c-572e6d7da39f@group-0D4E55C45BC0:t1, leader=null, voted=ac84e220-994f-4e81-aa4c-572e6d7da39f, raftlog=ac84e220-994f-4e81-aa4c-572e6d7da39f@group-0D4E55C45BC0-SegmentedRaftLog:OPENED:c-1, conf=-1: [97d0f922-59b0-4c16-8d4c-abda25e6e18a|rpc:10.1.0.22:33221|dataStream:|priority:0, 95b81b85-17bb-45ea-89c3-846c2a70bfe7|rpc:10.1.0.22:34665|dataStream:|priority:1, ac84e220-994f-4e81-aa4c-572e6d7da39f|rpc:10.1.0.22:46211|dataStream:|priority:0], old=null
2022-06-27 16:59:13,114 [grpc-default-executor-0] INFO  impl.VoteContext (VoteContext.java:log(48)) - 97d0f922-59b0-4c16-8d4c-abda25e6e18a@group-0D4E55C45BC0-CANDIDATE: accept ELECTION from 95b81b85-17bb-45ea-89c3-846c2a70bfe7: our priority 0 <= candidate's priority 1
2022-06-27 16:59:13,117 [grpc-default-executor-0] INFO  server.RaftServer$Division (RaftServerImpl.java:setRole(299)) - 97d0f922-59b0-4c16-8d4c-abda25e6e18a@group-0D4E55C45BC0: changes role from CANDIDATE to FOLLOWER at term 1 for candidate:95b81b85-17bb-45ea-89c3-846c2a70bfe7
2022-06-27 16:59:13,117 [grpc-default-executor-0] INFO  impl.RoleInfo (RoleInfo.java:shutdownLeaderElection(130)) - 97d0f922-59b0-4c16-8d4c-abda25e6e18a: shutdown 97d0f922-59b0-4c16-8d4c-abda25e6e18a@group-0D4E55C45BC0-LeaderElection70
2022-06-27 16:59:13,120 [grpc-default-executor-2] INFO  server.RaftServer$Division (RaftServerImpl.java:requestVote(1184)) - 97d0f922-59b0-4c16-8d4c-abda25e6e18a@group-F63F9DE2F8BD replies to ELECTION vote request: 95b81b85-17bb-45ea-89c3-846c2a70bfe7<-97d0f922-59b0-4c16-8d4c-abda25e6e18a#0:OK-t1. Peer's state: 97d0f922-59b0-4c16-8d4c-abda25e6e18a@group-F63F9DE2F8BD:t1, leader=null, voted=95b81b85-17bb-45ea-89c3-846c2a70bfe7, raftlog=97d0f922-59b0-4c16-8d4c-abda25e6e18a@group-F63F9DE2F8BD-SegmentedRaftLog:OPENED:c-1, conf=-1: [97d0f922-59b0-4c16-8d4c-abda25e6e18a|rpc:10.1.0.22:33221|dataStream:|priority:0, 95b81b85-17bb-45ea-89c3-846c2a70bfe7|rpc:10.1.0.22:34665|dataStream:|priority:0, ac84e220-994f-4e81-aa4c-572e6d7da39f|rpc:10.1.0.22:46211|dataStream:|priority:1], old=null
2022-06-27 16:59:13,133 [ac84e220-994f-4e81-aa4c-572e6d7da39f@group-F63F9DE2F8BD-FollowerState] INFO  impl.FollowerState (FollowerState.java:run(143)) - ac84e220-994f-4e81-aa4c-572e6d7da39f@group-F63F9DE2F8BD-FollowerState: change to CANDIDATE, lastRpcElapsedTime:5090891623ns, electionTimeout:5088ms
2022-06-27 16:59:13,133 [ac84e220-994f-4e81-aa4c-572e6d7da39f@group-F63F9DE2F8BD-FollowerState] INFO  impl.RoleInfo (RoleInfo.java:shutdownFollowerState(110)) - ac84e220-994f-4e81-aa4c-572e6d7da39f: shutdown ac84e220-994f-4e81-aa4c-572e6d7da39f@group-F63F9DE2F8BD-FollowerState
2022-06-27 16:59:13,133 [ac84e220-994f-4e81-aa4c-572e6d7da39f@group-F63F9DE2F8BD-FollowerState] INFO  server.RaftServer$Division (RaftServerImpl.java:setRole(299)) - ac84e220-994f-4e81-aa4c-572e6d7da39f@group-F63F9DE2F8BD: changes role from  FOLLOWER to CANDIDATE at term 0 for changeToCandidate
2022-06-27 16:59:13,133 [ac84e220-994f-4e81-aa4c-572e6d7da39f@group-F63F9DE2F8BD-FollowerState] INFO  server.RaftServerConfigKeys (ConfUtils.java:logGet(46)) - raft.server.leaderelection.pre-vote = false (custom)
2022-06-27 16:59:13,133 [ac84e220-994f-4e81-aa4c-572e6d7da39f@group-F63F9DE2F8BD-FollowerState] INFO  impl.RoleInfo (RoleInfo.java:updateAndGet(139)) - ac84e220-994f-4e81-aa4c-572e6d7da39f: start ac84e220-994f-4e81-aa4c-572e6d7da39f@group-F63F9DE2F8BD-LeaderElection72
2022-06-27 16:59:13,184 [grpc-default-executor-0] INFO  impl.RoleInfo (RoleInfo.java:updateAndGet(139)) - 97d0f922-59b0-4c16-8d4c-abda25e6e18a: start 97d0f922-59b0-4c16-8d4c-abda25e6e18a@group-0D4E55C45BC0-FollowerState
2022-06-27 16:59:13,234 [grpc-default-executor-0] INFO  server.RaftServer$Division (RaftServerImpl.java:requestVote(1184)) - 97d0f922-59b0-4c16-8d4c-abda25e6e18a@group-0D4E55C45BC0 replies to ELECTION vote request: 95b81b85-17bb-45ea-89c3-846c2a70bfe7<-97d0f922-59b0-4c16-8d4c-abda25e6e18a#0:OK-t1. Peer's state: 97d0f922-59b0-4c16-8d4c-abda25e6e18a@group-0D4E55C45BC0:t1, leader=null, voted=95b81b85-17bb-45ea-89c3-846c2a70bfe7, raftlog=97d0f922-59b0-4c16-8d4c-abda25e6e18a@group-0D4E55C45BC0-SegmentedRaftLog:OPENED:c-1, conf=-1: [97d0f922-59b0-4c16-8d4c-abda25e6e18a|rpc:10.1.0.22:33221|dataStream:|priority:0, 95b81b85-17bb-45ea-89c3-846c2a70bfe7|rpc:10.1.0.22:34665|dataStream:|priority:1, ac84e220-994f-4e81-aa4c-572e6d7da39f|rpc:10.1.0.22:46211|dataStream:|priority:0], old=null
2022-06-27 16:59:13,235 [ac84e220-994f-4e81-aa4c-572e6d7da39f@group-F63F9DE2F8BD-LeaderElection72] INFO  impl.LeaderElection (LeaderElection.java:askForVotes(310)) - ac84e220-994f-4e81-aa4c-572e6d7da39f@group-F63F9DE2F8BD-LeaderElection72 ELECTION round 0: submit vote requests at term 1 for -1: [97d0f922-59b0-4c16-8d4c-abda25e6e18a|rpc:10.1.0.22:33221|dataStream:|priority:0, 95b81b85-17bb-45ea-89c3-846c2a70bfe7|rpc:10.1.0.22:34665|dataStream:|priority:0, ac84e220-994f-4e81-aa4c-572e6d7da39f|rpc:10.1.0.22:46211|dataStream:|priority:1], old=null
2022-06-27 16:59:13,255 [grpc-default-executor-3] INFO  server.RaftServer$Division (RaftServerImpl.java:requestVote(1152)) - ac84e220-994f-4e81-aa4c-572e6d7da39f@group-F63F9DE2F8BD: receive requestVote(ELECTION, 95b81b85-17bb-45ea-89c3-846c2a70bfe7, group-F63F9DE2F8BD, 1, (t:0, i:0))
2022-06-27 16:59:13,256 [grpc-default-executor-3] INFO  impl.VoteContext (VoteContext.java:log(48)) - ac84e220-994f-4e81-aa4c-572e6d7da39f@group-F63F9DE2F8BD-CANDIDATE: reject ELECTION from 95b81b85-17bb-45ea-89c3-846c2a70bfe7: already has voted for ac84e220-994f-4e81-aa4c-572e6d7da39f at current term 1
2022-06-27 16:59:13,256 [grpc-default-executor-3] INFO  server.RaftServer$Division (RaftServerImpl.java:requestVote(1184)) - ac84e220-994f-4e81-aa4c-572e6d7da39f@group-F63F9DE2F8BD replies to ELECTION vote request: 95b81b85-17bb-45ea-89c3-846c2a70bfe7<-ac84e220-994f-4e81-aa4c-572e6d7da39f#0:FAIL-t1. Peer's state: ac84e220-994f-4e81-aa4c-572e6d7da39f@group-F63F9DE2F8BD:t1, leader=null, voted=ac84e220-994f-4e81-aa4c-572e6d7da39f, raftlog=ac84e220-994f-4e81-aa4c-572e6d7da39f@group-F63F9DE2F8BD-SegmentedRaftLog:OPENED:c-1, conf=-1: [97d0f922-59b0-4c16-8d4c-abda25e6e18a|rpc:10.1.0.22:33221|dataStream:|priority:0, 95b81b85-17bb-45ea-89c3-846c2a70bfe7|rpc:10.1.0.22:34665|dataStream:|priority:0, ac84e220-994f-4e81-aa4c-572e6d7da39f|rpc:10.1.0.22:46211|dataStream:|priority:1], old=null
2022-06-27 16:59:13,258 [95b81b85-17bb-45ea-89c3-846c2a70bfe7@group-0D4E55C45BC0-LeaderElection67] INFO  impl.LeaderElection (LeaderElection.java:logAndReturn(90)) - 95b81b85-17bb-45ea-89c3-846c2a70bfe7@group-0D4E55C45BC0-LeaderElection67: ELECTION PASSED received 2 response(s) and 0 exception(s):
2022-06-27 16:59:13,258 [95b81b85-17bb-45ea-89c3-846c2a70bfe7@group-0D4E55C45BC0-LeaderElection67] INFO  impl.LeaderElection (LeaderElection.java:logAndReturn(94)) -   Response 0: 95b81b85-17bb-45ea-89c3-846c2a70bfe7<-97d0f922-59b0-4c16-8d4c-abda25e6e18a#0:OK-t1
2022-06-27 16:59:13,258 [95b81b85-17bb-45ea-89c3-846c2a70bfe7@group-0D4E55C45BC0-LeaderElection67] INFO  impl.LeaderElection (LeaderElection.java:logAndReturn(94)) -   Response 1: 95b81b85-17bb-45ea-89c3-846c2a70bfe7<-ac84e220-994f-4e81-aa4c-572e6d7da39f#0:FAIL-t1
2022-06-27 16:59:13,258 [95b81b85-17bb-45ea-89c3-846c2a70bfe7@group-0D4E55C45BC0-LeaderElection67] INFO  impl.LeaderElection (LeaderElection.java:askForVotes(312)) - 95b81b85-17bb-45ea-89c3-846c2a70bfe7@group-0D4E55C45BC0-LeaderElection67 ELECTION round 0: result PASSED
2022-06-27 16:59:13,258 [95b81b85-17bb-45ea-89c3-846c2a70bfe7@group-0D4E55C45BC0-LeaderElection67] INFO  impl.RoleInfo (RoleInfo.java:shutdownLeaderElection(130)) - 95b81b85-17bb-45ea-89c3-846c2a70bfe7: shutdown 95b81b85-17bb-45ea-89c3-846c2a70bfe7@group-0D4E55C45BC0-LeaderElection67
2022-06-27 16:59:13,258 [95b81b85-17bb-45ea-89c3-846c2a70bfe7@group-0D4E55C45BC0-LeaderElection67] INFO  server.RaftServer$Division (RaftServerImpl.java:setRole(299)) - 95b81b85-17bb-45ea-89c3-846c2a70bfe7@group-0D4E55C45BC0: changes role from CANDIDATE to LEADER at term 1 for changeToLeader
2022-06-27 16:59:13,258 [95b81b85-17bb-45ea-89c3-846c2a70bfe7@group-0D4E55C45BC0-LeaderElection67] INFO  ratis.XceiverServerRatis (XceiverServerRatis.java:handleLeaderChangedNotification(863)) - Leader change notification received for group: group-0D4E55C45BC0 with new leaderId: 95b81b85-17bb-45ea-89c3-846c2a70bfe7
2022-06-27 16:59:13,258 [95b81b85-17bb-45ea-89c3-846c2a70bfe7@group-0D4E55C45BC0-LeaderElection67] INFO  server.RaftServer$Division (ServerState.java:setLeader(287)) - 95b81b85-17bb-45ea-89c3-846c2a70bfe7@group-0D4E55C45BC0: change Leader from null to 95b81b85-17bb-45ea-89c3-846c2a70bfe7 at term 1 for becomeLeader, leader elected after 5540ms
2022-06-27 16:59:13,258 [95b81b85-17bb-45ea-89c3-846c2a70bfe7@group-0D4E55C45BC0-LeaderElection67] INFO  server.RaftServerConfigKeys (ConfUtils.java:logGet(46)) - raft.server.staging.catchup.gap = 1000 (default)
2022-06-27 16:59:13,258 [95b81b85-17bb-45ea-89c3-846c2a70bfe7@group-0D4E55C45BC0-LeaderElection67] INFO  server.RaftServerConfigKeys (ConfUtils.java:logGet(46)) - raft.server.write.element-limit = 1024 (custom)
2022-06-27 16:59:13,258 [95b81b85-17bb-45ea-89c3-846c2a70bfe7@group-0D4E55C45BC0-LeaderElection67] INFO  server.RaftServerConfigKeys (ConfUtils.java:logGet(46)) - raft.server.write.byte-limit = 1024 M (=1073741824) (custom)
2022-06-27 16:59:13,259 [95b81b85-17bb-45ea-89c3-846c2a70bfe7@group-0D4E55C45BC0-LeaderElection67] INFO  server.RaftServerConfigKeys (ConfUtils.java:logGet(46)) - raft.server.watch.timeout = 180s (custom)
2022-06-27 16:59:13,259 [95b81b85-17bb-45ea-89c3-846c2a70bfe7@group-0D4E55C45BC0-LeaderElection67] INFO  server.RaftServerConfigKeys (ConfUtils.java:logGet(46)) - raft.server.watch.timeout.denomination = 1s (default)
2022-06-27 16:59:13,259 [95b81b85-17bb-45ea-89c3-846c2a70bfe7@group-0D4E55C45BC0-LeaderElection67] INFO  server.RaftServerConfigKeys (ConfUtils.java:logGet(46)) - raft.server.watch.element-limit = 65536 (default)
2022-06-27 16:59:13,259 [95b81b85-17bb-45ea-89c3-846c2a70bfe7@group-0D4E55C45BC0-LeaderElection67] INFO  server.RaftServerConfigKeys (ConfUtils.java:logGet(46)) - raft.server.write.element-limit = 1024 (custom)
2022-06-27 16:59:13,259 [95b81b85-17bb-45ea-89c3-846c2a70bfe7@group-0D4E55C45BC0-LeaderElection67] INFO  server.RaftServerConfigKeys (ConfUtils.java:logGet(46)) - raft.server.write.follower.gap.ratio.max = -1.0 (default)
2022-06-27 16:59:13,260 [95b81b85-17bb-45ea-89c3-846c2a70bfe7@group-0D4E55C45BC0-LeaderElection67] INFO  server.RaftServerConfigKeys (ConfUtils.java:logGet(46)) - raft.server.log.appender.snapshot.chunk.size.max = 16MB (=16777216) (default)
2022-06-27 16:59:13,260 [95b81b85-17bb-45ea-89c3-846c2a70bfe7@group-0D4E55C45BC0-LeaderElection67] INFO  server.RaftServerConfigKeys (ConfUtils.java:logGet(46)) - raft.server.log.appender.buffer.byte-limit = 33554432 (custom)
2022-06-27 16:59:13,260 [95b81b85-17bb-45ea-89c3-846c2a70bfe7@group-0D4E55C45BC0-LeaderElection67] INFO  server.RaftServerConfigKeys (ConfUtils.java:logGet(46)) - raft.server.log.appender.buffer.element-limit = 1 (custom)
2022-06-27 16:59:13,260 [95b81b85-17bb-45ea-89c3-846c2a70bfe7@group-0D4E55C45BC0-LeaderElection67] INFO  grpc.GrpcConfigKeys (ConfUtils.java:logGet(46)) - raft.grpc.server.leader.outstanding.appends.max = 128 (default)
2022-06-27 16:59:13,260 [95b81b85-17bb-45ea-89c3-846c2a70bfe7@group-0D4E55C45BC0-LeaderElection67] INFO  server.RaftServerConfigKeys (ConfUtils.java:logGet(46)) - raft.server.rpc.request.timeout = 60s (custom)
2022-06-27 16:59:13,260 [95b81b85-17bb-45ea-89c3-846c2a70bfe7@group-0D4E55C45BC0-LeaderElection67] INFO  server.RaftServerConfigKeys (ConfUtils.java:logGet(46)) - raft.server.log.appender.install.snapshot.enabled = false (custom)
2022-06-27 16:59:13,261 [95b81b85-17bb-45ea-89c3-846c2a70bfe7@group-0D4E55C45BC0-LeaderElection67] INFO  server.RaftServerConfigKeys (ConfUtils.java:logGet(46)) - raft.server.log.appender.snapshot.chunk.size.max = 16MB (=16777216) (default)
2022-06-27 16:59:13,264 [95b81b85-17bb-45ea-89c3-846c2a70bfe7@group-0D4E55C45BC0-LeaderElection67] INFO  server.RaftServerConfigKeys (ConfUtils.java:logGet(46)) - raft.server.log.appender.buffer.byte-limit = 33554432 (custom)
2022-06-27 16:59:13,264 [95b81b85-17bb-45ea-89c3-846c2a70bfe7@group-0D4E55C45BC0-LeaderElection67] INFO  server.RaftServerConfigKeys (ConfUtils.java:logGet(46)) - raft.server.log.appender.buffer.element-limit = 1 (custom)
2022-06-27 16:59:13,264 [95b81b85-17bb-45ea-89c3-846c2a70bfe7@group-0D4E55C45BC0-LeaderElection67] INFO  grpc.GrpcConfigKeys (ConfUtils.java:logGet(46)) - raft.grpc.server.leader.outstanding.appends.max = 128 (default)
2022-06-27 16:59:13,264 [95b81b85-17bb-45ea-89c3-846c2a70bfe7@group-0D4E55C45BC0-LeaderElection67] INFO  server.RaftServerConfigKeys (ConfUtils.java:logGet(46)) - raft.server.rpc.request.timeout = 60s (custom)
2022-06-27 16:59:13,264 [95b81b85-17bb-45ea-89c3-846c2a70bfe7@group-0D4E55C45BC0-LeaderElection67] INFO  server.RaftServerConfigKeys (ConfUtils.java:logGet(46)) - raft.server.log.appender.install.snapshot.enabled = false (custom)
2022-06-27 16:59:13,265 [95b81b85-17bb-45ea-89c3-846c2a70bfe7@group-0D4E55C45BC0-LeaderElection67] INFO  impl.RoleInfo (RoleInfo.java:updateAndGet(139)) - 95b81b85-17bb-45ea-89c3-846c2a70bfe7: start 95b81b85-17bb-45ea-89c3-846c2a70bfe7@group-0D4E55C45BC0-LeaderStateImpl
2022-06-27 16:59:13,265 [95b81b85-17bb-45ea-89c3-846c2a70bfe7@group-0D4E55C45BC0-LeaderElection67] INFO  segmented.SegmentedRaftLogWorker (SegmentedRaftLogWorker.java:startLogSegment(425)) - 95b81b85-17bb-45ea-89c3-846c2a70bfe7@group-0D4E55C45BC0-SegmentedRaftLogWorker: Starting segment from index:0
2022-06-27 16:59:13,266 [95b81b85-17bb-45ea-89c3-846c2a70bfe7@group-0D4E55C45BC0-SegmentedRaftLogWorker] INFO  segmented.SegmentedRaftLogWorker (SegmentedRaftLogWorker.java:execute(629)) - 95b81b85-17bb-45ea-89c3-846c2a70bfe7@group-0D4E55C45BC0-SegmentedRaftLogWorker: created new log segment /home/runner/work/ozone/ozone/hadoop-ozone/integration-test/target/test-dir/MiniOzoneClusterImpl-9da5c95b-489f-4ace-b65d-e0c796cc3c87/datanode-0/data/ratis/c4c4fbad-26bb-4edd-b404-0d4e55c45bc0/current/log_inprogress_0
2022-06-27 16:59:13,322 [95b81b85-17bb-45ea-89c3-846c2a70bfe7@group-F63F9DE2F8BD-LeaderElection68] INFO  impl.LeaderElection (LeaderElection.java:logAndReturn(90)) - 95b81b85-17bb-45ea-89c3-846c2a70bfe7@group-F63F9DE2F8BD-LeaderElection68: ELECTION REJECTED received 2 response(s) and 0 exception(s):
2022-06-27 16:59:13,323 [95b81b85-17bb-45ea-89c3-846c2a70bfe7@group-F63F9DE2F8BD-LeaderElection68] INFO  impl.LeaderElection (LeaderElection.java:logAndReturn(94)) -   Response 0: 95b81b85-17bb-45ea-89c3-846c2a70bfe7<-97d0f922-59b0-4c16-8d4c-abda25e6e18a#0:OK-t1
2022-06-27 16:59:13,323 [95b81b85-17bb-45ea-89c3-846c2a70bfe7@group-F63F9DE2F8BD-LeaderElection68] INFO  impl.LeaderElection (LeaderElection.java:logAndReturn(94)) -   Response 1: 95b81b85-17bb-45ea-89c3-846c2a70bfe7<-ac84e220-994f-4e81-aa4c-572e6d7da39f#0:FAIL-t1
2022-06-27 16:59:13,324 [95b81b85-17bb-45ea-89c3-846c2a70bfe7@group-0D4E55C45BC0-LeaderElection67] INFO  server.RaftServer$Division (ServerState.java:setRaftConf(393)) - 95b81b85-17bb-45ea-89c3-846c2a70bfe7@group-0D4E55C45BC0: set configuration 0: [97d0f922-59b0-4c16-8d4c-abda25e6e18a|rpc:10.1.0.22:33221|dataStream:|priority:0, 95b81b85-17bb-45ea-89c3-846c2a70bfe7|rpc:10.1.0.22:34665|dataStream:|priority:1, ac84e220-994f-4e81-aa4c-572e6d7da39f|rpc:10.1.0.22:46211|dataStream:|priority:0], old=null
2022-06-27 16:59:13,368 [95b81b85-17bb-45ea-89c3-846c2a70bfe7@group-F63F9DE2F8BD-LeaderElection68] INFO  impl.LeaderElection (LeaderElection.java:askForVotes(312)) - 95b81b85-17bb-45ea-89c3-846c2a70bfe7@group-F63F9DE2F8BD-LeaderElection68 ELECTION round 0: result REJECTED
2022-06-27 16:59:13,368 [95b81b85-17bb-45ea-89c3-846c2a70bfe7@group-F63F9DE2F8BD-LeaderElection68] INFO  server.RaftServer$Division (RaftServerImpl.java:setRole(299)) - 95b81b85-17bb-45ea-89c3-846c2a70bfe7@group-F63F9DE2F8BD: changes role from CANDIDATE to FOLLOWER at term 1 for REJECTED
2022-06-27 16:59:13,368 [95b81b85-17bb-45ea-89c3-846c2a70bfe7@group-F63F9DE2F8BD-LeaderElection68] INFO  impl.RoleInfo (RoleInfo.java:shutdownLeaderElection(130)) - 95b81b85-17bb-45ea-89c3-846c2a70bfe7: shutdown 95b81b85-17bb-45ea-89c3-846c2a70bfe7@group-F63F9DE2F8BD-LeaderElection68
2022-06-27 16:59:13,368 [95b81b85-17bb-45ea-89c3-846c2a70bfe7@group-F63F9DE2F8BD-LeaderElection68] INFO  impl.RoleInfo (RoleInfo.java:updateAndGet(139)) - 95b81b85-17bb-45ea-89c3-846c2a70bfe7: start 95b81b85-17bb-45ea-89c3-846c2a70bfe7@group-F63F9DE2F8BD-FollowerState
2022-06-27 16:59:13,369 [EventQueue-PipelineReportForPipelineReportHandler] INFO  pipeline.PipelineManagerImpl (PipelineManagerImpl.java:openPipeline(358)) - Pipeline Pipeline[ Id: c4c4fbad-26bb-4edd-b404-0d4e55c45bc0, Nodes: ac84e220-994f-4e81-aa4c-572e6d7da39f{ip: 10.1.0.22, host: fv-az215-30.fk02tkdpp51uda4i120yanydqb.bx.internal.cloudapp.net, ports: [REPLICATION=45899, RATIS=46211, RATIS_ADMIN=46211, RATIS_SERVER=46211, STANDALONE=35247], networkLocation: /default-rack, certSerialId: null, persistedOpState: IN_SERVICE, persistedOpStateExpiryEpochSec: 0}97d0f922-59b0-4c16-8d4c-abda25e6e18a{ip: 10.1.0.22, host: fv-az215-30.fk02tkdpp51uda4i120yanydqb.bx.internal.cloudapp.net, ports: [REPLICATION=45109, RATIS=33221, RATIS_ADMIN=33221, RATIS_SERVER=33221, STANDALONE=39161], networkLocation: /default-rack, certSerialId: null, persistedOpState: IN_SERVICE, persistedOpStateExpiryEpochSec: 0}95b81b85-17bb-45ea-89c3-846c2a70bfe7{ip: 10.1.0.22, host: fv-az215-30.fk02tkdpp51uda4i120yanydqb.bx.internal.cloudapp.net, ports: [REPLICATION=34981, RATIS=34665, RATIS_ADMIN=34665, RATIS_SERVER=34665, STANDALONE=45521], networkLocation: /default-rack, certSerialId: null, persistedOpState: IN_SERVICE, persistedOpStateExpiryEpochSec: 0}, ReplicationConfig: RATIS/THREE, State:ALLOCATED, leaderId:95b81b85-17bb-45ea-89c3-846c2a70bfe7, CreationTimestamp2022-06-27T16:59:07.158Z[Etc/UTC]] moved to OPEN state
2022-06-27 16:59:13,369 [EventQueue-OpenPipelineForHealthyPipelineSafeModeRule] INFO  safemode.SCMSafeModeManager (HealthyPipelineSafeModeRule.java:process(124)) - SCM in safe mode. Healthy pipelines reported count is 1, required healthy pipeline reported count is 1
2022-06-27 16:59:13,369 [EventQueue-OpenPipelineForHealthyPipelineSafeModeRule] INFO  safemode.SCMSafeModeManager (SCMSafeModeManager.java:validateSafeModeExitRules(204)) - HealthyPipelineSafeModeRule rule is successfully validated
2022-06-27 16:59:13,369 [EventQueue-OpenPipelineForHealthyPipelineSafeModeRule] INFO  safemode.SCMSafeModeManager (SCMSafeModeManager.java:validateSafeModeExitRules(219)) - ScmSafeModeManager, all rules are successfully validated
2022-06-27 16:59:13,369 [EventQueue-OpenPipelineForHealthyPipelineSafeModeRule] INFO  safemode.SCMSafeModeManager (SCMSafeModeManager.java:exitSafeMode(248)) - SCM exiting safe mode.
2022-06-27 16:59:13,370 [EventQueue-OpenPipelineForHealthyPipelineSafeModeRule] WARN  events.EventQueue (EventQueue.java:fireEvent(216)) - No event handler registered for event TypedEvent{payloadType=SafeModeStatus, name='Safe mode status'}
2022-06-27 16:59:13,370 [EventQueue-OpenPipelineForHealthyPipelineSafeModeRule] INFO  ha.SCMContext (SCMContext.java:updateSafeModeStatus(228)) - Update SafeModeStatus from SafeModeStatus{safeModeStatus=true, preCheckPassed=true} to SafeModeStatus{safeModeStatus=false, preCheckPassed=true}.
2022-06-27 16:59:13,370 [EventQueue-OpenPipelineForHealthyPipelineSafeModeRule] INFO  pipeline.BackgroundPipelineCreator (BackgroundPipelineCreator.java:notifyStatusChanged(253)) - Service BackgroundPipelineCreator transitions to RUNNING.
2022-06-27 16:59:13,370 [EventQueue-OpenPipelineForHealthyPipelineSafeModeRule] INFO  BackgroundPipelineScrubber (BackgroundSCMService.java:notifyStatusChanged(82)) - Service BackgroundPipelineScrubber transitions to RUNNING.
2022-06-27 16:59:13,370 [EventQueue-OpenPipelineForHealthyPipelineSafeModeRule] INFO  ExpiredContainerReplicaOpScrubber (BackgroundSCMService.java:notifyStatusChanged(82)) - Service ExpiredContainerReplicaOpScrubber transitions to RUNNING.
2022-06-27 16:59:13,370 [EventQueue-OpenPipelineForHealthyPipelineSafeModeRule] INFO  replication.ReplicationManager (ReplicationManager.java:notifyStatusChanged(420)) - Service ReplicationManager transitions to RUNNING.
2022-06-27 16:59:13,400 [EventQueue-OpenPipelineForHealthyPipelineSafeModeRule] WARN  balancer.ContainerBalancer (ContainerBalancer.java:shouldRun(875)) - Could not find persisted configuration for ContainerBalancer when checking if ContainerBalancer should run. ContainerBalancer should not run now.
2022-06-27 16:59:13,402 [ac84e220-994f-4e81-aa4c-572e6d7da39f@group-9EBE2E882AEE-FollowerState] INFO  impl.FollowerState (FollowerState.java:run(143)) - ac84e220-994f-4e81-aa4c-572e6d7da39f@group-9EBE2E882AEE-FollowerState: change to CANDIDATE, lastRpcElapsedTime:5213767425ns, electionTimeout:5176ms
2022-06-27 16:59:13,420 [grpc-default-executor-2] INFO  server.RaftServer$Division (RaftServerImpl.java:requestVote(1152)) - 95b81b85-17bb-45ea-89c3-846c2a70bfe7@group-F63F9DE2F8BD: receive requestVote(ELECTION, ac84e220-994f-4e81-aa4c-572e6d7da39f, group-F63F9DE2F8BD, 1, (t:0, i:0))
2022-06-27 16:59:13,420 [grpc-default-executor-2] INFO  impl.VoteContext (VoteContext.java:log(48)) - 95b81b85-17bb-45ea-89c3-846c2a70bfe7@group-F63F9DE2F8BD-FOLLOWER: reject ELECTION from ac84e220-994f-4e81-aa4c-572e6d7da39f: already has voted for 95b81b85-17bb-45ea-89c3-846c2a70bfe7 at current term 1
2022-06-27 16:59:13,420 [grpc-default-executor-2] INFO  server.RaftServer$Division (RaftServerImpl.java:requestVote(1184)) - 95b81b85-17bb-45ea-89c3-846c2a70bfe7@group-F63F9DE2F8BD replies to ELECTION vote request: ac84e220-994f-4e81-aa4c-572e6d7da39f<-95b81b85-17bb-45ea-89c3-846c2a70bfe7#0:FAIL-t1. Peer's state: 95b81b85-17bb-45ea-89c3-846c2a70bfe7@group-F63F9DE2F8BD:t1, leader=null, voted=95b81b85-17bb-45ea-89c3-846c2a70bfe7, raftlog=95b81b85-17bb-45ea-89c3-846c2a70bfe7@group-F63F9DE2F8BD-SegmentedRaftLog:OPENED:c-1, conf=-1: [97d0f922-59b0-4c16-8d4c-abda25e6e18a|rpc:10.1.0.22:33221|priority:0, 95b81b85-17bb-45ea-89c3-846c2a70bfe7|rpc:10.1.0.22:34665|priority:0, ac84e220-994f-4e81-aa4c-572e6d7da39f|rpc:10.1.0.22:46211|priority:1], old=null
2022-06-27 16:59:13,479 [grpc-default-executor-1] INFO  server.RaftServer$Division (RaftServerImpl.java:requestVote(1152)) - 97d0f922-59b0-4c16-8d4c-abda25e6e18a@group-F63F9DE2F8BD: receive requestVote(ELECTION, ac84e220-994f-4e81-aa4c-572e6d7da39f, group-F63F9DE2F8BD, 1, (t:0, i:0))
2022-06-27 16:59:13,480 [grpc-default-executor-1] INFO  impl.VoteContext (VoteContext.java:log(48)) - 97d0f922-59b0-4c16-8d4c-abda25e6e18a@group-F63F9DE2F8BD-FOLLOWER: reject ELECTION from ac84e220-994f-4e81-aa4c-572e6d7da39f: already has voted for 95b81b85-17bb-45ea-89c3-846c2a70bfe7 at current term 1
2022-06-27 16:59:13,480 [grpc-default-executor-1] INFO  server.RaftServer$Division (RaftServerImpl.java:requestVote(1184)) - 97d0f922-59b0-4c16-8d4c-abda25e6e18a@group-F63F9DE2F8BD replies to ELECTION vote request: ac84e220-994f-4e81-aa4c-572e6d7da39f<-97d0f922-59b0-4c16-8d4c-abda25e6e18a#0:FAIL-t1. Peer's state: 97d0f922-59b0-4c16-8d4c-abda25e6e18a@group-F63F9DE2F8BD:t1, leader=null, voted=95b81b85-17bb-45ea-89c3-846c2a70bfe7, raftlog=97d0f922-59b0-4c16-8d4c-abda25e6e18a@group-F63F9DE2F8BD-SegmentedRaftLog:OPENED:c-1, conf=-1: [97d0f922-59b0-4c16-8d4c-abda25e6e18a|rpc:10.1.0.22:33221|dataStream:|priority:0, 95b81b85-17bb-45ea-89c3-846c2a70bfe7|rpc:10.1.0.22:34665|dataStream:|priority:0, ac84e220-994f-4e81-aa4c-572e6d7da39f|rpc:10.1.0.22:46211|dataStream:|priority:1], old=null
2022-06-27 16:59:13,499 [ac84e220-994f-4e81-aa4c-572e6d7da39f@group-9EBE2E882AEE-FollowerState] INFO  impl.RoleInfo (RoleInfo.java:shutdownFollowerState(110)) - ac84e220-994f-4e81-aa4c-572e6d7da39f: shutdown ac84e220-994f-4e81-aa4c-572e6d7da39f@group-9EBE2E882AEE-FollowerState
2022-06-27 16:59:13,499 [ac84e220-994f-4e81-aa4c-572e6d7da39f@group-9EBE2E882AEE-FollowerState] INFO  server.RaftServer$Division (RaftServerImpl.java:setRole(299)) - ac84e220-994f-4e81-aa4c-572e6d7da39f@group-9EBE2E882AEE: changes role from  FOLLOWER to CANDIDATE at term 0 for changeToCandidate
2022-06-27 16:59:13,499 [ac84e220-994f-4e81-aa4c-572e6d7da39f@group-9EBE2E882AEE-FollowerState] INFO  server.RaftServerConfigKeys (ConfUtils.java:logGet(46)) - raft.server.leaderelection.pre-vote = false (custom)
2022-06-27 16:59:13,499 [ac84e220-994f-4e81-aa4c-572e6d7da39f@group-9EBE2E882AEE-FollowerState] INFO  impl.RoleInfo (RoleInfo.java:updateAndGet(139)) - ac84e220-994f-4e81-aa4c-572e6d7da39f: start ac84e220-994f-4e81-aa4c-572e6d7da39f@group-9EBE2E882AEE-LeaderElection73
2022-06-27 16:59:13,500 [ac84e220-994f-4e81-aa4c-572e6d7da39f@group-F63F9DE2F8BD-LeaderElection72] INFO  impl.LeaderElection (LeaderElection.java:logAndReturn(90)) - ac84e220-994f-4e81-aa4c-572e6d7da39f@group-F63F9DE2F8BD-LeaderElection72: ELECTION REJECTED received 2 response(s) and 0 exception(s):
2022-06-27 16:59:13,500 [ac84e220-994f-4e81-aa4c-572e6d7da39f@group-F63F9DE2F8BD-LeaderElection72] INFO  impl.LeaderElection (LeaderElection.java:logAndReturn(94)) -   Response 0: ac84e220-994f-4e81-aa4c-572e6d7da39f<-97d0f922-59b0-4c16-8d4c-abda25e6e18a#0:FAIL-t1
2022-06-27 16:59:13,500 [ac84e220-994f-4e81-aa4c-572e6d7da39f@group-F63F9DE2F8BD-LeaderElection72] INFO  impl.LeaderElection (LeaderElection.java:logAndReturn(94)) -   Response 1: ac84e220-994f-4e81-aa4c-572e6d7da39f<-95b81b85-17bb-45ea-89c3-846c2a70bfe7#0:FAIL-t1
2022-06-27 16:59:13,500 [97d0f922-59b0-4c16-8d4c-abda25e6e18a-server-thread1] INFO  ratis.XceiverServerRatis (XceiverServerRatis.java:handleLeaderChangedNotification(863)) - Leader change notification received for group: group-0D4E55C45BC0 with new leaderId: 95b81b85-17bb-45ea-89c3-846c2a70bfe7
2022-06-27 16:59:13,500 [97d0f922-59b0-4c16-8d4c-abda25e6e18a-server-thread1] INFO  server.RaftServer$Division (ServerState.java:setLeader(287)) - 97d0f922-59b0-4c16-8d4c-abda25e6e18a@group-0D4E55C45BC0: change Leader from null to 95b81b85-17bb-45ea-89c3-846c2a70bfe7 at term 1 for appendEntries, leader elected after 5651ms
2022-06-27 16:59:13,522 [grpc-default-executor-3] INFO  server.RaftServer$Division (RaftServerImpl.java:requestVote(1152)) - 95b81b85-17bb-45ea-89c3-846c2a70bfe7@group-0D4E55C45BC0: receive requestVote(ELECTION, ac84e220-994f-4e81-aa4c-572e6d7da39f, group-0D4E55C45BC0, 1, (t:0, i:0))
2022-06-27 16:59:13,522 [grpc-default-executor-5] INFO  server.RaftServer$Division (RaftServerImpl.java:requestVote(1152)) - 97d0f922-59b0-4c16-8d4c-abda25e6e18a@group-0D4E55C45BC0: receive requestVote(ELECTION, ac84e220-994f-4e81-aa4c-572e6d7da39f, group-0D4E55C45BC0, 1, (t:0, i:0))
2022-06-27 16:59:13,522 [grpc-default-executor-5] INFO  impl.VoteContext (VoteContext.java:log(48)) - 97d0f922-59b0-4c16-8d4c-abda25e6e18a@group-0D4E55C45BC0-FOLLOWER: reject ELECTION from ac84e220-994f-4e81-aa4c-572e6d7da39f: already has voted for 95b81b85-17bb-45ea-89c3-846c2a70bfe7 at current term 1
2022-06-27 16:59:13,522 [grpc-default-executor-5] INFO  server.RaftServer$Division (RaftServerImpl.java:requestVote(1184)) - 97d0f922-59b0-4c16-8d4c-abda25e6e18a@group-0D4E55C45BC0 replies to ELECTION vote request: ac84e220-994f-4e81-aa4c-572e6d7da39f<-97d0f922-59b0-4c16-8d4c-abda25e6e18a#0:FAIL-t1. Peer's state: 97d0f922-59b0-4c16-8d4c-abda25e6e18a@group-0D4E55C45BC0:t1, leader=95b81b85-17bb-45ea-89c3-846c2a70bfe7, voted=95b81b85-17bb-45ea-89c3-846c2a70bfe7, raftlog=97d0f922-59b0-4c16-8d4c-abda25e6e18a@group-0D4E55C45BC0-SegmentedRaftLog:OPENED:c-1, conf=-1: [97d0f922-59b0-4c16-8d4c-abda25e6e18a|rpc:10.1.0.22:33221|dataStream:|priority:0, 95b81b85-17bb-45ea-89c3-846c2a70bfe7|rpc:10.1.0.22:34665|dataStream:|priority:1, ac84e220-994f-4e81-aa4c-572e6d7da39f|rpc:10.1.0.22:46211|dataStream:|priority:0], old=null
2022-06-27 16:59:13,522 [grpc-default-executor-3] INFO  impl.VoteContext (VoteContext.java:log(48)) - 95b81b85-17bb-45ea-89c3-846c2a70bfe7@group-0D4E55C45BC0-LEADER: reject ELECTION from ac84e220-994f-4e81-aa4c-572e6d7da39f: already has voted for 95b81b85-17bb-45ea-89c3-846c2a70bfe7 at current term 1
2022-06-27 16:59:13,522 [grpc-default-executor-3] INFO  server.RaftServer$Division (RaftServerImpl.java:requestVote(1184)) - 95b81b85-17bb-45ea-89c3-846c2a70bfe7@group-0D4E55C45BC0 replies to ELECTION vote request: ac84e220-994f-4e81-aa4c-572e6d7da39f<-95b81b85-17bb-45ea-89c3-846c2a70bfe7#0:FAIL-t1. Peer's state: 95b81b85-17bb-45ea-89c3-846c2a70bfe7@group-0D4E55C45BC0:t1, leader=95b81b85-17bb-45ea-89c3-846c2a70bfe7, voted=95b81b85-17bb-45ea-89c3-846c2a70bfe7, raftlog=95b81b85-17bb-45ea-89c3-846c2a70bfe7@group-0D4E55C45BC0-SegmentedRaftLog:OPENED:c0, conf=0: [97d0f922-59b0-4c16-8d4c-abda25e6e18a|rpc:10.1.0.22:33221|dataStream:|priority:0, 95b81b85-17bb-45ea-89c3-846c2a70bfe7|rpc:10.1.0.22:34665|dataStream:|priority:1, ac84e220-994f-4e81-aa4c-572e6d7da39f|rpc:10.1.0.22:46211|dataStream:|priority:0], old=null
2022-06-27 16:59:13,523 [ac84e220-994f-4e81-aa4c-572e6d7da39f@group-F63F9DE2F8BD-LeaderElection72] INFO  impl.LeaderElection (LeaderElection.java:askForVotes(312)) - ac84e220-994f-4e81-aa4c-572e6d7da39f@group-F63F9DE2F8BD-LeaderElection72 ELECTION round 0: result REJECTED
2022-06-27 16:59:13,523 [ac84e220-994f-4e81-aa4c-572e6d7da39f@group-F63F9DE2F8BD-LeaderElection72] INFO  server.RaftServer$Division (RaftServerImpl.java:setRole(299)) - ac84e220-994f-4e81-aa4c-572e6d7da39f@group-F63F9DE2F8BD: changes role from CANDIDATE to FOLLOWER at term 1 for REJECTED
2022-06-27 16:59:13,523 [ac84e220-994f-4e81-aa4c-572e6d7da39f@group-F63F9DE2F8BD-LeaderElection72] INFO  impl.RoleInfo (RoleInfo.java:shutdownLeaderElection(130)) - ac84e220-994f-4e81-aa4c-572e6d7da39f: shutdown ac84e220-994f-4e81-aa4c-572e6d7da39f@group-F63F9DE2F8BD-LeaderElection72
2022-06-27 16:59:13,523 [ac84e220-994f-4e81-aa4c-572e6d7da39f@group-F63F9DE2F8BD-LeaderElection72] INFO  impl.RoleInfo (RoleInfo.java:updateAndGet(139)) - ac84e220-994f-4e81-aa4c-572e6d7da39f: start ac84e220-994f-4e81-aa4c-572e6d7da39f@group-F63F9DE2F8BD-FollowerState
2022-06-27 16:59:13,529 [97d0f922-59b0-4c16-8d4c-abda25e6e18a-server-thread1] INFO  server.RaftServer$Division (ServerState.java:setRaftConf(393)) - 97d0f922-59b0-4c16-8d4c-abda25e6e18a@group-0D4E55C45BC0: set configuration 0: [97d0f922-59b0-4c16-8d4c-abda25e6e18a|rpc:10.1.0.22:33221|dataStream:|priority:0, 95b81b85-17bb-45ea-89c3-846c2a70bfe7|rpc:10.1.0.22:34665|dataStream:|priority:1, ac84e220-994f-4e81-aa4c-572e6d7da39f|rpc:10.1.0.22:46211|dataStream:|priority:0], old=null
2022-06-27 16:59:13,530 [97d0f922-59b0-4c16-8d4c-abda25e6e18a-server-thread1] INFO  segmented.SegmentedRaftLogWorker (SegmentedRaftLogWorker.java:startLogSegment(425)) - 97d0f922-59b0-4c16-8d4c-abda25e6e18a@group-0D4E55C45BC0-SegmentedRaftLogWorker: Starting segment from index:0
2022-06-27 16:59:13,531 [97d0f922-59b0-4c16-8d4c-abda25e6e18a@group-0D4E55C45BC0-SegmentedRaftLogWorker] INFO  segmented.SegmentedRaftLogWorker (SegmentedRaftLogWorker.java:execute(629)) - 97d0f922-59b0-4c16-8d4c-abda25e6e18a@group-0D4E55C45BC0-SegmentedRaftLogWorker: created new log segment /home/runner/work/ozone/ozone/hadoop-ozone/integration-test/target/test-dir/MiniOzoneClusterImpl-9da5c95b-489f-4ace-b65d-e0c796cc3c87/datanode-1/data/ratis/c4c4fbad-26bb-4edd-b404-0d4e55c45bc0/current/log_inprogress_0
2022-06-27 16:59:13,558 [ac84e220-994f-4e81-aa4c-572e6d7da39f@group-9EBE2E882AEE-LeaderElection73] INFO  impl.LeaderElection (LeaderElection.java:askForVotes(310)) - ac84e220-994f-4e81-aa4c-572e6d7da39f@group-9EBE2E882AEE-LeaderElection73 ELECTION round 0: submit vote requests at term 1 for -1: [ac84e220-994f-4e81-aa4c-572e6d7da39f|rpc:10.1.0.22:46211|priority:1], old=null
2022-06-27 16:59:13,558 [ac84e220-994f-4e81-aa4c-572e6d7da39f@group-0D4E55C45BC0-LeaderElection69] INFO  impl.LeaderElection (LeaderElection.java:logAndReturn(90)) - ac84e220-994f-4e81-aa4c-572e6d7da39f@group-0D4E55C45BC0-LeaderElection69: ELECTION REJECTED received 2 response(s) and 0 exception(s):
2022-06-27 16:59:13,558 [ac84e220-994f-4e81-aa4c-572e6d7da39f@group-0D4E55C45BC0-LeaderElection69] INFO  impl.LeaderElection (LeaderElection.java:logAndReturn(94)) -   Response 0: ac84e220-994f-4e81-aa4c-572e6d7da39f<-97d0f922-59b0-4c16-8d4c-abda25e6e18a#0:FAIL-t1
2022-06-27 16:59:13,558 [ac84e220-994f-4e81-aa4c-572e6d7da39f@group-0D4E55C45BC0-LeaderElection69] INFO  impl.LeaderElection (LeaderElection.java:logAndReturn(94)) -   Response 1: ac84e220-994f-4e81-aa4c-572e6d7da39f<-95b81b85-17bb-45ea-89c3-846c2a70bfe7#0:FAIL-t1
2022-06-27 16:59:13,558 [ac84e220-994f-4e81-aa4c-572e6d7da39f@group-0D4E55C45BC0-LeaderElection69] INFO  impl.LeaderElection (LeaderElection.java:askForVotes(312)) - ac84e220-994f-4e81-aa4c-572e6d7da39f@group-0D4E55C45BC0-LeaderElection69 ELECTION round 0: result REJECTED
2022-06-27 16:59:13,558 [ac84e220-994f-4e81-aa4c-572e6d7da39f@group-0D4E55C45BC0-LeaderElection69] INFO  server.RaftServer$Division (RaftServerImpl.java:setRole(299)) - ac84e220-994f-4e81-aa4c-572e6d7da39f@group-0D4E55C45BC0: changes role from CANDIDATE to FOLLOWER at term 1 for REJECTED
2022-06-27 16:59:13,558 [ac84e220-994f-4e81-aa4c-572e6d7da39f@group-0D4E55C45BC0-LeaderElection69] INFO  impl.RoleInfo (RoleInfo.java:shutdownLeaderElection(130)) - ac84e220-994f-4e81-aa4c-572e6d7da39f: shutdown ac84e220-994f-4e81-aa4c-572e6d7da39f@group-0D4E55C45BC0-LeaderElection69
2022-06-27 16:59:13,558 [ac84e220-994f-4e81-aa4c-572e6d7da39f@group-0D4E55C45BC0-LeaderElection69] INFO  impl.RoleInfo (RoleInfo.java:updateAndGet(139)) - ac84e220-994f-4e81-aa4c-572e6d7da39f: start ac84e220-994f-4e81-aa4c-572e6d7da39f@group-0D4E55C45BC0-FollowerState
2022-06-27 16:59:13,558 [ac84e220-994f-4e81-aa4c-572e6d7da39f@group-9EBE2E882AEE-LeaderElection73] INFO  impl.LeaderElection (LeaderElection.java:askForVotes(312)) - ac84e220-994f-4e81-aa4c-572e6d7da39f@group-9EBE2E882AEE-LeaderElection73 ELECTION round 0: result PASSED (term=1)
2022-06-27 16:59:13,558 [ac84e220-994f-4e81-aa4c-572e6d7da39f@group-9EBE2E882AEE-LeaderElection73] INFO  impl.RoleInfo (RoleInfo.java:shutdownLeaderElection(130)) - ac84e220-994f-4e81-aa4c-572e6d7da39f: shutdown ac84e220-994f-4e81-aa4c-572e6d7da39f@group-9EBE2E882AEE-LeaderElection73
2022-06-27 16:59:13,558 [ac84e220-994f-4e81-aa4c-572e6d7da39f@group-9EBE2E882AEE-LeaderElection73] INFO  server.RaftServer$Division (RaftServerImpl.java:setRole(299)) - ac84e220-994f-4e81-aa4c-572e6d7da39f@group-9EBE2E882AEE: changes role from CANDIDATE to LEADER at term 1 for changeToLeader
2022-06-27 16:59:13,558 [ac84e220-994f-4e81-aa4c-572e6d7da39f@group-9EBE2E882AEE-LeaderElection73] INFO  ratis.XceiverServerRatis (XceiverServerRatis.java:handleLeaderChangedNotification(863)) - Leader change notification received for group: group-9EBE2E882AEE with new leaderId: ac84e220-994f-4e81-aa4c-572e6d7da39f
2022-06-27 16:59:13,569 [ac84e220-994f-4e81-aa4c-572e6d7da39f-server-thread1] INFO  ratis.XceiverServerRatis (XceiverServerRatis.java:handleLeaderChangedNotification(863)) - Leader change notification received for group: group-0D4E55C45BC0 with new leaderId: 95b81b85-17bb-45ea-89c3-846c2a70bfe7
2022-06-27 16:59:13,569 [ac84e220-994f-4e81-aa4c-572e6d7da39f-server-thread1] INFO  server.RaftServer$Division (ServerState.java:setLeader(287)) - ac84e220-994f-4e81-aa4c-572e6d7da39f@group-0D4E55C45BC0: change Leader from null to 95b81b85-17bb-45ea-89c3-846c2a70bfe7 at term 1 for appendEntries, leader elected after 5809ms
2022-06-27 16:59:13,583 [ac84e220-994f-4e81-aa4c-572e6d7da39f@group-9EBE2E882AEE-LeaderElection73] INFO  server.RaftServer$Division (ServerState.java:setLeader(287)) - ac84e220-994f-4e81-aa4c-572e6d7da39f@group-9EBE2E882AEE: change Leader from null to ac84e220-994f-4e81-aa4c-572e6d7da39f at term 1 for becomeLeader, leader elected after 5400ms
2022-06-27 16:59:13,583 [ac84e220-994f-4e81-aa4c-572e6d7da39f@group-9EBE2E882AEE-LeaderElection73] INFO  server.RaftServerConfigKeys (ConfUtils.java:logGet(46)) - raft.server.staging.catchup.gap = 1000 (default)
2022-06-27 16:59:13,583 [ac84e220-994f-4e81-aa4c-572e6d7da39f@group-9EBE2E882AEE-LeaderElection73] INFO  server.RaftServerConfigKeys (ConfUtils.java:logGet(46)) - raft.server.write.element-limit = 1024 (custom)
2022-06-27 16:59:13,583 [ac84e220-994f-4e81-aa4c-572e6d7da39f@group-9EBE2E882AEE-LeaderElection73] INFO  server.RaftServerConfigKeys (ConfUtils.java:logGet(46)) - raft.server.write.byte-limit = 1024 M (=1073741824) (custom)
2022-06-27 16:59:13,584 [ac84e220-994f-4e81-aa4c-572e6d7da39f@group-9EBE2E882AEE-LeaderElection73] INFO  server.RaftServerConfigKeys (ConfUtils.java:logGet(46)) - raft.server.watch.timeout = 180s (custom)
2022-06-27 16:59:13,584 [ac84e220-994f-4e81-aa4c-572e6d7da39f@group-9EBE2E882AEE-LeaderElection73] INFO  server.RaftServerConfigKeys (ConfUtils.java:logGet(46)) - raft.server.watch.timeout.denomination = 1s (default)
2022-06-27 16:59:13,584 [ac84e220-994f-4e81-aa4c-572e6d7da39f@group-9EBE2E882AEE-LeaderElection73] INFO  server.RaftServerConfigKeys (ConfUtils.java:logGet(46)) - raft.server.watch.element-limit = 65536 (default)
2022-06-27 16:59:13,584 [ac84e220-994f-4e81-aa4c-572e6d7da39f@group-9EBE2E882AEE-LeaderElection73] INFO  server.RaftServerConfigKeys (ConfUtils.java:logGet(46)) - raft.server.write.element-limit = 1024 (custom)
2022-06-27 16:59:13,584 [ac84e220-994f-4e81-aa4c-572e6d7da39f@group-9EBE2E882AEE-LeaderElection73] INFO  server.RaftServerConfigKeys (ConfUtils.java:logGet(46)) - raft.server.write.follower.gap.ratio.max = -1.0 (default)
2022-06-27 16:59:13,584 [ac84e220-994f-4e81-aa4c-572e6d7da39f@group-9EBE2E882AEE-LeaderElection73] INFO  impl.RoleInfo (RoleInfo.java:updateAndGet(139)) - ac84e220-994f-4e81-aa4c-572e6d7da39f: start ac84e220-994f-4e81-aa4c-572e6d7da39f@group-9EBE2E882AEE-LeaderStateImpl
2022-06-27 16:59:13,584 [ac84e220-994f-4e81-aa4c-572e6d7da39f@group-9EBE2E882AEE-LeaderElection73] INFO  segmented.SegmentedRaftLogWorker (SegmentedRaftLogWorker.java:startLogSegment(425)) - ac84e220-994f-4e81-aa4c-572e6d7da39f@group-9EBE2E882AEE-SegmentedRaftLogWorker: Starting segment from index:0
2022-06-27 16:59:13,589 [ac84e220-994f-4e81-aa4c-572e6d7da39f@group-9EBE2E882AEE-SegmentedRaftLogWorker] INFO  segmented.SegmentedRaftLogWorker (SegmentedRaftLogWorker.java:execute(629)) - ac84e220-994f-4e81-aa4c-572e6d7da39f@group-9EBE2E882AEE-SegmentedRaftLogWorker: created new log segment /home/runner/work/ozone/ozone/hadoop-ozone/integration-test/target/test-dir/MiniOzoneClusterImpl-9da5c95b-489f-4ace-b65d-e0c796cc3c87/datanode-2/data/ratis/bcf71a2e-d4bc-459f-b139-9ebe2e882aee/current/log_inprogress_0
2022-06-27 16:59:13,619 [ac84e220-994f-4e81-aa4c-572e6d7da39f@group-9EBE2E882AEE-LeaderElection73] INFO  server.RaftServer$Division (ServerState.java:setRaftConf(393)) - ac84e220-994f-4e81-aa4c-572e6d7da39f@group-9EBE2E882AEE: set configuration 0: [ac84e220-994f-4e81-aa4c-572e6d7da39f|rpc:10.1.0.22:46211|dataStream:|priority:1], old=null
2022-06-27 16:59:13,620 [ac84e220-994f-4e81-aa4c-572e6d7da39f-server-thread2] INFO  server.RaftServer$Division (ServerState.java:setRaftConf(393)) - ac84e220-994f-4e81-aa4c-572e6d7da39f@group-0D4E55C45BC0: set configuration 0: [97d0f922-59b0-4c16-8d4c-abda25e6e18a|rpc:10.1.0.22:33221|dataStream:|priority:0, 95b81b85-17bb-45ea-89c3-846c2a70bfe7|rpc:10.1.0.22:34665|dataStream:|priority:1, ac84e220-994f-4e81-aa4c-572e6d7da39f|rpc:10.1.0.22:46211|dataStream:|priority:0], old=null
2022-06-27 16:59:13,620 [ac84e220-994f-4e81-aa4c-572e6d7da39f-server-thread2] INFO  segmented.SegmentedRaftLogWorker (SegmentedRaftLogWorker.java:startLogSegment(425)) - ac84e220-994f-4e81-aa4c-572e6d7da39f@group-0D4E55C45BC0-SegmentedRaftLogWorker: Starting segment from index:0
2022-06-27 16:59:13,634 [ac84e220-994f-4e81-aa4c-572e6d7da39f@group-0D4E55C45BC0-SegmentedRaftLogWorker] INFO  segmented.SegmentedRaftLogWorker (SegmentedRaftLogWorker.java:execute(629)) - ac84e220-994f-4e81-aa4c-572e6d7da39f@group-0D4E55C45BC0-SegmentedRaftLogWorker: created new log segment /home/runner/work/ozone/ozone/hadoop-ozone/integration-test/target/test-dir/MiniOzoneClusterImpl-9da5c95b-489f-4ace-b65d-e0c796cc3c87/datanode-2/data/ratis/c4c4fbad-26bb-4edd-b404-0d4e55c45bc0/current/log_inprogress_0
2022-06-27 16:59:13,789 [Listener at 127.0.0.1/35065] INFO  ozone.MiniOzoneClusterImpl (MiniOzoneClusterImpl.java:lambda$waitForClusterToBeReady$0(223)) - Nodes are ready. Got 5 of 5 DN Heartbeats.
2022-06-27 16:59:13,790 [Listener at 127.0.0.1/35065] INFO  ozone.MiniOzoneClusterImpl (MiniOzoneClusterImpl.java:lambda$waitForClusterToBeReady$0(226)) - Cluster exits safe mode
2022-06-27 16:59:13,790 [Listener at 127.0.0.1/35065] INFO  ozone.MiniOzoneClusterImpl (MiniOzoneClusterImpl.java:lambda$waitForClusterToBeReady$0(228)) - SCM became leader
2022-06-27 16:59:13,824 [97d0f922-59b0-4c16-8d4c-abda25e6e18a@group-46BFB31D35AA-FollowerState] INFO  impl.FollowerState (FollowerState.java:run(143)) - 97d0f922-59b0-4c16-8d4c-abda25e6e18a@group-46BFB31D35AA-FollowerState: change to CANDIDATE, lastRpcElapsedTime:5022837498ns, electionTimeout:5020ms
2022-06-27 16:59:13,824 [97d0f922-59b0-4c16-8d4c-abda25e6e18a@group-46BFB31D35AA-FollowerState] INFO  impl.RoleInfo (RoleInfo.java:shutdownFollowerState(110)) - 97d0f922-59b0-4c16-8d4c-abda25e6e18a: shutdown 97d0f922-59b0-4c16-8d4c-abda25e6e18a@group-46BFB31D35AA-FollowerState
2022-06-27 16:59:13,824 [97d0f922-59b0-4c16-8d4c-abda25e6e18a@group-46BFB31D35AA-FollowerState] INFO  server.RaftServer$Division (RaftServerImpl.java:setRole(299)) - 97d0f922-59b0-4c16-8d4c-abda25e6e18a@group-46BFB31D35AA: changes role from  FOLLOWER to CANDIDATE at term 0 for changeToCandidate
2022-06-27 16:59:13,845 [97d0f922-59b0-4c16-8d4c-abda25e6e18a@group-46BFB31D35AA-FollowerState] INFO  server.RaftServerConfigKeys (ConfUtils.java:logGet(46)) - raft.server.leaderelection.pre-vote = false (custom)
2022-06-27 16:59:13,845 [97d0f922-59b0-4c16-8d4c-abda25e6e18a@group-46BFB31D35AA-FollowerState] INFO  impl.RoleInfo (RoleInfo.java:updateAndGet(139)) - 97d0f922-59b0-4c16-8d4c-abda25e6e18a: start 97d0f922-59b0-4c16-8d4c-abda25e6e18a@group-46BFB31D35AA-LeaderElection74
2022-06-27 16:59:13,913 [97d0f922-59b0-4c16-8d4c-abda25e6e18a@group-46BFB31D35AA-LeaderElection74] INFO  impl.LeaderElection (LeaderElection.java:askForVotes(310)) - 97d0f922-59b0-4c16-8d4c-abda25e6e18a@group-46BFB31D35AA-LeaderElection74 ELECTION round 0: submit vote requests at term 1 for -1: [97d0f922-59b0-4c16-8d4c-abda25e6e18a|rpc:10.1.0.22:33221|priority:1], old=null
2022-06-27 16:59:13,913 [97d0f922-59b0-4c16-8d4c-abda25e6e18a@group-46BFB31D35AA-LeaderElection74] INFO  impl.LeaderElection (LeaderElection.java:askForVotes(312)) - 97d0f922-59b0-4c16-8d4c-abda25e6e18a@group-46BFB31D35AA-LeaderElection74 ELECTION round 0: result PASSED (term=1)
2022-06-27 16:59:13,913 [97d0f922-59b0-4c16-8d4c-abda25e6e18a@group-46BFB31D35AA-LeaderElection74] INFO  impl.RoleInfo (RoleInfo.java:shutdownLeaderElection(130)) - 97d0f922-59b0-4c16-8d4c-abda25e6e18a: shutdown 97d0f922-59b0-4c16-8d4c-abda25e6e18a@group-46BFB31D35AA-LeaderElection74
2022-06-27 16:59:13,913 [97d0f922-59b0-4c16-8d4c-abda25e6e18a@group-46BFB31D35AA-LeaderElection74] INFO  server.RaftServer$Division (RaftServerImpl.java:setRole(299)) - 97d0f922-59b0-4c16-8d4c-abda25e6e18a@group-46BFB31D35AA: changes role from CANDIDATE to LEADER at term 1 for changeToLeader
2022-06-27 16:59:13,913 [97d0f922-59b0-4c16-8d4c-abda25e6e18a@group-46BFB31D35AA-LeaderElection74] INFO  ratis.XceiverServerRatis (XceiverServerRatis.java:handleLeaderChangedNotification(863)) - Leader change notification received for group: group-46BFB31D35AA with new leaderId: 97d0f922-59b0-4c16-8d4c-abda25e6e18a
2022-06-27 16:59:13,913 [97d0f922-59b0-4c16-8d4c-abda25e6e18a@group-46BFB31D35AA-LeaderElection74] INFO  server.RaftServer$Division (ServerState.java:setLeader(287)) - 97d0f922-59b0-4c16-8d4c-abda25e6e18a@group-46BFB31D35AA: change Leader from null to 97d0f922-59b0-4c16-8d4c-abda25e6e18a at term 1 for becomeLeader, leader elected after 5118ms
2022-06-27 16:59:13,913 [97d0f922-59b0-4c16-8d4c-abda25e6e18a@group-46BFB31D35AA-LeaderElection74] INFO  server.RaftServerConfigKeys (ConfUtils.java:logGet(46)) - raft.server.staging.catchup.gap = 1000 (default)
2022-06-27 16:59:13,913 [97d0f922-59b0-4c16-8d4c-abda25e6e18a@group-46BFB31D35AA-LeaderElection74] INFO  server.RaftServerConfigKeys (ConfUtils.java:logGet(46)) - raft.server.write.element-limit = 1024 (custom)
2022-06-27 16:59:13,913 [97d0f922-59b0-4c16-8d4c-abda25e6e18a@group-46BFB31D35AA-LeaderElection74] INFO  server.RaftServerConfigKeys (ConfUtils.java:logGet(46)) - raft.server.write.byte-limit = 1024 M (=1073741824) (custom)
2022-06-27 16:59:13,914 [97d0f922-59b0-4c16-8d4c-abda25e6e18a@group-46BFB31D35AA-LeaderElection74] INFO  server.RaftServerConfigKeys (ConfUtils.java:logGet(46)) - raft.server.watch.timeout = 180s (custom)
2022-06-27 16:59:13,914 [97d0f922-59b0-4c16-8d4c-abda25e6e18a@group-46BFB31D35AA-LeaderElection74] INFO  server.RaftServerConfigKeys (ConfUtils.java:logGet(46)) - raft.server.watch.timeout.denomination = 1s (default)
2022-06-27 16:59:13,914 [97d0f922-59b0-4c16-8d4c-abda25e6e18a@group-46BFB31D35AA-LeaderElection74] INFO  server.RaftServerConfigKeys (ConfUtils.java:logGet(46)) - raft.server.watch.element-limit = 65536 (default)
2022-06-27 16:59:13,914 [97d0f922-59b0-4c16-8d4c-abda25e6e18a@group-46BFB31D35AA-LeaderElection74] INFO  server.RaftServerConfigKeys (ConfUtils.java:logGet(46)) - raft.server.write.element-limit = 1024 (custom)
2022-06-27 16:59:13,914 [97d0f922-59b0-4c16-8d4c-abda25e6e18a@group-46BFB31D35AA-LeaderElection74] INFO  server.RaftServerConfigKeys (ConfUtils.java:logGet(46)) - raft.server.write.follower.gap.ratio.max = -1.0 (default)
2022-06-27 16:59:13,914 [97d0f922-59b0-4c16-8d4c-abda25e6e18a@group-46BFB31D35AA-LeaderElection74] INFO  impl.RoleInfo (RoleInfo.java:updateAndGet(139)) - 97d0f922-59b0-4c16-8d4c-abda25e6e18a: start 97d0f922-59b0-4c16-8d4c-abda25e6e18a@group-46BFB31D35AA-LeaderStateImpl
2022-06-27 16:59:13,914 [97d0f922-59b0-4c16-8d4c-abda25e6e18a@group-46BFB31D35AA-LeaderElection74] INFO  segmented.SegmentedRaftLogWorker (SegmentedRaftLogWorker.java:startLogSegment(425)) - 97d0f922-59b0-4c16-8d4c-abda25e6e18a@group-46BFB31D35AA-SegmentedRaftLogWorker: Starting segment from index:0
2022-06-27 16:59:13,918 [97d0f922-59b0-4c16-8d4c-abda25e6e18a@group-46BFB31D35AA-SegmentedRaftLogWorker] INFO  segmented.SegmentedRaftLogWorker (SegmentedRaftLogWorker.java:execute(629)) - 97d0f922-59b0-4c16-8d4c-abda25e6e18a@group-46BFB31D35AA-SegmentedRaftLogWorker: created new log segment /home/runner/work/ozone/ozone/hadoop-ozone/integration-test/target/test-dir/MiniOzoneClusterImpl-9da5c95b-489f-4ace-b65d-e0c796cc3c87/datanode-1/data/ratis/f68ab14c-f0b3-47d6-a168-46bfb31d35aa/current/log_inprogress_0
2022-06-27 16:59:13,946 [97d0f922-59b0-4c16-8d4c-abda25e6e18a@group-46BFB31D35AA-LeaderElection74] INFO  server.RaftServer$Division (ServerState.java:setRaftConf(393)) - 97d0f922-59b0-4c16-8d4c-abda25e6e18a@group-46BFB31D35AA: set configuration 0: [97d0f922-59b0-4c16-8d4c-abda25e6e18a|rpc:10.1.0.22:33221|dataStream:|priority:1], old=null
2022-06-27 16:59:14,033 [Time-limited test] INFO  rpc.RpcClient (RpcClient.java:createVolume(466)) - Creating Volume: volume53638, with user40618 as owner and space quota set to -1 bytes, counts quota set to -1
2022-06-27 16:59:14,036 [IPC Server handler 4 on default port 35065] INFO  volume.OMVolumeCreateRequest (OMVolumeCreateRequest.java:validateAndUpdateCache(195)) - created volume:volume53638 for user:user40618
2022-06-27 16:59:14,193 [Time-limited test] INFO  rpc.RpcClient (RpcClient.java:createBucket(666)) - Creating Bucket: volume53638/bucket88313, with the Bucket Layout LEGACY, runner as owner, Versioning false, Storage Type set to DISK and Encryption set to false 
2022-06-27 16:59:14,201 [IPC Server handler 8 on default port 35065] INFO  bucket.OMBucketCreateRequest (OMBucketCreateRequest.java:validateAndUpdateCache(260)) - created bucket: bucket88313 of layout LEGACY in volume: volume53638
2022-06-27 16:59:14,282 [IPC Server handler 0 on default port 38835] INFO  ha.SequenceIdGenerator (SequenceIdGenerator.java:getNextId(127)) - Allocate a batch for containerId, change lastId from 0 to 1000.
2022-06-27 16:59:14,282 [IPC Server handler 0 on default port 38835] WARN  ha.SequenceIdGenerator (SequenceIdGenerator.java:allocateBatch(235)) - Failed to allocate a batch for localId, expected lastId is 0, actual lastId is 109611004723200000.
2022-06-27 16:59:14,282 [IPC Server handler 0 on default port 38835] INFO  ha.SequenceIdGenerator (SequenceIdGenerator.java:getNextId(127)) - Allocate a batch for localId, change lastId from 109611004723200000 to 109611004723201000.
16:59:14.355 [IPC Server handler 7 on default port 35065] ERROR OMAudit - user=runner | ip=127.0.0.1 | op=GET_FILE_STATUS {volume=volume53638, bucket=bucket88313, key=dir213/file1, dataSize=0, replicationConfig=null} | ret=FAILURE
org.apache.hadoop.ozone.om.exceptions.OMException: Unable to get file status: volume: volume53638 bucket: bucket88313 key: dir213/file1
	at org.apache.hadoop.ozone.om.KeyManagerImpl.getOzoneFileStatus(KeyManagerImpl.java:1311) ~[ozone-manager-1.3.0-SNAPSHOT.jar:?]
	at org.apache.hadoop.ozone.om.KeyManagerImpl.getFileStatus(KeyManagerImpl.java:1241) ~[ozone-manager-1.3.0-SNAPSHOT.jar:?]
	at org.apache.hadoop.ozone.om.OzoneManager.getFileStatus(OzoneManager.java:3419) ~[ozone-manager-1.3.0-SNAPSHOT.jar:?]
	at org.apache.hadoop.ozone.protocolPB.OzoneManagerRequestHandler.getOzoneFileStatus(OzoneManagerRequestHandler.java:871) ~[ozone-manager-1.3.0-SNAPSHOT.jar:?]
	at org.apache.hadoop.ozone.protocolPB.OzoneManagerRequestHandler.handleReadRequest(OzoneManagerRequestHandler.java:217) ~[ozone-manager-1.3.0-SNAPSHOT.jar:?]
	at org.apache.hadoop.ozone.protocolPB.OzoneManagerProtocolServerSideTranslatorPB.submitRequestDirectlyToOM(OzoneManagerProtocolServerSideTranslatorPB.java:276) ~[ozone-manager-1.3.0-SNAPSHOT.jar:?]
	at org.apache.hadoop.ozone.protocolPB.OzoneManagerProtocolServerSideTranslatorPB.processRequest(OzoneManagerProtocolServerSideTranslatorPB.java:205) ~[ozone-manager-1.3.0-SNAPSHOT.jar:?]
	at org.apache.hadoop.hdds.server.OzoneProtocolMessageDispatcher.processRequest(OzoneProtocolMessageDispatcher.java:87) [hdds-server-framework-1.3.0-SNAPSHOT.jar:?]
	at org.apache.hadoop.ozone.protocolPB.OzoneManagerProtocolServerSideTranslatorPB.submitRequest(OzoneManagerProtocolServerSideTranslatorPB.java:147) [ozone-manager-1.3.0-SNAPSHOT.jar:?]
	at org.apache.hadoop.ozone.protocol.proto.OzoneManagerProtocolProtos$OzoneManagerService$2.callBlockingMethod(OzoneManagerProtocolProtos.java) [ozone-interface-client-1.3.0-SNAPSHOT.jar:?]
	at org.apache.hadoop.ipc.ProtobufRpcEngine$Server.processCall(ProtobufRpcEngine.java:466) [hadoop-common-3.3.1.jar:?]
	at org.apache.hadoop.ipc.ProtobufRpcEngine2$Server$ProtoBufRpcInvoker.call(ProtobufRpcEngine2.java:574) [hadoop-common-3.3.1.jar:?]
	at org.apache.hadoop.ipc.ProtobufRpcEngine2$Server$ProtoBufRpcInvoker.call(ProtobufRpcEngine2.java:552) [hadoop-common-3.3.1.jar:?]
	at org.apache.hadoop.ipc.RPC$Server.call(RPC.java:1093) [hadoop-common-3.3.1.jar:?]
	at org.apache.hadoop.ipc.Server$RpcCall.run(Server.java:1035) [hadoop-common-3.3.1.jar:?]
	at org.apache.hadoop.ipc.Server$RpcCall.run(Server.java:963) [hadoop-common-3.3.1.jar:?]
	at java.security.AccessController.doPrivileged(Native Method) ~[?:1.8.0_332]
	at javax.security.auth.Subject.doAs(Subject.java:422) [?:1.8.0_332]
	at org.apache.hadoop.security.UserGroupInformation.doAs(UserGroupInformation.java:1878) [hadoop-common-3.3.1.jar:?]
	at org.apache.hadoop.ipc.Server$Handler.run(Server.java:2966) [hadoop-common-3.3.1.jar:?]
]]></system-out>
  </testcase>
  <testcase name="testListStatusRootAndVolumeRecursive" classname="TestRootedOzoneFileSystem" time="1.052">
    <system-out><![CDATA[2022-06-27 16:54:29,116 [Time-limited test] INFO  rpc.RpcClient (RpcClient.java:createVolume(466)) - Creating Volume: volume40676, with user64948 as owner and space quota set to -1 bytes, counts quota set to -1
2022-06-27 16:54:29,121 [OM StateMachine ApplyTransaction Thread - 0] INFO  volume.OMVolumeCreateRequest (OMVolumeCreateRequest.java:validateAndUpdateCache(195)) - created volume:volume40676 for user:user64948
2022-06-27 16:54:29,124 [Time-limited test] INFO  rpc.RpcClient (RpcClient.java:createBucket(666)) - Creating Bucket: volume40676/bucket61273, with the Bucket Layout LEGACY, runner as owner, Versioning false, Storage Type set to DISK and Encryption set to false 
2022-06-27 16:54:29,128 [OM StateMachine ApplyTransaction Thread - 0] INFO  bucket.OMBucketCreateRequest (OMBucketCreateRequest.java:validateAndUpdateCache(260)) - created bucket: bucket61273 of layout LEGACY in volume: volume40676
2022-06-27 16:54:29,138 [Time-limited test] INFO  rpc.RpcClient (RpcClient.java:createVolume(466)) - Creating Volume: volume-30982, with runner as owner and space quota set to -1 bytes, counts quota set to -1
2022-06-27 16:54:29,141 [OM StateMachine ApplyTransaction Thread - 0] INFO  volume.OMVolumeCreateRequest (OMVolumeCreateRequest.java:validateAndUpdateCache(195)) - created volume:volume-30982 for user:runner
2022-06-27 16:54:29,143 [Time-limited test] INFO  rpc.RpcClient (RpcClient.java:createBucket(666)) - Creating Bucket: volume-30982/bucket-07676, with the Bucket Layout LEGACY, runner as owner, Versioning false, Storage Type set to DISK and Encryption set to false 
2022-06-27 16:54:29,145 [OM StateMachine ApplyTransaction Thread - 0] INFO  bucket.OMBucketCreateRequest (OMBucketCreateRequest.java:validateAndUpdateCache(260)) - created bucket: bucket-07676 of layout LEGACY in volume: volume-30982
2022-06-27 16:54:29,194 [Time-limited test] INFO  impl.MetricsSystemImpl (MetricsSystemImpl.java:init(158)) - XceiverClientMetrics metrics system started (again)
2022-06-27 16:54:29,581 [Time-limited test] INFO  rpc.RpcClient (RpcClient.java:createVolume(466)) - Creating Volume: volume-23731, with runner as owner and space quota set to -1 bytes, counts quota set to -1
2022-06-27 16:54:29,584 [OM StateMachine ApplyTransaction Thread - 0] INFO  volume.OMVolumeCreateRequest (OMVolumeCreateRequest.java:validateAndUpdateCache(195)) - created volume:volume-23731 for user:runner
2022-06-27 16:54:29,586 [Time-limited test] INFO  rpc.RpcClient (RpcClient.java:createBucket(666)) - Creating Bucket: volume-23731/bucket-62028, with the Bucket Layout LEGACY, runner as owner, Versioning false, Storage Type set to DISK and Encryption set to false 
2022-06-27 16:54:29,588 [OM StateMachine ApplyTransaction Thread - 0] INFO  bucket.OMBucketCreateRequest (OMBucketCreateRequest.java:validateAndUpdateCache(260)) - created bucket: bucket-62028 of layout LEGACY in volume: volume-23731
]]></system-out>
  </testcase>
  <testcase name="testListStatusRootAndVolumeRecursive" classname="TestRootedOzoneFileSystem" time="0.967">
    <system-out><![CDATA[2022-06-27 16:55:32,680 [Time-limited test] INFO  rpc.RpcClient (RpcClient.java:createVolume(466)) - Creating Volume: volume09507, with user09890 as owner and space quota set to -1 bytes, counts quota set to -1
2022-06-27 16:55:32,682 [OM StateMachine ApplyTransaction Thread - 0] INFO  volume.OMVolumeCreateRequest (OMVolumeCreateRequest.java:validateAndUpdateCache(195)) - created volume:volume09507 for user:user09890
2022-06-27 16:55:32,683 [Time-limited test] INFO  rpc.RpcClient (RpcClient.java:createBucket(666)) - Creating Bucket: volume09507/bucket45629, with the Bucket Layout LEGACY, runner as owner, Versioning false, Storage Type set to DISK and Encryption set to false 
2022-06-27 16:55:32,685 [OM StateMachine ApplyTransaction Thread - 0] INFO  bucket.OMBucketCreateRequest (OMBucketCreateRequest.java:validateAndUpdateCache(260)) - created bucket: bucket45629 of layout LEGACY in volume: volume09507
16:55:32.690 [IPC Server handler 12 on default port 39955] ERROR OMAudit - user=runner | ip=127.0.0.1 | op=READ_BUCKET {volume=volume-74808, bucket=bucket-72518} | ret=FAILURE
org.apache.hadoop.ozone.om.exceptions.OMException: Volume not found when getting bucket info
	at org.apache.hadoop.ozone.om.BucketManagerImpl.getBucketInfo(BucketManagerImpl.java:127) ~[ozone-manager-1.3.0-SNAPSHOT.jar:?]
	at org.apache.hadoop.ozone.om.OzoneManager.getBucketInfo(OzoneManager.java:2778) ~[ozone-manager-1.3.0-SNAPSHOT.jar:?]
	at org.apache.hadoop.ozone.protocolPB.OzoneManagerRequestHandler.infoBucket(OzoneManagerRequestHandler.java:464) ~[ozone-manager-1.3.0-SNAPSHOT.jar:?]
	at org.apache.hadoop.ozone.protocolPB.OzoneManagerRequestHandler.handleReadRequest(OzoneManagerRequestHandler.java:172) ~[ozone-manager-1.3.0-SNAPSHOT.jar:?]
	at org.apache.hadoop.ozone.protocolPB.OzoneManagerProtocolServerSideTranslatorPB.submitReadRequestToOM(OzoneManagerProtocolServerSideTranslatorPB.java:226) ~[ozone-manager-1.3.0-SNAPSHOT.jar:?]
	at org.apache.hadoop.ozone.protocolPB.OzoneManagerProtocolServerSideTranslatorPB.processRequest(OzoneManagerProtocolServerSideTranslatorPB.java:175) ~[ozone-manager-1.3.0-SNAPSHOT.jar:?]
	at org.apache.hadoop.hdds.server.OzoneProtocolMessageDispatcher.processRequest(OzoneProtocolMessageDispatcher.java:87) [hdds-server-framework-1.3.0-SNAPSHOT.jar:?]
	at org.apache.hadoop.ozone.protocolPB.OzoneManagerProtocolServerSideTranslatorPB.submitRequest(OzoneManagerProtocolServerSideTranslatorPB.java:147) [ozone-manager-1.3.0-SNAPSHOT.jar:?]
	at org.apache.hadoop.ozone.protocol.proto.OzoneManagerProtocolProtos$OzoneManagerService$2.callBlockingMethod(OzoneManagerProtocolProtos.java) [ozone-interface-client-1.3.0-SNAPSHOT.jar:?]
	at org.apache.hadoop.ipc.ProtobufRpcEngine$Server.processCall(ProtobufRpcEngine.java:466) [hadoop-common-3.3.1.jar:?]
	at org.apache.hadoop.ipc.ProtobufRpcEngine2$Server$ProtoBufRpcInvoker.call(ProtobufRpcEngine2.java:574) [hadoop-common-3.3.1.jar:?]
	at org.apache.hadoop.ipc.ProtobufRpcEngine2$Server$ProtoBufRpcInvoker.call(ProtobufRpcEngine2.java:552) [hadoop-common-3.3.1.jar:?]
	at org.apache.hadoop.ipc.RPC$Server.call(RPC.java:1093) [hadoop-common-3.3.1.jar:?]
	at org.apache.hadoop.ipc.Server$RpcCall.run(Server.java:1035) [hadoop-common-3.3.1.jar:?]
	at org.apache.hadoop.ipc.Server$RpcCall.run(Server.java:963) [hadoop-common-3.3.1.jar:?]
	at java.security.AccessController.doPrivileged(Native Method) ~[?:1.8.0_332]
	at javax.security.auth.Subject.doAs(Subject.java:422) [?:1.8.0_332]
	at org.apache.hadoop.security.UserGroupInformation.doAs(UserGroupInformation.java:1878) [hadoop-common-3.3.1.jar:?]
	at org.apache.hadoop.ipc.Server$Handler.run(Server.java:2966) [hadoop-common-3.3.1.jar:?]
2022-06-27 16:55:32,690 [Time-limited test] INFO  rpc.RpcClient (RpcClient.java:createVolume(466)) - Creating Volume: volume-74808, with runner as owner and space quota set to -1 bytes, counts quota set to -1
2022-06-27 16:55:32,698 [OM StateMachine ApplyTransaction Thread - 0] INFO  volume.OMVolumeCreateRequest (OMVolumeCreateRequest.java:validateAndUpdateCache(195)) - created volume:volume-74808 for user:runner
2022-06-27 16:55:32,699 [Time-limited test] INFO  rpc.RpcClient (RpcClient.java:createBucket(666)) - Creating Bucket: volume-74808/bucket-72518, with the Bucket Layout LEGACY, runner as owner, Versioning false, Storage Type set to DISK and Encryption set to false 
2022-06-27 16:55:32,700 [OM StateMachine ApplyTransaction Thread - 0] INFO  bucket.OMBucketCreateRequest (OMBucketCreateRequest.java:validateAndUpdateCache(260)) - created bucket: bucket-72518 of layout LEGACY in volume: volume-74808
2022-06-27 16:55:32,979 [b12315fd-d627-47ef-b7c0-caf98a3d616b@group-772DE68F4364-FollowerState] INFO  impl.FollowerState (FollowerState.java:run(143)) - b12315fd-d627-47ef-b7c0-caf98a3d616b@group-772DE68F4364-FollowerState: change to CANDIDATE, lastRpcElapsedTime:5168475730ns, electionTimeout:5162ms
2022-06-27 16:55:32,979 [b12315fd-d627-47ef-b7c0-caf98a3d616b@group-772DE68F4364-FollowerState] INFO  impl.RoleInfo (RoleInfo.java:shutdownFollowerState(110)) - b12315fd-d627-47ef-b7c0-caf98a3d616b: shutdown b12315fd-d627-47ef-b7c0-caf98a3d616b@group-772DE68F4364-FollowerState
2022-06-27 16:55:32,979 [b12315fd-d627-47ef-b7c0-caf98a3d616b@group-772DE68F4364-FollowerState] INFO  server.RaftServer$Division (RaftServerImpl.java:setRole(299)) - b12315fd-d627-47ef-b7c0-caf98a3d616b@group-772DE68F4364: changes role from  FOLLOWER to CANDIDATE at term 0 for changeToCandidate
2022-06-27 16:55:32,997 [b12315fd-d627-47ef-b7c0-caf98a3d616b@group-772DE68F4364-FollowerState] INFO  server.RaftServerConfigKeys (ConfUtils.java:logGet(46)) - raft.server.leaderelection.pre-vote = false (custom)
2022-06-27 16:55:32,997 [b12315fd-d627-47ef-b7c0-caf98a3d616b@group-772DE68F4364-FollowerState] INFO  impl.RoleInfo (RoleInfo.java:updateAndGet(139)) - b12315fd-d627-47ef-b7c0-caf98a3d616b: start b12315fd-d627-47ef-b7c0-caf98a3d616b@group-772DE68F4364-LeaderElection22
2022-06-27 16:55:33,037 [b12315fd-d627-47ef-b7c0-caf98a3d616b@group-772DE68F4364-LeaderElection22] INFO  impl.LeaderElection (LeaderElection.java:askForVotes(310)) - b12315fd-d627-47ef-b7c0-caf98a3d616b@group-772DE68F4364-LeaderElection22 ELECTION round 0: submit vote requests at term 1 for -1: [b12315fd-d627-47ef-b7c0-caf98a3d616b|rpc:10.1.0.22:44783|priority:1], old=null
2022-06-27 16:55:33,049 [b12315fd-d627-47ef-b7c0-caf98a3d616b@group-772DE68F4364-LeaderElection22] INFO  impl.LeaderElection (LeaderElection.java:askForVotes(312)) - b12315fd-d627-47ef-b7c0-caf98a3d616b@group-772DE68F4364-LeaderElection22 ELECTION round 0: result PASSED (term=1)
2022-06-27 16:55:33,049 [b12315fd-d627-47ef-b7c0-caf98a3d616b@group-772DE68F4364-LeaderElection22] INFO  impl.RoleInfo (RoleInfo.java:shutdownLeaderElection(130)) - b12315fd-d627-47ef-b7c0-caf98a3d616b: shutdown b12315fd-d627-47ef-b7c0-caf98a3d616b@group-772DE68F4364-LeaderElection22
2022-06-27 16:55:33,049 [b12315fd-d627-47ef-b7c0-caf98a3d616b@group-772DE68F4364-LeaderElection22] INFO  server.RaftServer$Division (RaftServerImpl.java:setRole(299)) - b12315fd-d627-47ef-b7c0-caf98a3d616b@group-772DE68F4364: changes role from CANDIDATE to LEADER at term 1 for changeToLeader
2022-06-27 16:55:33,049 [b12315fd-d627-47ef-b7c0-caf98a3d616b@group-772DE68F4364-LeaderElection22] INFO  ratis.XceiverServerRatis (XceiverServerRatis.java:handleLeaderChangedNotification(863)) - Leader change notification received for group: group-772DE68F4364 with new leaderId: b12315fd-d627-47ef-b7c0-caf98a3d616b
2022-06-27 16:55:33,061 [b12315fd-d627-47ef-b7c0-caf98a3d616b@group-772DE68F4364-LeaderElection22] INFO  server.RaftServer$Division (ServerState.java:setLeader(287)) - b12315fd-d627-47ef-b7c0-caf98a3d616b@group-772DE68F4364: change Leader from null to b12315fd-d627-47ef-b7c0-caf98a3d616b at term 1 for becomeLeader, leader elected after 5256ms
2022-06-27 16:55:33,061 [b12315fd-d627-47ef-b7c0-caf98a3d616b@group-772DE68F4364-LeaderElection22] INFO  server.RaftServerConfigKeys (ConfUtils.java:logGet(46)) - raft.server.staging.catchup.gap = 1000 (default)
2022-06-27 16:55:33,061 [b12315fd-d627-47ef-b7c0-caf98a3d616b@group-772DE68F4364-LeaderElection22] INFO  server.RaftServerConfigKeys (ConfUtils.java:logGet(46)) - raft.server.write.element-limit = 1024 (custom)
2022-06-27 16:55:33,061 [b12315fd-d627-47ef-b7c0-caf98a3d616b@group-772DE68F4364-LeaderElection22] INFO  server.RaftServerConfigKeys (ConfUtils.java:logGet(46)) - raft.server.write.byte-limit = 1024 M (=1073741824) (custom)
2022-06-27 16:55:33,062 [b12315fd-d627-47ef-b7c0-caf98a3d616b@group-772DE68F4364-LeaderElection22] INFO  server.RaftServerConfigKeys (ConfUtils.java:logGet(46)) - raft.server.watch.timeout = 180s (custom)
2022-06-27 16:55:33,062 [b12315fd-d627-47ef-b7c0-caf98a3d616b@group-772DE68F4364-LeaderElection22] INFO  server.RaftServerConfigKeys (ConfUtils.java:logGet(46)) - raft.server.watch.timeout.denomination = 1s (default)
2022-06-27 16:55:33,062 [b12315fd-d627-47ef-b7c0-caf98a3d616b@group-772DE68F4364-LeaderElection22] INFO  server.RaftServerConfigKeys (ConfUtils.java:logGet(46)) - raft.server.watch.element-limit = 65536 (default)
2022-06-27 16:55:33,062 [b12315fd-d627-47ef-b7c0-caf98a3d616b@group-772DE68F4364-LeaderElection22] INFO  server.RaftServerConfigKeys (ConfUtils.java:logGet(46)) - raft.server.write.element-limit = 1024 (custom)
2022-06-27 16:55:33,062 [b12315fd-d627-47ef-b7c0-caf98a3d616b@group-772DE68F4364-LeaderElection22] INFO  server.RaftServerConfigKeys (ConfUtils.java:logGet(46)) - raft.server.write.follower.gap.ratio.max = -1.0 (default)
2022-06-27 16:55:33,062 [b12315fd-d627-47ef-b7c0-caf98a3d616b@group-772DE68F4364-LeaderElection22] INFO  impl.RoleInfo (RoleInfo.java:updateAndGet(139)) - b12315fd-d627-47ef-b7c0-caf98a3d616b: start b12315fd-d627-47ef-b7c0-caf98a3d616b@group-772DE68F4364-LeaderStateImpl
2022-06-27 16:55:33,062 [b12315fd-d627-47ef-b7c0-caf98a3d616b@group-772DE68F4364-LeaderElection22] INFO  segmented.SegmentedRaftLogWorker (SegmentedRaftLogWorker.java:startLogSegment(425)) - b12315fd-d627-47ef-b7c0-caf98a3d616b@group-772DE68F4364-SegmentedRaftLogWorker: Starting segment from index:0
2022-06-27 16:55:33,065 [b12315fd-d627-47ef-b7c0-caf98a3d616b@group-772DE68F4364-SegmentedRaftLogWorker] INFO  segmented.SegmentedRaftLogWorker (SegmentedRaftLogWorker.java:execute(629)) - b12315fd-d627-47ef-b7c0-caf98a3d616b@group-772DE68F4364-SegmentedRaftLogWorker: created new log segment /home/runner/work/ozone/ozone/hadoop-ozone/integration-test/target/test-dir/MiniOzoneClusterImpl-d171279b-4677-4c73-a7d6-55d9627e9d51/datanode-3/data/ratis/23b32300-9849-4bb8-86fa-772de68f4364/current/log_inprogress_0
2022-06-27 16:55:33,102 [b12315fd-d627-47ef-b7c0-caf98a3d616b@group-772DE68F4364-LeaderElection22] INFO  server.RaftServer$Division (ServerState.java:setRaftConf(393)) - b12315fd-d627-47ef-b7c0-caf98a3d616b@group-772DE68F4364: set configuration 0: [b12315fd-d627-47ef-b7c0-caf98a3d616b|rpc:10.1.0.22:44783|dataStream:|priority:1], old=null
16:55:33.110 [IPC Server handler 1 on default port 39955] ERROR OMAudit - user=runner | ip=127.0.0.1 | op=READ_BUCKET {volume=volume-46580, bucket=bucket-68569} | ret=FAILURE
org.apache.hadoop.ozone.om.exceptions.OMException: Volume not found when getting bucket info
	at org.apache.hadoop.ozone.om.BucketManagerImpl.getBucketInfo(BucketManagerImpl.java:127) ~[ozone-manager-1.3.0-SNAPSHOT.jar:?]
	at org.apache.hadoop.ozone.om.OzoneManager.getBucketInfo(OzoneManager.java:2778) ~[ozone-manager-1.3.0-SNAPSHOT.jar:?]
	at org.apache.hadoop.ozone.protocolPB.OzoneManagerRequestHandler.infoBucket(OzoneManagerRequestHandler.java:464) ~[ozone-manager-1.3.0-SNAPSHOT.jar:?]
	at org.apache.hadoop.ozone.protocolPB.OzoneManagerRequestHandler.handleReadRequest(OzoneManagerRequestHandler.java:172) ~[ozone-manager-1.3.0-SNAPSHOT.jar:?]
	at org.apache.hadoop.ozone.protocolPB.OzoneManagerProtocolServerSideTranslatorPB.submitReadRequestToOM(OzoneManagerProtocolServerSideTranslatorPB.java:226) ~[ozone-manager-1.3.0-SNAPSHOT.jar:?]
	at org.apache.hadoop.ozone.protocolPB.OzoneManagerProtocolServerSideTranslatorPB.processRequest(OzoneManagerProtocolServerSideTranslatorPB.java:175) ~[ozone-manager-1.3.0-SNAPSHOT.jar:?]
	at org.apache.hadoop.hdds.server.OzoneProtocolMessageDispatcher.processRequest(OzoneProtocolMessageDispatcher.java:87) [hdds-server-framework-1.3.0-SNAPSHOT.jar:?]
	at org.apache.hadoop.ozone.protocolPB.OzoneManagerProtocolServerSideTranslatorPB.submitRequest(OzoneManagerProtocolServerSideTranslatorPB.java:147) [ozone-manager-1.3.0-SNAPSHOT.jar:?]
	at org.apache.hadoop.ozone.protocol.proto.OzoneManagerProtocolProtos$OzoneManagerService$2.callBlockingMethod(OzoneManagerProtocolProtos.java) [ozone-interface-client-1.3.0-SNAPSHOT.jar:?]
	at org.apache.hadoop.ipc.ProtobufRpcEngine$Server.processCall(ProtobufRpcEngine.java:466) [hadoop-common-3.3.1.jar:?]
	at org.apache.hadoop.ipc.ProtobufRpcEngine2$Server$ProtoBufRpcInvoker.call(ProtobufRpcEngine2.java:574) [hadoop-common-3.3.1.jar:?]
	at org.apache.hadoop.ipc.ProtobufRpcEngine2$Server$ProtoBufRpcInvoker.call(ProtobufRpcEngine2.java:552) [hadoop-common-3.3.1.jar:?]
	at org.apache.hadoop.ipc.RPC$Server.call(RPC.java:1093) [hadoop-common-3.3.1.jar:?]
	at org.apache.hadoop.ipc.Server$RpcCall.run(Server.java:1035) [hadoop-common-3.3.1.jar:?]
	at org.apache.hadoop.ipc.Server$RpcCall.run(Server.java:963) [hadoop-common-3.3.1.jar:?]
	at java.security.AccessController.doPrivileged(Native Method) ~[?:1.8.0_332]
	at javax.security.auth.Subject.doAs(Subject.java:422) [?:1.8.0_332]
	at org.apache.hadoop.security.UserGroupInformation.doAs(UserGroupInformation.java:1878) [hadoop-common-3.3.1.jar:?]
	at org.apache.hadoop.ipc.Server$Handler.run(Server.java:2966) [hadoop-common-3.3.1.jar:?]
2022-06-27 16:55:33,111 [Time-limited test] INFO  rpc.RpcClient (RpcClient.java:createVolume(466)) - Creating Volume: volume-46580, with runner as owner and space quota set to -1 bytes, counts quota set to -1
2022-06-27 16:55:33,112 [OM StateMachine ApplyTransaction Thread - 0] INFO  volume.OMVolumeCreateRequest (OMVolumeCreateRequest.java:validateAndUpdateCache(195)) - created volume:volume-46580 for user:runner
2022-06-27 16:55:33,113 [Time-limited test] INFO  rpc.RpcClient (RpcClient.java:createBucket(666)) - Creating Bucket: volume-46580/bucket-68569, with the Bucket Layout LEGACY, runner as owner, Versioning false, Storage Type set to DISK and Encryption set to false 
2022-06-27 16:55:33,115 [OM StateMachine ApplyTransaction Thread - 0] INFO  bucket.OMBucketCreateRequest (OMBucketCreateRequest.java:validateAndUpdateCache(260)) - created bucket: bucket-68569 of layout LEGACY in volume: volume-46580
2022-06-27 16:55:33,498 [c918afda-6c60-4e35-b4d1-6219f177e5a0@group-066695249C4A-FollowerState] INFO  impl.FollowerState (FollowerState.java:run(143)) - c918afda-6c60-4e35-b4d1-6219f177e5a0@group-066695249C4A-FollowerState: change to CANDIDATE, lastRpcElapsedTime:5200004430ns, electionTimeout:5199ms
2022-06-27 16:55:33,499 [c918afda-6c60-4e35-b4d1-6219f177e5a0@group-066695249C4A-FollowerState] INFO  impl.RoleInfo (RoleInfo.java:shutdownFollowerState(110)) - c918afda-6c60-4e35-b4d1-6219f177e5a0: shutdown c918afda-6c60-4e35-b4d1-6219f177e5a0@group-066695249C4A-FollowerState
2022-06-27 16:55:33,499 [c918afda-6c60-4e35-b4d1-6219f177e5a0@group-066695249C4A-FollowerState] INFO  server.RaftServer$Division (RaftServerImpl.java:setRole(299)) - c918afda-6c60-4e35-b4d1-6219f177e5a0@group-066695249C4A: changes role from  FOLLOWER to CANDIDATE at term 0 for changeToCandidate
2022-06-27 16:55:33,499 [c918afda-6c60-4e35-b4d1-6219f177e5a0@group-066695249C4A-FollowerState] INFO  server.RaftServerConfigKeys (ConfUtils.java:logGet(46)) - raft.server.leaderelection.pre-vote = false (custom)
2022-06-27 16:55:33,499 [c918afda-6c60-4e35-b4d1-6219f177e5a0@group-066695249C4A-FollowerState] INFO  impl.RoleInfo (RoleInfo.java:updateAndGet(139)) - c918afda-6c60-4e35-b4d1-6219f177e5a0: start c918afda-6c60-4e35-b4d1-6219f177e5a0@group-066695249C4A-LeaderElection23
2022-06-27 16:55:33,531 [c918afda-6c60-4e35-b4d1-6219f177e5a0@group-066695249C4A-LeaderElection23] INFO  impl.LeaderElection (LeaderElection.java:askForVotes(310)) - c918afda-6c60-4e35-b4d1-6219f177e5a0@group-066695249C4A-LeaderElection23 ELECTION round 0: submit vote requests at term 1 for -1: [c918afda-6c60-4e35-b4d1-6219f177e5a0|rpc:10.1.0.22:38637|priority:1], old=null
2022-06-27 16:55:33,532 [c918afda-6c60-4e35-b4d1-6219f177e5a0@group-066695249C4A-LeaderElection23] INFO  impl.LeaderElection (LeaderElection.java:askForVotes(312)) - c918afda-6c60-4e35-b4d1-6219f177e5a0@group-066695249C4A-LeaderElection23 ELECTION round 0: result PASSED (term=1)
2022-06-27 16:55:33,532 [c918afda-6c60-4e35-b4d1-6219f177e5a0@group-066695249C4A-LeaderElection23] INFO  impl.RoleInfo (RoleInfo.java:shutdownLeaderElection(130)) - c918afda-6c60-4e35-b4d1-6219f177e5a0: shutdown c918afda-6c60-4e35-b4d1-6219f177e5a0@group-066695249C4A-LeaderElection23
2022-06-27 16:55:33,532 [c918afda-6c60-4e35-b4d1-6219f177e5a0@group-066695249C4A-LeaderElection23] INFO  server.RaftServer$Division (RaftServerImpl.java:setRole(299)) - c918afda-6c60-4e35-b4d1-6219f177e5a0@group-066695249C4A: changes role from CANDIDATE to LEADER at term 1 for changeToLeader
2022-06-27 16:55:33,532 [c918afda-6c60-4e35-b4d1-6219f177e5a0@group-066695249C4A-LeaderElection23] INFO  ratis.XceiverServerRatis (XceiverServerRatis.java:handleLeaderChangedNotification(863)) - Leader change notification received for group: group-066695249C4A with new leaderId: c918afda-6c60-4e35-b4d1-6219f177e5a0
2022-06-27 16:55:33,534 [c918afda-6c60-4e35-b4d1-6219f177e5a0@group-066695249C4A-LeaderElection23] INFO  server.RaftServer$Division (ServerState.java:setLeader(287)) - c918afda-6c60-4e35-b4d1-6219f177e5a0@group-066695249C4A: change Leader from null to c918afda-6c60-4e35-b4d1-6219f177e5a0 at term 1 for becomeLeader, leader elected after 5266ms
2022-06-27 16:55:33,534 [c918afda-6c60-4e35-b4d1-6219f177e5a0@group-066695249C4A-LeaderElection23] INFO  server.RaftServerConfigKeys (ConfUtils.java:logGet(46)) - raft.server.staging.catchup.gap = 1000 (default)
2022-06-27 16:55:33,534 [c918afda-6c60-4e35-b4d1-6219f177e5a0@group-066695249C4A-LeaderElection23] INFO  server.RaftServerConfigKeys (ConfUtils.java:logGet(46)) - raft.server.write.element-limit = 1024 (custom)
2022-06-27 16:55:33,534 [c918afda-6c60-4e35-b4d1-6219f177e5a0@group-066695249C4A-LeaderElection23] INFO  server.RaftServerConfigKeys (ConfUtils.java:logGet(46)) - raft.server.write.byte-limit = 1024 M (=1073741824) (custom)
2022-06-27 16:55:33,538 [c918afda-6c60-4e35-b4d1-6219f177e5a0@group-066695249C4A-LeaderElection23] INFO  server.RaftServerConfigKeys (ConfUtils.java:logGet(46)) - raft.server.watch.timeout = 180s (custom)
2022-06-27 16:55:33,538 [c918afda-6c60-4e35-b4d1-6219f177e5a0@group-066695249C4A-LeaderElection23] INFO  server.RaftServerConfigKeys (ConfUtils.java:logGet(46)) - raft.server.watch.timeout.denomination = 1s (default)
2022-06-27 16:55:33,538 [c918afda-6c60-4e35-b4d1-6219f177e5a0@group-066695249C4A-LeaderElection23] INFO  server.RaftServerConfigKeys (ConfUtils.java:logGet(46)) - raft.server.watch.element-limit = 65536 (default)
2022-06-27 16:55:33,538 [c918afda-6c60-4e35-b4d1-6219f177e5a0@group-066695249C4A-LeaderElection23] INFO  server.RaftServerConfigKeys (ConfUtils.java:logGet(46)) - raft.server.write.element-limit = 1024 (custom)
2022-06-27 16:55:33,538 [c918afda-6c60-4e35-b4d1-6219f177e5a0@group-066695249C4A-LeaderElection23] INFO  server.RaftServerConfigKeys (ConfUtils.java:logGet(46)) - raft.server.write.follower.gap.ratio.max = -1.0 (default)
2022-06-27 16:55:33,547 [c918afda-6c60-4e35-b4d1-6219f177e5a0@group-066695249C4A-LeaderElection23] INFO  impl.RoleInfo (RoleInfo.java:updateAndGet(139)) - c918afda-6c60-4e35-b4d1-6219f177e5a0: start c918afda-6c60-4e35-b4d1-6219f177e5a0@group-066695249C4A-LeaderStateImpl
2022-06-27 16:55:33,550 [c918afda-6c60-4e35-b4d1-6219f177e5a0@group-066695249C4A-LeaderElection23] INFO  segmented.SegmentedRaftLogWorker (SegmentedRaftLogWorker.java:startLogSegment(425)) - c918afda-6c60-4e35-b4d1-6219f177e5a0@group-066695249C4A-SegmentedRaftLogWorker: Starting segment from index:0
2022-06-27 16:55:33,554 [c918afda-6c60-4e35-b4d1-6219f177e5a0@group-066695249C4A-SegmentedRaftLogWorker] INFO  segmented.SegmentedRaftLogWorker (SegmentedRaftLogWorker.java:execute(629)) - c918afda-6c60-4e35-b4d1-6219f177e5a0@group-066695249C4A-SegmentedRaftLogWorker: created new log segment /home/runner/work/ozone/ozone/hadoop-ozone/integration-test/target/test-dir/MiniOzoneClusterImpl-d171279b-4677-4c73-a7d6-55d9627e9d51/datanode-4/data/ratis/d0b617c4-09a0-440c-a7b0-066695249c4a/current/log_inprogress_0
2022-06-27 16:55:33,570 [c918afda-6c60-4e35-b4d1-6219f177e5a0@group-066695249C4A-LeaderElection23] INFO  server.RaftServer$Division (ServerState.java:setRaftConf(393)) - c918afda-6c60-4e35-b4d1-6219f177e5a0@group-066695249C4A: set configuration 0: [c918afda-6c60-4e35-b4d1-6219f177e5a0|rpc:10.1.0.22:38637|dataStream:|priority:1], old=null
]]></system-out>
  </testcase>
  <testcase name="testListStatusRootAndVolumeRecursive" classname="TestRootedOzoneFileSystem" time="0.712">
    <system-out><![CDATA[2022-06-27 16:56:41,236 [Time-limited test] INFO  rpc.RpcClient (RpcClient.java:createVolume(466)) - Creating Volume: volume23359, with user97038 as owner and space quota set to -1 bytes, counts quota set to -1
2022-06-27 16:56:41,237 [IPC Server handler 18 on default port 40407] INFO  volume.OMVolumeCreateRequest (OMVolumeCreateRequest.java:validateAndUpdateCache(195)) - created volume:volume23359 for user:user97038
2022-06-27 16:56:41,238 [Time-limited test] INFO  rpc.RpcClient (RpcClient.java:createBucket(666)) - Creating Bucket: volume23359/bucket66467, with the Bucket Layout LEGACY, runner as owner, Versioning false, Storage Type set to DISK and Encryption set to false 
2022-06-27 16:56:41,238 [IPC Server handler 16 on default port 40407] INFO  bucket.OMBucketCreateRequest (OMBucketCreateRequest.java:validateAndUpdateCache(260)) - created bucket: bucket66467 of layout LEGACY in volume: volume23359
16:56:41.249 [IPC Server handler 4 on default port 40407] ERROR OMAudit - user=runner | ip=127.0.0.1 | op=READ_BUCKET {volume=volume-86525, bucket=bucket-73041} | ret=FAILURE
org.apache.hadoop.ozone.om.exceptions.OMException: Volume not found when getting bucket info
	at org.apache.hadoop.ozone.om.BucketManagerImpl.getBucketInfo(BucketManagerImpl.java:127) ~[ozone-manager-1.3.0-SNAPSHOT.jar:?]
	at org.apache.hadoop.ozone.om.OzoneManager.getBucketInfo(OzoneManager.java:2778) ~[ozone-manager-1.3.0-SNAPSHOT.jar:?]
	at org.apache.hadoop.ozone.protocolPB.OzoneManagerRequestHandler.infoBucket(OzoneManagerRequestHandler.java:464) ~[ozone-manager-1.3.0-SNAPSHOT.jar:?]
	at org.apache.hadoop.ozone.protocolPB.OzoneManagerRequestHandler.handleReadRequest(OzoneManagerRequestHandler.java:172) ~[ozone-manager-1.3.0-SNAPSHOT.jar:?]
	at org.apache.hadoop.ozone.protocolPB.OzoneManagerProtocolServerSideTranslatorPB.submitRequestDirectlyToOM(OzoneManagerProtocolServerSideTranslatorPB.java:276) ~[ozone-manager-1.3.0-SNAPSHOT.jar:?]
	at org.apache.hadoop.ozone.protocolPB.OzoneManagerProtocolServerSideTranslatorPB.processRequest(OzoneManagerProtocolServerSideTranslatorPB.java:205) ~[ozone-manager-1.3.0-SNAPSHOT.jar:?]
	at org.apache.hadoop.hdds.server.OzoneProtocolMessageDispatcher.processRequest(OzoneProtocolMessageDispatcher.java:87) [hdds-server-framework-1.3.0-SNAPSHOT.jar:?]
	at org.apache.hadoop.ozone.protocolPB.OzoneManagerProtocolServerSideTranslatorPB.submitRequest(OzoneManagerProtocolServerSideTranslatorPB.java:147) [ozone-manager-1.3.0-SNAPSHOT.jar:?]
	at org.apache.hadoop.ozone.protocol.proto.OzoneManagerProtocolProtos$OzoneManagerService$2.callBlockingMethod(OzoneManagerProtocolProtos.java) [ozone-interface-client-1.3.0-SNAPSHOT.jar:?]
	at org.apache.hadoop.ipc.ProtobufRpcEngine$Server.processCall(ProtobufRpcEngine.java:466) [hadoop-common-3.3.1.jar:?]
	at org.apache.hadoop.ipc.ProtobufRpcEngine2$Server$ProtoBufRpcInvoker.call(ProtobufRpcEngine2.java:574) [hadoop-common-3.3.1.jar:?]
	at org.apache.hadoop.ipc.ProtobufRpcEngine2$Server$ProtoBufRpcInvoker.call(ProtobufRpcEngine2.java:552) [hadoop-common-3.3.1.jar:?]
	at org.apache.hadoop.ipc.RPC$Server.call(RPC.java:1093) [hadoop-common-3.3.1.jar:?]
	at org.apache.hadoop.ipc.Server$RpcCall.run(Server.java:1035) [hadoop-common-3.3.1.jar:?]
	at org.apache.hadoop.ipc.Server$RpcCall.run(Server.java:963) [hadoop-common-3.3.1.jar:?]
	at java.security.AccessController.doPrivileged(Native Method) ~[?:1.8.0_332]
	at javax.security.auth.Subject.doAs(Subject.java:422) [?:1.8.0_332]
	at org.apache.hadoop.security.UserGroupInformation.doAs(UserGroupInformation.java:1878) [hadoop-common-3.3.1.jar:?]
	at org.apache.hadoop.ipc.Server$Handler.run(Server.java:2966) [hadoop-common-3.3.1.jar:?]
2022-06-27 16:56:41,250 [Time-limited test] INFO  rpc.RpcClient (RpcClient.java:createVolume(466)) - Creating Volume: volume-86525, with runner as owner and space quota set to -1 bytes, counts quota set to -1
2022-06-27 16:56:41,250 [IPC Server handler 2 on default port 40407] INFO  volume.OMVolumeCreateRequest (OMVolumeCreateRequest.java:validateAndUpdateCache(195)) - created volume:volume-86525 for user:runner
2022-06-27 16:56:41,252 [Time-limited test] INFO  rpc.RpcClient (RpcClient.java:createBucket(666)) - Creating Bucket: volume-86525/bucket-73041, with the Bucket Layout LEGACY, runner as owner, Versioning false, Storage Type set to DISK and Encryption set to false 
2022-06-27 16:56:41,253 [IPC Server handler 5 on default port 40407] INFO  bucket.OMBucketCreateRequest (OMBucketCreateRequest.java:validateAndUpdateCache(260)) - created bucket: bucket-73041 of layout LEGACY in volume: volume-86525
16:56:41.538 [IPC Server handler 0 on default port 40407] ERROR OMAudit - user=runner | ip=127.0.0.1 | op=READ_BUCKET {volume=volume-97859, bucket=bucket-36905} | ret=FAILURE
org.apache.hadoop.ozone.om.exceptions.OMException: Volume not found when getting bucket info
	at org.apache.hadoop.ozone.om.BucketManagerImpl.getBucketInfo(BucketManagerImpl.java:127) ~[ozone-manager-1.3.0-SNAPSHOT.jar:?]
	at org.apache.hadoop.ozone.om.OzoneManager.getBucketInfo(OzoneManager.java:2778) ~[ozone-manager-1.3.0-SNAPSHOT.jar:?]
	at org.apache.hadoop.ozone.protocolPB.OzoneManagerRequestHandler.infoBucket(OzoneManagerRequestHandler.java:464) ~[ozone-manager-1.3.0-SNAPSHOT.jar:?]
	at org.apache.hadoop.ozone.protocolPB.OzoneManagerRequestHandler.handleReadRequest(OzoneManagerRequestHandler.java:172) ~[ozone-manager-1.3.0-SNAPSHOT.jar:?]
	at org.apache.hadoop.ozone.protocolPB.OzoneManagerProtocolServerSideTranslatorPB.submitRequestDirectlyToOM(OzoneManagerProtocolServerSideTranslatorPB.java:276) ~[ozone-manager-1.3.0-SNAPSHOT.jar:?]
	at org.apache.hadoop.ozone.protocolPB.OzoneManagerProtocolServerSideTranslatorPB.processRequest(OzoneManagerProtocolServerSideTranslatorPB.java:205) ~[ozone-manager-1.3.0-SNAPSHOT.jar:?]
	at org.apache.hadoop.hdds.server.OzoneProtocolMessageDispatcher.processRequest(OzoneProtocolMessageDispatcher.java:87) [hdds-server-framework-1.3.0-SNAPSHOT.jar:?]
	at org.apache.hadoop.ozone.protocolPB.OzoneManagerProtocolServerSideTranslatorPB.submitRequest(OzoneManagerProtocolServerSideTranslatorPB.java:147) [ozone-manager-1.3.0-SNAPSHOT.jar:?]
	at org.apache.hadoop.ozone.protocol.proto.OzoneManagerProtocolProtos$OzoneManagerService$2.callBlockingMethod(OzoneManagerProtocolProtos.java) [ozone-interface-client-1.3.0-SNAPSHOT.jar:?]
	at org.apache.hadoop.ipc.ProtobufRpcEngine$Server.processCall(ProtobufRpcEngine.java:466) [hadoop-common-3.3.1.jar:?]
	at org.apache.hadoop.ipc.ProtobufRpcEngine2$Server$ProtoBufRpcInvoker.call(ProtobufRpcEngine2.java:574) [hadoop-common-3.3.1.jar:?]
	at org.apache.hadoop.ipc.ProtobufRpcEngine2$Server$ProtoBufRpcInvoker.call(ProtobufRpcEngine2.java:552) [hadoop-common-3.3.1.jar:?]
	at org.apache.hadoop.ipc.RPC$Server.call(RPC.java:1093) [hadoop-common-3.3.1.jar:?]
	at org.apache.hadoop.ipc.Server$RpcCall.run(Server.java:1035) [hadoop-common-3.3.1.jar:?]
	at org.apache.hadoop.ipc.Server$RpcCall.run(Server.java:963) [hadoop-common-3.3.1.jar:?]
	at java.security.AccessController.doPrivileged(Native Method) ~[?:1.8.0_332]
	at javax.security.auth.Subject.doAs(Subject.java:422) [?:1.8.0_332]
	at org.apache.hadoop.security.UserGroupInformation.doAs(UserGroupInformation.java:1878) [hadoop-common-3.3.1.jar:?]
	at org.apache.hadoop.ipc.Server$Handler.run(Server.java:2966) [hadoop-common-3.3.1.jar:?]
2022-06-27 16:56:41,539 [Time-limited test] INFO  rpc.RpcClient (RpcClient.java:createVolume(466)) - Creating Volume: volume-97859, with runner as owner and space quota set to -1 bytes, counts quota set to -1
2022-06-27 16:56:41,539 [IPC Server handler 18 on default port 40407] INFO  volume.OMVolumeCreateRequest (OMVolumeCreateRequest.java:validateAndUpdateCache(195)) - created volume:volume-97859 for user:runner
2022-06-27 16:56:41,540 [Time-limited test] INFO  rpc.RpcClient (RpcClient.java:createBucket(666)) - Creating Bucket: volume-97859/bucket-36905, with the Bucket Layout LEGACY, runner as owner, Versioning false, Storage Type set to DISK and Encryption set to false 
2022-06-27 16:56:41,541 [IPC Server handler 16 on default port 40407] INFO  bucket.OMBucketCreateRequest (OMBucketCreateRequest.java:validateAndUpdateCache(260)) - created bucket: bucket-36905 of layout LEGACY in volume: volume-97859
]]></system-out>
  </testcase>
  <testcase name="testListStatusRootAndVolumeRecursive" classname="TestRootedOzoneFileSystem" time="1.176">
    <system-out><![CDATA[2022-06-27 16:57:54,113 [Time-limited test] INFO  rpc.RpcClient (RpcClient.java:createVolume(466)) - Creating Volume: volume26065, with user74118 as owner and space quota set to -1 bytes, counts quota set to -1
2022-06-27 16:57:54,120 [OM StateMachine ApplyTransaction Thread - 0] INFO  volume.OMVolumeCreateRequest (OMVolumeCreateRequest.java:validateAndUpdateCache(195)) - created volume:volume26065 for user:user74118
2022-06-27 16:57:54,124 [Time-limited test] INFO  rpc.RpcClient (RpcClient.java:createBucket(666)) - Creating Bucket: volume26065/bucket92917, with the Bucket Layout LEGACY, runner as owner, Versioning false, Storage Type set to DISK and Encryption set to false 
2022-06-27 16:57:54,126 [OM StateMachine ApplyTransaction Thread - 0] INFO  bucket.OMBucketCreateRequest (OMBucketCreateRequest.java:validateAndUpdateCache(260)) - created bucket: bucket92917 of layout LEGACY in volume: volume26065
16:57:54.146 [IPC Server handler 18 on default port 40965] ERROR OMAudit - user=runner | ip=127.0.0.1 | op=READ_BUCKET {volume=volume-18718, bucket=bucket-63666} | ret=FAILURE
org.apache.hadoop.ozone.om.exceptions.OMException: Volume not found when getting bucket info
	at org.apache.hadoop.ozone.om.BucketManagerImpl.getBucketInfo(BucketManagerImpl.java:127) ~[ozone-manager-1.3.0-SNAPSHOT.jar:?]
	at org.apache.hadoop.ozone.om.OzoneManager.getBucketInfo(OzoneManager.java:2778) ~[ozone-manager-1.3.0-SNAPSHOT.jar:?]
	at org.apache.hadoop.ozone.protocolPB.OzoneManagerRequestHandler.infoBucket(OzoneManagerRequestHandler.java:464) ~[ozone-manager-1.3.0-SNAPSHOT.jar:?]
	at org.apache.hadoop.ozone.protocolPB.OzoneManagerRequestHandler.handleReadRequest(OzoneManagerRequestHandler.java:172) ~[ozone-manager-1.3.0-SNAPSHOT.jar:?]
	at org.apache.hadoop.ozone.protocolPB.OzoneManagerProtocolServerSideTranslatorPB.submitReadRequestToOM(OzoneManagerProtocolServerSideTranslatorPB.java:226) ~[ozone-manager-1.3.0-SNAPSHOT.jar:?]
	at org.apache.hadoop.ozone.protocolPB.OzoneManagerProtocolServerSideTranslatorPB.processRequest(OzoneManagerProtocolServerSideTranslatorPB.java:175) ~[ozone-manager-1.3.0-SNAPSHOT.jar:?]
	at org.apache.hadoop.hdds.server.OzoneProtocolMessageDispatcher.processRequest(OzoneProtocolMessageDispatcher.java:87) [hdds-server-framework-1.3.0-SNAPSHOT.jar:?]
	at org.apache.hadoop.ozone.protocolPB.OzoneManagerProtocolServerSideTranslatorPB.submitRequest(OzoneManagerProtocolServerSideTranslatorPB.java:147) [ozone-manager-1.3.0-SNAPSHOT.jar:?]
	at org.apache.hadoop.ozone.protocol.proto.OzoneManagerProtocolProtos$OzoneManagerService$2.callBlockingMethod(OzoneManagerProtocolProtos.java) [ozone-interface-client-1.3.0-SNAPSHOT.jar:?]
	at org.apache.hadoop.ipc.ProtobufRpcEngine$Server.processCall(ProtobufRpcEngine.java:466) [hadoop-common-3.3.1.jar:?]
	at org.apache.hadoop.ipc.ProtobufRpcEngine2$Server$ProtoBufRpcInvoker.call(ProtobufRpcEngine2.java:574) [hadoop-common-3.3.1.jar:?]
	at org.apache.hadoop.ipc.ProtobufRpcEngine2$Server$ProtoBufRpcInvoker.call(ProtobufRpcEngine2.java:552) [hadoop-common-3.3.1.jar:?]
	at org.apache.hadoop.ipc.RPC$Server.call(RPC.java:1093) [hadoop-common-3.3.1.jar:?]
	at org.apache.hadoop.ipc.Server$RpcCall.run(Server.java:1035) [hadoop-common-3.3.1.jar:?]
	at org.apache.hadoop.ipc.Server$RpcCall.run(Server.java:963) [hadoop-common-3.3.1.jar:?]
	at java.security.AccessController.doPrivileged(Native Method) ~[?:1.8.0_332]
	at javax.security.auth.Subject.doAs(Subject.java:422) [?:1.8.0_332]
	at org.apache.hadoop.security.UserGroupInformation.doAs(UserGroupInformation.java:1878) [hadoop-common-3.3.1.jar:?]
	at org.apache.hadoop.ipc.Server$Handler.run(Server.java:2966) [hadoop-common-3.3.1.jar:?]
2022-06-27 16:57:54,147 [Time-limited test] INFO  rpc.RpcClient (RpcClient.java:createVolume(466)) - Creating Volume: volume-18718, with runner as owner and space quota set to -1 bytes, counts quota set to -1
2022-06-27 16:57:54,149 [OM StateMachine ApplyTransaction Thread - 0] INFO  volume.OMVolumeCreateRequest (OMVolumeCreateRequest.java:validateAndUpdateCache(195)) - created volume:volume-18718 for user:runner
2022-06-27 16:57:54,150 [Time-limited test] INFO  rpc.RpcClient (RpcClient.java:createBucket(666)) - Creating Bucket: volume-18718/bucket-63666, with the Bucket Layout LEGACY, runner as owner, Versioning false, Storage Type set to DISK and Encryption set to false 
2022-06-27 16:57:54,153 [OM StateMachine ApplyTransaction Thread - 0] INFO  bucket.OMBucketCreateRequest (OMBucketCreateRequest.java:validateAndUpdateCache(260)) - created bucket: bucket-63666 of layout LEGACY in volume: volume-18718
16:57:54.669 [IPC Server handler 0 on default port 40965] ERROR OMAudit - user=runner | ip=127.0.0.1 | op=READ_BUCKET {volume=volume-64458, bucket=bucket-99877} | ret=FAILURE
org.apache.hadoop.ozone.om.exceptions.OMException: Volume not found when getting bucket info
	at org.apache.hadoop.ozone.om.BucketManagerImpl.getBucketInfo(BucketManagerImpl.java:127) ~[ozone-manager-1.3.0-SNAPSHOT.jar:?]
	at org.apache.hadoop.ozone.om.OzoneManager.getBucketInfo(OzoneManager.java:2778) ~[ozone-manager-1.3.0-SNAPSHOT.jar:?]
	at org.apache.hadoop.ozone.protocolPB.OzoneManagerRequestHandler.infoBucket(OzoneManagerRequestHandler.java:464) ~[ozone-manager-1.3.0-SNAPSHOT.jar:?]
	at org.apache.hadoop.ozone.protocolPB.OzoneManagerRequestHandler.handleReadRequest(OzoneManagerRequestHandler.java:172) ~[ozone-manager-1.3.0-SNAPSHOT.jar:?]
	at org.apache.hadoop.ozone.protocolPB.OzoneManagerProtocolServerSideTranslatorPB.submitReadRequestToOM(OzoneManagerProtocolServerSideTranslatorPB.java:226) ~[ozone-manager-1.3.0-SNAPSHOT.jar:?]
	at org.apache.hadoop.ozone.protocolPB.OzoneManagerProtocolServerSideTranslatorPB.processRequest(OzoneManagerProtocolServerSideTranslatorPB.java:175) ~[ozone-manager-1.3.0-SNAPSHOT.jar:?]
	at org.apache.hadoop.hdds.server.OzoneProtocolMessageDispatcher.processRequest(OzoneProtocolMessageDispatcher.java:87) [hdds-server-framework-1.3.0-SNAPSHOT.jar:?]
	at org.apache.hadoop.ozone.protocolPB.OzoneManagerProtocolServerSideTranslatorPB.submitRequest(OzoneManagerProtocolServerSideTranslatorPB.java:147) [ozone-manager-1.3.0-SNAPSHOT.jar:?]
	at org.apache.hadoop.ozone.protocol.proto.OzoneManagerProtocolProtos$OzoneManagerService$2.callBlockingMethod(OzoneManagerProtocolProtos.java) [ozone-interface-client-1.3.0-SNAPSHOT.jar:?]
	at org.apache.hadoop.ipc.ProtobufRpcEngine$Server.processCall(ProtobufRpcEngine.java:466) [hadoop-common-3.3.1.jar:?]
	at org.apache.hadoop.ipc.ProtobufRpcEngine2$Server$ProtoBufRpcInvoker.call(ProtobufRpcEngine2.java:574) [hadoop-common-3.3.1.jar:?]
	at org.apache.hadoop.ipc.ProtobufRpcEngine2$Server$ProtoBufRpcInvoker.call(ProtobufRpcEngine2.java:552) [hadoop-common-3.3.1.jar:?]
	at org.apache.hadoop.ipc.RPC$Server.call(RPC.java:1093) [hadoop-common-3.3.1.jar:?]
	at org.apache.hadoop.ipc.Server$RpcCall.run(Server.java:1035) [hadoop-common-3.3.1.jar:?]
	at org.apache.hadoop.ipc.Server$RpcCall.run(Server.java:963) [hadoop-common-3.3.1.jar:?]
	at java.security.AccessController.doPrivileged(Native Method) ~[?:1.8.0_332]
	at javax.security.auth.Subject.doAs(Subject.java:422) [?:1.8.0_332]
	at org.apache.hadoop.security.UserGroupInformation.doAs(UserGroupInformation.java:1878) [hadoop-common-3.3.1.jar:?]
	at org.apache.hadoop.ipc.Server$Handler.run(Server.java:2966) [hadoop-common-3.3.1.jar:?]
2022-06-27 16:57:54,670 [Time-limited test] INFO  rpc.RpcClient (RpcClient.java:createVolume(466)) - Creating Volume: volume-64458, with runner as owner and space quota set to -1 bytes, counts quota set to -1
2022-06-27 16:57:54,673 [OM StateMachine ApplyTransaction Thread - 0] INFO  volume.OMVolumeCreateRequest (OMVolumeCreateRequest.java:validateAndUpdateCache(195)) - created volume:volume-64458 for user:runner
2022-06-27 16:57:54,674 [Time-limited test] INFO  rpc.RpcClient (RpcClient.java:createBucket(666)) - Creating Bucket: volume-64458/bucket-99877, with the Bucket Layout LEGACY, runner as owner, Versioning false, Storage Type set to DISK and Encryption set to false 
2022-06-27 16:57:54,677 [OM StateMachine ApplyTransaction Thread - 0] INFO  bucket.OMBucketCreateRequest (OMBucketCreateRequest.java:validateAndUpdateCache(260)) - created bucket: bucket-99877 of layout LEGACY in volume: volume-64458
]]></system-out>
  </testcase>
  <testcase name="testListStatusRootAndVolumeRecursive" classname="TestRootedOzoneFileSystem" time="1.69">
    <system-out><![CDATA[2022-06-27 16:59:14,494 [Time-limited test] INFO  rpc.RpcClient (RpcClient.java:createVolume(466)) - Creating Volume: volume17889, with user71035 as owner and space quota set to -1 bytes, counts quota set to -1
2022-06-27 16:59:14,497 [IPC Server handler 19 on default port 35065] INFO  volume.OMVolumeCreateRequest (OMVolumeCreateRequest.java:validateAndUpdateCache(195)) - created volume:volume17889 for user:user71035
2022-06-27 16:59:14,505 [Time-limited test] INFO  rpc.RpcClient (RpcClient.java:createBucket(666)) - Creating Bucket: volume17889/bucket99044, with the Bucket Layout LEGACY, runner as owner, Versioning false, Storage Type set to DISK and Encryption set to false 
2022-06-27 16:59:14,506 [IPC Server handler 18 on default port 35065] INFO  bucket.OMBucketCreateRequest (OMBucketCreateRequest.java:validateAndUpdateCache(260)) - created bucket: bucket99044 of layout LEGACY in volume: volume17889
16:59:14.508 [IPC Server handler 12 on default port 35065] ERROR OMAudit - user=runner | ip=127.0.0.1 | op=READ_BUCKET {volume=volume-90638, bucket=bucket-10991} | ret=FAILURE
org.apache.hadoop.ozone.om.exceptions.OMException: Volume not found when getting bucket info
	at org.apache.hadoop.ozone.om.BucketManagerImpl.getBucketInfo(BucketManagerImpl.java:127) ~[ozone-manager-1.3.0-SNAPSHOT.jar:?]
	at org.apache.hadoop.ozone.om.OzoneManager.getBucketInfo(OzoneManager.java:2778) ~[ozone-manager-1.3.0-SNAPSHOT.jar:?]
	at org.apache.hadoop.ozone.protocolPB.OzoneManagerRequestHandler.infoBucket(OzoneManagerRequestHandler.java:464) ~[ozone-manager-1.3.0-SNAPSHOT.jar:?]
	at org.apache.hadoop.ozone.protocolPB.OzoneManagerRequestHandler.handleReadRequest(OzoneManagerRequestHandler.java:172) ~[ozone-manager-1.3.0-SNAPSHOT.jar:?]
	at org.apache.hadoop.ozone.protocolPB.OzoneManagerProtocolServerSideTranslatorPB.submitRequestDirectlyToOM(OzoneManagerProtocolServerSideTranslatorPB.java:276) ~[ozone-manager-1.3.0-SNAPSHOT.jar:?]
	at org.apache.hadoop.ozone.protocolPB.OzoneManagerProtocolServerSideTranslatorPB.processRequest(OzoneManagerProtocolServerSideTranslatorPB.java:205) ~[ozone-manager-1.3.0-SNAPSHOT.jar:?]
	at org.apache.hadoop.hdds.server.OzoneProtocolMessageDispatcher.processRequest(OzoneProtocolMessageDispatcher.java:87) [hdds-server-framework-1.3.0-SNAPSHOT.jar:?]
	at org.apache.hadoop.ozone.protocolPB.OzoneManagerProtocolServerSideTranslatorPB.submitRequest(OzoneManagerProtocolServerSideTranslatorPB.java:147) [ozone-manager-1.3.0-SNAPSHOT.jar:?]
	at org.apache.hadoop.ozone.protocol.proto.OzoneManagerProtocolProtos$OzoneManagerService$2.callBlockingMethod(OzoneManagerProtocolProtos.java) [ozone-interface-client-1.3.0-SNAPSHOT.jar:?]
	at org.apache.hadoop.ipc.ProtobufRpcEngine$Server.processCall(ProtobufRpcEngine.java:466) [hadoop-common-3.3.1.jar:?]
	at org.apache.hadoop.ipc.ProtobufRpcEngine2$Server$ProtoBufRpcInvoker.call(ProtobufRpcEngine2.java:574) [hadoop-common-3.3.1.jar:?]
	at org.apache.hadoop.ipc.ProtobufRpcEngine2$Server$ProtoBufRpcInvoker.call(ProtobufRpcEngine2.java:552) [hadoop-common-3.3.1.jar:?]
	at org.apache.hadoop.ipc.RPC$Server.call(RPC.java:1093) [hadoop-common-3.3.1.jar:?]
	at org.apache.hadoop.ipc.Server$RpcCall.run(Server.java:1035) [hadoop-common-3.3.1.jar:?]
	at org.apache.hadoop.ipc.Server$RpcCall.run(Server.java:963) [hadoop-common-3.3.1.jar:?]
	at java.security.AccessController.doPrivileged(Native Method) ~[?:1.8.0_332]
	at javax.security.auth.Subject.doAs(Subject.java:422) [?:1.8.0_332]
	at org.apache.hadoop.security.UserGroupInformation.doAs(UserGroupInformation.java:1878) [hadoop-common-3.3.1.jar:?]
	at org.apache.hadoop.ipc.Server$Handler.run(Server.java:2966) [hadoop-common-3.3.1.jar:?]
2022-06-27 16:59:14,509 [Time-limited test] INFO  rpc.RpcClient (RpcClient.java:createVolume(466)) - Creating Volume: volume-90638, with runner as owner and space quota set to -1 bytes, counts quota set to -1
2022-06-27 16:59:14,509 [IPC Server handler 13 on default port 35065] INFO  volume.OMVolumeCreateRequest (OMVolumeCreateRequest.java:validateAndUpdateCache(195)) - created volume:volume-90638 for user:runner
2022-06-27 16:59:14,510 [Time-limited test] INFO  rpc.RpcClient (RpcClient.java:createBucket(666)) - Creating Bucket: volume-90638/bucket-10991, with the Bucket Layout LEGACY, runner as owner, Versioning false, Storage Type set to DISK and Encryption set to false 
2022-06-27 16:59:14,513 [IPC Server handler 5 on default port 35065] INFO  bucket.OMBucketCreateRequest (OMBucketCreateRequest.java:validateAndUpdateCache(260)) - created bucket: bucket-10991 of layout LEGACY in volume: volume-90638
16:59:15.205 [IPC Server handler 10 on default port 35065] ERROR OMAudit - user=runner | ip=127.0.0.1 | op=READ_BUCKET {volume=volume-91248, bucket=bucket-93525} | ret=FAILURE
org.apache.hadoop.ozone.om.exceptions.OMException: Volume not found when getting bucket info
	at org.apache.hadoop.ozone.om.BucketManagerImpl.getBucketInfo(BucketManagerImpl.java:127) ~[ozone-manager-1.3.0-SNAPSHOT.jar:?]
	at org.apache.hadoop.ozone.om.OzoneManager.getBucketInfo(OzoneManager.java:2778) ~[ozone-manager-1.3.0-SNAPSHOT.jar:?]
	at org.apache.hadoop.ozone.protocolPB.OzoneManagerRequestHandler.infoBucket(OzoneManagerRequestHandler.java:464) ~[ozone-manager-1.3.0-SNAPSHOT.jar:?]
	at org.apache.hadoop.ozone.protocolPB.OzoneManagerRequestHandler.handleReadRequest(OzoneManagerRequestHandler.java:172) ~[ozone-manager-1.3.0-SNAPSHOT.jar:?]
	at org.apache.hadoop.ozone.protocolPB.OzoneManagerProtocolServerSideTranslatorPB.submitRequestDirectlyToOM(OzoneManagerProtocolServerSideTranslatorPB.java:276) ~[ozone-manager-1.3.0-SNAPSHOT.jar:?]
	at org.apache.hadoop.ozone.protocolPB.OzoneManagerProtocolServerSideTranslatorPB.processRequest(OzoneManagerProtocolServerSideTranslatorPB.java:205) ~[ozone-manager-1.3.0-SNAPSHOT.jar:?]
	at org.apache.hadoop.hdds.server.OzoneProtocolMessageDispatcher.processRequest(OzoneProtocolMessageDispatcher.java:87) [hdds-server-framework-1.3.0-SNAPSHOT.jar:?]
	at org.apache.hadoop.ozone.protocolPB.OzoneManagerProtocolServerSideTranslatorPB.submitRequest(OzoneManagerProtocolServerSideTranslatorPB.java:147) [ozone-manager-1.3.0-SNAPSHOT.jar:?]
	at org.apache.hadoop.ozone.protocol.proto.OzoneManagerProtocolProtos$OzoneManagerService$2.callBlockingMethod(OzoneManagerProtocolProtos.java) [ozone-interface-client-1.3.0-SNAPSHOT.jar:?]
	at org.apache.hadoop.ipc.ProtobufRpcEngine$Server.processCall(ProtobufRpcEngine.java:466) [hadoop-common-3.3.1.jar:?]
	at org.apache.hadoop.ipc.ProtobufRpcEngine2$Server$ProtoBufRpcInvoker.call(ProtobufRpcEngine2.java:574) [hadoop-common-3.3.1.jar:?]
	at org.apache.hadoop.ipc.ProtobufRpcEngine2$Server$ProtoBufRpcInvoker.call(ProtobufRpcEngine2.java:552) [hadoop-common-3.3.1.jar:?]
	at org.apache.hadoop.ipc.RPC$Server.call(RPC.java:1093) [hadoop-common-3.3.1.jar:?]
	at org.apache.hadoop.ipc.Server$RpcCall.run(Server.java:1035) [hadoop-common-3.3.1.jar:?]
	at org.apache.hadoop.ipc.Server$RpcCall.run(Server.java:963) [hadoop-common-3.3.1.jar:?]
	at java.security.AccessController.doPrivileged(Native Method) ~[?:1.8.0_332]
	at javax.security.auth.Subject.doAs(Subject.java:422) [?:1.8.0_332]
	at org.apache.hadoop.security.UserGroupInformation.doAs(UserGroupInformation.java:1878) [hadoop-common-3.3.1.jar:?]
	at org.apache.hadoop.ipc.Server$Handler.run(Server.java:2966) [hadoop-common-3.3.1.jar:?]
2022-06-27 16:59:15,206 [Time-limited test] INFO  rpc.RpcClient (RpcClient.java:createVolume(466)) - Creating Volume: volume-91248, with runner as owner and space quota set to -1 bytes, counts quota set to -1
2022-06-27 16:59:15,207 [IPC Server handler 19 on default port 35065] INFO  volume.OMVolumeCreateRequest (OMVolumeCreateRequest.java:validateAndUpdateCache(195)) - created volume:volume-91248 for user:runner
2022-06-27 16:59:15,207 [Time-limited test] INFO  rpc.RpcClient (RpcClient.java:createBucket(666)) - Creating Bucket: volume-91248/bucket-93525, with the Bucket Layout LEGACY, runner as owner, Versioning false, Storage Type set to DISK and Encryption set to false 
2022-06-27 16:59:15,213 [IPC Server handler 18 on default port 35065] INFO  bucket.OMBucketCreateRequest (OMBucketCreateRequest.java:validateAndUpdateCache(260)) - created bucket: bucket-93525 of layout LEGACY in volume: volume-91248
2022-06-27 16:59:15,576 [c409d2f4-bf9d-4770-9a7f-bcc4e942f419@group-D1BB62754E78-FollowerState] INFO  impl.FollowerState (FollowerState.java:run(143)) - c409d2f4-bf9d-4770-9a7f-bcc4e942f419@group-D1BB62754E78-FollowerState: change to CANDIDATE, lastRpcElapsedTime:5043994659ns, electionTimeout:5043ms
2022-06-27 16:59:15,576 [c409d2f4-bf9d-4770-9a7f-bcc4e942f419@group-D1BB62754E78-FollowerState] INFO  impl.RoleInfo (RoleInfo.java:shutdownFollowerState(110)) - c409d2f4-bf9d-4770-9a7f-bcc4e942f419: shutdown c409d2f4-bf9d-4770-9a7f-bcc4e942f419@group-D1BB62754E78-FollowerState
2022-06-27 16:59:15,576 [c409d2f4-bf9d-4770-9a7f-bcc4e942f419@group-D1BB62754E78-FollowerState] INFO  server.RaftServer$Division (RaftServerImpl.java:setRole(299)) - c409d2f4-bf9d-4770-9a7f-bcc4e942f419@group-D1BB62754E78: changes role from  FOLLOWER to CANDIDATE at term 0 for changeToCandidate
2022-06-27 16:59:15,593 [c409d2f4-bf9d-4770-9a7f-bcc4e942f419@group-D1BB62754E78-FollowerState] INFO  server.RaftServerConfigKeys (ConfUtils.java:logGet(46)) - raft.server.leaderelection.pre-vote = false (custom)
2022-06-27 16:59:15,593 [c409d2f4-bf9d-4770-9a7f-bcc4e942f419@group-D1BB62754E78-FollowerState] INFO  impl.RoleInfo (RoleInfo.java:updateAndGet(139)) - c409d2f4-bf9d-4770-9a7f-bcc4e942f419: start c409d2f4-bf9d-4770-9a7f-bcc4e942f419@group-D1BB62754E78-LeaderElection75
2022-06-27 16:59:15,690 [c409d2f4-bf9d-4770-9a7f-bcc4e942f419@group-D1BB62754E78-LeaderElection75] INFO  impl.LeaderElection (LeaderElection.java:askForVotes(310)) - c409d2f4-bf9d-4770-9a7f-bcc4e942f419@group-D1BB62754E78-LeaderElection75 ELECTION round 0: submit vote requests at term 1 for -1: [c409d2f4-bf9d-4770-9a7f-bcc4e942f419|rpc:10.1.0.22:38629|priority:1], old=null
2022-06-27 16:59:15,690 [c409d2f4-bf9d-4770-9a7f-bcc4e942f419@group-D1BB62754E78-LeaderElection75] INFO  impl.LeaderElection (LeaderElection.java:askForVotes(312)) - c409d2f4-bf9d-4770-9a7f-bcc4e942f419@group-D1BB62754E78-LeaderElection75 ELECTION round 0: result PASSED (term=1)
2022-06-27 16:59:15,691 [c409d2f4-bf9d-4770-9a7f-bcc4e942f419@group-D1BB62754E78-LeaderElection75] INFO  impl.RoleInfo (RoleInfo.java:shutdownLeaderElection(130)) - c409d2f4-bf9d-4770-9a7f-bcc4e942f419: shutdown c409d2f4-bf9d-4770-9a7f-bcc4e942f419@group-D1BB62754E78-LeaderElection75
2022-06-27 16:59:15,691 [c409d2f4-bf9d-4770-9a7f-bcc4e942f419@group-D1BB62754E78-LeaderElection75] INFO  server.RaftServer$Division (RaftServerImpl.java:setRole(299)) - c409d2f4-bf9d-4770-9a7f-bcc4e942f419@group-D1BB62754E78: changes role from CANDIDATE to LEADER at term 1 for changeToLeader
2022-06-27 16:59:15,691 [c409d2f4-bf9d-4770-9a7f-bcc4e942f419@group-D1BB62754E78-LeaderElection75] INFO  ratis.XceiverServerRatis (XceiverServerRatis.java:handleLeaderChangedNotification(863)) - Leader change notification received for group: group-D1BB62754E78 with new leaderId: c409d2f4-bf9d-4770-9a7f-bcc4e942f419
2022-06-27 16:59:15,691 [c409d2f4-bf9d-4770-9a7f-bcc4e942f419@group-D1BB62754E78-LeaderElection75] INFO  server.RaftServer$Division (ServerState.java:setLeader(287)) - c409d2f4-bf9d-4770-9a7f-bcc4e942f419@group-D1BB62754E78: change Leader from null to c409d2f4-bf9d-4770-9a7f-bcc4e942f419 at term 1 for becomeLeader, leader elected after 5164ms
2022-06-27 16:59:15,691 [c409d2f4-bf9d-4770-9a7f-bcc4e942f419@group-D1BB62754E78-LeaderElection75] INFO  server.RaftServerConfigKeys (ConfUtils.java:logGet(46)) - raft.server.staging.catchup.gap = 1000 (default)
2022-06-27 16:59:15,691 [c409d2f4-bf9d-4770-9a7f-bcc4e942f419@group-D1BB62754E78-LeaderElection75] INFO  server.RaftServerConfigKeys (ConfUtils.java:logGet(46)) - raft.server.write.element-limit = 1024 (custom)
2022-06-27 16:59:15,691 [c409d2f4-bf9d-4770-9a7f-bcc4e942f419@group-D1BB62754E78-LeaderElection75] INFO  server.RaftServerConfigKeys (ConfUtils.java:logGet(46)) - raft.server.write.byte-limit = 1024 M (=1073741824) (custom)
2022-06-27 16:59:15,691 [c409d2f4-bf9d-4770-9a7f-bcc4e942f419@group-D1BB62754E78-LeaderElection75] INFO  server.RaftServerConfigKeys (ConfUtils.java:logGet(46)) - raft.server.watch.timeout = 180s (custom)
2022-06-27 16:59:15,691 [c409d2f4-bf9d-4770-9a7f-bcc4e942f419@group-D1BB62754E78-LeaderElection75] INFO  server.RaftServerConfigKeys (ConfUtils.java:logGet(46)) - raft.server.watch.timeout.denomination = 1s (default)
2022-06-27 16:59:15,691 [c409d2f4-bf9d-4770-9a7f-bcc4e942f419@group-D1BB62754E78-LeaderElection75] INFO  server.RaftServerConfigKeys (ConfUtils.java:logGet(46)) - raft.server.watch.element-limit = 65536 (default)
2022-06-27 16:59:15,692 [c409d2f4-bf9d-4770-9a7f-bcc4e942f419@group-D1BB62754E78-LeaderElection75] INFO  server.RaftServerConfigKeys (ConfUtils.java:logGet(46)) - raft.server.write.element-limit = 1024 (custom)
2022-06-27 16:59:15,692 [c409d2f4-bf9d-4770-9a7f-bcc4e942f419@group-D1BB62754E78-LeaderElection75] INFO  server.RaftServerConfigKeys (ConfUtils.java:logGet(46)) - raft.server.write.follower.gap.ratio.max = -1.0 (default)
2022-06-27 16:59:15,692 [c409d2f4-bf9d-4770-9a7f-bcc4e942f419@group-D1BB62754E78-LeaderElection75] INFO  impl.RoleInfo (RoleInfo.java:updateAndGet(139)) - c409d2f4-bf9d-4770-9a7f-bcc4e942f419: start c409d2f4-bf9d-4770-9a7f-bcc4e942f419@group-D1BB62754E78-LeaderStateImpl
2022-06-27 16:59:15,692 [c409d2f4-bf9d-4770-9a7f-bcc4e942f419@group-D1BB62754E78-LeaderElection75] INFO  segmented.SegmentedRaftLogWorker (SegmentedRaftLogWorker.java:startLogSegment(425)) - c409d2f4-bf9d-4770-9a7f-bcc4e942f419@group-D1BB62754E78-SegmentedRaftLogWorker: Starting segment from index:0
2022-06-27 16:59:15,693 [c409d2f4-bf9d-4770-9a7f-bcc4e942f419@group-D1BB62754E78-SegmentedRaftLogWorker] INFO  segmented.SegmentedRaftLogWorker (SegmentedRaftLogWorker.java:execute(629)) - c409d2f4-bf9d-4770-9a7f-bcc4e942f419@group-D1BB62754E78-SegmentedRaftLogWorker: created new log segment /home/runner/work/ozone/ozone/hadoop-ozone/integration-test/target/test-dir/MiniOzoneClusterImpl-9da5c95b-489f-4ace-b65d-e0c796cc3c87/datanode-3/data/ratis/3f1f9ee5-4006-49d8-b071-d1bb62754e78/current/log_inprogress_0
2022-06-27 16:59:15,714 [c409d2f4-bf9d-4770-9a7f-bcc4e942f419@group-D1BB62754E78-LeaderElection75] INFO  server.RaftServer$Division (ServerState.java:setRaftConf(393)) - c409d2f4-bf9d-4770-9a7f-bcc4e942f419@group-D1BB62754E78: set configuration 0: [c409d2f4-bf9d-4770-9a7f-bcc4e942f419|rpc:10.1.0.22:38629|dataStream:|priority:1], old=null
2022-06-27 16:59:16,021 [0dd50b48-e2e1-49cf-998a-2c9ab0a66ce5@group-601D77DA023D-FollowerState] INFO  impl.FollowerState (FollowerState.java:run(143)) - 0dd50b48-e2e1-49cf-998a-2c9ab0a66ce5@group-601D77DA023D-FollowerState: change to CANDIDATE, lastRpcElapsedTime:5153527638ns, electionTimeout:5151ms
2022-06-27 16:59:16,021 [0dd50b48-e2e1-49cf-998a-2c9ab0a66ce5@group-601D77DA023D-FollowerState] INFO  impl.RoleInfo (RoleInfo.java:shutdownFollowerState(110)) - 0dd50b48-e2e1-49cf-998a-2c9ab0a66ce5: shutdown 0dd50b48-e2e1-49cf-998a-2c9ab0a66ce5@group-601D77DA023D-FollowerState
2022-06-27 16:59:16,021 [0dd50b48-e2e1-49cf-998a-2c9ab0a66ce5@group-601D77DA023D-FollowerState] INFO  server.RaftServer$Division (RaftServerImpl.java:setRole(299)) - 0dd50b48-e2e1-49cf-998a-2c9ab0a66ce5@group-601D77DA023D: changes role from  FOLLOWER to CANDIDATE at term 0 for changeToCandidate
2022-06-27 16:59:16,021 [0dd50b48-e2e1-49cf-998a-2c9ab0a66ce5@group-601D77DA023D-FollowerState] INFO  server.RaftServerConfigKeys (ConfUtils.java:logGet(46)) - raft.server.leaderelection.pre-vote = false (custom)
2022-06-27 16:59:16,021 [0dd50b48-e2e1-49cf-998a-2c9ab0a66ce5@group-601D77DA023D-FollowerState] INFO  impl.RoleInfo (RoleInfo.java:updateAndGet(139)) - 0dd50b48-e2e1-49cf-998a-2c9ab0a66ce5: start 0dd50b48-e2e1-49cf-998a-2c9ab0a66ce5@group-601D77DA023D-LeaderElection76
2022-06-27 16:59:16,089 [0dd50b48-e2e1-49cf-998a-2c9ab0a66ce5@group-601D77DA023D-LeaderElection76] INFO  impl.LeaderElection (LeaderElection.java:askForVotes(310)) - 0dd50b48-e2e1-49cf-998a-2c9ab0a66ce5@group-601D77DA023D-LeaderElection76 ELECTION round 0: submit vote requests at term 1 for -1: [0dd50b48-e2e1-49cf-998a-2c9ab0a66ce5|rpc:10.1.0.22:34597|priority:1], old=null
2022-06-27 16:59:16,089 [0dd50b48-e2e1-49cf-998a-2c9ab0a66ce5@group-601D77DA023D-LeaderElection76] INFO  impl.LeaderElection (LeaderElection.java:askForVotes(312)) - 0dd50b48-e2e1-49cf-998a-2c9ab0a66ce5@group-601D77DA023D-LeaderElection76 ELECTION round 0: result PASSED (term=1)
2022-06-27 16:59:16,089 [0dd50b48-e2e1-49cf-998a-2c9ab0a66ce5@group-601D77DA023D-LeaderElection76] INFO  impl.RoleInfo (RoleInfo.java:shutdownLeaderElection(130)) - 0dd50b48-e2e1-49cf-998a-2c9ab0a66ce5: shutdown 0dd50b48-e2e1-49cf-998a-2c9ab0a66ce5@group-601D77DA023D-LeaderElection76
2022-06-27 16:59:16,089 [0dd50b48-e2e1-49cf-998a-2c9ab0a66ce5@group-601D77DA023D-LeaderElection76] INFO  server.RaftServer$Division (RaftServerImpl.java:setRole(299)) - 0dd50b48-e2e1-49cf-998a-2c9ab0a66ce5@group-601D77DA023D: changes role from CANDIDATE to LEADER at term 1 for changeToLeader
2022-06-27 16:59:16,089 [0dd50b48-e2e1-49cf-998a-2c9ab0a66ce5@group-601D77DA023D-LeaderElection76] INFO  ratis.XceiverServerRatis (XceiverServerRatis.java:handleLeaderChangedNotification(863)) - Leader change notification received for group: group-601D77DA023D with new leaderId: 0dd50b48-e2e1-49cf-998a-2c9ab0a66ce5
2022-06-27 16:59:16,089 [0dd50b48-e2e1-49cf-998a-2c9ab0a66ce5@group-601D77DA023D-LeaderElection76] INFO  server.RaftServer$Division (ServerState.java:setLeader(287)) - 0dd50b48-e2e1-49cf-998a-2c9ab0a66ce5@group-601D77DA023D: change Leader from null to 0dd50b48-e2e1-49cf-998a-2c9ab0a66ce5 at term 1 for becomeLeader, leader elected after 5233ms
2022-06-27 16:59:16,089 [0dd50b48-e2e1-49cf-998a-2c9ab0a66ce5@group-601D77DA023D-LeaderElection76] INFO  server.RaftServerConfigKeys (ConfUtils.java:logGet(46)) - raft.server.staging.catchup.gap = 1000 (default)
2022-06-27 16:59:16,089 [0dd50b48-e2e1-49cf-998a-2c9ab0a66ce5@group-601D77DA023D-LeaderElection76] INFO  server.RaftServerConfigKeys (ConfUtils.java:logGet(46)) - raft.server.write.element-limit = 1024 (custom)
2022-06-27 16:59:16,090 [0dd50b48-e2e1-49cf-998a-2c9ab0a66ce5@group-601D77DA023D-LeaderElection76] INFO  server.RaftServerConfigKeys (ConfUtils.java:logGet(46)) - raft.server.write.byte-limit = 1024 M (=1073741824) (custom)
2022-06-27 16:59:16,090 [0dd50b48-e2e1-49cf-998a-2c9ab0a66ce5@group-601D77DA023D-LeaderElection76] INFO  server.RaftServerConfigKeys (ConfUtils.java:logGet(46)) - raft.server.watch.timeout = 180s (custom)
2022-06-27 16:59:16,090 [0dd50b48-e2e1-49cf-998a-2c9ab0a66ce5@group-601D77DA023D-LeaderElection76] INFO  server.RaftServerConfigKeys (ConfUtils.java:logGet(46)) - raft.server.watch.timeout.denomination = 1s (default)
2022-06-27 16:59:16,090 [0dd50b48-e2e1-49cf-998a-2c9ab0a66ce5@group-601D77DA023D-LeaderElection76] INFO  server.RaftServerConfigKeys (ConfUtils.java:logGet(46)) - raft.server.watch.element-limit = 65536 (default)
2022-06-27 16:59:16,090 [0dd50b48-e2e1-49cf-998a-2c9ab0a66ce5@group-601D77DA023D-LeaderElection76] INFO  server.RaftServerConfigKeys (ConfUtils.java:logGet(46)) - raft.server.write.element-limit = 1024 (custom)
2022-06-27 16:59:16,090 [0dd50b48-e2e1-49cf-998a-2c9ab0a66ce5@group-601D77DA023D-LeaderElection76] INFO  server.RaftServerConfigKeys (ConfUtils.java:logGet(46)) - raft.server.write.follower.gap.ratio.max = -1.0 (default)
2022-06-27 16:59:16,090 [0dd50b48-e2e1-49cf-998a-2c9ab0a66ce5@group-601D77DA023D-LeaderElection76] INFO  impl.RoleInfo (RoleInfo.java:updateAndGet(139)) - 0dd50b48-e2e1-49cf-998a-2c9ab0a66ce5: start 0dd50b48-e2e1-49cf-998a-2c9ab0a66ce5@group-601D77DA023D-LeaderStateImpl
2022-06-27 16:59:16,090 [0dd50b48-e2e1-49cf-998a-2c9ab0a66ce5@group-601D77DA023D-LeaderElection76] INFO  segmented.SegmentedRaftLogWorker (SegmentedRaftLogWorker.java:startLogSegment(425)) - 0dd50b48-e2e1-49cf-998a-2c9ab0a66ce5@group-601D77DA023D-SegmentedRaftLogWorker: Starting segment from index:0
2022-06-27 16:59:16,094 [0dd50b48-e2e1-49cf-998a-2c9ab0a66ce5@group-601D77DA023D-SegmentedRaftLogWorker] INFO  segmented.SegmentedRaftLogWorker (SegmentedRaftLogWorker.java:execute(629)) - 0dd50b48-e2e1-49cf-998a-2c9ab0a66ce5@group-601D77DA023D-SegmentedRaftLogWorker: created new log segment /home/runner/work/ozone/ozone/hadoop-ozone/integration-test/target/test-dir/MiniOzoneClusterImpl-9da5c95b-489f-4ace-b65d-e0c796cc3c87/datanode-4/data/ratis/53773c8b-496f-47da-8746-601d77da023d/current/log_inprogress_0
]]></system-out>
  </testcase>
  <testcase name="testTempMount" classname="TestRootedOzoneFileSystem" time="0.181">
    <system-out><![CDATA[2022-06-27 16:54:30,163 [Time-limited test] INFO  rpc.RpcClient (RpcClient.java:createVolume(466)) - Creating Volume: volume35332, with user70815 as owner and space quota set to -1 bytes, counts quota set to -1
2022-06-27 16:54:30,166 [OM StateMachine ApplyTransaction Thread - 0] INFO  volume.OMVolumeCreateRequest (OMVolumeCreateRequest.java:validateAndUpdateCache(195)) - created volume:volume35332 for user:user70815
2022-06-27 16:54:30,172 [Time-limited test] INFO  rpc.RpcClient (RpcClient.java:createBucket(666)) - Creating Bucket: volume35332/bucket53998, with the Bucket Layout LEGACY, runner as owner, Versioning false, Storage Type set to DISK and Encryption set to false 
2022-06-27 16:54:30,174 [OM StateMachine ApplyTransaction Thread - 0] INFO  bucket.OMBucketCreateRequest (OMBucketCreateRequest.java:validateAndUpdateCache(260)) - created bucket: bucket53998 of layout LEGACY in volume: volume35332
2022-06-27 16:54:30,176 [Time-limited test] INFO  rpc.RpcClient (RpcClient.java:createVolume(466)) - Creating Volume: tmp, with runner as owner and space quota set to 9223372036854775807 bytes, counts quota set to 1000
2022-06-27 16:54:30,179 [OM StateMachine ApplyTransaction Thread - 0] INFO  volume.OMVolumeCreateRequest (OMVolumeCreateRequest.java:validateAndUpdateCache(195)) - created volume:tmp for user:runner
2022-06-27 16:54:30,184 [Time-limited test] INFO  rpc.RpcClient (RpcClient.java:createBucket(666)) - Creating Bucket: tmp/4bad0b8dd3074cd43f641c2ac22a3571, with the Bucket Layout LEGACY, runner as owner, Versioning false, Storage Type set to DISK and Encryption set to false 
2022-06-27 16:54:30,186 [OM StateMachine ApplyTransaction Thread - 0] INFO  bucket.OMBucketCreateRequest (OMBucketCreateRequest.java:validateAndUpdateCache(260)) - created bucket: 4bad0b8dd3074cd43f641c2ac22a3571 of layout LEGACY in volume: tmp
]]></system-out>
  </testcase>
  <testcase name="testTempMount" classname="TestRootedOzoneFileSystem" time="0.339">
    <system-out><![CDATA[2022-06-27 16:55:33,700 [Time-limited test] INFO  rpc.RpcClient (RpcClient.java:createVolume(466)) - Creating Volume: volume02868, with user28255 as owner and space quota set to -1 bytes, counts quota set to -1
2022-06-27 16:55:33,702 [OM StateMachine ApplyTransaction Thread - 0] INFO  volume.OMVolumeCreateRequest (OMVolumeCreateRequest.java:validateAndUpdateCache(195)) - created volume:volume02868 for user:user28255
2022-06-27 16:55:33,703 [Time-limited test] INFO  rpc.RpcClient (RpcClient.java:createBucket(666)) - Creating Bucket: volume02868/bucket71792, with the Bucket Layout LEGACY, runner as owner, Versioning false, Storage Type set to DISK and Encryption set to false 
2022-06-27 16:55:33,704 [OM StateMachine ApplyTransaction Thread - 0] INFO  bucket.OMBucketCreateRequest (OMBucketCreateRequest.java:validateAndUpdateCache(260)) - created bucket: bucket71792 of layout LEGACY in volume: volume02868
2022-06-27 16:55:33,705 [Time-limited test] INFO  rpc.RpcClient (RpcClient.java:createVolume(466)) - Creating Volume: tmp, with runner as owner and space quota set to 9223372036854775807 bytes, counts quota set to 1000
2022-06-27 16:55:33,706 [OM StateMachine ApplyTransaction Thread - 0] INFO  volume.OMVolumeCreateRequest (OMVolumeCreateRequest.java:validateAndUpdateCache(195)) - created volume:tmp for user:runner
16:55:33.709 [IPC Server handler 9 on default port 39955] ERROR OMAudit - user=runner | ip=127.0.0.1 | op=READ_BUCKET {volume=tmp, bucket=4bad0b8dd3074cd43f641c2ac22a3571} | ret=FAILURE
org.apache.hadoop.ozone.om.exceptions.OMException: Bucket not found
	at org.apache.hadoop.ozone.om.BucketManagerImpl.getBucketInfo(BucketManagerImpl.java:131) ~[ozone-manager-1.3.0-SNAPSHOT.jar:?]
	at org.apache.hadoop.ozone.om.OzoneManager.getBucketInfo(OzoneManager.java:2778) ~[ozone-manager-1.3.0-SNAPSHOT.jar:?]
	at org.apache.hadoop.ozone.protocolPB.OzoneManagerRequestHandler.infoBucket(OzoneManagerRequestHandler.java:464) ~[ozone-manager-1.3.0-SNAPSHOT.jar:?]
	at org.apache.hadoop.ozone.protocolPB.OzoneManagerRequestHandler.handleReadRequest(OzoneManagerRequestHandler.java:172) ~[ozone-manager-1.3.0-SNAPSHOT.jar:?]
	at org.apache.hadoop.ozone.protocolPB.OzoneManagerProtocolServerSideTranslatorPB.submitReadRequestToOM(OzoneManagerProtocolServerSideTranslatorPB.java:226) ~[ozone-manager-1.3.0-SNAPSHOT.jar:?]
	at org.apache.hadoop.ozone.protocolPB.OzoneManagerProtocolServerSideTranslatorPB.processRequest(OzoneManagerProtocolServerSideTranslatorPB.java:175) ~[ozone-manager-1.3.0-SNAPSHOT.jar:?]
	at org.apache.hadoop.hdds.server.OzoneProtocolMessageDispatcher.processRequest(OzoneProtocolMessageDispatcher.java:87) [hdds-server-framework-1.3.0-SNAPSHOT.jar:?]
	at org.apache.hadoop.ozone.protocolPB.OzoneManagerProtocolServerSideTranslatorPB.submitRequest(OzoneManagerProtocolServerSideTranslatorPB.java:147) [ozone-manager-1.3.0-SNAPSHOT.jar:?]
	at org.apache.hadoop.ozone.protocol.proto.OzoneManagerProtocolProtos$OzoneManagerService$2.callBlockingMethod(OzoneManagerProtocolProtos.java) [ozone-interface-client-1.3.0-SNAPSHOT.jar:?]
	at org.apache.hadoop.ipc.ProtobufRpcEngine$Server.processCall(ProtobufRpcEngine.java:466) [hadoop-common-3.3.1.jar:?]
	at org.apache.hadoop.ipc.ProtobufRpcEngine2$Server$ProtoBufRpcInvoker.call(ProtobufRpcEngine2.java:574) [hadoop-common-3.3.1.jar:?]
	at org.apache.hadoop.ipc.ProtobufRpcEngine2$Server$ProtoBufRpcInvoker.call(ProtobufRpcEngine2.java:552) [hadoop-common-3.3.1.jar:?]
	at org.apache.hadoop.ipc.RPC$Server.call(RPC.java:1093) [hadoop-common-3.3.1.jar:?]
	at org.apache.hadoop.ipc.Server$RpcCall.run(Server.java:1035) [hadoop-common-3.3.1.jar:?]
	at org.apache.hadoop.ipc.Server$RpcCall.run(Server.java:963) [hadoop-common-3.3.1.jar:?]
	at java.security.AccessController.doPrivileged(Native Method) ~[?:1.8.0_332]
	at javax.security.auth.Subject.doAs(Subject.java:422) [?:1.8.0_332]
	at org.apache.hadoop.security.UserGroupInformation.doAs(UserGroupInformation.java:1878) [hadoop-common-3.3.1.jar:?]
	at org.apache.hadoop.ipc.Server$Handler.run(Server.java:2966) [hadoop-common-3.3.1.jar:?]
16:55:33.709 [IPC Server handler 8 on default port 39955] ERROR OMAudit - user=runner | ip=127.0.0.1 | op=READ_BUCKET {volume=tmp, bucket=4bad0b8dd3074cd43f641c2ac22a3571} | ret=FAILURE
org.apache.hadoop.ozone.om.exceptions.OMException: Bucket not found
	at org.apache.hadoop.ozone.om.BucketManagerImpl.getBucketInfo(BucketManagerImpl.java:131) ~[ozone-manager-1.3.0-SNAPSHOT.jar:?]
	at org.apache.hadoop.ozone.om.OzoneManager.getBucketInfo(OzoneManager.java:2778) ~[ozone-manager-1.3.0-SNAPSHOT.jar:?]
	at org.apache.hadoop.ozone.protocolPB.OzoneManagerRequestHandler.infoBucket(OzoneManagerRequestHandler.java:464) ~[ozone-manager-1.3.0-SNAPSHOT.jar:?]
	at org.apache.hadoop.ozone.protocolPB.OzoneManagerRequestHandler.handleReadRequest(OzoneManagerRequestHandler.java:172) ~[ozone-manager-1.3.0-SNAPSHOT.jar:?]
	at org.apache.hadoop.ozone.protocolPB.OzoneManagerProtocolServerSideTranslatorPB.submitReadRequestToOM(OzoneManagerProtocolServerSideTranslatorPB.java:226) ~[ozone-manager-1.3.0-SNAPSHOT.jar:?]
	at org.apache.hadoop.ozone.protocolPB.OzoneManagerProtocolServerSideTranslatorPB.processRequest(OzoneManagerProtocolServerSideTranslatorPB.java:175) ~[ozone-manager-1.3.0-SNAPSHOT.jar:?]
	at org.apache.hadoop.hdds.server.OzoneProtocolMessageDispatcher.processRequest(OzoneProtocolMessageDispatcher.java:87) [hdds-server-framework-1.3.0-SNAPSHOT.jar:?]
	at org.apache.hadoop.ozone.protocolPB.OzoneManagerProtocolServerSideTranslatorPB.submitRequest(OzoneManagerProtocolServerSideTranslatorPB.java:147) [ozone-manager-1.3.0-SNAPSHOT.jar:?]
	at org.apache.hadoop.ozone.protocol.proto.OzoneManagerProtocolProtos$OzoneManagerService$2.callBlockingMethod(OzoneManagerProtocolProtos.java) [ozone-interface-client-1.3.0-SNAPSHOT.jar:?]
	at org.apache.hadoop.ipc.ProtobufRpcEngine$Server.processCall(ProtobufRpcEngine.java:466) [hadoop-common-3.3.1.jar:?]
	at org.apache.hadoop.ipc.ProtobufRpcEngine2$Server$ProtoBufRpcInvoker.call(ProtobufRpcEngine2.java:574) [hadoop-common-3.3.1.jar:?]
	at org.apache.hadoop.ipc.ProtobufRpcEngine2$Server$ProtoBufRpcInvoker.call(ProtobufRpcEngine2.java:552) [hadoop-common-3.3.1.jar:?]
	at org.apache.hadoop.ipc.RPC$Server.call(RPC.java:1093) [hadoop-common-3.3.1.jar:?]
	at org.apache.hadoop.ipc.Server$RpcCall.run(Server.java:1035) [hadoop-common-3.3.1.jar:?]
	at org.apache.hadoop.ipc.Server$RpcCall.run(Server.java:963) [hadoop-common-3.3.1.jar:?]
	at java.security.AccessController.doPrivileged(Native Method) ~[?:1.8.0_332]
	at javax.security.auth.Subject.doAs(Subject.java:422) [?:1.8.0_332]
	at org.apache.hadoop.security.UserGroupInformation.doAs(UserGroupInformation.java:1878) [hadoop-common-3.3.1.jar:?]
	at org.apache.hadoop.ipc.Server$Handler.run(Server.java:2966) [hadoop-common-3.3.1.jar:?]
2022-06-27 16:55:33,710 [Time-limited test] INFO  rpc.RpcClient (RpcClient.java:createBucket(666)) - Creating Bucket: tmp/4bad0b8dd3074cd43f641c2ac22a3571, with the Bucket Layout LEGACY, runner as owner, Versioning false, Storage Type set to DISK and Encryption set to false 
2022-06-27 16:55:33,711 [OM StateMachine ApplyTransaction Thread - 0] INFO  bucket.OMBucketCreateRequest (OMBucketCreateRequest.java:validateAndUpdateCache(260)) - created bucket: 4bad0b8dd3074cd43f641c2ac22a3571 of layout LEGACY in volume: tmp
]]></system-out>
  </testcase>
  <testcase name="testTempMount" classname="TestRootedOzoneFileSystem" time="0.456">
    <system-out><![CDATA[2022-06-27 16:56:41,989 [Time-limited test] INFO  rpc.RpcClient (RpcClient.java:createVolume(466)) - Creating Volume: volume76157, with user91520 as owner and space quota set to -1 bytes, counts quota set to -1
2022-06-27 16:56:41,990 [IPC Server handler 6 on default port 40407] INFO  volume.OMVolumeCreateRequest (OMVolumeCreateRequest.java:validateAndUpdateCache(195)) - created volume:volume76157 for user:user91520
2022-06-27 16:56:41,994 [Time-limited test] INFO  rpc.RpcClient (RpcClient.java:createBucket(666)) - Creating Bucket: volume76157/bucket72107, with the Bucket Layout LEGACY, runner as owner, Versioning false, Storage Type set to DISK and Encryption set to false 
2022-06-27 16:56:41,995 [IPC Server handler 10 on default port 40407] INFO  bucket.OMBucketCreateRequest (OMBucketCreateRequest.java:validateAndUpdateCache(260)) - created bucket: bucket72107 of layout LEGACY in volume: volume76157
2022-06-27 16:56:41,997 [Time-limited test] INFO  rpc.RpcClient (RpcClient.java:createVolume(466)) - Creating Volume: tmp, with runner as owner and space quota set to 9223372036854775807 bytes, counts quota set to 1000
2022-06-27 16:56:41,998 [IPC Server handler 12 on default port 40407] INFO  volume.OMVolumeCreateRequest (OMVolumeCreateRequest.java:validateAndUpdateCache(195)) - created volume:tmp for user:runner
16:56:42.041 [IPC Server handler 14 on default port 40407] ERROR OMAudit - user=runner | ip=127.0.0.1 | op=READ_BUCKET {volume=tmp, bucket=4bad0b8dd3074cd43f641c2ac22a3571} | ret=FAILURE
org.apache.hadoop.ozone.om.exceptions.OMException: Bucket not found
	at org.apache.hadoop.ozone.om.BucketManagerImpl.getBucketInfo(BucketManagerImpl.java:131) ~[ozone-manager-1.3.0-SNAPSHOT.jar:?]
	at org.apache.hadoop.ozone.om.OzoneManager.getBucketInfo(OzoneManager.java:2778) ~[ozone-manager-1.3.0-SNAPSHOT.jar:?]
	at org.apache.hadoop.ozone.protocolPB.OzoneManagerRequestHandler.infoBucket(OzoneManagerRequestHandler.java:464) ~[ozone-manager-1.3.0-SNAPSHOT.jar:?]
	at org.apache.hadoop.ozone.protocolPB.OzoneManagerRequestHandler.handleReadRequest(OzoneManagerRequestHandler.java:172) ~[ozone-manager-1.3.0-SNAPSHOT.jar:?]
	at org.apache.hadoop.ozone.protocolPB.OzoneManagerProtocolServerSideTranslatorPB.submitRequestDirectlyToOM(OzoneManagerProtocolServerSideTranslatorPB.java:276) ~[ozone-manager-1.3.0-SNAPSHOT.jar:?]
	at org.apache.hadoop.ozone.protocolPB.OzoneManagerProtocolServerSideTranslatorPB.processRequest(OzoneManagerProtocolServerSideTranslatorPB.java:205) ~[ozone-manager-1.3.0-SNAPSHOT.jar:?]
	at org.apache.hadoop.hdds.server.OzoneProtocolMessageDispatcher.processRequest(OzoneProtocolMessageDispatcher.java:87) [hdds-server-framework-1.3.0-SNAPSHOT.jar:?]
	at org.apache.hadoop.ozone.protocolPB.OzoneManagerProtocolServerSideTranslatorPB.submitRequest(OzoneManagerProtocolServerSideTranslatorPB.java:147) [ozone-manager-1.3.0-SNAPSHOT.jar:?]
	at org.apache.hadoop.ozone.protocol.proto.OzoneManagerProtocolProtos$OzoneManagerService$2.callBlockingMethod(OzoneManagerProtocolProtos.java) [ozone-interface-client-1.3.0-SNAPSHOT.jar:?]
	at org.apache.hadoop.ipc.ProtobufRpcEngine$Server.processCall(ProtobufRpcEngine.java:466) [hadoop-common-3.3.1.jar:?]
	at org.apache.hadoop.ipc.ProtobufRpcEngine2$Server$ProtoBufRpcInvoker.call(ProtobufRpcEngine2.java:574) [hadoop-common-3.3.1.jar:?]
	at org.apache.hadoop.ipc.ProtobufRpcEngine2$Server$ProtoBufRpcInvoker.call(ProtobufRpcEngine2.java:552) [hadoop-common-3.3.1.jar:?]
	at org.apache.hadoop.ipc.RPC$Server.call(RPC.java:1093) [hadoop-common-3.3.1.jar:?]
	at org.apache.hadoop.ipc.Server$RpcCall.run(Server.java:1035) [hadoop-common-3.3.1.jar:?]
	at org.apache.hadoop.ipc.Server$RpcCall.run(Server.java:963) [hadoop-common-3.3.1.jar:?]
	at java.security.AccessController.doPrivileged(Native Method) ~[?:1.8.0_332]
	at javax.security.auth.Subject.doAs(Subject.java:422) [?:1.8.0_332]
	at org.apache.hadoop.security.UserGroupInformation.doAs(UserGroupInformation.java:1878) [hadoop-common-3.3.1.jar:?]
	at org.apache.hadoop.ipc.Server$Handler.run(Server.java:2966) [hadoop-common-3.3.1.jar:?]
16:56:42.046 [IPC Server handler 15 on default port 40407] ERROR OMAudit - user=runner | ip=127.0.0.1 | op=READ_BUCKET {volume=tmp, bucket=4bad0b8dd3074cd43f641c2ac22a3571} | ret=FAILURE
org.apache.hadoop.ozone.om.exceptions.OMException: Bucket not found
	at org.apache.hadoop.ozone.om.BucketManagerImpl.getBucketInfo(BucketManagerImpl.java:131) ~[ozone-manager-1.3.0-SNAPSHOT.jar:?]
	at org.apache.hadoop.ozone.om.OzoneManager.getBucketInfo(OzoneManager.java:2778) ~[ozone-manager-1.3.0-SNAPSHOT.jar:?]
	at org.apache.hadoop.ozone.protocolPB.OzoneManagerRequestHandler.infoBucket(OzoneManagerRequestHandler.java:464) ~[ozone-manager-1.3.0-SNAPSHOT.jar:?]
	at org.apache.hadoop.ozone.protocolPB.OzoneManagerRequestHandler.handleReadRequest(OzoneManagerRequestHandler.java:172) ~[ozone-manager-1.3.0-SNAPSHOT.jar:?]
	at org.apache.hadoop.ozone.protocolPB.OzoneManagerProtocolServerSideTranslatorPB.submitRequestDirectlyToOM(OzoneManagerProtocolServerSideTranslatorPB.java:276) ~[ozone-manager-1.3.0-SNAPSHOT.jar:?]
	at org.apache.hadoop.ozone.protocolPB.OzoneManagerProtocolServerSideTranslatorPB.processRequest(OzoneManagerProtocolServerSideTranslatorPB.java:205) ~[ozone-manager-1.3.0-SNAPSHOT.jar:?]
	at org.apache.hadoop.hdds.server.OzoneProtocolMessageDispatcher.processRequest(OzoneProtocolMessageDispatcher.java:87) [hdds-server-framework-1.3.0-SNAPSHOT.jar:?]
	at org.apache.hadoop.ozone.protocolPB.OzoneManagerProtocolServerSideTranslatorPB.submitRequest(OzoneManagerProtocolServerSideTranslatorPB.java:147) [ozone-manager-1.3.0-SNAPSHOT.jar:?]
	at org.apache.hadoop.ozone.protocol.proto.OzoneManagerProtocolProtos$OzoneManagerService$2.callBlockingMethod(OzoneManagerProtocolProtos.java) [ozone-interface-client-1.3.0-SNAPSHOT.jar:?]
	at org.apache.hadoop.ipc.ProtobufRpcEngine$Server.processCall(ProtobufRpcEngine.java:466) [hadoop-common-3.3.1.jar:?]
	at org.apache.hadoop.ipc.ProtobufRpcEngine2$Server$ProtoBufRpcInvoker.call(ProtobufRpcEngine2.java:574) [hadoop-common-3.3.1.jar:?]
	at org.apache.hadoop.ipc.ProtobufRpcEngine2$Server$ProtoBufRpcInvoker.call(ProtobufRpcEngine2.java:552) [hadoop-common-3.3.1.jar:?]
	at org.apache.hadoop.ipc.RPC$Server.call(RPC.java:1093) [hadoop-common-3.3.1.jar:?]
	at org.apache.hadoop.ipc.Server$RpcCall.run(Server.java:1035) [hadoop-common-3.3.1.jar:?]
	at org.apache.hadoop.ipc.Server$RpcCall.run(Server.java:963) [hadoop-common-3.3.1.jar:?]
	at java.security.AccessController.doPrivileged(Native Method) ~[?:1.8.0_332]
	at javax.security.auth.Subject.doAs(Subject.java:422) [?:1.8.0_332]
	at org.apache.hadoop.security.UserGroupInformation.doAs(UserGroupInformation.java:1878) [hadoop-common-3.3.1.jar:?]
	at org.apache.hadoop.ipc.Server$Handler.run(Server.java:2966) [hadoop-common-3.3.1.jar:?]
2022-06-27 16:56:42,047 [Time-limited test] INFO  rpc.RpcClient (RpcClient.java:createBucket(666)) - Creating Bucket: tmp/4bad0b8dd3074cd43f641c2ac22a3571, with the Bucket Layout LEGACY, runner as owner, Versioning false, Storage Type set to DISK and Encryption set to false 
2022-06-27 16:56:42,047 [IPC Server handler 1 on default port 40407] INFO  bucket.OMBucketCreateRequest (OMBucketCreateRequest.java:validateAndUpdateCache(260)) - created bucket: 4bad0b8dd3074cd43f641c2ac22a3571 of layout LEGACY in volume: tmp
]]></system-out>
  </testcase>
  <testcase name="testTempMount" classname="TestRootedOzoneFileSystem" time="0.478">
    <system-out><![CDATA[2022-06-27 16:57:55,310 [Time-limited test] INFO  rpc.RpcClient (RpcClient.java:createVolume(466)) - Creating Volume: volume29875, with user81282 as owner and space quota set to -1 bytes, counts quota set to -1
2022-06-27 16:57:55,312 [OM StateMachine ApplyTransaction Thread - 0] INFO  volume.OMVolumeCreateRequest (OMVolumeCreateRequest.java:validateAndUpdateCache(195)) - created volume:volume29875 for user:user81282
2022-06-27 16:57:55,313 [Time-limited test] INFO  rpc.RpcClient (RpcClient.java:createBucket(666)) - Creating Bucket: volume29875/bucket79219, with the Bucket Layout LEGACY, runner as owner, Versioning false, Storage Type set to DISK and Encryption set to false 
2022-06-27 16:57:55,314 [OM StateMachine ApplyTransaction Thread - 0] INFO  bucket.OMBucketCreateRequest (OMBucketCreateRequest.java:validateAndUpdateCache(260)) - created bucket: bucket79219 of layout LEGACY in volume: volume29875
2022-06-27 16:57:55,315 [Time-limited test] INFO  rpc.RpcClient (RpcClient.java:createVolume(466)) - Creating Volume: tmp, with runner as owner and space quota set to 9223372036854775807 bytes, counts quota set to 1000
2022-06-27 16:57:55,316 [OM StateMachine ApplyTransaction Thread - 0] INFO  volume.OMVolumeCreateRequest (OMVolumeCreateRequest.java:validateAndUpdateCache(195)) - created volume:tmp for user:runner
16:57:55.317 [IPC Server handler 11 on default port 40965] ERROR OMAudit - user=runner | ip=127.0.0.1 | op=READ_BUCKET {volume=tmp, bucket=4bad0b8dd3074cd43f641c2ac22a3571} | ret=FAILURE
org.apache.hadoop.ozone.om.exceptions.OMException: Bucket not found
	at org.apache.hadoop.ozone.om.BucketManagerImpl.getBucketInfo(BucketManagerImpl.java:131) ~[ozone-manager-1.3.0-SNAPSHOT.jar:?]
	at org.apache.hadoop.ozone.om.OzoneManager.getBucketInfo(OzoneManager.java:2778) ~[ozone-manager-1.3.0-SNAPSHOT.jar:?]
	at org.apache.hadoop.ozone.protocolPB.OzoneManagerRequestHandler.infoBucket(OzoneManagerRequestHandler.java:464) ~[ozone-manager-1.3.0-SNAPSHOT.jar:?]
	at org.apache.hadoop.ozone.protocolPB.OzoneManagerRequestHandler.handleReadRequest(OzoneManagerRequestHandler.java:172) ~[ozone-manager-1.3.0-SNAPSHOT.jar:?]
	at org.apache.hadoop.ozone.protocolPB.OzoneManagerProtocolServerSideTranslatorPB.submitReadRequestToOM(OzoneManagerProtocolServerSideTranslatorPB.java:226) ~[ozone-manager-1.3.0-SNAPSHOT.jar:?]
	at org.apache.hadoop.ozone.protocolPB.OzoneManagerProtocolServerSideTranslatorPB.processRequest(OzoneManagerProtocolServerSideTranslatorPB.java:175) ~[ozone-manager-1.3.0-SNAPSHOT.jar:?]
	at org.apache.hadoop.hdds.server.OzoneProtocolMessageDispatcher.processRequest(OzoneProtocolMessageDispatcher.java:87) [hdds-server-framework-1.3.0-SNAPSHOT.jar:?]
	at org.apache.hadoop.ozone.protocolPB.OzoneManagerProtocolServerSideTranslatorPB.submitRequest(OzoneManagerProtocolServerSideTranslatorPB.java:147) [ozone-manager-1.3.0-SNAPSHOT.jar:?]
	at org.apache.hadoop.ozone.protocol.proto.OzoneManagerProtocolProtos$OzoneManagerService$2.callBlockingMethod(OzoneManagerProtocolProtos.java) [ozone-interface-client-1.3.0-SNAPSHOT.jar:?]
	at org.apache.hadoop.ipc.ProtobufRpcEngine$Server.processCall(ProtobufRpcEngine.java:466) [hadoop-common-3.3.1.jar:?]
	at org.apache.hadoop.ipc.ProtobufRpcEngine2$Server$ProtoBufRpcInvoker.call(ProtobufRpcEngine2.java:574) [hadoop-common-3.3.1.jar:?]
	at org.apache.hadoop.ipc.ProtobufRpcEngine2$Server$ProtoBufRpcInvoker.call(ProtobufRpcEngine2.java:552) [hadoop-common-3.3.1.jar:?]
	at org.apache.hadoop.ipc.RPC$Server.call(RPC.java:1093) [hadoop-common-3.3.1.jar:?]
	at org.apache.hadoop.ipc.Server$RpcCall.run(Server.java:1035) [hadoop-common-3.3.1.jar:?]
	at org.apache.hadoop.ipc.Server$RpcCall.run(Server.java:963) [hadoop-common-3.3.1.jar:?]
	at java.security.AccessController.doPrivileged(Native Method) ~[?:1.8.0_332]
	at javax.security.auth.Subject.doAs(Subject.java:422) [?:1.8.0_332]
	at org.apache.hadoop.security.UserGroupInformation.doAs(UserGroupInformation.java:1878) [hadoop-common-3.3.1.jar:?]
	at org.apache.hadoop.ipc.Server$Handler.run(Server.java:2966) [hadoop-common-3.3.1.jar:?]
16:57:55.321 [IPC Server handler 12 on default port 40965] ERROR OMAudit - user=runner | ip=127.0.0.1 | op=READ_BUCKET {volume=tmp, bucket=4bad0b8dd3074cd43f641c2ac22a3571} | ret=FAILURE
org.apache.hadoop.ozone.om.exceptions.OMException: Bucket not found
	at org.apache.hadoop.ozone.om.BucketManagerImpl.getBucketInfo(BucketManagerImpl.java:131) ~[ozone-manager-1.3.0-SNAPSHOT.jar:?]
	at org.apache.hadoop.ozone.om.OzoneManager.getBucketInfo(OzoneManager.java:2778) ~[ozone-manager-1.3.0-SNAPSHOT.jar:?]
	at org.apache.hadoop.ozone.protocolPB.OzoneManagerRequestHandler.infoBucket(OzoneManagerRequestHandler.java:464) ~[ozone-manager-1.3.0-SNAPSHOT.jar:?]
	at org.apache.hadoop.ozone.protocolPB.OzoneManagerRequestHandler.handleReadRequest(OzoneManagerRequestHandler.java:172) ~[ozone-manager-1.3.0-SNAPSHOT.jar:?]
	at org.apache.hadoop.ozone.protocolPB.OzoneManagerProtocolServerSideTranslatorPB.submitReadRequestToOM(OzoneManagerProtocolServerSideTranslatorPB.java:226) ~[ozone-manager-1.3.0-SNAPSHOT.jar:?]
	at org.apache.hadoop.ozone.protocolPB.OzoneManagerProtocolServerSideTranslatorPB.processRequest(OzoneManagerProtocolServerSideTranslatorPB.java:175) ~[ozone-manager-1.3.0-SNAPSHOT.jar:?]
	at org.apache.hadoop.hdds.server.OzoneProtocolMessageDispatcher.processRequest(OzoneProtocolMessageDispatcher.java:87) [hdds-server-framework-1.3.0-SNAPSHOT.jar:?]
	at org.apache.hadoop.ozone.protocolPB.OzoneManagerProtocolServerSideTranslatorPB.submitRequest(OzoneManagerProtocolServerSideTranslatorPB.java:147) [ozone-manager-1.3.0-SNAPSHOT.jar:?]
	at org.apache.hadoop.ozone.protocol.proto.OzoneManagerProtocolProtos$OzoneManagerService$2.callBlockingMethod(OzoneManagerProtocolProtos.java) [ozone-interface-client-1.3.0-SNAPSHOT.jar:?]
	at org.apache.hadoop.ipc.ProtobufRpcEngine$Server.processCall(ProtobufRpcEngine.java:466) [hadoop-common-3.3.1.jar:?]
	at org.apache.hadoop.ipc.ProtobufRpcEngine2$Server$ProtoBufRpcInvoker.call(ProtobufRpcEngine2.java:574) [hadoop-common-3.3.1.jar:?]
	at org.apache.hadoop.ipc.ProtobufRpcEngine2$Server$ProtoBufRpcInvoker.call(ProtobufRpcEngine2.java:552) [hadoop-common-3.3.1.jar:?]
	at org.apache.hadoop.ipc.RPC$Server.call(RPC.java:1093) [hadoop-common-3.3.1.jar:?]
	at org.apache.hadoop.ipc.Server$RpcCall.run(Server.java:1035) [hadoop-common-3.3.1.jar:?]
	at org.apache.hadoop.ipc.Server$RpcCall.run(Server.java:963) [hadoop-common-3.3.1.jar:?]
	at java.security.AccessController.doPrivileged(Native Method) ~[?:1.8.0_332]
	at javax.security.auth.Subject.doAs(Subject.java:422) [?:1.8.0_332]
	at org.apache.hadoop.security.UserGroupInformation.doAs(UserGroupInformation.java:1878) [hadoop-common-3.3.1.jar:?]
	at org.apache.hadoop.ipc.Server$Handler.run(Server.java:2966) [hadoop-common-3.3.1.jar:?]
2022-06-27 16:57:55,322 [Time-limited test] INFO  rpc.RpcClient (RpcClient.java:createBucket(666)) - Creating Bucket: tmp/4bad0b8dd3074cd43f641c2ac22a3571, with the Bucket Layout LEGACY, runner as owner, Versioning false, Storage Type set to DISK and Encryption set to false 
2022-06-27 16:57:55,323 [OM StateMachine ApplyTransaction Thread - 0] INFO  bucket.OMBucketCreateRequest (OMBucketCreateRequest.java:validateAndUpdateCache(260)) - created bucket: 4bad0b8dd3074cd43f641c2ac22a3571 of layout LEGACY in volume: tmp
]]></system-out>
  </testcase>
  <testcase name="testTempMount" classname="TestRootedOzoneFileSystem" time="0.577">
    <system-out><![CDATA[2022-06-27 16:59:16,112 [0dd50b48-e2e1-49cf-998a-2c9ab0a66ce5@group-601D77DA023D-LeaderElection76] INFO  server.RaftServer$Division (ServerState.java:setRaftConf(393)) - 0dd50b48-e2e1-49cf-998a-2c9ab0a66ce5@group-601D77DA023D: set configuration 0: [0dd50b48-e2e1-49cf-998a-2c9ab0a66ce5|rpc:10.1.0.22:34597|dataStream:|priority:1], old=null
2022-06-27 16:59:16,230 [Time-limited test] INFO  rpc.RpcClient (RpcClient.java:createVolume(466)) - Creating Volume: volume62759, with user77468 as owner and space quota set to -1 bytes, counts quota set to -1
2022-06-27 16:59:16,240 [IPC Server handler 3 on default port 35065] INFO  volume.OMVolumeCreateRequest (OMVolumeCreateRequest.java:validateAndUpdateCache(195)) - created volume:volume62759 for user:user77468
2022-06-27 16:59:16,253 [Time-limited test] INFO  rpc.RpcClient (RpcClient.java:createBucket(666)) - Creating Bucket: volume62759/bucket72257, with the Bucket Layout LEGACY, runner as owner, Versioning false, Storage Type set to DISK and Encryption set to false 
2022-06-27 16:59:16,253 [IPC Server handler 8 on default port 35065] INFO  bucket.OMBucketCreateRequest (OMBucketCreateRequest.java:validateAndUpdateCache(260)) - created bucket: bucket72257 of layout LEGACY in volume: volume62759
2022-06-27 16:59:16,254 [Time-limited test] INFO  rpc.RpcClient (RpcClient.java:createVolume(466)) - Creating Volume: tmp, with runner as owner and space quota set to 9223372036854775807 bytes, counts quota set to 1000
2022-06-27 16:59:16,255 [IPC Server handler 10 on default port 35065] INFO  volume.OMVolumeCreateRequest (OMVolumeCreateRequest.java:validateAndUpdateCache(195)) - created volume:tmp for user:runner
16:59:16.255 [IPC Server handler 16 on default port 35065] ERROR OMAudit - user=runner | ip=127.0.0.1 | op=READ_BUCKET {volume=tmp, bucket=4bad0b8dd3074cd43f641c2ac22a3571} | ret=FAILURE
org.apache.hadoop.ozone.om.exceptions.OMException: Bucket not found
	at org.apache.hadoop.ozone.om.BucketManagerImpl.getBucketInfo(BucketManagerImpl.java:131) ~[ozone-manager-1.3.0-SNAPSHOT.jar:?]
	at org.apache.hadoop.ozone.om.OzoneManager.getBucketInfo(OzoneManager.java:2778) ~[ozone-manager-1.3.0-SNAPSHOT.jar:?]
	at org.apache.hadoop.ozone.protocolPB.OzoneManagerRequestHandler.infoBucket(OzoneManagerRequestHandler.java:464) ~[ozone-manager-1.3.0-SNAPSHOT.jar:?]
	at org.apache.hadoop.ozone.protocolPB.OzoneManagerRequestHandler.handleReadRequest(OzoneManagerRequestHandler.java:172) ~[ozone-manager-1.3.0-SNAPSHOT.jar:?]
	at org.apache.hadoop.ozone.protocolPB.OzoneManagerProtocolServerSideTranslatorPB.submitRequestDirectlyToOM(OzoneManagerProtocolServerSideTranslatorPB.java:276) ~[ozone-manager-1.3.0-SNAPSHOT.jar:?]
	at org.apache.hadoop.ozone.protocolPB.OzoneManagerProtocolServerSideTranslatorPB.processRequest(OzoneManagerProtocolServerSideTranslatorPB.java:205) ~[ozone-manager-1.3.0-SNAPSHOT.jar:?]
	at org.apache.hadoop.hdds.server.OzoneProtocolMessageDispatcher.processRequest(OzoneProtocolMessageDispatcher.java:87) [hdds-server-framework-1.3.0-SNAPSHOT.jar:?]
	at org.apache.hadoop.ozone.protocolPB.OzoneManagerProtocolServerSideTranslatorPB.submitRequest(OzoneManagerProtocolServerSideTranslatorPB.java:147) [ozone-manager-1.3.0-SNAPSHOT.jar:?]
	at org.apache.hadoop.ozone.protocol.proto.OzoneManagerProtocolProtos$OzoneManagerService$2.callBlockingMethod(OzoneManagerProtocolProtos.java) [ozone-interface-client-1.3.0-SNAPSHOT.jar:?]
	at org.apache.hadoop.ipc.ProtobufRpcEngine$Server.processCall(ProtobufRpcEngine.java:466) [hadoop-common-3.3.1.jar:?]
	at org.apache.hadoop.ipc.ProtobufRpcEngine2$Server$ProtoBufRpcInvoker.call(ProtobufRpcEngine2.java:574) [hadoop-common-3.3.1.jar:?]
	at org.apache.hadoop.ipc.ProtobufRpcEngine2$Server$ProtoBufRpcInvoker.call(ProtobufRpcEngine2.java:552) [hadoop-common-3.3.1.jar:?]
	at org.apache.hadoop.ipc.RPC$Server.call(RPC.java:1093) [hadoop-common-3.3.1.jar:?]
	at org.apache.hadoop.ipc.Server$RpcCall.run(Server.java:1035) [hadoop-common-3.3.1.jar:?]
	at org.apache.hadoop.ipc.Server$RpcCall.run(Server.java:963) [hadoop-common-3.3.1.jar:?]
	at java.security.AccessController.doPrivileged(Native Method) ~[?:1.8.0_332]
	at javax.security.auth.Subject.doAs(Subject.java:422) [?:1.8.0_332]
	at org.apache.hadoop.security.UserGroupInformation.doAs(UserGroupInformation.java:1878) [hadoop-common-3.3.1.jar:?]
	at org.apache.hadoop.ipc.Server$Handler.run(Server.java:2966) [hadoop-common-3.3.1.jar:?]
16:59:16.256 [IPC Server handler 18 on default port 35065] ERROR OMAudit - user=runner | ip=127.0.0.1 | op=READ_BUCKET {volume=tmp, bucket=4bad0b8dd3074cd43f641c2ac22a3571} | ret=FAILURE
org.apache.hadoop.ozone.om.exceptions.OMException: Bucket not found
	at org.apache.hadoop.ozone.om.BucketManagerImpl.getBucketInfo(BucketManagerImpl.java:131) ~[ozone-manager-1.3.0-SNAPSHOT.jar:?]
	at org.apache.hadoop.ozone.om.OzoneManager.getBucketInfo(OzoneManager.java:2778) ~[ozone-manager-1.3.0-SNAPSHOT.jar:?]
	at org.apache.hadoop.ozone.protocolPB.OzoneManagerRequestHandler.infoBucket(OzoneManagerRequestHandler.java:464) ~[ozone-manager-1.3.0-SNAPSHOT.jar:?]
	at org.apache.hadoop.ozone.protocolPB.OzoneManagerRequestHandler.handleReadRequest(OzoneManagerRequestHandler.java:172) ~[ozone-manager-1.3.0-SNAPSHOT.jar:?]
	at org.apache.hadoop.ozone.protocolPB.OzoneManagerProtocolServerSideTranslatorPB.submitRequestDirectlyToOM(OzoneManagerProtocolServerSideTranslatorPB.java:276) ~[ozone-manager-1.3.0-SNAPSHOT.jar:?]
	at org.apache.hadoop.ozone.protocolPB.OzoneManagerProtocolServerSideTranslatorPB.processRequest(OzoneManagerProtocolServerSideTranslatorPB.java:205) ~[ozone-manager-1.3.0-SNAPSHOT.jar:?]
	at org.apache.hadoop.hdds.server.OzoneProtocolMessageDispatcher.processRequest(OzoneProtocolMessageDispatcher.java:87) [hdds-server-framework-1.3.0-SNAPSHOT.jar:?]
	at org.apache.hadoop.ozone.protocolPB.OzoneManagerProtocolServerSideTranslatorPB.submitRequest(OzoneManagerProtocolServerSideTranslatorPB.java:147) [ozone-manager-1.3.0-SNAPSHOT.jar:?]
	at org.apache.hadoop.ozone.protocol.proto.OzoneManagerProtocolProtos$OzoneManagerService$2.callBlockingMethod(OzoneManagerProtocolProtos.java) [ozone-interface-client-1.3.0-SNAPSHOT.jar:?]
	at org.apache.hadoop.ipc.ProtobufRpcEngine$Server.processCall(ProtobufRpcEngine.java:466) [hadoop-common-3.3.1.jar:?]
	at org.apache.hadoop.ipc.ProtobufRpcEngine2$Server$ProtoBufRpcInvoker.call(ProtobufRpcEngine2.java:574) [hadoop-common-3.3.1.jar:?]
	at org.apache.hadoop.ipc.ProtobufRpcEngine2$Server$ProtoBufRpcInvoker.call(ProtobufRpcEngine2.java:552) [hadoop-common-3.3.1.jar:?]
	at org.apache.hadoop.ipc.RPC$Server.call(RPC.java:1093) [hadoop-common-3.3.1.jar:?]
	at org.apache.hadoop.ipc.Server$RpcCall.run(Server.java:1035) [hadoop-common-3.3.1.jar:?]
	at org.apache.hadoop.ipc.Server$RpcCall.run(Server.java:963) [hadoop-common-3.3.1.jar:?]
	at java.security.AccessController.doPrivileged(Native Method) ~[?:1.8.0_332]
	at javax.security.auth.Subject.doAs(Subject.java:422) [?:1.8.0_332]
	at org.apache.hadoop.security.UserGroupInformation.doAs(UserGroupInformation.java:1878) [hadoop-common-3.3.1.jar:?]
	at org.apache.hadoop.ipc.Server$Handler.run(Server.java:2966) [hadoop-common-3.3.1.jar:?]
2022-06-27 16:59:16,259 [Time-limited test] INFO  rpc.RpcClient (RpcClient.java:createBucket(666)) - Creating Bucket: tmp/4bad0b8dd3074cd43f641c2ac22a3571, with the Bucket Layout LEGACY, runner as owner, Versioning false, Storage Type set to DISK and Encryption set to false 
2022-06-27 16:59:16,259 [IPC Server handler 15 on default port 35065] INFO  bucket.OMBucketCreateRequest (OMBucketCreateRequest.java:validateAndUpdateCache(260)) - created bucket: 4bad0b8dd3074cd43f641c2ac22a3571 of layout LEGACY in volume: tmp
]]></system-out>
  </testcase>
  <testcase name="testListStatusRootAndVolumeNonRecursive" classname="TestRootedOzoneFileSystem" time="0.27">
    <system-out><![CDATA[2022-06-27 16:54:30,339 [Time-limited test] INFO  rpc.RpcClient (RpcClient.java:createVolume(466)) - Creating Volume: volume92840, with user46102 as owner and space quota set to -1 bytes, counts quota set to -1
2022-06-27 16:54:30,342 [OM StateMachine ApplyTransaction Thread - 0] INFO  volume.OMVolumeCreateRequest (OMVolumeCreateRequest.java:validateAndUpdateCache(195)) - created volume:volume92840 for user:user46102
2022-06-27 16:54:30,344 [Time-limited test] INFO  rpc.RpcClient (RpcClient.java:createBucket(666)) - Creating Bucket: volume92840/bucket59294, with the Bucket Layout LEGACY, runner as owner, Versioning false, Storage Type set to DISK and Encryption set to false 
2022-06-27 16:54:30,347 [OM StateMachine ApplyTransaction Thread - 0] INFO  bucket.OMBucketCreateRequest (OMBucketCreateRequest.java:validateAndUpdateCache(260)) - created bucket: bucket59294 of layout LEGACY in volume: volume92840
2022-06-27 16:54:30,354 [Time-limited test] INFO  rpc.RpcClient (RpcClient.java:createVolume(466)) - Creating Volume: volume-71894, with runner as owner and space quota set to -1 bytes, counts quota set to -1
2022-06-27 16:54:30,356 [OM StateMachine ApplyTransaction Thread - 0] INFO  volume.OMVolumeCreateRequest (OMVolumeCreateRequest.java:validateAndUpdateCache(195)) - created volume:volume-71894 for user:runner
2022-06-27 16:54:30,358 [Time-limited test] INFO  rpc.RpcClient (RpcClient.java:createBucket(666)) - Creating Bucket: volume-71894/bucket-58963, with the Bucket Layout LEGACY, runner as owner, Versioning false, Storage Type set to DISK and Encryption set to false 
2022-06-27 16:54:30,362 [OM StateMachine ApplyTransaction Thread - 0] INFO  bucket.OMBucketCreateRequest (OMBucketCreateRequest.java:validateAndUpdateCache(260)) - created bucket: bucket-58963 of layout LEGACY in volume: volume-71894
2022-06-27 16:54:30,424 [Time-limited test] INFO  rpc.RpcClient (RpcClient.java:createVolume(466)) - Creating Volume: volume-80537, with runner as owner and space quota set to -1 bytes, counts quota set to -1
2022-06-27 16:54:30,427 [OM StateMachine ApplyTransaction Thread - 0] INFO  volume.OMVolumeCreateRequest (OMVolumeCreateRequest.java:validateAndUpdateCache(195)) - created volume:volume-80537 for user:runner
2022-06-27 16:54:30,430 [Time-limited test] INFO  rpc.RpcClient (RpcClient.java:createBucket(666)) - Creating Bucket: volume-80537/bucket-41840, with the Bucket Layout LEGACY, runner as owner, Versioning false, Storage Type set to DISK and Encryption set to false 
2022-06-27 16:54:30,432 [OM StateMachine ApplyTransaction Thread - 0] INFO  bucket.OMBucketCreateRequest (OMBucketCreateRequest.java:validateAndUpdateCache(260)) - created bucket: bucket-41840 of layout LEGACY in volume: volume-80537
]]></system-out>
  </testcase>
  <testcase name="testListStatusRootAndVolumeNonRecursive" classname="TestRootedOzoneFileSystem" time="0.481">
    <system-out><![CDATA[2022-06-27 16:55:33,979 [Time-limited test] INFO  rpc.RpcClient (RpcClient.java:createVolume(466)) - Creating Volume: volume43240, with user22835 as owner and space quota set to -1 bytes, counts quota set to -1
2022-06-27 16:55:33,981 [OM StateMachine ApplyTransaction Thread - 0] INFO  volume.OMVolumeCreateRequest (OMVolumeCreateRequest.java:validateAndUpdateCache(195)) - created volume:volume43240 for user:user22835
2022-06-27 16:55:33,983 [Time-limited test] INFO  rpc.RpcClient (RpcClient.java:createBucket(666)) - Creating Bucket: volume43240/bucket22377, with the Bucket Layout LEGACY, runner as owner, Versioning false, Storage Type set to DISK and Encryption set to false 
2022-06-27 16:55:33,984 [OM StateMachine ApplyTransaction Thread - 0] INFO  bucket.OMBucketCreateRequest (OMBucketCreateRequest.java:validateAndUpdateCache(260)) - created bucket: bucket22377 of layout LEGACY in volume: volume43240
16:55:33.989 [IPC Server handler 12 on default port 39955] ERROR OMAudit - user=runner | ip=127.0.0.1 | op=READ_BUCKET {volume=volume-58271, bucket=bucket-19433} | ret=FAILURE
org.apache.hadoop.ozone.om.exceptions.OMException: Volume not found when getting bucket info
	at org.apache.hadoop.ozone.om.BucketManagerImpl.getBucketInfo(BucketManagerImpl.java:127) ~[ozone-manager-1.3.0-SNAPSHOT.jar:?]
	at org.apache.hadoop.ozone.om.OzoneManager.getBucketInfo(OzoneManager.java:2778) ~[ozone-manager-1.3.0-SNAPSHOT.jar:?]
	at org.apache.hadoop.ozone.protocolPB.OzoneManagerRequestHandler.infoBucket(OzoneManagerRequestHandler.java:464) ~[ozone-manager-1.3.0-SNAPSHOT.jar:?]
	at org.apache.hadoop.ozone.protocolPB.OzoneManagerRequestHandler.handleReadRequest(OzoneManagerRequestHandler.java:172) ~[ozone-manager-1.3.0-SNAPSHOT.jar:?]
	at org.apache.hadoop.ozone.protocolPB.OzoneManagerProtocolServerSideTranslatorPB.submitReadRequestToOM(OzoneManagerProtocolServerSideTranslatorPB.java:226) ~[ozone-manager-1.3.0-SNAPSHOT.jar:?]
	at org.apache.hadoop.ozone.protocolPB.OzoneManagerProtocolServerSideTranslatorPB.processRequest(OzoneManagerProtocolServerSideTranslatorPB.java:175) ~[ozone-manager-1.3.0-SNAPSHOT.jar:?]
	at org.apache.hadoop.hdds.server.OzoneProtocolMessageDispatcher.processRequest(OzoneProtocolMessageDispatcher.java:87) [hdds-server-framework-1.3.0-SNAPSHOT.jar:?]
	at org.apache.hadoop.ozone.protocolPB.OzoneManagerProtocolServerSideTranslatorPB.submitRequest(OzoneManagerProtocolServerSideTranslatorPB.java:147) [ozone-manager-1.3.0-SNAPSHOT.jar:?]
	at org.apache.hadoop.ozone.protocol.proto.OzoneManagerProtocolProtos$OzoneManagerService$2.callBlockingMethod(OzoneManagerProtocolProtos.java) [ozone-interface-client-1.3.0-SNAPSHOT.jar:?]
	at org.apache.hadoop.ipc.ProtobufRpcEngine$Server.processCall(ProtobufRpcEngine.java:466) [hadoop-common-3.3.1.jar:?]
	at org.apache.hadoop.ipc.ProtobufRpcEngine2$Server$ProtoBufRpcInvoker.call(ProtobufRpcEngine2.java:574) [hadoop-common-3.3.1.jar:?]
	at org.apache.hadoop.ipc.ProtobufRpcEngine2$Server$ProtoBufRpcInvoker.call(ProtobufRpcEngine2.java:552) [hadoop-common-3.3.1.jar:?]
	at org.apache.hadoop.ipc.RPC$Server.call(RPC.java:1093) [hadoop-common-3.3.1.jar:?]
	at org.apache.hadoop.ipc.Server$RpcCall.run(Server.java:1035) [hadoop-common-3.3.1.jar:?]
	at org.apache.hadoop.ipc.Server$RpcCall.run(Server.java:963) [hadoop-common-3.3.1.jar:?]
	at java.security.AccessController.doPrivileged(Native Method) ~[?:1.8.0_332]
	at javax.security.auth.Subject.doAs(Subject.java:422) [?:1.8.0_332]
	at org.apache.hadoop.security.UserGroupInformation.doAs(UserGroupInformation.java:1878) [hadoop-common-3.3.1.jar:?]
	at org.apache.hadoop.ipc.Server$Handler.run(Server.java:2966) [hadoop-common-3.3.1.jar:?]
2022-06-27 16:55:33,990 [Time-limited test] INFO  rpc.RpcClient (RpcClient.java:createVolume(466)) - Creating Volume: volume-58271, with runner as owner and space quota set to -1 bytes, counts quota set to -1
2022-06-27 16:55:33,991 [OM StateMachine ApplyTransaction Thread - 0] INFO  volume.OMVolumeCreateRequest (OMVolumeCreateRequest.java:validateAndUpdateCache(195)) - created volume:volume-58271 for user:runner
2022-06-27 16:55:33,991 [Time-limited test] INFO  rpc.RpcClient (RpcClient.java:createBucket(666)) - Creating Bucket: volume-58271/bucket-19433, with the Bucket Layout LEGACY, runner as owner, Versioning false, Storage Type set to DISK and Encryption set to false 
2022-06-27 16:55:33,992 [OM StateMachine ApplyTransaction Thread - 0] INFO  bucket.OMBucketCreateRequest (OMBucketCreateRequest.java:validateAndUpdateCache(260)) - created bucket: bucket-19433 of layout LEGACY in volume: volume-58271
16:55:34.120 [IPC Server handler 1 on default port 39955] ERROR OMAudit - user=runner | ip=127.0.0.1 | op=READ_BUCKET {volume=volume-38604, bucket=bucket-36724} | ret=FAILURE
org.apache.hadoop.ozone.om.exceptions.OMException: Volume not found when getting bucket info
	at org.apache.hadoop.ozone.om.BucketManagerImpl.getBucketInfo(BucketManagerImpl.java:127) ~[ozone-manager-1.3.0-SNAPSHOT.jar:?]
	at org.apache.hadoop.ozone.om.OzoneManager.getBucketInfo(OzoneManager.java:2778) ~[ozone-manager-1.3.0-SNAPSHOT.jar:?]
	at org.apache.hadoop.ozone.protocolPB.OzoneManagerRequestHandler.infoBucket(OzoneManagerRequestHandler.java:464) ~[ozone-manager-1.3.0-SNAPSHOT.jar:?]
	at org.apache.hadoop.ozone.protocolPB.OzoneManagerRequestHandler.handleReadRequest(OzoneManagerRequestHandler.java:172) ~[ozone-manager-1.3.0-SNAPSHOT.jar:?]
	at org.apache.hadoop.ozone.protocolPB.OzoneManagerProtocolServerSideTranslatorPB.submitReadRequestToOM(OzoneManagerProtocolServerSideTranslatorPB.java:226) ~[ozone-manager-1.3.0-SNAPSHOT.jar:?]
	at org.apache.hadoop.ozone.protocolPB.OzoneManagerProtocolServerSideTranslatorPB.processRequest(OzoneManagerProtocolServerSideTranslatorPB.java:175) ~[ozone-manager-1.3.0-SNAPSHOT.jar:?]
	at org.apache.hadoop.hdds.server.OzoneProtocolMessageDispatcher.processRequest(OzoneProtocolMessageDispatcher.java:87) [hdds-server-framework-1.3.0-SNAPSHOT.jar:?]
	at org.apache.hadoop.ozone.protocolPB.OzoneManagerProtocolServerSideTranslatorPB.submitRequest(OzoneManagerProtocolServerSideTranslatorPB.java:147) [ozone-manager-1.3.0-SNAPSHOT.jar:?]
	at org.apache.hadoop.ozone.protocol.proto.OzoneManagerProtocolProtos$OzoneManagerService$2.callBlockingMethod(OzoneManagerProtocolProtos.java) [ozone-interface-client-1.3.0-SNAPSHOT.jar:?]
	at org.apache.hadoop.ipc.ProtobufRpcEngine$Server.processCall(ProtobufRpcEngine.java:466) [hadoop-common-3.3.1.jar:?]
	at org.apache.hadoop.ipc.ProtobufRpcEngine2$Server$ProtoBufRpcInvoker.call(ProtobufRpcEngine2.java:574) [hadoop-common-3.3.1.jar:?]
	at org.apache.hadoop.ipc.ProtobufRpcEngine2$Server$ProtoBufRpcInvoker.call(ProtobufRpcEngine2.java:552) [hadoop-common-3.3.1.jar:?]
	at org.apache.hadoop.ipc.RPC$Server.call(RPC.java:1093) [hadoop-common-3.3.1.jar:?]
	at org.apache.hadoop.ipc.Server$RpcCall.run(Server.java:1035) [hadoop-common-3.3.1.jar:?]
	at org.apache.hadoop.ipc.Server$RpcCall.run(Server.java:963) [hadoop-common-3.3.1.jar:?]
	at java.security.AccessController.doPrivileged(Native Method) ~[?:1.8.0_332]
	at javax.security.auth.Subject.doAs(Subject.java:422) [?:1.8.0_332]
	at org.apache.hadoop.security.UserGroupInformation.doAs(UserGroupInformation.java:1878) [hadoop-common-3.3.1.jar:?]
	at org.apache.hadoop.ipc.Server$Handler.run(Server.java:2966) [hadoop-common-3.3.1.jar:?]
2022-06-27 16:55:34,121 [Time-limited test] INFO  rpc.RpcClient (RpcClient.java:createVolume(466)) - Creating Volume: volume-38604, with runner as owner and space quota set to -1 bytes, counts quota set to -1
2022-06-27 16:55:34,125 [OM StateMachine ApplyTransaction Thread - 0] INFO  volume.OMVolumeCreateRequest (OMVolumeCreateRequest.java:validateAndUpdateCache(195)) - created volume:volume-38604 for user:runner
2022-06-27 16:55:34,126 [Time-limited test] INFO  rpc.RpcClient (RpcClient.java:createBucket(666)) - Creating Bucket: volume-38604/bucket-36724, with the Bucket Layout LEGACY, runner as owner, Versioning false, Storage Type set to DISK and Encryption set to false 
2022-06-27 16:55:34,127 [OM StateMachine ApplyTransaction Thread - 0] INFO  bucket.OMBucketCreateRequest (OMBucketCreateRequest.java:validateAndUpdateCache(260)) - created bucket: bucket-36724 of layout LEGACY in volume: volume-38604
]]></system-out>
  </testcase>
  <testcase name="testListStatusRootAndVolumeNonRecursive" classname="TestRootedOzoneFileSystem" time="0.669">
    <system-out><![CDATA[2022-06-27 16:56:42,501 [Time-limited test] INFO  rpc.RpcClient (RpcClient.java:createVolume(466)) - Creating Volume: volume08309, with user06533 as owner and space quota set to -1 bytes, counts quota set to -1
2022-06-27 16:56:42,505 [IPC Server handler 18 on default port 40407] INFO  volume.OMVolumeCreateRequest (OMVolumeCreateRequest.java:validateAndUpdateCache(195)) - created volume:volume08309 for user:user06533
2022-06-27 16:56:42,506 [Time-limited test] INFO  rpc.RpcClient (RpcClient.java:createBucket(666)) - Creating Bucket: volume08309/bucket83209, with the Bucket Layout LEGACY, runner as owner, Versioning false, Storage Type set to DISK and Encryption set to false 
2022-06-27 16:56:42,506 [IPC Server handler 16 on default port 40407] INFO  bucket.OMBucketCreateRequest (OMBucketCreateRequest.java:validateAndUpdateCache(260)) - created bucket: bucket83209 of layout LEGACY in volume: volume08309
16:56:42.508 [IPC Server handler 4 on default port 40407] ERROR OMAudit - user=runner | ip=127.0.0.1 | op=READ_BUCKET {volume=volume-03010, bucket=bucket-86215} | ret=FAILURE
org.apache.hadoop.ozone.om.exceptions.OMException: Volume not found when getting bucket info
	at org.apache.hadoop.ozone.om.BucketManagerImpl.getBucketInfo(BucketManagerImpl.java:127) ~[ozone-manager-1.3.0-SNAPSHOT.jar:?]
	at org.apache.hadoop.ozone.om.OzoneManager.getBucketInfo(OzoneManager.java:2778) ~[ozone-manager-1.3.0-SNAPSHOT.jar:?]
	at org.apache.hadoop.ozone.protocolPB.OzoneManagerRequestHandler.infoBucket(OzoneManagerRequestHandler.java:464) ~[ozone-manager-1.3.0-SNAPSHOT.jar:?]
	at org.apache.hadoop.ozone.protocolPB.OzoneManagerRequestHandler.handleReadRequest(OzoneManagerRequestHandler.java:172) ~[ozone-manager-1.3.0-SNAPSHOT.jar:?]
	at org.apache.hadoop.ozone.protocolPB.OzoneManagerProtocolServerSideTranslatorPB.submitRequestDirectlyToOM(OzoneManagerProtocolServerSideTranslatorPB.java:276) ~[ozone-manager-1.3.0-SNAPSHOT.jar:?]
	at org.apache.hadoop.ozone.protocolPB.OzoneManagerProtocolServerSideTranslatorPB.processRequest(OzoneManagerProtocolServerSideTranslatorPB.java:205) ~[ozone-manager-1.3.0-SNAPSHOT.jar:?]
	at org.apache.hadoop.hdds.server.OzoneProtocolMessageDispatcher.processRequest(OzoneProtocolMessageDispatcher.java:87) [hdds-server-framework-1.3.0-SNAPSHOT.jar:?]
	at org.apache.hadoop.ozone.protocolPB.OzoneManagerProtocolServerSideTranslatorPB.submitRequest(OzoneManagerProtocolServerSideTranslatorPB.java:147) [ozone-manager-1.3.0-SNAPSHOT.jar:?]
	at org.apache.hadoop.ozone.protocol.proto.OzoneManagerProtocolProtos$OzoneManagerService$2.callBlockingMethod(OzoneManagerProtocolProtos.java) [ozone-interface-client-1.3.0-SNAPSHOT.jar:?]
	at org.apache.hadoop.ipc.ProtobufRpcEngine$Server.processCall(ProtobufRpcEngine.java:466) [hadoop-common-3.3.1.jar:?]
	at org.apache.hadoop.ipc.ProtobufRpcEngine2$Server$ProtoBufRpcInvoker.call(ProtobufRpcEngine2.java:574) [hadoop-common-3.3.1.jar:?]
	at org.apache.hadoop.ipc.ProtobufRpcEngine2$Server$ProtoBufRpcInvoker.call(ProtobufRpcEngine2.java:552) [hadoop-common-3.3.1.jar:?]
	at org.apache.hadoop.ipc.RPC$Server.call(RPC.java:1093) [hadoop-common-3.3.1.jar:?]
	at org.apache.hadoop.ipc.Server$RpcCall.run(Server.java:1035) [hadoop-common-3.3.1.jar:?]
	at org.apache.hadoop.ipc.Server$RpcCall.run(Server.java:963) [hadoop-common-3.3.1.jar:?]
	at java.security.AccessController.doPrivileged(Native Method) ~[?:1.8.0_332]
	at javax.security.auth.Subject.doAs(Subject.java:422) [?:1.8.0_332]
	at org.apache.hadoop.security.UserGroupInformation.doAs(UserGroupInformation.java:1878) [hadoop-common-3.3.1.jar:?]
	at org.apache.hadoop.ipc.Server$Handler.run(Server.java:2966) [hadoop-common-3.3.1.jar:?]
2022-06-27 16:56:42,508 [Time-limited test] INFO  rpc.RpcClient (RpcClient.java:createVolume(466)) - Creating Volume: volume-03010, with runner as owner and space quota set to -1 bytes, counts quota set to -1
2022-06-27 16:56:42,509 [IPC Server handler 2 on default port 40407] INFO  volume.OMVolumeCreateRequest (OMVolumeCreateRequest.java:validateAndUpdateCache(195)) - created volume:volume-03010 for user:runner
2022-06-27 16:56:42,509 [Time-limited test] INFO  rpc.RpcClient (RpcClient.java:createBucket(666)) - Creating Bucket: volume-03010/bucket-86215, with the Bucket Layout LEGACY, runner as owner, Versioning false, Storage Type set to DISK and Encryption set to false 
2022-06-27 16:56:42,510 [IPC Server handler 5 on default port 40407] INFO  bucket.OMBucketCreateRequest (OMBucketCreateRequest.java:validateAndUpdateCache(260)) - created bucket: bucket-86215 of layout LEGACY in volume: volume-03010
16:56:42.738 [IPC Server handler 0 on default port 40407] ERROR OMAudit - user=runner | ip=127.0.0.1 | op=READ_BUCKET {volume=volume-16161, bucket=bucket-68017} | ret=FAILURE
org.apache.hadoop.ozone.om.exceptions.OMException: Volume not found when getting bucket info
	at org.apache.hadoop.ozone.om.BucketManagerImpl.getBucketInfo(BucketManagerImpl.java:127) ~[ozone-manager-1.3.0-SNAPSHOT.jar:?]
	at org.apache.hadoop.ozone.om.OzoneManager.getBucketInfo(OzoneManager.java:2778) ~[ozone-manager-1.3.0-SNAPSHOT.jar:?]
	at org.apache.hadoop.ozone.protocolPB.OzoneManagerRequestHandler.infoBucket(OzoneManagerRequestHandler.java:464) ~[ozone-manager-1.3.0-SNAPSHOT.jar:?]
	at org.apache.hadoop.ozone.protocolPB.OzoneManagerRequestHandler.handleReadRequest(OzoneManagerRequestHandler.java:172) ~[ozone-manager-1.3.0-SNAPSHOT.jar:?]
	at org.apache.hadoop.ozone.protocolPB.OzoneManagerProtocolServerSideTranslatorPB.submitRequestDirectlyToOM(OzoneManagerProtocolServerSideTranslatorPB.java:276) ~[ozone-manager-1.3.0-SNAPSHOT.jar:?]
	at org.apache.hadoop.ozone.protocolPB.OzoneManagerProtocolServerSideTranslatorPB.processRequest(OzoneManagerProtocolServerSideTranslatorPB.java:205) ~[ozone-manager-1.3.0-SNAPSHOT.jar:?]
	at org.apache.hadoop.hdds.server.OzoneProtocolMessageDispatcher.processRequest(OzoneProtocolMessageDispatcher.java:87) [hdds-server-framework-1.3.0-SNAPSHOT.jar:?]
	at org.apache.hadoop.ozone.protocolPB.OzoneManagerProtocolServerSideTranslatorPB.submitRequest(OzoneManagerProtocolServerSideTranslatorPB.java:147) [ozone-manager-1.3.0-SNAPSHOT.jar:?]
	at org.apache.hadoop.ozone.protocol.proto.OzoneManagerProtocolProtos$OzoneManagerService$2.callBlockingMethod(OzoneManagerProtocolProtos.java) [ozone-interface-client-1.3.0-SNAPSHOT.jar:?]
	at org.apache.hadoop.ipc.ProtobufRpcEngine$Server.processCall(ProtobufRpcEngine.java:466) [hadoop-common-3.3.1.jar:?]
	at org.apache.hadoop.ipc.ProtobufRpcEngine2$Server$ProtoBufRpcInvoker.call(ProtobufRpcEngine2.java:574) [hadoop-common-3.3.1.jar:?]
	at org.apache.hadoop.ipc.ProtobufRpcEngine2$Server$ProtoBufRpcInvoker.call(ProtobufRpcEngine2.java:552) [hadoop-common-3.3.1.jar:?]
	at org.apache.hadoop.ipc.RPC$Server.call(RPC.java:1093) [hadoop-common-3.3.1.jar:?]
	at org.apache.hadoop.ipc.Server$RpcCall.run(Server.java:1035) [hadoop-common-3.3.1.jar:?]
	at org.apache.hadoop.ipc.Server$RpcCall.run(Server.java:963) [hadoop-common-3.3.1.jar:?]
	at java.security.AccessController.doPrivileged(Native Method) ~[?:1.8.0_332]
	at javax.security.auth.Subject.doAs(Subject.java:422) [?:1.8.0_332]
	at org.apache.hadoop.security.UserGroupInformation.doAs(UserGroupInformation.java:1878) [hadoop-common-3.3.1.jar:?]
	at org.apache.hadoop.ipc.Server$Handler.run(Server.java:2966) [hadoop-common-3.3.1.jar:?]
2022-06-27 16:56:42,757 [Time-limited test] INFO  rpc.RpcClient (RpcClient.java:createVolume(466)) - Creating Volume: volume-16161, with runner as owner and space quota set to -1 bytes, counts quota set to -1
2022-06-27 16:56:42,761 [IPC Server handler 18 on default port 40407] INFO  volume.OMVolumeCreateRequest (OMVolumeCreateRequest.java:validateAndUpdateCache(195)) - created volume:volume-16161 for user:runner
2022-06-27 16:56:42,765 [Time-limited test] INFO  rpc.RpcClient (RpcClient.java:createBucket(666)) - Creating Bucket: volume-16161/bucket-68017, with the Bucket Layout LEGACY, runner as owner, Versioning false, Storage Type set to DISK and Encryption set to false 
2022-06-27 16:56:42,769 [IPC Server handler 16 on default port 40407] INFO  bucket.OMBucketCreateRequest (OMBucketCreateRequest.java:validateAndUpdateCache(260)) - created bucket: bucket-68017 of layout LEGACY in volume: volume-16161
]]></system-out>
  </testcase>
  <testcase name="testListStatusRootAndVolumeNonRecursive" classname="TestRootedOzoneFileSystem" time="0.962">
    <system-out><![CDATA[2022-06-27 16:57:55,851 [Time-limited test] INFO  rpc.RpcClient (RpcClient.java:createVolume(466)) - Creating Volume: volume53310, with user59951 as owner and space quota set to -1 bytes, counts quota set to -1
2022-06-27 16:57:55,875 [OM StateMachine ApplyTransaction Thread - 0] INFO  volume.OMVolumeCreateRequest (OMVolumeCreateRequest.java:validateAndUpdateCache(195)) - created volume:volume53310 for user:user59951
2022-06-27 16:57:55,877 [Time-limited test] INFO  rpc.RpcClient (RpcClient.java:createBucket(666)) - Creating Bucket: volume53310/bucket26899, with the Bucket Layout LEGACY, runner as owner, Versioning false, Storage Type set to DISK and Encryption set to false 
2022-06-27 16:57:55,878 [OM StateMachine ApplyTransaction Thread - 0] INFO  bucket.OMBucketCreateRequest (OMBucketCreateRequest.java:validateAndUpdateCache(260)) - created bucket: bucket26899 of layout LEGACY in volume: volume53310
16:57:55.887 [IPC Server handler 18 on default port 40965] ERROR OMAudit - user=runner | ip=127.0.0.1 | op=READ_BUCKET {volume=volume-70024, bucket=bucket-31929} | ret=FAILURE
org.apache.hadoop.ozone.om.exceptions.OMException: Volume not found when getting bucket info
	at org.apache.hadoop.ozone.om.BucketManagerImpl.getBucketInfo(BucketManagerImpl.java:127) ~[ozone-manager-1.3.0-SNAPSHOT.jar:?]
	at org.apache.hadoop.ozone.om.OzoneManager.getBucketInfo(OzoneManager.java:2778) ~[ozone-manager-1.3.0-SNAPSHOT.jar:?]
	at org.apache.hadoop.ozone.protocolPB.OzoneManagerRequestHandler.infoBucket(OzoneManagerRequestHandler.java:464) ~[ozone-manager-1.3.0-SNAPSHOT.jar:?]
	at org.apache.hadoop.ozone.protocolPB.OzoneManagerRequestHandler.handleReadRequest(OzoneManagerRequestHandler.java:172) ~[ozone-manager-1.3.0-SNAPSHOT.jar:?]
	at org.apache.hadoop.ozone.protocolPB.OzoneManagerProtocolServerSideTranslatorPB.submitReadRequestToOM(OzoneManagerProtocolServerSideTranslatorPB.java:226) ~[ozone-manager-1.3.0-SNAPSHOT.jar:?]
	at org.apache.hadoop.ozone.protocolPB.OzoneManagerProtocolServerSideTranslatorPB.processRequest(OzoneManagerProtocolServerSideTranslatorPB.java:175) ~[ozone-manager-1.3.0-SNAPSHOT.jar:?]
	at org.apache.hadoop.hdds.server.OzoneProtocolMessageDispatcher.processRequest(OzoneProtocolMessageDispatcher.java:87) [hdds-server-framework-1.3.0-SNAPSHOT.jar:?]
	at org.apache.hadoop.ozone.protocolPB.OzoneManagerProtocolServerSideTranslatorPB.submitRequest(OzoneManagerProtocolServerSideTranslatorPB.java:147) [ozone-manager-1.3.0-SNAPSHOT.jar:?]
	at org.apache.hadoop.ozone.protocol.proto.OzoneManagerProtocolProtos$OzoneManagerService$2.callBlockingMethod(OzoneManagerProtocolProtos.java) [ozone-interface-client-1.3.0-SNAPSHOT.jar:?]
	at org.apache.hadoop.ipc.ProtobufRpcEngine$Server.processCall(ProtobufRpcEngine.java:466) [hadoop-common-3.3.1.jar:?]
	at org.apache.hadoop.ipc.ProtobufRpcEngine2$Server$ProtoBufRpcInvoker.call(ProtobufRpcEngine2.java:574) [hadoop-common-3.3.1.jar:?]
	at org.apache.hadoop.ipc.ProtobufRpcEngine2$Server$ProtoBufRpcInvoker.call(ProtobufRpcEngine2.java:552) [hadoop-common-3.3.1.jar:?]
	at org.apache.hadoop.ipc.RPC$Server.call(RPC.java:1093) [hadoop-common-3.3.1.jar:?]
	at org.apache.hadoop.ipc.Server$RpcCall.run(Server.java:1035) [hadoop-common-3.3.1.jar:?]
	at org.apache.hadoop.ipc.Server$RpcCall.run(Server.java:963) [hadoop-common-3.3.1.jar:?]
	at java.security.AccessController.doPrivileged(Native Method) ~[?:1.8.0_332]
	at javax.security.auth.Subject.doAs(Subject.java:422) [?:1.8.0_332]
	at org.apache.hadoop.security.UserGroupInformation.doAs(UserGroupInformation.java:1878) [hadoop-common-3.3.1.jar:?]
	at org.apache.hadoop.ipc.Server$Handler.run(Server.java:2966) [hadoop-common-3.3.1.jar:?]
2022-06-27 16:57:55,888 [Time-limited test] INFO  rpc.RpcClient (RpcClient.java:createVolume(466)) - Creating Volume: volume-70024, with runner as owner and space quota set to -1 bytes, counts quota set to -1
2022-06-27 16:57:55,889 [OM StateMachine ApplyTransaction Thread - 0] INFO  volume.OMVolumeCreateRequest (OMVolumeCreateRequest.java:validateAndUpdateCache(195)) - created volume:volume-70024 for user:runner
2022-06-27 16:57:55,890 [Time-limited test] INFO  rpc.RpcClient (RpcClient.java:createBucket(666)) - Creating Bucket: volume-70024/bucket-31929, with the Bucket Layout LEGACY, runner as owner, Versioning false, Storage Type set to DISK and Encryption set to false 
2022-06-27 16:57:55,891 [OM StateMachine ApplyTransaction Thread - 0] INFO  bucket.OMBucketCreateRequest (OMBucketCreateRequest.java:validateAndUpdateCache(260)) - created bucket: bucket-31929 of layout LEGACY in volume: volume-70024
16:57:56.260 [IPC Server handler 0 on default port 40965] ERROR OMAudit - user=runner | ip=127.0.0.1 | op=READ_BUCKET {volume=volume-49629, bucket=bucket-70782} | ret=FAILURE
org.apache.hadoop.ozone.om.exceptions.OMException: Volume not found when getting bucket info
	at org.apache.hadoop.ozone.om.BucketManagerImpl.getBucketInfo(BucketManagerImpl.java:127) ~[ozone-manager-1.3.0-SNAPSHOT.jar:?]
	at org.apache.hadoop.ozone.om.OzoneManager.getBucketInfo(OzoneManager.java:2778) ~[ozone-manager-1.3.0-SNAPSHOT.jar:?]
	at org.apache.hadoop.ozone.protocolPB.OzoneManagerRequestHandler.infoBucket(OzoneManagerRequestHandler.java:464) ~[ozone-manager-1.3.0-SNAPSHOT.jar:?]
	at org.apache.hadoop.ozone.protocolPB.OzoneManagerRequestHandler.handleReadRequest(OzoneManagerRequestHandler.java:172) ~[ozone-manager-1.3.0-SNAPSHOT.jar:?]
	at org.apache.hadoop.ozone.protocolPB.OzoneManagerProtocolServerSideTranslatorPB.submitReadRequestToOM(OzoneManagerProtocolServerSideTranslatorPB.java:226) ~[ozone-manager-1.3.0-SNAPSHOT.jar:?]
	at org.apache.hadoop.ozone.protocolPB.OzoneManagerProtocolServerSideTranslatorPB.processRequest(OzoneManagerProtocolServerSideTranslatorPB.java:175) ~[ozone-manager-1.3.0-SNAPSHOT.jar:?]
	at org.apache.hadoop.hdds.server.OzoneProtocolMessageDispatcher.processRequest(OzoneProtocolMessageDispatcher.java:87) [hdds-server-framework-1.3.0-SNAPSHOT.jar:?]
	at org.apache.hadoop.ozone.protocolPB.OzoneManagerProtocolServerSideTranslatorPB.submitRequest(OzoneManagerProtocolServerSideTranslatorPB.java:147) [ozone-manager-1.3.0-SNAPSHOT.jar:?]
	at org.apache.hadoop.ozone.protocol.proto.OzoneManagerProtocolProtos$OzoneManagerService$2.callBlockingMethod(OzoneManagerProtocolProtos.java) [ozone-interface-client-1.3.0-SNAPSHOT.jar:?]
	at org.apache.hadoop.ipc.ProtobufRpcEngine$Server.processCall(ProtobufRpcEngine.java:466) [hadoop-common-3.3.1.jar:?]
	at org.apache.hadoop.ipc.ProtobufRpcEngine2$Server$ProtoBufRpcInvoker.call(ProtobufRpcEngine2.java:574) [hadoop-common-3.3.1.jar:?]
	at org.apache.hadoop.ipc.ProtobufRpcEngine2$Server$ProtoBufRpcInvoker.call(ProtobufRpcEngine2.java:552) [hadoop-common-3.3.1.jar:?]
	at org.apache.hadoop.ipc.RPC$Server.call(RPC.java:1093) [hadoop-common-3.3.1.jar:?]
	at org.apache.hadoop.ipc.Server$RpcCall.run(Server.java:1035) [hadoop-common-3.3.1.jar:?]
	at org.apache.hadoop.ipc.Server$RpcCall.run(Server.java:963) [hadoop-common-3.3.1.jar:?]
	at java.security.AccessController.doPrivileged(Native Method) ~[?:1.8.0_332]
	at javax.security.auth.Subject.doAs(Subject.java:422) [?:1.8.0_332]
	at org.apache.hadoop.security.UserGroupInformation.doAs(UserGroupInformation.java:1878) [hadoop-common-3.3.1.jar:?]
	at org.apache.hadoop.ipc.Server$Handler.run(Server.java:2966) [hadoop-common-3.3.1.jar:?]
2022-06-27 16:57:56,260 [Time-limited test] INFO  rpc.RpcClient (RpcClient.java:createVolume(466)) - Creating Volume: volume-49629, with runner as owner and space quota set to -1 bytes, counts quota set to -1
2022-06-27 16:57:56,265 [OM StateMachine ApplyTransaction Thread - 0] INFO  volume.OMVolumeCreateRequest (OMVolumeCreateRequest.java:validateAndUpdateCache(195)) - created volume:volume-49629 for user:runner
2022-06-27 16:57:56,266 [Time-limited test] INFO  rpc.RpcClient (RpcClient.java:createBucket(666)) - Creating Bucket: volume-49629/bucket-70782, with the Bucket Layout LEGACY, runner as owner, Versioning false, Storage Type set to DISK and Encryption set to false 
2022-06-27 16:57:56,267 [OM StateMachine ApplyTransaction Thread - 0] INFO  bucket.OMBucketCreateRequest (OMBucketCreateRequest.java:validateAndUpdateCache(260)) - created bucket: bucket-70782 of layout LEGACY in volume: volume-49629
]]></system-out>
  </testcase>
  <testcase name="testListStatusRootAndVolumeNonRecursive" classname="TestRootedOzoneFileSystem" time="0.841">
    <system-out><![CDATA[2022-06-27 16:59:16,823 [Time-limited test] INFO  rpc.RpcClient (RpcClient.java:createVolume(466)) - Creating Volume: volume55286, with user30268 as owner and space quota set to -1 bytes, counts quota set to -1
2022-06-27 16:59:16,823 [IPC Server handler 13 on default port 35065] INFO  volume.OMVolumeCreateRequest (OMVolumeCreateRequest.java:validateAndUpdateCache(195)) - created volume:volume55286 for user:user30268
2022-06-27 16:59:16,824 [Time-limited test] INFO  rpc.RpcClient (RpcClient.java:createBucket(666)) - Creating Bucket: volume55286/bucket90280, with the Bucket Layout LEGACY, runner as owner, Versioning false, Storage Type set to DISK and Encryption set to false 
2022-06-27 16:59:16,824 [IPC Server handler 5 on default port 35065] INFO  bucket.OMBucketCreateRequest (OMBucketCreateRequest.java:validateAndUpdateCache(260)) - created bucket: bucket90280 of layout LEGACY in volume: volume55286
16:59:16.834 [IPC Server handler 0 on default port 35065] ERROR OMAudit - user=runner | ip=127.0.0.1 | op=READ_BUCKET {volume=volume-21103, bucket=bucket-01064} | ret=FAILURE
org.apache.hadoop.ozone.om.exceptions.OMException: Volume not found when getting bucket info
	at org.apache.hadoop.ozone.om.BucketManagerImpl.getBucketInfo(BucketManagerImpl.java:127) ~[ozone-manager-1.3.0-SNAPSHOT.jar:?]
	at org.apache.hadoop.ozone.om.OzoneManager.getBucketInfo(OzoneManager.java:2778) ~[ozone-manager-1.3.0-SNAPSHOT.jar:?]
	at org.apache.hadoop.ozone.protocolPB.OzoneManagerRequestHandler.infoBucket(OzoneManagerRequestHandler.java:464) ~[ozone-manager-1.3.0-SNAPSHOT.jar:?]
	at org.apache.hadoop.ozone.protocolPB.OzoneManagerRequestHandler.handleReadRequest(OzoneManagerRequestHandler.java:172) ~[ozone-manager-1.3.0-SNAPSHOT.jar:?]
	at org.apache.hadoop.ozone.protocolPB.OzoneManagerProtocolServerSideTranslatorPB.submitRequestDirectlyToOM(OzoneManagerProtocolServerSideTranslatorPB.java:276) ~[ozone-manager-1.3.0-SNAPSHOT.jar:?]
	at org.apache.hadoop.ozone.protocolPB.OzoneManagerProtocolServerSideTranslatorPB.processRequest(OzoneManagerProtocolServerSideTranslatorPB.java:205) ~[ozone-manager-1.3.0-SNAPSHOT.jar:?]
	at org.apache.hadoop.hdds.server.OzoneProtocolMessageDispatcher.processRequest(OzoneProtocolMessageDispatcher.java:87) [hdds-server-framework-1.3.0-SNAPSHOT.jar:?]
	at org.apache.hadoop.ozone.protocolPB.OzoneManagerProtocolServerSideTranslatorPB.submitRequest(OzoneManagerProtocolServerSideTranslatorPB.java:147) [ozone-manager-1.3.0-SNAPSHOT.jar:?]
	at org.apache.hadoop.ozone.protocol.proto.OzoneManagerProtocolProtos$OzoneManagerService$2.callBlockingMethod(OzoneManagerProtocolProtos.java) [ozone-interface-client-1.3.0-SNAPSHOT.jar:?]
	at org.apache.hadoop.ipc.ProtobufRpcEngine$Server.processCall(ProtobufRpcEngine.java:466) [hadoop-common-3.3.1.jar:?]
	at org.apache.hadoop.ipc.ProtobufRpcEngine2$Server$ProtoBufRpcInvoker.call(ProtobufRpcEngine2.java:574) [hadoop-common-3.3.1.jar:?]
	at org.apache.hadoop.ipc.ProtobufRpcEngine2$Server$ProtoBufRpcInvoker.call(ProtobufRpcEngine2.java:552) [hadoop-common-3.3.1.jar:?]
	at org.apache.hadoop.ipc.RPC$Server.call(RPC.java:1093) [hadoop-common-3.3.1.jar:?]
	at org.apache.hadoop.ipc.Server$RpcCall.run(Server.java:1035) [hadoop-common-3.3.1.jar:?]
	at org.apache.hadoop.ipc.Server$RpcCall.run(Server.java:963) [hadoop-common-3.3.1.jar:?]
	at java.security.AccessController.doPrivileged(Native Method) ~[?:1.8.0_332]
	at javax.security.auth.Subject.doAs(Subject.java:422) [?:1.8.0_332]
	at org.apache.hadoop.security.UserGroupInformation.doAs(UserGroupInformation.java:1878) [hadoop-common-3.3.1.jar:?]
	at org.apache.hadoop.ipc.Server$Handler.run(Server.java:2966) [hadoop-common-3.3.1.jar:?]
2022-06-27 16:59:16,845 [Time-limited test] INFO  rpc.RpcClient (RpcClient.java:createVolume(466)) - Creating Volume: volume-21103, with runner as owner and space quota set to -1 bytes, counts quota set to -1
2022-06-27 16:59:16,846 [IPC Server handler 7 on default port 35065] INFO  volume.OMVolumeCreateRequest (OMVolumeCreateRequest.java:validateAndUpdateCache(195)) - created volume:volume-21103 for user:runner
2022-06-27 16:59:16,846 [Time-limited test] INFO  rpc.RpcClient (RpcClient.java:createBucket(666)) - Creating Bucket: volume-21103/bucket-01064, with the Bucket Layout LEGACY, runner as owner, Versioning false, Storage Type set to DISK and Encryption set to false 
2022-06-27 16:59:16,847 [IPC Server handler 4 on default port 35065] INFO  bucket.OMBucketCreateRequest (OMBucketCreateRequest.java:validateAndUpdateCache(260)) - created bucket: bucket-01064 of layout LEGACY in volume: volume-21103
16:59:17.103 [IPC Server handler 12 on default port 35065] ERROR OMAudit - user=runner | ip=127.0.0.1 | op=READ_BUCKET {volume=volume-53081, bucket=bucket-74155} | ret=FAILURE
org.apache.hadoop.ozone.om.exceptions.OMException: Volume not found when getting bucket info
	at org.apache.hadoop.ozone.om.BucketManagerImpl.getBucketInfo(BucketManagerImpl.java:127) ~[ozone-manager-1.3.0-SNAPSHOT.jar:?]
	at org.apache.hadoop.ozone.om.OzoneManager.getBucketInfo(OzoneManager.java:2778) ~[ozone-manager-1.3.0-SNAPSHOT.jar:?]
	at org.apache.hadoop.ozone.protocolPB.OzoneManagerRequestHandler.infoBucket(OzoneManagerRequestHandler.java:464) ~[ozone-manager-1.3.0-SNAPSHOT.jar:?]
	at org.apache.hadoop.ozone.protocolPB.OzoneManagerRequestHandler.handleReadRequest(OzoneManagerRequestHandler.java:172) ~[ozone-manager-1.3.0-SNAPSHOT.jar:?]
	at org.apache.hadoop.ozone.protocolPB.OzoneManagerProtocolServerSideTranslatorPB.submitRequestDirectlyToOM(OzoneManagerProtocolServerSideTranslatorPB.java:276) ~[ozone-manager-1.3.0-SNAPSHOT.jar:?]
	at org.apache.hadoop.ozone.protocolPB.OzoneManagerProtocolServerSideTranslatorPB.processRequest(OzoneManagerProtocolServerSideTranslatorPB.java:205) ~[ozone-manager-1.3.0-SNAPSHOT.jar:?]
	at org.apache.hadoop.hdds.server.OzoneProtocolMessageDispatcher.processRequest(OzoneProtocolMessageDispatcher.java:87) [hdds-server-framework-1.3.0-SNAPSHOT.jar:?]
	at org.apache.hadoop.ozone.protocolPB.OzoneManagerProtocolServerSideTranslatorPB.submitRequest(OzoneManagerProtocolServerSideTranslatorPB.java:147) [ozone-manager-1.3.0-SNAPSHOT.jar:?]
	at org.apache.hadoop.ozone.protocol.proto.OzoneManagerProtocolProtos$OzoneManagerService$2.callBlockingMethod(OzoneManagerProtocolProtos.java) [ozone-interface-client-1.3.0-SNAPSHOT.jar:?]
	at org.apache.hadoop.ipc.ProtobufRpcEngine$Server.processCall(ProtobufRpcEngine.java:466) [hadoop-common-3.3.1.jar:?]
	at org.apache.hadoop.ipc.ProtobufRpcEngine2$Server$ProtoBufRpcInvoker.call(ProtobufRpcEngine2.java:574) [hadoop-common-3.3.1.jar:?]
	at org.apache.hadoop.ipc.ProtobufRpcEngine2$Server$ProtoBufRpcInvoker.call(ProtobufRpcEngine2.java:552) [hadoop-common-3.3.1.jar:?]
	at org.apache.hadoop.ipc.RPC$Server.call(RPC.java:1093) [hadoop-common-3.3.1.jar:?]
	at org.apache.hadoop.ipc.Server$RpcCall.run(Server.java:1035) [hadoop-common-3.3.1.jar:?]
	at org.apache.hadoop.ipc.Server$RpcCall.run(Server.java:963) [hadoop-common-3.3.1.jar:?]
	at java.security.AccessController.doPrivileged(Native Method) ~[?:1.8.0_332]
	at javax.security.auth.Subject.doAs(Subject.java:422) [?:1.8.0_332]
	at org.apache.hadoop.security.UserGroupInformation.doAs(UserGroupInformation.java:1878) [hadoop-common-3.3.1.jar:?]
	at org.apache.hadoop.ipc.Server$Handler.run(Server.java:2966) [hadoop-common-3.3.1.jar:?]
2022-06-27 16:59:17,103 [Time-limited test] INFO  rpc.RpcClient (RpcClient.java:createVolume(466)) - Creating Volume: volume-53081, with runner as owner and space quota set to -1 bytes, counts quota set to -1
2022-06-27 16:59:17,104 [IPC Server handler 13 on default port 35065] INFO  volume.OMVolumeCreateRequest (OMVolumeCreateRequest.java:validateAndUpdateCache(195)) - created volume:volume-53081 for user:runner
2022-06-27 16:59:17,113 [Time-limited test] INFO  rpc.RpcClient (RpcClient.java:createBucket(666)) - Creating Bucket: volume-53081/bucket-74155, with the Bucket Layout LEGACY, runner as owner, Versioning false, Storage Type set to DISK and Encryption set to false 
2022-06-27 16:59:17,114 [IPC Server handler 5 on default port 35065] INFO  bucket.OMBucketCreateRequest (OMBucketCreateRequest.java:validateAndUpdateCache(260)) - created bucket: bucket-74155 of layout LEGACY in volume: volume-53081
]]></system-out>
  </testcase>
  <testcase name="testDeleteVolumeAndBucket" classname="TestRootedOzoneFileSystem" time="0.091">
    <system-out><![CDATA[2022-06-27 16:54:30,612 [Time-limited test] INFO  rpc.RpcClient (RpcClient.java:createVolume(466)) - Creating Volume: volume89316, with user12033 as owner and space quota set to -1 bytes, counts quota set to -1
2022-06-27 16:54:30,617 [OM StateMachine ApplyTransaction Thread - 0] INFO  volume.OMVolumeCreateRequest (OMVolumeCreateRequest.java:validateAndUpdateCache(195)) - created volume:volume89316 for user:user12033
2022-06-27 16:54:30,622 [Time-limited test] INFO  rpc.RpcClient (RpcClient.java:createBucket(666)) - Creating Bucket: volume89316/bucket02830, with the Bucket Layout LEGACY, runner as owner, Versioning false, Storage Type set to DISK and Encryption set to false 
2022-06-27 16:54:30,628 [OM StateMachine ApplyTransaction Thread - 0] INFO  bucket.OMBucketCreateRequest (OMBucketCreateRequest.java:validateAndUpdateCache(260)) - created bucket: bucket02830 of layout LEGACY in volume: volume89316
2022-06-27 16:54:30,631 [Time-limited test] INFO  rpc.RpcClient (RpcClient.java:createVolume(466)) - Creating Volume: volume-28897, with runner as owner and space quota set to -1 bytes, counts quota set to -1
2022-06-27 16:54:30,633 [OM StateMachine ApplyTransaction Thread - 0] INFO  volume.OMVolumeCreateRequest (OMVolumeCreateRequest.java:validateAndUpdateCache(195)) - created volume:volume-28897 for user:runner
2022-06-27 16:54:30,635 [Time-limited test] INFO  rpc.RpcClient (RpcClient.java:createBucket(666)) - Creating Bucket: volume-28897/bucket2, with the Bucket Layout LEGACY, runner as owner, Versioning false, Storage Type set to DISK and Encryption set to false 
2022-06-27 16:54:30,637 [OM StateMachine ApplyTransaction Thread - 0] INFO  bucket.OMBucketCreateRequest (OMBucketCreateRequest.java:validateAndUpdateCache(260)) - created bucket: bucket2 of layout LEGACY in volume: volume-28897
16:54:30.642 [OM StateMachine ApplyTransaction Thread - 0] ERROR OMAudit - user=runner | ip=127.0.0.1 | op=DELETE_VOLUME {volume=volume-28897} | ret=FAILURE
org.apache.hadoop.ozone.om.exceptions.OMException: null
	at org.apache.hadoop.ozone.om.request.volume.OMVolumeDeleteRequest.validateAndUpdateCache(OMVolumeDeleteRequest.java:122) ~[ozone-manager-1.3.0-SNAPSHOT.jar:?]
	at org.apache.hadoop.ozone.protocolPB.OzoneManagerRequestHandler.handleWriteRequest(OzoneManagerRequestHandler.java:293) ~[ozone-manager-1.3.0-SNAPSHOT.jar:?]
	at org.apache.hadoop.ozone.om.ratis.OzoneManagerStateMachine.runCommand(OzoneManagerStateMachine.java:529) ~[ozone-manager-1.3.0-SNAPSHOT.jar:?]
	at org.apache.hadoop.ozone.om.ratis.OzoneManagerStateMachine.lambda$1(OzoneManagerStateMachine.java:324) ~[ozone-manager-1.3.0-SNAPSHOT.jar:?]
	at java.util.concurrent.CompletableFuture$AsyncSupply.run(CompletableFuture.java:1604) [?:1.8.0_332]
	at java.util.concurrent.ThreadPoolExecutor.runWorker(ThreadPoolExecutor.java:1149) [?:1.8.0_332]
	at java.util.concurrent.ThreadPoolExecutor$Worker.run(ThreadPoolExecutor.java:624) [?:1.8.0_332]
	at java.lang.Thread.run(Thread.java:750) [?:1.8.0_332]
2022-06-27 16:54:30,643 [OM StateMachine ApplyTransaction Thread - 0] ERROR volume.OMVolumeDeleteRequest (OMVolumeDeleteRequest.java:validateAndUpdateCache(170)) - Volume deletion failed for user:runner volume:volume-28897
VOLUME_NOT_EMPTY org.apache.hadoop.ozone.om.exceptions.OMException
	at org.apache.hadoop.ozone.om.request.volume.OMVolumeDeleteRequest.validateAndUpdateCache(OMVolumeDeleteRequest.java:122)
	at org.apache.hadoop.ozone.protocolPB.OzoneManagerRequestHandler.handleWriteRequest(OzoneManagerRequestHandler.java:293)
	at org.apache.hadoop.ozone.om.ratis.OzoneManagerStateMachine.runCommand(OzoneManagerStateMachine.java:529)
	at org.apache.hadoop.ozone.om.ratis.OzoneManagerStateMachine.lambda$1(OzoneManagerStateMachine.java:324)
	at java.util.concurrent.CompletableFuture$AsyncSupply.run(CompletableFuture.java:1604)
	at java.util.concurrent.ThreadPoolExecutor.runWorker(ThreadPoolExecutor.java:1149)
	at java.util.concurrent.ThreadPoolExecutor$Worker.run(ThreadPoolExecutor.java:624)
	at java.lang.Thread.run(Thread.java:750)
]]></system-out>
  </testcase>
  <testcase name="testDeleteVolumeAndBucket" classname="TestRootedOzoneFileSystem" time="0.094">
    <system-out><![CDATA[2022-06-27 16:55:34,448 [Time-limited test] INFO  rpc.RpcClient (RpcClient.java:createVolume(466)) - Creating Volume: volume90060, with user71647 as owner and space quota set to -1 bytes, counts quota set to -1
2022-06-27 16:55:34,450 [OM StateMachine ApplyTransaction Thread - 0] INFO  volume.OMVolumeCreateRequest (OMVolumeCreateRequest.java:validateAndUpdateCache(195)) - created volume:volume90060 for user:user71647
2022-06-27 16:55:34,451 [Time-limited test] INFO  rpc.RpcClient (RpcClient.java:createBucket(666)) - Creating Bucket: volume90060/bucket48899, with the Bucket Layout LEGACY, runner as owner, Versioning false, Storage Type set to DISK and Encryption set to false 
2022-06-27 16:55:34,452 [OM StateMachine ApplyTransaction Thread - 0] INFO  bucket.OMBucketCreateRequest (OMBucketCreateRequest.java:validateAndUpdateCache(260)) - created bucket: bucket48899 of layout LEGACY in volume: volume90060
16:55:34.453 [IPC Server handler 9 on default port 39955] ERROR OMAudit - user=runner | ip=127.0.0.1 | op=READ_BUCKET {volume=volume-62159, bucket=bucket2} | ret=FAILURE
org.apache.hadoop.ozone.om.exceptions.OMException: Volume not found when getting bucket info
	at org.apache.hadoop.ozone.om.BucketManagerImpl.getBucketInfo(BucketManagerImpl.java:127) ~[ozone-manager-1.3.0-SNAPSHOT.jar:?]
	at org.apache.hadoop.ozone.om.OzoneManager.getBucketInfo(OzoneManager.java:2778) ~[ozone-manager-1.3.0-SNAPSHOT.jar:?]
	at org.apache.hadoop.ozone.protocolPB.OzoneManagerRequestHandler.infoBucket(OzoneManagerRequestHandler.java:464) ~[ozone-manager-1.3.0-SNAPSHOT.jar:?]
	at org.apache.hadoop.ozone.protocolPB.OzoneManagerRequestHandler.handleReadRequest(OzoneManagerRequestHandler.java:172) ~[ozone-manager-1.3.0-SNAPSHOT.jar:?]
	at org.apache.hadoop.ozone.protocolPB.OzoneManagerProtocolServerSideTranslatorPB.submitReadRequestToOM(OzoneManagerProtocolServerSideTranslatorPB.java:226) ~[ozone-manager-1.3.0-SNAPSHOT.jar:?]
	at org.apache.hadoop.ozone.protocolPB.OzoneManagerProtocolServerSideTranslatorPB.processRequest(OzoneManagerProtocolServerSideTranslatorPB.java:175) ~[ozone-manager-1.3.0-SNAPSHOT.jar:?]
	at org.apache.hadoop.hdds.server.OzoneProtocolMessageDispatcher.processRequest(OzoneProtocolMessageDispatcher.java:87) [hdds-server-framework-1.3.0-SNAPSHOT.jar:?]
	at org.apache.hadoop.ozone.protocolPB.OzoneManagerProtocolServerSideTranslatorPB.submitRequest(OzoneManagerProtocolServerSideTranslatorPB.java:147) [ozone-manager-1.3.0-SNAPSHOT.jar:?]
	at org.apache.hadoop.ozone.protocol.proto.OzoneManagerProtocolProtos$OzoneManagerService$2.callBlockingMethod(OzoneManagerProtocolProtos.java) [ozone-interface-client-1.3.0-SNAPSHOT.jar:?]
	at org.apache.hadoop.ipc.ProtobufRpcEngine$Server.processCall(ProtobufRpcEngine.java:466) [hadoop-common-3.3.1.jar:?]
	at org.apache.hadoop.ipc.ProtobufRpcEngine2$Server$ProtoBufRpcInvoker.call(ProtobufRpcEngine2.java:574) [hadoop-common-3.3.1.jar:?]
	at org.apache.hadoop.ipc.ProtobufRpcEngine2$Server$ProtoBufRpcInvoker.call(ProtobufRpcEngine2.java:552) [hadoop-common-3.3.1.jar:?]
	at org.apache.hadoop.ipc.RPC$Server.call(RPC.java:1093) [hadoop-common-3.3.1.jar:?]
	at org.apache.hadoop.ipc.Server$RpcCall.run(Server.java:1035) [hadoop-common-3.3.1.jar:?]
	at org.apache.hadoop.ipc.Server$RpcCall.run(Server.java:963) [hadoop-common-3.3.1.jar:?]
	at java.security.AccessController.doPrivileged(Native Method) ~[?:1.8.0_332]
	at javax.security.auth.Subject.doAs(Subject.java:422) [?:1.8.0_332]
	at org.apache.hadoop.security.UserGroupInformation.doAs(UserGroupInformation.java:1878) [hadoop-common-3.3.1.jar:?]
	at org.apache.hadoop.ipc.Server$Handler.run(Server.java:2966) [hadoop-common-3.3.1.jar:?]
2022-06-27 16:55:34,454 [Time-limited test] INFO  rpc.RpcClient (RpcClient.java:createVolume(466)) - Creating Volume: volume-62159, with runner as owner and space quota set to -1 bytes, counts quota set to -1
2022-06-27 16:55:34,455 [OM StateMachine ApplyTransaction Thread - 0] INFO  volume.OMVolumeCreateRequest (OMVolumeCreateRequest.java:validateAndUpdateCache(195)) - created volume:volume-62159 for user:runner
2022-06-27 16:55:34,457 [Time-limited test] INFO  rpc.RpcClient (RpcClient.java:createBucket(666)) - Creating Bucket: volume-62159/bucket2, with the Bucket Layout LEGACY, runner as owner, Versioning false, Storage Type set to DISK and Encryption set to false 
2022-06-27 16:55:34,458 [OM StateMachine ApplyTransaction Thread - 0] INFO  bucket.OMBucketCreateRequest (OMBucketCreateRequest.java:validateAndUpdateCache(260)) - created bucket: bucket2 of layout LEGACY in volume: volume-62159
16:55:34.463 [OM StateMachine ApplyTransaction Thread - 0] ERROR OMAudit - user=runner | ip=127.0.0.1 | op=DELETE_VOLUME {volume=volume-62159} | ret=FAILURE
org.apache.hadoop.ozone.om.exceptions.OMException: null
	at org.apache.hadoop.ozone.om.request.volume.OMVolumeDeleteRequest.validateAndUpdateCache(OMVolumeDeleteRequest.java:122) ~[ozone-manager-1.3.0-SNAPSHOT.jar:?]
	at org.apache.hadoop.ozone.protocolPB.OzoneManagerRequestHandler.handleWriteRequest(OzoneManagerRequestHandler.java:293) ~[ozone-manager-1.3.0-SNAPSHOT.jar:?]
	at org.apache.hadoop.ozone.om.ratis.OzoneManagerStateMachine.runCommand(OzoneManagerStateMachine.java:529) ~[ozone-manager-1.3.0-SNAPSHOT.jar:?]
	at org.apache.hadoop.ozone.om.ratis.OzoneManagerStateMachine.lambda$1(OzoneManagerStateMachine.java:324) ~[ozone-manager-1.3.0-SNAPSHOT.jar:?]
	at java.util.concurrent.CompletableFuture$AsyncSupply.run(CompletableFuture.java:1604) [?:1.8.0_332]
	at java.util.concurrent.ThreadPoolExecutor.runWorker(ThreadPoolExecutor.java:1149) [?:1.8.0_332]
	at java.util.concurrent.ThreadPoolExecutor$Worker.run(ThreadPoolExecutor.java:624) [?:1.8.0_332]
	at java.lang.Thread.run(Thread.java:750) [?:1.8.0_332]
2022-06-27 16:55:34,463 [OM StateMachine ApplyTransaction Thread - 0] ERROR volume.OMVolumeDeleteRequest (OMVolumeDeleteRequest.java:validateAndUpdateCache(170)) - Volume deletion failed for user:runner volume:volume-62159
VOLUME_NOT_EMPTY org.apache.hadoop.ozone.om.exceptions.OMException
	at org.apache.hadoop.ozone.om.request.volume.OMVolumeDeleteRequest.validateAndUpdateCache(OMVolumeDeleteRequest.java:122)
	at org.apache.hadoop.ozone.protocolPB.OzoneManagerRequestHandler.handleWriteRequest(OzoneManagerRequestHandler.java:293)
	at org.apache.hadoop.ozone.om.ratis.OzoneManagerStateMachine.runCommand(OzoneManagerStateMachine.java:529)
	at org.apache.hadoop.ozone.om.ratis.OzoneManagerStateMachine.lambda$1(OzoneManagerStateMachine.java:324)
	at java.util.concurrent.CompletableFuture$AsyncSupply.run(CompletableFuture.java:1604)
	at java.util.concurrent.ThreadPoolExecutor.runWorker(ThreadPoolExecutor.java:1149)
	at java.util.concurrent.ThreadPoolExecutor$Worker.run(ThreadPoolExecutor.java:624)
	at java.lang.Thread.run(Thread.java:750)
16:55:34.476 [IPC Server handler 1 on default port 39955] ERROR OMAudit - user=runner | ip=127.0.0.1 | op=READ_VOLUME {volume=volume-62159} | ret=FAILURE
org.apache.hadoop.ozone.om.exceptions.OMException: Volume volume-62159 is not found
	at org.apache.hadoop.ozone.om.VolumeManagerImpl.getVolumeInfo(VolumeManagerImpl.java:74) ~[ozone-manager-1.3.0-SNAPSHOT.jar:?]
	at org.apache.hadoop.ozone.om.OzoneManager.getVolumeInfo(OzoneManager.java:2602) ~[ozone-manager-1.3.0-SNAPSHOT.jar:?]
	at org.apache.hadoop.ozone.protocolPB.OzoneManagerRequestHandler.infoVolume(OzoneManagerRequestHandler.java:390) ~[ozone-manager-1.3.0-SNAPSHOT.jar:?]
	at org.apache.hadoop.ozone.protocolPB.OzoneManagerRequestHandler.handleReadRequest(OzoneManagerRequestHandler.java:162) ~[ozone-manager-1.3.0-SNAPSHOT.jar:?]
	at org.apache.hadoop.ozone.protocolPB.OzoneManagerProtocolServerSideTranslatorPB.submitReadRequestToOM(OzoneManagerProtocolServerSideTranslatorPB.java:226) ~[ozone-manager-1.3.0-SNAPSHOT.jar:?]
	at org.apache.hadoop.ozone.protocolPB.OzoneManagerProtocolServerSideTranslatorPB.processRequest(OzoneManagerProtocolServerSideTranslatorPB.java:175) ~[ozone-manager-1.3.0-SNAPSHOT.jar:?]
	at org.apache.hadoop.hdds.server.OzoneProtocolMessageDispatcher.processRequest(OzoneProtocolMessageDispatcher.java:87) [hdds-server-framework-1.3.0-SNAPSHOT.jar:?]
	at org.apache.hadoop.ozone.protocolPB.OzoneManagerProtocolServerSideTranslatorPB.submitRequest(OzoneManagerProtocolServerSideTranslatorPB.java:147) [ozone-manager-1.3.0-SNAPSHOT.jar:?]
	at org.apache.hadoop.ozone.protocol.proto.OzoneManagerProtocolProtos$OzoneManagerService$2.callBlockingMethod(OzoneManagerProtocolProtos.java) [ozone-interface-client-1.3.0-SNAPSHOT.jar:?]
	at org.apache.hadoop.ipc.ProtobufRpcEngine$Server.processCall(ProtobufRpcEngine.java:466) [hadoop-common-3.3.1.jar:?]
	at org.apache.hadoop.ipc.ProtobufRpcEngine2$Server$ProtoBufRpcInvoker.call(ProtobufRpcEngine2.java:574) [hadoop-common-3.3.1.jar:?]
	at org.apache.hadoop.ipc.ProtobufRpcEngine2$Server$ProtoBufRpcInvoker.call(ProtobufRpcEngine2.java:552) [hadoop-common-3.3.1.jar:?]
	at org.apache.hadoop.ipc.RPC$Server.call(RPC.java:1093) [hadoop-common-3.3.1.jar:?]
	at org.apache.hadoop.ipc.Server$RpcCall.run(Server.java:1035) [hadoop-common-3.3.1.jar:?]
	at org.apache.hadoop.ipc.Server$RpcCall.run(Server.java:963) [hadoop-common-3.3.1.jar:?]
	at java.security.AccessController.doPrivileged(Native Method) ~[?:1.8.0_332]
	at javax.security.auth.Subject.doAs(Subject.java:422) [?:1.8.0_332]
	at org.apache.hadoop.security.UserGroupInformation.doAs(UserGroupInformation.java:1878) [hadoop-common-3.3.1.jar:?]
	at org.apache.hadoop.ipc.Server$Handler.run(Server.java:2966) [hadoop-common-3.3.1.jar:?]
]]></system-out>
  </testcase>
  <testcase name="testDeleteVolumeAndBucket" classname="TestRootedOzoneFileSystem" time="0.101">
    <system-out><![CDATA[2022-06-27 16:56:43,098 [Time-limited test] INFO  rpc.RpcClient (RpcClient.java:createVolume(466)) - Creating Volume: volume44484, with user80988 as owner and space quota set to -1 bytes, counts quota set to -1
2022-06-27 16:56:43,099 [IPC Server handler 9 on default port 40407] INFO  volume.OMVolumeCreateRequest (OMVolumeCreateRequest.java:validateAndUpdateCache(195)) - created volume:volume44484 for user:user80988
2022-06-27 16:56:43,100 [Time-limited test] INFO  rpc.RpcClient (RpcClient.java:createBucket(666)) - Creating Bucket: volume44484/bucket87748, with the Bucket Layout LEGACY, runner as owner, Versioning false, Storage Type set to DISK and Encryption set to false 
2022-06-27 16:56:43,100 [IPC Server handler 11 on default port 40407] INFO  bucket.OMBucketCreateRequest (OMBucketCreateRequest.java:validateAndUpdateCache(260)) - created bucket: bucket87748 of layout LEGACY in volume: volume44484
16:56:43.102 [IPC Server handler 14 on default port 40407] ERROR OMAudit - user=runner | ip=127.0.0.1 | op=READ_BUCKET {volume=volume-30776, bucket=bucket2} | ret=FAILURE
org.apache.hadoop.ozone.om.exceptions.OMException: Volume not found when getting bucket info
	at org.apache.hadoop.ozone.om.BucketManagerImpl.getBucketInfo(BucketManagerImpl.java:127) ~[ozone-manager-1.3.0-SNAPSHOT.jar:?]
	at org.apache.hadoop.ozone.om.OzoneManager.getBucketInfo(OzoneManager.java:2778) ~[ozone-manager-1.3.0-SNAPSHOT.jar:?]
	at org.apache.hadoop.ozone.protocolPB.OzoneManagerRequestHandler.infoBucket(OzoneManagerRequestHandler.java:464) ~[ozone-manager-1.3.0-SNAPSHOT.jar:?]
	at org.apache.hadoop.ozone.protocolPB.OzoneManagerRequestHandler.handleReadRequest(OzoneManagerRequestHandler.java:172) ~[ozone-manager-1.3.0-SNAPSHOT.jar:?]
	at org.apache.hadoop.ozone.protocolPB.OzoneManagerProtocolServerSideTranslatorPB.submitRequestDirectlyToOM(OzoneManagerProtocolServerSideTranslatorPB.java:276) ~[ozone-manager-1.3.0-SNAPSHOT.jar:?]
	at org.apache.hadoop.ozone.protocolPB.OzoneManagerProtocolServerSideTranslatorPB.processRequest(OzoneManagerProtocolServerSideTranslatorPB.java:205) ~[ozone-manager-1.3.0-SNAPSHOT.jar:?]
	at org.apache.hadoop.hdds.server.OzoneProtocolMessageDispatcher.processRequest(OzoneProtocolMessageDispatcher.java:87) [hdds-server-framework-1.3.0-SNAPSHOT.jar:?]
	at org.apache.hadoop.ozone.protocolPB.OzoneManagerProtocolServerSideTranslatorPB.submitRequest(OzoneManagerProtocolServerSideTranslatorPB.java:147) [ozone-manager-1.3.0-SNAPSHOT.jar:?]
	at org.apache.hadoop.ozone.protocol.proto.OzoneManagerProtocolProtos$OzoneManagerService$2.callBlockingMethod(OzoneManagerProtocolProtos.java) [ozone-interface-client-1.3.0-SNAPSHOT.jar:?]
	at org.apache.hadoop.ipc.ProtobufRpcEngine$Server.processCall(ProtobufRpcEngine.java:466) [hadoop-common-3.3.1.jar:?]
	at org.apache.hadoop.ipc.ProtobufRpcEngine2$Server$ProtoBufRpcInvoker.call(ProtobufRpcEngine2.java:574) [hadoop-common-3.3.1.jar:?]
	at org.apache.hadoop.ipc.ProtobufRpcEngine2$Server$ProtoBufRpcInvoker.call(ProtobufRpcEngine2.java:552) [hadoop-common-3.3.1.jar:?]
	at org.apache.hadoop.ipc.RPC$Server.call(RPC.java:1093) [hadoop-common-3.3.1.jar:?]
	at org.apache.hadoop.ipc.Server$RpcCall.run(Server.java:1035) [hadoop-common-3.3.1.jar:?]
	at org.apache.hadoop.ipc.Server$RpcCall.run(Server.java:963) [hadoop-common-3.3.1.jar:?]
	at java.security.AccessController.doPrivileged(Native Method) ~[?:1.8.0_332]
	at javax.security.auth.Subject.doAs(Subject.java:422) [?:1.8.0_332]
	at org.apache.hadoop.security.UserGroupInformation.doAs(UserGroupInformation.java:1878) [hadoop-common-3.3.1.jar:?]
	at org.apache.hadoop.ipc.Server$Handler.run(Server.java:2966) [hadoop-common-3.3.1.jar:?]
2022-06-27 16:56:43,103 [Time-limited test] INFO  rpc.RpcClient (RpcClient.java:createVolume(466)) - Creating Volume: volume-30776, with runner as owner and space quota set to -1 bytes, counts quota set to -1
2022-06-27 16:56:43,104 [IPC Server handler 15 on default port 40407] INFO  volume.OMVolumeCreateRequest (OMVolumeCreateRequest.java:validateAndUpdateCache(195)) - created volume:volume-30776 for user:runner
2022-06-27 16:56:43,106 [Time-limited test] INFO  rpc.RpcClient (RpcClient.java:createBucket(666)) - Creating Bucket: volume-30776/bucket2, with the Bucket Layout LEGACY, runner as owner, Versioning false, Storage Type set to DISK and Encryption set to false 
2022-06-27 16:56:43,107 [IPC Server handler 1 on default port 40407] INFO  bucket.OMBucketCreateRequest (OMBucketCreateRequest.java:validateAndUpdateCache(260)) - created bucket: bucket2 of layout LEGACY in volume: volume-30776
16:56:43.109 [IPC Server handler 3 on default port 40407] ERROR OMAudit - user=runner | ip=127.0.0.1 | op=DELETE_VOLUME {volume=volume-30776} | ret=FAILURE
org.apache.hadoop.ozone.om.exceptions.OMException: null
	at org.apache.hadoop.ozone.om.request.volume.OMVolumeDeleteRequest.validateAndUpdateCache(OMVolumeDeleteRequest.java:122) ~[ozone-manager-1.3.0-SNAPSHOT.jar:?]
	at org.apache.hadoop.ozone.protocolPB.OzoneManagerRequestHandler.handleWriteRequest(OzoneManagerRequestHandler.java:293) ~[ozone-manager-1.3.0-SNAPSHOT.jar:?]
	at org.apache.hadoop.ozone.protocolPB.OzoneManagerProtocolServerSideTranslatorPB.submitRequestDirectlyToOM(OzoneManagerProtocolServerSideTranslatorPB.java:282) ~[ozone-manager-1.3.0-SNAPSHOT.jar:?]
	at org.apache.hadoop.ozone.protocolPB.OzoneManagerProtocolServerSideTranslatorPB.processRequest(OzoneManagerProtocolServerSideTranslatorPB.java:205) ~[ozone-manager-1.3.0-SNAPSHOT.jar:?]
	at org.apache.hadoop.hdds.server.OzoneProtocolMessageDispatcher.processRequest(OzoneProtocolMessageDispatcher.java:87) [hdds-server-framework-1.3.0-SNAPSHOT.jar:?]
	at org.apache.hadoop.ozone.protocolPB.OzoneManagerProtocolServerSideTranslatorPB.submitRequest(OzoneManagerProtocolServerSideTranslatorPB.java:147) [ozone-manager-1.3.0-SNAPSHOT.jar:?]
	at org.apache.hadoop.ozone.protocol.proto.OzoneManagerProtocolProtos$OzoneManagerService$2.callBlockingMethod(OzoneManagerProtocolProtos.java) [ozone-interface-client-1.3.0-SNAPSHOT.jar:?]
	at org.apache.hadoop.ipc.ProtobufRpcEngine$Server.processCall(ProtobufRpcEngine.java:466) [hadoop-common-3.3.1.jar:?]
	at org.apache.hadoop.ipc.ProtobufRpcEngine2$Server$ProtoBufRpcInvoker.call(ProtobufRpcEngine2.java:574) [hadoop-common-3.3.1.jar:?]
	at org.apache.hadoop.ipc.ProtobufRpcEngine2$Server$ProtoBufRpcInvoker.call(ProtobufRpcEngine2.java:552) [hadoop-common-3.3.1.jar:?]
	at org.apache.hadoop.ipc.RPC$Server.call(RPC.java:1093) [hadoop-common-3.3.1.jar:?]
	at org.apache.hadoop.ipc.Server$RpcCall.run(Server.java:1035) [hadoop-common-3.3.1.jar:?]
	at org.apache.hadoop.ipc.Server$RpcCall.run(Server.java:963) [hadoop-common-3.3.1.jar:?]
	at java.security.AccessController.doPrivileged(Native Method) ~[?:1.8.0_332]
	at javax.security.auth.Subject.doAs(Subject.java:422) [?:1.8.0_332]
	at org.apache.hadoop.security.UserGroupInformation.doAs(UserGroupInformation.java:1878) [hadoop-common-3.3.1.jar:?]
	at org.apache.hadoop.ipc.Server$Handler.run(Server.java:2966) [hadoop-common-3.3.1.jar:?]
2022-06-27 16:56:43,109 [IPC Server handler 3 on default port 40407] ERROR volume.OMVolumeDeleteRequest (OMVolumeDeleteRequest.java:validateAndUpdateCache(170)) - Volume deletion failed for user:runner volume:volume-30776
VOLUME_NOT_EMPTY org.apache.hadoop.ozone.om.exceptions.OMException
	at org.apache.hadoop.ozone.om.request.volume.OMVolumeDeleteRequest.validateAndUpdateCache(OMVolumeDeleteRequest.java:122)
	at org.apache.hadoop.ozone.protocolPB.OzoneManagerRequestHandler.handleWriteRequest(OzoneManagerRequestHandler.java:293)
	at org.apache.hadoop.ozone.protocolPB.OzoneManagerProtocolServerSideTranslatorPB.submitRequestDirectlyToOM(OzoneManagerProtocolServerSideTranslatorPB.java:282)
	at org.apache.hadoop.ozone.protocolPB.OzoneManagerProtocolServerSideTranslatorPB.processRequest(OzoneManagerProtocolServerSideTranslatorPB.java:205)
	at org.apache.hadoop.hdds.server.OzoneProtocolMessageDispatcher.processRequest(OzoneProtocolMessageDispatcher.java:87)
	at org.apache.hadoop.ozone.protocolPB.OzoneManagerProtocolServerSideTranslatorPB.submitRequest(OzoneManagerProtocolServerSideTranslatorPB.java:147)
	at org.apache.hadoop.ozone.protocol.proto.OzoneManagerProtocolProtos$OzoneManagerService$2.callBlockingMethod(OzoneManagerProtocolProtos.java)
	at org.apache.hadoop.ipc.ProtobufRpcEngine$Server.processCall(ProtobufRpcEngine.java:466)
	at org.apache.hadoop.ipc.ProtobufRpcEngine2$Server$ProtoBufRpcInvoker.call(ProtobufRpcEngine2.java:574)
	at org.apache.hadoop.ipc.ProtobufRpcEngine2$Server$ProtoBufRpcInvoker.call(ProtobufRpcEngine2.java:552)
	at org.apache.hadoop.ipc.RPC$Server.call(RPC.java:1093)
	at org.apache.hadoop.ipc.Server$RpcCall.run(Server.java:1035)
	at org.apache.hadoop.ipc.Server$RpcCall.run(Server.java:963)
	at java.security.AccessController.doPrivileged(Native Method)
	at javax.security.auth.Subject.doAs(Subject.java:422)
	at org.apache.hadoop.security.UserGroupInformation.doAs(UserGroupInformation.java:1878)
	at org.apache.hadoop.ipc.Server$Handler.run(Server.java:2966)
16:56:43.121 [IPC Server handler 0 on default port 40407] ERROR OMAudit - user=runner | ip=127.0.0.1 | op=READ_VOLUME {volume=volume-30776} | ret=FAILURE
org.apache.hadoop.ozone.om.exceptions.OMException: Volume volume-30776 is not found
	at org.apache.hadoop.ozone.om.VolumeManagerImpl.getVolumeInfo(VolumeManagerImpl.java:74) ~[ozone-manager-1.3.0-SNAPSHOT.jar:?]
	at org.apache.hadoop.ozone.om.OzoneManager.getVolumeInfo(OzoneManager.java:2602) ~[ozone-manager-1.3.0-SNAPSHOT.jar:?]
	at org.apache.hadoop.ozone.protocolPB.OzoneManagerRequestHandler.infoVolume(OzoneManagerRequestHandler.java:390) ~[ozone-manager-1.3.0-SNAPSHOT.jar:?]
	at org.apache.hadoop.ozone.protocolPB.OzoneManagerRequestHandler.handleReadRequest(OzoneManagerRequestHandler.java:162) ~[ozone-manager-1.3.0-SNAPSHOT.jar:?]
	at org.apache.hadoop.ozone.protocolPB.OzoneManagerProtocolServerSideTranslatorPB.submitRequestDirectlyToOM(OzoneManagerProtocolServerSideTranslatorPB.java:276) ~[ozone-manager-1.3.0-SNAPSHOT.jar:?]
	at org.apache.hadoop.ozone.protocolPB.OzoneManagerProtocolServerSideTranslatorPB.processRequest(OzoneManagerProtocolServerSideTranslatorPB.java:205) ~[ozone-manager-1.3.0-SNAPSHOT.jar:?]
	at org.apache.hadoop.hdds.server.OzoneProtocolMessageDispatcher.processRequest(OzoneProtocolMessageDispatcher.java:87) [hdds-server-framework-1.3.0-SNAPSHOT.jar:?]
	at org.apache.hadoop.ozone.protocolPB.OzoneManagerProtocolServerSideTranslatorPB.submitRequest(OzoneManagerProtocolServerSideTranslatorPB.java:147) [ozone-manager-1.3.0-SNAPSHOT.jar:?]
	at org.apache.hadoop.ozone.protocol.proto.OzoneManagerProtocolProtos$OzoneManagerService$2.callBlockingMethod(OzoneManagerProtocolProtos.java) [ozone-interface-client-1.3.0-SNAPSHOT.jar:?]
	at org.apache.hadoop.ipc.ProtobufRpcEngine$Server.processCall(ProtobufRpcEngine.java:466) [hadoop-common-3.3.1.jar:?]
	at org.apache.hadoop.ipc.ProtobufRpcEngine2$Server$ProtoBufRpcInvoker.call(ProtobufRpcEngine2.java:574) [hadoop-common-3.3.1.jar:?]
	at org.apache.hadoop.ipc.ProtobufRpcEngine2$Server$ProtoBufRpcInvoker.call(ProtobufRpcEngine2.java:552) [hadoop-common-3.3.1.jar:?]
	at org.apache.hadoop.ipc.RPC$Server.call(RPC.java:1093) [hadoop-common-3.3.1.jar:?]
	at org.apache.hadoop.ipc.Server$RpcCall.run(Server.java:1035) [hadoop-common-3.3.1.jar:?]
	at org.apache.hadoop.ipc.Server$RpcCall.run(Server.java:963) [hadoop-common-3.3.1.jar:?]
	at java.security.AccessController.doPrivileged(Native Method) ~[?:1.8.0_332]
	at javax.security.auth.Subject.doAs(Subject.java:422) [?:1.8.0_332]
	at org.apache.hadoop.security.UserGroupInformation.doAs(UserGroupInformation.java:1878) [hadoop-common-3.3.1.jar:?]
	at org.apache.hadoop.ipc.Server$Handler.run(Server.java:2966) [hadoop-common-3.3.1.jar:?]
]]></system-out>
  </testcase>
  <testcase name="testDeleteVolumeAndBucket" classname="TestRootedOzoneFileSystem" time="0.255">
    <system-out><![CDATA[2022-06-27 16:57:56,826 [Time-limited test] INFO  rpc.RpcClient (RpcClient.java:createVolume(466)) - Creating Volume: volume45510, with user94854 as owner and space quota set to -1 bytes, counts quota set to -1
2022-06-27 16:57:56,834 [OM StateMachine ApplyTransaction Thread - 0] INFO  volume.OMVolumeCreateRequest (OMVolumeCreateRequest.java:validateAndUpdateCache(195)) - created volume:volume45510 for user:user94854
2022-06-27 16:57:56,835 [Time-limited test] INFO  rpc.RpcClient (RpcClient.java:createBucket(666)) - Creating Bucket: volume45510/bucket88009, with the Bucket Layout LEGACY, runner as owner, Versioning false, Storage Type set to DISK and Encryption set to false 
2022-06-27 16:57:56,836 [OM StateMachine ApplyTransaction Thread - 0] INFO  bucket.OMBucketCreateRequest (OMBucketCreateRequest.java:validateAndUpdateCache(260)) - created bucket: bucket88009 of layout LEGACY in volume: volume45510
16:57:56.839 [IPC Server handler 11 on default port 40965] ERROR OMAudit - user=runner | ip=127.0.0.1 | op=READ_BUCKET {volume=volume-45381, bucket=bucket2} | ret=FAILURE
org.apache.hadoop.ozone.om.exceptions.OMException: Volume not found when getting bucket info
	at org.apache.hadoop.ozone.om.BucketManagerImpl.getBucketInfo(BucketManagerImpl.java:127) ~[ozone-manager-1.3.0-SNAPSHOT.jar:?]
	at org.apache.hadoop.ozone.om.OzoneManager.getBucketInfo(OzoneManager.java:2778) ~[ozone-manager-1.3.0-SNAPSHOT.jar:?]
	at org.apache.hadoop.ozone.protocolPB.OzoneManagerRequestHandler.infoBucket(OzoneManagerRequestHandler.java:464) ~[ozone-manager-1.3.0-SNAPSHOT.jar:?]
	at org.apache.hadoop.ozone.protocolPB.OzoneManagerRequestHandler.handleReadRequest(OzoneManagerRequestHandler.java:172) ~[ozone-manager-1.3.0-SNAPSHOT.jar:?]
	at org.apache.hadoop.ozone.protocolPB.OzoneManagerProtocolServerSideTranslatorPB.submitReadRequestToOM(OzoneManagerProtocolServerSideTranslatorPB.java:226) ~[ozone-manager-1.3.0-SNAPSHOT.jar:?]
	at org.apache.hadoop.ozone.protocolPB.OzoneManagerProtocolServerSideTranslatorPB.processRequest(OzoneManagerProtocolServerSideTranslatorPB.java:175) ~[ozone-manager-1.3.0-SNAPSHOT.jar:?]
	at org.apache.hadoop.hdds.server.OzoneProtocolMessageDispatcher.processRequest(OzoneProtocolMessageDispatcher.java:87) [hdds-server-framework-1.3.0-SNAPSHOT.jar:?]
	at org.apache.hadoop.ozone.protocolPB.OzoneManagerProtocolServerSideTranslatorPB.submitRequest(OzoneManagerProtocolServerSideTranslatorPB.java:147) [ozone-manager-1.3.0-SNAPSHOT.jar:?]
	at org.apache.hadoop.ozone.protocol.proto.OzoneManagerProtocolProtos$OzoneManagerService$2.callBlockingMethod(OzoneManagerProtocolProtos.java) [ozone-interface-client-1.3.0-SNAPSHOT.jar:?]
	at org.apache.hadoop.ipc.ProtobufRpcEngine$Server.processCall(ProtobufRpcEngine.java:466) [hadoop-common-3.3.1.jar:?]
	at org.apache.hadoop.ipc.ProtobufRpcEngine2$Server$ProtoBufRpcInvoker.call(ProtobufRpcEngine2.java:574) [hadoop-common-3.3.1.jar:?]
	at org.apache.hadoop.ipc.ProtobufRpcEngine2$Server$ProtoBufRpcInvoker.call(ProtobufRpcEngine2.java:552) [hadoop-common-3.3.1.jar:?]
	at org.apache.hadoop.ipc.RPC$Server.call(RPC.java:1093) [hadoop-common-3.3.1.jar:?]
	at org.apache.hadoop.ipc.Server$RpcCall.run(Server.java:1035) [hadoop-common-3.3.1.jar:?]
	at org.apache.hadoop.ipc.Server$RpcCall.run(Server.java:963) [hadoop-common-3.3.1.jar:?]
	at java.security.AccessController.doPrivileged(Native Method) ~[?:1.8.0_332]
	at javax.security.auth.Subject.doAs(Subject.java:422) [?:1.8.0_332]
	at org.apache.hadoop.security.UserGroupInformation.doAs(UserGroupInformation.java:1878) [hadoop-common-3.3.1.jar:?]
	at org.apache.hadoop.ipc.Server$Handler.run(Server.java:2966) [hadoop-common-3.3.1.jar:?]
2022-06-27 16:57:56,839 [Time-limited test] INFO  rpc.RpcClient (RpcClient.java:createVolume(466)) - Creating Volume: volume-45381, with runner as owner and space quota set to -1 bytes, counts quota set to -1
2022-06-27 16:57:56,844 [OM StateMachine ApplyTransaction Thread - 0] INFO  volume.OMVolumeCreateRequest (OMVolumeCreateRequest.java:validateAndUpdateCache(195)) - created volume:volume-45381 for user:runner
2022-06-27 16:57:56,845 [Time-limited test] INFO  rpc.RpcClient (RpcClient.java:createBucket(666)) - Creating Bucket: volume-45381/bucket2, with the Bucket Layout LEGACY, runner as owner, Versioning false, Storage Type set to DISK and Encryption set to false 
2022-06-27 16:57:56,846 [OM StateMachine ApplyTransaction Thread - 0] INFO  bucket.OMBucketCreateRequest (OMBucketCreateRequest.java:validateAndUpdateCache(260)) - created bucket: bucket2 of layout LEGACY in volume: volume-45381
16:57:56.849 [OM StateMachine ApplyTransaction Thread - 0] ERROR OMAudit - user=runner | ip=127.0.0.1 | op=DELETE_VOLUME {volume=volume-45381} | ret=FAILURE
org.apache.hadoop.ozone.om.exceptions.OMException: null
	at org.apache.hadoop.ozone.om.request.volume.OMVolumeDeleteRequest.validateAndUpdateCache(OMVolumeDeleteRequest.java:122) ~[ozone-manager-1.3.0-SNAPSHOT.jar:?]
	at org.apache.hadoop.ozone.protocolPB.OzoneManagerRequestHandler.handleWriteRequest(OzoneManagerRequestHandler.java:293) ~[ozone-manager-1.3.0-SNAPSHOT.jar:?]
	at org.apache.hadoop.ozone.om.ratis.OzoneManagerStateMachine.runCommand(OzoneManagerStateMachine.java:529) ~[ozone-manager-1.3.0-SNAPSHOT.jar:?]
	at org.apache.hadoop.ozone.om.ratis.OzoneManagerStateMachine.lambda$1(OzoneManagerStateMachine.java:324) ~[ozone-manager-1.3.0-SNAPSHOT.jar:?]
	at java.util.concurrent.CompletableFuture$AsyncSupply.run(CompletableFuture.java:1604) [?:1.8.0_332]
	at java.util.concurrent.ThreadPoolExecutor.runWorker(ThreadPoolExecutor.java:1149) [?:1.8.0_332]
	at java.util.concurrent.ThreadPoolExecutor$Worker.run(ThreadPoolExecutor.java:624) [?:1.8.0_332]
	at java.lang.Thread.run(Thread.java:750) [?:1.8.0_332]
2022-06-27 16:57:56,849 [OM StateMachine ApplyTransaction Thread - 0] ERROR volume.OMVolumeDeleteRequest (OMVolumeDeleteRequest.java:validateAndUpdateCache(170)) - Volume deletion failed for user:runner volume:volume-45381
VOLUME_NOT_EMPTY org.apache.hadoop.ozone.om.exceptions.OMException
	at org.apache.hadoop.ozone.om.request.volume.OMVolumeDeleteRequest.validateAndUpdateCache(OMVolumeDeleteRequest.java:122)
	at org.apache.hadoop.ozone.protocolPB.OzoneManagerRequestHandler.handleWriteRequest(OzoneManagerRequestHandler.java:293)
	at org.apache.hadoop.ozone.om.ratis.OzoneManagerStateMachine.runCommand(OzoneManagerStateMachine.java:529)
	at org.apache.hadoop.ozone.om.ratis.OzoneManagerStateMachine.lambda$1(OzoneManagerStateMachine.java:324)
	at java.util.concurrent.CompletableFuture$AsyncSupply.run(CompletableFuture.java:1604)
	at java.util.concurrent.ThreadPoolExecutor.runWorker(ThreadPoolExecutor.java:1149)
	at java.util.concurrent.ThreadPoolExecutor$Worker.run(ThreadPoolExecutor.java:624)
	at java.lang.Thread.run(Thread.java:750)
16:57:56.865 [IPC Server handler 0 on default port 40965] ERROR OMAudit - user=runner | ip=127.0.0.1 | op=READ_VOLUME {volume=volume-45381} | ret=FAILURE
org.apache.hadoop.ozone.om.exceptions.OMException: Volume volume-45381 is not found
	at org.apache.hadoop.ozone.om.VolumeManagerImpl.getVolumeInfo(VolumeManagerImpl.java:74) ~[ozone-manager-1.3.0-SNAPSHOT.jar:?]
	at org.apache.hadoop.ozone.om.OzoneManager.getVolumeInfo(OzoneManager.java:2602) ~[ozone-manager-1.3.0-SNAPSHOT.jar:?]
	at org.apache.hadoop.ozone.protocolPB.OzoneManagerRequestHandler.infoVolume(OzoneManagerRequestHandler.java:390) ~[ozone-manager-1.3.0-SNAPSHOT.jar:?]
	at org.apache.hadoop.ozone.protocolPB.OzoneManagerRequestHandler.handleReadRequest(OzoneManagerRequestHandler.java:162) ~[ozone-manager-1.3.0-SNAPSHOT.jar:?]
	at org.apache.hadoop.ozone.protocolPB.OzoneManagerProtocolServerSideTranslatorPB.submitReadRequestToOM(OzoneManagerProtocolServerSideTranslatorPB.java:226) ~[ozone-manager-1.3.0-SNAPSHOT.jar:?]
	at org.apache.hadoop.ozone.protocolPB.OzoneManagerProtocolServerSideTranslatorPB.processRequest(OzoneManagerProtocolServerSideTranslatorPB.java:175) ~[ozone-manager-1.3.0-SNAPSHOT.jar:?]
	at org.apache.hadoop.hdds.server.OzoneProtocolMessageDispatcher.processRequest(OzoneProtocolMessageDispatcher.java:87) [hdds-server-framework-1.3.0-SNAPSHOT.jar:?]
	at org.apache.hadoop.ozone.protocolPB.OzoneManagerProtocolServerSideTranslatorPB.submitRequest(OzoneManagerProtocolServerSideTranslatorPB.java:147) [ozone-manager-1.3.0-SNAPSHOT.jar:?]
	at org.apache.hadoop.ozone.protocol.proto.OzoneManagerProtocolProtos$OzoneManagerService$2.callBlockingMethod(OzoneManagerProtocolProtos.java) [ozone-interface-client-1.3.0-SNAPSHOT.jar:?]
	at org.apache.hadoop.ipc.ProtobufRpcEngine$Server.processCall(ProtobufRpcEngine.java:466) [hadoop-common-3.3.1.jar:?]
	at org.apache.hadoop.ipc.ProtobufRpcEngine2$Server$ProtoBufRpcInvoker.call(ProtobufRpcEngine2.java:574) [hadoop-common-3.3.1.jar:?]
	at org.apache.hadoop.ipc.ProtobufRpcEngine2$Server$ProtoBufRpcInvoker.call(ProtobufRpcEngine2.java:552) [hadoop-common-3.3.1.jar:?]
	at org.apache.hadoop.ipc.RPC$Server.call(RPC.java:1093) [hadoop-common-3.3.1.jar:?]
	at org.apache.hadoop.ipc.Server$RpcCall.run(Server.java:1035) [hadoop-common-3.3.1.jar:?]
	at org.apache.hadoop.ipc.Server$RpcCall.run(Server.java:963) [hadoop-common-3.3.1.jar:?]
	at java.security.AccessController.doPrivileged(Native Method) ~[?:1.8.0_332]
	at javax.security.auth.Subject.doAs(Subject.java:422) [?:1.8.0_332]
	at org.apache.hadoop.security.UserGroupInformation.doAs(UserGroupInformation.java:1878) [hadoop-common-3.3.1.jar:?]
	at org.apache.hadoop.ipc.Server$Handler.run(Server.java:2966) [hadoop-common-3.3.1.jar:?]
]]></system-out>
  </testcase>
  <testcase name="testDeleteVolumeAndBucket" classname="TestRootedOzoneFileSystem" time="0.139">
    <system-out><![CDATA[2022-06-27 16:59:17,591 [Time-limited test] INFO  rpc.RpcClient (RpcClient.java:createVolume(466)) - Creating Volume: volume00460, with user70523 as owner and space quota set to -1 bytes, counts quota set to -1
2022-06-27 16:59:17,592 [IPC Server handler 2 on default port 35065] INFO  volume.OMVolumeCreateRequest (OMVolumeCreateRequest.java:validateAndUpdateCache(195)) - created volume:volume00460 for user:user70523
2022-06-27 16:59:17,593 [Time-limited test] INFO  rpc.RpcClient (RpcClient.java:createBucket(666)) - Creating Bucket: volume00460/bucket62478, with the Bucket Layout LEGACY, runner as owner, Versioning false, Storage Type set to DISK and Encryption set to false 
2022-06-27 16:59:17,597 [IPC Server handler 9 on default port 35065] INFO  bucket.OMBucketCreateRequest (OMBucketCreateRequest.java:validateAndUpdateCache(260)) - created bucket: bucket62478 of layout LEGACY in volume: volume00460
16:59:17.621 [IPC Server handler 16 on default port 35065] ERROR OMAudit - user=runner | ip=127.0.0.1 | op=READ_BUCKET {volume=volume-98247, bucket=bucket2} | ret=FAILURE
org.apache.hadoop.ozone.om.exceptions.OMException: Volume not found when getting bucket info
	at org.apache.hadoop.ozone.om.BucketManagerImpl.getBucketInfo(BucketManagerImpl.java:127) ~[ozone-manager-1.3.0-SNAPSHOT.jar:?]
	at org.apache.hadoop.ozone.om.OzoneManager.getBucketInfo(OzoneManager.java:2778) ~[ozone-manager-1.3.0-SNAPSHOT.jar:?]
	at org.apache.hadoop.ozone.protocolPB.OzoneManagerRequestHandler.infoBucket(OzoneManagerRequestHandler.java:464) ~[ozone-manager-1.3.0-SNAPSHOT.jar:?]
	at org.apache.hadoop.ozone.protocolPB.OzoneManagerRequestHandler.handleReadRequest(OzoneManagerRequestHandler.java:172) ~[ozone-manager-1.3.0-SNAPSHOT.jar:?]
	at org.apache.hadoop.ozone.protocolPB.OzoneManagerProtocolServerSideTranslatorPB.submitRequestDirectlyToOM(OzoneManagerProtocolServerSideTranslatorPB.java:276) ~[ozone-manager-1.3.0-SNAPSHOT.jar:?]
	at org.apache.hadoop.ozone.protocolPB.OzoneManagerProtocolServerSideTranslatorPB.processRequest(OzoneManagerProtocolServerSideTranslatorPB.java:205) ~[ozone-manager-1.3.0-SNAPSHOT.jar:?]
	at org.apache.hadoop.hdds.server.OzoneProtocolMessageDispatcher.processRequest(OzoneProtocolMessageDispatcher.java:87) [hdds-server-framework-1.3.0-SNAPSHOT.jar:?]
	at org.apache.hadoop.ozone.protocolPB.OzoneManagerProtocolServerSideTranslatorPB.submitRequest(OzoneManagerProtocolServerSideTranslatorPB.java:147) [ozone-manager-1.3.0-SNAPSHOT.jar:?]
	at org.apache.hadoop.ozone.protocol.proto.OzoneManagerProtocolProtos$OzoneManagerService$2.callBlockingMethod(OzoneManagerProtocolProtos.java) [ozone-interface-client-1.3.0-SNAPSHOT.jar:?]
	at org.apache.hadoop.ipc.ProtobufRpcEngine$Server.processCall(ProtobufRpcEngine.java:466) [hadoop-common-3.3.1.jar:?]
	at org.apache.hadoop.ipc.ProtobufRpcEngine2$Server$ProtoBufRpcInvoker.call(ProtobufRpcEngine2.java:574) [hadoop-common-3.3.1.jar:?]
	at org.apache.hadoop.ipc.ProtobufRpcEngine2$Server$ProtoBufRpcInvoker.call(ProtobufRpcEngine2.java:552) [hadoop-common-3.3.1.jar:?]
	at org.apache.hadoop.ipc.RPC$Server.call(RPC.java:1093) [hadoop-common-3.3.1.jar:?]
	at org.apache.hadoop.ipc.Server$RpcCall.run(Server.java:1035) [hadoop-common-3.3.1.jar:?]
	at org.apache.hadoop.ipc.Server$RpcCall.run(Server.java:963) [hadoop-common-3.3.1.jar:?]
	at java.security.AccessController.doPrivileged(Native Method) ~[?:1.8.0_332]
	at javax.security.auth.Subject.doAs(Subject.java:422) [?:1.8.0_332]
	at org.apache.hadoop.security.UserGroupInformation.doAs(UserGroupInformation.java:1878) [hadoop-common-3.3.1.jar:?]
	at org.apache.hadoop.ipc.Server$Handler.run(Server.java:2966) [hadoop-common-3.3.1.jar:?]
2022-06-27 16:59:17,621 [Time-limited test] INFO  rpc.RpcClient (RpcClient.java:createVolume(466)) - Creating Volume: volume-98247, with runner as owner and space quota set to -1 bytes, counts quota set to -1
2022-06-27 16:59:17,622 [IPC Server handler 18 on default port 35065] INFO  volume.OMVolumeCreateRequest (OMVolumeCreateRequest.java:validateAndUpdateCache(195)) - created volume:volume-98247 for user:runner
2022-06-27 16:59:17,622 [Time-limited test] INFO  rpc.RpcClient (RpcClient.java:createBucket(666)) - Creating Bucket: volume-98247/bucket2, with the Bucket Layout LEGACY, runner as owner, Versioning false, Storage Type set to DISK and Encryption set to false 
2022-06-27 16:59:17,623 [IPC Server handler 15 on default port 35065] INFO  bucket.OMBucketCreateRequest (OMBucketCreateRequest.java:validateAndUpdateCache(260)) - created bucket: bucket2 of layout LEGACY in volume: volume-98247
16:59:17.625 [IPC Server handler 6 on default port 35065] ERROR OMAudit - user=runner | ip=127.0.0.1 | op=DELETE_VOLUME {volume=volume-98247} | ret=FAILURE
org.apache.hadoop.ozone.om.exceptions.OMException: null
	at org.apache.hadoop.ozone.om.request.volume.OMVolumeDeleteRequest.validateAndUpdateCache(OMVolumeDeleteRequest.java:122) ~[ozone-manager-1.3.0-SNAPSHOT.jar:?]
	at org.apache.hadoop.ozone.protocolPB.OzoneManagerRequestHandler.handleWriteRequest(OzoneManagerRequestHandler.java:293) ~[ozone-manager-1.3.0-SNAPSHOT.jar:?]
	at org.apache.hadoop.ozone.protocolPB.OzoneManagerProtocolServerSideTranslatorPB.submitRequestDirectlyToOM(OzoneManagerProtocolServerSideTranslatorPB.java:282) ~[ozone-manager-1.3.0-SNAPSHOT.jar:?]
	at org.apache.hadoop.ozone.protocolPB.OzoneManagerProtocolServerSideTranslatorPB.processRequest(OzoneManagerProtocolServerSideTranslatorPB.java:205) ~[ozone-manager-1.3.0-SNAPSHOT.jar:?]
	at org.apache.hadoop.hdds.server.OzoneProtocolMessageDispatcher.processRequest(OzoneProtocolMessageDispatcher.java:87) [hdds-server-framework-1.3.0-SNAPSHOT.jar:?]
	at org.apache.hadoop.ozone.protocolPB.OzoneManagerProtocolServerSideTranslatorPB.submitRequest(OzoneManagerProtocolServerSideTranslatorPB.java:147) [ozone-manager-1.3.0-SNAPSHOT.jar:?]
	at org.apache.hadoop.ozone.protocol.proto.OzoneManagerProtocolProtos$OzoneManagerService$2.callBlockingMethod(OzoneManagerProtocolProtos.java) [ozone-interface-client-1.3.0-SNAPSHOT.jar:?]
	at org.apache.hadoop.ipc.ProtobufRpcEngine$Server.processCall(ProtobufRpcEngine.java:466) [hadoop-common-3.3.1.jar:?]
	at org.apache.hadoop.ipc.ProtobufRpcEngine2$Server$ProtoBufRpcInvoker.call(ProtobufRpcEngine2.java:574) [hadoop-common-3.3.1.jar:?]
	at org.apache.hadoop.ipc.ProtobufRpcEngine2$Server$ProtoBufRpcInvoker.call(ProtobufRpcEngine2.java:552) [hadoop-common-3.3.1.jar:?]
	at org.apache.hadoop.ipc.RPC$Server.call(RPC.java:1093) [hadoop-common-3.3.1.jar:?]
	at org.apache.hadoop.ipc.Server$RpcCall.run(Server.java:1035) [hadoop-common-3.3.1.jar:?]
	at org.apache.hadoop.ipc.Server$RpcCall.run(Server.java:963) [hadoop-common-3.3.1.jar:?]
	at java.security.AccessController.doPrivileged(Native Method) ~[?:1.8.0_332]
	at javax.security.auth.Subject.doAs(Subject.java:422) [?:1.8.0_332]
	at org.apache.hadoop.security.UserGroupInformation.doAs(UserGroupInformation.java:1878) [hadoop-common-3.3.1.jar:?]
	at org.apache.hadoop.ipc.Server$Handler.run(Server.java:2966) [hadoop-common-3.3.1.jar:?]
2022-06-27 16:59:17,626 [IPC Server handler 6 on default port 35065] ERROR volume.OMVolumeDeleteRequest (OMVolumeDeleteRequest.java:validateAndUpdateCache(170)) - Volume deletion failed for user:runner volume:volume-98247
VOLUME_NOT_EMPTY org.apache.hadoop.ozone.om.exceptions.OMException
	at org.apache.hadoop.ozone.om.request.volume.OMVolumeDeleteRequest.validateAndUpdateCache(OMVolumeDeleteRequest.java:122)
	at org.apache.hadoop.ozone.protocolPB.OzoneManagerRequestHandler.handleWriteRequest(OzoneManagerRequestHandler.java:293)
	at org.apache.hadoop.ozone.protocolPB.OzoneManagerProtocolServerSideTranslatorPB.submitRequestDirectlyToOM(OzoneManagerProtocolServerSideTranslatorPB.java:282)
	at org.apache.hadoop.ozone.protocolPB.OzoneManagerProtocolServerSideTranslatorPB.processRequest(OzoneManagerProtocolServerSideTranslatorPB.java:205)
	at org.apache.hadoop.hdds.server.OzoneProtocolMessageDispatcher.processRequest(OzoneProtocolMessageDispatcher.java:87)
	at org.apache.hadoop.ozone.protocolPB.OzoneManagerProtocolServerSideTranslatorPB.submitRequest(OzoneManagerProtocolServerSideTranslatorPB.java:147)
	at org.apache.hadoop.ozone.protocol.proto.OzoneManagerProtocolProtos$OzoneManagerService$2.callBlockingMethod(OzoneManagerProtocolProtos.java)
	at org.apache.hadoop.ipc.ProtobufRpcEngine$Server.processCall(ProtobufRpcEngine.java:466)
	at org.apache.hadoop.ipc.ProtobufRpcEngine2$Server$ProtoBufRpcInvoker.call(ProtobufRpcEngine2.java:574)
	at org.apache.hadoop.ipc.ProtobufRpcEngine2$Server$ProtoBufRpcInvoker.call(ProtobufRpcEngine2.java:552)
	at org.apache.hadoop.ipc.RPC$Server.call(RPC.java:1093)
	at org.apache.hadoop.ipc.Server$RpcCall.run(Server.java:1035)
	at org.apache.hadoop.ipc.Server$RpcCall.run(Server.java:963)
	at java.security.AccessController.doPrivileged(Native Method)
	at javax.security.auth.Subject.doAs(Subject.java:422)
	at org.apache.hadoop.security.UserGroupInformation.doAs(UserGroupInformation.java:1878)
	at org.apache.hadoop.ipc.Server$Handler.run(Server.java:2966)
16:59:17.641 [IPC Server handler 12 on default port 35065] ERROR OMAudit - user=runner | ip=127.0.0.1 | op=READ_VOLUME {volume=volume-98247} | ret=FAILURE
org.apache.hadoop.ozone.om.exceptions.OMException: Volume volume-98247 is not found
	at org.apache.hadoop.ozone.om.VolumeManagerImpl.getVolumeInfo(VolumeManagerImpl.java:74) ~[ozone-manager-1.3.0-SNAPSHOT.jar:?]
	at org.apache.hadoop.ozone.om.OzoneManager.getVolumeInfo(OzoneManager.java:2602) ~[ozone-manager-1.3.0-SNAPSHOT.jar:?]
	at org.apache.hadoop.ozone.protocolPB.OzoneManagerRequestHandler.infoVolume(OzoneManagerRequestHandler.java:390) ~[ozone-manager-1.3.0-SNAPSHOT.jar:?]
	at org.apache.hadoop.ozone.protocolPB.OzoneManagerRequestHandler.handleReadRequest(OzoneManagerRequestHandler.java:162) ~[ozone-manager-1.3.0-SNAPSHOT.jar:?]
	at org.apache.hadoop.ozone.protocolPB.OzoneManagerProtocolServerSideTranslatorPB.submitRequestDirectlyToOM(OzoneManagerProtocolServerSideTranslatorPB.java:276) ~[ozone-manager-1.3.0-SNAPSHOT.jar:?]
	at org.apache.hadoop.ozone.protocolPB.OzoneManagerProtocolServerSideTranslatorPB.processRequest(OzoneManagerProtocolServerSideTranslatorPB.java:205) ~[ozone-manager-1.3.0-SNAPSHOT.jar:?]
	at org.apache.hadoop.hdds.server.OzoneProtocolMessageDispatcher.processRequest(OzoneProtocolMessageDispatcher.java:87) [hdds-server-framework-1.3.0-SNAPSHOT.jar:?]
	at org.apache.hadoop.ozone.protocolPB.OzoneManagerProtocolServerSideTranslatorPB.submitRequest(OzoneManagerProtocolServerSideTranslatorPB.java:147) [ozone-manager-1.3.0-SNAPSHOT.jar:?]
	at org.apache.hadoop.ozone.protocol.proto.OzoneManagerProtocolProtos$OzoneManagerService$2.callBlockingMethod(OzoneManagerProtocolProtos.java) [ozone-interface-client-1.3.0-SNAPSHOT.jar:?]
	at org.apache.hadoop.ipc.ProtobufRpcEngine$Server.processCall(ProtobufRpcEngine.java:466) [hadoop-common-3.3.1.jar:?]
	at org.apache.hadoop.ipc.ProtobufRpcEngine2$Server$ProtoBufRpcInvoker.call(ProtobufRpcEngine2.java:574) [hadoop-common-3.3.1.jar:?]
	at org.apache.hadoop.ipc.ProtobufRpcEngine2$Server$ProtoBufRpcInvoker.call(ProtobufRpcEngine2.java:552) [hadoop-common-3.3.1.jar:?]
	at org.apache.hadoop.ipc.RPC$Server.call(RPC.java:1093) [hadoop-common-3.3.1.jar:?]
	at org.apache.hadoop.ipc.Server$RpcCall.run(Server.java:1035) [hadoop-common-3.3.1.jar:?]
	at org.apache.hadoop.ipc.Server$RpcCall.run(Server.java:963) [hadoop-common-3.3.1.jar:?]
	at java.security.AccessController.doPrivileged(Native Method) ~[?:1.8.0_332]
	at javax.security.auth.Subject.doAs(Subject.java:422) [?:1.8.0_332]
	at org.apache.hadoop.security.UserGroupInformation.doAs(UserGroupInformation.java:1878) [hadoop-common-3.3.1.jar:?]
	at org.apache.hadoop.ipc.Server$Handler.run(Server.java:2966) [hadoop-common-3.3.1.jar:?]
]]></system-out>
  </testcase>
  <testcase name="testRenameDirToItsOwnSubDir" classname="TestRootedOzoneFileSystem" time="0.08">
    <system-out><![CDATA[2022-06-27 16:54:30,707 [Time-limited test] INFO  rpc.RpcClient (RpcClient.java:createVolume(466)) - Creating Volume: volume97081, with user33240 as owner and space quota set to -1 bytes, counts quota set to -1
2022-06-27 16:54:30,710 [OM StateMachine ApplyTransaction Thread - 0] INFO  volume.OMVolumeCreateRequest (OMVolumeCreateRequest.java:validateAndUpdateCache(195)) - created volume:volume97081 for user:user33240
2022-06-27 16:54:30,714 [Time-limited test] INFO  rpc.RpcClient (RpcClient.java:createBucket(666)) - Creating Bucket: volume97081/bucket31015, with the Bucket Layout LEGACY, runner as owner, Versioning false, Storage Type set to DISK and Encryption set to false 
2022-06-27 16:54:30,717 [OM StateMachine ApplyTransaction Thread - 0] INFO  bucket.OMBucketCreateRequest (OMBucketCreateRequest.java:validateAndUpdateCache(260)) - created bucket: bucket31015 of layout LEGACY in volume: volume97081
2022-06-27 16:54:30,723 [Time-limited test] INFO  ozone.TestRootedOzoneFileSystem (TestRootedOzoneFileSystem.java:testRenameDirToItsOwnSubDir(1565)) - Created dir1 /volume97081/bucket31015/root/dir1/sub_dir1
2022-06-27 16:54:30,723 [Time-limited test] INFO  ozone.TestRootedOzoneFileSystem (TestRootedOzoneFileSystem.java:testRenameDirToItsOwnSubDir(1568)) - Rename op-> source:/volume97081/bucket31015/root to destin:/volume97081/bucket31015/root/dir1/sub_dir1
]]></system-out>
  </testcase>
  <testcase name="testRenameDirToItsOwnSubDir" classname="TestRootedOzoneFileSystem" time="0.038">
    <system-out><![CDATA[2022-06-27 16:55:34,502 [Time-limited test] INFO  rpc.RpcClient (RpcClient.java:createVolume(466)) - Creating Volume: volume17786, with user17025 as owner and space quota set to -1 bytes, counts quota set to -1
2022-06-27 16:55:34,503 [OM StateMachine ApplyTransaction Thread - 0] INFO  volume.OMVolumeCreateRequest (OMVolumeCreateRequest.java:validateAndUpdateCache(195)) - created volume:volume17786 for user:user17025
2022-06-27 16:55:34,504 [Time-limited test] INFO  rpc.RpcClient (RpcClient.java:createBucket(666)) - Creating Bucket: volume17786/bucket47767, with the Bucket Layout LEGACY, runner as owner, Versioning false, Storage Type set to DISK and Encryption set to false 
2022-06-27 16:55:34,505 [OM StateMachine ApplyTransaction Thread - 0] INFO  bucket.OMBucketCreateRequest (OMBucketCreateRequest.java:validateAndUpdateCache(260)) - created bucket: bucket47767 of layout LEGACY in volume: volume17786
2022-06-27 16:55:34,508 [Time-limited test] INFO  ozone.TestRootedOzoneFileSystem (TestRootedOzoneFileSystem.java:testRenameDirToItsOwnSubDir(1565)) - Created dir1 /volume17786/bucket47767/root/dir1/sub_dir1
2022-06-27 16:55:34,508 [Time-limited test] INFO  ozone.TestRootedOzoneFileSystem (TestRootedOzoneFileSystem.java:testRenameDirToItsOwnSubDir(1568)) - Rename op-> source:/volume17786/bucket47767/root to destin:/volume17786/bucket47767/root/dir1/sub_dir1
]]></system-out>
  </testcase>
  <testcase name="testRenameDirToItsOwnSubDir" classname="TestRootedOzoneFileSystem" time="0.044">
    <system-out><![CDATA[2022-06-27 16:56:43,148 [Time-limited test] INFO  rpc.RpcClient (RpcClient.java:createVolume(466)) - Creating Volume: volume39366, with user24068 as owner and space quota set to -1 bytes, counts quota set to -1
2022-06-27 16:56:43,148 [IPC Server handler 19 on default port 40407] INFO  volume.OMVolumeCreateRequest (OMVolumeCreateRequest.java:validateAndUpdateCache(195)) - created volume:volume39366 for user:user24068
2022-06-27 16:56:43,151 [Time-limited test] INFO  rpc.RpcClient (RpcClient.java:createBucket(666)) - Creating Bucket: volume39366/bucket51348, with the Bucket Layout LEGACY, runner as owner, Versioning false, Storage Type set to DISK and Encryption set to false 
2022-06-27 16:56:43,153 [IPC Server handler 0 on default port 40407] INFO  bucket.OMBucketCreateRequest (OMBucketCreateRequest.java:validateAndUpdateCache(260)) - created bucket: bucket51348 of layout LEGACY in volume: volume39366
2022-06-27 16:56:43,155 [Time-limited test] INFO  ozone.TestRootedOzoneFileSystem (TestRootedOzoneFileSystem.java:testRenameDirToItsOwnSubDir(1565)) - Created dir1 /volume39366/bucket51348/root/dir1/sub_dir1
2022-06-27 16:56:43,155 [Time-limited test] INFO  ozone.TestRootedOzoneFileSystem (TestRootedOzoneFileSystem.java:testRenameDirToItsOwnSubDir(1568)) - Rename op-> source:/volume39366/bucket51348/root to destin:/volume39366/bucket51348/root/dir1/sub_dir1
]]></system-out>
  </testcase>
  <testcase name="testRenameDirToItsOwnSubDir" classname="TestRootedOzoneFileSystem" time="0.114">
    <system-out><![CDATA[2022-06-27 16:57:56,950 [Time-limited test] INFO  rpc.RpcClient (RpcClient.java:createVolume(466)) - Creating Volume: volume96486, with user07842 as owner and space quota set to -1 bytes, counts quota set to -1
2022-06-27 16:57:56,957 [OM StateMachine ApplyTransaction Thread - 0] INFO  volume.OMVolumeCreateRequest (OMVolumeCreateRequest.java:validateAndUpdateCache(195)) - created volume:volume96486 for user:user07842
2022-06-27 16:57:56,962 [Time-limited test] INFO  rpc.RpcClient (RpcClient.java:createBucket(666)) - Creating Bucket: volume96486/bucket23466, with the Bucket Layout LEGACY, runner as owner, Versioning false, Storage Type set to DISK and Encryption set to false 
2022-06-27 16:57:56,963 [OM StateMachine ApplyTransaction Thread - 0] INFO  bucket.OMBucketCreateRequest (OMBucketCreateRequest.java:validateAndUpdateCache(260)) - created bucket: bucket23466 of layout LEGACY in volume: volume96486
2022-06-27 16:57:56,965 [Time-limited test] INFO  ozone.TestRootedOzoneFileSystem (TestRootedOzoneFileSystem.java:testRenameDirToItsOwnSubDir(1565)) - Created dir1 /volume96486/bucket23466/root/dir1/sub_dir1
2022-06-27 16:57:56,965 [Time-limited test] INFO  ozone.TestRootedOzoneFileSystem (TestRootedOzoneFileSystem.java:testRenameDirToItsOwnSubDir(1568)) - Rename op-> source:/volume96486/bucket23466/root to destin:/volume96486/bucket23466/root/dir1/sub_dir1
]]></system-out>
  </testcase>
  <testcase name="testRenameDirToItsOwnSubDir" classname="TestRootedOzoneFileSystem" time="0.165">
    <system-out><![CDATA[2022-06-27 16:59:17,783 [Time-limited test] INFO  rpc.RpcClient (RpcClient.java:createVolume(466)) - Creating Volume: volume39525, with user60425 as owner and space quota set to -1 bytes, counts quota set to -1
2022-06-27 16:59:17,784 [IPC Server handler 11 on default port 35065] INFO  volume.OMVolumeCreateRequest (OMVolumeCreateRequest.java:validateAndUpdateCache(195)) - created volume:volume39525 for user:user60425
2022-06-27 16:59:17,789 [Time-limited test] INFO  rpc.RpcClient (RpcClient.java:createBucket(666)) - Creating Bucket: volume39525/bucket72559, with the Bucket Layout LEGACY, runner as owner, Versioning false, Storage Type set to DISK and Encryption set to false 
2022-06-27 16:59:17,789 [IPC Server handler 12 on default port 35065] INFO  bucket.OMBucketCreateRequest (OMBucketCreateRequest.java:validateAndUpdateCache(260)) - created bucket: bucket72559 of layout LEGACY in volume: volume39525
2022-06-27 16:59:17,793 [Time-limited test] INFO  ozone.TestRootedOzoneFileSystem (TestRootedOzoneFileSystem.java:testRenameDirToItsOwnSubDir(1565)) - Created dir1 /volume39525/bucket72559/root/dir1/sub_dir1
2022-06-27 16:59:17,793 [Time-limited test] INFO  ozone.TestRootedOzoneFileSystem (TestRootedOzoneFileSystem.java:testRenameDirToItsOwnSubDir(1568)) - Rename op-> source:/volume39525/bucket72559/root to destin:/volume39525/bucket72559/root/dir1/sub_dir1
]]></system-out>
  </testcase>
  <testcase name="testOzoneFsServiceLoader" classname="TestRootedOzoneFileSystem" time="0.084">
    <system-out><![CDATA[2022-06-27 16:54:30,793 [Time-limited test] INFO  rpc.RpcClient (RpcClient.java:createVolume(466)) - Creating Volume: volume70993, with user37518 as owner and space quota set to -1 bytes, counts quota set to -1
2022-06-27 16:54:30,795 [OM StateMachine ApplyTransaction Thread - 0] INFO  volume.OMVolumeCreateRequest (OMVolumeCreateRequest.java:validateAndUpdateCache(195)) - created volume:volume70993 for user:user37518
2022-06-27 16:54:30,798 [Time-limited test] INFO  rpc.RpcClient (RpcClient.java:createBucket(666)) - Creating Bucket: volume70993/bucket77979, with the Bucket Layout LEGACY, runner as owner, Versioning false, Storage Type set to DISK and Encryption set to false 
2022-06-27 16:54:30,800 [OM StateMachine ApplyTransaction Thread - 0] INFO  bucket.OMBucketCreateRequest (OMBucketCreateRequest.java:validateAndUpdateCache(260)) - created bucket: bucket77979 of layout LEGACY in volume: volume70993
]]></system-out>
  </testcase>
  <testcase name="testOzoneFsServiceLoader" classname="TestRootedOzoneFileSystem" time="0.176">
    <system-out><![CDATA[2022-06-27 16:55:34,622 [Time-limited test] INFO  rpc.RpcClient (RpcClient.java:createVolume(466)) - Creating Volume: volume38788, with user94683 as owner and space quota set to -1 bytes, counts quota set to -1
2022-06-27 16:55:34,624 [OM StateMachine ApplyTransaction Thread - 0] INFO  volume.OMVolumeCreateRequest (OMVolumeCreateRequest.java:validateAndUpdateCache(195)) - created volume:volume38788 for user:user94683
2022-06-27 16:55:34,625 [Time-limited test] INFO  rpc.RpcClient (RpcClient.java:createBucket(666)) - Creating Bucket: volume38788/bucket87140, with the Bucket Layout LEGACY, runner as owner, Versioning false, Storage Type set to DISK and Encryption set to false 
2022-06-27 16:55:34,626 [OM StateMachine ApplyTransaction Thread - 0] INFO  bucket.OMBucketCreateRequest (OMBucketCreateRequest.java:validateAndUpdateCache(260)) - created bucket: bucket87140 of layout LEGACY in volume: volume38788
]]></system-out>
  </testcase>
  <testcase name="testOzoneFsServiceLoader" classname="TestRootedOzoneFileSystem" time="0.058">
    <system-out><![CDATA[2022-06-27 16:56:43,190 [Time-limited test] INFO  rpc.RpcClient (RpcClient.java:createVolume(466)) - Creating Volume: volume41862, with user69795 as owner and space quota set to -1 bytes, counts quota set to -1
2022-06-27 16:56:43,192 [IPC Server handler 12 on default port 40407] INFO  volume.OMVolumeCreateRequest (OMVolumeCreateRequest.java:validateAndUpdateCache(195)) - created volume:volume41862 for user:user69795
2022-06-27 16:56:43,197 [Time-limited test] INFO  rpc.RpcClient (RpcClient.java:createBucket(666)) - Creating Bucket: volume41862/bucket18774, with the Bucket Layout LEGACY, runner as owner, Versioning false, Storage Type set to DISK and Encryption set to false 
2022-06-27 16:56:43,198 [IPC Server handler 14 on default port 40407] INFO  bucket.OMBucketCreateRequest (OMBucketCreateRequest.java:validateAndUpdateCache(260)) - created bucket: bucket18774 of layout LEGACY in volume: volume41862
]]></system-out>
  </testcase>
  <testcase name="testOzoneFsServiceLoader" classname="TestRootedOzoneFileSystem" time="0.236">
    <system-out><![CDATA[2022-06-27 16:57:57,106 [Time-limited test] INFO  rpc.RpcClient (RpcClient.java:createVolume(466)) - Creating Volume: volume60089, with user97926 as owner and space quota set to -1 bytes, counts quota set to -1
2022-06-27 16:57:57,117 [OM StateMachine ApplyTransaction Thread - 0] INFO  volume.OMVolumeCreateRequest (OMVolumeCreateRequest.java:validateAndUpdateCache(195)) - created volume:volume60089 for user:user97926
2022-06-27 16:57:57,118 [Time-limited test] INFO  rpc.RpcClient (RpcClient.java:createBucket(666)) - Creating Bucket: volume60089/bucket99973, with the Bucket Layout LEGACY, runner as owner, Versioning false, Storage Type set to DISK and Encryption set to false 
2022-06-27 16:57:57,119 [OM StateMachine ApplyTransaction Thread - 0] INFO  bucket.OMBucketCreateRequest (OMBucketCreateRequest.java:validateAndUpdateCache(260)) - created bucket: bucket99973 of layout LEGACY in volume: volume60089
]]></system-out>
  </testcase>
  <testcase name="testOzoneFsServiceLoader" classname="TestRootedOzoneFileSystem" time="0.233">
    <system-out><![CDATA[2022-06-27 16:59:17,902 [Time-limited test] INFO  rpc.RpcClient (RpcClient.java:createVolume(466)) - Creating Volume: volume57253, with user54941 as owner and space quota set to -1 bytes, counts quota set to -1
2022-06-27 16:59:17,904 [IPC Server handler 10 on default port 35065] INFO  volume.OMVolumeCreateRequest (OMVolumeCreateRequest.java:validateAndUpdateCache(195)) - created volume:volume57253 for user:user54941
2022-06-27 16:59:17,917 [Time-limited test] INFO  rpc.RpcClient (RpcClient.java:createBucket(666)) - Creating Bucket: volume57253/bucket19506, with the Bucket Layout LEGACY, runner as owner, Versioning false, Storage Type set to DISK and Encryption set to false 
2022-06-27 16:59:17,917 [IPC Server handler 16 on default port 35065] INFO  bucket.OMBucketCreateRequest (OMBucketCreateRequest.java:validateAndUpdateCache(260)) - created bucket: bucket19506 of layout LEGACY in volume: volume57253
]]></system-out>
  </testcase>
  <testcase name="testBucketDefaultsShouldNotBeInheritedToFileForNonEC" classname="TestRootedOzoneFileSystem" time="0.163">
    <system-out><![CDATA[2022-06-27 16:54:30,870 [Time-limited test] INFO  rpc.RpcClient (RpcClient.java:createVolume(466)) - Creating Volume: volume71173, with user04225 as owner and space quota set to -1 bytes, counts quota set to -1
2022-06-27 16:54:30,873 [OM StateMachine ApplyTransaction Thread - 0] INFO  volume.OMVolumeCreateRequest (OMVolumeCreateRequest.java:validateAndUpdateCache(195)) - created volume:volume71173 for user:user04225
2022-06-27 16:54:30,877 [Time-limited test] INFO  rpc.RpcClient (RpcClient.java:createBucket(666)) - Creating Bucket: volume71173/bucket40381, with the Bucket Layout LEGACY, runner as owner, Versioning false, Storage Type set to DISK and Encryption set to false 
2022-06-27 16:54:30,881 [OM StateMachine ApplyTransaction Thread - 0] INFO  bucket.OMBucketCreateRequest (OMBucketCreateRequest.java:validateAndUpdateCache(260)) - created bucket: bucket40381 of layout LEGACY in volume: volume71173
2022-06-27 16:54:30,906 [Time-limited test] INFO  rpc.RpcClient (RpcClient.java:createVolume(466)) - Creating Volume: 10c246f5-30da-4f64-9417-0545fd1c67f7, with user28414 as owner and space quota set to -1 bytes, counts quota set to -1
2022-06-27 16:54:30,911 [OM StateMachine ApplyTransaction Thread - 0] INFO  volume.OMVolumeCreateRequest (OMVolumeCreateRequest.java:validateAndUpdateCache(195)) - created volume:10c246f5-30da-4f64-9417-0545fd1c67f7 for user:user28414
2022-06-27 16:54:30,918 [Time-limited test] INFO  rpc.RpcClient (RpcClient.java:createBucket(666)) - Creating Bucket: 10c246f5-30da-4f64-9417-0545fd1c67f7/5b56f495-7b7e-4594-b8a8-f5f163119a25, with the Bucket Layout LEGACY, runner as owner, Versioning false, Storage Type set to DISK and Encryption set to false 
2022-06-27 16:54:30,927 [OM StateMachine ApplyTransaction Thread - 0] INFO  bucket.OMBucketCreateRequest (OMBucketCreateRequest.java:validateAndUpdateCache(260)) - created bucket: 5b56f495-7b7e-4594-b8a8-f5f163119a25 of layout LEGACY in volume: 10c246f5-30da-4f64-9417-0545fd1c67f7
]]></system-out>
  </testcase>
  <testcase name="testBucketDefaultsShouldNotBeInheritedToFileForNonEC" classname="TestRootedOzoneFileSystem" time="0.344">
    <system-out><![CDATA[2022-06-27 16:55:34,786 [Time-limited test] INFO  rpc.RpcClient (RpcClient.java:createVolume(466)) - Creating Volume: volume22208, with user87540 as owner and space quota set to -1 bytes, counts quota set to -1
2022-06-27 16:55:34,793 [OM StateMachine ApplyTransaction Thread - 0] INFO  volume.OMVolumeCreateRequest (OMVolumeCreateRequest.java:validateAndUpdateCache(195)) - created volume:volume22208 for user:user87540
2022-06-27 16:55:34,794 [Time-limited test] INFO  rpc.RpcClient (RpcClient.java:createBucket(666)) - Creating Bucket: volume22208/bucket24381, with the Bucket Layout LEGACY, runner as owner, Versioning false, Storage Type set to DISK and Encryption set to false 
2022-06-27 16:55:34,795 [OM StateMachine ApplyTransaction Thread - 0] INFO  bucket.OMBucketCreateRequest (OMBucketCreateRequest.java:validateAndUpdateCache(260)) - created bucket: bucket24381 of layout LEGACY in volume: volume22208
2022-06-27 16:55:34,874 [Time-limited test] INFO  rpc.RpcClient (RpcClient.java:createVolume(466)) - Creating Volume: f7d61040-203d-48e2-ae8e-b397063bc1c7, with user70151 as owner and space quota set to -1 bytes, counts quota set to -1
2022-06-27 16:55:34,882 [OM StateMachine ApplyTransaction Thread - 0] INFO  volume.OMVolumeCreateRequest (OMVolumeCreateRequest.java:validateAndUpdateCache(195)) - created volume:f7d61040-203d-48e2-ae8e-b397063bc1c7 for user:user70151
2022-06-27 16:55:34,883 [Time-limited test] INFO  rpc.RpcClient (RpcClient.java:createBucket(666)) - Creating Bucket: f7d61040-203d-48e2-ae8e-b397063bc1c7/795bd73e-dfd9-4e62-80dd-3e3ef327968c, with the Bucket Layout LEGACY, runner as owner, Versioning false, Storage Type set to DISK and Encryption set to false 
2022-06-27 16:55:34,884 [OM StateMachine ApplyTransaction Thread - 0] INFO  bucket.OMBucketCreateRequest (OMBucketCreateRequest.java:validateAndUpdateCache(260)) - created bucket: 795bd73e-dfd9-4e62-80dd-3e3ef327968c of layout LEGACY in volume: f7d61040-203d-48e2-ae8e-b397063bc1c7
]]></system-out>
  </testcase>
  <testcase name="testBucketDefaultsShouldNotBeInheritedToFileForNonEC" classname="TestRootedOzoneFileSystem" time="0.181">
    <system-out><![CDATA[2022-06-27 16:56:43,249 [Time-limited test] INFO  rpc.RpcClient (RpcClient.java:createVolume(466)) - Creating Volume: volume46629, with user24494 as owner and space quota set to -1 bytes, counts quota set to -1
2022-06-27 16:56:43,250 [IPC Server handler 13 on default port 40407] INFO  volume.OMVolumeCreateRequest (OMVolumeCreateRequest.java:validateAndUpdateCache(195)) - created volume:volume46629 for user:user24494
2022-06-27 16:56:43,252 [Time-limited test] INFO  rpc.RpcClient (RpcClient.java:createBucket(666)) - Creating Bucket: volume46629/bucket10303, with the Bucket Layout LEGACY, runner as owner, Versioning false, Storage Type set to DISK and Encryption set to false 
2022-06-27 16:56:43,252 [IPC Server handler 15 on default port 40407] INFO  bucket.OMBucketCreateRequest (OMBucketCreateRequest.java:validateAndUpdateCache(260)) - created bucket: bucket10303 of layout LEGACY in volume: volume46629
2022-06-27 16:56:43,294 [Time-limited test] INFO  rpc.RpcClient (RpcClient.java:createVolume(466)) - Creating Volume: ca9e6882-f843-466a-89f7-2dc2eb39784c, with user01697 as owner and space quota set to -1 bytes, counts quota set to -1
2022-06-27 16:56:43,296 [IPC Server handler 0 on default port 40407] INFO  volume.OMVolumeCreateRequest (OMVolumeCreateRequest.java:validateAndUpdateCache(195)) - created volume:ca9e6882-f843-466a-89f7-2dc2eb39784c for user:user01697
2022-06-27 16:56:43,299 [Time-limited test] INFO  rpc.RpcClient (RpcClient.java:createBucket(666)) - Creating Bucket: ca9e6882-f843-466a-89f7-2dc2eb39784c/cbb9b395-b8d2-4835-88a8-6f7720850ce6, with the Bucket Layout LEGACY, runner as owner, Versioning false, Storage Type set to DISK and Encryption set to false 
2022-06-27 16:56:43,300 [IPC Server handler 17 on default port 40407] INFO  bucket.OMBucketCreateRequest (OMBucketCreateRequest.java:validateAndUpdateCache(260)) - created bucket: cbb9b395-b8d2-4835-88a8-6f7720850ce6 of layout LEGACY in volume: ca9e6882-f843-466a-89f7-2dc2eb39784c
]]></system-out>
  </testcase>
  <testcase name="testBucketDefaultsShouldNotBeInheritedToFileForNonEC" classname="TestRootedOzoneFileSystem" time="0.311">
    <system-out><![CDATA[2022-06-27 16:57:57,296 [Time-limited test] INFO  rpc.RpcClient (RpcClient.java:createVolume(466)) - Creating Volume: volume98453, with user61633 as owner and space quota set to -1 bytes, counts quota set to -1
2022-06-27 16:57:57,297 [OM StateMachine ApplyTransaction Thread - 0] INFO  volume.OMVolumeCreateRequest (OMVolumeCreateRequest.java:validateAndUpdateCache(195)) - created volume:volume98453 for user:user61633
2022-06-27 16:57:57,298 [Time-limited test] INFO  rpc.RpcClient (RpcClient.java:createBucket(666)) - Creating Bucket: volume98453/bucket14068, with the Bucket Layout LEGACY, runner as owner, Versioning false, Storage Type set to DISK and Encryption set to false 
2022-06-27 16:57:57,301 [OM StateMachine ApplyTransaction Thread - 0] INFO  bucket.OMBucketCreateRequest (OMBucketCreateRequest.java:validateAndUpdateCache(260)) - created bucket: bucket14068 of layout LEGACY in volume: volume98453
2022-06-27 16:57:57,318 [Time-limited test] INFO  rpc.RpcClient (RpcClient.java:createVolume(466)) - Creating Volume: 8d587051-2236-4ecf-84f0-b41bc4d2a758, with user84793 as owner and space quota set to -1 bytes, counts quota set to -1
2022-06-27 16:57:57,323 [OM StateMachine ApplyTransaction Thread - 0] INFO  volume.OMVolumeCreateRequest (OMVolumeCreateRequest.java:validateAndUpdateCache(195)) - created volume:8d587051-2236-4ecf-84f0-b41bc4d2a758 for user:user84793
2022-06-27 16:57:57,324 [Time-limited test] INFO  rpc.RpcClient (RpcClient.java:createBucket(666)) - Creating Bucket: 8d587051-2236-4ecf-84f0-b41bc4d2a758/d242688e-120a-4e82-bc90-637df6278b61, with the Bucket Layout LEGACY, runner as owner, Versioning false, Storage Type set to DISK and Encryption set to false 
2022-06-27 16:57:57,325 [OM StateMachine ApplyTransaction Thread - 0] INFO  bucket.OMBucketCreateRequest (OMBucketCreateRequest.java:validateAndUpdateCache(260)) - created bucket: d242688e-120a-4e82-bc90-637df6278b61 of layout LEGACY in volume: 8d587051-2236-4ecf-84f0-b41bc4d2a758
]]></system-out>
  </testcase>
  <testcase name="testBucketDefaultsShouldNotBeInheritedToFileForNonEC" classname="TestRootedOzoneFileSystem" time="0.303">
    <system-out><![CDATA[2022-06-27 16:59:18,114 [Time-limited test] INFO  rpc.RpcClient (RpcClient.java:createVolume(466)) - Creating Volume: volume70156, with user43272 as owner and space quota set to -1 bytes, counts quota set to -1
2022-06-27 16:59:18,115 [IPC Server handler 19 on default port 35065] INFO  volume.OMVolumeCreateRequest (OMVolumeCreateRequest.java:validateAndUpdateCache(195)) - created volume:volume70156 for user:user43272
2022-06-27 16:59:18,116 [Time-limited test] INFO  rpc.RpcClient (RpcClient.java:createBucket(666)) - Creating Bucket: volume70156/bucket23764, with the Bucket Layout LEGACY, runner as owner, Versioning false, Storage Type set to DISK and Encryption set to false 
2022-06-27 16:59:18,117 [IPC Server handler 18 on default port 35065] INFO  bucket.OMBucketCreateRequest (OMBucketCreateRequest.java:validateAndUpdateCache(260)) - created bucket: bucket23764 of layout LEGACY in volume: volume70156
2022-06-27 16:59:18,185 [Time-limited test] INFO  rpc.RpcClient (RpcClient.java:createVolume(466)) - Creating Volume: 995d3278-d674-445c-8bb2-f43e396988d7, with user26477 as owner and space quota set to -1 bytes, counts quota set to -1
2022-06-27 16:59:18,185 [IPC Server handler 12 on default port 35065] INFO  volume.OMVolumeCreateRequest (OMVolumeCreateRequest.java:validateAndUpdateCache(195)) - created volume:995d3278-d674-445c-8bb2-f43e396988d7 for user:user26477
2022-06-27 16:59:18,191 [Time-limited test] INFO  rpc.RpcClient (RpcClient.java:createBucket(666)) - Creating Bucket: 995d3278-d674-445c-8bb2-f43e396988d7/b22e8a61-16a8-44f7-b13b-c08ac00aa129, with the Bucket Layout LEGACY, runner as owner, Versioning false, Storage Type set to DISK and Encryption set to false 
2022-06-27 16:59:18,191 [IPC Server handler 14 on default port 35065] INFO  bucket.OMBucketCreateRequest (OMBucketCreateRequest.java:validateAndUpdateCache(260)) - created bucket: b22e8a61-16a8-44f7-b13b-c08ac00aa129 of layout LEGACY in volume: 995d3278-d674-445c-8bb2-f43e396988d7
]]></system-out>
  </testcase>
  <testcase name="testTrash" classname="TestRootedOzoneFileSystem" time="0">
    <skipped/>
  </testcase>
  <testcase name="testTrash" classname="TestRootedOzoneFileSystem" time="0">
    <skipped/>
  </testcase>
  <testcase name="testTrash" classname="TestRootedOzoneFileSystem" time="0">
    <skipped/>
  </testcase>
  <testcase name="testTrash" classname="TestRootedOzoneFileSystem" time="0">
    <skipped/>
  </testcase>
  <testcase name="testTrash" classname="TestRootedOzoneFileSystem" time="0">
    <skipped/>
  </testcase>
  <testcase name="testRenameDestinationParentDoesntExist" classname="TestRootedOzoneFileSystem" time="0.09">
    <system-out><![CDATA[2022-06-27 16:54:31,030 [Time-limited test] INFO  rpc.RpcClient (RpcClient.java:createVolume(466)) - Creating Volume: volume17567, with user50180 as owner and space quota set to -1 bytes, counts quota set to -1
2022-06-27 16:54:31,034 [OM StateMachine ApplyTransaction Thread - 0] INFO  volume.OMVolumeCreateRequest (OMVolumeCreateRequest.java:validateAndUpdateCache(195)) - created volume:volume17567 for user:user50180
2022-06-27 16:54:31,038 [Time-limited test] INFO  rpc.RpcClient (RpcClient.java:createBucket(666)) - Creating Bucket: volume17567/bucket01784, with the Bucket Layout LEGACY, runner as owner, Versioning false, Storage Type set to DISK and Encryption set to false 
2022-06-27 16:54:31,041 [OM StateMachine ApplyTransaction Thread - 0] INFO  bucket.OMBucketCreateRequest (OMBucketCreateRequest.java:validateAndUpdateCache(260)) - created bucket: bucket01784 of layout LEGACY in volume: volume17567
16:54:31.050 [IPC Server handler 7 on default port 44473] ERROR OMAudit - user=runner | ip=127.0.0.1 | op=GET_FILE_STATUS {volume=volume17567, bucket=bucket01784, key=root_dir/b/c, dataSize=0, replicationConfig=null} | ret=FAILURE
org.apache.hadoop.ozone.om.exceptions.OMException: Unable to get file status: volume: volume17567 bucket: bucket01784 key: root_dir/b/c
	at org.apache.hadoop.ozone.om.KeyManagerImpl.getOzoneFileStatus(KeyManagerImpl.java:1311) ~[ozone-manager-1.3.0-SNAPSHOT.jar:?]
	at org.apache.hadoop.ozone.om.KeyManagerImpl.getFileStatus(KeyManagerImpl.java:1241) ~[ozone-manager-1.3.0-SNAPSHOT.jar:?]
	at org.apache.hadoop.ozone.om.OzoneManager.getFileStatus(OzoneManager.java:3419) ~[ozone-manager-1.3.0-SNAPSHOT.jar:?]
	at org.apache.hadoop.ozone.protocolPB.OzoneManagerRequestHandler.getOzoneFileStatus(OzoneManagerRequestHandler.java:871) ~[ozone-manager-1.3.0-SNAPSHOT.jar:?]
	at org.apache.hadoop.ozone.protocolPB.OzoneManagerRequestHandler.handleReadRequest(OzoneManagerRequestHandler.java:217) ~[ozone-manager-1.3.0-SNAPSHOT.jar:?]
	at org.apache.hadoop.ozone.protocolPB.OzoneManagerProtocolServerSideTranslatorPB.submitReadRequestToOM(OzoneManagerProtocolServerSideTranslatorPB.java:226) ~[ozone-manager-1.3.0-SNAPSHOT.jar:?]
	at org.apache.hadoop.ozone.protocolPB.OzoneManagerProtocolServerSideTranslatorPB.processRequest(OzoneManagerProtocolServerSideTranslatorPB.java:175) ~[ozone-manager-1.3.0-SNAPSHOT.jar:?]
	at org.apache.hadoop.hdds.server.OzoneProtocolMessageDispatcher.processRequest(OzoneProtocolMessageDispatcher.java:87) [hdds-server-framework-1.3.0-SNAPSHOT.jar:?]
	at org.apache.hadoop.ozone.protocolPB.OzoneManagerProtocolServerSideTranslatorPB.submitRequest(OzoneManagerProtocolServerSideTranslatorPB.java:147) [ozone-manager-1.3.0-SNAPSHOT.jar:?]
	at org.apache.hadoop.ozone.protocol.proto.OzoneManagerProtocolProtos$OzoneManagerService$2.callBlockingMethod(OzoneManagerProtocolProtos.java) [ozone-interface-client-1.3.0-SNAPSHOT.jar:?]
	at org.apache.hadoop.ipc.ProtobufRpcEngine$Server.processCall(ProtobufRpcEngine.java:466) [hadoop-common-3.3.1.jar:?]
	at org.apache.hadoop.ipc.ProtobufRpcEngine2$Server$ProtoBufRpcInvoker.call(ProtobufRpcEngine2.java:574) [hadoop-common-3.3.1.jar:?]
	at org.apache.hadoop.ipc.ProtobufRpcEngine2$Server$ProtoBufRpcInvoker.call(ProtobufRpcEngine2.java:552) [hadoop-common-3.3.1.jar:?]
	at org.apache.hadoop.ipc.RPC$Server.call(RPC.java:1093) [hadoop-common-3.3.1.jar:?]
	at org.apache.hadoop.ipc.Server$RpcCall.run(Server.java:1035) [hadoop-common-3.3.1.jar:?]
	at org.apache.hadoop.ipc.Server$RpcCall.run(Server.java:963) [hadoop-common-3.3.1.jar:?]
	at java.security.AccessController.doPrivileged(Native Method) ~[?:1.8.0_332]
	at javax.security.auth.Subject.doAs(Subject.java:422) [?:1.8.0_332]
	at org.apache.hadoop.security.UserGroupInformation.doAs(UserGroupInformation.java:1878) [hadoop-common-3.3.1.jar:?]
	at org.apache.hadoop.ipc.Server$Handler.run(Server.java:2966) [hadoop-common-3.3.1.jar:?]
16:54:31.054 [IPC Server handler 8 on default port 44473] ERROR OMAudit - user=runner | ip=127.0.0.1 | op=GET_FILE_STATUS {volume=volume17567, bucket=bucket01784, key=root_dir/b, dataSize=0, replicationConfig=null} | ret=FAILURE
org.apache.hadoop.ozone.om.exceptions.OMException: Unable to get file status: volume: volume17567 bucket: bucket01784 key: root_dir/b
	at org.apache.hadoop.ozone.om.KeyManagerImpl.getOzoneFileStatus(KeyManagerImpl.java:1311) ~[ozone-manager-1.3.0-SNAPSHOT.jar:?]
	at org.apache.hadoop.ozone.om.KeyManagerImpl.getFileStatus(KeyManagerImpl.java:1241) ~[ozone-manager-1.3.0-SNAPSHOT.jar:?]
	at org.apache.hadoop.ozone.om.OzoneManager.getFileStatus(OzoneManager.java:3419) ~[ozone-manager-1.3.0-SNAPSHOT.jar:?]
	at org.apache.hadoop.ozone.protocolPB.OzoneManagerRequestHandler.getOzoneFileStatus(OzoneManagerRequestHandler.java:871) ~[ozone-manager-1.3.0-SNAPSHOT.jar:?]
	at org.apache.hadoop.ozone.protocolPB.OzoneManagerRequestHandler.handleReadRequest(OzoneManagerRequestHandler.java:217) ~[ozone-manager-1.3.0-SNAPSHOT.jar:?]
	at org.apache.hadoop.ozone.protocolPB.OzoneManagerProtocolServerSideTranslatorPB.submitReadRequestToOM(OzoneManagerProtocolServerSideTranslatorPB.java:226) ~[ozone-manager-1.3.0-SNAPSHOT.jar:?]
	at org.apache.hadoop.ozone.protocolPB.OzoneManagerProtocolServerSideTranslatorPB.processRequest(OzoneManagerProtocolServerSideTranslatorPB.java:175) ~[ozone-manager-1.3.0-SNAPSHOT.jar:?]
	at org.apache.hadoop.hdds.server.OzoneProtocolMessageDispatcher.processRequest(OzoneProtocolMessageDispatcher.java:87) [hdds-server-framework-1.3.0-SNAPSHOT.jar:?]
	at org.apache.hadoop.ozone.protocolPB.OzoneManagerProtocolServerSideTranslatorPB.submitRequest(OzoneManagerProtocolServerSideTranslatorPB.java:147) [ozone-manager-1.3.0-SNAPSHOT.jar:?]
	at org.apache.hadoop.ozone.protocol.proto.OzoneManagerProtocolProtos$OzoneManagerService$2.callBlockingMethod(OzoneManagerProtocolProtos.java) [ozone-interface-client-1.3.0-SNAPSHOT.jar:?]
	at org.apache.hadoop.ipc.ProtobufRpcEngine$Server.processCall(ProtobufRpcEngine.java:466) [hadoop-common-3.3.1.jar:?]
	at org.apache.hadoop.ipc.ProtobufRpcEngine2$Server$ProtoBufRpcInvoker.call(ProtobufRpcEngine2.java:574) [hadoop-common-3.3.1.jar:?]
	at org.apache.hadoop.ipc.ProtobufRpcEngine2$Server$ProtoBufRpcInvoker.call(ProtobufRpcEngine2.java:552) [hadoop-common-3.3.1.jar:?]
	at org.apache.hadoop.ipc.RPC$Server.call(RPC.java:1093) [hadoop-common-3.3.1.jar:?]
	at org.apache.hadoop.ipc.Server$RpcCall.run(Server.java:1035) [hadoop-common-3.3.1.jar:?]
	at org.apache.hadoop.ipc.Server$RpcCall.run(Server.java:963) [hadoop-common-3.3.1.jar:?]
	at java.security.AccessController.doPrivileged(Native Method) ~[?:1.8.0_332]
	at javax.security.auth.Subject.doAs(Subject.java:422) [?:1.8.0_332]
	at org.apache.hadoop.security.UserGroupInformation.doAs(UserGroupInformation.java:1878) [hadoop-common-3.3.1.jar:?]
	at org.apache.hadoop.ipc.Server$Handler.run(Server.java:2966) [hadoop-common-3.3.1.jar:?]
16:54:31.070 [IPC Server handler 13 on default port 44473] ERROR OMAudit - user=runner | ip=127.0.0.1 | op=GET_FILE_STATUS {volume=volume17567, bucket=bucket01784, key=root_dir/file1/c, dataSize=0, replicationConfig=null} | ret=FAILURE
org.apache.hadoop.ozone.om.exceptions.OMException: Unable to get file status: volume: volume17567 bucket: bucket01784 key: root_dir/file1/c
	at org.apache.hadoop.ozone.om.KeyManagerImpl.getOzoneFileStatus(KeyManagerImpl.java:1311) ~[ozone-manager-1.3.0-SNAPSHOT.jar:?]
	at org.apache.hadoop.ozone.om.KeyManagerImpl.getFileStatus(KeyManagerImpl.java:1241) ~[ozone-manager-1.3.0-SNAPSHOT.jar:?]
	at org.apache.hadoop.ozone.om.OzoneManager.getFileStatus(OzoneManager.java:3419) ~[ozone-manager-1.3.0-SNAPSHOT.jar:?]
	at org.apache.hadoop.ozone.protocolPB.OzoneManagerRequestHandler.getOzoneFileStatus(OzoneManagerRequestHandler.java:871) ~[ozone-manager-1.3.0-SNAPSHOT.jar:?]
	at org.apache.hadoop.ozone.protocolPB.OzoneManagerRequestHandler.handleReadRequest(OzoneManagerRequestHandler.java:217) ~[ozone-manager-1.3.0-SNAPSHOT.jar:?]
	at org.apache.hadoop.ozone.protocolPB.OzoneManagerProtocolServerSideTranslatorPB.submitReadRequestToOM(OzoneManagerProtocolServerSideTranslatorPB.java:226) ~[ozone-manager-1.3.0-SNAPSHOT.jar:?]
	at org.apache.hadoop.ozone.protocolPB.OzoneManagerProtocolServerSideTranslatorPB.processRequest(OzoneManagerProtocolServerSideTranslatorPB.java:175) ~[ozone-manager-1.3.0-SNAPSHOT.jar:?]
	at org.apache.hadoop.hdds.server.OzoneProtocolMessageDispatcher.processRequest(OzoneProtocolMessageDispatcher.java:87) [hdds-server-framework-1.3.0-SNAPSHOT.jar:?]
	at org.apache.hadoop.ozone.protocolPB.OzoneManagerProtocolServerSideTranslatorPB.submitRequest(OzoneManagerProtocolServerSideTranslatorPB.java:147) [ozone-manager-1.3.0-SNAPSHOT.jar:?]
	at org.apache.hadoop.ozone.protocol.proto.OzoneManagerProtocolProtos$OzoneManagerService$2.callBlockingMethod(OzoneManagerProtocolProtos.java) [ozone-interface-client-1.3.0-SNAPSHOT.jar:?]
	at org.apache.hadoop.ipc.ProtobufRpcEngine$Server.processCall(ProtobufRpcEngine.java:466) [hadoop-common-3.3.1.jar:?]
	at org.apache.hadoop.ipc.ProtobufRpcEngine2$Server$ProtoBufRpcInvoker.call(ProtobufRpcEngine2.java:574) [hadoop-common-3.3.1.jar:?]
	at org.apache.hadoop.ipc.ProtobufRpcEngine2$Server$ProtoBufRpcInvoker.call(ProtobufRpcEngine2.java:552) [hadoop-common-3.3.1.jar:?]
	at org.apache.hadoop.ipc.RPC$Server.call(RPC.java:1093) [hadoop-common-3.3.1.jar:?]
	at org.apache.hadoop.ipc.Server$RpcCall.run(Server.java:1035) [hadoop-common-3.3.1.jar:?]
	at org.apache.hadoop.ipc.Server$RpcCall.run(Server.java:963) [hadoop-common-3.3.1.jar:?]
	at java.security.AccessController.doPrivileged(Native Method) ~[?:1.8.0_332]
	at javax.security.auth.Subject.doAs(Subject.java:422) [?:1.8.0_332]
	at org.apache.hadoop.security.UserGroupInformation.doAs(UserGroupInformation.java:1878) [hadoop-common-3.3.1.jar:?]
	at org.apache.hadoop.ipc.Server$Handler.run(Server.java:2966) [hadoop-common-3.3.1.jar:?]
]]></system-out>
  </testcase>
  <testcase name="testRenameDestinationParentDoesntExist" classname="TestRootedOzoneFileSystem" time="0.11">
    <system-out><![CDATA[2022-06-27 16:55:35,118 [Time-limited test] INFO  rpc.RpcClient (RpcClient.java:createVolume(466)) - Creating Volume: volume13103, with user24981 as owner and space quota set to -1 bytes, counts quota set to -1
2022-06-27 16:55:35,119 [OM StateMachine ApplyTransaction Thread - 0] INFO  volume.OMVolumeCreateRequest (OMVolumeCreateRequest.java:validateAndUpdateCache(195)) - created volume:volume13103 for user:user24981
2022-06-27 16:55:35,121 [Time-limited test] INFO  rpc.RpcClient (RpcClient.java:createBucket(666)) - Creating Bucket: volume13103/bucket52548, with the Bucket Layout LEGACY, runner as owner, Versioning false, Storage Type set to DISK and Encryption set to false 
2022-06-27 16:55:35,122 [OM StateMachine ApplyTransaction Thread - 0] INFO  bucket.OMBucketCreateRequest (OMBucketCreateRequest.java:validateAndUpdateCache(260)) - created bucket: bucket52548 of layout LEGACY in volume: volume13103
16:55:35.134 [IPC Server handler 9 on default port 39955] ERROR OMAudit - user=runner | ip=127.0.0.1 | op=GET_FILE_STATUS {volume=volume13103, bucket=bucket52548, key=root_dir/b/c, dataSize=0, replicationConfig=null} | ret=FAILURE
org.apache.hadoop.ozone.om.exceptions.OMException: Unable to get file status: volume: volume13103 bucket: bucket52548 key: root_dir/b/c
	at org.apache.hadoop.ozone.om.KeyManagerImpl.getOzoneFileStatus(KeyManagerImpl.java:1311) ~[ozone-manager-1.3.0-SNAPSHOT.jar:?]
	at org.apache.hadoop.ozone.om.KeyManagerImpl.getFileStatus(KeyManagerImpl.java:1241) ~[ozone-manager-1.3.0-SNAPSHOT.jar:?]
	at org.apache.hadoop.ozone.om.OzoneManager.getFileStatus(OzoneManager.java:3419) ~[ozone-manager-1.3.0-SNAPSHOT.jar:?]
	at org.apache.hadoop.ozone.protocolPB.OzoneManagerRequestHandler.getOzoneFileStatus(OzoneManagerRequestHandler.java:871) ~[ozone-manager-1.3.0-SNAPSHOT.jar:?]
	at org.apache.hadoop.ozone.protocolPB.OzoneManagerRequestHandler.handleReadRequest(OzoneManagerRequestHandler.java:217) ~[ozone-manager-1.3.0-SNAPSHOT.jar:?]
	at org.apache.hadoop.ozone.protocolPB.OzoneManagerProtocolServerSideTranslatorPB.submitReadRequestToOM(OzoneManagerProtocolServerSideTranslatorPB.java:226) ~[ozone-manager-1.3.0-SNAPSHOT.jar:?]
	at org.apache.hadoop.ozone.protocolPB.OzoneManagerProtocolServerSideTranslatorPB.processRequest(OzoneManagerProtocolServerSideTranslatorPB.java:175) ~[ozone-manager-1.3.0-SNAPSHOT.jar:?]
	at org.apache.hadoop.hdds.server.OzoneProtocolMessageDispatcher.processRequest(OzoneProtocolMessageDispatcher.java:87) [hdds-server-framework-1.3.0-SNAPSHOT.jar:?]
	at org.apache.hadoop.ozone.protocolPB.OzoneManagerProtocolServerSideTranslatorPB.submitRequest(OzoneManagerProtocolServerSideTranslatorPB.java:147) [ozone-manager-1.3.0-SNAPSHOT.jar:?]
	at org.apache.hadoop.ozone.protocol.proto.OzoneManagerProtocolProtos$OzoneManagerService$2.callBlockingMethod(OzoneManagerProtocolProtos.java) [ozone-interface-client-1.3.0-SNAPSHOT.jar:?]
	at org.apache.hadoop.ipc.ProtobufRpcEngine$Server.processCall(ProtobufRpcEngine.java:466) [hadoop-common-3.3.1.jar:?]
	at org.apache.hadoop.ipc.ProtobufRpcEngine2$Server$ProtoBufRpcInvoker.call(ProtobufRpcEngine2.java:574) [hadoop-common-3.3.1.jar:?]
	at org.apache.hadoop.ipc.ProtobufRpcEngine2$Server$ProtoBufRpcInvoker.call(ProtobufRpcEngine2.java:552) [hadoop-common-3.3.1.jar:?]
	at org.apache.hadoop.ipc.RPC$Server.call(RPC.java:1093) [hadoop-common-3.3.1.jar:?]
	at org.apache.hadoop.ipc.Server$RpcCall.run(Server.java:1035) [hadoop-common-3.3.1.jar:?]
	at org.apache.hadoop.ipc.Server$RpcCall.run(Server.java:963) [hadoop-common-3.3.1.jar:?]
	at java.security.AccessController.doPrivileged(Native Method) ~[?:1.8.0_332]
	at javax.security.auth.Subject.doAs(Subject.java:422) [?:1.8.0_332]
	at org.apache.hadoop.security.UserGroupInformation.doAs(UserGroupInformation.java:1878) [hadoop-common-3.3.1.jar:?]
	at org.apache.hadoop.ipc.Server$Handler.run(Server.java:2966) [hadoop-common-3.3.1.jar:?]
16:55:35.135 [IPC Server handler 18 on default port 39955] ERROR OMAudit - user=runner | ip=127.0.0.1 | op=GET_FILE_STATUS {volume=volume13103, bucket=bucket52548, key=root_dir/b, dataSize=0, replicationConfig=null} | ret=FAILURE
org.apache.hadoop.ozone.om.exceptions.OMException: Unable to get file status: volume: volume13103 bucket: bucket52548 key: root_dir/b
	at org.apache.hadoop.ozone.om.KeyManagerImpl.getOzoneFileStatus(KeyManagerImpl.java:1311) ~[ozone-manager-1.3.0-SNAPSHOT.jar:?]
	at org.apache.hadoop.ozone.om.KeyManagerImpl.getFileStatus(KeyManagerImpl.java:1241) ~[ozone-manager-1.3.0-SNAPSHOT.jar:?]
	at org.apache.hadoop.ozone.om.OzoneManager.getFileStatus(OzoneManager.java:3419) ~[ozone-manager-1.3.0-SNAPSHOT.jar:?]
	at org.apache.hadoop.ozone.protocolPB.OzoneManagerRequestHandler.getOzoneFileStatus(OzoneManagerRequestHandler.java:871) ~[ozone-manager-1.3.0-SNAPSHOT.jar:?]
	at org.apache.hadoop.ozone.protocolPB.OzoneManagerRequestHandler.handleReadRequest(OzoneManagerRequestHandler.java:217) ~[ozone-manager-1.3.0-SNAPSHOT.jar:?]
	at org.apache.hadoop.ozone.protocolPB.OzoneManagerProtocolServerSideTranslatorPB.submitReadRequestToOM(OzoneManagerProtocolServerSideTranslatorPB.java:226) ~[ozone-manager-1.3.0-SNAPSHOT.jar:?]
	at org.apache.hadoop.ozone.protocolPB.OzoneManagerProtocolServerSideTranslatorPB.processRequest(OzoneManagerProtocolServerSideTranslatorPB.java:175) ~[ozone-manager-1.3.0-SNAPSHOT.jar:?]
	at org.apache.hadoop.hdds.server.OzoneProtocolMessageDispatcher.processRequest(OzoneProtocolMessageDispatcher.java:87) [hdds-server-framework-1.3.0-SNAPSHOT.jar:?]
	at org.apache.hadoop.ozone.protocolPB.OzoneManagerProtocolServerSideTranslatorPB.submitRequest(OzoneManagerProtocolServerSideTranslatorPB.java:147) [ozone-manager-1.3.0-SNAPSHOT.jar:?]
	at org.apache.hadoop.ozone.protocol.proto.OzoneManagerProtocolProtos$OzoneManagerService$2.callBlockingMethod(OzoneManagerProtocolProtos.java) [ozone-interface-client-1.3.0-SNAPSHOT.jar:?]
	at org.apache.hadoop.ipc.ProtobufRpcEngine$Server.processCall(ProtobufRpcEngine.java:466) [hadoop-common-3.3.1.jar:?]
	at org.apache.hadoop.ipc.ProtobufRpcEngine2$Server$ProtoBufRpcInvoker.call(ProtobufRpcEngine2.java:574) [hadoop-common-3.3.1.jar:?]
	at org.apache.hadoop.ipc.ProtobufRpcEngine2$Server$ProtoBufRpcInvoker.call(ProtobufRpcEngine2.java:552) [hadoop-common-3.3.1.jar:?]
	at org.apache.hadoop.ipc.RPC$Server.call(RPC.java:1093) [hadoop-common-3.3.1.jar:?]
	at org.apache.hadoop.ipc.Server$RpcCall.run(Server.java:1035) [hadoop-common-3.3.1.jar:?]
	at org.apache.hadoop.ipc.Server$RpcCall.run(Server.java:963) [hadoop-common-3.3.1.jar:?]
	at java.security.AccessController.doPrivileged(Native Method) ~[?:1.8.0_332]
	at javax.security.auth.Subject.doAs(Subject.java:422) [?:1.8.0_332]
	at org.apache.hadoop.security.UserGroupInformation.doAs(UserGroupInformation.java:1878) [hadoop-common-3.3.1.jar:?]
	at org.apache.hadoop.ipc.Server$Handler.run(Server.java:2966) [hadoop-common-3.3.1.jar:?]
16:55:35.145 [IPC Server handler 12 on default port 39955] ERROR OMAudit - user=runner | ip=127.0.0.1 | op=GET_FILE_STATUS {volume=volume13103, bucket=bucket52548, key=root_dir/file1/c, dataSize=0, replicationConfig=null} | ret=FAILURE
org.apache.hadoop.ozone.om.exceptions.OMException: Unable to get file status: volume: volume13103 bucket: bucket52548 key: root_dir/file1/c
	at org.apache.hadoop.ozone.om.KeyManagerImpl.getOzoneFileStatus(KeyManagerImpl.java:1311) ~[ozone-manager-1.3.0-SNAPSHOT.jar:?]
	at org.apache.hadoop.ozone.om.KeyManagerImpl.getFileStatus(KeyManagerImpl.java:1241) ~[ozone-manager-1.3.0-SNAPSHOT.jar:?]
	at org.apache.hadoop.ozone.om.OzoneManager.getFileStatus(OzoneManager.java:3419) ~[ozone-manager-1.3.0-SNAPSHOT.jar:?]
	at org.apache.hadoop.ozone.protocolPB.OzoneManagerRequestHandler.getOzoneFileStatus(OzoneManagerRequestHandler.java:871) ~[ozone-manager-1.3.0-SNAPSHOT.jar:?]
	at org.apache.hadoop.ozone.protocolPB.OzoneManagerRequestHandler.handleReadRequest(OzoneManagerRequestHandler.java:217) ~[ozone-manager-1.3.0-SNAPSHOT.jar:?]
	at org.apache.hadoop.ozone.protocolPB.OzoneManagerProtocolServerSideTranslatorPB.submitReadRequestToOM(OzoneManagerProtocolServerSideTranslatorPB.java:226) ~[ozone-manager-1.3.0-SNAPSHOT.jar:?]
	at org.apache.hadoop.ozone.protocolPB.OzoneManagerProtocolServerSideTranslatorPB.processRequest(OzoneManagerProtocolServerSideTranslatorPB.java:175) ~[ozone-manager-1.3.0-SNAPSHOT.jar:?]
	at org.apache.hadoop.hdds.server.OzoneProtocolMessageDispatcher.processRequest(OzoneProtocolMessageDispatcher.java:87) [hdds-server-framework-1.3.0-SNAPSHOT.jar:?]
	at org.apache.hadoop.ozone.protocolPB.OzoneManagerProtocolServerSideTranslatorPB.submitRequest(OzoneManagerProtocolServerSideTranslatorPB.java:147) [ozone-manager-1.3.0-SNAPSHOT.jar:?]
	at org.apache.hadoop.ozone.protocol.proto.OzoneManagerProtocolProtos$OzoneManagerService$2.callBlockingMethod(OzoneManagerProtocolProtos.java) [ozone-interface-client-1.3.0-SNAPSHOT.jar:?]
	at org.apache.hadoop.ipc.ProtobufRpcEngine$Server.processCall(ProtobufRpcEngine.java:466) [hadoop-common-3.3.1.jar:?]
	at org.apache.hadoop.ipc.ProtobufRpcEngine2$Server$ProtoBufRpcInvoker.call(ProtobufRpcEngine2.java:574) [hadoop-common-3.3.1.jar:?]
	at org.apache.hadoop.ipc.ProtobufRpcEngine2$Server$ProtoBufRpcInvoker.call(ProtobufRpcEngine2.java:552) [hadoop-common-3.3.1.jar:?]
	at org.apache.hadoop.ipc.RPC$Server.call(RPC.java:1093) [hadoop-common-3.3.1.jar:?]
	at org.apache.hadoop.ipc.Server$RpcCall.run(Server.java:1035) [hadoop-common-3.3.1.jar:?]
	at org.apache.hadoop.ipc.Server$RpcCall.run(Server.java:963) [hadoop-common-3.3.1.jar:?]
	at java.security.AccessController.doPrivileged(Native Method) ~[?:1.8.0_332]
	at javax.security.auth.Subject.doAs(Subject.java:422) [?:1.8.0_332]
	at org.apache.hadoop.security.UserGroupInformation.doAs(UserGroupInformation.java:1878) [hadoop-common-3.3.1.jar:?]
	at org.apache.hadoop.ipc.Server$Handler.run(Server.java:2966) [hadoop-common-3.3.1.jar:?]
]]></system-out>
  </testcase>
  <testcase name="testRenameDestinationParentDoesntExist" classname="TestRootedOzoneFileSystem" time="0.08">
    <system-out><![CDATA[2022-06-27 16:56:43,445 [Time-limited test] INFO  rpc.RpcClient (RpcClient.java:createVolume(466)) - Creating Volume: volume19066, with user38813 as owner and space quota set to -1 bytes, counts quota set to -1
2022-06-27 16:56:43,452 [IPC Server handler 4 on default port 40407] INFO  volume.OMVolumeCreateRequest (OMVolumeCreateRequest.java:validateAndUpdateCache(195)) - created volume:volume19066 for user:user38813
2022-06-27 16:56:43,454 [Time-limited test] INFO  rpc.RpcClient (RpcClient.java:createBucket(666)) - Creating Bucket: volume19066/bucket70536, with the Bucket Layout LEGACY, runner as owner, Versioning false, Storage Type set to DISK and Encryption set to false 
2022-06-27 16:56:43,455 [IPC Server handler 8 on default port 40407] INFO  bucket.OMBucketCreateRequest (OMBucketCreateRequest.java:validateAndUpdateCache(260)) - created bucket: bucket70536 of layout LEGACY in volume: volume19066
16:56:43.474 [IPC Server handler 14 on default port 40407] ERROR OMAudit - user=runner | ip=127.0.0.1 | op=GET_FILE_STATUS {volume=volume19066, bucket=bucket70536, key=root_dir/b/c, dataSize=0, replicationConfig=null} | ret=FAILURE
org.apache.hadoop.ozone.om.exceptions.OMException: Unable to get file status: volume: volume19066 bucket: bucket70536 key: root_dir/b/c
	at org.apache.hadoop.ozone.om.KeyManagerImpl.getOzoneFileStatus(KeyManagerImpl.java:1311) ~[ozone-manager-1.3.0-SNAPSHOT.jar:?]
	at org.apache.hadoop.ozone.om.KeyManagerImpl.getFileStatus(KeyManagerImpl.java:1241) ~[ozone-manager-1.3.0-SNAPSHOT.jar:?]
	at org.apache.hadoop.ozone.om.OzoneManager.getFileStatus(OzoneManager.java:3419) ~[ozone-manager-1.3.0-SNAPSHOT.jar:?]
	at org.apache.hadoop.ozone.protocolPB.OzoneManagerRequestHandler.getOzoneFileStatus(OzoneManagerRequestHandler.java:871) ~[ozone-manager-1.3.0-SNAPSHOT.jar:?]
	at org.apache.hadoop.ozone.protocolPB.OzoneManagerRequestHandler.handleReadRequest(OzoneManagerRequestHandler.java:217) ~[ozone-manager-1.3.0-SNAPSHOT.jar:?]
	at org.apache.hadoop.ozone.protocolPB.OzoneManagerProtocolServerSideTranslatorPB.submitRequestDirectlyToOM(OzoneManagerProtocolServerSideTranslatorPB.java:276) ~[ozone-manager-1.3.0-SNAPSHOT.jar:?]
	at org.apache.hadoop.ozone.protocolPB.OzoneManagerProtocolServerSideTranslatorPB.processRequest(OzoneManagerProtocolServerSideTranslatorPB.java:205) ~[ozone-manager-1.3.0-SNAPSHOT.jar:?]
	at org.apache.hadoop.hdds.server.OzoneProtocolMessageDispatcher.processRequest(OzoneProtocolMessageDispatcher.java:87) [hdds-server-framework-1.3.0-SNAPSHOT.jar:?]
	at org.apache.hadoop.ozone.protocolPB.OzoneManagerProtocolServerSideTranslatorPB.submitRequest(OzoneManagerProtocolServerSideTranslatorPB.java:147) [ozone-manager-1.3.0-SNAPSHOT.jar:?]
	at org.apache.hadoop.ozone.protocol.proto.OzoneManagerProtocolProtos$OzoneManagerService$2.callBlockingMethod(OzoneManagerProtocolProtos.java) [ozone-interface-client-1.3.0-SNAPSHOT.jar:?]
	at org.apache.hadoop.ipc.ProtobufRpcEngine$Server.processCall(ProtobufRpcEngine.java:466) [hadoop-common-3.3.1.jar:?]
	at org.apache.hadoop.ipc.ProtobufRpcEngine2$Server$ProtoBufRpcInvoker.call(ProtobufRpcEngine2.java:574) [hadoop-common-3.3.1.jar:?]
	at org.apache.hadoop.ipc.ProtobufRpcEngine2$Server$ProtoBufRpcInvoker.call(ProtobufRpcEngine2.java:552) [hadoop-common-3.3.1.jar:?]
	at org.apache.hadoop.ipc.RPC$Server.call(RPC.java:1093) [hadoop-common-3.3.1.jar:?]
	at org.apache.hadoop.ipc.Server$RpcCall.run(Server.java:1035) [hadoop-common-3.3.1.jar:?]
	at org.apache.hadoop.ipc.Server$RpcCall.run(Server.java:963) [hadoop-common-3.3.1.jar:?]
	at java.security.AccessController.doPrivileged(Native Method) ~[?:1.8.0_332]
	at javax.security.auth.Subject.doAs(Subject.java:422) [?:1.8.0_332]
	at org.apache.hadoop.security.UserGroupInformation.doAs(UserGroupInformation.java:1878) [hadoop-common-3.3.1.jar:?]
	at org.apache.hadoop.ipc.Server$Handler.run(Server.java:2966) [hadoop-common-3.3.1.jar:?]
16:56:43.475 [IPC Server handler 19 on default port 40407] ERROR OMAudit - user=runner | ip=127.0.0.1 | op=GET_FILE_STATUS {volume=volume19066, bucket=bucket70536, key=root_dir/b, dataSize=0, replicationConfig=null} | ret=FAILURE
org.apache.hadoop.ozone.om.exceptions.OMException: Unable to get file status: volume: volume19066 bucket: bucket70536 key: root_dir/b
	at org.apache.hadoop.ozone.om.KeyManagerImpl.getOzoneFileStatus(KeyManagerImpl.java:1311) ~[ozone-manager-1.3.0-SNAPSHOT.jar:?]
	at org.apache.hadoop.ozone.om.KeyManagerImpl.getFileStatus(KeyManagerImpl.java:1241) ~[ozone-manager-1.3.0-SNAPSHOT.jar:?]
	at org.apache.hadoop.ozone.om.OzoneManager.getFileStatus(OzoneManager.java:3419) ~[ozone-manager-1.3.0-SNAPSHOT.jar:?]
	at org.apache.hadoop.ozone.protocolPB.OzoneManagerRequestHandler.getOzoneFileStatus(OzoneManagerRequestHandler.java:871) ~[ozone-manager-1.3.0-SNAPSHOT.jar:?]
	at org.apache.hadoop.ozone.protocolPB.OzoneManagerRequestHandler.handleReadRequest(OzoneManagerRequestHandler.java:217) ~[ozone-manager-1.3.0-SNAPSHOT.jar:?]
	at org.apache.hadoop.ozone.protocolPB.OzoneManagerProtocolServerSideTranslatorPB.submitRequestDirectlyToOM(OzoneManagerProtocolServerSideTranslatorPB.java:276) ~[ozone-manager-1.3.0-SNAPSHOT.jar:?]
	at org.apache.hadoop.ozone.protocolPB.OzoneManagerProtocolServerSideTranslatorPB.processRequest(OzoneManagerProtocolServerSideTranslatorPB.java:205) ~[ozone-manager-1.3.0-SNAPSHOT.jar:?]
	at org.apache.hadoop.hdds.server.OzoneProtocolMessageDispatcher.processRequest(OzoneProtocolMessageDispatcher.java:87) [hdds-server-framework-1.3.0-SNAPSHOT.jar:?]
	at org.apache.hadoop.ozone.protocolPB.OzoneManagerProtocolServerSideTranslatorPB.submitRequest(OzoneManagerProtocolServerSideTranslatorPB.java:147) [ozone-manager-1.3.0-SNAPSHOT.jar:?]
	at org.apache.hadoop.ozone.protocol.proto.OzoneManagerProtocolProtos$OzoneManagerService$2.callBlockingMethod(OzoneManagerProtocolProtos.java) [ozone-interface-client-1.3.0-SNAPSHOT.jar:?]
	at org.apache.hadoop.ipc.ProtobufRpcEngine$Server.processCall(ProtobufRpcEngine.java:466) [hadoop-common-3.3.1.jar:?]
	at org.apache.hadoop.ipc.ProtobufRpcEngine2$Server$ProtoBufRpcInvoker.call(ProtobufRpcEngine2.java:574) [hadoop-common-3.3.1.jar:?]
	at org.apache.hadoop.ipc.ProtobufRpcEngine2$Server$ProtoBufRpcInvoker.call(ProtobufRpcEngine2.java:552) [hadoop-common-3.3.1.jar:?]
	at org.apache.hadoop.ipc.RPC$Server.call(RPC.java:1093) [hadoop-common-3.3.1.jar:?]
	at org.apache.hadoop.ipc.Server$RpcCall.run(Server.java:1035) [hadoop-common-3.3.1.jar:?]
	at org.apache.hadoop.ipc.Server$RpcCall.run(Server.java:963) [hadoop-common-3.3.1.jar:?]
	at java.security.AccessController.doPrivileged(Native Method) ~[?:1.8.0_332]
	at javax.security.auth.Subject.doAs(Subject.java:422) [?:1.8.0_332]
	at org.apache.hadoop.security.UserGroupInformation.doAs(UserGroupInformation.java:1878) [hadoop-common-3.3.1.jar:?]
	at org.apache.hadoop.ipc.Server$Handler.run(Server.java:2966) [hadoop-common-3.3.1.jar:?]
16:56:43.486 [IPC Server handler 4 on default port 40407] ERROR OMAudit - user=runner | ip=127.0.0.1 | op=GET_FILE_STATUS {volume=volume19066, bucket=bucket70536, key=root_dir/file1/c, dataSize=0, replicationConfig=null} | ret=FAILURE
org.apache.hadoop.ozone.om.exceptions.OMException: Unable to get file status: volume: volume19066 bucket: bucket70536 key: root_dir/file1/c
	at org.apache.hadoop.ozone.om.KeyManagerImpl.getOzoneFileStatus(KeyManagerImpl.java:1311) ~[ozone-manager-1.3.0-SNAPSHOT.jar:?]
	at org.apache.hadoop.ozone.om.KeyManagerImpl.getFileStatus(KeyManagerImpl.java:1241) ~[ozone-manager-1.3.0-SNAPSHOT.jar:?]
	at org.apache.hadoop.ozone.om.OzoneManager.getFileStatus(OzoneManager.java:3419) ~[ozone-manager-1.3.0-SNAPSHOT.jar:?]
	at org.apache.hadoop.ozone.protocolPB.OzoneManagerRequestHandler.getOzoneFileStatus(OzoneManagerRequestHandler.java:871) ~[ozone-manager-1.3.0-SNAPSHOT.jar:?]
	at org.apache.hadoop.ozone.protocolPB.OzoneManagerRequestHandler.handleReadRequest(OzoneManagerRequestHandler.java:217) ~[ozone-manager-1.3.0-SNAPSHOT.jar:?]
	at org.apache.hadoop.ozone.protocolPB.OzoneManagerProtocolServerSideTranslatorPB.submitRequestDirectlyToOM(OzoneManagerProtocolServerSideTranslatorPB.java:276) ~[ozone-manager-1.3.0-SNAPSHOT.jar:?]
	at org.apache.hadoop.ozone.protocolPB.OzoneManagerProtocolServerSideTranslatorPB.processRequest(OzoneManagerProtocolServerSideTranslatorPB.java:205) ~[ozone-manager-1.3.0-SNAPSHOT.jar:?]
	at org.apache.hadoop.hdds.server.OzoneProtocolMessageDispatcher.processRequest(OzoneProtocolMessageDispatcher.java:87) [hdds-server-framework-1.3.0-SNAPSHOT.jar:?]
	at org.apache.hadoop.ozone.protocolPB.OzoneManagerProtocolServerSideTranslatorPB.submitRequest(OzoneManagerProtocolServerSideTranslatorPB.java:147) [ozone-manager-1.3.0-SNAPSHOT.jar:?]
	at org.apache.hadoop.ozone.protocol.proto.OzoneManagerProtocolProtos$OzoneManagerService$2.callBlockingMethod(OzoneManagerProtocolProtos.java) [ozone-interface-client-1.3.0-SNAPSHOT.jar:?]
	at org.apache.hadoop.ipc.ProtobufRpcEngine$Server.processCall(ProtobufRpcEngine.java:466) [hadoop-common-3.3.1.jar:?]
	at org.apache.hadoop.ipc.ProtobufRpcEngine2$Server$ProtoBufRpcInvoker.call(ProtobufRpcEngine2.java:574) [hadoop-common-3.3.1.jar:?]
	at org.apache.hadoop.ipc.ProtobufRpcEngine2$Server$ProtoBufRpcInvoker.call(ProtobufRpcEngine2.java:552) [hadoop-common-3.3.1.jar:?]
	at org.apache.hadoop.ipc.RPC$Server.call(RPC.java:1093) [hadoop-common-3.3.1.jar:?]
	at org.apache.hadoop.ipc.Server$RpcCall.run(Server.java:1035) [hadoop-common-3.3.1.jar:?]
	at org.apache.hadoop.ipc.Server$RpcCall.run(Server.java:963) [hadoop-common-3.3.1.jar:?]
	at java.security.AccessController.doPrivileged(Native Method) ~[?:1.8.0_332]
	at javax.security.auth.Subject.doAs(Subject.java:422) [?:1.8.0_332]
	at org.apache.hadoop.security.UserGroupInformation.doAs(UserGroupInformation.java:1878) [hadoop-common-3.3.1.jar:?]
	at org.apache.hadoop.ipc.Server$Handler.run(Server.java:2966) [hadoop-common-3.3.1.jar:?]
]]></system-out>
  </testcase>
  <testcase name="testRenameDestinationParentDoesntExist" classname="TestRootedOzoneFileSystem" time="0.196">
    <system-out><![CDATA[2022-06-27 16:57:57,683 [Time-limited test] INFO  rpc.RpcClient (RpcClient.java:createVolume(466)) - Creating Volume: volume01428, with user65366 as owner and space quota set to -1 bytes, counts quota set to -1
2022-06-27 16:57:57,689 [OM StateMachine ApplyTransaction Thread - 0] INFO  volume.OMVolumeCreateRequest (OMVolumeCreateRequest.java:validateAndUpdateCache(195)) - created volume:volume01428 for user:user65366
2022-06-27 16:57:57,690 [Time-limited test] INFO  rpc.RpcClient (RpcClient.java:createBucket(666)) - Creating Bucket: volume01428/bucket32194, with the Bucket Layout LEGACY, runner as owner, Versioning false, Storage Type set to DISK and Encryption set to false 
2022-06-27 16:57:57,693 [OM StateMachine ApplyTransaction Thread - 0] INFO  bucket.OMBucketCreateRequest (OMBucketCreateRequest.java:validateAndUpdateCache(260)) - created bucket: bucket32194 of layout LEGACY in volume: volume01428
16:57:57.701 [IPC Server handler 11 on default port 40965] ERROR OMAudit - user=runner | ip=127.0.0.1 | op=GET_FILE_STATUS {volume=volume01428, bucket=bucket32194, key=root_dir/b/c, dataSize=0, replicationConfig=null} | ret=FAILURE
org.apache.hadoop.ozone.om.exceptions.OMException: Unable to get file status: volume: volume01428 bucket: bucket32194 key: root_dir/b/c
	at org.apache.hadoop.ozone.om.KeyManagerImpl.getOzoneFileStatus(KeyManagerImpl.java:1311) ~[ozone-manager-1.3.0-SNAPSHOT.jar:?]
	at org.apache.hadoop.ozone.om.KeyManagerImpl.getFileStatus(KeyManagerImpl.java:1241) ~[ozone-manager-1.3.0-SNAPSHOT.jar:?]
	at org.apache.hadoop.ozone.om.OzoneManager.getFileStatus(OzoneManager.java:3419) ~[ozone-manager-1.3.0-SNAPSHOT.jar:?]
	at org.apache.hadoop.ozone.protocolPB.OzoneManagerRequestHandler.getOzoneFileStatus(OzoneManagerRequestHandler.java:871) ~[ozone-manager-1.3.0-SNAPSHOT.jar:?]
	at org.apache.hadoop.ozone.protocolPB.OzoneManagerRequestHandler.handleReadRequest(OzoneManagerRequestHandler.java:217) ~[ozone-manager-1.3.0-SNAPSHOT.jar:?]
	at org.apache.hadoop.ozone.protocolPB.OzoneManagerProtocolServerSideTranslatorPB.submitReadRequestToOM(OzoneManagerProtocolServerSideTranslatorPB.java:226) ~[ozone-manager-1.3.0-SNAPSHOT.jar:?]
	at org.apache.hadoop.ozone.protocolPB.OzoneManagerProtocolServerSideTranslatorPB.processRequest(OzoneManagerProtocolServerSideTranslatorPB.java:175) ~[ozone-manager-1.3.0-SNAPSHOT.jar:?]
	at org.apache.hadoop.hdds.server.OzoneProtocolMessageDispatcher.processRequest(OzoneProtocolMessageDispatcher.java:87) [hdds-server-framework-1.3.0-SNAPSHOT.jar:?]
	at org.apache.hadoop.ozone.protocolPB.OzoneManagerProtocolServerSideTranslatorPB.submitRequest(OzoneManagerProtocolServerSideTranslatorPB.java:147) [ozone-manager-1.3.0-SNAPSHOT.jar:?]
	at org.apache.hadoop.ozone.protocol.proto.OzoneManagerProtocolProtos$OzoneManagerService$2.callBlockingMethod(OzoneManagerProtocolProtos.java) [ozone-interface-client-1.3.0-SNAPSHOT.jar:?]
	at org.apache.hadoop.ipc.ProtobufRpcEngine$Server.processCall(ProtobufRpcEngine.java:466) [hadoop-common-3.3.1.jar:?]
	at org.apache.hadoop.ipc.ProtobufRpcEngine2$Server$ProtoBufRpcInvoker.call(ProtobufRpcEngine2.java:574) [hadoop-common-3.3.1.jar:?]
	at org.apache.hadoop.ipc.ProtobufRpcEngine2$Server$ProtoBufRpcInvoker.call(ProtobufRpcEngine2.java:552) [hadoop-common-3.3.1.jar:?]
	at org.apache.hadoop.ipc.RPC$Server.call(RPC.java:1093) [hadoop-common-3.3.1.jar:?]
	at org.apache.hadoop.ipc.Server$RpcCall.run(Server.java:1035) [hadoop-common-3.3.1.jar:?]
	at org.apache.hadoop.ipc.Server$RpcCall.run(Server.java:963) [hadoop-common-3.3.1.jar:?]
	at java.security.AccessController.doPrivileged(Native Method) ~[?:1.8.0_332]
	at javax.security.auth.Subject.doAs(Subject.java:422) [?:1.8.0_332]
	at org.apache.hadoop.security.UserGroupInformation.doAs(UserGroupInformation.java:1878) [hadoop-common-3.3.1.jar:?]
	at org.apache.hadoop.ipc.Server$Handler.run(Server.java:2966) [hadoop-common-3.3.1.jar:?]
16:57:57.702 [IPC Server handler 13 on default port 40965] ERROR OMAudit - user=runner | ip=127.0.0.1 | op=GET_FILE_STATUS {volume=volume01428, bucket=bucket32194, key=root_dir/b, dataSize=0, replicationConfig=null} | ret=FAILURE
org.apache.hadoop.ozone.om.exceptions.OMException: Unable to get file status: volume: volume01428 bucket: bucket32194 key: root_dir/b
	at org.apache.hadoop.ozone.om.KeyManagerImpl.getOzoneFileStatus(KeyManagerImpl.java:1311) ~[ozone-manager-1.3.0-SNAPSHOT.jar:?]
	at org.apache.hadoop.ozone.om.KeyManagerImpl.getFileStatus(KeyManagerImpl.java:1241) ~[ozone-manager-1.3.0-SNAPSHOT.jar:?]
	at org.apache.hadoop.ozone.om.OzoneManager.getFileStatus(OzoneManager.java:3419) ~[ozone-manager-1.3.0-SNAPSHOT.jar:?]
	at org.apache.hadoop.ozone.protocolPB.OzoneManagerRequestHandler.getOzoneFileStatus(OzoneManagerRequestHandler.java:871) ~[ozone-manager-1.3.0-SNAPSHOT.jar:?]
	at org.apache.hadoop.ozone.protocolPB.OzoneManagerRequestHandler.handleReadRequest(OzoneManagerRequestHandler.java:217) ~[ozone-manager-1.3.0-SNAPSHOT.jar:?]
	at org.apache.hadoop.ozone.protocolPB.OzoneManagerProtocolServerSideTranslatorPB.submitReadRequestToOM(OzoneManagerProtocolServerSideTranslatorPB.java:226) ~[ozone-manager-1.3.0-SNAPSHOT.jar:?]
	at org.apache.hadoop.ozone.protocolPB.OzoneManagerProtocolServerSideTranslatorPB.processRequest(OzoneManagerProtocolServerSideTranslatorPB.java:175) ~[ozone-manager-1.3.0-SNAPSHOT.jar:?]
	at org.apache.hadoop.hdds.server.OzoneProtocolMessageDispatcher.processRequest(OzoneProtocolMessageDispatcher.java:87) [hdds-server-framework-1.3.0-SNAPSHOT.jar:?]
	at org.apache.hadoop.ozone.protocolPB.OzoneManagerProtocolServerSideTranslatorPB.submitRequest(OzoneManagerProtocolServerSideTranslatorPB.java:147) [ozone-manager-1.3.0-SNAPSHOT.jar:?]
	at org.apache.hadoop.ozone.protocol.proto.OzoneManagerProtocolProtos$OzoneManagerService$2.callBlockingMethod(OzoneManagerProtocolProtos.java) [ozone-interface-client-1.3.0-SNAPSHOT.jar:?]
	at org.apache.hadoop.ipc.ProtobufRpcEngine$Server.processCall(ProtobufRpcEngine.java:466) [hadoop-common-3.3.1.jar:?]
	at org.apache.hadoop.ipc.ProtobufRpcEngine2$Server$ProtoBufRpcInvoker.call(ProtobufRpcEngine2.java:574) [hadoop-common-3.3.1.jar:?]
	at org.apache.hadoop.ipc.ProtobufRpcEngine2$Server$ProtoBufRpcInvoker.call(ProtobufRpcEngine2.java:552) [hadoop-common-3.3.1.jar:?]
	at org.apache.hadoop.ipc.RPC$Server.call(RPC.java:1093) [hadoop-common-3.3.1.jar:?]
	at org.apache.hadoop.ipc.Server$RpcCall.run(Server.java:1035) [hadoop-common-3.3.1.jar:?]
	at org.apache.hadoop.ipc.Server$RpcCall.run(Server.java:963) [hadoop-common-3.3.1.jar:?]
	at java.security.AccessController.doPrivileged(Native Method) ~[?:1.8.0_332]
	at javax.security.auth.Subject.doAs(Subject.java:422) [?:1.8.0_332]
	at org.apache.hadoop.security.UserGroupInformation.doAs(UserGroupInformation.java:1878) [hadoop-common-3.3.1.jar:?]
	at org.apache.hadoop.ipc.Server$Handler.run(Server.java:2966) [hadoop-common-3.3.1.jar:?]
16:57:57.721 [IPC Server handler 18 on default port 40965] ERROR OMAudit - user=runner | ip=127.0.0.1 | op=GET_FILE_STATUS {volume=volume01428, bucket=bucket32194, key=root_dir/file1/c, dataSize=0, replicationConfig=null} | ret=FAILURE
org.apache.hadoop.ozone.om.exceptions.OMException: Unable to get file status: volume: volume01428 bucket: bucket32194 key: root_dir/file1/c
	at org.apache.hadoop.ozone.om.KeyManagerImpl.getOzoneFileStatus(KeyManagerImpl.java:1311) ~[ozone-manager-1.3.0-SNAPSHOT.jar:?]
	at org.apache.hadoop.ozone.om.KeyManagerImpl.getFileStatus(KeyManagerImpl.java:1241) ~[ozone-manager-1.3.0-SNAPSHOT.jar:?]
	at org.apache.hadoop.ozone.om.OzoneManager.getFileStatus(OzoneManager.java:3419) ~[ozone-manager-1.3.0-SNAPSHOT.jar:?]
	at org.apache.hadoop.ozone.protocolPB.OzoneManagerRequestHandler.getOzoneFileStatus(OzoneManagerRequestHandler.java:871) ~[ozone-manager-1.3.0-SNAPSHOT.jar:?]
	at org.apache.hadoop.ozone.protocolPB.OzoneManagerRequestHandler.handleReadRequest(OzoneManagerRequestHandler.java:217) ~[ozone-manager-1.3.0-SNAPSHOT.jar:?]
	at org.apache.hadoop.ozone.protocolPB.OzoneManagerProtocolServerSideTranslatorPB.submitReadRequestToOM(OzoneManagerProtocolServerSideTranslatorPB.java:226) ~[ozone-manager-1.3.0-SNAPSHOT.jar:?]
	at org.apache.hadoop.ozone.protocolPB.OzoneManagerProtocolServerSideTranslatorPB.processRequest(OzoneManagerProtocolServerSideTranslatorPB.java:175) ~[ozone-manager-1.3.0-SNAPSHOT.jar:?]
	at org.apache.hadoop.hdds.server.OzoneProtocolMessageDispatcher.processRequest(OzoneProtocolMessageDispatcher.java:87) [hdds-server-framework-1.3.0-SNAPSHOT.jar:?]
	at org.apache.hadoop.ozone.protocolPB.OzoneManagerProtocolServerSideTranslatorPB.submitRequest(OzoneManagerProtocolServerSideTranslatorPB.java:147) [ozone-manager-1.3.0-SNAPSHOT.jar:?]
	at org.apache.hadoop.ozone.protocol.proto.OzoneManagerProtocolProtos$OzoneManagerService$2.callBlockingMethod(OzoneManagerProtocolProtos.java) [ozone-interface-client-1.3.0-SNAPSHOT.jar:?]
	at org.apache.hadoop.ipc.ProtobufRpcEngine$Server.processCall(ProtobufRpcEngine.java:466) [hadoop-common-3.3.1.jar:?]
	at org.apache.hadoop.ipc.ProtobufRpcEngine2$Server$ProtoBufRpcInvoker.call(ProtobufRpcEngine2.java:574) [hadoop-common-3.3.1.jar:?]
	at org.apache.hadoop.ipc.ProtobufRpcEngine2$Server$ProtoBufRpcInvoker.call(ProtobufRpcEngine2.java:552) [hadoop-common-3.3.1.jar:?]
	at org.apache.hadoop.ipc.RPC$Server.call(RPC.java:1093) [hadoop-common-3.3.1.jar:?]
	at org.apache.hadoop.ipc.Server$RpcCall.run(Server.java:1035) [hadoop-common-3.3.1.jar:?]
	at org.apache.hadoop.ipc.Server$RpcCall.run(Server.java:963) [hadoop-common-3.3.1.jar:?]
	at java.security.AccessController.doPrivileged(Native Method) ~[?:1.8.0_332]
	at javax.security.auth.Subject.doAs(Subject.java:422) [?:1.8.0_332]
	at org.apache.hadoop.security.UserGroupInformation.doAs(UserGroupInformation.java:1878) [hadoop-common-3.3.1.jar:?]
	at org.apache.hadoop.ipc.Server$Handler.run(Server.java:2966) [hadoop-common-3.3.1.jar:?]
]]></system-out>
  </testcase>
  <testcase name="testRenameDestinationParentDoesntExist" classname="TestRootedOzoneFileSystem" time="0.164">
    <system-out><![CDATA[2022-06-27 16:59:18,494 [Time-limited test] INFO  rpc.RpcClient (RpcClient.java:createVolume(466)) - Creating Volume: volume61858, with user71162 as owner and space quota set to -1 bytes, counts quota set to -1
2022-06-27 16:59:18,501 [95b81b85-17bb-45ea-89c3-846c2a70bfe7@group-F63F9DE2F8BD-FollowerState] INFO  impl.FollowerState (FollowerState.java:run(143)) - 95b81b85-17bb-45ea-89c3-846c2a70bfe7@group-F63F9DE2F8BD-FollowerState: change to CANDIDATE, lastRpcElapsedTime:5132282505ns, electionTimeout:5124ms
2022-06-27 16:59:18,501 [95b81b85-17bb-45ea-89c3-846c2a70bfe7@group-F63F9DE2F8BD-FollowerState] INFO  impl.RoleInfo (RoleInfo.java:shutdownFollowerState(110)) - 95b81b85-17bb-45ea-89c3-846c2a70bfe7: shutdown 95b81b85-17bb-45ea-89c3-846c2a70bfe7@group-F63F9DE2F8BD-FollowerState
2022-06-27 16:59:18,501 [95b81b85-17bb-45ea-89c3-846c2a70bfe7@group-F63F9DE2F8BD-FollowerState] INFO  server.RaftServer$Division (RaftServerImpl.java:setRole(299)) - 95b81b85-17bb-45ea-89c3-846c2a70bfe7@group-F63F9DE2F8BD: changes role from  FOLLOWER to CANDIDATE at term 1 for changeToCandidate
2022-06-27 16:59:18,501 [95b81b85-17bb-45ea-89c3-846c2a70bfe7@group-F63F9DE2F8BD-FollowerState] INFO  server.RaftServerConfigKeys (ConfUtils.java:logGet(46)) - raft.server.leaderelection.pre-vote = false (custom)
2022-06-27 16:59:18,501 [95b81b85-17bb-45ea-89c3-846c2a70bfe7@group-F63F9DE2F8BD-FollowerState] INFO  impl.RoleInfo (RoleInfo.java:updateAndGet(139)) - 95b81b85-17bb-45ea-89c3-846c2a70bfe7: start 95b81b85-17bb-45ea-89c3-846c2a70bfe7@group-F63F9DE2F8BD-LeaderElection77
2022-06-27 16:59:18,505 [IPC Server handler 0 on default port 35065] INFO  volume.OMVolumeCreateRequest (OMVolumeCreateRequest.java:validateAndUpdateCache(195)) - created volume:volume61858 for user:user71162
2022-06-27 16:59:18,506 [Time-limited test] INFO  rpc.RpcClient (RpcClient.java:createBucket(666)) - Creating Bucket: volume61858/bucket89442, with the Bucket Layout LEGACY, runner as owner, Versioning false, Storage Type set to DISK and Encryption set to false 
2022-06-27 16:59:18,506 [IPC Server handler 1 on default port 35065] INFO  bucket.OMBucketCreateRequest (OMBucketCreateRequest.java:validateAndUpdateCache(260)) - created bucket: bucket89442 of layout LEGACY in volume: volume61858
16:59:18.509 [IPC Server handler 16 on default port 35065] ERROR OMAudit - user=runner | ip=127.0.0.1 | op=GET_FILE_STATUS {volume=volume61858, bucket=bucket89442, key=root_dir/b/c, dataSize=0, replicationConfig=null} | ret=FAILURE
org.apache.hadoop.ozone.om.exceptions.OMException: Unable to get file status: volume: volume61858 bucket: bucket89442 key: root_dir/b/c
	at org.apache.hadoop.ozone.om.KeyManagerImpl.getOzoneFileStatus(KeyManagerImpl.java:1311) ~[ozone-manager-1.3.0-SNAPSHOT.jar:?]
	at org.apache.hadoop.ozone.om.KeyManagerImpl.getFileStatus(KeyManagerImpl.java:1241) ~[ozone-manager-1.3.0-SNAPSHOT.jar:?]
	at org.apache.hadoop.ozone.om.OzoneManager.getFileStatus(OzoneManager.java:3419) ~[ozone-manager-1.3.0-SNAPSHOT.jar:?]
	at org.apache.hadoop.ozone.protocolPB.OzoneManagerRequestHandler.getOzoneFileStatus(OzoneManagerRequestHandler.java:871) ~[ozone-manager-1.3.0-SNAPSHOT.jar:?]
	at org.apache.hadoop.ozone.protocolPB.OzoneManagerRequestHandler.handleReadRequest(OzoneManagerRequestHandler.java:217) ~[ozone-manager-1.3.0-SNAPSHOT.jar:?]
	at org.apache.hadoop.ozone.protocolPB.OzoneManagerProtocolServerSideTranslatorPB.submitRequestDirectlyToOM(OzoneManagerProtocolServerSideTranslatorPB.java:276) ~[ozone-manager-1.3.0-SNAPSHOT.jar:?]
	at org.apache.hadoop.ozone.protocolPB.OzoneManagerProtocolServerSideTranslatorPB.processRequest(OzoneManagerProtocolServerSideTranslatorPB.java:205) ~[ozone-manager-1.3.0-SNAPSHOT.jar:?]
	at org.apache.hadoop.hdds.server.OzoneProtocolMessageDispatcher.processRequest(OzoneProtocolMessageDispatcher.java:87) [hdds-server-framework-1.3.0-SNAPSHOT.jar:?]
	at org.apache.hadoop.ozone.protocolPB.OzoneManagerProtocolServerSideTranslatorPB.submitRequest(OzoneManagerProtocolServerSideTranslatorPB.java:147) [ozone-manager-1.3.0-SNAPSHOT.jar:?]
	at org.apache.hadoop.ozone.protocol.proto.OzoneManagerProtocolProtos$OzoneManagerService$2.callBlockingMethod(OzoneManagerProtocolProtos.java) [ozone-interface-client-1.3.0-SNAPSHOT.jar:?]
	at org.apache.hadoop.ipc.ProtobufRpcEngine$Server.processCall(ProtobufRpcEngine.java:466) [hadoop-common-3.3.1.jar:?]
	at org.apache.hadoop.ipc.ProtobufRpcEngine2$Server$ProtoBufRpcInvoker.call(ProtobufRpcEngine2.java:574) [hadoop-common-3.3.1.jar:?]
	at org.apache.hadoop.ipc.ProtobufRpcEngine2$Server$ProtoBufRpcInvoker.call(ProtobufRpcEngine2.java:552) [hadoop-common-3.3.1.jar:?]
	at org.apache.hadoop.ipc.RPC$Server.call(RPC.java:1093) [hadoop-common-3.3.1.jar:?]
	at org.apache.hadoop.ipc.Server$RpcCall.run(Server.java:1035) [hadoop-common-3.3.1.jar:?]
	at org.apache.hadoop.ipc.Server$RpcCall.run(Server.java:963) [hadoop-common-3.3.1.jar:?]
	at java.security.AccessController.doPrivileged(Native Method) ~[?:1.8.0_332]
	at javax.security.auth.Subject.doAs(Subject.java:422) [?:1.8.0_332]
	at org.apache.hadoop.security.UserGroupInformation.doAs(UserGroupInformation.java:1878) [hadoop-common-3.3.1.jar:?]
	at org.apache.hadoop.ipc.Server$Handler.run(Server.java:2966) [hadoop-common-3.3.1.jar:?]
16:59:18.510 [IPC Server handler 11 on default port 35065] ERROR OMAudit - user=runner | ip=127.0.0.1 | op=GET_FILE_STATUS {volume=volume61858, bucket=bucket89442, key=root_dir/b, dataSize=0, replicationConfig=null} | ret=FAILURE
org.apache.hadoop.ozone.om.exceptions.OMException: Unable to get file status: volume: volume61858 bucket: bucket89442 key: root_dir/b
	at org.apache.hadoop.ozone.om.KeyManagerImpl.getOzoneFileStatus(KeyManagerImpl.java:1311) ~[ozone-manager-1.3.0-SNAPSHOT.jar:?]
	at org.apache.hadoop.ozone.om.KeyManagerImpl.getFileStatus(KeyManagerImpl.java:1241) ~[ozone-manager-1.3.0-SNAPSHOT.jar:?]
	at org.apache.hadoop.ozone.om.OzoneManager.getFileStatus(OzoneManager.java:3419) ~[ozone-manager-1.3.0-SNAPSHOT.jar:?]
	at org.apache.hadoop.ozone.protocolPB.OzoneManagerRequestHandler.getOzoneFileStatus(OzoneManagerRequestHandler.java:871) ~[ozone-manager-1.3.0-SNAPSHOT.jar:?]
	at org.apache.hadoop.ozone.protocolPB.OzoneManagerRequestHandler.handleReadRequest(OzoneManagerRequestHandler.java:217) ~[ozone-manager-1.3.0-SNAPSHOT.jar:?]
	at org.apache.hadoop.ozone.protocolPB.OzoneManagerProtocolServerSideTranslatorPB.submitRequestDirectlyToOM(OzoneManagerProtocolServerSideTranslatorPB.java:276) ~[ozone-manager-1.3.0-SNAPSHOT.jar:?]
	at org.apache.hadoop.ozone.protocolPB.OzoneManagerProtocolServerSideTranslatorPB.processRequest(OzoneManagerProtocolServerSideTranslatorPB.java:205) ~[ozone-manager-1.3.0-SNAPSHOT.jar:?]
	at org.apache.hadoop.hdds.server.OzoneProtocolMessageDispatcher.processRequest(OzoneProtocolMessageDispatcher.java:87) [hdds-server-framework-1.3.0-SNAPSHOT.jar:?]
	at org.apache.hadoop.ozone.protocolPB.OzoneManagerProtocolServerSideTranslatorPB.submitRequest(OzoneManagerProtocolServerSideTranslatorPB.java:147) [ozone-manager-1.3.0-SNAPSHOT.jar:?]
	at org.apache.hadoop.ozone.protocol.proto.OzoneManagerProtocolProtos$OzoneManagerService$2.callBlockingMethod(OzoneManagerProtocolProtos.java) [ozone-interface-client-1.3.0-SNAPSHOT.jar:?]
	at org.apache.hadoop.ipc.ProtobufRpcEngine$Server.processCall(ProtobufRpcEngine.java:466) [hadoop-common-3.3.1.jar:?]
	at org.apache.hadoop.ipc.ProtobufRpcEngine2$Server$ProtoBufRpcInvoker.call(ProtobufRpcEngine2.java:574) [hadoop-common-3.3.1.jar:?]
	at org.apache.hadoop.ipc.ProtobufRpcEngine2$Server$ProtoBufRpcInvoker.call(ProtobufRpcEngine2.java:552) [hadoop-common-3.3.1.jar:?]
	at org.apache.hadoop.ipc.RPC$Server.call(RPC.java:1093) [hadoop-common-3.3.1.jar:?]
	at org.apache.hadoop.ipc.Server$RpcCall.run(Server.java:1035) [hadoop-common-3.3.1.jar:?]
	at org.apache.hadoop.ipc.Server$RpcCall.run(Server.java:963) [hadoop-common-3.3.1.jar:?]
	at java.security.AccessController.doPrivileged(Native Method) ~[?:1.8.0_332]
	at javax.security.auth.Subject.doAs(Subject.java:422) [?:1.8.0_332]
	at org.apache.hadoop.security.UserGroupInformation.doAs(UserGroupInformation.java:1878) [hadoop-common-3.3.1.jar:?]
	at org.apache.hadoop.ipc.Server$Handler.run(Server.java:2966) [hadoop-common-3.3.1.jar:?]
16:59:18.515 [IPC Server handler 0 on default port 35065] ERROR OMAudit - user=runner | ip=127.0.0.1 | op=GET_FILE_STATUS {volume=volume61858, bucket=bucket89442, key=root_dir/file1/c, dataSize=0, replicationConfig=null} | ret=FAILURE
org.apache.hadoop.ozone.om.exceptions.OMException: Unable to get file status: volume: volume61858 bucket: bucket89442 key: root_dir/file1/c
	at org.apache.hadoop.ozone.om.KeyManagerImpl.getOzoneFileStatus(KeyManagerImpl.java:1311) ~[ozone-manager-1.3.0-SNAPSHOT.jar:?]
	at org.apache.hadoop.ozone.om.KeyManagerImpl.getFileStatus(KeyManagerImpl.java:1241) ~[ozone-manager-1.3.0-SNAPSHOT.jar:?]
	at org.apache.hadoop.ozone.om.OzoneManager.getFileStatus(OzoneManager.java:3419) ~[ozone-manager-1.3.0-SNAPSHOT.jar:?]
	at org.apache.hadoop.ozone.protocolPB.OzoneManagerRequestHandler.getOzoneFileStatus(OzoneManagerRequestHandler.java:871) ~[ozone-manager-1.3.0-SNAPSHOT.jar:?]
	at org.apache.hadoop.ozone.protocolPB.OzoneManagerRequestHandler.handleReadRequest(OzoneManagerRequestHandler.java:217) ~[ozone-manager-1.3.0-SNAPSHOT.jar:?]
	at org.apache.hadoop.ozone.protocolPB.OzoneManagerProtocolServerSideTranslatorPB.submitRequestDirectlyToOM(OzoneManagerProtocolServerSideTranslatorPB.java:276) ~[ozone-manager-1.3.0-SNAPSHOT.jar:?]
	at org.apache.hadoop.ozone.protocolPB.OzoneManagerProtocolServerSideTranslatorPB.processRequest(OzoneManagerProtocolServerSideTranslatorPB.java:205) ~[ozone-manager-1.3.0-SNAPSHOT.jar:?]
	at org.apache.hadoop.hdds.server.OzoneProtocolMessageDispatcher.processRequest(OzoneProtocolMessageDispatcher.java:87) [hdds-server-framework-1.3.0-SNAPSHOT.jar:?]
	at org.apache.hadoop.ozone.protocolPB.OzoneManagerProtocolServerSideTranslatorPB.submitRequest(OzoneManagerProtocolServerSideTranslatorPB.java:147) [ozone-manager-1.3.0-SNAPSHOT.jar:?]
	at org.apache.hadoop.ozone.protocol.proto.OzoneManagerProtocolProtos$OzoneManagerService$2.callBlockingMethod(OzoneManagerProtocolProtos.java) [ozone-interface-client-1.3.0-SNAPSHOT.jar:?]
	at org.apache.hadoop.ipc.ProtobufRpcEngine$Server.processCall(ProtobufRpcEngine.java:466) [hadoop-common-3.3.1.jar:?]
	at org.apache.hadoop.ipc.ProtobufRpcEngine2$Server$ProtoBufRpcInvoker.call(ProtobufRpcEngine2.java:574) [hadoop-common-3.3.1.jar:?]
	at org.apache.hadoop.ipc.ProtobufRpcEngine2$Server$ProtoBufRpcInvoker.call(ProtobufRpcEngine2.java:552) [hadoop-common-3.3.1.jar:?]
	at org.apache.hadoop.ipc.RPC$Server.call(RPC.java:1093) [hadoop-common-3.3.1.jar:?]
	at org.apache.hadoop.ipc.Server$RpcCall.run(Server.java:1035) [hadoop-common-3.3.1.jar:?]
	at org.apache.hadoop.ipc.Server$RpcCall.run(Server.java:963) [hadoop-common-3.3.1.jar:?]
	at java.security.AccessController.doPrivileged(Native Method) ~[?:1.8.0_332]
	at javax.security.auth.Subject.doAs(Subject.java:422) [?:1.8.0_332]
	at org.apache.hadoop.security.UserGroupInformation.doAs(UserGroupInformation.java:1878) [hadoop-common-3.3.1.jar:?]
	at org.apache.hadoop.ipc.Server$Handler.run(Server.java:2966) [hadoop-common-3.3.1.jar:?]
]]></system-out>
  </testcase>
  <testcase name="testGetFileStatusRoot" classname="TestRootedOzoneFileSystem" time="0.05">
    <system-out><![CDATA[2022-06-27 16:54:31,121 [Time-limited test] INFO  rpc.RpcClient (RpcClient.java:createVolume(466)) - Creating Volume: volume95222, with user26845 as owner and space quota set to -1 bytes, counts quota set to -1
2022-06-27 16:54:31,124 [OM StateMachine ApplyTransaction Thread - 0] INFO  volume.OMVolumeCreateRequest (OMVolumeCreateRequest.java:validateAndUpdateCache(195)) - created volume:volume95222 for user:user26845
2022-06-27 16:54:31,127 [Time-limited test] INFO  rpc.RpcClient (RpcClient.java:createBucket(666)) - Creating Bucket: volume95222/bucket48017, with the Bucket Layout LEGACY, runner as owner, Versioning false, Storage Type set to DISK and Encryption set to false 
2022-06-27 16:54:31,129 [OM StateMachine ApplyTransaction Thread - 0] INFO  bucket.OMBucketCreateRequest (OMBucketCreateRequest.java:validateAndUpdateCache(260)) - created bucket: bucket48017 of layout LEGACY in volume: volume95222
]]></system-out>
  </testcase>
  <testcase name="testGetFileStatusRoot" classname="TestRootedOzoneFileSystem" time="0.091">
    <system-out><![CDATA[2022-06-27 16:55:35,233 [Time-limited test] INFO  rpc.RpcClient (RpcClient.java:createVolume(466)) - Creating Volume: volume75424, with user90638 as owner and space quota set to -1 bytes, counts quota set to -1
2022-06-27 16:55:35,235 [OM StateMachine ApplyTransaction Thread - 0] INFO  volume.OMVolumeCreateRequest (OMVolumeCreateRequest.java:validateAndUpdateCache(195)) - created volume:volume75424 for user:user90638
2022-06-27 16:55:35,236 [Time-limited test] INFO  rpc.RpcClient (RpcClient.java:createBucket(666)) - Creating Bucket: volume75424/bucket19180, with the Bucket Layout LEGACY, runner as owner, Versioning false, Storage Type set to DISK and Encryption set to false 
2022-06-27 16:55:35,237 [OM StateMachine ApplyTransaction Thread - 0] INFO  bucket.OMBucketCreateRequest (OMBucketCreateRequest.java:validateAndUpdateCache(260)) - created bucket: bucket19180 of layout LEGACY in volume: volume75424
]]></system-out>
  </testcase>
  <testcase name="testGetFileStatusRoot" classname="TestRootedOzoneFileSystem" time="0.056">
    <system-out><![CDATA[2022-06-27 16:56:43,524 [Time-limited test] INFO  rpc.RpcClient (RpcClient.java:createVolume(466)) - Creating Volume: volume63273, with user34187 as owner and space quota set to -1 bytes, counts quota set to -1
2022-06-27 16:56:43,525 [IPC Server handler 8 on default port 40407] INFO  volume.OMVolumeCreateRequest (OMVolumeCreateRequest.java:validateAndUpdateCache(195)) - created volume:volume63273 for user:user34187
2022-06-27 16:56:43,529 [Time-limited test] INFO  rpc.RpcClient (RpcClient.java:createBucket(666)) - Creating Bucket: volume63273/bucket53324, with the Bucket Layout LEGACY, runner as owner, Versioning false, Storage Type set to DISK and Encryption set to false 
2022-06-27 16:56:43,530 [IPC Server handler 6 on default port 40407] INFO  bucket.OMBucketCreateRequest (OMBucketCreateRequest.java:validateAndUpdateCache(260)) - created bucket: bucket53324 of layout LEGACY in volume: volume63273
]]></system-out>
  </testcase>
  <testcase name="testGetFileStatusRoot" classname="TestRootedOzoneFileSystem" time="0.042">
    <system-out><![CDATA[2022-06-27 16:57:57,764 [59b1e939-7f3e-448e-a48d-ff530bcc538d@group-F76DDF9E5011-FollowerState] INFO  impl.FollowerState (FollowerState.java:run(143)) - 59b1e939-7f3e-448e-a48d-ff530bcc538d@group-F76DDF9E5011-FollowerState: change to CANDIDATE, lastRpcElapsedTime:5034151380ns, electionTimeout:5003ms
2022-06-27 16:57:57,764 [59b1e939-7f3e-448e-a48d-ff530bcc538d@group-F76DDF9E5011-FollowerState] INFO  impl.RoleInfo (RoleInfo.java:shutdownFollowerState(110)) - 59b1e939-7f3e-448e-a48d-ff530bcc538d: shutdown 59b1e939-7f3e-448e-a48d-ff530bcc538d@group-F76DDF9E5011-FollowerState
2022-06-27 16:57:57,764 [59b1e939-7f3e-448e-a48d-ff530bcc538d@group-F76DDF9E5011-FollowerState] INFO  server.RaftServer$Division (RaftServerImpl.java:setRole(299)) - 59b1e939-7f3e-448e-a48d-ff530bcc538d@group-F76DDF9E5011: changes role from  FOLLOWER to CANDIDATE at term 3 for changeToCandidate
2022-06-27 16:57:57,764 [59b1e939-7f3e-448e-a48d-ff530bcc538d@group-F76DDF9E5011-FollowerState] INFO  server.RaftServerConfigKeys (ConfUtils.java:logGet(46)) - raft.server.leaderelection.pre-vote = false (custom)
2022-06-27 16:57:57,765 [59b1e939-7f3e-448e-a48d-ff530bcc538d@group-F76DDF9E5011-FollowerState] INFO  impl.RoleInfo (RoleInfo.java:updateAndGet(139)) - 59b1e939-7f3e-448e-a48d-ff530bcc538d: start 59b1e939-7f3e-448e-a48d-ff530bcc538d@group-F76DDF9E5011-LeaderElection62
2022-06-27 16:57:57,765 [Time-limited test] INFO  rpc.RpcClient (RpcClient.java:createVolume(466)) - Creating Volume: volume83352, with user58853 as owner and space quota set to -1 bytes, counts quota set to -1
2022-06-27 16:57:57,766 [OM StateMachine ApplyTransaction Thread - 0] INFO  volume.OMVolumeCreateRequest (OMVolumeCreateRequest.java:validateAndUpdateCache(195)) - created volume:volume83352 for user:user58853
2022-06-27 16:57:57,767 [Time-limited test] INFO  rpc.RpcClient (RpcClient.java:createBucket(666)) - Creating Bucket: volume83352/bucket54019, with the Bucket Layout LEGACY, runner as owner, Versioning false, Storage Type set to DISK and Encryption set to false 
2022-06-27 16:57:57,768 [OM StateMachine ApplyTransaction Thread - 0] INFO  bucket.OMBucketCreateRequest (OMBucketCreateRequest.java:validateAndUpdateCache(260)) - created bucket: bucket54019 of layout LEGACY in volume: volume83352
]]></system-out>
  </testcase>
  <testcase name="testGetFileStatusRoot" classname="TestRootedOzoneFileSystem" time="0.305">
    <system-out><![CDATA[2022-06-27 16:59:18,550 [95b81b85-17bb-45ea-89c3-846c2a70bfe7@group-F63F9DE2F8BD-LeaderElection77] INFO  impl.LeaderElection (LeaderElection.java:askForVotes(310)) - 95b81b85-17bb-45ea-89c3-846c2a70bfe7@group-F63F9DE2F8BD-LeaderElection77 ELECTION round 0: submit vote requests at term 2 for -1: [97d0f922-59b0-4c16-8d4c-abda25e6e18a|rpc:10.1.0.22:33221|priority:0, 95b81b85-17bb-45ea-89c3-846c2a70bfe7|rpc:10.1.0.22:34665|priority:0, ac84e220-994f-4e81-aa4c-572e6d7da39f|rpc:10.1.0.22:46211|priority:1], old=null
2022-06-27 16:59:18,592 [grpc-default-executor-2] INFO  server.RaftServer$Division (RaftServerImpl.java:requestVote(1152)) - 97d0f922-59b0-4c16-8d4c-abda25e6e18a@group-F63F9DE2F8BD: receive requestVote(ELECTION, 95b81b85-17bb-45ea-89c3-846c2a70bfe7, group-F63F9DE2F8BD, 2, (t:0, i:0))
2022-06-27 16:59:18,592 [grpc-default-executor-2] INFO  impl.VoteContext (VoteContext.java:log(48)) - 97d0f922-59b0-4c16-8d4c-abda25e6e18a@group-F63F9DE2F8BD-FOLLOWER: accept ELECTION from 95b81b85-17bb-45ea-89c3-846c2a70bfe7: our priority 0 <= candidate's priority 0
2022-06-27 16:59:18,592 [grpc-default-executor-2] INFO  server.RaftServer$Division (RaftServerImpl.java:setRole(299)) - 97d0f922-59b0-4c16-8d4c-abda25e6e18a@group-F63F9DE2F8BD: changes role from  FOLLOWER to FOLLOWER at term 2 for candidate:95b81b85-17bb-45ea-89c3-846c2a70bfe7
2022-06-27 16:59:18,592 [grpc-default-executor-2] INFO  impl.RoleInfo (RoleInfo.java:shutdownFollowerState(110)) - 97d0f922-59b0-4c16-8d4c-abda25e6e18a: shutdown 97d0f922-59b0-4c16-8d4c-abda25e6e18a@group-F63F9DE2F8BD-FollowerState
2022-06-27 16:59:18,592 [grpc-default-executor-2] INFO  impl.RoleInfo (RoleInfo.java:updateAndGet(139)) - 97d0f922-59b0-4c16-8d4c-abda25e6e18a: start 97d0f922-59b0-4c16-8d4c-abda25e6e18a@group-F63F9DE2F8BD-FollowerState
2022-06-27 16:59:18,592 [grpc-default-executor-5] INFO  server.RaftServer$Division (RaftServerImpl.java:requestVote(1152)) - ac84e220-994f-4e81-aa4c-572e6d7da39f@group-F63F9DE2F8BD: receive requestVote(ELECTION, 95b81b85-17bb-45ea-89c3-846c2a70bfe7, group-F63F9DE2F8BD, 2, (t:0, i:0))
2022-06-27 16:59:18,592 [grpc-default-executor-5] INFO  impl.VoteContext (VoteContext.java:log(48)) - ac84e220-994f-4e81-aa4c-572e6d7da39f@group-F63F9DE2F8BD-FOLLOWER: reject ELECTION from 95b81b85-17bb-45ea-89c3-846c2a70bfe7: our priority 1 > candidate's priority 0
2022-06-27 16:59:18,592 [grpc-default-executor-5] INFO  server.RaftServer$Division (RaftServerImpl.java:setRole(299)) - ac84e220-994f-4e81-aa4c-572e6d7da39f@group-F63F9DE2F8BD: changes role from  FOLLOWER to FOLLOWER at term 2 for candidate:95b81b85-17bb-45ea-89c3-846c2a70bfe7
2022-06-27 16:59:18,592 [grpc-default-executor-5] INFO  impl.RoleInfo (RoleInfo.java:shutdownFollowerState(110)) - ac84e220-994f-4e81-aa4c-572e6d7da39f: shutdown ac84e220-994f-4e81-aa4c-572e6d7da39f@group-F63F9DE2F8BD-FollowerState
2022-06-27 16:59:18,594 [97d0f922-59b0-4c16-8d4c-abda25e6e18a@group-F63F9DE2F8BD-FollowerState] INFO  impl.FollowerState (FollowerState.java:run(152)) - 97d0f922-59b0-4c16-8d4c-abda25e6e18a@group-F63F9DE2F8BD-FollowerState was interrupted
2022-06-27 16:59:18,602 [grpc-default-executor-5] INFO  impl.RoleInfo (RoleInfo.java:updateAndGet(139)) - ac84e220-994f-4e81-aa4c-572e6d7da39f: start ac84e220-994f-4e81-aa4c-572e6d7da39f@group-F63F9DE2F8BD-FollowerState
2022-06-27 16:59:18,602 [grpc-default-executor-2] INFO  server.RaftServer$Division (RaftServerImpl.java:requestVote(1184)) - 97d0f922-59b0-4c16-8d4c-abda25e6e18a@group-F63F9DE2F8BD replies to ELECTION vote request: 95b81b85-17bb-45ea-89c3-846c2a70bfe7<-97d0f922-59b0-4c16-8d4c-abda25e6e18a#0:OK-t2. Peer's state: 97d0f922-59b0-4c16-8d4c-abda25e6e18a@group-F63F9DE2F8BD:t2, leader=null, voted=95b81b85-17bb-45ea-89c3-846c2a70bfe7, raftlog=97d0f922-59b0-4c16-8d4c-abda25e6e18a@group-F63F9DE2F8BD-SegmentedRaftLog:OPENED:c-1, conf=-1: [97d0f922-59b0-4c16-8d4c-abda25e6e18a|rpc:10.1.0.22:33221|dataStream:|priority:0, 95b81b85-17bb-45ea-89c3-846c2a70bfe7|rpc:10.1.0.22:34665|dataStream:|priority:0, ac84e220-994f-4e81-aa4c-572e6d7da39f|rpc:10.1.0.22:46211|dataStream:|priority:1], old=null
2022-06-27 16:59:18,602 [ac84e220-994f-4e81-aa4c-572e6d7da39f@group-F63F9DE2F8BD-FollowerState] INFO  impl.FollowerState (FollowerState.java:run(152)) - ac84e220-994f-4e81-aa4c-572e6d7da39f@group-F63F9DE2F8BD-FollowerState was interrupted
2022-06-27 16:59:18,618 [grpc-default-executor-5] INFO  server.RaftServer$Division (RaftServerImpl.java:requestVote(1184)) - ac84e220-994f-4e81-aa4c-572e6d7da39f@group-F63F9DE2F8BD replies to ELECTION vote request: 95b81b85-17bb-45ea-89c3-846c2a70bfe7<-ac84e220-994f-4e81-aa4c-572e6d7da39f#0:FAIL-t2. Peer's state: ac84e220-994f-4e81-aa4c-572e6d7da39f@group-F63F9DE2F8BD:t2, leader=null, voted=null, raftlog=ac84e220-994f-4e81-aa4c-572e6d7da39f@group-F63F9DE2F8BD-SegmentedRaftLog:OPENED:c-1, conf=-1: [97d0f922-59b0-4c16-8d4c-abda25e6e18a|rpc:10.1.0.22:33221|dataStream:|priority:0, 95b81b85-17bb-45ea-89c3-846c2a70bfe7|rpc:10.1.0.22:34665|dataStream:|priority:0, ac84e220-994f-4e81-aa4c-572e6d7da39f|rpc:10.1.0.22:46211|dataStream:|priority:1], old=null
2022-06-27 16:59:18,619 [95b81b85-17bb-45ea-89c3-846c2a70bfe7@group-F63F9DE2F8BD-LeaderElection77] INFO  impl.LeaderElection (LeaderElection.java:logAndReturn(90)) - 95b81b85-17bb-45ea-89c3-846c2a70bfe7@group-F63F9DE2F8BD-LeaderElection77: ELECTION REJECTED received 2 response(s) and 0 exception(s):
2022-06-27 16:59:18,619 [95b81b85-17bb-45ea-89c3-846c2a70bfe7@group-F63F9DE2F8BD-LeaderElection77] INFO  impl.LeaderElection (LeaderElection.java:logAndReturn(94)) -   Response 0: 95b81b85-17bb-45ea-89c3-846c2a70bfe7<-97d0f922-59b0-4c16-8d4c-abda25e6e18a#0:OK-t2
2022-06-27 16:59:18,619 [95b81b85-17bb-45ea-89c3-846c2a70bfe7@group-F63F9DE2F8BD-LeaderElection77] INFO  impl.LeaderElection (LeaderElection.java:logAndReturn(94)) -   Response 1: 95b81b85-17bb-45ea-89c3-846c2a70bfe7<-ac84e220-994f-4e81-aa4c-572e6d7da39f#0:FAIL-t2
2022-06-27 16:59:18,619 [95b81b85-17bb-45ea-89c3-846c2a70bfe7@group-F63F9DE2F8BD-LeaderElection77] INFO  impl.LeaderElection (LeaderElection.java:askForVotes(312)) - 95b81b85-17bb-45ea-89c3-846c2a70bfe7@group-F63F9DE2F8BD-LeaderElection77 ELECTION round 0: result REJECTED
2022-06-27 16:59:18,619 [95b81b85-17bb-45ea-89c3-846c2a70bfe7@group-F63F9DE2F8BD-LeaderElection77] INFO  server.RaftServer$Division (RaftServerImpl.java:setRole(299)) - 95b81b85-17bb-45ea-89c3-846c2a70bfe7@group-F63F9DE2F8BD: changes role from CANDIDATE to FOLLOWER at term 2 for REJECTED
2022-06-27 16:59:18,619 [95b81b85-17bb-45ea-89c3-846c2a70bfe7@group-F63F9DE2F8BD-LeaderElection77] INFO  impl.RoleInfo (RoleInfo.java:shutdownLeaderElection(130)) - 95b81b85-17bb-45ea-89c3-846c2a70bfe7: shutdown 95b81b85-17bb-45ea-89c3-846c2a70bfe7@group-F63F9DE2F8BD-LeaderElection77
2022-06-27 16:59:18,619 [95b81b85-17bb-45ea-89c3-846c2a70bfe7@group-F63F9DE2F8BD-LeaderElection77] INFO  impl.RoleInfo (RoleInfo.java:updateAndGet(139)) - 95b81b85-17bb-45ea-89c3-846c2a70bfe7: start 95b81b85-17bb-45ea-89c3-846c2a70bfe7@group-F63F9DE2F8BD-FollowerState
2022-06-27 16:59:18,682 [Time-limited test] INFO  rpc.RpcClient (RpcClient.java:createVolume(466)) - Creating Volume: volume11553, with user52872 as owner and space quota set to -1 bytes, counts quota set to -1
2022-06-27 16:59:18,689 [IPC Server handler 1 on default port 35065] INFO  volume.OMVolumeCreateRequest (OMVolumeCreateRequest.java:validateAndUpdateCache(195)) - created volume:volume11553 for user:user52872
2022-06-27 16:59:18,699 [Time-limited test] INFO  rpc.RpcClient (RpcClient.java:createBucket(666)) - Creating Bucket: volume11553/bucket02800, with the Bucket Layout LEGACY, runner as owner, Versioning false, Storage Type set to DISK and Encryption set to false 
2022-06-27 16:59:18,700 [IPC Server handler 3 on default port 35065] INFO  bucket.OMBucketCreateRequest (OMBucketCreateRequest.java:validateAndUpdateCache(260)) - created bucket: bucket02800 of layout LEGACY in volume: volume11553
]]></system-out>
  </testcase>
  <testcase name="testCreateWithInvalidPaths" classname="TestRootedOzoneFileSystem" time="0.059">
    <system-out><![CDATA[2022-06-27 16:54:31,176 [Time-limited test] INFO  rpc.RpcClient (RpcClient.java:createVolume(466)) - Creating Volume: volume21750, with user26082 as owner and space quota set to -1 bytes, counts quota set to -1
2022-06-27 16:54:31,180 [OM StateMachine ApplyTransaction Thread - 0] INFO  volume.OMVolumeCreateRequest (OMVolumeCreateRequest.java:validateAndUpdateCache(195)) - created volume:volume21750 for user:user26082
2022-06-27 16:54:31,183 [Time-limited test] INFO  rpc.RpcClient (RpcClient.java:createBucket(666)) - Creating Bucket: volume21750/bucket28311, with the Bucket Layout LEGACY, runner as owner, Versioning false, Storage Type set to DISK and Encryption set to false 
2022-06-27 16:54:31,185 [OM StateMachine ApplyTransaction Thread - 0] INFO  bucket.OMBucketCreateRequest (OMBucketCreateRequest.java:validateAndUpdateCache(260)) - created bucket: bucket28311 of layout LEGACY in volume: volume21750
]]></system-out>
  </testcase>
  <testcase name="testCreateWithInvalidPaths" classname="TestRootedOzoneFileSystem" time="0.098">
    <system-out><![CDATA[2022-06-27 16:55:35,318 [Time-limited test] INFO  rpc.RpcClient (RpcClient.java:createVolume(466)) - Creating Volume: volume91556, with user58743 as owner and space quota set to -1 bytes, counts quota set to -1
2022-06-27 16:55:35,319 [OM StateMachine ApplyTransaction Thread - 0] INFO  volume.OMVolumeCreateRequest (OMVolumeCreateRequest.java:validateAndUpdateCache(195)) - created volume:volume91556 for user:user58743
2022-06-27 16:55:35,322 [Time-limited test] INFO  rpc.RpcClient (RpcClient.java:createBucket(666)) - Creating Bucket: volume91556/bucket47758, with the Bucket Layout LEGACY, runner as owner, Versioning false, Storage Type set to DISK and Encryption set to false 
2022-06-27 16:55:35,336 [OM StateMachine ApplyTransaction Thread - 0] INFO  bucket.OMBucketCreateRequest (OMBucketCreateRequest.java:validateAndUpdateCache(260)) - created bucket: bucket47758 of layout LEGACY in volume: volume91556
]]></system-out>
  </testcase>
  <testcase name="testCreateWithInvalidPaths" classname="TestRootedOzoneFileSystem" time="0.079">
    <system-out><![CDATA[2022-06-27 16:56:43,612 [Time-limited test] INFO  rpc.RpcClient (RpcClient.java:createVolume(466)) - Creating Volume: volume19429, with user58698 as owner and space quota set to -1 bytes, counts quota set to -1
2022-06-27 16:56:43,613 [IPC Server handler 5 on default port 40407] INFO  volume.OMVolumeCreateRequest (OMVolumeCreateRequest.java:validateAndUpdateCache(195)) - created volume:volume19429 for user:user58698
2022-06-27 16:56:43,613 [Time-limited test] INFO  rpc.RpcClient (RpcClient.java:createBucket(666)) - Creating Bucket: volume19429/bucket29450, with the Bucket Layout LEGACY, runner as owner, Versioning false, Storage Type set to DISK and Encryption set to false 
2022-06-27 16:56:43,614 [IPC Server handler 9 on default port 40407] INFO  bucket.OMBucketCreateRequest (OMBucketCreateRequest.java:validateAndUpdateCache(260)) - created bucket: bucket29450 of layout LEGACY in volume: volume19429
]]></system-out>
  </testcase>
  <testcase name="testCreateWithInvalidPaths" classname="TestRootedOzoneFileSystem" time="0.282">
    <system-out><![CDATA[2022-06-27 16:57:57,782 [59b1e939-7f3e-448e-a48d-ff530bcc538d@group-F76DDF9E5011-LeaderElection62] INFO  impl.LeaderElection (LeaderElection.java:askForVotes(310)) - 59b1e939-7f3e-448e-a48d-ff530bcc538d@group-F76DDF9E5011-LeaderElection62 ELECTION round 0: submit vote requests at term 4 for -1: [dcd286b6-9f7a-4746-8dc4-f6b4b45daddf|rpc:10.1.0.22:37187|priority:0, 59b1e939-7f3e-448e-a48d-ff530bcc538d|rpc:10.1.0.22:33279|priority:1, d50766be-5aa0-4516-a336-dcc66469e2a8|rpc:10.1.0.22:40223|priority:0], old=null
2022-06-27 16:57:57,801 [grpc-default-executor-0] INFO  server.RaftServer$Division (RaftServerImpl.java:requestVote(1152)) - dcd286b6-9f7a-4746-8dc4-f6b4b45daddf@group-F76DDF9E5011: receive requestVote(ELECTION, 59b1e939-7f3e-448e-a48d-ff530bcc538d, group-F76DDF9E5011, 4, (t:0, i:0))
2022-06-27 16:57:57,801 [grpc-default-executor-0] INFO  impl.VoteContext (VoteContext.java:log(48)) - dcd286b6-9f7a-4746-8dc4-f6b4b45daddf@group-F76DDF9E5011-FOLLOWER: accept ELECTION from 59b1e939-7f3e-448e-a48d-ff530bcc538d: our priority 0 <= candidate's priority 1
2022-06-27 16:57:57,801 [grpc-default-executor-0] INFO  server.RaftServer$Division (RaftServerImpl.java:setRole(299)) - dcd286b6-9f7a-4746-8dc4-f6b4b45daddf@group-F76DDF9E5011: changes role from  FOLLOWER to FOLLOWER at term 4 for candidate:59b1e939-7f3e-448e-a48d-ff530bcc538d
2022-06-27 16:57:57,801 [grpc-default-executor-0] INFO  impl.RoleInfo (RoleInfo.java:shutdownFollowerState(110)) - dcd286b6-9f7a-4746-8dc4-f6b4b45daddf: shutdown dcd286b6-9f7a-4746-8dc4-f6b4b45daddf@group-F76DDF9E5011-FollowerState
2022-06-27 16:57:57,801 [grpc-default-executor-0] INFO  impl.RoleInfo (RoleInfo.java:updateAndGet(139)) - dcd286b6-9f7a-4746-8dc4-f6b4b45daddf: start dcd286b6-9f7a-4746-8dc4-f6b4b45daddf@group-F76DDF9E5011-FollowerState
2022-06-27 16:57:57,803 [dcd286b6-9f7a-4746-8dc4-f6b4b45daddf@group-F76DDF9E5011-FollowerState] INFO  impl.FollowerState (FollowerState.java:run(152)) - dcd286b6-9f7a-4746-8dc4-f6b4b45daddf@group-F76DDF9E5011-FollowerState was interrupted
2022-06-27 16:57:57,813 [grpc-default-executor-0] INFO  server.RaftServer$Division (RaftServerImpl.java:requestVote(1184)) - dcd286b6-9f7a-4746-8dc4-f6b4b45daddf@group-F76DDF9E5011 replies to ELECTION vote request: 59b1e939-7f3e-448e-a48d-ff530bcc538d<-dcd286b6-9f7a-4746-8dc4-f6b4b45daddf#0:OK-t4. Peer's state: dcd286b6-9f7a-4746-8dc4-f6b4b45daddf@group-F76DDF9E5011:t4, leader=null, voted=59b1e939-7f3e-448e-a48d-ff530bcc538d, raftlog=dcd286b6-9f7a-4746-8dc4-f6b4b45daddf@group-F76DDF9E5011-SegmentedRaftLog:OPENED:c-1, conf=-1: [dcd286b6-9f7a-4746-8dc4-f6b4b45daddf|rpc:10.1.0.22:37187|dataStream:|priority:0, 59b1e939-7f3e-448e-a48d-ff530bcc538d|rpc:10.1.0.22:33279|dataStream:|priority:1, d50766be-5aa0-4516-a336-dcc66469e2a8|rpc:10.1.0.22:40223|dataStream:|priority:0], old=null
2022-06-27 16:57:57,814 [59b1e939-7f3e-448e-a48d-ff530bcc538d@group-F76DDF9E5011-LeaderElection62] INFO  impl.LeaderElection (LeaderElection.java:logAndReturn(90)) - 59b1e939-7f3e-448e-a48d-ff530bcc538d@group-F76DDF9E5011-LeaderElection62: ELECTION PASSED received 1 response(s) and 0 exception(s):
2022-06-27 16:57:57,814 [59b1e939-7f3e-448e-a48d-ff530bcc538d@group-F76DDF9E5011-LeaderElection62] INFO  impl.LeaderElection (LeaderElection.java:logAndReturn(94)) -   Response 0: 59b1e939-7f3e-448e-a48d-ff530bcc538d<-dcd286b6-9f7a-4746-8dc4-f6b4b45daddf#0:OK-t4
2022-06-27 16:57:57,814 [59b1e939-7f3e-448e-a48d-ff530bcc538d@group-F76DDF9E5011-LeaderElection62] INFO  impl.LeaderElection (LeaderElection.java:askForVotes(312)) - 59b1e939-7f3e-448e-a48d-ff530bcc538d@group-F76DDF9E5011-LeaderElection62 ELECTION round 0: result PASSED
2022-06-27 16:57:57,814 [59b1e939-7f3e-448e-a48d-ff530bcc538d@group-F76DDF9E5011-LeaderElection62] INFO  impl.RoleInfo (RoleInfo.java:shutdownLeaderElection(130)) - 59b1e939-7f3e-448e-a48d-ff530bcc538d: shutdown 59b1e939-7f3e-448e-a48d-ff530bcc538d@group-F76DDF9E5011-LeaderElection62
2022-06-27 16:57:57,814 [59b1e939-7f3e-448e-a48d-ff530bcc538d@group-F76DDF9E5011-LeaderElection62] INFO  server.RaftServer$Division (RaftServerImpl.java:setRole(299)) - 59b1e939-7f3e-448e-a48d-ff530bcc538d@group-F76DDF9E5011: changes role from CANDIDATE to LEADER at term 4 for changeToLeader
2022-06-27 16:57:57,814 [59b1e939-7f3e-448e-a48d-ff530bcc538d@group-F76DDF9E5011-LeaderElection62] INFO  ratis.XceiverServerRatis (XceiverServerRatis.java:handleLeaderChangedNotification(863)) - Leader change notification received for group: group-F76DDF9E5011 with new leaderId: 59b1e939-7f3e-448e-a48d-ff530bcc538d
2022-06-27 16:57:57,814 [59b1e939-7f3e-448e-a48d-ff530bcc538d@group-F76DDF9E5011-LeaderElection62] INFO  server.RaftServer$Division (ServerState.java:setLeader(287)) - 59b1e939-7f3e-448e-a48d-ff530bcc538d@group-F76DDF9E5011: change Leader from null to 59b1e939-7f3e-448e-a48d-ff530bcc538d at term 4 for becomeLeader, leader elected after 20617ms
2022-06-27 16:57:57,814 [59b1e939-7f3e-448e-a48d-ff530bcc538d@group-F76DDF9E5011-LeaderElection62] INFO  server.RaftServerConfigKeys (ConfUtils.java:logGet(46)) - raft.server.staging.catchup.gap = 1000 (default)
2022-06-27 16:57:57,815 [EventQueue-PipelineReportForPipelineReportHandler] INFO  pipeline.PipelineManagerImpl (PipelineManagerImpl.java:openPipeline(358)) - Pipeline Pipeline[ Id: 74bc0608-407d-488f-bcbd-f76ddf9e5011, Nodes: d50766be-5aa0-4516-a336-dcc66469e2a8{ip: 10.1.0.22, host: fv-az215-30.fk02tkdpp51uda4i120yanydqb.bx.internal.cloudapp.net, ports: [REPLICATION=34005, RATIS=40223, RATIS_ADMIN=40223, RATIS_SERVER=40223, STANDALONE=45739], networkLocation: /default-rack, certSerialId: null, persistedOpState: IN_SERVICE, persistedOpStateExpiryEpochSec: 0}dcd286b6-9f7a-4746-8dc4-f6b4b45daddf{ip: 10.1.0.22, host: fv-az215-30.fk02tkdpp51uda4i120yanydqb.bx.internal.cloudapp.net, ports: [REPLICATION=34409, RATIS=37187, RATIS_ADMIN=37187, RATIS_SERVER=37187, STANDALONE=39967], networkLocation: /default-rack, certSerialId: null, persistedOpState: IN_SERVICE, persistedOpStateExpiryEpochSec: 0}59b1e939-7f3e-448e-a48d-ff530bcc538d{ip: 10.1.0.22, host: fv-az215-30.fk02tkdpp51uda4i120yanydqb.bx.internal.cloudapp.net, ports: [REPLICATION=42155, RATIS=33279, RATIS_ADMIN=33279, RATIS_SERVER=33279, STANDALONE=39669], networkLocation: /default-rack, certSerialId: null, persistedOpState: IN_SERVICE, persistedOpStateExpiryEpochSec: 0}, ReplicationConfig: RATIS/THREE, State:ALLOCATED, leaderId:59b1e939-7f3e-448e-a48d-ff530bcc538d, CreationTimestamp2022-06-27T16:57:34.771Z[Etc/UTC]] moved to OPEN state
2022-06-27 16:57:57,832 [59b1e939-7f3e-448e-a48d-ff530bcc538d@group-F76DDF9E5011-LeaderElection62] INFO  server.RaftServerConfigKeys (ConfUtils.java:logGet(46)) - raft.server.write.element-limit = 1024 (custom)
2022-06-27 16:57:57,832 [59b1e939-7f3e-448e-a48d-ff530bcc538d@group-F76DDF9E5011-LeaderElection62] INFO  server.RaftServerConfigKeys (ConfUtils.java:logGet(46)) - raft.server.write.byte-limit = 1024 M (=1073741824) (custom)
2022-06-27 16:57:57,833 [59b1e939-7f3e-448e-a48d-ff530bcc538d@group-F76DDF9E5011-LeaderElection62] INFO  server.RaftServerConfigKeys (ConfUtils.java:logGet(46)) - raft.server.watch.timeout = 180s (custom)
2022-06-27 16:57:57,833 [59b1e939-7f3e-448e-a48d-ff530bcc538d@group-F76DDF9E5011-LeaderElection62] INFO  server.RaftServerConfigKeys (ConfUtils.java:logGet(46)) - raft.server.watch.timeout.denomination = 1s (default)
2022-06-27 16:57:57,833 [59b1e939-7f3e-448e-a48d-ff530bcc538d@group-F76DDF9E5011-LeaderElection62] INFO  server.RaftServerConfigKeys (ConfUtils.java:logGet(46)) - raft.server.watch.element-limit = 65536 (default)
2022-06-27 16:57:57,833 [59b1e939-7f3e-448e-a48d-ff530bcc538d@group-F76DDF9E5011-LeaderElection62] INFO  server.RaftServerConfigKeys (ConfUtils.java:logGet(46)) - raft.server.write.element-limit = 1024 (custom)
2022-06-27 16:57:57,833 [59b1e939-7f3e-448e-a48d-ff530bcc538d@group-F76DDF9E5011-LeaderElection62] INFO  server.RaftServerConfigKeys (ConfUtils.java:logGet(46)) - raft.server.write.follower.gap.ratio.max = -1.0 (default)
2022-06-27 16:57:57,834 [59b1e939-7f3e-448e-a48d-ff530bcc538d@group-F76DDF9E5011-LeaderElection62] INFO  server.RaftServerConfigKeys (ConfUtils.java:logGet(46)) - raft.server.log.appender.snapshot.chunk.size.max = 16MB (=16777216) (default)
2022-06-27 16:57:57,834 [59b1e939-7f3e-448e-a48d-ff530bcc538d@group-F76DDF9E5011-LeaderElection62] INFO  server.RaftServerConfigKeys (ConfUtils.java:logGet(46)) - raft.server.log.appender.buffer.byte-limit = 33554432 (custom)
2022-06-27 16:57:57,834 [59b1e939-7f3e-448e-a48d-ff530bcc538d@group-F76DDF9E5011-LeaderElection62] INFO  server.RaftServerConfigKeys (ConfUtils.java:logGet(46)) - raft.server.log.appender.buffer.element-limit = 1 (custom)
2022-06-27 16:57:57,869 [59b1e939-7f3e-448e-a48d-ff530bcc538d@group-F76DDF9E5011-LeaderElection62] INFO  grpc.GrpcConfigKeys (ConfUtils.java:logGet(46)) - raft.grpc.server.leader.outstanding.appends.max = 128 (default)
2022-06-27 16:57:57,869 [59b1e939-7f3e-448e-a48d-ff530bcc538d@group-F76DDF9E5011-LeaderElection62] INFO  server.RaftServerConfigKeys (ConfUtils.java:logGet(46)) - raft.server.rpc.request.timeout = 60s (custom)
2022-06-27 16:57:57,869 [59b1e939-7f3e-448e-a48d-ff530bcc538d@group-F76DDF9E5011-LeaderElection62] INFO  server.RaftServerConfigKeys (ConfUtils.java:logGet(46)) - raft.server.log.appender.install.snapshot.enabled = false (custom)
2022-06-27 16:57:57,869 [grpc-default-executor-0] INFO  server.RaftServer$Division (RaftServerImpl.java:requestVote(1152)) - d50766be-5aa0-4516-a336-dcc66469e2a8@group-F76DDF9E5011: receive requestVote(ELECTION, 59b1e939-7f3e-448e-a48d-ff530bcc538d, group-F76DDF9E5011, 4, (t:0, i:0))
2022-06-27 16:57:57,870 [grpc-default-executor-0] INFO  impl.VoteContext (VoteContext.java:log(48)) - d50766be-5aa0-4516-a336-dcc66469e2a8@group-F76DDF9E5011-FOLLOWER: accept ELECTION from 59b1e939-7f3e-448e-a48d-ff530bcc538d: our priority 0 <= candidate's priority 1
2022-06-27 16:57:57,870 [grpc-default-executor-0] INFO  server.RaftServer$Division (RaftServerImpl.java:setRole(299)) - d50766be-5aa0-4516-a336-dcc66469e2a8@group-F76DDF9E5011: changes role from  FOLLOWER to FOLLOWER at term 4 for candidate:59b1e939-7f3e-448e-a48d-ff530bcc538d
2022-06-27 16:57:57,870 [grpc-default-executor-0] INFO  impl.RoleInfo (RoleInfo.java:shutdownFollowerState(110)) - d50766be-5aa0-4516-a336-dcc66469e2a8: shutdown d50766be-5aa0-4516-a336-dcc66469e2a8@group-F76DDF9E5011-FollowerState
2022-06-27 16:57:57,870 [grpc-default-executor-0] INFO  impl.RoleInfo (RoleInfo.java:updateAndGet(139)) - d50766be-5aa0-4516-a336-dcc66469e2a8: start d50766be-5aa0-4516-a336-dcc66469e2a8@group-F76DDF9E5011-FollowerState
2022-06-27 16:57:57,870 [59b1e939-7f3e-448e-a48d-ff530bcc538d@group-F76DDF9E5011-LeaderElection62] INFO  server.RaftServerConfigKeys (ConfUtils.java:logGet(46)) - raft.server.log.appender.snapshot.chunk.size.max = 16MB (=16777216) (default)
2022-06-27 16:57:57,870 [59b1e939-7f3e-448e-a48d-ff530bcc538d@group-F76DDF9E5011-LeaderElection62] INFO  server.RaftServerConfigKeys (ConfUtils.java:logGet(46)) - raft.server.log.appender.buffer.byte-limit = 33554432 (custom)
2022-06-27 16:57:57,870 [59b1e939-7f3e-448e-a48d-ff530bcc538d@group-F76DDF9E5011-LeaderElection62] INFO  server.RaftServerConfigKeys (ConfUtils.java:logGet(46)) - raft.server.log.appender.buffer.element-limit = 1 (custom)
2022-06-27 16:57:57,871 [d50766be-5aa0-4516-a336-dcc66469e2a8@group-F76DDF9E5011-FollowerState] INFO  impl.FollowerState (FollowerState.java:run(152)) - d50766be-5aa0-4516-a336-dcc66469e2a8@group-F76DDF9E5011-FollowerState was interrupted
2022-06-27 16:57:57,897 [59b1e939-7f3e-448e-a48d-ff530bcc538d@group-F76DDF9E5011-LeaderElection62] INFO  grpc.GrpcConfigKeys (ConfUtils.java:logGet(46)) - raft.grpc.server.leader.outstanding.appends.max = 128 (default)
2022-06-27 16:57:57,897 [59b1e939-7f3e-448e-a48d-ff530bcc538d@group-F76DDF9E5011-LeaderElection62] INFO  server.RaftServerConfigKeys (ConfUtils.java:logGet(46)) - raft.server.rpc.request.timeout = 60s (custom)
2022-06-27 16:57:57,898 [59b1e939-7f3e-448e-a48d-ff530bcc538d@group-F76DDF9E5011-LeaderElection62] INFO  server.RaftServerConfigKeys (ConfUtils.java:logGet(46)) - raft.server.log.appender.install.snapshot.enabled = false (custom)
2022-06-27 16:57:57,898 [59b1e939-7f3e-448e-a48d-ff530bcc538d@group-F76DDF9E5011-LeaderElection62] INFO  impl.RoleInfo (RoleInfo.java:updateAndGet(139)) - 59b1e939-7f3e-448e-a48d-ff530bcc538d: start 59b1e939-7f3e-448e-a48d-ff530bcc538d@group-F76DDF9E5011-LeaderStateImpl
2022-06-27 16:57:57,898 [59b1e939-7f3e-448e-a48d-ff530bcc538d@group-F76DDF9E5011-LeaderElection62] INFO  segmented.SegmentedRaftLogWorker (SegmentedRaftLogWorker.java:startLogSegment(425)) - 59b1e939-7f3e-448e-a48d-ff530bcc538d@group-F76DDF9E5011-SegmentedRaftLogWorker: Starting segment from index:0
2022-06-27 16:57:57,899 [59b1e939-7f3e-448e-a48d-ff530bcc538d@group-F76DDF9E5011-SegmentedRaftLogWorker] INFO  segmented.SegmentedRaftLogWorker (SegmentedRaftLogWorker.java:execute(629)) - 59b1e939-7f3e-448e-a48d-ff530bcc538d@group-F76DDF9E5011-SegmentedRaftLogWorker: created new log segment /home/runner/work/ozone/ozone/hadoop-ozone/integration-test/target/test-dir/MiniOzoneClusterImpl-5ad2835d-edcb-4821-8976-9d3b57c406ad/datanode-1/data/ratis/74bc0608-407d-488f-bcbd-f76ddf9e5011/current/log_inprogress_0
2022-06-27 16:57:57,903 [59b1e939-7f3e-448e-a48d-ff530bcc538d@group-F76DDF9E5011-LeaderElection62] INFO  server.RaftServer$Division (ServerState.java:setRaftConf(393)) - 59b1e939-7f3e-448e-a48d-ff530bcc538d@group-F76DDF9E5011: set configuration 0: [dcd286b6-9f7a-4746-8dc4-f6b4b45daddf|rpc:10.1.0.22:37187|dataStream:|priority:0, 59b1e939-7f3e-448e-a48d-ff530bcc538d|rpc:10.1.0.22:33279|dataStream:|priority:1, d50766be-5aa0-4516-a336-dcc66469e2a8|rpc:10.1.0.22:40223|dataStream:|priority:0], old=null
2022-06-27 16:57:57,907 [dcd286b6-9f7a-4746-8dc4-f6b4b45daddf-server-thread1] INFO  ratis.XceiverServerRatis (XceiverServerRatis.java:handleLeaderChangedNotification(863)) - Leader change notification received for group: group-F76DDF9E5011 with new leaderId: 59b1e939-7f3e-448e-a48d-ff530bcc538d
2022-06-27 16:57:57,907 [dcd286b6-9f7a-4746-8dc4-f6b4b45daddf-server-thread1] INFO  server.RaftServer$Division (ServerState.java:setLeader(287)) - dcd286b6-9f7a-4746-8dc4-f6b4b45daddf@group-F76DDF9E5011: change Leader from null to 59b1e939-7f3e-448e-a48d-ff530bcc538d at term 4 for appendEntries, leader elected after 20770ms
2022-06-27 16:57:57,907 [grpc-default-executor-0] INFO  server.RaftServer$Division (RaftServerImpl.java:requestVote(1184)) - d50766be-5aa0-4516-a336-dcc66469e2a8@group-F76DDF9E5011 replies to ELECTION vote request: 59b1e939-7f3e-448e-a48d-ff530bcc538d<-d50766be-5aa0-4516-a336-dcc66469e2a8#0:OK-t4. Peer's state: d50766be-5aa0-4516-a336-dcc66469e2a8@group-F76DDF9E5011:t4, leader=null, voted=59b1e939-7f3e-448e-a48d-ff530bcc538d, raftlog=d50766be-5aa0-4516-a336-dcc66469e2a8@group-F76DDF9E5011-SegmentedRaftLog:OPENED:c-1, conf=-1: [dcd286b6-9f7a-4746-8dc4-f6b4b45daddf|rpc:10.1.0.22:37187|priority:0, 59b1e939-7f3e-448e-a48d-ff530bcc538d|rpc:10.1.0.22:33279|priority:1, d50766be-5aa0-4516-a336-dcc66469e2a8|rpc:10.1.0.22:40223|priority:0], old=null
2022-06-27 16:57:57,908 [d50766be-5aa0-4516-a336-dcc66469e2a8-server-thread1] INFO  ratis.XceiverServerRatis (XceiverServerRatis.java:handleLeaderChangedNotification(863)) - Leader change notification received for group: group-F76DDF9E5011 with new leaderId: 59b1e939-7f3e-448e-a48d-ff530bcc538d
2022-06-27 16:57:57,908 [d50766be-5aa0-4516-a336-dcc66469e2a8-server-thread1] INFO  server.RaftServer$Division (ServerState.java:setLeader(287)) - d50766be-5aa0-4516-a336-dcc66469e2a8@group-F76DDF9E5011: change Leader from null to 59b1e939-7f3e-448e-a48d-ff530bcc538d at term 4 for appendEntries, leader elected after 21036ms
2022-06-27 16:57:57,914 [d50766be-5aa0-4516-a336-dcc66469e2a8-server-thread1] INFO  server.RaftServer$Division (ServerState.java:setRaftConf(393)) - d50766be-5aa0-4516-a336-dcc66469e2a8@group-F76DDF9E5011: set configuration 0: [dcd286b6-9f7a-4746-8dc4-f6b4b45daddf|rpc:10.1.0.22:37187|dataStream:|priority:0, 59b1e939-7f3e-448e-a48d-ff530bcc538d|rpc:10.1.0.22:33279|dataStream:|priority:1, d50766be-5aa0-4516-a336-dcc66469e2a8|rpc:10.1.0.22:40223|dataStream:|priority:0], old=null
2022-06-27 16:57:57,914 [d50766be-5aa0-4516-a336-dcc66469e2a8-server-thread1] INFO  segmented.SegmentedRaftLogWorker (SegmentedRaftLogWorker.java:startLogSegment(425)) - d50766be-5aa0-4516-a336-dcc66469e2a8@group-F76DDF9E5011-SegmentedRaftLogWorker: Starting segment from index:0
2022-06-27 16:57:57,921 [d50766be-5aa0-4516-a336-dcc66469e2a8@group-F76DDF9E5011-SegmentedRaftLogWorker] INFO  segmented.SegmentedRaftLogWorker (SegmentedRaftLogWorker.java:execute(629)) - d50766be-5aa0-4516-a336-dcc66469e2a8@group-F76DDF9E5011-SegmentedRaftLogWorker: created new log segment /home/runner/work/ozone/ozone/hadoop-ozone/integration-test/target/test-dir/MiniOzoneClusterImpl-5ad2835d-edcb-4821-8976-9d3b57c406ad/datanode-0/data/ratis/74bc0608-407d-488f-bcbd-f76ddf9e5011/current/log_inprogress_0
2022-06-27 16:57:57,986 [dcd286b6-9f7a-4746-8dc4-f6b4b45daddf-server-thread1] INFO  server.RaftServer$Division (ServerState.java:setRaftConf(393)) - dcd286b6-9f7a-4746-8dc4-f6b4b45daddf@group-F76DDF9E5011: set configuration 0: [dcd286b6-9f7a-4746-8dc4-f6b4b45daddf|rpc:10.1.0.22:37187|dataStream:|priority:0, 59b1e939-7f3e-448e-a48d-ff530bcc538d|rpc:10.1.0.22:33279|dataStream:|priority:1, d50766be-5aa0-4516-a336-dcc66469e2a8|rpc:10.1.0.22:40223|dataStream:|priority:0], old=null
2022-06-27 16:57:57,986 [dcd286b6-9f7a-4746-8dc4-f6b4b45daddf-server-thread1] INFO  segmented.SegmentedRaftLogWorker (SegmentedRaftLogWorker.java:startLogSegment(425)) - dcd286b6-9f7a-4746-8dc4-f6b4b45daddf@group-F76DDF9E5011-SegmentedRaftLogWorker: Starting segment from index:0
2022-06-27 16:57:57,989 [dcd286b6-9f7a-4746-8dc4-f6b4b45daddf@group-F76DDF9E5011-SegmentedRaftLogWorker] INFO  segmented.SegmentedRaftLogWorker (SegmentedRaftLogWorker.java:execute(629)) - dcd286b6-9f7a-4746-8dc4-f6b4b45daddf@group-F76DDF9E5011-SegmentedRaftLogWorker: created new log segment /home/runner/work/ozone/ozone/hadoop-ozone/integration-test/target/test-dir/MiniOzoneClusterImpl-5ad2835d-edcb-4821-8976-9d3b57c406ad/datanode-2/data/ratis/74bc0608-407d-488f-bcbd-f76ddf9e5011/current/log_inprogress_0
2022-06-27 16:57:57,990 [Time-limited test] INFO  rpc.RpcClient (RpcClient.java:createVolume(466)) - Creating Volume: volume71844, with user88313 as owner and space quota set to -1 bytes, counts quota set to -1
2022-06-27 16:57:58,003 [OM StateMachine ApplyTransaction Thread - 0] INFO  volume.OMVolumeCreateRequest (OMVolumeCreateRequest.java:validateAndUpdateCache(195)) - created volume:volume71844 for user:user88313
2022-06-27 16:57:58,004 [Time-limited test] INFO  rpc.RpcClient (RpcClient.java:createBucket(666)) - Creating Bucket: volume71844/bucket60123, with the Bucket Layout LEGACY, runner as owner, Versioning false, Storage Type set to DISK and Encryption set to false 
2022-06-27 16:57:58,005 [OM StateMachine ApplyTransaction Thread - 0] INFO  bucket.OMBucketCreateRequest (OMBucketCreateRequest.java:validateAndUpdateCache(260)) - created bucket: bucket60123 of layout LEGACY in volume: volume71844
]]></system-out>
  </testcase>
  <testcase name="testCreateWithInvalidPaths" classname="TestRootedOzoneFileSystem" time="0.125">
    <system-out><![CDATA[2022-06-27 16:59:18,925 [Time-limited test] INFO  rpc.RpcClient (RpcClient.java:createVolume(466)) - Creating Volume: volume65760, with user63483 as owner and space quota set to -1 bytes, counts quota set to -1
2022-06-27 16:59:18,928 [IPC Server handler 4 on default port 35065] INFO  volume.OMVolumeCreateRequest (OMVolumeCreateRequest.java:validateAndUpdateCache(195)) - created volume:volume65760 for user:user63483
2022-06-27 16:59:18,933 [Time-limited test] INFO  rpc.RpcClient (RpcClient.java:createBucket(666)) - Creating Bucket: volume65760/bucket51912, with the Bucket Layout LEGACY, runner as owner, Versioning false, Storage Type set to DISK and Encryption set to false 
2022-06-27 16:59:18,933 [IPC Server handler 2 on default port 35065] INFO  bucket.OMBucketCreateRequest (OMBucketCreateRequest.java:validateAndUpdateCache(260)) - created bucket: bucket51912 of layout LEGACY in volume: volume65760
]]></system-out>
  </testcase>
  <testcase name="testDeleteEmptyVolume" classname="TestRootedOzoneFileSystem" time="0.068">
    <system-out><![CDATA[2022-06-27 16:54:31,236 [Time-limited test] INFO  rpc.RpcClient (RpcClient.java:createVolume(466)) - Creating Volume: volume93486, with user50533 as owner and space quota set to -1 bytes, counts quota set to -1
2022-06-27 16:54:31,242 [OM StateMachine ApplyTransaction Thread - 0] INFO  volume.OMVolumeCreateRequest (OMVolumeCreateRequest.java:validateAndUpdateCache(195)) - created volume:volume93486 for user:user50533
2022-06-27 16:54:31,244 [Time-limited test] INFO  rpc.RpcClient (RpcClient.java:createBucket(666)) - Creating Bucket: volume93486/bucket66620, with the Bucket Layout LEGACY, runner as owner, Versioning false, Storage Type set to DISK and Encryption set to false 
2022-06-27 16:54:31,246 [OM StateMachine ApplyTransaction Thread - 0] INFO  bucket.OMBucketCreateRequest (OMBucketCreateRequest.java:validateAndUpdateCache(260)) - created bucket: bucket66620 of layout LEGACY in volume: volume93486
2022-06-27 16:54:31,248 [Time-limited test] INFO  rpc.RpcClient (RpcClient.java:createVolume(466)) - Creating Volume: volume-37870, with runner as owner and space quota set to -1 bytes, counts quota set to -1
2022-06-27 16:54:31,254 [OM StateMachine ApplyTransaction Thread - 0] INFO  volume.OMVolumeCreateRequest (OMVolumeCreateRequest.java:validateAndUpdateCache(195)) - created volume:volume-37870 for user:runner
]]></system-out>
  </testcase>
  <testcase name="testDeleteEmptyVolume" classname="TestRootedOzoneFileSystem" time="0.066">
    <system-out><![CDATA[2022-06-27 16:55:35,384 [Time-limited test] INFO  rpc.RpcClient (RpcClient.java:createVolume(466)) - Creating Volume: volume14266, with user14975 as owner and space quota set to -1 bytes, counts quota set to -1
2022-06-27 16:55:35,386 [OM StateMachine ApplyTransaction Thread - 0] INFO  volume.OMVolumeCreateRequest (OMVolumeCreateRequest.java:validateAndUpdateCache(195)) - created volume:volume14266 for user:user14975
2022-06-27 16:55:35,393 [Time-limited test] INFO  rpc.RpcClient (RpcClient.java:createBucket(666)) - Creating Bucket: volume14266/bucket83634, with the Bucket Layout LEGACY, runner as owner, Versioning false, Storage Type set to DISK and Encryption set to false 
2022-06-27 16:55:35,394 [OM StateMachine ApplyTransaction Thread - 0] INFO  bucket.OMBucketCreateRequest (OMBucketCreateRequest.java:validateAndUpdateCache(260)) - created bucket: bucket83634 of layout LEGACY in volume: volume14266
2022-06-27 16:55:35,396 [Time-limited test] INFO  rpc.RpcClient (RpcClient.java:createVolume(466)) - Creating Volume: volume-73112, with runner as owner and space quota set to -1 bytes, counts quota set to -1
2022-06-27 16:55:35,397 [OM StateMachine ApplyTransaction Thread - 0] INFO  volume.OMVolumeCreateRequest (OMVolumeCreateRequest.java:validateAndUpdateCache(195)) - created volume:volume-73112 for user:runner
16:55:35.400 [IPC Server handler 19 on default port 39955] ERROR OMAudit - user=runner | ip=127.0.0.1 | op=READ_VOLUME {volume=volume-73112} | ret=FAILURE
org.apache.hadoop.ozone.om.exceptions.OMException: Volume volume-73112 is not found
	at org.apache.hadoop.ozone.om.VolumeManagerImpl.getVolumeInfo(VolumeManagerImpl.java:74) ~[ozone-manager-1.3.0-SNAPSHOT.jar:?]
	at org.apache.hadoop.ozone.om.OzoneManager.getVolumeInfo(OzoneManager.java:2602) ~[ozone-manager-1.3.0-SNAPSHOT.jar:?]
	at org.apache.hadoop.ozone.protocolPB.OzoneManagerRequestHandler.infoVolume(OzoneManagerRequestHandler.java:390) ~[ozone-manager-1.3.0-SNAPSHOT.jar:?]
	at org.apache.hadoop.ozone.protocolPB.OzoneManagerRequestHandler.handleReadRequest(OzoneManagerRequestHandler.java:162) ~[ozone-manager-1.3.0-SNAPSHOT.jar:?]
	at org.apache.hadoop.ozone.protocolPB.OzoneManagerProtocolServerSideTranslatorPB.submitReadRequestToOM(OzoneManagerProtocolServerSideTranslatorPB.java:226) ~[ozone-manager-1.3.0-SNAPSHOT.jar:?]
	at org.apache.hadoop.ozone.protocolPB.OzoneManagerProtocolServerSideTranslatorPB.processRequest(OzoneManagerProtocolServerSideTranslatorPB.java:175) ~[ozone-manager-1.3.0-SNAPSHOT.jar:?]
	at org.apache.hadoop.hdds.server.OzoneProtocolMessageDispatcher.processRequest(OzoneProtocolMessageDispatcher.java:87) [hdds-server-framework-1.3.0-SNAPSHOT.jar:?]
	at org.apache.hadoop.ozone.protocolPB.OzoneManagerProtocolServerSideTranslatorPB.submitRequest(OzoneManagerProtocolServerSideTranslatorPB.java:147) [ozone-manager-1.3.0-SNAPSHOT.jar:?]
	at org.apache.hadoop.ozone.protocol.proto.OzoneManagerProtocolProtos$OzoneManagerService$2.callBlockingMethod(OzoneManagerProtocolProtos.java) [ozone-interface-client-1.3.0-SNAPSHOT.jar:?]
	at org.apache.hadoop.ipc.ProtobufRpcEngine$Server.processCall(ProtobufRpcEngine.java:466) [hadoop-common-3.3.1.jar:?]
	at org.apache.hadoop.ipc.ProtobufRpcEngine2$Server$ProtoBufRpcInvoker.call(ProtobufRpcEngine2.java:574) [hadoop-common-3.3.1.jar:?]
	at org.apache.hadoop.ipc.ProtobufRpcEngine2$Server$ProtoBufRpcInvoker.call(ProtobufRpcEngine2.java:552) [hadoop-common-3.3.1.jar:?]
	at org.apache.hadoop.ipc.RPC$Server.call(RPC.java:1093) [hadoop-common-3.3.1.jar:?]
	at org.apache.hadoop.ipc.Server$RpcCall.run(Server.java:1035) [hadoop-common-3.3.1.jar:?]
	at org.apache.hadoop.ipc.Server$RpcCall.run(Server.java:963) [hadoop-common-3.3.1.jar:?]
	at java.security.AccessController.doPrivileged(Native Method) ~[?:1.8.0_332]
	at javax.security.auth.Subject.doAs(Subject.java:422) [?:1.8.0_332]
	at org.apache.hadoop.security.UserGroupInformation.doAs(UserGroupInformation.java:1878) [hadoop-common-3.3.1.jar:?]
	at org.apache.hadoop.ipc.Server$Handler.run(Server.java:2966) [hadoop-common-3.3.1.jar:?]
]]></system-out>
  </testcase>
  <testcase name="testDeleteEmptyVolume" classname="TestRootedOzoneFileSystem" time="0.131">
    <system-out><![CDATA[2022-06-27 16:56:43,731 [Time-limited test] INFO  rpc.RpcClient (RpcClient.java:createVolume(466)) - Creating Volume: volume55722, with user72221 as owner and space quota set to -1 bytes, counts quota set to -1
2022-06-27 16:56:43,735 [IPC Server handler 6 on default port 40407] INFO  volume.OMVolumeCreateRequest (OMVolumeCreateRequest.java:validateAndUpdateCache(195)) - created volume:volume55722 for user:user72221
2022-06-27 16:56:43,741 [Time-limited test] INFO  rpc.RpcClient (RpcClient.java:createBucket(666)) - Creating Bucket: volume55722/bucket74303, with the Bucket Layout LEGACY, runner as owner, Versioning false, Storage Type set to DISK and Encryption set to false 
2022-06-27 16:56:43,742 [IPC Server handler 10 on default port 40407] INFO  bucket.OMBucketCreateRequest (OMBucketCreateRequest.java:validateAndUpdateCache(260)) - created bucket: bucket74303 of layout LEGACY in volume: volume55722
2022-06-27 16:56:43,743 [Time-limited test] INFO  rpc.RpcClient (RpcClient.java:createVolume(466)) - Creating Volume: volume-60530, with runner as owner and space quota set to -1 bytes, counts quota set to -1
2022-06-27 16:56:43,743 [IPC Server handler 13 on default port 40407] INFO  volume.OMVolumeCreateRequest (OMVolumeCreateRequest.java:validateAndUpdateCache(195)) - created volume:volume-60530 for user:runner
16:56:43.746 [IPC Server handler 1 on default port 40407] ERROR OMAudit - user=runner | ip=127.0.0.1 | op=READ_VOLUME {volume=volume-60530} | ret=FAILURE
org.apache.hadoop.ozone.om.exceptions.OMException: Volume volume-60530 is not found
	at org.apache.hadoop.ozone.om.VolumeManagerImpl.getVolumeInfo(VolumeManagerImpl.java:74) ~[ozone-manager-1.3.0-SNAPSHOT.jar:?]
	at org.apache.hadoop.ozone.om.OzoneManager.getVolumeInfo(OzoneManager.java:2602) ~[ozone-manager-1.3.0-SNAPSHOT.jar:?]
	at org.apache.hadoop.ozone.protocolPB.OzoneManagerRequestHandler.infoVolume(OzoneManagerRequestHandler.java:390) ~[ozone-manager-1.3.0-SNAPSHOT.jar:?]
	at org.apache.hadoop.ozone.protocolPB.OzoneManagerRequestHandler.handleReadRequest(OzoneManagerRequestHandler.java:162) ~[ozone-manager-1.3.0-SNAPSHOT.jar:?]
	at org.apache.hadoop.ozone.protocolPB.OzoneManagerProtocolServerSideTranslatorPB.submitRequestDirectlyToOM(OzoneManagerProtocolServerSideTranslatorPB.java:276) ~[ozone-manager-1.3.0-SNAPSHOT.jar:?]
	at org.apache.hadoop.ozone.protocolPB.OzoneManagerProtocolServerSideTranslatorPB.processRequest(OzoneManagerProtocolServerSideTranslatorPB.java:205) ~[ozone-manager-1.3.0-SNAPSHOT.jar:?]
	at org.apache.hadoop.hdds.server.OzoneProtocolMessageDispatcher.processRequest(OzoneProtocolMessageDispatcher.java:87) [hdds-server-framework-1.3.0-SNAPSHOT.jar:?]
	at org.apache.hadoop.ozone.protocolPB.OzoneManagerProtocolServerSideTranslatorPB.submitRequest(OzoneManagerProtocolServerSideTranslatorPB.java:147) [ozone-manager-1.3.0-SNAPSHOT.jar:?]
	at org.apache.hadoop.ozone.protocol.proto.OzoneManagerProtocolProtos$OzoneManagerService$2.callBlockingMethod(OzoneManagerProtocolProtos.java) [ozone-interface-client-1.3.0-SNAPSHOT.jar:?]
	at org.apache.hadoop.ipc.ProtobufRpcEngine$Server.processCall(ProtobufRpcEngine.java:466) [hadoop-common-3.3.1.jar:?]
	at org.apache.hadoop.ipc.ProtobufRpcEngine2$Server$ProtoBufRpcInvoker.call(ProtobufRpcEngine2.java:574) [hadoop-common-3.3.1.jar:?]
	at org.apache.hadoop.ipc.ProtobufRpcEngine2$Server$ProtoBufRpcInvoker.call(ProtobufRpcEngine2.java:552) [hadoop-common-3.3.1.jar:?]
	at org.apache.hadoop.ipc.RPC$Server.call(RPC.java:1093) [hadoop-common-3.3.1.jar:?]
	at org.apache.hadoop.ipc.Server$RpcCall.run(Server.java:1035) [hadoop-common-3.3.1.jar:?]
	at org.apache.hadoop.ipc.Server$RpcCall.run(Server.java:963) [hadoop-common-3.3.1.jar:?]
	at java.security.AccessController.doPrivileged(Native Method) ~[?:1.8.0_332]
	at javax.security.auth.Subject.doAs(Subject.java:422) [?:1.8.0_332]
	at org.apache.hadoop.security.UserGroupInformation.doAs(UserGroupInformation.java:1878) [hadoop-common-3.3.1.jar:?]
	at org.apache.hadoop.ipc.Server$Handler.run(Server.java:2966) [hadoop-common-3.3.1.jar:?]
]]></system-out>
  </testcase>
  <testcase name="testDeleteEmptyVolume" classname="TestRootedOzoneFileSystem" time="0.183">
    <system-out><![CDATA[2022-06-27 16:57:58,201 [Time-limited test] INFO  rpc.RpcClient (RpcClient.java:createVolume(466)) - Creating Volume: volume51825, with user61399 as owner and space quota set to -1 bytes, counts quota set to -1
2022-06-27 16:57:58,203 [OM StateMachine ApplyTransaction Thread - 0] INFO  volume.OMVolumeCreateRequest (OMVolumeCreateRequest.java:validateAndUpdateCache(195)) - created volume:volume51825 for user:user61399
2022-06-27 16:57:58,211 [Time-limited test] INFO  rpc.RpcClient (RpcClient.java:createBucket(666)) - Creating Bucket: volume51825/bucket69119, with the Bucket Layout LEGACY, runner as owner, Versioning false, Storage Type set to DISK and Encryption set to false 
2022-06-27 16:57:58,222 [OM StateMachine ApplyTransaction Thread - 0] INFO  bucket.OMBucketCreateRequest (OMBucketCreateRequest.java:validateAndUpdateCache(260)) - created bucket: bucket69119 of layout LEGACY in volume: volume51825
2022-06-27 16:57:58,224 [Time-limited test] INFO  rpc.RpcClient (RpcClient.java:createVolume(466)) - Creating Volume: volume-68177, with runner as owner and space quota set to -1 bytes, counts quota set to -1
2022-06-27 16:57:58,226 [OM StateMachine ApplyTransaction Thread - 0] INFO  volume.OMVolumeCreateRequest (OMVolumeCreateRequest.java:validateAndUpdateCache(195)) - created volume:volume-68177 for user:runner
16:57:58.233 [IPC Server handler 14 on default port 40965] ERROR OMAudit - user=runner | ip=127.0.0.1 | op=READ_VOLUME {volume=volume-68177} | ret=FAILURE
org.apache.hadoop.ozone.om.exceptions.OMException: Volume volume-68177 is not found
	at org.apache.hadoop.ozone.om.VolumeManagerImpl.getVolumeInfo(VolumeManagerImpl.java:74) ~[ozone-manager-1.3.0-SNAPSHOT.jar:?]
	at org.apache.hadoop.ozone.om.OzoneManager.getVolumeInfo(OzoneManager.java:2602) ~[ozone-manager-1.3.0-SNAPSHOT.jar:?]
	at org.apache.hadoop.ozone.protocolPB.OzoneManagerRequestHandler.infoVolume(OzoneManagerRequestHandler.java:390) ~[ozone-manager-1.3.0-SNAPSHOT.jar:?]
	at org.apache.hadoop.ozone.protocolPB.OzoneManagerRequestHandler.handleReadRequest(OzoneManagerRequestHandler.java:162) ~[ozone-manager-1.3.0-SNAPSHOT.jar:?]
	at org.apache.hadoop.ozone.protocolPB.OzoneManagerProtocolServerSideTranslatorPB.submitReadRequestToOM(OzoneManagerProtocolServerSideTranslatorPB.java:226) ~[ozone-manager-1.3.0-SNAPSHOT.jar:?]
	at org.apache.hadoop.ozone.protocolPB.OzoneManagerProtocolServerSideTranslatorPB.processRequest(OzoneManagerProtocolServerSideTranslatorPB.java:175) ~[ozone-manager-1.3.0-SNAPSHOT.jar:?]
	at org.apache.hadoop.hdds.server.OzoneProtocolMessageDispatcher.processRequest(OzoneProtocolMessageDispatcher.java:87) [hdds-server-framework-1.3.0-SNAPSHOT.jar:?]
	at org.apache.hadoop.ozone.protocolPB.OzoneManagerProtocolServerSideTranslatorPB.submitRequest(OzoneManagerProtocolServerSideTranslatorPB.java:147) [ozone-manager-1.3.0-SNAPSHOT.jar:?]
	at org.apache.hadoop.ozone.protocol.proto.OzoneManagerProtocolProtos$OzoneManagerService$2.callBlockingMethod(OzoneManagerProtocolProtos.java) [ozone-interface-client-1.3.0-SNAPSHOT.jar:?]
	at org.apache.hadoop.ipc.ProtobufRpcEngine$Server.processCall(ProtobufRpcEngine.java:466) [hadoop-common-3.3.1.jar:?]
	at org.apache.hadoop.ipc.ProtobufRpcEngine2$Server$ProtoBufRpcInvoker.call(ProtobufRpcEngine2.java:574) [hadoop-common-3.3.1.jar:?]
	at org.apache.hadoop.ipc.ProtobufRpcEngine2$Server$ProtoBufRpcInvoker.call(ProtobufRpcEngine2.java:552) [hadoop-common-3.3.1.jar:?]
	at org.apache.hadoop.ipc.RPC$Server.call(RPC.java:1093) [hadoop-common-3.3.1.jar:?]
	at org.apache.hadoop.ipc.Server$RpcCall.run(Server.java:1035) [hadoop-common-3.3.1.jar:?]
	at org.apache.hadoop.ipc.Server$RpcCall.run(Server.java:963) [hadoop-common-3.3.1.jar:?]
	at java.security.AccessController.doPrivileged(Native Method) ~[?:1.8.0_332]
	at javax.security.auth.Subject.doAs(Subject.java:422) [?:1.8.0_332]
	at org.apache.hadoop.security.UserGroupInformation.doAs(UserGroupInformation.java:1878) [hadoop-common-3.3.1.jar:?]
	at org.apache.hadoop.ipc.Server$Handler.run(Server.java:2966) [hadoop-common-3.3.1.jar:?]
]]></system-out>
  </testcase>
  <testcase name="testDeleteEmptyVolume" classname="TestRootedOzoneFileSystem" time="0.204">
    <system-out><![CDATA[2022-06-27 16:59:19,139 [Time-limited test] INFO  rpc.RpcClient (RpcClient.java:createVolume(466)) - Creating Volume: volume74228, with user89743 as owner and space quota set to -1 bytes, counts quota set to -1
2022-06-27 16:59:19,144 [IPC Server handler 3 on default port 35065] INFO  volume.OMVolumeCreateRequest (OMVolumeCreateRequest.java:validateAndUpdateCache(195)) - created volume:volume74228 for user:user89743
2022-06-27 16:59:19,145 [Time-limited test] INFO  rpc.RpcClient (RpcClient.java:createBucket(666)) - Creating Bucket: volume74228/bucket14011, with the Bucket Layout LEGACY, runner as owner, Versioning false, Storage Type set to DISK and Encryption set to false 
2022-06-27 16:59:19,145 [IPC Server handler 8 on default port 35065] INFO  bucket.OMBucketCreateRequest (OMBucketCreateRequest.java:validateAndUpdateCache(260)) - created bucket: bucket14011 of layout LEGACY in volume: volume74228
2022-06-27 16:59:19,146 [Time-limited test] INFO  rpc.RpcClient (RpcClient.java:createVolume(466)) - Creating Volume: volume-42572, with runner as owner and space quota set to -1 bytes, counts quota set to -1
2022-06-27 16:59:19,147 [IPC Server handler 19 on default port 35065] INFO  volume.OMVolumeCreateRequest (OMVolumeCreateRequest.java:validateAndUpdateCache(195)) - created volume:volume-42572 for user:runner
16:59:19.149 [IPC Server handler 15 on default port 35065] ERROR OMAudit - user=runner | ip=127.0.0.1 | op=READ_VOLUME {volume=volume-42572} | ret=FAILURE
org.apache.hadoop.ozone.om.exceptions.OMException: Volume volume-42572 is not found
	at org.apache.hadoop.ozone.om.VolumeManagerImpl.getVolumeInfo(VolumeManagerImpl.java:74) ~[ozone-manager-1.3.0-SNAPSHOT.jar:?]
	at org.apache.hadoop.ozone.om.OzoneManager.getVolumeInfo(OzoneManager.java:2602) ~[ozone-manager-1.3.0-SNAPSHOT.jar:?]
	at org.apache.hadoop.ozone.protocolPB.OzoneManagerRequestHandler.infoVolume(OzoneManagerRequestHandler.java:390) ~[ozone-manager-1.3.0-SNAPSHOT.jar:?]
	at org.apache.hadoop.ozone.protocolPB.OzoneManagerRequestHandler.handleReadRequest(OzoneManagerRequestHandler.java:162) ~[ozone-manager-1.3.0-SNAPSHOT.jar:?]
	at org.apache.hadoop.ozone.protocolPB.OzoneManagerProtocolServerSideTranslatorPB.submitRequestDirectlyToOM(OzoneManagerProtocolServerSideTranslatorPB.java:276) ~[ozone-manager-1.3.0-SNAPSHOT.jar:?]
	at org.apache.hadoop.ozone.protocolPB.OzoneManagerProtocolServerSideTranslatorPB.processRequest(OzoneManagerProtocolServerSideTranslatorPB.java:205) ~[ozone-manager-1.3.0-SNAPSHOT.jar:?]
	at org.apache.hadoop.hdds.server.OzoneProtocolMessageDispatcher.processRequest(OzoneProtocolMessageDispatcher.java:87) [hdds-server-framework-1.3.0-SNAPSHOT.jar:?]
	at org.apache.hadoop.ozone.protocolPB.OzoneManagerProtocolServerSideTranslatorPB.submitRequest(OzoneManagerProtocolServerSideTranslatorPB.java:147) [ozone-manager-1.3.0-SNAPSHOT.jar:?]
	at org.apache.hadoop.ozone.protocol.proto.OzoneManagerProtocolProtos$OzoneManagerService$2.callBlockingMethod(OzoneManagerProtocolProtos.java) [ozone-interface-client-1.3.0-SNAPSHOT.jar:?]
	at org.apache.hadoop.ipc.ProtobufRpcEngine$Server.processCall(ProtobufRpcEngine.java:466) [hadoop-common-3.3.1.jar:?]
	at org.apache.hadoop.ipc.ProtobufRpcEngine2$Server$ProtoBufRpcInvoker.call(ProtobufRpcEngine2.java:574) [hadoop-common-3.3.1.jar:?]
	at org.apache.hadoop.ipc.ProtobufRpcEngine2$Server$ProtoBufRpcInvoker.call(ProtobufRpcEngine2.java:552) [hadoop-common-3.3.1.jar:?]
	at org.apache.hadoop.ipc.RPC$Server.call(RPC.java:1093) [hadoop-common-3.3.1.jar:?]
	at org.apache.hadoop.ipc.Server$RpcCall.run(Server.java:1035) [hadoop-common-3.3.1.jar:?]
	at org.apache.hadoop.ipc.Server$RpcCall.run(Server.java:963) [hadoop-common-3.3.1.jar:?]
	at java.security.AccessController.doPrivileged(Native Method) ~[?:1.8.0_332]
	at javax.security.auth.Subject.doAs(Subject.java:422) [?:1.8.0_332]
	at org.apache.hadoop.security.UserGroupInformation.doAs(UserGroupInformation.java:1878) [hadoop-common-3.3.1.jar:?]
	at org.apache.hadoop.ipc.Server$Handler.run(Server.java:2966) [hadoop-common-3.3.1.jar:?]
]]></system-out>
  </testcase>
  <testcase name="testListStatusRootAndVolumeContinuation" classname="TestRootedOzoneFileSystem" time="0">
    <skipped type="org.junit.AssumptionViolatedException"><![CDATA[org.junit.AssumptionViolatedException: FS Path is enabled. Skipping this test as it is not tuned for FS Path yet
	at org.junit.Assume.assumeTrue(Assume.java:68)
	at org.apache.hadoop.fs.ozone.TestRootedOzoneFileSystem.testListStatusRootAndVolumeContinuation(TestRootedOzoneFileSystem.java:912)
	at sun.reflect.NativeMethodAccessorImpl.invoke0(Native Method)
	at sun.reflect.NativeMethodAccessorImpl.invoke(NativeMethodAccessorImpl.java:62)
	at sun.reflect.DelegatingMethodAccessorImpl.invoke(DelegatingMethodAccessorImpl.java:43)
	at java.lang.reflect.Method.invoke(Method.java:498)
	at org.junit.runners.model.FrameworkMethod$1.runReflectiveCall(FrameworkMethod.java:59)
	at org.junit.internal.runners.model.ReflectiveCallable.run(ReflectiveCallable.java:12)
	at org.junit.runners.model.FrameworkMethod.invokeExplosively(FrameworkMethod.java:56)
	at org.junit.internal.runners.statements.InvokeMethod.evaluate(InvokeMethod.java:17)
	at org.junit.internal.runners.statements.RunBefores.evaluate(RunBefores.java:26)
	at org.junit.internal.runners.statements.RunAfters.evaluate(RunAfters.java:27)
	at org.junit.internal.runners.statements.FailOnTimeout$CallableStatement.call(FailOnTimeout.java:288)
	at org.junit.internal.runners.statements.FailOnTimeout$CallableStatement.call(FailOnTimeout.java:282)
	at java.util.concurrent.FutureTask.run(FutureTask.java:266)
	at java.lang.Thread.run(Thread.java:750)
]]></skipped>
    <system-out><![CDATA[2022-06-27 16:54:31,305 [Time-limited test] INFO  rpc.RpcClient (RpcClient.java:createVolume(466)) - Creating Volume: volume10423, with user28980 as owner and space quota set to -1 bytes, counts quota set to -1
2022-06-27 16:54:31,309 [OM StateMachine ApplyTransaction Thread - 0] INFO  volume.OMVolumeCreateRequest (OMVolumeCreateRequest.java:validateAndUpdateCache(195)) - created volume:volume10423 for user:user28980
2022-06-27 16:54:31,313 [Time-limited test] INFO  rpc.RpcClient (RpcClient.java:createBucket(666)) - Creating Bucket: volume10423/bucket38997, with the Bucket Layout LEGACY, runner as owner, Versioning false, Storage Type set to DISK and Encryption set to false 
2022-06-27 16:54:31,316 [OM StateMachine ApplyTransaction Thread - 0] INFO  bucket.OMBucketCreateRequest (OMBucketCreateRequest.java:validateAndUpdateCache(260)) - created bucket: bucket38997 of layout LEGACY in volume: volume10423
]]></system-out>
  </testcase>
  <testcase name="testListStatusRootAndVolumeContinuation" classname="TestRootedOzoneFileSystem" time="0">
    <skipped type="org.junit.AssumptionViolatedException"><![CDATA[org.junit.AssumptionViolatedException: FS Path is enabled. Skipping this test as it is not tuned for FS Path yet
	at org.junit.Assume.assumeTrue(Assume.java:68)
	at org.apache.hadoop.fs.ozone.TestRootedOzoneFileSystem.testListStatusRootAndVolumeContinuation(TestRootedOzoneFileSystem.java:912)
	at sun.reflect.NativeMethodAccessorImpl.invoke0(Native Method)
	at sun.reflect.NativeMethodAccessorImpl.invoke(NativeMethodAccessorImpl.java:62)
	at sun.reflect.DelegatingMethodAccessorImpl.invoke(DelegatingMethodAccessorImpl.java:43)
	at java.lang.reflect.Method.invoke(Method.java:498)
	at org.junit.runners.model.FrameworkMethod$1.runReflectiveCall(FrameworkMethod.java:59)
	at org.junit.internal.runners.model.ReflectiveCallable.run(ReflectiveCallable.java:12)
	at org.junit.runners.model.FrameworkMethod.invokeExplosively(FrameworkMethod.java:56)
	at org.junit.internal.runners.statements.InvokeMethod.evaluate(InvokeMethod.java:17)
	at org.junit.internal.runners.statements.RunBefores.evaluate(RunBefores.java:26)
	at org.junit.internal.runners.statements.RunAfters.evaluate(RunAfters.java:27)
	at org.junit.internal.runners.statements.FailOnTimeout$CallableStatement.call(FailOnTimeout.java:288)
	at org.junit.internal.runners.statements.FailOnTimeout$CallableStatement.call(FailOnTimeout.java:282)
	at java.util.concurrent.FutureTask.run(FutureTask.java:266)
	at java.lang.Thread.run(Thread.java:750)
]]></skipped>
    <system-out><![CDATA[2022-06-27 16:55:35,486 [Time-limited test] INFO  rpc.RpcClient (RpcClient.java:createVolume(466)) - Creating Volume: volume90022, with user52566 as owner and space quota set to -1 bytes, counts quota set to -1
2022-06-27 16:55:35,488 [OM StateMachine ApplyTransaction Thread - 0] INFO  volume.OMVolumeCreateRequest (OMVolumeCreateRequest.java:validateAndUpdateCache(195)) - created volume:volume90022 for user:user52566
2022-06-27 16:55:35,489 [Time-limited test] INFO  rpc.RpcClient (RpcClient.java:createBucket(666)) - Creating Bucket: volume90022/bucket79100, with the Bucket Layout LEGACY, runner as owner, Versioning false, Storage Type set to DISK and Encryption set to false 
2022-06-27 16:55:35,490 [OM StateMachine ApplyTransaction Thread - 0] INFO  bucket.OMBucketCreateRequest (OMBucketCreateRequest.java:validateAndUpdateCache(260)) - created bucket: bucket79100 of layout LEGACY in volume: volume90022
]]></system-out>
  </testcase>
  <testcase name="testListStatusRootAndVolumeContinuation" classname="TestRootedOzoneFileSystem" time="0">
    <skipped type="org.junit.AssumptionViolatedException"><![CDATA[org.junit.AssumptionViolatedException: FS Path is enabled. Skipping this test as it is not tuned for FS Path yet
	at org.junit.Assume.assumeTrue(Assume.java:68)
	at org.apache.hadoop.fs.ozone.TestRootedOzoneFileSystem.testListStatusRootAndVolumeContinuation(TestRootedOzoneFileSystem.java:912)
	at sun.reflect.NativeMethodAccessorImpl.invoke0(Native Method)
	at sun.reflect.NativeMethodAccessorImpl.invoke(NativeMethodAccessorImpl.java:62)
	at sun.reflect.DelegatingMethodAccessorImpl.invoke(DelegatingMethodAccessorImpl.java:43)
	at java.lang.reflect.Method.invoke(Method.java:498)
	at org.junit.runners.model.FrameworkMethod$1.runReflectiveCall(FrameworkMethod.java:59)
	at org.junit.internal.runners.model.ReflectiveCallable.run(ReflectiveCallable.java:12)
	at org.junit.runners.model.FrameworkMethod.invokeExplosively(FrameworkMethod.java:56)
	at org.junit.internal.runners.statements.InvokeMethod.evaluate(InvokeMethod.java:17)
	at org.junit.internal.runners.statements.RunBefores.evaluate(RunBefores.java:26)
	at org.junit.internal.runners.statements.RunAfters.evaluate(RunAfters.java:27)
	at org.junit.internal.runners.statements.FailOnTimeout$CallableStatement.call(FailOnTimeout.java:288)
	at org.junit.internal.runners.statements.FailOnTimeout$CallableStatement.call(FailOnTimeout.java:282)
	at java.util.concurrent.FutureTask.run(FutureTask.java:266)
	at java.lang.Thread.run(Thread.java:750)
]]></skipped>
    <system-out><![CDATA[2022-06-27 16:56:43,830 [Time-limited test] INFO  rpc.RpcClient (RpcClient.java:createVolume(466)) - Creating Volume: volume35798, with user23420 as owner and space quota set to -1 bytes, counts quota set to -1
2022-06-27 16:56:43,831 [IPC Server handler 15 on default port 40407] INFO  volume.OMVolumeCreateRequest (OMVolumeCreateRequest.java:validateAndUpdateCache(195)) - created volume:volume35798 for user:user23420
2022-06-27 16:56:43,845 [Time-limited test] INFO  rpc.RpcClient (RpcClient.java:createBucket(666)) - Creating Bucket: volume35798/bucket96470, with the Bucket Layout LEGACY, runner as owner, Versioning false, Storage Type set to DISK and Encryption set to false 
2022-06-27 16:56:43,846 [IPC Server handler 1 on default port 40407] INFO  bucket.OMBucketCreateRequest (OMBucketCreateRequest.java:validateAndUpdateCache(260)) - created bucket: bucket96470 of layout LEGACY in volume: volume35798
]]></system-out>
  </testcase>
  <testcase name="testListStatusRootAndVolumeContinuation" classname="TestRootedOzoneFileSystem" time="2.424">
    <system-out><![CDATA[2022-06-27 16:57:58,436 [Time-limited test] INFO  rpc.RpcClient (RpcClient.java:createVolume(466)) - Creating Volume: volume03818, with user44198 as owner and space quota set to -1 bytes, counts quota set to -1
2022-06-27 16:57:58,446 [OM StateMachine ApplyTransaction Thread - 0] INFO  volume.OMVolumeCreateRequest (OMVolumeCreateRequest.java:validateAndUpdateCache(195)) - created volume:volume03818 for user:user44198
2022-06-27 16:57:58,448 [Time-limited test] INFO  rpc.RpcClient (RpcClient.java:createBucket(666)) - Creating Bucket: volume03818/bucket07084, with the Bucket Layout LEGACY, runner as owner, Versioning false, Storage Type set to DISK and Encryption set to false 
2022-06-27 16:57:58,450 [OM StateMachine ApplyTransaction Thread - 0] INFO  bucket.OMBucketCreateRequest (OMBucketCreateRequest.java:validateAndUpdateCache(260)) - created bucket: bucket07084 of layout LEGACY in volume: volume03818
16:57:58.452 [IPC Server handler 16 on default port 40965] ERROR OMAudit - user=runner | ip=127.0.0.1 | op=READ_BUCKET {volume=volume-23492, bucket=bucket-48947} | ret=FAILURE
org.apache.hadoop.ozone.om.exceptions.OMException: Volume not found when getting bucket info
	at org.apache.hadoop.ozone.om.BucketManagerImpl.getBucketInfo(BucketManagerImpl.java:127) ~[ozone-manager-1.3.0-SNAPSHOT.jar:?]
	at org.apache.hadoop.ozone.om.OzoneManager.getBucketInfo(OzoneManager.java:2778) ~[ozone-manager-1.3.0-SNAPSHOT.jar:?]
	at org.apache.hadoop.ozone.protocolPB.OzoneManagerRequestHandler.infoBucket(OzoneManagerRequestHandler.java:464) ~[ozone-manager-1.3.0-SNAPSHOT.jar:?]
	at org.apache.hadoop.ozone.protocolPB.OzoneManagerRequestHandler.handleReadRequest(OzoneManagerRequestHandler.java:172) ~[ozone-manager-1.3.0-SNAPSHOT.jar:?]
	at org.apache.hadoop.ozone.protocolPB.OzoneManagerProtocolServerSideTranslatorPB.submitReadRequestToOM(OzoneManagerProtocolServerSideTranslatorPB.java:226) ~[ozone-manager-1.3.0-SNAPSHOT.jar:?]
	at org.apache.hadoop.ozone.protocolPB.OzoneManagerProtocolServerSideTranslatorPB.processRequest(OzoneManagerProtocolServerSideTranslatorPB.java:175) ~[ozone-manager-1.3.0-SNAPSHOT.jar:?]
	at org.apache.hadoop.hdds.server.OzoneProtocolMessageDispatcher.processRequest(OzoneProtocolMessageDispatcher.java:87) [hdds-server-framework-1.3.0-SNAPSHOT.jar:?]
	at org.apache.hadoop.ozone.protocolPB.OzoneManagerProtocolServerSideTranslatorPB.submitRequest(OzoneManagerProtocolServerSideTranslatorPB.java:147) [ozone-manager-1.3.0-SNAPSHOT.jar:?]
	at org.apache.hadoop.ozone.protocol.proto.OzoneManagerProtocolProtos$OzoneManagerService$2.callBlockingMethod(OzoneManagerProtocolProtos.java) [ozone-interface-client-1.3.0-SNAPSHOT.jar:?]
	at org.apache.hadoop.ipc.ProtobufRpcEngine$Server.processCall(ProtobufRpcEngine.java:466) [hadoop-common-3.3.1.jar:?]
	at org.apache.hadoop.ipc.ProtobufRpcEngine2$Server$ProtoBufRpcInvoker.call(ProtobufRpcEngine2.java:574) [hadoop-common-3.3.1.jar:?]
	at org.apache.hadoop.ipc.ProtobufRpcEngine2$Server$ProtoBufRpcInvoker.call(ProtobufRpcEngine2.java:552) [hadoop-common-3.3.1.jar:?]
	at org.apache.hadoop.ipc.RPC$Server.call(RPC.java:1093) [hadoop-common-3.3.1.jar:?]
	at org.apache.hadoop.ipc.Server$RpcCall.run(Server.java:1035) [hadoop-common-3.3.1.jar:?]
	at org.apache.hadoop.ipc.Server$RpcCall.run(Server.java:963) [hadoop-common-3.3.1.jar:?]
	at java.security.AccessController.doPrivileged(Native Method) ~[?:1.8.0_332]
	at javax.security.auth.Subject.doAs(Subject.java:422) [?:1.8.0_332]
	at org.apache.hadoop.security.UserGroupInformation.doAs(UserGroupInformation.java:1878) [hadoop-common-3.3.1.jar:?]
	at org.apache.hadoop.ipc.Server$Handler.run(Server.java:2966) [hadoop-common-3.3.1.jar:?]
2022-06-27 16:57:58,452 [Time-limited test] INFO  rpc.RpcClient (RpcClient.java:createVolume(466)) - Creating Volume: volume-23492, with runner as owner and space quota set to -1 bytes, counts quota set to -1
2022-06-27 16:57:58,453 [OM StateMachine ApplyTransaction Thread - 0] INFO  volume.OMVolumeCreateRequest (OMVolumeCreateRequest.java:validateAndUpdateCache(195)) - created volume:volume-23492 for user:runner
2022-06-27 16:57:58,454 [Time-limited test] INFO  rpc.RpcClient (RpcClient.java:createBucket(666)) - Creating Bucket: volume-23492/bucket-48947, with the Bucket Layout LEGACY, runner as owner, Versioning false, Storage Type set to DISK and Encryption set to false 
2022-06-27 16:57:58,455 [OM StateMachine ApplyTransaction Thread - 0] INFO  bucket.OMBucketCreateRequest (OMBucketCreateRequest.java:validateAndUpdateCache(260)) - created bucket: bucket-48947 of layout LEGACY in volume: volume-23492
16:57:58.773 [IPC Server handler 11 on default port 40965] ERROR OMAudit - user=runner | ip=127.0.0.1 | op=READ_BUCKET {volume=volume-34570, bucket=bucket-99420} | ret=FAILURE
org.apache.hadoop.ozone.om.exceptions.OMException: Volume not found when getting bucket info
	at org.apache.hadoop.ozone.om.BucketManagerImpl.getBucketInfo(BucketManagerImpl.java:127) ~[ozone-manager-1.3.0-SNAPSHOT.jar:?]
	at org.apache.hadoop.ozone.om.OzoneManager.getBucketInfo(OzoneManager.java:2778) ~[ozone-manager-1.3.0-SNAPSHOT.jar:?]
	at org.apache.hadoop.ozone.protocolPB.OzoneManagerRequestHandler.infoBucket(OzoneManagerRequestHandler.java:464) ~[ozone-manager-1.3.0-SNAPSHOT.jar:?]
	at org.apache.hadoop.ozone.protocolPB.OzoneManagerRequestHandler.handleReadRequest(OzoneManagerRequestHandler.java:172) ~[ozone-manager-1.3.0-SNAPSHOT.jar:?]
	at org.apache.hadoop.ozone.protocolPB.OzoneManagerProtocolServerSideTranslatorPB.submitReadRequestToOM(OzoneManagerProtocolServerSideTranslatorPB.java:226) ~[ozone-manager-1.3.0-SNAPSHOT.jar:?]
	at org.apache.hadoop.ozone.protocolPB.OzoneManagerProtocolServerSideTranslatorPB.processRequest(OzoneManagerProtocolServerSideTranslatorPB.java:175) ~[ozone-manager-1.3.0-SNAPSHOT.jar:?]
	at org.apache.hadoop.hdds.server.OzoneProtocolMessageDispatcher.processRequest(OzoneProtocolMessageDispatcher.java:87) [hdds-server-framework-1.3.0-SNAPSHOT.jar:?]
	at org.apache.hadoop.ozone.protocolPB.OzoneManagerProtocolServerSideTranslatorPB.submitRequest(OzoneManagerProtocolServerSideTranslatorPB.java:147) [ozone-manager-1.3.0-SNAPSHOT.jar:?]
	at org.apache.hadoop.ozone.protocol.proto.OzoneManagerProtocolProtos$OzoneManagerService$2.callBlockingMethod(OzoneManagerProtocolProtos.java) [ozone-interface-client-1.3.0-SNAPSHOT.jar:?]
	at org.apache.hadoop.ipc.ProtobufRpcEngine$Server.processCall(ProtobufRpcEngine.java:466) [hadoop-common-3.3.1.jar:?]
	at org.apache.hadoop.ipc.ProtobufRpcEngine2$Server$ProtoBufRpcInvoker.call(ProtobufRpcEngine2.java:574) [hadoop-common-3.3.1.jar:?]
	at org.apache.hadoop.ipc.ProtobufRpcEngine2$Server$ProtoBufRpcInvoker.call(ProtobufRpcEngine2.java:552) [hadoop-common-3.3.1.jar:?]
	at org.apache.hadoop.ipc.RPC$Server.call(RPC.java:1093) [hadoop-common-3.3.1.jar:?]
	at org.apache.hadoop.ipc.Server$RpcCall.run(Server.java:1035) [hadoop-common-3.3.1.jar:?]
	at org.apache.hadoop.ipc.Server$RpcCall.run(Server.java:963) [hadoop-common-3.3.1.jar:?]
	at java.security.AccessController.doPrivileged(Native Method) ~[?:1.8.0_332]
	at javax.security.auth.Subject.doAs(Subject.java:422) [?:1.8.0_332]
	at org.apache.hadoop.security.UserGroupInformation.doAs(UserGroupInformation.java:1878) [hadoop-common-3.3.1.jar:?]
	at org.apache.hadoop.ipc.Server$Handler.run(Server.java:2966) [hadoop-common-3.3.1.jar:?]
2022-06-27 16:57:58,773 [Time-limited test] INFO  rpc.RpcClient (RpcClient.java:createVolume(466)) - Creating Volume: volume-34570, with runner as owner and space quota set to -1 bytes, counts quota set to -1
2022-06-27 16:57:58,774 [OM StateMachine ApplyTransaction Thread - 0] INFO  volume.OMVolumeCreateRequest (OMVolumeCreateRequest.java:validateAndUpdateCache(195)) - created volume:volume-34570 for user:runner
2022-06-27 16:57:58,775 [Time-limited test] INFO  rpc.RpcClient (RpcClient.java:createBucket(666)) - Creating Bucket: volume-34570/bucket-99420, with the Bucket Layout LEGACY, runner as owner, Versioning false, Storage Type set to DISK and Encryption set to false 
2022-06-27 16:57:58,776 [OM StateMachine ApplyTransaction Thread - 0] INFO  bucket.OMBucketCreateRequest (OMBucketCreateRequest.java:validateAndUpdateCache(260)) - created bucket: bucket-99420 of layout LEGACY in volume: volume-34570
16:57:59.380 [IPC Server handler 6 on default port 40965] ERROR OMAudit - user=runner | ip=127.0.0.1 | op=READ_BUCKET {volume=volume-36500, bucket=bucket-27015} | ret=FAILURE
org.apache.hadoop.ozone.om.exceptions.OMException: Volume not found when getting bucket info
	at org.apache.hadoop.ozone.om.BucketManagerImpl.getBucketInfo(BucketManagerImpl.java:127) ~[ozone-manager-1.3.0-SNAPSHOT.jar:?]
	at org.apache.hadoop.ozone.om.OzoneManager.getBucketInfo(OzoneManager.java:2778) ~[ozone-manager-1.3.0-SNAPSHOT.jar:?]
	at org.apache.hadoop.ozone.protocolPB.OzoneManagerRequestHandler.infoBucket(OzoneManagerRequestHandler.java:464) ~[ozone-manager-1.3.0-SNAPSHOT.jar:?]
	at org.apache.hadoop.ozone.protocolPB.OzoneManagerRequestHandler.handleReadRequest(OzoneManagerRequestHandler.java:172) ~[ozone-manager-1.3.0-SNAPSHOT.jar:?]
	at org.apache.hadoop.ozone.protocolPB.OzoneManagerProtocolServerSideTranslatorPB.submitReadRequestToOM(OzoneManagerProtocolServerSideTranslatorPB.java:226) ~[ozone-manager-1.3.0-SNAPSHOT.jar:?]
	at org.apache.hadoop.ozone.protocolPB.OzoneManagerProtocolServerSideTranslatorPB.processRequest(OzoneManagerProtocolServerSideTranslatorPB.java:175) ~[ozone-manager-1.3.0-SNAPSHOT.jar:?]
	at org.apache.hadoop.hdds.server.OzoneProtocolMessageDispatcher.processRequest(OzoneProtocolMessageDispatcher.java:87) [hdds-server-framework-1.3.0-SNAPSHOT.jar:?]
	at org.apache.hadoop.ozone.protocolPB.OzoneManagerProtocolServerSideTranslatorPB.submitRequest(OzoneManagerProtocolServerSideTranslatorPB.java:147) [ozone-manager-1.3.0-SNAPSHOT.jar:?]
	at org.apache.hadoop.ozone.protocol.proto.OzoneManagerProtocolProtos$OzoneManagerService$2.callBlockingMethod(OzoneManagerProtocolProtos.java) [ozone-interface-client-1.3.0-SNAPSHOT.jar:?]
	at org.apache.hadoop.ipc.ProtobufRpcEngine$Server.processCall(ProtobufRpcEngine.java:466) [hadoop-common-3.3.1.jar:?]
	at org.apache.hadoop.ipc.ProtobufRpcEngine2$Server$ProtoBufRpcInvoker.call(ProtobufRpcEngine2.java:574) [hadoop-common-3.3.1.jar:?]
	at org.apache.hadoop.ipc.ProtobufRpcEngine2$Server$ProtoBufRpcInvoker.call(ProtobufRpcEngine2.java:552) [hadoop-common-3.3.1.jar:?]
	at org.apache.hadoop.ipc.RPC$Server.call(RPC.java:1093) [hadoop-common-3.3.1.jar:?]
	at org.apache.hadoop.ipc.Server$RpcCall.run(Server.java:1035) [hadoop-common-3.3.1.jar:?]
	at org.apache.hadoop.ipc.Server$RpcCall.run(Server.java:963) [hadoop-common-3.3.1.jar:?]
	at java.security.AccessController.doPrivileged(Native Method) ~[?:1.8.0_332]
	at javax.security.auth.Subject.doAs(Subject.java:422) [?:1.8.0_332]
	at org.apache.hadoop.security.UserGroupInformation.doAs(UserGroupInformation.java:1878) [hadoop-common-3.3.1.jar:?]
	at org.apache.hadoop.ipc.Server$Handler.run(Server.java:2966) [hadoop-common-3.3.1.jar:?]
2022-06-27 16:57:59,380 [Time-limited test] INFO  rpc.RpcClient (RpcClient.java:createVolume(466)) - Creating Volume: volume-36500, with runner as owner and space quota set to -1 bytes, counts quota set to -1
2022-06-27 16:57:59,381 [OM StateMachine ApplyTransaction Thread - 0] INFO  volume.OMVolumeCreateRequest (OMVolumeCreateRequest.java:validateAndUpdateCache(195)) - created volume:volume-36500 for user:runner
2022-06-27 16:57:59,382 [Time-limited test] INFO  rpc.RpcClient (RpcClient.java:createBucket(666)) - Creating Bucket: volume-36500/bucket-27015, with the Bucket Layout LEGACY, runner as owner, Versioning false, Storage Type set to DISK and Encryption set to false 
2022-06-27 16:57:59,383 [OM StateMachine ApplyTransaction Thread - 0] INFO  bucket.OMBucketCreateRequest (OMBucketCreateRequest.java:validateAndUpdateCache(260)) - created bucket: bucket-27015 of layout LEGACY in volume: volume-36500
16:57:59.861 [IPC Server handler 6 on default port 40965] ERROR OMAudit - user=runner | ip=127.0.0.1 | op=READ_BUCKET {volume=volume-19292, bucket=bucket-62297} | ret=FAILURE
org.apache.hadoop.ozone.om.exceptions.OMException: Volume not found when getting bucket info
	at org.apache.hadoop.ozone.om.BucketManagerImpl.getBucketInfo(BucketManagerImpl.java:127) ~[ozone-manager-1.3.0-SNAPSHOT.jar:?]
	at org.apache.hadoop.ozone.om.OzoneManager.getBucketInfo(OzoneManager.java:2778) ~[ozone-manager-1.3.0-SNAPSHOT.jar:?]
	at org.apache.hadoop.ozone.protocolPB.OzoneManagerRequestHandler.infoBucket(OzoneManagerRequestHandler.java:464) ~[ozone-manager-1.3.0-SNAPSHOT.jar:?]
	at org.apache.hadoop.ozone.protocolPB.OzoneManagerRequestHandler.handleReadRequest(OzoneManagerRequestHandler.java:172) ~[ozone-manager-1.3.0-SNAPSHOT.jar:?]
	at org.apache.hadoop.ozone.protocolPB.OzoneManagerProtocolServerSideTranslatorPB.submitReadRequestToOM(OzoneManagerProtocolServerSideTranslatorPB.java:226) ~[ozone-manager-1.3.0-SNAPSHOT.jar:?]
	at org.apache.hadoop.ozone.protocolPB.OzoneManagerProtocolServerSideTranslatorPB.processRequest(OzoneManagerProtocolServerSideTranslatorPB.java:175) ~[ozone-manager-1.3.0-SNAPSHOT.jar:?]
	at org.apache.hadoop.hdds.server.OzoneProtocolMessageDispatcher.processRequest(OzoneProtocolMessageDispatcher.java:87) [hdds-server-framework-1.3.0-SNAPSHOT.jar:?]
	at org.apache.hadoop.ozone.protocolPB.OzoneManagerProtocolServerSideTranslatorPB.submitRequest(OzoneManagerProtocolServerSideTranslatorPB.java:147) [ozone-manager-1.3.0-SNAPSHOT.jar:?]
	at org.apache.hadoop.ozone.protocol.proto.OzoneManagerProtocolProtos$OzoneManagerService$2.callBlockingMethod(OzoneManagerProtocolProtos.java) [ozone-interface-client-1.3.0-SNAPSHOT.jar:?]
	at org.apache.hadoop.ipc.ProtobufRpcEngine$Server.processCall(ProtobufRpcEngine.java:466) [hadoop-common-3.3.1.jar:?]
	at org.apache.hadoop.ipc.ProtobufRpcEngine2$Server$ProtoBufRpcInvoker.call(ProtobufRpcEngine2.java:574) [hadoop-common-3.3.1.jar:?]
	at org.apache.hadoop.ipc.ProtobufRpcEngine2$Server$ProtoBufRpcInvoker.call(ProtobufRpcEngine2.java:552) [hadoop-common-3.3.1.jar:?]
	at org.apache.hadoop.ipc.RPC$Server.call(RPC.java:1093) [hadoop-common-3.3.1.jar:?]
	at org.apache.hadoop.ipc.Server$RpcCall.run(Server.java:1035) [hadoop-common-3.3.1.jar:?]
	at org.apache.hadoop.ipc.Server$RpcCall.run(Server.java:963) [hadoop-common-3.3.1.jar:?]
	at java.security.AccessController.doPrivileged(Native Method) ~[?:1.8.0_332]
	at javax.security.auth.Subject.doAs(Subject.java:422) [?:1.8.0_332]
	at org.apache.hadoop.security.UserGroupInformation.doAs(UserGroupInformation.java:1878) [hadoop-common-3.3.1.jar:?]
	at org.apache.hadoop.ipc.Server$Handler.run(Server.java:2966) [hadoop-common-3.3.1.jar:?]
2022-06-27 16:57:59,861 [Time-limited test] INFO  rpc.RpcClient (RpcClient.java:createVolume(466)) - Creating Volume: volume-19292, with runner as owner and space quota set to -1 bytes, counts quota set to -1
2022-06-27 16:57:59,862 [OM StateMachine ApplyTransaction Thread - 0] INFO  volume.OMVolumeCreateRequest (OMVolumeCreateRequest.java:validateAndUpdateCache(195)) - created volume:volume-19292 for user:runner
2022-06-27 16:57:59,863 [Time-limited test] INFO  rpc.RpcClient (RpcClient.java:createBucket(666)) - Creating Bucket: volume-19292/bucket-62297, with the Bucket Layout LEGACY, runner as owner, Versioning false, Storage Type set to DISK and Encryption set to false 
2022-06-27 16:57:59,864 [OM StateMachine ApplyTransaction Thread - 0] INFO  bucket.OMBucketCreateRequest (OMBucketCreateRequest.java:validateAndUpdateCache(260)) - created bucket: bucket-62297 of layout LEGACY in volume: volume-19292
16:58:00.155 [IPC Server handler 4 on default port 40965] ERROR OMAudit - user=runner | ip=127.0.0.1 | op=READ_BUCKET {volume=volume-36637, bucket=bucket-08763} | ret=FAILURE
org.apache.hadoop.ozone.om.exceptions.OMException: Volume not found when getting bucket info
	at org.apache.hadoop.ozone.om.BucketManagerImpl.getBucketInfo(BucketManagerImpl.java:127) ~[ozone-manager-1.3.0-SNAPSHOT.jar:?]
	at org.apache.hadoop.ozone.om.OzoneManager.getBucketInfo(OzoneManager.java:2778) ~[ozone-manager-1.3.0-SNAPSHOT.jar:?]
	at org.apache.hadoop.ozone.protocolPB.OzoneManagerRequestHandler.infoBucket(OzoneManagerRequestHandler.java:464) ~[ozone-manager-1.3.0-SNAPSHOT.jar:?]
	at org.apache.hadoop.ozone.protocolPB.OzoneManagerRequestHandler.handleReadRequest(OzoneManagerRequestHandler.java:172) ~[ozone-manager-1.3.0-SNAPSHOT.jar:?]
	at org.apache.hadoop.ozone.protocolPB.OzoneManagerProtocolServerSideTranslatorPB.submitReadRequestToOM(OzoneManagerProtocolServerSideTranslatorPB.java:226) ~[ozone-manager-1.3.0-SNAPSHOT.jar:?]
	at org.apache.hadoop.ozone.protocolPB.OzoneManagerProtocolServerSideTranslatorPB.processRequest(OzoneManagerProtocolServerSideTranslatorPB.java:175) ~[ozone-manager-1.3.0-SNAPSHOT.jar:?]
	at org.apache.hadoop.hdds.server.OzoneProtocolMessageDispatcher.processRequest(OzoneProtocolMessageDispatcher.java:87) [hdds-server-framework-1.3.0-SNAPSHOT.jar:?]
	at org.apache.hadoop.ozone.protocolPB.OzoneManagerProtocolServerSideTranslatorPB.submitRequest(OzoneManagerProtocolServerSideTranslatorPB.java:147) [ozone-manager-1.3.0-SNAPSHOT.jar:?]
	at org.apache.hadoop.ozone.protocol.proto.OzoneManagerProtocolProtos$OzoneManagerService$2.callBlockingMethod(OzoneManagerProtocolProtos.java) [ozone-interface-client-1.3.0-SNAPSHOT.jar:?]
	at org.apache.hadoop.ipc.ProtobufRpcEngine$Server.processCall(ProtobufRpcEngine.java:466) [hadoop-common-3.3.1.jar:?]
	at org.apache.hadoop.ipc.ProtobufRpcEngine2$Server$ProtoBufRpcInvoker.call(ProtobufRpcEngine2.java:574) [hadoop-common-3.3.1.jar:?]
	at org.apache.hadoop.ipc.ProtobufRpcEngine2$Server$ProtoBufRpcInvoker.call(ProtobufRpcEngine2.java:552) [hadoop-common-3.3.1.jar:?]
	at org.apache.hadoop.ipc.RPC$Server.call(RPC.java:1093) [hadoop-common-3.3.1.jar:?]
	at org.apache.hadoop.ipc.Server$RpcCall.run(Server.java:1035) [hadoop-common-3.3.1.jar:?]
	at org.apache.hadoop.ipc.Server$RpcCall.run(Server.java:963) [hadoop-common-3.3.1.jar:?]
	at java.security.AccessController.doPrivileged(Native Method) ~[?:1.8.0_332]
	at javax.security.auth.Subject.doAs(Subject.java:422) [?:1.8.0_332]
	at org.apache.hadoop.security.UserGroupInformation.doAs(UserGroupInformation.java:1878) [hadoop-common-3.3.1.jar:?]
	at org.apache.hadoop.ipc.Server$Handler.run(Server.java:2966) [hadoop-common-3.3.1.jar:?]
2022-06-27 16:58:00,156 [Time-limited test] INFO  rpc.RpcClient (RpcClient.java:createVolume(466)) - Creating Volume: volume-36637, with runner as owner and space quota set to -1 bytes, counts quota set to -1
2022-06-27 16:58:00,157 [OM StateMachine ApplyTransaction Thread - 0] INFO  volume.OMVolumeCreateRequest (OMVolumeCreateRequest.java:validateAndUpdateCache(195)) - created volume:volume-36637 for user:runner
2022-06-27 16:58:00,158 [Time-limited test] INFO  rpc.RpcClient (RpcClient.java:createBucket(666)) - Creating Bucket: volume-36637/bucket-08763, with the Bucket Layout LEGACY, runner as owner, Versioning false, Storage Type set to DISK and Encryption set to false 
2022-06-27 16:58:00,159 [OM StateMachine ApplyTransaction Thread - 0] INFO  bucket.OMBucketCreateRequest (OMBucketCreateRequest.java:validateAndUpdateCache(260)) - created bucket: bucket-08763 of layout LEGACY in volume: volume-36637
]]></system-out>
  </testcase>
  <testcase name="testListStatusRootAndVolumeContinuation" classname="TestRootedOzoneFileSystem" time="0.994">
    <system-out><![CDATA[2022-06-27 16:59:19,318 [Time-limited test] INFO  rpc.RpcClient (RpcClient.java:createVolume(466)) - Creating Volume: volume23421, with user62210 as owner and space quota set to -1 bytes, counts quota set to -1
2022-06-27 16:59:19,321 [IPC Server handler 18 on default port 35065] INFO  volume.OMVolumeCreateRequest (OMVolumeCreateRequest.java:validateAndUpdateCache(195)) - created volume:volume23421 for user:user62210
2022-06-27 16:59:19,328 [Time-limited test] INFO  rpc.RpcClient (RpcClient.java:createBucket(666)) - Creating Bucket: volume23421/bucket87038, with the Bucket Layout LEGACY, runner as owner, Versioning false, Storage Type set to DISK and Encryption set to false 
2022-06-27 16:59:19,329 [IPC Server handler 15 on default port 35065] INFO  bucket.OMBucketCreateRequest (OMBucketCreateRequest.java:validateAndUpdateCache(260)) - created bucket: bucket87038 of layout LEGACY in volume: volume23421
16:59:19.333 [IPC Server handler 14 on default port 35065] ERROR OMAudit - user=runner | ip=127.0.0.1 | op=READ_BUCKET {volume=volume-10226, bucket=bucket-17532} | ret=FAILURE
org.apache.hadoop.ozone.om.exceptions.OMException: Volume not found when getting bucket info
	at org.apache.hadoop.ozone.om.BucketManagerImpl.getBucketInfo(BucketManagerImpl.java:127) ~[ozone-manager-1.3.0-SNAPSHOT.jar:?]
	at org.apache.hadoop.ozone.om.OzoneManager.getBucketInfo(OzoneManager.java:2778) ~[ozone-manager-1.3.0-SNAPSHOT.jar:?]
	at org.apache.hadoop.ozone.protocolPB.OzoneManagerRequestHandler.infoBucket(OzoneManagerRequestHandler.java:464) ~[ozone-manager-1.3.0-SNAPSHOT.jar:?]
	at org.apache.hadoop.ozone.protocolPB.OzoneManagerRequestHandler.handleReadRequest(OzoneManagerRequestHandler.java:172) ~[ozone-manager-1.3.0-SNAPSHOT.jar:?]
	at org.apache.hadoop.ozone.protocolPB.OzoneManagerProtocolServerSideTranslatorPB.submitRequestDirectlyToOM(OzoneManagerProtocolServerSideTranslatorPB.java:276) ~[ozone-manager-1.3.0-SNAPSHOT.jar:?]
	at org.apache.hadoop.ozone.protocolPB.OzoneManagerProtocolServerSideTranslatorPB.processRequest(OzoneManagerProtocolServerSideTranslatorPB.java:205) ~[ozone-manager-1.3.0-SNAPSHOT.jar:?]
	at org.apache.hadoop.hdds.server.OzoneProtocolMessageDispatcher.processRequest(OzoneProtocolMessageDispatcher.java:87) [hdds-server-framework-1.3.0-SNAPSHOT.jar:?]
	at org.apache.hadoop.ozone.protocolPB.OzoneManagerProtocolServerSideTranslatorPB.submitRequest(OzoneManagerProtocolServerSideTranslatorPB.java:147) [ozone-manager-1.3.0-SNAPSHOT.jar:?]
	at org.apache.hadoop.ozone.protocol.proto.OzoneManagerProtocolProtos$OzoneManagerService$2.callBlockingMethod(OzoneManagerProtocolProtos.java) [ozone-interface-client-1.3.0-SNAPSHOT.jar:?]
	at org.apache.hadoop.ipc.ProtobufRpcEngine$Server.processCall(ProtobufRpcEngine.java:466) [hadoop-common-3.3.1.jar:?]
	at org.apache.hadoop.ipc.ProtobufRpcEngine2$Server$ProtoBufRpcInvoker.call(ProtobufRpcEngine2.java:574) [hadoop-common-3.3.1.jar:?]
	at org.apache.hadoop.ipc.ProtobufRpcEngine2$Server$ProtoBufRpcInvoker.call(ProtobufRpcEngine2.java:552) [hadoop-common-3.3.1.jar:?]
	at org.apache.hadoop.ipc.RPC$Server.call(RPC.java:1093) [hadoop-common-3.3.1.jar:?]
	at org.apache.hadoop.ipc.Server$RpcCall.run(Server.java:1035) [hadoop-common-3.3.1.jar:?]
	at org.apache.hadoop.ipc.Server$RpcCall.run(Server.java:963) [hadoop-common-3.3.1.jar:?]
	at java.security.AccessController.doPrivileged(Native Method) ~[?:1.8.0_332]
	at javax.security.auth.Subject.doAs(Subject.java:422) [?:1.8.0_332]
	at org.apache.hadoop.security.UserGroupInformation.doAs(UserGroupInformation.java:1878) [hadoop-common-3.3.1.jar:?]
	at org.apache.hadoop.ipc.Server$Handler.run(Server.java:2966) [hadoop-common-3.3.1.jar:?]
2022-06-27 16:59:19,334 [Time-limited test] INFO  rpc.RpcClient (RpcClient.java:createVolume(466)) - Creating Volume: volume-10226, with runner as owner and space quota set to -1 bytes, counts quota set to -1
2022-06-27 16:59:19,334 [IPC Server handler 5 on default port 35065] INFO  volume.OMVolumeCreateRequest (OMVolumeCreateRequest.java:validateAndUpdateCache(195)) - created volume:volume-10226 for user:runner
2022-06-27 16:59:19,337 [Time-limited test] INFO  rpc.RpcClient (RpcClient.java:createBucket(666)) - Creating Bucket: volume-10226/bucket-17532, with the Bucket Layout LEGACY, runner as owner, Versioning false, Storage Type set to DISK and Encryption set to false 
2022-06-27 16:59:19,337 [IPC Server handler 17 on default port 35065] INFO  bucket.OMBucketCreateRequest (OMBucketCreateRequest.java:validateAndUpdateCache(260)) - created bucket: bucket-17532 of layout LEGACY in volume: volume-10226
16:59:19.413 [IPC Server handler 16 on default port 35065] ERROR OMAudit - user=runner | ip=127.0.0.1 | op=READ_BUCKET {volume=volume-75820, bucket=bucket-92041} | ret=FAILURE
org.apache.hadoop.ozone.om.exceptions.OMException: Volume not found when getting bucket info
	at org.apache.hadoop.ozone.om.BucketManagerImpl.getBucketInfo(BucketManagerImpl.java:127) ~[ozone-manager-1.3.0-SNAPSHOT.jar:?]
	at org.apache.hadoop.ozone.om.OzoneManager.getBucketInfo(OzoneManager.java:2778) ~[ozone-manager-1.3.0-SNAPSHOT.jar:?]
	at org.apache.hadoop.ozone.protocolPB.OzoneManagerRequestHandler.infoBucket(OzoneManagerRequestHandler.java:464) ~[ozone-manager-1.3.0-SNAPSHOT.jar:?]
	at org.apache.hadoop.ozone.protocolPB.OzoneManagerRequestHandler.handleReadRequest(OzoneManagerRequestHandler.java:172) ~[ozone-manager-1.3.0-SNAPSHOT.jar:?]
	at org.apache.hadoop.ozone.protocolPB.OzoneManagerProtocolServerSideTranslatorPB.submitRequestDirectlyToOM(OzoneManagerProtocolServerSideTranslatorPB.java:276) ~[ozone-manager-1.3.0-SNAPSHOT.jar:?]
	at org.apache.hadoop.ozone.protocolPB.OzoneManagerProtocolServerSideTranslatorPB.processRequest(OzoneManagerProtocolServerSideTranslatorPB.java:205) ~[ozone-manager-1.3.0-SNAPSHOT.jar:?]
	at org.apache.hadoop.hdds.server.OzoneProtocolMessageDispatcher.processRequest(OzoneProtocolMessageDispatcher.java:87) [hdds-server-framework-1.3.0-SNAPSHOT.jar:?]
	at org.apache.hadoop.ozone.protocolPB.OzoneManagerProtocolServerSideTranslatorPB.submitRequest(OzoneManagerProtocolServerSideTranslatorPB.java:147) [ozone-manager-1.3.0-SNAPSHOT.jar:?]
	at org.apache.hadoop.ozone.protocol.proto.OzoneManagerProtocolProtos$OzoneManagerService$2.callBlockingMethod(OzoneManagerProtocolProtos.java) [ozone-interface-client-1.3.0-SNAPSHOT.jar:?]
	at org.apache.hadoop.ipc.ProtobufRpcEngine$Server.processCall(ProtobufRpcEngine.java:466) [hadoop-common-3.3.1.jar:?]
	at org.apache.hadoop.ipc.ProtobufRpcEngine2$Server$ProtoBufRpcInvoker.call(ProtobufRpcEngine2.java:574) [hadoop-common-3.3.1.jar:?]
	at org.apache.hadoop.ipc.ProtobufRpcEngine2$Server$ProtoBufRpcInvoker.call(ProtobufRpcEngine2.java:552) [hadoop-common-3.3.1.jar:?]
	at org.apache.hadoop.ipc.RPC$Server.call(RPC.java:1093) [hadoop-common-3.3.1.jar:?]
	at org.apache.hadoop.ipc.Server$RpcCall.run(Server.java:1035) [hadoop-common-3.3.1.jar:?]
	at org.apache.hadoop.ipc.Server$RpcCall.run(Server.java:963) [hadoop-common-3.3.1.jar:?]
	at java.security.AccessController.doPrivileged(Native Method) ~[?:1.8.0_332]
	at javax.security.auth.Subject.doAs(Subject.java:422) [?:1.8.0_332]
	at org.apache.hadoop.security.UserGroupInformation.doAs(UserGroupInformation.java:1878) [hadoop-common-3.3.1.jar:?]
	at org.apache.hadoop.ipc.Server$Handler.run(Server.java:2966) [hadoop-common-3.3.1.jar:?]
2022-06-27 16:59:19,416 [Time-limited test] INFO  rpc.RpcClient (RpcClient.java:createVolume(466)) - Creating Volume: volume-75820, with runner as owner and space quota set to -1 bytes, counts quota set to -1
2022-06-27 16:59:19,417 [IPC Server handler 18 on default port 35065] INFO  volume.OMVolumeCreateRequest (OMVolumeCreateRequest.java:validateAndUpdateCache(195)) - created volume:volume-75820 for user:runner
2022-06-27 16:59:19,427 [Time-limited test] INFO  rpc.RpcClient (RpcClient.java:createBucket(666)) - Creating Bucket: volume-75820/bucket-92041, with the Bucket Layout LEGACY, runner as owner, Versioning false, Storage Type set to DISK and Encryption set to false 
2022-06-27 16:59:19,427 [IPC Server handler 15 on default port 35065] INFO  bucket.OMBucketCreateRequest (OMBucketCreateRequest.java:validateAndUpdateCache(260)) - created bucket: bucket-92041 of layout LEGACY in volume: volume-75820
16:59:19.595 [IPC Server handler 3 on default port 35065] ERROR OMAudit - user=runner | ip=127.0.0.1 | op=READ_BUCKET {volume=volume-06137, bucket=bucket-69846} | ret=FAILURE
org.apache.hadoop.ozone.om.exceptions.OMException: Volume not found when getting bucket info
	at org.apache.hadoop.ozone.om.BucketManagerImpl.getBucketInfo(BucketManagerImpl.java:127) ~[ozone-manager-1.3.0-SNAPSHOT.jar:?]
	at org.apache.hadoop.ozone.om.OzoneManager.getBucketInfo(OzoneManager.java:2778) ~[ozone-manager-1.3.0-SNAPSHOT.jar:?]
	at org.apache.hadoop.ozone.protocolPB.OzoneManagerRequestHandler.infoBucket(OzoneManagerRequestHandler.java:464) ~[ozone-manager-1.3.0-SNAPSHOT.jar:?]
	at org.apache.hadoop.ozone.protocolPB.OzoneManagerRequestHandler.handleReadRequest(OzoneManagerRequestHandler.java:172) ~[ozone-manager-1.3.0-SNAPSHOT.jar:?]
	at org.apache.hadoop.ozone.protocolPB.OzoneManagerProtocolServerSideTranslatorPB.submitRequestDirectlyToOM(OzoneManagerProtocolServerSideTranslatorPB.java:276) ~[ozone-manager-1.3.0-SNAPSHOT.jar:?]
	at org.apache.hadoop.ozone.protocolPB.OzoneManagerProtocolServerSideTranslatorPB.processRequest(OzoneManagerProtocolServerSideTranslatorPB.java:205) ~[ozone-manager-1.3.0-SNAPSHOT.jar:?]
	at org.apache.hadoop.hdds.server.OzoneProtocolMessageDispatcher.processRequest(OzoneProtocolMessageDispatcher.java:87) [hdds-server-framework-1.3.0-SNAPSHOT.jar:?]
	at org.apache.hadoop.ozone.protocolPB.OzoneManagerProtocolServerSideTranslatorPB.submitRequest(OzoneManagerProtocolServerSideTranslatorPB.java:147) [ozone-manager-1.3.0-SNAPSHOT.jar:?]
	at org.apache.hadoop.ozone.protocol.proto.OzoneManagerProtocolProtos$OzoneManagerService$2.callBlockingMethod(OzoneManagerProtocolProtos.java) [ozone-interface-client-1.3.0-SNAPSHOT.jar:?]
	at org.apache.hadoop.ipc.ProtobufRpcEngine$Server.processCall(ProtobufRpcEngine.java:466) [hadoop-common-3.3.1.jar:?]
	at org.apache.hadoop.ipc.ProtobufRpcEngine2$Server$ProtoBufRpcInvoker.call(ProtobufRpcEngine2.java:574) [hadoop-common-3.3.1.jar:?]
	at org.apache.hadoop.ipc.ProtobufRpcEngine2$Server$ProtoBufRpcInvoker.call(ProtobufRpcEngine2.java:552) [hadoop-common-3.3.1.jar:?]
	at org.apache.hadoop.ipc.RPC$Server.call(RPC.java:1093) [hadoop-common-3.3.1.jar:?]
	at org.apache.hadoop.ipc.Server$RpcCall.run(Server.java:1035) [hadoop-common-3.3.1.jar:?]
	at org.apache.hadoop.ipc.Server$RpcCall.run(Server.java:963) [hadoop-common-3.3.1.jar:?]
	at java.security.AccessController.doPrivileged(Native Method) ~[?:1.8.0_332]
	at javax.security.auth.Subject.doAs(Subject.java:422) [?:1.8.0_332]
	at org.apache.hadoop.security.UserGroupInformation.doAs(UserGroupInformation.java:1878) [hadoop-common-3.3.1.jar:?]
	at org.apache.hadoop.ipc.Server$Handler.run(Server.java:2966) [hadoop-common-3.3.1.jar:?]
2022-06-27 16:59:19,596 [Time-limited test] INFO  rpc.RpcClient (RpcClient.java:createVolume(466)) - Creating Volume: volume-06137, with runner as owner and space quota set to -1 bytes, counts quota set to -1
2022-06-27 16:59:19,596 [IPC Server handler 2 on default port 35065] INFO  volume.OMVolumeCreateRequest (OMVolumeCreateRequest.java:validateAndUpdateCache(195)) - created volume:volume-06137 for user:runner
2022-06-27 16:59:19,597 [Time-limited test] INFO  rpc.RpcClient (RpcClient.java:createBucket(666)) - Creating Bucket: volume-06137/bucket-69846, with the Bucket Layout LEGACY, runner as owner, Versioning false, Storage Type set to DISK and Encryption set to false 
2022-06-27 16:59:19,598 [IPC Server handler 9 on default port 35065] INFO  bucket.OMBucketCreateRequest (OMBucketCreateRequest.java:validateAndUpdateCache(260)) - created bucket: bucket-69846 of layout LEGACY in volume: volume-06137
16:59:19.783 [IPC Server handler 6 on default port 35065] ERROR OMAudit - user=runner | ip=127.0.0.1 | op=READ_BUCKET {volume=volume-50865, bucket=bucket-36928} | ret=FAILURE
org.apache.hadoop.ozone.om.exceptions.OMException: Volume not found when getting bucket info
	at org.apache.hadoop.ozone.om.BucketManagerImpl.getBucketInfo(BucketManagerImpl.java:127) ~[ozone-manager-1.3.0-SNAPSHOT.jar:?]
	at org.apache.hadoop.ozone.om.OzoneManager.getBucketInfo(OzoneManager.java:2778) ~[ozone-manager-1.3.0-SNAPSHOT.jar:?]
	at org.apache.hadoop.ozone.protocolPB.OzoneManagerRequestHandler.infoBucket(OzoneManagerRequestHandler.java:464) ~[ozone-manager-1.3.0-SNAPSHOT.jar:?]
	at org.apache.hadoop.ozone.protocolPB.OzoneManagerRequestHandler.handleReadRequest(OzoneManagerRequestHandler.java:172) ~[ozone-manager-1.3.0-SNAPSHOT.jar:?]
	at org.apache.hadoop.ozone.protocolPB.OzoneManagerProtocolServerSideTranslatorPB.submitRequestDirectlyToOM(OzoneManagerProtocolServerSideTranslatorPB.java:276) ~[ozone-manager-1.3.0-SNAPSHOT.jar:?]
	at org.apache.hadoop.ozone.protocolPB.OzoneManagerProtocolServerSideTranslatorPB.processRequest(OzoneManagerProtocolServerSideTranslatorPB.java:205) ~[ozone-manager-1.3.0-SNAPSHOT.jar:?]
	at org.apache.hadoop.hdds.server.OzoneProtocolMessageDispatcher.processRequest(OzoneProtocolMessageDispatcher.java:87) [hdds-server-framework-1.3.0-SNAPSHOT.jar:?]
	at org.apache.hadoop.ozone.protocolPB.OzoneManagerProtocolServerSideTranslatorPB.submitRequest(OzoneManagerProtocolServerSideTranslatorPB.java:147) [ozone-manager-1.3.0-SNAPSHOT.jar:?]
	at org.apache.hadoop.ozone.protocol.proto.OzoneManagerProtocolProtos$OzoneManagerService$2.callBlockingMethod(OzoneManagerProtocolProtos.java) [ozone-interface-client-1.3.0-SNAPSHOT.jar:?]
	at org.apache.hadoop.ipc.ProtobufRpcEngine$Server.processCall(ProtobufRpcEngine.java:466) [hadoop-common-3.3.1.jar:?]
	at org.apache.hadoop.ipc.ProtobufRpcEngine2$Server$ProtoBufRpcInvoker.call(ProtobufRpcEngine2.java:574) [hadoop-common-3.3.1.jar:?]
	at org.apache.hadoop.ipc.ProtobufRpcEngine2$Server$ProtoBufRpcInvoker.call(ProtobufRpcEngine2.java:552) [hadoop-common-3.3.1.jar:?]
	at org.apache.hadoop.ipc.RPC$Server.call(RPC.java:1093) [hadoop-common-3.3.1.jar:?]
	at org.apache.hadoop.ipc.Server$RpcCall.run(Server.java:1035) [hadoop-common-3.3.1.jar:?]
	at org.apache.hadoop.ipc.Server$RpcCall.run(Server.java:963) [hadoop-common-3.3.1.jar:?]
	at java.security.AccessController.doPrivileged(Native Method) ~[?:1.8.0_332]
	at javax.security.auth.Subject.doAs(Subject.java:422) [?:1.8.0_332]
	at org.apache.hadoop.security.UserGroupInformation.doAs(UserGroupInformation.java:1878) [hadoop-common-3.3.1.jar:?]
	at org.apache.hadoop.ipc.Server$Handler.run(Server.java:2966) [hadoop-common-3.3.1.jar:?]
2022-06-27 16:59:19,784 [Time-limited test] INFO  rpc.RpcClient (RpcClient.java:createVolume(466)) - Creating Volume: volume-50865, with runner as owner and space quota set to -1 bytes, counts quota set to -1
2022-06-27 16:59:19,784 [IPC Server handler 17 on default port 35065] INFO  volume.OMVolumeCreateRequest (OMVolumeCreateRequest.java:validateAndUpdateCache(195)) - created volume:volume-50865 for user:runner
2022-06-27 16:59:19,785 [Time-limited test] INFO  rpc.RpcClient (RpcClient.java:createBucket(666)) - Creating Bucket: volume-50865/bucket-36928, with the Bucket Layout LEGACY, runner as owner, Versioning false, Storage Type set to DISK and Encryption set to false 
2022-06-27 16:59:19,785 [IPC Server handler 7 on default port 35065] INFO  bucket.OMBucketCreateRequest (OMBucketCreateRequest.java:validateAndUpdateCache(260)) - created bucket: bucket-36928 of layout LEGACY in volume: volume-50865
16:59:19.937 [IPC Server handler 11 on default port 35065] ERROR OMAudit - user=runner | ip=127.0.0.1 | op=READ_BUCKET {volume=volume-87887, bucket=bucket-42699} | ret=FAILURE
org.apache.hadoop.ozone.om.exceptions.OMException: Volume not found when getting bucket info
	at org.apache.hadoop.ozone.om.BucketManagerImpl.getBucketInfo(BucketManagerImpl.java:127) ~[ozone-manager-1.3.0-SNAPSHOT.jar:?]
	at org.apache.hadoop.ozone.om.OzoneManager.getBucketInfo(OzoneManager.java:2778) ~[ozone-manager-1.3.0-SNAPSHOT.jar:?]
	at org.apache.hadoop.ozone.protocolPB.OzoneManagerRequestHandler.infoBucket(OzoneManagerRequestHandler.java:464) ~[ozone-manager-1.3.0-SNAPSHOT.jar:?]
	at org.apache.hadoop.ozone.protocolPB.OzoneManagerRequestHandler.handleReadRequest(OzoneManagerRequestHandler.java:172) ~[ozone-manager-1.3.0-SNAPSHOT.jar:?]
	at org.apache.hadoop.ozone.protocolPB.OzoneManagerProtocolServerSideTranslatorPB.submitRequestDirectlyToOM(OzoneManagerProtocolServerSideTranslatorPB.java:276) ~[ozone-manager-1.3.0-SNAPSHOT.jar:?]
	at org.apache.hadoop.ozone.protocolPB.OzoneManagerProtocolServerSideTranslatorPB.processRequest(OzoneManagerProtocolServerSideTranslatorPB.java:205) ~[ozone-manager-1.3.0-SNAPSHOT.jar:?]
	at org.apache.hadoop.hdds.server.OzoneProtocolMessageDispatcher.processRequest(OzoneProtocolMessageDispatcher.java:87) [hdds-server-framework-1.3.0-SNAPSHOT.jar:?]
	at org.apache.hadoop.ozone.protocolPB.OzoneManagerProtocolServerSideTranslatorPB.submitRequest(OzoneManagerProtocolServerSideTranslatorPB.java:147) [ozone-manager-1.3.0-SNAPSHOT.jar:?]
	at org.apache.hadoop.ozone.protocol.proto.OzoneManagerProtocolProtos$OzoneManagerService$2.callBlockingMethod(OzoneManagerProtocolProtos.java) [ozone-interface-client-1.3.0-SNAPSHOT.jar:?]
	at org.apache.hadoop.ipc.ProtobufRpcEngine$Server.processCall(ProtobufRpcEngine.java:466) [hadoop-common-3.3.1.jar:?]
	at org.apache.hadoop.ipc.ProtobufRpcEngine2$Server$ProtoBufRpcInvoker.call(ProtobufRpcEngine2.java:574) [hadoop-common-3.3.1.jar:?]
	at org.apache.hadoop.ipc.ProtobufRpcEngine2$Server$ProtoBufRpcInvoker.call(ProtobufRpcEngine2.java:552) [hadoop-common-3.3.1.jar:?]
	at org.apache.hadoop.ipc.RPC$Server.call(RPC.java:1093) [hadoop-common-3.3.1.jar:?]
	at org.apache.hadoop.ipc.Server$RpcCall.run(Server.java:1035) [hadoop-common-3.3.1.jar:?]
	at org.apache.hadoop.ipc.Server$RpcCall.run(Server.java:963) [hadoop-common-3.3.1.jar:?]
	at java.security.AccessController.doPrivileged(Native Method) ~[?:1.8.0_332]
	at javax.security.auth.Subject.doAs(Subject.java:422) [?:1.8.0_332]
	at org.apache.hadoop.security.UserGroupInformation.doAs(UserGroupInformation.java:1878) [hadoop-common-3.3.1.jar:?]
	at org.apache.hadoop.ipc.Server$Handler.run(Server.java:2966) [hadoop-common-3.3.1.jar:?]
2022-06-27 16:59:19,938 [Time-limited test] INFO  rpc.RpcClient (RpcClient.java:createVolume(466)) - Creating Volume: volume-87887, with runner as owner and space quota set to -1 bytes, counts quota set to -1
2022-06-27 16:59:19,938 [IPC Server handler 15 on default port 35065] INFO  volume.OMVolumeCreateRequest (OMVolumeCreateRequest.java:validateAndUpdateCache(195)) - created volume:volume-87887 for user:runner
2022-06-27 16:59:19,942 [Time-limited test] INFO  rpc.RpcClient (RpcClient.java:createBucket(666)) - Creating Bucket: volume-87887/bucket-42699, with the Bucket Layout LEGACY, runner as owner, Versioning false, Storage Type set to DISK and Encryption set to false 
2022-06-27 16:59:19,943 [IPC Server handler 13 on default port 35065] INFO  bucket.OMBucketCreateRequest (OMBucketCreateRequest.java:validateAndUpdateCache(260)) - created bucket: bucket-42699 of layout LEGACY in volume: volume-87887
]]></system-out>
  </testcase>
  <testcase name="testDeleteVolumeBucketAndKey" classname="TestRootedOzoneFileSystem" time="0.132">
    <system-out><![CDATA[2022-06-27 16:54:31,371 [Time-limited test] INFO  rpc.RpcClient (RpcClient.java:createVolume(466)) - Creating Volume: volume94806, with user41884 as owner and space quota set to -1 bytes, counts quota set to -1
2022-06-27 16:54:31,375 [OM StateMachine ApplyTransaction Thread - 0] INFO  volume.OMVolumeCreateRequest (OMVolumeCreateRequest.java:validateAndUpdateCache(195)) - created volume:volume94806 for user:user41884
2022-06-27 16:54:31,379 [Time-limited test] INFO  rpc.RpcClient (RpcClient.java:createBucket(666)) - Creating Bucket: volume94806/bucket26717, with the Bucket Layout LEGACY, runner as owner, Versioning false, Storage Type set to DISK and Encryption set to false 
2022-06-27 16:54:31,381 [OM StateMachine ApplyTransaction Thread - 0] INFO  bucket.OMBucketCreateRequest (OMBucketCreateRequest.java:validateAndUpdateCache(260)) - created bucket: bucket26717 of layout LEGACY in volume: volume94806
2022-06-27 16:54:31,385 [Time-limited test] INFO  rpc.RpcClient (RpcClient.java:createVolume(466)) - Creating Volume: volume-87720, with runner as owner and space quota set to -1 bytes, counts quota set to -1
2022-06-27 16:54:31,387 [OM StateMachine ApplyTransaction Thread - 0] INFO  volume.OMVolumeCreateRequest (OMVolumeCreateRequest.java:validateAndUpdateCache(195)) - created volume:volume-87720 for user:runner
2022-06-27 16:54:31,389 [Time-limited test] INFO  rpc.RpcClient (RpcClient.java:createBucket(666)) - Creating Bucket: volume-87720/bucket3, with the Bucket Layout LEGACY, runner as owner, Versioning false, Storage Type set to DISK and Encryption set to false 
2022-06-27 16:54:31,390 [OM StateMachine ApplyTransaction Thread - 0] INFO  bucket.OMBucketCreateRequest (OMBucketCreateRequest.java:validateAndUpdateCache(260)) - created bucket: bucket3 of layout LEGACY in volume: volume-87720
16:54:31.398 [OM StateMachine ApplyTransaction Thread - 0] ERROR OMAudit - user=runner | ip=127.0.0.1 | op=DELETE_VOLUME {volume=volume-87720} | ret=FAILURE
org.apache.hadoop.ozone.om.exceptions.OMException: null
	at org.apache.hadoop.ozone.om.request.volume.OMVolumeDeleteRequest.validateAndUpdateCache(OMVolumeDeleteRequest.java:122) ~[ozone-manager-1.3.0-SNAPSHOT.jar:?]
	at org.apache.hadoop.ozone.protocolPB.OzoneManagerRequestHandler.handleWriteRequest(OzoneManagerRequestHandler.java:293) ~[ozone-manager-1.3.0-SNAPSHOT.jar:?]
	at org.apache.hadoop.ozone.om.ratis.OzoneManagerStateMachine.runCommand(OzoneManagerStateMachine.java:529) ~[ozone-manager-1.3.0-SNAPSHOT.jar:?]
	at org.apache.hadoop.ozone.om.ratis.OzoneManagerStateMachine.lambda$1(OzoneManagerStateMachine.java:324) ~[ozone-manager-1.3.0-SNAPSHOT.jar:?]
	at java.util.concurrent.CompletableFuture$AsyncSupply.run(CompletableFuture.java:1604) [?:1.8.0_332]
	at java.util.concurrent.ThreadPoolExecutor.runWorker(ThreadPoolExecutor.java:1149) [?:1.8.0_332]
	at java.util.concurrent.ThreadPoolExecutor$Worker.run(ThreadPoolExecutor.java:624) [?:1.8.0_332]
	at java.lang.Thread.run(Thread.java:750) [?:1.8.0_332]
2022-06-27 16:54:31,398 [OM StateMachine ApplyTransaction Thread - 0] ERROR volume.OMVolumeDeleteRequest (OMVolumeDeleteRequest.java:validateAndUpdateCache(170)) - Volume deletion failed for user:runner volume:volume-87720
VOLUME_NOT_EMPTY org.apache.hadoop.ozone.om.exceptions.OMException
	at org.apache.hadoop.ozone.om.request.volume.OMVolumeDeleteRequest.validateAndUpdateCache(OMVolumeDeleteRequest.java:122)
	at org.apache.hadoop.ozone.protocolPB.OzoneManagerRequestHandler.handleWriteRequest(OzoneManagerRequestHandler.java:293)
	at org.apache.hadoop.ozone.om.ratis.OzoneManagerStateMachine.runCommand(OzoneManagerStateMachine.java:529)
	at org.apache.hadoop.ozone.om.ratis.OzoneManagerStateMachine.lambda$1(OzoneManagerStateMachine.java:324)
	at java.util.concurrent.CompletableFuture$AsyncSupply.run(CompletableFuture.java:1604)
	at java.util.concurrent.ThreadPoolExecutor.runWorker(ThreadPoolExecutor.java:1149)
	at java.util.concurrent.ThreadPoolExecutor$Worker.run(ThreadPoolExecutor.java:624)
	at java.lang.Thread.run(Thread.java:750)
2022-06-27 16:54:31,437 [Time-limited test] INFO  rpc.RpcClient (RpcClient.java:createVolume(466)) - Creating Volume: volume-87720, with runner as owner and space quota set to -1 bytes, counts quota set to -1
2022-06-27 16:54:31,439 [OM StateMachine ApplyTransaction Thread - 0] INFO  volume.OMVolumeCreateRequest (OMVolumeCreateRequest.java:validateAndUpdateCache(195)) - created volume:volume-87720 for user:runner
2022-06-27 16:54:31,440 [Time-limited test] INFO  rpc.RpcClient (RpcClient.java:createBucket(666)) - Creating Bucket: volume-87720/bucket3, with the Bucket Layout LEGACY, runner as owner, Versioning false, Storage Type set to DISK and Encryption set to false 
2022-06-27 16:54:31,442 [OM StateMachine ApplyTransaction Thread - 0] INFO  bucket.OMBucketCreateRequest (OMBucketCreateRequest.java:validateAndUpdateCache(260)) - created bucket: bucket3 of layout LEGACY in volume: volume-87720
]]></system-out>
  </testcase>
  <testcase name="testDeleteVolumeBucketAndKey" classname="TestRootedOzoneFileSystem" time="0.125">
    <system-out><![CDATA[2022-06-27 16:55:35,577 [Time-limited test] INFO  rpc.RpcClient (RpcClient.java:createVolume(466)) - Creating Volume: volume08901, with user18685 as owner and space quota set to -1 bytes, counts quota set to -1
2022-06-27 16:55:35,579 [OM StateMachine ApplyTransaction Thread - 0] INFO  volume.OMVolumeCreateRequest (OMVolumeCreateRequest.java:validateAndUpdateCache(195)) - created volume:volume08901 for user:user18685
2022-06-27 16:55:35,580 [Time-limited test] INFO  rpc.RpcClient (RpcClient.java:createBucket(666)) - Creating Bucket: volume08901/bucket27011, with the Bucket Layout LEGACY, runner as owner, Versioning false, Storage Type set to DISK and Encryption set to false 
2022-06-27 16:55:35,581 [OM StateMachine ApplyTransaction Thread - 0] INFO  bucket.OMBucketCreateRequest (OMBucketCreateRequest.java:validateAndUpdateCache(260)) - created bucket: bucket27011 of layout LEGACY in volume: volume08901
16:55:35.583 [IPC Server handler 0 on default port 39955] ERROR OMAudit - user=runner | ip=127.0.0.1 | op=READ_BUCKET {volume=volume-76680, bucket=bucket3} | ret=FAILURE
org.apache.hadoop.ozone.om.exceptions.OMException: Volume not found when getting bucket info
	at org.apache.hadoop.ozone.om.BucketManagerImpl.getBucketInfo(BucketManagerImpl.java:127) ~[ozone-manager-1.3.0-SNAPSHOT.jar:?]
	at org.apache.hadoop.ozone.om.OzoneManager.getBucketInfo(OzoneManager.java:2778) ~[ozone-manager-1.3.0-SNAPSHOT.jar:?]
	at org.apache.hadoop.ozone.protocolPB.OzoneManagerRequestHandler.infoBucket(OzoneManagerRequestHandler.java:464) ~[ozone-manager-1.3.0-SNAPSHOT.jar:?]
	at org.apache.hadoop.ozone.protocolPB.OzoneManagerRequestHandler.handleReadRequest(OzoneManagerRequestHandler.java:172) ~[ozone-manager-1.3.0-SNAPSHOT.jar:?]
	at org.apache.hadoop.ozone.protocolPB.OzoneManagerProtocolServerSideTranslatorPB.submitReadRequestToOM(OzoneManagerProtocolServerSideTranslatorPB.java:226) ~[ozone-manager-1.3.0-SNAPSHOT.jar:?]
	at org.apache.hadoop.ozone.protocolPB.OzoneManagerProtocolServerSideTranslatorPB.processRequest(OzoneManagerProtocolServerSideTranslatorPB.java:175) ~[ozone-manager-1.3.0-SNAPSHOT.jar:?]
	at org.apache.hadoop.hdds.server.OzoneProtocolMessageDispatcher.processRequest(OzoneProtocolMessageDispatcher.java:87) [hdds-server-framework-1.3.0-SNAPSHOT.jar:?]
	at org.apache.hadoop.ozone.protocolPB.OzoneManagerProtocolServerSideTranslatorPB.submitRequest(OzoneManagerProtocolServerSideTranslatorPB.java:147) [ozone-manager-1.3.0-SNAPSHOT.jar:?]
	at org.apache.hadoop.ozone.protocol.proto.OzoneManagerProtocolProtos$OzoneManagerService$2.callBlockingMethod(OzoneManagerProtocolProtos.java) [ozone-interface-client-1.3.0-SNAPSHOT.jar:?]
	at org.apache.hadoop.ipc.ProtobufRpcEngine$Server.processCall(ProtobufRpcEngine.java:466) [hadoop-common-3.3.1.jar:?]
	at org.apache.hadoop.ipc.ProtobufRpcEngine2$Server$ProtoBufRpcInvoker.call(ProtobufRpcEngine2.java:574) [hadoop-common-3.3.1.jar:?]
	at org.apache.hadoop.ipc.ProtobufRpcEngine2$Server$ProtoBufRpcInvoker.call(ProtobufRpcEngine2.java:552) [hadoop-common-3.3.1.jar:?]
	at org.apache.hadoop.ipc.RPC$Server.call(RPC.java:1093) [hadoop-common-3.3.1.jar:?]
	at org.apache.hadoop.ipc.Server$RpcCall.run(Server.java:1035) [hadoop-common-3.3.1.jar:?]
	at org.apache.hadoop.ipc.Server$RpcCall.run(Server.java:963) [hadoop-common-3.3.1.jar:?]
	at java.security.AccessController.doPrivileged(Native Method) ~[?:1.8.0_332]
	at javax.security.auth.Subject.doAs(Subject.java:422) [?:1.8.0_332]
	at org.apache.hadoop.security.UserGroupInformation.doAs(UserGroupInformation.java:1878) [hadoop-common-3.3.1.jar:?]
	at org.apache.hadoop.ipc.Server$Handler.run(Server.java:2966) [hadoop-common-3.3.1.jar:?]
2022-06-27 16:55:35,583 [Time-limited test] INFO  rpc.RpcClient (RpcClient.java:createVolume(466)) - Creating Volume: volume-76680, with runner as owner and space quota set to -1 bytes, counts quota set to -1
2022-06-27 16:55:35,584 [OM StateMachine ApplyTransaction Thread - 0] INFO  volume.OMVolumeCreateRequest (OMVolumeCreateRequest.java:validateAndUpdateCache(195)) - created volume:volume-76680 for user:runner
2022-06-27 16:55:35,586 [Time-limited test] INFO  rpc.RpcClient (RpcClient.java:createBucket(666)) - Creating Bucket: volume-76680/bucket3, with the Bucket Layout LEGACY, runner as owner, Versioning false, Storage Type set to DISK and Encryption set to false 
2022-06-27 16:55:35,587 [OM StateMachine ApplyTransaction Thread - 0] INFO  bucket.OMBucketCreateRequest (OMBucketCreateRequest.java:validateAndUpdateCache(260)) - created bucket: bucket3 of layout LEGACY in volume: volume-76680
16:55:35.590 [OM StateMachine ApplyTransaction Thread - 0] ERROR OMAudit - user=runner | ip=127.0.0.1 | op=DELETE_VOLUME {volume=volume-76680} | ret=FAILURE
org.apache.hadoop.ozone.om.exceptions.OMException: null
	at org.apache.hadoop.ozone.om.request.volume.OMVolumeDeleteRequest.validateAndUpdateCache(OMVolumeDeleteRequest.java:122) ~[ozone-manager-1.3.0-SNAPSHOT.jar:?]
	at org.apache.hadoop.ozone.protocolPB.OzoneManagerRequestHandler.handleWriteRequest(OzoneManagerRequestHandler.java:293) ~[ozone-manager-1.3.0-SNAPSHOT.jar:?]
	at org.apache.hadoop.ozone.om.ratis.OzoneManagerStateMachine.runCommand(OzoneManagerStateMachine.java:529) ~[ozone-manager-1.3.0-SNAPSHOT.jar:?]
	at org.apache.hadoop.ozone.om.ratis.OzoneManagerStateMachine.lambda$1(OzoneManagerStateMachine.java:324) ~[ozone-manager-1.3.0-SNAPSHOT.jar:?]
	at java.util.concurrent.CompletableFuture$AsyncSupply.run(CompletableFuture.java:1604) [?:1.8.0_332]
	at java.util.concurrent.ThreadPoolExecutor.runWorker(ThreadPoolExecutor.java:1149) [?:1.8.0_332]
	at java.util.concurrent.ThreadPoolExecutor$Worker.run(ThreadPoolExecutor.java:624) [?:1.8.0_332]
	at java.lang.Thread.run(Thread.java:750) [?:1.8.0_332]
2022-06-27 16:55:35,590 [OM StateMachine ApplyTransaction Thread - 0] ERROR volume.OMVolumeDeleteRequest (OMVolumeDeleteRequest.java:validateAndUpdateCache(170)) - Volume deletion failed for user:runner volume:volume-76680
VOLUME_NOT_EMPTY org.apache.hadoop.ozone.om.exceptions.OMException
	at org.apache.hadoop.ozone.om.request.volume.OMVolumeDeleteRequest.validateAndUpdateCache(OMVolumeDeleteRequest.java:122)
	at org.apache.hadoop.ozone.protocolPB.OzoneManagerRequestHandler.handleWriteRequest(OzoneManagerRequestHandler.java:293)
	at org.apache.hadoop.ozone.om.ratis.OzoneManagerStateMachine.runCommand(OzoneManagerStateMachine.java:529)
	at org.apache.hadoop.ozone.om.ratis.OzoneManagerStateMachine.lambda$1(OzoneManagerStateMachine.java:324)
	at java.util.concurrent.CompletableFuture$AsyncSupply.run(CompletableFuture.java:1604)
	at java.util.concurrent.ThreadPoolExecutor.runWorker(ThreadPoolExecutor.java:1149)
	at java.util.concurrent.ThreadPoolExecutor$Worker.run(ThreadPoolExecutor.java:624)
	at java.lang.Thread.run(Thread.java:750)
16:55:35.607 [IPC Server handler 11 on default port 39955] ERROR OMAudit - user=runner | ip=127.0.0.1 | op=READ_VOLUME {volume=volume-76680} | ret=FAILURE
org.apache.hadoop.ozone.om.exceptions.OMException: Volume volume-76680 is not found
	at org.apache.hadoop.ozone.om.VolumeManagerImpl.getVolumeInfo(VolumeManagerImpl.java:74) ~[ozone-manager-1.3.0-SNAPSHOT.jar:?]
	at org.apache.hadoop.ozone.om.OzoneManager.getVolumeInfo(OzoneManager.java:2602) ~[ozone-manager-1.3.0-SNAPSHOT.jar:?]
	at org.apache.hadoop.ozone.protocolPB.OzoneManagerRequestHandler.infoVolume(OzoneManagerRequestHandler.java:390) ~[ozone-manager-1.3.0-SNAPSHOT.jar:?]
	at org.apache.hadoop.ozone.protocolPB.OzoneManagerRequestHandler.handleReadRequest(OzoneManagerRequestHandler.java:162) ~[ozone-manager-1.3.0-SNAPSHOT.jar:?]
	at org.apache.hadoop.ozone.protocolPB.OzoneManagerProtocolServerSideTranslatorPB.submitReadRequestToOM(OzoneManagerProtocolServerSideTranslatorPB.java:226) ~[ozone-manager-1.3.0-SNAPSHOT.jar:?]
	at org.apache.hadoop.ozone.protocolPB.OzoneManagerProtocolServerSideTranslatorPB.processRequest(OzoneManagerProtocolServerSideTranslatorPB.java:175) ~[ozone-manager-1.3.0-SNAPSHOT.jar:?]
	at org.apache.hadoop.hdds.server.OzoneProtocolMessageDispatcher.processRequest(OzoneProtocolMessageDispatcher.java:87) [hdds-server-framework-1.3.0-SNAPSHOT.jar:?]
	at org.apache.hadoop.ozone.protocolPB.OzoneManagerProtocolServerSideTranslatorPB.submitRequest(OzoneManagerProtocolServerSideTranslatorPB.java:147) [ozone-manager-1.3.0-SNAPSHOT.jar:?]
	at org.apache.hadoop.ozone.protocol.proto.OzoneManagerProtocolProtos$OzoneManagerService$2.callBlockingMethod(OzoneManagerProtocolProtos.java) [ozone-interface-client-1.3.0-SNAPSHOT.jar:?]
	at org.apache.hadoop.ipc.ProtobufRpcEngine$Server.processCall(ProtobufRpcEngine.java:466) [hadoop-common-3.3.1.jar:?]
	at org.apache.hadoop.ipc.ProtobufRpcEngine2$Server$ProtoBufRpcInvoker.call(ProtobufRpcEngine2.java:574) [hadoop-common-3.3.1.jar:?]
	at org.apache.hadoop.ipc.ProtobufRpcEngine2$Server$ProtoBufRpcInvoker.call(ProtobufRpcEngine2.java:552) [hadoop-common-3.3.1.jar:?]
	at org.apache.hadoop.ipc.RPC$Server.call(RPC.java:1093) [hadoop-common-3.3.1.jar:?]
	at org.apache.hadoop.ipc.Server$RpcCall.run(Server.java:1035) [hadoop-common-3.3.1.jar:?]
	at org.apache.hadoop.ipc.Server$RpcCall.run(Server.java:963) [hadoop-common-3.3.1.jar:?]
	at java.security.AccessController.doPrivileged(Native Method) ~[?:1.8.0_332]
	at javax.security.auth.Subject.doAs(Subject.java:422) [?:1.8.0_332]
	at org.apache.hadoop.security.UserGroupInformation.doAs(UserGroupInformation.java:1878) [hadoop-common-3.3.1.jar:?]
	at org.apache.hadoop.ipc.Server$Handler.run(Server.java:2966) [hadoop-common-3.3.1.jar:?]
16:55:35.608 [IPC Server handler 10 on default port 39955] ERROR OMAudit - user=runner | ip=127.0.0.1 | op=READ_BUCKET {volume=volume-76680, bucket=bucket3} | ret=FAILURE
org.apache.hadoop.ozone.om.exceptions.OMException: Volume not found when getting bucket info
	at org.apache.hadoop.ozone.om.BucketManagerImpl.getBucketInfo(BucketManagerImpl.java:127) ~[ozone-manager-1.3.0-SNAPSHOT.jar:?]
	at org.apache.hadoop.ozone.om.OzoneManager.getBucketInfo(OzoneManager.java:2778) ~[ozone-manager-1.3.0-SNAPSHOT.jar:?]
	at org.apache.hadoop.ozone.protocolPB.OzoneManagerRequestHandler.infoBucket(OzoneManagerRequestHandler.java:464) ~[ozone-manager-1.3.0-SNAPSHOT.jar:?]
	at org.apache.hadoop.ozone.protocolPB.OzoneManagerRequestHandler.handleReadRequest(OzoneManagerRequestHandler.java:172) ~[ozone-manager-1.3.0-SNAPSHOT.jar:?]
	at org.apache.hadoop.ozone.protocolPB.OzoneManagerProtocolServerSideTranslatorPB.submitReadRequestToOM(OzoneManagerProtocolServerSideTranslatorPB.java:226) ~[ozone-manager-1.3.0-SNAPSHOT.jar:?]
	at org.apache.hadoop.ozone.protocolPB.OzoneManagerProtocolServerSideTranslatorPB.processRequest(OzoneManagerProtocolServerSideTranslatorPB.java:175) ~[ozone-manager-1.3.0-SNAPSHOT.jar:?]
	at org.apache.hadoop.hdds.server.OzoneProtocolMessageDispatcher.processRequest(OzoneProtocolMessageDispatcher.java:87) [hdds-server-framework-1.3.0-SNAPSHOT.jar:?]
	at org.apache.hadoop.ozone.protocolPB.OzoneManagerProtocolServerSideTranslatorPB.submitRequest(OzoneManagerProtocolServerSideTranslatorPB.java:147) [ozone-manager-1.3.0-SNAPSHOT.jar:?]
	at org.apache.hadoop.ozone.protocol.proto.OzoneManagerProtocolProtos$OzoneManagerService$2.callBlockingMethod(OzoneManagerProtocolProtos.java) [ozone-interface-client-1.3.0-SNAPSHOT.jar:?]
	at org.apache.hadoop.ipc.ProtobufRpcEngine$Server.processCall(ProtobufRpcEngine.java:466) [hadoop-common-3.3.1.jar:?]
	at org.apache.hadoop.ipc.ProtobufRpcEngine2$Server$ProtoBufRpcInvoker.call(ProtobufRpcEngine2.java:574) [hadoop-common-3.3.1.jar:?]
	at org.apache.hadoop.ipc.ProtobufRpcEngine2$Server$ProtoBufRpcInvoker.call(ProtobufRpcEngine2.java:552) [hadoop-common-3.3.1.jar:?]
	at org.apache.hadoop.ipc.RPC$Server.call(RPC.java:1093) [hadoop-common-3.3.1.jar:?]
	at org.apache.hadoop.ipc.Server$RpcCall.run(Server.java:1035) [hadoop-common-3.3.1.jar:?]
	at org.apache.hadoop.ipc.Server$RpcCall.run(Server.java:963) [hadoop-common-3.3.1.jar:?]
	at java.security.AccessController.doPrivileged(Native Method) ~[?:1.8.0_332]
	at javax.security.auth.Subject.doAs(Subject.java:422) [?:1.8.0_332]
	at org.apache.hadoop.security.UserGroupInformation.doAs(UserGroupInformation.java:1878) [hadoop-common-3.3.1.jar:?]
	at org.apache.hadoop.ipc.Server$Handler.run(Server.java:2966) [hadoop-common-3.3.1.jar:?]
2022-06-27 16:55:35,608 [Time-limited test] INFO  rpc.RpcClient (RpcClient.java:createVolume(466)) - Creating Volume: volume-76680, with runner as owner and space quota set to -1 bytes, counts quota set to -1
2022-06-27 16:55:35,610 [OM StateMachine ApplyTransaction Thread - 0] INFO  volume.OMVolumeCreateRequest (OMVolumeCreateRequest.java:validateAndUpdateCache(195)) - created volume:volume-76680 for user:runner
2022-06-27 16:55:35,610 [Time-limited test] INFO  rpc.RpcClient (RpcClient.java:createBucket(666)) - Creating Bucket: volume-76680/bucket3, with the Bucket Layout LEGACY, runner as owner, Versioning false, Storage Type set to DISK and Encryption set to false 
2022-06-27 16:55:35,612 [OM StateMachine ApplyTransaction Thread - 0] INFO  bucket.OMBucketCreateRequest (OMBucketCreateRequest.java:validateAndUpdateCache(260)) - created bucket: bucket3 of layout LEGACY in volume: volume-76680
16:55:35.623 [IPC Server handler 17 on default port 39955] ERROR OMAudit - user=runner | ip=127.0.0.1 | op=READ_VOLUME {volume=volume-76680} | ret=FAILURE
org.apache.hadoop.ozone.om.exceptions.OMException: Volume volume-76680 is not found
	at org.apache.hadoop.ozone.om.VolumeManagerImpl.getVolumeInfo(VolumeManagerImpl.java:74) ~[ozone-manager-1.3.0-SNAPSHOT.jar:?]
	at org.apache.hadoop.ozone.om.OzoneManager.getVolumeInfo(OzoneManager.java:2602) ~[ozone-manager-1.3.0-SNAPSHOT.jar:?]
	at org.apache.hadoop.ozone.protocolPB.OzoneManagerRequestHandler.infoVolume(OzoneManagerRequestHandler.java:390) ~[ozone-manager-1.3.0-SNAPSHOT.jar:?]
	at org.apache.hadoop.ozone.protocolPB.OzoneManagerRequestHandler.handleReadRequest(OzoneManagerRequestHandler.java:162) ~[ozone-manager-1.3.0-SNAPSHOT.jar:?]
	at org.apache.hadoop.ozone.protocolPB.OzoneManagerProtocolServerSideTranslatorPB.submitReadRequestToOM(OzoneManagerProtocolServerSideTranslatorPB.java:226) ~[ozone-manager-1.3.0-SNAPSHOT.jar:?]
	at org.apache.hadoop.ozone.protocolPB.OzoneManagerProtocolServerSideTranslatorPB.processRequest(OzoneManagerProtocolServerSideTranslatorPB.java:175) ~[ozone-manager-1.3.0-SNAPSHOT.jar:?]
	at org.apache.hadoop.hdds.server.OzoneProtocolMessageDispatcher.processRequest(OzoneProtocolMessageDispatcher.java:87) [hdds-server-framework-1.3.0-SNAPSHOT.jar:?]
	at org.apache.hadoop.ozone.protocolPB.OzoneManagerProtocolServerSideTranslatorPB.submitRequest(OzoneManagerProtocolServerSideTranslatorPB.java:147) [ozone-manager-1.3.0-SNAPSHOT.jar:?]
	at org.apache.hadoop.ozone.protocol.proto.OzoneManagerProtocolProtos$OzoneManagerService$2.callBlockingMethod(OzoneManagerProtocolProtos.java) [ozone-interface-client-1.3.0-SNAPSHOT.jar:?]
	at org.apache.hadoop.ipc.ProtobufRpcEngine$Server.processCall(ProtobufRpcEngine.java:466) [hadoop-common-3.3.1.jar:?]
	at org.apache.hadoop.ipc.ProtobufRpcEngine2$Server$ProtoBufRpcInvoker.call(ProtobufRpcEngine2.java:574) [hadoop-common-3.3.1.jar:?]
	at org.apache.hadoop.ipc.ProtobufRpcEngine2$Server$ProtoBufRpcInvoker.call(ProtobufRpcEngine2.java:552) [hadoop-common-3.3.1.jar:?]
	at org.apache.hadoop.ipc.RPC$Server.call(RPC.java:1093) [hadoop-common-3.3.1.jar:?]
	at org.apache.hadoop.ipc.Server$RpcCall.run(Server.java:1035) [hadoop-common-3.3.1.jar:?]
	at org.apache.hadoop.ipc.Server$RpcCall.run(Server.java:963) [hadoop-common-3.3.1.jar:?]
	at java.security.AccessController.doPrivileged(Native Method) ~[?:1.8.0_332]
	at javax.security.auth.Subject.doAs(Subject.java:422) [?:1.8.0_332]
	at org.apache.hadoop.security.UserGroupInformation.doAs(UserGroupInformation.java:1878) [hadoop-common-3.3.1.jar:?]
	at org.apache.hadoop.ipc.Server$Handler.run(Server.java:2966) [hadoop-common-3.3.1.jar:?]
]]></system-out>
  </testcase>
  <testcase name="testDeleteVolumeBucketAndKey" classname="TestRootedOzoneFileSystem" time="0.183">
    <system-out><![CDATA[2022-06-27 16:56:43,933 [Time-limited test] INFO  rpc.RpcClient (RpcClient.java:createVolume(466)) - Creating Volume: volume59931, with user16015 as owner and space quota set to -1 bytes, counts quota set to -1
2022-06-27 16:56:43,935 [IPC Server handler 19 on default port 40407] INFO  volume.OMVolumeCreateRequest (OMVolumeCreateRequest.java:validateAndUpdateCache(195)) - created volume:volume59931 for user:user16015
2022-06-27 16:56:43,941 [Time-limited test] INFO  rpc.RpcClient (RpcClient.java:createBucket(666)) - Creating Bucket: volume59931/bucket27210, with the Bucket Layout LEGACY, runner as owner, Versioning false, Storage Type set to DISK and Encryption set to false 
2022-06-27 16:56:43,951 [IPC Server handler 0 on default port 40407] INFO  bucket.OMBucketCreateRequest (OMBucketCreateRequest.java:validateAndUpdateCache(260)) - created bucket: bucket27210 of layout LEGACY in volume: volume59931
16:56:43.954 [IPC Server handler 16 on default port 40407] ERROR OMAudit - user=runner | ip=127.0.0.1 | op=READ_BUCKET {volume=volume-74324, bucket=bucket3} | ret=FAILURE
org.apache.hadoop.ozone.om.exceptions.OMException: Volume not found when getting bucket info
	at org.apache.hadoop.ozone.om.BucketManagerImpl.getBucketInfo(BucketManagerImpl.java:127) ~[ozone-manager-1.3.0-SNAPSHOT.jar:?]
	at org.apache.hadoop.ozone.om.OzoneManager.getBucketInfo(OzoneManager.java:2778) ~[ozone-manager-1.3.0-SNAPSHOT.jar:?]
	at org.apache.hadoop.ozone.protocolPB.OzoneManagerRequestHandler.infoBucket(OzoneManagerRequestHandler.java:464) ~[ozone-manager-1.3.0-SNAPSHOT.jar:?]
	at org.apache.hadoop.ozone.protocolPB.OzoneManagerRequestHandler.handleReadRequest(OzoneManagerRequestHandler.java:172) ~[ozone-manager-1.3.0-SNAPSHOT.jar:?]
	at org.apache.hadoop.ozone.protocolPB.OzoneManagerProtocolServerSideTranslatorPB.submitRequestDirectlyToOM(OzoneManagerProtocolServerSideTranslatorPB.java:276) ~[ozone-manager-1.3.0-SNAPSHOT.jar:?]
	at org.apache.hadoop.ozone.protocolPB.OzoneManagerProtocolServerSideTranslatorPB.processRequest(OzoneManagerProtocolServerSideTranslatorPB.java:205) ~[ozone-manager-1.3.0-SNAPSHOT.jar:?]
	at org.apache.hadoop.hdds.server.OzoneProtocolMessageDispatcher.processRequest(OzoneProtocolMessageDispatcher.java:87) [hdds-server-framework-1.3.0-SNAPSHOT.jar:?]
	at org.apache.hadoop.ozone.protocolPB.OzoneManagerProtocolServerSideTranslatorPB.submitRequest(OzoneManagerProtocolServerSideTranslatorPB.java:147) [ozone-manager-1.3.0-SNAPSHOT.jar:?]
	at org.apache.hadoop.ozone.protocol.proto.OzoneManagerProtocolProtos$OzoneManagerService$2.callBlockingMethod(OzoneManagerProtocolProtos.java) [ozone-interface-client-1.3.0-SNAPSHOT.jar:?]
	at org.apache.hadoop.ipc.ProtobufRpcEngine$Server.processCall(ProtobufRpcEngine.java:466) [hadoop-common-3.3.1.jar:?]
	at org.apache.hadoop.ipc.ProtobufRpcEngine2$Server$ProtoBufRpcInvoker.call(ProtobufRpcEngine2.java:574) [hadoop-common-3.3.1.jar:?]
	at org.apache.hadoop.ipc.ProtobufRpcEngine2$Server$ProtoBufRpcInvoker.call(ProtobufRpcEngine2.java:552) [hadoop-common-3.3.1.jar:?]
	at org.apache.hadoop.ipc.RPC$Server.call(RPC.java:1093) [hadoop-common-3.3.1.jar:?]
	at org.apache.hadoop.ipc.Server$RpcCall.run(Server.java:1035) [hadoop-common-3.3.1.jar:?]
	at org.apache.hadoop.ipc.Server$RpcCall.run(Server.java:963) [hadoop-common-3.3.1.jar:?]
	at java.security.AccessController.doPrivileged(Native Method) ~[?:1.8.0_332]
	at javax.security.auth.Subject.doAs(Subject.java:422) [?:1.8.0_332]
	at org.apache.hadoop.security.UserGroupInformation.doAs(UserGroupInformation.java:1878) [hadoop-common-3.3.1.jar:?]
	at org.apache.hadoop.ipc.Server$Handler.run(Server.java:2966) [hadoop-common-3.3.1.jar:?]
2022-06-27 16:56:43,954 [Time-limited test] INFO  rpc.RpcClient (RpcClient.java:createVolume(466)) - Creating Volume: volume-74324, with runner as owner and space quota set to -1 bytes, counts quota set to -1
2022-06-27 16:56:43,955 [IPC Server handler 3 on default port 40407] INFO  volume.OMVolumeCreateRequest (OMVolumeCreateRequest.java:validateAndUpdateCache(195)) - created volume:volume-74324 for user:runner
2022-06-27 16:56:43,957 [Time-limited test] INFO  rpc.RpcClient (RpcClient.java:createBucket(666)) - Creating Bucket: volume-74324/bucket3, with the Bucket Layout LEGACY, runner as owner, Versioning false, Storage Type set to DISK and Encryption set to false 
2022-06-27 16:56:43,957 [IPC Server handler 4 on default port 40407] INFO  bucket.OMBucketCreateRequest (OMBucketCreateRequest.java:validateAndUpdateCache(260)) - created bucket: bucket3 of layout LEGACY in volume: volume-74324
16:56:43.960 [IPC Server handler 6 on default port 40407] ERROR OMAudit - user=runner | ip=127.0.0.1 | op=DELETE_VOLUME {volume=volume-74324} | ret=FAILURE
org.apache.hadoop.ozone.om.exceptions.OMException: null
	at org.apache.hadoop.ozone.om.request.volume.OMVolumeDeleteRequest.validateAndUpdateCache(OMVolumeDeleteRequest.java:122) ~[ozone-manager-1.3.0-SNAPSHOT.jar:?]
	at org.apache.hadoop.ozone.protocolPB.OzoneManagerRequestHandler.handleWriteRequest(OzoneManagerRequestHandler.java:293) ~[ozone-manager-1.3.0-SNAPSHOT.jar:?]
	at org.apache.hadoop.ozone.protocolPB.OzoneManagerProtocolServerSideTranslatorPB.submitRequestDirectlyToOM(OzoneManagerProtocolServerSideTranslatorPB.java:282) ~[ozone-manager-1.3.0-SNAPSHOT.jar:?]
	at org.apache.hadoop.ozone.protocolPB.OzoneManagerProtocolServerSideTranslatorPB.processRequest(OzoneManagerProtocolServerSideTranslatorPB.java:205) ~[ozone-manager-1.3.0-SNAPSHOT.jar:?]
	at org.apache.hadoop.hdds.server.OzoneProtocolMessageDispatcher.processRequest(OzoneProtocolMessageDispatcher.java:87) [hdds-server-framework-1.3.0-SNAPSHOT.jar:?]
	at org.apache.hadoop.ozone.protocolPB.OzoneManagerProtocolServerSideTranslatorPB.submitRequest(OzoneManagerProtocolServerSideTranslatorPB.java:147) [ozone-manager-1.3.0-SNAPSHOT.jar:?]
	at org.apache.hadoop.ozone.protocol.proto.OzoneManagerProtocolProtos$OzoneManagerService$2.callBlockingMethod(OzoneManagerProtocolProtos.java) [ozone-interface-client-1.3.0-SNAPSHOT.jar:?]
	at org.apache.hadoop.ipc.ProtobufRpcEngine$Server.processCall(ProtobufRpcEngine.java:466) [hadoop-common-3.3.1.jar:?]
	at org.apache.hadoop.ipc.ProtobufRpcEngine2$Server$ProtoBufRpcInvoker.call(ProtobufRpcEngine2.java:574) [hadoop-common-3.3.1.jar:?]
	at org.apache.hadoop.ipc.ProtobufRpcEngine2$Server$ProtoBufRpcInvoker.call(ProtobufRpcEngine2.java:552) [hadoop-common-3.3.1.jar:?]
	at org.apache.hadoop.ipc.RPC$Server.call(RPC.java:1093) [hadoop-common-3.3.1.jar:?]
	at org.apache.hadoop.ipc.Server$RpcCall.run(Server.java:1035) [hadoop-common-3.3.1.jar:?]
	at org.apache.hadoop.ipc.Server$RpcCall.run(Server.java:963) [hadoop-common-3.3.1.jar:?]
	at java.security.AccessController.doPrivileged(Native Method) ~[?:1.8.0_332]
	at javax.security.auth.Subject.doAs(Subject.java:422) [?:1.8.0_332]
	at org.apache.hadoop.security.UserGroupInformation.doAs(UserGroupInformation.java:1878) [hadoop-common-3.3.1.jar:?]
	at org.apache.hadoop.ipc.Server$Handler.run(Server.java:2966) [hadoop-common-3.3.1.jar:?]
2022-06-27 16:56:43,960 [IPC Server handler 6 on default port 40407] ERROR volume.OMVolumeDeleteRequest (OMVolumeDeleteRequest.java:validateAndUpdateCache(170)) - Volume deletion failed for user:runner volume:volume-74324
VOLUME_NOT_EMPTY org.apache.hadoop.ozone.om.exceptions.OMException
	at org.apache.hadoop.ozone.om.request.volume.OMVolumeDeleteRequest.validateAndUpdateCache(OMVolumeDeleteRequest.java:122)
	at org.apache.hadoop.ozone.protocolPB.OzoneManagerRequestHandler.handleWriteRequest(OzoneManagerRequestHandler.java:293)
	at org.apache.hadoop.ozone.protocolPB.OzoneManagerProtocolServerSideTranslatorPB.submitRequestDirectlyToOM(OzoneManagerProtocolServerSideTranslatorPB.java:282)
	at org.apache.hadoop.ozone.protocolPB.OzoneManagerProtocolServerSideTranslatorPB.processRequest(OzoneManagerProtocolServerSideTranslatorPB.java:205)
	at org.apache.hadoop.hdds.server.OzoneProtocolMessageDispatcher.processRequest(OzoneProtocolMessageDispatcher.java:87)
	at org.apache.hadoop.ozone.protocolPB.OzoneManagerProtocolServerSideTranslatorPB.submitRequest(OzoneManagerProtocolServerSideTranslatorPB.java:147)
	at org.apache.hadoop.ozone.protocol.proto.OzoneManagerProtocolProtos$OzoneManagerService$2.callBlockingMethod(OzoneManagerProtocolProtos.java)
	at org.apache.hadoop.ipc.ProtobufRpcEngine$Server.processCall(ProtobufRpcEngine.java:466)
	at org.apache.hadoop.ipc.ProtobufRpcEngine2$Server$ProtoBufRpcInvoker.call(ProtobufRpcEngine2.java:574)
	at org.apache.hadoop.ipc.ProtobufRpcEngine2$Server$ProtoBufRpcInvoker.call(ProtobufRpcEngine2.java:552)
	at org.apache.hadoop.ipc.RPC$Server.call(RPC.java:1093)
	at org.apache.hadoop.ipc.Server$RpcCall.run(Server.java:1035)
	at org.apache.hadoop.ipc.Server$RpcCall.run(Server.java:963)
	at java.security.AccessController.doPrivileged(Native Method)
	at javax.security.auth.Subject.doAs(Subject.java:422)
	at org.apache.hadoop.security.UserGroupInformation.doAs(UserGroupInformation.java:1878)
	at org.apache.hadoop.ipc.Server$Handler.run(Server.java:2966)
16:56:44.019 [IPC Server handler 6 on default port 40407] ERROR OMAudit - user=runner | ip=127.0.0.1 | op=READ_VOLUME {volume=volume-74324} | ret=FAILURE
org.apache.hadoop.ozone.om.exceptions.OMException: Volume volume-74324 is not found
	at org.apache.hadoop.ozone.om.VolumeManagerImpl.getVolumeInfo(VolumeManagerImpl.java:74) ~[ozone-manager-1.3.0-SNAPSHOT.jar:?]
	at org.apache.hadoop.ozone.om.OzoneManager.getVolumeInfo(OzoneManager.java:2602) ~[ozone-manager-1.3.0-SNAPSHOT.jar:?]
	at org.apache.hadoop.ozone.protocolPB.OzoneManagerRequestHandler.infoVolume(OzoneManagerRequestHandler.java:390) ~[ozone-manager-1.3.0-SNAPSHOT.jar:?]
	at org.apache.hadoop.ozone.protocolPB.OzoneManagerRequestHandler.handleReadRequest(OzoneManagerRequestHandler.java:162) ~[ozone-manager-1.3.0-SNAPSHOT.jar:?]
	at org.apache.hadoop.ozone.protocolPB.OzoneManagerProtocolServerSideTranslatorPB.submitRequestDirectlyToOM(OzoneManagerProtocolServerSideTranslatorPB.java:276) ~[ozone-manager-1.3.0-SNAPSHOT.jar:?]
	at org.apache.hadoop.ozone.protocolPB.OzoneManagerProtocolServerSideTranslatorPB.processRequest(OzoneManagerProtocolServerSideTranslatorPB.java:205) ~[ozone-manager-1.3.0-SNAPSHOT.jar:?]
	at org.apache.hadoop.hdds.server.OzoneProtocolMessageDispatcher.processRequest(OzoneProtocolMessageDispatcher.java:87) [hdds-server-framework-1.3.0-SNAPSHOT.jar:?]
	at org.apache.hadoop.ozone.protocolPB.OzoneManagerProtocolServerSideTranslatorPB.submitRequest(OzoneManagerProtocolServerSideTranslatorPB.java:147) [ozone-manager-1.3.0-SNAPSHOT.jar:?]
	at org.apache.hadoop.ozone.protocol.proto.OzoneManagerProtocolProtos$OzoneManagerService$2.callBlockingMethod(OzoneManagerProtocolProtos.java) [ozone-interface-client-1.3.0-SNAPSHOT.jar:?]
	at org.apache.hadoop.ipc.ProtobufRpcEngine$Server.processCall(ProtobufRpcEngine.java:466) [hadoop-common-3.3.1.jar:?]
	at org.apache.hadoop.ipc.ProtobufRpcEngine2$Server$ProtoBufRpcInvoker.call(ProtobufRpcEngine2.java:574) [hadoop-common-3.3.1.jar:?]
	at org.apache.hadoop.ipc.ProtobufRpcEngine2$Server$ProtoBufRpcInvoker.call(ProtobufRpcEngine2.java:552) [hadoop-common-3.3.1.jar:?]
	at org.apache.hadoop.ipc.RPC$Server.call(RPC.java:1093) [hadoop-common-3.3.1.jar:?]
	at org.apache.hadoop.ipc.Server$RpcCall.run(Server.java:1035) [hadoop-common-3.3.1.jar:?]
	at org.apache.hadoop.ipc.Server$RpcCall.run(Server.java:963) [hadoop-common-3.3.1.jar:?]
	at java.security.AccessController.doPrivileged(Native Method) ~[?:1.8.0_332]
	at javax.security.auth.Subject.doAs(Subject.java:422) [?:1.8.0_332]
	at org.apache.hadoop.security.UserGroupInformation.doAs(UserGroupInformation.java:1878) [hadoop-common-3.3.1.jar:?]
	at org.apache.hadoop.ipc.Server$Handler.run(Server.java:2966) [hadoop-common-3.3.1.jar:?]
16:56:44.019 [IPC Server handler 9 on default port 40407] ERROR OMAudit - user=runner | ip=127.0.0.1 | op=READ_BUCKET {volume=volume-74324, bucket=bucket3} | ret=FAILURE
org.apache.hadoop.ozone.om.exceptions.OMException: Volume not found when getting bucket info
	at org.apache.hadoop.ozone.om.BucketManagerImpl.getBucketInfo(BucketManagerImpl.java:127) ~[ozone-manager-1.3.0-SNAPSHOT.jar:?]
	at org.apache.hadoop.ozone.om.OzoneManager.getBucketInfo(OzoneManager.java:2778) ~[ozone-manager-1.3.0-SNAPSHOT.jar:?]
	at org.apache.hadoop.ozone.protocolPB.OzoneManagerRequestHandler.infoBucket(OzoneManagerRequestHandler.java:464) ~[ozone-manager-1.3.0-SNAPSHOT.jar:?]
	at org.apache.hadoop.ozone.protocolPB.OzoneManagerRequestHandler.handleReadRequest(OzoneManagerRequestHandler.java:172) ~[ozone-manager-1.3.0-SNAPSHOT.jar:?]
	at org.apache.hadoop.ozone.protocolPB.OzoneManagerProtocolServerSideTranslatorPB.submitRequestDirectlyToOM(OzoneManagerProtocolServerSideTranslatorPB.java:276) ~[ozone-manager-1.3.0-SNAPSHOT.jar:?]
	at org.apache.hadoop.ozone.protocolPB.OzoneManagerProtocolServerSideTranslatorPB.processRequest(OzoneManagerProtocolServerSideTranslatorPB.java:205) ~[ozone-manager-1.3.0-SNAPSHOT.jar:?]
	at org.apache.hadoop.hdds.server.OzoneProtocolMessageDispatcher.processRequest(OzoneProtocolMessageDispatcher.java:87) [hdds-server-framework-1.3.0-SNAPSHOT.jar:?]
	at org.apache.hadoop.ozone.protocolPB.OzoneManagerProtocolServerSideTranslatorPB.submitRequest(OzoneManagerProtocolServerSideTranslatorPB.java:147) [ozone-manager-1.3.0-SNAPSHOT.jar:?]
	at org.apache.hadoop.ozone.protocol.proto.OzoneManagerProtocolProtos$OzoneManagerService$2.callBlockingMethod(OzoneManagerProtocolProtos.java) [ozone-interface-client-1.3.0-SNAPSHOT.jar:?]
	at org.apache.hadoop.ipc.ProtobufRpcEngine$Server.processCall(ProtobufRpcEngine.java:466) [hadoop-common-3.3.1.jar:?]
	at org.apache.hadoop.ipc.ProtobufRpcEngine2$Server$ProtoBufRpcInvoker.call(ProtobufRpcEngine2.java:574) [hadoop-common-3.3.1.jar:?]
	at org.apache.hadoop.ipc.ProtobufRpcEngine2$Server$ProtoBufRpcInvoker.call(ProtobufRpcEngine2.java:552) [hadoop-common-3.3.1.jar:?]
	at org.apache.hadoop.ipc.RPC$Server.call(RPC.java:1093) [hadoop-common-3.3.1.jar:?]
	at org.apache.hadoop.ipc.Server$RpcCall.run(Server.java:1035) [hadoop-common-3.3.1.jar:?]
	at org.apache.hadoop.ipc.Server$RpcCall.run(Server.java:963) [hadoop-common-3.3.1.jar:?]
	at java.security.AccessController.doPrivileged(Native Method) ~[?:1.8.0_332]
	at javax.security.auth.Subject.doAs(Subject.java:422) [?:1.8.0_332]
	at org.apache.hadoop.security.UserGroupInformation.doAs(UserGroupInformation.java:1878) [hadoop-common-3.3.1.jar:?]
	at org.apache.hadoop.ipc.Server$Handler.run(Server.java:2966) [hadoop-common-3.3.1.jar:?]
2022-06-27 16:56:44,020 [Time-limited test] INFO  rpc.RpcClient (RpcClient.java:createVolume(466)) - Creating Volume: volume-74324, with runner as owner and space quota set to -1 bytes, counts quota set to -1
2022-06-27 16:56:44,020 [IPC Server handler 10 on default port 40407] INFO  volume.OMVolumeCreateRequest (OMVolumeCreateRequest.java:validateAndUpdateCache(195)) - created volume:volume-74324 for user:runner
2022-06-27 16:56:44,025 [Time-limited test] INFO  rpc.RpcClient (RpcClient.java:createBucket(666)) - Creating Bucket: volume-74324/bucket3, with the Bucket Layout LEGACY, runner as owner, Versioning false, Storage Type set to DISK and Encryption set to false 
2022-06-27 16:56:44,025 [IPC Server handler 12 on default port 40407] INFO  bucket.OMBucketCreateRequest (OMBucketCreateRequest.java:validateAndUpdateCache(260)) - created bucket: bucket3 of layout LEGACY in volume: volume-74324
16:56:44.039 [IPC Server handler 13 on default port 40407] ERROR OMAudit - user=runner | ip=127.0.0.1 | op=READ_VOLUME {volume=volume-74324} | ret=FAILURE
org.apache.hadoop.ozone.om.exceptions.OMException: Volume volume-74324 is not found
	at org.apache.hadoop.ozone.om.VolumeManagerImpl.getVolumeInfo(VolumeManagerImpl.java:74) ~[ozone-manager-1.3.0-SNAPSHOT.jar:?]
	at org.apache.hadoop.ozone.om.OzoneManager.getVolumeInfo(OzoneManager.java:2602) ~[ozone-manager-1.3.0-SNAPSHOT.jar:?]
	at org.apache.hadoop.ozone.protocolPB.OzoneManagerRequestHandler.infoVolume(OzoneManagerRequestHandler.java:390) ~[ozone-manager-1.3.0-SNAPSHOT.jar:?]
	at org.apache.hadoop.ozone.protocolPB.OzoneManagerRequestHandler.handleReadRequest(OzoneManagerRequestHandler.java:162) ~[ozone-manager-1.3.0-SNAPSHOT.jar:?]
	at org.apache.hadoop.ozone.protocolPB.OzoneManagerProtocolServerSideTranslatorPB.submitRequestDirectlyToOM(OzoneManagerProtocolServerSideTranslatorPB.java:276) ~[ozone-manager-1.3.0-SNAPSHOT.jar:?]
	at org.apache.hadoop.ozone.protocolPB.OzoneManagerProtocolServerSideTranslatorPB.processRequest(OzoneManagerProtocolServerSideTranslatorPB.java:205) ~[ozone-manager-1.3.0-SNAPSHOT.jar:?]
	at org.apache.hadoop.hdds.server.OzoneProtocolMessageDispatcher.processRequest(OzoneProtocolMessageDispatcher.java:87) [hdds-server-framework-1.3.0-SNAPSHOT.jar:?]
	at org.apache.hadoop.ozone.protocolPB.OzoneManagerProtocolServerSideTranslatorPB.submitRequest(OzoneManagerProtocolServerSideTranslatorPB.java:147) [ozone-manager-1.3.0-SNAPSHOT.jar:?]
	at org.apache.hadoop.ozone.protocol.proto.OzoneManagerProtocolProtos$OzoneManagerService$2.callBlockingMethod(OzoneManagerProtocolProtos.java) [ozone-interface-client-1.3.0-SNAPSHOT.jar:?]
	at org.apache.hadoop.ipc.ProtobufRpcEngine$Server.processCall(ProtobufRpcEngine.java:466) [hadoop-common-3.3.1.jar:?]
	at org.apache.hadoop.ipc.ProtobufRpcEngine2$Server$ProtoBufRpcInvoker.call(ProtobufRpcEngine2.java:574) [hadoop-common-3.3.1.jar:?]
	at org.apache.hadoop.ipc.ProtobufRpcEngine2$Server$ProtoBufRpcInvoker.call(ProtobufRpcEngine2.java:552) [hadoop-common-3.3.1.jar:?]
	at org.apache.hadoop.ipc.RPC$Server.call(RPC.java:1093) [hadoop-common-3.3.1.jar:?]
	at org.apache.hadoop.ipc.Server$RpcCall.run(Server.java:1035) [hadoop-common-3.3.1.jar:?]
	at org.apache.hadoop.ipc.Server$RpcCall.run(Server.java:963) [hadoop-common-3.3.1.jar:?]
	at java.security.AccessController.doPrivileged(Native Method) ~[?:1.8.0_332]
	at javax.security.auth.Subject.doAs(Subject.java:422) [?:1.8.0_332]
	at org.apache.hadoop.security.UserGroupInformation.doAs(UserGroupInformation.java:1878) [hadoop-common-3.3.1.jar:?]
	at org.apache.hadoop.ipc.Server$Handler.run(Server.java:2966) [hadoop-common-3.3.1.jar:?]
]]></system-out>
  </testcase>
  <testcase name="testDeleteVolumeBucketAndKey" classname="TestRootedOzoneFileSystem" time="0.234">
    <system-out><![CDATA[2022-06-27 16:58:00,832 [Time-limited test] INFO  rpc.RpcClient (RpcClient.java:createVolume(466)) - Creating Volume: volume55461, with user90068 as owner and space quota set to -1 bytes, counts quota set to -1
2022-06-27 16:58:00,837 [OM StateMachine ApplyTransaction Thread - 0] INFO  volume.OMVolumeCreateRequest (OMVolumeCreateRequest.java:validateAndUpdateCache(195)) - created volume:volume55461 for user:user90068
2022-06-27 16:58:00,838 [Time-limited test] INFO  rpc.RpcClient (RpcClient.java:createBucket(666)) - Creating Bucket: volume55461/bucket32911, with the Bucket Layout LEGACY, runner as owner, Versioning false, Storage Type set to DISK and Encryption set to false 
2022-06-27 16:58:00,841 [OM StateMachine ApplyTransaction Thread - 0] INFO  bucket.OMBucketCreateRequest (OMBucketCreateRequest.java:validateAndUpdateCache(260)) - created bucket: bucket32911 of layout LEGACY in volume: volume55461
16:58:00.843 [IPC Server handler 0 on default port 40965] ERROR OMAudit - user=runner | ip=127.0.0.1 | op=READ_BUCKET {volume=volume-46467, bucket=bucket3} | ret=FAILURE
org.apache.hadoop.ozone.om.exceptions.OMException: Volume not found when getting bucket info
	at org.apache.hadoop.ozone.om.BucketManagerImpl.getBucketInfo(BucketManagerImpl.java:127) ~[ozone-manager-1.3.0-SNAPSHOT.jar:?]
	at org.apache.hadoop.ozone.om.OzoneManager.getBucketInfo(OzoneManager.java:2778) ~[ozone-manager-1.3.0-SNAPSHOT.jar:?]
	at org.apache.hadoop.ozone.protocolPB.OzoneManagerRequestHandler.infoBucket(OzoneManagerRequestHandler.java:464) ~[ozone-manager-1.3.0-SNAPSHOT.jar:?]
	at org.apache.hadoop.ozone.protocolPB.OzoneManagerRequestHandler.handleReadRequest(OzoneManagerRequestHandler.java:172) ~[ozone-manager-1.3.0-SNAPSHOT.jar:?]
	at org.apache.hadoop.ozone.protocolPB.OzoneManagerProtocolServerSideTranslatorPB.submitReadRequestToOM(OzoneManagerProtocolServerSideTranslatorPB.java:226) ~[ozone-manager-1.3.0-SNAPSHOT.jar:?]
	at org.apache.hadoop.ozone.protocolPB.OzoneManagerProtocolServerSideTranslatorPB.processRequest(OzoneManagerProtocolServerSideTranslatorPB.java:175) ~[ozone-manager-1.3.0-SNAPSHOT.jar:?]
	at org.apache.hadoop.hdds.server.OzoneProtocolMessageDispatcher.processRequest(OzoneProtocolMessageDispatcher.java:87) [hdds-server-framework-1.3.0-SNAPSHOT.jar:?]
	at org.apache.hadoop.ozone.protocolPB.OzoneManagerProtocolServerSideTranslatorPB.submitRequest(OzoneManagerProtocolServerSideTranslatorPB.java:147) [ozone-manager-1.3.0-SNAPSHOT.jar:?]
	at org.apache.hadoop.ozone.protocol.proto.OzoneManagerProtocolProtos$OzoneManagerService$2.callBlockingMethod(OzoneManagerProtocolProtos.java) [ozone-interface-client-1.3.0-SNAPSHOT.jar:?]
	at org.apache.hadoop.ipc.ProtobufRpcEngine$Server.processCall(ProtobufRpcEngine.java:466) [hadoop-common-3.3.1.jar:?]
	at org.apache.hadoop.ipc.ProtobufRpcEngine2$Server$ProtoBufRpcInvoker.call(ProtobufRpcEngine2.java:574) [hadoop-common-3.3.1.jar:?]
	at org.apache.hadoop.ipc.ProtobufRpcEngine2$Server$ProtoBufRpcInvoker.call(ProtobufRpcEngine2.java:552) [hadoop-common-3.3.1.jar:?]
	at org.apache.hadoop.ipc.RPC$Server.call(RPC.java:1093) [hadoop-common-3.3.1.jar:?]
	at org.apache.hadoop.ipc.Server$RpcCall.run(Server.java:1035) [hadoop-common-3.3.1.jar:?]
	at org.apache.hadoop.ipc.Server$RpcCall.run(Server.java:963) [hadoop-common-3.3.1.jar:?]
	at java.security.AccessController.doPrivileged(Native Method) ~[?:1.8.0_332]
	at javax.security.auth.Subject.doAs(Subject.java:422) [?:1.8.0_332]
	at org.apache.hadoop.security.UserGroupInformation.doAs(UserGroupInformation.java:1878) [hadoop-common-3.3.1.jar:?]
	at org.apache.hadoop.ipc.Server$Handler.run(Server.java:2966) [hadoop-common-3.3.1.jar:?]
2022-06-27 16:58:00,843 [Time-limited test] INFO  rpc.RpcClient (RpcClient.java:createVolume(466)) - Creating Volume: volume-46467, with runner as owner and space quota set to -1 bytes, counts quota set to -1
2022-06-27 16:58:00,844 [OM StateMachine ApplyTransaction Thread - 0] INFO  volume.OMVolumeCreateRequest (OMVolumeCreateRequest.java:validateAndUpdateCache(195)) - created volume:volume-46467 for user:runner
2022-06-27 16:58:00,845 [Time-limited test] INFO  rpc.RpcClient (RpcClient.java:createBucket(666)) - Creating Bucket: volume-46467/bucket3, with the Bucket Layout LEGACY, runner as owner, Versioning false, Storage Type set to DISK and Encryption set to false 
2022-06-27 16:58:00,846 [OM StateMachine ApplyTransaction Thread - 0] INFO  bucket.OMBucketCreateRequest (OMBucketCreateRequest.java:validateAndUpdateCache(260)) - created bucket: bucket3 of layout LEGACY in volume: volume-46467
16:58:00.848 [OM StateMachine ApplyTransaction Thread - 0] ERROR OMAudit - user=runner | ip=127.0.0.1 | op=DELETE_VOLUME {volume=volume-46467} | ret=FAILURE
org.apache.hadoop.ozone.om.exceptions.OMException: null
	at org.apache.hadoop.ozone.om.request.volume.OMVolumeDeleteRequest.validateAndUpdateCache(OMVolumeDeleteRequest.java:122) ~[ozone-manager-1.3.0-SNAPSHOT.jar:?]
	at org.apache.hadoop.ozone.protocolPB.OzoneManagerRequestHandler.handleWriteRequest(OzoneManagerRequestHandler.java:293) ~[ozone-manager-1.3.0-SNAPSHOT.jar:?]
	at org.apache.hadoop.ozone.om.ratis.OzoneManagerStateMachine.runCommand(OzoneManagerStateMachine.java:529) ~[ozone-manager-1.3.0-SNAPSHOT.jar:?]
	at org.apache.hadoop.ozone.om.ratis.OzoneManagerStateMachine.lambda$1(OzoneManagerStateMachine.java:324) ~[ozone-manager-1.3.0-SNAPSHOT.jar:?]
	at java.util.concurrent.CompletableFuture$AsyncSupply.run(CompletableFuture.java:1604) [?:1.8.0_332]
	at java.util.concurrent.ThreadPoolExecutor.runWorker(ThreadPoolExecutor.java:1149) [?:1.8.0_332]
	at java.util.concurrent.ThreadPoolExecutor$Worker.run(ThreadPoolExecutor.java:624) [?:1.8.0_332]
	at java.lang.Thread.run(Thread.java:750) [?:1.8.0_332]
2022-06-27 16:58:00,848 [OM StateMachine ApplyTransaction Thread - 0] ERROR volume.OMVolumeDeleteRequest (OMVolumeDeleteRequest.java:validateAndUpdateCache(170)) - Volume deletion failed for user:runner volume:volume-46467
VOLUME_NOT_EMPTY org.apache.hadoop.ozone.om.exceptions.OMException
	at org.apache.hadoop.ozone.om.request.volume.OMVolumeDeleteRequest.validateAndUpdateCache(OMVolumeDeleteRequest.java:122)
	at org.apache.hadoop.ozone.protocolPB.OzoneManagerRequestHandler.handleWriteRequest(OzoneManagerRequestHandler.java:293)
	at org.apache.hadoop.ozone.om.ratis.OzoneManagerStateMachine.runCommand(OzoneManagerStateMachine.java:529)
	at org.apache.hadoop.ozone.om.ratis.OzoneManagerStateMachine.lambda$1(OzoneManagerStateMachine.java:324)
	at java.util.concurrent.CompletableFuture$AsyncSupply.run(CompletableFuture.java:1604)
	at java.util.concurrent.ThreadPoolExecutor.runWorker(ThreadPoolExecutor.java:1149)
	at java.util.concurrent.ThreadPoolExecutor$Worker.run(ThreadPoolExecutor.java:624)
	at java.lang.Thread.run(Thread.java:750)
16:58:00.879 [IPC Server handler 17 on default port 40965] ERROR OMAudit - user=runner | ip=127.0.0.1 | op=READ_VOLUME {volume=volume-46467} | ret=FAILURE
org.apache.hadoop.ozone.om.exceptions.OMException: Volume volume-46467 is not found
	at org.apache.hadoop.ozone.om.VolumeManagerImpl.getVolumeInfo(VolumeManagerImpl.java:74) ~[ozone-manager-1.3.0-SNAPSHOT.jar:?]
	at org.apache.hadoop.ozone.om.OzoneManager.getVolumeInfo(OzoneManager.java:2602) ~[ozone-manager-1.3.0-SNAPSHOT.jar:?]
	at org.apache.hadoop.ozone.protocolPB.OzoneManagerRequestHandler.infoVolume(OzoneManagerRequestHandler.java:390) ~[ozone-manager-1.3.0-SNAPSHOT.jar:?]
	at org.apache.hadoop.ozone.protocolPB.OzoneManagerRequestHandler.handleReadRequest(OzoneManagerRequestHandler.java:162) ~[ozone-manager-1.3.0-SNAPSHOT.jar:?]
	at org.apache.hadoop.ozone.protocolPB.OzoneManagerProtocolServerSideTranslatorPB.submitReadRequestToOM(OzoneManagerProtocolServerSideTranslatorPB.java:226) ~[ozone-manager-1.3.0-SNAPSHOT.jar:?]
	at org.apache.hadoop.ozone.protocolPB.OzoneManagerProtocolServerSideTranslatorPB.processRequest(OzoneManagerProtocolServerSideTranslatorPB.java:175) ~[ozone-manager-1.3.0-SNAPSHOT.jar:?]
	at org.apache.hadoop.hdds.server.OzoneProtocolMessageDispatcher.processRequest(OzoneProtocolMessageDispatcher.java:87) [hdds-server-framework-1.3.0-SNAPSHOT.jar:?]
	at org.apache.hadoop.ozone.protocolPB.OzoneManagerProtocolServerSideTranslatorPB.submitRequest(OzoneManagerProtocolServerSideTranslatorPB.java:147) [ozone-manager-1.3.0-SNAPSHOT.jar:?]
	at org.apache.hadoop.ozone.protocol.proto.OzoneManagerProtocolProtos$OzoneManagerService$2.callBlockingMethod(OzoneManagerProtocolProtos.java) [ozone-interface-client-1.3.0-SNAPSHOT.jar:?]
	at org.apache.hadoop.ipc.ProtobufRpcEngine$Server.processCall(ProtobufRpcEngine.java:466) [hadoop-common-3.3.1.jar:?]
	at org.apache.hadoop.ipc.ProtobufRpcEngine2$Server$ProtoBufRpcInvoker.call(ProtobufRpcEngine2.java:574) [hadoop-common-3.3.1.jar:?]
	at org.apache.hadoop.ipc.ProtobufRpcEngine2$Server$ProtoBufRpcInvoker.call(ProtobufRpcEngine2.java:552) [hadoop-common-3.3.1.jar:?]
	at org.apache.hadoop.ipc.RPC$Server.call(RPC.java:1093) [hadoop-common-3.3.1.jar:?]
	at org.apache.hadoop.ipc.Server$RpcCall.run(Server.java:1035) [hadoop-common-3.3.1.jar:?]
	at org.apache.hadoop.ipc.Server$RpcCall.run(Server.java:963) [hadoop-common-3.3.1.jar:?]
	at java.security.AccessController.doPrivileged(Native Method) ~[?:1.8.0_332]
	at javax.security.auth.Subject.doAs(Subject.java:422) [?:1.8.0_332]
	at org.apache.hadoop.security.UserGroupInformation.doAs(UserGroupInformation.java:1878) [hadoop-common-3.3.1.jar:?]
	at org.apache.hadoop.ipc.Server$Handler.run(Server.java:2966) [hadoop-common-3.3.1.jar:?]
16:58:00.881 [IPC Server handler 8 on default port 40965] ERROR OMAudit - user=runner | ip=127.0.0.1 | op=READ_BUCKET {volume=volume-46467, bucket=bucket3} | ret=FAILURE
org.apache.hadoop.ozone.om.exceptions.OMException: Volume not found when getting bucket info
	at org.apache.hadoop.ozone.om.BucketManagerImpl.getBucketInfo(BucketManagerImpl.java:127) ~[ozone-manager-1.3.0-SNAPSHOT.jar:?]
	at org.apache.hadoop.ozone.om.OzoneManager.getBucketInfo(OzoneManager.java:2778) ~[ozone-manager-1.3.0-SNAPSHOT.jar:?]
	at org.apache.hadoop.ozone.protocolPB.OzoneManagerRequestHandler.infoBucket(OzoneManagerRequestHandler.java:464) ~[ozone-manager-1.3.0-SNAPSHOT.jar:?]
	at org.apache.hadoop.ozone.protocolPB.OzoneManagerRequestHandler.handleReadRequest(OzoneManagerRequestHandler.java:172) ~[ozone-manager-1.3.0-SNAPSHOT.jar:?]
	at org.apache.hadoop.ozone.protocolPB.OzoneManagerProtocolServerSideTranslatorPB.submitReadRequestToOM(OzoneManagerProtocolServerSideTranslatorPB.java:226) ~[ozone-manager-1.3.0-SNAPSHOT.jar:?]
	at org.apache.hadoop.ozone.protocolPB.OzoneManagerProtocolServerSideTranslatorPB.processRequest(OzoneManagerProtocolServerSideTranslatorPB.java:175) ~[ozone-manager-1.3.0-SNAPSHOT.jar:?]
	at org.apache.hadoop.hdds.server.OzoneProtocolMessageDispatcher.processRequest(OzoneProtocolMessageDispatcher.java:87) [hdds-server-framework-1.3.0-SNAPSHOT.jar:?]
	at org.apache.hadoop.ozone.protocolPB.OzoneManagerProtocolServerSideTranslatorPB.submitRequest(OzoneManagerProtocolServerSideTranslatorPB.java:147) [ozone-manager-1.3.0-SNAPSHOT.jar:?]
	at org.apache.hadoop.ozone.protocol.proto.OzoneManagerProtocolProtos$OzoneManagerService$2.callBlockingMethod(OzoneManagerProtocolProtos.java) [ozone-interface-client-1.3.0-SNAPSHOT.jar:?]
	at org.apache.hadoop.ipc.ProtobufRpcEngine$Server.processCall(ProtobufRpcEngine.java:466) [hadoop-common-3.3.1.jar:?]
	at org.apache.hadoop.ipc.ProtobufRpcEngine2$Server$ProtoBufRpcInvoker.call(ProtobufRpcEngine2.java:574) [hadoop-common-3.3.1.jar:?]
	at org.apache.hadoop.ipc.ProtobufRpcEngine2$Server$ProtoBufRpcInvoker.call(ProtobufRpcEngine2.java:552) [hadoop-common-3.3.1.jar:?]
	at org.apache.hadoop.ipc.RPC$Server.call(RPC.java:1093) [hadoop-common-3.3.1.jar:?]
	at org.apache.hadoop.ipc.Server$RpcCall.run(Server.java:1035) [hadoop-common-3.3.1.jar:?]
	at org.apache.hadoop.ipc.Server$RpcCall.run(Server.java:963) [hadoop-common-3.3.1.jar:?]
	at java.security.AccessController.doPrivileged(Native Method) ~[?:1.8.0_332]
	at javax.security.auth.Subject.doAs(Subject.java:422) [?:1.8.0_332]
	at org.apache.hadoop.security.UserGroupInformation.doAs(UserGroupInformation.java:1878) [hadoop-common-3.3.1.jar:?]
	at org.apache.hadoop.ipc.Server$Handler.run(Server.java:2966) [hadoop-common-3.3.1.jar:?]
2022-06-27 16:58:00,881 [Time-limited test] INFO  rpc.RpcClient (RpcClient.java:createVolume(466)) - Creating Volume: volume-46467, with runner as owner and space quota set to -1 bytes, counts quota set to -1
2022-06-27 16:58:00,885 [OM StateMachine ApplyTransaction Thread - 0] INFO  volume.OMVolumeCreateRequest (OMVolumeCreateRequest.java:validateAndUpdateCache(195)) - created volume:volume-46467 for user:runner
2022-06-27 16:58:00,886 [Time-limited test] INFO  rpc.RpcClient (RpcClient.java:createBucket(666)) - Creating Bucket: volume-46467/bucket3, with the Bucket Layout LEGACY, runner as owner, Versioning false, Storage Type set to DISK and Encryption set to false 
2022-06-27 16:58:00,887 [OM StateMachine ApplyTransaction Thread - 0] INFO  bucket.OMBucketCreateRequest (OMBucketCreateRequest.java:validateAndUpdateCache(260)) - created bucket: bucket3 of layout LEGACY in volume: volume-46467
16:58:00.895 [IPC Server handler 2 on default port 40965] ERROR OMAudit - user=runner | ip=127.0.0.1 | op=READ_VOLUME {volume=volume-46467} | ret=FAILURE
org.apache.hadoop.ozone.om.exceptions.OMException: Volume volume-46467 is not found
	at org.apache.hadoop.ozone.om.VolumeManagerImpl.getVolumeInfo(VolumeManagerImpl.java:74) ~[ozone-manager-1.3.0-SNAPSHOT.jar:?]
	at org.apache.hadoop.ozone.om.OzoneManager.getVolumeInfo(OzoneManager.java:2602) ~[ozone-manager-1.3.0-SNAPSHOT.jar:?]
	at org.apache.hadoop.ozone.protocolPB.OzoneManagerRequestHandler.infoVolume(OzoneManagerRequestHandler.java:390) ~[ozone-manager-1.3.0-SNAPSHOT.jar:?]
	at org.apache.hadoop.ozone.protocolPB.OzoneManagerRequestHandler.handleReadRequest(OzoneManagerRequestHandler.java:162) ~[ozone-manager-1.3.0-SNAPSHOT.jar:?]
	at org.apache.hadoop.ozone.protocolPB.OzoneManagerProtocolServerSideTranslatorPB.submitReadRequestToOM(OzoneManagerProtocolServerSideTranslatorPB.java:226) ~[ozone-manager-1.3.0-SNAPSHOT.jar:?]
	at org.apache.hadoop.ozone.protocolPB.OzoneManagerProtocolServerSideTranslatorPB.processRequest(OzoneManagerProtocolServerSideTranslatorPB.java:175) ~[ozone-manager-1.3.0-SNAPSHOT.jar:?]
	at org.apache.hadoop.hdds.server.OzoneProtocolMessageDispatcher.processRequest(OzoneProtocolMessageDispatcher.java:87) [hdds-server-framework-1.3.0-SNAPSHOT.jar:?]
	at org.apache.hadoop.ozone.protocolPB.OzoneManagerProtocolServerSideTranslatorPB.submitRequest(OzoneManagerProtocolServerSideTranslatorPB.java:147) [ozone-manager-1.3.0-SNAPSHOT.jar:?]
	at org.apache.hadoop.ozone.protocol.proto.OzoneManagerProtocolProtos$OzoneManagerService$2.callBlockingMethod(OzoneManagerProtocolProtos.java) [ozone-interface-client-1.3.0-SNAPSHOT.jar:?]
	at org.apache.hadoop.ipc.ProtobufRpcEngine$Server.processCall(ProtobufRpcEngine.java:466) [hadoop-common-3.3.1.jar:?]
	at org.apache.hadoop.ipc.ProtobufRpcEngine2$Server$ProtoBufRpcInvoker.call(ProtobufRpcEngine2.java:574) [hadoop-common-3.3.1.jar:?]
	at org.apache.hadoop.ipc.ProtobufRpcEngine2$Server$ProtoBufRpcInvoker.call(ProtobufRpcEngine2.java:552) [hadoop-common-3.3.1.jar:?]
	at org.apache.hadoop.ipc.RPC$Server.call(RPC.java:1093) [hadoop-common-3.3.1.jar:?]
	at org.apache.hadoop.ipc.Server$RpcCall.run(Server.java:1035) [hadoop-common-3.3.1.jar:?]
	at org.apache.hadoop.ipc.Server$RpcCall.run(Server.java:963) [hadoop-common-3.3.1.jar:?]
	at java.security.AccessController.doPrivileged(Native Method) ~[?:1.8.0_332]
	at javax.security.auth.Subject.doAs(Subject.java:422) [?:1.8.0_332]
	at org.apache.hadoop.security.UserGroupInformation.doAs(UserGroupInformation.java:1878) [hadoop-common-3.3.1.jar:?]
	at org.apache.hadoop.ipc.Server$Handler.run(Server.java:2966) [hadoop-common-3.3.1.jar:?]
]]></system-out>
  </testcase>
  <testcase name="testDeleteVolumeBucketAndKey" classname="TestRootedOzoneFileSystem" time="0.234">
    <system-out><![CDATA[2022-06-27 16:59:20,246 [Time-limited test] INFO  rpc.RpcClient (RpcClient.java:createVolume(466)) - Creating Volume: volume44180, with user57233 as owner and space quota set to -1 bytes, counts quota set to -1
2022-06-27 16:59:20,247 [IPC Server handler 4 on default port 35065] INFO  volume.OMVolumeCreateRequest (OMVolumeCreateRequest.java:validateAndUpdateCache(195)) - created volume:volume44180 for user:user57233
2022-06-27 16:59:20,248 [Time-limited test] INFO  rpc.RpcClient (RpcClient.java:createBucket(666)) - Creating Bucket: volume44180/bucket69476, with the Bucket Layout LEGACY, runner as owner, Versioning false, Storage Type set to DISK and Encryption set to false 
2022-06-27 16:59:20,248 [IPC Server handler 2 on default port 35065] INFO  bucket.OMBucketCreateRequest (OMBucketCreateRequest.java:validateAndUpdateCache(260)) - created bucket: bucket69476 of layout LEGACY in volume: volume44180
16:59:20.249 [IPC Server handler 10 on default port 35065] ERROR OMAudit - user=runner | ip=127.0.0.1 | op=READ_BUCKET {volume=volume-31492, bucket=bucket3} | ret=FAILURE
org.apache.hadoop.ozone.om.exceptions.OMException: Volume not found when getting bucket info
	at org.apache.hadoop.ozone.om.BucketManagerImpl.getBucketInfo(BucketManagerImpl.java:127) ~[ozone-manager-1.3.0-SNAPSHOT.jar:?]
	at org.apache.hadoop.ozone.om.OzoneManager.getBucketInfo(OzoneManager.java:2778) ~[ozone-manager-1.3.0-SNAPSHOT.jar:?]
	at org.apache.hadoop.ozone.protocolPB.OzoneManagerRequestHandler.infoBucket(OzoneManagerRequestHandler.java:464) ~[ozone-manager-1.3.0-SNAPSHOT.jar:?]
	at org.apache.hadoop.ozone.protocolPB.OzoneManagerRequestHandler.handleReadRequest(OzoneManagerRequestHandler.java:172) ~[ozone-manager-1.3.0-SNAPSHOT.jar:?]
	at org.apache.hadoop.ozone.protocolPB.OzoneManagerProtocolServerSideTranslatorPB.submitRequestDirectlyToOM(OzoneManagerProtocolServerSideTranslatorPB.java:276) ~[ozone-manager-1.3.0-SNAPSHOT.jar:?]
	at org.apache.hadoop.ozone.protocolPB.OzoneManagerProtocolServerSideTranslatorPB.processRequest(OzoneManagerProtocolServerSideTranslatorPB.java:205) ~[ozone-manager-1.3.0-SNAPSHOT.jar:?]
	at org.apache.hadoop.hdds.server.OzoneProtocolMessageDispatcher.processRequest(OzoneProtocolMessageDispatcher.java:87) [hdds-server-framework-1.3.0-SNAPSHOT.jar:?]
	at org.apache.hadoop.ozone.protocolPB.OzoneManagerProtocolServerSideTranslatorPB.submitRequest(OzoneManagerProtocolServerSideTranslatorPB.java:147) [ozone-manager-1.3.0-SNAPSHOT.jar:?]
	at org.apache.hadoop.ozone.protocol.proto.OzoneManagerProtocolProtos$OzoneManagerService$2.callBlockingMethod(OzoneManagerProtocolProtos.java) [ozone-interface-client-1.3.0-SNAPSHOT.jar:?]
	at org.apache.hadoop.ipc.ProtobufRpcEngine$Server.processCall(ProtobufRpcEngine.java:466) [hadoop-common-3.3.1.jar:?]
	at org.apache.hadoop.ipc.ProtobufRpcEngine2$Server$ProtoBufRpcInvoker.call(ProtobufRpcEngine2.java:574) [hadoop-common-3.3.1.jar:?]
	at org.apache.hadoop.ipc.ProtobufRpcEngine2$Server$ProtoBufRpcInvoker.call(ProtobufRpcEngine2.java:552) [hadoop-common-3.3.1.jar:?]
	at org.apache.hadoop.ipc.RPC$Server.call(RPC.java:1093) [hadoop-common-3.3.1.jar:?]
	at org.apache.hadoop.ipc.Server$RpcCall.run(Server.java:1035) [hadoop-common-3.3.1.jar:?]
	at org.apache.hadoop.ipc.Server$RpcCall.run(Server.java:963) [hadoop-common-3.3.1.jar:?]
	at java.security.AccessController.doPrivileged(Native Method) ~[?:1.8.0_332]
	at javax.security.auth.Subject.doAs(Subject.java:422) [?:1.8.0_332]
	at org.apache.hadoop.security.UserGroupInformation.doAs(UserGroupInformation.java:1878) [hadoop-common-3.3.1.jar:?]
	at org.apache.hadoop.ipc.Server$Handler.run(Server.java:2966) [hadoop-common-3.3.1.jar:?]
2022-06-27 16:59:20,250 [Time-limited test] INFO  rpc.RpcClient (RpcClient.java:createVolume(466)) - Creating Volume: volume-31492, with runner as owner and space quota set to -1 bytes, counts quota set to -1
2022-06-27 16:59:20,250 [IPC Server handler 19 on default port 35065] INFO  volume.OMVolumeCreateRequest (OMVolumeCreateRequest.java:validateAndUpdateCache(195)) - created volume:volume-31492 for user:runner
2022-06-27 16:59:20,251 [Time-limited test] INFO  rpc.RpcClient (RpcClient.java:createBucket(666)) - Creating Bucket: volume-31492/bucket3, with the Bucket Layout LEGACY, runner as owner, Versioning false, Storage Type set to DISK and Encryption set to false 
2022-06-27 16:59:20,251 [IPC Server handler 18 on default port 35065] INFO  bucket.OMBucketCreateRequest (OMBucketCreateRequest.java:validateAndUpdateCache(260)) - created bucket: bucket3 of layout LEGACY in volume: volume-31492
16:59:20.258 [IPC Server handler 13 on default port 35065] ERROR OMAudit - user=runner | ip=127.0.0.1 | op=DELETE_VOLUME {volume=volume-31492} | ret=FAILURE
org.apache.hadoop.ozone.om.exceptions.OMException: null
	at org.apache.hadoop.ozone.om.request.volume.OMVolumeDeleteRequest.validateAndUpdateCache(OMVolumeDeleteRequest.java:122) ~[ozone-manager-1.3.0-SNAPSHOT.jar:?]
	at org.apache.hadoop.ozone.protocolPB.OzoneManagerRequestHandler.handleWriteRequest(OzoneManagerRequestHandler.java:293) ~[ozone-manager-1.3.0-SNAPSHOT.jar:?]
	at org.apache.hadoop.ozone.protocolPB.OzoneManagerProtocolServerSideTranslatorPB.submitRequestDirectlyToOM(OzoneManagerProtocolServerSideTranslatorPB.java:282) ~[ozone-manager-1.3.0-SNAPSHOT.jar:?]
	at org.apache.hadoop.ozone.protocolPB.OzoneManagerProtocolServerSideTranslatorPB.processRequest(OzoneManagerProtocolServerSideTranslatorPB.java:205) ~[ozone-manager-1.3.0-SNAPSHOT.jar:?]
	at org.apache.hadoop.hdds.server.OzoneProtocolMessageDispatcher.processRequest(OzoneProtocolMessageDispatcher.java:87) [hdds-server-framework-1.3.0-SNAPSHOT.jar:?]
	at org.apache.hadoop.ozone.protocolPB.OzoneManagerProtocolServerSideTranslatorPB.submitRequest(OzoneManagerProtocolServerSideTranslatorPB.java:147) [ozone-manager-1.3.0-SNAPSHOT.jar:?]
	at org.apache.hadoop.ozone.protocol.proto.OzoneManagerProtocolProtos$OzoneManagerService$2.callBlockingMethod(OzoneManagerProtocolProtos.java) [ozone-interface-client-1.3.0-SNAPSHOT.jar:?]
	at org.apache.hadoop.ipc.ProtobufRpcEngine$Server.processCall(ProtobufRpcEngine.java:466) [hadoop-common-3.3.1.jar:?]
	at org.apache.hadoop.ipc.ProtobufRpcEngine2$Server$ProtoBufRpcInvoker.call(ProtobufRpcEngine2.java:574) [hadoop-common-3.3.1.jar:?]
	at org.apache.hadoop.ipc.ProtobufRpcEngine2$Server$ProtoBufRpcInvoker.call(ProtobufRpcEngine2.java:552) [hadoop-common-3.3.1.jar:?]
	at org.apache.hadoop.ipc.RPC$Server.call(RPC.java:1093) [hadoop-common-3.3.1.jar:?]
	at org.apache.hadoop.ipc.Server$RpcCall.run(Server.java:1035) [hadoop-common-3.3.1.jar:?]
	at org.apache.hadoop.ipc.Server$RpcCall.run(Server.java:963) [hadoop-common-3.3.1.jar:?]
	at java.security.AccessController.doPrivileged(Native Method) ~[?:1.8.0_332]
	at javax.security.auth.Subject.doAs(Subject.java:422) [?:1.8.0_332]
	at org.apache.hadoop.security.UserGroupInformation.doAs(UserGroupInformation.java:1878) [hadoop-common-3.3.1.jar:?]
	at org.apache.hadoop.ipc.Server$Handler.run(Server.java:2966) [hadoop-common-3.3.1.jar:?]
2022-06-27 16:59:20,258 [IPC Server handler 13 on default port 35065] ERROR volume.OMVolumeDeleteRequest (OMVolumeDeleteRequest.java:validateAndUpdateCache(170)) - Volume deletion failed for user:runner volume:volume-31492
VOLUME_NOT_EMPTY org.apache.hadoop.ozone.om.exceptions.OMException
	at org.apache.hadoop.ozone.om.request.volume.OMVolumeDeleteRequest.validateAndUpdateCache(OMVolumeDeleteRequest.java:122)
	at org.apache.hadoop.ozone.protocolPB.OzoneManagerRequestHandler.handleWriteRequest(OzoneManagerRequestHandler.java:293)
	at org.apache.hadoop.ozone.protocolPB.OzoneManagerProtocolServerSideTranslatorPB.submitRequestDirectlyToOM(OzoneManagerProtocolServerSideTranslatorPB.java:282)
	at org.apache.hadoop.ozone.protocolPB.OzoneManagerProtocolServerSideTranslatorPB.processRequest(OzoneManagerProtocolServerSideTranslatorPB.java:205)
	at org.apache.hadoop.hdds.server.OzoneProtocolMessageDispatcher.processRequest(OzoneProtocolMessageDispatcher.java:87)
	at org.apache.hadoop.ozone.protocolPB.OzoneManagerProtocolServerSideTranslatorPB.submitRequest(OzoneManagerProtocolServerSideTranslatorPB.java:147)
	at org.apache.hadoop.ozone.protocol.proto.OzoneManagerProtocolProtos$OzoneManagerService$2.callBlockingMethod(OzoneManagerProtocolProtos.java)
	at org.apache.hadoop.ipc.ProtobufRpcEngine$Server.processCall(ProtobufRpcEngine.java:466)
	at org.apache.hadoop.ipc.ProtobufRpcEngine2$Server$ProtoBufRpcInvoker.call(ProtobufRpcEngine2.java:574)
	at org.apache.hadoop.ipc.ProtobufRpcEngine2$Server$ProtoBufRpcInvoker.call(ProtobufRpcEngine2.java:552)
	at org.apache.hadoop.ipc.RPC$Server.call(RPC.java:1093)
	at org.apache.hadoop.ipc.Server$RpcCall.run(Server.java:1035)
	at org.apache.hadoop.ipc.Server$RpcCall.run(Server.java:963)
	at java.security.AccessController.doPrivileged(Native Method)
	at javax.security.auth.Subject.doAs(Subject.java:422)
	at org.apache.hadoop.security.UserGroupInformation.doAs(UserGroupInformation.java:1878)
	at org.apache.hadoop.ipc.Server$Handler.run(Server.java:2966)
16:59:20.358 [IPC Server handler 13 on default port 35065] ERROR OMAudit - user=runner | ip=127.0.0.1 | op=READ_VOLUME {volume=volume-31492} | ret=FAILURE
org.apache.hadoop.ozone.om.exceptions.OMException: Volume volume-31492 is not found
	at org.apache.hadoop.ozone.om.VolumeManagerImpl.getVolumeInfo(VolumeManagerImpl.java:74) ~[ozone-manager-1.3.0-SNAPSHOT.jar:?]
	at org.apache.hadoop.ozone.om.OzoneManager.getVolumeInfo(OzoneManager.java:2602) ~[ozone-manager-1.3.0-SNAPSHOT.jar:?]
	at org.apache.hadoop.ozone.protocolPB.OzoneManagerRequestHandler.infoVolume(OzoneManagerRequestHandler.java:390) ~[ozone-manager-1.3.0-SNAPSHOT.jar:?]
	at org.apache.hadoop.ozone.protocolPB.OzoneManagerRequestHandler.handleReadRequest(OzoneManagerRequestHandler.java:162) ~[ozone-manager-1.3.0-SNAPSHOT.jar:?]
	at org.apache.hadoop.ozone.protocolPB.OzoneManagerProtocolServerSideTranslatorPB.submitRequestDirectlyToOM(OzoneManagerProtocolServerSideTranslatorPB.java:276) ~[ozone-manager-1.3.0-SNAPSHOT.jar:?]
	at org.apache.hadoop.ozone.protocolPB.OzoneManagerProtocolServerSideTranslatorPB.processRequest(OzoneManagerProtocolServerSideTranslatorPB.java:205) ~[ozone-manager-1.3.0-SNAPSHOT.jar:?]
	at org.apache.hadoop.hdds.server.OzoneProtocolMessageDispatcher.processRequest(OzoneProtocolMessageDispatcher.java:87) [hdds-server-framework-1.3.0-SNAPSHOT.jar:?]
	at org.apache.hadoop.ozone.protocolPB.OzoneManagerProtocolServerSideTranslatorPB.submitRequest(OzoneManagerProtocolServerSideTranslatorPB.java:147) [ozone-manager-1.3.0-SNAPSHOT.jar:?]
	at org.apache.hadoop.ozone.protocol.proto.OzoneManagerProtocolProtos$OzoneManagerService$2.callBlockingMethod(OzoneManagerProtocolProtos.java) [ozone-interface-client-1.3.0-SNAPSHOT.jar:?]
	at org.apache.hadoop.ipc.ProtobufRpcEngine$Server.processCall(ProtobufRpcEngine.java:466) [hadoop-common-3.3.1.jar:?]
	at org.apache.hadoop.ipc.ProtobufRpcEngine2$Server$ProtoBufRpcInvoker.call(ProtobufRpcEngine2.java:574) [hadoop-common-3.3.1.jar:?]
	at org.apache.hadoop.ipc.ProtobufRpcEngine2$Server$ProtoBufRpcInvoker.call(ProtobufRpcEngine2.java:552) [hadoop-common-3.3.1.jar:?]
	at org.apache.hadoop.ipc.RPC$Server.call(RPC.java:1093) [hadoop-common-3.3.1.jar:?]
	at org.apache.hadoop.ipc.Server$RpcCall.run(Server.java:1035) [hadoop-common-3.3.1.jar:?]
	at org.apache.hadoop.ipc.Server$RpcCall.run(Server.java:963) [hadoop-common-3.3.1.jar:?]
	at java.security.AccessController.doPrivileged(Native Method) ~[?:1.8.0_332]
	at javax.security.auth.Subject.doAs(Subject.java:422) [?:1.8.0_332]
	at org.apache.hadoop.security.UserGroupInformation.doAs(UserGroupInformation.java:1878) [hadoop-common-3.3.1.jar:?]
	at org.apache.hadoop.ipc.Server$Handler.run(Server.java:2966) [hadoop-common-3.3.1.jar:?]
16:59:20.359 [IPC Server handler 14 on default port 35065] ERROR OMAudit - user=runner | ip=127.0.0.1 | op=READ_BUCKET {volume=volume-31492, bucket=bucket3} | ret=FAILURE
org.apache.hadoop.ozone.om.exceptions.OMException: Volume not found when getting bucket info
	at org.apache.hadoop.ozone.om.BucketManagerImpl.getBucketInfo(BucketManagerImpl.java:127) ~[ozone-manager-1.3.0-SNAPSHOT.jar:?]
	at org.apache.hadoop.ozone.om.OzoneManager.getBucketInfo(OzoneManager.java:2778) ~[ozone-manager-1.3.0-SNAPSHOT.jar:?]
	at org.apache.hadoop.ozone.protocolPB.OzoneManagerRequestHandler.infoBucket(OzoneManagerRequestHandler.java:464) ~[ozone-manager-1.3.0-SNAPSHOT.jar:?]
	at org.apache.hadoop.ozone.protocolPB.OzoneManagerRequestHandler.handleReadRequest(OzoneManagerRequestHandler.java:172) ~[ozone-manager-1.3.0-SNAPSHOT.jar:?]
	at org.apache.hadoop.ozone.protocolPB.OzoneManagerProtocolServerSideTranslatorPB.submitRequestDirectlyToOM(OzoneManagerProtocolServerSideTranslatorPB.java:276) ~[ozone-manager-1.3.0-SNAPSHOT.jar:?]
	at org.apache.hadoop.ozone.protocolPB.OzoneManagerProtocolServerSideTranslatorPB.processRequest(OzoneManagerProtocolServerSideTranslatorPB.java:205) ~[ozone-manager-1.3.0-SNAPSHOT.jar:?]
	at org.apache.hadoop.hdds.server.OzoneProtocolMessageDispatcher.processRequest(OzoneProtocolMessageDispatcher.java:87) [hdds-server-framework-1.3.0-SNAPSHOT.jar:?]
	at org.apache.hadoop.ozone.protocolPB.OzoneManagerProtocolServerSideTranslatorPB.submitRequest(OzoneManagerProtocolServerSideTranslatorPB.java:147) [ozone-manager-1.3.0-SNAPSHOT.jar:?]
	at org.apache.hadoop.ozone.protocol.proto.OzoneManagerProtocolProtos$OzoneManagerService$2.callBlockingMethod(OzoneManagerProtocolProtos.java) [ozone-interface-client-1.3.0-SNAPSHOT.jar:?]
	at org.apache.hadoop.ipc.ProtobufRpcEngine$Server.processCall(ProtobufRpcEngine.java:466) [hadoop-common-3.3.1.jar:?]
	at org.apache.hadoop.ipc.ProtobufRpcEngine2$Server$ProtoBufRpcInvoker.call(ProtobufRpcEngine2.java:574) [hadoop-common-3.3.1.jar:?]
	at org.apache.hadoop.ipc.ProtobufRpcEngine2$Server$ProtoBufRpcInvoker.call(ProtobufRpcEngine2.java:552) [hadoop-common-3.3.1.jar:?]
	at org.apache.hadoop.ipc.RPC$Server.call(RPC.java:1093) [hadoop-common-3.3.1.jar:?]
	at org.apache.hadoop.ipc.Server$RpcCall.run(Server.java:1035) [hadoop-common-3.3.1.jar:?]
	at org.apache.hadoop.ipc.Server$RpcCall.run(Server.java:963) [hadoop-common-3.3.1.jar:?]
	at java.security.AccessController.doPrivileged(Native Method) ~[?:1.8.0_332]
	at javax.security.auth.Subject.doAs(Subject.java:422) [?:1.8.0_332]
	at org.apache.hadoop.security.UserGroupInformation.doAs(UserGroupInformation.java:1878) [hadoop-common-3.3.1.jar:?]
	at org.apache.hadoop.ipc.Server$Handler.run(Server.java:2966) [hadoop-common-3.3.1.jar:?]
2022-06-27 16:59:20,359 [Time-limited test] INFO  rpc.RpcClient (RpcClient.java:createVolume(466)) - Creating Volume: volume-31492, with runner as owner and space quota set to -1 bytes, counts quota set to -1
2022-06-27 16:59:20,360 [IPC Server handler 5 on default port 35065] INFO  volume.OMVolumeCreateRequest (OMVolumeCreateRequest.java:validateAndUpdateCache(195)) - created volume:volume-31492 for user:runner
2022-06-27 16:59:20,360 [Time-limited test] INFO  rpc.RpcClient (RpcClient.java:createBucket(666)) - Creating Bucket: volume-31492/bucket3, with the Bucket Layout LEGACY, runner as owner, Versioning false, Storage Type set to DISK and Encryption set to false 
2022-06-27 16:59:20,361 [IPC Server handler 17 on default port 35065] INFO  bucket.OMBucketCreateRequest (OMBucketCreateRequest.java:validateAndUpdateCache(260)) - created bucket: bucket3 of layout LEGACY in volume: volume-31492
16:59:20.369 [IPC Server handler 0 on default port 35065] ERROR OMAudit - user=runner | ip=127.0.0.1 | op=READ_VOLUME {volume=volume-31492} | ret=FAILURE
org.apache.hadoop.ozone.om.exceptions.OMException: Volume volume-31492 is not found
	at org.apache.hadoop.ozone.om.VolumeManagerImpl.getVolumeInfo(VolumeManagerImpl.java:74) ~[ozone-manager-1.3.0-SNAPSHOT.jar:?]
	at org.apache.hadoop.ozone.om.OzoneManager.getVolumeInfo(OzoneManager.java:2602) ~[ozone-manager-1.3.0-SNAPSHOT.jar:?]
	at org.apache.hadoop.ozone.protocolPB.OzoneManagerRequestHandler.infoVolume(OzoneManagerRequestHandler.java:390) ~[ozone-manager-1.3.0-SNAPSHOT.jar:?]
	at org.apache.hadoop.ozone.protocolPB.OzoneManagerRequestHandler.handleReadRequest(OzoneManagerRequestHandler.java:162) ~[ozone-manager-1.3.0-SNAPSHOT.jar:?]
	at org.apache.hadoop.ozone.protocolPB.OzoneManagerProtocolServerSideTranslatorPB.submitRequestDirectlyToOM(OzoneManagerProtocolServerSideTranslatorPB.java:276) ~[ozone-manager-1.3.0-SNAPSHOT.jar:?]
	at org.apache.hadoop.ozone.protocolPB.OzoneManagerProtocolServerSideTranslatorPB.processRequest(OzoneManagerProtocolServerSideTranslatorPB.java:205) ~[ozone-manager-1.3.0-SNAPSHOT.jar:?]
	at org.apache.hadoop.hdds.server.OzoneProtocolMessageDispatcher.processRequest(OzoneProtocolMessageDispatcher.java:87) [hdds-server-framework-1.3.0-SNAPSHOT.jar:?]
	at org.apache.hadoop.ozone.protocolPB.OzoneManagerProtocolServerSideTranslatorPB.submitRequest(OzoneManagerProtocolServerSideTranslatorPB.java:147) [ozone-manager-1.3.0-SNAPSHOT.jar:?]
	at org.apache.hadoop.ozone.protocol.proto.OzoneManagerProtocolProtos$OzoneManagerService$2.callBlockingMethod(OzoneManagerProtocolProtos.java) [ozone-interface-client-1.3.0-SNAPSHOT.jar:?]
	at org.apache.hadoop.ipc.ProtobufRpcEngine$Server.processCall(ProtobufRpcEngine.java:466) [hadoop-common-3.3.1.jar:?]
	at org.apache.hadoop.ipc.ProtobufRpcEngine2$Server$ProtoBufRpcInvoker.call(ProtobufRpcEngine2.java:574) [hadoop-common-3.3.1.jar:?]
	at org.apache.hadoop.ipc.ProtobufRpcEngine2$Server$ProtoBufRpcInvoker.call(ProtobufRpcEngine2.java:552) [hadoop-common-3.3.1.jar:?]
	at org.apache.hadoop.ipc.RPC$Server.call(RPC.java:1093) [hadoop-common-3.3.1.jar:?]
	at org.apache.hadoop.ipc.Server$RpcCall.run(Server.java:1035) [hadoop-common-3.3.1.jar:?]
	at org.apache.hadoop.ipc.Server$RpcCall.run(Server.java:963) [hadoop-common-3.3.1.jar:?]
	at java.security.AccessController.doPrivileged(Native Method) ~[?:1.8.0_332]
	at javax.security.auth.Subject.doAs(Subject.java:422) [?:1.8.0_332]
	at org.apache.hadoop.security.UserGroupInformation.doAs(UserGroupInformation.java:1878) [hadoop-common-3.3.1.jar:?]
	at org.apache.hadoop.ipc.Server$Handler.run(Server.java:2966) [hadoop-common-3.3.1.jar:?]
]]></system-out>
  </testcase>
  <testcase name="testRenameToParentDir" classname="TestRootedOzoneFileSystem" time="0.116">
    <system-out><![CDATA[2022-06-27 16:54:31,506 [Time-limited test] INFO  rpc.RpcClient (RpcClient.java:createVolume(466)) - Creating Volume: volume10640, with user89412 as owner and space quota set to -1 bytes, counts quota set to -1
2022-06-27 16:54:31,509 [OM StateMachine ApplyTransaction Thread - 0] INFO  volume.OMVolumeCreateRequest (OMVolumeCreateRequest.java:validateAndUpdateCache(195)) - created volume:volume10640 for user:user89412
2022-06-27 16:54:31,511 [Time-limited test] INFO  rpc.RpcClient (RpcClient.java:createBucket(666)) - Creating Bucket: volume10640/bucket86833, with the Bucket Layout LEGACY, runner as owner, Versioning false, Storage Type set to DISK and Encryption set to false 
2022-06-27 16:54:31,513 [OM StateMachine ApplyTransaction Thread - 0] INFO  bucket.OMBucketCreateRequest (OMBucketCreateRequest.java:validateAndUpdateCache(260)) - created bucket: bucket86833 of layout LEGACY in volume: volume10640
16:54:31.535 [IPC Server handler 18 on default port 44473] ERROR OMAudit - user=runner | ip=127.0.0.1 | op=LIST_STATUS {volume=volume10640, bucket=bucket86833, key=root_dir/dir2, dataSize=0, replicationConfig=null} | ret=FAILURE
org.apache.hadoop.ozone.om.exceptions.OMException: Unable to get file status: volume: volume10640 bucket: bucket86833 key: root_dir/dir2
	at org.apache.hadoop.ozone.om.KeyManagerImpl.getOzoneFileStatus(KeyManagerImpl.java:1311) ~[ozone-manager-1.3.0-SNAPSHOT.jar:?]
	at org.apache.hadoop.ozone.om.KeyManagerImpl.getFileStatus(KeyManagerImpl.java:1241) ~[ozone-manager-1.3.0-SNAPSHOT.jar:?]
	at org.apache.hadoop.ozone.om.KeyManagerImpl.listStatus(KeyManagerImpl.java:1565) ~[ozone-manager-1.3.0-SNAPSHOT.jar:?]
	at org.apache.hadoop.ozone.om.OzoneManager.listStatus(OzoneManager.java:3497) ~[ozone-manager-1.3.0-SNAPSHOT.jar:?]
	at org.apache.hadoop.ozone.protocolPB.OzoneManagerRequestHandler.listStatus(OzoneManagerRequestHandler.java:1028) ~[ozone-manager-1.3.0-SNAPSHOT.jar:?]
	at org.apache.hadoop.ozone.protocolPB.OzoneManagerRequestHandler.handleReadRequest(OzoneManagerRequestHandler.java:228) ~[ozone-manager-1.3.0-SNAPSHOT.jar:?]
	at org.apache.hadoop.ozone.protocolPB.OzoneManagerProtocolServerSideTranslatorPB.submitReadRequestToOM(OzoneManagerProtocolServerSideTranslatorPB.java:226) ~[ozone-manager-1.3.0-SNAPSHOT.jar:?]
	at org.apache.hadoop.ozone.protocolPB.OzoneManagerProtocolServerSideTranslatorPB.processRequest(OzoneManagerProtocolServerSideTranslatorPB.java:175) ~[ozone-manager-1.3.0-SNAPSHOT.jar:?]
	at org.apache.hadoop.hdds.server.OzoneProtocolMessageDispatcher.processRequest(OzoneProtocolMessageDispatcher.java:87) [hdds-server-framework-1.3.0-SNAPSHOT.jar:?]
	at org.apache.hadoop.ozone.protocolPB.OzoneManagerProtocolServerSideTranslatorPB.submitRequest(OzoneManagerProtocolServerSideTranslatorPB.java:147) [ozone-manager-1.3.0-SNAPSHOT.jar:?]
	at org.apache.hadoop.ozone.protocol.proto.OzoneManagerProtocolProtos$OzoneManagerService$2.callBlockingMethod(OzoneManagerProtocolProtos.java) [ozone-interface-client-1.3.0-SNAPSHOT.jar:?]
	at org.apache.hadoop.ipc.ProtobufRpcEngine$Server.processCall(ProtobufRpcEngine.java:466) [hadoop-common-3.3.1.jar:?]
	at org.apache.hadoop.ipc.ProtobufRpcEngine2$Server$ProtoBufRpcInvoker.call(ProtobufRpcEngine2.java:574) [hadoop-common-3.3.1.jar:?]
	at org.apache.hadoop.ipc.ProtobufRpcEngine2$Server$ProtoBufRpcInvoker.call(ProtobufRpcEngine2.java:552) [hadoop-common-3.3.1.jar:?]
	at org.apache.hadoop.ipc.RPC$Server.call(RPC.java:1093) [hadoop-common-3.3.1.jar:?]
	at org.apache.hadoop.ipc.Server$RpcCall.run(Server.java:1035) [hadoop-common-3.3.1.jar:?]
	at org.apache.hadoop.ipc.Server$RpcCall.run(Server.java:963) [hadoop-common-3.3.1.jar:?]
	at java.security.AccessController.doPrivileged(Native Method) ~[?:1.8.0_332]
	at javax.security.auth.Subject.doAs(Subject.java:422) [?:1.8.0_332]
	at org.apache.hadoop.security.UserGroupInformation.doAs(UserGroupInformation.java:1878) [hadoop-common-3.3.1.jar:?]
	at org.apache.hadoop.ipc.Server$Handler.run(Server.java:2966) [hadoop-common-3.3.1.jar:?]
16:54:31.553 [IPC Server handler 13 on default port 44473] ERROR OMAudit - user=runner | ip=127.0.0.1 | op=LIST_STATUS {volume=volume10640, bucket=bucket86833, key=root_dir/file2, dataSize=0, replicationConfig=null} | ret=FAILURE
org.apache.hadoop.ozone.om.exceptions.OMException: Unable to get file status: volume: volume10640 bucket: bucket86833 key: root_dir/file2
	at org.apache.hadoop.ozone.om.KeyManagerImpl.getOzoneFileStatus(KeyManagerImpl.java:1311) ~[ozone-manager-1.3.0-SNAPSHOT.jar:?]
	at org.apache.hadoop.ozone.om.KeyManagerImpl.getFileStatus(KeyManagerImpl.java:1241) ~[ozone-manager-1.3.0-SNAPSHOT.jar:?]
	at org.apache.hadoop.ozone.om.KeyManagerImpl.listStatus(KeyManagerImpl.java:1565) ~[ozone-manager-1.3.0-SNAPSHOT.jar:?]
	at org.apache.hadoop.ozone.om.OzoneManager.listStatus(OzoneManager.java:3497) ~[ozone-manager-1.3.0-SNAPSHOT.jar:?]
	at org.apache.hadoop.ozone.protocolPB.OzoneManagerRequestHandler.listStatus(OzoneManagerRequestHandler.java:1028) ~[ozone-manager-1.3.0-SNAPSHOT.jar:?]
	at org.apache.hadoop.ozone.protocolPB.OzoneManagerRequestHandler.handleReadRequest(OzoneManagerRequestHandler.java:228) ~[ozone-manager-1.3.0-SNAPSHOT.jar:?]
	at org.apache.hadoop.ozone.protocolPB.OzoneManagerProtocolServerSideTranslatorPB.submitReadRequestToOM(OzoneManagerProtocolServerSideTranslatorPB.java:226) ~[ozone-manager-1.3.0-SNAPSHOT.jar:?]
	at org.apache.hadoop.ozone.protocolPB.OzoneManagerProtocolServerSideTranslatorPB.processRequest(OzoneManagerProtocolServerSideTranslatorPB.java:175) ~[ozone-manager-1.3.0-SNAPSHOT.jar:?]
	at org.apache.hadoop.hdds.server.OzoneProtocolMessageDispatcher.processRequest(OzoneProtocolMessageDispatcher.java:87) [hdds-server-framework-1.3.0-SNAPSHOT.jar:?]
	at org.apache.hadoop.ozone.protocolPB.OzoneManagerProtocolServerSideTranslatorPB.submitRequest(OzoneManagerProtocolServerSideTranslatorPB.java:147) [ozone-manager-1.3.0-SNAPSHOT.jar:?]
	at org.apache.hadoop.ozone.protocol.proto.OzoneManagerProtocolProtos$OzoneManagerService$2.callBlockingMethod(OzoneManagerProtocolProtos.java) [ozone-interface-client-1.3.0-SNAPSHOT.jar:?]
	at org.apache.hadoop.ipc.ProtobufRpcEngine$Server.processCall(ProtobufRpcEngine.java:466) [hadoop-common-3.3.1.jar:?]
	at org.apache.hadoop.ipc.ProtobufRpcEngine2$Server$ProtoBufRpcInvoker.call(ProtobufRpcEngine2.java:574) [hadoop-common-3.3.1.jar:?]
	at org.apache.hadoop.ipc.ProtobufRpcEngine2$Server$ProtoBufRpcInvoker.call(ProtobufRpcEngine2.java:552) [hadoop-common-3.3.1.jar:?]
	at org.apache.hadoop.ipc.RPC$Server.call(RPC.java:1093) [hadoop-common-3.3.1.jar:?]
	at org.apache.hadoop.ipc.Server$RpcCall.run(Server.java:1035) [hadoop-common-3.3.1.jar:?]
	at org.apache.hadoop.ipc.Server$RpcCall.run(Server.java:963) [hadoop-common-3.3.1.jar:?]
	at java.security.AccessController.doPrivileged(Native Method) ~[?:1.8.0_332]
	at javax.security.auth.Subject.doAs(Subject.java:422) [?:1.8.0_332]
	at org.apache.hadoop.security.UserGroupInformation.doAs(UserGroupInformation.java:1878) [hadoop-common-3.3.1.jar:?]
	at org.apache.hadoop.ipc.Server$Handler.run(Server.java:2966) [hadoop-common-3.3.1.jar:?]
16:54:31.565 [IPC Server handler 8 on default port 44473] ERROR OMAudit - user=runner | ip=127.0.0.1 | op=GET_FILE_STATUS {volume=volume10640, bucket=bucket86833, key=root_dir/dir1/file2, dataSize=0, replicationConfig=null} | ret=FAILURE
org.apache.hadoop.ozone.om.exceptions.OMException: Unable to get file status: volume: volume10640 bucket: bucket86833 key: root_dir/dir1/file2
	at org.apache.hadoop.ozone.om.KeyManagerImpl.getOzoneFileStatus(KeyManagerImpl.java:1311) ~[ozone-manager-1.3.0-SNAPSHOT.jar:?]
	at org.apache.hadoop.ozone.om.KeyManagerImpl.getFileStatus(KeyManagerImpl.java:1241) ~[ozone-manager-1.3.0-SNAPSHOT.jar:?]
	at org.apache.hadoop.ozone.om.OzoneManager.getFileStatus(OzoneManager.java:3419) ~[ozone-manager-1.3.0-SNAPSHOT.jar:?]
	at org.apache.hadoop.ozone.protocolPB.OzoneManagerRequestHandler.getOzoneFileStatus(OzoneManagerRequestHandler.java:871) ~[ozone-manager-1.3.0-SNAPSHOT.jar:?]
	at org.apache.hadoop.ozone.protocolPB.OzoneManagerRequestHandler.handleReadRequest(OzoneManagerRequestHandler.java:217) ~[ozone-manager-1.3.0-SNAPSHOT.jar:?]
	at org.apache.hadoop.ozone.protocolPB.OzoneManagerProtocolServerSideTranslatorPB.submitReadRequestToOM(OzoneManagerProtocolServerSideTranslatorPB.java:226) ~[ozone-manager-1.3.0-SNAPSHOT.jar:?]
	at org.apache.hadoop.ozone.protocolPB.OzoneManagerProtocolServerSideTranslatorPB.processRequest(OzoneManagerProtocolServerSideTranslatorPB.java:175) ~[ozone-manager-1.3.0-SNAPSHOT.jar:?]
	at org.apache.hadoop.hdds.server.OzoneProtocolMessageDispatcher.processRequest(OzoneProtocolMessageDispatcher.java:87) [hdds-server-framework-1.3.0-SNAPSHOT.jar:?]
	at org.apache.hadoop.ozone.protocolPB.OzoneManagerProtocolServerSideTranslatorPB.submitRequest(OzoneManagerProtocolServerSideTranslatorPB.java:147) [ozone-manager-1.3.0-SNAPSHOT.jar:?]
	at org.apache.hadoop.ozone.protocol.proto.OzoneManagerProtocolProtos$OzoneManagerService$2.callBlockingMethod(OzoneManagerProtocolProtos.java) [ozone-interface-client-1.3.0-SNAPSHOT.jar:?]
	at org.apache.hadoop.ipc.ProtobufRpcEngine$Server.processCall(ProtobufRpcEngine.java:466) [hadoop-common-3.3.1.jar:?]
	at org.apache.hadoop.ipc.ProtobufRpcEngine2$Server$ProtoBufRpcInvoker.call(ProtobufRpcEngine2.java:574) [hadoop-common-3.3.1.jar:?]
	at org.apache.hadoop.ipc.ProtobufRpcEngine2$Server$ProtoBufRpcInvoker.call(ProtobufRpcEngine2.java:552) [hadoop-common-3.3.1.jar:?]
	at org.apache.hadoop.ipc.RPC$Server.call(RPC.java:1093) [hadoop-common-3.3.1.jar:?]
	at org.apache.hadoop.ipc.Server$RpcCall.run(Server.java:1035) [hadoop-common-3.3.1.jar:?]
	at org.apache.hadoop.ipc.Server$RpcCall.run(Server.java:963) [hadoop-common-3.3.1.jar:?]
	at java.security.AccessController.doPrivileged(Native Method) ~[?:1.8.0_332]
	at javax.security.auth.Subject.doAs(Subject.java:422) [?:1.8.0_332]
	at org.apache.hadoop.security.UserGroupInformation.doAs(UserGroupInformation.java:1878) [hadoop-common-3.3.1.jar:?]
	at org.apache.hadoop.ipc.Server$Handler.run(Server.java:2966) [hadoop-common-3.3.1.jar:?]
2022-06-27 16:54:31,565 [Time-limited test] WARN  ozone.BasicRootedOzoneFileSystem (BasicRootedOzoneFileSystem.java:delete(572)) - delete: Path does not exist: /volume10640/bucket86833/root_dir/dir1/file2
16:54:31.567 [IPC Server handler 9 on default port 44473] ERROR OMAudit - user=runner | ip=127.0.0.1 | op=GET_FILE_STATUS {volume=volume10640, bucket=bucket86833, key=root_dir/dir1/dir2, dataSize=0, replicationConfig=null} | ret=FAILURE
org.apache.hadoop.ozone.om.exceptions.OMException: Unable to get file status: volume: volume10640 bucket: bucket86833 key: root_dir/dir1/dir2
	at org.apache.hadoop.ozone.om.KeyManagerImpl.getOzoneFileStatus(KeyManagerImpl.java:1311) ~[ozone-manager-1.3.0-SNAPSHOT.jar:?]
	at org.apache.hadoop.ozone.om.KeyManagerImpl.getFileStatus(KeyManagerImpl.java:1241) ~[ozone-manager-1.3.0-SNAPSHOT.jar:?]
	at org.apache.hadoop.ozone.om.OzoneManager.getFileStatus(OzoneManager.java:3419) ~[ozone-manager-1.3.0-SNAPSHOT.jar:?]
	at org.apache.hadoop.ozone.protocolPB.OzoneManagerRequestHandler.getOzoneFileStatus(OzoneManagerRequestHandler.java:871) ~[ozone-manager-1.3.0-SNAPSHOT.jar:?]
	at org.apache.hadoop.ozone.protocolPB.OzoneManagerRequestHandler.handleReadRequest(OzoneManagerRequestHandler.java:217) ~[ozone-manager-1.3.0-SNAPSHOT.jar:?]
	at org.apache.hadoop.ozone.protocolPB.OzoneManagerProtocolServerSideTranslatorPB.submitReadRequestToOM(OzoneManagerProtocolServerSideTranslatorPB.java:226) ~[ozone-manager-1.3.0-SNAPSHOT.jar:?]
	at org.apache.hadoop.ozone.protocolPB.OzoneManagerProtocolServerSideTranslatorPB.processRequest(OzoneManagerProtocolServerSideTranslatorPB.java:175) ~[ozone-manager-1.3.0-SNAPSHOT.jar:?]
	at org.apache.hadoop.hdds.server.OzoneProtocolMessageDispatcher.processRequest(OzoneProtocolMessageDispatcher.java:87) [hdds-server-framework-1.3.0-SNAPSHOT.jar:?]
	at org.apache.hadoop.ozone.protocolPB.OzoneManagerProtocolServerSideTranslatorPB.submitRequest(OzoneManagerProtocolServerSideTranslatorPB.java:147) [ozone-manager-1.3.0-SNAPSHOT.jar:?]
	at org.apache.hadoop.ozone.protocol.proto.OzoneManagerProtocolProtos$OzoneManagerService$2.callBlockingMethod(OzoneManagerProtocolProtos.java) [ozone-interface-client-1.3.0-SNAPSHOT.jar:?]
	at org.apache.hadoop.ipc.ProtobufRpcEngine$Server.processCall(ProtobufRpcEngine.java:466) [hadoop-common-3.3.1.jar:?]
	at org.apache.hadoop.ipc.ProtobufRpcEngine2$Server$ProtoBufRpcInvoker.call(ProtobufRpcEngine2.java:574) [hadoop-common-3.3.1.jar:?]
	at org.apache.hadoop.ipc.ProtobufRpcEngine2$Server$ProtoBufRpcInvoker.call(ProtobufRpcEngine2.java:552) [hadoop-common-3.3.1.jar:?]
	at org.apache.hadoop.ipc.RPC$Server.call(RPC.java:1093) [hadoop-common-3.3.1.jar:?]
	at org.apache.hadoop.ipc.Server$RpcCall.run(Server.java:1035) [hadoop-common-3.3.1.jar:?]
	at org.apache.hadoop.ipc.Server$RpcCall.run(Server.java:963) [hadoop-common-3.3.1.jar:?]
	at java.security.AccessController.doPrivileged(Native Method) ~[?:1.8.0_332]
	at javax.security.auth.Subject.doAs(Subject.java:422) [?:1.8.0_332]
	at org.apache.hadoop.security.UserGroupInformation.doAs(UserGroupInformation.java:1878) [hadoop-common-3.3.1.jar:?]
	at org.apache.hadoop.ipc.Server$Handler.run(Server.java:2966) [hadoop-common-3.3.1.jar:?]
2022-06-27 16:54:31,567 [Time-limited test] WARN  ozone.BasicRootedOzoneFileSystem (BasicRootedOzoneFileSystem.java:delete(572)) - delete: Path does not exist: /volume10640/bucket86833/root_dir/dir1/dir2
]]></system-out>
  </testcase>
  <testcase name="testRenameToParentDir" classname="TestRootedOzoneFileSystem" time="0.116">
    <system-out><![CDATA[2022-06-27 16:55:35,694 [Time-limited test] INFO  rpc.RpcClient (RpcClient.java:createVolume(466)) - Creating Volume: volume47429, with user41175 as owner and space quota set to -1 bytes, counts quota set to -1
2022-06-27 16:55:35,705 [OM StateMachine ApplyTransaction Thread - 0] INFO  volume.OMVolumeCreateRequest (OMVolumeCreateRequest.java:validateAndUpdateCache(195)) - created volume:volume47429 for user:user41175
2022-06-27 16:55:35,706 [Time-limited test] INFO  rpc.RpcClient (RpcClient.java:createBucket(666)) - Creating Bucket: volume47429/bucket24272, with the Bucket Layout LEGACY, runner as owner, Versioning false, Storage Type set to DISK and Encryption set to false 
2022-06-27 16:55:35,708 [OM StateMachine ApplyTransaction Thread - 0] INFO  bucket.OMBucketCreateRequest (OMBucketCreateRequest.java:validateAndUpdateCache(260)) - created bucket: bucket24272 of layout LEGACY in volume: volume47429
16:55:35.719 [IPC Server handler 5 on default port 39955] ERROR OMAudit - user=runner | ip=127.0.0.1 | op=LIST_STATUS {volume=volume47429, bucket=bucket24272, key=root_dir/dir2, dataSize=0, replicationConfig=null} | ret=FAILURE
org.apache.hadoop.ozone.om.exceptions.OMException: Unable to get file status: volume: volume47429 bucket: bucket24272 key: root_dir/dir2
	at org.apache.hadoop.ozone.om.KeyManagerImpl.getOzoneFileStatus(KeyManagerImpl.java:1311) ~[ozone-manager-1.3.0-SNAPSHOT.jar:?]
	at org.apache.hadoop.ozone.om.KeyManagerImpl.getFileStatus(KeyManagerImpl.java:1241) ~[ozone-manager-1.3.0-SNAPSHOT.jar:?]
	at org.apache.hadoop.ozone.om.KeyManagerImpl.listStatus(KeyManagerImpl.java:1565) ~[ozone-manager-1.3.0-SNAPSHOT.jar:?]
	at org.apache.hadoop.ozone.om.OzoneManager.listStatus(OzoneManager.java:3497) ~[ozone-manager-1.3.0-SNAPSHOT.jar:?]
	at org.apache.hadoop.ozone.protocolPB.OzoneManagerRequestHandler.listStatus(OzoneManagerRequestHandler.java:1028) ~[ozone-manager-1.3.0-SNAPSHOT.jar:?]
	at org.apache.hadoop.ozone.protocolPB.OzoneManagerRequestHandler.handleReadRequest(OzoneManagerRequestHandler.java:228) ~[ozone-manager-1.3.0-SNAPSHOT.jar:?]
	at org.apache.hadoop.ozone.protocolPB.OzoneManagerProtocolServerSideTranslatorPB.submitReadRequestToOM(OzoneManagerProtocolServerSideTranslatorPB.java:226) ~[ozone-manager-1.3.0-SNAPSHOT.jar:?]
	at org.apache.hadoop.ozone.protocolPB.OzoneManagerProtocolServerSideTranslatorPB.processRequest(OzoneManagerProtocolServerSideTranslatorPB.java:175) ~[ozone-manager-1.3.0-SNAPSHOT.jar:?]
	at org.apache.hadoop.hdds.server.OzoneProtocolMessageDispatcher.processRequest(OzoneProtocolMessageDispatcher.java:87) [hdds-server-framework-1.3.0-SNAPSHOT.jar:?]
	at org.apache.hadoop.ozone.protocolPB.OzoneManagerProtocolServerSideTranslatorPB.submitRequest(OzoneManagerProtocolServerSideTranslatorPB.java:147) [ozone-manager-1.3.0-SNAPSHOT.jar:?]
	at org.apache.hadoop.ozone.protocol.proto.OzoneManagerProtocolProtos$OzoneManagerService$2.callBlockingMethod(OzoneManagerProtocolProtos.java) [ozone-interface-client-1.3.0-SNAPSHOT.jar:?]
	at org.apache.hadoop.ipc.ProtobufRpcEngine$Server.processCall(ProtobufRpcEngine.java:466) [hadoop-common-3.3.1.jar:?]
	at org.apache.hadoop.ipc.ProtobufRpcEngine2$Server$ProtoBufRpcInvoker.call(ProtobufRpcEngine2.java:574) [hadoop-common-3.3.1.jar:?]
	at org.apache.hadoop.ipc.ProtobufRpcEngine2$Server$ProtoBufRpcInvoker.call(ProtobufRpcEngine2.java:552) [hadoop-common-3.3.1.jar:?]
	at org.apache.hadoop.ipc.RPC$Server.call(RPC.java:1093) [hadoop-common-3.3.1.jar:?]
	at org.apache.hadoop.ipc.Server$RpcCall.run(Server.java:1035) [hadoop-common-3.3.1.jar:?]
	at org.apache.hadoop.ipc.Server$RpcCall.run(Server.java:963) [hadoop-common-3.3.1.jar:?]
	at java.security.AccessController.doPrivileged(Native Method) ~[?:1.8.0_332]
	at javax.security.auth.Subject.doAs(Subject.java:422) [?:1.8.0_332]
	at org.apache.hadoop.security.UserGroupInformation.doAs(UserGroupInformation.java:1878) [hadoop-common-3.3.1.jar:?]
	at org.apache.hadoop.ipc.Server$Handler.run(Server.java:2966) [hadoop-common-3.3.1.jar:?]
16:55:35.729 [IPC Server handler 12 on default port 39955] ERROR OMAudit - user=runner | ip=127.0.0.1 | op=LIST_STATUS {volume=volume47429, bucket=bucket24272, key=root_dir/file2, dataSize=0, replicationConfig=null} | ret=FAILURE
org.apache.hadoop.ozone.om.exceptions.OMException: Unable to get file status: volume: volume47429 bucket: bucket24272 key: root_dir/file2
	at org.apache.hadoop.ozone.om.KeyManagerImpl.getOzoneFileStatus(KeyManagerImpl.java:1311) ~[ozone-manager-1.3.0-SNAPSHOT.jar:?]
	at org.apache.hadoop.ozone.om.KeyManagerImpl.getFileStatus(KeyManagerImpl.java:1241) ~[ozone-manager-1.3.0-SNAPSHOT.jar:?]
	at org.apache.hadoop.ozone.om.KeyManagerImpl.listStatus(KeyManagerImpl.java:1565) ~[ozone-manager-1.3.0-SNAPSHOT.jar:?]
	at org.apache.hadoop.ozone.om.OzoneManager.listStatus(OzoneManager.java:3497) ~[ozone-manager-1.3.0-SNAPSHOT.jar:?]
	at org.apache.hadoop.ozone.protocolPB.OzoneManagerRequestHandler.listStatus(OzoneManagerRequestHandler.java:1028) ~[ozone-manager-1.3.0-SNAPSHOT.jar:?]
	at org.apache.hadoop.ozone.protocolPB.OzoneManagerRequestHandler.handleReadRequest(OzoneManagerRequestHandler.java:228) ~[ozone-manager-1.3.0-SNAPSHOT.jar:?]
	at org.apache.hadoop.ozone.protocolPB.OzoneManagerProtocolServerSideTranslatorPB.submitReadRequestToOM(OzoneManagerProtocolServerSideTranslatorPB.java:226) ~[ozone-manager-1.3.0-SNAPSHOT.jar:?]
	at org.apache.hadoop.ozone.protocolPB.OzoneManagerProtocolServerSideTranslatorPB.processRequest(OzoneManagerProtocolServerSideTranslatorPB.java:175) ~[ozone-manager-1.3.0-SNAPSHOT.jar:?]
	at org.apache.hadoop.hdds.server.OzoneProtocolMessageDispatcher.processRequest(OzoneProtocolMessageDispatcher.java:87) [hdds-server-framework-1.3.0-SNAPSHOT.jar:?]
	at org.apache.hadoop.ozone.protocolPB.OzoneManagerProtocolServerSideTranslatorPB.submitRequest(OzoneManagerProtocolServerSideTranslatorPB.java:147) [ozone-manager-1.3.0-SNAPSHOT.jar:?]
	at org.apache.hadoop.ozone.protocol.proto.OzoneManagerProtocolProtos$OzoneManagerService$2.callBlockingMethod(OzoneManagerProtocolProtos.java) [ozone-interface-client-1.3.0-SNAPSHOT.jar:?]
	at org.apache.hadoop.ipc.ProtobufRpcEngine$Server.processCall(ProtobufRpcEngine.java:466) [hadoop-common-3.3.1.jar:?]
	at org.apache.hadoop.ipc.ProtobufRpcEngine2$Server$ProtoBufRpcInvoker.call(ProtobufRpcEngine2.java:574) [hadoop-common-3.3.1.jar:?]
	at org.apache.hadoop.ipc.ProtobufRpcEngine2$Server$ProtoBufRpcInvoker.call(ProtobufRpcEngine2.java:552) [hadoop-common-3.3.1.jar:?]
	at org.apache.hadoop.ipc.RPC$Server.call(RPC.java:1093) [hadoop-common-3.3.1.jar:?]
	at org.apache.hadoop.ipc.Server$RpcCall.run(Server.java:1035) [hadoop-common-3.3.1.jar:?]
	at org.apache.hadoop.ipc.Server$RpcCall.run(Server.java:963) [hadoop-common-3.3.1.jar:?]
	at java.security.AccessController.doPrivileged(Native Method) ~[?:1.8.0_332]
	at javax.security.auth.Subject.doAs(Subject.java:422) [?:1.8.0_332]
	at org.apache.hadoop.security.UserGroupInformation.doAs(UserGroupInformation.java:1878) [hadoop-common-3.3.1.jar:?]
	at org.apache.hadoop.ipc.Server$Handler.run(Server.java:2966) [hadoop-common-3.3.1.jar:?]
16:55:35.734 [IPC Server handler 18 on default port 39955] ERROR OMAudit - user=runner | ip=127.0.0.1 | op=GET_FILE_STATUS {volume=volume47429, bucket=bucket24272, key=root_dir/dir1/file2, dataSize=0, replicationConfig=null} | ret=FAILURE
org.apache.hadoop.ozone.om.exceptions.OMException: Unable to get file status: volume: volume47429 bucket: bucket24272 key: root_dir/dir1/file2
	at org.apache.hadoop.ozone.om.KeyManagerImpl.getOzoneFileStatus(KeyManagerImpl.java:1311) ~[ozone-manager-1.3.0-SNAPSHOT.jar:?]
	at org.apache.hadoop.ozone.om.KeyManagerImpl.getFileStatus(KeyManagerImpl.java:1241) ~[ozone-manager-1.3.0-SNAPSHOT.jar:?]
	at org.apache.hadoop.ozone.om.OzoneManager.getFileStatus(OzoneManager.java:3419) ~[ozone-manager-1.3.0-SNAPSHOT.jar:?]
	at org.apache.hadoop.ozone.protocolPB.OzoneManagerRequestHandler.getOzoneFileStatus(OzoneManagerRequestHandler.java:871) ~[ozone-manager-1.3.0-SNAPSHOT.jar:?]
	at org.apache.hadoop.ozone.protocolPB.OzoneManagerRequestHandler.handleReadRequest(OzoneManagerRequestHandler.java:217) ~[ozone-manager-1.3.0-SNAPSHOT.jar:?]
	at org.apache.hadoop.ozone.protocolPB.OzoneManagerProtocolServerSideTranslatorPB.submitReadRequestToOM(OzoneManagerProtocolServerSideTranslatorPB.java:226) ~[ozone-manager-1.3.0-SNAPSHOT.jar:?]
	at org.apache.hadoop.ozone.protocolPB.OzoneManagerProtocolServerSideTranslatorPB.processRequest(OzoneManagerProtocolServerSideTranslatorPB.java:175) ~[ozone-manager-1.3.0-SNAPSHOT.jar:?]
	at org.apache.hadoop.hdds.server.OzoneProtocolMessageDispatcher.processRequest(OzoneProtocolMessageDispatcher.java:87) [hdds-server-framework-1.3.0-SNAPSHOT.jar:?]
	at org.apache.hadoop.ozone.protocolPB.OzoneManagerProtocolServerSideTranslatorPB.submitRequest(OzoneManagerProtocolServerSideTranslatorPB.java:147) [ozone-manager-1.3.0-SNAPSHOT.jar:?]
	at org.apache.hadoop.ozone.protocol.proto.OzoneManagerProtocolProtos$OzoneManagerService$2.callBlockingMethod(OzoneManagerProtocolProtos.java) [ozone-interface-client-1.3.0-SNAPSHOT.jar:?]
	at org.apache.hadoop.ipc.ProtobufRpcEngine$Server.processCall(ProtobufRpcEngine.java:466) [hadoop-common-3.3.1.jar:?]
	at org.apache.hadoop.ipc.ProtobufRpcEngine2$Server$ProtoBufRpcInvoker.call(ProtobufRpcEngine2.java:574) [hadoop-common-3.3.1.jar:?]
	at org.apache.hadoop.ipc.ProtobufRpcEngine2$Server$ProtoBufRpcInvoker.call(ProtobufRpcEngine2.java:552) [hadoop-common-3.3.1.jar:?]
	at org.apache.hadoop.ipc.RPC$Server.call(RPC.java:1093) [hadoop-common-3.3.1.jar:?]
	at org.apache.hadoop.ipc.Server$RpcCall.run(Server.java:1035) [hadoop-common-3.3.1.jar:?]
	at org.apache.hadoop.ipc.Server$RpcCall.run(Server.java:963) [hadoop-common-3.3.1.jar:?]
	at java.security.AccessController.doPrivileged(Native Method) ~[?:1.8.0_332]
	at javax.security.auth.Subject.doAs(Subject.java:422) [?:1.8.0_332]
	at org.apache.hadoop.security.UserGroupInformation.doAs(UserGroupInformation.java:1878) [hadoop-common-3.3.1.jar:?]
	at org.apache.hadoop.ipc.Server$Handler.run(Server.java:2966) [hadoop-common-3.3.1.jar:?]
2022-06-27 16:55:35,735 [Time-limited test] WARN  ozone.BasicRootedOzoneFileSystem (BasicRootedOzoneFileSystem.java:delete(572)) - delete: Path does not exist: /volume47429/bucket24272/root_dir/dir1/file2
16:55:35.735 [IPC Server handler 1 on default port 39955] ERROR OMAudit - user=runner | ip=127.0.0.1 | op=GET_FILE_STATUS {volume=volume47429, bucket=bucket24272, key=root_dir/dir1/dir2, dataSize=0, replicationConfig=null} | ret=FAILURE
org.apache.hadoop.ozone.om.exceptions.OMException: Unable to get file status: volume: volume47429 bucket: bucket24272 key: root_dir/dir1/dir2
	at org.apache.hadoop.ozone.om.KeyManagerImpl.getOzoneFileStatus(KeyManagerImpl.java:1311) ~[ozone-manager-1.3.0-SNAPSHOT.jar:?]
	at org.apache.hadoop.ozone.om.KeyManagerImpl.getFileStatus(KeyManagerImpl.java:1241) ~[ozone-manager-1.3.0-SNAPSHOT.jar:?]
	at org.apache.hadoop.ozone.om.OzoneManager.getFileStatus(OzoneManager.java:3419) ~[ozone-manager-1.3.0-SNAPSHOT.jar:?]
	at org.apache.hadoop.ozone.protocolPB.OzoneManagerRequestHandler.getOzoneFileStatus(OzoneManagerRequestHandler.java:871) ~[ozone-manager-1.3.0-SNAPSHOT.jar:?]
	at org.apache.hadoop.ozone.protocolPB.OzoneManagerRequestHandler.handleReadRequest(OzoneManagerRequestHandler.java:217) ~[ozone-manager-1.3.0-SNAPSHOT.jar:?]
	at org.apache.hadoop.ozone.protocolPB.OzoneManagerProtocolServerSideTranslatorPB.submitReadRequestToOM(OzoneManagerProtocolServerSideTranslatorPB.java:226) ~[ozone-manager-1.3.0-SNAPSHOT.jar:?]
	at org.apache.hadoop.ozone.protocolPB.OzoneManagerProtocolServerSideTranslatorPB.processRequest(OzoneManagerProtocolServerSideTranslatorPB.java:175) ~[ozone-manager-1.3.0-SNAPSHOT.jar:?]
	at org.apache.hadoop.hdds.server.OzoneProtocolMessageDispatcher.processRequest(OzoneProtocolMessageDispatcher.java:87) [hdds-server-framework-1.3.0-SNAPSHOT.jar:?]
	at org.apache.hadoop.ozone.protocolPB.OzoneManagerProtocolServerSideTranslatorPB.submitRequest(OzoneManagerProtocolServerSideTranslatorPB.java:147) [ozone-manager-1.3.0-SNAPSHOT.jar:?]
	at org.apache.hadoop.ozone.protocol.proto.OzoneManagerProtocolProtos$OzoneManagerService$2.callBlockingMethod(OzoneManagerProtocolProtos.java) [ozone-interface-client-1.3.0-SNAPSHOT.jar:?]
	at org.apache.hadoop.ipc.ProtobufRpcEngine$Server.processCall(ProtobufRpcEngine.java:466) [hadoop-common-3.3.1.jar:?]
	at org.apache.hadoop.ipc.ProtobufRpcEngine2$Server$ProtoBufRpcInvoker.call(ProtobufRpcEngine2.java:574) [hadoop-common-3.3.1.jar:?]
	at org.apache.hadoop.ipc.ProtobufRpcEngine2$Server$ProtoBufRpcInvoker.call(ProtobufRpcEngine2.java:552) [hadoop-common-3.3.1.jar:?]
	at org.apache.hadoop.ipc.RPC$Server.call(RPC.java:1093) [hadoop-common-3.3.1.jar:?]
	at org.apache.hadoop.ipc.Server$RpcCall.run(Server.java:1035) [hadoop-common-3.3.1.jar:?]
	at org.apache.hadoop.ipc.Server$RpcCall.run(Server.java:963) [hadoop-common-3.3.1.jar:?]
	at java.security.AccessController.doPrivileged(Native Method) ~[?:1.8.0_332]
	at javax.security.auth.Subject.doAs(Subject.java:422) [?:1.8.0_332]
	at org.apache.hadoop.security.UserGroupInformation.doAs(UserGroupInformation.java:1878) [hadoop-common-3.3.1.jar:?]
	at org.apache.hadoop.ipc.Server$Handler.run(Server.java:2966) [hadoop-common-3.3.1.jar:?]
2022-06-27 16:55:35,736 [Time-limited test] WARN  ozone.BasicRootedOzoneFileSystem (BasicRootedOzoneFileSystem.java:delete(572)) - delete: Path does not exist: /volume47429/bucket24272/root_dir/dir1/dir2
]]></system-out>
  </testcase>
  <testcase name="testRenameToParentDir" classname="TestRootedOzoneFileSystem" time="0.165">
    <system-out><![CDATA[2022-06-27 16:56:44,158 [Time-limited test] INFO  rpc.RpcClient (RpcClient.java:createVolume(466)) - Creating Volume: volume88738, with user91987 as owner and space quota set to -1 bytes, counts quota set to -1
2022-06-27 16:56:44,159 [IPC Server handler 11 on default port 40407] INFO  volume.OMVolumeCreateRequest (OMVolumeCreateRequest.java:validateAndUpdateCache(195)) - created volume:volume88738 for user:user91987
2022-06-27 16:56:44,160 [Time-limited test] INFO  rpc.RpcClient (RpcClient.java:createBucket(666)) - Creating Bucket: volume88738/bucket18767, with the Bucket Layout LEGACY, runner as owner, Versioning false, Storage Type set to DISK and Encryption set to false 
2022-06-27 16:56:44,163 [IPC Server handler 13 on default port 40407] INFO  bucket.OMBucketCreateRequest (OMBucketCreateRequest.java:validateAndUpdateCache(260)) - created bucket: bucket18767 of layout LEGACY in volume: volume88738
16:56:44.176 [IPC Server handler 8 on default port 40407] ERROR OMAudit - user=runner | ip=127.0.0.1 | op=LIST_STATUS {volume=volume88738, bucket=bucket18767, key=root_dir/dir2, dataSize=0, replicationConfig=null} | ret=FAILURE
org.apache.hadoop.ozone.om.exceptions.OMException: Unable to get file status: volume: volume88738 bucket: bucket18767 key: root_dir/dir2
	at org.apache.hadoop.ozone.om.KeyManagerImpl.getOzoneFileStatus(KeyManagerImpl.java:1311) ~[ozone-manager-1.3.0-SNAPSHOT.jar:?]
	at org.apache.hadoop.ozone.om.KeyManagerImpl.getFileStatus(KeyManagerImpl.java:1241) ~[ozone-manager-1.3.0-SNAPSHOT.jar:?]
	at org.apache.hadoop.ozone.om.KeyManagerImpl.listStatus(KeyManagerImpl.java:1565) ~[ozone-manager-1.3.0-SNAPSHOT.jar:?]
	at org.apache.hadoop.ozone.om.OzoneManager.listStatus(OzoneManager.java:3497) ~[ozone-manager-1.3.0-SNAPSHOT.jar:?]
	at org.apache.hadoop.ozone.protocolPB.OzoneManagerRequestHandler.listStatus(OzoneManagerRequestHandler.java:1028) ~[ozone-manager-1.3.0-SNAPSHOT.jar:?]
	at org.apache.hadoop.ozone.protocolPB.OzoneManagerRequestHandler.handleReadRequest(OzoneManagerRequestHandler.java:228) ~[ozone-manager-1.3.0-SNAPSHOT.jar:?]
	at org.apache.hadoop.ozone.protocolPB.OzoneManagerProtocolServerSideTranslatorPB.submitRequestDirectlyToOM(OzoneManagerProtocolServerSideTranslatorPB.java:276) ~[ozone-manager-1.3.0-SNAPSHOT.jar:?]
	at org.apache.hadoop.ozone.protocolPB.OzoneManagerProtocolServerSideTranslatorPB.processRequest(OzoneManagerProtocolServerSideTranslatorPB.java:205) ~[ozone-manager-1.3.0-SNAPSHOT.jar:?]
	at org.apache.hadoop.hdds.server.OzoneProtocolMessageDispatcher.processRequest(OzoneProtocolMessageDispatcher.java:87) [hdds-server-framework-1.3.0-SNAPSHOT.jar:?]
	at org.apache.hadoop.ozone.protocolPB.OzoneManagerProtocolServerSideTranslatorPB.submitRequest(OzoneManagerProtocolServerSideTranslatorPB.java:147) [ozone-manager-1.3.0-SNAPSHOT.jar:?]
	at org.apache.hadoop.ozone.protocol.proto.OzoneManagerProtocolProtos$OzoneManagerService$2.callBlockingMethod(OzoneManagerProtocolProtos.java) [ozone-interface-client-1.3.0-SNAPSHOT.jar:?]
	at org.apache.hadoop.ipc.ProtobufRpcEngine$Server.processCall(ProtobufRpcEngine.java:466) [hadoop-common-3.3.1.jar:?]
	at org.apache.hadoop.ipc.ProtobufRpcEngine2$Server$ProtoBufRpcInvoker.call(ProtobufRpcEngine2.java:574) [hadoop-common-3.3.1.jar:?]
	at org.apache.hadoop.ipc.ProtobufRpcEngine2$Server$ProtoBufRpcInvoker.call(ProtobufRpcEngine2.java:552) [hadoop-common-3.3.1.jar:?]
	at org.apache.hadoop.ipc.RPC$Server.call(RPC.java:1093) [hadoop-common-3.3.1.jar:?]
	at org.apache.hadoop.ipc.Server$RpcCall.run(Server.java:1035) [hadoop-common-3.3.1.jar:?]
	at org.apache.hadoop.ipc.Server$RpcCall.run(Server.java:963) [hadoop-common-3.3.1.jar:?]
	at java.security.AccessController.doPrivileged(Native Method) ~[?:1.8.0_332]
	at javax.security.auth.Subject.doAs(Subject.java:422) [?:1.8.0_332]
	at org.apache.hadoop.security.UserGroupInformation.doAs(UserGroupInformation.java:1878) [hadoop-common-3.3.1.jar:?]
	at org.apache.hadoop.ipc.Server$Handler.run(Server.java:2966) [hadoop-common-3.3.1.jar:?]
16:56:44.188 [IPC Server handler 4 on default port 40407] ERROR OMAudit - user=runner | ip=127.0.0.1 | op=LIST_STATUS {volume=volume88738, bucket=bucket18767, key=root_dir/file2, dataSize=0, replicationConfig=null} | ret=FAILURE
org.apache.hadoop.ozone.om.exceptions.OMException: Unable to get file status: volume: volume88738 bucket: bucket18767 key: root_dir/file2
	at org.apache.hadoop.ozone.om.KeyManagerImpl.getOzoneFileStatus(KeyManagerImpl.java:1311) ~[ozone-manager-1.3.0-SNAPSHOT.jar:?]
	at org.apache.hadoop.ozone.om.KeyManagerImpl.getFileStatus(KeyManagerImpl.java:1241) ~[ozone-manager-1.3.0-SNAPSHOT.jar:?]
	at org.apache.hadoop.ozone.om.KeyManagerImpl.listStatus(KeyManagerImpl.java:1565) ~[ozone-manager-1.3.0-SNAPSHOT.jar:?]
	at org.apache.hadoop.ozone.om.OzoneManager.listStatus(OzoneManager.java:3497) ~[ozone-manager-1.3.0-SNAPSHOT.jar:?]
	at org.apache.hadoop.ozone.protocolPB.OzoneManagerRequestHandler.listStatus(OzoneManagerRequestHandler.java:1028) ~[ozone-manager-1.3.0-SNAPSHOT.jar:?]
	at org.apache.hadoop.ozone.protocolPB.OzoneManagerRequestHandler.handleReadRequest(OzoneManagerRequestHandler.java:228) ~[ozone-manager-1.3.0-SNAPSHOT.jar:?]
	at org.apache.hadoop.ozone.protocolPB.OzoneManagerProtocolServerSideTranslatorPB.submitRequestDirectlyToOM(OzoneManagerProtocolServerSideTranslatorPB.java:276) ~[ozone-manager-1.3.0-SNAPSHOT.jar:?]
	at org.apache.hadoop.ozone.protocolPB.OzoneManagerProtocolServerSideTranslatorPB.processRequest(OzoneManagerProtocolServerSideTranslatorPB.java:205) ~[ozone-manager-1.3.0-SNAPSHOT.jar:?]
	at org.apache.hadoop.hdds.server.OzoneProtocolMessageDispatcher.processRequest(OzoneProtocolMessageDispatcher.java:87) [hdds-server-framework-1.3.0-SNAPSHOT.jar:?]
	at org.apache.hadoop.ozone.protocolPB.OzoneManagerProtocolServerSideTranslatorPB.submitRequest(OzoneManagerProtocolServerSideTranslatorPB.java:147) [ozone-manager-1.3.0-SNAPSHOT.jar:?]
	at org.apache.hadoop.ozone.protocol.proto.OzoneManagerProtocolProtos$OzoneManagerService$2.callBlockingMethod(OzoneManagerProtocolProtos.java) [ozone-interface-client-1.3.0-SNAPSHOT.jar:?]
	at org.apache.hadoop.ipc.ProtobufRpcEngine$Server.processCall(ProtobufRpcEngine.java:466) [hadoop-common-3.3.1.jar:?]
	at org.apache.hadoop.ipc.ProtobufRpcEngine2$Server$ProtoBufRpcInvoker.call(ProtobufRpcEngine2.java:574) [hadoop-common-3.3.1.jar:?]
	at org.apache.hadoop.ipc.ProtobufRpcEngine2$Server$ProtoBufRpcInvoker.call(ProtobufRpcEngine2.java:552) [hadoop-common-3.3.1.jar:?]
	at org.apache.hadoop.ipc.RPC$Server.call(RPC.java:1093) [hadoop-common-3.3.1.jar:?]
	at org.apache.hadoop.ipc.Server$RpcCall.run(Server.java:1035) [hadoop-common-3.3.1.jar:?]
	at org.apache.hadoop.ipc.Server$RpcCall.run(Server.java:963) [hadoop-common-3.3.1.jar:?]
	at java.security.AccessController.doPrivileged(Native Method) ~[?:1.8.0_332]
	at javax.security.auth.Subject.doAs(Subject.java:422) [?:1.8.0_332]
	at org.apache.hadoop.security.UserGroupInformation.doAs(UserGroupInformation.java:1878) [hadoop-common-3.3.1.jar:?]
	at org.apache.hadoop.ipc.Server$Handler.run(Server.java:2966) [hadoop-common-3.3.1.jar:?]
16:56:44.196 [IPC Server handler 19 on default port 40407] ERROR OMAudit - user=runner | ip=127.0.0.1 | op=GET_FILE_STATUS {volume=volume88738, bucket=bucket18767, key=root_dir/dir1/file2, dataSize=0, replicationConfig=null} | ret=FAILURE
org.apache.hadoop.ozone.om.exceptions.OMException: Unable to get file status: volume: volume88738 bucket: bucket18767 key: root_dir/dir1/file2
	at org.apache.hadoop.ozone.om.KeyManagerImpl.getOzoneFileStatus(KeyManagerImpl.java:1311) ~[ozone-manager-1.3.0-SNAPSHOT.jar:?]
	at org.apache.hadoop.ozone.om.KeyManagerImpl.getFileStatus(KeyManagerImpl.java:1241) ~[ozone-manager-1.3.0-SNAPSHOT.jar:?]
	at org.apache.hadoop.ozone.om.OzoneManager.getFileStatus(OzoneManager.java:3419) ~[ozone-manager-1.3.0-SNAPSHOT.jar:?]
	at org.apache.hadoop.ozone.protocolPB.OzoneManagerRequestHandler.getOzoneFileStatus(OzoneManagerRequestHandler.java:871) ~[ozone-manager-1.3.0-SNAPSHOT.jar:?]
	at org.apache.hadoop.ozone.protocolPB.OzoneManagerRequestHandler.handleReadRequest(OzoneManagerRequestHandler.java:217) ~[ozone-manager-1.3.0-SNAPSHOT.jar:?]
	at org.apache.hadoop.ozone.protocolPB.OzoneManagerProtocolServerSideTranslatorPB.submitRequestDirectlyToOM(OzoneManagerProtocolServerSideTranslatorPB.java:276) ~[ozone-manager-1.3.0-SNAPSHOT.jar:?]
	at org.apache.hadoop.ozone.protocolPB.OzoneManagerProtocolServerSideTranslatorPB.processRequest(OzoneManagerProtocolServerSideTranslatorPB.java:205) ~[ozone-manager-1.3.0-SNAPSHOT.jar:?]
	at org.apache.hadoop.hdds.server.OzoneProtocolMessageDispatcher.processRequest(OzoneProtocolMessageDispatcher.java:87) [hdds-server-framework-1.3.0-SNAPSHOT.jar:?]
	at org.apache.hadoop.ozone.protocolPB.OzoneManagerProtocolServerSideTranslatorPB.submitRequest(OzoneManagerProtocolServerSideTranslatorPB.java:147) [ozone-manager-1.3.0-SNAPSHOT.jar:?]
	at org.apache.hadoop.ozone.protocol.proto.OzoneManagerProtocolProtos$OzoneManagerService$2.callBlockingMethod(OzoneManagerProtocolProtos.java) [ozone-interface-client-1.3.0-SNAPSHOT.jar:?]
	at org.apache.hadoop.ipc.ProtobufRpcEngine$Server.processCall(ProtobufRpcEngine.java:466) [hadoop-common-3.3.1.jar:?]
	at org.apache.hadoop.ipc.ProtobufRpcEngine2$Server$ProtoBufRpcInvoker.call(ProtobufRpcEngine2.java:574) [hadoop-common-3.3.1.jar:?]
	at org.apache.hadoop.ipc.ProtobufRpcEngine2$Server$ProtoBufRpcInvoker.call(ProtobufRpcEngine2.java:552) [hadoop-common-3.3.1.jar:?]
	at org.apache.hadoop.ipc.RPC$Server.call(RPC.java:1093) [hadoop-common-3.3.1.jar:?]
	at org.apache.hadoop.ipc.Server$RpcCall.run(Server.java:1035) [hadoop-common-3.3.1.jar:?]
	at org.apache.hadoop.ipc.Server$RpcCall.run(Server.java:963) [hadoop-common-3.3.1.jar:?]
	at java.security.AccessController.doPrivileged(Native Method) ~[?:1.8.0_332]
	at javax.security.auth.Subject.doAs(Subject.java:422) [?:1.8.0_332]
	at org.apache.hadoop.security.UserGroupInformation.doAs(UserGroupInformation.java:1878) [hadoop-common-3.3.1.jar:?]
	at org.apache.hadoop.ipc.Server$Handler.run(Server.java:2966) [hadoop-common-3.3.1.jar:?]
2022-06-27 16:56:44,196 [Time-limited test] WARN  ozone.BasicRootedOzoneFileSystem (BasicRootedOzoneFileSystem.java:delete(572)) - delete: Path does not exist: /volume88738/bucket18767/root_dir/dir1/file2
16:56:44.198 [IPC Server handler 0 on default port 40407] ERROR OMAudit - user=runner | ip=127.0.0.1 | op=GET_FILE_STATUS {volume=volume88738, bucket=bucket18767, key=root_dir/dir1/dir2, dataSize=0, replicationConfig=null} | ret=FAILURE
org.apache.hadoop.ozone.om.exceptions.OMException: Unable to get file status: volume: volume88738 bucket: bucket18767 key: root_dir/dir1/dir2
	at org.apache.hadoop.ozone.om.KeyManagerImpl.getOzoneFileStatus(KeyManagerImpl.java:1311) ~[ozone-manager-1.3.0-SNAPSHOT.jar:?]
	at org.apache.hadoop.ozone.om.KeyManagerImpl.getFileStatus(KeyManagerImpl.java:1241) ~[ozone-manager-1.3.0-SNAPSHOT.jar:?]
	at org.apache.hadoop.ozone.om.OzoneManager.getFileStatus(OzoneManager.java:3419) ~[ozone-manager-1.3.0-SNAPSHOT.jar:?]
	at org.apache.hadoop.ozone.protocolPB.OzoneManagerRequestHandler.getOzoneFileStatus(OzoneManagerRequestHandler.java:871) ~[ozone-manager-1.3.0-SNAPSHOT.jar:?]
	at org.apache.hadoop.ozone.protocolPB.OzoneManagerRequestHandler.handleReadRequest(OzoneManagerRequestHandler.java:217) ~[ozone-manager-1.3.0-SNAPSHOT.jar:?]
	at org.apache.hadoop.ozone.protocolPB.OzoneManagerProtocolServerSideTranslatorPB.submitRequestDirectlyToOM(OzoneManagerProtocolServerSideTranslatorPB.java:276) ~[ozone-manager-1.3.0-SNAPSHOT.jar:?]
	at org.apache.hadoop.ozone.protocolPB.OzoneManagerProtocolServerSideTranslatorPB.processRequest(OzoneManagerProtocolServerSideTranslatorPB.java:205) ~[ozone-manager-1.3.0-SNAPSHOT.jar:?]
	at org.apache.hadoop.hdds.server.OzoneProtocolMessageDispatcher.processRequest(OzoneProtocolMessageDispatcher.java:87) [hdds-server-framework-1.3.0-SNAPSHOT.jar:?]
	at org.apache.hadoop.ozone.protocolPB.OzoneManagerProtocolServerSideTranslatorPB.submitRequest(OzoneManagerProtocolServerSideTranslatorPB.java:147) [ozone-manager-1.3.0-SNAPSHOT.jar:?]
	at org.apache.hadoop.ozone.protocol.proto.OzoneManagerProtocolProtos$OzoneManagerService$2.callBlockingMethod(OzoneManagerProtocolProtos.java) [ozone-interface-client-1.3.0-SNAPSHOT.jar:?]
	at org.apache.hadoop.ipc.ProtobufRpcEngine$Server.processCall(ProtobufRpcEngine.java:466) [hadoop-common-3.3.1.jar:?]
	at org.apache.hadoop.ipc.ProtobufRpcEngine2$Server$ProtoBufRpcInvoker.call(ProtobufRpcEngine2.java:574) [hadoop-common-3.3.1.jar:?]
	at org.apache.hadoop.ipc.ProtobufRpcEngine2$Server$ProtoBufRpcInvoker.call(ProtobufRpcEngine2.java:552) [hadoop-common-3.3.1.jar:?]
	at org.apache.hadoop.ipc.RPC$Server.call(RPC.java:1093) [hadoop-common-3.3.1.jar:?]
	at org.apache.hadoop.ipc.Server$RpcCall.run(Server.java:1035) [hadoop-common-3.3.1.jar:?]
	at org.apache.hadoop.ipc.Server$RpcCall.run(Server.java:963) [hadoop-common-3.3.1.jar:?]
	at java.security.AccessController.doPrivileged(Native Method) ~[?:1.8.0_332]
	at javax.security.auth.Subject.doAs(Subject.java:422) [?:1.8.0_332]
	at org.apache.hadoop.security.UserGroupInformation.doAs(UserGroupInformation.java:1878) [hadoop-common-3.3.1.jar:?]
	at org.apache.hadoop.ipc.Server$Handler.run(Server.java:2966) [hadoop-common-3.3.1.jar:?]
2022-06-27 16:56:44,198 [Time-limited test] WARN  ozone.BasicRootedOzoneFileSystem (BasicRootedOzoneFileSystem.java:delete(572)) - delete: Path does not exist: /volume88738/bucket18767/root_dir/dir1/dir2
]]></system-out>
  </testcase>
  <testcase name="testRenameToParentDir" classname="TestRootedOzoneFileSystem" time="0.172">
    <system-out><![CDATA[2022-06-27 16:58:00,993 [Time-limited test] INFO  rpc.RpcClient (RpcClient.java:createVolume(466)) - Creating Volume: volume50866, with user74058 as owner and space quota set to -1 bytes, counts quota set to -1
2022-06-27 16:58:00,995 [OM StateMachine ApplyTransaction Thread - 0] INFO  volume.OMVolumeCreateRequest (OMVolumeCreateRequest.java:validateAndUpdateCache(195)) - created volume:volume50866 for user:user74058
2022-06-27 16:58:00,997 [Time-limited test] INFO  rpc.RpcClient (RpcClient.java:createBucket(666)) - Creating Bucket: volume50866/bucket32890, with the Bucket Layout LEGACY, runner as owner, Versioning false, Storage Type set to DISK and Encryption set to false 
2022-06-27 16:58:00,998 [OM StateMachine ApplyTransaction Thread - 0] INFO  bucket.OMBucketCreateRequest (OMBucketCreateRequest.java:validateAndUpdateCache(260)) - created bucket: bucket32890 of layout LEGACY in volume: volume50866
16:58:01.022 [IPC Server handler 19 on default port 40965] ERROR OMAudit - user=runner | ip=127.0.0.1 | op=LIST_STATUS {volume=volume50866, bucket=bucket32890, key=root_dir/dir2, dataSize=0, replicationConfig=null} | ret=FAILURE
org.apache.hadoop.ozone.om.exceptions.OMException: Unable to get file status: volume: volume50866 bucket: bucket32890 key: root_dir/dir2
	at org.apache.hadoop.ozone.om.KeyManagerImpl.getOzoneFileStatus(KeyManagerImpl.java:1311) ~[ozone-manager-1.3.0-SNAPSHOT.jar:?]
	at org.apache.hadoop.ozone.om.KeyManagerImpl.getFileStatus(KeyManagerImpl.java:1241) ~[ozone-manager-1.3.0-SNAPSHOT.jar:?]
	at org.apache.hadoop.ozone.om.KeyManagerImpl.listStatus(KeyManagerImpl.java:1565) ~[ozone-manager-1.3.0-SNAPSHOT.jar:?]
	at org.apache.hadoop.ozone.om.OzoneManager.listStatus(OzoneManager.java:3497) ~[ozone-manager-1.3.0-SNAPSHOT.jar:?]
	at org.apache.hadoop.ozone.protocolPB.OzoneManagerRequestHandler.listStatus(OzoneManagerRequestHandler.java:1028) ~[ozone-manager-1.3.0-SNAPSHOT.jar:?]
	at org.apache.hadoop.ozone.protocolPB.OzoneManagerRequestHandler.handleReadRequest(OzoneManagerRequestHandler.java:228) ~[ozone-manager-1.3.0-SNAPSHOT.jar:?]
	at org.apache.hadoop.ozone.protocolPB.OzoneManagerProtocolServerSideTranslatorPB.submitReadRequestToOM(OzoneManagerProtocolServerSideTranslatorPB.java:226) ~[ozone-manager-1.3.0-SNAPSHOT.jar:?]
	at org.apache.hadoop.ozone.protocolPB.OzoneManagerProtocolServerSideTranslatorPB.processRequest(OzoneManagerProtocolServerSideTranslatorPB.java:175) ~[ozone-manager-1.3.0-SNAPSHOT.jar:?]
	at org.apache.hadoop.hdds.server.OzoneProtocolMessageDispatcher.processRequest(OzoneProtocolMessageDispatcher.java:87) [hdds-server-framework-1.3.0-SNAPSHOT.jar:?]
	at org.apache.hadoop.ozone.protocolPB.OzoneManagerProtocolServerSideTranslatorPB.submitRequest(OzoneManagerProtocolServerSideTranslatorPB.java:147) [ozone-manager-1.3.0-SNAPSHOT.jar:?]
	at org.apache.hadoop.ozone.protocol.proto.OzoneManagerProtocolProtos$OzoneManagerService$2.callBlockingMethod(OzoneManagerProtocolProtos.java) [ozone-interface-client-1.3.0-SNAPSHOT.jar:?]
	at org.apache.hadoop.ipc.ProtobufRpcEngine$Server.processCall(ProtobufRpcEngine.java:466) [hadoop-common-3.3.1.jar:?]
	at org.apache.hadoop.ipc.ProtobufRpcEngine2$Server$ProtoBufRpcInvoker.call(ProtobufRpcEngine2.java:574) [hadoop-common-3.3.1.jar:?]
	at org.apache.hadoop.ipc.ProtobufRpcEngine2$Server$ProtoBufRpcInvoker.call(ProtobufRpcEngine2.java:552) [hadoop-common-3.3.1.jar:?]
	at org.apache.hadoop.ipc.RPC$Server.call(RPC.java:1093) [hadoop-common-3.3.1.jar:?]
	at org.apache.hadoop.ipc.Server$RpcCall.run(Server.java:1035) [hadoop-common-3.3.1.jar:?]
	at org.apache.hadoop.ipc.Server$RpcCall.run(Server.java:963) [hadoop-common-3.3.1.jar:?]
	at java.security.AccessController.doPrivileged(Native Method) ~[?:1.8.0_332]
	at javax.security.auth.Subject.doAs(Subject.java:422) [?:1.8.0_332]
	at org.apache.hadoop.security.UserGroupInformation.doAs(UserGroupInformation.java:1878) [hadoop-common-3.3.1.jar:?]
	at org.apache.hadoop.ipc.Server$Handler.run(Server.java:2966) [hadoop-common-3.3.1.jar:?]
16:58:01.035 [IPC Server handler 3 on default port 40965] ERROR OMAudit - user=runner | ip=127.0.0.1 | op=LIST_STATUS {volume=volume50866, bucket=bucket32890, key=root_dir/file2, dataSize=0, replicationConfig=null} | ret=FAILURE
org.apache.hadoop.ozone.om.exceptions.OMException: Unable to get file status: volume: volume50866 bucket: bucket32890 key: root_dir/file2
	at org.apache.hadoop.ozone.om.KeyManagerImpl.getOzoneFileStatus(KeyManagerImpl.java:1311) ~[ozone-manager-1.3.0-SNAPSHOT.jar:?]
	at org.apache.hadoop.ozone.om.KeyManagerImpl.getFileStatus(KeyManagerImpl.java:1241) ~[ozone-manager-1.3.0-SNAPSHOT.jar:?]
	at org.apache.hadoop.ozone.om.KeyManagerImpl.listStatus(KeyManagerImpl.java:1565) ~[ozone-manager-1.3.0-SNAPSHOT.jar:?]
	at org.apache.hadoop.ozone.om.OzoneManager.listStatus(OzoneManager.java:3497) ~[ozone-manager-1.3.0-SNAPSHOT.jar:?]
	at org.apache.hadoop.ozone.protocolPB.OzoneManagerRequestHandler.listStatus(OzoneManagerRequestHandler.java:1028) ~[ozone-manager-1.3.0-SNAPSHOT.jar:?]
	at org.apache.hadoop.ozone.protocolPB.OzoneManagerRequestHandler.handleReadRequest(OzoneManagerRequestHandler.java:228) ~[ozone-manager-1.3.0-SNAPSHOT.jar:?]
	at org.apache.hadoop.ozone.protocolPB.OzoneManagerProtocolServerSideTranslatorPB.submitReadRequestToOM(OzoneManagerProtocolServerSideTranslatorPB.java:226) ~[ozone-manager-1.3.0-SNAPSHOT.jar:?]
	at org.apache.hadoop.ozone.protocolPB.OzoneManagerProtocolServerSideTranslatorPB.processRequest(OzoneManagerProtocolServerSideTranslatorPB.java:175) ~[ozone-manager-1.3.0-SNAPSHOT.jar:?]
	at org.apache.hadoop.hdds.server.OzoneProtocolMessageDispatcher.processRequest(OzoneProtocolMessageDispatcher.java:87) [hdds-server-framework-1.3.0-SNAPSHOT.jar:?]
	at org.apache.hadoop.ozone.protocolPB.OzoneManagerProtocolServerSideTranslatorPB.submitRequest(OzoneManagerProtocolServerSideTranslatorPB.java:147) [ozone-manager-1.3.0-SNAPSHOT.jar:?]
	at org.apache.hadoop.ozone.protocol.proto.OzoneManagerProtocolProtos$OzoneManagerService$2.callBlockingMethod(OzoneManagerProtocolProtos.java) [ozone-interface-client-1.3.0-SNAPSHOT.jar:?]
	at org.apache.hadoop.ipc.ProtobufRpcEngine$Server.processCall(ProtobufRpcEngine.java:466) [hadoop-common-3.3.1.jar:?]
	at org.apache.hadoop.ipc.ProtobufRpcEngine2$Server$ProtoBufRpcInvoker.call(ProtobufRpcEngine2.java:574) [hadoop-common-3.3.1.jar:?]
	at org.apache.hadoop.ipc.ProtobufRpcEngine2$Server$ProtoBufRpcInvoker.call(ProtobufRpcEngine2.java:552) [hadoop-common-3.3.1.jar:?]
	at org.apache.hadoop.ipc.RPC$Server.call(RPC.java:1093) [hadoop-common-3.3.1.jar:?]
	at org.apache.hadoop.ipc.Server$RpcCall.run(Server.java:1035) [hadoop-common-3.3.1.jar:?]
	at org.apache.hadoop.ipc.Server$RpcCall.run(Server.java:963) [hadoop-common-3.3.1.jar:?]
	at java.security.AccessController.doPrivileged(Native Method) ~[?:1.8.0_332]
	at javax.security.auth.Subject.doAs(Subject.java:422) [?:1.8.0_332]
	at org.apache.hadoop.security.UserGroupInformation.doAs(UserGroupInformation.java:1878) [hadoop-common-3.3.1.jar:?]
	at org.apache.hadoop.ipc.Server$Handler.run(Server.java:2966) [hadoop-common-3.3.1.jar:?]
16:58:01.039 [IPC Server handler 9 on default port 40965] ERROR OMAudit - user=runner | ip=127.0.0.1 | op=GET_FILE_STATUS {volume=volume50866, bucket=bucket32890, key=root_dir/dir1/file2, dataSize=0, replicationConfig=null} | ret=FAILURE
org.apache.hadoop.ozone.om.exceptions.OMException: Unable to get file status: volume: volume50866 bucket: bucket32890 key: root_dir/dir1/file2
	at org.apache.hadoop.ozone.om.KeyManagerImpl.getOzoneFileStatus(KeyManagerImpl.java:1311) ~[ozone-manager-1.3.0-SNAPSHOT.jar:?]
	at org.apache.hadoop.ozone.om.KeyManagerImpl.getFileStatus(KeyManagerImpl.java:1241) ~[ozone-manager-1.3.0-SNAPSHOT.jar:?]
	at org.apache.hadoop.ozone.om.OzoneManager.getFileStatus(OzoneManager.java:3419) ~[ozone-manager-1.3.0-SNAPSHOT.jar:?]
	at org.apache.hadoop.ozone.protocolPB.OzoneManagerRequestHandler.getOzoneFileStatus(OzoneManagerRequestHandler.java:871) ~[ozone-manager-1.3.0-SNAPSHOT.jar:?]
	at org.apache.hadoop.ozone.protocolPB.OzoneManagerRequestHandler.handleReadRequest(OzoneManagerRequestHandler.java:217) ~[ozone-manager-1.3.0-SNAPSHOT.jar:?]
	at org.apache.hadoop.ozone.protocolPB.OzoneManagerProtocolServerSideTranslatorPB.submitReadRequestToOM(OzoneManagerProtocolServerSideTranslatorPB.java:226) ~[ozone-manager-1.3.0-SNAPSHOT.jar:?]
	at org.apache.hadoop.ozone.protocolPB.OzoneManagerProtocolServerSideTranslatorPB.processRequest(OzoneManagerProtocolServerSideTranslatorPB.java:175) ~[ozone-manager-1.3.0-SNAPSHOT.jar:?]
	at org.apache.hadoop.hdds.server.OzoneProtocolMessageDispatcher.processRequest(OzoneProtocolMessageDispatcher.java:87) [hdds-server-framework-1.3.0-SNAPSHOT.jar:?]
	at org.apache.hadoop.ozone.protocolPB.OzoneManagerProtocolServerSideTranslatorPB.submitRequest(OzoneManagerProtocolServerSideTranslatorPB.java:147) [ozone-manager-1.3.0-SNAPSHOT.jar:?]
	at org.apache.hadoop.ozone.protocol.proto.OzoneManagerProtocolProtos$OzoneManagerService$2.callBlockingMethod(OzoneManagerProtocolProtos.java) [ozone-interface-client-1.3.0-SNAPSHOT.jar:?]
	at org.apache.hadoop.ipc.ProtobufRpcEngine$Server.processCall(ProtobufRpcEngine.java:466) [hadoop-common-3.3.1.jar:?]
	at org.apache.hadoop.ipc.ProtobufRpcEngine2$Server$ProtoBufRpcInvoker.call(ProtobufRpcEngine2.java:574) [hadoop-common-3.3.1.jar:?]
	at org.apache.hadoop.ipc.ProtobufRpcEngine2$Server$ProtoBufRpcInvoker.call(ProtobufRpcEngine2.java:552) [hadoop-common-3.3.1.jar:?]
	at org.apache.hadoop.ipc.RPC$Server.call(RPC.java:1093) [hadoop-common-3.3.1.jar:?]
	at org.apache.hadoop.ipc.Server$RpcCall.run(Server.java:1035) [hadoop-common-3.3.1.jar:?]
	at org.apache.hadoop.ipc.Server$RpcCall.run(Server.java:963) [hadoop-common-3.3.1.jar:?]
	at java.security.AccessController.doPrivileged(Native Method) ~[?:1.8.0_332]
	at javax.security.auth.Subject.doAs(Subject.java:422) [?:1.8.0_332]
	at org.apache.hadoop.security.UserGroupInformation.doAs(UserGroupInformation.java:1878) [hadoop-common-3.3.1.jar:?]
	at org.apache.hadoop.ipc.Server$Handler.run(Server.java:2966) [hadoop-common-3.3.1.jar:?]
2022-06-27 16:58:01,040 [Time-limited test] WARN  ozone.BasicRootedOzoneFileSystem (BasicRootedOzoneFileSystem.java:delete(572)) - delete: Path does not exist: /volume50866/bucket32890/root_dir/dir1/file2
16:58:01.041 [IPC Server handler 12 on default port 40965] ERROR OMAudit - user=runner | ip=127.0.0.1 | op=GET_FILE_STATUS {volume=volume50866, bucket=bucket32890, key=root_dir/dir1/dir2, dataSize=0, replicationConfig=null} | ret=FAILURE
org.apache.hadoop.ozone.om.exceptions.OMException: Unable to get file status: volume: volume50866 bucket: bucket32890 key: root_dir/dir1/dir2
	at org.apache.hadoop.ozone.om.KeyManagerImpl.getOzoneFileStatus(KeyManagerImpl.java:1311) ~[ozone-manager-1.3.0-SNAPSHOT.jar:?]
	at org.apache.hadoop.ozone.om.KeyManagerImpl.getFileStatus(KeyManagerImpl.java:1241) ~[ozone-manager-1.3.0-SNAPSHOT.jar:?]
	at org.apache.hadoop.ozone.om.OzoneManager.getFileStatus(OzoneManager.java:3419) ~[ozone-manager-1.3.0-SNAPSHOT.jar:?]
	at org.apache.hadoop.ozone.protocolPB.OzoneManagerRequestHandler.getOzoneFileStatus(OzoneManagerRequestHandler.java:871) ~[ozone-manager-1.3.0-SNAPSHOT.jar:?]
	at org.apache.hadoop.ozone.protocolPB.OzoneManagerRequestHandler.handleReadRequest(OzoneManagerRequestHandler.java:217) ~[ozone-manager-1.3.0-SNAPSHOT.jar:?]
	at org.apache.hadoop.ozone.protocolPB.OzoneManagerProtocolServerSideTranslatorPB.submitReadRequestToOM(OzoneManagerProtocolServerSideTranslatorPB.java:226) ~[ozone-manager-1.3.0-SNAPSHOT.jar:?]
	at org.apache.hadoop.ozone.protocolPB.OzoneManagerProtocolServerSideTranslatorPB.processRequest(OzoneManagerProtocolServerSideTranslatorPB.java:175) ~[ozone-manager-1.3.0-SNAPSHOT.jar:?]
	at org.apache.hadoop.hdds.server.OzoneProtocolMessageDispatcher.processRequest(OzoneProtocolMessageDispatcher.java:87) [hdds-server-framework-1.3.0-SNAPSHOT.jar:?]
	at org.apache.hadoop.ozone.protocolPB.OzoneManagerProtocolServerSideTranslatorPB.submitRequest(OzoneManagerProtocolServerSideTranslatorPB.java:147) [ozone-manager-1.3.0-SNAPSHOT.jar:?]
	at org.apache.hadoop.ozone.protocol.proto.OzoneManagerProtocolProtos$OzoneManagerService$2.callBlockingMethod(OzoneManagerProtocolProtos.java) [ozone-interface-client-1.3.0-SNAPSHOT.jar:?]
	at org.apache.hadoop.ipc.ProtobufRpcEngine$Server.processCall(ProtobufRpcEngine.java:466) [hadoop-common-3.3.1.jar:?]
	at org.apache.hadoop.ipc.ProtobufRpcEngine2$Server$ProtoBufRpcInvoker.call(ProtobufRpcEngine2.java:574) [hadoop-common-3.3.1.jar:?]
	at org.apache.hadoop.ipc.ProtobufRpcEngine2$Server$ProtoBufRpcInvoker.call(ProtobufRpcEngine2.java:552) [hadoop-common-3.3.1.jar:?]
	at org.apache.hadoop.ipc.RPC$Server.call(RPC.java:1093) [hadoop-common-3.3.1.jar:?]
	at org.apache.hadoop.ipc.Server$RpcCall.run(Server.java:1035) [hadoop-common-3.3.1.jar:?]
	at org.apache.hadoop.ipc.Server$RpcCall.run(Server.java:963) [hadoop-common-3.3.1.jar:?]
	at java.security.AccessController.doPrivileged(Native Method) ~[?:1.8.0_332]
	at javax.security.auth.Subject.doAs(Subject.java:422) [?:1.8.0_332]
	at org.apache.hadoop.security.UserGroupInformation.doAs(UserGroupInformation.java:1878) [hadoop-common-3.3.1.jar:?]
	at org.apache.hadoop.ipc.Server$Handler.run(Server.java:2966) [hadoop-common-3.3.1.jar:?]
2022-06-27 16:58:01,041 [Time-limited test] WARN  ozone.BasicRootedOzoneFileSystem (BasicRootedOzoneFileSystem.java:delete(572)) - delete: Path does not exist: /volume50866/bucket32890/root_dir/dir1/dir2
]]></system-out>
  </testcase>
  <testcase name="testRenameToParentDir" classname="TestRootedOzoneFileSystem" time="0.217">
    <system-out><![CDATA[2022-06-27 16:59:20,534 [Time-limited test] INFO  rpc.RpcClient (RpcClient.java:createVolume(466)) - Creating Volume: volume70515, with user16322 as owner and space quota set to -1 bytes, counts quota set to -1
2022-06-27 16:59:20,535 [IPC Server handler 6 on default port 35065] INFO  volume.OMVolumeCreateRequest (OMVolumeCreateRequest.java:validateAndUpdateCache(195)) - created volume:volume70515 for user:user16322
2022-06-27 16:59:20,542 [Time-limited test] INFO  rpc.RpcClient (RpcClient.java:createBucket(666)) - Creating Bucket: volume70515/bucket14903, with the Bucket Layout LEGACY, runner as owner, Versioning false, Storage Type set to DISK and Encryption set to false 
2022-06-27 16:59:20,543 [IPC Server handler 0 on default port 35065] INFO  bucket.OMBucketCreateRequest (OMBucketCreateRequest.java:validateAndUpdateCache(260)) - created bucket: bucket14903 of layout LEGACY in volume: volume70515
16:59:20.555 [IPC Server handler 15 on default port 35065] ERROR OMAudit - user=runner | ip=127.0.0.1 | op=LIST_STATUS {volume=volume70515, bucket=bucket14903, key=root_dir/dir2, dataSize=0, replicationConfig=null} | ret=FAILURE
org.apache.hadoop.ozone.om.exceptions.OMException: Unable to get file status: volume: volume70515 bucket: bucket14903 key: root_dir/dir2
	at org.apache.hadoop.ozone.om.KeyManagerImpl.getOzoneFileStatus(KeyManagerImpl.java:1311) ~[ozone-manager-1.3.0-SNAPSHOT.jar:?]
	at org.apache.hadoop.ozone.om.KeyManagerImpl.getFileStatus(KeyManagerImpl.java:1241) ~[ozone-manager-1.3.0-SNAPSHOT.jar:?]
	at org.apache.hadoop.ozone.om.KeyManagerImpl.listStatus(KeyManagerImpl.java:1565) ~[ozone-manager-1.3.0-SNAPSHOT.jar:?]
	at org.apache.hadoop.ozone.om.OzoneManager.listStatus(OzoneManager.java:3497) ~[ozone-manager-1.3.0-SNAPSHOT.jar:?]
	at org.apache.hadoop.ozone.protocolPB.OzoneManagerRequestHandler.listStatus(OzoneManagerRequestHandler.java:1028) ~[ozone-manager-1.3.0-SNAPSHOT.jar:?]
	at org.apache.hadoop.ozone.protocolPB.OzoneManagerRequestHandler.handleReadRequest(OzoneManagerRequestHandler.java:228) ~[ozone-manager-1.3.0-SNAPSHOT.jar:?]
	at org.apache.hadoop.ozone.protocolPB.OzoneManagerProtocolServerSideTranslatorPB.submitRequestDirectlyToOM(OzoneManagerProtocolServerSideTranslatorPB.java:276) ~[ozone-manager-1.3.0-SNAPSHOT.jar:?]
	at org.apache.hadoop.ozone.protocolPB.OzoneManagerProtocolServerSideTranslatorPB.processRequest(OzoneManagerProtocolServerSideTranslatorPB.java:205) ~[ozone-manager-1.3.0-SNAPSHOT.jar:?]
	at org.apache.hadoop.hdds.server.OzoneProtocolMessageDispatcher.processRequest(OzoneProtocolMessageDispatcher.java:87) [hdds-server-framework-1.3.0-SNAPSHOT.jar:?]
	at org.apache.hadoop.ozone.protocolPB.OzoneManagerProtocolServerSideTranslatorPB.submitRequest(OzoneManagerProtocolServerSideTranslatorPB.java:147) [ozone-manager-1.3.0-SNAPSHOT.jar:?]
	at org.apache.hadoop.ozone.protocol.proto.OzoneManagerProtocolProtos$OzoneManagerService$2.callBlockingMethod(OzoneManagerProtocolProtos.java) [ozone-interface-client-1.3.0-SNAPSHOT.jar:?]
	at org.apache.hadoop.ipc.ProtobufRpcEngine$Server.processCall(ProtobufRpcEngine.java:466) [hadoop-common-3.3.1.jar:?]
	at org.apache.hadoop.ipc.ProtobufRpcEngine2$Server$ProtoBufRpcInvoker.call(ProtobufRpcEngine2.java:574) [hadoop-common-3.3.1.jar:?]
	at org.apache.hadoop.ipc.ProtobufRpcEngine2$Server$ProtoBufRpcInvoker.call(ProtobufRpcEngine2.java:552) [hadoop-common-3.3.1.jar:?]
	at org.apache.hadoop.ipc.RPC$Server.call(RPC.java:1093) [hadoop-common-3.3.1.jar:?]
	at org.apache.hadoop.ipc.Server$RpcCall.run(Server.java:1035) [hadoop-common-3.3.1.jar:?]
	at org.apache.hadoop.ipc.Server$RpcCall.run(Server.java:963) [hadoop-common-3.3.1.jar:?]
	at java.security.AccessController.doPrivileged(Native Method) ~[?:1.8.0_332]
	at javax.security.auth.Subject.doAs(Subject.java:422) [?:1.8.0_332]
	at org.apache.hadoop.security.UserGroupInformation.doAs(UserGroupInformation.java:1878) [hadoop-common-3.3.1.jar:?]
	at org.apache.hadoop.ipc.Server$Handler.run(Server.java:2966) [hadoop-common-3.3.1.jar:?]
16:59:20.568 [IPC Server handler 18 on default port 35065] ERROR OMAudit - user=runner | ip=127.0.0.1 | op=LIST_STATUS {volume=volume70515, bucket=bucket14903, key=root_dir/file2, dataSize=0, replicationConfig=null} | ret=FAILURE
org.apache.hadoop.ozone.om.exceptions.OMException: Unable to get file status: volume: volume70515 bucket: bucket14903 key: root_dir/file2
	at org.apache.hadoop.ozone.om.KeyManagerImpl.getOzoneFileStatus(KeyManagerImpl.java:1311) ~[ozone-manager-1.3.0-SNAPSHOT.jar:?]
	at org.apache.hadoop.ozone.om.KeyManagerImpl.getFileStatus(KeyManagerImpl.java:1241) ~[ozone-manager-1.3.0-SNAPSHOT.jar:?]
	at org.apache.hadoop.ozone.om.KeyManagerImpl.listStatus(KeyManagerImpl.java:1565) ~[ozone-manager-1.3.0-SNAPSHOT.jar:?]
	at org.apache.hadoop.ozone.om.OzoneManager.listStatus(OzoneManager.java:3497) ~[ozone-manager-1.3.0-SNAPSHOT.jar:?]
	at org.apache.hadoop.ozone.protocolPB.OzoneManagerRequestHandler.listStatus(OzoneManagerRequestHandler.java:1028) ~[ozone-manager-1.3.0-SNAPSHOT.jar:?]
	at org.apache.hadoop.ozone.protocolPB.OzoneManagerRequestHandler.handleReadRequest(OzoneManagerRequestHandler.java:228) ~[ozone-manager-1.3.0-SNAPSHOT.jar:?]
	at org.apache.hadoop.ozone.protocolPB.OzoneManagerProtocolServerSideTranslatorPB.submitRequestDirectlyToOM(OzoneManagerProtocolServerSideTranslatorPB.java:276) ~[ozone-manager-1.3.0-SNAPSHOT.jar:?]
	at org.apache.hadoop.ozone.protocolPB.OzoneManagerProtocolServerSideTranslatorPB.processRequest(OzoneManagerProtocolServerSideTranslatorPB.java:205) ~[ozone-manager-1.3.0-SNAPSHOT.jar:?]
	at org.apache.hadoop.hdds.server.OzoneProtocolMessageDispatcher.processRequest(OzoneProtocolMessageDispatcher.java:87) [hdds-server-framework-1.3.0-SNAPSHOT.jar:?]
	at org.apache.hadoop.ozone.protocolPB.OzoneManagerProtocolServerSideTranslatorPB.submitRequest(OzoneManagerProtocolServerSideTranslatorPB.java:147) [ozone-manager-1.3.0-SNAPSHOT.jar:?]
	at org.apache.hadoop.ozone.protocol.proto.OzoneManagerProtocolProtos$OzoneManagerService$2.callBlockingMethod(OzoneManagerProtocolProtos.java) [ozone-interface-client-1.3.0-SNAPSHOT.jar:?]
	at org.apache.hadoop.ipc.ProtobufRpcEngine$Server.processCall(ProtobufRpcEngine.java:466) [hadoop-common-3.3.1.jar:?]
	at org.apache.hadoop.ipc.ProtobufRpcEngine2$Server$ProtoBufRpcInvoker.call(ProtobufRpcEngine2.java:574) [hadoop-common-3.3.1.jar:?]
	at org.apache.hadoop.ipc.ProtobufRpcEngine2$Server$ProtoBufRpcInvoker.call(ProtobufRpcEngine2.java:552) [hadoop-common-3.3.1.jar:?]
	at org.apache.hadoop.ipc.RPC$Server.call(RPC.java:1093) [hadoop-common-3.3.1.jar:?]
	at org.apache.hadoop.ipc.Server$RpcCall.run(Server.java:1035) [hadoop-common-3.3.1.jar:?]
	at org.apache.hadoop.ipc.Server$RpcCall.run(Server.java:963) [hadoop-common-3.3.1.jar:?]
	at java.security.AccessController.doPrivileged(Native Method) ~[?:1.8.0_332]
	at javax.security.auth.Subject.doAs(Subject.java:422) [?:1.8.0_332]
	at org.apache.hadoop.security.UserGroupInformation.doAs(UserGroupInformation.java:1878) [hadoop-common-3.3.1.jar:?]
	at org.apache.hadoop.ipc.Server$Handler.run(Server.java:2966) [hadoop-common-3.3.1.jar:?]
16:59:20.580 [IPC Server handler 4 on default port 35065] ERROR OMAudit - user=runner | ip=127.0.0.1 | op=GET_FILE_STATUS {volume=volume70515, bucket=bucket14903, key=root_dir/dir1/file2, dataSize=0, replicationConfig=null} | ret=FAILURE
org.apache.hadoop.ozone.om.exceptions.OMException: Unable to get file status: volume: volume70515 bucket: bucket14903 key: root_dir/dir1/file2
	at org.apache.hadoop.ozone.om.KeyManagerImpl.getOzoneFileStatus(KeyManagerImpl.java:1311) ~[ozone-manager-1.3.0-SNAPSHOT.jar:?]
	at org.apache.hadoop.ozone.om.KeyManagerImpl.getFileStatus(KeyManagerImpl.java:1241) ~[ozone-manager-1.3.0-SNAPSHOT.jar:?]
	at org.apache.hadoop.ozone.om.OzoneManager.getFileStatus(OzoneManager.java:3419) ~[ozone-manager-1.3.0-SNAPSHOT.jar:?]
	at org.apache.hadoop.ozone.protocolPB.OzoneManagerRequestHandler.getOzoneFileStatus(OzoneManagerRequestHandler.java:871) ~[ozone-manager-1.3.0-SNAPSHOT.jar:?]
	at org.apache.hadoop.ozone.protocolPB.OzoneManagerRequestHandler.handleReadRequest(OzoneManagerRequestHandler.java:217) ~[ozone-manager-1.3.0-SNAPSHOT.jar:?]
	at org.apache.hadoop.ozone.protocolPB.OzoneManagerProtocolServerSideTranslatorPB.submitRequestDirectlyToOM(OzoneManagerProtocolServerSideTranslatorPB.java:276) ~[ozone-manager-1.3.0-SNAPSHOT.jar:?]
	at org.apache.hadoop.ozone.protocolPB.OzoneManagerProtocolServerSideTranslatorPB.processRequest(OzoneManagerProtocolServerSideTranslatorPB.java:205) ~[ozone-manager-1.3.0-SNAPSHOT.jar:?]
	at org.apache.hadoop.hdds.server.OzoneProtocolMessageDispatcher.processRequest(OzoneProtocolMessageDispatcher.java:87) [hdds-server-framework-1.3.0-SNAPSHOT.jar:?]
	at org.apache.hadoop.ozone.protocolPB.OzoneManagerProtocolServerSideTranslatorPB.submitRequest(OzoneManagerProtocolServerSideTranslatorPB.java:147) [ozone-manager-1.3.0-SNAPSHOT.jar:?]
	at org.apache.hadoop.ozone.protocol.proto.OzoneManagerProtocolProtos$OzoneManagerService$2.callBlockingMethod(OzoneManagerProtocolProtos.java) [ozone-interface-client-1.3.0-SNAPSHOT.jar:?]
	at org.apache.hadoop.ipc.ProtobufRpcEngine$Server.processCall(ProtobufRpcEngine.java:466) [hadoop-common-3.3.1.jar:?]
	at org.apache.hadoop.ipc.ProtobufRpcEngine2$Server$ProtoBufRpcInvoker.call(ProtobufRpcEngine2.java:574) [hadoop-common-3.3.1.jar:?]
	at org.apache.hadoop.ipc.ProtobufRpcEngine2$Server$ProtoBufRpcInvoker.call(ProtobufRpcEngine2.java:552) [hadoop-common-3.3.1.jar:?]
	at org.apache.hadoop.ipc.RPC$Server.call(RPC.java:1093) [hadoop-common-3.3.1.jar:?]
	at org.apache.hadoop.ipc.Server$RpcCall.run(Server.java:1035) [hadoop-common-3.3.1.jar:?]
	at org.apache.hadoop.ipc.Server$RpcCall.run(Server.java:963) [hadoop-common-3.3.1.jar:?]
	at java.security.AccessController.doPrivileged(Native Method) ~[?:1.8.0_332]
	at javax.security.auth.Subject.doAs(Subject.java:422) [?:1.8.0_332]
	at org.apache.hadoop.security.UserGroupInformation.doAs(UserGroupInformation.java:1878) [hadoop-common-3.3.1.jar:?]
	at org.apache.hadoop.ipc.Server$Handler.run(Server.java:2966) [hadoop-common-3.3.1.jar:?]
2022-06-27 16:59:20,580 [Time-limited test] WARN  ozone.BasicRootedOzoneFileSystem (BasicRootedOzoneFileSystem.java:delete(572)) - delete: Path does not exist: /volume70515/bucket14903/root_dir/dir1/file2
16:59:20.581 [IPC Server handler 2 on default port 35065] ERROR OMAudit - user=runner | ip=127.0.0.1 | op=GET_FILE_STATUS {volume=volume70515, bucket=bucket14903, key=root_dir/dir1/dir2, dataSize=0, replicationConfig=null} | ret=FAILURE
org.apache.hadoop.ozone.om.exceptions.OMException: Unable to get file status: volume: volume70515 bucket: bucket14903 key: root_dir/dir1/dir2
	at org.apache.hadoop.ozone.om.KeyManagerImpl.getOzoneFileStatus(KeyManagerImpl.java:1311) ~[ozone-manager-1.3.0-SNAPSHOT.jar:?]
	at org.apache.hadoop.ozone.om.KeyManagerImpl.getFileStatus(KeyManagerImpl.java:1241) ~[ozone-manager-1.3.0-SNAPSHOT.jar:?]
	at org.apache.hadoop.ozone.om.OzoneManager.getFileStatus(OzoneManager.java:3419) ~[ozone-manager-1.3.0-SNAPSHOT.jar:?]
	at org.apache.hadoop.ozone.protocolPB.OzoneManagerRequestHandler.getOzoneFileStatus(OzoneManagerRequestHandler.java:871) ~[ozone-manager-1.3.0-SNAPSHOT.jar:?]
	at org.apache.hadoop.ozone.protocolPB.OzoneManagerRequestHandler.handleReadRequest(OzoneManagerRequestHandler.java:217) ~[ozone-manager-1.3.0-SNAPSHOT.jar:?]
	at org.apache.hadoop.ozone.protocolPB.OzoneManagerProtocolServerSideTranslatorPB.submitRequestDirectlyToOM(OzoneManagerProtocolServerSideTranslatorPB.java:276) ~[ozone-manager-1.3.0-SNAPSHOT.jar:?]
	at org.apache.hadoop.ozone.protocolPB.OzoneManagerProtocolServerSideTranslatorPB.processRequest(OzoneManagerProtocolServerSideTranslatorPB.java:205) ~[ozone-manager-1.3.0-SNAPSHOT.jar:?]
	at org.apache.hadoop.hdds.server.OzoneProtocolMessageDispatcher.processRequest(OzoneProtocolMessageDispatcher.java:87) [hdds-server-framework-1.3.0-SNAPSHOT.jar:?]
	at org.apache.hadoop.ozone.protocolPB.OzoneManagerProtocolServerSideTranslatorPB.submitRequest(OzoneManagerProtocolServerSideTranslatorPB.java:147) [ozone-manager-1.3.0-SNAPSHOT.jar:?]
	at org.apache.hadoop.ozone.protocol.proto.OzoneManagerProtocolProtos$OzoneManagerService$2.callBlockingMethod(OzoneManagerProtocolProtos.java) [ozone-interface-client-1.3.0-SNAPSHOT.jar:?]
	at org.apache.hadoop.ipc.ProtobufRpcEngine$Server.processCall(ProtobufRpcEngine.java:466) [hadoop-common-3.3.1.jar:?]
	at org.apache.hadoop.ipc.ProtobufRpcEngine2$Server$ProtoBufRpcInvoker.call(ProtobufRpcEngine2.java:574) [hadoop-common-3.3.1.jar:?]
	at org.apache.hadoop.ipc.ProtobufRpcEngine2$Server$ProtoBufRpcInvoker.call(ProtobufRpcEngine2.java:552) [hadoop-common-3.3.1.jar:?]
	at org.apache.hadoop.ipc.RPC$Server.call(RPC.java:1093) [hadoop-common-3.3.1.jar:?]
	at org.apache.hadoop.ipc.Server$RpcCall.run(Server.java:1035) [hadoop-common-3.3.1.jar:?]
	at org.apache.hadoop.ipc.Server$RpcCall.run(Server.java:963) [hadoop-common-3.3.1.jar:?]
	at java.security.AccessController.doPrivileged(Native Method) ~[?:1.8.0_332]
	at javax.security.auth.Subject.doAs(Subject.java:422) [?:1.8.0_332]
	at org.apache.hadoop.security.UserGroupInformation.doAs(UserGroupInformation.java:1878) [hadoop-common-3.3.1.jar:?]
	at org.apache.hadoop.ipc.Server$Handler.run(Server.java:2966) [hadoop-common-3.3.1.jar:?]
2022-06-27 16:59:20,581 [Time-limited test] WARN  ozone.BasicRootedOzoneFileSystem (BasicRootedOzoneFileSystem.java:delete(572)) - delete: Path does not exist: /volume70515/bucket14903/root_dir/dir1/dir2
]]></system-out>
  </testcase>
  <testcase name="testMkdirNonExistentVolumeBucket" classname="TestRootedOzoneFileSystem" time="0.083">
    <system-out><![CDATA[2022-06-27 16:54:31,629 [Time-limited test] INFO  rpc.RpcClient (RpcClient.java:createVolume(466)) - Creating Volume: volume30768, with user65714 as owner and space quota set to -1 bytes, counts quota set to -1
2022-06-27 16:54:31,633 [OM StateMachine ApplyTransaction Thread - 0] INFO  volume.OMVolumeCreateRequest (OMVolumeCreateRequest.java:validateAndUpdateCache(195)) - created volume:volume30768 for user:user65714
2022-06-27 16:54:31,636 [Time-limited test] INFO  rpc.RpcClient (RpcClient.java:createBucket(666)) - Creating Bucket: volume30768/bucket78524, with the Bucket Layout LEGACY, runner as owner, Versioning false, Storage Type set to DISK and Encryption set to false 
2022-06-27 16:54:31,638 [OM StateMachine ApplyTransaction Thread - 0] INFO  bucket.OMBucketCreateRequest (OMBucketCreateRequest.java:validateAndUpdateCache(260)) - created bucket: bucket78524 of layout LEGACY in volume: volume30768
2022-06-27 16:54:31,641 [Time-limited test] INFO  rpc.RpcClient (RpcClient.java:createVolume(466)) - Creating Volume: volume-28743, with runner as owner and space quota set to -1 bytes, counts quota set to -1
2022-06-27 16:54:31,643 [OM StateMachine ApplyTransaction Thread - 0] INFO  volume.OMVolumeCreateRequest (OMVolumeCreateRequest.java:validateAndUpdateCache(195)) - created volume:volume-28743 for user:runner
2022-06-27 16:54:31,644 [Time-limited test] INFO  rpc.RpcClient (RpcClient.java:createBucket(666)) - Creating Bucket: volume-28743/bucket-94692, with the Bucket Layout LEGACY, runner as owner, Versioning false, Storage Type set to DISK and Encryption set to false 
2022-06-27 16:54:31,646 [OM StateMachine ApplyTransaction Thread - 0] INFO  bucket.OMBucketCreateRequest (OMBucketCreateRequest.java:validateAndUpdateCache(260)) - created bucket: bucket-94692 of layout LEGACY in volume: volume-28743
]]></system-out>
  </testcase>
  <testcase name="testMkdirNonExistentVolumeBucket" classname="TestRootedOzoneFileSystem" time="0.096">
    <system-out><![CDATA[2022-06-27 16:55:35,806 [Time-limited test] INFO  rpc.RpcClient (RpcClient.java:createVolume(466)) - Creating Volume: volume29144, with user01982 as owner and space quota set to -1 bytes, counts quota set to -1
2022-06-27 16:55:35,808 [OM StateMachine ApplyTransaction Thread - 0] INFO  volume.OMVolumeCreateRequest (OMVolumeCreateRequest.java:validateAndUpdateCache(195)) - created volume:volume29144 for user:user01982
2022-06-27 16:55:35,808 [Time-limited test] INFO  rpc.RpcClient (RpcClient.java:createBucket(666)) - Creating Bucket: volume29144/bucket74660, with the Bucket Layout LEGACY, runner as owner, Versioning false, Storage Type set to DISK and Encryption set to false 
2022-06-27 16:55:35,817 [OM StateMachine ApplyTransaction Thread - 0] INFO  bucket.OMBucketCreateRequest (OMBucketCreateRequest.java:validateAndUpdateCache(260)) - created bucket: bucket74660 of layout LEGACY in volume: volume29144
16:55:35.818 [IPC Server handler 17 on default port 39955] ERROR OMAudit - user=runner | ip=127.0.0.1 | op=READ_BUCKET {volume=volume-25955, bucket=bucket-09579} | ret=FAILURE
org.apache.hadoop.ozone.om.exceptions.OMException: Volume not found when getting bucket info
	at org.apache.hadoop.ozone.om.BucketManagerImpl.getBucketInfo(BucketManagerImpl.java:127) ~[ozone-manager-1.3.0-SNAPSHOT.jar:?]
	at org.apache.hadoop.ozone.om.OzoneManager.getBucketInfo(OzoneManager.java:2778) ~[ozone-manager-1.3.0-SNAPSHOT.jar:?]
	at org.apache.hadoop.ozone.protocolPB.OzoneManagerRequestHandler.infoBucket(OzoneManagerRequestHandler.java:464) ~[ozone-manager-1.3.0-SNAPSHOT.jar:?]
	at org.apache.hadoop.ozone.protocolPB.OzoneManagerRequestHandler.handleReadRequest(OzoneManagerRequestHandler.java:172) ~[ozone-manager-1.3.0-SNAPSHOT.jar:?]
	at org.apache.hadoop.ozone.protocolPB.OzoneManagerProtocolServerSideTranslatorPB.submitReadRequestToOM(OzoneManagerProtocolServerSideTranslatorPB.java:226) ~[ozone-manager-1.3.0-SNAPSHOT.jar:?]
	at org.apache.hadoop.ozone.protocolPB.OzoneManagerProtocolServerSideTranslatorPB.processRequest(OzoneManagerProtocolServerSideTranslatorPB.java:175) ~[ozone-manager-1.3.0-SNAPSHOT.jar:?]
	at org.apache.hadoop.hdds.server.OzoneProtocolMessageDispatcher.processRequest(OzoneProtocolMessageDispatcher.java:87) [hdds-server-framework-1.3.0-SNAPSHOT.jar:?]
	at org.apache.hadoop.ozone.protocolPB.OzoneManagerProtocolServerSideTranslatorPB.submitRequest(OzoneManagerProtocolServerSideTranslatorPB.java:147) [ozone-manager-1.3.0-SNAPSHOT.jar:?]
	at org.apache.hadoop.ozone.protocol.proto.OzoneManagerProtocolProtos$OzoneManagerService$2.callBlockingMethod(OzoneManagerProtocolProtos.java) [ozone-interface-client-1.3.0-SNAPSHOT.jar:?]
	at org.apache.hadoop.ipc.ProtobufRpcEngine$Server.processCall(ProtobufRpcEngine.java:466) [hadoop-common-3.3.1.jar:?]
	at org.apache.hadoop.ipc.ProtobufRpcEngine2$Server$ProtoBufRpcInvoker.call(ProtobufRpcEngine2.java:574) [hadoop-common-3.3.1.jar:?]
	at org.apache.hadoop.ipc.ProtobufRpcEngine2$Server$ProtoBufRpcInvoker.call(ProtobufRpcEngine2.java:552) [hadoop-common-3.3.1.jar:?]
	at org.apache.hadoop.ipc.RPC$Server.call(RPC.java:1093) [hadoop-common-3.3.1.jar:?]
	at org.apache.hadoop.ipc.Server$RpcCall.run(Server.java:1035) [hadoop-common-3.3.1.jar:?]
	at org.apache.hadoop.ipc.Server$RpcCall.run(Server.java:963) [hadoop-common-3.3.1.jar:?]
	at java.security.AccessController.doPrivileged(Native Method) ~[?:1.8.0_332]
	at javax.security.auth.Subject.doAs(Subject.java:422) [?:1.8.0_332]
	at org.apache.hadoop.security.UserGroupInformation.doAs(UserGroupInformation.java:1878) [hadoop-common-3.3.1.jar:?]
	at org.apache.hadoop.ipc.Server$Handler.run(Server.java:2966) [hadoop-common-3.3.1.jar:?]
2022-06-27 16:55:35,819 [Time-limited test] INFO  rpc.RpcClient (RpcClient.java:createVolume(466)) - Creating Volume: volume-25955, with runner as owner and space quota set to -1 bytes, counts quota set to -1
2022-06-27 16:55:35,820 [OM StateMachine ApplyTransaction Thread - 0] INFO  volume.OMVolumeCreateRequest (OMVolumeCreateRequest.java:validateAndUpdateCache(195)) - created volume:volume-25955 for user:runner
2022-06-27 16:55:35,821 [Time-limited test] INFO  rpc.RpcClient (RpcClient.java:createBucket(666)) - Creating Bucket: volume-25955/bucket-09579, with the Bucket Layout LEGACY, runner as owner, Versioning false, Storage Type set to DISK and Encryption set to false 
2022-06-27 16:55:35,827 [OM StateMachine ApplyTransaction Thread - 0] INFO  bucket.OMBucketCreateRequest (OMBucketCreateRequest.java:validateAndUpdateCache(260)) - created bucket: bucket-09579 of layout LEGACY in volume: volume-25955
]]></system-out>
  </testcase>
  <testcase name="testMkdirNonExistentVolumeBucket" classname="TestRootedOzoneFileSystem" time="0.133">
    <system-out><![CDATA[2022-06-27 16:56:44,302 [Time-limited test] INFO  rpc.RpcClient (RpcClient.java:createVolume(466)) - Creating Volume: volume23609, with user17331 as owner and space quota set to -1 bytes, counts quota set to -1
2022-06-27 16:56:44,303 [IPC Server handler 6 on default port 40407] INFO  volume.OMVolumeCreateRequest (OMVolumeCreateRequest.java:validateAndUpdateCache(195)) - created volume:volume23609 for user:user17331
2022-06-27 16:56:44,305 [Time-limited test] INFO  rpc.RpcClient (RpcClient.java:createBucket(666)) - Creating Bucket: volume23609/bucket05439, with the Bucket Layout LEGACY, runner as owner, Versioning false, Storage Type set to DISK and Encryption set to false 
2022-06-27 16:56:44,306 [IPC Server handler 10 on default port 40407] INFO  bucket.OMBucketCreateRequest (OMBucketCreateRequest.java:validateAndUpdateCache(260)) - created bucket: bucket05439 of layout LEGACY in volume: volume23609
16:56:44.310 [IPC Server handler 13 on default port 40407] ERROR OMAudit - user=runner | ip=127.0.0.1 | op=READ_BUCKET {volume=volume-23062, bucket=bucket-07128} | ret=FAILURE
org.apache.hadoop.ozone.om.exceptions.OMException: Volume not found when getting bucket info
	at org.apache.hadoop.ozone.om.BucketManagerImpl.getBucketInfo(BucketManagerImpl.java:127) ~[ozone-manager-1.3.0-SNAPSHOT.jar:?]
	at org.apache.hadoop.ozone.om.OzoneManager.getBucketInfo(OzoneManager.java:2778) ~[ozone-manager-1.3.0-SNAPSHOT.jar:?]
	at org.apache.hadoop.ozone.protocolPB.OzoneManagerRequestHandler.infoBucket(OzoneManagerRequestHandler.java:464) ~[ozone-manager-1.3.0-SNAPSHOT.jar:?]
	at org.apache.hadoop.ozone.protocolPB.OzoneManagerRequestHandler.handleReadRequest(OzoneManagerRequestHandler.java:172) ~[ozone-manager-1.3.0-SNAPSHOT.jar:?]
	at org.apache.hadoop.ozone.protocolPB.OzoneManagerProtocolServerSideTranslatorPB.submitRequestDirectlyToOM(OzoneManagerProtocolServerSideTranslatorPB.java:276) ~[ozone-manager-1.3.0-SNAPSHOT.jar:?]
	at org.apache.hadoop.ozone.protocolPB.OzoneManagerProtocolServerSideTranslatorPB.processRequest(OzoneManagerProtocolServerSideTranslatorPB.java:205) ~[ozone-manager-1.3.0-SNAPSHOT.jar:?]
	at org.apache.hadoop.hdds.server.OzoneProtocolMessageDispatcher.processRequest(OzoneProtocolMessageDispatcher.java:87) [hdds-server-framework-1.3.0-SNAPSHOT.jar:?]
	at org.apache.hadoop.ozone.protocolPB.OzoneManagerProtocolServerSideTranslatorPB.submitRequest(OzoneManagerProtocolServerSideTranslatorPB.java:147) [ozone-manager-1.3.0-SNAPSHOT.jar:?]
	at org.apache.hadoop.ozone.protocol.proto.OzoneManagerProtocolProtos$OzoneManagerService$2.callBlockingMethod(OzoneManagerProtocolProtos.java) [ozone-interface-client-1.3.0-SNAPSHOT.jar:?]
	at org.apache.hadoop.ipc.ProtobufRpcEngine$Server.processCall(ProtobufRpcEngine.java:466) [hadoop-common-3.3.1.jar:?]
	at org.apache.hadoop.ipc.ProtobufRpcEngine2$Server$ProtoBufRpcInvoker.call(ProtobufRpcEngine2.java:574) [hadoop-common-3.3.1.jar:?]
	at org.apache.hadoop.ipc.ProtobufRpcEngine2$Server$ProtoBufRpcInvoker.call(ProtobufRpcEngine2.java:552) [hadoop-common-3.3.1.jar:?]
	at org.apache.hadoop.ipc.RPC$Server.call(RPC.java:1093) [hadoop-common-3.3.1.jar:?]
	at org.apache.hadoop.ipc.Server$RpcCall.run(Server.java:1035) [hadoop-common-3.3.1.jar:?]
	at org.apache.hadoop.ipc.Server$RpcCall.run(Server.java:963) [hadoop-common-3.3.1.jar:?]
	at java.security.AccessController.doPrivileged(Native Method) ~[?:1.8.0_332]
	at javax.security.auth.Subject.doAs(Subject.java:422) [?:1.8.0_332]
	at org.apache.hadoop.security.UserGroupInformation.doAs(UserGroupInformation.java:1878) [hadoop-common-3.3.1.jar:?]
	at org.apache.hadoop.ipc.Server$Handler.run(Server.java:2966) [hadoop-common-3.3.1.jar:?]
2022-06-27 16:56:44,310 [Time-limited test] INFO  rpc.RpcClient (RpcClient.java:createVolume(466)) - Creating Volume: volume-23062, with runner as owner and space quota set to -1 bytes, counts quota set to -1
2022-06-27 16:56:44,313 [IPC Server handler 14 on default port 40407] INFO  volume.OMVolumeCreateRequest (OMVolumeCreateRequest.java:validateAndUpdateCache(195)) - created volume:volume-23062 for user:runner
2022-06-27 16:56:44,317 [Time-limited test] INFO  rpc.RpcClient (RpcClient.java:createBucket(666)) - Creating Bucket: volume-23062/bucket-07128, with the Bucket Layout LEGACY, runner as owner, Versioning false, Storage Type set to DISK and Encryption set to false 
2022-06-27 16:56:44,318 [IPC Server handler 19 on default port 40407] INFO  bucket.OMBucketCreateRequest (OMBucketCreateRequest.java:validateAndUpdateCache(260)) - created bucket: bucket-07128 of layout LEGACY in volume: volume-23062
]]></system-out>
  </testcase>
  <testcase name="testMkdirNonExistentVolumeBucket" classname="TestRootedOzoneFileSystem" time="0.088">
    <system-out><![CDATA[2022-06-27 16:58:01,111 [Time-limited test] INFO  rpc.RpcClient (RpcClient.java:createVolume(466)) - Creating Volume: volume69793, with user92485 as owner and space quota set to -1 bytes, counts quota set to -1
2022-06-27 16:58:01,113 [OM StateMachine ApplyTransaction Thread - 0] INFO  volume.OMVolumeCreateRequest (OMVolumeCreateRequest.java:validateAndUpdateCache(195)) - created volume:volume69793 for user:user92485
2022-06-27 16:58:01,121 [Time-limited test] INFO  rpc.RpcClient (RpcClient.java:createBucket(666)) - Creating Bucket: volume69793/bucket53504, with the Bucket Layout LEGACY, runner as owner, Versioning false, Storage Type set to DISK and Encryption set to false 
2022-06-27 16:58:01,122 [OM StateMachine ApplyTransaction Thread - 0] INFO  bucket.OMBucketCreateRequest (OMBucketCreateRequest.java:validateAndUpdateCache(260)) - created bucket: bucket53504 of layout LEGACY in volume: volume69793
16:58:01.123 [IPC Server handler 2 on default port 40965] ERROR OMAudit - user=runner | ip=127.0.0.1 | op=READ_BUCKET {volume=volume-06391, bucket=bucket-68529} | ret=FAILURE
org.apache.hadoop.ozone.om.exceptions.OMException: Volume not found when getting bucket info
	at org.apache.hadoop.ozone.om.BucketManagerImpl.getBucketInfo(BucketManagerImpl.java:127) ~[ozone-manager-1.3.0-SNAPSHOT.jar:?]
	at org.apache.hadoop.ozone.om.OzoneManager.getBucketInfo(OzoneManager.java:2778) ~[ozone-manager-1.3.0-SNAPSHOT.jar:?]
	at org.apache.hadoop.ozone.protocolPB.OzoneManagerRequestHandler.infoBucket(OzoneManagerRequestHandler.java:464) ~[ozone-manager-1.3.0-SNAPSHOT.jar:?]
	at org.apache.hadoop.ozone.protocolPB.OzoneManagerRequestHandler.handleReadRequest(OzoneManagerRequestHandler.java:172) ~[ozone-manager-1.3.0-SNAPSHOT.jar:?]
	at org.apache.hadoop.ozone.protocolPB.OzoneManagerProtocolServerSideTranslatorPB.submitReadRequestToOM(OzoneManagerProtocolServerSideTranslatorPB.java:226) ~[ozone-manager-1.3.0-SNAPSHOT.jar:?]
	at org.apache.hadoop.ozone.protocolPB.OzoneManagerProtocolServerSideTranslatorPB.processRequest(OzoneManagerProtocolServerSideTranslatorPB.java:175) ~[ozone-manager-1.3.0-SNAPSHOT.jar:?]
	at org.apache.hadoop.hdds.server.OzoneProtocolMessageDispatcher.processRequest(OzoneProtocolMessageDispatcher.java:87) [hdds-server-framework-1.3.0-SNAPSHOT.jar:?]
	at org.apache.hadoop.ozone.protocolPB.OzoneManagerProtocolServerSideTranslatorPB.submitRequest(OzoneManagerProtocolServerSideTranslatorPB.java:147) [ozone-manager-1.3.0-SNAPSHOT.jar:?]
	at org.apache.hadoop.ozone.protocol.proto.OzoneManagerProtocolProtos$OzoneManagerService$2.callBlockingMethod(OzoneManagerProtocolProtos.java) [ozone-interface-client-1.3.0-SNAPSHOT.jar:?]
	at org.apache.hadoop.ipc.ProtobufRpcEngine$Server.processCall(ProtobufRpcEngine.java:466) [hadoop-common-3.3.1.jar:?]
	at org.apache.hadoop.ipc.ProtobufRpcEngine2$Server$ProtoBufRpcInvoker.call(ProtobufRpcEngine2.java:574) [hadoop-common-3.3.1.jar:?]
	at org.apache.hadoop.ipc.ProtobufRpcEngine2$Server$ProtoBufRpcInvoker.call(ProtobufRpcEngine2.java:552) [hadoop-common-3.3.1.jar:?]
	at org.apache.hadoop.ipc.RPC$Server.call(RPC.java:1093) [hadoop-common-3.3.1.jar:?]
	at org.apache.hadoop.ipc.Server$RpcCall.run(Server.java:1035) [hadoop-common-3.3.1.jar:?]
	at org.apache.hadoop.ipc.Server$RpcCall.run(Server.java:963) [hadoop-common-3.3.1.jar:?]
	at java.security.AccessController.doPrivileged(Native Method) ~[?:1.8.0_332]
	at javax.security.auth.Subject.doAs(Subject.java:422) [?:1.8.0_332]
	at org.apache.hadoop.security.UserGroupInformation.doAs(UserGroupInformation.java:1878) [hadoop-common-3.3.1.jar:?]
	at org.apache.hadoop.ipc.Server$Handler.run(Server.java:2966) [hadoop-common-3.3.1.jar:?]
2022-06-27 16:58:01,123 [Time-limited test] INFO  rpc.RpcClient (RpcClient.java:createVolume(466)) - Creating Volume: volume-06391, with runner as owner and space quota set to -1 bytes, counts quota set to -1
2022-06-27 16:58:01,125 [OM StateMachine ApplyTransaction Thread - 0] INFO  volume.OMVolumeCreateRequest (OMVolumeCreateRequest.java:validateAndUpdateCache(195)) - created volume:volume-06391 for user:runner
2022-06-27 16:58:01,129 [Time-limited test] INFO  rpc.RpcClient (RpcClient.java:createBucket(666)) - Creating Bucket: volume-06391/bucket-68529, with the Bucket Layout LEGACY, runner as owner, Versioning false, Storage Type set to DISK and Encryption set to false 
2022-06-27 16:58:01,137 [OM StateMachine ApplyTransaction Thread - 0] INFO  bucket.OMBucketCreateRequest (OMBucketCreateRequest.java:validateAndUpdateCache(260)) - created bucket: bucket-68529 of layout LEGACY in volume: volume-06391
]]></system-out>
  </testcase>
  <testcase name="testMkdirNonExistentVolumeBucket" classname="TestRootedOzoneFileSystem" time="0.146">
    <system-out><![CDATA[2022-06-27 16:59:20,732 [Time-limited test] INFO  rpc.RpcClient (RpcClient.java:createVolume(466)) - Creating Volume: volume34665, with user60834 as owner and space quota set to -1 bytes, counts quota set to -1
2022-06-27 16:59:20,733 [IPC Server handler 13 on default port 35065] INFO  volume.OMVolumeCreateRequest (OMVolumeCreateRequest.java:validateAndUpdateCache(195)) - created volume:volume34665 for user:user60834
2022-06-27 16:59:20,734 [Time-limited test] INFO  rpc.RpcClient (RpcClient.java:createBucket(666)) - Creating Bucket: volume34665/bucket83131, with the Bucket Layout LEGACY, runner as owner, Versioning false, Storage Type set to DISK and Encryption set to false 
2022-06-27 16:59:20,734 [IPC Server handler 5 on default port 35065] INFO  bucket.OMBucketCreateRequest (OMBucketCreateRequest.java:validateAndUpdateCache(260)) - created bucket: bucket83131 of layout LEGACY in volume: volume34665
16:59:20.735 [IPC Server handler 0 on default port 35065] ERROR OMAudit - user=runner | ip=127.0.0.1 | op=READ_BUCKET {volume=volume-87862, bucket=bucket-42685} | ret=FAILURE
org.apache.hadoop.ozone.om.exceptions.OMException: Volume not found when getting bucket info
	at org.apache.hadoop.ozone.om.BucketManagerImpl.getBucketInfo(BucketManagerImpl.java:127) ~[ozone-manager-1.3.0-SNAPSHOT.jar:?]
	at org.apache.hadoop.ozone.om.OzoneManager.getBucketInfo(OzoneManager.java:2778) ~[ozone-manager-1.3.0-SNAPSHOT.jar:?]
	at org.apache.hadoop.ozone.protocolPB.OzoneManagerRequestHandler.infoBucket(OzoneManagerRequestHandler.java:464) ~[ozone-manager-1.3.0-SNAPSHOT.jar:?]
	at org.apache.hadoop.ozone.protocolPB.OzoneManagerRequestHandler.handleReadRequest(OzoneManagerRequestHandler.java:172) ~[ozone-manager-1.3.0-SNAPSHOT.jar:?]
	at org.apache.hadoop.ozone.protocolPB.OzoneManagerProtocolServerSideTranslatorPB.submitRequestDirectlyToOM(OzoneManagerProtocolServerSideTranslatorPB.java:276) ~[ozone-manager-1.3.0-SNAPSHOT.jar:?]
	at org.apache.hadoop.ozone.protocolPB.OzoneManagerProtocolServerSideTranslatorPB.processRequest(OzoneManagerProtocolServerSideTranslatorPB.java:205) ~[ozone-manager-1.3.0-SNAPSHOT.jar:?]
	at org.apache.hadoop.hdds.server.OzoneProtocolMessageDispatcher.processRequest(OzoneProtocolMessageDispatcher.java:87) [hdds-server-framework-1.3.0-SNAPSHOT.jar:?]
	at org.apache.hadoop.ozone.protocolPB.OzoneManagerProtocolServerSideTranslatorPB.submitRequest(OzoneManagerProtocolServerSideTranslatorPB.java:147) [ozone-manager-1.3.0-SNAPSHOT.jar:?]
	at org.apache.hadoop.ozone.protocol.proto.OzoneManagerProtocolProtos$OzoneManagerService$2.callBlockingMethod(OzoneManagerProtocolProtos.java) [ozone-interface-client-1.3.0-SNAPSHOT.jar:?]
	at org.apache.hadoop.ipc.ProtobufRpcEngine$Server.processCall(ProtobufRpcEngine.java:466) [hadoop-common-3.3.1.jar:?]
	at org.apache.hadoop.ipc.ProtobufRpcEngine2$Server$ProtoBufRpcInvoker.call(ProtobufRpcEngine2.java:574) [hadoop-common-3.3.1.jar:?]
	at org.apache.hadoop.ipc.ProtobufRpcEngine2$Server$ProtoBufRpcInvoker.call(ProtobufRpcEngine2.java:552) [hadoop-common-3.3.1.jar:?]
	at org.apache.hadoop.ipc.RPC$Server.call(RPC.java:1093) [hadoop-common-3.3.1.jar:?]
	at org.apache.hadoop.ipc.Server$RpcCall.run(Server.java:1035) [hadoop-common-3.3.1.jar:?]
	at org.apache.hadoop.ipc.Server$RpcCall.run(Server.java:963) [hadoop-common-3.3.1.jar:?]
	at java.security.AccessController.doPrivileged(Native Method) ~[?:1.8.0_332]
	at javax.security.auth.Subject.doAs(Subject.java:422) [?:1.8.0_332]
	at org.apache.hadoop.security.UserGroupInformation.doAs(UserGroupInformation.java:1878) [hadoop-common-3.3.1.jar:?]
	at org.apache.hadoop.ipc.Server$Handler.run(Server.java:2966) [hadoop-common-3.3.1.jar:?]
2022-06-27 16:59:20,737 [Time-limited test] INFO  rpc.RpcClient (RpcClient.java:createVolume(466)) - Creating Volume: volume-87862, with runner as owner and space quota set to -1 bytes, counts quota set to -1
2022-06-27 16:59:20,739 [IPC Server handler 7 on default port 35065] INFO  volume.OMVolumeCreateRequest (OMVolumeCreateRequest.java:validateAndUpdateCache(195)) - created volume:volume-87862 for user:runner
2022-06-27 16:59:20,740 [Time-limited test] INFO  rpc.RpcClient (RpcClient.java:createBucket(666)) - Creating Bucket: volume-87862/bucket-42685, with the Bucket Layout LEGACY, runner as owner, Versioning false, Storage Type set to DISK and Encryption set to false 
2022-06-27 16:59:20,741 [IPC Server handler 4 on default port 35065] INFO  bucket.OMBucketCreateRequest (OMBucketCreateRequest.java:validateAndUpdateCache(260)) - created bucket: bucket-42685 of layout LEGACY in volume: volume-87862
]]></system-out>
  </testcase>
  <testcase name="testFailToDeleteRoot" classname="TestRootedOzoneFileSystem" time="0.05">
    <system-out><![CDATA[2022-06-27 16:54:31,698 [Time-limited test] INFO  rpc.RpcClient (RpcClient.java:createVolume(466)) - Creating Volume: volume91933, with user35816 as owner and space quota set to -1 bytes, counts quota set to -1
2022-06-27 16:54:31,706 [OM StateMachine ApplyTransaction Thread - 0] INFO  volume.OMVolumeCreateRequest (OMVolumeCreateRequest.java:validateAndUpdateCache(195)) - created volume:volume91933 for user:user35816
2022-06-27 16:54:31,709 [Time-limited test] INFO  rpc.RpcClient (RpcClient.java:createBucket(666)) - Creating Bucket: volume91933/bucket15554, with the Bucket Layout LEGACY, runner as owner, Versioning false, Storage Type set to DISK and Encryption set to false 
2022-06-27 16:54:31,711 [OM StateMachine ApplyTransaction Thread - 0] INFO  bucket.OMBucketCreateRequest (OMBucketCreateRequest.java:validateAndUpdateCache(260)) - created bucket: bucket15554 of layout LEGACY in volume: volume91933
2022-06-27 16:54:31,713 [Time-limited test] WARN  ozone.BasicRootedOzoneFileSystem (BasicRootedOzoneFileSystem.java:delete(591)) - delete: OFS does not support rm root. To wipe the cluster, please re-init OM instead.
2022-06-27 16:54:31,713 [Time-limited test] WARN  ozone.BasicRootedOzoneFileSystem (BasicRootedOzoneFileSystem.java:delete(591)) - delete: OFS does not support rm root. To wipe the cluster, please re-init OM instead.
]]></system-out>
  </testcase>
  <testcase name="testFailToDeleteRoot" classname="TestRootedOzoneFileSystem" time="0.091">
    <system-out><![CDATA[2022-06-27 16:55:35,922 [Time-limited test] INFO  rpc.RpcClient (RpcClient.java:createVolume(466)) - Creating Volume: volume94067, with user01059 as owner and space quota set to -1 bytes, counts quota set to -1
2022-06-27 16:55:35,924 [OM StateMachine ApplyTransaction Thread - 0] INFO  volume.OMVolumeCreateRequest (OMVolumeCreateRequest.java:validateAndUpdateCache(195)) - created volume:volume94067 for user:user01059
2022-06-27 16:55:35,925 [Time-limited test] INFO  rpc.RpcClient (RpcClient.java:createBucket(666)) - Creating Bucket: volume94067/bucket38066, with the Bucket Layout LEGACY, runner as owner, Versioning false, Storage Type set to DISK and Encryption set to false 
2022-06-27 16:55:35,926 [OM StateMachine ApplyTransaction Thread - 0] INFO  bucket.OMBucketCreateRequest (OMBucketCreateRequest.java:validateAndUpdateCache(260)) - created bucket: bucket38066 of layout LEGACY in volume: volume94067
2022-06-27 16:55:35,926 [Time-limited test] WARN  ozone.BasicRootedOzoneFileSystem (BasicRootedOzoneFileSystem.java:delete(591)) - delete: OFS does not support rm root. To wipe the cluster, please re-init OM instead.
2022-06-27 16:55:35,927 [Time-limited test] WARN  ozone.BasicRootedOzoneFileSystem (BasicRootedOzoneFileSystem.java:delete(591)) - delete: OFS does not support rm root. To wipe the cluster, please re-init OM instead.
]]></system-out>
  </testcase>
  <testcase name="testFailToDeleteRoot" classname="TestRootedOzoneFileSystem" time="0.107">
    <system-out><![CDATA[2022-06-27 16:56:44,436 [Time-limited test] INFO  rpc.RpcClient (RpcClient.java:createVolume(466)) - Creating Volume: volume01116, with user59253 as owner and space quota set to -1 bytes, counts quota set to -1
2022-06-27 16:56:44,436 [IPC Server handler 18 on default port 40407] INFO  volume.OMVolumeCreateRequest (OMVolumeCreateRequest.java:validateAndUpdateCache(195)) - created volume:volume01116 for user:user59253
2022-06-27 16:56:44,438 [Time-limited test] INFO  rpc.RpcClient (RpcClient.java:createBucket(666)) - Creating Bucket: volume01116/bucket50927, with the Bucket Layout LEGACY, runner as owner, Versioning false, Storage Type set to DISK and Encryption set to false 
2022-06-27 16:56:44,439 [IPC Server handler 16 on default port 40407] INFO  bucket.OMBucketCreateRequest (OMBucketCreateRequest.java:validateAndUpdateCache(260)) - created bucket: bucket50927 of layout LEGACY in volume: volume01116
2022-06-27 16:56:44,440 [Time-limited test] WARN  ozone.BasicRootedOzoneFileSystem (BasicRootedOzoneFileSystem.java:delete(591)) - delete: OFS does not support rm root. To wipe the cluster, please re-init OM instead.
2022-06-27 16:56:44,440 [Time-limited test] WARN  ozone.BasicRootedOzoneFileSystem (BasicRootedOzoneFileSystem.java:delete(591)) - delete: OFS does not support rm root. To wipe the cluster, please re-init OM instead.
]]></system-out>
  </testcase>
  <testcase name="testFailToDeleteRoot" classname="TestRootedOzoneFileSystem" time="0.234">
    <system-out><![CDATA[2022-06-27 16:58:01,339 [Time-limited test] INFO  rpc.RpcClient (RpcClient.java:createVolume(466)) - Creating Volume: volume30081, with user94014 as owner and space quota set to -1 bytes, counts quota set to -1
2022-06-27 16:58:01,349 [OM StateMachine ApplyTransaction Thread - 0] INFO  volume.OMVolumeCreateRequest (OMVolumeCreateRequest.java:validateAndUpdateCache(195)) - created volume:volume30081 for user:user94014
2022-06-27 16:58:01,352 [Time-limited test] INFO  rpc.RpcClient (RpcClient.java:createBucket(666)) - Creating Bucket: volume30081/bucket10970, with the Bucket Layout LEGACY, runner as owner, Versioning false, Storage Type set to DISK and Encryption set to false 
2022-06-27 16:58:01,357 [OM StateMachine ApplyTransaction Thread - 0] INFO  bucket.OMBucketCreateRequest (OMBucketCreateRequest.java:validateAndUpdateCache(260)) - created bucket: bucket10970 of layout LEGACY in volume: volume30081
2022-06-27 16:58:01,358 [Time-limited test] WARN  ozone.BasicRootedOzoneFileSystem (BasicRootedOzoneFileSystem.java:delete(591)) - delete: OFS does not support rm root. To wipe the cluster, please re-init OM instead.
2022-06-27 16:58:01,358 [Time-limited test] WARN  ozone.BasicRootedOzoneFileSystem (BasicRootedOzoneFileSystem.java:delete(591)) - delete: OFS does not support rm root. To wipe the cluster, please re-init OM instead.
]]></system-out>
  </testcase>
  <testcase name="testFailToDeleteRoot" classname="TestRootedOzoneFileSystem" time="0.133">
    <system-out><![CDATA[2022-06-27 16:59:20,847 [Time-limited test] INFO  rpc.RpcClient (RpcClient.java:createVolume(466)) - Creating Volume: volume06555, with user09320 as owner and space quota set to -1 bytes, counts quota set to -1
2022-06-27 16:59:20,851 [IPC Server handler 8 on default port 35065] INFO  volume.OMVolumeCreateRequest (OMVolumeCreateRequest.java:validateAndUpdateCache(195)) - created volume:volume06555 for user:user09320
2022-06-27 16:59:20,853 [Time-limited test] INFO  rpc.RpcClient (RpcClient.java:createBucket(666)) - Creating Bucket: volume06555/bucket22554, with the Bucket Layout LEGACY, runner as owner, Versioning false, Storage Type set to DISK and Encryption set to false 
2022-06-27 16:59:20,859 [IPC Server handler 10 on default port 35065] INFO  bucket.OMBucketCreateRequest (OMBucketCreateRequest.java:validateAndUpdateCache(260)) - created bucket: bucket22554 of layout LEGACY in volume: volume06555
2022-06-27 16:59:20,861 [Time-limited test] WARN  ozone.BasicRootedOzoneFileSystem (BasicRootedOzoneFileSystem.java:delete(591)) - delete: OFS does not support rm root. To wipe the cluster, please re-init OM instead.
2022-06-27 16:59:20,861 [Time-limited test] WARN  ozone.BasicRootedOzoneFileSystem (BasicRootedOzoneFileSystem.java:delete(591)) - delete: OFS does not support rm root. To wipe the cluster, please re-init OM instead.
]]></system-out>
  </testcase>
  <testcase name="testListStatusOnSubDirs" classname="TestRootedOzoneFileSystem" time="0.102">
    <system-out><![CDATA[2022-06-27 16:54:31,751 [Time-limited test] INFO  rpc.RpcClient (RpcClient.java:createVolume(466)) - Creating Volume: volume62612, with user76478 as owner and space quota set to -1 bytes, counts quota set to -1
2022-06-27 16:54:31,755 [OM StateMachine ApplyTransaction Thread - 0] INFO  volume.OMVolumeCreateRequest (OMVolumeCreateRequest.java:validateAndUpdateCache(195)) - created volume:volume62612 for user:user76478
2022-06-27 16:54:31,757 [Time-limited test] INFO  rpc.RpcClient (RpcClient.java:createBucket(666)) - Creating Bucket: volume62612/bucket23501, with the Bucket Layout LEGACY, runner as owner, Versioning false, Storage Type set to DISK and Encryption set to false 
2022-06-27 16:54:31,759 [OM StateMachine ApplyTransaction Thread - 0] INFO  bucket.OMBucketCreateRequest (OMBucketCreateRequest.java:validateAndUpdateCache(260)) - created bucket: bucket23501 of layout LEGACY in volume: volume62612
]]></system-out>
  </testcase>
  <testcase name="testListStatusOnSubDirs" classname="TestRootedOzoneFileSystem" time="0.087">
    <system-out><![CDATA[2022-06-27 16:55:35,985 [Time-limited test] INFO  rpc.RpcClient (RpcClient.java:createVolume(466)) - Creating Volume: volume03417, with user18833 as owner and space quota set to -1 bytes, counts quota set to -1
2022-06-27 16:55:35,989 [OM StateMachine ApplyTransaction Thread - 0] INFO  volume.OMVolumeCreateRequest (OMVolumeCreateRequest.java:validateAndUpdateCache(195)) - created volume:volume03417 for user:user18833
2022-06-27 16:55:35,990 [Time-limited test] INFO  rpc.RpcClient (RpcClient.java:createBucket(666)) - Creating Bucket: volume03417/bucket21959, with the Bucket Layout LEGACY, runner as owner, Versioning false, Storage Type set to DISK and Encryption set to false 
2022-06-27 16:55:35,991 [OM StateMachine ApplyTransaction Thread - 0] INFO  bucket.OMBucketCreateRequest (OMBucketCreateRequest.java:validateAndUpdateCache(260)) - created bucket: bucket21959 of layout LEGACY in volume: volume03417
]]></system-out>
  </testcase>
  <testcase name="testListStatusOnSubDirs" classname="TestRootedOzoneFileSystem" time="0.103">
    <system-out><![CDATA[2022-06-27 16:56:44,515 [Time-limited test] INFO  rpc.RpcClient (RpcClient.java:createVolume(466)) - Creating Volume: volume68819, with user35410 as owner and space quota set to -1 bytes, counts quota set to -1
2022-06-27 16:56:44,517 [IPC Server handler 17 on default port 40407] INFO  volume.OMVolumeCreateRequest (OMVolumeCreateRequest.java:validateAndUpdateCache(195)) - created volume:volume68819 for user:user35410
2022-06-27 16:56:44,518 [Time-limited test] INFO  rpc.RpcClient (RpcClient.java:createBucket(666)) - Creating Bucket: volume68819/bucket94928, with the Bucket Layout LEGACY, runner as owner, Versioning false, Storage Type set to DISK and Encryption set to false 
2022-06-27 16:56:44,519 [IPC Server handler 3 on default port 40407] INFO  bucket.OMBucketCreateRequest (OMBucketCreateRequest.java:validateAndUpdateCache(260)) - created bucket: bucket94928 of layout LEGACY in volume: volume68819
]]></system-out>
  </testcase>
  <testcase name="testListStatusOnSubDirs" classname="TestRootedOzoneFileSystem" time="0.183">
    <system-out><![CDATA[2022-06-27 16:58:01,514 [Time-limited test] INFO  rpc.RpcClient (RpcClient.java:createVolume(466)) - Creating Volume: volume25059, with user03368 as owner and space quota set to -1 bytes, counts quota set to -1
2022-06-27 16:58:01,521 [OM StateMachine ApplyTransaction Thread - 0] INFO  volume.OMVolumeCreateRequest (OMVolumeCreateRequest.java:validateAndUpdateCache(195)) - created volume:volume25059 for user:user03368
2022-06-27 16:58:01,522 [Time-limited test] INFO  rpc.RpcClient (RpcClient.java:createBucket(666)) - Creating Bucket: volume25059/bucket07035, with the Bucket Layout LEGACY, runner as owner, Versioning false, Storage Type set to DISK and Encryption set to false 
2022-06-27 16:58:01,523 [OM StateMachine ApplyTransaction Thread - 0] INFO  bucket.OMBucketCreateRequest (OMBucketCreateRequest.java:validateAndUpdateCache(260)) - created bucket: bucket07035 of layout LEGACY in volume: volume25059
]]></system-out>
  </testcase>
  <testcase name="testListStatusOnSubDirs" classname="TestRootedOzoneFileSystem" time="0.209">
    <system-out><![CDATA[2022-06-27 16:59:21,041 [Time-limited test] INFO  rpc.RpcClient (RpcClient.java:createVolume(466)) - Creating Volume: volume96680, with user86958 as owner and space quota set to -1 bytes, counts quota set to -1
2022-06-27 16:59:21,044 [IPC Server handler 9 on default port 35065] INFO  volume.OMVolumeCreateRequest (OMVolumeCreateRequest.java:validateAndUpdateCache(195)) - created volume:volume96680 for user:user86958
2022-06-27 16:59:21,049 [Time-limited test] INFO  rpc.RpcClient (RpcClient.java:createBucket(666)) - Creating Bucket: volume96680/bucket57371, with the Bucket Layout LEGACY, runner as owner, Versioning false, Storage Type set to DISK and Encryption set to false 
2022-06-27 16:59:21,050 [IPC Server handler 19 on default port 35065] INFO  bucket.OMBucketCreateRequest (OMBucketCreateRequest.java:validateAndUpdateCache(260)) - created bucket: bucket57371 of layout LEGACY in volume: volume96680
]]></system-out>
  </testcase>
  <testcase name="testListStatus" classname="TestRootedOzoneFileSystem" time="0.112">
    <system-out><![CDATA[2022-06-27 16:54:31,864 [Time-limited test] INFO  rpc.RpcClient (RpcClient.java:createVolume(466)) - Creating Volume: volume12322, with user30575 as owner and space quota set to -1 bytes, counts quota set to -1
2022-06-27 16:54:31,869 [OM StateMachine ApplyTransaction Thread - 0] INFO  volume.OMVolumeCreateRequest (OMVolumeCreateRequest.java:validateAndUpdateCache(195)) - created volume:volume12322 for user:user30575
2022-06-27 16:54:31,871 [Time-limited test] INFO  rpc.RpcClient (RpcClient.java:createBucket(666)) - Creating Bucket: volume12322/bucket14781, with the Bucket Layout LEGACY, runner as owner, Versioning false, Storage Type set to DISK and Encryption set to false 
2022-06-27 16:54:31,873 [OM StateMachine ApplyTransaction Thread - 0] INFO  bucket.OMBucketCreateRequest (OMBucketCreateRequest.java:validateAndUpdateCache(260)) - created bucket: bucket14781 of layout LEGACY in volume: volume12322
]]></system-out>
  </testcase>
  <testcase name="testListStatus" classname="TestRootedOzoneFileSystem" time="0.154">
    <system-out><![CDATA[2022-06-27 16:55:36,131 [Time-limited test] INFO  rpc.RpcClient (RpcClient.java:createVolume(466)) - Creating Volume: volume90529, with user28800 as owner and space quota set to -1 bytes, counts quota set to -1
2022-06-27 16:55:36,133 [OM StateMachine ApplyTransaction Thread - 0] INFO  volume.OMVolumeCreateRequest (OMVolumeCreateRequest.java:validateAndUpdateCache(195)) - created volume:volume90529 for user:user28800
2022-06-27 16:55:36,134 [Time-limited test] INFO  rpc.RpcClient (RpcClient.java:createBucket(666)) - Creating Bucket: volume90529/bucket96390, with the Bucket Layout LEGACY, runner as owner, Versioning false, Storage Type set to DISK and Encryption set to false 
2022-06-27 16:55:36,135 [OM StateMachine ApplyTransaction Thread - 0] INFO  bucket.OMBucketCreateRequest (OMBucketCreateRequest.java:validateAndUpdateCache(260)) - created bucket: bucket96390 of layout LEGACY in volume: volume90529
]]></system-out>
  </testcase>
  <testcase name="testListStatus" classname="TestRootedOzoneFileSystem" time="0.123">
    <system-out><![CDATA[2022-06-27 16:56:44,622 [Time-limited test] INFO  rpc.RpcClient (RpcClient.java:createVolume(466)) - Creating Volume: volume07661, with user57695 as owner and space quota set to -1 bytes, counts quota set to -1
2022-06-27 16:56:44,627 [IPC Server handler 19 on default port 40407] INFO  volume.OMVolumeCreateRequest (OMVolumeCreateRequest.java:validateAndUpdateCache(195)) - created volume:volume07661 for user:user57695
2022-06-27 16:56:44,628 [Time-limited test] INFO  rpc.RpcClient (RpcClient.java:createBucket(666)) - Creating Bucket: volume07661/bucket23698, with the Bucket Layout LEGACY, runner as owner, Versioning false, Storage Type set to DISK and Encryption set to false 
2022-06-27 16:56:44,629 [IPC Server handler 0 on default port 40407] INFO  bucket.OMBucketCreateRequest (OMBucketCreateRequest.java:validateAndUpdateCache(260)) - created bucket: bucket23698 of layout LEGACY in volume: volume07661
]]></system-out>
  </testcase>
  <testcase name="testListStatus" classname="TestRootedOzoneFileSystem" time="0.234">
    <system-out><![CDATA[2022-06-27 16:58:01,719 [Time-limited test] INFO  rpc.RpcClient (RpcClient.java:createVolume(466)) - Creating Volume: volume31266, with user69330 as owner and space quota set to -1 bytes, counts quota set to -1
2022-06-27 16:58:01,721 [OM StateMachine ApplyTransaction Thread - 0] INFO  volume.OMVolumeCreateRequest (OMVolumeCreateRequest.java:validateAndUpdateCache(195)) - created volume:volume31266 for user:user69330
2022-06-27 16:58:01,725 [Time-limited test] INFO  rpc.RpcClient (RpcClient.java:createBucket(666)) - Creating Bucket: volume31266/bucket59251, with the Bucket Layout LEGACY, runner as owner, Versioning false, Storage Type set to DISK and Encryption set to false 
2022-06-27 16:58:01,729 [OM StateMachine ApplyTransaction Thread - 0] INFO  bucket.OMBucketCreateRequest (OMBucketCreateRequest.java:validateAndUpdateCache(260)) - created bucket: bucket59251 of layout LEGACY in volume: volume31266
]]></system-out>
  </testcase>
  <testcase name="testListStatus" classname="TestRootedOzoneFileSystem" time="0.207">
    <system-out><![CDATA[2022-06-27 16:59:21,226 [Time-limited test] INFO  rpc.RpcClient (RpcClient.java:createVolume(466)) - Creating Volume: volume31413, with user17794 as owner and space quota set to -1 bytes, counts quota set to -1
2022-06-27 16:59:21,229 [IPC Server handler 4 on default port 35065] INFO  volume.OMVolumeCreateRequest (OMVolumeCreateRequest.java:validateAndUpdateCache(195)) - created volume:volume31413 for user:user17794
2022-06-27 16:59:21,230 [Time-limited test] INFO  rpc.RpcClient (RpcClient.java:createBucket(666)) - Creating Bucket: volume31413/bucket82590, with the Bucket Layout LEGACY, runner as owner, Versioning false, Storage Type set to DISK and Encryption set to false 
2022-06-27 16:59:21,233 [IPC Server handler 2 on default port 35065] INFO  bucket.OMBucketCreateRequest (OMBucketCreateRequest.java:validateAndUpdateCache(260)) - created bucket: bucket82590 of layout LEGACY in volume: volume31413
]]></system-out>
  </testcase>
  <testcase name="testGetTrashRoots" classname="TestRootedOzoneFileSystem" time="0.608">
    <system-out><![CDATA[2022-06-27 16:54:31,961 [Time-limited test] INFO  rpc.RpcClient (RpcClient.java:createVolume(466)) - Creating Volume: volume54665, with user85719 as owner and space quota set to -1 bytes, counts quota set to -1
2022-06-27 16:54:31,963 [OM StateMachine ApplyTransaction Thread - 0] INFO  volume.OMVolumeCreateRequest (OMVolumeCreateRequest.java:validateAndUpdateCache(195)) - created volume:volume54665 for user:user85719
2022-06-27 16:54:31,965 [Time-limited test] INFO  rpc.RpcClient (RpcClient.java:createBucket(666)) - Creating Bucket: volume54665/bucket03145, with the Bucket Layout LEGACY, runner as owner, Versioning false, Storage Type set to DISK and Encryption set to false 
2022-06-27 16:54:31,967 [OM StateMachine ApplyTransaction Thread - 0] INFO  bucket.OMBucketCreateRequest (OMBucketCreateRequest.java:validateAndUpdateCache(260)) - created bucket: bucket03145 of layout LEGACY in volume: volume54665
16:54:31.981 [IPC Server handler 12 on default port 44473] ERROR OMAudit - user=runner | ip=127.0.0.1 | op=GET_FILE_STATUS {volume=10c246f5-30da-4f64-9417-0545fd1c67f7, bucket=5b56f495-7b7e-4594-b8a8-f5f163119a25, key=.Trash/runner, dataSize=0, replicationConfig=null} | ret=FAILURE
org.apache.hadoop.ozone.om.exceptions.OMException: Unable to get file status: volume: 10c246f5-30da-4f64-9417-0545fd1c67f7 bucket: 5b56f495-7b7e-4594-b8a8-f5f163119a25 key: .Trash/runner
	at org.apache.hadoop.ozone.om.KeyManagerImpl.getOzoneFileStatus(KeyManagerImpl.java:1311) ~[ozone-manager-1.3.0-SNAPSHOT.jar:?]
	at org.apache.hadoop.ozone.om.KeyManagerImpl.getFileStatus(KeyManagerImpl.java:1241) ~[ozone-manager-1.3.0-SNAPSHOT.jar:?]
	at org.apache.hadoop.ozone.om.OzoneManager.getFileStatus(OzoneManager.java:3419) ~[ozone-manager-1.3.0-SNAPSHOT.jar:?]
	at org.apache.hadoop.ozone.protocolPB.OzoneManagerRequestHandler.getOzoneFileStatus(OzoneManagerRequestHandler.java:871) ~[ozone-manager-1.3.0-SNAPSHOT.jar:?]
	at org.apache.hadoop.ozone.protocolPB.OzoneManagerRequestHandler.handleReadRequest(OzoneManagerRequestHandler.java:217) ~[ozone-manager-1.3.0-SNAPSHOT.jar:?]
	at org.apache.hadoop.ozone.protocolPB.OzoneManagerProtocolServerSideTranslatorPB.submitReadRequestToOM(OzoneManagerProtocolServerSideTranslatorPB.java:226) ~[ozone-manager-1.3.0-SNAPSHOT.jar:?]
	at org.apache.hadoop.ozone.protocolPB.OzoneManagerProtocolServerSideTranslatorPB.processRequest(OzoneManagerProtocolServerSideTranslatorPB.java:175) ~[ozone-manager-1.3.0-SNAPSHOT.jar:?]
	at org.apache.hadoop.hdds.server.OzoneProtocolMessageDispatcher.processRequest(OzoneProtocolMessageDispatcher.java:87) [hdds-server-framework-1.3.0-SNAPSHOT.jar:?]
	at org.apache.hadoop.ozone.protocolPB.OzoneManagerProtocolServerSideTranslatorPB.submitRequest(OzoneManagerProtocolServerSideTranslatorPB.java:147) [ozone-manager-1.3.0-SNAPSHOT.jar:?]
	at org.apache.hadoop.ozone.protocol.proto.OzoneManagerProtocolProtos$OzoneManagerService$2.callBlockingMethod(OzoneManagerProtocolProtos.java) [ozone-interface-client-1.3.0-SNAPSHOT.jar:?]
	at org.apache.hadoop.ipc.ProtobufRpcEngine$Server.processCall(ProtobufRpcEngine.java:466) [hadoop-common-3.3.1.jar:?]
	at org.apache.hadoop.ipc.ProtobufRpcEngine2$Server$ProtoBufRpcInvoker.call(ProtobufRpcEngine2.java:574) [hadoop-common-3.3.1.jar:?]
	at org.apache.hadoop.ipc.ProtobufRpcEngine2$Server$ProtoBufRpcInvoker.call(ProtobufRpcEngine2.java:552) [hadoop-common-3.3.1.jar:?]
	at org.apache.hadoop.ipc.RPC$Server.call(RPC.java:1093) [hadoop-common-3.3.1.jar:?]
	at org.apache.hadoop.ipc.Server$RpcCall.run(Server.java:1035) [hadoop-common-3.3.1.jar:?]
	at org.apache.hadoop.ipc.Server$RpcCall.run(Server.java:963) [hadoop-common-3.3.1.jar:?]
	at java.security.AccessController.doPrivileged(Native Method) ~[?:1.8.0_332]
	at javax.security.auth.Subject.doAs(Subject.java:422) [?:1.8.0_332]
	at org.apache.hadoop.security.UserGroupInformation.doAs(UserGroupInformation.java:1878) [hadoop-common-3.3.1.jar:?]
	at org.apache.hadoop.ipc.Server$Handler.run(Server.java:2966) [hadoop-common-3.3.1.jar:?]
16:54:31.986 [IPC Server handler 13 on default port 44473] ERROR OMAudit - user=runner | ip=127.0.0.1 | op=GET_FILE_STATUS {volume=volume54665, bucket=bucket03145, key=.Trash/runner, dataSize=0, replicationConfig=null} | ret=FAILURE
org.apache.hadoop.ozone.om.exceptions.OMException: Unable to get file status: volume: volume54665 bucket: bucket03145 key: .Trash/runner
	at org.apache.hadoop.ozone.om.KeyManagerImpl.getOzoneFileStatus(KeyManagerImpl.java:1311) ~[ozone-manager-1.3.0-SNAPSHOT.jar:?]
	at org.apache.hadoop.ozone.om.KeyManagerImpl.getFileStatus(KeyManagerImpl.java:1241) ~[ozone-manager-1.3.0-SNAPSHOT.jar:?]
	at org.apache.hadoop.ozone.om.OzoneManager.getFileStatus(OzoneManager.java:3419) ~[ozone-manager-1.3.0-SNAPSHOT.jar:?]
	at org.apache.hadoop.ozone.protocolPB.OzoneManagerRequestHandler.getOzoneFileStatus(OzoneManagerRequestHandler.java:871) ~[ozone-manager-1.3.0-SNAPSHOT.jar:?]
	at org.apache.hadoop.ozone.protocolPB.OzoneManagerRequestHandler.handleReadRequest(OzoneManagerRequestHandler.java:217) ~[ozone-manager-1.3.0-SNAPSHOT.jar:?]
	at org.apache.hadoop.ozone.protocolPB.OzoneManagerProtocolServerSideTranslatorPB.submitReadRequestToOM(OzoneManagerProtocolServerSideTranslatorPB.java:226) ~[ozone-manager-1.3.0-SNAPSHOT.jar:?]
	at org.apache.hadoop.ozone.protocolPB.OzoneManagerProtocolServerSideTranslatorPB.processRequest(OzoneManagerProtocolServerSideTranslatorPB.java:175) ~[ozone-manager-1.3.0-SNAPSHOT.jar:?]
	at org.apache.hadoop.hdds.server.OzoneProtocolMessageDispatcher.processRequest(OzoneProtocolMessageDispatcher.java:87) [hdds-server-framework-1.3.0-SNAPSHOT.jar:?]
	at org.apache.hadoop.ozone.protocolPB.OzoneManagerProtocolServerSideTranslatorPB.submitRequest(OzoneManagerProtocolServerSideTranslatorPB.java:147) [ozone-manager-1.3.0-SNAPSHOT.jar:?]
	at org.apache.hadoop.ozone.protocol.proto.OzoneManagerProtocolProtos$OzoneManagerService$2.callBlockingMethod(OzoneManagerProtocolProtos.java) [ozone-interface-client-1.3.0-SNAPSHOT.jar:?]
	at org.apache.hadoop.ipc.ProtobufRpcEngine$Server.processCall(ProtobufRpcEngine.java:466) [hadoop-common-3.3.1.jar:?]
	at org.apache.hadoop.ipc.ProtobufRpcEngine2$Server$ProtoBufRpcInvoker.call(ProtobufRpcEngine2.java:574) [hadoop-common-3.3.1.jar:?]
	at org.apache.hadoop.ipc.ProtobufRpcEngine2$Server$ProtoBufRpcInvoker.call(ProtobufRpcEngine2.java:552) [hadoop-common-3.3.1.jar:?]
	at org.apache.hadoop.ipc.RPC$Server.call(RPC.java:1093) [hadoop-common-3.3.1.jar:?]
	at org.apache.hadoop.ipc.Server$RpcCall.run(Server.java:1035) [hadoop-common-3.3.1.jar:?]
	at org.apache.hadoop.ipc.Server$RpcCall.run(Server.java:963) [hadoop-common-3.3.1.jar:?]
	at java.security.AccessController.doPrivileged(Native Method) ~[?:1.8.0_332]
	at javax.security.auth.Subject.doAs(Subject.java:422) [?:1.8.0_332]
	at org.apache.hadoop.security.UserGroupInformation.doAs(UserGroupInformation.java:1878) [hadoop-common-3.3.1.jar:?]
	at org.apache.hadoop.ipc.Server$Handler.run(Server.java:2966) [hadoop-common-3.3.1.jar:?]
16:54:31.996 [IPC Server handler 0 on default port 44473] ERROR OMAudit - user=runner | ip=127.0.0.1 | op=GET_FILE_STATUS {volume=10c246f5-30da-4f64-9417-0545fd1c67f7, bucket=5b56f495-7b7e-4594-b8a8-f5f163119a25, key=.Trash, dataSize=0, replicationConfig=null} | ret=FAILURE
org.apache.hadoop.ozone.om.exceptions.OMException: Unable to get file status: volume: 10c246f5-30da-4f64-9417-0545fd1c67f7 bucket: 5b56f495-7b7e-4594-b8a8-f5f163119a25 key: .Trash
	at org.apache.hadoop.ozone.om.KeyManagerImpl.getOzoneFileStatus(KeyManagerImpl.java:1311) ~[ozone-manager-1.3.0-SNAPSHOT.jar:?]
	at org.apache.hadoop.ozone.om.KeyManagerImpl.getFileStatus(KeyManagerImpl.java:1241) ~[ozone-manager-1.3.0-SNAPSHOT.jar:?]
	at org.apache.hadoop.ozone.om.OzoneManager.getFileStatus(OzoneManager.java:3419) ~[ozone-manager-1.3.0-SNAPSHOT.jar:?]
	at org.apache.hadoop.ozone.protocolPB.OzoneManagerRequestHandler.getOzoneFileStatus(OzoneManagerRequestHandler.java:871) ~[ozone-manager-1.3.0-SNAPSHOT.jar:?]
	at org.apache.hadoop.ozone.protocolPB.OzoneManagerRequestHandler.handleReadRequest(OzoneManagerRequestHandler.java:217) ~[ozone-manager-1.3.0-SNAPSHOT.jar:?]
	at org.apache.hadoop.ozone.protocolPB.OzoneManagerProtocolServerSideTranslatorPB.submitReadRequestToOM(OzoneManagerProtocolServerSideTranslatorPB.java:226) ~[ozone-manager-1.3.0-SNAPSHOT.jar:?]
	at org.apache.hadoop.ozone.protocolPB.OzoneManagerProtocolServerSideTranslatorPB.processRequest(OzoneManagerProtocolServerSideTranslatorPB.java:175) ~[ozone-manager-1.3.0-SNAPSHOT.jar:?]
	at org.apache.hadoop.hdds.server.OzoneProtocolMessageDispatcher.processRequest(OzoneProtocolMessageDispatcher.java:87) [hdds-server-framework-1.3.0-SNAPSHOT.jar:?]
	at org.apache.hadoop.ozone.protocolPB.OzoneManagerProtocolServerSideTranslatorPB.submitRequest(OzoneManagerProtocolServerSideTranslatorPB.java:147) [ozone-manager-1.3.0-SNAPSHOT.jar:?]
	at org.apache.hadoop.ozone.protocol.proto.OzoneManagerProtocolProtos$OzoneManagerService$2.callBlockingMethod(OzoneManagerProtocolProtos.java) [ozone-interface-client-1.3.0-SNAPSHOT.jar:?]
	at org.apache.hadoop.ipc.ProtobufRpcEngine$Server.processCall(ProtobufRpcEngine.java:466) [hadoop-common-3.3.1.jar:?]
	at org.apache.hadoop.ipc.ProtobufRpcEngine2$Server$ProtoBufRpcInvoker.call(ProtobufRpcEngine2.java:574) [hadoop-common-3.3.1.jar:?]
	at org.apache.hadoop.ipc.ProtobufRpcEngine2$Server$ProtoBufRpcInvoker.call(ProtobufRpcEngine2.java:552) [hadoop-common-3.3.1.jar:?]
	at org.apache.hadoop.ipc.RPC$Server.call(RPC.java:1093) [hadoop-common-3.3.1.jar:?]
	at org.apache.hadoop.ipc.Server$RpcCall.run(Server.java:1035) [hadoop-common-3.3.1.jar:?]
	at org.apache.hadoop.ipc.Server$RpcCall.run(Server.java:963) [hadoop-common-3.3.1.jar:?]
	at java.security.AccessController.doPrivileged(Native Method) ~[?:1.8.0_332]
	at javax.security.auth.Subject.doAs(Subject.java:422) [?:1.8.0_332]
	at org.apache.hadoop.security.UserGroupInformation.doAs(UserGroupInformation.java:1878) [hadoop-common-3.3.1.jar:?]
	at org.apache.hadoop.ipc.Server$Handler.run(Server.java:2966) [hadoop-common-3.3.1.jar:?]
16:54:31.999 [IPC Server handler 6 on default port 44473] ERROR OMAudit - user=runner | ip=127.0.0.1 | op=GET_FILE_STATUS {volume=volume54665, bucket=bucket03145, key=.Trash, dataSize=0, replicationConfig=null} | ret=FAILURE
org.apache.hadoop.ozone.om.exceptions.OMException: Unable to get file status: volume: volume54665 bucket: bucket03145 key: .Trash
	at org.apache.hadoop.ozone.om.KeyManagerImpl.getOzoneFileStatus(KeyManagerImpl.java:1311) ~[ozone-manager-1.3.0-SNAPSHOT.jar:?]
	at org.apache.hadoop.ozone.om.KeyManagerImpl.getFileStatus(KeyManagerImpl.java:1241) ~[ozone-manager-1.3.0-SNAPSHOT.jar:?]
	at org.apache.hadoop.ozone.om.OzoneManager.getFileStatus(OzoneManager.java:3419) ~[ozone-manager-1.3.0-SNAPSHOT.jar:?]
	at org.apache.hadoop.ozone.protocolPB.OzoneManagerRequestHandler.getOzoneFileStatus(OzoneManagerRequestHandler.java:871) ~[ozone-manager-1.3.0-SNAPSHOT.jar:?]
	at org.apache.hadoop.ozone.protocolPB.OzoneManagerRequestHandler.handleReadRequest(OzoneManagerRequestHandler.java:217) ~[ozone-manager-1.3.0-SNAPSHOT.jar:?]
	at org.apache.hadoop.ozone.protocolPB.OzoneManagerProtocolServerSideTranslatorPB.submitReadRequestToOM(OzoneManagerProtocolServerSideTranslatorPB.java:226) ~[ozone-manager-1.3.0-SNAPSHOT.jar:?]
	at org.apache.hadoop.ozone.protocolPB.OzoneManagerProtocolServerSideTranslatorPB.processRequest(OzoneManagerProtocolServerSideTranslatorPB.java:175) ~[ozone-manager-1.3.0-SNAPSHOT.jar:?]
	at org.apache.hadoop.hdds.server.OzoneProtocolMessageDispatcher.processRequest(OzoneProtocolMessageDispatcher.java:87) [hdds-server-framework-1.3.0-SNAPSHOT.jar:?]
	at org.apache.hadoop.ozone.protocolPB.OzoneManagerProtocolServerSideTranslatorPB.submitRequest(OzoneManagerProtocolServerSideTranslatorPB.java:147) [ozone-manager-1.3.0-SNAPSHOT.jar:?]
	at org.apache.hadoop.ozone.protocol.proto.OzoneManagerProtocolProtos$OzoneManagerService$2.callBlockingMethod(OzoneManagerProtocolProtos.java) [ozone-interface-client-1.3.0-SNAPSHOT.jar:?]
	at org.apache.hadoop.ipc.ProtobufRpcEngine$Server.processCall(ProtobufRpcEngine.java:466) [hadoop-common-3.3.1.jar:?]
	at org.apache.hadoop.ipc.ProtobufRpcEngine2$Server$ProtoBufRpcInvoker.call(ProtobufRpcEngine2.java:574) [hadoop-common-3.3.1.jar:?]
	at org.apache.hadoop.ipc.ProtobufRpcEngine2$Server$ProtoBufRpcInvoker.call(ProtobufRpcEngine2.java:552) [hadoop-common-3.3.1.jar:?]
	at org.apache.hadoop.ipc.RPC$Server.call(RPC.java:1093) [hadoop-common-3.3.1.jar:?]
	at org.apache.hadoop.ipc.Server$RpcCall.run(Server.java:1035) [hadoop-common-3.3.1.jar:?]
	at org.apache.hadoop.ipc.Server$RpcCall.run(Server.java:963) [hadoop-common-3.3.1.jar:?]
	at java.security.AccessController.doPrivileged(Native Method) ~[?:1.8.0_332]
	at javax.security.auth.Subject.doAs(Subject.java:422) [?:1.8.0_332]
	at org.apache.hadoop.security.UserGroupInformation.doAs(UserGroupInformation.java:1878) [hadoop-common-3.3.1.jar:?]
	at org.apache.hadoop.ipc.Server$Handler.run(Server.java:2966) [hadoop-common-3.3.1.jar:?]
16:54:32.012 [IPC Server handler 16 on default port 44473] ERROR OMAudit - user=runner | ip=127.0.0.1 | op=GET_FILE_STATUS {volume=10c246f5-30da-4f64-9417-0545fd1c67f7, bucket=5b56f495-7b7e-4594-b8a8-f5f163119a25, key=.Trash/runner, dataSize=0, replicationConfig=null} | ret=FAILURE
org.apache.hadoop.ozone.om.exceptions.OMException: Unable to get file status: volume: 10c246f5-30da-4f64-9417-0545fd1c67f7 bucket: 5b56f495-7b7e-4594-b8a8-f5f163119a25 key: .Trash/runner
	at org.apache.hadoop.ozone.om.KeyManagerImpl.getOzoneFileStatus(KeyManagerImpl.java:1311) ~[ozone-manager-1.3.0-SNAPSHOT.jar:?]
	at org.apache.hadoop.ozone.om.KeyManagerImpl.getFileStatus(KeyManagerImpl.java:1241) ~[ozone-manager-1.3.0-SNAPSHOT.jar:?]
	at org.apache.hadoop.ozone.om.OzoneManager.getFileStatus(OzoneManager.java:3419) ~[ozone-manager-1.3.0-SNAPSHOT.jar:?]
	at org.apache.hadoop.ozone.protocolPB.OzoneManagerRequestHandler.getOzoneFileStatus(OzoneManagerRequestHandler.java:871) ~[ozone-manager-1.3.0-SNAPSHOT.jar:?]
	at org.apache.hadoop.ozone.protocolPB.OzoneManagerRequestHandler.handleReadRequest(OzoneManagerRequestHandler.java:217) ~[ozone-manager-1.3.0-SNAPSHOT.jar:?]
	at org.apache.hadoop.ozone.protocolPB.OzoneManagerProtocolServerSideTranslatorPB.submitReadRequestToOM(OzoneManagerProtocolServerSideTranslatorPB.java:226) ~[ozone-manager-1.3.0-SNAPSHOT.jar:?]
	at org.apache.hadoop.ozone.protocolPB.OzoneManagerProtocolServerSideTranslatorPB.processRequest(OzoneManagerProtocolServerSideTranslatorPB.java:175) ~[ozone-manager-1.3.0-SNAPSHOT.jar:?]
	at org.apache.hadoop.hdds.server.OzoneProtocolMessageDispatcher.processRequest(OzoneProtocolMessageDispatcher.java:87) [hdds-server-framework-1.3.0-SNAPSHOT.jar:?]
	at org.apache.hadoop.ozone.protocolPB.OzoneManagerProtocolServerSideTranslatorPB.submitRequest(OzoneManagerProtocolServerSideTranslatorPB.java:147) [ozone-manager-1.3.0-SNAPSHOT.jar:?]
	at org.apache.hadoop.ozone.protocol.proto.OzoneManagerProtocolProtos$OzoneManagerService$2.callBlockingMethod(OzoneManagerProtocolProtos.java) [ozone-interface-client-1.3.0-SNAPSHOT.jar:?]
	at org.apache.hadoop.ipc.ProtobufRpcEngine$Server.processCall(ProtobufRpcEngine.java:466) [hadoop-common-3.3.1.jar:?]
	at org.apache.hadoop.ipc.ProtobufRpcEngine2$Server$ProtoBufRpcInvoker.call(ProtobufRpcEngine2.java:574) [hadoop-common-3.3.1.jar:?]
	at org.apache.hadoop.ipc.ProtobufRpcEngine2$Server$ProtoBufRpcInvoker.call(ProtobufRpcEngine2.java:552) [hadoop-common-3.3.1.jar:?]
	at org.apache.hadoop.ipc.RPC$Server.call(RPC.java:1093) [hadoop-common-3.3.1.jar:?]
	at org.apache.hadoop.ipc.Server$RpcCall.run(Server.java:1035) [hadoop-common-3.3.1.jar:?]
	at org.apache.hadoop.ipc.Server$RpcCall.run(Server.java:963) [hadoop-common-3.3.1.jar:?]
	at java.security.AccessController.doPrivileged(Native Method) ~[?:1.8.0_332]
	at javax.security.auth.Subject.doAs(Subject.java:422) [?:1.8.0_332]
	at org.apache.hadoop.security.UserGroupInformation.doAs(UserGroupInformation.java:1878) [hadoop-common-3.3.1.jar:?]
	at org.apache.hadoop.ipc.Server$Handler.run(Server.java:2966) [hadoop-common-3.3.1.jar:?]
16:54:32.025 [IPC Server handler 9 on default port 44473] ERROR OMAudit - user=runner | ip=127.0.0.1 | op=GET_FILE_STATUS {volume=10c246f5-30da-4f64-9417-0545fd1c67f7, bucket=5b56f495-7b7e-4594-b8a8-f5f163119a25, key=.Trash, dataSize=0, replicationConfig=null} | ret=FAILURE
org.apache.hadoop.ozone.om.exceptions.OMException: Unable to get file status: volume: 10c246f5-30da-4f64-9417-0545fd1c67f7 bucket: 5b56f495-7b7e-4594-b8a8-f5f163119a25 key: .Trash
	at org.apache.hadoop.ozone.om.KeyManagerImpl.getOzoneFileStatus(KeyManagerImpl.java:1311) ~[ozone-manager-1.3.0-SNAPSHOT.jar:?]
	at org.apache.hadoop.ozone.om.KeyManagerImpl.getFileStatus(KeyManagerImpl.java:1241) ~[ozone-manager-1.3.0-SNAPSHOT.jar:?]
	at org.apache.hadoop.ozone.om.OzoneManager.getFileStatus(OzoneManager.java:3419) ~[ozone-manager-1.3.0-SNAPSHOT.jar:?]
	at org.apache.hadoop.ozone.protocolPB.OzoneManagerRequestHandler.getOzoneFileStatus(OzoneManagerRequestHandler.java:871) ~[ozone-manager-1.3.0-SNAPSHOT.jar:?]
	at org.apache.hadoop.ozone.protocolPB.OzoneManagerRequestHandler.handleReadRequest(OzoneManagerRequestHandler.java:217) ~[ozone-manager-1.3.0-SNAPSHOT.jar:?]
	at org.apache.hadoop.ozone.protocolPB.OzoneManagerProtocolServerSideTranslatorPB.submitReadRequestToOM(OzoneManagerProtocolServerSideTranslatorPB.java:226) ~[ozone-manager-1.3.0-SNAPSHOT.jar:?]
	at org.apache.hadoop.ozone.protocolPB.OzoneManagerProtocolServerSideTranslatorPB.processRequest(OzoneManagerProtocolServerSideTranslatorPB.java:175) ~[ozone-manager-1.3.0-SNAPSHOT.jar:?]
	at org.apache.hadoop.hdds.server.OzoneProtocolMessageDispatcher.processRequest(OzoneProtocolMessageDispatcher.java:87) [hdds-server-framework-1.3.0-SNAPSHOT.jar:?]
	at org.apache.hadoop.ozone.protocolPB.OzoneManagerProtocolServerSideTranslatorPB.submitRequest(OzoneManagerProtocolServerSideTranslatorPB.java:147) [ozone-manager-1.3.0-SNAPSHOT.jar:?]
	at org.apache.hadoop.ozone.protocol.proto.OzoneManagerProtocolProtos$OzoneManagerService$2.callBlockingMethod(OzoneManagerProtocolProtos.java) [ozone-interface-client-1.3.0-SNAPSHOT.jar:?]
	at org.apache.hadoop.ipc.ProtobufRpcEngine$Server.processCall(ProtobufRpcEngine.java:466) [hadoop-common-3.3.1.jar:?]
	at org.apache.hadoop.ipc.ProtobufRpcEngine2$Server$ProtoBufRpcInvoker.call(ProtobufRpcEngine2.java:574) [hadoop-common-3.3.1.jar:?]
	at org.apache.hadoop.ipc.ProtobufRpcEngine2$Server$ProtoBufRpcInvoker.call(ProtobufRpcEngine2.java:552) [hadoop-common-3.3.1.jar:?]
	at org.apache.hadoop.ipc.RPC$Server.call(RPC.java:1093) [hadoop-common-3.3.1.jar:?]
	at org.apache.hadoop.ipc.Server$RpcCall.run(Server.java:1035) [hadoop-common-3.3.1.jar:?]
	at org.apache.hadoop.ipc.Server$RpcCall.run(Server.java:963) [hadoop-common-3.3.1.jar:?]
	at java.security.AccessController.doPrivileged(Native Method) ~[?:1.8.0_332]
	at javax.security.auth.Subject.doAs(Subject.java:422) [?:1.8.0_332]
	at org.apache.hadoop.security.UserGroupInformation.doAs(UserGroupInformation.java:1878) [hadoop-common-3.3.1.jar:?]
	at org.apache.hadoop.ipc.Server$Handler.run(Server.java:2966) [hadoop-common-3.3.1.jar:?]
16:54:32.045 [IPC Server handler 6 on default port 44473] ERROR OMAudit - user=runner | ip=127.0.0.1 | op=GET_FILE_STATUS {volume=10c246f5-30da-4f64-9417-0545fd1c67f7, bucket=5b56f495-7b7e-4594-b8a8-f5f163119a25, key=.Trash/runner, dataSize=0, replicationConfig=null} | ret=FAILURE
org.apache.hadoop.ozone.om.exceptions.OMException: Unable to get file status: volume: 10c246f5-30da-4f64-9417-0545fd1c67f7 bucket: 5b56f495-7b7e-4594-b8a8-f5f163119a25 key: .Trash/runner
	at org.apache.hadoop.ozone.om.KeyManagerImpl.getOzoneFileStatus(KeyManagerImpl.java:1311) ~[ozone-manager-1.3.0-SNAPSHOT.jar:?]
	at org.apache.hadoop.ozone.om.KeyManagerImpl.getFileStatus(KeyManagerImpl.java:1241) ~[ozone-manager-1.3.0-SNAPSHOT.jar:?]
	at org.apache.hadoop.ozone.om.OzoneManager.getFileStatus(OzoneManager.java:3419) ~[ozone-manager-1.3.0-SNAPSHOT.jar:?]
	at org.apache.hadoop.ozone.protocolPB.OzoneManagerRequestHandler.getOzoneFileStatus(OzoneManagerRequestHandler.java:871) ~[ozone-manager-1.3.0-SNAPSHOT.jar:?]
	at org.apache.hadoop.ozone.protocolPB.OzoneManagerRequestHandler.handleReadRequest(OzoneManagerRequestHandler.java:217) ~[ozone-manager-1.3.0-SNAPSHOT.jar:?]
	at org.apache.hadoop.ozone.protocolPB.OzoneManagerProtocolServerSideTranslatorPB.submitReadRequestToOM(OzoneManagerProtocolServerSideTranslatorPB.java:226) ~[ozone-manager-1.3.0-SNAPSHOT.jar:?]
	at org.apache.hadoop.ozone.protocolPB.OzoneManagerProtocolServerSideTranslatorPB.processRequest(OzoneManagerProtocolServerSideTranslatorPB.java:175) ~[ozone-manager-1.3.0-SNAPSHOT.jar:?]
	at org.apache.hadoop.hdds.server.OzoneProtocolMessageDispatcher.processRequest(OzoneProtocolMessageDispatcher.java:87) [hdds-server-framework-1.3.0-SNAPSHOT.jar:?]
	at org.apache.hadoop.ozone.protocolPB.OzoneManagerProtocolServerSideTranslatorPB.submitRequest(OzoneManagerProtocolServerSideTranslatorPB.java:147) [ozone-manager-1.3.0-SNAPSHOT.jar:?]
	at org.apache.hadoop.ozone.protocol.proto.OzoneManagerProtocolProtos$OzoneManagerService$2.callBlockingMethod(OzoneManagerProtocolProtos.java) [ozone-interface-client-1.3.0-SNAPSHOT.jar:?]
	at org.apache.hadoop.ipc.ProtobufRpcEngine$Server.processCall(ProtobufRpcEngine.java:466) [hadoop-common-3.3.1.jar:?]
	at org.apache.hadoop.ipc.ProtobufRpcEngine2$Server$ProtoBufRpcInvoker.call(ProtobufRpcEngine2.java:574) [hadoop-common-3.3.1.jar:?]
	at org.apache.hadoop.ipc.ProtobufRpcEngine2$Server$ProtoBufRpcInvoker.call(ProtobufRpcEngine2.java:552) [hadoop-common-3.3.1.jar:?]
	at org.apache.hadoop.ipc.RPC$Server.call(RPC.java:1093) [hadoop-common-3.3.1.jar:?]
	at org.apache.hadoop.ipc.Server$RpcCall.run(Server.java:1035) [hadoop-common-3.3.1.jar:?]
	at org.apache.hadoop.ipc.Server$RpcCall.run(Server.java:963) [hadoop-common-3.3.1.jar:?]
	at java.security.AccessController.doPrivileged(Native Method) ~[?:1.8.0_332]
	at javax.security.auth.Subject.doAs(Subject.java:422) [?:1.8.0_332]
	at org.apache.hadoop.security.UserGroupInformation.doAs(UserGroupInformation.java:1878) [hadoop-common-3.3.1.jar:?]
	at org.apache.hadoop.ipc.Server$Handler.run(Server.java:2966) [hadoop-common-3.3.1.jar:?]
16:54:32.058 [IPC Server handler 0 on default port 44473] ERROR OMAudit - user=runner | ip=127.0.0.1 | op=GET_FILE_STATUS {volume=10c246f5-30da-4f64-9417-0545fd1c67f7, bucket=5b56f495-7b7e-4594-b8a8-f5f163119a25, key=.Trash, dataSize=0, replicationConfig=null} | ret=FAILURE
org.apache.hadoop.ozone.om.exceptions.OMException: Unable to get file status: volume: 10c246f5-30da-4f64-9417-0545fd1c67f7 bucket: 5b56f495-7b7e-4594-b8a8-f5f163119a25 key: .Trash
	at org.apache.hadoop.ozone.om.KeyManagerImpl.getOzoneFileStatus(KeyManagerImpl.java:1311) ~[ozone-manager-1.3.0-SNAPSHOT.jar:?]
	at org.apache.hadoop.ozone.om.KeyManagerImpl.getFileStatus(KeyManagerImpl.java:1241) ~[ozone-manager-1.3.0-SNAPSHOT.jar:?]
	at org.apache.hadoop.ozone.om.OzoneManager.getFileStatus(OzoneManager.java:3419) ~[ozone-manager-1.3.0-SNAPSHOT.jar:?]
	at org.apache.hadoop.ozone.protocolPB.OzoneManagerRequestHandler.getOzoneFileStatus(OzoneManagerRequestHandler.java:871) ~[ozone-manager-1.3.0-SNAPSHOT.jar:?]
	at org.apache.hadoop.ozone.protocolPB.OzoneManagerRequestHandler.handleReadRequest(OzoneManagerRequestHandler.java:217) ~[ozone-manager-1.3.0-SNAPSHOT.jar:?]
	at org.apache.hadoop.ozone.protocolPB.OzoneManagerProtocolServerSideTranslatorPB.submitReadRequestToOM(OzoneManagerProtocolServerSideTranslatorPB.java:226) ~[ozone-manager-1.3.0-SNAPSHOT.jar:?]
	at org.apache.hadoop.ozone.protocolPB.OzoneManagerProtocolServerSideTranslatorPB.processRequest(OzoneManagerProtocolServerSideTranslatorPB.java:175) ~[ozone-manager-1.3.0-SNAPSHOT.jar:?]
	at org.apache.hadoop.hdds.server.OzoneProtocolMessageDispatcher.processRequest(OzoneProtocolMessageDispatcher.java:87) [hdds-server-framework-1.3.0-SNAPSHOT.jar:?]
	at org.apache.hadoop.ozone.protocolPB.OzoneManagerProtocolServerSideTranslatorPB.submitRequest(OzoneManagerProtocolServerSideTranslatorPB.java:147) [ozone-manager-1.3.0-SNAPSHOT.jar:?]
	at org.apache.hadoop.ozone.protocol.proto.OzoneManagerProtocolProtos$OzoneManagerService$2.callBlockingMethod(OzoneManagerProtocolProtos.java) [ozone-interface-client-1.3.0-SNAPSHOT.jar:?]
	at org.apache.hadoop.ipc.ProtobufRpcEngine$Server.processCall(ProtobufRpcEngine.java:466) [hadoop-common-3.3.1.jar:?]
	at org.apache.hadoop.ipc.ProtobufRpcEngine2$Server$ProtoBufRpcInvoker.call(ProtobufRpcEngine2.java:574) [hadoop-common-3.3.1.jar:?]
	at org.apache.hadoop.ipc.ProtobufRpcEngine2$Server$ProtoBufRpcInvoker.call(ProtobufRpcEngine2.java:552) [hadoop-common-3.3.1.jar:?]
	at org.apache.hadoop.ipc.RPC$Server.call(RPC.java:1093) [hadoop-common-3.3.1.jar:?]
	at org.apache.hadoop.ipc.Server$RpcCall.run(Server.java:1035) [hadoop-common-3.3.1.jar:?]
	at org.apache.hadoop.ipc.Server$RpcCall.run(Server.java:963) [hadoop-common-3.3.1.jar:?]
	at java.security.AccessController.doPrivileged(Native Method) ~[?:1.8.0_332]
	at javax.security.auth.Subject.doAs(Subject.java:422) [?:1.8.0_332]
	at org.apache.hadoop.security.UserGroupInformation.doAs(UserGroupInformation.java:1878) [hadoop-common-3.3.1.jar:?]
	at org.apache.hadoop.ipc.Server$Handler.run(Server.java:2966) [hadoop-common-3.3.1.jar:?]
2022-06-27 16:54:32,068 [Time-limited test] INFO  rpc.RpcClient (RpcClient.java:createBucket(666)) - Creating Bucket: volume54665/trashroottest2, with the Bucket Layout LEGACY, runner as owner, Versioning false, Storage Type set to DISK and Encryption set to false 
2022-06-27 16:54:32,070 [OM StateMachine ApplyTransaction Thread - 0] INFO  bucket.OMBucketCreateRequest (OMBucketCreateRequest.java:validateAndUpdateCache(260)) - created bucket: trashroottest2 of layout LEGACY in volume: volume54665
16:54:32.130 [IPC Server handler 2 on default port 44473] ERROR OMAudit - user=runner | ip=127.0.0.1 | op=GET_FILE_STATUS {volume=10c246f5-30da-4f64-9417-0545fd1c67f7, bucket=5b56f495-7b7e-4594-b8a8-f5f163119a25, key=.Trash/runner, dataSize=0, replicationConfig=null} | ret=FAILURE
org.apache.hadoop.ozone.om.exceptions.OMException: Unable to get file status: volume: 10c246f5-30da-4f64-9417-0545fd1c67f7 bucket: 5b56f495-7b7e-4594-b8a8-f5f163119a25 key: .Trash/runner
	at org.apache.hadoop.ozone.om.KeyManagerImpl.getOzoneFileStatus(KeyManagerImpl.java:1311) ~[ozone-manager-1.3.0-SNAPSHOT.jar:?]
	at org.apache.hadoop.ozone.om.KeyManagerImpl.getFileStatus(KeyManagerImpl.java:1241) ~[ozone-manager-1.3.0-SNAPSHOT.jar:?]
	at org.apache.hadoop.ozone.om.OzoneManager.getFileStatus(OzoneManager.java:3419) ~[ozone-manager-1.3.0-SNAPSHOT.jar:?]
	at org.apache.hadoop.ozone.protocolPB.OzoneManagerRequestHandler.getOzoneFileStatus(OzoneManagerRequestHandler.java:871) ~[ozone-manager-1.3.0-SNAPSHOT.jar:?]
	at org.apache.hadoop.ozone.protocolPB.OzoneManagerRequestHandler.handleReadRequest(OzoneManagerRequestHandler.java:217) ~[ozone-manager-1.3.0-SNAPSHOT.jar:?]
	at org.apache.hadoop.ozone.protocolPB.OzoneManagerProtocolServerSideTranslatorPB.submitReadRequestToOM(OzoneManagerProtocolServerSideTranslatorPB.java:226) ~[ozone-manager-1.3.0-SNAPSHOT.jar:?]
	at org.apache.hadoop.ozone.protocolPB.OzoneManagerProtocolServerSideTranslatorPB.processRequest(OzoneManagerProtocolServerSideTranslatorPB.java:175) ~[ozone-manager-1.3.0-SNAPSHOT.jar:?]
	at org.apache.hadoop.hdds.server.OzoneProtocolMessageDispatcher.processRequest(OzoneProtocolMessageDispatcher.java:87) [hdds-server-framework-1.3.0-SNAPSHOT.jar:?]
	at org.apache.hadoop.ozone.protocolPB.OzoneManagerProtocolServerSideTranslatorPB.submitRequest(OzoneManagerProtocolServerSideTranslatorPB.java:147) [ozone-manager-1.3.0-SNAPSHOT.jar:?]
	at org.apache.hadoop.ozone.protocol.proto.OzoneManagerProtocolProtos$OzoneManagerService$2.callBlockingMethod(OzoneManagerProtocolProtos.java) [ozone-interface-client-1.3.0-SNAPSHOT.jar:?]
	at org.apache.hadoop.ipc.ProtobufRpcEngine$Server.processCall(ProtobufRpcEngine.java:466) [hadoop-common-3.3.1.jar:?]
	at org.apache.hadoop.ipc.ProtobufRpcEngine2$Server$ProtoBufRpcInvoker.call(ProtobufRpcEngine2.java:574) [hadoop-common-3.3.1.jar:?]
	at org.apache.hadoop.ipc.ProtobufRpcEngine2$Server$ProtoBufRpcInvoker.call(ProtobufRpcEngine2.java:552) [hadoop-common-3.3.1.jar:?]
	at org.apache.hadoop.ipc.RPC$Server.call(RPC.java:1093) [hadoop-common-3.3.1.jar:?]
	at org.apache.hadoop.ipc.Server$RpcCall.run(Server.java:1035) [hadoop-common-3.3.1.jar:?]
	at org.apache.hadoop.ipc.Server$RpcCall.run(Server.java:963) [hadoop-common-3.3.1.jar:?]
	at java.security.AccessController.doPrivileged(Native Method) ~[?:1.8.0_332]
	at javax.security.auth.Subject.doAs(Subject.java:422) [?:1.8.0_332]
	at org.apache.hadoop.security.UserGroupInformation.doAs(UserGroupInformation.java:1878) [hadoop-common-3.3.1.jar:?]
	at org.apache.hadoop.ipc.Server$Handler.run(Server.java:2966) [hadoop-common-3.3.1.jar:?]
16:54:32.147 [IPC Server handler 0 on default port 44473] ERROR OMAudit - user=runner | ip=127.0.0.1 | op=GET_FILE_STATUS {volume=10c246f5-30da-4f64-9417-0545fd1c67f7, bucket=5b56f495-7b7e-4594-b8a8-f5f163119a25, key=.Trash, dataSize=0, replicationConfig=null} | ret=FAILURE
org.apache.hadoop.ozone.om.exceptions.OMException: Unable to get file status: volume: 10c246f5-30da-4f64-9417-0545fd1c67f7 bucket: 5b56f495-7b7e-4594-b8a8-f5f163119a25 key: .Trash
	at org.apache.hadoop.ozone.om.KeyManagerImpl.getOzoneFileStatus(KeyManagerImpl.java:1311) ~[ozone-manager-1.3.0-SNAPSHOT.jar:?]
	at org.apache.hadoop.ozone.om.KeyManagerImpl.getFileStatus(KeyManagerImpl.java:1241) ~[ozone-manager-1.3.0-SNAPSHOT.jar:?]
	at org.apache.hadoop.ozone.om.OzoneManager.getFileStatus(OzoneManager.java:3419) ~[ozone-manager-1.3.0-SNAPSHOT.jar:?]
	at org.apache.hadoop.ozone.protocolPB.OzoneManagerRequestHandler.getOzoneFileStatus(OzoneManagerRequestHandler.java:871) ~[ozone-manager-1.3.0-SNAPSHOT.jar:?]
	at org.apache.hadoop.ozone.protocolPB.OzoneManagerRequestHandler.handleReadRequest(OzoneManagerRequestHandler.java:217) ~[ozone-manager-1.3.0-SNAPSHOT.jar:?]
	at org.apache.hadoop.ozone.protocolPB.OzoneManagerProtocolServerSideTranslatorPB.submitReadRequestToOM(OzoneManagerProtocolServerSideTranslatorPB.java:226) ~[ozone-manager-1.3.0-SNAPSHOT.jar:?]
	at org.apache.hadoop.ozone.protocolPB.OzoneManagerProtocolServerSideTranslatorPB.processRequest(OzoneManagerProtocolServerSideTranslatorPB.java:175) ~[ozone-manager-1.3.0-SNAPSHOT.jar:?]
	at org.apache.hadoop.hdds.server.OzoneProtocolMessageDispatcher.processRequest(OzoneProtocolMessageDispatcher.java:87) [hdds-server-framework-1.3.0-SNAPSHOT.jar:?]
	at org.apache.hadoop.ozone.protocolPB.OzoneManagerProtocolServerSideTranslatorPB.submitRequest(OzoneManagerProtocolServerSideTranslatorPB.java:147) [ozone-manager-1.3.0-SNAPSHOT.jar:?]
	at org.apache.hadoop.ozone.protocol.proto.OzoneManagerProtocolProtos$OzoneManagerService$2.callBlockingMethod(OzoneManagerProtocolProtos.java) [ozone-interface-client-1.3.0-SNAPSHOT.jar:?]
	at org.apache.hadoop.ipc.ProtobufRpcEngine$Server.processCall(ProtobufRpcEngine.java:466) [hadoop-common-3.3.1.jar:?]
	at org.apache.hadoop.ipc.ProtobufRpcEngine2$Server$ProtoBufRpcInvoker.call(ProtobufRpcEngine2.java:574) [hadoop-common-3.3.1.jar:?]
	at org.apache.hadoop.ipc.ProtobufRpcEngine2$Server$ProtoBufRpcInvoker.call(ProtobufRpcEngine2.java:552) [hadoop-common-3.3.1.jar:?]
	at org.apache.hadoop.ipc.RPC$Server.call(RPC.java:1093) [hadoop-common-3.3.1.jar:?]
	at org.apache.hadoop.ipc.Server$RpcCall.run(Server.java:1035) [hadoop-common-3.3.1.jar:?]
	at org.apache.hadoop.ipc.Server$RpcCall.run(Server.java:963) [hadoop-common-3.3.1.jar:?]
	at java.security.AccessController.doPrivileged(Native Method) ~[?:1.8.0_332]
	at javax.security.auth.Subject.doAs(Subject.java:422) [?:1.8.0_332]
	at org.apache.hadoop.security.UserGroupInformation.doAs(UserGroupInformation.java:1878) [hadoop-common-3.3.1.jar:?]
	at org.apache.hadoop.ipc.Server$Handler.run(Server.java:2966) [hadoop-common-3.3.1.jar:?]
16:54:32.181 [IPC Server handler 15 on default port 44473] ERROR OMAudit - user=runner | ip=127.0.0.1 | op=GET_FILE_STATUS {volume=10c246f5-30da-4f64-9417-0545fd1c67f7, bucket=5b56f495-7b7e-4594-b8a8-f5f163119a25, key=.Trash/runner, dataSize=0, replicationConfig=null} | ret=FAILURE
org.apache.hadoop.ozone.om.exceptions.OMException: Unable to get file status: volume: 10c246f5-30da-4f64-9417-0545fd1c67f7 bucket: 5b56f495-7b7e-4594-b8a8-f5f163119a25 key: .Trash/runner
	at org.apache.hadoop.ozone.om.KeyManagerImpl.getOzoneFileStatus(KeyManagerImpl.java:1311) ~[ozone-manager-1.3.0-SNAPSHOT.jar:?]
	at org.apache.hadoop.ozone.om.KeyManagerImpl.getFileStatus(KeyManagerImpl.java:1241) ~[ozone-manager-1.3.0-SNAPSHOT.jar:?]
	at org.apache.hadoop.ozone.om.OzoneManager.getFileStatus(OzoneManager.java:3419) ~[ozone-manager-1.3.0-SNAPSHOT.jar:?]
	at org.apache.hadoop.ozone.protocolPB.OzoneManagerRequestHandler.getOzoneFileStatus(OzoneManagerRequestHandler.java:871) ~[ozone-manager-1.3.0-SNAPSHOT.jar:?]
	at org.apache.hadoop.ozone.protocolPB.OzoneManagerRequestHandler.handleReadRequest(OzoneManagerRequestHandler.java:217) ~[ozone-manager-1.3.0-SNAPSHOT.jar:?]
	at org.apache.hadoop.ozone.protocolPB.OzoneManagerProtocolServerSideTranslatorPB.submitReadRequestToOM(OzoneManagerProtocolServerSideTranslatorPB.java:226) ~[ozone-manager-1.3.0-SNAPSHOT.jar:?]
	at org.apache.hadoop.ozone.protocolPB.OzoneManagerProtocolServerSideTranslatorPB.processRequest(OzoneManagerProtocolServerSideTranslatorPB.java:175) ~[ozone-manager-1.3.0-SNAPSHOT.jar:?]
	at org.apache.hadoop.hdds.server.OzoneProtocolMessageDispatcher.processRequest(OzoneProtocolMessageDispatcher.java:87) [hdds-server-framework-1.3.0-SNAPSHOT.jar:?]
	at org.apache.hadoop.ozone.protocolPB.OzoneManagerProtocolServerSideTranslatorPB.submitRequest(OzoneManagerProtocolServerSideTranslatorPB.java:147) [ozone-manager-1.3.0-SNAPSHOT.jar:?]
	at org.apache.hadoop.ozone.protocol.proto.OzoneManagerProtocolProtos$OzoneManagerService$2.callBlockingMethod(OzoneManagerProtocolProtos.java) [ozone-interface-client-1.3.0-SNAPSHOT.jar:?]
	at org.apache.hadoop.ipc.ProtobufRpcEngine$Server.processCall(ProtobufRpcEngine.java:466) [hadoop-common-3.3.1.jar:?]
	at org.apache.hadoop.ipc.ProtobufRpcEngine2$Server$ProtoBufRpcInvoker.call(ProtobufRpcEngine2.java:574) [hadoop-common-3.3.1.jar:?]
	at org.apache.hadoop.ipc.ProtobufRpcEngine2$Server$ProtoBufRpcInvoker.call(ProtobufRpcEngine2.java:552) [hadoop-common-3.3.1.jar:?]
	at org.apache.hadoop.ipc.RPC$Server.call(RPC.java:1093) [hadoop-common-3.3.1.jar:?]
	at org.apache.hadoop.ipc.Server$RpcCall.run(Server.java:1035) [hadoop-common-3.3.1.jar:?]
	at org.apache.hadoop.ipc.Server$RpcCall.run(Server.java:963) [hadoop-common-3.3.1.jar:?]
	at java.security.AccessController.doPrivileged(Native Method) ~[?:1.8.0_332]
	at javax.security.auth.Subject.doAs(Subject.java:422) [?:1.8.0_332]
	at org.apache.hadoop.security.UserGroupInformation.doAs(UserGroupInformation.java:1878) [hadoop-common-3.3.1.jar:?]
	at org.apache.hadoop.ipc.Server$Handler.run(Server.java:2966) [hadoop-common-3.3.1.jar:?]
16:54:32.195 [IPC Server handler 14 on default port 44473] ERROR OMAudit - user=runner | ip=127.0.0.1 | op=GET_FILE_STATUS {volume=10c246f5-30da-4f64-9417-0545fd1c67f7, bucket=5b56f495-7b7e-4594-b8a8-f5f163119a25, key=.Trash, dataSize=0, replicationConfig=null} | ret=FAILURE
org.apache.hadoop.ozone.om.exceptions.OMException: Unable to get file status: volume: 10c246f5-30da-4f64-9417-0545fd1c67f7 bucket: 5b56f495-7b7e-4594-b8a8-f5f163119a25 key: .Trash
	at org.apache.hadoop.ozone.om.KeyManagerImpl.getOzoneFileStatus(KeyManagerImpl.java:1311) ~[ozone-manager-1.3.0-SNAPSHOT.jar:?]
	at org.apache.hadoop.ozone.om.KeyManagerImpl.getFileStatus(KeyManagerImpl.java:1241) ~[ozone-manager-1.3.0-SNAPSHOT.jar:?]
	at org.apache.hadoop.ozone.om.OzoneManager.getFileStatus(OzoneManager.java:3419) ~[ozone-manager-1.3.0-SNAPSHOT.jar:?]
	at org.apache.hadoop.ozone.protocolPB.OzoneManagerRequestHandler.getOzoneFileStatus(OzoneManagerRequestHandler.java:871) ~[ozone-manager-1.3.0-SNAPSHOT.jar:?]
	at org.apache.hadoop.ozone.protocolPB.OzoneManagerRequestHandler.handleReadRequest(OzoneManagerRequestHandler.java:217) ~[ozone-manager-1.3.0-SNAPSHOT.jar:?]
	at org.apache.hadoop.ozone.protocolPB.OzoneManagerProtocolServerSideTranslatorPB.submitReadRequestToOM(OzoneManagerProtocolServerSideTranslatorPB.java:226) ~[ozone-manager-1.3.0-SNAPSHOT.jar:?]
	at org.apache.hadoop.ozone.protocolPB.OzoneManagerProtocolServerSideTranslatorPB.processRequest(OzoneManagerProtocolServerSideTranslatorPB.java:175) ~[ozone-manager-1.3.0-SNAPSHOT.jar:?]
	at org.apache.hadoop.hdds.server.OzoneProtocolMessageDispatcher.processRequest(OzoneProtocolMessageDispatcher.java:87) [hdds-server-framework-1.3.0-SNAPSHOT.jar:?]
	at org.apache.hadoop.ozone.protocolPB.OzoneManagerProtocolServerSideTranslatorPB.submitRequest(OzoneManagerProtocolServerSideTranslatorPB.java:147) [ozone-manager-1.3.0-SNAPSHOT.jar:?]
	at org.apache.hadoop.ozone.protocol.proto.OzoneManagerProtocolProtos$OzoneManagerService$2.callBlockingMethod(OzoneManagerProtocolProtos.java) [ozone-interface-client-1.3.0-SNAPSHOT.jar:?]
	at org.apache.hadoop.ipc.ProtobufRpcEngine$Server.processCall(ProtobufRpcEngine.java:466) [hadoop-common-3.3.1.jar:?]
	at org.apache.hadoop.ipc.ProtobufRpcEngine2$Server$ProtoBufRpcInvoker.call(ProtobufRpcEngine2.java:574) [hadoop-common-3.3.1.jar:?]
	at org.apache.hadoop.ipc.ProtobufRpcEngine2$Server$ProtoBufRpcInvoker.call(ProtobufRpcEngine2.java:552) [hadoop-common-3.3.1.jar:?]
	at org.apache.hadoop.ipc.RPC$Server.call(RPC.java:1093) [hadoop-common-3.3.1.jar:?]
	at org.apache.hadoop.ipc.Server$RpcCall.run(Server.java:1035) [hadoop-common-3.3.1.jar:?]
	at org.apache.hadoop.ipc.Server$RpcCall.run(Server.java:963) [hadoop-common-3.3.1.jar:?]
	at java.security.AccessController.doPrivileged(Native Method) ~[?:1.8.0_332]
	at javax.security.auth.Subject.doAs(Subject.java:422) [?:1.8.0_332]
	at org.apache.hadoop.security.UserGroupInformation.doAs(UserGroupInformation.java:1878) [hadoop-common-3.3.1.jar:?]
	at org.apache.hadoop.ipc.Server$Handler.run(Server.java:2966) [hadoop-common-3.3.1.jar:?]
2022-06-27 16:54:32,245 [Time-limited test] INFO  rpc.RpcClient (RpcClient.java:createVolume(466)) - Creating Volume: volume21896, with user73952 as owner and space quota set to -1 bytes, counts quota set to -1
2022-06-27 16:54:32,247 [OM StateMachine ApplyTransaction Thread - 0] INFO  volume.OMVolumeCreateRequest (OMVolumeCreateRequest.java:validateAndUpdateCache(195)) - created volume:volume21896 for user:user73952
2022-06-27 16:54:32,251 [Time-limited test] INFO  rpc.RpcClient (RpcClient.java:createBucket(666)) - Creating Bucket: volume21896/bucket32187, with the Bucket Layout LEGACY, runner as owner, Versioning false, Storage Type set to DISK and Encryption set to false 
2022-06-27 16:54:32,253 [OM StateMachine ApplyTransaction Thread - 0] INFO  bucket.OMBucketCreateRequest (OMBucketCreateRequest.java:validateAndUpdateCache(260)) - created bucket: bucket32187 of layout LEGACY in volume: volume21896
16:54:32.264 [IPC Server handler 7 on default port 44473] ERROR OMAudit - user=runner | ip=127.0.0.1 | op=GET_FILE_STATUS {volume=10c246f5-30da-4f64-9417-0545fd1c67f7, bucket=5b56f495-7b7e-4594-b8a8-f5f163119a25, key=.Trash/runner, dataSize=0, replicationConfig=null} | ret=FAILURE
org.apache.hadoop.ozone.om.exceptions.OMException: Unable to get file status: volume: 10c246f5-30da-4f64-9417-0545fd1c67f7 bucket: 5b56f495-7b7e-4594-b8a8-f5f163119a25 key: .Trash/runner
	at org.apache.hadoop.ozone.om.KeyManagerImpl.getOzoneFileStatus(KeyManagerImpl.java:1311) ~[ozone-manager-1.3.0-SNAPSHOT.jar:?]
	at org.apache.hadoop.ozone.om.KeyManagerImpl.getFileStatus(KeyManagerImpl.java:1241) ~[ozone-manager-1.3.0-SNAPSHOT.jar:?]
	at org.apache.hadoop.ozone.om.OzoneManager.getFileStatus(OzoneManager.java:3419) ~[ozone-manager-1.3.0-SNAPSHOT.jar:?]
	at org.apache.hadoop.ozone.protocolPB.OzoneManagerRequestHandler.getOzoneFileStatus(OzoneManagerRequestHandler.java:871) ~[ozone-manager-1.3.0-SNAPSHOT.jar:?]
	at org.apache.hadoop.ozone.protocolPB.OzoneManagerRequestHandler.handleReadRequest(OzoneManagerRequestHandler.java:217) ~[ozone-manager-1.3.0-SNAPSHOT.jar:?]
	at org.apache.hadoop.ozone.protocolPB.OzoneManagerProtocolServerSideTranslatorPB.submitReadRequestToOM(OzoneManagerProtocolServerSideTranslatorPB.java:226) ~[ozone-manager-1.3.0-SNAPSHOT.jar:?]
	at org.apache.hadoop.ozone.protocolPB.OzoneManagerProtocolServerSideTranslatorPB.processRequest(OzoneManagerProtocolServerSideTranslatorPB.java:175) ~[ozone-manager-1.3.0-SNAPSHOT.jar:?]
	at org.apache.hadoop.hdds.server.OzoneProtocolMessageDispatcher.processRequest(OzoneProtocolMessageDispatcher.java:87) [hdds-server-framework-1.3.0-SNAPSHOT.jar:?]
	at org.apache.hadoop.ozone.protocolPB.OzoneManagerProtocolServerSideTranslatorPB.submitRequest(OzoneManagerProtocolServerSideTranslatorPB.java:147) [ozone-manager-1.3.0-SNAPSHOT.jar:?]
	at org.apache.hadoop.ozone.protocol.proto.OzoneManagerProtocolProtos$OzoneManagerService$2.callBlockingMethod(OzoneManagerProtocolProtos.java) [ozone-interface-client-1.3.0-SNAPSHOT.jar:?]
	at org.apache.hadoop.ipc.ProtobufRpcEngine$Server.processCall(ProtobufRpcEngine.java:466) [hadoop-common-3.3.1.jar:?]
	at org.apache.hadoop.ipc.ProtobufRpcEngine2$Server$ProtoBufRpcInvoker.call(ProtobufRpcEngine2.java:574) [hadoop-common-3.3.1.jar:?]
	at org.apache.hadoop.ipc.ProtobufRpcEngine2$Server$ProtoBufRpcInvoker.call(ProtobufRpcEngine2.java:552) [hadoop-common-3.3.1.jar:?]
	at org.apache.hadoop.ipc.RPC$Server.call(RPC.java:1093) [hadoop-common-3.3.1.jar:?]
	at org.apache.hadoop.ipc.Server$RpcCall.run(Server.java:1035) [hadoop-common-3.3.1.jar:?]
	at org.apache.hadoop.ipc.Server$RpcCall.run(Server.java:963) [hadoop-common-3.3.1.jar:?]
	at java.security.AccessController.doPrivileged(Native Method) ~[?:1.8.0_332]
	at javax.security.auth.Subject.doAs(Subject.java:422) [?:1.8.0_332]
	at org.apache.hadoop.security.UserGroupInformation.doAs(UserGroupInformation.java:1878) [hadoop-common-3.3.1.jar:?]
	at org.apache.hadoop.ipc.Server$Handler.run(Server.java:2966) [hadoop-common-3.3.1.jar:?]
16:54:32.285 [IPC Server handler 16 on default port 44473] ERROR OMAudit - user=runner | ip=127.0.0.1 | op=GET_FILE_STATUS {volume=10c246f5-30da-4f64-9417-0545fd1c67f7, bucket=5b56f495-7b7e-4594-b8a8-f5f163119a25, key=.Trash, dataSize=0, replicationConfig=null} | ret=FAILURE
org.apache.hadoop.ozone.om.exceptions.OMException: Unable to get file status: volume: 10c246f5-30da-4f64-9417-0545fd1c67f7 bucket: 5b56f495-7b7e-4594-b8a8-f5f163119a25 key: .Trash
	at org.apache.hadoop.ozone.om.KeyManagerImpl.getOzoneFileStatus(KeyManagerImpl.java:1311) ~[ozone-manager-1.3.0-SNAPSHOT.jar:?]
	at org.apache.hadoop.ozone.om.KeyManagerImpl.getFileStatus(KeyManagerImpl.java:1241) ~[ozone-manager-1.3.0-SNAPSHOT.jar:?]
	at org.apache.hadoop.ozone.om.OzoneManager.getFileStatus(OzoneManager.java:3419) ~[ozone-manager-1.3.0-SNAPSHOT.jar:?]
	at org.apache.hadoop.ozone.protocolPB.OzoneManagerRequestHandler.getOzoneFileStatus(OzoneManagerRequestHandler.java:871) ~[ozone-manager-1.3.0-SNAPSHOT.jar:?]
	at org.apache.hadoop.ozone.protocolPB.OzoneManagerRequestHandler.handleReadRequest(OzoneManagerRequestHandler.java:217) ~[ozone-manager-1.3.0-SNAPSHOT.jar:?]
	at org.apache.hadoop.ozone.protocolPB.OzoneManagerProtocolServerSideTranslatorPB.submitReadRequestToOM(OzoneManagerProtocolServerSideTranslatorPB.java:226) ~[ozone-manager-1.3.0-SNAPSHOT.jar:?]
	at org.apache.hadoop.ozone.protocolPB.OzoneManagerProtocolServerSideTranslatorPB.processRequest(OzoneManagerProtocolServerSideTranslatorPB.java:175) ~[ozone-manager-1.3.0-SNAPSHOT.jar:?]
	at org.apache.hadoop.hdds.server.OzoneProtocolMessageDispatcher.processRequest(OzoneProtocolMessageDispatcher.java:87) [hdds-server-framework-1.3.0-SNAPSHOT.jar:?]
	at org.apache.hadoop.ozone.protocolPB.OzoneManagerProtocolServerSideTranslatorPB.submitRequest(OzoneManagerProtocolServerSideTranslatorPB.java:147) [ozone-manager-1.3.0-SNAPSHOT.jar:?]
	at org.apache.hadoop.ozone.protocol.proto.OzoneManagerProtocolProtos$OzoneManagerService$2.callBlockingMethod(OzoneManagerProtocolProtos.java) [ozone-interface-client-1.3.0-SNAPSHOT.jar:?]
	at org.apache.hadoop.ipc.ProtobufRpcEngine$Server.processCall(ProtobufRpcEngine.java:466) [hadoop-common-3.3.1.jar:?]
	at org.apache.hadoop.ipc.ProtobufRpcEngine2$Server$ProtoBufRpcInvoker.call(ProtobufRpcEngine2.java:574) [hadoop-common-3.3.1.jar:?]
	at org.apache.hadoop.ipc.ProtobufRpcEngine2$Server$ProtoBufRpcInvoker.call(ProtobufRpcEngine2.java:552) [hadoop-common-3.3.1.jar:?]
	at org.apache.hadoop.ipc.RPC$Server.call(RPC.java:1093) [hadoop-common-3.3.1.jar:?]
	at org.apache.hadoop.ipc.Server$RpcCall.run(Server.java:1035) [hadoop-common-3.3.1.jar:?]
	at org.apache.hadoop.ipc.Server$RpcCall.run(Server.java:963) [hadoop-common-3.3.1.jar:?]
	at java.security.AccessController.doPrivileged(Native Method) ~[?:1.8.0_332]
	at javax.security.auth.Subject.doAs(Subject.java:422) [?:1.8.0_332]
	at org.apache.hadoop.security.UserGroupInformation.doAs(UserGroupInformation.java:1878) [hadoop-common-3.3.1.jar:?]
	at org.apache.hadoop.ipc.Server$Handler.run(Server.java:2966) [hadoop-common-3.3.1.jar:?]
16:54:32.318 [IPC Server handler 8 on default port 44473] ERROR OMAudit - user=runner | ip=127.0.0.1 | op=GET_FILE_STATUS {volume=10c246f5-30da-4f64-9417-0545fd1c67f7, bucket=5b56f495-7b7e-4594-b8a8-f5f163119a25, key=.Trash/runner, dataSize=0, replicationConfig=null} | ret=FAILURE
org.apache.hadoop.ozone.om.exceptions.OMException: Unable to get file status: volume: 10c246f5-30da-4f64-9417-0545fd1c67f7 bucket: 5b56f495-7b7e-4594-b8a8-f5f163119a25 key: .Trash/runner
	at org.apache.hadoop.ozone.om.KeyManagerImpl.getOzoneFileStatus(KeyManagerImpl.java:1311) ~[ozone-manager-1.3.0-SNAPSHOT.jar:?]
	at org.apache.hadoop.ozone.om.KeyManagerImpl.getFileStatus(KeyManagerImpl.java:1241) ~[ozone-manager-1.3.0-SNAPSHOT.jar:?]
	at org.apache.hadoop.ozone.om.OzoneManager.getFileStatus(OzoneManager.java:3419) ~[ozone-manager-1.3.0-SNAPSHOT.jar:?]
	at org.apache.hadoop.ozone.protocolPB.OzoneManagerRequestHandler.getOzoneFileStatus(OzoneManagerRequestHandler.java:871) ~[ozone-manager-1.3.0-SNAPSHOT.jar:?]
	at org.apache.hadoop.ozone.protocolPB.OzoneManagerRequestHandler.handleReadRequest(OzoneManagerRequestHandler.java:217) ~[ozone-manager-1.3.0-SNAPSHOT.jar:?]
	at org.apache.hadoop.ozone.protocolPB.OzoneManagerProtocolServerSideTranslatorPB.submitReadRequestToOM(OzoneManagerProtocolServerSideTranslatorPB.java:226) ~[ozone-manager-1.3.0-SNAPSHOT.jar:?]
	at org.apache.hadoop.ozone.protocolPB.OzoneManagerProtocolServerSideTranslatorPB.processRequest(OzoneManagerProtocolServerSideTranslatorPB.java:175) ~[ozone-manager-1.3.0-SNAPSHOT.jar:?]
	at org.apache.hadoop.hdds.server.OzoneProtocolMessageDispatcher.processRequest(OzoneProtocolMessageDispatcher.java:87) [hdds-server-framework-1.3.0-SNAPSHOT.jar:?]
	at org.apache.hadoop.ozone.protocolPB.OzoneManagerProtocolServerSideTranslatorPB.submitRequest(OzoneManagerProtocolServerSideTranslatorPB.java:147) [ozone-manager-1.3.0-SNAPSHOT.jar:?]
	at org.apache.hadoop.ozone.protocol.proto.OzoneManagerProtocolProtos$OzoneManagerService$2.callBlockingMethod(OzoneManagerProtocolProtos.java) [ozone-interface-client-1.3.0-SNAPSHOT.jar:?]
	at org.apache.hadoop.ipc.ProtobufRpcEngine$Server.processCall(ProtobufRpcEngine.java:466) [hadoop-common-3.3.1.jar:?]
	at org.apache.hadoop.ipc.ProtobufRpcEngine2$Server$ProtoBufRpcInvoker.call(ProtobufRpcEngine2.java:574) [hadoop-common-3.3.1.jar:?]
	at org.apache.hadoop.ipc.ProtobufRpcEngine2$Server$ProtoBufRpcInvoker.call(ProtobufRpcEngine2.java:552) [hadoop-common-3.3.1.jar:?]
	at org.apache.hadoop.ipc.RPC$Server.call(RPC.java:1093) [hadoop-common-3.3.1.jar:?]
	at org.apache.hadoop.ipc.Server$RpcCall.run(Server.java:1035) [hadoop-common-3.3.1.jar:?]
	at org.apache.hadoop.ipc.Server$RpcCall.run(Server.java:963) [hadoop-common-3.3.1.jar:?]
	at java.security.AccessController.doPrivileged(Native Method) ~[?:1.8.0_332]
	at javax.security.auth.Subject.doAs(Subject.java:422) [?:1.8.0_332]
	at org.apache.hadoop.security.UserGroupInformation.doAs(UserGroupInformation.java:1878) [hadoop-common-3.3.1.jar:?]
	at org.apache.hadoop.ipc.Server$Handler.run(Server.java:2966) [hadoop-common-3.3.1.jar:?]
16:54:32.343 [IPC Server handler 17 on default port 44473] ERROR OMAudit - user=runner | ip=127.0.0.1 | op=GET_FILE_STATUS {volume=10c246f5-30da-4f64-9417-0545fd1c67f7, bucket=5b56f495-7b7e-4594-b8a8-f5f163119a25, key=.Trash, dataSize=0, replicationConfig=null} | ret=FAILURE
org.apache.hadoop.ozone.om.exceptions.OMException: Unable to get file status: volume: 10c246f5-30da-4f64-9417-0545fd1c67f7 bucket: 5b56f495-7b7e-4594-b8a8-f5f163119a25 key: .Trash
	at org.apache.hadoop.ozone.om.KeyManagerImpl.getOzoneFileStatus(KeyManagerImpl.java:1311) ~[ozone-manager-1.3.0-SNAPSHOT.jar:?]
	at org.apache.hadoop.ozone.om.KeyManagerImpl.getFileStatus(KeyManagerImpl.java:1241) ~[ozone-manager-1.3.0-SNAPSHOT.jar:?]
	at org.apache.hadoop.ozone.om.OzoneManager.getFileStatus(OzoneManager.java:3419) ~[ozone-manager-1.3.0-SNAPSHOT.jar:?]
	at org.apache.hadoop.ozone.protocolPB.OzoneManagerRequestHandler.getOzoneFileStatus(OzoneManagerRequestHandler.java:871) ~[ozone-manager-1.3.0-SNAPSHOT.jar:?]
	at org.apache.hadoop.ozone.protocolPB.OzoneManagerRequestHandler.handleReadRequest(OzoneManagerRequestHandler.java:217) ~[ozone-manager-1.3.0-SNAPSHOT.jar:?]
	at org.apache.hadoop.ozone.protocolPB.OzoneManagerProtocolServerSideTranslatorPB.submitReadRequestToOM(OzoneManagerProtocolServerSideTranslatorPB.java:226) ~[ozone-manager-1.3.0-SNAPSHOT.jar:?]
	at org.apache.hadoop.ozone.protocolPB.OzoneManagerProtocolServerSideTranslatorPB.processRequest(OzoneManagerProtocolServerSideTranslatorPB.java:175) ~[ozone-manager-1.3.0-SNAPSHOT.jar:?]
	at org.apache.hadoop.hdds.server.OzoneProtocolMessageDispatcher.processRequest(OzoneProtocolMessageDispatcher.java:87) [hdds-server-framework-1.3.0-SNAPSHOT.jar:?]
	at org.apache.hadoop.ozone.protocolPB.OzoneManagerProtocolServerSideTranslatorPB.submitRequest(OzoneManagerProtocolServerSideTranslatorPB.java:147) [ozone-manager-1.3.0-SNAPSHOT.jar:?]
	at org.apache.hadoop.ozone.protocol.proto.OzoneManagerProtocolProtos$OzoneManagerService$2.callBlockingMethod(OzoneManagerProtocolProtos.java) [ozone-interface-client-1.3.0-SNAPSHOT.jar:?]
	at org.apache.hadoop.ipc.ProtobufRpcEngine$Server.processCall(ProtobufRpcEngine.java:466) [hadoop-common-3.3.1.jar:?]
	at org.apache.hadoop.ipc.ProtobufRpcEngine2$Server$ProtoBufRpcInvoker.call(ProtobufRpcEngine2.java:574) [hadoop-common-3.3.1.jar:?]
	at org.apache.hadoop.ipc.ProtobufRpcEngine2$Server$ProtoBufRpcInvoker.call(ProtobufRpcEngine2.java:552) [hadoop-common-3.3.1.jar:?]
	at org.apache.hadoop.ipc.RPC$Server.call(RPC.java:1093) [hadoop-common-3.3.1.jar:?]
	at org.apache.hadoop.ipc.Server$RpcCall.run(Server.java:1035) [hadoop-common-3.3.1.jar:?]
	at org.apache.hadoop.ipc.Server$RpcCall.run(Server.java:963) [hadoop-common-3.3.1.jar:?]
	at java.security.AccessController.doPrivileged(Native Method) ~[?:1.8.0_332]
	at javax.security.auth.Subject.doAs(Subject.java:422) [?:1.8.0_332]
	at org.apache.hadoop.security.UserGroupInformation.doAs(UserGroupInformation.java:1878) [hadoop-common-3.3.1.jar:?]
	at org.apache.hadoop.ipc.Server$Handler.run(Server.java:2966) [hadoop-common-3.3.1.jar:?]
16:54:32.383 [IPC Server handler 0 on default port 44473] ERROR OMAudit - user=runner | ip=127.0.0.1 | op=GET_FILE_STATUS {volume=10c246f5-30da-4f64-9417-0545fd1c67f7, bucket=5b56f495-7b7e-4594-b8a8-f5f163119a25, key=.Trash/runner, dataSize=0, replicationConfig=null} | ret=FAILURE
org.apache.hadoop.ozone.om.exceptions.OMException: Unable to get file status: volume: 10c246f5-30da-4f64-9417-0545fd1c67f7 bucket: 5b56f495-7b7e-4594-b8a8-f5f163119a25 key: .Trash/runner
	at org.apache.hadoop.ozone.om.KeyManagerImpl.getOzoneFileStatus(KeyManagerImpl.java:1311) ~[ozone-manager-1.3.0-SNAPSHOT.jar:?]
	at org.apache.hadoop.ozone.om.KeyManagerImpl.getFileStatus(KeyManagerImpl.java:1241) ~[ozone-manager-1.3.0-SNAPSHOT.jar:?]
	at org.apache.hadoop.ozone.om.OzoneManager.getFileStatus(OzoneManager.java:3419) ~[ozone-manager-1.3.0-SNAPSHOT.jar:?]
	at org.apache.hadoop.ozone.protocolPB.OzoneManagerRequestHandler.getOzoneFileStatus(OzoneManagerRequestHandler.java:871) ~[ozone-manager-1.3.0-SNAPSHOT.jar:?]
	at org.apache.hadoop.ozone.protocolPB.OzoneManagerRequestHandler.handleReadRequest(OzoneManagerRequestHandler.java:217) ~[ozone-manager-1.3.0-SNAPSHOT.jar:?]
	at org.apache.hadoop.ozone.protocolPB.OzoneManagerProtocolServerSideTranslatorPB.submitReadRequestToOM(OzoneManagerProtocolServerSideTranslatorPB.java:226) ~[ozone-manager-1.3.0-SNAPSHOT.jar:?]
	at org.apache.hadoop.ozone.protocolPB.OzoneManagerProtocolServerSideTranslatorPB.processRequest(OzoneManagerProtocolServerSideTranslatorPB.java:175) ~[ozone-manager-1.3.0-SNAPSHOT.jar:?]
	at org.apache.hadoop.hdds.server.OzoneProtocolMessageDispatcher.processRequest(OzoneProtocolMessageDispatcher.java:87) [hdds-server-framework-1.3.0-SNAPSHOT.jar:?]
	at org.apache.hadoop.ozone.protocolPB.OzoneManagerProtocolServerSideTranslatorPB.submitRequest(OzoneManagerProtocolServerSideTranslatorPB.java:147) [ozone-manager-1.3.0-SNAPSHOT.jar:?]
	at org.apache.hadoop.ozone.protocol.proto.OzoneManagerProtocolProtos$OzoneManagerService$2.callBlockingMethod(OzoneManagerProtocolProtos.java) [ozone-interface-client-1.3.0-SNAPSHOT.jar:?]
	at org.apache.hadoop.ipc.ProtobufRpcEngine$Server.processCall(ProtobufRpcEngine.java:466) [hadoop-common-3.3.1.jar:?]
	at org.apache.hadoop.ipc.ProtobufRpcEngine2$Server$ProtoBufRpcInvoker.call(ProtobufRpcEngine2.java:574) [hadoop-common-3.3.1.jar:?]
	at org.apache.hadoop.ipc.ProtobufRpcEngine2$Server$ProtoBufRpcInvoker.call(ProtobufRpcEngine2.java:552) [hadoop-common-3.3.1.jar:?]
	at org.apache.hadoop.ipc.RPC$Server.call(RPC.java:1093) [hadoop-common-3.3.1.jar:?]
	at org.apache.hadoop.ipc.Server$RpcCall.run(Server.java:1035) [hadoop-common-3.3.1.jar:?]
	at org.apache.hadoop.ipc.Server$RpcCall.run(Server.java:963) [hadoop-common-3.3.1.jar:?]
	at java.security.AccessController.doPrivileged(Native Method) ~[?:1.8.0_332]
	at javax.security.auth.Subject.doAs(Subject.java:422) [?:1.8.0_332]
	at org.apache.hadoop.security.UserGroupInformation.doAs(UserGroupInformation.java:1878) [hadoop-common-3.3.1.jar:?]
	at org.apache.hadoop.ipc.Server$Handler.run(Server.java:2966) [hadoop-common-3.3.1.jar:?]
16:54:32.386 [IPC Server handler 6 on default port 44473] ERROR OMAudit - user=runner | ip=127.0.0.1 | op=GET_FILE_STATUS {volume=volume21896, bucket=bucket32187, key=.Trash/runner, dataSize=0, replicationConfig=null} | ret=FAILURE
org.apache.hadoop.ozone.om.exceptions.OMException: Unable to get file status: volume: volume21896 bucket: bucket32187 key: .Trash/runner
	at org.apache.hadoop.ozone.om.KeyManagerImpl.getOzoneFileStatus(KeyManagerImpl.java:1311) ~[ozone-manager-1.3.0-SNAPSHOT.jar:?]
	at org.apache.hadoop.ozone.om.KeyManagerImpl.getFileStatus(KeyManagerImpl.java:1241) ~[ozone-manager-1.3.0-SNAPSHOT.jar:?]
	at org.apache.hadoop.ozone.om.OzoneManager.getFileStatus(OzoneManager.java:3419) ~[ozone-manager-1.3.0-SNAPSHOT.jar:?]
	at org.apache.hadoop.ozone.protocolPB.OzoneManagerRequestHandler.getOzoneFileStatus(OzoneManagerRequestHandler.java:871) ~[ozone-manager-1.3.0-SNAPSHOT.jar:?]
	at org.apache.hadoop.ozone.protocolPB.OzoneManagerRequestHandler.handleReadRequest(OzoneManagerRequestHandler.java:217) ~[ozone-manager-1.3.0-SNAPSHOT.jar:?]
	at org.apache.hadoop.ozone.protocolPB.OzoneManagerProtocolServerSideTranslatorPB.submitReadRequestToOM(OzoneManagerProtocolServerSideTranslatorPB.java:226) ~[ozone-manager-1.3.0-SNAPSHOT.jar:?]
	at org.apache.hadoop.ozone.protocolPB.OzoneManagerProtocolServerSideTranslatorPB.processRequest(OzoneManagerProtocolServerSideTranslatorPB.java:175) ~[ozone-manager-1.3.0-SNAPSHOT.jar:?]
	at org.apache.hadoop.hdds.server.OzoneProtocolMessageDispatcher.processRequest(OzoneProtocolMessageDispatcher.java:87) [hdds-server-framework-1.3.0-SNAPSHOT.jar:?]
	at org.apache.hadoop.ozone.protocolPB.OzoneManagerProtocolServerSideTranslatorPB.submitRequest(OzoneManagerProtocolServerSideTranslatorPB.java:147) [ozone-manager-1.3.0-SNAPSHOT.jar:?]
	at org.apache.hadoop.ozone.protocol.proto.OzoneManagerProtocolProtos$OzoneManagerService$2.callBlockingMethod(OzoneManagerProtocolProtos.java) [ozone-interface-client-1.3.0-SNAPSHOT.jar:?]
	at org.apache.hadoop.ipc.ProtobufRpcEngine$Server.processCall(ProtobufRpcEngine.java:466) [hadoop-common-3.3.1.jar:?]
	at org.apache.hadoop.ipc.ProtobufRpcEngine2$Server$ProtoBufRpcInvoker.call(ProtobufRpcEngine2.java:574) [hadoop-common-3.3.1.jar:?]
	at org.apache.hadoop.ipc.ProtobufRpcEngine2$Server$ProtoBufRpcInvoker.call(ProtobufRpcEngine2.java:552) [hadoop-common-3.3.1.jar:?]
	at org.apache.hadoop.ipc.RPC$Server.call(RPC.java:1093) [hadoop-common-3.3.1.jar:?]
	at org.apache.hadoop.ipc.Server$RpcCall.run(Server.java:1035) [hadoop-common-3.3.1.jar:?]
	at org.apache.hadoop.ipc.Server$RpcCall.run(Server.java:963) [hadoop-common-3.3.1.jar:?]
	at java.security.AccessController.doPrivileged(Native Method) ~[?:1.8.0_332]
	at javax.security.auth.Subject.doAs(Subject.java:422) [?:1.8.0_332]
	at org.apache.hadoop.security.UserGroupInformation.doAs(UserGroupInformation.java:1878) [hadoop-common-3.3.1.jar:?]
	at org.apache.hadoop.ipc.Server$Handler.run(Server.java:2966) [hadoop-common-3.3.1.jar:?]
16:54:32.399 [IPC Server handler 6 on default port 44473] ERROR OMAudit - user=runner | ip=127.0.0.1 | op=GET_FILE_STATUS {volume=10c246f5-30da-4f64-9417-0545fd1c67f7, bucket=5b56f495-7b7e-4594-b8a8-f5f163119a25, key=.Trash, dataSize=0, replicationConfig=null} | ret=FAILURE
org.apache.hadoop.ozone.om.exceptions.OMException: Unable to get file status: volume: 10c246f5-30da-4f64-9417-0545fd1c67f7 bucket: 5b56f495-7b7e-4594-b8a8-f5f163119a25 key: .Trash
	at org.apache.hadoop.ozone.om.KeyManagerImpl.getOzoneFileStatus(KeyManagerImpl.java:1311) ~[ozone-manager-1.3.0-SNAPSHOT.jar:?]
	at org.apache.hadoop.ozone.om.KeyManagerImpl.getFileStatus(KeyManagerImpl.java:1241) ~[ozone-manager-1.3.0-SNAPSHOT.jar:?]
	at org.apache.hadoop.ozone.om.OzoneManager.getFileStatus(OzoneManager.java:3419) ~[ozone-manager-1.3.0-SNAPSHOT.jar:?]
	at org.apache.hadoop.ozone.protocolPB.OzoneManagerRequestHandler.getOzoneFileStatus(OzoneManagerRequestHandler.java:871) ~[ozone-manager-1.3.0-SNAPSHOT.jar:?]
	at org.apache.hadoop.ozone.protocolPB.OzoneManagerRequestHandler.handleReadRequest(OzoneManagerRequestHandler.java:217) ~[ozone-manager-1.3.0-SNAPSHOT.jar:?]
	at org.apache.hadoop.ozone.protocolPB.OzoneManagerProtocolServerSideTranslatorPB.submitReadRequestToOM(OzoneManagerProtocolServerSideTranslatorPB.java:226) ~[ozone-manager-1.3.0-SNAPSHOT.jar:?]
	at org.apache.hadoop.ozone.protocolPB.OzoneManagerProtocolServerSideTranslatorPB.processRequest(OzoneManagerProtocolServerSideTranslatorPB.java:175) ~[ozone-manager-1.3.0-SNAPSHOT.jar:?]
	at org.apache.hadoop.hdds.server.OzoneProtocolMessageDispatcher.processRequest(OzoneProtocolMessageDispatcher.java:87) [hdds-server-framework-1.3.0-SNAPSHOT.jar:?]
	at org.apache.hadoop.ozone.protocolPB.OzoneManagerProtocolServerSideTranslatorPB.submitRequest(OzoneManagerProtocolServerSideTranslatorPB.java:147) [ozone-manager-1.3.0-SNAPSHOT.jar:?]
	at org.apache.hadoop.ozone.protocol.proto.OzoneManagerProtocolProtos$OzoneManagerService$2.callBlockingMethod(OzoneManagerProtocolProtos.java) [ozone-interface-client-1.3.0-SNAPSHOT.jar:?]
	at org.apache.hadoop.ipc.ProtobufRpcEngine$Server.processCall(ProtobufRpcEngine.java:466) [hadoop-common-3.3.1.jar:?]
	at org.apache.hadoop.ipc.ProtobufRpcEngine2$Server$ProtoBufRpcInvoker.call(ProtobufRpcEngine2.java:574) [hadoop-common-3.3.1.jar:?]
	at org.apache.hadoop.ipc.ProtobufRpcEngine2$Server$ProtoBufRpcInvoker.call(ProtobufRpcEngine2.java:552) [hadoop-common-3.3.1.jar:?]
	at org.apache.hadoop.ipc.RPC$Server.call(RPC.java:1093) [hadoop-common-3.3.1.jar:?]
	at org.apache.hadoop.ipc.Server$RpcCall.run(Server.java:1035) [hadoop-common-3.3.1.jar:?]
	at org.apache.hadoop.ipc.Server$RpcCall.run(Server.java:963) [hadoop-common-3.3.1.jar:?]
	at java.security.AccessController.doPrivileged(Native Method) ~[?:1.8.0_332]
	at javax.security.auth.Subject.doAs(Subject.java:422) [?:1.8.0_332]
	at org.apache.hadoop.security.UserGroupInformation.doAs(UserGroupInformation.java:1878) [hadoop-common-3.3.1.jar:?]
	at org.apache.hadoop.ipc.Server$Handler.run(Server.java:2966) [hadoop-common-3.3.1.jar:?]
16:54:32.403 [IPC Server handler 10 on default port 44473] ERROR OMAudit - user=runner | ip=127.0.0.1 | op=GET_FILE_STATUS {volume=volume21896, bucket=bucket32187, key=.Trash, dataSize=0, replicationConfig=null} | ret=FAILURE
org.apache.hadoop.ozone.om.exceptions.OMException: Unable to get file status: volume: volume21896 bucket: bucket32187 key: .Trash
	at org.apache.hadoop.ozone.om.KeyManagerImpl.getOzoneFileStatus(KeyManagerImpl.java:1311) ~[ozone-manager-1.3.0-SNAPSHOT.jar:?]
	at org.apache.hadoop.ozone.om.KeyManagerImpl.getFileStatus(KeyManagerImpl.java:1241) ~[ozone-manager-1.3.0-SNAPSHOT.jar:?]
	at org.apache.hadoop.ozone.om.OzoneManager.getFileStatus(OzoneManager.java:3419) ~[ozone-manager-1.3.0-SNAPSHOT.jar:?]
	at org.apache.hadoop.ozone.protocolPB.OzoneManagerRequestHandler.getOzoneFileStatus(OzoneManagerRequestHandler.java:871) ~[ozone-manager-1.3.0-SNAPSHOT.jar:?]
	at org.apache.hadoop.ozone.protocolPB.OzoneManagerRequestHandler.handleReadRequest(OzoneManagerRequestHandler.java:217) ~[ozone-manager-1.3.0-SNAPSHOT.jar:?]
	at org.apache.hadoop.ozone.protocolPB.OzoneManagerProtocolServerSideTranslatorPB.submitReadRequestToOM(OzoneManagerProtocolServerSideTranslatorPB.java:226) ~[ozone-manager-1.3.0-SNAPSHOT.jar:?]
	at org.apache.hadoop.ozone.protocolPB.OzoneManagerProtocolServerSideTranslatorPB.processRequest(OzoneManagerProtocolServerSideTranslatorPB.java:175) ~[ozone-manager-1.3.0-SNAPSHOT.jar:?]
	at org.apache.hadoop.hdds.server.OzoneProtocolMessageDispatcher.processRequest(OzoneProtocolMessageDispatcher.java:87) [hdds-server-framework-1.3.0-SNAPSHOT.jar:?]
	at org.apache.hadoop.ozone.protocolPB.OzoneManagerProtocolServerSideTranslatorPB.submitRequest(OzoneManagerProtocolServerSideTranslatorPB.java:147) [ozone-manager-1.3.0-SNAPSHOT.jar:?]
	at org.apache.hadoop.ozone.protocol.proto.OzoneManagerProtocolProtos$OzoneManagerService$2.callBlockingMethod(OzoneManagerProtocolProtos.java) [ozone-interface-client-1.3.0-SNAPSHOT.jar:?]
	at org.apache.hadoop.ipc.ProtobufRpcEngine$Server.processCall(ProtobufRpcEngine.java:466) [hadoop-common-3.3.1.jar:?]
	at org.apache.hadoop.ipc.ProtobufRpcEngine2$Server$ProtoBufRpcInvoker.call(ProtobufRpcEngine2.java:574) [hadoop-common-3.3.1.jar:?]
	at org.apache.hadoop.ipc.ProtobufRpcEngine2$Server$ProtoBufRpcInvoker.call(ProtobufRpcEngine2.java:552) [hadoop-common-3.3.1.jar:?]
	at org.apache.hadoop.ipc.RPC$Server.call(RPC.java:1093) [hadoop-common-3.3.1.jar:?]
	at org.apache.hadoop.ipc.Server$RpcCall.run(Server.java:1035) [hadoop-common-3.3.1.jar:?]
	at org.apache.hadoop.ipc.Server$RpcCall.run(Server.java:963) [hadoop-common-3.3.1.jar:?]
	at java.security.AccessController.doPrivileged(Native Method) ~[?:1.8.0_332]
	at javax.security.auth.Subject.doAs(Subject.java:422) [?:1.8.0_332]
	at org.apache.hadoop.security.UserGroupInformation.doAs(UserGroupInformation.java:1878) [hadoop-common-3.3.1.jar:?]
	at org.apache.hadoop.ipc.Server$Handler.run(Server.java:2966) [hadoop-common-3.3.1.jar:?]
16:54:32.427 [IPC Server handler 7 on default port 44473] ERROR OMAudit - user=runner | ip=127.0.0.1 | op=GET_FILE_STATUS {volume=10c246f5-30da-4f64-9417-0545fd1c67f7, bucket=5b56f495-7b7e-4594-b8a8-f5f163119a25, key=.Trash/runner, dataSize=0, replicationConfig=null} | ret=FAILURE
org.apache.hadoop.ozone.om.exceptions.OMException: Unable to get file status: volume: 10c246f5-30da-4f64-9417-0545fd1c67f7 bucket: 5b56f495-7b7e-4594-b8a8-f5f163119a25 key: .Trash/runner
	at org.apache.hadoop.ozone.om.KeyManagerImpl.getOzoneFileStatus(KeyManagerImpl.java:1311) ~[ozone-manager-1.3.0-SNAPSHOT.jar:?]
	at org.apache.hadoop.ozone.om.KeyManagerImpl.getFileStatus(KeyManagerImpl.java:1241) ~[ozone-manager-1.3.0-SNAPSHOT.jar:?]
	at org.apache.hadoop.ozone.om.OzoneManager.getFileStatus(OzoneManager.java:3419) ~[ozone-manager-1.3.0-SNAPSHOT.jar:?]
	at org.apache.hadoop.ozone.protocolPB.OzoneManagerRequestHandler.getOzoneFileStatus(OzoneManagerRequestHandler.java:871) ~[ozone-manager-1.3.0-SNAPSHOT.jar:?]
	at org.apache.hadoop.ozone.protocolPB.OzoneManagerRequestHandler.handleReadRequest(OzoneManagerRequestHandler.java:217) ~[ozone-manager-1.3.0-SNAPSHOT.jar:?]
	at org.apache.hadoop.ozone.protocolPB.OzoneManagerProtocolServerSideTranslatorPB.submitReadRequestToOM(OzoneManagerProtocolServerSideTranslatorPB.java:226) ~[ozone-manager-1.3.0-SNAPSHOT.jar:?]
	at org.apache.hadoop.ozone.protocolPB.OzoneManagerProtocolServerSideTranslatorPB.processRequest(OzoneManagerProtocolServerSideTranslatorPB.java:175) ~[ozone-manager-1.3.0-SNAPSHOT.jar:?]
	at org.apache.hadoop.hdds.server.OzoneProtocolMessageDispatcher.processRequest(OzoneProtocolMessageDispatcher.java:87) [hdds-server-framework-1.3.0-SNAPSHOT.jar:?]
	at org.apache.hadoop.ozone.protocolPB.OzoneManagerProtocolServerSideTranslatorPB.submitRequest(OzoneManagerProtocolServerSideTranslatorPB.java:147) [ozone-manager-1.3.0-SNAPSHOT.jar:?]
	at org.apache.hadoop.ozone.protocol.proto.OzoneManagerProtocolProtos$OzoneManagerService$2.callBlockingMethod(OzoneManagerProtocolProtos.java) [ozone-interface-client-1.3.0-SNAPSHOT.jar:?]
	at org.apache.hadoop.ipc.ProtobufRpcEngine$Server.processCall(ProtobufRpcEngine.java:466) [hadoop-common-3.3.1.jar:?]
	at org.apache.hadoop.ipc.ProtobufRpcEngine2$Server$ProtoBufRpcInvoker.call(ProtobufRpcEngine2.java:574) [hadoop-common-3.3.1.jar:?]
	at org.apache.hadoop.ipc.ProtobufRpcEngine2$Server$ProtoBufRpcInvoker.call(ProtobufRpcEngine2.java:552) [hadoop-common-3.3.1.jar:?]
	at org.apache.hadoop.ipc.RPC$Server.call(RPC.java:1093) [hadoop-common-3.3.1.jar:?]
	at org.apache.hadoop.ipc.Server$RpcCall.run(Server.java:1035) [hadoop-common-3.3.1.jar:?]
	at org.apache.hadoop.ipc.Server$RpcCall.run(Server.java:963) [hadoop-common-3.3.1.jar:?]
	at java.security.AccessController.doPrivileged(Native Method) ~[?:1.8.0_332]
	at javax.security.auth.Subject.doAs(Subject.java:422) [?:1.8.0_332]
	at org.apache.hadoop.security.UserGroupInformation.doAs(UserGroupInformation.java:1878) [hadoop-common-3.3.1.jar:?]
	at org.apache.hadoop.ipc.Server$Handler.run(Server.java:2966) [hadoop-common-3.3.1.jar:?]
16:54:32.430 [IPC Server handler 12 on default port 44473] ERROR OMAudit - user=runner | ip=127.0.0.1 | op=GET_FILE_STATUS {volume=volume21896, bucket=bucket32187, key=.Trash/runner, dataSize=0, replicationConfig=null} | ret=FAILURE
org.apache.hadoop.ozone.om.exceptions.OMException: Unable to get file status: volume: volume21896 bucket: bucket32187 key: .Trash/runner
	at org.apache.hadoop.ozone.om.KeyManagerImpl.getOzoneFileStatus(KeyManagerImpl.java:1311) ~[ozone-manager-1.3.0-SNAPSHOT.jar:?]
	at org.apache.hadoop.ozone.om.KeyManagerImpl.getFileStatus(KeyManagerImpl.java:1241) ~[ozone-manager-1.3.0-SNAPSHOT.jar:?]
	at org.apache.hadoop.ozone.om.OzoneManager.getFileStatus(OzoneManager.java:3419) ~[ozone-manager-1.3.0-SNAPSHOT.jar:?]
	at org.apache.hadoop.ozone.protocolPB.OzoneManagerRequestHandler.getOzoneFileStatus(OzoneManagerRequestHandler.java:871) ~[ozone-manager-1.3.0-SNAPSHOT.jar:?]
	at org.apache.hadoop.ozone.protocolPB.OzoneManagerRequestHandler.handleReadRequest(OzoneManagerRequestHandler.java:217) ~[ozone-manager-1.3.0-SNAPSHOT.jar:?]
	at org.apache.hadoop.ozone.protocolPB.OzoneManagerProtocolServerSideTranslatorPB.submitReadRequestToOM(OzoneManagerProtocolServerSideTranslatorPB.java:226) ~[ozone-manager-1.3.0-SNAPSHOT.jar:?]
	at org.apache.hadoop.ozone.protocolPB.OzoneManagerProtocolServerSideTranslatorPB.processRequest(OzoneManagerProtocolServerSideTranslatorPB.java:175) ~[ozone-manager-1.3.0-SNAPSHOT.jar:?]
	at org.apache.hadoop.hdds.server.OzoneProtocolMessageDispatcher.processRequest(OzoneProtocolMessageDispatcher.java:87) [hdds-server-framework-1.3.0-SNAPSHOT.jar:?]
	at org.apache.hadoop.ozone.protocolPB.OzoneManagerProtocolServerSideTranslatorPB.submitRequest(OzoneManagerProtocolServerSideTranslatorPB.java:147) [ozone-manager-1.3.0-SNAPSHOT.jar:?]
	at org.apache.hadoop.ozone.protocol.proto.OzoneManagerProtocolProtos$OzoneManagerService$2.callBlockingMethod(OzoneManagerProtocolProtos.java) [ozone-interface-client-1.3.0-SNAPSHOT.jar:?]
	at org.apache.hadoop.ipc.ProtobufRpcEngine$Server.processCall(ProtobufRpcEngine.java:466) [hadoop-common-3.3.1.jar:?]
	at org.apache.hadoop.ipc.ProtobufRpcEngine2$Server$ProtoBufRpcInvoker.call(ProtobufRpcEngine2.java:574) [hadoop-common-3.3.1.jar:?]
	at org.apache.hadoop.ipc.ProtobufRpcEngine2$Server$ProtoBufRpcInvoker.call(ProtobufRpcEngine2.java:552) [hadoop-common-3.3.1.jar:?]
	at org.apache.hadoop.ipc.RPC$Server.call(RPC.java:1093) [hadoop-common-3.3.1.jar:?]
	at org.apache.hadoop.ipc.Server$RpcCall.run(Server.java:1035) [hadoop-common-3.3.1.jar:?]
	at org.apache.hadoop.ipc.Server$RpcCall.run(Server.java:963) [hadoop-common-3.3.1.jar:?]
	at java.security.AccessController.doPrivileged(Native Method) ~[?:1.8.0_332]
	at javax.security.auth.Subject.doAs(Subject.java:422) [?:1.8.0_332]
	at org.apache.hadoop.security.UserGroupInformation.doAs(UserGroupInformation.java:1878) [hadoop-common-3.3.1.jar:?]
	at org.apache.hadoop.ipc.Server$Handler.run(Server.java:2966) [hadoop-common-3.3.1.jar:?]
16:54:32.437 [IPC Server handler 1 on default port 44473] ERROR OMAudit - user=runner | ip=127.0.0.1 | op=GET_FILE_STATUS {volume=volume54665, bucket=trashroottest2, key=.Trash/runner, dataSize=0, replicationConfig=null} | ret=FAILURE
org.apache.hadoop.ozone.om.exceptions.OMException: Unable to get file status: volume: volume54665 bucket: trashroottest2 key: .Trash/runner
	at org.apache.hadoop.ozone.om.KeyManagerImpl.getOzoneFileStatus(KeyManagerImpl.java:1311) ~[ozone-manager-1.3.0-SNAPSHOT.jar:?]
	at org.apache.hadoop.ozone.om.KeyManagerImpl.getFileStatus(KeyManagerImpl.java:1241) ~[ozone-manager-1.3.0-SNAPSHOT.jar:?]
	at org.apache.hadoop.ozone.om.OzoneManager.getFileStatus(OzoneManager.java:3419) ~[ozone-manager-1.3.0-SNAPSHOT.jar:?]
	at org.apache.hadoop.ozone.protocolPB.OzoneManagerRequestHandler.getOzoneFileStatus(OzoneManagerRequestHandler.java:871) ~[ozone-manager-1.3.0-SNAPSHOT.jar:?]
	at org.apache.hadoop.ozone.protocolPB.OzoneManagerRequestHandler.handleReadRequest(OzoneManagerRequestHandler.java:217) ~[ozone-manager-1.3.0-SNAPSHOT.jar:?]
	at org.apache.hadoop.ozone.protocolPB.OzoneManagerProtocolServerSideTranslatorPB.submitReadRequestToOM(OzoneManagerProtocolServerSideTranslatorPB.java:226) ~[ozone-manager-1.3.0-SNAPSHOT.jar:?]
	at org.apache.hadoop.ozone.protocolPB.OzoneManagerProtocolServerSideTranslatorPB.processRequest(OzoneManagerProtocolServerSideTranslatorPB.java:175) ~[ozone-manager-1.3.0-SNAPSHOT.jar:?]
	at org.apache.hadoop.hdds.server.OzoneProtocolMessageDispatcher.processRequest(OzoneProtocolMessageDispatcher.java:87) [hdds-server-framework-1.3.0-SNAPSHOT.jar:?]
	at org.apache.hadoop.ozone.protocolPB.OzoneManagerProtocolServerSideTranslatorPB.submitRequest(OzoneManagerProtocolServerSideTranslatorPB.java:147) [ozone-manager-1.3.0-SNAPSHOT.jar:?]
	at org.apache.hadoop.ozone.protocol.proto.OzoneManagerProtocolProtos$OzoneManagerService$2.callBlockingMethod(OzoneManagerProtocolProtos.java) [ozone-interface-client-1.3.0-SNAPSHOT.jar:?]
	at org.apache.hadoop.ipc.ProtobufRpcEngine$Server.processCall(ProtobufRpcEngine.java:466) [hadoop-common-3.3.1.jar:?]
	at org.apache.hadoop.ipc.ProtobufRpcEngine2$Server$ProtoBufRpcInvoker.call(ProtobufRpcEngine2.java:574) [hadoop-common-3.3.1.jar:?]
	at org.apache.hadoop.ipc.ProtobufRpcEngine2$Server$ProtoBufRpcInvoker.call(ProtobufRpcEngine2.java:552) [hadoop-common-3.3.1.jar:?]
	at org.apache.hadoop.ipc.RPC$Server.call(RPC.java:1093) [hadoop-common-3.3.1.jar:?]
	at org.apache.hadoop.ipc.Server$RpcCall.run(Server.java:1035) [hadoop-common-3.3.1.jar:?]
	at org.apache.hadoop.ipc.Server$RpcCall.run(Server.java:963) [hadoop-common-3.3.1.jar:?]
	at java.security.AccessController.doPrivileged(Native Method) ~[?:1.8.0_332]
	at javax.security.auth.Subject.doAs(Subject.java:422) [?:1.8.0_332]
	at org.apache.hadoop.security.UserGroupInformation.doAs(UserGroupInformation.java:1878) [hadoop-common-3.3.1.jar:?]
	at org.apache.hadoop.ipc.Server$Handler.run(Server.java:2966) [hadoop-common-3.3.1.jar:?]
16:54:32.441 [IPC Server handler 6 on default port 44473] ERROR OMAudit - user=runner | ip=127.0.0.1 | op=GET_FILE_STATUS {volume=10c246f5-30da-4f64-9417-0545fd1c67f7, bucket=5b56f495-7b7e-4594-b8a8-f5f163119a25, key=.Trash, dataSize=0, replicationConfig=null} | ret=FAILURE
org.apache.hadoop.ozone.om.exceptions.OMException: Unable to get file status: volume: 10c246f5-30da-4f64-9417-0545fd1c67f7 bucket: 5b56f495-7b7e-4594-b8a8-f5f163119a25 key: .Trash
	at org.apache.hadoop.ozone.om.KeyManagerImpl.getOzoneFileStatus(KeyManagerImpl.java:1311) ~[ozone-manager-1.3.0-SNAPSHOT.jar:?]
	at org.apache.hadoop.ozone.om.KeyManagerImpl.getFileStatus(KeyManagerImpl.java:1241) ~[ozone-manager-1.3.0-SNAPSHOT.jar:?]
	at org.apache.hadoop.ozone.om.OzoneManager.getFileStatus(OzoneManager.java:3419) ~[ozone-manager-1.3.0-SNAPSHOT.jar:?]
	at org.apache.hadoop.ozone.protocolPB.OzoneManagerRequestHandler.getOzoneFileStatus(OzoneManagerRequestHandler.java:871) ~[ozone-manager-1.3.0-SNAPSHOT.jar:?]
	at org.apache.hadoop.ozone.protocolPB.OzoneManagerRequestHandler.handleReadRequest(OzoneManagerRequestHandler.java:217) ~[ozone-manager-1.3.0-SNAPSHOT.jar:?]
	at org.apache.hadoop.ozone.protocolPB.OzoneManagerProtocolServerSideTranslatorPB.submitReadRequestToOM(OzoneManagerProtocolServerSideTranslatorPB.java:226) ~[ozone-manager-1.3.0-SNAPSHOT.jar:?]
	at org.apache.hadoop.ozone.protocolPB.OzoneManagerProtocolServerSideTranslatorPB.processRequest(OzoneManagerProtocolServerSideTranslatorPB.java:175) ~[ozone-manager-1.3.0-SNAPSHOT.jar:?]
	at org.apache.hadoop.hdds.server.OzoneProtocolMessageDispatcher.processRequest(OzoneProtocolMessageDispatcher.java:87) [hdds-server-framework-1.3.0-SNAPSHOT.jar:?]
	at org.apache.hadoop.ozone.protocolPB.OzoneManagerProtocolServerSideTranslatorPB.submitRequest(OzoneManagerProtocolServerSideTranslatorPB.java:147) [ozone-manager-1.3.0-SNAPSHOT.jar:?]
	at org.apache.hadoop.ozone.protocol.proto.OzoneManagerProtocolProtos$OzoneManagerService$2.callBlockingMethod(OzoneManagerProtocolProtos.java) [ozone-interface-client-1.3.0-SNAPSHOT.jar:?]
	at org.apache.hadoop.ipc.ProtobufRpcEngine$Server.processCall(ProtobufRpcEngine.java:466) [hadoop-common-3.3.1.jar:?]
	at org.apache.hadoop.ipc.ProtobufRpcEngine2$Server$ProtoBufRpcInvoker.call(ProtobufRpcEngine2.java:574) [hadoop-common-3.3.1.jar:?]
	at org.apache.hadoop.ipc.ProtobufRpcEngine2$Server$ProtoBufRpcInvoker.call(ProtobufRpcEngine2.java:552) [hadoop-common-3.3.1.jar:?]
	at org.apache.hadoop.ipc.RPC$Server.call(RPC.java:1093) [hadoop-common-3.3.1.jar:?]
	at org.apache.hadoop.ipc.Server$RpcCall.run(Server.java:1035) [hadoop-common-3.3.1.jar:?]
	at org.apache.hadoop.ipc.Server$RpcCall.run(Server.java:963) [hadoop-common-3.3.1.jar:?]
	at java.security.AccessController.doPrivileged(Native Method) ~[?:1.8.0_332]
	at javax.security.auth.Subject.doAs(Subject.java:422) [?:1.8.0_332]
	at org.apache.hadoop.security.UserGroupInformation.doAs(UserGroupInformation.java:1878) [hadoop-common-3.3.1.jar:?]
	at org.apache.hadoop.ipc.Server$Handler.run(Server.java:2966) [hadoop-common-3.3.1.jar:?]
16:54:32.444 [IPC Server handler 10 on default port 44473] ERROR OMAudit - user=runner | ip=127.0.0.1 | op=GET_FILE_STATUS {volume=volume21896, bucket=bucket32187, key=.Trash, dataSize=0, replicationConfig=null} | ret=FAILURE
org.apache.hadoop.ozone.om.exceptions.OMException: Unable to get file status: volume: volume21896 bucket: bucket32187 key: .Trash
	at org.apache.hadoop.ozone.om.KeyManagerImpl.getOzoneFileStatus(KeyManagerImpl.java:1311) ~[ozone-manager-1.3.0-SNAPSHOT.jar:?]
	at org.apache.hadoop.ozone.om.KeyManagerImpl.getFileStatus(KeyManagerImpl.java:1241) ~[ozone-manager-1.3.0-SNAPSHOT.jar:?]
	at org.apache.hadoop.ozone.om.OzoneManager.getFileStatus(OzoneManager.java:3419) ~[ozone-manager-1.3.0-SNAPSHOT.jar:?]
	at org.apache.hadoop.ozone.protocolPB.OzoneManagerRequestHandler.getOzoneFileStatus(OzoneManagerRequestHandler.java:871) ~[ozone-manager-1.3.0-SNAPSHOT.jar:?]
	at org.apache.hadoop.ozone.protocolPB.OzoneManagerRequestHandler.handleReadRequest(OzoneManagerRequestHandler.java:217) ~[ozone-manager-1.3.0-SNAPSHOT.jar:?]
	at org.apache.hadoop.ozone.protocolPB.OzoneManagerProtocolServerSideTranslatorPB.submitReadRequestToOM(OzoneManagerProtocolServerSideTranslatorPB.java:226) ~[ozone-manager-1.3.0-SNAPSHOT.jar:?]
	at org.apache.hadoop.ozone.protocolPB.OzoneManagerProtocolServerSideTranslatorPB.processRequest(OzoneManagerProtocolServerSideTranslatorPB.java:175) ~[ozone-manager-1.3.0-SNAPSHOT.jar:?]
	at org.apache.hadoop.hdds.server.OzoneProtocolMessageDispatcher.processRequest(OzoneProtocolMessageDispatcher.java:87) [hdds-server-framework-1.3.0-SNAPSHOT.jar:?]
	at org.apache.hadoop.ozone.protocolPB.OzoneManagerProtocolServerSideTranslatorPB.submitRequest(OzoneManagerProtocolServerSideTranslatorPB.java:147) [ozone-manager-1.3.0-SNAPSHOT.jar:?]
	at org.apache.hadoop.ozone.protocol.proto.OzoneManagerProtocolProtos$OzoneManagerService$2.callBlockingMethod(OzoneManagerProtocolProtos.java) [ozone-interface-client-1.3.0-SNAPSHOT.jar:?]
	at org.apache.hadoop.ipc.ProtobufRpcEngine$Server.processCall(ProtobufRpcEngine.java:466) [hadoop-common-3.3.1.jar:?]
	at org.apache.hadoop.ipc.ProtobufRpcEngine2$Server$ProtoBufRpcInvoker.call(ProtobufRpcEngine2.java:574) [hadoop-common-3.3.1.jar:?]
	at org.apache.hadoop.ipc.ProtobufRpcEngine2$Server$ProtoBufRpcInvoker.call(ProtobufRpcEngine2.java:552) [hadoop-common-3.3.1.jar:?]
	at org.apache.hadoop.ipc.RPC$Server.call(RPC.java:1093) [hadoop-common-3.3.1.jar:?]
	at org.apache.hadoop.ipc.Server$RpcCall.run(Server.java:1035) [hadoop-common-3.3.1.jar:?]
	at org.apache.hadoop.ipc.Server$RpcCall.run(Server.java:963) [hadoop-common-3.3.1.jar:?]
	at java.security.AccessController.doPrivileged(Native Method) ~[?:1.8.0_332]
	at javax.security.auth.Subject.doAs(Subject.java:422) [?:1.8.0_332]
	at org.apache.hadoop.security.UserGroupInformation.doAs(UserGroupInformation.java:1878) [hadoop-common-3.3.1.jar:?]
	at org.apache.hadoop.ipc.Server$Handler.run(Server.java:2966) [hadoop-common-3.3.1.jar:?]
16:54:32.452 [IPC Server handler 5 on default port 44473] ERROR OMAudit - user=runner | ip=127.0.0.1 | op=GET_FILE_STATUS {volume=volume54665, bucket=trashroottest2, key=.Trash, dataSize=0, replicationConfig=null} | ret=FAILURE
org.apache.hadoop.ozone.om.exceptions.OMException: Unable to get file status: volume: volume54665 bucket: trashroottest2 key: .Trash
	at org.apache.hadoop.ozone.om.KeyManagerImpl.getOzoneFileStatus(KeyManagerImpl.java:1311) ~[ozone-manager-1.3.0-SNAPSHOT.jar:?]
	at org.apache.hadoop.ozone.om.KeyManagerImpl.getFileStatus(KeyManagerImpl.java:1241) ~[ozone-manager-1.3.0-SNAPSHOT.jar:?]
	at org.apache.hadoop.ozone.om.OzoneManager.getFileStatus(OzoneManager.java:3419) ~[ozone-manager-1.3.0-SNAPSHOT.jar:?]
	at org.apache.hadoop.ozone.protocolPB.OzoneManagerRequestHandler.getOzoneFileStatus(OzoneManagerRequestHandler.java:871) ~[ozone-manager-1.3.0-SNAPSHOT.jar:?]
	at org.apache.hadoop.ozone.protocolPB.OzoneManagerRequestHandler.handleReadRequest(OzoneManagerRequestHandler.java:217) ~[ozone-manager-1.3.0-SNAPSHOT.jar:?]
	at org.apache.hadoop.ozone.protocolPB.OzoneManagerProtocolServerSideTranslatorPB.submitReadRequestToOM(OzoneManagerProtocolServerSideTranslatorPB.java:226) ~[ozone-manager-1.3.0-SNAPSHOT.jar:?]
	at org.apache.hadoop.ozone.protocolPB.OzoneManagerProtocolServerSideTranslatorPB.processRequest(OzoneManagerProtocolServerSideTranslatorPB.java:175) ~[ozone-manager-1.3.0-SNAPSHOT.jar:?]
	at org.apache.hadoop.hdds.server.OzoneProtocolMessageDispatcher.processRequest(OzoneProtocolMessageDispatcher.java:87) [hdds-server-framework-1.3.0-SNAPSHOT.jar:?]
	at org.apache.hadoop.ozone.protocolPB.OzoneManagerProtocolServerSideTranslatorPB.submitRequest(OzoneManagerProtocolServerSideTranslatorPB.java:147) [ozone-manager-1.3.0-SNAPSHOT.jar:?]
	at org.apache.hadoop.ozone.protocol.proto.OzoneManagerProtocolProtos$OzoneManagerService$2.callBlockingMethod(OzoneManagerProtocolProtos.java) [ozone-interface-client-1.3.0-SNAPSHOT.jar:?]
	at org.apache.hadoop.ipc.ProtobufRpcEngine$Server.processCall(ProtobufRpcEngine.java:466) [hadoop-common-3.3.1.jar:?]
	at org.apache.hadoop.ipc.ProtobufRpcEngine2$Server$ProtoBufRpcInvoker.call(ProtobufRpcEngine2.java:574) [hadoop-common-3.3.1.jar:?]
	at org.apache.hadoop.ipc.ProtobufRpcEngine2$Server$ProtoBufRpcInvoker.call(ProtobufRpcEngine2.java:552) [hadoop-common-3.3.1.jar:?]
	at org.apache.hadoop.ipc.RPC$Server.call(RPC.java:1093) [hadoop-common-3.3.1.jar:?]
	at org.apache.hadoop.ipc.Server$RpcCall.run(Server.java:1035) [hadoop-common-3.3.1.jar:?]
	at org.apache.hadoop.ipc.Server$RpcCall.run(Server.java:963) [hadoop-common-3.3.1.jar:?]
	at java.security.AccessController.doPrivileged(Native Method) ~[?:1.8.0_332]
	at javax.security.auth.Subject.doAs(Subject.java:422) [?:1.8.0_332]
	at org.apache.hadoop.security.UserGroupInformation.doAs(UserGroupInformation.java:1878) [hadoop-common-3.3.1.jar:?]
	at org.apache.hadoop.ipc.Server$Handler.run(Server.java:2966) [hadoop-common-3.3.1.jar:?]
16:54:32.466 [IPC Server handler 0 on default port 44473] ERROR OMAudit - user=runner | ip=127.0.0.1 | op=GET_FILE_STATUS {volume=10c246f5-30da-4f64-9417-0545fd1c67f7, bucket=5b56f495-7b7e-4594-b8a8-f5f163119a25, key=.Trash/runner, dataSize=0, replicationConfig=null} | ret=FAILURE
org.apache.hadoop.ozone.om.exceptions.OMException: Unable to get file status: volume: 10c246f5-30da-4f64-9417-0545fd1c67f7 bucket: 5b56f495-7b7e-4594-b8a8-f5f163119a25 key: .Trash/runner
	at org.apache.hadoop.ozone.om.KeyManagerImpl.getOzoneFileStatus(KeyManagerImpl.java:1311) ~[ozone-manager-1.3.0-SNAPSHOT.jar:?]
	at org.apache.hadoop.ozone.om.KeyManagerImpl.getFileStatus(KeyManagerImpl.java:1241) ~[ozone-manager-1.3.0-SNAPSHOT.jar:?]
	at org.apache.hadoop.ozone.om.OzoneManager.getFileStatus(OzoneManager.java:3419) ~[ozone-manager-1.3.0-SNAPSHOT.jar:?]
	at org.apache.hadoop.ozone.protocolPB.OzoneManagerRequestHandler.getOzoneFileStatus(OzoneManagerRequestHandler.java:871) ~[ozone-manager-1.3.0-SNAPSHOT.jar:?]
	at org.apache.hadoop.ozone.protocolPB.OzoneManagerRequestHandler.handleReadRequest(OzoneManagerRequestHandler.java:217) ~[ozone-manager-1.3.0-SNAPSHOT.jar:?]
	at org.apache.hadoop.ozone.protocolPB.OzoneManagerProtocolServerSideTranslatorPB.submitReadRequestToOM(OzoneManagerProtocolServerSideTranslatorPB.java:226) ~[ozone-manager-1.3.0-SNAPSHOT.jar:?]
	at org.apache.hadoop.ozone.protocolPB.OzoneManagerProtocolServerSideTranslatorPB.processRequest(OzoneManagerProtocolServerSideTranslatorPB.java:175) ~[ozone-manager-1.3.0-SNAPSHOT.jar:?]
	at org.apache.hadoop.hdds.server.OzoneProtocolMessageDispatcher.processRequest(OzoneProtocolMessageDispatcher.java:87) [hdds-server-framework-1.3.0-SNAPSHOT.jar:?]
	at org.apache.hadoop.ozone.protocolPB.OzoneManagerProtocolServerSideTranslatorPB.submitRequest(OzoneManagerProtocolServerSideTranslatorPB.java:147) [ozone-manager-1.3.0-SNAPSHOT.jar:?]
	at org.apache.hadoop.ozone.protocol.proto.OzoneManagerProtocolProtos$OzoneManagerService$2.callBlockingMethod(OzoneManagerProtocolProtos.java) [ozone-interface-client-1.3.0-SNAPSHOT.jar:?]
	at org.apache.hadoop.ipc.ProtobufRpcEngine$Server.processCall(ProtobufRpcEngine.java:466) [hadoop-common-3.3.1.jar:?]
	at org.apache.hadoop.ipc.ProtobufRpcEngine2$Server$ProtoBufRpcInvoker.call(ProtobufRpcEngine2.java:574) [hadoop-common-3.3.1.jar:?]
	at org.apache.hadoop.ipc.ProtobufRpcEngine2$Server$ProtoBufRpcInvoker.call(ProtobufRpcEngine2.java:552) [hadoop-common-3.3.1.jar:?]
	at org.apache.hadoop.ipc.RPC$Server.call(RPC.java:1093) [hadoop-common-3.3.1.jar:?]
	at org.apache.hadoop.ipc.Server$RpcCall.run(Server.java:1035) [hadoop-common-3.3.1.jar:?]
	at org.apache.hadoop.ipc.Server$RpcCall.run(Server.java:963) [hadoop-common-3.3.1.jar:?]
	at java.security.AccessController.doPrivileged(Native Method) ~[?:1.8.0_332]
	at javax.security.auth.Subject.doAs(Subject.java:422) [?:1.8.0_332]
	at org.apache.hadoop.security.UserGroupInformation.doAs(UserGroupInformation.java:1878) [hadoop-common-3.3.1.jar:?]
	at org.apache.hadoop.ipc.Server$Handler.run(Server.java:2966) [hadoop-common-3.3.1.jar:?]
16:54:32.469 [IPC Server handler 6 on default port 44473] ERROR OMAudit - user=runner | ip=127.0.0.1 | op=GET_FILE_STATUS {volume=volume21896, bucket=bucket32187, key=.Trash/runner, dataSize=0, replicationConfig=null} | ret=FAILURE
org.apache.hadoop.ozone.om.exceptions.OMException: Unable to get file status: volume: volume21896 bucket: bucket32187 key: .Trash/runner
	at org.apache.hadoop.ozone.om.KeyManagerImpl.getOzoneFileStatus(KeyManagerImpl.java:1311) ~[ozone-manager-1.3.0-SNAPSHOT.jar:?]
	at org.apache.hadoop.ozone.om.KeyManagerImpl.getFileStatus(KeyManagerImpl.java:1241) ~[ozone-manager-1.3.0-SNAPSHOT.jar:?]
	at org.apache.hadoop.ozone.om.OzoneManager.getFileStatus(OzoneManager.java:3419) ~[ozone-manager-1.3.0-SNAPSHOT.jar:?]
	at org.apache.hadoop.ozone.protocolPB.OzoneManagerRequestHandler.getOzoneFileStatus(OzoneManagerRequestHandler.java:871) ~[ozone-manager-1.3.0-SNAPSHOT.jar:?]
	at org.apache.hadoop.ozone.protocolPB.OzoneManagerRequestHandler.handleReadRequest(OzoneManagerRequestHandler.java:217) ~[ozone-manager-1.3.0-SNAPSHOT.jar:?]
	at org.apache.hadoop.ozone.protocolPB.OzoneManagerProtocolServerSideTranslatorPB.submitReadRequestToOM(OzoneManagerProtocolServerSideTranslatorPB.java:226) ~[ozone-manager-1.3.0-SNAPSHOT.jar:?]
	at org.apache.hadoop.ozone.protocolPB.OzoneManagerProtocolServerSideTranslatorPB.processRequest(OzoneManagerProtocolServerSideTranslatorPB.java:175) ~[ozone-manager-1.3.0-SNAPSHOT.jar:?]
	at org.apache.hadoop.hdds.server.OzoneProtocolMessageDispatcher.processRequest(OzoneProtocolMessageDispatcher.java:87) [hdds-server-framework-1.3.0-SNAPSHOT.jar:?]
	at org.apache.hadoop.ozone.protocolPB.OzoneManagerProtocolServerSideTranslatorPB.submitRequest(OzoneManagerProtocolServerSideTranslatorPB.java:147) [ozone-manager-1.3.0-SNAPSHOT.jar:?]
	at org.apache.hadoop.ozone.protocol.proto.OzoneManagerProtocolProtos$OzoneManagerService$2.callBlockingMethod(OzoneManagerProtocolProtos.java) [ozone-interface-client-1.3.0-SNAPSHOT.jar:?]
	at org.apache.hadoop.ipc.ProtobufRpcEngine$Server.processCall(ProtobufRpcEngine.java:466) [hadoop-common-3.3.1.jar:?]
	at org.apache.hadoop.ipc.ProtobufRpcEngine2$Server$ProtoBufRpcInvoker.call(ProtobufRpcEngine2.java:574) [hadoop-common-3.3.1.jar:?]
	at org.apache.hadoop.ipc.ProtobufRpcEngine2$Server$ProtoBufRpcInvoker.call(ProtobufRpcEngine2.java:552) [hadoop-common-3.3.1.jar:?]
	at org.apache.hadoop.ipc.RPC$Server.call(RPC.java:1093) [hadoop-common-3.3.1.jar:?]
	at org.apache.hadoop.ipc.Server$RpcCall.run(Server.java:1035) [hadoop-common-3.3.1.jar:?]
	at org.apache.hadoop.ipc.Server$RpcCall.run(Server.java:963) [hadoop-common-3.3.1.jar:?]
	at java.security.AccessController.doPrivileged(Native Method) ~[?:1.8.0_332]
	at javax.security.auth.Subject.doAs(Subject.java:422) [?:1.8.0_332]
	at org.apache.hadoop.security.UserGroupInformation.doAs(UserGroupInformation.java:1878) [hadoop-common-3.3.1.jar:?]
	at org.apache.hadoop.ipc.Server$Handler.run(Server.java:2966) [hadoop-common-3.3.1.jar:?]
16:54:32.475 [IPC Server handler 17 on default port 44473] ERROR OMAudit - user=runner | ip=127.0.0.1 | op=GET_FILE_STATUS {volume=volume54665, bucket=trashroottest2, key=.Trash/runner, dataSize=0, replicationConfig=null} | ret=FAILURE
org.apache.hadoop.ozone.om.exceptions.OMException: Unable to get file status: volume: volume54665 bucket: trashroottest2 key: .Trash/runner
	at org.apache.hadoop.ozone.om.KeyManagerImpl.getOzoneFileStatus(KeyManagerImpl.java:1311) ~[ozone-manager-1.3.0-SNAPSHOT.jar:?]
	at org.apache.hadoop.ozone.om.KeyManagerImpl.getFileStatus(KeyManagerImpl.java:1241) ~[ozone-manager-1.3.0-SNAPSHOT.jar:?]
	at org.apache.hadoop.ozone.om.OzoneManager.getFileStatus(OzoneManager.java:3419) ~[ozone-manager-1.3.0-SNAPSHOT.jar:?]
	at org.apache.hadoop.ozone.protocolPB.OzoneManagerRequestHandler.getOzoneFileStatus(OzoneManagerRequestHandler.java:871) ~[ozone-manager-1.3.0-SNAPSHOT.jar:?]
	at org.apache.hadoop.ozone.protocolPB.OzoneManagerRequestHandler.handleReadRequest(OzoneManagerRequestHandler.java:217) ~[ozone-manager-1.3.0-SNAPSHOT.jar:?]
	at org.apache.hadoop.ozone.protocolPB.OzoneManagerProtocolServerSideTranslatorPB.submitReadRequestToOM(OzoneManagerProtocolServerSideTranslatorPB.java:226) ~[ozone-manager-1.3.0-SNAPSHOT.jar:?]
	at org.apache.hadoop.ozone.protocolPB.OzoneManagerProtocolServerSideTranslatorPB.processRequest(OzoneManagerProtocolServerSideTranslatorPB.java:175) ~[ozone-manager-1.3.0-SNAPSHOT.jar:?]
	at org.apache.hadoop.hdds.server.OzoneProtocolMessageDispatcher.processRequest(OzoneProtocolMessageDispatcher.java:87) [hdds-server-framework-1.3.0-SNAPSHOT.jar:?]
	at org.apache.hadoop.ozone.protocolPB.OzoneManagerProtocolServerSideTranslatorPB.submitRequest(OzoneManagerProtocolServerSideTranslatorPB.java:147) [ozone-manager-1.3.0-SNAPSHOT.jar:?]
	at org.apache.hadoop.ozone.protocol.proto.OzoneManagerProtocolProtos$OzoneManagerService$2.callBlockingMethod(OzoneManagerProtocolProtos.java) [ozone-interface-client-1.3.0-SNAPSHOT.jar:?]
	at org.apache.hadoop.ipc.ProtobufRpcEngine$Server.processCall(ProtobufRpcEngine.java:466) [hadoop-common-3.3.1.jar:?]
	at org.apache.hadoop.ipc.ProtobufRpcEngine2$Server$ProtoBufRpcInvoker.call(ProtobufRpcEngine2.java:574) [hadoop-common-3.3.1.jar:?]
	at org.apache.hadoop.ipc.ProtobufRpcEngine2$Server$ProtoBufRpcInvoker.call(ProtobufRpcEngine2.java:552) [hadoop-common-3.3.1.jar:?]
	at org.apache.hadoop.ipc.RPC$Server.call(RPC.java:1093) [hadoop-common-3.3.1.jar:?]
	at org.apache.hadoop.ipc.Server$RpcCall.run(Server.java:1035) [hadoop-common-3.3.1.jar:?]
	at org.apache.hadoop.ipc.Server$RpcCall.run(Server.java:963) [hadoop-common-3.3.1.jar:?]
	at java.security.AccessController.doPrivileged(Native Method) ~[?:1.8.0_332]
	at javax.security.auth.Subject.doAs(Subject.java:422) [?:1.8.0_332]
	at org.apache.hadoop.security.UserGroupInformation.doAs(UserGroupInformation.java:1878) [hadoop-common-3.3.1.jar:?]
	at org.apache.hadoop.ipc.Server$Handler.run(Server.java:2966) [hadoop-common-3.3.1.jar:?]
16:54:32.479 [IPC Server handler 2 on default port 44473] ERROR OMAudit - user=runner | ip=127.0.0.1 | op=GET_FILE_STATUS {volume=10c246f5-30da-4f64-9417-0545fd1c67f7, bucket=5b56f495-7b7e-4594-b8a8-f5f163119a25, key=.Trash, dataSize=0, replicationConfig=null} | ret=FAILURE
org.apache.hadoop.ozone.om.exceptions.OMException: Unable to get file status: volume: 10c246f5-30da-4f64-9417-0545fd1c67f7 bucket: 5b56f495-7b7e-4594-b8a8-f5f163119a25 key: .Trash
	at org.apache.hadoop.ozone.om.KeyManagerImpl.getOzoneFileStatus(KeyManagerImpl.java:1311) ~[ozone-manager-1.3.0-SNAPSHOT.jar:?]
	at org.apache.hadoop.ozone.om.KeyManagerImpl.getFileStatus(KeyManagerImpl.java:1241) ~[ozone-manager-1.3.0-SNAPSHOT.jar:?]
	at org.apache.hadoop.ozone.om.OzoneManager.getFileStatus(OzoneManager.java:3419) ~[ozone-manager-1.3.0-SNAPSHOT.jar:?]
	at org.apache.hadoop.ozone.protocolPB.OzoneManagerRequestHandler.getOzoneFileStatus(OzoneManagerRequestHandler.java:871) ~[ozone-manager-1.3.0-SNAPSHOT.jar:?]
	at org.apache.hadoop.ozone.protocolPB.OzoneManagerRequestHandler.handleReadRequest(OzoneManagerRequestHandler.java:217) ~[ozone-manager-1.3.0-SNAPSHOT.jar:?]
	at org.apache.hadoop.ozone.protocolPB.OzoneManagerProtocolServerSideTranslatorPB.submitReadRequestToOM(OzoneManagerProtocolServerSideTranslatorPB.java:226) ~[ozone-manager-1.3.0-SNAPSHOT.jar:?]
	at org.apache.hadoop.ozone.protocolPB.OzoneManagerProtocolServerSideTranslatorPB.processRequest(OzoneManagerProtocolServerSideTranslatorPB.java:175) ~[ozone-manager-1.3.0-SNAPSHOT.jar:?]
	at org.apache.hadoop.hdds.server.OzoneProtocolMessageDispatcher.processRequest(OzoneProtocolMessageDispatcher.java:87) [hdds-server-framework-1.3.0-SNAPSHOT.jar:?]
	at org.apache.hadoop.ozone.protocolPB.OzoneManagerProtocolServerSideTranslatorPB.submitRequest(OzoneManagerProtocolServerSideTranslatorPB.java:147) [ozone-manager-1.3.0-SNAPSHOT.jar:?]
	at org.apache.hadoop.ozone.protocol.proto.OzoneManagerProtocolProtos$OzoneManagerService$2.callBlockingMethod(OzoneManagerProtocolProtos.java) [ozone-interface-client-1.3.0-SNAPSHOT.jar:?]
	at org.apache.hadoop.ipc.ProtobufRpcEngine$Server.processCall(ProtobufRpcEngine.java:466) [hadoop-common-3.3.1.jar:?]
	at org.apache.hadoop.ipc.ProtobufRpcEngine2$Server$ProtoBufRpcInvoker.call(ProtobufRpcEngine2.java:574) [hadoop-common-3.3.1.jar:?]
	at org.apache.hadoop.ipc.ProtobufRpcEngine2$Server$ProtoBufRpcInvoker.call(ProtobufRpcEngine2.java:552) [hadoop-common-3.3.1.jar:?]
	at org.apache.hadoop.ipc.RPC$Server.call(RPC.java:1093) [hadoop-common-3.3.1.jar:?]
	at org.apache.hadoop.ipc.Server$RpcCall.run(Server.java:1035) [hadoop-common-3.3.1.jar:?]
	at org.apache.hadoop.ipc.Server$RpcCall.run(Server.java:963) [hadoop-common-3.3.1.jar:?]
	at java.security.AccessController.doPrivileged(Native Method) ~[?:1.8.0_332]
	at javax.security.auth.Subject.doAs(Subject.java:422) [?:1.8.0_332]
	at org.apache.hadoop.security.UserGroupInformation.doAs(UserGroupInformation.java:1878) [hadoop-common-3.3.1.jar:?]
	at org.apache.hadoop.ipc.Server$Handler.run(Server.java:2966) [hadoop-common-3.3.1.jar:?]
16:54:32.483 [IPC Server handler 8 on default port 44473] ERROR OMAudit - user=runner | ip=127.0.0.1 | op=GET_FILE_STATUS {volume=volume21896, bucket=bucket32187, key=.Trash, dataSize=0, replicationConfig=null} | ret=FAILURE
org.apache.hadoop.ozone.om.exceptions.OMException: Unable to get file status: volume: volume21896 bucket: bucket32187 key: .Trash
	at org.apache.hadoop.ozone.om.KeyManagerImpl.getOzoneFileStatus(KeyManagerImpl.java:1311) ~[ozone-manager-1.3.0-SNAPSHOT.jar:?]
	at org.apache.hadoop.ozone.om.KeyManagerImpl.getFileStatus(KeyManagerImpl.java:1241) ~[ozone-manager-1.3.0-SNAPSHOT.jar:?]
	at org.apache.hadoop.ozone.om.OzoneManager.getFileStatus(OzoneManager.java:3419) ~[ozone-manager-1.3.0-SNAPSHOT.jar:?]
	at org.apache.hadoop.ozone.protocolPB.OzoneManagerRequestHandler.getOzoneFileStatus(OzoneManagerRequestHandler.java:871) ~[ozone-manager-1.3.0-SNAPSHOT.jar:?]
	at org.apache.hadoop.ozone.protocolPB.OzoneManagerRequestHandler.handleReadRequest(OzoneManagerRequestHandler.java:217) ~[ozone-manager-1.3.0-SNAPSHOT.jar:?]
	at org.apache.hadoop.ozone.protocolPB.OzoneManagerProtocolServerSideTranslatorPB.submitReadRequestToOM(OzoneManagerProtocolServerSideTranslatorPB.java:226) ~[ozone-manager-1.3.0-SNAPSHOT.jar:?]
	at org.apache.hadoop.ozone.protocolPB.OzoneManagerProtocolServerSideTranslatorPB.processRequest(OzoneManagerProtocolServerSideTranslatorPB.java:175) ~[ozone-manager-1.3.0-SNAPSHOT.jar:?]
	at org.apache.hadoop.hdds.server.OzoneProtocolMessageDispatcher.processRequest(OzoneProtocolMessageDispatcher.java:87) [hdds-server-framework-1.3.0-SNAPSHOT.jar:?]
	at org.apache.hadoop.ozone.protocolPB.OzoneManagerProtocolServerSideTranslatorPB.submitRequest(OzoneManagerProtocolServerSideTranslatorPB.java:147) [ozone-manager-1.3.0-SNAPSHOT.jar:?]
	at org.apache.hadoop.ozone.protocol.proto.OzoneManagerProtocolProtos$OzoneManagerService$2.callBlockingMethod(OzoneManagerProtocolProtos.java) [ozone-interface-client-1.3.0-SNAPSHOT.jar:?]
	at org.apache.hadoop.ipc.ProtobufRpcEngine$Server.processCall(ProtobufRpcEngine.java:466) [hadoop-common-3.3.1.jar:?]
	at org.apache.hadoop.ipc.ProtobufRpcEngine2$Server$ProtoBufRpcInvoker.call(ProtobufRpcEngine2.java:574) [hadoop-common-3.3.1.jar:?]
	at org.apache.hadoop.ipc.ProtobufRpcEngine2$Server$ProtoBufRpcInvoker.call(ProtobufRpcEngine2.java:552) [hadoop-common-3.3.1.jar:?]
	at org.apache.hadoop.ipc.RPC$Server.call(RPC.java:1093) [hadoop-common-3.3.1.jar:?]
	at org.apache.hadoop.ipc.Server$RpcCall.run(Server.java:1035) [hadoop-common-3.3.1.jar:?]
	at org.apache.hadoop.ipc.Server$RpcCall.run(Server.java:963) [hadoop-common-3.3.1.jar:?]
	at java.security.AccessController.doPrivileged(Native Method) ~[?:1.8.0_332]
	at javax.security.auth.Subject.doAs(Subject.java:422) [?:1.8.0_332]
	at org.apache.hadoop.security.UserGroupInformation.doAs(UserGroupInformation.java:1878) [hadoop-common-3.3.1.jar:?]
	at org.apache.hadoop.ipc.Server$Handler.run(Server.java:2966) [hadoop-common-3.3.1.jar:?]
16:54:32.490 [IPC Server handler 18 on default port 44473] ERROR OMAudit - user=runner | ip=127.0.0.1 | op=GET_FILE_STATUS {volume=volume54665, bucket=trashroottest2, key=.Trash, dataSize=0, replicationConfig=null} | ret=FAILURE
org.apache.hadoop.ozone.om.exceptions.OMException: Unable to get file status: volume: volume54665 bucket: trashroottest2 key: .Trash
	at org.apache.hadoop.ozone.om.KeyManagerImpl.getOzoneFileStatus(KeyManagerImpl.java:1311) ~[ozone-manager-1.3.0-SNAPSHOT.jar:?]
	at org.apache.hadoop.ozone.om.KeyManagerImpl.getFileStatus(KeyManagerImpl.java:1241) ~[ozone-manager-1.3.0-SNAPSHOT.jar:?]
	at org.apache.hadoop.ozone.om.OzoneManager.getFileStatus(OzoneManager.java:3419) ~[ozone-manager-1.3.0-SNAPSHOT.jar:?]
	at org.apache.hadoop.ozone.protocolPB.OzoneManagerRequestHandler.getOzoneFileStatus(OzoneManagerRequestHandler.java:871) ~[ozone-manager-1.3.0-SNAPSHOT.jar:?]
	at org.apache.hadoop.ozone.protocolPB.OzoneManagerRequestHandler.handleReadRequest(OzoneManagerRequestHandler.java:217) ~[ozone-manager-1.3.0-SNAPSHOT.jar:?]
	at org.apache.hadoop.ozone.protocolPB.OzoneManagerProtocolServerSideTranslatorPB.submitReadRequestToOM(OzoneManagerProtocolServerSideTranslatorPB.java:226) ~[ozone-manager-1.3.0-SNAPSHOT.jar:?]
	at org.apache.hadoop.ozone.protocolPB.OzoneManagerProtocolServerSideTranslatorPB.processRequest(OzoneManagerProtocolServerSideTranslatorPB.java:175) ~[ozone-manager-1.3.0-SNAPSHOT.jar:?]
	at org.apache.hadoop.hdds.server.OzoneProtocolMessageDispatcher.processRequest(OzoneProtocolMessageDispatcher.java:87) [hdds-server-framework-1.3.0-SNAPSHOT.jar:?]
	at org.apache.hadoop.ozone.protocolPB.OzoneManagerProtocolServerSideTranslatorPB.submitRequest(OzoneManagerProtocolServerSideTranslatorPB.java:147) [ozone-manager-1.3.0-SNAPSHOT.jar:?]
	at org.apache.hadoop.ozone.protocol.proto.OzoneManagerProtocolProtos$OzoneManagerService$2.callBlockingMethod(OzoneManagerProtocolProtos.java) [ozone-interface-client-1.3.0-SNAPSHOT.jar:?]
	at org.apache.hadoop.ipc.ProtobufRpcEngine$Server.processCall(ProtobufRpcEngine.java:466) [hadoop-common-3.3.1.jar:?]
	at org.apache.hadoop.ipc.ProtobufRpcEngine2$Server$ProtoBufRpcInvoker.call(ProtobufRpcEngine2.java:574) [hadoop-common-3.3.1.jar:?]
	at org.apache.hadoop.ipc.ProtobufRpcEngine2$Server$ProtoBufRpcInvoker.call(ProtobufRpcEngine2.java:552) [hadoop-common-3.3.1.jar:?]
	at org.apache.hadoop.ipc.RPC$Server.call(RPC.java:1093) [hadoop-common-3.3.1.jar:?]
	at org.apache.hadoop.ipc.Server$RpcCall.run(Server.java:1035) [hadoop-common-3.3.1.jar:?]
	at org.apache.hadoop.ipc.Server$RpcCall.run(Server.java:963) [hadoop-common-3.3.1.jar:?]
	at java.security.AccessController.doPrivileged(Native Method) ~[?:1.8.0_332]
	at javax.security.auth.Subject.doAs(Subject.java:422) [?:1.8.0_332]
	at org.apache.hadoop.security.UserGroupInformation.doAs(UserGroupInformation.java:1878) [hadoop-common-3.3.1.jar:?]
	at org.apache.hadoop.ipc.Server$Handler.run(Server.java:2966) [hadoop-common-3.3.1.jar:?]
16:54:32.510 [IPC Server handler 19 on default port 44473] ERROR OMAudit - user=runner | ip=127.0.0.1 | op=GET_FILE_STATUS {volume=10c246f5-30da-4f64-9417-0545fd1c67f7, bucket=5b56f495-7b7e-4594-b8a8-f5f163119a25, key=.Trash/runner, dataSize=0, replicationConfig=null} | ret=FAILURE
org.apache.hadoop.ozone.om.exceptions.OMException: Unable to get file status: volume: 10c246f5-30da-4f64-9417-0545fd1c67f7 bucket: 5b56f495-7b7e-4594-b8a8-f5f163119a25 key: .Trash/runner
	at org.apache.hadoop.ozone.om.KeyManagerImpl.getOzoneFileStatus(KeyManagerImpl.java:1311) ~[ozone-manager-1.3.0-SNAPSHOT.jar:?]
	at org.apache.hadoop.ozone.om.KeyManagerImpl.getFileStatus(KeyManagerImpl.java:1241) ~[ozone-manager-1.3.0-SNAPSHOT.jar:?]
	at org.apache.hadoop.ozone.om.OzoneManager.getFileStatus(OzoneManager.java:3419) ~[ozone-manager-1.3.0-SNAPSHOT.jar:?]
	at org.apache.hadoop.ozone.protocolPB.OzoneManagerRequestHandler.getOzoneFileStatus(OzoneManagerRequestHandler.java:871) ~[ozone-manager-1.3.0-SNAPSHOT.jar:?]
	at org.apache.hadoop.ozone.protocolPB.OzoneManagerRequestHandler.handleReadRequest(OzoneManagerRequestHandler.java:217) ~[ozone-manager-1.3.0-SNAPSHOT.jar:?]
	at org.apache.hadoop.ozone.protocolPB.OzoneManagerProtocolServerSideTranslatorPB.submitReadRequestToOM(OzoneManagerProtocolServerSideTranslatorPB.java:226) ~[ozone-manager-1.3.0-SNAPSHOT.jar:?]
	at org.apache.hadoop.ozone.protocolPB.OzoneManagerProtocolServerSideTranslatorPB.processRequest(OzoneManagerProtocolServerSideTranslatorPB.java:175) ~[ozone-manager-1.3.0-SNAPSHOT.jar:?]
	at org.apache.hadoop.hdds.server.OzoneProtocolMessageDispatcher.processRequest(OzoneProtocolMessageDispatcher.java:87) [hdds-server-framework-1.3.0-SNAPSHOT.jar:?]
	at org.apache.hadoop.ozone.protocolPB.OzoneManagerProtocolServerSideTranslatorPB.submitRequest(OzoneManagerProtocolServerSideTranslatorPB.java:147) [ozone-manager-1.3.0-SNAPSHOT.jar:?]
	at org.apache.hadoop.ozone.protocol.proto.OzoneManagerProtocolProtos$OzoneManagerService$2.callBlockingMethod(OzoneManagerProtocolProtos.java) [ozone-interface-client-1.3.0-SNAPSHOT.jar:?]
	at org.apache.hadoop.ipc.ProtobufRpcEngine$Server.processCall(ProtobufRpcEngine.java:466) [hadoop-common-3.3.1.jar:?]
	at org.apache.hadoop.ipc.ProtobufRpcEngine2$Server$ProtoBufRpcInvoker.call(ProtobufRpcEngine2.java:574) [hadoop-common-3.3.1.jar:?]
	at org.apache.hadoop.ipc.ProtobufRpcEngine2$Server$ProtoBufRpcInvoker.call(ProtobufRpcEngine2.java:552) [hadoop-common-3.3.1.jar:?]
	at org.apache.hadoop.ipc.RPC$Server.call(RPC.java:1093) [hadoop-common-3.3.1.jar:?]
	at org.apache.hadoop.ipc.Server$RpcCall.run(Server.java:1035) [hadoop-common-3.3.1.jar:?]
	at org.apache.hadoop.ipc.Server$RpcCall.run(Server.java:963) [hadoop-common-3.3.1.jar:?]
	at java.security.AccessController.doPrivileged(Native Method) ~[?:1.8.0_332]
	at javax.security.auth.Subject.doAs(Subject.java:422) [?:1.8.0_332]
	at org.apache.hadoop.security.UserGroupInformation.doAs(UserGroupInformation.java:1878) [hadoop-common-3.3.1.jar:?]
	at org.apache.hadoop.ipc.Server$Handler.run(Server.java:2966) [hadoop-common-3.3.1.jar:?]
16:54:32.513 [IPC Server handler 5 on default port 44473] ERROR OMAudit - user=runner | ip=127.0.0.1 | op=GET_FILE_STATUS {volume=volume54665, bucket=bucket03145, key=.Trash/runner, dataSize=0, replicationConfig=null} | ret=FAILURE
org.apache.hadoop.ozone.om.exceptions.OMException: Unable to get file status: volume: volume54665 bucket: bucket03145 key: .Trash/runner
	at org.apache.hadoop.ozone.om.KeyManagerImpl.getOzoneFileStatus(KeyManagerImpl.java:1311) ~[ozone-manager-1.3.0-SNAPSHOT.jar:?]
	at org.apache.hadoop.ozone.om.KeyManagerImpl.getFileStatus(KeyManagerImpl.java:1241) ~[ozone-manager-1.3.0-SNAPSHOT.jar:?]
	at org.apache.hadoop.ozone.om.OzoneManager.getFileStatus(OzoneManager.java:3419) ~[ozone-manager-1.3.0-SNAPSHOT.jar:?]
	at org.apache.hadoop.ozone.protocolPB.OzoneManagerRequestHandler.getOzoneFileStatus(OzoneManagerRequestHandler.java:871) ~[ozone-manager-1.3.0-SNAPSHOT.jar:?]
	at org.apache.hadoop.ozone.protocolPB.OzoneManagerRequestHandler.handleReadRequest(OzoneManagerRequestHandler.java:217) ~[ozone-manager-1.3.0-SNAPSHOT.jar:?]
	at org.apache.hadoop.ozone.protocolPB.OzoneManagerProtocolServerSideTranslatorPB.submitReadRequestToOM(OzoneManagerProtocolServerSideTranslatorPB.java:226) ~[ozone-manager-1.3.0-SNAPSHOT.jar:?]
	at org.apache.hadoop.ozone.protocolPB.OzoneManagerProtocolServerSideTranslatorPB.processRequest(OzoneManagerProtocolServerSideTranslatorPB.java:175) ~[ozone-manager-1.3.0-SNAPSHOT.jar:?]
	at org.apache.hadoop.hdds.server.OzoneProtocolMessageDispatcher.processRequest(OzoneProtocolMessageDispatcher.java:87) [hdds-server-framework-1.3.0-SNAPSHOT.jar:?]
	at org.apache.hadoop.ozone.protocolPB.OzoneManagerProtocolServerSideTranslatorPB.submitRequest(OzoneManagerProtocolServerSideTranslatorPB.java:147) [ozone-manager-1.3.0-SNAPSHOT.jar:?]
	at org.apache.hadoop.ozone.protocol.proto.OzoneManagerProtocolProtos$OzoneManagerService$2.callBlockingMethod(OzoneManagerProtocolProtos.java) [ozone-interface-client-1.3.0-SNAPSHOT.jar:?]
	at org.apache.hadoop.ipc.ProtobufRpcEngine$Server.processCall(ProtobufRpcEngine.java:466) [hadoop-common-3.3.1.jar:?]
	at org.apache.hadoop.ipc.ProtobufRpcEngine2$Server$ProtoBufRpcInvoker.call(ProtobufRpcEngine2.java:574) [hadoop-common-3.3.1.jar:?]
	at org.apache.hadoop.ipc.ProtobufRpcEngine2$Server$ProtoBufRpcInvoker.call(ProtobufRpcEngine2.java:552) [hadoop-common-3.3.1.jar:?]
	at org.apache.hadoop.ipc.RPC$Server.call(RPC.java:1093) [hadoop-common-3.3.1.jar:?]
	at org.apache.hadoop.ipc.Server$RpcCall.run(Server.java:1035) [hadoop-common-3.3.1.jar:?]
	at org.apache.hadoop.ipc.Server$RpcCall.run(Server.java:963) [hadoop-common-3.3.1.jar:?]
	at java.security.AccessController.doPrivileged(Native Method) ~[?:1.8.0_332]
	at javax.security.auth.Subject.doAs(Subject.java:422) [?:1.8.0_332]
	at org.apache.hadoop.security.UserGroupInformation.doAs(UserGroupInformation.java:1878) [hadoop-common-3.3.1.jar:?]
	at org.apache.hadoop.ipc.Server$Handler.run(Server.java:2966) [hadoop-common-3.3.1.jar:?]
16:54:32.517 [IPC Server handler 9 on default port 44473] ERROR OMAudit - user=runner | ip=127.0.0.1 | op=GET_FILE_STATUS {volume=10c246f5-30da-4f64-9417-0545fd1c67f7, bucket=5b56f495-7b7e-4594-b8a8-f5f163119a25, key=.Trash, dataSize=0, replicationConfig=null} | ret=FAILURE
org.apache.hadoop.ozone.om.exceptions.OMException: Unable to get file status: volume: 10c246f5-30da-4f64-9417-0545fd1c67f7 bucket: 5b56f495-7b7e-4594-b8a8-f5f163119a25 key: .Trash
	at org.apache.hadoop.ozone.om.KeyManagerImpl.getOzoneFileStatus(KeyManagerImpl.java:1311) ~[ozone-manager-1.3.0-SNAPSHOT.jar:?]
	at org.apache.hadoop.ozone.om.KeyManagerImpl.getFileStatus(KeyManagerImpl.java:1241) ~[ozone-manager-1.3.0-SNAPSHOT.jar:?]
	at org.apache.hadoop.ozone.om.OzoneManager.getFileStatus(OzoneManager.java:3419) ~[ozone-manager-1.3.0-SNAPSHOT.jar:?]
	at org.apache.hadoop.ozone.protocolPB.OzoneManagerRequestHandler.getOzoneFileStatus(OzoneManagerRequestHandler.java:871) ~[ozone-manager-1.3.0-SNAPSHOT.jar:?]
	at org.apache.hadoop.ozone.protocolPB.OzoneManagerRequestHandler.handleReadRequest(OzoneManagerRequestHandler.java:217) ~[ozone-manager-1.3.0-SNAPSHOT.jar:?]
	at org.apache.hadoop.ozone.protocolPB.OzoneManagerProtocolServerSideTranslatorPB.submitReadRequestToOM(OzoneManagerProtocolServerSideTranslatorPB.java:226) ~[ozone-manager-1.3.0-SNAPSHOT.jar:?]
	at org.apache.hadoop.ozone.protocolPB.OzoneManagerProtocolServerSideTranslatorPB.processRequest(OzoneManagerProtocolServerSideTranslatorPB.java:175) ~[ozone-manager-1.3.0-SNAPSHOT.jar:?]
	at org.apache.hadoop.hdds.server.OzoneProtocolMessageDispatcher.processRequest(OzoneProtocolMessageDispatcher.java:87) [hdds-server-framework-1.3.0-SNAPSHOT.jar:?]
	at org.apache.hadoop.ozone.protocolPB.OzoneManagerProtocolServerSideTranslatorPB.submitRequest(OzoneManagerProtocolServerSideTranslatorPB.java:147) [ozone-manager-1.3.0-SNAPSHOT.jar:?]
	at org.apache.hadoop.ozone.protocol.proto.OzoneManagerProtocolProtos$OzoneManagerService$2.callBlockingMethod(OzoneManagerProtocolProtos.java) [ozone-interface-client-1.3.0-SNAPSHOT.jar:?]
	at org.apache.hadoop.ipc.ProtobufRpcEngine$Server.processCall(ProtobufRpcEngine.java:466) [hadoop-common-3.3.1.jar:?]
	at org.apache.hadoop.ipc.ProtobufRpcEngine2$Server$ProtoBufRpcInvoker.call(ProtobufRpcEngine2.java:574) [hadoop-common-3.3.1.jar:?]
	at org.apache.hadoop.ipc.ProtobufRpcEngine2$Server$ProtoBufRpcInvoker.call(ProtobufRpcEngine2.java:552) [hadoop-common-3.3.1.jar:?]
	at org.apache.hadoop.ipc.RPC$Server.call(RPC.java:1093) [hadoop-common-3.3.1.jar:?]
	at org.apache.hadoop.ipc.Server$RpcCall.run(Server.java:1035) [hadoop-common-3.3.1.jar:?]
	at org.apache.hadoop.ipc.Server$RpcCall.run(Server.java:963) [hadoop-common-3.3.1.jar:?]
	at java.security.AccessController.doPrivileged(Native Method) ~[?:1.8.0_332]
	at javax.security.auth.Subject.doAs(Subject.java:422) [?:1.8.0_332]
	at org.apache.hadoop.security.UserGroupInformation.doAs(UserGroupInformation.java:1878) [hadoop-common-3.3.1.jar:?]
	at org.apache.hadoop.ipc.Server$Handler.run(Server.java:2966) [hadoop-common-3.3.1.jar:?]
]]></system-out>
  </testcase>
  <testcase name="testGetTrashRoots" classname="TestRootedOzoneFileSystem" time="0.588">
    <system-out><![CDATA[2022-06-27 16:55:36,253 [Time-limited test] INFO  rpc.RpcClient (RpcClient.java:createVolume(466)) - Creating Volume: volume97119, with user66833 as owner and space quota set to -1 bytes, counts quota set to -1
2022-06-27 16:55:36,258 [OM StateMachine ApplyTransaction Thread - 0] INFO  volume.OMVolumeCreateRequest (OMVolumeCreateRequest.java:validateAndUpdateCache(195)) - created volume:volume97119 for user:user66833
2022-06-27 16:55:36,259 [Time-limited test] INFO  rpc.RpcClient (RpcClient.java:createBucket(666)) - Creating Bucket: volume97119/bucket40186, with the Bucket Layout LEGACY, runner as owner, Versioning false, Storage Type set to DISK and Encryption set to false 
2022-06-27 16:55:36,260 [OM StateMachine ApplyTransaction Thread - 0] INFO  bucket.OMBucketCreateRequest (OMBucketCreateRequest.java:validateAndUpdateCache(260)) - created bucket: bucket40186 of layout LEGACY in volume: volume97119
16:55:36.265 [IPC Server handler 3 on default port 39955] ERROR OMAudit - user=runner | ip=127.0.0.1 | op=GET_FILE_STATUS {volume=volume97119, bucket=bucket40186, key=.Trash/runner, dataSize=0, replicationConfig=null} | ret=FAILURE
org.apache.hadoop.ozone.om.exceptions.OMException: Unable to get file status: volume: volume97119 bucket: bucket40186 key: .Trash/runner
	at org.apache.hadoop.ozone.om.KeyManagerImpl.getOzoneFileStatus(KeyManagerImpl.java:1311) ~[ozone-manager-1.3.0-SNAPSHOT.jar:?]
	at org.apache.hadoop.ozone.om.KeyManagerImpl.getFileStatus(KeyManagerImpl.java:1241) ~[ozone-manager-1.3.0-SNAPSHOT.jar:?]
	at org.apache.hadoop.ozone.om.OzoneManager.getFileStatus(OzoneManager.java:3419) ~[ozone-manager-1.3.0-SNAPSHOT.jar:?]
	at org.apache.hadoop.ozone.protocolPB.OzoneManagerRequestHandler.getOzoneFileStatus(OzoneManagerRequestHandler.java:871) ~[ozone-manager-1.3.0-SNAPSHOT.jar:?]
	at org.apache.hadoop.ozone.protocolPB.OzoneManagerRequestHandler.handleReadRequest(OzoneManagerRequestHandler.java:217) ~[ozone-manager-1.3.0-SNAPSHOT.jar:?]
	at org.apache.hadoop.ozone.protocolPB.OzoneManagerProtocolServerSideTranslatorPB.submitReadRequestToOM(OzoneManagerProtocolServerSideTranslatorPB.java:226) ~[ozone-manager-1.3.0-SNAPSHOT.jar:?]
	at org.apache.hadoop.ozone.protocolPB.OzoneManagerProtocolServerSideTranslatorPB.processRequest(OzoneManagerProtocolServerSideTranslatorPB.java:175) ~[ozone-manager-1.3.0-SNAPSHOT.jar:?]
	at org.apache.hadoop.hdds.server.OzoneProtocolMessageDispatcher.processRequest(OzoneProtocolMessageDispatcher.java:87) [hdds-server-framework-1.3.0-SNAPSHOT.jar:?]
	at org.apache.hadoop.ozone.protocolPB.OzoneManagerProtocolServerSideTranslatorPB.submitRequest(OzoneManagerProtocolServerSideTranslatorPB.java:147) [ozone-manager-1.3.0-SNAPSHOT.jar:?]
	at org.apache.hadoop.ozone.protocol.proto.OzoneManagerProtocolProtos$OzoneManagerService$2.callBlockingMethod(OzoneManagerProtocolProtos.java) [ozone-interface-client-1.3.0-SNAPSHOT.jar:?]
	at org.apache.hadoop.ipc.ProtobufRpcEngine$Server.processCall(ProtobufRpcEngine.java:466) [hadoop-common-3.3.1.jar:?]
	at org.apache.hadoop.ipc.ProtobufRpcEngine2$Server$ProtoBufRpcInvoker.call(ProtobufRpcEngine2.java:574) [hadoop-common-3.3.1.jar:?]
	at org.apache.hadoop.ipc.ProtobufRpcEngine2$Server$ProtoBufRpcInvoker.call(ProtobufRpcEngine2.java:552) [hadoop-common-3.3.1.jar:?]
	at org.apache.hadoop.ipc.RPC$Server.call(RPC.java:1093) [hadoop-common-3.3.1.jar:?]
	at org.apache.hadoop.ipc.Server$RpcCall.run(Server.java:1035) [hadoop-common-3.3.1.jar:?]
	at org.apache.hadoop.ipc.Server$RpcCall.run(Server.java:963) [hadoop-common-3.3.1.jar:?]
	at java.security.AccessController.doPrivileged(Native Method) ~[?:1.8.0_332]
	at javax.security.auth.Subject.doAs(Subject.java:422) [?:1.8.0_332]
	at org.apache.hadoop.security.UserGroupInformation.doAs(UserGroupInformation.java:1878) [hadoop-common-3.3.1.jar:?]
	at org.apache.hadoop.ipc.Server$Handler.run(Server.java:2966) [hadoop-common-3.3.1.jar:?]
16:55:36.268 [IPC Server handler 5 on default port 39955] ERROR OMAudit - user=runner | ip=127.0.0.1 | op=GET_FILE_STATUS {volume=f7d61040-203d-48e2-ae8e-b397063bc1c7, bucket=795bd73e-dfd9-4e62-80dd-3e3ef327968c, key=.Trash, dataSize=0, replicationConfig=null} | ret=FAILURE
org.apache.hadoop.ozone.om.exceptions.OMException: Unable to get file status: volume: f7d61040-203d-48e2-ae8e-b397063bc1c7 bucket: 795bd73e-dfd9-4e62-80dd-3e3ef327968c key: .Trash
	at org.apache.hadoop.ozone.om.KeyManagerImpl.getOzoneFileStatus(KeyManagerImpl.java:1311) ~[ozone-manager-1.3.0-SNAPSHOT.jar:?]
	at org.apache.hadoop.ozone.om.KeyManagerImpl.getFileStatus(KeyManagerImpl.java:1241) ~[ozone-manager-1.3.0-SNAPSHOT.jar:?]
	at org.apache.hadoop.ozone.om.OzoneManager.getFileStatus(OzoneManager.java:3419) ~[ozone-manager-1.3.0-SNAPSHOT.jar:?]
	at org.apache.hadoop.ozone.protocolPB.OzoneManagerRequestHandler.getOzoneFileStatus(OzoneManagerRequestHandler.java:871) ~[ozone-manager-1.3.0-SNAPSHOT.jar:?]
	at org.apache.hadoop.ozone.protocolPB.OzoneManagerRequestHandler.handleReadRequest(OzoneManagerRequestHandler.java:217) ~[ozone-manager-1.3.0-SNAPSHOT.jar:?]
	at org.apache.hadoop.ozone.protocolPB.OzoneManagerProtocolServerSideTranslatorPB.submitReadRequestToOM(OzoneManagerProtocolServerSideTranslatorPB.java:226) ~[ozone-manager-1.3.0-SNAPSHOT.jar:?]
	at org.apache.hadoop.ozone.protocolPB.OzoneManagerProtocolServerSideTranslatorPB.processRequest(OzoneManagerProtocolServerSideTranslatorPB.java:175) ~[ozone-manager-1.3.0-SNAPSHOT.jar:?]
	at org.apache.hadoop.hdds.server.OzoneProtocolMessageDispatcher.processRequest(OzoneProtocolMessageDispatcher.java:87) [hdds-server-framework-1.3.0-SNAPSHOT.jar:?]
	at org.apache.hadoop.ozone.protocolPB.OzoneManagerProtocolServerSideTranslatorPB.submitRequest(OzoneManagerProtocolServerSideTranslatorPB.java:147) [ozone-manager-1.3.0-SNAPSHOT.jar:?]
	at org.apache.hadoop.ozone.protocol.proto.OzoneManagerProtocolProtos$OzoneManagerService$2.callBlockingMethod(OzoneManagerProtocolProtos.java) [ozone-interface-client-1.3.0-SNAPSHOT.jar:?]
	at org.apache.hadoop.ipc.ProtobufRpcEngine$Server.processCall(ProtobufRpcEngine.java:466) [hadoop-common-3.3.1.jar:?]
	at org.apache.hadoop.ipc.ProtobufRpcEngine2$Server$ProtoBufRpcInvoker.call(ProtobufRpcEngine2.java:574) [hadoop-common-3.3.1.jar:?]
	at org.apache.hadoop.ipc.ProtobufRpcEngine2$Server$ProtoBufRpcInvoker.call(ProtobufRpcEngine2.java:552) [hadoop-common-3.3.1.jar:?]
	at org.apache.hadoop.ipc.RPC$Server.call(RPC.java:1093) [hadoop-common-3.3.1.jar:?]
	at org.apache.hadoop.ipc.Server$RpcCall.run(Server.java:1035) [hadoop-common-3.3.1.jar:?]
	at org.apache.hadoop.ipc.Server$RpcCall.run(Server.java:963) [hadoop-common-3.3.1.jar:?]
	at java.security.AccessController.doPrivileged(Native Method) ~[?:1.8.0_332]
	at javax.security.auth.Subject.doAs(Subject.java:422) [?:1.8.0_332]
	at org.apache.hadoop.security.UserGroupInformation.doAs(UserGroupInformation.java:1878) [hadoop-common-3.3.1.jar:?]
	at org.apache.hadoop.ipc.Server$Handler.run(Server.java:2966) [hadoop-common-3.3.1.jar:?]
16:55:36.270 [IPC Server handler 15 on default port 39955] ERROR OMAudit - user=runner | ip=127.0.0.1 | op=GET_FILE_STATUS {volume=volume97119, bucket=bucket40186, key=.Trash, dataSize=0, replicationConfig=null} | ret=FAILURE
org.apache.hadoop.ozone.om.exceptions.OMException: Unable to get file status: volume: volume97119 bucket: bucket40186 key: .Trash
	at org.apache.hadoop.ozone.om.KeyManagerImpl.getOzoneFileStatus(KeyManagerImpl.java:1311) ~[ozone-manager-1.3.0-SNAPSHOT.jar:?]
	at org.apache.hadoop.ozone.om.KeyManagerImpl.getFileStatus(KeyManagerImpl.java:1241) ~[ozone-manager-1.3.0-SNAPSHOT.jar:?]
	at org.apache.hadoop.ozone.om.OzoneManager.getFileStatus(OzoneManager.java:3419) ~[ozone-manager-1.3.0-SNAPSHOT.jar:?]
	at org.apache.hadoop.ozone.protocolPB.OzoneManagerRequestHandler.getOzoneFileStatus(OzoneManagerRequestHandler.java:871) ~[ozone-manager-1.3.0-SNAPSHOT.jar:?]
	at org.apache.hadoop.ozone.protocolPB.OzoneManagerRequestHandler.handleReadRequest(OzoneManagerRequestHandler.java:217) ~[ozone-manager-1.3.0-SNAPSHOT.jar:?]
	at org.apache.hadoop.ozone.protocolPB.OzoneManagerProtocolServerSideTranslatorPB.submitReadRequestToOM(OzoneManagerProtocolServerSideTranslatorPB.java:226) ~[ozone-manager-1.3.0-SNAPSHOT.jar:?]
	at org.apache.hadoop.ozone.protocolPB.OzoneManagerProtocolServerSideTranslatorPB.processRequest(OzoneManagerProtocolServerSideTranslatorPB.java:175) ~[ozone-manager-1.3.0-SNAPSHOT.jar:?]
	at org.apache.hadoop.hdds.server.OzoneProtocolMessageDispatcher.processRequest(OzoneProtocolMessageDispatcher.java:87) [hdds-server-framework-1.3.0-SNAPSHOT.jar:?]
	at org.apache.hadoop.ozone.protocolPB.OzoneManagerProtocolServerSideTranslatorPB.submitRequest(OzoneManagerProtocolServerSideTranslatorPB.java:147) [ozone-manager-1.3.0-SNAPSHOT.jar:?]
	at org.apache.hadoop.ozone.protocol.proto.OzoneManagerProtocolProtos$OzoneManagerService$2.callBlockingMethod(OzoneManagerProtocolProtos.java) [ozone-interface-client-1.3.0-SNAPSHOT.jar:?]
	at org.apache.hadoop.ipc.ProtobufRpcEngine$Server.processCall(ProtobufRpcEngine.java:466) [hadoop-common-3.3.1.jar:?]
	at org.apache.hadoop.ipc.ProtobufRpcEngine2$Server$ProtoBufRpcInvoker.call(ProtobufRpcEngine2.java:574) [hadoop-common-3.3.1.jar:?]
	at org.apache.hadoop.ipc.ProtobufRpcEngine2$Server$ProtoBufRpcInvoker.call(ProtobufRpcEngine2.java:552) [hadoop-common-3.3.1.jar:?]
	at org.apache.hadoop.ipc.RPC$Server.call(RPC.java:1093) [hadoop-common-3.3.1.jar:?]
	at org.apache.hadoop.ipc.Server$RpcCall.run(Server.java:1035) [hadoop-common-3.3.1.jar:?]
	at org.apache.hadoop.ipc.Server$RpcCall.run(Server.java:963) [hadoop-common-3.3.1.jar:?]
	at java.security.AccessController.doPrivileged(Native Method) ~[?:1.8.0_332]
	at javax.security.auth.Subject.doAs(Subject.java:422) [?:1.8.0_332]
	at org.apache.hadoop.security.UserGroupInformation.doAs(UserGroupInformation.java:1878) [hadoop-common-3.3.1.jar:?]
	at org.apache.hadoop.ipc.Server$Handler.run(Server.java:2966) [hadoop-common-3.3.1.jar:?]
16:55:36.279 [IPC Server handler 7 on default port 39955] ERROR OMAudit - user=runner | ip=127.0.0.1 | op=GET_FILE_STATUS {volume=f7d61040-203d-48e2-ae8e-b397063bc1c7, bucket=795bd73e-dfd9-4e62-80dd-3e3ef327968c, key=.Trash, dataSize=0, replicationConfig=null} | ret=FAILURE
org.apache.hadoop.ozone.om.exceptions.OMException: Unable to get file status: volume: f7d61040-203d-48e2-ae8e-b397063bc1c7 bucket: 795bd73e-dfd9-4e62-80dd-3e3ef327968c key: .Trash
	at org.apache.hadoop.ozone.om.KeyManagerImpl.getOzoneFileStatus(KeyManagerImpl.java:1311) ~[ozone-manager-1.3.0-SNAPSHOT.jar:?]
	at org.apache.hadoop.ozone.om.KeyManagerImpl.getFileStatus(KeyManagerImpl.java:1241) ~[ozone-manager-1.3.0-SNAPSHOT.jar:?]
	at org.apache.hadoop.ozone.om.OzoneManager.getFileStatus(OzoneManager.java:3419) ~[ozone-manager-1.3.0-SNAPSHOT.jar:?]
	at org.apache.hadoop.ozone.protocolPB.OzoneManagerRequestHandler.getOzoneFileStatus(OzoneManagerRequestHandler.java:871) ~[ozone-manager-1.3.0-SNAPSHOT.jar:?]
	at org.apache.hadoop.ozone.protocolPB.OzoneManagerRequestHandler.handleReadRequest(OzoneManagerRequestHandler.java:217) ~[ozone-manager-1.3.0-SNAPSHOT.jar:?]
	at org.apache.hadoop.ozone.protocolPB.OzoneManagerProtocolServerSideTranslatorPB.submitReadRequestToOM(OzoneManagerProtocolServerSideTranslatorPB.java:226) ~[ozone-manager-1.3.0-SNAPSHOT.jar:?]
	at org.apache.hadoop.ozone.protocolPB.OzoneManagerProtocolServerSideTranslatorPB.processRequest(OzoneManagerProtocolServerSideTranslatorPB.java:175) ~[ozone-manager-1.3.0-SNAPSHOT.jar:?]
	at org.apache.hadoop.hdds.server.OzoneProtocolMessageDispatcher.processRequest(OzoneProtocolMessageDispatcher.java:87) [hdds-server-framework-1.3.0-SNAPSHOT.jar:?]
	at org.apache.hadoop.ozone.protocolPB.OzoneManagerProtocolServerSideTranslatorPB.submitRequest(OzoneManagerProtocolServerSideTranslatorPB.java:147) [ozone-manager-1.3.0-SNAPSHOT.jar:?]
	at org.apache.hadoop.ozone.protocol.proto.OzoneManagerProtocolProtos$OzoneManagerService$2.callBlockingMethod(OzoneManagerProtocolProtos.java) [ozone-interface-client-1.3.0-SNAPSHOT.jar:?]
	at org.apache.hadoop.ipc.ProtobufRpcEngine$Server.processCall(ProtobufRpcEngine.java:466) [hadoop-common-3.3.1.jar:?]
	at org.apache.hadoop.ipc.ProtobufRpcEngine2$Server$ProtoBufRpcInvoker.call(ProtobufRpcEngine2.java:574) [hadoop-common-3.3.1.jar:?]
	at org.apache.hadoop.ipc.ProtobufRpcEngine2$Server$ProtoBufRpcInvoker.call(ProtobufRpcEngine2.java:552) [hadoop-common-3.3.1.jar:?]
	at org.apache.hadoop.ipc.RPC$Server.call(RPC.java:1093) [hadoop-common-3.3.1.jar:?]
	at org.apache.hadoop.ipc.Server$RpcCall.run(Server.java:1035) [hadoop-common-3.3.1.jar:?]
	at org.apache.hadoop.ipc.Server$RpcCall.run(Server.java:963) [hadoop-common-3.3.1.jar:?]
	at java.security.AccessController.doPrivileged(Native Method) ~[?:1.8.0_332]
	at javax.security.auth.Subject.doAs(Subject.java:422) [?:1.8.0_332]
	at org.apache.hadoop.security.UserGroupInformation.doAs(UserGroupInformation.java:1878) [hadoop-common-3.3.1.jar:?]
	at org.apache.hadoop.ipc.Server$Handler.run(Server.java:2966) [hadoop-common-3.3.1.jar:?]
16:55:36.303 [IPC Server handler 1 on default port 39955] ERROR OMAudit - user=runner | ip=127.0.0.1 | op=GET_FILE_STATUS {volume=f7d61040-203d-48e2-ae8e-b397063bc1c7, bucket=795bd73e-dfd9-4e62-80dd-3e3ef327968c, key=.Trash, dataSize=0, replicationConfig=null} | ret=FAILURE
org.apache.hadoop.ozone.om.exceptions.OMException: Unable to get file status: volume: f7d61040-203d-48e2-ae8e-b397063bc1c7 bucket: 795bd73e-dfd9-4e62-80dd-3e3ef327968c key: .Trash
	at org.apache.hadoop.ozone.om.KeyManagerImpl.getOzoneFileStatus(KeyManagerImpl.java:1311) ~[ozone-manager-1.3.0-SNAPSHOT.jar:?]
	at org.apache.hadoop.ozone.om.KeyManagerImpl.getFileStatus(KeyManagerImpl.java:1241) ~[ozone-manager-1.3.0-SNAPSHOT.jar:?]
	at org.apache.hadoop.ozone.om.OzoneManager.getFileStatus(OzoneManager.java:3419) ~[ozone-manager-1.3.0-SNAPSHOT.jar:?]
	at org.apache.hadoop.ozone.protocolPB.OzoneManagerRequestHandler.getOzoneFileStatus(OzoneManagerRequestHandler.java:871) ~[ozone-manager-1.3.0-SNAPSHOT.jar:?]
	at org.apache.hadoop.ozone.protocolPB.OzoneManagerRequestHandler.handleReadRequest(OzoneManagerRequestHandler.java:217) ~[ozone-manager-1.3.0-SNAPSHOT.jar:?]
	at org.apache.hadoop.ozone.protocolPB.OzoneManagerProtocolServerSideTranslatorPB.submitReadRequestToOM(OzoneManagerProtocolServerSideTranslatorPB.java:226) ~[ozone-manager-1.3.0-SNAPSHOT.jar:?]
	at org.apache.hadoop.ozone.protocolPB.OzoneManagerProtocolServerSideTranslatorPB.processRequest(OzoneManagerProtocolServerSideTranslatorPB.java:175) ~[ozone-manager-1.3.0-SNAPSHOT.jar:?]
	at org.apache.hadoop.hdds.server.OzoneProtocolMessageDispatcher.processRequest(OzoneProtocolMessageDispatcher.java:87) [hdds-server-framework-1.3.0-SNAPSHOT.jar:?]
	at org.apache.hadoop.ozone.protocolPB.OzoneManagerProtocolServerSideTranslatorPB.submitRequest(OzoneManagerProtocolServerSideTranslatorPB.java:147) [ozone-manager-1.3.0-SNAPSHOT.jar:?]
	at org.apache.hadoop.ozone.protocol.proto.OzoneManagerProtocolProtos$OzoneManagerService$2.callBlockingMethod(OzoneManagerProtocolProtos.java) [ozone-interface-client-1.3.0-SNAPSHOT.jar:?]
	at org.apache.hadoop.ipc.ProtobufRpcEngine$Server.processCall(ProtobufRpcEngine.java:466) [hadoop-common-3.3.1.jar:?]
	at org.apache.hadoop.ipc.ProtobufRpcEngine2$Server$ProtoBufRpcInvoker.call(ProtobufRpcEngine2.java:574) [hadoop-common-3.3.1.jar:?]
	at org.apache.hadoop.ipc.ProtobufRpcEngine2$Server$ProtoBufRpcInvoker.call(ProtobufRpcEngine2.java:552) [hadoop-common-3.3.1.jar:?]
	at org.apache.hadoop.ipc.RPC$Server.call(RPC.java:1093) [hadoop-common-3.3.1.jar:?]
	at org.apache.hadoop.ipc.Server$RpcCall.run(Server.java:1035) [hadoop-common-3.3.1.jar:?]
	at org.apache.hadoop.ipc.Server$RpcCall.run(Server.java:963) [hadoop-common-3.3.1.jar:?]
	at java.security.AccessController.doPrivileged(Native Method) ~[?:1.8.0_332]
	at javax.security.auth.Subject.doAs(Subject.java:422) [?:1.8.0_332]
	at org.apache.hadoop.security.UserGroupInformation.doAs(UserGroupInformation.java:1878) [hadoop-common-3.3.1.jar:?]
	at org.apache.hadoop.ipc.Server$Handler.run(Server.java:2966) [hadoop-common-3.3.1.jar:?]
2022-06-27 16:55:36,309 [Time-limited test] INFO  rpc.RpcClient (RpcClient.java:createBucket(666)) - Creating Bucket: volume97119/trashroottest2, with the Bucket Layout LEGACY, runner as owner, Versioning false, Storage Type set to DISK and Encryption set to false 
2022-06-27 16:55:36,310 [OM StateMachine ApplyTransaction Thread - 0] INFO  bucket.OMBucketCreateRequest (OMBucketCreateRequest.java:validateAndUpdateCache(260)) - created bucket: trashroottest2 of layout LEGACY in volume: volume97119
16:55:36.490 [IPC Server handler 9 on default port 39955] ERROR OMAudit - user=runner | ip=127.0.0.1 | op=GET_FILE_STATUS {volume=f7d61040-203d-48e2-ae8e-b397063bc1c7, bucket=795bd73e-dfd9-4e62-80dd-3e3ef327968c, key=.Trash, dataSize=0, replicationConfig=null} | ret=FAILURE
org.apache.hadoop.ozone.om.exceptions.OMException: Unable to get file status: volume: f7d61040-203d-48e2-ae8e-b397063bc1c7 bucket: 795bd73e-dfd9-4e62-80dd-3e3ef327968c key: .Trash
	at org.apache.hadoop.ozone.om.KeyManagerImpl.getOzoneFileStatus(KeyManagerImpl.java:1311) ~[ozone-manager-1.3.0-SNAPSHOT.jar:?]
	at org.apache.hadoop.ozone.om.KeyManagerImpl.getFileStatus(KeyManagerImpl.java:1241) ~[ozone-manager-1.3.0-SNAPSHOT.jar:?]
	at org.apache.hadoop.ozone.om.OzoneManager.getFileStatus(OzoneManager.java:3419) ~[ozone-manager-1.3.0-SNAPSHOT.jar:?]
	at org.apache.hadoop.ozone.protocolPB.OzoneManagerRequestHandler.getOzoneFileStatus(OzoneManagerRequestHandler.java:871) ~[ozone-manager-1.3.0-SNAPSHOT.jar:?]
	at org.apache.hadoop.ozone.protocolPB.OzoneManagerRequestHandler.handleReadRequest(OzoneManagerRequestHandler.java:217) ~[ozone-manager-1.3.0-SNAPSHOT.jar:?]
	at org.apache.hadoop.ozone.protocolPB.OzoneManagerProtocolServerSideTranslatorPB.submitReadRequestToOM(OzoneManagerProtocolServerSideTranslatorPB.java:226) ~[ozone-manager-1.3.0-SNAPSHOT.jar:?]
	at org.apache.hadoop.ozone.protocolPB.OzoneManagerProtocolServerSideTranslatorPB.processRequest(OzoneManagerProtocolServerSideTranslatorPB.java:175) ~[ozone-manager-1.3.0-SNAPSHOT.jar:?]
	at org.apache.hadoop.hdds.server.OzoneProtocolMessageDispatcher.processRequest(OzoneProtocolMessageDispatcher.java:87) [hdds-server-framework-1.3.0-SNAPSHOT.jar:?]
	at org.apache.hadoop.ozone.protocolPB.OzoneManagerProtocolServerSideTranslatorPB.submitRequest(OzoneManagerProtocolServerSideTranslatorPB.java:147) [ozone-manager-1.3.0-SNAPSHOT.jar:?]
	at org.apache.hadoop.ozone.protocol.proto.OzoneManagerProtocolProtos$OzoneManagerService$2.callBlockingMethod(OzoneManagerProtocolProtos.java) [ozone-interface-client-1.3.0-SNAPSHOT.jar:?]
	at org.apache.hadoop.ipc.ProtobufRpcEngine$Server.processCall(ProtobufRpcEngine.java:466) [hadoop-common-3.3.1.jar:?]
	at org.apache.hadoop.ipc.ProtobufRpcEngine2$Server$ProtoBufRpcInvoker.call(ProtobufRpcEngine2.java:574) [hadoop-common-3.3.1.jar:?]
	at org.apache.hadoop.ipc.ProtobufRpcEngine2$Server$ProtoBufRpcInvoker.call(ProtobufRpcEngine2.java:552) [hadoop-common-3.3.1.jar:?]
	at org.apache.hadoop.ipc.RPC$Server.call(RPC.java:1093) [hadoop-common-3.3.1.jar:?]
	at org.apache.hadoop.ipc.Server$RpcCall.run(Server.java:1035) [hadoop-common-3.3.1.jar:?]
	at org.apache.hadoop.ipc.Server$RpcCall.run(Server.java:963) [hadoop-common-3.3.1.jar:?]
	at java.security.AccessController.doPrivileged(Native Method) ~[?:1.8.0_332]
	at javax.security.auth.Subject.doAs(Subject.java:422) [?:1.8.0_332]
	at org.apache.hadoop.security.UserGroupInformation.doAs(UserGroupInformation.java:1878) [hadoop-common-3.3.1.jar:?]
	at org.apache.hadoop.ipc.Server$Handler.run(Server.java:2966) [hadoop-common-3.3.1.jar:?]
16:55:36.512 [IPC Server handler 4 on default port 39955] ERROR OMAudit - user=runner | ip=127.0.0.1 | op=GET_FILE_STATUS {volume=f7d61040-203d-48e2-ae8e-b397063bc1c7, bucket=795bd73e-dfd9-4e62-80dd-3e3ef327968c, key=.Trash, dataSize=0, replicationConfig=null} | ret=FAILURE
org.apache.hadoop.ozone.om.exceptions.OMException: Unable to get file status: volume: f7d61040-203d-48e2-ae8e-b397063bc1c7 bucket: 795bd73e-dfd9-4e62-80dd-3e3ef327968c key: .Trash
	at org.apache.hadoop.ozone.om.KeyManagerImpl.getOzoneFileStatus(KeyManagerImpl.java:1311) ~[ozone-manager-1.3.0-SNAPSHOT.jar:?]
	at org.apache.hadoop.ozone.om.KeyManagerImpl.getFileStatus(KeyManagerImpl.java:1241) ~[ozone-manager-1.3.0-SNAPSHOT.jar:?]
	at org.apache.hadoop.ozone.om.OzoneManager.getFileStatus(OzoneManager.java:3419) ~[ozone-manager-1.3.0-SNAPSHOT.jar:?]
	at org.apache.hadoop.ozone.protocolPB.OzoneManagerRequestHandler.getOzoneFileStatus(OzoneManagerRequestHandler.java:871) ~[ozone-manager-1.3.0-SNAPSHOT.jar:?]
	at org.apache.hadoop.ozone.protocolPB.OzoneManagerRequestHandler.handleReadRequest(OzoneManagerRequestHandler.java:217) ~[ozone-manager-1.3.0-SNAPSHOT.jar:?]
	at org.apache.hadoop.ozone.protocolPB.OzoneManagerProtocolServerSideTranslatorPB.submitReadRequestToOM(OzoneManagerProtocolServerSideTranslatorPB.java:226) ~[ozone-manager-1.3.0-SNAPSHOT.jar:?]
	at org.apache.hadoop.ozone.protocolPB.OzoneManagerProtocolServerSideTranslatorPB.processRequest(OzoneManagerProtocolServerSideTranslatorPB.java:175) ~[ozone-manager-1.3.0-SNAPSHOT.jar:?]
	at org.apache.hadoop.hdds.server.OzoneProtocolMessageDispatcher.processRequest(OzoneProtocolMessageDispatcher.java:87) [hdds-server-framework-1.3.0-SNAPSHOT.jar:?]
	at org.apache.hadoop.ozone.protocolPB.OzoneManagerProtocolServerSideTranslatorPB.submitRequest(OzoneManagerProtocolServerSideTranslatorPB.java:147) [ozone-manager-1.3.0-SNAPSHOT.jar:?]
	at org.apache.hadoop.ozone.protocol.proto.OzoneManagerProtocolProtos$OzoneManagerService$2.callBlockingMethod(OzoneManagerProtocolProtos.java) [ozone-interface-client-1.3.0-SNAPSHOT.jar:?]
	at org.apache.hadoop.ipc.ProtobufRpcEngine$Server.processCall(ProtobufRpcEngine.java:466) [hadoop-common-3.3.1.jar:?]
	at org.apache.hadoop.ipc.ProtobufRpcEngine2$Server$ProtoBufRpcInvoker.call(ProtobufRpcEngine2.java:574) [hadoop-common-3.3.1.jar:?]
	at org.apache.hadoop.ipc.ProtobufRpcEngine2$Server$ProtoBufRpcInvoker.call(ProtobufRpcEngine2.java:552) [hadoop-common-3.3.1.jar:?]
	at org.apache.hadoop.ipc.RPC$Server.call(RPC.java:1093) [hadoop-common-3.3.1.jar:?]
	at org.apache.hadoop.ipc.Server$RpcCall.run(Server.java:1035) [hadoop-common-3.3.1.jar:?]
	at org.apache.hadoop.ipc.Server$RpcCall.run(Server.java:963) [hadoop-common-3.3.1.jar:?]
	at java.security.AccessController.doPrivileged(Native Method) ~[?:1.8.0_332]
	at javax.security.auth.Subject.doAs(Subject.java:422) [?:1.8.0_332]
	at org.apache.hadoop.security.UserGroupInformation.doAs(UserGroupInformation.java:1878) [hadoop-common-3.3.1.jar:?]
	at org.apache.hadoop.ipc.Server$Handler.run(Server.java:2966) [hadoop-common-3.3.1.jar:?]
2022-06-27 16:55:36,598 [Time-limited test] INFO  rpc.RpcClient (RpcClient.java:createVolume(466)) - Creating Volume: volume67250, with user48472 as owner and space quota set to -1 bytes, counts quota set to -1
2022-06-27 16:55:36,600 [OM StateMachine ApplyTransaction Thread - 0] INFO  volume.OMVolumeCreateRequest (OMVolumeCreateRequest.java:validateAndUpdateCache(195)) - created volume:volume67250 for user:user48472
2022-06-27 16:55:36,601 [Time-limited test] INFO  rpc.RpcClient (RpcClient.java:createBucket(666)) - Creating Bucket: volume67250/bucket61560, with the Bucket Layout LEGACY, runner as owner, Versioning false, Storage Type set to DISK and Encryption set to false 
2022-06-27 16:55:36,602 [OM StateMachine ApplyTransaction Thread - 0] INFO  bucket.OMBucketCreateRequest (OMBucketCreateRequest.java:validateAndUpdateCache(260)) - created bucket: bucket61560 of layout LEGACY in volume: volume67250
16:55:36.616 [IPC Server handler 2 on default port 39955] ERROR OMAudit - user=runner | ip=127.0.0.1 | op=GET_FILE_STATUS {volume=f7d61040-203d-48e2-ae8e-b397063bc1c7, bucket=795bd73e-dfd9-4e62-80dd-3e3ef327968c, key=.Trash, dataSize=0, replicationConfig=null} | ret=FAILURE
org.apache.hadoop.ozone.om.exceptions.OMException: Unable to get file status: volume: f7d61040-203d-48e2-ae8e-b397063bc1c7 bucket: 795bd73e-dfd9-4e62-80dd-3e3ef327968c key: .Trash
	at org.apache.hadoop.ozone.om.KeyManagerImpl.getOzoneFileStatus(KeyManagerImpl.java:1311) ~[ozone-manager-1.3.0-SNAPSHOT.jar:?]
	at org.apache.hadoop.ozone.om.KeyManagerImpl.getFileStatus(KeyManagerImpl.java:1241) ~[ozone-manager-1.3.0-SNAPSHOT.jar:?]
	at org.apache.hadoop.ozone.om.OzoneManager.getFileStatus(OzoneManager.java:3419) ~[ozone-manager-1.3.0-SNAPSHOT.jar:?]
	at org.apache.hadoop.ozone.protocolPB.OzoneManagerRequestHandler.getOzoneFileStatus(OzoneManagerRequestHandler.java:871) ~[ozone-manager-1.3.0-SNAPSHOT.jar:?]
	at org.apache.hadoop.ozone.protocolPB.OzoneManagerRequestHandler.handleReadRequest(OzoneManagerRequestHandler.java:217) ~[ozone-manager-1.3.0-SNAPSHOT.jar:?]
	at org.apache.hadoop.ozone.protocolPB.OzoneManagerProtocolServerSideTranslatorPB.submitReadRequestToOM(OzoneManagerProtocolServerSideTranslatorPB.java:226) ~[ozone-manager-1.3.0-SNAPSHOT.jar:?]
	at org.apache.hadoop.ozone.protocolPB.OzoneManagerProtocolServerSideTranslatorPB.processRequest(OzoneManagerProtocolServerSideTranslatorPB.java:175) ~[ozone-manager-1.3.0-SNAPSHOT.jar:?]
	at org.apache.hadoop.hdds.server.OzoneProtocolMessageDispatcher.processRequest(OzoneProtocolMessageDispatcher.java:87) [hdds-server-framework-1.3.0-SNAPSHOT.jar:?]
	at org.apache.hadoop.ozone.protocolPB.OzoneManagerProtocolServerSideTranslatorPB.submitRequest(OzoneManagerProtocolServerSideTranslatorPB.java:147) [ozone-manager-1.3.0-SNAPSHOT.jar:?]
	at org.apache.hadoop.ozone.protocol.proto.OzoneManagerProtocolProtos$OzoneManagerService$2.callBlockingMethod(OzoneManagerProtocolProtos.java) [ozone-interface-client-1.3.0-SNAPSHOT.jar:?]
	at org.apache.hadoop.ipc.ProtobufRpcEngine$Server.processCall(ProtobufRpcEngine.java:466) [hadoop-common-3.3.1.jar:?]
	at org.apache.hadoop.ipc.ProtobufRpcEngine2$Server$ProtoBufRpcInvoker.call(ProtobufRpcEngine2.java:574) [hadoop-common-3.3.1.jar:?]
	at org.apache.hadoop.ipc.ProtobufRpcEngine2$Server$ProtoBufRpcInvoker.call(ProtobufRpcEngine2.java:552) [hadoop-common-3.3.1.jar:?]
	at org.apache.hadoop.ipc.RPC$Server.call(RPC.java:1093) [hadoop-common-3.3.1.jar:?]
	at org.apache.hadoop.ipc.Server$RpcCall.run(Server.java:1035) [hadoop-common-3.3.1.jar:?]
	at org.apache.hadoop.ipc.Server$RpcCall.run(Server.java:963) [hadoop-common-3.3.1.jar:?]
	at java.security.AccessController.doPrivileged(Native Method) ~[?:1.8.0_332]
	at javax.security.auth.Subject.doAs(Subject.java:422) [?:1.8.0_332]
	at org.apache.hadoop.security.UserGroupInformation.doAs(UserGroupInformation.java:1878) [hadoop-common-3.3.1.jar:?]
	at org.apache.hadoop.ipc.Server$Handler.run(Server.java:2966) [hadoop-common-3.3.1.jar:?]
16:55:36.638 [IPC Server handler 19 on default port 39955] ERROR OMAudit - user=runner | ip=127.0.0.1 | op=GET_FILE_STATUS {volume=f7d61040-203d-48e2-ae8e-b397063bc1c7, bucket=795bd73e-dfd9-4e62-80dd-3e3ef327968c, key=.Trash, dataSize=0, replicationConfig=null} | ret=FAILURE
org.apache.hadoop.ozone.om.exceptions.OMException: Unable to get file status: volume: f7d61040-203d-48e2-ae8e-b397063bc1c7 bucket: 795bd73e-dfd9-4e62-80dd-3e3ef327968c key: .Trash
	at org.apache.hadoop.ozone.om.KeyManagerImpl.getOzoneFileStatus(KeyManagerImpl.java:1311) ~[ozone-manager-1.3.0-SNAPSHOT.jar:?]
	at org.apache.hadoop.ozone.om.KeyManagerImpl.getFileStatus(KeyManagerImpl.java:1241) ~[ozone-manager-1.3.0-SNAPSHOT.jar:?]
	at org.apache.hadoop.ozone.om.OzoneManager.getFileStatus(OzoneManager.java:3419) ~[ozone-manager-1.3.0-SNAPSHOT.jar:?]
	at org.apache.hadoop.ozone.protocolPB.OzoneManagerRequestHandler.getOzoneFileStatus(OzoneManagerRequestHandler.java:871) ~[ozone-manager-1.3.0-SNAPSHOT.jar:?]
	at org.apache.hadoop.ozone.protocolPB.OzoneManagerRequestHandler.handleReadRequest(OzoneManagerRequestHandler.java:217) ~[ozone-manager-1.3.0-SNAPSHOT.jar:?]
	at org.apache.hadoop.ozone.protocolPB.OzoneManagerProtocolServerSideTranslatorPB.submitReadRequestToOM(OzoneManagerProtocolServerSideTranslatorPB.java:226) ~[ozone-manager-1.3.0-SNAPSHOT.jar:?]
	at org.apache.hadoop.ozone.protocolPB.OzoneManagerProtocolServerSideTranslatorPB.processRequest(OzoneManagerProtocolServerSideTranslatorPB.java:175) ~[ozone-manager-1.3.0-SNAPSHOT.jar:?]
	at org.apache.hadoop.hdds.server.OzoneProtocolMessageDispatcher.processRequest(OzoneProtocolMessageDispatcher.java:87) [hdds-server-framework-1.3.0-SNAPSHOT.jar:?]
	at org.apache.hadoop.ozone.protocolPB.OzoneManagerProtocolServerSideTranslatorPB.submitRequest(OzoneManagerProtocolServerSideTranslatorPB.java:147) [ozone-manager-1.3.0-SNAPSHOT.jar:?]
	at org.apache.hadoop.ozone.protocol.proto.OzoneManagerProtocolProtos$OzoneManagerService$2.callBlockingMethod(OzoneManagerProtocolProtos.java) [ozone-interface-client-1.3.0-SNAPSHOT.jar:?]
	at org.apache.hadoop.ipc.ProtobufRpcEngine$Server.processCall(ProtobufRpcEngine.java:466) [hadoop-common-3.3.1.jar:?]
	at org.apache.hadoop.ipc.ProtobufRpcEngine2$Server$ProtoBufRpcInvoker.call(ProtobufRpcEngine2.java:574) [hadoop-common-3.3.1.jar:?]
	at org.apache.hadoop.ipc.ProtobufRpcEngine2$Server$ProtoBufRpcInvoker.call(ProtobufRpcEngine2.java:552) [hadoop-common-3.3.1.jar:?]
	at org.apache.hadoop.ipc.RPC$Server.call(RPC.java:1093) [hadoop-common-3.3.1.jar:?]
	at org.apache.hadoop.ipc.Server$RpcCall.run(Server.java:1035) [hadoop-common-3.3.1.jar:?]
	at org.apache.hadoop.ipc.Server$RpcCall.run(Server.java:963) [hadoop-common-3.3.1.jar:?]
	at java.security.AccessController.doPrivileged(Native Method) ~[?:1.8.0_332]
	at javax.security.auth.Subject.doAs(Subject.java:422) [?:1.8.0_332]
	at org.apache.hadoop.security.UserGroupInformation.doAs(UserGroupInformation.java:1878) [hadoop-common-3.3.1.jar:?]
	at org.apache.hadoop.ipc.Server$Handler.run(Server.java:2966) [hadoop-common-3.3.1.jar:?]
16:55:36.665 [IPC Server handler 19 on default port 39955] ERROR OMAudit - user=runner | ip=127.0.0.1 | op=GET_FILE_STATUS {volume=volume67250, bucket=bucket61560, key=.Trash/runner, dataSize=0, replicationConfig=null} | ret=FAILURE
org.apache.hadoop.ozone.om.exceptions.OMException: Unable to get file status: volume: volume67250 bucket: bucket61560 key: .Trash/runner
	at org.apache.hadoop.ozone.om.KeyManagerImpl.getOzoneFileStatus(KeyManagerImpl.java:1311) ~[ozone-manager-1.3.0-SNAPSHOT.jar:?]
	at org.apache.hadoop.ozone.om.KeyManagerImpl.getFileStatus(KeyManagerImpl.java:1241) ~[ozone-manager-1.3.0-SNAPSHOT.jar:?]
	at org.apache.hadoop.ozone.om.OzoneManager.getFileStatus(OzoneManager.java:3419) ~[ozone-manager-1.3.0-SNAPSHOT.jar:?]
	at org.apache.hadoop.ozone.protocolPB.OzoneManagerRequestHandler.getOzoneFileStatus(OzoneManagerRequestHandler.java:871) ~[ozone-manager-1.3.0-SNAPSHOT.jar:?]
	at org.apache.hadoop.ozone.protocolPB.OzoneManagerRequestHandler.handleReadRequest(OzoneManagerRequestHandler.java:217) ~[ozone-manager-1.3.0-SNAPSHOT.jar:?]
	at org.apache.hadoop.ozone.protocolPB.OzoneManagerProtocolServerSideTranslatorPB.submitReadRequestToOM(OzoneManagerProtocolServerSideTranslatorPB.java:226) ~[ozone-manager-1.3.0-SNAPSHOT.jar:?]
	at org.apache.hadoop.ozone.protocolPB.OzoneManagerProtocolServerSideTranslatorPB.processRequest(OzoneManagerProtocolServerSideTranslatorPB.java:175) ~[ozone-manager-1.3.0-SNAPSHOT.jar:?]
	at org.apache.hadoop.hdds.server.OzoneProtocolMessageDispatcher.processRequest(OzoneProtocolMessageDispatcher.java:87) [hdds-server-framework-1.3.0-SNAPSHOT.jar:?]
	at org.apache.hadoop.ozone.protocolPB.OzoneManagerProtocolServerSideTranslatorPB.submitRequest(OzoneManagerProtocolServerSideTranslatorPB.java:147) [ozone-manager-1.3.0-SNAPSHOT.jar:?]
	at org.apache.hadoop.ozone.protocol.proto.OzoneManagerProtocolProtos$OzoneManagerService$2.callBlockingMethod(OzoneManagerProtocolProtos.java) [ozone-interface-client-1.3.0-SNAPSHOT.jar:?]
	at org.apache.hadoop.ipc.ProtobufRpcEngine$Server.processCall(ProtobufRpcEngine.java:466) [hadoop-common-3.3.1.jar:?]
	at org.apache.hadoop.ipc.ProtobufRpcEngine2$Server$ProtoBufRpcInvoker.call(ProtobufRpcEngine2.java:574) [hadoop-common-3.3.1.jar:?]
	at org.apache.hadoop.ipc.ProtobufRpcEngine2$Server$ProtoBufRpcInvoker.call(ProtobufRpcEngine2.java:552) [hadoop-common-3.3.1.jar:?]
	at org.apache.hadoop.ipc.RPC$Server.call(RPC.java:1093) [hadoop-common-3.3.1.jar:?]
	at org.apache.hadoop.ipc.Server$RpcCall.run(Server.java:1035) [hadoop-common-3.3.1.jar:?]
	at org.apache.hadoop.ipc.Server$RpcCall.run(Server.java:963) [hadoop-common-3.3.1.jar:?]
	at java.security.AccessController.doPrivileged(Native Method) ~[?:1.8.0_332]
	at javax.security.auth.Subject.doAs(Subject.java:422) [?:1.8.0_332]
	at org.apache.hadoop.security.UserGroupInformation.doAs(UserGroupInformation.java:1878) [hadoop-common-3.3.1.jar:?]
	at org.apache.hadoop.ipc.Server$Handler.run(Server.java:2966) [hadoop-common-3.3.1.jar:?]
16:55:36.667 [IPC Server handler 14 on default port 39955] ERROR OMAudit - user=runner | ip=127.0.0.1 | op=GET_FILE_STATUS {volume=f7d61040-203d-48e2-ae8e-b397063bc1c7, bucket=795bd73e-dfd9-4e62-80dd-3e3ef327968c, key=.Trash, dataSize=0, replicationConfig=null} | ret=FAILURE
org.apache.hadoop.ozone.om.exceptions.OMException: Unable to get file status: volume: f7d61040-203d-48e2-ae8e-b397063bc1c7 bucket: 795bd73e-dfd9-4e62-80dd-3e3ef327968c key: .Trash
	at org.apache.hadoop.ozone.om.KeyManagerImpl.getOzoneFileStatus(KeyManagerImpl.java:1311) ~[ozone-manager-1.3.0-SNAPSHOT.jar:?]
	at org.apache.hadoop.ozone.om.KeyManagerImpl.getFileStatus(KeyManagerImpl.java:1241) ~[ozone-manager-1.3.0-SNAPSHOT.jar:?]
	at org.apache.hadoop.ozone.om.OzoneManager.getFileStatus(OzoneManager.java:3419) ~[ozone-manager-1.3.0-SNAPSHOT.jar:?]
	at org.apache.hadoop.ozone.protocolPB.OzoneManagerRequestHandler.getOzoneFileStatus(OzoneManagerRequestHandler.java:871) ~[ozone-manager-1.3.0-SNAPSHOT.jar:?]
	at org.apache.hadoop.ozone.protocolPB.OzoneManagerRequestHandler.handleReadRequest(OzoneManagerRequestHandler.java:217) ~[ozone-manager-1.3.0-SNAPSHOT.jar:?]
	at org.apache.hadoop.ozone.protocolPB.OzoneManagerProtocolServerSideTranslatorPB.submitReadRequestToOM(OzoneManagerProtocolServerSideTranslatorPB.java:226) ~[ozone-manager-1.3.0-SNAPSHOT.jar:?]
	at org.apache.hadoop.ozone.protocolPB.OzoneManagerProtocolServerSideTranslatorPB.processRequest(OzoneManagerProtocolServerSideTranslatorPB.java:175) ~[ozone-manager-1.3.0-SNAPSHOT.jar:?]
	at org.apache.hadoop.hdds.server.OzoneProtocolMessageDispatcher.processRequest(OzoneProtocolMessageDispatcher.java:87) [hdds-server-framework-1.3.0-SNAPSHOT.jar:?]
	at org.apache.hadoop.ozone.protocolPB.OzoneManagerProtocolServerSideTranslatorPB.submitRequest(OzoneManagerProtocolServerSideTranslatorPB.java:147) [ozone-manager-1.3.0-SNAPSHOT.jar:?]
	at org.apache.hadoop.ozone.protocol.proto.OzoneManagerProtocolProtos$OzoneManagerService$2.callBlockingMethod(OzoneManagerProtocolProtos.java) [ozone-interface-client-1.3.0-SNAPSHOT.jar:?]
	at org.apache.hadoop.ipc.ProtobufRpcEngine$Server.processCall(ProtobufRpcEngine.java:466) [hadoop-common-3.3.1.jar:?]
	at org.apache.hadoop.ipc.ProtobufRpcEngine2$Server$ProtoBufRpcInvoker.call(ProtobufRpcEngine2.java:574) [hadoop-common-3.3.1.jar:?]
	at org.apache.hadoop.ipc.ProtobufRpcEngine2$Server$ProtoBufRpcInvoker.call(ProtobufRpcEngine2.java:552) [hadoop-common-3.3.1.jar:?]
	at org.apache.hadoop.ipc.RPC$Server.call(RPC.java:1093) [hadoop-common-3.3.1.jar:?]
	at org.apache.hadoop.ipc.Server$RpcCall.run(Server.java:1035) [hadoop-common-3.3.1.jar:?]
	at org.apache.hadoop.ipc.Server$RpcCall.run(Server.java:963) [hadoop-common-3.3.1.jar:?]
	at java.security.AccessController.doPrivileged(Native Method) ~[?:1.8.0_332]
	at javax.security.auth.Subject.doAs(Subject.java:422) [?:1.8.0_332]
	at org.apache.hadoop.security.UserGroupInformation.doAs(UserGroupInformation.java:1878) [hadoop-common-3.3.1.jar:?]
	at org.apache.hadoop.ipc.Server$Handler.run(Server.java:2966) [hadoop-common-3.3.1.jar:?]
16:55:36.669 [IPC Server handler 11 on default port 39955] ERROR OMAudit - user=runner | ip=127.0.0.1 | op=GET_FILE_STATUS {volume=volume67250, bucket=bucket61560, key=.Trash, dataSize=0, replicationConfig=null} | ret=FAILURE
org.apache.hadoop.ozone.om.exceptions.OMException: Unable to get file status: volume: volume67250 bucket: bucket61560 key: .Trash
	at org.apache.hadoop.ozone.om.KeyManagerImpl.getOzoneFileStatus(KeyManagerImpl.java:1311) ~[ozone-manager-1.3.0-SNAPSHOT.jar:?]
	at org.apache.hadoop.ozone.om.KeyManagerImpl.getFileStatus(KeyManagerImpl.java:1241) ~[ozone-manager-1.3.0-SNAPSHOT.jar:?]
	at org.apache.hadoop.ozone.om.OzoneManager.getFileStatus(OzoneManager.java:3419) ~[ozone-manager-1.3.0-SNAPSHOT.jar:?]
	at org.apache.hadoop.ozone.protocolPB.OzoneManagerRequestHandler.getOzoneFileStatus(OzoneManagerRequestHandler.java:871) ~[ozone-manager-1.3.0-SNAPSHOT.jar:?]
	at org.apache.hadoop.ozone.protocolPB.OzoneManagerRequestHandler.handleReadRequest(OzoneManagerRequestHandler.java:217) ~[ozone-manager-1.3.0-SNAPSHOT.jar:?]
	at org.apache.hadoop.ozone.protocolPB.OzoneManagerProtocolServerSideTranslatorPB.submitReadRequestToOM(OzoneManagerProtocolServerSideTranslatorPB.java:226) ~[ozone-manager-1.3.0-SNAPSHOT.jar:?]
	at org.apache.hadoop.ozone.protocolPB.OzoneManagerProtocolServerSideTranslatorPB.processRequest(OzoneManagerProtocolServerSideTranslatorPB.java:175) ~[ozone-manager-1.3.0-SNAPSHOT.jar:?]
	at org.apache.hadoop.hdds.server.OzoneProtocolMessageDispatcher.processRequest(OzoneProtocolMessageDispatcher.java:87) [hdds-server-framework-1.3.0-SNAPSHOT.jar:?]
	at org.apache.hadoop.ozone.protocolPB.OzoneManagerProtocolServerSideTranslatorPB.submitRequest(OzoneManagerProtocolServerSideTranslatorPB.java:147) [ozone-manager-1.3.0-SNAPSHOT.jar:?]
	at org.apache.hadoop.ozone.protocol.proto.OzoneManagerProtocolProtos$OzoneManagerService$2.callBlockingMethod(OzoneManagerProtocolProtos.java) [ozone-interface-client-1.3.0-SNAPSHOT.jar:?]
	at org.apache.hadoop.ipc.ProtobufRpcEngine$Server.processCall(ProtobufRpcEngine.java:466) [hadoop-common-3.3.1.jar:?]
	at org.apache.hadoop.ipc.ProtobufRpcEngine2$Server$ProtoBufRpcInvoker.call(ProtobufRpcEngine2.java:574) [hadoop-common-3.3.1.jar:?]
	at org.apache.hadoop.ipc.ProtobufRpcEngine2$Server$ProtoBufRpcInvoker.call(ProtobufRpcEngine2.java:552) [hadoop-common-3.3.1.jar:?]
	at org.apache.hadoop.ipc.RPC$Server.call(RPC.java:1093) [hadoop-common-3.3.1.jar:?]
	at org.apache.hadoop.ipc.Server$RpcCall.run(Server.java:1035) [hadoop-common-3.3.1.jar:?]
	at org.apache.hadoop.ipc.Server$RpcCall.run(Server.java:963) [hadoop-common-3.3.1.jar:?]
	at java.security.AccessController.doPrivileged(Native Method) ~[?:1.8.0_332]
	at javax.security.auth.Subject.doAs(Subject.java:422) [?:1.8.0_332]
	at org.apache.hadoop.security.UserGroupInformation.doAs(UserGroupInformation.java:1878) [hadoop-common-3.3.1.jar:?]
	at org.apache.hadoop.ipc.Server$Handler.run(Server.java:2966) [hadoop-common-3.3.1.jar:?]
16:55:36.696 [IPC Server handler 10 on default port 39955] ERROR OMAudit - user=runner | ip=127.0.0.1 | op=GET_FILE_STATUS {volume=volume97119, bucket=trashroottest2, key=.Trash/runner, dataSize=0, replicationConfig=null} | ret=FAILURE
org.apache.hadoop.ozone.om.exceptions.OMException: Unable to get file status: volume: volume97119 bucket: trashroottest2 key: .Trash/runner
	at org.apache.hadoop.ozone.om.KeyManagerImpl.getOzoneFileStatus(KeyManagerImpl.java:1311) ~[ozone-manager-1.3.0-SNAPSHOT.jar:?]
	at org.apache.hadoop.ozone.om.KeyManagerImpl.getFileStatus(KeyManagerImpl.java:1241) ~[ozone-manager-1.3.0-SNAPSHOT.jar:?]
	at org.apache.hadoop.ozone.om.OzoneManager.getFileStatus(OzoneManager.java:3419) ~[ozone-manager-1.3.0-SNAPSHOT.jar:?]
	at org.apache.hadoop.ozone.protocolPB.OzoneManagerRequestHandler.getOzoneFileStatus(OzoneManagerRequestHandler.java:871) ~[ozone-manager-1.3.0-SNAPSHOT.jar:?]
	at org.apache.hadoop.ozone.protocolPB.OzoneManagerRequestHandler.handleReadRequest(OzoneManagerRequestHandler.java:217) ~[ozone-manager-1.3.0-SNAPSHOT.jar:?]
	at org.apache.hadoop.ozone.protocolPB.OzoneManagerProtocolServerSideTranslatorPB.submitReadRequestToOM(OzoneManagerProtocolServerSideTranslatorPB.java:226) ~[ozone-manager-1.3.0-SNAPSHOT.jar:?]
	at org.apache.hadoop.ozone.protocolPB.OzoneManagerProtocolServerSideTranslatorPB.processRequest(OzoneManagerProtocolServerSideTranslatorPB.java:175) ~[ozone-manager-1.3.0-SNAPSHOT.jar:?]
	at org.apache.hadoop.hdds.server.OzoneProtocolMessageDispatcher.processRequest(OzoneProtocolMessageDispatcher.java:87) [hdds-server-framework-1.3.0-SNAPSHOT.jar:?]
	at org.apache.hadoop.ozone.protocolPB.OzoneManagerProtocolServerSideTranslatorPB.submitRequest(OzoneManagerProtocolServerSideTranslatorPB.java:147) [ozone-manager-1.3.0-SNAPSHOT.jar:?]
	at org.apache.hadoop.ozone.protocol.proto.OzoneManagerProtocolProtos$OzoneManagerService$2.callBlockingMethod(OzoneManagerProtocolProtos.java) [ozone-interface-client-1.3.0-SNAPSHOT.jar:?]
	at org.apache.hadoop.ipc.ProtobufRpcEngine$Server.processCall(ProtobufRpcEngine.java:466) [hadoop-common-3.3.1.jar:?]
	at org.apache.hadoop.ipc.ProtobufRpcEngine2$Server$ProtoBufRpcInvoker.call(ProtobufRpcEngine2.java:574) [hadoop-common-3.3.1.jar:?]
	at org.apache.hadoop.ipc.ProtobufRpcEngine2$Server$ProtoBufRpcInvoker.call(ProtobufRpcEngine2.java:552) [hadoop-common-3.3.1.jar:?]
	at org.apache.hadoop.ipc.RPC$Server.call(RPC.java:1093) [hadoop-common-3.3.1.jar:?]
	at org.apache.hadoop.ipc.Server$RpcCall.run(Server.java:1035) [hadoop-common-3.3.1.jar:?]
	at org.apache.hadoop.ipc.Server$RpcCall.run(Server.java:963) [hadoop-common-3.3.1.jar:?]
	at java.security.AccessController.doPrivileged(Native Method) ~[?:1.8.0_332]
	at javax.security.auth.Subject.doAs(Subject.java:422) [?:1.8.0_332]
	at org.apache.hadoop.security.UserGroupInformation.doAs(UserGroupInformation.java:1878) [hadoop-common-3.3.1.jar:?]
	at org.apache.hadoop.ipc.Server$Handler.run(Server.java:2966) [hadoop-common-3.3.1.jar:?]
16:55:36.697 [IPC Server handler 17 on default port 39955] ERROR OMAudit - user=runner | ip=127.0.0.1 | op=GET_FILE_STATUS {volume=volume67250, bucket=bucket61560, key=.Trash/runner, dataSize=0, replicationConfig=null} | ret=FAILURE
org.apache.hadoop.ozone.om.exceptions.OMException: Unable to get file status: volume: volume67250 bucket: bucket61560 key: .Trash/runner
	at org.apache.hadoop.ozone.om.KeyManagerImpl.getOzoneFileStatus(KeyManagerImpl.java:1311) ~[ozone-manager-1.3.0-SNAPSHOT.jar:?]
	at org.apache.hadoop.ozone.om.KeyManagerImpl.getFileStatus(KeyManagerImpl.java:1241) ~[ozone-manager-1.3.0-SNAPSHOT.jar:?]
	at org.apache.hadoop.ozone.om.OzoneManager.getFileStatus(OzoneManager.java:3419) ~[ozone-manager-1.3.0-SNAPSHOT.jar:?]
	at org.apache.hadoop.ozone.protocolPB.OzoneManagerRequestHandler.getOzoneFileStatus(OzoneManagerRequestHandler.java:871) ~[ozone-manager-1.3.0-SNAPSHOT.jar:?]
	at org.apache.hadoop.ozone.protocolPB.OzoneManagerRequestHandler.handleReadRequest(OzoneManagerRequestHandler.java:217) ~[ozone-manager-1.3.0-SNAPSHOT.jar:?]
	at org.apache.hadoop.ozone.protocolPB.OzoneManagerProtocolServerSideTranslatorPB.submitReadRequestToOM(OzoneManagerProtocolServerSideTranslatorPB.java:226) ~[ozone-manager-1.3.0-SNAPSHOT.jar:?]
	at org.apache.hadoop.ozone.protocolPB.OzoneManagerProtocolServerSideTranslatorPB.processRequest(OzoneManagerProtocolServerSideTranslatorPB.java:175) ~[ozone-manager-1.3.0-SNAPSHOT.jar:?]
	at org.apache.hadoop.hdds.server.OzoneProtocolMessageDispatcher.processRequest(OzoneProtocolMessageDispatcher.java:87) [hdds-server-framework-1.3.0-SNAPSHOT.jar:?]
	at org.apache.hadoop.ozone.protocolPB.OzoneManagerProtocolServerSideTranslatorPB.submitRequest(OzoneManagerProtocolServerSideTranslatorPB.java:147) [ozone-manager-1.3.0-SNAPSHOT.jar:?]
	at org.apache.hadoop.ozone.protocol.proto.OzoneManagerProtocolProtos$OzoneManagerService$2.callBlockingMethod(OzoneManagerProtocolProtos.java) [ozone-interface-client-1.3.0-SNAPSHOT.jar:?]
	at org.apache.hadoop.ipc.ProtobufRpcEngine$Server.processCall(ProtobufRpcEngine.java:466) [hadoop-common-3.3.1.jar:?]
	at org.apache.hadoop.ipc.ProtobufRpcEngine2$Server$ProtoBufRpcInvoker.call(ProtobufRpcEngine2.java:574) [hadoop-common-3.3.1.jar:?]
	at org.apache.hadoop.ipc.ProtobufRpcEngine2$Server$ProtoBufRpcInvoker.call(ProtobufRpcEngine2.java:552) [hadoop-common-3.3.1.jar:?]
	at org.apache.hadoop.ipc.RPC$Server.call(RPC.java:1093) [hadoop-common-3.3.1.jar:?]
	at org.apache.hadoop.ipc.Server$RpcCall.run(Server.java:1035) [hadoop-common-3.3.1.jar:?]
	at org.apache.hadoop.ipc.Server$RpcCall.run(Server.java:963) [hadoop-common-3.3.1.jar:?]
	at java.security.AccessController.doPrivileged(Native Method) ~[?:1.8.0_332]
	at javax.security.auth.Subject.doAs(Subject.java:422) [?:1.8.0_332]
	at org.apache.hadoop.security.UserGroupInformation.doAs(UserGroupInformation.java:1878) [hadoop-common-3.3.1.jar:?]
	at org.apache.hadoop.ipc.Server$Handler.run(Server.java:2966) [hadoop-common-3.3.1.jar:?]
16:55:36.700 [IPC Server handler 2 on default port 39955] ERROR OMAudit - user=runner | ip=127.0.0.1 | op=GET_FILE_STATUS {volume=f7d61040-203d-48e2-ae8e-b397063bc1c7, bucket=795bd73e-dfd9-4e62-80dd-3e3ef327968c, key=.Trash, dataSize=0, replicationConfig=null} | ret=FAILURE
org.apache.hadoop.ozone.om.exceptions.OMException: Unable to get file status: volume: f7d61040-203d-48e2-ae8e-b397063bc1c7 bucket: 795bd73e-dfd9-4e62-80dd-3e3ef327968c key: .Trash
	at org.apache.hadoop.ozone.om.KeyManagerImpl.getOzoneFileStatus(KeyManagerImpl.java:1311) ~[ozone-manager-1.3.0-SNAPSHOT.jar:?]
	at org.apache.hadoop.ozone.om.KeyManagerImpl.getFileStatus(KeyManagerImpl.java:1241) ~[ozone-manager-1.3.0-SNAPSHOT.jar:?]
	at org.apache.hadoop.ozone.om.OzoneManager.getFileStatus(OzoneManager.java:3419) ~[ozone-manager-1.3.0-SNAPSHOT.jar:?]
	at org.apache.hadoop.ozone.protocolPB.OzoneManagerRequestHandler.getOzoneFileStatus(OzoneManagerRequestHandler.java:871) ~[ozone-manager-1.3.0-SNAPSHOT.jar:?]
	at org.apache.hadoop.ozone.protocolPB.OzoneManagerRequestHandler.handleReadRequest(OzoneManagerRequestHandler.java:217) ~[ozone-manager-1.3.0-SNAPSHOT.jar:?]
	at org.apache.hadoop.ozone.protocolPB.OzoneManagerProtocolServerSideTranslatorPB.submitReadRequestToOM(OzoneManagerProtocolServerSideTranslatorPB.java:226) ~[ozone-manager-1.3.0-SNAPSHOT.jar:?]
	at org.apache.hadoop.ozone.protocolPB.OzoneManagerProtocolServerSideTranslatorPB.processRequest(OzoneManagerProtocolServerSideTranslatorPB.java:175) ~[ozone-manager-1.3.0-SNAPSHOT.jar:?]
	at org.apache.hadoop.hdds.server.OzoneProtocolMessageDispatcher.processRequest(OzoneProtocolMessageDispatcher.java:87) [hdds-server-framework-1.3.0-SNAPSHOT.jar:?]
	at org.apache.hadoop.ozone.protocolPB.OzoneManagerProtocolServerSideTranslatorPB.submitRequest(OzoneManagerProtocolServerSideTranslatorPB.java:147) [ozone-manager-1.3.0-SNAPSHOT.jar:?]
	at org.apache.hadoop.ozone.protocol.proto.OzoneManagerProtocolProtos$OzoneManagerService$2.callBlockingMethod(OzoneManagerProtocolProtos.java) [ozone-interface-client-1.3.0-SNAPSHOT.jar:?]
	at org.apache.hadoop.ipc.ProtobufRpcEngine$Server.processCall(ProtobufRpcEngine.java:466) [hadoop-common-3.3.1.jar:?]
	at org.apache.hadoop.ipc.ProtobufRpcEngine2$Server$ProtoBufRpcInvoker.call(ProtobufRpcEngine2.java:574) [hadoop-common-3.3.1.jar:?]
	at org.apache.hadoop.ipc.ProtobufRpcEngine2$Server$ProtoBufRpcInvoker.call(ProtobufRpcEngine2.java:552) [hadoop-common-3.3.1.jar:?]
	at org.apache.hadoop.ipc.RPC$Server.call(RPC.java:1093) [hadoop-common-3.3.1.jar:?]
	at org.apache.hadoop.ipc.Server$RpcCall.run(Server.java:1035) [hadoop-common-3.3.1.jar:?]
	at org.apache.hadoop.ipc.Server$RpcCall.run(Server.java:963) [hadoop-common-3.3.1.jar:?]
	at java.security.AccessController.doPrivileged(Native Method) ~[?:1.8.0_332]
	at javax.security.auth.Subject.doAs(Subject.java:422) [?:1.8.0_332]
	at org.apache.hadoop.security.UserGroupInformation.doAs(UserGroupInformation.java:1878) [hadoop-common-3.3.1.jar:?]
	at org.apache.hadoop.ipc.Server$Handler.run(Server.java:2966) [hadoop-common-3.3.1.jar:?]
16:55:36.702 [IPC Server handler 12 on default port 39955] ERROR OMAudit - user=runner | ip=127.0.0.1 | op=GET_FILE_STATUS {volume=volume67250, bucket=bucket61560, key=.Trash, dataSize=0, replicationConfig=null} | ret=FAILURE
org.apache.hadoop.ozone.om.exceptions.OMException: Unable to get file status: volume: volume67250 bucket: bucket61560 key: .Trash
	at org.apache.hadoop.ozone.om.KeyManagerImpl.getOzoneFileStatus(KeyManagerImpl.java:1311) ~[ozone-manager-1.3.0-SNAPSHOT.jar:?]
	at org.apache.hadoop.ozone.om.KeyManagerImpl.getFileStatus(KeyManagerImpl.java:1241) ~[ozone-manager-1.3.0-SNAPSHOT.jar:?]
	at org.apache.hadoop.ozone.om.OzoneManager.getFileStatus(OzoneManager.java:3419) ~[ozone-manager-1.3.0-SNAPSHOT.jar:?]
	at org.apache.hadoop.ozone.protocolPB.OzoneManagerRequestHandler.getOzoneFileStatus(OzoneManagerRequestHandler.java:871) ~[ozone-manager-1.3.0-SNAPSHOT.jar:?]
	at org.apache.hadoop.ozone.protocolPB.OzoneManagerRequestHandler.handleReadRequest(OzoneManagerRequestHandler.java:217) ~[ozone-manager-1.3.0-SNAPSHOT.jar:?]
	at org.apache.hadoop.ozone.protocolPB.OzoneManagerProtocolServerSideTranslatorPB.submitReadRequestToOM(OzoneManagerProtocolServerSideTranslatorPB.java:226) ~[ozone-manager-1.3.0-SNAPSHOT.jar:?]
	at org.apache.hadoop.ozone.protocolPB.OzoneManagerProtocolServerSideTranslatorPB.processRequest(OzoneManagerProtocolServerSideTranslatorPB.java:175) ~[ozone-manager-1.3.0-SNAPSHOT.jar:?]
	at org.apache.hadoop.hdds.server.OzoneProtocolMessageDispatcher.processRequest(OzoneProtocolMessageDispatcher.java:87) [hdds-server-framework-1.3.0-SNAPSHOT.jar:?]
	at org.apache.hadoop.ozone.protocolPB.OzoneManagerProtocolServerSideTranslatorPB.submitRequest(OzoneManagerProtocolServerSideTranslatorPB.java:147) [ozone-manager-1.3.0-SNAPSHOT.jar:?]
	at org.apache.hadoop.ozone.protocol.proto.OzoneManagerProtocolProtos$OzoneManagerService$2.callBlockingMethod(OzoneManagerProtocolProtos.java) [ozone-interface-client-1.3.0-SNAPSHOT.jar:?]
	at org.apache.hadoop.ipc.ProtobufRpcEngine$Server.processCall(ProtobufRpcEngine.java:466) [hadoop-common-3.3.1.jar:?]
	at org.apache.hadoop.ipc.ProtobufRpcEngine2$Server$ProtoBufRpcInvoker.call(ProtobufRpcEngine2.java:574) [hadoop-common-3.3.1.jar:?]
	at org.apache.hadoop.ipc.ProtobufRpcEngine2$Server$ProtoBufRpcInvoker.call(ProtobufRpcEngine2.java:552) [hadoop-common-3.3.1.jar:?]
	at org.apache.hadoop.ipc.RPC$Server.call(RPC.java:1093) [hadoop-common-3.3.1.jar:?]
	at org.apache.hadoop.ipc.Server$RpcCall.run(Server.java:1035) [hadoop-common-3.3.1.jar:?]
	at org.apache.hadoop.ipc.Server$RpcCall.run(Server.java:963) [hadoop-common-3.3.1.jar:?]
	at java.security.AccessController.doPrivileged(Native Method) ~[?:1.8.0_332]
	at javax.security.auth.Subject.doAs(Subject.java:422) [?:1.8.0_332]
	at org.apache.hadoop.security.UserGroupInformation.doAs(UserGroupInformation.java:1878) [hadoop-common-3.3.1.jar:?]
	at org.apache.hadoop.ipc.Server$Handler.run(Server.java:2966) [hadoop-common-3.3.1.jar:?]
16:55:36.708 [IPC Server handler 18 on default port 39955] ERROR OMAudit - user=runner | ip=127.0.0.1 | op=GET_FILE_STATUS {volume=volume97119, bucket=trashroottest2, key=.Trash, dataSize=0, replicationConfig=null} | ret=FAILURE
org.apache.hadoop.ozone.om.exceptions.OMException: Unable to get file status: volume: volume97119 bucket: trashroottest2 key: .Trash
	at org.apache.hadoop.ozone.om.KeyManagerImpl.getOzoneFileStatus(KeyManagerImpl.java:1311) ~[ozone-manager-1.3.0-SNAPSHOT.jar:?]
	at org.apache.hadoop.ozone.om.KeyManagerImpl.getFileStatus(KeyManagerImpl.java:1241) ~[ozone-manager-1.3.0-SNAPSHOT.jar:?]
	at org.apache.hadoop.ozone.om.OzoneManager.getFileStatus(OzoneManager.java:3419) ~[ozone-manager-1.3.0-SNAPSHOT.jar:?]
	at org.apache.hadoop.ozone.protocolPB.OzoneManagerRequestHandler.getOzoneFileStatus(OzoneManagerRequestHandler.java:871) ~[ozone-manager-1.3.0-SNAPSHOT.jar:?]
	at org.apache.hadoop.ozone.protocolPB.OzoneManagerRequestHandler.handleReadRequest(OzoneManagerRequestHandler.java:217) ~[ozone-manager-1.3.0-SNAPSHOT.jar:?]
	at org.apache.hadoop.ozone.protocolPB.OzoneManagerProtocolServerSideTranslatorPB.submitReadRequestToOM(OzoneManagerProtocolServerSideTranslatorPB.java:226) ~[ozone-manager-1.3.0-SNAPSHOT.jar:?]
	at org.apache.hadoop.ozone.protocolPB.OzoneManagerProtocolServerSideTranslatorPB.processRequest(OzoneManagerProtocolServerSideTranslatorPB.java:175) ~[ozone-manager-1.3.0-SNAPSHOT.jar:?]
	at org.apache.hadoop.hdds.server.OzoneProtocolMessageDispatcher.processRequest(OzoneProtocolMessageDispatcher.java:87) [hdds-server-framework-1.3.0-SNAPSHOT.jar:?]
	at org.apache.hadoop.ozone.protocolPB.OzoneManagerProtocolServerSideTranslatorPB.submitRequest(OzoneManagerProtocolServerSideTranslatorPB.java:147) [ozone-manager-1.3.0-SNAPSHOT.jar:?]
	at org.apache.hadoop.ozone.protocol.proto.OzoneManagerProtocolProtos$OzoneManagerService$2.callBlockingMethod(OzoneManagerProtocolProtos.java) [ozone-interface-client-1.3.0-SNAPSHOT.jar:?]
	at org.apache.hadoop.ipc.ProtobufRpcEngine$Server.processCall(ProtobufRpcEngine.java:466) [hadoop-common-3.3.1.jar:?]
	at org.apache.hadoop.ipc.ProtobufRpcEngine2$Server$ProtoBufRpcInvoker.call(ProtobufRpcEngine2.java:574) [hadoop-common-3.3.1.jar:?]
	at org.apache.hadoop.ipc.ProtobufRpcEngine2$Server$ProtoBufRpcInvoker.call(ProtobufRpcEngine2.java:552) [hadoop-common-3.3.1.jar:?]
	at org.apache.hadoop.ipc.RPC$Server.call(RPC.java:1093) [hadoop-common-3.3.1.jar:?]
	at org.apache.hadoop.ipc.Server$RpcCall.run(Server.java:1035) [hadoop-common-3.3.1.jar:?]
	at org.apache.hadoop.ipc.Server$RpcCall.run(Server.java:963) [hadoop-common-3.3.1.jar:?]
	at java.security.AccessController.doPrivileged(Native Method) ~[?:1.8.0_332]
	at javax.security.auth.Subject.doAs(Subject.java:422) [?:1.8.0_332]
	at org.apache.hadoop.security.UserGroupInformation.doAs(UserGroupInformation.java:1878) [hadoop-common-3.3.1.jar:?]
	at org.apache.hadoop.ipc.Server$Handler.run(Server.java:2966) [hadoop-common-3.3.1.jar:?]
16:55:36.717 [IPC Server handler 0 on default port 39955] ERROR OMAudit - user=runner | ip=127.0.0.1 | op=GET_FILE_STATUS {volume=volume97119, bucket=trashroottest2, key=.Trash/runner, dataSize=0, replicationConfig=null} | ret=FAILURE
org.apache.hadoop.ozone.om.exceptions.OMException: Unable to get file status: volume: volume97119 bucket: trashroottest2 key: .Trash/runner
	at org.apache.hadoop.ozone.om.KeyManagerImpl.getOzoneFileStatus(KeyManagerImpl.java:1311) ~[ozone-manager-1.3.0-SNAPSHOT.jar:?]
	at org.apache.hadoop.ozone.om.KeyManagerImpl.getFileStatus(KeyManagerImpl.java:1241) ~[ozone-manager-1.3.0-SNAPSHOT.jar:?]
	at org.apache.hadoop.ozone.om.OzoneManager.getFileStatus(OzoneManager.java:3419) ~[ozone-manager-1.3.0-SNAPSHOT.jar:?]
	at org.apache.hadoop.ozone.protocolPB.OzoneManagerRequestHandler.getOzoneFileStatus(OzoneManagerRequestHandler.java:871) ~[ozone-manager-1.3.0-SNAPSHOT.jar:?]
	at org.apache.hadoop.ozone.protocolPB.OzoneManagerRequestHandler.handleReadRequest(OzoneManagerRequestHandler.java:217) ~[ozone-manager-1.3.0-SNAPSHOT.jar:?]
	at org.apache.hadoop.ozone.protocolPB.OzoneManagerProtocolServerSideTranslatorPB.submitReadRequestToOM(OzoneManagerProtocolServerSideTranslatorPB.java:226) ~[ozone-manager-1.3.0-SNAPSHOT.jar:?]
	at org.apache.hadoop.ozone.protocolPB.OzoneManagerProtocolServerSideTranslatorPB.processRequest(OzoneManagerProtocolServerSideTranslatorPB.java:175) ~[ozone-manager-1.3.0-SNAPSHOT.jar:?]
	at org.apache.hadoop.hdds.server.OzoneProtocolMessageDispatcher.processRequest(OzoneProtocolMessageDispatcher.java:87) [hdds-server-framework-1.3.0-SNAPSHOT.jar:?]
	at org.apache.hadoop.ozone.protocolPB.OzoneManagerProtocolServerSideTranslatorPB.submitRequest(OzoneManagerProtocolServerSideTranslatorPB.java:147) [ozone-manager-1.3.0-SNAPSHOT.jar:?]
	at org.apache.hadoop.ozone.protocol.proto.OzoneManagerProtocolProtos$OzoneManagerService$2.callBlockingMethod(OzoneManagerProtocolProtos.java) [ozone-interface-client-1.3.0-SNAPSHOT.jar:?]
	at org.apache.hadoop.ipc.ProtobufRpcEngine$Server.processCall(ProtobufRpcEngine.java:466) [hadoop-common-3.3.1.jar:?]
	at org.apache.hadoop.ipc.ProtobufRpcEngine2$Server$ProtoBufRpcInvoker.call(ProtobufRpcEngine2.java:574) [hadoop-common-3.3.1.jar:?]
	at org.apache.hadoop.ipc.ProtobufRpcEngine2$Server$ProtoBufRpcInvoker.call(ProtobufRpcEngine2.java:552) [hadoop-common-3.3.1.jar:?]
	at org.apache.hadoop.ipc.RPC$Server.call(RPC.java:1093) [hadoop-common-3.3.1.jar:?]
	at org.apache.hadoop.ipc.Server$RpcCall.run(Server.java:1035) [hadoop-common-3.3.1.jar:?]
	at org.apache.hadoop.ipc.Server$RpcCall.run(Server.java:963) [hadoop-common-3.3.1.jar:?]
	at java.security.AccessController.doPrivileged(Native Method) ~[?:1.8.0_332]
	at javax.security.auth.Subject.doAs(Subject.java:422) [?:1.8.0_332]
	at org.apache.hadoop.security.UserGroupInformation.doAs(UserGroupInformation.java:1878) [hadoop-common-3.3.1.jar:?]
	at org.apache.hadoop.ipc.Server$Handler.run(Server.java:2966) [hadoop-common-3.3.1.jar:?]
16:55:36.721 [IPC Server handler 13 on default port 39955] ERROR OMAudit - user=runner | ip=127.0.0.1 | op=GET_FILE_STATUS {volume=volume67250, bucket=bucket61560, key=.Trash/runner, dataSize=0, replicationConfig=null} | ret=FAILURE
org.apache.hadoop.ozone.om.exceptions.OMException: Unable to get file status: volume: volume67250 bucket: bucket61560 key: .Trash/runner
	at org.apache.hadoop.ozone.om.KeyManagerImpl.getOzoneFileStatus(KeyManagerImpl.java:1311) ~[ozone-manager-1.3.0-SNAPSHOT.jar:?]
	at org.apache.hadoop.ozone.om.KeyManagerImpl.getFileStatus(KeyManagerImpl.java:1241) ~[ozone-manager-1.3.0-SNAPSHOT.jar:?]
	at org.apache.hadoop.ozone.om.OzoneManager.getFileStatus(OzoneManager.java:3419) ~[ozone-manager-1.3.0-SNAPSHOT.jar:?]
	at org.apache.hadoop.ozone.protocolPB.OzoneManagerRequestHandler.getOzoneFileStatus(OzoneManagerRequestHandler.java:871) ~[ozone-manager-1.3.0-SNAPSHOT.jar:?]
	at org.apache.hadoop.ozone.protocolPB.OzoneManagerRequestHandler.handleReadRequest(OzoneManagerRequestHandler.java:217) ~[ozone-manager-1.3.0-SNAPSHOT.jar:?]
	at org.apache.hadoop.ozone.protocolPB.OzoneManagerProtocolServerSideTranslatorPB.submitReadRequestToOM(OzoneManagerProtocolServerSideTranslatorPB.java:226) ~[ozone-manager-1.3.0-SNAPSHOT.jar:?]
	at org.apache.hadoop.ozone.protocolPB.OzoneManagerProtocolServerSideTranslatorPB.processRequest(OzoneManagerProtocolServerSideTranslatorPB.java:175) ~[ozone-manager-1.3.0-SNAPSHOT.jar:?]
	at org.apache.hadoop.hdds.server.OzoneProtocolMessageDispatcher.processRequest(OzoneProtocolMessageDispatcher.java:87) [hdds-server-framework-1.3.0-SNAPSHOT.jar:?]
	at org.apache.hadoop.ozone.protocolPB.OzoneManagerProtocolServerSideTranslatorPB.submitRequest(OzoneManagerProtocolServerSideTranslatorPB.java:147) [ozone-manager-1.3.0-SNAPSHOT.jar:?]
	at org.apache.hadoop.ozone.protocol.proto.OzoneManagerProtocolProtos$OzoneManagerService$2.callBlockingMethod(OzoneManagerProtocolProtos.java) [ozone-interface-client-1.3.0-SNAPSHOT.jar:?]
	at org.apache.hadoop.ipc.ProtobufRpcEngine$Server.processCall(ProtobufRpcEngine.java:466) [hadoop-common-3.3.1.jar:?]
	at org.apache.hadoop.ipc.ProtobufRpcEngine2$Server$ProtoBufRpcInvoker.call(ProtobufRpcEngine2.java:574) [hadoop-common-3.3.1.jar:?]
	at org.apache.hadoop.ipc.ProtobufRpcEngine2$Server$ProtoBufRpcInvoker.call(ProtobufRpcEngine2.java:552) [hadoop-common-3.3.1.jar:?]
	at org.apache.hadoop.ipc.RPC$Server.call(RPC.java:1093) [hadoop-common-3.3.1.jar:?]
	at org.apache.hadoop.ipc.Server$RpcCall.run(Server.java:1035) [hadoop-common-3.3.1.jar:?]
	at org.apache.hadoop.ipc.Server$RpcCall.run(Server.java:963) [hadoop-common-3.3.1.jar:?]
	at java.security.AccessController.doPrivileged(Native Method) ~[?:1.8.0_332]
	at javax.security.auth.Subject.doAs(Subject.java:422) [?:1.8.0_332]
	at org.apache.hadoop.security.UserGroupInformation.doAs(UserGroupInformation.java:1878) [hadoop-common-3.3.1.jar:?]
	at org.apache.hadoop.ipc.Server$Handler.run(Server.java:2966) [hadoop-common-3.3.1.jar:?]
16:55:36.726 [IPC Server handler 15 on default port 39955] ERROR OMAudit - user=runner | ip=127.0.0.1 | op=GET_FILE_STATUS {volume=f7d61040-203d-48e2-ae8e-b397063bc1c7, bucket=795bd73e-dfd9-4e62-80dd-3e3ef327968c, key=.Trash, dataSize=0, replicationConfig=null} | ret=FAILURE
org.apache.hadoop.ozone.om.exceptions.OMException: Unable to get file status: volume: f7d61040-203d-48e2-ae8e-b397063bc1c7 bucket: 795bd73e-dfd9-4e62-80dd-3e3ef327968c key: .Trash
	at org.apache.hadoop.ozone.om.KeyManagerImpl.getOzoneFileStatus(KeyManagerImpl.java:1311) ~[ozone-manager-1.3.0-SNAPSHOT.jar:?]
	at org.apache.hadoop.ozone.om.KeyManagerImpl.getFileStatus(KeyManagerImpl.java:1241) ~[ozone-manager-1.3.0-SNAPSHOT.jar:?]
	at org.apache.hadoop.ozone.om.OzoneManager.getFileStatus(OzoneManager.java:3419) ~[ozone-manager-1.3.0-SNAPSHOT.jar:?]
	at org.apache.hadoop.ozone.protocolPB.OzoneManagerRequestHandler.getOzoneFileStatus(OzoneManagerRequestHandler.java:871) ~[ozone-manager-1.3.0-SNAPSHOT.jar:?]
	at org.apache.hadoop.ozone.protocolPB.OzoneManagerRequestHandler.handleReadRequest(OzoneManagerRequestHandler.java:217) ~[ozone-manager-1.3.0-SNAPSHOT.jar:?]
	at org.apache.hadoop.ozone.protocolPB.OzoneManagerProtocolServerSideTranslatorPB.submitReadRequestToOM(OzoneManagerProtocolServerSideTranslatorPB.java:226) ~[ozone-manager-1.3.0-SNAPSHOT.jar:?]
	at org.apache.hadoop.ozone.protocolPB.OzoneManagerProtocolServerSideTranslatorPB.processRequest(OzoneManagerProtocolServerSideTranslatorPB.java:175) ~[ozone-manager-1.3.0-SNAPSHOT.jar:?]
	at org.apache.hadoop.hdds.server.OzoneProtocolMessageDispatcher.processRequest(OzoneProtocolMessageDispatcher.java:87) [hdds-server-framework-1.3.0-SNAPSHOT.jar:?]
	at org.apache.hadoop.ozone.protocolPB.OzoneManagerProtocolServerSideTranslatorPB.submitRequest(OzoneManagerProtocolServerSideTranslatorPB.java:147) [ozone-manager-1.3.0-SNAPSHOT.jar:?]
	at org.apache.hadoop.ozone.protocol.proto.OzoneManagerProtocolProtos$OzoneManagerService$2.callBlockingMethod(OzoneManagerProtocolProtos.java) [ozone-interface-client-1.3.0-SNAPSHOT.jar:?]
	at org.apache.hadoop.ipc.ProtobufRpcEngine$Server.processCall(ProtobufRpcEngine.java:466) [hadoop-common-3.3.1.jar:?]
	at org.apache.hadoop.ipc.ProtobufRpcEngine2$Server$ProtoBufRpcInvoker.call(ProtobufRpcEngine2.java:574) [hadoop-common-3.3.1.jar:?]
	at org.apache.hadoop.ipc.ProtobufRpcEngine2$Server$ProtoBufRpcInvoker.call(ProtobufRpcEngine2.java:552) [hadoop-common-3.3.1.jar:?]
	at org.apache.hadoop.ipc.RPC$Server.call(RPC.java:1093) [hadoop-common-3.3.1.jar:?]
	at org.apache.hadoop.ipc.Server$RpcCall.run(Server.java:1035) [hadoop-common-3.3.1.jar:?]
	at org.apache.hadoop.ipc.Server$RpcCall.run(Server.java:963) [hadoop-common-3.3.1.jar:?]
	at java.security.AccessController.doPrivileged(Native Method) ~[?:1.8.0_332]
	at javax.security.auth.Subject.doAs(Subject.java:422) [?:1.8.0_332]
	at org.apache.hadoop.security.UserGroupInformation.doAs(UserGroupInformation.java:1878) [hadoop-common-3.3.1.jar:?]
	at org.apache.hadoop.ipc.Server$Handler.run(Server.java:2966) [hadoop-common-3.3.1.jar:?]
16:55:36.729 [IPC Server handler 18 on default port 39955] ERROR OMAudit - user=runner | ip=127.0.0.1 | op=GET_FILE_STATUS {volume=volume67250, bucket=bucket61560, key=.Trash, dataSize=0, replicationConfig=null} | ret=FAILURE
org.apache.hadoop.ozone.om.exceptions.OMException: Unable to get file status: volume: volume67250 bucket: bucket61560 key: .Trash
	at org.apache.hadoop.ozone.om.KeyManagerImpl.getOzoneFileStatus(KeyManagerImpl.java:1311) ~[ozone-manager-1.3.0-SNAPSHOT.jar:?]
	at org.apache.hadoop.ozone.om.KeyManagerImpl.getFileStatus(KeyManagerImpl.java:1241) ~[ozone-manager-1.3.0-SNAPSHOT.jar:?]
	at org.apache.hadoop.ozone.om.OzoneManager.getFileStatus(OzoneManager.java:3419) ~[ozone-manager-1.3.0-SNAPSHOT.jar:?]
	at org.apache.hadoop.ozone.protocolPB.OzoneManagerRequestHandler.getOzoneFileStatus(OzoneManagerRequestHandler.java:871) ~[ozone-manager-1.3.0-SNAPSHOT.jar:?]
	at org.apache.hadoop.ozone.protocolPB.OzoneManagerRequestHandler.handleReadRequest(OzoneManagerRequestHandler.java:217) ~[ozone-manager-1.3.0-SNAPSHOT.jar:?]
	at org.apache.hadoop.ozone.protocolPB.OzoneManagerProtocolServerSideTranslatorPB.submitReadRequestToOM(OzoneManagerProtocolServerSideTranslatorPB.java:226) ~[ozone-manager-1.3.0-SNAPSHOT.jar:?]
	at org.apache.hadoop.ozone.protocolPB.OzoneManagerProtocolServerSideTranslatorPB.processRequest(OzoneManagerProtocolServerSideTranslatorPB.java:175) ~[ozone-manager-1.3.0-SNAPSHOT.jar:?]
	at org.apache.hadoop.hdds.server.OzoneProtocolMessageDispatcher.processRequest(OzoneProtocolMessageDispatcher.java:87) [hdds-server-framework-1.3.0-SNAPSHOT.jar:?]
	at org.apache.hadoop.ozone.protocolPB.OzoneManagerProtocolServerSideTranslatorPB.submitRequest(OzoneManagerProtocolServerSideTranslatorPB.java:147) [ozone-manager-1.3.0-SNAPSHOT.jar:?]
	at org.apache.hadoop.ozone.protocol.proto.OzoneManagerProtocolProtos$OzoneManagerService$2.callBlockingMethod(OzoneManagerProtocolProtos.java) [ozone-interface-client-1.3.0-SNAPSHOT.jar:?]
	at org.apache.hadoop.ipc.ProtobufRpcEngine$Server.processCall(ProtobufRpcEngine.java:466) [hadoop-common-3.3.1.jar:?]
	at org.apache.hadoop.ipc.ProtobufRpcEngine2$Server$ProtoBufRpcInvoker.call(ProtobufRpcEngine2.java:574) [hadoop-common-3.3.1.jar:?]
	at org.apache.hadoop.ipc.ProtobufRpcEngine2$Server$ProtoBufRpcInvoker.call(ProtobufRpcEngine2.java:552) [hadoop-common-3.3.1.jar:?]
	at org.apache.hadoop.ipc.RPC$Server.call(RPC.java:1093) [hadoop-common-3.3.1.jar:?]
	at org.apache.hadoop.ipc.Server$RpcCall.run(Server.java:1035) [hadoop-common-3.3.1.jar:?]
	at org.apache.hadoop.ipc.Server$RpcCall.run(Server.java:963) [hadoop-common-3.3.1.jar:?]
	at java.security.AccessController.doPrivileged(Native Method) ~[?:1.8.0_332]
	at javax.security.auth.Subject.doAs(Subject.java:422) [?:1.8.0_332]
	at org.apache.hadoop.security.UserGroupInformation.doAs(UserGroupInformation.java:1878) [hadoop-common-3.3.1.jar:?]
	at org.apache.hadoop.ipc.Server$Handler.run(Server.java:2966) [hadoop-common-3.3.1.jar:?]
16:55:36.732 [IPC Server handler 5 on default port 39955] ERROR OMAudit - user=runner | ip=127.0.0.1 | op=GET_FILE_STATUS {volume=volume97119, bucket=trashroottest2, key=.Trash, dataSize=0, replicationConfig=null} | ret=FAILURE
org.apache.hadoop.ozone.om.exceptions.OMException: Unable to get file status: volume: volume97119 bucket: trashroottest2 key: .Trash
	at org.apache.hadoop.ozone.om.KeyManagerImpl.getOzoneFileStatus(KeyManagerImpl.java:1311) ~[ozone-manager-1.3.0-SNAPSHOT.jar:?]
	at org.apache.hadoop.ozone.om.KeyManagerImpl.getFileStatus(KeyManagerImpl.java:1241) ~[ozone-manager-1.3.0-SNAPSHOT.jar:?]
	at org.apache.hadoop.ozone.om.OzoneManager.getFileStatus(OzoneManager.java:3419) ~[ozone-manager-1.3.0-SNAPSHOT.jar:?]
	at org.apache.hadoop.ozone.protocolPB.OzoneManagerRequestHandler.getOzoneFileStatus(OzoneManagerRequestHandler.java:871) ~[ozone-manager-1.3.0-SNAPSHOT.jar:?]
	at org.apache.hadoop.ozone.protocolPB.OzoneManagerRequestHandler.handleReadRequest(OzoneManagerRequestHandler.java:217) ~[ozone-manager-1.3.0-SNAPSHOT.jar:?]
	at org.apache.hadoop.ozone.protocolPB.OzoneManagerProtocolServerSideTranslatorPB.submitReadRequestToOM(OzoneManagerProtocolServerSideTranslatorPB.java:226) ~[ozone-manager-1.3.0-SNAPSHOT.jar:?]
	at org.apache.hadoop.ozone.protocolPB.OzoneManagerProtocolServerSideTranslatorPB.processRequest(OzoneManagerProtocolServerSideTranslatorPB.java:175) ~[ozone-manager-1.3.0-SNAPSHOT.jar:?]
	at org.apache.hadoop.hdds.server.OzoneProtocolMessageDispatcher.processRequest(OzoneProtocolMessageDispatcher.java:87) [hdds-server-framework-1.3.0-SNAPSHOT.jar:?]
	at org.apache.hadoop.ozone.protocolPB.OzoneManagerProtocolServerSideTranslatorPB.submitRequest(OzoneManagerProtocolServerSideTranslatorPB.java:147) [ozone-manager-1.3.0-SNAPSHOT.jar:?]
	at org.apache.hadoop.ozone.protocol.proto.OzoneManagerProtocolProtos$OzoneManagerService$2.callBlockingMethod(OzoneManagerProtocolProtos.java) [ozone-interface-client-1.3.0-SNAPSHOT.jar:?]
	at org.apache.hadoop.ipc.ProtobufRpcEngine$Server.processCall(ProtobufRpcEngine.java:466) [hadoop-common-3.3.1.jar:?]
	at org.apache.hadoop.ipc.ProtobufRpcEngine2$Server$ProtoBufRpcInvoker.call(ProtobufRpcEngine2.java:574) [hadoop-common-3.3.1.jar:?]
	at org.apache.hadoop.ipc.ProtobufRpcEngine2$Server$ProtoBufRpcInvoker.call(ProtobufRpcEngine2.java:552) [hadoop-common-3.3.1.jar:?]
	at org.apache.hadoop.ipc.RPC$Server.call(RPC.java:1093) [hadoop-common-3.3.1.jar:?]
	at org.apache.hadoop.ipc.Server$RpcCall.run(Server.java:1035) [hadoop-common-3.3.1.jar:?]
	at org.apache.hadoop.ipc.Server$RpcCall.run(Server.java:963) [hadoop-common-3.3.1.jar:?]
	at java.security.AccessController.doPrivileged(Native Method) ~[?:1.8.0_332]
	at javax.security.auth.Subject.doAs(Subject.java:422) [?:1.8.0_332]
	at org.apache.hadoop.security.UserGroupInformation.doAs(UserGroupInformation.java:1878) [hadoop-common-3.3.1.jar:?]
	at org.apache.hadoop.ipc.Server$Handler.run(Server.java:2966) [hadoop-common-3.3.1.jar:?]
16:55:36.744 [IPC Server handler 11 on default port 39955] ERROR OMAudit - user=runner | ip=127.0.0.1 | op=GET_FILE_STATUS {volume=volume97119, bucket=bucket40186, key=.Trash/runner, dataSize=0, replicationConfig=null} | ret=FAILURE
org.apache.hadoop.ozone.om.exceptions.OMException: Unable to get file status: volume: volume97119 bucket: bucket40186 key: .Trash/runner
	at org.apache.hadoop.ozone.om.KeyManagerImpl.getOzoneFileStatus(KeyManagerImpl.java:1311) ~[ozone-manager-1.3.0-SNAPSHOT.jar:?]
	at org.apache.hadoop.ozone.om.KeyManagerImpl.getFileStatus(KeyManagerImpl.java:1241) ~[ozone-manager-1.3.0-SNAPSHOT.jar:?]
	at org.apache.hadoop.ozone.om.OzoneManager.getFileStatus(OzoneManager.java:3419) ~[ozone-manager-1.3.0-SNAPSHOT.jar:?]
	at org.apache.hadoop.ozone.protocolPB.OzoneManagerRequestHandler.getOzoneFileStatus(OzoneManagerRequestHandler.java:871) ~[ozone-manager-1.3.0-SNAPSHOT.jar:?]
	at org.apache.hadoop.ozone.protocolPB.OzoneManagerRequestHandler.handleReadRequest(OzoneManagerRequestHandler.java:217) ~[ozone-manager-1.3.0-SNAPSHOT.jar:?]
	at org.apache.hadoop.ozone.protocolPB.OzoneManagerProtocolServerSideTranslatorPB.submitReadRequestToOM(OzoneManagerProtocolServerSideTranslatorPB.java:226) ~[ozone-manager-1.3.0-SNAPSHOT.jar:?]
	at org.apache.hadoop.ozone.protocolPB.OzoneManagerProtocolServerSideTranslatorPB.processRequest(OzoneManagerProtocolServerSideTranslatorPB.java:175) ~[ozone-manager-1.3.0-SNAPSHOT.jar:?]
	at org.apache.hadoop.hdds.server.OzoneProtocolMessageDispatcher.processRequest(OzoneProtocolMessageDispatcher.java:87) [hdds-server-framework-1.3.0-SNAPSHOT.jar:?]
	at org.apache.hadoop.ozone.protocolPB.OzoneManagerProtocolServerSideTranslatorPB.submitRequest(OzoneManagerProtocolServerSideTranslatorPB.java:147) [ozone-manager-1.3.0-SNAPSHOT.jar:?]
	at org.apache.hadoop.ozone.protocol.proto.OzoneManagerProtocolProtos$OzoneManagerService$2.callBlockingMethod(OzoneManagerProtocolProtos.java) [ozone-interface-client-1.3.0-SNAPSHOT.jar:?]
	at org.apache.hadoop.ipc.ProtobufRpcEngine$Server.processCall(ProtobufRpcEngine.java:466) [hadoop-common-3.3.1.jar:?]
	at org.apache.hadoop.ipc.ProtobufRpcEngine2$Server$ProtoBufRpcInvoker.call(ProtobufRpcEngine2.java:574) [hadoop-common-3.3.1.jar:?]
	at org.apache.hadoop.ipc.ProtobufRpcEngine2$Server$ProtoBufRpcInvoker.call(ProtobufRpcEngine2.java:552) [hadoop-common-3.3.1.jar:?]
	at org.apache.hadoop.ipc.RPC$Server.call(RPC.java:1093) [hadoop-common-3.3.1.jar:?]
	at org.apache.hadoop.ipc.Server$RpcCall.run(Server.java:1035) [hadoop-common-3.3.1.jar:?]
	at org.apache.hadoop.ipc.Server$RpcCall.run(Server.java:963) [hadoop-common-3.3.1.jar:?]
	at java.security.AccessController.doPrivileged(Native Method) ~[?:1.8.0_332]
	at javax.security.auth.Subject.doAs(Subject.java:422) [?:1.8.0_332]
	at org.apache.hadoop.security.UserGroupInformation.doAs(UserGroupInformation.java:1878) [hadoop-common-3.3.1.jar:?]
	at org.apache.hadoop.ipc.Server$Handler.run(Server.java:2966) [hadoop-common-3.3.1.jar:?]
16:55:36.747 [IPC Server handler 9 on default port 39955] ERROR OMAudit - user=runner | ip=127.0.0.1 | op=GET_FILE_STATUS {volume=f7d61040-203d-48e2-ae8e-b397063bc1c7, bucket=795bd73e-dfd9-4e62-80dd-3e3ef327968c, key=.Trash, dataSize=0, replicationConfig=null} | ret=FAILURE
org.apache.hadoop.ozone.om.exceptions.OMException: Unable to get file status: volume: f7d61040-203d-48e2-ae8e-b397063bc1c7 bucket: 795bd73e-dfd9-4e62-80dd-3e3ef327968c key: .Trash
	at org.apache.hadoop.ozone.om.KeyManagerImpl.getOzoneFileStatus(KeyManagerImpl.java:1311) ~[ozone-manager-1.3.0-SNAPSHOT.jar:?]
	at org.apache.hadoop.ozone.om.KeyManagerImpl.getFileStatus(KeyManagerImpl.java:1241) ~[ozone-manager-1.3.0-SNAPSHOT.jar:?]
	at org.apache.hadoop.ozone.om.OzoneManager.getFileStatus(OzoneManager.java:3419) ~[ozone-manager-1.3.0-SNAPSHOT.jar:?]
	at org.apache.hadoop.ozone.protocolPB.OzoneManagerRequestHandler.getOzoneFileStatus(OzoneManagerRequestHandler.java:871) ~[ozone-manager-1.3.0-SNAPSHOT.jar:?]
	at org.apache.hadoop.ozone.protocolPB.OzoneManagerRequestHandler.handleReadRequest(OzoneManagerRequestHandler.java:217) ~[ozone-manager-1.3.0-SNAPSHOT.jar:?]
	at org.apache.hadoop.ozone.protocolPB.OzoneManagerProtocolServerSideTranslatorPB.submitReadRequestToOM(OzoneManagerProtocolServerSideTranslatorPB.java:226) ~[ozone-manager-1.3.0-SNAPSHOT.jar:?]
	at org.apache.hadoop.ozone.protocolPB.OzoneManagerProtocolServerSideTranslatorPB.processRequest(OzoneManagerProtocolServerSideTranslatorPB.java:175) ~[ozone-manager-1.3.0-SNAPSHOT.jar:?]
	at org.apache.hadoop.hdds.server.OzoneProtocolMessageDispatcher.processRequest(OzoneProtocolMessageDispatcher.java:87) [hdds-server-framework-1.3.0-SNAPSHOT.jar:?]
	at org.apache.hadoop.ozone.protocolPB.OzoneManagerProtocolServerSideTranslatorPB.submitRequest(OzoneManagerProtocolServerSideTranslatorPB.java:147) [ozone-manager-1.3.0-SNAPSHOT.jar:?]
	at org.apache.hadoop.ozone.protocol.proto.OzoneManagerProtocolProtos$OzoneManagerService$2.callBlockingMethod(OzoneManagerProtocolProtos.java) [ozone-interface-client-1.3.0-SNAPSHOT.jar:?]
	at org.apache.hadoop.ipc.ProtobufRpcEngine$Server.processCall(ProtobufRpcEngine.java:466) [hadoop-common-3.3.1.jar:?]
	at org.apache.hadoop.ipc.ProtobufRpcEngine2$Server$ProtoBufRpcInvoker.call(ProtobufRpcEngine2.java:574) [hadoop-common-3.3.1.jar:?]
	at org.apache.hadoop.ipc.ProtobufRpcEngine2$Server$ProtoBufRpcInvoker.call(ProtobufRpcEngine2.java:552) [hadoop-common-3.3.1.jar:?]
	at org.apache.hadoop.ipc.RPC$Server.call(RPC.java:1093) [hadoop-common-3.3.1.jar:?]
	at org.apache.hadoop.ipc.Server$RpcCall.run(Server.java:1035) [hadoop-common-3.3.1.jar:?]
	at org.apache.hadoop.ipc.Server$RpcCall.run(Server.java:963) [hadoop-common-3.3.1.jar:?]
	at java.security.AccessController.doPrivileged(Native Method) ~[?:1.8.0_332]
	at javax.security.auth.Subject.doAs(Subject.java:422) [?:1.8.0_332]
	at org.apache.hadoop.security.UserGroupInformation.doAs(UserGroupInformation.java:1878) [hadoop-common-3.3.1.jar:?]
	at org.apache.hadoop.ipc.Server$Handler.run(Server.java:2966) [hadoop-common-3.3.1.jar:?]
]]></system-out>
  </testcase>
  <testcase name="testGetTrashRoots" classname="TestRootedOzoneFileSystem" time="0.678">
    <system-out><![CDATA[2022-06-27 16:56:44,765 [Time-limited test] INFO  rpc.RpcClient (RpcClient.java:createVolume(466)) - Creating Volume: volume44139, with user04179 as owner and space quota set to -1 bytes, counts quota set to -1
2022-06-27 16:56:44,766 [IPC Server handler 10 on default port 40407] INFO  volume.OMVolumeCreateRequest (OMVolumeCreateRequest.java:validateAndUpdateCache(195)) - created volume:volume44139 for user:user04179
2022-06-27 16:56:44,772 [Time-limited test] INFO  rpc.RpcClient (RpcClient.java:createBucket(666)) - Creating Bucket: volume44139/bucket44530, with the Bucket Layout LEGACY, runner as owner, Versioning false, Storage Type set to DISK and Encryption set to false 
2022-06-27 16:56:44,773 [IPC Server handler 12 on default port 40407] INFO  bucket.OMBucketCreateRequest (OMBucketCreateRequest.java:validateAndUpdateCache(260)) - created bucket: bucket44530 of layout LEGACY in volume: volume44139
16:56:44.779 [IPC Server handler 17 on default port 40407] ERROR OMAudit - user=runner | ip=127.0.0.1 | op=GET_FILE_STATUS {volume=volume44139, bucket=bucket44530, key=.Trash/runner, dataSize=0, replicationConfig=null} | ret=FAILURE
org.apache.hadoop.ozone.om.exceptions.OMException: Unable to get file status: volume: volume44139 bucket: bucket44530 key: .Trash/runner
	at org.apache.hadoop.ozone.om.KeyManagerImpl.getOzoneFileStatus(KeyManagerImpl.java:1311) ~[ozone-manager-1.3.0-SNAPSHOT.jar:?]
	at org.apache.hadoop.ozone.om.KeyManagerImpl.getFileStatus(KeyManagerImpl.java:1241) ~[ozone-manager-1.3.0-SNAPSHOT.jar:?]
	at org.apache.hadoop.ozone.om.OzoneManager.getFileStatus(OzoneManager.java:3419) ~[ozone-manager-1.3.0-SNAPSHOT.jar:?]
	at org.apache.hadoop.ozone.protocolPB.OzoneManagerRequestHandler.getOzoneFileStatus(OzoneManagerRequestHandler.java:871) ~[ozone-manager-1.3.0-SNAPSHOT.jar:?]
	at org.apache.hadoop.ozone.protocolPB.OzoneManagerRequestHandler.handleReadRequest(OzoneManagerRequestHandler.java:217) ~[ozone-manager-1.3.0-SNAPSHOT.jar:?]
	at org.apache.hadoop.ozone.protocolPB.OzoneManagerProtocolServerSideTranslatorPB.submitRequestDirectlyToOM(OzoneManagerProtocolServerSideTranslatorPB.java:276) ~[ozone-manager-1.3.0-SNAPSHOT.jar:?]
	at org.apache.hadoop.ozone.protocolPB.OzoneManagerProtocolServerSideTranslatorPB.processRequest(OzoneManagerProtocolServerSideTranslatorPB.java:205) ~[ozone-manager-1.3.0-SNAPSHOT.jar:?]
	at org.apache.hadoop.hdds.server.OzoneProtocolMessageDispatcher.processRequest(OzoneProtocolMessageDispatcher.java:87) [hdds-server-framework-1.3.0-SNAPSHOT.jar:?]
	at org.apache.hadoop.ozone.protocolPB.OzoneManagerProtocolServerSideTranslatorPB.submitRequest(OzoneManagerProtocolServerSideTranslatorPB.java:147) [ozone-manager-1.3.0-SNAPSHOT.jar:?]
	at org.apache.hadoop.ozone.protocol.proto.OzoneManagerProtocolProtos$OzoneManagerService$2.callBlockingMethod(OzoneManagerProtocolProtos.java) [ozone-interface-client-1.3.0-SNAPSHOT.jar:?]
	at org.apache.hadoop.ipc.ProtobufRpcEngine$Server.processCall(ProtobufRpcEngine.java:466) [hadoop-common-3.3.1.jar:?]
	at org.apache.hadoop.ipc.ProtobufRpcEngine2$Server$ProtoBufRpcInvoker.call(ProtobufRpcEngine2.java:574) [hadoop-common-3.3.1.jar:?]
	at org.apache.hadoop.ipc.ProtobufRpcEngine2$Server$ProtoBufRpcInvoker.call(ProtobufRpcEngine2.java:552) [hadoop-common-3.3.1.jar:?]
	at org.apache.hadoop.ipc.RPC$Server.call(RPC.java:1093) [hadoop-common-3.3.1.jar:?]
	at org.apache.hadoop.ipc.Server$RpcCall.run(Server.java:1035) [hadoop-common-3.3.1.jar:?]
	at org.apache.hadoop.ipc.Server$RpcCall.run(Server.java:963) [hadoop-common-3.3.1.jar:?]
	at java.security.AccessController.doPrivileged(Native Method) ~[?:1.8.0_332]
	at javax.security.auth.Subject.doAs(Subject.java:422) [?:1.8.0_332]
	at org.apache.hadoop.security.UserGroupInformation.doAs(UserGroupInformation.java:1878) [hadoop-common-3.3.1.jar:?]
	at org.apache.hadoop.ipc.Server$Handler.run(Server.java:2966) [hadoop-common-3.3.1.jar:?]
16:56:44.789 [IPC Server handler 8 on default port 40407] ERROR OMAudit - user=runner | ip=127.0.0.1 | op=GET_FILE_STATUS {volume=ca9e6882-f843-466a-89f7-2dc2eb39784c, bucket=cbb9b395-b8d2-4835-88a8-6f7720850ce6, key=.Trash, dataSize=0, replicationConfig=null} | ret=FAILURE
org.apache.hadoop.ozone.om.exceptions.OMException: Unable to get file status: volume: ca9e6882-f843-466a-89f7-2dc2eb39784c bucket: cbb9b395-b8d2-4835-88a8-6f7720850ce6 key: .Trash
	at org.apache.hadoop.ozone.om.KeyManagerImpl.getOzoneFileStatus(KeyManagerImpl.java:1311) ~[ozone-manager-1.3.0-SNAPSHOT.jar:?]
	at org.apache.hadoop.ozone.om.KeyManagerImpl.getFileStatus(KeyManagerImpl.java:1241) ~[ozone-manager-1.3.0-SNAPSHOT.jar:?]
	at org.apache.hadoop.ozone.om.OzoneManager.getFileStatus(OzoneManager.java:3419) ~[ozone-manager-1.3.0-SNAPSHOT.jar:?]
	at org.apache.hadoop.ozone.protocolPB.OzoneManagerRequestHandler.getOzoneFileStatus(OzoneManagerRequestHandler.java:871) ~[ozone-manager-1.3.0-SNAPSHOT.jar:?]
	at org.apache.hadoop.ozone.protocolPB.OzoneManagerRequestHandler.handleReadRequest(OzoneManagerRequestHandler.java:217) ~[ozone-manager-1.3.0-SNAPSHOT.jar:?]
	at org.apache.hadoop.ozone.protocolPB.OzoneManagerProtocolServerSideTranslatorPB.submitRequestDirectlyToOM(OzoneManagerProtocolServerSideTranslatorPB.java:276) ~[ozone-manager-1.3.0-SNAPSHOT.jar:?]
	at org.apache.hadoop.ozone.protocolPB.OzoneManagerProtocolServerSideTranslatorPB.processRequest(OzoneManagerProtocolServerSideTranslatorPB.java:205) ~[ozone-manager-1.3.0-SNAPSHOT.jar:?]
	at org.apache.hadoop.hdds.server.OzoneProtocolMessageDispatcher.processRequest(OzoneProtocolMessageDispatcher.java:87) [hdds-server-framework-1.3.0-SNAPSHOT.jar:?]
	at org.apache.hadoop.ozone.protocolPB.OzoneManagerProtocolServerSideTranslatorPB.submitRequest(OzoneManagerProtocolServerSideTranslatorPB.java:147) [ozone-manager-1.3.0-SNAPSHOT.jar:?]
	at org.apache.hadoop.ozone.protocol.proto.OzoneManagerProtocolProtos$OzoneManagerService$2.callBlockingMethod(OzoneManagerProtocolProtos.java) [ozone-interface-client-1.3.0-SNAPSHOT.jar:?]
	at org.apache.hadoop.ipc.ProtobufRpcEngine$Server.processCall(ProtobufRpcEngine.java:466) [hadoop-common-3.3.1.jar:?]
	at org.apache.hadoop.ipc.ProtobufRpcEngine2$Server$ProtoBufRpcInvoker.call(ProtobufRpcEngine2.java:574) [hadoop-common-3.3.1.jar:?]
	at org.apache.hadoop.ipc.ProtobufRpcEngine2$Server$ProtoBufRpcInvoker.call(ProtobufRpcEngine2.java:552) [hadoop-common-3.3.1.jar:?]
	at org.apache.hadoop.ipc.RPC$Server.call(RPC.java:1093) [hadoop-common-3.3.1.jar:?]
	at org.apache.hadoop.ipc.Server$RpcCall.run(Server.java:1035) [hadoop-common-3.3.1.jar:?]
	at org.apache.hadoop.ipc.Server$RpcCall.run(Server.java:963) [hadoop-common-3.3.1.jar:?]
	at java.security.AccessController.doPrivileged(Native Method) ~[?:1.8.0_332]
	at javax.security.auth.Subject.doAs(Subject.java:422) [?:1.8.0_332]
	at org.apache.hadoop.security.UserGroupInformation.doAs(UserGroupInformation.java:1878) [hadoop-common-3.3.1.jar:?]
	at org.apache.hadoop.ipc.Server$Handler.run(Server.java:2966) [hadoop-common-3.3.1.jar:?]
16:56:44.798 [IPC Server handler 11 on default port 40407] ERROR OMAudit - user=runner | ip=127.0.0.1 | op=GET_FILE_STATUS {volume=volume44139, bucket=bucket44530, key=.Trash, dataSize=0, replicationConfig=null} | ret=FAILURE
org.apache.hadoop.ozone.om.exceptions.OMException: Unable to get file status: volume: volume44139 bucket: bucket44530 key: .Trash
	at org.apache.hadoop.ozone.om.KeyManagerImpl.getOzoneFileStatus(KeyManagerImpl.java:1311) ~[ozone-manager-1.3.0-SNAPSHOT.jar:?]
	at org.apache.hadoop.ozone.om.KeyManagerImpl.getFileStatus(KeyManagerImpl.java:1241) ~[ozone-manager-1.3.0-SNAPSHOT.jar:?]
	at org.apache.hadoop.ozone.om.OzoneManager.getFileStatus(OzoneManager.java:3419) ~[ozone-manager-1.3.0-SNAPSHOT.jar:?]
	at org.apache.hadoop.ozone.protocolPB.OzoneManagerRequestHandler.getOzoneFileStatus(OzoneManagerRequestHandler.java:871) ~[ozone-manager-1.3.0-SNAPSHOT.jar:?]
	at org.apache.hadoop.ozone.protocolPB.OzoneManagerRequestHandler.handleReadRequest(OzoneManagerRequestHandler.java:217) ~[ozone-manager-1.3.0-SNAPSHOT.jar:?]
	at org.apache.hadoop.ozone.protocolPB.OzoneManagerProtocolServerSideTranslatorPB.submitRequestDirectlyToOM(OzoneManagerProtocolServerSideTranslatorPB.java:276) ~[ozone-manager-1.3.0-SNAPSHOT.jar:?]
	at org.apache.hadoop.ozone.protocolPB.OzoneManagerProtocolServerSideTranslatorPB.processRequest(OzoneManagerProtocolServerSideTranslatorPB.java:205) ~[ozone-manager-1.3.0-SNAPSHOT.jar:?]
	at org.apache.hadoop.hdds.server.OzoneProtocolMessageDispatcher.processRequest(OzoneProtocolMessageDispatcher.java:87) [hdds-server-framework-1.3.0-SNAPSHOT.jar:?]
	at org.apache.hadoop.ozone.protocolPB.OzoneManagerProtocolServerSideTranslatorPB.submitRequest(OzoneManagerProtocolServerSideTranslatorPB.java:147) [ozone-manager-1.3.0-SNAPSHOT.jar:?]
	at org.apache.hadoop.ozone.protocol.proto.OzoneManagerProtocolProtos$OzoneManagerService$2.callBlockingMethod(OzoneManagerProtocolProtos.java) [ozone-interface-client-1.3.0-SNAPSHOT.jar:?]
	at org.apache.hadoop.ipc.ProtobufRpcEngine$Server.processCall(ProtobufRpcEngine.java:466) [hadoop-common-3.3.1.jar:?]
	at org.apache.hadoop.ipc.ProtobufRpcEngine2$Server$ProtoBufRpcInvoker.call(ProtobufRpcEngine2.java:574) [hadoop-common-3.3.1.jar:?]
	at org.apache.hadoop.ipc.ProtobufRpcEngine2$Server$ProtoBufRpcInvoker.call(ProtobufRpcEngine2.java:552) [hadoop-common-3.3.1.jar:?]
	at org.apache.hadoop.ipc.RPC$Server.call(RPC.java:1093) [hadoop-common-3.3.1.jar:?]
	at org.apache.hadoop.ipc.Server$RpcCall.run(Server.java:1035) [hadoop-common-3.3.1.jar:?]
	at org.apache.hadoop.ipc.Server$RpcCall.run(Server.java:963) [hadoop-common-3.3.1.jar:?]
	at java.security.AccessController.doPrivileged(Native Method) ~[?:1.8.0_332]
	at javax.security.auth.Subject.doAs(Subject.java:422) [?:1.8.0_332]
	at org.apache.hadoop.security.UserGroupInformation.doAs(UserGroupInformation.java:1878) [hadoop-common-3.3.1.jar:?]
	at org.apache.hadoop.ipc.Server$Handler.run(Server.java:2966) [hadoop-common-3.3.1.jar:?]
16:56:44.807 [IPC Server handler 10 on default port 40407] ERROR OMAudit - user=runner | ip=127.0.0.1 | op=GET_FILE_STATUS {volume=ca9e6882-f843-466a-89f7-2dc2eb39784c, bucket=cbb9b395-b8d2-4835-88a8-6f7720850ce6, key=.Trash, dataSize=0, replicationConfig=null} | ret=FAILURE
org.apache.hadoop.ozone.om.exceptions.OMException: Unable to get file status: volume: ca9e6882-f843-466a-89f7-2dc2eb39784c bucket: cbb9b395-b8d2-4835-88a8-6f7720850ce6 key: .Trash
	at org.apache.hadoop.ozone.om.KeyManagerImpl.getOzoneFileStatus(KeyManagerImpl.java:1311) ~[ozone-manager-1.3.0-SNAPSHOT.jar:?]
	at org.apache.hadoop.ozone.om.KeyManagerImpl.getFileStatus(KeyManagerImpl.java:1241) ~[ozone-manager-1.3.0-SNAPSHOT.jar:?]
	at org.apache.hadoop.ozone.om.OzoneManager.getFileStatus(OzoneManager.java:3419) ~[ozone-manager-1.3.0-SNAPSHOT.jar:?]
	at org.apache.hadoop.ozone.protocolPB.OzoneManagerRequestHandler.getOzoneFileStatus(OzoneManagerRequestHandler.java:871) ~[ozone-manager-1.3.0-SNAPSHOT.jar:?]
	at org.apache.hadoop.ozone.protocolPB.OzoneManagerRequestHandler.handleReadRequest(OzoneManagerRequestHandler.java:217) ~[ozone-manager-1.3.0-SNAPSHOT.jar:?]
	at org.apache.hadoop.ozone.protocolPB.OzoneManagerProtocolServerSideTranslatorPB.submitRequestDirectlyToOM(OzoneManagerProtocolServerSideTranslatorPB.java:276) ~[ozone-manager-1.3.0-SNAPSHOT.jar:?]
	at org.apache.hadoop.ozone.protocolPB.OzoneManagerProtocolServerSideTranslatorPB.processRequest(OzoneManagerProtocolServerSideTranslatorPB.java:205) ~[ozone-manager-1.3.0-SNAPSHOT.jar:?]
	at org.apache.hadoop.hdds.server.OzoneProtocolMessageDispatcher.processRequest(OzoneProtocolMessageDispatcher.java:87) [hdds-server-framework-1.3.0-SNAPSHOT.jar:?]
	at org.apache.hadoop.ozone.protocolPB.OzoneManagerProtocolServerSideTranslatorPB.submitRequest(OzoneManagerProtocolServerSideTranslatorPB.java:147) [ozone-manager-1.3.0-SNAPSHOT.jar:?]
	at org.apache.hadoop.ozone.protocol.proto.OzoneManagerProtocolProtos$OzoneManagerService$2.callBlockingMethod(OzoneManagerProtocolProtos.java) [ozone-interface-client-1.3.0-SNAPSHOT.jar:?]
	at org.apache.hadoop.ipc.ProtobufRpcEngine$Server.processCall(ProtobufRpcEngine.java:466) [hadoop-common-3.3.1.jar:?]
	at org.apache.hadoop.ipc.ProtobufRpcEngine2$Server$ProtoBufRpcInvoker.call(ProtobufRpcEngine2.java:574) [hadoop-common-3.3.1.jar:?]
	at org.apache.hadoop.ipc.ProtobufRpcEngine2$Server$ProtoBufRpcInvoker.call(ProtobufRpcEngine2.java:552) [hadoop-common-3.3.1.jar:?]
	at org.apache.hadoop.ipc.RPC$Server.call(RPC.java:1093) [hadoop-common-3.3.1.jar:?]
	at org.apache.hadoop.ipc.Server$RpcCall.run(Server.java:1035) [hadoop-common-3.3.1.jar:?]
	at org.apache.hadoop.ipc.Server$RpcCall.run(Server.java:963) [hadoop-common-3.3.1.jar:?]
	at java.security.AccessController.doPrivileged(Native Method) ~[?:1.8.0_332]
	at javax.security.auth.Subject.doAs(Subject.java:422) [?:1.8.0_332]
	at org.apache.hadoop.security.UserGroupInformation.doAs(UserGroupInformation.java:1878) [hadoop-common-3.3.1.jar:?]
	at org.apache.hadoop.ipc.Server$Handler.run(Server.java:2966) [hadoop-common-3.3.1.jar:?]
16:56:44.826 [IPC Server handler 0 on default port 40407] ERROR OMAudit - user=runner | ip=127.0.0.1 | op=GET_FILE_STATUS {volume=ca9e6882-f843-466a-89f7-2dc2eb39784c, bucket=cbb9b395-b8d2-4835-88a8-6f7720850ce6, key=.Trash, dataSize=0, replicationConfig=null} | ret=FAILURE
org.apache.hadoop.ozone.om.exceptions.OMException: Unable to get file status: volume: ca9e6882-f843-466a-89f7-2dc2eb39784c bucket: cbb9b395-b8d2-4835-88a8-6f7720850ce6 key: .Trash
	at org.apache.hadoop.ozone.om.KeyManagerImpl.getOzoneFileStatus(KeyManagerImpl.java:1311) ~[ozone-manager-1.3.0-SNAPSHOT.jar:?]
	at org.apache.hadoop.ozone.om.KeyManagerImpl.getFileStatus(KeyManagerImpl.java:1241) ~[ozone-manager-1.3.0-SNAPSHOT.jar:?]
	at org.apache.hadoop.ozone.om.OzoneManager.getFileStatus(OzoneManager.java:3419) ~[ozone-manager-1.3.0-SNAPSHOT.jar:?]
	at org.apache.hadoop.ozone.protocolPB.OzoneManagerRequestHandler.getOzoneFileStatus(OzoneManagerRequestHandler.java:871) ~[ozone-manager-1.3.0-SNAPSHOT.jar:?]
	at org.apache.hadoop.ozone.protocolPB.OzoneManagerRequestHandler.handleReadRequest(OzoneManagerRequestHandler.java:217) ~[ozone-manager-1.3.0-SNAPSHOT.jar:?]
	at org.apache.hadoop.ozone.protocolPB.OzoneManagerProtocolServerSideTranslatorPB.submitRequestDirectlyToOM(OzoneManagerProtocolServerSideTranslatorPB.java:276) ~[ozone-manager-1.3.0-SNAPSHOT.jar:?]
	at org.apache.hadoop.ozone.protocolPB.OzoneManagerProtocolServerSideTranslatorPB.processRequest(OzoneManagerProtocolServerSideTranslatorPB.java:205) ~[ozone-manager-1.3.0-SNAPSHOT.jar:?]
	at org.apache.hadoop.hdds.server.OzoneProtocolMessageDispatcher.processRequest(OzoneProtocolMessageDispatcher.java:87) [hdds-server-framework-1.3.0-SNAPSHOT.jar:?]
	at org.apache.hadoop.ozone.protocolPB.OzoneManagerProtocolServerSideTranslatorPB.submitRequest(OzoneManagerProtocolServerSideTranslatorPB.java:147) [ozone-manager-1.3.0-SNAPSHOT.jar:?]
	at org.apache.hadoop.ozone.protocol.proto.OzoneManagerProtocolProtos$OzoneManagerService$2.callBlockingMethod(OzoneManagerProtocolProtos.java) [ozone-interface-client-1.3.0-SNAPSHOT.jar:?]
	at org.apache.hadoop.ipc.ProtobufRpcEngine$Server.processCall(ProtobufRpcEngine.java:466) [hadoop-common-3.3.1.jar:?]
	at org.apache.hadoop.ipc.ProtobufRpcEngine2$Server$ProtoBufRpcInvoker.call(ProtobufRpcEngine2.java:574) [hadoop-common-3.3.1.jar:?]
	at org.apache.hadoop.ipc.ProtobufRpcEngine2$Server$ProtoBufRpcInvoker.call(ProtobufRpcEngine2.java:552) [hadoop-common-3.3.1.jar:?]
	at org.apache.hadoop.ipc.RPC$Server.call(RPC.java:1093) [hadoop-common-3.3.1.jar:?]
	at org.apache.hadoop.ipc.Server$RpcCall.run(Server.java:1035) [hadoop-common-3.3.1.jar:?]
	at org.apache.hadoop.ipc.Server$RpcCall.run(Server.java:963) [hadoop-common-3.3.1.jar:?]
	at java.security.AccessController.doPrivileged(Native Method) ~[?:1.8.0_332]
	at javax.security.auth.Subject.doAs(Subject.java:422) [?:1.8.0_332]
	at org.apache.hadoop.security.UserGroupInformation.doAs(UserGroupInformation.java:1878) [hadoop-common-3.3.1.jar:?]
	at org.apache.hadoop.ipc.Server$Handler.run(Server.java:2966) [hadoop-common-3.3.1.jar:?]
2022-06-27 16:56:44,857 [Time-limited test] INFO  rpc.RpcClient (RpcClient.java:createBucket(666)) - Creating Bucket: volume44139/trashroottest2, with the Bucket Layout LEGACY, runner as owner, Versioning false, Storage Type set to DISK and Encryption set to false 
2022-06-27 16:56:44,867 [IPC Server handler 12 on default port 40407] INFO  bucket.OMBucketCreateRequest (OMBucketCreateRequest.java:validateAndUpdateCache(260)) - created bucket: trashroottest2 of layout LEGACY in volume: volume44139
16:56:44.991 [IPC Server handler 14 on default port 40407] ERROR OMAudit - user=runner | ip=127.0.0.1 | op=GET_FILE_STATUS {volume=ca9e6882-f843-466a-89f7-2dc2eb39784c, bucket=cbb9b395-b8d2-4835-88a8-6f7720850ce6, key=.Trash, dataSize=0, replicationConfig=null} | ret=FAILURE
org.apache.hadoop.ozone.om.exceptions.OMException: Unable to get file status: volume: ca9e6882-f843-466a-89f7-2dc2eb39784c bucket: cbb9b395-b8d2-4835-88a8-6f7720850ce6 key: .Trash
	at org.apache.hadoop.ozone.om.KeyManagerImpl.getOzoneFileStatus(KeyManagerImpl.java:1311) ~[ozone-manager-1.3.0-SNAPSHOT.jar:?]
	at org.apache.hadoop.ozone.om.KeyManagerImpl.getFileStatus(KeyManagerImpl.java:1241) ~[ozone-manager-1.3.0-SNAPSHOT.jar:?]
	at org.apache.hadoop.ozone.om.OzoneManager.getFileStatus(OzoneManager.java:3419) ~[ozone-manager-1.3.0-SNAPSHOT.jar:?]
	at org.apache.hadoop.ozone.protocolPB.OzoneManagerRequestHandler.getOzoneFileStatus(OzoneManagerRequestHandler.java:871) ~[ozone-manager-1.3.0-SNAPSHOT.jar:?]
	at org.apache.hadoop.ozone.protocolPB.OzoneManagerRequestHandler.handleReadRequest(OzoneManagerRequestHandler.java:217) ~[ozone-manager-1.3.0-SNAPSHOT.jar:?]
	at org.apache.hadoop.ozone.protocolPB.OzoneManagerProtocolServerSideTranslatorPB.submitRequestDirectlyToOM(OzoneManagerProtocolServerSideTranslatorPB.java:276) ~[ozone-manager-1.3.0-SNAPSHOT.jar:?]
	at org.apache.hadoop.ozone.protocolPB.OzoneManagerProtocolServerSideTranslatorPB.processRequest(OzoneManagerProtocolServerSideTranslatorPB.java:205) ~[ozone-manager-1.3.0-SNAPSHOT.jar:?]
	at org.apache.hadoop.hdds.server.OzoneProtocolMessageDispatcher.processRequest(OzoneProtocolMessageDispatcher.java:87) [hdds-server-framework-1.3.0-SNAPSHOT.jar:?]
	at org.apache.hadoop.ozone.protocolPB.OzoneManagerProtocolServerSideTranslatorPB.submitRequest(OzoneManagerProtocolServerSideTranslatorPB.java:147) [ozone-manager-1.3.0-SNAPSHOT.jar:?]
	at org.apache.hadoop.ozone.protocol.proto.OzoneManagerProtocolProtos$OzoneManagerService$2.callBlockingMethod(OzoneManagerProtocolProtos.java) [ozone-interface-client-1.3.0-SNAPSHOT.jar:?]
	at org.apache.hadoop.ipc.ProtobufRpcEngine$Server.processCall(ProtobufRpcEngine.java:466) [hadoop-common-3.3.1.jar:?]
	at org.apache.hadoop.ipc.ProtobufRpcEngine2$Server$ProtoBufRpcInvoker.call(ProtobufRpcEngine2.java:574) [hadoop-common-3.3.1.jar:?]
	at org.apache.hadoop.ipc.ProtobufRpcEngine2$Server$ProtoBufRpcInvoker.call(ProtobufRpcEngine2.java:552) [hadoop-common-3.3.1.jar:?]
	at org.apache.hadoop.ipc.RPC$Server.call(RPC.java:1093) [hadoop-common-3.3.1.jar:?]
	at org.apache.hadoop.ipc.Server$RpcCall.run(Server.java:1035) [hadoop-common-3.3.1.jar:?]
	at org.apache.hadoop.ipc.Server$RpcCall.run(Server.java:963) [hadoop-common-3.3.1.jar:?]
	at java.security.AccessController.doPrivileged(Native Method) ~[?:1.8.0_332]
	at javax.security.auth.Subject.doAs(Subject.java:422) [?:1.8.0_332]
	at org.apache.hadoop.security.UserGroupInformation.doAs(UserGroupInformation.java:1878) [hadoop-common-3.3.1.jar:?]
	at org.apache.hadoop.ipc.Server$Handler.run(Server.java:2966) [hadoop-common-3.3.1.jar:?]
16:56:45.046 [IPC Server handler 3 on default port 40407] ERROR OMAudit - user=runner | ip=127.0.0.1 | op=GET_FILE_STATUS {volume=ca9e6882-f843-466a-89f7-2dc2eb39784c, bucket=cbb9b395-b8d2-4835-88a8-6f7720850ce6, key=.Trash, dataSize=0, replicationConfig=null} | ret=FAILURE
org.apache.hadoop.ozone.om.exceptions.OMException: Unable to get file status: volume: ca9e6882-f843-466a-89f7-2dc2eb39784c bucket: cbb9b395-b8d2-4835-88a8-6f7720850ce6 key: .Trash
	at org.apache.hadoop.ozone.om.KeyManagerImpl.getOzoneFileStatus(KeyManagerImpl.java:1311) ~[ozone-manager-1.3.0-SNAPSHOT.jar:?]
	at org.apache.hadoop.ozone.om.KeyManagerImpl.getFileStatus(KeyManagerImpl.java:1241) ~[ozone-manager-1.3.0-SNAPSHOT.jar:?]
	at org.apache.hadoop.ozone.om.OzoneManager.getFileStatus(OzoneManager.java:3419) ~[ozone-manager-1.3.0-SNAPSHOT.jar:?]
	at org.apache.hadoop.ozone.protocolPB.OzoneManagerRequestHandler.getOzoneFileStatus(OzoneManagerRequestHandler.java:871) ~[ozone-manager-1.3.0-SNAPSHOT.jar:?]
	at org.apache.hadoop.ozone.protocolPB.OzoneManagerRequestHandler.handleReadRequest(OzoneManagerRequestHandler.java:217) ~[ozone-manager-1.3.0-SNAPSHOT.jar:?]
	at org.apache.hadoop.ozone.protocolPB.OzoneManagerProtocolServerSideTranslatorPB.submitRequestDirectlyToOM(OzoneManagerProtocolServerSideTranslatorPB.java:276) ~[ozone-manager-1.3.0-SNAPSHOT.jar:?]
	at org.apache.hadoop.ozone.protocolPB.OzoneManagerProtocolServerSideTranslatorPB.processRequest(OzoneManagerProtocolServerSideTranslatorPB.java:205) ~[ozone-manager-1.3.0-SNAPSHOT.jar:?]
	at org.apache.hadoop.hdds.server.OzoneProtocolMessageDispatcher.processRequest(OzoneProtocolMessageDispatcher.java:87) [hdds-server-framework-1.3.0-SNAPSHOT.jar:?]
	at org.apache.hadoop.ozone.protocolPB.OzoneManagerProtocolServerSideTranslatorPB.submitRequest(OzoneManagerProtocolServerSideTranslatorPB.java:147) [ozone-manager-1.3.0-SNAPSHOT.jar:?]
	at org.apache.hadoop.ozone.protocol.proto.OzoneManagerProtocolProtos$OzoneManagerService$2.callBlockingMethod(OzoneManagerProtocolProtos.java) [ozone-interface-client-1.3.0-SNAPSHOT.jar:?]
	at org.apache.hadoop.ipc.ProtobufRpcEngine$Server.processCall(ProtobufRpcEngine.java:466) [hadoop-common-3.3.1.jar:?]
	at org.apache.hadoop.ipc.ProtobufRpcEngine2$Server$ProtoBufRpcInvoker.call(ProtobufRpcEngine2.java:574) [hadoop-common-3.3.1.jar:?]
	at org.apache.hadoop.ipc.ProtobufRpcEngine2$Server$ProtoBufRpcInvoker.call(ProtobufRpcEngine2.java:552) [hadoop-common-3.3.1.jar:?]
	at org.apache.hadoop.ipc.RPC$Server.call(RPC.java:1093) [hadoop-common-3.3.1.jar:?]
	at org.apache.hadoop.ipc.Server$RpcCall.run(Server.java:1035) [hadoop-common-3.3.1.jar:?]
	at org.apache.hadoop.ipc.Server$RpcCall.run(Server.java:963) [hadoop-common-3.3.1.jar:?]
	at java.security.AccessController.doPrivileged(Native Method) ~[?:1.8.0_332]
	at javax.security.auth.Subject.doAs(Subject.java:422) [?:1.8.0_332]
	at org.apache.hadoop.security.UserGroupInformation.doAs(UserGroupInformation.java:1878) [hadoop-common-3.3.1.jar:?]
	at org.apache.hadoop.ipc.Server$Handler.run(Server.java:2966) [hadoop-common-3.3.1.jar:?]
2022-06-27 16:56:45,133 [Time-limited test] INFO  rpc.RpcClient (RpcClient.java:createVolume(466)) - Creating Volume: volume35213, with user19881 as owner and space quota set to -1 bytes, counts quota set to -1
2022-06-27 16:56:45,134 [IPC Server handler 7 on default port 40407] INFO  volume.OMVolumeCreateRequest (OMVolumeCreateRequest.java:validateAndUpdateCache(195)) - created volume:volume35213 for user:user19881
2022-06-27 16:56:45,145 [Time-limited test] INFO  rpc.RpcClient (RpcClient.java:createBucket(666)) - Creating Bucket: volume35213/bucket79347, with the Bucket Layout LEGACY, runner as owner, Versioning false, Storage Type set to DISK and Encryption set to false 
2022-06-27 16:56:45,147 [IPC Server handler 2 on default port 40407] INFO  bucket.OMBucketCreateRequest (OMBucketCreateRequest.java:validateAndUpdateCache(260)) - created bucket: bucket79347 of layout LEGACY in volume: volume35213
16:56:45.180 [IPC Server handler 18 on default port 40407] ERROR OMAudit - user=runner | ip=127.0.0.1 | op=GET_FILE_STATUS {volume=ca9e6882-f843-466a-89f7-2dc2eb39784c, bucket=cbb9b395-b8d2-4835-88a8-6f7720850ce6, key=.Trash, dataSize=0, replicationConfig=null} | ret=FAILURE
org.apache.hadoop.ozone.om.exceptions.OMException: Unable to get file status: volume: ca9e6882-f843-466a-89f7-2dc2eb39784c bucket: cbb9b395-b8d2-4835-88a8-6f7720850ce6 key: .Trash
	at org.apache.hadoop.ozone.om.KeyManagerImpl.getOzoneFileStatus(KeyManagerImpl.java:1311) ~[ozone-manager-1.3.0-SNAPSHOT.jar:?]
	at org.apache.hadoop.ozone.om.KeyManagerImpl.getFileStatus(KeyManagerImpl.java:1241) ~[ozone-manager-1.3.0-SNAPSHOT.jar:?]
	at org.apache.hadoop.ozone.om.OzoneManager.getFileStatus(OzoneManager.java:3419) ~[ozone-manager-1.3.0-SNAPSHOT.jar:?]
	at org.apache.hadoop.ozone.protocolPB.OzoneManagerRequestHandler.getOzoneFileStatus(OzoneManagerRequestHandler.java:871) ~[ozone-manager-1.3.0-SNAPSHOT.jar:?]
	at org.apache.hadoop.ozone.protocolPB.OzoneManagerRequestHandler.handleReadRequest(OzoneManagerRequestHandler.java:217) ~[ozone-manager-1.3.0-SNAPSHOT.jar:?]
	at org.apache.hadoop.ozone.protocolPB.OzoneManagerProtocolServerSideTranslatorPB.submitRequestDirectlyToOM(OzoneManagerProtocolServerSideTranslatorPB.java:276) ~[ozone-manager-1.3.0-SNAPSHOT.jar:?]
	at org.apache.hadoop.ozone.protocolPB.OzoneManagerProtocolServerSideTranslatorPB.processRequest(OzoneManagerProtocolServerSideTranslatorPB.java:205) ~[ozone-manager-1.3.0-SNAPSHOT.jar:?]
	at org.apache.hadoop.hdds.server.OzoneProtocolMessageDispatcher.processRequest(OzoneProtocolMessageDispatcher.java:87) [hdds-server-framework-1.3.0-SNAPSHOT.jar:?]
	at org.apache.hadoop.ozone.protocolPB.OzoneManagerProtocolServerSideTranslatorPB.submitRequest(OzoneManagerProtocolServerSideTranslatorPB.java:147) [ozone-manager-1.3.0-SNAPSHOT.jar:?]
	at org.apache.hadoop.ozone.protocol.proto.OzoneManagerProtocolProtos$OzoneManagerService$2.callBlockingMethod(OzoneManagerProtocolProtos.java) [ozone-interface-client-1.3.0-SNAPSHOT.jar:?]
	at org.apache.hadoop.ipc.ProtobufRpcEngine$Server.processCall(ProtobufRpcEngine.java:466) [hadoop-common-3.3.1.jar:?]
	at org.apache.hadoop.ipc.ProtobufRpcEngine2$Server$ProtoBufRpcInvoker.call(ProtobufRpcEngine2.java:574) [hadoop-common-3.3.1.jar:?]
	at org.apache.hadoop.ipc.ProtobufRpcEngine2$Server$ProtoBufRpcInvoker.call(ProtobufRpcEngine2.java:552) [hadoop-common-3.3.1.jar:?]
	at org.apache.hadoop.ipc.RPC$Server.call(RPC.java:1093) [hadoop-common-3.3.1.jar:?]
	at org.apache.hadoop.ipc.Server$RpcCall.run(Server.java:1035) [hadoop-common-3.3.1.jar:?]
	at org.apache.hadoop.ipc.Server$RpcCall.run(Server.java:963) [hadoop-common-3.3.1.jar:?]
	at java.security.AccessController.doPrivileged(Native Method) ~[?:1.8.0_332]
	at javax.security.auth.Subject.doAs(Subject.java:422) [?:1.8.0_332]
	at org.apache.hadoop.security.UserGroupInformation.doAs(UserGroupInformation.java:1878) [hadoop-common-3.3.1.jar:?]
	at org.apache.hadoop.ipc.Server$Handler.run(Server.java:2966) [hadoop-common-3.3.1.jar:?]
16:56:45.207 [IPC Server handler 1 on default port 40407] ERROR OMAudit - user=runner | ip=127.0.0.1 | op=GET_FILE_STATUS {volume=ca9e6882-f843-466a-89f7-2dc2eb39784c, bucket=cbb9b395-b8d2-4835-88a8-6f7720850ce6, key=.Trash, dataSize=0, replicationConfig=null} | ret=FAILURE
org.apache.hadoop.ozone.om.exceptions.OMException: Unable to get file status: volume: ca9e6882-f843-466a-89f7-2dc2eb39784c bucket: cbb9b395-b8d2-4835-88a8-6f7720850ce6 key: .Trash
	at org.apache.hadoop.ozone.om.KeyManagerImpl.getOzoneFileStatus(KeyManagerImpl.java:1311) ~[ozone-manager-1.3.0-SNAPSHOT.jar:?]
	at org.apache.hadoop.ozone.om.KeyManagerImpl.getFileStatus(KeyManagerImpl.java:1241) ~[ozone-manager-1.3.0-SNAPSHOT.jar:?]
	at org.apache.hadoop.ozone.om.OzoneManager.getFileStatus(OzoneManager.java:3419) ~[ozone-manager-1.3.0-SNAPSHOT.jar:?]
	at org.apache.hadoop.ozone.protocolPB.OzoneManagerRequestHandler.getOzoneFileStatus(OzoneManagerRequestHandler.java:871) ~[ozone-manager-1.3.0-SNAPSHOT.jar:?]
	at org.apache.hadoop.ozone.protocolPB.OzoneManagerRequestHandler.handleReadRequest(OzoneManagerRequestHandler.java:217) ~[ozone-manager-1.3.0-SNAPSHOT.jar:?]
	at org.apache.hadoop.ozone.protocolPB.OzoneManagerProtocolServerSideTranslatorPB.submitRequestDirectlyToOM(OzoneManagerProtocolServerSideTranslatorPB.java:276) ~[ozone-manager-1.3.0-SNAPSHOT.jar:?]
	at org.apache.hadoop.ozone.protocolPB.OzoneManagerProtocolServerSideTranslatorPB.processRequest(OzoneManagerProtocolServerSideTranslatorPB.java:205) ~[ozone-manager-1.3.0-SNAPSHOT.jar:?]
	at org.apache.hadoop.hdds.server.OzoneProtocolMessageDispatcher.processRequest(OzoneProtocolMessageDispatcher.java:87) [hdds-server-framework-1.3.0-SNAPSHOT.jar:?]
	at org.apache.hadoop.ozone.protocolPB.OzoneManagerProtocolServerSideTranslatorPB.submitRequest(OzoneManagerProtocolServerSideTranslatorPB.java:147) [ozone-manager-1.3.0-SNAPSHOT.jar:?]
	at org.apache.hadoop.ozone.protocol.proto.OzoneManagerProtocolProtos$OzoneManagerService$2.callBlockingMethod(OzoneManagerProtocolProtos.java) [ozone-interface-client-1.3.0-SNAPSHOT.jar:?]
	at org.apache.hadoop.ipc.ProtobufRpcEngine$Server.processCall(ProtobufRpcEngine.java:466) [hadoop-common-3.3.1.jar:?]
	at org.apache.hadoop.ipc.ProtobufRpcEngine2$Server$ProtoBufRpcInvoker.call(ProtobufRpcEngine2.java:574) [hadoop-common-3.3.1.jar:?]
	at org.apache.hadoop.ipc.ProtobufRpcEngine2$Server$ProtoBufRpcInvoker.call(ProtobufRpcEngine2.java:552) [hadoop-common-3.3.1.jar:?]
	at org.apache.hadoop.ipc.RPC$Server.call(RPC.java:1093) [hadoop-common-3.3.1.jar:?]
	at org.apache.hadoop.ipc.Server$RpcCall.run(Server.java:1035) [hadoop-common-3.3.1.jar:?]
	at org.apache.hadoop.ipc.Server$RpcCall.run(Server.java:963) [hadoop-common-3.3.1.jar:?]
	at java.security.AccessController.doPrivileged(Native Method) ~[?:1.8.0_332]
	at javax.security.auth.Subject.doAs(Subject.java:422) [?:1.8.0_332]
	at org.apache.hadoop.security.UserGroupInformation.doAs(UserGroupInformation.java:1878) [hadoop-common-3.3.1.jar:?]
	at org.apache.hadoop.ipc.Server$Handler.run(Server.java:2966) [hadoop-common-3.3.1.jar:?]
16:56:45.261 [IPC Server handler 7 on default port 40407] ERROR OMAudit - user=runner | ip=127.0.0.1 | op=GET_FILE_STATUS {volume=volume35213, bucket=bucket79347, key=.Trash/runner, dataSize=0, replicationConfig=null} | ret=FAILURE
org.apache.hadoop.ozone.om.exceptions.OMException: Unable to get file status: volume: volume35213 bucket: bucket79347 key: .Trash/runner
	at org.apache.hadoop.ozone.om.KeyManagerImpl.getOzoneFileStatus(KeyManagerImpl.java:1311) ~[ozone-manager-1.3.0-SNAPSHOT.jar:?]
	at org.apache.hadoop.ozone.om.KeyManagerImpl.getFileStatus(KeyManagerImpl.java:1241) ~[ozone-manager-1.3.0-SNAPSHOT.jar:?]
	at org.apache.hadoop.ozone.om.OzoneManager.getFileStatus(OzoneManager.java:3419) ~[ozone-manager-1.3.0-SNAPSHOT.jar:?]
	at org.apache.hadoop.ozone.protocolPB.OzoneManagerRequestHandler.getOzoneFileStatus(OzoneManagerRequestHandler.java:871) ~[ozone-manager-1.3.0-SNAPSHOT.jar:?]
	at org.apache.hadoop.ozone.protocolPB.OzoneManagerRequestHandler.handleReadRequest(OzoneManagerRequestHandler.java:217) ~[ozone-manager-1.3.0-SNAPSHOT.jar:?]
	at org.apache.hadoop.ozone.protocolPB.OzoneManagerProtocolServerSideTranslatorPB.submitRequestDirectlyToOM(OzoneManagerProtocolServerSideTranslatorPB.java:276) ~[ozone-manager-1.3.0-SNAPSHOT.jar:?]
	at org.apache.hadoop.ozone.protocolPB.OzoneManagerProtocolServerSideTranslatorPB.processRequest(OzoneManagerProtocolServerSideTranslatorPB.java:205) ~[ozone-manager-1.3.0-SNAPSHOT.jar:?]
	at org.apache.hadoop.hdds.server.OzoneProtocolMessageDispatcher.processRequest(OzoneProtocolMessageDispatcher.java:87) [hdds-server-framework-1.3.0-SNAPSHOT.jar:?]
	at org.apache.hadoop.ozone.protocolPB.OzoneManagerProtocolServerSideTranslatorPB.submitRequest(OzoneManagerProtocolServerSideTranslatorPB.java:147) [ozone-manager-1.3.0-SNAPSHOT.jar:?]
	at org.apache.hadoop.ozone.protocol.proto.OzoneManagerProtocolProtos$OzoneManagerService$2.callBlockingMethod(OzoneManagerProtocolProtos.java) [ozone-interface-client-1.3.0-SNAPSHOT.jar:?]
	at org.apache.hadoop.ipc.ProtobufRpcEngine$Server.processCall(ProtobufRpcEngine.java:466) [hadoop-common-3.3.1.jar:?]
	at org.apache.hadoop.ipc.ProtobufRpcEngine2$Server$ProtoBufRpcInvoker.call(ProtobufRpcEngine2.java:574) [hadoop-common-3.3.1.jar:?]
	at org.apache.hadoop.ipc.ProtobufRpcEngine2$Server$ProtoBufRpcInvoker.call(ProtobufRpcEngine2.java:552) [hadoop-common-3.3.1.jar:?]
	at org.apache.hadoop.ipc.RPC$Server.call(RPC.java:1093) [hadoop-common-3.3.1.jar:?]
	at org.apache.hadoop.ipc.Server$RpcCall.run(Server.java:1035) [hadoop-common-3.3.1.jar:?]
	at org.apache.hadoop.ipc.Server$RpcCall.run(Server.java:963) [hadoop-common-3.3.1.jar:?]
	at java.security.AccessController.doPrivileged(Native Method) ~[?:1.8.0_332]
	at javax.security.auth.Subject.doAs(Subject.java:422) [?:1.8.0_332]
	at org.apache.hadoop.security.UserGroupInformation.doAs(UserGroupInformation.java:1878) [hadoop-common-3.3.1.jar:?]
	at org.apache.hadoop.ipc.Server$Handler.run(Server.java:2966) [hadoop-common-3.3.1.jar:?]
16:56:45.271 [IPC Server handler 7 on default port 40407] ERROR OMAudit - user=runner | ip=127.0.0.1 | op=GET_FILE_STATUS {volume=ca9e6882-f843-466a-89f7-2dc2eb39784c, bucket=cbb9b395-b8d2-4835-88a8-6f7720850ce6, key=.Trash, dataSize=0, replicationConfig=null} | ret=FAILURE
org.apache.hadoop.ozone.om.exceptions.OMException: Unable to get file status: volume: ca9e6882-f843-466a-89f7-2dc2eb39784c bucket: cbb9b395-b8d2-4835-88a8-6f7720850ce6 key: .Trash
	at org.apache.hadoop.ozone.om.KeyManagerImpl.getOzoneFileStatus(KeyManagerImpl.java:1311) ~[ozone-manager-1.3.0-SNAPSHOT.jar:?]
	at org.apache.hadoop.ozone.om.KeyManagerImpl.getFileStatus(KeyManagerImpl.java:1241) ~[ozone-manager-1.3.0-SNAPSHOT.jar:?]
	at org.apache.hadoop.ozone.om.OzoneManager.getFileStatus(OzoneManager.java:3419) ~[ozone-manager-1.3.0-SNAPSHOT.jar:?]
	at org.apache.hadoop.ozone.protocolPB.OzoneManagerRequestHandler.getOzoneFileStatus(OzoneManagerRequestHandler.java:871) ~[ozone-manager-1.3.0-SNAPSHOT.jar:?]
	at org.apache.hadoop.ozone.protocolPB.OzoneManagerRequestHandler.handleReadRequest(OzoneManagerRequestHandler.java:217) ~[ozone-manager-1.3.0-SNAPSHOT.jar:?]
	at org.apache.hadoop.ozone.protocolPB.OzoneManagerProtocolServerSideTranslatorPB.submitRequestDirectlyToOM(OzoneManagerProtocolServerSideTranslatorPB.java:276) ~[ozone-manager-1.3.0-SNAPSHOT.jar:?]
	at org.apache.hadoop.ozone.protocolPB.OzoneManagerProtocolServerSideTranslatorPB.processRequest(OzoneManagerProtocolServerSideTranslatorPB.java:205) ~[ozone-manager-1.3.0-SNAPSHOT.jar:?]
	at org.apache.hadoop.hdds.server.OzoneProtocolMessageDispatcher.processRequest(OzoneProtocolMessageDispatcher.java:87) [hdds-server-framework-1.3.0-SNAPSHOT.jar:?]
	at org.apache.hadoop.ozone.protocolPB.OzoneManagerProtocolServerSideTranslatorPB.submitRequest(OzoneManagerProtocolServerSideTranslatorPB.java:147) [ozone-manager-1.3.0-SNAPSHOT.jar:?]
	at org.apache.hadoop.ozone.protocol.proto.OzoneManagerProtocolProtos$OzoneManagerService$2.callBlockingMethod(OzoneManagerProtocolProtos.java) [ozone-interface-client-1.3.0-SNAPSHOT.jar:?]
	at org.apache.hadoop.ipc.ProtobufRpcEngine$Server.processCall(ProtobufRpcEngine.java:466) [hadoop-common-3.3.1.jar:?]
	at org.apache.hadoop.ipc.ProtobufRpcEngine2$Server$ProtoBufRpcInvoker.call(ProtobufRpcEngine2.java:574) [hadoop-common-3.3.1.jar:?]
	at org.apache.hadoop.ipc.ProtobufRpcEngine2$Server$ProtoBufRpcInvoker.call(ProtobufRpcEngine2.java:552) [hadoop-common-3.3.1.jar:?]
	at org.apache.hadoop.ipc.RPC$Server.call(RPC.java:1093) [hadoop-common-3.3.1.jar:?]
	at org.apache.hadoop.ipc.Server$RpcCall.run(Server.java:1035) [hadoop-common-3.3.1.jar:?]
	at org.apache.hadoop.ipc.Server$RpcCall.run(Server.java:963) [hadoop-common-3.3.1.jar:?]
	at java.security.AccessController.doPrivileged(Native Method) ~[?:1.8.0_332]
	at javax.security.auth.Subject.doAs(Subject.java:422) [?:1.8.0_332]
	at org.apache.hadoop.security.UserGroupInformation.doAs(UserGroupInformation.java:1878) [hadoop-common-3.3.1.jar:?]
	at org.apache.hadoop.ipc.Server$Handler.run(Server.java:2966) [hadoop-common-3.3.1.jar:?]
16:56:45.275 [IPC Server handler 6 on default port 40407] ERROR OMAudit - user=runner | ip=127.0.0.1 | op=GET_FILE_STATUS {volume=volume35213, bucket=bucket79347, key=.Trash, dataSize=0, replicationConfig=null} | ret=FAILURE
org.apache.hadoop.ozone.om.exceptions.OMException: Unable to get file status: volume: volume35213 bucket: bucket79347 key: .Trash
	at org.apache.hadoop.ozone.om.KeyManagerImpl.getOzoneFileStatus(KeyManagerImpl.java:1311) ~[ozone-manager-1.3.0-SNAPSHOT.jar:?]
	at org.apache.hadoop.ozone.om.KeyManagerImpl.getFileStatus(KeyManagerImpl.java:1241) ~[ozone-manager-1.3.0-SNAPSHOT.jar:?]
	at org.apache.hadoop.ozone.om.OzoneManager.getFileStatus(OzoneManager.java:3419) ~[ozone-manager-1.3.0-SNAPSHOT.jar:?]
	at org.apache.hadoop.ozone.protocolPB.OzoneManagerRequestHandler.getOzoneFileStatus(OzoneManagerRequestHandler.java:871) ~[ozone-manager-1.3.0-SNAPSHOT.jar:?]
	at org.apache.hadoop.ozone.protocolPB.OzoneManagerRequestHandler.handleReadRequest(OzoneManagerRequestHandler.java:217) ~[ozone-manager-1.3.0-SNAPSHOT.jar:?]
	at org.apache.hadoop.ozone.protocolPB.OzoneManagerProtocolServerSideTranslatorPB.submitRequestDirectlyToOM(OzoneManagerProtocolServerSideTranslatorPB.java:276) ~[ozone-manager-1.3.0-SNAPSHOT.jar:?]
	at org.apache.hadoop.ozone.protocolPB.OzoneManagerProtocolServerSideTranslatorPB.processRequest(OzoneManagerProtocolServerSideTranslatorPB.java:205) ~[ozone-manager-1.3.0-SNAPSHOT.jar:?]
	at org.apache.hadoop.hdds.server.OzoneProtocolMessageDispatcher.processRequest(OzoneProtocolMessageDispatcher.java:87) [hdds-server-framework-1.3.0-SNAPSHOT.jar:?]
	at org.apache.hadoop.ozone.protocolPB.OzoneManagerProtocolServerSideTranslatorPB.submitRequest(OzoneManagerProtocolServerSideTranslatorPB.java:147) [ozone-manager-1.3.0-SNAPSHOT.jar:?]
	at org.apache.hadoop.ozone.protocol.proto.OzoneManagerProtocolProtos$OzoneManagerService$2.callBlockingMethod(OzoneManagerProtocolProtos.java) [ozone-interface-client-1.3.0-SNAPSHOT.jar:?]
	at org.apache.hadoop.ipc.ProtobufRpcEngine$Server.processCall(ProtobufRpcEngine.java:466) [hadoop-common-3.3.1.jar:?]
	at org.apache.hadoop.ipc.ProtobufRpcEngine2$Server$ProtoBufRpcInvoker.call(ProtobufRpcEngine2.java:574) [hadoop-common-3.3.1.jar:?]
	at org.apache.hadoop.ipc.ProtobufRpcEngine2$Server$ProtoBufRpcInvoker.call(ProtobufRpcEngine2.java:552) [hadoop-common-3.3.1.jar:?]
	at org.apache.hadoop.ipc.RPC$Server.call(RPC.java:1093) [hadoop-common-3.3.1.jar:?]
	at org.apache.hadoop.ipc.Server$RpcCall.run(Server.java:1035) [hadoop-common-3.3.1.jar:?]
	at org.apache.hadoop.ipc.Server$RpcCall.run(Server.java:963) [hadoop-common-3.3.1.jar:?]
	at java.security.AccessController.doPrivileged(Native Method) ~[?:1.8.0_332]
	at javax.security.auth.Subject.doAs(Subject.java:422) [?:1.8.0_332]
	at org.apache.hadoop.security.UserGroupInformation.doAs(UserGroupInformation.java:1878) [hadoop-common-3.3.1.jar:?]
	at org.apache.hadoop.ipc.Server$Handler.run(Server.java:2966) [hadoop-common-3.3.1.jar:?]
16:56:45.288 [IPC Server handler 7 on default port 40407] ERROR OMAudit - user=runner | ip=127.0.0.1 | op=GET_FILE_STATUS {volume=volume35213, bucket=bucket79347, key=.Trash/runner, dataSize=0, replicationConfig=null} | ret=FAILURE
org.apache.hadoop.ozone.om.exceptions.OMException: Unable to get file status: volume: volume35213 bucket: bucket79347 key: .Trash/runner
	at org.apache.hadoop.ozone.om.KeyManagerImpl.getOzoneFileStatus(KeyManagerImpl.java:1311) ~[ozone-manager-1.3.0-SNAPSHOT.jar:?]
	at org.apache.hadoop.ozone.om.KeyManagerImpl.getFileStatus(KeyManagerImpl.java:1241) ~[ozone-manager-1.3.0-SNAPSHOT.jar:?]
	at org.apache.hadoop.ozone.om.OzoneManager.getFileStatus(OzoneManager.java:3419) ~[ozone-manager-1.3.0-SNAPSHOT.jar:?]
	at org.apache.hadoop.ozone.protocolPB.OzoneManagerRequestHandler.getOzoneFileStatus(OzoneManagerRequestHandler.java:871) ~[ozone-manager-1.3.0-SNAPSHOT.jar:?]
	at org.apache.hadoop.ozone.protocolPB.OzoneManagerRequestHandler.handleReadRequest(OzoneManagerRequestHandler.java:217) ~[ozone-manager-1.3.0-SNAPSHOT.jar:?]
	at org.apache.hadoop.ozone.protocolPB.OzoneManagerProtocolServerSideTranslatorPB.submitRequestDirectlyToOM(OzoneManagerProtocolServerSideTranslatorPB.java:276) ~[ozone-manager-1.3.0-SNAPSHOT.jar:?]
	at org.apache.hadoop.ozone.protocolPB.OzoneManagerProtocolServerSideTranslatorPB.processRequest(OzoneManagerProtocolServerSideTranslatorPB.java:205) ~[ozone-manager-1.3.0-SNAPSHOT.jar:?]
	at org.apache.hadoop.hdds.server.OzoneProtocolMessageDispatcher.processRequest(OzoneProtocolMessageDispatcher.java:87) [hdds-server-framework-1.3.0-SNAPSHOT.jar:?]
	at org.apache.hadoop.ozone.protocolPB.OzoneManagerProtocolServerSideTranslatorPB.submitRequest(OzoneManagerProtocolServerSideTranslatorPB.java:147) [ozone-manager-1.3.0-SNAPSHOT.jar:?]
	at org.apache.hadoop.ozone.protocol.proto.OzoneManagerProtocolProtos$OzoneManagerService$2.callBlockingMethod(OzoneManagerProtocolProtos.java) [ozone-interface-client-1.3.0-SNAPSHOT.jar:?]
	at org.apache.hadoop.ipc.ProtobufRpcEngine$Server.processCall(ProtobufRpcEngine.java:466) [hadoop-common-3.3.1.jar:?]
	at org.apache.hadoop.ipc.ProtobufRpcEngine2$Server$ProtoBufRpcInvoker.call(ProtobufRpcEngine2.java:574) [hadoop-common-3.3.1.jar:?]
	at org.apache.hadoop.ipc.ProtobufRpcEngine2$Server$ProtoBufRpcInvoker.call(ProtobufRpcEngine2.java:552) [hadoop-common-3.3.1.jar:?]
	at org.apache.hadoop.ipc.RPC$Server.call(RPC.java:1093) [hadoop-common-3.3.1.jar:?]
	at org.apache.hadoop.ipc.Server$RpcCall.run(Server.java:1035) [hadoop-common-3.3.1.jar:?]
	at org.apache.hadoop.ipc.Server$RpcCall.run(Server.java:963) [hadoop-common-3.3.1.jar:?]
	at java.security.AccessController.doPrivileged(Native Method) ~[?:1.8.0_332]
	at javax.security.auth.Subject.doAs(Subject.java:422) [?:1.8.0_332]
	at org.apache.hadoop.security.UserGroupInformation.doAs(UserGroupInformation.java:1878) [hadoop-common-3.3.1.jar:?]
	at org.apache.hadoop.ipc.Server$Handler.run(Server.java:2966) [hadoop-common-3.3.1.jar:?]
16:56:45.292 [IPC Server handler 13 on default port 40407] ERROR OMAudit - user=runner | ip=127.0.0.1 | op=GET_FILE_STATUS {volume=volume44139, bucket=trashroottest2, key=.Trash/runner, dataSize=0, replicationConfig=null} | ret=FAILURE
org.apache.hadoop.ozone.om.exceptions.OMException: Unable to get file status: volume: volume44139 bucket: trashroottest2 key: .Trash/runner
	at org.apache.hadoop.ozone.om.KeyManagerImpl.getOzoneFileStatus(KeyManagerImpl.java:1311) ~[ozone-manager-1.3.0-SNAPSHOT.jar:?]
	at org.apache.hadoop.ozone.om.KeyManagerImpl.getFileStatus(KeyManagerImpl.java:1241) ~[ozone-manager-1.3.0-SNAPSHOT.jar:?]
	at org.apache.hadoop.ozone.om.OzoneManager.getFileStatus(OzoneManager.java:3419) ~[ozone-manager-1.3.0-SNAPSHOT.jar:?]
	at org.apache.hadoop.ozone.protocolPB.OzoneManagerRequestHandler.getOzoneFileStatus(OzoneManagerRequestHandler.java:871) ~[ozone-manager-1.3.0-SNAPSHOT.jar:?]
	at org.apache.hadoop.ozone.protocolPB.OzoneManagerRequestHandler.handleReadRequest(OzoneManagerRequestHandler.java:217) ~[ozone-manager-1.3.0-SNAPSHOT.jar:?]
	at org.apache.hadoop.ozone.protocolPB.OzoneManagerProtocolServerSideTranslatorPB.submitRequestDirectlyToOM(OzoneManagerProtocolServerSideTranslatorPB.java:276) ~[ozone-manager-1.3.0-SNAPSHOT.jar:?]
	at org.apache.hadoop.ozone.protocolPB.OzoneManagerProtocolServerSideTranslatorPB.processRequest(OzoneManagerProtocolServerSideTranslatorPB.java:205) ~[ozone-manager-1.3.0-SNAPSHOT.jar:?]
	at org.apache.hadoop.hdds.server.OzoneProtocolMessageDispatcher.processRequest(OzoneProtocolMessageDispatcher.java:87) [hdds-server-framework-1.3.0-SNAPSHOT.jar:?]
	at org.apache.hadoop.ozone.protocolPB.OzoneManagerProtocolServerSideTranslatorPB.submitRequest(OzoneManagerProtocolServerSideTranslatorPB.java:147) [ozone-manager-1.3.0-SNAPSHOT.jar:?]
	at org.apache.hadoop.ozone.protocol.proto.OzoneManagerProtocolProtos$OzoneManagerService$2.callBlockingMethod(OzoneManagerProtocolProtos.java) [ozone-interface-client-1.3.0-SNAPSHOT.jar:?]
	at org.apache.hadoop.ipc.ProtobufRpcEngine$Server.processCall(ProtobufRpcEngine.java:466) [hadoop-common-3.3.1.jar:?]
	at org.apache.hadoop.ipc.ProtobufRpcEngine2$Server$ProtoBufRpcInvoker.call(ProtobufRpcEngine2.java:574) [hadoop-common-3.3.1.jar:?]
	at org.apache.hadoop.ipc.ProtobufRpcEngine2$Server$ProtoBufRpcInvoker.call(ProtobufRpcEngine2.java:552) [hadoop-common-3.3.1.jar:?]
	at org.apache.hadoop.ipc.RPC$Server.call(RPC.java:1093) [hadoop-common-3.3.1.jar:?]
	at org.apache.hadoop.ipc.Server$RpcCall.run(Server.java:1035) [hadoop-common-3.3.1.jar:?]
	at org.apache.hadoop.ipc.Server$RpcCall.run(Server.java:963) [hadoop-common-3.3.1.jar:?]
	at java.security.AccessController.doPrivileged(Native Method) ~[?:1.8.0_332]
	at javax.security.auth.Subject.doAs(Subject.java:422) [?:1.8.0_332]
	at org.apache.hadoop.security.UserGroupInformation.doAs(UserGroupInformation.java:1878) [hadoop-common-3.3.1.jar:?]
	at org.apache.hadoop.ipc.Server$Handler.run(Server.java:2966) [hadoop-common-3.3.1.jar:?]
16:56:45.295 [IPC Server handler 18 on default port 40407] ERROR OMAudit - user=runner | ip=127.0.0.1 | op=GET_FILE_STATUS {volume=ca9e6882-f843-466a-89f7-2dc2eb39784c, bucket=cbb9b395-b8d2-4835-88a8-6f7720850ce6, key=.Trash, dataSize=0, replicationConfig=null} | ret=FAILURE
org.apache.hadoop.ozone.om.exceptions.OMException: Unable to get file status: volume: ca9e6882-f843-466a-89f7-2dc2eb39784c bucket: cbb9b395-b8d2-4835-88a8-6f7720850ce6 key: .Trash
	at org.apache.hadoop.ozone.om.KeyManagerImpl.getOzoneFileStatus(KeyManagerImpl.java:1311) ~[ozone-manager-1.3.0-SNAPSHOT.jar:?]
	at org.apache.hadoop.ozone.om.KeyManagerImpl.getFileStatus(KeyManagerImpl.java:1241) ~[ozone-manager-1.3.0-SNAPSHOT.jar:?]
	at org.apache.hadoop.ozone.om.OzoneManager.getFileStatus(OzoneManager.java:3419) ~[ozone-manager-1.3.0-SNAPSHOT.jar:?]
	at org.apache.hadoop.ozone.protocolPB.OzoneManagerRequestHandler.getOzoneFileStatus(OzoneManagerRequestHandler.java:871) ~[ozone-manager-1.3.0-SNAPSHOT.jar:?]
	at org.apache.hadoop.ozone.protocolPB.OzoneManagerRequestHandler.handleReadRequest(OzoneManagerRequestHandler.java:217) ~[ozone-manager-1.3.0-SNAPSHOT.jar:?]
	at org.apache.hadoop.ozone.protocolPB.OzoneManagerProtocolServerSideTranslatorPB.submitRequestDirectlyToOM(OzoneManagerProtocolServerSideTranslatorPB.java:276) ~[ozone-manager-1.3.0-SNAPSHOT.jar:?]
	at org.apache.hadoop.ozone.protocolPB.OzoneManagerProtocolServerSideTranslatorPB.processRequest(OzoneManagerProtocolServerSideTranslatorPB.java:205) ~[ozone-manager-1.3.0-SNAPSHOT.jar:?]
	at org.apache.hadoop.hdds.server.OzoneProtocolMessageDispatcher.processRequest(OzoneProtocolMessageDispatcher.java:87) [hdds-server-framework-1.3.0-SNAPSHOT.jar:?]
	at org.apache.hadoop.ozone.protocolPB.OzoneManagerProtocolServerSideTranslatorPB.submitRequest(OzoneManagerProtocolServerSideTranslatorPB.java:147) [ozone-manager-1.3.0-SNAPSHOT.jar:?]
	at org.apache.hadoop.ozone.protocol.proto.OzoneManagerProtocolProtos$OzoneManagerService$2.callBlockingMethod(OzoneManagerProtocolProtos.java) [ozone-interface-client-1.3.0-SNAPSHOT.jar:?]
	at org.apache.hadoop.ipc.ProtobufRpcEngine$Server.processCall(ProtobufRpcEngine.java:466) [hadoop-common-3.3.1.jar:?]
	at org.apache.hadoop.ipc.ProtobufRpcEngine2$Server$ProtoBufRpcInvoker.call(ProtobufRpcEngine2.java:574) [hadoop-common-3.3.1.jar:?]
	at org.apache.hadoop.ipc.ProtobufRpcEngine2$Server$ProtoBufRpcInvoker.call(ProtobufRpcEngine2.java:552) [hadoop-common-3.3.1.jar:?]
	at org.apache.hadoop.ipc.RPC$Server.call(RPC.java:1093) [hadoop-common-3.3.1.jar:?]
	at org.apache.hadoop.ipc.Server$RpcCall.run(Server.java:1035) [hadoop-common-3.3.1.jar:?]
	at org.apache.hadoop.ipc.Server$RpcCall.run(Server.java:963) [hadoop-common-3.3.1.jar:?]
	at java.security.AccessController.doPrivileged(Native Method) ~[?:1.8.0_332]
	at javax.security.auth.Subject.doAs(Subject.java:422) [?:1.8.0_332]
	at org.apache.hadoop.security.UserGroupInformation.doAs(UserGroupInformation.java:1878) [hadoop-common-3.3.1.jar:?]
	at org.apache.hadoop.ipc.Server$Handler.run(Server.java:2966) [hadoop-common-3.3.1.jar:?]
16:56:45.296 [IPC Server handler 4 on default port 40407] ERROR OMAudit - user=runner | ip=127.0.0.1 | op=GET_FILE_STATUS {volume=volume35213, bucket=bucket79347, key=.Trash, dataSize=0, replicationConfig=null} | ret=FAILURE
org.apache.hadoop.ozone.om.exceptions.OMException: Unable to get file status: volume: volume35213 bucket: bucket79347 key: .Trash
	at org.apache.hadoop.ozone.om.KeyManagerImpl.getOzoneFileStatus(KeyManagerImpl.java:1311) ~[ozone-manager-1.3.0-SNAPSHOT.jar:?]
	at org.apache.hadoop.ozone.om.KeyManagerImpl.getFileStatus(KeyManagerImpl.java:1241) ~[ozone-manager-1.3.0-SNAPSHOT.jar:?]
	at org.apache.hadoop.ozone.om.OzoneManager.getFileStatus(OzoneManager.java:3419) ~[ozone-manager-1.3.0-SNAPSHOT.jar:?]
	at org.apache.hadoop.ozone.protocolPB.OzoneManagerRequestHandler.getOzoneFileStatus(OzoneManagerRequestHandler.java:871) ~[ozone-manager-1.3.0-SNAPSHOT.jar:?]
	at org.apache.hadoop.ozone.protocolPB.OzoneManagerRequestHandler.handleReadRequest(OzoneManagerRequestHandler.java:217) ~[ozone-manager-1.3.0-SNAPSHOT.jar:?]
	at org.apache.hadoop.ozone.protocolPB.OzoneManagerProtocolServerSideTranslatorPB.submitRequestDirectlyToOM(OzoneManagerProtocolServerSideTranslatorPB.java:276) ~[ozone-manager-1.3.0-SNAPSHOT.jar:?]
	at org.apache.hadoop.ozone.protocolPB.OzoneManagerProtocolServerSideTranslatorPB.processRequest(OzoneManagerProtocolServerSideTranslatorPB.java:205) ~[ozone-manager-1.3.0-SNAPSHOT.jar:?]
	at org.apache.hadoop.hdds.server.OzoneProtocolMessageDispatcher.processRequest(OzoneProtocolMessageDispatcher.java:87) [hdds-server-framework-1.3.0-SNAPSHOT.jar:?]
	at org.apache.hadoop.ozone.protocolPB.OzoneManagerProtocolServerSideTranslatorPB.submitRequest(OzoneManagerProtocolServerSideTranslatorPB.java:147) [ozone-manager-1.3.0-SNAPSHOT.jar:?]
	at org.apache.hadoop.ozone.protocol.proto.OzoneManagerProtocolProtos$OzoneManagerService$2.callBlockingMethod(OzoneManagerProtocolProtos.java) [ozone-interface-client-1.3.0-SNAPSHOT.jar:?]
	at org.apache.hadoop.ipc.ProtobufRpcEngine$Server.processCall(ProtobufRpcEngine.java:466) [hadoop-common-3.3.1.jar:?]
	at org.apache.hadoop.ipc.ProtobufRpcEngine2$Server$ProtoBufRpcInvoker.call(ProtobufRpcEngine2.java:574) [hadoop-common-3.3.1.jar:?]
	at org.apache.hadoop.ipc.ProtobufRpcEngine2$Server$ProtoBufRpcInvoker.call(ProtobufRpcEngine2.java:552) [hadoop-common-3.3.1.jar:?]
	at org.apache.hadoop.ipc.RPC$Server.call(RPC.java:1093) [hadoop-common-3.3.1.jar:?]
	at org.apache.hadoop.ipc.Server$RpcCall.run(Server.java:1035) [hadoop-common-3.3.1.jar:?]
	at org.apache.hadoop.ipc.Server$RpcCall.run(Server.java:963) [hadoop-common-3.3.1.jar:?]
	at java.security.AccessController.doPrivileged(Native Method) ~[?:1.8.0_332]
	at javax.security.auth.Subject.doAs(Subject.java:422) [?:1.8.0_332]
	at org.apache.hadoop.security.UserGroupInformation.doAs(UserGroupInformation.java:1878) [hadoop-common-3.3.1.jar:?]
	at org.apache.hadoop.ipc.Server$Handler.run(Server.java:2966) [hadoop-common-3.3.1.jar:?]
16:56:45.308 [IPC Server handler 19 on default port 40407] ERROR OMAudit - user=runner | ip=127.0.0.1 | op=GET_FILE_STATUS {volume=volume44139, bucket=trashroottest2, key=.Trash, dataSize=0, replicationConfig=null} | ret=FAILURE
org.apache.hadoop.ozone.om.exceptions.OMException: Unable to get file status: volume: volume44139 bucket: trashroottest2 key: .Trash
	at org.apache.hadoop.ozone.om.KeyManagerImpl.getOzoneFileStatus(KeyManagerImpl.java:1311) ~[ozone-manager-1.3.0-SNAPSHOT.jar:?]
	at org.apache.hadoop.ozone.om.KeyManagerImpl.getFileStatus(KeyManagerImpl.java:1241) ~[ozone-manager-1.3.0-SNAPSHOT.jar:?]
	at org.apache.hadoop.ozone.om.OzoneManager.getFileStatus(OzoneManager.java:3419) ~[ozone-manager-1.3.0-SNAPSHOT.jar:?]
	at org.apache.hadoop.ozone.protocolPB.OzoneManagerRequestHandler.getOzoneFileStatus(OzoneManagerRequestHandler.java:871) ~[ozone-manager-1.3.0-SNAPSHOT.jar:?]
	at org.apache.hadoop.ozone.protocolPB.OzoneManagerRequestHandler.handleReadRequest(OzoneManagerRequestHandler.java:217) ~[ozone-manager-1.3.0-SNAPSHOT.jar:?]
	at org.apache.hadoop.ozone.protocolPB.OzoneManagerProtocolServerSideTranslatorPB.submitRequestDirectlyToOM(OzoneManagerProtocolServerSideTranslatorPB.java:276) ~[ozone-manager-1.3.0-SNAPSHOT.jar:?]
	at org.apache.hadoop.ozone.protocolPB.OzoneManagerProtocolServerSideTranslatorPB.processRequest(OzoneManagerProtocolServerSideTranslatorPB.java:205) ~[ozone-manager-1.3.0-SNAPSHOT.jar:?]
	at org.apache.hadoop.hdds.server.OzoneProtocolMessageDispatcher.processRequest(OzoneProtocolMessageDispatcher.java:87) [hdds-server-framework-1.3.0-SNAPSHOT.jar:?]
	at org.apache.hadoop.ozone.protocolPB.OzoneManagerProtocolServerSideTranslatorPB.submitRequest(OzoneManagerProtocolServerSideTranslatorPB.java:147) [ozone-manager-1.3.0-SNAPSHOT.jar:?]
	at org.apache.hadoop.ozone.protocol.proto.OzoneManagerProtocolProtos$OzoneManagerService$2.callBlockingMethod(OzoneManagerProtocolProtos.java) [ozone-interface-client-1.3.0-SNAPSHOT.jar:?]
	at org.apache.hadoop.ipc.ProtobufRpcEngine$Server.processCall(ProtobufRpcEngine.java:466) [hadoop-common-3.3.1.jar:?]
	at org.apache.hadoop.ipc.ProtobufRpcEngine2$Server$ProtoBufRpcInvoker.call(ProtobufRpcEngine2.java:574) [hadoop-common-3.3.1.jar:?]
	at org.apache.hadoop.ipc.ProtobufRpcEngine2$Server$ProtoBufRpcInvoker.call(ProtobufRpcEngine2.java:552) [hadoop-common-3.3.1.jar:?]
	at org.apache.hadoop.ipc.RPC$Server.call(RPC.java:1093) [hadoop-common-3.3.1.jar:?]
	at org.apache.hadoop.ipc.Server$RpcCall.run(Server.java:1035) [hadoop-common-3.3.1.jar:?]
	at org.apache.hadoop.ipc.Server$RpcCall.run(Server.java:963) [hadoop-common-3.3.1.jar:?]
	at java.security.AccessController.doPrivileged(Native Method) ~[?:1.8.0_332]
	at javax.security.auth.Subject.doAs(Subject.java:422) [?:1.8.0_332]
	at org.apache.hadoop.security.UserGroupInformation.doAs(UserGroupInformation.java:1878) [hadoop-common-3.3.1.jar:?]
	at org.apache.hadoop.ipc.Server$Handler.run(Server.java:2966) [hadoop-common-3.3.1.jar:?]
16:56:45.314 [IPC Server handler 15 on default port 40407] ERROR OMAudit - user=runner | ip=127.0.0.1 | op=GET_FILE_STATUS {volume=volume35213, bucket=bucket79347, key=.Trash/runner, dataSize=0, replicationConfig=null} | ret=FAILURE
org.apache.hadoop.ozone.om.exceptions.OMException: Unable to get file status: volume: volume35213 bucket: bucket79347 key: .Trash/runner
	at org.apache.hadoop.ozone.om.KeyManagerImpl.getOzoneFileStatus(KeyManagerImpl.java:1311) ~[ozone-manager-1.3.0-SNAPSHOT.jar:?]
	at org.apache.hadoop.ozone.om.KeyManagerImpl.getFileStatus(KeyManagerImpl.java:1241) ~[ozone-manager-1.3.0-SNAPSHOT.jar:?]
	at org.apache.hadoop.ozone.om.OzoneManager.getFileStatus(OzoneManager.java:3419) ~[ozone-manager-1.3.0-SNAPSHOT.jar:?]
	at org.apache.hadoop.ozone.protocolPB.OzoneManagerRequestHandler.getOzoneFileStatus(OzoneManagerRequestHandler.java:871) ~[ozone-manager-1.3.0-SNAPSHOT.jar:?]
	at org.apache.hadoop.ozone.protocolPB.OzoneManagerRequestHandler.handleReadRequest(OzoneManagerRequestHandler.java:217) ~[ozone-manager-1.3.0-SNAPSHOT.jar:?]
	at org.apache.hadoop.ozone.protocolPB.OzoneManagerProtocolServerSideTranslatorPB.submitRequestDirectlyToOM(OzoneManagerProtocolServerSideTranslatorPB.java:276) ~[ozone-manager-1.3.0-SNAPSHOT.jar:?]
	at org.apache.hadoop.ozone.protocolPB.OzoneManagerProtocolServerSideTranslatorPB.processRequest(OzoneManagerProtocolServerSideTranslatorPB.java:205) ~[ozone-manager-1.3.0-SNAPSHOT.jar:?]
	at org.apache.hadoop.hdds.server.OzoneProtocolMessageDispatcher.processRequest(OzoneProtocolMessageDispatcher.java:87) [hdds-server-framework-1.3.0-SNAPSHOT.jar:?]
	at org.apache.hadoop.ozone.protocolPB.OzoneManagerProtocolServerSideTranslatorPB.submitRequest(OzoneManagerProtocolServerSideTranslatorPB.java:147) [ozone-manager-1.3.0-SNAPSHOT.jar:?]
	at org.apache.hadoop.ozone.protocol.proto.OzoneManagerProtocolProtos$OzoneManagerService$2.callBlockingMethod(OzoneManagerProtocolProtos.java) [ozone-interface-client-1.3.0-SNAPSHOT.jar:?]
	at org.apache.hadoop.ipc.ProtobufRpcEngine$Server.processCall(ProtobufRpcEngine.java:466) [hadoop-common-3.3.1.jar:?]
	at org.apache.hadoop.ipc.ProtobufRpcEngine2$Server$ProtoBufRpcInvoker.call(ProtobufRpcEngine2.java:574) [hadoop-common-3.3.1.jar:?]
	at org.apache.hadoop.ipc.ProtobufRpcEngine2$Server$ProtoBufRpcInvoker.call(ProtobufRpcEngine2.java:552) [hadoop-common-3.3.1.jar:?]
	at org.apache.hadoop.ipc.RPC$Server.call(RPC.java:1093) [hadoop-common-3.3.1.jar:?]
	at org.apache.hadoop.ipc.Server$RpcCall.run(Server.java:1035) [hadoop-common-3.3.1.jar:?]
	at org.apache.hadoop.ipc.Server$RpcCall.run(Server.java:963) [hadoop-common-3.3.1.jar:?]
	at java.security.AccessController.doPrivileged(Native Method) ~[?:1.8.0_332]
	at javax.security.auth.Subject.doAs(Subject.java:422) [?:1.8.0_332]
	at org.apache.hadoop.security.UserGroupInformation.doAs(UserGroupInformation.java:1878) [hadoop-common-3.3.1.jar:?]
	at org.apache.hadoop.ipc.Server$Handler.run(Server.java:2966) [hadoop-common-3.3.1.jar:?]
16:56:45.320 [IPC Server handler 2 on default port 40407] ERROR OMAudit - user=runner | ip=127.0.0.1 | op=GET_FILE_STATUS {volume=volume44139, bucket=trashroottest2, key=.Trash/runner, dataSize=0, replicationConfig=null} | ret=FAILURE
org.apache.hadoop.ozone.om.exceptions.OMException: Unable to get file status: volume: volume44139 bucket: trashroottest2 key: .Trash/runner
	at org.apache.hadoop.ozone.om.KeyManagerImpl.getOzoneFileStatus(KeyManagerImpl.java:1311) ~[ozone-manager-1.3.0-SNAPSHOT.jar:?]
	at org.apache.hadoop.ozone.om.KeyManagerImpl.getFileStatus(KeyManagerImpl.java:1241) ~[ozone-manager-1.3.0-SNAPSHOT.jar:?]
	at org.apache.hadoop.ozone.om.OzoneManager.getFileStatus(OzoneManager.java:3419) ~[ozone-manager-1.3.0-SNAPSHOT.jar:?]
	at org.apache.hadoop.ozone.protocolPB.OzoneManagerRequestHandler.getOzoneFileStatus(OzoneManagerRequestHandler.java:871) ~[ozone-manager-1.3.0-SNAPSHOT.jar:?]
	at org.apache.hadoop.ozone.protocolPB.OzoneManagerRequestHandler.handleReadRequest(OzoneManagerRequestHandler.java:217) ~[ozone-manager-1.3.0-SNAPSHOT.jar:?]
	at org.apache.hadoop.ozone.protocolPB.OzoneManagerProtocolServerSideTranslatorPB.submitRequestDirectlyToOM(OzoneManagerProtocolServerSideTranslatorPB.java:276) ~[ozone-manager-1.3.0-SNAPSHOT.jar:?]
	at org.apache.hadoop.ozone.protocolPB.OzoneManagerProtocolServerSideTranslatorPB.processRequest(OzoneManagerProtocolServerSideTranslatorPB.java:205) ~[ozone-manager-1.3.0-SNAPSHOT.jar:?]
	at org.apache.hadoop.hdds.server.OzoneProtocolMessageDispatcher.processRequest(OzoneProtocolMessageDispatcher.java:87) [hdds-server-framework-1.3.0-SNAPSHOT.jar:?]
	at org.apache.hadoop.ozone.protocolPB.OzoneManagerProtocolServerSideTranslatorPB.submitRequest(OzoneManagerProtocolServerSideTranslatorPB.java:147) [ozone-manager-1.3.0-SNAPSHOT.jar:?]
	at org.apache.hadoop.ozone.protocol.proto.OzoneManagerProtocolProtos$OzoneManagerService$2.callBlockingMethod(OzoneManagerProtocolProtos.java) [ozone-interface-client-1.3.0-SNAPSHOT.jar:?]
	at org.apache.hadoop.ipc.ProtobufRpcEngine$Server.processCall(ProtobufRpcEngine.java:466) [hadoop-common-3.3.1.jar:?]
	at org.apache.hadoop.ipc.ProtobufRpcEngine2$Server$ProtoBufRpcInvoker.call(ProtobufRpcEngine2.java:574) [hadoop-common-3.3.1.jar:?]
	at org.apache.hadoop.ipc.ProtobufRpcEngine2$Server$ProtoBufRpcInvoker.call(ProtobufRpcEngine2.java:552) [hadoop-common-3.3.1.jar:?]
	at org.apache.hadoop.ipc.RPC$Server.call(RPC.java:1093) [hadoop-common-3.3.1.jar:?]
	at org.apache.hadoop.ipc.Server$RpcCall.run(Server.java:1035) [hadoop-common-3.3.1.jar:?]
	at org.apache.hadoop.ipc.Server$RpcCall.run(Server.java:963) [hadoop-common-3.3.1.jar:?]
	at java.security.AccessController.doPrivileged(Native Method) ~[?:1.8.0_332]
	at javax.security.auth.Subject.doAs(Subject.java:422) [?:1.8.0_332]
	at org.apache.hadoop.security.UserGroupInformation.doAs(UserGroupInformation.java:1878) [hadoop-common-3.3.1.jar:?]
	at org.apache.hadoop.ipc.Server$Handler.run(Server.java:2966) [hadoop-common-3.3.1.jar:?]
16:56:45.324 [IPC Server handler 11 on default port 40407] ERROR OMAudit - user=runner | ip=127.0.0.1 | op=GET_FILE_STATUS {volume=ca9e6882-f843-466a-89f7-2dc2eb39784c, bucket=cbb9b395-b8d2-4835-88a8-6f7720850ce6, key=.Trash, dataSize=0, replicationConfig=null} | ret=FAILURE
org.apache.hadoop.ozone.om.exceptions.OMException: Unable to get file status: volume: ca9e6882-f843-466a-89f7-2dc2eb39784c bucket: cbb9b395-b8d2-4835-88a8-6f7720850ce6 key: .Trash
	at org.apache.hadoop.ozone.om.KeyManagerImpl.getOzoneFileStatus(KeyManagerImpl.java:1311) ~[ozone-manager-1.3.0-SNAPSHOT.jar:?]
	at org.apache.hadoop.ozone.om.KeyManagerImpl.getFileStatus(KeyManagerImpl.java:1241) ~[ozone-manager-1.3.0-SNAPSHOT.jar:?]
	at org.apache.hadoop.ozone.om.OzoneManager.getFileStatus(OzoneManager.java:3419) ~[ozone-manager-1.3.0-SNAPSHOT.jar:?]
	at org.apache.hadoop.ozone.protocolPB.OzoneManagerRequestHandler.getOzoneFileStatus(OzoneManagerRequestHandler.java:871) ~[ozone-manager-1.3.0-SNAPSHOT.jar:?]
	at org.apache.hadoop.ozone.protocolPB.OzoneManagerRequestHandler.handleReadRequest(OzoneManagerRequestHandler.java:217) ~[ozone-manager-1.3.0-SNAPSHOT.jar:?]
	at org.apache.hadoop.ozone.protocolPB.OzoneManagerProtocolServerSideTranslatorPB.submitRequestDirectlyToOM(OzoneManagerProtocolServerSideTranslatorPB.java:276) ~[ozone-manager-1.3.0-SNAPSHOT.jar:?]
	at org.apache.hadoop.ozone.protocolPB.OzoneManagerProtocolServerSideTranslatorPB.processRequest(OzoneManagerProtocolServerSideTranslatorPB.java:205) ~[ozone-manager-1.3.0-SNAPSHOT.jar:?]
	at org.apache.hadoop.hdds.server.OzoneProtocolMessageDispatcher.processRequest(OzoneProtocolMessageDispatcher.java:87) [hdds-server-framework-1.3.0-SNAPSHOT.jar:?]
	at org.apache.hadoop.ozone.protocolPB.OzoneManagerProtocolServerSideTranslatorPB.submitRequest(OzoneManagerProtocolServerSideTranslatorPB.java:147) [ozone-manager-1.3.0-SNAPSHOT.jar:?]
	at org.apache.hadoop.ozone.protocol.proto.OzoneManagerProtocolProtos$OzoneManagerService$2.callBlockingMethod(OzoneManagerProtocolProtos.java) [ozone-interface-client-1.3.0-SNAPSHOT.jar:?]
	at org.apache.hadoop.ipc.ProtobufRpcEngine$Server.processCall(ProtobufRpcEngine.java:466) [hadoop-common-3.3.1.jar:?]
	at org.apache.hadoop.ipc.ProtobufRpcEngine2$Server$ProtoBufRpcInvoker.call(ProtobufRpcEngine2.java:574) [hadoop-common-3.3.1.jar:?]
	at org.apache.hadoop.ipc.ProtobufRpcEngine2$Server$ProtoBufRpcInvoker.call(ProtobufRpcEngine2.java:552) [hadoop-common-3.3.1.jar:?]
	at org.apache.hadoop.ipc.RPC$Server.call(RPC.java:1093) [hadoop-common-3.3.1.jar:?]
	at org.apache.hadoop.ipc.Server$RpcCall.run(Server.java:1035) [hadoop-common-3.3.1.jar:?]
	at org.apache.hadoop.ipc.Server$RpcCall.run(Server.java:963) [hadoop-common-3.3.1.jar:?]
	at java.security.AccessController.doPrivileged(Native Method) ~[?:1.8.0_332]
	at javax.security.auth.Subject.doAs(Subject.java:422) [?:1.8.0_332]
	at org.apache.hadoop.security.UserGroupInformation.doAs(UserGroupInformation.java:1878) [hadoop-common-3.3.1.jar:?]
	at org.apache.hadoop.ipc.Server$Handler.run(Server.java:2966) [hadoop-common-3.3.1.jar:?]
16:56:45.326 [IPC Server handler 19 on default port 40407] ERROR OMAudit - user=runner | ip=127.0.0.1 | op=GET_FILE_STATUS {volume=volume35213, bucket=bucket79347, key=.Trash, dataSize=0, replicationConfig=null} | ret=FAILURE
org.apache.hadoop.ozone.om.exceptions.OMException: Unable to get file status: volume: volume35213 bucket: bucket79347 key: .Trash
	at org.apache.hadoop.ozone.om.KeyManagerImpl.getOzoneFileStatus(KeyManagerImpl.java:1311) ~[ozone-manager-1.3.0-SNAPSHOT.jar:?]
	at org.apache.hadoop.ozone.om.KeyManagerImpl.getFileStatus(KeyManagerImpl.java:1241) ~[ozone-manager-1.3.0-SNAPSHOT.jar:?]
	at org.apache.hadoop.ozone.om.OzoneManager.getFileStatus(OzoneManager.java:3419) ~[ozone-manager-1.3.0-SNAPSHOT.jar:?]
	at org.apache.hadoop.ozone.protocolPB.OzoneManagerRequestHandler.getOzoneFileStatus(OzoneManagerRequestHandler.java:871) ~[ozone-manager-1.3.0-SNAPSHOT.jar:?]
	at org.apache.hadoop.ozone.protocolPB.OzoneManagerRequestHandler.handleReadRequest(OzoneManagerRequestHandler.java:217) ~[ozone-manager-1.3.0-SNAPSHOT.jar:?]
	at org.apache.hadoop.ozone.protocolPB.OzoneManagerProtocolServerSideTranslatorPB.submitRequestDirectlyToOM(OzoneManagerProtocolServerSideTranslatorPB.java:276) ~[ozone-manager-1.3.0-SNAPSHOT.jar:?]
	at org.apache.hadoop.ozone.protocolPB.OzoneManagerProtocolServerSideTranslatorPB.processRequest(OzoneManagerProtocolServerSideTranslatorPB.java:205) ~[ozone-manager-1.3.0-SNAPSHOT.jar:?]
	at org.apache.hadoop.hdds.server.OzoneProtocolMessageDispatcher.processRequest(OzoneProtocolMessageDispatcher.java:87) [hdds-server-framework-1.3.0-SNAPSHOT.jar:?]
	at org.apache.hadoop.ozone.protocolPB.OzoneManagerProtocolServerSideTranslatorPB.submitRequest(OzoneManagerProtocolServerSideTranslatorPB.java:147) [ozone-manager-1.3.0-SNAPSHOT.jar:?]
	at org.apache.hadoop.ozone.protocol.proto.OzoneManagerProtocolProtos$OzoneManagerService$2.callBlockingMethod(OzoneManagerProtocolProtos.java) [ozone-interface-client-1.3.0-SNAPSHOT.jar:?]
	at org.apache.hadoop.ipc.ProtobufRpcEngine$Server.processCall(ProtobufRpcEngine.java:466) [hadoop-common-3.3.1.jar:?]
	at org.apache.hadoop.ipc.ProtobufRpcEngine2$Server$ProtoBufRpcInvoker.call(ProtobufRpcEngine2.java:574) [hadoop-common-3.3.1.jar:?]
	at org.apache.hadoop.ipc.ProtobufRpcEngine2$Server$ProtoBufRpcInvoker.call(ProtobufRpcEngine2.java:552) [hadoop-common-3.3.1.jar:?]
	at org.apache.hadoop.ipc.RPC$Server.call(RPC.java:1093) [hadoop-common-3.3.1.jar:?]
	at org.apache.hadoop.ipc.Server$RpcCall.run(Server.java:1035) [hadoop-common-3.3.1.jar:?]
	at org.apache.hadoop.ipc.Server$RpcCall.run(Server.java:963) [hadoop-common-3.3.1.jar:?]
	at java.security.AccessController.doPrivileged(Native Method) ~[?:1.8.0_332]
	at javax.security.auth.Subject.doAs(Subject.java:422) [?:1.8.0_332]
	at org.apache.hadoop.security.UserGroupInformation.doAs(UserGroupInformation.java:1878) [hadoop-common-3.3.1.jar:?]
	at org.apache.hadoop.ipc.Server$Handler.run(Server.java:2966) [hadoop-common-3.3.1.jar:?]
16:56:45.329 [IPC Server handler 8 on default port 40407] ERROR OMAudit - user=runner | ip=127.0.0.1 | op=GET_FILE_STATUS {volume=volume44139, bucket=trashroottest2, key=.Trash, dataSize=0, replicationConfig=null} | ret=FAILURE
org.apache.hadoop.ozone.om.exceptions.OMException: Unable to get file status: volume: volume44139 bucket: trashroottest2 key: .Trash
	at org.apache.hadoop.ozone.om.KeyManagerImpl.getOzoneFileStatus(KeyManagerImpl.java:1311) ~[ozone-manager-1.3.0-SNAPSHOT.jar:?]
	at org.apache.hadoop.ozone.om.KeyManagerImpl.getFileStatus(KeyManagerImpl.java:1241) ~[ozone-manager-1.3.0-SNAPSHOT.jar:?]
	at org.apache.hadoop.ozone.om.OzoneManager.getFileStatus(OzoneManager.java:3419) ~[ozone-manager-1.3.0-SNAPSHOT.jar:?]
	at org.apache.hadoop.ozone.protocolPB.OzoneManagerRequestHandler.getOzoneFileStatus(OzoneManagerRequestHandler.java:871) ~[ozone-manager-1.3.0-SNAPSHOT.jar:?]
	at org.apache.hadoop.ozone.protocolPB.OzoneManagerRequestHandler.handleReadRequest(OzoneManagerRequestHandler.java:217) ~[ozone-manager-1.3.0-SNAPSHOT.jar:?]
	at org.apache.hadoop.ozone.protocolPB.OzoneManagerProtocolServerSideTranslatorPB.submitRequestDirectlyToOM(OzoneManagerProtocolServerSideTranslatorPB.java:276) ~[ozone-manager-1.3.0-SNAPSHOT.jar:?]
	at org.apache.hadoop.ozone.protocolPB.OzoneManagerProtocolServerSideTranslatorPB.processRequest(OzoneManagerProtocolServerSideTranslatorPB.java:205) ~[ozone-manager-1.3.0-SNAPSHOT.jar:?]
	at org.apache.hadoop.hdds.server.OzoneProtocolMessageDispatcher.processRequest(OzoneProtocolMessageDispatcher.java:87) [hdds-server-framework-1.3.0-SNAPSHOT.jar:?]
	at org.apache.hadoop.ozone.protocolPB.OzoneManagerProtocolServerSideTranslatorPB.submitRequest(OzoneManagerProtocolServerSideTranslatorPB.java:147) [ozone-manager-1.3.0-SNAPSHOT.jar:?]
	at org.apache.hadoop.ozone.protocol.proto.OzoneManagerProtocolProtos$OzoneManagerService$2.callBlockingMethod(OzoneManagerProtocolProtos.java) [ozone-interface-client-1.3.0-SNAPSHOT.jar:?]
	at org.apache.hadoop.ipc.ProtobufRpcEngine$Server.processCall(ProtobufRpcEngine.java:466) [hadoop-common-3.3.1.jar:?]
	at org.apache.hadoop.ipc.ProtobufRpcEngine2$Server$ProtoBufRpcInvoker.call(ProtobufRpcEngine2.java:574) [hadoop-common-3.3.1.jar:?]
	at org.apache.hadoop.ipc.ProtobufRpcEngine2$Server$ProtoBufRpcInvoker.call(ProtobufRpcEngine2.java:552) [hadoop-common-3.3.1.jar:?]
	at org.apache.hadoop.ipc.RPC$Server.call(RPC.java:1093) [hadoop-common-3.3.1.jar:?]
	at org.apache.hadoop.ipc.Server$RpcCall.run(Server.java:1035) [hadoop-common-3.3.1.jar:?]
	at org.apache.hadoop.ipc.Server$RpcCall.run(Server.java:963) [hadoop-common-3.3.1.jar:?]
	at java.security.AccessController.doPrivileged(Native Method) ~[?:1.8.0_332]
	at javax.security.auth.Subject.doAs(Subject.java:422) [?:1.8.0_332]
	at org.apache.hadoop.security.UserGroupInformation.doAs(UserGroupInformation.java:1878) [hadoop-common-3.3.1.jar:?]
	at org.apache.hadoop.ipc.Server$Handler.run(Server.java:2966) [hadoop-common-3.3.1.jar:?]
16:56:45.337 [IPC Server handler 6 on default port 40407] ERROR OMAudit - user=runner | ip=127.0.0.1 | op=GET_FILE_STATUS {volume=volume44139, bucket=bucket44530, key=.Trash/runner, dataSize=0, replicationConfig=null} | ret=FAILURE
org.apache.hadoop.ozone.om.exceptions.OMException: Unable to get file status: volume: volume44139 bucket: bucket44530 key: .Trash/runner
	at org.apache.hadoop.ozone.om.KeyManagerImpl.getOzoneFileStatus(KeyManagerImpl.java:1311) ~[ozone-manager-1.3.0-SNAPSHOT.jar:?]
	at org.apache.hadoop.ozone.om.KeyManagerImpl.getFileStatus(KeyManagerImpl.java:1241) ~[ozone-manager-1.3.0-SNAPSHOT.jar:?]
	at org.apache.hadoop.ozone.om.OzoneManager.getFileStatus(OzoneManager.java:3419) ~[ozone-manager-1.3.0-SNAPSHOT.jar:?]
	at org.apache.hadoop.ozone.protocolPB.OzoneManagerRequestHandler.getOzoneFileStatus(OzoneManagerRequestHandler.java:871) ~[ozone-manager-1.3.0-SNAPSHOT.jar:?]
	at org.apache.hadoop.ozone.protocolPB.OzoneManagerRequestHandler.handleReadRequest(OzoneManagerRequestHandler.java:217) ~[ozone-manager-1.3.0-SNAPSHOT.jar:?]
	at org.apache.hadoop.ozone.protocolPB.OzoneManagerProtocolServerSideTranslatorPB.submitRequestDirectlyToOM(OzoneManagerProtocolServerSideTranslatorPB.java:276) ~[ozone-manager-1.3.0-SNAPSHOT.jar:?]
	at org.apache.hadoop.ozone.protocolPB.OzoneManagerProtocolServerSideTranslatorPB.processRequest(OzoneManagerProtocolServerSideTranslatorPB.java:205) ~[ozone-manager-1.3.0-SNAPSHOT.jar:?]
	at org.apache.hadoop.hdds.server.OzoneProtocolMessageDispatcher.processRequest(OzoneProtocolMessageDispatcher.java:87) [hdds-server-framework-1.3.0-SNAPSHOT.jar:?]
	at org.apache.hadoop.ozone.protocolPB.OzoneManagerProtocolServerSideTranslatorPB.submitRequest(OzoneManagerProtocolServerSideTranslatorPB.java:147) [ozone-manager-1.3.0-SNAPSHOT.jar:?]
	at org.apache.hadoop.ozone.protocol.proto.OzoneManagerProtocolProtos$OzoneManagerService$2.callBlockingMethod(OzoneManagerProtocolProtos.java) [ozone-interface-client-1.3.0-SNAPSHOT.jar:?]
	at org.apache.hadoop.ipc.ProtobufRpcEngine$Server.processCall(ProtobufRpcEngine.java:466) [hadoop-common-3.3.1.jar:?]
	at org.apache.hadoop.ipc.ProtobufRpcEngine2$Server$ProtoBufRpcInvoker.call(ProtobufRpcEngine2.java:574) [hadoop-common-3.3.1.jar:?]
	at org.apache.hadoop.ipc.ProtobufRpcEngine2$Server$ProtoBufRpcInvoker.call(ProtobufRpcEngine2.java:552) [hadoop-common-3.3.1.jar:?]
	at org.apache.hadoop.ipc.RPC$Server.call(RPC.java:1093) [hadoop-common-3.3.1.jar:?]
	at org.apache.hadoop.ipc.Server$RpcCall.run(Server.java:1035) [hadoop-common-3.3.1.jar:?]
	at org.apache.hadoop.ipc.Server$RpcCall.run(Server.java:963) [hadoop-common-3.3.1.jar:?]
	at java.security.AccessController.doPrivileged(Native Method) ~[?:1.8.0_332]
	at javax.security.auth.Subject.doAs(Subject.java:422) [?:1.8.0_332]
	at org.apache.hadoop.security.UserGroupInformation.doAs(UserGroupInformation.java:1878) [hadoop-common-3.3.1.jar:?]
	at org.apache.hadoop.ipc.Server$Handler.run(Server.java:2966) [hadoop-common-3.3.1.jar:?]
16:56:45.339 [IPC Server handler 14 on default port 40407] ERROR OMAudit - user=runner | ip=127.0.0.1 | op=GET_FILE_STATUS {volume=ca9e6882-f843-466a-89f7-2dc2eb39784c, bucket=cbb9b395-b8d2-4835-88a8-6f7720850ce6, key=.Trash, dataSize=0, replicationConfig=null} | ret=FAILURE
org.apache.hadoop.ozone.om.exceptions.OMException: Unable to get file status: volume: ca9e6882-f843-466a-89f7-2dc2eb39784c bucket: cbb9b395-b8d2-4835-88a8-6f7720850ce6 key: .Trash
	at org.apache.hadoop.ozone.om.KeyManagerImpl.getOzoneFileStatus(KeyManagerImpl.java:1311) ~[ozone-manager-1.3.0-SNAPSHOT.jar:?]
	at org.apache.hadoop.ozone.om.KeyManagerImpl.getFileStatus(KeyManagerImpl.java:1241) ~[ozone-manager-1.3.0-SNAPSHOT.jar:?]
	at org.apache.hadoop.ozone.om.OzoneManager.getFileStatus(OzoneManager.java:3419) ~[ozone-manager-1.3.0-SNAPSHOT.jar:?]
	at org.apache.hadoop.ozone.protocolPB.OzoneManagerRequestHandler.getOzoneFileStatus(OzoneManagerRequestHandler.java:871) ~[ozone-manager-1.3.0-SNAPSHOT.jar:?]
	at org.apache.hadoop.ozone.protocolPB.OzoneManagerRequestHandler.handleReadRequest(OzoneManagerRequestHandler.java:217) ~[ozone-manager-1.3.0-SNAPSHOT.jar:?]
	at org.apache.hadoop.ozone.protocolPB.OzoneManagerProtocolServerSideTranslatorPB.submitRequestDirectlyToOM(OzoneManagerProtocolServerSideTranslatorPB.java:276) ~[ozone-manager-1.3.0-SNAPSHOT.jar:?]
	at org.apache.hadoop.ozone.protocolPB.OzoneManagerProtocolServerSideTranslatorPB.processRequest(OzoneManagerProtocolServerSideTranslatorPB.java:205) ~[ozone-manager-1.3.0-SNAPSHOT.jar:?]
	at org.apache.hadoop.hdds.server.OzoneProtocolMessageDispatcher.processRequest(OzoneProtocolMessageDispatcher.java:87) [hdds-server-framework-1.3.0-SNAPSHOT.jar:?]
	at org.apache.hadoop.ozone.protocolPB.OzoneManagerProtocolServerSideTranslatorPB.submitRequest(OzoneManagerProtocolServerSideTranslatorPB.java:147) [ozone-manager-1.3.0-SNAPSHOT.jar:?]
	at org.apache.hadoop.ozone.protocol.proto.OzoneManagerProtocolProtos$OzoneManagerService$2.callBlockingMethod(OzoneManagerProtocolProtos.java) [ozone-interface-client-1.3.0-SNAPSHOT.jar:?]
	at org.apache.hadoop.ipc.ProtobufRpcEngine$Server.processCall(ProtobufRpcEngine.java:466) [hadoop-common-3.3.1.jar:?]
	at org.apache.hadoop.ipc.ProtobufRpcEngine2$Server$ProtoBufRpcInvoker.call(ProtobufRpcEngine2.java:574) [hadoop-common-3.3.1.jar:?]
	at org.apache.hadoop.ipc.ProtobufRpcEngine2$Server$ProtoBufRpcInvoker.call(ProtobufRpcEngine2.java:552) [hadoop-common-3.3.1.jar:?]
	at org.apache.hadoop.ipc.RPC$Server.call(RPC.java:1093) [hadoop-common-3.3.1.jar:?]
	at org.apache.hadoop.ipc.Server$RpcCall.run(Server.java:1035) [hadoop-common-3.3.1.jar:?]
	at org.apache.hadoop.ipc.Server$RpcCall.run(Server.java:963) [hadoop-common-3.3.1.jar:?]
	at java.security.AccessController.doPrivileged(Native Method) ~[?:1.8.0_332]
	at javax.security.auth.Subject.doAs(Subject.java:422) [?:1.8.0_332]
	at org.apache.hadoop.security.UserGroupInformation.doAs(UserGroupInformation.java:1878) [hadoop-common-3.3.1.jar:?]
	at org.apache.hadoop.ipc.Server$Handler.run(Server.java:2966) [hadoop-common-3.3.1.jar:?]
]]></system-out>
  </testcase>
  <testcase name="testGetTrashRoots" classname="TestRootedOzoneFileSystem" time="0.953">
    <system-out><![CDATA[2022-06-27 16:58:01,887 [Time-limited test] INFO  rpc.RpcClient (RpcClient.java:createVolume(466)) - Creating Volume: volume29125, with user27717 as owner and space quota set to -1 bytes, counts quota set to -1
2022-06-27 16:58:01,901 [OM StateMachine ApplyTransaction Thread - 0] INFO  volume.OMVolumeCreateRequest (OMVolumeCreateRequest.java:validateAndUpdateCache(195)) - created volume:volume29125 for user:user27717
2022-06-27 16:58:01,902 [Time-limited test] INFO  rpc.RpcClient (RpcClient.java:createBucket(666)) - Creating Bucket: volume29125/bucket30833, with the Bucket Layout LEGACY, runner as owner, Versioning false, Storage Type set to DISK and Encryption set to false 
2022-06-27 16:58:01,916 [OM StateMachine ApplyTransaction Thread - 0] INFO  bucket.OMBucketCreateRequest (OMBucketCreateRequest.java:validateAndUpdateCache(260)) - created bucket: bucket30833 of layout LEGACY in volume: volume29125
16:58:01.941 [IPC Server handler 13 on default port 40965] ERROR OMAudit - user=runner | ip=127.0.0.1 | op=GET_FILE_STATUS {volume=volume29125, bucket=bucket30833, key=.Trash/runner, dataSize=0, replicationConfig=null} | ret=FAILURE
org.apache.hadoop.ozone.om.exceptions.OMException: Unable to get file status: volume: volume29125 bucket: bucket30833 key: .Trash/runner
	at org.apache.hadoop.ozone.om.KeyManagerImpl.getOzoneFileStatus(KeyManagerImpl.java:1311) ~[ozone-manager-1.3.0-SNAPSHOT.jar:?]
	at org.apache.hadoop.ozone.om.KeyManagerImpl.getFileStatus(KeyManagerImpl.java:1241) ~[ozone-manager-1.3.0-SNAPSHOT.jar:?]
	at org.apache.hadoop.ozone.om.OzoneManager.getFileStatus(OzoneManager.java:3419) ~[ozone-manager-1.3.0-SNAPSHOT.jar:?]
	at org.apache.hadoop.ozone.protocolPB.OzoneManagerRequestHandler.getOzoneFileStatus(OzoneManagerRequestHandler.java:871) ~[ozone-manager-1.3.0-SNAPSHOT.jar:?]
	at org.apache.hadoop.ozone.protocolPB.OzoneManagerRequestHandler.handleReadRequest(OzoneManagerRequestHandler.java:217) ~[ozone-manager-1.3.0-SNAPSHOT.jar:?]
	at org.apache.hadoop.ozone.protocolPB.OzoneManagerProtocolServerSideTranslatorPB.submitReadRequestToOM(OzoneManagerProtocolServerSideTranslatorPB.java:226) ~[ozone-manager-1.3.0-SNAPSHOT.jar:?]
	at org.apache.hadoop.ozone.protocolPB.OzoneManagerProtocolServerSideTranslatorPB.processRequest(OzoneManagerProtocolServerSideTranslatorPB.java:175) ~[ozone-manager-1.3.0-SNAPSHOT.jar:?]
	at org.apache.hadoop.hdds.server.OzoneProtocolMessageDispatcher.processRequest(OzoneProtocolMessageDispatcher.java:87) [hdds-server-framework-1.3.0-SNAPSHOT.jar:?]
	at org.apache.hadoop.ozone.protocolPB.OzoneManagerProtocolServerSideTranslatorPB.submitRequest(OzoneManagerProtocolServerSideTranslatorPB.java:147) [ozone-manager-1.3.0-SNAPSHOT.jar:?]
	at org.apache.hadoop.ozone.protocol.proto.OzoneManagerProtocolProtos$OzoneManagerService$2.callBlockingMethod(OzoneManagerProtocolProtos.java) [ozone-interface-client-1.3.0-SNAPSHOT.jar:?]
	at org.apache.hadoop.ipc.ProtobufRpcEngine$Server.processCall(ProtobufRpcEngine.java:466) [hadoop-common-3.3.1.jar:?]
	at org.apache.hadoop.ipc.ProtobufRpcEngine2$Server$ProtoBufRpcInvoker.call(ProtobufRpcEngine2.java:574) [hadoop-common-3.3.1.jar:?]
	at org.apache.hadoop.ipc.ProtobufRpcEngine2$Server$ProtoBufRpcInvoker.call(ProtobufRpcEngine2.java:552) [hadoop-common-3.3.1.jar:?]
	at org.apache.hadoop.ipc.RPC$Server.call(RPC.java:1093) [hadoop-common-3.3.1.jar:?]
	at org.apache.hadoop.ipc.Server$RpcCall.run(Server.java:1035) [hadoop-common-3.3.1.jar:?]
	at org.apache.hadoop.ipc.Server$RpcCall.run(Server.java:963) [hadoop-common-3.3.1.jar:?]
	at java.security.AccessController.doPrivileged(Native Method) ~[?:1.8.0_332]
	at javax.security.auth.Subject.doAs(Subject.java:422) [?:1.8.0_332]
	at org.apache.hadoop.security.UserGroupInformation.doAs(UserGroupInformation.java:1878) [hadoop-common-3.3.1.jar:?]
	at org.apache.hadoop.ipc.Server$Handler.run(Server.java:2966) [hadoop-common-3.3.1.jar:?]
16:58:01.946 [IPC Server handler 19 on default port 40965] ERROR OMAudit - user=runner | ip=127.0.0.1 | op=GET_FILE_STATUS {volume=8d587051-2236-4ecf-84f0-b41bc4d2a758, bucket=d242688e-120a-4e82-bc90-637df6278b61, key=.Trash, dataSize=0, replicationConfig=null} | ret=FAILURE
org.apache.hadoop.ozone.om.exceptions.OMException: Unable to get file status: volume: 8d587051-2236-4ecf-84f0-b41bc4d2a758 bucket: d242688e-120a-4e82-bc90-637df6278b61 key: .Trash
	at org.apache.hadoop.ozone.om.KeyManagerImpl.getOzoneFileStatus(KeyManagerImpl.java:1311) ~[ozone-manager-1.3.0-SNAPSHOT.jar:?]
	at org.apache.hadoop.ozone.om.KeyManagerImpl.getFileStatus(KeyManagerImpl.java:1241) ~[ozone-manager-1.3.0-SNAPSHOT.jar:?]
	at org.apache.hadoop.ozone.om.OzoneManager.getFileStatus(OzoneManager.java:3419) ~[ozone-manager-1.3.0-SNAPSHOT.jar:?]
	at org.apache.hadoop.ozone.protocolPB.OzoneManagerRequestHandler.getOzoneFileStatus(OzoneManagerRequestHandler.java:871) ~[ozone-manager-1.3.0-SNAPSHOT.jar:?]
	at org.apache.hadoop.ozone.protocolPB.OzoneManagerRequestHandler.handleReadRequest(OzoneManagerRequestHandler.java:217) ~[ozone-manager-1.3.0-SNAPSHOT.jar:?]
	at org.apache.hadoop.ozone.protocolPB.OzoneManagerProtocolServerSideTranslatorPB.submitReadRequestToOM(OzoneManagerProtocolServerSideTranslatorPB.java:226) ~[ozone-manager-1.3.0-SNAPSHOT.jar:?]
	at org.apache.hadoop.ozone.protocolPB.OzoneManagerProtocolServerSideTranslatorPB.processRequest(OzoneManagerProtocolServerSideTranslatorPB.java:175) ~[ozone-manager-1.3.0-SNAPSHOT.jar:?]
	at org.apache.hadoop.hdds.server.OzoneProtocolMessageDispatcher.processRequest(OzoneProtocolMessageDispatcher.java:87) [hdds-server-framework-1.3.0-SNAPSHOT.jar:?]
	at org.apache.hadoop.ozone.protocolPB.OzoneManagerProtocolServerSideTranslatorPB.submitRequest(OzoneManagerProtocolServerSideTranslatorPB.java:147) [ozone-manager-1.3.0-SNAPSHOT.jar:?]
	at org.apache.hadoop.ozone.protocol.proto.OzoneManagerProtocolProtos$OzoneManagerService$2.callBlockingMethod(OzoneManagerProtocolProtos.java) [ozone-interface-client-1.3.0-SNAPSHOT.jar:?]
	at org.apache.hadoop.ipc.ProtobufRpcEngine$Server.processCall(ProtobufRpcEngine.java:466) [hadoop-common-3.3.1.jar:?]
	at org.apache.hadoop.ipc.ProtobufRpcEngine2$Server$ProtoBufRpcInvoker.call(ProtobufRpcEngine2.java:574) [hadoop-common-3.3.1.jar:?]
	at org.apache.hadoop.ipc.ProtobufRpcEngine2$Server$ProtoBufRpcInvoker.call(ProtobufRpcEngine2.java:552) [hadoop-common-3.3.1.jar:?]
	at org.apache.hadoop.ipc.RPC$Server.call(RPC.java:1093) [hadoop-common-3.3.1.jar:?]
	at org.apache.hadoop.ipc.Server$RpcCall.run(Server.java:1035) [hadoop-common-3.3.1.jar:?]
	at org.apache.hadoop.ipc.Server$RpcCall.run(Server.java:963) [hadoop-common-3.3.1.jar:?]
	at java.security.AccessController.doPrivileged(Native Method) ~[?:1.8.0_332]
	at javax.security.auth.Subject.doAs(Subject.java:422) [?:1.8.0_332]
	at org.apache.hadoop.security.UserGroupInformation.doAs(UserGroupInformation.java:1878) [hadoop-common-3.3.1.jar:?]
	at org.apache.hadoop.ipc.Server$Handler.run(Server.java:2966) [hadoop-common-3.3.1.jar:?]
16:58:01.950 [IPC Server handler 5 on default port 40965] ERROR OMAudit - user=runner | ip=127.0.0.1 | op=GET_FILE_STATUS {volume=volume29125, bucket=bucket30833, key=.Trash, dataSize=0, replicationConfig=null} | ret=FAILURE
org.apache.hadoop.ozone.om.exceptions.OMException: Unable to get file status: volume: volume29125 bucket: bucket30833 key: .Trash
	at org.apache.hadoop.ozone.om.KeyManagerImpl.getOzoneFileStatus(KeyManagerImpl.java:1311) ~[ozone-manager-1.3.0-SNAPSHOT.jar:?]
	at org.apache.hadoop.ozone.om.KeyManagerImpl.getFileStatus(KeyManagerImpl.java:1241) ~[ozone-manager-1.3.0-SNAPSHOT.jar:?]
	at org.apache.hadoop.ozone.om.OzoneManager.getFileStatus(OzoneManager.java:3419) ~[ozone-manager-1.3.0-SNAPSHOT.jar:?]
	at org.apache.hadoop.ozone.protocolPB.OzoneManagerRequestHandler.getOzoneFileStatus(OzoneManagerRequestHandler.java:871) ~[ozone-manager-1.3.0-SNAPSHOT.jar:?]
	at org.apache.hadoop.ozone.protocolPB.OzoneManagerRequestHandler.handleReadRequest(OzoneManagerRequestHandler.java:217) ~[ozone-manager-1.3.0-SNAPSHOT.jar:?]
	at org.apache.hadoop.ozone.protocolPB.OzoneManagerProtocolServerSideTranslatorPB.submitReadRequestToOM(OzoneManagerProtocolServerSideTranslatorPB.java:226) ~[ozone-manager-1.3.0-SNAPSHOT.jar:?]
	at org.apache.hadoop.ozone.protocolPB.OzoneManagerProtocolServerSideTranslatorPB.processRequest(OzoneManagerProtocolServerSideTranslatorPB.java:175) ~[ozone-manager-1.3.0-SNAPSHOT.jar:?]
	at org.apache.hadoop.hdds.server.OzoneProtocolMessageDispatcher.processRequest(OzoneProtocolMessageDispatcher.java:87) [hdds-server-framework-1.3.0-SNAPSHOT.jar:?]
	at org.apache.hadoop.ozone.protocolPB.OzoneManagerProtocolServerSideTranslatorPB.submitRequest(OzoneManagerProtocolServerSideTranslatorPB.java:147) [ozone-manager-1.3.0-SNAPSHOT.jar:?]
	at org.apache.hadoop.ozone.protocol.proto.OzoneManagerProtocolProtos$OzoneManagerService$2.callBlockingMethod(OzoneManagerProtocolProtos.java) [ozone-interface-client-1.3.0-SNAPSHOT.jar:?]
	at org.apache.hadoop.ipc.ProtobufRpcEngine$Server.processCall(ProtobufRpcEngine.java:466) [hadoop-common-3.3.1.jar:?]
	at org.apache.hadoop.ipc.ProtobufRpcEngine2$Server$ProtoBufRpcInvoker.call(ProtobufRpcEngine2.java:574) [hadoop-common-3.3.1.jar:?]
	at org.apache.hadoop.ipc.ProtobufRpcEngine2$Server$ProtoBufRpcInvoker.call(ProtobufRpcEngine2.java:552) [hadoop-common-3.3.1.jar:?]
	at org.apache.hadoop.ipc.RPC$Server.call(RPC.java:1093) [hadoop-common-3.3.1.jar:?]
	at org.apache.hadoop.ipc.Server$RpcCall.run(Server.java:1035) [hadoop-common-3.3.1.jar:?]
	at org.apache.hadoop.ipc.Server$RpcCall.run(Server.java:963) [hadoop-common-3.3.1.jar:?]
	at java.security.AccessController.doPrivileged(Native Method) ~[?:1.8.0_332]
	at javax.security.auth.Subject.doAs(Subject.java:422) [?:1.8.0_332]
	at org.apache.hadoop.security.UserGroupInformation.doAs(UserGroupInformation.java:1878) [hadoop-common-3.3.1.jar:?]
	at org.apache.hadoop.ipc.Server$Handler.run(Server.java:2966) [hadoop-common-3.3.1.jar:?]
16:58:01.983 [IPC Server handler 6 on default port 40965] ERROR OMAudit - user=runner | ip=127.0.0.1 | op=GET_FILE_STATUS {volume=8d587051-2236-4ecf-84f0-b41bc4d2a758, bucket=d242688e-120a-4e82-bc90-637df6278b61, key=.Trash, dataSize=0, replicationConfig=null} | ret=FAILURE
org.apache.hadoop.ozone.om.exceptions.OMException: Unable to get file status: volume: 8d587051-2236-4ecf-84f0-b41bc4d2a758 bucket: d242688e-120a-4e82-bc90-637df6278b61 key: .Trash
	at org.apache.hadoop.ozone.om.KeyManagerImpl.getOzoneFileStatus(KeyManagerImpl.java:1311) ~[ozone-manager-1.3.0-SNAPSHOT.jar:?]
	at org.apache.hadoop.ozone.om.KeyManagerImpl.getFileStatus(KeyManagerImpl.java:1241) ~[ozone-manager-1.3.0-SNAPSHOT.jar:?]
	at org.apache.hadoop.ozone.om.OzoneManager.getFileStatus(OzoneManager.java:3419) ~[ozone-manager-1.3.0-SNAPSHOT.jar:?]
	at org.apache.hadoop.ozone.protocolPB.OzoneManagerRequestHandler.getOzoneFileStatus(OzoneManagerRequestHandler.java:871) ~[ozone-manager-1.3.0-SNAPSHOT.jar:?]
	at org.apache.hadoop.ozone.protocolPB.OzoneManagerRequestHandler.handleReadRequest(OzoneManagerRequestHandler.java:217) ~[ozone-manager-1.3.0-SNAPSHOT.jar:?]
	at org.apache.hadoop.ozone.protocolPB.OzoneManagerProtocolServerSideTranslatorPB.submitReadRequestToOM(OzoneManagerProtocolServerSideTranslatorPB.java:226) ~[ozone-manager-1.3.0-SNAPSHOT.jar:?]
	at org.apache.hadoop.ozone.protocolPB.OzoneManagerProtocolServerSideTranslatorPB.processRequest(OzoneManagerProtocolServerSideTranslatorPB.java:175) ~[ozone-manager-1.3.0-SNAPSHOT.jar:?]
	at org.apache.hadoop.hdds.server.OzoneProtocolMessageDispatcher.processRequest(OzoneProtocolMessageDispatcher.java:87) [hdds-server-framework-1.3.0-SNAPSHOT.jar:?]
	at org.apache.hadoop.ozone.protocolPB.OzoneManagerProtocolServerSideTranslatorPB.submitRequest(OzoneManagerProtocolServerSideTranslatorPB.java:147) [ozone-manager-1.3.0-SNAPSHOT.jar:?]
	at org.apache.hadoop.ozone.protocol.proto.OzoneManagerProtocolProtos$OzoneManagerService$2.callBlockingMethod(OzoneManagerProtocolProtos.java) [ozone-interface-client-1.3.0-SNAPSHOT.jar:?]
	at org.apache.hadoop.ipc.ProtobufRpcEngine$Server.processCall(ProtobufRpcEngine.java:466) [hadoop-common-3.3.1.jar:?]
	at org.apache.hadoop.ipc.ProtobufRpcEngine2$Server$ProtoBufRpcInvoker.call(ProtobufRpcEngine2.java:574) [hadoop-common-3.3.1.jar:?]
	at org.apache.hadoop.ipc.ProtobufRpcEngine2$Server$ProtoBufRpcInvoker.call(ProtobufRpcEngine2.java:552) [hadoop-common-3.3.1.jar:?]
	at org.apache.hadoop.ipc.RPC$Server.call(RPC.java:1093) [hadoop-common-3.3.1.jar:?]
	at org.apache.hadoop.ipc.Server$RpcCall.run(Server.java:1035) [hadoop-common-3.3.1.jar:?]
	at org.apache.hadoop.ipc.Server$RpcCall.run(Server.java:963) [hadoop-common-3.3.1.jar:?]
	at java.security.AccessController.doPrivileged(Native Method) ~[?:1.8.0_332]
	at javax.security.auth.Subject.doAs(Subject.java:422) [?:1.8.0_332]
	at org.apache.hadoop.security.UserGroupInformation.doAs(UserGroupInformation.java:1878) [hadoop-common-3.3.1.jar:?]
	at org.apache.hadoop.ipc.Server$Handler.run(Server.java:2966) [hadoop-common-3.3.1.jar:?]
16:58:01.993 [IPC Server handler 12 on default port 40965] ERROR OMAudit - user=runner | ip=127.0.0.1 | op=GET_FILE_STATUS {volume=8d587051-2236-4ecf-84f0-b41bc4d2a758, bucket=d242688e-120a-4e82-bc90-637df6278b61, key=.Trash, dataSize=0, replicationConfig=null} | ret=FAILURE
org.apache.hadoop.ozone.om.exceptions.OMException: Unable to get file status: volume: 8d587051-2236-4ecf-84f0-b41bc4d2a758 bucket: d242688e-120a-4e82-bc90-637df6278b61 key: .Trash
	at org.apache.hadoop.ozone.om.KeyManagerImpl.getOzoneFileStatus(KeyManagerImpl.java:1311) ~[ozone-manager-1.3.0-SNAPSHOT.jar:?]
	at org.apache.hadoop.ozone.om.KeyManagerImpl.getFileStatus(KeyManagerImpl.java:1241) ~[ozone-manager-1.3.0-SNAPSHOT.jar:?]
	at org.apache.hadoop.ozone.om.OzoneManager.getFileStatus(OzoneManager.java:3419) ~[ozone-manager-1.3.0-SNAPSHOT.jar:?]
	at org.apache.hadoop.ozone.protocolPB.OzoneManagerRequestHandler.getOzoneFileStatus(OzoneManagerRequestHandler.java:871) ~[ozone-manager-1.3.0-SNAPSHOT.jar:?]
	at org.apache.hadoop.ozone.protocolPB.OzoneManagerRequestHandler.handleReadRequest(OzoneManagerRequestHandler.java:217) ~[ozone-manager-1.3.0-SNAPSHOT.jar:?]
	at org.apache.hadoop.ozone.protocolPB.OzoneManagerProtocolServerSideTranslatorPB.submitReadRequestToOM(OzoneManagerProtocolServerSideTranslatorPB.java:226) ~[ozone-manager-1.3.0-SNAPSHOT.jar:?]
	at org.apache.hadoop.ozone.protocolPB.OzoneManagerProtocolServerSideTranslatorPB.processRequest(OzoneManagerProtocolServerSideTranslatorPB.java:175) ~[ozone-manager-1.3.0-SNAPSHOT.jar:?]
	at org.apache.hadoop.hdds.server.OzoneProtocolMessageDispatcher.processRequest(OzoneProtocolMessageDispatcher.java:87) [hdds-server-framework-1.3.0-SNAPSHOT.jar:?]
	at org.apache.hadoop.ozone.protocolPB.OzoneManagerProtocolServerSideTranslatorPB.submitRequest(OzoneManagerProtocolServerSideTranslatorPB.java:147) [ozone-manager-1.3.0-SNAPSHOT.jar:?]
	at org.apache.hadoop.ozone.protocol.proto.OzoneManagerProtocolProtos$OzoneManagerService$2.callBlockingMethod(OzoneManagerProtocolProtos.java) [ozone-interface-client-1.3.0-SNAPSHOT.jar:?]
	at org.apache.hadoop.ipc.ProtobufRpcEngine$Server.processCall(ProtobufRpcEngine.java:466) [hadoop-common-3.3.1.jar:?]
	at org.apache.hadoop.ipc.ProtobufRpcEngine2$Server$ProtoBufRpcInvoker.call(ProtobufRpcEngine2.java:574) [hadoop-common-3.3.1.jar:?]
	at org.apache.hadoop.ipc.ProtobufRpcEngine2$Server$ProtoBufRpcInvoker.call(ProtobufRpcEngine2.java:552) [hadoop-common-3.3.1.jar:?]
	at org.apache.hadoop.ipc.RPC$Server.call(RPC.java:1093) [hadoop-common-3.3.1.jar:?]
	at org.apache.hadoop.ipc.Server$RpcCall.run(Server.java:1035) [hadoop-common-3.3.1.jar:?]
	at org.apache.hadoop.ipc.Server$RpcCall.run(Server.java:963) [hadoop-common-3.3.1.jar:?]
	at java.security.AccessController.doPrivileged(Native Method) ~[?:1.8.0_332]
	at javax.security.auth.Subject.doAs(Subject.java:422) [?:1.8.0_332]
	at org.apache.hadoop.security.UserGroupInformation.doAs(UserGroupInformation.java:1878) [hadoop-common-3.3.1.jar:?]
	at org.apache.hadoop.ipc.Server$Handler.run(Server.java:2966) [hadoop-common-3.3.1.jar:?]
2022-06-27 16:58:02,018 [Time-limited test] INFO  rpc.RpcClient (RpcClient.java:createBucket(666)) - Creating Bucket: volume29125/trashroottest2, with the Bucket Layout LEGACY, runner as owner, Versioning false, Storage Type set to DISK and Encryption set to false 
2022-06-27 16:58:02,019 [OM StateMachine ApplyTransaction Thread - 0] INFO  bucket.OMBucketCreateRequest (OMBucketCreateRequest.java:validateAndUpdateCache(260)) - created bucket: trashroottest2 of layout LEGACY in volume: volume29125
16:58:02.251 [IPC Server handler 1 on default port 40965] ERROR OMAudit - user=runner | ip=127.0.0.1 | op=GET_FILE_STATUS {volume=8d587051-2236-4ecf-84f0-b41bc4d2a758, bucket=d242688e-120a-4e82-bc90-637df6278b61, key=.Trash, dataSize=0, replicationConfig=null} | ret=FAILURE
org.apache.hadoop.ozone.om.exceptions.OMException: Unable to get file status: volume: 8d587051-2236-4ecf-84f0-b41bc4d2a758 bucket: d242688e-120a-4e82-bc90-637df6278b61 key: .Trash
	at org.apache.hadoop.ozone.om.KeyManagerImpl.getOzoneFileStatus(KeyManagerImpl.java:1311) ~[ozone-manager-1.3.0-SNAPSHOT.jar:?]
	at org.apache.hadoop.ozone.om.KeyManagerImpl.getFileStatus(KeyManagerImpl.java:1241) ~[ozone-manager-1.3.0-SNAPSHOT.jar:?]
	at org.apache.hadoop.ozone.om.OzoneManager.getFileStatus(OzoneManager.java:3419) ~[ozone-manager-1.3.0-SNAPSHOT.jar:?]
	at org.apache.hadoop.ozone.protocolPB.OzoneManagerRequestHandler.getOzoneFileStatus(OzoneManagerRequestHandler.java:871) ~[ozone-manager-1.3.0-SNAPSHOT.jar:?]
	at org.apache.hadoop.ozone.protocolPB.OzoneManagerRequestHandler.handleReadRequest(OzoneManagerRequestHandler.java:217) ~[ozone-manager-1.3.0-SNAPSHOT.jar:?]
	at org.apache.hadoop.ozone.protocolPB.OzoneManagerProtocolServerSideTranslatorPB.submitReadRequestToOM(OzoneManagerProtocolServerSideTranslatorPB.java:226) ~[ozone-manager-1.3.0-SNAPSHOT.jar:?]
	at org.apache.hadoop.ozone.protocolPB.OzoneManagerProtocolServerSideTranslatorPB.processRequest(OzoneManagerProtocolServerSideTranslatorPB.java:175) ~[ozone-manager-1.3.0-SNAPSHOT.jar:?]
	at org.apache.hadoop.hdds.server.OzoneProtocolMessageDispatcher.processRequest(OzoneProtocolMessageDispatcher.java:87) [hdds-server-framework-1.3.0-SNAPSHOT.jar:?]
	at org.apache.hadoop.ozone.protocolPB.OzoneManagerProtocolServerSideTranslatorPB.submitRequest(OzoneManagerProtocolServerSideTranslatorPB.java:147) [ozone-manager-1.3.0-SNAPSHOT.jar:?]
	at org.apache.hadoop.ozone.protocol.proto.OzoneManagerProtocolProtos$OzoneManagerService$2.callBlockingMethod(OzoneManagerProtocolProtos.java) [ozone-interface-client-1.3.0-SNAPSHOT.jar:?]
	at org.apache.hadoop.ipc.ProtobufRpcEngine$Server.processCall(ProtobufRpcEngine.java:466) [hadoop-common-3.3.1.jar:?]
	at org.apache.hadoop.ipc.ProtobufRpcEngine2$Server$ProtoBufRpcInvoker.call(ProtobufRpcEngine2.java:574) [hadoop-common-3.3.1.jar:?]
	at org.apache.hadoop.ipc.ProtobufRpcEngine2$Server$ProtoBufRpcInvoker.call(ProtobufRpcEngine2.java:552) [hadoop-common-3.3.1.jar:?]
	at org.apache.hadoop.ipc.RPC$Server.call(RPC.java:1093) [hadoop-common-3.3.1.jar:?]
	at org.apache.hadoop.ipc.Server$RpcCall.run(Server.java:1035) [hadoop-common-3.3.1.jar:?]
	at org.apache.hadoop.ipc.Server$RpcCall.run(Server.java:963) [hadoop-common-3.3.1.jar:?]
	at java.security.AccessController.doPrivileged(Native Method) ~[?:1.8.0_332]
	at javax.security.auth.Subject.doAs(Subject.java:422) [?:1.8.0_332]
	at org.apache.hadoop.security.UserGroupInformation.doAs(UserGroupInformation.java:1878) [hadoop-common-3.3.1.jar:?]
	at org.apache.hadoop.ipc.Server$Handler.run(Server.java:2966) [hadoop-common-3.3.1.jar:?]
16:58:02.311 [IPC Server handler 15 on default port 40965] ERROR OMAudit - user=runner | ip=127.0.0.1 | op=GET_FILE_STATUS {volume=8d587051-2236-4ecf-84f0-b41bc4d2a758, bucket=d242688e-120a-4e82-bc90-637df6278b61, key=.Trash, dataSize=0, replicationConfig=null} | ret=FAILURE
org.apache.hadoop.ozone.om.exceptions.OMException: Unable to get file status: volume: 8d587051-2236-4ecf-84f0-b41bc4d2a758 bucket: d242688e-120a-4e82-bc90-637df6278b61 key: .Trash
	at org.apache.hadoop.ozone.om.KeyManagerImpl.getOzoneFileStatus(KeyManagerImpl.java:1311) ~[ozone-manager-1.3.0-SNAPSHOT.jar:?]
	at org.apache.hadoop.ozone.om.KeyManagerImpl.getFileStatus(KeyManagerImpl.java:1241) ~[ozone-manager-1.3.0-SNAPSHOT.jar:?]
	at org.apache.hadoop.ozone.om.OzoneManager.getFileStatus(OzoneManager.java:3419) ~[ozone-manager-1.3.0-SNAPSHOT.jar:?]
	at org.apache.hadoop.ozone.protocolPB.OzoneManagerRequestHandler.getOzoneFileStatus(OzoneManagerRequestHandler.java:871) ~[ozone-manager-1.3.0-SNAPSHOT.jar:?]
	at org.apache.hadoop.ozone.protocolPB.OzoneManagerRequestHandler.handleReadRequest(OzoneManagerRequestHandler.java:217) ~[ozone-manager-1.3.0-SNAPSHOT.jar:?]
	at org.apache.hadoop.ozone.protocolPB.OzoneManagerProtocolServerSideTranslatorPB.submitReadRequestToOM(OzoneManagerProtocolServerSideTranslatorPB.java:226) ~[ozone-manager-1.3.0-SNAPSHOT.jar:?]
	at org.apache.hadoop.ozone.protocolPB.OzoneManagerProtocolServerSideTranslatorPB.processRequest(OzoneManagerProtocolServerSideTranslatorPB.java:175) ~[ozone-manager-1.3.0-SNAPSHOT.jar:?]
	at org.apache.hadoop.hdds.server.OzoneProtocolMessageDispatcher.processRequest(OzoneProtocolMessageDispatcher.java:87) [hdds-server-framework-1.3.0-SNAPSHOT.jar:?]
	at org.apache.hadoop.ozone.protocolPB.OzoneManagerProtocolServerSideTranslatorPB.submitRequest(OzoneManagerProtocolServerSideTranslatorPB.java:147) [ozone-manager-1.3.0-SNAPSHOT.jar:?]
	at org.apache.hadoop.ozone.protocol.proto.OzoneManagerProtocolProtos$OzoneManagerService$2.callBlockingMethod(OzoneManagerProtocolProtos.java) [ozone-interface-client-1.3.0-SNAPSHOT.jar:?]
	at org.apache.hadoop.ipc.ProtobufRpcEngine$Server.processCall(ProtobufRpcEngine.java:466) [hadoop-common-3.3.1.jar:?]
	at org.apache.hadoop.ipc.ProtobufRpcEngine2$Server$ProtoBufRpcInvoker.call(ProtobufRpcEngine2.java:574) [hadoop-common-3.3.1.jar:?]
	at org.apache.hadoop.ipc.ProtobufRpcEngine2$Server$ProtoBufRpcInvoker.call(ProtobufRpcEngine2.java:552) [hadoop-common-3.3.1.jar:?]
	at org.apache.hadoop.ipc.RPC$Server.call(RPC.java:1093) [hadoop-common-3.3.1.jar:?]
	at org.apache.hadoop.ipc.Server$RpcCall.run(Server.java:1035) [hadoop-common-3.3.1.jar:?]
	at org.apache.hadoop.ipc.Server$RpcCall.run(Server.java:963) [hadoop-common-3.3.1.jar:?]
	at java.security.AccessController.doPrivileged(Native Method) ~[?:1.8.0_332]
	at javax.security.auth.Subject.doAs(Subject.java:422) [?:1.8.0_332]
	at org.apache.hadoop.security.UserGroupInformation.doAs(UserGroupInformation.java:1878) [hadoop-common-3.3.1.jar:?]
	at org.apache.hadoop.ipc.Server$Handler.run(Server.java:2966) [hadoop-common-3.3.1.jar:?]
2022-06-27 16:58:02,449 [Time-limited test] INFO  rpc.RpcClient (RpcClient.java:createVolume(466)) - Creating Volume: volume62533, with user31025 as owner and space quota set to -1 bytes, counts quota set to -1
2022-06-27 16:58:02,465 [OM StateMachine ApplyTransaction Thread - 0] INFO  volume.OMVolumeCreateRequest (OMVolumeCreateRequest.java:validateAndUpdateCache(195)) - created volume:volume62533 for user:user31025
2022-06-27 16:58:02,466 [Time-limited test] INFO  rpc.RpcClient (RpcClient.java:createBucket(666)) - Creating Bucket: volume62533/bucket53716, with the Bucket Layout LEGACY, runner as owner, Versioning false, Storage Type set to DISK and Encryption set to false 
2022-06-27 16:58:02,467 [OM StateMachine ApplyTransaction Thread - 0] INFO  bucket.OMBucketCreateRequest (OMBucketCreateRequest.java:validateAndUpdateCache(260)) - created bucket: bucket53716 of layout LEGACY in volume: volume62533
16:58:02.488 [IPC Server handler 13 on default port 40965] ERROR OMAudit - user=runner | ip=127.0.0.1 | op=GET_FILE_STATUS {volume=8d587051-2236-4ecf-84f0-b41bc4d2a758, bucket=d242688e-120a-4e82-bc90-637df6278b61, key=.Trash, dataSize=0, replicationConfig=null} | ret=FAILURE
org.apache.hadoop.ozone.om.exceptions.OMException: Unable to get file status: volume: 8d587051-2236-4ecf-84f0-b41bc4d2a758 bucket: d242688e-120a-4e82-bc90-637df6278b61 key: .Trash
	at org.apache.hadoop.ozone.om.KeyManagerImpl.getOzoneFileStatus(KeyManagerImpl.java:1311) ~[ozone-manager-1.3.0-SNAPSHOT.jar:?]
	at org.apache.hadoop.ozone.om.KeyManagerImpl.getFileStatus(KeyManagerImpl.java:1241) ~[ozone-manager-1.3.0-SNAPSHOT.jar:?]
	at org.apache.hadoop.ozone.om.OzoneManager.getFileStatus(OzoneManager.java:3419) ~[ozone-manager-1.3.0-SNAPSHOT.jar:?]
	at org.apache.hadoop.ozone.protocolPB.OzoneManagerRequestHandler.getOzoneFileStatus(OzoneManagerRequestHandler.java:871) ~[ozone-manager-1.3.0-SNAPSHOT.jar:?]
	at org.apache.hadoop.ozone.protocolPB.OzoneManagerRequestHandler.handleReadRequest(OzoneManagerRequestHandler.java:217) ~[ozone-manager-1.3.0-SNAPSHOT.jar:?]
	at org.apache.hadoop.ozone.protocolPB.OzoneManagerProtocolServerSideTranslatorPB.submitReadRequestToOM(OzoneManagerProtocolServerSideTranslatorPB.java:226) ~[ozone-manager-1.3.0-SNAPSHOT.jar:?]
	at org.apache.hadoop.ozone.protocolPB.OzoneManagerProtocolServerSideTranslatorPB.processRequest(OzoneManagerProtocolServerSideTranslatorPB.java:175) ~[ozone-manager-1.3.0-SNAPSHOT.jar:?]
	at org.apache.hadoop.hdds.server.OzoneProtocolMessageDispatcher.processRequest(OzoneProtocolMessageDispatcher.java:87) [hdds-server-framework-1.3.0-SNAPSHOT.jar:?]
	at org.apache.hadoop.ozone.protocolPB.OzoneManagerProtocolServerSideTranslatorPB.submitRequest(OzoneManagerProtocolServerSideTranslatorPB.java:147) [ozone-manager-1.3.0-SNAPSHOT.jar:?]
	at org.apache.hadoop.ozone.protocol.proto.OzoneManagerProtocolProtos$OzoneManagerService$2.callBlockingMethod(OzoneManagerProtocolProtos.java) [ozone-interface-client-1.3.0-SNAPSHOT.jar:?]
	at org.apache.hadoop.ipc.ProtobufRpcEngine$Server.processCall(ProtobufRpcEngine.java:466) [hadoop-common-3.3.1.jar:?]
	at org.apache.hadoop.ipc.ProtobufRpcEngine2$Server$ProtoBufRpcInvoker.call(ProtobufRpcEngine2.java:574) [hadoop-common-3.3.1.jar:?]
	at org.apache.hadoop.ipc.ProtobufRpcEngine2$Server$ProtoBufRpcInvoker.call(ProtobufRpcEngine2.java:552) [hadoop-common-3.3.1.jar:?]
	at org.apache.hadoop.ipc.RPC$Server.call(RPC.java:1093) [hadoop-common-3.3.1.jar:?]
	at org.apache.hadoop.ipc.Server$RpcCall.run(Server.java:1035) [hadoop-common-3.3.1.jar:?]
	at org.apache.hadoop.ipc.Server$RpcCall.run(Server.java:963) [hadoop-common-3.3.1.jar:?]
	at java.security.AccessController.doPrivileged(Native Method) ~[?:1.8.0_332]
	at javax.security.auth.Subject.doAs(Subject.java:422) [?:1.8.0_332]
	at org.apache.hadoop.security.UserGroupInformation.doAs(UserGroupInformation.java:1878) [hadoop-common-3.3.1.jar:?]
	at org.apache.hadoop.ipc.Server$Handler.run(Server.java:2966) [hadoop-common-3.3.1.jar:?]
16:58:02.529 [IPC Server handler 11 on default port 40965] ERROR OMAudit - user=runner | ip=127.0.0.1 | op=GET_FILE_STATUS {volume=8d587051-2236-4ecf-84f0-b41bc4d2a758, bucket=d242688e-120a-4e82-bc90-637df6278b61, key=.Trash, dataSize=0, replicationConfig=null} | ret=FAILURE
org.apache.hadoop.ozone.om.exceptions.OMException: Unable to get file status: volume: 8d587051-2236-4ecf-84f0-b41bc4d2a758 bucket: d242688e-120a-4e82-bc90-637df6278b61 key: .Trash
	at org.apache.hadoop.ozone.om.KeyManagerImpl.getOzoneFileStatus(KeyManagerImpl.java:1311) ~[ozone-manager-1.3.0-SNAPSHOT.jar:?]
	at org.apache.hadoop.ozone.om.KeyManagerImpl.getFileStatus(KeyManagerImpl.java:1241) ~[ozone-manager-1.3.0-SNAPSHOT.jar:?]
	at org.apache.hadoop.ozone.om.OzoneManager.getFileStatus(OzoneManager.java:3419) ~[ozone-manager-1.3.0-SNAPSHOT.jar:?]
	at org.apache.hadoop.ozone.protocolPB.OzoneManagerRequestHandler.getOzoneFileStatus(OzoneManagerRequestHandler.java:871) ~[ozone-manager-1.3.0-SNAPSHOT.jar:?]
	at org.apache.hadoop.ozone.protocolPB.OzoneManagerRequestHandler.handleReadRequest(OzoneManagerRequestHandler.java:217) ~[ozone-manager-1.3.0-SNAPSHOT.jar:?]
	at org.apache.hadoop.ozone.protocolPB.OzoneManagerProtocolServerSideTranslatorPB.submitReadRequestToOM(OzoneManagerProtocolServerSideTranslatorPB.java:226) ~[ozone-manager-1.3.0-SNAPSHOT.jar:?]
	at org.apache.hadoop.ozone.protocolPB.OzoneManagerProtocolServerSideTranslatorPB.processRequest(OzoneManagerProtocolServerSideTranslatorPB.java:175) ~[ozone-manager-1.3.0-SNAPSHOT.jar:?]
	at org.apache.hadoop.hdds.server.OzoneProtocolMessageDispatcher.processRequest(OzoneProtocolMessageDispatcher.java:87) [hdds-server-framework-1.3.0-SNAPSHOT.jar:?]
	at org.apache.hadoop.ozone.protocolPB.OzoneManagerProtocolServerSideTranslatorPB.submitRequest(OzoneManagerProtocolServerSideTranslatorPB.java:147) [ozone-manager-1.3.0-SNAPSHOT.jar:?]
	at org.apache.hadoop.ozone.protocol.proto.OzoneManagerProtocolProtos$OzoneManagerService$2.callBlockingMethod(OzoneManagerProtocolProtos.java) [ozone-interface-client-1.3.0-SNAPSHOT.jar:?]
	at org.apache.hadoop.ipc.ProtobufRpcEngine$Server.processCall(ProtobufRpcEngine.java:466) [hadoop-common-3.3.1.jar:?]
	at org.apache.hadoop.ipc.ProtobufRpcEngine2$Server$ProtoBufRpcInvoker.call(ProtobufRpcEngine2.java:574) [hadoop-common-3.3.1.jar:?]
	at org.apache.hadoop.ipc.ProtobufRpcEngine2$Server$ProtoBufRpcInvoker.call(ProtobufRpcEngine2.java:552) [hadoop-common-3.3.1.jar:?]
	at org.apache.hadoop.ipc.RPC$Server.call(RPC.java:1093) [hadoop-common-3.3.1.jar:?]
	at org.apache.hadoop.ipc.Server$RpcCall.run(Server.java:1035) [hadoop-common-3.3.1.jar:?]
	at org.apache.hadoop.ipc.Server$RpcCall.run(Server.java:963) [hadoop-common-3.3.1.jar:?]
	at java.security.AccessController.doPrivileged(Native Method) ~[?:1.8.0_332]
	at javax.security.auth.Subject.doAs(Subject.java:422) [?:1.8.0_332]
	at org.apache.hadoop.security.UserGroupInformation.doAs(UserGroupInformation.java:1878) [hadoop-common-3.3.1.jar:?]
	at org.apache.hadoop.ipc.Server$Handler.run(Server.java:2966) [hadoop-common-3.3.1.jar:?]
16:58:02.568 [IPC Server handler 15 on default port 40965] ERROR OMAudit - user=runner | ip=127.0.0.1 | op=GET_FILE_STATUS {volume=volume62533, bucket=bucket53716, key=.Trash/runner, dataSize=0, replicationConfig=null} | ret=FAILURE
org.apache.hadoop.ozone.om.exceptions.OMException: Unable to get file status: volume: volume62533 bucket: bucket53716 key: .Trash/runner
	at org.apache.hadoop.ozone.om.KeyManagerImpl.getOzoneFileStatus(KeyManagerImpl.java:1311) ~[ozone-manager-1.3.0-SNAPSHOT.jar:?]
	at org.apache.hadoop.ozone.om.KeyManagerImpl.getFileStatus(KeyManagerImpl.java:1241) ~[ozone-manager-1.3.0-SNAPSHOT.jar:?]
	at org.apache.hadoop.ozone.om.OzoneManager.getFileStatus(OzoneManager.java:3419) ~[ozone-manager-1.3.0-SNAPSHOT.jar:?]
	at org.apache.hadoop.ozone.protocolPB.OzoneManagerRequestHandler.getOzoneFileStatus(OzoneManagerRequestHandler.java:871) ~[ozone-manager-1.3.0-SNAPSHOT.jar:?]
	at org.apache.hadoop.ozone.protocolPB.OzoneManagerRequestHandler.handleReadRequest(OzoneManagerRequestHandler.java:217) ~[ozone-manager-1.3.0-SNAPSHOT.jar:?]
	at org.apache.hadoop.ozone.protocolPB.OzoneManagerProtocolServerSideTranslatorPB.submitReadRequestToOM(OzoneManagerProtocolServerSideTranslatorPB.java:226) ~[ozone-manager-1.3.0-SNAPSHOT.jar:?]
	at org.apache.hadoop.ozone.protocolPB.OzoneManagerProtocolServerSideTranslatorPB.processRequest(OzoneManagerProtocolServerSideTranslatorPB.java:175) ~[ozone-manager-1.3.0-SNAPSHOT.jar:?]
	at org.apache.hadoop.hdds.server.OzoneProtocolMessageDispatcher.processRequest(OzoneProtocolMessageDispatcher.java:87) [hdds-server-framework-1.3.0-SNAPSHOT.jar:?]
	at org.apache.hadoop.ozone.protocolPB.OzoneManagerProtocolServerSideTranslatorPB.submitRequest(OzoneManagerProtocolServerSideTranslatorPB.java:147) [ozone-manager-1.3.0-SNAPSHOT.jar:?]
	at org.apache.hadoop.ozone.protocol.proto.OzoneManagerProtocolProtos$OzoneManagerService$2.callBlockingMethod(OzoneManagerProtocolProtos.java) [ozone-interface-client-1.3.0-SNAPSHOT.jar:?]
	at org.apache.hadoop.ipc.ProtobufRpcEngine$Server.processCall(ProtobufRpcEngine.java:466) [hadoop-common-3.3.1.jar:?]
	at org.apache.hadoop.ipc.ProtobufRpcEngine2$Server$ProtoBufRpcInvoker.call(ProtobufRpcEngine2.java:574) [hadoop-common-3.3.1.jar:?]
	at org.apache.hadoop.ipc.ProtobufRpcEngine2$Server$ProtoBufRpcInvoker.call(ProtobufRpcEngine2.java:552) [hadoop-common-3.3.1.jar:?]
	at org.apache.hadoop.ipc.RPC$Server.call(RPC.java:1093) [hadoop-common-3.3.1.jar:?]
	at org.apache.hadoop.ipc.Server$RpcCall.run(Server.java:1035) [hadoop-common-3.3.1.jar:?]
	at org.apache.hadoop.ipc.Server$RpcCall.run(Server.java:963) [hadoop-common-3.3.1.jar:?]
	at java.security.AccessController.doPrivileged(Native Method) ~[?:1.8.0_332]
	at javax.security.auth.Subject.doAs(Subject.java:422) [?:1.8.0_332]
	at org.apache.hadoop.security.UserGroupInformation.doAs(UserGroupInformation.java:1878) [hadoop-common-3.3.1.jar:?]
	at org.apache.hadoop.ipc.Server$Handler.run(Server.java:2966) [hadoop-common-3.3.1.jar:?]
16:58:02.603 [IPC Server handler 16 on default port 40965] ERROR OMAudit - user=runner | ip=127.0.0.1 | op=GET_FILE_STATUS {volume=8d587051-2236-4ecf-84f0-b41bc4d2a758, bucket=d242688e-120a-4e82-bc90-637df6278b61, key=.Trash, dataSize=0, replicationConfig=null} | ret=FAILURE
org.apache.hadoop.ozone.om.exceptions.OMException: Unable to get file status: volume: 8d587051-2236-4ecf-84f0-b41bc4d2a758 bucket: d242688e-120a-4e82-bc90-637df6278b61 key: .Trash
	at org.apache.hadoop.ozone.om.KeyManagerImpl.getOzoneFileStatus(KeyManagerImpl.java:1311) ~[ozone-manager-1.3.0-SNAPSHOT.jar:?]
	at org.apache.hadoop.ozone.om.KeyManagerImpl.getFileStatus(KeyManagerImpl.java:1241) ~[ozone-manager-1.3.0-SNAPSHOT.jar:?]
	at org.apache.hadoop.ozone.om.OzoneManager.getFileStatus(OzoneManager.java:3419) ~[ozone-manager-1.3.0-SNAPSHOT.jar:?]
	at org.apache.hadoop.ozone.protocolPB.OzoneManagerRequestHandler.getOzoneFileStatus(OzoneManagerRequestHandler.java:871) ~[ozone-manager-1.3.0-SNAPSHOT.jar:?]
	at org.apache.hadoop.ozone.protocolPB.OzoneManagerRequestHandler.handleReadRequest(OzoneManagerRequestHandler.java:217) ~[ozone-manager-1.3.0-SNAPSHOT.jar:?]
	at org.apache.hadoop.ozone.protocolPB.OzoneManagerProtocolServerSideTranslatorPB.submitReadRequestToOM(OzoneManagerProtocolServerSideTranslatorPB.java:226) ~[ozone-manager-1.3.0-SNAPSHOT.jar:?]
	at org.apache.hadoop.ozone.protocolPB.OzoneManagerProtocolServerSideTranslatorPB.processRequest(OzoneManagerProtocolServerSideTranslatorPB.java:175) ~[ozone-manager-1.3.0-SNAPSHOT.jar:?]
	at org.apache.hadoop.hdds.server.OzoneProtocolMessageDispatcher.processRequest(OzoneProtocolMessageDispatcher.java:87) [hdds-server-framework-1.3.0-SNAPSHOT.jar:?]
	at org.apache.hadoop.ozone.protocolPB.OzoneManagerProtocolServerSideTranslatorPB.submitRequest(OzoneManagerProtocolServerSideTranslatorPB.java:147) [ozone-manager-1.3.0-SNAPSHOT.jar:?]
	at org.apache.hadoop.ozone.protocol.proto.OzoneManagerProtocolProtos$OzoneManagerService$2.callBlockingMethod(OzoneManagerProtocolProtos.java) [ozone-interface-client-1.3.0-SNAPSHOT.jar:?]
	at org.apache.hadoop.ipc.ProtobufRpcEngine$Server.processCall(ProtobufRpcEngine.java:466) [hadoop-common-3.3.1.jar:?]
	at org.apache.hadoop.ipc.ProtobufRpcEngine2$Server$ProtoBufRpcInvoker.call(ProtobufRpcEngine2.java:574) [hadoop-common-3.3.1.jar:?]
	at org.apache.hadoop.ipc.ProtobufRpcEngine2$Server$ProtoBufRpcInvoker.call(ProtobufRpcEngine2.java:552) [hadoop-common-3.3.1.jar:?]
	at org.apache.hadoop.ipc.RPC$Server.call(RPC.java:1093) [hadoop-common-3.3.1.jar:?]
	at org.apache.hadoop.ipc.Server$RpcCall.run(Server.java:1035) [hadoop-common-3.3.1.jar:?]
	at org.apache.hadoop.ipc.Server$RpcCall.run(Server.java:963) [hadoop-common-3.3.1.jar:?]
	at java.security.AccessController.doPrivileged(Native Method) ~[?:1.8.0_332]
	at javax.security.auth.Subject.doAs(Subject.java:422) [?:1.8.0_332]
	at org.apache.hadoop.security.UserGroupInformation.doAs(UserGroupInformation.java:1878) [hadoop-common-3.3.1.jar:?]
	at org.apache.hadoop.ipc.Server$Handler.run(Server.java:2966) [hadoop-common-3.3.1.jar:?]
16:58:02.624 [IPC Server handler 3 on default port 40965] ERROR OMAudit - user=runner | ip=127.0.0.1 | op=GET_FILE_STATUS {volume=volume62533, bucket=bucket53716, key=.Trash, dataSize=0, replicationConfig=null} | ret=FAILURE
org.apache.hadoop.ozone.om.exceptions.OMException: Unable to get file status: volume: volume62533 bucket: bucket53716 key: .Trash
	at org.apache.hadoop.ozone.om.KeyManagerImpl.getOzoneFileStatus(KeyManagerImpl.java:1311) ~[ozone-manager-1.3.0-SNAPSHOT.jar:?]
	at org.apache.hadoop.ozone.om.KeyManagerImpl.getFileStatus(KeyManagerImpl.java:1241) ~[ozone-manager-1.3.0-SNAPSHOT.jar:?]
	at org.apache.hadoop.ozone.om.OzoneManager.getFileStatus(OzoneManager.java:3419) ~[ozone-manager-1.3.0-SNAPSHOT.jar:?]
	at org.apache.hadoop.ozone.protocolPB.OzoneManagerRequestHandler.getOzoneFileStatus(OzoneManagerRequestHandler.java:871) ~[ozone-manager-1.3.0-SNAPSHOT.jar:?]
	at org.apache.hadoop.ozone.protocolPB.OzoneManagerRequestHandler.handleReadRequest(OzoneManagerRequestHandler.java:217) ~[ozone-manager-1.3.0-SNAPSHOT.jar:?]
	at org.apache.hadoop.ozone.protocolPB.OzoneManagerProtocolServerSideTranslatorPB.submitReadRequestToOM(OzoneManagerProtocolServerSideTranslatorPB.java:226) ~[ozone-manager-1.3.0-SNAPSHOT.jar:?]
	at org.apache.hadoop.ozone.protocolPB.OzoneManagerProtocolServerSideTranslatorPB.processRequest(OzoneManagerProtocolServerSideTranslatorPB.java:175) ~[ozone-manager-1.3.0-SNAPSHOT.jar:?]
	at org.apache.hadoop.hdds.server.OzoneProtocolMessageDispatcher.processRequest(OzoneProtocolMessageDispatcher.java:87) [hdds-server-framework-1.3.0-SNAPSHOT.jar:?]
	at org.apache.hadoop.ozone.protocolPB.OzoneManagerProtocolServerSideTranslatorPB.submitRequest(OzoneManagerProtocolServerSideTranslatorPB.java:147) [ozone-manager-1.3.0-SNAPSHOT.jar:?]
	at org.apache.hadoop.ozone.protocol.proto.OzoneManagerProtocolProtos$OzoneManagerService$2.callBlockingMethod(OzoneManagerProtocolProtos.java) [ozone-interface-client-1.3.0-SNAPSHOT.jar:?]
	at org.apache.hadoop.ipc.ProtobufRpcEngine$Server.processCall(ProtobufRpcEngine.java:466) [hadoop-common-3.3.1.jar:?]
	at org.apache.hadoop.ipc.ProtobufRpcEngine2$Server$ProtoBufRpcInvoker.call(ProtobufRpcEngine2.java:574) [hadoop-common-3.3.1.jar:?]
	at org.apache.hadoop.ipc.ProtobufRpcEngine2$Server$ProtoBufRpcInvoker.call(ProtobufRpcEngine2.java:552) [hadoop-common-3.3.1.jar:?]
	at org.apache.hadoop.ipc.RPC$Server.call(RPC.java:1093) [hadoop-common-3.3.1.jar:?]
	at org.apache.hadoop.ipc.Server$RpcCall.run(Server.java:1035) [hadoop-common-3.3.1.jar:?]
	at org.apache.hadoop.ipc.Server$RpcCall.run(Server.java:963) [hadoop-common-3.3.1.jar:?]
	at java.security.AccessController.doPrivileged(Native Method) ~[?:1.8.0_332]
	at javax.security.auth.Subject.doAs(Subject.java:422) [?:1.8.0_332]
	at org.apache.hadoop.security.UserGroupInformation.doAs(UserGroupInformation.java:1878) [hadoop-common-3.3.1.jar:?]
	at org.apache.hadoop.ipc.Server$Handler.run(Server.java:2966) [hadoop-common-3.3.1.jar:?]
16:58:02.632 [IPC Server handler 15 on default port 40965] ERROR OMAudit - user=runner | ip=127.0.0.1 | op=GET_FILE_STATUS {volume=volume62533, bucket=bucket53716, key=.Trash/runner, dataSize=0, replicationConfig=null} | ret=FAILURE
org.apache.hadoop.ozone.om.exceptions.OMException: Unable to get file status: volume: volume62533 bucket: bucket53716 key: .Trash/runner
	at org.apache.hadoop.ozone.om.KeyManagerImpl.getOzoneFileStatus(KeyManagerImpl.java:1311) ~[ozone-manager-1.3.0-SNAPSHOT.jar:?]
	at org.apache.hadoop.ozone.om.KeyManagerImpl.getFileStatus(KeyManagerImpl.java:1241) ~[ozone-manager-1.3.0-SNAPSHOT.jar:?]
	at org.apache.hadoop.ozone.om.OzoneManager.getFileStatus(OzoneManager.java:3419) ~[ozone-manager-1.3.0-SNAPSHOT.jar:?]
	at org.apache.hadoop.ozone.protocolPB.OzoneManagerRequestHandler.getOzoneFileStatus(OzoneManagerRequestHandler.java:871) ~[ozone-manager-1.3.0-SNAPSHOT.jar:?]
	at org.apache.hadoop.ozone.protocolPB.OzoneManagerRequestHandler.handleReadRequest(OzoneManagerRequestHandler.java:217) ~[ozone-manager-1.3.0-SNAPSHOT.jar:?]
	at org.apache.hadoop.ozone.protocolPB.OzoneManagerProtocolServerSideTranslatorPB.submitReadRequestToOM(OzoneManagerProtocolServerSideTranslatorPB.java:226) ~[ozone-manager-1.3.0-SNAPSHOT.jar:?]
	at org.apache.hadoop.ozone.protocolPB.OzoneManagerProtocolServerSideTranslatorPB.processRequest(OzoneManagerProtocolServerSideTranslatorPB.java:175) ~[ozone-manager-1.3.0-SNAPSHOT.jar:?]
	at org.apache.hadoop.hdds.server.OzoneProtocolMessageDispatcher.processRequest(OzoneProtocolMessageDispatcher.java:87) [hdds-server-framework-1.3.0-SNAPSHOT.jar:?]
	at org.apache.hadoop.ozone.protocolPB.OzoneManagerProtocolServerSideTranslatorPB.submitRequest(OzoneManagerProtocolServerSideTranslatorPB.java:147) [ozone-manager-1.3.0-SNAPSHOT.jar:?]
	at org.apache.hadoop.ozone.protocol.proto.OzoneManagerProtocolProtos$OzoneManagerService$2.callBlockingMethod(OzoneManagerProtocolProtos.java) [ozone-interface-client-1.3.0-SNAPSHOT.jar:?]
	at org.apache.hadoop.ipc.ProtobufRpcEngine$Server.processCall(ProtobufRpcEngine.java:466) [hadoop-common-3.3.1.jar:?]
	at org.apache.hadoop.ipc.ProtobufRpcEngine2$Server$ProtoBufRpcInvoker.call(ProtobufRpcEngine2.java:574) [hadoop-common-3.3.1.jar:?]
	at org.apache.hadoop.ipc.ProtobufRpcEngine2$Server$ProtoBufRpcInvoker.call(ProtobufRpcEngine2.java:552) [hadoop-common-3.3.1.jar:?]
	at org.apache.hadoop.ipc.RPC$Server.call(RPC.java:1093) [hadoop-common-3.3.1.jar:?]
	at org.apache.hadoop.ipc.Server$RpcCall.run(Server.java:1035) [hadoop-common-3.3.1.jar:?]
	at org.apache.hadoop.ipc.Server$RpcCall.run(Server.java:963) [hadoop-common-3.3.1.jar:?]
	at java.security.AccessController.doPrivileged(Native Method) ~[?:1.8.0_332]
	at javax.security.auth.Subject.doAs(Subject.java:422) [?:1.8.0_332]
	at org.apache.hadoop.security.UserGroupInformation.doAs(UserGroupInformation.java:1878) [hadoop-common-3.3.1.jar:?]
	at org.apache.hadoop.ipc.Server$Handler.run(Server.java:2966) [hadoop-common-3.3.1.jar:?]
16:58:02.635 [IPC Server handler 2 on default port 40965] ERROR OMAudit - user=runner | ip=127.0.0.1 | op=GET_FILE_STATUS {volume=volume29125, bucket=trashroottest2, key=.Trash/runner, dataSize=0, replicationConfig=null} | ret=FAILURE
org.apache.hadoop.ozone.om.exceptions.OMException: Unable to get file status: volume: volume29125 bucket: trashroottest2 key: .Trash/runner
	at org.apache.hadoop.ozone.om.KeyManagerImpl.getOzoneFileStatus(KeyManagerImpl.java:1311) ~[ozone-manager-1.3.0-SNAPSHOT.jar:?]
	at org.apache.hadoop.ozone.om.KeyManagerImpl.getFileStatus(KeyManagerImpl.java:1241) ~[ozone-manager-1.3.0-SNAPSHOT.jar:?]
	at org.apache.hadoop.ozone.om.OzoneManager.getFileStatus(OzoneManager.java:3419) ~[ozone-manager-1.3.0-SNAPSHOT.jar:?]
	at org.apache.hadoop.ozone.protocolPB.OzoneManagerRequestHandler.getOzoneFileStatus(OzoneManagerRequestHandler.java:871) ~[ozone-manager-1.3.0-SNAPSHOT.jar:?]
	at org.apache.hadoop.ozone.protocolPB.OzoneManagerRequestHandler.handleReadRequest(OzoneManagerRequestHandler.java:217) ~[ozone-manager-1.3.0-SNAPSHOT.jar:?]
	at org.apache.hadoop.ozone.protocolPB.OzoneManagerProtocolServerSideTranslatorPB.submitReadRequestToOM(OzoneManagerProtocolServerSideTranslatorPB.java:226) ~[ozone-manager-1.3.0-SNAPSHOT.jar:?]
	at org.apache.hadoop.ozone.protocolPB.OzoneManagerProtocolServerSideTranslatorPB.processRequest(OzoneManagerProtocolServerSideTranslatorPB.java:175) ~[ozone-manager-1.3.0-SNAPSHOT.jar:?]
	at org.apache.hadoop.hdds.server.OzoneProtocolMessageDispatcher.processRequest(OzoneProtocolMessageDispatcher.java:87) [hdds-server-framework-1.3.0-SNAPSHOT.jar:?]
	at org.apache.hadoop.ozone.protocolPB.OzoneManagerProtocolServerSideTranslatorPB.submitRequest(OzoneManagerProtocolServerSideTranslatorPB.java:147) [ozone-manager-1.3.0-SNAPSHOT.jar:?]
	at org.apache.hadoop.ozone.protocol.proto.OzoneManagerProtocolProtos$OzoneManagerService$2.callBlockingMethod(OzoneManagerProtocolProtos.java) [ozone-interface-client-1.3.0-SNAPSHOT.jar:?]
	at org.apache.hadoop.ipc.ProtobufRpcEngine$Server.processCall(ProtobufRpcEngine.java:466) [hadoop-common-3.3.1.jar:?]
	at org.apache.hadoop.ipc.ProtobufRpcEngine2$Server$ProtoBufRpcInvoker.call(ProtobufRpcEngine2.java:574) [hadoop-common-3.3.1.jar:?]
	at org.apache.hadoop.ipc.ProtobufRpcEngine2$Server$ProtoBufRpcInvoker.call(ProtobufRpcEngine2.java:552) [hadoop-common-3.3.1.jar:?]
	at org.apache.hadoop.ipc.RPC$Server.call(RPC.java:1093) [hadoop-common-3.3.1.jar:?]
	at org.apache.hadoop.ipc.Server$RpcCall.run(Server.java:1035) [hadoop-common-3.3.1.jar:?]
	at org.apache.hadoop.ipc.Server$RpcCall.run(Server.java:963) [hadoop-common-3.3.1.jar:?]
	at java.security.AccessController.doPrivileged(Native Method) ~[?:1.8.0_332]
	at javax.security.auth.Subject.doAs(Subject.java:422) [?:1.8.0_332]
	at org.apache.hadoop.security.UserGroupInformation.doAs(UserGroupInformation.java:1878) [hadoop-common-3.3.1.jar:?]
	at org.apache.hadoop.ipc.Server$Handler.run(Server.java:2966) [hadoop-common-3.3.1.jar:?]
16:58:02.644 [IPC Server handler 13 on default port 40965] ERROR OMAudit - user=runner | ip=127.0.0.1 | op=GET_FILE_STATUS {volume=8d587051-2236-4ecf-84f0-b41bc4d2a758, bucket=d242688e-120a-4e82-bc90-637df6278b61, key=.Trash, dataSize=0, replicationConfig=null} | ret=FAILURE
org.apache.hadoop.ozone.om.exceptions.OMException: Unable to get file status: volume: 8d587051-2236-4ecf-84f0-b41bc4d2a758 bucket: d242688e-120a-4e82-bc90-637df6278b61 key: .Trash
	at org.apache.hadoop.ozone.om.KeyManagerImpl.getOzoneFileStatus(KeyManagerImpl.java:1311) ~[ozone-manager-1.3.0-SNAPSHOT.jar:?]
	at org.apache.hadoop.ozone.om.KeyManagerImpl.getFileStatus(KeyManagerImpl.java:1241) ~[ozone-manager-1.3.0-SNAPSHOT.jar:?]
	at org.apache.hadoop.ozone.om.OzoneManager.getFileStatus(OzoneManager.java:3419) ~[ozone-manager-1.3.0-SNAPSHOT.jar:?]
	at org.apache.hadoop.ozone.protocolPB.OzoneManagerRequestHandler.getOzoneFileStatus(OzoneManagerRequestHandler.java:871) ~[ozone-manager-1.3.0-SNAPSHOT.jar:?]
	at org.apache.hadoop.ozone.protocolPB.OzoneManagerRequestHandler.handleReadRequest(OzoneManagerRequestHandler.java:217) ~[ozone-manager-1.3.0-SNAPSHOT.jar:?]
	at org.apache.hadoop.ozone.protocolPB.OzoneManagerProtocolServerSideTranslatorPB.submitReadRequestToOM(OzoneManagerProtocolServerSideTranslatorPB.java:226) ~[ozone-manager-1.3.0-SNAPSHOT.jar:?]
	at org.apache.hadoop.ozone.protocolPB.OzoneManagerProtocolServerSideTranslatorPB.processRequest(OzoneManagerProtocolServerSideTranslatorPB.java:175) ~[ozone-manager-1.3.0-SNAPSHOT.jar:?]
	at org.apache.hadoop.hdds.server.OzoneProtocolMessageDispatcher.processRequest(OzoneProtocolMessageDispatcher.java:87) [hdds-server-framework-1.3.0-SNAPSHOT.jar:?]
	at org.apache.hadoop.ozone.protocolPB.OzoneManagerProtocolServerSideTranslatorPB.submitRequest(OzoneManagerProtocolServerSideTranslatorPB.java:147) [ozone-manager-1.3.0-SNAPSHOT.jar:?]
	at org.apache.hadoop.ozone.protocol.proto.OzoneManagerProtocolProtos$OzoneManagerService$2.callBlockingMethod(OzoneManagerProtocolProtos.java) [ozone-interface-client-1.3.0-SNAPSHOT.jar:?]
	at org.apache.hadoop.ipc.ProtobufRpcEngine$Server.processCall(ProtobufRpcEngine.java:466) [hadoop-common-3.3.1.jar:?]
	at org.apache.hadoop.ipc.ProtobufRpcEngine2$Server$ProtoBufRpcInvoker.call(ProtobufRpcEngine2.java:574) [hadoop-common-3.3.1.jar:?]
	at org.apache.hadoop.ipc.ProtobufRpcEngine2$Server$ProtoBufRpcInvoker.call(ProtobufRpcEngine2.java:552) [hadoop-common-3.3.1.jar:?]
	at org.apache.hadoop.ipc.RPC$Server.call(RPC.java:1093) [hadoop-common-3.3.1.jar:?]
	at org.apache.hadoop.ipc.Server$RpcCall.run(Server.java:1035) [hadoop-common-3.3.1.jar:?]
	at org.apache.hadoop.ipc.Server$RpcCall.run(Server.java:963) [hadoop-common-3.3.1.jar:?]
	at java.security.AccessController.doPrivileged(Native Method) ~[?:1.8.0_332]
	at javax.security.auth.Subject.doAs(Subject.java:422) [?:1.8.0_332]
	at org.apache.hadoop.security.UserGroupInformation.doAs(UserGroupInformation.java:1878) [hadoop-common-3.3.1.jar:?]
	at org.apache.hadoop.ipc.Server$Handler.run(Server.java:2966) [hadoop-common-3.3.1.jar:?]
16:58:02.674 [IPC Server handler 2 on default port 40965] ERROR OMAudit - user=runner | ip=127.0.0.1 | op=GET_FILE_STATUS {volume=volume29125, bucket=trashroottest2, key=.Trash, dataSize=0, replicationConfig=null} | ret=FAILURE
org.apache.hadoop.ozone.om.exceptions.OMException: Unable to get file status: volume: volume29125 bucket: trashroottest2 key: .Trash
	at org.apache.hadoop.ozone.om.KeyManagerImpl.getOzoneFileStatus(KeyManagerImpl.java:1311) ~[ozone-manager-1.3.0-SNAPSHOT.jar:?]
	at org.apache.hadoop.ozone.om.KeyManagerImpl.getFileStatus(KeyManagerImpl.java:1241) ~[ozone-manager-1.3.0-SNAPSHOT.jar:?]
	at org.apache.hadoop.ozone.om.OzoneManager.getFileStatus(OzoneManager.java:3419) ~[ozone-manager-1.3.0-SNAPSHOT.jar:?]
	at org.apache.hadoop.ozone.protocolPB.OzoneManagerRequestHandler.getOzoneFileStatus(OzoneManagerRequestHandler.java:871) ~[ozone-manager-1.3.0-SNAPSHOT.jar:?]
	at org.apache.hadoop.ozone.protocolPB.OzoneManagerRequestHandler.handleReadRequest(OzoneManagerRequestHandler.java:217) ~[ozone-manager-1.3.0-SNAPSHOT.jar:?]
	at org.apache.hadoop.ozone.protocolPB.OzoneManagerProtocolServerSideTranslatorPB.submitReadRequestToOM(OzoneManagerProtocolServerSideTranslatorPB.java:226) ~[ozone-manager-1.3.0-SNAPSHOT.jar:?]
	at org.apache.hadoop.ozone.protocolPB.OzoneManagerProtocolServerSideTranslatorPB.processRequest(OzoneManagerProtocolServerSideTranslatorPB.java:175) ~[ozone-manager-1.3.0-SNAPSHOT.jar:?]
	at org.apache.hadoop.hdds.server.OzoneProtocolMessageDispatcher.processRequest(OzoneProtocolMessageDispatcher.java:87) [hdds-server-framework-1.3.0-SNAPSHOT.jar:?]
	at org.apache.hadoop.ozone.protocolPB.OzoneManagerProtocolServerSideTranslatorPB.submitRequest(OzoneManagerProtocolServerSideTranslatorPB.java:147) [ozone-manager-1.3.0-SNAPSHOT.jar:?]
	at org.apache.hadoop.ozone.protocol.proto.OzoneManagerProtocolProtos$OzoneManagerService$2.callBlockingMethod(OzoneManagerProtocolProtos.java) [ozone-interface-client-1.3.0-SNAPSHOT.jar:?]
	at org.apache.hadoop.ipc.ProtobufRpcEngine$Server.processCall(ProtobufRpcEngine.java:466) [hadoop-common-3.3.1.jar:?]
	at org.apache.hadoop.ipc.ProtobufRpcEngine2$Server$ProtoBufRpcInvoker.call(ProtobufRpcEngine2.java:574) [hadoop-common-3.3.1.jar:?]
	at org.apache.hadoop.ipc.ProtobufRpcEngine2$Server$ProtoBufRpcInvoker.call(ProtobufRpcEngine2.java:552) [hadoop-common-3.3.1.jar:?]
	at org.apache.hadoop.ipc.RPC$Server.call(RPC.java:1093) [hadoop-common-3.3.1.jar:?]
	at org.apache.hadoop.ipc.Server$RpcCall.run(Server.java:1035) [hadoop-common-3.3.1.jar:?]
	at org.apache.hadoop.ipc.Server$RpcCall.run(Server.java:963) [hadoop-common-3.3.1.jar:?]
	at java.security.AccessController.doPrivileged(Native Method) ~[?:1.8.0_332]
	at javax.security.auth.Subject.doAs(Subject.java:422) [?:1.8.0_332]
	at org.apache.hadoop.security.UserGroupInformation.doAs(UserGroupInformation.java:1878) [hadoop-common-3.3.1.jar:?]
	at org.apache.hadoop.ipc.Server$Handler.run(Server.java:2966) [hadoop-common-3.3.1.jar:?]
16:58:02.680 [IPC Server handler 9 on default port 40965] ERROR OMAudit - user=runner | ip=127.0.0.1 | op=GET_FILE_STATUS {volume=volume62533, bucket=bucket53716, key=.Trash, dataSize=0, replicationConfig=null} | ret=FAILURE
org.apache.hadoop.ozone.om.exceptions.OMException: Unable to get file status: volume: volume62533 bucket: bucket53716 key: .Trash
	at org.apache.hadoop.ozone.om.KeyManagerImpl.getOzoneFileStatus(KeyManagerImpl.java:1311) ~[ozone-manager-1.3.0-SNAPSHOT.jar:?]
	at org.apache.hadoop.ozone.om.KeyManagerImpl.getFileStatus(KeyManagerImpl.java:1241) ~[ozone-manager-1.3.0-SNAPSHOT.jar:?]
	at org.apache.hadoop.ozone.om.OzoneManager.getFileStatus(OzoneManager.java:3419) ~[ozone-manager-1.3.0-SNAPSHOT.jar:?]
	at org.apache.hadoop.ozone.protocolPB.OzoneManagerRequestHandler.getOzoneFileStatus(OzoneManagerRequestHandler.java:871) ~[ozone-manager-1.3.0-SNAPSHOT.jar:?]
	at org.apache.hadoop.ozone.protocolPB.OzoneManagerRequestHandler.handleReadRequest(OzoneManagerRequestHandler.java:217) ~[ozone-manager-1.3.0-SNAPSHOT.jar:?]
	at org.apache.hadoop.ozone.protocolPB.OzoneManagerProtocolServerSideTranslatorPB.submitReadRequestToOM(OzoneManagerProtocolServerSideTranslatorPB.java:226) ~[ozone-manager-1.3.0-SNAPSHOT.jar:?]
	at org.apache.hadoop.ozone.protocolPB.OzoneManagerProtocolServerSideTranslatorPB.processRequest(OzoneManagerProtocolServerSideTranslatorPB.java:175) ~[ozone-manager-1.3.0-SNAPSHOT.jar:?]
	at org.apache.hadoop.hdds.server.OzoneProtocolMessageDispatcher.processRequest(OzoneProtocolMessageDispatcher.java:87) [hdds-server-framework-1.3.0-SNAPSHOT.jar:?]
	at org.apache.hadoop.ozone.protocolPB.OzoneManagerProtocolServerSideTranslatorPB.submitRequest(OzoneManagerProtocolServerSideTranslatorPB.java:147) [ozone-manager-1.3.0-SNAPSHOT.jar:?]
	at org.apache.hadoop.ozone.protocol.proto.OzoneManagerProtocolProtos$OzoneManagerService$2.callBlockingMethod(OzoneManagerProtocolProtos.java) [ozone-interface-client-1.3.0-SNAPSHOT.jar:?]
	at org.apache.hadoop.ipc.ProtobufRpcEngine$Server.processCall(ProtobufRpcEngine.java:466) [hadoop-common-3.3.1.jar:?]
	at org.apache.hadoop.ipc.ProtobufRpcEngine2$Server$ProtoBufRpcInvoker.call(ProtobufRpcEngine2.java:574) [hadoop-common-3.3.1.jar:?]
	at org.apache.hadoop.ipc.ProtobufRpcEngine2$Server$ProtoBufRpcInvoker.call(ProtobufRpcEngine2.java:552) [hadoop-common-3.3.1.jar:?]
	at org.apache.hadoop.ipc.RPC$Server.call(RPC.java:1093) [hadoop-common-3.3.1.jar:?]
	at org.apache.hadoop.ipc.Server$RpcCall.run(Server.java:1035) [hadoop-common-3.3.1.jar:?]
	at org.apache.hadoop.ipc.Server$RpcCall.run(Server.java:963) [hadoop-common-3.3.1.jar:?]
	at java.security.AccessController.doPrivileged(Native Method) ~[?:1.8.0_332]
	at javax.security.auth.Subject.doAs(Subject.java:422) [?:1.8.0_332]
	at org.apache.hadoop.security.UserGroupInformation.doAs(UserGroupInformation.java:1878) [hadoop-common-3.3.1.jar:?]
	at org.apache.hadoop.ipc.Server$Handler.run(Server.java:2966) [hadoop-common-3.3.1.jar:?]
16:58:02.688 [IPC Server handler 1 on default port 40965] ERROR OMAudit - user=runner | ip=127.0.0.1 | op=GET_FILE_STATUS {volume=volume62533, bucket=bucket53716, key=.Trash/runner, dataSize=0, replicationConfig=null} | ret=FAILURE
org.apache.hadoop.ozone.om.exceptions.OMException: Unable to get file status: volume: volume62533 bucket: bucket53716 key: .Trash/runner
	at org.apache.hadoop.ozone.om.KeyManagerImpl.getOzoneFileStatus(KeyManagerImpl.java:1311) ~[ozone-manager-1.3.0-SNAPSHOT.jar:?]
	at org.apache.hadoop.ozone.om.KeyManagerImpl.getFileStatus(KeyManagerImpl.java:1241) ~[ozone-manager-1.3.0-SNAPSHOT.jar:?]
	at org.apache.hadoop.ozone.om.OzoneManager.getFileStatus(OzoneManager.java:3419) ~[ozone-manager-1.3.0-SNAPSHOT.jar:?]
	at org.apache.hadoop.ozone.protocolPB.OzoneManagerRequestHandler.getOzoneFileStatus(OzoneManagerRequestHandler.java:871) ~[ozone-manager-1.3.0-SNAPSHOT.jar:?]
	at org.apache.hadoop.ozone.protocolPB.OzoneManagerRequestHandler.handleReadRequest(OzoneManagerRequestHandler.java:217) ~[ozone-manager-1.3.0-SNAPSHOT.jar:?]
	at org.apache.hadoop.ozone.protocolPB.OzoneManagerProtocolServerSideTranslatorPB.submitReadRequestToOM(OzoneManagerProtocolServerSideTranslatorPB.java:226) ~[ozone-manager-1.3.0-SNAPSHOT.jar:?]
	at org.apache.hadoop.ozone.protocolPB.OzoneManagerProtocolServerSideTranslatorPB.processRequest(OzoneManagerProtocolServerSideTranslatorPB.java:175) ~[ozone-manager-1.3.0-SNAPSHOT.jar:?]
	at org.apache.hadoop.hdds.server.OzoneProtocolMessageDispatcher.processRequest(OzoneProtocolMessageDispatcher.java:87) [hdds-server-framework-1.3.0-SNAPSHOT.jar:?]
	at org.apache.hadoop.ozone.protocolPB.OzoneManagerProtocolServerSideTranslatorPB.submitRequest(OzoneManagerProtocolServerSideTranslatorPB.java:147) [ozone-manager-1.3.0-SNAPSHOT.jar:?]
	at org.apache.hadoop.ozone.protocol.proto.OzoneManagerProtocolProtos$OzoneManagerService$2.callBlockingMethod(OzoneManagerProtocolProtos.java) [ozone-interface-client-1.3.0-SNAPSHOT.jar:?]
	at org.apache.hadoop.ipc.ProtobufRpcEngine$Server.processCall(ProtobufRpcEngine.java:466) [hadoop-common-3.3.1.jar:?]
	at org.apache.hadoop.ipc.ProtobufRpcEngine2$Server$ProtoBufRpcInvoker.call(ProtobufRpcEngine2.java:574) [hadoop-common-3.3.1.jar:?]
	at org.apache.hadoop.ipc.ProtobufRpcEngine2$Server$ProtoBufRpcInvoker.call(ProtobufRpcEngine2.java:552) [hadoop-common-3.3.1.jar:?]
	at org.apache.hadoop.ipc.RPC$Server.call(RPC.java:1093) [hadoop-common-3.3.1.jar:?]
	at org.apache.hadoop.ipc.Server$RpcCall.run(Server.java:1035) [hadoop-common-3.3.1.jar:?]
	at org.apache.hadoop.ipc.Server$RpcCall.run(Server.java:963) [hadoop-common-3.3.1.jar:?]
	at java.security.AccessController.doPrivileged(Native Method) ~[?:1.8.0_332]
	at javax.security.auth.Subject.doAs(Subject.java:422) [?:1.8.0_332]
	at org.apache.hadoop.security.UserGroupInformation.doAs(UserGroupInformation.java:1878) [hadoop-common-3.3.1.jar:?]
	at org.apache.hadoop.ipc.Server$Handler.run(Server.java:2966) [hadoop-common-3.3.1.jar:?]
16:58:02.692 [IPC Server handler 3 on default port 40965] ERROR OMAudit - user=runner | ip=127.0.0.1 | op=GET_FILE_STATUS {volume=volume29125, bucket=trashroottest2, key=.Trash/runner, dataSize=0, replicationConfig=null} | ret=FAILURE
org.apache.hadoop.ozone.om.exceptions.OMException: Unable to get file status: volume: volume29125 bucket: trashroottest2 key: .Trash/runner
	at org.apache.hadoop.ozone.om.KeyManagerImpl.getOzoneFileStatus(KeyManagerImpl.java:1311) ~[ozone-manager-1.3.0-SNAPSHOT.jar:?]
	at org.apache.hadoop.ozone.om.KeyManagerImpl.getFileStatus(KeyManagerImpl.java:1241) ~[ozone-manager-1.3.0-SNAPSHOT.jar:?]
	at org.apache.hadoop.ozone.om.OzoneManager.getFileStatus(OzoneManager.java:3419) ~[ozone-manager-1.3.0-SNAPSHOT.jar:?]
	at org.apache.hadoop.ozone.protocolPB.OzoneManagerRequestHandler.getOzoneFileStatus(OzoneManagerRequestHandler.java:871) ~[ozone-manager-1.3.0-SNAPSHOT.jar:?]
	at org.apache.hadoop.ozone.protocolPB.OzoneManagerRequestHandler.handleReadRequest(OzoneManagerRequestHandler.java:217) ~[ozone-manager-1.3.0-SNAPSHOT.jar:?]
	at org.apache.hadoop.ozone.protocolPB.OzoneManagerProtocolServerSideTranslatorPB.submitReadRequestToOM(OzoneManagerProtocolServerSideTranslatorPB.java:226) ~[ozone-manager-1.3.0-SNAPSHOT.jar:?]
	at org.apache.hadoop.ozone.protocolPB.OzoneManagerProtocolServerSideTranslatorPB.processRequest(OzoneManagerProtocolServerSideTranslatorPB.java:175) ~[ozone-manager-1.3.0-SNAPSHOT.jar:?]
	at org.apache.hadoop.hdds.server.OzoneProtocolMessageDispatcher.processRequest(OzoneProtocolMessageDispatcher.java:87) [hdds-server-framework-1.3.0-SNAPSHOT.jar:?]
	at org.apache.hadoop.ozone.protocolPB.OzoneManagerProtocolServerSideTranslatorPB.submitRequest(OzoneManagerProtocolServerSideTranslatorPB.java:147) [ozone-manager-1.3.0-SNAPSHOT.jar:?]
	at org.apache.hadoop.ozone.protocol.proto.OzoneManagerProtocolProtos$OzoneManagerService$2.callBlockingMethod(OzoneManagerProtocolProtos.java) [ozone-interface-client-1.3.0-SNAPSHOT.jar:?]
	at org.apache.hadoop.ipc.ProtobufRpcEngine$Server.processCall(ProtobufRpcEngine.java:466) [hadoop-common-3.3.1.jar:?]
	at org.apache.hadoop.ipc.ProtobufRpcEngine2$Server$ProtoBufRpcInvoker.call(ProtobufRpcEngine2.java:574) [hadoop-common-3.3.1.jar:?]
	at org.apache.hadoop.ipc.ProtobufRpcEngine2$Server$ProtoBufRpcInvoker.call(ProtobufRpcEngine2.java:552) [hadoop-common-3.3.1.jar:?]
	at org.apache.hadoop.ipc.RPC$Server.call(RPC.java:1093) [hadoop-common-3.3.1.jar:?]
	at org.apache.hadoop.ipc.Server$RpcCall.run(Server.java:1035) [hadoop-common-3.3.1.jar:?]
	at org.apache.hadoop.ipc.Server$RpcCall.run(Server.java:963) [hadoop-common-3.3.1.jar:?]
	at java.security.AccessController.doPrivileged(Native Method) ~[?:1.8.0_332]
	at javax.security.auth.Subject.doAs(Subject.java:422) [?:1.8.0_332]
	at org.apache.hadoop.security.UserGroupInformation.doAs(UserGroupInformation.java:1878) [hadoop-common-3.3.1.jar:?]
	at org.apache.hadoop.ipc.Server$Handler.run(Server.java:2966) [hadoop-common-3.3.1.jar:?]
16:58:02.694 [IPC Server handler 5 on default port 40965] ERROR OMAudit - user=runner | ip=127.0.0.1 | op=GET_FILE_STATUS {volume=8d587051-2236-4ecf-84f0-b41bc4d2a758, bucket=d242688e-120a-4e82-bc90-637df6278b61, key=.Trash, dataSize=0, replicationConfig=null} | ret=FAILURE
org.apache.hadoop.ozone.om.exceptions.OMException: Unable to get file status: volume: 8d587051-2236-4ecf-84f0-b41bc4d2a758 bucket: d242688e-120a-4e82-bc90-637df6278b61 key: .Trash
	at org.apache.hadoop.ozone.om.KeyManagerImpl.getOzoneFileStatus(KeyManagerImpl.java:1311) ~[ozone-manager-1.3.0-SNAPSHOT.jar:?]
	at org.apache.hadoop.ozone.om.KeyManagerImpl.getFileStatus(KeyManagerImpl.java:1241) ~[ozone-manager-1.3.0-SNAPSHOT.jar:?]
	at org.apache.hadoop.ozone.om.OzoneManager.getFileStatus(OzoneManager.java:3419) ~[ozone-manager-1.3.0-SNAPSHOT.jar:?]
	at org.apache.hadoop.ozone.protocolPB.OzoneManagerRequestHandler.getOzoneFileStatus(OzoneManagerRequestHandler.java:871) ~[ozone-manager-1.3.0-SNAPSHOT.jar:?]
	at org.apache.hadoop.ozone.protocolPB.OzoneManagerRequestHandler.handleReadRequest(OzoneManagerRequestHandler.java:217) ~[ozone-manager-1.3.0-SNAPSHOT.jar:?]
	at org.apache.hadoop.ozone.protocolPB.OzoneManagerProtocolServerSideTranslatorPB.submitReadRequestToOM(OzoneManagerProtocolServerSideTranslatorPB.java:226) ~[ozone-manager-1.3.0-SNAPSHOT.jar:?]
	at org.apache.hadoop.ozone.protocolPB.OzoneManagerProtocolServerSideTranslatorPB.processRequest(OzoneManagerProtocolServerSideTranslatorPB.java:175) ~[ozone-manager-1.3.0-SNAPSHOT.jar:?]
	at org.apache.hadoop.hdds.server.OzoneProtocolMessageDispatcher.processRequest(OzoneProtocolMessageDispatcher.java:87) [hdds-server-framework-1.3.0-SNAPSHOT.jar:?]
	at org.apache.hadoop.ozone.protocolPB.OzoneManagerProtocolServerSideTranslatorPB.submitRequest(OzoneManagerProtocolServerSideTranslatorPB.java:147) [ozone-manager-1.3.0-SNAPSHOT.jar:?]
	at org.apache.hadoop.ozone.protocol.proto.OzoneManagerProtocolProtos$OzoneManagerService$2.callBlockingMethod(OzoneManagerProtocolProtos.java) [ozone-interface-client-1.3.0-SNAPSHOT.jar:?]
	at org.apache.hadoop.ipc.ProtobufRpcEngine$Server.processCall(ProtobufRpcEngine.java:466) [hadoop-common-3.3.1.jar:?]
	at org.apache.hadoop.ipc.ProtobufRpcEngine2$Server$ProtoBufRpcInvoker.call(ProtobufRpcEngine2.java:574) [hadoop-common-3.3.1.jar:?]
	at org.apache.hadoop.ipc.ProtobufRpcEngine2$Server$ProtoBufRpcInvoker.call(ProtobufRpcEngine2.java:552) [hadoop-common-3.3.1.jar:?]
	at org.apache.hadoop.ipc.RPC$Server.call(RPC.java:1093) [hadoop-common-3.3.1.jar:?]
	at org.apache.hadoop.ipc.Server$RpcCall.run(Server.java:1035) [hadoop-common-3.3.1.jar:?]
	at org.apache.hadoop.ipc.Server$RpcCall.run(Server.java:963) [hadoop-common-3.3.1.jar:?]
	at java.security.AccessController.doPrivileged(Native Method) ~[?:1.8.0_332]
	at javax.security.auth.Subject.doAs(Subject.java:422) [?:1.8.0_332]
	at org.apache.hadoop.security.UserGroupInformation.doAs(UserGroupInformation.java:1878) [hadoop-common-3.3.1.jar:?]
	at org.apache.hadoop.ipc.Server$Handler.run(Server.java:2966) [hadoop-common-3.3.1.jar:?]
16:58:02.699 [IPC Server handler 15 on default port 40965] ERROR OMAudit - user=runner | ip=127.0.0.1 | op=GET_FILE_STATUS {volume=volume29125, bucket=trashroottest2, key=.Trash, dataSize=0, replicationConfig=null} | ret=FAILURE
org.apache.hadoop.ozone.om.exceptions.OMException: Unable to get file status: volume: volume29125 bucket: trashroottest2 key: .Trash
	at org.apache.hadoop.ozone.om.KeyManagerImpl.getOzoneFileStatus(KeyManagerImpl.java:1311) ~[ozone-manager-1.3.0-SNAPSHOT.jar:?]
	at org.apache.hadoop.ozone.om.KeyManagerImpl.getFileStatus(KeyManagerImpl.java:1241) ~[ozone-manager-1.3.0-SNAPSHOT.jar:?]
	at org.apache.hadoop.ozone.om.OzoneManager.getFileStatus(OzoneManager.java:3419) ~[ozone-manager-1.3.0-SNAPSHOT.jar:?]
	at org.apache.hadoop.ozone.protocolPB.OzoneManagerRequestHandler.getOzoneFileStatus(OzoneManagerRequestHandler.java:871) ~[ozone-manager-1.3.0-SNAPSHOT.jar:?]
	at org.apache.hadoop.ozone.protocolPB.OzoneManagerRequestHandler.handleReadRequest(OzoneManagerRequestHandler.java:217) ~[ozone-manager-1.3.0-SNAPSHOT.jar:?]
	at org.apache.hadoop.ozone.protocolPB.OzoneManagerProtocolServerSideTranslatorPB.submitReadRequestToOM(OzoneManagerProtocolServerSideTranslatorPB.java:226) ~[ozone-manager-1.3.0-SNAPSHOT.jar:?]
	at org.apache.hadoop.ozone.protocolPB.OzoneManagerProtocolServerSideTranslatorPB.processRequest(OzoneManagerProtocolServerSideTranslatorPB.java:175) ~[ozone-manager-1.3.0-SNAPSHOT.jar:?]
	at org.apache.hadoop.hdds.server.OzoneProtocolMessageDispatcher.processRequest(OzoneProtocolMessageDispatcher.java:87) [hdds-server-framework-1.3.0-SNAPSHOT.jar:?]
	at org.apache.hadoop.ozone.protocolPB.OzoneManagerProtocolServerSideTranslatorPB.submitRequest(OzoneManagerProtocolServerSideTranslatorPB.java:147) [ozone-manager-1.3.0-SNAPSHOT.jar:?]
	at org.apache.hadoop.ozone.protocol.proto.OzoneManagerProtocolProtos$OzoneManagerService$2.callBlockingMethod(OzoneManagerProtocolProtos.java) [ozone-interface-client-1.3.0-SNAPSHOT.jar:?]
	at org.apache.hadoop.ipc.ProtobufRpcEngine$Server.processCall(ProtobufRpcEngine.java:466) [hadoop-common-3.3.1.jar:?]
	at org.apache.hadoop.ipc.ProtobufRpcEngine2$Server$ProtoBufRpcInvoker.call(ProtobufRpcEngine2.java:574) [hadoop-common-3.3.1.jar:?]
	at org.apache.hadoop.ipc.ProtobufRpcEngine2$Server$ProtoBufRpcInvoker.call(ProtobufRpcEngine2.java:552) [hadoop-common-3.3.1.jar:?]
	at org.apache.hadoop.ipc.RPC$Server.call(RPC.java:1093) [hadoop-common-3.3.1.jar:?]
	at org.apache.hadoop.ipc.Server$RpcCall.run(Server.java:1035) [hadoop-common-3.3.1.jar:?]
	at org.apache.hadoop.ipc.Server$RpcCall.run(Server.java:963) [hadoop-common-3.3.1.jar:?]
	at java.security.AccessController.doPrivileged(Native Method) ~[?:1.8.0_332]
	at javax.security.auth.Subject.doAs(Subject.java:422) [?:1.8.0_332]
	at org.apache.hadoop.security.UserGroupInformation.doAs(UserGroupInformation.java:1878) [hadoop-common-3.3.1.jar:?]
	at org.apache.hadoop.ipc.Server$Handler.run(Server.java:2966) [hadoop-common-3.3.1.jar:?]
16:58:02.700 [IPC Server handler 19 on default port 40965] ERROR OMAudit - user=runner | ip=127.0.0.1 | op=GET_FILE_STATUS {volume=volume62533, bucket=bucket53716, key=.Trash, dataSize=0, replicationConfig=null} | ret=FAILURE
org.apache.hadoop.ozone.om.exceptions.OMException: Unable to get file status: volume: volume62533 bucket: bucket53716 key: .Trash
	at org.apache.hadoop.ozone.om.KeyManagerImpl.getOzoneFileStatus(KeyManagerImpl.java:1311) ~[ozone-manager-1.3.0-SNAPSHOT.jar:?]
	at org.apache.hadoop.ozone.om.KeyManagerImpl.getFileStatus(KeyManagerImpl.java:1241) ~[ozone-manager-1.3.0-SNAPSHOT.jar:?]
	at org.apache.hadoop.ozone.om.OzoneManager.getFileStatus(OzoneManager.java:3419) ~[ozone-manager-1.3.0-SNAPSHOT.jar:?]
	at org.apache.hadoop.ozone.protocolPB.OzoneManagerRequestHandler.getOzoneFileStatus(OzoneManagerRequestHandler.java:871) ~[ozone-manager-1.3.0-SNAPSHOT.jar:?]
	at org.apache.hadoop.ozone.protocolPB.OzoneManagerRequestHandler.handleReadRequest(OzoneManagerRequestHandler.java:217) ~[ozone-manager-1.3.0-SNAPSHOT.jar:?]
	at org.apache.hadoop.ozone.protocolPB.OzoneManagerProtocolServerSideTranslatorPB.submitReadRequestToOM(OzoneManagerProtocolServerSideTranslatorPB.java:226) ~[ozone-manager-1.3.0-SNAPSHOT.jar:?]
	at org.apache.hadoop.ozone.protocolPB.OzoneManagerProtocolServerSideTranslatorPB.processRequest(OzoneManagerProtocolServerSideTranslatorPB.java:175) ~[ozone-manager-1.3.0-SNAPSHOT.jar:?]
	at org.apache.hadoop.hdds.server.OzoneProtocolMessageDispatcher.processRequest(OzoneProtocolMessageDispatcher.java:87) [hdds-server-framework-1.3.0-SNAPSHOT.jar:?]
	at org.apache.hadoop.ozone.protocolPB.OzoneManagerProtocolServerSideTranslatorPB.submitRequest(OzoneManagerProtocolServerSideTranslatorPB.java:147) [ozone-manager-1.3.0-SNAPSHOT.jar:?]
	at org.apache.hadoop.ozone.protocol.proto.OzoneManagerProtocolProtos$OzoneManagerService$2.callBlockingMethod(OzoneManagerProtocolProtos.java) [ozone-interface-client-1.3.0-SNAPSHOT.jar:?]
	at org.apache.hadoop.ipc.ProtobufRpcEngine$Server.processCall(ProtobufRpcEngine.java:466) [hadoop-common-3.3.1.jar:?]
	at org.apache.hadoop.ipc.ProtobufRpcEngine2$Server$ProtoBufRpcInvoker.call(ProtobufRpcEngine2.java:574) [hadoop-common-3.3.1.jar:?]
	at org.apache.hadoop.ipc.ProtobufRpcEngine2$Server$ProtoBufRpcInvoker.call(ProtobufRpcEngine2.java:552) [hadoop-common-3.3.1.jar:?]
	at org.apache.hadoop.ipc.RPC$Server.call(RPC.java:1093) [hadoop-common-3.3.1.jar:?]
	at org.apache.hadoop.ipc.Server$RpcCall.run(Server.java:1035) [hadoop-common-3.3.1.jar:?]
	at org.apache.hadoop.ipc.Server$RpcCall.run(Server.java:963) [hadoop-common-3.3.1.jar:?]
	at java.security.AccessController.doPrivileged(Native Method) ~[?:1.8.0_332]
	at javax.security.auth.Subject.doAs(Subject.java:422) [?:1.8.0_332]
	at org.apache.hadoop.security.UserGroupInformation.doAs(UserGroupInformation.java:1878) [hadoop-common-3.3.1.jar:?]
	at org.apache.hadoop.ipc.Server$Handler.run(Server.java:2966) [hadoop-common-3.3.1.jar:?]
16:58:02.723 [IPC Server handler 18 on default port 40965] ERROR OMAudit - user=runner | ip=127.0.0.1 | op=GET_FILE_STATUS {volume=volume29125, bucket=bucket30833, key=.Trash/runner, dataSize=0, replicationConfig=null} | ret=FAILURE
org.apache.hadoop.ozone.om.exceptions.OMException: Unable to get file status: volume: volume29125 bucket: bucket30833 key: .Trash/runner
	at org.apache.hadoop.ozone.om.KeyManagerImpl.getOzoneFileStatus(KeyManagerImpl.java:1311) ~[ozone-manager-1.3.0-SNAPSHOT.jar:?]
	at org.apache.hadoop.ozone.om.KeyManagerImpl.getFileStatus(KeyManagerImpl.java:1241) ~[ozone-manager-1.3.0-SNAPSHOT.jar:?]
	at org.apache.hadoop.ozone.om.OzoneManager.getFileStatus(OzoneManager.java:3419) ~[ozone-manager-1.3.0-SNAPSHOT.jar:?]
	at org.apache.hadoop.ozone.protocolPB.OzoneManagerRequestHandler.getOzoneFileStatus(OzoneManagerRequestHandler.java:871) ~[ozone-manager-1.3.0-SNAPSHOT.jar:?]
	at org.apache.hadoop.ozone.protocolPB.OzoneManagerRequestHandler.handleReadRequest(OzoneManagerRequestHandler.java:217) ~[ozone-manager-1.3.0-SNAPSHOT.jar:?]
	at org.apache.hadoop.ozone.protocolPB.OzoneManagerProtocolServerSideTranslatorPB.submitReadRequestToOM(OzoneManagerProtocolServerSideTranslatorPB.java:226) ~[ozone-manager-1.3.0-SNAPSHOT.jar:?]
	at org.apache.hadoop.ozone.protocolPB.OzoneManagerProtocolServerSideTranslatorPB.processRequest(OzoneManagerProtocolServerSideTranslatorPB.java:175) ~[ozone-manager-1.3.0-SNAPSHOT.jar:?]
	at org.apache.hadoop.hdds.server.OzoneProtocolMessageDispatcher.processRequest(OzoneProtocolMessageDispatcher.java:87) [hdds-server-framework-1.3.0-SNAPSHOT.jar:?]
	at org.apache.hadoop.ozone.protocolPB.OzoneManagerProtocolServerSideTranslatorPB.submitRequest(OzoneManagerProtocolServerSideTranslatorPB.java:147) [ozone-manager-1.3.0-SNAPSHOT.jar:?]
	at org.apache.hadoop.ozone.protocol.proto.OzoneManagerProtocolProtos$OzoneManagerService$2.callBlockingMethod(OzoneManagerProtocolProtos.java) [ozone-interface-client-1.3.0-SNAPSHOT.jar:?]
	at org.apache.hadoop.ipc.ProtobufRpcEngine$Server.processCall(ProtobufRpcEngine.java:466) [hadoop-common-3.3.1.jar:?]
	at org.apache.hadoop.ipc.ProtobufRpcEngine2$Server$ProtoBufRpcInvoker.call(ProtobufRpcEngine2.java:574) [hadoop-common-3.3.1.jar:?]
	at org.apache.hadoop.ipc.ProtobufRpcEngine2$Server$ProtoBufRpcInvoker.call(ProtobufRpcEngine2.java:552) [hadoop-common-3.3.1.jar:?]
	at org.apache.hadoop.ipc.RPC$Server.call(RPC.java:1093) [hadoop-common-3.3.1.jar:?]
	at org.apache.hadoop.ipc.Server$RpcCall.run(Server.java:1035) [hadoop-common-3.3.1.jar:?]
	at org.apache.hadoop.ipc.Server$RpcCall.run(Server.java:963) [hadoop-common-3.3.1.jar:?]
	at java.security.AccessController.doPrivileged(Native Method) ~[?:1.8.0_332]
	at javax.security.auth.Subject.doAs(Subject.java:422) [?:1.8.0_332]
	at org.apache.hadoop.security.UserGroupInformation.doAs(UserGroupInformation.java:1878) [hadoop-common-3.3.1.jar:?]
	at org.apache.hadoop.ipc.Server$Handler.run(Server.java:2966) [hadoop-common-3.3.1.jar:?]
16:58:02.726 [IPC Server handler 1 on default port 40965] ERROR OMAudit - user=runner | ip=127.0.0.1 | op=GET_FILE_STATUS {volume=8d587051-2236-4ecf-84f0-b41bc4d2a758, bucket=d242688e-120a-4e82-bc90-637df6278b61, key=.Trash, dataSize=0, replicationConfig=null} | ret=FAILURE
org.apache.hadoop.ozone.om.exceptions.OMException: Unable to get file status: volume: 8d587051-2236-4ecf-84f0-b41bc4d2a758 bucket: d242688e-120a-4e82-bc90-637df6278b61 key: .Trash
	at org.apache.hadoop.ozone.om.KeyManagerImpl.getOzoneFileStatus(KeyManagerImpl.java:1311) ~[ozone-manager-1.3.0-SNAPSHOT.jar:?]
	at org.apache.hadoop.ozone.om.KeyManagerImpl.getFileStatus(KeyManagerImpl.java:1241) ~[ozone-manager-1.3.0-SNAPSHOT.jar:?]
	at org.apache.hadoop.ozone.om.OzoneManager.getFileStatus(OzoneManager.java:3419) ~[ozone-manager-1.3.0-SNAPSHOT.jar:?]
	at org.apache.hadoop.ozone.protocolPB.OzoneManagerRequestHandler.getOzoneFileStatus(OzoneManagerRequestHandler.java:871) ~[ozone-manager-1.3.0-SNAPSHOT.jar:?]
	at org.apache.hadoop.ozone.protocolPB.OzoneManagerRequestHandler.handleReadRequest(OzoneManagerRequestHandler.java:217) ~[ozone-manager-1.3.0-SNAPSHOT.jar:?]
	at org.apache.hadoop.ozone.protocolPB.OzoneManagerProtocolServerSideTranslatorPB.submitReadRequestToOM(OzoneManagerProtocolServerSideTranslatorPB.java:226) ~[ozone-manager-1.3.0-SNAPSHOT.jar:?]
	at org.apache.hadoop.ozone.protocolPB.OzoneManagerProtocolServerSideTranslatorPB.processRequest(OzoneManagerProtocolServerSideTranslatorPB.java:175) ~[ozone-manager-1.3.0-SNAPSHOT.jar:?]
	at org.apache.hadoop.hdds.server.OzoneProtocolMessageDispatcher.processRequest(OzoneProtocolMessageDispatcher.java:87) [hdds-server-framework-1.3.0-SNAPSHOT.jar:?]
	at org.apache.hadoop.ozone.protocolPB.OzoneManagerProtocolServerSideTranslatorPB.submitRequest(OzoneManagerProtocolServerSideTranslatorPB.java:147) [ozone-manager-1.3.0-SNAPSHOT.jar:?]
	at org.apache.hadoop.ozone.protocol.proto.OzoneManagerProtocolProtos$OzoneManagerService$2.callBlockingMethod(OzoneManagerProtocolProtos.java) [ozone-interface-client-1.3.0-SNAPSHOT.jar:?]
	at org.apache.hadoop.ipc.ProtobufRpcEngine$Server.processCall(ProtobufRpcEngine.java:466) [hadoop-common-3.3.1.jar:?]
	at org.apache.hadoop.ipc.ProtobufRpcEngine2$Server$ProtoBufRpcInvoker.call(ProtobufRpcEngine2.java:574) [hadoop-common-3.3.1.jar:?]
	at org.apache.hadoop.ipc.ProtobufRpcEngine2$Server$ProtoBufRpcInvoker.call(ProtobufRpcEngine2.java:552) [hadoop-common-3.3.1.jar:?]
	at org.apache.hadoop.ipc.RPC$Server.call(RPC.java:1093) [hadoop-common-3.3.1.jar:?]
	at org.apache.hadoop.ipc.Server$RpcCall.run(Server.java:1035) [hadoop-common-3.3.1.jar:?]
	at org.apache.hadoop.ipc.Server$RpcCall.run(Server.java:963) [hadoop-common-3.3.1.jar:?]
	at java.security.AccessController.doPrivileged(Native Method) ~[?:1.8.0_332]
	at javax.security.auth.Subject.doAs(Subject.java:422) [?:1.8.0_332]
	at org.apache.hadoop.security.UserGroupInformation.doAs(UserGroupInformation.java:1878) [hadoop-common-3.3.1.jar:?]
	at org.apache.hadoop.ipc.Server$Handler.run(Server.java:2966) [hadoop-common-3.3.1.jar:?]
]]></system-out>
  </testcase>
  <testcase name="testGetTrashRoots" classname="TestRootedOzoneFileSystem" time="1.017">
    <system-out><![CDATA[2022-06-27 16:59:21,390 [Time-limited test] INFO  rpc.RpcClient (RpcClient.java:createVolume(466)) - Creating Volume: volume48646, with user47885 as owner and space quota set to -1 bytes, counts quota set to -1
2022-06-27 16:59:21,391 [IPC Server handler 5 on default port 35065] INFO  volume.OMVolumeCreateRequest (OMVolumeCreateRequest.java:validateAndUpdateCache(195)) - created volume:volume48646 for user:user47885
2022-06-27 16:59:21,393 [Time-limited test] INFO  rpc.RpcClient (RpcClient.java:createBucket(666)) - Creating Bucket: volume48646/bucket54281, with the Bucket Layout LEGACY, runner as owner, Versioning false, Storage Type set to DISK and Encryption set to false 
2022-06-27 16:59:21,394 [IPC Server handler 17 on default port 35065] INFO  bucket.OMBucketCreateRequest (OMBucketCreateRequest.java:validateAndUpdateCache(260)) - created bucket: bucket54281 of layout LEGACY in volume: volume48646
16:59:21.397 [IPC Server handler 9 on default port 35065] ERROR OMAudit - user=runner | ip=127.0.0.1 | op=GET_FILE_STATUS {volume=volume48646, bucket=bucket54281, key=.Trash/runner, dataSize=0, replicationConfig=null} | ret=FAILURE
org.apache.hadoop.ozone.om.exceptions.OMException: Unable to get file status: volume: volume48646 bucket: bucket54281 key: .Trash/runner
	at org.apache.hadoop.ozone.om.KeyManagerImpl.getOzoneFileStatus(KeyManagerImpl.java:1311) ~[ozone-manager-1.3.0-SNAPSHOT.jar:?]
	at org.apache.hadoop.ozone.om.KeyManagerImpl.getFileStatus(KeyManagerImpl.java:1241) ~[ozone-manager-1.3.0-SNAPSHOT.jar:?]
	at org.apache.hadoop.ozone.om.OzoneManager.getFileStatus(OzoneManager.java:3419) ~[ozone-manager-1.3.0-SNAPSHOT.jar:?]
	at org.apache.hadoop.ozone.protocolPB.OzoneManagerRequestHandler.getOzoneFileStatus(OzoneManagerRequestHandler.java:871) ~[ozone-manager-1.3.0-SNAPSHOT.jar:?]
	at org.apache.hadoop.ozone.protocolPB.OzoneManagerRequestHandler.handleReadRequest(OzoneManagerRequestHandler.java:217) ~[ozone-manager-1.3.0-SNAPSHOT.jar:?]
	at org.apache.hadoop.ozone.protocolPB.OzoneManagerProtocolServerSideTranslatorPB.submitRequestDirectlyToOM(OzoneManagerProtocolServerSideTranslatorPB.java:276) ~[ozone-manager-1.3.0-SNAPSHOT.jar:?]
	at org.apache.hadoop.ozone.protocolPB.OzoneManagerProtocolServerSideTranslatorPB.processRequest(OzoneManagerProtocolServerSideTranslatorPB.java:205) ~[ozone-manager-1.3.0-SNAPSHOT.jar:?]
	at org.apache.hadoop.hdds.server.OzoneProtocolMessageDispatcher.processRequest(OzoneProtocolMessageDispatcher.java:87) [hdds-server-framework-1.3.0-SNAPSHOT.jar:?]
	at org.apache.hadoop.ozone.protocolPB.OzoneManagerProtocolServerSideTranslatorPB.submitRequest(OzoneManagerProtocolServerSideTranslatorPB.java:147) [ozone-manager-1.3.0-SNAPSHOT.jar:?]
	at org.apache.hadoop.ozone.protocol.proto.OzoneManagerProtocolProtos$OzoneManagerService$2.callBlockingMethod(OzoneManagerProtocolProtos.java) [ozone-interface-client-1.3.0-SNAPSHOT.jar:?]
	at org.apache.hadoop.ipc.ProtobufRpcEngine$Server.processCall(ProtobufRpcEngine.java:466) [hadoop-common-3.3.1.jar:?]
	at org.apache.hadoop.ipc.ProtobufRpcEngine2$Server$ProtoBufRpcInvoker.call(ProtobufRpcEngine2.java:574) [hadoop-common-3.3.1.jar:?]
	at org.apache.hadoop.ipc.ProtobufRpcEngine2$Server$ProtoBufRpcInvoker.call(ProtobufRpcEngine2.java:552) [hadoop-common-3.3.1.jar:?]
	at org.apache.hadoop.ipc.RPC$Server.call(RPC.java:1093) [hadoop-common-3.3.1.jar:?]
	at org.apache.hadoop.ipc.Server$RpcCall.run(Server.java:1035) [hadoop-common-3.3.1.jar:?]
	at org.apache.hadoop.ipc.Server$RpcCall.run(Server.java:963) [hadoop-common-3.3.1.jar:?]
	at java.security.AccessController.doPrivileged(Native Method) ~[?:1.8.0_332]
	at javax.security.auth.Subject.doAs(Subject.java:422) [?:1.8.0_332]
	at org.apache.hadoop.security.UserGroupInformation.doAs(UserGroupInformation.java:1878) [hadoop-common-3.3.1.jar:?]
	at org.apache.hadoop.ipc.Server$Handler.run(Server.java:2966) [hadoop-common-3.3.1.jar:?]
16:59:21.412 [IPC Server handler 15 on default port 35065] ERROR OMAudit - user=runner | ip=127.0.0.1 | op=GET_FILE_STATUS {volume=995d3278-d674-445c-8bb2-f43e396988d7, bucket=b22e8a61-16a8-44f7-b13b-c08ac00aa129, key=.Trash, dataSize=0, replicationConfig=null} | ret=FAILURE
org.apache.hadoop.ozone.om.exceptions.OMException: Unable to get file status: volume: 995d3278-d674-445c-8bb2-f43e396988d7 bucket: b22e8a61-16a8-44f7-b13b-c08ac00aa129 key: .Trash
	at org.apache.hadoop.ozone.om.KeyManagerImpl.getOzoneFileStatus(KeyManagerImpl.java:1311) ~[ozone-manager-1.3.0-SNAPSHOT.jar:?]
	at org.apache.hadoop.ozone.om.KeyManagerImpl.getFileStatus(KeyManagerImpl.java:1241) ~[ozone-manager-1.3.0-SNAPSHOT.jar:?]
	at org.apache.hadoop.ozone.om.OzoneManager.getFileStatus(OzoneManager.java:3419) ~[ozone-manager-1.3.0-SNAPSHOT.jar:?]
	at org.apache.hadoop.ozone.protocolPB.OzoneManagerRequestHandler.getOzoneFileStatus(OzoneManagerRequestHandler.java:871) ~[ozone-manager-1.3.0-SNAPSHOT.jar:?]
	at org.apache.hadoop.ozone.protocolPB.OzoneManagerRequestHandler.handleReadRequest(OzoneManagerRequestHandler.java:217) ~[ozone-manager-1.3.0-SNAPSHOT.jar:?]
	at org.apache.hadoop.ozone.protocolPB.OzoneManagerProtocolServerSideTranslatorPB.submitRequestDirectlyToOM(OzoneManagerProtocolServerSideTranslatorPB.java:276) ~[ozone-manager-1.3.0-SNAPSHOT.jar:?]
	at org.apache.hadoop.ozone.protocolPB.OzoneManagerProtocolServerSideTranslatorPB.processRequest(OzoneManagerProtocolServerSideTranslatorPB.java:205) ~[ozone-manager-1.3.0-SNAPSHOT.jar:?]
	at org.apache.hadoop.hdds.server.OzoneProtocolMessageDispatcher.processRequest(OzoneProtocolMessageDispatcher.java:87) [hdds-server-framework-1.3.0-SNAPSHOT.jar:?]
	at org.apache.hadoop.ozone.protocolPB.OzoneManagerProtocolServerSideTranslatorPB.submitRequest(OzoneManagerProtocolServerSideTranslatorPB.java:147) [ozone-manager-1.3.0-SNAPSHOT.jar:?]
	at org.apache.hadoop.ozone.protocol.proto.OzoneManagerProtocolProtos$OzoneManagerService$2.callBlockingMethod(OzoneManagerProtocolProtos.java) [ozone-interface-client-1.3.0-SNAPSHOT.jar:?]
	at org.apache.hadoop.ipc.ProtobufRpcEngine$Server.processCall(ProtobufRpcEngine.java:466) [hadoop-common-3.3.1.jar:?]
	at org.apache.hadoop.ipc.ProtobufRpcEngine2$Server$ProtoBufRpcInvoker.call(ProtobufRpcEngine2.java:574) [hadoop-common-3.3.1.jar:?]
	at org.apache.hadoop.ipc.ProtobufRpcEngine2$Server$ProtoBufRpcInvoker.call(ProtobufRpcEngine2.java:552) [hadoop-common-3.3.1.jar:?]
	at org.apache.hadoop.ipc.RPC$Server.call(RPC.java:1093) [hadoop-common-3.3.1.jar:?]
	at org.apache.hadoop.ipc.Server$RpcCall.run(Server.java:1035) [hadoop-common-3.3.1.jar:?]
	at org.apache.hadoop.ipc.Server$RpcCall.run(Server.java:963) [hadoop-common-3.3.1.jar:?]
	at java.security.AccessController.doPrivileged(Native Method) ~[?:1.8.0_332]
	at javax.security.auth.Subject.doAs(Subject.java:422) [?:1.8.0_332]
	at org.apache.hadoop.security.UserGroupInformation.doAs(UserGroupInformation.java:1878) [hadoop-common-3.3.1.jar:?]
	at org.apache.hadoop.ipc.Server$Handler.run(Server.java:2966) [hadoop-common-3.3.1.jar:?]
16:59:21.413 [IPC Server handler 6 on default port 35065] ERROR OMAudit - user=runner | ip=127.0.0.1 | op=GET_FILE_STATUS {volume=volume48646, bucket=bucket54281, key=.Trash, dataSize=0, replicationConfig=null} | ret=FAILURE
org.apache.hadoop.ozone.om.exceptions.OMException: Unable to get file status: volume: volume48646 bucket: bucket54281 key: .Trash
	at org.apache.hadoop.ozone.om.KeyManagerImpl.getOzoneFileStatus(KeyManagerImpl.java:1311) ~[ozone-manager-1.3.0-SNAPSHOT.jar:?]
	at org.apache.hadoop.ozone.om.KeyManagerImpl.getFileStatus(KeyManagerImpl.java:1241) ~[ozone-manager-1.3.0-SNAPSHOT.jar:?]
	at org.apache.hadoop.ozone.om.OzoneManager.getFileStatus(OzoneManager.java:3419) ~[ozone-manager-1.3.0-SNAPSHOT.jar:?]
	at org.apache.hadoop.ozone.protocolPB.OzoneManagerRequestHandler.getOzoneFileStatus(OzoneManagerRequestHandler.java:871) ~[ozone-manager-1.3.0-SNAPSHOT.jar:?]
	at org.apache.hadoop.ozone.protocolPB.OzoneManagerRequestHandler.handleReadRequest(OzoneManagerRequestHandler.java:217) ~[ozone-manager-1.3.0-SNAPSHOT.jar:?]
	at org.apache.hadoop.ozone.protocolPB.OzoneManagerProtocolServerSideTranslatorPB.submitRequestDirectlyToOM(OzoneManagerProtocolServerSideTranslatorPB.java:276) ~[ozone-manager-1.3.0-SNAPSHOT.jar:?]
	at org.apache.hadoop.ozone.protocolPB.OzoneManagerProtocolServerSideTranslatorPB.processRequest(OzoneManagerProtocolServerSideTranslatorPB.java:205) ~[ozone-manager-1.3.0-SNAPSHOT.jar:?]
	at org.apache.hadoop.hdds.server.OzoneProtocolMessageDispatcher.processRequest(OzoneProtocolMessageDispatcher.java:87) [hdds-server-framework-1.3.0-SNAPSHOT.jar:?]
	at org.apache.hadoop.ozone.protocolPB.OzoneManagerProtocolServerSideTranslatorPB.submitRequest(OzoneManagerProtocolServerSideTranslatorPB.java:147) [ozone-manager-1.3.0-SNAPSHOT.jar:?]
	at org.apache.hadoop.ozone.protocol.proto.OzoneManagerProtocolProtos$OzoneManagerService$2.callBlockingMethod(OzoneManagerProtocolProtos.java) [ozone-interface-client-1.3.0-SNAPSHOT.jar:?]
	at org.apache.hadoop.ipc.ProtobufRpcEngine$Server.processCall(ProtobufRpcEngine.java:466) [hadoop-common-3.3.1.jar:?]
	at org.apache.hadoop.ipc.ProtobufRpcEngine2$Server$ProtoBufRpcInvoker.call(ProtobufRpcEngine2.java:574) [hadoop-common-3.3.1.jar:?]
	at org.apache.hadoop.ipc.ProtobufRpcEngine2$Server$ProtoBufRpcInvoker.call(ProtobufRpcEngine2.java:552) [hadoop-common-3.3.1.jar:?]
	at org.apache.hadoop.ipc.RPC$Server.call(RPC.java:1093) [hadoop-common-3.3.1.jar:?]
	at org.apache.hadoop.ipc.Server$RpcCall.run(Server.java:1035) [hadoop-common-3.3.1.jar:?]
	at org.apache.hadoop.ipc.Server$RpcCall.run(Server.java:963) [hadoop-common-3.3.1.jar:?]
	at java.security.AccessController.doPrivileged(Native Method) ~[?:1.8.0_332]
	at javax.security.auth.Subject.doAs(Subject.java:422) [?:1.8.0_332]
	at org.apache.hadoop.security.UserGroupInformation.doAs(UserGroupInformation.java:1878) [hadoop-common-3.3.1.jar:?]
	at org.apache.hadoop.ipc.Server$Handler.run(Server.java:2966) [hadoop-common-3.3.1.jar:?]
16:59:21.419 [IPC Server handler 5 on default port 35065] ERROR OMAudit - user=runner | ip=127.0.0.1 | op=GET_FILE_STATUS {volume=995d3278-d674-445c-8bb2-f43e396988d7, bucket=b22e8a61-16a8-44f7-b13b-c08ac00aa129, key=.Trash, dataSize=0, replicationConfig=null} | ret=FAILURE
org.apache.hadoop.ozone.om.exceptions.OMException: Unable to get file status: volume: 995d3278-d674-445c-8bb2-f43e396988d7 bucket: b22e8a61-16a8-44f7-b13b-c08ac00aa129 key: .Trash
	at org.apache.hadoop.ozone.om.KeyManagerImpl.getOzoneFileStatus(KeyManagerImpl.java:1311) ~[ozone-manager-1.3.0-SNAPSHOT.jar:?]
	at org.apache.hadoop.ozone.om.KeyManagerImpl.getFileStatus(KeyManagerImpl.java:1241) ~[ozone-manager-1.3.0-SNAPSHOT.jar:?]
	at org.apache.hadoop.ozone.om.OzoneManager.getFileStatus(OzoneManager.java:3419) ~[ozone-manager-1.3.0-SNAPSHOT.jar:?]
	at org.apache.hadoop.ozone.protocolPB.OzoneManagerRequestHandler.getOzoneFileStatus(OzoneManagerRequestHandler.java:871) ~[ozone-manager-1.3.0-SNAPSHOT.jar:?]
	at org.apache.hadoop.ozone.protocolPB.OzoneManagerRequestHandler.handleReadRequest(OzoneManagerRequestHandler.java:217) ~[ozone-manager-1.3.0-SNAPSHOT.jar:?]
	at org.apache.hadoop.ozone.protocolPB.OzoneManagerProtocolServerSideTranslatorPB.submitRequestDirectlyToOM(OzoneManagerProtocolServerSideTranslatorPB.java:276) ~[ozone-manager-1.3.0-SNAPSHOT.jar:?]
	at org.apache.hadoop.ozone.protocolPB.OzoneManagerProtocolServerSideTranslatorPB.processRequest(OzoneManagerProtocolServerSideTranslatorPB.java:205) ~[ozone-manager-1.3.0-SNAPSHOT.jar:?]
	at org.apache.hadoop.hdds.server.OzoneProtocolMessageDispatcher.processRequest(OzoneProtocolMessageDispatcher.java:87) [hdds-server-framework-1.3.0-SNAPSHOT.jar:?]
	at org.apache.hadoop.ozone.protocolPB.OzoneManagerProtocolServerSideTranslatorPB.submitRequest(OzoneManagerProtocolServerSideTranslatorPB.java:147) [ozone-manager-1.3.0-SNAPSHOT.jar:?]
	at org.apache.hadoop.ozone.protocol.proto.OzoneManagerProtocolProtos$OzoneManagerService$2.callBlockingMethod(OzoneManagerProtocolProtos.java) [ozone-interface-client-1.3.0-SNAPSHOT.jar:?]
	at org.apache.hadoop.ipc.ProtobufRpcEngine$Server.processCall(ProtobufRpcEngine.java:466) [hadoop-common-3.3.1.jar:?]
	at org.apache.hadoop.ipc.ProtobufRpcEngine2$Server$ProtoBufRpcInvoker.call(ProtobufRpcEngine2.java:574) [hadoop-common-3.3.1.jar:?]
	at org.apache.hadoop.ipc.ProtobufRpcEngine2$Server$ProtoBufRpcInvoker.call(ProtobufRpcEngine2.java:552) [hadoop-common-3.3.1.jar:?]
	at org.apache.hadoop.ipc.RPC$Server.call(RPC.java:1093) [hadoop-common-3.3.1.jar:?]
	at org.apache.hadoop.ipc.Server$RpcCall.run(Server.java:1035) [hadoop-common-3.3.1.jar:?]
	at org.apache.hadoop.ipc.Server$RpcCall.run(Server.java:963) [hadoop-common-3.3.1.jar:?]
	at java.security.AccessController.doPrivileged(Native Method) ~[?:1.8.0_332]
	at javax.security.auth.Subject.doAs(Subject.java:422) [?:1.8.0_332]
	at org.apache.hadoop.security.UserGroupInformation.doAs(UserGroupInformation.java:1878) [hadoop-common-3.3.1.jar:?]
	at org.apache.hadoop.ipc.Server$Handler.run(Server.java:2966) [hadoop-common-3.3.1.jar:?]
16:59:21.464 [IPC Server handler 2 on default port 35065] ERROR OMAudit - user=runner | ip=127.0.0.1 | op=GET_FILE_STATUS {volume=995d3278-d674-445c-8bb2-f43e396988d7, bucket=b22e8a61-16a8-44f7-b13b-c08ac00aa129, key=.Trash, dataSize=0, replicationConfig=null} | ret=FAILURE
org.apache.hadoop.ozone.om.exceptions.OMException: Unable to get file status: volume: 995d3278-d674-445c-8bb2-f43e396988d7 bucket: b22e8a61-16a8-44f7-b13b-c08ac00aa129 key: .Trash
	at org.apache.hadoop.ozone.om.KeyManagerImpl.getOzoneFileStatus(KeyManagerImpl.java:1311) ~[ozone-manager-1.3.0-SNAPSHOT.jar:?]
	at org.apache.hadoop.ozone.om.KeyManagerImpl.getFileStatus(KeyManagerImpl.java:1241) ~[ozone-manager-1.3.0-SNAPSHOT.jar:?]
	at org.apache.hadoop.ozone.om.OzoneManager.getFileStatus(OzoneManager.java:3419) ~[ozone-manager-1.3.0-SNAPSHOT.jar:?]
	at org.apache.hadoop.ozone.protocolPB.OzoneManagerRequestHandler.getOzoneFileStatus(OzoneManagerRequestHandler.java:871) ~[ozone-manager-1.3.0-SNAPSHOT.jar:?]
	at org.apache.hadoop.ozone.protocolPB.OzoneManagerRequestHandler.handleReadRequest(OzoneManagerRequestHandler.java:217) ~[ozone-manager-1.3.0-SNAPSHOT.jar:?]
	at org.apache.hadoop.ozone.protocolPB.OzoneManagerProtocolServerSideTranslatorPB.submitRequestDirectlyToOM(OzoneManagerProtocolServerSideTranslatorPB.java:276) ~[ozone-manager-1.3.0-SNAPSHOT.jar:?]
	at org.apache.hadoop.ozone.protocolPB.OzoneManagerProtocolServerSideTranslatorPB.processRequest(OzoneManagerProtocolServerSideTranslatorPB.java:205) ~[ozone-manager-1.3.0-SNAPSHOT.jar:?]
	at org.apache.hadoop.hdds.server.OzoneProtocolMessageDispatcher.processRequest(OzoneProtocolMessageDispatcher.java:87) [hdds-server-framework-1.3.0-SNAPSHOT.jar:?]
	at org.apache.hadoop.ozone.protocolPB.OzoneManagerProtocolServerSideTranslatorPB.submitRequest(OzoneManagerProtocolServerSideTranslatorPB.java:147) [ozone-manager-1.3.0-SNAPSHOT.jar:?]
	at org.apache.hadoop.ozone.protocol.proto.OzoneManagerProtocolProtos$OzoneManagerService$2.callBlockingMethod(OzoneManagerProtocolProtos.java) [ozone-interface-client-1.3.0-SNAPSHOT.jar:?]
	at org.apache.hadoop.ipc.ProtobufRpcEngine$Server.processCall(ProtobufRpcEngine.java:466) [hadoop-common-3.3.1.jar:?]
	at org.apache.hadoop.ipc.ProtobufRpcEngine2$Server$ProtoBufRpcInvoker.call(ProtobufRpcEngine2.java:574) [hadoop-common-3.3.1.jar:?]
	at org.apache.hadoop.ipc.ProtobufRpcEngine2$Server$ProtoBufRpcInvoker.call(ProtobufRpcEngine2.java:552) [hadoop-common-3.3.1.jar:?]
	at org.apache.hadoop.ipc.RPC$Server.call(RPC.java:1093) [hadoop-common-3.3.1.jar:?]
	at org.apache.hadoop.ipc.Server$RpcCall.run(Server.java:1035) [hadoop-common-3.3.1.jar:?]
	at org.apache.hadoop.ipc.Server$RpcCall.run(Server.java:963) [hadoop-common-3.3.1.jar:?]
	at java.security.AccessController.doPrivileged(Native Method) ~[?:1.8.0_332]
	at javax.security.auth.Subject.doAs(Subject.java:422) [?:1.8.0_332]
	at org.apache.hadoop.security.UserGroupInformation.doAs(UserGroupInformation.java:1878) [hadoop-common-3.3.1.jar:?]
	at org.apache.hadoop.ipc.Server$Handler.run(Server.java:2966) [hadoop-common-3.3.1.jar:?]
2022-06-27 16:59:21,473 [Time-limited test] INFO  rpc.RpcClient (RpcClient.java:createBucket(666)) - Creating Bucket: volume48646/trashroottest2, with the Bucket Layout LEGACY, runner as owner, Versioning false, Storage Type set to DISK and Encryption set to false 
2022-06-27 16:59:21,475 [IPC Server handler 17 on default port 35065] INFO  bucket.OMBucketCreateRequest (OMBucketCreateRequest.java:validateAndUpdateCache(260)) - created bucket: trashroottest2 of layout LEGACY in volume: volume48646
16:59:21.761 [IPC Server handler 7 on default port 35065] ERROR OMAudit - user=runner | ip=127.0.0.1 | op=GET_FILE_STATUS {volume=995d3278-d674-445c-8bb2-f43e396988d7, bucket=b22e8a61-16a8-44f7-b13b-c08ac00aa129, key=.Trash, dataSize=0, replicationConfig=null} | ret=FAILURE
org.apache.hadoop.ozone.om.exceptions.OMException: Unable to get file status: volume: 995d3278-d674-445c-8bb2-f43e396988d7 bucket: b22e8a61-16a8-44f7-b13b-c08ac00aa129 key: .Trash
	at org.apache.hadoop.ozone.om.KeyManagerImpl.getOzoneFileStatus(KeyManagerImpl.java:1311) ~[ozone-manager-1.3.0-SNAPSHOT.jar:?]
	at org.apache.hadoop.ozone.om.KeyManagerImpl.getFileStatus(KeyManagerImpl.java:1241) ~[ozone-manager-1.3.0-SNAPSHOT.jar:?]
	at org.apache.hadoop.ozone.om.OzoneManager.getFileStatus(OzoneManager.java:3419) ~[ozone-manager-1.3.0-SNAPSHOT.jar:?]
	at org.apache.hadoop.ozone.protocolPB.OzoneManagerRequestHandler.getOzoneFileStatus(OzoneManagerRequestHandler.java:871) ~[ozone-manager-1.3.0-SNAPSHOT.jar:?]
	at org.apache.hadoop.ozone.protocolPB.OzoneManagerRequestHandler.handleReadRequest(OzoneManagerRequestHandler.java:217) ~[ozone-manager-1.3.0-SNAPSHOT.jar:?]
	at org.apache.hadoop.ozone.protocolPB.OzoneManagerProtocolServerSideTranslatorPB.submitRequestDirectlyToOM(OzoneManagerProtocolServerSideTranslatorPB.java:276) ~[ozone-manager-1.3.0-SNAPSHOT.jar:?]
	at org.apache.hadoop.ozone.protocolPB.OzoneManagerProtocolServerSideTranslatorPB.processRequest(OzoneManagerProtocolServerSideTranslatorPB.java:205) ~[ozone-manager-1.3.0-SNAPSHOT.jar:?]
	at org.apache.hadoop.hdds.server.OzoneProtocolMessageDispatcher.processRequest(OzoneProtocolMessageDispatcher.java:87) [hdds-server-framework-1.3.0-SNAPSHOT.jar:?]
	at org.apache.hadoop.ozone.protocolPB.OzoneManagerProtocolServerSideTranslatorPB.submitRequest(OzoneManagerProtocolServerSideTranslatorPB.java:147) [ozone-manager-1.3.0-SNAPSHOT.jar:?]
	at org.apache.hadoop.ozone.protocol.proto.OzoneManagerProtocolProtos$OzoneManagerService$2.callBlockingMethod(OzoneManagerProtocolProtos.java) [ozone-interface-client-1.3.0-SNAPSHOT.jar:?]
	at org.apache.hadoop.ipc.ProtobufRpcEngine$Server.processCall(ProtobufRpcEngine.java:466) [hadoop-common-3.3.1.jar:?]
	at org.apache.hadoop.ipc.ProtobufRpcEngine2$Server$ProtoBufRpcInvoker.call(ProtobufRpcEngine2.java:574) [hadoop-common-3.3.1.jar:?]
	at org.apache.hadoop.ipc.ProtobufRpcEngine2$Server$ProtoBufRpcInvoker.call(ProtobufRpcEngine2.java:552) [hadoop-common-3.3.1.jar:?]
	at org.apache.hadoop.ipc.RPC$Server.call(RPC.java:1093) [hadoop-common-3.3.1.jar:?]
	at org.apache.hadoop.ipc.Server$RpcCall.run(Server.java:1035) [hadoop-common-3.3.1.jar:?]
	at org.apache.hadoop.ipc.Server$RpcCall.run(Server.java:963) [hadoop-common-3.3.1.jar:?]
	at java.security.AccessController.doPrivileged(Native Method) ~[?:1.8.0_332]
	at javax.security.auth.Subject.doAs(Subject.java:422) [?:1.8.0_332]
	at org.apache.hadoop.security.UserGroupInformation.doAs(UserGroupInformation.java:1878) [hadoop-common-3.3.1.jar:?]
	at org.apache.hadoop.ipc.Server$Handler.run(Server.java:2966) [hadoop-common-3.3.1.jar:?]
16:59:21.813 [IPC Server handler 19 on default port 35065] ERROR OMAudit - user=runner | ip=127.0.0.1 | op=GET_FILE_STATUS {volume=995d3278-d674-445c-8bb2-f43e396988d7, bucket=b22e8a61-16a8-44f7-b13b-c08ac00aa129, key=.Trash, dataSize=0, replicationConfig=null} | ret=FAILURE
org.apache.hadoop.ozone.om.exceptions.OMException: Unable to get file status: volume: 995d3278-d674-445c-8bb2-f43e396988d7 bucket: b22e8a61-16a8-44f7-b13b-c08ac00aa129 key: .Trash
	at org.apache.hadoop.ozone.om.KeyManagerImpl.getOzoneFileStatus(KeyManagerImpl.java:1311) ~[ozone-manager-1.3.0-SNAPSHOT.jar:?]
	at org.apache.hadoop.ozone.om.KeyManagerImpl.getFileStatus(KeyManagerImpl.java:1241) ~[ozone-manager-1.3.0-SNAPSHOT.jar:?]
	at org.apache.hadoop.ozone.om.OzoneManager.getFileStatus(OzoneManager.java:3419) ~[ozone-manager-1.3.0-SNAPSHOT.jar:?]
	at org.apache.hadoop.ozone.protocolPB.OzoneManagerRequestHandler.getOzoneFileStatus(OzoneManagerRequestHandler.java:871) ~[ozone-manager-1.3.0-SNAPSHOT.jar:?]
	at org.apache.hadoop.ozone.protocolPB.OzoneManagerRequestHandler.handleReadRequest(OzoneManagerRequestHandler.java:217) ~[ozone-manager-1.3.0-SNAPSHOT.jar:?]
	at org.apache.hadoop.ozone.protocolPB.OzoneManagerProtocolServerSideTranslatorPB.submitRequestDirectlyToOM(OzoneManagerProtocolServerSideTranslatorPB.java:276) ~[ozone-manager-1.3.0-SNAPSHOT.jar:?]
	at org.apache.hadoop.ozone.protocolPB.OzoneManagerProtocolServerSideTranslatorPB.processRequest(OzoneManagerProtocolServerSideTranslatorPB.java:205) ~[ozone-manager-1.3.0-SNAPSHOT.jar:?]
	at org.apache.hadoop.hdds.server.OzoneProtocolMessageDispatcher.processRequest(OzoneProtocolMessageDispatcher.java:87) [hdds-server-framework-1.3.0-SNAPSHOT.jar:?]
	at org.apache.hadoop.ozone.protocolPB.OzoneManagerProtocolServerSideTranslatorPB.submitRequest(OzoneManagerProtocolServerSideTranslatorPB.java:147) [ozone-manager-1.3.0-SNAPSHOT.jar:?]
	at org.apache.hadoop.ozone.protocol.proto.OzoneManagerProtocolProtos$OzoneManagerService$2.callBlockingMethod(OzoneManagerProtocolProtos.java) [ozone-interface-client-1.3.0-SNAPSHOT.jar:?]
	at org.apache.hadoop.ipc.ProtobufRpcEngine$Server.processCall(ProtobufRpcEngine.java:466) [hadoop-common-3.3.1.jar:?]
	at org.apache.hadoop.ipc.ProtobufRpcEngine2$Server$ProtoBufRpcInvoker.call(ProtobufRpcEngine2.java:574) [hadoop-common-3.3.1.jar:?]
	at org.apache.hadoop.ipc.ProtobufRpcEngine2$Server$ProtoBufRpcInvoker.call(ProtobufRpcEngine2.java:552) [hadoop-common-3.3.1.jar:?]
	at org.apache.hadoop.ipc.RPC$Server.call(RPC.java:1093) [hadoop-common-3.3.1.jar:?]
	at org.apache.hadoop.ipc.Server$RpcCall.run(Server.java:1035) [hadoop-common-3.3.1.jar:?]
	at org.apache.hadoop.ipc.Server$RpcCall.run(Server.java:963) [hadoop-common-3.3.1.jar:?]
	at java.security.AccessController.doPrivileged(Native Method) ~[?:1.8.0_332]
	at javax.security.auth.Subject.doAs(Subject.java:422) [?:1.8.0_332]
	at org.apache.hadoop.security.UserGroupInformation.doAs(UserGroupInformation.java:1878) [hadoop-common-3.3.1.jar:?]
	at org.apache.hadoop.ipc.Server$Handler.run(Server.java:2966) [hadoop-common-3.3.1.jar:?]
2022-06-27 16:59:22,046 [Time-limited test] INFO  rpc.RpcClient (RpcClient.java:createVolume(466)) - Creating Volume: volume20839, with user23562 as owner and space quota set to -1 bytes, counts quota set to -1
2022-06-27 16:59:22,049 [IPC Server handler 16 on default port 35065] INFO  volume.OMVolumeCreateRequest (OMVolumeCreateRequest.java:validateAndUpdateCache(195)) - created volume:volume20839 for user:user23562
2022-06-27 16:59:22,050 [Time-limited test] INFO  rpc.RpcClient (RpcClient.java:createBucket(666)) - Creating Bucket: volume20839/bucket79003, with the Bucket Layout LEGACY, runner as owner, Versioning false, Storage Type set to DISK and Encryption set to false 
2022-06-27 16:59:22,050 [IPC Server handler 11 on default port 35065] INFO  bucket.OMBucketCreateRequest (OMBucketCreateRequest.java:validateAndUpdateCache(260)) - created bucket: bucket79003 of layout LEGACY in volume: volume20839
16:59:22.078 [IPC Server handler 8 on default port 35065] ERROR OMAudit - user=runner | ip=127.0.0.1 | op=GET_FILE_STATUS {volume=995d3278-d674-445c-8bb2-f43e396988d7, bucket=b22e8a61-16a8-44f7-b13b-c08ac00aa129, key=.Trash, dataSize=0, replicationConfig=null} | ret=FAILURE
org.apache.hadoop.ozone.om.exceptions.OMException: Unable to get file status: volume: 995d3278-d674-445c-8bb2-f43e396988d7 bucket: b22e8a61-16a8-44f7-b13b-c08ac00aa129 key: .Trash
	at org.apache.hadoop.ozone.om.KeyManagerImpl.getOzoneFileStatus(KeyManagerImpl.java:1311) ~[ozone-manager-1.3.0-SNAPSHOT.jar:?]
	at org.apache.hadoop.ozone.om.KeyManagerImpl.getFileStatus(KeyManagerImpl.java:1241) ~[ozone-manager-1.3.0-SNAPSHOT.jar:?]
	at org.apache.hadoop.ozone.om.OzoneManager.getFileStatus(OzoneManager.java:3419) ~[ozone-manager-1.3.0-SNAPSHOT.jar:?]
	at org.apache.hadoop.ozone.protocolPB.OzoneManagerRequestHandler.getOzoneFileStatus(OzoneManagerRequestHandler.java:871) ~[ozone-manager-1.3.0-SNAPSHOT.jar:?]
	at org.apache.hadoop.ozone.protocolPB.OzoneManagerRequestHandler.handleReadRequest(OzoneManagerRequestHandler.java:217) ~[ozone-manager-1.3.0-SNAPSHOT.jar:?]
	at org.apache.hadoop.ozone.protocolPB.OzoneManagerProtocolServerSideTranslatorPB.submitRequestDirectlyToOM(OzoneManagerProtocolServerSideTranslatorPB.java:276) ~[ozone-manager-1.3.0-SNAPSHOT.jar:?]
	at org.apache.hadoop.ozone.protocolPB.OzoneManagerProtocolServerSideTranslatorPB.processRequest(OzoneManagerProtocolServerSideTranslatorPB.java:205) ~[ozone-manager-1.3.0-SNAPSHOT.jar:?]
	at org.apache.hadoop.hdds.server.OzoneProtocolMessageDispatcher.processRequest(OzoneProtocolMessageDispatcher.java:87) [hdds-server-framework-1.3.0-SNAPSHOT.jar:?]
	at org.apache.hadoop.ozone.protocolPB.OzoneManagerProtocolServerSideTranslatorPB.submitRequest(OzoneManagerProtocolServerSideTranslatorPB.java:147) [ozone-manager-1.3.0-SNAPSHOT.jar:?]
	at org.apache.hadoop.ozone.protocol.proto.OzoneManagerProtocolProtos$OzoneManagerService$2.callBlockingMethod(OzoneManagerProtocolProtos.java) [ozone-interface-client-1.3.0-SNAPSHOT.jar:?]
	at org.apache.hadoop.ipc.ProtobufRpcEngine$Server.processCall(ProtobufRpcEngine.java:466) [hadoop-common-3.3.1.jar:?]
	at org.apache.hadoop.ipc.ProtobufRpcEngine2$Server$ProtoBufRpcInvoker.call(ProtobufRpcEngine2.java:574) [hadoop-common-3.3.1.jar:?]
	at org.apache.hadoop.ipc.ProtobufRpcEngine2$Server$ProtoBufRpcInvoker.call(ProtobufRpcEngine2.java:552) [hadoop-common-3.3.1.jar:?]
	at org.apache.hadoop.ipc.RPC$Server.call(RPC.java:1093) [hadoop-common-3.3.1.jar:?]
	at org.apache.hadoop.ipc.Server$RpcCall.run(Server.java:1035) [hadoop-common-3.3.1.jar:?]
	at org.apache.hadoop.ipc.Server$RpcCall.run(Server.java:963) [hadoop-common-3.3.1.jar:?]
	at java.security.AccessController.doPrivileged(Native Method) ~[?:1.8.0_332]
	at javax.security.auth.Subject.doAs(Subject.java:422) [?:1.8.0_332]
	at org.apache.hadoop.security.UserGroupInformation.doAs(UserGroupInformation.java:1878) [hadoop-common-3.3.1.jar:?]
	at org.apache.hadoop.ipc.Server$Handler.run(Server.java:2966) [hadoop-common-3.3.1.jar:?]
16:59:22.147 [IPC Server handler 3 on default port 35065] ERROR OMAudit - user=runner | ip=127.0.0.1 | op=GET_FILE_STATUS {volume=995d3278-d674-445c-8bb2-f43e396988d7, bucket=b22e8a61-16a8-44f7-b13b-c08ac00aa129, key=.Trash, dataSize=0, replicationConfig=null} | ret=FAILURE
org.apache.hadoop.ozone.om.exceptions.OMException: Unable to get file status: volume: 995d3278-d674-445c-8bb2-f43e396988d7 bucket: b22e8a61-16a8-44f7-b13b-c08ac00aa129 key: .Trash
	at org.apache.hadoop.ozone.om.KeyManagerImpl.getOzoneFileStatus(KeyManagerImpl.java:1311) ~[ozone-manager-1.3.0-SNAPSHOT.jar:?]
	at org.apache.hadoop.ozone.om.KeyManagerImpl.getFileStatus(KeyManagerImpl.java:1241) ~[ozone-manager-1.3.0-SNAPSHOT.jar:?]
	at org.apache.hadoop.ozone.om.OzoneManager.getFileStatus(OzoneManager.java:3419) ~[ozone-manager-1.3.0-SNAPSHOT.jar:?]
	at org.apache.hadoop.ozone.protocolPB.OzoneManagerRequestHandler.getOzoneFileStatus(OzoneManagerRequestHandler.java:871) ~[ozone-manager-1.3.0-SNAPSHOT.jar:?]
	at org.apache.hadoop.ozone.protocolPB.OzoneManagerRequestHandler.handleReadRequest(OzoneManagerRequestHandler.java:217) ~[ozone-manager-1.3.0-SNAPSHOT.jar:?]
	at org.apache.hadoop.ozone.protocolPB.OzoneManagerProtocolServerSideTranslatorPB.submitRequestDirectlyToOM(OzoneManagerProtocolServerSideTranslatorPB.java:276) ~[ozone-manager-1.3.0-SNAPSHOT.jar:?]
	at org.apache.hadoop.ozone.protocolPB.OzoneManagerProtocolServerSideTranslatorPB.processRequest(OzoneManagerProtocolServerSideTranslatorPB.java:205) ~[ozone-manager-1.3.0-SNAPSHOT.jar:?]
	at org.apache.hadoop.hdds.server.OzoneProtocolMessageDispatcher.processRequest(OzoneProtocolMessageDispatcher.java:87) [hdds-server-framework-1.3.0-SNAPSHOT.jar:?]
	at org.apache.hadoop.ozone.protocolPB.OzoneManagerProtocolServerSideTranslatorPB.submitRequest(OzoneManagerProtocolServerSideTranslatorPB.java:147) [ozone-manager-1.3.0-SNAPSHOT.jar:?]
	at org.apache.hadoop.ozone.protocol.proto.OzoneManagerProtocolProtos$OzoneManagerService$2.callBlockingMethod(OzoneManagerProtocolProtos.java) [ozone-interface-client-1.3.0-SNAPSHOT.jar:?]
	at org.apache.hadoop.ipc.ProtobufRpcEngine$Server.processCall(ProtobufRpcEngine.java:466) [hadoop-common-3.3.1.jar:?]
	at org.apache.hadoop.ipc.ProtobufRpcEngine2$Server$ProtoBufRpcInvoker.call(ProtobufRpcEngine2.java:574) [hadoop-common-3.3.1.jar:?]
	at org.apache.hadoop.ipc.ProtobufRpcEngine2$Server$ProtoBufRpcInvoker.call(ProtobufRpcEngine2.java:552) [hadoop-common-3.3.1.jar:?]
	at org.apache.hadoop.ipc.RPC$Server.call(RPC.java:1093) [hadoop-common-3.3.1.jar:?]
	at org.apache.hadoop.ipc.Server$RpcCall.run(Server.java:1035) [hadoop-common-3.3.1.jar:?]
	at org.apache.hadoop.ipc.Server$RpcCall.run(Server.java:963) [hadoop-common-3.3.1.jar:?]
	at java.security.AccessController.doPrivileged(Native Method) ~[?:1.8.0_332]
	at javax.security.auth.Subject.doAs(Subject.java:422) [?:1.8.0_332]
	at org.apache.hadoop.security.UserGroupInformation.doAs(UserGroupInformation.java:1878) [hadoop-common-3.3.1.jar:?]
	at org.apache.hadoop.ipc.Server$Handler.run(Server.java:2966) [hadoop-common-3.3.1.jar:?]
16:59:22.170 [IPC Server handler 19 on default port 35065] ERROR OMAudit - user=runner | ip=127.0.0.1 | op=GET_FILE_STATUS {volume=volume20839, bucket=bucket79003, key=.Trash/runner, dataSize=0, replicationConfig=null} | ret=FAILURE
org.apache.hadoop.ozone.om.exceptions.OMException: Unable to get file status: volume: volume20839 bucket: bucket79003 key: .Trash/runner
	at org.apache.hadoop.ozone.om.KeyManagerImpl.getOzoneFileStatus(KeyManagerImpl.java:1311) ~[ozone-manager-1.3.0-SNAPSHOT.jar:?]
	at org.apache.hadoop.ozone.om.KeyManagerImpl.getFileStatus(KeyManagerImpl.java:1241) ~[ozone-manager-1.3.0-SNAPSHOT.jar:?]
	at org.apache.hadoop.ozone.om.OzoneManager.getFileStatus(OzoneManager.java:3419) ~[ozone-manager-1.3.0-SNAPSHOT.jar:?]
	at org.apache.hadoop.ozone.protocolPB.OzoneManagerRequestHandler.getOzoneFileStatus(OzoneManagerRequestHandler.java:871) ~[ozone-manager-1.3.0-SNAPSHOT.jar:?]
	at org.apache.hadoop.ozone.protocolPB.OzoneManagerRequestHandler.handleReadRequest(OzoneManagerRequestHandler.java:217) ~[ozone-manager-1.3.0-SNAPSHOT.jar:?]
	at org.apache.hadoop.ozone.protocolPB.OzoneManagerProtocolServerSideTranslatorPB.submitRequestDirectlyToOM(OzoneManagerProtocolServerSideTranslatorPB.java:276) ~[ozone-manager-1.3.0-SNAPSHOT.jar:?]
	at org.apache.hadoop.ozone.protocolPB.OzoneManagerProtocolServerSideTranslatorPB.processRequest(OzoneManagerProtocolServerSideTranslatorPB.java:205) ~[ozone-manager-1.3.0-SNAPSHOT.jar:?]
	at org.apache.hadoop.hdds.server.OzoneProtocolMessageDispatcher.processRequest(OzoneProtocolMessageDispatcher.java:87) [hdds-server-framework-1.3.0-SNAPSHOT.jar:?]
	at org.apache.hadoop.ozone.protocolPB.OzoneManagerProtocolServerSideTranslatorPB.submitRequest(OzoneManagerProtocolServerSideTranslatorPB.java:147) [ozone-manager-1.3.0-SNAPSHOT.jar:?]
	at org.apache.hadoop.ozone.protocol.proto.OzoneManagerProtocolProtos$OzoneManagerService$2.callBlockingMethod(OzoneManagerProtocolProtos.java) [ozone-interface-client-1.3.0-SNAPSHOT.jar:?]
	at org.apache.hadoop.ipc.ProtobufRpcEngine$Server.processCall(ProtobufRpcEngine.java:466) [hadoop-common-3.3.1.jar:?]
	at org.apache.hadoop.ipc.ProtobufRpcEngine2$Server$ProtoBufRpcInvoker.call(ProtobufRpcEngine2.java:574) [hadoop-common-3.3.1.jar:?]
	at org.apache.hadoop.ipc.ProtobufRpcEngine2$Server$ProtoBufRpcInvoker.call(ProtobufRpcEngine2.java:552) [hadoop-common-3.3.1.jar:?]
	at org.apache.hadoop.ipc.RPC$Server.call(RPC.java:1093) [hadoop-common-3.3.1.jar:?]
	at org.apache.hadoop.ipc.Server$RpcCall.run(Server.java:1035) [hadoop-common-3.3.1.jar:?]
	at org.apache.hadoop.ipc.Server$RpcCall.run(Server.java:963) [hadoop-common-3.3.1.jar:?]
	at java.security.AccessController.doPrivileged(Native Method) ~[?:1.8.0_332]
	at javax.security.auth.Subject.doAs(Subject.java:422) [?:1.8.0_332]
	at org.apache.hadoop.security.UserGroupInformation.doAs(UserGroupInformation.java:1878) [hadoop-common-3.3.1.jar:?]
	at org.apache.hadoop.ipc.Server$Handler.run(Server.java:2966) [hadoop-common-3.3.1.jar:?]
16:59:22.175 [IPC Server handler 16 on default port 35065] ERROR OMAudit - user=runner | ip=127.0.0.1 | op=GET_FILE_STATUS {volume=995d3278-d674-445c-8bb2-f43e396988d7, bucket=b22e8a61-16a8-44f7-b13b-c08ac00aa129, key=.Trash, dataSize=0, replicationConfig=null} | ret=FAILURE
org.apache.hadoop.ozone.om.exceptions.OMException: Unable to get file status: volume: 995d3278-d674-445c-8bb2-f43e396988d7 bucket: b22e8a61-16a8-44f7-b13b-c08ac00aa129 key: .Trash
	at org.apache.hadoop.ozone.om.KeyManagerImpl.getOzoneFileStatus(KeyManagerImpl.java:1311) ~[ozone-manager-1.3.0-SNAPSHOT.jar:?]
	at org.apache.hadoop.ozone.om.KeyManagerImpl.getFileStatus(KeyManagerImpl.java:1241) ~[ozone-manager-1.3.0-SNAPSHOT.jar:?]
	at org.apache.hadoop.ozone.om.OzoneManager.getFileStatus(OzoneManager.java:3419) ~[ozone-manager-1.3.0-SNAPSHOT.jar:?]
	at org.apache.hadoop.ozone.protocolPB.OzoneManagerRequestHandler.getOzoneFileStatus(OzoneManagerRequestHandler.java:871) ~[ozone-manager-1.3.0-SNAPSHOT.jar:?]
	at org.apache.hadoop.ozone.protocolPB.OzoneManagerRequestHandler.handleReadRequest(OzoneManagerRequestHandler.java:217) ~[ozone-manager-1.3.0-SNAPSHOT.jar:?]
	at org.apache.hadoop.ozone.protocolPB.OzoneManagerProtocolServerSideTranslatorPB.submitRequestDirectlyToOM(OzoneManagerProtocolServerSideTranslatorPB.java:276) ~[ozone-manager-1.3.0-SNAPSHOT.jar:?]
	at org.apache.hadoop.ozone.protocolPB.OzoneManagerProtocolServerSideTranslatorPB.processRequest(OzoneManagerProtocolServerSideTranslatorPB.java:205) ~[ozone-manager-1.3.0-SNAPSHOT.jar:?]
	at org.apache.hadoop.hdds.server.OzoneProtocolMessageDispatcher.processRequest(OzoneProtocolMessageDispatcher.java:87) [hdds-server-framework-1.3.0-SNAPSHOT.jar:?]
	at org.apache.hadoop.ozone.protocolPB.OzoneManagerProtocolServerSideTranslatorPB.submitRequest(OzoneManagerProtocolServerSideTranslatorPB.java:147) [ozone-manager-1.3.0-SNAPSHOT.jar:?]
	at org.apache.hadoop.ozone.protocol.proto.OzoneManagerProtocolProtos$OzoneManagerService$2.callBlockingMethod(OzoneManagerProtocolProtos.java) [ozone-interface-client-1.3.0-SNAPSHOT.jar:?]
	at org.apache.hadoop.ipc.ProtobufRpcEngine$Server.processCall(ProtobufRpcEngine.java:466) [hadoop-common-3.3.1.jar:?]
	at org.apache.hadoop.ipc.ProtobufRpcEngine2$Server$ProtoBufRpcInvoker.call(ProtobufRpcEngine2.java:574) [hadoop-common-3.3.1.jar:?]
	at org.apache.hadoop.ipc.ProtobufRpcEngine2$Server$ProtoBufRpcInvoker.call(ProtobufRpcEngine2.java:552) [hadoop-common-3.3.1.jar:?]
	at org.apache.hadoop.ipc.RPC$Server.call(RPC.java:1093) [hadoop-common-3.3.1.jar:?]
	at org.apache.hadoop.ipc.Server$RpcCall.run(Server.java:1035) [hadoop-common-3.3.1.jar:?]
	at org.apache.hadoop.ipc.Server$RpcCall.run(Server.java:963) [hadoop-common-3.3.1.jar:?]
	at java.security.AccessController.doPrivileged(Native Method) ~[?:1.8.0_332]
	at javax.security.auth.Subject.doAs(Subject.java:422) [?:1.8.0_332]
	at org.apache.hadoop.security.UserGroupInformation.doAs(UserGroupInformation.java:1878) [hadoop-common-3.3.1.jar:?]
	at org.apache.hadoop.ipc.Server$Handler.run(Server.java:2966) [hadoop-common-3.3.1.jar:?]
16:59:22.182 [IPC Server handler 13 on default port 35065] ERROR OMAudit - user=runner | ip=127.0.0.1 | op=GET_FILE_STATUS {volume=volume20839, bucket=bucket79003, key=.Trash, dataSize=0, replicationConfig=null} | ret=FAILURE
org.apache.hadoop.ozone.om.exceptions.OMException: Unable to get file status: volume: volume20839 bucket: bucket79003 key: .Trash
	at org.apache.hadoop.ozone.om.KeyManagerImpl.getOzoneFileStatus(KeyManagerImpl.java:1311) ~[ozone-manager-1.3.0-SNAPSHOT.jar:?]
	at org.apache.hadoop.ozone.om.KeyManagerImpl.getFileStatus(KeyManagerImpl.java:1241) ~[ozone-manager-1.3.0-SNAPSHOT.jar:?]
	at org.apache.hadoop.ozone.om.OzoneManager.getFileStatus(OzoneManager.java:3419) ~[ozone-manager-1.3.0-SNAPSHOT.jar:?]
	at org.apache.hadoop.ozone.protocolPB.OzoneManagerRequestHandler.getOzoneFileStatus(OzoneManagerRequestHandler.java:871) ~[ozone-manager-1.3.0-SNAPSHOT.jar:?]
	at org.apache.hadoop.ozone.protocolPB.OzoneManagerRequestHandler.handleReadRequest(OzoneManagerRequestHandler.java:217) ~[ozone-manager-1.3.0-SNAPSHOT.jar:?]
	at org.apache.hadoop.ozone.protocolPB.OzoneManagerProtocolServerSideTranslatorPB.submitRequestDirectlyToOM(OzoneManagerProtocolServerSideTranslatorPB.java:276) ~[ozone-manager-1.3.0-SNAPSHOT.jar:?]
	at org.apache.hadoop.ozone.protocolPB.OzoneManagerProtocolServerSideTranslatorPB.processRequest(OzoneManagerProtocolServerSideTranslatorPB.java:205) ~[ozone-manager-1.3.0-SNAPSHOT.jar:?]
	at org.apache.hadoop.hdds.server.OzoneProtocolMessageDispatcher.processRequest(OzoneProtocolMessageDispatcher.java:87) [hdds-server-framework-1.3.0-SNAPSHOT.jar:?]
	at org.apache.hadoop.ozone.protocolPB.OzoneManagerProtocolServerSideTranslatorPB.submitRequest(OzoneManagerProtocolServerSideTranslatorPB.java:147) [ozone-manager-1.3.0-SNAPSHOT.jar:?]
	at org.apache.hadoop.ozone.protocol.proto.OzoneManagerProtocolProtos$OzoneManagerService$2.callBlockingMethod(OzoneManagerProtocolProtos.java) [ozone-interface-client-1.3.0-SNAPSHOT.jar:?]
	at org.apache.hadoop.ipc.ProtobufRpcEngine$Server.processCall(ProtobufRpcEngine.java:466) [hadoop-common-3.3.1.jar:?]
	at org.apache.hadoop.ipc.ProtobufRpcEngine2$Server$ProtoBufRpcInvoker.call(ProtobufRpcEngine2.java:574) [hadoop-common-3.3.1.jar:?]
	at org.apache.hadoop.ipc.ProtobufRpcEngine2$Server$ProtoBufRpcInvoker.call(ProtobufRpcEngine2.java:552) [hadoop-common-3.3.1.jar:?]
	at org.apache.hadoop.ipc.RPC$Server.call(RPC.java:1093) [hadoop-common-3.3.1.jar:?]
	at org.apache.hadoop.ipc.Server$RpcCall.run(Server.java:1035) [hadoop-common-3.3.1.jar:?]
	at org.apache.hadoop.ipc.Server$RpcCall.run(Server.java:963) [hadoop-common-3.3.1.jar:?]
	at java.security.AccessController.doPrivileged(Native Method) ~[?:1.8.0_332]
	at javax.security.auth.Subject.doAs(Subject.java:422) [?:1.8.0_332]
	at org.apache.hadoop.security.UserGroupInformation.doAs(UserGroupInformation.java:1878) [hadoop-common-3.3.1.jar:?]
	at org.apache.hadoop.ipc.Server$Handler.run(Server.java:2966) [hadoop-common-3.3.1.jar:?]
16:59:22.213 [IPC Server handler 19 on default port 35065] ERROR OMAudit - user=runner | ip=127.0.0.1 | op=GET_FILE_STATUS {volume=volume20839, bucket=bucket79003, key=.Trash/runner, dataSize=0, replicationConfig=null} | ret=FAILURE
org.apache.hadoop.ozone.om.exceptions.OMException: Unable to get file status: volume: volume20839 bucket: bucket79003 key: .Trash/runner
	at org.apache.hadoop.ozone.om.KeyManagerImpl.getOzoneFileStatus(KeyManagerImpl.java:1311) ~[ozone-manager-1.3.0-SNAPSHOT.jar:?]
	at org.apache.hadoop.ozone.om.KeyManagerImpl.getFileStatus(KeyManagerImpl.java:1241) ~[ozone-manager-1.3.0-SNAPSHOT.jar:?]
	at org.apache.hadoop.ozone.om.OzoneManager.getFileStatus(OzoneManager.java:3419) ~[ozone-manager-1.3.0-SNAPSHOT.jar:?]
	at org.apache.hadoop.ozone.protocolPB.OzoneManagerRequestHandler.getOzoneFileStatus(OzoneManagerRequestHandler.java:871) ~[ozone-manager-1.3.0-SNAPSHOT.jar:?]
	at org.apache.hadoop.ozone.protocolPB.OzoneManagerRequestHandler.handleReadRequest(OzoneManagerRequestHandler.java:217) ~[ozone-manager-1.3.0-SNAPSHOT.jar:?]
	at org.apache.hadoop.ozone.protocolPB.OzoneManagerProtocolServerSideTranslatorPB.submitRequestDirectlyToOM(OzoneManagerProtocolServerSideTranslatorPB.java:276) ~[ozone-manager-1.3.0-SNAPSHOT.jar:?]
	at org.apache.hadoop.ozone.protocolPB.OzoneManagerProtocolServerSideTranslatorPB.processRequest(OzoneManagerProtocolServerSideTranslatorPB.java:205) ~[ozone-manager-1.3.0-SNAPSHOT.jar:?]
	at org.apache.hadoop.hdds.server.OzoneProtocolMessageDispatcher.processRequest(OzoneProtocolMessageDispatcher.java:87) [hdds-server-framework-1.3.0-SNAPSHOT.jar:?]
	at org.apache.hadoop.ozone.protocolPB.OzoneManagerProtocolServerSideTranslatorPB.submitRequest(OzoneManagerProtocolServerSideTranslatorPB.java:147) [ozone-manager-1.3.0-SNAPSHOT.jar:?]
	at org.apache.hadoop.ozone.protocol.proto.OzoneManagerProtocolProtos$OzoneManagerService$2.callBlockingMethod(OzoneManagerProtocolProtos.java) [ozone-interface-client-1.3.0-SNAPSHOT.jar:?]
	at org.apache.hadoop.ipc.ProtobufRpcEngine$Server.processCall(ProtobufRpcEngine.java:466) [hadoop-common-3.3.1.jar:?]
	at org.apache.hadoop.ipc.ProtobufRpcEngine2$Server$ProtoBufRpcInvoker.call(ProtobufRpcEngine2.java:574) [hadoop-common-3.3.1.jar:?]
	at org.apache.hadoop.ipc.ProtobufRpcEngine2$Server$ProtoBufRpcInvoker.call(ProtobufRpcEngine2.java:552) [hadoop-common-3.3.1.jar:?]
	at org.apache.hadoop.ipc.RPC$Server.call(RPC.java:1093) [hadoop-common-3.3.1.jar:?]
	at org.apache.hadoop.ipc.Server$RpcCall.run(Server.java:1035) [hadoop-common-3.3.1.jar:?]
	at org.apache.hadoop.ipc.Server$RpcCall.run(Server.java:963) [hadoop-common-3.3.1.jar:?]
	at java.security.AccessController.doPrivileged(Native Method) ~[?:1.8.0_332]
	at javax.security.auth.Subject.doAs(Subject.java:422) [?:1.8.0_332]
	at org.apache.hadoop.security.UserGroupInformation.doAs(UserGroupInformation.java:1878) [hadoop-common-3.3.1.jar:?]
	at org.apache.hadoop.ipc.Server$Handler.run(Server.java:2966) [hadoop-common-3.3.1.jar:?]
16:59:22.219 [IPC Server handler 0 on default port 35065] ERROR OMAudit - user=runner | ip=127.0.0.1 | op=GET_FILE_STATUS {volume=volume48646, bucket=trashroottest2, key=.Trash/runner, dataSize=0, replicationConfig=null} | ret=FAILURE
org.apache.hadoop.ozone.om.exceptions.OMException: Unable to get file status: volume: volume48646 bucket: trashroottest2 key: .Trash/runner
	at org.apache.hadoop.ozone.om.KeyManagerImpl.getOzoneFileStatus(KeyManagerImpl.java:1311) ~[ozone-manager-1.3.0-SNAPSHOT.jar:?]
	at org.apache.hadoop.ozone.om.KeyManagerImpl.getFileStatus(KeyManagerImpl.java:1241) ~[ozone-manager-1.3.0-SNAPSHOT.jar:?]
	at org.apache.hadoop.ozone.om.OzoneManager.getFileStatus(OzoneManager.java:3419) ~[ozone-manager-1.3.0-SNAPSHOT.jar:?]
	at org.apache.hadoop.ozone.protocolPB.OzoneManagerRequestHandler.getOzoneFileStatus(OzoneManagerRequestHandler.java:871) ~[ozone-manager-1.3.0-SNAPSHOT.jar:?]
	at org.apache.hadoop.ozone.protocolPB.OzoneManagerRequestHandler.handleReadRequest(OzoneManagerRequestHandler.java:217) ~[ozone-manager-1.3.0-SNAPSHOT.jar:?]
	at org.apache.hadoop.ozone.protocolPB.OzoneManagerProtocolServerSideTranslatorPB.submitRequestDirectlyToOM(OzoneManagerProtocolServerSideTranslatorPB.java:276) ~[ozone-manager-1.3.0-SNAPSHOT.jar:?]
	at org.apache.hadoop.ozone.protocolPB.OzoneManagerProtocolServerSideTranslatorPB.processRequest(OzoneManagerProtocolServerSideTranslatorPB.java:205) ~[ozone-manager-1.3.0-SNAPSHOT.jar:?]
	at org.apache.hadoop.hdds.server.OzoneProtocolMessageDispatcher.processRequest(OzoneProtocolMessageDispatcher.java:87) [hdds-server-framework-1.3.0-SNAPSHOT.jar:?]
	at org.apache.hadoop.ozone.protocolPB.OzoneManagerProtocolServerSideTranslatorPB.submitRequest(OzoneManagerProtocolServerSideTranslatorPB.java:147) [ozone-manager-1.3.0-SNAPSHOT.jar:?]
	at org.apache.hadoop.ozone.protocol.proto.OzoneManagerProtocolProtos$OzoneManagerService$2.callBlockingMethod(OzoneManagerProtocolProtos.java) [ozone-interface-client-1.3.0-SNAPSHOT.jar:?]
	at org.apache.hadoop.ipc.ProtobufRpcEngine$Server.processCall(ProtobufRpcEngine.java:466) [hadoop-common-3.3.1.jar:?]
	at org.apache.hadoop.ipc.ProtobufRpcEngine2$Server$ProtoBufRpcInvoker.call(ProtobufRpcEngine2.java:574) [hadoop-common-3.3.1.jar:?]
	at org.apache.hadoop.ipc.ProtobufRpcEngine2$Server$ProtoBufRpcInvoker.call(ProtobufRpcEngine2.java:552) [hadoop-common-3.3.1.jar:?]
	at org.apache.hadoop.ipc.RPC$Server.call(RPC.java:1093) [hadoop-common-3.3.1.jar:?]
	at org.apache.hadoop.ipc.Server$RpcCall.run(Server.java:1035) [hadoop-common-3.3.1.jar:?]
	at org.apache.hadoop.ipc.Server$RpcCall.run(Server.java:963) [hadoop-common-3.3.1.jar:?]
	at java.security.AccessController.doPrivileged(Native Method) ~[?:1.8.0_332]
	at javax.security.auth.Subject.doAs(Subject.java:422) [?:1.8.0_332]
	at org.apache.hadoop.security.UserGroupInformation.doAs(UserGroupInformation.java:1878) [hadoop-common-3.3.1.jar:?]
	at org.apache.hadoop.ipc.Server$Handler.run(Server.java:2966) [hadoop-common-3.3.1.jar:?]
16:59:22.221 [IPC Server handler 8 on default port 35065] ERROR OMAudit - user=runner | ip=127.0.0.1 | op=GET_FILE_STATUS {volume=995d3278-d674-445c-8bb2-f43e396988d7, bucket=b22e8a61-16a8-44f7-b13b-c08ac00aa129, key=.Trash, dataSize=0, replicationConfig=null} | ret=FAILURE
org.apache.hadoop.ozone.om.exceptions.OMException: Unable to get file status: volume: 995d3278-d674-445c-8bb2-f43e396988d7 bucket: b22e8a61-16a8-44f7-b13b-c08ac00aa129 key: .Trash
	at org.apache.hadoop.ozone.om.KeyManagerImpl.getOzoneFileStatus(KeyManagerImpl.java:1311) ~[ozone-manager-1.3.0-SNAPSHOT.jar:?]
	at org.apache.hadoop.ozone.om.KeyManagerImpl.getFileStatus(KeyManagerImpl.java:1241) ~[ozone-manager-1.3.0-SNAPSHOT.jar:?]
	at org.apache.hadoop.ozone.om.OzoneManager.getFileStatus(OzoneManager.java:3419) ~[ozone-manager-1.3.0-SNAPSHOT.jar:?]
	at org.apache.hadoop.ozone.protocolPB.OzoneManagerRequestHandler.getOzoneFileStatus(OzoneManagerRequestHandler.java:871) ~[ozone-manager-1.3.0-SNAPSHOT.jar:?]
	at org.apache.hadoop.ozone.protocolPB.OzoneManagerRequestHandler.handleReadRequest(OzoneManagerRequestHandler.java:217) ~[ozone-manager-1.3.0-SNAPSHOT.jar:?]
	at org.apache.hadoop.ozone.protocolPB.OzoneManagerProtocolServerSideTranslatorPB.submitRequestDirectlyToOM(OzoneManagerProtocolServerSideTranslatorPB.java:276) ~[ozone-manager-1.3.0-SNAPSHOT.jar:?]
	at org.apache.hadoop.ozone.protocolPB.OzoneManagerProtocolServerSideTranslatorPB.processRequest(OzoneManagerProtocolServerSideTranslatorPB.java:205) ~[ozone-manager-1.3.0-SNAPSHOT.jar:?]
	at org.apache.hadoop.hdds.server.OzoneProtocolMessageDispatcher.processRequest(OzoneProtocolMessageDispatcher.java:87) [hdds-server-framework-1.3.0-SNAPSHOT.jar:?]
	at org.apache.hadoop.ozone.protocolPB.OzoneManagerProtocolServerSideTranslatorPB.submitRequest(OzoneManagerProtocolServerSideTranslatorPB.java:147) [ozone-manager-1.3.0-SNAPSHOT.jar:?]
	at org.apache.hadoop.ozone.protocol.proto.OzoneManagerProtocolProtos$OzoneManagerService$2.callBlockingMethod(OzoneManagerProtocolProtos.java) [ozone-interface-client-1.3.0-SNAPSHOT.jar:?]
	at org.apache.hadoop.ipc.ProtobufRpcEngine$Server.processCall(ProtobufRpcEngine.java:466) [hadoop-common-3.3.1.jar:?]
	at org.apache.hadoop.ipc.ProtobufRpcEngine2$Server$ProtoBufRpcInvoker.call(ProtobufRpcEngine2.java:574) [hadoop-common-3.3.1.jar:?]
	at org.apache.hadoop.ipc.ProtobufRpcEngine2$Server$ProtoBufRpcInvoker.call(ProtobufRpcEngine2.java:552) [hadoop-common-3.3.1.jar:?]
	at org.apache.hadoop.ipc.RPC$Server.call(RPC.java:1093) [hadoop-common-3.3.1.jar:?]
	at org.apache.hadoop.ipc.Server$RpcCall.run(Server.java:1035) [hadoop-common-3.3.1.jar:?]
	at org.apache.hadoop.ipc.Server$RpcCall.run(Server.java:963) [hadoop-common-3.3.1.jar:?]
	at java.security.AccessController.doPrivileged(Native Method) ~[?:1.8.0_332]
	at javax.security.auth.Subject.doAs(Subject.java:422) [?:1.8.0_332]
	at org.apache.hadoop.security.UserGroupInformation.doAs(UserGroupInformation.java:1878) [hadoop-common-3.3.1.jar:?]
	at org.apache.hadoop.ipc.Server$Handler.run(Server.java:2966) [hadoop-common-3.3.1.jar:?]
16:59:22.222 [IPC Server handler 18 on default port 35065] ERROR OMAudit - user=runner | ip=127.0.0.1 | op=GET_FILE_STATUS {volume=volume20839, bucket=bucket79003, key=.Trash, dataSize=0, replicationConfig=null} | ret=FAILURE
org.apache.hadoop.ozone.om.exceptions.OMException: Unable to get file status: volume: volume20839 bucket: bucket79003 key: .Trash
	at org.apache.hadoop.ozone.om.KeyManagerImpl.getOzoneFileStatus(KeyManagerImpl.java:1311) ~[ozone-manager-1.3.0-SNAPSHOT.jar:?]
	at org.apache.hadoop.ozone.om.KeyManagerImpl.getFileStatus(KeyManagerImpl.java:1241) ~[ozone-manager-1.3.0-SNAPSHOT.jar:?]
	at org.apache.hadoop.ozone.om.OzoneManager.getFileStatus(OzoneManager.java:3419) ~[ozone-manager-1.3.0-SNAPSHOT.jar:?]
	at org.apache.hadoop.ozone.protocolPB.OzoneManagerRequestHandler.getOzoneFileStatus(OzoneManagerRequestHandler.java:871) ~[ozone-manager-1.3.0-SNAPSHOT.jar:?]
	at org.apache.hadoop.ozone.protocolPB.OzoneManagerRequestHandler.handleReadRequest(OzoneManagerRequestHandler.java:217) ~[ozone-manager-1.3.0-SNAPSHOT.jar:?]
	at org.apache.hadoop.ozone.protocolPB.OzoneManagerProtocolServerSideTranslatorPB.submitRequestDirectlyToOM(OzoneManagerProtocolServerSideTranslatorPB.java:276) ~[ozone-manager-1.3.0-SNAPSHOT.jar:?]
	at org.apache.hadoop.ozone.protocolPB.OzoneManagerProtocolServerSideTranslatorPB.processRequest(OzoneManagerProtocolServerSideTranslatorPB.java:205) ~[ozone-manager-1.3.0-SNAPSHOT.jar:?]
	at org.apache.hadoop.hdds.server.OzoneProtocolMessageDispatcher.processRequest(OzoneProtocolMessageDispatcher.java:87) [hdds-server-framework-1.3.0-SNAPSHOT.jar:?]
	at org.apache.hadoop.ozone.protocolPB.OzoneManagerProtocolServerSideTranslatorPB.submitRequest(OzoneManagerProtocolServerSideTranslatorPB.java:147) [ozone-manager-1.3.0-SNAPSHOT.jar:?]
	at org.apache.hadoop.ozone.protocol.proto.OzoneManagerProtocolProtos$OzoneManagerService$2.callBlockingMethod(OzoneManagerProtocolProtos.java) [ozone-interface-client-1.3.0-SNAPSHOT.jar:?]
	at org.apache.hadoop.ipc.ProtobufRpcEngine$Server.processCall(ProtobufRpcEngine.java:466) [hadoop-common-3.3.1.jar:?]
	at org.apache.hadoop.ipc.ProtobufRpcEngine2$Server$ProtoBufRpcInvoker.call(ProtobufRpcEngine2.java:574) [hadoop-common-3.3.1.jar:?]
	at org.apache.hadoop.ipc.ProtobufRpcEngine2$Server$ProtoBufRpcInvoker.call(ProtobufRpcEngine2.java:552) [hadoop-common-3.3.1.jar:?]
	at org.apache.hadoop.ipc.RPC$Server.call(RPC.java:1093) [hadoop-common-3.3.1.jar:?]
	at org.apache.hadoop.ipc.Server$RpcCall.run(Server.java:1035) [hadoop-common-3.3.1.jar:?]
	at org.apache.hadoop.ipc.Server$RpcCall.run(Server.java:963) [hadoop-common-3.3.1.jar:?]
	at java.security.AccessController.doPrivileged(Native Method) ~[?:1.8.0_332]
	at javax.security.auth.Subject.doAs(Subject.java:422) [?:1.8.0_332]
	at org.apache.hadoop.security.UserGroupInformation.doAs(UserGroupInformation.java:1878) [hadoop-common-3.3.1.jar:?]
	at org.apache.hadoop.ipc.Server$Handler.run(Server.java:2966) [hadoop-common-3.3.1.jar:?]
16:59:22.227 [IPC Server handler 4 on default port 35065] ERROR OMAudit - user=runner | ip=127.0.0.1 | op=GET_FILE_STATUS {volume=volume48646, bucket=trashroottest2, key=.Trash, dataSize=0, replicationConfig=null} | ret=FAILURE
org.apache.hadoop.ozone.om.exceptions.OMException: Unable to get file status: volume: volume48646 bucket: trashroottest2 key: .Trash
	at org.apache.hadoop.ozone.om.KeyManagerImpl.getOzoneFileStatus(KeyManagerImpl.java:1311) ~[ozone-manager-1.3.0-SNAPSHOT.jar:?]
	at org.apache.hadoop.ozone.om.KeyManagerImpl.getFileStatus(KeyManagerImpl.java:1241) ~[ozone-manager-1.3.0-SNAPSHOT.jar:?]
	at org.apache.hadoop.ozone.om.OzoneManager.getFileStatus(OzoneManager.java:3419) ~[ozone-manager-1.3.0-SNAPSHOT.jar:?]
	at org.apache.hadoop.ozone.protocolPB.OzoneManagerRequestHandler.getOzoneFileStatus(OzoneManagerRequestHandler.java:871) ~[ozone-manager-1.3.0-SNAPSHOT.jar:?]
	at org.apache.hadoop.ozone.protocolPB.OzoneManagerRequestHandler.handleReadRequest(OzoneManagerRequestHandler.java:217) ~[ozone-manager-1.3.0-SNAPSHOT.jar:?]
	at org.apache.hadoop.ozone.protocolPB.OzoneManagerProtocolServerSideTranslatorPB.submitRequestDirectlyToOM(OzoneManagerProtocolServerSideTranslatorPB.java:276) ~[ozone-manager-1.3.0-SNAPSHOT.jar:?]
	at org.apache.hadoop.ozone.protocolPB.OzoneManagerProtocolServerSideTranslatorPB.processRequest(OzoneManagerProtocolServerSideTranslatorPB.java:205) ~[ozone-manager-1.3.0-SNAPSHOT.jar:?]
	at org.apache.hadoop.hdds.server.OzoneProtocolMessageDispatcher.processRequest(OzoneProtocolMessageDispatcher.java:87) [hdds-server-framework-1.3.0-SNAPSHOT.jar:?]
	at org.apache.hadoop.ozone.protocolPB.OzoneManagerProtocolServerSideTranslatorPB.submitRequest(OzoneManagerProtocolServerSideTranslatorPB.java:147) [ozone-manager-1.3.0-SNAPSHOT.jar:?]
	at org.apache.hadoop.ozone.protocol.proto.OzoneManagerProtocolProtos$OzoneManagerService$2.callBlockingMethod(OzoneManagerProtocolProtos.java) [ozone-interface-client-1.3.0-SNAPSHOT.jar:?]
	at org.apache.hadoop.ipc.ProtobufRpcEngine$Server.processCall(ProtobufRpcEngine.java:466) [hadoop-common-3.3.1.jar:?]
	at org.apache.hadoop.ipc.ProtobufRpcEngine2$Server$ProtoBufRpcInvoker.call(ProtobufRpcEngine2.java:574) [hadoop-common-3.3.1.jar:?]
	at org.apache.hadoop.ipc.ProtobufRpcEngine2$Server$ProtoBufRpcInvoker.call(ProtobufRpcEngine2.java:552) [hadoop-common-3.3.1.jar:?]
	at org.apache.hadoop.ipc.RPC$Server.call(RPC.java:1093) [hadoop-common-3.3.1.jar:?]
	at org.apache.hadoop.ipc.Server$RpcCall.run(Server.java:1035) [hadoop-common-3.3.1.jar:?]
	at org.apache.hadoop.ipc.Server$RpcCall.run(Server.java:963) [hadoop-common-3.3.1.jar:?]
	at java.security.AccessController.doPrivileged(Native Method) ~[?:1.8.0_332]
	at javax.security.auth.Subject.doAs(Subject.java:422) [?:1.8.0_332]
	at org.apache.hadoop.security.UserGroupInformation.doAs(UserGroupInformation.java:1878) [hadoop-common-3.3.1.jar:?]
	at org.apache.hadoop.ipc.Server$Handler.run(Server.java:2966) [hadoop-common-3.3.1.jar:?]
16:59:22.249 [IPC Server handler 7 on default port 35065] ERROR OMAudit - user=runner | ip=127.0.0.1 | op=GET_FILE_STATUS {volume=volume20839, bucket=bucket79003, key=.Trash/runner, dataSize=0, replicationConfig=null} | ret=FAILURE
org.apache.hadoop.ozone.om.exceptions.OMException: Unable to get file status: volume: volume20839 bucket: bucket79003 key: .Trash/runner
	at org.apache.hadoop.ozone.om.KeyManagerImpl.getOzoneFileStatus(KeyManagerImpl.java:1311) ~[ozone-manager-1.3.0-SNAPSHOT.jar:?]
	at org.apache.hadoop.ozone.om.KeyManagerImpl.getFileStatus(KeyManagerImpl.java:1241) ~[ozone-manager-1.3.0-SNAPSHOT.jar:?]
	at org.apache.hadoop.ozone.om.OzoneManager.getFileStatus(OzoneManager.java:3419) ~[ozone-manager-1.3.0-SNAPSHOT.jar:?]
	at org.apache.hadoop.ozone.protocolPB.OzoneManagerRequestHandler.getOzoneFileStatus(OzoneManagerRequestHandler.java:871) ~[ozone-manager-1.3.0-SNAPSHOT.jar:?]
	at org.apache.hadoop.ozone.protocolPB.OzoneManagerRequestHandler.handleReadRequest(OzoneManagerRequestHandler.java:217) ~[ozone-manager-1.3.0-SNAPSHOT.jar:?]
	at org.apache.hadoop.ozone.protocolPB.OzoneManagerProtocolServerSideTranslatorPB.submitRequestDirectlyToOM(OzoneManagerProtocolServerSideTranslatorPB.java:276) ~[ozone-manager-1.3.0-SNAPSHOT.jar:?]
	at org.apache.hadoop.ozone.protocolPB.OzoneManagerProtocolServerSideTranslatorPB.processRequest(OzoneManagerProtocolServerSideTranslatorPB.java:205) ~[ozone-manager-1.3.0-SNAPSHOT.jar:?]
	at org.apache.hadoop.hdds.server.OzoneProtocolMessageDispatcher.processRequest(OzoneProtocolMessageDispatcher.java:87) [hdds-server-framework-1.3.0-SNAPSHOT.jar:?]
	at org.apache.hadoop.ozone.protocolPB.OzoneManagerProtocolServerSideTranslatorPB.submitRequest(OzoneManagerProtocolServerSideTranslatorPB.java:147) [ozone-manager-1.3.0-SNAPSHOT.jar:?]
	at org.apache.hadoop.ozone.protocol.proto.OzoneManagerProtocolProtos$OzoneManagerService$2.callBlockingMethod(OzoneManagerProtocolProtos.java) [ozone-interface-client-1.3.0-SNAPSHOT.jar:?]
	at org.apache.hadoop.ipc.ProtobufRpcEngine$Server.processCall(ProtobufRpcEngine.java:466) [hadoop-common-3.3.1.jar:?]
	at org.apache.hadoop.ipc.ProtobufRpcEngine2$Server$ProtoBufRpcInvoker.call(ProtobufRpcEngine2.java:574) [hadoop-common-3.3.1.jar:?]
	at org.apache.hadoop.ipc.ProtobufRpcEngine2$Server$ProtoBufRpcInvoker.call(ProtobufRpcEngine2.java:552) [hadoop-common-3.3.1.jar:?]
	at org.apache.hadoop.ipc.RPC$Server.call(RPC.java:1093) [hadoop-common-3.3.1.jar:?]
	at org.apache.hadoop.ipc.Server$RpcCall.run(Server.java:1035) [hadoop-common-3.3.1.jar:?]
	at org.apache.hadoop.ipc.Server$RpcCall.run(Server.java:963) [hadoop-common-3.3.1.jar:?]
	at java.security.AccessController.doPrivileged(Native Method) ~[?:1.8.0_332]
	at javax.security.auth.Subject.doAs(Subject.java:422) [?:1.8.0_332]
	at org.apache.hadoop.security.UserGroupInformation.doAs(UserGroupInformation.java:1878) [hadoop-common-3.3.1.jar:?]
	at org.apache.hadoop.ipc.Server$Handler.run(Server.java:2966) [hadoop-common-3.3.1.jar:?]
16:59:22.257 [IPC Server handler 11 on default port 35065] ERROR OMAudit - user=runner | ip=127.0.0.1 | op=GET_FILE_STATUS {volume=volume48646, bucket=trashroottest2, key=.Trash/runner, dataSize=0, replicationConfig=null} | ret=FAILURE
org.apache.hadoop.ozone.om.exceptions.OMException: Unable to get file status: volume: volume48646 bucket: trashroottest2 key: .Trash/runner
	at org.apache.hadoop.ozone.om.KeyManagerImpl.getOzoneFileStatus(KeyManagerImpl.java:1311) ~[ozone-manager-1.3.0-SNAPSHOT.jar:?]
	at org.apache.hadoop.ozone.om.KeyManagerImpl.getFileStatus(KeyManagerImpl.java:1241) ~[ozone-manager-1.3.0-SNAPSHOT.jar:?]
	at org.apache.hadoop.ozone.om.OzoneManager.getFileStatus(OzoneManager.java:3419) ~[ozone-manager-1.3.0-SNAPSHOT.jar:?]
	at org.apache.hadoop.ozone.protocolPB.OzoneManagerRequestHandler.getOzoneFileStatus(OzoneManagerRequestHandler.java:871) ~[ozone-manager-1.3.0-SNAPSHOT.jar:?]
	at org.apache.hadoop.ozone.protocolPB.OzoneManagerRequestHandler.handleReadRequest(OzoneManagerRequestHandler.java:217) ~[ozone-manager-1.3.0-SNAPSHOT.jar:?]
	at org.apache.hadoop.ozone.protocolPB.OzoneManagerProtocolServerSideTranslatorPB.submitRequestDirectlyToOM(OzoneManagerProtocolServerSideTranslatorPB.java:276) ~[ozone-manager-1.3.0-SNAPSHOT.jar:?]
	at org.apache.hadoop.ozone.protocolPB.OzoneManagerProtocolServerSideTranslatorPB.processRequest(OzoneManagerProtocolServerSideTranslatorPB.java:205) ~[ozone-manager-1.3.0-SNAPSHOT.jar:?]
	at org.apache.hadoop.hdds.server.OzoneProtocolMessageDispatcher.processRequest(OzoneProtocolMessageDispatcher.java:87) [hdds-server-framework-1.3.0-SNAPSHOT.jar:?]
	at org.apache.hadoop.ozone.protocolPB.OzoneManagerProtocolServerSideTranslatorPB.submitRequest(OzoneManagerProtocolServerSideTranslatorPB.java:147) [ozone-manager-1.3.0-SNAPSHOT.jar:?]
	at org.apache.hadoop.ozone.protocol.proto.OzoneManagerProtocolProtos$OzoneManagerService$2.callBlockingMethod(OzoneManagerProtocolProtos.java) [ozone-interface-client-1.3.0-SNAPSHOT.jar:?]
	at org.apache.hadoop.ipc.ProtobufRpcEngine$Server.processCall(ProtobufRpcEngine.java:466) [hadoop-common-3.3.1.jar:?]
	at org.apache.hadoop.ipc.ProtobufRpcEngine2$Server$ProtoBufRpcInvoker.call(ProtobufRpcEngine2.java:574) [hadoop-common-3.3.1.jar:?]
	at org.apache.hadoop.ipc.ProtobufRpcEngine2$Server$ProtoBufRpcInvoker.call(ProtobufRpcEngine2.java:552) [hadoop-common-3.3.1.jar:?]
	at org.apache.hadoop.ipc.RPC$Server.call(RPC.java:1093) [hadoop-common-3.3.1.jar:?]
	at org.apache.hadoop.ipc.Server$RpcCall.run(Server.java:1035) [hadoop-common-3.3.1.jar:?]
	at org.apache.hadoop.ipc.Server$RpcCall.run(Server.java:963) [hadoop-common-3.3.1.jar:?]
	at java.security.AccessController.doPrivileged(Native Method) ~[?:1.8.0_332]
	at javax.security.auth.Subject.doAs(Subject.java:422) [?:1.8.0_332]
	at org.apache.hadoop.security.UserGroupInformation.doAs(UserGroupInformation.java:1878) [hadoop-common-3.3.1.jar:?]
	at org.apache.hadoop.ipc.Server$Handler.run(Server.java:2966) [hadoop-common-3.3.1.jar:?]
16:59:22.259 [IPC Server handler 6 on default port 35065] ERROR OMAudit - user=runner | ip=127.0.0.1 | op=GET_FILE_STATUS {volume=995d3278-d674-445c-8bb2-f43e396988d7, bucket=b22e8a61-16a8-44f7-b13b-c08ac00aa129, key=.Trash, dataSize=0, replicationConfig=null} | ret=FAILURE
org.apache.hadoop.ozone.om.exceptions.OMException: Unable to get file status: volume: 995d3278-d674-445c-8bb2-f43e396988d7 bucket: b22e8a61-16a8-44f7-b13b-c08ac00aa129 key: .Trash
	at org.apache.hadoop.ozone.om.KeyManagerImpl.getOzoneFileStatus(KeyManagerImpl.java:1311) ~[ozone-manager-1.3.0-SNAPSHOT.jar:?]
	at org.apache.hadoop.ozone.om.KeyManagerImpl.getFileStatus(KeyManagerImpl.java:1241) ~[ozone-manager-1.3.0-SNAPSHOT.jar:?]
	at org.apache.hadoop.ozone.om.OzoneManager.getFileStatus(OzoneManager.java:3419) ~[ozone-manager-1.3.0-SNAPSHOT.jar:?]
	at org.apache.hadoop.ozone.protocolPB.OzoneManagerRequestHandler.getOzoneFileStatus(OzoneManagerRequestHandler.java:871) ~[ozone-manager-1.3.0-SNAPSHOT.jar:?]
	at org.apache.hadoop.ozone.protocolPB.OzoneManagerRequestHandler.handleReadRequest(OzoneManagerRequestHandler.java:217) ~[ozone-manager-1.3.0-SNAPSHOT.jar:?]
	at org.apache.hadoop.ozone.protocolPB.OzoneManagerProtocolServerSideTranslatorPB.submitRequestDirectlyToOM(OzoneManagerProtocolServerSideTranslatorPB.java:276) ~[ozone-manager-1.3.0-SNAPSHOT.jar:?]
	at org.apache.hadoop.ozone.protocolPB.OzoneManagerProtocolServerSideTranslatorPB.processRequest(OzoneManagerProtocolServerSideTranslatorPB.java:205) ~[ozone-manager-1.3.0-SNAPSHOT.jar:?]
	at org.apache.hadoop.hdds.server.OzoneProtocolMessageDispatcher.processRequest(OzoneProtocolMessageDispatcher.java:87) [hdds-server-framework-1.3.0-SNAPSHOT.jar:?]
	at org.apache.hadoop.ozone.protocolPB.OzoneManagerProtocolServerSideTranslatorPB.submitRequest(OzoneManagerProtocolServerSideTranslatorPB.java:147) [ozone-manager-1.3.0-SNAPSHOT.jar:?]
	at org.apache.hadoop.ozone.protocol.proto.OzoneManagerProtocolProtos$OzoneManagerService$2.callBlockingMethod(OzoneManagerProtocolProtos.java) [ozone-interface-client-1.3.0-SNAPSHOT.jar:?]
	at org.apache.hadoop.ipc.ProtobufRpcEngine$Server.processCall(ProtobufRpcEngine.java:466) [hadoop-common-3.3.1.jar:?]
	at org.apache.hadoop.ipc.ProtobufRpcEngine2$Server$ProtoBufRpcInvoker.call(ProtobufRpcEngine2.java:574) [hadoop-common-3.3.1.jar:?]
	at org.apache.hadoop.ipc.ProtobufRpcEngine2$Server$ProtoBufRpcInvoker.call(ProtobufRpcEngine2.java:552) [hadoop-common-3.3.1.jar:?]
	at org.apache.hadoop.ipc.RPC$Server.call(RPC.java:1093) [hadoop-common-3.3.1.jar:?]
	at org.apache.hadoop.ipc.Server$RpcCall.run(Server.java:1035) [hadoop-common-3.3.1.jar:?]
	at org.apache.hadoop.ipc.Server$RpcCall.run(Server.java:963) [hadoop-common-3.3.1.jar:?]
	at java.security.AccessController.doPrivileged(Native Method) ~[?:1.8.0_332]
	at javax.security.auth.Subject.doAs(Subject.java:422) [?:1.8.0_332]
	at org.apache.hadoop.security.UserGroupInformation.doAs(UserGroupInformation.java:1878) [hadoop-common-3.3.1.jar:?]
	at org.apache.hadoop.ipc.Server$Handler.run(Server.java:2966) [hadoop-common-3.3.1.jar:?]
16:59:22.261 [IPC Server handler 4 on default port 35065] ERROR OMAudit - user=runner | ip=127.0.0.1 | op=GET_FILE_STATUS {volume=volume20839, bucket=bucket79003, key=.Trash, dataSize=0, replicationConfig=null} | ret=FAILURE
org.apache.hadoop.ozone.om.exceptions.OMException: Unable to get file status: volume: volume20839 bucket: bucket79003 key: .Trash
	at org.apache.hadoop.ozone.om.KeyManagerImpl.getOzoneFileStatus(KeyManagerImpl.java:1311) ~[ozone-manager-1.3.0-SNAPSHOT.jar:?]
	at org.apache.hadoop.ozone.om.KeyManagerImpl.getFileStatus(KeyManagerImpl.java:1241) ~[ozone-manager-1.3.0-SNAPSHOT.jar:?]
	at org.apache.hadoop.ozone.om.OzoneManager.getFileStatus(OzoneManager.java:3419) ~[ozone-manager-1.3.0-SNAPSHOT.jar:?]
	at org.apache.hadoop.ozone.protocolPB.OzoneManagerRequestHandler.getOzoneFileStatus(OzoneManagerRequestHandler.java:871) ~[ozone-manager-1.3.0-SNAPSHOT.jar:?]
	at org.apache.hadoop.ozone.protocolPB.OzoneManagerRequestHandler.handleReadRequest(OzoneManagerRequestHandler.java:217) ~[ozone-manager-1.3.0-SNAPSHOT.jar:?]
	at org.apache.hadoop.ozone.protocolPB.OzoneManagerProtocolServerSideTranslatorPB.submitRequestDirectlyToOM(OzoneManagerProtocolServerSideTranslatorPB.java:276) ~[ozone-manager-1.3.0-SNAPSHOT.jar:?]
	at org.apache.hadoop.ozone.protocolPB.OzoneManagerProtocolServerSideTranslatorPB.processRequest(OzoneManagerProtocolServerSideTranslatorPB.java:205) ~[ozone-manager-1.3.0-SNAPSHOT.jar:?]
	at org.apache.hadoop.hdds.server.OzoneProtocolMessageDispatcher.processRequest(OzoneProtocolMessageDispatcher.java:87) [hdds-server-framework-1.3.0-SNAPSHOT.jar:?]
	at org.apache.hadoop.ozone.protocolPB.OzoneManagerProtocolServerSideTranslatorPB.submitRequest(OzoneManagerProtocolServerSideTranslatorPB.java:147) [ozone-manager-1.3.0-SNAPSHOT.jar:?]
	at org.apache.hadoop.ozone.protocol.proto.OzoneManagerProtocolProtos$OzoneManagerService$2.callBlockingMethod(OzoneManagerProtocolProtos.java) [ozone-interface-client-1.3.0-SNAPSHOT.jar:?]
	at org.apache.hadoop.ipc.ProtobufRpcEngine$Server.processCall(ProtobufRpcEngine.java:466) [hadoop-common-3.3.1.jar:?]
	at org.apache.hadoop.ipc.ProtobufRpcEngine2$Server$ProtoBufRpcInvoker.call(ProtobufRpcEngine2.java:574) [hadoop-common-3.3.1.jar:?]
	at org.apache.hadoop.ipc.ProtobufRpcEngine2$Server$ProtoBufRpcInvoker.call(ProtobufRpcEngine2.java:552) [hadoop-common-3.3.1.jar:?]
	at org.apache.hadoop.ipc.RPC$Server.call(RPC.java:1093) [hadoop-common-3.3.1.jar:?]
	at org.apache.hadoop.ipc.Server$RpcCall.run(Server.java:1035) [hadoop-common-3.3.1.jar:?]
	at org.apache.hadoop.ipc.Server$RpcCall.run(Server.java:963) [hadoop-common-3.3.1.jar:?]
	at java.security.AccessController.doPrivileged(Native Method) ~[?:1.8.0_332]
	at javax.security.auth.Subject.doAs(Subject.java:422) [?:1.8.0_332]
	at org.apache.hadoop.security.UserGroupInformation.doAs(UserGroupInformation.java:1878) [hadoop-common-3.3.1.jar:?]
	at org.apache.hadoop.ipc.Server$Handler.run(Server.java:2966) [hadoop-common-3.3.1.jar:?]
16:59:22.264 [IPC Server handler 15 on default port 35065] ERROR OMAudit - user=runner | ip=127.0.0.1 | op=GET_FILE_STATUS {volume=volume48646, bucket=trashroottest2, key=.Trash, dataSize=0, replicationConfig=null} | ret=FAILURE
org.apache.hadoop.ozone.om.exceptions.OMException: Unable to get file status: volume: volume48646 bucket: trashroottest2 key: .Trash
	at org.apache.hadoop.ozone.om.KeyManagerImpl.getOzoneFileStatus(KeyManagerImpl.java:1311) ~[ozone-manager-1.3.0-SNAPSHOT.jar:?]
	at org.apache.hadoop.ozone.om.KeyManagerImpl.getFileStatus(KeyManagerImpl.java:1241) ~[ozone-manager-1.3.0-SNAPSHOT.jar:?]
	at org.apache.hadoop.ozone.om.OzoneManager.getFileStatus(OzoneManager.java:3419) ~[ozone-manager-1.3.0-SNAPSHOT.jar:?]
	at org.apache.hadoop.ozone.protocolPB.OzoneManagerRequestHandler.getOzoneFileStatus(OzoneManagerRequestHandler.java:871) ~[ozone-manager-1.3.0-SNAPSHOT.jar:?]
	at org.apache.hadoop.ozone.protocolPB.OzoneManagerRequestHandler.handleReadRequest(OzoneManagerRequestHandler.java:217) ~[ozone-manager-1.3.0-SNAPSHOT.jar:?]
	at org.apache.hadoop.ozone.protocolPB.OzoneManagerProtocolServerSideTranslatorPB.submitRequestDirectlyToOM(OzoneManagerProtocolServerSideTranslatorPB.java:276) ~[ozone-manager-1.3.0-SNAPSHOT.jar:?]
	at org.apache.hadoop.ozone.protocolPB.OzoneManagerProtocolServerSideTranslatorPB.processRequest(OzoneManagerProtocolServerSideTranslatorPB.java:205) ~[ozone-manager-1.3.0-SNAPSHOT.jar:?]
	at org.apache.hadoop.hdds.server.OzoneProtocolMessageDispatcher.processRequest(OzoneProtocolMessageDispatcher.java:87) [hdds-server-framework-1.3.0-SNAPSHOT.jar:?]
	at org.apache.hadoop.ozone.protocolPB.OzoneManagerProtocolServerSideTranslatorPB.submitRequest(OzoneManagerProtocolServerSideTranslatorPB.java:147) [ozone-manager-1.3.0-SNAPSHOT.jar:?]
	at org.apache.hadoop.ozone.protocol.proto.OzoneManagerProtocolProtos$OzoneManagerService$2.callBlockingMethod(OzoneManagerProtocolProtos.java) [ozone-interface-client-1.3.0-SNAPSHOT.jar:?]
	at org.apache.hadoop.ipc.ProtobufRpcEngine$Server.processCall(ProtobufRpcEngine.java:466) [hadoop-common-3.3.1.jar:?]
	at org.apache.hadoop.ipc.ProtobufRpcEngine2$Server$ProtoBufRpcInvoker.call(ProtobufRpcEngine2.java:574) [hadoop-common-3.3.1.jar:?]
	at org.apache.hadoop.ipc.ProtobufRpcEngine2$Server$ProtoBufRpcInvoker.call(ProtobufRpcEngine2.java:552) [hadoop-common-3.3.1.jar:?]
	at org.apache.hadoop.ipc.RPC$Server.call(RPC.java:1093) [hadoop-common-3.3.1.jar:?]
	at org.apache.hadoop.ipc.Server$RpcCall.run(Server.java:1035) [hadoop-common-3.3.1.jar:?]
	at org.apache.hadoop.ipc.Server$RpcCall.run(Server.java:963) [hadoop-common-3.3.1.jar:?]
	at java.security.AccessController.doPrivileged(Native Method) ~[?:1.8.0_332]
	at javax.security.auth.Subject.doAs(Subject.java:422) [?:1.8.0_332]
	at org.apache.hadoop.security.UserGroupInformation.doAs(UserGroupInformation.java:1878) [hadoop-common-3.3.1.jar:?]
	at org.apache.hadoop.ipc.Server$Handler.run(Server.java:2966) [hadoop-common-3.3.1.jar:?]
16:59:22.293 [IPC Server handler 13 on default port 35065] ERROR OMAudit - user=runner | ip=127.0.0.1 | op=GET_FILE_STATUS {volume=volume48646, bucket=bucket54281, key=.Trash/runner, dataSize=0, replicationConfig=null} | ret=FAILURE
org.apache.hadoop.ozone.om.exceptions.OMException: Unable to get file status: volume: volume48646 bucket: bucket54281 key: .Trash/runner
	at org.apache.hadoop.ozone.om.KeyManagerImpl.getOzoneFileStatus(KeyManagerImpl.java:1311) ~[ozone-manager-1.3.0-SNAPSHOT.jar:?]
	at org.apache.hadoop.ozone.om.KeyManagerImpl.getFileStatus(KeyManagerImpl.java:1241) ~[ozone-manager-1.3.0-SNAPSHOT.jar:?]
	at org.apache.hadoop.ozone.om.OzoneManager.getFileStatus(OzoneManager.java:3419) ~[ozone-manager-1.3.0-SNAPSHOT.jar:?]
	at org.apache.hadoop.ozone.protocolPB.OzoneManagerRequestHandler.getOzoneFileStatus(OzoneManagerRequestHandler.java:871) ~[ozone-manager-1.3.0-SNAPSHOT.jar:?]
	at org.apache.hadoop.ozone.protocolPB.OzoneManagerRequestHandler.handleReadRequest(OzoneManagerRequestHandler.java:217) ~[ozone-manager-1.3.0-SNAPSHOT.jar:?]
	at org.apache.hadoop.ozone.protocolPB.OzoneManagerProtocolServerSideTranslatorPB.submitRequestDirectlyToOM(OzoneManagerProtocolServerSideTranslatorPB.java:276) ~[ozone-manager-1.3.0-SNAPSHOT.jar:?]
	at org.apache.hadoop.ozone.protocolPB.OzoneManagerProtocolServerSideTranslatorPB.processRequest(OzoneManagerProtocolServerSideTranslatorPB.java:205) ~[ozone-manager-1.3.0-SNAPSHOT.jar:?]
	at org.apache.hadoop.hdds.server.OzoneProtocolMessageDispatcher.processRequest(OzoneProtocolMessageDispatcher.java:87) [hdds-server-framework-1.3.0-SNAPSHOT.jar:?]
	at org.apache.hadoop.ozone.protocolPB.OzoneManagerProtocolServerSideTranslatorPB.submitRequest(OzoneManagerProtocolServerSideTranslatorPB.java:147) [ozone-manager-1.3.0-SNAPSHOT.jar:?]
	at org.apache.hadoop.ozone.protocol.proto.OzoneManagerProtocolProtos$OzoneManagerService$2.callBlockingMethod(OzoneManagerProtocolProtos.java) [ozone-interface-client-1.3.0-SNAPSHOT.jar:?]
	at org.apache.hadoop.ipc.ProtobufRpcEngine$Server.processCall(ProtobufRpcEngine.java:466) [hadoop-common-3.3.1.jar:?]
	at org.apache.hadoop.ipc.ProtobufRpcEngine2$Server$ProtoBufRpcInvoker.call(ProtobufRpcEngine2.java:574) [hadoop-common-3.3.1.jar:?]
	at org.apache.hadoop.ipc.ProtobufRpcEngine2$Server$ProtoBufRpcInvoker.call(ProtobufRpcEngine2.java:552) [hadoop-common-3.3.1.jar:?]
	at org.apache.hadoop.ipc.RPC$Server.call(RPC.java:1093) [hadoop-common-3.3.1.jar:?]
	at org.apache.hadoop.ipc.Server$RpcCall.run(Server.java:1035) [hadoop-common-3.3.1.jar:?]
	at org.apache.hadoop.ipc.Server$RpcCall.run(Server.java:963) [hadoop-common-3.3.1.jar:?]
	at java.security.AccessController.doPrivileged(Native Method) ~[?:1.8.0_332]
	at javax.security.auth.Subject.doAs(Subject.java:422) [?:1.8.0_332]
	at org.apache.hadoop.security.UserGroupInformation.doAs(UserGroupInformation.java:1878) [hadoop-common-3.3.1.jar:?]
	at org.apache.hadoop.ipc.Server$Handler.run(Server.java:2966) [hadoop-common-3.3.1.jar:?]
16:59:22.303 [IPC Server handler 7 on default port 35065] ERROR OMAudit - user=runner | ip=127.0.0.1 | op=GET_FILE_STATUS {volume=995d3278-d674-445c-8bb2-f43e396988d7, bucket=b22e8a61-16a8-44f7-b13b-c08ac00aa129, key=.Trash, dataSize=0, replicationConfig=null} | ret=FAILURE
org.apache.hadoop.ozone.om.exceptions.OMException: Unable to get file status: volume: 995d3278-d674-445c-8bb2-f43e396988d7 bucket: b22e8a61-16a8-44f7-b13b-c08ac00aa129 key: .Trash
	at org.apache.hadoop.ozone.om.KeyManagerImpl.getOzoneFileStatus(KeyManagerImpl.java:1311) ~[ozone-manager-1.3.0-SNAPSHOT.jar:?]
	at org.apache.hadoop.ozone.om.KeyManagerImpl.getFileStatus(KeyManagerImpl.java:1241) ~[ozone-manager-1.3.0-SNAPSHOT.jar:?]
	at org.apache.hadoop.ozone.om.OzoneManager.getFileStatus(OzoneManager.java:3419) ~[ozone-manager-1.3.0-SNAPSHOT.jar:?]
	at org.apache.hadoop.ozone.protocolPB.OzoneManagerRequestHandler.getOzoneFileStatus(OzoneManagerRequestHandler.java:871) ~[ozone-manager-1.3.0-SNAPSHOT.jar:?]
	at org.apache.hadoop.ozone.protocolPB.OzoneManagerRequestHandler.handleReadRequest(OzoneManagerRequestHandler.java:217) ~[ozone-manager-1.3.0-SNAPSHOT.jar:?]
	at org.apache.hadoop.ozone.protocolPB.OzoneManagerProtocolServerSideTranslatorPB.submitRequestDirectlyToOM(OzoneManagerProtocolServerSideTranslatorPB.java:276) ~[ozone-manager-1.3.0-SNAPSHOT.jar:?]
	at org.apache.hadoop.ozone.protocolPB.OzoneManagerProtocolServerSideTranslatorPB.processRequest(OzoneManagerProtocolServerSideTranslatorPB.java:205) ~[ozone-manager-1.3.0-SNAPSHOT.jar:?]
	at org.apache.hadoop.hdds.server.OzoneProtocolMessageDispatcher.processRequest(OzoneProtocolMessageDispatcher.java:87) [hdds-server-framework-1.3.0-SNAPSHOT.jar:?]
	at org.apache.hadoop.ozone.protocolPB.OzoneManagerProtocolServerSideTranslatorPB.submitRequest(OzoneManagerProtocolServerSideTranslatorPB.java:147) [ozone-manager-1.3.0-SNAPSHOT.jar:?]
	at org.apache.hadoop.ozone.protocol.proto.OzoneManagerProtocolProtos$OzoneManagerService$2.callBlockingMethod(OzoneManagerProtocolProtos.java) [ozone-interface-client-1.3.0-SNAPSHOT.jar:?]
	at org.apache.hadoop.ipc.ProtobufRpcEngine$Server.processCall(ProtobufRpcEngine.java:466) [hadoop-common-3.3.1.jar:?]
	at org.apache.hadoop.ipc.ProtobufRpcEngine2$Server$ProtoBufRpcInvoker.call(ProtobufRpcEngine2.java:574) [hadoop-common-3.3.1.jar:?]
	at org.apache.hadoop.ipc.ProtobufRpcEngine2$Server$ProtoBufRpcInvoker.call(ProtobufRpcEngine2.java:552) [hadoop-common-3.3.1.jar:?]
	at org.apache.hadoop.ipc.RPC$Server.call(RPC.java:1093) [hadoop-common-3.3.1.jar:?]
	at org.apache.hadoop.ipc.Server$RpcCall.run(Server.java:1035) [hadoop-common-3.3.1.jar:?]
	at org.apache.hadoop.ipc.Server$RpcCall.run(Server.java:963) [hadoop-common-3.3.1.jar:?]
	at java.security.AccessController.doPrivileged(Native Method) ~[?:1.8.0_332]
	at javax.security.auth.Subject.doAs(Subject.java:422) [?:1.8.0_332]
	at org.apache.hadoop.security.UserGroupInformation.doAs(UserGroupInformation.java:1878) [hadoop-common-3.3.1.jar:?]
	at org.apache.hadoop.ipc.Server$Handler.run(Server.java:2966) [hadoop-common-3.3.1.jar:?]
]]></system-out>
  </testcase>
  <testcase name="testCreateDoesNotAddParentDirKeys" classname="TestRootedOzoneFileSystem" time="0.087">
    <system-out><![CDATA[2022-06-27 16:54:32,569 [Time-limited test] INFO  rpc.RpcClient (RpcClient.java:createVolume(466)) - Creating Volume: volume46982, with user51711 as owner and space quota set to -1 bytes, counts quota set to -1
2022-06-27 16:54:32,573 [OM StateMachine ApplyTransaction Thread - 0] INFO  volume.OMVolumeCreateRequest (OMVolumeCreateRequest.java:validateAndUpdateCache(195)) - created volume:volume46982 for user:user51711
2022-06-27 16:54:32,575 [Time-limited test] INFO  rpc.RpcClient (RpcClient.java:createBucket(666)) - Creating Bucket: volume46982/bucket92761, with the Bucket Layout LEGACY, runner as owner, Versioning false, Storage Type set to DISK and Encryption set to false 
2022-06-27 16:54:32,578 [OM StateMachine ApplyTransaction Thread - 0] INFO  bucket.OMBucketCreateRequest (OMBucketCreateRequest.java:validateAndUpdateCache(260)) - created bucket: bucket92761 of layout LEGACY in volume: volume46982
16:54:32.606 [IPC Server handler 5 on default port 44473] ERROR OMAudit - user=runner | ip=127.0.0.1 | op=READ_KEY {volume=volume46982, bucket=bucket92761, key=testCreateDoesNotAddParentDirKeys/parent/, dataSize=0, replicationConfig=null} | ret=FAILURE
org.apache.hadoop.ozone.om.exceptions.OMException: Key:testCreateDoesNotAddParentDirKeys/parent not found
	at org.apache.hadoop.ozone.om.KeyManagerImpl.lookupKey(KeyManagerImpl.java:399) ~[ozone-manager-1.3.0-SNAPSHOT.jar:?]
	at org.apache.hadoop.ozone.om.OzoneManager.lookupKey(OzoneManager.java:2817) ~[ozone-manager-1.3.0-SNAPSHOT.jar:?]
	at org.apache.hadoop.ozone.protocolPB.OzoneManagerRequestHandler.lookupKey(OzoneManagerRequestHandler.java:484) ~[ozone-manager-1.3.0-SNAPSHOT.jar:?]
	at org.apache.hadoop.ozone.protocolPB.OzoneManagerRequestHandler.handleReadRequest(OzoneManagerRequestHandler.java:182) ~[ozone-manager-1.3.0-SNAPSHOT.jar:?]
	at org.apache.hadoop.ozone.protocolPB.OzoneManagerProtocolServerSideTranslatorPB.submitReadRequestToOM(OzoneManagerProtocolServerSideTranslatorPB.java:226) ~[ozone-manager-1.3.0-SNAPSHOT.jar:?]
	at org.apache.hadoop.ozone.protocolPB.OzoneManagerProtocolServerSideTranslatorPB.processRequest(OzoneManagerProtocolServerSideTranslatorPB.java:175) ~[ozone-manager-1.3.0-SNAPSHOT.jar:?]
	at org.apache.hadoop.hdds.server.OzoneProtocolMessageDispatcher.processRequest(OzoneProtocolMessageDispatcher.java:87) [hdds-server-framework-1.3.0-SNAPSHOT.jar:?]
	at org.apache.hadoop.ozone.protocolPB.OzoneManagerProtocolServerSideTranslatorPB.submitRequest(OzoneManagerProtocolServerSideTranslatorPB.java:147) [ozone-manager-1.3.0-SNAPSHOT.jar:?]
	at org.apache.hadoop.ozone.protocol.proto.OzoneManagerProtocolProtos$OzoneManagerService$2.callBlockingMethod(OzoneManagerProtocolProtos.java) [ozone-interface-client-1.3.0-SNAPSHOT.jar:?]
	at org.apache.hadoop.ipc.ProtobufRpcEngine$Server.processCall(ProtobufRpcEngine.java:466) [hadoop-common-3.3.1.jar:?]
	at org.apache.hadoop.ipc.ProtobufRpcEngine2$Server$ProtoBufRpcInvoker.call(ProtobufRpcEngine2.java:574) [hadoop-common-3.3.1.jar:?]
	at org.apache.hadoop.ipc.ProtobufRpcEngine2$Server$ProtoBufRpcInvoker.call(ProtobufRpcEngine2.java:552) [hadoop-common-3.3.1.jar:?]
	at org.apache.hadoop.ipc.RPC$Server.call(RPC.java:1093) [hadoop-common-3.3.1.jar:?]
	at org.apache.hadoop.ipc.Server$RpcCall.run(Server.java:1035) [hadoop-common-3.3.1.jar:?]
	at org.apache.hadoop.ipc.Server$RpcCall.run(Server.java:963) [hadoop-common-3.3.1.jar:?]
	at java.security.AccessController.doPrivileged(Native Method) ~[?:1.8.0_332]
	at javax.security.auth.Subject.doAs(Subject.java:422) [?:1.8.0_332]
	at org.apache.hadoop.security.UserGroupInformation.doAs(UserGroupInformation.java:1878) [hadoop-common-3.3.1.jar:?]
	at org.apache.hadoop.ipc.Server$Handler.run(Server.java:2966) [hadoop-common-3.3.1.jar:?]
]]></system-out>
  </testcase>
  <testcase name="testCreateDoesNotAddParentDirKeys" classname="TestRootedOzoneFileSystem" time="0.118">
    <system-out><![CDATA[2022-06-27 16:55:36,834 [Time-limited test] INFO  rpc.RpcClient (RpcClient.java:createVolume(466)) - Creating Volume: volume33523, with user81859 as owner and space quota set to -1 bytes, counts quota set to -1
2022-06-27 16:55:36,836 [OM StateMachine ApplyTransaction Thread - 0] INFO  volume.OMVolumeCreateRequest (OMVolumeCreateRequest.java:validateAndUpdateCache(195)) - created volume:volume33523 for user:user81859
2022-06-27 16:55:36,837 [Time-limited test] INFO  rpc.RpcClient (RpcClient.java:createBucket(666)) - Creating Bucket: volume33523/bucket93927, with the Bucket Layout LEGACY, runner as owner, Versioning false, Storage Type set to DISK and Encryption set to false 
2022-06-27 16:55:36,838 [OM StateMachine ApplyTransaction Thread - 0] INFO  bucket.OMBucketCreateRequest (OMBucketCreateRequest.java:validateAndUpdateCache(260)) - created bucket: bucket93927 of layout LEGACY in volume: volume33523
16:55:36.864 [IPC Server handler 11 on default port 39955] ERROR OMAudit - user=runner | ip=127.0.0.1 | op=READ_KEY {volume=volume33523, bucket=bucket93927, key=testCreateDoesNotAddParentDirKeys/parent/, dataSize=0, replicationConfig=null} | ret=FAILURE
org.apache.hadoop.ozone.om.exceptions.OMException: Key:testCreateDoesNotAddParentDirKeys/parent not found
	at org.apache.hadoop.ozone.om.KeyManagerImpl.lookupKey(KeyManagerImpl.java:399) ~[ozone-manager-1.3.0-SNAPSHOT.jar:?]
	at org.apache.hadoop.ozone.om.OzoneManager.lookupKey(OzoneManager.java:2817) ~[ozone-manager-1.3.0-SNAPSHOT.jar:?]
	at org.apache.hadoop.ozone.protocolPB.OzoneManagerRequestHandler.lookupKey(OzoneManagerRequestHandler.java:484) ~[ozone-manager-1.3.0-SNAPSHOT.jar:?]
	at org.apache.hadoop.ozone.protocolPB.OzoneManagerRequestHandler.handleReadRequest(OzoneManagerRequestHandler.java:182) ~[ozone-manager-1.3.0-SNAPSHOT.jar:?]
	at org.apache.hadoop.ozone.protocolPB.OzoneManagerProtocolServerSideTranslatorPB.submitReadRequestToOM(OzoneManagerProtocolServerSideTranslatorPB.java:226) ~[ozone-manager-1.3.0-SNAPSHOT.jar:?]
	at org.apache.hadoop.ozone.protocolPB.OzoneManagerProtocolServerSideTranslatorPB.processRequest(OzoneManagerProtocolServerSideTranslatorPB.java:175) ~[ozone-manager-1.3.0-SNAPSHOT.jar:?]
	at org.apache.hadoop.hdds.server.OzoneProtocolMessageDispatcher.processRequest(OzoneProtocolMessageDispatcher.java:87) [hdds-server-framework-1.3.0-SNAPSHOT.jar:?]
	at org.apache.hadoop.ozone.protocolPB.OzoneManagerProtocolServerSideTranslatorPB.submitRequest(OzoneManagerProtocolServerSideTranslatorPB.java:147) [ozone-manager-1.3.0-SNAPSHOT.jar:?]
	at org.apache.hadoop.ozone.protocol.proto.OzoneManagerProtocolProtos$OzoneManagerService$2.callBlockingMethod(OzoneManagerProtocolProtos.java) [ozone-interface-client-1.3.0-SNAPSHOT.jar:?]
	at org.apache.hadoop.ipc.ProtobufRpcEngine$Server.processCall(ProtobufRpcEngine.java:466) [hadoop-common-3.3.1.jar:?]
	at org.apache.hadoop.ipc.ProtobufRpcEngine2$Server$ProtoBufRpcInvoker.call(ProtobufRpcEngine2.java:574) [hadoop-common-3.3.1.jar:?]
	at org.apache.hadoop.ipc.ProtobufRpcEngine2$Server$ProtoBufRpcInvoker.call(ProtobufRpcEngine2.java:552) [hadoop-common-3.3.1.jar:?]
	at org.apache.hadoop.ipc.RPC$Server.call(RPC.java:1093) [hadoop-common-3.3.1.jar:?]
	at org.apache.hadoop.ipc.Server$RpcCall.run(Server.java:1035) [hadoop-common-3.3.1.jar:?]
	at org.apache.hadoop.ipc.Server$RpcCall.run(Server.java:963) [hadoop-common-3.3.1.jar:?]
	at java.security.AccessController.doPrivileged(Native Method) ~[?:1.8.0_332]
	at javax.security.auth.Subject.doAs(Subject.java:422) [?:1.8.0_332]
	at org.apache.hadoop.security.UserGroupInformation.doAs(UserGroupInformation.java:1878) [hadoop-common-3.3.1.jar:?]
	at org.apache.hadoop.ipc.Server$Handler.run(Server.java:2966) [hadoop-common-3.3.1.jar:?]
]]></system-out>
  </testcase>
  <testcase name="testCreateDoesNotAddParentDirKeys" classname="TestRootedOzoneFileSystem" time="0.112">
    <system-out><![CDATA[2022-06-27 16:56:45,408 [Time-limited test] INFO  rpc.RpcClient (RpcClient.java:createVolume(466)) - Creating Volume: volume15083, with user19419 as owner and space quota set to -1 bytes, counts quota set to -1
2022-06-27 16:56:45,409 [IPC Server handler 14 on default port 40407] INFO  volume.OMVolumeCreateRequest (OMVolumeCreateRequest.java:validateAndUpdateCache(195)) - created volume:volume15083 for user:user19419
2022-06-27 16:56:45,417 [Time-limited test] INFO  rpc.RpcClient (RpcClient.java:createBucket(666)) - Creating Bucket: volume15083/bucket70558, with the Bucket Layout LEGACY, runner as owner, Versioning false, Storage Type set to DISK and Encryption set to false 
2022-06-27 16:56:45,417 [IPC Server handler 19 on default port 40407] INFO  bucket.OMBucketCreateRequest (OMBucketCreateRequest.java:validateAndUpdateCache(260)) - created bucket: bucket70558 of layout LEGACY in volume: volume15083
16:56:45.450 [IPC Server handler 6 on default port 40407] ERROR OMAudit - user=runner | ip=127.0.0.1 | op=READ_KEY {volume=volume15083, bucket=bucket70558, key=testCreateDoesNotAddParentDirKeys/parent/, dataSize=0, replicationConfig=null} | ret=FAILURE
org.apache.hadoop.ozone.om.exceptions.OMException: Key:testCreateDoesNotAddParentDirKeys/parent not found
	at org.apache.hadoop.ozone.om.KeyManagerImpl.lookupKey(KeyManagerImpl.java:399) ~[ozone-manager-1.3.0-SNAPSHOT.jar:?]
	at org.apache.hadoop.ozone.om.OzoneManager.lookupKey(OzoneManager.java:2817) ~[ozone-manager-1.3.0-SNAPSHOT.jar:?]
	at org.apache.hadoop.ozone.protocolPB.OzoneManagerRequestHandler.lookupKey(OzoneManagerRequestHandler.java:484) ~[ozone-manager-1.3.0-SNAPSHOT.jar:?]
	at org.apache.hadoop.ozone.protocolPB.OzoneManagerRequestHandler.handleReadRequest(OzoneManagerRequestHandler.java:182) ~[ozone-manager-1.3.0-SNAPSHOT.jar:?]
	at org.apache.hadoop.ozone.protocolPB.OzoneManagerProtocolServerSideTranslatorPB.submitRequestDirectlyToOM(OzoneManagerProtocolServerSideTranslatorPB.java:276) ~[ozone-manager-1.3.0-SNAPSHOT.jar:?]
	at org.apache.hadoop.ozone.protocolPB.OzoneManagerProtocolServerSideTranslatorPB.processRequest(OzoneManagerProtocolServerSideTranslatorPB.java:205) ~[ozone-manager-1.3.0-SNAPSHOT.jar:?]
	at org.apache.hadoop.hdds.server.OzoneProtocolMessageDispatcher.processRequest(OzoneProtocolMessageDispatcher.java:87) [hdds-server-framework-1.3.0-SNAPSHOT.jar:?]
	at org.apache.hadoop.ozone.protocolPB.OzoneManagerProtocolServerSideTranslatorPB.submitRequest(OzoneManagerProtocolServerSideTranslatorPB.java:147) [ozone-manager-1.3.0-SNAPSHOT.jar:?]
	at org.apache.hadoop.ozone.protocol.proto.OzoneManagerProtocolProtos$OzoneManagerService$2.callBlockingMethod(OzoneManagerProtocolProtos.java) [ozone-interface-client-1.3.0-SNAPSHOT.jar:?]
	at org.apache.hadoop.ipc.ProtobufRpcEngine$Server.processCall(ProtobufRpcEngine.java:466) [hadoop-common-3.3.1.jar:?]
	at org.apache.hadoop.ipc.ProtobufRpcEngine2$Server$ProtoBufRpcInvoker.call(ProtobufRpcEngine2.java:574) [hadoop-common-3.3.1.jar:?]
	at org.apache.hadoop.ipc.ProtobufRpcEngine2$Server$ProtoBufRpcInvoker.call(ProtobufRpcEngine2.java:552) [hadoop-common-3.3.1.jar:?]
	at org.apache.hadoop.ipc.RPC$Server.call(RPC.java:1093) [hadoop-common-3.3.1.jar:?]
	at org.apache.hadoop.ipc.Server$RpcCall.run(Server.java:1035) [hadoop-common-3.3.1.jar:?]
	at org.apache.hadoop.ipc.Server$RpcCall.run(Server.java:963) [hadoop-common-3.3.1.jar:?]
	at java.security.AccessController.doPrivileged(Native Method) ~[?:1.8.0_332]
	at javax.security.auth.Subject.doAs(Subject.java:422) [?:1.8.0_332]
	at org.apache.hadoop.security.UserGroupInformation.doAs(UserGroupInformation.java:1878) [hadoop-common-3.3.1.jar:?]
	at org.apache.hadoop.ipc.Server$Handler.run(Server.java:2966) [hadoop-common-3.3.1.jar:?]
]]></system-out>
  </testcase>
  <testcase name="testCreateDoesNotAddParentDirKeys" classname="TestRootedOzoneFileSystem" time="0.245">
    <system-out><![CDATA[2022-06-27 16:58:02,883 [Time-limited test] INFO  rpc.RpcClient (RpcClient.java:createVolume(466)) - Creating Volume: volume27195, with user33694 as owner and space quota set to -1 bytes, counts quota set to -1
2022-06-27 16:58:02,889 [OM StateMachine ApplyTransaction Thread - 0] INFO  volume.OMVolumeCreateRequest (OMVolumeCreateRequest.java:validateAndUpdateCache(195)) - created volume:volume27195 for user:user33694
2022-06-27 16:58:02,890 [Time-limited test] INFO  rpc.RpcClient (RpcClient.java:createBucket(666)) - Creating Bucket: volume27195/bucket15627, with the Bucket Layout LEGACY, runner as owner, Versioning false, Storage Type set to DISK and Encryption set to false 
2022-06-27 16:58:02,916 [OM StateMachine ApplyTransaction Thread - 0] INFO  bucket.OMBucketCreateRequest (OMBucketCreateRequest.java:validateAndUpdateCache(260)) - created bucket: bucket15627 of layout LEGACY in volume: volume27195
]]></system-out>
  </testcase>
  <testcase name="testCreateDoesNotAddParentDirKeys" classname="TestRootedOzoneFileSystem" time="0.165">
    <system-out><![CDATA[2022-06-27 16:59:22,407 [Time-limited test] INFO  rpc.RpcClient (RpcClient.java:createVolume(466)) - Creating Volume: volume52386, with user20230 as owner and space quota set to -1 bytes, counts quota set to -1
2022-06-27 16:59:22,409 [IPC Server handler 7 on default port 35065] INFO  volume.OMVolumeCreateRequest (OMVolumeCreateRequest.java:validateAndUpdateCache(195)) - created volume:volume52386 for user:user20230
2022-06-27 16:59:22,413 [Time-limited test] INFO  rpc.RpcClient (RpcClient.java:createBucket(666)) - Creating Bucket: volume52386/bucket43698, with the Bucket Layout LEGACY, runner as owner, Versioning false, Storage Type set to DISK and Encryption set to false 
2022-06-27 16:59:22,414 [IPC Server handler 4 on default port 35065] INFO  bucket.OMBucketCreateRequest (OMBucketCreateRequest.java:validateAndUpdateCache(260)) - created bucket: bucket43698 of layout LEGACY in volume: volume52386
]]></system-out>
  </testcase>
  <testcase name="testMkdirNonExistentVolume" classname="TestRootedOzoneFileSystem" time="0.053">
    <system-out><![CDATA[2022-06-27 16:54:32,655 [Time-limited test] INFO  rpc.RpcClient (RpcClient.java:createVolume(466)) - Creating Volume: volume85815, with user59870 as owner and space quota set to -1 bytes, counts quota set to -1
2022-06-27 16:54:32,657 [OM StateMachine ApplyTransaction Thread - 0] INFO  volume.OMVolumeCreateRequest (OMVolumeCreateRequest.java:validateAndUpdateCache(195)) - created volume:volume85815 for user:user59870
2022-06-27 16:54:32,659 [Time-limited test] INFO  rpc.RpcClient (RpcClient.java:createBucket(666)) - Creating Bucket: volume85815/bucket51529, with the Bucket Layout LEGACY, runner as owner, Versioning false, Storage Type set to DISK and Encryption set to false 
2022-06-27 16:54:32,660 [OM StateMachine ApplyTransaction Thread - 0] INFO  bucket.OMBucketCreateRequest (OMBucketCreateRequest.java:validateAndUpdateCache(260)) - created bucket: bucket51529 of layout LEGACY in volume: volume85815
2022-06-27 16:54:32,663 [Time-limited test] INFO  rpc.RpcClient (RpcClient.java:createVolume(466)) - Creating Volume: volume-72745, with runner as owner and space quota set to -1 bytes, counts quota set to -1
2022-06-27 16:54:32,664 [OM StateMachine ApplyTransaction Thread - 0] INFO  volume.OMVolumeCreateRequest (OMVolumeCreateRequest.java:validateAndUpdateCache(195)) - created volume:volume-72745 for user:runner
]]></system-out>
  </testcase>
  <testcase name="testMkdirNonExistentVolume" classname="TestRootedOzoneFileSystem" time="0.115">
    <system-out><![CDATA[2022-06-27 16:55:36,983 [Time-limited test] INFO  rpc.RpcClient (RpcClient.java:createVolume(466)) - Creating Volume: volume29207, with user61590 as owner and space quota set to -1 bytes, counts quota set to -1
2022-06-27 16:55:36,984 [OM StateMachine ApplyTransaction Thread - 0] INFO  volume.OMVolumeCreateRequest (OMVolumeCreateRequest.java:validateAndUpdateCache(195)) - created volume:volume29207 for user:user61590
2022-06-27 16:55:36,986 [Time-limited test] INFO  rpc.RpcClient (RpcClient.java:createBucket(666)) - Creating Bucket: volume29207/bucket68661, with the Bucket Layout LEGACY, runner as owner, Versioning false, Storage Type set to DISK and Encryption set to false 
2022-06-27 16:55:36,987 [OM StateMachine ApplyTransaction Thread - 0] INFO  bucket.OMBucketCreateRequest (OMBucketCreateRequest.java:validateAndUpdateCache(260)) - created bucket: bucket68661 of layout LEGACY in volume: volume29207
2022-06-27 16:55:36,988 [Time-limited test] INFO  rpc.RpcClient (RpcClient.java:createVolume(466)) - Creating Volume: volume-17876, with runner as owner and space quota set to -1 bytes, counts quota set to -1
2022-06-27 16:55:36,989 [OM StateMachine ApplyTransaction Thread - 0] INFO  volume.OMVolumeCreateRequest (OMVolumeCreateRequest.java:validateAndUpdateCache(195)) - created volume:volume-17876 for user:runner
]]></system-out>
  </testcase>
  <testcase name="testMkdirNonExistentVolume" classname="TestRootedOzoneFileSystem" time="0.045">
    <system-out><![CDATA[2022-06-27 16:56:45,491 [Time-limited test] INFO  rpc.RpcClient (RpcClient.java:createVolume(466)) - Creating Volume: volume13370, with user61130 as owner and space quota set to -1 bytes, counts quota set to -1
2022-06-27 16:56:45,496 [IPC Server handler 3 on default port 40407] INFO  volume.OMVolumeCreateRequest (OMVolumeCreateRequest.java:validateAndUpdateCache(195)) - created volume:volume13370 for user:user61130
2022-06-27 16:56:45,500 [Time-limited test] INFO  rpc.RpcClient (RpcClient.java:createBucket(666)) - Creating Bucket: volume13370/bucket39643, with the Bucket Layout LEGACY, runner as owner, Versioning false, Storage Type set to DISK and Encryption set to false 
2022-06-27 16:56:45,501 [IPC Server handler 4 on default port 40407] INFO  bucket.OMBucketCreateRequest (OMBucketCreateRequest.java:validateAndUpdateCache(260)) - created bucket: bucket39643 of layout LEGACY in volume: volume13370
2022-06-27 16:56:45,502 [Time-limited test] INFO  rpc.RpcClient (RpcClient.java:createVolume(466)) - Creating Volume: volume-42416, with runner as owner and space quota set to -1 bytes, counts quota set to -1
2022-06-27 16:56:45,502 [IPC Server handler 5 on default port 40407] INFO  volume.OMVolumeCreateRequest (OMVolumeCreateRequest.java:validateAndUpdateCache(195)) - created volume:volume-42416 for user:runner
]]></system-out>
  </testcase>
  <testcase name="testMkdirNonExistentVolume" classname="TestRootedOzoneFileSystem" time="0.207">
    <system-out><![CDATA[2022-06-27 16:58:03,177 [Time-limited test] INFO  rpc.RpcClient (RpcClient.java:createVolume(466)) - Creating Volume: volume33900, with user91435 as owner and space quota set to -1 bytes, counts quota set to -1
2022-06-27 16:58:03,181 [OM StateMachine ApplyTransaction Thread - 0] INFO  volume.OMVolumeCreateRequest (OMVolumeCreateRequest.java:validateAndUpdateCache(195)) - created volume:volume33900 for user:user91435
2022-06-27 16:58:03,182 [Time-limited test] INFO  rpc.RpcClient (RpcClient.java:createBucket(666)) - Creating Bucket: volume33900/bucket04377, with the Bucket Layout LEGACY, runner as owner, Versioning false, Storage Type set to DISK and Encryption set to false 
2022-06-27 16:58:03,185 [OM StateMachine ApplyTransaction Thread - 0] INFO  bucket.OMBucketCreateRequest (OMBucketCreateRequest.java:validateAndUpdateCache(260)) - created bucket: bucket04377 of layout LEGACY in volume: volume33900
2022-06-27 16:58:03,199 [Time-limited test] INFO  rpc.RpcClient (RpcClient.java:createVolume(466)) - Creating Volume: volume-88690, with runner as owner and space quota set to -1 bytes, counts quota set to -1
2022-06-27 16:58:03,201 [OM StateMachine ApplyTransaction Thread - 0] INFO  volume.OMVolumeCreateRequest (OMVolumeCreateRequest.java:validateAndUpdateCache(195)) - created volume:volume-88690 for user:runner
]]></system-out>
  </testcase>
  <testcase name="testMkdirNonExistentVolume" classname="TestRootedOzoneFileSystem" time="0.154">
    <system-out><![CDATA[2022-06-27 16:59:22,593 [Time-limited test] INFO  rpc.RpcClient (RpcClient.java:createVolume(466)) - Creating Volume: volume47922, with user59160 as owner and space quota set to -1 bytes, counts quota set to -1
2022-06-27 16:59:22,597 [IPC Server handler 19 on default port 35065] INFO  volume.OMVolumeCreateRequest (OMVolumeCreateRequest.java:validateAndUpdateCache(195)) - created volume:volume47922 for user:user59160
2022-06-27 16:59:22,616 [Time-limited test] INFO  rpc.RpcClient (RpcClient.java:createBucket(666)) - Creating Bucket: volume47922/bucket98250, with the Bucket Layout LEGACY, runner as owner, Versioning false, Storage Type set to DISK and Encryption set to false 
2022-06-27 16:59:22,616 [IPC Server handler 18 on default port 35065] INFO  bucket.OMBucketCreateRequest (OMBucketCreateRequest.java:validateAndUpdateCache(260)) - created bucket: bucket98250 of layout LEGACY in volume: volume47922
2022-06-27 16:59:22,619 [Time-limited test] INFO  rpc.RpcClient (RpcClient.java:createVolume(466)) - Creating Volume: volume-86043, with runner as owner and space quota set to -1 bytes, counts quota set to -1
2022-06-27 16:59:22,619 [IPC Server handler 12 on default port 35065] INFO  volume.OMVolumeCreateRequest (OMVolumeCreateRequest.java:validateAndUpdateCache(195)) - created volume:volume-86043 for user:runner
]]></system-out>
  </testcase>
  <testcase name="testDeleteCreatesFakeParentDir" classname="TestRootedOzoneFileSystem" time="0">
    <skipped type="org.junit.AssumptionViolatedException"><![CDATA[org.junit.AssumptionViolatedException: FS Path is enabled. Skipping this test as it is not tuned for FS Path yet
	at org.junit.Assume.assumeTrue(Assume.java:68)
	at org.apache.hadoop.fs.ozone.TestRootedOzoneFileSystem.testDeleteCreatesFakeParentDir(TestRootedOzoneFileSystem.java:318)
	at sun.reflect.NativeMethodAccessorImpl.invoke0(Native Method)
	at sun.reflect.NativeMethodAccessorImpl.invoke(NativeMethodAccessorImpl.java:62)
	at sun.reflect.DelegatingMethodAccessorImpl.invoke(DelegatingMethodAccessorImpl.java:43)
	at java.lang.reflect.Method.invoke(Method.java:498)
	at org.junit.runners.model.FrameworkMethod$1.runReflectiveCall(FrameworkMethod.java:59)
	at org.junit.internal.runners.model.ReflectiveCallable.run(ReflectiveCallable.java:12)
	at org.junit.runners.model.FrameworkMethod.invokeExplosively(FrameworkMethod.java:56)
	at org.junit.internal.runners.statements.InvokeMethod.evaluate(InvokeMethod.java:17)
	at org.junit.internal.runners.statements.RunBefores.evaluate(RunBefores.java:26)
	at org.junit.internal.runners.statements.RunAfters.evaluate(RunAfters.java:27)
	at org.junit.internal.runners.statements.FailOnTimeout$CallableStatement.call(FailOnTimeout.java:288)
	at org.junit.internal.runners.statements.FailOnTimeout$CallableStatement.call(FailOnTimeout.java:282)
	at java.util.concurrent.FutureTask.run(FutureTask.java:266)
	at java.lang.Thread.run(Thread.java:750)
]]></skipped>
    <system-out><![CDATA[2022-06-27 16:54:32,719 [Time-limited test] INFO  rpc.RpcClient (RpcClient.java:createVolume(466)) - Creating Volume: volume34182, with user33369 as owner and space quota set to -1 bytes, counts quota set to -1
2022-06-27 16:54:32,722 [OM StateMachine ApplyTransaction Thread - 0] INFO  volume.OMVolumeCreateRequest (OMVolumeCreateRequest.java:validateAndUpdateCache(195)) - created volume:volume34182 for user:user33369
2022-06-27 16:54:32,724 [Time-limited test] INFO  rpc.RpcClient (RpcClient.java:createBucket(666)) - Creating Bucket: volume34182/bucket63381, with the Bucket Layout LEGACY, runner as owner, Versioning false, Storage Type set to DISK and Encryption set to false 
2022-06-27 16:54:32,727 [OM StateMachine ApplyTransaction Thread - 0] INFO  bucket.OMBucketCreateRequest (OMBucketCreateRequest.java:validateAndUpdateCache(260)) - created bucket: bucket63381 of layout LEGACY in volume: volume34182
]]></system-out>
  </testcase>
  <testcase name="testDeleteCreatesFakeParentDir" classname="TestRootedOzoneFileSystem" time="0">
    <skipped type="org.junit.AssumptionViolatedException"><![CDATA[org.junit.AssumptionViolatedException: FS Path is enabled. Skipping this test as it is not tuned for FS Path yet
	at org.junit.Assume.assumeTrue(Assume.java:68)
	at org.apache.hadoop.fs.ozone.TestRootedOzoneFileSystem.testDeleteCreatesFakeParentDir(TestRootedOzoneFileSystem.java:318)
	at sun.reflect.NativeMethodAccessorImpl.invoke0(Native Method)
	at sun.reflect.NativeMethodAccessorImpl.invoke(NativeMethodAccessorImpl.java:62)
	at sun.reflect.DelegatingMethodAccessorImpl.invoke(DelegatingMethodAccessorImpl.java:43)
	at java.lang.reflect.Method.invoke(Method.java:498)
	at org.junit.runners.model.FrameworkMethod$1.runReflectiveCall(FrameworkMethod.java:59)
	at org.junit.internal.runners.model.ReflectiveCallable.run(ReflectiveCallable.java:12)
	at org.junit.runners.model.FrameworkMethod.invokeExplosively(FrameworkMethod.java:56)
	at org.junit.internal.runners.statements.InvokeMethod.evaluate(InvokeMethod.java:17)
	at org.junit.internal.runners.statements.RunBefores.evaluate(RunBefores.java:26)
	at org.junit.internal.runners.statements.RunAfters.evaluate(RunAfters.java:27)
	at org.junit.internal.runners.statements.FailOnTimeout$CallableStatement.call(FailOnTimeout.java:288)
	at org.junit.internal.runners.statements.FailOnTimeout$CallableStatement.call(FailOnTimeout.java:282)
	at java.util.concurrent.FutureTask.run(FutureTask.java:266)
	at java.lang.Thread.run(Thread.java:750)
]]></skipped>
    <system-out><![CDATA[2022-06-27 16:55:37,027 [aff9d3c6-0a22-4090-bc43-74b57d8145ab@group-2AF9492EFBFF-FollowerState] INFO  impl.FollowerState (FollowerState.java:run(143)) - aff9d3c6-0a22-4090-bc43-74b57d8145ab@group-2AF9492EFBFF-FollowerState: change to CANDIDATE, lastRpcElapsedTime:5020420163ns, electionTimeout:5011ms
2022-06-27 16:55:37,027 [aff9d3c6-0a22-4090-bc43-74b57d8145ab@group-2AF9492EFBFF-FollowerState] INFO  impl.RoleInfo (RoleInfo.java:shutdownFollowerState(110)) - aff9d3c6-0a22-4090-bc43-74b57d8145ab: shutdown aff9d3c6-0a22-4090-bc43-74b57d8145ab@group-2AF9492EFBFF-FollowerState
2022-06-27 16:55:37,027 [aff9d3c6-0a22-4090-bc43-74b57d8145ab@group-2AF9492EFBFF-FollowerState] INFO  server.RaftServer$Division (RaftServerImpl.java:setRole(299)) - aff9d3c6-0a22-4090-bc43-74b57d8145ab@group-2AF9492EFBFF: changes role from  FOLLOWER to CANDIDATE at term 1 for changeToCandidate
2022-06-27 16:55:37,027 [aff9d3c6-0a22-4090-bc43-74b57d8145ab@group-2AF9492EFBFF-FollowerState] INFO  server.RaftServerConfigKeys (ConfUtils.java:logGet(46)) - raft.server.leaderelection.pre-vote = false (custom)
2022-06-27 16:55:37,027 [aff9d3c6-0a22-4090-bc43-74b57d8145ab@group-2AF9492EFBFF-FollowerState] INFO  impl.RoleInfo (RoleInfo.java:updateAndGet(139)) - aff9d3c6-0a22-4090-bc43-74b57d8145ab: start aff9d3c6-0a22-4090-bc43-74b57d8145ab@group-2AF9492EFBFF-LeaderElection24
2022-06-27 16:55:37,054 [Time-limited test] INFO  rpc.RpcClient (RpcClient.java:createVolume(466)) - Creating Volume: volume15153, with user59319 as owner and space quota set to -1 bytes, counts quota set to -1
2022-06-27 16:55:37,071 [aff9d3c6-0a22-4090-bc43-74b57d8145ab@group-2AF9492EFBFF-LeaderElection24] INFO  impl.LeaderElection (LeaderElection.java:askForVotes(310)) - aff9d3c6-0a22-4090-bc43-74b57d8145ab@group-2AF9492EFBFF-LeaderElection24 ELECTION round 0: submit vote requests at term 2 for -1: [e3b02d69-2174-44c4-baa7-18bae5c8063e|rpc:10.1.0.22:34863|dataStream:|priority:0, 6005e4a5-b457-424c-9515-b1921d45a496|rpc:10.1.0.22:45857|dataStream:|priority:0, aff9d3c6-0a22-4090-bc43-74b57d8145ab|rpc:10.1.0.22:36293|dataStream:|priority:1], old=null
2022-06-27 16:55:37,098 [grpc-default-executor-1] INFO  server.RaftServer$Division (RaftServerImpl.java:requestVote(1152)) - e3b02d69-2174-44c4-baa7-18bae5c8063e@group-2AF9492EFBFF: receive requestVote(ELECTION, aff9d3c6-0a22-4090-bc43-74b57d8145ab, group-2AF9492EFBFF, 2, (t:0, i:0))
2022-06-27 16:55:37,098 [grpc-default-executor-1] INFO  impl.VoteContext (VoteContext.java:log(48)) - e3b02d69-2174-44c4-baa7-18bae5c8063e@group-2AF9492EFBFF-FOLLOWER: accept ELECTION from aff9d3c6-0a22-4090-bc43-74b57d8145ab: our priority 0 <= candidate's priority 1
2022-06-27 16:55:37,098 [grpc-default-executor-1] INFO  server.RaftServer$Division (RaftServerImpl.java:setRole(299)) - e3b02d69-2174-44c4-baa7-18bae5c8063e@group-2AF9492EFBFF: changes role from  FOLLOWER to FOLLOWER at term 2 for candidate:aff9d3c6-0a22-4090-bc43-74b57d8145ab
2022-06-27 16:55:37,098 [grpc-default-executor-1] INFO  impl.RoleInfo (RoleInfo.java:shutdownFollowerState(110)) - e3b02d69-2174-44c4-baa7-18bae5c8063e: shutdown e3b02d69-2174-44c4-baa7-18bae5c8063e@group-2AF9492EFBFF-FollowerState
2022-06-27 16:55:37,098 [grpc-default-executor-1] INFO  impl.RoleInfo (RoleInfo.java:updateAndGet(139)) - e3b02d69-2174-44c4-baa7-18bae5c8063e: start e3b02d69-2174-44c4-baa7-18bae5c8063e@group-2AF9492EFBFF-FollowerState
2022-06-27 16:55:37,098 [e3b02d69-2174-44c4-baa7-18bae5c8063e@group-2AF9492EFBFF-FollowerState] INFO  impl.FollowerState (FollowerState.java:run(152)) - e3b02d69-2174-44c4-baa7-18bae5c8063e@group-2AF9492EFBFF-FollowerState was interrupted
2022-06-27 16:55:37,104 [grpc-default-executor-1] INFO  server.RaftServer$Division (RaftServerImpl.java:requestVote(1184)) - e3b02d69-2174-44c4-baa7-18bae5c8063e@group-2AF9492EFBFF replies to ELECTION vote request: aff9d3c6-0a22-4090-bc43-74b57d8145ab<-e3b02d69-2174-44c4-baa7-18bae5c8063e#0:OK-t2. Peer's state: e3b02d69-2174-44c4-baa7-18bae5c8063e@group-2AF9492EFBFF:t2, leader=null, voted=aff9d3c6-0a22-4090-bc43-74b57d8145ab, raftlog=e3b02d69-2174-44c4-baa7-18bae5c8063e@group-2AF9492EFBFF-SegmentedRaftLog:OPENED:c-1, conf=-1: [e3b02d69-2174-44c4-baa7-18bae5c8063e|rpc:10.1.0.22:34863|priority:0, 6005e4a5-b457-424c-9515-b1921d45a496|rpc:10.1.0.22:45857|priority:0, aff9d3c6-0a22-4090-bc43-74b57d8145ab|rpc:10.1.0.22:36293|priority:1], old=null
2022-06-27 16:55:37,105 [aff9d3c6-0a22-4090-bc43-74b57d8145ab@group-2AF9492EFBFF-LeaderElection24] INFO  impl.LeaderElection (LeaderElection.java:logAndReturn(90)) - aff9d3c6-0a22-4090-bc43-74b57d8145ab@group-2AF9492EFBFF-LeaderElection24: ELECTION PASSED received 1 response(s) and 0 exception(s):
2022-06-27 16:55:37,105 [aff9d3c6-0a22-4090-bc43-74b57d8145ab@group-2AF9492EFBFF-LeaderElection24] INFO  impl.LeaderElection (LeaderElection.java:logAndReturn(94)) -   Response 0: aff9d3c6-0a22-4090-bc43-74b57d8145ab<-e3b02d69-2174-44c4-baa7-18bae5c8063e#0:OK-t2
2022-06-27 16:55:37,105 [aff9d3c6-0a22-4090-bc43-74b57d8145ab@group-2AF9492EFBFF-LeaderElection24] INFO  impl.LeaderElection (LeaderElection.java:askForVotes(312)) - aff9d3c6-0a22-4090-bc43-74b57d8145ab@group-2AF9492EFBFF-LeaderElection24 ELECTION round 0: result PASSED
2022-06-27 16:55:37,105 [aff9d3c6-0a22-4090-bc43-74b57d8145ab@group-2AF9492EFBFF-LeaderElection24] INFO  impl.RoleInfo (RoleInfo.java:shutdownLeaderElection(130)) - aff9d3c6-0a22-4090-bc43-74b57d8145ab: shutdown aff9d3c6-0a22-4090-bc43-74b57d8145ab@group-2AF9492EFBFF-LeaderElection24
2022-06-27 16:55:37,105 [aff9d3c6-0a22-4090-bc43-74b57d8145ab@group-2AF9492EFBFF-LeaderElection24] INFO  server.RaftServer$Division (RaftServerImpl.java:setRole(299)) - aff9d3c6-0a22-4090-bc43-74b57d8145ab@group-2AF9492EFBFF: changes role from CANDIDATE to LEADER at term 2 for changeToLeader
2022-06-27 16:55:37,105 [aff9d3c6-0a22-4090-bc43-74b57d8145ab@group-2AF9492EFBFF-LeaderElection24] INFO  ratis.XceiverServerRatis (XceiverServerRatis.java:handleLeaderChangedNotification(863)) - Leader change notification received for group: group-2AF9492EFBFF with new leaderId: aff9d3c6-0a22-4090-bc43-74b57d8145ab
2022-06-27 16:55:37,105 [aff9d3c6-0a22-4090-bc43-74b57d8145ab@group-2AF9492EFBFF-LeaderElection24] INFO  server.RaftServer$Division (ServerState.java:setLeader(287)) - aff9d3c6-0a22-4090-bc43-74b57d8145ab@group-2AF9492EFBFF: change Leader from null to aff9d3c6-0a22-4090-bc43-74b57d8145ab at term 2 for becomeLeader, leader elected after 10426ms
2022-06-27 16:55:37,105 [aff9d3c6-0a22-4090-bc43-74b57d8145ab@group-2AF9492EFBFF-LeaderElection24] INFO  server.RaftServerConfigKeys (ConfUtils.java:logGet(46)) - raft.server.staging.catchup.gap = 1000 (default)
2022-06-27 16:55:37,105 [aff9d3c6-0a22-4090-bc43-74b57d8145ab@group-2AF9492EFBFF-LeaderElection24] INFO  server.RaftServerConfigKeys (ConfUtils.java:logGet(46)) - raft.server.write.element-limit = 1024 (custom)
2022-06-27 16:55:37,105 [aff9d3c6-0a22-4090-bc43-74b57d8145ab@group-2AF9492EFBFF-LeaderElection24] INFO  server.RaftServerConfigKeys (ConfUtils.java:logGet(46)) - raft.server.write.byte-limit = 1024 M (=1073741824) (custom)
2022-06-27 16:55:37,106 [aff9d3c6-0a22-4090-bc43-74b57d8145ab@group-2AF9492EFBFF-LeaderElection24] INFO  server.RaftServerConfigKeys (ConfUtils.java:logGet(46)) - raft.server.watch.timeout = 180s (custom)
2022-06-27 16:55:37,106 [aff9d3c6-0a22-4090-bc43-74b57d8145ab@group-2AF9492EFBFF-LeaderElection24] INFO  server.RaftServerConfigKeys (ConfUtils.java:logGet(46)) - raft.server.watch.timeout.denomination = 1s (default)
2022-06-27 16:55:37,106 [aff9d3c6-0a22-4090-bc43-74b57d8145ab@group-2AF9492EFBFF-LeaderElection24] INFO  server.RaftServerConfigKeys (ConfUtils.java:logGet(46)) - raft.server.watch.element-limit = 65536 (default)
2022-06-27 16:55:37,106 [aff9d3c6-0a22-4090-bc43-74b57d8145ab@group-2AF9492EFBFF-LeaderElection24] INFO  server.RaftServerConfigKeys (ConfUtils.java:logGet(46)) - raft.server.write.element-limit = 1024 (custom)
2022-06-27 16:55:37,106 [aff9d3c6-0a22-4090-bc43-74b57d8145ab@group-2AF9492EFBFF-LeaderElection24] INFO  server.RaftServerConfigKeys (ConfUtils.java:logGet(46)) - raft.server.write.follower.gap.ratio.max = -1.0 (default)
2022-06-27 16:55:37,106 [aff9d3c6-0a22-4090-bc43-74b57d8145ab@group-2AF9492EFBFF-LeaderElection24] INFO  server.RaftServerConfigKeys (ConfUtils.java:logGet(46)) - raft.server.log.appender.snapshot.chunk.size.max = 16MB (=16777216) (default)
2022-06-27 16:55:37,107 [aff9d3c6-0a22-4090-bc43-74b57d8145ab@group-2AF9492EFBFF-LeaderElection24] INFO  server.RaftServerConfigKeys (ConfUtils.java:logGet(46)) - raft.server.log.appender.buffer.byte-limit = 33554432 (custom)
2022-06-27 16:55:37,107 [aff9d3c6-0a22-4090-bc43-74b57d8145ab@group-2AF9492EFBFF-LeaderElection24] INFO  server.RaftServerConfigKeys (ConfUtils.java:logGet(46)) - raft.server.log.appender.buffer.element-limit = 1 (custom)
2022-06-27 16:55:37,107 [aff9d3c6-0a22-4090-bc43-74b57d8145ab@group-2AF9492EFBFF-LeaderElection24] INFO  grpc.GrpcConfigKeys (ConfUtils.java:logGet(46)) - raft.grpc.server.leader.outstanding.appends.max = 128 (default)
2022-06-27 16:55:37,107 [aff9d3c6-0a22-4090-bc43-74b57d8145ab@group-2AF9492EFBFF-LeaderElection24] INFO  server.RaftServerConfigKeys (ConfUtils.java:logGet(46)) - raft.server.rpc.request.timeout = 60s (custom)
2022-06-27 16:55:37,107 [aff9d3c6-0a22-4090-bc43-74b57d8145ab@group-2AF9492EFBFF-LeaderElection24] INFO  server.RaftServerConfigKeys (ConfUtils.java:logGet(46)) - raft.server.log.appender.install.snapshot.enabled = false (custom)
2022-06-27 16:55:37,107 [aff9d3c6-0a22-4090-bc43-74b57d8145ab@group-2AF9492EFBFF-LeaderElection24] INFO  server.RaftServerConfigKeys (ConfUtils.java:logGet(46)) - raft.server.log.appender.snapshot.chunk.size.max = 16MB (=16777216) (default)
2022-06-27 16:55:37,108 [aff9d3c6-0a22-4090-bc43-74b57d8145ab@group-2AF9492EFBFF-LeaderElection24] INFO  server.RaftServerConfigKeys (ConfUtils.java:logGet(46)) - raft.server.log.appender.buffer.byte-limit = 33554432 (custom)
2022-06-27 16:55:37,108 [aff9d3c6-0a22-4090-bc43-74b57d8145ab@group-2AF9492EFBFF-LeaderElection24] INFO  server.RaftServerConfigKeys (ConfUtils.java:logGet(46)) - raft.server.log.appender.buffer.element-limit = 1 (custom)
2022-06-27 16:55:37,108 [aff9d3c6-0a22-4090-bc43-74b57d8145ab@group-2AF9492EFBFF-LeaderElection24] INFO  grpc.GrpcConfigKeys (ConfUtils.java:logGet(46)) - raft.grpc.server.leader.outstanding.appends.max = 128 (default)
2022-06-27 16:55:37,108 [aff9d3c6-0a22-4090-bc43-74b57d8145ab@group-2AF9492EFBFF-LeaderElection24] INFO  server.RaftServerConfigKeys (ConfUtils.java:logGet(46)) - raft.server.rpc.request.timeout = 60s (custom)
2022-06-27 16:55:37,108 [aff9d3c6-0a22-4090-bc43-74b57d8145ab@group-2AF9492EFBFF-LeaderElection24] INFO  server.RaftServerConfigKeys (ConfUtils.java:logGet(46)) - raft.server.log.appender.install.snapshot.enabled = false (custom)
2022-06-27 16:55:37,108 [aff9d3c6-0a22-4090-bc43-74b57d8145ab@group-2AF9492EFBFF-LeaderElection24] INFO  impl.RoleInfo (RoleInfo.java:updateAndGet(139)) - aff9d3c6-0a22-4090-bc43-74b57d8145ab: start aff9d3c6-0a22-4090-bc43-74b57d8145ab@group-2AF9492EFBFF-LeaderStateImpl
2022-06-27 16:55:37,108 [aff9d3c6-0a22-4090-bc43-74b57d8145ab@group-2AF9492EFBFF-LeaderElection24] INFO  segmented.SegmentedRaftLogWorker (SegmentedRaftLogWorker.java:startLogSegment(425)) - aff9d3c6-0a22-4090-bc43-74b57d8145ab@group-2AF9492EFBFF-SegmentedRaftLogWorker: Starting segment from index:0
2022-06-27 16:55:37,109 [EventQueue-PipelineReportForPipelineReportHandler] INFO  pipeline.PipelineManagerImpl (PipelineManagerImpl.java:openPipeline(358)) - Pipeline Pipeline[ Id: b89a4c6b-e107-4741-ac45-2af9492efbff, Nodes: e3b02d69-2174-44c4-baa7-18bae5c8063e{ip: 10.1.0.22, host: fv-az215-30.fk02tkdpp51uda4i120yanydqb.bx.internal.cloudapp.net, ports: [REPLICATION=38187, RATIS=34863, RATIS_ADMIN=34863, RATIS_SERVER=34863, STANDALONE=34753], networkLocation: /default-rack, certSerialId: null, persistedOpState: IN_SERVICE, persistedOpStateExpiryEpochSec: 0}aff9d3c6-0a22-4090-bc43-74b57d8145ab{ip: 10.1.0.22, host: fv-az215-30.fk02tkdpp51uda4i120yanydqb.bx.internal.cloudapp.net, ports: [REPLICATION=39463, RATIS=36293, RATIS_ADMIN=36293, RATIS_SERVER=36293, STANDALONE=41913], networkLocation: /default-rack, certSerialId: null, persistedOpState: IN_SERVICE, persistedOpStateExpiryEpochSec: 0}6005e4a5-b457-424c-9515-b1921d45a496{ip: 10.1.0.22, host: fv-az215-30.fk02tkdpp51uda4i120yanydqb.bx.internal.cloudapp.net, ports: [REPLICATION=42237, RATIS=45857, RATIS_ADMIN=45857, RATIS_SERVER=45857, STANDALONE=35149], networkLocation: /default-rack, certSerialId: null, persistedOpState: IN_SERVICE, persistedOpStateExpiryEpochSec: 0}, ReplicationConfig: RATIS/THREE, State:ALLOCATED, leaderId:aff9d3c6-0a22-4090-bc43-74b57d8145ab, CreationTimestamp2022-06-27T16:55:24.406Z[Etc/UTC]] moved to OPEN state
2022-06-27 16:55:37,169 [aff9d3c6-0a22-4090-bc43-74b57d8145ab@group-2AF9492EFBFF-LeaderElection24] INFO  server.RaftServer$Division (ServerState.java:setRaftConf(393)) - aff9d3c6-0a22-4090-bc43-74b57d8145ab@group-2AF9492EFBFF: set configuration 0: [e3b02d69-2174-44c4-baa7-18bae5c8063e|rpc:10.1.0.22:34863|dataStream:|priority:0, 6005e4a5-b457-424c-9515-b1921d45a496|rpc:10.1.0.22:45857|dataStream:|priority:0, aff9d3c6-0a22-4090-bc43-74b57d8145ab|rpc:10.1.0.22:36293|dataStream:|priority:1], old=null
2022-06-27 16:55:37,173 [aff9d3c6-0a22-4090-bc43-74b57d8145ab@group-2AF9492EFBFF-SegmentedRaftLogWorker] INFO  segmented.SegmentedRaftLogWorker (SegmentedRaftLogWorker.java:execute(629)) - aff9d3c6-0a22-4090-bc43-74b57d8145ab@group-2AF9492EFBFF-SegmentedRaftLogWorker: created new log segment /home/runner/work/ozone/ozone/hadoop-ozone/integration-test/target/test-dir/MiniOzoneClusterImpl-d171279b-4677-4c73-a7d6-55d9627e9d51/datanode-2/data/ratis/b89a4c6b-e107-4741-ac45-2af9492efbff/current/log_inprogress_0
2022-06-27 16:55:37,173 [OM StateMachine ApplyTransaction Thread - 0] INFO  volume.OMVolumeCreateRequest (OMVolumeCreateRequest.java:validateAndUpdateCache(195)) - created volume:volume15153 for user:user59319
2022-06-27 16:55:37,187 [grpc-default-executor-1] INFO  server.RaftServer$Division (RaftServerImpl.java:requestVote(1152)) - 6005e4a5-b457-424c-9515-b1921d45a496@group-2AF9492EFBFF: receive requestVote(ELECTION, aff9d3c6-0a22-4090-bc43-74b57d8145ab, group-2AF9492EFBFF, 2, (t:0, i:0))
2022-06-27 16:55:37,188 [grpc-default-executor-1] INFO  impl.VoteContext (VoteContext.java:log(48)) - 6005e4a5-b457-424c-9515-b1921d45a496@group-2AF9492EFBFF-FOLLOWER: accept ELECTION from aff9d3c6-0a22-4090-bc43-74b57d8145ab: our priority 0 <= candidate's priority 1
2022-06-27 16:55:37,188 [grpc-default-executor-1] INFO  server.RaftServer$Division (RaftServerImpl.java:setRole(299)) - 6005e4a5-b457-424c-9515-b1921d45a496@group-2AF9492EFBFF: changes role from  FOLLOWER to FOLLOWER at term 2 for candidate:aff9d3c6-0a22-4090-bc43-74b57d8145ab
2022-06-27 16:55:37,188 [grpc-default-executor-1] INFO  impl.RoleInfo (RoleInfo.java:shutdownFollowerState(110)) - 6005e4a5-b457-424c-9515-b1921d45a496: shutdown 6005e4a5-b457-424c-9515-b1921d45a496@group-2AF9492EFBFF-FollowerState
2022-06-27 16:55:37,188 [grpc-default-executor-1] INFO  impl.RoleInfo (RoleInfo.java:updateAndGet(139)) - 6005e4a5-b457-424c-9515-b1921d45a496: start 6005e4a5-b457-424c-9515-b1921d45a496@group-2AF9492EFBFF-FollowerState
2022-06-27 16:55:37,188 [6005e4a5-b457-424c-9515-b1921d45a496@group-2AF9492EFBFF-FollowerState] INFO  impl.FollowerState (FollowerState.java:run(152)) - 6005e4a5-b457-424c-9515-b1921d45a496@group-2AF9492EFBFF-FollowerState was interrupted
2022-06-27 16:55:37,217 [Time-limited test] INFO  rpc.RpcClient (RpcClient.java:createBucket(666)) - Creating Bucket: volume15153/bucket03297, with the Bucket Layout LEGACY, runner as owner, Versioning false, Storage Type set to DISK and Encryption set to false 
2022-06-27 16:55:37,225 [grpc-default-executor-1] INFO  server.RaftServer$Division (RaftServerImpl.java:requestVote(1184)) - 6005e4a5-b457-424c-9515-b1921d45a496@group-2AF9492EFBFF replies to ELECTION vote request: aff9d3c6-0a22-4090-bc43-74b57d8145ab<-6005e4a5-b457-424c-9515-b1921d45a496#0:OK-t2. Peer's state: 6005e4a5-b457-424c-9515-b1921d45a496@group-2AF9492EFBFF:t2, leader=null, voted=aff9d3c6-0a22-4090-bc43-74b57d8145ab, raftlog=6005e4a5-b457-424c-9515-b1921d45a496@group-2AF9492EFBFF-SegmentedRaftLog:OPENED:c-1, conf=-1: [e3b02d69-2174-44c4-baa7-18bae5c8063e|rpc:10.1.0.22:34863|dataStream:|priority:0, 6005e4a5-b457-424c-9515-b1921d45a496|rpc:10.1.0.22:45857|dataStream:|priority:0, aff9d3c6-0a22-4090-bc43-74b57d8145ab|rpc:10.1.0.22:36293|dataStream:|priority:1], old=null
2022-06-27 16:55:37,227 [OM StateMachine ApplyTransaction Thread - 0] INFO  bucket.OMBucketCreateRequest (OMBucketCreateRequest.java:validateAndUpdateCache(260)) - created bucket: bucket03297 of layout LEGACY in volume: volume15153
2022-06-27 16:55:37,253 [e3b02d69-2174-44c4-baa7-18bae5c8063e-server-thread1] INFO  ratis.XceiverServerRatis (XceiverServerRatis.java:handleLeaderChangedNotification(863)) - Leader change notification received for group: group-2AF9492EFBFF with new leaderId: aff9d3c6-0a22-4090-bc43-74b57d8145ab
2022-06-27 16:55:37,253 [e3b02d69-2174-44c4-baa7-18bae5c8063e-server-thread1] INFO  server.RaftServer$Division (ServerState.java:setLeader(287)) - e3b02d69-2174-44c4-baa7-18bae5c8063e@group-2AF9492EFBFF: change Leader from null to aff9d3c6-0a22-4090-bc43-74b57d8145ab at term 2 for appendEntries, leader elected after 10693ms
2022-06-27 16:55:37,261 [6005e4a5-b457-424c-9515-b1921d45a496-server-thread1] INFO  ratis.XceiverServerRatis (XceiverServerRatis.java:handleLeaderChangedNotification(863)) - Leader change notification received for group: group-2AF9492EFBFF with new leaderId: aff9d3c6-0a22-4090-bc43-74b57d8145ab
2022-06-27 16:55:37,261 [6005e4a5-b457-424c-9515-b1921d45a496-server-thread1] INFO  server.RaftServer$Division (ServerState.java:setLeader(287)) - 6005e4a5-b457-424c-9515-b1921d45a496@group-2AF9492EFBFF: change Leader from null to aff9d3c6-0a22-4090-bc43-74b57d8145ab at term 2 for appendEntries, leader elected after 10430ms
]]></system-out>
  </testcase>
  <testcase name="testDeleteCreatesFakeParentDir" classname="TestRootedOzoneFileSystem" time="0">
    <skipped type="org.junit.AssumptionViolatedException"><![CDATA[org.junit.AssumptionViolatedException: FS Path is enabled. Skipping this test as it is not tuned for FS Path yet
	at org.junit.Assume.assumeTrue(Assume.java:68)
	at org.apache.hadoop.fs.ozone.TestRootedOzoneFileSystem.testDeleteCreatesFakeParentDir(TestRootedOzoneFileSystem.java:318)
	at sun.reflect.NativeMethodAccessorImpl.invoke0(Native Method)
	at sun.reflect.NativeMethodAccessorImpl.invoke(NativeMethodAccessorImpl.java:62)
	at sun.reflect.DelegatingMethodAccessorImpl.invoke(DelegatingMethodAccessorImpl.java:43)
	at java.lang.reflect.Method.invoke(Method.java:498)
	at org.junit.runners.model.FrameworkMethod$1.runReflectiveCall(FrameworkMethod.java:59)
	at org.junit.internal.runners.model.ReflectiveCallable.run(ReflectiveCallable.java:12)
	at org.junit.runners.model.FrameworkMethod.invokeExplosively(FrameworkMethod.java:56)
	at org.junit.internal.runners.statements.InvokeMethod.evaluate(InvokeMethod.java:17)
	at org.junit.internal.runners.statements.RunBefores.evaluate(RunBefores.java:26)
	at org.junit.internal.runners.statements.RunAfters.evaluate(RunAfters.java:27)
	at org.junit.internal.runners.statements.FailOnTimeout$CallableStatement.call(FailOnTimeout.java:288)
	at org.junit.internal.runners.statements.FailOnTimeout$CallableStatement.call(FailOnTimeout.java:282)
	at java.util.concurrent.FutureTask.run(FutureTask.java:266)
	at java.lang.Thread.run(Thread.java:750)
]]></skipped>
    <system-out><![CDATA[2022-06-27 16:56:45,536 [Time-limited test] INFO  rpc.RpcClient (RpcClient.java:createVolume(466)) - Creating Volume: volume46822, with user64778 as owner and space quota set to -1 bytes, counts quota set to -1
2022-06-27 16:56:45,537 [IPC Server handler 5 on default port 40407] INFO  volume.OMVolumeCreateRequest (OMVolumeCreateRequest.java:validateAndUpdateCache(195)) - created volume:volume46822 for user:user64778
2022-06-27 16:56:45,540 [Time-limited test] INFO  rpc.RpcClient (RpcClient.java:createBucket(666)) - Creating Bucket: volume46822/bucket07353, with the Bucket Layout LEGACY, runner as owner, Versioning false, Storage Type set to DISK and Encryption set to false 
2022-06-27 16:56:45,540 [IPC Server handler 9 on default port 40407] INFO  bucket.OMBucketCreateRequest (OMBucketCreateRequest.java:validateAndUpdateCache(260)) - created bucket: bucket07353 of layout LEGACY in volume: volume46822
]]></system-out>
  </testcase>
  <testcase name="testDeleteCreatesFakeParentDir" classname="TestRootedOzoneFileSystem" time="0.226">
    <system-out><![CDATA[2022-06-27 16:58:03,339 [Time-limited test] INFO  rpc.RpcClient (RpcClient.java:createVolume(466)) - Creating Volume: volume08980, with user96043 as owner and space quota set to -1 bytes, counts quota set to -1
2022-06-27 16:58:03,341 [OM StateMachine ApplyTransaction Thread - 0] INFO  volume.OMVolumeCreateRequest (OMVolumeCreateRequest.java:validateAndUpdateCache(195)) - created volume:volume08980 for user:user96043
2022-06-27 16:58:03,342 [Time-limited test] INFO  rpc.RpcClient (RpcClient.java:createBucket(666)) - Creating Bucket: volume08980/bucket46212, with the Bucket Layout LEGACY, runner as owner, Versioning false, Storage Type set to DISK and Encryption set to false 
2022-06-27 16:58:03,343 [OM StateMachine ApplyTransaction Thread - 0] INFO  bucket.OMBucketCreateRequest (OMBucketCreateRequest.java:validateAndUpdateCache(260)) - created bucket: bucket46212 of layout LEGACY in volume: volume08980
]]></system-out>
  </testcase>
  <testcase name="testDeleteCreatesFakeParentDir" classname="TestRootedOzoneFileSystem" time="0.182">
    <system-out><![CDATA[2022-06-27 16:59:22,718 [Time-limited test] INFO  rpc.RpcClient (RpcClient.java:createVolume(466)) - Creating Volume: volume77771, with user30096 as owner and space quota set to -1 bytes, counts quota set to -1
2022-06-27 16:59:22,719 [IPC Server handler 12 on default port 35065] INFO  volume.OMVolumeCreateRequest (OMVolumeCreateRequest.java:validateAndUpdateCache(195)) - created volume:volume77771 for user:user30096
2022-06-27 16:59:22,722 [Time-limited test] INFO  rpc.RpcClient (RpcClient.java:createBucket(666)) - Creating Bucket: volume77771/bucket85506, with the Bucket Layout LEGACY, runner as owner, Versioning false, Storage Type set to DISK and Encryption set to false 
2022-06-27 16:59:22,722 [IPC Server handler 14 on default port 35065] INFO  bucket.OMBucketCreateRequest (OMBucketCreateRequest.java:validateAndUpdateCache(260)) - created bucket: bucket85506 of layout LEGACY in volume: volume77771
]]></system-out>
  </testcase>
  <testcase name="testNonExplicitlyCreatedPathExistsAfterItsLeafsWereRemoved" classname="TestRootedOzoneFileSystem" time="0.097">
    <system-out><![CDATA[2022-06-27 16:54:32,773 [Time-limited test] INFO  rpc.RpcClient (RpcClient.java:createVolume(466)) - Creating Volume: volume62289, with user96861 as owner and space quota set to -1 bytes, counts quota set to -1
2022-06-27 16:54:32,776 [OM StateMachine ApplyTransaction Thread - 0] INFO  volume.OMVolumeCreateRequest (OMVolumeCreateRequest.java:validateAndUpdateCache(195)) - created volume:volume62289 for user:user96861
2022-06-27 16:54:32,778 [Time-limited test] INFO  rpc.RpcClient (RpcClient.java:createBucket(666)) - Creating Bucket: volume62289/bucket35392, with the Bucket Layout LEGACY, runner as owner, Versioning false, Storage Type set to DISK and Encryption set to false 
2022-06-27 16:54:32,780 [OM StateMachine ApplyTransaction Thread - 0] INFO  bucket.OMBucketCreateRequest (OMBucketCreateRequest.java:validateAndUpdateCache(260)) - created bucket: bucket35392 of layout LEGACY in volume: volume62289
16:54:32.794 [IPC Server handler 18 on default port 44473] ERROR OMAudit - user=runner | ip=127.0.0.1 | op=GET_FILE_STATUS {volume=volume62289, bucket=bucket35392, key=target/leaf, dataSize=0, replicationConfig=null} | ret=FAILURE
org.apache.hadoop.ozone.om.exceptions.OMException: Unable to get file status: volume: volume62289 bucket: bucket35392 key: target/leaf
	at org.apache.hadoop.ozone.om.KeyManagerImpl.getOzoneFileStatus(KeyManagerImpl.java:1311) ~[ozone-manager-1.3.0-SNAPSHOT.jar:?]
	at org.apache.hadoop.ozone.om.KeyManagerImpl.getFileStatus(KeyManagerImpl.java:1241) ~[ozone-manager-1.3.0-SNAPSHOT.jar:?]
	at org.apache.hadoop.ozone.om.OzoneManager.getFileStatus(OzoneManager.java:3419) ~[ozone-manager-1.3.0-SNAPSHOT.jar:?]
	at org.apache.hadoop.ozone.protocolPB.OzoneManagerRequestHandler.getOzoneFileStatus(OzoneManagerRequestHandler.java:871) ~[ozone-manager-1.3.0-SNAPSHOT.jar:?]
	at org.apache.hadoop.ozone.protocolPB.OzoneManagerRequestHandler.handleReadRequest(OzoneManagerRequestHandler.java:217) ~[ozone-manager-1.3.0-SNAPSHOT.jar:?]
	at org.apache.hadoop.ozone.protocolPB.OzoneManagerProtocolServerSideTranslatorPB.submitReadRequestToOM(OzoneManagerProtocolServerSideTranslatorPB.java:226) ~[ozone-manager-1.3.0-SNAPSHOT.jar:?]
	at org.apache.hadoop.ozone.protocolPB.OzoneManagerProtocolServerSideTranslatorPB.processRequest(OzoneManagerProtocolServerSideTranslatorPB.java:175) ~[ozone-manager-1.3.0-SNAPSHOT.jar:?]
	at org.apache.hadoop.hdds.server.OzoneProtocolMessageDispatcher.processRequest(OzoneProtocolMessageDispatcher.java:87) [hdds-server-framework-1.3.0-SNAPSHOT.jar:?]
	at org.apache.hadoop.ozone.protocolPB.OzoneManagerProtocolServerSideTranslatorPB.submitRequest(OzoneManagerProtocolServerSideTranslatorPB.java:147) [ozone-manager-1.3.0-SNAPSHOT.jar:?]
	at org.apache.hadoop.ozone.protocol.proto.OzoneManagerProtocolProtos$OzoneManagerService$2.callBlockingMethod(OzoneManagerProtocolProtos.java) [ozone-interface-client-1.3.0-SNAPSHOT.jar:?]
	at org.apache.hadoop.ipc.ProtobufRpcEngine$Server.processCall(ProtobufRpcEngine.java:466) [hadoop-common-3.3.1.jar:?]
	at org.apache.hadoop.ipc.ProtobufRpcEngine2$Server$ProtoBufRpcInvoker.call(ProtobufRpcEngine2.java:574) [hadoop-common-3.3.1.jar:?]
	at org.apache.hadoop.ipc.ProtobufRpcEngine2$Server$ProtoBufRpcInvoker.call(ProtobufRpcEngine2.java:552) [hadoop-common-3.3.1.jar:?]
	at org.apache.hadoop.ipc.RPC$Server.call(RPC.java:1093) [hadoop-common-3.3.1.jar:?]
	at org.apache.hadoop.ipc.Server$RpcCall.run(Server.java:1035) [hadoop-common-3.3.1.jar:?]
	at org.apache.hadoop.ipc.Server$RpcCall.run(Server.java:963) [hadoop-common-3.3.1.jar:?]
	at java.security.AccessController.doPrivileged(Native Method) ~[?:1.8.0_332]
	at javax.security.auth.Subject.doAs(Subject.java:422) [?:1.8.0_332]
	at org.apache.hadoop.security.UserGroupInformation.doAs(UserGroupInformation.java:1878) [hadoop-common-3.3.1.jar:?]
	at org.apache.hadoop.ipc.Server$Handler.run(Server.java:2966) [hadoop-common-3.3.1.jar:?]
]]></system-out>
  </testcase>
  <testcase name="testNonExplicitlyCreatedPathExistsAfterItsLeafsWereRemoved" classname="TestRootedOzoneFileSystem" time="0.23">
    <system-out><![CDATA[2022-06-27 16:55:37,285 [6005e4a5-b457-424c-9515-b1921d45a496-server-thread1] INFO  server.RaftServer$Division (ServerState.java:setRaftConf(393)) - 6005e4a5-b457-424c-9515-b1921d45a496@group-2AF9492EFBFF: set configuration 0: [e3b02d69-2174-44c4-baa7-18bae5c8063e|rpc:10.1.0.22:34863|dataStream:|priority:0, 6005e4a5-b457-424c-9515-b1921d45a496|rpc:10.1.0.22:45857|dataStream:|priority:0, aff9d3c6-0a22-4090-bc43-74b57d8145ab|rpc:10.1.0.22:36293|dataStream:|priority:1], old=null
2022-06-27 16:55:37,285 [6005e4a5-b457-424c-9515-b1921d45a496-server-thread1] INFO  segmented.SegmentedRaftLogWorker (SegmentedRaftLogWorker.java:startLogSegment(425)) - 6005e4a5-b457-424c-9515-b1921d45a496@group-2AF9492EFBFF-SegmentedRaftLogWorker: Starting segment from index:0
2022-06-27 16:55:37,287 [6005e4a5-b457-424c-9515-b1921d45a496@group-2AF9492EFBFF-SegmentedRaftLogWorker] INFO  segmented.SegmentedRaftLogWorker (SegmentedRaftLogWorker.java:execute(629)) - 6005e4a5-b457-424c-9515-b1921d45a496@group-2AF9492EFBFF-SegmentedRaftLogWorker: created new log segment /home/runner/work/ozone/ozone/hadoop-ozone/integration-test/target/test-dir/MiniOzoneClusterImpl-d171279b-4677-4c73-a7d6-55d9627e9d51/datanode-1/data/ratis/b89a4c6b-e107-4741-ac45-2af9492efbff/current/log_inprogress_0
2022-06-27 16:55:37,333 [e3b02d69-2174-44c4-baa7-18bae5c8063e-server-thread1] INFO  server.RaftServer$Division (ServerState.java:setRaftConf(393)) - e3b02d69-2174-44c4-baa7-18bae5c8063e@group-2AF9492EFBFF: set configuration 0: [e3b02d69-2174-44c4-baa7-18bae5c8063e|rpc:10.1.0.22:34863|dataStream:|priority:0, 6005e4a5-b457-424c-9515-b1921d45a496|rpc:10.1.0.22:45857|dataStream:|priority:0, aff9d3c6-0a22-4090-bc43-74b57d8145ab|rpc:10.1.0.22:36293|dataStream:|priority:1], old=null
2022-06-27 16:55:37,333 [e3b02d69-2174-44c4-baa7-18bae5c8063e-server-thread1] INFO  segmented.SegmentedRaftLogWorker (SegmentedRaftLogWorker.java:startLogSegment(425)) - e3b02d69-2174-44c4-baa7-18bae5c8063e@group-2AF9492EFBFF-SegmentedRaftLogWorker: Starting segment from index:0
2022-06-27 16:55:37,338 [e3b02d69-2174-44c4-baa7-18bae5c8063e@group-2AF9492EFBFF-SegmentedRaftLogWorker] INFO  segmented.SegmentedRaftLogWorker (SegmentedRaftLogWorker.java:execute(629)) - e3b02d69-2174-44c4-baa7-18bae5c8063e@group-2AF9492EFBFF-SegmentedRaftLogWorker: created new log segment /home/runner/work/ozone/ozone/hadoop-ozone/integration-test/target/test-dir/MiniOzoneClusterImpl-d171279b-4677-4c73-a7d6-55d9627e9d51/datanode-0/data/ratis/b89a4c6b-e107-4741-ac45-2af9492efbff/current/log_inprogress_0
2022-06-27 16:55:37,417 [Time-limited test] INFO  rpc.RpcClient (RpcClient.java:createVolume(466)) - Creating Volume: volume70976, with user56721 as owner and space quota set to -1 bytes, counts quota set to -1
2022-06-27 16:55:37,418 [OM StateMachine ApplyTransaction Thread - 0] INFO  volume.OMVolumeCreateRequest (OMVolumeCreateRequest.java:validateAndUpdateCache(195)) - created volume:volume70976 for user:user56721
2022-06-27 16:55:37,419 [Time-limited test] INFO  rpc.RpcClient (RpcClient.java:createBucket(666)) - Creating Bucket: volume70976/bucket38783, with the Bucket Layout LEGACY, runner as owner, Versioning false, Storage Type set to DISK and Encryption set to false 
2022-06-27 16:55:37,426 [OM StateMachine ApplyTransaction Thread - 0] INFO  bucket.OMBucketCreateRequest (OMBucketCreateRequest.java:validateAndUpdateCache(260)) - created bucket: bucket38783 of layout LEGACY in volume: volume70976
16:55:37.470 [IPC Server handler 4 on default port 39955] ERROR OMAudit - user=runner | ip=127.0.0.1 | op=GET_FILE_STATUS {volume=volume70976, bucket=bucket38783, key=target/leaf, dataSize=0, replicationConfig=null} | ret=FAILURE
org.apache.hadoop.ozone.om.exceptions.OMException: Unable to get file status: volume: volume70976 bucket: bucket38783 key: target/leaf
	at org.apache.hadoop.ozone.om.KeyManagerImpl.getOzoneFileStatus(KeyManagerImpl.java:1311) ~[ozone-manager-1.3.0-SNAPSHOT.jar:?]
	at org.apache.hadoop.ozone.om.KeyManagerImpl.getFileStatus(KeyManagerImpl.java:1241) ~[ozone-manager-1.3.0-SNAPSHOT.jar:?]
	at org.apache.hadoop.ozone.om.OzoneManager.getFileStatus(OzoneManager.java:3419) ~[ozone-manager-1.3.0-SNAPSHOT.jar:?]
	at org.apache.hadoop.ozone.protocolPB.OzoneManagerRequestHandler.getOzoneFileStatus(OzoneManagerRequestHandler.java:871) ~[ozone-manager-1.3.0-SNAPSHOT.jar:?]
	at org.apache.hadoop.ozone.protocolPB.OzoneManagerRequestHandler.handleReadRequest(OzoneManagerRequestHandler.java:217) ~[ozone-manager-1.3.0-SNAPSHOT.jar:?]
	at org.apache.hadoop.ozone.protocolPB.OzoneManagerProtocolServerSideTranslatorPB.submitReadRequestToOM(OzoneManagerProtocolServerSideTranslatorPB.java:226) ~[ozone-manager-1.3.0-SNAPSHOT.jar:?]
	at org.apache.hadoop.ozone.protocolPB.OzoneManagerProtocolServerSideTranslatorPB.processRequest(OzoneManagerProtocolServerSideTranslatorPB.java:175) ~[ozone-manager-1.3.0-SNAPSHOT.jar:?]
	at org.apache.hadoop.hdds.server.OzoneProtocolMessageDispatcher.processRequest(OzoneProtocolMessageDispatcher.java:87) [hdds-server-framework-1.3.0-SNAPSHOT.jar:?]
	at org.apache.hadoop.ozone.protocolPB.OzoneManagerProtocolServerSideTranslatorPB.submitRequest(OzoneManagerProtocolServerSideTranslatorPB.java:147) [ozone-manager-1.3.0-SNAPSHOT.jar:?]
	at org.apache.hadoop.ozone.protocol.proto.OzoneManagerProtocolProtos$OzoneManagerService$2.callBlockingMethod(OzoneManagerProtocolProtos.java) [ozone-interface-client-1.3.0-SNAPSHOT.jar:?]
	at org.apache.hadoop.ipc.ProtobufRpcEngine$Server.processCall(ProtobufRpcEngine.java:466) [hadoop-common-3.3.1.jar:?]
	at org.apache.hadoop.ipc.ProtobufRpcEngine2$Server$ProtoBufRpcInvoker.call(ProtobufRpcEngine2.java:574) [hadoop-common-3.3.1.jar:?]
	at org.apache.hadoop.ipc.ProtobufRpcEngine2$Server$ProtoBufRpcInvoker.call(ProtobufRpcEngine2.java:552) [hadoop-common-3.3.1.jar:?]
	at org.apache.hadoop.ipc.RPC$Server.call(RPC.java:1093) [hadoop-common-3.3.1.jar:?]
	at org.apache.hadoop.ipc.Server$RpcCall.run(Server.java:1035) [hadoop-common-3.3.1.jar:?]
	at org.apache.hadoop.ipc.Server$RpcCall.run(Server.java:963) [hadoop-common-3.3.1.jar:?]
	at java.security.AccessController.doPrivileged(Native Method) ~[?:1.8.0_332]
	at javax.security.auth.Subject.doAs(Subject.java:422) [?:1.8.0_332]
	at org.apache.hadoop.security.UserGroupInformation.doAs(UserGroupInformation.java:1878) [hadoop-common-3.3.1.jar:?]
	at org.apache.hadoop.ipc.Server$Handler.run(Server.java:2966) [hadoop-common-3.3.1.jar:?]
]]></system-out>
  </testcase>
  <testcase name="testNonExplicitlyCreatedPathExistsAfterItsLeafsWereRemoved" classname="TestRootedOzoneFileSystem" time="0.085">
    <system-out><![CDATA[2022-06-27 16:56:45,594 [Time-limited test] INFO  rpc.RpcClient (RpcClient.java:createVolume(466)) - Creating Volume: volume78719, with user07848 as owner and space quota set to -1 bytes, counts quota set to -1
2022-06-27 16:56:45,600 [IPC Server handler 6 on default port 40407] INFO  volume.OMVolumeCreateRequest (OMVolumeCreateRequest.java:validateAndUpdateCache(195)) - created volume:volume78719 for user:user07848
2022-06-27 16:56:45,602 [Time-limited test] INFO  rpc.RpcClient (RpcClient.java:createBucket(666)) - Creating Bucket: volume78719/bucket87717, with the Bucket Layout LEGACY, runner as owner, Versioning false, Storage Type set to DISK and Encryption set to false 
2022-06-27 16:56:45,602 [IPC Server handler 10 on default port 40407] INFO  bucket.OMBucketCreateRequest (OMBucketCreateRequest.java:validateAndUpdateCache(260)) - created bucket: bucket87717 of layout LEGACY in volume: volume78719
16:56:45.617 [IPC Server handler 3 on default port 40407] ERROR OMAudit - user=runner | ip=127.0.0.1 | op=GET_FILE_STATUS {volume=volume78719, bucket=bucket87717, key=target/leaf, dataSize=0, replicationConfig=null} | ret=FAILURE
org.apache.hadoop.ozone.om.exceptions.OMException: Unable to get file status: volume: volume78719 bucket: bucket87717 key: target/leaf
	at org.apache.hadoop.ozone.om.KeyManagerImpl.getOzoneFileStatus(KeyManagerImpl.java:1311) ~[ozone-manager-1.3.0-SNAPSHOT.jar:?]
	at org.apache.hadoop.ozone.om.KeyManagerImpl.getFileStatus(KeyManagerImpl.java:1241) ~[ozone-manager-1.3.0-SNAPSHOT.jar:?]
	at org.apache.hadoop.ozone.om.OzoneManager.getFileStatus(OzoneManager.java:3419) ~[ozone-manager-1.3.0-SNAPSHOT.jar:?]
	at org.apache.hadoop.ozone.protocolPB.OzoneManagerRequestHandler.getOzoneFileStatus(OzoneManagerRequestHandler.java:871) ~[ozone-manager-1.3.0-SNAPSHOT.jar:?]
	at org.apache.hadoop.ozone.protocolPB.OzoneManagerRequestHandler.handleReadRequest(OzoneManagerRequestHandler.java:217) ~[ozone-manager-1.3.0-SNAPSHOT.jar:?]
	at org.apache.hadoop.ozone.protocolPB.OzoneManagerProtocolServerSideTranslatorPB.submitRequestDirectlyToOM(OzoneManagerProtocolServerSideTranslatorPB.java:276) ~[ozone-manager-1.3.0-SNAPSHOT.jar:?]
	at org.apache.hadoop.ozone.protocolPB.OzoneManagerProtocolServerSideTranslatorPB.processRequest(OzoneManagerProtocolServerSideTranslatorPB.java:205) ~[ozone-manager-1.3.0-SNAPSHOT.jar:?]
	at org.apache.hadoop.hdds.server.OzoneProtocolMessageDispatcher.processRequest(OzoneProtocolMessageDispatcher.java:87) [hdds-server-framework-1.3.0-SNAPSHOT.jar:?]
	at org.apache.hadoop.ozone.protocolPB.OzoneManagerProtocolServerSideTranslatorPB.submitRequest(OzoneManagerProtocolServerSideTranslatorPB.java:147) [ozone-manager-1.3.0-SNAPSHOT.jar:?]
	at org.apache.hadoop.ozone.protocol.proto.OzoneManagerProtocolProtos$OzoneManagerService$2.callBlockingMethod(OzoneManagerProtocolProtos.java) [ozone-interface-client-1.3.0-SNAPSHOT.jar:?]
	at org.apache.hadoop.ipc.ProtobufRpcEngine$Server.processCall(ProtobufRpcEngine.java:466) [hadoop-common-3.3.1.jar:?]
	at org.apache.hadoop.ipc.ProtobufRpcEngine2$Server$ProtoBufRpcInvoker.call(ProtobufRpcEngine2.java:574) [hadoop-common-3.3.1.jar:?]
	at org.apache.hadoop.ipc.ProtobufRpcEngine2$Server$ProtoBufRpcInvoker.call(ProtobufRpcEngine2.java:552) [hadoop-common-3.3.1.jar:?]
	at org.apache.hadoop.ipc.RPC$Server.call(RPC.java:1093) [hadoop-common-3.3.1.jar:?]
	at org.apache.hadoop.ipc.Server$RpcCall.run(Server.java:1035) [hadoop-common-3.3.1.jar:?]
	at org.apache.hadoop.ipc.Server$RpcCall.run(Server.java:963) [hadoop-common-3.3.1.jar:?]
	at java.security.AccessController.doPrivileged(Native Method) ~[?:1.8.0_332]
	at javax.security.auth.Subject.doAs(Subject.java:422) [?:1.8.0_332]
	at org.apache.hadoop.security.UserGroupInformation.doAs(UserGroupInformation.java:1878) [hadoop-common-3.3.1.jar:?]
	at org.apache.hadoop.ipc.Server$Handler.run(Server.java:2966) [hadoop-common-3.3.1.jar:?]
]]></system-out>
  </testcase>
  <testcase name="testNonExplicitlyCreatedPathExistsAfterItsLeafsWereRemoved" classname="TestRootedOzoneFileSystem" time="0.151">
    <system-out><![CDATA[2022-06-27 16:58:03,517 [Time-limited test] INFO  rpc.RpcClient (RpcClient.java:createVolume(466)) - Creating Volume: volume83247, with user42242 as owner and space quota set to -1 bytes, counts quota set to -1
2022-06-27 16:58:03,521 [OM StateMachine ApplyTransaction Thread - 0] INFO  volume.OMVolumeCreateRequest (OMVolumeCreateRequest.java:validateAndUpdateCache(195)) - created volume:volume83247 for user:user42242
2022-06-27 16:58:03,522 [Time-limited test] INFO  rpc.RpcClient (RpcClient.java:createBucket(666)) - Creating Bucket: volume83247/bucket48751, with the Bucket Layout LEGACY, runner as owner, Versioning false, Storage Type set to DISK and Encryption set to false 
2022-06-27 16:58:03,523 [OM StateMachine ApplyTransaction Thread - 0] INFO  bucket.OMBucketCreateRequest (OMBucketCreateRequest.java:validateAndUpdateCache(260)) - created bucket: bucket48751 of layout LEGACY in volume: volume83247
16:58:03.544 [IPC Server handler 5 on default port 40965] ERROR OMAudit - user=runner | ip=127.0.0.1 | op=GET_FILE_STATUS {volume=volume83247, bucket=bucket48751, key=target/leaf, dataSize=0, replicationConfig=null} | ret=FAILURE
org.apache.hadoop.ozone.om.exceptions.OMException: Unable to get file status: volume: volume83247 bucket: bucket48751 key: target/leaf
	at org.apache.hadoop.ozone.om.KeyManagerImpl.getOzoneFileStatus(KeyManagerImpl.java:1311) ~[ozone-manager-1.3.0-SNAPSHOT.jar:?]
	at org.apache.hadoop.ozone.om.KeyManagerImpl.getFileStatus(KeyManagerImpl.java:1241) ~[ozone-manager-1.3.0-SNAPSHOT.jar:?]
	at org.apache.hadoop.ozone.om.OzoneManager.getFileStatus(OzoneManager.java:3419) ~[ozone-manager-1.3.0-SNAPSHOT.jar:?]
	at org.apache.hadoop.ozone.protocolPB.OzoneManagerRequestHandler.getOzoneFileStatus(OzoneManagerRequestHandler.java:871) ~[ozone-manager-1.3.0-SNAPSHOT.jar:?]
	at org.apache.hadoop.ozone.protocolPB.OzoneManagerRequestHandler.handleReadRequest(OzoneManagerRequestHandler.java:217) ~[ozone-manager-1.3.0-SNAPSHOT.jar:?]
	at org.apache.hadoop.ozone.protocolPB.OzoneManagerProtocolServerSideTranslatorPB.submitReadRequestToOM(OzoneManagerProtocolServerSideTranslatorPB.java:226) ~[ozone-manager-1.3.0-SNAPSHOT.jar:?]
	at org.apache.hadoop.ozone.protocolPB.OzoneManagerProtocolServerSideTranslatorPB.processRequest(OzoneManagerProtocolServerSideTranslatorPB.java:175) ~[ozone-manager-1.3.0-SNAPSHOT.jar:?]
	at org.apache.hadoop.hdds.server.OzoneProtocolMessageDispatcher.processRequest(OzoneProtocolMessageDispatcher.java:87) [hdds-server-framework-1.3.0-SNAPSHOT.jar:?]
	at org.apache.hadoop.ozone.protocolPB.OzoneManagerProtocolServerSideTranslatorPB.submitRequest(OzoneManagerProtocolServerSideTranslatorPB.java:147) [ozone-manager-1.3.0-SNAPSHOT.jar:?]
	at org.apache.hadoop.ozone.protocol.proto.OzoneManagerProtocolProtos$OzoneManagerService$2.callBlockingMethod(OzoneManagerProtocolProtos.java) [ozone-interface-client-1.3.0-SNAPSHOT.jar:?]
	at org.apache.hadoop.ipc.ProtobufRpcEngine$Server.processCall(ProtobufRpcEngine.java:466) [hadoop-common-3.3.1.jar:?]
	at org.apache.hadoop.ipc.ProtobufRpcEngine2$Server$ProtoBufRpcInvoker.call(ProtobufRpcEngine2.java:574) [hadoop-common-3.3.1.jar:?]
	at org.apache.hadoop.ipc.ProtobufRpcEngine2$Server$ProtoBufRpcInvoker.call(ProtobufRpcEngine2.java:552) [hadoop-common-3.3.1.jar:?]
	at org.apache.hadoop.ipc.RPC$Server.call(RPC.java:1093) [hadoop-common-3.3.1.jar:?]
	at org.apache.hadoop.ipc.Server$RpcCall.run(Server.java:1035) [hadoop-common-3.3.1.jar:?]
	at org.apache.hadoop.ipc.Server$RpcCall.run(Server.java:963) [hadoop-common-3.3.1.jar:?]
	at java.security.AccessController.doPrivileged(Native Method) ~[?:1.8.0_332]
	at javax.security.auth.Subject.doAs(Subject.java:422) [?:1.8.0_332]
	at org.apache.hadoop.security.UserGroupInformation.doAs(UserGroupInformation.java:1878) [hadoop-common-3.3.1.jar:?]
	at org.apache.hadoop.ipc.Server$Handler.run(Server.java:2966) [hadoop-common-3.3.1.jar:?]
]]></system-out>
  </testcase>
  <testcase name="testNonExplicitlyCreatedPathExistsAfterItsLeafsWereRemoved" classname="TestRootedOzoneFileSystem" time="0.148">
    <system-out><![CDATA[2022-06-27 16:59:22,906 [Time-limited test] INFO  rpc.RpcClient (RpcClient.java:createVolume(466)) - Creating Volume: volume12151, with user59053 as owner and space quota set to -1 bytes, counts quota set to -1
2022-06-27 16:59:22,906 [IPC Server handler 3 on default port 35065] INFO  volume.OMVolumeCreateRequest (OMVolumeCreateRequest.java:validateAndUpdateCache(195)) - created volume:volume12151 for user:user59053
2022-06-27 16:59:22,907 [Time-limited test] INFO  rpc.RpcClient (RpcClient.java:createBucket(666)) - Creating Bucket: volume12151/bucket19172, with the Bucket Layout LEGACY, runner as owner, Versioning false, Storage Type set to DISK and Encryption set to false 
2022-06-27 16:59:22,907 [IPC Server handler 8 on default port 35065] INFO  bucket.OMBucketCreateRequest (OMBucketCreateRequest.java:validateAndUpdateCache(260)) - created bucket: bucket19172 of layout LEGACY in volume: volume12151
16:59:22.911 [IPC Server handler 6 on default port 35065] ERROR OMAudit - user=runner | ip=127.0.0.1 | op=GET_FILE_STATUS {volume=volume12151, bucket=bucket19172, key=target/leaf, dataSize=0, replicationConfig=null} | ret=FAILURE
org.apache.hadoop.ozone.om.exceptions.OMException: Unable to get file status: volume: volume12151 bucket: bucket19172 key: target/leaf
	at org.apache.hadoop.ozone.om.KeyManagerImpl.getOzoneFileStatus(KeyManagerImpl.java:1311) ~[ozone-manager-1.3.0-SNAPSHOT.jar:?]
	at org.apache.hadoop.ozone.om.KeyManagerImpl.getFileStatus(KeyManagerImpl.java:1241) ~[ozone-manager-1.3.0-SNAPSHOT.jar:?]
	at org.apache.hadoop.ozone.om.OzoneManager.getFileStatus(OzoneManager.java:3419) ~[ozone-manager-1.3.0-SNAPSHOT.jar:?]
	at org.apache.hadoop.ozone.protocolPB.OzoneManagerRequestHandler.getOzoneFileStatus(OzoneManagerRequestHandler.java:871) ~[ozone-manager-1.3.0-SNAPSHOT.jar:?]
	at org.apache.hadoop.ozone.protocolPB.OzoneManagerRequestHandler.handleReadRequest(OzoneManagerRequestHandler.java:217) ~[ozone-manager-1.3.0-SNAPSHOT.jar:?]
	at org.apache.hadoop.ozone.protocolPB.OzoneManagerProtocolServerSideTranslatorPB.submitRequestDirectlyToOM(OzoneManagerProtocolServerSideTranslatorPB.java:276) ~[ozone-manager-1.3.0-SNAPSHOT.jar:?]
	at org.apache.hadoop.ozone.protocolPB.OzoneManagerProtocolServerSideTranslatorPB.processRequest(OzoneManagerProtocolServerSideTranslatorPB.java:205) ~[ozone-manager-1.3.0-SNAPSHOT.jar:?]
	at org.apache.hadoop.hdds.server.OzoneProtocolMessageDispatcher.processRequest(OzoneProtocolMessageDispatcher.java:87) [hdds-server-framework-1.3.0-SNAPSHOT.jar:?]
	at org.apache.hadoop.ozone.protocolPB.OzoneManagerProtocolServerSideTranslatorPB.submitRequest(OzoneManagerProtocolServerSideTranslatorPB.java:147) [ozone-manager-1.3.0-SNAPSHOT.jar:?]
	at org.apache.hadoop.ozone.protocol.proto.OzoneManagerProtocolProtos$OzoneManagerService$2.callBlockingMethod(OzoneManagerProtocolProtos.java) [ozone-interface-client-1.3.0-SNAPSHOT.jar:?]
	at org.apache.hadoop.ipc.ProtobufRpcEngine$Server.processCall(ProtobufRpcEngine.java:466) [hadoop-common-3.3.1.jar:?]
	at org.apache.hadoop.ipc.ProtobufRpcEngine2$Server$ProtoBufRpcInvoker.call(ProtobufRpcEngine2.java:574) [hadoop-common-3.3.1.jar:?]
	at org.apache.hadoop.ipc.ProtobufRpcEngine2$Server$ProtoBufRpcInvoker.call(ProtobufRpcEngine2.java:552) [hadoop-common-3.3.1.jar:?]
	at org.apache.hadoop.ipc.RPC$Server.call(RPC.java:1093) [hadoop-common-3.3.1.jar:?]
	at org.apache.hadoop.ipc.Server$RpcCall.run(Server.java:1035) [hadoop-common-3.3.1.jar:?]
	at org.apache.hadoop.ipc.Server$RpcCall.run(Server.java:963) [hadoop-common-3.3.1.jar:?]
	at java.security.AccessController.doPrivileged(Native Method) ~[?:1.8.0_332]
	at javax.security.auth.Subject.doAs(Subject.java:422) [?:1.8.0_332]
	at org.apache.hadoop.security.UserGroupInformation.doAs(UserGroupInformation.java:1878) [hadoop-common-3.3.1.jar:?]
	at org.apache.hadoop.ipc.Server$Handler.run(Server.java:2966) [hadoop-common-3.3.1.jar:?]
]]></system-out>
  </testcase>
  <testcase name="testFileDelete" classname="TestRootedOzoneFileSystem" time="0.223">
    <system-out><![CDATA[2022-06-27 16:54:32,872 [Time-limited test] INFO  rpc.RpcClient (RpcClient.java:createVolume(466)) - Creating Volume: volume64187, with user63193 as owner and space quota set to -1 bytes, counts quota set to -1
2022-06-27 16:54:32,875 [OM StateMachine ApplyTransaction Thread - 0] INFO  volume.OMVolumeCreateRequest (OMVolumeCreateRequest.java:validateAndUpdateCache(195)) - created volume:volume64187 for user:user63193
2022-06-27 16:54:32,877 [Time-limited test] INFO  rpc.RpcClient (RpcClient.java:createBucket(666)) - Creating Bucket: volume64187/bucket04000, with the Bucket Layout LEGACY, runner as owner, Versioning false, Storage Type set to DISK and Encryption set to false 
2022-06-27 16:54:32,879 [OM StateMachine ApplyTransaction Thread - 0] INFO  bucket.OMBucketCreateRequest (OMBucketCreateRequest.java:validateAndUpdateCache(260)) - created bucket: bucket04000 of layout LEGACY in volume: volume64187
16:54:33.026 [IPC Server handler 11 on default port 44473] ERROR OMAudit - user=runner | ip=127.0.0.1 | op=GET_FILE_STATUS {volume=volume64187, bucket=bucket04000, key=testBatchDelete, dataSize=0, replicationConfig=null} | ret=FAILURE
org.apache.hadoop.ozone.om.exceptions.OMException: Unable to get file status: volume: volume64187 bucket: bucket04000 key: testBatchDelete
	at org.apache.hadoop.ozone.om.KeyManagerImpl.getOzoneFileStatus(KeyManagerImpl.java:1311) ~[ozone-manager-1.3.0-SNAPSHOT.jar:?]
	at org.apache.hadoop.ozone.om.KeyManagerImpl.getFileStatus(KeyManagerImpl.java:1241) ~[ozone-manager-1.3.0-SNAPSHOT.jar:?]
	at org.apache.hadoop.ozone.om.OzoneManager.getFileStatus(OzoneManager.java:3419) ~[ozone-manager-1.3.0-SNAPSHOT.jar:?]
	at org.apache.hadoop.ozone.protocolPB.OzoneManagerRequestHandler.getOzoneFileStatus(OzoneManagerRequestHandler.java:871) ~[ozone-manager-1.3.0-SNAPSHOT.jar:?]
	at org.apache.hadoop.ozone.protocolPB.OzoneManagerRequestHandler.handleReadRequest(OzoneManagerRequestHandler.java:217) ~[ozone-manager-1.3.0-SNAPSHOT.jar:?]
	at org.apache.hadoop.ozone.protocolPB.OzoneManagerProtocolServerSideTranslatorPB.submitReadRequestToOM(OzoneManagerProtocolServerSideTranslatorPB.java:226) ~[ozone-manager-1.3.0-SNAPSHOT.jar:?]
	at org.apache.hadoop.ozone.protocolPB.OzoneManagerProtocolServerSideTranslatorPB.processRequest(OzoneManagerProtocolServerSideTranslatorPB.java:175) ~[ozone-manager-1.3.0-SNAPSHOT.jar:?]
	at org.apache.hadoop.hdds.server.OzoneProtocolMessageDispatcher.processRequest(OzoneProtocolMessageDispatcher.java:87) [hdds-server-framework-1.3.0-SNAPSHOT.jar:?]
	at org.apache.hadoop.ozone.protocolPB.OzoneManagerProtocolServerSideTranslatorPB.submitRequest(OzoneManagerProtocolServerSideTranslatorPB.java:147) [ozone-manager-1.3.0-SNAPSHOT.jar:?]
	at org.apache.hadoop.ozone.protocol.proto.OzoneManagerProtocolProtos$OzoneManagerService$2.callBlockingMethod(OzoneManagerProtocolProtos.java) [ozone-interface-client-1.3.0-SNAPSHOT.jar:?]
	at org.apache.hadoop.ipc.ProtobufRpcEngine$Server.processCall(ProtobufRpcEngine.java:466) [hadoop-common-3.3.1.jar:?]
	at org.apache.hadoop.ipc.ProtobufRpcEngine2$Server$ProtoBufRpcInvoker.call(ProtobufRpcEngine2.java:574) [hadoop-common-3.3.1.jar:?]
	at org.apache.hadoop.ipc.ProtobufRpcEngine2$Server$ProtoBufRpcInvoker.call(ProtobufRpcEngine2.java:552) [hadoop-common-3.3.1.jar:?]
	at org.apache.hadoop.ipc.RPC$Server.call(RPC.java:1093) [hadoop-common-3.3.1.jar:?]
	at org.apache.hadoop.ipc.Server$RpcCall.run(Server.java:1035) [hadoop-common-3.3.1.jar:?]
	at org.apache.hadoop.ipc.Server$RpcCall.run(Server.java:963) [hadoop-common-3.3.1.jar:?]
	at java.security.AccessController.doPrivileged(Native Method) ~[?:1.8.0_332]
	at javax.security.auth.Subject.doAs(Subject.java:422) [?:1.8.0_332]
	at org.apache.hadoop.security.UserGroupInformation.doAs(UserGroupInformation.java:1878) [hadoop-common-3.3.1.jar:?]
	at org.apache.hadoop.ipc.Server$Handler.run(Server.java:2966) [hadoop-common-3.3.1.jar:?]
16:54:33.027 [IPC Server handler 12 on default port 44473] ERROR OMAudit - user=runner | ip=127.0.0.1 | op=GET_FILE_STATUS {volume=volume64187, bucket=bucket04000, key=testBatchDelete/parent/child0, dataSize=0, replicationConfig=null} | ret=FAILURE
org.apache.hadoop.ozone.om.exceptions.OMException: Unable to get file status: volume: volume64187 bucket: bucket04000 key: testBatchDelete/parent/child0
	at org.apache.hadoop.ozone.om.KeyManagerImpl.getOzoneFileStatus(KeyManagerImpl.java:1311) ~[ozone-manager-1.3.0-SNAPSHOT.jar:?]
	at org.apache.hadoop.ozone.om.KeyManagerImpl.getFileStatus(KeyManagerImpl.java:1241) ~[ozone-manager-1.3.0-SNAPSHOT.jar:?]
	at org.apache.hadoop.ozone.om.OzoneManager.getFileStatus(OzoneManager.java:3419) ~[ozone-manager-1.3.0-SNAPSHOT.jar:?]
	at org.apache.hadoop.ozone.protocolPB.OzoneManagerRequestHandler.getOzoneFileStatus(OzoneManagerRequestHandler.java:871) ~[ozone-manager-1.3.0-SNAPSHOT.jar:?]
	at org.apache.hadoop.ozone.protocolPB.OzoneManagerRequestHandler.handleReadRequest(OzoneManagerRequestHandler.java:217) ~[ozone-manager-1.3.0-SNAPSHOT.jar:?]
	at org.apache.hadoop.ozone.protocolPB.OzoneManagerProtocolServerSideTranslatorPB.submitReadRequestToOM(OzoneManagerProtocolServerSideTranslatorPB.java:226) ~[ozone-manager-1.3.0-SNAPSHOT.jar:?]
	at org.apache.hadoop.ozone.protocolPB.OzoneManagerProtocolServerSideTranslatorPB.processRequest(OzoneManagerProtocolServerSideTranslatorPB.java:175) ~[ozone-manager-1.3.0-SNAPSHOT.jar:?]
	at org.apache.hadoop.hdds.server.OzoneProtocolMessageDispatcher.processRequest(OzoneProtocolMessageDispatcher.java:87) [hdds-server-framework-1.3.0-SNAPSHOT.jar:?]
	at org.apache.hadoop.ozone.protocolPB.OzoneManagerProtocolServerSideTranslatorPB.submitRequest(OzoneManagerProtocolServerSideTranslatorPB.java:147) [ozone-manager-1.3.0-SNAPSHOT.jar:?]
	at org.apache.hadoop.ozone.protocol.proto.OzoneManagerProtocolProtos$OzoneManagerService$2.callBlockingMethod(OzoneManagerProtocolProtos.java) [ozone-interface-client-1.3.0-SNAPSHOT.jar:?]
	at org.apache.hadoop.ipc.ProtobufRpcEngine$Server.processCall(ProtobufRpcEngine.java:466) [hadoop-common-3.3.1.jar:?]
	at org.apache.hadoop.ipc.ProtobufRpcEngine2$Server$ProtoBufRpcInvoker.call(ProtobufRpcEngine2.java:574) [hadoop-common-3.3.1.jar:?]
	at org.apache.hadoop.ipc.ProtobufRpcEngine2$Server$ProtoBufRpcInvoker.call(ProtobufRpcEngine2.java:552) [hadoop-common-3.3.1.jar:?]
	at org.apache.hadoop.ipc.RPC$Server.call(RPC.java:1093) [hadoop-common-3.3.1.jar:?]
	at org.apache.hadoop.ipc.Server$RpcCall.run(Server.java:1035) [hadoop-common-3.3.1.jar:?]
	at org.apache.hadoop.ipc.Server$RpcCall.run(Server.java:963) [hadoop-common-3.3.1.jar:?]
	at java.security.AccessController.doPrivileged(Native Method) ~[?:1.8.0_332]
	at javax.security.auth.Subject.doAs(Subject.java:422) [?:1.8.0_332]
	at org.apache.hadoop.security.UserGroupInformation.doAs(UserGroupInformation.java:1878) [hadoop-common-3.3.1.jar:?]
	at org.apache.hadoop.ipc.Server$Handler.run(Server.java:2966) [hadoop-common-3.3.1.jar:?]
16:54:33.029 [IPC Server handler 15 on default port 44473] ERROR OMAudit - user=runner | ip=127.0.0.1 | op=GET_FILE_STATUS {volume=volume64187, bucket=bucket04000, key=testBatchDelete/parent/childFolder/child0, dataSize=0, replicationConfig=null} | ret=FAILURE
org.apache.hadoop.ozone.om.exceptions.OMException: Unable to get file status: volume: volume64187 bucket: bucket04000 key: testBatchDelete/parent/childFolder/child0
	at org.apache.hadoop.ozone.om.KeyManagerImpl.getOzoneFileStatus(KeyManagerImpl.java:1311) ~[ozone-manager-1.3.0-SNAPSHOT.jar:?]
	at org.apache.hadoop.ozone.om.KeyManagerImpl.getFileStatus(KeyManagerImpl.java:1241) ~[ozone-manager-1.3.0-SNAPSHOT.jar:?]
	at org.apache.hadoop.ozone.om.OzoneManager.getFileStatus(OzoneManager.java:3419) ~[ozone-manager-1.3.0-SNAPSHOT.jar:?]
	at org.apache.hadoop.ozone.protocolPB.OzoneManagerRequestHandler.getOzoneFileStatus(OzoneManagerRequestHandler.java:871) ~[ozone-manager-1.3.0-SNAPSHOT.jar:?]
	at org.apache.hadoop.ozone.protocolPB.OzoneManagerRequestHandler.handleReadRequest(OzoneManagerRequestHandler.java:217) ~[ozone-manager-1.3.0-SNAPSHOT.jar:?]
	at org.apache.hadoop.ozone.protocolPB.OzoneManagerProtocolServerSideTranslatorPB.submitReadRequestToOM(OzoneManagerProtocolServerSideTranslatorPB.java:226) ~[ozone-manager-1.3.0-SNAPSHOT.jar:?]
	at org.apache.hadoop.ozone.protocolPB.OzoneManagerProtocolServerSideTranslatorPB.processRequest(OzoneManagerProtocolServerSideTranslatorPB.java:175) ~[ozone-manager-1.3.0-SNAPSHOT.jar:?]
	at org.apache.hadoop.hdds.server.OzoneProtocolMessageDispatcher.processRequest(OzoneProtocolMessageDispatcher.java:87) [hdds-server-framework-1.3.0-SNAPSHOT.jar:?]
	at org.apache.hadoop.ozone.protocolPB.OzoneManagerProtocolServerSideTranslatorPB.submitRequest(OzoneManagerProtocolServerSideTranslatorPB.java:147) [ozone-manager-1.3.0-SNAPSHOT.jar:?]
	at org.apache.hadoop.ozone.protocol.proto.OzoneManagerProtocolProtos$OzoneManagerService$2.callBlockingMethod(OzoneManagerProtocolProtos.java) [ozone-interface-client-1.3.0-SNAPSHOT.jar:?]
	at org.apache.hadoop.ipc.ProtobufRpcEngine$Server.processCall(ProtobufRpcEngine.java:466) [hadoop-common-3.3.1.jar:?]
	at org.apache.hadoop.ipc.ProtobufRpcEngine2$Server$ProtoBufRpcInvoker.call(ProtobufRpcEngine2.java:574) [hadoop-common-3.3.1.jar:?]
	at org.apache.hadoop.ipc.ProtobufRpcEngine2$Server$ProtoBufRpcInvoker.call(ProtobufRpcEngine2.java:552) [hadoop-common-3.3.1.jar:?]
	at org.apache.hadoop.ipc.RPC$Server.call(RPC.java:1093) [hadoop-common-3.3.1.jar:?]
	at org.apache.hadoop.ipc.Server$RpcCall.run(Server.java:1035) [hadoop-common-3.3.1.jar:?]
	at org.apache.hadoop.ipc.Server$RpcCall.run(Server.java:963) [hadoop-common-3.3.1.jar:?]
	at java.security.AccessController.doPrivileged(Native Method) ~[?:1.8.0_332]
	at javax.security.auth.Subject.doAs(Subject.java:422) [?:1.8.0_332]
	at org.apache.hadoop.security.UserGroupInformation.doAs(UserGroupInformation.java:1878) [hadoop-common-3.3.1.jar:?]
	at org.apache.hadoop.ipc.Server$Handler.run(Server.java:2966) [hadoop-common-3.3.1.jar:?]
16:54:33.030 [IPC Server handler 16 on default port 44473] ERROR OMAudit - user=runner | ip=127.0.0.1 | op=GET_FILE_STATUS {volume=volume64187, bucket=bucket04000, key=testBatchDelete/parent/child1, dataSize=0, replicationConfig=null} | ret=FAILURE
org.apache.hadoop.ozone.om.exceptions.OMException: Unable to get file status: volume: volume64187 bucket: bucket04000 key: testBatchDelete/parent/child1
	at org.apache.hadoop.ozone.om.KeyManagerImpl.getOzoneFileStatus(KeyManagerImpl.java:1311) ~[ozone-manager-1.3.0-SNAPSHOT.jar:?]
	at org.apache.hadoop.ozone.om.KeyManagerImpl.getFileStatus(KeyManagerImpl.java:1241) ~[ozone-manager-1.3.0-SNAPSHOT.jar:?]
	at org.apache.hadoop.ozone.om.OzoneManager.getFileStatus(OzoneManager.java:3419) ~[ozone-manager-1.3.0-SNAPSHOT.jar:?]
	at org.apache.hadoop.ozone.protocolPB.OzoneManagerRequestHandler.getOzoneFileStatus(OzoneManagerRequestHandler.java:871) ~[ozone-manager-1.3.0-SNAPSHOT.jar:?]
	at org.apache.hadoop.ozone.protocolPB.OzoneManagerRequestHandler.handleReadRequest(OzoneManagerRequestHandler.java:217) ~[ozone-manager-1.3.0-SNAPSHOT.jar:?]
	at org.apache.hadoop.ozone.protocolPB.OzoneManagerProtocolServerSideTranslatorPB.submitReadRequestToOM(OzoneManagerProtocolServerSideTranslatorPB.java:226) ~[ozone-manager-1.3.0-SNAPSHOT.jar:?]
	at org.apache.hadoop.ozone.protocolPB.OzoneManagerProtocolServerSideTranslatorPB.processRequest(OzoneManagerProtocolServerSideTranslatorPB.java:175) ~[ozone-manager-1.3.0-SNAPSHOT.jar:?]
	at org.apache.hadoop.hdds.server.OzoneProtocolMessageDispatcher.processRequest(OzoneProtocolMessageDispatcher.java:87) [hdds-server-framework-1.3.0-SNAPSHOT.jar:?]
	at org.apache.hadoop.ozone.protocolPB.OzoneManagerProtocolServerSideTranslatorPB.submitRequest(OzoneManagerProtocolServerSideTranslatorPB.java:147) [ozone-manager-1.3.0-SNAPSHOT.jar:?]
	at org.apache.hadoop.ozone.protocol.proto.OzoneManagerProtocolProtos$OzoneManagerService$2.callBlockingMethod(OzoneManagerProtocolProtos.java) [ozone-interface-client-1.3.0-SNAPSHOT.jar:?]
	at org.apache.hadoop.ipc.ProtobufRpcEngine$Server.processCall(ProtobufRpcEngine.java:466) [hadoop-common-3.3.1.jar:?]
	at org.apache.hadoop.ipc.ProtobufRpcEngine2$Server$ProtoBufRpcInvoker.call(ProtobufRpcEngine2.java:574) [hadoop-common-3.3.1.jar:?]
	at org.apache.hadoop.ipc.ProtobufRpcEngine2$Server$ProtoBufRpcInvoker.call(ProtobufRpcEngine2.java:552) [hadoop-common-3.3.1.jar:?]
	at org.apache.hadoop.ipc.RPC$Server.call(RPC.java:1093) [hadoop-common-3.3.1.jar:?]
	at org.apache.hadoop.ipc.Server$RpcCall.run(Server.java:1035) [hadoop-common-3.3.1.jar:?]
	at org.apache.hadoop.ipc.Server$RpcCall.run(Server.java:963) [hadoop-common-3.3.1.jar:?]
	at java.security.AccessController.doPrivileged(Native Method) ~[?:1.8.0_332]
	at javax.security.auth.Subject.doAs(Subject.java:422) [?:1.8.0_332]
	at org.apache.hadoop.security.UserGroupInformation.doAs(UserGroupInformation.java:1878) [hadoop-common-3.3.1.jar:?]
	at org.apache.hadoop.ipc.Server$Handler.run(Server.java:2966) [hadoop-common-3.3.1.jar:?]
16:54:33.032 [IPC Server handler 17 on default port 44473] ERROR OMAudit - user=runner | ip=127.0.0.1 | op=GET_FILE_STATUS {volume=volume64187, bucket=bucket04000, key=testBatchDelete/parent/childFolder/child1, dataSize=0, replicationConfig=null} | ret=FAILURE
org.apache.hadoop.ozone.om.exceptions.OMException: Unable to get file status: volume: volume64187 bucket: bucket04000 key: testBatchDelete/parent/childFolder/child1
	at org.apache.hadoop.ozone.om.KeyManagerImpl.getOzoneFileStatus(KeyManagerImpl.java:1311) ~[ozone-manager-1.3.0-SNAPSHOT.jar:?]
	at org.apache.hadoop.ozone.om.KeyManagerImpl.getFileStatus(KeyManagerImpl.java:1241) ~[ozone-manager-1.3.0-SNAPSHOT.jar:?]
	at org.apache.hadoop.ozone.om.OzoneManager.getFileStatus(OzoneManager.java:3419) ~[ozone-manager-1.3.0-SNAPSHOT.jar:?]
	at org.apache.hadoop.ozone.protocolPB.OzoneManagerRequestHandler.getOzoneFileStatus(OzoneManagerRequestHandler.java:871) ~[ozone-manager-1.3.0-SNAPSHOT.jar:?]
	at org.apache.hadoop.ozone.protocolPB.OzoneManagerRequestHandler.handleReadRequest(OzoneManagerRequestHandler.java:217) ~[ozone-manager-1.3.0-SNAPSHOT.jar:?]
	at org.apache.hadoop.ozone.protocolPB.OzoneManagerProtocolServerSideTranslatorPB.submitReadRequestToOM(OzoneManagerProtocolServerSideTranslatorPB.java:226) ~[ozone-manager-1.3.0-SNAPSHOT.jar:?]
	at org.apache.hadoop.ozone.protocolPB.OzoneManagerProtocolServerSideTranslatorPB.processRequest(OzoneManagerProtocolServerSideTranslatorPB.java:175) ~[ozone-manager-1.3.0-SNAPSHOT.jar:?]
	at org.apache.hadoop.hdds.server.OzoneProtocolMessageDispatcher.processRequest(OzoneProtocolMessageDispatcher.java:87) [hdds-server-framework-1.3.0-SNAPSHOT.jar:?]
	at org.apache.hadoop.ozone.protocolPB.OzoneManagerProtocolServerSideTranslatorPB.submitRequest(OzoneManagerProtocolServerSideTranslatorPB.java:147) [ozone-manager-1.3.0-SNAPSHOT.jar:?]
	at org.apache.hadoop.ozone.protocol.proto.OzoneManagerProtocolProtos$OzoneManagerService$2.callBlockingMethod(OzoneManagerProtocolProtos.java) [ozone-interface-client-1.3.0-SNAPSHOT.jar:?]
	at org.apache.hadoop.ipc.ProtobufRpcEngine$Server.processCall(ProtobufRpcEngine.java:466) [hadoop-common-3.3.1.jar:?]
	at org.apache.hadoop.ipc.ProtobufRpcEngine2$Server$ProtoBufRpcInvoker.call(ProtobufRpcEngine2.java:574) [hadoop-common-3.3.1.jar:?]
	at org.apache.hadoop.ipc.ProtobufRpcEngine2$Server$ProtoBufRpcInvoker.call(ProtobufRpcEngine2.java:552) [hadoop-common-3.3.1.jar:?]
	at org.apache.hadoop.ipc.RPC$Server.call(RPC.java:1093) [hadoop-common-3.3.1.jar:?]
	at org.apache.hadoop.ipc.Server$RpcCall.run(Server.java:1035) [hadoop-common-3.3.1.jar:?]
	at org.apache.hadoop.ipc.Server$RpcCall.run(Server.java:963) [hadoop-common-3.3.1.jar:?]
	at java.security.AccessController.doPrivileged(Native Method) ~[?:1.8.0_332]
	at javax.security.auth.Subject.doAs(Subject.java:422) [?:1.8.0_332]
	at org.apache.hadoop.security.UserGroupInformation.doAs(UserGroupInformation.java:1878) [hadoop-common-3.3.1.jar:?]
	at org.apache.hadoop.ipc.Server$Handler.run(Server.java:2966) [hadoop-common-3.3.1.jar:?]
16:54:33.033 [IPC Server handler 19 on default port 44473] ERROR OMAudit - user=runner | ip=127.0.0.1 | op=GET_FILE_STATUS {volume=volume64187, bucket=bucket04000, key=testBatchDelete/parent/child2, dataSize=0, replicationConfig=null} | ret=FAILURE
org.apache.hadoop.ozone.om.exceptions.OMException: Unable to get file status: volume: volume64187 bucket: bucket04000 key: testBatchDelete/parent/child2
	at org.apache.hadoop.ozone.om.KeyManagerImpl.getOzoneFileStatus(KeyManagerImpl.java:1311) ~[ozone-manager-1.3.0-SNAPSHOT.jar:?]
	at org.apache.hadoop.ozone.om.KeyManagerImpl.getFileStatus(KeyManagerImpl.java:1241) ~[ozone-manager-1.3.0-SNAPSHOT.jar:?]
	at org.apache.hadoop.ozone.om.OzoneManager.getFileStatus(OzoneManager.java:3419) ~[ozone-manager-1.3.0-SNAPSHOT.jar:?]
	at org.apache.hadoop.ozone.protocolPB.OzoneManagerRequestHandler.getOzoneFileStatus(OzoneManagerRequestHandler.java:871) ~[ozone-manager-1.3.0-SNAPSHOT.jar:?]
	at org.apache.hadoop.ozone.protocolPB.OzoneManagerRequestHandler.handleReadRequest(OzoneManagerRequestHandler.java:217) ~[ozone-manager-1.3.0-SNAPSHOT.jar:?]
	at org.apache.hadoop.ozone.protocolPB.OzoneManagerProtocolServerSideTranslatorPB.submitReadRequestToOM(OzoneManagerProtocolServerSideTranslatorPB.java:226) ~[ozone-manager-1.3.0-SNAPSHOT.jar:?]
	at org.apache.hadoop.ozone.protocolPB.OzoneManagerProtocolServerSideTranslatorPB.processRequest(OzoneManagerProtocolServerSideTranslatorPB.java:175) ~[ozone-manager-1.3.0-SNAPSHOT.jar:?]
	at org.apache.hadoop.hdds.server.OzoneProtocolMessageDispatcher.processRequest(OzoneProtocolMessageDispatcher.java:87) [hdds-server-framework-1.3.0-SNAPSHOT.jar:?]
	at org.apache.hadoop.ozone.protocolPB.OzoneManagerProtocolServerSideTranslatorPB.submitRequest(OzoneManagerProtocolServerSideTranslatorPB.java:147) [ozone-manager-1.3.0-SNAPSHOT.jar:?]
	at org.apache.hadoop.ozone.protocol.proto.OzoneManagerProtocolProtos$OzoneManagerService$2.callBlockingMethod(OzoneManagerProtocolProtos.java) [ozone-interface-client-1.3.0-SNAPSHOT.jar:?]
	at org.apache.hadoop.ipc.ProtobufRpcEngine$Server.processCall(ProtobufRpcEngine.java:466) [hadoop-common-3.3.1.jar:?]
	at org.apache.hadoop.ipc.ProtobufRpcEngine2$Server$ProtoBufRpcInvoker.call(ProtobufRpcEngine2.java:574) [hadoop-common-3.3.1.jar:?]
	at org.apache.hadoop.ipc.ProtobufRpcEngine2$Server$ProtoBufRpcInvoker.call(ProtobufRpcEngine2.java:552) [hadoop-common-3.3.1.jar:?]
	at org.apache.hadoop.ipc.RPC$Server.call(RPC.java:1093) [hadoop-common-3.3.1.jar:?]
	at org.apache.hadoop.ipc.Server$RpcCall.run(Server.java:1035) [hadoop-common-3.3.1.jar:?]
	at org.apache.hadoop.ipc.Server$RpcCall.run(Server.java:963) [hadoop-common-3.3.1.jar:?]
	at java.security.AccessController.doPrivileged(Native Method) ~[?:1.8.0_332]
	at javax.security.auth.Subject.doAs(Subject.java:422) [?:1.8.0_332]
	at org.apache.hadoop.security.UserGroupInformation.doAs(UserGroupInformation.java:1878) [hadoop-common-3.3.1.jar:?]
	at org.apache.hadoop.ipc.Server$Handler.run(Server.java:2966) [hadoop-common-3.3.1.jar:?]
16:54:33.034 [IPC Server handler 1 on default port 44473] ERROR OMAudit - user=runner | ip=127.0.0.1 | op=GET_FILE_STATUS {volume=volume64187, bucket=bucket04000, key=testBatchDelete/parent/childFolder/child2, dataSize=0, replicationConfig=null} | ret=FAILURE
org.apache.hadoop.ozone.om.exceptions.OMException: Unable to get file status: volume: volume64187 bucket: bucket04000 key: testBatchDelete/parent/childFolder/child2
	at org.apache.hadoop.ozone.om.KeyManagerImpl.getOzoneFileStatus(KeyManagerImpl.java:1311) ~[ozone-manager-1.3.0-SNAPSHOT.jar:?]
	at org.apache.hadoop.ozone.om.KeyManagerImpl.getFileStatus(KeyManagerImpl.java:1241) ~[ozone-manager-1.3.0-SNAPSHOT.jar:?]
	at org.apache.hadoop.ozone.om.OzoneManager.getFileStatus(OzoneManager.java:3419) ~[ozone-manager-1.3.0-SNAPSHOT.jar:?]
	at org.apache.hadoop.ozone.protocolPB.OzoneManagerRequestHandler.getOzoneFileStatus(OzoneManagerRequestHandler.java:871) ~[ozone-manager-1.3.0-SNAPSHOT.jar:?]
	at org.apache.hadoop.ozone.protocolPB.OzoneManagerRequestHandler.handleReadRequest(OzoneManagerRequestHandler.java:217) ~[ozone-manager-1.3.0-SNAPSHOT.jar:?]
	at org.apache.hadoop.ozone.protocolPB.OzoneManagerProtocolServerSideTranslatorPB.submitReadRequestToOM(OzoneManagerProtocolServerSideTranslatorPB.java:226) ~[ozone-manager-1.3.0-SNAPSHOT.jar:?]
	at org.apache.hadoop.ozone.protocolPB.OzoneManagerProtocolServerSideTranslatorPB.processRequest(OzoneManagerProtocolServerSideTranslatorPB.java:175) ~[ozone-manager-1.3.0-SNAPSHOT.jar:?]
	at org.apache.hadoop.hdds.server.OzoneProtocolMessageDispatcher.processRequest(OzoneProtocolMessageDispatcher.java:87) [hdds-server-framework-1.3.0-SNAPSHOT.jar:?]
	at org.apache.hadoop.ozone.protocolPB.OzoneManagerProtocolServerSideTranslatorPB.submitRequest(OzoneManagerProtocolServerSideTranslatorPB.java:147) [ozone-manager-1.3.0-SNAPSHOT.jar:?]
	at org.apache.hadoop.ozone.protocol.proto.OzoneManagerProtocolProtos$OzoneManagerService$2.callBlockingMethod(OzoneManagerProtocolProtos.java) [ozone-interface-client-1.3.0-SNAPSHOT.jar:?]
	at org.apache.hadoop.ipc.ProtobufRpcEngine$Server.processCall(ProtobufRpcEngine.java:466) [hadoop-common-3.3.1.jar:?]
	at org.apache.hadoop.ipc.ProtobufRpcEngine2$Server$ProtoBufRpcInvoker.call(ProtobufRpcEngine2.java:574) [hadoop-common-3.3.1.jar:?]
	at org.apache.hadoop.ipc.ProtobufRpcEngine2$Server$ProtoBufRpcInvoker.call(ProtobufRpcEngine2.java:552) [hadoop-common-3.3.1.jar:?]
	at org.apache.hadoop.ipc.RPC$Server.call(RPC.java:1093) [hadoop-common-3.3.1.jar:?]
	at org.apache.hadoop.ipc.Server$RpcCall.run(Server.java:1035) [hadoop-common-3.3.1.jar:?]
	at org.apache.hadoop.ipc.Server$RpcCall.run(Server.java:963) [hadoop-common-3.3.1.jar:?]
	at java.security.AccessController.doPrivileged(Native Method) ~[?:1.8.0_332]
	at javax.security.auth.Subject.doAs(Subject.java:422) [?:1.8.0_332]
	at org.apache.hadoop.security.UserGroupInformation.doAs(UserGroupInformation.java:1878) [hadoop-common-3.3.1.jar:?]
	at org.apache.hadoop.ipc.Server$Handler.run(Server.java:2966) [hadoop-common-3.3.1.jar:?]
16:54:33.036 [IPC Server handler 2 on default port 44473] ERROR OMAudit - user=runner | ip=127.0.0.1 | op=GET_FILE_STATUS {volume=volume64187, bucket=bucket04000, key=testBatchDelete/parent/child3, dataSize=0, replicationConfig=null} | ret=FAILURE
org.apache.hadoop.ozone.om.exceptions.OMException: Unable to get file status: volume: volume64187 bucket: bucket04000 key: testBatchDelete/parent/child3
	at org.apache.hadoop.ozone.om.KeyManagerImpl.getOzoneFileStatus(KeyManagerImpl.java:1311) ~[ozone-manager-1.3.0-SNAPSHOT.jar:?]
	at org.apache.hadoop.ozone.om.KeyManagerImpl.getFileStatus(KeyManagerImpl.java:1241) ~[ozone-manager-1.3.0-SNAPSHOT.jar:?]
	at org.apache.hadoop.ozone.om.OzoneManager.getFileStatus(OzoneManager.java:3419) ~[ozone-manager-1.3.0-SNAPSHOT.jar:?]
	at org.apache.hadoop.ozone.protocolPB.OzoneManagerRequestHandler.getOzoneFileStatus(OzoneManagerRequestHandler.java:871) ~[ozone-manager-1.3.0-SNAPSHOT.jar:?]
	at org.apache.hadoop.ozone.protocolPB.OzoneManagerRequestHandler.handleReadRequest(OzoneManagerRequestHandler.java:217) ~[ozone-manager-1.3.0-SNAPSHOT.jar:?]
	at org.apache.hadoop.ozone.protocolPB.OzoneManagerProtocolServerSideTranslatorPB.submitReadRequestToOM(OzoneManagerProtocolServerSideTranslatorPB.java:226) ~[ozone-manager-1.3.0-SNAPSHOT.jar:?]
	at org.apache.hadoop.ozone.protocolPB.OzoneManagerProtocolServerSideTranslatorPB.processRequest(OzoneManagerProtocolServerSideTranslatorPB.java:175) ~[ozone-manager-1.3.0-SNAPSHOT.jar:?]
	at org.apache.hadoop.hdds.server.OzoneProtocolMessageDispatcher.processRequest(OzoneProtocolMessageDispatcher.java:87) [hdds-server-framework-1.3.0-SNAPSHOT.jar:?]
	at org.apache.hadoop.ozone.protocolPB.OzoneManagerProtocolServerSideTranslatorPB.submitRequest(OzoneManagerProtocolServerSideTranslatorPB.java:147) [ozone-manager-1.3.0-SNAPSHOT.jar:?]
	at org.apache.hadoop.ozone.protocol.proto.OzoneManagerProtocolProtos$OzoneManagerService$2.callBlockingMethod(OzoneManagerProtocolProtos.java) [ozone-interface-client-1.3.0-SNAPSHOT.jar:?]
	at org.apache.hadoop.ipc.ProtobufRpcEngine$Server.processCall(ProtobufRpcEngine.java:466) [hadoop-common-3.3.1.jar:?]
	at org.apache.hadoop.ipc.ProtobufRpcEngine2$Server$ProtoBufRpcInvoker.call(ProtobufRpcEngine2.java:574) [hadoop-common-3.3.1.jar:?]
	at org.apache.hadoop.ipc.ProtobufRpcEngine2$Server$ProtoBufRpcInvoker.call(ProtobufRpcEngine2.java:552) [hadoop-common-3.3.1.jar:?]
	at org.apache.hadoop.ipc.RPC$Server.call(RPC.java:1093) [hadoop-common-3.3.1.jar:?]
	at org.apache.hadoop.ipc.Server$RpcCall.run(Server.java:1035) [hadoop-common-3.3.1.jar:?]
	at org.apache.hadoop.ipc.Server$RpcCall.run(Server.java:963) [hadoop-common-3.3.1.jar:?]
	at java.security.AccessController.doPrivileged(Native Method) ~[?:1.8.0_332]
	at javax.security.auth.Subject.doAs(Subject.java:422) [?:1.8.0_332]
	at org.apache.hadoop.security.UserGroupInformation.doAs(UserGroupInformation.java:1878) [hadoop-common-3.3.1.jar:?]
	at org.apache.hadoop.ipc.Server$Handler.run(Server.java:2966) [hadoop-common-3.3.1.jar:?]
16:54:33.037 [IPC Server handler 3 on default port 44473] ERROR OMAudit - user=runner | ip=127.0.0.1 | op=GET_FILE_STATUS {volume=volume64187, bucket=bucket04000, key=testBatchDelete/parent/childFolder/child3, dataSize=0, replicationConfig=null} | ret=FAILURE
org.apache.hadoop.ozone.om.exceptions.OMException: Unable to get file status: volume: volume64187 bucket: bucket04000 key: testBatchDelete/parent/childFolder/child3
	at org.apache.hadoop.ozone.om.KeyManagerImpl.getOzoneFileStatus(KeyManagerImpl.java:1311) ~[ozone-manager-1.3.0-SNAPSHOT.jar:?]
	at org.apache.hadoop.ozone.om.KeyManagerImpl.getFileStatus(KeyManagerImpl.java:1241) ~[ozone-manager-1.3.0-SNAPSHOT.jar:?]
	at org.apache.hadoop.ozone.om.OzoneManager.getFileStatus(OzoneManager.java:3419) ~[ozone-manager-1.3.0-SNAPSHOT.jar:?]
	at org.apache.hadoop.ozone.protocolPB.OzoneManagerRequestHandler.getOzoneFileStatus(OzoneManagerRequestHandler.java:871) ~[ozone-manager-1.3.0-SNAPSHOT.jar:?]
	at org.apache.hadoop.ozone.protocolPB.OzoneManagerRequestHandler.handleReadRequest(OzoneManagerRequestHandler.java:217) ~[ozone-manager-1.3.0-SNAPSHOT.jar:?]
	at org.apache.hadoop.ozone.protocolPB.OzoneManagerProtocolServerSideTranslatorPB.submitReadRequestToOM(OzoneManagerProtocolServerSideTranslatorPB.java:226) ~[ozone-manager-1.3.0-SNAPSHOT.jar:?]
	at org.apache.hadoop.ozone.protocolPB.OzoneManagerProtocolServerSideTranslatorPB.processRequest(OzoneManagerProtocolServerSideTranslatorPB.java:175) ~[ozone-manager-1.3.0-SNAPSHOT.jar:?]
	at org.apache.hadoop.hdds.server.OzoneProtocolMessageDispatcher.processRequest(OzoneProtocolMessageDispatcher.java:87) [hdds-server-framework-1.3.0-SNAPSHOT.jar:?]
	at org.apache.hadoop.ozone.protocolPB.OzoneManagerProtocolServerSideTranslatorPB.submitRequest(OzoneManagerProtocolServerSideTranslatorPB.java:147) [ozone-manager-1.3.0-SNAPSHOT.jar:?]
	at org.apache.hadoop.ozone.protocol.proto.OzoneManagerProtocolProtos$OzoneManagerService$2.callBlockingMethod(OzoneManagerProtocolProtos.java) [ozone-interface-client-1.3.0-SNAPSHOT.jar:?]
	at org.apache.hadoop.ipc.ProtobufRpcEngine$Server.processCall(ProtobufRpcEngine.java:466) [hadoop-common-3.3.1.jar:?]
	at org.apache.hadoop.ipc.ProtobufRpcEngine2$Server$ProtoBufRpcInvoker.call(ProtobufRpcEngine2.java:574) [hadoop-common-3.3.1.jar:?]
	at org.apache.hadoop.ipc.ProtobufRpcEngine2$Server$ProtoBufRpcInvoker.call(ProtobufRpcEngine2.java:552) [hadoop-common-3.3.1.jar:?]
	at org.apache.hadoop.ipc.RPC$Server.call(RPC.java:1093) [hadoop-common-3.3.1.jar:?]
	at org.apache.hadoop.ipc.Server$RpcCall.run(Server.java:1035) [hadoop-common-3.3.1.jar:?]
	at org.apache.hadoop.ipc.Server$RpcCall.run(Server.java:963) [hadoop-common-3.3.1.jar:?]
	at java.security.AccessController.doPrivileged(Native Method) ~[?:1.8.0_332]
	at javax.security.auth.Subject.doAs(Subject.java:422) [?:1.8.0_332]
	at org.apache.hadoop.security.UserGroupInformation.doAs(UserGroupInformation.java:1878) [hadoop-common-3.3.1.jar:?]
	at org.apache.hadoop.ipc.Server$Handler.run(Server.java:2966) [hadoop-common-3.3.1.jar:?]
16:54:33.038 [IPC Server handler 6 on default port 44473] ERROR OMAudit - user=runner | ip=127.0.0.1 | op=GET_FILE_STATUS {volume=volume64187, bucket=bucket04000, key=testBatchDelete/parent/child4, dataSize=0, replicationConfig=null} | ret=FAILURE
org.apache.hadoop.ozone.om.exceptions.OMException: Unable to get file status: volume: volume64187 bucket: bucket04000 key: testBatchDelete/parent/child4
	at org.apache.hadoop.ozone.om.KeyManagerImpl.getOzoneFileStatus(KeyManagerImpl.java:1311) ~[ozone-manager-1.3.0-SNAPSHOT.jar:?]
	at org.apache.hadoop.ozone.om.KeyManagerImpl.getFileStatus(KeyManagerImpl.java:1241) ~[ozone-manager-1.3.0-SNAPSHOT.jar:?]
	at org.apache.hadoop.ozone.om.OzoneManager.getFileStatus(OzoneManager.java:3419) ~[ozone-manager-1.3.0-SNAPSHOT.jar:?]
	at org.apache.hadoop.ozone.protocolPB.OzoneManagerRequestHandler.getOzoneFileStatus(OzoneManagerRequestHandler.java:871) ~[ozone-manager-1.3.0-SNAPSHOT.jar:?]
	at org.apache.hadoop.ozone.protocolPB.OzoneManagerRequestHandler.handleReadRequest(OzoneManagerRequestHandler.java:217) ~[ozone-manager-1.3.0-SNAPSHOT.jar:?]
	at org.apache.hadoop.ozone.protocolPB.OzoneManagerProtocolServerSideTranslatorPB.submitReadRequestToOM(OzoneManagerProtocolServerSideTranslatorPB.java:226) ~[ozone-manager-1.3.0-SNAPSHOT.jar:?]
	at org.apache.hadoop.ozone.protocolPB.OzoneManagerProtocolServerSideTranslatorPB.processRequest(OzoneManagerProtocolServerSideTranslatorPB.java:175) ~[ozone-manager-1.3.0-SNAPSHOT.jar:?]
	at org.apache.hadoop.hdds.server.OzoneProtocolMessageDispatcher.processRequest(OzoneProtocolMessageDispatcher.java:87) [hdds-server-framework-1.3.0-SNAPSHOT.jar:?]
	at org.apache.hadoop.ozone.protocolPB.OzoneManagerProtocolServerSideTranslatorPB.submitRequest(OzoneManagerProtocolServerSideTranslatorPB.java:147) [ozone-manager-1.3.0-SNAPSHOT.jar:?]
	at org.apache.hadoop.ozone.protocol.proto.OzoneManagerProtocolProtos$OzoneManagerService$2.callBlockingMethod(OzoneManagerProtocolProtos.java) [ozone-interface-client-1.3.0-SNAPSHOT.jar:?]
	at org.apache.hadoop.ipc.ProtobufRpcEngine$Server.processCall(ProtobufRpcEngine.java:466) [hadoop-common-3.3.1.jar:?]
	at org.apache.hadoop.ipc.ProtobufRpcEngine2$Server$ProtoBufRpcInvoker.call(ProtobufRpcEngine2.java:574) [hadoop-common-3.3.1.jar:?]
	at org.apache.hadoop.ipc.ProtobufRpcEngine2$Server$ProtoBufRpcInvoker.call(ProtobufRpcEngine2.java:552) [hadoop-common-3.3.1.jar:?]
	at org.apache.hadoop.ipc.RPC$Server.call(RPC.java:1093) [hadoop-common-3.3.1.jar:?]
	at org.apache.hadoop.ipc.Server$RpcCall.run(Server.java:1035) [hadoop-common-3.3.1.jar:?]
	at org.apache.hadoop.ipc.Server$RpcCall.run(Server.java:963) [hadoop-common-3.3.1.jar:?]
	at java.security.AccessController.doPrivileged(Native Method) ~[?:1.8.0_332]
	at javax.security.auth.Subject.doAs(Subject.java:422) [?:1.8.0_332]
	at org.apache.hadoop.security.UserGroupInformation.doAs(UserGroupInformation.java:1878) [hadoop-common-3.3.1.jar:?]
	at org.apache.hadoop.ipc.Server$Handler.run(Server.java:2966) [hadoop-common-3.3.1.jar:?]
16:54:33.040 [IPC Server handler 11 on default port 44473] ERROR OMAudit - user=runner | ip=127.0.0.1 | op=GET_FILE_STATUS {volume=volume64187, bucket=bucket04000, key=testBatchDelete/parent/childFolder/child4, dataSize=0, replicationConfig=null} | ret=FAILURE
org.apache.hadoop.ozone.om.exceptions.OMException: Unable to get file status: volume: volume64187 bucket: bucket04000 key: testBatchDelete/parent/childFolder/child4
	at org.apache.hadoop.ozone.om.KeyManagerImpl.getOzoneFileStatus(KeyManagerImpl.java:1311) ~[ozone-manager-1.3.0-SNAPSHOT.jar:?]
	at org.apache.hadoop.ozone.om.KeyManagerImpl.getFileStatus(KeyManagerImpl.java:1241) ~[ozone-manager-1.3.0-SNAPSHOT.jar:?]
	at org.apache.hadoop.ozone.om.OzoneManager.getFileStatus(OzoneManager.java:3419) ~[ozone-manager-1.3.0-SNAPSHOT.jar:?]
	at org.apache.hadoop.ozone.protocolPB.OzoneManagerRequestHandler.getOzoneFileStatus(OzoneManagerRequestHandler.java:871) ~[ozone-manager-1.3.0-SNAPSHOT.jar:?]
	at org.apache.hadoop.ozone.protocolPB.OzoneManagerRequestHandler.handleReadRequest(OzoneManagerRequestHandler.java:217) ~[ozone-manager-1.3.0-SNAPSHOT.jar:?]
	at org.apache.hadoop.ozone.protocolPB.OzoneManagerProtocolServerSideTranslatorPB.submitReadRequestToOM(OzoneManagerProtocolServerSideTranslatorPB.java:226) ~[ozone-manager-1.3.0-SNAPSHOT.jar:?]
	at org.apache.hadoop.ozone.protocolPB.OzoneManagerProtocolServerSideTranslatorPB.processRequest(OzoneManagerProtocolServerSideTranslatorPB.java:175) ~[ozone-manager-1.3.0-SNAPSHOT.jar:?]
	at org.apache.hadoop.hdds.server.OzoneProtocolMessageDispatcher.processRequest(OzoneProtocolMessageDispatcher.java:87) [hdds-server-framework-1.3.0-SNAPSHOT.jar:?]
	at org.apache.hadoop.ozone.protocolPB.OzoneManagerProtocolServerSideTranslatorPB.submitRequest(OzoneManagerProtocolServerSideTranslatorPB.java:147) [ozone-manager-1.3.0-SNAPSHOT.jar:?]
	at org.apache.hadoop.ozone.protocol.proto.OzoneManagerProtocolProtos$OzoneManagerService$2.callBlockingMethod(OzoneManagerProtocolProtos.java) [ozone-interface-client-1.3.0-SNAPSHOT.jar:?]
	at org.apache.hadoop.ipc.ProtobufRpcEngine$Server.processCall(ProtobufRpcEngine.java:466) [hadoop-common-3.3.1.jar:?]
	at org.apache.hadoop.ipc.ProtobufRpcEngine2$Server$ProtoBufRpcInvoker.call(ProtobufRpcEngine2.java:574) [hadoop-common-3.3.1.jar:?]
	at org.apache.hadoop.ipc.ProtobufRpcEngine2$Server$ProtoBufRpcInvoker.call(ProtobufRpcEngine2.java:552) [hadoop-common-3.3.1.jar:?]
	at org.apache.hadoop.ipc.RPC$Server.call(RPC.java:1093) [hadoop-common-3.3.1.jar:?]
	at org.apache.hadoop.ipc.Server$RpcCall.run(Server.java:1035) [hadoop-common-3.3.1.jar:?]
	at org.apache.hadoop.ipc.Server$RpcCall.run(Server.java:963) [hadoop-common-3.3.1.jar:?]
	at java.security.AccessController.doPrivileged(Native Method) ~[?:1.8.0_332]
	at javax.security.auth.Subject.doAs(Subject.java:422) [?:1.8.0_332]
	at org.apache.hadoop.security.UserGroupInformation.doAs(UserGroupInformation.java:1878) [hadoop-common-3.3.1.jar:?]
	at org.apache.hadoop.ipc.Server$Handler.run(Server.java:2966) [hadoop-common-3.3.1.jar:?]
16:54:33.041 [IPC Server handler 12 on default port 44473] ERROR OMAudit - user=runner | ip=127.0.0.1 | op=GET_FILE_STATUS {volume=volume64187, bucket=bucket04000, key=testBatchDelete/parent/child5, dataSize=0, replicationConfig=null} | ret=FAILURE
org.apache.hadoop.ozone.om.exceptions.OMException: Unable to get file status: volume: volume64187 bucket: bucket04000 key: testBatchDelete/parent/child5
	at org.apache.hadoop.ozone.om.KeyManagerImpl.getOzoneFileStatus(KeyManagerImpl.java:1311) ~[ozone-manager-1.3.0-SNAPSHOT.jar:?]
	at org.apache.hadoop.ozone.om.KeyManagerImpl.getFileStatus(KeyManagerImpl.java:1241) ~[ozone-manager-1.3.0-SNAPSHOT.jar:?]
	at org.apache.hadoop.ozone.om.OzoneManager.getFileStatus(OzoneManager.java:3419) ~[ozone-manager-1.3.0-SNAPSHOT.jar:?]
	at org.apache.hadoop.ozone.protocolPB.OzoneManagerRequestHandler.getOzoneFileStatus(OzoneManagerRequestHandler.java:871) ~[ozone-manager-1.3.0-SNAPSHOT.jar:?]
	at org.apache.hadoop.ozone.protocolPB.OzoneManagerRequestHandler.handleReadRequest(OzoneManagerRequestHandler.java:217) ~[ozone-manager-1.3.0-SNAPSHOT.jar:?]
	at org.apache.hadoop.ozone.protocolPB.OzoneManagerProtocolServerSideTranslatorPB.submitReadRequestToOM(OzoneManagerProtocolServerSideTranslatorPB.java:226) ~[ozone-manager-1.3.0-SNAPSHOT.jar:?]
	at org.apache.hadoop.ozone.protocolPB.OzoneManagerProtocolServerSideTranslatorPB.processRequest(OzoneManagerProtocolServerSideTranslatorPB.java:175) ~[ozone-manager-1.3.0-SNAPSHOT.jar:?]
	at org.apache.hadoop.hdds.server.OzoneProtocolMessageDispatcher.processRequest(OzoneProtocolMessageDispatcher.java:87) [hdds-server-framework-1.3.0-SNAPSHOT.jar:?]
	at org.apache.hadoop.ozone.protocolPB.OzoneManagerProtocolServerSideTranslatorPB.submitRequest(OzoneManagerProtocolServerSideTranslatorPB.java:147) [ozone-manager-1.3.0-SNAPSHOT.jar:?]
	at org.apache.hadoop.ozone.protocol.proto.OzoneManagerProtocolProtos$OzoneManagerService$2.callBlockingMethod(OzoneManagerProtocolProtos.java) [ozone-interface-client-1.3.0-SNAPSHOT.jar:?]
	at org.apache.hadoop.ipc.ProtobufRpcEngine$Server.processCall(ProtobufRpcEngine.java:466) [hadoop-common-3.3.1.jar:?]
	at org.apache.hadoop.ipc.ProtobufRpcEngine2$Server$ProtoBufRpcInvoker.call(ProtobufRpcEngine2.java:574) [hadoop-common-3.3.1.jar:?]
	at org.apache.hadoop.ipc.ProtobufRpcEngine2$Server$ProtoBufRpcInvoker.call(ProtobufRpcEngine2.java:552) [hadoop-common-3.3.1.jar:?]
	at org.apache.hadoop.ipc.RPC$Server.call(RPC.java:1093) [hadoop-common-3.3.1.jar:?]
	at org.apache.hadoop.ipc.Server$RpcCall.run(Server.java:1035) [hadoop-common-3.3.1.jar:?]
	at org.apache.hadoop.ipc.Server$RpcCall.run(Server.java:963) [hadoop-common-3.3.1.jar:?]
	at java.security.AccessController.doPrivileged(Native Method) ~[?:1.8.0_332]
	at javax.security.auth.Subject.doAs(Subject.java:422) [?:1.8.0_332]
	at org.apache.hadoop.security.UserGroupInformation.doAs(UserGroupInformation.java:1878) [hadoop-common-3.3.1.jar:?]
	at org.apache.hadoop.ipc.Server$Handler.run(Server.java:2966) [hadoop-common-3.3.1.jar:?]
16:54:33.042 [IPC Server handler 15 on default port 44473] ERROR OMAudit - user=runner | ip=127.0.0.1 | op=GET_FILE_STATUS {volume=volume64187, bucket=bucket04000, key=testBatchDelete/parent/childFolder/child5, dataSize=0, replicationConfig=null} | ret=FAILURE
org.apache.hadoop.ozone.om.exceptions.OMException: Unable to get file status: volume: volume64187 bucket: bucket04000 key: testBatchDelete/parent/childFolder/child5
	at org.apache.hadoop.ozone.om.KeyManagerImpl.getOzoneFileStatus(KeyManagerImpl.java:1311) ~[ozone-manager-1.3.0-SNAPSHOT.jar:?]
	at org.apache.hadoop.ozone.om.KeyManagerImpl.getFileStatus(KeyManagerImpl.java:1241) ~[ozone-manager-1.3.0-SNAPSHOT.jar:?]
	at org.apache.hadoop.ozone.om.OzoneManager.getFileStatus(OzoneManager.java:3419) ~[ozone-manager-1.3.0-SNAPSHOT.jar:?]
	at org.apache.hadoop.ozone.protocolPB.OzoneManagerRequestHandler.getOzoneFileStatus(OzoneManagerRequestHandler.java:871) ~[ozone-manager-1.3.0-SNAPSHOT.jar:?]
	at org.apache.hadoop.ozone.protocolPB.OzoneManagerRequestHandler.handleReadRequest(OzoneManagerRequestHandler.java:217) ~[ozone-manager-1.3.0-SNAPSHOT.jar:?]
	at org.apache.hadoop.ozone.protocolPB.OzoneManagerProtocolServerSideTranslatorPB.submitReadRequestToOM(OzoneManagerProtocolServerSideTranslatorPB.java:226) ~[ozone-manager-1.3.0-SNAPSHOT.jar:?]
	at org.apache.hadoop.ozone.protocolPB.OzoneManagerProtocolServerSideTranslatorPB.processRequest(OzoneManagerProtocolServerSideTranslatorPB.java:175) ~[ozone-manager-1.3.0-SNAPSHOT.jar:?]
	at org.apache.hadoop.hdds.server.OzoneProtocolMessageDispatcher.processRequest(OzoneProtocolMessageDispatcher.java:87) [hdds-server-framework-1.3.0-SNAPSHOT.jar:?]
	at org.apache.hadoop.ozone.protocolPB.OzoneManagerProtocolServerSideTranslatorPB.submitRequest(OzoneManagerProtocolServerSideTranslatorPB.java:147) [ozone-manager-1.3.0-SNAPSHOT.jar:?]
	at org.apache.hadoop.ozone.protocol.proto.OzoneManagerProtocolProtos$OzoneManagerService$2.callBlockingMethod(OzoneManagerProtocolProtos.java) [ozone-interface-client-1.3.0-SNAPSHOT.jar:?]
	at org.apache.hadoop.ipc.ProtobufRpcEngine$Server.processCall(ProtobufRpcEngine.java:466) [hadoop-common-3.3.1.jar:?]
	at org.apache.hadoop.ipc.ProtobufRpcEngine2$Server$ProtoBufRpcInvoker.call(ProtobufRpcEngine2.java:574) [hadoop-common-3.3.1.jar:?]
	at org.apache.hadoop.ipc.ProtobufRpcEngine2$Server$ProtoBufRpcInvoker.call(ProtobufRpcEngine2.java:552) [hadoop-common-3.3.1.jar:?]
	at org.apache.hadoop.ipc.RPC$Server.call(RPC.java:1093) [hadoop-common-3.3.1.jar:?]
	at org.apache.hadoop.ipc.Server$RpcCall.run(Server.java:1035) [hadoop-common-3.3.1.jar:?]
	at org.apache.hadoop.ipc.Server$RpcCall.run(Server.java:963) [hadoop-common-3.3.1.jar:?]
	at java.security.AccessController.doPrivileged(Native Method) ~[?:1.8.0_332]
	at javax.security.auth.Subject.doAs(Subject.java:422) [?:1.8.0_332]
	at org.apache.hadoop.security.UserGroupInformation.doAs(UserGroupInformation.java:1878) [hadoop-common-3.3.1.jar:?]
	at org.apache.hadoop.ipc.Server$Handler.run(Server.java:2966) [hadoop-common-3.3.1.jar:?]
16:54:33.044 [IPC Server handler 16 on default port 44473] ERROR OMAudit - user=runner | ip=127.0.0.1 | op=GET_FILE_STATUS {volume=volume64187, bucket=bucket04000, key=testBatchDelete/parent/child6, dataSize=0, replicationConfig=null} | ret=FAILURE
org.apache.hadoop.ozone.om.exceptions.OMException: Unable to get file status: volume: volume64187 bucket: bucket04000 key: testBatchDelete/parent/child6
	at org.apache.hadoop.ozone.om.KeyManagerImpl.getOzoneFileStatus(KeyManagerImpl.java:1311) ~[ozone-manager-1.3.0-SNAPSHOT.jar:?]
	at org.apache.hadoop.ozone.om.KeyManagerImpl.getFileStatus(KeyManagerImpl.java:1241) ~[ozone-manager-1.3.0-SNAPSHOT.jar:?]
	at org.apache.hadoop.ozone.om.OzoneManager.getFileStatus(OzoneManager.java:3419) ~[ozone-manager-1.3.0-SNAPSHOT.jar:?]
	at org.apache.hadoop.ozone.protocolPB.OzoneManagerRequestHandler.getOzoneFileStatus(OzoneManagerRequestHandler.java:871) ~[ozone-manager-1.3.0-SNAPSHOT.jar:?]
	at org.apache.hadoop.ozone.protocolPB.OzoneManagerRequestHandler.handleReadRequest(OzoneManagerRequestHandler.java:217) ~[ozone-manager-1.3.0-SNAPSHOT.jar:?]
	at org.apache.hadoop.ozone.protocolPB.OzoneManagerProtocolServerSideTranslatorPB.submitReadRequestToOM(OzoneManagerProtocolServerSideTranslatorPB.java:226) ~[ozone-manager-1.3.0-SNAPSHOT.jar:?]
	at org.apache.hadoop.ozone.protocolPB.OzoneManagerProtocolServerSideTranslatorPB.processRequest(OzoneManagerProtocolServerSideTranslatorPB.java:175) ~[ozone-manager-1.3.0-SNAPSHOT.jar:?]
	at org.apache.hadoop.hdds.server.OzoneProtocolMessageDispatcher.processRequest(OzoneProtocolMessageDispatcher.java:87) [hdds-server-framework-1.3.0-SNAPSHOT.jar:?]
	at org.apache.hadoop.ozone.protocolPB.OzoneManagerProtocolServerSideTranslatorPB.submitRequest(OzoneManagerProtocolServerSideTranslatorPB.java:147) [ozone-manager-1.3.0-SNAPSHOT.jar:?]
	at org.apache.hadoop.ozone.protocol.proto.OzoneManagerProtocolProtos$OzoneManagerService$2.callBlockingMethod(OzoneManagerProtocolProtos.java) [ozone-interface-client-1.3.0-SNAPSHOT.jar:?]
	at org.apache.hadoop.ipc.ProtobufRpcEngine$Server.processCall(ProtobufRpcEngine.java:466) [hadoop-common-3.3.1.jar:?]
	at org.apache.hadoop.ipc.ProtobufRpcEngine2$Server$ProtoBufRpcInvoker.call(ProtobufRpcEngine2.java:574) [hadoop-common-3.3.1.jar:?]
	at org.apache.hadoop.ipc.ProtobufRpcEngine2$Server$ProtoBufRpcInvoker.call(ProtobufRpcEngine2.java:552) [hadoop-common-3.3.1.jar:?]
	at org.apache.hadoop.ipc.RPC$Server.call(RPC.java:1093) [hadoop-common-3.3.1.jar:?]
	at org.apache.hadoop.ipc.Server$RpcCall.run(Server.java:1035) [hadoop-common-3.3.1.jar:?]
	at org.apache.hadoop.ipc.Server$RpcCall.run(Server.java:963) [hadoop-common-3.3.1.jar:?]
	at java.security.AccessController.doPrivileged(Native Method) ~[?:1.8.0_332]
	at javax.security.auth.Subject.doAs(Subject.java:422) [?:1.8.0_332]
	at org.apache.hadoop.security.UserGroupInformation.doAs(UserGroupInformation.java:1878) [hadoop-common-3.3.1.jar:?]
	at org.apache.hadoop.ipc.Server$Handler.run(Server.java:2966) [hadoop-common-3.3.1.jar:?]
16:54:33.045 [IPC Server handler 17 on default port 44473] ERROR OMAudit - user=runner | ip=127.0.0.1 | op=GET_FILE_STATUS {volume=volume64187, bucket=bucket04000, key=testBatchDelete/parent/childFolder/child6, dataSize=0, replicationConfig=null} | ret=FAILURE
org.apache.hadoop.ozone.om.exceptions.OMException: Unable to get file status: volume: volume64187 bucket: bucket04000 key: testBatchDelete/parent/childFolder/child6
	at org.apache.hadoop.ozone.om.KeyManagerImpl.getOzoneFileStatus(KeyManagerImpl.java:1311) ~[ozone-manager-1.3.0-SNAPSHOT.jar:?]
	at org.apache.hadoop.ozone.om.KeyManagerImpl.getFileStatus(KeyManagerImpl.java:1241) ~[ozone-manager-1.3.0-SNAPSHOT.jar:?]
	at org.apache.hadoop.ozone.om.OzoneManager.getFileStatus(OzoneManager.java:3419) ~[ozone-manager-1.3.0-SNAPSHOT.jar:?]
	at org.apache.hadoop.ozone.protocolPB.OzoneManagerRequestHandler.getOzoneFileStatus(OzoneManagerRequestHandler.java:871) ~[ozone-manager-1.3.0-SNAPSHOT.jar:?]
	at org.apache.hadoop.ozone.protocolPB.OzoneManagerRequestHandler.handleReadRequest(OzoneManagerRequestHandler.java:217) ~[ozone-manager-1.3.0-SNAPSHOT.jar:?]
	at org.apache.hadoop.ozone.protocolPB.OzoneManagerProtocolServerSideTranslatorPB.submitReadRequestToOM(OzoneManagerProtocolServerSideTranslatorPB.java:226) ~[ozone-manager-1.3.0-SNAPSHOT.jar:?]
	at org.apache.hadoop.ozone.protocolPB.OzoneManagerProtocolServerSideTranslatorPB.processRequest(OzoneManagerProtocolServerSideTranslatorPB.java:175) ~[ozone-manager-1.3.0-SNAPSHOT.jar:?]
	at org.apache.hadoop.hdds.server.OzoneProtocolMessageDispatcher.processRequest(OzoneProtocolMessageDispatcher.java:87) [hdds-server-framework-1.3.0-SNAPSHOT.jar:?]
	at org.apache.hadoop.ozone.protocolPB.OzoneManagerProtocolServerSideTranslatorPB.submitRequest(OzoneManagerProtocolServerSideTranslatorPB.java:147) [ozone-manager-1.3.0-SNAPSHOT.jar:?]
	at org.apache.hadoop.ozone.protocol.proto.OzoneManagerProtocolProtos$OzoneManagerService$2.callBlockingMethod(OzoneManagerProtocolProtos.java) [ozone-interface-client-1.3.0-SNAPSHOT.jar:?]
	at org.apache.hadoop.ipc.ProtobufRpcEngine$Server.processCall(ProtobufRpcEngine.java:466) [hadoop-common-3.3.1.jar:?]
	at org.apache.hadoop.ipc.ProtobufRpcEngine2$Server$ProtoBufRpcInvoker.call(ProtobufRpcEngine2.java:574) [hadoop-common-3.3.1.jar:?]
	at org.apache.hadoop.ipc.ProtobufRpcEngine2$Server$ProtoBufRpcInvoker.call(ProtobufRpcEngine2.java:552) [hadoop-common-3.3.1.jar:?]
	at org.apache.hadoop.ipc.RPC$Server.call(RPC.java:1093) [hadoop-common-3.3.1.jar:?]
	at org.apache.hadoop.ipc.Server$RpcCall.run(Server.java:1035) [hadoop-common-3.3.1.jar:?]
	at org.apache.hadoop.ipc.Server$RpcCall.run(Server.java:963) [hadoop-common-3.3.1.jar:?]
	at java.security.AccessController.doPrivileged(Native Method) ~[?:1.8.0_332]
	at javax.security.auth.Subject.doAs(Subject.java:422) [?:1.8.0_332]
	at org.apache.hadoop.security.UserGroupInformation.doAs(UserGroupInformation.java:1878) [hadoop-common-3.3.1.jar:?]
	at org.apache.hadoop.ipc.Server$Handler.run(Server.java:2966) [hadoop-common-3.3.1.jar:?]
16:54:33.046 [IPC Server handler 19 on default port 44473] ERROR OMAudit - user=runner | ip=127.0.0.1 | op=GET_FILE_STATUS {volume=volume64187, bucket=bucket04000, key=testBatchDelete/parent/child7, dataSize=0, replicationConfig=null} | ret=FAILURE
org.apache.hadoop.ozone.om.exceptions.OMException: Unable to get file status: volume: volume64187 bucket: bucket04000 key: testBatchDelete/parent/child7
	at org.apache.hadoop.ozone.om.KeyManagerImpl.getOzoneFileStatus(KeyManagerImpl.java:1311) ~[ozone-manager-1.3.0-SNAPSHOT.jar:?]
	at org.apache.hadoop.ozone.om.KeyManagerImpl.getFileStatus(KeyManagerImpl.java:1241) ~[ozone-manager-1.3.0-SNAPSHOT.jar:?]
	at org.apache.hadoop.ozone.om.OzoneManager.getFileStatus(OzoneManager.java:3419) ~[ozone-manager-1.3.0-SNAPSHOT.jar:?]
	at org.apache.hadoop.ozone.protocolPB.OzoneManagerRequestHandler.getOzoneFileStatus(OzoneManagerRequestHandler.java:871) ~[ozone-manager-1.3.0-SNAPSHOT.jar:?]
	at org.apache.hadoop.ozone.protocolPB.OzoneManagerRequestHandler.handleReadRequest(OzoneManagerRequestHandler.java:217) ~[ozone-manager-1.3.0-SNAPSHOT.jar:?]
	at org.apache.hadoop.ozone.protocolPB.OzoneManagerProtocolServerSideTranslatorPB.submitReadRequestToOM(OzoneManagerProtocolServerSideTranslatorPB.java:226) ~[ozone-manager-1.3.0-SNAPSHOT.jar:?]
	at org.apache.hadoop.ozone.protocolPB.OzoneManagerProtocolServerSideTranslatorPB.processRequest(OzoneManagerProtocolServerSideTranslatorPB.java:175) ~[ozone-manager-1.3.0-SNAPSHOT.jar:?]
	at org.apache.hadoop.hdds.server.OzoneProtocolMessageDispatcher.processRequest(OzoneProtocolMessageDispatcher.java:87) [hdds-server-framework-1.3.0-SNAPSHOT.jar:?]
	at org.apache.hadoop.ozone.protocolPB.OzoneManagerProtocolServerSideTranslatorPB.submitRequest(OzoneManagerProtocolServerSideTranslatorPB.java:147) [ozone-manager-1.3.0-SNAPSHOT.jar:?]
	at org.apache.hadoop.ozone.protocol.proto.OzoneManagerProtocolProtos$OzoneManagerService$2.callBlockingMethod(OzoneManagerProtocolProtos.java) [ozone-interface-client-1.3.0-SNAPSHOT.jar:?]
	at org.apache.hadoop.ipc.ProtobufRpcEngine$Server.processCall(ProtobufRpcEngine.java:466) [hadoop-common-3.3.1.jar:?]
	at org.apache.hadoop.ipc.ProtobufRpcEngine2$Server$ProtoBufRpcInvoker.call(ProtobufRpcEngine2.java:574) [hadoop-common-3.3.1.jar:?]
	at org.apache.hadoop.ipc.ProtobufRpcEngine2$Server$ProtoBufRpcInvoker.call(ProtobufRpcEngine2.java:552) [hadoop-common-3.3.1.jar:?]
	at org.apache.hadoop.ipc.RPC$Server.call(RPC.java:1093) [hadoop-common-3.3.1.jar:?]
	at org.apache.hadoop.ipc.Server$RpcCall.run(Server.java:1035) [hadoop-common-3.3.1.jar:?]
	at org.apache.hadoop.ipc.Server$RpcCall.run(Server.java:963) [hadoop-common-3.3.1.jar:?]
	at java.security.AccessController.doPrivileged(Native Method) ~[?:1.8.0_332]
	at javax.security.auth.Subject.doAs(Subject.java:422) [?:1.8.0_332]
	at org.apache.hadoop.security.UserGroupInformation.doAs(UserGroupInformation.java:1878) [hadoop-common-3.3.1.jar:?]
	at org.apache.hadoop.ipc.Server$Handler.run(Server.java:2966) [hadoop-common-3.3.1.jar:?]
16:54:33.049 [IPC Server handler 1 on default port 44473] ERROR OMAudit - user=runner | ip=127.0.0.1 | op=GET_FILE_STATUS {volume=volume64187, bucket=bucket04000, key=testBatchDelete/parent/childFolder/child7, dataSize=0, replicationConfig=null} | ret=FAILURE
org.apache.hadoop.ozone.om.exceptions.OMException: Unable to get file status: volume: volume64187 bucket: bucket04000 key: testBatchDelete/parent/childFolder/child7
	at org.apache.hadoop.ozone.om.KeyManagerImpl.getOzoneFileStatus(KeyManagerImpl.java:1311) ~[ozone-manager-1.3.0-SNAPSHOT.jar:?]
	at org.apache.hadoop.ozone.om.KeyManagerImpl.getFileStatus(KeyManagerImpl.java:1241) ~[ozone-manager-1.3.0-SNAPSHOT.jar:?]
	at org.apache.hadoop.ozone.om.OzoneManager.getFileStatus(OzoneManager.java:3419) ~[ozone-manager-1.3.0-SNAPSHOT.jar:?]
	at org.apache.hadoop.ozone.protocolPB.OzoneManagerRequestHandler.getOzoneFileStatus(OzoneManagerRequestHandler.java:871) ~[ozone-manager-1.3.0-SNAPSHOT.jar:?]
	at org.apache.hadoop.ozone.protocolPB.OzoneManagerRequestHandler.handleReadRequest(OzoneManagerRequestHandler.java:217) ~[ozone-manager-1.3.0-SNAPSHOT.jar:?]
	at org.apache.hadoop.ozone.protocolPB.OzoneManagerProtocolServerSideTranslatorPB.submitReadRequestToOM(OzoneManagerProtocolServerSideTranslatorPB.java:226) ~[ozone-manager-1.3.0-SNAPSHOT.jar:?]
	at org.apache.hadoop.ozone.protocolPB.OzoneManagerProtocolServerSideTranslatorPB.processRequest(OzoneManagerProtocolServerSideTranslatorPB.java:175) ~[ozone-manager-1.3.0-SNAPSHOT.jar:?]
	at org.apache.hadoop.hdds.server.OzoneProtocolMessageDispatcher.processRequest(OzoneProtocolMessageDispatcher.java:87) [hdds-server-framework-1.3.0-SNAPSHOT.jar:?]
	at org.apache.hadoop.ozone.protocolPB.OzoneManagerProtocolServerSideTranslatorPB.submitRequest(OzoneManagerProtocolServerSideTranslatorPB.java:147) [ozone-manager-1.3.0-SNAPSHOT.jar:?]
	at org.apache.hadoop.ozone.protocol.proto.OzoneManagerProtocolProtos$OzoneManagerService$2.callBlockingMethod(OzoneManagerProtocolProtos.java) [ozone-interface-client-1.3.0-SNAPSHOT.jar:?]
	at org.apache.hadoop.ipc.ProtobufRpcEngine$Server.processCall(ProtobufRpcEngine.java:466) [hadoop-common-3.3.1.jar:?]
	at org.apache.hadoop.ipc.ProtobufRpcEngine2$Server$ProtoBufRpcInvoker.call(ProtobufRpcEngine2.java:574) [hadoop-common-3.3.1.jar:?]
	at org.apache.hadoop.ipc.ProtobufRpcEngine2$Server$ProtoBufRpcInvoker.call(ProtobufRpcEngine2.java:552) [hadoop-common-3.3.1.jar:?]
	at org.apache.hadoop.ipc.RPC$Server.call(RPC.java:1093) [hadoop-common-3.3.1.jar:?]
	at org.apache.hadoop.ipc.Server$RpcCall.run(Server.java:1035) [hadoop-common-3.3.1.jar:?]
	at org.apache.hadoop.ipc.Server$RpcCall.run(Server.java:963) [hadoop-common-3.3.1.jar:?]
	at java.security.AccessController.doPrivileged(Native Method) ~[?:1.8.0_332]
	at javax.security.auth.Subject.doAs(Subject.java:422) [?:1.8.0_332]
	at org.apache.hadoop.security.UserGroupInformation.doAs(UserGroupInformation.java:1878) [hadoop-common-3.3.1.jar:?]
	at org.apache.hadoop.ipc.Server$Handler.run(Server.java:2966) [hadoop-common-3.3.1.jar:?]
16:54:33.050 [IPC Server handler 2 on default port 44473] ERROR OMAudit - user=runner | ip=127.0.0.1 | op=GET_FILE_STATUS {volume=volume64187, bucket=bucket04000, key=testBatchDelete/parent, dataSize=0, replicationConfig=null} | ret=FAILURE
org.apache.hadoop.ozone.om.exceptions.OMException: Unable to get file status: volume: volume64187 bucket: bucket04000 key: testBatchDelete/parent
	at org.apache.hadoop.ozone.om.KeyManagerImpl.getOzoneFileStatus(KeyManagerImpl.java:1311) ~[ozone-manager-1.3.0-SNAPSHOT.jar:?]
	at org.apache.hadoop.ozone.om.KeyManagerImpl.getFileStatus(KeyManagerImpl.java:1241) ~[ozone-manager-1.3.0-SNAPSHOT.jar:?]
	at org.apache.hadoop.ozone.om.OzoneManager.getFileStatus(OzoneManager.java:3419) ~[ozone-manager-1.3.0-SNAPSHOT.jar:?]
	at org.apache.hadoop.ozone.protocolPB.OzoneManagerRequestHandler.getOzoneFileStatus(OzoneManagerRequestHandler.java:871) ~[ozone-manager-1.3.0-SNAPSHOT.jar:?]
	at org.apache.hadoop.ozone.protocolPB.OzoneManagerRequestHandler.handleReadRequest(OzoneManagerRequestHandler.java:217) ~[ozone-manager-1.3.0-SNAPSHOT.jar:?]
	at org.apache.hadoop.ozone.protocolPB.OzoneManagerProtocolServerSideTranslatorPB.submitReadRequestToOM(OzoneManagerProtocolServerSideTranslatorPB.java:226) ~[ozone-manager-1.3.0-SNAPSHOT.jar:?]
	at org.apache.hadoop.ozone.protocolPB.OzoneManagerProtocolServerSideTranslatorPB.processRequest(OzoneManagerProtocolServerSideTranslatorPB.java:175) ~[ozone-manager-1.3.0-SNAPSHOT.jar:?]
	at org.apache.hadoop.hdds.server.OzoneProtocolMessageDispatcher.processRequest(OzoneProtocolMessageDispatcher.java:87) [hdds-server-framework-1.3.0-SNAPSHOT.jar:?]
	at org.apache.hadoop.ozone.protocolPB.OzoneManagerProtocolServerSideTranslatorPB.submitRequest(OzoneManagerProtocolServerSideTranslatorPB.java:147) [ozone-manager-1.3.0-SNAPSHOT.jar:?]
	at org.apache.hadoop.ozone.protocol.proto.OzoneManagerProtocolProtos$OzoneManagerService$2.callBlockingMethod(OzoneManagerProtocolProtos.java) [ozone-interface-client-1.3.0-SNAPSHOT.jar:?]
	at org.apache.hadoop.ipc.ProtobufRpcEngine$Server.processCall(ProtobufRpcEngine.java:466) [hadoop-common-3.3.1.jar:?]
	at org.apache.hadoop.ipc.ProtobufRpcEngine2$Server$ProtoBufRpcInvoker.call(ProtobufRpcEngine2.java:574) [hadoop-common-3.3.1.jar:?]
	at org.apache.hadoop.ipc.ProtobufRpcEngine2$Server$ProtoBufRpcInvoker.call(ProtobufRpcEngine2.java:552) [hadoop-common-3.3.1.jar:?]
	at org.apache.hadoop.ipc.RPC$Server.call(RPC.java:1093) [hadoop-common-3.3.1.jar:?]
	at org.apache.hadoop.ipc.Server$RpcCall.run(Server.java:1035) [hadoop-common-3.3.1.jar:?]
	at org.apache.hadoop.ipc.Server$RpcCall.run(Server.java:963) [hadoop-common-3.3.1.jar:?]
	at java.security.AccessController.doPrivileged(Native Method) ~[?:1.8.0_332]
	at javax.security.auth.Subject.doAs(Subject.java:422) [?:1.8.0_332]
	at org.apache.hadoop.security.UserGroupInformation.doAs(UserGroupInformation.java:1878) [hadoop-common-3.3.1.jar:?]
	at org.apache.hadoop.ipc.Server$Handler.run(Server.java:2966) [hadoop-common-3.3.1.jar:?]
2022-06-27 16:54:33,051 [Time-limited test] WARN  ozone.BasicRootedOzoneFileSystem (BasicRootedOzoneFileSystem.java:delete(572)) - delete: Path does not exist: /volume64187/bucket04000/testBatchDelete/parent
]]></system-out>
  </testcase>
  <testcase name="testFileDelete" classname="TestRootedOzoneFileSystem" time="0.203">
    <system-out><![CDATA[2022-06-27 16:55:37,591 [Time-limited test] INFO  rpc.RpcClient (RpcClient.java:createVolume(466)) - Creating Volume: volume47445, with user87966 as owner and space quota set to -1 bytes, counts quota set to -1
2022-06-27 16:55:37,594 [OM StateMachine ApplyTransaction Thread - 0] INFO  volume.OMVolumeCreateRequest (OMVolumeCreateRequest.java:validateAndUpdateCache(195)) - created volume:volume47445 for user:user87966
2022-06-27 16:55:37,595 [Time-limited test] INFO  rpc.RpcClient (RpcClient.java:createBucket(666)) - Creating Bucket: volume47445/bucket67435, with the Bucket Layout LEGACY, runner as owner, Versioning false, Storage Type set to DISK and Encryption set to false 
2022-06-27 16:55:37,596 [OM StateMachine ApplyTransaction Thread - 0] INFO  bucket.OMBucketCreateRequest (OMBucketCreateRequest.java:validateAndUpdateCache(260)) - created bucket: bucket67435 of layout LEGACY in volume: volume47445
16:55:37.688 [IPC Server handler 17 on default port 39955] ERROR OMAudit - user=runner | ip=127.0.0.1 | op=GET_FILE_STATUS {volume=volume47445, bucket=bucket67435, key=testBatchDelete, dataSize=0, replicationConfig=null} | ret=FAILURE
org.apache.hadoop.ozone.om.exceptions.OMException: Unable to get file status: volume: volume47445 bucket: bucket67435 key: testBatchDelete
	at org.apache.hadoop.ozone.om.KeyManagerImpl.getOzoneFileStatus(KeyManagerImpl.java:1311) ~[ozone-manager-1.3.0-SNAPSHOT.jar:?]
	at org.apache.hadoop.ozone.om.KeyManagerImpl.getFileStatus(KeyManagerImpl.java:1241) ~[ozone-manager-1.3.0-SNAPSHOT.jar:?]
	at org.apache.hadoop.ozone.om.OzoneManager.getFileStatus(OzoneManager.java:3419) ~[ozone-manager-1.3.0-SNAPSHOT.jar:?]
	at org.apache.hadoop.ozone.protocolPB.OzoneManagerRequestHandler.getOzoneFileStatus(OzoneManagerRequestHandler.java:871) ~[ozone-manager-1.3.0-SNAPSHOT.jar:?]
	at org.apache.hadoop.ozone.protocolPB.OzoneManagerRequestHandler.handleReadRequest(OzoneManagerRequestHandler.java:217) ~[ozone-manager-1.3.0-SNAPSHOT.jar:?]
	at org.apache.hadoop.ozone.protocolPB.OzoneManagerProtocolServerSideTranslatorPB.submitReadRequestToOM(OzoneManagerProtocolServerSideTranslatorPB.java:226) ~[ozone-manager-1.3.0-SNAPSHOT.jar:?]
	at org.apache.hadoop.ozone.protocolPB.OzoneManagerProtocolServerSideTranslatorPB.processRequest(OzoneManagerProtocolServerSideTranslatorPB.java:175) ~[ozone-manager-1.3.0-SNAPSHOT.jar:?]
	at org.apache.hadoop.hdds.server.OzoneProtocolMessageDispatcher.processRequest(OzoneProtocolMessageDispatcher.java:87) [hdds-server-framework-1.3.0-SNAPSHOT.jar:?]
	at org.apache.hadoop.ozone.protocolPB.OzoneManagerProtocolServerSideTranslatorPB.submitRequest(OzoneManagerProtocolServerSideTranslatorPB.java:147) [ozone-manager-1.3.0-SNAPSHOT.jar:?]
	at org.apache.hadoop.ozone.protocol.proto.OzoneManagerProtocolProtos$OzoneManagerService$2.callBlockingMethod(OzoneManagerProtocolProtos.java) [ozone-interface-client-1.3.0-SNAPSHOT.jar:?]
	at org.apache.hadoop.ipc.ProtobufRpcEngine$Server.processCall(ProtobufRpcEngine.java:466) [hadoop-common-3.3.1.jar:?]
	at org.apache.hadoop.ipc.ProtobufRpcEngine2$Server$ProtoBufRpcInvoker.call(ProtobufRpcEngine2.java:574) [hadoop-common-3.3.1.jar:?]
	at org.apache.hadoop.ipc.ProtobufRpcEngine2$Server$ProtoBufRpcInvoker.call(ProtobufRpcEngine2.java:552) [hadoop-common-3.3.1.jar:?]
	at org.apache.hadoop.ipc.RPC$Server.call(RPC.java:1093) [hadoop-common-3.3.1.jar:?]
	at org.apache.hadoop.ipc.Server$RpcCall.run(Server.java:1035) [hadoop-common-3.3.1.jar:?]
	at org.apache.hadoop.ipc.Server$RpcCall.run(Server.java:963) [hadoop-common-3.3.1.jar:?]
	at java.security.AccessController.doPrivileged(Native Method) ~[?:1.8.0_332]
	at javax.security.auth.Subject.doAs(Subject.java:422) [?:1.8.0_332]
	at org.apache.hadoop.security.UserGroupInformation.doAs(UserGroupInformation.java:1878) [hadoop-common-3.3.1.jar:?]
	at org.apache.hadoop.ipc.Server$Handler.run(Server.java:2966) [hadoop-common-3.3.1.jar:?]
16:55:37.689 [IPC Server handler 8 on default port 39955] ERROR OMAudit - user=runner | ip=127.0.0.1 | op=GET_FILE_STATUS {volume=volume47445, bucket=bucket67435, key=testBatchDelete/parent/child0, dataSize=0, replicationConfig=null} | ret=FAILURE
org.apache.hadoop.ozone.om.exceptions.OMException: Unable to get file status: volume: volume47445 bucket: bucket67435 key: testBatchDelete/parent/child0
	at org.apache.hadoop.ozone.om.KeyManagerImpl.getOzoneFileStatus(KeyManagerImpl.java:1311) ~[ozone-manager-1.3.0-SNAPSHOT.jar:?]
	at org.apache.hadoop.ozone.om.KeyManagerImpl.getFileStatus(KeyManagerImpl.java:1241) ~[ozone-manager-1.3.0-SNAPSHOT.jar:?]
	at org.apache.hadoop.ozone.om.OzoneManager.getFileStatus(OzoneManager.java:3419) ~[ozone-manager-1.3.0-SNAPSHOT.jar:?]
	at org.apache.hadoop.ozone.protocolPB.OzoneManagerRequestHandler.getOzoneFileStatus(OzoneManagerRequestHandler.java:871) ~[ozone-manager-1.3.0-SNAPSHOT.jar:?]
	at org.apache.hadoop.ozone.protocolPB.OzoneManagerRequestHandler.handleReadRequest(OzoneManagerRequestHandler.java:217) ~[ozone-manager-1.3.0-SNAPSHOT.jar:?]
	at org.apache.hadoop.ozone.protocolPB.OzoneManagerProtocolServerSideTranslatorPB.submitReadRequestToOM(OzoneManagerProtocolServerSideTranslatorPB.java:226) ~[ozone-manager-1.3.0-SNAPSHOT.jar:?]
	at org.apache.hadoop.ozone.protocolPB.OzoneManagerProtocolServerSideTranslatorPB.processRequest(OzoneManagerProtocolServerSideTranslatorPB.java:175) ~[ozone-manager-1.3.0-SNAPSHOT.jar:?]
	at org.apache.hadoop.hdds.server.OzoneProtocolMessageDispatcher.processRequest(OzoneProtocolMessageDispatcher.java:87) [hdds-server-framework-1.3.0-SNAPSHOT.jar:?]
	at org.apache.hadoop.ozone.protocolPB.OzoneManagerProtocolServerSideTranslatorPB.submitRequest(OzoneManagerProtocolServerSideTranslatorPB.java:147) [ozone-manager-1.3.0-SNAPSHOT.jar:?]
	at org.apache.hadoop.ozone.protocol.proto.OzoneManagerProtocolProtos$OzoneManagerService$2.callBlockingMethod(OzoneManagerProtocolProtos.java) [ozone-interface-client-1.3.0-SNAPSHOT.jar:?]
	at org.apache.hadoop.ipc.ProtobufRpcEngine$Server.processCall(ProtobufRpcEngine.java:466) [hadoop-common-3.3.1.jar:?]
	at org.apache.hadoop.ipc.ProtobufRpcEngine2$Server$ProtoBufRpcInvoker.call(ProtobufRpcEngine2.java:574) [hadoop-common-3.3.1.jar:?]
	at org.apache.hadoop.ipc.ProtobufRpcEngine2$Server$ProtoBufRpcInvoker.call(ProtobufRpcEngine2.java:552) [hadoop-common-3.3.1.jar:?]
	at org.apache.hadoop.ipc.RPC$Server.call(RPC.java:1093) [hadoop-common-3.3.1.jar:?]
	at org.apache.hadoop.ipc.Server$RpcCall.run(Server.java:1035) [hadoop-common-3.3.1.jar:?]
	at org.apache.hadoop.ipc.Server$RpcCall.run(Server.java:963) [hadoop-common-3.3.1.jar:?]
	at java.security.AccessController.doPrivileged(Native Method) ~[?:1.8.0_332]
	at javax.security.auth.Subject.doAs(Subject.java:422) [?:1.8.0_332]
	at org.apache.hadoop.security.UserGroupInformation.doAs(UserGroupInformation.java:1878) [hadoop-common-3.3.1.jar:?]
	at org.apache.hadoop.ipc.Server$Handler.run(Server.java:2966) [hadoop-common-3.3.1.jar:?]
16:55:37.690 [IPC Server handler 19 on default port 39955] ERROR OMAudit - user=runner | ip=127.0.0.1 | op=GET_FILE_STATUS {volume=volume47445, bucket=bucket67435, key=testBatchDelete/parent/childFolder/child0, dataSize=0, replicationConfig=null} | ret=FAILURE
org.apache.hadoop.ozone.om.exceptions.OMException: Unable to get file status: volume: volume47445 bucket: bucket67435 key: testBatchDelete/parent/childFolder/child0
	at org.apache.hadoop.ozone.om.KeyManagerImpl.getOzoneFileStatus(KeyManagerImpl.java:1311) ~[ozone-manager-1.3.0-SNAPSHOT.jar:?]
	at org.apache.hadoop.ozone.om.KeyManagerImpl.getFileStatus(KeyManagerImpl.java:1241) ~[ozone-manager-1.3.0-SNAPSHOT.jar:?]
	at org.apache.hadoop.ozone.om.OzoneManager.getFileStatus(OzoneManager.java:3419) ~[ozone-manager-1.3.0-SNAPSHOT.jar:?]
	at org.apache.hadoop.ozone.protocolPB.OzoneManagerRequestHandler.getOzoneFileStatus(OzoneManagerRequestHandler.java:871) ~[ozone-manager-1.3.0-SNAPSHOT.jar:?]
	at org.apache.hadoop.ozone.protocolPB.OzoneManagerRequestHandler.handleReadRequest(OzoneManagerRequestHandler.java:217) ~[ozone-manager-1.3.0-SNAPSHOT.jar:?]
	at org.apache.hadoop.ozone.protocolPB.OzoneManagerProtocolServerSideTranslatorPB.submitReadRequestToOM(OzoneManagerProtocolServerSideTranslatorPB.java:226) ~[ozone-manager-1.3.0-SNAPSHOT.jar:?]
	at org.apache.hadoop.ozone.protocolPB.OzoneManagerProtocolServerSideTranslatorPB.processRequest(OzoneManagerProtocolServerSideTranslatorPB.java:175) ~[ozone-manager-1.3.0-SNAPSHOT.jar:?]
	at org.apache.hadoop.hdds.server.OzoneProtocolMessageDispatcher.processRequest(OzoneProtocolMessageDispatcher.java:87) [hdds-server-framework-1.3.0-SNAPSHOT.jar:?]
	at org.apache.hadoop.ozone.protocolPB.OzoneManagerProtocolServerSideTranslatorPB.submitRequest(OzoneManagerProtocolServerSideTranslatorPB.java:147) [ozone-manager-1.3.0-SNAPSHOT.jar:?]
	at org.apache.hadoop.ozone.protocol.proto.OzoneManagerProtocolProtos$OzoneManagerService$2.callBlockingMethod(OzoneManagerProtocolProtos.java) [ozone-interface-client-1.3.0-SNAPSHOT.jar:?]
	at org.apache.hadoop.ipc.ProtobufRpcEngine$Server.processCall(ProtobufRpcEngine.java:466) [hadoop-common-3.3.1.jar:?]
	at org.apache.hadoop.ipc.ProtobufRpcEngine2$Server$ProtoBufRpcInvoker.call(ProtobufRpcEngine2.java:574) [hadoop-common-3.3.1.jar:?]
	at org.apache.hadoop.ipc.ProtobufRpcEngine2$Server$ProtoBufRpcInvoker.call(ProtobufRpcEngine2.java:552) [hadoop-common-3.3.1.jar:?]
	at org.apache.hadoop.ipc.RPC$Server.call(RPC.java:1093) [hadoop-common-3.3.1.jar:?]
	at org.apache.hadoop.ipc.Server$RpcCall.run(Server.java:1035) [hadoop-common-3.3.1.jar:?]
	at org.apache.hadoop.ipc.Server$RpcCall.run(Server.java:963) [hadoop-common-3.3.1.jar:?]
	at java.security.AccessController.doPrivileged(Native Method) ~[?:1.8.0_332]
	at javax.security.auth.Subject.doAs(Subject.java:422) [?:1.8.0_332]
	at org.apache.hadoop.security.UserGroupInformation.doAs(UserGroupInformation.java:1878) [hadoop-common-3.3.1.jar:?]
	at org.apache.hadoop.ipc.Server$Handler.run(Server.java:2966) [hadoop-common-3.3.1.jar:?]
16:55:37.691 [IPC Server handler 2 on default port 39955] ERROR OMAudit - user=runner | ip=127.0.0.1 | op=GET_FILE_STATUS {volume=volume47445, bucket=bucket67435, key=testBatchDelete/parent/child1, dataSize=0, replicationConfig=null} | ret=FAILURE
org.apache.hadoop.ozone.om.exceptions.OMException: Unable to get file status: volume: volume47445 bucket: bucket67435 key: testBatchDelete/parent/child1
	at org.apache.hadoop.ozone.om.KeyManagerImpl.getOzoneFileStatus(KeyManagerImpl.java:1311) ~[ozone-manager-1.3.0-SNAPSHOT.jar:?]
	at org.apache.hadoop.ozone.om.KeyManagerImpl.getFileStatus(KeyManagerImpl.java:1241) ~[ozone-manager-1.3.0-SNAPSHOT.jar:?]
	at org.apache.hadoop.ozone.om.OzoneManager.getFileStatus(OzoneManager.java:3419) ~[ozone-manager-1.3.0-SNAPSHOT.jar:?]
	at org.apache.hadoop.ozone.protocolPB.OzoneManagerRequestHandler.getOzoneFileStatus(OzoneManagerRequestHandler.java:871) ~[ozone-manager-1.3.0-SNAPSHOT.jar:?]
	at org.apache.hadoop.ozone.protocolPB.OzoneManagerRequestHandler.handleReadRequest(OzoneManagerRequestHandler.java:217) ~[ozone-manager-1.3.0-SNAPSHOT.jar:?]
	at org.apache.hadoop.ozone.protocolPB.OzoneManagerProtocolServerSideTranslatorPB.submitReadRequestToOM(OzoneManagerProtocolServerSideTranslatorPB.java:226) ~[ozone-manager-1.3.0-SNAPSHOT.jar:?]
	at org.apache.hadoop.ozone.protocolPB.OzoneManagerProtocolServerSideTranslatorPB.processRequest(OzoneManagerProtocolServerSideTranslatorPB.java:175) ~[ozone-manager-1.3.0-SNAPSHOT.jar:?]
	at org.apache.hadoop.hdds.server.OzoneProtocolMessageDispatcher.processRequest(OzoneProtocolMessageDispatcher.java:87) [hdds-server-framework-1.3.0-SNAPSHOT.jar:?]
	at org.apache.hadoop.ozone.protocolPB.OzoneManagerProtocolServerSideTranslatorPB.submitRequest(OzoneManagerProtocolServerSideTranslatorPB.java:147) [ozone-manager-1.3.0-SNAPSHOT.jar:?]
	at org.apache.hadoop.ozone.protocol.proto.OzoneManagerProtocolProtos$OzoneManagerService$2.callBlockingMethod(OzoneManagerProtocolProtos.java) [ozone-interface-client-1.3.0-SNAPSHOT.jar:?]
	at org.apache.hadoop.ipc.ProtobufRpcEngine$Server.processCall(ProtobufRpcEngine.java:466) [hadoop-common-3.3.1.jar:?]
	at org.apache.hadoop.ipc.ProtobufRpcEngine2$Server$ProtoBufRpcInvoker.call(ProtobufRpcEngine2.java:574) [hadoop-common-3.3.1.jar:?]
	at org.apache.hadoop.ipc.ProtobufRpcEngine2$Server$ProtoBufRpcInvoker.call(ProtobufRpcEngine2.java:552) [hadoop-common-3.3.1.jar:?]
	at org.apache.hadoop.ipc.RPC$Server.call(RPC.java:1093) [hadoop-common-3.3.1.jar:?]
	at org.apache.hadoop.ipc.Server$RpcCall.run(Server.java:1035) [hadoop-common-3.3.1.jar:?]
	at org.apache.hadoop.ipc.Server$RpcCall.run(Server.java:963) [hadoop-common-3.3.1.jar:?]
	at java.security.AccessController.doPrivileged(Native Method) ~[?:1.8.0_332]
	at javax.security.auth.Subject.doAs(Subject.java:422) [?:1.8.0_332]
	at org.apache.hadoop.security.UserGroupInformation.doAs(UserGroupInformation.java:1878) [hadoop-common-3.3.1.jar:?]
	at org.apache.hadoop.ipc.Server$Handler.run(Server.java:2966) [hadoop-common-3.3.1.jar:?]
16:55:37.691 [IPC Server handler 0 on default port 39955] ERROR OMAudit - user=runner | ip=127.0.0.1 | op=GET_FILE_STATUS {volume=volume47445, bucket=bucket67435, key=testBatchDelete/parent/childFolder/child1, dataSize=0, replicationConfig=null} | ret=FAILURE
org.apache.hadoop.ozone.om.exceptions.OMException: Unable to get file status: volume: volume47445 bucket: bucket67435 key: testBatchDelete/parent/childFolder/child1
	at org.apache.hadoop.ozone.om.KeyManagerImpl.getOzoneFileStatus(KeyManagerImpl.java:1311) ~[ozone-manager-1.3.0-SNAPSHOT.jar:?]
	at org.apache.hadoop.ozone.om.KeyManagerImpl.getFileStatus(KeyManagerImpl.java:1241) ~[ozone-manager-1.3.0-SNAPSHOT.jar:?]
	at org.apache.hadoop.ozone.om.OzoneManager.getFileStatus(OzoneManager.java:3419) ~[ozone-manager-1.3.0-SNAPSHOT.jar:?]
	at org.apache.hadoop.ozone.protocolPB.OzoneManagerRequestHandler.getOzoneFileStatus(OzoneManagerRequestHandler.java:871) ~[ozone-manager-1.3.0-SNAPSHOT.jar:?]
	at org.apache.hadoop.ozone.protocolPB.OzoneManagerRequestHandler.handleReadRequest(OzoneManagerRequestHandler.java:217) ~[ozone-manager-1.3.0-SNAPSHOT.jar:?]
	at org.apache.hadoop.ozone.protocolPB.OzoneManagerProtocolServerSideTranslatorPB.submitReadRequestToOM(OzoneManagerProtocolServerSideTranslatorPB.java:226) ~[ozone-manager-1.3.0-SNAPSHOT.jar:?]
	at org.apache.hadoop.ozone.protocolPB.OzoneManagerProtocolServerSideTranslatorPB.processRequest(OzoneManagerProtocolServerSideTranslatorPB.java:175) ~[ozone-manager-1.3.0-SNAPSHOT.jar:?]
	at org.apache.hadoop.hdds.server.OzoneProtocolMessageDispatcher.processRequest(OzoneProtocolMessageDispatcher.java:87) [hdds-server-framework-1.3.0-SNAPSHOT.jar:?]
	at org.apache.hadoop.ozone.protocolPB.OzoneManagerProtocolServerSideTranslatorPB.submitRequest(OzoneManagerProtocolServerSideTranslatorPB.java:147) [ozone-manager-1.3.0-SNAPSHOT.jar:?]
	at org.apache.hadoop.ozone.protocol.proto.OzoneManagerProtocolProtos$OzoneManagerService$2.callBlockingMethod(OzoneManagerProtocolProtos.java) [ozone-interface-client-1.3.0-SNAPSHOT.jar:?]
	at org.apache.hadoop.ipc.ProtobufRpcEngine$Server.processCall(ProtobufRpcEngine.java:466) [hadoop-common-3.3.1.jar:?]
	at org.apache.hadoop.ipc.ProtobufRpcEngine2$Server$ProtoBufRpcInvoker.call(ProtobufRpcEngine2.java:574) [hadoop-common-3.3.1.jar:?]
	at org.apache.hadoop.ipc.ProtobufRpcEngine2$Server$ProtoBufRpcInvoker.call(ProtobufRpcEngine2.java:552) [hadoop-common-3.3.1.jar:?]
	at org.apache.hadoop.ipc.RPC$Server.call(RPC.java:1093) [hadoop-common-3.3.1.jar:?]
	at org.apache.hadoop.ipc.Server$RpcCall.run(Server.java:1035) [hadoop-common-3.3.1.jar:?]
	at org.apache.hadoop.ipc.Server$RpcCall.run(Server.java:963) [hadoop-common-3.3.1.jar:?]
	at java.security.AccessController.doPrivileged(Native Method) ~[?:1.8.0_332]
	at javax.security.auth.Subject.doAs(Subject.java:422) [?:1.8.0_332]
	at org.apache.hadoop.security.UserGroupInformation.doAs(UserGroupInformation.java:1878) [hadoop-common-3.3.1.jar:?]
	at org.apache.hadoop.ipc.Server$Handler.run(Server.java:2966) [hadoop-common-3.3.1.jar:?]
16:55:37.692 [IPC Server handler 14 on default port 39955] ERROR OMAudit - user=runner | ip=127.0.0.1 | op=GET_FILE_STATUS {volume=volume47445, bucket=bucket67435, key=testBatchDelete/parent/child2, dataSize=0, replicationConfig=null} | ret=FAILURE
org.apache.hadoop.ozone.om.exceptions.OMException: Unable to get file status: volume: volume47445 bucket: bucket67435 key: testBatchDelete/parent/child2
	at org.apache.hadoop.ozone.om.KeyManagerImpl.getOzoneFileStatus(KeyManagerImpl.java:1311) ~[ozone-manager-1.3.0-SNAPSHOT.jar:?]
	at org.apache.hadoop.ozone.om.KeyManagerImpl.getFileStatus(KeyManagerImpl.java:1241) ~[ozone-manager-1.3.0-SNAPSHOT.jar:?]
	at org.apache.hadoop.ozone.om.OzoneManager.getFileStatus(OzoneManager.java:3419) ~[ozone-manager-1.3.0-SNAPSHOT.jar:?]
	at org.apache.hadoop.ozone.protocolPB.OzoneManagerRequestHandler.getOzoneFileStatus(OzoneManagerRequestHandler.java:871) ~[ozone-manager-1.3.0-SNAPSHOT.jar:?]
	at org.apache.hadoop.ozone.protocolPB.OzoneManagerRequestHandler.handleReadRequest(OzoneManagerRequestHandler.java:217) ~[ozone-manager-1.3.0-SNAPSHOT.jar:?]
	at org.apache.hadoop.ozone.protocolPB.OzoneManagerProtocolServerSideTranslatorPB.submitReadRequestToOM(OzoneManagerProtocolServerSideTranslatorPB.java:226) ~[ozone-manager-1.3.0-SNAPSHOT.jar:?]
	at org.apache.hadoop.ozone.protocolPB.OzoneManagerProtocolServerSideTranslatorPB.processRequest(OzoneManagerProtocolServerSideTranslatorPB.java:175) ~[ozone-manager-1.3.0-SNAPSHOT.jar:?]
	at org.apache.hadoop.hdds.server.OzoneProtocolMessageDispatcher.processRequest(OzoneProtocolMessageDispatcher.java:87) [hdds-server-framework-1.3.0-SNAPSHOT.jar:?]
	at org.apache.hadoop.ozone.protocolPB.OzoneManagerProtocolServerSideTranslatorPB.submitRequest(OzoneManagerProtocolServerSideTranslatorPB.java:147) [ozone-manager-1.3.0-SNAPSHOT.jar:?]
	at org.apache.hadoop.ozone.protocol.proto.OzoneManagerProtocolProtos$OzoneManagerService$2.callBlockingMethod(OzoneManagerProtocolProtos.java) [ozone-interface-client-1.3.0-SNAPSHOT.jar:?]
	at org.apache.hadoop.ipc.ProtobufRpcEngine$Server.processCall(ProtobufRpcEngine.java:466) [hadoop-common-3.3.1.jar:?]
	at org.apache.hadoop.ipc.ProtobufRpcEngine2$Server$ProtoBufRpcInvoker.call(ProtobufRpcEngine2.java:574) [hadoop-common-3.3.1.jar:?]
	at org.apache.hadoop.ipc.ProtobufRpcEngine2$Server$ProtoBufRpcInvoker.call(ProtobufRpcEngine2.java:552) [hadoop-common-3.3.1.jar:?]
	at org.apache.hadoop.ipc.RPC$Server.call(RPC.java:1093) [hadoop-common-3.3.1.jar:?]
	at org.apache.hadoop.ipc.Server$RpcCall.run(Server.java:1035) [hadoop-common-3.3.1.jar:?]
	at org.apache.hadoop.ipc.Server$RpcCall.run(Server.java:963) [hadoop-common-3.3.1.jar:?]
	at java.security.AccessController.doPrivileged(Native Method) ~[?:1.8.0_332]
	at javax.security.auth.Subject.doAs(Subject.java:422) [?:1.8.0_332]
	at org.apache.hadoop.security.UserGroupInformation.doAs(UserGroupInformation.java:1878) [hadoop-common-3.3.1.jar:?]
	at org.apache.hadoop.ipc.Server$Handler.run(Server.java:2966) [hadoop-common-3.3.1.jar:?]
16:55:37.693 [IPC Server handler 13 on default port 39955] ERROR OMAudit - user=runner | ip=127.0.0.1 | op=GET_FILE_STATUS {volume=volume47445, bucket=bucket67435, key=testBatchDelete/parent/childFolder/child2, dataSize=0, replicationConfig=null} | ret=FAILURE
org.apache.hadoop.ozone.om.exceptions.OMException: Unable to get file status: volume: volume47445 bucket: bucket67435 key: testBatchDelete/parent/childFolder/child2
	at org.apache.hadoop.ozone.om.KeyManagerImpl.getOzoneFileStatus(KeyManagerImpl.java:1311) ~[ozone-manager-1.3.0-SNAPSHOT.jar:?]
	at org.apache.hadoop.ozone.om.KeyManagerImpl.getFileStatus(KeyManagerImpl.java:1241) ~[ozone-manager-1.3.0-SNAPSHOT.jar:?]
	at org.apache.hadoop.ozone.om.OzoneManager.getFileStatus(OzoneManager.java:3419) ~[ozone-manager-1.3.0-SNAPSHOT.jar:?]
	at org.apache.hadoop.ozone.protocolPB.OzoneManagerRequestHandler.getOzoneFileStatus(OzoneManagerRequestHandler.java:871) ~[ozone-manager-1.3.0-SNAPSHOT.jar:?]
	at org.apache.hadoop.ozone.protocolPB.OzoneManagerRequestHandler.handleReadRequest(OzoneManagerRequestHandler.java:217) ~[ozone-manager-1.3.0-SNAPSHOT.jar:?]
	at org.apache.hadoop.ozone.protocolPB.OzoneManagerProtocolServerSideTranslatorPB.submitReadRequestToOM(OzoneManagerProtocolServerSideTranslatorPB.java:226) ~[ozone-manager-1.3.0-SNAPSHOT.jar:?]
	at org.apache.hadoop.ozone.protocolPB.OzoneManagerProtocolServerSideTranslatorPB.processRequest(OzoneManagerProtocolServerSideTranslatorPB.java:175) ~[ozone-manager-1.3.0-SNAPSHOT.jar:?]
	at org.apache.hadoop.hdds.server.OzoneProtocolMessageDispatcher.processRequest(OzoneProtocolMessageDispatcher.java:87) [hdds-server-framework-1.3.0-SNAPSHOT.jar:?]
	at org.apache.hadoop.ozone.protocolPB.OzoneManagerProtocolServerSideTranslatorPB.submitRequest(OzoneManagerProtocolServerSideTranslatorPB.java:147) [ozone-manager-1.3.0-SNAPSHOT.jar:?]
	at org.apache.hadoop.ozone.protocol.proto.OzoneManagerProtocolProtos$OzoneManagerService$2.callBlockingMethod(OzoneManagerProtocolProtos.java) [ozone-interface-client-1.3.0-SNAPSHOT.jar:?]
	at org.apache.hadoop.ipc.ProtobufRpcEngine$Server.processCall(ProtobufRpcEngine.java:466) [hadoop-common-3.3.1.jar:?]
	at org.apache.hadoop.ipc.ProtobufRpcEngine2$Server$ProtoBufRpcInvoker.call(ProtobufRpcEngine2.java:574) [hadoop-common-3.3.1.jar:?]
	at org.apache.hadoop.ipc.ProtobufRpcEngine2$Server$ProtoBufRpcInvoker.call(ProtobufRpcEngine2.java:552) [hadoop-common-3.3.1.jar:?]
	at org.apache.hadoop.ipc.RPC$Server.call(RPC.java:1093) [hadoop-common-3.3.1.jar:?]
	at org.apache.hadoop.ipc.Server$RpcCall.run(Server.java:1035) [hadoop-common-3.3.1.jar:?]
	at org.apache.hadoop.ipc.Server$RpcCall.run(Server.java:963) [hadoop-common-3.3.1.jar:?]
	at java.security.AccessController.doPrivileged(Native Method) ~[?:1.8.0_332]
	at javax.security.auth.Subject.doAs(Subject.java:422) [?:1.8.0_332]
	at org.apache.hadoop.security.UserGroupInformation.doAs(UserGroupInformation.java:1878) [hadoop-common-3.3.1.jar:?]
	at org.apache.hadoop.ipc.Server$Handler.run(Server.java:2966) [hadoop-common-3.3.1.jar:?]
16:55:37.694 [IPC Server handler 6 on default port 39955] ERROR OMAudit - user=runner | ip=127.0.0.1 | op=GET_FILE_STATUS {volume=volume47445, bucket=bucket67435, key=testBatchDelete/parent/child3, dataSize=0, replicationConfig=null} | ret=FAILURE
org.apache.hadoop.ozone.om.exceptions.OMException: Unable to get file status: volume: volume47445 bucket: bucket67435 key: testBatchDelete/parent/child3
	at org.apache.hadoop.ozone.om.KeyManagerImpl.getOzoneFileStatus(KeyManagerImpl.java:1311) ~[ozone-manager-1.3.0-SNAPSHOT.jar:?]
	at org.apache.hadoop.ozone.om.KeyManagerImpl.getFileStatus(KeyManagerImpl.java:1241) ~[ozone-manager-1.3.0-SNAPSHOT.jar:?]
	at org.apache.hadoop.ozone.om.OzoneManager.getFileStatus(OzoneManager.java:3419) ~[ozone-manager-1.3.0-SNAPSHOT.jar:?]
	at org.apache.hadoop.ozone.protocolPB.OzoneManagerRequestHandler.getOzoneFileStatus(OzoneManagerRequestHandler.java:871) ~[ozone-manager-1.3.0-SNAPSHOT.jar:?]
	at org.apache.hadoop.ozone.protocolPB.OzoneManagerRequestHandler.handleReadRequest(OzoneManagerRequestHandler.java:217) ~[ozone-manager-1.3.0-SNAPSHOT.jar:?]
	at org.apache.hadoop.ozone.protocolPB.OzoneManagerProtocolServerSideTranslatorPB.submitReadRequestToOM(OzoneManagerProtocolServerSideTranslatorPB.java:226) ~[ozone-manager-1.3.0-SNAPSHOT.jar:?]
	at org.apache.hadoop.ozone.protocolPB.OzoneManagerProtocolServerSideTranslatorPB.processRequest(OzoneManagerProtocolServerSideTranslatorPB.java:175) ~[ozone-manager-1.3.0-SNAPSHOT.jar:?]
	at org.apache.hadoop.hdds.server.OzoneProtocolMessageDispatcher.processRequest(OzoneProtocolMessageDispatcher.java:87) [hdds-server-framework-1.3.0-SNAPSHOT.jar:?]
	at org.apache.hadoop.ozone.protocolPB.OzoneManagerProtocolServerSideTranslatorPB.submitRequest(OzoneManagerProtocolServerSideTranslatorPB.java:147) [ozone-manager-1.3.0-SNAPSHOT.jar:?]
	at org.apache.hadoop.ozone.protocol.proto.OzoneManagerProtocolProtos$OzoneManagerService$2.callBlockingMethod(OzoneManagerProtocolProtos.java) [ozone-interface-client-1.3.0-SNAPSHOT.jar:?]
	at org.apache.hadoop.ipc.ProtobufRpcEngine$Server.processCall(ProtobufRpcEngine.java:466) [hadoop-common-3.3.1.jar:?]
	at org.apache.hadoop.ipc.ProtobufRpcEngine2$Server$ProtoBufRpcInvoker.call(ProtobufRpcEngine2.java:574) [hadoop-common-3.3.1.jar:?]
	at org.apache.hadoop.ipc.ProtobufRpcEngine2$Server$ProtoBufRpcInvoker.call(ProtobufRpcEngine2.java:552) [hadoop-common-3.3.1.jar:?]
	at org.apache.hadoop.ipc.RPC$Server.call(RPC.java:1093) [hadoop-common-3.3.1.jar:?]
	at org.apache.hadoop.ipc.Server$RpcCall.run(Server.java:1035) [hadoop-common-3.3.1.jar:?]
	at org.apache.hadoop.ipc.Server$RpcCall.run(Server.java:963) [hadoop-common-3.3.1.jar:?]
	at java.security.AccessController.doPrivileged(Native Method) ~[?:1.8.0_332]
	at javax.security.auth.Subject.doAs(Subject.java:422) [?:1.8.0_332]
	at org.apache.hadoop.security.UserGroupInformation.doAs(UserGroupInformation.java:1878) [hadoop-common-3.3.1.jar:?]
	at org.apache.hadoop.ipc.Server$Handler.run(Server.java:2966) [hadoop-common-3.3.1.jar:?]
16:55:37.695 [IPC Server handler 10 on default port 39955] ERROR OMAudit - user=runner | ip=127.0.0.1 | op=GET_FILE_STATUS {volume=volume47445, bucket=bucket67435, key=testBatchDelete/parent/childFolder/child3, dataSize=0, replicationConfig=null} | ret=FAILURE
org.apache.hadoop.ozone.om.exceptions.OMException: Unable to get file status: volume: volume47445 bucket: bucket67435 key: testBatchDelete/parent/childFolder/child3
	at org.apache.hadoop.ozone.om.KeyManagerImpl.getOzoneFileStatus(KeyManagerImpl.java:1311) ~[ozone-manager-1.3.0-SNAPSHOT.jar:?]
	at org.apache.hadoop.ozone.om.KeyManagerImpl.getFileStatus(KeyManagerImpl.java:1241) ~[ozone-manager-1.3.0-SNAPSHOT.jar:?]
	at org.apache.hadoop.ozone.om.OzoneManager.getFileStatus(OzoneManager.java:3419) ~[ozone-manager-1.3.0-SNAPSHOT.jar:?]
	at org.apache.hadoop.ozone.protocolPB.OzoneManagerRequestHandler.getOzoneFileStatus(OzoneManagerRequestHandler.java:871) ~[ozone-manager-1.3.0-SNAPSHOT.jar:?]
	at org.apache.hadoop.ozone.protocolPB.OzoneManagerRequestHandler.handleReadRequest(OzoneManagerRequestHandler.java:217) ~[ozone-manager-1.3.0-SNAPSHOT.jar:?]
	at org.apache.hadoop.ozone.protocolPB.OzoneManagerProtocolServerSideTranslatorPB.submitReadRequestToOM(OzoneManagerProtocolServerSideTranslatorPB.java:226) ~[ozone-manager-1.3.0-SNAPSHOT.jar:?]
	at org.apache.hadoop.ozone.protocolPB.OzoneManagerProtocolServerSideTranslatorPB.processRequest(OzoneManagerProtocolServerSideTranslatorPB.java:175) ~[ozone-manager-1.3.0-SNAPSHOT.jar:?]
	at org.apache.hadoop.hdds.server.OzoneProtocolMessageDispatcher.processRequest(OzoneProtocolMessageDispatcher.java:87) [hdds-server-framework-1.3.0-SNAPSHOT.jar:?]
	at org.apache.hadoop.ozone.protocolPB.OzoneManagerProtocolServerSideTranslatorPB.submitRequest(OzoneManagerProtocolServerSideTranslatorPB.java:147) [ozone-manager-1.3.0-SNAPSHOT.jar:?]
	at org.apache.hadoop.ozone.protocol.proto.OzoneManagerProtocolProtos$OzoneManagerService$2.callBlockingMethod(OzoneManagerProtocolProtos.java) [ozone-interface-client-1.3.0-SNAPSHOT.jar:?]
	at org.apache.hadoop.ipc.ProtobufRpcEngine$Server.processCall(ProtobufRpcEngine.java:466) [hadoop-common-3.3.1.jar:?]
	at org.apache.hadoop.ipc.ProtobufRpcEngine2$Server$ProtoBufRpcInvoker.call(ProtobufRpcEngine2.java:574) [hadoop-common-3.3.1.jar:?]
	at org.apache.hadoop.ipc.ProtobufRpcEngine2$Server$ProtoBufRpcInvoker.call(ProtobufRpcEngine2.java:552) [hadoop-common-3.3.1.jar:?]
	at org.apache.hadoop.ipc.RPC$Server.call(RPC.java:1093) [hadoop-common-3.3.1.jar:?]
	at org.apache.hadoop.ipc.Server$RpcCall.run(Server.java:1035) [hadoop-common-3.3.1.jar:?]
	at org.apache.hadoop.ipc.Server$RpcCall.run(Server.java:963) [hadoop-common-3.3.1.jar:?]
	at java.security.AccessController.doPrivileged(Native Method) ~[?:1.8.0_332]
	at javax.security.auth.Subject.doAs(Subject.java:422) [?:1.8.0_332]
	at org.apache.hadoop.security.UserGroupInformation.doAs(UserGroupInformation.java:1878) [hadoop-common-3.3.1.jar:?]
	at org.apache.hadoop.ipc.Server$Handler.run(Server.java:2966) [hadoop-common-3.3.1.jar:?]
16:55:37.696 [IPC Server handler 15 on default port 39955] ERROR OMAudit - user=runner | ip=127.0.0.1 | op=GET_FILE_STATUS {volume=volume47445, bucket=bucket67435, key=testBatchDelete/parent/child4, dataSize=0, replicationConfig=null} | ret=FAILURE
org.apache.hadoop.ozone.om.exceptions.OMException: Unable to get file status: volume: volume47445 bucket: bucket67435 key: testBatchDelete/parent/child4
	at org.apache.hadoop.ozone.om.KeyManagerImpl.getOzoneFileStatus(KeyManagerImpl.java:1311) ~[ozone-manager-1.3.0-SNAPSHOT.jar:?]
	at org.apache.hadoop.ozone.om.KeyManagerImpl.getFileStatus(KeyManagerImpl.java:1241) ~[ozone-manager-1.3.0-SNAPSHOT.jar:?]
	at org.apache.hadoop.ozone.om.OzoneManager.getFileStatus(OzoneManager.java:3419) ~[ozone-manager-1.3.0-SNAPSHOT.jar:?]
	at org.apache.hadoop.ozone.protocolPB.OzoneManagerRequestHandler.getOzoneFileStatus(OzoneManagerRequestHandler.java:871) ~[ozone-manager-1.3.0-SNAPSHOT.jar:?]
	at org.apache.hadoop.ozone.protocolPB.OzoneManagerRequestHandler.handleReadRequest(OzoneManagerRequestHandler.java:217) ~[ozone-manager-1.3.0-SNAPSHOT.jar:?]
	at org.apache.hadoop.ozone.protocolPB.OzoneManagerProtocolServerSideTranslatorPB.submitReadRequestToOM(OzoneManagerProtocolServerSideTranslatorPB.java:226) ~[ozone-manager-1.3.0-SNAPSHOT.jar:?]
	at org.apache.hadoop.ozone.protocolPB.OzoneManagerProtocolServerSideTranslatorPB.processRequest(OzoneManagerProtocolServerSideTranslatorPB.java:175) ~[ozone-manager-1.3.0-SNAPSHOT.jar:?]
	at org.apache.hadoop.hdds.server.OzoneProtocolMessageDispatcher.processRequest(OzoneProtocolMessageDispatcher.java:87) [hdds-server-framework-1.3.0-SNAPSHOT.jar:?]
	at org.apache.hadoop.ozone.protocolPB.OzoneManagerProtocolServerSideTranslatorPB.submitRequest(OzoneManagerProtocolServerSideTranslatorPB.java:147) [ozone-manager-1.3.0-SNAPSHOT.jar:?]
	at org.apache.hadoop.ozone.protocol.proto.OzoneManagerProtocolProtos$OzoneManagerService$2.callBlockingMethod(OzoneManagerProtocolProtos.java) [ozone-interface-client-1.3.0-SNAPSHOT.jar:?]
	at org.apache.hadoop.ipc.ProtobufRpcEngine$Server.processCall(ProtobufRpcEngine.java:466) [hadoop-common-3.3.1.jar:?]
	at org.apache.hadoop.ipc.ProtobufRpcEngine2$Server$ProtoBufRpcInvoker.call(ProtobufRpcEngine2.java:574) [hadoop-common-3.3.1.jar:?]
	at org.apache.hadoop.ipc.ProtobufRpcEngine2$Server$ProtoBufRpcInvoker.call(ProtobufRpcEngine2.java:552) [hadoop-common-3.3.1.jar:?]
	at org.apache.hadoop.ipc.RPC$Server.call(RPC.java:1093) [hadoop-common-3.3.1.jar:?]
	at org.apache.hadoop.ipc.Server$RpcCall.run(Server.java:1035) [hadoop-common-3.3.1.jar:?]
	at org.apache.hadoop.ipc.Server$RpcCall.run(Server.java:963) [hadoop-common-3.3.1.jar:?]
	at java.security.AccessController.doPrivileged(Native Method) ~[?:1.8.0_332]
	at javax.security.auth.Subject.doAs(Subject.java:422) [?:1.8.0_332]
	at org.apache.hadoop.security.UserGroupInformation.doAs(UserGroupInformation.java:1878) [hadoop-common-3.3.1.jar:?]
	at org.apache.hadoop.ipc.Server$Handler.run(Server.java:2966) [hadoop-common-3.3.1.jar:?]
16:55:37.697 [IPC Server handler 17 on default port 39955] ERROR OMAudit - user=runner | ip=127.0.0.1 | op=GET_FILE_STATUS {volume=volume47445, bucket=bucket67435, key=testBatchDelete/parent/childFolder/child4, dataSize=0, replicationConfig=null} | ret=FAILURE
org.apache.hadoop.ozone.om.exceptions.OMException: Unable to get file status: volume: volume47445 bucket: bucket67435 key: testBatchDelete/parent/childFolder/child4
	at org.apache.hadoop.ozone.om.KeyManagerImpl.getOzoneFileStatus(KeyManagerImpl.java:1311) ~[ozone-manager-1.3.0-SNAPSHOT.jar:?]
	at org.apache.hadoop.ozone.om.KeyManagerImpl.getFileStatus(KeyManagerImpl.java:1241) ~[ozone-manager-1.3.0-SNAPSHOT.jar:?]
	at org.apache.hadoop.ozone.om.OzoneManager.getFileStatus(OzoneManager.java:3419) ~[ozone-manager-1.3.0-SNAPSHOT.jar:?]
	at org.apache.hadoop.ozone.protocolPB.OzoneManagerRequestHandler.getOzoneFileStatus(OzoneManagerRequestHandler.java:871) ~[ozone-manager-1.3.0-SNAPSHOT.jar:?]
	at org.apache.hadoop.ozone.protocolPB.OzoneManagerRequestHandler.handleReadRequest(OzoneManagerRequestHandler.java:217) ~[ozone-manager-1.3.0-SNAPSHOT.jar:?]
	at org.apache.hadoop.ozone.protocolPB.OzoneManagerProtocolServerSideTranslatorPB.submitReadRequestToOM(OzoneManagerProtocolServerSideTranslatorPB.java:226) ~[ozone-manager-1.3.0-SNAPSHOT.jar:?]
	at org.apache.hadoop.ozone.protocolPB.OzoneManagerProtocolServerSideTranslatorPB.processRequest(OzoneManagerProtocolServerSideTranslatorPB.java:175) ~[ozone-manager-1.3.0-SNAPSHOT.jar:?]
	at org.apache.hadoop.hdds.server.OzoneProtocolMessageDispatcher.processRequest(OzoneProtocolMessageDispatcher.java:87) [hdds-server-framework-1.3.0-SNAPSHOT.jar:?]
	at org.apache.hadoop.ozone.protocolPB.OzoneManagerProtocolServerSideTranslatorPB.submitRequest(OzoneManagerProtocolServerSideTranslatorPB.java:147) [ozone-manager-1.3.0-SNAPSHOT.jar:?]
	at org.apache.hadoop.ozone.protocol.proto.OzoneManagerProtocolProtos$OzoneManagerService$2.callBlockingMethod(OzoneManagerProtocolProtos.java) [ozone-interface-client-1.3.0-SNAPSHOT.jar:?]
	at org.apache.hadoop.ipc.ProtobufRpcEngine$Server.processCall(ProtobufRpcEngine.java:466) [hadoop-common-3.3.1.jar:?]
	at org.apache.hadoop.ipc.ProtobufRpcEngine2$Server$ProtoBufRpcInvoker.call(ProtobufRpcEngine2.java:574) [hadoop-common-3.3.1.jar:?]
	at org.apache.hadoop.ipc.ProtobufRpcEngine2$Server$ProtoBufRpcInvoker.call(ProtobufRpcEngine2.java:552) [hadoop-common-3.3.1.jar:?]
	at org.apache.hadoop.ipc.RPC$Server.call(RPC.java:1093) [hadoop-common-3.3.1.jar:?]
	at org.apache.hadoop.ipc.Server$RpcCall.run(Server.java:1035) [hadoop-common-3.3.1.jar:?]
	at org.apache.hadoop.ipc.Server$RpcCall.run(Server.java:963) [hadoop-common-3.3.1.jar:?]
	at java.security.AccessController.doPrivileged(Native Method) ~[?:1.8.0_332]
	at javax.security.auth.Subject.doAs(Subject.java:422) [?:1.8.0_332]
	at org.apache.hadoop.security.UserGroupInformation.doAs(UserGroupInformation.java:1878) [hadoop-common-3.3.1.jar:?]
	at org.apache.hadoop.ipc.Server$Handler.run(Server.java:2966) [hadoop-common-3.3.1.jar:?]
16:55:37.699 [IPC Server handler 8 on default port 39955] ERROR OMAudit - user=runner | ip=127.0.0.1 | op=GET_FILE_STATUS {volume=volume47445, bucket=bucket67435, key=testBatchDelete/parent/child5, dataSize=0, replicationConfig=null} | ret=FAILURE
org.apache.hadoop.ozone.om.exceptions.OMException: Unable to get file status: volume: volume47445 bucket: bucket67435 key: testBatchDelete/parent/child5
	at org.apache.hadoop.ozone.om.KeyManagerImpl.getOzoneFileStatus(KeyManagerImpl.java:1311) ~[ozone-manager-1.3.0-SNAPSHOT.jar:?]
	at org.apache.hadoop.ozone.om.KeyManagerImpl.getFileStatus(KeyManagerImpl.java:1241) ~[ozone-manager-1.3.0-SNAPSHOT.jar:?]
	at org.apache.hadoop.ozone.om.OzoneManager.getFileStatus(OzoneManager.java:3419) ~[ozone-manager-1.3.0-SNAPSHOT.jar:?]
	at org.apache.hadoop.ozone.protocolPB.OzoneManagerRequestHandler.getOzoneFileStatus(OzoneManagerRequestHandler.java:871) ~[ozone-manager-1.3.0-SNAPSHOT.jar:?]
	at org.apache.hadoop.ozone.protocolPB.OzoneManagerRequestHandler.handleReadRequest(OzoneManagerRequestHandler.java:217) ~[ozone-manager-1.3.0-SNAPSHOT.jar:?]
	at org.apache.hadoop.ozone.protocolPB.OzoneManagerProtocolServerSideTranslatorPB.submitReadRequestToOM(OzoneManagerProtocolServerSideTranslatorPB.java:226) ~[ozone-manager-1.3.0-SNAPSHOT.jar:?]
	at org.apache.hadoop.ozone.protocolPB.OzoneManagerProtocolServerSideTranslatorPB.processRequest(OzoneManagerProtocolServerSideTranslatorPB.java:175) ~[ozone-manager-1.3.0-SNAPSHOT.jar:?]
	at org.apache.hadoop.hdds.server.OzoneProtocolMessageDispatcher.processRequest(OzoneProtocolMessageDispatcher.java:87) [hdds-server-framework-1.3.0-SNAPSHOT.jar:?]
	at org.apache.hadoop.ozone.protocolPB.OzoneManagerProtocolServerSideTranslatorPB.submitRequest(OzoneManagerProtocolServerSideTranslatorPB.java:147) [ozone-manager-1.3.0-SNAPSHOT.jar:?]
	at org.apache.hadoop.ozone.protocol.proto.OzoneManagerProtocolProtos$OzoneManagerService$2.callBlockingMethod(OzoneManagerProtocolProtos.java) [ozone-interface-client-1.3.0-SNAPSHOT.jar:?]
	at org.apache.hadoop.ipc.ProtobufRpcEngine$Server.processCall(ProtobufRpcEngine.java:466) [hadoop-common-3.3.1.jar:?]
	at org.apache.hadoop.ipc.ProtobufRpcEngine2$Server$ProtoBufRpcInvoker.call(ProtobufRpcEngine2.java:574) [hadoop-common-3.3.1.jar:?]
	at org.apache.hadoop.ipc.ProtobufRpcEngine2$Server$ProtoBufRpcInvoker.call(ProtobufRpcEngine2.java:552) [hadoop-common-3.3.1.jar:?]
	at org.apache.hadoop.ipc.RPC$Server.call(RPC.java:1093) [hadoop-common-3.3.1.jar:?]
	at org.apache.hadoop.ipc.Server$RpcCall.run(Server.java:1035) [hadoop-common-3.3.1.jar:?]
	at org.apache.hadoop.ipc.Server$RpcCall.run(Server.java:963) [hadoop-common-3.3.1.jar:?]
	at java.security.AccessController.doPrivileged(Native Method) ~[?:1.8.0_332]
	at javax.security.auth.Subject.doAs(Subject.java:422) [?:1.8.0_332]
	at org.apache.hadoop.security.UserGroupInformation.doAs(UserGroupInformation.java:1878) [hadoop-common-3.3.1.jar:?]
	at org.apache.hadoop.ipc.Server$Handler.run(Server.java:2966) [hadoop-common-3.3.1.jar:?]
16:55:37.699 [IPC Server handler 19 on default port 39955] ERROR OMAudit - user=runner | ip=127.0.0.1 | op=GET_FILE_STATUS {volume=volume47445, bucket=bucket67435, key=testBatchDelete/parent/childFolder/child5, dataSize=0, replicationConfig=null} | ret=FAILURE
org.apache.hadoop.ozone.om.exceptions.OMException: Unable to get file status: volume: volume47445 bucket: bucket67435 key: testBatchDelete/parent/childFolder/child5
	at org.apache.hadoop.ozone.om.KeyManagerImpl.getOzoneFileStatus(KeyManagerImpl.java:1311) ~[ozone-manager-1.3.0-SNAPSHOT.jar:?]
	at org.apache.hadoop.ozone.om.KeyManagerImpl.getFileStatus(KeyManagerImpl.java:1241) ~[ozone-manager-1.3.0-SNAPSHOT.jar:?]
	at org.apache.hadoop.ozone.om.OzoneManager.getFileStatus(OzoneManager.java:3419) ~[ozone-manager-1.3.0-SNAPSHOT.jar:?]
	at org.apache.hadoop.ozone.protocolPB.OzoneManagerRequestHandler.getOzoneFileStatus(OzoneManagerRequestHandler.java:871) ~[ozone-manager-1.3.0-SNAPSHOT.jar:?]
	at org.apache.hadoop.ozone.protocolPB.OzoneManagerRequestHandler.handleReadRequest(OzoneManagerRequestHandler.java:217) ~[ozone-manager-1.3.0-SNAPSHOT.jar:?]
	at org.apache.hadoop.ozone.protocolPB.OzoneManagerProtocolServerSideTranslatorPB.submitReadRequestToOM(OzoneManagerProtocolServerSideTranslatorPB.java:226) ~[ozone-manager-1.3.0-SNAPSHOT.jar:?]
	at org.apache.hadoop.ozone.protocolPB.OzoneManagerProtocolServerSideTranslatorPB.processRequest(OzoneManagerProtocolServerSideTranslatorPB.java:175) ~[ozone-manager-1.3.0-SNAPSHOT.jar:?]
	at org.apache.hadoop.hdds.server.OzoneProtocolMessageDispatcher.processRequest(OzoneProtocolMessageDispatcher.java:87) [hdds-server-framework-1.3.0-SNAPSHOT.jar:?]
	at org.apache.hadoop.ozone.protocolPB.OzoneManagerProtocolServerSideTranslatorPB.submitRequest(OzoneManagerProtocolServerSideTranslatorPB.java:147) [ozone-manager-1.3.0-SNAPSHOT.jar:?]
	at org.apache.hadoop.ozone.protocol.proto.OzoneManagerProtocolProtos$OzoneManagerService$2.callBlockingMethod(OzoneManagerProtocolProtos.java) [ozone-interface-client-1.3.0-SNAPSHOT.jar:?]
	at org.apache.hadoop.ipc.ProtobufRpcEngine$Server.processCall(ProtobufRpcEngine.java:466) [hadoop-common-3.3.1.jar:?]
	at org.apache.hadoop.ipc.ProtobufRpcEngine2$Server$ProtoBufRpcInvoker.call(ProtobufRpcEngine2.java:574) [hadoop-common-3.3.1.jar:?]
	at org.apache.hadoop.ipc.ProtobufRpcEngine2$Server$ProtoBufRpcInvoker.call(ProtobufRpcEngine2.java:552) [hadoop-common-3.3.1.jar:?]
	at org.apache.hadoop.ipc.RPC$Server.call(RPC.java:1093) [hadoop-common-3.3.1.jar:?]
	at org.apache.hadoop.ipc.Server$RpcCall.run(Server.java:1035) [hadoop-common-3.3.1.jar:?]
	at org.apache.hadoop.ipc.Server$RpcCall.run(Server.java:963) [hadoop-common-3.3.1.jar:?]
	at java.security.AccessController.doPrivileged(Native Method) ~[?:1.8.0_332]
	at javax.security.auth.Subject.doAs(Subject.java:422) [?:1.8.0_332]
	at org.apache.hadoop.security.UserGroupInformation.doAs(UserGroupInformation.java:1878) [hadoop-common-3.3.1.jar:?]
	at org.apache.hadoop.ipc.Server$Handler.run(Server.java:2966) [hadoop-common-3.3.1.jar:?]
16:55:37.700 [IPC Server handler 2 on default port 39955] ERROR OMAudit - user=runner | ip=127.0.0.1 | op=GET_FILE_STATUS {volume=volume47445, bucket=bucket67435, key=testBatchDelete/parent/child6, dataSize=0, replicationConfig=null} | ret=FAILURE
org.apache.hadoop.ozone.om.exceptions.OMException: Unable to get file status: volume: volume47445 bucket: bucket67435 key: testBatchDelete/parent/child6
	at org.apache.hadoop.ozone.om.KeyManagerImpl.getOzoneFileStatus(KeyManagerImpl.java:1311) ~[ozone-manager-1.3.0-SNAPSHOT.jar:?]
	at org.apache.hadoop.ozone.om.KeyManagerImpl.getFileStatus(KeyManagerImpl.java:1241) ~[ozone-manager-1.3.0-SNAPSHOT.jar:?]
	at org.apache.hadoop.ozone.om.OzoneManager.getFileStatus(OzoneManager.java:3419) ~[ozone-manager-1.3.0-SNAPSHOT.jar:?]
	at org.apache.hadoop.ozone.protocolPB.OzoneManagerRequestHandler.getOzoneFileStatus(OzoneManagerRequestHandler.java:871) ~[ozone-manager-1.3.0-SNAPSHOT.jar:?]
	at org.apache.hadoop.ozone.protocolPB.OzoneManagerRequestHandler.handleReadRequest(OzoneManagerRequestHandler.java:217) ~[ozone-manager-1.3.0-SNAPSHOT.jar:?]
	at org.apache.hadoop.ozone.protocolPB.OzoneManagerProtocolServerSideTranslatorPB.submitReadRequestToOM(OzoneManagerProtocolServerSideTranslatorPB.java:226) ~[ozone-manager-1.3.0-SNAPSHOT.jar:?]
	at org.apache.hadoop.ozone.protocolPB.OzoneManagerProtocolServerSideTranslatorPB.processRequest(OzoneManagerProtocolServerSideTranslatorPB.java:175) ~[ozone-manager-1.3.0-SNAPSHOT.jar:?]
	at org.apache.hadoop.hdds.server.OzoneProtocolMessageDispatcher.processRequest(OzoneProtocolMessageDispatcher.java:87) [hdds-server-framework-1.3.0-SNAPSHOT.jar:?]
	at org.apache.hadoop.ozone.protocolPB.OzoneManagerProtocolServerSideTranslatorPB.submitRequest(OzoneManagerProtocolServerSideTranslatorPB.java:147) [ozone-manager-1.3.0-SNAPSHOT.jar:?]
	at org.apache.hadoop.ozone.protocol.proto.OzoneManagerProtocolProtos$OzoneManagerService$2.callBlockingMethod(OzoneManagerProtocolProtos.java) [ozone-interface-client-1.3.0-SNAPSHOT.jar:?]
	at org.apache.hadoop.ipc.ProtobufRpcEngine$Server.processCall(ProtobufRpcEngine.java:466) [hadoop-common-3.3.1.jar:?]
	at org.apache.hadoop.ipc.ProtobufRpcEngine2$Server$ProtoBufRpcInvoker.call(ProtobufRpcEngine2.java:574) [hadoop-common-3.3.1.jar:?]
	at org.apache.hadoop.ipc.ProtobufRpcEngine2$Server$ProtoBufRpcInvoker.call(ProtobufRpcEngine2.java:552) [hadoop-common-3.3.1.jar:?]
	at org.apache.hadoop.ipc.RPC$Server.call(RPC.java:1093) [hadoop-common-3.3.1.jar:?]
	at org.apache.hadoop.ipc.Server$RpcCall.run(Server.java:1035) [hadoop-common-3.3.1.jar:?]
	at org.apache.hadoop.ipc.Server$RpcCall.run(Server.java:963) [hadoop-common-3.3.1.jar:?]
	at java.security.AccessController.doPrivileged(Native Method) ~[?:1.8.0_332]
	at javax.security.auth.Subject.doAs(Subject.java:422) [?:1.8.0_332]
	at org.apache.hadoop.security.UserGroupInformation.doAs(UserGroupInformation.java:1878) [hadoop-common-3.3.1.jar:?]
	at org.apache.hadoop.ipc.Server$Handler.run(Server.java:2966) [hadoop-common-3.3.1.jar:?]
16:55:37.702 [IPC Server handler 0 on default port 39955] ERROR OMAudit - user=runner | ip=127.0.0.1 | op=GET_FILE_STATUS {volume=volume47445, bucket=bucket67435, key=testBatchDelete/parent/childFolder/child6, dataSize=0, replicationConfig=null} | ret=FAILURE
org.apache.hadoop.ozone.om.exceptions.OMException: Unable to get file status: volume: volume47445 bucket: bucket67435 key: testBatchDelete/parent/childFolder/child6
	at org.apache.hadoop.ozone.om.KeyManagerImpl.getOzoneFileStatus(KeyManagerImpl.java:1311) ~[ozone-manager-1.3.0-SNAPSHOT.jar:?]
	at org.apache.hadoop.ozone.om.KeyManagerImpl.getFileStatus(KeyManagerImpl.java:1241) ~[ozone-manager-1.3.0-SNAPSHOT.jar:?]
	at org.apache.hadoop.ozone.om.OzoneManager.getFileStatus(OzoneManager.java:3419) ~[ozone-manager-1.3.0-SNAPSHOT.jar:?]
	at org.apache.hadoop.ozone.protocolPB.OzoneManagerRequestHandler.getOzoneFileStatus(OzoneManagerRequestHandler.java:871) ~[ozone-manager-1.3.0-SNAPSHOT.jar:?]
	at org.apache.hadoop.ozone.protocolPB.OzoneManagerRequestHandler.handleReadRequest(OzoneManagerRequestHandler.java:217) ~[ozone-manager-1.3.0-SNAPSHOT.jar:?]
	at org.apache.hadoop.ozone.protocolPB.OzoneManagerProtocolServerSideTranslatorPB.submitReadRequestToOM(OzoneManagerProtocolServerSideTranslatorPB.java:226) ~[ozone-manager-1.3.0-SNAPSHOT.jar:?]
	at org.apache.hadoop.ozone.protocolPB.OzoneManagerProtocolServerSideTranslatorPB.processRequest(OzoneManagerProtocolServerSideTranslatorPB.java:175) ~[ozone-manager-1.3.0-SNAPSHOT.jar:?]
	at org.apache.hadoop.hdds.server.OzoneProtocolMessageDispatcher.processRequest(OzoneProtocolMessageDispatcher.java:87) [hdds-server-framework-1.3.0-SNAPSHOT.jar:?]
	at org.apache.hadoop.ozone.protocolPB.OzoneManagerProtocolServerSideTranslatorPB.submitRequest(OzoneManagerProtocolServerSideTranslatorPB.java:147) [ozone-manager-1.3.0-SNAPSHOT.jar:?]
	at org.apache.hadoop.ozone.protocol.proto.OzoneManagerProtocolProtos$OzoneManagerService$2.callBlockingMethod(OzoneManagerProtocolProtos.java) [ozone-interface-client-1.3.0-SNAPSHOT.jar:?]
	at org.apache.hadoop.ipc.ProtobufRpcEngine$Server.processCall(ProtobufRpcEngine.java:466) [hadoop-common-3.3.1.jar:?]
	at org.apache.hadoop.ipc.ProtobufRpcEngine2$Server$ProtoBufRpcInvoker.call(ProtobufRpcEngine2.java:574) [hadoop-common-3.3.1.jar:?]
	at org.apache.hadoop.ipc.ProtobufRpcEngine2$Server$ProtoBufRpcInvoker.call(ProtobufRpcEngine2.java:552) [hadoop-common-3.3.1.jar:?]
	at org.apache.hadoop.ipc.RPC$Server.call(RPC.java:1093) [hadoop-common-3.3.1.jar:?]
	at org.apache.hadoop.ipc.Server$RpcCall.run(Server.java:1035) [hadoop-common-3.3.1.jar:?]
	at org.apache.hadoop.ipc.Server$RpcCall.run(Server.java:963) [hadoop-common-3.3.1.jar:?]
	at java.security.AccessController.doPrivileged(Native Method) ~[?:1.8.0_332]
	at javax.security.auth.Subject.doAs(Subject.java:422) [?:1.8.0_332]
	at org.apache.hadoop.security.UserGroupInformation.doAs(UserGroupInformation.java:1878) [hadoop-common-3.3.1.jar:?]
	at org.apache.hadoop.ipc.Server$Handler.run(Server.java:2966) [hadoop-common-3.3.1.jar:?]
16:55:37.702 [IPC Server handler 14 on default port 39955] ERROR OMAudit - user=runner | ip=127.0.0.1 | op=GET_FILE_STATUS {volume=volume47445, bucket=bucket67435, key=testBatchDelete/parent/child7, dataSize=0, replicationConfig=null} | ret=FAILURE
org.apache.hadoop.ozone.om.exceptions.OMException: Unable to get file status: volume: volume47445 bucket: bucket67435 key: testBatchDelete/parent/child7
	at org.apache.hadoop.ozone.om.KeyManagerImpl.getOzoneFileStatus(KeyManagerImpl.java:1311) ~[ozone-manager-1.3.0-SNAPSHOT.jar:?]
	at org.apache.hadoop.ozone.om.KeyManagerImpl.getFileStatus(KeyManagerImpl.java:1241) ~[ozone-manager-1.3.0-SNAPSHOT.jar:?]
	at org.apache.hadoop.ozone.om.OzoneManager.getFileStatus(OzoneManager.java:3419) ~[ozone-manager-1.3.0-SNAPSHOT.jar:?]
	at org.apache.hadoop.ozone.protocolPB.OzoneManagerRequestHandler.getOzoneFileStatus(OzoneManagerRequestHandler.java:871) ~[ozone-manager-1.3.0-SNAPSHOT.jar:?]
	at org.apache.hadoop.ozone.protocolPB.OzoneManagerRequestHandler.handleReadRequest(OzoneManagerRequestHandler.java:217) ~[ozone-manager-1.3.0-SNAPSHOT.jar:?]
	at org.apache.hadoop.ozone.protocolPB.OzoneManagerProtocolServerSideTranslatorPB.submitReadRequestToOM(OzoneManagerProtocolServerSideTranslatorPB.java:226) ~[ozone-manager-1.3.0-SNAPSHOT.jar:?]
	at org.apache.hadoop.ozone.protocolPB.OzoneManagerProtocolServerSideTranslatorPB.processRequest(OzoneManagerProtocolServerSideTranslatorPB.java:175) ~[ozone-manager-1.3.0-SNAPSHOT.jar:?]
	at org.apache.hadoop.hdds.server.OzoneProtocolMessageDispatcher.processRequest(OzoneProtocolMessageDispatcher.java:87) [hdds-server-framework-1.3.0-SNAPSHOT.jar:?]
	at org.apache.hadoop.ozone.protocolPB.OzoneManagerProtocolServerSideTranslatorPB.submitRequest(OzoneManagerProtocolServerSideTranslatorPB.java:147) [ozone-manager-1.3.0-SNAPSHOT.jar:?]
	at org.apache.hadoop.ozone.protocol.proto.OzoneManagerProtocolProtos$OzoneManagerService$2.callBlockingMethod(OzoneManagerProtocolProtos.java) [ozone-interface-client-1.3.0-SNAPSHOT.jar:?]
	at org.apache.hadoop.ipc.ProtobufRpcEngine$Server.processCall(ProtobufRpcEngine.java:466) [hadoop-common-3.3.1.jar:?]
	at org.apache.hadoop.ipc.ProtobufRpcEngine2$Server$ProtoBufRpcInvoker.call(ProtobufRpcEngine2.java:574) [hadoop-common-3.3.1.jar:?]
	at org.apache.hadoop.ipc.ProtobufRpcEngine2$Server$ProtoBufRpcInvoker.call(ProtobufRpcEngine2.java:552) [hadoop-common-3.3.1.jar:?]
	at org.apache.hadoop.ipc.RPC$Server.call(RPC.java:1093) [hadoop-common-3.3.1.jar:?]
	at org.apache.hadoop.ipc.Server$RpcCall.run(Server.java:1035) [hadoop-common-3.3.1.jar:?]
	at org.apache.hadoop.ipc.Server$RpcCall.run(Server.java:963) [hadoop-common-3.3.1.jar:?]
	at java.security.AccessController.doPrivileged(Native Method) ~[?:1.8.0_332]
	at javax.security.auth.Subject.doAs(Subject.java:422) [?:1.8.0_332]
	at org.apache.hadoop.security.UserGroupInformation.doAs(UserGroupInformation.java:1878) [hadoop-common-3.3.1.jar:?]
	at org.apache.hadoop.ipc.Server$Handler.run(Server.java:2966) [hadoop-common-3.3.1.jar:?]
16:55:37.705 [IPC Server handler 13 on default port 39955] ERROR OMAudit - user=runner | ip=127.0.0.1 | op=GET_FILE_STATUS {volume=volume47445, bucket=bucket67435, key=testBatchDelete/parent/childFolder/child7, dataSize=0, replicationConfig=null} | ret=FAILURE
org.apache.hadoop.ozone.om.exceptions.OMException: Unable to get file status: volume: volume47445 bucket: bucket67435 key: testBatchDelete/parent/childFolder/child7
	at org.apache.hadoop.ozone.om.KeyManagerImpl.getOzoneFileStatus(KeyManagerImpl.java:1311) ~[ozone-manager-1.3.0-SNAPSHOT.jar:?]
	at org.apache.hadoop.ozone.om.KeyManagerImpl.getFileStatus(KeyManagerImpl.java:1241) ~[ozone-manager-1.3.0-SNAPSHOT.jar:?]
	at org.apache.hadoop.ozone.om.OzoneManager.getFileStatus(OzoneManager.java:3419) ~[ozone-manager-1.3.0-SNAPSHOT.jar:?]
	at org.apache.hadoop.ozone.protocolPB.OzoneManagerRequestHandler.getOzoneFileStatus(OzoneManagerRequestHandler.java:871) ~[ozone-manager-1.3.0-SNAPSHOT.jar:?]
	at org.apache.hadoop.ozone.protocolPB.OzoneManagerRequestHandler.handleReadRequest(OzoneManagerRequestHandler.java:217) ~[ozone-manager-1.3.0-SNAPSHOT.jar:?]
	at org.apache.hadoop.ozone.protocolPB.OzoneManagerProtocolServerSideTranslatorPB.submitReadRequestToOM(OzoneManagerProtocolServerSideTranslatorPB.java:226) ~[ozone-manager-1.3.0-SNAPSHOT.jar:?]
	at org.apache.hadoop.ozone.protocolPB.OzoneManagerProtocolServerSideTranslatorPB.processRequest(OzoneManagerProtocolServerSideTranslatorPB.java:175) ~[ozone-manager-1.3.0-SNAPSHOT.jar:?]
	at org.apache.hadoop.hdds.server.OzoneProtocolMessageDispatcher.processRequest(OzoneProtocolMessageDispatcher.java:87) [hdds-server-framework-1.3.0-SNAPSHOT.jar:?]
	at org.apache.hadoop.ozone.protocolPB.OzoneManagerProtocolServerSideTranslatorPB.submitRequest(OzoneManagerProtocolServerSideTranslatorPB.java:147) [ozone-manager-1.3.0-SNAPSHOT.jar:?]
	at org.apache.hadoop.ozone.protocol.proto.OzoneManagerProtocolProtos$OzoneManagerService$2.callBlockingMethod(OzoneManagerProtocolProtos.java) [ozone-interface-client-1.3.0-SNAPSHOT.jar:?]
	at org.apache.hadoop.ipc.ProtobufRpcEngine$Server.processCall(ProtobufRpcEngine.java:466) [hadoop-common-3.3.1.jar:?]
	at org.apache.hadoop.ipc.ProtobufRpcEngine2$Server$ProtoBufRpcInvoker.call(ProtobufRpcEngine2.java:574) [hadoop-common-3.3.1.jar:?]
	at org.apache.hadoop.ipc.ProtobufRpcEngine2$Server$ProtoBufRpcInvoker.call(ProtobufRpcEngine2.java:552) [hadoop-common-3.3.1.jar:?]
	at org.apache.hadoop.ipc.RPC$Server.call(RPC.java:1093) [hadoop-common-3.3.1.jar:?]
	at org.apache.hadoop.ipc.Server$RpcCall.run(Server.java:1035) [hadoop-common-3.3.1.jar:?]
	at org.apache.hadoop.ipc.Server$RpcCall.run(Server.java:963) [hadoop-common-3.3.1.jar:?]
	at java.security.AccessController.doPrivileged(Native Method) ~[?:1.8.0_332]
	at javax.security.auth.Subject.doAs(Subject.java:422) [?:1.8.0_332]
	at org.apache.hadoop.security.UserGroupInformation.doAs(UserGroupInformation.java:1878) [hadoop-common-3.3.1.jar:?]
	at org.apache.hadoop.ipc.Server$Handler.run(Server.java:2966) [hadoop-common-3.3.1.jar:?]
16:55:37.706 [IPC Server handler 6 on default port 39955] ERROR OMAudit - user=runner | ip=127.0.0.1 | op=GET_FILE_STATUS {volume=volume47445, bucket=bucket67435, key=testBatchDelete/parent, dataSize=0, replicationConfig=null} | ret=FAILURE
org.apache.hadoop.ozone.om.exceptions.OMException: Unable to get file status: volume: volume47445 bucket: bucket67435 key: testBatchDelete/parent
	at org.apache.hadoop.ozone.om.KeyManagerImpl.getOzoneFileStatus(KeyManagerImpl.java:1311) ~[ozone-manager-1.3.0-SNAPSHOT.jar:?]
	at org.apache.hadoop.ozone.om.KeyManagerImpl.getFileStatus(KeyManagerImpl.java:1241) ~[ozone-manager-1.3.0-SNAPSHOT.jar:?]
	at org.apache.hadoop.ozone.om.OzoneManager.getFileStatus(OzoneManager.java:3419) ~[ozone-manager-1.3.0-SNAPSHOT.jar:?]
	at org.apache.hadoop.ozone.protocolPB.OzoneManagerRequestHandler.getOzoneFileStatus(OzoneManagerRequestHandler.java:871) ~[ozone-manager-1.3.0-SNAPSHOT.jar:?]
	at org.apache.hadoop.ozone.protocolPB.OzoneManagerRequestHandler.handleReadRequest(OzoneManagerRequestHandler.java:217) ~[ozone-manager-1.3.0-SNAPSHOT.jar:?]
	at org.apache.hadoop.ozone.protocolPB.OzoneManagerProtocolServerSideTranslatorPB.submitReadRequestToOM(OzoneManagerProtocolServerSideTranslatorPB.java:226) ~[ozone-manager-1.3.0-SNAPSHOT.jar:?]
	at org.apache.hadoop.ozone.protocolPB.OzoneManagerProtocolServerSideTranslatorPB.processRequest(OzoneManagerProtocolServerSideTranslatorPB.java:175) ~[ozone-manager-1.3.0-SNAPSHOT.jar:?]
	at org.apache.hadoop.hdds.server.OzoneProtocolMessageDispatcher.processRequest(OzoneProtocolMessageDispatcher.java:87) [hdds-server-framework-1.3.0-SNAPSHOT.jar:?]
	at org.apache.hadoop.ozone.protocolPB.OzoneManagerProtocolServerSideTranslatorPB.submitRequest(OzoneManagerProtocolServerSideTranslatorPB.java:147) [ozone-manager-1.3.0-SNAPSHOT.jar:?]
	at org.apache.hadoop.ozone.protocol.proto.OzoneManagerProtocolProtos$OzoneManagerService$2.callBlockingMethod(OzoneManagerProtocolProtos.java) [ozone-interface-client-1.3.0-SNAPSHOT.jar:?]
	at org.apache.hadoop.ipc.ProtobufRpcEngine$Server.processCall(ProtobufRpcEngine.java:466) [hadoop-common-3.3.1.jar:?]
	at org.apache.hadoop.ipc.ProtobufRpcEngine2$Server$ProtoBufRpcInvoker.call(ProtobufRpcEngine2.java:574) [hadoop-common-3.3.1.jar:?]
	at org.apache.hadoop.ipc.ProtobufRpcEngine2$Server$ProtoBufRpcInvoker.call(ProtobufRpcEngine2.java:552) [hadoop-common-3.3.1.jar:?]
	at org.apache.hadoop.ipc.RPC$Server.call(RPC.java:1093) [hadoop-common-3.3.1.jar:?]
	at org.apache.hadoop.ipc.Server$RpcCall.run(Server.java:1035) [hadoop-common-3.3.1.jar:?]
	at org.apache.hadoop.ipc.Server$RpcCall.run(Server.java:963) [hadoop-common-3.3.1.jar:?]
	at java.security.AccessController.doPrivileged(Native Method) ~[?:1.8.0_332]
	at javax.security.auth.Subject.doAs(Subject.java:422) [?:1.8.0_332]
	at org.apache.hadoop.security.UserGroupInformation.doAs(UserGroupInformation.java:1878) [hadoop-common-3.3.1.jar:?]
	at org.apache.hadoop.ipc.Server$Handler.run(Server.java:2966) [hadoop-common-3.3.1.jar:?]
2022-06-27 16:55:37,706 [Time-limited test] WARN  ozone.BasicRootedOzoneFileSystem (BasicRootedOzoneFileSystem.java:delete(572)) - delete: Path does not exist: /volume47445/bucket67435/testBatchDelete/parent
]]></system-out>
  </testcase>
  <testcase name="testFileDelete" classname="TestRootedOzoneFileSystem" time="0.142">
    <system-out><![CDATA[2022-06-27 16:56:45,669 [Time-limited test] INFO  rpc.RpcClient (RpcClient.java:createVolume(466)) - Creating Volume: volume09188, with user85341 as owner and space quota set to -1 bytes, counts quota set to -1
2022-06-27 16:56:45,670 [IPC Server handler 18 on default port 40407] INFO  volume.OMVolumeCreateRequest (OMVolumeCreateRequest.java:validateAndUpdateCache(195)) - created volume:volume09188 for user:user85341
2022-06-27 16:56:45,680 [Time-limited test] INFO  rpc.RpcClient (RpcClient.java:createBucket(666)) - Creating Bucket: volume09188/bucket86365, with the Bucket Layout LEGACY, runner as owner, Versioning false, Storage Type set to DISK and Encryption set to false 
2022-06-27 16:56:45,680 [IPC Server handler 16 on default port 40407] INFO  bucket.OMBucketCreateRequest (OMBucketCreateRequest.java:validateAndUpdateCache(260)) - created bucket: bucket86365 of layout LEGACY in volume: volume09188
16:56:45.755 [IPC Server handler 13 on default port 40407] ERROR OMAudit - user=runner | ip=127.0.0.1 | op=GET_FILE_STATUS {volume=volume09188, bucket=bucket86365, key=testBatchDelete, dataSize=0, replicationConfig=null} | ret=FAILURE
org.apache.hadoop.ozone.om.exceptions.OMException: Unable to get file status: volume: volume09188 bucket: bucket86365 key: testBatchDelete
	at org.apache.hadoop.ozone.om.KeyManagerImpl.getOzoneFileStatus(KeyManagerImpl.java:1311) ~[ozone-manager-1.3.0-SNAPSHOT.jar:?]
	at org.apache.hadoop.ozone.om.KeyManagerImpl.getFileStatus(KeyManagerImpl.java:1241) ~[ozone-manager-1.3.0-SNAPSHOT.jar:?]
	at org.apache.hadoop.ozone.om.OzoneManager.getFileStatus(OzoneManager.java:3419) ~[ozone-manager-1.3.0-SNAPSHOT.jar:?]
	at org.apache.hadoop.ozone.protocolPB.OzoneManagerRequestHandler.getOzoneFileStatus(OzoneManagerRequestHandler.java:871) ~[ozone-manager-1.3.0-SNAPSHOT.jar:?]
	at org.apache.hadoop.ozone.protocolPB.OzoneManagerRequestHandler.handleReadRequest(OzoneManagerRequestHandler.java:217) ~[ozone-manager-1.3.0-SNAPSHOT.jar:?]
	at org.apache.hadoop.ozone.protocolPB.OzoneManagerProtocolServerSideTranslatorPB.submitRequestDirectlyToOM(OzoneManagerProtocolServerSideTranslatorPB.java:276) ~[ozone-manager-1.3.0-SNAPSHOT.jar:?]
	at org.apache.hadoop.ozone.protocolPB.OzoneManagerProtocolServerSideTranslatorPB.processRequest(OzoneManagerProtocolServerSideTranslatorPB.java:205) ~[ozone-manager-1.3.0-SNAPSHOT.jar:?]
	at org.apache.hadoop.hdds.server.OzoneProtocolMessageDispatcher.processRequest(OzoneProtocolMessageDispatcher.java:87) [hdds-server-framework-1.3.0-SNAPSHOT.jar:?]
	at org.apache.hadoop.ozone.protocolPB.OzoneManagerProtocolServerSideTranslatorPB.submitRequest(OzoneManagerProtocolServerSideTranslatorPB.java:147) [ozone-manager-1.3.0-SNAPSHOT.jar:?]
	at org.apache.hadoop.ozone.protocol.proto.OzoneManagerProtocolProtos$OzoneManagerService$2.callBlockingMethod(OzoneManagerProtocolProtos.java) [ozone-interface-client-1.3.0-SNAPSHOT.jar:?]
	at org.apache.hadoop.ipc.ProtobufRpcEngine$Server.processCall(ProtobufRpcEngine.java:466) [hadoop-common-3.3.1.jar:?]
	at org.apache.hadoop.ipc.ProtobufRpcEngine2$Server$ProtoBufRpcInvoker.call(ProtobufRpcEngine2.java:574) [hadoop-common-3.3.1.jar:?]
	at org.apache.hadoop.ipc.ProtobufRpcEngine2$Server$ProtoBufRpcInvoker.call(ProtobufRpcEngine2.java:552) [hadoop-common-3.3.1.jar:?]
	at org.apache.hadoop.ipc.RPC$Server.call(RPC.java:1093) [hadoop-common-3.3.1.jar:?]
	at org.apache.hadoop.ipc.Server$RpcCall.run(Server.java:1035) [hadoop-common-3.3.1.jar:?]
	at org.apache.hadoop.ipc.Server$RpcCall.run(Server.java:963) [hadoop-common-3.3.1.jar:?]
	at java.security.AccessController.doPrivileged(Native Method) ~[?:1.8.0_332]
	at javax.security.auth.Subject.doAs(Subject.java:422) [?:1.8.0_332]
	at org.apache.hadoop.security.UserGroupInformation.doAs(UserGroupInformation.java:1878) [hadoop-common-3.3.1.jar:?]
	at org.apache.hadoop.ipc.Server$Handler.run(Server.java:2966) [hadoop-common-3.3.1.jar:?]
16:56:45.756 [IPC Server handler 15 on default port 40407] ERROR OMAudit - user=runner | ip=127.0.0.1 | op=GET_FILE_STATUS {volume=volume09188, bucket=bucket86365, key=testBatchDelete/parent/child0, dataSize=0, replicationConfig=null} | ret=FAILURE
org.apache.hadoop.ozone.om.exceptions.OMException: Unable to get file status: volume: volume09188 bucket: bucket86365 key: testBatchDelete/parent/child0
	at org.apache.hadoop.ozone.om.KeyManagerImpl.getOzoneFileStatus(KeyManagerImpl.java:1311) ~[ozone-manager-1.3.0-SNAPSHOT.jar:?]
	at org.apache.hadoop.ozone.om.KeyManagerImpl.getFileStatus(KeyManagerImpl.java:1241) ~[ozone-manager-1.3.0-SNAPSHOT.jar:?]
	at org.apache.hadoop.ozone.om.OzoneManager.getFileStatus(OzoneManager.java:3419) ~[ozone-manager-1.3.0-SNAPSHOT.jar:?]
	at org.apache.hadoop.ozone.protocolPB.OzoneManagerRequestHandler.getOzoneFileStatus(OzoneManagerRequestHandler.java:871) ~[ozone-manager-1.3.0-SNAPSHOT.jar:?]
	at org.apache.hadoop.ozone.protocolPB.OzoneManagerRequestHandler.handleReadRequest(OzoneManagerRequestHandler.java:217) ~[ozone-manager-1.3.0-SNAPSHOT.jar:?]
	at org.apache.hadoop.ozone.protocolPB.OzoneManagerProtocolServerSideTranslatorPB.submitRequestDirectlyToOM(OzoneManagerProtocolServerSideTranslatorPB.java:276) ~[ozone-manager-1.3.0-SNAPSHOT.jar:?]
	at org.apache.hadoop.ozone.protocolPB.OzoneManagerProtocolServerSideTranslatorPB.processRequest(OzoneManagerProtocolServerSideTranslatorPB.java:205) ~[ozone-manager-1.3.0-SNAPSHOT.jar:?]
	at org.apache.hadoop.hdds.server.OzoneProtocolMessageDispatcher.processRequest(OzoneProtocolMessageDispatcher.java:87) [hdds-server-framework-1.3.0-SNAPSHOT.jar:?]
	at org.apache.hadoop.ozone.protocolPB.OzoneManagerProtocolServerSideTranslatorPB.submitRequest(OzoneManagerProtocolServerSideTranslatorPB.java:147) [ozone-manager-1.3.0-SNAPSHOT.jar:?]
	at org.apache.hadoop.ozone.protocol.proto.OzoneManagerProtocolProtos$OzoneManagerService$2.callBlockingMethod(OzoneManagerProtocolProtos.java) [ozone-interface-client-1.3.0-SNAPSHOT.jar:?]
	at org.apache.hadoop.ipc.ProtobufRpcEngine$Server.processCall(ProtobufRpcEngine.java:466) [hadoop-common-3.3.1.jar:?]
	at org.apache.hadoop.ipc.ProtobufRpcEngine2$Server$ProtoBufRpcInvoker.call(ProtobufRpcEngine2.java:574) [hadoop-common-3.3.1.jar:?]
	at org.apache.hadoop.ipc.ProtobufRpcEngine2$Server$ProtoBufRpcInvoker.call(ProtobufRpcEngine2.java:552) [hadoop-common-3.3.1.jar:?]
	at org.apache.hadoop.ipc.RPC$Server.call(RPC.java:1093) [hadoop-common-3.3.1.jar:?]
	at org.apache.hadoop.ipc.Server$RpcCall.run(Server.java:1035) [hadoop-common-3.3.1.jar:?]
	at org.apache.hadoop.ipc.Server$RpcCall.run(Server.java:963) [hadoop-common-3.3.1.jar:?]
	at java.security.AccessController.doPrivileged(Native Method) ~[?:1.8.0_332]
	at javax.security.auth.Subject.doAs(Subject.java:422) [?:1.8.0_332]
	at org.apache.hadoop.security.UserGroupInformation.doAs(UserGroupInformation.java:1878) [hadoop-common-3.3.1.jar:?]
	at org.apache.hadoop.ipc.Server$Handler.run(Server.java:2966) [hadoop-common-3.3.1.jar:?]
16:56:45.759 [IPC Server handler 1 on default port 40407] ERROR OMAudit - user=runner | ip=127.0.0.1 | op=GET_FILE_STATUS {volume=volume09188, bucket=bucket86365, key=testBatchDelete/parent/childFolder/child0, dataSize=0, replicationConfig=null} | ret=FAILURE
org.apache.hadoop.ozone.om.exceptions.OMException: Unable to get file status: volume: volume09188 bucket: bucket86365 key: testBatchDelete/parent/childFolder/child0
	at org.apache.hadoop.ozone.om.KeyManagerImpl.getOzoneFileStatus(KeyManagerImpl.java:1311) ~[ozone-manager-1.3.0-SNAPSHOT.jar:?]
	at org.apache.hadoop.ozone.om.KeyManagerImpl.getFileStatus(KeyManagerImpl.java:1241) ~[ozone-manager-1.3.0-SNAPSHOT.jar:?]
	at org.apache.hadoop.ozone.om.OzoneManager.getFileStatus(OzoneManager.java:3419) ~[ozone-manager-1.3.0-SNAPSHOT.jar:?]
	at org.apache.hadoop.ozone.protocolPB.OzoneManagerRequestHandler.getOzoneFileStatus(OzoneManagerRequestHandler.java:871) ~[ozone-manager-1.3.0-SNAPSHOT.jar:?]
	at org.apache.hadoop.ozone.protocolPB.OzoneManagerRequestHandler.handleReadRequest(OzoneManagerRequestHandler.java:217) ~[ozone-manager-1.3.0-SNAPSHOT.jar:?]
	at org.apache.hadoop.ozone.protocolPB.OzoneManagerProtocolServerSideTranslatorPB.submitRequestDirectlyToOM(OzoneManagerProtocolServerSideTranslatorPB.java:276) ~[ozone-manager-1.3.0-SNAPSHOT.jar:?]
	at org.apache.hadoop.ozone.protocolPB.OzoneManagerProtocolServerSideTranslatorPB.processRequest(OzoneManagerProtocolServerSideTranslatorPB.java:205) ~[ozone-manager-1.3.0-SNAPSHOT.jar:?]
	at org.apache.hadoop.hdds.server.OzoneProtocolMessageDispatcher.processRequest(OzoneProtocolMessageDispatcher.java:87) [hdds-server-framework-1.3.0-SNAPSHOT.jar:?]
	at org.apache.hadoop.ozone.protocolPB.OzoneManagerProtocolServerSideTranslatorPB.submitRequest(OzoneManagerProtocolServerSideTranslatorPB.java:147) [ozone-manager-1.3.0-SNAPSHOT.jar:?]
	at org.apache.hadoop.ozone.protocol.proto.OzoneManagerProtocolProtos$OzoneManagerService$2.callBlockingMethod(OzoneManagerProtocolProtos.java) [ozone-interface-client-1.3.0-SNAPSHOT.jar:?]
	at org.apache.hadoop.ipc.ProtobufRpcEngine$Server.processCall(ProtobufRpcEngine.java:466) [hadoop-common-3.3.1.jar:?]
	at org.apache.hadoop.ipc.ProtobufRpcEngine2$Server$ProtoBufRpcInvoker.call(ProtobufRpcEngine2.java:574) [hadoop-common-3.3.1.jar:?]
	at org.apache.hadoop.ipc.ProtobufRpcEngine2$Server$ProtoBufRpcInvoker.call(ProtobufRpcEngine2.java:552) [hadoop-common-3.3.1.jar:?]
	at org.apache.hadoop.ipc.RPC$Server.call(RPC.java:1093) [hadoop-common-3.3.1.jar:?]
	at org.apache.hadoop.ipc.Server$RpcCall.run(Server.java:1035) [hadoop-common-3.3.1.jar:?]
	at org.apache.hadoop.ipc.Server$RpcCall.run(Server.java:963) [hadoop-common-3.3.1.jar:?]
	at java.security.AccessController.doPrivileged(Native Method) ~[?:1.8.0_332]
	at javax.security.auth.Subject.doAs(Subject.java:422) [?:1.8.0_332]
	at org.apache.hadoop.security.UserGroupInformation.doAs(UserGroupInformation.java:1878) [hadoop-common-3.3.1.jar:?]
	at org.apache.hadoop.ipc.Server$Handler.run(Server.java:2966) [hadoop-common-3.3.1.jar:?]
16:56:45.759 [IPC Server handler 18 on default port 40407] ERROR OMAudit - user=runner | ip=127.0.0.1 | op=GET_FILE_STATUS {volume=volume09188, bucket=bucket86365, key=testBatchDelete/parent/child1, dataSize=0, replicationConfig=null} | ret=FAILURE
org.apache.hadoop.ozone.om.exceptions.OMException: Unable to get file status: volume: volume09188 bucket: bucket86365 key: testBatchDelete/parent/child1
	at org.apache.hadoop.ozone.om.KeyManagerImpl.getOzoneFileStatus(KeyManagerImpl.java:1311) ~[ozone-manager-1.3.0-SNAPSHOT.jar:?]
	at org.apache.hadoop.ozone.om.KeyManagerImpl.getFileStatus(KeyManagerImpl.java:1241) ~[ozone-manager-1.3.0-SNAPSHOT.jar:?]
	at org.apache.hadoop.ozone.om.OzoneManager.getFileStatus(OzoneManager.java:3419) ~[ozone-manager-1.3.0-SNAPSHOT.jar:?]
	at org.apache.hadoop.ozone.protocolPB.OzoneManagerRequestHandler.getOzoneFileStatus(OzoneManagerRequestHandler.java:871) ~[ozone-manager-1.3.0-SNAPSHOT.jar:?]
	at org.apache.hadoop.ozone.protocolPB.OzoneManagerRequestHandler.handleReadRequest(OzoneManagerRequestHandler.java:217) ~[ozone-manager-1.3.0-SNAPSHOT.jar:?]
	at org.apache.hadoop.ozone.protocolPB.OzoneManagerProtocolServerSideTranslatorPB.submitRequestDirectlyToOM(OzoneManagerProtocolServerSideTranslatorPB.java:276) ~[ozone-manager-1.3.0-SNAPSHOT.jar:?]
	at org.apache.hadoop.ozone.protocolPB.OzoneManagerProtocolServerSideTranslatorPB.processRequest(OzoneManagerProtocolServerSideTranslatorPB.java:205) ~[ozone-manager-1.3.0-SNAPSHOT.jar:?]
	at org.apache.hadoop.hdds.server.OzoneProtocolMessageDispatcher.processRequest(OzoneProtocolMessageDispatcher.java:87) [hdds-server-framework-1.3.0-SNAPSHOT.jar:?]
	at org.apache.hadoop.ozone.protocolPB.OzoneManagerProtocolServerSideTranslatorPB.submitRequest(OzoneManagerProtocolServerSideTranslatorPB.java:147) [ozone-manager-1.3.0-SNAPSHOT.jar:?]
	at org.apache.hadoop.ozone.protocol.proto.OzoneManagerProtocolProtos$OzoneManagerService$2.callBlockingMethod(OzoneManagerProtocolProtos.java) [ozone-interface-client-1.3.0-SNAPSHOT.jar:?]
	at org.apache.hadoop.ipc.ProtobufRpcEngine$Server.processCall(ProtobufRpcEngine.java:466) [hadoop-common-3.3.1.jar:?]
	at org.apache.hadoop.ipc.ProtobufRpcEngine2$Server$ProtoBufRpcInvoker.call(ProtobufRpcEngine2.java:574) [hadoop-common-3.3.1.jar:?]
	at org.apache.hadoop.ipc.ProtobufRpcEngine2$Server$ProtoBufRpcInvoker.call(ProtobufRpcEngine2.java:552) [hadoop-common-3.3.1.jar:?]
	at org.apache.hadoop.ipc.RPC$Server.call(RPC.java:1093) [hadoop-common-3.3.1.jar:?]
	at org.apache.hadoop.ipc.Server$RpcCall.run(Server.java:1035) [hadoop-common-3.3.1.jar:?]
	at org.apache.hadoop.ipc.Server$RpcCall.run(Server.java:963) [hadoop-common-3.3.1.jar:?]
	at java.security.AccessController.doPrivileged(Native Method) ~[?:1.8.0_332]
	at javax.security.auth.Subject.doAs(Subject.java:422) [?:1.8.0_332]
	at org.apache.hadoop.security.UserGroupInformation.doAs(UserGroupInformation.java:1878) [hadoop-common-3.3.1.jar:?]
	at org.apache.hadoop.ipc.Server$Handler.run(Server.java:2966) [hadoop-common-3.3.1.jar:?]
16:56:45.760 [IPC Server handler 16 on default port 40407] ERROR OMAudit - user=runner | ip=127.0.0.1 | op=GET_FILE_STATUS {volume=volume09188, bucket=bucket86365, key=testBatchDelete/parent/childFolder/child1, dataSize=0, replicationConfig=null} | ret=FAILURE
org.apache.hadoop.ozone.om.exceptions.OMException: Unable to get file status: volume: volume09188 bucket: bucket86365 key: testBatchDelete/parent/childFolder/child1
	at org.apache.hadoop.ozone.om.KeyManagerImpl.getOzoneFileStatus(KeyManagerImpl.java:1311) ~[ozone-manager-1.3.0-SNAPSHOT.jar:?]
	at org.apache.hadoop.ozone.om.KeyManagerImpl.getFileStatus(KeyManagerImpl.java:1241) ~[ozone-manager-1.3.0-SNAPSHOT.jar:?]
	at org.apache.hadoop.ozone.om.OzoneManager.getFileStatus(OzoneManager.java:3419) ~[ozone-manager-1.3.0-SNAPSHOT.jar:?]
	at org.apache.hadoop.ozone.protocolPB.OzoneManagerRequestHandler.getOzoneFileStatus(OzoneManagerRequestHandler.java:871) ~[ozone-manager-1.3.0-SNAPSHOT.jar:?]
	at org.apache.hadoop.ozone.protocolPB.OzoneManagerRequestHandler.handleReadRequest(OzoneManagerRequestHandler.java:217) ~[ozone-manager-1.3.0-SNAPSHOT.jar:?]
	at org.apache.hadoop.ozone.protocolPB.OzoneManagerProtocolServerSideTranslatorPB.submitRequestDirectlyToOM(OzoneManagerProtocolServerSideTranslatorPB.java:276) ~[ozone-manager-1.3.0-SNAPSHOT.jar:?]
	at org.apache.hadoop.ozone.protocolPB.OzoneManagerProtocolServerSideTranslatorPB.processRequest(OzoneManagerProtocolServerSideTranslatorPB.java:205) ~[ozone-manager-1.3.0-SNAPSHOT.jar:?]
	at org.apache.hadoop.hdds.server.OzoneProtocolMessageDispatcher.processRequest(OzoneProtocolMessageDispatcher.java:87) [hdds-server-framework-1.3.0-SNAPSHOT.jar:?]
	at org.apache.hadoop.ozone.protocolPB.OzoneManagerProtocolServerSideTranslatorPB.submitRequest(OzoneManagerProtocolServerSideTranslatorPB.java:147) [ozone-manager-1.3.0-SNAPSHOT.jar:?]
	at org.apache.hadoop.ozone.protocol.proto.OzoneManagerProtocolProtos$OzoneManagerService$2.callBlockingMethod(OzoneManagerProtocolProtos.java) [ozone-interface-client-1.3.0-SNAPSHOT.jar:?]
	at org.apache.hadoop.ipc.ProtobufRpcEngine$Server.processCall(ProtobufRpcEngine.java:466) [hadoop-common-3.3.1.jar:?]
	at org.apache.hadoop.ipc.ProtobufRpcEngine2$Server$ProtoBufRpcInvoker.call(ProtobufRpcEngine2.java:574) [hadoop-common-3.3.1.jar:?]
	at org.apache.hadoop.ipc.ProtobufRpcEngine2$Server$ProtoBufRpcInvoker.call(ProtobufRpcEngine2.java:552) [hadoop-common-3.3.1.jar:?]
	at org.apache.hadoop.ipc.RPC$Server.call(RPC.java:1093) [hadoop-common-3.3.1.jar:?]
	at org.apache.hadoop.ipc.Server$RpcCall.run(Server.java:1035) [hadoop-common-3.3.1.jar:?]
	at org.apache.hadoop.ipc.Server$RpcCall.run(Server.java:963) [hadoop-common-3.3.1.jar:?]
	at java.security.AccessController.doPrivileged(Native Method) ~[?:1.8.0_332]
	at javax.security.auth.Subject.doAs(Subject.java:422) [?:1.8.0_332]
	at org.apache.hadoop.security.UserGroupInformation.doAs(UserGroupInformation.java:1878) [hadoop-common-3.3.1.jar:?]
	at org.apache.hadoop.ipc.Server$Handler.run(Server.java:2966) [hadoop-common-3.3.1.jar:?]
16:56:45.761 [IPC Server handler 7 on default port 40407] ERROR OMAudit - user=runner | ip=127.0.0.1 | op=GET_FILE_STATUS {volume=volume09188, bucket=bucket86365, key=testBatchDelete/parent/child2, dataSize=0, replicationConfig=null} | ret=FAILURE
org.apache.hadoop.ozone.om.exceptions.OMException: Unable to get file status: volume: volume09188 bucket: bucket86365 key: testBatchDelete/parent/child2
	at org.apache.hadoop.ozone.om.KeyManagerImpl.getOzoneFileStatus(KeyManagerImpl.java:1311) ~[ozone-manager-1.3.0-SNAPSHOT.jar:?]
	at org.apache.hadoop.ozone.om.KeyManagerImpl.getFileStatus(KeyManagerImpl.java:1241) ~[ozone-manager-1.3.0-SNAPSHOT.jar:?]
	at org.apache.hadoop.ozone.om.OzoneManager.getFileStatus(OzoneManager.java:3419) ~[ozone-manager-1.3.0-SNAPSHOT.jar:?]
	at org.apache.hadoop.ozone.protocolPB.OzoneManagerRequestHandler.getOzoneFileStatus(OzoneManagerRequestHandler.java:871) ~[ozone-manager-1.3.0-SNAPSHOT.jar:?]
	at org.apache.hadoop.ozone.protocolPB.OzoneManagerRequestHandler.handleReadRequest(OzoneManagerRequestHandler.java:217) ~[ozone-manager-1.3.0-SNAPSHOT.jar:?]
	at org.apache.hadoop.ozone.protocolPB.OzoneManagerProtocolServerSideTranslatorPB.submitRequestDirectlyToOM(OzoneManagerProtocolServerSideTranslatorPB.java:276) ~[ozone-manager-1.3.0-SNAPSHOT.jar:?]
	at org.apache.hadoop.ozone.protocolPB.OzoneManagerProtocolServerSideTranslatorPB.processRequest(OzoneManagerProtocolServerSideTranslatorPB.java:205) ~[ozone-manager-1.3.0-SNAPSHOT.jar:?]
	at org.apache.hadoop.hdds.server.OzoneProtocolMessageDispatcher.processRequest(OzoneProtocolMessageDispatcher.java:87) [hdds-server-framework-1.3.0-SNAPSHOT.jar:?]
	at org.apache.hadoop.ozone.protocolPB.OzoneManagerProtocolServerSideTranslatorPB.submitRequest(OzoneManagerProtocolServerSideTranslatorPB.java:147) [ozone-manager-1.3.0-SNAPSHOT.jar:?]
	at org.apache.hadoop.ozone.protocol.proto.OzoneManagerProtocolProtos$OzoneManagerService$2.callBlockingMethod(OzoneManagerProtocolProtos.java) [ozone-interface-client-1.3.0-SNAPSHOT.jar:?]
	at org.apache.hadoop.ipc.ProtobufRpcEngine$Server.processCall(ProtobufRpcEngine.java:466) [hadoop-common-3.3.1.jar:?]
	at org.apache.hadoop.ipc.ProtobufRpcEngine2$Server$ProtoBufRpcInvoker.call(ProtobufRpcEngine2.java:574) [hadoop-common-3.3.1.jar:?]
	at org.apache.hadoop.ipc.ProtobufRpcEngine2$Server$ProtoBufRpcInvoker.call(ProtobufRpcEngine2.java:552) [hadoop-common-3.3.1.jar:?]
	at org.apache.hadoop.ipc.RPC$Server.call(RPC.java:1093) [hadoop-common-3.3.1.jar:?]
	at org.apache.hadoop.ipc.Server$RpcCall.run(Server.java:1035) [hadoop-common-3.3.1.jar:?]
	at org.apache.hadoop.ipc.Server$RpcCall.run(Server.java:963) [hadoop-common-3.3.1.jar:?]
	at java.security.AccessController.doPrivileged(Native Method) ~[?:1.8.0_332]
	at javax.security.auth.Subject.doAs(Subject.java:422) [?:1.8.0_332]
	at org.apache.hadoop.security.UserGroupInformation.doAs(UserGroupInformation.java:1878) [hadoop-common-3.3.1.jar:?]
	at org.apache.hadoop.ipc.Server$Handler.run(Server.java:2966) [hadoop-common-3.3.1.jar:?]
16:56:45.763 [IPC Server handler 2 on default port 40407] ERROR OMAudit - user=runner | ip=127.0.0.1 | op=GET_FILE_STATUS {volume=volume09188, bucket=bucket86365, key=testBatchDelete/parent/childFolder/child2, dataSize=0, replicationConfig=null} | ret=FAILURE
org.apache.hadoop.ozone.om.exceptions.OMException: Unable to get file status: volume: volume09188 bucket: bucket86365 key: testBatchDelete/parent/childFolder/child2
	at org.apache.hadoop.ozone.om.KeyManagerImpl.getOzoneFileStatus(KeyManagerImpl.java:1311) ~[ozone-manager-1.3.0-SNAPSHOT.jar:?]
	at org.apache.hadoop.ozone.om.KeyManagerImpl.getFileStatus(KeyManagerImpl.java:1241) ~[ozone-manager-1.3.0-SNAPSHOT.jar:?]
	at org.apache.hadoop.ozone.om.OzoneManager.getFileStatus(OzoneManager.java:3419) ~[ozone-manager-1.3.0-SNAPSHOT.jar:?]
	at org.apache.hadoop.ozone.protocolPB.OzoneManagerRequestHandler.getOzoneFileStatus(OzoneManagerRequestHandler.java:871) ~[ozone-manager-1.3.0-SNAPSHOT.jar:?]
	at org.apache.hadoop.ozone.protocolPB.OzoneManagerRequestHandler.handleReadRequest(OzoneManagerRequestHandler.java:217) ~[ozone-manager-1.3.0-SNAPSHOT.jar:?]
	at org.apache.hadoop.ozone.protocolPB.OzoneManagerProtocolServerSideTranslatorPB.submitRequestDirectlyToOM(OzoneManagerProtocolServerSideTranslatorPB.java:276) ~[ozone-manager-1.3.0-SNAPSHOT.jar:?]
	at org.apache.hadoop.ozone.protocolPB.OzoneManagerProtocolServerSideTranslatorPB.processRequest(OzoneManagerProtocolServerSideTranslatorPB.java:205) ~[ozone-manager-1.3.0-SNAPSHOT.jar:?]
	at org.apache.hadoop.hdds.server.OzoneProtocolMessageDispatcher.processRequest(OzoneProtocolMessageDispatcher.java:87) [hdds-server-framework-1.3.0-SNAPSHOT.jar:?]
	at org.apache.hadoop.ozone.protocolPB.OzoneManagerProtocolServerSideTranslatorPB.submitRequest(OzoneManagerProtocolServerSideTranslatorPB.java:147) [ozone-manager-1.3.0-SNAPSHOT.jar:?]
	at org.apache.hadoop.ozone.protocol.proto.OzoneManagerProtocolProtos$OzoneManagerService$2.callBlockingMethod(OzoneManagerProtocolProtos.java) [ozone-interface-client-1.3.0-SNAPSHOT.jar:?]
	at org.apache.hadoop.ipc.ProtobufRpcEngine$Server.processCall(ProtobufRpcEngine.java:466) [hadoop-common-3.3.1.jar:?]
	at org.apache.hadoop.ipc.ProtobufRpcEngine2$Server$ProtoBufRpcInvoker.call(ProtobufRpcEngine2.java:574) [hadoop-common-3.3.1.jar:?]
	at org.apache.hadoop.ipc.ProtobufRpcEngine2$Server$ProtoBufRpcInvoker.call(ProtobufRpcEngine2.java:552) [hadoop-common-3.3.1.jar:?]
	at org.apache.hadoop.ipc.RPC$Server.call(RPC.java:1093) [hadoop-common-3.3.1.jar:?]
	at org.apache.hadoop.ipc.Server$RpcCall.run(Server.java:1035) [hadoop-common-3.3.1.jar:?]
	at org.apache.hadoop.ipc.Server$RpcCall.run(Server.java:963) [hadoop-common-3.3.1.jar:?]
	at java.security.AccessController.doPrivileged(Native Method) ~[?:1.8.0_332]
	at javax.security.auth.Subject.doAs(Subject.java:422) [?:1.8.0_332]
	at org.apache.hadoop.security.UserGroupInformation.doAs(UserGroupInformation.java:1878) [hadoop-common-3.3.1.jar:?]
	at org.apache.hadoop.ipc.Server$Handler.run(Server.java:2966) [hadoop-common-3.3.1.jar:?]
16:56:45.764 [IPC Server handler 5 on default port 40407] ERROR OMAudit - user=runner | ip=127.0.0.1 | op=GET_FILE_STATUS {volume=volume09188, bucket=bucket86365, key=testBatchDelete/parent/child3, dataSize=0, replicationConfig=null} | ret=FAILURE
org.apache.hadoop.ozone.om.exceptions.OMException: Unable to get file status: volume: volume09188 bucket: bucket86365 key: testBatchDelete/parent/child3
	at org.apache.hadoop.ozone.om.KeyManagerImpl.getOzoneFileStatus(KeyManagerImpl.java:1311) ~[ozone-manager-1.3.0-SNAPSHOT.jar:?]
	at org.apache.hadoop.ozone.om.KeyManagerImpl.getFileStatus(KeyManagerImpl.java:1241) ~[ozone-manager-1.3.0-SNAPSHOT.jar:?]
	at org.apache.hadoop.ozone.om.OzoneManager.getFileStatus(OzoneManager.java:3419) ~[ozone-manager-1.3.0-SNAPSHOT.jar:?]
	at org.apache.hadoop.ozone.protocolPB.OzoneManagerRequestHandler.getOzoneFileStatus(OzoneManagerRequestHandler.java:871) ~[ozone-manager-1.3.0-SNAPSHOT.jar:?]
	at org.apache.hadoop.ozone.protocolPB.OzoneManagerRequestHandler.handleReadRequest(OzoneManagerRequestHandler.java:217) ~[ozone-manager-1.3.0-SNAPSHOT.jar:?]
	at org.apache.hadoop.ozone.protocolPB.OzoneManagerProtocolServerSideTranslatorPB.submitRequestDirectlyToOM(OzoneManagerProtocolServerSideTranslatorPB.java:276) ~[ozone-manager-1.3.0-SNAPSHOT.jar:?]
	at org.apache.hadoop.ozone.protocolPB.OzoneManagerProtocolServerSideTranslatorPB.processRequest(OzoneManagerProtocolServerSideTranslatorPB.java:205) ~[ozone-manager-1.3.0-SNAPSHOT.jar:?]
	at org.apache.hadoop.hdds.server.OzoneProtocolMessageDispatcher.processRequest(OzoneProtocolMessageDispatcher.java:87) [hdds-server-framework-1.3.0-SNAPSHOT.jar:?]
	at org.apache.hadoop.ozone.protocolPB.OzoneManagerProtocolServerSideTranslatorPB.submitRequest(OzoneManagerProtocolServerSideTranslatorPB.java:147) [ozone-manager-1.3.0-SNAPSHOT.jar:?]
	at org.apache.hadoop.ozone.protocol.proto.OzoneManagerProtocolProtos$OzoneManagerService$2.callBlockingMethod(OzoneManagerProtocolProtos.java) [ozone-interface-client-1.3.0-SNAPSHOT.jar:?]
	at org.apache.hadoop.ipc.ProtobufRpcEngine$Server.processCall(ProtobufRpcEngine.java:466) [hadoop-common-3.3.1.jar:?]
	at org.apache.hadoop.ipc.ProtobufRpcEngine2$Server$ProtoBufRpcInvoker.call(ProtobufRpcEngine2.java:574) [hadoop-common-3.3.1.jar:?]
	at org.apache.hadoop.ipc.ProtobufRpcEngine2$Server$ProtoBufRpcInvoker.call(ProtobufRpcEngine2.java:552) [hadoop-common-3.3.1.jar:?]
	at org.apache.hadoop.ipc.RPC$Server.call(RPC.java:1093) [hadoop-common-3.3.1.jar:?]
	at org.apache.hadoop.ipc.Server$RpcCall.run(Server.java:1035) [hadoop-common-3.3.1.jar:?]
	at org.apache.hadoop.ipc.Server$RpcCall.run(Server.java:963) [hadoop-common-3.3.1.jar:?]
	at java.security.AccessController.doPrivileged(Native Method) ~[?:1.8.0_332]
	at javax.security.auth.Subject.doAs(Subject.java:422) [?:1.8.0_332]
	at org.apache.hadoop.security.UserGroupInformation.doAs(UserGroupInformation.java:1878) [hadoop-common-3.3.1.jar:?]
	at org.apache.hadoop.ipc.Server$Handler.run(Server.java:2966) [hadoop-common-3.3.1.jar:?]
16:56:45.764 [IPC Server handler 9 on default port 40407] ERROR OMAudit - user=runner | ip=127.0.0.1 | op=GET_FILE_STATUS {volume=volume09188, bucket=bucket86365, key=testBatchDelete/parent/childFolder/child3, dataSize=0, replicationConfig=null} | ret=FAILURE
org.apache.hadoop.ozone.om.exceptions.OMException: Unable to get file status: volume: volume09188 bucket: bucket86365 key: testBatchDelete/parent/childFolder/child3
	at org.apache.hadoop.ozone.om.KeyManagerImpl.getOzoneFileStatus(KeyManagerImpl.java:1311) ~[ozone-manager-1.3.0-SNAPSHOT.jar:?]
	at org.apache.hadoop.ozone.om.KeyManagerImpl.getFileStatus(KeyManagerImpl.java:1241) ~[ozone-manager-1.3.0-SNAPSHOT.jar:?]
	at org.apache.hadoop.ozone.om.OzoneManager.getFileStatus(OzoneManager.java:3419) ~[ozone-manager-1.3.0-SNAPSHOT.jar:?]
	at org.apache.hadoop.ozone.protocolPB.OzoneManagerRequestHandler.getOzoneFileStatus(OzoneManagerRequestHandler.java:871) ~[ozone-manager-1.3.0-SNAPSHOT.jar:?]
	at org.apache.hadoop.ozone.protocolPB.OzoneManagerRequestHandler.handleReadRequest(OzoneManagerRequestHandler.java:217) ~[ozone-manager-1.3.0-SNAPSHOT.jar:?]
	at org.apache.hadoop.ozone.protocolPB.OzoneManagerProtocolServerSideTranslatorPB.submitRequestDirectlyToOM(OzoneManagerProtocolServerSideTranslatorPB.java:276) ~[ozone-manager-1.3.0-SNAPSHOT.jar:?]
	at org.apache.hadoop.ozone.protocolPB.OzoneManagerProtocolServerSideTranslatorPB.processRequest(OzoneManagerProtocolServerSideTranslatorPB.java:205) ~[ozone-manager-1.3.0-SNAPSHOT.jar:?]
	at org.apache.hadoop.hdds.server.OzoneProtocolMessageDispatcher.processRequest(OzoneProtocolMessageDispatcher.java:87) [hdds-server-framework-1.3.0-SNAPSHOT.jar:?]
	at org.apache.hadoop.ozone.protocolPB.OzoneManagerProtocolServerSideTranslatorPB.submitRequest(OzoneManagerProtocolServerSideTranslatorPB.java:147) [ozone-manager-1.3.0-SNAPSHOT.jar:?]
	at org.apache.hadoop.ozone.protocol.proto.OzoneManagerProtocolProtos$OzoneManagerService$2.callBlockingMethod(OzoneManagerProtocolProtos.java) [ozone-interface-client-1.3.0-SNAPSHOT.jar:?]
	at org.apache.hadoop.ipc.ProtobufRpcEngine$Server.processCall(ProtobufRpcEngine.java:466) [hadoop-common-3.3.1.jar:?]
	at org.apache.hadoop.ipc.ProtobufRpcEngine2$Server$ProtoBufRpcInvoker.call(ProtobufRpcEngine2.java:574) [hadoop-common-3.3.1.jar:?]
	at org.apache.hadoop.ipc.ProtobufRpcEngine2$Server$ProtoBufRpcInvoker.call(ProtobufRpcEngine2.java:552) [hadoop-common-3.3.1.jar:?]
	at org.apache.hadoop.ipc.RPC$Server.call(RPC.java:1093) [hadoop-common-3.3.1.jar:?]
	at org.apache.hadoop.ipc.Server$RpcCall.run(Server.java:1035) [hadoop-common-3.3.1.jar:?]
	at org.apache.hadoop.ipc.Server$RpcCall.run(Server.java:963) [hadoop-common-3.3.1.jar:?]
	at java.security.AccessController.doPrivileged(Native Method) ~[?:1.8.0_332]
	at javax.security.auth.Subject.doAs(Subject.java:422) [?:1.8.0_332]
	at org.apache.hadoop.security.UserGroupInformation.doAs(UserGroupInformation.java:1878) [hadoop-common-3.3.1.jar:?]
	at org.apache.hadoop.ipc.Server$Handler.run(Server.java:2966) [hadoop-common-3.3.1.jar:?]
16:56:45.765 [IPC Server handler 11 on default port 40407] ERROR OMAudit - user=runner | ip=127.0.0.1 | op=GET_FILE_STATUS {volume=volume09188, bucket=bucket86365, key=testBatchDelete/parent/child4, dataSize=0, replicationConfig=null} | ret=FAILURE
org.apache.hadoop.ozone.om.exceptions.OMException: Unable to get file status: volume: volume09188 bucket: bucket86365 key: testBatchDelete/parent/child4
	at org.apache.hadoop.ozone.om.KeyManagerImpl.getOzoneFileStatus(KeyManagerImpl.java:1311) ~[ozone-manager-1.3.0-SNAPSHOT.jar:?]
	at org.apache.hadoop.ozone.om.KeyManagerImpl.getFileStatus(KeyManagerImpl.java:1241) ~[ozone-manager-1.3.0-SNAPSHOT.jar:?]
	at org.apache.hadoop.ozone.om.OzoneManager.getFileStatus(OzoneManager.java:3419) ~[ozone-manager-1.3.0-SNAPSHOT.jar:?]
	at org.apache.hadoop.ozone.protocolPB.OzoneManagerRequestHandler.getOzoneFileStatus(OzoneManagerRequestHandler.java:871) ~[ozone-manager-1.3.0-SNAPSHOT.jar:?]
	at org.apache.hadoop.ozone.protocolPB.OzoneManagerRequestHandler.handleReadRequest(OzoneManagerRequestHandler.java:217) ~[ozone-manager-1.3.0-SNAPSHOT.jar:?]
	at org.apache.hadoop.ozone.protocolPB.OzoneManagerProtocolServerSideTranslatorPB.submitRequestDirectlyToOM(OzoneManagerProtocolServerSideTranslatorPB.java:276) ~[ozone-manager-1.3.0-SNAPSHOT.jar:?]
	at org.apache.hadoop.ozone.protocolPB.OzoneManagerProtocolServerSideTranslatorPB.processRequest(OzoneManagerProtocolServerSideTranslatorPB.java:205) ~[ozone-manager-1.3.0-SNAPSHOT.jar:?]
	at org.apache.hadoop.hdds.server.OzoneProtocolMessageDispatcher.processRequest(OzoneProtocolMessageDispatcher.java:87) [hdds-server-framework-1.3.0-SNAPSHOT.jar:?]
	at org.apache.hadoop.ozone.protocolPB.OzoneManagerProtocolServerSideTranslatorPB.submitRequest(OzoneManagerProtocolServerSideTranslatorPB.java:147) [ozone-manager-1.3.0-SNAPSHOT.jar:?]
	at org.apache.hadoop.ozone.protocol.proto.OzoneManagerProtocolProtos$OzoneManagerService$2.callBlockingMethod(OzoneManagerProtocolProtos.java) [ozone-interface-client-1.3.0-SNAPSHOT.jar:?]
	at org.apache.hadoop.ipc.ProtobufRpcEngine$Server.processCall(ProtobufRpcEngine.java:466) [hadoop-common-3.3.1.jar:?]
	at org.apache.hadoop.ipc.ProtobufRpcEngine2$Server$ProtoBufRpcInvoker.call(ProtobufRpcEngine2.java:574) [hadoop-common-3.3.1.jar:?]
	at org.apache.hadoop.ipc.ProtobufRpcEngine2$Server$ProtoBufRpcInvoker.call(ProtobufRpcEngine2.java:552) [hadoop-common-3.3.1.jar:?]
	at org.apache.hadoop.ipc.RPC$Server.call(RPC.java:1093) [hadoop-common-3.3.1.jar:?]
	at org.apache.hadoop.ipc.Server$RpcCall.run(Server.java:1035) [hadoop-common-3.3.1.jar:?]
	at org.apache.hadoop.ipc.Server$RpcCall.run(Server.java:963) [hadoop-common-3.3.1.jar:?]
	at java.security.AccessController.doPrivileged(Native Method) ~[?:1.8.0_332]
	at javax.security.auth.Subject.doAs(Subject.java:422) [?:1.8.0_332]
	at org.apache.hadoop.security.UserGroupInformation.doAs(UserGroupInformation.java:1878) [hadoop-common-3.3.1.jar:?]
	at org.apache.hadoop.ipc.Server$Handler.run(Server.java:2966) [hadoop-common-3.3.1.jar:?]
16:56:45.766 [IPC Server handler 13 on default port 40407] ERROR OMAudit - user=runner | ip=127.0.0.1 | op=GET_FILE_STATUS {volume=volume09188, bucket=bucket86365, key=testBatchDelete/parent/childFolder/child4, dataSize=0, replicationConfig=null} | ret=FAILURE
org.apache.hadoop.ozone.om.exceptions.OMException: Unable to get file status: volume: volume09188 bucket: bucket86365 key: testBatchDelete/parent/childFolder/child4
	at org.apache.hadoop.ozone.om.KeyManagerImpl.getOzoneFileStatus(KeyManagerImpl.java:1311) ~[ozone-manager-1.3.0-SNAPSHOT.jar:?]
	at org.apache.hadoop.ozone.om.KeyManagerImpl.getFileStatus(KeyManagerImpl.java:1241) ~[ozone-manager-1.3.0-SNAPSHOT.jar:?]
	at org.apache.hadoop.ozone.om.OzoneManager.getFileStatus(OzoneManager.java:3419) ~[ozone-manager-1.3.0-SNAPSHOT.jar:?]
	at org.apache.hadoop.ozone.protocolPB.OzoneManagerRequestHandler.getOzoneFileStatus(OzoneManagerRequestHandler.java:871) ~[ozone-manager-1.3.0-SNAPSHOT.jar:?]
	at org.apache.hadoop.ozone.protocolPB.OzoneManagerRequestHandler.handleReadRequest(OzoneManagerRequestHandler.java:217) ~[ozone-manager-1.3.0-SNAPSHOT.jar:?]
	at org.apache.hadoop.ozone.protocolPB.OzoneManagerProtocolServerSideTranslatorPB.submitRequestDirectlyToOM(OzoneManagerProtocolServerSideTranslatorPB.java:276) ~[ozone-manager-1.3.0-SNAPSHOT.jar:?]
	at org.apache.hadoop.ozone.protocolPB.OzoneManagerProtocolServerSideTranslatorPB.processRequest(OzoneManagerProtocolServerSideTranslatorPB.java:205) ~[ozone-manager-1.3.0-SNAPSHOT.jar:?]
	at org.apache.hadoop.hdds.server.OzoneProtocolMessageDispatcher.processRequest(OzoneProtocolMessageDispatcher.java:87) [hdds-server-framework-1.3.0-SNAPSHOT.jar:?]
	at org.apache.hadoop.ozone.protocolPB.OzoneManagerProtocolServerSideTranslatorPB.submitRequest(OzoneManagerProtocolServerSideTranslatorPB.java:147) [ozone-manager-1.3.0-SNAPSHOT.jar:?]
	at org.apache.hadoop.ozone.protocol.proto.OzoneManagerProtocolProtos$OzoneManagerService$2.callBlockingMethod(OzoneManagerProtocolProtos.java) [ozone-interface-client-1.3.0-SNAPSHOT.jar:?]
	at org.apache.hadoop.ipc.ProtobufRpcEngine$Server.processCall(ProtobufRpcEngine.java:466) [hadoop-common-3.3.1.jar:?]
	at org.apache.hadoop.ipc.ProtobufRpcEngine2$Server$ProtoBufRpcInvoker.call(ProtobufRpcEngine2.java:574) [hadoop-common-3.3.1.jar:?]
	at org.apache.hadoop.ipc.ProtobufRpcEngine2$Server$ProtoBufRpcInvoker.call(ProtobufRpcEngine2.java:552) [hadoop-common-3.3.1.jar:?]
	at org.apache.hadoop.ipc.RPC$Server.call(RPC.java:1093) [hadoop-common-3.3.1.jar:?]
	at org.apache.hadoop.ipc.Server$RpcCall.run(Server.java:1035) [hadoop-common-3.3.1.jar:?]
	at org.apache.hadoop.ipc.Server$RpcCall.run(Server.java:963) [hadoop-common-3.3.1.jar:?]
	at java.security.AccessController.doPrivileged(Native Method) ~[?:1.8.0_332]
	at javax.security.auth.Subject.doAs(Subject.java:422) [?:1.8.0_332]
	at org.apache.hadoop.security.UserGroupInformation.doAs(UserGroupInformation.java:1878) [hadoop-common-3.3.1.jar:?]
	at org.apache.hadoop.ipc.Server$Handler.run(Server.java:2966) [hadoop-common-3.3.1.jar:?]
16:56:45.767 [IPC Server handler 15 on default port 40407] ERROR OMAudit - user=runner | ip=127.0.0.1 | op=GET_FILE_STATUS {volume=volume09188, bucket=bucket86365, key=testBatchDelete/parent/child5, dataSize=0, replicationConfig=null} | ret=FAILURE
org.apache.hadoop.ozone.om.exceptions.OMException: Unable to get file status: volume: volume09188 bucket: bucket86365 key: testBatchDelete/parent/child5
	at org.apache.hadoop.ozone.om.KeyManagerImpl.getOzoneFileStatus(KeyManagerImpl.java:1311) ~[ozone-manager-1.3.0-SNAPSHOT.jar:?]
	at org.apache.hadoop.ozone.om.KeyManagerImpl.getFileStatus(KeyManagerImpl.java:1241) ~[ozone-manager-1.3.0-SNAPSHOT.jar:?]
	at org.apache.hadoop.ozone.om.OzoneManager.getFileStatus(OzoneManager.java:3419) ~[ozone-manager-1.3.0-SNAPSHOT.jar:?]
	at org.apache.hadoop.ozone.protocolPB.OzoneManagerRequestHandler.getOzoneFileStatus(OzoneManagerRequestHandler.java:871) ~[ozone-manager-1.3.0-SNAPSHOT.jar:?]
	at org.apache.hadoop.ozone.protocolPB.OzoneManagerRequestHandler.handleReadRequest(OzoneManagerRequestHandler.java:217) ~[ozone-manager-1.3.0-SNAPSHOT.jar:?]
	at org.apache.hadoop.ozone.protocolPB.OzoneManagerProtocolServerSideTranslatorPB.submitRequestDirectlyToOM(OzoneManagerProtocolServerSideTranslatorPB.java:276) ~[ozone-manager-1.3.0-SNAPSHOT.jar:?]
	at org.apache.hadoop.ozone.protocolPB.OzoneManagerProtocolServerSideTranslatorPB.processRequest(OzoneManagerProtocolServerSideTranslatorPB.java:205) ~[ozone-manager-1.3.0-SNAPSHOT.jar:?]
	at org.apache.hadoop.hdds.server.OzoneProtocolMessageDispatcher.processRequest(OzoneProtocolMessageDispatcher.java:87) [hdds-server-framework-1.3.0-SNAPSHOT.jar:?]
	at org.apache.hadoop.ozone.protocolPB.OzoneManagerProtocolServerSideTranslatorPB.submitRequest(OzoneManagerProtocolServerSideTranslatorPB.java:147) [ozone-manager-1.3.0-SNAPSHOT.jar:?]
	at org.apache.hadoop.ozone.protocol.proto.OzoneManagerProtocolProtos$OzoneManagerService$2.callBlockingMethod(OzoneManagerProtocolProtos.java) [ozone-interface-client-1.3.0-SNAPSHOT.jar:?]
	at org.apache.hadoop.ipc.ProtobufRpcEngine$Server.processCall(ProtobufRpcEngine.java:466) [hadoop-common-3.3.1.jar:?]
	at org.apache.hadoop.ipc.ProtobufRpcEngine2$Server$ProtoBufRpcInvoker.call(ProtobufRpcEngine2.java:574) [hadoop-common-3.3.1.jar:?]
	at org.apache.hadoop.ipc.ProtobufRpcEngine2$Server$ProtoBufRpcInvoker.call(ProtobufRpcEngine2.java:552) [hadoop-common-3.3.1.jar:?]
	at org.apache.hadoop.ipc.RPC$Server.call(RPC.java:1093) [hadoop-common-3.3.1.jar:?]
	at org.apache.hadoop.ipc.Server$RpcCall.run(Server.java:1035) [hadoop-common-3.3.1.jar:?]
	at org.apache.hadoop.ipc.Server$RpcCall.run(Server.java:963) [hadoop-common-3.3.1.jar:?]
	at java.security.AccessController.doPrivileged(Native Method) ~[?:1.8.0_332]
	at javax.security.auth.Subject.doAs(Subject.java:422) [?:1.8.0_332]
	at org.apache.hadoop.security.UserGroupInformation.doAs(UserGroupInformation.java:1878) [hadoop-common-3.3.1.jar:?]
	at org.apache.hadoop.ipc.Server$Handler.run(Server.java:2966) [hadoop-common-3.3.1.jar:?]
16:56:45.767 [IPC Server handler 1 on default port 40407] ERROR OMAudit - user=runner | ip=127.0.0.1 | op=GET_FILE_STATUS {volume=volume09188, bucket=bucket86365, key=testBatchDelete/parent/childFolder/child5, dataSize=0, replicationConfig=null} | ret=FAILURE
org.apache.hadoop.ozone.om.exceptions.OMException: Unable to get file status: volume: volume09188 bucket: bucket86365 key: testBatchDelete/parent/childFolder/child5
	at org.apache.hadoop.ozone.om.KeyManagerImpl.getOzoneFileStatus(KeyManagerImpl.java:1311) ~[ozone-manager-1.3.0-SNAPSHOT.jar:?]
	at org.apache.hadoop.ozone.om.KeyManagerImpl.getFileStatus(KeyManagerImpl.java:1241) ~[ozone-manager-1.3.0-SNAPSHOT.jar:?]
	at org.apache.hadoop.ozone.om.OzoneManager.getFileStatus(OzoneManager.java:3419) ~[ozone-manager-1.3.0-SNAPSHOT.jar:?]
	at org.apache.hadoop.ozone.protocolPB.OzoneManagerRequestHandler.getOzoneFileStatus(OzoneManagerRequestHandler.java:871) ~[ozone-manager-1.3.0-SNAPSHOT.jar:?]
	at org.apache.hadoop.ozone.protocolPB.OzoneManagerRequestHandler.handleReadRequest(OzoneManagerRequestHandler.java:217) ~[ozone-manager-1.3.0-SNAPSHOT.jar:?]
	at org.apache.hadoop.ozone.protocolPB.OzoneManagerProtocolServerSideTranslatorPB.submitRequestDirectlyToOM(OzoneManagerProtocolServerSideTranslatorPB.java:276) ~[ozone-manager-1.3.0-SNAPSHOT.jar:?]
	at org.apache.hadoop.ozone.protocolPB.OzoneManagerProtocolServerSideTranslatorPB.processRequest(OzoneManagerProtocolServerSideTranslatorPB.java:205) ~[ozone-manager-1.3.0-SNAPSHOT.jar:?]
	at org.apache.hadoop.hdds.server.OzoneProtocolMessageDispatcher.processRequest(OzoneProtocolMessageDispatcher.java:87) [hdds-server-framework-1.3.0-SNAPSHOT.jar:?]
	at org.apache.hadoop.ozone.protocolPB.OzoneManagerProtocolServerSideTranslatorPB.submitRequest(OzoneManagerProtocolServerSideTranslatorPB.java:147) [ozone-manager-1.3.0-SNAPSHOT.jar:?]
	at org.apache.hadoop.ozone.protocol.proto.OzoneManagerProtocolProtos$OzoneManagerService$2.callBlockingMethod(OzoneManagerProtocolProtos.java) [ozone-interface-client-1.3.0-SNAPSHOT.jar:?]
	at org.apache.hadoop.ipc.ProtobufRpcEngine$Server.processCall(ProtobufRpcEngine.java:466) [hadoop-common-3.3.1.jar:?]
	at org.apache.hadoop.ipc.ProtobufRpcEngine2$Server$ProtoBufRpcInvoker.call(ProtobufRpcEngine2.java:574) [hadoop-common-3.3.1.jar:?]
	at org.apache.hadoop.ipc.ProtobufRpcEngine2$Server$ProtoBufRpcInvoker.call(ProtobufRpcEngine2.java:552) [hadoop-common-3.3.1.jar:?]
	at org.apache.hadoop.ipc.RPC$Server.call(RPC.java:1093) [hadoop-common-3.3.1.jar:?]
	at org.apache.hadoop.ipc.Server$RpcCall.run(Server.java:1035) [hadoop-common-3.3.1.jar:?]
	at org.apache.hadoop.ipc.Server$RpcCall.run(Server.java:963) [hadoop-common-3.3.1.jar:?]
	at java.security.AccessController.doPrivileged(Native Method) ~[?:1.8.0_332]
	at javax.security.auth.Subject.doAs(Subject.java:422) [?:1.8.0_332]
	at org.apache.hadoop.security.UserGroupInformation.doAs(UserGroupInformation.java:1878) [hadoop-common-3.3.1.jar:?]
	at org.apache.hadoop.ipc.Server$Handler.run(Server.java:2966) [hadoop-common-3.3.1.jar:?]
16:56:45.768 [IPC Server handler 18 on default port 40407] ERROR OMAudit - user=runner | ip=127.0.0.1 | op=GET_FILE_STATUS {volume=volume09188, bucket=bucket86365, key=testBatchDelete/parent/child6, dataSize=0, replicationConfig=null} | ret=FAILURE
org.apache.hadoop.ozone.om.exceptions.OMException: Unable to get file status: volume: volume09188 bucket: bucket86365 key: testBatchDelete/parent/child6
	at org.apache.hadoop.ozone.om.KeyManagerImpl.getOzoneFileStatus(KeyManagerImpl.java:1311) ~[ozone-manager-1.3.0-SNAPSHOT.jar:?]
	at org.apache.hadoop.ozone.om.KeyManagerImpl.getFileStatus(KeyManagerImpl.java:1241) ~[ozone-manager-1.3.0-SNAPSHOT.jar:?]
	at org.apache.hadoop.ozone.om.OzoneManager.getFileStatus(OzoneManager.java:3419) ~[ozone-manager-1.3.0-SNAPSHOT.jar:?]
	at org.apache.hadoop.ozone.protocolPB.OzoneManagerRequestHandler.getOzoneFileStatus(OzoneManagerRequestHandler.java:871) ~[ozone-manager-1.3.0-SNAPSHOT.jar:?]
	at org.apache.hadoop.ozone.protocolPB.OzoneManagerRequestHandler.handleReadRequest(OzoneManagerRequestHandler.java:217) ~[ozone-manager-1.3.0-SNAPSHOT.jar:?]
	at org.apache.hadoop.ozone.protocolPB.OzoneManagerProtocolServerSideTranslatorPB.submitRequestDirectlyToOM(OzoneManagerProtocolServerSideTranslatorPB.java:276) ~[ozone-manager-1.3.0-SNAPSHOT.jar:?]
	at org.apache.hadoop.ozone.protocolPB.OzoneManagerProtocolServerSideTranslatorPB.processRequest(OzoneManagerProtocolServerSideTranslatorPB.java:205) ~[ozone-manager-1.3.0-SNAPSHOT.jar:?]
	at org.apache.hadoop.hdds.server.OzoneProtocolMessageDispatcher.processRequest(OzoneProtocolMessageDispatcher.java:87) [hdds-server-framework-1.3.0-SNAPSHOT.jar:?]
	at org.apache.hadoop.ozone.protocolPB.OzoneManagerProtocolServerSideTranslatorPB.submitRequest(OzoneManagerProtocolServerSideTranslatorPB.java:147) [ozone-manager-1.3.0-SNAPSHOT.jar:?]
	at org.apache.hadoop.ozone.protocol.proto.OzoneManagerProtocolProtos$OzoneManagerService$2.callBlockingMethod(OzoneManagerProtocolProtos.java) [ozone-interface-client-1.3.0-SNAPSHOT.jar:?]
	at org.apache.hadoop.ipc.ProtobufRpcEngine$Server.processCall(ProtobufRpcEngine.java:466) [hadoop-common-3.3.1.jar:?]
	at org.apache.hadoop.ipc.ProtobufRpcEngine2$Server$ProtoBufRpcInvoker.call(ProtobufRpcEngine2.java:574) [hadoop-common-3.3.1.jar:?]
	at org.apache.hadoop.ipc.ProtobufRpcEngine2$Server$ProtoBufRpcInvoker.call(ProtobufRpcEngine2.java:552) [hadoop-common-3.3.1.jar:?]
	at org.apache.hadoop.ipc.RPC$Server.call(RPC.java:1093) [hadoop-common-3.3.1.jar:?]
	at org.apache.hadoop.ipc.Server$RpcCall.run(Server.java:1035) [hadoop-common-3.3.1.jar:?]
	at org.apache.hadoop.ipc.Server$RpcCall.run(Server.java:963) [hadoop-common-3.3.1.jar:?]
	at java.security.AccessController.doPrivileged(Native Method) ~[?:1.8.0_332]
	at javax.security.auth.Subject.doAs(Subject.java:422) [?:1.8.0_332]
	at org.apache.hadoop.security.UserGroupInformation.doAs(UserGroupInformation.java:1878) [hadoop-common-3.3.1.jar:?]
	at org.apache.hadoop.ipc.Server$Handler.run(Server.java:2966) [hadoop-common-3.3.1.jar:?]
16:56:45.769 [IPC Server handler 16 on default port 40407] ERROR OMAudit - user=runner | ip=127.0.0.1 | op=GET_FILE_STATUS {volume=volume09188, bucket=bucket86365, key=testBatchDelete/parent/childFolder/child6, dataSize=0, replicationConfig=null} | ret=FAILURE
org.apache.hadoop.ozone.om.exceptions.OMException: Unable to get file status: volume: volume09188 bucket: bucket86365 key: testBatchDelete/parent/childFolder/child6
	at org.apache.hadoop.ozone.om.KeyManagerImpl.getOzoneFileStatus(KeyManagerImpl.java:1311) ~[ozone-manager-1.3.0-SNAPSHOT.jar:?]
	at org.apache.hadoop.ozone.om.KeyManagerImpl.getFileStatus(KeyManagerImpl.java:1241) ~[ozone-manager-1.3.0-SNAPSHOT.jar:?]
	at org.apache.hadoop.ozone.om.OzoneManager.getFileStatus(OzoneManager.java:3419) ~[ozone-manager-1.3.0-SNAPSHOT.jar:?]
	at org.apache.hadoop.ozone.protocolPB.OzoneManagerRequestHandler.getOzoneFileStatus(OzoneManagerRequestHandler.java:871) ~[ozone-manager-1.3.0-SNAPSHOT.jar:?]
	at org.apache.hadoop.ozone.protocolPB.OzoneManagerRequestHandler.handleReadRequest(OzoneManagerRequestHandler.java:217) ~[ozone-manager-1.3.0-SNAPSHOT.jar:?]
	at org.apache.hadoop.ozone.protocolPB.OzoneManagerProtocolServerSideTranslatorPB.submitRequestDirectlyToOM(OzoneManagerProtocolServerSideTranslatorPB.java:276) ~[ozone-manager-1.3.0-SNAPSHOT.jar:?]
	at org.apache.hadoop.ozone.protocolPB.OzoneManagerProtocolServerSideTranslatorPB.processRequest(OzoneManagerProtocolServerSideTranslatorPB.java:205) ~[ozone-manager-1.3.0-SNAPSHOT.jar:?]
	at org.apache.hadoop.hdds.server.OzoneProtocolMessageDispatcher.processRequest(OzoneProtocolMessageDispatcher.java:87) [hdds-server-framework-1.3.0-SNAPSHOT.jar:?]
	at org.apache.hadoop.ozone.protocolPB.OzoneManagerProtocolServerSideTranslatorPB.submitRequest(OzoneManagerProtocolServerSideTranslatorPB.java:147) [ozone-manager-1.3.0-SNAPSHOT.jar:?]
	at org.apache.hadoop.ozone.protocol.proto.OzoneManagerProtocolProtos$OzoneManagerService$2.callBlockingMethod(OzoneManagerProtocolProtos.java) [ozone-interface-client-1.3.0-SNAPSHOT.jar:?]
	at org.apache.hadoop.ipc.ProtobufRpcEngine$Server.processCall(ProtobufRpcEngine.java:466) [hadoop-common-3.3.1.jar:?]
	at org.apache.hadoop.ipc.ProtobufRpcEngine2$Server$ProtoBufRpcInvoker.call(ProtobufRpcEngine2.java:574) [hadoop-common-3.3.1.jar:?]
	at org.apache.hadoop.ipc.ProtobufRpcEngine2$Server$ProtoBufRpcInvoker.call(ProtobufRpcEngine2.java:552) [hadoop-common-3.3.1.jar:?]
	at org.apache.hadoop.ipc.RPC$Server.call(RPC.java:1093) [hadoop-common-3.3.1.jar:?]
	at org.apache.hadoop.ipc.Server$RpcCall.run(Server.java:1035) [hadoop-common-3.3.1.jar:?]
	at org.apache.hadoop.ipc.Server$RpcCall.run(Server.java:963) [hadoop-common-3.3.1.jar:?]
	at java.security.AccessController.doPrivileged(Native Method) ~[?:1.8.0_332]
	at javax.security.auth.Subject.doAs(Subject.java:422) [?:1.8.0_332]
	at org.apache.hadoop.security.UserGroupInformation.doAs(UserGroupInformation.java:1878) [hadoop-common-3.3.1.jar:?]
	at org.apache.hadoop.ipc.Server$Handler.run(Server.java:2966) [hadoop-common-3.3.1.jar:?]
16:56:45.770 [IPC Server handler 7 on default port 40407] ERROR OMAudit - user=runner | ip=127.0.0.1 | op=GET_FILE_STATUS {volume=volume09188, bucket=bucket86365, key=testBatchDelete/parent/child7, dataSize=0, replicationConfig=null} | ret=FAILURE
org.apache.hadoop.ozone.om.exceptions.OMException: Unable to get file status: volume: volume09188 bucket: bucket86365 key: testBatchDelete/parent/child7
	at org.apache.hadoop.ozone.om.KeyManagerImpl.getOzoneFileStatus(KeyManagerImpl.java:1311) ~[ozone-manager-1.3.0-SNAPSHOT.jar:?]
	at org.apache.hadoop.ozone.om.KeyManagerImpl.getFileStatus(KeyManagerImpl.java:1241) ~[ozone-manager-1.3.0-SNAPSHOT.jar:?]
	at org.apache.hadoop.ozone.om.OzoneManager.getFileStatus(OzoneManager.java:3419) ~[ozone-manager-1.3.0-SNAPSHOT.jar:?]
	at org.apache.hadoop.ozone.protocolPB.OzoneManagerRequestHandler.getOzoneFileStatus(OzoneManagerRequestHandler.java:871) ~[ozone-manager-1.3.0-SNAPSHOT.jar:?]
	at org.apache.hadoop.ozone.protocolPB.OzoneManagerRequestHandler.handleReadRequest(OzoneManagerRequestHandler.java:217) ~[ozone-manager-1.3.0-SNAPSHOT.jar:?]
	at org.apache.hadoop.ozone.protocolPB.OzoneManagerProtocolServerSideTranslatorPB.submitRequestDirectlyToOM(OzoneManagerProtocolServerSideTranslatorPB.java:276) ~[ozone-manager-1.3.0-SNAPSHOT.jar:?]
	at org.apache.hadoop.ozone.protocolPB.OzoneManagerProtocolServerSideTranslatorPB.processRequest(OzoneManagerProtocolServerSideTranslatorPB.java:205) ~[ozone-manager-1.3.0-SNAPSHOT.jar:?]
	at org.apache.hadoop.hdds.server.OzoneProtocolMessageDispatcher.processRequest(OzoneProtocolMessageDispatcher.java:87) [hdds-server-framework-1.3.0-SNAPSHOT.jar:?]
	at org.apache.hadoop.ozone.protocolPB.OzoneManagerProtocolServerSideTranslatorPB.submitRequest(OzoneManagerProtocolServerSideTranslatorPB.java:147) [ozone-manager-1.3.0-SNAPSHOT.jar:?]
	at org.apache.hadoop.ozone.protocol.proto.OzoneManagerProtocolProtos$OzoneManagerService$2.callBlockingMethod(OzoneManagerProtocolProtos.java) [ozone-interface-client-1.3.0-SNAPSHOT.jar:?]
	at org.apache.hadoop.ipc.ProtobufRpcEngine$Server.processCall(ProtobufRpcEngine.java:466) [hadoop-common-3.3.1.jar:?]
	at org.apache.hadoop.ipc.ProtobufRpcEngine2$Server$ProtoBufRpcInvoker.call(ProtobufRpcEngine2.java:574) [hadoop-common-3.3.1.jar:?]
	at org.apache.hadoop.ipc.ProtobufRpcEngine2$Server$ProtoBufRpcInvoker.call(ProtobufRpcEngine2.java:552) [hadoop-common-3.3.1.jar:?]
	at org.apache.hadoop.ipc.RPC$Server.call(RPC.java:1093) [hadoop-common-3.3.1.jar:?]
	at org.apache.hadoop.ipc.Server$RpcCall.run(Server.java:1035) [hadoop-common-3.3.1.jar:?]
	at org.apache.hadoop.ipc.Server$RpcCall.run(Server.java:963) [hadoop-common-3.3.1.jar:?]
	at java.security.AccessController.doPrivileged(Native Method) ~[?:1.8.0_332]
	at javax.security.auth.Subject.doAs(Subject.java:422) [?:1.8.0_332]
	at org.apache.hadoop.security.UserGroupInformation.doAs(UserGroupInformation.java:1878) [hadoop-common-3.3.1.jar:?]
	at org.apache.hadoop.ipc.Server$Handler.run(Server.java:2966) [hadoop-common-3.3.1.jar:?]
16:56:45.771 [IPC Server handler 2 on default port 40407] ERROR OMAudit - user=runner | ip=127.0.0.1 | op=GET_FILE_STATUS {volume=volume09188, bucket=bucket86365, key=testBatchDelete/parent/childFolder/child7, dataSize=0, replicationConfig=null} | ret=FAILURE
org.apache.hadoop.ozone.om.exceptions.OMException: Unable to get file status: volume: volume09188 bucket: bucket86365 key: testBatchDelete/parent/childFolder/child7
	at org.apache.hadoop.ozone.om.KeyManagerImpl.getOzoneFileStatus(KeyManagerImpl.java:1311) ~[ozone-manager-1.3.0-SNAPSHOT.jar:?]
	at org.apache.hadoop.ozone.om.KeyManagerImpl.getFileStatus(KeyManagerImpl.java:1241) ~[ozone-manager-1.3.0-SNAPSHOT.jar:?]
	at org.apache.hadoop.ozone.om.OzoneManager.getFileStatus(OzoneManager.java:3419) ~[ozone-manager-1.3.0-SNAPSHOT.jar:?]
	at org.apache.hadoop.ozone.protocolPB.OzoneManagerRequestHandler.getOzoneFileStatus(OzoneManagerRequestHandler.java:871) ~[ozone-manager-1.3.0-SNAPSHOT.jar:?]
	at org.apache.hadoop.ozone.protocolPB.OzoneManagerRequestHandler.handleReadRequest(OzoneManagerRequestHandler.java:217) ~[ozone-manager-1.3.0-SNAPSHOT.jar:?]
	at org.apache.hadoop.ozone.protocolPB.OzoneManagerProtocolServerSideTranslatorPB.submitRequestDirectlyToOM(OzoneManagerProtocolServerSideTranslatorPB.java:276) ~[ozone-manager-1.3.0-SNAPSHOT.jar:?]
	at org.apache.hadoop.ozone.protocolPB.OzoneManagerProtocolServerSideTranslatorPB.processRequest(OzoneManagerProtocolServerSideTranslatorPB.java:205) ~[ozone-manager-1.3.0-SNAPSHOT.jar:?]
	at org.apache.hadoop.hdds.server.OzoneProtocolMessageDispatcher.processRequest(OzoneProtocolMessageDispatcher.java:87) [hdds-server-framework-1.3.0-SNAPSHOT.jar:?]
	at org.apache.hadoop.ozone.protocolPB.OzoneManagerProtocolServerSideTranslatorPB.submitRequest(OzoneManagerProtocolServerSideTranslatorPB.java:147) [ozone-manager-1.3.0-SNAPSHOT.jar:?]
	at org.apache.hadoop.ozone.protocol.proto.OzoneManagerProtocolProtos$OzoneManagerService$2.callBlockingMethod(OzoneManagerProtocolProtos.java) [ozone-interface-client-1.3.0-SNAPSHOT.jar:?]
	at org.apache.hadoop.ipc.ProtobufRpcEngine$Server.processCall(ProtobufRpcEngine.java:466) [hadoop-common-3.3.1.jar:?]
	at org.apache.hadoop.ipc.ProtobufRpcEngine2$Server$ProtoBufRpcInvoker.call(ProtobufRpcEngine2.java:574) [hadoop-common-3.3.1.jar:?]
	at org.apache.hadoop.ipc.ProtobufRpcEngine2$Server$ProtoBufRpcInvoker.call(ProtobufRpcEngine2.java:552) [hadoop-common-3.3.1.jar:?]
	at org.apache.hadoop.ipc.RPC$Server.call(RPC.java:1093) [hadoop-common-3.3.1.jar:?]
	at org.apache.hadoop.ipc.Server$RpcCall.run(Server.java:1035) [hadoop-common-3.3.1.jar:?]
	at org.apache.hadoop.ipc.Server$RpcCall.run(Server.java:963) [hadoop-common-3.3.1.jar:?]
	at java.security.AccessController.doPrivileged(Native Method) ~[?:1.8.0_332]
	at javax.security.auth.Subject.doAs(Subject.java:422) [?:1.8.0_332]
	at org.apache.hadoop.security.UserGroupInformation.doAs(UserGroupInformation.java:1878) [hadoop-common-3.3.1.jar:?]
	at org.apache.hadoop.ipc.Server$Handler.run(Server.java:2966) [hadoop-common-3.3.1.jar:?]
16:56:45.771 [IPC Server handler 5 on default port 40407] ERROR OMAudit - user=runner | ip=127.0.0.1 | op=GET_FILE_STATUS {volume=volume09188, bucket=bucket86365, key=testBatchDelete/parent, dataSize=0, replicationConfig=null} | ret=FAILURE
org.apache.hadoop.ozone.om.exceptions.OMException: Unable to get file status: volume: volume09188 bucket: bucket86365 key: testBatchDelete/parent
	at org.apache.hadoop.ozone.om.KeyManagerImpl.getOzoneFileStatus(KeyManagerImpl.java:1311) ~[ozone-manager-1.3.0-SNAPSHOT.jar:?]
	at org.apache.hadoop.ozone.om.KeyManagerImpl.getFileStatus(KeyManagerImpl.java:1241) ~[ozone-manager-1.3.0-SNAPSHOT.jar:?]
	at org.apache.hadoop.ozone.om.OzoneManager.getFileStatus(OzoneManager.java:3419) ~[ozone-manager-1.3.0-SNAPSHOT.jar:?]
	at org.apache.hadoop.ozone.protocolPB.OzoneManagerRequestHandler.getOzoneFileStatus(OzoneManagerRequestHandler.java:871) ~[ozone-manager-1.3.0-SNAPSHOT.jar:?]
	at org.apache.hadoop.ozone.protocolPB.OzoneManagerRequestHandler.handleReadRequest(OzoneManagerRequestHandler.java:217) ~[ozone-manager-1.3.0-SNAPSHOT.jar:?]
	at org.apache.hadoop.ozone.protocolPB.OzoneManagerProtocolServerSideTranslatorPB.submitRequestDirectlyToOM(OzoneManagerProtocolServerSideTranslatorPB.java:276) ~[ozone-manager-1.3.0-SNAPSHOT.jar:?]
	at org.apache.hadoop.ozone.protocolPB.OzoneManagerProtocolServerSideTranslatorPB.processRequest(OzoneManagerProtocolServerSideTranslatorPB.java:205) ~[ozone-manager-1.3.0-SNAPSHOT.jar:?]
	at org.apache.hadoop.hdds.server.OzoneProtocolMessageDispatcher.processRequest(OzoneProtocolMessageDispatcher.java:87) [hdds-server-framework-1.3.0-SNAPSHOT.jar:?]
	at org.apache.hadoop.ozone.protocolPB.OzoneManagerProtocolServerSideTranslatorPB.submitRequest(OzoneManagerProtocolServerSideTranslatorPB.java:147) [ozone-manager-1.3.0-SNAPSHOT.jar:?]
	at org.apache.hadoop.ozone.protocol.proto.OzoneManagerProtocolProtos$OzoneManagerService$2.callBlockingMethod(OzoneManagerProtocolProtos.java) [ozone-interface-client-1.3.0-SNAPSHOT.jar:?]
	at org.apache.hadoop.ipc.ProtobufRpcEngine$Server.processCall(ProtobufRpcEngine.java:466) [hadoop-common-3.3.1.jar:?]
	at org.apache.hadoop.ipc.ProtobufRpcEngine2$Server$ProtoBufRpcInvoker.call(ProtobufRpcEngine2.java:574) [hadoop-common-3.3.1.jar:?]
	at org.apache.hadoop.ipc.ProtobufRpcEngine2$Server$ProtoBufRpcInvoker.call(ProtobufRpcEngine2.java:552) [hadoop-common-3.3.1.jar:?]
	at org.apache.hadoop.ipc.RPC$Server.call(RPC.java:1093) [hadoop-common-3.3.1.jar:?]
	at org.apache.hadoop.ipc.Server$RpcCall.run(Server.java:1035) [hadoop-common-3.3.1.jar:?]
	at org.apache.hadoop.ipc.Server$RpcCall.run(Server.java:963) [hadoop-common-3.3.1.jar:?]
	at java.security.AccessController.doPrivileged(Native Method) ~[?:1.8.0_332]
	at javax.security.auth.Subject.doAs(Subject.java:422) [?:1.8.0_332]
	at org.apache.hadoop.security.UserGroupInformation.doAs(UserGroupInformation.java:1878) [hadoop-common-3.3.1.jar:?]
	at org.apache.hadoop.ipc.Server$Handler.run(Server.java:2966) [hadoop-common-3.3.1.jar:?]
2022-06-27 16:56:45,772 [Time-limited test] WARN  ozone.BasicRootedOzoneFileSystem (BasicRootedOzoneFileSystem.java:delete(572)) - delete: Path does not exist: /volume09188/bucket86365/testBatchDelete/parent
]]></system-out>
  </testcase>
  <testcase name="testFileDelete" classname="TestRootedOzoneFileSystem" time="0.275">
    <system-out><![CDATA[2022-06-27 16:58:03,696 [Time-limited test] INFO  rpc.RpcClient (RpcClient.java:createVolume(466)) - Creating Volume: volume28098, with user91972 as owner and space quota set to -1 bytes, counts quota set to -1
2022-06-27 16:58:03,720 [OM StateMachine ApplyTransaction Thread - 0] INFO  volume.OMVolumeCreateRequest (OMVolumeCreateRequest.java:validateAndUpdateCache(195)) - created volume:volume28098 for user:user91972
2022-06-27 16:58:03,721 [Time-limited test] INFO  rpc.RpcClient (RpcClient.java:createBucket(666)) - Creating Bucket: volume28098/bucket02535, with the Bucket Layout LEGACY, runner as owner, Versioning false, Storage Type set to DISK and Encryption set to false 
2022-06-27 16:58:03,726 [OM StateMachine ApplyTransaction Thread - 0] INFO  bucket.OMBucketCreateRequest (OMBucketCreateRequest.java:validateAndUpdateCache(260)) - created bucket: bucket02535 of layout LEGACY in volume: volume28098
16:58:03.843 [IPC Server handler 15 on default port 40965] ERROR OMAudit - user=runner | ip=127.0.0.1 | op=GET_FILE_STATUS {volume=volume28098, bucket=bucket02535, key=testBatchDelete, dataSize=0, replicationConfig=null} | ret=FAILURE
org.apache.hadoop.ozone.om.exceptions.OMException: Unable to get file status: volume: volume28098 bucket: bucket02535 key: testBatchDelete
	at org.apache.hadoop.ozone.om.KeyManagerImpl.getOzoneFileStatus(KeyManagerImpl.java:1311) ~[ozone-manager-1.3.0-SNAPSHOT.jar:?]
	at org.apache.hadoop.ozone.om.KeyManagerImpl.getFileStatus(KeyManagerImpl.java:1241) ~[ozone-manager-1.3.0-SNAPSHOT.jar:?]
	at org.apache.hadoop.ozone.om.OzoneManager.getFileStatus(OzoneManager.java:3419) ~[ozone-manager-1.3.0-SNAPSHOT.jar:?]
	at org.apache.hadoop.ozone.protocolPB.OzoneManagerRequestHandler.getOzoneFileStatus(OzoneManagerRequestHandler.java:871) ~[ozone-manager-1.3.0-SNAPSHOT.jar:?]
	at org.apache.hadoop.ozone.protocolPB.OzoneManagerRequestHandler.handleReadRequest(OzoneManagerRequestHandler.java:217) ~[ozone-manager-1.3.0-SNAPSHOT.jar:?]
	at org.apache.hadoop.ozone.protocolPB.OzoneManagerProtocolServerSideTranslatorPB.submitReadRequestToOM(OzoneManagerProtocolServerSideTranslatorPB.java:226) ~[ozone-manager-1.3.0-SNAPSHOT.jar:?]
	at org.apache.hadoop.ozone.protocolPB.OzoneManagerProtocolServerSideTranslatorPB.processRequest(OzoneManagerProtocolServerSideTranslatorPB.java:175) ~[ozone-manager-1.3.0-SNAPSHOT.jar:?]
	at org.apache.hadoop.hdds.server.OzoneProtocolMessageDispatcher.processRequest(OzoneProtocolMessageDispatcher.java:87) [hdds-server-framework-1.3.0-SNAPSHOT.jar:?]
	at org.apache.hadoop.ozone.protocolPB.OzoneManagerProtocolServerSideTranslatorPB.submitRequest(OzoneManagerProtocolServerSideTranslatorPB.java:147) [ozone-manager-1.3.0-SNAPSHOT.jar:?]
	at org.apache.hadoop.ozone.protocol.proto.OzoneManagerProtocolProtos$OzoneManagerService$2.callBlockingMethod(OzoneManagerProtocolProtos.java) [ozone-interface-client-1.3.0-SNAPSHOT.jar:?]
	at org.apache.hadoop.ipc.ProtobufRpcEngine$Server.processCall(ProtobufRpcEngine.java:466) [hadoop-common-3.3.1.jar:?]
	at org.apache.hadoop.ipc.ProtobufRpcEngine2$Server$ProtoBufRpcInvoker.call(ProtobufRpcEngine2.java:574) [hadoop-common-3.3.1.jar:?]
	at org.apache.hadoop.ipc.ProtobufRpcEngine2$Server$ProtoBufRpcInvoker.call(ProtobufRpcEngine2.java:552) [hadoop-common-3.3.1.jar:?]
	at org.apache.hadoop.ipc.RPC$Server.call(RPC.java:1093) [hadoop-common-3.3.1.jar:?]
	at org.apache.hadoop.ipc.Server$RpcCall.run(Server.java:1035) [hadoop-common-3.3.1.jar:?]
	at org.apache.hadoop.ipc.Server$RpcCall.run(Server.java:963) [hadoop-common-3.3.1.jar:?]
	at java.security.AccessController.doPrivileged(Native Method) ~[?:1.8.0_332]
	at javax.security.auth.Subject.doAs(Subject.java:422) [?:1.8.0_332]
	at org.apache.hadoop.security.UserGroupInformation.doAs(UserGroupInformation.java:1878) [hadoop-common-3.3.1.jar:?]
	at org.apache.hadoop.ipc.Server$Handler.run(Server.java:2966) [hadoop-common-3.3.1.jar:?]
16:58:03.844 [IPC Server handler 3 on default port 40965] ERROR OMAudit - user=runner | ip=127.0.0.1 | op=GET_FILE_STATUS {volume=volume28098, bucket=bucket02535, key=testBatchDelete/parent/child0, dataSize=0, replicationConfig=null} | ret=FAILURE
org.apache.hadoop.ozone.om.exceptions.OMException: Unable to get file status: volume: volume28098 bucket: bucket02535 key: testBatchDelete/parent/child0
	at org.apache.hadoop.ozone.om.KeyManagerImpl.getOzoneFileStatus(KeyManagerImpl.java:1311) ~[ozone-manager-1.3.0-SNAPSHOT.jar:?]
	at org.apache.hadoop.ozone.om.KeyManagerImpl.getFileStatus(KeyManagerImpl.java:1241) ~[ozone-manager-1.3.0-SNAPSHOT.jar:?]
	at org.apache.hadoop.ozone.om.OzoneManager.getFileStatus(OzoneManager.java:3419) ~[ozone-manager-1.3.0-SNAPSHOT.jar:?]
	at org.apache.hadoop.ozone.protocolPB.OzoneManagerRequestHandler.getOzoneFileStatus(OzoneManagerRequestHandler.java:871) ~[ozone-manager-1.3.0-SNAPSHOT.jar:?]
	at org.apache.hadoop.ozone.protocolPB.OzoneManagerRequestHandler.handleReadRequest(OzoneManagerRequestHandler.java:217) ~[ozone-manager-1.3.0-SNAPSHOT.jar:?]
	at org.apache.hadoop.ozone.protocolPB.OzoneManagerProtocolServerSideTranslatorPB.submitReadRequestToOM(OzoneManagerProtocolServerSideTranslatorPB.java:226) ~[ozone-manager-1.3.0-SNAPSHOT.jar:?]
	at org.apache.hadoop.ozone.protocolPB.OzoneManagerProtocolServerSideTranslatorPB.processRequest(OzoneManagerProtocolServerSideTranslatorPB.java:175) ~[ozone-manager-1.3.0-SNAPSHOT.jar:?]
	at org.apache.hadoop.hdds.server.OzoneProtocolMessageDispatcher.processRequest(OzoneProtocolMessageDispatcher.java:87) [hdds-server-framework-1.3.0-SNAPSHOT.jar:?]
	at org.apache.hadoop.ozone.protocolPB.OzoneManagerProtocolServerSideTranslatorPB.submitRequest(OzoneManagerProtocolServerSideTranslatorPB.java:147) [ozone-manager-1.3.0-SNAPSHOT.jar:?]
	at org.apache.hadoop.ozone.protocol.proto.OzoneManagerProtocolProtos$OzoneManagerService$2.callBlockingMethod(OzoneManagerProtocolProtos.java) [ozone-interface-client-1.3.0-SNAPSHOT.jar:?]
	at org.apache.hadoop.ipc.ProtobufRpcEngine$Server.processCall(ProtobufRpcEngine.java:466) [hadoop-common-3.3.1.jar:?]
	at org.apache.hadoop.ipc.ProtobufRpcEngine2$Server$ProtoBufRpcInvoker.call(ProtobufRpcEngine2.java:574) [hadoop-common-3.3.1.jar:?]
	at org.apache.hadoop.ipc.ProtobufRpcEngine2$Server$ProtoBufRpcInvoker.call(ProtobufRpcEngine2.java:552) [hadoop-common-3.3.1.jar:?]
	at org.apache.hadoop.ipc.RPC$Server.call(RPC.java:1093) [hadoop-common-3.3.1.jar:?]
	at org.apache.hadoop.ipc.Server$RpcCall.run(Server.java:1035) [hadoop-common-3.3.1.jar:?]
	at org.apache.hadoop.ipc.Server$RpcCall.run(Server.java:963) [hadoop-common-3.3.1.jar:?]
	at java.security.AccessController.doPrivileged(Native Method) ~[?:1.8.0_332]
	at javax.security.auth.Subject.doAs(Subject.java:422) [?:1.8.0_332]
	at org.apache.hadoop.security.UserGroupInformation.doAs(UserGroupInformation.java:1878) [hadoop-common-3.3.1.jar:?]
	at org.apache.hadoop.ipc.Server$Handler.run(Server.java:2966) [hadoop-common-3.3.1.jar:?]
16:58:03.844 [IPC Server handler 19 on default port 40965] ERROR OMAudit - user=runner | ip=127.0.0.1 | op=GET_FILE_STATUS {volume=volume28098, bucket=bucket02535, key=testBatchDelete/parent/childFolder/child0, dataSize=0, replicationConfig=null} | ret=FAILURE
org.apache.hadoop.ozone.om.exceptions.OMException: Unable to get file status: volume: volume28098 bucket: bucket02535 key: testBatchDelete/parent/childFolder/child0
	at org.apache.hadoop.ozone.om.KeyManagerImpl.getOzoneFileStatus(KeyManagerImpl.java:1311) ~[ozone-manager-1.3.0-SNAPSHOT.jar:?]
	at org.apache.hadoop.ozone.om.KeyManagerImpl.getFileStatus(KeyManagerImpl.java:1241) ~[ozone-manager-1.3.0-SNAPSHOT.jar:?]
	at org.apache.hadoop.ozone.om.OzoneManager.getFileStatus(OzoneManager.java:3419) ~[ozone-manager-1.3.0-SNAPSHOT.jar:?]
	at org.apache.hadoop.ozone.protocolPB.OzoneManagerRequestHandler.getOzoneFileStatus(OzoneManagerRequestHandler.java:871) ~[ozone-manager-1.3.0-SNAPSHOT.jar:?]
	at org.apache.hadoop.ozone.protocolPB.OzoneManagerRequestHandler.handleReadRequest(OzoneManagerRequestHandler.java:217) ~[ozone-manager-1.3.0-SNAPSHOT.jar:?]
	at org.apache.hadoop.ozone.protocolPB.OzoneManagerProtocolServerSideTranslatorPB.submitReadRequestToOM(OzoneManagerProtocolServerSideTranslatorPB.java:226) ~[ozone-manager-1.3.0-SNAPSHOT.jar:?]
	at org.apache.hadoop.ozone.protocolPB.OzoneManagerProtocolServerSideTranslatorPB.processRequest(OzoneManagerProtocolServerSideTranslatorPB.java:175) ~[ozone-manager-1.3.0-SNAPSHOT.jar:?]
	at org.apache.hadoop.hdds.server.OzoneProtocolMessageDispatcher.processRequest(OzoneProtocolMessageDispatcher.java:87) [hdds-server-framework-1.3.0-SNAPSHOT.jar:?]
	at org.apache.hadoop.ozone.protocolPB.OzoneManagerProtocolServerSideTranslatorPB.submitRequest(OzoneManagerProtocolServerSideTranslatorPB.java:147) [ozone-manager-1.3.0-SNAPSHOT.jar:?]
	at org.apache.hadoop.ozone.protocol.proto.OzoneManagerProtocolProtos$OzoneManagerService$2.callBlockingMethod(OzoneManagerProtocolProtos.java) [ozone-interface-client-1.3.0-SNAPSHOT.jar:?]
	at org.apache.hadoop.ipc.ProtobufRpcEngine$Server.processCall(ProtobufRpcEngine.java:466) [hadoop-common-3.3.1.jar:?]
	at org.apache.hadoop.ipc.ProtobufRpcEngine2$Server$ProtoBufRpcInvoker.call(ProtobufRpcEngine2.java:574) [hadoop-common-3.3.1.jar:?]
	at org.apache.hadoop.ipc.ProtobufRpcEngine2$Server$ProtoBufRpcInvoker.call(ProtobufRpcEngine2.java:552) [hadoop-common-3.3.1.jar:?]
	at org.apache.hadoop.ipc.RPC$Server.call(RPC.java:1093) [hadoop-common-3.3.1.jar:?]
	at org.apache.hadoop.ipc.Server$RpcCall.run(Server.java:1035) [hadoop-common-3.3.1.jar:?]
	at org.apache.hadoop.ipc.Server$RpcCall.run(Server.java:963) [hadoop-common-3.3.1.jar:?]
	at java.security.AccessController.doPrivileged(Native Method) ~[?:1.8.0_332]
	at javax.security.auth.Subject.doAs(Subject.java:422) [?:1.8.0_332]
	at org.apache.hadoop.security.UserGroupInformation.doAs(UserGroupInformation.java:1878) [hadoop-common-3.3.1.jar:?]
	at org.apache.hadoop.ipc.Server$Handler.run(Server.java:2966) [hadoop-common-3.3.1.jar:?]
16:58:03.845 [IPC Server handler 8 on default port 40965] ERROR OMAudit - user=runner | ip=127.0.0.1 | op=GET_FILE_STATUS {volume=volume28098, bucket=bucket02535, key=testBatchDelete/parent/child1, dataSize=0, replicationConfig=null} | ret=FAILURE
org.apache.hadoop.ozone.om.exceptions.OMException: Unable to get file status: volume: volume28098 bucket: bucket02535 key: testBatchDelete/parent/child1
	at org.apache.hadoop.ozone.om.KeyManagerImpl.getOzoneFileStatus(KeyManagerImpl.java:1311) ~[ozone-manager-1.3.0-SNAPSHOT.jar:?]
	at org.apache.hadoop.ozone.om.KeyManagerImpl.getFileStatus(KeyManagerImpl.java:1241) ~[ozone-manager-1.3.0-SNAPSHOT.jar:?]
	at org.apache.hadoop.ozone.om.OzoneManager.getFileStatus(OzoneManager.java:3419) ~[ozone-manager-1.3.0-SNAPSHOT.jar:?]
	at org.apache.hadoop.ozone.protocolPB.OzoneManagerRequestHandler.getOzoneFileStatus(OzoneManagerRequestHandler.java:871) ~[ozone-manager-1.3.0-SNAPSHOT.jar:?]
	at org.apache.hadoop.ozone.protocolPB.OzoneManagerRequestHandler.handleReadRequest(OzoneManagerRequestHandler.java:217) ~[ozone-manager-1.3.0-SNAPSHOT.jar:?]
	at org.apache.hadoop.ozone.protocolPB.OzoneManagerProtocolServerSideTranslatorPB.submitReadRequestToOM(OzoneManagerProtocolServerSideTranslatorPB.java:226) ~[ozone-manager-1.3.0-SNAPSHOT.jar:?]
	at org.apache.hadoop.ozone.protocolPB.OzoneManagerProtocolServerSideTranslatorPB.processRequest(OzoneManagerProtocolServerSideTranslatorPB.java:175) ~[ozone-manager-1.3.0-SNAPSHOT.jar:?]
	at org.apache.hadoop.hdds.server.OzoneProtocolMessageDispatcher.processRequest(OzoneProtocolMessageDispatcher.java:87) [hdds-server-framework-1.3.0-SNAPSHOT.jar:?]
	at org.apache.hadoop.ozone.protocolPB.OzoneManagerProtocolServerSideTranslatorPB.submitRequest(OzoneManagerProtocolServerSideTranslatorPB.java:147) [ozone-manager-1.3.0-SNAPSHOT.jar:?]
	at org.apache.hadoop.ozone.protocol.proto.OzoneManagerProtocolProtos$OzoneManagerService$2.callBlockingMethod(OzoneManagerProtocolProtos.java) [ozone-interface-client-1.3.0-SNAPSHOT.jar:?]
	at org.apache.hadoop.ipc.ProtobufRpcEngine$Server.processCall(ProtobufRpcEngine.java:466) [hadoop-common-3.3.1.jar:?]
	at org.apache.hadoop.ipc.ProtobufRpcEngine2$Server$ProtoBufRpcInvoker.call(ProtobufRpcEngine2.java:574) [hadoop-common-3.3.1.jar:?]
	at org.apache.hadoop.ipc.ProtobufRpcEngine2$Server$ProtoBufRpcInvoker.call(ProtobufRpcEngine2.java:552) [hadoop-common-3.3.1.jar:?]
	at org.apache.hadoop.ipc.RPC$Server.call(RPC.java:1093) [hadoop-common-3.3.1.jar:?]
	at org.apache.hadoop.ipc.Server$RpcCall.run(Server.java:1035) [hadoop-common-3.3.1.jar:?]
	at org.apache.hadoop.ipc.Server$RpcCall.run(Server.java:963) [hadoop-common-3.3.1.jar:?]
	at java.security.AccessController.doPrivileged(Native Method) ~[?:1.8.0_332]
	at javax.security.auth.Subject.doAs(Subject.java:422) [?:1.8.0_332]
	at org.apache.hadoop.security.UserGroupInformation.doAs(UserGroupInformation.java:1878) [hadoop-common-3.3.1.jar:?]
	at org.apache.hadoop.ipc.Server$Handler.run(Server.java:2966) [hadoop-common-3.3.1.jar:?]
16:58:03.846 [IPC Server handler 6 on default port 40965] ERROR OMAudit - user=runner | ip=127.0.0.1 | op=GET_FILE_STATUS {volume=volume28098, bucket=bucket02535, key=testBatchDelete/parent/childFolder/child1, dataSize=0, replicationConfig=null} | ret=FAILURE
org.apache.hadoop.ozone.om.exceptions.OMException: Unable to get file status: volume: volume28098 bucket: bucket02535 key: testBatchDelete/parent/childFolder/child1
	at org.apache.hadoop.ozone.om.KeyManagerImpl.getOzoneFileStatus(KeyManagerImpl.java:1311) ~[ozone-manager-1.3.0-SNAPSHOT.jar:?]
	at org.apache.hadoop.ozone.om.KeyManagerImpl.getFileStatus(KeyManagerImpl.java:1241) ~[ozone-manager-1.3.0-SNAPSHOT.jar:?]
	at org.apache.hadoop.ozone.om.OzoneManager.getFileStatus(OzoneManager.java:3419) ~[ozone-manager-1.3.0-SNAPSHOT.jar:?]
	at org.apache.hadoop.ozone.protocolPB.OzoneManagerRequestHandler.getOzoneFileStatus(OzoneManagerRequestHandler.java:871) ~[ozone-manager-1.3.0-SNAPSHOT.jar:?]
	at org.apache.hadoop.ozone.protocolPB.OzoneManagerRequestHandler.handleReadRequest(OzoneManagerRequestHandler.java:217) ~[ozone-manager-1.3.0-SNAPSHOT.jar:?]
	at org.apache.hadoop.ozone.protocolPB.OzoneManagerProtocolServerSideTranslatorPB.submitReadRequestToOM(OzoneManagerProtocolServerSideTranslatorPB.java:226) ~[ozone-manager-1.3.0-SNAPSHOT.jar:?]
	at org.apache.hadoop.ozone.protocolPB.OzoneManagerProtocolServerSideTranslatorPB.processRequest(OzoneManagerProtocolServerSideTranslatorPB.java:175) ~[ozone-manager-1.3.0-SNAPSHOT.jar:?]
	at org.apache.hadoop.hdds.server.OzoneProtocolMessageDispatcher.processRequest(OzoneProtocolMessageDispatcher.java:87) [hdds-server-framework-1.3.0-SNAPSHOT.jar:?]
	at org.apache.hadoop.ozone.protocolPB.OzoneManagerProtocolServerSideTranslatorPB.submitRequest(OzoneManagerProtocolServerSideTranslatorPB.java:147) [ozone-manager-1.3.0-SNAPSHOT.jar:?]
	at org.apache.hadoop.ozone.protocol.proto.OzoneManagerProtocolProtos$OzoneManagerService$2.callBlockingMethod(OzoneManagerProtocolProtos.java) [ozone-interface-client-1.3.0-SNAPSHOT.jar:?]
	at org.apache.hadoop.ipc.ProtobufRpcEngine$Server.processCall(ProtobufRpcEngine.java:466) [hadoop-common-3.3.1.jar:?]
	at org.apache.hadoop.ipc.ProtobufRpcEngine2$Server$ProtoBufRpcInvoker.call(ProtobufRpcEngine2.java:574) [hadoop-common-3.3.1.jar:?]
	at org.apache.hadoop.ipc.ProtobufRpcEngine2$Server$ProtoBufRpcInvoker.call(ProtobufRpcEngine2.java:552) [hadoop-common-3.3.1.jar:?]
	at org.apache.hadoop.ipc.RPC$Server.call(RPC.java:1093) [hadoop-common-3.3.1.jar:?]
	at org.apache.hadoop.ipc.Server$RpcCall.run(Server.java:1035) [hadoop-common-3.3.1.jar:?]
	at org.apache.hadoop.ipc.Server$RpcCall.run(Server.java:963) [hadoop-common-3.3.1.jar:?]
	at java.security.AccessController.doPrivileged(Native Method) ~[?:1.8.0_332]
	at javax.security.auth.Subject.doAs(Subject.java:422) [?:1.8.0_332]
	at org.apache.hadoop.security.UserGroupInformation.doAs(UserGroupInformation.java:1878) [hadoop-common-3.3.1.jar:?]
	at org.apache.hadoop.ipc.Server$Handler.run(Server.java:2966) [hadoop-common-3.3.1.jar:?]
16:58:03.847 [IPC Server handler 2 on default port 40965] ERROR OMAudit - user=runner | ip=127.0.0.1 | op=GET_FILE_STATUS {volume=volume28098, bucket=bucket02535, key=testBatchDelete/parent/child2, dataSize=0, replicationConfig=null} | ret=FAILURE
org.apache.hadoop.ozone.om.exceptions.OMException: Unable to get file status: volume: volume28098 bucket: bucket02535 key: testBatchDelete/parent/child2
	at org.apache.hadoop.ozone.om.KeyManagerImpl.getOzoneFileStatus(KeyManagerImpl.java:1311) ~[ozone-manager-1.3.0-SNAPSHOT.jar:?]
	at org.apache.hadoop.ozone.om.KeyManagerImpl.getFileStatus(KeyManagerImpl.java:1241) ~[ozone-manager-1.3.0-SNAPSHOT.jar:?]
	at org.apache.hadoop.ozone.om.OzoneManager.getFileStatus(OzoneManager.java:3419) ~[ozone-manager-1.3.0-SNAPSHOT.jar:?]
	at org.apache.hadoop.ozone.protocolPB.OzoneManagerRequestHandler.getOzoneFileStatus(OzoneManagerRequestHandler.java:871) ~[ozone-manager-1.3.0-SNAPSHOT.jar:?]
	at org.apache.hadoop.ozone.protocolPB.OzoneManagerRequestHandler.handleReadRequest(OzoneManagerRequestHandler.java:217) ~[ozone-manager-1.3.0-SNAPSHOT.jar:?]
	at org.apache.hadoop.ozone.protocolPB.OzoneManagerProtocolServerSideTranslatorPB.submitReadRequestToOM(OzoneManagerProtocolServerSideTranslatorPB.java:226) ~[ozone-manager-1.3.0-SNAPSHOT.jar:?]
	at org.apache.hadoop.ozone.protocolPB.OzoneManagerProtocolServerSideTranslatorPB.processRequest(OzoneManagerProtocolServerSideTranslatorPB.java:175) ~[ozone-manager-1.3.0-SNAPSHOT.jar:?]
	at org.apache.hadoop.hdds.server.OzoneProtocolMessageDispatcher.processRequest(OzoneProtocolMessageDispatcher.java:87) [hdds-server-framework-1.3.0-SNAPSHOT.jar:?]
	at org.apache.hadoop.ozone.protocolPB.OzoneManagerProtocolServerSideTranslatorPB.submitRequest(OzoneManagerProtocolServerSideTranslatorPB.java:147) [ozone-manager-1.3.0-SNAPSHOT.jar:?]
	at org.apache.hadoop.ozone.protocol.proto.OzoneManagerProtocolProtos$OzoneManagerService$2.callBlockingMethod(OzoneManagerProtocolProtos.java) [ozone-interface-client-1.3.0-SNAPSHOT.jar:?]
	at org.apache.hadoop.ipc.ProtobufRpcEngine$Server.processCall(ProtobufRpcEngine.java:466) [hadoop-common-3.3.1.jar:?]
	at org.apache.hadoop.ipc.ProtobufRpcEngine2$Server$ProtoBufRpcInvoker.call(ProtobufRpcEngine2.java:574) [hadoop-common-3.3.1.jar:?]
	at org.apache.hadoop.ipc.ProtobufRpcEngine2$Server$ProtoBufRpcInvoker.call(ProtobufRpcEngine2.java:552) [hadoop-common-3.3.1.jar:?]
	at org.apache.hadoop.ipc.RPC$Server.call(RPC.java:1093) [hadoop-common-3.3.1.jar:?]
	at org.apache.hadoop.ipc.Server$RpcCall.run(Server.java:1035) [hadoop-common-3.3.1.jar:?]
	at org.apache.hadoop.ipc.Server$RpcCall.run(Server.java:963) [hadoop-common-3.3.1.jar:?]
	at java.security.AccessController.doPrivileged(Native Method) ~[?:1.8.0_332]
	at javax.security.auth.Subject.doAs(Subject.java:422) [?:1.8.0_332]
	at org.apache.hadoop.security.UserGroupInformation.doAs(UserGroupInformation.java:1878) [hadoop-common-3.3.1.jar:?]
	at org.apache.hadoop.ipc.Server$Handler.run(Server.java:2966) [hadoop-common-3.3.1.jar:?]
16:58:03.848 [IPC Server handler 1 on default port 40965] ERROR OMAudit - user=runner | ip=127.0.0.1 | op=GET_FILE_STATUS {volume=volume28098, bucket=bucket02535, key=testBatchDelete/parent/childFolder/child2, dataSize=0, replicationConfig=null} | ret=FAILURE
org.apache.hadoop.ozone.om.exceptions.OMException: Unable to get file status: volume: volume28098 bucket: bucket02535 key: testBatchDelete/parent/childFolder/child2
	at org.apache.hadoop.ozone.om.KeyManagerImpl.getOzoneFileStatus(KeyManagerImpl.java:1311) ~[ozone-manager-1.3.0-SNAPSHOT.jar:?]
	at org.apache.hadoop.ozone.om.KeyManagerImpl.getFileStatus(KeyManagerImpl.java:1241) ~[ozone-manager-1.3.0-SNAPSHOT.jar:?]
	at org.apache.hadoop.ozone.om.OzoneManager.getFileStatus(OzoneManager.java:3419) ~[ozone-manager-1.3.0-SNAPSHOT.jar:?]
	at org.apache.hadoop.ozone.protocolPB.OzoneManagerRequestHandler.getOzoneFileStatus(OzoneManagerRequestHandler.java:871) ~[ozone-manager-1.3.0-SNAPSHOT.jar:?]
	at org.apache.hadoop.ozone.protocolPB.OzoneManagerRequestHandler.handleReadRequest(OzoneManagerRequestHandler.java:217) ~[ozone-manager-1.3.0-SNAPSHOT.jar:?]
	at org.apache.hadoop.ozone.protocolPB.OzoneManagerProtocolServerSideTranslatorPB.submitReadRequestToOM(OzoneManagerProtocolServerSideTranslatorPB.java:226) ~[ozone-manager-1.3.0-SNAPSHOT.jar:?]
	at org.apache.hadoop.ozone.protocolPB.OzoneManagerProtocolServerSideTranslatorPB.processRequest(OzoneManagerProtocolServerSideTranslatorPB.java:175) ~[ozone-manager-1.3.0-SNAPSHOT.jar:?]
	at org.apache.hadoop.hdds.server.OzoneProtocolMessageDispatcher.processRequest(OzoneProtocolMessageDispatcher.java:87) [hdds-server-framework-1.3.0-SNAPSHOT.jar:?]
	at org.apache.hadoop.ozone.protocolPB.OzoneManagerProtocolServerSideTranslatorPB.submitRequest(OzoneManagerProtocolServerSideTranslatorPB.java:147) [ozone-manager-1.3.0-SNAPSHOT.jar:?]
	at org.apache.hadoop.ozone.protocol.proto.OzoneManagerProtocolProtos$OzoneManagerService$2.callBlockingMethod(OzoneManagerProtocolProtos.java) [ozone-interface-client-1.3.0-SNAPSHOT.jar:?]
	at org.apache.hadoop.ipc.ProtobufRpcEngine$Server.processCall(ProtobufRpcEngine.java:466) [hadoop-common-3.3.1.jar:?]
	at org.apache.hadoop.ipc.ProtobufRpcEngine2$Server$ProtoBufRpcInvoker.call(ProtobufRpcEngine2.java:574) [hadoop-common-3.3.1.jar:?]
	at org.apache.hadoop.ipc.ProtobufRpcEngine2$Server$ProtoBufRpcInvoker.call(ProtobufRpcEngine2.java:552) [hadoop-common-3.3.1.jar:?]
	at org.apache.hadoop.ipc.RPC$Server.call(RPC.java:1093) [hadoop-common-3.3.1.jar:?]
	at org.apache.hadoop.ipc.Server$RpcCall.run(Server.java:1035) [hadoop-common-3.3.1.jar:?]
	at org.apache.hadoop.ipc.Server$RpcCall.run(Server.java:963) [hadoop-common-3.3.1.jar:?]
	at java.security.AccessController.doPrivileged(Native Method) ~[?:1.8.0_332]
	at javax.security.auth.Subject.doAs(Subject.java:422) [?:1.8.0_332]
	at org.apache.hadoop.security.UserGroupInformation.doAs(UserGroupInformation.java:1878) [hadoop-common-3.3.1.jar:?]
	at org.apache.hadoop.ipc.Server$Handler.run(Server.java:2966) [hadoop-common-3.3.1.jar:?]
16:58:03.849 [IPC Server handler 9 on default port 40965] ERROR OMAudit - user=runner | ip=127.0.0.1 | op=GET_FILE_STATUS {volume=volume28098, bucket=bucket02535, key=testBatchDelete/parent/child3, dataSize=0, replicationConfig=null} | ret=FAILURE
org.apache.hadoop.ozone.om.exceptions.OMException: Unable to get file status: volume: volume28098 bucket: bucket02535 key: testBatchDelete/parent/child3
	at org.apache.hadoop.ozone.om.KeyManagerImpl.getOzoneFileStatus(KeyManagerImpl.java:1311) ~[ozone-manager-1.3.0-SNAPSHOT.jar:?]
	at org.apache.hadoop.ozone.om.KeyManagerImpl.getFileStatus(KeyManagerImpl.java:1241) ~[ozone-manager-1.3.0-SNAPSHOT.jar:?]
	at org.apache.hadoop.ozone.om.OzoneManager.getFileStatus(OzoneManager.java:3419) ~[ozone-manager-1.3.0-SNAPSHOT.jar:?]
	at org.apache.hadoop.ozone.protocolPB.OzoneManagerRequestHandler.getOzoneFileStatus(OzoneManagerRequestHandler.java:871) ~[ozone-manager-1.3.0-SNAPSHOT.jar:?]
	at org.apache.hadoop.ozone.protocolPB.OzoneManagerRequestHandler.handleReadRequest(OzoneManagerRequestHandler.java:217) ~[ozone-manager-1.3.0-SNAPSHOT.jar:?]
	at org.apache.hadoop.ozone.protocolPB.OzoneManagerProtocolServerSideTranslatorPB.submitReadRequestToOM(OzoneManagerProtocolServerSideTranslatorPB.java:226) ~[ozone-manager-1.3.0-SNAPSHOT.jar:?]
	at org.apache.hadoop.ozone.protocolPB.OzoneManagerProtocolServerSideTranslatorPB.processRequest(OzoneManagerProtocolServerSideTranslatorPB.java:175) ~[ozone-manager-1.3.0-SNAPSHOT.jar:?]
	at org.apache.hadoop.hdds.server.OzoneProtocolMessageDispatcher.processRequest(OzoneProtocolMessageDispatcher.java:87) [hdds-server-framework-1.3.0-SNAPSHOT.jar:?]
	at org.apache.hadoop.ozone.protocolPB.OzoneManagerProtocolServerSideTranslatorPB.submitRequest(OzoneManagerProtocolServerSideTranslatorPB.java:147) [ozone-manager-1.3.0-SNAPSHOT.jar:?]
	at org.apache.hadoop.ozone.protocol.proto.OzoneManagerProtocolProtos$OzoneManagerService$2.callBlockingMethod(OzoneManagerProtocolProtos.java) [ozone-interface-client-1.3.0-SNAPSHOT.jar:?]
	at org.apache.hadoop.ipc.ProtobufRpcEngine$Server.processCall(ProtobufRpcEngine.java:466) [hadoop-common-3.3.1.jar:?]
	at org.apache.hadoop.ipc.ProtobufRpcEngine2$Server$ProtoBufRpcInvoker.call(ProtobufRpcEngine2.java:574) [hadoop-common-3.3.1.jar:?]
	at org.apache.hadoop.ipc.ProtobufRpcEngine2$Server$ProtoBufRpcInvoker.call(ProtobufRpcEngine2.java:552) [hadoop-common-3.3.1.jar:?]
	at org.apache.hadoop.ipc.RPC$Server.call(RPC.java:1093) [hadoop-common-3.3.1.jar:?]
	at org.apache.hadoop.ipc.Server$RpcCall.run(Server.java:1035) [hadoop-common-3.3.1.jar:?]
	at org.apache.hadoop.ipc.Server$RpcCall.run(Server.java:963) [hadoop-common-3.3.1.jar:?]
	at java.security.AccessController.doPrivileged(Native Method) ~[?:1.8.0_332]
	at javax.security.auth.Subject.doAs(Subject.java:422) [?:1.8.0_332]
	at org.apache.hadoop.security.UserGroupInformation.doAs(UserGroupInformation.java:1878) [hadoop-common-3.3.1.jar:?]
	at org.apache.hadoop.ipc.Server$Handler.run(Server.java:2966) [hadoop-common-3.3.1.jar:?]
16:58:03.849 [IPC Server handler 12 on default port 40965] ERROR OMAudit - user=runner | ip=127.0.0.1 | op=GET_FILE_STATUS {volume=volume28098, bucket=bucket02535, key=testBatchDelete/parent/childFolder/child3, dataSize=0, replicationConfig=null} | ret=FAILURE
org.apache.hadoop.ozone.om.exceptions.OMException: Unable to get file status: volume: volume28098 bucket: bucket02535 key: testBatchDelete/parent/childFolder/child3
	at org.apache.hadoop.ozone.om.KeyManagerImpl.getOzoneFileStatus(KeyManagerImpl.java:1311) ~[ozone-manager-1.3.0-SNAPSHOT.jar:?]
	at org.apache.hadoop.ozone.om.KeyManagerImpl.getFileStatus(KeyManagerImpl.java:1241) ~[ozone-manager-1.3.0-SNAPSHOT.jar:?]
	at org.apache.hadoop.ozone.om.OzoneManager.getFileStatus(OzoneManager.java:3419) ~[ozone-manager-1.3.0-SNAPSHOT.jar:?]
	at org.apache.hadoop.ozone.protocolPB.OzoneManagerRequestHandler.getOzoneFileStatus(OzoneManagerRequestHandler.java:871) ~[ozone-manager-1.3.0-SNAPSHOT.jar:?]
	at org.apache.hadoop.ozone.protocolPB.OzoneManagerRequestHandler.handleReadRequest(OzoneManagerRequestHandler.java:217) ~[ozone-manager-1.3.0-SNAPSHOT.jar:?]
	at org.apache.hadoop.ozone.protocolPB.OzoneManagerProtocolServerSideTranslatorPB.submitReadRequestToOM(OzoneManagerProtocolServerSideTranslatorPB.java:226) ~[ozone-manager-1.3.0-SNAPSHOT.jar:?]
	at org.apache.hadoop.ozone.protocolPB.OzoneManagerProtocolServerSideTranslatorPB.processRequest(OzoneManagerProtocolServerSideTranslatorPB.java:175) ~[ozone-manager-1.3.0-SNAPSHOT.jar:?]
	at org.apache.hadoop.hdds.server.OzoneProtocolMessageDispatcher.processRequest(OzoneProtocolMessageDispatcher.java:87) [hdds-server-framework-1.3.0-SNAPSHOT.jar:?]
	at org.apache.hadoop.ozone.protocolPB.OzoneManagerProtocolServerSideTranslatorPB.submitRequest(OzoneManagerProtocolServerSideTranslatorPB.java:147) [ozone-manager-1.3.0-SNAPSHOT.jar:?]
	at org.apache.hadoop.ozone.protocol.proto.OzoneManagerProtocolProtos$OzoneManagerService$2.callBlockingMethod(OzoneManagerProtocolProtos.java) [ozone-interface-client-1.3.0-SNAPSHOT.jar:?]
	at org.apache.hadoop.ipc.ProtobufRpcEngine$Server.processCall(ProtobufRpcEngine.java:466) [hadoop-common-3.3.1.jar:?]
	at org.apache.hadoop.ipc.ProtobufRpcEngine2$Server$ProtoBufRpcInvoker.call(ProtobufRpcEngine2.java:574) [hadoop-common-3.3.1.jar:?]
	at org.apache.hadoop.ipc.ProtobufRpcEngine2$Server$ProtoBufRpcInvoker.call(ProtobufRpcEngine2.java:552) [hadoop-common-3.3.1.jar:?]
	at org.apache.hadoop.ipc.RPC$Server.call(RPC.java:1093) [hadoop-common-3.3.1.jar:?]
	at org.apache.hadoop.ipc.Server$RpcCall.run(Server.java:1035) [hadoop-common-3.3.1.jar:?]
	at org.apache.hadoop.ipc.Server$RpcCall.run(Server.java:963) [hadoop-common-3.3.1.jar:?]
	at java.security.AccessController.doPrivileged(Native Method) ~[?:1.8.0_332]
	at javax.security.auth.Subject.doAs(Subject.java:422) [?:1.8.0_332]
	at org.apache.hadoop.security.UserGroupInformation.doAs(UserGroupInformation.java:1878) [hadoop-common-3.3.1.jar:?]
	at org.apache.hadoop.ipc.Server$Handler.run(Server.java:2966) [hadoop-common-3.3.1.jar:?]
16:58:03.850 [IPC Server handler 14 on default port 40965] ERROR OMAudit - user=runner | ip=127.0.0.1 | op=GET_FILE_STATUS {volume=volume28098, bucket=bucket02535, key=testBatchDelete/parent/child4, dataSize=0, replicationConfig=null} | ret=FAILURE
org.apache.hadoop.ozone.om.exceptions.OMException: Unable to get file status: volume: volume28098 bucket: bucket02535 key: testBatchDelete/parent/child4
	at org.apache.hadoop.ozone.om.KeyManagerImpl.getOzoneFileStatus(KeyManagerImpl.java:1311) ~[ozone-manager-1.3.0-SNAPSHOT.jar:?]
	at org.apache.hadoop.ozone.om.KeyManagerImpl.getFileStatus(KeyManagerImpl.java:1241) ~[ozone-manager-1.3.0-SNAPSHOT.jar:?]
	at org.apache.hadoop.ozone.om.OzoneManager.getFileStatus(OzoneManager.java:3419) ~[ozone-manager-1.3.0-SNAPSHOT.jar:?]
	at org.apache.hadoop.ozone.protocolPB.OzoneManagerRequestHandler.getOzoneFileStatus(OzoneManagerRequestHandler.java:871) ~[ozone-manager-1.3.0-SNAPSHOT.jar:?]
	at org.apache.hadoop.ozone.protocolPB.OzoneManagerRequestHandler.handleReadRequest(OzoneManagerRequestHandler.java:217) ~[ozone-manager-1.3.0-SNAPSHOT.jar:?]
	at org.apache.hadoop.ozone.protocolPB.OzoneManagerProtocolServerSideTranslatorPB.submitReadRequestToOM(OzoneManagerProtocolServerSideTranslatorPB.java:226) ~[ozone-manager-1.3.0-SNAPSHOT.jar:?]
	at org.apache.hadoop.ozone.protocolPB.OzoneManagerProtocolServerSideTranslatorPB.processRequest(OzoneManagerProtocolServerSideTranslatorPB.java:175) ~[ozone-manager-1.3.0-SNAPSHOT.jar:?]
	at org.apache.hadoop.hdds.server.OzoneProtocolMessageDispatcher.processRequest(OzoneProtocolMessageDispatcher.java:87) [hdds-server-framework-1.3.0-SNAPSHOT.jar:?]
	at org.apache.hadoop.ozone.protocolPB.OzoneManagerProtocolServerSideTranslatorPB.submitRequest(OzoneManagerProtocolServerSideTranslatorPB.java:147) [ozone-manager-1.3.0-SNAPSHOT.jar:?]
	at org.apache.hadoop.ozone.protocol.proto.OzoneManagerProtocolProtos$OzoneManagerService$2.callBlockingMethod(OzoneManagerProtocolProtos.java) [ozone-interface-client-1.3.0-SNAPSHOT.jar:?]
	at org.apache.hadoop.ipc.ProtobufRpcEngine$Server.processCall(ProtobufRpcEngine.java:466) [hadoop-common-3.3.1.jar:?]
	at org.apache.hadoop.ipc.ProtobufRpcEngine2$Server$ProtoBufRpcInvoker.call(ProtobufRpcEngine2.java:574) [hadoop-common-3.3.1.jar:?]
	at org.apache.hadoop.ipc.ProtobufRpcEngine2$Server$ProtoBufRpcInvoker.call(ProtobufRpcEngine2.java:552) [hadoop-common-3.3.1.jar:?]
	at org.apache.hadoop.ipc.RPC$Server.call(RPC.java:1093) [hadoop-common-3.3.1.jar:?]
	at org.apache.hadoop.ipc.Server$RpcCall.run(Server.java:1035) [hadoop-common-3.3.1.jar:?]
	at org.apache.hadoop.ipc.Server$RpcCall.run(Server.java:963) [hadoop-common-3.3.1.jar:?]
	at java.security.AccessController.doPrivileged(Native Method) ~[?:1.8.0_332]
	at javax.security.auth.Subject.doAs(Subject.java:422) [?:1.8.0_332]
	at org.apache.hadoop.security.UserGroupInformation.doAs(UserGroupInformation.java:1878) [hadoop-common-3.3.1.jar:?]
	at org.apache.hadoop.ipc.Server$Handler.run(Server.java:2966) [hadoop-common-3.3.1.jar:?]
16:58:03.851 [IPC Server handler 15 on default port 40965] ERROR OMAudit - user=runner | ip=127.0.0.1 | op=GET_FILE_STATUS {volume=volume28098, bucket=bucket02535, key=testBatchDelete/parent/childFolder/child4, dataSize=0, replicationConfig=null} | ret=FAILURE
org.apache.hadoop.ozone.om.exceptions.OMException: Unable to get file status: volume: volume28098 bucket: bucket02535 key: testBatchDelete/parent/childFolder/child4
	at org.apache.hadoop.ozone.om.KeyManagerImpl.getOzoneFileStatus(KeyManagerImpl.java:1311) ~[ozone-manager-1.3.0-SNAPSHOT.jar:?]
	at org.apache.hadoop.ozone.om.KeyManagerImpl.getFileStatus(KeyManagerImpl.java:1241) ~[ozone-manager-1.3.0-SNAPSHOT.jar:?]
	at org.apache.hadoop.ozone.om.OzoneManager.getFileStatus(OzoneManager.java:3419) ~[ozone-manager-1.3.0-SNAPSHOT.jar:?]
	at org.apache.hadoop.ozone.protocolPB.OzoneManagerRequestHandler.getOzoneFileStatus(OzoneManagerRequestHandler.java:871) ~[ozone-manager-1.3.0-SNAPSHOT.jar:?]
	at org.apache.hadoop.ozone.protocolPB.OzoneManagerRequestHandler.handleReadRequest(OzoneManagerRequestHandler.java:217) ~[ozone-manager-1.3.0-SNAPSHOT.jar:?]
	at org.apache.hadoop.ozone.protocolPB.OzoneManagerProtocolServerSideTranslatorPB.submitReadRequestToOM(OzoneManagerProtocolServerSideTranslatorPB.java:226) ~[ozone-manager-1.3.0-SNAPSHOT.jar:?]
	at org.apache.hadoop.ozone.protocolPB.OzoneManagerProtocolServerSideTranslatorPB.processRequest(OzoneManagerProtocolServerSideTranslatorPB.java:175) ~[ozone-manager-1.3.0-SNAPSHOT.jar:?]
	at org.apache.hadoop.hdds.server.OzoneProtocolMessageDispatcher.processRequest(OzoneProtocolMessageDispatcher.java:87) [hdds-server-framework-1.3.0-SNAPSHOT.jar:?]
	at org.apache.hadoop.ozone.protocolPB.OzoneManagerProtocolServerSideTranslatorPB.submitRequest(OzoneManagerProtocolServerSideTranslatorPB.java:147) [ozone-manager-1.3.0-SNAPSHOT.jar:?]
	at org.apache.hadoop.ozone.protocol.proto.OzoneManagerProtocolProtos$OzoneManagerService$2.callBlockingMethod(OzoneManagerProtocolProtos.java) [ozone-interface-client-1.3.0-SNAPSHOT.jar:?]
	at org.apache.hadoop.ipc.ProtobufRpcEngine$Server.processCall(ProtobufRpcEngine.java:466) [hadoop-common-3.3.1.jar:?]
	at org.apache.hadoop.ipc.ProtobufRpcEngine2$Server$ProtoBufRpcInvoker.call(ProtobufRpcEngine2.java:574) [hadoop-common-3.3.1.jar:?]
	at org.apache.hadoop.ipc.ProtobufRpcEngine2$Server$ProtoBufRpcInvoker.call(ProtobufRpcEngine2.java:552) [hadoop-common-3.3.1.jar:?]
	at org.apache.hadoop.ipc.RPC$Server.call(RPC.java:1093) [hadoop-common-3.3.1.jar:?]
	at org.apache.hadoop.ipc.Server$RpcCall.run(Server.java:1035) [hadoop-common-3.3.1.jar:?]
	at org.apache.hadoop.ipc.Server$RpcCall.run(Server.java:963) [hadoop-common-3.3.1.jar:?]
	at java.security.AccessController.doPrivileged(Native Method) ~[?:1.8.0_332]
	at javax.security.auth.Subject.doAs(Subject.java:422) [?:1.8.0_332]
	at org.apache.hadoop.security.UserGroupInformation.doAs(UserGroupInformation.java:1878) [hadoop-common-3.3.1.jar:?]
	at org.apache.hadoop.ipc.Server$Handler.run(Server.java:2966) [hadoop-common-3.3.1.jar:?]
16:58:03.852 [IPC Server handler 3 on default port 40965] ERROR OMAudit - user=runner | ip=127.0.0.1 | op=GET_FILE_STATUS {volume=volume28098, bucket=bucket02535, key=testBatchDelete/parent/child5, dataSize=0, replicationConfig=null} | ret=FAILURE
org.apache.hadoop.ozone.om.exceptions.OMException: Unable to get file status: volume: volume28098 bucket: bucket02535 key: testBatchDelete/parent/child5
	at org.apache.hadoop.ozone.om.KeyManagerImpl.getOzoneFileStatus(KeyManagerImpl.java:1311) ~[ozone-manager-1.3.0-SNAPSHOT.jar:?]
	at org.apache.hadoop.ozone.om.KeyManagerImpl.getFileStatus(KeyManagerImpl.java:1241) ~[ozone-manager-1.3.0-SNAPSHOT.jar:?]
	at org.apache.hadoop.ozone.om.OzoneManager.getFileStatus(OzoneManager.java:3419) ~[ozone-manager-1.3.0-SNAPSHOT.jar:?]
	at org.apache.hadoop.ozone.protocolPB.OzoneManagerRequestHandler.getOzoneFileStatus(OzoneManagerRequestHandler.java:871) ~[ozone-manager-1.3.0-SNAPSHOT.jar:?]
	at org.apache.hadoop.ozone.protocolPB.OzoneManagerRequestHandler.handleReadRequest(OzoneManagerRequestHandler.java:217) ~[ozone-manager-1.3.0-SNAPSHOT.jar:?]
	at org.apache.hadoop.ozone.protocolPB.OzoneManagerProtocolServerSideTranslatorPB.submitReadRequestToOM(OzoneManagerProtocolServerSideTranslatorPB.java:226) ~[ozone-manager-1.3.0-SNAPSHOT.jar:?]
	at org.apache.hadoop.ozone.protocolPB.OzoneManagerProtocolServerSideTranslatorPB.processRequest(OzoneManagerProtocolServerSideTranslatorPB.java:175) ~[ozone-manager-1.3.0-SNAPSHOT.jar:?]
	at org.apache.hadoop.hdds.server.OzoneProtocolMessageDispatcher.processRequest(OzoneProtocolMessageDispatcher.java:87) [hdds-server-framework-1.3.0-SNAPSHOT.jar:?]
	at org.apache.hadoop.ozone.protocolPB.OzoneManagerProtocolServerSideTranslatorPB.submitRequest(OzoneManagerProtocolServerSideTranslatorPB.java:147) [ozone-manager-1.3.0-SNAPSHOT.jar:?]
	at org.apache.hadoop.ozone.protocol.proto.OzoneManagerProtocolProtos$OzoneManagerService$2.callBlockingMethod(OzoneManagerProtocolProtos.java) [ozone-interface-client-1.3.0-SNAPSHOT.jar:?]
	at org.apache.hadoop.ipc.ProtobufRpcEngine$Server.processCall(ProtobufRpcEngine.java:466) [hadoop-common-3.3.1.jar:?]
	at org.apache.hadoop.ipc.ProtobufRpcEngine2$Server$ProtoBufRpcInvoker.call(ProtobufRpcEngine2.java:574) [hadoop-common-3.3.1.jar:?]
	at org.apache.hadoop.ipc.ProtobufRpcEngine2$Server$ProtoBufRpcInvoker.call(ProtobufRpcEngine2.java:552) [hadoop-common-3.3.1.jar:?]
	at org.apache.hadoop.ipc.RPC$Server.call(RPC.java:1093) [hadoop-common-3.3.1.jar:?]
	at org.apache.hadoop.ipc.Server$RpcCall.run(Server.java:1035) [hadoop-common-3.3.1.jar:?]
	at org.apache.hadoop.ipc.Server$RpcCall.run(Server.java:963) [hadoop-common-3.3.1.jar:?]
	at java.security.AccessController.doPrivileged(Native Method) ~[?:1.8.0_332]
	at javax.security.auth.Subject.doAs(Subject.java:422) [?:1.8.0_332]
	at org.apache.hadoop.security.UserGroupInformation.doAs(UserGroupInformation.java:1878) [hadoop-common-3.3.1.jar:?]
	at org.apache.hadoop.ipc.Server$Handler.run(Server.java:2966) [hadoop-common-3.3.1.jar:?]
16:58:03.852 [IPC Server handler 19 on default port 40965] ERROR OMAudit - user=runner | ip=127.0.0.1 | op=GET_FILE_STATUS {volume=volume28098, bucket=bucket02535, key=testBatchDelete/parent/childFolder/child5, dataSize=0, replicationConfig=null} | ret=FAILURE
org.apache.hadoop.ozone.om.exceptions.OMException: Unable to get file status: volume: volume28098 bucket: bucket02535 key: testBatchDelete/parent/childFolder/child5
	at org.apache.hadoop.ozone.om.KeyManagerImpl.getOzoneFileStatus(KeyManagerImpl.java:1311) ~[ozone-manager-1.3.0-SNAPSHOT.jar:?]
	at org.apache.hadoop.ozone.om.KeyManagerImpl.getFileStatus(KeyManagerImpl.java:1241) ~[ozone-manager-1.3.0-SNAPSHOT.jar:?]
	at org.apache.hadoop.ozone.om.OzoneManager.getFileStatus(OzoneManager.java:3419) ~[ozone-manager-1.3.0-SNAPSHOT.jar:?]
	at org.apache.hadoop.ozone.protocolPB.OzoneManagerRequestHandler.getOzoneFileStatus(OzoneManagerRequestHandler.java:871) ~[ozone-manager-1.3.0-SNAPSHOT.jar:?]
	at org.apache.hadoop.ozone.protocolPB.OzoneManagerRequestHandler.handleReadRequest(OzoneManagerRequestHandler.java:217) ~[ozone-manager-1.3.0-SNAPSHOT.jar:?]
	at org.apache.hadoop.ozone.protocolPB.OzoneManagerProtocolServerSideTranslatorPB.submitReadRequestToOM(OzoneManagerProtocolServerSideTranslatorPB.java:226) ~[ozone-manager-1.3.0-SNAPSHOT.jar:?]
	at org.apache.hadoop.ozone.protocolPB.OzoneManagerProtocolServerSideTranslatorPB.processRequest(OzoneManagerProtocolServerSideTranslatorPB.java:175) ~[ozone-manager-1.3.0-SNAPSHOT.jar:?]
	at org.apache.hadoop.hdds.server.OzoneProtocolMessageDispatcher.processRequest(OzoneProtocolMessageDispatcher.java:87) [hdds-server-framework-1.3.0-SNAPSHOT.jar:?]
	at org.apache.hadoop.ozone.protocolPB.OzoneManagerProtocolServerSideTranslatorPB.submitRequest(OzoneManagerProtocolServerSideTranslatorPB.java:147) [ozone-manager-1.3.0-SNAPSHOT.jar:?]
	at org.apache.hadoop.ozone.protocol.proto.OzoneManagerProtocolProtos$OzoneManagerService$2.callBlockingMethod(OzoneManagerProtocolProtos.java) [ozone-interface-client-1.3.0-SNAPSHOT.jar:?]
	at org.apache.hadoop.ipc.ProtobufRpcEngine$Server.processCall(ProtobufRpcEngine.java:466) [hadoop-common-3.3.1.jar:?]
	at org.apache.hadoop.ipc.ProtobufRpcEngine2$Server$ProtoBufRpcInvoker.call(ProtobufRpcEngine2.java:574) [hadoop-common-3.3.1.jar:?]
	at org.apache.hadoop.ipc.ProtobufRpcEngine2$Server$ProtoBufRpcInvoker.call(ProtobufRpcEngine2.java:552) [hadoop-common-3.3.1.jar:?]
	at org.apache.hadoop.ipc.RPC$Server.call(RPC.java:1093) [hadoop-common-3.3.1.jar:?]
	at org.apache.hadoop.ipc.Server$RpcCall.run(Server.java:1035) [hadoop-common-3.3.1.jar:?]
	at org.apache.hadoop.ipc.Server$RpcCall.run(Server.java:963) [hadoop-common-3.3.1.jar:?]
	at java.security.AccessController.doPrivileged(Native Method) ~[?:1.8.0_332]
	at javax.security.auth.Subject.doAs(Subject.java:422) [?:1.8.0_332]
	at org.apache.hadoop.security.UserGroupInformation.doAs(UserGroupInformation.java:1878) [hadoop-common-3.3.1.jar:?]
	at org.apache.hadoop.ipc.Server$Handler.run(Server.java:2966) [hadoop-common-3.3.1.jar:?]
16:58:03.853 [IPC Server handler 8 on default port 40965] ERROR OMAudit - user=runner | ip=127.0.0.1 | op=GET_FILE_STATUS {volume=volume28098, bucket=bucket02535, key=testBatchDelete/parent/child6, dataSize=0, replicationConfig=null} | ret=FAILURE
org.apache.hadoop.ozone.om.exceptions.OMException: Unable to get file status: volume: volume28098 bucket: bucket02535 key: testBatchDelete/parent/child6
	at org.apache.hadoop.ozone.om.KeyManagerImpl.getOzoneFileStatus(KeyManagerImpl.java:1311) ~[ozone-manager-1.3.0-SNAPSHOT.jar:?]
	at org.apache.hadoop.ozone.om.KeyManagerImpl.getFileStatus(KeyManagerImpl.java:1241) ~[ozone-manager-1.3.0-SNAPSHOT.jar:?]
	at org.apache.hadoop.ozone.om.OzoneManager.getFileStatus(OzoneManager.java:3419) ~[ozone-manager-1.3.0-SNAPSHOT.jar:?]
	at org.apache.hadoop.ozone.protocolPB.OzoneManagerRequestHandler.getOzoneFileStatus(OzoneManagerRequestHandler.java:871) ~[ozone-manager-1.3.0-SNAPSHOT.jar:?]
	at org.apache.hadoop.ozone.protocolPB.OzoneManagerRequestHandler.handleReadRequest(OzoneManagerRequestHandler.java:217) ~[ozone-manager-1.3.0-SNAPSHOT.jar:?]
	at org.apache.hadoop.ozone.protocolPB.OzoneManagerProtocolServerSideTranslatorPB.submitReadRequestToOM(OzoneManagerProtocolServerSideTranslatorPB.java:226) ~[ozone-manager-1.3.0-SNAPSHOT.jar:?]
	at org.apache.hadoop.ozone.protocolPB.OzoneManagerProtocolServerSideTranslatorPB.processRequest(OzoneManagerProtocolServerSideTranslatorPB.java:175) ~[ozone-manager-1.3.0-SNAPSHOT.jar:?]
	at org.apache.hadoop.hdds.server.OzoneProtocolMessageDispatcher.processRequest(OzoneProtocolMessageDispatcher.java:87) [hdds-server-framework-1.3.0-SNAPSHOT.jar:?]
	at org.apache.hadoop.ozone.protocolPB.OzoneManagerProtocolServerSideTranslatorPB.submitRequest(OzoneManagerProtocolServerSideTranslatorPB.java:147) [ozone-manager-1.3.0-SNAPSHOT.jar:?]
	at org.apache.hadoop.ozone.protocol.proto.OzoneManagerProtocolProtos$OzoneManagerService$2.callBlockingMethod(OzoneManagerProtocolProtos.java) [ozone-interface-client-1.3.0-SNAPSHOT.jar:?]
	at org.apache.hadoop.ipc.ProtobufRpcEngine$Server.processCall(ProtobufRpcEngine.java:466) [hadoop-common-3.3.1.jar:?]
	at org.apache.hadoop.ipc.ProtobufRpcEngine2$Server$ProtoBufRpcInvoker.call(ProtobufRpcEngine2.java:574) [hadoop-common-3.3.1.jar:?]
	at org.apache.hadoop.ipc.ProtobufRpcEngine2$Server$ProtoBufRpcInvoker.call(ProtobufRpcEngine2.java:552) [hadoop-common-3.3.1.jar:?]
	at org.apache.hadoop.ipc.RPC$Server.call(RPC.java:1093) [hadoop-common-3.3.1.jar:?]
	at org.apache.hadoop.ipc.Server$RpcCall.run(Server.java:1035) [hadoop-common-3.3.1.jar:?]
	at org.apache.hadoop.ipc.Server$RpcCall.run(Server.java:963) [hadoop-common-3.3.1.jar:?]
	at java.security.AccessController.doPrivileged(Native Method) ~[?:1.8.0_332]
	at javax.security.auth.Subject.doAs(Subject.java:422) [?:1.8.0_332]
	at org.apache.hadoop.security.UserGroupInformation.doAs(UserGroupInformation.java:1878) [hadoop-common-3.3.1.jar:?]
	at org.apache.hadoop.ipc.Server$Handler.run(Server.java:2966) [hadoop-common-3.3.1.jar:?]
16:58:03.854 [IPC Server handler 6 on default port 40965] ERROR OMAudit - user=runner | ip=127.0.0.1 | op=GET_FILE_STATUS {volume=volume28098, bucket=bucket02535, key=testBatchDelete/parent/childFolder/child6, dataSize=0, replicationConfig=null} | ret=FAILURE
org.apache.hadoop.ozone.om.exceptions.OMException: Unable to get file status: volume: volume28098 bucket: bucket02535 key: testBatchDelete/parent/childFolder/child6
	at org.apache.hadoop.ozone.om.KeyManagerImpl.getOzoneFileStatus(KeyManagerImpl.java:1311) ~[ozone-manager-1.3.0-SNAPSHOT.jar:?]
	at org.apache.hadoop.ozone.om.KeyManagerImpl.getFileStatus(KeyManagerImpl.java:1241) ~[ozone-manager-1.3.0-SNAPSHOT.jar:?]
	at org.apache.hadoop.ozone.om.OzoneManager.getFileStatus(OzoneManager.java:3419) ~[ozone-manager-1.3.0-SNAPSHOT.jar:?]
	at org.apache.hadoop.ozone.protocolPB.OzoneManagerRequestHandler.getOzoneFileStatus(OzoneManagerRequestHandler.java:871) ~[ozone-manager-1.3.0-SNAPSHOT.jar:?]
	at org.apache.hadoop.ozone.protocolPB.OzoneManagerRequestHandler.handleReadRequest(OzoneManagerRequestHandler.java:217) ~[ozone-manager-1.3.0-SNAPSHOT.jar:?]
	at org.apache.hadoop.ozone.protocolPB.OzoneManagerProtocolServerSideTranslatorPB.submitReadRequestToOM(OzoneManagerProtocolServerSideTranslatorPB.java:226) ~[ozone-manager-1.3.0-SNAPSHOT.jar:?]
	at org.apache.hadoop.ozone.protocolPB.OzoneManagerProtocolServerSideTranslatorPB.processRequest(OzoneManagerProtocolServerSideTranslatorPB.java:175) ~[ozone-manager-1.3.0-SNAPSHOT.jar:?]
	at org.apache.hadoop.hdds.server.OzoneProtocolMessageDispatcher.processRequest(OzoneProtocolMessageDispatcher.java:87) [hdds-server-framework-1.3.0-SNAPSHOT.jar:?]
	at org.apache.hadoop.ozone.protocolPB.OzoneManagerProtocolServerSideTranslatorPB.submitRequest(OzoneManagerProtocolServerSideTranslatorPB.java:147) [ozone-manager-1.3.0-SNAPSHOT.jar:?]
	at org.apache.hadoop.ozone.protocol.proto.OzoneManagerProtocolProtos$OzoneManagerService$2.callBlockingMethod(OzoneManagerProtocolProtos.java) [ozone-interface-client-1.3.0-SNAPSHOT.jar:?]
	at org.apache.hadoop.ipc.ProtobufRpcEngine$Server.processCall(ProtobufRpcEngine.java:466) [hadoop-common-3.3.1.jar:?]
	at org.apache.hadoop.ipc.ProtobufRpcEngine2$Server$ProtoBufRpcInvoker.call(ProtobufRpcEngine2.java:574) [hadoop-common-3.3.1.jar:?]
	at org.apache.hadoop.ipc.ProtobufRpcEngine2$Server$ProtoBufRpcInvoker.call(ProtobufRpcEngine2.java:552) [hadoop-common-3.3.1.jar:?]
	at org.apache.hadoop.ipc.RPC$Server.call(RPC.java:1093) [hadoop-common-3.3.1.jar:?]
	at org.apache.hadoop.ipc.Server$RpcCall.run(Server.java:1035) [hadoop-common-3.3.1.jar:?]
	at org.apache.hadoop.ipc.Server$RpcCall.run(Server.java:963) [hadoop-common-3.3.1.jar:?]
	at java.security.AccessController.doPrivileged(Native Method) ~[?:1.8.0_332]
	at javax.security.auth.Subject.doAs(Subject.java:422) [?:1.8.0_332]
	at org.apache.hadoop.security.UserGroupInformation.doAs(UserGroupInformation.java:1878) [hadoop-common-3.3.1.jar:?]
	at org.apache.hadoop.ipc.Server$Handler.run(Server.java:2966) [hadoop-common-3.3.1.jar:?]
16:58:03.854 [IPC Server handler 2 on default port 40965] ERROR OMAudit - user=runner | ip=127.0.0.1 | op=GET_FILE_STATUS {volume=volume28098, bucket=bucket02535, key=testBatchDelete/parent/child7, dataSize=0, replicationConfig=null} | ret=FAILURE
org.apache.hadoop.ozone.om.exceptions.OMException: Unable to get file status: volume: volume28098 bucket: bucket02535 key: testBatchDelete/parent/child7
	at org.apache.hadoop.ozone.om.KeyManagerImpl.getOzoneFileStatus(KeyManagerImpl.java:1311) ~[ozone-manager-1.3.0-SNAPSHOT.jar:?]
	at org.apache.hadoop.ozone.om.KeyManagerImpl.getFileStatus(KeyManagerImpl.java:1241) ~[ozone-manager-1.3.0-SNAPSHOT.jar:?]
	at org.apache.hadoop.ozone.om.OzoneManager.getFileStatus(OzoneManager.java:3419) ~[ozone-manager-1.3.0-SNAPSHOT.jar:?]
	at org.apache.hadoop.ozone.protocolPB.OzoneManagerRequestHandler.getOzoneFileStatus(OzoneManagerRequestHandler.java:871) ~[ozone-manager-1.3.0-SNAPSHOT.jar:?]
	at org.apache.hadoop.ozone.protocolPB.OzoneManagerRequestHandler.handleReadRequest(OzoneManagerRequestHandler.java:217) ~[ozone-manager-1.3.0-SNAPSHOT.jar:?]
	at org.apache.hadoop.ozone.protocolPB.OzoneManagerProtocolServerSideTranslatorPB.submitReadRequestToOM(OzoneManagerProtocolServerSideTranslatorPB.java:226) ~[ozone-manager-1.3.0-SNAPSHOT.jar:?]
	at org.apache.hadoop.ozone.protocolPB.OzoneManagerProtocolServerSideTranslatorPB.processRequest(OzoneManagerProtocolServerSideTranslatorPB.java:175) ~[ozone-manager-1.3.0-SNAPSHOT.jar:?]
	at org.apache.hadoop.hdds.server.OzoneProtocolMessageDispatcher.processRequest(OzoneProtocolMessageDispatcher.java:87) [hdds-server-framework-1.3.0-SNAPSHOT.jar:?]
	at org.apache.hadoop.ozone.protocolPB.OzoneManagerProtocolServerSideTranslatorPB.submitRequest(OzoneManagerProtocolServerSideTranslatorPB.java:147) [ozone-manager-1.3.0-SNAPSHOT.jar:?]
	at org.apache.hadoop.ozone.protocol.proto.OzoneManagerProtocolProtos$OzoneManagerService$2.callBlockingMethod(OzoneManagerProtocolProtos.java) [ozone-interface-client-1.3.0-SNAPSHOT.jar:?]
	at org.apache.hadoop.ipc.ProtobufRpcEngine$Server.processCall(ProtobufRpcEngine.java:466) [hadoop-common-3.3.1.jar:?]
	at org.apache.hadoop.ipc.ProtobufRpcEngine2$Server$ProtoBufRpcInvoker.call(ProtobufRpcEngine2.java:574) [hadoop-common-3.3.1.jar:?]
	at org.apache.hadoop.ipc.ProtobufRpcEngine2$Server$ProtoBufRpcInvoker.call(ProtobufRpcEngine2.java:552) [hadoop-common-3.3.1.jar:?]
	at org.apache.hadoop.ipc.RPC$Server.call(RPC.java:1093) [hadoop-common-3.3.1.jar:?]
	at org.apache.hadoop.ipc.Server$RpcCall.run(Server.java:1035) [hadoop-common-3.3.1.jar:?]
	at org.apache.hadoop.ipc.Server$RpcCall.run(Server.java:963) [hadoop-common-3.3.1.jar:?]
	at java.security.AccessController.doPrivileged(Native Method) ~[?:1.8.0_332]
	at javax.security.auth.Subject.doAs(Subject.java:422) [?:1.8.0_332]
	at org.apache.hadoop.security.UserGroupInformation.doAs(UserGroupInformation.java:1878) [hadoop-common-3.3.1.jar:?]
	at org.apache.hadoop.ipc.Server$Handler.run(Server.java:2966) [hadoop-common-3.3.1.jar:?]
16:58:03.864 [IPC Server handler 1 on default port 40965] ERROR OMAudit - user=runner | ip=127.0.0.1 | op=GET_FILE_STATUS {volume=volume28098, bucket=bucket02535, key=testBatchDelete/parent/childFolder/child7, dataSize=0, replicationConfig=null} | ret=FAILURE
org.apache.hadoop.ozone.om.exceptions.OMException: Unable to get file status: volume: volume28098 bucket: bucket02535 key: testBatchDelete/parent/childFolder/child7
	at org.apache.hadoop.ozone.om.KeyManagerImpl.getOzoneFileStatus(KeyManagerImpl.java:1311) ~[ozone-manager-1.3.0-SNAPSHOT.jar:?]
	at org.apache.hadoop.ozone.om.KeyManagerImpl.getFileStatus(KeyManagerImpl.java:1241) ~[ozone-manager-1.3.0-SNAPSHOT.jar:?]
	at org.apache.hadoop.ozone.om.OzoneManager.getFileStatus(OzoneManager.java:3419) ~[ozone-manager-1.3.0-SNAPSHOT.jar:?]
	at org.apache.hadoop.ozone.protocolPB.OzoneManagerRequestHandler.getOzoneFileStatus(OzoneManagerRequestHandler.java:871) ~[ozone-manager-1.3.0-SNAPSHOT.jar:?]
	at org.apache.hadoop.ozone.protocolPB.OzoneManagerRequestHandler.handleReadRequest(OzoneManagerRequestHandler.java:217) ~[ozone-manager-1.3.0-SNAPSHOT.jar:?]
	at org.apache.hadoop.ozone.protocolPB.OzoneManagerProtocolServerSideTranslatorPB.submitReadRequestToOM(OzoneManagerProtocolServerSideTranslatorPB.java:226) ~[ozone-manager-1.3.0-SNAPSHOT.jar:?]
	at org.apache.hadoop.ozone.protocolPB.OzoneManagerProtocolServerSideTranslatorPB.processRequest(OzoneManagerProtocolServerSideTranslatorPB.java:175) ~[ozone-manager-1.3.0-SNAPSHOT.jar:?]
	at org.apache.hadoop.hdds.server.OzoneProtocolMessageDispatcher.processRequest(OzoneProtocolMessageDispatcher.java:87) [hdds-server-framework-1.3.0-SNAPSHOT.jar:?]
	at org.apache.hadoop.ozone.protocolPB.OzoneManagerProtocolServerSideTranslatorPB.submitRequest(OzoneManagerProtocolServerSideTranslatorPB.java:147) [ozone-manager-1.3.0-SNAPSHOT.jar:?]
	at org.apache.hadoop.ozone.protocol.proto.OzoneManagerProtocolProtos$OzoneManagerService$2.callBlockingMethod(OzoneManagerProtocolProtos.java) [ozone-interface-client-1.3.0-SNAPSHOT.jar:?]
	at org.apache.hadoop.ipc.ProtobufRpcEngine$Server.processCall(ProtobufRpcEngine.java:466) [hadoop-common-3.3.1.jar:?]
	at org.apache.hadoop.ipc.ProtobufRpcEngine2$Server$ProtoBufRpcInvoker.call(ProtobufRpcEngine2.java:574) [hadoop-common-3.3.1.jar:?]
	at org.apache.hadoop.ipc.ProtobufRpcEngine2$Server$ProtoBufRpcInvoker.call(ProtobufRpcEngine2.java:552) [hadoop-common-3.3.1.jar:?]
	at org.apache.hadoop.ipc.RPC$Server.call(RPC.java:1093) [hadoop-common-3.3.1.jar:?]
	at org.apache.hadoop.ipc.Server$RpcCall.run(Server.java:1035) [hadoop-common-3.3.1.jar:?]
	at org.apache.hadoop.ipc.Server$RpcCall.run(Server.java:963) [hadoop-common-3.3.1.jar:?]
	at java.security.AccessController.doPrivileged(Native Method) ~[?:1.8.0_332]
	at javax.security.auth.Subject.doAs(Subject.java:422) [?:1.8.0_332]
	at org.apache.hadoop.security.UserGroupInformation.doAs(UserGroupInformation.java:1878) [hadoop-common-3.3.1.jar:?]
	at org.apache.hadoop.ipc.Server$Handler.run(Server.java:2966) [hadoop-common-3.3.1.jar:?]
16:58:03.864 [IPC Server handler 9 on default port 40965] ERROR OMAudit - user=runner | ip=127.0.0.1 | op=GET_FILE_STATUS {volume=volume28098, bucket=bucket02535, key=testBatchDelete/parent, dataSize=0, replicationConfig=null} | ret=FAILURE
org.apache.hadoop.ozone.om.exceptions.OMException: Unable to get file status: volume: volume28098 bucket: bucket02535 key: testBatchDelete/parent
	at org.apache.hadoop.ozone.om.KeyManagerImpl.getOzoneFileStatus(KeyManagerImpl.java:1311) ~[ozone-manager-1.3.0-SNAPSHOT.jar:?]
	at org.apache.hadoop.ozone.om.KeyManagerImpl.getFileStatus(KeyManagerImpl.java:1241) ~[ozone-manager-1.3.0-SNAPSHOT.jar:?]
	at org.apache.hadoop.ozone.om.OzoneManager.getFileStatus(OzoneManager.java:3419) ~[ozone-manager-1.3.0-SNAPSHOT.jar:?]
	at org.apache.hadoop.ozone.protocolPB.OzoneManagerRequestHandler.getOzoneFileStatus(OzoneManagerRequestHandler.java:871) ~[ozone-manager-1.3.0-SNAPSHOT.jar:?]
	at org.apache.hadoop.ozone.protocolPB.OzoneManagerRequestHandler.handleReadRequest(OzoneManagerRequestHandler.java:217) ~[ozone-manager-1.3.0-SNAPSHOT.jar:?]
	at org.apache.hadoop.ozone.protocolPB.OzoneManagerProtocolServerSideTranslatorPB.submitReadRequestToOM(OzoneManagerProtocolServerSideTranslatorPB.java:226) ~[ozone-manager-1.3.0-SNAPSHOT.jar:?]
	at org.apache.hadoop.ozone.protocolPB.OzoneManagerProtocolServerSideTranslatorPB.processRequest(OzoneManagerProtocolServerSideTranslatorPB.java:175) ~[ozone-manager-1.3.0-SNAPSHOT.jar:?]
	at org.apache.hadoop.hdds.server.OzoneProtocolMessageDispatcher.processRequest(OzoneProtocolMessageDispatcher.java:87) [hdds-server-framework-1.3.0-SNAPSHOT.jar:?]
	at org.apache.hadoop.ozone.protocolPB.OzoneManagerProtocolServerSideTranslatorPB.submitRequest(OzoneManagerProtocolServerSideTranslatorPB.java:147) [ozone-manager-1.3.0-SNAPSHOT.jar:?]
	at org.apache.hadoop.ozone.protocol.proto.OzoneManagerProtocolProtos$OzoneManagerService$2.callBlockingMethod(OzoneManagerProtocolProtos.java) [ozone-interface-client-1.3.0-SNAPSHOT.jar:?]
	at org.apache.hadoop.ipc.ProtobufRpcEngine$Server.processCall(ProtobufRpcEngine.java:466) [hadoop-common-3.3.1.jar:?]
	at org.apache.hadoop.ipc.ProtobufRpcEngine2$Server$ProtoBufRpcInvoker.call(ProtobufRpcEngine2.java:574) [hadoop-common-3.3.1.jar:?]
	at org.apache.hadoop.ipc.ProtobufRpcEngine2$Server$ProtoBufRpcInvoker.call(ProtobufRpcEngine2.java:552) [hadoop-common-3.3.1.jar:?]
	at org.apache.hadoop.ipc.RPC$Server.call(RPC.java:1093) [hadoop-common-3.3.1.jar:?]
	at org.apache.hadoop.ipc.Server$RpcCall.run(Server.java:1035) [hadoop-common-3.3.1.jar:?]
	at org.apache.hadoop.ipc.Server$RpcCall.run(Server.java:963) [hadoop-common-3.3.1.jar:?]
	at java.security.AccessController.doPrivileged(Native Method) ~[?:1.8.0_332]
	at javax.security.auth.Subject.doAs(Subject.java:422) [?:1.8.0_332]
	at org.apache.hadoop.security.UserGroupInformation.doAs(UserGroupInformation.java:1878) [hadoop-common-3.3.1.jar:?]
	at org.apache.hadoop.ipc.Server$Handler.run(Server.java:2966) [hadoop-common-3.3.1.jar:?]
2022-06-27 16:58:03,865 [Time-limited test] WARN  ozone.BasicRootedOzoneFileSystem (BasicRootedOzoneFileSystem.java:delete(572)) - delete: Path does not exist: /volume28098/bucket02535/testBatchDelete/parent
]]></system-out>
  </testcase>
  <testcase name="testFileDelete" classname="TestRootedOzoneFileSystem" time="0.307">
    <system-out><![CDATA[2022-06-27 16:59:23,102 [Time-limited test] INFO  rpc.RpcClient (RpcClient.java:createVolume(466)) - Creating Volume: volume24946, with user61624 as owner and space quota set to -1 bytes, counts quota set to -1
2022-06-27 16:59:23,103 [IPC Server handler 13 on default port 35065] INFO  volume.OMVolumeCreateRequest (OMVolumeCreateRequest.java:validateAndUpdateCache(195)) - created volume:volume24946 for user:user61624
2022-06-27 16:59:23,105 [Time-limited test] INFO  rpc.RpcClient (RpcClient.java:createBucket(666)) - Creating Bucket: volume24946/bucket95024, with the Bucket Layout LEGACY, runner as owner, Versioning false, Storage Type set to DISK and Encryption set to false 
2022-06-27 16:59:23,107 [IPC Server handler 5 on default port 35065] INFO  bucket.OMBucketCreateRequest (OMBucketCreateRequest.java:validateAndUpdateCache(260)) - created bucket: bucket95024 of layout LEGACY in volume: volume24946
16:59:23.255 [IPC Server handler 19 on default port 35065] ERROR OMAudit - user=runner | ip=127.0.0.1 | op=GET_FILE_STATUS {volume=volume24946, bucket=bucket95024, key=testBatchDelete, dataSize=0, replicationConfig=null} | ret=FAILURE
org.apache.hadoop.ozone.om.exceptions.OMException: Unable to get file status: volume: volume24946 bucket: bucket95024 key: testBatchDelete
	at org.apache.hadoop.ozone.om.KeyManagerImpl.getOzoneFileStatus(KeyManagerImpl.java:1311) ~[ozone-manager-1.3.0-SNAPSHOT.jar:?]
	at org.apache.hadoop.ozone.om.KeyManagerImpl.getFileStatus(KeyManagerImpl.java:1241) ~[ozone-manager-1.3.0-SNAPSHOT.jar:?]
	at org.apache.hadoop.ozone.om.OzoneManager.getFileStatus(OzoneManager.java:3419) ~[ozone-manager-1.3.0-SNAPSHOT.jar:?]
	at org.apache.hadoop.ozone.protocolPB.OzoneManagerRequestHandler.getOzoneFileStatus(OzoneManagerRequestHandler.java:871) ~[ozone-manager-1.3.0-SNAPSHOT.jar:?]
	at org.apache.hadoop.ozone.protocolPB.OzoneManagerRequestHandler.handleReadRequest(OzoneManagerRequestHandler.java:217) ~[ozone-manager-1.3.0-SNAPSHOT.jar:?]
	at org.apache.hadoop.ozone.protocolPB.OzoneManagerProtocolServerSideTranslatorPB.submitRequestDirectlyToOM(OzoneManagerProtocolServerSideTranslatorPB.java:276) ~[ozone-manager-1.3.0-SNAPSHOT.jar:?]
	at org.apache.hadoop.ozone.protocolPB.OzoneManagerProtocolServerSideTranslatorPB.processRequest(OzoneManagerProtocolServerSideTranslatorPB.java:205) ~[ozone-manager-1.3.0-SNAPSHOT.jar:?]
	at org.apache.hadoop.hdds.server.OzoneProtocolMessageDispatcher.processRequest(OzoneProtocolMessageDispatcher.java:87) [hdds-server-framework-1.3.0-SNAPSHOT.jar:?]
	at org.apache.hadoop.ozone.protocolPB.OzoneManagerProtocolServerSideTranslatorPB.submitRequest(OzoneManagerProtocolServerSideTranslatorPB.java:147) [ozone-manager-1.3.0-SNAPSHOT.jar:?]
	at org.apache.hadoop.ozone.protocol.proto.OzoneManagerProtocolProtos$OzoneManagerService$2.callBlockingMethod(OzoneManagerProtocolProtos.java) [ozone-interface-client-1.3.0-SNAPSHOT.jar:?]
	at org.apache.hadoop.ipc.ProtobufRpcEngine$Server.processCall(ProtobufRpcEngine.java:466) [hadoop-common-3.3.1.jar:?]
	at org.apache.hadoop.ipc.ProtobufRpcEngine2$Server$ProtoBufRpcInvoker.call(ProtobufRpcEngine2.java:574) [hadoop-common-3.3.1.jar:?]
	at org.apache.hadoop.ipc.ProtobufRpcEngine2$Server$ProtoBufRpcInvoker.call(ProtobufRpcEngine2.java:552) [hadoop-common-3.3.1.jar:?]
	at org.apache.hadoop.ipc.RPC$Server.call(RPC.java:1093) [hadoop-common-3.3.1.jar:?]
	at org.apache.hadoop.ipc.Server$RpcCall.run(Server.java:1035) [hadoop-common-3.3.1.jar:?]
	at org.apache.hadoop.ipc.Server$RpcCall.run(Server.java:963) [hadoop-common-3.3.1.jar:?]
	at java.security.AccessController.doPrivileged(Native Method) ~[?:1.8.0_332]
	at javax.security.auth.Subject.doAs(Subject.java:422) [?:1.8.0_332]
	at org.apache.hadoop.security.UserGroupInformation.doAs(UserGroupInformation.java:1878) [hadoop-common-3.3.1.jar:?]
	at org.apache.hadoop.ipc.Server$Handler.run(Server.java:2966) [hadoop-common-3.3.1.jar:?]
16:59:23.256 [IPC Server handler 18 on default port 35065] ERROR OMAudit - user=runner | ip=127.0.0.1 | op=GET_FILE_STATUS {volume=volume24946, bucket=bucket95024, key=testBatchDelete/parent/child0, dataSize=0, replicationConfig=null} | ret=FAILURE
org.apache.hadoop.ozone.om.exceptions.OMException: Unable to get file status: volume: volume24946 bucket: bucket95024 key: testBatchDelete/parent/child0
	at org.apache.hadoop.ozone.om.KeyManagerImpl.getOzoneFileStatus(KeyManagerImpl.java:1311) ~[ozone-manager-1.3.0-SNAPSHOT.jar:?]
	at org.apache.hadoop.ozone.om.KeyManagerImpl.getFileStatus(KeyManagerImpl.java:1241) ~[ozone-manager-1.3.0-SNAPSHOT.jar:?]
	at org.apache.hadoop.ozone.om.OzoneManager.getFileStatus(OzoneManager.java:3419) ~[ozone-manager-1.3.0-SNAPSHOT.jar:?]
	at org.apache.hadoop.ozone.protocolPB.OzoneManagerRequestHandler.getOzoneFileStatus(OzoneManagerRequestHandler.java:871) ~[ozone-manager-1.3.0-SNAPSHOT.jar:?]
	at org.apache.hadoop.ozone.protocolPB.OzoneManagerRequestHandler.handleReadRequest(OzoneManagerRequestHandler.java:217) ~[ozone-manager-1.3.0-SNAPSHOT.jar:?]
	at org.apache.hadoop.ozone.protocolPB.OzoneManagerProtocolServerSideTranslatorPB.submitRequestDirectlyToOM(OzoneManagerProtocolServerSideTranslatorPB.java:276) ~[ozone-manager-1.3.0-SNAPSHOT.jar:?]
	at org.apache.hadoop.ozone.protocolPB.OzoneManagerProtocolServerSideTranslatorPB.processRequest(OzoneManagerProtocolServerSideTranslatorPB.java:205) ~[ozone-manager-1.3.0-SNAPSHOT.jar:?]
	at org.apache.hadoop.hdds.server.OzoneProtocolMessageDispatcher.processRequest(OzoneProtocolMessageDispatcher.java:87) [hdds-server-framework-1.3.0-SNAPSHOT.jar:?]
	at org.apache.hadoop.ozone.protocolPB.OzoneManagerProtocolServerSideTranslatorPB.submitRequest(OzoneManagerProtocolServerSideTranslatorPB.java:147) [ozone-manager-1.3.0-SNAPSHOT.jar:?]
	at org.apache.hadoop.ozone.protocol.proto.OzoneManagerProtocolProtos$OzoneManagerService$2.callBlockingMethod(OzoneManagerProtocolProtos.java) [ozone-interface-client-1.3.0-SNAPSHOT.jar:?]
	at org.apache.hadoop.ipc.ProtobufRpcEngine$Server.processCall(ProtobufRpcEngine.java:466) [hadoop-common-3.3.1.jar:?]
	at org.apache.hadoop.ipc.ProtobufRpcEngine2$Server$ProtoBufRpcInvoker.call(ProtobufRpcEngine2.java:574) [hadoop-common-3.3.1.jar:?]
	at org.apache.hadoop.ipc.ProtobufRpcEngine2$Server$ProtoBufRpcInvoker.call(ProtobufRpcEngine2.java:552) [hadoop-common-3.3.1.jar:?]
	at org.apache.hadoop.ipc.RPC$Server.call(RPC.java:1093) [hadoop-common-3.3.1.jar:?]
	at org.apache.hadoop.ipc.Server$RpcCall.run(Server.java:1035) [hadoop-common-3.3.1.jar:?]
	at org.apache.hadoop.ipc.Server$RpcCall.run(Server.java:963) [hadoop-common-3.3.1.jar:?]
	at java.security.AccessController.doPrivileged(Native Method) ~[?:1.8.0_332]
	at javax.security.auth.Subject.doAs(Subject.java:422) [?:1.8.0_332]
	at org.apache.hadoop.security.UserGroupInformation.doAs(UserGroupInformation.java:1878) [hadoop-common-3.3.1.jar:?]
	at org.apache.hadoop.ipc.Server$Handler.run(Server.java:2966) [hadoop-common-3.3.1.jar:?]
16:59:23.257 [IPC Server handler 15 on default port 35065] ERROR OMAudit - user=runner | ip=127.0.0.1 | op=GET_FILE_STATUS {volume=volume24946, bucket=bucket95024, key=testBatchDelete/parent/childFolder/child0, dataSize=0, replicationConfig=null} | ret=FAILURE
org.apache.hadoop.ozone.om.exceptions.OMException: Unable to get file status: volume: volume24946 bucket: bucket95024 key: testBatchDelete/parent/childFolder/child0
	at org.apache.hadoop.ozone.om.KeyManagerImpl.getOzoneFileStatus(KeyManagerImpl.java:1311) ~[ozone-manager-1.3.0-SNAPSHOT.jar:?]
	at org.apache.hadoop.ozone.om.KeyManagerImpl.getFileStatus(KeyManagerImpl.java:1241) ~[ozone-manager-1.3.0-SNAPSHOT.jar:?]
	at org.apache.hadoop.ozone.om.OzoneManager.getFileStatus(OzoneManager.java:3419) ~[ozone-manager-1.3.0-SNAPSHOT.jar:?]
	at org.apache.hadoop.ozone.protocolPB.OzoneManagerRequestHandler.getOzoneFileStatus(OzoneManagerRequestHandler.java:871) ~[ozone-manager-1.3.0-SNAPSHOT.jar:?]
	at org.apache.hadoop.ozone.protocolPB.OzoneManagerRequestHandler.handleReadRequest(OzoneManagerRequestHandler.java:217) ~[ozone-manager-1.3.0-SNAPSHOT.jar:?]
	at org.apache.hadoop.ozone.protocolPB.OzoneManagerProtocolServerSideTranslatorPB.submitRequestDirectlyToOM(OzoneManagerProtocolServerSideTranslatorPB.java:276) ~[ozone-manager-1.3.0-SNAPSHOT.jar:?]
	at org.apache.hadoop.ozone.protocolPB.OzoneManagerProtocolServerSideTranslatorPB.processRequest(OzoneManagerProtocolServerSideTranslatorPB.java:205) ~[ozone-manager-1.3.0-SNAPSHOT.jar:?]
	at org.apache.hadoop.hdds.server.OzoneProtocolMessageDispatcher.processRequest(OzoneProtocolMessageDispatcher.java:87) [hdds-server-framework-1.3.0-SNAPSHOT.jar:?]
	at org.apache.hadoop.ozone.protocolPB.OzoneManagerProtocolServerSideTranslatorPB.submitRequest(OzoneManagerProtocolServerSideTranslatorPB.java:147) [ozone-manager-1.3.0-SNAPSHOT.jar:?]
	at org.apache.hadoop.ozone.protocol.proto.OzoneManagerProtocolProtos$OzoneManagerService$2.callBlockingMethod(OzoneManagerProtocolProtos.java) [ozone-interface-client-1.3.0-SNAPSHOT.jar:?]
	at org.apache.hadoop.ipc.ProtobufRpcEngine$Server.processCall(ProtobufRpcEngine.java:466) [hadoop-common-3.3.1.jar:?]
	at org.apache.hadoop.ipc.ProtobufRpcEngine2$Server$ProtoBufRpcInvoker.call(ProtobufRpcEngine2.java:574) [hadoop-common-3.3.1.jar:?]
	at org.apache.hadoop.ipc.ProtobufRpcEngine2$Server$ProtoBufRpcInvoker.call(ProtobufRpcEngine2.java:552) [hadoop-common-3.3.1.jar:?]
	at org.apache.hadoop.ipc.RPC$Server.call(RPC.java:1093) [hadoop-common-3.3.1.jar:?]
	at org.apache.hadoop.ipc.Server$RpcCall.run(Server.java:1035) [hadoop-common-3.3.1.jar:?]
	at org.apache.hadoop.ipc.Server$RpcCall.run(Server.java:963) [hadoop-common-3.3.1.jar:?]
	at java.security.AccessController.doPrivileged(Native Method) ~[?:1.8.0_332]
	at javax.security.auth.Subject.doAs(Subject.java:422) [?:1.8.0_332]
	at org.apache.hadoop.security.UserGroupInformation.doAs(UserGroupInformation.java:1878) [hadoop-common-3.3.1.jar:?]
	at org.apache.hadoop.ipc.Server$Handler.run(Server.java:2966) [hadoop-common-3.3.1.jar:?]
16:59:23.258 [IPC Server handler 13 on default port 35065] ERROR OMAudit - user=runner | ip=127.0.0.1 | op=GET_FILE_STATUS {volume=volume24946, bucket=bucket95024, key=testBatchDelete/parent/child1, dataSize=0, replicationConfig=null} | ret=FAILURE
org.apache.hadoop.ozone.om.exceptions.OMException: Unable to get file status: volume: volume24946 bucket: bucket95024 key: testBatchDelete/parent/child1
	at org.apache.hadoop.ozone.om.KeyManagerImpl.getOzoneFileStatus(KeyManagerImpl.java:1311) ~[ozone-manager-1.3.0-SNAPSHOT.jar:?]
	at org.apache.hadoop.ozone.om.KeyManagerImpl.getFileStatus(KeyManagerImpl.java:1241) ~[ozone-manager-1.3.0-SNAPSHOT.jar:?]
	at org.apache.hadoop.ozone.om.OzoneManager.getFileStatus(OzoneManager.java:3419) ~[ozone-manager-1.3.0-SNAPSHOT.jar:?]
	at org.apache.hadoop.ozone.protocolPB.OzoneManagerRequestHandler.getOzoneFileStatus(OzoneManagerRequestHandler.java:871) ~[ozone-manager-1.3.0-SNAPSHOT.jar:?]
	at org.apache.hadoop.ozone.protocolPB.OzoneManagerRequestHandler.handleReadRequest(OzoneManagerRequestHandler.java:217) ~[ozone-manager-1.3.0-SNAPSHOT.jar:?]
	at org.apache.hadoop.ozone.protocolPB.OzoneManagerProtocolServerSideTranslatorPB.submitRequestDirectlyToOM(OzoneManagerProtocolServerSideTranslatorPB.java:276) ~[ozone-manager-1.3.0-SNAPSHOT.jar:?]
	at org.apache.hadoop.ozone.protocolPB.OzoneManagerProtocolServerSideTranslatorPB.processRequest(OzoneManagerProtocolServerSideTranslatorPB.java:205) ~[ozone-manager-1.3.0-SNAPSHOT.jar:?]
	at org.apache.hadoop.hdds.server.OzoneProtocolMessageDispatcher.processRequest(OzoneProtocolMessageDispatcher.java:87) [hdds-server-framework-1.3.0-SNAPSHOT.jar:?]
	at org.apache.hadoop.ozone.protocolPB.OzoneManagerProtocolServerSideTranslatorPB.submitRequest(OzoneManagerProtocolServerSideTranslatorPB.java:147) [ozone-manager-1.3.0-SNAPSHOT.jar:?]
	at org.apache.hadoop.ozone.protocol.proto.OzoneManagerProtocolProtos$OzoneManagerService$2.callBlockingMethod(OzoneManagerProtocolProtos.java) [ozone-interface-client-1.3.0-SNAPSHOT.jar:?]
	at org.apache.hadoop.ipc.ProtobufRpcEngine$Server.processCall(ProtobufRpcEngine.java:466) [hadoop-common-3.3.1.jar:?]
	at org.apache.hadoop.ipc.ProtobufRpcEngine2$Server$ProtoBufRpcInvoker.call(ProtobufRpcEngine2.java:574) [hadoop-common-3.3.1.jar:?]
	at org.apache.hadoop.ipc.ProtobufRpcEngine2$Server$ProtoBufRpcInvoker.call(ProtobufRpcEngine2.java:552) [hadoop-common-3.3.1.jar:?]
	at org.apache.hadoop.ipc.RPC$Server.call(RPC.java:1093) [hadoop-common-3.3.1.jar:?]
	at org.apache.hadoop.ipc.Server$RpcCall.run(Server.java:1035) [hadoop-common-3.3.1.jar:?]
	at org.apache.hadoop.ipc.Server$RpcCall.run(Server.java:963) [hadoop-common-3.3.1.jar:?]
	at java.security.AccessController.doPrivileged(Native Method) ~[?:1.8.0_332]
	at javax.security.auth.Subject.doAs(Subject.java:422) [?:1.8.0_332]
	at org.apache.hadoop.security.UserGroupInformation.doAs(UserGroupInformation.java:1878) [hadoop-common-3.3.1.jar:?]
	at org.apache.hadoop.ipc.Server$Handler.run(Server.java:2966) [hadoop-common-3.3.1.jar:?]
16:59:23.258 [IPC Server handler 5 on default port 35065] ERROR OMAudit - user=runner | ip=127.0.0.1 | op=GET_FILE_STATUS {volume=volume24946, bucket=bucket95024, key=testBatchDelete/parent/childFolder/child1, dataSize=0, replicationConfig=null} | ret=FAILURE
org.apache.hadoop.ozone.om.exceptions.OMException: Unable to get file status: volume: volume24946 bucket: bucket95024 key: testBatchDelete/parent/childFolder/child1
	at org.apache.hadoop.ozone.om.KeyManagerImpl.getOzoneFileStatus(KeyManagerImpl.java:1311) ~[ozone-manager-1.3.0-SNAPSHOT.jar:?]
	at org.apache.hadoop.ozone.om.KeyManagerImpl.getFileStatus(KeyManagerImpl.java:1241) ~[ozone-manager-1.3.0-SNAPSHOT.jar:?]
	at org.apache.hadoop.ozone.om.OzoneManager.getFileStatus(OzoneManager.java:3419) ~[ozone-manager-1.3.0-SNAPSHOT.jar:?]
	at org.apache.hadoop.ozone.protocolPB.OzoneManagerRequestHandler.getOzoneFileStatus(OzoneManagerRequestHandler.java:871) ~[ozone-manager-1.3.0-SNAPSHOT.jar:?]
	at org.apache.hadoop.ozone.protocolPB.OzoneManagerRequestHandler.handleReadRequest(OzoneManagerRequestHandler.java:217) ~[ozone-manager-1.3.0-SNAPSHOT.jar:?]
	at org.apache.hadoop.ozone.protocolPB.OzoneManagerProtocolServerSideTranslatorPB.submitRequestDirectlyToOM(OzoneManagerProtocolServerSideTranslatorPB.java:276) ~[ozone-manager-1.3.0-SNAPSHOT.jar:?]
	at org.apache.hadoop.ozone.protocolPB.OzoneManagerProtocolServerSideTranslatorPB.processRequest(OzoneManagerProtocolServerSideTranslatorPB.java:205) ~[ozone-manager-1.3.0-SNAPSHOT.jar:?]
	at org.apache.hadoop.hdds.server.OzoneProtocolMessageDispatcher.processRequest(OzoneProtocolMessageDispatcher.java:87) [hdds-server-framework-1.3.0-SNAPSHOT.jar:?]
	at org.apache.hadoop.ozone.protocolPB.OzoneManagerProtocolServerSideTranslatorPB.submitRequest(OzoneManagerProtocolServerSideTranslatorPB.java:147) [ozone-manager-1.3.0-SNAPSHOT.jar:?]
	at org.apache.hadoop.ozone.protocol.proto.OzoneManagerProtocolProtos$OzoneManagerService$2.callBlockingMethod(OzoneManagerProtocolProtos.java) [ozone-interface-client-1.3.0-SNAPSHOT.jar:?]
	at org.apache.hadoop.ipc.ProtobufRpcEngine$Server.processCall(ProtobufRpcEngine.java:466) [hadoop-common-3.3.1.jar:?]
	at org.apache.hadoop.ipc.ProtobufRpcEngine2$Server$ProtoBufRpcInvoker.call(ProtobufRpcEngine2.java:574) [hadoop-common-3.3.1.jar:?]
	at org.apache.hadoop.ipc.ProtobufRpcEngine2$Server$ProtoBufRpcInvoker.call(ProtobufRpcEngine2.java:552) [hadoop-common-3.3.1.jar:?]
	at org.apache.hadoop.ipc.RPC$Server.call(RPC.java:1093) [hadoop-common-3.3.1.jar:?]
	at org.apache.hadoop.ipc.Server$RpcCall.run(Server.java:1035) [hadoop-common-3.3.1.jar:?]
	at org.apache.hadoop.ipc.Server$RpcCall.run(Server.java:963) [hadoop-common-3.3.1.jar:?]
	at java.security.AccessController.doPrivileged(Native Method) ~[?:1.8.0_332]
	at javax.security.auth.Subject.doAs(Subject.java:422) [?:1.8.0_332]
	at org.apache.hadoop.security.UserGroupInformation.doAs(UserGroupInformation.java:1878) [hadoop-common-3.3.1.jar:?]
	at org.apache.hadoop.ipc.Server$Handler.run(Server.java:2966) [hadoop-common-3.3.1.jar:?]
16:59:23.259 [IPC Server handler 17 on default port 35065] ERROR OMAudit - user=runner | ip=127.0.0.1 | op=GET_FILE_STATUS {volume=volume24946, bucket=bucket95024, key=testBatchDelete/parent/child2, dataSize=0, replicationConfig=null} | ret=FAILURE
org.apache.hadoop.ozone.om.exceptions.OMException: Unable to get file status: volume: volume24946 bucket: bucket95024 key: testBatchDelete/parent/child2
	at org.apache.hadoop.ozone.om.KeyManagerImpl.getOzoneFileStatus(KeyManagerImpl.java:1311) ~[ozone-manager-1.3.0-SNAPSHOT.jar:?]
	at org.apache.hadoop.ozone.om.KeyManagerImpl.getFileStatus(KeyManagerImpl.java:1241) ~[ozone-manager-1.3.0-SNAPSHOT.jar:?]
	at org.apache.hadoop.ozone.om.OzoneManager.getFileStatus(OzoneManager.java:3419) ~[ozone-manager-1.3.0-SNAPSHOT.jar:?]
	at org.apache.hadoop.ozone.protocolPB.OzoneManagerRequestHandler.getOzoneFileStatus(OzoneManagerRequestHandler.java:871) ~[ozone-manager-1.3.0-SNAPSHOT.jar:?]
	at org.apache.hadoop.ozone.protocolPB.OzoneManagerRequestHandler.handleReadRequest(OzoneManagerRequestHandler.java:217) ~[ozone-manager-1.3.0-SNAPSHOT.jar:?]
	at org.apache.hadoop.ozone.protocolPB.OzoneManagerProtocolServerSideTranslatorPB.submitRequestDirectlyToOM(OzoneManagerProtocolServerSideTranslatorPB.java:276) ~[ozone-manager-1.3.0-SNAPSHOT.jar:?]
	at org.apache.hadoop.ozone.protocolPB.OzoneManagerProtocolServerSideTranslatorPB.processRequest(OzoneManagerProtocolServerSideTranslatorPB.java:205) ~[ozone-manager-1.3.0-SNAPSHOT.jar:?]
	at org.apache.hadoop.hdds.server.OzoneProtocolMessageDispatcher.processRequest(OzoneProtocolMessageDispatcher.java:87) [hdds-server-framework-1.3.0-SNAPSHOT.jar:?]
	at org.apache.hadoop.ozone.protocolPB.OzoneManagerProtocolServerSideTranslatorPB.submitRequest(OzoneManagerProtocolServerSideTranslatorPB.java:147) [ozone-manager-1.3.0-SNAPSHOT.jar:?]
	at org.apache.hadoop.ozone.protocol.proto.OzoneManagerProtocolProtos$OzoneManagerService$2.callBlockingMethod(OzoneManagerProtocolProtos.java) [ozone-interface-client-1.3.0-SNAPSHOT.jar:?]
	at org.apache.hadoop.ipc.ProtobufRpcEngine$Server.processCall(ProtobufRpcEngine.java:466) [hadoop-common-3.3.1.jar:?]
	at org.apache.hadoop.ipc.ProtobufRpcEngine2$Server$ProtoBufRpcInvoker.call(ProtobufRpcEngine2.java:574) [hadoop-common-3.3.1.jar:?]
	at org.apache.hadoop.ipc.ProtobufRpcEngine2$Server$ProtoBufRpcInvoker.call(ProtobufRpcEngine2.java:552) [hadoop-common-3.3.1.jar:?]
	at org.apache.hadoop.ipc.RPC$Server.call(RPC.java:1093) [hadoop-common-3.3.1.jar:?]
	at org.apache.hadoop.ipc.Server$RpcCall.run(Server.java:1035) [hadoop-common-3.3.1.jar:?]
	at org.apache.hadoop.ipc.Server$RpcCall.run(Server.java:963) [hadoop-common-3.3.1.jar:?]
	at java.security.AccessController.doPrivileged(Native Method) ~[?:1.8.0_332]
	at javax.security.auth.Subject.doAs(Subject.java:422) [?:1.8.0_332]
	at org.apache.hadoop.security.UserGroupInformation.doAs(UserGroupInformation.java:1878) [hadoop-common-3.3.1.jar:?]
	at org.apache.hadoop.ipc.Server$Handler.run(Server.java:2966) [hadoop-common-3.3.1.jar:?]
16:59:23.260 [IPC Server handler 7 on default port 35065] ERROR OMAudit - user=runner | ip=127.0.0.1 | op=GET_FILE_STATUS {volume=volume24946, bucket=bucket95024, key=testBatchDelete/parent/childFolder/child2, dataSize=0, replicationConfig=null} | ret=FAILURE
org.apache.hadoop.ozone.om.exceptions.OMException: Unable to get file status: volume: volume24946 bucket: bucket95024 key: testBatchDelete/parent/childFolder/child2
	at org.apache.hadoop.ozone.om.KeyManagerImpl.getOzoneFileStatus(KeyManagerImpl.java:1311) ~[ozone-manager-1.3.0-SNAPSHOT.jar:?]
	at org.apache.hadoop.ozone.om.KeyManagerImpl.getFileStatus(KeyManagerImpl.java:1241) ~[ozone-manager-1.3.0-SNAPSHOT.jar:?]
	at org.apache.hadoop.ozone.om.OzoneManager.getFileStatus(OzoneManager.java:3419) ~[ozone-manager-1.3.0-SNAPSHOT.jar:?]
	at org.apache.hadoop.ozone.protocolPB.OzoneManagerRequestHandler.getOzoneFileStatus(OzoneManagerRequestHandler.java:871) ~[ozone-manager-1.3.0-SNAPSHOT.jar:?]
	at org.apache.hadoop.ozone.protocolPB.OzoneManagerRequestHandler.handleReadRequest(OzoneManagerRequestHandler.java:217) ~[ozone-manager-1.3.0-SNAPSHOT.jar:?]
	at org.apache.hadoop.ozone.protocolPB.OzoneManagerProtocolServerSideTranslatorPB.submitRequestDirectlyToOM(OzoneManagerProtocolServerSideTranslatorPB.java:276) ~[ozone-manager-1.3.0-SNAPSHOT.jar:?]
	at org.apache.hadoop.ozone.protocolPB.OzoneManagerProtocolServerSideTranslatorPB.processRequest(OzoneManagerProtocolServerSideTranslatorPB.java:205) ~[ozone-manager-1.3.0-SNAPSHOT.jar:?]
	at org.apache.hadoop.hdds.server.OzoneProtocolMessageDispatcher.processRequest(OzoneProtocolMessageDispatcher.java:87) [hdds-server-framework-1.3.0-SNAPSHOT.jar:?]
	at org.apache.hadoop.ozone.protocolPB.OzoneManagerProtocolServerSideTranslatorPB.submitRequest(OzoneManagerProtocolServerSideTranslatorPB.java:147) [ozone-manager-1.3.0-SNAPSHOT.jar:?]
	at org.apache.hadoop.ozone.protocol.proto.OzoneManagerProtocolProtos$OzoneManagerService$2.callBlockingMethod(OzoneManagerProtocolProtos.java) [ozone-interface-client-1.3.0-SNAPSHOT.jar:?]
	at org.apache.hadoop.ipc.ProtobufRpcEngine$Server.processCall(ProtobufRpcEngine.java:466) [hadoop-common-3.3.1.jar:?]
	at org.apache.hadoop.ipc.ProtobufRpcEngine2$Server$ProtoBufRpcInvoker.call(ProtobufRpcEngine2.java:574) [hadoop-common-3.3.1.jar:?]
	at org.apache.hadoop.ipc.ProtobufRpcEngine2$Server$ProtoBufRpcInvoker.call(ProtobufRpcEngine2.java:552) [hadoop-common-3.3.1.jar:?]
	at org.apache.hadoop.ipc.RPC$Server.call(RPC.java:1093) [hadoop-common-3.3.1.jar:?]
	at org.apache.hadoop.ipc.Server$RpcCall.run(Server.java:1035) [hadoop-common-3.3.1.jar:?]
	at org.apache.hadoop.ipc.Server$RpcCall.run(Server.java:963) [hadoop-common-3.3.1.jar:?]
	at java.security.AccessController.doPrivileged(Native Method) ~[?:1.8.0_332]
	at javax.security.auth.Subject.doAs(Subject.java:422) [?:1.8.0_332]
	at org.apache.hadoop.security.UserGroupInformation.doAs(UserGroupInformation.java:1878) [hadoop-common-3.3.1.jar:?]
	at org.apache.hadoop.ipc.Server$Handler.run(Server.java:2966) [hadoop-common-3.3.1.jar:?]
16:59:23.261 [IPC Server handler 4 on default port 35065] ERROR OMAudit - user=runner | ip=127.0.0.1 | op=GET_FILE_STATUS {volume=volume24946, bucket=bucket95024, key=testBatchDelete/parent/child3, dataSize=0, replicationConfig=null} | ret=FAILURE
org.apache.hadoop.ozone.om.exceptions.OMException: Unable to get file status: volume: volume24946 bucket: bucket95024 key: testBatchDelete/parent/child3
	at org.apache.hadoop.ozone.om.KeyManagerImpl.getOzoneFileStatus(KeyManagerImpl.java:1311) ~[ozone-manager-1.3.0-SNAPSHOT.jar:?]
	at org.apache.hadoop.ozone.om.KeyManagerImpl.getFileStatus(KeyManagerImpl.java:1241) ~[ozone-manager-1.3.0-SNAPSHOT.jar:?]
	at org.apache.hadoop.ozone.om.OzoneManager.getFileStatus(OzoneManager.java:3419) ~[ozone-manager-1.3.0-SNAPSHOT.jar:?]
	at org.apache.hadoop.ozone.protocolPB.OzoneManagerRequestHandler.getOzoneFileStatus(OzoneManagerRequestHandler.java:871) ~[ozone-manager-1.3.0-SNAPSHOT.jar:?]
	at org.apache.hadoop.ozone.protocolPB.OzoneManagerRequestHandler.handleReadRequest(OzoneManagerRequestHandler.java:217) ~[ozone-manager-1.3.0-SNAPSHOT.jar:?]
	at org.apache.hadoop.ozone.protocolPB.OzoneManagerProtocolServerSideTranslatorPB.submitRequestDirectlyToOM(OzoneManagerProtocolServerSideTranslatorPB.java:276) ~[ozone-manager-1.3.0-SNAPSHOT.jar:?]
	at org.apache.hadoop.ozone.protocolPB.OzoneManagerProtocolServerSideTranslatorPB.processRequest(OzoneManagerProtocolServerSideTranslatorPB.java:205) ~[ozone-manager-1.3.0-SNAPSHOT.jar:?]
	at org.apache.hadoop.hdds.server.OzoneProtocolMessageDispatcher.processRequest(OzoneProtocolMessageDispatcher.java:87) [hdds-server-framework-1.3.0-SNAPSHOT.jar:?]
	at org.apache.hadoop.ozone.protocolPB.OzoneManagerProtocolServerSideTranslatorPB.submitRequest(OzoneManagerProtocolServerSideTranslatorPB.java:147) [ozone-manager-1.3.0-SNAPSHOT.jar:?]
	at org.apache.hadoop.ozone.protocol.proto.OzoneManagerProtocolProtos$OzoneManagerService$2.callBlockingMethod(OzoneManagerProtocolProtos.java) [ozone-interface-client-1.3.0-SNAPSHOT.jar:?]
	at org.apache.hadoop.ipc.ProtobufRpcEngine$Server.processCall(ProtobufRpcEngine.java:466) [hadoop-common-3.3.1.jar:?]
	at org.apache.hadoop.ipc.ProtobufRpcEngine2$Server$ProtoBufRpcInvoker.call(ProtobufRpcEngine2.java:574) [hadoop-common-3.3.1.jar:?]
	at org.apache.hadoop.ipc.ProtobufRpcEngine2$Server$ProtoBufRpcInvoker.call(ProtobufRpcEngine2.java:552) [hadoop-common-3.3.1.jar:?]
	at org.apache.hadoop.ipc.RPC$Server.call(RPC.java:1093) [hadoop-common-3.3.1.jar:?]
	at org.apache.hadoop.ipc.Server$RpcCall.run(Server.java:1035) [hadoop-common-3.3.1.jar:?]
	at org.apache.hadoop.ipc.Server$RpcCall.run(Server.java:963) [hadoop-common-3.3.1.jar:?]
	at java.security.AccessController.doPrivileged(Native Method) ~[?:1.8.0_332]
	at javax.security.auth.Subject.doAs(Subject.java:422) [?:1.8.0_332]
	at org.apache.hadoop.security.UserGroupInformation.doAs(UserGroupInformation.java:1878) [hadoop-common-3.3.1.jar:?]
	at org.apache.hadoop.ipc.Server$Handler.run(Server.java:2966) [hadoop-common-3.3.1.jar:?]
16:59:23.261 [IPC Server handler 2 on default port 35065] ERROR OMAudit - user=runner | ip=127.0.0.1 | op=GET_FILE_STATUS {volume=volume24946, bucket=bucket95024, key=testBatchDelete/parent/childFolder/child3, dataSize=0, replicationConfig=null} | ret=FAILURE
org.apache.hadoop.ozone.om.exceptions.OMException: Unable to get file status: volume: volume24946 bucket: bucket95024 key: testBatchDelete/parent/childFolder/child3
	at org.apache.hadoop.ozone.om.KeyManagerImpl.getOzoneFileStatus(KeyManagerImpl.java:1311) ~[ozone-manager-1.3.0-SNAPSHOT.jar:?]
	at org.apache.hadoop.ozone.om.KeyManagerImpl.getFileStatus(KeyManagerImpl.java:1241) ~[ozone-manager-1.3.0-SNAPSHOT.jar:?]
	at org.apache.hadoop.ozone.om.OzoneManager.getFileStatus(OzoneManager.java:3419) ~[ozone-manager-1.3.0-SNAPSHOT.jar:?]
	at org.apache.hadoop.ozone.protocolPB.OzoneManagerRequestHandler.getOzoneFileStatus(OzoneManagerRequestHandler.java:871) ~[ozone-manager-1.3.0-SNAPSHOT.jar:?]
	at org.apache.hadoop.ozone.protocolPB.OzoneManagerRequestHandler.handleReadRequest(OzoneManagerRequestHandler.java:217) ~[ozone-manager-1.3.0-SNAPSHOT.jar:?]
	at org.apache.hadoop.ozone.protocolPB.OzoneManagerProtocolServerSideTranslatorPB.submitRequestDirectlyToOM(OzoneManagerProtocolServerSideTranslatorPB.java:276) ~[ozone-manager-1.3.0-SNAPSHOT.jar:?]
	at org.apache.hadoop.ozone.protocolPB.OzoneManagerProtocolServerSideTranslatorPB.processRequest(OzoneManagerProtocolServerSideTranslatorPB.java:205) ~[ozone-manager-1.3.0-SNAPSHOT.jar:?]
	at org.apache.hadoop.hdds.server.OzoneProtocolMessageDispatcher.processRequest(OzoneProtocolMessageDispatcher.java:87) [hdds-server-framework-1.3.0-SNAPSHOT.jar:?]
	at org.apache.hadoop.ozone.protocolPB.OzoneManagerProtocolServerSideTranslatorPB.submitRequest(OzoneManagerProtocolServerSideTranslatorPB.java:147) [ozone-manager-1.3.0-SNAPSHOT.jar:?]
	at org.apache.hadoop.ozone.protocol.proto.OzoneManagerProtocolProtos$OzoneManagerService$2.callBlockingMethod(OzoneManagerProtocolProtos.java) [ozone-interface-client-1.3.0-SNAPSHOT.jar:?]
	at org.apache.hadoop.ipc.ProtobufRpcEngine$Server.processCall(ProtobufRpcEngine.java:466) [hadoop-common-3.3.1.jar:?]
	at org.apache.hadoop.ipc.ProtobufRpcEngine2$Server$ProtoBufRpcInvoker.call(ProtobufRpcEngine2.java:574) [hadoop-common-3.3.1.jar:?]
	at org.apache.hadoop.ipc.ProtobufRpcEngine2$Server$ProtoBufRpcInvoker.call(ProtobufRpcEngine2.java:552) [hadoop-common-3.3.1.jar:?]
	at org.apache.hadoop.ipc.RPC$Server.call(RPC.java:1093) [hadoop-common-3.3.1.jar:?]
	at org.apache.hadoop.ipc.Server$RpcCall.run(Server.java:1035) [hadoop-common-3.3.1.jar:?]
	at org.apache.hadoop.ipc.Server$RpcCall.run(Server.java:963) [hadoop-common-3.3.1.jar:?]
	at java.security.AccessController.doPrivileged(Native Method) ~[?:1.8.0_332]
	at javax.security.auth.Subject.doAs(Subject.java:422) [?:1.8.0_332]
	at org.apache.hadoop.security.UserGroupInformation.doAs(UserGroupInformation.java:1878) [hadoop-common-3.3.1.jar:?]
	at org.apache.hadoop.ipc.Server$Handler.run(Server.java:2966) [hadoop-common-3.3.1.jar:?]
16:59:23.262 [IPC Server handler 9 on default port 35065] ERROR OMAudit - user=runner | ip=127.0.0.1 | op=GET_FILE_STATUS {volume=volume24946, bucket=bucket95024, key=testBatchDelete/parent/child4, dataSize=0, replicationConfig=null} | ret=FAILURE
org.apache.hadoop.ozone.om.exceptions.OMException: Unable to get file status: volume: volume24946 bucket: bucket95024 key: testBatchDelete/parent/child4
	at org.apache.hadoop.ozone.om.KeyManagerImpl.getOzoneFileStatus(KeyManagerImpl.java:1311) ~[ozone-manager-1.3.0-SNAPSHOT.jar:?]
	at org.apache.hadoop.ozone.om.KeyManagerImpl.getFileStatus(KeyManagerImpl.java:1241) ~[ozone-manager-1.3.0-SNAPSHOT.jar:?]
	at org.apache.hadoop.ozone.om.OzoneManager.getFileStatus(OzoneManager.java:3419) ~[ozone-manager-1.3.0-SNAPSHOT.jar:?]
	at org.apache.hadoop.ozone.protocolPB.OzoneManagerRequestHandler.getOzoneFileStatus(OzoneManagerRequestHandler.java:871) ~[ozone-manager-1.3.0-SNAPSHOT.jar:?]
	at org.apache.hadoop.ozone.protocolPB.OzoneManagerRequestHandler.handleReadRequest(OzoneManagerRequestHandler.java:217) ~[ozone-manager-1.3.0-SNAPSHOT.jar:?]
	at org.apache.hadoop.ozone.protocolPB.OzoneManagerProtocolServerSideTranslatorPB.submitRequestDirectlyToOM(OzoneManagerProtocolServerSideTranslatorPB.java:276) ~[ozone-manager-1.3.0-SNAPSHOT.jar:?]
	at org.apache.hadoop.ozone.protocolPB.OzoneManagerProtocolServerSideTranslatorPB.processRequest(OzoneManagerProtocolServerSideTranslatorPB.java:205) ~[ozone-manager-1.3.0-SNAPSHOT.jar:?]
	at org.apache.hadoop.hdds.server.OzoneProtocolMessageDispatcher.processRequest(OzoneProtocolMessageDispatcher.java:87) [hdds-server-framework-1.3.0-SNAPSHOT.jar:?]
	at org.apache.hadoop.ozone.protocolPB.OzoneManagerProtocolServerSideTranslatorPB.submitRequest(OzoneManagerProtocolServerSideTranslatorPB.java:147) [ozone-manager-1.3.0-SNAPSHOT.jar:?]
	at org.apache.hadoop.ozone.protocol.proto.OzoneManagerProtocolProtos$OzoneManagerService$2.callBlockingMethod(OzoneManagerProtocolProtos.java) [ozone-interface-client-1.3.0-SNAPSHOT.jar:?]
	at org.apache.hadoop.ipc.ProtobufRpcEngine$Server.processCall(ProtobufRpcEngine.java:466) [hadoop-common-3.3.1.jar:?]
	at org.apache.hadoop.ipc.ProtobufRpcEngine2$Server$ProtoBufRpcInvoker.call(ProtobufRpcEngine2.java:574) [hadoop-common-3.3.1.jar:?]
	at org.apache.hadoop.ipc.ProtobufRpcEngine2$Server$ProtoBufRpcInvoker.call(ProtobufRpcEngine2.java:552) [hadoop-common-3.3.1.jar:?]
	at org.apache.hadoop.ipc.RPC$Server.call(RPC.java:1093) [hadoop-common-3.3.1.jar:?]
	at org.apache.hadoop.ipc.Server$RpcCall.run(Server.java:1035) [hadoop-common-3.3.1.jar:?]
	at org.apache.hadoop.ipc.Server$RpcCall.run(Server.java:963) [hadoop-common-3.3.1.jar:?]
	at java.security.AccessController.doPrivileged(Native Method) ~[?:1.8.0_332]
	at javax.security.auth.Subject.doAs(Subject.java:422) [?:1.8.0_332]
	at org.apache.hadoop.security.UserGroupInformation.doAs(UserGroupInformation.java:1878) [hadoop-common-3.3.1.jar:?]
	at org.apache.hadoop.ipc.Server$Handler.run(Server.java:2966) [hadoop-common-3.3.1.jar:?]
16:59:23.263 [IPC Server handler 19 on default port 35065] ERROR OMAudit - user=runner | ip=127.0.0.1 | op=GET_FILE_STATUS {volume=volume24946, bucket=bucket95024, key=testBatchDelete/parent/childFolder/child4, dataSize=0, replicationConfig=null} | ret=FAILURE
org.apache.hadoop.ozone.om.exceptions.OMException: Unable to get file status: volume: volume24946 bucket: bucket95024 key: testBatchDelete/parent/childFolder/child4
	at org.apache.hadoop.ozone.om.KeyManagerImpl.getOzoneFileStatus(KeyManagerImpl.java:1311) ~[ozone-manager-1.3.0-SNAPSHOT.jar:?]
	at org.apache.hadoop.ozone.om.KeyManagerImpl.getFileStatus(KeyManagerImpl.java:1241) ~[ozone-manager-1.3.0-SNAPSHOT.jar:?]
	at org.apache.hadoop.ozone.om.OzoneManager.getFileStatus(OzoneManager.java:3419) ~[ozone-manager-1.3.0-SNAPSHOT.jar:?]
	at org.apache.hadoop.ozone.protocolPB.OzoneManagerRequestHandler.getOzoneFileStatus(OzoneManagerRequestHandler.java:871) ~[ozone-manager-1.3.0-SNAPSHOT.jar:?]
	at org.apache.hadoop.ozone.protocolPB.OzoneManagerRequestHandler.handleReadRequest(OzoneManagerRequestHandler.java:217) ~[ozone-manager-1.3.0-SNAPSHOT.jar:?]
	at org.apache.hadoop.ozone.protocolPB.OzoneManagerProtocolServerSideTranslatorPB.submitRequestDirectlyToOM(OzoneManagerProtocolServerSideTranslatorPB.java:276) ~[ozone-manager-1.3.0-SNAPSHOT.jar:?]
	at org.apache.hadoop.ozone.protocolPB.OzoneManagerProtocolServerSideTranslatorPB.processRequest(OzoneManagerProtocolServerSideTranslatorPB.java:205) ~[ozone-manager-1.3.0-SNAPSHOT.jar:?]
	at org.apache.hadoop.hdds.server.OzoneProtocolMessageDispatcher.processRequest(OzoneProtocolMessageDispatcher.java:87) [hdds-server-framework-1.3.0-SNAPSHOT.jar:?]
	at org.apache.hadoop.ozone.protocolPB.OzoneManagerProtocolServerSideTranslatorPB.submitRequest(OzoneManagerProtocolServerSideTranslatorPB.java:147) [ozone-manager-1.3.0-SNAPSHOT.jar:?]
	at org.apache.hadoop.ozone.protocol.proto.OzoneManagerProtocolProtos$OzoneManagerService$2.callBlockingMethod(OzoneManagerProtocolProtos.java) [ozone-interface-client-1.3.0-SNAPSHOT.jar:?]
	at org.apache.hadoop.ipc.ProtobufRpcEngine$Server.processCall(ProtobufRpcEngine.java:466) [hadoop-common-3.3.1.jar:?]
	at org.apache.hadoop.ipc.ProtobufRpcEngine2$Server$ProtoBufRpcInvoker.call(ProtobufRpcEngine2.java:574) [hadoop-common-3.3.1.jar:?]
	at org.apache.hadoop.ipc.ProtobufRpcEngine2$Server$ProtoBufRpcInvoker.call(ProtobufRpcEngine2.java:552) [hadoop-common-3.3.1.jar:?]
	at org.apache.hadoop.ipc.RPC$Server.call(RPC.java:1093) [hadoop-common-3.3.1.jar:?]
	at org.apache.hadoop.ipc.Server$RpcCall.run(Server.java:1035) [hadoop-common-3.3.1.jar:?]
	at org.apache.hadoop.ipc.Server$RpcCall.run(Server.java:963) [hadoop-common-3.3.1.jar:?]
	at java.security.AccessController.doPrivileged(Native Method) ~[?:1.8.0_332]
	at javax.security.auth.Subject.doAs(Subject.java:422) [?:1.8.0_332]
	at org.apache.hadoop.security.UserGroupInformation.doAs(UserGroupInformation.java:1878) [hadoop-common-3.3.1.jar:?]
	at org.apache.hadoop.ipc.Server$Handler.run(Server.java:2966) [hadoop-common-3.3.1.jar:?]
16:59:23.264 [IPC Server handler 18 on default port 35065] ERROR OMAudit - user=runner | ip=127.0.0.1 | op=GET_FILE_STATUS {volume=volume24946, bucket=bucket95024, key=testBatchDelete/parent/child5, dataSize=0, replicationConfig=null} | ret=FAILURE
org.apache.hadoop.ozone.om.exceptions.OMException: Unable to get file status: volume: volume24946 bucket: bucket95024 key: testBatchDelete/parent/child5
	at org.apache.hadoop.ozone.om.KeyManagerImpl.getOzoneFileStatus(KeyManagerImpl.java:1311) ~[ozone-manager-1.3.0-SNAPSHOT.jar:?]
	at org.apache.hadoop.ozone.om.KeyManagerImpl.getFileStatus(KeyManagerImpl.java:1241) ~[ozone-manager-1.3.0-SNAPSHOT.jar:?]
	at org.apache.hadoop.ozone.om.OzoneManager.getFileStatus(OzoneManager.java:3419) ~[ozone-manager-1.3.0-SNAPSHOT.jar:?]
	at org.apache.hadoop.ozone.protocolPB.OzoneManagerRequestHandler.getOzoneFileStatus(OzoneManagerRequestHandler.java:871) ~[ozone-manager-1.3.0-SNAPSHOT.jar:?]
	at org.apache.hadoop.ozone.protocolPB.OzoneManagerRequestHandler.handleReadRequest(OzoneManagerRequestHandler.java:217) ~[ozone-manager-1.3.0-SNAPSHOT.jar:?]
	at org.apache.hadoop.ozone.protocolPB.OzoneManagerProtocolServerSideTranslatorPB.submitRequestDirectlyToOM(OzoneManagerProtocolServerSideTranslatorPB.java:276) ~[ozone-manager-1.3.0-SNAPSHOT.jar:?]
	at org.apache.hadoop.ozone.protocolPB.OzoneManagerProtocolServerSideTranslatorPB.processRequest(OzoneManagerProtocolServerSideTranslatorPB.java:205) ~[ozone-manager-1.3.0-SNAPSHOT.jar:?]
	at org.apache.hadoop.hdds.server.OzoneProtocolMessageDispatcher.processRequest(OzoneProtocolMessageDispatcher.java:87) [hdds-server-framework-1.3.0-SNAPSHOT.jar:?]
	at org.apache.hadoop.ozone.protocolPB.OzoneManagerProtocolServerSideTranslatorPB.submitRequest(OzoneManagerProtocolServerSideTranslatorPB.java:147) [ozone-manager-1.3.0-SNAPSHOT.jar:?]
	at org.apache.hadoop.ozone.protocol.proto.OzoneManagerProtocolProtos$OzoneManagerService$2.callBlockingMethod(OzoneManagerProtocolProtos.java) [ozone-interface-client-1.3.0-SNAPSHOT.jar:?]
	at org.apache.hadoop.ipc.ProtobufRpcEngine$Server.processCall(ProtobufRpcEngine.java:466) [hadoop-common-3.3.1.jar:?]
	at org.apache.hadoop.ipc.ProtobufRpcEngine2$Server$ProtoBufRpcInvoker.call(ProtobufRpcEngine2.java:574) [hadoop-common-3.3.1.jar:?]
	at org.apache.hadoop.ipc.ProtobufRpcEngine2$Server$ProtoBufRpcInvoker.call(ProtobufRpcEngine2.java:552) [hadoop-common-3.3.1.jar:?]
	at org.apache.hadoop.ipc.RPC$Server.call(RPC.java:1093) [hadoop-common-3.3.1.jar:?]
	at org.apache.hadoop.ipc.Server$RpcCall.run(Server.java:1035) [hadoop-common-3.3.1.jar:?]
	at org.apache.hadoop.ipc.Server$RpcCall.run(Server.java:963) [hadoop-common-3.3.1.jar:?]
	at java.security.AccessController.doPrivileged(Native Method) ~[?:1.8.0_332]
	at javax.security.auth.Subject.doAs(Subject.java:422) [?:1.8.0_332]
	at org.apache.hadoop.security.UserGroupInformation.doAs(UserGroupInformation.java:1878) [hadoop-common-3.3.1.jar:?]
	at org.apache.hadoop.ipc.Server$Handler.run(Server.java:2966) [hadoop-common-3.3.1.jar:?]
16:59:23.264 [IPC Server handler 15 on default port 35065] ERROR OMAudit - user=runner | ip=127.0.0.1 | op=GET_FILE_STATUS {volume=volume24946, bucket=bucket95024, key=testBatchDelete/parent/childFolder/child5, dataSize=0, replicationConfig=null} | ret=FAILURE
org.apache.hadoop.ozone.om.exceptions.OMException: Unable to get file status: volume: volume24946 bucket: bucket95024 key: testBatchDelete/parent/childFolder/child5
	at org.apache.hadoop.ozone.om.KeyManagerImpl.getOzoneFileStatus(KeyManagerImpl.java:1311) ~[ozone-manager-1.3.0-SNAPSHOT.jar:?]
	at org.apache.hadoop.ozone.om.KeyManagerImpl.getFileStatus(KeyManagerImpl.java:1241) ~[ozone-manager-1.3.0-SNAPSHOT.jar:?]
	at org.apache.hadoop.ozone.om.OzoneManager.getFileStatus(OzoneManager.java:3419) ~[ozone-manager-1.3.0-SNAPSHOT.jar:?]
	at org.apache.hadoop.ozone.protocolPB.OzoneManagerRequestHandler.getOzoneFileStatus(OzoneManagerRequestHandler.java:871) ~[ozone-manager-1.3.0-SNAPSHOT.jar:?]
	at org.apache.hadoop.ozone.protocolPB.OzoneManagerRequestHandler.handleReadRequest(OzoneManagerRequestHandler.java:217) ~[ozone-manager-1.3.0-SNAPSHOT.jar:?]
	at org.apache.hadoop.ozone.protocolPB.OzoneManagerProtocolServerSideTranslatorPB.submitRequestDirectlyToOM(OzoneManagerProtocolServerSideTranslatorPB.java:276) ~[ozone-manager-1.3.0-SNAPSHOT.jar:?]
	at org.apache.hadoop.ozone.protocolPB.OzoneManagerProtocolServerSideTranslatorPB.processRequest(OzoneManagerProtocolServerSideTranslatorPB.java:205) ~[ozone-manager-1.3.0-SNAPSHOT.jar:?]
	at org.apache.hadoop.hdds.server.OzoneProtocolMessageDispatcher.processRequest(OzoneProtocolMessageDispatcher.java:87) [hdds-server-framework-1.3.0-SNAPSHOT.jar:?]
	at org.apache.hadoop.ozone.protocolPB.OzoneManagerProtocolServerSideTranslatorPB.submitRequest(OzoneManagerProtocolServerSideTranslatorPB.java:147) [ozone-manager-1.3.0-SNAPSHOT.jar:?]
	at org.apache.hadoop.ozone.protocol.proto.OzoneManagerProtocolProtos$OzoneManagerService$2.callBlockingMethod(OzoneManagerProtocolProtos.java) [ozone-interface-client-1.3.0-SNAPSHOT.jar:?]
	at org.apache.hadoop.ipc.ProtobufRpcEngine$Server.processCall(ProtobufRpcEngine.java:466) [hadoop-common-3.3.1.jar:?]
	at org.apache.hadoop.ipc.ProtobufRpcEngine2$Server$ProtoBufRpcInvoker.call(ProtobufRpcEngine2.java:574) [hadoop-common-3.3.1.jar:?]
	at org.apache.hadoop.ipc.ProtobufRpcEngine2$Server$ProtoBufRpcInvoker.call(ProtobufRpcEngine2.java:552) [hadoop-common-3.3.1.jar:?]
	at org.apache.hadoop.ipc.RPC$Server.call(RPC.java:1093) [hadoop-common-3.3.1.jar:?]
	at org.apache.hadoop.ipc.Server$RpcCall.run(Server.java:1035) [hadoop-common-3.3.1.jar:?]
	at org.apache.hadoop.ipc.Server$RpcCall.run(Server.java:963) [hadoop-common-3.3.1.jar:?]
	at java.security.AccessController.doPrivileged(Native Method) ~[?:1.8.0_332]
	at javax.security.auth.Subject.doAs(Subject.java:422) [?:1.8.0_332]
	at org.apache.hadoop.security.UserGroupInformation.doAs(UserGroupInformation.java:1878) [hadoop-common-3.3.1.jar:?]
	at org.apache.hadoop.ipc.Server$Handler.run(Server.java:2966) [hadoop-common-3.3.1.jar:?]
16:59:23.265 [IPC Server handler 13 on default port 35065] ERROR OMAudit - user=runner | ip=127.0.0.1 | op=GET_FILE_STATUS {volume=volume24946, bucket=bucket95024, key=testBatchDelete/parent/child6, dataSize=0, replicationConfig=null} | ret=FAILURE
org.apache.hadoop.ozone.om.exceptions.OMException: Unable to get file status: volume: volume24946 bucket: bucket95024 key: testBatchDelete/parent/child6
	at org.apache.hadoop.ozone.om.KeyManagerImpl.getOzoneFileStatus(KeyManagerImpl.java:1311) ~[ozone-manager-1.3.0-SNAPSHOT.jar:?]
	at org.apache.hadoop.ozone.om.KeyManagerImpl.getFileStatus(KeyManagerImpl.java:1241) ~[ozone-manager-1.3.0-SNAPSHOT.jar:?]
	at org.apache.hadoop.ozone.om.OzoneManager.getFileStatus(OzoneManager.java:3419) ~[ozone-manager-1.3.0-SNAPSHOT.jar:?]
	at org.apache.hadoop.ozone.protocolPB.OzoneManagerRequestHandler.getOzoneFileStatus(OzoneManagerRequestHandler.java:871) ~[ozone-manager-1.3.0-SNAPSHOT.jar:?]
	at org.apache.hadoop.ozone.protocolPB.OzoneManagerRequestHandler.handleReadRequest(OzoneManagerRequestHandler.java:217) ~[ozone-manager-1.3.0-SNAPSHOT.jar:?]
	at org.apache.hadoop.ozone.protocolPB.OzoneManagerProtocolServerSideTranslatorPB.submitRequestDirectlyToOM(OzoneManagerProtocolServerSideTranslatorPB.java:276) ~[ozone-manager-1.3.0-SNAPSHOT.jar:?]
	at org.apache.hadoop.ozone.protocolPB.OzoneManagerProtocolServerSideTranslatorPB.processRequest(OzoneManagerProtocolServerSideTranslatorPB.java:205) ~[ozone-manager-1.3.0-SNAPSHOT.jar:?]
	at org.apache.hadoop.hdds.server.OzoneProtocolMessageDispatcher.processRequest(OzoneProtocolMessageDispatcher.java:87) [hdds-server-framework-1.3.0-SNAPSHOT.jar:?]
	at org.apache.hadoop.ozone.protocolPB.OzoneManagerProtocolServerSideTranslatorPB.submitRequest(OzoneManagerProtocolServerSideTranslatorPB.java:147) [ozone-manager-1.3.0-SNAPSHOT.jar:?]
	at org.apache.hadoop.ozone.protocol.proto.OzoneManagerProtocolProtos$OzoneManagerService$2.callBlockingMethod(OzoneManagerProtocolProtos.java) [ozone-interface-client-1.3.0-SNAPSHOT.jar:?]
	at org.apache.hadoop.ipc.ProtobufRpcEngine$Server.processCall(ProtobufRpcEngine.java:466) [hadoop-common-3.3.1.jar:?]
	at org.apache.hadoop.ipc.ProtobufRpcEngine2$Server$ProtoBufRpcInvoker.call(ProtobufRpcEngine2.java:574) [hadoop-common-3.3.1.jar:?]
	at org.apache.hadoop.ipc.ProtobufRpcEngine2$Server$ProtoBufRpcInvoker.call(ProtobufRpcEngine2.java:552) [hadoop-common-3.3.1.jar:?]
	at org.apache.hadoop.ipc.RPC$Server.call(RPC.java:1093) [hadoop-common-3.3.1.jar:?]
	at org.apache.hadoop.ipc.Server$RpcCall.run(Server.java:1035) [hadoop-common-3.3.1.jar:?]
	at org.apache.hadoop.ipc.Server$RpcCall.run(Server.java:963) [hadoop-common-3.3.1.jar:?]
	at java.security.AccessController.doPrivileged(Native Method) ~[?:1.8.0_332]
	at javax.security.auth.Subject.doAs(Subject.java:422) [?:1.8.0_332]
	at org.apache.hadoop.security.UserGroupInformation.doAs(UserGroupInformation.java:1878) [hadoop-common-3.3.1.jar:?]
	at org.apache.hadoop.ipc.Server$Handler.run(Server.java:2966) [hadoop-common-3.3.1.jar:?]
16:59:23.266 [IPC Server handler 5 on default port 35065] ERROR OMAudit - user=runner | ip=127.0.0.1 | op=GET_FILE_STATUS {volume=volume24946, bucket=bucket95024, key=testBatchDelete/parent/childFolder/child6, dataSize=0, replicationConfig=null} | ret=FAILURE
org.apache.hadoop.ozone.om.exceptions.OMException: Unable to get file status: volume: volume24946 bucket: bucket95024 key: testBatchDelete/parent/childFolder/child6
	at org.apache.hadoop.ozone.om.KeyManagerImpl.getOzoneFileStatus(KeyManagerImpl.java:1311) ~[ozone-manager-1.3.0-SNAPSHOT.jar:?]
	at org.apache.hadoop.ozone.om.KeyManagerImpl.getFileStatus(KeyManagerImpl.java:1241) ~[ozone-manager-1.3.0-SNAPSHOT.jar:?]
	at org.apache.hadoop.ozone.om.OzoneManager.getFileStatus(OzoneManager.java:3419) ~[ozone-manager-1.3.0-SNAPSHOT.jar:?]
	at org.apache.hadoop.ozone.protocolPB.OzoneManagerRequestHandler.getOzoneFileStatus(OzoneManagerRequestHandler.java:871) ~[ozone-manager-1.3.0-SNAPSHOT.jar:?]
	at org.apache.hadoop.ozone.protocolPB.OzoneManagerRequestHandler.handleReadRequest(OzoneManagerRequestHandler.java:217) ~[ozone-manager-1.3.0-SNAPSHOT.jar:?]
	at org.apache.hadoop.ozone.protocolPB.OzoneManagerProtocolServerSideTranslatorPB.submitRequestDirectlyToOM(OzoneManagerProtocolServerSideTranslatorPB.java:276) ~[ozone-manager-1.3.0-SNAPSHOT.jar:?]
	at org.apache.hadoop.ozone.protocolPB.OzoneManagerProtocolServerSideTranslatorPB.processRequest(OzoneManagerProtocolServerSideTranslatorPB.java:205) ~[ozone-manager-1.3.0-SNAPSHOT.jar:?]
	at org.apache.hadoop.hdds.server.OzoneProtocolMessageDispatcher.processRequest(OzoneProtocolMessageDispatcher.java:87) [hdds-server-framework-1.3.0-SNAPSHOT.jar:?]
	at org.apache.hadoop.ozone.protocolPB.OzoneManagerProtocolServerSideTranslatorPB.submitRequest(OzoneManagerProtocolServerSideTranslatorPB.java:147) [ozone-manager-1.3.0-SNAPSHOT.jar:?]
	at org.apache.hadoop.ozone.protocol.proto.OzoneManagerProtocolProtos$OzoneManagerService$2.callBlockingMethod(OzoneManagerProtocolProtos.java) [ozone-interface-client-1.3.0-SNAPSHOT.jar:?]
	at org.apache.hadoop.ipc.ProtobufRpcEngine$Server.processCall(ProtobufRpcEngine.java:466) [hadoop-common-3.3.1.jar:?]
	at org.apache.hadoop.ipc.ProtobufRpcEngine2$Server$ProtoBufRpcInvoker.call(ProtobufRpcEngine2.java:574) [hadoop-common-3.3.1.jar:?]
	at org.apache.hadoop.ipc.ProtobufRpcEngine2$Server$ProtoBufRpcInvoker.call(ProtobufRpcEngine2.java:552) [hadoop-common-3.3.1.jar:?]
	at org.apache.hadoop.ipc.RPC$Server.call(RPC.java:1093) [hadoop-common-3.3.1.jar:?]
	at org.apache.hadoop.ipc.Server$RpcCall.run(Server.java:1035) [hadoop-common-3.3.1.jar:?]
	at org.apache.hadoop.ipc.Server$RpcCall.run(Server.java:963) [hadoop-common-3.3.1.jar:?]
	at java.security.AccessController.doPrivileged(Native Method) ~[?:1.8.0_332]
	at javax.security.auth.Subject.doAs(Subject.java:422) [?:1.8.0_332]
	at org.apache.hadoop.security.UserGroupInformation.doAs(UserGroupInformation.java:1878) [hadoop-common-3.3.1.jar:?]
	at org.apache.hadoop.ipc.Server$Handler.run(Server.java:2966) [hadoop-common-3.3.1.jar:?]
16:59:23.267 [IPC Server handler 17 on default port 35065] ERROR OMAudit - user=runner | ip=127.0.0.1 | op=GET_FILE_STATUS {volume=volume24946, bucket=bucket95024, key=testBatchDelete/parent/child7, dataSize=0, replicationConfig=null} | ret=FAILURE
org.apache.hadoop.ozone.om.exceptions.OMException: Unable to get file status: volume: volume24946 bucket: bucket95024 key: testBatchDelete/parent/child7
	at org.apache.hadoop.ozone.om.KeyManagerImpl.getOzoneFileStatus(KeyManagerImpl.java:1311) ~[ozone-manager-1.3.0-SNAPSHOT.jar:?]
	at org.apache.hadoop.ozone.om.KeyManagerImpl.getFileStatus(KeyManagerImpl.java:1241) ~[ozone-manager-1.3.0-SNAPSHOT.jar:?]
	at org.apache.hadoop.ozone.om.OzoneManager.getFileStatus(OzoneManager.java:3419) ~[ozone-manager-1.3.0-SNAPSHOT.jar:?]
	at org.apache.hadoop.ozone.protocolPB.OzoneManagerRequestHandler.getOzoneFileStatus(OzoneManagerRequestHandler.java:871) ~[ozone-manager-1.3.0-SNAPSHOT.jar:?]
	at org.apache.hadoop.ozone.protocolPB.OzoneManagerRequestHandler.handleReadRequest(OzoneManagerRequestHandler.java:217) ~[ozone-manager-1.3.0-SNAPSHOT.jar:?]
	at org.apache.hadoop.ozone.protocolPB.OzoneManagerProtocolServerSideTranslatorPB.submitRequestDirectlyToOM(OzoneManagerProtocolServerSideTranslatorPB.java:276) ~[ozone-manager-1.3.0-SNAPSHOT.jar:?]
	at org.apache.hadoop.ozone.protocolPB.OzoneManagerProtocolServerSideTranslatorPB.processRequest(OzoneManagerProtocolServerSideTranslatorPB.java:205) ~[ozone-manager-1.3.0-SNAPSHOT.jar:?]
	at org.apache.hadoop.hdds.server.OzoneProtocolMessageDispatcher.processRequest(OzoneProtocolMessageDispatcher.java:87) [hdds-server-framework-1.3.0-SNAPSHOT.jar:?]
	at org.apache.hadoop.ozone.protocolPB.OzoneManagerProtocolServerSideTranslatorPB.submitRequest(OzoneManagerProtocolServerSideTranslatorPB.java:147) [ozone-manager-1.3.0-SNAPSHOT.jar:?]
	at org.apache.hadoop.ozone.protocol.proto.OzoneManagerProtocolProtos$OzoneManagerService$2.callBlockingMethod(OzoneManagerProtocolProtos.java) [ozone-interface-client-1.3.0-SNAPSHOT.jar:?]
	at org.apache.hadoop.ipc.ProtobufRpcEngine$Server.processCall(ProtobufRpcEngine.java:466) [hadoop-common-3.3.1.jar:?]
	at org.apache.hadoop.ipc.ProtobufRpcEngine2$Server$ProtoBufRpcInvoker.call(ProtobufRpcEngine2.java:574) [hadoop-common-3.3.1.jar:?]
	at org.apache.hadoop.ipc.ProtobufRpcEngine2$Server$ProtoBufRpcInvoker.call(ProtobufRpcEngine2.java:552) [hadoop-common-3.3.1.jar:?]
	at org.apache.hadoop.ipc.RPC$Server.call(RPC.java:1093) [hadoop-common-3.3.1.jar:?]
	at org.apache.hadoop.ipc.Server$RpcCall.run(Server.java:1035) [hadoop-common-3.3.1.jar:?]
	at org.apache.hadoop.ipc.Server$RpcCall.run(Server.java:963) [hadoop-common-3.3.1.jar:?]
	at java.security.AccessController.doPrivileged(Native Method) ~[?:1.8.0_332]
	at javax.security.auth.Subject.doAs(Subject.java:422) [?:1.8.0_332]
	at org.apache.hadoop.security.UserGroupInformation.doAs(UserGroupInformation.java:1878) [hadoop-common-3.3.1.jar:?]
	at org.apache.hadoop.ipc.Server$Handler.run(Server.java:2966) [hadoop-common-3.3.1.jar:?]
16:59:23.269 [IPC Server handler 7 on default port 35065] ERROR OMAudit - user=runner | ip=127.0.0.1 | op=GET_FILE_STATUS {volume=volume24946, bucket=bucket95024, key=testBatchDelete/parent/childFolder/child7, dataSize=0, replicationConfig=null} | ret=FAILURE
org.apache.hadoop.ozone.om.exceptions.OMException: Unable to get file status: volume: volume24946 bucket: bucket95024 key: testBatchDelete/parent/childFolder/child7
	at org.apache.hadoop.ozone.om.KeyManagerImpl.getOzoneFileStatus(KeyManagerImpl.java:1311) ~[ozone-manager-1.3.0-SNAPSHOT.jar:?]
	at org.apache.hadoop.ozone.om.KeyManagerImpl.getFileStatus(KeyManagerImpl.java:1241) ~[ozone-manager-1.3.0-SNAPSHOT.jar:?]
	at org.apache.hadoop.ozone.om.OzoneManager.getFileStatus(OzoneManager.java:3419) ~[ozone-manager-1.3.0-SNAPSHOT.jar:?]
	at org.apache.hadoop.ozone.protocolPB.OzoneManagerRequestHandler.getOzoneFileStatus(OzoneManagerRequestHandler.java:871) ~[ozone-manager-1.3.0-SNAPSHOT.jar:?]
	at org.apache.hadoop.ozone.protocolPB.OzoneManagerRequestHandler.handleReadRequest(OzoneManagerRequestHandler.java:217) ~[ozone-manager-1.3.0-SNAPSHOT.jar:?]
	at org.apache.hadoop.ozone.protocolPB.OzoneManagerProtocolServerSideTranslatorPB.submitRequestDirectlyToOM(OzoneManagerProtocolServerSideTranslatorPB.java:276) ~[ozone-manager-1.3.0-SNAPSHOT.jar:?]
	at org.apache.hadoop.ozone.protocolPB.OzoneManagerProtocolServerSideTranslatorPB.processRequest(OzoneManagerProtocolServerSideTranslatorPB.java:205) ~[ozone-manager-1.3.0-SNAPSHOT.jar:?]
	at org.apache.hadoop.hdds.server.OzoneProtocolMessageDispatcher.processRequest(OzoneProtocolMessageDispatcher.java:87) [hdds-server-framework-1.3.0-SNAPSHOT.jar:?]
	at org.apache.hadoop.ozone.protocolPB.OzoneManagerProtocolServerSideTranslatorPB.submitRequest(OzoneManagerProtocolServerSideTranslatorPB.java:147) [ozone-manager-1.3.0-SNAPSHOT.jar:?]
	at org.apache.hadoop.ozone.protocol.proto.OzoneManagerProtocolProtos$OzoneManagerService$2.callBlockingMethod(OzoneManagerProtocolProtos.java) [ozone-interface-client-1.3.0-SNAPSHOT.jar:?]
	at org.apache.hadoop.ipc.ProtobufRpcEngine$Server.processCall(ProtobufRpcEngine.java:466) [hadoop-common-3.3.1.jar:?]
	at org.apache.hadoop.ipc.ProtobufRpcEngine2$Server$ProtoBufRpcInvoker.call(ProtobufRpcEngine2.java:574) [hadoop-common-3.3.1.jar:?]
	at org.apache.hadoop.ipc.ProtobufRpcEngine2$Server$ProtoBufRpcInvoker.call(ProtobufRpcEngine2.java:552) [hadoop-common-3.3.1.jar:?]
	at org.apache.hadoop.ipc.RPC$Server.call(RPC.java:1093) [hadoop-common-3.3.1.jar:?]
	at org.apache.hadoop.ipc.Server$RpcCall.run(Server.java:1035) [hadoop-common-3.3.1.jar:?]
	at org.apache.hadoop.ipc.Server$RpcCall.run(Server.java:963) [hadoop-common-3.3.1.jar:?]
	at java.security.AccessController.doPrivileged(Native Method) ~[?:1.8.0_332]
	at javax.security.auth.Subject.doAs(Subject.java:422) [?:1.8.0_332]
	at org.apache.hadoop.security.UserGroupInformation.doAs(UserGroupInformation.java:1878) [hadoop-common-3.3.1.jar:?]
	at org.apache.hadoop.ipc.Server$Handler.run(Server.java:2966) [hadoop-common-3.3.1.jar:?]
16:59:23.269 [IPC Server handler 4 on default port 35065] ERROR OMAudit - user=runner | ip=127.0.0.1 | op=GET_FILE_STATUS {volume=volume24946, bucket=bucket95024, key=testBatchDelete/parent, dataSize=0, replicationConfig=null} | ret=FAILURE
org.apache.hadoop.ozone.om.exceptions.OMException: Unable to get file status: volume: volume24946 bucket: bucket95024 key: testBatchDelete/parent
	at org.apache.hadoop.ozone.om.KeyManagerImpl.getOzoneFileStatus(KeyManagerImpl.java:1311) ~[ozone-manager-1.3.0-SNAPSHOT.jar:?]
	at org.apache.hadoop.ozone.om.KeyManagerImpl.getFileStatus(KeyManagerImpl.java:1241) ~[ozone-manager-1.3.0-SNAPSHOT.jar:?]
	at org.apache.hadoop.ozone.om.OzoneManager.getFileStatus(OzoneManager.java:3419) ~[ozone-manager-1.3.0-SNAPSHOT.jar:?]
	at org.apache.hadoop.ozone.protocolPB.OzoneManagerRequestHandler.getOzoneFileStatus(OzoneManagerRequestHandler.java:871) ~[ozone-manager-1.3.0-SNAPSHOT.jar:?]
	at org.apache.hadoop.ozone.protocolPB.OzoneManagerRequestHandler.handleReadRequest(OzoneManagerRequestHandler.java:217) ~[ozone-manager-1.3.0-SNAPSHOT.jar:?]
	at org.apache.hadoop.ozone.protocolPB.OzoneManagerProtocolServerSideTranslatorPB.submitRequestDirectlyToOM(OzoneManagerProtocolServerSideTranslatorPB.java:276) ~[ozone-manager-1.3.0-SNAPSHOT.jar:?]
	at org.apache.hadoop.ozone.protocolPB.OzoneManagerProtocolServerSideTranslatorPB.processRequest(OzoneManagerProtocolServerSideTranslatorPB.java:205) ~[ozone-manager-1.3.0-SNAPSHOT.jar:?]
	at org.apache.hadoop.hdds.server.OzoneProtocolMessageDispatcher.processRequest(OzoneProtocolMessageDispatcher.java:87) [hdds-server-framework-1.3.0-SNAPSHOT.jar:?]
	at org.apache.hadoop.ozone.protocolPB.OzoneManagerProtocolServerSideTranslatorPB.submitRequest(OzoneManagerProtocolServerSideTranslatorPB.java:147) [ozone-manager-1.3.0-SNAPSHOT.jar:?]
	at org.apache.hadoop.ozone.protocol.proto.OzoneManagerProtocolProtos$OzoneManagerService$2.callBlockingMethod(OzoneManagerProtocolProtos.java) [ozone-interface-client-1.3.0-SNAPSHOT.jar:?]
	at org.apache.hadoop.ipc.ProtobufRpcEngine$Server.processCall(ProtobufRpcEngine.java:466) [hadoop-common-3.3.1.jar:?]
	at org.apache.hadoop.ipc.ProtobufRpcEngine2$Server$ProtoBufRpcInvoker.call(ProtobufRpcEngine2.java:574) [hadoop-common-3.3.1.jar:?]
	at org.apache.hadoop.ipc.ProtobufRpcEngine2$Server$ProtoBufRpcInvoker.call(ProtobufRpcEngine2.java:552) [hadoop-common-3.3.1.jar:?]
	at org.apache.hadoop.ipc.RPC$Server.call(RPC.java:1093) [hadoop-common-3.3.1.jar:?]
	at org.apache.hadoop.ipc.Server$RpcCall.run(Server.java:1035) [hadoop-common-3.3.1.jar:?]
	at org.apache.hadoop.ipc.Server$RpcCall.run(Server.java:963) [hadoop-common-3.3.1.jar:?]
	at java.security.AccessController.doPrivileged(Native Method) ~[?:1.8.0_332]
	at javax.security.auth.Subject.doAs(Subject.java:422) [?:1.8.0_332]
	at org.apache.hadoop.security.UserGroupInformation.doAs(UserGroupInformation.java:1878) [hadoop-common-3.3.1.jar:?]
	at org.apache.hadoop.ipc.Server$Handler.run(Server.java:2966) [hadoop-common-3.3.1.jar:?]
2022-06-27 16:59:23,270 [Time-limited test] WARN  ozone.BasicRootedOzoneFileSystem (BasicRootedOzoneFileSystem.java:delete(572)) - delete: Path does not exist: /volume24946/bucket95024/testBatchDelete/parent
]]></system-out>
  </testcase>
  <testcase name="testRenameToTrashEnabled" classname="TestRootedOzoneFileSystem" time="0.182">
    <system-out><![CDATA[2022-06-27 16:54:33,092 [Time-limited test] INFO  rpc.RpcClient (RpcClient.java:createVolume(466)) - Creating Volume: volume39063, with user36584 as owner and space quota set to -1 bytes, counts quota set to -1
2022-06-27 16:54:33,094 [OM StateMachine ApplyTransaction Thread - 0] INFO  volume.OMVolumeCreateRequest (OMVolumeCreateRequest.java:validateAndUpdateCache(195)) - created volume:volume39063 for user:user36584
2022-06-27 16:54:33,096 [Time-limited test] INFO  rpc.RpcClient (RpcClient.java:createBucket(666)) - Creating Bucket: volume39063/bucket87338, with the Bucket Layout LEGACY, runner as owner, Versioning false, Storage Type set to DISK and Encryption set to false 
2022-06-27 16:54:33,098 [OM StateMachine ApplyTransaction Thread - 0] INFO  bucket.OMBucketCreateRequest (OMBucketCreateRequest.java:validateAndUpdateCache(260)) - created bucket: bucket87338 of layout LEGACY in volume: volume39063
16:54:33.203 [IPC Server handler 16 on default port 44473] ERROR OMAudit - user=runner | ip=127.0.0.1 | op=GET_FILE_STATUS {volume=volume39063, bucket=bucket87338, key=.Trash/runner/Current/volume39063/bucket87338/testKey2, dataSize=0, replicationConfig=null} | ret=FAILURE
org.apache.hadoop.ozone.om.exceptions.OMException: Unable to get file status: volume: volume39063 bucket: bucket87338 key: .Trash/runner/Current/volume39063/bucket87338/testKey2
	at org.apache.hadoop.ozone.om.KeyManagerImpl.getOzoneFileStatus(KeyManagerImpl.java:1311) ~[ozone-manager-1.3.0-SNAPSHOT.jar:?]
	at org.apache.hadoop.ozone.om.KeyManagerImpl.getFileStatus(KeyManagerImpl.java:1241) ~[ozone-manager-1.3.0-SNAPSHOT.jar:?]
	at org.apache.hadoop.ozone.om.OzoneManager.getFileStatus(OzoneManager.java:3419) ~[ozone-manager-1.3.0-SNAPSHOT.jar:?]
	at org.apache.hadoop.ozone.protocolPB.OzoneManagerRequestHandler.getOzoneFileStatus(OzoneManagerRequestHandler.java:871) ~[ozone-manager-1.3.0-SNAPSHOT.jar:?]
	at org.apache.hadoop.ozone.protocolPB.OzoneManagerRequestHandler.handleReadRequest(OzoneManagerRequestHandler.java:217) ~[ozone-manager-1.3.0-SNAPSHOT.jar:?]
	at org.apache.hadoop.ozone.protocolPB.OzoneManagerProtocolServerSideTranslatorPB.submitReadRequestToOM(OzoneManagerProtocolServerSideTranslatorPB.java:226) ~[ozone-manager-1.3.0-SNAPSHOT.jar:?]
	at org.apache.hadoop.ozone.protocolPB.OzoneManagerProtocolServerSideTranslatorPB.processRequest(OzoneManagerProtocolServerSideTranslatorPB.java:175) ~[ozone-manager-1.3.0-SNAPSHOT.jar:?]
	at org.apache.hadoop.hdds.server.OzoneProtocolMessageDispatcher.processRequest(OzoneProtocolMessageDispatcher.java:87) [hdds-server-framework-1.3.0-SNAPSHOT.jar:?]
	at org.apache.hadoop.ozone.protocolPB.OzoneManagerProtocolServerSideTranslatorPB.submitRequest(OzoneManagerProtocolServerSideTranslatorPB.java:147) [ozone-manager-1.3.0-SNAPSHOT.jar:?]
	at org.apache.hadoop.ozone.protocol.proto.OzoneManagerProtocolProtos$OzoneManagerService$2.callBlockingMethod(OzoneManagerProtocolProtos.java) [ozone-interface-client-1.3.0-SNAPSHOT.jar:?]
	at org.apache.hadoop.ipc.ProtobufRpcEngine$Server.processCall(ProtobufRpcEngine.java:466) [hadoop-common-3.3.1.jar:?]
	at org.apache.hadoop.ipc.ProtobufRpcEngine2$Server$ProtoBufRpcInvoker.call(ProtobufRpcEngine2.java:574) [hadoop-common-3.3.1.jar:?]
	at org.apache.hadoop.ipc.ProtobufRpcEngine2$Server$ProtoBufRpcInvoker.call(ProtobufRpcEngine2.java:552) [hadoop-common-3.3.1.jar:?]
	at org.apache.hadoop.ipc.RPC$Server.call(RPC.java:1093) [hadoop-common-3.3.1.jar:?]
	at org.apache.hadoop.ipc.Server$RpcCall.run(Server.java:1035) [hadoop-common-3.3.1.jar:?]
	at org.apache.hadoop.ipc.Server$RpcCall.run(Server.java:963) [hadoop-common-3.3.1.jar:?]
	at java.security.AccessController.doPrivileged(Native Method) ~[?:1.8.0_332]
	at javax.security.auth.Subject.doAs(Subject.java:422) [?:1.8.0_332]
	at org.apache.hadoop.security.UserGroupInformation.doAs(UserGroupInformation.java:1878) [hadoop-common-3.3.1.jar:?]
	at org.apache.hadoop.ipc.Server$Handler.run(Server.java:2966) [hadoop-common-3.3.1.jar:?]
16:54:33.209 [IPC Server handler 4 on default port 44473] ERROR OMAudit - user=runner | ip=127.0.0.1 | op=GET_FILE_STATUS {volume=volume39063, bucket=bucket87338, key=.Trash/runner/Current/volume39063/bucket87338/testKey2, dataSize=0, replicationConfig=null} | ret=FAILURE
org.apache.hadoop.ozone.om.exceptions.OMException: Unable to get file status: volume: volume39063 bucket: bucket87338 key: .Trash/runner/Current/volume39063/bucket87338/testKey2
	at org.apache.hadoop.ozone.om.KeyManagerImpl.getOzoneFileStatus(KeyManagerImpl.java:1311) ~[ozone-manager-1.3.0-SNAPSHOT.jar:?]
	at org.apache.hadoop.ozone.om.KeyManagerImpl.getFileStatus(KeyManagerImpl.java:1241) ~[ozone-manager-1.3.0-SNAPSHOT.jar:?]
	at org.apache.hadoop.ozone.om.OzoneManager.getFileStatus(OzoneManager.java:3419) ~[ozone-manager-1.3.0-SNAPSHOT.jar:?]
	at org.apache.hadoop.ozone.protocolPB.OzoneManagerRequestHandler.getOzoneFileStatus(OzoneManagerRequestHandler.java:871) ~[ozone-manager-1.3.0-SNAPSHOT.jar:?]
	at org.apache.hadoop.ozone.protocolPB.OzoneManagerRequestHandler.handleReadRequest(OzoneManagerRequestHandler.java:217) ~[ozone-manager-1.3.0-SNAPSHOT.jar:?]
	at org.apache.hadoop.ozone.protocolPB.OzoneManagerProtocolServerSideTranslatorPB.submitReadRequestToOM(OzoneManagerProtocolServerSideTranslatorPB.java:226) ~[ozone-manager-1.3.0-SNAPSHOT.jar:?]
	at org.apache.hadoop.ozone.protocolPB.OzoneManagerProtocolServerSideTranslatorPB.processRequest(OzoneManagerProtocolServerSideTranslatorPB.java:175) ~[ozone-manager-1.3.0-SNAPSHOT.jar:?]
	at org.apache.hadoop.hdds.server.OzoneProtocolMessageDispatcher.processRequest(OzoneProtocolMessageDispatcher.java:87) [hdds-server-framework-1.3.0-SNAPSHOT.jar:?]
	at org.apache.hadoop.ozone.protocolPB.OzoneManagerProtocolServerSideTranslatorPB.submitRequest(OzoneManagerProtocolServerSideTranslatorPB.java:147) [ozone-manager-1.3.0-SNAPSHOT.jar:?]
	at org.apache.hadoop.ozone.protocol.proto.OzoneManagerProtocolProtos$OzoneManagerService$2.callBlockingMethod(OzoneManagerProtocolProtos.java) [ozone-interface-client-1.3.0-SNAPSHOT.jar:?]
	at org.apache.hadoop.ipc.ProtobufRpcEngine$Server.processCall(ProtobufRpcEngine.java:466) [hadoop-common-3.3.1.jar:?]
	at org.apache.hadoop.ipc.ProtobufRpcEngine2$Server$ProtoBufRpcInvoker.call(ProtobufRpcEngine2.java:574) [hadoop-common-3.3.1.jar:?]
	at org.apache.hadoop.ipc.ProtobufRpcEngine2$Server$ProtoBufRpcInvoker.call(ProtobufRpcEngine2.java:552) [hadoop-common-3.3.1.jar:?]
	at org.apache.hadoop.ipc.RPC$Server.call(RPC.java:1093) [hadoop-common-3.3.1.jar:?]
	at org.apache.hadoop.ipc.Server$RpcCall.run(Server.java:1035) [hadoop-common-3.3.1.jar:?]
	at org.apache.hadoop.ipc.Server$RpcCall.run(Server.java:963) [hadoop-common-3.3.1.jar:?]
	at java.security.AccessController.doPrivileged(Native Method) ~[?:1.8.0_332]
	at javax.security.auth.Subject.doAs(Subject.java:422) [?:1.8.0_332]
	at org.apache.hadoop.security.UserGroupInformation.doAs(UserGroupInformation.java:1878) [hadoop-common-3.3.1.jar:?]
	at org.apache.hadoop.ipc.Server$Handler.run(Server.java:2966) [hadoop-common-3.3.1.jar:?]
2022-06-27 16:54:33,220 [Time-limited test] INFO  fs.TrashPolicyDefault (TrashPolicyDefault.java:moveToTrash(188)) - Moved: '/volume39063/bucket87338/testKey2' to trash at: ofs:/volume39063/bucket87338/.Trash/runner/Current/volume39063/bucket87338/testKey2
]]></system-out>
  </testcase>
  <testcase name="testRenameToTrashEnabled" classname="TestRootedOzoneFileSystem" time="0.445">
    <system-out><![CDATA[2022-06-27 16:55:37,772 [Time-limited test] INFO  rpc.RpcClient (RpcClient.java:createVolume(466)) - Creating Volume: volume76863, with user51078 as owner and space quota set to -1 bytes, counts quota set to -1
2022-06-27 16:55:37,777 [OM StateMachine ApplyTransaction Thread - 0] INFO  volume.OMVolumeCreateRequest (OMVolumeCreateRequest.java:validateAndUpdateCache(195)) - created volume:volume76863 for user:user51078
2022-06-27 16:55:37,778 [Time-limited test] INFO  rpc.RpcClient (RpcClient.java:createBucket(666)) - Creating Bucket: volume76863/bucket00327, with the Bucket Layout LEGACY, runner as owner, Versioning false, Storage Type set to DISK and Encryption set to false 
2022-06-27 16:55:37,779 [OM StateMachine ApplyTransaction Thread - 0] INFO  bucket.OMBucketCreateRequest (OMBucketCreateRequest.java:validateAndUpdateCache(260)) - created bucket: bucket00327 of layout LEGACY in volume: volume76863
16:55:38.126 [IPC Server handler 2 on default port 39955] ERROR OMAudit - user=runner | ip=127.0.0.1 | op=GET_FILE_STATUS {volume=volume76863, bucket=bucket00327, key=.Trash/runner/Current/volume76863/bucket00327/testKey2, dataSize=0, replicationConfig=null} | ret=FAILURE
org.apache.hadoop.ozone.om.exceptions.OMException: Unable to get file status: volume: volume76863 bucket: bucket00327 key: .Trash/runner/Current/volume76863/bucket00327/testKey2
	at org.apache.hadoop.ozone.om.KeyManagerImpl.getOzoneFileStatus(KeyManagerImpl.java:1311) ~[ozone-manager-1.3.0-SNAPSHOT.jar:?]
	at org.apache.hadoop.ozone.om.KeyManagerImpl.getFileStatus(KeyManagerImpl.java:1241) ~[ozone-manager-1.3.0-SNAPSHOT.jar:?]
	at org.apache.hadoop.ozone.om.OzoneManager.getFileStatus(OzoneManager.java:3419) ~[ozone-manager-1.3.0-SNAPSHOT.jar:?]
	at org.apache.hadoop.ozone.protocolPB.OzoneManagerRequestHandler.getOzoneFileStatus(OzoneManagerRequestHandler.java:871) ~[ozone-manager-1.3.0-SNAPSHOT.jar:?]
	at org.apache.hadoop.ozone.protocolPB.OzoneManagerRequestHandler.handleReadRequest(OzoneManagerRequestHandler.java:217) ~[ozone-manager-1.3.0-SNAPSHOT.jar:?]
	at org.apache.hadoop.ozone.protocolPB.OzoneManagerProtocolServerSideTranslatorPB.submitReadRequestToOM(OzoneManagerProtocolServerSideTranslatorPB.java:226) ~[ozone-manager-1.3.0-SNAPSHOT.jar:?]
	at org.apache.hadoop.ozone.protocolPB.OzoneManagerProtocolServerSideTranslatorPB.processRequest(OzoneManagerProtocolServerSideTranslatorPB.java:175) ~[ozone-manager-1.3.0-SNAPSHOT.jar:?]
	at org.apache.hadoop.hdds.server.OzoneProtocolMessageDispatcher.processRequest(OzoneProtocolMessageDispatcher.java:87) [hdds-server-framework-1.3.0-SNAPSHOT.jar:?]
	at org.apache.hadoop.ozone.protocolPB.OzoneManagerProtocolServerSideTranslatorPB.submitRequest(OzoneManagerProtocolServerSideTranslatorPB.java:147) [ozone-manager-1.3.0-SNAPSHOT.jar:?]
	at org.apache.hadoop.ozone.protocol.proto.OzoneManagerProtocolProtos$OzoneManagerService$2.callBlockingMethod(OzoneManagerProtocolProtos.java) [ozone-interface-client-1.3.0-SNAPSHOT.jar:?]
	at org.apache.hadoop.ipc.ProtobufRpcEngine$Server.processCall(ProtobufRpcEngine.java:466) [hadoop-common-3.3.1.jar:?]
	at org.apache.hadoop.ipc.ProtobufRpcEngine2$Server$ProtoBufRpcInvoker.call(ProtobufRpcEngine2.java:574) [hadoop-common-3.3.1.jar:?]
	at org.apache.hadoop.ipc.ProtobufRpcEngine2$Server$ProtoBufRpcInvoker.call(ProtobufRpcEngine2.java:552) [hadoop-common-3.3.1.jar:?]
	at org.apache.hadoop.ipc.RPC$Server.call(RPC.java:1093) [hadoop-common-3.3.1.jar:?]
	at org.apache.hadoop.ipc.Server$RpcCall.run(Server.java:1035) [hadoop-common-3.3.1.jar:?]
	at org.apache.hadoop.ipc.Server$RpcCall.run(Server.java:963) [hadoop-common-3.3.1.jar:?]
	at java.security.AccessController.doPrivileged(Native Method) ~[?:1.8.0_332]
	at javax.security.auth.Subject.doAs(Subject.java:422) [?:1.8.0_332]
	at org.apache.hadoop.security.UserGroupInformation.doAs(UserGroupInformation.java:1878) [hadoop-common-3.3.1.jar:?]
	at org.apache.hadoop.ipc.Server$Handler.run(Server.java:2966) [hadoop-common-3.3.1.jar:?]
16:55:38.130 [IPC Server handler 12 on default port 39955] ERROR OMAudit - user=runner | ip=127.0.0.1 | op=GET_FILE_STATUS {volume=volume76863, bucket=bucket00327, key=.Trash/runner/Current/volume76863/bucket00327/testKey2, dataSize=0, replicationConfig=null} | ret=FAILURE
org.apache.hadoop.ozone.om.exceptions.OMException: Unable to get file status: volume: volume76863 bucket: bucket00327 key: .Trash/runner/Current/volume76863/bucket00327/testKey2
	at org.apache.hadoop.ozone.om.KeyManagerImpl.getOzoneFileStatus(KeyManagerImpl.java:1311) ~[ozone-manager-1.3.0-SNAPSHOT.jar:?]
	at org.apache.hadoop.ozone.om.KeyManagerImpl.getFileStatus(KeyManagerImpl.java:1241) ~[ozone-manager-1.3.0-SNAPSHOT.jar:?]
	at org.apache.hadoop.ozone.om.OzoneManager.getFileStatus(OzoneManager.java:3419) ~[ozone-manager-1.3.0-SNAPSHOT.jar:?]
	at org.apache.hadoop.ozone.protocolPB.OzoneManagerRequestHandler.getOzoneFileStatus(OzoneManagerRequestHandler.java:871) ~[ozone-manager-1.3.0-SNAPSHOT.jar:?]
	at org.apache.hadoop.ozone.protocolPB.OzoneManagerRequestHandler.handleReadRequest(OzoneManagerRequestHandler.java:217) ~[ozone-manager-1.3.0-SNAPSHOT.jar:?]
	at org.apache.hadoop.ozone.protocolPB.OzoneManagerProtocolServerSideTranslatorPB.submitReadRequestToOM(OzoneManagerProtocolServerSideTranslatorPB.java:226) ~[ozone-manager-1.3.0-SNAPSHOT.jar:?]
	at org.apache.hadoop.ozone.protocolPB.OzoneManagerProtocolServerSideTranslatorPB.processRequest(OzoneManagerProtocolServerSideTranslatorPB.java:175) ~[ozone-manager-1.3.0-SNAPSHOT.jar:?]
	at org.apache.hadoop.hdds.server.OzoneProtocolMessageDispatcher.processRequest(OzoneProtocolMessageDispatcher.java:87) [hdds-server-framework-1.3.0-SNAPSHOT.jar:?]
	at org.apache.hadoop.ozone.protocolPB.OzoneManagerProtocolServerSideTranslatorPB.submitRequest(OzoneManagerProtocolServerSideTranslatorPB.java:147) [ozone-manager-1.3.0-SNAPSHOT.jar:?]
	at org.apache.hadoop.ozone.protocol.proto.OzoneManagerProtocolProtos$OzoneManagerService$2.callBlockingMethod(OzoneManagerProtocolProtos.java) [ozone-interface-client-1.3.0-SNAPSHOT.jar:?]
	at org.apache.hadoop.ipc.ProtobufRpcEngine$Server.processCall(ProtobufRpcEngine.java:466) [hadoop-common-3.3.1.jar:?]
	at org.apache.hadoop.ipc.ProtobufRpcEngine2$Server$ProtoBufRpcInvoker.call(ProtobufRpcEngine2.java:574) [hadoop-common-3.3.1.jar:?]
	at org.apache.hadoop.ipc.ProtobufRpcEngine2$Server$ProtoBufRpcInvoker.call(ProtobufRpcEngine2.java:552) [hadoop-common-3.3.1.jar:?]
	at org.apache.hadoop.ipc.RPC$Server.call(RPC.java:1093) [hadoop-common-3.3.1.jar:?]
	at org.apache.hadoop.ipc.Server$RpcCall.run(Server.java:1035) [hadoop-common-3.3.1.jar:?]
	at org.apache.hadoop.ipc.Server$RpcCall.run(Server.java:963) [hadoop-common-3.3.1.jar:?]
	at java.security.AccessController.doPrivileged(Native Method) ~[?:1.8.0_332]
	at javax.security.auth.Subject.doAs(Subject.java:422) [?:1.8.0_332]
	at org.apache.hadoop.security.UserGroupInformation.doAs(UserGroupInformation.java:1878) [hadoop-common-3.3.1.jar:?]
	at org.apache.hadoop.ipc.Server$Handler.run(Server.java:2966) [hadoop-common-3.3.1.jar:?]
2022-06-27 16:55:38,137 [Time-limited test] INFO  fs.TrashPolicyDefault (TrashPolicyDefault.java:moveToTrash(188)) - Moved: '/volume76863/bucket00327/testKey2' to trash at: ofs:/volume76863/bucket00327/.Trash/runner/Current/volume76863/bucket00327/testKey2
]]></system-out>
  </testcase>
  <testcase name="testRenameToTrashEnabled" classname="TestRootedOzoneFileSystem" time="0.236">
    <system-out><![CDATA[2022-06-27 16:56:45,837 [Time-limited test] INFO  rpc.RpcClient (RpcClient.java:createVolume(466)) - Creating Volume: volume77368, with user59461 as owner and space quota set to -1 bytes, counts quota set to -1
2022-06-27 16:56:45,837 [IPC Server handler 2 on default port 40407] INFO  volume.OMVolumeCreateRequest (OMVolumeCreateRequest.java:validateAndUpdateCache(195)) - created volume:volume77368 for user:user59461
2022-06-27 16:56:45,838 [Time-limited test] INFO  rpc.RpcClient (RpcClient.java:createBucket(666)) - Creating Bucket: volume77368/bucket91509, with the Bucket Layout LEGACY, runner as owner, Versioning false, Storage Type set to DISK and Encryption set to false 
2022-06-27 16:56:45,839 [IPC Server handler 5 on default port 40407] INFO  bucket.OMBucketCreateRequest (OMBucketCreateRequest.java:validateAndUpdateCache(260)) - created bucket: bucket91509 of layout LEGACY in volume: volume77368
2022-06-27 16:56:45,878 [bc887f2d-be8a-4785-be83-b8a81978c60b@group-AFCDA00B9A33-FollowerState] INFO  impl.FollowerState (FollowerState.java:run(143)) - bc887f2d-be8a-4785-be83-b8a81978c60b@group-AFCDA00B9A33-FollowerState: change to CANDIDATE, lastRpcElapsedTime:5126930046ns, electionTimeout:5121ms
2022-06-27 16:56:45,878 [bc887f2d-be8a-4785-be83-b8a81978c60b@group-AFCDA00B9A33-FollowerState] INFO  impl.RoleInfo (RoleInfo.java:shutdownFollowerState(110)) - bc887f2d-be8a-4785-be83-b8a81978c60b: shutdown bc887f2d-be8a-4785-be83-b8a81978c60b@group-AFCDA00B9A33-FollowerState
2022-06-27 16:56:45,878 [bc887f2d-be8a-4785-be83-b8a81978c60b@group-AFCDA00B9A33-FollowerState] INFO  server.RaftServer$Division (RaftServerImpl.java:setRole(299)) - bc887f2d-be8a-4785-be83-b8a81978c60b@group-AFCDA00B9A33: changes role from  FOLLOWER to CANDIDATE at term 2 for changeToCandidate
2022-06-27 16:56:45,878 [bc887f2d-be8a-4785-be83-b8a81978c60b@group-AFCDA00B9A33-FollowerState] INFO  server.RaftServerConfigKeys (ConfUtils.java:logGet(46)) - raft.server.leaderelection.pre-vote = false (custom)
2022-06-27 16:56:45,878 [bc887f2d-be8a-4785-be83-b8a81978c60b@group-AFCDA00B9A33-FollowerState] INFO  impl.RoleInfo (RoleInfo.java:updateAndGet(139)) - bc887f2d-be8a-4785-be83-b8a81978c60b: start bc887f2d-be8a-4785-be83-b8a81978c60b@group-AFCDA00B9A33-LeaderElection38
2022-06-27 16:56:45,883 [bc887f2d-be8a-4785-be83-b8a81978c60b@group-AFCDA00B9A33-LeaderElection38] INFO  impl.LeaderElection (LeaderElection.java:askForVotes(310)) - bc887f2d-be8a-4785-be83-b8a81978c60b@group-AFCDA00B9A33-LeaderElection38 ELECTION round 0: submit vote requests at term 3 for -1: [bc887f2d-be8a-4785-be83-b8a81978c60b|rpc:10.1.0.22:35037|dataStream:|priority:0, dca6aaee-9331-4135-ba39-5d4da9c5694b|rpc:10.1.0.22:41117|dataStream:|priority:1, 3de1546c-8c2e-4aa4-a8af-42deb78e6291|rpc:10.1.0.22:34197|dataStream:|priority:0], old=null
16:56:45.924 [IPC Server handler 18 on default port 40407] ERROR OMAudit - user=runner | ip=127.0.0.1 | op=GET_FILE_STATUS {volume=volume77368, bucket=bucket91509, key=.Trash/runner/Current/volume77368/bucket91509/testKey2, dataSize=0, replicationConfig=null} | ret=FAILURE
org.apache.hadoop.ozone.om.exceptions.OMException: Unable to get file status: volume: volume77368 bucket: bucket91509 key: .Trash/runner/Current/volume77368/bucket91509/testKey2
	at org.apache.hadoop.ozone.om.KeyManagerImpl.getOzoneFileStatus(KeyManagerImpl.java:1311) ~[ozone-manager-1.3.0-SNAPSHOT.jar:?]
	at org.apache.hadoop.ozone.om.KeyManagerImpl.getFileStatus(KeyManagerImpl.java:1241) ~[ozone-manager-1.3.0-SNAPSHOT.jar:?]
	at org.apache.hadoop.ozone.om.OzoneManager.getFileStatus(OzoneManager.java:3419) ~[ozone-manager-1.3.0-SNAPSHOT.jar:?]
	at org.apache.hadoop.ozone.protocolPB.OzoneManagerRequestHandler.getOzoneFileStatus(OzoneManagerRequestHandler.java:871) ~[ozone-manager-1.3.0-SNAPSHOT.jar:?]
	at org.apache.hadoop.ozone.protocolPB.OzoneManagerRequestHandler.handleReadRequest(OzoneManagerRequestHandler.java:217) ~[ozone-manager-1.3.0-SNAPSHOT.jar:?]
	at org.apache.hadoop.ozone.protocolPB.OzoneManagerProtocolServerSideTranslatorPB.submitRequestDirectlyToOM(OzoneManagerProtocolServerSideTranslatorPB.java:276) ~[ozone-manager-1.3.0-SNAPSHOT.jar:?]
	at org.apache.hadoop.ozone.protocolPB.OzoneManagerProtocolServerSideTranslatorPB.processRequest(OzoneManagerProtocolServerSideTranslatorPB.java:205) ~[ozone-manager-1.3.0-SNAPSHOT.jar:?]
	at org.apache.hadoop.hdds.server.OzoneProtocolMessageDispatcher.processRequest(OzoneProtocolMessageDispatcher.java:87) [hdds-server-framework-1.3.0-SNAPSHOT.jar:?]
	at org.apache.hadoop.ozone.protocolPB.OzoneManagerProtocolServerSideTranslatorPB.submitRequest(OzoneManagerProtocolServerSideTranslatorPB.java:147) [ozone-manager-1.3.0-SNAPSHOT.jar:?]
	at org.apache.hadoop.ozone.protocol.proto.OzoneManagerProtocolProtos$OzoneManagerService$2.callBlockingMethod(OzoneManagerProtocolProtos.java) [ozone-interface-client-1.3.0-SNAPSHOT.jar:?]
	at org.apache.hadoop.ipc.ProtobufRpcEngine$Server.processCall(ProtobufRpcEngine.java:466) [hadoop-common-3.3.1.jar:?]
	at org.apache.hadoop.ipc.ProtobufRpcEngine2$Server$ProtoBufRpcInvoker.call(ProtobufRpcEngine2.java:574) [hadoop-common-3.3.1.jar:?]
	at org.apache.hadoop.ipc.ProtobufRpcEngine2$Server$ProtoBufRpcInvoker.call(ProtobufRpcEngine2.java:552) [hadoop-common-3.3.1.jar:?]
	at org.apache.hadoop.ipc.RPC$Server.call(RPC.java:1093) [hadoop-common-3.3.1.jar:?]
	at org.apache.hadoop.ipc.Server$RpcCall.run(Server.java:1035) [hadoop-common-3.3.1.jar:?]
	at org.apache.hadoop.ipc.Server$RpcCall.run(Server.java:963) [hadoop-common-3.3.1.jar:?]
	at java.security.AccessController.doPrivileged(Native Method) ~[?:1.8.0_332]
	at javax.security.auth.Subject.doAs(Subject.java:422) [?:1.8.0_332]
	at org.apache.hadoop.security.UserGroupInformation.doAs(UserGroupInformation.java:1878) [hadoop-common-3.3.1.jar:?]
	at org.apache.hadoop.ipc.Server$Handler.run(Server.java:2966) [hadoop-common-3.3.1.jar:?]
16:56:45.939 [IPC Server handler 4 on default port 40407] ERROR OMAudit - user=runner | ip=127.0.0.1 | op=GET_FILE_STATUS {volume=volume77368, bucket=bucket91509, key=.Trash/runner/Current/volume77368/bucket91509/testKey2, dataSize=0, replicationConfig=null} | ret=FAILURE
org.apache.hadoop.ozone.om.exceptions.OMException: Unable to get file status: volume: volume77368 bucket: bucket91509 key: .Trash/runner/Current/volume77368/bucket91509/testKey2
	at org.apache.hadoop.ozone.om.KeyManagerImpl.getOzoneFileStatus(KeyManagerImpl.java:1311) ~[ozone-manager-1.3.0-SNAPSHOT.jar:?]
	at org.apache.hadoop.ozone.om.KeyManagerImpl.getFileStatus(KeyManagerImpl.java:1241) ~[ozone-manager-1.3.0-SNAPSHOT.jar:?]
	at org.apache.hadoop.ozone.om.OzoneManager.getFileStatus(OzoneManager.java:3419) ~[ozone-manager-1.3.0-SNAPSHOT.jar:?]
	at org.apache.hadoop.ozone.protocolPB.OzoneManagerRequestHandler.getOzoneFileStatus(OzoneManagerRequestHandler.java:871) ~[ozone-manager-1.3.0-SNAPSHOT.jar:?]
	at org.apache.hadoop.ozone.protocolPB.OzoneManagerRequestHandler.handleReadRequest(OzoneManagerRequestHandler.java:217) ~[ozone-manager-1.3.0-SNAPSHOT.jar:?]
	at org.apache.hadoop.ozone.protocolPB.OzoneManagerProtocolServerSideTranslatorPB.submitRequestDirectlyToOM(OzoneManagerProtocolServerSideTranslatorPB.java:276) ~[ozone-manager-1.3.0-SNAPSHOT.jar:?]
	at org.apache.hadoop.ozone.protocolPB.OzoneManagerProtocolServerSideTranslatorPB.processRequest(OzoneManagerProtocolServerSideTranslatorPB.java:205) ~[ozone-manager-1.3.0-SNAPSHOT.jar:?]
	at org.apache.hadoop.hdds.server.OzoneProtocolMessageDispatcher.processRequest(OzoneProtocolMessageDispatcher.java:87) [hdds-server-framework-1.3.0-SNAPSHOT.jar:?]
	at org.apache.hadoop.ozone.protocolPB.OzoneManagerProtocolServerSideTranslatorPB.submitRequest(OzoneManagerProtocolServerSideTranslatorPB.java:147) [ozone-manager-1.3.0-SNAPSHOT.jar:?]
	at org.apache.hadoop.ozone.protocol.proto.OzoneManagerProtocolProtos$OzoneManagerService$2.callBlockingMethod(OzoneManagerProtocolProtos.java) [ozone-interface-client-1.3.0-SNAPSHOT.jar:?]
	at org.apache.hadoop.ipc.ProtobufRpcEngine$Server.processCall(ProtobufRpcEngine.java:466) [hadoop-common-3.3.1.jar:?]
	at org.apache.hadoop.ipc.ProtobufRpcEngine2$Server$ProtoBufRpcInvoker.call(ProtobufRpcEngine2.java:574) [hadoop-common-3.3.1.jar:?]
	at org.apache.hadoop.ipc.ProtobufRpcEngine2$Server$ProtoBufRpcInvoker.call(ProtobufRpcEngine2.java:552) [hadoop-common-3.3.1.jar:?]
	at org.apache.hadoop.ipc.RPC$Server.call(RPC.java:1093) [hadoop-common-3.3.1.jar:?]
	at org.apache.hadoop.ipc.Server$RpcCall.run(Server.java:1035) [hadoop-common-3.3.1.jar:?]
	at org.apache.hadoop.ipc.Server$RpcCall.run(Server.java:963) [hadoop-common-3.3.1.jar:?]
	at java.security.AccessController.doPrivileged(Native Method) ~[?:1.8.0_332]
	at javax.security.auth.Subject.doAs(Subject.java:422) [?:1.8.0_332]
	at org.apache.hadoop.security.UserGroupInformation.doAs(UserGroupInformation.java:1878) [hadoop-common-3.3.1.jar:?]
	at org.apache.hadoop.ipc.Server$Handler.run(Server.java:2966) [hadoop-common-3.3.1.jar:?]
2022-06-27 16:56:45,957 [grpc-default-executor-2] INFO  server.RaftServer$Division (RaftServerImpl.java:requestVote(1152)) - 3de1546c-8c2e-4aa4-a8af-42deb78e6291@group-AFCDA00B9A33: receive requestVote(ELECTION, bc887f2d-be8a-4785-be83-b8a81978c60b, group-AFCDA00B9A33, 3, (t:0, i:0))
2022-06-27 16:56:45,957 [grpc-default-executor-2] INFO  impl.VoteContext (VoteContext.java:log(48)) - 3de1546c-8c2e-4aa4-a8af-42deb78e6291@group-AFCDA00B9A33-FOLLOWER: accept ELECTION from bc887f2d-be8a-4785-be83-b8a81978c60b: our priority 0 <= candidate's priority 0
2022-06-27 16:56:45,957 [grpc-default-executor-2] INFO  server.RaftServer$Division (RaftServerImpl.java:setRole(299)) - 3de1546c-8c2e-4aa4-a8af-42deb78e6291@group-AFCDA00B9A33: changes role from  FOLLOWER to FOLLOWER at term 3 for candidate:bc887f2d-be8a-4785-be83-b8a81978c60b
2022-06-27 16:56:45,957 [grpc-default-executor-2] INFO  impl.RoleInfo (RoleInfo.java:shutdownFollowerState(110)) - 3de1546c-8c2e-4aa4-a8af-42deb78e6291: shutdown 3de1546c-8c2e-4aa4-a8af-42deb78e6291@group-AFCDA00B9A33-FollowerState
2022-06-27 16:56:45,957 [grpc-default-executor-2] INFO  impl.RoleInfo (RoleInfo.java:updateAndGet(139)) - 3de1546c-8c2e-4aa4-a8af-42deb78e6291: start 3de1546c-8c2e-4aa4-a8af-42deb78e6291@group-AFCDA00B9A33-FollowerState
2022-06-27 16:56:45,958 [3de1546c-8c2e-4aa4-a8af-42deb78e6291@group-AFCDA00B9A33-FollowerState] INFO  impl.FollowerState (FollowerState.java:run(152)) - 3de1546c-8c2e-4aa4-a8af-42deb78e6291@group-AFCDA00B9A33-FollowerState was interrupted
2022-06-27 16:56:45,967 [grpc-default-executor-1] INFO  server.RaftServer$Division (RaftServerImpl.java:requestVote(1152)) - dca6aaee-9331-4135-ba39-5d4da9c5694b@group-AFCDA00B9A33: receive requestVote(ELECTION, bc887f2d-be8a-4785-be83-b8a81978c60b, group-AFCDA00B9A33, 3, (t:0, i:0))
2022-06-27 16:56:45,967 [grpc-default-executor-1] INFO  impl.VoteContext (VoteContext.java:log(48)) - dca6aaee-9331-4135-ba39-5d4da9c5694b@group-AFCDA00B9A33-FOLLOWER: reject ELECTION from bc887f2d-be8a-4785-be83-b8a81978c60b: our priority 1 > candidate's priority 0
2022-06-27 16:56:45,967 [grpc-default-executor-1] INFO  server.RaftServer$Division (RaftServerImpl.java:setRole(299)) - dca6aaee-9331-4135-ba39-5d4da9c5694b@group-AFCDA00B9A33: changes role from  FOLLOWER to FOLLOWER at term 3 for candidate:bc887f2d-be8a-4785-be83-b8a81978c60b
2022-06-27 16:56:45,967 [grpc-default-executor-1] INFO  impl.RoleInfo (RoleInfo.java:shutdownFollowerState(110)) - dca6aaee-9331-4135-ba39-5d4da9c5694b: shutdown dca6aaee-9331-4135-ba39-5d4da9c5694b@group-AFCDA00B9A33-FollowerState
2022-06-27 16:56:45,967 [grpc-default-executor-1] INFO  impl.RoleInfo (RoleInfo.java:updateAndGet(139)) - dca6aaee-9331-4135-ba39-5d4da9c5694b: start dca6aaee-9331-4135-ba39-5d4da9c5694b@group-AFCDA00B9A33-FollowerState
2022-06-27 16:56:45,968 [dca6aaee-9331-4135-ba39-5d4da9c5694b@group-AFCDA00B9A33-FollowerState] INFO  impl.FollowerState (FollowerState.java:run(152)) - dca6aaee-9331-4135-ba39-5d4da9c5694b@group-AFCDA00B9A33-FollowerState was interrupted
2022-06-27 16:56:45,969 [grpc-default-executor-2] INFO  server.RaftServer$Division (RaftServerImpl.java:requestVote(1184)) - 3de1546c-8c2e-4aa4-a8af-42deb78e6291@group-AFCDA00B9A33 replies to ELECTION vote request: bc887f2d-be8a-4785-be83-b8a81978c60b<-3de1546c-8c2e-4aa4-a8af-42deb78e6291#0:OK-t3. Peer's state: 3de1546c-8c2e-4aa4-a8af-42deb78e6291@group-AFCDA00B9A33:t3, leader=null, voted=bc887f2d-be8a-4785-be83-b8a81978c60b, raftlog=3de1546c-8c2e-4aa4-a8af-42deb78e6291@group-AFCDA00B9A33-SegmentedRaftLog:OPENED:c-1, conf=-1: [bc887f2d-be8a-4785-be83-b8a81978c60b|rpc:10.1.0.22:35037|priority:0, dca6aaee-9331-4135-ba39-5d4da9c5694b|rpc:10.1.0.22:41117|priority:1, 3de1546c-8c2e-4aa4-a8af-42deb78e6291|rpc:10.1.0.22:34197|priority:0], old=null
2022-06-27 16:56:45,973 [grpc-default-executor-1] INFO  server.RaftServer$Division (RaftServerImpl.java:requestVote(1184)) - dca6aaee-9331-4135-ba39-5d4da9c5694b@group-AFCDA00B9A33 replies to ELECTION vote request: bc887f2d-be8a-4785-be83-b8a81978c60b<-dca6aaee-9331-4135-ba39-5d4da9c5694b#0:FAIL-t3. Peer's state: dca6aaee-9331-4135-ba39-5d4da9c5694b@group-AFCDA00B9A33:t3, leader=null, voted=null, raftlog=dca6aaee-9331-4135-ba39-5d4da9c5694b@group-AFCDA00B9A33-SegmentedRaftLog:OPENED:c-1, conf=-1: [bc887f2d-be8a-4785-be83-b8a81978c60b|rpc:10.1.0.22:35037|dataStream:|priority:0, dca6aaee-9331-4135-ba39-5d4da9c5694b|rpc:10.1.0.22:41117|dataStream:|priority:1, 3de1546c-8c2e-4aa4-a8af-42deb78e6291|rpc:10.1.0.22:34197|dataStream:|priority:0], old=null
2022-06-27 16:56:45,974 [bc887f2d-be8a-4785-be83-b8a81978c60b@group-AFCDA00B9A33-LeaderElection38] INFO  impl.LeaderElection (LeaderElection.java:logAndReturn(90)) - bc887f2d-be8a-4785-be83-b8a81978c60b@group-AFCDA00B9A33-LeaderElection38: ELECTION REJECTED received 1 response(s) and 0 exception(s):
2022-06-27 16:56:45,974 [bc887f2d-be8a-4785-be83-b8a81978c60b@group-AFCDA00B9A33-LeaderElection38] INFO  impl.LeaderElection (LeaderElection.java:logAndReturn(94)) -   Response 0: bc887f2d-be8a-4785-be83-b8a81978c60b<-dca6aaee-9331-4135-ba39-5d4da9c5694b#0:FAIL-t3
2022-06-27 16:56:45,974 [bc887f2d-be8a-4785-be83-b8a81978c60b@group-AFCDA00B9A33-LeaderElection38] INFO  impl.LeaderElection (LeaderElection.java:askForVotes(312)) - bc887f2d-be8a-4785-be83-b8a81978c60b@group-AFCDA00B9A33-LeaderElection38 ELECTION round 0: result REJECTED
2022-06-27 16:56:45,974 [bc887f2d-be8a-4785-be83-b8a81978c60b@group-AFCDA00B9A33-LeaderElection38] INFO  server.RaftServer$Division (RaftServerImpl.java:setRole(299)) - bc887f2d-be8a-4785-be83-b8a81978c60b@group-AFCDA00B9A33: changes role from CANDIDATE to FOLLOWER at term 3 for REJECTED
2022-06-27 16:56:45,974 [bc887f2d-be8a-4785-be83-b8a81978c60b@group-AFCDA00B9A33-LeaderElection38] INFO  impl.RoleInfo (RoleInfo.java:shutdownLeaderElection(130)) - bc887f2d-be8a-4785-be83-b8a81978c60b: shutdown bc887f2d-be8a-4785-be83-b8a81978c60b@group-AFCDA00B9A33-LeaderElection38
2022-06-27 16:56:45,974 [bc887f2d-be8a-4785-be83-b8a81978c60b@group-AFCDA00B9A33-LeaderElection38] INFO  impl.RoleInfo (RoleInfo.java:updateAndGet(139)) - bc887f2d-be8a-4785-be83-b8a81978c60b: start bc887f2d-be8a-4785-be83-b8a81978c60b@group-AFCDA00B9A33-FollowerState
2022-06-27 16:56:45,998 [Time-limited test] INFO  fs.TrashPolicyDefault (TrashPolicyDefault.java:moveToTrash(188)) - Moved: '/volume77368/bucket91509/testKey2' to trash at: ofs:/volume77368/bucket91509/.Trash/runner/Current/volume77368/bucket91509/testKey2
]]></system-out>
  </testcase>
  <testcase name="testRenameToTrashEnabled" classname="TestRootedOzoneFileSystem" time="0.405">
    <system-out><![CDATA[2022-06-27 16:58:03,996 [Time-limited test] INFO  rpc.RpcClient (RpcClient.java:createVolume(466)) - Creating Volume: volume94156, with user23782 as owner and space quota set to -1 bytes, counts quota set to -1
2022-06-27 16:58:03,999 [OM StateMachine ApplyTransaction Thread - 0] INFO  volume.OMVolumeCreateRequest (OMVolumeCreateRequest.java:validateAndUpdateCache(195)) - created volume:volume94156 for user:user23782
2022-06-27 16:58:04,005 [Time-limited test] INFO  rpc.RpcClient (RpcClient.java:createBucket(666)) - Creating Bucket: volume94156/bucket00306, with the Bucket Layout LEGACY, runner as owner, Versioning false, Storage Type set to DISK and Encryption set to false 
2022-06-27 16:58:04,011 [OM StateMachine ApplyTransaction Thread - 0] INFO  bucket.OMBucketCreateRequest (OMBucketCreateRequest.java:validateAndUpdateCache(260)) - created bucket: bucket00306 of layout LEGACY in volume: volume94156
16:58:04.224 [IPC Server handler 8 on default port 40965] ERROR OMAudit - user=runner | ip=127.0.0.1 | op=GET_FILE_STATUS {volume=volume94156, bucket=bucket00306, key=.Trash/runner/Current/volume94156/bucket00306/testKey2, dataSize=0, replicationConfig=null} | ret=FAILURE
org.apache.hadoop.ozone.om.exceptions.OMException: Unable to get file status: volume: volume94156 bucket: bucket00306 key: .Trash/runner/Current/volume94156/bucket00306/testKey2
	at org.apache.hadoop.ozone.om.KeyManagerImpl.getOzoneFileStatus(KeyManagerImpl.java:1311) ~[ozone-manager-1.3.0-SNAPSHOT.jar:?]
	at org.apache.hadoop.ozone.om.KeyManagerImpl.getFileStatus(KeyManagerImpl.java:1241) ~[ozone-manager-1.3.0-SNAPSHOT.jar:?]
	at org.apache.hadoop.ozone.om.OzoneManager.getFileStatus(OzoneManager.java:3419) ~[ozone-manager-1.3.0-SNAPSHOT.jar:?]
	at org.apache.hadoop.ozone.protocolPB.OzoneManagerRequestHandler.getOzoneFileStatus(OzoneManagerRequestHandler.java:871) ~[ozone-manager-1.3.0-SNAPSHOT.jar:?]
	at org.apache.hadoop.ozone.protocolPB.OzoneManagerRequestHandler.handleReadRequest(OzoneManagerRequestHandler.java:217) ~[ozone-manager-1.3.0-SNAPSHOT.jar:?]
	at org.apache.hadoop.ozone.protocolPB.OzoneManagerProtocolServerSideTranslatorPB.submitReadRequestToOM(OzoneManagerProtocolServerSideTranslatorPB.java:226) ~[ozone-manager-1.3.0-SNAPSHOT.jar:?]
	at org.apache.hadoop.ozone.protocolPB.OzoneManagerProtocolServerSideTranslatorPB.processRequest(OzoneManagerProtocolServerSideTranslatorPB.java:175) ~[ozone-manager-1.3.0-SNAPSHOT.jar:?]
	at org.apache.hadoop.hdds.server.OzoneProtocolMessageDispatcher.processRequest(OzoneProtocolMessageDispatcher.java:87) [hdds-server-framework-1.3.0-SNAPSHOT.jar:?]
	at org.apache.hadoop.ozone.protocolPB.OzoneManagerProtocolServerSideTranslatorPB.submitRequest(OzoneManagerProtocolServerSideTranslatorPB.java:147) [ozone-manager-1.3.0-SNAPSHOT.jar:?]
	at org.apache.hadoop.ozone.protocol.proto.OzoneManagerProtocolProtos$OzoneManagerService$2.callBlockingMethod(OzoneManagerProtocolProtos.java) [ozone-interface-client-1.3.0-SNAPSHOT.jar:?]
	at org.apache.hadoop.ipc.ProtobufRpcEngine$Server.processCall(ProtobufRpcEngine.java:466) [hadoop-common-3.3.1.jar:?]
	at org.apache.hadoop.ipc.ProtobufRpcEngine2$Server$ProtoBufRpcInvoker.call(ProtobufRpcEngine2.java:574) [hadoop-common-3.3.1.jar:?]
	at org.apache.hadoop.ipc.ProtobufRpcEngine2$Server$ProtoBufRpcInvoker.call(ProtobufRpcEngine2.java:552) [hadoop-common-3.3.1.jar:?]
	at org.apache.hadoop.ipc.RPC$Server.call(RPC.java:1093) [hadoop-common-3.3.1.jar:?]
	at org.apache.hadoop.ipc.Server$RpcCall.run(Server.java:1035) [hadoop-common-3.3.1.jar:?]
	at org.apache.hadoop.ipc.Server$RpcCall.run(Server.java:963) [hadoop-common-3.3.1.jar:?]
	at java.security.AccessController.doPrivileged(Native Method) ~[?:1.8.0_332]
	at javax.security.auth.Subject.doAs(Subject.java:422) [?:1.8.0_332]
	at org.apache.hadoop.security.UserGroupInformation.doAs(UserGroupInformation.java:1878) [hadoop-common-3.3.1.jar:?]
	at org.apache.hadoop.ipc.Server$Handler.run(Server.java:2966) [hadoop-common-3.3.1.jar:?]
16:58:04.226 [IPC Server handler 17 on default port 40965] ERROR OMAudit - user=runner | ip=127.0.0.1 | op=GET_FILE_STATUS {volume=volume94156, bucket=bucket00306, key=.Trash/runner/Current/volume94156/bucket00306/testKey2, dataSize=0, replicationConfig=null} | ret=FAILURE
org.apache.hadoop.ozone.om.exceptions.OMException: Unable to get file status: volume: volume94156 bucket: bucket00306 key: .Trash/runner/Current/volume94156/bucket00306/testKey2
	at org.apache.hadoop.ozone.om.KeyManagerImpl.getOzoneFileStatus(KeyManagerImpl.java:1311) ~[ozone-manager-1.3.0-SNAPSHOT.jar:?]
	at org.apache.hadoop.ozone.om.KeyManagerImpl.getFileStatus(KeyManagerImpl.java:1241) ~[ozone-manager-1.3.0-SNAPSHOT.jar:?]
	at org.apache.hadoop.ozone.om.OzoneManager.getFileStatus(OzoneManager.java:3419) ~[ozone-manager-1.3.0-SNAPSHOT.jar:?]
	at org.apache.hadoop.ozone.protocolPB.OzoneManagerRequestHandler.getOzoneFileStatus(OzoneManagerRequestHandler.java:871) ~[ozone-manager-1.3.0-SNAPSHOT.jar:?]
	at org.apache.hadoop.ozone.protocolPB.OzoneManagerRequestHandler.handleReadRequest(OzoneManagerRequestHandler.java:217) ~[ozone-manager-1.3.0-SNAPSHOT.jar:?]
	at org.apache.hadoop.ozone.protocolPB.OzoneManagerProtocolServerSideTranslatorPB.submitReadRequestToOM(OzoneManagerProtocolServerSideTranslatorPB.java:226) ~[ozone-manager-1.3.0-SNAPSHOT.jar:?]
	at org.apache.hadoop.ozone.protocolPB.OzoneManagerProtocolServerSideTranslatorPB.processRequest(OzoneManagerProtocolServerSideTranslatorPB.java:175) ~[ozone-manager-1.3.0-SNAPSHOT.jar:?]
	at org.apache.hadoop.hdds.server.OzoneProtocolMessageDispatcher.processRequest(OzoneProtocolMessageDispatcher.java:87) [hdds-server-framework-1.3.0-SNAPSHOT.jar:?]
	at org.apache.hadoop.ozone.protocolPB.OzoneManagerProtocolServerSideTranslatorPB.submitRequest(OzoneManagerProtocolServerSideTranslatorPB.java:147) [ozone-manager-1.3.0-SNAPSHOT.jar:?]
	at org.apache.hadoop.ozone.protocol.proto.OzoneManagerProtocolProtos$OzoneManagerService$2.callBlockingMethod(OzoneManagerProtocolProtos.java) [ozone-interface-client-1.3.0-SNAPSHOT.jar:?]
	at org.apache.hadoop.ipc.ProtobufRpcEngine$Server.processCall(ProtobufRpcEngine.java:466) [hadoop-common-3.3.1.jar:?]
	at org.apache.hadoop.ipc.ProtobufRpcEngine2$Server$ProtoBufRpcInvoker.call(ProtobufRpcEngine2.java:574) [hadoop-common-3.3.1.jar:?]
	at org.apache.hadoop.ipc.ProtobufRpcEngine2$Server$ProtoBufRpcInvoker.call(ProtobufRpcEngine2.java:552) [hadoop-common-3.3.1.jar:?]
	at org.apache.hadoop.ipc.RPC$Server.call(RPC.java:1093) [hadoop-common-3.3.1.jar:?]
	at org.apache.hadoop.ipc.Server$RpcCall.run(Server.java:1035) [hadoop-common-3.3.1.jar:?]
	at org.apache.hadoop.ipc.Server$RpcCall.run(Server.java:963) [hadoop-common-3.3.1.jar:?]
	at java.security.AccessController.doPrivileged(Native Method) ~[?:1.8.0_332]
	at javax.security.auth.Subject.doAs(Subject.java:422) [?:1.8.0_332]
	at org.apache.hadoop.security.UserGroupInformation.doAs(UserGroupInformation.java:1878) [hadoop-common-3.3.1.jar:?]
	at org.apache.hadoop.ipc.Server$Handler.run(Server.java:2966) [hadoop-common-3.3.1.jar:?]
2022-06-27 16:58:04,243 [Time-limited test] INFO  fs.TrashPolicyDefault (TrashPolicyDefault.java:moveToTrash(188)) - Moved: '/volume94156/bucket00306/testKey2' to trash at: ofs:/volume94156/bucket00306/.Trash/runner/Current/volume94156/bucket00306/testKey2
]]></system-out>
  </testcase>
  <testcase name="testRenameToTrashEnabled" classname="TestRootedOzoneFileSystem" time="0.887">
    <failure type="java.lang.AssertionError"><![CDATA[java.lang.AssertionError
	at org.junit.Assert.fail(Assert.java:87)
	at org.junit.Assert.assertTrue(Assert.java:42)
	at org.junit.Assert.assertTrue(Assert.java:53)
	at org.apache.hadoop.fs.ozone.TestRootedOzoneFileSystem.testRenameToTrashEnabled(TestRootedOzoneFileSystem.java:1286)
	at sun.reflect.NativeMethodAccessorImpl.invoke0(Native Method)
	at sun.reflect.NativeMethodAccessorImpl.invoke(NativeMethodAccessorImpl.java:62)
	at sun.reflect.DelegatingMethodAccessorImpl.invoke(DelegatingMethodAccessorImpl.java:43)
	at java.lang.reflect.Method.invoke(Method.java:498)
	at org.junit.runners.model.FrameworkMethod$1.runReflectiveCall(FrameworkMethod.java:59)
	at org.junit.internal.runners.model.ReflectiveCallable.run(ReflectiveCallable.java:12)
	at org.junit.runners.model.FrameworkMethod.invokeExplosively(FrameworkMethod.java:56)
	at org.junit.internal.runners.statements.InvokeMethod.evaluate(InvokeMethod.java:17)
	at org.junit.internal.runners.statements.RunBefores.evaluate(RunBefores.java:26)
	at org.junit.internal.runners.statements.RunAfters.evaluate(RunAfters.java:27)
	at org.junit.internal.runners.statements.FailOnTimeout$CallableStatement.call(FailOnTimeout.java:288)
	at org.junit.internal.runners.statements.FailOnTimeout$CallableStatement.call(FailOnTimeout.java:282)
	at java.util.concurrent.FutureTask.run(FutureTask.java:266)
	at java.lang.Thread.run(Thread.java:750)
]]></failure>
    <system-out><![CDATA[2022-06-27 16:59:23,445 [Time-limited test] INFO  rpc.RpcClient (RpcClient.java:createVolume(466)) - Creating Volume: volume65606, with user10425 as owner and space quota set to -1 bytes, counts quota set to -1
2022-06-27 16:59:23,446 [IPC Server handler 7 on default port 35065] INFO  volume.OMVolumeCreateRequest (OMVolumeCreateRequest.java:validateAndUpdateCache(195)) - created volume:volume65606 for user:user10425
2022-06-27 16:59:23,453 [Time-limited test] INFO  rpc.RpcClient (RpcClient.java:createBucket(666)) - Creating Bucket: volume65606/bucket89439, with the Bucket Layout LEGACY, runner as owner, Versioning false, Storage Type set to DISK and Encryption set to false 
2022-06-27 16:59:23,456 [IPC Server handler 4 on default port 35065] INFO  bucket.OMBucketCreateRequest (OMBucketCreateRequest.java:validateAndUpdateCache(260)) - created bucket: bucket89439 of layout LEGACY in volume: volume65606
2022-06-27 16:59:23,625 [97d0f922-59b0-4c16-8d4c-abda25e6e18a@group-F63F9DE2F8BD-FollowerState] INFO  impl.FollowerState (FollowerState.java:run(143)) - 97d0f922-59b0-4c16-8d4c-abda25e6e18a@group-F63F9DE2F8BD-FollowerState: change to CANDIDATE, lastRpcElapsedTime:5023028440ns, electionTimeout:5022ms
2022-06-27 16:59:23,625 [97d0f922-59b0-4c16-8d4c-abda25e6e18a@group-F63F9DE2F8BD-FollowerState] INFO  impl.RoleInfo (RoleInfo.java:shutdownFollowerState(110)) - 97d0f922-59b0-4c16-8d4c-abda25e6e18a: shutdown 97d0f922-59b0-4c16-8d4c-abda25e6e18a@group-F63F9DE2F8BD-FollowerState
2022-06-27 16:59:23,625 [97d0f922-59b0-4c16-8d4c-abda25e6e18a@group-F63F9DE2F8BD-FollowerState] INFO  server.RaftServer$Division (RaftServerImpl.java:setRole(299)) - 97d0f922-59b0-4c16-8d4c-abda25e6e18a@group-F63F9DE2F8BD: changes role from  FOLLOWER to CANDIDATE at term 2 for changeToCandidate
2022-06-27 16:59:23,625 [97d0f922-59b0-4c16-8d4c-abda25e6e18a@group-F63F9DE2F8BD-FollowerState] INFO  server.RaftServerConfigKeys (ConfUtils.java:logGet(46)) - raft.server.leaderelection.pre-vote = false (custom)
2022-06-27 16:59:23,625 [97d0f922-59b0-4c16-8d4c-abda25e6e18a@group-F63F9DE2F8BD-FollowerState] INFO  impl.RoleInfo (RoleInfo.java:updateAndGet(139)) - 97d0f922-59b0-4c16-8d4c-abda25e6e18a: start 97d0f922-59b0-4c16-8d4c-abda25e6e18a@group-F63F9DE2F8BD-LeaderElection78
2022-06-27 16:59:23,671 [95b81b85-17bb-45ea-89c3-846c2a70bfe7@group-F63F9DE2F8BD-FollowerState] INFO  impl.FollowerState (FollowerState.java:run(143)) - 95b81b85-17bb-45ea-89c3-846c2a70bfe7@group-F63F9DE2F8BD-FollowerState: change to CANDIDATE, lastRpcElapsedTime:5051438395ns, electionTimeout:5049ms
2022-06-27 16:59:23,671 [95b81b85-17bb-45ea-89c3-846c2a70bfe7@group-F63F9DE2F8BD-FollowerState] INFO  impl.RoleInfo (RoleInfo.java:shutdownFollowerState(110)) - 95b81b85-17bb-45ea-89c3-846c2a70bfe7: shutdown 95b81b85-17bb-45ea-89c3-846c2a70bfe7@group-F63F9DE2F8BD-FollowerState
2022-06-27 16:59:23,671 [95b81b85-17bb-45ea-89c3-846c2a70bfe7@group-F63F9DE2F8BD-FollowerState] INFO  server.RaftServer$Division (RaftServerImpl.java:setRole(299)) - 95b81b85-17bb-45ea-89c3-846c2a70bfe7@group-F63F9DE2F8BD: changes role from  FOLLOWER to CANDIDATE at term 2 for changeToCandidate
2022-06-27 16:59:23,717 [ac84e220-994f-4e81-aa4c-572e6d7da39f@group-F63F9DE2F8BD-FollowerState] INFO  impl.FollowerState (FollowerState.java:run(143)) - ac84e220-994f-4e81-aa4c-572e6d7da39f@group-F63F9DE2F8BD-FollowerState: change to CANDIDATE, lastRpcElapsedTime:5115170365ns, electionTimeout:5102ms
2022-06-27 16:59:23,717 [ac84e220-994f-4e81-aa4c-572e6d7da39f@group-F63F9DE2F8BD-FollowerState] INFO  impl.RoleInfo (RoleInfo.java:shutdownFollowerState(110)) - ac84e220-994f-4e81-aa4c-572e6d7da39f: shutdown ac84e220-994f-4e81-aa4c-572e6d7da39f@group-F63F9DE2F8BD-FollowerState
2022-06-27 16:59:23,717 [ac84e220-994f-4e81-aa4c-572e6d7da39f@group-F63F9DE2F8BD-FollowerState] INFO  server.RaftServer$Division (RaftServerImpl.java:setRole(299)) - ac84e220-994f-4e81-aa4c-572e6d7da39f@group-F63F9DE2F8BD: changes role from  FOLLOWER to CANDIDATE at term 2 for changeToCandidate
2022-06-27 16:59:23,717 [ac84e220-994f-4e81-aa4c-572e6d7da39f@group-F63F9DE2F8BD-FollowerState] INFO  server.RaftServerConfigKeys (ConfUtils.java:logGet(46)) - raft.server.leaderelection.pre-vote = false (custom)
2022-06-27 16:59:23,717 [ac84e220-994f-4e81-aa4c-572e6d7da39f@group-F63F9DE2F8BD-FollowerState] INFO  impl.RoleInfo (RoleInfo.java:updateAndGet(139)) - ac84e220-994f-4e81-aa4c-572e6d7da39f: start ac84e220-994f-4e81-aa4c-572e6d7da39f@group-F63F9DE2F8BD-LeaderElection80
2022-06-27 16:59:23,742 [97d0f922-59b0-4c16-8d4c-abda25e6e18a@group-F63F9DE2F8BD-LeaderElection78] INFO  impl.LeaderElection (LeaderElection.java:askForVotes(310)) - 97d0f922-59b0-4c16-8d4c-abda25e6e18a@group-F63F9DE2F8BD-LeaderElection78 ELECTION round 0: submit vote requests at term 3 for -1: [97d0f922-59b0-4c16-8d4c-abda25e6e18a|rpc:10.1.0.22:33221|dataStream:|priority:0, 95b81b85-17bb-45ea-89c3-846c2a70bfe7|rpc:10.1.0.22:34665|dataStream:|priority:0, ac84e220-994f-4e81-aa4c-572e6d7da39f|rpc:10.1.0.22:46211|dataStream:|priority:1], old=null
2022-06-27 16:59:23,782 [ac84e220-994f-4e81-aa4c-572e6d7da39f@group-F63F9DE2F8BD-LeaderElection80] INFO  impl.LeaderElection (LeaderElection.java:askForVotes(310)) - ac84e220-994f-4e81-aa4c-572e6d7da39f@group-F63F9DE2F8BD-LeaderElection80 ELECTION round 0: submit vote requests at term 3 for -1: [97d0f922-59b0-4c16-8d4c-abda25e6e18a|rpc:10.1.0.22:33221|dataStream:|priority:0, 95b81b85-17bb-45ea-89c3-846c2a70bfe7|rpc:10.1.0.22:34665|dataStream:|priority:0, ac84e220-994f-4e81-aa4c-572e6d7da39f|rpc:10.1.0.22:46211|dataStream:|priority:1], old=null
2022-06-27 16:59:23,799 [95b81b85-17bb-45ea-89c3-846c2a70bfe7@group-F63F9DE2F8BD-FollowerState] INFO  server.RaftServerConfigKeys (ConfUtils.java:logGet(46)) - raft.server.leaderelection.pre-vote = false (custom)
2022-06-27 16:59:23,799 [95b81b85-17bb-45ea-89c3-846c2a70bfe7@group-F63F9DE2F8BD-FollowerState] INFO  impl.RoleInfo (RoleInfo.java:updateAndGet(139)) - 95b81b85-17bb-45ea-89c3-846c2a70bfe7: start 95b81b85-17bb-45ea-89c3-846c2a70bfe7@group-F63F9DE2F8BD-LeaderElection79
16:59:23.830 [IPC Server handler 13 on default port 35065] ERROR OMAudit - user=runner | ip=127.0.0.1 | op=GET_FILE_STATUS {volume=volume65606, bucket=bucket89439, key=.Trash/runner/Current/volume65606/bucket89439/testKey2, dataSize=0, replicationConfig=null} | ret=FAILURE
org.apache.hadoop.ozone.om.exceptions.OMException: Unable to get file status: volume: volume65606 bucket: bucket89439 key: .Trash/runner/Current/volume65606/bucket89439/testKey2
	at org.apache.hadoop.ozone.om.KeyManagerImpl.getOzoneFileStatus(KeyManagerImpl.java:1311) ~[ozone-manager-1.3.0-SNAPSHOT.jar:?]
	at org.apache.hadoop.ozone.om.KeyManagerImpl.getFileStatus(KeyManagerImpl.java:1241) ~[ozone-manager-1.3.0-SNAPSHOT.jar:?]
	at org.apache.hadoop.ozone.om.OzoneManager.getFileStatus(OzoneManager.java:3419) ~[ozone-manager-1.3.0-SNAPSHOT.jar:?]
	at org.apache.hadoop.ozone.protocolPB.OzoneManagerRequestHandler.getOzoneFileStatus(OzoneManagerRequestHandler.java:871) ~[ozone-manager-1.3.0-SNAPSHOT.jar:?]
	at org.apache.hadoop.ozone.protocolPB.OzoneManagerRequestHandler.handleReadRequest(OzoneManagerRequestHandler.java:217) ~[ozone-manager-1.3.0-SNAPSHOT.jar:?]
	at org.apache.hadoop.ozone.protocolPB.OzoneManagerProtocolServerSideTranslatorPB.submitRequestDirectlyToOM(OzoneManagerProtocolServerSideTranslatorPB.java:276) ~[ozone-manager-1.3.0-SNAPSHOT.jar:?]
	at org.apache.hadoop.ozone.protocolPB.OzoneManagerProtocolServerSideTranslatorPB.processRequest(OzoneManagerProtocolServerSideTranslatorPB.java:205) ~[ozone-manager-1.3.0-SNAPSHOT.jar:?]
	at org.apache.hadoop.hdds.server.OzoneProtocolMessageDispatcher.processRequest(OzoneProtocolMessageDispatcher.java:87) [hdds-server-framework-1.3.0-SNAPSHOT.jar:?]
	at org.apache.hadoop.ozone.protocolPB.OzoneManagerProtocolServerSideTranslatorPB.submitRequest(OzoneManagerProtocolServerSideTranslatorPB.java:147) [ozone-manager-1.3.0-SNAPSHOT.jar:?]
	at org.apache.hadoop.ozone.protocol.proto.OzoneManagerProtocolProtos$OzoneManagerService$2.callBlockingMethod(OzoneManagerProtocolProtos.java) [ozone-interface-client-1.3.0-SNAPSHOT.jar:?]
	at org.apache.hadoop.ipc.ProtobufRpcEngine$Server.processCall(ProtobufRpcEngine.java:466) [hadoop-common-3.3.1.jar:?]
	at org.apache.hadoop.ipc.ProtobufRpcEngine2$Server$ProtoBufRpcInvoker.call(ProtobufRpcEngine2.java:574) [hadoop-common-3.3.1.jar:?]
	at org.apache.hadoop.ipc.ProtobufRpcEngine2$Server$ProtoBufRpcInvoker.call(ProtobufRpcEngine2.java:552) [hadoop-common-3.3.1.jar:?]
	at org.apache.hadoop.ipc.RPC$Server.call(RPC.java:1093) [hadoop-common-3.3.1.jar:?]
	at org.apache.hadoop.ipc.Server$RpcCall.run(Server.java:1035) [hadoop-common-3.3.1.jar:?]
	at org.apache.hadoop.ipc.Server$RpcCall.run(Server.java:963) [hadoop-common-3.3.1.jar:?]
	at java.security.AccessController.doPrivileged(Native Method) ~[?:1.8.0_332]
	at javax.security.auth.Subject.doAs(Subject.java:422) [?:1.8.0_332]
	at org.apache.hadoop.security.UserGroupInformation.doAs(UserGroupInformation.java:1878) [hadoop-common-3.3.1.jar:?]
	at org.apache.hadoop.ipc.Server$Handler.run(Server.java:2966) [hadoop-common-3.3.1.jar:?]
2022-06-27 16:59:23,852 [95b81b85-17bb-45ea-89c3-846c2a70bfe7@group-F63F9DE2F8BD-LeaderElection79] INFO  impl.LeaderElection (LeaderElection.java:askForVotes(310)) - 95b81b85-17bb-45ea-89c3-846c2a70bfe7@group-F63F9DE2F8BD-LeaderElection79 ELECTION round 0: submit vote requests at term 3 for -1: [97d0f922-59b0-4c16-8d4c-abda25e6e18a|rpc:10.1.0.22:33221|priority:0, 95b81b85-17bb-45ea-89c3-846c2a70bfe7|rpc:10.1.0.22:34665|priority:0, ac84e220-994f-4e81-aa4c-572e6d7da39f|rpc:10.1.0.22:46211|priority:1], old=null
16:59:23.966 [IPC Server handler 0 on default port 35065] ERROR OMAudit - user=runner | ip=127.0.0.1 | op=GET_FILE_STATUS {volume=volume65606, bucket=bucket89439, key=.Trash/runner/Current/volume65606/bucket89439/testKey2, dataSize=0, replicationConfig=null} | ret=FAILURE
org.apache.hadoop.ozone.om.exceptions.OMException: Unable to get file status: volume: volume65606 bucket: bucket89439 key: .Trash/runner/Current/volume65606/bucket89439/testKey2
	at org.apache.hadoop.ozone.om.KeyManagerImpl.getOzoneFileStatus(KeyManagerImpl.java:1311) ~[ozone-manager-1.3.0-SNAPSHOT.jar:?]
	at org.apache.hadoop.ozone.om.KeyManagerImpl.getFileStatus(KeyManagerImpl.java:1241) ~[ozone-manager-1.3.0-SNAPSHOT.jar:?]
	at org.apache.hadoop.ozone.om.OzoneManager.getFileStatus(OzoneManager.java:3419) ~[ozone-manager-1.3.0-SNAPSHOT.jar:?]
	at org.apache.hadoop.ozone.protocolPB.OzoneManagerRequestHandler.getOzoneFileStatus(OzoneManagerRequestHandler.java:871) ~[ozone-manager-1.3.0-SNAPSHOT.jar:?]
	at org.apache.hadoop.ozone.protocolPB.OzoneManagerRequestHandler.handleReadRequest(OzoneManagerRequestHandler.java:217) ~[ozone-manager-1.3.0-SNAPSHOT.jar:?]
	at org.apache.hadoop.ozone.protocolPB.OzoneManagerProtocolServerSideTranslatorPB.submitRequestDirectlyToOM(OzoneManagerProtocolServerSideTranslatorPB.java:276) ~[ozone-manager-1.3.0-SNAPSHOT.jar:?]
	at org.apache.hadoop.ozone.protocolPB.OzoneManagerProtocolServerSideTranslatorPB.processRequest(OzoneManagerProtocolServerSideTranslatorPB.java:205) ~[ozone-manager-1.3.0-SNAPSHOT.jar:?]
	at org.apache.hadoop.hdds.server.OzoneProtocolMessageDispatcher.processRequest(OzoneProtocolMessageDispatcher.java:87) [hdds-server-framework-1.3.0-SNAPSHOT.jar:?]
	at org.apache.hadoop.ozone.protocolPB.OzoneManagerProtocolServerSideTranslatorPB.submitRequest(OzoneManagerProtocolServerSideTranslatorPB.java:147) [ozone-manager-1.3.0-SNAPSHOT.jar:?]
	at org.apache.hadoop.ozone.protocol.proto.OzoneManagerProtocolProtos$OzoneManagerService$2.callBlockingMethod(OzoneManagerProtocolProtos.java) [ozone-interface-client-1.3.0-SNAPSHOT.jar:?]
	at org.apache.hadoop.ipc.ProtobufRpcEngine$Server.processCall(ProtobufRpcEngine.java:466) [hadoop-common-3.3.1.jar:?]
	at org.apache.hadoop.ipc.ProtobufRpcEngine2$Server$ProtoBufRpcInvoker.call(ProtobufRpcEngine2.java:574) [hadoop-common-3.3.1.jar:?]
	at org.apache.hadoop.ipc.ProtobufRpcEngine2$Server$ProtoBufRpcInvoker.call(ProtobufRpcEngine2.java:552) [hadoop-common-3.3.1.jar:?]
	at org.apache.hadoop.ipc.RPC$Server.call(RPC.java:1093) [hadoop-common-3.3.1.jar:?]
	at org.apache.hadoop.ipc.Server$RpcCall.run(Server.java:1035) [hadoop-common-3.3.1.jar:?]
	at org.apache.hadoop.ipc.Server$RpcCall.run(Server.java:963) [hadoop-common-3.3.1.jar:?]
	at java.security.AccessController.doPrivileged(Native Method) ~[?:1.8.0_332]
	at javax.security.auth.Subject.doAs(Subject.java:422) [?:1.8.0_332]
	at org.apache.hadoop.security.UserGroupInformation.doAs(UserGroupInformation.java:1878) [hadoop-common-3.3.1.jar:?]
	at org.apache.hadoop.ipc.Server$Handler.run(Server.java:2966) [hadoop-common-3.3.1.jar:?]
2022-06-27 16:59:24,019 [grpc-default-executor-0] INFO  server.RaftServer$Division (RaftServerImpl.java:requestVote(1152)) - 95b81b85-17bb-45ea-89c3-846c2a70bfe7@group-F63F9DE2F8BD: receive requestVote(ELECTION, ac84e220-994f-4e81-aa4c-572e6d7da39f, group-F63F9DE2F8BD, 3, (t:0, i:0))
2022-06-27 16:59:24,019 [grpc-default-executor-0] INFO  impl.VoteContext (VoteContext.java:log(48)) - 95b81b85-17bb-45ea-89c3-846c2a70bfe7@group-F63F9DE2F8BD-CANDIDATE: reject ELECTION from ac84e220-994f-4e81-aa4c-572e6d7da39f: already has voted for 95b81b85-17bb-45ea-89c3-846c2a70bfe7 at current term 3
2022-06-27 16:59:24,019 [grpc-default-executor-0] INFO  server.RaftServer$Division (RaftServerImpl.java:requestVote(1184)) - 95b81b85-17bb-45ea-89c3-846c2a70bfe7@group-F63F9DE2F8BD replies to ELECTION vote request: ac84e220-994f-4e81-aa4c-572e6d7da39f<-95b81b85-17bb-45ea-89c3-846c2a70bfe7#0:FAIL-t3. Peer's state: 95b81b85-17bb-45ea-89c3-846c2a70bfe7@group-F63F9DE2F8BD:t3, leader=null, voted=95b81b85-17bb-45ea-89c3-846c2a70bfe7, raftlog=95b81b85-17bb-45ea-89c3-846c2a70bfe7@group-F63F9DE2F8BD-SegmentedRaftLog:OPENED:c-1, conf=-1: [97d0f922-59b0-4c16-8d4c-abda25e6e18a|rpc:10.1.0.22:33221|priority:0, 95b81b85-17bb-45ea-89c3-846c2a70bfe7|rpc:10.1.0.22:34665|priority:0, ac84e220-994f-4e81-aa4c-572e6d7da39f|rpc:10.1.0.22:46211|priority:1], old=null
2022-06-27 16:59:24,020 [grpc-default-executor-3] INFO  server.RaftServer$Division (RaftServerImpl.java:requestVote(1152)) - 95b81b85-17bb-45ea-89c3-846c2a70bfe7@group-F63F9DE2F8BD: receive requestVote(ELECTION, 97d0f922-59b0-4c16-8d4c-abda25e6e18a, group-F63F9DE2F8BD, 3, (t:0, i:0))
2022-06-27 16:59:24,020 [grpc-default-executor-3] INFO  impl.VoteContext (VoteContext.java:log(48)) - 95b81b85-17bb-45ea-89c3-846c2a70bfe7@group-F63F9DE2F8BD-CANDIDATE: reject ELECTION from 97d0f922-59b0-4c16-8d4c-abda25e6e18a: already has voted for 95b81b85-17bb-45ea-89c3-846c2a70bfe7 at current term 3
2022-06-27 16:59:24,020 [grpc-default-executor-3] INFO  server.RaftServer$Division (RaftServerImpl.java:requestVote(1184)) - 95b81b85-17bb-45ea-89c3-846c2a70bfe7@group-F63F9DE2F8BD replies to ELECTION vote request: 97d0f922-59b0-4c16-8d4c-abda25e6e18a<-95b81b85-17bb-45ea-89c3-846c2a70bfe7#0:FAIL-t3. Peer's state: 95b81b85-17bb-45ea-89c3-846c2a70bfe7@group-F63F9DE2F8BD:t3, leader=null, voted=95b81b85-17bb-45ea-89c3-846c2a70bfe7, raftlog=95b81b85-17bb-45ea-89c3-846c2a70bfe7@group-F63F9DE2F8BD-SegmentedRaftLog:OPENED:c-1, conf=-1: [97d0f922-59b0-4c16-8d4c-abda25e6e18a|rpc:10.1.0.22:33221|priority:0, 95b81b85-17bb-45ea-89c3-846c2a70bfe7|rpc:10.1.0.22:34665|priority:0, ac84e220-994f-4e81-aa4c-572e6d7da39f|rpc:10.1.0.22:46211|priority:1], old=null
2022-06-27 16:59:24,071 [grpc-default-executor-2] INFO  server.RaftServer$Division (RaftServerImpl.java:requestVote(1152)) - 97d0f922-59b0-4c16-8d4c-abda25e6e18a@group-F63F9DE2F8BD: receive requestVote(ELECTION, 95b81b85-17bb-45ea-89c3-846c2a70bfe7, group-F63F9DE2F8BD, 3, (t:0, i:0))
2022-06-27 16:59:24,071 [grpc-default-executor-2] INFO  impl.VoteContext (VoteContext.java:log(48)) - 97d0f922-59b0-4c16-8d4c-abda25e6e18a@group-F63F9DE2F8BD-CANDIDATE: reject ELECTION from 95b81b85-17bb-45ea-89c3-846c2a70bfe7: already has voted for 97d0f922-59b0-4c16-8d4c-abda25e6e18a at current term 3
2022-06-27 16:59:24,071 [grpc-default-executor-2] INFO  server.RaftServer$Division (RaftServerImpl.java:requestVote(1184)) - 97d0f922-59b0-4c16-8d4c-abda25e6e18a@group-F63F9DE2F8BD replies to ELECTION vote request: 95b81b85-17bb-45ea-89c3-846c2a70bfe7<-97d0f922-59b0-4c16-8d4c-abda25e6e18a#0:FAIL-t3. Peer's state: 97d0f922-59b0-4c16-8d4c-abda25e6e18a@group-F63F9DE2F8BD:t3, leader=null, voted=97d0f922-59b0-4c16-8d4c-abda25e6e18a, raftlog=97d0f922-59b0-4c16-8d4c-abda25e6e18a@group-F63F9DE2F8BD-SegmentedRaftLog:OPENED:c-1, conf=-1: [97d0f922-59b0-4c16-8d4c-abda25e6e18a|rpc:10.1.0.22:33221|dataStream:|priority:0, 95b81b85-17bb-45ea-89c3-846c2a70bfe7|rpc:10.1.0.22:34665|dataStream:|priority:0, ac84e220-994f-4e81-aa4c-572e6d7da39f|rpc:10.1.0.22:46211|dataStream:|priority:1], old=null
2022-06-27 16:59:24,071 [grpc-default-executor-5] INFO  server.RaftServer$Division (RaftServerImpl.java:requestVote(1152)) - 97d0f922-59b0-4c16-8d4c-abda25e6e18a@group-F63F9DE2F8BD: receive requestVote(ELECTION, ac84e220-994f-4e81-aa4c-572e6d7da39f, group-F63F9DE2F8BD, 3, (t:0, i:0))
2022-06-27 16:59:24,072 [grpc-default-executor-5] INFO  impl.VoteContext (VoteContext.java:log(48)) - 97d0f922-59b0-4c16-8d4c-abda25e6e18a@group-F63F9DE2F8BD-CANDIDATE: reject ELECTION from ac84e220-994f-4e81-aa4c-572e6d7da39f: already has voted for 97d0f922-59b0-4c16-8d4c-abda25e6e18a at current term 3
2022-06-27 16:59:24,072 [grpc-default-executor-5] INFO  server.RaftServer$Division (RaftServerImpl.java:requestVote(1184)) - 97d0f922-59b0-4c16-8d4c-abda25e6e18a@group-F63F9DE2F8BD replies to ELECTION vote request: ac84e220-994f-4e81-aa4c-572e6d7da39f<-97d0f922-59b0-4c16-8d4c-abda25e6e18a#0:FAIL-t3. Peer's state: 97d0f922-59b0-4c16-8d4c-abda25e6e18a@group-F63F9DE2F8BD:t3, leader=null, voted=97d0f922-59b0-4c16-8d4c-abda25e6e18a, raftlog=97d0f922-59b0-4c16-8d4c-abda25e6e18a@group-F63F9DE2F8BD-SegmentedRaftLog:OPENED:c-1, conf=-1: [97d0f922-59b0-4c16-8d4c-abda25e6e18a|rpc:10.1.0.22:33221|dataStream:|priority:0, 95b81b85-17bb-45ea-89c3-846c2a70bfe7|rpc:10.1.0.22:34665|dataStream:|priority:0, ac84e220-994f-4e81-aa4c-572e6d7da39f|rpc:10.1.0.22:46211|dataStream:|priority:1], old=null
2022-06-27 16:59:24,122 [grpc-default-executor-3] INFO  server.RaftServer$Division (RaftServerImpl.java:requestVote(1152)) - ac84e220-994f-4e81-aa4c-572e6d7da39f@group-F63F9DE2F8BD: receive requestVote(ELECTION, 97d0f922-59b0-4c16-8d4c-abda25e6e18a, group-F63F9DE2F8BD, 3, (t:0, i:0))
2022-06-27 16:59:24,123 [grpc-default-executor-3] INFO  impl.VoteContext (VoteContext.java:log(48)) - ac84e220-994f-4e81-aa4c-572e6d7da39f@group-F63F9DE2F8BD-CANDIDATE: reject ELECTION from 97d0f922-59b0-4c16-8d4c-abda25e6e18a: already has voted for ac84e220-994f-4e81-aa4c-572e6d7da39f at current term 3
2022-06-27 16:59:24,123 [grpc-default-executor-3] INFO  server.RaftServer$Division (RaftServerImpl.java:requestVote(1184)) - ac84e220-994f-4e81-aa4c-572e6d7da39f@group-F63F9DE2F8BD replies to ELECTION vote request: 97d0f922-59b0-4c16-8d4c-abda25e6e18a<-ac84e220-994f-4e81-aa4c-572e6d7da39f#0:FAIL-t3. Peer's state: ac84e220-994f-4e81-aa4c-572e6d7da39f@group-F63F9DE2F8BD:t3, leader=null, voted=ac84e220-994f-4e81-aa4c-572e6d7da39f, raftlog=ac84e220-994f-4e81-aa4c-572e6d7da39f@group-F63F9DE2F8BD-SegmentedRaftLog:OPENED:c-1, conf=-1: [97d0f922-59b0-4c16-8d4c-abda25e6e18a|rpc:10.1.0.22:33221|dataStream:|priority:0, 95b81b85-17bb-45ea-89c3-846c2a70bfe7|rpc:10.1.0.22:34665|dataStream:|priority:0, ac84e220-994f-4e81-aa4c-572e6d7da39f|rpc:10.1.0.22:46211|dataStream:|priority:1], old=null
2022-06-27 16:59:24,124 [ac84e220-994f-4e81-aa4c-572e6d7da39f@group-F63F9DE2F8BD-LeaderElection80] INFO  impl.LeaderElection (LeaderElection.java:logAndReturn(90)) - ac84e220-994f-4e81-aa4c-572e6d7da39f@group-F63F9DE2F8BD-LeaderElection80: ELECTION REJECTED received 2 response(s) and 0 exception(s):
2022-06-27 16:59:24,124 [ac84e220-994f-4e81-aa4c-572e6d7da39f@group-F63F9DE2F8BD-LeaderElection80] INFO  impl.LeaderElection (LeaderElection.java:logAndReturn(94)) -   Response 0: ac84e220-994f-4e81-aa4c-572e6d7da39f<-97d0f922-59b0-4c16-8d4c-abda25e6e18a#0:FAIL-t3
2022-06-27 16:59:24,124 [ac84e220-994f-4e81-aa4c-572e6d7da39f@group-F63F9DE2F8BD-LeaderElection80] INFO  impl.LeaderElection (LeaderElection.java:logAndReturn(94)) -   Response 1: ac84e220-994f-4e81-aa4c-572e6d7da39f<-95b81b85-17bb-45ea-89c3-846c2a70bfe7#0:FAIL-t3
2022-06-27 16:59:24,124 [ac84e220-994f-4e81-aa4c-572e6d7da39f@group-F63F9DE2F8BD-LeaderElection80] INFO  impl.LeaderElection (LeaderElection.java:askForVotes(312)) - ac84e220-994f-4e81-aa4c-572e6d7da39f@group-F63F9DE2F8BD-LeaderElection80 ELECTION round 0: result REJECTED
2022-06-27 16:59:24,124 [ac84e220-994f-4e81-aa4c-572e6d7da39f@group-F63F9DE2F8BD-LeaderElection80] INFO  server.RaftServer$Division (RaftServerImpl.java:setRole(299)) - ac84e220-994f-4e81-aa4c-572e6d7da39f@group-F63F9DE2F8BD: changes role from CANDIDATE to FOLLOWER at term 3 for REJECTED
2022-06-27 16:59:24,124 [ac84e220-994f-4e81-aa4c-572e6d7da39f@group-F63F9DE2F8BD-LeaderElection80] INFO  impl.RoleInfo (RoleInfo.java:shutdownLeaderElection(130)) - ac84e220-994f-4e81-aa4c-572e6d7da39f: shutdown ac84e220-994f-4e81-aa4c-572e6d7da39f@group-F63F9DE2F8BD-LeaderElection80
2022-06-27 16:59:24,124 [ac84e220-994f-4e81-aa4c-572e6d7da39f@group-F63F9DE2F8BD-LeaderElection80] INFO  impl.RoleInfo (RoleInfo.java:updateAndGet(139)) - ac84e220-994f-4e81-aa4c-572e6d7da39f: start ac84e220-994f-4e81-aa4c-572e6d7da39f@group-F63F9DE2F8BD-FollowerState
2022-06-27 16:59:24,126 [Time-limited test] INFO  fs.TrashPolicyDefault (TrashPolicyDefault.java:moveToTrash(188)) - Moved: '/volume65606/bucket89439/testKey2' to trash at: ofs:/volume65606/bucket89439/.Trash/runner/Current/volume65606/bucket89439/testKey2
16:59:24.126 [IPC Server handler 11 on default port 35065] ERROR OMAudit - user=runner | ip=127.0.0.1 | op=GET_FILE_STATUS {volume=volume65606, bucket=bucket89439, key=.Trash/runner/Current, dataSize=0, replicationConfig=null} | ret=FAILURE
org.apache.hadoop.ozone.om.exceptions.OMException: Unable to get file status: volume: volume65606 bucket: bucket89439 key: .Trash/runner/Current
	at org.apache.hadoop.ozone.om.KeyManagerImpl.getOzoneFileStatus(KeyManagerImpl.java:1311) ~[ozone-manager-1.3.0-SNAPSHOT.jar:?]
	at org.apache.hadoop.ozone.om.KeyManagerImpl.getFileStatus(KeyManagerImpl.java:1241) ~[ozone-manager-1.3.0-SNAPSHOT.jar:?]
	at org.apache.hadoop.ozone.om.OzoneManager.getFileStatus(OzoneManager.java:3419) ~[ozone-manager-1.3.0-SNAPSHOT.jar:?]
	at org.apache.hadoop.ozone.protocolPB.OzoneManagerRequestHandler.getOzoneFileStatus(OzoneManagerRequestHandler.java:871) ~[ozone-manager-1.3.0-SNAPSHOT.jar:?]
	at org.apache.hadoop.ozone.protocolPB.OzoneManagerRequestHandler.handleReadRequest(OzoneManagerRequestHandler.java:217) ~[ozone-manager-1.3.0-SNAPSHOT.jar:?]
	at org.apache.hadoop.ozone.protocolPB.OzoneManagerProtocolServerSideTranslatorPB.submitRequestDirectlyToOM(OzoneManagerProtocolServerSideTranslatorPB.java:276) ~[ozone-manager-1.3.0-SNAPSHOT.jar:?]
	at org.apache.hadoop.ozone.protocolPB.OzoneManagerProtocolServerSideTranslatorPB.processRequest(OzoneManagerProtocolServerSideTranslatorPB.java:205) ~[ozone-manager-1.3.0-SNAPSHOT.jar:?]
	at org.apache.hadoop.hdds.server.OzoneProtocolMessageDispatcher.processRequest(OzoneProtocolMessageDispatcher.java:87) [hdds-server-framework-1.3.0-SNAPSHOT.jar:?]
	at org.apache.hadoop.ozone.protocolPB.OzoneManagerProtocolServerSideTranslatorPB.submitRequest(OzoneManagerProtocolServerSideTranslatorPB.java:147) [ozone-manager-1.3.0-SNAPSHOT.jar:?]
	at org.apache.hadoop.ozone.protocol.proto.OzoneManagerProtocolProtos$OzoneManagerService$2.callBlockingMethod(OzoneManagerProtocolProtos.java) [ozone-interface-client-1.3.0-SNAPSHOT.jar:?]
	at org.apache.hadoop.ipc.ProtobufRpcEngine$Server.processCall(ProtobufRpcEngine.java:466) [hadoop-common-3.3.1.jar:?]
	at org.apache.hadoop.ipc.ProtobufRpcEngine2$Server$ProtoBufRpcInvoker.call(ProtobufRpcEngine2.java:574) [hadoop-common-3.3.1.jar:?]
	at org.apache.hadoop.ipc.ProtobufRpcEngine2$Server$ProtoBufRpcInvoker.call(ProtobufRpcEngine2.java:552) [hadoop-common-3.3.1.jar:?]
	at org.apache.hadoop.ipc.RPC$Server.call(RPC.java:1093) [hadoop-common-3.3.1.jar:?]
	at org.apache.hadoop.ipc.Server$RpcCall.run(Server.java:1035) [hadoop-common-3.3.1.jar:?]
	at org.apache.hadoop.ipc.Server$RpcCall.run(Server.java:963) [hadoop-common-3.3.1.jar:?]
	at java.security.AccessController.doPrivileged(Native Method) ~[?:1.8.0_332]
	at javax.security.auth.Subject.doAs(Subject.java:422) [?:1.8.0_332]
	at org.apache.hadoop.security.UserGroupInformation.doAs(UserGroupInformation.java:1878) [hadoop-common-3.3.1.jar:?]
	at org.apache.hadoop.ipc.Server$Handler.run(Server.java:2966) [hadoop-common-3.3.1.jar:?]
2022-06-27 16:59:24,138 [grpc-default-executor-5] INFO  server.RaftServer$Division (RaftServerImpl.java:requestVote(1152)) - ac84e220-994f-4e81-aa4c-572e6d7da39f@group-F63F9DE2F8BD: receive requestVote(ELECTION, 95b81b85-17bb-45ea-89c3-846c2a70bfe7, group-F63F9DE2F8BD, 3, (t:0, i:0))
2022-06-27 16:59:24,138 [grpc-default-executor-5] INFO  impl.VoteContext (VoteContext.java:log(48)) - ac84e220-994f-4e81-aa4c-572e6d7da39f@group-F63F9DE2F8BD-FOLLOWER: reject ELECTION from 95b81b85-17bb-45ea-89c3-846c2a70bfe7: already has voted for ac84e220-994f-4e81-aa4c-572e6d7da39f at current term 3
2022-06-27 16:59:24,138 [grpc-default-executor-5] INFO  server.RaftServer$Division (RaftServerImpl.java:requestVote(1184)) - ac84e220-994f-4e81-aa4c-572e6d7da39f@group-F63F9DE2F8BD replies to ELECTION vote request: 95b81b85-17bb-45ea-89c3-846c2a70bfe7<-ac84e220-994f-4e81-aa4c-572e6d7da39f#0:FAIL-t3. Peer's state: ac84e220-994f-4e81-aa4c-572e6d7da39f@group-F63F9DE2F8BD:t3, leader=null, voted=ac84e220-994f-4e81-aa4c-572e6d7da39f, raftlog=ac84e220-994f-4e81-aa4c-572e6d7da39f@group-F63F9DE2F8BD-SegmentedRaftLog:OPENED:c-1, conf=-1: [97d0f922-59b0-4c16-8d4c-abda25e6e18a|rpc:10.1.0.22:33221|dataStream:|priority:0, 95b81b85-17bb-45ea-89c3-846c2a70bfe7|rpc:10.1.0.22:34665|dataStream:|priority:0, ac84e220-994f-4e81-aa4c-572e6d7da39f|rpc:10.1.0.22:46211|dataStream:|priority:1], old=null
2022-06-27 16:59:24,139 [97d0f922-59b0-4c16-8d4c-abda25e6e18a@group-F63F9DE2F8BD-LeaderElection78] INFO  impl.LeaderElection (LeaderElection.java:logAndReturn(90)) - 97d0f922-59b0-4c16-8d4c-abda25e6e18a@group-F63F9DE2F8BD-LeaderElection78: ELECTION REJECTED received 2 response(s) and 0 exception(s):
2022-06-27 16:59:24,139 [97d0f922-59b0-4c16-8d4c-abda25e6e18a@group-F63F9DE2F8BD-LeaderElection78] INFO  impl.LeaderElection (LeaderElection.java:logAndReturn(94)) -   Response 0: 97d0f922-59b0-4c16-8d4c-abda25e6e18a<-95b81b85-17bb-45ea-89c3-846c2a70bfe7#0:FAIL-t3
2022-06-27 16:59:24,139 [97d0f922-59b0-4c16-8d4c-abda25e6e18a@group-F63F9DE2F8BD-LeaderElection78] INFO  impl.LeaderElection (LeaderElection.java:logAndReturn(94)) -   Response 1: 97d0f922-59b0-4c16-8d4c-abda25e6e18a<-ac84e220-994f-4e81-aa4c-572e6d7da39f#0:FAIL-t3
2022-06-27 16:59:24,139 [97d0f922-59b0-4c16-8d4c-abda25e6e18a@group-F63F9DE2F8BD-LeaderElection78] INFO  impl.LeaderElection (LeaderElection.java:askForVotes(312)) - 97d0f922-59b0-4c16-8d4c-abda25e6e18a@group-F63F9DE2F8BD-LeaderElection78 ELECTION round 0: result REJECTED
2022-06-27 16:59:24,139 [97d0f922-59b0-4c16-8d4c-abda25e6e18a@group-F63F9DE2F8BD-LeaderElection78] INFO  server.RaftServer$Division (RaftServerImpl.java:setRole(299)) - 97d0f922-59b0-4c16-8d4c-abda25e6e18a@group-F63F9DE2F8BD: changes role from CANDIDATE to FOLLOWER at term 3 for REJECTED
2022-06-27 16:59:24,139 [97d0f922-59b0-4c16-8d4c-abda25e6e18a@group-F63F9DE2F8BD-LeaderElection78] INFO  impl.RoleInfo (RoleInfo.java:shutdownLeaderElection(130)) - 97d0f922-59b0-4c16-8d4c-abda25e6e18a: shutdown 97d0f922-59b0-4c16-8d4c-abda25e6e18a@group-F63F9DE2F8BD-LeaderElection78
2022-06-27 16:59:24,139 [97d0f922-59b0-4c16-8d4c-abda25e6e18a@group-F63F9DE2F8BD-LeaderElection78] INFO  impl.RoleInfo (RoleInfo.java:updateAndGet(139)) - 97d0f922-59b0-4c16-8d4c-abda25e6e18a: start 97d0f922-59b0-4c16-8d4c-abda25e6e18a@group-F63F9DE2F8BD-FollowerState
2022-06-27 16:59:24,179 [95b81b85-17bb-45ea-89c3-846c2a70bfe7@group-F63F9DE2F8BD-LeaderElection79] INFO  impl.LeaderElection (LeaderElection.java:logAndReturn(90)) - 95b81b85-17bb-45ea-89c3-846c2a70bfe7@group-F63F9DE2F8BD-LeaderElection79: ELECTION REJECTED received 2 response(s) and 0 exception(s):
2022-06-27 16:59:24,179 [95b81b85-17bb-45ea-89c3-846c2a70bfe7@group-F63F9DE2F8BD-LeaderElection79] INFO  impl.LeaderElection (LeaderElection.java:logAndReturn(94)) -   Response 0: 95b81b85-17bb-45ea-89c3-846c2a70bfe7<-97d0f922-59b0-4c16-8d4c-abda25e6e18a#0:FAIL-t3
2022-06-27 16:59:24,179 [95b81b85-17bb-45ea-89c3-846c2a70bfe7@group-F63F9DE2F8BD-LeaderElection79] INFO  impl.LeaderElection (LeaderElection.java:logAndReturn(94)) -   Response 1: 95b81b85-17bb-45ea-89c3-846c2a70bfe7<-ac84e220-994f-4e81-aa4c-572e6d7da39f#0:FAIL-t3
2022-06-27 16:59:24,179 [95b81b85-17bb-45ea-89c3-846c2a70bfe7@group-F63F9DE2F8BD-LeaderElection79] INFO  impl.LeaderElection (LeaderElection.java:askForVotes(312)) - 95b81b85-17bb-45ea-89c3-846c2a70bfe7@group-F63F9DE2F8BD-LeaderElection79 ELECTION round 0: result REJECTED
2022-06-27 16:59:24,179 [95b81b85-17bb-45ea-89c3-846c2a70bfe7@group-F63F9DE2F8BD-LeaderElection79] INFO  server.RaftServer$Division (RaftServerImpl.java:setRole(299)) - 95b81b85-17bb-45ea-89c3-846c2a70bfe7@group-F63F9DE2F8BD: changes role from CANDIDATE to FOLLOWER at term 3 for REJECTED
2022-06-27 16:59:24,179 [95b81b85-17bb-45ea-89c3-846c2a70bfe7@group-F63F9DE2F8BD-LeaderElection79] INFO  impl.RoleInfo (RoleInfo.java:shutdownLeaderElection(130)) - 95b81b85-17bb-45ea-89c3-846c2a70bfe7: shutdown 95b81b85-17bb-45ea-89c3-846c2a70bfe7@group-F63F9DE2F8BD-LeaderElection79
2022-06-27 16:59:24,179 [95b81b85-17bb-45ea-89c3-846c2a70bfe7@group-F63F9DE2F8BD-LeaderElection79] INFO  impl.RoleInfo (RoleInfo.java:updateAndGet(139)) - 95b81b85-17bb-45ea-89c3-846c2a70bfe7: start 95b81b85-17bb-45ea-89c3-846c2a70bfe7@group-F63F9DE2F8BD-FollowerState
]]></system-out>
  </testcase>
  <testcase name="testMkdirOnNonExistentVolumeBucketDir" classname="TestRootedOzoneFileSystem" time="0">
    <skipped type="org.junit.AssumptionViolatedException"><![CDATA[org.junit.AssumptionViolatedException: FS Path is enabled. Skipping this test as it is not tuned for FS Path yet
	at org.junit.Assume.assumeTrue(Assume.java:68)
	at org.apache.hadoop.fs.ozone.TestRootedOzoneFileSystem.testMkdirOnNonExistentVolumeBucketDir(TestRootedOzoneFileSystem.java:421)
	at sun.reflect.NativeMethodAccessorImpl.invoke0(Native Method)
	at sun.reflect.NativeMethodAccessorImpl.invoke(NativeMethodAccessorImpl.java:62)
	at sun.reflect.DelegatingMethodAccessorImpl.invoke(DelegatingMethodAccessorImpl.java:43)
	at java.lang.reflect.Method.invoke(Method.java:498)
	at org.junit.runners.model.FrameworkMethod$1.runReflectiveCall(FrameworkMethod.java:59)
	at org.junit.internal.runners.model.ReflectiveCallable.run(ReflectiveCallable.java:12)
	at org.junit.runners.model.FrameworkMethod.invokeExplosively(FrameworkMethod.java:56)
	at org.junit.internal.runners.statements.InvokeMethod.evaluate(InvokeMethod.java:17)
	at org.junit.internal.runners.statements.RunBefores.evaluate(RunBefores.java:26)
	at org.junit.internal.runners.statements.RunAfters.evaluate(RunAfters.java:27)
	at org.junit.internal.runners.statements.FailOnTimeout$CallableStatement.call(FailOnTimeout.java:288)
	at org.junit.internal.runners.statements.FailOnTimeout$CallableStatement.call(FailOnTimeout.java:282)
	at java.util.concurrent.FutureTask.run(FutureTask.java:266)
	at java.lang.Thread.run(Thread.java:750)
]]></skipped>
    <system-out><![CDATA[2022-06-27 16:54:33,275 [Time-limited test] INFO  rpc.RpcClient (RpcClient.java:createVolume(466)) - Creating Volume: volume85671, with user18500 as owner and space quota set to -1 bytes, counts quota set to -1
2022-06-27 16:54:33,277 [OM StateMachine ApplyTransaction Thread - 0] INFO  volume.OMVolumeCreateRequest (OMVolumeCreateRequest.java:validateAndUpdateCache(195)) - created volume:volume85671 for user:user18500
2022-06-27 16:54:33,280 [Time-limited test] INFO  rpc.RpcClient (RpcClient.java:createBucket(666)) - Creating Bucket: volume85671/bucket27991, with the Bucket Layout LEGACY, runner as owner, Versioning false, Storage Type set to DISK and Encryption set to false 
2022-06-27 16:54:33,283 [OM StateMachine ApplyTransaction Thread - 0] INFO  bucket.OMBucketCreateRequest (OMBucketCreateRequest.java:validateAndUpdateCache(260)) - created bucket: bucket27991 of layout LEGACY in volume: volume85671
]]></system-out>
  </testcase>
  <testcase name="testMkdirOnNonExistentVolumeBucketDir" classname="TestRootedOzoneFileSystem" time="0">
    <skipped type="org.junit.AssumptionViolatedException"><![CDATA[org.junit.AssumptionViolatedException: FS Path is enabled. Skipping this test as it is not tuned for FS Path yet
	at org.junit.Assume.assumeTrue(Assume.java:68)
	at org.apache.hadoop.fs.ozone.TestRootedOzoneFileSystem.testMkdirOnNonExistentVolumeBucketDir(TestRootedOzoneFileSystem.java:421)
	at sun.reflect.NativeMethodAccessorImpl.invoke0(Native Method)
	at sun.reflect.NativeMethodAccessorImpl.invoke(NativeMethodAccessorImpl.java:62)
	at sun.reflect.DelegatingMethodAccessorImpl.invoke(DelegatingMethodAccessorImpl.java:43)
	at java.lang.reflect.Method.invoke(Method.java:498)
	at org.junit.runners.model.FrameworkMethod$1.runReflectiveCall(FrameworkMethod.java:59)
	at org.junit.internal.runners.model.ReflectiveCallable.run(ReflectiveCallable.java:12)
	at org.junit.runners.model.FrameworkMethod.invokeExplosively(FrameworkMethod.java:56)
	at org.junit.internal.runners.statements.InvokeMethod.evaluate(InvokeMethod.java:17)
	at org.junit.internal.runners.statements.RunBefores.evaluate(RunBefores.java:26)
	at org.junit.internal.runners.statements.RunAfters.evaluate(RunAfters.java:27)
	at org.junit.internal.runners.statements.FailOnTimeout$CallableStatement.call(FailOnTimeout.java:288)
	at org.junit.internal.runners.statements.FailOnTimeout$CallableStatement.call(FailOnTimeout.java:282)
	at java.util.concurrent.FutureTask.run(FutureTask.java:266)
	at java.lang.Thread.run(Thread.java:750)
]]></skipped>
    <system-out><![CDATA[2022-06-27 16:55:38,234 [Time-limited test] INFO  rpc.RpcClient (RpcClient.java:createVolume(466)) - Creating Volume: volume84013, with user93686 as owner and space quota set to -1 bytes, counts quota set to -1
2022-06-27 16:55:38,237 [OM StateMachine ApplyTransaction Thread - 0] INFO  volume.OMVolumeCreateRequest (OMVolumeCreateRequest.java:validateAndUpdateCache(195)) - created volume:volume84013 for user:user93686
2022-06-27 16:55:38,238 [Time-limited test] INFO  rpc.RpcClient (RpcClient.java:createBucket(666)) - Creating Bucket: volume84013/bucket22311, with the Bucket Layout LEGACY, runner as owner, Versioning false, Storage Type set to DISK and Encryption set to false 
2022-06-27 16:55:38,242 [OM StateMachine ApplyTransaction Thread - 0] INFO  bucket.OMBucketCreateRequest (OMBucketCreateRequest.java:validateAndUpdateCache(260)) - created bucket: bucket22311 of layout LEGACY in volume: volume84013
]]></system-out>
  </testcase>
  <testcase name="testMkdirOnNonExistentVolumeBucketDir" classname="TestRootedOzoneFileSystem" time="0">
    <skipped type="org.junit.AssumptionViolatedException"><![CDATA[org.junit.AssumptionViolatedException: FS Path is enabled. Skipping this test as it is not tuned for FS Path yet
	at org.junit.Assume.assumeTrue(Assume.java:68)
	at org.apache.hadoop.fs.ozone.TestRootedOzoneFileSystem.testMkdirOnNonExistentVolumeBucketDir(TestRootedOzoneFileSystem.java:421)
	at sun.reflect.NativeMethodAccessorImpl.invoke0(Native Method)
	at sun.reflect.NativeMethodAccessorImpl.invoke(NativeMethodAccessorImpl.java:62)
	at sun.reflect.DelegatingMethodAccessorImpl.invoke(DelegatingMethodAccessorImpl.java:43)
	at java.lang.reflect.Method.invoke(Method.java:498)
	at org.junit.runners.model.FrameworkMethod$1.runReflectiveCall(FrameworkMethod.java:59)
	at org.junit.internal.runners.model.ReflectiveCallable.run(ReflectiveCallable.java:12)
	at org.junit.runners.model.FrameworkMethod.invokeExplosively(FrameworkMethod.java:56)
	at org.junit.internal.runners.statements.InvokeMethod.evaluate(InvokeMethod.java:17)
	at org.junit.internal.runners.statements.RunBefores.evaluate(RunBefores.java:26)
	at org.junit.internal.runners.statements.RunAfters.evaluate(RunAfters.java:27)
	at org.junit.internal.runners.statements.FailOnTimeout$CallableStatement.call(FailOnTimeout.java:288)
	at org.junit.internal.runners.statements.FailOnTimeout$CallableStatement.call(FailOnTimeout.java:282)
	at java.util.concurrent.FutureTask.run(FutureTask.java:266)
	at java.lang.Thread.run(Thread.java:750)
]]></skipped>
    <system-out><![CDATA[2022-06-27 16:56:46,085 [Time-limited test] INFO  rpc.RpcClient (RpcClient.java:createVolume(466)) - Creating Volume: volume60924, with user40858 as owner and space quota set to -1 bytes, counts quota set to -1
2022-06-27 16:56:46,087 [IPC Server handler 9 on default port 40407] INFO  volume.OMVolumeCreateRequest (OMVolumeCreateRequest.java:validateAndUpdateCache(195)) - created volume:volume60924 for user:user40858
2022-06-27 16:56:46,094 [Time-limited test] INFO  rpc.RpcClient (RpcClient.java:createBucket(666)) - Creating Bucket: volume60924/bucket56070, with the Bucket Layout LEGACY, runner as owner, Versioning false, Storage Type set to DISK and Encryption set to false 
2022-06-27 16:56:46,095 [IPC Server handler 11 on default port 40407] INFO  bucket.OMBucketCreateRequest (OMBucketCreateRequest.java:validateAndUpdateCache(260)) - created bucket: bucket56070 of layout LEGACY in volume: volume60924
]]></system-out>
  </testcase>
  <testcase name="testMkdirOnNonExistentVolumeBucketDir" classname="TestRootedOzoneFileSystem" time="0.176">
    <system-out><![CDATA[2022-06-27 16:58:04,369 [Time-limited test] INFO  rpc.RpcClient (RpcClient.java:createVolume(466)) - Creating Volume: volume55865, with user89594 as owner and space quota set to -1 bytes, counts quota set to -1
2022-06-27 16:58:04,373 [OM StateMachine ApplyTransaction Thread - 0] INFO  volume.OMVolumeCreateRequest (OMVolumeCreateRequest.java:validateAndUpdateCache(195)) - created volume:volume55865 for user:user89594
2022-06-27 16:58:04,374 [Time-limited test] INFO  rpc.RpcClient (RpcClient.java:createBucket(666)) - Creating Bucket: volume55865/bucket89575, with the Bucket Layout LEGACY, runner as owner, Versioning false, Storage Type set to DISK and Encryption set to false 
2022-06-27 16:58:04,378 [OM StateMachine ApplyTransaction Thread - 0] INFO  bucket.OMBucketCreateRequest (OMBucketCreateRequest.java:validateAndUpdateCache(260)) - created bucket: bucket89575 of layout LEGACY in volume: volume55865
16:58:04.379 [IPC Server handler 16 on default port 40965] ERROR OMAudit - user=runner | ip=127.0.0.1 | op=READ_BUCKET {volume=volume-76132, bucket=bucket-36387} | ret=FAILURE
org.apache.hadoop.ozone.om.exceptions.OMException: Volume not found when getting bucket info
	at org.apache.hadoop.ozone.om.BucketManagerImpl.getBucketInfo(BucketManagerImpl.java:127) ~[ozone-manager-1.3.0-SNAPSHOT.jar:?]
	at org.apache.hadoop.ozone.om.OzoneManager.getBucketInfo(OzoneManager.java:2778) ~[ozone-manager-1.3.0-SNAPSHOT.jar:?]
	at org.apache.hadoop.ozone.protocolPB.OzoneManagerRequestHandler.infoBucket(OzoneManagerRequestHandler.java:464) ~[ozone-manager-1.3.0-SNAPSHOT.jar:?]
	at org.apache.hadoop.ozone.protocolPB.OzoneManagerRequestHandler.handleReadRequest(OzoneManagerRequestHandler.java:172) ~[ozone-manager-1.3.0-SNAPSHOT.jar:?]
	at org.apache.hadoop.ozone.protocolPB.OzoneManagerProtocolServerSideTranslatorPB.submitReadRequestToOM(OzoneManagerProtocolServerSideTranslatorPB.java:226) ~[ozone-manager-1.3.0-SNAPSHOT.jar:?]
	at org.apache.hadoop.ozone.protocolPB.OzoneManagerProtocolServerSideTranslatorPB.processRequest(OzoneManagerProtocolServerSideTranslatorPB.java:175) ~[ozone-manager-1.3.0-SNAPSHOT.jar:?]
	at org.apache.hadoop.hdds.server.OzoneProtocolMessageDispatcher.processRequest(OzoneProtocolMessageDispatcher.java:87) [hdds-server-framework-1.3.0-SNAPSHOT.jar:?]
	at org.apache.hadoop.ozone.protocolPB.OzoneManagerProtocolServerSideTranslatorPB.submitRequest(OzoneManagerProtocolServerSideTranslatorPB.java:147) [ozone-manager-1.3.0-SNAPSHOT.jar:?]
	at org.apache.hadoop.ozone.protocol.proto.OzoneManagerProtocolProtos$OzoneManagerService$2.callBlockingMethod(OzoneManagerProtocolProtos.java) [ozone-interface-client-1.3.0-SNAPSHOT.jar:?]
	at org.apache.hadoop.ipc.ProtobufRpcEngine$Server.processCall(ProtobufRpcEngine.java:466) [hadoop-common-3.3.1.jar:?]
	at org.apache.hadoop.ipc.ProtobufRpcEngine2$Server$ProtoBufRpcInvoker.call(ProtobufRpcEngine2.java:574) [hadoop-common-3.3.1.jar:?]
	at org.apache.hadoop.ipc.ProtobufRpcEngine2$Server$ProtoBufRpcInvoker.call(ProtobufRpcEngine2.java:552) [hadoop-common-3.3.1.jar:?]
	at org.apache.hadoop.ipc.RPC$Server.call(RPC.java:1093) [hadoop-common-3.3.1.jar:?]
	at org.apache.hadoop.ipc.Server$RpcCall.run(Server.java:1035) [hadoop-common-3.3.1.jar:?]
	at org.apache.hadoop.ipc.Server$RpcCall.run(Server.java:963) [hadoop-common-3.3.1.jar:?]
	at java.security.AccessController.doPrivileged(Native Method) ~[?:1.8.0_332]
	at javax.security.auth.Subject.doAs(Subject.java:422) [?:1.8.0_332]
	at org.apache.hadoop.security.UserGroupInformation.doAs(UserGroupInformation.java:1878) [hadoop-common-3.3.1.jar:?]
	at org.apache.hadoop.ipc.Server$Handler.run(Server.java:2966) [hadoop-common-3.3.1.jar:?]
2022-06-27 16:58:04,380 [Time-limited test] INFO  rpc.RpcClient (RpcClient.java:createVolume(466)) - Creating Volume: volume-76132, with runner as owner and space quota set to -1 bytes, counts quota set to -1
2022-06-27 16:58:04,381 [OM StateMachine ApplyTransaction Thread - 0] INFO  volume.OMVolumeCreateRequest (OMVolumeCreateRequest.java:validateAndUpdateCache(195)) - created volume:volume-76132 for user:runner
2022-06-27 16:58:04,382 [Time-limited test] INFO  rpc.RpcClient (RpcClient.java:createBucket(666)) - Creating Bucket: volume-76132/bucket-36387, with the Bucket Layout LEGACY, runner as owner, Versioning false, Storage Type set to DISK and Encryption set to false 
2022-06-27 16:58:04,382 [OM StateMachine ApplyTransaction Thread - 0] INFO  bucket.OMBucketCreateRequest (OMBucketCreateRequest.java:validateAndUpdateCache(260)) - created bucket: bucket-36387 of layout LEGACY in volume: volume-76132
]]></system-out>
  </testcase>
  <testcase name="testMkdirOnNonExistentVolumeBucketDir" classname="TestRootedOzoneFileSystem" time="0.112">
    <system-out><![CDATA[2022-06-27 16:59:24,274 [Time-limited test] INFO  rpc.RpcClient (RpcClient.java:createVolume(466)) - Creating Volume: volume43908, with user90233 as owner and space quota set to -1 bytes, counts quota set to -1
2022-06-27 16:59:24,275 [IPC Server handler 15 on default port 35065] INFO  volume.OMVolumeCreateRequest (OMVolumeCreateRequest.java:validateAndUpdateCache(195)) - created volume:volume43908 for user:user90233
2022-06-27 16:59:24,276 [Time-limited test] INFO  rpc.RpcClient (RpcClient.java:createBucket(666)) - Creating Bucket: volume43908/bucket60600, with the Bucket Layout LEGACY, runner as owner, Versioning false, Storage Type set to DISK and Encryption set to false 
2022-06-27 16:59:24,278 [IPC Server handler 13 on default port 35065] INFO  bucket.OMBucketCreateRequest (OMBucketCreateRequest.java:validateAndUpdateCache(260)) - created bucket: bucket60600 of layout LEGACY in volume: volume43908
16:59:24.279 [IPC Server handler 6 on default port 35065] ERROR OMAudit - user=runner | ip=127.0.0.1 | op=READ_BUCKET {volume=volume-88692, bucket=bucket-28270} | ret=FAILURE
org.apache.hadoop.ozone.om.exceptions.OMException: Volume not found when getting bucket info
	at org.apache.hadoop.ozone.om.BucketManagerImpl.getBucketInfo(BucketManagerImpl.java:127) ~[ozone-manager-1.3.0-SNAPSHOT.jar:?]
	at org.apache.hadoop.ozone.om.OzoneManager.getBucketInfo(OzoneManager.java:2778) ~[ozone-manager-1.3.0-SNAPSHOT.jar:?]
	at org.apache.hadoop.ozone.protocolPB.OzoneManagerRequestHandler.infoBucket(OzoneManagerRequestHandler.java:464) ~[ozone-manager-1.3.0-SNAPSHOT.jar:?]
	at org.apache.hadoop.ozone.protocolPB.OzoneManagerRequestHandler.handleReadRequest(OzoneManagerRequestHandler.java:172) ~[ozone-manager-1.3.0-SNAPSHOT.jar:?]
	at org.apache.hadoop.ozone.protocolPB.OzoneManagerProtocolServerSideTranslatorPB.submitRequestDirectlyToOM(OzoneManagerProtocolServerSideTranslatorPB.java:276) ~[ozone-manager-1.3.0-SNAPSHOT.jar:?]
	at org.apache.hadoop.ozone.protocolPB.OzoneManagerProtocolServerSideTranslatorPB.processRequest(OzoneManagerProtocolServerSideTranslatorPB.java:205) ~[ozone-manager-1.3.0-SNAPSHOT.jar:?]
	at org.apache.hadoop.hdds.server.OzoneProtocolMessageDispatcher.processRequest(OzoneProtocolMessageDispatcher.java:87) [hdds-server-framework-1.3.0-SNAPSHOT.jar:?]
	at org.apache.hadoop.ozone.protocolPB.OzoneManagerProtocolServerSideTranslatorPB.submitRequest(OzoneManagerProtocolServerSideTranslatorPB.java:147) [ozone-manager-1.3.0-SNAPSHOT.jar:?]
	at org.apache.hadoop.ozone.protocol.proto.OzoneManagerProtocolProtos$OzoneManagerService$2.callBlockingMethod(OzoneManagerProtocolProtos.java) [ozone-interface-client-1.3.0-SNAPSHOT.jar:?]
	at org.apache.hadoop.ipc.ProtobufRpcEngine$Server.processCall(ProtobufRpcEngine.java:466) [hadoop-common-3.3.1.jar:?]
	at org.apache.hadoop.ipc.ProtobufRpcEngine2$Server$ProtoBufRpcInvoker.call(ProtobufRpcEngine2.java:574) [hadoop-common-3.3.1.jar:?]
	at org.apache.hadoop.ipc.ProtobufRpcEngine2$Server$ProtoBufRpcInvoker.call(ProtobufRpcEngine2.java:552) [hadoop-common-3.3.1.jar:?]
	at org.apache.hadoop.ipc.RPC$Server.call(RPC.java:1093) [hadoop-common-3.3.1.jar:?]
	at org.apache.hadoop.ipc.Server$RpcCall.run(Server.java:1035) [hadoop-common-3.3.1.jar:?]
	at org.apache.hadoop.ipc.Server$RpcCall.run(Server.java:963) [hadoop-common-3.3.1.jar:?]
	at java.security.AccessController.doPrivileged(Native Method) ~[?:1.8.0_332]
	at javax.security.auth.Subject.doAs(Subject.java:422) [?:1.8.0_332]
	at org.apache.hadoop.security.UserGroupInformation.doAs(UserGroupInformation.java:1878) [hadoop-common-3.3.1.jar:?]
	at org.apache.hadoop.ipc.Server$Handler.run(Server.java:2966) [hadoop-common-3.3.1.jar:?]
2022-06-27 16:59:24,279 [Time-limited test] INFO  rpc.RpcClient (RpcClient.java:createVolume(466)) - Creating Volume: volume-88692, with runner as owner and space quota set to -1 bytes, counts quota set to -1
2022-06-27 16:59:24,280 [IPC Server handler 17 on default port 35065] INFO  volume.OMVolumeCreateRequest (OMVolumeCreateRequest.java:validateAndUpdateCache(195)) - created volume:volume-88692 for user:runner
2022-06-27 16:59:24,286 [Time-limited test] INFO  rpc.RpcClient (RpcClient.java:createBucket(666)) - Creating Bucket: volume-88692/bucket-28270, with the Bucket Layout LEGACY, runner as owner, Versioning false, Storage Type set to DISK and Encryption set to false 
2022-06-27 16:59:24,287 [IPC Server handler 7 on default port 35065] INFO  bucket.OMBucketCreateRequest (OMBucketCreateRequest.java:validateAndUpdateCache(260)) - created bucket: bucket-28270 of layout LEGACY in volume: volume-88692
]]></system-out>
  </testcase>
  <testcase name="testListStatusOnLargeDirectory" classname="TestRootedOzoneFileSystem" time="12.52">
    <system-out><![CDATA[2022-06-27 16:54:33,323 [Time-limited test] INFO  rpc.RpcClient (RpcClient.java:createVolume(466)) - Creating Volume: volume70088, with user50511 as owner and space quota set to -1 bytes, counts quota set to -1
2022-06-27 16:54:33,325 [OM StateMachine ApplyTransaction Thread - 0] INFO  volume.OMVolumeCreateRequest (OMVolumeCreateRequest.java:validateAndUpdateCache(195)) - created volume:volume70088 for user:user50511
2022-06-27 16:54:33,331 [Time-limited test] INFO  rpc.RpcClient (RpcClient.java:createBucket(666)) - Creating Bucket: volume70088/bucket08087, with the Bucket Layout LEGACY, runner as owner, Versioning false, Storage Type set to DISK and Encryption set to false 
2022-06-27 16:54:33,332 [OM StateMachine ApplyTransaction Thread - 0] INFO  bucket.OMBucketCreateRequest (OMBucketCreateRequest.java:validateAndUpdateCache(260)) - created bucket: bucket08087 of layout LEGACY in volume: volume70088
2022-06-27 16:54:33,734 [e149a773-6f80-4200-b489-f1fdfcbd08b4@group-4F5B199DD27A-FollowerState] INFO  impl.FollowerState (FollowerState.java:run(143)) - e149a773-6f80-4200-b489-f1fdfcbd08b4@group-4F5B199DD27A-FollowerState: change to CANDIDATE, lastRpcElapsedTime:5059909081ns, electionTimeout:5043ms
2022-06-27 16:54:33,734 [e149a773-6f80-4200-b489-f1fdfcbd08b4@group-4F5B199DD27A-FollowerState] INFO  impl.RoleInfo (RoleInfo.java:shutdownFollowerState(110)) - e149a773-6f80-4200-b489-f1fdfcbd08b4: shutdown e149a773-6f80-4200-b489-f1fdfcbd08b4@group-4F5B199DD27A-FollowerState
2022-06-27 16:54:33,734 [e149a773-6f80-4200-b489-f1fdfcbd08b4@group-4F5B199DD27A-FollowerState] INFO  server.RaftServer$Division (RaftServerImpl.java:setRole(299)) - e149a773-6f80-4200-b489-f1fdfcbd08b4@group-4F5B199DD27A: changes role from  FOLLOWER to CANDIDATE at term 2 for changeToCandidate
2022-06-27 16:54:33,734 [e149a773-6f80-4200-b489-f1fdfcbd08b4@group-4F5B199DD27A-FollowerState] INFO  server.RaftServerConfigKeys (ConfUtils.java:logGet(46)) - raft.server.leaderelection.pre-vote = false (custom)
2022-06-27 16:54:33,734 [e149a773-6f80-4200-b489-f1fdfcbd08b4@group-4F5B199DD27A-FollowerState] INFO  impl.RoleInfo (RoleInfo.java:updateAndGet(139)) - e149a773-6f80-4200-b489-f1fdfcbd08b4: start e149a773-6f80-4200-b489-f1fdfcbd08b4@group-4F5B199DD27A-LeaderElection11
2022-06-27 16:54:33,739 [e149a773-6f80-4200-b489-f1fdfcbd08b4@group-4F5B199DD27A-LeaderElection11] INFO  impl.LeaderElection (LeaderElection.java:askForVotes(310)) - e149a773-6f80-4200-b489-f1fdfcbd08b4@group-4F5B199DD27A-LeaderElection11 ELECTION round 0: submit vote requests at term 3 for -1: [ccff8009-bc9c-45e1-9925-30de1c0d3a9d|rpc:10.1.0.22:41485|priority:0, 28725b92-7534-4808-bd3a-f7d426359eac|rpc:10.1.0.22:46711|priority:0, e149a773-6f80-4200-b489-f1fdfcbd08b4|rpc:10.1.0.22:46641|priority:1], old=null
2022-06-27 16:54:33,778 [grpc-default-executor-1] INFO  server.RaftServer$Division (RaftServerImpl.java:requestVote(1152)) - ccff8009-bc9c-45e1-9925-30de1c0d3a9d@group-4F5B199DD27A: receive requestVote(ELECTION, e149a773-6f80-4200-b489-f1fdfcbd08b4, group-4F5B199DD27A, 3, (t:0, i:0))
2022-06-27 16:54:33,778 [grpc-default-executor-1] INFO  impl.VoteContext (VoteContext.java:log(48)) - ccff8009-bc9c-45e1-9925-30de1c0d3a9d@group-4F5B199DD27A-FOLLOWER: accept ELECTION from e149a773-6f80-4200-b489-f1fdfcbd08b4: our priority 0 <= candidate's priority 1
2022-06-27 16:54:33,778 [grpc-default-executor-1] INFO  server.RaftServer$Division (RaftServerImpl.java:setRole(299)) - ccff8009-bc9c-45e1-9925-30de1c0d3a9d@group-4F5B199DD27A: changes role from  FOLLOWER to FOLLOWER at term 3 for candidate:e149a773-6f80-4200-b489-f1fdfcbd08b4
2022-06-27 16:54:33,778 [grpc-default-executor-1] INFO  impl.RoleInfo (RoleInfo.java:shutdownFollowerState(110)) - ccff8009-bc9c-45e1-9925-30de1c0d3a9d: shutdown ccff8009-bc9c-45e1-9925-30de1c0d3a9d@group-4F5B199DD27A-FollowerState
2022-06-27 16:54:33,778 [grpc-default-executor-1] INFO  impl.RoleInfo (RoleInfo.java:updateAndGet(139)) - ccff8009-bc9c-45e1-9925-30de1c0d3a9d: start ccff8009-bc9c-45e1-9925-30de1c0d3a9d@group-4F5B199DD27A-FollowerState
2022-06-27 16:54:33,778 [ccff8009-bc9c-45e1-9925-30de1c0d3a9d@group-4F5B199DD27A-FollowerState] INFO  impl.FollowerState (FollowerState.java:run(152)) - ccff8009-bc9c-45e1-9925-30de1c0d3a9d@group-4F5B199DD27A-FollowerState was interrupted
2022-06-27 16:54:33,790 [grpc-default-executor-0] INFO  server.RaftServer$Division (RaftServerImpl.java:requestVote(1152)) - 28725b92-7534-4808-bd3a-f7d426359eac@group-4F5B199DD27A: receive requestVote(ELECTION, e149a773-6f80-4200-b489-f1fdfcbd08b4, group-4F5B199DD27A, 3, (t:0, i:0))
2022-06-27 16:54:33,790 [grpc-default-executor-0] INFO  impl.VoteContext (VoteContext.java:log(48)) - 28725b92-7534-4808-bd3a-f7d426359eac@group-4F5B199DD27A-FOLLOWER: accept ELECTION from e149a773-6f80-4200-b489-f1fdfcbd08b4: our priority 0 <= candidate's priority 1
2022-06-27 16:54:33,790 [grpc-default-executor-0] INFO  server.RaftServer$Division (RaftServerImpl.java:setRole(299)) - 28725b92-7534-4808-bd3a-f7d426359eac@group-4F5B199DD27A: changes role from  FOLLOWER to FOLLOWER at term 3 for candidate:e149a773-6f80-4200-b489-f1fdfcbd08b4
2022-06-27 16:54:33,791 [grpc-default-executor-0] INFO  impl.RoleInfo (RoleInfo.java:shutdownFollowerState(110)) - 28725b92-7534-4808-bd3a-f7d426359eac: shutdown 28725b92-7534-4808-bd3a-f7d426359eac@group-4F5B199DD27A-FollowerState
2022-06-27 16:54:33,791 [grpc-default-executor-0] INFO  impl.RoleInfo (RoleInfo.java:updateAndGet(139)) - 28725b92-7534-4808-bd3a-f7d426359eac: start 28725b92-7534-4808-bd3a-f7d426359eac@group-4F5B199DD27A-FollowerState
2022-06-27 16:54:33,791 [28725b92-7534-4808-bd3a-f7d426359eac@group-4F5B199DD27A-FollowerState] INFO  impl.FollowerState (FollowerState.java:run(152)) - 28725b92-7534-4808-bd3a-f7d426359eac@group-4F5B199DD27A-FollowerState was interrupted
2022-06-27 16:54:33,791 [grpc-default-executor-1] INFO  server.RaftServer$Division (RaftServerImpl.java:requestVote(1184)) - ccff8009-bc9c-45e1-9925-30de1c0d3a9d@group-4F5B199DD27A replies to ELECTION vote request: e149a773-6f80-4200-b489-f1fdfcbd08b4<-ccff8009-bc9c-45e1-9925-30de1c0d3a9d#0:OK-t3. Peer's state: ccff8009-bc9c-45e1-9925-30de1c0d3a9d@group-4F5B199DD27A:t3, leader=null, voted=e149a773-6f80-4200-b489-f1fdfcbd08b4, raftlog=ccff8009-bc9c-45e1-9925-30de1c0d3a9d@group-4F5B199DD27A-SegmentedRaftLog:OPENED:c-1, conf=-1: [ccff8009-bc9c-45e1-9925-30de1c0d3a9d|rpc:10.1.0.22:41485|priority:0, 28725b92-7534-4808-bd3a-f7d426359eac|rpc:10.1.0.22:46711|priority:0, e149a773-6f80-4200-b489-f1fdfcbd08b4|rpc:10.1.0.22:46641|priority:1], old=null
2022-06-27 16:54:33,793 [e149a773-6f80-4200-b489-f1fdfcbd08b4@group-4F5B199DD27A-LeaderElection11] INFO  impl.LeaderElection (LeaderElection.java:logAndReturn(90)) - e149a773-6f80-4200-b489-f1fdfcbd08b4@group-4F5B199DD27A-LeaderElection11: ELECTION PASSED received 1 response(s) and 0 exception(s):
2022-06-27 16:54:33,793 [e149a773-6f80-4200-b489-f1fdfcbd08b4@group-4F5B199DD27A-LeaderElection11] INFO  impl.LeaderElection (LeaderElection.java:logAndReturn(94)) -   Response 0: e149a773-6f80-4200-b489-f1fdfcbd08b4<-ccff8009-bc9c-45e1-9925-30de1c0d3a9d#0:OK-t3
2022-06-27 16:54:33,793 [e149a773-6f80-4200-b489-f1fdfcbd08b4@group-4F5B199DD27A-LeaderElection11] INFO  impl.LeaderElection (LeaderElection.java:askForVotes(312)) - e149a773-6f80-4200-b489-f1fdfcbd08b4@group-4F5B199DD27A-LeaderElection11 ELECTION round 0: result PASSED
2022-06-27 16:54:33,793 [e149a773-6f80-4200-b489-f1fdfcbd08b4@group-4F5B199DD27A-LeaderElection11] INFO  impl.RoleInfo (RoleInfo.java:shutdownLeaderElection(130)) - e149a773-6f80-4200-b489-f1fdfcbd08b4: shutdown e149a773-6f80-4200-b489-f1fdfcbd08b4@group-4F5B199DD27A-LeaderElection11
2022-06-27 16:54:33,796 [e149a773-6f80-4200-b489-f1fdfcbd08b4@group-4F5B199DD27A-LeaderElection11] INFO  server.RaftServer$Division (RaftServerImpl.java:setRole(299)) - e149a773-6f80-4200-b489-f1fdfcbd08b4@group-4F5B199DD27A: changes role from CANDIDATE to LEADER at term 3 for changeToLeader
2022-06-27 16:54:33,796 [e149a773-6f80-4200-b489-f1fdfcbd08b4@group-4F5B199DD27A-LeaderElection11] INFO  ratis.XceiverServerRatis (XceiverServerRatis.java:handleLeaderChangedNotification(863)) - Leader change notification received for group: group-4F5B199DD27A with new leaderId: e149a773-6f80-4200-b489-f1fdfcbd08b4
2022-06-27 16:54:33,796 [e149a773-6f80-4200-b489-f1fdfcbd08b4@group-4F5B199DD27A-LeaderElection11] INFO  server.RaftServer$Division (ServerState.java:setLeader(287)) - e149a773-6f80-4200-b489-f1fdfcbd08b4@group-4F5B199DD27A: change Leader from null to e149a773-6f80-4200-b489-f1fdfcbd08b4 at term 3 for becomeLeader, leader elected after 15285ms
2022-06-27 16:54:33,796 [e149a773-6f80-4200-b489-f1fdfcbd08b4@group-4F5B199DD27A-LeaderElection11] INFO  server.RaftServerConfigKeys (ConfUtils.java:logGet(46)) - raft.server.staging.catchup.gap = 1000 (default)
2022-06-27 16:54:33,796 [e149a773-6f80-4200-b489-f1fdfcbd08b4@group-4F5B199DD27A-LeaderElection11] INFO  server.RaftServerConfigKeys (ConfUtils.java:logGet(46)) - raft.server.write.element-limit = 1024 (custom)
2022-06-27 16:54:33,796 [e149a773-6f80-4200-b489-f1fdfcbd08b4@group-4F5B199DD27A-LeaderElection11] INFO  server.RaftServerConfigKeys (ConfUtils.java:logGet(46)) - raft.server.write.byte-limit = 1024 M (=1073741824) (custom)
2022-06-27 16:54:33,796 [e149a773-6f80-4200-b489-f1fdfcbd08b4@group-4F5B199DD27A-LeaderElection11] INFO  server.RaftServerConfigKeys (ConfUtils.java:logGet(46)) - raft.server.watch.timeout = 180s (custom)
2022-06-27 16:54:33,797 [e149a773-6f80-4200-b489-f1fdfcbd08b4@group-4F5B199DD27A-LeaderElection11] INFO  server.RaftServerConfigKeys (ConfUtils.java:logGet(46)) - raft.server.watch.timeout.denomination = 1s (default)
2022-06-27 16:54:33,795 [grpc-default-executor-0] INFO  server.RaftServer$Division (RaftServerImpl.java:requestVote(1184)) - 28725b92-7534-4808-bd3a-f7d426359eac@group-4F5B199DD27A replies to ELECTION vote request: e149a773-6f80-4200-b489-f1fdfcbd08b4<-28725b92-7534-4808-bd3a-f7d426359eac#0:OK-t3. Peer's state: 28725b92-7534-4808-bd3a-f7d426359eac@group-4F5B199DD27A:t3, leader=null, voted=e149a773-6f80-4200-b489-f1fdfcbd08b4, raftlog=28725b92-7534-4808-bd3a-f7d426359eac@group-4F5B199DD27A-SegmentedRaftLog:OPENED:c-1, conf=-1: [ccff8009-bc9c-45e1-9925-30de1c0d3a9d|rpc:10.1.0.22:41485|priority:0, 28725b92-7534-4808-bd3a-f7d426359eac|rpc:10.1.0.22:46711|priority:0, e149a773-6f80-4200-b489-f1fdfcbd08b4|rpc:10.1.0.22:46641|priority:1], old=null
2022-06-27 16:54:33,798 [EventQueue-PipelineReportForPipelineReportHandler] INFO  pipeline.PipelineManagerImpl (PipelineManagerImpl.java:openPipeline(358)) - Pipeline Pipeline[ Id: 5e6b6e9b-a531-4a1b-b76e-4f5b199dd27a, Nodes: e149a773-6f80-4200-b489-f1fdfcbd08b4{ip: 10.1.0.22, host: fv-az215-30.fk02tkdpp51uda4i120yanydqb.bx.internal.cloudapp.net, ports: [REPLICATION=43387, RATIS=46641, RATIS_ADMIN=46641, RATIS_SERVER=46641, STANDALONE=37383], networkLocation: /default-rack, certSerialId: null, persistedOpState: IN_SERVICE, persistedOpStateExpiryEpochSec: 0}ccff8009-bc9c-45e1-9925-30de1c0d3a9d{ip: 10.1.0.22, host: fv-az215-30.fk02tkdpp51uda4i120yanydqb.bx.internal.cloudapp.net, ports: [REPLICATION=32799, RATIS=41485, RATIS_ADMIN=41485, RATIS_SERVER=41485, STANDALONE=33923], networkLocation: /default-rack, certSerialId: null, persistedOpState: IN_SERVICE, persistedOpStateExpiryEpochSec: 0}28725b92-7534-4808-bd3a-f7d426359eac{ip: 10.1.0.22, host: fv-az215-30.fk02tkdpp51uda4i120yanydqb.bx.internal.cloudapp.net, ports: [REPLICATION=46137, RATIS=46711, RATIS_ADMIN=46711, RATIS_SERVER=46711, STANDALONE=45937], networkLocation: /default-rack, certSerialId: null, persistedOpState: IN_SERVICE, persistedOpStateExpiryEpochSec: 0}, ReplicationConfig: RATIS/THREE, State:ALLOCATED, leaderId:e149a773-6f80-4200-b489-f1fdfcbd08b4, CreationTimestamp2022-06-27T16:54:15.483Z[Etc/UTC]] moved to OPEN state
2022-06-27 16:54:33,799 [e149a773-6f80-4200-b489-f1fdfcbd08b4@group-4F5B199DD27A-LeaderElection11] INFO  server.RaftServerConfigKeys (ConfUtils.java:logGet(46)) - raft.server.watch.element-limit = 65536 (default)
2022-06-27 16:54:33,799 [e149a773-6f80-4200-b489-f1fdfcbd08b4@group-4F5B199DD27A-LeaderElection11] INFO  server.RaftServerConfigKeys (ConfUtils.java:logGet(46)) - raft.server.write.element-limit = 1024 (custom)
2022-06-27 16:54:33,799 [e149a773-6f80-4200-b489-f1fdfcbd08b4@group-4F5B199DD27A-LeaderElection11] INFO  server.RaftServerConfigKeys (ConfUtils.java:logGet(46)) - raft.server.write.follower.gap.ratio.max = -1.0 (default)
2022-06-27 16:54:33,800 [e149a773-6f80-4200-b489-f1fdfcbd08b4@group-4F5B199DD27A-LeaderElection11] INFO  server.RaftServerConfigKeys (ConfUtils.java:logGet(46)) - raft.server.log.appender.snapshot.chunk.size.max = 16MB (=16777216) (default)
2022-06-27 16:54:33,800 [e149a773-6f80-4200-b489-f1fdfcbd08b4@group-4F5B199DD27A-LeaderElection11] INFO  server.RaftServerConfigKeys (ConfUtils.java:logGet(46)) - raft.server.log.appender.buffer.byte-limit = 33554432 (custom)
2022-06-27 16:54:33,800 [e149a773-6f80-4200-b489-f1fdfcbd08b4@group-4F5B199DD27A-LeaderElection11] INFO  server.RaftServerConfigKeys (ConfUtils.java:logGet(46)) - raft.server.log.appender.buffer.element-limit = 1 (custom)
2022-06-27 16:54:33,800 [e149a773-6f80-4200-b489-f1fdfcbd08b4@group-4F5B199DD27A-LeaderElection11] INFO  grpc.GrpcConfigKeys (ConfUtils.java:logGet(46)) - raft.grpc.server.leader.outstanding.appends.max = 128 (default)
2022-06-27 16:54:33,801 [e149a773-6f80-4200-b489-f1fdfcbd08b4@group-4F5B199DD27A-LeaderElection11] INFO  server.RaftServerConfigKeys (ConfUtils.java:logGet(46)) - raft.server.rpc.request.timeout = 60s (custom)
2022-06-27 16:54:33,803 [e149a773-6f80-4200-b489-f1fdfcbd08b4@group-4F5B199DD27A-LeaderElection11] INFO  server.RaftServerConfigKeys (ConfUtils.java:logGet(46)) - raft.server.log.appender.install.snapshot.enabled = false (custom)
2022-06-27 16:54:33,805 [e149a773-6f80-4200-b489-f1fdfcbd08b4@group-4F5B199DD27A-LeaderElection11] INFO  server.RaftServerConfigKeys (ConfUtils.java:logGet(46)) - raft.server.log.appender.snapshot.chunk.size.max = 16MB (=16777216) (default)
2022-06-27 16:54:33,805 [e149a773-6f80-4200-b489-f1fdfcbd08b4@group-4F5B199DD27A-LeaderElection11] INFO  server.RaftServerConfigKeys (ConfUtils.java:logGet(46)) - raft.server.log.appender.buffer.byte-limit = 33554432 (custom)
2022-06-27 16:54:33,805 [e149a773-6f80-4200-b489-f1fdfcbd08b4@group-4F5B199DD27A-LeaderElection11] INFO  server.RaftServerConfigKeys (ConfUtils.java:logGet(46)) - raft.server.log.appender.buffer.element-limit = 1 (custom)
2022-06-27 16:54:33,805 [e149a773-6f80-4200-b489-f1fdfcbd08b4@group-4F5B199DD27A-LeaderElection11] INFO  grpc.GrpcConfigKeys (ConfUtils.java:logGet(46)) - raft.grpc.server.leader.outstanding.appends.max = 128 (default)
2022-06-27 16:54:33,805 [e149a773-6f80-4200-b489-f1fdfcbd08b4@group-4F5B199DD27A-LeaderElection11] INFO  server.RaftServerConfigKeys (ConfUtils.java:logGet(46)) - raft.server.rpc.request.timeout = 60s (custom)
2022-06-27 16:54:33,806 [e149a773-6f80-4200-b489-f1fdfcbd08b4@group-4F5B199DD27A-LeaderElection11] INFO  server.RaftServerConfigKeys (ConfUtils.java:logGet(46)) - raft.server.log.appender.install.snapshot.enabled = false (custom)
2022-06-27 16:54:33,808 [e149a773-6f80-4200-b489-f1fdfcbd08b4@group-4F5B199DD27A-LeaderElection11] INFO  impl.RoleInfo (RoleInfo.java:updateAndGet(139)) - e149a773-6f80-4200-b489-f1fdfcbd08b4: start e149a773-6f80-4200-b489-f1fdfcbd08b4@group-4F5B199DD27A-LeaderStateImpl
2022-06-27 16:54:33,809 [e149a773-6f80-4200-b489-f1fdfcbd08b4@group-4F5B199DD27A-LeaderElection11] INFO  segmented.SegmentedRaftLogWorker (SegmentedRaftLogWorker.java:startLogSegment(425)) - e149a773-6f80-4200-b489-f1fdfcbd08b4@group-4F5B199DD27A-SegmentedRaftLogWorker: Starting segment from index:0
2022-06-27 16:54:33,811 [e149a773-6f80-4200-b489-f1fdfcbd08b4@group-4F5B199DD27A-SegmentedRaftLogWorker] INFO  segmented.SegmentedRaftLogWorker (SegmentedRaftLogWorker.java:execute(629)) - e149a773-6f80-4200-b489-f1fdfcbd08b4@group-4F5B199DD27A-SegmentedRaftLogWorker: created new log segment /home/runner/work/ozone/ozone/hadoop-ozone/integration-test/target/test-dir/MiniOzoneClusterImpl-4b25a9da-6f8d-4450-a121-db50b250e675/datanode-2/data/ratis/5e6b6e9b-a531-4a1b-b76e-4f5b199dd27a/current/log_inprogress_0
2022-06-27 16:54:33,823 [e149a773-6f80-4200-b489-f1fdfcbd08b4@group-4F5B199DD27A-LeaderElection11] INFO  server.RaftServer$Division (ServerState.java:setRaftConf(393)) - e149a773-6f80-4200-b489-f1fdfcbd08b4@group-4F5B199DD27A: set configuration 0: [ccff8009-bc9c-45e1-9925-30de1c0d3a9d|rpc:10.1.0.22:41485|dataStream:|priority:0, 28725b92-7534-4808-bd3a-f7d426359eac|rpc:10.1.0.22:46711|dataStream:|priority:0, e149a773-6f80-4200-b489-f1fdfcbd08b4|rpc:10.1.0.22:46641|dataStream:|priority:1], old=null
2022-06-27 16:54:33,827 [ccff8009-bc9c-45e1-9925-30de1c0d3a9d-server-thread1] INFO  ratis.XceiverServerRatis (XceiverServerRatis.java:handleLeaderChangedNotification(863)) - Leader change notification received for group: group-4F5B199DD27A with new leaderId: e149a773-6f80-4200-b489-f1fdfcbd08b4
2022-06-27 16:54:33,827 [ccff8009-bc9c-45e1-9925-30de1c0d3a9d-server-thread1] INFO  server.RaftServer$Division (ServerState.java:setLeader(287)) - ccff8009-bc9c-45e1-9925-30de1c0d3a9d@group-4F5B199DD27A: change Leader from null to e149a773-6f80-4200-b489-f1fdfcbd08b4 at term 3 for appendEntries, leader elected after 15367ms
2022-06-27 16:54:33,830 [28725b92-7534-4808-bd3a-f7d426359eac-server-thread1] INFO  ratis.XceiverServerRatis (XceiverServerRatis.java:handleLeaderChangedNotification(863)) - Leader change notification received for group: group-4F5B199DD27A with new leaderId: e149a773-6f80-4200-b489-f1fdfcbd08b4
2022-06-27 16:54:33,830 [28725b92-7534-4808-bd3a-f7d426359eac-server-thread1] INFO  server.RaftServer$Division (ServerState.java:setLeader(287)) - 28725b92-7534-4808-bd3a-f7d426359eac@group-4F5B199DD27A: change Leader from null to e149a773-6f80-4200-b489-f1fdfcbd08b4 at term 3 for appendEntries, leader elected after 15305ms
2022-06-27 16:54:33,833 [ccff8009-bc9c-45e1-9925-30de1c0d3a9d-server-thread1] INFO  server.RaftServer$Division (ServerState.java:setRaftConf(393)) - ccff8009-bc9c-45e1-9925-30de1c0d3a9d@group-4F5B199DD27A: set configuration 0: [ccff8009-bc9c-45e1-9925-30de1c0d3a9d|rpc:10.1.0.22:41485|dataStream:|priority:0, 28725b92-7534-4808-bd3a-f7d426359eac|rpc:10.1.0.22:46711|dataStream:|priority:0, e149a773-6f80-4200-b489-f1fdfcbd08b4|rpc:10.1.0.22:46641|dataStream:|priority:1], old=null
2022-06-27 16:54:33,834 [ccff8009-bc9c-45e1-9925-30de1c0d3a9d-server-thread1] INFO  segmented.SegmentedRaftLogWorker (SegmentedRaftLogWorker.java:startLogSegment(425)) - ccff8009-bc9c-45e1-9925-30de1c0d3a9d@group-4F5B199DD27A-SegmentedRaftLogWorker: Starting segment from index:0
2022-06-27 16:54:33,835 [ccff8009-bc9c-45e1-9925-30de1c0d3a9d@group-4F5B199DD27A-SegmentedRaftLogWorker] INFO  segmented.SegmentedRaftLogWorker (SegmentedRaftLogWorker.java:execute(629)) - ccff8009-bc9c-45e1-9925-30de1c0d3a9d@group-4F5B199DD27A-SegmentedRaftLogWorker: created new log segment /home/runner/work/ozone/ozone/hadoop-ozone/integration-test/target/test-dir/MiniOzoneClusterImpl-4b25a9da-6f8d-4450-a121-db50b250e675/datanode-1/data/ratis/5e6b6e9b-a531-4a1b-b76e-4f5b199dd27a/current/log_inprogress_0
2022-06-27 16:54:33,838 [28725b92-7534-4808-bd3a-f7d426359eac-server-thread1] INFO  server.RaftServer$Division (ServerState.java:setRaftConf(393)) - 28725b92-7534-4808-bd3a-f7d426359eac@group-4F5B199DD27A: set configuration 0: [ccff8009-bc9c-45e1-9925-30de1c0d3a9d|rpc:10.1.0.22:41485|dataStream:|priority:0, 28725b92-7534-4808-bd3a-f7d426359eac|rpc:10.1.0.22:46711|dataStream:|priority:0, e149a773-6f80-4200-b489-f1fdfcbd08b4|rpc:10.1.0.22:46641|dataStream:|priority:1], old=null
2022-06-27 16:54:33,838 [28725b92-7534-4808-bd3a-f7d426359eac-server-thread1] INFO  segmented.SegmentedRaftLogWorker (SegmentedRaftLogWorker.java:startLogSegment(425)) - 28725b92-7534-4808-bd3a-f7d426359eac@group-4F5B199DD27A-SegmentedRaftLogWorker: Starting segment from index:0
2022-06-27 16:54:33,839 [28725b92-7534-4808-bd3a-f7d426359eac@group-4F5B199DD27A-SegmentedRaftLogWorker] INFO  segmented.SegmentedRaftLogWorker (SegmentedRaftLogWorker.java:execute(629)) - 28725b92-7534-4808-bd3a-f7d426359eac@group-4F5B199DD27A-SegmentedRaftLogWorker: created new log segment /home/runner/work/ozone/ozone/hadoop-ozone/integration-test/target/test-dir/MiniOzoneClusterImpl-4b25a9da-6f8d-4450-a121-db50b250e675/datanode-0/data/ratis/5e6b6e9b-a531-4a1b-b76e-4f5b199dd27a/current/log_inprogress_0
]]></system-out>
  </testcase>
  <testcase name="testListStatusOnLargeDirectory" classname="TestRootedOzoneFileSystem" time="11.105">
    <system-out><![CDATA[2022-06-27 16:55:38,352 [Time-limited test] INFO  rpc.RpcClient (RpcClient.java:createVolume(466)) - Creating Volume: volume25557, with user30851 as owner and space quota set to -1 bytes, counts quota set to -1
2022-06-27 16:55:38,358 [OM StateMachine ApplyTransaction Thread - 0] INFO  volume.OMVolumeCreateRequest (OMVolumeCreateRequest.java:validateAndUpdateCache(195)) - created volume:volume25557 for user:user30851
2022-06-27 16:55:38,359 [Time-limited test] INFO  rpc.RpcClient (RpcClient.java:createBucket(666)) - Creating Bucket: volume25557/bucket87458, with the Bucket Layout LEGACY, runner as owner, Versioning false, Storage Type set to DISK and Encryption set to false 
2022-06-27 16:55:38,360 [OM StateMachine ApplyTransaction Thread - 0] INFO  bucket.OMBucketCreateRequest (OMBucketCreateRequest.java:validateAndUpdateCache(260)) - created bucket: bucket87458 of layout LEGACY in volume: volume25557
]]></system-out>
  </testcase>
  <testcase name="testListStatusOnLargeDirectory" classname="TestRootedOzoneFileSystem" time="10.647">
    <system-out><![CDATA[2022-06-27 16:56:46,145 [Time-limited test] INFO  rpc.RpcClient (RpcClient.java:createVolume(466)) - Creating Volume: volume81032, with user35887 as owner and space quota set to -1 bytes, counts quota set to -1
2022-06-27 16:56:46,146 [IPC Server handler 10 on default port 40407] INFO  volume.OMVolumeCreateRequest (OMVolumeCreateRequest.java:validateAndUpdateCache(195)) - created volume:volume81032 for user:user35887
2022-06-27 16:56:46,147 [Time-limited test] INFO  rpc.RpcClient (RpcClient.java:createBucket(666)) - Creating Bucket: volume81032/bucket02086, with the Bucket Layout LEGACY, runner as owner, Versioning false, Storage Type set to DISK and Encryption set to false 
2022-06-27 16:56:46,148 [IPC Server handler 12 on default port 40407] INFO  bucket.OMBucketCreateRequest (OMBucketCreateRequest.java:validateAndUpdateCache(260)) - created bucket: bucket02086 of layout LEGACY in volume: volume81032
2022-06-27 16:56:51,039 [bc887f2d-be8a-4785-be83-b8a81978c60b@group-AFCDA00B9A33-FollowerState] INFO  impl.FollowerState (FollowerState.java:run(143)) - bc887f2d-be8a-4785-be83-b8a81978c60b@group-AFCDA00B9A33-FollowerState: change to CANDIDATE, lastRpcElapsedTime:5064343987ns, electionTimeout:5063ms
2022-06-27 16:56:51,039 [bc887f2d-be8a-4785-be83-b8a81978c60b@group-AFCDA00B9A33-FollowerState] INFO  impl.RoleInfo (RoleInfo.java:shutdownFollowerState(110)) - bc887f2d-be8a-4785-be83-b8a81978c60b: shutdown bc887f2d-be8a-4785-be83-b8a81978c60b@group-AFCDA00B9A33-FollowerState
2022-06-27 16:56:51,039 [bc887f2d-be8a-4785-be83-b8a81978c60b@group-AFCDA00B9A33-FollowerState] INFO  server.RaftServer$Division (RaftServerImpl.java:setRole(299)) - bc887f2d-be8a-4785-be83-b8a81978c60b@group-AFCDA00B9A33: changes role from  FOLLOWER to CANDIDATE at term 3 for changeToCandidate
2022-06-27 16:56:51,039 [bc887f2d-be8a-4785-be83-b8a81978c60b@group-AFCDA00B9A33-FollowerState] INFO  server.RaftServerConfigKeys (ConfUtils.java:logGet(46)) - raft.server.leaderelection.pre-vote = false (custom)
2022-06-27 16:56:51,039 [bc887f2d-be8a-4785-be83-b8a81978c60b@group-AFCDA00B9A33-FollowerState] INFO  impl.RoleInfo (RoleInfo.java:updateAndGet(139)) - bc887f2d-be8a-4785-be83-b8a81978c60b: start bc887f2d-be8a-4785-be83-b8a81978c60b@group-AFCDA00B9A33-LeaderElection39
2022-06-27 16:56:51,069 [bc887f2d-be8a-4785-be83-b8a81978c60b@group-AFCDA00B9A33-LeaderElection39] INFO  impl.LeaderElection (LeaderElection.java:askForVotes(310)) - bc887f2d-be8a-4785-be83-b8a81978c60b@group-AFCDA00B9A33-LeaderElection39 ELECTION round 0: submit vote requests at term 4 for -1: [bc887f2d-be8a-4785-be83-b8a81978c60b|rpc:10.1.0.22:35037|dataStream:|priority:0, dca6aaee-9331-4135-ba39-5d4da9c5694b|rpc:10.1.0.22:41117|dataStream:|priority:1, 3de1546c-8c2e-4aa4-a8af-42deb78e6291|rpc:10.1.0.22:34197|dataStream:|priority:0], old=null
2022-06-27 16:56:51,094 [dca6aaee-9331-4135-ba39-5d4da9c5694b@group-AFCDA00B9A33-FollowerState] INFO  impl.FollowerState (FollowerState.java:run(143)) - dca6aaee-9331-4135-ba39-5d4da9c5694b@group-AFCDA00B9A33-FollowerState: change to CANDIDATE, lastRpcElapsedTime:5126070280ns, electionTimeout:5119ms
2022-06-27 16:56:51,094 [dca6aaee-9331-4135-ba39-5d4da9c5694b@group-AFCDA00B9A33-FollowerState] INFO  impl.RoleInfo (RoleInfo.java:shutdownFollowerState(110)) - dca6aaee-9331-4135-ba39-5d4da9c5694b: shutdown dca6aaee-9331-4135-ba39-5d4da9c5694b@group-AFCDA00B9A33-FollowerState
2022-06-27 16:56:51,094 [dca6aaee-9331-4135-ba39-5d4da9c5694b@group-AFCDA00B9A33-FollowerState] INFO  server.RaftServer$Division (RaftServerImpl.java:setRole(299)) - dca6aaee-9331-4135-ba39-5d4da9c5694b@group-AFCDA00B9A33: changes role from  FOLLOWER to CANDIDATE at term 3 for changeToCandidate
2022-06-27 16:56:51,097 [dca6aaee-9331-4135-ba39-5d4da9c5694b@group-AFCDA00B9A33-FollowerState] INFO  server.RaftServerConfigKeys (ConfUtils.java:logGet(46)) - raft.server.leaderelection.pre-vote = false (custom)
2022-06-27 16:56:51,097 [dca6aaee-9331-4135-ba39-5d4da9c5694b@group-AFCDA00B9A33-FollowerState] INFO  impl.RoleInfo (RoleInfo.java:updateAndGet(139)) - dca6aaee-9331-4135-ba39-5d4da9c5694b: start dca6aaee-9331-4135-ba39-5d4da9c5694b@group-AFCDA00B9A33-LeaderElection40
2022-06-27 16:56:51,128 [grpc-default-executor-1] INFO  server.RaftServer$Division (RaftServerImpl.java:requestVote(1152)) - dca6aaee-9331-4135-ba39-5d4da9c5694b@group-AFCDA00B9A33: receive requestVote(ELECTION, bc887f2d-be8a-4785-be83-b8a81978c60b, group-AFCDA00B9A33, 4, (t:0, i:0))
2022-06-27 16:56:51,128 [grpc-default-executor-1] INFO  impl.VoteContext (VoteContext.java:log(48)) - dca6aaee-9331-4135-ba39-5d4da9c5694b@group-AFCDA00B9A33-CANDIDATE: reject ELECTION from bc887f2d-be8a-4785-be83-b8a81978c60b: our priority 1 > candidate's priority 0
2022-06-27 16:56:51,128 [grpc-default-executor-1] INFO  server.RaftServer$Division (RaftServerImpl.java:setRole(299)) - dca6aaee-9331-4135-ba39-5d4da9c5694b@group-AFCDA00B9A33: changes role from CANDIDATE to FOLLOWER at term 4 for candidate:bc887f2d-be8a-4785-be83-b8a81978c60b
2022-06-27 16:56:51,128 [grpc-default-executor-1] INFO  impl.RoleInfo (RoleInfo.java:shutdownLeaderElection(130)) - dca6aaee-9331-4135-ba39-5d4da9c5694b: shutdown dca6aaee-9331-4135-ba39-5d4da9c5694b@group-AFCDA00B9A33-LeaderElection40
2022-06-27 16:56:51,128 [grpc-default-executor-1] INFO  impl.RoleInfo (RoleInfo.java:updateAndGet(139)) - dca6aaee-9331-4135-ba39-5d4da9c5694b: start dca6aaee-9331-4135-ba39-5d4da9c5694b@group-AFCDA00B9A33-FollowerState
2022-06-27 16:56:51,128 [grpc-default-executor-2] INFO  server.RaftServer$Division (RaftServerImpl.java:requestVote(1152)) - 3de1546c-8c2e-4aa4-a8af-42deb78e6291@group-AFCDA00B9A33: receive requestVote(ELECTION, bc887f2d-be8a-4785-be83-b8a81978c60b, group-AFCDA00B9A33, 4, (t:0, i:0))
2022-06-27 16:56:51,128 [grpc-default-executor-2] INFO  impl.VoteContext (VoteContext.java:log(48)) - 3de1546c-8c2e-4aa4-a8af-42deb78e6291@group-AFCDA00B9A33-FOLLOWER: accept ELECTION from bc887f2d-be8a-4785-be83-b8a81978c60b: our priority 0 <= candidate's priority 0
2022-06-27 16:56:51,128 [grpc-default-executor-2] INFO  server.RaftServer$Division (RaftServerImpl.java:setRole(299)) - 3de1546c-8c2e-4aa4-a8af-42deb78e6291@group-AFCDA00B9A33: changes role from  FOLLOWER to FOLLOWER at term 4 for candidate:bc887f2d-be8a-4785-be83-b8a81978c60b
2022-06-27 16:56:51,128 [grpc-default-executor-2] INFO  impl.RoleInfo (RoleInfo.java:shutdownFollowerState(110)) - 3de1546c-8c2e-4aa4-a8af-42deb78e6291: shutdown 3de1546c-8c2e-4aa4-a8af-42deb78e6291@group-AFCDA00B9A33-FollowerState
2022-06-27 16:56:51,132 [grpc-default-executor-1] INFO  server.RaftServer$Division (RaftServerImpl.java:requestVote(1184)) - dca6aaee-9331-4135-ba39-5d4da9c5694b@group-AFCDA00B9A33 replies to ELECTION vote request: bc887f2d-be8a-4785-be83-b8a81978c60b<-dca6aaee-9331-4135-ba39-5d4da9c5694b#0:FAIL-t4. Peer's state: dca6aaee-9331-4135-ba39-5d4da9c5694b@group-AFCDA00B9A33:t4, leader=null, voted=null, raftlog=dca6aaee-9331-4135-ba39-5d4da9c5694b@group-AFCDA00B9A33-SegmentedRaftLog:OPENED:c-1, conf=-1: [bc887f2d-be8a-4785-be83-b8a81978c60b|rpc:10.1.0.22:35037|dataStream:|priority:0, dca6aaee-9331-4135-ba39-5d4da9c5694b|rpc:10.1.0.22:41117|dataStream:|priority:1, 3de1546c-8c2e-4aa4-a8af-42deb78e6291|rpc:10.1.0.22:34197|dataStream:|priority:0], old=null
2022-06-27 16:56:51,133 [bc887f2d-be8a-4785-be83-b8a81978c60b@group-AFCDA00B9A33-LeaderElection39] INFO  impl.LeaderElection (LeaderElection.java:logAndReturn(90)) - bc887f2d-be8a-4785-be83-b8a81978c60b@group-AFCDA00B9A33-LeaderElection39: ELECTION REJECTED received 1 response(s) and 0 exception(s):
2022-06-27 16:56:51,133 [bc887f2d-be8a-4785-be83-b8a81978c60b@group-AFCDA00B9A33-LeaderElection39] INFO  impl.LeaderElection (LeaderElection.java:logAndReturn(94)) -   Response 0: bc887f2d-be8a-4785-be83-b8a81978c60b<-dca6aaee-9331-4135-ba39-5d4da9c5694b#0:FAIL-t4
2022-06-27 16:56:51,133 [bc887f2d-be8a-4785-be83-b8a81978c60b@group-AFCDA00B9A33-LeaderElection39] INFO  impl.LeaderElection (LeaderElection.java:askForVotes(312)) - bc887f2d-be8a-4785-be83-b8a81978c60b@group-AFCDA00B9A33-LeaderElection39 ELECTION round 0: result REJECTED
2022-06-27 16:56:51,133 [bc887f2d-be8a-4785-be83-b8a81978c60b@group-AFCDA00B9A33-LeaderElection39] INFO  server.RaftServer$Division (RaftServerImpl.java:setRole(299)) - bc887f2d-be8a-4785-be83-b8a81978c60b@group-AFCDA00B9A33: changes role from CANDIDATE to FOLLOWER at term 4 for REJECTED
2022-06-27 16:56:51,133 [bc887f2d-be8a-4785-be83-b8a81978c60b@group-AFCDA00B9A33-LeaderElection39] INFO  impl.RoleInfo (RoleInfo.java:shutdownLeaderElection(130)) - bc887f2d-be8a-4785-be83-b8a81978c60b: shutdown bc887f2d-be8a-4785-be83-b8a81978c60b@group-AFCDA00B9A33-LeaderElection39
2022-06-27 16:56:51,133 [bc887f2d-be8a-4785-be83-b8a81978c60b@group-AFCDA00B9A33-LeaderElection39] INFO  impl.RoleInfo (RoleInfo.java:updateAndGet(139)) - bc887f2d-be8a-4785-be83-b8a81978c60b: start bc887f2d-be8a-4785-be83-b8a81978c60b@group-AFCDA00B9A33-FollowerState
2022-06-27 16:56:51,150 [dca6aaee-9331-4135-ba39-5d4da9c5694b@group-AFCDA00B9A33-LeaderElection40] INFO  impl.LeaderElection (LeaderElection.java:run(231)) - dca6aaee-9331-4135-ba39-5d4da9c5694b@group-AFCDA00B9A33-LeaderElection40: skip running since this is already CLOSING
2022-06-27 16:56:51,172 [3de1546c-8c2e-4aa4-a8af-42deb78e6291@group-AFCDA00B9A33-FollowerState] INFO  impl.FollowerState (FollowerState.java:run(152)) - 3de1546c-8c2e-4aa4-a8af-42deb78e6291@group-AFCDA00B9A33-FollowerState was interrupted
2022-06-27 16:56:51,172 [grpc-default-executor-2] INFO  impl.RoleInfo (RoleInfo.java:updateAndGet(139)) - 3de1546c-8c2e-4aa4-a8af-42deb78e6291: start 3de1546c-8c2e-4aa4-a8af-42deb78e6291@group-AFCDA00B9A33-FollowerState
2022-06-27 16:56:51,186 [grpc-default-executor-2] INFO  server.RaftServer$Division (RaftServerImpl.java:requestVote(1184)) - 3de1546c-8c2e-4aa4-a8af-42deb78e6291@group-AFCDA00B9A33 replies to ELECTION vote request: bc887f2d-be8a-4785-be83-b8a81978c60b<-3de1546c-8c2e-4aa4-a8af-42deb78e6291#0:OK-t4. Peer's state: 3de1546c-8c2e-4aa4-a8af-42deb78e6291@group-AFCDA00B9A33:t4, leader=null, voted=bc887f2d-be8a-4785-be83-b8a81978c60b, raftlog=3de1546c-8c2e-4aa4-a8af-42deb78e6291@group-AFCDA00B9A33-SegmentedRaftLog:OPENED:c-1, conf=-1: [bc887f2d-be8a-4785-be83-b8a81978c60b|rpc:10.1.0.22:35037|priority:0, dca6aaee-9331-4135-ba39-5d4da9c5694b|rpc:10.1.0.22:41117|priority:1, 3de1546c-8c2e-4aa4-a8af-42deb78e6291|rpc:10.1.0.22:34197|priority:0], old=null
2022-06-27 16:56:56,195 [bc887f2d-be8a-4785-be83-b8a81978c60b@group-AFCDA00B9A33-FollowerState] INFO  impl.FollowerState (FollowerState.java:run(143)) - bc887f2d-be8a-4785-be83-b8a81978c60b@group-AFCDA00B9A33-FollowerState: change to CANDIDATE, lastRpcElapsedTime:5062177416ns, electionTimeout:5023ms
2022-06-27 16:56:56,195 [bc887f2d-be8a-4785-be83-b8a81978c60b@group-AFCDA00B9A33-FollowerState] INFO  impl.RoleInfo (RoleInfo.java:shutdownFollowerState(110)) - bc887f2d-be8a-4785-be83-b8a81978c60b: shutdown bc887f2d-be8a-4785-be83-b8a81978c60b@group-AFCDA00B9A33-FollowerState
2022-06-27 16:56:56,196 [bc887f2d-be8a-4785-be83-b8a81978c60b@group-AFCDA00B9A33-FollowerState] INFO  server.RaftServer$Division (RaftServerImpl.java:setRole(299)) - bc887f2d-be8a-4785-be83-b8a81978c60b@group-AFCDA00B9A33: changes role from  FOLLOWER to CANDIDATE at term 4 for changeToCandidate
2022-06-27 16:56:56,196 [bc887f2d-be8a-4785-be83-b8a81978c60b@group-AFCDA00B9A33-FollowerState] INFO  server.RaftServerConfigKeys (ConfUtils.java:logGet(46)) - raft.server.leaderelection.pre-vote = false (custom)
2022-06-27 16:56:56,196 [bc887f2d-be8a-4785-be83-b8a81978c60b@group-AFCDA00B9A33-FollowerState] INFO  impl.RoleInfo (RoleInfo.java:updateAndGet(139)) - bc887f2d-be8a-4785-be83-b8a81978c60b: start bc887f2d-be8a-4785-be83-b8a81978c60b@group-AFCDA00B9A33-LeaderElection41
2022-06-27 16:56:56,234 [bc887f2d-be8a-4785-be83-b8a81978c60b@group-AFCDA00B9A33-LeaderElection41] INFO  impl.LeaderElection (LeaderElection.java:askForVotes(310)) - bc887f2d-be8a-4785-be83-b8a81978c60b@group-AFCDA00B9A33-LeaderElection41 ELECTION round 0: submit vote requests at term 5 for -1: [bc887f2d-be8a-4785-be83-b8a81978c60b|rpc:10.1.0.22:35037|dataStream:|priority:0, dca6aaee-9331-4135-ba39-5d4da9c5694b|rpc:10.1.0.22:41117|dataStream:|priority:1, 3de1546c-8c2e-4aa4-a8af-42deb78e6291|rpc:10.1.0.22:34197|dataStream:|priority:0], old=null
2022-06-27 16:56:56,274 [grpc-default-executor-2] INFO  server.RaftServer$Division (RaftServerImpl.java:requestVote(1152)) - dca6aaee-9331-4135-ba39-5d4da9c5694b@group-AFCDA00B9A33: receive requestVote(ELECTION, bc887f2d-be8a-4785-be83-b8a81978c60b, group-AFCDA00B9A33, 5, (t:0, i:0))
2022-06-27 16:56:56,274 [grpc-default-executor-2] INFO  impl.VoteContext (VoteContext.java:log(48)) - dca6aaee-9331-4135-ba39-5d4da9c5694b@group-AFCDA00B9A33-FOLLOWER: reject ELECTION from bc887f2d-be8a-4785-be83-b8a81978c60b: our priority 1 > candidate's priority 0
2022-06-27 16:56:56,274 [grpc-default-executor-2] INFO  server.RaftServer$Division (RaftServerImpl.java:setRole(299)) - dca6aaee-9331-4135-ba39-5d4da9c5694b@group-AFCDA00B9A33: changes role from  FOLLOWER to FOLLOWER at term 5 for candidate:bc887f2d-be8a-4785-be83-b8a81978c60b
2022-06-27 16:56:56,274 [grpc-default-executor-2] INFO  impl.RoleInfo (RoleInfo.java:shutdownFollowerState(110)) - dca6aaee-9331-4135-ba39-5d4da9c5694b: shutdown dca6aaee-9331-4135-ba39-5d4da9c5694b@group-AFCDA00B9A33-FollowerState
2022-06-27 16:56:56,274 [grpc-default-executor-2] INFO  impl.RoleInfo (RoleInfo.java:updateAndGet(139)) - dca6aaee-9331-4135-ba39-5d4da9c5694b: start dca6aaee-9331-4135-ba39-5d4da9c5694b@group-AFCDA00B9A33-FollowerState
2022-06-27 16:56:56,274 [dca6aaee-9331-4135-ba39-5d4da9c5694b@group-AFCDA00B9A33-FollowerState] INFO  impl.FollowerState (FollowerState.java:run(152)) - dca6aaee-9331-4135-ba39-5d4da9c5694b@group-AFCDA00B9A33-FollowerState was interrupted
2022-06-27 16:56:56,307 [grpc-default-executor-2] INFO  server.RaftServer$Division (RaftServerImpl.java:requestVote(1184)) - dca6aaee-9331-4135-ba39-5d4da9c5694b@group-AFCDA00B9A33 replies to ELECTION vote request: bc887f2d-be8a-4785-be83-b8a81978c60b<-dca6aaee-9331-4135-ba39-5d4da9c5694b#0:FAIL-t5. Peer's state: dca6aaee-9331-4135-ba39-5d4da9c5694b@group-AFCDA00B9A33:t5, leader=null, voted=null, raftlog=dca6aaee-9331-4135-ba39-5d4da9c5694b@group-AFCDA00B9A33-SegmentedRaftLog:OPENED:c-1, conf=-1: [bc887f2d-be8a-4785-be83-b8a81978c60b|rpc:10.1.0.22:35037|dataStream:|priority:0, dca6aaee-9331-4135-ba39-5d4da9c5694b|rpc:10.1.0.22:41117|dataStream:|priority:1, 3de1546c-8c2e-4aa4-a8af-42deb78e6291|rpc:10.1.0.22:34197|dataStream:|priority:0], old=null
2022-06-27 16:56:56,308 [bc887f2d-be8a-4785-be83-b8a81978c60b@group-AFCDA00B9A33-LeaderElection41] INFO  impl.LeaderElection (LeaderElection.java:logAndReturn(90)) - bc887f2d-be8a-4785-be83-b8a81978c60b@group-AFCDA00B9A33-LeaderElection41: ELECTION REJECTED received 1 response(s) and 0 exception(s):
2022-06-27 16:56:56,309 [bc887f2d-be8a-4785-be83-b8a81978c60b@group-AFCDA00B9A33-LeaderElection41] INFO  impl.LeaderElection (LeaderElection.java:logAndReturn(94)) -   Response 0: bc887f2d-be8a-4785-be83-b8a81978c60b<-dca6aaee-9331-4135-ba39-5d4da9c5694b#0:FAIL-t5
2022-06-27 16:56:56,309 [bc887f2d-be8a-4785-be83-b8a81978c60b@group-AFCDA00B9A33-LeaderElection41] INFO  impl.LeaderElection (LeaderElection.java:askForVotes(312)) - bc887f2d-be8a-4785-be83-b8a81978c60b@group-AFCDA00B9A33-LeaderElection41 ELECTION round 0: result REJECTED
2022-06-27 16:56:56,309 [bc887f2d-be8a-4785-be83-b8a81978c60b@group-AFCDA00B9A33-LeaderElection41] INFO  server.RaftServer$Division (RaftServerImpl.java:setRole(299)) - bc887f2d-be8a-4785-be83-b8a81978c60b@group-AFCDA00B9A33: changes role from CANDIDATE to FOLLOWER at term 5 for REJECTED
2022-06-27 16:56:56,309 [bc887f2d-be8a-4785-be83-b8a81978c60b@group-AFCDA00B9A33-LeaderElection41] INFO  impl.RoleInfo (RoleInfo.java:shutdownLeaderElection(130)) - bc887f2d-be8a-4785-be83-b8a81978c60b: shutdown bc887f2d-be8a-4785-be83-b8a81978c60b@group-AFCDA00B9A33-LeaderElection41
2022-06-27 16:56:56,309 [bc887f2d-be8a-4785-be83-b8a81978c60b@group-AFCDA00B9A33-LeaderElection41] INFO  impl.RoleInfo (RoleInfo.java:updateAndGet(139)) - bc887f2d-be8a-4785-be83-b8a81978c60b: start bc887f2d-be8a-4785-be83-b8a81978c60b@group-AFCDA00B9A33-FollowerState
2022-06-27 16:56:56,337 [grpc-default-executor-1] INFO  server.RaftServer$Division (RaftServerImpl.java:requestVote(1152)) - 3de1546c-8c2e-4aa4-a8af-42deb78e6291@group-AFCDA00B9A33: receive requestVote(ELECTION, bc887f2d-be8a-4785-be83-b8a81978c60b, group-AFCDA00B9A33, 5, (t:0, i:0))
2022-06-27 16:56:56,337 [grpc-default-executor-1] INFO  impl.VoteContext (VoteContext.java:log(48)) - 3de1546c-8c2e-4aa4-a8af-42deb78e6291@group-AFCDA00B9A33-FOLLOWER: accept ELECTION from bc887f2d-be8a-4785-be83-b8a81978c60b: our priority 0 <= candidate's priority 0
2022-06-27 16:56:56,337 [grpc-default-executor-1] INFO  server.RaftServer$Division (RaftServerImpl.java:setRole(299)) - 3de1546c-8c2e-4aa4-a8af-42deb78e6291@group-AFCDA00B9A33: changes role from  FOLLOWER to FOLLOWER at term 5 for candidate:bc887f2d-be8a-4785-be83-b8a81978c60b
2022-06-27 16:56:56,337 [grpc-default-executor-1] INFO  impl.RoleInfo (RoleInfo.java:shutdownFollowerState(110)) - 3de1546c-8c2e-4aa4-a8af-42deb78e6291: shutdown 3de1546c-8c2e-4aa4-a8af-42deb78e6291@group-AFCDA00B9A33-FollowerState
2022-06-27 16:56:56,337 [grpc-default-executor-1] INFO  impl.RoleInfo (RoleInfo.java:updateAndGet(139)) - 3de1546c-8c2e-4aa4-a8af-42deb78e6291: start 3de1546c-8c2e-4aa4-a8af-42deb78e6291@group-AFCDA00B9A33-FollowerState
2022-06-27 16:56:56,337 [3de1546c-8c2e-4aa4-a8af-42deb78e6291@group-AFCDA00B9A33-FollowerState] INFO  impl.FollowerState (FollowerState.java:run(152)) - 3de1546c-8c2e-4aa4-a8af-42deb78e6291@group-AFCDA00B9A33-FollowerState was interrupted
2022-06-27 16:56:56,351 [grpc-default-executor-1] INFO  server.RaftServer$Division (RaftServerImpl.java:requestVote(1184)) - 3de1546c-8c2e-4aa4-a8af-42deb78e6291@group-AFCDA00B9A33 replies to ELECTION vote request: bc887f2d-be8a-4785-be83-b8a81978c60b<-3de1546c-8c2e-4aa4-a8af-42deb78e6291#0:OK-t5. Peer's state: 3de1546c-8c2e-4aa4-a8af-42deb78e6291@group-AFCDA00B9A33:t5, leader=null, voted=bc887f2d-be8a-4785-be83-b8a81978c60b, raftlog=3de1546c-8c2e-4aa4-a8af-42deb78e6291@group-AFCDA00B9A33-SegmentedRaftLog:OPENED:c-1, conf=-1: [bc887f2d-be8a-4785-be83-b8a81978c60b|rpc:10.1.0.22:35037|priority:0, dca6aaee-9331-4135-ba39-5d4da9c5694b|rpc:10.1.0.22:41117|priority:1, 3de1546c-8c2e-4aa4-a8af-42deb78e6291|rpc:10.1.0.22:34197|priority:0], old=null
]]></system-out>
  </testcase>
  <testcase name="testListStatusOnLargeDirectory" classname="TestRootedOzoneFileSystem" time="17.464">
    <system-out><![CDATA[2022-06-27 16:58:04,608 [Time-limited test] INFO  rpc.RpcClient (RpcClient.java:createVolume(466)) - Creating Volume: volume66886, with user11348 as owner and space quota set to -1 bytes, counts quota set to -1
2022-06-27 16:58:04,629 [OM StateMachine ApplyTransaction Thread - 0] INFO  volume.OMVolumeCreateRequest (OMVolumeCreateRequest.java:validateAndUpdateCache(195)) - created volume:volume66886 for user:user11348
2022-06-27 16:58:04,630 [Time-limited test] INFO  rpc.RpcClient (RpcClient.java:createBucket(666)) - Creating Bucket: volume66886/bucket47663, with the Bucket Layout LEGACY, runner as owner, Versioning false, Storage Type set to DISK and Encryption set to false 
2022-06-27 16:58:04,632 [OM StateMachine ApplyTransaction Thread - 0] INFO  bucket.OMBucketCreateRequest (OMBucketCreateRequest.java:validateAndUpdateCache(260)) - created bucket: bucket47663 of layout LEGACY in volume: volume66886
]]></system-out>
  </testcase>
  <testcase name="testListStatusOnLargeDirectory" classname="TestRootedOzoneFileSystem" time="12.94">
    <system-out><![CDATA[2022-06-27 16:59:24,415 [Time-limited test] INFO  rpc.RpcClient (RpcClient.java:createVolume(466)) - Creating Volume: volume57371, with user73157 as owner and space quota set to -1 bytes, counts quota set to -1
2022-06-27 16:59:24,416 [IPC Server handler 0 on default port 35065] INFO  volume.OMVolumeCreateRequest (OMVolumeCreateRequest.java:validateAndUpdateCache(195)) - created volume:volume57371 for user:user73157
2022-06-27 16:59:24,417 [Time-limited test] INFO  rpc.RpcClient (RpcClient.java:createBucket(666)) - Creating Bucket: volume57371/bucket59108, with the Bucket Layout LEGACY, runner as owner, Versioning false, Storage Type set to DISK and Encryption set to false 
2022-06-27 16:59:24,417 [IPC Server handler 1 on default port 35065] INFO  bucket.OMBucketCreateRequest (OMBucketCreateRequest.java:validateAndUpdateCache(260)) - created bucket: bucket59108 of layout LEGACY in volume: volume57371
2022-06-27 16:59:29,241 [ac84e220-994f-4e81-aa4c-572e6d7da39f@group-F63F9DE2F8BD-FollowerState] INFO  impl.FollowerState (FollowerState.java:run(143)) - ac84e220-994f-4e81-aa4c-572e6d7da39f@group-F63F9DE2F8BD-FollowerState: change to CANDIDATE, lastRpcElapsedTime:5116525188ns, electionTimeout:5061ms
2022-06-27 16:59:29,241 [ac84e220-994f-4e81-aa4c-572e6d7da39f@group-F63F9DE2F8BD-FollowerState] INFO  impl.RoleInfo (RoleInfo.java:shutdownFollowerState(110)) - ac84e220-994f-4e81-aa4c-572e6d7da39f: shutdown ac84e220-994f-4e81-aa4c-572e6d7da39f@group-F63F9DE2F8BD-FollowerState
2022-06-27 16:59:29,241 [ac84e220-994f-4e81-aa4c-572e6d7da39f@group-F63F9DE2F8BD-FollowerState] INFO  server.RaftServer$Division (RaftServerImpl.java:setRole(299)) - ac84e220-994f-4e81-aa4c-572e6d7da39f@group-F63F9DE2F8BD: changes role from  FOLLOWER to CANDIDATE at term 3 for changeToCandidate
2022-06-27 16:59:29,241 [ac84e220-994f-4e81-aa4c-572e6d7da39f@group-F63F9DE2F8BD-FollowerState] INFO  server.RaftServerConfigKeys (ConfUtils.java:logGet(46)) - raft.server.leaderelection.pre-vote = false (custom)
2022-06-27 16:59:29,241 [ac84e220-994f-4e81-aa4c-572e6d7da39f@group-F63F9DE2F8BD-FollowerState] INFO  impl.RoleInfo (RoleInfo.java:updateAndGet(139)) - ac84e220-994f-4e81-aa4c-572e6d7da39f: start ac84e220-994f-4e81-aa4c-572e6d7da39f@group-F63F9DE2F8BD-LeaderElection81
2022-06-27 16:59:29,331 [ac84e220-994f-4e81-aa4c-572e6d7da39f@group-F63F9DE2F8BD-LeaderElection81] INFO  impl.LeaderElection (LeaderElection.java:askForVotes(310)) - ac84e220-994f-4e81-aa4c-572e6d7da39f@group-F63F9DE2F8BD-LeaderElection81 ELECTION round 0: submit vote requests at term 4 for -1: [97d0f922-59b0-4c16-8d4c-abda25e6e18a|rpc:10.1.0.22:33221|dataStream:|priority:0, 95b81b85-17bb-45ea-89c3-846c2a70bfe7|rpc:10.1.0.22:34665|dataStream:|priority:0, ac84e220-994f-4e81-aa4c-572e6d7da39f|rpc:10.1.0.22:46211|dataStream:|priority:1], old=null
2022-06-27 16:59:29,406 [95b81b85-17bb-45ea-89c3-846c2a70bfe7@group-F63F9DE2F8BD-FollowerState] INFO  impl.FollowerState (FollowerState.java:run(143)) - 95b81b85-17bb-45ea-89c3-846c2a70bfe7@group-F63F9DE2F8BD-FollowerState: change to CANDIDATE, lastRpcElapsedTime:5226783773ns, electionTimeout:5177ms
2022-06-27 16:59:29,406 [95b81b85-17bb-45ea-89c3-846c2a70bfe7@group-F63F9DE2F8BD-FollowerState] INFO  impl.RoleInfo (RoleInfo.java:shutdownFollowerState(110)) - 95b81b85-17bb-45ea-89c3-846c2a70bfe7: shutdown 95b81b85-17bb-45ea-89c3-846c2a70bfe7@group-F63F9DE2F8BD-FollowerState
2022-06-27 16:59:29,406 [95b81b85-17bb-45ea-89c3-846c2a70bfe7@group-F63F9DE2F8BD-FollowerState] INFO  server.RaftServer$Division (RaftServerImpl.java:setRole(299)) - 95b81b85-17bb-45ea-89c3-846c2a70bfe7@group-F63F9DE2F8BD: changes role from  FOLLOWER to CANDIDATE at term 3 for changeToCandidate
2022-06-27 16:59:29,406 [95b81b85-17bb-45ea-89c3-846c2a70bfe7@group-F63F9DE2F8BD-FollowerState] INFO  server.RaftServerConfigKeys (ConfUtils.java:logGet(46)) - raft.server.leaderelection.pre-vote = false (custom)
2022-06-27 16:59:29,406 [95b81b85-17bb-45ea-89c3-846c2a70bfe7@group-F63F9DE2F8BD-FollowerState] INFO  impl.RoleInfo (RoleInfo.java:updateAndGet(139)) - 95b81b85-17bb-45ea-89c3-846c2a70bfe7: start 95b81b85-17bb-45ea-89c3-846c2a70bfe7@group-F63F9DE2F8BD-LeaderElection82
2022-06-27 16:59:29,437 [grpc-default-executor-5] INFO  server.RaftServer$Division (RaftServerImpl.java:requestVote(1152)) - 97d0f922-59b0-4c16-8d4c-abda25e6e18a@group-F63F9DE2F8BD: receive requestVote(ELECTION, ac84e220-994f-4e81-aa4c-572e6d7da39f, group-F63F9DE2F8BD, 4, (t:0, i:0))
2022-06-27 16:59:29,438 [grpc-default-executor-5] INFO  impl.VoteContext (VoteContext.java:log(48)) - 97d0f922-59b0-4c16-8d4c-abda25e6e18a@group-F63F9DE2F8BD-FOLLOWER: accept ELECTION from ac84e220-994f-4e81-aa4c-572e6d7da39f: our priority 0 <= candidate's priority 1
2022-06-27 16:59:29,438 [grpc-default-executor-5] INFO  server.RaftServer$Division (RaftServerImpl.java:setRole(299)) - 97d0f922-59b0-4c16-8d4c-abda25e6e18a@group-F63F9DE2F8BD: changes role from  FOLLOWER to FOLLOWER at term 4 for candidate:ac84e220-994f-4e81-aa4c-572e6d7da39f
2022-06-27 16:59:29,438 [grpc-default-executor-5] INFO  impl.RoleInfo (RoleInfo.java:shutdownFollowerState(110)) - 97d0f922-59b0-4c16-8d4c-abda25e6e18a: shutdown 97d0f922-59b0-4c16-8d4c-abda25e6e18a@group-F63F9DE2F8BD-FollowerState
2022-06-27 16:59:29,460 [97d0f922-59b0-4c16-8d4c-abda25e6e18a@group-F63F9DE2F8BD-FollowerState] INFO  impl.FollowerState (FollowerState.java:shouldRun(117)) - 97d0f922-59b0-4c16-8d4c-abda25e6e18a@group-F63F9DE2F8BD-FollowerState: Stopping now (isRunning? false, role = FOLLOWER)
2022-06-27 16:59:29,462 [grpc-default-executor-5] INFO  impl.RoleInfo (RoleInfo.java:updateAndGet(139)) - 97d0f922-59b0-4c16-8d4c-abda25e6e18a: start 97d0f922-59b0-4c16-8d4c-abda25e6e18a@group-F63F9DE2F8BD-FollowerState
2022-06-27 16:59:29,462 [grpc-default-executor-2] INFO  server.RaftServer$Division (RaftServerImpl.java:requestVote(1152)) - 95b81b85-17bb-45ea-89c3-846c2a70bfe7@group-F63F9DE2F8BD: receive requestVote(ELECTION, ac84e220-994f-4e81-aa4c-572e6d7da39f, group-F63F9DE2F8BD, 4, (t:0, i:0))
2022-06-27 16:59:29,468 [grpc-default-executor-5] INFO  server.RaftServer$Division (RaftServerImpl.java:requestVote(1184)) - 97d0f922-59b0-4c16-8d4c-abda25e6e18a@group-F63F9DE2F8BD replies to ELECTION vote request: ac84e220-994f-4e81-aa4c-572e6d7da39f<-97d0f922-59b0-4c16-8d4c-abda25e6e18a#0:OK-t4. Peer's state: 97d0f922-59b0-4c16-8d4c-abda25e6e18a@group-F63F9DE2F8BD:t4, leader=null, voted=ac84e220-994f-4e81-aa4c-572e6d7da39f, raftlog=97d0f922-59b0-4c16-8d4c-abda25e6e18a@group-F63F9DE2F8BD-SegmentedRaftLog:OPENED:c-1, conf=-1: [97d0f922-59b0-4c16-8d4c-abda25e6e18a|rpc:10.1.0.22:33221|dataStream:|priority:0, 95b81b85-17bb-45ea-89c3-846c2a70bfe7|rpc:10.1.0.22:34665|dataStream:|priority:0, ac84e220-994f-4e81-aa4c-572e6d7da39f|rpc:10.1.0.22:46211|dataStream:|priority:1], old=null
2022-06-27 16:59:29,469 [grpc-default-executor-2] INFO  impl.VoteContext (VoteContext.java:log(48)) - 95b81b85-17bb-45ea-89c3-846c2a70bfe7@group-F63F9DE2F8BD-CANDIDATE: reject ELECTION from ac84e220-994f-4e81-aa4c-572e6d7da39f: already has voted for 95b81b85-17bb-45ea-89c3-846c2a70bfe7 at current term 4
2022-06-27 16:59:29,469 [grpc-default-executor-2] INFO  server.RaftServer$Division (RaftServerImpl.java:requestVote(1184)) - 95b81b85-17bb-45ea-89c3-846c2a70bfe7@group-F63F9DE2F8BD replies to ELECTION vote request: ac84e220-994f-4e81-aa4c-572e6d7da39f<-95b81b85-17bb-45ea-89c3-846c2a70bfe7#0:FAIL-t4. Peer's state: 95b81b85-17bb-45ea-89c3-846c2a70bfe7@group-F63F9DE2F8BD:t4, leader=null, voted=95b81b85-17bb-45ea-89c3-846c2a70bfe7, raftlog=95b81b85-17bb-45ea-89c3-846c2a70bfe7@group-F63F9DE2F8BD-SegmentedRaftLog:OPENED:c-1, conf=-1: [97d0f922-59b0-4c16-8d4c-abda25e6e18a|rpc:10.1.0.22:33221|priority:0, 95b81b85-17bb-45ea-89c3-846c2a70bfe7|rpc:10.1.0.22:34665|priority:0, ac84e220-994f-4e81-aa4c-572e6d7da39f|rpc:10.1.0.22:46211|priority:1], old=null
2022-06-27 16:59:29,469 [ac84e220-994f-4e81-aa4c-572e6d7da39f@group-F63F9DE2F8BD-LeaderElection81] INFO  impl.LeaderElection (LeaderElection.java:logAndReturn(90)) - ac84e220-994f-4e81-aa4c-572e6d7da39f@group-F63F9DE2F8BD-LeaderElection81: ELECTION PASSED received 1 response(s) and 0 exception(s):
2022-06-27 16:59:29,469 [ac84e220-994f-4e81-aa4c-572e6d7da39f@group-F63F9DE2F8BD-LeaderElection81] INFO  impl.LeaderElection (LeaderElection.java:logAndReturn(94)) -   Response 0: ac84e220-994f-4e81-aa4c-572e6d7da39f<-97d0f922-59b0-4c16-8d4c-abda25e6e18a#0:OK-t4
2022-06-27 16:59:29,469 [ac84e220-994f-4e81-aa4c-572e6d7da39f@group-F63F9DE2F8BD-LeaderElection81] INFO  impl.LeaderElection (LeaderElection.java:askForVotes(312)) - ac84e220-994f-4e81-aa4c-572e6d7da39f@group-F63F9DE2F8BD-LeaderElection81 ELECTION round 0: result PASSED
2022-06-27 16:59:29,469 [ac84e220-994f-4e81-aa4c-572e6d7da39f@group-F63F9DE2F8BD-LeaderElection81] INFO  impl.RoleInfo (RoleInfo.java:shutdownLeaderElection(130)) - ac84e220-994f-4e81-aa4c-572e6d7da39f: shutdown ac84e220-994f-4e81-aa4c-572e6d7da39f@group-F63F9DE2F8BD-LeaderElection81
2022-06-27 16:59:29,469 [ac84e220-994f-4e81-aa4c-572e6d7da39f@group-F63F9DE2F8BD-LeaderElection81] INFO  server.RaftServer$Division (RaftServerImpl.java:setRole(299)) - ac84e220-994f-4e81-aa4c-572e6d7da39f@group-F63F9DE2F8BD: changes role from CANDIDATE to LEADER at term 4 for changeToLeader
2022-06-27 16:59:29,469 [ac84e220-994f-4e81-aa4c-572e6d7da39f@group-F63F9DE2F8BD-LeaderElection81] INFO  ratis.XceiverServerRatis (XceiverServerRatis.java:handleLeaderChangedNotification(863)) - Leader change notification received for group: group-F63F9DE2F8BD with new leaderId: ac84e220-994f-4e81-aa4c-572e6d7da39f
2022-06-27 16:59:29,470 [ac84e220-994f-4e81-aa4c-572e6d7da39f@group-F63F9DE2F8BD-LeaderElection81] INFO  server.RaftServer$Division (ServerState.java:setLeader(287)) - ac84e220-994f-4e81-aa4c-572e6d7da39f@group-F63F9DE2F8BD: change Leader from null to ac84e220-994f-4e81-aa4c-572e6d7da39f at term 4 for becomeLeader, leader elected after 21438ms
2022-06-27 16:59:29,470 [ac84e220-994f-4e81-aa4c-572e6d7da39f@group-F63F9DE2F8BD-LeaderElection81] INFO  server.RaftServerConfigKeys (ConfUtils.java:logGet(46)) - raft.server.staging.catchup.gap = 1000 (default)
2022-06-27 16:59:29,470 [95b81b85-17bb-45ea-89c3-846c2a70bfe7@group-F63F9DE2F8BD-LeaderElection82] INFO  impl.LeaderElection (LeaderElection.java:askForVotes(310)) - 95b81b85-17bb-45ea-89c3-846c2a70bfe7@group-F63F9DE2F8BD-LeaderElection82 ELECTION round 0: submit vote requests at term 4 for -1: [97d0f922-59b0-4c16-8d4c-abda25e6e18a|rpc:10.1.0.22:33221|priority:0, 95b81b85-17bb-45ea-89c3-846c2a70bfe7|rpc:10.1.0.22:34665|priority:0, ac84e220-994f-4e81-aa4c-572e6d7da39f|rpc:10.1.0.22:46211|priority:1], old=null
2022-06-27 16:59:29,470 [ac84e220-994f-4e81-aa4c-572e6d7da39f@group-F63F9DE2F8BD-LeaderElection81] INFO  server.RaftServerConfigKeys (ConfUtils.java:logGet(46)) - raft.server.write.element-limit = 1024 (custom)
2022-06-27 16:59:29,470 [ac84e220-994f-4e81-aa4c-572e6d7da39f@group-F63F9DE2F8BD-LeaderElection81] INFO  server.RaftServerConfigKeys (ConfUtils.java:logGet(46)) - raft.server.write.byte-limit = 1024 M (=1073741824) (custom)
2022-06-27 16:59:29,470 [ac84e220-994f-4e81-aa4c-572e6d7da39f@group-F63F9DE2F8BD-LeaderElection81] INFO  server.RaftServerConfigKeys (ConfUtils.java:logGet(46)) - raft.server.watch.timeout = 180s (custom)
2022-06-27 16:59:29,470 [ac84e220-994f-4e81-aa4c-572e6d7da39f@group-F63F9DE2F8BD-LeaderElection81] INFO  server.RaftServerConfigKeys (ConfUtils.java:logGet(46)) - raft.server.watch.timeout.denomination = 1s (default)
2022-06-27 16:59:29,470 [ac84e220-994f-4e81-aa4c-572e6d7da39f@group-F63F9DE2F8BD-LeaderElection81] INFO  server.RaftServerConfigKeys (ConfUtils.java:logGet(46)) - raft.server.watch.element-limit = 65536 (default)
2022-06-27 16:59:29,470 [ac84e220-994f-4e81-aa4c-572e6d7da39f@group-F63F9DE2F8BD-LeaderElection81] INFO  server.RaftServerConfigKeys (ConfUtils.java:logGet(46)) - raft.server.write.element-limit = 1024 (custom)
2022-06-27 16:59:29,470 [ac84e220-994f-4e81-aa4c-572e6d7da39f@group-F63F9DE2F8BD-LeaderElection81] INFO  server.RaftServerConfigKeys (ConfUtils.java:logGet(46)) - raft.server.write.follower.gap.ratio.max = -1.0 (default)
2022-06-27 16:59:29,471 [ac84e220-994f-4e81-aa4c-572e6d7da39f@group-F63F9DE2F8BD-LeaderElection81] INFO  server.RaftServerConfigKeys (ConfUtils.java:logGet(46)) - raft.server.log.appender.snapshot.chunk.size.max = 16MB (=16777216) (default)
2022-06-27 16:59:29,471 [ac84e220-994f-4e81-aa4c-572e6d7da39f@group-F63F9DE2F8BD-LeaderElection81] INFO  server.RaftServerConfigKeys (ConfUtils.java:logGet(46)) - raft.server.log.appender.buffer.byte-limit = 33554432 (custom)
2022-06-27 16:59:29,471 [ac84e220-994f-4e81-aa4c-572e6d7da39f@group-F63F9DE2F8BD-LeaderElection81] INFO  server.RaftServerConfigKeys (ConfUtils.java:logGet(46)) - raft.server.log.appender.buffer.element-limit = 1 (custom)
2022-06-27 16:59:29,472 [EventQueue-PipelineReportForPipelineReportHandler] INFO  pipeline.PipelineManagerImpl (PipelineManagerImpl.java:openPipeline(358)) - Pipeline Pipeline[ Id: 895d2897-a99a-49dc-983a-f63f9de2f8bd, Nodes: 97d0f922-59b0-4c16-8d4c-abda25e6e18a{ip: 10.1.0.22, host: fv-az215-30.fk02tkdpp51uda4i120yanydqb.bx.internal.cloudapp.net, ports: [REPLICATION=45109, RATIS=33221, RATIS_ADMIN=33221, RATIS_SERVER=33221, STANDALONE=39161], networkLocation: /default-rack, certSerialId: null, persistedOpState: IN_SERVICE, persistedOpStateExpiryEpochSec: 0}95b81b85-17bb-45ea-89c3-846c2a70bfe7{ip: 10.1.0.22, host: fv-az215-30.fk02tkdpp51uda4i120yanydqb.bx.internal.cloudapp.net, ports: [REPLICATION=34981, RATIS=34665, RATIS_ADMIN=34665, RATIS_SERVER=34665, STANDALONE=45521], networkLocation: /default-rack, certSerialId: null, persistedOpState: IN_SERVICE, persistedOpStateExpiryEpochSec: 0}ac84e220-994f-4e81-aa4c-572e6d7da39f{ip: 10.1.0.22, host: fv-az215-30.fk02tkdpp51uda4i120yanydqb.bx.internal.cloudapp.net, ports: [REPLICATION=45899, RATIS=46211, RATIS_ADMIN=46211, RATIS_SERVER=46211, STANDALONE=35247], networkLocation: /default-rack, certSerialId: null, persistedOpState: IN_SERVICE, persistedOpStateExpiryEpochSec: 0}, ReplicationConfig: RATIS/THREE, State:ALLOCATED, leaderId:ac84e220-994f-4e81-aa4c-572e6d7da39f, CreationTimestamp2022-06-27T16:59:07.158Z[Etc/UTC]] moved to OPEN state
2022-06-27 16:59:29,518 [ac84e220-994f-4e81-aa4c-572e6d7da39f@group-F63F9DE2F8BD-LeaderElection81] INFO  grpc.GrpcConfigKeys (ConfUtils.java:logGet(46)) - raft.grpc.server.leader.outstanding.appends.max = 128 (default)
2022-06-27 16:59:29,518 [ac84e220-994f-4e81-aa4c-572e6d7da39f@group-F63F9DE2F8BD-LeaderElection81] INFO  server.RaftServerConfigKeys (ConfUtils.java:logGet(46)) - raft.server.rpc.request.timeout = 60s (custom)
2022-06-27 16:59:29,518 [ac84e220-994f-4e81-aa4c-572e6d7da39f@group-F63F9DE2F8BD-LeaderElection81] INFO  server.RaftServerConfigKeys (ConfUtils.java:logGet(46)) - raft.server.log.appender.install.snapshot.enabled = false (custom)
2022-06-27 16:59:29,519 [ac84e220-994f-4e81-aa4c-572e6d7da39f@group-F63F9DE2F8BD-LeaderElection81] INFO  server.RaftServerConfigKeys (ConfUtils.java:logGet(46)) - raft.server.log.appender.snapshot.chunk.size.max = 16MB (=16777216) (default)
2022-06-27 16:59:29,519 [ac84e220-994f-4e81-aa4c-572e6d7da39f@group-F63F9DE2F8BD-LeaderElection81] INFO  server.RaftServerConfigKeys (ConfUtils.java:logGet(46)) - raft.server.log.appender.buffer.byte-limit = 33554432 (custom)
2022-06-27 16:59:29,519 [ac84e220-994f-4e81-aa4c-572e6d7da39f@group-F63F9DE2F8BD-LeaderElection81] INFO  server.RaftServerConfigKeys (ConfUtils.java:logGet(46)) - raft.server.log.appender.buffer.element-limit = 1 (custom)
2022-06-27 16:59:29,520 [ac84e220-994f-4e81-aa4c-572e6d7da39f@group-F63F9DE2F8BD-LeaderElection81] INFO  grpc.GrpcConfigKeys (ConfUtils.java:logGet(46)) - raft.grpc.server.leader.outstanding.appends.max = 128 (default)
2022-06-27 16:59:29,520 [ac84e220-994f-4e81-aa4c-572e6d7da39f@group-F63F9DE2F8BD-LeaderElection81] INFO  server.RaftServerConfigKeys (ConfUtils.java:logGet(46)) - raft.server.rpc.request.timeout = 60s (custom)
2022-06-27 16:59:29,520 [ac84e220-994f-4e81-aa4c-572e6d7da39f@group-F63F9DE2F8BD-LeaderElection81] INFO  server.RaftServerConfigKeys (ConfUtils.java:logGet(46)) - raft.server.log.appender.install.snapshot.enabled = false (custom)
2022-06-27 16:59:29,520 [ac84e220-994f-4e81-aa4c-572e6d7da39f@group-F63F9DE2F8BD-LeaderElection81] INFO  impl.RoleInfo (RoleInfo.java:updateAndGet(139)) - ac84e220-994f-4e81-aa4c-572e6d7da39f: start ac84e220-994f-4e81-aa4c-572e6d7da39f@group-F63F9DE2F8BD-LeaderStateImpl
2022-06-27 16:59:29,520 [ac84e220-994f-4e81-aa4c-572e6d7da39f@group-F63F9DE2F8BD-LeaderElection81] INFO  segmented.SegmentedRaftLogWorker (SegmentedRaftLogWorker.java:startLogSegment(425)) - ac84e220-994f-4e81-aa4c-572e6d7da39f@group-F63F9DE2F8BD-SegmentedRaftLogWorker: Starting segment from index:0
2022-06-27 16:59:29,521 [grpc-default-executor-5] INFO  server.RaftServer$Division (RaftServerImpl.java:requestVote(1152)) - 97d0f922-59b0-4c16-8d4c-abda25e6e18a@group-F63F9DE2F8BD: receive requestVote(ELECTION, 95b81b85-17bb-45ea-89c3-846c2a70bfe7, group-F63F9DE2F8BD, 4, (t:0, i:0))
2022-06-27 16:59:29,521 [grpc-default-executor-5] INFO  impl.VoteContext (VoteContext.java:log(48)) - 97d0f922-59b0-4c16-8d4c-abda25e6e18a@group-F63F9DE2F8BD-FOLLOWER: reject ELECTION from 95b81b85-17bb-45ea-89c3-846c2a70bfe7: already has voted for ac84e220-994f-4e81-aa4c-572e6d7da39f at current term 4
2022-06-27 16:59:29,521 [grpc-default-executor-5] INFO  server.RaftServer$Division (RaftServerImpl.java:requestVote(1184)) - 97d0f922-59b0-4c16-8d4c-abda25e6e18a@group-F63F9DE2F8BD replies to ELECTION vote request: 95b81b85-17bb-45ea-89c3-846c2a70bfe7<-97d0f922-59b0-4c16-8d4c-abda25e6e18a#0:FAIL-t4. Peer's state: 97d0f922-59b0-4c16-8d4c-abda25e6e18a@group-F63F9DE2F8BD:t4, leader=null, voted=ac84e220-994f-4e81-aa4c-572e6d7da39f, raftlog=97d0f922-59b0-4c16-8d4c-abda25e6e18a@group-F63F9DE2F8BD-SegmentedRaftLog:OPENED:c-1, conf=-1: [97d0f922-59b0-4c16-8d4c-abda25e6e18a|rpc:10.1.0.22:33221|dataStream:|priority:0, 95b81b85-17bb-45ea-89c3-846c2a70bfe7|rpc:10.1.0.22:34665|dataStream:|priority:0, ac84e220-994f-4e81-aa4c-572e6d7da39f|rpc:10.1.0.22:46211|dataStream:|priority:1], old=null
2022-06-27 16:59:29,522 [ac84e220-994f-4e81-aa4c-572e6d7da39f@group-F63F9DE2F8BD-SegmentedRaftLogWorker] INFO  segmented.SegmentedRaftLogWorker (SegmentedRaftLogWorker.java:execute(629)) - ac84e220-994f-4e81-aa4c-572e6d7da39f@group-F63F9DE2F8BD-SegmentedRaftLogWorker: created new log segment /home/runner/work/ozone/ozone/hadoop-ozone/integration-test/target/test-dir/MiniOzoneClusterImpl-9da5c95b-489f-4ace-b65d-e0c796cc3c87/datanode-2/data/ratis/895d2897-a99a-49dc-983a-f63f9de2f8bd/current/log_inprogress_0
2022-06-27 16:59:29,593 [ac84e220-994f-4e81-aa4c-572e6d7da39f@group-F63F9DE2F8BD-LeaderElection81] INFO  server.RaftServer$Division (ServerState.java:setRaftConf(393)) - ac84e220-994f-4e81-aa4c-572e6d7da39f@group-F63F9DE2F8BD: set configuration 0: [97d0f922-59b0-4c16-8d4c-abda25e6e18a|rpc:10.1.0.22:33221|dataStream:|priority:0, 95b81b85-17bb-45ea-89c3-846c2a70bfe7|rpc:10.1.0.22:34665|dataStream:|priority:0, ac84e220-994f-4e81-aa4c-572e6d7da39f|rpc:10.1.0.22:46211|dataStream:|priority:1], old=null
2022-06-27 16:59:29,645 [grpc-default-executor-2] INFO  server.RaftServer$Division (RaftServerImpl.java:requestVote(1152)) - ac84e220-994f-4e81-aa4c-572e6d7da39f@group-F63F9DE2F8BD: receive requestVote(ELECTION, 95b81b85-17bb-45ea-89c3-846c2a70bfe7, group-F63F9DE2F8BD, 4, (t:0, i:0))
2022-06-27 16:59:29,645 [grpc-default-executor-2] INFO  impl.VoteContext (VoteContext.java:log(48)) - ac84e220-994f-4e81-aa4c-572e6d7da39f@group-F63F9DE2F8BD-LEADER: reject ELECTION from 95b81b85-17bb-45ea-89c3-846c2a70bfe7: already has voted for ac84e220-994f-4e81-aa4c-572e6d7da39f at current term 4
2022-06-27 16:59:29,645 [grpc-default-executor-2] INFO  server.RaftServer$Division (RaftServerImpl.java:requestVote(1184)) - ac84e220-994f-4e81-aa4c-572e6d7da39f@group-F63F9DE2F8BD replies to ELECTION vote request: 95b81b85-17bb-45ea-89c3-846c2a70bfe7<-ac84e220-994f-4e81-aa4c-572e6d7da39f#0:FAIL-t4. Peer's state: ac84e220-994f-4e81-aa4c-572e6d7da39f@group-F63F9DE2F8BD:t4, leader=ac84e220-994f-4e81-aa4c-572e6d7da39f, voted=ac84e220-994f-4e81-aa4c-572e6d7da39f, raftlog=ac84e220-994f-4e81-aa4c-572e6d7da39f@group-F63F9DE2F8BD-SegmentedRaftLog:OPENED:c0, conf=0: [97d0f922-59b0-4c16-8d4c-abda25e6e18a|rpc:10.1.0.22:33221|dataStream:|priority:0, 95b81b85-17bb-45ea-89c3-846c2a70bfe7|rpc:10.1.0.22:34665|dataStream:|priority:0, ac84e220-994f-4e81-aa4c-572e6d7da39f|rpc:10.1.0.22:46211|dataStream:|priority:1], old=null
2022-06-27 16:59:29,714 [95b81b85-17bb-45ea-89c3-846c2a70bfe7@group-F63F9DE2F8BD-LeaderElection82] INFO  impl.LeaderElection (LeaderElection.java:logAndReturn(90)) - 95b81b85-17bb-45ea-89c3-846c2a70bfe7@group-F63F9DE2F8BD-LeaderElection82: ELECTION REJECTED received 2 response(s) and 0 exception(s):
2022-06-27 16:59:29,714 [95b81b85-17bb-45ea-89c3-846c2a70bfe7@group-F63F9DE2F8BD-LeaderElection82] INFO  impl.LeaderElection (LeaderElection.java:logAndReturn(94)) -   Response 0: 95b81b85-17bb-45ea-89c3-846c2a70bfe7<-97d0f922-59b0-4c16-8d4c-abda25e6e18a#0:FAIL-t4
2022-06-27 16:59:29,714 [95b81b85-17bb-45ea-89c3-846c2a70bfe7@group-F63F9DE2F8BD-LeaderElection82] INFO  impl.LeaderElection (LeaderElection.java:logAndReturn(94)) -   Response 1: 95b81b85-17bb-45ea-89c3-846c2a70bfe7<-ac84e220-994f-4e81-aa4c-572e6d7da39f#0:FAIL-t4
2022-06-27 16:59:29,714 [95b81b85-17bb-45ea-89c3-846c2a70bfe7@group-F63F9DE2F8BD-LeaderElection82] INFO  impl.LeaderElection (LeaderElection.java:askForVotes(312)) - 95b81b85-17bb-45ea-89c3-846c2a70bfe7@group-F63F9DE2F8BD-LeaderElection82 ELECTION round 0: result REJECTED
2022-06-27 16:59:29,714 [95b81b85-17bb-45ea-89c3-846c2a70bfe7@group-F63F9DE2F8BD-LeaderElection82] INFO  server.RaftServer$Division (RaftServerImpl.java:setRole(299)) - 95b81b85-17bb-45ea-89c3-846c2a70bfe7@group-F63F9DE2F8BD: changes role from CANDIDATE to FOLLOWER at term 4 for REJECTED
2022-06-27 16:59:29,714 [95b81b85-17bb-45ea-89c3-846c2a70bfe7@group-F63F9DE2F8BD-LeaderElection82] INFO  impl.RoleInfo (RoleInfo.java:shutdownLeaderElection(130)) - 95b81b85-17bb-45ea-89c3-846c2a70bfe7: shutdown 95b81b85-17bb-45ea-89c3-846c2a70bfe7@group-F63F9DE2F8BD-LeaderElection82
2022-06-27 16:59:29,714 [95b81b85-17bb-45ea-89c3-846c2a70bfe7@group-F63F9DE2F8BD-LeaderElection82] INFO  impl.RoleInfo (RoleInfo.java:updateAndGet(139)) - 95b81b85-17bb-45ea-89c3-846c2a70bfe7: start 95b81b85-17bb-45ea-89c3-846c2a70bfe7@group-F63F9DE2F8BD-FollowerState
2022-06-27 16:59:29,741 [95b81b85-17bb-45ea-89c3-846c2a70bfe7-server-thread1] INFO  ratis.XceiverServerRatis (XceiverServerRatis.java:handleLeaderChangedNotification(863)) - Leader change notification received for group: group-F63F9DE2F8BD with new leaderId: ac84e220-994f-4e81-aa4c-572e6d7da39f
2022-06-27 16:59:29,741 [95b81b85-17bb-45ea-89c3-846c2a70bfe7-server-thread1] INFO  server.RaftServer$Division (ServerState.java:setLeader(287)) - 95b81b85-17bb-45ea-89c3-846c2a70bfe7@group-F63F9DE2F8BD: change Leader from null to ac84e220-994f-4e81-aa4c-572e6d7da39f at term 4 for appendEntries, leader elected after 21855ms
2022-06-27 16:59:29,785 [97d0f922-59b0-4c16-8d4c-abda25e6e18a-server-thread1] INFO  ratis.XceiverServerRatis (XceiverServerRatis.java:handleLeaderChangedNotification(863)) - Leader change notification received for group: group-F63F9DE2F8BD with new leaderId: ac84e220-994f-4e81-aa4c-572e6d7da39f
2022-06-27 16:59:29,785 [97d0f922-59b0-4c16-8d4c-abda25e6e18a-server-thread1] INFO  server.RaftServer$Division (ServerState.java:setLeader(287)) - 97d0f922-59b0-4c16-8d4c-abda25e6e18a@group-F63F9DE2F8BD: change Leader from null to ac84e220-994f-4e81-aa4c-572e6d7da39f at term 4 for appendEntries, leader elected after 21834ms
2022-06-27 16:59:29,797 [95b81b85-17bb-45ea-89c3-846c2a70bfe7-server-thread1] INFO  server.RaftServer$Division (ServerState.java:setRaftConf(393)) - 95b81b85-17bb-45ea-89c3-846c2a70bfe7@group-F63F9DE2F8BD: set configuration 0: [97d0f922-59b0-4c16-8d4c-abda25e6e18a|rpc:10.1.0.22:33221|dataStream:|priority:0, 95b81b85-17bb-45ea-89c3-846c2a70bfe7|rpc:10.1.0.22:34665|dataStream:|priority:0, ac84e220-994f-4e81-aa4c-572e6d7da39f|rpc:10.1.0.22:46211|dataStream:|priority:1], old=null
2022-06-27 16:59:29,797 [95b81b85-17bb-45ea-89c3-846c2a70bfe7-server-thread1] INFO  segmented.SegmentedRaftLogWorker (SegmentedRaftLogWorker.java:startLogSegment(425)) - 95b81b85-17bb-45ea-89c3-846c2a70bfe7@group-F63F9DE2F8BD-SegmentedRaftLogWorker: Starting segment from index:0
2022-06-27 16:59:29,806 [97d0f922-59b0-4c16-8d4c-abda25e6e18a-server-thread1] INFO  server.RaftServer$Division (ServerState.java:setRaftConf(393)) - 97d0f922-59b0-4c16-8d4c-abda25e6e18a@group-F63F9DE2F8BD: set configuration 0: [97d0f922-59b0-4c16-8d4c-abda25e6e18a|rpc:10.1.0.22:33221|dataStream:|priority:0, 95b81b85-17bb-45ea-89c3-846c2a70bfe7|rpc:10.1.0.22:34665|dataStream:|priority:0, ac84e220-994f-4e81-aa4c-572e6d7da39f|rpc:10.1.0.22:46211|dataStream:|priority:1], old=null
2022-06-27 16:59:29,806 [97d0f922-59b0-4c16-8d4c-abda25e6e18a-server-thread1] INFO  segmented.SegmentedRaftLogWorker (SegmentedRaftLogWorker.java:startLogSegment(425)) - 97d0f922-59b0-4c16-8d4c-abda25e6e18a@group-F63F9DE2F8BD-SegmentedRaftLogWorker: Starting segment from index:0
2022-06-27 16:59:29,807 [97d0f922-59b0-4c16-8d4c-abda25e6e18a@group-F63F9DE2F8BD-SegmentedRaftLogWorker] INFO  segmented.SegmentedRaftLogWorker (SegmentedRaftLogWorker.java:execute(629)) - 97d0f922-59b0-4c16-8d4c-abda25e6e18a@group-F63F9DE2F8BD-SegmentedRaftLogWorker: created new log segment /home/runner/work/ozone/ozone/hadoop-ozone/integration-test/target/test-dir/MiniOzoneClusterImpl-9da5c95b-489f-4ace-b65d-e0c796cc3c87/datanode-1/data/ratis/895d2897-a99a-49dc-983a-f63f9de2f8bd/current/log_inprogress_0
2022-06-27 16:59:29,818 [95b81b85-17bb-45ea-89c3-846c2a70bfe7@group-F63F9DE2F8BD-SegmentedRaftLogWorker] INFO  segmented.SegmentedRaftLogWorker (SegmentedRaftLogWorker.java:execute(629)) - 95b81b85-17bb-45ea-89c3-846c2a70bfe7@group-F63F9DE2F8BD-SegmentedRaftLogWorker: created new log segment /home/runner/work/ozone/ozone/hadoop-ozone/integration-test/target/test-dir/MiniOzoneClusterImpl-9da5c95b-489f-4ace-b65d-e0c796cc3c87/datanode-0/data/ratis/895d2897-a99a-49dc-983a-f63f9de2f8bd/current/log_inprogress_0
]]></system-out>
  </testcase>
  <testcase name="testRenameToDifferentBucket" classname="TestRootedOzoneFileSystem" time="0.066">
    <system-out><![CDATA[2022-06-27 16:54:45,859 [Time-limited test] INFO  rpc.RpcClient (RpcClient.java:createVolume(466)) - Creating Volume: volume74045, with user72393 as owner and space quota set to -1 bytes, counts quota set to -1
2022-06-27 16:54:45,861 [OM StateMachine ApplyTransaction Thread - 0] INFO  volume.OMVolumeCreateRequest (OMVolumeCreateRequest.java:validateAndUpdateCache(195)) - created volume:volume74045 for user:user72393
2022-06-27 16:54:45,862 [Time-limited test] INFO  rpc.RpcClient (RpcClient.java:createBucket(666)) - Creating Bucket: volume74045/bucket77942, with the Bucket Layout LEGACY, runner as owner, Versioning false, Storage Type set to DISK and Encryption set to false 
2022-06-27 16:54:45,864 [OM StateMachine ApplyTransaction Thread - 0] INFO  bucket.OMBucketCreateRequest (OMBucketCreateRequest.java:validateAndUpdateCache(260)) - created bucket: bucket77942 of layout LEGACY in volume: volume74045
]]></system-out>
  </testcase>
  <testcase name="testRenameToDifferentBucket" classname="TestRootedOzoneFileSystem" time="0.108">
    <system-out><![CDATA[2022-06-27 16:55:49,446 [Time-limited test] INFO  rpc.RpcClient (RpcClient.java:createVolume(466)) - Creating Volume: volume69297, with user14496 as owner and space quota set to -1 bytes, counts quota set to -1
2022-06-27 16:55:49,448 [OM StateMachine ApplyTransaction Thread - 0] INFO  volume.OMVolumeCreateRequest (OMVolumeCreateRequest.java:validateAndUpdateCache(195)) - created volume:volume69297 for user:user14496
2022-06-27 16:55:49,449 [Time-limited test] INFO  rpc.RpcClient (RpcClient.java:createBucket(666)) - Creating Bucket: volume69297/bucket83283, with the Bucket Layout LEGACY, runner as owner, Versioning false, Storage Type set to DISK and Encryption set to false 
2022-06-27 16:55:49,450 [OM StateMachine ApplyTransaction Thread - 0] INFO  bucket.OMBucketCreateRequest (OMBucketCreateRequest.java:validateAndUpdateCache(260)) - created bucket: bucket83283 of layout LEGACY in volume: volume69297
]]></system-out>
  </testcase>
  <testcase name="testRenameToDifferentBucket" classname="TestRootedOzoneFileSystem" time="0.091">
    <system-out><![CDATA[2022-06-27 16:56:56,815 [Time-limited test] INFO  rpc.RpcClient (RpcClient.java:createVolume(466)) - Creating Volume: volume88082, with user27256 as owner and space quota set to -1 bytes, counts quota set to -1
2022-06-27 16:56:56,816 [IPC Server handler 18 on default port 40407] INFO  volume.OMVolumeCreateRequest (OMVolumeCreateRequest.java:validateAndUpdateCache(195)) - created volume:volume88082 for user:user27256
2022-06-27 16:56:56,816 [Time-limited test] INFO  rpc.RpcClient (RpcClient.java:createBucket(666)) - Creating Bucket: volume88082/bucket98175, with the Bucket Layout LEGACY, runner as owner, Versioning false, Storage Type set to DISK and Encryption set to false 
2022-06-27 16:56:56,818 [IPC Server handler 16 on default port 40407] INFO  bucket.OMBucketCreateRequest (OMBucketCreateRequest.java:validateAndUpdateCache(260)) - created bucket: bucket98175 of layout LEGACY in volume: volume88082
]]></system-out>
  </testcase>
  <testcase name="testRenameToDifferentBucket" classname="TestRootedOzoneFileSystem" time="0.16">
    <system-out><![CDATA[2022-06-27 16:58:22,019 [Time-limited test] INFO  rpc.RpcClient (RpcClient.java:createVolume(466)) - Creating Volume: volume45664, with user03678 as owner and space quota set to -1 bytes, counts quota set to -1
2022-06-27 16:58:22,048 [OM StateMachine ApplyTransaction Thread - 0] INFO  volume.OMVolumeCreateRequest (OMVolumeCreateRequest.java:validateAndUpdateCache(195)) - created volume:volume45664 for user:user03678
2022-06-27 16:58:22,049 [Time-limited test] INFO  rpc.RpcClient (RpcClient.java:createBucket(666)) - Creating Bucket: volume45664/bucket15160, with the Bucket Layout LEGACY, runner as owner, Versioning false, Storage Type set to DISK and Encryption set to false 
2022-06-27 16:58:22,053 [OM StateMachine ApplyTransaction Thread - 0] INFO  bucket.OMBucketCreateRequest (OMBucketCreateRequest.java:validateAndUpdateCache(260)) - created bucket: bucket15160 of layout LEGACY in volume: volume45664
]]></system-out>
  </testcase>
  <testcase name="testRenameToDifferentBucket" classname="TestRootedOzoneFileSystem" time="0.087">
    <system-out><![CDATA[2022-06-27 16:59:37,327 [Time-limited test] INFO  rpc.RpcClient (RpcClient.java:createVolume(466)) - Creating Volume: volume95343, with user48837 as owner and space quota set to -1 bytes, counts quota set to -1
2022-06-27 16:59:37,327 [IPC Server handler 19 on default port 35065] INFO  volume.OMVolumeCreateRequest (OMVolumeCreateRequest.java:validateAndUpdateCache(195)) - created volume:volume95343 for user:user48837
2022-06-27 16:59:37,333 [Time-limited test] INFO  rpc.RpcClient (RpcClient.java:createBucket(666)) - Creating Bucket: volume95343/bucket78700, with the Bucket Layout LEGACY, runner as owner, Versioning false, Storage Type set to DISK and Encryption set to false 
2022-06-27 16:59:37,334 [IPC Server handler 18 on default port 35065] INFO  bucket.OMBucketCreateRequest (OMBucketCreateRequest.java:validateAndUpdateCache(260)) - created bucket: bucket78700 of layout LEGACY in volume: volume95343
]]></system-out>
  </testcase>
  <testcase name="testBucketDefaultsShouldBeInheritedToFileForEC" classname="TestRootedOzoneFileSystem" time="0.57">
    <system-out><![CDATA[2022-06-27 16:54:45,910 [Time-limited test] INFO  rpc.RpcClient (RpcClient.java:createVolume(466)) - Creating Volume: volume53919, with user91102 as owner and space quota set to -1 bytes, counts quota set to -1
2022-06-27 16:54:45,912 [OM StateMachine ApplyTransaction Thread - 0] INFO  volume.OMVolumeCreateRequest (OMVolumeCreateRequest.java:validateAndUpdateCache(195)) - created volume:volume53919 for user:user91102
2022-06-27 16:54:45,916 [Time-limited test] INFO  rpc.RpcClient (RpcClient.java:createBucket(666)) - Creating Bucket: volume53919/bucket27046, with the Bucket Layout LEGACY, runner as owner, Versioning false, Storage Type set to DISK and Encryption set to false 
2022-06-27 16:54:45,919 [OM StateMachine ApplyTransaction Thread - 0] INFO  bucket.OMBucketCreateRequest (OMBucketCreateRequest.java:validateAndUpdateCache(260)) - created bucket: bucket27046 of layout LEGACY in volume: volume53919
2022-06-27 16:54:45,943 [Time-limited test] INFO  rpc.RpcClient (RpcClient.java:createVolume(466)) - Creating Volume: eb5dc002-47f0-440a-ac78-5780d59d1ac6, with user06516 as owner and space quota set to -1 bytes, counts quota set to -1
2022-06-27 16:54:45,944 [OM StateMachine ApplyTransaction Thread - 0] INFO  volume.OMVolumeCreateRequest (OMVolumeCreateRequest.java:validateAndUpdateCache(195)) - created volume:eb5dc002-47f0-440a-ac78-5780d59d1ac6 for user:user06516
2022-06-27 16:54:45,945 [Time-limited test] INFO  rpc.RpcClient (RpcClient.java:createBucket(666)) - Creating Bucket: eb5dc002-47f0-440a-ac78-5780d59d1ac6/f7318f8c-2da1-4962-b6dd-1d899d84ccf8, with the Bucket Layout LEGACY, runner as owner, Versioning false, Storage Type set to DISK and Encryption set to false 
2022-06-27 16:54:45,948 [OM StateMachine ApplyTransaction Thread - 0] INFO  bucket.OMBucketCreateRequest (OMBucketCreateRequest.java:validateAndUpdateCache(260)) - created bucket: f7318f8c-2da1-4962-b6dd-1d899d84ccf8 of layout LEGACY in volume: eb5dc002-47f0-440a-ac78-5780d59d1ac6
2022-06-27 16:54:45,954 [IPC Server handler 1 on default port 34301] INFO  pipeline.PipelineStateManagerImpl (PipelineStateManagerImpl.java:addPipeline(101)) - Created pipeline Pipeline[ Id: cee14316-5624-40f9-8e48-6030d5ad51a5, Nodes: 28725b92-7534-4808-bd3a-f7d426359eac{ip: 10.1.0.22, host: fv-az215-30.fk02tkdpp51uda4i120yanydqb.bx.internal.cloudapp.net, ports: [REPLICATION=46137, RATIS=46711, RATIS_ADMIN=46711, RATIS_SERVER=46711, STANDALONE=45937], networkLocation: /default-rack, certSerialId: null, persistedOpState: null, persistedOpStateExpiryEpochSec: 0}d2418c64-8d9c-434b-8e38-d723d14cbfaf{ip: 10.1.0.22, host: fv-az215-30.fk02tkdpp51uda4i120yanydqb.bx.internal.cloudapp.net, ports: [REPLICATION=37639, RATIS=35023, RATIS_ADMIN=35023, RATIS_SERVER=35023, STANDALONE=40389], networkLocation: /default-rack, certSerialId: null, persistedOpState: null, persistedOpStateExpiryEpochSec: 0}e149a773-6f80-4200-b489-f1fdfcbd08b4{ip: 10.1.0.22, host: fv-az215-30.fk02tkdpp51uda4i120yanydqb.bx.internal.cloudapp.net, ports: [REPLICATION=43387, RATIS=46641, RATIS_ADMIN=46641, RATIS_SERVER=46641, STANDALONE=37383], networkLocation: /default-rack, certSerialId: null, persistedOpState: null, persistedOpStateExpiryEpochSec: 0}ccff8009-bc9c-45e1-9925-30de1c0d3a9d{ip: 10.1.0.22, host: fv-az215-30.fk02tkdpp51uda4i120yanydqb.bx.internal.cloudapp.net, ports: [REPLICATION=32799, RATIS=41485, RATIS_ADMIN=41485, RATIS_SERVER=41485, STANDALONE=33923], networkLocation: /default-rack, certSerialId: null, persistedOpState: null, persistedOpStateExpiryEpochSec: 0}b48423cd-489c-4e2e-b1c7-3f6c172b8172{ip: 10.1.0.22, host: fv-az215-30.fk02tkdpp51uda4i120yanydqb.bx.internal.cloudapp.net, ports: [REPLICATION=43055, RATIS=38793, RATIS_ADMIN=38793, RATIS_SERVER=38793, STANDALONE=42281], networkLocation: /default-rack, certSerialId: null, persistedOpState: null, persistedOpStateExpiryEpochSec: 0}, ReplicationConfig: EC/ECReplicationConfig{data=3, parity=2, ecChunkSize=1024, codec=rs}, State:ALLOCATED, leaderId:, CreationTimestamp2022-06-27T16:54:45.954Z[Etc/UTC]].
2022-06-27 16:54:45,955 [IPC Server handler 1 on default port 34301] INFO  pipeline.PipelineManagerImpl (PipelineManagerImpl.java:openPipeline(358)) - Pipeline Pipeline[ Id: cee14316-5624-40f9-8e48-6030d5ad51a5, Nodes: 28725b92-7534-4808-bd3a-f7d426359eac{ip: 10.1.0.22, host: fv-az215-30.fk02tkdpp51uda4i120yanydqb.bx.internal.cloudapp.net, ports: [REPLICATION=46137, RATIS=46711, RATIS_ADMIN=46711, RATIS_SERVER=46711, STANDALONE=45937], networkLocation: /default-rack, certSerialId: null, persistedOpState: null, persistedOpStateExpiryEpochSec: 0}d2418c64-8d9c-434b-8e38-d723d14cbfaf{ip: 10.1.0.22, host: fv-az215-30.fk02tkdpp51uda4i120yanydqb.bx.internal.cloudapp.net, ports: [REPLICATION=37639, RATIS=35023, RATIS_ADMIN=35023, RATIS_SERVER=35023, STANDALONE=40389], networkLocation: /default-rack, certSerialId: null, persistedOpState: null, persistedOpStateExpiryEpochSec: 0}e149a773-6f80-4200-b489-f1fdfcbd08b4{ip: 10.1.0.22, host: fv-az215-30.fk02tkdpp51uda4i120yanydqb.bx.internal.cloudapp.net, ports: [REPLICATION=43387, RATIS=46641, RATIS_ADMIN=46641, RATIS_SERVER=46641, STANDALONE=37383], networkLocation: /default-rack, certSerialId: null, persistedOpState: null, persistedOpStateExpiryEpochSec: 0}ccff8009-bc9c-45e1-9925-30de1c0d3a9d{ip: 10.1.0.22, host: fv-az215-30.fk02tkdpp51uda4i120yanydqb.bx.internal.cloudapp.net, ports: [REPLICATION=32799, RATIS=41485, RATIS_ADMIN=41485, RATIS_SERVER=41485, STANDALONE=33923], networkLocation: /default-rack, certSerialId: null, persistedOpState: null, persistedOpStateExpiryEpochSec: 0}b48423cd-489c-4e2e-b1c7-3f6c172b8172{ip: 10.1.0.22, host: fv-az215-30.fk02tkdpp51uda4i120yanydqb.bx.internal.cloudapp.net, ports: [REPLICATION=43055, RATIS=38793, RATIS_ADMIN=38793, RATIS_SERVER=38793, STANDALONE=42281], networkLocation: /default-rack, certSerialId: null, persistedOpState: null, persistedOpStateExpiryEpochSec: 0}, ReplicationConfig: EC/ECReplicationConfig{data=3, parity=2, ecChunkSize=1024, codec=rs}, State:ALLOCATED, leaderId:, CreationTimestamp2022-06-27T16:54:45.954Z[Etc/UTC]] moved to OPEN state
2022-06-27 16:54:46,004 [Time-limited test] WARN  erasurecode.ErasureCodeNative (ErasureCodeNative.java:<clinit>(55)) - ISA-L support is not available in your platform... using builtin-java codec where applicable
2022-06-27 16:54:46,402 [org.apache.ratis.util.JvmPauseMonitor$$Lambda$611/5070432@7df6ebb7] WARN  util.JvmPauseMonitor (JvmPauseMonitor.java:detectPause(124)) - JvmPauseMonitor-ccff8009-bc9c-45e1-9925-30de1c0d3a9d: Detected pause in JVM or host machine (eg GC): pause of approximately 155024506ns.
GC pool 'PS MarkSweep' had collection(s): count=1 time=155ms
GC pool 'PS Scavenge' had collection(s): count=1 time=26ms
]]></system-out>
  </testcase>
  <testcase name="testBucketDefaultsShouldBeInheritedToFileForEC" classname="TestRootedOzoneFileSystem" time="0.608">
    <system-out><![CDATA[2022-06-27 16:55:49,525 [Time-limited test] INFO  rpc.RpcClient (RpcClient.java:createVolume(466)) - Creating Volume: volume07868, with user83957 as owner and space quota set to -1 bytes, counts quota set to -1
2022-06-27 16:55:49,527 [OM StateMachine ApplyTransaction Thread - 0] INFO  volume.OMVolumeCreateRequest (OMVolumeCreateRequest.java:validateAndUpdateCache(195)) - created volume:volume07868 for user:user83957
2022-06-27 16:55:49,528 [Time-limited test] INFO  rpc.RpcClient (RpcClient.java:createBucket(666)) - Creating Bucket: volume07868/bucket41620, with the Bucket Layout LEGACY, runner as owner, Versioning false, Storage Type set to DISK and Encryption set to false 
2022-06-27 16:55:49,531 [OM StateMachine ApplyTransaction Thread - 0] INFO  bucket.OMBucketCreateRequest (OMBucketCreateRequest.java:validateAndUpdateCache(260)) - created bucket: bucket41620 of layout LEGACY in volume: volume07868
2022-06-27 16:55:49,589 [Time-limited test] INFO  rpc.RpcClient (RpcClient.java:createVolume(466)) - Creating Volume: 514e57ca-3754-4a62-81d2-b1f278adf074, with user80496 as owner and space quota set to -1 bytes, counts quota set to -1
2022-06-27 16:55:49,590 [OM StateMachine ApplyTransaction Thread - 0] INFO  volume.OMVolumeCreateRequest (OMVolumeCreateRequest.java:validateAndUpdateCache(195)) - created volume:514e57ca-3754-4a62-81d2-b1f278adf074 for user:user80496
2022-06-27 16:55:49,593 [Time-limited test] INFO  rpc.RpcClient (RpcClient.java:createBucket(666)) - Creating Bucket: 514e57ca-3754-4a62-81d2-b1f278adf074/33d17edd-6d7f-44fa-badf-1014e3777397, with the Bucket Layout LEGACY, runner as owner, Versioning false, Storage Type set to DISK and Encryption set to false 
2022-06-27 16:55:49,596 [OM StateMachine ApplyTransaction Thread - 0] INFO  bucket.OMBucketCreateRequest (OMBucketCreateRequest.java:validateAndUpdateCache(260)) - created bucket: 33d17edd-6d7f-44fa-badf-1014e3777397 of layout LEGACY in volume: 514e57ca-3754-4a62-81d2-b1f278adf074
2022-06-27 16:55:49,617 [IPC Server handler 2 on default port 40199] INFO  pipeline.PipelineStateManagerImpl (PipelineStateManagerImpl.java:addPipeline(101)) - Created pipeline Pipeline[ Id: 12d76fa4-3d3f-4cb7-b3ab-1db0e14d59dc, Nodes: aff9d3c6-0a22-4090-bc43-74b57d8145ab{ip: 10.1.0.22, host: fv-az215-30.fk02tkdpp51uda4i120yanydqb.bx.internal.cloudapp.net, ports: [REPLICATION=39463, RATIS=36293, RATIS_ADMIN=36293, RATIS_SERVER=36293, STANDALONE=41913], networkLocation: /default-rack, certSerialId: null, persistedOpState: null, persistedOpStateExpiryEpochSec: 0}6005e4a5-b457-424c-9515-b1921d45a496{ip: 10.1.0.22, host: fv-az215-30.fk02tkdpp51uda4i120yanydqb.bx.internal.cloudapp.net, ports: [REPLICATION=42237, RATIS=45857, RATIS_ADMIN=45857, RATIS_SERVER=45857, STANDALONE=35149], networkLocation: /default-rack, certSerialId: null, persistedOpState: null, persistedOpStateExpiryEpochSec: 0}c918afda-6c60-4e35-b4d1-6219f177e5a0{ip: 10.1.0.22, host: fv-az215-30.fk02tkdpp51uda4i120yanydqb.bx.internal.cloudapp.net, ports: [REPLICATION=36123, RATIS=38637, RATIS_ADMIN=38637, RATIS_SERVER=38637, STANDALONE=38435], networkLocation: /default-rack, certSerialId: null, persistedOpState: null, persistedOpStateExpiryEpochSec: 0}b12315fd-d627-47ef-b7c0-caf98a3d616b{ip: 10.1.0.22, host: fv-az215-30.fk02tkdpp51uda4i120yanydqb.bx.internal.cloudapp.net, ports: [REPLICATION=39113, RATIS=44783, RATIS_ADMIN=44783, RATIS_SERVER=44783, STANDALONE=34657], networkLocation: /default-rack, certSerialId: null, persistedOpState: null, persistedOpStateExpiryEpochSec: 0}e3b02d69-2174-44c4-baa7-18bae5c8063e{ip: 10.1.0.22, host: fv-az215-30.fk02tkdpp51uda4i120yanydqb.bx.internal.cloudapp.net, ports: [REPLICATION=38187, RATIS=34863, RATIS_ADMIN=34863, RATIS_SERVER=34863, STANDALONE=34753], networkLocation: /default-rack, certSerialId: null, persistedOpState: null, persistedOpStateExpiryEpochSec: 0}, ReplicationConfig: EC/ECReplicationConfig{data=3, parity=2, ecChunkSize=1024, codec=rs}, State:ALLOCATED, leaderId:, CreationTimestamp2022-06-27T16:55:49.603Z[Etc/UTC]].
2022-06-27 16:55:49,617 [IPC Server handler 2 on default port 40199] INFO  pipeline.PipelineManagerImpl (PipelineManagerImpl.java:openPipeline(358)) - Pipeline Pipeline[ Id: 12d76fa4-3d3f-4cb7-b3ab-1db0e14d59dc, Nodes: aff9d3c6-0a22-4090-bc43-74b57d8145ab{ip: 10.1.0.22, host: fv-az215-30.fk02tkdpp51uda4i120yanydqb.bx.internal.cloudapp.net, ports: [REPLICATION=39463, RATIS=36293, RATIS_ADMIN=36293, RATIS_SERVER=36293, STANDALONE=41913], networkLocation: /default-rack, certSerialId: null, persistedOpState: null, persistedOpStateExpiryEpochSec: 0}6005e4a5-b457-424c-9515-b1921d45a496{ip: 10.1.0.22, host: fv-az215-30.fk02tkdpp51uda4i120yanydqb.bx.internal.cloudapp.net, ports: [REPLICATION=42237, RATIS=45857, RATIS_ADMIN=45857, RATIS_SERVER=45857, STANDALONE=35149], networkLocation: /default-rack, certSerialId: null, persistedOpState: null, persistedOpStateExpiryEpochSec: 0}c918afda-6c60-4e35-b4d1-6219f177e5a0{ip: 10.1.0.22, host: fv-az215-30.fk02tkdpp51uda4i120yanydqb.bx.internal.cloudapp.net, ports: [REPLICATION=36123, RATIS=38637, RATIS_ADMIN=38637, RATIS_SERVER=38637, STANDALONE=38435], networkLocation: /default-rack, certSerialId: null, persistedOpState: null, persistedOpStateExpiryEpochSec: 0}b12315fd-d627-47ef-b7c0-caf98a3d616b{ip: 10.1.0.22, host: fv-az215-30.fk02tkdpp51uda4i120yanydqb.bx.internal.cloudapp.net, ports: [REPLICATION=39113, RATIS=44783, RATIS_ADMIN=44783, RATIS_SERVER=44783, STANDALONE=34657], networkLocation: /default-rack, certSerialId: null, persistedOpState: null, persistedOpStateExpiryEpochSec: 0}e3b02d69-2174-44c4-baa7-18bae5c8063e{ip: 10.1.0.22, host: fv-az215-30.fk02tkdpp51uda4i120yanydqb.bx.internal.cloudapp.net, ports: [REPLICATION=38187, RATIS=34863, RATIS_ADMIN=34863, RATIS_SERVER=34863, STANDALONE=34753], networkLocation: /default-rack, certSerialId: null, persistedOpState: null, persistedOpStateExpiryEpochSec: 0}, ReplicationConfig: EC/ECReplicationConfig{data=3, parity=2, ecChunkSize=1024, codec=rs}, State:ALLOCATED, leaderId:, CreationTimestamp2022-06-27T16:55:49.603Z[Etc/UTC]] moved to OPEN state
]]></system-out>
  </testcase>
  <testcase name="testBucketDefaultsShouldBeInheritedToFileForEC" classname="TestRootedOzoneFileSystem" time="0.329">
    <system-out><![CDATA[2022-06-27 16:56:56,878 [Time-limited test] INFO  rpc.RpcClient (RpcClient.java:createVolume(466)) - Creating Volume: volume57634, with user27544 as owner and space quota set to -1 bytes, counts quota set to -1
2022-06-27 16:56:56,878 [IPC Server handler 10 on default port 40407] INFO  volume.OMVolumeCreateRequest (OMVolumeCreateRequest.java:validateAndUpdateCache(195)) - created volume:volume57634 for user:user27544
2022-06-27 16:56:56,884 [Time-limited test] INFO  rpc.RpcClient (RpcClient.java:createBucket(666)) - Creating Bucket: volume57634/bucket25491, with the Bucket Layout LEGACY, runner as owner, Versioning false, Storage Type set to DISK and Encryption set to false 
2022-06-27 16:56:56,884 [IPC Server handler 12 on default port 40407] INFO  bucket.OMBucketCreateRequest (OMBucketCreateRequest.java:validateAndUpdateCache(260)) - created bucket: bucket25491 of layout LEGACY in volume: volume57634
2022-06-27 16:56:56,903 [Time-limited test] INFO  rpc.RpcClient (RpcClient.java:createVolume(466)) - Creating Volume: ccca99aa-25c6-4163-a58e-0deb9a3ce175, with user96040 as owner and space quota set to -1 bytes, counts quota set to -1
2022-06-27 16:56:56,905 [IPC Server handler 15 on default port 40407] INFO  volume.OMVolumeCreateRequest (OMVolumeCreateRequest.java:validateAndUpdateCache(195)) - created volume:ccca99aa-25c6-4163-a58e-0deb9a3ce175 for user:user96040
2022-06-27 16:56:56,905 [Time-limited test] INFO  rpc.RpcClient (RpcClient.java:createBucket(666)) - Creating Bucket: ccca99aa-25c6-4163-a58e-0deb9a3ce175/6cc1afa9-cdc7-41d6-a942-e7243191eb10, with the Bucket Layout LEGACY, runner as owner, Versioning false, Storage Type set to DISK and Encryption set to false 
2022-06-27 16:56:56,906 [IPC Server handler 1 on default port 40407] INFO  bucket.OMBucketCreateRequest (OMBucketCreateRequest.java:validateAndUpdateCache(260)) - created bucket: 6cc1afa9-cdc7-41d6-a942-e7243191eb10 of layout LEGACY in volume: ccca99aa-25c6-4163-a58e-0deb9a3ce175
2022-06-27 16:56:56,913 [IPC Server handler 1 on default port 36261] INFO  pipeline.PipelineStateManagerImpl (PipelineStateManagerImpl.java:addPipeline(101)) - Created pipeline Pipeline[ Id: cc3f4a67-1971-4cf3-aab7-02dc72915bf9, Nodes: 0b59cd30-60f6-4924-b4b6-f1f6b75cfaa0{ip: 10.1.0.22, host: fv-az215-30.fk02tkdpp51uda4i120yanydqb.bx.internal.cloudapp.net, ports: [REPLICATION=41725, RATIS=44561, RATIS_ADMIN=44561, RATIS_SERVER=44561, STANDALONE=45323], networkLocation: /default-rack, certSerialId: null, persistedOpState: null, persistedOpStateExpiryEpochSec: 0}dca6aaee-9331-4135-ba39-5d4da9c5694b{ip: 10.1.0.22, host: fv-az215-30.fk02tkdpp51uda4i120yanydqb.bx.internal.cloudapp.net, ports: [REPLICATION=37795, RATIS=41117, RATIS_ADMIN=41117, RATIS_SERVER=41117, STANDALONE=44043], networkLocation: /default-rack, certSerialId: null, persistedOpState: null, persistedOpStateExpiryEpochSec: 0}0d287d21-4bad-479d-87d5-0441403d4034{ip: 10.1.0.22, host: fv-az215-30.fk02tkdpp51uda4i120yanydqb.bx.internal.cloudapp.net, ports: [REPLICATION=46471, RATIS=40147, RATIS_ADMIN=40147, RATIS_SERVER=40147, STANDALONE=43851], networkLocation: /default-rack, certSerialId: null, persistedOpState: null, persistedOpStateExpiryEpochSec: 0}3de1546c-8c2e-4aa4-a8af-42deb78e6291{ip: 10.1.0.22, host: fv-az215-30.fk02tkdpp51uda4i120yanydqb.bx.internal.cloudapp.net, ports: [REPLICATION=45315, RATIS=34197, RATIS_ADMIN=34197, RATIS_SERVER=34197, STANDALONE=42751], networkLocation: /default-rack, certSerialId: null, persistedOpState: null, persistedOpStateExpiryEpochSec: 0}bc887f2d-be8a-4785-be83-b8a81978c60b{ip: 10.1.0.22, host: fv-az215-30.fk02tkdpp51uda4i120yanydqb.bx.internal.cloudapp.net, ports: [REPLICATION=44797, RATIS=35037, RATIS_ADMIN=35037, RATIS_SERVER=35037, STANDALONE=46851], networkLocation: /default-rack, certSerialId: null, persistedOpState: null, persistedOpStateExpiryEpochSec: 0}, ReplicationConfig: EC/ECReplicationConfig{data=3, parity=2, ecChunkSize=1024, codec=rs}, State:ALLOCATED, leaderId:, CreationTimestamp2022-06-27T16:56:56.909Z[Etc/UTC]].
2022-06-27 16:56:56,914 [IPC Server handler 1 on default port 36261] INFO  pipeline.PipelineManagerImpl (PipelineManagerImpl.java:openPipeline(358)) - Pipeline Pipeline[ Id: cc3f4a67-1971-4cf3-aab7-02dc72915bf9, Nodes: 0b59cd30-60f6-4924-b4b6-f1f6b75cfaa0{ip: 10.1.0.22, host: fv-az215-30.fk02tkdpp51uda4i120yanydqb.bx.internal.cloudapp.net, ports: [REPLICATION=41725, RATIS=44561, RATIS_ADMIN=44561, RATIS_SERVER=44561, STANDALONE=45323], networkLocation: /default-rack, certSerialId: null, persistedOpState: null, persistedOpStateExpiryEpochSec: 0}dca6aaee-9331-4135-ba39-5d4da9c5694b{ip: 10.1.0.22, host: fv-az215-30.fk02tkdpp51uda4i120yanydqb.bx.internal.cloudapp.net, ports: [REPLICATION=37795, RATIS=41117, RATIS_ADMIN=41117, RATIS_SERVER=41117, STANDALONE=44043], networkLocation: /default-rack, certSerialId: null, persistedOpState: null, persistedOpStateExpiryEpochSec: 0}0d287d21-4bad-479d-87d5-0441403d4034{ip: 10.1.0.22, host: fv-az215-30.fk02tkdpp51uda4i120yanydqb.bx.internal.cloudapp.net, ports: [REPLICATION=46471, RATIS=40147, RATIS_ADMIN=40147, RATIS_SERVER=40147, STANDALONE=43851], networkLocation: /default-rack, certSerialId: null, persistedOpState: null, persistedOpStateExpiryEpochSec: 0}3de1546c-8c2e-4aa4-a8af-42deb78e6291{ip: 10.1.0.22, host: fv-az215-30.fk02tkdpp51uda4i120yanydqb.bx.internal.cloudapp.net, ports: [REPLICATION=45315, RATIS=34197, RATIS_ADMIN=34197, RATIS_SERVER=34197, STANDALONE=42751], networkLocation: /default-rack, certSerialId: null, persistedOpState: null, persistedOpStateExpiryEpochSec: 0}bc887f2d-be8a-4785-be83-b8a81978c60b{ip: 10.1.0.22, host: fv-az215-30.fk02tkdpp51uda4i120yanydqb.bx.internal.cloudapp.net, ports: [REPLICATION=44797, RATIS=35037, RATIS_ADMIN=35037, RATIS_SERVER=35037, STANDALONE=46851], networkLocation: /default-rack, certSerialId: null, persistedOpState: null, persistedOpStateExpiryEpochSec: 0}, ReplicationConfig: EC/ECReplicationConfig{data=3, parity=2, ecChunkSize=1024, codec=rs}, State:ALLOCATED, leaderId:, CreationTimestamp2022-06-27T16:56:56.909Z[Etc/UTC]] moved to OPEN state
]]></system-out>
  </testcase>
  <testcase name="testBucketDefaultsShouldBeInheritedToFileForEC" classname="TestRootedOzoneFileSystem" time="0.986">
    <system-out><![CDATA[2022-06-27 16:58:22,144 [Time-limited test] INFO  rpc.RpcClient (RpcClient.java:createVolume(466)) - Creating Volume: volume13158, with user67846 as owner and space quota set to -1 bytes, counts quota set to -1
2022-06-27 16:58:22,152 [OM StateMachine ApplyTransaction Thread - 0] INFO  volume.OMVolumeCreateRequest (OMVolumeCreateRequest.java:validateAndUpdateCache(195)) - created volume:volume13158 for user:user67846
2022-06-27 16:58:22,155 [Time-limited test] INFO  rpc.RpcClient (RpcClient.java:createBucket(666)) - Creating Bucket: volume13158/bucket38386, with the Bucket Layout LEGACY, runner as owner, Versioning false, Storage Type set to DISK and Encryption set to false 
2022-06-27 16:58:22,156 [OM StateMachine ApplyTransaction Thread - 0] INFO  bucket.OMBucketCreateRequest (OMBucketCreateRequest.java:validateAndUpdateCache(260)) - created bucket: bucket38386 of layout LEGACY in volume: volume13158
2022-06-27 16:58:22,294 [Time-limited test] INFO  rpc.RpcClient (RpcClient.java:createVolume(466)) - Creating Volume: 31424fa8-5af3-4675-9a29-7dd030558a0c, with user63618 as owner and space quota set to -1 bytes, counts quota set to -1
2022-06-27 16:58:22,296 [OM StateMachine ApplyTransaction Thread - 0] INFO  volume.OMVolumeCreateRequest (OMVolumeCreateRequest.java:validateAndUpdateCache(195)) - created volume:31424fa8-5af3-4675-9a29-7dd030558a0c for user:user63618
2022-06-27 16:58:22,300 [Time-limited test] INFO  rpc.RpcClient (RpcClient.java:createBucket(666)) - Creating Bucket: 31424fa8-5af3-4675-9a29-7dd030558a0c/b9eb9f1b-5b86-4889-b9ce-eccf127500a3, with the Bucket Layout LEGACY, runner as owner, Versioning false, Storage Type set to DISK and Encryption set to false 
2022-06-27 16:58:22,304 [OM StateMachine ApplyTransaction Thread - 0] INFO  bucket.OMBucketCreateRequest (OMBucketCreateRequest.java:validateAndUpdateCache(260)) - created bucket: b9eb9f1b-5b86-4889-b9ce-eccf127500a3 of layout LEGACY in volume: 31424fa8-5af3-4675-9a29-7dd030558a0c
2022-06-27 16:58:22,315 [IPC Server handler 0 on default port 36021] INFO  pipeline.PipelineStateManagerImpl (PipelineStateManagerImpl.java:addPipeline(101)) - Created pipeline Pipeline[ Id: f578c3d8-1d87-4849-bff5-4204e422ce4c, Nodes: 59b1e939-7f3e-448e-a48d-ff530bcc538d{ip: 10.1.0.22, host: fv-az215-30.fk02tkdpp51uda4i120yanydqb.bx.internal.cloudapp.net, ports: [REPLICATION=42155, RATIS=33279, RATIS_ADMIN=33279, RATIS_SERVER=33279, STANDALONE=39669], networkLocation: /default-rack, certSerialId: null, persistedOpState: null, persistedOpStateExpiryEpochSec: 0}2a67462a-e1ca-4efa-935f-4cece97e3462{ip: 10.1.0.22, host: fv-az215-30.fk02tkdpp51uda4i120yanydqb.bx.internal.cloudapp.net, ports: [REPLICATION=40819, RATIS=36103, RATIS_ADMIN=36103, RATIS_SERVER=36103, STANDALONE=33983], networkLocation: /default-rack, certSerialId: null, persistedOpState: null, persistedOpStateExpiryEpochSec: 0}dcd286b6-9f7a-4746-8dc4-f6b4b45daddf{ip: 10.1.0.22, host: fv-az215-30.fk02tkdpp51uda4i120yanydqb.bx.internal.cloudapp.net, ports: [REPLICATION=34409, RATIS=37187, RATIS_ADMIN=37187, RATIS_SERVER=37187, STANDALONE=39967], networkLocation: /default-rack, certSerialId: null, persistedOpState: null, persistedOpStateExpiryEpochSec: 0}76a7023e-6ffd-4858-9dde-5e5449f270f0{ip: 10.1.0.22, host: fv-az215-30.fk02tkdpp51uda4i120yanydqb.bx.internal.cloudapp.net, ports: [REPLICATION=38361, RATIS=44129, RATIS_ADMIN=44129, RATIS_SERVER=44129, STANDALONE=35663], networkLocation: /default-rack, certSerialId: null, persistedOpState: null, persistedOpStateExpiryEpochSec: 0}d50766be-5aa0-4516-a336-dcc66469e2a8{ip: 10.1.0.22, host: fv-az215-30.fk02tkdpp51uda4i120yanydqb.bx.internal.cloudapp.net, ports: [REPLICATION=34005, RATIS=40223, RATIS_ADMIN=40223, RATIS_SERVER=40223, STANDALONE=45739], networkLocation: /default-rack, certSerialId: null, persistedOpState: null, persistedOpStateExpiryEpochSec: 0}, ReplicationConfig: EC/ECReplicationConfig{data=3, parity=2, ecChunkSize=1024, codec=rs}, State:ALLOCATED, leaderId:, CreationTimestamp2022-06-27T16:58:22.313Z[Etc/UTC]].
2022-06-27 16:58:22,343 [IPC Server handler 0 on default port 36021] INFO  pipeline.PipelineManagerImpl (PipelineManagerImpl.java:openPipeline(358)) - Pipeline Pipeline[ Id: f578c3d8-1d87-4849-bff5-4204e422ce4c, Nodes: 59b1e939-7f3e-448e-a48d-ff530bcc538d{ip: 10.1.0.22, host: fv-az215-30.fk02tkdpp51uda4i120yanydqb.bx.internal.cloudapp.net, ports: [REPLICATION=42155, RATIS=33279, RATIS_ADMIN=33279, RATIS_SERVER=33279, STANDALONE=39669], networkLocation: /default-rack, certSerialId: null, persistedOpState: null, persistedOpStateExpiryEpochSec: 0}2a67462a-e1ca-4efa-935f-4cece97e3462{ip: 10.1.0.22, host: fv-az215-30.fk02tkdpp51uda4i120yanydqb.bx.internal.cloudapp.net, ports: [REPLICATION=40819, RATIS=36103, RATIS_ADMIN=36103, RATIS_SERVER=36103, STANDALONE=33983], networkLocation: /default-rack, certSerialId: null, persistedOpState: null, persistedOpStateExpiryEpochSec: 0}dcd286b6-9f7a-4746-8dc4-f6b4b45daddf{ip: 10.1.0.22, host: fv-az215-30.fk02tkdpp51uda4i120yanydqb.bx.internal.cloudapp.net, ports: [REPLICATION=34409, RATIS=37187, RATIS_ADMIN=37187, RATIS_SERVER=37187, STANDALONE=39967], networkLocation: /default-rack, certSerialId: null, persistedOpState: null, persistedOpStateExpiryEpochSec: 0}76a7023e-6ffd-4858-9dde-5e5449f270f0{ip: 10.1.0.22, host: fv-az215-30.fk02tkdpp51uda4i120yanydqb.bx.internal.cloudapp.net, ports: [REPLICATION=38361, RATIS=44129, RATIS_ADMIN=44129, RATIS_SERVER=44129, STANDALONE=35663], networkLocation: /default-rack, certSerialId: null, persistedOpState: null, persistedOpStateExpiryEpochSec: 0}d50766be-5aa0-4516-a336-dcc66469e2a8{ip: 10.1.0.22, host: fv-az215-30.fk02tkdpp51uda4i120yanydqb.bx.internal.cloudapp.net, ports: [REPLICATION=34005, RATIS=40223, RATIS_ADMIN=40223, RATIS_SERVER=40223, STANDALONE=45739], networkLocation: /default-rack, certSerialId: null, persistedOpState: null, persistedOpStateExpiryEpochSec: 0}, ReplicationConfig: EC/ECReplicationConfig{data=3, parity=2, ecChunkSize=1024, codec=rs}, State:ALLOCATED, leaderId:, CreationTimestamp2022-06-27T16:58:22.313Z[Etc/UTC]] moved to OPEN state
]]></system-out>
  </testcase>
  <testcase name="testBucketDefaultsShouldBeInheritedToFileForEC" classname="TestRootedOzoneFileSystem" time="0.356">
    <system-out><![CDATA[2022-06-27 16:59:37,368 [Time-limited test] INFO  rpc.RpcClient (RpcClient.java:createVolume(466)) - Creating Volume: volume81060, with user54750 as owner and space quota set to -1 bytes, counts quota set to -1
2022-06-27 16:59:37,369 [IPC Server handler 0 on default port 35065] INFO  volume.OMVolumeCreateRequest (OMVolumeCreateRequest.java:validateAndUpdateCache(195)) - created volume:volume81060 for user:user54750
2022-06-27 16:59:37,370 [Time-limited test] INFO  rpc.RpcClient (RpcClient.java:createBucket(666)) - Creating Bucket: volume81060/bucket52136, with the Bucket Layout LEGACY, runner as owner, Versioning false, Storage Type set to DISK and Encryption set to false 
2022-06-27 16:59:37,371 [IPC Server handler 1 on default port 35065] INFO  bucket.OMBucketCreateRequest (OMBucketCreateRequest.java:validateAndUpdateCache(260)) - created bucket: bucket52136 of layout LEGACY in volume: volume81060
2022-06-27 16:59:37,393 [Time-limited test] INFO  rpc.RpcClient (RpcClient.java:createVolume(466)) - Creating Volume: ada55bb6-a07f-416b-933e-719b37613c99, with user76342 as owner and space quota set to -1 bytes, counts quota set to -1
2022-06-27 16:59:37,393 [IPC Server handler 2 on default port 35065] INFO  volume.OMVolumeCreateRequest (OMVolumeCreateRequest.java:validateAndUpdateCache(195)) - created volume:ada55bb6-a07f-416b-933e-719b37613c99 for user:user76342
2022-06-27 16:59:37,395 [Time-limited test] INFO  rpc.RpcClient (RpcClient.java:createBucket(666)) - Creating Bucket: ada55bb6-a07f-416b-933e-719b37613c99/d664f785-e746-4ef3-807e-bbbd3ecf5d60, with the Bucket Layout LEGACY, runner as owner, Versioning false, Storage Type set to DISK and Encryption set to false 
2022-06-27 16:59:37,395 [IPC Server handler 9 on default port 35065] INFO  bucket.OMBucketCreateRequest (OMBucketCreateRequest.java:validateAndUpdateCache(260)) - created bucket: d664f785-e746-4ef3-807e-bbbd3ecf5d60 of layout LEGACY in volume: ada55bb6-a07f-416b-933e-719b37613c99
2022-06-27 16:59:37,402 [IPC Server handler 17 on default port 38835] INFO  pipeline.PipelineStateManagerImpl (PipelineStateManagerImpl.java:addPipeline(101)) - Created pipeline Pipeline[ Id: 27f8402a-adf5-4cfa-943b-d60aa4768514, Nodes: 97d0f922-59b0-4c16-8d4c-abda25e6e18a{ip: 10.1.0.22, host: fv-az215-30.fk02tkdpp51uda4i120yanydqb.bx.internal.cloudapp.net, ports: [REPLICATION=45109, RATIS=33221, RATIS_ADMIN=33221, RATIS_SERVER=33221, STANDALONE=39161], networkLocation: /default-rack, certSerialId: null, persistedOpState: null, persistedOpStateExpiryEpochSec: 0}0dd50b48-e2e1-49cf-998a-2c9ab0a66ce5{ip: 10.1.0.22, host: fv-az215-30.fk02tkdpp51uda4i120yanydqb.bx.internal.cloudapp.net, ports: [REPLICATION=32997, RATIS=34597, RATIS_ADMIN=34597, RATIS_SERVER=34597, STANDALONE=45015], networkLocation: /default-rack, certSerialId: null, persistedOpState: null, persistedOpStateExpiryEpochSec: 0}ac84e220-994f-4e81-aa4c-572e6d7da39f{ip: 10.1.0.22, host: fv-az215-30.fk02tkdpp51uda4i120yanydqb.bx.internal.cloudapp.net, ports: [REPLICATION=45899, RATIS=46211, RATIS_ADMIN=46211, RATIS_SERVER=46211, STANDALONE=35247], networkLocation: /default-rack, certSerialId: null, persistedOpState: null, persistedOpStateExpiryEpochSec: 0}c409d2f4-bf9d-4770-9a7f-bcc4e942f419{ip: 10.1.0.22, host: fv-az215-30.fk02tkdpp51uda4i120yanydqb.bx.internal.cloudapp.net, ports: [REPLICATION=34353, RATIS=38629, RATIS_ADMIN=38629, RATIS_SERVER=38629, STANDALONE=40327], networkLocation: /default-rack, certSerialId: null, persistedOpState: null, persistedOpStateExpiryEpochSec: 0}95b81b85-17bb-45ea-89c3-846c2a70bfe7{ip: 10.1.0.22, host: fv-az215-30.fk02tkdpp51uda4i120yanydqb.bx.internal.cloudapp.net, ports: [REPLICATION=34981, RATIS=34665, RATIS_ADMIN=34665, RATIS_SERVER=34665, STANDALONE=45521], networkLocation: /default-rack, certSerialId: null, persistedOpState: null, persistedOpStateExpiryEpochSec: 0}, ReplicationConfig: EC/ECReplicationConfig{data=3, parity=2, ecChunkSize=1024, codec=rs}, State:ALLOCATED, leaderId:, CreationTimestamp2022-06-27T16:59:37.401Z[Etc/UTC]].
2022-06-27 16:59:37,403 [IPC Server handler 17 on default port 38835] INFO  pipeline.PipelineManagerImpl (PipelineManagerImpl.java:openPipeline(358)) - Pipeline Pipeline[ Id: 27f8402a-adf5-4cfa-943b-d60aa4768514, Nodes: 97d0f922-59b0-4c16-8d4c-abda25e6e18a{ip: 10.1.0.22, host: fv-az215-30.fk02tkdpp51uda4i120yanydqb.bx.internal.cloudapp.net, ports: [REPLICATION=45109, RATIS=33221, RATIS_ADMIN=33221, RATIS_SERVER=33221, STANDALONE=39161], networkLocation: /default-rack, certSerialId: null, persistedOpState: null, persistedOpStateExpiryEpochSec: 0}0dd50b48-e2e1-49cf-998a-2c9ab0a66ce5{ip: 10.1.0.22, host: fv-az215-30.fk02tkdpp51uda4i120yanydqb.bx.internal.cloudapp.net, ports: [REPLICATION=32997, RATIS=34597, RATIS_ADMIN=34597, RATIS_SERVER=34597, STANDALONE=45015], networkLocation: /default-rack, certSerialId: null, persistedOpState: null, persistedOpStateExpiryEpochSec: 0}ac84e220-994f-4e81-aa4c-572e6d7da39f{ip: 10.1.0.22, host: fv-az215-30.fk02tkdpp51uda4i120yanydqb.bx.internal.cloudapp.net, ports: [REPLICATION=45899, RATIS=46211, RATIS_ADMIN=46211, RATIS_SERVER=46211, STANDALONE=35247], networkLocation: /default-rack, certSerialId: null, persistedOpState: null, persistedOpStateExpiryEpochSec: 0}c409d2f4-bf9d-4770-9a7f-bcc4e942f419{ip: 10.1.0.22, host: fv-az215-30.fk02tkdpp51uda4i120yanydqb.bx.internal.cloudapp.net, ports: [REPLICATION=34353, RATIS=38629, RATIS_ADMIN=38629, RATIS_SERVER=38629, STANDALONE=40327], networkLocation: /default-rack, certSerialId: null, persistedOpState: null, persistedOpStateExpiryEpochSec: 0}95b81b85-17bb-45ea-89c3-846c2a70bfe7{ip: 10.1.0.22, host: fv-az215-30.fk02tkdpp51uda4i120yanydqb.bx.internal.cloudapp.net, ports: [REPLICATION=34981, RATIS=34665, RATIS_ADMIN=34665, RATIS_SERVER=34665, STANDALONE=45521], networkLocation: /default-rack, certSerialId: null, persistedOpState: null, persistedOpStateExpiryEpochSec: 0}, ReplicationConfig: EC/ECReplicationConfig{data=3, parity=2, ecChunkSize=1024, codec=rs}, State:ALLOCATED, leaderId:, CreationTimestamp2022-06-27T16:59:37.401Z[Etc/UTC]] moved to OPEN state
]]></system-out>
  </testcase>
  <testcase name="testListStatusInBucket" classname="TestRootedOzoneFileSystem" time="0.051">
    <system-out><![CDATA[2022-06-27 16:54:46,474 [Time-limited test] INFO  rpc.RpcClient (RpcClient.java:createVolume(466)) - Creating Volume: volume68760, with user25272 as owner and space quota set to -1 bytes, counts quota set to -1
2022-06-27 16:54:46,475 [OM StateMachine ApplyTransaction Thread - 0] INFO  volume.OMVolumeCreateRequest (OMVolumeCreateRequest.java:validateAndUpdateCache(195)) - created volume:volume68760 for user:user25272
2022-06-27 16:54:46,478 [Time-limited test] INFO  rpc.RpcClient (RpcClient.java:createBucket(666)) - Creating Bucket: volume68760/bucket17338, with the Bucket Layout LEGACY, runner as owner, Versioning false, Storage Type set to DISK and Encryption set to false 
2022-06-27 16:54:46,479 [OM StateMachine ApplyTransaction Thread - 0] INFO  bucket.OMBucketCreateRequest (OMBucketCreateRequest.java:validateAndUpdateCache(260)) - created bucket: bucket17338 of layout LEGACY in volume: volume68760
]]></system-out>
  </testcase>
  <testcase name="testListStatusInBucket" classname="TestRootedOzoneFileSystem" time="0.082">
    <system-out><![CDATA[2022-06-27 16:55:50,139 [Time-limited test] INFO  rpc.RpcClient (RpcClient.java:createVolume(466)) - Creating Volume: volume90996, with user68573 as owner and space quota set to -1 bytes, counts quota set to -1
2022-06-27 16:55:50,140 [OM StateMachine ApplyTransaction Thread - 0] INFO  volume.OMVolumeCreateRequest (OMVolumeCreateRequest.java:validateAndUpdateCache(195)) - created volume:volume90996 for user:user68573
2022-06-27 16:55:50,141 [Time-limited test] INFO  rpc.RpcClient (RpcClient.java:createBucket(666)) - Creating Bucket: volume90996/bucket80836, with the Bucket Layout LEGACY, runner as owner, Versioning false, Storage Type set to DISK and Encryption set to false 
2022-06-27 16:55:50,142 [OM StateMachine ApplyTransaction Thread - 0] INFO  bucket.OMBucketCreateRequest (OMBucketCreateRequest.java:validateAndUpdateCache(260)) - created bucket: bucket80836 of layout LEGACY in volume: volume90996
]]></system-out>
  </testcase>
  <testcase name="testListStatusInBucket" classname="TestRootedOzoneFileSystem" time="0.068">
    <system-out><![CDATA[2022-06-27 16:56:57,217 [Time-limited test] INFO  rpc.RpcClient (RpcClient.java:createVolume(466)) - Creating Volume: volume58236, with user69992 as owner and space quota set to -1 bytes, counts quota set to -1
2022-06-27 16:56:57,219 [IPC Server handler 16 on default port 40407] INFO  volume.OMVolumeCreateRequest (OMVolumeCreateRequest.java:validateAndUpdateCache(195)) - created volume:volume58236 for user:user69992
2022-06-27 16:56:57,220 [Time-limited test] INFO  rpc.RpcClient (RpcClient.java:createBucket(666)) - Creating Bucket: volume58236/bucket30511, with the Bucket Layout LEGACY, runner as owner, Versioning false, Storage Type set to DISK and Encryption set to false 
2022-06-27 16:56:57,220 [IPC Server handler 7 on default port 40407] INFO  bucket.OMBucketCreateRequest (OMBucketCreateRequest.java:validateAndUpdateCache(260)) - created bucket: bucket30511 of layout LEGACY in volume: volume58236
]]></system-out>
  </testcase>
  <testcase name="testListStatusInBucket" classname="TestRootedOzoneFileSystem" time="0.106">
    <system-out><![CDATA[2022-06-27 16:58:23,125 [Time-limited test] INFO  rpc.RpcClient (RpcClient.java:createVolume(466)) - Creating Volume: volume25213, with user52982 as owner and space quota set to -1 bytes, counts quota set to -1
2022-06-27 16:58:23,133 [OM StateMachine ApplyTransaction Thread - 0] INFO  volume.OMVolumeCreateRequest (OMVolumeCreateRequest.java:validateAndUpdateCache(195)) - created volume:volume25213 for user:user52982
2022-06-27 16:58:23,137 [Time-limited test] INFO  rpc.RpcClient (RpcClient.java:createBucket(666)) - Creating Bucket: volume25213/bucket88381, with the Bucket Layout LEGACY, runner as owner, Versioning false, Storage Type set to DISK and Encryption set to false 
2022-06-27 16:58:23,138 [OM StateMachine ApplyTransaction Thread - 0] INFO  bucket.OMBucketCreateRequest (OMBucketCreateRequest.java:validateAndUpdateCache(260)) - created bucket: bucket88381 of layout LEGACY in volume: volume25213
]]></system-out>
  </testcase>
  <testcase name="testListStatusInBucket" classname="TestRootedOzoneFileSystem" time="0.09">
    <system-out><![CDATA[2022-06-27 16:59:37,767 [Time-limited test] INFO  rpc.RpcClient (RpcClient.java:createVolume(466)) - Creating Volume: volume94641, with user07804 as owner and space quota set to -1 bytes, counts quota set to -1
2022-06-27 16:59:37,769 [IPC Server handler 18 on default port 35065] INFO  volume.OMVolumeCreateRequest (OMVolumeCreateRequest.java:validateAndUpdateCache(195)) - created volume:volume94641 for user:user07804
2022-06-27 16:59:37,770 [Time-limited test] INFO  rpc.RpcClient (RpcClient.java:createBucket(666)) - Creating Bucket: volume94641/bucket01287, with the Bucket Layout LEGACY, runner as owner, Versioning false, Storage Type set to DISK and Encryption set to false 
2022-06-27 16:59:37,774 [IPC Server handler 15 on default port 35065] INFO  bucket.OMBucketCreateRequest (OMBucketCreateRequest.java:validateAndUpdateCache(260)) - created bucket: bucket01287 of layout LEGACY in volume: volume94641
]]></system-out>
  </testcase>
  <testcase name="testRenameFileToDir" classname="TestRootedOzoneFileSystem" time="0.058">
    <system-out><![CDATA[2022-06-27 16:54:46,531 [Time-limited test] INFO  rpc.RpcClient (RpcClient.java:createVolume(466)) - Creating Volume: volume30108, with user77902 as owner and space quota set to -1 bytes, counts quota set to -1
2022-06-27 16:54:46,533 [OM StateMachine ApplyTransaction Thread - 0] INFO  volume.OMVolumeCreateRequest (OMVolumeCreateRequest.java:validateAndUpdateCache(195)) - created volume:volume30108 for user:user77902
2022-06-27 16:54:46,534 [Time-limited test] INFO  rpc.RpcClient (RpcClient.java:createBucket(666)) - Creating Bucket: volume30108/bucket30936, with the Bucket Layout LEGACY, runner as owner, Versioning false, Storage Type set to DISK and Encryption set to false 
2022-06-27 16:54:46,535 [OM StateMachine ApplyTransaction Thread - 0] INFO  bucket.OMBucketCreateRequest (OMBucketCreateRequest.java:validateAndUpdateCache(260)) - created bucket: bucket30936 of layout LEGACY in volume: volume30108
16:54:46.548 [IPC Server handler 4 on default port 44473] ERROR OMAudit - user=runner | ip=127.0.0.1 | op=LIST_STATUS {volume=volume30108, bucket=bucket30936, key=a/b/c/file1, dataSize=0, replicationConfig=null} | ret=FAILURE
org.apache.hadoop.ozone.om.exceptions.OMException: Unable to get file status: volume: volume30108 bucket: bucket30936 key: a/b/c/file1
	at org.apache.hadoop.ozone.om.KeyManagerImpl.getOzoneFileStatus(KeyManagerImpl.java:1311) ~[ozone-manager-1.3.0-SNAPSHOT.jar:?]
	at org.apache.hadoop.ozone.om.KeyManagerImpl.getFileStatus(KeyManagerImpl.java:1241) ~[ozone-manager-1.3.0-SNAPSHOT.jar:?]
	at org.apache.hadoop.ozone.om.KeyManagerImpl.listStatus(KeyManagerImpl.java:1565) ~[ozone-manager-1.3.0-SNAPSHOT.jar:?]
	at org.apache.hadoop.ozone.om.OzoneManager.listStatus(OzoneManager.java:3497) ~[ozone-manager-1.3.0-SNAPSHOT.jar:?]
	at org.apache.hadoop.ozone.protocolPB.OzoneManagerRequestHandler.listStatus(OzoneManagerRequestHandler.java:1028) ~[ozone-manager-1.3.0-SNAPSHOT.jar:?]
	at org.apache.hadoop.ozone.protocolPB.OzoneManagerRequestHandler.handleReadRequest(OzoneManagerRequestHandler.java:228) ~[ozone-manager-1.3.0-SNAPSHOT.jar:?]
	at org.apache.hadoop.ozone.protocolPB.OzoneManagerProtocolServerSideTranslatorPB.submitReadRequestToOM(OzoneManagerProtocolServerSideTranslatorPB.java:226) ~[ozone-manager-1.3.0-SNAPSHOT.jar:?]
	at org.apache.hadoop.ozone.protocolPB.OzoneManagerProtocolServerSideTranslatorPB.processRequest(OzoneManagerProtocolServerSideTranslatorPB.java:175) ~[ozone-manager-1.3.0-SNAPSHOT.jar:?]
	at org.apache.hadoop.hdds.server.OzoneProtocolMessageDispatcher.processRequest(OzoneProtocolMessageDispatcher.java:87) [hdds-server-framework-1.3.0-SNAPSHOT.jar:?]
	at org.apache.hadoop.ozone.protocolPB.OzoneManagerProtocolServerSideTranslatorPB.submitRequest(OzoneManagerProtocolServerSideTranslatorPB.java:147) [ozone-manager-1.3.0-SNAPSHOT.jar:?]
	at org.apache.hadoop.ozone.protocol.proto.OzoneManagerProtocolProtos$OzoneManagerService$2.callBlockingMethod(OzoneManagerProtocolProtos.java) [ozone-interface-client-1.3.0-SNAPSHOT.jar:?]
	at org.apache.hadoop.ipc.ProtobufRpcEngine$Server.processCall(ProtobufRpcEngine.java:466) [hadoop-common-3.3.1.jar:?]
	at org.apache.hadoop.ipc.ProtobufRpcEngine2$Server$ProtoBufRpcInvoker.call(ProtobufRpcEngine2.java:574) [hadoop-common-3.3.1.jar:?]
	at org.apache.hadoop.ipc.ProtobufRpcEngine2$Server$ProtoBufRpcInvoker.call(ProtobufRpcEngine2.java:552) [hadoop-common-3.3.1.jar:?]
	at org.apache.hadoop.ipc.RPC$Server.call(RPC.java:1093) [hadoop-common-3.3.1.jar:?]
	at org.apache.hadoop.ipc.Server$RpcCall.run(Server.java:1035) [hadoop-common-3.3.1.jar:?]
	at org.apache.hadoop.ipc.Server$RpcCall.run(Server.java:963) [hadoop-common-3.3.1.jar:?]
	at java.security.AccessController.doPrivileged(Native Method) ~[?:1.8.0_332]
	at javax.security.auth.Subject.doAs(Subject.java:422) [?:1.8.0_332]
	at org.apache.hadoop.security.UserGroupInformation.doAs(UserGroupInformation.java:1878) [hadoop-common-3.3.1.jar:?]
	at org.apache.hadoop.ipc.Server$Handler.run(Server.java:2966) [hadoop-common-3.3.1.jar:?]
]]></system-out>
  </testcase>
  <testcase name="testRenameFileToDir" classname="TestRootedOzoneFileSystem" time="0.106">
    <system-out><![CDATA[2022-06-27 16:55:50,240 [Time-limited test] INFO  rpc.RpcClient (RpcClient.java:createVolume(466)) - Creating Volume: volume42937, with user75391 as owner and space quota set to -1 bytes, counts quota set to -1
2022-06-27 16:55:50,242 [OM StateMachine ApplyTransaction Thread - 0] INFO  volume.OMVolumeCreateRequest (OMVolumeCreateRequest.java:validateAndUpdateCache(195)) - created volume:volume42937 for user:user75391
2022-06-27 16:55:50,243 [Time-limited test] INFO  rpc.RpcClient (RpcClient.java:createBucket(666)) - Creating Bucket: volume42937/bucket34534, with the Bucket Layout LEGACY, runner as owner, Versioning false, Storage Type set to DISK and Encryption set to false 
2022-06-27 16:55:50,244 [OM StateMachine ApplyTransaction Thread - 0] INFO  bucket.OMBucketCreateRequest (OMBucketCreateRequest.java:validateAndUpdateCache(260)) - created bucket: bucket34534 of layout LEGACY in volume: volume42937
16:55:50.256 [IPC Server handler 10 on default port 39955] ERROR OMAudit - user=runner | ip=127.0.0.1 | op=LIST_STATUS {volume=volume42937, bucket=bucket34534, key=a/b/c/file1, dataSize=0, replicationConfig=null} | ret=FAILURE
org.apache.hadoop.ozone.om.exceptions.OMException: Unable to get file status: volume: volume42937 bucket: bucket34534 key: a/b/c/file1
	at org.apache.hadoop.ozone.om.KeyManagerImpl.getOzoneFileStatus(KeyManagerImpl.java:1311) ~[ozone-manager-1.3.0-SNAPSHOT.jar:?]
	at org.apache.hadoop.ozone.om.KeyManagerImpl.getFileStatus(KeyManagerImpl.java:1241) ~[ozone-manager-1.3.0-SNAPSHOT.jar:?]
	at org.apache.hadoop.ozone.om.KeyManagerImpl.listStatus(KeyManagerImpl.java:1565) ~[ozone-manager-1.3.0-SNAPSHOT.jar:?]
	at org.apache.hadoop.ozone.om.OzoneManager.listStatus(OzoneManager.java:3497) ~[ozone-manager-1.3.0-SNAPSHOT.jar:?]
	at org.apache.hadoop.ozone.protocolPB.OzoneManagerRequestHandler.listStatus(OzoneManagerRequestHandler.java:1028) ~[ozone-manager-1.3.0-SNAPSHOT.jar:?]
	at org.apache.hadoop.ozone.protocolPB.OzoneManagerRequestHandler.handleReadRequest(OzoneManagerRequestHandler.java:228) ~[ozone-manager-1.3.0-SNAPSHOT.jar:?]
	at org.apache.hadoop.ozone.protocolPB.OzoneManagerProtocolServerSideTranslatorPB.submitReadRequestToOM(OzoneManagerProtocolServerSideTranslatorPB.java:226) ~[ozone-manager-1.3.0-SNAPSHOT.jar:?]
	at org.apache.hadoop.ozone.protocolPB.OzoneManagerProtocolServerSideTranslatorPB.processRequest(OzoneManagerProtocolServerSideTranslatorPB.java:175) ~[ozone-manager-1.3.0-SNAPSHOT.jar:?]
	at org.apache.hadoop.hdds.server.OzoneProtocolMessageDispatcher.processRequest(OzoneProtocolMessageDispatcher.java:87) [hdds-server-framework-1.3.0-SNAPSHOT.jar:?]
	at org.apache.hadoop.ozone.protocolPB.OzoneManagerProtocolServerSideTranslatorPB.submitRequest(OzoneManagerProtocolServerSideTranslatorPB.java:147) [ozone-manager-1.3.0-SNAPSHOT.jar:?]
	at org.apache.hadoop.ozone.protocol.proto.OzoneManagerProtocolProtos$OzoneManagerService$2.callBlockingMethod(OzoneManagerProtocolProtos.java) [ozone-interface-client-1.3.0-SNAPSHOT.jar:?]
	at org.apache.hadoop.ipc.ProtobufRpcEngine$Server.processCall(ProtobufRpcEngine.java:466) [hadoop-common-3.3.1.jar:?]
	at org.apache.hadoop.ipc.ProtobufRpcEngine2$Server$ProtoBufRpcInvoker.call(ProtobufRpcEngine2.java:574) [hadoop-common-3.3.1.jar:?]
	at org.apache.hadoop.ipc.ProtobufRpcEngine2$Server$ProtoBufRpcInvoker.call(ProtobufRpcEngine2.java:552) [hadoop-common-3.3.1.jar:?]
	at org.apache.hadoop.ipc.RPC$Server.call(RPC.java:1093) [hadoop-common-3.3.1.jar:?]
	at org.apache.hadoop.ipc.Server$RpcCall.run(Server.java:1035) [hadoop-common-3.3.1.jar:?]
	at org.apache.hadoop.ipc.Server$RpcCall.run(Server.java:963) [hadoop-common-3.3.1.jar:?]
	at java.security.AccessController.doPrivileged(Native Method) ~[?:1.8.0_332]
	at javax.security.auth.Subject.doAs(Subject.java:422) [?:1.8.0_332]
	at org.apache.hadoop.security.UserGroupInformation.doAs(UserGroupInformation.java:1878) [hadoop-common-3.3.1.jar:?]
	at org.apache.hadoop.ipc.Server$Handler.run(Server.java:2966) [hadoop-common-3.3.1.jar:?]
]]></system-out>
  </testcase>
  <testcase name="testRenameFileToDir" classname="TestRootedOzoneFileSystem" time="0.047">
    <system-out><![CDATA[2022-06-27 16:56:57,268 [Time-limited test] INFO  rpc.RpcClient (RpcClient.java:createVolume(466)) - Creating Volume: volume51030, with user93551 as owner and space quota set to -1 bytes, counts quota set to -1
2022-06-27 16:56:57,269 [IPC Server handler 12 on default port 40407] INFO  volume.OMVolumeCreateRequest (OMVolumeCreateRequest.java:validateAndUpdateCache(195)) - created volume:volume51030 for user:user93551
2022-06-27 16:56:57,271 [Time-limited test] INFO  rpc.RpcClient (RpcClient.java:createBucket(666)) - Creating Bucket: volume51030/bucket51308, with the Bucket Layout LEGACY, runner as owner, Versioning false, Storage Type set to DISK and Encryption set to false 
2022-06-27 16:56:57,271 [IPC Server handler 14 on default port 40407] INFO  bucket.OMBucketCreateRequest (OMBucketCreateRequest.java:validateAndUpdateCache(260)) - created bucket: bucket51308 of layout LEGACY in volume: volume51030
16:56:57.281 [IPC Server handler 9 on default port 40407] ERROR OMAudit - user=runner | ip=127.0.0.1 | op=LIST_STATUS {volume=volume51030, bucket=bucket51308, key=a/b/c/file1, dataSize=0, replicationConfig=null} | ret=FAILURE
org.apache.hadoop.ozone.om.exceptions.OMException: Unable to get file status: volume: volume51030 bucket: bucket51308 key: a/b/c/file1
	at org.apache.hadoop.ozone.om.KeyManagerImpl.getOzoneFileStatus(KeyManagerImpl.java:1311) ~[ozone-manager-1.3.0-SNAPSHOT.jar:?]
	at org.apache.hadoop.ozone.om.KeyManagerImpl.getFileStatus(KeyManagerImpl.java:1241) ~[ozone-manager-1.3.0-SNAPSHOT.jar:?]
	at org.apache.hadoop.ozone.om.KeyManagerImpl.listStatus(KeyManagerImpl.java:1565) ~[ozone-manager-1.3.0-SNAPSHOT.jar:?]
	at org.apache.hadoop.ozone.om.OzoneManager.listStatus(OzoneManager.java:3497) ~[ozone-manager-1.3.0-SNAPSHOT.jar:?]
	at org.apache.hadoop.ozone.protocolPB.OzoneManagerRequestHandler.listStatus(OzoneManagerRequestHandler.java:1028) ~[ozone-manager-1.3.0-SNAPSHOT.jar:?]
	at org.apache.hadoop.ozone.protocolPB.OzoneManagerRequestHandler.handleReadRequest(OzoneManagerRequestHandler.java:228) ~[ozone-manager-1.3.0-SNAPSHOT.jar:?]
	at org.apache.hadoop.ozone.protocolPB.OzoneManagerProtocolServerSideTranslatorPB.submitRequestDirectlyToOM(OzoneManagerProtocolServerSideTranslatorPB.java:276) ~[ozone-manager-1.3.0-SNAPSHOT.jar:?]
	at org.apache.hadoop.ozone.protocolPB.OzoneManagerProtocolServerSideTranslatorPB.processRequest(OzoneManagerProtocolServerSideTranslatorPB.java:205) ~[ozone-manager-1.3.0-SNAPSHOT.jar:?]
	at org.apache.hadoop.hdds.server.OzoneProtocolMessageDispatcher.processRequest(OzoneProtocolMessageDispatcher.java:87) [hdds-server-framework-1.3.0-SNAPSHOT.jar:?]
	at org.apache.hadoop.ozone.protocolPB.OzoneManagerProtocolServerSideTranslatorPB.submitRequest(OzoneManagerProtocolServerSideTranslatorPB.java:147) [ozone-manager-1.3.0-SNAPSHOT.jar:?]
	at org.apache.hadoop.ozone.protocol.proto.OzoneManagerProtocolProtos$OzoneManagerService$2.callBlockingMethod(OzoneManagerProtocolProtos.java) [ozone-interface-client-1.3.0-SNAPSHOT.jar:?]
	at org.apache.hadoop.ipc.ProtobufRpcEngine$Server.processCall(ProtobufRpcEngine.java:466) [hadoop-common-3.3.1.jar:?]
	at org.apache.hadoop.ipc.ProtobufRpcEngine2$Server$ProtoBufRpcInvoker.call(ProtobufRpcEngine2.java:574) [hadoop-common-3.3.1.jar:?]
	at org.apache.hadoop.ipc.ProtobufRpcEngine2$Server$ProtoBufRpcInvoker.call(ProtobufRpcEngine2.java:552) [hadoop-common-3.3.1.jar:?]
	at org.apache.hadoop.ipc.RPC$Server.call(RPC.java:1093) [hadoop-common-3.3.1.jar:?]
	at org.apache.hadoop.ipc.Server$RpcCall.run(Server.java:1035) [hadoop-common-3.3.1.jar:?]
	at org.apache.hadoop.ipc.Server$RpcCall.run(Server.java:963) [hadoop-common-3.3.1.jar:?]
	at java.security.AccessController.doPrivileged(Native Method) ~[?:1.8.0_332]
	at javax.security.auth.Subject.doAs(Subject.java:422) [?:1.8.0_332]
	at org.apache.hadoop.security.UserGroupInformation.doAs(UserGroupInformation.java:1878) [hadoop-common-3.3.1.jar:?]
	at org.apache.hadoop.ipc.Server$Handler.run(Server.java:2966) [hadoop-common-3.3.1.jar:?]
]]></system-out>
  </testcase>
  <testcase name="testRenameFileToDir" classname="TestRootedOzoneFileSystem" time="0.184">
    <system-out><![CDATA[2022-06-27 16:58:23,286 [Time-limited test] INFO  rpc.RpcClient (RpcClient.java:createVolume(466)) - Creating Volume: volume23514, with user61685 as owner and space quota set to -1 bytes, counts quota set to -1
2022-06-27 16:58:23,288 [OM StateMachine ApplyTransaction Thread - 0] INFO  volume.OMVolumeCreateRequest (OMVolumeCreateRequest.java:validateAndUpdateCache(195)) - created volume:volume23514 for user:user61685
2022-06-27 16:58:23,289 [Time-limited test] INFO  rpc.RpcClient (RpcClient.java:createBucket(666)) - Creating Bucket: volume23514/bucket28580, with the Bucket Layout LEGACY, runner as owner, Versioning false, Storage Type set to DISK and Encryption set to false 
2022-06-27 16:58:23,290 [OM StateMachine ApplyTransaction Thread - 0] INFO  bucket.OMBucketCreateRequest (OMBucketCreateRequest.java:validateAndUpdateCache(260)) - created bucket: bucket28580 of layout LEGACY in volume: volume23514
16:58:23.317 [IPC Server handler 3 on default port 40965] ERROR OMAudit - user=runner | ip=127.0.0.1 | op=LIST_STATUS {volume=volume23514, bucket=bucket28580, key=a/b/c/file1, dataSize=0, replicationConfig=null} | ret=FAILURE
org.apache.hadoop.ozone.om.exceptions.OMException: Unable to get file status: volume: volume23514 bucket: bucket28580 key: a/b/c/file1
	at org.apache.hadoop.ozone.om.KeyManagerImpl.getOzoneFileStatus(KeyManagerImpl.java:1311) ~[ozone-manager-1.3.0-SNAPSHOT.jar:?]
	at org.apache.hadoop.ozone.om.KeyManagerImpl.getFileStatus(KeyManagerImpl.java:1241) ~[ozone-manager-1.3.0-SNAPSHOT.jar:?]
	at org.apache.hadoop.ozone.om.KeyManagerImpl.listStatus(KeyManagerImpl.java:1565) ~[ozone-manager-1.3.0-SNAPSHOT.jar:?]
	at org.apache.hadoop.ozone.om.OzoneManager.listStatus(OzoneManager.java:3497) ~[ozone-manager-1.3.0-SNAPSHOT.jar:?]
	at org.apache.hadoop.ozone.protocolPB.OzoneManagerRequestHandler.listStatus(OzoneManagerRequestHandler.java:1028) ~[ozone-manager-1.3.0-SNAPSHOT.jar:?]
	at org.apache.hadoop.ozone.protocolPB.OzoneManagerRequestHandler.handleReadRequest(OzoneManagerRequestHandler.java:228) ~[ozone-manager-1.3.0-SNAPSHOT.jar:?]
	at org.apache.hadoop.ozone.protocolPB.OzoneManagerProtocolServerSideTranslatorPB.submitReadRequestToOM(OzoneManagerProtocolServerSideTranslatorPB.java:226) ~[ozone-manager-1.3.0-SNAPSHOT.jar:?]
	at org.apache.hadoop.ozone.protocolPB.OzoneManagerProtocolServerSideTranslatorPB.processRequest(OzoneManagerProtocolServerSideTranslatorPB.java:175) ~[ozone-manager-1.3.0-SNAPSHOT.jar:?]
	at org.apache.hadoop.hdds.server.OzoneProtocolMessageDispatcher.processRequest(OzoneProtocolMessageDispatcher.java:87) [hdds-server-framework-1.3.0-SNAPSHOT.jar:?]
	at org.apache.hadoop.ozone.protocolPB.OzoneManagerProtocolServerSideTranslatorPB.submitRequest(OzoneManagerProtocolServerSideTranslatorPB.java:147) [ozone-manager-1.3.0-SNAPSHOT.jar:?]
	at org.apache.hadoop.ozone.protocol.proto.OzoneManagerProtocolProtos$OzoneManagerService$2.callBlockingMethod(OzoneManagerProtocolProtos.java) [ozone-interface-client-1.3.0-SNAPSHOT.jar:?]
	at org.apache.hadoop.ipc.ProtobufRpcEngine$Server.processCall(ProtobufRpcEngine.java:466) [hadoop-common-3.3.1.jar:?]
	at org.apache.hadoop.ipc.ProtobufRpcEngine2$Server$ProtoBufRpcInvoker.call(ProtobufRpcEngine2.java:574) [hadoop-common-3.3.1.jar:?]
	at org.apache.hadoop.ipc.ProtobufRpcEngine2$Server$ProtoBufRpcInvoker.call(ProtobufRpcEngine2.java:552) [hadoop-common-3.3.1.jar:?]
	at org.apache.hadoop.ipc.RPC$Server.call(RPC.java:1093) [hadoop-common-3.3.1.jar:?]
	at org.apache.hadoop.ipc.Server$RpcCall.run(Server.java:1035) [hadoop-common-3.3.1.jar:?]
	at org.apache.hadoop.ipc.Server$RpcCall.run(Server.java:963) [hadoop-common-3.3.1.jar:?]
	at java.security.AccessController.doPrivileged(Native Method) ~[?:1.8.0_332]
	at javax.security.auth.Subject.doAs(Subject.java:422) [?:1.8.0_332]
	at org.apache.hadoop.security.UserGroupInformation.doAs(UserGroupInformation.java:1878) [hadoop-common-3.3.1.jar:?]
	at org.apache.hadoop.ipc.Server$Handler.run(Server.java:2966) [hadoop-common-3.3.1.jar:?]
]]></system-out>
  </testcase>
  <testcase name="testRenameFileToDir" classname="TestRootedOzoneFileSystem" time="0.073">
    <system-out><![CDATA[2022-06-27 16:59:37,831 [Time-limited test] INFO  rpc.RpcClient (RpcClient.java:createVolume(466)) - Creating Volume: volume63945, with user82633 as owner and space quota set to -1 bytes, counts quota set to -1
2022-06-27 16:59:37,834 [IPC Server handler 1 on default port 35065] INFO  volume.OMVolumeCreateRequest (OMVolumeCreateRequest.java:validateAndUpdateCache(195)) - created volume:volume63945 for user:user82633
2022-06-27 16:59:37,835 [Time-limited test] INFO  rpc.RpcClient (RpcClient.java:createBucket(666)) - Creating Bucket: volume63945/bucket94333, with the Bucket Layout LEGACY, runner as owner, Versioning false, Storage Type set to DISK and Encryption set to false 
2022-06-27 16:59:37,835 [IPC Server handler 3 on default port 35065] INFO  bucket.OMBucketCreateRequest (OMBucketCreateRequest.java:validateAndUpdateCache(260)) - created bucket: bucket94333 of layout LEGACY in volume: volume63945
16:59:37.860 [IPC Server handler 17 on default port 35065] ERROR OMAudit - user=runner | ip=127.0.0.1 | op=LIST_STATUS {volume=volume63945, bucket=bucket94333, key=a/b/c/file1, dataSize=0, replicationConfig=null} | ret=FAILURE
org.apache.hadoop.ozone.om.exceptions.OMException: Unable to get file status: volume: volume63945 bucket: bucket94333 key: a/b/c/file1
	at org.apache.hadoop.ozone.om.KeyManagerImpl.getOzoneFileStatus(KeyManagerImpl.java:1311) ~[ozone-manager-1.3.0-SNAPSHOT.jar:?]
	at org.apache.hadoop.ozone.om.KeyManagerImpl.getFileStatus(KeyManagerImpl.java:1241) ~[ozone-manager-1.3.0-SNAPSHOT.jar:?]
	at org.apache.hadoop.ozone.om.KeyManagerImpl.listStatus(KeyManagerImpl.java:1565) ~[ozone-manager-1.3.0-SNAPSHOT.jar:?]
	at org.apache.hadoop.ozone.om.OzoneManager.listStatus(OzoneManager.java:3497) ~[ozone-manager-1.3.0-SNAPSHOT.jar:?]
	at org.apache.hadoop.ozone.protocolPB.OzoneManagerRequestHandler.listStatus(OzoneManagerRequestHandler.java:1028) ~[ozone-manager-1.3.0-SNAPSHOT.jar:?]
	at org.apache.hadoop.ozone.protocolPB.OzoneManagerRequestHandler.handleReadRequest(OzoneManagerRequestHandler.java:228) ~[ozone-manager-1.3.0-SNAPSHOT.jar:?]
	at org.apache.hadoop.ozone.protocolPB.OzoneManagerProtocolServerSideTranslatorPB.submitRequestDirectlyToOM(OzoneManagerProtocolServerSideTranslatorPB.java:276) ~[ozone-manager-1.3.0-SNAPSHOT.jar:?]
	at org.apache.hadoop.ozone.protocolPB.OzoneManagerProtocolServerSideTranslatorPB.processRequest(OzoneManagerProtocolServerSideTranslatorPB.java:205) ~[ozone-manager-1.3.0-SNAPSHOT.jar:?]
	at org.apache.hadoop.hdds.server.OzoneProtocolMessageDispatcher.processRequest(OzoneProtocolMessageDispatcher.java:87) [hdds-server-framework-1.3.0-SNAPSHOT.jar:?]
	at org.apache.hadoop.ozone.protocolPB.OzoneManagerProtocolServerSideTranslatorPB.submitRequest(OzoneManagerProtocolServerSideTranslatorPB.java:147) [ozone-manager-1.3.0-SNAPSHOT.jar:?]
	at org.apache.hadoop.ozone.protocol.proto.OzoneManagerProtocolProtos$OzoneManagerService$2.callBlockingMethod(OzoneManagerProtocolProtos.java) [ozone-interface-client-1.3.0-SNAPSHOT.jar:?]
	at org.apache.hadoop.ipc.ProtobufRpcEngine$Server.processCall(ProtobufRpcEngine.java:466) [hadoop-common-3.3.1.jar:?]
	at org.apache.hadoop.ipc.ProtobufRpcEngine2$Server$ProtoBufRpcInvoker.call(ProtobufRpcEngine2.java:574) [hadoop-common-3.3.1.jar:?]
	at org.apache.hadoop.ipc.ProtobufRpcEngine2$Server$ProtoBufRpcInvoker.call(ProtobufRpcEngine2.java:552) [hadoop-common-3.3.1.jar:?]
	at org.apache.hadoop.ipc.RPC$Server.call(RPC.java:1093) [hadoop-common-3.3.1.jar:?]
	at org.apache.hadoop.ipc.Server$RpcCall.run(Server.java:1035) [hadoop-common-3.3.1.jar:?]
	at org.apache.hadoop.ipc.Server$RpcCall.run(Server.java:963) [hadoop-common-3.3.1.jar:?]
	at java.security.AccessController.doPrivileged(Native Method) ~[?:1.8.0_332]
	at javax.security.auth.Subject.doAs(Subject.java:422) [?:1.8.0_332]
	at org.apache.hadoop.security.UserGroupInformation.doAs(UserGroupInformation.java:1878) [hadoop-common-3.3.1.jar:?]
	at org.apache.hadoop.ipc.Server$Handler.run(Server.java:2966) [hadoop-common-3.3.1.jar:?]
]]></system-out>
  </testcase>
</testsuite>