<?xml version="1.0" encoding="UTF-8"?>
<testsuite xmlns:xsi="http://www.w3.org/2001/XMLSchema-instance" xsi:noNamespaceSchemaLocation="https://maven.apache.org/surefire/maven-surefire-plugin/xsd/surefire-test-report-3.0.xsd" version="3.0" name="org.apache.hadoop.ozone.parser.TestOzoneHARatisLogParser" time="80.475" tests="1" errors="1" skipped="0" failures="0">
  <properties>
    <property name="awt.toolkit" value="sun.awt.X11.XToolkit"/>
    <property name="file.encoding.pkg" value="sun.io"/>
    <property name="java.specification.version" value="1.8"/>
    <property name="sun.cpu.isalist" value=""/>
    <property name="sun.jnu.encoding" value="UTF-8"/>
    <property name="java.class.path" value="/home/runner/work/ozone/ozone/hadoop-ozone/integration-test/target/test-classes:/home/runner/work/ozone/ozone/hadoop-ozone/integration-test/target/classes:/home/runner/.m2/repository/org/apache/ozone/ozone-common/1.3.0-SNAPSHOT/ozone-common-1.3.0-SNAPSHOT.jar:/home/runner/.m2/repository/io/grpc/grpc-netty/1.44.0/grpc-netty-1.44.0.jar:/home/runner/.m2/repository/io/grpc/grpc-core/1.44.0/grpc-core-1.44.0.jar:/home/runner/.m2/repository/com/google/android/annotations/4.1.1.4/annotations-4.1.1.4.jar:/home/runner/.m2/repository/org/codehaus/mojo/animal-sniffer-annotations/1.19/animal-sniffer-annotations-1.19.jar:/home/runner/.m2/repository/com/google/errorprone/error_prone_annotations/2.2.0/error_prone_annotations-2.2.0.jar:/home/runner/.m2/repository/io/perfmark/perfmark-api/0.23.0/perfmark-api-0.23.0.jar:/home/runner/.m2/repository/io/netty/netty-codec-http2/4.1.74.Final/netty-codec-http2-4.1.74.Final.jar:/home/runner/.m2/repository/io/netty/netty-common/4.1.74.Final/netty-common-4.1.74.Final.jar:/home/runner/.m2/repository/io/netty/netty-buffer/4.1.74.Final/netty-buffer-4.1.74.Final.jar:/home/runner/.m2/repository/io/netty/netty-codec-http/4.1.74.Final/netty-codec-http-4.1.74.Final.jar:/home/runner/.m2/repository/io/netty/netty-handler-proxy/4.1.74.Final/netty-handler-proxy-4.1.74.Final.jar:/home/runner/.m2/repository/io/netty/netty-codec-socks/4.1.74.Final/netty-codec-socks-4.1.74.Final.jar:/home/runner/.m2/repository/io/netty/netty-tcnative-boringssl-static/2.0.48.Final/netty-tcnative-boringssl-static-2.0.48.Final.jar:/home/runner/.m2/repository/io/netty/netty-tcnative-classes/2.0.48.Final/netty-tcnative-classes-2.0.48.Final.jar:/home/runner/.m2/repository/io/netty/netty-tcnative/2.0.48.Final/netty-tcnative-2.0.48.Final.jar:/home/runner/.m2/repository/org/apache/commons/commons-compress/1.21/commons-compress-1.21.jar:/home/runner/.m2/repository/org/apache/ozone/hdds-common/1.3.0-SNAPSHOT/hdds-common-1.3.0-SNAPSHOT.jar:/home/runner/.m2/repository/org/apache/ozone/hdds-client/1.3.0-SNAPSHOT/hdds-client-1.3.0-SNAPSHOT.jar:/home/runner/.m2/repository/org/apache/ozone/ozone-interface-client/1.3.0-SNAPSHOT/ozone-interface-client-1.3.0-SNAPSHOT.jar:/home/runner/.m2/repository/org/apache/ozone/hdds-test-utils/1.3.0-SNAPSHOT/hdds-test-utils-1.3.0-SNAPSHOT.jar:/home/runner/.m2/repository/com/google/guava/guava/31.1-jre/guava-31.1-jre.jar:/home/runner/.m2/repository/com/google/guava/failureaccess/1.0.1/failureaccess-1.0.1.jar:/home/runner/.m2/repository/com/google/guava/listenablefuture/9999.0-empty-to-avoid-conflict-with-guava/listenablefuture-9999.0-empty-to-avoid-conflict-with-guava.jar:/home/runner/.m2/repository/com/google/code/findbugs/jsr305/3.0.0/jsr305-3.0.0.jar:/home/runner/.m2/repository/org/checkerframework/checker-qual/3.12.0/checker-qual-3.12.0.jar:/home/runner/.m2/repository/com/google/j2objc/j2objc-annotations/1.3/j2objc-annotations-1.3.jar:/home/runner/.m2/repository/commons-io/commons-io/2.11.0/commons-io-2.11.0.jar:/home/runner/.m2/repository/commons-logging/commons-logging/1.2/commons-logging-1.2.jar:/home/runner/.m2/repository/log4j/log4j/1.2.17/log4j-1.2.17.jar:/home/runner/.m2/repository/org/slf4j/slf4j-api/1.7.30/slf4j-api-1.7.30.jar:/home/runner/.m2/repository/org/apache/ozone/hdds-server-scm/1.3.0-SNAPSHOT/hdds-server-scm-1.3.0-SNAPSHOT.jar:/home/runner/.m2/repository/org/apache/ozone/hdds-container-service/1.3.0-SNAPSHOT/hdds-container-service-1.3.0-SNAPSHOT.jar:/home/runner/.m2/repository/org/apache/ozone/hdds-hadoop-dependency-server/1.3.0-SNAPSHOT/hdds-hadoop-dependency-server-1.3.0-SNAPSHOT.jar:/home/runner/.m2/repository/org/apache/hadoop/hadoop-hdfs/3.3.1/hadoop-hdfs-3.3.1.jar:/home/runner/.m2/repository/org/apache/ozone/hdds-server-framework/1.3.0-SNAPSHOT/hdds-server-framework-1.3.0-SNAPSHOT.jar:/home/runner/.m2/repository/org/apache/ozone/hdds-interface-server/1.3.0-SNAPSHOT/hdds-interface-server-1.3.0-SNAPSHOT.jar:/home/runner/.m2/repository/org/apache/logging/log4j/log4j-core/2.17.1/log4j-core-2.17.1.jar:/home/runner/.m2/repository/com/lmax/disruptor/3.4.2/disruptor-3.4.2.jar:/home/runner/.m2/repository/org/eclipse/jetty/jetty-servlet/9.4.43.v20210629/jetty-servlet-9.4.43.v20210629.jar:/home/runner/.m2/repository/org/eclipse/jetty/jetty-security/9.4.43.v20210629/jetty-security-9.4.43.v20210629.jar:/home/runner/.m2/repository/org/rocksdb/rocksdbjni/6.29.5/rocksdbjni-6.29.5.jar:/home/runner/.m2/repository/io/prometheus/simpleclient_dropwizard/0.7.0/simpleclient_dropwizard-0.7.0.jar:/home/runner/.m2/repository/io/prometheus/simpleclient/0.7.0/simpleclient-0.7.0.jar:/home/runner/.m2/repository/io/prometheus/simpleclient_common/0.7.0/simpleclient_common-0.7.0.jar:/home/runner/.m2/repository/io/dropwizard/metrics/metrics-core/3.2.4/metrics-core-3.2.4.jar:/home/runner/.m2/repository/org/apache/hadoop/hadoop-hdfs-client/3.3.1/hadoop-hdfs-client-3.3.1.jar:/home/runner/.m2/repository/org/bouncycastle/bcprov-jdk15on/1.67/bcprov-jdk15on-1.67.jar:/home/runner/.m2/repository/com/google/protobuf/protobuf-java/2.5.0/protobuf-java-2.5.0.jar:/home/runner/.m2/repository/org/apache/ozone/ozone-manager/1.3.0-SNAPSHOT/ozone-manager-1.3.0-SNAPSHOT.jar:/home/runner/.m2/repository/org/aspectj/aspectjrt/1.9.7/aspectjrt-1.9.7.jar:/home/runner/.m2/repository/org/aspectj/aspectjweaver/1.9.7/aspectjweaver-1.9.7.jar:/home/runner/.m2/repository/org/apache/ozone/hdds-interface-client/1.3.0-SNAPSHOT/hdds-interface-client-1.3.0-SNAPSHOT.jar:/home/runner/.m2/repository/org/apache/hadoop/thirdparty/hadoop-shaded-protobuf_3_7/1.1.1/hadoop-shaded-protobuf_3_7-1.1.1.jar:/home/runner/.m2/repository/org/apache/ozone/ozone-interface-storage/1.3.0-SNAPSHOT/ozone-interface-storage-1.3.0-SNAPSHOT.jar:/home/runner/.m2/repository/org/reflections/reflections/0.9.11/reflections-0.9.11.jar:/home/runner/.m2/repository/com/sun/jersey/jersey-client/1.19/jersey-client-1.19.jar:/home/runner/.m2/repository/org/apache/ranger/ranger-intg/3.0.0-SNAPSHOT/ranger-intg-3.0.0-SNAPSHOT.jar:/home/runner/.m2/repository/org/apache/ranger/ranger-plugins-common/3.0.0-SNAPSHOT/ranger-plugins-common-3.0.0-SNAPSHOT.jar:/home/runner/.m2/repository/commons-lang/commons-lang/2.6/commons-lang-2.6.jar:/home/runner/.m2/repository/org/codehaus/jackson/jackson-jaxrs/1.9.13/jackson-jaxrs-1.9.13.jar:/home/runner/.m2/repository/org/apache/ranger/ranger-plugins-cred/3.0.0-SNAPSHOT/ranger-plugins-cred-3.0.0-SNAPSHOT.jar:/home/runner/.m2/repository/org/apache/ranger/ranger-plugins-audit/3.0.0-SNAPSHOT/ranger-plugins-audit-3.0.0-SNAPSHOT.jar:/home/runner/.m2/repository/org/apache/kafka/kafka-clients/2.8.1/kafka-clients-2.8.1.jar:/home/runner/.m2/repository/com/github/luben/zstd-jni/1.4.9-1/zstd-jni-1.4.9-1.jar:/home/runner/.m2/repository/org/apache/solr/solr-solrj/8.6.3/solr-solrj-8.6.3.jar:/home/runner/.m2/repository/org/eclipse/jetty/jetty-client/9.4.44.v20210927/jetty-client-9.4.44.v20210927.jar:/home/runner/.m2/repository/org/apache/httpcomponents/httpmime/4.5.13/httpmime-4.5.13.jar:/home/runner/.m2/repository/org/apache/httpcomponents/httpcore-nio/4.4.14/httpcore-nio-4.4.14.jar:/home/runner/.m2/repository/org/apache/httpcomponents/httpasyncclient/4.1.4/httpasyncclient-4.1.4.jar:/home/runner/.m2/repository/com/carrotsearch/hppc/0.8.0/hppc-0.8.0.jar:/home/runner/.m2/repository/org/apache/hive/hive-storage-api/2.7.2/hive-storage-api-2.7.2.jar:/home/runner/.m2/repository/org/apache/orc/orc-core/1.5.8/orc-core-1.5.8.jar:/home/runner/.m2/repository/com/amazonaws/aws-java-sdk-bundle/1.12.125/aws-java-sdk-bundle-1.12.125.jar:/home/runner/.m2/repository/net/java/dev/jna/jna/5.2.0/jna-5.2.0.jar:/home/runner/.m2/repository/net/java/dev/jna/jna-platform/5.2.0/jna-platform-5.2.0.jar:/home/runner/.m2/repository/com/kstruct/gethostname4j/0.0.2/gethostname4j-0.0.2.jar:/home/runner/.m2/repository/org/apache/ranger/ranger-plugin-classloader/3.0.0-SNAPSHOT/ranger-plugin-classloader-3.0.0-SNAPSHOT.jar:/home/runner/.m2/repository/org/apache/hadoop/hadoop-minikdc/3.3.1/hadoop-minikdc-3.3.1.jar:/home/runner/.m2/repository/org/apache/kerby/kerb-simplekdc/1.0.1/kerb-simplekdc-1.0.1.jar:/home/runner/.m2/repository/org/apache/kerby/kerb-client/1.0.1/kerb-client-1.0.1.jar:/home/runner/.m2/repository/org/apache/kerby/kerby-config/1.0.1/kerby-config-1.0.1.jar:/home/runner/.m2/repository/org/apache/kerby/kerb-common/1.0.1/kerb-common-1.0.1.jar:/home/runner/.m2/repository/org/apache/kerby/kerb-crypto/1.0.1/kerb-crypto-1.0.1.jar:/home/runner/.m2/repository/org/apache/kerby/kerb-util/1.0.1/kerb-util-1.0.1.jar:/home/runner/.m2/repository/org/apache/kerby/token-provider/1.0.1/token-provider-1.0.1.jar:/home/runner/.m2/repository/org/apache/kerby/kerb-admin/1.0.1/kerb-admin-1.0.1.jar:/home/runner/.m2/repository/org/apache/kerby/kerb-server/1.0.1/kerb-server-1.0.1.jar:/home/runner/.m2/repository/org/apache/kerby/kerb-identity/1.0.1/kerb-identity-1.0.1.jar:/home/runner/.m2/repository/org/apache/kerby/kerby-xdr/1.0.1/kerby-xdr-1.0.1.jar:/home/runner/.m2/repository/org/slf4j/slf4j-log4j12/1.7.30/slf4j-log4j12-1.7.30.jar:/home/runner/.m2/repository/org/apache/ozone/ozone-s3gateway/1.3.0-SNAPSHOT/ozone-s3gateway-1.3.0-SNAPSHOT.jar:/home/runner/.m2/repository/org/javassist/javassist/3.21.0-GA/javassist-3.21.0-GA.jar:/home/runner/.m2/repository/org/jboss/weld/servlet/weld-servlet/2.4.7.Final/weld-servlet-2.4.7.Final.jar:/home/runner/.m2/repository/org/glassfish/jersey/containers/jersey-container-servlet-core/2.33/jersey-container-servlet-core-2.33.jar:/home/runner/.m2/repository/org/glassfish/hk2/external/jakarta.inject/2.6.1/jakarta.inject-2.6.1.jar:/home/runner/.m2/repository/org/glassfish/jersey/core/jersey-common/2.33/jersey-common-2.33.jar:/home/runner/.m2/repository/jakarta/ws/rs/jakarta.ws.rs-api/2.1.6/jakarta.ws.rs-api-2.1.6.jar:/home/runner/.m2/repository/org/glassfish/jersey/ext/cdi/jersey-cdi1x/2.33/jersey-cdi1x-2.33.jar:/home/runner/.m2/repository/org/glassfish/jersey/inject/jersey-hk2/2.33/jersey-hk2-2.33.jar:/home/runner/.m2/repository/org/glassfish/hk2/hk2-locator/2.6.1/hk2-locator-2.6.1.jar:/home/runner/.m2/repository/org/glassfish/jersey/media/jersey-media-jaxb/2.33/jersey-media-jaxb-2.33.jar:/home/runner/.m2/repository/org/glassfish/hk2/osgi-resource-locator/1.0.3/osgi-resource-locator-1.0.3.jar:/home/runner/.m2/repository/org/glassfish/hk2/hk2-api/2.5.0/hk2-api-2.5.0.jar:/home/runner/.m2/repository/org/glassfish/hk2/hk2-utils/2.5.0/hk2-utils-2.5.0.jar:/home/runner/.m2/repository/org/glassfish/hk2/external/aopalliance-repackaged/2.5.0/aopalliance-repackaged-2.5.0.jar:/home/runner/.m2/repository/com/fasterxml/jackson/dataformat/jackson-dataformat-xml/2.13.2/jackson-dataformat-xml-2.13.2.jar:/home/runner/.m2/repository/com/fasterxml/jackson/core/jackson-core/2.13.2/jackson-core-2.13.2.jar:/home/runner/.m2/repository/org/codehaus/woodstox/stax2-api/3.1.4/stax2-api-3.1.4.jar:/home/runner/.m2/repository/com/fasterxml/woodstox/woodstox-core/5.0.3/woodstox-core-5.0.3.jar:/home/runner/.m2/repository/com/fasterxml/jackson/module/jackson-module-jaxb-annotations/2.13.2/jackson-module-jaxb-annotations-2.13.2.jar:/home/runner/.m2/repository/jakarta/xml/bind/jakarta.xml.bind-api/2.3.3/jakarta.xml.bind-api-2.3.3.jar:/home/runner/.m2/repository/jakarta/activation/jakarta.activation-api/1.2.1/jakarta.activation-api-1.2.1.jar:/home/runner/.m2/repository/javax/enterprise/cdi-api/1.2/cdi-api-1.2.jar:/home/runner/.m2/repository/javax/el/javax.el-api/3.0.0/javax.el-api-3.0.0.jar:/home/runner/.m2/repository/javax/interceptor/javax.interceptor-api/1.2/javax.interceptor-api-1.2.jar:/home/runner/.m2/repository/javax/inject/javax.inject/1/javax.inject-1.jar:/home/runner/.m2/repository/javax/xml/bind/jaxb-api/2.3.0/jaxb-api-2.3.0.jar:/home/runner/.m2/repository/org/glassfish/jaxb/jaxb-runtime/2.3.0.1/jaxb-runtime-2.3.0.1.jar:/home/runner/.m2/repository/org/glassfish/jaxb/jaxb-core/2.3.0.1/jaxb-core-2.3.0.1.jar:/home/runner/.m2/repository/org/glassfish/jaxb/txw2/2.3.0.1/txw2-2.3.0.1.jar:/home/runner/.m2/repository/com/sun/istack/istack-commons-runtime/3.0.5/istack-commons-runtime-3.0.5.jar:/home/runner/.m2/repository/org/jvnet/staxex/stax-ex/1.7.8/stax-ex-1.7.8.jar:/home/runner/.m2/repository/com/sun/xml/fastinfoset/FastInfoset/1.2.13/FastInfoset-1.2.13.jar:/home/runner/.m2/repository/javax/activation/activation/1.1.1/activation-1.1.1.jar:/home/runner/.m2/repository/io/grpc/grpc-protobuf/1.44.0/grpc-protobuf-1.44.0.jar:/home/runner/.m2/repository/io/grpc/grpc-api/1.44.0/grpc-api-1.44.0.jar:/home/runner/.m2/repository/io/grpc/grpc-context/1.44.0/grpc-context-1.44.0.jar:/home/runner/.m2/repository/com/google/api/grpc/proto-google-common-protos/2.0.1/proto-google-common-protos-2.0.1.jar:/home/runner/.m2/repository/io/grpc/grpc-protobuf-lite/1.44.0/grpc-protobuf-lite-1.44.0.jar:/home/runner/.m2/repository/io/grpc/grpc-stub/1.44.0/grpc-stub-1.44.0.jar:/home/runner/.m2/repository/io/netty/netty-transport/4.1.74.Final/netty-transport-4.1.74.Final.jar:/home/runner/.m2/repository/io/netty/netty-resolver/4.1.74.Final/netty-resolver-4.1.74.Final.jar:/home/runner/.m2/repository/org/apache/ozone/ozone-csi/1.3.0-SNAPSHOT/ozone-csi-1.3.0-SNAPSHOT.jar:/home/runner/.m2/repository/com/google/protobuf/protobuf-java-util/3.19.2/protobuf-java-util-3.19.2.jar:/home/runner/.m2/repository/com/google/code/gson/gson/2.8.9/gson-2.8.9.jar:/home/runner/.m2/repository/org/apache/ozone/hdds-config/1.3.0-SNAPSHOT/hdds-config-1.3.0-SNAPSHOT.jar:/home/runner/.m2/repository/io/netty/netty-transport-native-epoll/4.1.74.Final/netty-transport-native-epoll-4.1.74.Final-linux-x86_64.jar:/home/runner/.m2/repository/io/netty/netty-transport-classes-epoll/4.1.74.Final/netty-transport-classes-epoll-4.1.74.Final.jar:/home/runner/.m2/repository/io/netty/netty-transport-native-unix-common/4.1.74.Final/netty-transport-native-unix-common-4.1.74.Final.jar:/home/runner/.m2/repository/org/apache/ozone/ozone-recon/1.3.0-SNAPSHOT/ozone-recon-1.3.0-SNAPSHOT.jar:/home/runner/.m2/repository/org/apache/ozone/ozone-reconcodegen/1.3.0-SNAPSHOT/ozone-reconcodegen-1.3.0-SNAPSHOT.jar:/home/runner/.m2/repository/com/google/inject/extensions/guice-multibindings/4.0/guice-multibindings-4.0.jar:/home/runner/.m2/repository/com/google/inject/guice/4.0/guice-4.0.jar:/home/runner/.m2/repository/aopalliance/aopalliance/1.0/aopalliance-1.0.jar:/home/runner/.m2/repository/com/google/inject/extensions/guice-assistedinject/4.0/guice-assistedinject-4.0.jar:/home/runner/.m2/repository/com/google/inject/extensions/guice-servlet/4.0/guice-servlet-4.0.jar:/home/runner/.m2/repository/org/glassfish/jersey/containers/jersey-container-servlet/2.33/jersey-container-servlet-2.33.jar:/home/runner/.m2/repository/org/glassfish/hk2/guice-bridge/2.5.0/guice-bridge-2.5.0.jar:/home/runner/.m2/repository/org/glassfish/jersey/core/jersey-server/2.33/jersey-server-2.33.jar:/home/runner/.m2/repository/org/glassfish/jersey/core/jersey-client/2.33/jersey-client-2.33.jar:/home/runner/.m2/repository/jakarta/annotation/jakarta.annotation-api/1.3.5/jakarta.annotation-api-1.3.5.jar:/home/runner/.m2/repository/jakarta/validation/jakarta.validation-api/2.0.2/jakarta.validation-api-2.0.2.jar:/home/runner/.m2/repository/org/glassfish/jersey/media/jersey-media-json-jackson/2.33/jersey-media-json-jackson-2.33.jar:/home/runner/.m2/repository/org/glassfish/jersey/ext/jersey-entity-filtering/2.33/jersey-entity-filtering-2.33.jar:/home/runner/.m2/repository/org/jooq/jooq/3.11.10/jooq-3.11.10.jar:/home/runner/.m2/repository/org/jooq/jooq-meta/3.11.10/jooq-meta-3.11.10.jar:/home/runner/.m2/repository/org/jooq/jooq-codegen/3.11.10/jooq-codegen-3.11.10.jar:/home/runner/.m2/repository/com/jolbox/bonecp/0.8.0.RELEASE/bonecp-0.8.0.RELEASE.jar:/home/runner/.m2/repository/org/apache/derby/derby/10.14.2.0/derby-10.14.2.0.jar:/home/runner/.m2/repository/org/xerial/sqlite-jdbc/3.25.2/sqlite-jdbc-3.25.2.jar:/home/runner/.m2/repository/org/springframework/spring-jdbc/5.2.20.RELEASE/spring-jdbc-5.2.20.RELEASE.jar:/home/runner/.m2/repository/org/springframework/spring-beans/5.2.20.RELEASE/spring-beans-5.2.20.RELEASE.jar:/home/runner/.m2/repository/org/springframework/spring-core/5.2.20.RELEASE/spring-core-5.2.20.RELEASE.jar:/home/runner/.m2/repository/org/springframework/spring-jcl/5.2.20.RELEASE/spring-jcl-5.2.20.RELEASE.jar:/home/runner/.m2/repository/org/springframework/spring-tx/5.2.20.RELEASE/spring-tx-5.2.20.RELEASE.jar:/home/runner/.m2/repository/org/apache/ozone/ozone-client/1.3.0-SNAPSHOT/ozone-client-1.3.0-SNAPSHOT.jar:/home/runner/.m2/repository/org/apache/ozone/hdds-erasurecode/1.3.0-SNAPSHOT/hdds-erasurecode-1.3.0-SNAPSHOT.jar:/home/runner/.m2/repository/com/github/spotbugs/spotbugs-annotations/3.1.12/spotbugs-annotations-3.1.12.jar:/home/runner/.m2/repository/org/apache/ozone/ozone-filesystem/1.3.0-SNAPSHOT/ozone-filesystem-1.3.0-SNAPSHOT.jar:/home/runner/.m2/repository/org/apache/ozone/ozone-filesystem-common/1.3.0-SNAPSHOT/ozone-filesystem-common-1.3.0-SNAPSHOT.jar:/home/runner/.m2/repository/org/apache/ozone/ozone-tools/1.3.0-SNAPSHOT/ozone-tools-1.3.0-SNAPSHOT.jar:/home/runner/.m2/repository/org/apache/ratis/ratis-tools/2.3.0/ratis-tools-2.3.0.jar:/home/runner/.m2/repository/com/amazonaws/aws-java-sdk-core/1.12.124/aws-java-sdk-core-1.12.124.jar:/home/runner/.m2/repository/org/apache/httpcomponents/httpclient/4.5.13/httpclient-4.5.13.jar:/home/runner/.m2/repository/org/apache/httpcomponents/httpcore/4.4.13/httpcore-4.4.13.jar:/home/runner/.m2/repository/software/amazon/ion/ion-java/1.0.2/ion-java-1.0.2.jar:/home/runner/.m2/repository/com/fasterxml/jackson/dataformat/jackson-dataformat-cbor/2.13.2/jackson-dataformat-cbor-2.13.2.jar:/home/runner/.m2/repository/joda-time/joda-time/2.8.1/joda-time-2.8.1.jar:/home/runner/.m2/repository/com/amazonaws/aws-java-sdk-s3/1.12.124/aws-java-sdk-s3-1.12.124.jar:/home/runner/.m2/repository/com/amazonaws/aws-java-sdk-kms/1.12.124/aws-java-sdk-kms-1.12.124.jar:/home/runner/.m2/repository/com/amazonaws/jmespath-java/1.12.124/jmespath-java-1.12.124.jar:/home/runner/.m2/repository/org/kohsuke/metainf-services/metainf-services/1.8/metainf-services-1.8.jar:/home/runner/.m2/repository/org/apache/ozone/hdds-tools/1.3.0-SNAPSHOT/hdds-tools-1.3.0-SNAPSHOT.jar:/home/runner/.m2/repository/commons-cli/commons-cli/1.2/commons-cli-1.2.jar:/home/runner/.m2/repository/org/apache/commons/commons-lang3/3.7/commons-lang3-3.7.jar:/home/runner/.m2/repository/org/apache/ozone/ozone-manager/1.3.0-SNAPSHOT/ozone-manager-1.3.0-SNAPSHOT-tests.jar:/home/runner/.m2/repository/org/apache/ozone/hdds-common/1.3.0-SNAPSHOT/hdds-common-1.3.0-SNAPSHOT-tests.jar:/home/runner/.m2/repository/org/apache/ozone/hdds-hadoop-dependency-client/1.3.0-SNAPSHOT/hdds-hadoop-dependency-client-1.3.0-SNAPSHOT.jar:/home/runner/.m2/repository/info/picocli/picocli/4.6.1/picocli-4.6.1.jar:/home/runner/.m2/repository/com/fasterxml/jackson/core/jackson-annotations/2.13.2/jackson-annotations-2.13.2.jar:/home/runner/.m2/repository/com/fasterxml/jackson/datatype/jackson-datatype-jsr310/2.13.2/jackson-datatype-jsr310-2.13.2.jar:/home/runner/.m2/repository/javax/annotation/javax.annotation-api/1.2/javax.annotation-api-1.2.jar:/home/runner/.m2/repository/org/apache/ratis/ratis-server/2.3.0/ratis-server-2.3.0.jar:/home/runner/.m2/repository/org/apache/ratis/ratis-client/2.3.0/ratis-client-2.3.0.jar:/home/runner/.m2/repository/org/apache/ratis/ratis-server-api/2.3.0/ratis-server-api-2.3.0.jar:/home/runner/.m2/repository/org/apache/ratis/ratis-metrics/2.3.0/ratis-metrics-2.3.0.jar:/home/runner/.m2/repository/org/apache/ratis/ratis-netty/2.3.0/ratis-netty-2.3.0.jar:/home/runner/.m2/repository/org/apache/ratis/ratis-grpc/2.3.0/ratis-grpc-2.3.0.jar:/home/runner/.m2/repository/org/apache/logging/log4j/log4j-api/2.17.1/log4j-api-2.17.1.jar:/home/runner/.m2/repository/org/apache/commons/commons-pool2/2.6.0/commons-pool2-2.6.0.jar:/home/runner/.m2/repository/org/bouncycastle/bcpkix-jdk15on/1.67/bcpkix-jdk15on-1.67.jar:/home/runner/.m2/repository/commons-validator/commons-validator/1.6/commons-validator-1.6.jar:/home/runner/.m2/repository/commons-beanutils/commons-beanutils/1.9.4/commons-beanutils-1.9.4.jar:/home/runner/.m2/repository/commons-digester/commons-digester/1.8.1/commons-digester-1.8.1.jar:/home/runner/.m2/repository/commons-collections/commons-collections/3.2.2/commons-collections-3.2.2.jar:/home/runner/.m2/repository/io/jaegertracing/jaeger-client/1.6.0/jaeger-client-1.6.0.jar:/home/runner/.m2/repository/io/jaegertracing/jaeger-thrift/1.6.0/jaeger-thrift-1.6.0.jar:/home/runner/.m2/repository/org/apache/thrift/libthrift/0.14.1/libthrift-0.14.1.jar:/home/runner/.m2/repository/com/squareup/okhttp3/okhttp/4.9.0/okhttp-4.9.0.jar:/home/runner/.m2/repository/com/squareup/okio/okio/2.8.0/okio-2.8.0.jar:/home/runner/.m2/repository/io/jaegertracing/jaeger-core/1.6.0/jaeger-core-1.6.0.jar:/home/runner/.m2/repository/io/jaegertracing/jaeger-tracerresolver/1.6.0/jaeger-tracerresolver-1.6.0.jar:/home/runner/.m2/repository/io/opentracing/contrib/opentracing-tracerresolver/0.1.8/opentracing-tracerresolver-0.1.8.jar:/home/runner/.m2/repository/org/jetbrains/kotlin/kotlin-stdlib/1.4.31/kotlin-stdlib-1.4.31.jar:/home/runner/.m2/repository/org/jetbrains/kotlin/kotlin-stdlib-common/1.4.31/kotlin-stdlib-common-1.4.31.jar:/home/runner/.m2/repository/org/jetbrains/annotations/13.0/annotations-13.0.jar:/home/runner/.m2/repository/io/opentracing/opentracing-util/0.33.0/opentracing-util-0.33.0.jar:/home/runner/.m2/repository/io/opentracing/opentracing-api/0.33.0/opentracing-api-0.33.0.jar:/home/runner/.m2/repository/io/opentracing/opentracing-noop/0.33.0/opentracing-noop-0.33.0.jar:/home/runner/.m2/repository/org/yaml/snakeyaml/1.26/snakeyaml-1.26.jar:/home/runner/.m2/repository/org/apache/ozone/hdds-interface-admin/1.3.0-SNAPSHOT/hdds-interface-admin-1.3.0-SNAPSHOT.jar:/home/runner/.m2/repository/junit/junit/4.13.1/junit-4.13.1.jar:/home/runner/.m2/repository/org/hamcrest/hamcrest-core/1.3/hamcrest-core-1.3.jar:/home/runner/.m2/repository/org/junit/jupiter/junit-jupiter-api/5.8.2/junit-jupiter-api-5.8.2.jar:/home/runner/.m2/repository/org/opentest4j/opentest4j/1.2.0/opentest4j-1.2.0.jar:/home/runner/.m2/repository/org/junit/platform/junit-platform-commons/1.8.2/junit-platform-commons-1.8.2.jar:/home/runner/.m2/repository/org/apiguardian/apiguardian-api/1.1.2/apiguardian-api-1.1.2.jar:/home/runner/.m2/repository/org/junit/jupiter/junit-jupiter-params/5.8.2/junit-jupiter-params-5.8.2.jar:/home/runner/.m2/repository/org/junit/jupiter/junit-jupiter-migrationsupport/5.8.2/junit-jupiter-migrationsupport-5.8.2.jar:/home/runner/.m2/repository/org/junit/jupiter/junit-jupiter-engine/5.8.2/junit-jupiter-engine-5.8.2.jar:/home/runner/.m2/repository/org/junit/platform/junit-platform-engine/1.8.2/junit-platform-engine-1.8.2.jar:/home/runner/.m2/repository/org/junit/vintage/junit-vintage-engine/5.8.2/junit-vintage-engine-5.8.2.jar:/home/runner/.m2/repository/org/junit/platform/junit-platform-launcher/1.8.2/junit-platform-launcher-1.8.2.jar:/home/runner/.m2/repository/org/mockito/mockito-core/2.28.2/mockito-core-2.28.2.jar:/home/runner/.m2/repository/net/bytebuddy/byte-buddy/1.9.10/byte-buddy-1.9.10.jar:/home/runner/.m2/repository/net/bytebuddy/byte-buddy-agent/1.9.10/byte-buddy-agent-1.9.10.jar:/home/runner/.m2/repository/org/objenesis/objenesis/1.0/objenesis-1.0.jar:/home/runner/.m2/repository/org/apache/hadoop/hadoop-kms/3.3.1/hadoop-kms-3.3.1.jar:/home/runner/.m2/repository/org/apache/hadoop/hadoop-auth/3.3.1/hadoop-auth-3.3.1.jar:/home/runner/.m2/repository/com/nimbusds/nimbus-jose-jwt/7.9/nimbus-jose-jwt-7.9.jar:/home/runner/.m2/repository/com/github/stephenc/jcip/jcip-annotations/1.0-1/jcip-annotations-1.0-1.jar:/home/runner/.m2/repository/net/minidev/json-smart/2.4.7/json-smart-2.4.7.jar:/home/runner/.m2/repository/net/minidev/accessors-smart/2.4.7/accessors-smart-2.4.7.jar:/home/runner/.m2/repository/org/ow2/asm/asm/5.0.4/asm-5.0.4.jar:/home/runner/.m2/repository/org/apache/zookeeper/zookeeper/3.5.6/zookeeper-3.5.6.jar:/home/runner/.m2/repository/org/apache/zookeeper/zookeeper-jute/3.5.6/zookeeper-jute-3.5.6.jar:/home/runner/.m2/repository/org/apache/yetus/audience-annotations/0.5.0/audience-annotations-0.5.0.jar:/home/runner/.m2/repository/org/apache/curator/curator-framework/4.2.0/curator-framework-4.2.0.jar:/home/runner/.m2/repository/org/apache/hadoop/thirdparty/hadoop-shaded-guava/1.1.1/hadoop-shaded-guava-1.1.1.jar:/home/runner/.m2/repository/com/sun/jersey/jersey-core/1.19/jersey-core-1.19.jar:/home/runner/.m2/repository/javax/ws/rs/jsr311-api/1.1.1/jsr311-api-1.1.1.jar:/home/runner/.m2/repository/com/sun/jersey/jersey-server/1.19/jersey-server-1.19.jar:/home/runner/.m2/repository/javax/servlet/javax.servlet-api/3.1.0/javax.servlet-api-3.1.0.jar:/home/runner/.m2/repository/org/eclipse/jetty/jetty-server/9.4.43.v20210629/jetty-server-9.4.43.v20210629.jar:/home/runner/.m2/repository/org/eclipse/jetty/jetty-http/9.4.43.v20210629/jetty-http-9.4.43.v20210629.jar:/home/runner/.m2/repository/org/eclipse/jetty/jetty-io/9.4.43.v20210629/jetty-io-9.4.43.v20210629.jar:/home/runner/.m2/repository/org/eclipse/jetty/jetty-webapp/9.4.43.v20210629/jetty-webapp-9.4.43.v20210629.jar:/home/runner/.m2/repository/org/eclipse/jetty/jetty-xml/9.4.43.v20210629/jetty-xml-9.4.43.v20210629.jar:/home/runner/.m2/repository/org/apache/hadoop/hadoop-common/3.3.1/hadoop-common-3.3.1.jar:/home/runner/.m2/repository/org/apache/commons/commons-math3/3.1.1/commons-math3-3.1.1.jar:/home/runner/.m2/repository/commons-net/commons-net/3.6/commons-net-3.6.jar:/home/runner/.m2/repository/com/sun/jersey/jersey-servlet/1.19/jersey-servlet-1.19.jar:/home/runner/.m2/repository/com/sun/jersey/jersey-json/1.19/jersey-json-1.19.jar:/home/runner/.m2/repository/org/codehaus/jettison/jettison/1.1/jettison-1.1.jar:/home/runner/.m2/repository/com/sun/xml/bind/jaxb-impl/2.2.3-1/jaxb-impl-2.2.3-1.jar:/home/runner/.m2/repository/org/codehaus/jackson/jackson-xc/1.9.2/jackson-xc-1.9.2.jar:/home/runner/.m2/repository/org/apache/commons/commons-configuration2/2.1.1/commons-configuration2-2.1.1.jar:/home/runner/.m2/repository/org/apache/commons/commons-text/1.4/commons-text-1.4.jar:/home/runner/.m2/repository/com/google/re2j/re2j/1.1/re2j-1.1.jar:/home/runner/.m2/repository/com/jcraft/jsch/0.1.54/jsch-0.1.54.jar:/home/runner/.m2/repository/org/apache/curator/curator-client/4.2.0/curator-client-4.2.0.jar:/home/runner/.m2/repository/org/apache/curator/curator-recipes/4.2.0/curator-recipes-4.2.0.jar:/home/runner/.m2/repository/org/apache/kerby/kerb-core/1.0.1/kerb-core-1.0.1.jar:/home/runner/.m2/repository/org/apache/kerby/kerby-pkix/1.0.1/kerby-pkix-1.0.1.jar:/home/runner/.m2/repository/org/apache/kerby/kerby-asn1/1.0.1/kerby-asn1-1.0.1.jar:/home/runner/.m2/repository/org/apache/kerby/kerby-util/1.0.1/kerby-util-1.0.1.jar:/home/runner/.m2/repository/dnsjava/dnsjava/2.1.7/dnsjava-2.1.7.jar:/home/runner/.m2/repository/org/xerial/snappy/snappy-java/1.1.8.2/snappy-java-1.1.8.2.jar:/home/runner/.m2/repository/org/slf4j/jul-to-slf4j/1.7.30/jul-to-slf4j-1.7.30.jar:/home/runner/.m2/repository/org/eclipse/jetty/jetty-util/9.4.43.v20210629/jetty-util-9.4.43.v20210629.jar:/home/runner/.m2/repository/com/fasterxml/jackson/core/jackson-databind/2.13.2.2/jackson-databind-2.13.2.2.jar:/home/runner/.m2/repository/org/apache/hadoop/hadoop-kms/3.3.1/hadoop-kms-3.3.1-tests.jar:/home/runner/.m2/repository/org/apache/ozone/hdds-server-scm/1.3.0-SNAPSHOT/hdds-server-scm-1.3.0-SNAPSHOT-tests.jar:/home/runner/.m2/repository/org/apache/ozone/hdds-container-service/1.3.0-SNAPSHOT/hdds-container-service-1.3.0-SNAPSHOT-tests.jar:/home/runner/.m2/repository/commons-codec/commons-codec/1.11/commons-codec-1.11.jar:/home/runner/.m2/repository/io/netty/netty-codec/4.1.74.Final/netty-codec-4.1.74.Final.jar:/home/runner/.m2/repository/io/netty/netty-handler/4.1.74.Final/netty-handler-4.1.74.Final.jar:/home/runner/.m2/repository/org/apache/ozone/hdds-hadoop-dependency-test/1.3.0-SNAPSHOT/hdds-hadoop-dependency-test-1.3.0-SNAPSHOT.jar:/home/runner/.m2/repository/org/apache/hadoop/hadoop-common/3.3.1/hadoop-common-3.3.1-tests.jar:/home/runner/.m2/repository/org/assertj/assertj-core/3.12.2/assertj-core-3.12.2.jar:/home/runner/.m2/repository/org/apache/hadoop/hadoop-hdfs/3.3.1/hadoop-hdfs-3.3.1-tests.jar:/home/runner/.m2/repository/org/eclipse/jetty/jetty-util-ajax/9.4.43.v20210629/jetty-util-ajax-9.4.43.v20210629.jar:/home/runner/.m2/repository/commons-daemon/commons-daemon/1.0.13/commons-daemon-1.0.13.jar:/home/runner/.m2/repository/io/netty/netty/3.10.6.Final/netty-3.10.6.Final.jar:/home/runner/.m2/repository/io/netty/netty-all/4.1.74.Final/netty-all-4.1.74.Final.jar:/home/runner/.m2/repository/io/netty/netty-codec-dns/4.1.74.Final/netty-codec-dns-4.1.74.Final.jar:/home/runner/.m2/repository/io/netty/netty-codec-haproxy/4.1.74.Final/netty-codec-haproxy-4.1.74.Final.jar:/home/runner/.m2/repository/io/netty/netty-codec-memcache/4.1.74.Final/netty-codec-memcache-4.1.74.Final.jar:/home/runner/.m2/repository/io/netty/netty-codec-mqtt/4.1.74.Final/netty-codec-mqtt-4.1.74.Final.jar:/home/runner/.m2/repository/io/netty/netty-codec-redis/4.1.74.Final/netty-codec-redis-4.1.74.Final.jar:/home/runner/.m2/repository/io/netty/netty-codec-smtp/4.1.74.Final/netty-codec-smtp-4.1.74.Final.jar:/home/runner/.m2/repository/io/netty/netty-codec-stomp/4.1.74.Final/netty-codec-stomp-4.1.74.Final.jar:/home/runner/.m2/repository/io/netty/netty-codec-xml/4.1.74.Final/netty-codec-xml-4.1.74.Final.jar:/home/runner/.m2/repository/io/netty/netty-resolver-dns/4.1.74.Final/netty-resolver-dns-4.1.74.Final.jar:/home/runner/.m2/repository/io/netty/netty-transport-rxtx/4.1.74.Final/netty-transport-rxtx-4.1.74.Final.jar:/home/runner/.m2/repository/io/netty/netty-transport-sctp/4.1.74.Final/netty-transport-sctp-4.1.74.Final.jar:/home/runner/.m2/repository/io/netty/netty-transport-udt/4.1.74.Final/netty-transport-udt-4.1.74.Final.jar:/home/runner/.m2/repository/io/netty/netty-transport-classes-kqueue/4.1.74.Final/netty-transport-classes-kqueue-4.1.74.Final.jar:/home/runner/.m2/repository/io/netty/netty-resolver-dns-classes-macos/4.1.74.Final/netty-resolver-dns-classes-macos-4.1.74.Final.jar:/home/runner/.m2/repository/io/netty/netty-transport-native-epoll/4.1.74.Final/netty-transport-native-epoll-4.1.74.Final-linux-aarch_64.jar:/home/runner/.m2/repository/io/netty/netty-transport-native-kqueue/4.1.74.Final/netty-transport-native-kqueue-4.1.74.Final-osx-x86_64.jar:/home/runner/.m2/repository/io/netty/netty-transport-native-kqueue/4.1.74.Final/netty-transport-native-kqueue-4.1.74.Final-osx-aarch_64.jar:/home/runner/.m2/repository/io/netty/netty-resolver-dns-native-macos/4.1.74.Final/netty-resolver-dns-native-macos-4.1.74.Final-osx-x86_64.jar:/home/runner/.m2/repository/io/netty/netty-resolver-dns-native-macos/4.1.74.Final/netty-resolver-dns-native-macos-4.1.74.Final-osx-aarch_64.jar:/home/runner/.m2/repository/org/apache/htrace/htrace-core4/4.1.0-incubating/htrace-core4-4.1.0-incubating.jar:/home/runner/.m2/repository/org/fusesource/leveldbjni/leveldbjni-all/1.8/leveldbjni-all-1.8.jar:/home/runner/.m2/repository/org/apache/hadoop/hadoop-distcp/3.3.1/hadoop-distcp-3.3.1.jar:/home/runner/.m2/repository/org/apache/hadoop/hadoop-mapreduce-client-jobclient/3.3.1/hadoop-mapreduce-client-jobclient-3.3.1.jar:/home/runner/.m2/repository/org/apache/hadoop/hadoop-mapreduce-client-common/3.3.1/hadoop-mapreduce-client-common-3.3.1.jar:/home/runner/.m2/repository/org/apache/hadoop/hadoop-yarn-common/3.3.1/hadoop-yarn-common-3.3.1.jar:/home/runner/.m2/repository/org/apache/hadoop/hadoop-yarn-api/3.3.1/hadoop-yarn-api-3.3.1.jar:/home/runner/.m2/repository/com/sun/jersey/contribs/jersey-guice/1.19/jersey-guice-1.19.jar:/home/runner/.m2/repository/com/fasterxml/jackson/jaxrs/jackson-jaxrs-json-provider/2.13.2/jackson-jaxrs-json-provider-2.13.2.jar:/home/runner/.m2/repository/com/fasterxml/jackson/jaxrs/jackson-jaxrs-base/2.13.2/jackson-jaxrs-base-2.13.2.jar:/home/runner/.m2/repository/org/apache/hadoop/hadoop-yarn-client/3.3.1/hadoop-yarn-client-3.3.1.jar:/home/runner/.m2/repository/org/eclipse/jetty/websocket/websocket-client/9.4.40.v20210413/websocket-client-9.4.40.v20210413.jar:/home/runner/.m2/repository/org/eclipse/jetty/websocket/websocket-common/9.4.40.v20210413/websocket-common-9.4.40.v20210413.jar:/home/runner/.m2/repository/org/eclipse/jetty/websocket/websocket-api/9.4.40.v20210413/websocket-api-9.4.40.v20210413.jar:/home/runner/.m2/repository/org/jline/jline/3.9.0/jline-3.9.0.jar:/home/runner/.m2/repository/org/apache/hadoop/hadoop-mapreduce-client-core/3.3.1/hadoop-mapreduce-client-core-3.3.1.jar:/home/runner/.m2/repository/org/apache/avro/avro/1.7.7/avro-1.7.7.jar:/home/runner/.m2/repository/org/codehaus/jackson/jackson-core-asl/1.9.13/jackson-core-asl-1.9.13.jar:/home/runner/.m2/repository/org/codehaus/jackson/jackson-mapper-asl/1.9.13/jackson-mapper-asl-1.9.13.jar:/home/runner/.m2/repository/com/thoughtworks/paranamer/paranamer/2.3/paranamer-2.3.jar:/home/runner/.m2/repository/org/apache/hadoop/hadoop-annotations/3.3.1/hadoop-annotations-3.3.1.jar:/usr/lib/jvm/temurin-8-jdk-amd64/jre/../lib/tools.jar:/home/runner/.m2/repository/org/apache/hadoop/hadoop-distcp/3.3.1/hadoop-distcp-3.3.1-tests.jar:/home/runner/.m2/repository/org/apache/ratis/ratis-common/2.3.0/ratis-common-2.3.0.jar:/home/runner/.m2/repository/org/apache/ratis/ratis-thirdparty-misc/1.0.0/ratis-thirdparty-misc-1.0.0.jar:/home/runner/.m2/repository/org/apache/ratis/ratis-proto/2.3.0/ratis-proto-2.3.0.jar:/home/runner/.m2/repository/org/apache/ozone/ozone-annotation-processing/1.3.0-SNAPSHOT/ozone-annotation-processing-1.3.0-SNAPSHOT.jar:"/>
    <property name="java.vm.vendor" value="Temurin"/>
    <property name="sun.arch.data.model" value="64"/>
    <property name="test.build.dir" value="/home/runner/work/ozone/ozone/hadoop-ozone/integration-test/target/test-dir"/>
    <property name="test.cache.data" value=""/>
    <property name="java.vendor.url" value="https://adoptium.net/"/>
    <property name="user.timezone" value="Etc/UTC"/>
    <property name="java.vm.specification.version" value="1.8"/>
    <property name="os.name" value="Linux"/>
    <property name="test.build.data" value="/home/runner/work/ozone/ozone/hadoop-ozone/integration-test/target/test-dir"/>
    <property name="sun.java.launcher" value="SUN_STANDARD"/>
    <property name="sun.boot.library.path" value="/usr/lib/jvm/temurin-8-jdk-amd64/jre/lib/amd64"/>
    <property name="sun.java.command" value="/home/runner/work/ozone/ozone/hadoop-ozone/integration-test/target/surefire/surefirebooter5062407446391711219.jar /home/runner/work/ozone/ozone/hadoop-ozone/integration-test/target/surefire 2022-06-08T19-10-54_741-jvmRun1 surefire9065556710805638074tmp surefire_147163789177060976534tmp"/>
    <property name="surefire.test.class.path" value="/home/runner/work/ozone/ozone/hadoop-ozone/integration-test/target/test-classes:/home/runner/work/ozone/ozone/hadoop-ozone/integration-test/target/classes:/home/runner/.m2/repository/org/apache/ozone/ozone-common/1.3.0-SNAPSHOT/ozone-common-1.3.0-SNAPSHOT.jar:/home/runner/.m2/repository/io/grpc/grpc-netty/1.44.0/grpc-netty-1.44.0.jar:/home/runner/.m2/repository/io/grpc/grpc-core/1.44.0/grpc-core-1.44.0.jar:/home/runner/.m2/repository/com/google/android/annotations/4.1.1.4/annotations-4.1.1.4.jar:/home/runner/.m2/repository/org/codehaus/mojo/animal-sniffer-annotations/1.19/animal-sniffer-annotations-1.19.jar:/home/runner/.m2/repository/com/google/errorprone/error_prone_annotations/2.2.0/error_prone_annotations-2.2.0.jar:/home/runner/.m2/repository/io/perfmark/perfmark-api/0.23.0/perfmark-api-0.23.0.jar:/home/runner/.m2/repository/io/netty/netty-codec-http2/4.1.74.Final/netty-codec-http2-4.1.74.Final.jar:/home/runner/.m2/repository/io/netty/netty-common/4.1.74.Final/netty-common-4.1.74.Final.jar:/home/runner/.m2/repository/io/netty/netty-buffer/4.1.74.Final/netty-buffer-4.1.74.Final.jar:/home/runner/.m2/repository/io/netty/netty-codec-http/4.1.74.Final/netty-codec-http-4.1.74.Final.jar:/home/runner/.m2/repository/io/netty/netty-handler-proxy/4.1.74.Final/netty-handler-proxy-4.1.74.Final.jar:/home/runner/.m2/repository/io/netty/netty-codec-socks/4.1.74.Final/netty-codec-socks-4.1.74.Final.jar:/home/runner/.m2/repository/io/netty/netty-tcnative-boringssl-static/2.0.48.Final/netty-tcnative-boringssl-static-2.0.48.Final.jar:/home/runner/.m2/repository/io/netty/netty-tcnative-classes/2.0.48.Final/netty-tcnative-classes-2.0.48.Final.jar:/home/runner/.m2/repository/io/netty/netty-tcnative/2.0.48.Final/netty-tcnative-2.0.48.Final.jar:/home/runner/.m2/repository/org/apache/commons/commons-compress/1.21/commons-compress-1.21.jar:/home/runner/.m2/repository/org/apache/ozone/hdds-common/1.3.0-SNAPSHOT/hdds-common-1.3.0-SNAPSHOT.jar:/home/runner/.m2/repository/org/apache/ozone/hdds-client/1.3.0-SNAPSHOT/hdds-client-1.3.0-SNAPSHOT.jar:/home/runner/.m2/repository/org/apache/ozone/ozone-interface-client/1.3.0-SNAPSHOT/ozone-interface-client-1.3.0-SNAPSHOT.jar:/home/runner/.m2/repository/org/apache/ozone/hdds-test-utils/1.3.0-SNAPSHOT/hdds-test-utils-1.3.0-SNAPSHOT.jar:/home/runner/.m2/repository/com/google/guava/guava/31.1-jre/guava-31.1-jre.jar:/home/runner/.m2/repository/com/google/guava/failureaccess/1.0.1/failureaccess-1.0.1.jar:/home/runner/.m2/repository/com/google/guava/listenablefuture/9999.0-empty-to-avoid-conflict-with-guava/listenablefuture-9999.0-empty-to-avoid-conflict-with-guava.jar:/home/runner/.m2/repository/com/google/code/findbugs/jsr305/3.0.0/jsr305-3.0.0.jar:/home/runner/.m2/repository/org/checkerframework/checker-qual/3.12.0/checker-qual-3.12.0.jar:/home/runner/.m2/repository/com/google/j2objc/j2objc-annotations/1.3/j2objc-annotations-1.3.jar:/home/runner/.m2/repository/commons-io/commons-io/2.11.0/commons-io-2.11.0.jar:/home/runner/.m2/repository/commons-logging/commons-logging/1.2/commons-logging-1.2.jar:/home/runner/.m2/repository/log4j/log4j/1.2.17/log4j-1.2.17.jar:/home/runner/.m2/repository/org/slf4j/slf4j-api/1.7.30/slf4j-api-1.7.30.jar:/home/runner/.m2/repository/org/apache/ozone/hdds-server-scm/1.3.0-SNAPSHOT/hdds-server-scm-1.3.0-SNAPSHOT.jar:/home/runner/.m2/repository/org/apache/ozone/hdds-container-service/1.3.0-SNAPSHOT/hdds-container-service-1.3.0-SNAPSHOT.jar:/home/runner/.m2/repository/org/apache/ozone/hdds-hadoop-dependency-server/1.3.0-SNAPSHOT/hdds-hadoop-dependency-server-1.3.0-SNAPSHOT.jar:/home/runner/.m2/repository/org/apache/hadoop/hadoop-hdfs/3.3.1/hadoop-hdfs-3.3.1.jar:/home/runner/.m2/repository/org/apache/ozone/hdds-server-framework/1.3.0-SNAPSHOT/hdds-server-framework-1.3.0-SNAPSHOT.jar:/home/runner/.m2/repository/org/apache/ozone/hdds-interface-server/1.3.0-SNAPSHOT/hdds-interface-server-1.3.0-SNAPSHOT.jar:/home/runner/.m2/repository/org/apache/logging/log4j/log4j-core/2.17.1/log4j-core-2.17.1.jar:/home/runner/.m2/repository/com/lmax/disruptor/3.4.2/disruptor-3.4.2.jar:/home/runner/.m2/repository/org/eclipse/jetty/jetty-servlet/9.4.43.v20210629/jetty-servlet-9.4.43.v20210629.jar:/home/runner/.m2/repository/org/eclipse/jetty/jetty-security/9.4.43.v20210629/jetty-security-9.4.43.v20210629.jar:/home/runner/.m2/repository/org/rocksdb/rocksdbjni/6.29.5/rocksdbjni-6.29.5.jar:/home/runner/.m2/repository/io/prometheus/simpleclient_dropwizard/0.7.0/simpleclient_dropwizard-0.7.0.jar:/home/runner/.m2/repository/io/prometheus/simpleclient/0.7.0/simpleclient-0.7.0.jar:/home/runner/.m2/repository/io/prometheus/simpleclient_common/0.7.0/simpleclient_common-0.7.0.jar:/home/runner/.m2/repository/io/dropwizard/metrics/metrics-core/3.2.4/metrics-core-3.2.4.jar:/home/runner/.m2/repository/org/apache/hadoop/hadoop-hdfs-client/3.3.1/hadoop-hdfs-client-3.3.1.jar:/home/runner/.m2/repository/org/bouncycastle/bcprov-jdk15on/1.67/bcprov-jdk15on-1.67.jar:/home/runner/.m2/repository/com/google/protobuf/protobuf-java/2.5.0/protobuf-java-2.5.0.jar:/home/runner/.m2/repository/org/apache/ozone/ozone-manager/1.3.0-SNAPSHOT/ozone-manager-1.3.0-SNAPSHOT.jar:/home/runner/.m2/repository/org/aspectj/aspectjrt/1.9.7/aspectjrt-1.9.7.jar:/home/runner/.m2/repository/org/aspectj/aspectjweaver/1.9.7/aspectjweaver-1.9.7.jar:/home/runner/.m2/repository/org/apache/ozone/hdds-interface-client/1.3.0-SNAPSHOT/hdds-interface-client-1.3.0-SNAPSHOT.jar:/home/runner/.m2/repository/org/apache/hadoop/thirdparty/hadoop-shaded-protobuf_3_7/1.1.1/hadoop-shaded-protobuf_3_7-1.1.1.jar:/home/runner/.m2/repository/org/apache/ozone/ozone-interface-storage/1.3.0-SNAPSHOT/ozone-interface-storage-1.3.0-SNAPSHOT.jar:/home/runner/.m2/repository/org/reflections/reflections/0.9.11/reflections-0.9.11.jar:/home/runner/.m2/repository/com/sun/jersey/jersey-client/1.19/jersey-client-1.19.jar:/home/runner/.m2/repository/org/apache/ranger/ranger-intg/3.0.0-SNAPSHOT/ranger-intg-3.0.0-SNAPSHOT.jar:/home/runner/.m2/repository/org/apache/ranger/ranger-plugins-common/3.0.0-SNAPSHOT/ranger-plugins-common-3.0.0-SNAPSHOT.jar:/home/runner/.m2/repository/commons-lang/commons-lang/2.6/commons-lang-2.6.jar:/home/runner/.m2/repository/org/codehaus/jackson/jackson-jaxrs/1.9.13/jackson-jaxrs-1.9.13.jar:/home/runner/.m2/repository/org/apache/ranger/ranger-plugins-cred/3.0.0-SNAPSHOT/ranger-plugins-cred-3.0.0-SNAPSHOT.jar:/home/runner/.m2/repository/org/apache/ranger/ranger-plugins-audit/3.0.0-SNAPSHOT/ranger-plugins-audit-3.0.0-SNAPSHOT.jar:/home/runner/.m2/repository/org/apache/kafka/kafka-clients/2.8.1/kafka-clients-2.8.1.jar:/home/runner/.m2/repository/com/github/luben/zstd-jni/1.4.9-1/zstd-jni-1.4.9-1.jar:/home/runner/.m2/repository/org/apache/solr/solr-solrj/8.6.3/solr-solrj-8.6.3.jar:/home/runner/.m2/repository/org/eclipse/jetty/jetty-client/9.4.44.v20210927/jetty-client-9.4.44.v20210927.jar:/home/runner/.m2/repository/org/apache/httpcomponents/httpmime/4.5.13/httpmime-4.5.13.jar:/home/runner/.m2/repository/org/apache/httpcomponents/httpcore-nio/4.4.14/httpcore-nio-4.4.14.jar:/home/runner/.m2/repository/org/apache/httpcomponents/httpasyncclient/4.1.4/httpasyncclient-4.1.4.jar:/home/runner/.m2/repository/com/carrotsearch/hppc/0.8.0/hppc-0.8.0.jar:/home/runner/.m2/repository/org/apache/hive/hive-storage-api/2.7.2/hive-storage-api-2.7.2.jar:/home/runner/.m2/repository/org/apache/orc/orc-core/1.5.8/orc-core-1.5.8.jar:/home/runner/.m2/repository/com/amazonaws/aws-java-sdk-bundle/1.12.125/aws-java-sdk-bundle-1.12.125.jar:/home/runner/.m2/repository/net/java/dev/jna/jna/5.2.0/jna-5.2.0.jar:/home/runner/.m2/repository/net/java/dev/jna/jna-platform/5.2.0/jna-platform-5.2.0.jar:/home/runner/.m2/repository/com/kstruct/gethostname4j/0.0.2/gethostname4j-0.0.2.jar:/home/runner/.m2/repository/org/apache/ranger/ranger-plugin-classloader/3.0.0-SNAPSHOT/ranger-plugin-classloader-3.0.0-SNAPSHOT.jar:/home/runner/.m2/repository/org/apache/hadoop/hadoop-minikdc/3.3.1/hadoop-minikdc-3.3.1.jar:/home/runner/.m2/repository/org/apache/kerby/kerb-simplekdc/1.0.1/kerb-simplekdc-1.0.1.jar:/home/runner/.m2/repository/org/apache/kerby/kerb-client/1.0.1/kerb-client-1.0.1.jar:/home/runner/.m2/repository/org/apache/kerby/kerby-config/1.0.1/kerby-config-1.0.1.jar:/home/runner/.m2/repository/org/apache/kerby/kerb-common/1.0.1/kerb-common-1.0.1.jar:/home/runner/.m2/repository/org/apache/kerby/kerb-crypto/1.0.1/kerb-crypto-1.0.1.jar:/home/runner/.m2/repository/org/apache/kerby/kerb-util/1.0.1/kerb-util-1.0.1.jar:/home/runner/.m2/repository/org/apache/kerby/token-provider/1.0.1/token-provider-1.0.1.jar:/home/runner/.m2/repository/org/apache/kerby/kerb-admin/1.0.1/kerb-admin-1.0.1.jar:/home/runner/.m2/repository/org/apache/kerby/kerb-server/1.0.1/kerb-server-1.0.1.jar:/home/runner/.m2/repository/org/apache/kerby/kerb-identity/1.0.1/kerb-identity-1.0.1.jar:/home/runner/.m2/repository/org/apache/kerby/kerby-xdr/1.0.1/kerby-xdr-1.0.1.jar:/home/runner/.m2/repository/org/slf4j/slf4j-log4j12/1.7.30/slf4j-log4j12-1.7.30.jar:/home/runner/.m2/repository/org/apache/ozone/ozone-s3gateway/1.3.0-SNAPSHOT/ozone-s3gateway-1.3.0-SNAPSHOT.jar:/home/runner/.m2/repository/org/javassist/javassist/3.21.0-GA/javassist-3.21.0-GA.jar:/home/runner/.m2/repository/org/jboss/weld/servlet/weld-servlet/2.4.7.Final/weld-servlet-2.4.7.Final.jar:/home/runner/.m2/repository/org/glassfish/jersey/containers/jersey-container-servlet-core/2.33/jersey-container-servlet-core-2.33.jar:/home/runner/.m2/repository/org/glassfish/hk2/external/jakarta.inject/2.6.1/jakarta.inject-2.6.1.jar:/home/runner/.m2/repository/org/glassfish/jersey/core/jersey-common/2.33/jersey-common-2.33.jar:/home/runner/.m2/repository/jakarta/ws/rs/jakarta.ws.rs-api/2.1.6/jakarta.ws.rs-api-2.1.6.jar:/home/runner/.m2/repository/org/glassfish/jersey/ext/cdi/jersey-cdi1x/2.33/jersey-cdi1x-2.33.jar:/home/runner/.m2/repository/org/glassfish/jersey/inject/jersey-hk2/2.33/jersey-hk2-2.33.jar:/home/runner/.m2/repository/org/glassfish/hk2/hk2-locator/2.6.1/hk2-locator-2.6.1.jar:/home/runner/.m2/repository/org/glassfish/jersey/media/jersey-media-jaxb/2.33/jersey-media-jaxb-2.33.jar:/home/runner/.m2/repository/org/glassfish/hk2/osgi-resource-locator/1.0.3/osgi-resource-locator-1.0.3.jar:/home/runner/.m2/repository/org/glassfish/hk2/hk2-api/2.5.0/hk2-api-2.5.0.jar:/home/runner/.m2/repository/org/glassfish/hk2/hk2-utils/2.5.0/hk2-utils-2.5.0.jar:/home/runner/.m2/repository/org/glassfish/hk2/external/aopalliance-repackaged/2.5.0/aopalliance-repackaged-2.5.0.jar:/home/runner/.m2/repository/com/fasterxml/jackson/dataformat/jackson-dataformat-xml/2.13.2/jackson-dataformat-xml-2.13.2.jar:/home/runner/.m2/repository/com/fasterxml/jackson/core/jackson-core/2.13.2/jackson-core-2.13.2.jar:/home/runner/.m2/repository/org/codehaus/woodstox/stax2-api/3.1.4/stax2-api-3.1.4.jar:/home/runner/.m2/repository/com/fasterxml/woodstox/woodstox-core/5.0.3/woodstox-core-5.0.3.jar:/home/runner/.m2/repository/com/fasterxml/jackson/module/jackson-module-jaxb-annotations/2.13.2/jackson-module-jaxb-annotations-2.13.2.jar:/home/runner/.m2/repository/jakarta/xml/bind/jakarta.xml.bind-api/2.3.3/jakarta.xml.bind-api-2.3.3.jar:/home/runner/.m2/repository/jakarta/activation/jakarta.activation-api/1.2.1/jakarta.activation-api-1.2.1.jar:/home/runner/.m2/repository/javax/enterprise/cdi-api/1.2/cdi-api-1.2.jar:/home/runner/.m2/repository/javax/el/javax.el-api/3.0.0/javax.el-api-3.0.0.jar:/home/runner/.m2/repository/javax/interceptor/javax.interceptor-api/1.2/javax.interceptor-api-1.2.jar:/home/runner/.m2/repository/javax/inject/javax.inject/1/javax.inject-1.jar:/home/runner/.m2/repository/javax/xml/bind/jaxb-api/2.3.0/jaxb-api-2.3.0.jar:/home/runner/.m2/repository/org/glassfish/jaxb/jaxb-runtime/2.3.0.1/jaxb-runtime-2.3.0.1.jar:/home/runner/.m2/repository/org/glassfish/jaxb/jaxb-core/2.3.0.1/jaxb-core-2.3.0.1.jar:/home/runner/.m2/repository/org/glassfish/jaxb/txw2/2.3.0.1/txw2-2.3.0.1.jar:/home/runner/.m2/repository/com/sun/istack/istack-commons-runtime/3.0.5/istack-commons-runtime-3.0.5.jar:/home/runner/.m2/repository/org/jvnet/staxex/stax-ex/1.7.8/stax-ex-1.7.8.jar:/home/runner/.m2/repository/com/sun/xml/fastinfoset/FastInfoset/1.2.13/FastInfoset-1.2.13.jar:/home/runner/.m2/repository/javax/activation/activation/1.1.1/activation-1.1.1.jar:/home/runner/.m2/repository/io/grpc/grpc-protobuf/1.44.0/grpc-protobuf-1.44.0.jar:/home/runner/.m2/repository/io/grpc/grpc-api/1.44.0/grpc-api-1.44.0.jar:/home/runner/.m2/repository/io/grpc/grpc-context/1.44.0/grpc-context-1.44.0.jar:/home/runner/.m2/repository/com/google/api/grpc/proto-google-common-protos/2.0.1/proto-google-common-protos-2.0.1.jar:/home/runner/.m2/repository/io/grpc/grpc-protobuf-lite/1.44.0/grpc-protobuf-lite-1.44.0.jar:/home/runner/.m2/repository/io/grpc/grpc-stub/1.44.0/grpc-stub-1.44.0.jar:/home/runner/.m2/repository/io/netty/netty-transport/4.1.74.Final/netty-transport-4.1.74.Final.jar:/home/runner/.m2/repository/io/netty/netty-resolver/4.1.74.Final/netty-resolver-4.1.74.Final.jar:/home/runner/.m2/repository/org/apache/ozone/ozone-csi/1.3.0-SNAPSHOT/ozone-csi-1.3.0-SNAPSHOT.jar:/home/runner/.m2/repository/com/google/protobuf/protobuf-java-util/3.19.2/protobuf-java-util-3.19.2.jar:/home/runner/.m2/repository/com/google/code/gson/gson/2.8.9/gson-2.8.9.jar:/home/runner/.m2/repository/org/apache/ozone/hdds-config/1.3.0-SNAPSHOT/hdds-config-1.3.0-SNAPSHOT.jar:/home/runner/.m2/repository/io/netty/netty-transport-native-epoll/4.1.74.Final/netty-transport-native-epoll-4.1.74.Final-linux-x86_64.jar:/home/runner/.m2/repository/io/netty/netty-transport-classes-epoll/4.1.74.Final/netty-transport-classes-epoll-4.1.74.Final.jar:/home/runner/.m2/repository/io/netty/netty-transport-native-unix-common/4.1.74.Final/netty-transport-native-unix-common-4.1.74.Final.jar:/home/runner/.m2/repository/org/apache/ozone/ozone-recon/1.3.0-SNAPSHOT/ozone-recon-1.3.0-SNAPSHOT.jar:/home/runner/.m2/repository/org/apache/ozone/ozone-reconcodegen/1.3.0-SNAPSHOT/ozone-reconcodegen-1.3.0-SNAPSHOT.jar:/home/runner/.m2/repository/com/google/inject/extensions/guice-multibindings/4.0/guice-multibindings-4.0.jar:/home/runner/.m2/repository/com/google/inject/guice/4.0/guice-4.0.jar:/home/runner/.m2/repository/aopalliance/aopalliance/1.0/aopalliance-1.0.jar:/home/runner/.m2/repository/com/google/inject/extensions/guice-assistedinject/4.0/guice-assistedinject-4.0.jar:/home/runner/.m2/repository/com/google/inject/extensions/guice-servlet/4.0/guice-servlet-4.0.jar:/home/runner/.m2/repository/org/glassfish/jersey/containers/jersey-container-servlet/2.33/jersey-container-servlet-2.33.jar:/home/runner/.m2/repository/org/glassfish/hk2/guice-bridge/2.5.0/guice-bridge-2.5.0.jar:/home/runner/.m2/repository/org/glassfish/jersey/core/jersey-server/2.33/jersey-server-2.33.jar:/home/runner/.m2/repository/org/glassfish/jersey/core/jersey-client/2.33/jersey-client-2.33.jar:/home/runner/.m2/repository/jakarta/annotation/jakarta.annotation-api/1.3.5/jakarta.annotation-api-1.3.5.jar:/home/runner/.m2/repository/jakarta/validation/jakarta.validation-api/2.0.2/jakarta.validation-api-2.0.2.jar:/home/runner/.m2/repository/org/glassfish/jersey/media/jersey-media-json-jackson/2.33/jersey-media-json-jackson-2.33.jar:/home/runner/.m2/repository/org/glassfish/jersey/ext/jersey-entity-filtering/2.33/jersey-entity-filtering-2.33.jar:/home/runner/.m2/repository/org/jooq/jooq/3.11.10/jooq-3.11.10.jar:/home/runner/.m2/repository/org/jooq/jooq-meta/3.11.10/jooq-meta-3.11.10.jar:/home/runner/.m2/repository/org/jooq/jooq-codegen/3.11.10/jooq-codegen-3.11.10.jar:/home/runner/.m2/repository/com/jolbox/bonecp/0.8.0.RELEASE/bonecp-0.8.0.RELEASE.jar:/home/runner/.m2/repository/org/apache/derby/derby/10.14.2.0/derby-10.14.2.0.jar:/home/runner/.m2/repository/org/xerial/sqlite-jdbc/3.25.2/sqlite-jdbc-3.25.2.jar:/home/runner/.m2/repository/org/springframework/spring-jdbc/5.2.20.RELEASE/spring-jdbc-5.2.20.RELEASE.jar:/home/runner/.m2/repository/org/springframework/spring-beans/5.2.20.RELEASE/spring-beans-5.2.20.RELEASE.jar:/home/runner/.m2/repository/org/springframework/spring-core/5.2.20.RELEASE/spring-core-5.2.20.RELEASE.jar:/home/runner/.m2/repository/org/springframework/spring-jcl/5.2.20.RELEASE/spring-jcl-5.2.20.RELEASE.jar:/home/runner/.m2/repository/org/springframework/spring-tx/5.2.20.RELEASE/spring-tx-5.2.20.RELEASE.jar:/home/runner/.m2/repository/org/apache/ozone/ozone-client/1.3.0-SNAPSHOT/ozone-client-1.3.0-SNAPSHOT.jar:/home/runner/.m2/repository/org/apache/ozone/hdds-erasurecode/1.3.0-SNAPSHOT/hdds-erasurecode-1.3.0-SNAPSHOT.jar:/home/runner/.m2/repository/com/github/spotbugs/spotbugs-annotations/3.1.12/spotbugs-annotations-3.1.12.jar:/home/runner/.m2/repository/org/apache/ozone/ozone-filesystem/1.3.0-SNAPSHOT/ozone-filesystem-1.3.0-SNAPSHOT.jar:/home/runner/.m2/repository/org/apache/ozone/ozone-filesystem-common/1.3.0-SNAPSHOT/ozone-filesystem-common-1.3.0-SNAPSHOT.jar:/home/runner/.m2/repository/org/apache/ozone/ozone-tools/1.3.0-SNAPSHOT/ozone-tools-1.3.0-SNAPSHOT.jar:/home/runner/.m2/repository/org/apache/ratis/ratis-tools/2.3.0/ratis-tools-2.3.0.jar:/home/runner/.m2/repository/com/amazonaws/aws-java-sdk-core/1.12.124/aws-java-sdk-core-1.12.124.jar:/home/runner/.m2/repository/org/apache/httpcomponents/httpclient/4.5.13/httpclient-4.5.13.jar:/home/runner/.m2/repository/org/apache/httpcomponents/httpcore/4.4.13/httpcore-4.4.13.jar:/home/runner/.m2/repository/software/amazon/ion/ion-java/1.0.2/ion-java-1.0.2.jar:/home/runner/.m2/repository/com/fasterxml/jackson/dataformat/jackson-dataformat-cbor/2.13.2/jackson-dataformat-cbor-2.13.2.jar:/home/runner/.m2/repository/joda-time/joda-time/2.8.1/joda-time-2.8.1.jar:/home/runner/.m2/repository/com/amazonaws/aws-java-sdk-s3/1.12.124/aws-java-sdk-s3-1.12.124.jar:/home/runner/.m2/repository/com/amazonaws/aws-java-sdk-kms/1.12.124/aws-java-sdk-kms-1.12.124.jar:/home/runner/.m2/repository/com/amazonaws/jmespath-java/1.12.124/jmespath-java-1.12.124.jar:/home/runner/.m2/repository/org/kohsuke/metainf-services/metainf-services/1.8/metainf-services-1.8.jar:/home/runner/.m2/repository/org/apache/ozone/hdds-tools/1.3.0-SNAPSHOT/hdds-tools-1.3.0-SNAPSHOT.jar:/home/runner/.m2/repository/commons-cli/commons-cli/1.2/commons-cli-1.2.jar:/home/runner/.m2/repository/org/apache/commons/commons-lang3/3.7/commons-lang3-3.7.jar:/home/runner/.m2/repository/org/apache/ozone/ozone-manager/1.3.0-SNAPSHOT/ozone-manager-1.3.0-SNAPSHOT-tests.jar:/home/runner/.m2/repository/org/apache/ozone/hdds-common/1.3.0-SNAPSHOT/hdds-common-1.3.0-SNAPSHOT-tests.jar:/home/runner/.m2/repository/org/apache/ozone/hdds-hadoop-dependency-client/1.3.0-SNAPSHOT/hdds-hadoop-dependency-client-1.3.0-SNAPSHOT.jar:/home/runner/.m2/repository/info/picocli/picocli/4.6.1/picocli-4.6.1.jar:/home/runner/.m2/repository/com/fasterxml/jackson/core/jackson-annotations/2.13.2/jackson-annotations-2.13.2.jar:/home/runner/.m2/repository/com/fasterxml/jackson/datatype/jackson-datatype-jsr310/2.13.2/jackson-datatype-jsr310-2.13.2.jar:/home/runner/.m2/repository/javax/annotation/javax.annotation-api/1.2/javax.annotation-api-1.2.jar:/home/runner/.m2/repository/org/apache/ratis/ratis-server/2.3.0/ratis-server-2.3.0.jar:/home/runner/.m2/repository/org/apache/ratis/ratis-client/2.3.0/ratis-client-2.3.0.jar:/home/runner/.m2/repository/org/apache/ratis/ratis-server-api/2.3.0/ratis-server-api-2.3.0.jar:/home/runner/.m2/repository/org/apache/ratis/ratis-metrics/2.3.0/ratis-metrics-2.3.0.jar:/home/runner/.m2/repository/org/apache/ratis/ratis-netty/2.3.0/ratis-netty-2.3.0.jar:/home/runner/.m2/repository/org/apache/ratis/ratis-grpc/2.3.0/ratis-grpc-2.3.0.jar:/home/runner/.m2/repository/org/apache/logging/log4j/log4j-api/2.17.1/log4j-api-2.17.1.jar:/home/runner/.m2/repository/org/apache/commons/commons-pool2/2.6.0/commons-pool2-2.6.0.jar:/home/runner/.m2/repository/org/bouncycastle/bcpkix-jdk15on/1.67/bcpkix-jdk15on-1.67.jar:/home/runner/.m2/repository/commons-validator/commons-validator/1.6/commons-validator-1.6.jar:/home/runner/.m2/repository/commons-beanutils/commons-beanutils/1.9.4/commons-beanutils-1.9.4.jar:/home/runner/.m2/repository/commons-digester/commons-digester/1.8.1/commons-digester-1.8.1.jar:/home/runner/.m2/repository/commons-collections/commons-collections/3.2.2/commons-collections-3.2.2.jar:/home/runner/.m2/repository/io/jaegertracing/jaeger-client/1.6.0/jaeger-client-1.6.0.jar:/home/runner/.m2/repository/io/jaegertracing/jaeger-thrift/1.6.0/jaeger-thrift-1.6.0.jar:/home/runner/.m2/repository/org/apache/thrift/libthrift/0.14.1/libthrift-0.14.1.jar:/home/runner/.m2/repository/com/squareup/okhttp3/okhttp/4.9.0/okhttp-4.9.0.jar:/home/runner/.m2/repository/com/squareup/okio/okio/2.8.0/okio-2.8.0.jar:/home/runner/.m2/repository/io/jaegertracing/jaeger-core/1.6.0/jaeger-core-1.6.0.jar:/home/runner/.m2/repository/io/jaegertracing/jaeger-tracerresolver/1.6.0/jaeger-tracerresolver-1.6.0.jar:/home/runner/.m2/repository/io/opentracing/contrib/opentracing-tracerresolver/0.1.8/opentracing-tracerresolver-0.1.8.jar:/home/runner/.m2/repository/org/jetbrains/kotlin/kotlin-stdlib/1.4.31/kotlin-stdlib-1.4.31.jar:/home/runner/.m2/repository/org/jetbrains/kotlin/kotlin-stdlib-common/1.4.31/kotlin-stdlib-common-1.4.31.jar:/home/runner/.m2/repository/org/jetbrains/annotations/13.0/annotations-13.0.jar:/home/runner/.m2/repository/io/opentracing/opentracing-util/0.33.0/opentracing-util-0.33.0.jar:/home/runner/.m2/repository/io/opentracing/opentracing-api/0.33.0/opentracing-api-0.33.0.jar:/home/runner/.m2/repository/io/opentracing/opentracing-noop/0.33.0/opentracing-noop-0.33.0.jar:/home/runner/.m2/repository/org/yaml/snakeyaml/1.26/snakeyaml-1.26.jar:/home/runner/.m2/repository/org/apache/ozone/hdds-interface-admin/1.3.0-SNAPSHOT/hdds-interface-admin-1.3.0-SNAPSHOT.jar:/home/runner/.m2/repository/junit/junit/4.13.1/junit-4.13.1.jar:/home/runner/.m2/repository/org/hamcrest/hamcrest-core/1.3/hamcrest-core-1.3.jar:/home/runner/.m2/repository/org/junit/jupiter/junit-jupiter-api/5.8.2/junit-jupiter-api-5.8.2.jar:/home/runner/.m2/repository/org/opentest4j/opentest4j/1.2.0/opentest4j-1.2.0.jar:/home/runner/.m2/repository/org/junit/platform/junit-platform-commons/1.8.2/junit-platform-commons-1.8.2.jar:/home/runner/.m2/repository/org/apiguardian/apiguardian-api/1.1.2/apiguardian-api-1.1.2.jar:/home/runner/.m2/repository/org/junit/jupiter/junit-jupiter-params/5.8.2/junit-jupiter-params-5.8.2.jar:/home/runner/.m2/repository/org/junit/jupiter/junit-jupiter-migrationsupport/5.8.2/junit-jupiter-migrationsupport-5.8.2.jar:/home/runner/.m2/repository/org/junit/jupiter/junit-jupiter-engine/5.8.2/junit-jupiter-engine-5.8.2.jar:/home/runner/.m2/repository/org/junit/platform/junit-platform-engine/1.8.2/junit-platform-engine-1.8.2.jar:/home/runner/.m2/repository/org/junit/vintage/junit-vintage-engine/5.8.2/junit-vintage-engine-5.8.2.jar:/home/runner/.m2/repository/org/junit/platform/junit-platform-launcher/1.8.2/junit-platform-launcher-1.8.2.jar:/home/runner/.m2/repository/org/mockito/mockito-core/2.28.2/mockito-core-2.28.2.jar:/home/runner/.m2/repository/net/bytebuddy/byte-buddy/1.9.10/byte-buddy-1.9.10.jar:/home/runner/.m2/repository/net/bytebuddy/byte-buddy-agent/1.9.10/byte-buddy-agent-1.9.10.jar:/home/runner/.m2/repository/org/objenesis/objenesis/1.0/objenesis-1.0.jar:/home/runner/.m2/repository/org/apache/hadoop/hadoop-kms/3.3.1/hadoop-kms-3.3.1.jar:/home/runner/.m2/repository/org/apache/hadoop/hadoop-auth/3.3.1/hadoop-auth-3.3.1.jar:/home/runner/.m2/repository/com/nimbusds/nimbus-jose-jwt/7.9/nimbus-jose-jwt-7.9.jar:/home/runner/.m2/repository/com/github/stephenc/jcip/jcip-annotations/1.0-1/jcip-annotations-1.0-1.jar:/home/runner/.m2/repository/net/minidev/json-smart/2.4.7/json-smart-2.4.7.jar:/home/runner/.m2/repository/net/minidev/accessors-smart/2.4.7/accessors-smart-2.4.7.jar:/home/runner/.m2/repository/org/ow2/asm/asm/5.0.4/asm-5.0.4.jar:/home/runner/.m2/repository/org/apache/zookeeper/zookeeper/3.5.6/zookeeper-3.5.6.jar:/home/runner/.m2/repository/org/apache/zookeeper/zookeeper-jute/3.5.6/zookeeper-jute-3.5.6.jar:/home/runner/.m2/repository/org/apache/yetus/audience-annotations/0.5.0/audience-annotations-0.5.0.jar:/home/runner/.m2/repository/org/apache/curator/curator-framework/4.2.0/curator-framework-4.2.0.jar:/home/runner/.m2/repository/org/apache/hadoop/thirdparty/hadoop-shaded-guava/1.1.1/hadoop-shaded-guava-1.1.1.jar:/home/runner/.m2/repository/com/sun/jersey/jersey-core/1.19/jersey-core-1.19.jar:/home/runner/.m2/repository/javax/ws/rs/jsr311-api/1.1.1/jsr311-api-1.1.1.jar:/home/runner/.m2/repository/com/sun/jersey/jersey-server/1.19/jersey-server-1.19.jar:/home/runner/.m2/repository/javax/servlet/javax.servlet-api/3.1.0/javax.servlet-api-3.1.0.jar:/home/runner/.m2/repository/org/eclipse/jetty/jetty-server/9.4.43.v20210629/jetty-server-9.4.43.v20210629.jar:/home/runner/.m2/repository/org/eclipse/jetty/jetty-http/9.4.43.v20210629/jetty-http-9.4.43.v20210629.jar:/home/runner/.m2/repository/org/eclipse/jetty/jetty-io/9.4.43.v20210629/jetty-io-9.4.43.v20210629.jar:/home/runner/.m2/repository/org/eclipse/jetty/jetty-webapp/9.4.43.v20210629/jetty-webapp-9.4.43.v20210629.jar:/home/runner/.m2/repository/org/eclipse/jetty/jetty-xml/9.4.43.v20210629/jetty-xml-9.4.43.v20210629.jar:/home/runner/.m2/repository/org/apache/hadoop/hadoop-common/3.3.1/hadoop-common-3.3.1.jar:/home/runner/.m2/repository/org/apache/commons/commons-math3/3.1.1/commons-math3-3.1.1.jar:/home/runner/.m2/repository/commons-net/commons-net/3.6/commons-net-3.6.jar:/home/runner/.m2/repository/com/sun/jersey/jersey-servlet/1.19/jersey-servlet-1.19.jar:/home/runner/.m2/repository/com/sun/jersey/jersey-json/1.19/jersey-json-1.19.jar:/home/runner/.m2/repository/org/codehaus/jettison/jettison/1.1/jettison-1.1.jar:/home/runner/.m2/repository/com/sun/xml/bind/jaxb-impl/2.2.3-1/jaxb-impl-2.2.3-1.jar:/home/runner/.m2/repository/org/codehaus/jackson/jackson-xc/1.9.2/jackson-xc-1.9.2.jar:/home/runner/.m2/repository/org/apache/commons/commons-configuration2/2.1.1/commons-configuration2-2.1.1.jar:/home/runner/.m2/repository/org/apache/commons/commons-text/1.4/commons-text-1.4.jar:/home/runner/.m2/repository/com/google/re2j/re2j/1.1/re2j-1.1.jar:/home/runner/.m2/repository/com/jcraft/jsch/0.1.54/jsch-0.1.54.jar:/home/runner/.m2/repository/org/apache/curator/curator-client/4.2.0/curator-client-4.2.0.jar:/home/runner/.m2/repository/org/apache/curator/curator-recipes/4.2.0/curator-recipes-4.2.0.jar:/home/runner/.m2/repository/org/apache/kerby/kerb-core/1.0.1/kerb-core-1.0.1.jar:/home/runner/.m2/repository/org/apache/kerby/kerby-pkix/1.0.1/kerby-pkix-1.0.1.jar:/home/runner/.m2/repository/org/apache/kerby/kerby-asn1/1.0.1/kerby-asn1-1.0.1.jar:/home/runner/.m2/repository/org/apache/kerby/kerby-util/1.0.1/kerby-util-1.0.1.jar:/home/runner/.m2/repository/dnsjava/dnsjava/2.1.7/dnsjava-2.1.7.jar:/home/runner/.m2/repository/org/xerial/snappy/snappy-java/1.1.8.2/snappy-java-1.1.8.2.jar:/home/runner/.m2/repository/org/slf4j/jul-to-slf4j/1.7.30/jul-to-slf4j-1.7.30.jar:/home/runner/.m2/repository/org/eclipse/jetty/jetty-util/9.4.43.v20210629/jetty-util-9.4.43.v20210629.jar:/home/runner/.m2/repository/com/fasterxml/jackson/core/jackson-databind/2.13.2.2/jackson-databind-2.13.2.2.jar:/home/runner/.m2/repository/org/apache/hadoop/hadoop-kms/3.3.1/hadoop-kms-3.3.1-tests.jar:/home/runner/.m2/repository/org/apache/ozone/hdds-server-scm/1.3.0-SNAPSHOT/hdds-server-scm-1.3.0-SNAPSHOT-tests.jar:/home/runner/.m2/repository/org/apache/ozone/hdds-container-service/1.3.0-SNAPSHOT/hdds-container-service-1.3.0-SNAPSHOT-tests.jar:/home/runner/.m2/repository/commons-codec/commons-codec/1.11/commons-codec-1.11.jar:/home/runner/.m2/repository/io/netty/netty-codec/4.1.74.Final/netty-codec-4.1.74.Final.jar:/home/runner/.m2/repository/io/netty/netty-handler/4.1.74.Final/netty-handler-4.1.74.Final.jar:/home/runner/.m2/repository/org/apache/ozone/hdds-hadoop-dependency-test/1.3.0-SNAPSHOT/hdds-hadoop-dependency-test-1.3.0-SNAPSHOT.jar:/home/runner/.m2/repository/org/apache/hadoop/hadoop-common/3.3.1/hadoop-common-3.3.1-tests.jar:/home/runner/.m2/repository/org/assertj/assertj-core/3.12.2/assertj-core-3.12.2.jar:/home/runner/.m2/repository/org/apache/hadoop/hadoop-hdfs/3.3.1/hadoop-hdfs-3.3.1-tests.jar:/home/runner/.m2/repository/org/eclipse/jetty/jetty-util-ajax/9.4.43.v20210629/jetty-util-ajax-9.4.43.v20210629.jar:/home/runner/.m2/repository/commons-daemon/commons-daemon/1.0.13/commons-daemon-1.0.13.jar:/home/runner/.m2/repository/io/netty/netty/3.10.6.Final/netty-3.10.6.Final.jar:/home/runner/.m2/repository/io/netty/netty-all/4.1.74.Final/netty-all-4.1.74.Final.jar:/home/runner/.m2/repository/io/netty/netty-codec-dns/4.1.74.Final/netty-codec-dns-4.1.74.Final.jar:/home/runner/.m2/repository/io/netty/netty-codec-haproxy/4.1.74.Final/netty-codec-haproxy-4.1.74.Final.jar:/home/runner/.m2/repository/io/netty/netty-codec-memcache/4.1.74.Final/netty-codec-memcache-4.1.74.Final.jar:/home/runner/.m2/repository/io/netty/netty-codec-mqtt/4.1.74.Final/netty-codec-mqtt-4.1.74.Final.jar:/home/runner/.m2/repository/io/netty/netty-codec-redis/4.1.74.Final/netty-codec-redis-4.1.74.Final.jar:/home/runner/.m2/repository/io/netty/netty-codec-smtp/4.1.74.Final/netty-codec-smtp-4.1.74.Final.jar:/home/runner/.m2/repository/io/netty/netty-codec-stomp/4.1.74.Final/netty-codec-stomp-4.1.74.Final.jar:/home/runner/.m2/repository/io/netty/netty-codec-xml/4.1.74.Final/netty-codec-xml-4.1.74.Final.jar:/home/runner/.m2/repository/io/netty/netty-resolver-dns/4.1.74.Final/netty-resolver-dns-4.1.74.Final.jar:/home/runner/.m2/repository/io/netty/netty-transport-rxtx/4.1.74.Final/netty-transport-rxtx-4.1.74.Final.jar:/home/runner/.m2/repository/io/netty/netty-transport-sctp/4.1.74.Final/netty-transport-sctp-4.1.74.Final.jar:/home/runner/.m2/repository/io/netty/netty-transport-udt/4.1.74.Final/netty-transport-udt-4.1.74.Final.jar:/home/runner/.m2/repository/io/netty/netty-transport-classes-kqueue/4.1.74.Final/netty-transport-classes-kqueue-4.1.74.Final.jar:/home/runner/.m2/repository/io/netty/netty-resolver-dns-classes-macos/4.1.74.Final/netty-resolver-dns-classes-macos-4.1.74.Final.jar:/home/runner/.m2/repository/io/netty/netty-transport-native-epoll/4.1.74.Final/netty-transport-native-epoll-4.1.74.Final-linux-aarch_64.jar:/home/runner/.m2/repository/io/netty/netty-transport-native-kqueue/4.1.74.Final/netty-transport-native-kqueue-4.1.74.Final-osx-x86_64.jar:/home/runner/.m2/repository/io/netty/netty-transport-native-kqueue/4.1.74.Final/netty-transport-native-kqueue-4.1.74.Final-osx-aarch_64.jar:/home/runner/.m2/repository/io/netty/netty-resolver-dns-native-macos/4.1.74.Final/netty-resolver-dns-native-macos-4.1.74.Final-osx-x86_64.jar:/home/runner/.m2/repository/io/netty/netty-resolver-dns-native-macos/4.1.74.Final/netty-resolver-dns-native-macos-4.1.74.Final-osx-aarch_64.jar:/home/runner/.m2/repository/org/apache/htrace/htrace-core4/4.1.0-incubating/htrace-core4-4.1.0-incubating.jar:/home/runner/.m2/repository/org/fusesource/leveldbjni/leveldbjni-all/1.8/leveldbjni-all-1.8.jar:/home/runner/.m2/repository/org/apache/hadoop/hadoop-distcp/3.3.1/hadoop-distcp-3.3.1.jar:/home/runner/.m2/repository/org/apache/hadoop/hadoop-mapreduce-client-jobclient/3.3.1/hadoop-mapreduce-client-jobclient-3.3.1.jar:/home/runner/.m2/repository/org/apache/hadoop/hadoop-mapreduce-client-common/3.3.1/hadoop-mapreduce-client-common-3.3.1.jar:/home/runner/.m2/repository/org/apache/hadoop/hadoop-yarn-common/3.3.1/hadoop-yarn-common-3.3.1.jar:/home/runner/.m2/repository/org/apache/hadoop/hadoop-yarn-api/3.3.1/hadoop-yarn-api-3.3.1.jar:/home/runner/.m2/repository/com/sun/jersey/contribs/jersey-guice/1.19/jersey-guice-1.19.jar:/home/runner/.m2/repository/com/fasterxml/jackson/jaxrs/jackson-jaxrs-json-provider/2.13.2/jackson-jaxrs-json-provider-2.13.2.jar:/home/runner/.m2/repository/com/fasterxml/jackson/jaxrs/jackson-jaxrs-base/2.13.2/jackson-jaxrs-base-2.13.2.jar:/home/runner/.m2/repository/org/apache/hadoop/hadoop-yarn-client/3.3.1/hadoop-yarn-client-3.3.1.jar:/home/runner/.m2/repository/org/eclipse/jetty/websocket/websocket-client/9.4.40.v20210413/websocket-client-9.4.40.v20210413.jar:/home/runner/.m2/repository/org/eclipse/jetty/websocket/websocket-common/9.4.40.v20210413/websocket-common-9.4.40.v20210413.jar:/home/runner/.m2/repository/org/eclipse/jetty/websocket/websocket-api/9.4.40.v20210413/websocket-api-9.4.40.v20210413.jar:/home/runner/.m2/repository/org/jline/jline/3.9.0/jline-3.9.0.jar:/home/runner/.m2/repository/org/apache/hadoop/hadoop-mapreduce-client-core/3.3.1/hadoop-mapreduce-client-core-3.3.1.jar:/home/runner/.m2/repository/org/apache/avro/avro/1.7.7/avro-1.7.7.jar:/home/runner/.m2/repository/org/codehaus/jackson/jackson-core-asl/1.9.13/jackson-core-asl-1.9.13.jar:/home/runner/.m2/repository/org/codehaus/jackson/jackson-mapper-asl/1.9.13/jackson-mapper-asl-1.9.13.jar:/home/runner/.m2/repository/com/thoughtworks/paranamer/paranamer/2.3/paranamer-2.3.jar:/home/runner/.m2/repository/org/apache/hadoop/hadoop-annotations/3.3.1/hadoop-annotations-3.3.1.jar:/usr/lib/jvm/temurin-8-jdk-amd64/jre/../lib/tools.jar:/home/runner/.m2/repository/org/apache/hadoop/hadoop-distcp/3.3.1/hadoop-distcp-3.3.1-tests.jar:/home/runner/.m2/repository/org/apache/ratis/ratis-common/2.3.0/ratis-common-2.3.0.jar:/home/runner/.m2/repository/org/apache/ratis/ratis-thirdparty-misc/1.0.0/ratis-thirdparty-misc-1.0.0.jar:/home/runner/.m2/repository/org/apache/ratis/ratis-proto/2.3.0/ratis-proto-2.3.0.jar:/home/runner/.m2/repository/org/apache/ozone/ozone-annotation-processing/1.3.0-SNAPSHOT/ozone-annotation-processing-1.3.0-SNAPSHOT.jar:"/>
    <property name="sun.cpu.endian" value="little"/>
    <property name="user.home" value="/home/runner"/>
    <property name="user.language" value="en"/>
    <property name="java.specification.vendor" value="Oracle Corporation"/>
    <property name="java.home" value="/usr/lib/jvm/temurin-8-jdk-amd64/jre"/>
    <property name="java.security.krb5.conf" value="/home/runner/work/ozone/ozone/hadoop-ozone/integration-test/target/test-classes/krb5.conf"/>
    <property name="basedir" value="/home/runner/work/ozone/ozone/hadoop-ozone/integration-test"/>
    <property name="file.separator" value="/"/>
    <property name="line.separator" value="&#10;"/>
    <property name="java.vm.specification.vendor" value="Oracle Corporation"/>
    <property name="java.specification.name" value="Java Platform API Specification"/>
    <property name="java.awt.graphicsenv" value="sun.awt.X11GraphicsEnvironment"/>
    <property name="skip.installnpx" value="true"/>
    <property name="surefire.real.class.path" value="/home/runner/work/ozone/ozone/hadoop-ozone/integration-test/target/surefire/surefirebooter5062407446391711219.jar:/home/runner/.m2/repository/org/jacoco/org.jacoco.agent/0.8.5/org.jacoco.agent-0.8.5-runtime.jar"/>
    <property name="hadoop.log.dir" value="/home/runner/work/ozone/ozone/hadoop-ozone/integration-test/target/log"/>
    <property name="sun.boot.class.path" value="/usr/lib/jvm/temurin-8-jdk-amd64/jre/lib/resources.jar:/usr/lib/jvm/temurin-8-jdk-amd64/jre/lib/rt.jar:/usr/lib/jvm/temurin-8-jdk-amd64/jre/lib/sunrsasign.jar:/usr/lib/jvm/temurin-8-jdk-amd64/jre/lib/jsse.jar:/usr/lib/jvm/temurin-8-jdk-amd64/jre/lib/jce.jar:/usr/lib/jvm/temurin-8-jdk-amd64/jre/lib/charsets.jar:/usr/lib/jvm/temurin-8-jdk-amd64/jre/lib/jfr.jar:/usr/lib/jvm/temurin-8-jdk-amd64/jre/classes"/>
    <property name="sun.management.compiler" value="HotSpot 64-Bit Tiered Compilers"/>
    <property name="skip.npx" value="true"/>
    <property name="java.runtime.version" value="1.8.0_332-b09"/>
    <property name="java.net.preferIPv4Stack" value="true"/>
    <property name="user.name" value="runner"/>
    <property name="path.separator" value=":"/>
    <property name="java.security.egd" value="file:///dev/urandom"/>
    <property name="os.version" value="5.4.0-1080-azure"/>
    <property name="java.endorsed.dirs" value="/usr/lib/jvm/temurin-8-jdk-amd64/jre/lib/endorsed"/>
    <property name="java.runtime.name" value="OpenJDK Runtime Environment"/>
    <property name="file.encoding" value="UTF-8"/>
    <property name="java.vm.name" value="OpenJDK 64-Bit Server VM"/>
    <property name="test.build.webapps" value=""/>
    <property name="localRepository" value="/home/runner/.m2/repository"/>
    <property name="jetty.git.hash" value="526006ecfa3af7f1a27ef3a288e2bef7ea9dd7e8"/>
    <property name="java.vendor.url.bug" value="https://github.com/adoptium/adoptium-support/issues"/>
    <property name="java.io.tmpdir" value="/tmp"/>
    <property name="require.test.libhadoop" value=""/>
    <property name="java.version" value="1.8.0_332"/>
    <property name="user.dir" value="/home/runner/work/ozone/ozone/hadoop-ozone/integration-test"/>
    <property name="os.arch" value="amd64"/>
    <property name="java.vm.specification.name" value="Java Virtual Machine Specification"/>
    <property name="test.build.classes" value="/home/runner/work/ozone/ozone/hadoop-ozone/integration-test/target/test-classes"/>
    <property name="java.awt.printerjob" value="sun.print.PSPrinterJob"/>
    <property name="sun.os.patch.level" value="unknown"/>
    <property name="hadoop.tmp.dir" value="/home/runner/work/ozone/ozone/hadoop-ozone/integration-test/target/tmp"/>
    <property name="java.library.path" value="/usr/java/packages/lib/amd64:/usr/lib64:/lib64:/lib:/usr/lib"/>
    <property name="java.vm.info" value="mixed mode"/>
    <property name="java.vendor" value="Temurin"/>
    <property name="java.vm.version" value="25.332-b09"/>
    <property name="java.ext.dirs" value="/usr/lib/jvm/temurin-8-jdk-amd64/jre/lib/ext:/usr/java/packages/lib/ext"/>
    <property name="sun.io.unicode.encoding" value="UnicodeLittle"/>
    <property name="java.class.version" value="52.0"/>
  </properties>
  <testcase name="testRatisLogParsing" classname="org.apache.hadoop.ozone.parser.TestOzoneHARatisLogParser" time="80.436">
    <error type="java.util.concurrent.TimeoutException"><![CDATA[java.util.concurrent.TimeoutException: 
Timed out waiting for condition. Thread diagnostics:
Timestamp: 2022-06-08 07:34:47,142

"main"  prio=5 tid=1 timed_waiting
java.lang.Thread.State: TIMED_WAITING
        at sun.misc.Unsafe.park(Native Method)
        at java.util.concurrent.locks.LockSupport.parkNanos(LockSupport.java:215)
        at java.util.concurrent.FutureTask.awaitDone(FutureTask.java:426)
        at java.util.concurrent.FutureTask.get(FutureTask.java:204)
        at org.junit.internal.runners.statements.FailOnTimeout.getResult(FailOnTimeout.java:156)
        at org.junit.internal.runners.statements.FailOnTimeout.evaluate(FailOnTimeout.java:129)
        at org.junit.runners.ParentRunner$3.evaluate(ParentRunner.java:306)
        at org.junit.runners.BlockJUnit4ClassRunner$1.evaluate(BlockJUnit4ClassRunner.java:100)
        at org.junit.runners.ParentRunner.runLeaf(ParentRunner.java:366)
        at org.junit.runners.BlockJUnit4ClassRunner.runChild(BlockJUnit4ClassRunner.java:103)
        at org.junit.runners.BlockJUnit4ClassRunner.runChild(BlockJUnit4ClassRunner.java:63)
        at org.junit.runners.ParentRunner$4.run(ParentRunner.java:331)
        at org.junit.runners.ParentRunner$1.schedule(ParentRunner.java:79)
        at org.junit.runners.ParentRunner.runChildren(ParentRunner.java:329)
        at org.junit.runners.ParentRunner.access$100(ParentRunner.java:66)
        at org.junit.runners.ParentRunner$2.evaluate(ParentRunner.java:293)
        at org.junit.runners.ParentRunner$3.evaluate(ParentRunner.java:306)
        at org.junit.runners.ParentRunner.run(ParentRunner.java:413)
        at org.junit.runner.JUnitCore.run(JUnitCore.java:137)
        at org.junit.runner.JUnitCore.run(JUnitCore.java:115)
        at org.junit.vintage.engine.execution.RunnerExecutor.execute(RunnerExecutor.java:42)
        at org.junit.vintage.engine.VintageTestEngine.executeAllChildren(VintageTestEngine.java:80)
        at org.junit.vintage.engine.VintageTestEngine.execute(VintageTestEngine.java:72)
        at org.junit.platform.launcher.core.EngineExecutionOrchestrator.execute(EngineExecutionOrchestrator.java:107)
        at org.junit.platform.launcher.core.EngineExecutionOrchestrator.execute(EngineExecutionOrchestrator.java:88)
        at org.junit.platform.launcher.core.EngineExecutionOrchestrator.lambda$execute$0(EngineExecutionOrchestrator.java:54)
        at org.junit.platform.launcher.core.EngineExecutionOrchestrator$$Lambda$188/262366552.accept(Unknown Source)
        at org.junit.platform.launcher.core.EngineExecutionOrchestrator.withInterceptedStreams(EngineExecutionOrchestrator.java:67)
        at org.junit.platform.launcher.core.EngineExecutionOrchestrator.execute(EngineExecutionOrchestrator.java:52)
        at org.junit.platform.launcher.core.DefaultLauncher.execute(DefaultLauncher.java:114)
        at org.junit.platform.launcher.core.DefaultLauncher.execute(DefaultLauncher.java:86)
        at org.junit.platform.launcher.core.DefaultLauncherSession$DelegatingLauncher.execute(DefaultLauncherSession.java:86)
        at org.junit.platform.launcher.core.SessionPerRequestLauncher.execute(SessionPerRequestLauncher.java:53)
        at org.apache.maven.surefire.junitplatform.JUnitPlatformProvider.execute(JUnitPlatformProvider.java:188)
        at org.apache.maven.surefire.junitplatform.JUnitPlatformProvider.invokeAllTests(JUnitPlatformProvider.java:154)
        at org.apache.maven.surefire.junitplatform.JUnitPlatformProvider.invoke(JUnitPlatformProvider.java:124)
        at org.apache.maven.surefire.booter.ForkedBooter.runSuitesInProcess(ForkedBooter.java:428)
        at org.apache.maven.surefire.booter.ForkedBooter.execute(ForkedBooter.java:162)
        at org.apache.maven.surefire.booter.ForkedBooter.run(ForkedBooter.java:562)
        at org.apache.maven.surefire.booter.ForkedBooter.main(ForkedBooter.java:548)
"org.apache.hadoop.ozone.container.common.statemachine.commandhandler.DeleteBlocksCommandHandler$DeleteCmdWorker@6ee6e2c4" daemon prio=5 tid=781 runnable
java.lang.Thread.State: RUNNABLE
        at java.lang.Thread.sleep(Native Method)
        at org.apache.hadoop.ozone.container.common.statemachine.commandhandler.DeleteBlocksCommandHandler$DeleteCmdWorker.run(DeleteBlocksCommandHandler.java:185)
        at java.lang.Thread.run(Thread.java:750)
"EndpointStateMachine task thread for /127.0.0.1:40207 - 0 "  prio=5 tid=877 in Object.wait()
java.lang.Thread.State: WAITING (on object monitor)
        at sun.misc.Unsafe.park(Native Method)
        at java.util.concurrent.locks.LockSupport.park(LockSupport.java:175)
        at java.util.concurrent.locks.AbstractQueuedSynchronizer$ConditionObject.await(AbstractQueuedSynchronizer.java:2039)
        at java.util.concurrent.LinkedBlockingQueue.take(LinkedBlockingQueue.java:442)
        at java.util.concurrent.ThreadPoolExecutor.getTask(ThreadPoolExecutor.java:1074)
        at java.util.concurrent.ThreadPoolExecutor.runWorker(ThreadPoolExecutor.java:1134)
        at java.util.concurrent.ThreadPoolExecutor$Worker.run(ThreadPoolExecutor.java:624)
        at java.lang.Thread.run(Thread.java:750)
"Reference Handler" daemon prio=10 tid=2 in Object.wait()
java.lang.Thread.State: WAITING (on object monitor)
        at java.lang.Object.wait(Native Method)
        at java.lang.Object.wait(Object.java:502)
        at java.lang.ref.Reference.tryHandlePending(Reference.java:191)
        at java.lang.ref.Reference$ReferenceHandler.run(Reference.java:153)
"Datanode ReportManager Thread - 2" daemon prio=5 tid=795 in Object.wait()
java.lang.Thread.State: WAITING (on object monitor)
        at sun.misc.Unsafe.park(Native Method)
        at java.util.concurrent.locks.LockSupport.park(LockSupport.java:175)
        at java.util.concurrent.locks.AbstractQueuedSynchronizer$ConditionObject.await(AbstractQueuedSynchronizer.java:2039)
        at java.util.concurrent.ScheduledThreadPoolExecutor$DelayedWorkQueue.take(ScheduledThreadPoolExecutor.java:1088)
        at java.util.concurrent.ScheduledThreadPoolExecutor$DelayedWorkQueue.take(ScheduledThreadPoolExecutor.java:809)
        at java.util.concurrent.ThreadPoolExecutor.getTask(ThreadPoolExecutor.java:1074)
        at java.util.concurrent.ThreadPoolExecutor.runWorker(ThreadPoolExecutor.java:1134)
        at java.util.concurrent.ThreadPoolExecutor$Worker.run(ThreadPoolExecutor.java:624)
        at java.lang.Thread.run(Thread.java:750)
"Datanode ReportManager Thread - 2" daemon prio=5 tid=823 in Object.wait()
java.lang.Thread.State: WAITING (on object monitor)
        at sun.misc.Unsafe.park(Native Method)
        at java.util.concurrent.locks.LockSupport.park(LockSupport.java:175)
        at java.util.concurrent.locks.AbstractQueuedSynchronizer$ConditionObject.await(AbstractQueuedSynchronizer.java:2039)
        at java.util.concurrent.ScheduledThreadPoolExecutor$DelayedWorkQueue.take(ScheduledThreadPoolExecutor.java:1088)
        at java.util.concurrent.ScheduledThreadPoolExecutor$DelayedWorkQueue.take(ScheduledThreadPoolExecutor.java:809)
        at java.util.concurrent.ThreadPoolExecutor.getTask(ThreadPoolExecutor.java:1074)
        at java.util.concurrent.ThreadPoolExecutor.runWorker(ThreadPoolExecutor.java:1134)
        at java.util.concurrent.ThreadPoolExecutor$Worker.run(ThreadPoolExecutor.java:624)
        at java.lang.Thread.run(Thread.java:750)
"FullTableCache Cleanup Thread - 0" daemon prio=5 tid=1173 in Object.wait()
java.lang.Thread.State: WAITING (on object monitor)
        at sun.misc.Unsafe.park(Native Method)
        at java.util.concurrent.locks.LockSupport.park(LockSupport.java:175)
        at java.util.concurrent.locks.AbstractQueuedSynchronizer$ConditionObject.await(AbstractQueuedSynchronizer.java:2039)
        at java.util.concurrent.LinkedBlockingQueue.take(LinkedBlockingQueue.java:442)
        at java.util.concurrent.ThreadPoolExecutor.getTask(ThreadPoolExecutor.java:1074)
        at java.util.concurrent.ThreadPoolExecutor.runWorker(ThreadPoolExecutor.java:1134)
        at java.util.concurrent.ThreadPoolExecutor$Worker.run(ThreadPoolExecutor.java:624)
        at java.lang.Thread.run(Thread.java:750)
"Datanode ReportManager Thread - 3" daemon prio=5 tid=864 in Object.wait()
java.lang.Thread.State: WAITING (on object monitor)
        at sun.misc.Unsafe.park(Native Method)
        at java.util.concurrent.locks.LockSupport.park(LockSupport.java:175)
        at java.util.concurrent.locks.AbstractQueuedSynchronizer$ConditionObject.await(AbstractQueuedSynchronizer.java:2039)
        at java.util.concurrent.ScheduledThreadPoolExecutor$DelayedWorkQueue.take(ScheduledThreadPoolExecutor.java:1088)
        at java.util.concurrent.ScheduledThreadPoolExecutor$DelayedWorkQueue.take(ScheduledThreadPoolExecutor.java:809)
        at java.util.concurrent.ThreadPoolExecutor.getTask(ThreadPoolExecutor.java:1074)
        at java.util.concurrent.ThreadPoolExecutor.runWorker(ThreadPoolExecutor.java:1134)
        at java.util.concurrent.ThreadPoolExecutor$Worker.run(ThreadPoolExecutor.java:624)
        at java.lang.Thread.run(Thread.java:750)
"Datanode ReportManager Thread - 3" daemon prio=5 tid=824 timed_waiting
java.lang.Thread.State: TIMED_WAITING
        at sun.misc.Unsafe.park(Native Method)
        at java.util.concurrent.locks.LockSupport.parkNanos(LockSupport.java:215)
        at java.util.concurrent.locks.AbstractQueuedSynchronizer$ConditionObject.awaitNanos(AbstractQueuedSynchronizer.java:2078)
        at java.util.concurrent.ScheduledThreadPoolExecutor$DelayedWorkQueue.take(ScheduledThreadPoolExecutor.java:1093)
        at java.util.concurrent.ScheduledThreadPoolExecutor$DelayedWorkQueue.take(ScheduledThreadPoolExecutor.java:809)
        at java.util.concurrent.ThreadPoolExecutor.getTask(ThreadPoolExecutor.java:1074)
        at java.util.concurrent.ThreadPoolExecutor.runWorker(ThreadPoolExecutor.java:1134)
        at java.util.concurrent.ThreadPoolExecutor$Worker.run(ThreadPoolExecutor.java:624)
        at java.lang.Thread.run(Thread.java:750)
"Datanode ReportManager Thread - 1" daemon prio=5 tid=822 in Object.wait()
java.lang.Thread.State: WAITING (on object monitor)
        at sun.misc.Unsafe.park(Native Method)
        at java.util.concurrent.locks.LockSupport.park(LockSupport.java:175)
        at java.util.concurrent.locks.AbstractQueuedSynchronizer$ConditionObject.await(AbstractQueuedSynchronizer.java:2039)
        at java.util.concurrent.ScheduledThreadPoolExecutor$DelayedWorkQueue.take(ScheduledThreadPoolExecutor.java:1088)
        at java.util.concurrent.ScheduledThreadPoolExecutor$DelayedWorkQueue.take(ScheduledThreadPoolExecutor.java:809)
        at java.util.concurrent.ThreadPoolExecutor.getTask(ThreadPoolExecutor.java:1074)
        at java.util.concurrent.ThreadPoolExecutor.runWorker(ThreadPoolExecutor.java:1134)
        at java.util.concurrent.ThreadPoolExecutor$Worker.run(ThreadPoolExecutor.java:624)
        at java.lang.Thread.run(Thread.java:750)
"ExpiredContainerReplicaOpScrubberThread" daemon prio=5 tid=32 timed_waiting
java.lang.Thread.State: TIMED_WAITING
        at java.lang.Object.wait(Native Method)
        at org.apache.hadoop.hdds.scm.ha.BackgroundSCMService.run(BackgroundSCMService.java:105)
        at org.apache.hadoop.hdds.scm.ha.BackgroundSCMService$$Lambda$668/613084075.run(Unknown Source)
        at java.lang.Thread.run(Thread.java:750)
"SSL Certificates Store Monitor" daemon prio=5 tid=597 in Object.wait()
java.lang.Thread.State: WAITING (on object monitor)
        at java.lang.Object.wait(Native Method)
        at java.lang.Object.wait(Object.java:502)
        at java.util.TimerThread.mainLoop(Timer.java:526)
        at java.util.TimerThread.run(Timer.java:505)
"IPC Parameter Sending Thread #0" daemon prio=5 tid=266 timed_waiting
java.lang.Thread.State: TIMED_WAITING
        at sun.misc.Unsafe.park(Native Method)
        at java.util.concurrent.locks.LockSupport.parkNanos(LockSupport.java:215)
        at java.util.concurrent.SynchronousQueue$TransferStack.awaitFulfill(SynchronousQueue.java:460)
        at java.util.concurrent.SynchronousQueue$TransferStack.transfer(SynchronousQueue.java:362)
        at java.util.concurrent.SynchronousQueue.poll(SynchronousQueue.java:941)
        at java.util.concurrent.ThreadPoolExecutor.getTask(ThreadPoolExecutor.java:1073)
        at java.util.concurrent.ThreadPoolExecutor.runWorker(ThreadPoolExecutor.java:1134)
        at java.util.concurrent.ThreadPoolExecutor$Worker.run(ThreadPoolExecutor.java:624)
        at java.lang.Thread.run(Thread.java:750)
"EndpointStateMachine task thread for /127.0.0.1:40207 - 0 "  prio=5 tid=896 in Object.wait()
java.lang.Thread.State: WAITING (on object monitor)
        at sun.misc.Unsafe.park(Native Method)
        at java.util.concurrent.locks.LockSupport.park(LockSupport.java:175)
        at java.util.concurrent.locks.AbstractQueuedSynchronizer$ConditionObject.await(AbstractQueuedSynchronizer.java:2039)
        at java.util.concurrent.LinkedBlockingQueue.take(LinkedBlockingQueue.java:442)
        at java.util.concurrent.ThreadPoolExecutor.getTask(ThreadPoolExecutor.java:1074)
        at java.util.concurrent.ThreadPoolExecutor.runWorker(ThreadPoolExecutor.java:1134)
        at java.util.concurrent.ThreadPoolExecutor$Worker.run(ThreadPoolExecutor.java:624)
        at java.lang.Thread.run(Thread.java:750)
"EndpointStateMachine task thread for /127.0.0.1:35577 - 0 "  prio=5 tid=915 timed_waiting
java.lang.Thread.State: TIMED_WAITING
        at java.lang.Thread.sleep(Native Method)
        at org.apache.hadoop.ipc.Client$Connection.handleConnectionFailure(Client.java:972)
        at org.apache.hadoop.ipc.Client$Connection.setupConnection(Client.java:724)
        at org.apache.hadoop.ipc.Client$Connection.setupIOstreams(Client.java:822)
        at org.apache.hadoop.ipc.Client$Connection.access$3800(Client.java:414)
        at org.apache.hadoop.ipc.Client.getConnection(Client.java:1647)
        at org.apache.hadoop.ipc.Client.call(Client.java:1463)
        at org.apache.hadoop.ipc.Client.call(Client.java:1416)
        at org.apache.hadoop.ipc.ProtobufRpcEngine$Invoker.invoke(ProtobufRpcEngine.java:236)
        at org.apache.hadoop.ipc.ProtobufRpcEngine$Invoker.invoke(ProtobufRpcEngine.java:123)
        at com.sun.proxy.$Proxy51.submitRequest(Unknown Source)
        at org.apache.hadoop.ozone.protocolPB.StorageContainerDatanodeProtocolClientSideTranslatorPB.submitRequest(StorageContainerDatanodeProtocolClientSideTranslatorPB.java:117)
        at org.apache.hadoop.ozone.protocolPB.StorageContainerDatanodeProtocolClientSideTranslatorPB.sendHeartbeat(StorageContainerDatanodeProtocolClientSideTranslatorPB.java:149)
        at org.apache.hadoop.ozone.container.common.states.endpoint.HeartbeatEndpointTask.call(HeartbeatEndpointTask.java:183)
        at org.apache.hadoop.ozone.container.common.states.endpoint.HeartbeatEndpointTask.call(HeartbeatEndpointTask.java:85)
        at java.util.concurrent.FutureTask.run(FutureTask.java:266)
        at java.util.concurrent.ThreadPoolExecutor.runWorker(ThreadPoolExecutor.java:1149)
        at java.util.concurrent.ThreadPoolExecutor$Worker.run(ThreadPoolExecutor.java:624)
        at java.lang.Thread.run(Thread.java:750)
"Datanode ReportManager Thread - 3" daemon prio=5 tid=798 in Object.wait()
java.lang.Thread.State: WAITING (on object monitor)
        at sun.misc.Unsafe.park(Native Method)
        at java.util.concurrent.locks.LockSupport.park(LockSupport.java:175)
        at java.util.concurrent.locks.AbstractQueuedSynchronizer$ConditionObject.await(AbstractQueuedSynchronizer.java:2039)
        at java.util.concurrent.ScheduledThreadPoolExecutor$DelayedWorkQueue.take(ScheduledThreadPoolExecutor.java:1088)
        at java.util.concurrent.ScheduledThreadPoolExecutor$DelayedWorkQueue.take(ScheduledThreadPoolExecutor.java:809)
        at java.util.concurrent.ThreadPoolExecutor.getTask(ThreadPoolExecutor.java:1074)
        at java.util.concurrent.ThreadPoolExecutor.runWorker(ThreadPoolExecutor.java:1134)
        at java.util.concurrent.ThreadPoolExecutor$Worker.run(ThreadPoolExecutor.java:624)
        at java.lang.Thread.run(Thread.java:750)
"Datanode ReportManager Thread - 1" daemon prio=5 tid=794 in Object.wait()
java.lang.Thread.State: WAITING (on object monitor)
        at sun.misc.Unsafe.park(Native Method)
        at java.util.concurrent.locks.LockSupport.park(LockSupport.java:175)
        at java.util.concurrent.locks.AbstractQueuedSynchronizer$ConditionObject.await(AbstractQueuedSynchronizer.java:2039)
        at java.util.concurrent.ScheduledThreadPoolExecutor$DelayedWorkQueue.take(ScheduledThreadPoolExecutor.java:1088)
        at java.util.concurrent.ScheduledThreadPoolExecutor$DelayedWorkQueue.take(ScheduledThreadPoolExecutor.java:809)
        at java.util.concurrent.ThreadPoolExecutor.getTask(ThreadPoolExecutor.java:1074)
        at java.util.concurrent.ThreadPoolExecutor.runWorker(ThreadPoolExecutor.java:1134)
        at java.util.concurrent.ThreadPoolExecutor$Worker.run(ThreadPoolExecutor.java:624)
        at java.lang.Thread.run(Thread.java:750)
"SSL Certificates Store Monitor" daemon prio=5 tid=652 in Object.wait()
java.lang.Thread.State: WAITING (on object monitor)
        at java.lang.Object.wait(Native Method)
        at java.lang.Object.wait(Object.java:502)
        at java.util.TimerThread.mainLoop(Timer.java:526)
        at java.util.TimerThread.run(Timer.java:505)
"java.util.concurrent.ThreadPoolExecutor$Worker@3ec8bbb7[State = -1, empty queue]" daemon prio=5 tid=1043 timed_waiting
java.lang.Thread.State: TIMED_WAITING
        at sun.misc.Unsafe.park(Native Method)
        at java.util.concurrent.locks.LockSupport.parkNanos(LockSupport.java:215)
        at java.util.concurrent.locks.AbstractQueuedSynchronizer$ConditionObject.awaitNanos(AbstractQueuedSynchronizer.java:2078)
        at java.util.concurrent.ScheduledThreadPoolExecutor$DelayedWorkQueue.take(ScheduledThreadPoolExecutor.java:1093)
        at java.util.concurrent.ScheduledThreadPoolExecutor$DelayedWorkQueue.take(ScheduledThreadPoolExecutor.java:809)
        at java.util.concurrent.ThreadPoolExecutor.getTask(ThreadPoolExecutor.java:1074)
        at java.util.concurrent.ThreadPoolExecutor.runWorker(ThreadPoolExecutor.java:1134)
        at java.util.concurrent.ThreadPoolExecutor$Worker.run(ThreadPoolExecutor.java:624)
        at java.lang.Thread.run(Thread.java:750)
"FullTableCache Cleanup Thread - 0" daemon prio=5 tid=1171 in Object.wait()
java.lang.Thread.State: WAITING (on object monitor)
        at sun.misc.Unsafe.park(Native Method)
        at java.util.concurrent.locks.LockSupport.park(LockSupport.java:175)
        at java.util.concurrent.locks.AbstractQueuedSynchronizer$ConditionObject.await(AbstractQueuedSynchronizer.java:2039)
        at java.util.concurrent.LinkedBlockingQueue.take(LinkedBlockingQueue.java:442)
        at java.util.concurrent.ThreadPoolExecutor.getTask(ThreadPoolExecutor.java:1074)
        at java.util.concurrent.ThreadPoolExecutor.runWorker(ThreadPoolExecutor.java:1134)
        at java.util.concurrent.ThreadPoolExecutor$Worker.run(ThreadPoolExecutor.java:624)
        at java.lang.Thread.run(Thread.java:750)
"Finalizer" daemon prio=8 tid=3 in Object.wait()
java.lang.Thread.State: WAITING (on object monitor)
        at java.lang.Object.wait(Native Method)
        at java.lang.ref.ReferenceQueue.remove(ReferenceQueue.java:144)
        at java.lang.ref.ReferenceQueue.remove(ReferenceQueue.java:165)
        at java.lang.ref.Finalizer$FinalizerThread.run(Finalizer.java:216)
"ExpiredContainerReplicaOpScrubberThread" daemon prio=5 tid=378 timed_waiting
java.lang.Thread.State: TIMED_WAITING
        at java.lang.Object.wait(Native Method)
        at org.apache.hadoop.hdds.scm.ha.BackgroundSCMService.run(BackgroundSCMService.java:105)
        at org.apache.hadoop.hdds.scm.ha.BackgroundSCMService$$Lambda$668/613084075.run(Unknown Source)
        at java.lang.Thread.run(Thread.java:750)
"ExpiredContainerReplicaOpScrubberThread" daemon prio=5 tid=491 timed_waiting
java.lang.Thread.State: TIMED_WAITING
        at java.lang.Object.wait(Native Method)
        at org.apache.hadoop.hdds.scm.ha.BackgroundSCMService.run(BackgroundSCMService.java:105)
        at org.apache.hadoop.hdds.scm.ha.BackgroundSCMService$$Lambda$668/613084075.run(Unknown Source)
        at java.lang.Thread.run(Thread.java:750)
"process reaper" daemon prio=10 tid=13 timed_waiting
java.lang.Thread.State: TIMED_WAITING
        at sun.misc.Unsafe.park(Native Method)
        at java.util.concurrent.locks.LockSupport.parkNanos(LockSupport.java:215)
        at java.util.concurrent.SynchronousQueue$TransferStack.awaitFulfill(SynchronousQueue.java:460)
        at java.util.concurrent.SynchronousQueue$TransferStack.transfer(SynchronousQueue.java:362)
        at java.util.concurrent.SynchronousQueue.poll(SynchronousQueue.java:941)
        at java.util.concurrent.ThreadPoolExecutor.getTask(ThreadPoolExecutor.java:1073)
        at java.util.concurrent.ThreadPoolExecutor.runWorker(ThreadPoolExecutor.java:1134)
        at java.util.concurrent.ThreadPoolExecutor$Worker.run(ThreadPoolExecutor.java:624)
        at java.lang.Thread.run(Thread.java:750)
"SSL Certificates Store Monitor" daemon prio=5 tid=708 in Object.wait()
java.lang.Thread.State: WAITING (on object monitor)
        at java.lang.Object.wait(Native Method)
        at java.lang.Object.wait(Object.java:502)
        at java.util.TimerThread.mainLoop(Timer.java:526)
        at java.util.TimerThread.run(Timer.java:505)
"org.apache.hadoop.ozone.container.common.statemachine.commandhandler.DeleteBlocksCommandHandler$DeleteCmdWorker@1d18a00f" daemon prio=5 tid=849 runnable
java.lang.Thread.State: RUNNABLE
        at java.lang.Thread.sleep(Native Method)
        at org.apache.hadoop.ozone.container.common.statemachine.commandhandler.DeleteBlocksCommandHandler$DeleteCmdWorker.run(DeleteBlocksCommandHandler.java:185)
        at java.lang.Thread.run(Thread.java:750)
"EndpointStateMachine task thread for /127.0.0.1:35577 - 0 "  prio=5 tid=876 in Object.wait()
java.lang.Thread.State: WAITING (on object monitor)
        at sun.misc.Unsafe.park(Native Method)
        at java.util.concurrent.locks.LockSupport.park(LockSupport.java:175)
        at java.util.concurrent.locks.AbstractQueuedSynchronizer$ConditionObject.await(AbstractQueuedSynchronizer.java:2039)
        at java.util.concurrent.LinkedBlockingQueue.take(LinkedBlockingQueue.java:442)
        at java.util.concurrent.ThreadPoolExecutor.getTask(ThreadPoolExecutor.java:1074)
        at java.util.concurrent.ThreadPoolExecutor.runWorker(ThreadPoolExecutor.java:1134)
        at java.util.concurrent.ThreadPoolExecutor$Worker.run(ThreadPoolExecutor.java:624)
        at java.lang.Thread.run(Thread.java:750)
"Datanode ReportManager Thread - 2" daemon prio=5 tid=863 in Object.wait()
java.lang.Thread.State: WAITING (on object monitor)
        at sun.misc.Unsafe.park(Native Method)
        at java.util.concurrent.locks.LockSupport.park(LockSupport.java:175)
        at java.util.concurrent.locks.AbstractQueuedSynchronizer$ConditionObject.await(AbstractQueuedSynchronizer.java:2039)
        at java.util.concurrent.ScheduledThreadPoolExecutor$DelayedWorkQueue.take(ScheduledThreadPoolExecutor.java:1088)
        at java.util.concurrent.ScheduledThreadPoolExecutor$DelayedWorkQueue.take(ScheduledThreadPoolExecutor.java:809)
        at java.util.concurrent.ThreadPoolExecutor.getTask(ThreadPoolExecutor.java:1074)
        at java.util.concurrent.ThreadPoolExecutor.runWorker(ThreadPoolExecutor.java:1134)
        at java.util.concurrent.ThreadPoolExecutor$Worker.run(ThreadPoolExecutor.java:624)
        at java.lang.Thread.run(Thread.java:750)
"FullTableCache Cleanup Thread - 0" daemon prio=5 tid=1168 in Object.wait()
java.lang.Thread.State: WAITING (on object monitor)
        at sun.misc.Unsafe.park(Native Method)
        at java.util.concurrent.locks.LockSupport.park(LockSupport.java:175)
        at java.util.concurrent.locks.AbstractQueuedSynchronizer$ConditionObject.await(AbstractQueuedSynchronizer.java:2039)
        at java.util.concurrent.LinkedBlockingQueue.take(LinkedBlockingQueue.java:442)
        at java.util.concurrent.ThreadPoolExecutor.getTask(ThreadPoolExecutor.java:1074)
        at java.util.concurrent.ThreadPoolExecutor.runWorker(ThreadPoolExecutor.java:1134)
        at java.util.concurrent.ThreadPoolExecutor$Worker.run(ThreadPoolExecutor.java:624)
        at java.lang.Thread.run(Thread.java:750)
"FullTableCache Cleanup Thread - 0" daemon prio=5 tid=1166 in Object.wait()
java.lang.Thread.State: WAITING (on object monitor)
        at sun.misc.Unsafe.park(Native Method)
        at java.util.concurrent.locks.LockSupport.park(LockSupport.java:175)
        at java.util.concurrent.locks.AbstractQueuedSynchronizer$ConditionObject.await(AbstractQueuedSynchronizer.java:2039)
        at java.util.concurrent.LinkedBlockingQueue.take(LinkedBlockingQueue.java:442)
        at java.util.concurrent.ThreadPoolExecutor.getTask(ThreadPoolExecutor.java:1074)
        at java.util.concurrent.ThreadPoolExecutor.runWorker(ThreadPoolExecutor.java:1134)
        at java.util.concurrent.ThreadPoolExecutor$Worker.run(ThreadPoolExecutor.java:624)
        at java.lang.Thread.run(Thread.java:750)
"Datanode ReportManager Thread - 0" daemon prio=5 tid=793 timed_waiting
java.lang.Thread.State: TIMED_WAITING
        at sun.misc.Unsafe.park(Native Method)
        at java.util.concurrent.locks.LockSupport.parkNanos(LockSupport.java:215)
        at java.util.concurrent.locks.AbstractQueuedSynchronizer$ConditionObject.awaitNanos(AbstractQueuedSynchronizer.java:2078)
        at java.util.concurrent.ScheduledThreadPoolExecutor$DelayedWorkQueue.take(ScheduledThreadPoolExecutor.java:1093)
        at java.util.concurrent.ScheduledThreadPoolExecutor$DelayedWorkQueue.take(ScheduledThreadPoolExecutor.java:809)
        at java.util.concurrent.ThreadPoolExecutor.getTask(ThreadPoolExecutor.java:1074)
        at java.util.concurrent.ThreadPoolExecutor.runWorker(ThreadPoolExecutor.java:1134)
        at java.util.concurrent.ThreadPoolExecutor$Worker.run(ThreadPoolExecutor.java:624)
        at java.lang.Thread.run(Thread.java:750)
"EndpointStateMachine task thread for /127.0.0.1:42779 - 0 "  prio=5 tid=878 in Object.wait()
java.lang.Thread.State: WAITING (on object monitor)
        at sun.misc.Unsafe.park(Native Method)
        at java.util.concurrent.locks.LockSupport.park(LockSupport.java:175)
        at java.util.concurrent.locks.AbstractQueuedSynchronizer$ConditionObject.await(AbstractQueuedSynchronizer.java:2039)
        at java.util.concurrent.LinkedBlockingQueue.take(LinkedBlockingQueue.java:442)
        at java.util.concurrent.ThreadPoolExecutor.getTask(ThreadPoolExecutor.java:1074)
        at java.util.concurrent.ThreadPoolExecutor.runWorker(ThreadPoolExecutor.java:1134)
        at java.util.concurrent.ThreadPoolExecutor$Worker.run(ThreadPoolExecutor.java:624)
        at java.lang.Thread.run(Thread.java:750)
"Datanode ReportManager Thread - 4" daemon prio=5 tid=865 timed_waiting
java.lang.Thread.State: TIMED_WAITING
        at sun.misc.Unsafe.park(Native Method)
        at java.util.concurrent.locks.LockSupport.parkNanos(LockSupport.java:215)
        at java.util.concurrent.locks.AbstractQueuedSynchronizer$ConditionObject.awaitNanos(AbstractQueuedSynchronizer.java:2078)
        at java.util.concurrent.ScheduledThreadPoolExecutor$DelayedWorkQueue.take(ScheduledThreadPoolExecutor.java:1093)
        at java.util.concurrent.ScheduledThreadPoolExecutor$DelayedWorkQueue.take(ScheduledThreadPoolExecutor.java:809)
        at java.util.concurrent.ThreadPoolExecutor.getTask(ThreadPoolExecutor.java:1074)
        at java.util.concurrent.ThreadPoolExecutor.runWorker(ThreadPoolExecutor.java:1134)
        at java.util.concurrent.ThreadPoolExecutor$Worker.run(ThreadPoolExecutor.java:624)
        at java.lang.Thread.run(Thread.java:750)
"Listener at 127.0.0.1/45261" daemon prio=5 tid=12 runnable
java.lang.Thread.State: RUNNABLE
        at java.lang.Thread.dumpThreads(Native Method)
        at java.lang.Thread.getAllStackTraces(Thread.java:1615)
        at org.apache.ozone.test.TimedOutTestsListener.buildThreadDump(TimedOutTestsListener.java:93)
        at org.apache.ozone.test.TimedOutTestsListener.buildThreadDiagnosticString(TimedOutTestsListener.java:79)
        at org.apache.ozone.test.GenericTestUtils.waitFor(GenericTestUtils.java:226)
        at org.apache.hadoop.ozone.parser.TestOzoneHARatisLogParser.testRatisLogParsing(TestOzoneHARatisLogParser.java:129)
        at sun.reflect.NativeMethodAccessorImpl.invoke0(Native Method)
        at sun.reflect.NativeMethodAccessorImpl.invoke(NativeMethodAccessorImpl.java:62)
        at sun.reflect.DelegatingMethodAccessorImpl.invoke(DelegatingMethodAccessorImpl.java:43)
        at java.lang.reflect.Method.invoke(Method.java:498)
        at org.junit.runners.model.FrameworkMethod$1.runReflectiveCall(FrameworkMethod.java:59)
        at org.junit.internal.runners.model.ReflectiveCallable.run(ReflectiveCallable.java:12)
        at org.junit.runners.model.FrameworkMethod.invokeExplosively(FrameworkMethod.java:56)
        at org.junit.internal.runners.statements.InvokeMethod.evaluate(InvokeMethod.java:17)
        at org.junit.internal.runners.statements.RunBefores.evaluate(RunBefores.java:26)
        at org.junit.internal.runners.statements.RunAfters.evaluate(RunAfters.java:27)
        at org.junit.internal.runners.statements.FailOnTimeout$CallableStatement.call(FailOnTimeout.java:288)
        at org.junit.internal.runners.statements.FailOnTimeout$CallableStatement.call(FailOnTimeout.java:282)
        at java.util.concurrent.FutureTask.run(FutureTask.java:266)
        at java.lang.Thread.run(Thread.java:750)
"Signal Dispatcher" daemon prio=9 tid=4 runnable
java.lang.Thread.State: RUNNABLE
"EndpointStateMachine task thread for /127.0.0.1:35577 - 0 "  prio=5 tid=897 in Object.wait()
java.lang.Thread.State: WAITING (on object monitor)
        at sun.misc.Unsafe.park(Native Method)
        at java.util.concurrent.locks.LockSupport.park(LockSupport.java:175)
        at java.util.concurrent.locks.AbstractQueuedSynchronizer$ConditionObject.await(AbstractQueuedSynchronizer.java:2039)
        at java.util.concurrent.LinkedBlockingQueue.take(LinkedBlockingQueue.java:442)
        at java.util.concurrent.ThreadPoolExecutor.getTask(ThreadPoolExecutor.java:1074)
        at java.util.concurrent.ThreadPoolExecutor.runWorker(ThreadPoolExecutor.java:1134)
        at java.util.concurrent.ThreadPoolExecutor$Worker.run(ThreadPoolExecutor.java:624)
        at java.lang.Thread.run(Thread.java:750)
"IPC Parameter Sending Thread #2" daemon prio=5 tid=955 timed_waiting
java.lang.Thread.State: TIMED_WAITING
        at sun.misc.Unsafe.park(Native Method)
        at java.util.concurrent.locks.LockSupport.parkNanos(LockSupport.java:215)
        at java.util.concurrent.SynchronousQueue$TransferStack.awaitFulfill(SynchronousQueue.java:460)
        at java.util.concurrent.SynchronousQueue$TransferStack.transfer(SynchronousQueue.java:362)
        at java.util.concurrent.SynchronousQueue.poll(SynchronousQueue.java:941)
        at java.util.concurrent.ThreadPoolExecutor.getTask(ThreadPoolExecutor.java:1073)
        at java.util.concurrent.ThreadPoolExecutor.runWorker(ThreadPoolExecutor.java:1134)
        at java.util.concurrent.ThreadPoolExecutor$Worker.run(ThreadPoolExecutor.java:624)
        at java.lang.Thread.run(Thread.java:750)
"EndpointStateMachine task thread for /127.0.0.1:42779 - 0 "  prio=5 tid=898 in Object.wait()
java.lang.Thread.State: WAITING (on object monitor)
        at sun.misc.Unsafe.park(Native Method)
        at java.util.concurrent.locks.LockSupport.park(LockSupport.java:175)
        at java.util.concurrent.locks.AbstractQueuedSynchronizer$ConditionObject.await(AbstractQueuedSynchronizer.java:2039)
        at java.util.concurrent.LinkedBlockingQueue.take(LinkedBlockingQueue.java:442)
        at java.util.concurrent.ThreadPoolExecutor.getTask(ThreadPoolExecutor.java:1074)
        at java.util.concurrent.ThreadPoolExecutor.runWorker(ThreadPoolExecutor.java:1134)
        at java.util.concurrent.ThreadPoolExecutor$Worker.run(ThreadPoolExecutor.java:624)
        at java.lang.Thread.run(Thread.java:750)
"FullTableCache Cleanup Thread - 0" daemon prio=5 tid=1167 in Object.wait()
java.lang.Thread.State: WAITING (on object monitor)
        at sun.misc.Unsafe.park(Native Method)
        at java.util.concurrent.locks.LockSupport.park(LockSupport.java:175)
        at java.util.concurrent.locks.AbstractQueuedSynchronizer$ConditionObject.await(AbstractQueuedSynchronizer.java:2039)
        at java.util.concurrent.LinkedBlockingQueue.take(LinkedBlockingQueue.java:442)
        at java.util.concurrent.ThreadPoolExecutor.getTask(ThreadPoolExecutor.java:1074)
        at java.util.concurrent.ThreadPoolExecutor.runWorker(ThreadPoolExecutor.java:1134)
        at java.util.concurrent.ThreadPoolExecutor$Worker.run(ThreadPoolExecutor.java:624)
        at java.lang.Thread.run(Thread.java:750)
"EndpointStateMachine task thread for /127.0.0.1:42779 - 0 "  prio=5 tid=916 timed_waiting
java.lang.Thread.State: TIMED_WAITING
        at java.lang.Thread.sleep(Native Method)
        at org.apache.hadoop.ipc.Client$Connection.handleConnectionFailure(Client.java:972)
        at org.apache.hadoop.ipc.Client$Connection.setupConnection(Client.java:724)
        at org.apache.hadoop.ipc.Client$Connection.setupIOstreams(Client.java:822)
        at org.apache.hadoop.ipc.Client$Connection.access$3800(Client.java:414)
        at org.apache.hadoop.ipc.Client.getConnection(Client.java:1647)
        at org.apache.hadoop.ipc.Client.call(Client.java:1463)
        at org.apache.hadoop.ipc.Client.call(Client.java:1416)
        at org.apache.hadoop.ipc.ProtobufRpcEngine$Invoker.invoke(ProtobufRpcEngine.java:236)
        at org.apache.hadoop.ipc.ProtobufRpcEngine$Invoker.invoke(ProtobufRpcEngine.java:123)
        at com.sun.proxy.$Proxy51.submitRequest(Unknown Source)
        at org.apache.hadoop.ozone.protocolPB.StorageContainerDatanodeProtocolClientSideTranslatorPB.submitRequest(StorageContainerDatanodeProtocolClientSideTranslatorPB.java:117)
        at org.apache.hadoop.ozone.protocolPB.StorageContainerDatanodeProtocolClientSideTranslatorPB.sendHeartbeat(StorageContainerDatanodeProtocolClientSideTranslatorPB.java:149)
        at org.apache.hadoop.ozone.container.common.states.endpoint.HeartbeatEndpointTask.call(HeartbeatEndpointTask.java:183)
        at org.apache.hadoop.ozone.container.common.states.endpoint.HeartbeatEndpointTask.call(HeartbeatEndpointTask.java:85)
        at java.util.concurrent.FutureTask.run(FutureTask.java:266)
        at java.util.concurrent.ThreadPoolExecutor.runWorker(ThreadPoolExecutor.java:1149)
        at java.util.concurrent.ThreadPoolExecutor$Worker.run(ThreadPoolExecutor.java:624)
        at java.lang.Thread.run(Thread.java:750)
"surefire-forkedjvm-command-thread" daemon prio=5 tid=10 runnable
java.lang.Thread.State: RUNNABLE
        at java.io.FileInputStream.readBytes(Native Method)
        at java.io.FileInputStream.read(FileInputStream.java:255)
        at java.io.BufferedInputStream.read1(BufferedInputStream.java:284)
        at java.io.BufferedInputStream.read(BufferedInputStream.java:345)
        at java.io.BufferedInputStream.fill(BufferedInputStream.java:246)
        at java.io.BufferedInputStream.read1(BufferedInputStream.java:286)
        at java.io.BufferedInputStream.read(BufferedInputStream.java:345)
        at org.apache.maven.surefire.api.util.internal.Channels$3.readImpl(Channels.java:214)
        at org.apache.maven.surefire.api.util.internal.AbstractNoninterruptibleReadableChannel.read(AbstractNoninterruptibleReadableChannel.java:54)
        at org.apache.maven.surefire.booter.spi.LegacyMasterProcessChannelDecoder.decode(LegacyMasterProcessChannelDecoder.java:80)
        at org.apache.maven.surefire.booter.CommandReader$CommandRunnable.run(CommandReader.java:343)
        at java.lang.Thread.run(Thread.java:750)
"Datanode ReportManager Thread - 4" daemon prio=5 tid=799 in Object.wait()
java.lang.Thread.State: WAITING (on object monitor)
        at sun.misc.Unsafe.park(Native Method)
        at java.util.concurrent.locks.LockSupport.park(LockSupport.java:175)
        at java.util.concurrent.locks.AbstractQueuedSynchronizer$ConditionObject.await(AbstractQueuedSynchronizer.java:2039)
        at java.util.concurrent.ScheduledThreadPoolExecutor$DelayedWorkQueue.take(ScheduledThreadPoolExecutor.java:1088)
        at java.util.concurrent.ScheduledThreadPoolExecutor$DelayedWorkQueue.take(ScheduledThreadPoolExecutor.java:809)
        at java.util.concurrent.ThreadPoolExecutor.getTask(ThreadPoolExecutor.java:1074)
        at java.util.concurrent.ThreadPoolExecutor.runWorker(ThreadPoolExecutor.java:1134)
        at java.util.concurrent.ThreadPoolExecutor$Worker.run(ThreadPoolExecutor.java:624)
        at java.lang.Thread.run(Thread.java:750)
"EndpointStateMachine task thread for /127.0.0.1:40207 - 0 "  prio=5 tid=914 timed_waiting
java.lang.Thread.State: TIMED_WAITING
        at java.lang.Thread.sleep(Native Method)
        at org.apache.hadoop.ipc.Client$Connection.handleConnectionFailure(Client.java:972)
        at org.apache.hadoop.ipc.Client$Connection.setupConnection(Client.java:724)
        at org.apache.hadoop.ipc.Client$Connection.setupIOstreams(Client.java:822)
        at org.apache.hadoop.ipc.Client$Connection.access$3800(Client.java:414)
        at org.apache.hadoop.ipc.Client.getConnection(Client.java:1647)
        at org.apache.hadoop.ipc.Client.call(Client.java:1463)
        at org.apache.hadoop.ipc.Client.call(Client.java:1416)
        at org.apache.hadoop.ipc.ProtobufRpcEngine$Invoker.invoke(ProtobufRpcEngine.java:236)
        at org.apache.hadoop.ipc.ProtobufRpcEngine$Invoker.invoke(ProtobufRpcEngine.java:123)
        at com.sun.proxy.$Proxy51.submitRequest(Unknown Source)
        at org.apache.hadoop.ozone.protocolPB.StorageContainerDatanodeProtocolClientSideTranslatorPB.submitRequest(StorageContainerDatanodeProtocolClientSideTranslatorPB.java:117)
        at org.apache.hadoop.ozone.protocolPB.StorageContainerDatanodeProtocolClientSideTranslatorPB.sendHeartbeat(StorageContainerDatanodeProtocolClientSideTranslatorPB.java:149)
        at org.apache.hadoop.ozone.container.common.states.endpoint.HeartbeatEndpointTask.call(HeartbeatEndpointTask.java:183)
        at org.apache.hadoop.ozone.container.common.states.endpoint.HeartbeatEndpointTask.call(HeartbeatEndpointTask.java:85)
        at java.util.concurrent.FutureTask.run(FutureTask.java:266)
        at java.util.concurrent.ThreadPoolExecutor.runWorker(ThreadPoolExecutor.java:1149)
        at java.util.concurrent.ThreadPoolExecutor$Worker.run(ThreadPoolExecutor.java:624)
        at java.lang.Thread.run(Thread.java:750)
"IPC Parameter Sending Thread #1" daemon prio=5 tid=882 timed_waiting
java.lang.Thread.State: TIMED_WAITING
        at sun.misc.Unsafe.park(Native Method)
        at java.util.concurrent.locks.LockSupport.parkNanos(LockSupport.java:215)
        at java.util.concurrent.SynchronousQueue$TransferStack.awaitFulfill(SynchronousQueue.java:460)
        at java.util.concurrent.SynchronousQueue$TransferStack.transfer(SynchronousQueue.java:362)
        at java.util.concurrent.SynchronousQueue.poll(SynchronousQueue.java:941)
        at java.util.concurrent.ThreadPoolExecutor.getTask(ThreadPoolExecutor.java:1073)
        at java.util.concurrent.ThreadPoolExecutor.runWorker(ThreadPoolExecutor.java:1134)
        at java.util.concurrent.ThreadPoolExecutor$Worker.run(ThreadPoolExecutor.java:624)
        at java.lang.Thread.run(Thread.java:750)
"Datanode ReportManager Thread - 0" daemon prio=5 tid=821 in Object.wait()
java.lang.Thread.State: WAITING (on object monitor)
        at sun.misc.Unsafe.park(Native Method)
        at java.util.concurrent.locks.LockSupport.park(LockSupport.java:175)
        at java.util.concurrent.locks.AbstractQueuedSynchronizer$ConditionObject.await(AbstractQueuedSynchronizer.java:2039)
        at java.util.concurrent.ScheduledThreadPoolExecutor$DelayedWorkQueue.take(ScheduledThreadPoolExecutor.java:1088)
        at java.util.concurrent.ScheduledThreadPoolExecutor$DelayedWorkQueue.take(ScheduledThreadPoolExecutor.java:809)
        at java.util.concurrent.ThreadPoolExecutor.getTask(ThreadPoolExecutor.java:1074)
        at java.util.concurrent.ThreadPoolExecutor.runWorker(ThreadPoolExecutor.java:1134)
        at java.util.concurrent.ThreadPoolExecutor$Worker.run(ThreadPoolExecutor.java:624)
        at java.lang.Thread.run(Thread.java:750)
"Datanode ReportManager Thread - 4" daemon prio=5 tid=825 in Object.wait()
java.lang.Thread.State: WAITING (on object monitor)
        at sun.misc.Unsafe.park(Native Method)
        at java.util.concurrent.locks.LockSupport.park(LockSupport.java:175)
        at java.util.concurrent.locks.AbstractQueuedSynchronizer$ConditionObject.await(AbstractQueuedSynchronizer.java:2039)
        at java.util.concurrent.ScheduledThreadPoolExecutor$DelayedWorkQueue.take(ScheduledThreadPoolExecutor.java:1088)
        at java.util.concurrent.ScheduledThreadPoolExecutor$DelayedWorkQueue.take(ScheduledThreadPoolExecutor.java:809)
        at java.util.concurrent.ThreadPoolExecutor.getTask(ThreadPoolExecutor.java:1074)
        at java.util.concurrent.ThreadPoolExecutor.runWorker(ThreadPoolExecutor.java:1134)
        at java.util.concurrent.ThreadPoolExecutor$Worker.run(ThreadPoolExecutor.java:624)
        at java.lang.Thread.run(Thread.java:750)
"org.apache.hadoop.ozone.container.common.statemachine.commandhandler.DeleteBlocksCommandHandler$DeleteCmdWorker@76aa137d" daemon prio=5 tid=809 runnable
java.lang.Thread.State: RUNNABLE
        at java.lang.Thread.sleep(Native Method)
        at org.apache.hadoop.ozone.container.common.statemachine.commandhandler.DeleteBlocksCommandHandler$DeleteCmdWorker.run(DeleteBlocksCommandHandler.java:185)
        at java.lang.Thread.run(Thread.java:750)
"Datanode ReportManager Thread - 0" daemon prio=5 tid=861 in Object.wait()
java.lang.Thread.State: WAITING (on object monitor)
        at sun.misc.Unsafe.park(Native Method)
        at java.util.concurrent.locks.LockSupport.park(LockSupport.java:175)
        at java.util.concurrent.locks.AbstractQueuedSynchronizer$ConditionObject.await(AbstractQueuedSynchronizer.java:2039)
        at java.util.concurrent.ScheduledThreadPoolExecutor$DelayedWorkQueue.take(ScheduledThreadPoolExecutor.java:1088)
        at java.util.concurrent.ScheduledThreadPoolExecutor$DelayedWorkQueue.take(ScheduledThreadPoolExecutor.java:809)
        at java.util.concurrent.ThreadPoolExecutor.getTask(ThreadPoolExecutor.java:1074)
        at java.util.concurrent.ThreadPoolExecutor.runWorker(ThreadPoolExecutor.java:1134)
        at java.util.concurrent.ThreadPoolExecutor$Worker.run(ThreadPoolExecutor.java:624)
        at java.lang.Thread.run(Thread.java:750)
"Datanode ReportManager Thread - 1" daemon prio=5 tid=862 in Object.wait()
java.lang.Thread.State: WAITING (on object monitor)
        at sun.misc.Unsafe.park(Native Method)
        at java.util.concurrent.locks.LockSupport.park(LockSupport.java:175)
        at java.util.concurrent.locks.AbstractQueuedSynchronizer$ConditionObject.await(AbstractQueuedSynchronizer.java:2039)
        at java.util.concurrent.ScheduledThreadPoolExecutor$DelayedWorkQueue.take(ScheduledThreadPoolExecutor.java:1088)
        at java.util.concurrent.ScheduledThreadPoolExecutor$DelayedWorkQueue.take(ScheduledThreadPoolExecutor.java:809)
        at java.util.concurrent.ThreadPoolExecutor.getTask(ThreadPoolExecutor.java:1074)
        at java.util.concurrent.ThreadPoolExecutor.runWorker(ThreadPoolExecutor.java:1134)
        at java.util.concurrent.ThreadPoolExecutor$Worker.run(ThreadPoolExecutor.java:624)
        at java.lang.Thread.run(Thread.java:750)


	at org.apache.ozone.test.GenericTestUtils.waitFor(GenericTestUtils.java:226)
	at org.apache.hadoop.ozone.parser.TestOzoneHARatisLogParser.testRatisLogParsing(TestOzoneHARatisLogParser.java:129)
	at sun.reflect.NativeMethodAccessorImpl.invoke0(Native Method)
	at sun.reflect.NativeMethodAccessorImpl.invoke(NativeMethodAccessorImpl.java:62)
	at sun.reflect.DelegatingMethodAccessorImpl.invoke(DelegatingMethodAccessorImpl.java:43)
	at java.lang.reflect.Method.invoke(Method.java:498)
	at org.junit.runners.model.FrameworkMethod$1.runReflectiveCall(FrameworkMethod.java:59)
	at org.junit.internal.runners.model.ReflectiveCallable.run(ReflectiveCallable.java:12)
	at org.junit.runners.model.FrameworkMethod.invokeExplosively(FrameworkMethod.java:56)
	at org.junit.internal.runners.statements.InvokeMethod.evaluate(InvokeMethod.java:17)
	at org.junit.internal.runners.statements.RunBefores.evaluate(RunBefores.java:26)
	at org.junit.internal.runners.statements.RunAfters.evaluate(RunAfters.java:27)
	at org.junit.internal.runners.statements.FailOnTimeout$CallableStatement.call(FailOnTimeout.java:288)
	at org.junit.internal.runners.statements.FailOnTimeout$CallableStatement.call(FailOnTimeout.java:282)
	at java.util.concurrent.FutureTask.run(FutureTask.java:266)
	at java.lang.Thread.run(Thread.java:750)
]]></error>
    <system-out><![CDATA[2022-06-08 19:33:27,273 [Time-limited test] WARN  server.ServerUtils (ServerUtils.java:getScmDbDir(148)) - ozone.scm.db.dirs is not configured. We recommend adding this setting. Falling back to ozone.metadata.dirs instead.
2022-06-08 19:33:27,308 [Time-limited test] INFO  ha.SCMHANodeDetails (SCMHANodeDetails.java:loadSCMHAConfig(160)) - ServiceID for StorageContainerManager is scmServiceId
2022-06-08 19:33:27,309 [Time-limited test] INFO  ha.SCMHANodeDetails (SCMHANodeDetails.java:loadSCMHAConfig(171)) - ServiceID for StorageContainerManager is scmServiceId
2022-06-08 19:33:27,392 [Time-limited test] WARN  scm.ScmUtils (ScmUtils.java:logWarn(179)) - ConfigKey ozone.scm.block.client.address is deprecated, For configuring different ports for each SCM use PortConfigKey ozone.scm.block.client.port appended with serviceId and nodeId. If want to configure same port configure ozone.scm.block.client.port
2022-06-08 19:33:27,393 [Time-limited test] WARN  scm.ScmUtils (ScmUtils.java:logWarn(179)) - ConfigKey ozone.scm.client.address is deprecated, For configuring different ports for each SCM use PortConfigKey ozone.scm.client.port appended with serviceId and nodeId. If want to configure same port configure ozone.scm.client.port
2022-06-08 19:33:27,393 [Time-limited test] WARN  scm.ScmUtils (ScmUtils.java:logWarn(179)) - ConfigKey ozone.scm.datanode.address is deprecated, For configuring different ports for each SCM use PortConfigKey ozone.scm.datanode.port appended with serviceId and nodeId. If want to configure same port configure ozone.scm.datanode.port
2022-06-08 19:33:27,400 [Time-limited test] WARN  scm.ScmUtils (ScmUtils.java:logWarn(179)) - ConfigKey ozone.scm.block.client.address is deprecated, For configuring different ports for each SCM use PortConfigKey ozone.scm.block.client.port appended with serviceId and nodeId. If want to configure same port configure ozone.scm.block.client.port
2022-06-08 19:33:27,400 [Time-limited test] WARN  scm.ScmUtils (ScmUtils.java:logWarn(179)) - ConfigKey ozone.scm.client.address is deprecated, For configuring different ports for each SCM use PortConfigKey ozone.scm.client.port appended with serviceId and nodeId. If want to configure same port configure ozone.scm.client.port
2022-06-08 19:33:27,401 [Time-limited test] WARN  scm.ScmUtils (ScmUtils.java:logWarn(179)) - ConfigKey ozone.scm.datanode.address is deprecated, For configuring different ports for each SCM use PortConfigKey ozone.scm.datanode.port appended with serviceId and nodeId. If want to configure same port configure ozone.scm.datanode.port
2022-06-08 19:33:27,402 [Time-limited test] INFO  ha.SCMHANodeDetails (SCMHANodeDetails.java:loadSCMHAConfig(258)) - Found matching SCM address with SCMServiceId: scmServiceId, SCMNodeId: scmNode-1, RPC Address: localhost:36931 and Ratis port: 36931
2022-06-08 19:33:27,403 [Time-limited test] INFO  ha.SCMHANodeDetails (ConfUtils.java:setNodeSpecificConfigs(97)) - Setting configuration key ozone.scm.datanode.address with value of key ozone.scm.datanode.address.scmServiceId.scmNode-1: 127.0.0.1:35577
2022-06-08 19:33:27,403 [Time-limited test] INFO  ha.SCMHANodeDetails (ConfUtils.java:setNodeSpecificConfigs(97)) - Setting configuration key ozone.scm.block.client.address with value of key ozone.scm.block.client.address.scmServiceId.scmNode-1: 127.0.0.1:37419
2022-06-08 19:33:27,403 [Time-limited test] INFO  ha.SCMHANodeDetails (ConfUtils.java:setNodeSpecificConfigs(97)) - Setting configuration key ozone.scm.client.address with value of key ozone.scm.client.address.scmServiceId.scmNode-1: 127.0.0.1:36165
2022-06-08 19:33:27,404 [Time-limited test] INFO  ha.SCMHANodeDetails (ConfUtils.java:setNodeSpecificConfigs(97)) - Setting configuration key ozone.scm.ratis.port with value of key ozone.scm.ratis.port.scmServiceId.scmNode-1: 36931
2022-06-08 19:33:27,404 [Time-limited test] INFO  ha.SCMHANodeDetails (ConfUtils.java:setNodeSpecificConfigs(97)) - Setting configuration key ozone.scm.grpc.port with value of key ozone.scm.grpc.port.scmServiceId.scmNode-1: 41241
2022-06-08 19:33:27,405 [Time-limited test] INFO  ha.SCMHANodeDetails (ConfUtils.java:setNodeSpecificConfigs(97)) - Setting configuration key ozone.scm.http-address with value of key ozone.scm.http-address.scmServiceId.scmNode-1: 127.0.0.1:45865
2022-06-08 19:33:27,406 [Time-limited test] INFO  ha.SCMHANodeDetails (ConfUtils.java:setNodeSpecificConfigs(97)) - Setting configuration key ozone.scm.https-address with value of key ozone.scm.https-address.scmServiceId.scmNode-1: 127.0.0.1:34513
2022-06-08 19:33:27,407 [Time-limited test] INFO  ha.SCMHANodeDetails (ConfUtils.java:setNodeSpecificConfigs(97)) - Setting configuration key ozone.scm.address with value of key ozone.scm.address.scmServiceId.scmNode-1: 127.0.0.1
2022-06-08 19:33:27,407 [Time-limited test] WARN  scm.ScmUtils (ScmUtils.java:logWarn(179)) - ConfigKey ozone.scm.block.client.address is deprecated, For configuring different ports for each SCM use PortConfigKey ozone.scm.block.client.port appended with serviceId and nodeId. If want to configure same port configure ozone.scm.block.client.port
2022-06-08 19:33:27,408 [Time-limited test] WARN  scm.ScmUtils (ScmUtils.java:logWarn(179)) - ConfigKey ozone.scm.client.address is deprecated, For configuring different ports for each SCM use PortConfigKey ozone.scm.client.port appended with serviceId and nodeId. If want to configure same port configure ozone.scm.client.port
2022-06-08 19:33:27,409 [Time-limited test] WARN  scm.ScmUtils (ScmUtils.java:logWarn(179)) - ConfigKey ozone.scm.datanode.address is deprecated, For configuring different ports for each SCM use PortConfigKey ozone.scm.datanode.port appended with serviceId and nodeId. If want to configure same port configure ozone.scm.datanode.port
2022-06-08 19:33:27,532 [Time-limited test] INFO  server.RaftServer (ConfUtils.java:logGet(46)) - raft.rpc.type = GRPC (default)
2022-06-08 19:33:27,626 [Time-limited test] INFO  grpc.GrpcFactory (GrpcFactory.java:checkPooledByteBufAllocatorUseCacheForAllThreads(48)) - PERFORMANCE WARNING: useCacheForAllThreads is true that may cause Netty to create a lot garbage objects and, as a result, trigger GC.
	It is recommended to disable useCacheForAllThreads by setting -Dorg.apache.ratis.thirdparty.io.netty.allocator.useCacheForAllThreads=false in command line.
2022-06-08 19:33:27,630 [Time-limited test] INFO  grpc.GrpcConfigKeys (ConfUtils.java:logGet(46)) - raft.grpc.admin.port = -1 (default)
2022-06-08 19:33:27,631 [Time-limited test] INFO  grpc.GrpcConfigKeys (ConfUtils.java:logGet(46)) - raft.grpc.server.port = 36931 (custom)
2022-06-08 19:33:27,632 [Time-limited test] INFO  grpc.GrpcConfigKeys (ConfUtils.java:logGet(46)) - raft.grpc.client.port = -1 (default)
2022-06-08 19:33:27,632 [Time-limited test] INFO  grpc.GrpcConfigKeys (ConfUtils.java:logGet(46)) - raft.grpc.server.port = 36931 (custom)
2022-06-08 19:33:27,633 [Time-limited test] INFO  grpc.GrpcConfigKeys (ConfUtils.java:logGet(46)) - raft.grpc.server.port = 36931 (custom)
2022-06-08 19:33:27,634 [Time-limited test] INFO  server.GrpcService (ConfUtils.java:logGet(46)) - raft.grpc.message.size.max = 32m (=33554432) (custom)
2022-06-08 19:33:27,636 [Time-limited test] INFO  server.RaftServerConfigKeys (ConfUtils.java:logGet(46)) - raft.server.log.appender.buffer.byte-limit = 33554432 (custom)
2022-06-08 19:33:27,637 [Time-limited test] INFO  server.GrpcService (ConfUtils.java:logGet(46)) - raft.grpc.flow.control.window = 1MB (=1048576) (default)
2022-06-08 19:33:27,638 [Time-limited test] INFO  server.RaftServerConfigKeys (ConfUtils.java:logGet(46)) - raft.server.rpc.request.timeout = 30000ms (custom)
2022-06-08 19:33:27,665 [Time-limited test] INFO  grpc.GrpcConfigKeys (ConfUtils.java:logGet(46)) - raft.grpc.server.async.request.thread.pool.cached = true (default)
2022-06-08 19:33:27,665 [Time-limited test] INFO  grpc.GrpcConfigKeys (ConfUtils.java:logGet(46)) - raft.grpc.server.async.request.thread.pool.size = 32 (default)
2022-06-08 19:33:28,021 [Time-limited test] INFO  impl.DataStreamServerImpl (ConfUtils.java:logGet(46)) - raft.datastream.type = DISABLED (default)
2022-06-08 19:33:28,024 [Time-limited test] INFO  server.RaftServerConfigKeys (ConfUtils.java:logGet(46)) - raft.server.threadpool.proxy.cached = true (default)
2022-06-08 19:33:28,025 [Time-limited test] INFO  server.RaftServerConfigKeys (ConfUtils.java:logGet(46)) - raft.server.threadpool.proxy.size = 0 (default)
2022-06-08 19:33:28,025 [Time-limited test] INFO  server.RaftServerConfigKeys (ConfUtils.java:logGet(46)) - raft.server.rpc.slowness.timeout = 120000ms (custom)
2022-06-08 19:33:28,025 [Time-limited test] INFO  server.RaftServerConfigKeys (ConfUtils.java:logGet(46)) - raft.server.leaderelection.leader.step-down.wait-time = 10s (default)
2022-06-08 19:33:28,029 [Time-limited test] INFO  server.RaftServerConfigKeys (ConfUtils.java:logGet(46)) - raft.server.storage.dir = [/home/runner/work/ozone/ozone/hadoop-ozone/integration-test/target/test-dir/MiniOzoneClusterImpl-6ca4cc63-2561-4277-bbe7-e6e454dc87c0/scmNode-1/scm-ha] (custom)
2022-06-08 19:33:28,036 [Time-limited test] INFO  server.RaftServer (RaftServerProxy.java:addNew(96)) - 2307c498-167f-43d9-87ae-3379131d0636: addNew group-E6E454DC87C0:[2307c498-167f-43d9-87ae-3379131d0636|rpc:localhost:36931|priority:0] returns group-E6E454DC87C0:java.util.concurrent.CompletableFuture@45f7f372[Not completed]
2022-06-08 19:33:28,056 [pool-2-thread-1] INFO  server.RaftServer$Division (RaftServerImpl.java:<init>(190)) - 2307c498-167f-43d9-87ae-3379131d0636: new RaftServerImpl for group-E6E454DC87C0:[2307c498-167f-43d9-87ae-3379131d0636|rpc:localhost:36931|priority:0] with SCMStateMachine:uninitialized
2022-06-08 19:33:28,058 [pool-2-thread-1] INFO  server.RaftServerConfigKeys (ConfUtils.java:logGet(46)) - raft.server.rpc.timeout.min = 5000ms (custom)
2022-06-08 19:33:28,058 [pool-2-thread-1] INFO  server.RaftServerConfigKeys (ConfUtils.java:logGet(46)) - raft.server.rpc.timeout.max = 5200ms (custom)
2022-06-08 19:33:28,058 [pool-2-thread-1] INFO  server.RaftServerConfigKeys (ConfUtils.java:logGet(46)) - raft.server.rpc.sleep.time = 25ms (default)
2022-06-08 19:33:28,058 [pool-2-thread-1] INFO  server.RaftServerConfigKeys (ConfUtils.java:logGet(46)) - raft.server.rpc.slowness.timeout = 120000ms (custom)
2022-06-08 19:33:28,058 [pool-2-thread-1] INFO  server.RaftServerConfigKeys (ConfUtils.java:logGet(46)) - raft.server.leaderelection.leader.step-down.wait-time = 10s (default)
2022-06-08 19:33:28,059 [pool-2-thread-1] INFO  server.RaftServerConfigKeys (ConfUtils.java:logGet(46)) - raft.server.sleep.deviation.threshold = 300ms (default)
2022-06-08 19:33:28,076 [pool-2-thread-1] INFO  server.RaftServer$Division (ServerState.java:<init>(107)) - 2307c498-167f-43d9-87ae-3379131d0636@group-E6E454DC87C0: ConfigurationManager, init=-1: [2307c498-167f-43d9-87ae-3379131d0636|rpc:localhost:36931|priority:0], old=null, confs=<EMPTY_MAP>
2022-06-08 19:33:28,076 [pool-2-thread-1] INFO  server.RaftServerConfigKeys (ConfUtils.java:logGet(46)) - raft.server.storage.dir = [/home/runner/work/ozone/ozone/hadoop-ozone/integration-test/target/test-dir/MiniOzoneClusterImpl-6ca4cc63-2561-4277-bbe7-e6e454dc87c0/scmNode-1/scm-ha] (custom)
2022-06-08 19:33:28,081 [pool-2-thread-1] INFO  server.RaftServerConfigKeys (ConfUtils.java:logGet(46)) - raft.server.log.corruption.policy = EXCEPTION (default)
2022-06-08 19:33:28,081 [pool-2-thread-1] INFO  server.RaftServerConfigKeys (ConfUtils.java:logGet(46)) - raft.server.storage.free-space.min = 0MB (=0) (default)
2022-06-08 19:33:28,087 [pool-2-thread-1] INFO  storage.RaftStorageDirectory (RaftStorageDirectoryImpl.java:analyzeStorage(135)) - The storage directory /home/runner/work/ozone/ozone/hadoop-ozone/integration-test/target/test-dir/MiniOzoneClusterImpl-6ca4cc63-2561-4277-bbe7-e6e454dc87c0/scmNode-1/scm-ha/6ca4cc63-2561-4277-bbe7-e6e454dc87c0 does not exist. Creating ...
2022-06-08 19:33:28,102 [pool-2-thread-1] INFO  storage.RaftStorageDirectory (RaftStorageDirectoryImpl.java:tryLock(230)) - Lock on /home/runner/work/ozone/ozone/hadoop-ozone/integration-test/target/test-dir/MiniOzoneClusterImpl-6ca4cc63-2561-4277-bbe7-e6e454dc87c0/scmNode-1/scm-ha/6ca4cc63-2561-4277-bbe7-e6e454dc87c0/in_use.lock acquired by nodename 20560@fv-az243-689
2022-06-08 19:33:28,109 [pool-2-thread-1] INFO  storage.RaftStorage (RaftStorageImpl.java:format(89)) - Storage directory /home/runner/work/ozone/ozone/hadoop-ozone/integration-test/target/test-dir/MiniOzoneClusterImpl-6ca4cc63-2561-4277-bbe7-e6e454dc87c0/scmNode-1/scm-ha/6ca4cc63-2561-4277-bbe7-e6e454dc87c0 has been successfully formatted.
2022-06-08 19:33:28,114 [pool-2-thread-1] INFO  server.RaftServerConfigKeys (ConfUtils.java:logGet(46)) - raft.server.notification.no-leader.timeout = 60s (default)
2022-06-08 19:33:28,116 [pool-2-thread-1] INFO  server.RaftServerConfigKeys (ConfUtils.java:logGet(46)) - raft.server.log.use.memory = false (default)
2022-06-08 19:33:28,127 [pool-2-thread-1] INFO  server.RaftServerConfigKeys (ConfUtils.java:logGet(46)) - raft.server.log.purge.gap = 1000000 (custom)
2022-06-08 19:33:28,127 [pool-2-thread-1] INFO  server.RaftServerConfigKeys (ConfUtils.java:logGet(46)) - raft.server.log.appender.buffer.byte-limit = 33554432 (custom)
2022-06-08 19:33:28,130 [pool-2-thread-1] INFO  server.RaftServerConfigKeys (ConfUtils.java:logGet(46)) - raft.server.log.statemachine.data.read.timeout = 1000ms (default)
2022-06-08 19:33:28,139 [pool-2-thread-1] INFO  metrics.MetricRegistries (MetricRegistriesLoader.java:load(64)) - Loaded MetricRegistries class org.apache.ratis.metrics.impl.MetricRegistriesImpl
2022-06-08 19:33:28,215 [pool-2-thread-1] INFO  server.RaftServerConfigKeys (ConfUtils.java:logGet(46)) - raft.server.log.segment.size.max = 4194304 (custom)
2022-06-08 19:33:28,230 [pool-2-thread-1] INFO  server.RaftServerConfigKeys (ConfUtils.java:logGet(46)) - raft.server.log.segment.cache.num.max = 2 (custom)
2022-06-08 19:33:28,231 [pool-2-thread-1] INFO  server.RaftServerConfigKeys (ConfUtils.java:logGet(46)) - raft.server.log.segment.cache.size.max = 200MB (=209715200) (default)
2022-06-08 19:33:28,236 [pool-2-thread-1] INFO  segmented.SegmentedRaftLogWorker (SegmentedRaftLogWorker.java:<init>(187)) - new 2307c498-167f-43d9-87ae-3379131d0636@group-E6E454DC87C0-SegmentedRaftLogWorker for RaftStorageImpl:Storage Directory /home/runner/work/ozone/ozone/hadoop-ozone/integration-test/target/test-dir/MiniOzoneClusterImpl-6ca4cc63-2561-4277-bbe7-e6e454dc87c0/scmNode-1/scm-ha/6ca4cc63-2561-4277-bbe7-e6e454dc87c0
2022-06-08 19:33:28,237 [pool-2-thread-1] INFO  server.RaftServerConfigKeys (ConfUtils.java:logGet(46)) - raft.server.log.queue.byte-limit = 64MB (=67108864) (default)
2022-06-08 19:33:28,238 [pool-2-thread-1] INFO  server.RaftServerConfigKeys (ConfUtils.java:logGet(46)) - raft.server.log.queue.element-limit = 4096 (default)
2022-06-08 19:33:28,239 [pool-2-thread-1] INFO  server.RaftServerConfigKeys (ConfUtils.java:logGet(46)) - raft.server.log.segment.size.max = 4194304 (custom)
2022-06-08 19:33:28,239 [pool-2-thread-1] INFO  server.RaftServerConfigKeys (ConfUtils.java:logGet(46)) - raft.server.log.preallocated.size = 4194304 (custom)
2022-06-08 19:33:28,240 [pool-2-thread-1] INFO  server.RaftServerConfigKeys (ConfUtils.java:logGet(46)) - raft.server.log.force.sync.num = 128 (default)
2022-06-08 19:33:28,240 [pool-2-thread-1] INFO  server.RaftServerConfigKeys (ConfUtils.java:logGet(46)) - raft.server.log.statemachine.data.sync = true (default)
2022-06-08 19:33:28,241 [pool-2-thread-1] INFO  server.RaftServerConfigKeys (ConfUtils.java:logGet(46)) - raft.server.log.statemachine.data.sync.timeout = 10s (default)
2022-06-08 19:33:28,241 [pool-2-thread-1] INFO  server.RaftServerConfigKeys (ConfUtils.java:logGet(46)) - raft.server.log.statemachine.data.sync.timeout.retry = -1 (default)
2022-06-08 19:33:28,251 [pool-2-thread-1] INFO  server.RaftServerConfigKeys (ConfUtils.java:logGet(46)) - raft.server.log.write.buffer.size = 64KB (=65536) (default)
2022-06-08 19:33:28,251 [pool-2-thread-1] INFO  server.RaftServerConfigKeys (ConfUtils.java:logGet(46)) - raft.server.log.unsafe-flush.enabled = false (default)
2022-06-08 19:33:28,252 [pool-2-thread-1] INFO  server.RaftServerConfigKeys (ConfUtils.java:logGet(46)) - raft.server.log.statemachine.data.caching.enabled = false (default)
2022-06-08 19:33:28,258 [pool-2-thread-1] INFO  segmented.SegmentedRaftLogWorker (SegmentedRaftLogWorker.java:lambda$new$0(135)) - 2307c498-167f-43d9-87ae-3379131d0636@group-E6E454DC87C0-SegmentedRaftLogWorker: flushIndex: setUnconditionally 0 -> -1
2022-06-08 19:33:28,258 [pool-2-thread-1] INFO  segmented.SegmentedRaftLogWorker (SegmentedRaftLogWorker.java:lambda$new$0(135)) - 2307c498-167f-43d9-87ae-3379131d0636@group-E6E454DC87C0-SegmentedRaftLogWorker: safeCacheEvictIndex: setUnconditionally 0 -> -1
2022-06-08 19:33:28,262 [pool-2-thread-1] INFO  server.RaftServerConfigKeys (ConfUtils.java:logGet(46)) - raft.server.snapshot.auto.trigger.enabled = true (custom)
2022-06-08 19:33:28,263 [pool-2-thread-1] INFO  server.RaftServerConfigKeys (ConfUtils.java:logGet(46)) - raft.server.snapshot.auto.trigger.threshold = 1000 (custom)
2022-06-08 19:33:28,263 [pool-2-thread-1] INFO  server.RaftServerConfigKeys (ConfUtils.java:logGet(46)) - raft.server.snapshot.retention.file.num = -1 (default)
2022-06-08 19:33:28,264 [pool-2-thread-1] INFO  server.RaftServerConfigKeys (ConfUtils.java:logGet(46)) - raft.server.log.purge.upto.snapshot.index = false (default)
2022-06-08 19:33:28,265 [pool-2-thread-1] INFO  server.RaftServerConfigKeys (ConfUtils.java:logGet(46)) - raft.server.retrycache.expirytime = 60000ms (default)
2022-06-08 19:33:28,266 [pool-2-thread-1] INFO  server.RaftServerConfigKeys (ConfUtils.java:logGet(46)) - raft.server.retrycache.statistics.expirytime = 100μs (default)
2022-06-08 19:33:28,315 [pool-2-thread-1] INFO  server.RaftServerConfigKeys (ConfUtils.java:logGet(46)) - raft.server.log.appender.install.snapshot.enabled = false (custom)
2022-06-08 19:33:28,315 [pool-2-thread-1] INFO  server.RaftServerConfigKeys (ConfUtils.java:logGet(46)) - raft.server.threadpool.server.cached = true (default)
2022-06-08 19:33:28,316 [pool-2-thread-1] INFO  server.RaftServerConfigKeys (ConfUtils.java:logGet(46)) - raft.server.threadpool.server.size = 0 (default)
2022-06-08 19:33:28,316 [pool-2-thread-1] INFO  server.RaftServerConfigKeys (ConfUtils.java:logGet(46)) - raft.server.threadpool.client.cached = true (default)
2022-06-08 19:33:28,317 [pool-2-thread-1] INFO  server.RaftServerConfigKeys (ConfUtils.java:logGet(46)) - raft.server.threadpool.client.size = 0 (default)
2022-06-08 19:33:28,318 [2307c498-167f-43d9-87ae-3379131d0636-impl-thread1] INFO  server.RaftServer$Division (RaftServerImpl.java:start(310)) - 2307c498-167f-43d9-87ae-3379131d0636@group-E6E454DC87C0: start as a follower, conf=-1: [2307c498-167f-43d9-87ae-3379131d0636|rpc:localhost:36931|priority:0], old=null
2022-06-08 19:33:28,318 [2307c498-167f-43d9-87ae-3379131d0636-impl-thread1] INFO  server.RaftServer$Division (RaftServerImpl.java:setRole(299)) - 2307c498-167f-43d9-87ae-3379131d0636@group-E6E454DC87C0: changes role from      null to FOLLOWER at term 0 for startAsFollower
2022-06-08 19:33:28,319 [2307c498-167f-43d9-87ae-3379131d0636-impl-thread1] INFO  impl.RoleInfo (RoleInfo.java:updateAndGet(139)) - 2307c498-167f-43d9-87ae-3379131d0636: start 2307c498-167f-43d9-87ae-3379131d0636@group-E6E454DC87C0-FollowerState
2022-06-08 19:33:28,320 [2307c498-167f-43d9-87ae-3379131d0636-impl-thread1] INFO  util.JmxRegister (JmxRegister.java:tryRegister(44)) - Successfully registered JMX Bean with object name Ratis:service=RaftServer,group=group-E6E454DC87C0,id=2307c498-167f-43d9-87ae-3379131d0636
2022-06-08 19:33:28,323 [Time-limited test] INFO  server.RaftServer (RaftServerProxy.java:lambda$start$6(382)) - 2307c498-167f-43d9-87ae-3379131d0636: start RPC server
2022-06-08 19:33:28,382 [Time-limited test] INFO  server.GrpcService (GrpcService.java:startImpl(260)) - 2307c498-167f-43d9-87ae-3379131d0636: GrpcService started, listening on 36931
2022-06-08 19:33:28,385 [org.apache.ratis.util.JvmPauseMonitor$$Lambda$519/1621292246@1d517653] INFO  util.JvmPauseMonitor (JvmPauseMonitor.java:run(103)) - JvmPauseMonitor-2307c498-167f-43d9-87ae-3379131d0636: Started
2022-06-08 19:33:33,439 [2307c498-167f-43d9-87ae-3379131d0636@group-E6E454DC87C0-FollowerState] INFO  impl.FollowerState (FollowerState.java:run(143)) - 2307c498-167f-43d9-87ae-3379131d0636@group-E6E454DC87C0-FollowerState: change to CANDIDATE, lastRpcElapsedTime:5120258055ns, electionTimeout:5118ms
2022-06-08 19:33:33,440 [2307c498-167f-43d9-87ae-3379131d0636@group-E6E454DC87C0-FollowerState] INFO  impl.RoleInfo (RoleInfo.java:shutdownFollowerState(110)) - 2307c498-167f-43d9-87ae-3379131d0636: shutdown 2307c498-167f-43d9-87ae-3379131d0636@group-E6E454DC87C0-FollowerState
2022-06-08 19:33:33,441 [2307c498-167f-43d9-87ae-3379131d0636@group-E6E454DC87C0-FollowerState] INFO  server.RaftServer$Division (RaftServerImpl.java:setRole(299)) - 2307c498-167f-43d9-87ae-3379131d0636@group-E6E454DC87C0: changes role from  FOLLOWER to CANDIDATE at term 0 for changeToCandidate
2022-06-08 19:33:33,443 [2307c498-167f-43d9-87ae-3379131d0636@group-E6E454DC87C0-FollowerState] INFO  server.RaftServerConfigKeys (ConfUtils.java:logGet(46)) - raft.server.leaderelection.pre-vote = false (custom)
2022-06-08 19:33:33,444 [2307c498-167f-43d9-87ae-3379131d0636@group-E6E454DC87C0-FollowerState] INFO  impl.RoleInfo (RoleInfo.java:updateAndGet(139)) - 2307c498-167f-43d9-87ae-3379131d0636: start 2307c498-167f-43d9-87ae-3379131d0636@group-E6E454DC87C0-LeaderElection1
2022-06-08 19:33:33,450 [2307c498-167f-43d9-87ae-3379131d0636@group-E6E454DC87C0-LeaderElection1] INFO  impl.LeaderElection (LeaderElection.java:askForVotes(310)) - 2307c498-167f-43d9-87ae-3379131d0636@group-E6E454DC87C0-LeaderElection1 ELECTION round 0: submit vote requests at term 1 for -1: [2307c498-167f-43d9-87ae-3379131d0636|rpc:localhost:36931|priority:0], old=null
2022-06-08 19:33:33,452 [2307c498-167f-43d9-87ae-3379131d0636@group-E6E454DC87C0-LeaderElection1] INFO  impl.LeaderElection (LeaderElection.java:askForVotes(312)) - 2307c498-167f-43d9-87ae-3379131d0636@group-E6E454DC87C0-LeaderElection1 ELECTION round 0: result PASSED (term=1)
2022-06-08 19:33:33,452 [2307c498-167f-43d9-87ae-3379131d0636@group-E6E454DC87C0-LeaderElection1] INFO  impl.RoleInfo (RoleInfo.java:shutdownLeaderElection(130)) - 2307c498-167f-43d9-87ae-3379131d0636: shutdown 2307c498-167f-43d9-87ae-3379131d0636@group-E6E454DC87C0-LeaderElection1
2022-06-08 19:33:33,453 [2307c498-167f-43d9-87ae-3379131d0636@group-E6E454DC87C0-LeaderElection1] INFO  server.RaftServer$Division (RaftServerImpl.java:setRole(299)) - 2307c498-167f-43d9-87ae-3379131d0636@group-E6E454DC87C0: changes role from CANDIDATE to LEADER at term 1 for changeToLeader
2022-06-08 19:33:33,454 [2307c498-167f-43d9-87ae-3379131d0636@group-E6E454DC87C0-LeaderElection1] INFO  server.RaftServer$Division (ServerState.java:setLeader(287)) - 2307c498-167f-43d9-87ae-3379131d0636@group-E6E454DC87C0: change Leader from null to 2307c498-167f-43d9-87ae-3379131d0636 at term 1 for becomeLeader, leader elected after 5340ms
2022-06-08 19:33:33,459 [2307c498-167f-43d9-87ae-3379131d0636@group-E6E454DC87C0-LeaderElection1] INFO  server.RaftServerConfigKeys (ConfUtils.java:logGet(46)) - raft.server.staging.catchup.gap = 1000 (default)
2022-06-08 19:33:33,464 [2307c498-167f-43d9-87ae-3379131d0636@group-E6E454DC87C0-LeaderElection1] INFO  server.RaftServerConfigKeys (ConfUtils.java:logGet(46)) - raft.server.write.element-limit = 4096 (default)
2022-06-08 19:33:33,465 [2307c498-167f-43d9-87ae-3379131d0636@group-E6E454DC87C0-LeaderElection1] INFO  server.RaftServerConfigKeys (ConfUtils.java:logGet(46)) - raft.server.write.byte-limit = 64MB (=67108864) (default)
2022-06-08 19:33:33,472 [2307c498-167f-43d9-87ae-3379131d0636@group-E6E454DC87C0-LeaderElection1] INFO  server.RaftServerConfigKeys (ConfUtils.java:logGet(46)) - raft.server.watch.timeout = 10s (default)
2022-06-08 19:33:33,472 [2307c498-167f-43d9-87ae-3379131d0636@group-E6E454DC87C0-LeaderElection1] INFO  server.RaftServerConfigKeys (ConfUtils.java:logGet(46)) - raft.server.watch.timeout.denomination = 1s (default)
2022-06-08 19:33:33,472 [2307c498-167f-43d9-87ae-3379131d0636@group-E6E454DC87C0-LeaderElection1] INFO  server.RaftServerConfigKeys (ConfUtils.java:logGet(46)) - raft.server.watch.element-limit = 65536 (default)
2022-06-08 19:33:33,477 [2307c498-167f-43d9-87ae-3379131d0636@group-E6E454DC87C0-LeaderElection1] INFO  server.RaftServerConfigKeys (ConfUtils.java:logGet(46)) - raft.server.write.element-limit = 4096 (default)
2022-06-08 19:33:33,479 [2307c498-167f-43d9-87ae-3379131d0636@group-E6E454DC87C0-LeaderElection1] INFO  server.RaftServerConfigKeys (ConfUtils.java:logGet(46)) - raft.server.write.follower.gap.ratio.max = -1.0 (default)
2022-06-08 19:33:33,481 [2307c498-167f-43d9-87ae-3379131d0636@group-E6E454DC87C0-LeaderElection1] INFO  impl.RoleInfo (RoleInfo.java:updateAndGet(139)) - 2307c498-167f-43d9-87ae-3379131d0636: start 2307c498-167f-43d9-87ae-3379131d0636@group-E6E454DC87C0-LeaderStateImpl
2022-06-08 19:33:33,506 [2307c498-167f-43d9-87ae-3379131d0636@group-E6E454DC87C0-LeaderElection1] INFO  segmented.SegmentedRaftLogWorker (SegmentedRaftLogWorker.java:startLogSegment(425)) - 2307c498-167f-43d9-87ae-3379131d0636@group-E6E454DC87C0-SegmentedRaftLogWorker: Starting segment from index:0
2022-06-08 19:33:33,537 [2307c498-167f-43d9-87ae-3379131d0636@group-E6E454DC87C0-LeaderElection1] INFO  server.RaftServer$Division (ServerState.java:setRaftConf(393)) - 2307c498-167f-43d9-87ae-3379131d0636@group-E6E454DC87C0: set configuration 0: [2307c498-167f-43d9-87ae-3379131d0636|rpc:localhost:36931|admin:|client:|dataStream:|priority:0], old=null
2022-06-08 19:33:33,622 [2307c498-167f-43d9-87ae-3379131d0636@group-E6E454DC87C0-SegmentedRaftLogWorker] INFO  segmented.SegmentedRaftLogWorker (SegmentedRaftLogWorker.java:execute(629)) - 2307c498-167f-43d9-87ae-3379131d0636@group-E6E454DC87C0-SegmentedRaftLogWorker: created new log segment /home/runner/work/ozone/ozone/hadoop-ozone/integration-test/target/test-dir/MiniOzoneClusterImpl-6ca4cc63-2561-4277-bbe7-e6e454dc87c0/scmNode-1/scm-ha/6ca4cc63-2561-4277-bbe7-e6e454dc87c0/current/log_inprogress_0
2022-06-08 19:33:34,387 [Time-limited test] INFO  server.RaftServer (RaftServerProxy.java:lambda$close$7(398)) - 2307c498-167f-43d9-87ae-3379131d0636: close
2022-06-08 19:33:34,389 [Time-limited test] INFO  server.RaftServer$Division (RaftServerImpl.java:lambda$close$4(434)) - 2307c498-167f-43d9-87ae-3379131d0636@group-E6E454DC87C0: shutdown
2022-06-08 19:33:34,389 [Time-limited test] INFO  util.JmxRegister (JmxRegister.java:unregister(73)) - Successfully un-registered JMX Bean with object name Ratis:service=RaftServer,group=group-E6E454DC87C0,id=2307c498-167f-43d9-87ae-3379131d0636
2022-06-08 19:33:34,389 [Time-limited test] INFO  impl.RoleInfo (RoleInfo.java:shutdownLeaderState(93)) - 2307c498-167f-43d9-87ae-3379131d0636: shutdown 2307c498-167f-43d9-87ae-3379131d0636@group-E6E454DC87C0-LeaderStateImpl
2022-06-08 19:33:34,396 [Time-limited test] INFO  impl.PendingRequests (PendingRequests.java:sendNotLeaderResponses(282)) - 2307c498-167f-43d9-87ae-3379131d0636@group-E6E454DC87C0-PendingRequests: sendNotLeaderResponses
2022-06-08 19:33:34,398 [Time-limited test] INFO  impl.StateMachineUpdater (StateMachineUpdater.java:stopAndJoin(153)) - 2307c498-167f-43d9-87ae-3379131d0636@group-E6E454DC87C0-StateMachineUpdater: set stopIndex = 0
2022-06-08 19:33:34,399 [2307c498-167f-43d9-87ae-3379131d0636@group-E6E454DC87C0-StateMachineUpdater] INFO  impl.StateMachineUpdater (StateMachineUpdater.java:takeSnapshot(287)) - 2307c498-167f-43d9-87ae-3379131d0636@group-E6E454DC87C0-StateMachineUpdater: Took a snapshot at index 0
2022-06-08 19:33:34,399 [2307c498-167f-43d9-87ae-3379131d0636@group-E6E454DC87C0-StateMachineUpdater] INFO  impl.StateMachineUpdater (StateMachineUpdater.java:lambda$new$0(92)) - 2307c498-167f-43d9-87ae-3379131d0636@group-E6E454DC87C0-StateMachineUpdater: snapshotIndex: updateIncreasingly -1 -> 0
2022-06-08 19:33:34,401 [Time-limited test] INFO  server.RaftServer$Division (ServerState.java:close(429)) - 2307c498-167f-43d9-87ae-3379131d0636@group-E6E454DC87C0: closes. applyIndex: 0
2022-06-08 19:33:34,402 [2307c498-167f-43d9-87ae-3379131d0636@group-E6E454DC87C0-SegmentedRaftLogWorker] INFO  segmented.SegmentedRaftLogWorker (SegmentedRaftLogWorker.java:run(336)) - 2307c498-167f-43d9-87ae-3379131d0636@group-E6E454DC87C0-SegmentedRaftLogWorker was interrupted, exiting. There are 0 tasks remaining in the queue.
2022-06-08 19:33:34,404 [Time-limited test] INFO  segmented.SegmentedRaftLogWorker (SegmentedRaftLogWorker.java:close(246)) - 2307c498-167f-43d9-87ae-3379131d0636@group-E6E454DC87C0-SegmentedRaftLogWorker close()
2022-06-08 19:33:34,408 [Time-limited test] INFO  server.GrpcService (GrpcService.java:closeImpl(269)) - 2307c498-167f-43d9-87ae-3379131d0636: shutdown server with port 36931 now
2022-06-08 19:33:34,422 [Time-limited test] INFO  server.GrpcService (GrpcService.java:closeImpl(278)) - 2307c498-167f-43d9-87ae-3379131d0636: shutdown server with port 36931 successfully
2022-06-08 19:33:34,423 [org.apache.ratis.util.JvmPauseMonitor$$Lambda$519/1621292246@1d517653] INFO  util.JvmPauseMonitor (JvmPauseMonitor.java:run(109)) - JvmPauseMonitor-2307c498-167f-43d9-87ae-3379131d0636: Stopped
2022-06-08 19:33:34,423 [Time-limited test] WARN  server.ServerUtils (ServerUtils.java:getScmDbDir(148)) - ozone.scm.db.dirs is not configured. We recommend adding this setting. Falling back to ozone.metadata.dirs instead.
2022-06-08 19:33:34,425 [Time-limited test] INFO  server.StorageContainerManager (StorageContainerManager.java:scmInit(1188)) - SCM initialization succeeded. Current cluster id for sd=/home/runner/work/ozone/ozone/hadoop-ozone/integration-test/target/test-dir/MiniOzoneClusterImpl-6ca4cc63-2561-4277-bbe7-e6e454dc87c0/scmNode-1/scm; cid=6ca4cc63-2561-4277-bbe7-e6e454dc87c0; layoutVersion=4; scmId=2307c498-167f-43d9-87ae-3379131d0636
2022-06-08 19:33:34,435 [Time-limited test] INFO  ha.SCMHANodeDetails (SCMHANodeDetails.java:loadSCMHAConfig(160)) - ServiceID for StorageContainerManager is scmServiceId
2022-06-08 19:33:34,435 [Time-limited test] INFO  ha.SCMHANodeDetails (SCMHANodeDetails.java:loadSCMHAConfig(171)) - ServiceID for StorageContainerManager is scmServiceId
2022-06-08 19:33:34,436 [Time-limited test] WARN  scm.ScmUtils (ScmUtils.java:logWarn(179)) - ConfigKey ozone.scm.block.client.address is deprecated, For configuring different ports for each SCM use PortConfigKey ozone.scm.block.client.port appended with serviceId and nodeId. If want to configure same port configure ozone.scm.block.client.port
2022-06-08 19:33:34,437 [Time-limited test] WARN  scm.ScmUtils (ScmUtils.java:logWarn(179)) - ConfigKey ozone.scm.client.address is deprecated, For configuring different ports for each SCM use PortConfigKey ozone.scm.client.port appended with serviceId and nodeId. If want to configure same port configure ozone.scm.client.port
2022-06-08 19:33:34,437 [Time-limited test] WARN  scm.ScmUtils (ScmUtils.java:logWarn(179)) - ConfigKey ozone.scm.datanode.address is deprecated, For configuring different ports for each SCM use PortConfigKey ozone.scm.datanode.port appended with serviceId and nodeId. If want to configure same port configure ozone.scm.datanode.port
2022-06-08 19:33:34,437 [Time-limited test] WARN  scm.ScmUtils (ScmUtils.java:logWarn(179)) - ConfigKey ozone.scm.block.client.address is deprecated, For configuring different ports for each SCM use PortConfigKey ozone.scm.block.client.port appended with serviceId and nodeId. If want to configure same port configure ozone.scm.block.client.port
2022-06-08 19:33:34,437 [Time-limited test] WARN  scm.ScmUtils (ScmUtils.java:logWarn(179)) - ConfigKey ozone.scm.client.address is deprecated, For configuring different ports for each SCM use PortConfigKey ozone.scm.client.port appended with serviceId and nodeId. If want to configure same port configure ozone.scm.client.port
2022-06-08 19:33:34,439 [Time-limited test] WARN  scm.ScmUtils (ScmUtils.java:logWarn(179)) - ConfigKey ozone.scm.datanode.address is deprecated, For configuring different ports for each SCM use PortConfigKey ozone.scm.datanode.port appended with serviceId and nodeId. If want to configure same port configure ozone.scm.datanode.port
2022-06-08 19:33:34,439 [Time-limited test] INFO  ha.SCMHANodeDetails (SCMHANodeDetails.java:loadSCMHAConfig(258)) - Found matching SCM address with SCMServiceId: scmServiceId, SCMNodeId: scmNode-1, RPC Address: localhost:36931 and Ratis port: 36931
2022-06-08 19:33:34,439 [Time-limited test] INFO  ha.SCMHANodeDetails (ConfUtils.java:setNodeSpecificConfigs(97)) - Setting configuration key ozone.scm.datanode.address with value of key ozone.scm.datanode.address.scmServiceId.scmNode-1: 127.0.0.1:35577
2022-06-08 19:33:34,440 [Time-limited test] INFO  ha.SCMHANodeDetails (ConfUtils.java:setNodeSpecificConfigs(97)) - Setting configuration key ozone.scm.block.client.address with value of key ozone.scm.block.client.address.scmServiceId.scmNode-1: 127.0.0.1:37419
2022-06-08 19:33:34,440 [Time-limited test] INFO  ha.SCMHANodeDetails (ConfUtils.java:setNodeSpecificConfigs(97)) - Setting configuration key ozone.scm.client.address with value of key ozone.scm.client.address.scmServiceId.scmNode-1: 127.0.0.1:36165
2022-06-08 19:33:34,441 [Time-limited test] INFO  ha.SCMHANodeDetails (ConfUtils.java:setNodeSpecificConfigs(97)) - Setting configuration key ozone.scm.ratis.port with value of key ozone.scm.ratis.port.scmServiceId.scmNode-1: 36931
2022-06-08 19:33:34,441 [Time-limited test] INFO  ha.SCMHANodeDetails (ConfUtils.java:setNodeSpecificConfigs(97)) - Setting configuration key ozone.scm.grpc.port with value of key ozone.scm.grpc.port.scmServiceId.scmNode-1: 41241
2022-06-08 19:33:34,441 [Time-limited test] INFO  ha.SCMHANodeDetails (ConfUtils.java:setNodeSpecificConfigs(97)) - Setting configuration key ozone.scm.http-address with value of key ozone.scm.http-address.scmServiceId.scmNode-1: 127.0.0.1:45865
2022-06-08 19:33:34,441 [Time-limited test] INFO  ha.SCMHANodeDetails (ConfUtils.java:setNodeSpecificConfigs(97)) - Setting configuration key ozone.scm.https-address with value of key ozone.scm.https-address.scmServiceId.scmNode-1: 127.0.0.1:34513
2022-06-08 19:33:34,441 [Time-limited test] INFO  ha.SCMHANodeDetails (ConfUtils.java:setNodeSpecificConfigs(97)) - Setting configuration key ozone.scm.address with value of key ozone.scm.address.scmServiceId.scmNode-1: 127.0.0.1
2022-06-08 19:33:34,441 [Time-limited test] WARN  scm.ScmUtils (ScmUtils.java:logWarn(179)) - ConfigKey ozone.scm.block.client.address is deprecated, For configuring different ports for each SCM use PortConfigKey ozone.scm.block.client.port appended with serviceId and nodeId. If want to configure same port configure ozone.scm.block.client.port
2022-06-08 19:33:34,441 [Time-limited test] WARN  scm.ScmUtils (ScmUtils.java:logWarn(179)) - ConfigKey ozone.scm.client.address is deprecated, For configuring different ports for each SCM use PortConfigKey ozone.scm.client.port appended with serviceId and nodeId. If want to configure same port configure ozone.scm.client.port
2022-06-08 19:33:34,442 [Time-limited test] WARN  scm.ScmUtils (ScmUtils.java:logWarn(179)) - ConfigKey ozone.scm.datanode.address is deprecated, For configuring different ports for each SCM use PortConfigKey ozone.scm.datanode.port appended with serviceId and nodeId. If want to configure same port configure ozone.scm.datanode.port
2022-06-08 19:33:34,466 [Time-limited test] WARN  server.ServerUtils (ServerUtils.java:getScmDbDir(148)) - ozone.scm.db.dirs is not configured. We recommend adding this setting. Falling back to ozone.metadata.dirs instead.
2022-06-08 19:33:34,855 [Time-limited test] WARN  utils.HAUtils (HAUtils.java:getMetaDir(342)) - ozone.scm.db.dirs is not configured. We recommend adding this setting. Falling back to ozone.metadata.dirs instead.
2022-06-08 19:33:34,983 [Time-limited test] WARN  db.DBStoreBuilder (DBStoreBuilder.java:applyDBDefinition(145)) - ozone.scm.db.dirs is not configured. We recommend adding this setting. Falling back to ozone.metadata.dirs instead.
2022-06-08 19:33:35,252 [Time-limited test] INFO  net.NodeSchemaLoader (NodeSchemaLoader.java:loadSchemaFromFile(129)) - Loading schema from [jar:file:/home/runner/.m2/repository/org/apache/ozone/hdds-common/1.3.0-SNAPSHOT/hdds-common-1.3.0-SNAPSHOT.jar!/network-topology-default.xml]
2022-06-08 19:33:35,253 [Time-limited test] INFO  net.NodeSchemaLoader (NodeSchemaLoader.java:loadSchema(176)) - Loading network topology layer schema file
2022-06-08 19:33:35,302 [Time-limited test] INFO  ha.SCMRatisServerImpl (SCMRatisServerImpl.java:<init>(88)) - starting Raft server for scm:2307c498-167f-43d9-87ae-3379131d0636
2022-06-08 19:33:35,309 [Time-limited test] INFO  server.RaftServer (ConfUtils.java:logGet(46)) - raft.rpc.type = GRPC (default)
2022-06-08 19:33:35,309 [Time-limited test] INFO  grpc.GrpcFactory (GrpcFactory.java:checkPooledByteBufAllocatorUseCacheForAllThreads(48)) - PERFORMANCE WARNING: useCacheForAllThreads is true that may cause Netty to create a lot garbage objects and, as a result, trigger GC.
	It is recommended to disable useCacheForAllThreads by setting -Dorg.apache.ratis.thirdparty.io.netty.allocator.useCacheForAllThreads=false in command line.
2022-06-08 19:33:35,309 [Time-limited test] INFO  grpc.GrpcConfigKeys (ConfUtils.java:logGet(46)) - raft.grpc.admin.port = -1 (default)
2022-06-08 19:33:35,309 [Time-limited test] INFO  grpc.GrpcConfigKeys (ConfUtils.java:logGet(46)) - raft.grpc.server.port = 36931 (custom)
2022-06-08 19:33:35,309 [Time-limited test] INFO  grpc.GrpcConfigKeys (ConfUtils.java:logGet(46)) - raft.grpc.client.port = -1 (default)
2022-06-08 19:33:35,309 [Time-limited test] INFO  grpc.GrpcConfigKeys (ConfUtils.java:logGet(46)) - raft.grpc.server.port = 36931 (custom)
2022-06-08 19:33:35,310 [Time-limited test] INFO  grpc.GrpcConfigKeys (ConfUtils.java:logGet(46)) - raft.grpc.server.port = 36931 (custom)
2022-06-08 19:33:35,310 [Time-limited test] INFO  server.GrpcService (ConfUtils.java:logGet(46)) - raft.grpc.message.size.max = 32m (=33554432) (custom)
2022-06-08 19:33:35,310 [Time-limited test] INFO  server.RaftServerConfigKeys (ConfUtils.java:logGet(46)) - raft.server.log.appender.buffer.byte-limit = 33554432 (custom)
2022-06-08 19:33:35,310 [Time-limited test] INFO  server.GrpcService (ConfUtils.java:logGet(46)) - raft.grpc.flow.control.window = 1MB (=1048576) (default)
2022-06-08 19:33:35,310 [Time-limited test] INFO  server.RaftServerConfigKeys (ConfUtils.java:logGet(46)) - raft.server.rpc.request.timeout = 30000ms (custom)
2022-06-08 19:33:35,311 [Time-limited test] INFO  grpc.GrpcConfigKeys (ConfUtils.java:logGet(46)) - raft.grpc.server.async.request.thread.pool.cached = true (default)
2022-06-08 19:33:35,312 [Time-limited test] INFO  grpc.GrpcConfigKeys (ConfUtils.java:logGet(46)) - raft.grpc.server.async.request.thread.pool.size = 32 (default)
2022-06-08 19:33:35,313 [Time-limited test] INFO  impl.DataStreamServerImpl (ConfUtils.java:logGet(46)) - raft.datastream.type = DISABLED (default)
2022-06-08 19:33:35,314 [Time-limited test] INFO  server.RaftServerConfigKeys (ConfUtils.java:logGet(46)) - raft.server.threadpool.proxy.cached = true (default)
2022-06-08 19:33:35,314 [Time-limited test] INFO  server.RaftServerConfigKeys (ConfUtils.java:logGet(46)) - raft.server.threadpool.proxy.size = 0 (default)
2022-06-08 19:33:35,314 [Time-limited test] INFO  server.RaftServerConfigKeys (ConfUtils.java:logGet(46)) - raft.server.rpc.slowness.timeout = 120000ms (custom)
2022-06-08 19:33:35,314 [Time-limited test] INFO  server.RaftServerConfigKeys (ConfUtils.java:logGet(46)) - raft.server.leaderelection.leader.step-down.wait-time = 10s (default)
2022-06-08 19:33:35,315 [Time-limited test] INFO  server.RaftServerConfigKeys (ConfUtils.java:logGet(46)) - raft.server.storage.dir = [/home/runner/work/ozone/ozone/hadoop-ozone/integration-test/target/test-dir/MiniOzoneClusterImpl-6ca4cc63-2561-4277-bbe7-e6e454dc87c0/scmNode-1/scm-ha] (custom)
2022-06-08 19:33:35,319 [2307c498-167f-43d9-87ae-3379131d0636-impl-thread1] INFO  server.RaftServer (RaftServerProxy.java:initGroupDir(247)) - 2307c498-167f-43d9-87ae-3379131d0636: found a subdirectory /home/runner/work/ozone/ozone/hadoop-ozone/integration-test/target/test-dir/MiniOzoneClusterImpl-6ca4cc63-2561-4277-bbe7-e6e454dc87c0/scmNode-1/scm-ha/6ca4cc63-2561-4277-bbe7-e6e454dc87c0
2022-06-08 19:33:35,319 [Time-limited test] INFO  server.RaftServer (RaftServerProxy.java:addNew(96)) - 2307c498-167f-43d9-87ae-3379131d0636: addNew group-E6E454DC87C0:[] returns group-E6E454DC87C0:java.util.concurrent.CompletableFuture@75ce6f60[Not completed]
2022-06-08 19:33:35,322 [pool-19-thread-1] INFO  server.RaftServer$Division (RaftServerImpl.java:<init>(190)) - 2307c498-167f-43d9-87ae-3379131d0636: new RaftServerImpl for group-E6E454DC87C0:[] with SCMStateMachine:uninitialized
2022-06-08 19:33:35,325 [pool-19-thread-1] INFO  server.RaftServerConfigKeys (ConfUtils.java:logGet(46)) - raft.server.rpc.timeout.min = 5000ms (custom)
2022-06-08 19:33:35,325 [pool-19-thread-1] INFO  server.RaftServerConfigKeys (ConfUtils.java:logGet(46)) - raft.server.rpc.timeout.max = 5200ms (custom)
2022-06-08 19:33:35,325 [pool-19-thread-1] INFO  server.RaftServerConfigKeys (ConfUtils.java:logGet(46)) - raft.server.rpc.sleep.time = 25ms (default)
2022-06-08 19:33:35,325 [pool-19-thread-1] INFO  server.RaftServerConfigKeys (ConfUtils.java:logGet(46)) - raft.server.rpc.slowness.timeout = 120000ms (custom)
2022-06-08 19:33:35,325 [pool-19-thread-1] INFO  server.RaftServerConfigKeys (ConfUtils.java:logGet(46)) - raft.server.leaderelection.leader.step-down.wait-time = 10s (default)
2022-06-08 19:33:35,327 [pool-19-thread-1] INFO  server.RaftServerConfigKeys (ConfUtils.java:logGet(46)) - raft.server.sleep.deviation.threshold = 300ms (default)
2022-06-08 19:33:35,327 [pool-19-thread-1] INFO  server.RaftServer$Division (ServerState.java:<init>(107)) - 2307c498-167f-43d9-87ae-3379131d0636@group-E6E454DC87C0: ConfigurationManager, init=-1: [], old=null, confs=<EMPTY_MAP>
2022-06-08 19:33:35,328 [pool-19-thread-1] INFO  server.RaftServerConfigKeys (ConfUtils.java:logGet(46)) - raft.server.storage.dir = [/home/runner/work/ozone/ozone/hadoop-ozone/integration-test/target/test-dir/MiniOzoneClusterImpl-6ca4cc63-2561-4277-bbe7-e6e454dc87c0/scmNode-1/scm-ha] (custom)
2022-06-08 19:33:35,328 [pool-19-thread-1] INFO  server.RaftServerConfigKeys (ConfUtils.java:logGet(46)) - raft.server.log.corruption.policy = EXCEPTION (default)
2022-06-08 19:33:35,328 [pool-19-thread-1] INFO  server.RaftServerConfigKeys (ConfUtils.java:logGet(46)) - raft.server.storage.free-space.min = 0MB (=0) (default)
2022-06-08 19:33:35,338 [pool-19-thread-1] INFO  storage.RaftStorageDirectory (RaftStorageDirectoryImpl.java:tryLock(230)) - Lock on /home/runner/work/ozone/ozone/hadoop-ozone/integration-test/target/test-dir/MiniOzoneClusterImpl-6ca4cc63-2561-4277-bbe7-e6e454dc87c0/scmNode-1/scm-ha/6ca4cc63-2561-4277-bbe7-e6e454dc87c0/in_use.lock acquired by nodename 20560@fv-az243-689
2022-06-08 19:33:35,339 [pool-19-thread-1] INFO  storage.RaftStorage (RaftStorageImpl.java:analyzeAndRecoverStorage(110)) - Read RaftStorageMetadata{term=1, votedFor=2307c498-167f-43d9-87ae-3379131d0636} from /home/runner/work/ozone/ozone/hadoop-ozone/integration-test/target/test-dir/MiniOzoneClusterImpl-6ca4cc63-2561-4277-bbe7-e6e454dc87c0/scmNode-1/scm-ha/6ca4cc63-2561-4277-bbe7-e6e454dc87c0/current/raft-meta
2022-06-08 19:33:35,347 [pool-19-thread-1] INFO  server.RaftServer$Division (ServerState.java:setRaftConf(393)) - 2307c498-167f-43d9-87ae-3379131d0636@group-E6E454DC87C0: set configuration 0: [2307c498-167f-43d9-87ae-3379131d0636|rpc:localhost:36931|admin:|client:|dataStream:|priority:0], old=null
2022-06-08 19:33:35,347 [pool-19-thread-1] INFO  server.RaftServerConfigKeys (ConfUtils.java:logGet(46)) - raft.server.notification.no-leader.timeout = 60s (default)
2022-06-08 19:33:35,347 [pool-19-thread-1] INFO  server.RaftServerConfigKeys (ConfUtils.java:logGet(46)) - raft.server.log.use.memory = false (default)
2022-06-08 19:33:35,347 [pool-19-thread-1] INFO  server.RaftServerConfigKeys (ConfUtils.java:logGet(46)) - raft.server.log.purge.gap = 1000000 (custom)
2022-06-08 19:33:35,348 [pool-19-thread-1] INFO  server.RaftServerConfigKeys (ConfUtils.java:logGet(46)) - raft.server.log.appender.buffer.byte-limit = 33554432 (custom)
2022-06-08 19:33:35,348 [pool-19-thread-1] INFO  server.RaftServerConfigKeys (ConfUtils.java:logGet(46)) - raft.server.log.statemachine.data.read.timeout = 1000ms (default)
2022-06-08 19:33:35,350 [pool-19-thread-1] INFO  server.RaftServerConfigKeys (ConfUtils.java:logGet(46)) - raft.server.log.segment.size.max = 4194304 (custom)
2022-06-08 19:33:35,351 [pool-19-thread-1] INFO  server.RaftServerConfigKeys (ConfUtils.java:logGet(46)) - raft.server.log.segment.cache.num.max = 2 (custom)
2022-06-08 19:33:35,351 [pool-19-thread-1] INFO  server.RaftServerConfigKeys (ConfUtils.java:logGet(46)) - raft.server.log.segment.cache.size.max = 200MB (=209715200) (default)
2022-06-08 19:33:35,351 [pool-19-thread-1] INFO  segmented.SegmentedRaftLogWorker (SegmentedRaftLogWorker.java:<init>(187)) - new 2307c498-167f-43d9-87ae-3379131d0636@group-E6E454DC87C0-SegmentedRaftLogWorker for RaftStorageImpl:Storage Directory /home/runner/work/ozone/ozone/hadoop-ozone/integration-test/target/test-dir/MiniOzoneClusterImpl-6ca4cc63-2561-4277-bbe7-e6e454dc87c0/scmNode-1/scm-ha/6ca4cc63-2561-4277-bbe7-e6e454dc87c0
2022-06-08 19:33:35,351 [pool-19-thread-1] INFO  server.RaftServerConfigKeys (ConfUtils.java:logGet(46)) - raft.server.log.queue.byte-limit = 64MB (=67108864) (default)
2022-06-08 19:33:35,351 [pool-19-thread-1] INFO  server.RaftServerConfigKeys (ConfUtils.java:logGet(46)) - raft.server.log.queue.element-limit = 4096 (default)
2022-06-08 19:33:35,351 [pool-19-thread-1] INFO  server.RaftServerConfigKeys (ConfUtils.java:logGet(46)) - raft.server.log.segment.size.max = 4194304 (custom)
2022-06-08 19:33:35,351 [pool-19-thread-1] INFO  server.RaftServerConfigKeys (ConfUtils.java:logGet(46)) - raft.server.log.preallocated.size = 4194304 (custom)
2022-06-08 19:33:35,351 [pool-19-thread-1] INFO  server.RaftServerConfigKeys (ConfUtils.java:logGet(46)) - raft.server.log.force.sync.num = 128 (default)
2022-06-08 19:33:35,351 [pool-19-thread-1] INFO  server.RaftServerConfigKeys (ConfUtils.java:logGet(46)) - raft.server.log.statemachine.data.sync = true (default)
2022-06-08 19:33:35,352 [pool-19-thread-1] INFO  server.RaftServerConfigKeys (ConfUtils.java:logGet(46)) - raft.server.log.statemachine.data.sync.timeout = 10s (default)
2022-06-08 19:33:35,352 [pool-19-thread-1] INFO  server.RaftServerConfigKeys (ConfUtils.java:logGet(46)) - raft.server.log.statemachine.data.sync.timeout.retry = -1 (default)
2022-06-08 19:33:35,353 [pool-19-thread-1] INFO  server.RaftServerConfigKeys (ConfUtils.java:logGet(46)) - raft.server.log.write.buffer.size = 64KB (=65536) (default)
2022-06-08 19:33:35,353 [pool-19-thread-1] INFO  server.RaftServerConfigKeys (ConfUtils.java:logGet(46)) - raft.server.log.unsafe-flush.enabled = false (default)
2022-06-08 19:33:35,353 [pool-19-thread-1] INFO  server.RaftServerConfigKeys (ConfUtils.java:logGet(46)) - raft.server.log.statemachine.data.caching.enabled = false (default)
2022-06-08 19:33:35,361 [pool-19-thread-1] INFO  server.RaftServer$Division (ServerState.java:setRaftConf(393)) - 2307c498-167f-43d9-87ae-3379131d0636@group-E6E454DC87C0: set configuration 0: [2307c498-167f-43d9-87ae-3379131d0636|rpc:localhost:36931|admin:|client:|dataStream:|priority:0], old=null
2022-06-08 19:33:35,362 [pool-19-thread-1] INFO  segmented.LogSegment (LogSegment.java:loadSegment(173)) - Successfully read 1 entries from segment file /home/runner/work/ozone/ozone/hadoop-ozone/integration-test/target/test-dir/MiniOzoneClusterImpl-6ca4cc63-2561-4277-bbe7-e6e454dc87c0/scmNode-1/scm-ha/6ca4cc63-2561-4277-bbe7-e6e454dc87c0/current/log_inprogress_0
2022-06-08 19:33:35,362 [pool-19-thread-1] INFO  segmented.SegmentedRaftLogWorker (SegmentedRaftLogWorker.java:lambda$new$0(135)) - 2307c498-167f-43d9-87ae-3379131d0636@group-E6E454DC87C0-SegmentedRaftLogWorker: flushIndex: setUnconditionally 0 -> 0
2022-06-08 19:33:35,362 [pool-19-thread-1] INFO  segmented.SegmentedRaftLogWorker (SegmentedRaftLogWorker.java:lambda$new$0(135)) - 2307c498-167f-43d9-87ae-3379131d0636@group-E6E454DC87C0-SegmentedRaftLogWorker: safeCacheEvictIndex: setUnconditionally 0 -> -1
2022-06-08 19:33:35,363 [pool-19-thread-1] INFO  server.RaftServerConfigKeys (ConfUtils.java:logGet(46)) - raft.server.snapshot.auto.trigger.enabled = true (custom)
2022-06-08 19:33:35,363 [pool-19-thread-1] INFO  server.RaftServerConfigKeys (ConfUtils.java:logGet(46)) - raft.server.snapshot.auto.trigger.threshold = 1000 (custom)
2022-06-08 19:33:35,363 [pool-19-thread-1] INFO  server.RaftServerConfigKeys (ConfUtils.java:logGet(46)) - raft.server.snapshot.retention.file.num = -1 (default)
2022-06-08 19:33:35,363 [pool-19-thread-1] INFO  server.RaftServerConfigKeys (ConfUtils.java:logGet(46)) - raft.server.log.purge.upto.snapshot.index = false (default)
2022-06-08 19:33:35,363 [pool-19-thread-1] INFO  server.RaftServerConfigKeys (ConfUtils.java:logGet(46)) - raft.server.retrycache.expirytime = 60000ms (default)
2022-06-08 19:33:35,363 [pool-19-thread-1] INFO  server.RaftServerConfigKeys (ConfUtils.java:logGet(46)) - raft.server.retrycache.statistics.expirytime = 100μs (default)
2022-06-08 19:33:35,364 [pool-19-thread-1] INFO  server.RaftServerConfigKeys (ConfUtils.java:logGet(46)) - raft.server.log.appender.install.snapshot.enabled = false (custom)
2022-06-08 19:33:35,364 [pool-19-thread-1] INFO  server.RaftServerConfigKeys (ConfUtils.java:logGet(46)) - raft.server.threadpool.server.cached = true (default)
2022-06-08 19:33:35,365 [pool-19-thread-1] INFO  server.RaftServerConfigKeys (ConfUtils.java:logGet(46)) - raft.server.threadpool.server.size = 0 (default)
2022-06-08 19:33:35,365 [pool-19-thread-1] INFO  server.RaftServerConfigKeys (ConfUtils.java:logGet(46)) - raft.server.threadpool.client.cached = true (default)
2022-06-08 19:33:35,365 [pool-19-thread-1] INFO  server.RaftServerConfigKeys (ConfUtils.java:logGet(46)) - raft.server.threadpool.client.size = 0 (default)
2022-06-08 19:33:35,367 [Time-limited test] INFO  ha.SCMSnapshotProvider (SCMSnapshotProvider.java:<init>(66)) - Initializing SCM Snapshot Provider
2022-06-08 19:33:35,367 [Time-limited test] WARN  server.ServerUtils (ServerUtils.java:getDefaultRatisDirectory(237)) - Storage directory for Ratis is not configured. It is a good idea to map this to an SSD disk. Falling back to ozone.metadata.dirs
2022-06-08 19:33:35,367 [Time-limited test] WARN  ha.SCMHAUtils (SCMHAUtils.java:getSCMRatisSnapshotDirectory(151)) - SCM snapshot dir is not configured. Falling back to ozone.metadata.dirs config
2022-06-08 19:33:35,396 [Time-limited test] INFO  upgrade.AbstractLayoutVersionManager (AbstractLayoutVersionManager.java:init(82)) - Initializing Layout version manager with metadata layout = DATANODE_SCHEMA_V3 (version = 4), software layout = DATANODE_SCHEMA_V3 (version = 4)
2022-06-08 19:33:35,665 [Time-limited test] INFO  reflections.Reflections (Reflections.java:scan(232)) - Reflections took 150 ms to scan 7 urls, producing 131 keys and 311 values 
2022-06-08 19:33:35,774 [Time-limited test] INFO  ha.SequenceIdGenerator (SequenceIdGenerator.java:upgradeToSequenceId(347)) - upgrade localId to 109611004723200000
2022-06-08 19:33:35,774 [Time-limited test] INFO  ha.SequenceIdGenerator (SequenceIdGenerator.java:upgradeToSequenceId(357)) - upgrade delTxnId to 0
2022-06-08 19:33:35,778 [Time-limited test] INFO  ha.SequenceIdGenerator (SequenceIdGenerator.java:upgradeToSequenceId(374)) - upgrade containerId to 0
2022-06-08 19:33:35,780 [Time-limited test] INFO  ha.SequenceIdGenerator (SequenceIdGenerator.java:<init>(218)) - Init the HA SequenceIdGenerator.
2022-06-08 19:33:35,821 [Time-limited test] INFO  node.SCMNodeManager (SCMNodeManager.java:<init>(149)) - Entering startup safe mode.
2022-06-08 19:33:35,872 [Time-limited test] INFO  algorithms.ContainerPlacementPolicyFactory (ContainerPlacementPolicyFactory.java:getPolicyInternal(86)) - Create container placement policy of type org.apache.hadoop.hdds.scm.container.placement.algorithms.SCMContainerPlacementRandom
2022-06-08 19:33:35,880 [Time-limited test] INFO  pipeline.PipelineStateManagerImpl (PipelineStateManagerImpl.java:initialize(78)) - No pipeline exists in current db
2022-06-08 19:33:35,910 [Time-limited test] INFO  algorithms.LeaderChoosePolicyFactory (LeaderChoosePolicyFactory.java:getPolicy(57)) - Create leader choose policy of type org.apache.hadoop.hdds.scm.pipeline.leader.choose.algorithms.MinLeaderCountChoosePolicy
2022-06-08 19:33:35,911 [Time-limited test] INFO  algorithms.ContainerPlacementPolicyFactory (ContainerPlacementPolicyFactory.java:getPolicyInternal(86)) - Create container placement policy of type org.apache.hadoop.hdds.scm.container.placement.algorithms.SCMContainerPlacementRackScatter
2022-06-08 19:33:35,916 [Time-limited test] INFO  pipeline.BackgroundPipelineCreator (BackgroundPipelineCreator.java:start(125)) - Starting RatisPipelineUtilsThread.
2022-06-08 19:33:35,919 [Time-limited test] INFO  BackgroundPipelineScrubber (BackgroundSCMService.java:start(68)) - Starting BackgroundPipelineScrubber Service.
2022-06-08 19:33:35,922 [Time-limited test] INFO  ha.SCMServiceManager (SCMServiceManager.java:register(42)) - Registering service BackgroundPipelineCreator.
2022-06-08 19:33:35,922 [Time-limited test] INFO  ha.SCMServiceManager (SCMServiceManager.java:register(42)) - Registering service BackgroundPipelineScrubber.
2022-06-08 19:33:35,928 [Time-limited test] INFO  ExpiredContainerReplicaOpScrubber (BackgroundSCMService.java:start(68)) - Starting ExpiredContainerReplicaOpScrubber Service.
2022-06-08 19:33:35,930 [Time-limited test] INFO  ha.SCMServiceManager (SCMServiceManager.java:register(42)) - Registering service ExpiredContainerReplicaOpScrubber.
2022-06-08 19:33:35,954 [Time-limited test] INFO  algorithms.PipelineChoosePolicyFactory (PipelineChoosePolicyFactory.java:createPipelineChoosePolicyFromClass(73)) - Create pipeline choose policy of type org.apache.hadoop.hdds.scm.pipeline.choose.algorithms.RandomPipelineChoosePolicy
2022-06-08 19:33:35,969 [Time-limited test] INFO  ha.SCMServiceManager (SCMServiceManager.java:register(42)) - Registering service SCMBlockDeletingService.
2022-06-08 19:33:35,992 [Time-limited test] INFO  ha.SCMServiceManager (SCMServiceManager.java:register(42)) - Registering service ReplicationManager.
2022-06-08 19:33:35,992 [Time-limited test] INFO  replication.ReplicationManager (ReplicationManager.java:start(179)) - Starting Replication Monitor Thread.
2022-06-08 19:33:36,004 [ReplicationMonitor] INFO  replication.ReplicationManager (ReplicationManager.java:processAll(228)) - Replication Manager is not ready to run until 300000ms after safemode exit
2022-06-08 19:33:36,006 [Time-limited test] INFO  safemode.ContainerSafeModeRule (ContainerSafeModeRule.java:<init>(89)) - containers with one replica threshold count 0
2022-06-08 19:33:36,009 [Time-limited test] INFO  safemode.HealthyPipelineSafeModeRule (HealthyPipelineSafeModeRule.java:initializeRule(156)) - Total pipeline count is 0, healthy pipeline threshold count is 1
2022-06-08 19:33:36,011 [Time-limited test] INFO  safemode.OneReplicaPipelineSafeModeRule (OneReplicaPipelineSafeModeRule.java:initializeRule(180)) - Total pipeline count is 0, pipeline's with at least one datanode reported threshold count is 0
2022-06-08 19:33:36,329 [Time-limited test] INFO  audit.AuditLogger (AuditLogger.java:refreshDebugCmdSet(120)) - Refresh DebugCmdSet for SCMAudit to [].
2022-06-08 19:33:36,361 [Time-limited test] INFO  ipc.CallQueueManager (CallQueueManager.java:<init>(90)) - Using callQueue: class java.util.concurrent.LinkedBlockingQueue, queueCapacity: 10000, scheduler: class org.apache.hadoop.ipc.DefaultRpcScheduler, ipcBackoff: false.
2022-06-08 19:33:36,400 [Socket Reader #1 for port 35577] INFO  ipc.Server (Server.java:run(1265)) - Starting Socket Reader #1 for port 35577
2022-06-08 19:33:36,465 [Listener at 0.0.0.0/35577] INFO  audit.AuditLogger (AuditLogger.java:refreshDebugCmdSet(120)) - Refresh DebugCmdSet for SCMAudit to [].
2022-06-08 19:33:36,472 [Listener at 0.0.0.0/35577] INFO  ipc.CallQueueManager (CallQueueManager.java:<init>(90)) - Using callQueue: class java.util.concurrent.LinkedBlockingQueue, queueCapacity: 10000, scheduler: class org.apache.hadoop.ipc.DefaultRpcScheduler, ipcBackoff: false.
2022-06-08 19:33:36,473 [Socket Reader #1 for port 37419] INFO  ipc.Server (Server.java:run(1265)) - Starting Socket Reader #1 for port 37419
2022-06-08 19:33:36,498 [Listener at 0.0.0.0/37419] INFO  audit.AuditLogger (AuditLogger.java:refreshDebugCmdSet(120)) - Refresh DebugCmdSet for SCMAudit to [].
2022-06-08 19:33:36,508 [Listener at 0.0.0.0/37419] INFO  ipc.CallQueueManager (CallQueueManager.java:<init>(90)) - Using callQueue: class java.util.concurrent.LinkedBlockingQueue, queueCapacity: 10000, scheduler: class org.apache.hadoop.ipc.DefaultRpcScheduler, ipcBackoff: false.
2022-06-08 19:33:36,509 [Socket Reader #1 for port 36165] INFO  ipc.Server (Server.java:run(1265)) - Starting Socket Reader #1 for port 36165
2022-06-08 19:33:36,570 [Listener at 0.0.0.0/36165] INFO  ha.SCMServiceManager (SCMServiceManager.java:register(42)) - Registering service ContainerBalancer.
2022-06-08 19:33:36,570 [Listener at 0.0.0.0/36165] INFO  server.StorageContainerManager (StorageContainerManager.java:<init>(397)) - 
Container Balancer status:
Key                            Value
Running                        false
Container Balancer Configuration values:
Key                                                Value
Threshold                                          10
Max Datanodes to Involve per Iteration(percent)    20
Max Size to Move per Iteration                     500GB
Max Size Entering Target per Iteration             26GB
Max Size Leaving Source per Iteration              26GB

2022-06-08 19:33:36,571 [Listener at 0.0.0.0/36165] WARN  events.EventQueue (EventQueue.java:fireEvent(194)) - No event handler registered for event TypedEvent{payloadType=SafeModeStatus, name='Safe mode status'}
2022-06-08 19:33:36,571 [Listener at 0.0.0.0/36165] INFO  ha.SCMContext (SCMContext.java:updateSafeModeStatus(228)) - Update SafeModeStatus from SafeModeStatus{safeModeStatus=true, preCheckPassed=false} to SafeModeStatus{safeModeStatus=true, preCheckPassed=false}.
2022-06-08 19:33:36,573 [Listener at 0.0.0.0/36165] INFO  server.StorageContainerManager (StorageContainerManager.java:start(1408)) - StorageContainerLocationProtocol RPC server is listening at /0.0.0.0:36165
2022-06-08 19:33:36,574 [Listener at 0.0.0.0/36165] INFO  ha.SCMRatisServerImpl (SCMRatisServerImpl.java:start(179)) - starting ratis server 0.0.0.0:36931
2022-06-08 19:33:36,575 [2307c498-167f-43d9-87ae-3379131d0636-impl-thread1] INFO  server.RaftServer$Division (RaftServerImpl.java:start(310)) - 2307c498-167f-43d9-87ae-3379131d0636@group-E6E454DC87C0: start as a follower, conf=0: [2307c498-167f-43d9-87ae-3379131d0636|rpc:localhost:36931|admin:|client:|dataStream:|priority:0], old=null
2022-06-08 19:33:36,575 [2307c498-167f-43d9-87ae-3379131d0636-impl-thread1] INFO  server.RaftServer$Division (RaftServerImpl.java:setRole(299)) - 2307c498-167f-43d9-87ae-3379131d0636@group-E6E454DC87C0: changes role from      null to FOLLOWER at term 1 for startAsFollower
2022-06-08 19:33:36,575 [2307c498-167f-43d9-87ae-3379131d0636-impl-thread1] INFO  impl.RoleInfo (RoleInfo.java:updateAndGet(139)) - 2307c498-167f-43d9-87ae-3379131d0636: start 2307c498-167f-43d9-87ae-3379131d0636@group-E6E454DC87C0-FollowerState
2022-06-08 19:33:36,576 [2307c498-167f-43d9-87ae-3379131d0636-impl-thread1] INFO  util.JmxRegister (JmxRegister.java:tryRegister(44)) - Successfully registered JMX Bean with object name Ratis:service=RaftServer,group=group-E6E454DC87C0,id=2307c498-167f-43d9-87ae-3379131d0636
2022-06-08 19:33:36,578 [Listener at 0.0.0.0/36165] INFO  server.RaftServer (RaftServerProxy.java:lambda$start$6(382)) - 2307c498-167f-43d9-87ae-3379131d0636: start RPC server
2022-06-08 19:33:36,580 [Listener at 0.0.0.0/36165] INFO  server.GrpcService (GrpcService.java:startImpl(260)) - 2307c498-167f-43d9-87ae-3379131d0636: GrpcService started, listening on 36931
2022-06-08 19:33:36,582 [Listener at 0.0.0.0/36165] INFO  ha.SCMHAManagerImpl (SCMHAManagerImpl.java:start(121)) -  scm role is FOLLOWER peers [2307c498-167f-43d9-87ae-3379131d0636|rpc:localhost:36931|admin:|client:|dataStream:|priority:0]
2022-06-08 19:33:36,582 [Listener at 0.0.0.0/36165] INFO  ha.InterSCMGrpcService (InterSCMGrpcProtocolService.java:start(94)) - Starting SCM Grpc Service at port 41241
2022-06-08 19:33:36,594 [org.apache.ratis.util.JvmPauseMonitor$$Lambda$519/1621292246@61c64315] INFO  util.JvmPauseMonitor (JvmPauseMonitor.java:run(103)) - JvmPauseMonitor-2307c498-167f-43d9-87ae-3379131d0636: Started
2022-06-08 19:33:36,651 [Listener at 0.0.0.0/36165] WARN  impl.MetricsConfig (MetricsConfig.java:loadFirst(136)) - Cannot locate configuration: tried hadoop-metrics2-storagecontainermanager.properties,hadoop-metrics2.properties
2022-06-08 19:33:36,666 [Listener at 0.0.0.0/36165] INFO  impl.MetricsSystemImpl (MetricsSystemImpl.java:startTimer(378)) - Scheduled Metric snapshot period at 10 second(s).
2022-06-08 19:33:36,667 [Listener at 0.0.0.0/36165] INFO  impl.MetricsSystemImpl (MetricsSystemImpl.java:start(191)) - StorageContainerManager metrics system started
2022-06-08 19:33:36,899 [Listener at 0.0.0.0/36165] INFO  server.SCMClientProtocolServer (SCMClientProtocolServer.java:start(169)) - RPC server for Client  is listening at /0.0.0.0:36165
2022-06-08 19:33:36,902 [IPC Server Responder] INFO  ipc.Server (Server.java:run(1507)) - IPC Server Responder: starting
2022-06-08 19:33:36,924 [Listener at 0.0.0.0/36165] INFO  server.StorageContainerManager (StorageContainerManager.java:start(1423)) - ScmBlockLocationProtocol RPC server is listening at /0.0.0.0:37419
2022-06-08 19:33:36,924 [Listener at 0.0.0.0/36165] INFO  server.SCMBlockProtocolServer (SCMBlockProtocolServer.java:start(151)) - RPC server for Block Protocol is listening at /0.0.0.0:37419
2022-06-08 19:33:36,925 [IPC Server Responder] INFO  ipc.Server (Server.java:run(1507)) - IPC Server Responder: starting
2022-06-08 19:33:36,925 [IPC Server listener on 37419] INFO  ipc.Server (Server.java:run(1344)) - IPC Server listener on 37419: starting
2022-06-08 19:33:36,963 [IPC Server listener on 36165] INFO  ipc.Server (Server.java:run(1344)) - IPC Server listener on 36165: starting
2022-06-08 19:33:36,974 [org.apache.hadoop.util.JvmPauseMonitor$Monitor@3b6e6c37] INFO  util.JvmPauseMonitor (JvmPauseMonitor.java:run(188)) - Starting JVM pause monitor
2022-06-08 19:33:37,004 [Listener at 0.0.0.0/36165] INFO  http.BaseHttpServer (BaseHttpServer.java:newHttpServer2BuilderForOzone(209)) - Starting Web-server for scm at: http://0.0.0.0:45865
2022-06-08 19:33:37,004 [Listener at 0.0.0.0/36165] INFO  http.BaseHttpServer (BaseHttpServer.java:<init>(107)) - Hadoop Security Enabled: false Ozone Security Enabled: false Ozone HTTP Security Enabled: false 
2022-06-08 19:33:37,050 [Listener at 0.0.0.0/36165] INFO  util.log (Log.java:initialized(170)) - Logging initialized @11345ms to org.eclipse.jetty.util.log.Slf4jLog
2022-06-08 19:33:37,159 [Listener at 0.0.0.0/36165] INFO  server.AuthenticationFilter (AuthenticationFilter.java:constructSecretProvider(240)) - Unable to initialize FileSignerSecretProvider, falling back to use random secrets.
2022-06-08 19:33:37,164 [Listener at 0.0.0.0/36165] WARN  http.HttpRequestLog (HttpRequestLog.java:getRequestLog(103)) - Jetty request log can only be enabled using Log4j
2022-06-08 19:33:37,175 [Listener at 0.0.0.0/36165] INFO  http.HttpServer2 (HttpServer2.java:addGlobalFilter(1029)) - Added global filter 'safety' (class=org.apache.hadoop.hdds.server.http.HttpServer2$QuotingInputFilter)
2022-06-08 19:33:37,177 [Listener at 0.0.0.0/36165] INFO  http.HttpServer2 (HttpServer2.java:addFilter(1005)) - Added filter static_user_filter (class=org.apache.hadoop.http.lib.StaticUserWebFilter$StaticUserFilter) to context scm
2022-06-08 19:33:37,178 [Listener at 0.0.0.0/36165] INFO  http.HttpServer2 (HttpServer2.java:addFilter(1013)) - Added filter static_user_filter (class=org.apache.hadoop.http.lib.StaticUserWebFilter$StaticUserFilter) to context static
2022-06-08 19:33:37,178 [Listener at 0.0.0.0/36165] INFO  http.HttpServer2 (HttpServer2.java:addFilter(1013)) - Added filter static_user_filter (class=org.apache.hadoop.http.lib.StaticUserWebFilter$StaticUserFilter) to context logs
2022-06-08 19:33:37,218 [Listener at 0.0.0.0/36165] INFO  http.HttpServer2 (HttpServer2.java:bindListener(1248)) - Jetty bound to port 45865
2022-06-08 19:33:37,219 [Listener at 0.0.0.0/36165] INFO  server.Server (Server.java:doStart(375)) - jetty-9.4.43.v20210629; built: 2021-06-30T11:07:22.254Z; git: 526006ecfa3af7f1a27ef3a288e2bef7ea9dd7e8; jvm 1.8.0_332-b09
2022-06-08 19:33:37,246 [Listener at 0.0.0.0/36165] INFO  server.session (DefaultSessionIdManager.java:doStart(334)) - DefaultSessionIdManager workerName=node0
2022-06-08 19:33:37,246 [Listener at 0.0.0.0/36165] INFO  server.session (DefaultSessionIdManager.java:doStart(339)) - No SessionScavenger set, using defaults
2022-06-08 19:33:37,248 [Listener at 0.0.0.0/36165] INFO  server.session (HouseKeeper.java:startScavenging(132)) - node0 Scavenging every 600000ms
2022-06-08 19:33:37,262 [Listener at 0.0.0.0/36165] INFO  handler.ContextHandler (ContextHandler.java:doStart(915)) - Started o.e.j.s.ServletContextHandler@67572ffb{logs,/logs,file:///home/runner/work/ozone/ozone/hadoop-ozone/integration-test/target/log,AVAILABLE}
2022-06-08 19:33:37,263 [Listener at 0.0.0.0/36165] INFO  handler.ContextHandler (ContextHandler.java:doStart(915)) - Started o.e.j.s.ServletContextHandler@1eb2fe60{static,/static,file:///home/runner/work/ozone/ozone/hadoop-ozone/integration-test/target/test-classes/webapps/static,AVAILABLE}
2022-06-08 19:33:37,307 [Listener at 0.0.0.0/36165] INFO  handler.ContextHandler (ContextHandler.java:doStart(915)) - Started o.e.j.w.WebAppContext@3201f8f5{scm,/,file:///home/runner/work/ozone/ozone/hadoop-ozone/integration-test/target/test-classes/webapps/scm/,AVAILABLE}{file:/home/runner/work/ozone/ozone/hadoop-ozone/integration-test/target/test-classes/webapps/scm}
2022-06-08 19:33:37,319 [Listener at 0.0.0.0/36165] INFO  server.AbstractConnector (AbstractConnector.java:doStart(331)) - Started ServerConnector@1ab34b18{HTTP/1.1, (http/1.1)}{0.0.0.0:45865}
2022-06-08 19:33:37,320 [Listener at 0.0.0.0/36165] INFO  server.Server (Server.java:doStart(415)) - Started @11615ms
2022-06-08 19:33:37,322 [Listener at 0.0.0.0/36165] INFO  impl.MetricsSinkAdapter (MetricsSinkAdapter.java:start(204)) - Sink prometheus started
2022-06-08 19:33:37,322 [Listener at 0.0.0.0/36165] INFO  impl.MetricsSystemImpl (MetricsSystemImpl.java:registerSink(305)) - Registered sink prometheus
2022-06-08 19:33:37,324 [Listener at 0.0.0.0/36165] INFO  http.BaseHttpServer (BaseHttpServer.java:updateConnectorAddress(329)) - HTTP server of scm listening at http://0.0.0.0:45865
2022-06-08 19:33:37,324 [Listener at 0.0.0.0/36165] INFO  ozone.MiniOzoneHAClusterImpl (MiniOzoneHAClusterImpl.java:createSCMService(600)) - Started SCM RPC server at /0.0.0.0:36165
2022-06-08 19:33:37,341 [Listener at 0.0.0.0/36165] INFO  ha.SCMHANodeDetails (SCMHANodeDetails.java:loadSCMHAConfig(160)) - ServiceID for StorageContainerManager is scmServiceId
2022-06-08 19:33:37,341 [Listener at 0.0.0.0/36165] INFO  ha.SCMHANodeDetails (SCMHANodeDetails.java:loadSCMHAConfig(171)) - ServiceID for StorageContainerManager is scmServiceId
2022-06-08 19:33:37,342 [Listener at 0.0.0.0/36165] WARN  scm.ScmUtils (ScmUtils.java:logWarn(179)) - ConfigKey ozone.scm.block.client.address is deprecated, For configuring different ports for each SCM use PortConfigKey ozone.scm.block.client.port appended with serviceId and nodeId. If want to configure same port configure ozone.scm.block.client.port
2022-06-08 19:33:37,342 [Listener at 0.0.0.0/36165] WARN  scm.ScmUtils (ScmUtils.java:logWarn(179)) - ConfigKey ozone.scm.client.address is deprecated, For configuring different ports for each SCM use PortConfigKey ozone.scm.client.port appended with serviceId and nodeId. If want to configure same port configure ozone.scm.client.port
2022-06-08 19:33:37,342 [Listener at 0.0.0.0/36165] WARN  scm.ScmUtils (ScmUtils.java:logWarn(179)) - ConfigKey ozone.scm.datanode.address is deprecated, For configuring different ports for each SCM use PortConfigKey ozone.scm.datanode.port appended with serviceId and nodeId. If want to configure same port configure ozone.scm.datanode.port
2022-06-08 19:33:37,342 [Listener at 0.0.0.0/36165] WARN  scm.ScmUtils (ScmUtils.java:logWarn(179)) - ConfigKey ozone.scm.block.client.address is deprecated, For configuring different ports for each SCM use PortConfigKey ozone.scm.block.client.port appended with serviceId and nodeId. If want to configure same port configure ozone.scm.block.client.port
2022-06-08 19:33:37,342 [Listener at 0.0.0.0/36165] WARN  scm.ScmUtils (ScmUtils.java:logWarn(179)) - ConfigKey ozone.scm.client.address is deprecated, For configuring different ports for each SCM use PortConfigKey ozone.scm.client.port appended with serviceId and nodeId. If want to configure same port configure ozone.scm.client.port
2022-06-08 19:33:37,342 [Listener at 0.0.0.0/36165] WARN  scm.ScmUtils (ScmUtils.java:logWarn(179)) - ConfigKey ozone.scm.datanode.address is deprecated, For configuring different ports for each SCM use PortConfigKey ozone.scm.datanode.port appended with serviceId and nodeId. If want to configure same port configure ozone.scm.datanode.port
2022-06-08 19:33:37,342 [Listener at 0.0.0.0/36165] INFO  ha.SCMHANodeDetails (SCMHANodeDetails.java:loadSCMHAConfig(258)) - Found matching SCM address with SCMServiceId: scmServiceId, SCMNodeId: scmNode-2, RPC Address: localhost:43277 and Ratis port: 43277
2022-06-08 19:33:37,343 [Listener at 0.0.0.0/36165] INFO  ha.SCMHANodeDetails (ConfUtils.java:setNodeSpecificConfigs(97)) - Setting configuration key ozone.scm.datanode.address with value of key ozone.scm.datanode.address.scmServiceId.scmNode-2: 127.0.0.1:40207
2022-06-08 19:33:37,343 [Listener at 0.0.0.0/36165] INFO  ha.SCMHANodeDetails (ConfUtils.java:setNodeSpecificConfigs(97)) - Setting configuration key ozone.scm.block.client.address with value of key ozone.scm.block.client.address.scmServiceId.scmNode-2: 127.0.0.1:45287
2022-06-08 19:33:37,343 [Listener at 0.0.0.0/36165] INFO  ha.SCMHANodeDetails (ConfUtils.java:setNodeSpecificConfigs(97)) - Setting configuration key ozone.scm.client.address with value of key ozone.scm.client.address.scmServiceId.scmNode-2: 127.0.0.1:37775
2022-06-08 19:33:37,343 [Listener at 0.0.0.0/36165] INFO  ha.SCMHANodeDetails (ConfUtils.java:setNodeSpecificConfigs(97)) - Setting configuration key ozone.scm.ratis.port with value of key ozone.scm.ratis.port.scmServiceId.scmNode-2: 43277
2022-06-08 19:33:37,343 [Listener at 0.0.0.0/36165] INFO  ha.SCMHANodeDetails (ConfUtils.java:setNodeSpecificConfigs(97)) - Setting configuration key ozone.scm.grpc.port with value of key ozone.scm.grpc.port.scmServiceId.scmNode-2: 32905
2022-06-08 19:33:37,343 [Listener at 0.0.0.0/36165] INFO  ha.SCMHANodeDetails (ConfUtils.java:setNodeSpecificConfigs(97)) - Setting configuration key ozone.scm.http-address with value of key ozone.scm.http-address.scmServiceId.scmNode-2: 127.0.0.1:33347
2022-06-08 19:33:37,344 [Listener at 0.0.0.0/36165] INFO  ha.SCMHANodeDetails (ConfUtils.java:setNodeSpecificConfigs(97)) - Setting configuration key ozone.scm.https-address with value of key ozone.scm.https-address.scmServiceId.scmNode-2: 127.0.0.1:41417
2022-06-08 19:33:37,344 [Listener at 0.0.0.0/36165] INFO  ha.SCMHANodeDetails (ConfUtils.java:setNodeSpecificConfigs(97)) - Setting configuration key ozone.scm.address with value of key ozone.scm.address.scmServiceId.scmNode-2: 127.0.0.1
2022-06-08 19:33:37,344 [Listener at 0.0.0.0/36165] WARN  scm.ScmUtils (ScmUtils.java:logWarn(179)) - ConfigKey ozone.scm.block.client.address is deprecated, For configuring different ports for each SCM use PortConfigKey ozone.scm.block.client.port appended with serviceId and nodeId. If want to configure same port configure ozone.scm.block.client.port
2022-06-08 19:33:37,344 [Listener at 0.0.0.0/36165] WARN  scm.ScmUtils (ScmUtils.java:logWarn(179)) - ConfigKey ozone.scm.client.address is deprecated, For configuring different ports for each SCM use PortConfigKey ozone.scm.client.port appended with serviceId and nodeId. If want to configure same port configure ozone.scm.client.port
2022-06-08 19:33:37,344 [Listener at 0.0.0.0/36165] WARN  scm.ScmUtils (ScmUtils.java:logWarn(179)) - ConfigKey ozone.scm.datanode.address is deprecated, For configuring different ports for each SCM use PortConfigKey ozone.scm.datanode.port appended with serviceId and nodeId. If want to configure same port configure ozone.scm.datanode.port
2022-06-08 19:33:37,344 [Listener at 0.0.0.0/36165] WARN  server.ServerUtils (ServerUtils.java:getScmDbDir(148)) - ozone.scm.db.dirs is not configured. We recommend adding this setting. Falling back to ozone.metadata.dirs instead.
2022-06-08 19:33:37,351 [Listener at 0.0.0.0/36165] INFO  ha.SCMNodeInfo (SCMNodeInfo.java:getPort(197)) - ConfigKey ozone.scm.client.address is deprecated, For configuring different ports for each SCM use PortConfigKey ozone.scm.client.port appended with serviceId and nodeId
2022-06-08 19:33:37,352 [Listener at 0.0.0.0/36165] INFO  ha.SCMNodeInfo (SCMNodeInfo.java:getPort(197)) - ConfigKey ozone.scm.block.client.address is deprecated, For configuring different ports for each SCM use PortConfigKey ozone.scm.block.client.port appended with serviceId and nodeId
2022-06-08 19:33:37,352 [Listener at 0.0.0.0/36165] INFO  ha.SCMNodeInfo (SCMNodeInfo.java:getPort(197)) - ConfigKey ozone.scm.datanode.address is deprecated, For configuring different ports for each SCM use PortConfigKey ozone.scm.datanode.port appended with serviceId and nodeId
2022-06-08 19:33:37,352 [Listener at 0.0.0.0/36165] INFO  ha.SCMNodeInfo (SCMNodeInfo.java:getPort(197)) - ConfigKey ozone.scm.client.address is deprecated, For configuring different ports for each SCM use PortConfigKey ozone.scm.client.port appended with serviceId and nodeId
2022-06-08 19:33:37,352 [Listener at 0.0.0.0/36165] INFO  ha.SCMNodeInfo (SCMNodeInfo.java:getPort(197)) - ConfigKey ozone.scm.block.client.address is deprecated, For configuring different ports for each SCM use PortConfigKey ozone.scm.block.client.port appended with serviceId and nodeId
2022-06-08 19:33:37,353 [Listener at 0.0.0.0/36165] INFO  ha.SCMNodeInfo (SCMNodeInfo.java:getPort(197)) - ConfigKey ozone.scm.datanode.address is deprecated, For configuring different ports for each SCM use PortConfigKey ozone.scm.datanode.port appended with serviceId and nodeId
2022-06-08 19:33:37,354 [Listener at 0.0.0.0/36165] INFO  proxy.SCMBlockLocationFailoverProxyProvider (SCMBlockLocationFailoverProxyProvider.java:<init>(114)) - Created block location fail-over proxy with 2 nodes: [nodeId=scmNode-3,nodeAddress=/127.0.0.1:42293, nodeId=scmNode-1,nodeAddress=/127.0.0.1:37419]
2022-06-08 19:33:39,606 [Listener at 0.0.0.0/36165] INFO  retry.RetryInvocationHandler (RetryInvocationHandler.java:log(411)) - com.google.protobuf.ServiceException: java.net.ConnectException: Call From fv-az243-689/10.1.0.28 to localhost:42293 failed on connection exception: java.net.ConnectException: Connection refused; For more details see:  http://wiki.apache.org/hadoop/ConnectionRefused, while invoking $Proxy41.send over nodeId=scmNode-3,nodeAddress=/127.0.0.1:42293 after 1 failover attempts. Trying to failover after sleeping for 2000ms.
2022-06-08 19:33:41,610 [Listener at 0.0.0.0/36165] INFO  retry.RetryInvocationHandler (RetryInvocationHandler.java:log(411)) - com.google.protobuf.ServiceException: org.apache.hadoop.ipc.RemoteException(org.apache.hadoop.hdds.ratis.ServerNotLeaderException): Server:2307c498-167f-43d9-87ae-3379131d0636 is not the leader. Could not determine the leader node.
	at org.apache.hadoop.hdds.ratis.ServerNotLeaderException.convertToNotLeaderException(ServerNotLeaderException.java:109)
	at org.apache.hadoop.hdds.scm.ha.RatisUtil.checkRatisException(RatisUtil.java:246)
	at org.apache.hadoop.hdds.scm.protocol.ScmBlockLocationProtocolServerSideTranslatorPB.send(ScmBlockLocationProtocolServerSideTranslatorPB.java:109)
	at org.apache.hadoop.hdds.protocol.proto.ScmBlockLocationProtocolProtos$ScmBlockLocationProtocolService$2.callBlockingMethod(ScmBlockLocationProtocolProtos.java:14202)
	at org.apache.hadoop.ipc.ProtobufRpcEngine$Server.processCall(ProtobufRpcEngine.java:466)
	at org.apache.hadoop.ipc.ProtobufRpcEngine2$Server$ProtoBufRpcInvoker.call(ProtobufRpcEngine2.java:574)
	at org.apache.hadoop.ipc.ProtobufRpcEngine2$Server$ProtoBufRpcInvoker.call(ProtobufRpcEngine2.java:552)
	at org.apache.hadoop.ipc.RPC$Server.call(RPC.java:1093)
	at org.apache.hadoop.ipc.Server$RpcCall.run(Server.java:1035)
	at org.apache.hadoop.ipc.Server$RpcCall.run(Server.java:963)
	at java.security.AccessController.doPrivileged(Native Method)
	at javax.security.auth.Subject.doAs(Subject.java:422)
	at org.apache.hadoop.security.UserGroupInformation.doAs(UserGroupInformation.java:1878)
	at org.apache.hadoop.ipc.Server$Handler.run(Server.java:2966)
, while invoking $Proxy41.send over nodeId=scmNode-1,nodeAddress=/127.0.0.1:37419 after 2 failover attempts. Trying to failover after sleeping for 2000ms.
2022-06-08 19:33:41,738 [2307c498-167f-43d9-87ae-3379131d0636@group-E6E454DC87C0-FollowerState] INFO  impl.FollowerState (FollowerState.java:run(143)) - 2307c498-167f-43d9-87ae-3379131d0636@group-E6E454DC87C0-FollowerState: change to CANDIDATE, lastRpcElapsedTime:5162771898ns, electionTimeout:5151ms
2022-06-08 19:33:41,739 [2307c498-167f-43d9-87ae-3379131d0636@group-E6E454DC87C0-FollowerState] INFO  impl.RoleInfo (RoleInfo.java:shutdownFollowerState(110)) - 2307c498-167f-43d9-87ae-3379131d0636: shutdown 2307c498-167f-43d9-87ae-3379131d0636@group-E6E454DC87C0-FollowerState
2022-06-08 19:33:41,739 [2307c498-167f-43d9-87ae-3379131d0636@group-E6E454DC87C0-FollowerState] INFO  server.RaftServer$Division (RaftServerImpl.java:setRole(299)) - 2307c498-167f-43d9-87ae-3379131d0636@group-E6E454DC87C0: changes role from  FOLLOWER to CANDIDATE at term 1 for changeToCandidate
2022-06-08 19:33:41,740 [2307c498-167f-43d9-87ae-3379131d0636@group-E6E454DC87C0-FollowerState] INFO  server.RaftServerConfigKeys (ConfUtils.java:logGet(46)) - raft.server.leaderelection.pre-vote = false (custom)
2022-06-08 19:33:41,740 [2307c498-167f-43d9-87ae-3379131d0636@group-E6E454DC87C0-FollowerState] INFO  impl.RoleInfo (RoleInfo.java:updateAndGet(139)) - 2307c498-167f-43d9-87ae-3379131d0636: start 2307c498-167f-43d9-87ae-3379131d0636@group-E6E454DC87C0-LeaderElection2
2022-06-08 19:33:41,749 [2307c498-167f-43d9-87ae-3379131d0636@group-E6E454DC87C0-LeaderElection2] INFO  impl.LeaderElection (LeaderElection.java:askForVotes(310)) - 2307c498-167f-43d9-87ae-3379131d0636@group-E6E454DC87C0-LeaderElection2 ELECTION round 0: submit vote requests at term 2 for 0: [2307c498-167f-43d9-87ae-3379131d0636|rpc:localhost:36931|admin:|client:|dataStream:|priority:0], old=null
2022-06-08 19:33:41,750 [2307c498-167f-43d9-87ae-3379131d0636@group-E6E454DC87C0-LeaderElection2] INFO  impl.LeaderElection (LeaderElection.java:askForVotes(312)) - 2307c498-167f-43d9-87ae-3379131d0636@group-E6E454DC87C0-LeaderElection2 ELECTION round 0: result PASSED (term=2)
2022-06-08 19:33:41,750 [2307c498-167f-43d9-87ae-3379131d0636@group-E6E454DC87C0-LeaderElection2] INFO  impl.RoleInfo (RoleInfo.java:shutdownLeaderElection(130)) - 2307c498-167f-43d9-87ae-3379131d0636: shutdown 2307c498-167f-43d9-87ae-3379131d0636@group-E6E454DC87C0-LeaderElection2
2022-06-08 19:33:41,750 [2307c498-167f-43d9-87ae-3379131d0636@group-E6E454DC87C0-LeaderElection2] INFO  server.RaftServer$Division (RaftServerImpl.java:setRole(299)) - 2307c498-167f-43d9-87ae-3379131d0636@group-E6E454DC87C0: changes role from CANDIDATE to LEADER at term 2 for changeToLeader
2022-06-08 19:33:41,750 [2307c498-167f-43d9-87ae-3379131d0636@group-E6E454DC87C0-LeaderElection2] INFO  ha.SCMStateMachine (SCMStateMachine.java:notifyLeaderChanged(259)) - current SCM becomes leader of term 2.
2022-06-08 19:33:41,750 [2307c498-167f-43d9-87ae-3379131d0636@group-E6E454DC87C0-LeaderElection2] INFO  ha.SCMContext (SCMContext.java:updateLeaderAndTerm(99)) - update <isLeader,term> from <false,0> to <true,2>
2022-06-08 19:33:41,755 [2307c498-167f-43d9-87ae-3379131d0636@group-E6E454DC87C0-LeaderElection2] INFO  server.RaftServer$Division (ServerState.java:setLeader(287)) - 2307c498-167f-43d9-87ae-3379131d0636@group-E6E454DC87C0: change Leader from null to 2307c498-167f-43d9-87ae-3379131d0636 at term 2 for becomeLeader, leader elected after 6402ms
2022-06-08 19:33:41,755 [2307c498-167f-43d9-87ae-3379131d0636@group-E6E454DC87C0-LeaderElection2] INFO  server.RaftServerConfigKeys (ConfUtils.java:logGet(46)) - raft.server.staging.catchup.gap = 1000 (default)
2022-06-08 19:33:41,756 [2307c498-167f-43d9-87ae-3379131d0636@group-E6E454DC87C0-LeaderElection2] INFO  server.RaftServerConfigKeys (ConfUtils.java:logGet(46)) - raft.server.write.element-limit = 4096 (default)
2022-06-08 19:33:41,756 [2307c498-167f-43d9-87ae-3379131d0636@group-E6E454DC87C0-LeaderElection2] INFO  server.RaftServerConfigKeys (ConfUtils.java:logGet(46)) - raft.server.write.byte-limit = 64MB (=67108864) (default)
2022-06-08 19:33:41,756 [2307c498-167f-43d9-87ae-3379131d0636@group-E6E454DC87C0-LeaderElection2] INFO  server.RaftServerConfigKeys (ConfUtils.java:logGet(46)) - raft.server.watch.timeout = 10s (default)
2022-06-08 19:33:41,756 [2307c498-167f-43d9-87ae-3379131d0636@group-E6E454DC87C0-LeaderElection2] INFO  server.RaftServerConfigKeys (ConfUtils.java:logGet(46)) - raft.server.watch.timeout.denomination = 1s (default)
2022-06-08 19:33:41,756 [2307c498-167f-43d9-87ae-3379131d0636@group-E6E454DC87C0-LeaderElection2] INFO  server.RaftServerConfigKeys (ConfUtils.java:logGet(46)) - raft.server.watch.element-limit = 65536 (default)
2022-06-08 19:33:41,756 [2307c498-167f-43d9-87ae-3379131d0636@group-E6E454DC87C0-LeaderElection2] INFO  server.RaftServerConfigKeys (ConfUtils.java:logGet(46)) - raft.server.write.element-limit = 4096 (default)
2022-06-08 19:33:41,757 [2307c498-167f-43d9-87ae-3379131d0636@group-E6E454DC87C0-LeaderElection2] INFO  server.RaftServerConfigKeys (ConfUtils.java:logGet(46)) - raft.server.write.follower.gap.ratio.max = -1.0 (default)
2022-06-08 19:33:41,757 [2307c498-167f-43d9-87ae-3379131d0636@group-E6E454DC87C0-LeaderElection2] INFO  impl.RoleInfo (RoleInfo.java:updateAndGet(139)) - 2307c498-167f-43d9-87ae-3379131d0636: start 2307c498-167f-43d9-87ae-3379131d0636@group-E6E454DC87C0-LeaderStateImpl
2022-06-08 19:33:41,757 [2307c498-167f-43d9-87ae-3379131d0636@group-E6E454DC87C0-LeaderElection2] INFO  segmented.SegmentedRaftLogWorker (SegmentedRaftLogWorker.java:rollLogSegment(430)) - 2307c498-167f-43d9-87ae-3379131d0636@group-E6E454DC87C0-SegmentedRaftLogWorker: Rolling segment log-0_0 to index:0
2022-06-08 19:33:41,765 [2307c498-167f-43d9-87ae-3379131d0636@group-E6E454DC87C0-SegmentedRaftLogWorker] INFO  segmented.SegmentedRaftLogWorker (SegmentedRaftLogWorker.java:execute(586)) - 2307c498-167f-43d9-87ae-3379131d0636@group-E6E454DC87C0-SegmentedRaftLogWorker: Rolled log segment from /home/runner/work/ozone/ozone/hadoop-ozone/integration-test/target/test-dir/MiniOzoneClusterImpl-6ca4cc63-2561-4277-bbe7-e6e454dc87c0/scmNode-1/scm-ha/6ca4cc63-2561-4277-bbe7-e6e454dc87c0/current/log_inprogress_0 to /home/runner/work/ozone/ozone/hadoop-ozone/integration-test/target/test-dir/MiniOzoneClusterImpl-6ca4cc63-2561-4277-bbe7-e6e454dc87c0/scmNode-1/scm-ha/6ca4cc63-2561-4277-bbe7-e6e454dc87c0/current/log_0-0
2022-06-08 19:33:41,771 [2307c498-167f-43d9-87ae-3379131d0636@group-E6E454DC87C0-LeaderElection2] INFO  server.RaftServer$Division (ServerState.java:setRaftConf(393)) - 2307c498-167f-43d9-87ae-3379131d0636@group-E6E454DC87C0: set configuration 1: [2307c498-167f-43d9-87ae-3379131d0636|rpc:localhost:36931|admin:|client:|dataStream:|priority:0], old=null
2022-06-08 19:33:41,783 [2307c498-167f-43d9-87ae-3379131d0636@group-E6E454DC87C0-SegmentedRaftLogWorker] INFO  segmented.SegmentedRaftLogWorker (SegmentedRaftLogWorker.java:execute(629)) - 2307c498-167f-43d9-87ae-3379131d0636@group-E6E454DC87C0-SegmentedRaftLogWorker: created new log segment /home/runner/work/ozone/ozone/hadoop-ozone/integration-test/target/test-dir/MiniOzoneClusterImpl-6ca4cc63-2561-4277-bbe7-e6e454dc87c0/scmNode-1/scm-ha/6ca4cc63-2561-4277-bbe7-e6e454dc87c0/current/log_inprogress_1
2022-06-08 19:33:41,789 [2307c498-167f-43d9-87ae-3379131d0636@group-E6E454DC87C0-StateMachineUpdater] INFO  ha.SCMContext (SCMContext.java:setLeaderReady(126)) - update <isLeaderReady> from <false> to <true>
2022-06-08 19:33:41,790 [2307c498-167f-43d9-87ae-3379131d0636@group-E6E454DC87C0-StateMachineUpdater] INFO  pipeline.BackgroundPipelineCreator (BackgroundPipelineCreator.java:notifyStatusChanged(251)) - Service BackgroundPipelineCreator transitions to RUNNING.
2022-06-08 19:33:41,791 [2307c498-167f-43d9-87ae-3379131d0636@group-E6E454DC87C0-StateMachineUpdater] INFO  safemode.HealthyPipelineSafeModeRule (HealthyPipelineSafeModeRule.java:initializeRule(152)) - Refreshed total pipeline count is 0, healthy pipeline threshold count is 1
2022-06-08 19:33:41,792 [2307c498-167f-43d9-87ae-3379131d0636@group-E6E454DC87C0-StateMachineUpdater] INFO  safemode.ContainerSafeModeRule (ContainerSafeModeRule.java:reInitializeRule(177)) - Refreshed one replica container threshold 0, currentThreshold 0
2022-06-08 19:33:41,792 [2307c498-167f-43d9-87ae-3379131d0636@group-E6E454DC87C0-StateMachineUpdater] INFO  safemode.OneReplicaPipelineSafeModeRule (OneReplicaPipelineSafeModeRule.java:initializeRule(176)) - Refreshed Total pipeline count is 0, pipeline's with at least one datanode reported threshold count is 0
2022-06-08 19:33:41,793 [2307c498-167f-43d9-87ae-3379131d0636@group-E6E454DC87C0-StateMachineUpdater] INFO  server.SCMDatanodeProtocolServer (SCMDatanodeProtocolServer.java:start(183)) - ScmDatanodeProtocol RPC server for DataNodes is listening at /0.0.0.0:35577
2022-06-08 19:33:41,799 [IPC Server Responder] INFO  ipc.Server (Server.java:run(1507)) - IPC Server Responder: starting
2022-06-08 19:33:41,799 [IPC Server listener on 35577] INFO  ipc.Server (Server.java:run(1344)) - IPC Server listener on 35577: starting
2022-06-08 19:33:43,612 [Listener at 0.0.0.0/36165] INFO  retry.RetryInvocationHandler (RetryInvocationHandler.java:log(411)) - com.google.protobuf.ServiceException: java.net.ConnectException: Call From fv-az243-689/10.1.0.28 to localhost:42293 failed on connection exception: java.net.ConnectException: Connection refused; For more details see:  http://wiki.apache.org/hadoop/ConnectionRefused, while invoking $Proxy41.send over nodeId=scmNode-3,nodeAddress=/127.0.0.1:42293 after 3 failover attempts. Trying to failover after sleeping for 2000ms.
2022-06-08 19:33:45,660 [Listener at 0.0.0.0/36165] INFO  server.StorageContainerManager (StorageContainerManager.java:scmBootstrap(1092)) - SCM BootStrap  is successful for ClusterID 6ca4cc63-2561-4277-bbe7-e6e454dc87c0, SCMID 21888257-2f66-47c2-9c1a-f9078c9f78d9
2022-06-08 19:33:45,660 [Listener at 0.0.0.0/36165] INFO  server.StorageContainerManager (StorageContainerManager.java:scmBootstrap(1094)) - Primary SCM Node ID 2307c498-167f-43d9-87ae-3379131d0636
2022-06-08 19:33:45,660 [Listener at 0.0.0.0/36165] INFO  ha.SCMHANodeDetails (SCMHANodeDetails.java:loadSCMHAConfig(160)) - ServiceID for StorageContainerManager is scmServiceId
2022-06-08 19:33:45,660 [Listener at 0.0.0.0/36165] INFO  ha.SCMHANodeDetails (SCMHANodeDetails.java:loadSCMHAConfig(171)) - ServiceID for StorageContainerManager is scmServiceId
2022-06-08 19:33:45,661 [Listener at 0.0.0.0/36165] WARN  scm.ScmUtils (ScmUtils.java:logWarn(179)) - ConfigKey ozone.scm.block.client.address is deprecated, For configuring different ports for each SCM use PortConfigKey ozone.scm.block.client.port appended with serviceId and nodeId. If want to configure same port configure ozone.scm.block.client.port
2022-06-08 19:33:45,661 [Listener at 0.0.0.0/36165] WARN  scm.ScmUtils (ScmUtils.java:logWarn(179)) - ConfigKey ozone.scm.client.address is deprecated, For configuring different ports for each SCM use PortConfigKey ozone.scm.client.port appended with serviceId and nodeId. If want to configure same port configure ozone.scm.client.port
2022-06-08 19:33:45,661 [Listener at 0.0.0.0/36165] WARN  scm.ScmUtils (ScmUtils.java:logWarn(179)) - ConfigKey ozone.scm.datanode.address is deprecated, For configuring different ports for each SCM use PortConfigKey ozone.scm.datanode.port appended with serviceId and nodeId. If want to configure same port configure ozone.scm.datanode.port
2022-06-08 19:33:45,661 [Listener at 0.0.0.0/36165] WARN  scm.ScmUtils (ScmUtils.java:logWarn(179)) - ConfigKey ozone.scm.block.client.address is deprecated, For configuring different ports for each SCM use PortConfigKey ozone.scm.block.client.port appended with serviceId and nodeId. If want to configure same port configure ozone.scm.block.client.port
2022-06-08 19:33:45,661 [Listener at 0.0.0.0/36165] WARN  scm.ScmUtils (ScmUtils.java:logWarn(179)) - ConfigKey ozone.scm.client.address is deprecated, For configuring different ports for each SCM use PortConfigKey ozone.scm.client.port appended with serviceId and nodeId. If want to configure same port configure ozone.scm.client.port
2022-06-08 19:33:45,661 [Listener at 0.0.0.0/36165] WARN  scm.ScmUtils (ScmUtils.java:logWarn(179)) - ConfigKey ozone.scm.datanode.address is deprecated, For configuring different ports for each SCM use PortConfigKey ozone.scm.datanode.port appended with serviceId and nodeId. If want to configure same port configure ozone.scm.datanode.port
2022-06-08 19:33:45,661 [Listener at 0.0.0.0/36165] INFO  ha.SCMHANodeDetails (SCMHANodeDetails.java:loadSCMHAConfig(258)) - Found matching SCM address with SCMServiceId: scmServiceId, SCMNodeId: scmNode-2, RPC Address: localhost:43277 and Ratis port: 43277
2022-06-08 19:33:45,661 [Listener at 0.0.0.0/36165] INFO  ha.SCMHANodeDetails (ConfUtils.java:setNodeSpecificConfigs(97)) - Setting configuration key ozone.scm.datanode.address with value of key ozone.scm.datanode.address.scmServiceId.scmNode-2: 127.0.0.1:40207
2022-06-08 19:33:45,662 [Listener at 0.0.0.0/36165] INFO  ha.SCMHANodeDetails (ConfUtils.java:setNodeSpecificConfigs(97)) - Setting configuration key ozone.scm.block.client.address with value of key ozone.scm.block.client.address.scmServiceId.scmNode-2: 127.0.0.1:45287
2022-06-08 19:33:45,662 [Listener at 0.0.0.0/36165] INFO  ha.SCMHANodeDetails (ConfUtils.java:setNodeSpecificConfigs(97)) - Setting configuration key ozone.scm.client.address with value of key ozone.scm.client.address.scmServiceId.scmNode-2: 127.0.0.1:37775
2022-06-08 19:33:45,662 [Listener at 0.0.0.0/36165] INFO  ha.SCMHANodeDetails (ConfUtils.java:setNodeSpecificConfigs(97)) - Setting configuration key ozone.scm.ratis.port with value of key ozone.scm.ratis.port.scmServiceId.scmNode-2: 43277
2022-06-08 19:33:45,662 [Listener at 0.0.0.0/36165] INFO  ha.SCMHANodeDetails (ConfUtils.java:setNodeSpecificConfigs(97)) - Setting configuration key ozone.scm.grpc.port with value of key ozone.scm.grpc.port.scmServiceId.scmNode-2: 32905
2022-06-08 19:33:45,662 [Listener at 0.0.0.0/36165] INFO  ha.SCMHANodeDetails (ConfUtils.java:setNodeSpecificConfigs(97)) - Setting configuration key ozone.scm.http-address with value of key ozone.scm.http-address.scmServiceId.scmNode-2: 127.0.0.1:33347
2022-06-08 19:33:45,662 [Listener at 0.0.0.0/36165] INFO  ha.SCMHANodeDetails (ConfUtils.java:setNodeSpecificConfigs(97)) - Setting configuration key ozone.scm.https-address with value of key ozone.scm.https-address.scmServiceId.scmNode-2: 127.0.0.1:41417
2022-06-08 19:33:45,662 [Listener at 0.0.0.0/36165] INFO  ha.SCMHANodeDetails (ConfUtils.java:setNodeSpecificConfigs(97)) - Setting configuration key ozone.scm.address with value of key ozone.scm.address.scmServiceId.scmNode-2: 127.0.0.1
2022-06-08 19:33:45,662 [Listener at 0.0.0.0/36165] WARN  scm.ScmUtils (ScmUtils.java:logWarn(179)) - ConfigKey ozone.scm.block.client.address is deprecated, For configuring different ports for each SCM use PortConfigKey ozone.scm.block.client.port appended with serviceId and nodeId. If want to configure same port configure ozone.scm.block.client.port
2022-06-08 19:33:45,662 [Listener at 0.0.0.0/36165] WARN  scm.ScmUtils (ScmUtils.java:logWarn(179)) - ConfigKey ozone.scm.client.address is deprecated, For configuring different ports for each SCM use PortConfigKey ozone.scm.client.port appended with serviceId and nodeId. If want to configure same port configure ozone.scm.client.port
2022-06-08 19:33:45,662 [Listener at 0.0.0.0/36165] WARN  scm.ScmUtils (ScmUtils.java:logWarn(179)) - ConfigKey ozone.scm.datanode.address is deprecated, For configuring different ports for each SCM use PortConfigKey ozone.scm.datanode.port appended with serviceId and nodeId. If want to configure same port configure ozone.scm.datanode.port
2022-06-08 19:33:45,664 [Listener at 0.0.0.0/36165] WARN  server.ServerUtils (ServerUtils.java:getScmDbDir(148)) - ozone.scm.db.dirs is not configured. We recommend adding this setting. Falling back to ozone.metadata.dirs instead.
2022-06-08 19:33:45,664 [Listener at 0.0.0.0/36165] WARN  utils.HAUtils (HAUtils.java:getMetaDir(342)) - ozone.scm.db.dirs is not configured. We recommend adding this setting. Falling back to ozone.metadata.dirs instead.
2022-06-08 19:33:45,665 [Listener at 0.0.0.0/36165] WARN  db.DBStoreBuilder (DBStoreBuilder.java:applyDBDefinition(145)) - ozone.scm.db.dirs is not configured. We recommend adding this setting. Falling back to ozone.metadata.dirs instead.
2022-06-08 19:33:45,870 [Listener at 0.0.0.0/36165] INFO  net.NodeSchemaLoader (NodeSchemaLoader.java:loadSchemaFromFile(129)) - Loading schema from [jar:file:/home/runner/.m2/repository/org/apache/ozone/hdds-common/1.3.0-SNAPSHOT/hdds-common-1.3.0-SNAPSHOT.jar!/network-topology-default.xml]
2022-06-08 19:33:45,870 [Listener at 0.0.0.0/36165] INFO  net.NodeSchemaLoader (NodeSchemaLoader.java:loadSchema(176)) - Loading network topology layer schema file
2022-06-08 19:33:45,873 [Listener at 0.0.0.0/36165] WARN  impl.MetricRegistriesImpl (MetricRegistriesImpl.java:addReporterRegistration(111)) - New reporters are added after registries were created. Some metrics will be missing from the reporter. Please add reporter before adding any new registry.
2022-06-08 19:33:45,873 [Listener at 0.0.0.0/36165] WARN  impl.MetricRegistriesImpl (MetricRegistriesImpl.java:addReporterRegistration(111)) - New reporters are added after registries were created. Some metrics will be missing from the reporter. Please add reporter before adding any new registry.
2022-06-08 19:33:45,873 [Listener at 0.0.0.0/36165] INFO  ha.SCMRatisServerImpl (SCMRatisServerImpl.java:<init>(88)) - starting Raft server for scm:21888257-2f66-47c2-9c1a-f9078c9f78d9
2022-06-08 19:33:45,874 [Listener at 0.0.0.0/36165] INFO  server.RaftServer (ConfUtils.java:logGet(46)) - raft.rpc.type = GRPC (default)
2022-06-08 19:33:45,874 [Listener at 0.0.0.0/36165] INFO  grpc.GrpcFactory (GrpcFactory.java:checkPooledByteBufAllocatorUseCacheForAllThreads(48)) - PERFORMANCE WARNING: useCacheForAllThreads is true that may cause Netty to create a lot garbage objects and, as a result, trigger GC.
	It is recommended to disable useCacheForAllThreads by setting -Dorg.apache.ratis.thirdparty.io.netty.allocator.useCacheForAllThreads=false in command line.
2022-06-08 19:33:45,874 [Listener at 0.0.0.0/36165] INFO  grpc.GrpcConfigKeys (ConfUtils.java:logGet(46)) - raft.grpc.admin.port = -1 (default)
2022-06-08 19:33:45,875 [Listener at 0.0.0.0/36165] INFO  grpc.GrpcConfigKeys (ConfUtils.java:logGet(46)) - raft.grpc.server.port = 43277 (custom)
2022-06-08 19:33:45,875 [Listener at 0.0.0.0/36165] INFO  grpc.GrpcConfigKeys (ConfUtils.java:logGet(46)) - raft.grpc.client.port = -1 (default)
2022-06-08 19:33:45,875 [Listener at 0.0.0.0/36165] INFO  grpc.GrpcConfigKeys (ConfUtils.java:logGet(46)) - raft.grpc.server.port = 43277 (custom)
2022-06-08 19:33:45,875 [Listener at 0.0.0.0/36165] INFO  grpc.GrpcConfigKeys (ConfUtils.java:logGet(46)) - raft.grpc.server.port = 43277 (custom)
2022-06-08 19:33:45,875 [Listener at 0.0.0.0/36165] INFO  server.GrpcService (ConfUtils.java:logGet(46)) - raft.grpc.message.size.max = 32m (=33554432) (custom)
2022-06-08 19:33:45,875 [Listener at 0.0.0.0/36165] INFO  server.RaftServerConfigKeys (ConfUtils.java:logGet(46)) - raft.server.log.appender.buffer.byte-limit = 33554432 (custom)
2022-06-08 19:33:45,875 [Listener at 0.0.0.0/36165] INFO  server.GrpcService (ConfUtils.java:logGet(46)) - raft.grpc.flow.control.window = 1MB (=1048576) (default)
2022-06-08 19:33:45,875 [Listener at 0.0.0.0/36165] INFO  server.RaftServerConfigKeys (ConfUtils.java:logGet(46)) - raft.server.rpc.request.timeout = 30000ms (custom)
2022-06-08 19:33:45,875 [Listener at 0.0.0.0/36165] INFO  grpc.GrpcConfigKeys (ConfUtils.java:logGet(46)) - raft.grpc.server.async.request.thread.pool.cached = true (default)
2022-06-08 19:33:45,876 [Listener at 0.0.0.0/36165] INFO  grpc.GrpcConfigKeys (ConfUtils.java:logGet(46)) - raft.grpc.server.async.request.thread.pool.size = 32 (default)
2022-06-08 19:33:45,877 [Listener at 0.0.0.0/36165] INFO  impl.DataStreamServerImpl (ConfUtils.java:logGet(46)) - raft.datastream.type = DISABLED (default)
2022-06-08 19:33:45,877 [Listener at 0.0.0.0/36165] INFO  server.RaftServerConfigKeys (ConfUtils.java:logGet(46)) - raft.server.threadpool.proxy.cached = true (default)
2022-06-08 19:33:45,877 [Listener at 0.0.0.0/36165] INFO  server.RaftServerConfigKeys (ConfUtils.java:logGet(46)) - raft.server.threadpool.proxy.size = 0 (default)
2022-06-08 19:33:45,877 [Listener at 0.0.0.0/36165] INFO  server.RaftServerConfigKeys (ConfUtils.java:logGet(46)) - raft.server.rpc.slowness.timeout = 120000ms (custom)
2022-06-08 19:33:45,877 [Listener at 0.0.0.0/36165] INFO  server.RaftServerConfigKeys (ConfUtils.java:logGet(46)) - raft.server.leaderelection.leader.step-down.wait-time = 10s (default)
2022-06-08 19:33:45,877 [Listener at 0.0.0.0/36165] INFO  server.RaftServerConfigKeys (ConfUtils.java:logGet(46)) - raft.server.storage.dir = [/home/runner/work/ozone/ozone/hadoop-ozone/integration-test/target/test-dir/MiniOzoneClusterImpl-6ca4cc63-2561-4277-bbe7-e6e454dc87c0/scmNode-2/scm-ha] (custom)
2022-06-08 19:33:45,879 [Listener at 0.0.0.0/36165] INFO  server.RaftServer (RaftServerProxy.java:addNew(96)) - 21888257-2f66-47c2-9c1a-f9078c9f78d9: addNew group-E6E454DC87C0:[] returns group-E6E454DC87C0:java.util.concurrent.CompletableFuture@3e8f57c9[Not completed]
2022-06-08 19:33:45,879 [pool-53-thread-1] INFO  server.RaftServer$Division (RaftServerImpl.java:<init>(190)) - 21888257-2f66-47c2-9c1a-f9078c9f78d9: new RaftServerImpl for group-E6E454DC87C0:[] with SCMStateMachine:uninitialized
2022-06-08 19:33:45,880 [pool-53-thread-1] INFO  server.RaftServerConfigKeys (ConfUtils.java:logGet(46)) - raft.server.rpc.timeout.min = 5000ms (custom)
2022-06-08 19:33:45,880 [pool-53-thread-1] INFO  server.RaftServerConfigKeys (ConfUtils.java:logGet(46)) - raft.server.rpc.timeout.max = 5200ms (custom)
2022-06-08 19:33:45,880 [pool-53-thread-1] INFO  server.RaftServerConfigKeys (ConfUtils.java:logGet(46)) - raft.server.rpc.sleep.time = 25ms (default)
2022-06-08 19:33:45,880 [pool-53-thread-1] INFO  server.RaftServerConfigKeys (ConfUtils.java:logGet(46)) - raft.server.rpc.slowness.timeout = 120000ms (custom)
2022-06-08 19:33:45,880 [pool-53-thread-1] INFO  server.RaftServerConfigKeys (ConfUtils.java:logGet(46)) - raft.server.leaderelection.leader.step-down.wait-time = 10s (default)
2022-06-08 19:33:45,880 [pool-53-thread-1] INFO  server.RaftServerConfigKeys (ConfUtils.java:logGet(46)) - raft.server.sleep.deviation.threshold = 300ms (default)
2022-06-08 19:33:45,880 [pool-53-thread-1] INFO  server.RaftServer$Division (ServerState.java:<init>(107)) - 21888257-2f66-47c2-9c1a-f9078c9f78d9@group-E6E454DC87C0: ConfigurationManager, init=-1: [], old=null, confs=<EMPTY_MAP>
2022-06-08 19:33:45,880 [pool-53-thread-1] INFO  server.RaftServerConfigKeys (ConfUtils.java:logGet(46)) - raft.server.storage.dir = [/home/runner/work/ozone/ozone/hadoop-ozone/integration-test/target/test-dir/MiniOzoneClusterImpl-6ca4cc63-2561-4277-bbe7-e6e454dc87c0/scmNode-2/scm-ha] (custom)
2022-06-08 19:33:45,881 [pool-53-thread-1] INFO  server.RaftServerConfigKeys (ConfUtils.java:logGet(46)) - raft.server.log.corruption.policy = EXCEPTION (default)
2022-06-08 19:33:45,881 [pool-53-thread-1] INFO  server.RaftServerConfigKeys (ConfUtils.java:logGet(46)) - raft.server.storage.free-space.min = 0MB (=0) (default)
2022-06-08 19:33:45,881 [pool-53-thread-1] INFO  storage.RaftStorageDirectory (RaftStorageDirectoryImpl.java:analyzeStorage(135)) - The storage directory /home/runner/work/ozone/ozone/hadoop-ozone/integration-test/target/test-dir/MiniOzoneClusterImpl-6ca4cc63-2561-4277-bbe7-e6e454dc87c0/scmNode-2/scm-ha/6ca4cc63-2561-4277-bbe7-e6e454dc87c0 does not exist. Creating ...
2022-06-08 19:33:45,883 [pool-53-thread-1] INFO  storage.RaftStorageDirectory (RaftStorageDirectoryImpl.java:tryLock(230)) - Lock on /home/runner/work/ozone/ozone/hadoop-ozone/integration-test/target/test-dir/MiniOzoneClusterImpl-6ca4cc63-2561-4277-bbe7-e6e454dc87c0/scmNode-2/scm-ha/6ca4cc63-2561-4277-bbe7-e6e454dc87c0/in_use.lock acquired by nodename 20560@fv-az243-689
2022-06-08 19:33:45,885 [pool-53-thread-1] INFO  storage.RaftStorage (RaftStorageImpl.java:format(89)) - Storage directory /home/runner/work/ozone/ozone/hadoop-ozone/integration-test/target/test-dir/MiniOzoneClusterImpl-6ca4cc63-2561-4277-bbe7-e6e454dc87c0/scmNode-2/scm-ha/6ca4cc63-2561-4277-bbe7-e6e454dc87c0 has been successfully formatted.
2022-06-08 19:33:45,885 [pool-53-thread-1] INFO  server.RaftServerConfigKeys (ConfUtils.java:logGet(46)) - raft.server.notification.no-leader.timeout = 60s (default)
2022-06-08 19:33:45,885 [pool-53-thread-1] INFO  server.RaftServerConfigKeys (ConfUtils.java:logGet(46)) - raft.server.log.use.memory = false (default)
2022-06-08 19:33:45,885 [pool-53-thread-1] INFO  server.RaftServerConfigKeys (ConfUtils.java:logGet(46)) - raft.server.log.purge.gap = 1000000 (custom)
2022-06-08 19:33:45,885 [pool-53-thread-1] INFO  server.RaftServerConfigKeys (ConfUtils.java:logGet(46)) - raft.server.log.appender.buffer.byte-limit = 33554432 (custom)
2022-06-08 19:33:45,885 [pool-53-thread-1] INFO  server.RaftServerConfigKeys (ConfUtils.java:logGet(46)) - raft.server.log.statemachine.data.read.timeout = 1000ms (default)
2022-06-08 19:33:45,886 [pool-53-thread-1] INFO  server.RaftServerConfigKeys (ConfUtils.java:logGet(46)) - raft.server.log.segment.size.max = 4194304 (custom)
2022-06-08 19:33:45,886 [pool-53-thread-1] INFO  server.RaftServerConfigKeys (ConfUtils.java:logGet(46)) - raft.server.log.segment.cache.num.max = 2 (custom)
2022-06-08 19:33:45,886 [pool-53-thread-1] INFO  server.RaftServerConfigKeys (ConfUtils.java:logGet(46)) - raft.server.log.segment.cache.size.max = 200MB (=209715200) (default)
2022-06-08 19:33:45,886 [pool-53-thread-1] INFO  segmented.SegmentedRaftLogWorker (SegmentedRaftLogWorker.java:<init>(187)) - new 21888257-2f66-47c2-9c1a-f9078c9f78d9@group-E6E454DC87C0-SegmentedRaftLogWorker for RaftStorageImpl:Storage Directory /home/runner/work/ozone/ozone/hadoop-ozone/integration-test/target/test-dir/MiniOzoneClusterImpl-6ca4cc63-2561-4277-bbe7-e6e454dc87c0/scmNode-2/scm-ha/6ca4cc63-2561-4277-bbe7-e6e454dc87c0
2022-06-08 19:33:45,886 [pool-53-thread-1] INFO  server.RaftServerConfigKeys (ConfUtils.java:logGet(46)) - raft.server.log.queue.byte-limit = 64MB (=67108864) (default)
2022-06-08 19:33:45,886 [pool-53-thread-1] INFO  server.RaftServerConfigKeys (ConfUtils.java:logGet(46)) - raft.server.log.queue.element-limit = 4096 (default)
2022-06-08 19:33:45,886 [pool-53-thread-1] INFO  server.RaftServerConfigKeys (ConfUtils.java:logGet(46)) - raft.server.log.segment.size.max = 4194304 (custom)
2022-06-08 19:33:45,887 [pool-53-thread-1] INFO  server.RaftServerConfigKeys (ConfUtils.java:logGet(46)) - raft.server.log.preallocated.size = 4194304 (custom)
2022-06-08 19:33:45,887 [pool-53-thread-1] INFO  server.RaftServerConfigKeys (ConfUtils.java:logGet(46)) - raft.server.log.force.sync.num = 128 (default)
2022-06-08 19:33:45,887 [pool-53-thread-1] INFO  server.RaftServerConfigKeys (ConfUtils.java:logGet(46)) - raft.server.log.statemachine.data.sync = true (default)
2022-06-08 19:33:45,887 [pool-53-thread-1] INFO  server.RaftServerConfigKeys (ConfUtils.java:logGet(46)) - raft.server.log.statemachine.data.sync.timeout = 10s (default)
2022-06-08 19:33:45,887 [pool-53-thread-1] INFO  server.RaftServerConfigKeys (ConfUtils.java:logGet(46)) - raft.server.log.statemachine.data.sync.timeout.retry = -1 (default)
2022-06-08 19:33:45,888 [pool-53-thread-1] INFO  server.RaftServerConfigKeys (ConfUtils.java:logGet(46)) - raft.server.log.write.buffer.size = 64KB (=65536) (default)
2022-06-08 19:33:45,888 [pool-53-thread-1] INFO  server.RaftServerConfigKeys (ConfUtils.java:logGet(46)) - raft.server.log.unsafe-flush.enabled = false (default)
2022-06-08 19:33:45,888 [pool-53-thread-1] INFO  server.RaftServerConfigKeys (ConfUtils.java:logGet(46)) - raft.server.log.statemachine.data.caching.enabled = false (default)
2022-06-08 19:33:45,888 [pool-53-thread-1] INFO  segmented.SegmentedRaftLogWorker (SegmentedRaftLogWorker.java:lambda$new$0(135)) - 21888257-2f66-47c2-9c1a-f9078c9f78d9@group-E6E454DC87C0-SegmentedRaftLogWorker: flushIndex: setUnconditionally 0 -> -1
2022-06-08 19:33:45,888 [pool-53-thread-1] INFO  segmented.SegmentedRaftLogWorker (SegmentedRaftLogWorker.java:lambda$new$0(135)) - 21888257-2f66-47c2-9c1a-f9078c9f78d9@group-E6E454DC87C0-SegmentedRaftLogWorker: safeCacheEvictIndex: setUnconditionally 0 -> -1
2022-06-08 19:33:45,894 [pool-53-thread-1] INFO  server.RaftServerConfigKeys (ConfUtils.java:logGet(46)) - raft.server.snapshot.auto.trigger.enabled = true (custom)
2022-06-08 19:33:45,894 [pool-53-thread-1] INFO  server.RaftServerConfigKeys (ConfUtils.java:logGet(46)) - raft.server.snapshot.auto.trigger.threshold = 1000 (custom)
2022-06-08 19:33:45,894 [pool-53-thread-1] INFO  server.RaftServerConfigKeys (ConfUtils.java:logGet(46)) - raft.server.snapshot.retention.file.num = -1 (default)
2022-06-08 19:33:45,894 [pool-53-thread-1] INFO  server.RaftServerConfigKeys (ConfUtils.java:logGet(46)) - raft.server.log.purge.upto.snapshot.index = false (default)
2022-06-08 19:33:45,894 [pool-53-thread-1] INFO  server.RaftServerConfigKeys (ConfUtils.java:logGet(46)) - raft.server.retrycache.expirytime = 60000ms (default)
2022-06-08 19:33:45,894 [pool-53-thread-1] INFO  server.RaftServerConfigKeys (ConfUtils.java:logGet(46)) - raft.server.retrycache.statistics.expirytime = 100μs (default)
2022-06-08 19:33:45,895 [pool-53-thread-1] INFO  server.RaftServerConfigKeys (ConfUtils.java:logGet(46)) - raft.server.log.appender.install.snapshot.enabled = false (custom)
2022-06-08 19:33:45,896 [pool-53-thread-1] INFO  server.RaftServerConfigKeys (ConfUtils.java:logGet(46)) - raft.server.threadpool.server.cached = true (default)
2022-06-08 19:33:45,896 [pool-53-thread-1] INFO  server.RaftServerConfigKeys (ConfUtils.java:logGet(46)) - raft.server.threadpool.server.size = 0 (default)
2022-06-08 19:33:45,896 [pool-53-thread-1] INFO  server.RaftServerConfigKeys (ConfUtils.java:logGet(46)) - raft.server.threadpool.client.cached = true (default)
2022-06-08 19:33:45,896 [pool-53-thread-1] INFO  server.RaftServerConfigKeys (ConfUtils.java:logGet(46)) - raft.server.threadpool.client.size = 0 (default)
2022-06-08 19:33:45,896 [Listener at 0.0.0.0/36165] INFO  ha.SCMSnapshotProvider (SCMSnapshotProvider.java:<init>(66)) - Initializing SCM Snapshot Provider
2022-06-08 19:33:45,896 [Listener at 0.0.0.0/36165] WARN  server.ServerUtils (ServerUtils.java:getDefaultRatisDirectory(237)) - Storage directory for Ratis is not configured. It is a good idea to map this to an SSD disk. Falling back to ozone.metadata.dirs
2022-06-08 19:33:45,896 [Listener at 0.0.0.0/36165] WARN  ha.SCMHAUtils (SCMHAUtils.java:getSCMRatisSnapshotDirectory(151)) - SCM snapshot dir is not configured. Falling back to ozone.metadata.dirs config
2022-06-08 19:33:45,898 [Listener at 0.0.0.0/36165] INFO  upgrade.AbstractLayoutVersionManager (AbstractLayoutVersionManager.java:init(82)) - Initializing Layout version manager with metadata layout = DATANODE_SCHEMA_V3 (version = 4), software layout = DATANODE_SCHEMA_V3 (version = 4)
2022-06-08 19:33:45,950 [Listener at 0.0.0.0/36165] INFO  reflections.Reflections (Reflections.java:scan(232)) - Reflections took 51 ms to scan 7 urls, producing 131 keys and 311 values 
2022-06-08 19:33:45,956 [Listener at 0.0.0.0/36165] INFO  ha.SequenceIdGenerator (SequenceIdGenerator.java:upgradeToSequenceId(347)) - upgrade localId to 109611004723200000
2022-06-08 19:33:45,956 [Listener at 0.0.0.0/36165] INFO  ha.SequenceIdGenerator (SequenceIdGenerator.java:upgradeToSequenceId(357)) - upgrade delTxnId to 0
2022-06-08 19:33:45,956 [Listener at 0.0.0.0/36165] INFO  ha.SequenceIdGenerator (SequenceIdGenerator.java:upgradeToSequenceId(374)) - upgrade containerId to 0
2022-06-08 19:33:45,957 [Listener at 0.0.0.0/36165] INFO  ha.SequenceIdGenerator (SequenceIdGenerator.java:<init>(218)) - Init the HA SequenceIdGenerator.
2022-06-08 19:33:45,957 [Listener at 0.0.0.0/36165] WARN  server.ServerUtils (ServerUtils.java:sanitizeUserArgs(73)) - ozone.scm.stale.node.interval value = 300000 is larger than max = 100000 based on the key value of ozone.scm.heartbeat.thread.interval, reset to the max value 100000.
2022-06-08 19:33:45,957 [Listener at 0.0.0.0/36165] WARN  server.ServerUtils (ServerUtils.java:sanitizeUserArgs(73)) - ozone.scm.stale.node.interval value = 300000 is larger than max = 100000 based on the key value of ozone.scm.heartbeat.thread.interval, reset to the max value 100000.
2022-06-08 19:33:45,957 [Listener at 0.0.0.0/36165] INFO  node.SCMNodeManager (SCMNodeManager.java:<init>(149)) - Entering startup safe mode.
2022-06-08 19:33:45,958 [Listener at 0.0.0.0/36165] INFO  algorithms.ContainerPlacementPolicyFactory (ContainerPlacementPolicyFactory.java:getPolicyInternal(86)) - Create container placement policy of type org.apache.hadoop.hdds.scm.container.placement.algorithms.SCMContainerPlacementRandom
2022-06-08 19:33:45,959 [Listener at 0.0.0.0/36165] INFO  pipeline.PipelineStateManagerImpl (PipelineStateManagerImpl.java:initialize(78)) - No pipeline exists in current db
2022-06-08 19:33:45,959 [Listener at 0.0.0.0/36165] INFO  algorithms.LeaderChoosePolicyFactory (LeaderChoosePolicyFactory.java:getPolicy(57)) - Create leader choose policy of type org.apache.hadoop.hdds.scm.pipeline.leader.choose.algorithms.MinLeaderCountChoosePolicy
2022-06-08 19:33:45,959 [Listener at 0.0.0.0/36165] INFO  algorithms.ContainerPlacementPolicyFactory (ContainerPlacementPolicyFactory.java:getPolicyInternal(86)) - Create container placement policy of type org.apache.hadoop.hdds.scm.container.placement.algorithms.SCMContainerPlacementRackScatter
2022-06-08 19:33:45,959 [Listener at 0.0.0.0/36165] INFO  pipeline.BackgroundPipelineCreator (BackgroundPipelineCreator.java:start(125)) - Starting RatisPipelineUtilsThread.
2022-06-08 19:33:45,961 [Listener at 0.0.0.0/36165] INFO  BackgroundPipelineScrubber (BackgroundSCMService.java:start(68)) - Starting BackgroundPipelineScrubber Service.
2022-06-08 19:33:45,962 [Listener at 0.0.0.0/36165] INFO  ha.SCMServiceManager (SCMServiceManager.java:register(42)) - Registering service BackgroundPipelineCreator.
2022-06-08 19:33:45,962 [Listener at 0.0.0.0/36165] INFO  ha.SCMServiceManager (SCMServiceManager.java:register(42)) - Registering service BackgroundPipelineScrubber.
2022-06-08 19:33:45,962 [Listener at 0.0.0.0/36165] INFO  ExpiredContainerReplicaOpScrubber (BackgroundSCMService.java:start(68)) - Starting ExpiredContainerReplicaOpScrubber Service.
2022-06-08 19:33:45,962 [Listener at 0.0.0.0/36165] INFO  ha.SCMServiceManager (SCMServiceManager.java:register(42)) - Registering service ExpiredContainerReplicaOpScrubber.
2022-06-08 19:33:45,963 [Listener at 0.0.0.0/36165] INFO  algorithms.PipelineChoosePolicyFactory (PipelineChoosePolicyFactory.java:createPipelineChoosePolicyFromClass(73)) - Create pipeline choose policy of type org.apache.hadoop.hdds.scm.pipeline.choose.algorithms.RandomPipelineChoosePolicy
2022-06-08 19:33:45,964 [Listener at 0.0.0.0/36165] INFO  ha.SCMServiceManager (SCMServiceManager.java:register(42)) - Registering service SCMBlockDeletingService.
2022-06-08 19:33:45,964 [Listener at 0.0.0.0/36165] INFO  ha.SCMServiceManager (SCMServiceManager.java:register(42)) - Registering service ReplicationManager.
2022-06-08 19:33:45,964 [Listener at 0.0.0.0/36165] INFO  replication.ReplicationManager (ReplicationManager.java:start(179)) - Starting Replication Monitor Thread.
2022-06-08 19:33:45,967 [Listener at 0.0.0.0/36165] INFO  safemode.ContainerSafeModeRule (ContainerSafeModeRule.java:<init>(89)) - containers with one replica threshold count 0
2022-06-08 19:33:45,968 [Listener at 0.0.0.0/36165] INFO  safemode.HealthyPipelineSafeModeRule (HealthyPipelineSafeModeRule.java:initializeRule(156)) - Total pipeline count is 0, healthy pipeline threshold count is 1
2022-06-08 19:33:45,968 [Listener at 0.0.0.0/36165] INFO  safemode.OneReplicaPipelineSafeModeRule (OneReplicaPipelineSafeModeRule.java:initializeRule(180)) - Total pipeline count is 0, pipeline's with at least one datanode reported threshold count is 0
2022-06-08 19:33:45,970 [ReplicationMonitor] INFO  replication.ReplicationManager (ReplicationManager.java:processAll(228)) - Replication Manager is not ready to run until 3000ms after safemode exit
2022-06-08 19:33:45,971 [Listener at 0.0.0.0/36165] INFO  ipc.CallQueueManager (CallQueueManager.java:<init>(90)) - Using callQueue: class java.util.concurrent.LinkedBlockingQueue, queueCapacity: 2000, scheduler: class org.apache.hadoop.ipc.DefaultRpcScheduler, ipcBackoff: false.
2022-06-08 19:33:45,971 [Socket Reader #1 for port 40207] INFO  ipc.Server (Server.java:run(1265)) - Starting Socket Reader #1 for port 40207
2022-06-08 19:33:45,973 [Listener at 0.0.0.0/40207] INFO  ipc.CallQueueManager (CallQueueManager.java:<init>(90)) - Using callQueue: class java.util.concurrent.LinkedBlockingQueue, queueCapacity: 2000, scheduler: class org.apache.hadoop.ipc.DefaultRpcScheduler, ipcBackoff: false.
2022-06-08 19:33:45,974 [Socket Reader #1 for port 45287] INFO  ipc.Server (Server.java:run(1265)) - Starting Socket Reader #1 for port 45287
2022-06-08 19:33:45,977 [Listener at 0.0.0.0/45287] INFO  ipc.CallQueueManager (CallQueueManager.java:<init>(90)) - Using callQueue: class java.util.concurrent.LinkedBlockingQueue, queueCapacity: 2000, scheduler: class org.apache.hadoop.ipc.DefaultRpcScheduler, ipcBackoff: false.
2022-06-08 19:33:45,979 [Socket Reader #1 for port 37775] INFO  ipc.Server (Server.java:run(1265)) - Starting Socket Reader #1 for port 37775
2022-06-08 19:33:46,002 [Listener at 0.0.0.0/37775] INFO  ha.SCMServiceManager (SCMServiceManager.java:register(42)) - Registering service ContainerBalancer.
2022-06-08 19:33:46,002 [Listener at 0.0.0.0/37775] INFO  server.StorageContainerManager (StorageContainerManager.java:<init>(397)) - 
Container Balancer status:
Key                            Value
Running                        false
Container Balancer Configuration values:
Key                                                Value
Threshold                                          10
Max Datanodes to Involve per Iteration(percent)    20
Max Size to Move per Iteration                     500GB
Max Size Entering Target per Iteration             26GB
Max Size Leaving Source per Iteration              26GB

2022-06-08 19:33:46,002 [Listener at 0.0.0.0/37775] WARN  events.EventQueue (EventQueue.java:fireEvent(194)) - No event handler registered for event TypedEvent{payloadType=SafeModeStatus, name='Safe mode status'}
2022-06-08 19:33:46,002 [Listener at 0.0.0.0/37775] INFO  ha.SCMContext (SCMContext.java:updateSafeModeStatus(228)) - Update SafeModeStatus from SafeModeStatus{safeModeStatus=true, preCheckPassed=false} to SafeModeStatus{safeModeStatus=true, preCheckPassed=false}.
2022-06-08 19:33:46,003 [Listener at 0.0.0.0/37775] INFO  server.StorageContainerManager (StorageContainerManager.java:start(1408)) - StorageContainerLocationProtocol RPC server is listening at /0.0.0.0:37775
2022-06-08 19:33:46,003 [Listener at 0.0.0.0/37775] INFO  ha.SCMRatisServerImpl (SCMRatisServerImpl.java:start(179)) - starting ratis server 0.0.0.0:43277
2022-06-08 19:33:46,003 [21888257-2f66-47c2-9c1a-f9078c9f78d9-impl-thread1] INFO  server.RaftServer$Division (RaftServerImpl.java:start(316)) - 21888257-2f66-47c2-9c1a-f9078c9f78d9@group-E6E454DC87C0: start with initializing state, conf=-1: [], old=null
2022-06-08 19:33:46,004 [21888257-2f66-47c2-9c1a-f9078c9f78d9-impl-thread1] INFO  server.RaftServer$Division (RaftServerImpl.java:setRole(299)) - 21888257-2f66-47c2-9c1a-f9078c9f78d9@group-E6E454DC87C0: changes role from      null to FOLLOWER at term 0 for startInitializing
2022-06-08 19:33:46,004 [21888257-2f66-47c2-9c1a-f9078c9f78d9-impl-thread1] INFO  util.JmxRegister (JmxRegister.java:tryRegister(44)) - Successfully registered JMX Bean with object name Ratis:service=RaftServer,group=group-E6E454DC87C0,id=21888257-2f66-47c2-9c1a-f9078c9f78d9
2022-06-08 19:33:46,005 [Listener at 0.0.0.0/37775] INFO  server.RaftServer (RaftServerProxy.java:lambda$start$6(382)) - 21888257-2f66-47c2-9c1a-f9078c9f78d9: start RPC server
2022-06-08 19:33:46,007 [Listener at 0.0.0.0/37775] INFO  server.GrpcService (GrpcService.java:startImpl(260)) - 21888257-2f66-47c2-9c1a-f9078c9f78d9: GrpcService started, listening on 43277
2022-06-08 19:33:46,012 [Listener at 0.0.0.0/37775] INFO  ha.SCMNodeInfo (SCMNodeInfo.java:getPort(197)) - ConfigKey ozone.scm.client.address is deprecated, For configuring different ports for each SCM use PortConfigKey ozone.scm.client.port appended with serviceId and nodeId
2022-06-08 19:33:46,012 [Listener at 0.0.0.0/37775] INFO  ha.SCMNodeInfo (SCMNodeInfo.java:getPort(197)) - ConfigKey ozone.scm.block.client.address is deprecated, For configuring different ports for each SCM use PortConfigKey ozone.scm.block.client.port appended with serviceId and nodeId
2022-06-08 19:33:46,012 [Listener at 0.0.0.0/37775] INFO  ha.SCMNodeInfo (SCMNodeInfo.java:getPort(197)) - ConfigKey ozone.scm.datanode.address is deprecated, For configuring different ports for each SCM use PortConfigKey ozone.scm.datanode.port appended with serviceId and nodeId
2022-06-08 19:33:46,012 [Listener at 0.0.0.0/37775] INFO  ha.SCMNodeInfo (SCMNodeInfo.java:getPort(197)) - ConfigKey ozone.scm.client.address is deprecated, For configuring different ports for each SCM use PortConfigKey ozone.scm.client.port appended with serviceId and nodeId
2022-06-08 19:33:46,012 [Listener at 0.0.0.0/37775] INFO  ha.SCMNodeInfo (SCMNodeInfo.java:getPort(197)) - ConfigKey ozone.scm.block.client.address is deprecated, For configuring different ports for each SCM use PortConfigKey ozone.scm.block.client.port appended with serviceId and nodeId
2022-06-08 19:33:46,012 [Listener at 0.0.0.0/37775] INFO  ha.SCMNodeInfo (SCMNodeInfo.java:getPort(197)) - ConfigKey ozone.scm.datanode.address is deprecated, For configuring different ports for each SCM use PortConfigKey ozone.scm.datanode.port appended with serviceId and nodeId
2022-06-08 19:33:46,012 [Listener at 0.0.0.0/37775] INFO  proxy.SCMBlockLocationFailoverProxyProvider (SCMBlockLocationFailoverProxyProvider.java:<init>(114)) - Created block location fail-over proxy with 2 nodes: [nodeId=scmNode-3,nodeAddress=/127.0.0.1:42293, nodeId=scmNode-1,nodeAddress=/127.0.0.1:37419]
2022-06-08 19:33:46,019 [org.apache.ratis.util.JvmPauseMonitor$$Lambda$519/1621292246@247ff108] INFO  util.JvmPauseMonitor (JvmPauseMonitor.java:run(103)) - JvmPauseMonitor-21888257-2f66-47c2-9c1a-f9078c9f78d9: Started
2022-06-08 19:33:46,020 [IPC Server handler 0 on default port 37419] INFO  ha.SCMRatisServerImpl (SCMRatisServerImpl.java:addSCM(302)) - 2307c498-167f-43d9-87ae-3379131d0636: Submitting SetConfiguration request to Ratis server with new SCM peers list: [2307c498-167f-43d9-87ae-3379131d0636|rpc:localhost:36931|admin:|client:|dataStream:|priority:0, 21888257-2f66-47c2-9c1a-f9078c9f78d9|rpc:localhost:43277|priority:0]
2022-06-08 19:33:46,037 [IPC Server handler 0 on default port 37419] INFO  server.RaftServer$Division (RaftServerImpl.java:setConfigurationAsync(1080)) - 2307c498-167f-43d9-87ae-3379131d0636@group-E6E454DC87C0: receive setConfiguration SetConfigurationRequest:client-0D3FE0007F4F->2307c498-167f-43d9-87ae-3379131d0636@group-E6E454DC87C0, cid=0, seq=0, RW, null, peers:[2307c498-167f-43d9-87ae-3379131d0636|rpc:localhost:36931|admin:|client:|dataStream:|priority:0, 21888257-2f66-47c2-9c1a-f9078c9f78d9|rpc:localhost:43277|priority:0]
2022-06-08 19:33:46,038 [IPC Server handler 0 on default port 37419] INFO  server.RaftServer$Division (LeaderStateImpl.java:startSetConfiguration(368)) - 2307c498-167f-43d9-87ae-3379131d0636@group-E6E454DC87C0-LeaderStateImpl: startSetConfiguration SetConfigurationRequest:client-0D3FE0007F4F->2307c498-167f-43d9-87ae-3379131d0636@group-E6E454DC87C0, cid=0, seq=0, RW, null, peers:[2307c498-167f-43d9-87ae-3379131d0636|rpc:localhost:36931|admin:|client:|dataStream:|priority:0, 21888257-2f66-47c2-9c1a-f9078c9f78d9|rpc:localhost:43277|priority:0]
2022-06-08 19:33:46,053 [IPC Server handler 0 on default port 37419] INFO  server.RaftServerConfigKeys (ConfUtils.java:logGet(46)) - raft.server.log.appender.snapshot.chunk.size.max = 16MB (=16777216) (default)
2022-06-08 19:33:46,055 [IPC Server handler 0 on default port 37419] INFO  server.RaftServerConfigKeys (ConfUtils.java:logGet(46)) - raft.server.log.appender.buffer.byte-limit = 33554432 (custom)
2022-06-08 19:33:46,055 [IPC Server handler 0 on default port 37419] INFO  server.RaftServerConfigKeys (ConfUtils.java:logGet(46)) - raft.server.log.appender.buffer.element-limit = 1024 (custom)
2022-06-08 19:33:46,060 [IPC Server handler 0 on default port 37419] INFO  grpc.GrpcConfigKeys (ConfUtils.java:logGet(46)) - raft.grpc.server.leader.outstanding.appends.max = 128 (default)
2022-06-08 19:33:46,060 [IPC Server handler 0 on default port 37419] INFO  server.RaftServerConfigKeys (ConfUtils.java:logGet(46)) - raft.server.rpc.request.timeout = 30000ms (custom)
2022-06-08 19:33:46,061 [IPC Server handler 0 on default port 37419] INFO  server.RaftServerConfigKeys (ConfUtils.java:logGet(46)) - raft.server.log.appender.install.snapshot.enabled = false (custom)
2022-06-08 19:33:46,083 [2307c498-167f-43d9-87ae-3379131d0636@group-E6E454DC87C0->21888257-2f66-47c2-9c1a-f9078c9f78d9-GrpcLogAppender-LogAppenderDaemon] INFO  server.GrpcLogAppender (GrpcLogAppender.java:installSnapshot(541)) - 2307c498-167f-43d9-87ae-3379131d0636@group-E6E454DC87C0->21888257-2f66-47c2-9c1a-f9078c9f78d9-GrpcLogAppender: followerNextIndex = 0 but logStartIndex = 0, notify follower to install snapshot-(t:1, i:0)
2022-06-08 19:33:46,105 [2307c498-167f-43d9-87ae-3379131d0636@group-E6E454DC87C0->21888257-2f66-47c2-9c1a-f9078c9f78d9-GrpcLogAppender-LogAppenderDaemon] INFO  server.GrpcLogAppender (GrpcLogAppender.java:installSnapshot(549)) - 2307c498-167f-43d9-87ae-3379131d0636@group-E6E454DC87C0->21888257-2f66-47c2-9c1a-f9078c9f78d9-GrpcLogAppender: send 2307c498-167f-43d9-87ae-3379131d0636->21888257-2f66-47c2-9c1a-f9078c9f78d9#0-t2,notify:(t:1, i:0)
2022-06-08 19:33:46,685 [grpc-default-executor-0] INFO  impl.SnapshotInstallationHandler (SnapshotInstallationHandler.java:installSnapshot(84)) - 21888257-2f66-47c2-9c1a-f9078c9f78d9@group-E6E454DC87C0: receive installSnapshot: 2307c498-167f-43d9-87ae-3379131d0636->21888257-2f66-47c2-9c1a-f9078c9f78d9#0-t2,notify:(t:1, i:0)
2022-06-08 19:33:46,694 [grpc-default-executor-0] INFO  ha.SCMStateMachine (SCMStateMachine.java:notifyLeaderChanged(255)) - leader changed, yet current SCM is still follower.
2022-06-08 19:33:46,694 [grpc-default-executor-0] INFO  server.RaftServer$Division (ServerState.java:setLeader(287)) - 21888257-2f66-47c2-9c1a-f9078c9f78d9@group-E6E454DC87C0: change Leader from null to 2307c498-167f-43d9-87ae-3379131d0636 at term 2 for installSnapshot, leader elected after 808ms
2022-06-08 19:33:46,696 [grpc-default-executor-0] INFO  impl.SnapshotInstallationHandler (SnapshotInstallationHandler.java:notifyStateMachineToInstallSnapshot(215)) - 21888257-2f66-47c2-9c1a-f9078c9f78d9@group-E6E454DC87C0: Received notification to install snapshot at index 0
2022-06-08 19:33:46,697 [grpc-default-executor-0] INFO  impl.SnapshotInstallationHandler (SnapshotInstallationHandler.java:notifyStateMachineToInstallSnapshot(224)) - 21888257-2f66-47c2-9c1a-f9078c9f78d9@group-E6E454DC87C0: InstallSnapshot notification result: ALREADY_INSTALLED, current snapshot index: -1
2022-06-08 19:33:46,793 [grpc-default-executor-0] INFO  impl.SnapshotInstallationHandler (SnapshotInstallationHandler.java:installSnapshotImpl(129)) - 21888257-2f66-47c2-9c1a-f9078c9f78d9@group-E6E454DC87C0: set new configuration index: 1
configurationEntry {
  peers {
    id: "2307c498-167f-43d9-87ae-3379131d0636"
    address: "localhost:36931"
  }
}
 from snapshot
2022-06-08 19:33:46,793 [grpc-default-executor-0] INFO  server.RaftServer$Division (ServerState.java:setRaftConf(393)) - 21888257-2f66-47c2-9c1a-f9078c9f78d9@group-E6E454DC87C0: set configuration 1: [2307c498-167f-43d9-87ae-3379131d0636|rpc:localhost:36931|admin:|client:|dataStream:|priority:0], old=null
2022-06-08 19:33:46,794 [grpc-default-executor-0] INFO  impl.SnapshotInstallationHandler (SnapshotInstallationHandler.java:installSnapshot(95)) - 21888257-2f66-47c2-9c1a-f9078c9f78d9@group-E6E454DC87C0: reply installSnapshot: 2307c498-167f-43d9-87ae-3379131d0636<-21888257-2f66-47c2-9c1a-f9078c9f78d9#0:FAIL-t0,ALREADY_INSTALLED
2022-06-08 19:33:46,798 [grpc-default-executor-0] INFO  server.GrpcServerProtocolService (GrpcServerProtocolService.java:onCompleted(140)) - 21888257-2f66-47c2-9c1a-f9078c9f78d9: Completed INSTALL_SNAPSHOT, lastRequest: 2307c498-167f-43d9-87ae-3379131d0636->21888257-2f66-47c2-9c1a-f9078c9f78d9#0-t2,notify:(t:1, i:0)
2022-06-08 19:33:46,808 [grpc-default-executor-2] INFO  server.GrpcLogAppender (GrpcLogAppender.java:onNext(403)) - 2307c498-167f-43d9-87ae-3379131d0636@group-E6E454DC87C0->21888257-2f66-47c2-9c1a-f9078c9f78d9-InstallSnapshotResponseHandler: received the first reply 2307c498-167f-43d9-87ae-3379131d0636<-21888257-2f66-47c2-9c1a-f9078c9f78d9#0:FAIL-t0,ALREADY_INSTALLED
2022-06-08 19:33:46,811 [grpc-default-executor-2] INFO  server.GrpcLogAppender (GrpcLogAppender.java:onNext(426)) - 2307c498-167f-43d9-87ae-3379131d0636@group-E6E454DC87C0->21888257-2f66-47c2-9c1a-f9078c9f78d9-InstallSnapshotResponseHandler: Follower snapshot is already at index 0.
2022-06-08 19:33:46,811 [grpc-default-executor-2] INFO  leader.FollowerInfo (FollowerInfoImpl.java:lambda$new$0(48)) - 2307c498-167f-43d9-87ae-3379131d0636@group-E6E454DC87C0->21888257-2f66-47c2-9c1a-f9078c9f78d9: snapshotIndex: setUnconditionally 0 -> 0
2022-06-08 19:33:46,811 [grpc-default-executor-2] INFO  leader.FollowerInfo (FollowerInfoImpl.java:lambda$new$0(48)) - 2307c498-167f-43d9-87ae-3379131d0636@group-E6E454DC87C0->21888257-2f66-47c2-9c1a-f9078c9f78d9: matchIndex: setUnconditionally 0 -> 0
2022-06-08 19:33:46,811 [grpc-default-executor-2] INFO  leader.FollowerInfo (FollowerInfoImpl.java:lambda$new$0(48)) - 2307c498-167f-43d9-87ae-3379131d0636@group-E6E454DC87C0->21888257-2f66-47c2-9c1a-f9078c9f78d9: nextIndex: setUnconditionally 0 -> 1
2022-06-08 19:33:46,811 [grpc-default-executor-2] INFO  leader.FollowerInfo (FollowerInfoImpl.java:setAttemptedToInstallSnapshot(118)) - Follower 2307c498-167f-43d9-87ae-3379131d0636@group-E6E454DC87C0->21888257-2f66-47c2-9c1a-f9078c9f78d9 acknowledged installing snapshot
2022-06-08 19:33:46,811 [grpc-default-executor-2] INFO  leader.FollowerInfo (FollowerInfoImpl.java:lambda$new$0(48)) - 2307c498-167f-43d9-87ae-3379131d0636@group-E6E454DC87C0->21888257-2f66-47c2-9c1a-f9078c9f78d9: nextIndex: updateToMax old=1, new=1, updated? false
2022-06-08 19:33:46,837 [21888257-2f66-47c2-9c1a-f9078c9f78d9-server-thread1] INFO  impl.RoleInfo (RoleInfo.java:updateAndGet(139)) - 21888257-2f66-47c2-9c1a-f9078c9f78d9: start 21888257-2f66-47c2-9c1a-f9078c9f78d9@group-E6E454DC87C0-FollowerState
2022-06-08 19:33:46,838 [21888257-2f66-47c2-9c1a-f9078c9f78d9-server-thread1] INFO  server.RaftServer$Division (RaftServerImpl.java:checkInconsistentAppendEntries(1424)) - 21888257-2f66-47c2-9c1a-f9078c9f78d9@group-E6E454DC87C0: Failed appendEntries as previous log entry ((t:1, i:0)) is not found
2022-06-08 19:33:46,840 [21888257-2f66-47c2-9c1a-f9078c9f78d9-server-thread1] INFO  server.RaftServer$Division (RaftServerImpl.java:checkInconsistentAppendEntries(1394)) - 21888257-2f66-47c2-9c1a-f9078c9f78d9@group-E6E454DC87C0: inconsistency entries. Reply:2307c498-167f-43d9-87ae-3379131d0636<-21888257-2f66-47c2-9c1a-f9078c9f78d9#0:FAIL-t2,INCONSISTENCY,nextIndex=0,followerCommit=-1
2022-06-08 19:33:46,844 [21888257-2f66-47c2-9c1a-f9078c9f78d9-server-thread1] INFO  server.RaftServer$Division (RaftServerImpl.java:checkInconsistentAppendEntries(1424)) - 21888257-2f66-47c2-9c1a-f9078c9f78d9@group-E6E454DC87C0: Failed appendEntries as previous log entry ((t:1, i:0)) is not found
2022-06-08 19:33:46,844 [21888257-2f66-47c2-9c1a-f9078c9f78d9-server-thread1] INFO  server.RaftServer$Division (RaftServerImpl.java:checkInconsistentAppendEntries(1394)) - 21888257-2f66-47c2-9c1a-f9078c9f78d9@group-E6E454DC87C0: inconsistency entries. Reply:2307c498-167f-43d9-87ae-3379131d0636<-21888257-2f66-47c2-9c1a-f9078c9f78d9#1:FAIL-t2,INCONSISTENCY,nextIndex=0,followerCommit=-1
2022-06-08 19:33:46,851 [grpc-default-executor-2] INFO  leader.FollowerInfo (FollowerInfoImpl.java:lambda$new$0(48)) - 2307c498-167f-43d9-87ae-3379131d0636@group-E6E454DC87C0->21888257-2f66-47c2-9c1a-f9078c9f78d9: nextIndex: updateUnconditionally 3 -> 0
2022-06-08 19:33:46,852 [grpc-default-executor-2] INFO  leader.FollowerInfo (FollowerInfoImpl.java:lambda$new$0(48)) - 2307c498-167f-43d9-87ae-3379131d0636@group-E6E454DC87C0->21888257-2f66-47c2-9c1a-f9078c9f78d9: nextIndex: updateUnconditionally 3 -> 0
2022-06-08 19:33:46,860 [21888257-2f66-47c2-9c1a-f9078c9f78d9-server-thread1] INFO  server.RaftServer$Division (ServerState.java:setRaftConf(393)) - 21888257-2f66-47c2-9c1a-f9078c9f78d9@group-E6E454DC87C0: set configuration 0: [2307c498-167f-43d9-87ae-3379131d0636|rpc:localhost:36931|admin:|client:|dataStream:|priority:0], old=null
2022-06-08 19:33:46,860 [21888257-2f66-47c2-9c1a-f9078c9f78d9-server-thread1] INFO  server.RaftServer$Division (ServerState.java:setRaftConf(393)) - 21888257-2f66-47c2-9c1a-f9078c9f78d9@group-E6E454DC87C0: set configuration 1: [2307c498-167f-43d9-87ae-3379131d0636|rpc:localhost:36931|admin:|client:|dataStream:|priority:0], old=null
2022-06-08 19:33:46,860 [21888257-2f66-47c2-9c1a-f9078c9f78d9-server-thread1] INFO  segmented.SegmentedRaftLogWorker (SegmentedRaftLogWorker.java:startLogSegment(425)) - 21888257-2f66-47c2-9c1a-f9078c9f78d9@group-E6E454DC87C0-SegmentedRaftLogWorker: Starting segment from index:0
2022-06-08 19:33:46,862 [21888257-2f66-47c2-9c1a-f9078c9f78d9-server-thread1] INFO  segmented.SegmentedRaftLogWorker (SegmentedRaftLogWorker.java:rollLogSegment(430)) - 21888257-2f66-47c2-9c1a-f9078c9f78d9@group-E6E454DC87C0-SegmentedRaftLogWorker: Rolling segment log-0_0 to index:0
2022-06-08 19:33:46,866 [21888257-2f66-47c2-9c1a-f9078c9f78d9-server-thread2] INFO  server.RaftServer$Division (ServerState.java:setRaftConf(393)) - 21888257-2f66-47c2-9c1a-f9078c9f78d9@group-E6E454DC87C0: set configuration 0: [2307c498-167f-43d9-87ae-3379131d0636|rpc:localhost:36931|admin:|client:|dataStream:|priority:0], old=null
2022-06-08 19:33:46,867 [21888257-2f66-47c2-9c1a-f9078c9f78d9-server-thread2] INFO  server.RaftServer$Division (ServerState.java:setRaftConf(393)) - 21888257-2f66-47c2-9c1a-f9078c9f78d9@group-E6E454DC87C0: set configuration 1: [2307c498-167f-43d9-87ae-3379131d0636|rpc:localhost:36931|admin:|client:|dataStream:|priority:0], old=null
2022-06-08 19:33:46,878 [21888257-2f66-47c2-9c1a-f9078c9f78d9@group-E6E454DC87C0-SegmentedRaftLogWorker] INFO  segmented.SegmentedRaftLogWorker (SegmentedRaftLogWorker.java:execute(629)) - 21888257-2f66-47c2-9c1a-f9078c9f78d9@group-E6E454DC87C0-SegmentedRaftLogWorker: created new log segment /home/runner/work/ozone/ozone/hadoop-ozone/integration-test/target/test-dir/MiniOzoneClusterImpl-6ca4cc63-2561-4277-bbe7-e6e454dc87c0/scmNode-2/scm-ha/6ca4cc63-2561-4277-bbe7-e6e454dc87c0/current/log_inprogress_0
2022-06-08 19:33:46,880 [21888257-2f66-47c2-9c1a-f9078c9f78d9@group-E6E454DC87C0-SegmentedRaftLogWorker] INFO  segmented.SegmentedRaftLogWorker (SegmentedRaftLogWorker.java:execute(586)) - 21888257-2f66-47c2-9c1a-f9078c9f78d9@group-E6E454DC87C0-SegmentedRaftLogWorker: Rolled log segment from /home/runner/work/ozone/ozone/hadoop-ozone/integration-test/target/test-dir/MiniOzoneClusterImpl-6ca4cc63-2561-4277-bbe7-e6e454dc87c0/scmNode-2/scm-ha/6ca4cc63-2561-4277-bbe7-e6e454dc87c0/current/log_inprogress_0 to /home/runner/work/ozone/ozone/hadoop-ozone/integration-test/target/test-dir/MiniOzoneClusterImpl-6ca4cc63-2561-4277-bbe7-e6e454dc87c0/scmNode-2/scm-ha/6ca4cc63-2561-4277-bbe7-e6e454dc87c0/current/log_0-0
2022-06-08 19:33:46,894 [21888257-2f66-47c2-9c1a-f9078c9f78d9@group-E6E454DC87C0-SegmentedRaftLogWorker] INFO  segmented.SegmentedRaftLogWorker (SegmentedRaftLogWorker.java:execute(629)) - 21888257-2f66-47c2-9c1a-f9078c9f78d9@group-E6E454DC87C0-SegmentedRaftLogWorker: created new log segment /home/runner/work/ozone/ozone/hadoop-ozone/integration-test/target/test-dir/MiniOzoneClusterImpl-6ca4cc63-2561-4277-bbe7-e6e454dc87c0/scmNode-2/scm-ha/6ca4cc63-2561-4277-bbe7-e6e454dc87c0/current/log_inprogress_1
2022-06-08 19:33:46,899 [21888257-2f66-47c2-9c1a-f9078c9f78d9@group-E6E454DC87C0-StateMachineUpdater] INFO  safemode.HealthyPipelineSafeModeRule (HealthyPipelineSafeModeRule.java:initializeRule(152)) - Refreshed total pipeline count is 0, healthy pipeline threshold count is 1
2022-06-08 19:33:46,900 [21888257-2f66-47c2-9c1a-f9078c9f78d9@group-E6E454DC87C0-StateMachineUpdater] INFO  safemode.ContainerSafeModeRule (ContainerSafeModeRule.java:reInitializeRule(177)) - Refreshed one replica container threshold 0, currentThreshold 0
2022-06-08 19:33:46,900 [21888257-2f66-47c2-9c1a-f9078c9f78d9@group-E6E454DC87C0-StateMachineUpdater] INFO  safemode.OneReplicaPipelineSafeModeRule (OneReplicaPipelineSafeModeRule.java:initializeRule(176)) - Refreshed Total pipeline count is 0, pipeline's with at least one datanode reported threshold count is 0
2022-06-08 19:33:46,900 [21888257-2f66-47c2-9c1a-f9078c9f78d9@group-E6E454DC87C0-StateMachineUpdater] INFO  server.SCMDatanodeProtocolServer (SCMDatanodeProtocolServer.java:start(183)) - ScmDatanodeProtocol RPC server for DataNodes is listening at /0.0.0.0:40207
2022-06-08 19:33:46,909 [2307c498-167f-43d9-87ae-3379131d0636@group-E6E454DC87C0-LeaderStateImpl] INFO  server.RaftServer$Division (ServerState.java:setRaftConf(393)) - 2307c498-167f-43d9-87ae-3379131d0636@group-E6E454DC87C0: set configuration 3: [21888257-2f66-47c2-9c1a-f9078c9f78d9|rpc:localhost:43277|priority:0, 2307c498-167f-43d9-87ae-3379131d0636|rpc:localhost:36931|admin:|client:|dataStream:|priority:0], old=[2307c498-167f-43d9-87ae-3379131d0636|rpc:localhost:36931|admin:|client:|dataStream:|priority:0]
2022-06-08 19:33:46,926 [IPC Server listener on 40207] INFO  ipc.Server (Server.java:run(1344)) - IPC Server listener on 40207: starting
2022-06-08 19:33:46,943 [IPC Server Responder] INFO  ipc.Server (Server.java:run(1507)) - IPC Server Responder: starting
2022-06-08 19:33:46,945 [21888257-2f66-47c2-9c1a-f9078c9f78d9-server-thread2] INFO  server.RaftServer$Division (ServerState.java:setRaftConf(393)) - 21888257-2f66-47c2-9c1a-f9078c9f78d9@group-E6E454DC87C0: set configuration 3: [21888257-2f66-47c2-9c1a-f9078c9f78d9|rpc:localhost:43277|admin:|client:|dataStream:|priority:0, 2307c498-167f-43d9-87ae-3379131d0636|rpc:localhost:36931|admin:|client:|dataStream:|priority:0], old=[2307c498-167f-43d9-87ae-3379131d0636|rpc:localhost:36931|admin:|client:|dataStream:|priority:0]
2022-06-08 19:33:46,950 [2307c498-167f-43d9-87ae-3379131d0636@group-E6E454DC87C0-LeaderStateImpl] INFO  server.RaftServer$Division (ServerState.java:setRaftConf(393)) - 2307c498-167f-43d9-87ae-3379131d0636@group-E6E454DC87C0: set configuration 5: [21888257-2f66-47c2-9c1a-f9078c9f78d9|rpc:localhost:43277|priority:0, 2307c498-167f-43d9-87ae-3379131d0636|rpc:localhost:36931|admin:|client:|dataStream:|priority:0], old=null
2022-06-08 19:33:46,952 [21888257-2f66-47c2-9c1a-f9078c9f78d9-server-thread2] INFO  server.RaftServer$Division (ServerState.java:setRaftConf(393)) - 21888257-2f66-47c2-9c1a-f9078c9f78d9@group-E6E454DC87C0: set configuration 5: [21888257-2f66-47c2-9c1a-f9078c9f78d9|rpc:localhost:43277|admin:|client:|dataStream:|priority:0, 2307c498-167f-43d9-87ae-3379131d0636|rpc:localhost:36931|admin:|client:|dataStream:|priority:0], old=null
2022-06-08 19:33:46,961 [IPC Server handler 0 on default port 37419] INFO  ha.SCMRatisServerImpl (SCMRatisServerImpl.java:addSCM(313)) - Successfully added new SCM: 21888257-2f66-47c2-9c1a-f9078c9f78d9.
2022-06-08 19:33:46,965 [Listener at 0.0.0.0/37775] INFO  ha.SCMHAManagerImpl (SCMHAManagerImpl.java:start(117)) - Successfully added SCM scmNode-2 to group group-E6E454DC87C0:[21888257-2f66-47c2-9c1a-f9078c9f78d9|rpc:localhost:43277|admin:|client:|dataStream:|priority:0, 2307c498-167f-43d9-87ae-3379131d0636|rpc:localhost:36931|admin:|client:|dataStream:|priority:0]
2022-06-08 19:33:46,965 [Listener at 0.0.0.0/37775] INFO  ha.InterSCMGrpcService (InterSCMGrpcProtocolService.java:start(94)) - Starting SCM Grpc Service at port 32905
2022-06-08 19:33:46,972 [Listener at 0.0.0.0/37775] INFO  impl.MetricsSystemImpl (MetricsSystemImpl.java:init(158)) - StorageContainerManager metrics system started (again)
2022-06-08 19:33:46,993 [Listener at 0.0.0.0/37775] INFO  server.SCMClientProtocolServer (SCMClientProtocolServer.java:start(169)) - RPC server for Client  is listening at /0.0.0.0:37775
2022-06-08 19:33:46,997 [IPC Server Responder] INFO  ipc.Server (Server.java:run(1507)) - IPC Server Responder: starting
2022-06-08 19:33:46,997 [IPC Server listener on 37775] INFO  ipc.Server (Server.java:run(1344)) - IPC Server listener on 37775: starting
2022-06-08 19:33:47,007 [Listener at 0.0.0.0/37775] INFO  server.StorageContainerManager (StorageContainerManager.java:start(1423)) - ScmBlockLocationProtocol RPC server is listening at /0.0.0.0:45287
2022-06-08 19:33:47,008 [Listener at 0.0.0.0/37775] INFO  server.SCMBlockProtocolServer (SCMBlockProtocolServer.java:start(151)) - RPC server for Block Protocol is listening at /0.0.0.0:45287
2022-06-08 19:33:47,008 [IPC Server Responder] INFO  ipc.Server (Server.java:run(1507)) - IPC Server Responder: starting
2022-06-08 19:33:47,008 [IPC Server listener on 45287] INFO  ipc.Server (Server.java:run(1344)) - IPC Server listener on 45287: starting
2022-06-08 19:33:47,017 [Listener at 0.0.0.0/37775] INFO  http.BaseHttpServer (BaseHttpServer.java:newHttpServer2BuilderForOzone(209)) - Starting Web-server for scm at: http://0.0.0.0:33347
2022-06-08 19:33:47,017 [Listener at 0.0.0.0/37775] INFO  http.BaseHttpServer (BaseHttpServer.java:<init>(107)) - Hadoop Security Enabled: false Ozone Security Enabled: false Ozone HTTP Security Enabled: false 
2022-06-08 19:33:47,018 [Listener at 0.0.0.0/37775] INFO  server.AuthenticationFilter (AuthenticationFilter.java:constructSecretProvider(240)) - Unable to initialize FileSignerSecretProvider, falling back to use random secrets.
2022-06-08 19:33:47,019 [Listener at 0.0.0.0/37775] WARN  http.HttpRequestLog (HttpRequestLog.java:getRequestLog(103)) - Jetty request log can only be enabled using Log4j
2022-06-08 19:33:47,021 [Listener at 0.0.0.0/37775] INFO  http.HttpServer2 (HttpServer2.java:addGlobalFilter(1029)) - Added global filter 'safety' (class=org.apache.hadoop.hdds.server.http.HttpServer2$QuotingInputFilter)
2022-06-08 19:33:47,022 [Listener at 0.0.0.0/37775] INFO  http.HttpServer2 (HttpServer2.java:addFilter(1005)) - Added filter static_user_filter (class=org.apache.hadoop.http.lib.StaticUserWebFilter$StaticUserFilter) to context scm
2022-06-08 19:33:47,022 [Listener at 0.0.0.0/37775] INFO  http.HttpServer2 (HttpServer2.java:addFilter(1013)) - Added filter static_user_filter (class=org.apache.hadoop.http.lib.StaticUserWebFilter$StaticUserFilter) to context static
2022-06-08 19:33:47,022 [Listener at 0.0.0.0/37775] INFO  http.HttpServer2 (HttpServer2.java:addFilter(1013)) - Added filter static_user_filter (class=org.apache.hadoop.http.lib.StaticUserWebFilter$StaticUserFilter) to context logs
2022-06-08 19:33:47,022 [Listener at 0.0.0.0/37775] INFO  http.HttpServer2 (HttpServer2.java:bindListener(1248)) - Jetty bound to port 33347
2022-06-08 19:33:47,023 [Listener at 0.0.0.0/37775] INFO  server.Server (Server.java:doStart(375)) - jetty-9.4.43.v20210629; built: 2021-06-30T11:07:22.254Z; git: 526006ecfa3af7f1a27ef3a288e2bef7ea9dd7e8; jvm 1.8.0_332-b09
2022-06-08 19:33:47,019 [org.apache.hadoop.util.JvmPauseMonitor$Monitor@393e77b4] INFO  util.JvmPauseMonitor (JvmPauseMonitor.java:run(188)) - Starting JVM pause monitor
2022-06-08 19:33:47,040 [Listener at 0.0.0.0/37775] INFO  server.session (DefaultSessionIdManager.java:doStart(334)) - DefaultSessionIdManager workerName=node0
2022-06-08 19:33:47,040 [Listener at 0.0.0.0/37775] INFO  server.session (DefaultSessionIdManager.java:doStart(339)) - No SessionScavenger set, using defaults
2022-06-08 19:33:47,040 [Listener at 0.0.0.0/37775] INFO  server.session (HouseKeeper.java:startScavenging(132)) - node0 Scavenging every 660000ms
2022-06-08 19:33:47,042 [Listener at 0.0.0.0/37775] INFO  handler.ContextHandler (ContextHandler.java:doStart(915)) - Started o.e.j.s.ServletContextHandler@34876fbc{logs,/logs,file:///home/runner/work/ozone/ozone/hadoop-ozone/integration-test/target/log,AVAILABLE}
2022-06-08 19:33:47,042 [Listener at 0.0.0.0/37775] INFO  handler.ContextHandler (ContextHandler.java:doStart(915)) - Started o.e.j.s.ServletContextHandler@72344dfd{static,/static,file:///home/runner/work/ozone/ozone/hadoop-ozone/integration-test/target/test-classes/webapps/static,AVAILABLE}
2022-06-08 19:33:47,046 [Listener at 0.0.0.0/37775] INFO  handler.ContextHandler (ContextHandler.java:doStart(915)) - Started o.e.j.w.WebAppContext@6dd5953b{scm,/,file:///home/runner/work/ozone/ozone/hadoop-ozone/integration-test/target/test-classes/webapps/scm/,AVAILABLE}{file:/home/runner/work/ozone/ozone/hadoop-ozone/integration-test/target/test-classes/webapps/scm}
2022-06-08 19:33:47,047 [Listener at 0.0.0.0/37775] INFO  server.AbstractConnector (AbstractConnector.java:doStart(331)) - Started ServerConnector@715e7022{HTTP/1.1, (http/1.1)}{0.0.0.0:33347}
2022-06-08 19:33:47,047 [Listener at 0.0.0.0/37775] INFO  server.Server (Server.java:doStart(415)) - Started @21342ms
2022-06-08 19:33:47,048 [Listener at 0.0.0.0/37775] WARN  impl.MetricsSystemImpl (MetricsSystemImpl.java:register(279)) - Sink prometheus already exists!
2022-06-08 19:33:47,048 [Listener at 0.0.0.0/37775] INFO  http.BaseHttpServer (BaseHttpServer.java:updateConnectorAddress(329)) - HTTP server of scm listening at http://0.0.0.0:33347
2022-06-08 19:33:47,048 [Listener at 0.0.0.0/37775] INFO  ozone.MiniOzoneHAClusterImpl (MiniOzoneHAClusterImpl.java:createSCMService(600)) - Started SCM RPC server at /0.0.0.0:37775
2022-06-08 19:33:47,049 [Listener at 0.0.0.0/37775] INFO  ha.SCMHANodeDetails (SCMHANodeDetails.java:loadSCMHAConfig(160)) - ServiceID for StorageContainerManager is scmServiceId
2022-06-08 19:33:47,049 [Listener at 0.0.0.0/37775] INFO  ha.SCMHANodeDetails (SCMHANodeDetails.java:loadSCMHAConfig(171)) - ServiceID for StorageContainerManager is scmServiceId
2022-06-08 19:33:47,049 [Listener at 0.0.0.0/37775] WARN  scm.ScmUtils (ScmUtils.java:logWarn(179)) - ConfigKey ozone.scm.block.client.address is deprecated, For configuring different ports for each SCM use PortConfigKey ozone.scm.block.client.port appended with serviceId and nodeId. If want to configure same port configure ozone.scm.block.client.port
2022-06-08 19:33:47,049 [Listener at 0.0.0.0/37775] WARN  scm.ScmUtils (ScmUtils.java:logWarn(179)) - ConfigKey ozone.scm.client.address is deprecated, For configuring different ports for each SCM use PortConfigKey ozone.scm.client.port appended with serviceId and nodeId. If want to configure same port configure ozone.scm.client.port
2022-06-08 19:33:47,049 [Listener at 0.0.0.0/37775] WARN  scm.ScmUtils (ScmUtils.java:logWarn(179)) - ConfigKey ozone.scm.datanode.address is deprecated, For configuring different ports for each SCM use PortConfigKey ozone.scm.datanode.port appended with serviceId and nodeId. If want to configure same port configure ozone.scm.datanode.port
2022-06-08 19:33:47,050 [Listener at 0.0.0.0/37775] WARN  scm.ScmUtils (ScmUtils.java:logWarn(179)) - ConfigKey ozone.scm.block.client.address is deprecated, For configuring different ports for each SCM use PortConfigKey ozone.scm.block.client.port appended with serviceId and nodeId. If want to configure same port configure ozone.scm.block.client.port
2022-06-08 19:33:47,050 [Listener at 0.0.0.0/37775] WARN  scm.ScmUtils (ScmUtils.java:logWarn(179)) - ConfigKey ozone.scm.client.address is deprecated, For configuring different ports for each SCM use PortConfigKey ozone.scm.client.port appended with serviceId and nodeId. If want to configure same port configure ozone.scm.client.port
2022-06-08 19:33:47,050 [Listener at 0.0.0.0/37775] WARN  scm.ScmUtils (ScmUtils.java:logWarn(179)) - ConfigKey ozone.scm.datanode.address is deprecated, For configuring different ports for each SCM use PortConfigKey ozone.scm.datanode.port appended with serviceId and nodeId. If want to configure same port configure ozone.scm.datanode.port
2022-06-08 19:33:47,051 [Listener at 0.0.0.0/37775] INFO  ha.SCMHANodeDetails (SCMHANodeDetails.java:loadSCMHAConfig(258)) - Found matching SCM address with SCMServiceId: scmServiceId, SCMNodeId: scmNode-3, RPC Address: localhost:36781 and Ratis port: 36781
2022-06-08 19:33:47,051 [Listener at 0.0.0.0/37775] INFO  ha.SCMHANodeDetails (ConfUtils.java:setNodeSpecificConfigs(97)) - Setting configuration key ozone.scm.datanode.address with value of key ozone.scm.datanode.address.scmServiceId.scmNode-3: 127.0.0.1:42779
2022-06-08 19:33:47,052 [Listener at 0.0.0.0/37775] INFO  ha.SCMHANodeDetails (ConfUtils.java:setNodeSpecificConfigs(97)) - Setting configuration key ozone.scm.block.client.address with value of key ozone.scm.block.client.address.scmServiceId.scmNode-3: 127.0.0.1:42293
2022-06-08 19:33:47,053 [Listener at 0.0.0.0/37775] INFO  ha.SCMHANodeDetails (ConfUtils.java:setNodeSpecificConfigs(97)) - Setting configuration key ozone.scm.client.address with value of key ozone.scm.client.address.scmServiceId.scmNode-3: 127.0.0.1:43831
2022-06-08 19:33:47,053 [Listener at 0.0.0.0/37775] INFO  ha.SCMHANodeDetails (ConfUtils.java:setNodeSpecificConfigs(97)) - Setting configuration key ozone.scm.ratis.port with value of key ozone.scm.ratis.port.scmServiceId.scmNode-3: 36781
2022-06-08 19:33:47,053 [Listener at 0.0.0.0/37775] INFO  ha.SCMHANodeDetails (ConfUtils.java:setNodeSpecificConfigs(97)) - Setting configuration key ozone.scm.grpc.port with value of key ozone.scm.grpc.port.scmServiceId.scmNode-3: 36251
2022-06-08 19:33:47,053 [Listener at 0.0.0.0/37775] INFO  ha.SCMHANodeDetails (ConfUtils.java:setNodeSpecificConfigs(97)) - Setting configuration key ozone.scm.http-address with value of key ozone.scm.http-address.scmServiceId.scmNode-3: 127.0.0.1:38175
2022-06-08 19:33:47,053 [Listener at 0.0.0.0/37775] INFO  ha.SCMHANodeDetails (ConfUtils.java:setNodeSpecificConfigs(97)) - Setting configuration key ozone.scm.https-address with value of key ozone.scm.https-address.scmServiceId.scmNode-3: 127.0.0.1:37195
2022-06-08 19:33:47,053 [Listener at 0.0.0.0/37775] INFO  ha.SCMHANodeDetails (ConfUtils.java:setNodeSpecificConfigs(97)) - Setting configuration key ozone.scm.address with value of key ozone.scm.address.scmServiceId.scmNode-3: 127.0.0.1
2022-06-08 19:33:47,053 [Listener at 0.0.0.0/37775] WARN  scm.ScmUtils (ScmUtils.java:logWarn(179)) - ConfigKey ozone.scm.block.client.address is deprecated, For configuring different ports for each SCM use PortConfigKey ozone.scm.block.client.port appended with serviceId and nodeId. If want to configure same port configure ozone.scm.block.client.port
2022-06-08 19:33:47,053 [Listener at 0.0.0.0/37775] WARN  scm.ScmUtils (ScmUtils.java:logWarn(179)) - ConfigKey ozone.scm.client.address is deprecated, For configuring different ports for each SCM use PortConfigKey ozone.scm.client.port appended with serviceId and nodeId. If want to configure same port configure ozone.scm.client.port
2022-06-08 19:33:47,054 [Listener at 0.0.0.0/37775] WARN  scm.ScmUtils (ScmUtils.java:logWarn(179)) - ConfigKey ozone.scm.datanode.address is deprecated, For configuring different ports for each SCM use PortConfigKey ozone.scm.datanode.port appended with serviceId and nodeId. If want to configure same port configure ozone.scm.datanode.port
2022-06-08 19:33:47,054 [Listener at 0.0.0.0/37775] WARN  server.ServerUtils (ServerUtils.java:getScmDbDir(148)) - ozone.scm.db.dirs is not configured. We recommend adding this setting. Falling back to ozone.metadata.dirs instead.
2022-06-08 19:33:47,056 [Listener at 0.0.0.0/37775] INFO  ha.SCMNodeInfo (SCMNodeInfo.java:getPort(197)) - ConfigKey ozone.scm.client.address is deprecated, For configuring different ports for each SCM use PortConfigKey ozone.scm.client.port appended with serviceId and nodeId
2022-06-08 19:33:47,059 [Listener at 0.0.0.0/37775] INFO  ha.SCMNodeInfo (SCMNodeInfo.java:getPort(197)) - ConfigKey ozone.scm.block.client.address is deprecated, For configuring different ports for each SCM use PortConfigKey ozone.scm.block.client.port appended with serviceId and nodeId
2022-06-08 19:33:47,059 [Listener at 0.0.0.0/37775] INFO  ha.SCMNodeInfo (SCMNodeInfo.java:getPort(197)) - ConfigKey ozone.scm.datanode.address is deprecated, For configuring different ports for each SCM use PortConfigKey ozone.scm.datanode.port appended with serviceId and nodeId
2022-06-08 19:33:47,059 [Listener at 0.0.0.0/37775] INFO  ha.SCMNodeInfo (SCMNodeInfo.java:getPort(197)) - ConfigKey ozone.scm.client.address is deprecated, For configuring different ports for each SCM use PortConfigKey ozone.scm.client.port appended with serviceId and nodeId
2022-06-08 19:33:47,059 [Listener at 0.0.0.0/37775] INFO  ha.SCMNodeInfo (SCMNodeInfo.java:getPort(197)) - ConfigKey ozone.scm.block.client.address is deprecated, For configuring different ports for each SCM use PortConfigKey ozone.scm.block.client.port appended with serviceId and nodeId
2022-06-08 19:33:47,059 [Listener at 0.0.0.0/37775] INFO  ha.SCMNodeInfo (SCMNodeInfo.java:getPort(197)) - ConfigKey ozone.scm.datanode.address is deprecated, For configuring different ports for each SCM use PortConfigKey ozone.scm.datanode.port appended with serviceId and nodeId
2022-06-08 19:33:47,059 [Listener at 0.0.0.0/37775] INFO  proxy.SCMBlockLocationFailoverProxyProvider (SCMBlockLocationFailoverProxyProvider.java:<init>(114)) - Created block location fail-over proxy with 2 nodes: [nodeId=scmNode-2,nodeAddress=/127.0.0.1:45287, nodeId=scmNode-1,nodeAddress=/127.0.0.1:37419]
2022-06-08 19:33:47,071 [Listener at 0.0.0.0/37775] INFO  server.StorageContainerManager (StorageContainerManager.java:scmBootstrap(1092)) - SCM BootStrap  is successful for ClusterID 6ca4cc63-2561-4277-bbe7-e6e454dc87c0, SCMID 0562147d-7bbf-459c-a71c-460e63cf1b3c
2022-06-08 19:33:47,071 [Listener at 0.0.0.0/37775] INFO  server.StorageContainerManager (StorageContainerManager.java:scmBootstrap(1094)) - Primary SCM Node ID 2307c498-167f-43d9-87ae-3379131d0636
2022-06-08 19:33:47,071 [Listener at 0.0.0.0/37775] INFO  ha.SCMHANodeDetails (SCMHANodeDetails.java:loadSCMHAConfig(160)) - ServiceID for StorageContainerManager is scmServiceId
2022-06-08 19:33:47,071 [Listener at 0.0.0.0/37775] INFO  ha.SCMHANodeDetails (SCMHANodeDetails.java:loadSCMHAConfig(171)) - ServiceID for StorageContainerManager is scmServiceId
2022-06-08 19:33:47,071 [Listener at 0.0.0.0/37775] WARN  scm.ScmUtils (ScmUtils.java:logWarn(179)) - ConfigKey ozone.scm.block.client.address is deprecated, For configuring different ports for each SCM use PortConfigKey ozone.scm.block.client.port appended with serviceId and nodeId. If want to configure same port configure ozone.scm.block.client.port
2022-06-08 19:33:47,071 [Listener at 0.0.0.0/37775] WARN  scm.ScmUtils (ScmUtils.java:logWarn(179)) - ConfigKey ozone.scm.client.address is deprecated, For configuring different ports for each SCM use PortConfigKey ozone.scm.client.port appended with serviceId and nodeId. If want to configure same port configure ozone.scm.client.port
2022-06-08 19:33:47,072 [Listener at 0.0.0.0/37775] WARN  scm.ScmUtils (ScmUtils.java:logWarn(179)) - ConfigKey ozone.scm.datanode.address is deprecated, For configuring different ports for each SCM use PortConfigKey ozone.scm.datanode.port appended with serviceId and nodeId. If want to configure same port configure ozone.scm.datanode.port
2022-06-08 19:33:47,072 [Listener at 0.0.0.0/37775] WARN  scm.ScmUtils (ScmUtils.java:logWarn(179)) - ConfigKey ozone.scm.block.client.address is deprecated, For configuring different ports for each SCM use PortConfigKey ozone.scm.block.client.port appended with serviceId and nodeId. If want to configure same port configure ozone.scm.block.client.port
2022-06-08 19:33:47,072 [Listener at 0.0.0.0/37775] WARN  scm.ScmUtils (ScmUtils.java:logWarn(179)) - ConfigKey ozone.scm.client.address is deprecated, For configuring different ports for each SCM use PortConfigKey ozone.scm.client.port appended with serviceId and nodeId. If want to configure same port configure ozone.scm.client.port
2022-06-08 19:33:47,072 [Listener at 0.0.0.0/37775] WARN  scm.ScmUtils (ScmUtils.java:logWarn(179)) - ConfigKey ozone.scm.datanode.address is deprecated, For configuring different ports for each SCM use PortConfigKey ozone.scm.datanode.port appended with serviceId and nodeId. If want to configure same port configure ozone.scm.datanode.port
2022-06-08 19:33:47,072 [Listener at 0.0.0.0/37775] INFO  ha.SCMHANodeDetails (SCMHANodeDetails.java:loadSCMHAConfig(258)) - Found matching SCM address with SCMServiceId: scmServiceId, SCMNodeId: scmNode-3, RPC Address: localhost:36781 and Ratis port: 36781
2022-06-08 19:33:47,072 [Listener at 0.0.0.0/37775] INFO  ha.SCMHANodeDetails (ConfUtils.java:setNodeSpecificConfigs(97)) - Setting configuration key ozone.scm.datanode.address with value of key ozone.scm.datanode.address.scmServiceId.scmNode-3: 127.0.0.1:42779
2022-06-08 19:33:47,072 [Listener at 0.0.0.0/37775] INFO  ha.SCMHANodeDetails (ConfUtils.java:setNodeSpecificConfigs(97)) - Setting configuration key ozone.scm.block.client.address with value of key ozone.scm.block.client.address.scmServiceId.scmNode-3: 127.0.0.1:42293
2022-06-08 19:33:47,072 [Listener at 0.0.0.0/37775] INFO  ha.SCMHANodeDetails (ConfUtils.java:setNodeSpecificConfigs(97)) - Setting configuration key ozone.scm.client.address with value of key ozone.scm.client.address.scmServiceId.scmNode-3: 127.0.0.1:43831
2022-06-08 19:33:47,072 [Listener at 0.0.0.0/37775] INFO  ha.SCMHANodeDetails (ConfUtils.java:setNodeSpecificConfigs(97)) - Setting configuration key ozone.scm.ratis.port with value of key ozone.scm.ratis.port.scmServiceId.scmNode-3: 36781
2022-06-08 19:33:47,072 [Listener at 0.0.0.0/37775] INFO  ha.SCMHANodeDetails (ConfUtils.java:setNodeSpecificConfigs(97)) - Setting configuration key ozone.scm.grpc.port with value of key ozone.scm.grpc.port.scmServiceId.scmNode-3: 36251
2022-06-08 19:33:47,072 [Listener at 0.0.0.0/37775] INFO  ha.SCMHANodeDetails (ConfUtils.java:setNodeSpecificConfigs(97)) - Setting configuration key ozone.scm.http-address with value of key ozone.scm.http-address.scmServiceId.scmNode-3: 127.0.0.1:38175
2022-06-08 19:33:47,072 [Listener at 0.0.0.0/37775] INFO  ha.SCMHANodeDetails (ConfUtils.java:setNodeSpecificConfigs(97)) - Setting configuration key ozone.scm.https-address with value of key ozone.scm.https-address.scmServiceId.scmNode-3: 127.0.0.1:37195
2022-06-08 19:33:47,072 [Listener at 0.0.0.0/37775] INFO  ha.SCMHANodeDetails (ConfUtils.java:setNodeSpecificConfigs(97)) - Setting configuration key ozone.scm.address with value of key ozone.scm.address.scmServiceId.scmNode-3: 127.0.0.1
2022-06-08 19:33:47,072 [Listener at 0.0.0.0/37775] WARN  scm.ScmUtils (ScmUtils.java:logWarn(179)) - ConfigKey ozone.scm.block.client.address is deprecated, For configuring different ports for each SCM use PortConfigKey ozone.scm.block.client.port appended with serviceId and nodeId. If want to configure same port configure ozone.scm.block.client.port
2022-06-08 19:33:47,073 [Listener at 0.0.0.0/37775] WARN  scm.ScmUtils (ScmUtils.java:logWarn(179)) - ConfigKey ozone.scm.client.address is deprecated, For configuring different ports for each SCM use PortConfigKey ozone.scm.client.port appended with serviceId and nodeId. If want to configure same port configure ozone.scm.client.port
2022-06-08 19:33:47,073 [Listener at 0.0.0.0/37775] WARN  scm.ScmUtils (ScmUtils.java:logWarn(179)) - ConfigKey ozone.scm.datanode.address is deprecated, For configuring different ports for each SCM use PortConfigKey ozone.scm.datanode.port appended with serviceId and nodeId. If want to configure same port configure ozone.scm.datanode.port
2022-06-08 19:33:47,073 [Listener at 0.0.0.0/37775] WARN  server.ServerUtils (ServerUtils.java:getScmDbDir(148)) - ozone.scm.db.dirs is not configured. We recommend adding this setting. Falling back to ozone.metadata.dirs instead.
2022-06-08 19:33:47,074 [Listener at 0.0.0.0/37775] WARN  utils.HAUtils (HAUtils.java:getMetaDir(342)) - ozone.scm.db.dirs is not configured. We recommend adding this setting. Falling back to ozone.metadata.dirs instead.
2022-06-08 19:33:47,075 [Listener at 0.0.0.0/37775] WARN  db.DBStoreBuilder (DBStoreBuilder.java:applyDBDefinition(145)) - ozone.scm.db.dirs is not configured. We recommend adding this setting. Falling back to ozone.metadata.dirs instead.
2022-06-08 19:33:47,379 [Listener at 0.0.0.0/37775] INFO  net.NodeSchemaLoader (NodeSchemaLoader.java:loadSchemaFromFile(129)) - Loading schema from [jar:file:/home/runner/.m2/repository/org/apache/ozone/hdds-common/1.3.0-SNAPSHOT/hdds-common-1.3.0-SNAPSHOT.jar!/network-topology-default.xml]
2022-06-08 19:33:47,380 [Listener at 0.0.0.0/37775] INFO  net.NodeSchemaLoader (NodeSchemaLoader.java:loadSchema(176)) - Loading network topology layer schema file
2022-06-08 19:33:47,389 [Listener at 0.0.0.0/37775] WARN  impl.MetricRegistriesImpl (MetricRegistriesImpl.java:addReporterRegistration(111)) - New reporters are added after registries were created. Some metrics will be missing from the reporter. Please add reporter before adding any new registry.
2022-06-08 19:33:47,389 [Listener at 0.0.0.0/37775] WARN  impl.MetricRegistriesImpl (MetricRegistriesImpl.java:addReporterRegistration(111)) - New reporters are added after registries were created. Some metrics will be missing from the reporter. Please add reporter before adding any new registry.
2022-06-08 19:33:47,390 [Listener at 0.0.0.0/37775] INFO  ha.SCMRatisServerImpl (SCMRatisServerImpl.java:<init>(88)) - starting Raft server for scm:0562147d-7bbf-459c-a71c-460e63cf1b3c
2022-06-08 19:33:47,391 [Listener at 0.0.0.0/37775] INFO  server.RaftServer (ConfUtils.java:logGet(46)) - raft.rpc.type = GRPC (default)
2022-06-08 19:33:47,391 [Listener at 0.0.0.0/37775] INFO  grpc.GrpcFactory (GrpcFactory.java:checkPooledByteBufAllocatorUseCacheForAllThreads(48)) - PERFORMANCE WARNING: useCacheForAllThreads is true that may cause Netty to create a lot garbage objects and, as a result, trigger GC.
	It is recommended to disable useCacheForAllThreads by setting -Dorg.apache.ratis.thirdparty.io.netty.allocator.useCacheForAllThreads=false in command line.
2022-06-08 19:33:47,391 [Listener at 0.0.0.0/37775] INFO  grpc.GrpcConfigKeys (ConfUtils.java:logGet(46)) - raft.grpc.admin.port = -1 (default)
2022-06-08 19:33:47,391 [Listener at 0.0.0.0/37775] INFO  grpc.GrpcConfigKeys (ConfUtils.java:logGet(46)) - raft.grpc.server.port = 36781 (custom)
2022-06-08 19:33:47,391 [Listener at 0.0.0.0/37775] INFO  grpc.GrpcConfigKeys (ConfUtils.java:logGet(46)) - raft.grpc.client.port = -1 (default)
2022-06-08 19:33:47,391 [Listener at 0.0.0.0/37775] INFO  grpc.GrpcConfigKeys (ConfUtils.java:logGet(46)) - raft.grpc.server.port = 36781 (custom)
2022-06-08 19:33:47,391 [Listener at 0.0.0.0/37775] INFO  grpc.GrpcConfigKeys (ConfUtils.java:logGet(46)) - raft.grpc.server.port = 36781 (custom)
2022-06-08 19:33:47,391 [Listener at 0.0.0.0/37775] INFO  server.GrpcService (ConfUtils.java:logGet(46)) - raft.grpc.message.size.max = 32m (=33554432) (custom)
2022-06-08 19:33:47,391 [Listener at 0.0.0.0/37775] INFO  server.RaftServerConfigKeys (ConfUtils.java:logGet(46)) - raft.server.log.appender.buffer.byte-limit = 33554432 (custom)
2022-06-08 19:33:47,391 [Listener at 0.0.0.0/37775] INFO  server.GrpcService (ConfUtils.java:logGet(46)) - raft.grpc.flow.control.window = 1MB (=1048576) (default)
2022-06-08 19:33:47,391 [Listener at 0.0.0.0/37775] INFO  server.RaftServerConfigKeys (ConfUtils.java:logGet(46)) - raft.server.rpc.request.timeout = 30000ms (custom)
2022-06-08 19:33:47,392 [Listener at 0.0.0.0/37775] INFO  grpc.GrpcConfigKeys (ConfUtils.java:logGet(46)) - raft.grpc.server.async.request.thread.pool.cached = true (default)
2022-06-08 19:33:47,392 [Listener at 0.0.0.0/37775] INFO  grpc.GrpcConfigKeys (ConfUtils.java:logGet(46)) - raft.grpc.server.async.request.thread.pool.size = 32 (default)
2022-06-08 19:33:47,393 [Listener at 0.0.0.0/37775] INFO  impl.DataStreamServerImpl (ConfUtils.java:logGet(46)) - raft.datastream.type = DISABLED (default)
2022-06-08 19:33:47,393 [Listener at 0.0.0.0/37775] INFO  server.RaftServerConfigKeys (ConfUtils.java:logGet(46)) - raft.server.threadpool.proxy.cached = true (default)
2022-06-08 19:33:47,393 [Listener at 0.0.0.0/37775] INFO  server.RaftServerConfigKeys (ConfUtils.java:logGet(46)) - raft.server.threadpool.proxy.size = 0 (default)
2022-06-08 19:33:47,393 [Listener at 0.0.0.0/37775] INFO  server.RaftServerConfigKeys (ConfUtils.java:logGet(46)) - raft.server.rpc.slowness.timeout = 120000ms (custom)
2022-06-08 19:33:47,393 [Listener at 0.0.0.0/37775] INFO  server.RaftServerConfigKeys (ConfUtils.java:logGet(46)) - raft.server.leaderelection.leader.step-down.wait-time = 10s (default)
2022-06-08 19:33:47,393 [Listener at 0.0.0.0/37775] INFO  server.RaftServerConfigKeys (ConfUtils.java:logGet(46)) - raft.server.storage.dir = [/home/runner/work/ozone/ozone/hadoop-ozone/integration-test/target/test-dir/MiniOzoneClusterImpl-6ca4cc63-2561-4277-bbe7-e6e454dc87c0/scmNode-3/scm-ha] (custom)
2022-06-08 19:33:47,398 [Listener at 0.0.0.0/37775] INFO  server.RaftServer (RaftServerProxy.java:addNew(96)) - 0562147d-7bbf-459c-a71c-460e63cf1b3c: addNew group-E6E454DC87C0:[] returns group-E6E454DC87C0:java.util.concurrent.CompletableFuture@3861f316[Not completed]
2022-06-08 19:33:47,398 [pool-84-thread-1] INFO  server.RaftServer$Division (RaftServerImpl.java:<init>(190)) - 0562147d-7bbf-459c-a71c-460e63cf1b3c: new RaftServerImpl for group-E6E454DC87C0:[] with SCMStateMachine:uninitialized
2022-06-08 19:33:47,398 [pool-84-thread-1] INFO  server.RaftServerConfigKeys (ConfUtils.java:logGet(46)) - raft.server.rpc.timeout.min = 5000ms (custom)
2022-06-08 19:33:47,398 [pool-84-thread-1] INFO  server.RaftServerConfigKeys (ConfUtils.java:logGet(46)) - raft.server.rpc.timeout.max = 5200ms (custom)
2022-06-08 19:33:47,398 [pool-84-thread-1] INFO  server.RaftServerConfigKeys (ConfUtils.java:logGet(46)) - raft.server.rpc.sleep.time = 25ms (default)
2022-06-08 19:33:47,398 [pool-84-thread-1] INFO  server.RaftServerConfigKeys (ConfUtils.java:logGet(46)) - raft.server.rpc.slowness.timeout = 120000ms (custom)
2022-06-08 19:33:47,398 [pool-84-thread-1] INFO  server.RaftServerConfigKeys (ConfUtils.java:logGet(46)) - raft.server.leaderelection.leader.step-down.wait-time = 10s (default)
2022-06-08 19:33:47,398 [pool-84-thread-1] INFO  server.RaftServerConfigKeys (ConfUtils.java:logGet(46)) - raft.server.sleep.deviation.threshold = 300ms (default)
2022-06-08 19:33:47,399 [pool-84-thread-1] INFO  server.RaftServer$Division (ServerState.java:<init>(107)) - 0562147d-7bbf-459c-a71c-460e63cf1b3c@group-E6E454DC87C0: ConfigurationManager, init=-1: [], old=null, confs=<EMPTY_MAP>
2022-06-08 19:33:47,399 [pool-84-thread-1] INFO  server.RaftServerConfigKeys (ConfUtils.java:logGet(46)) - raft.server.storage.dir = [/home/runner/work/ozone/ozone/hadoop-ozone/integration-test/target/test-dir/MiniOzoneClusterImpl-6ca4cc63-2561-4277-bbe7-e6e454dc87c0/scmNode-3/scm-ha] (custom)
2022-06-08 19:33:47,400 [pool-84-thread-1] INFO  server.RaftServerConfigKeys (ConfUtils.java:logGet(46)) - raft.server.log.corruption.policy = EXCEPTION (default)
2022-06-08 19:33:47,400 [pool-84-thread-1] INFO  server.RaftServerConfigKeys (ConfUtils.java:logGet(46)) - raft.server.storage.free-space.min = 0MB (=0) (default)
2022-06-08 19:33:47,400 [pool-84-thread-1] INFO  storage.RaftStorageDirectory (RaftStorageDirectoryImpl.java:analyzeStorage(135)) - The storage directory /home/runner/work/ozone/ozone/hadoop-ozone/integration-test/target/test-dir/MiniOzoneClusterImpl-6ca4cc63-2561-4277-bbe7-e6e454dc87c0/scmNode-3/scm-ha/6ca4cc63-2561-4277-bbe7-e6e454dc87c0 does not exist. Creating ...
2022-06-08 19:33:47,403 [pool-84-thread-1] INFO  storage.RaftStorageDirectory (RaftStorageDirectoryImpl.java:tryLock(230)) - Lock on /home/runner/work/ozone/ozone/hadoop-ozone/integration-test/target/test-dir/MiniOzoneClusterImpl-6ca4cc63-2561-4277-bbe7-e6e454dc87c0/scmNode-3/scm-ha/6ca4cc63-2561-4277-bbe7-e6e454dc87c0/in_use.lock acquired by nodename 20560@fv-az243-689
2022-06-08 19:33:47,412 [pool-84-thread-1] INFO  storage.RaftStorage (RaftStorageImpl.java:format(89)) - Storage directory /home/runner/work/ozone/ozone/hadoop-ozone/integration-test/target/test-dir/MiniOzoneClusterImpl-6ca4cc63-2561-4277-bbe7-e6e454dc87c0/scmNode-3/scm-ha/6ca4cc63-2561-4277-bbe7-e6e454dc87c0 has been successfully formatted.
2022-06-08 19:33:47,413 [pool-84-thread-1] INFO  server.RaftServerConfigKeys (ConfUtils.java:logGet(46)) - raft.server.notification.no-leader.timeout = 60s (default)
2022-06-08 19:33:47,413 [pool-84-thread-1] INFO  server.RaftServerConfigKeys (ConfUtils.java:logGet(46)) - raft.server.log.use.memory = false (default)
2022-06-08 19:33:47,413 [pool-84-thread-1] INFO  server.RaftServerConfigKeys (ConfUtils.java:logGet(46)) - raft.server.log.purge.gap = 1000000 (custom)
2022-06-08 19:33:47,413 [pool-84-thread-1] INFO  server.RaftServerConfigKeys (ConfUtils.java:logGet(46)) - raft.server.log.appender.buffer.byte-limit = 33554432 (custom)
2022-06-08 19:33:47,413 [pool-84-thread-1] INFO  server.RaftServerConfigKeys (ConfUtils.java:logGet(46)) - raft.server.log.statemachine.data.read.timeout = 1000ms (default)
2022-06-08 19:33:47,413 [pool-84-thread-1] INFO  server.RaftServerConfigKeys (ConfUtils.java:logGet(46)) - raft.server.log.segment.size.max = 4194304 (custom)
2022-06-08 19:33:47,416 [pool-84-thread-1] INFO  server.RaftServerConfigKeys (ConfUtils.java:logGet(46)) - raft.server.log.segment.cache.num.max = 2 (custom)
2022-06-08 19:33:47,416 [pool-84-thread-1] INFO  server.RaftServerConfigKeys (ConfUtils.java:logGet(46)) - raft.server.log.segment.cache.size.max = 200MB (=209715200) (default)
2022-06-08 19:33:47,416 [pool-84-thread-1] INFO  segmented.SegmentedRaftLogWorker (SegmentedRaftLogWorker.java:<init>(187)) - new 0562147d-7bbf-459c-a71c-460e63cf1b3c@group-E6E454DC87C0-SegmentedRaftLogWorker for RaftStorageImpl:Storage Directory /home/runner/work/ozone/ozone/hadoop-ozone/integration-test/target/test-dir/MiniOzoneClusterImpl-6ca4cc63-2561-4277-bbe7-e6e454dc87c0/scmNode-3/scm-ha/6ca4cc63-2561-4277-bbe7-e6e454dc87c0
2022-06-08 19:33:47,416 [pool-84-thread-1] INFO  server.RaftServerConfigKeys (ConfUtils.java:logGet(46)) - raft.server.log.queue.byte-limit = 64MB (=67108864) (default)
2022-06-08 19:33:47,416 [pool-84-thread-1] INFO  server.RaftServerConfigKeys (ConfUtils.java:logGet(46)) - raft.server.log.queue.element-limit = 4096 (default)
2022-06-08 19:33:47,416 [pool-84-thread-1] INFO  server.RaftServerConfigKeys (ConfUtils.java:logGet(46)) - raft.server.log.segment.size.max = 4194304 (custom)
2022-06-08 19:33:47,416 [pool-84-thread-1] INFO  server.RaftServerConfigKeys (ConfUtils.java:logGet(46)) - raft.server.log.preallocated.size = 4194304 (custom)
2022-06-08 19:33:47,416 [pool-84-thread-1] INFO  server.RaftServerConfigKeys (ConfUtils.java:logGet(46)) - raft.server.log.force.sync.num = 128 (default)
2022-06-08 19:33:47,416 [pool-84-thread-1] INFO  server.RaftServerConfigKeys (ConfUtils.java:logGet(46)) - raft.server.log.statemachine.data.sync = true (default)
2022-06-08 19:33:47,416 [pool-84-thread-1] INFO  server.RaftServerConfigKeys (ConfUtils.java:logGet(46)) - raft.server.log.statemachine.data.sync.timeout = 10s (default)
2022-06-08 19:33:47,416 [pool-84-thread-1] INFO  server.RaftServerConfigKeys (ConfUtils.java:logGet(46)) - raft.server.log.statemachine.data.sync.timeout.retry = -1 (default)
2022-06-08 19:33:47,421 [pool-84-thread-1] INFO  server.RaftServerConfigKeys (ConfUtils.java:logGet(46)) - raft.server.log.write.buffer.size = 64KB (=65536) (default)
2022-06-08 19:33:47,421 [pool-84-thread-1] INFO  server.RaftServerConfigKeys (ConfUtils.java:logGet(46)) - raft.server.log.unsafe-flush.enabled = false (default)
2022-06-08 19:33:47,421 [pool-84-thread-1] INFO  server.RaftServerConfigKeys (ConfUtils.java:logGet(46)) - raft.server.log.statemachine.data.caching.enabled = false (default)
2022-06-08 19:33:47,421 [pool-84-thread-1] INFO  segmented.SegmentedRaftLogWorker (SegmentedRaftLogWorker.java:lambda$new$0(135)) - 0562147d-7bbf-459c-a71c-460e63cf1b3c@group-E6E454DC87C0-SegmentedRaftLogWorker: flushIndex: setUnconditionally 0 -> -1
2022-06-08 19:33:47,421 [pool-84-thread-1] INFO  segmented.SegmentedRaftLogWorker (SegmentedRaftLogWorker.java:lambda$new$0(135)) - 0562147d-7bbf-459c-a71c-460e63cf1b3c@group-E6E454DC87C0-SegmentedRaftLogWorker: safeCacheEvictIndex: setUnconditionally 0 -> -1
2022-06-08 19:33:47,421 [pool-84-thread-1] INFO  server.RaftServerConfigKeys (ConfUtils.java:logGet(46)) - raft.server.snapshot.auto.trigger.enabled = true (custom)
2022-06-08 19:33:47,421 [pool-84-thread-1] INFO  server.RaftServerConfigKeys (ConfUtils.java:logGet(46)) - raft.server.snapshot.auto.trigger.threshold = 1000 (custom)
2022-06-08 19:33:47,421 [pool-84-thread-1] INFO  server.RaftServerConfigKeys (ConfUtils.java:logGet(46)) - raft.server.snapshot.retention.file.num = -1 (default)
2022-06-08 19:33:47,421 [pool-84-thread-1] INFO  server.RaftServerConfigKeys (ConfUtils.java:logGet(46)) - raft.server.log.purge.upto.snapshot.index = false (default)
2022-06-08 19:33:47,421 [pool-84-thread-1] INFO  server.RaftServerConfigKeys (ConfUtils.java:logGet(46)) - raft.server.retrycache.expirytime = 60000ms (default)
2022-06-08 19:33:47,421 [pool-84-thread-1] INFO  server.RaftServerConfigKeys (ConfUtils.java:logGet(46)) - raft.server.retrycache.statistics.expirytime = 100μs (default)
2022-06-08 19:33:47,423 [pool-84-thread-1] INFO  server.RaftServerConfigKeys (ConfUtils.java:logGet(46)) - raft.server.log.appender.install.snapshot.enabled = false (custom)
2022-06-08 19:33:47,423 [pool-84-thread-1] INFO  server.RaftServerConfigKeys (ConfUtils.java:logGet(46)) - raft.server.threadpool.server.cached = true (default)
2022-06-08 19:33:47,423 [pool-84-thread-1] INFO  server.RaftServerConfigKeys (ConfUtils.java:logGet(46)) - raft.server.threadpool.server.size = 0 (default)
2022-06-08 19:33:47,423 [pool-84-thread-1] INFO  server.RaftServerConfigKeys (ConfUtils.java:logGet(46)) - raft.server.threadpool.client.cached = true (default)
2022-06-08 19:33:47,423 [pool-84-thread-1] INFO  server.RaftServerConfigKeys (ConfUtils.java:logGet(46)) - raft.server.threadpool.client.size = 0 (default)
2022-06-08 19:33:47,423 [Listener at 0.0.0.0/37775] INFO  ha.SCMSnapshotProvider (SCMSnapshotProvider.java:<init>(66)) - Initializing SCM Snapshot Provider
2022-06-08 19:33:47,423 [Listener at 0.0.0.0/37775] WARN  server.ServerUtils (ServerUtils.java:getDefaultRatisDirectory(237)) - Storage directory for Ratis is not configured. It is a good idea to map this to an SSD disk. Falling back to ozone.metadata.dirs
2022-06-08 19:33:47,423 [Listener at 0.0.0.0/37775] WARN  ha.SCMHAUtils (SCMHAUtils.java:getSCMRatisSnapshotDirectory(151)) - SCM snapshot dir is not configured. Falling back to ozone.metadata.dirs config
2022-06-08 19:33:47,424 [Listener at 0.0.0.0/37775] INFO  upgrade.AbstractLayoutVersionManager (AbstractLayoutVersionManager.java:init(82)) - Initializing Layout version manager with metadata layout = DATANODE_SCHEMA_V3 (version = 4), software layout = DATANODE_SCHEMA_V3 (version = 4)
2022-06-08 19:33:47,468 [Listener at 0.0.0.0/37775] INFO  reflections.Reflections (Reflections.java:scan(232)) - Reflections took 43 ms to scan 7 urls, producing 131 keys and 311 values 
2022-06-08 19:33:47,470 [Listener at 0.0.0.0/37775] INFO  ha.SequenceIdGenerator (SequenceIdGenerator.java:upgradeToSequenceId(347)) - upgrade localId to 109611004723200000
2022-06-08 19:33:47,470 [Listener at 0.0.0.0/37775] INFO  ha.SequenceIdGenerator (SequenceIdGenerator.java:upgradeToSequenceId(357)) - upgrade delTxnId to 0
2022-06-08 19:33:47,470 [Listener at 0.0.0.0/37775] INFO  ha.SequenceIdGenerator (SequenceIdGenerator.java:upgradeToSequenceId(374)) - upgrade containerId to 0
2022-06-08 19:33:47,470 [Listener at 0.0.0.0/37775] INFO  ha.SequenceIdGenerator (SequenceIdGenerator.java:<init>(218)) - Init the HA SequenceIdGenerator.
2022-06-08 19:33:47,473 [Listener at 0.0.0.0/37775] WARN  server.ServerUtils (ServerUtils.java:sanitizeUserArgs(73)) - ozone.scm.stale.node.interval value = 300000 is larger than max = 100000 based on the key value of ozone.scm.heartbeat.thread.interval, reset to the max value 100000.
2022-06-08 19:33:47,473 [Listener at 0.0.0.0/37775] WARN  server.ServerUtils (ServerUtils.java:sanitizeUserArgs(73)) - ozone.scm.stale.node.interval value = 300000 is larger than max = 100000 based on the key value of ozone.scm.heartbeat.thread.interval, reset to the max value 100000.
2022-06-08 19:33:47,473 [Listener at 0.0.0.0/37775] INFO  node.SCMNodeManager (SCMNodeManager.java:<init>(149)) - Entering startup safe mode.
2022-06-08 19:33:47,474 [Listener at 0.0.0.0/37775] INFO  algorithms.ContainerPlacementPolicyFactory (ContainerPlacementPolicyFactory.java:getPolicyInternal(86)) - Create container placement policy of type org.apache.hadoop.hdds.scm.container.placement.algorithms.SCMContainerPlacementRandom
2022-06-08 19:33:47,475 [Listener at 0.0.0.0/37775] INFO  pipeline.PipelineStateManagerImpl (PipelineStateManagerImpl.java:initialize(78)) - No pipeline exists in current db
2022-06-08 19:33:47,475 [Listener at 0.0.0.0/37775] INFO  algorithms.LeaderChoosePolicyFactory (LeaderChoosePolicyFactory.java:getPolicy(57)) - Create leader choose policy of type org.apache.hadoop.hdds.scm.pipeline.leader.choose.algorithms.MinLeaderCountChoosePolicy
2022-06-08 19:33:47,475 [Listener at 0.0.0.0/37775] INFO  algorithms.ContainerPlacementPolicyFactory (ContainerPlacementPolicyFactory.java:getPolicyInternal(86)) - Create container placement policy of type org.apache.hadoop.hdds.scm.container.placement.algorithms.SCMContainerPlacementRackScatter
2022-06-08 19:33:47,475 [Listener at 0.0.0.0/37775] INFO  pipeline.BackgroundPipelineCreator (BackgroundPipelineCreator.java:start(125)) - Starting RatisPipelineUtilsThread.
2022-06-08 19:33:47,476 [Listener at 0.0.0.0/37775] INFO  BackgroundPipelineScrubber (BackgroundSCMService.java:start(68)) - Starting BackgroundPipelineScrubber Service.
2022-06-08 19:33:47,477 [Listener at 0.0.0.0/37775] INFO  ha.SCMServiceManager (SCMServiceManager.java:register(42)) - Registering service BackgroundPipelineCreator.
2022-06-08 19:33:47,477 [Listener at 0.0.0.0/37775] INFO  ha.SCMServiceManager (SCMServiceManager.java:register(42)) - Registering service BackgroundPipelineScrubber.
2022-06-08 19:33:47,477 [Listener at 0.0.0.0/37775] INFO  ExpiredContainerReplicaOpScrubber (BackgroundSCMService.java:start(68)) - Starting ExpiredContainerReplicaOpScrubber Service.
2022-06-08 19:33:47,478 [Listener at 0.0.0.0/37775] INFO  ha.SCMServiceManager (SCMServiceManager.java:register(42)) - Registering service ExpiredContainerReplicaOpScrubber.
2022-06-08 19:33:47,479 [Listener at 0.0.0.0/37775] INFO  algorithms.PipelineChoosePolicyFactory (PipelineChoosePolicyFactory.java:createPipelineChoosePolicyFromClass(73)) - Create pipeline choose policy of type org.apache.hadoop.hdds.scm.pipeline.choose.algorithms.RandomPipelineChoosePolicy
2022-06-08 19:33:47,480 [Listener at 0.0.0.0/37775] INFO  ha.SCMServiceManager (SCMServiceManager.java:register(42)) - Registering service SCMBlockDeletingService.
2022-06-08 19:33:47,480 [Listener at 0.0.0.0/37775] INFO  ha.SCMServiceManager (SCMServiceManager.java:register(42)) - Registering service ReplicationManager.
2022-06-08 19:33:47,480 [Listener at 0.0.0.0/37775] INFO  replication.ReplicationManager (ReplicationManager.java:start(179)) - Starting Replication Monitor Thread.
2022-06-08 19:33:47,483 [Listener at 0.0.0.0/37775] INFO  safemode.ContainerSafeModeRule (ContainerSafeModeRule.java:<init>(89)) - containers with one replica threshold count 0
2022-06-08 19:33:47,485 [Listener at 0.0.0.0/37775] INFO  safemode.HealthyPipelineSafeModeRule (HealthyPipelineSafeModeRule.java:initializeRule(156)) - Total pipeline count is 0, healthy pipeline threshold count is 1
2022-06-08 19:33:47,485 [Listener at 0.0.0.0/37775] INFO  safemode.OneReplicaPipelineSafeModeRule (OneReplicaPipelineSafeModeRule.java:initializeRule(180)) - Total pipeline count is 0, pipeline's with at least one datanode reported threshold count is 0
2022-06-08 19:33:47,485 [ReplicationMonitor] INFO  replication.ReplicationManager (ReplicationManager.java:processAll(228)) - Replication Manager is not ready to run until 3000ms after safemode exit
2022-06-08 19:33:47,485 [Listener at 0.0.0.0/37775] INFO  ipc.CallQueueManager (CallQueueManager.java:<init>(90)) - Using callQueue: class java.util.concurrent.LinkedBlockingQueue, queueCapacity: 2000, scheduler: class org.apache.hadoop.ipc.DefaultRpcScheduler, ipcBackoff: false.
2022-06-08 19:33:47,486 [Socket Reader #1 for port 42779] INFO  ipc.Server (Server.java:run(1265)) - Starting Socket Reader #1 for port 42779
2022-06-08 19:33:47,487 [Listener at 0.0.0.0/42779] INFO  ipc.CallQueueManager (CallQueueManager.java:<init>(90)) - Using callQueue: class java.util.concurrent.LinkedBlockingQueue, queueCapacity: 2000, scheduler: class org.apache.hadoop.ipc.DefaultRpcScheduler, ipcBackoff: false.
2022-06-08 19:33:47,488 [Socket Reader #1 for port 42293] INFO  ipc.Server (Server.java:run(1265)) - Starting Socket Reader #1 for port 42293
2022-06-08 19:33:47,489 [Listener at 0.0.0.0/42293] INFO  ipc.CallQueueManager (CallQueueManager.java:<init>(90)) - Using callQueue: class java.util.concurrent.LinkedBlockingQueue, queueCapacity: 2000, scheduler: class org.apache.hadoop.ipc.DefaultRpcScheduler, ipcBackoff: false.
2022-06-08 19:33:47,493 [Socket Reader #1 for port 43831] INFO  ipc.Server (Server.java:run(1265)) - Starting Socket Reader #1 for port 43831
2022-06-08 19:33:47,517 [Listener at 0.0.0.0/43831] INFO  ha.SCMServiceManager (SCMServiceManager.java:register(42)) - Registering service ContainerBalancer.
2022-06-08 19:33:47,517 [Listener at 0.0.0.0/43831] INFO  server.StorageContainerManager (StorageContainerManager.java:<init>(397)) - 
Container Balancer status:
Key                            Value
Running                        false
Container Balancer Configuration values:
Key                                                Value
Threshold                                          10
Max Datanodes to Involve per Iteration(percent)    20
Max Size to Move per Iteration                     500GB
Max Size Entering Target per Iteration             26GB
Max Size Leaving Source per Iteration              26GB

2022-06-08 19:33:47,517 [Listener at 0.0.0.0/43831] WARN  events.EventQueue (EventQueue.java:fireEvent(194)) - No event handler registered for event TypedEvent{payloadType=SafeModeStatus, name='Safe mode status'}
2022-06-08 19:33:47,517 [Listener at 0.0.0.0/43831] INFO  ha.SCMContext (SCMContext.java:updateSafeModeStatus(228)) - Update SafeModeStatus from SafeModeStatus{safeModeStatus=true, preCheckPassed=false} to SafeModeStatus{safeModeStatus=true, preCheckPassed=false}.
2022-06-08 19:33:47,518 [Listener at 0.0.0.0/43831] INFO  server.StorageContainerManager (StorageContainerManager.java:start(1408)) - StorageContainerLocationProtocol RPC server is listening at /0.0.0.0:43831
2022-06-08 19:33:47,518 [Listener at 0.0.0.0/43831] INFO  ha.SCMRatisServerImpl (SCMRatisServerImpl.java:start(179)) - starting ratis server 0.0.0.0:36781
2022-06-08 19:33:47,518 [0562147d-7bbf-459c-a71c-460e63cf1b3c-impl-thread1] INFO  server.RaftServer$Division (RaftServerImpl.java:start(316)) - 0562147d-7bbf-459c-a71c-460e63cf1b3c@group-E6E454DC87C0: start with initializing state, conf=-1: [], old=null
2022-06-08 19:33:47,519 [0562147d-7bbf-459c-a71c-460e63cf1b3c-impl-thread1] INFO  server.RaftServer$Division (RaftServerImpl.java:setRole(299)) - 0562147d-7bbf-459c-a71c-460e63cf1b3c@group-E6E454DC87C0: changes role from      null to FOLLOWER at term 0 for startInitializing
2022-06-08 19:33:47,519 [0562147d-7bbf-459c-a71c-460e63cf1b3c-impl-thread1] INFO  util.JmxRegister (JmxRegister.java:tryRegister(44)) - Successfully registered JMX Bean with object name Ratis:service=RaftServer,group=group-E6E454DC87C0,id=0562147d-7bbf-459c-a71c-460e63cf1b3c
2022-06-08 19:33:47,521 [Listener at 0.0.0.0/43831] INFO  server.RaftServer (RaftServerProxy.java:lambda$start$6(382)) - 0562147d-7bbf-459c-a71c-460e63cf1b3c: start RPC server
2022-06-08 19:33:47,525 [Listener at 0.0.0.0/43831] INFO  server.GrpcService (GrpcService.java:startImpl(260)) - 0562147d-7bbf-459c-a71c-460e63cf1b3c: GrpcService started, listening on 36781
2022-06-08 19:33:47,526 [Listener at 0.0.0.0/43831] INFO  ha.SCMNodeInfo (SCMNodeInfo.java:getPort(197)) - ConfigKey ozone.scm.client.address is deprecated, For configuring different ports for each SCM use PortConfigKey ozone.scm.client.port appended with serviceId and nodeId
2022-06-08 19:33:47,526 [Listener at 0.0.0.0/43831] INFO  ha.SCMNodeInfo (SCMNodeInfo.java:getPort(197)) - ConfigKey ozone.scm.block.client.address is deprecated, For configuring different ports for each SCM use PortConfigKey ozone.scm.block.client.port appended with serviceId and nodeId
2022-06-08 19:33:47,526 [Listener at 0.0.0.0/43831] INFO  ha.SCMNodeInfo (SCMNodeInfo.java:getPort(197)) - ConfigKey ozone.scm.datanode.address is deprecated, For configuring different ports for each SCM use PortConfigKey ozone.scm.datanode.port appended with serviceId and nodeId
2022-06-08 19:33:47,527 [Listener at 0.0.0.0/43831] INFO  ha.SCMNodeInfo (SCMNodeInfo.java:getPort(197)) - ConfigKey ozone.scm.client.address is deprecated, For configuring different ports for each SCM use PortConfigKey ozone.scm.client.port appended with serviceId and nodeId
2022-06-08 19:33:47,527 [Listener at 0.0.0.0/43831] INFO  ha.SCMNodeInfo (SCMNodeInfo.java:getPort(197)) - ConfigKey ozone.scm.block.client.address is deprecated, For configuring different ports for each SCM use PortConfigKey ozone.scm.block.client.port appended with serviceId and nodeId
2022-06-08 19:33:47,527 [Listener at 0.0.0.0/43831] INFO  ha.SCMNodeInfo (SCMNodeInfo.java:getPort(197)) - ConfigKey ozone.scm.datanode.address is deprecated, For configuring different ports for each SCM use PortConfigKey ozone.scm.datanode.port appended with serviceId and nodeId
2022-06-08 19:33:47,527 [Listener at 0.0.0.0/43831] INFO  proxy.SCMBlockLocationFailoverProxyProvider (SCMBlockLocationFailoverProxyProvider.java:<init>(114)) - Created block location fail-over proxy with 2 nodes: [nodeId=scmNode-2,nodeAddress=/127.0.0.1:45287, nodeId=scmNode-1,nodeAddress=/127.0.0.1:37419]
2022-06-08 19:33:47,528 [org.apache.ratis.util.JvmPauseMonitor$$Lambda$519/1621292246@1ddf3f58] INFO  util.JvmPauseMonitor (JvmPauseMonitor.java:run(103)) - JvmPauseMonitor-0562147d-7bbf-459c-a71c-460e63cf1b3c: Started
2022-06-08 19:33:47,533 [IPC Server handler 2 on default port 37419] INFO  ha.SCMRatisServerImpl (SCMRatisServerImpl.java:addSCM(302)) - 2307c498-167f-43d9-87ae-3379131d0636: Submitting SetConfiguration request to Ratis server with new SCM peers list: [21888257-2f66-47c2-9c1a-f9078c9f78d9|rpc:localhost:43277|priority:0, 2307c498-167f-43d9-87ae-3379131d0636|rpc:localhost:36931|admin:|client:|dataStream:|priority:0, 0562147d-7bbf-459c-a71c-460e63cf1b3c|rpc:localhost:36781|priority:0]
2022-06-08 19:33:47,533 [IPC Server handler 2 on default port 37419] INFO  server.RaftServer$Division (RaftServerImpl.java:setConfigurationAsync(1080)) - 2307c498-167f-43d9-87ae-3379131d0636@group-E6E454DC87C0: receive setConfiguration SetConfigurationRequest:client-0D3FE0007F4F->2307c498-167f-43d9-87ae-3379131d0636@group-E6E454DC87C0, cid=1, seq=0, RW, null, peers:[21888257-2f66-47c2-9c1a-f9078c9f78d9|rpc:localhost:43277|priority:0, 2307c498-167f-43d9-87ae-3379131d0636|rpc:localhost:36931|admin:|client:|dataStream:|priority:0, 0562147d-7bbf-459c-a71c-460e63cf1b3c|rpc:localhost:36781|priority:0]
2022-06-08 19:33:47,533 [IPC Server handler 2 on default port 37419] INFO  server.RaftServer$Division (LeaderStateImpl.java:startSetConfiguration(368)) - 2307c498-167f-43d9-87ae-3379131d0636@group-E6E454DC87C0-LeaderStateImpl: startSetConfiguration SetConfigurationRequest:client-0D3FE0007F4F->2307c498-167f-43d9-87ae-3379131d0636@group-E6E454DC87C0, cid=1, seq=0, RW, null, peers:[21888257-2f66-47c2-9c1a-f9078c9f78d9|rpc:localhost:43277|priority:0, 2307c498-167f-43d9-87ae-3379131d0636|rpc:localhost:36931|admin:|client:|dataStream:|priority:0, 0562147d-7bbf-459c-a71c-460e63cf1b3c|rpc:localhost:36781|priority:0]
2022-06-08 19:33:47,533 [IPC Server handler 2 on default port 37419] INFO  server.RaftServerConfigKeys (ConfUtils.java:logGet(46)) - raft.server.log.appender.snapshot.chunk.size.max = 16MB (=16777216) (default)
2022-06-08 19:33:47,534 [IPC Server handler 2 on default port 37419] INFO  server.RaftServerConfigKeys (ConfUtils.java:logGet(46)) - raft.server.log.appender.buffer.byte-limit = 33554432 (custom)
2022-06-08 19:33:47,534 [IPC Server handler 2 on default port 37419] INFO  server.RaftServerConfigKeys (ConfUtils.java:logGet(46)) - raft.server.log.appender.buffer.element-limit = 1024 (custom)
2022-06-08 19:33:47,534 [IPC Server handler 2 on default port 37419] INFO  grpc.GrpcConfigKeys (ConfUtils.java:logGet(46)) - raft.grpc.server.leader.outstanding.appends.max = 128 (default)
2022-06-08 19:33:47,535 [IPC Server handler 2 on default port 37419] INFO  server.RaftServerConfigKeys (ConfUtils.java:logGet(46)) - raft.server.rpc.request.timeout = 30000ms (custom)
2022-06-08 19:33:47,535 [IPC Server handler 2 on default port 37419] INFO  server.RaftServerConfigKeys (ConfUtils.java:logGet(46)) - raft.server.log.appender.install.snapshot.enabled = false (custom)
2022-06-08 19:33:47,538 [2307c498-167f-43d9-87ae-3379131d0636@group-E6E454DC87C0->0562147d-7bbf-459c-a71c-460e63cf1b3c-GrpcLogAppender-LogAppenderDaemon] INFO  server.GrpcLogAppender (GrpcLogAppender.java:installSnapshot(541)) - 2307c498-167f-43d9-87ae-3379131d0636@group-E6E454DC87C0->0562147d-7bbf-459c-a71c-460e63cf1b3c-GrpcLogAppender: followerNextIndex = 0 but logStartIndex = 0, notify follower to install snapshot-(t:1, i:0)
2022-06-08 19:33:47,539 [2307c498-167f-43d9-87ae-3379131d0636@group-E6E454DC87C0->0562147d-7bbf-459c-a71c-460e63cf1b3c-GrpcLogAppender-LogAppenderDaemon] INFO  server.GrpcLogAppender (GrpcLogAppender.java:installSnapshot(549)) - 2307c498-167f-43d9-87ae-3379131d0636@group-E6E454DC87C0->0562147d-7bbf-459c-a71c-460e63cf1b3c-GrpcLogAppender: send 2307c498-167f-43d9-87ae-3379131d0636->0562147d-7bbf-459c-a71c-460e63cf1b3c#0-t2,notify:(t:1, i:0)
2022-06-08 19:33:47,554 [grpc-default-executor-2] INFO  impl.SnapshotInstallationHandler (SnapshotInstallationHandler.java:installSnapshot(84)) - 0562147d-7bbf-459c-a71c-460e63cf1b3c@group-E6E454DC87C0: receive installSnapshot: 2307c498-167f-43d9-87ae-3379131d0636->0562147d-7bbf-459c-a71c-460e63cf1b3c#0-t2,notify:(t:1, i:0)
2022-06-08 19:33:47,559 [grpc-default-executor-2] INFO  ha.SCMStateMachine (SCMStateMachine.java:notifyLeaderChanged(255)) - leader changed, yet current SCM is still follower.
2022-06-08 19:33:47,559 [grpc-default-executor-2] INFO  server.RaftServer$Division (ServerState.java:setLeader(287)) - 0562147d-7bbf-459c-a71c-460e63cf1b3c@group-E6E454DC87C0: change Leader from null to 2307c498-167f-43d9-87ae-3379131d0636 at term 2 for installSnapshot, leader elected after 146ms
2022-06-08 19:33:47,559 [grpc-default-executor-2] INFO  impl.SnapshotInstallationHandler (SnapshotInstallationHandler.java:notifyStateMachineToInstallSnapshot(215)) - 0562147d-7bbf-459c-a71c-460e63cf1b3c@group-E6E454DC87C0: Received notification to install snapshot at index 0
2022-06-08 19:33:47,559 [grpc-default-executor-2] INFO  impl.SnapshotInstallationHandler (SnapshotInstallationHandler.java:notifyStateMachineToInstallSnapshot(224)) - 0562147d-7bbf-459c-a71c-460e63cf1b3c@group-E6E454DC87C0: InstallSnapshot notification result: ALREADY_INSTALLED, current snapshot index: -1
2022-06-08 19:33:47,560 [grpc-default-executor-2] INFO  impl.SnapshotInstallationHandler (SnapshotInstallationHandler.java:installSnapshotImpl(129)) - 0562147d-7bbf-459c-a71c-460e63cf1b3c@group-E6E454DC87C0: set new configuration index: 5
configurationEntry {
  peers {
    id: "21888257-2f66-47c2-9c1a-f9078c9f78d9"
    address: "localhost:43277"
  }
  peers {
    id: "2307c498-167f-43d9-87ae-3379131d0636"
    address: "localhost:36931"
  }
}
 from snapshot
2022-06-08 19:33:47,560 [grpc-default-executor-2] INFO  server.RaftServer$Division (ServerState.java:setRaftConf(393)) - 0562147d-7bbf-459c-a71c-460e63cf1b3c@group-E6E454DC87C0: set configuration 5: [21888257-2f66-47c2-9c1a-f9078c9f78d9|rpc:localhost:43277|admin:|client:|dataStream:|priority:0, 2307c498-167f-43d9-87ae-3379131d0636|rpc:localhost:36931|admin:|client:|dataStream:|priority:0], old=null
2022-06-08 19:33:47,560 [grpc-default-executor-2] INFO  impl.SnapshotInstallationHandler (SnapshotInstallationHandler.java:installSnapshot(95)) - 0562147d-7bbf-459c-a71c-460e63cf1b3c@group-E6E454DC87C0: reply installSnapshot: 2307c498-167f-43d9-87ae-3379131d0636<-0562147d-7bbf-459c-a71c-460e63cf1b3c#0:FAIL-t0,ALREADY_INSTALLED
2022-06-08 19:33:47,561 [grpc-default-executor-2] INFO  server.GrpcServerProtocolService (GrpcServerProtocolService.java:onCompleted(140)) - 0562147d-7bbf-459c-a71c-460e63cf1b3c: Completed INSTALL_SNAPSHOT, lastRequest: 2307c498-167f-43d9-87ae-3379131d0636->0562147d-7bbf-459c-a71c-460e63cf1b3c#0-t2,notify:(t:1, i:0)
2022-06-08 19:33:47,563 [grpc-default-executor-2] INFO  server.GrpcLogAppender (GrpcLogAppender.java:onNext(403)) - 2307c498-167f-43d9-87ae-3379131d0636@group-E6E454DC87C0->0562147d-7bbf-459c-a71c-460e63cf1b3c-InstallSnapshotResponseHandler: received the first reply 2307c498-167f-43d9-87ae-3379131d0636<-0562147d-7bbf-459c-a71c-460e63cf1b3c#0:FAIL-t0,ALREADY_INSTALLED
2022-06-08 19:33:47,564 [grpc-default-executor-2] INFO  server.GrpcLogAppender (GrpcLogAppender.java:onNext(426)) - 2307c498-167f-43d9-87ae-3379131d0636@group-E6E454DC87C0->0562147d-7bbf-459c-a71c-460e63cf1b3c-InstallSnapshotResponseHandler: Follower snapshot is already at index 0.
2022-06-08 19:33:47,564 [grpc-default-executor-2] INFO  leader.FollowerInfo (FollowerInfoImpl.java:lambda$new$0(48)) - 2307c498-167f-43d9-87ae-3379131d0636@group-E6E454DC87C0->0562147d-7bbf-459c-a71c-460e63cf1b3c: snapshotIndex: setUnconditionally 0 -> 0
2022-06-08 19:33:47,564 [grpc-default-executor-2] INFO  leader.FollowerInfo (FollowerInfoImpl.java:lambda$new$0(48)) - 2307c498-167f-43d9-87ae-3379131d0636@group-E6E454DC87C0->0562147d-7bbf-459c-a71c-460e63cf1b3c: matchIndex: setUnconditionally 0 -> 0
2022-06-08 19:33:47,564 [grpc-default-executor-2] INFO  leader.FollowerInfo (FollowerInfoImpl.java:lambda$new$0(48)) - 2307c498-167f-43d9-87ae-3379131d0636@group-E6E454DC87C0->0562147d-7bbf-459c-a71c-460e63cf1b3c: nextIndex: setUnconditionally 0 -> 1
2022-06-08 19:33:47,564 [grpc-default-executor-2] INFO  leader.FollowerInfo (FollowerInfoImpl.java:setAttemptedToInstallSnapshot(118)) - Follower 2307c498-167f-43d9-87ae-3379131d0636@group-E6E454DC87C0->0562147d-7bbf-459c-a71c-460e63cf1b3c acknowledged installing snapshot
2022-06-08 19:33:47,564 [grpc-default-executor-2] INFO  leader.FollowerInfo (FollowerInfoImpl.java:lambda$new$0(48)) - 2307c498-167f-43d9-87ae-3379131d0636@group-E6E454DC87C0->0562147d-7bbf-459c-a71c-460e63cf1b3c: nextIndex: updateToMax old=1, new=1, updated? false
2022-06-08 19:33:47,580 [0562147d-7bbf-459c-a71c-460e63cf1b3c-server-thread1] INFO  impl.RoleInfo (RoleInfo.java:updateAndGet(139)) - 0562147d-7bbf-459c-a71c-460e63cf1b3c: start 0562147d-7bbf-459c-a71c-460e63cf1b3c@group-E6E454DC87C0-FollowerState
2022-06-08 19:33:47,580 [0562147d-7bbf-459c-a71c-460e63cf1b3c-server-thread1] INFO  server.RaftServer$Division (RaftServerImpl.java:checkInconsistentAppendEntries(1424)) - 0562147d-7bbf-459c-a71c-460e63cf1b3c@group-E6E454DC87C0: Failed appendEntries as previous log entry ((t:1, i:0)) is not found
2022-06-08 19:33:47,580 [0562147d-7bbf-459c-a71c-460e63cf1b3c-server-thread1] INFO  server.RaftServer$Division (RaftServerImpl.java:checkInconsistentAppendEntries(1394)) - 0562147d-7bbf-459c-a71c-460e63cf1b3c@group-E6E454DC87C0: inconsistency entries. Reply:2307c498-167f-43d9-87ae-3379131d0636<-0562147d-7bbf-459c-a71c-460e63cf1b3c#0:FAIL-t2,INCONSISTENCY,nextIndex=0,followerCommit=-1
2022-06-08 19:33:47,582 [grpc-default-executor-0] INFO  leader.FollowerInfo (FollowerInfoImpl.java:lambda$new$0(48)) - 2307c498-167f-43d9-87ae-3379131d0636@group-E6E454DC87C0->0562147d-7bbf-459c-a71c-460e63cf1b3c: nextIndex: updateUnconditionally 7 -> 0
2022-06-08 19:33:47,585 [0562147d-7bbf-459c-a71c-460e63cf1b3c-server-thread1] INFO  server.RaftServer$Division (RaftServerImpl.java:checkInconsistentAppendEntries(1424)) - 0562147d-7bbf-459c-a71c-460e63cf1b3c@group-E6E454DC87C0: Failed appendEntries as previous log entry ((t:1, i:0)) is not found
2022-06-08 19:33:47,586 [0562147d-7bbf-459c-a71c-460e63cf1b3c-server-thread1] INFO  server.RaftServer$Division (RaftServerImpl.java:checkInconsistentAppendEntries(1394)) - 0562147d-7bbf-459c-a71c-460e63cf1b3c@group-E6E454DC87C0: inconsistency entries. Reply:2307c498-167f-43d9-87ae-3379131d0636<-0562147d-7bbf-459c-a71c-460e63cf1b3c#1:FAIL-t2,INCONSISTENCY,nextIndex=0,followerCommit=-1
2022-06-08 19:33:47,588 [grpc-default-executor-0] INFO  leader.FollowerInfo (FollowerInfoImpl.java:lambda$new$0(48)) - 2307c498-167f-43d9-87ae-3379131d0636@group-E6E454DC87C0->0562147d-7bbf-459c-a71c-460e63cf1b3c: nextIndex: updateUnconditionally 7 -> 0
2022-06-08 19:33:47,589 [0562147d-7bbf-459c-a71c-460e63cf1b3c-server-thread1] INFO  server.RaftServer$Division (ServerState.java:setRaftConf(393)) - 0562147d-7bbf-459c-a71c-460e63cf1b3c@group-E6E454DC87C0: set configuration 0: [2307c498-167f-43d9-87ae-3379131d0636|rpc:localhost:36931|admin:|client:|dataStream:|priority:0], old=null
2022-06-08 19:33:47,589 [0562147d-7bbf-459c-a71c-460e63cf1b3c-server-thread1] INFO  server.RaftServer$Division (ServerState.java:setRaftConf(393)) - 0562147d-7bbf-459c-a71c-460e63cf1b3c@group-E6E454DC87C0: set configuration 1: [2307c498-167f-43d9-87ae-3379131d0636|rpc:localhost:36931|admin:|client:|dataStream:|priority:0], old=null
2022-06-08 19:33:47,590 [0562147d-7bbf-459c-a71c-460e63cf1b3c-server-thread1] INFO  server.RaftServer$Division (ServerState.java:setRaftConf(393)) - 0562147d-7bbf-459c-a71c-460e63cf1b3c@group-E6E454DC87C0: set configuration 3: [21888257-2f66-47c2-9c1a-f9078c9f78d9|rpc:localhost:43277|admin:|client:|dataStream:|priority:0, 2307c498-167f-43d9-87ae-3379131d0636|rpc:localhost:36931|admin:|client:|dataStream:|priority:0], old=[2307c498-167f-43d9-87ae-3379131d0636|rpc:localhost:36931|admin:|client:|dataStream:|priority:0]
2022-06-08 19:33:47,590 [0562147d-7bbf-459c-a71c-460e63cf1b3c-server-thread1] INFO  server.RaftServer$Division (ServerState.java:setRaftConf(393)) - 0562147d-7bbf-459c-a71c-460e63cf1b3c@group-E6E454DC87C0: set configuration 5: [21888257-2f66-47c2-9c1a-f9078c9f78d9|rpc:localhost:43277|admin:|client:|dataStream:|priority:0, 2307c498-167f-43d9-87ae-3379131d0636|rpc:localhost:36931|admin:|client:|dataStream:|priority:0], old=null
2022-06-08 19:33:47,590 [0562147d-7bbf-459c-a71c-460e63cf1b3c-server-thread1] INFO  segmented.SegmentedRaftLogWorker (SegmentedRaftLogWorker.java:startLogSegment(425)) - 0562147d-7bbf-459c-a71c-460e63cf1b3c@group-E6E454DC87C0-SegmentedRaftLogWorker: Starting segment from index:0
2022-06-08 19:33:47,590 [0562147d-7bbf-459c-a71c-460e63cf1b3c-server-thread1] INFO  segmented.SegmentedRaftLogWorker (SegmentedRaftLogWorker.java:rollLogSegment(430)) - 0562147d-7bbf-459c-a71c-460e63cf1b3c@group-E6E454DC87C0-SegmentedRaftLogWorker: Rolling segment log-0_0 to index:0
2022-06-08 19:33:47,594 [0562147d-7bbf-459c-a71c-460e63cf1b3c-server-thread1] INFO  server.RaftServer$Division (ServerState.java:setRaftConf(393)) - 0562147d-7bbf-459c-a71c-460e63cf1b3c@group-E6E454DC87C0: set configuration 0: [2307c498-167f-43d9-87ae-3379131d0636|rpc:localhost:36931|admin:|client:|dataStream:|priority:0], old=null
2022-06-08 19:33:47,594 [0562147d-7bbf-459c-a71c-460e63cf1b3c-server-thread1] INFO  server.RaftServer$Division (ServerState.java:setRaftConf(393)) - 0562147d-7bbf-459c-a71c-460e63cf1b3c@group-E6E454DC87C0: set configuration 1: [2307c498-167f-43d9-87ae-3379131d0636|rpc:localhost:36931|admin:|client:|dataStream:|priority:0], old=null
2022-06-08 19:33:47,595 [0562147d-7bbf-459c-a71c-460e63cf1b3c-server-thread1] INFO  server.RaftServer$Division (ServerState.java:setRaftConf(393)) - 0562147d-7bbf-459c-a71c-460e63cf1b3c@group-E6E454DC87C0: set configuration 3: [21888257-2f66-47c2-9c1a-f9078c9f78d9|rpc:localhost:43277|admin:|client:|dataStream:|priority:0, 2307c498-167f-43d9-87ae-3379131d0636|rpc:localhost:36931|admin:|client:|dataStream:|priority:0], old=[2307c498-167f-43d9-87ae-3379131d0636|rpc:localhost:36931|admin:|client:|dataStream:|priority:0]
2022-06-08 19:33:47,595 [0562147d-7bbf-459c-a71c-460e63cf1b3c-server-thread1] INFO  server.RaftServer$Division (ServerState.java:setRaftConf(393)) - 0562147d-7bbf-459c-a71c-460e63cf1b3c@group-E6E454DC87C0: set configuration 5: [21888257-2f66-47c2-9c1a-f9078c9f78d9|rpc:localhost:43277|admin:|client:|dataStream:|priority:0, 2307c498-167f-43d9-87ae-3379131d0636|rpc:localhost:36931|admin:|client:|dataStream:|priority:0], old=null
2022-06-08 19:33:47,607 [0562147d-7bbf-459c-a71c-460e63cf1b3c@group-E6E454DC87C0-SegmentedRaftLogWorker] INFO  segmented.SegmentedRaftLogWorker (SegmentedRaftLogWorker.java:execute(629)) - 0562147d-7bbf-459c-a71c-460e63cf1b3c@group-E6E454DC87C0-SegmentedRaftLogWorker: created new log segment /home/runner/work/ozone/ozone/hadoop-ozone/integration-test/target/test-dir/MiniOzoneClusterImpl-6ca4cc63-2561-4277-bbe7-e6e454dc87c0/scmNode-3/scm-ha/6ca4cc63-2561-4277-bbe7-e6e454dc87c0/current/log_inprogress_0
2022-06-08 19:33:47,609 [0562147d-7bbf-459c-a71c-460e63cf1b3c@group-E6E454DC87C0-SegmentedRaftLogWorker] INFO  segmented.SegmentedRaftLogWorker (SegmentedRaftLogWorker.java:execute(586)) - 0562147d-7bbf-459c-a71c-460e63cf1b3c@group-E6E454DC87C0-SegmentedRaftLogWorker: Rolled log segment from /home/runner/work/ozone/ozone/hadoop-ozone/integration-test/target/test-dir/MiniOzoneClusterImpl-6ca4cc63-2561-4277-bbe7-e6e454dc87c0/scmNode-3/scm-ha/6ca4cc63-2561-4277-bbe7-e6e454dc87c0/current/log_inprogress_0 to /home/runner/work/ozone/ozone/hadoop-ozone/integration-test/target/test-dir/MiniOzoneClusterImpl-6ca4cc63-2561-4277-bbe7-e6e454dc87c0/scmNode-3/scm-ha/6ca4cc63-2561-4277-bbe7-e6e454dc87c0/current/log_0-0
2022-06-08 19:33:47,625 [0562147d-7bbf-459c-a71c-460e63cf1b3c@group-E6E454DC87C0-SegmentedRaftLogWorker] INFO  segmented.SegmentedRaftLogWorker (SegmentedRaftLogWorker.java:execute(629)) - 0562147d-7bbf-459c-a71c-460e63cf1b3c@group-E6E454DC87C0-SegmentedRaftLogWorker: created new log segment /home/runner/work/ozone/ozone/hadoop-ozone/integration-test/target/test-dir/MiniOzoneClusterImpl-6ca4cc63-2561-4277-bbe7-e6e454dc87c0/scmNode-3/scm-ha/6ca4cc63-2561-4277-bbe7-e6e454dc87c0/current/log_inprogress_1
2022-06-08 19:33:47,628 [0562147d-7bbf-459c-a71c-460e63cf1b3c@group-E6E454DC87C0-StateMachineUpdater] INFO  safemode.HealthyPipelineSafeModeRule (HealthyPipelineSafeModeRule.java:initializeRule(152)) - Refreshed total pipeline count is 0, healthy pipeline threshold count is 1
2022-06-08 19:33:47,628 [0562147d-7bbf-459c-a71c-460e63cf1b3c@group-E6E454DC87C0-StateMachineUpdater] INFO  safemode.ContainerSafeModeRule (ContainerSafeModeRule.java:reInitializeRule(177)) - Refreshed one replica container threshold 0, currentThreshold 0
2022-06-08 19:33:47,628 [0562147d-7bbf-459c-a71c-460e63cf1b3c@group-E6E454DC87C0-StateMachineUpdater] INFO  safemode.OneReplicaPipelineSafeModeRule (OneReplicaPipelineSafeModeRule.java:initializeRule(176)) - Refreshed Total pipeline count is 0, pipeline's with at least one datanode reported threshold count is 0
2022-06-08 19:33:47,628 [0562147d-7bbf-459c-a71c-460e63cf1b3c@group-E6E454DC87C0-StateMachineUpdater] INFO  server.SCMDatanodeProtocolServer (SCMDatanodeProtocolServer.java:start(183)) - ScmDatanodeProtocol RPC server for DataNodes is listening at /0.0.0.0:42779
2022-06-08 19:33:47,635 [2307c498-167f-43d9-87ae-3379131d0636@group-E6E454DC87C0-LeaderStateImpl] INFO  server.RaftServer$Division (ServerState.java:setRaftConf(393)) - 2307c498-167f-43d9-87ae-3379131d0636@group-E6E454DC87C0: set configuration 7: [21888257-2f66-47c2-9c1a-f9078c9f78d9|rpc:localhost:43277|priority:0, 2307c498-167f-43d9-87ae-3379131d0636|rpc:localhost:36931|admin:|client:|dataStream:|priority:0, 0562147d-7bbf-459c-a71c-460e63cf1b3c|rpc:localhost:36781|priority:0], old=[21888257-2f66-47c2-9c1a-f9078c9f78d9|rpc:localhost:43277|priority:0, 2307c498-167f-43d9-87ae-3379131d0636|rpc:localhost:36931|admin:|client:|dataStream:|priority:0]
2022-06-08 19:33:47,648 [0562147d-7bbf-459c-a71c-460e63cf1b3c-server-thread1] INFO  server.RaftServer$Division (ServerState.java:setRaftConf(393)) - 0562147d-7bbf-459c-a71c-460e63cf1b3c@group-E6E454DC87C0: set configuration 7: [21888257-2f66-47c2-9c1a-f9078c9f78d9|rpc:localhost:43277|admin:|client:|dataStream:|priority:0, 2307c498-167f-43d9-87ae-3379131d0636|rpc:localhost:36931|admin:|client:|dataStream:|priority:0, 0562147d-7bbf-459c-a71c-460e63cf1b3c|rpc:localhost:36781|admin:|client:|dataStream:|priority:0], old=[21888257-2f66-47c2-9c1a-f9078c9f78d9|rpc:localhost:43277|admin:|client:|dataStream:|priority:0, 2307c498-167f-43d9-87ae-3379131d0636|rpc:localhost:36931|admin:|client:|dataStream:|priority:0]
2022-06-08 19:33:47,649 [IPC Server listener on 42779] INFO  ipc.Server (Server.java:run(1344)) - IPC Server listener on 42779: starting
2022-06-08 19:33:47,648 [IPC Server Responder] INFO  ipc.Server (Server.java:run(1507)) - IPC Server Responder: starting
2022-06-08 19:33:47,652 [21888257-2f66-47c2-9c1a-f9078c9f78d9-server-thread2] INFO  server.RaftServer$Division (ServerState.java:setRaftConf(393)) - 21888257-2f66-47c2-9c1a-f9078c9f78d9@group-E6E454DC87C0: set configuration 7: [21888257-2f66-47c2-9c1a-f9078c9f78d9|rpc:localhost:43277|admin:|client:|dataStream:|priority:0, 2307c498-167f-43d9-87ae-3379131d0636|rpc:localhost:36931|admin:|client:|dataStream:|priority:0, 0562147d-7bbf-459c-a71c-460e63cf1b3c|rpc:localhost:36781|admin:|client:|dataStream:|priority:0], old=[21888257-2f66-47c2-9c1a-f9078c9f78d9|rpc:localhost:43277|admin:|client:|dataStream:|priority:0, 2307c498-167f-43d9-87ae-3379131d0636|rpc:localhost:36931|admin:|client:|dataStream:|priority:0]
2022-06-08 19:33:47,662 [2307c498-167f-43d9-87ae-3379131d0636@group-E6E454DC87C0-LeaderStateImpl] INFO  server.RaftServer$Division (ServerState.java:setRaftConf(393)) - 2307c498-167f-43d9-87ae-3379131d0636@group-E6E454DC87C0: set configuration 9: [21888257-2f66-47c2-9c1a-f9078c9f78d9|rpc:localhost:43277|priority:0, 2307c498-167f-43d9-87ae-3379131d0636|rpc:localhost:36931|admin:|client:|dataStream:|priority:0, 0562147d-7bbf-459c-a71c-460e63cf1b3c|rpc:localhost:36781|priority:0], old=null
2022-06-08 19:33:47,668 [0562147d-7bbf-459c-a71c-460e63cf1b3c-server-thread1] INFO  server.RaftServer$Division (ServerState.java:setRaftConf(393)) - 0562147d-7bbf-459c-a71c-460e63cf1b3c@group-E6E454DC87C0: set configuration 9: [21888257-2f66-47c2-9c1a-f9078c9f78d9|rpc:localhost:43277|admin:|client:|dataStream:|priority:0, 2307c498-167f-43d9-87ae-3379131d0636|rpc:localhost:36931|admin:|client:|dataStream:|priority:0, 0562147d-7bbf-459c-a71c-460e63cf1b3c|rpc:localhost:36781|admin:|client:|dataStream:|priority:0], old=null
2022-06-08 19:33:47,669 [21888257-2f66-47c2-9c1a-f9078c9f78d9-server-thread2] INFO  server.RaftServer$Division (ServerState.java:setRaftConf(393)) - 21888257-2f66-47c2-9c1a-f9078c9f78d9@group-E6E454DC87C0: set configuration 9: [21888257-2f66-47c2-9c1a-f9078c9f78d9|rpc:localhost:43277|admin:|client:|dataStream:|priority:0, 2307c498-167f-43d9-87ae-3379131d0636|rpc:localhost:36931|admin:|client:|dataStream:|priority:0, 0562147d-7bbf-459c-a71c-460e63cf1b3c|rpc:localhost:36781|admin:|client:|dataStream:|priority:0], old=null
2022-06-08 19:33:47,674 [IPC Server handler 2 on default port 37419] INFO  ha.SCMRatisServerImpl (SCMRatisServerImpl.java:addSCM(313)) - Successfully added new SCM: 0562147d-7bbf-459c-a71c-460e63cf1b3c.
2022-06-08 19:33:47,683 [Listener at 0.0.0.0/43831] INFO  ha.SCMHAManagerImpl (SCMHAManagerImpl.java:start(117)) - Successfully added SCM scmNode-3 to group group-E6E454DC87C0:[21888257-2f66-47c2-9c1a-f9078c9f78d9|rpc:localhost:43277|admin:|client:|dataStream:|priority:0, 2307c498-167f-43d9-87ae-3379131d0636|rpc:localhost:36931|admin:|client:|dataStream:|priority:0, 0562147d-7bbf-459c-a71c-460e63cf1b3c|rpc:localhost:36781|admin:|client:|dataStream:|priority:0]
2022-06-08 19:33:47,687 [Listener at 0.0.0.0/43831] INFO  ha.InterSCMGrpcService (InterSCMGrpcProtocolService.java:start(94)) - Starting SCM Grpc Service at port 36251
2022-06-08 19:33:47,691 [Listener at 0.0.0.0/43831] INFO  impl.MetricsSystemImpl (MetricsSystemImpl.java:init(158)) - StorageContainerManager metrics system started (again)
2022-06-08 19:33:47,705 [Listener at 0.0.0.0/43831] INFO  server.SCMClientProtocolServer (SCMClientProtocolServer.java:start(169)) - RPC server for Client  is listening at /0.0.0.0:43831
2022-06-08 19:33:47,707 [IPC Server Responder] INFO  ipc.Server (Server.java:run(1507)) - IPC Server Responder: starting
2022-06-08 19:33:47,707 [IPC Server listener on 43831] INFO  ipc.Server (Server.java:run(1344)) - IPC Server listener on 43831: starting
2022-06-08 19:33:47,716 [Listener at 0.0.0.0/43831] INFO  server.StorageContainerManager (StorageContainerManager.java:start(1423)) - ScmBlockLocationProtocol RPC server is listening at /0.0.0.0:42293
2022-06-08 19:33:47,717 [Listener at 0.0.0.0/43831] INFO  server.SCMBlockProtocolServer (SCMBlockProtocolServer.java:start(151)) - RPC server for Block Protocol is listening at /0.0.0.0:42293
2022-06-08 19:33:47,717 [IPC Server Responder] INFO  ipc.Server (Server.java:run(1507)) - IPC Server Responder: starting
2022-06-08 19:33:47,719 [IPC Server listener on 42293] INFO  ipc.Server (Server.java:run(1344)) - IPC Server listener on 42293: starting
2022-06-08 19:33:47,725 [Listener at 0.0.0.0/43831] INFO  http.BaseHttpServer (BaseHttpServer.java:newHttpServer2BuilderForOzone(209)) - Starting Web-server for scm at: http://0.0.0.0:38175
2022-06-08 19:33:47,725 [Listener at 0.0.0.0/43831] INFO  http.BaseHttpServer (BaseHttpServer.java:<init>(107)) - Hadoop Security Enabled: false Ozone Security Enabled: false Ozone HTTP Security Enabled: false 
2022-06-08 19:33:47,727 [Listener at 0.0.0.0/43831] INFO  server.AuthenticationFilter (AuthenticationFilter.java:constructSecretProvider(240)) - Unable to initialize FileSignerSecretProvider, falling back to use random secrets.
2022-06-08 19:33:47,730 [org.apache.hadoop.util.JvmPauseMonitor$Monitor@2d87648f] INFO  util.JvmPauseMonitor (JvmPauseMonitor.java:run(188)) - Starting JVM pause monitor
2022-06-08 19:33:47,730 [Listener at 0.0.0.0/43831] WARN  http.HttpRequestLog (HttpRequestLog.java:getRequestLog(103)) - Jetty request log can only be enabled using Log4j
2022-06-08 19:33:47,732 [Listener at 0.0.0.0/43831] INFO  http.HttpServer2 (HttpServer2.java:addGlobalFilter(1029)) - Added global filter 'safety' (class=org.apache.hadoop.hdds.server.http.HttpServer2$QuotingInputFilter)
2022-06-08 19:33:47,733 [Listener at 0.0.0.0/43831] INFO  http.HttpServer2 (HttpServer2.java:addFilter(1005)) - Added filter static_user_filter (class=org.apache.hadoop.http.lib.StaticUserWebFilter$StaticUserFilter) to context scm
2022-06-08 19:33:47,733 [Listener at 0.0.0.0/43831] INFO  http.HttpServer2 (HttpServer2.java:addFilter(1013)) - Added filter static_user_filter (class=org.apache.hadoop.http.lib.StaticUserWebFilter$StaticUserFilter) to context logs
2022-06-08 19:33:47,733 [Listener at 0.0.0.0/43831] INFO  http.HttpServer2 (HttpServer2.java:addFilter(1013)) - Added filter static_user_filter (class=org.apache.hadoop.http.lib.StaticUserWebFilter$StaticUserFilter) to context static
2022-06-08 19:33:47,735 [Listener at 0.0.0.0/43831] INFO  http.HttpServer2 (HttpServer2.java:bindListener(1248)) - Jetty bound to port 38175
2022-06-08 19:33:47,735 [Listener at 0.0.0.0/43831] INFO  server.Server (Server.java:doStart(375)) - jetty-9.4.43.v20210629; built: 2021-06-30T11:07:22.254Z; git: 526006ecfa3af7f1a27ef3a288e2bef7ea9dd7e8; jvm 1.8.0_332-b09
2022-06-08 19:33:47,739 [Listener at 0.0.0.0/43831] INFO  server.session (DefaultSessionIdManager.java:doStart(334)) - DefaultSessionIdManager workerName=node0
2022-06-08 19:33:47,739 [Listener at 0.0.0.0/43831] INFO  server.session (DefaultSessionIdManager.java:doStart(339)) - No SessionScavenger set, using defaults
2022-06-08 19:33:47,740 [Listener at 0.0.0.0/43831] INFO  server.session (HouseKeeper.java:startScavenging(132)) - node0 Scavenging every 660000ms
2022-06-08 19:33:47,740 [Listener at 0.0.0.0/43831] INFO  handler.ContextHandler (ContextHandler.java:doStart(915)) - Started o.e.j.s.ServletContextHandler@165e837c{logs,/logs,file:///home/runner/work/ozone/ozone/hadoop-ozone/integration-test/target/log,AVAILABLE}
2022-06-08 19:33:47,741 [Listener at 0.0.0.0/43831] INFO  handler.ContextHandler (ContextHandler.java:doStart(915)) - Started o.e.j.s.ServletContextHandler@4f39a35c{static,/static,file:///home/runner/work/ozone/ozone/hadoop-ozone/integration-test/target/test-classes/webapps/static,AVAILABLE}
2022-06-08 19:33:47,744 [Listener at 0.0.0.0/43831] INFO  handler.ContextHandler (ContextHandler.java:doStart(915)) - Started o.e.j.w.WebAppContext@a9c2bb3{scm,/,file:///home/runner/work/ozone/ozone/hadoop-ozone/integration-test/target/test-classes/webapps/scm/,AVAILABLE}{file:/home/runner/work/ozone/ozone/hadoop-ozone/integration-test/target/test-classes/webapps/scm}
2022-06-08 19:33:47,745 [Listener at 0.0.0.0/43831] INFO  server.AbstractConnector (AbstractConnector.java:doStart(331)) - Started ServerConnector@1c243f39{HTTP/1.1, (http/1.1)}{0.0.0.0:38175}
2022-06-08 19:33:47,745 [Listener at 0.0.0.0/43831] INFO  server.Server (Server.java:doStart(415)) - Started @22040ms
2022-06-08 19:33:47,745 [Listener at 0.0.0.0/43831] WARN  impl.MetricsSystemImpl (MetricsSystemImpl.java:register(279)) - Sink prometheus already exists!
2022-06-08 19:33:47,746 [Listener at 0.0.0.0/43831] INFO  http.BaseHttpServer (BaseHttpServer.java:updateConnectorAddress(329)) - HTTP server of scm listening at http://0.0.0.0:38175
2022-06-08 19:33:47,746 [Listener at 0.0.0.0/43831] INFO  ozone.MiniOzoneHAClusterImpl (MiniOzoneHAClusterImpl.java:createSCMService(600)) - Started SCM RPC server at /0.0.0.0:43831
2022-06-08 19:33:47,794 [Listener at 0.0.0.0/43831] INFO  audit.AuditLogger (AuditLogger.java:refreshDebugCmdSet(120)) - Refresh DebugCmdSet for OMAudit to [].
2022-06-08 19:33:47,867 [Listener at 0.0.0.0/43831] INFO  ha.OMHANodeDetails (OMHANodeDetails.java:loadOMHAConfig(121)) - ServiceID for OzoneManager is omServiceId1
2022-06-08 19:33:47,872 [Listener at 0.0.0.0/43831] INFO  ha.OMHANodeDetails (OMHANodeDetails.java:loadOMHAConfig(201)) - Found matching OM address with OMServiceId: omServiceId1, OMNodeId: omNode-1, RPC Address: localhost:43109 and Ratis port: 37093
2022-06-08 19:33:47,872 [Listener at 0.0.0.0/43831] INFO  ha.OMHANodeDetails (ConfUtils.java:setNodeSpecificConfigs(97)) - Setting configuration key ozone.om.http-address with value of key ozone.om.http-address.omServiceId1.omNode-1: 127.0.0.1:36601
2022-06-08 19:33:47,872 [Listener at 0.0.0.0/43831] INFO  ha.OMHANodeDetails (ConfUtils.java:setNodeSpecificConfigs(97)) - Setting configuration key ozone.om.https-address with value of key ozone.om.https-address.omServiceId1.omNode-1: 127.0.0.1:34971
2022-06-08 19:33:47,872 [Listener at 0.0.0.0/43831] INFO  ha.OMHANodeDetails (ConfUtils.java:setNodeSpecificConfigs(97)) - Setting configuration key ozone.om.address with value of key ozone.om.address.omServiceId1.omNode-1: 127.0.0.1:43109
2022-06-08 19:33:47,872 [Listener at 0.0.0.0/43831] WARN  server.ServerUtils (ServerUtils.java:getDBPath(225)) - ozone.om.db.dirs is not configured. We recommend adding this setting. Falling back to ozone.metadata.dirs instead.
2022-06-08 19:33:47,876 [Listener at 0.0.0.0/43831] INFO  ha.SCMNodeInfo (SCMNodeInfo.java:getPort(197)) - ConfigKey ozone.scm.client.address is deprecated, For configuring different ports for each SCM use PortConfigKey ozone.scm.client.port appended with serviceId and nodeId
2022-06-08 19:33:47,876 [Listener at 0.0.0.0/43831] INFO  ha.SCMNodeInfo (SCMNodeInfo.java:getPort(197)) - ConfigKey ozone.scm.block.client.address is deprecated, For configuring different ports for each SCM use PortConfigKey ozone.scm.block.client.port appended with serviceId and nodeId
2022-06-08 19:33:47,876 [Listener at 0.0.0.0/43831] INFO  ha.SCMNodeInfo (SCMNodeInfo.java:getPort(197)) - ConfigKey ozone.scm.datanode.address is deprecated, For configuring different ports for each SCM use PortConfigKey ozone.scm.datanode.port appended with serviceId and nodeId
2022-06-08 19:33:47,876 [Listener at 0.0.0.0/43831] INFO  ha.SCMNodeInfo (SCMNodeInfo.java:getPort(197)) - ConfigKey ozone.scm.client.address is deprecated, For configuring different ports for each SCM use PortConfigKey ozone.scm.client.port appended with serviceId and nodeId
2022-06-08 19:33:47,876 [Listener at 0.0.0.0/43831] INFO  ha.SCMNodeInfo (SCMNodeInfo.java:getPort(197)) - ConfigKey ozone.scm.block.client.address is deprecated, For configuring different ports for each SCM use PortConfigKey ozone.scm.block.client.port appended with serviceId and nodeId
2022-06-08 19:33:47,876 [Listener at 0.0.0.0/43831] INFO  ha.SCMNodeInfo (SCMNodeInfo.java:getPort(197)) - ConfigKey ozone.scm.datanode.address is deprecated, For configuring different ports for each SCM use PortConfigKey ozone.scm.datanode.port appended with serviceId and nodeId
2022-06-08 19:33:47,876 [Listener at 0.0.0.0/43831] INFO  ha.SCMNodeInfo (SCMNodeInfo.java:getPort(197)) - ConfigKey ozone.scm.client.address is deprecated, For configuring different ports for each SCM use PortConfigKey ozone.scm.client.port appended with serviceId and nodeId
2022-06-08 19:33:47,876 [Listener at 0.0.0.0/43831] INFO  ha.SCMNodeInfo (SCMNodeInfo.java:getPort(197)) - ConfigKey ozone.scm.block.client.address is deprecated, For configuring different ports for each SCM use PortConfigKey ozone.scm.block.client.port appended with serviceId and nodeId
2022-06-08 19:33:47,876 [Listener at 0.0.0.0/43831] INFO  ha.SCMNodeInfo (SCMNodeInfo.java:getPort(197)) - ConfigKey ozone.scm.datanode.address is deprecated, For configuring different ports for each SCM use PortConfigKey ozone.scm.datanode.port appended with serviceId and nodeId
2022-06-08 19:33:47,877 [Listener at 0.0.0.0/43831] INFO  proxy.SCMBlockLocationFailoverProxyProvider (SCMBlockLocationFailoverProxyProvider.java:<init>(114)) - Created block location fail-over proxy with 3 nodes: [nodeId=scmNode-2,nodeAddress=/127.0.0.1:45287, nodeId=scmNode-3,nodeAddress=/127.0.0.1:42293, nodeId=scmNode-1,nodeAddress=/127.0.0.1:37419]
OM initialization succeeded.Current cluster id for sd=/home/runner/work/ozone/ozone/hadoop-ozone/integration-test/target/test-dir/MiniOzoneClusterImpl-6ca4cc63-2561-4277-bbe7-e6e454dc87c0/omNode-1/om;cid=6ca4cc63-2561-4277-bbe7-e6e454dc87c0;layoutVersion=3
2022-06-08 19:33:47,895 [Listener at 0.0.0.0/43831] INFO  ha.OMHANodeDetails (OMHANodeDetails.java:loadOMHAConfig(121)) - ServiceID for OzoneManager is omServiceId1
2022-06-08 19:33:47,895 [Listener at 0.0.0.0/43831] INFO  ha.OMHANodeDetails (OMHANodeDetails.java:loadOMHAConfig(201)) - Found matching OM address with OMServiceId: omServiceId1, OMNodeId: omNode-1, RPC Address: localhost:43109 and Ratis port: 37093
2022-06-08 19:33:47,895 [Listener at 0.0.0.0/43831] INFO  ha.OMHANodeDetails (ConfUtils.java:setNodeSpecificConfigs(97)) - Setting configuration key ozone.om.http-address with value of key ozone.om.http-address.omServiceId1.omNode-1: 127.0.0.1:36601
2022-06-08 19:33:47,895 [Listener at 0.0.0.0/43831] INFO  ha.OMHANodeDetails (ConfUtils.java:setNodeSpecificConfigs(97)) - Setting configuration key ozone.om.https-address with value of key ozone.om.https-address.omServiceId1.omNode-1: 127.0.0.1:34971
2022-06-08 19:33:47,895 [Listener at 0.0.0.0/43831] INFO  ha.OMHANodeDetails (ConfUtils.java:setNodeSpecificConfigs(97)) - Setting configuration key ozone.om.address with value of key ozone.om.address.omServiceId1.omNode-1: 127.0.0.1:43109
2022-06-08 19:33:47,895 [Listener at 0.0.0.0/43831] WARN  server.ServerUtils (ServerUtils.java:getDBPath(225)) - ozone.om.db.dirs is not configured. We recommend adding this setting. Falling back to ozone.metadata.dirs instead.
2022-06-08 19:33:47,897 [Listener at 0.0.0.0/43831] INFO  upgrade.AbstractLayoutVersionManager (AbstractLayoutVersionManager.java:init(82)) - Initializing Layout version manager with metadata layout = MULTITENANCY_SCHEMA (version = 3), software layout = MULTITENANCY_SCHEMA (version = 3)
2022-06-08 19:33:47,977 [Listener at 0.0.0.0/43831] INFO  reflections.Reflections (Reflections.java:scan(232)) - Reflections took 76 ms to scan 2 urls, producing 153 keys and 431 values [using 2 cores]
2022-06-08 19:33:47,981 [Listener at 0.0.0.0/43831] INFO  upgrade.OMLayoutVersionManager (OMLayoutVersionManager.java:lambda$0(115)) - Skipping Upgrade Action MockOmUpgradeAction since it has been finalized.
2022-06-08 19:33:47,982 [Listener at 0.0.0.0/43831] WARN  server.ServerUtils (ServerUtils.java:getDBPath(225)) - ozone.om.db.dirs is not configured. We recommend adding this setting. Falling back to ozone.metadata.dirs instead.
2022-06-08 19:33:47,991 [Listener at 0.0.0.0/43831] INFO  ha.SCMNodeInfo (SCMNodeInfo.java:getPort(197)) - ConfigKey ozone.scm.client.address is deprecated, For configuring different ports for each SCM use PortConfigKey ozone.scm.client.port appended with serviceId and nodeId
2022-06-08 19:33:47,991 [Listener at 0.0.0.0/43831] INFO  ha.SCMNodeInfo (SCMNodeInfo.java:getPort(197)) - ConfigKey ozone.scm.block.client.address is deprecated, For configuring different ports for each SCM use PortConfigKey ozone.scm.block.client.port appended with serviceId and nodeId
2022-06-08 19:33:47,991 [Listener at 0.0.0.0/43831] INFO  ha.SCMNodeInfo (SCMNodeInfo.java:getPort(197)) - ConfigKey ozone.scm.datanode.address is deprecated, For configuring different ports for each SCM use PortConfigKey ozone.scm.datanode.port appended with serviceId and nodeId
2022-06-08 19:33:47,991 [Listener at 0.0.0.0/43831] INFO  ha.SCMNodeInfo (SCMNodeInfo.java:getPort(197)) - ConfigKey ozone.scm.client.address is deprecated, For configuring different ports for each SCM use PortConfigKey ozone.scm.client.port appended with serviceId and nodeId
2022-06-08 19:33:47,991 [Listener at 0.0.0.0/43831] INFO  ha.SCMNodeInfo (SCMNodeInfo.java:getPort(197)) - ConfigKey ozone.scm.block.client.address is deprecated, For configuring different ports for each SCM use PortConfigKey ozone.scm.block.client.port appended with serviceId and nodeId
2022-06-08 19:33:47,991 [Listener at 0.0.0.0/43831] INFO  ha.SCMNodeInfo (SCMNodeInfo.java:getPort(197)) - ConfigKey ozone.scm.datanode.address is deprecated, For configuring different ports for each SCM use PortConfigKey ozone.scm.datanode.port appended with serviceId and nodeId
2022-06-08 19:33:47,992 [Listener at 0.0.0.0/43831] INFO  ha.SCMNodeInfo (SCMNodeInfo.java:getPort(197)) - ConfigKey ozone.scm.client.address is deprecated, For configuring different ports for each SCM use PortConfigKey ozone.scm.client.port appended with serviceId and nodeId
2022-06-08 19:33:47,992 [Listener at 0.0.0.0/43831] INFO  ha.SCMNodeInfo (SCMNodeInfo.java:getPort(197)) - ConfigKey ozone.scm.block.client.address is deprecated, For configuring different ports for each SCM use PortConfigKey ozone.scm.block.client.port appended with serviceId and nodeId
2022-06-08 19:33:47,992 [Listener at 0.0.0.0/43831] INFO  ha.SCMNodeInfo (SCMNodeInfo.java:getPort(197)) - ConfigKey ozone.scm.datanode.address is deprecated, For configuring different ports for each SCM use PortConfigKey ozone.scm.datanode.port appended with serviceId and nodeId
2022-06-08 19:33:48,163 [Listener at 0.0.0.0/43831] INFO  ha.SCMNodeInfo (SCMNodeInfo.java:getPort(197)) - ConfigKey ozone.scm.client.address is deprecated, For configuring different ports for each SCM use PortConfigKey ozone.scm.client.port appended with serviceId and nodeId
2022-06-08 19:33:48,163 [Listener at 0.0.0.0/43831] INFO  ha.SCMNodeInfo (SCMNodeInfo.java:getPort(197)) - ConfigKey ozone.scm.block.client.address is deprecated, For configuring different ports for each SCM use PortConfigKey ozone.scm.block.client.port appended with serviceId and nodeId
2022-06-08 19:33:48,163 [Listener at 0.0.0.0/43831] INFO  ha.SCMNodeInfo (SCMNodeInfo.java:getPort(197)) - ConfigKey ozone.scm.datanode.address is deprecated, For configuring different ports for each SCM use PortConfigKey ozone.scm.datanode.port appended with serviceId and nodeId
2022-06-08 19:33:48,163 [Listener at 0.0.0.0/43831] INFO  ha.SCMNodeInfo (SCMNodeInfo.java:getPort(197)) - ConfigKey ozone.scm.client.address is deprecated, For configuring different ports for each SCM use PortConfigKey ozone.scm.client.port appended with serviceId and nodeId
2022-06-08 19:33:48,163 [Listener at 0.0.0.0/43831] INFO  ha.SCMNodeInfo (SCMNodeInfo.java:getPort(197)) - ConfigKey ozone.scm.block.client.address is deprecated, For configuring different ports for each SCM use PortConfigKey ozone.scm.block.client.port appended with serviceId and nodeId
2022-06-08 19:33:48,163 [Listener at 0.0.0.0/43831] INFO  ha.SCMNodeInfo (SCMNodeInfo.java:getPort(197)) - ConfigKey ozone.scm.datanode.address is deprecated, For configuring different ports for each SCM use PortConfigKey ozone.scm.datanode.port appended with serviceId and nodeId
2022-06-08 19:33:48,164 [Listener at 0.0.0.0/43831] INFO  ha.SCMNodeInfo (SCMNodeInfo.java:getPort(197)) - ConfigKey ozone.scm.client.address is deprecated, For configuring different ports for each SCM use PortConfigKey ozone.scm.client.port appended with serviceId and nodeId
2022-06-08 19:33:48,164 [Listener at 0.0.0.0/43831] INFO  ha.SCMNodeInfo (SCMNodeInfo.java:getPort(197)) - ConfigKey ozone.scm.block.client.address is deprecated, For configuring different ports for each SCM use PortConfigKey ozone.scm.block.client.port appended with serviceId and nodeId
2022-06-08 19:33:48,164 [Listener at 0.0.0.0/43831] INFO  ha.SCMNodeInfo (SCMNodeInfo.java:getPort(197)) - ConfigKey ozone.scm.datanode.address is deprecated, For configuring different ports for each SCM use PortConfigKey ozone.scm.datanode.port appended with serviceId and nodeId
2022-06-08 19:33:48,165 [Listener at 0.0.0.0/43831] INFO  proxy.SCMBlockLocationFailoverProxyProvider (SCMBlockLocationFailoverProxyProvider.java:<init>(114)) - Created block location fail-over proxy with 3 nodes: [nodeId=scmNode-2,nodeAddress=/127.0.0.1:45287, nodeId=scmNode-3,nodeAddress=/127.0.0.1:42293, nodeId=scmNode-1,nodeAddress=/127.0.0.1:37419]
2022-06-08 19:33:48,166 [Listener at 0.0.0.0/43831] INFO  ha.SCMNodeInfo (SCMNodeInfo.java:getPort(197)) - ConfigKey ozone.scm.client.address is deprecated, For configuring different ports for each SCM use PortConfigKey ozone.scm.client.port appended with serviceId and nodeId
2022-06-08 19:33:48,166 [Listener at 0.0.0.0/43831] INFO  ha.SCMNodeInfo (SCMNodeInfo.java:getPort(197)) - ConfigKey ozone.scm.block.client.address is deprecated, For configuring different ports for each SCM use PortConfigKey ozone.scm.block.client.port appended with serviceId and nodeId
2022-06-08 19:33:48,166 [Listener at 0.0.0.0/43831] INFO  ha.SCMNodeInfo (SCMNodeInfo.java:getPort(197)) - ConfigKey ozone.scm.datanode.address is deprecated, For configuring different ports for each SCM use PortConfigKey ozone.scm.datanode.port appended with serviceId and nodeId
2022-06-08 19:33:48,167 [Listener at 0.0.0.0/43831] INFO  ha.SCMNodeInfo (SCMNodeInfo.java:getPort(197)) - ConfigKey ozone.scm.client.address is deprecated, For configuring different ports for each SCM use PortConfigKey ozone.scm.client.port appended with serviceId and nodeId
2022-06-08 19:33:48,167 [Listener at 0.0.0.0/43831] INFO  ha.SCMNodeInfo (SCMNodeInfo.java:getPort(197)) - ConfigKey ozone.scm.block.client.address is deprecated, For configuring different ports for each SCM use PortConfigKey ozone.scm.block.client.port appended with serviceId and nodeId
2022-06-08 19:33:48,167 [Listener at 0.0.0.0/43831] INFO  ha.SCMNodeInfo (SCMNodeInfo.java:getPort(197)) - ConfigKey ozone.scm.datanode.address is deprecated, For configuring different ports for each SCM use PortConfigKey ozone.scm.datanode.port appended with serviceId and nodeId
2022-06-08 19:33:48,167 [Listener at 0.0.0.0/43831] INFO  ha.SCMNodeInfo (SCMNodeInfo.java:getPort(197)) - ConfigKey ozone.scm.client.address is deprecated, For configuring different ports for each SCM use PortConfigKey ozone.scm.client.port appended with serviceId and nodeId
2022-06-08 19:33:48,167 [Listener at 0.0.0.0/43831] INFO  ha.SCMNodeInfo (SCMNodeInfo.java:getPort(197)) - ConfigKey ozone.scm.block.client.address is deprecated, For configuring different ports for each SCM use PortConfigKey ozone.scm.block.client.port appended with serviceId and nodeId
2022-06-08 19:33:48,167 [Listener at 0.0.0.0/43831] INFO  ha.SCMNodeInfo (SCMNodeInfo.java:getPort(197)) - ConfigKey ozone.scm.datanode.address is deprecated, For configuring different ports for each SCM use PortConfigKey ozone.scm.datanode.port appended with serviceId and nodeId
2022-06-08 19:33:48,167 [Listener at 0.0.0.0/43831] INFO  proxy.SCMBlockLocationFailoverProxyProvider (SCMBlockLocationFailoverProxyProvider.java:<init>(114)) - Created block location fail-over proxy with 3 nodes: [nodeId=scmNode-2,nodeAddress=/127.0.0.1:45287, nodeId=scmNode-3,nodeAddress=/127.0.0.1:42293, nodeId=scmNode-1,nodeAddress=/127.0.0.1:37419]
2022-06-08 19:33:48,206 [Listener at 0.0.0.0/43831] WARN  server.ServerUtils (ServerUtils.java:getDBPath(225)) - ozone.om.db.dirs is not configured. We recommend adding this setting. Falling back to ozone.metadata.dirs instead.
2022-06-08 19:33:48,212 [Listener at 0.0.0.0/43831] INFO  codec.OmKeyInfoCodec (OmKeyInfoCodec.java:<init>(49)) - OmKeyInfoCodec ignorePipeline = true
2022-06-08 19:33:48,213 [Listener at 0.0.0.0/43831] INFO  codec.RepeatedOmKeyInfoCodec (RepeatedOmKeyInfoCodec.java:<init>(41)) - RepeatedOmKeyInfoCodec ignorePipeline = true
2022-06-08 19:33:48,587 [Listener at 0.0.0.0/43831] INFO  om.OzoneManager (OzoneManager.java:instantiateServices(689)) - S3 Multi-Tenancy is disabled
2022-06-08 19:33:48,662 [Listener at 0.0.0.0/43831] INFO  om.OzoneManager (OzoneManager.java:addS3GVolumeToDB(4241)) - Created Volume s3v With Owner runner required for S3Gateway operations.
2022-06-08 19:33:48,710 [Listener at 0.0.0.0/43831] WARN  server.ServerUtils (ServerUtils.java:getDefaultRatisDirectory(237)) - Storage directory for Ratis is not configured. It is a good idea to map this to an SSD disk. Falling back to ozone.metadata.dirs
2022-06-08 19:33:48,710 [Listener at 0.0.0.0/43831] WARN  utils.OzoneManagerRatisUtils (OzoneManagerRatisUtils.java:getOMRatisSnapshotDirectory(423)) - ozone.om.ratis.snapshot.dir is not configured. Falling back to ozone.metadata.dirs config
2022-06-08 19:33:48,715 [Listener at 0.0.0.0/43831] INFO  snapshot.OzoneManagerSnapshotProvider (OzoneManagerSnapshotProvider.java:<init>(76)) - Initializing OM Snapshot Provider
2022-06-08 19:33:48,813 [Listener at 0.0.0.0/43831] WARN  impl.MetricRegistriesImpl (MetricRegistriesImpl.java:addReporterRegistration(111)) - New reporters are added after registries were created. Some metrics will be missing from the reporter. Please add reporter before adding any new registry.
2022-06-08 19:33:48,813 [Listener at 0.0.0.0/43831] WARN  impl.MetricRegistriesImpl (MetricRegistriesImpl.java:addReporterRegistration(111)) - New reporters are added after registries were created. Some metrics will be missing from the reporter. Please add reporter before adding any new registry.
2022-06-08 19:33:48,814 [Listener at 0.0.0.0/43831] WARN  server.ServerUtils (ServerUtils.java:getDefaultRatisDirectory(237)) - Storage directory for Ratis is not configured. It is a good idea to map this to an SSD disk. Falling back to ozone.metadata.dirs
2022-06-08 19:33:48,816 [Listener at 0.0.0.0/43831] INFO  ratis.OzoneManagerRatisServer (OzoneManagerRatisServer.java:<init>(159)) - Instantiating OM Ratis server with groupID: omServiceId1 and peers: localhost:37093, localhost:36495, localhost:44297
2022-06-08 19:33:48,820 [Listener at 0.0.0.0/43831] INFO  ratis.OzoneManagerStateMachine (OzoneManagerStateMachine.java:loadSnapshotInfoFromDB(627)) - LastAppliedIndex is set from TransactionInfo from OM DB as (t:0, i:~)
2022-06-08 19:33:48,846 [Listener at 0.0.0.0/43831] INFO  server.RaftServer (ConfUtils.java:logGet(46)) - raft.rpc.type = GRPC (default)
2022-06-08 19:33:48,846 [Listener at 0.0.0.0/43831] INFO  grpc.GrpcFactory (GrpcFactory.java:checkPooledByteBufAllocatorUseCacheForAllThreads(48)) - PERFORMANCE WARNING: useCacheForAllThreads is true that may cause Netty to create a lot garbage objects and, as a result, trigger GC.
	It is recommended to disable useCacheForAllThreads by setting -Dorg.apache.ratis.thirdparty.io.netty.allocator.useCacheForAllThreads=false in command line.
2022-06-08 19:33:48,846 [Listener at 0.0.0.0/43831] INFO  grpc.GrpcConfigKeys (ConfUtils.java:logGet(46)) - raft.grpc.admin.port = -1 (default)
2022-06-08 19:33:48,846 [Listener at 0.0.0.0/43831] INFO  grpc.GrpcConfigKeys (ConfUtils.java:logGet(46)) - raft.grpc.server.port = 37093 (custom)
2022-06-08 19:33:48,846 [Listener at 0.0.0.0/43831] INFO  grpc.GrpcConfigKeys (ConfUtils.java:logGet(46)) - raft.grpc.client.port = -1 (default)
2022-06-08 19:33:48,846 [Listener at 0.0.0.0/43831] INFO  grpc.GrpcConfigKeys (ConfUtils.java:logGet(46)) - raft.grpc.server.port = 37093 (custom)
2022-06-08 19:33:48,847 [Listener at 0.0.0.0/43831] INFO  grpc.GrpcConfigKeys (ConfUtils.java:logGet(46)) - raft.grpc.server.port = 37093 (custom)
2022-06-08 19:33:48,847 [Listener at 0.0.0.0/43831] INFO  server.GrpcService (ConfUtils.java:logGet(46)) - raft.grpc.message.size.max = 33554432 (custom)
2022-06-08 19:33:48,847 [Listener at 0.0.0.0/43831] INFO  server.RaftServerConfigKeys (ConfUtils.java:logGet(46)) - raft.server.log.appender.buffer.byte-limit = 33554432 (custom)
2022-06-08 19:33:48,847 [Listener at 0.0.0.0/43831] INFO  server.GrpcService (ConfUtils.java:logGet(46)) - raft.grpc.flow.control.window = 1MB (=1048576) (default)
2022-06-08 19:33:48,847 [Listener at 0.0.0.0/43831] INFO  server.RaftServerConfigKeys (ConfUtils.java:logGet(46)) - raft.server.rpc.request.timeout = 3000ms (default)
2022-06-08 19:33:48,847 [Listener at 0.0.0.0/43831] INFO  grpc.GrpcConfigKeys (ConfUtils.java:logGet(46)) - raft.grpc.server.async.request.thread.pool.cached = true (default)
2022-06-08 19:33:48,847 [Listener at 0.0.0.0/43831] INFO  grpc.GrpcConfigKeys (ConfUtils.java:logGet(46)) - raft.grpc.server.async.request.thread.pool.size = 32 (default)
2022-06-08 19:33:48,848 [Listener at 0.0.0.0/43831] INFO  impl.DataStreamServerImpl (ConfUtils.java:logGet(46)) - raft.datastream.type = DISABLED (default)
2022-06-08 19:33:48,848 [Listener at 0.0.0.0/43831] INFO  server.RaftServerConfigKeys (ConfUtils.java:logGet(46)) - raft.server.threadpool.proxy.cached = true (default)
2022-06-08 19:33:48,848 [Listener at 0.0.0.0/43831] INFO  server.RaftServerConfigKeys (ConfUtils.java:logGet(46)) - raft.server.threadpool.proxy.size = 0 (default)
2022-06-08 19:33:48,849 [Listener at 0.0.0.0/43831] INFO  server.RaftServerConfigKeys (ConfUtils.java:logGet(46)) - raft.server.rpc.slowness.timeout = 2s (custom)
2022-06-08 19:33:48,849 [Listener at 0.0.0.0/43831] INFO  server.RaftServerConfigKeys (ConfUtils.java:logGet(46)) - raft.server.leaderelection.leader.step-down.wait-time = 10s (default)
2022-06-08 19:33:48,849 [Listener at 0.0.0.0/43831] INFO  server.RaftServerConfigKeys (ConfUtils.java:logGet(46)) - raft.server.storage.dir = [/home/runner/work/ozone/ozone/hadoop-ozone/integration-test/target/test-dir/MiniOzoneClusterImpl-6ca4cc63-2561-4277-bbe7-e6e454dc87c0/omNode-1/ratis] (custom)
2022-06-08 19:33:48,849 [Listener at 0.0.0.0/43831] INFO  server.RaftServer (RaftServerProxy.java:addNew(96)) - omNode-1: addNew group-6C22E66A003A:[omNode-3|rpc:localhost:36495|priority:0, omNode-1|rpc:localhost:37093|priority:0, omNode-2|rpc:localhost:44297|priority:0] returns group-6C22E66A003A:java.util.concurrent.CompletableFuture@57bb6c24[Not completed]
2022-06-08 19:33:48,850 [Listener at 0.0.0.0/43831] INFO  om.OzoneManager (OzoneManager.java:initializeRatisServer(1958)) - OzoneManager Ratis server initialized at port 37093
2022-06-08 19:33:48,850 [pool-123-thread-1] INFO  server.RaftServer$Division (RaftServerImpl.java:<init>(190)) - omNode-1: new RaftServerImpl for group-6C22E66A003A:[omNode-3|rpc:localhost:36495|priority:0, omNode-1|rpc:localhost:37093|priority:0, omNode-2|rpc:localhost:44297|priority:0] with OzoneManagerStateMachine:uninitialized
2022-06-08 19:33:48,850 [pool-123-thread-1] INFO  server.RaftServerConfigKeys (ConfUtils.java:logGet(46)) - raft.server.rpc.timeout.min = 1s (custom)
2022-06-08 19:33:48,850 [pool-123-thread-1] INFO  server.RaftServerConfigKeys (ConfUtils.java:logGet(46)) - raft.server.rpc.timeout.max = 1200ms (custom)
2022-06-08 19:33:48,851 [pool-123-thread-1] INFO  server.RaftServerConfigKeys (ConfUtils.java:logGet(46)) - raft.server.rpc.sleep.time = 25ms (default)
2022-06-08 19:33:48,851 [pool-123-thread-1] INFO  server.RaftServerConfigKeys (ConfUtils.java:logGet(46)) - raft.server.rpc.slowness.timeout = 2s (custom)
2022-06-08 19:33:48,851 [pool-123-thread-1] INFO  server.RaftServerConfigKeys (ConfUtils.java:logGet(46)) - raft.server.leaderelection.leader.step-down.wait-time = 10s (default)
2022-06-08 19:33:48,851 [pool-123-thread-1] INFO  server.RaftServerConfigKeys (ConfUtils.java:logGet(46)) - raft.server.sleep.deviation.threshold = 300ms (default)
2022-06-08 19:33:48,851 [pool-123-thread-1] INFO  server.RaftServer$Division (ServerState.java:<init>(107)) - omNode-1@group-6C22E66A003A: ConfigurationManager, init=-1: [omNode-3|rpc:localhost:36495|priority:0, omNode-1|rpc:localhost:37093|priority:0, omNode-2|rpc:localhost:44297|priority:0], old=null, confs=<EMPTY_MAP>
2022-06-08 19:33:48,851 [pool-123-thread-1] INFO  server.RaftServerConfigKeys (ConfUtils.java:logGet(46)) - raft.server.storage.dir = [/home/runner/work/ozone/ozone/hadoop-ozone/integration-test/target/test-dir/MiniOzoneClusterImpl-6ca4cc63-2561-4277-bbe7-e6e454dc87c0/omNode-1/ratis] (custom)
2022-06-08 19:33:48,851 [pool-123-thread-1] INFO  server.RaftServerConfigKeys (ConfUtils.java:logGet(46)) - raft.server.log.corruption.policy = EXCEPTION (default)
2022-06-08 19:33:48,851 [pool-123-thread-1] INFO  server.RaftServerConfigKeys (ConfUtils.java:logGet(46)) - raft.server.storage.free-space.min = 0MB (=0) (default)
2022-06-08 19:33:48,853 [pool-123-thread-1] INFO  storage.RaftStorageDirectory (RaftStorageDirectoryImpl.java:analyzeStorage(135)) - The storage directory /home/runner/work/ozone/ozone/hadoop-ozone/integration-test/target/test-dir/MiniOzoneClusterImpl-6ca4cc63-2561-4277-bbe7-e6e454dc87c0/omNode-1/ratis/9c9825ce-8ba7-3ee6-a7c3-6c22e66a003a does not exist. Creating ...
2022-06-08 19:33:48,854 [pool-123-thread-1] INFO  storage.RaftStorageDirectory (RaftStorageDirectoryImpl.java:tryLock(230)) - Lock on /home/runner/work/ozone/ozone/hadoop-ozone/integration-test/target/test-dir/MiniOzoneClusterImpl-6ca4cc63-2561-4277-bbe7-e6e454dc87c0/omNode-1/ratis/9c9825ce-8ba7-3ee6-a7c3-6c22e66a003a/in_use.lock acquired by nodename 20560@fv-az243-689
2022-06-08 19:33:48,859 [pool-123-thread-1] INFO  storage.RaftStorage (RaftStorageImpl.java:format(89)) - Storage directory /home/runner/work/ozone/ozone/hadoop-ozone/integration-test/target/test-dir/MiniOzoneClusterImpl-6ca4cc63-2561-4277-bbe7-e6e454dc87c0/omNode-1/ratis/9c9825ce-8ba7-3ee6-a7c3-6c22e66a003a has been successfully formatted.
2022-06-08 19:33:48,860 [pool-123-thread-1] INFO  server.RaftServerConfigKeys (ConfUtils.java:logGet(46)) - raft.server.notification.no-leader.timeout = 2s (custom)
2022-06-08 19:33:48,860 [pool-123-thread-1] INFO  server.RaftServerConfigKeys (ConfUtils.java:logGet(46)) - raft.server.log.use.memory = false (default)
2022-06-08 19:33:48,860 [pool-123-thread-1] INFO  server.RaftServerConfigKeys (ConfUtils.java:logGet(46)) - raft.server.log.purge.gap = 1000000 (custom)
2022-06-08 19:33:48,860 [pool-123-thread-1] INFO  server.RaftServerConfigKeys (ConfUtils.java:logGet(46)) - raft.server.log.appender.buffer.byte-limit = 33554432 (custom)
2022-06-08 19:33:48,860 [pool-123-thread-1] INFO  server.RaftServerConfigKeys (ConfUtils.java:logGet(46)) - raft.server.log.statemachine.data.read.timeout = 1000ms (default)
2022-06-08 19:33:48,862 [Listener at 0.0.0.0/43831] INFO  om.OzoneManager (OzoneManager.java:getRpcServer(1078)) - Creating RPC Server
2022-06-08 19:33:48,864 [pool-123-thread-1] INFO  server.RaftServerConfigKeys (ConfUtils.java:logGet(46)) - raft.server.log.segment.size.max = 4194304 (custom)
2022-06-08 19:33:48,864 [pool-123-thread-1] INFO  server.RaftServerConfigKeys (ConfUtils.java:logGet(46)) - raft.server.log.segment.cache.num.max = 2 (custom)
2022-06-08 19:33:48,865 [pool-123-thread-1] INFO  server.RaftServerConfigKeys (ConfUtils.java:logGet(46)) - raft.server.log.segment.cache.size.max = 200MB (=209715200) (default)
2022-06-08 19:33:48,865 [pool-123-thread-1] INFO  segmented.SegmentedRaftLogWorker (SegmentedRaftLogWorker.java:<init>(187)) - new omNode-1@group-6C22E66A003A-SegmentedRaftLogWorker for RaftStorageImpl:Storage Directory /home/runner/work/ozone/ozone/hadoop-ozone/integration-test/target/test-dir/MiniOzoneClusterImpl-6ca4cc63-2561-4277-bbe7-e6e454dc87c0/omNode-1/ratis/9c9825ce-8ba7-3ee6-a7c3-6c22e66a003a
2022-06-08 19:33:48,865 [pool-123-thread-1] INFO  server.RaftServerConfigKeys (ConfUtils.java:logGet(46)) - raft.server.log.queue.byte-limit = 64MB (=67108864) (default)
2022-06-08 19:33:48,865 [pool-123-thread-1] INFO  server.RaftServerConfigKeys (ConfUtils.java:logGet(46)) - raft.server.log.queue.element-limit = 4096 (default)
2022-06-08 19:33:48,865 [pool-123-thread-1] INFO  server.RaftServerConfigKeys (ConfUtils.java:logGet(46)) - raft.server.log.segment.size.max = 4194304 (custom)
2022-06-08 19:33:48,865 [pool-123-thread-1] INFO  server.RaftServerConfigKeys (ConfUtils.java:logGet(46)) - raft.server.log.preallocated.size = 4194304 (custom)
2022-06-08 19:33:48,865 [pool-123-thread-1] INFO  server.RaftServerConfigKeys (ConfUtils.java:logGet(46)) - raft.server.log.force.sync.num = 128 (default)
2022-06-08 19:33:48,865 [pool-123-thread-1] INFO  server.RaftServerConfigKeys (ConfUtils.java:logGet(46)) - raft.server.log.statemachine.data.sync = true (default)
2022-06-08 19:33:48,865 [pool-123-thread-1] INFO  server.RaftServerConfigKeys (ConfUtils.java:logGet(46)) - raft.server.log.statemachine.data.sync.timeout = 10s (default)
2022-06-08 19:33:48,865 [pool-123-thread-1] INFO  server.RaftServerConfigKeys (ConfUtils.java:logGet(46)) - raft.server.log.statemachine.data.sync.timeout.retry = -1 (default)
2022-06-08 19:33:48,866 [pool-123-thread-1] INFO  server.RaftServerConfigKeys (ConfUtils.java:logGet(46)) - raft.server.log.write.buffer.size = 64KB (=65536) (default)
2022-06-08 19:33:48,866 [pool-123-thread-1] INFO  server.RaftServerConfigKeys (ConfUtils.java:logGet(46)) - raft.server.log.unsafe-flush.enabled = false (default)
2022-06-08 19:33:48,866 [pool-123-thread-1] INFO  server.RaftServerConfigKeys (ConfUtils.java:logGet(46)) - raft.server.log.statemachine.data.caching.enabled = false (default)
2022-06-08 19:33:48,866 [pool-123-thread-1] INFO  segmented.SegmentedRaftLogWorker (SegmentedRaftLogWorker.java:lambda$new$0(135)) - omNode-1@group-6C22E66A003A-SegmentedRaftLogWorker: flushIndex: setUnconditionally 0 -> -1
2022-06-08 19:33:48,866 [pool-123-thread-1] INFO  segmented.SegmentedRaftLogWorker (SegmentedRaftLogWorker.java:lambda$new$0(135)) - omNode-1@group-6C22E66A003A-SegmentedRaftLogWorker: safeCacheEvictIndex: setUnconditionally 0 -> -1
2022-06-08 19:33:48,867 [pool-123-thread-1] INFO  server.RaftServerConfigKeys (ConfUtils.java:logGet(46)) - raft.server.snapshot.auto.trigger.enabled = true (custom)
2022-06-08 19:33:48,867 [pool-123-thread-1] INFO  server.RaftServerConfigKeys (ConfUtils.java:logGet(46)) - raft.server.snapshot.auto.trigger.threshold = 400000 (default)
2022-06-08 19:33:48,867 [pool-123-thread-1] INFO  server.RaftServerConfigKeys (ConfUtils.java:logGet(46)) - raft.server.snapshot.retention.file.num = -1 (default)
2022-06-08 19:33:48,867 [pool-123-thread-1] INFO  server.RaftServerConfigKeys (ConfUtils.java:logGet(46)) - raft.server.log.purge.upto.snapshot.index = true (custom)
2022-06-08 19:33:48,867 [pool-123-thread-1] INFO  server.RaftServerConfigKeys (ConfUtils.java:logGet(46)) - raft.server.retrycache.expirytime = 300s (custom)
2022-06-08 19:33:48,867 [pool-123-thread-1] INFO  server.RaftServerConfigKeys (ConfUtils.java:logGet(46)) - raft.server.retrycache.statistics.expirytime = 100μs (default)
2022-06-08 19:33:48,870 [pool-123-thread-1] INFO  server.RaftServerConfigKeys (ConfUtils.java:logGet(46)) - raft.server.log.appender.install.snapshot.enabled = false (custom)
2022-06-08 19:33:48,871 [pool-123-thread-1] INFO  server.RaftServerConfigKeys (ConfUtils.java:logGet(46)) - raft.server.threadpool.server.cached = true (default)
2022-06-08 19:33:48,871 [pool-123-thread-1] INFO  server.RaftServerConfigKeys (ConfUtils.java:logGet(46)) - raft.server.threadpool.server.size = 0 (default)
2022-06-08 19:33:48,871 [pool-123-thread-1] INFO  server.RaftServerConfigKeys (ConfUtils.java:logGet(46)) - raft.server.threadpool.client.cached = true (default)
2022-06-08 19:33:48,871 [pool-123-thread-1] INFO  server.RaftServerConfigKeys (ConfUtils.java:logGet(46)) - raft.server.threadpool.client.size = 0 (default)
2022-06-08 19:33:49,470 [Listener at 0.0.0.0/43831] INFO  reflections.Reflections (Reflections.java:scan(232)) - Reflections took 570 ms to scan 19 urls, producing 66 keys and 3980 values [using 2 cores]
2022-06-08 19:33:49,624 [Listener at 0.0.0.0/43831] INFO  ipc.CallQueueManager (CallQueueManager.java:<init>(90)) - Using callQueue: class java.util.concurrent.LinkedBlockingQueue, queueCapacity: 2000, scheduler: class org.apache.hadoop.ipc.DefaultRpcScheduler, ipcBackoff: false.
2022-06-08 19:33:49,625 [Socket Reader #1 for port 43109] INFO  ipc.Server (Server.java:run(1265)) - Starting Socket Reader #1 for port 43109
2022-06-08 19:33:49,659 [Listener at 127.0.0.1/43109] INFO  impl.MetricsSystemImpl (MetricsSystemImpl.java:init(158)) - OzoneManager metrics system started (again)
2022-06-08 19:33:49,671 [Listener at 127.0.0.1/43109] INFO  om.OzoneManager (OzoneManager.java:start(1462)) - OzoneManager RPC server is listening at localhost/127.0.0.1:43109
2022-06-08 19:33:49,671 [Listener at 127.0.0.1/43109] INFO  ratis.OzoneManagerRatisServer (OzoneManagerRatisServer.java:start(554)) - Starting OzoneManagerRatisServer omNode-1 at port 37093
2022-06-08 19:33:49,671 [omNode-1-impl-thread1] INFO  server.RaftServer$Division (RaftServerImpl.java:start(310)) - omNode-1@group-6C22E66A003A: start as a follower, conf=-1: [omNode-3|rpc:localhost:36495|priority:0, omNode-1|rpc:localhost:37093|priority:0, omNode-2|rpc:localhost:44297|priority:0], old=null
2022-06-08 19:33:49,672 [omNode-1-impl-thread1] INFO  server.RaftServer$Division (RaftServerImpl.java:setRole(299)) - omNode-1@group-6C22E66A003A: changes role from      null to FOLLOWER at term 0 for startAsFollower
2022-06-08 19:33:49,672 [omNode-1-impl-thread1] INFO  impl.RoleInfo (RoleInfo.java:updateAndGet(139)) - omNode-1: start omNode-1@group-6C22E66A003A-FollowerState
2022-06-08 19:33:49,672 [omNode-1-impl-thread1] INFO  util.JmxRegister (JmxRegister.java:tryRegister(44)) - Successfully registered JMX Bean with object name Ratis:service=RaftServer,group=group-6C22E66A003A,id=omNode-1
2022-06-08 19:33:49,684 [Listener at 127.0.0.1/43109] INFO  server.RaftServer (RaftServerProxy.java:lambda$start$6(382)) - omNode-1: start RPC server
2022-06-08 19:33:49,696 [Listener at 127.0.0.1/43109] INFO  server.GrpcService (GrpcService.java:startImpl(260)) - omNode-1: GrpcService started, listening on 37093
2022-06-08 19:33:49,699 [Listener at 127.0.0.1/43109] INFO  om.OzoneManager (OzoneManager.java:start(1478)) - Version File has different layout version (3) than OM DB (null). That is expected if this OM has never been finalized to a newer layout version.
2022-06-08 19:33:49,700 [org.apache.ratis.util.JvmPauseMonitor$$Lambda$519/1621292246@3330e806] INFO  util.JvmPauseMonitor (JvmPauseMonitor.java:run(103)) - JvmPauseMonitor-omNode-1: Started
2022-06-08 19:33:49,713 [Listener at 127.0.0.1/43109] INFO  http.BaseHttpServer (BaseHttpServer.java:newHttpServer2BuilderForOzone(209)) - Starting Web-server for ozoneManager at: http://0.0.0.0:36601
2022-06-08 19:33:49,713 [Listener at 127.0.0.1/43109] INFO  http.BaseHttpServer (BaseHttpServer.java:<init>(107)) - Hadoop Security Enabled: false Ozone Security Enabled: false Ozone HTTP Security Enabled: false 
2022-06-08 19:33:49,714 [Listener at 127.0.0.1/43109] INFO  server.AuthenticationFilter (AuthenticationFilter.java:constructSecretProvider(240)) - Unable to initialize FileSignerSecretProvider, falling back to use random secrets.
2022-06-08 19:33:49,716 [Listener at 127.0.0.1/43109] WARN  http.HttpRequestLog (HttpRequestLog.java:getRequestLog(103)) - Jetty request log can only be enabled using Log4j
2022-06-08 19:33:49,717 [Listener at 127.0.0.1/43109] INFO  http.HttpServer2 (HttpServer2.java:addGlobalFilter(1029)) - Added global filter 'safety' (class=org.apache.hadoop.hdds.server.http.HttpServer2$QuotingInputFilter)
2022-06-08 19:33:49,718 [Listener at 127.0.0.1/43109] INFO  http.HttpServer2 (HttpServer2.java:addFilter(1005)) - Added filter static_user_filter (class=org.apache.hadoop.http.lib.StaticUserWebFilter$StaticUserFilter) to context ozoneManager
2022-06-08 19:33:49,718 [Listener at 127.0.0.1/43109] INFO  http.HttpServer2 (HttpServer2.java:addFilter(1013)) - Added filter static_user_filter (class=org.apache.hadoop.http.lib.StaticUserWebFilter$StaticUserFilter) to context static
2022-06-08 19:33:49,718 [Listener at 127.0.0.1/43109] INFO  http.HttpServer2 (HttpServer2.java:addFilter(1013)) - Added filter static_user_filter (class=org.apache.hadoop.http.lib.StaticUserWebFilter$StaticUserFilter) to context logs
2022-06-08 19:33:49,720 [Listener at 127.0.0.1/43109] INFO  http.HttpServer2 (HttpServer2.java:bindListener(1248)) - Jetty bound to port 36601
2022-06-08 19:33:49,720 [Listener at 127.0.0.1/43109] INFO  server.Server (Server.java:doStart(375)) - jetty-9.4.43.v20210629; built: 2021-06-30T11:07:22.254Z; git: 526006ecfa3af7f1a27ef3a288e2bef7ea9dd7e8; jvm 1.8.0_332-b09
2022-06-08 19:33:49,722 [Listener at 127.0.0.1/43109] INFO  server.session (DefaultSessionIdManager.java:doStart(334)) - DefaultSessionIdManager workerName=node0
2022-06-08 19:33:49,722 [Listener at 127.0.0.1/43109] INFO  server.session (DefaultSessionIdManager.java:doStart(339)) - No SessionScavenger set, using defaults
2022-06-08 19:33:49,722 [Listener at 127.0.0.1/43109] INFO  server.session (HouseKeeper.java:startScavenging(132)) - node0 Scavenging every 660000ms
2022-06-08 19:33:49,723 [Listener at 127.0.0.1/43109] INFO  handler.ContextHandler (ContextHandler.java:doStart(915)) - Started o.e.j.s.ServletContextHandler@7826191a{logs,/logs,file:///home/runner/work/ozone/ozone/hadoop-ozone/integration-test/target/log,AVAILABLE}
2022-06-08 19:33:49,723 [Listener at 127.0.0.1/43109] INFO  handler.ContextHandler (ContextHandler.java:doStart(915)) - Started o.e.j.s.ServletContextHandler@18b7c13f{static,/static,file:///home/runner/work/ozone/ozone/hadoop-ozone/integration-test/target/test-classes/webapps/static,AVAILABLE}
2022-06-08 19:33:49,728 [Listener at 127.0.0.1/43109] INFO  handler.ContextHandler (ContextHandler.java:doStart(915)) - Started o.e.j.w.WebAppContext@71405b4f{ozoneManager,/,file:///home/runner/work/ozone/ozone/hadoop-ozone/integration-test/target/test-classes/webapps/ozoneManager/,AVAILABLE}{file:/home/runner/work/ozone/ozone/hadoop-ozone/integration-test/target/test-classes/webapps/ozoneManager}
2022-06-08 19:33:49,740 [Listener at 127.0.0.1/43109] INFO  server.AbstractConnector (AbstractConnector.java:doStart(331)) - Started ServerConnector@35c8fccc{HTTP/1.1, (http/1.1)}{0.0.0.0:36601}
2022-06-08 19:33:49,740 [Listener at 127.0.0.1/43109] INFO  server.Server (Server.java:doStart(415)) - Started @24035ms
2022-06-08 19:33:49,740 [Listener at 127.0.0.1/43109] WARN  impl.MetricsSystemImpl (MetricsSystemImpl.java:register(279)) - Sink prometheus already exists!
2022-06-08 19:33:49,741 [Listener at 127.0.0.1/43109] INFO  http.BaseHttpServer (BaseHttpServer.java:updateConnectorAddress(329)) - HTTP server of ozoneManager listening at http://0.0.0.0:36601
2022-06-08 19:33:49,741 [IPC Server Responder] INFO  ipc.Server (Server.java:run(1507)) - IPC Server Responder: starting
2022-06-08 19:33:49,742 [IPC Server listener on 43109] INFO  ipc.Server (Server.java:run(1344)) - IPC Server listener on 43109: starting
2022-06-08 19:33:49,743 [Listener at 127.0.0.1/43109] INFO  om.OzoneManager (OzoneManager.java:startTrashEmptier(1902)) - Trash Interval set to 0. Files deleted won't move to trash
2022-06-08 19:33:49,745 [Listener at 127.0.0.1/43109] INFO  ozone.MiniOzoneHAClusterImpl (MiniOzoneHAClusterImpl.java:createOMService(522)) - Started OzoneManager omNode-1 RPC server at localhost/127.0.0.1:43109
2022-06-08 19:33:49,746 [Listener at 127.0.0.1/43109] INFO  ha.OMHANodeDetails (OMHANodeDetails.java:loadOMHAConfig(121)) - ServiceID for OzoneManager is omServiceId1
2022-06-08 19:33:49,746 [Listener at 127.0.0.1/43109] INFO  ha.OMHANodeDetails (OMHANodeDetails.java:loadOMHAConfig(201)) - Found matching OM address with OMServiceId: omServiceId1, OMNodeId: omNode-2, RPC Address: localhost:34913 and Ratis port: 44297
2022-06-08 19:33:49,747 [Listener at 127.0.0.1/43109] INFO  ha.OMHANodeDetails (ConfUtils.java:setNodeSpecificConfigs(97)) - Setting configuration key ozone.om.http-address with value of key ozone.om.http-address.omServiceId1.omNode-2: 127.0.0.1:46251
2022-06-08 19:33:49,747 [Listener at 127.0.0.1/43109] INFO  ha.OMHANodeDetails (ConfUtils.java:setNodeSpecificConfigs(97)) - Setting configuration key ozone.om.https-address with value of key ozone.om.https-address.omServiceId1.omNode-2: 127.0.0.1:39717
2022-06-08 19:33:49,747 [Listener at 127.0.0.1/43109] INFO  ha.OMHANodeDetails (ConfUtils.java:setNodeSpecificConfigs(97)) - Setting configuration key ozone.om.address with value of key ozone.om.address.omServiceId1.omNode-2: 127.0.0.1:34913
2022-06-08 19:33:49,747 [Listener at 127.0.0.1/43109] WARN  server.ServerUtils (ServerUtils.java:getDBPath(225)) - ozone.om.db.dirs is not configured. We recommend adding this setting. Falling back to ozone.metadata.dirs instead.
2022-06-08 19:33:49,751 [org.apache.hadoop.util.JvmPauseMonitor$Monitor@62efabb0] INFO  util.JvmPauseMonitor (JvmPauseMonitor.java:run(188)) - Starting JVM pause monitor
2022-06-08 19:33:49,751 [Listener at 127.0.0.1/43109] INFO  ha.SCMNodeInfo (SCMNodeInfo.java:getPort(197)) - ConfigKey ozone.scm.client.address is deprecated, For configuring different ports for each SCM use PortConfigKey ozone.scm.client.port appended with serviceId and nodeId
2022-06-08 19:33:49,751 [Listener at 127.0.0.1/43109] INFO  ha.SCMNodeInfo (SCMNodeInfo.java:getPort(197)) - ConfigKey ozone.scm.block.client.address is deprecated, For configuring different ports for each SCM use PortConfigKey ozone.scm.block.client.port appended with serviceId and nodeId
2022-06-08 19:33:49,751 [Listener at 127.0.0.1/43109] INFO  ha.SCMNodeInfo (SCMNodeInfo.java:getPort(197)) - ConfigKey ozone.scm.datanode.address is deprecated, For configuring different ports for each SCM use PortConfigKey ozone.scm.datanode.port appended with serviceId and nodeId
2022-06-08 19:33:49,751 [Listener at 127.0.0.1/43109] INFO  ha.SCMNodeInfo (SCMNodeInfo.java:getPort(197)) - ConfigKey ozone.scm.client.address is deprecated, For configuring different ports for each SCM use PortConfigKey ozone.scm.client.port appended with serviceId and nodeId
2022-06-08 19:33:49,751 [Listener at 127.0.0.1/43109] INFO  ha.SCMNodeInfo (SCMNodeInfo.java:getPort(197)) - ConfigKey ozone.scm.block.client.address is deprecated, For configuring different ports for each SCM use PortConfigKey ozone.scm.block.client.port appended with serviceId and nodeId
2022-06-08 19:33:49,751 [Listener at 127.0.0.1/43109] INFO  ha.SCMNodeInfo (SCMNodeInfo.java:getPort(197)) - ConfigKey ozone.scm.datanode.address is deprecated, For configuring different ports for each SCM use PortConfigKey ozone.scm.datanode.port appended with serviceId and nodeId
2022-06-08 19:33:49,752 [Listener at 127.0.0.1/43109] INFO  ha.SCMNodeInfo (SCMNodeInfo.java:getPort(197)) - ConfigKey ozone.scm.client.address is deprecated, For configuring different ports for each SCM use PortConfigKey ozone.scm.client.port appended with serviceId and nodeId
2022-06-08 19:33:49,752 [Listener at 127.0.0.1/43109] INFO  ha.SCMNodeInfo (SCMNodeInfo.java:getPort(197)) - ConfigKey ozone.scm.block.client.address is deprecated, For configuring different ports for each SCM use PortConfigKey ozone.scm.block.client.port appended with serviceId and nodeId
2022-06-08 19:33:49,752 [Listener at 127.0.0.1/43109] INFO  ha.SCMNodeInfo (SCMNodeInfo.java:getPort(197)) - ConfigKey ozone.scm.datanode.address is deprecated, For configuring different ports for each SCM use PortConfigKey ozone.scm.datanode.port appended with serviceId and nodeId
2022-06-08 19:33:49,752 [Listener at 127.0.0.1/43109] INFO  proxy.SCMBlockLocationFailoverProxyProvider (SCMBlockLocationFailoverProxyProvider.java:<init>(114)) - Created block location fail-over proxy with 3 nodes: [nodeId=scmNode-2,nodeAddress=/127.0.0.1:45287, nodeId=scmNode-3,nodeAddress=/127.0.0.1:42293, nodeId=scmNode-1,nodeAddress=/127.0.0.1:37419]
OM initialization succeeded.Current cluster id for sd=/home/runner/work/ozone/ozone/hadoop-ozone/integration-test/target/test-dir/MiniOzoneClusterImpl-6ca4cc63-2561-4277-bbe7-e6e454dc87c0/omNode-2/om;cid=6ca4cc63-2561-4277-bbe7-e6e454dc87c0;layoutVersion=3
2022-06-08 19:33:49,774 [Listener at 127.0.0.1/43109] INFO  ha.OMHANodeDetails (OMHANodeDetails.java:loadOMHAConfig(121)) - ServiceID for OzoneManager is omServiceId1
2022-06-08 19:33:49,774 [Listener at 127.0.0.1/43109] INFO  ha.OMHANodeDetails (OMHANodeDetails.java:loadOMHAConfig(201)) - Found matching OM address with OMServiceId: omServiceId1, OMNodeId: omNode-2, RPC Address: localhost:34913 and Ratis port: 44297
2022-06-08 19:33:49,774 [Listener at 127.0.0.1/43109] INFO  ha.OMHANodeDetails (ConfUtils.java:setNodeSpecificConfigs(97)) - Setting configuration key ozone.om.http-address with value of key ozone.om.http-address.omServiceId1.omNode-2: 127.0.0.1:46251
2022-06-08 19:33:49,775 [Listener at 127.0.0.1/43109] INFO  ha.OMHANodeDetails (ConfUtils.java:setNodeSpecificConfigs(97)) - Setting configuration key ozone.om.https-address with value of key ozone.om.https-address.omServiceId1.omNode-2: 127.0.0.1:39717
2022-06-08 19:33:49,775 [Listener at 127.0.0.1/43109] INFO  ha.OMHANodeDetails (ConfUtils.java:setNodeSpecificConfigs(97)) - Setting configuration key ozone.om.address with value of key ozone.om.address.omServiceId1.omNode-2: 127.0.0.1:34913
2022-06-08 19:33:49,775 [Listener at 127.0.0.1/43109] WARN  server.ServerUtils (ServerUtils.java:getDBPath(225)) - ozone.om.db.dirs is not configured. We recommend adding this setting. Falling back to ozone.metadata.dirs instead.
2022-06-08 19:33:49,775 [Listener at 127.0.0.1/43109] INFO  upgrade.AbstractLayoutVersionManager (AbstractLayoutVersionManager.java:init(82)) - Initializing Layout version manager with metadata layout = MULTITENANCY_SCHEMA (version = 3), software layout = MULTITENANCY_SCHEMA (version = 3)
2022-06-08 19:33:49,843 [Listener at 127.0.0.1/43109] INFO  reflections.Reflections (Reflections.java:scan(232)) - Reflections took 66 ms to scan 2 urls, producing 153 keys and 431 values [using 2 cores]
2022-06-08 19:33:49,843 [Listener at 127.0.0.1/43109] INFO  upgrade.OMLayoutVersionManager (OMLayoutVersionManager.java:lambda$0(115)) - Skipping Upgrade Action MockOmUpgradeAction since it has been finalized.
2022-06-08 19:33:49,843 [Listener at 127.0.0.1/43109] WARN  server.ServerUtils (ServerUtils.java:getDBPath(225)) - ozone.om.db.dirs is not configured. We recommend adding this setting. Falling back to ozone.metadata.dirs instead.
2022-06-08 19:33:49,843 [Listener at 127.0.0.1/43109] INFO  ha.SCMNodeInfo (SCMNodeInfo.java:getPort(197)) - ConfigKey ozone.scm.client.address is deprecated, For configuring different ports for each SCM use PortConfigKey ozone.scm.client.port appended with serviceId and nodeId
2022-06-08 19:33:49,843 [Listener at 127.0.0.1/43109] INFO  ha.SCMNodeInfo (SCMNodeInfo.java:getPort(197)) - ConfigKey ozone.scm.block.client.address is deprecated, For configuring different ports for each SCM use PortConfigKey ozone.scm.block.client.port appended with serviceId and nodeId
2022-06-08 19:33:49,843 [Listener at 127.0.0.1/43109] INFO  ha.SCMNodeInfo (SCMNodeInfo.java:getPort(197)) - ConfigKey ozone.scm.datanode.address is deprecated, For configuring different ports for each SCM use PortConfigKey ozone.scm.datanode.port appended with serviceId and nodeId
2022-06-08 19:33:49,844 [Listener at 127.0.0.1/43109] INFO  ha.SCMNodeInfo (SCMNodeInfo.java:getPort(197)) - ConfigKey ozone.scm.client.address is deprecated, For configuring different ports for each SCM use PortConfigKey ozone.scm.client.port appended with serviceId and nodeId
2022-06-08 19:33:49,844 [Listener at 127.0.0.1/43109] INFO  ha.SCMNodeInfo (SCMNodeInfo.java:getPort(197)) - ConfigKey ozone.scm.block.client.address is deprecated, For configuring different ports for each SCM use PortConfigKey ozone.scm.block.client.port appended with serviceId and nodeId
2022-06-08 19:33:49,844 [Listener at 127.0.0.1/43109] INFO  ha.SCMNodeInfo (SCMNodeInfo.java:getPort(197)) - ConfigKey ozone.scm.datanode.address is deprecated, For configuring different ports for each SCM use PortConfigKey ozone.scm.datanode.port appended with serviceId and nodeId
2022-06-08 19:33:49,844 [Listener at 127.0.0.1/43109] INFO  ha.SCMNodeInfo (SCMNodeInfo.java:getPort(197)) - ConfigKey ozone.scm.client.address is deprecated, For configuring different ports for each SCM use PortConfigKey ozone.scm.client.port appended with serviceId and nodeId
2022-06-08 19:33:49,844 [Listener at 127.0.0.1/43109] INFO  ha.SCMNodeInfo (SCMNodeInfo.java:getPort(197)) - ConfigKey ozone.scm.block.client.address is deprecated, For configuring different ports for each SCM use PortConfigKey ozone.scm.block.client.port appended with serviceId and nodeId
2022-06-08 19:33:49,844 [Listener at 127.0.0.1/43109] INFO  ha.SCMNodeInfo (SCMNodeInfo.java:getPort(197)) - ConfigKey ozone.scm.datanode.address is deprecated, For configuring different ports for each SCM use PortConfigKey ozone.scm.datanode.port appended with serviceId and nodeId
2022-06-08 19:33:49,844 [Listener at 127.0.0.1/43109] INFO  ha.SCMNodeInfo (SCMNodeInfo.java:getPort(197)) - ConfigKey ozone.scm.client.address is deprecated, For configuring different ports for each SCM use PortConfigKey ozone.scm.client.port appended with serviceId and nodeId
2022-06-08 19:33:49,844 [Listener at 127.0.0.1/43109] INFO  ha.SCMNodeInfo (SCMNodeInfo.java:getPort(197)) - ConfigKey ozone.scm.block.client.address is deprecated, For configuring different ports for each SCM use PortConfigKey ozone.scm.block.client.port appended with serviceId and nodeId
2022-06-08 19:33:49,844 [Listener at 127.0.0.1/43109] INFO  ha.SCMNodeInfo (SCMNodeInfo.java:getPort(197)) - ConfigKey ozone.scm.datanode.address is deprecated, For configuring different ports for each SCM use PortConfigKey ozone.scm.datanode.port appended with serviceId and nodeId
2022-06-08 19:33:49,844 [Listener at 127.0.0.1/43109] INFO  ha.SCMNodeInfo (SCMNodeInfo.java:getPort(197)) - ConfigKey ozone.scm.client.address is deprecated, For configuring different ports for each SCM use PortConfigKey ozone.scm.client.port appended with serviceId and nodeId
2022-06-08 19:33:49,844 [Listener at 127.0.0.1/43109] INFO  ha.SCMNodeInfo (SCMNodeInfo.java:getPort(197)) - ConfigKey ozone.scm.block.client.address is deprecated, For configuring different ports for each SCM use PortConfigKey ozone.scm.block.client.port appended with serviceId and nodeId
2022-06-08 19:33:49,844 [Listener at 127.0.0.1/43109] INFO  ha.SCMNodeInfo (SCMNodeInfo.java:getPort(197)) - ConfigKey ozone.scm.datanode.address is deprecated, For configuring different ports for each SCM use PortConfigKey ozone.scm.datanode.port appended with serviceId and nodeId
2022-06-08 19:33:49,844 [Listener at 127.0.0.1/43109] INFO  ha.SCMNodeInfo (SCMNodeInfo.java:getPort(197)) - ConfigKey ozone.scm.client.address is deprecated, For configuring different ports for each SCM use PortConfigKey ozone.scm.client.port appended with serviceId and nodeId
2022-06-08 19:33:49,845 [Listener at 127.0.0.1/43109] INFO  ha.SCMNodeInfo (SCMNodeInfo.java:getPort(197)) - ConfigKey ozone.scm.block.client.address is deprecated, For configuring different ports for each SCM use PortConfigKey ozone.scm.block.client.port appended with serviceId and nodeId
2022-06-08 19:33:49,845 [Listener at 127.0.0.1/43109] INFO  ha.SCMNodeInfo (SCMNodeInfo.java:getPort(197)) - ConfigKey ozone.scm.datanode.address is deprecated, For configuring different ports for each SCM use PortConfigKey ozone.scm.datanode.port appended with serviceId and nodeId
2022-06-08 19:33:49,845 [Listener at 127.0.0.1/43109] INFO  proxy.SCMBlockLocationFailoverProxyProvider (SCMBlockLocationFailoverProxyProvider.java:<init>(114)) - Created block location fail-over proxy with 3 nodes: [nodeId=scmNode-2,nodeAddress=/127.0.0.1:45287, nodeId=scmNode-3,nodeAddress=/127.0.0.1:42293, nodeId=scmNode-1,nodeAddress=/127.0.0.1:37419]
2022-06-08 19:33:49,846 [Listener at 127.0.0.1/43109] INFO  ha.SCMNodeInfo (SCMNodeInfo.java:getPort(197)) - ConfigKey ozone.scm.client.address is deprecated, For configuring different ports for each SCM use PortConfigKey ozone.scm.client.port appended with serviceId and nodeId
2022-06-08 19:33:49,846 [Listener at 127.0.0.1/43109] INFO  ha.SCMNodeInfo (SCMNodeInfo.java:getPort(197)) - ConfigKey ozone.scm.block.client.address is deprecated, For configuring different ports for each SCM use PortConfigKey ozone.scm.block.client.port appended with serviceId and nodeId
2022-06-08 19:33:49,846 [Listener at 127.0.0.1/43109] INFO  ha.SCMNodeInfo (SCMNodeInfo.java:getPort(197)) - ConfigKey ozone.scm.datanode.address is deprecated, For configuring different ports for each SCM use PortConfigKey ozone.scm.datanode.port appended with serviceId and nodeId
2022-06-08 19:33:49,846 [Listener at 127.0.0.1/43109] INFO  ha.SCMNodeInfo (SCMNodeInfo.java:getPort(197)) - ConfigKey ozone.scm.client.address is deprecated, For configuring different ports for each SCM use PortConfigKey ozone.scm.client.port appended with serviceId and nodeId
2022-06-08 19:33:49,846 [Listener at 127.0.0.1/43109] INFO  ha.SCMNodeInfo (SCMNodeInfo.java:getPort(197)) - ConfigKey ozone.scm.block.client.address is deprecated, For configuring different ports for each SCM use PortConfigKey ozone.scm.block.client.port appended with serviceId and nodeId
2022-06-08 19:33:49,846 [Listener at 127.0.0.1/43109] INFO  ha.SCMNodeInfo (SCMNodeInfo.java:getPort(197)) - ConfigKey ozone.scm.datanode.address is deprecated, For configuring different ports for each SCM use PortConfigKey ozone.scm.datanode.port appended with serviceId and nodeId
2022-06-08 19:33:49,846 [Listener at 127.0.0.1/43109] INFO  ha.SCMNodeInfo (SCMNodeInfo.java:getPort(197)) - ConfigKey ozone.scm.client.address is deprecated, For configuring different ports for each SCM use PortConfigKey ozone.scm.client.port appended with serviceId and nodeId
2022-06-08 19:33:49,846 [Listener at 127.0.0.1/43109] INFO  ha.SCMNodeInfo (SCMNodeInfo.java:getPort(197)) - ConfigKey ozone.scm.block.client.address is deprecated, For configuring different ports for each SCM use PortConfigKey ozone.scm.block.client.port appended with serviceId and nodeId
2022-06-08 19:33:49,846 [Listener at 127.0.0.1/43109] INFO  ha.SCMNodeInfo (SCMNodeInfo.java:getPort(197)) - ConfigKey ozone.scm.datanode.address is deprecated, For configuring different ports for each SCM use PortConfigKey ozone.scm.datanode.port appended with serviceId and nodeId
2022-06-08 19:33:49,846 [Listener at 127.0.0.1/43109] INFO  proxy.SCMBlockLocationFailoverProxyProvider (SCMBlockLocationFailoverProxyProvider.java:<init>(114)) - Created block location fail-over proxy with 3 nodes: [nodeId=scmNode-2,nodeAddress=/127.0.0.1:45287, nodeId=scmNode-3,nodeAddress=/127.0.0.1:42293, nodeId=scmNode-1,nodeAddress=/127.0.0.1:37419]
2022-06-08 19:33:49,853 [Listener at 127.0.0.1/43109] WARN  server.ServerUtils (ServerUtils.java:getDBPath(225)) - ozone.om.db.dirs is not configured. We recommend adding this setting. Falling back to ozone.metadata.dirs instead.
2022-06-08 19:33:49,855 [Listener at 127.0.0.1/43109] INFO  codec.OmKeyInfoCodec (OmKeyInfoCodec.java:<init>(49)) - OmKeyInfoCodec ignorePipeline = true
2022-06-08 19:33:49,855 [Listener at 127.0.0.1/43109] INFO  codec.RepeatedOmKeyInfoCodec (RepeatedOmKeyInfoCodec.java:<init>(41)) - RepeatedOmKeyInfoCodec ignorePipeline = true
2022-06-08 19:33:50,239 [Listener at 127.0.0.1/43109] INFO  om.OzoneManager (OzoneManager.java:instantiateServices(689)) - S3 Multi-Tenancy is disabled
2022-06-08 19:33:50,241 [Listener at 127.0.0.1/43109] INFO  om.OzoneManager (OzoneManager.java:addS3GVolumeToDB(4241)) - Created Volume s3v With Owner runner required for S3Gateway operations.
2022-06-08 19:33:50,241 [Listener at 127.0.0.1/43109] WARN  server.ServerUtils (ServerUtils.java:getDefaultRatisDirectory(237)) - Storage directory for Ratis is not configured. It is a good idea to map this to an SSD disk. Falling back to ozone.metadata.dirs
2022-06-08 19:33:50,241 [Listener at 127.0.0.1/43109] WARN  utils.OzoneManagerRatisUtils (OzoneManagerRatisUtils.java:getOMRatisSnapshotDirectory(423)) - ozone.om.ratis.snapshot.dir is not configured. Falling back to ozone.metadata.dirs config
2022-06-08 19:33:50,241 [Listener at 127.0.0.1/43109] INFO  snapshot.OzoneManagerSnapshotProvider (OzoneManagerSnapshotProvider.java:<init>(76)) - Initializing OM Snapshot Provider
2022-06-08 19:33:50,243 [Listener at 127.0.0.1/43109] WARN  impl.MetricRegistriesImpl (MetricRegistriesImpl.java:addReporterRegistration(111)) - New reporters are added after registries were created. Some metrics will be missing from the reporter. Please add reporter before adding any new registry.
2022-06-08 19:33:50,243 [Listener at 127.0.0.1/43109] WARN  impl.MetricRegistriesImpl (MetricRegistriesImpl.java:addReporterRegistration(111)) - New reporters are added after registries were created. Some metrics will be missing from the reporter. Please add reporter before adding any new registry.
2022-06-08 19:33:50,243 [Listener at 127.0.0.1/43109] WARN  server.ServerUtils (ServerUtils.java:getDefaultRatisDirectory(237)) - Storage directory for Ratis is not configured. It is a good idea to map this to an SSD disk. Falling back to ozone.metadata.dirs
2022-06-08 19:33:50,244 [Listener at 127.0.0.1/43109] INFO  ratis.OzoneManagerRatisServer (OzoneManagerRatisServer.java:<init>(159)) - Instantiating OM Ratis server with groupID: omServiceId1 and peers: localhost:44297, localhost:36495, localhost:37093
2022-06-08 19:33:50,244 [Listener at 127.0.0.1/43109] INFO  ratis.OzoneManagerStateMachine (OzoneManagerStateMachine.java:loadSnapshotInfoFromDB(627)) - LastAppliedIndex is set from TransactionInfo from OM DB as (t:0, i:~)
2022-06-08 19:33:50,245 [Listener at 127.0.0.1/43109] INFO  server.RaftServer (ConfUtils.java:logGet(46)) - raft.rpc.type = GRPC (default)
2022-06-08 19:33:50,245 [Listener at 127.0.0.1/43109] INFO  grpc.GrpcFactory (GrpcFactory.java:checkPooledByteBufAllocatorUseCacheForAllThreads(48)) - PERFORMANCE WARNING: useCacheForAllThreads is true that may cause Netty to create a lot garbage objects and, as a result, trigger GC.
	It is recommended to disable useCacheForAllThreads by setting -Dorg.apache.ratis.thirdparty.io.netty.allocator.useCacheForAllThreads=false in command line.
2022-06-08 19:33:50,245 [Listener at 127.0.0.1/43109] INFO  grpc.GrpcConfigKeys (ConfUtils.java:logGet(46)) - raft.grpc.admin.port = -1 (default)
2022-06-08 19:33:50,245 [Listener at 127.0.0.1/43109] INFO  grpc.GrpcConfigKeys (ConfUtils.java:logGet(46)) - raft.grpc.server.port = 44297 (custom)
2022-06-08 19:33:50,245 [Listener at 127.0.0.1/43109] INFO  grpc.GrpcConfigKeys (ConfUtils.java:logGet(46)) - raft.grpc.client.port = -1 (default)
2022-06-08 19:33:50,245 [Listener at 127.0.0.1/43109] INFO  grpc.GrpcConfigKeys (ConfUtils.java:logGet(46)) - raft.grpc.server.port = 44297 (custom)
2022-06-08 19:33:50,246 [Listener at 127.0.0.1/43109] INFO  grpc.GrpcConfigKeys (ConfUtils.java:logGet(46)) - raft.grpc.server.port = 44297 (custom)
2022-06-08 19:33:50,246 [Listener at 127.0.0.1/43109] INFO  server.GrpcService (ConfUtils.java:logGet(46)) - raft.grpc.message.size.max = 33554432 (custom)
2022-06-08 19:33:50,246 [Listener at 127.0.0.1/43109] INFO  server.RaftServerConfigKeys (ConfUtils.java:logGet(46)) - raft.server.log.appender.buffer.byte-limit = 33554432 (custom)
2022-06-08 19:33:50,246 [Listener at 127.0.0.1/43109] INFO  server.GrpcService (ConfUtils.java:logGet(46)) - raft.grpc.flow.control.window = 1MB (=1048576) (default)
2022-06-08 19:33:50,246 [Listener at 127.0.0.1/43109] INFO  server.RaftServerConfigKeys (ConfUtils.java:logGet(46)) - raft.server.rpc.request.timeout = 3000ms (default)
2022-06-08 19:33:50,246 [Listener at 127.0.0.1/43109] INFO  grpc.GrpcConfigKeys (ConfUtils.java:logGet(46)) - raft.grpc.server.async.request.thread.pool.cached = true (default)
2022-06-08 19:33:50,246 [Listener at 127.0.0.1/43109] INFO  grpc.GrpcConfigKeys (ConfUtils.java:logGet(46)) - raft.grpc.server.async.request.thread.pool.size = 32 (default)
2022-06-08 19:33:50,247 [Listener at 127.0.0.1/43109] INFO  impl.DataStreamServerImpl (ConfUtils.java:logGet(46)) - raft.datastream.type = DISABLED (default)
2022-06-08 19:33:50,247 [Listener at 127.0.0.1/43109] INFO  server.RaftServerConfigKeys (ConfUtils.java:logGet(46)) - raft.server.threadpool.proxy.cached = true (default)
2022-06-08 19:33:50,247 [Listener at 127.0.0.1/43109] INFO  server.RaftServerConfigKeys (ConfUtils.java:logGet(46)) - raft.server.threadpool.proxy.size = 0 (default)
2022-06-08 19:33:50,247 [Listener at 127.0.0.1/43109] INFO  server.RaftServerConfigKeys (ConfUtils.java:logGet(46)) - raft.server.rpc.slowness.timeout = 2s (custom)
2022-06-08 19:33:50,248 [Listener at 127.0.0.1/43109] INFO  server.RaftServerConfigKeys (ConfUtils.java:logGet(46)) - raft.server.leaderelection.leader.step-down.wait-time = 10s (default)
2022-06-08 19:33:50,248 [Listener at 127.0.0.1/43109] INFO  server.RaftServerConfigKeys (ConfUtils.java:logGet(46)) - raft.server.storage.dir = [/home/runner/work/ozone/ozone/hadoop-ozone/integration-test/target/test-dir/MiniOzoneClusterImpl-6ca4cc63-2561-4277-bbe7-e6e454dc87c0/omNode-2/ratis] (custom)
2022-06-08 19:33:50,249 [Listener at 127.0.0.1/43109] INFO  server.RaftServer (RaftServerProxy.java:addNew(96)) - omNode-2: addNew group-6C22E66A003A:[omNode-3|rpc:localhost:36495|priority:0, omNode-1|rpc:localhost:37093|priority:0, omNode-2|rpc:localhost:44297|priority:0] returns group-6C22E66A003A:java.util.concurrent.CompletableFuture@3b17fe7[Not completed]
2022-06-08 19:33:50,249 [Listener at 127.0.0.1/43109] INFO  om.OzoneManager (OzoneManager.java:initializeRatisServer(1958)) - OzoneManager Ratis server initialized at port 44297
2022-06-08 19:33:50,251 [Listener at 127.0.0.1/43109] INFO  om.OzoneManager (OzoneManager.java:getRpcServer(1078)) - Creating RPC Server
2022-06-08 19:33:50,252 [pool-149-thread-1] INFO  server.RaftServer$Division (RaftServerImpl.java:<init>(190)) - omNode-2: new RaftServerImpl for group-6C22E66A003A:[omNode-3|rpc:localhost:36495|priority:0, omNode-1|rpc:localhost:37093|priority:0, omNode-2|rpc:localhost:44297|priority:0] with OzoneManagerStateMachine:uninitialized
2022-06-08 19:33:50,252 [pool-149-thread-1] INFO  server.RaftServerConfigKeys (ConfUtils.java:logGet(46)) - raft.server.rpc.timeout.min = 1s (custom)
2022-06-08 19:33:50,252 [pool-149-thread-1] INFO  server.RaftServerConfigKeys (ConfUtils.java:logGet(46)) - raft.server.rpc.timeout.max = 1200ms (custom)
2022-06-08 19:33:50,252 [pool-149-thread-1] INFO  server.RaftServerConfigKeys (ConfUtils.java:logGet(46)) - raft.server.rpc.sleep.time = 25ms (default)
2022-06-08 19:33:50,252 [pool-149-thread-1] INFO  server.RaftServerConfigKeys (ConfUtils.java:logGet(46)) - raft.server.rpc.slowness.timeout = 2s (custom)
2022-06-08 19:33:50,252 [pool-149-thread-1] INFO  server.RaftServerConfigKeys (ConfUtils.java:logGet(46)) - raft.server.leaderelection.leader.step-down.wait-time = 10s (default)
2022-06-08 19:33:50,252 [pool-149-thread-1] INFO  server.RaftServerConfigKeys (ConfUtils.java:logGet(46)) - raft.server.sleep.deviation.threshold = 300ms (default)
2022-06-08 19:33:50,252 [pool-149-thread-1] INFO  server.RaftServer$Division (ServerState.java:<init>(107)) - omNode-2@group-6C22E66A003A: ConfigurationManager, init=-1: [omNode-3|rpc:localhost:36495|priority:0, omNode-1|rpc:localhost:37093|priority:0, omNode-2|rpc:localhost:44297|priority:0], old=null, confs=<EMPTY_MAP>
2022-06-08 19:33:50,253 [pool-149-thread-1] INFO  server.RaftServerConfigKeys (ConfUtils.java:logGet(46)) - raft.server.storage.dir = [/home/runner/work/ozone/ozone/hadoop-ozone/integration-test/target/test-dir/MiniOzoneClusterImpl-6ca4cc63-2561-4277-bbe7-e6e454dc87c0/omNode-2/ratis] (custom)
2022-06-08 19:33:50,253 [pool-149-thread-1] INFO  server.RaftServerConfigKeys (ConfUtils.java:logGet(46)) - raft.server.log.corruption.policy = EXCEPTION (default)
2022-06-08 19:33:50,253 [pool-149-thread-1] INFO  server.RaftServerConfigKeys (ConfUtils.java:logGet(46)) - raft.server.storage.free-space.min = 0MB (=0) (default)
2022-06-08 19:33:50,253 [pool-149-thread-1] INFO  storage.RaftStorageDirectory (RaftStorageDirectoryImpl.java:analyzeStorage(135)) - The storage directory /home/runner/work/ozone/ozone/hadoop-ozone/integration-test/target/test-dir/MiniOzoneClusterImpl-6ca4cc63-2561-4277-bbe7-e6e454dc87c0/omNode-2/ratis/9c9825ce-8ba7-3ee6-a7c3-6c22e66a003a does not exist. Creating ...
2022-06-08 19:33:50,255 [pool-149-thread-1] INFO  storage.RaftStorageDirectory (RaftStorageDirectoryImpl.java:tryLock(230)) - Lock on /home/runner/work/ozone/ozone/hadoop-ozone/integration-test/target/test-dir/MiniOzoneClusterImpl-6ca4cc63-2561-4277-bbe7-e6e454dc87c0/omNode-2/ratis/9c9825ce-8ba7-3ee6-a7c3-6c22e66a003a/in_use.lock acquired by nodename 20560@fv-az243-689
2022-06-08 19:33:50,258 [pool-149-thread-1] INFO  storage.RaftStorage (RaftStorageImpl.java:format(89)) - Storage directory /home/runner/work/ozone/ozone/hadoop-ozone/integration-test/target/test-dir/MiniOzoneClusterImpl-6ca4cc63-2561-4277-bbe7-e6e454dc87c0/omNode-2/ratis/9c9825ce-8ba7-3ee6-a7c3-6c22e66a003a has been successfully formatted.
2022-06-08 19:33:50,259 [pool-149-thread-1] INFO  server.RaftServerConfigKeys (ConfUtils.java:logGet(46)) - raft.server.notification.no-leader.timeout = 2s (custom)
2022-06-08 19:33:50,259 [pool-149-thread-1] INFO  server.RaftServerConfigKeys (ConfUtils.java:logGet(46)) - raft.server.log.use.memory = false (default)
2022-06-08 19:33:50,259 [pool-149-thread-1] INFO  server.RaftServerConfigKeys (ConfUtils.java:logGet(46)) - raft.server.log.purge.gap = 1000000 (custom)
2022-06-08 19:33:50,259 [pool-149-thread-1] INFO  server.RaftServerConfigKeys (ConfUtils.java:logGet(46)) - raft.server.log.appender.buffer.byte-limit = 33554432 (custom)
2022-06-08 19:33:50,259 [pool-149-thread-1] INFO  server.RaftServerConfigKeys (ConfUtils.java:logGet(46)) - raft.server.log.statemachine.data.read.timeout = 1000ms (default)
2022-06-08 19:33:50,259 [pool-149-thread-1] INFO  server.RaftServerConfigKeys (ConfUtils.java:logGet(46)) - raft.server.log.segment.size.max = 4194304 (custom)
2022-06-08 19:33:50,260 [pool-149-thread-1] INFO  server.RaftServerConfigKeys (ConfUtils.java:logGet(46)) - raft.server.log.segment.cache.num.max = 2 (custom)
2022-06-08 19:33:50,260 [pool-149-thread-1] INFO  server.RaftServerConfigKeys (ConfUtils.java:logGet(46)) - raft.server.log.segment.cache.size.max = 200MB (=209715200) (default)
2022-06-08 19:33:50,260 [pool-149-thread-1] INFO  segmented.SegmentedRaftLogWorker (SegmentedRaftLogWorker.java:<init>(187)) - new omNode-2@group-6C22E66A003A-SegmentedRaftLogWorker for RaftStorageImpl:Storage Directory /home/runner/work/ozone/ozone/hadoop-ozone/integration-test/target/test-dir/MiniOzoneClusterImpl-6ca4cc63-2561-4277-bbe7-e6e454dc87c0/omNode-2/ratis/9c9825ce-8ba7-3ee6-a7c3-6c22e66a003a
2022-06-08 19:33:50,260 [pool-149-thread-1] INFO  server.RaftServerConfigKeys (ConfUtils.java:logGet(46)) - raft.server.log.queue.byte-limit = 64MB (=67108864) (default)
2022-06-08 19:33:50,260 [pool-149-thread-1] INFO  server.RaftServerConfigKeys (ConfUtils.java:logGet(46)) - raft.server.log.queue.element-limit = 4096 (default)
2022-06-08 19:33:50,260 [pool-149-thread-1] INFO  server.RaftServerConfigKeys (ConfUtils.java:logGet(46)) - raft.server.log.segment.size.max = 4194304 (custom)
2022-06-08 19:33:50,260 [pool-149-thread-1] INFO  server.RaftServerConfigKeys (ConfUtils.java:logGet(46)) - raft.server.log.preallocated.size = 4194304 (custom)
2022-06-08 19:33:50,261 [pool-149-thread-1] INFO  server.RaftServerConfigKeys (ConfUtils.java:logGet(46)) - raft.server.log.force.sync.num = 128 (default)
2022-06-08 19:33:50,261 [pool-149-thread-1] INFO  server.RaftServerConfigKeys (ConfUtils.java:logGet(46)) - raft.server.log.statemachine.data.sync = true (default)
2022-06-08 19:33:50,261 [pool-149-thread-1] INFO  server.RaftServerConfigKeys (ConfUtils.java:logGet(46)) - raft.server.log.statemachine.data.sync.timeout = 10s (default)
2022-06-08 19:33:50,261 [pool-149-thread-1] INFO  server.RaftServerConfigKeys (ConfUtils.java:logGet(46)) - raft.server.log.statemachine.data.sync.timeout.retry = -1 (default)
2022-06-08 19:33:50,264 [pool-149-thread-1] INFO  server.RaftServerConfigKeys (ConfUtils.java:logGet(46)) - raft.server.log.write.buffer.size = 64KB (=65536) (default)
2022-06-08 19:33:50,264 [pool-149-thread-1] INFO  server.RaftServerConfigKeys (ConfUtils.java:logGet(46)) - raft.server.log.unsafe-flush.enabled = false (default)
2022-06-08 19:33:50,264 [pool-149-thread-1] INFO  server.RaftServerConfigKeys (ConfUtils.java:logGet(46)) - raft.server.log.statemachine.data.caching.enabled = false (default)
2022-06-08 19:33:50,264 [pool-149-thread-1] INFO  segmented.SegmentedRaftLogWorker (SegmentedRaftLogWorker.java:lambda$new$0(135)) - omNode-2@group-6C22E66A003A-SegmentedRaftLogWorker: flushIndex: setUnconditionally 0 -> -1
2022-06-08 19:33:50,264 [pool-149-thread-1] INFO  segmented.SegmentedRaftLogWorker (SegmentedRaftLogWorker.java:lambda$new$0(135)) - omNode-2@group-6C22E66A003A-SegmentedRaftLogWorker: safeCacheEvictIndex: setUnconditionally 0 -> -1
2022-06-08 19:33:50,268 [pool-149-thread-1] INFO  server.RaftServerConfigKeys (ConfUtils.java:logGet(46)) - raft.server.snapshot.auto.trigger.enabled = true (custom)
2022-06-08 19:33:50,268 [pool-149-thread-1] INFO  server.RaftServerConfigKeys (ConfUtils.java:logGet(46)) - raft.server.snapshot.auto.trigger.threshold = 400000 (default)
2022-06-08 19:33:50,268 [pool-149-thread-1] INFO  server.RaftServerConfigKeys (ConfUtils.java:logGet(46)) - raft.server.snapshot.retention.file.num = -1 (default)
2022-06-08 19:33:50,268 [pool-149-thread-1] INFO  server.RaftServerConfigKeys (ConfUtils.java:logGet(46)) - raft.server.log.purge.upto.snapshot.index = true (custom)
2022-06-08 19:33:50,268 [pool-149-thread-1] INFO  server.RaftServerConfigKeys (ConfUtils.java:logGet(46)) - raft.server.retrycache.expirytime = 300s (custom)
2022-06-08 19:33:50,269 [pool-149-thread-1] INFO  server.RaftServerConfigKeys (ConfUtils.java:logGet(46)) - raft.server.retrycache.statistics.expirytime = 100μs (default)
2022-06-08 19:33:50,273 [pool-149-thread-1] INFO  server.RaftServerConfigKeys (ConfUtils.java:logGet(46)) - raft.server.log.appender.install.snapshot.enabled = false (custom)
2022-06-08 19:33:50,273 [pool-149-thread-1] INFO  server.RaftServerConfigKeys (ConfUtils.java:logGet(46)) - raft.server.threadpool.server.cached = true (default)
2022-06-08 19:33:50,273 [pool-149-thread-1] INFO  server.RaftServerConfigKeys (ConfUtils.java:logGet(46)) - raft.server.threadpool.server.size = 0 (default)
2022-06-08 19:33:50,273 [pool-149-thread-1] INFO  server.RaftServerConfigKeys (ConfUtils.java:logGet(46)) - raft.server.threadpool.client.cached = true (default)
2022-06-08 19:33:50,273 [pool-149-thread-1] INFO  server.RaftServerConfigKeys (ConfUtils.java:logGet(46)) - raft.server.threadpool.client.size = 0 (default)
2022-06-08 19:33:50,791 [omNode-1@group-6C22E66A003A-FollowerState] INFO  impl.FollowerState (FollowerState.java:run(143)) - omNode-1@group-6C22E66A003A-FollowerState: change to CANDIDATE, lastRpcElapsedTime:1119175062ns, electionTimeout:1106ms
2022-06-08 19:33:50,791 [omNode-1@group-6C22E66A003A-FollowerState] INFO  impl.RoleInfo (RoleInfo.java:shutdownFollowerState(110)) - omNode-1: shutdown omNode-1@group-6C22E66A003A-FollowerState
2022-06-08 19:33:50,791 [omNode-1@group-6C22E66A003A-FollowerState] INFO  server.RaftServer$Division (RaftServerImpl.java:setRole(299)) - omNode-1@group-6C22E66A003A: changes role from  FOLLOWER to CANDIDATE at term 0 for changeToCandidate
2022-06-08 19:33:50,791 [omNode-1@group-6C22E66A003A-FollowerState] INFO  server.RaftServerConfigKeys (ConfUtils.java:logGet(46)) - raft.server.leaderelection.pre-vote = false (custom)
2022-06-08 19:33:50,791 [omNode-1@group-6C22E66A003A-FollowerState] INFO  impl.RoleInfo (RoleInfo.java:updateAndGet(139)) - omNode-1: start omNode-1@group-6C22E66A003A-LeaderElection3
2022-06-08 19:33:50,825 [omNode-1@group-6C22E66A003A-LeaderElection3] INFO  impl.LeaderElection (LeaderElection.java:askForVotes(310)) - omNode-1@group-6C22E66A003A-LeaderElection3 ELECTION round 0: submit vote requests at term 1 for -1: [omNode-3|rpc:localhost:36495|priority:0, omNode-1|rpc:localhost:37093|priority:0, omNode-2|rpc:localhost:44297|priority:0], old=null
2022-06-08 19:33:50,840 [Listener at 127.0.0.1/43109] INFO  reflections.Reflections (Reflections.java:scan(232)) - Reflections took 582 ms to scan 19 urls, producing 66 keys and 3980 values [using 2 cores]
2022-06-08 19:33:50,841 [Listener at 127.0.0.1/43109] INFO  ipc.CallQueueManager (CallQueueManager.java:<init>(90)) - Using callQueue: class java.util.concurrent.LinkedBlockingQueue, queueCapacity: 2000, scheduler: class org.apache.hadoop.ipc.DefaultRpcScheduler, ipcBackoff: false.
2022-06-08 19:33:50,845 [Socket Reader #1 for port 34913] INFO  ipc.Server (Server.java:run(1265)) - Starting Socket Reader #1 for port 34913
2022-06-08 19:33:50,883 [Listener at 127.0.0.1/34913] INFO  impl.MetricsSystemImpl (MetricsSystemImpl.java:init(158)) - OzoneManager metrics system started (again)
2022-06-08 19:33:50,893 [omNode-1@group-6C22E66A003A-LeaderElection3] INFO  impl.LeaderElection (LogUtils.java:infoOrTrace(137)) - omNode-1@group-6C22E66A003A-LeaderElection3 got exception when requesting votes: java.util.concurrent.ExecutionException: org.apache.ratis.thirdparty.io.grpc.StatusRuntimeException: UNAVAILABLE: io exception
2022-06-08 19:33:50,905 [Listener at 127.0.0.1/34913] INFO  om.OzoneManager (OzoneManager.java:start(1462)) - OzoneManager RPC server is listening at localhost/127.0.0.1:34913
2022-06-08 19:33:50,905 [Listener at 127.0.0.1/34913] INFO  ratis.OzoneManagerRatisServer (OzoneManagerRatisServer.java:start(554)) - Starting OzoneManagerRatisServer omNode-2 at port 44297
2022-06-08 19:33:50,906 [omNode-2-impl-thread1] INFO  server.RaftServer$Division (RaftServerImpl.java:start(310)) - omNode-2@group-6C22E66A003A: start as a follower, conf=-1: [omNode-3|rpc:localhost:36495|priority:0, omNode-1|rpc:localhost:37093|priority:0, omNode-2|rpc:localhost:44297|priority:0], old=null
2022-06-08 19:33:50,906 [omNode-2-impl-thread1] INFO  server.RaftServer$Division (RaftServerImpl.java:setRole(299)) - omNode-2@group-6C22E66A003A: changes role from      null to FOLLOWER at term 0 for startAsFollower
2022-06-08 19:33:50,906 [omNode-2-impl-thread1] INFO  impl.RoleInfo (RoleInfo.java:updateAndGet(139)) - omNode-2: start omNode-2@group-6C22E66A003A-FollowerState
2022-06-08 19:33:50,907 [omNode-1@group-6C22E66A003A-LeaderElection3] INFO  impl.LeaderElection (LogUtils.java:infoOrTrace(137)) - omNode-1@group-6C22E66A003A-LeaderElection3 got exception when requesting votes: java.util.concurrent.ExecutionException: org.apache.ratis.thirdparty.io.grpc.StatusRuntimeException: UNAVAILABLE: io exception
2022-06-08 19:33:50,907 [omNode-2-impl-thread1] INFO  util.JmxRegister (JmxRegister.java:tryRegister(44)) - Successfully registered JMX Bean with object name Ratis:service=RaftServer,group=group-6C22E66A003A,id=omNode-2
2022-06-08 19:33:50,907 [omNode-1@group-6C22E66A003A-LeaderElection3] INFO  impl.LeaderElection (LeaderElection.java:logAndReturn(90)) - omNode-1@group-6C22E66A003A-LeaderElection3: ELECTION REJECTED received 0 response(s) and 2 exception(s):
2022-06-08 19:33:50,908 [omNode-1@group-6C22E66A003A-LeaderElection3] INFO  impl.LeaderElection (LogUtils.java:infoOrTrace(137)) -   Exception 0: java.util.concurrent.ExecutionException: org.apache.ratis.thirdparty.io.grpc.StatusRuntimeException: UNAVAILABLE: io exception
2022-06-08 19:33:50,908 [omNode-1@group-6C22E66A003A-LeaderElection3] INFO  impl.LeaderElection (LogUtils.java:infoOrTrace(137)) -   Exception 1: java.util.concurrent.ExecutionException: org.apache.ratis.thirdparty.io.grpc.StatusRuntimeException: UNAVAILABLE: io exception
2022-06-08 19:33:50,908 [omNode-1@group-6C22E66A003A-LeaderElection3] INFO  impl.LeaderElection (LeaderElection.java:askForVotes(312)) - omNode-1@group-6C22E66A003A-LeaderElection3 ELECTION round 0: result REJECTED
2022-06-08 19:33:50,908 [omNode-1@group-6C22E66A003A-LeaderElection3] INFO  server.RaftServer$Division (RaftServerImpl.java:setRole(299)) - omNode-1@group-6C22E66A003A: changes role from CANDIDATE to FOLLOWER at term 1 for REJECTED
2022-06-08 19:33:50,908 [omNode-1@group-6C22E66A003A-LeaderElection3] INFO  impl.RoleInfo (RoleInfo.java:shutdownLeaderElection(130)) - omNode-1: shutdown omNode-1@group-6C22E66A003A-LeaderElection3
2022-06-08 19:33:50,908 [omNode-1@group-6C22E66A003A-LeaderElection3] INFO  impl.RoleInfo (RoleInfo.java:updateAndGet(139)) - omNode-1: start omNode-1@group-6C22E66A003A-FollowerState
2022-06-08 19:33:50,917 [Listener at 127.0.0.1/34913] INFO  server.RaftServer (RaftServerProxy.java:lambda$start$6(382)) - omNode-2: start RPC server
2022-06-08 19:33:50,923 [Listener at 127.0.0.1/34913] INFO  server.GrpcService (GrpcService.java:startImpl(260)) - omNode-2: GrpcService started, listening on 44297
2022-06-08 19:33:50,923 [Listener at 127.0.0.1/34913] INFO  om.OzoneManager (OzoneManager.java:start(1478)) - Version File has different layout version (3) than OM DB (null). That is expected if this OM has never been finalized to a newer layout version.
2022-06-08 19:33:50,924 [org.apache.ratis.util.JvmPauseMonitor$$Lambda$519/1621292246@354ddb79] INFO  util.JvmPauseMonitor (JvmPauseMonitor.java:run(103)) - JvmPauseMonitor-omNode-2: Started
2022-06-08 19:33:50,933 [Listener at 127.0.0.1/34913] INFO  http.BaseHttpServer (BaseHttpServer.java:newHttpServer2BuilderForOzone(209)) - Starting Web-server for ozoneManager at: http://0.0.0.0:46251
2022-06-08 19:33:50,933 [Listener at 127.0.0.1/34913] INFO  http.BaseHttpServer (BaseHttpServer.java:<init>(107)) - Hadoop Security Enabled: false Ozone Security Enabled: false Ozone HTTP Security Enabled: false 
2022-06-08 19:33:50,934 [Listener at 127.0.0.1/34913] INFO  server.AuthenticationFilter (AuthenticationFilter.java:constructSecretProvider(240)) - Unable to initialize FileSignerSecretProvider, falling back to use random secrets.
2022-06-08 19:33:50,935 [Listener at 127.0.0.1/34913] WARN  http.HttpRequestLog (HttpRequestLog.java:getRequestLog(103)) - Jetty request log can only be enabled using Log4j
2022-06-08 19:33:50,936 [Listener at 127.0.0.1/34913] INFO  http.HttpServer2 (HttpServer2.java:addGlobalFilter(1029)) - Added global filter 'safety' (class=org.apache.hadoop.hdds.server.http.HttpServer2$QuotingInputFilter)
2022-06-08 19:33:50,937 [Listener at 127.0.0.1/34913] INFO  http.HttpServer2 (HttpServer2.java:addFilter(1005)) - Added filter static_user_filter (class=org.apache.hadoop.http.lib.StaticUserWebFilter$StaticUserFilter) to context ozoneManager
2022-06-08 19:33:50,937 [Listener at 127.0.0.1/34913] INFO  http.HttpServer2 (HttpServer2.java:addFilter(1013)) - Added filter static_user_filter (class=org.apache.hadoop.http.lib.StaticUserWebFilter$StaticUserFilter) to context static
2022-06-08 19:33:50,937 [Listener at 127.0.0.1/34913] INFO  http.HttpServer2 (HttpServer2.java:addFilter(1013)) - Added filter static_user_filter (class=org.apache.hadoop.http.lib.StaticUserWebFilter$StaticUserFilter) to context logs
2022-06-08 19:33:50,938 [Listener at 127.0.0.1/34913] INFO  http.HttpServer2 (HttpServer2.java:bindListener(1248)) - Jetty bound to port 46251
2022-06-08 19:33:50,938 [Listener at 127.0.0.1/34913] INFO  server.Server (Server.java:doStart(375)) - jetty-9.4.43.v20210629; built: 2021-06-30T11:07:22.254Z; git: 526006ecfa3af7f1a27ef3a288e2bef7ea9dd7e8; jvm 1.8.0_332-b09
2022-06-08 19:33:50,941 [Listener at 127.0.0.1/34913] INFO  server.session (DefaultSessionIdManager.java:doStart(334)) - DefaultSessionIdManager workerName=node0
2022-06-08 19:33:50,941 [Listener at 127.0.0.1/34913] INFO  server.session (DefaultSessionIdManager.java:doStart(339)) - No SessionScavenger set, using defaults
2022-06-08 19:33:50,942 [Listener at 127.0.0.1/34913] INFO  server.session (HouseKeeper.java:startScavenging(132)) - node0 Scavenging every 660000ms
2022-06-08 19:33:50,942 [Listener at 127.0.0.1/34913] INFO  handler.ContextHandler (ContextHandler.java:doStart(915)) - Started o.e.j.s.ServletContextHandler@68897232{logs,/logs,file:///home/runner/work/ozone/ozone/hadoop-ozone/integration-test/target/log,AVAILABLE}
2022-06-08 19:33:50,943 [Listener at 127.0.0.1/34913] INFO  handler.ContextHandler (ContextHandler.java:doStart(915)) - Started o.e.j.s.ServletContextHandler@7a5f93ea{static,/static,file:///home/runner/work/ozone/ozone/hadoop-ozone/integration-test/target/test-classes/webapps/static,AVAILABLE}
2022-06-08 19:33:50,948 [Listener at 127.0.0.1/34913] INFO  handler.ContextHandler (ContextHandler.java:doStart(915)) - Started o.e.j.w.WebAppContext@5b8a233{ozoneManager,/,file:///home/runner/work/ozone/ozone/hadoop-ozone/integration-test/target/test-classes/webapps/ozoneManager/,AVAILABLE}{file:/home/runner/work/ozone/ozone/hadoop-ozone/integration-test/target/test-classes/webapps/ozoneManager}
2022-06-08 19:33:50,953 [Listener at 127.0.0.1/34913] INFO  server.AbstractConnector (AbstractConnector.java:doStart(331)) - Started ServerConnector@36332f42{HTTP/1.1, (http/1.1)}{0.0.0.0:46251}
2022-06-08 19:33:50,953 [Listener at 127.0.0.1/34913] INFO  server.Server (Server.java:doStart(415)) - Started @25248ms
2022-06-08 19:33:50,953 [Listener at 127.0.0.1/34913] WARN  impl.MetricsSystemImpl (MetricsSystemImpl.java:register(279)) - Sink prometheus already exists!
2022-06-08 19:33:50,954 [Listener at 127.0.0.1/34913] INFO  http.BaseHttpServer (BaseHttpServer.java:updateConnectorAddress(329)) - HTTP server of ozoneManager listening at http://0.0.0.0:46251
2022-06-08 19:33:50,954 [IPC Server Responder] INFO  ipc.Server (Server.java:run(1507)) - IPC Server Responder: starting
2022-06-08 19:33:50,958 [IPC Server listener on 34913] INFO  ipc.Server (Server.java:run(1344)) - IPC Server listener on 34913: starting
2022-06-08 19:33:50,963 [Listener at 127.0.0.1/34913] INFO  om.OzoneManager (OzoneManager.java:startTrashEmptier(1902)) - Trash Interval set to 0. Files deleted won't move to trash
2022-06-08 19:33:50,964 [Listener at 127.0.0.1/34913] INFO  ozone.MiniOzoneHAClusterImpl (MiniOzoneHAClusterImpl.java:createOMService(522)) - Started OzoneManager omNode-2 RPC server at localhost/127.0.0.1:34913
2022-06-08 19:33:50,964 [Listener at 127.0.0.1/34913] INFO  ha.OMHANodeDetails (OMHANodeDetails.java:loadOMHAConfig(121)) - ServiceID for OzoneManager is omServiceId1
2022-06-08 19:33:50,965 [Listener at 127.0.0.1/34913] INFO  ha.OMHANodeDetails (OMHANodeDetails.java:loadOMHAConfig(201)) - Found matching OM address with OMServiceId: omServiceId1, OMNodeId: omNode-3, RPC Address: localhost:45261 and Ratis port: 36495
2022-06-08 19:33:50,965 [Listener at 127.0.0.1/34913] INFO  ha.OMHANodeDetails (ConfUtils.java:setNodeSpecificConfigs(97)) - Setting configuration key ozone.om.http-address with value of key ozone.om.http-address.omServiceId1.omNode-3: 127.0.0.1:36717
2022-06-08 19:33:50,965 [Listener at 127.0.0.1/34913] INFO  ha.OMHANodeDetails (ConfUtils.java:setNodeSpecificConfigs(97)) - Setting configuration key ozone.om.https-address with value of key ozone.om.https-address.omServiceId1.omNode-3: 127.0.0.1:46671
2022-06-08 19:33:50,965 [Listener at 127.0.0.1/34913] INFO  ha.OMHANodeDetails (ConfUtils.java:setNodeSpecificConfigs(97)) - Setting configuration key ozone.om.address with value of key ozone.om.address.omServiceId1.omNode-3: 127.0.0.1:45261
2022-06-08 19:33:50,965 [Listener at 127.0.0.1/34913] WARN  server.ServerUtils (ServerUtils.java:getDBPath(225)) - ozone.om.db.dirs is not configured. We recommend adding this setting. Falling back to ozone.metadata.dirs instead.
2022-06-08 19:33:50,979 [Listener at 127.0.0.1/34913] INFO  ha.SCMNodeInfo (SCMNodeInfo.java:getPort(197)) - ConfigKey ozone.scm.client.address is deprecated, For configuring different ports for each SCM use PortConfigKey ozone.scm.client.port appended with serviceId and nodeId
2022-06-08 19:33:50,979 [Listener at 127.0.0.1/34913] INFO  ha.SCMNodeInfo (SCMNodeInfo.java:getPort(197)) - ConfigKey ozone.scm.block.client.address is deprecated, For configuring different ports for each SCM use PortConfigKey ozone.scm.block.client.port appended with serviceId and nodeId
2022-06-08 19:33:50,979 [Listener at 127.0.0.1/34913] INFO  ha.SCMNodeInfo (SCMNodeInfo.java:getPort(197)) - ConfigKey ozone.scm.datanode.address is deprecated, For configuring different ports for each SCM use PortConfigKey ozone.scm.datanode.port appended with serviceId and nodeId
2022-06-08 19:33:50,979 [Listener at 127.0.0.1/34913] INFO  ha.SCMNodeInfo (SCMNodeInfo.java:getPort(197)) - ConfigKey ozone.scm.client.address is deprecated, For configuring different ports for each SCM use PortConfigKey ozone.scm.client.port appended with serviceId and nodeId
2022-06-08 19:33:50,979 [Listener at 127.0.0.1/34913] INFO  ha.SCMNodeInfo (SCMNodeInfo.java:getPort(197)) - ConfigKey ozone.scm.block.client.address is deprecated, For configuring different ports for each SCM use PortConfigKey ozone.scm.block.client.port appended with serviceId and nodeId
2022-06-08 19:33:50,979 [Listener at 127.0.0.1/34913] INFO  ha.SCMNodeInfo (SCMNodeInfo.java:getPort(197)) - ConfigKey ozone.scm.datanode.address is deprecated, For configuring different ports for each SCM use PortConfigKey ozone.scm.datanode.port appended with serviceId and nodeId
2022-06-08 19:33:50,979 [Listener at 127.0.0.1/34913] INFO  ha.SCMNodeInfo (SCMNodeInfo.java:getPort(197)) - ConfigKey ozone.scm.client.address is deprecated, For configuring different ports for each SCM use PortConfigKey ozone.scm.client.port appended with serviceId and nodeId
2022-06-08 19:33:50,979 [Listener at 127.0.0.1/34913] INFO  ha.SCMNodeInfo (SCMNodeInfo.java:getPort(197)) - ConfigKey ozone.scm.block.client.address is deprecated, For configuring different ports for each SCM use PortConfigKey ozone.scm.block.client.port appended with serviceId and nodeId
2022-06-08 19:33:50,980 [Listener at 127.0.0.1/34913] INFO  ha.SCMNodeInfo (SCMNodeInfo.java:getPort(197)) - ConfigKey ozone.scm.datanode.address is deprecated, For configuring different ports for each SCM use PortConfigKey ozone.scm.datanode.port appended with serviceId and nodeId
2022-06-08 19:33:50,980 [Listener at 127.0.0.1/34913] INFO  proxy.SCMBlockLocationFailoverProxyProvider (SCMBlockLocationFailoverProxyProvider.java:<init>(114)) - Created block location fail-over proxy with 3 nodes: [nodeId=scmNode-2,nodeAddress=/127.0.0.1:45287, nodeId=scmNode-3,nodeAddress=/127.0.0.1:42293, nodeId=scmNode-1,nodeAddress=/127.0.0.1:37419]
2022-06-08 19:33:50,981 [org.apache.hadoop.util.JvmPauseMonitor$Monitor@5f34a3f9] INFO  util.JvmPauseMonitor (JvmPauseMonitor.java:run(188)) - Starting JVM pause monitor
OM initialization succeeded.Current cluster id for sd=/home/runner/work/ozone/ozone/hadoop-ozone/integration-test/target/test-dir/MiniOzoneClusterImpl-6ca4cc63-2561-4277-bbe7-e6e454dc87c0/omNode-3/om;cid=6ca4cc63-2561-4277-bbe7-e6e454dc87c0;layoutVersion=3
2022-06-08 19:33:50,992 [Listener at 127.0.0.1/34913] INFO  ha.OMHANodeDetails (OMHANodeDetails.java:loadOMHAConfig(121)) - ServiceID for OzoneManager is omServiceId1
2022-06-08 19:33:50,992 [Listener at 127.0.0.1/34913] INFO  ha.OMHANodeDetails (OMHANodeDetails.java:loadOMHAConfig(201)) - Found matching OM address with OMServiceId: omServiceId1, OMNodeId: omNode-3, RPC Address: localhost:45261 and Ratis port: 36495
2022-06-08 19:33:50,992 [Listener at 127.0.0.1/34913] INFO  ha.OMHANodeDetails (ConfUtils.java:setNodeSpecificConfigs(97)) - Setting configuration key ozone.om.http-address with value of key ozone.om.http-address.omServiceId1.omNode-3: 127.0.0.1:36717
2022-06-08 19:33:50,992 [Listener at 127.0.0.1/34913] INFO  ha.OMHANodeDetails (ConfUtils.java:setNodeSpecificConfigs(97)) - Setting configuration key ozone.om.https-address with value of key ozone.om.https-address.omServiceId1.omNode-3: 127.0.0.1:46671
2022-06-08 19:33:50,992 [Listener at 127.0.0.1/34913] INFO  ha.OMHANodeDetails (ConfUtils.java:setNodeSpecificConfigs(97)) - Setting configuration key ozone.om.address with value of key ozone.om.address.omServiceId1.omNode-3: 127.0.0.1:45261
2022-06-08 19:33:50,992 [Listener at 127.0.0.1/34913] WARN  server.ServerUtils (ServerUtils.java:getDBPath(225)) - ozone.om.db.dirs is not configured. We recommend adding this setting. Falling back to ozone.metadata.dirs instead.
2022-06-08 19:33:50,993 [Listener at 127.0.0.1/34913] INFO  upgrade.AbstractLayoutVersionManager (AbstractLayoutVersionManager.java:init(82)) - Initializing Layout version manager with metadata layout = MULTITENANCY_SCHEMA (version = 3), software layout = MULTITENANCY_SCHEMA (version = 3)
2022-06-08 19:33:51,061 [Listener at 127.0.0.1/34913] INFO  reflections.Reflections (Reflections.java:scan(232)) - Reflections took 68 ms to scan 2 urls, producing 153 keys and 431 values [using 2 cores]
2022-06-08 19:33:51,061 [Listener at 127.0.0.1/34913] INFO  upgrade.OMLayoutVersionManager (OMLayoutVersionManager.java:lambda$0(115)) - Skipping Upgrade Action MockOmUpgradeAction since it has been finalized.
2022-06-08 19:33:51,061 [Listener at 127.0.0.1/34913] WARN  server.ServerUtils (ServerUtils.java:getDBPath(225)) - ozone.om.db.dirs is not configured. We recommend adding this setting. Falling back to ozone.metadata.dirs instead.
2022-06-08 19:33:51,062 [Listener at 127.0.0.1/34913] INFO  ha.SCMNodeInfo (SCMNodeInfo.java:getPort(197)) - ConfigKey ozone.scm.client.address is deprecated, For configuring different ports for each SCM use PortConfigKey ozone.scm.client.port appended with serviceId and nodeId
2022-06-08 19:33:51,062 [Listener at 127.0.0.1/34913] INFO  ha.SCMNodeInfo (SCMNodeInfo.java:getPort(197)) - ConfigKey ozone.scm.block.client.address is deprecated, For configuring different ports for each SCM use PortConfigKey ozone.scm.block.client.port appended with serviceId and nodeId
2022-06-08 19:33:51,062 [Listener at 127.0.0.1/34913] INFO  ha.SCMNodeInfo (SCMNodeInfo.java:getPort(197)) - ConfigKey ozone.scm.datanode.address is deprecated, For configuring different ports for each SCM use PortConfigKey ozone.scm.datanode.port appended with serviceId and nodeId
2022-06-08 19:33:51,062 [Listener at 127.0.0.1/34913] INFO  ha.SCMNodeInfo (SCMNodeInfo.java:getPort(197)) - ConfigKey ozone.scm.client.address is deprecated, For configuring different ports for each SCM use PortConfigKey ozone.scm.client.port appended with serviceId and nodeId
2022-06-08 19:33:51,062 [Listener at 127.0.0.1/34913] INFO  ha.SCMNodeInfo (SCMNodeInfo.java:getPort(197)) - ConfigKey ozone.scm.block.client.address is deprecated, For configuring different ports for each SCM use PortConfigKey ozone.scm.block.client.port appended with serviceId and nodeId
2022-06-08 19:33:51,062 [Listener at 127.0.0.1/34913] INFO  ha.SCMNodeInfo (SCMNodeInfo.java:getPort(197)) - ConfigKey ozone.scm.datanode.address is deprecated, For configuring different ports for each SCM use PortConfigKey ozone.scm.datanode.port appended with serviceId and nodeId
2022-06-08 19:33:51,062 [Listener at 127.0.0.1/34913] INFO  ha.SCMNodeInfo (SCMNodeInfo.java:getPort(197)) - ConfigKey ozone.scm.client.address is deprecated, For configuring different ports for each SCM use PortConfigKey ozone.scm.client.port appended with serviceId and nodeId
2022-06-08 19:33:51,062 [Listener at 127.0.0.1/34913] INFO  ha.SCMNodeInfo (SCMNodeInfo.java:getPort(197)) - ConfigKey ozone.scm.block.client.address is deprecated, For configuring different ports for each SCM use PortConfigKey ozone.scm.block.client.port appended with serviceId and nodeId
2022-06-08 19:33:51,062 [Listener at 127.0.0.1/34913] INFO  ha.SCMNodeInfo (SCMNodeInfo.java:getPort(197)) - ConfigKey ozone.scm.datanode.address is deprecated, For configuring different ports for each SCM use PortConfigKey ozone.scm.datanode.port appended with serviceId and nodeId
2022-06-08 19:33:51,062 [Listener at 127.0.0.1/34913] INFO  ha.SCMNodeInfo (SCMNodeInfo.java:getPort(197)) - ConfigKey ozone.scm.client.address is deprecated, For configuring different ports for each SCM use PortConfigKey ozone.scm.client.port appended with serviceId and nodeId
2022-06-08 19:33:51,063 [Listener at 127.0.0.1/34913] INFO  ha.SCMNodeInfo (SCMNodeInfo.java:getPort(197)) - ConfigKey ozone.scm.block.client.address is deprecated, For configuring different ports for each SCM use PortConfigKey ozone.scm.block.client.port appended with serviceId and nodeId
2022-06-08 19:33:51,063 [Listener at 127.0.0.1/34913] INFO  ha.SCMNodeInfo (SCMNodeInfo.java:getPort(197)) - ConfigKey ozone.scm.datanode.address is deprecated, For configuring different ports for each SCM use PortConfigKey ozone.scm.datanode.port appended with serviceId and nodeId
2022-06-08 19:33:51,063 [Listener at 127.0.0.1/34913] INFO  ha.SCMNodeInfo (SCMNodeInfo.java:getPort(197)) - ConfigKey ozone.scm.client.address is deprecated, For configuring different ports for each SCM use PortConfigKey ozone.scm.client.port appended with serviceId and nodeId
2022-06-08 19:33:51,063 [Listener at 127.0.0.1/34913] INFO  ha.SCMNodeInfo (SCMNodeInfo.java:getPort(197)) - ConfigKey ozone.scm.block.client.address is deprecated, For configuring different ports for each SCM use PortConfigKey ozone.scm.block.client.port appended with serviceId and nodeId
2022-06-08 19:33:51,063 [Listener at 127.0.0.1/34913] INFO  ha.SCMNodeInfo (SCMNodeInfo.java:getPort(197)) - ConfigKey ozone.scm.datanode.address is deprecated, For configuring different ports for each SCM use PortConfigKey ozone.scm.datanode.port appended with serviceId and nodeId
2022-06-08 19:33:51,063 [Listener at 127.0.0.1/34913] INFO  ha.SCMNodeInfo (SCMNodeInfo.java:getPort(197)) - ConfigKey ozone.scm.client.address is deprecated, For configuring different ports for each SCM use PortConfigKey ozone.scm.client.port appended with serviceId and nodeId
2022-06-08 19:33:51,063 [Listener at 127.0.0.1/34913] INFO  ha.SCMNodeInfo (SCMNodeInfo.java:getPort(197)) - ConfigKey ozone.scm.block.client.address is deprecated, For configuring different ports for each SCM use PortConfigKey ozone.scm.block.client.port appended with serviceId and nodeId
2022-06-08 19:33:51,063 [Listener at 127.0.0.1/34913] INFO  ha.SCMNodeInfo (SCMNodeInfo.java:getPort(197)) - ConfigKey ozone.scm.datanode.address is deprecated, For configuring different ports for each SCM use PortConfigKey ozone.scm.datanode.port appended with serviceId and nodeId
2022-06-08 19:33:51,063 [Listener at 127.0.0.1/34913] INFO  proxy.SCMBlockLocationFailoverProxyProvider (SCMBlockLocationFailoverProxyProvider.java:<init>(114)) - Created block location fail-over proxy with 3 nodes: [nodeId=scmNode-2,nodeAddress=/127.0.0.1:45287, nodeId=scmNode-3,nodeAddress=/127.0.0.1:42293, nodeId=scmNode-1,nodeAddress=/127.0.0.1:37419]
2022-06-08 19:33:51,067 [Listener at 127.0.0.1/34913] INFO  ha.SCMNodeInfo (SCMNodeInfo.java:getPort(197)) - ConfigKey ozone.scm.client.address is deprecated, For configuring different ports for each SCM use PortConfigKey ozone.scm.client.port appended with serviceId and nodeId
2022-06-08 19:33:51,067 [Listener at 127.0.0.1/34913] INFO  ha.SCMNodeInfo (SCMNodeInfo.java:getPort(197)) - ConfigKey ozone.scm.block.client.address is deprecated, For configuring different ports for each SCM use PortConfigKey ozone.scm.block.client.port appended with serviceId and nodeId
2022-06-08 19:33:51,068 [Listener at 127.0.0.1/34913] INFO  ha.SCMNodeInfo (SCMNodeInfo.java:getPort(197)) - ConfigKey ozone.scm.datanode.address is deprecated, For configuring different ports for each SCM use PortConfigKey ozone.scm.datanode.port appended with serviceId and nodeId
2022-06-08 19:33:51,068 [Listener at 127.0.0.1/34913] INFO  ha.SCMNodeInfo (SCMNodeInfo.java:getPort(197)) - ConfigKey ozone.scm.client.address is deprecated, For configuring different ports for each SCM use PortConfigKey ozone.scm.client.port appended with serviceId and nodeId
2022-06-08 19:33:51,068 [Listener at 127.0.0.1/34913] INFO  ha.SCMNodeInfo (SCMNodeInfo.java:getPort(197)) - ConfigKey ozone.scm.block.client.address is deprecated, For configuring different ports for each SCM use PortConfigKey ozone.scm.block.client.port appended with serviceId and nodeId
2022-06-08 19:33:51,068 [Listener at 127.0.0.1/34913] INFO  ha.SCMNodeInfo (SCMNodeInfo.java:getPort(197)) - ConfigKey ozone.scm.datanode.address is deprecated, For configuring different ports for each SCM use PortConfigKey ozone.scm.datanode.port appended with serviceId and nodeId
2022-06-08 19:33:51,068 [Listener at 127.0.0.1/34913] INFO  ha.SCMNodeInfo (SCMNodeInfo.java:getPort(197)) - ConfigKey ozone.scm.client.address is deprecated, For configuring different ports for each SCM use PortConfigKey ozone.scm.client.port appended with serviceId and nodeId
2022-06-08 19:33:51,068 [Listener at 127.0.0.1/34913] INFO  ha.SCMNodeInfo (SCMNodeInfo.java:getPort(197)) - ConfigKey ozone.scm.block.client.address is deprecated, For configuring different ports for each SCM use PortConfigKey ozone.scm.block.client.port appended with serviceId and nodeId
2022-06-08 19:33:51,068 [Listener at 127.0.0.1/34913] INFO  ha.SCMNodeInfo (SCMNodeInfo.java:getPort(197)) - ConfigKey ozone.scm.datanode.address is deprecated, For configuring different ports for each SCM use PortConfigKey ozone.scm.datanode.port appended with serviceId and nodeId
2022-06-08 19:33:51,068 [Listener at 127.0.0.1/34913] INFO  proxy.SCMBlockLocationFailoverProxyProvider (SCMBlockLocationFailoverProxyProvider.java:<init>(114)) - Created block location fail-over proxy with 3 nodes: [nodeId=scmNode-2,nodeAddress=/127.0.0.1:45287, nodeId=scmNode-3,nodeAddress=/127.0.0.1:42293, nodeId=scmNode-1,nodeAddress=/127.0.0.1:37419]
2022-06-08 19:33:51,087 [Listener at 127.0.0.1/34913] WARN  server.ServerUtils (ServerUtils.java:getDBPath(225)) - ozone.om.db.dirs is not configured. We recommend adding this setting. Falling back to ozone.metadata.dirs instead.
2022-06-08 19:33:51,088 [Listener at 127.0.0.1/34913] INFO  codec.OmKeyInfoCodec (OmKeyInfoCodec.java:<init>(49)) - OmKeyInfoCodec ignorePipeline = true
2022-06-08 19:33:51,088 [Listener at 127.0.0.1/34913] INFO  codec.RepeatedOmKeyInfoCodec (RepeatedOmKeyInfoCodec.java:<init>(41)) - RepeatedOmKeyInfoCodec ignorePipeline = true
2022-06-08 19:33:51,361 [Listener at 127.0.0.1/34913] INFO  om.OzoneManager (OzoneManager.java:instantiateServices(689)) - S3 Multi-Tenancy is disabled
2022-06-08 19:33:51,362 [Listener at 127.0.0.1/34913] INFO  om.OzoneManager (OzoneManager.java:addS3GVolumeToDB(4241)) - Created Volume s3v With Owner runner required for S3Gateway operations.
2022-06-08 19:33:51,362 [Listener at 127.0.0.1/34913] WARN  server.ServerUtils (ServerUtils.java:getDefaultRatisDirectory(237)) - Storage directory for Ratis is not configured. It is a good idea to map this to an SSD disk. Falling back to ozone.metadata.dirs
2022-06-08 19:33:51,362 [Listener at 127.0.0.1/34913] WARN  utils.OzoneManagerRatisUtils (OzoneManagerRatisUtils.java:getOMRatisSnapshotDirectory(423)) - ozone.om.ratis.snapshot.dir is not configured. Falling back to ozone.metadata.dirs config
2022-06-08 19:33:51,362 [Listener at 127.0.0.1/34913] INFO  snapshot.OzoneManagerSnapshotProvider (OzoneManagerSnapshotProvider.java:<init>(76)) - Initializing OM Snapshot Provider
2022-06-08 19:33:51,364 [Listener at 127.0.0.1/34913] WARN  impl.MetricRegistriesImpl (MetricRegistriesImpl.java:addReporterRegistration(111)) - New reporters are added after registries were created. Some metrics will be missing from the reporter. Please add reporter before adding any new registry.
2022-06-08 19:33:51,364 [Listener at 127.0.0.1/34913] WARN  impl.MetricRegistriesImpl (MetricRegistriesImpl.java:addReporterRegistration(111)) - New reporters are added after registries were created. Some metrics will be missing from the reporter. Please add reporter before adding any new registry.
2022-06-08 19:33:51,364 [Listener at 127.0.0.1/34913] WARN  server.ServerUtils (ServerUtils.java:getDefaultRatisDirectory(237)) - Storage directory for Ratis is not configured. It is a good idea to map this to an SSD disk. Falling back to ozone.metadata.dirs
2022-06-08 19:33:51,365 [Listener at 127.0.0.1/34913] INFO  ratis.OzoneManagerRatisServer (OzoneManagerRatisServer.java:<init>(159)) - Instantiating OM Ratis server with groupID: omServiceId1 and peers: localhost:36495, localhost:37093, localhost:44297
2022-06-08 19:33:51,365 [Listener at 127.0.0.1/34913] INFO  ratis.OzoneManagerStateMachine (OzoneManagerStateMachine.java:loadSnapshotInfoFromDB(627)) - LastAppliedIndex is set from TransactionInfo from OM DB as (t:0, i:~)
2022-06-08 19:33:51,366 [Listener at 127.0.0.1/34913] INFO  server.RaftServer (ConfUtils.java:logGet(46)) - raft.rpc.type = GRPC (default)
2022-06-08 19:33:51,366 [Listener at 127.0.0.1/34913] INFO  grpc.GrpcFactory (GrpcFactory.java:checkPooledByteBufAllocatorUseCacheForAllThreads(48)) - PERFORMANCE WARNING: useCacheForAllThreads is true that may cause Netty to create a lot garbage objects and, as a result, trigger GC.
	It is recommended to disable useCacheForAllThreads by setting -Dorg.apache.ratis.thirdparty.io.netty.allocator.useCacheForAllThreads=false in command line.
2022-06-08 19:33:51,366 [Listener at 127.0.0.1/34913] INFO  grpc.GrpcConfigKeys (ConfUtils.java:logGet(46)) - raft.grpc.admin.port = -1 (default)
2022-06-08 19:33:51,366 [Listener at 127.0.0.1/34913] INFO  grpc.GrpcConfigKeys (ConfUtils.java:logGet(46)) - raft.grpc.server.port = 36495 (custom)
2022-06-08 19:33:51,366 [Listener at 127.0.0.1/34913] INFO  grpc.GrpcConfigKeys (ConfUtils.java:logGet(46)) - raft.grpc.client.port = -1 (default)
2022-06-08 19:33:51,366 [Listener at 127.0.0.1/34913] INFO  grpc.GrpcConfigKeys (ConfUtils.java:logGet(46)) - raft.grpc.server.port = 36495 (custom)
2022-06-08 19:33:51,366 [Listener at 127.0.0.1/34913] INFO  grpc.GrpcConfigKeys (ConfUtils.java:logGet(46)) - raft.grpc.server.port = 36495 (custom)
2022-06-08 19:33:51,366 [Listener at 127.0.0.1/34913] INFO  server.GrpcService (ConfUtils.java:logGet(46)) - raft.grpc.message.size.max = 33554432 (custom)
2022-06-08 19:33:51,366 [Listener at 127.0.0.1/34913] INFO  server.RaftServerConfigKeys (ConfUtils.java:logGet(46)) - raft.server.log.appender.buffer.byte-limit = 33554432 (custom)
2022-06-08 19:33:51,366 [Listener at 127.0.0.1/34913] INFO  server.GrpcService (ConfUtils.java:logGet(46)) - raft.grpc.flow.control.window = 1MB (=1048576) (default)
2022-06-08 19:33:51,367 [Listener at 127.0.0.1/34913] INFO  server.RaftServerConfigKeys (ConfUtils.java:logGet(46)) - raft.server.rpc.request.timeout = 3000ms (default)
2022-06-08 19:33:51,367 [Listener at 127.0.0.1/34913] INFO  grpc.GrpcConfigKeys (ConfUtils.java:logGet(46)) - raft.grpc.server.async.request.thread.pool.cached = true (default)
2022-06-08 19:33:51,367 [Listener at 127.0.0.1/34913] INFO  grpc.GrpcConfigKeys (ConfUtils.java:logGet(46)) - raft.grpc.server.async.request.thread.pool.size = 32 (default)
2022-06-08 19:33:51,368 [Listener at 127.0.0.1/34913] INFO  impl.DataStreamServerImpl (ConfUtils.java:logGet(46)) - raft.datastream.type = DISABLED (default)
2022-06-08 19:33:51,368 [Listener at 127.0.0.1/34913] INFO  server.RaftServerConfigKeys (ConfUtils.java:logGet(46)) - raft.server.threadpool.proxy.cached = true (default)
2022-06-08 19:33:51,368 [Listener at 127.0.0.1/34913] INFO  server.RaftServerConfigKeys (ConfUtils.java:logGet(46)) - raft.server.threadpool.proxy.size = 0 (default)
2022-06-08 19:33:51,368 [Listener at 127.0.0.1/34913] INFO  server.RaftServerConfigKeys (ConfUtils.java:logGet(46)) - raft.server.rpc.slowness.timeout = 2s (custom)
2022-06-08 19:33:51,368 [Listener at 127.0.0.1/34913] INFO  server.RaftServerConfigKeys (ConfUtils.java:logGet(46)) - raft.server.leaderelection.leader.step-down.wait-time = 10s (default)
2022-06-08 19:33:51,368 [Listener at 127.0.0.1/34913] INFO  server.RaftServerConfigKeys (ConfUtils.java:logGet(46)) - raft.server.storage.dir = [/home/runner/work/ozone/ozone/hadoop-ozone/integration-test/target/test-dir/MiniOzoneClusterImpl-6ca4cc63-2561-4277-bbe7-e6e454dc87c0/omNode-3/ratis] (custom)
2022-06-08 19:33:51,369 [Listener at 127.0.0.1/34913] INFO  server.RaftServer (RaftServerProxy.java:addNew(96)) - omNode-3: addNew group-6C22E66A003A:[omNode-3|rpc:localhost:36495|priority:0, omNode-1|rpc:localhost:37093|priority:0, omNode-2|rpc:localhost:44297|priority:0] returns group-6C22E66A003A:java.util.concurrent.CompletableFuture@66bc854[Not completed]
2022-06-08 19:33:51,369 [pool-174-thread-1] INFO  server.RaftServer$Division (RaftServerImpl.java:<init>(190)) - omNode-3: new RaftServerImpl for group-6C22E66A003A:[omNode-3|rpc:localhost:36495|priority:0, omNode-1|rpc:localhost:37093|priority:0, omNode-2|rpc:localhost:44297|priority:0] with OzoneManagerStateMachine:uninitialized
2022-06-08 19:33:51,369 [Listener at 127.0.0.1/34913] INFO  om.OzoneManager (OzoneManager.java:initializeRatisServer(1958)) - OzoneManager Ratis server initialized at port 36495
2022-06-08 19:33:51,369 [pool-174-thread-1] INFO  server.RaftServerConfigKeys (ConfUtils.java:logGet(46)) - raft.server.rpc.timeout.min = 1s (custom)
2022-06-08 19:33:51,369 [pool-174-thread-1] INFO  server.RaftServerConfigKeys (ConfUtils.java:logGet(46)) - raft.server.rpc.timeout.max = 1200ms (custom)
2022-06-08 19:33:51,369 [pool-174-thread-1] INFO  server.RaftServerConfigKeys (ConfUtils.java:logGet(46)) - raft.server.rpc.sleep.time = 25ms (default)
2022-06-08 19:33:51,369 [pool-174-thread-1] INFO  server.RaftServerConfigKeys (ConfUtils.java:logGet(46)) - raft.server.rpc.slowness.timeout = 2s (custom)
2022-06-08 19:33:51,369 [pool-174-thread-1] INFO  server.RaftServerConfigKeys (ConfUtils.java:logGet(46)) - raft.server.leaderelection.leader.step-down.wait-time = 10s (default)
2022-06-08 19:33:51,369 [pool-174-thread-1] INFO  server.RaftServerConfigKeys (ConfUtils.java:logGet(46)) - raft.server.sleep.deviation.threshold = 300ms (default)
2022-06-08 19:33:51,369 [pool-174-thread-1] INFO  server.RaftServer$Division (ServerState.java:<init>(107)) - omNode-3@group-6C22E66A003A: ConfigurationManager, init=-1: [omNode-3|rpc:localhost:36495|priority:0, omNode-1|rpc:localhost:37093|priority:0, omNode-2|rpc:localhost:44297|priority:0], old=null, confs=<EMPTY_MAP>
2022-06-08 19:33:51,370 [pool-174-thread-1] INFO  server.RaftServerConfigKeys (ConfUtils.java:logGet(46)) - raft.server.storage.dir = [/home/runner/work/ozone/ozone/hadoop-ozone/integration-test/target/test-dir/MiniOzoneClusterImpl-6ca4cc63-2561-4277-bbe7-e6e454dc87c0/omNode-3/ratis] (custom)
2022-06-08 19:33:51,370 [pool-174-thread-1] INFO  server.RaftServerConfigKeys (ConfUtils.java:logGet(46)) - raft.server.log.corruption.policy = EXCEPTION (default)
2022-06-08 19:33:51,370 [pool-174-thread-1] INFO  server.RaftServerConfigKeys (ConfUtils.java:logGet(46)) - raft.server.storage.free-space.min = 0MB (=0) (default)
2022-06-08 19:33:51,370 [pool-174-thread-1] INFO  storage.RaftStorageDirectory (RaftStorageDirectoryImpl.java:analyzeStorage(135)) - The storage directory /home/runner/work/ozone/ozone/hadoop-ozone/integration-test/target/test-dir/MiniOzoneClusterImpl-6ca4cc63-2561-4277-bbe7-e6e454dc87c0/omNode-3/ratis/9c9825ce-8ba7-3ee6-a7c3-6c22e66a003a does not exist. Creating ...
2022-06-08 19:33:51,370 [Listener at 127.0.0.1/34913] INFO  om.OzoneManager (OzoneManager.java:getRpcServer(1078)) - Creating RPC Server
2022-06-08 19:33:51,376 [pool-174-thread-1] INFO  storage.RaftStorageDirectory (RaftStorageDirectoryImpl.java:tryLock(230)) - Lock on /home/runner/work/ozone/ozone/hadoop-ozone/integration-test/target/test-dir/MiniOzoneClusterImpl-6ca4cc63-2561-4277-bbe7-e6e454dc87c0/omNode-3/ratis/9c9825ce-8ba7-3ee6-a7c3-6c22e66a003a/in_use.lock acquired by nodename 20560@fv-az243-689
2022-06-08 19:33:51,378 [pool-174-thread-1] INFO  storage.RaftStorage (RaftStorageImpl.java:format(89)) - Storage directory /home/runner/work/ozone/ozone/hadoop-ozone/integration-test/target/test-dir/MiniOzoneClusterImpl-6ca4cc63-2561-4277-bbe7-e6e454dc87c0/omNode-3/ratis/9c9825ce-8ba7-3ee6-a7c3-6c22e66a003a has been successfully formatted.
2022-06-08 19:33:51,378 [pool-174-thread-1] INFO  server.RaftServerConfigKeys (ConfUtils.java:logGet(46)) - raft.server.notification.no-leader.timeout = 2s (custom)
2022-06-08 19:33:51,379 [pool-174-thread-1] INFO  server.RaftServerConfigKeys (ConfUtils.java:logGet(46)) - raft.server.log.use.memory = false (default)
2022-06-08 19:33:51,379 [pool-174-thread-1] INFO  server.RaftServerConfigKeys (ConfUtils.java:logGet(46)) - raft.server.log.purge.gap = 1000000 (custom)
2022-06-08 19:33:51,379 [pool-174-thread-1] INFO  server.RaftServerConfigKeys (ConfUtils.java:logGet(46)) - raft.server.log.appender.buffer.byte-limit = 33554432 (custom)
2022-06-08 19:33:51,379 [pool-174-thread-1] INFO  server.RaftServerConfigKeys (ConfUtils.java:logGet(46)) - raft.server.log.statemachine.data.read.timeout = 1000ms (default)
2022-06-08 19:33:51,379 [pool-174-thread-1] INFO  server.RaftServerConfigKeys (ConfUtils.java:logGet(46)) - raft.server.log.segment.size.max = 4194304 (custom)
2022-06-08 19:33:51,379 [pool-174-thread-1] INFO  server.RaftServerConfigKeys (ConfUtils.java:logGet(46)) - raft.server.log.segment.cache.num.max = 2 (custom)
2022-06-08 19:33:51,379 [pool-174-thread-1] INFO  server.RaftServerConfigKeys (ConfUtils.java:logGet(46)) - raft.server.log.segment.cache.size.max = 200MB (=209715200) (default)
2022-06-08 19:33:51,379 [pool-174-thread-1] INFO  segmented.SegmentedRaftLogWorker (SegmentedRaftLogWorker.java:<init>(187)) - new omNode-3@group-6C22E66A003A-SegmentedRaftLogWorker for RaftStorageImpl:Storage Directory /home/runner/work/ozone/ozone/hadoop-ozone/integration-test/target/test-dir/MiniOzoneClusterImpl-6ca4cc63-2561-4277-bbe7-e6e454dc87c0/omNode-3/ratis/9c9825ce-8ba7-3ee6-a7c3-6c22e66a003a
2022-06-08 19:33:51,379 [pool-174-thread-1] INFO  server.RaftServerConfigKeys (ConfUtils.java:logGet(46)) - raft.server.log.queue.byte-limit = 64MB (=67108864) (default)
2022-06-08 19:33:51,379 [pool-174-thread-1] INFO  server.RaftServerConfigKeys (ConfUtils.java:logGet(46)) - raft.server.log.queue.element-limit = 4096 (default)
2022-06-08 19:33:51,380 [pool-174-thread-1] INFO  server.RaftServerConfigKeys (ConfUtils.java:logGet(46)) - raft.server.log.segment.size.max = 4194304 (custom)
2022-06-08 19:33:51,380 [pool-174-thread-1] INFO  server.RaftServerConfigKeys (ConfUtils.java:logGet(46)) - raft.server.log.preallocated.size = 4194304 (custom)
2022-06-08 19:33:51,380 [pool-174-thread-1] INFO  server.RaftServerConfigKeys (ConfUtils.java:logGet(46)) - raft.server.log.force.sync.num = 128 (default)
2022-06-08 19:33:51,380 [pool-174-thread-1] INFO  server.RaftServerConfigKeys (ConfUtils.java:logGet(46)) - raft.server.log.statemachine.data.sync = true (default)
2022-06-08 19:33:51,380 [pool-174-thread-1] INFO  server.RaftServerConfigKeys (ConfUtils.java:logGet(46)) - raft.server.log.statemachine.data.sync.timeout = 10s (default)
2022-06-08 19:33:51,380 [pool-174-thread-1] INFO  server.RaftServerConfigKeys (ConfUtils.java:logGet(46)) - raft.server.log.statemachine.data.sync.timeout.retry = -1 (default)
2022-06-08 19:33:51,380 [pool-174-thread-1] INFO  server.RaftServerConfigKeys (ConfUtils.java:logGet(46)) - raft.server.log.write.buffer.size = 64KB (=65536) (default)
2022-06-08 19:33:51,380 [pool-174-thread-1] INFO  server.RaftServerConfigKeys (ConfUtils.java:logGet(46)) - raft.server.log.unsafe-flush.enabled = false (default)
2022-06-08 19:33:51,380 [pool-174-thread-1] INFO  server.RaftServerConfigKeys (ConfUtils.java:logGet(46)) - raft.server.log.statemachine.data.caching.enabled = false (default)
2022-06-08 19:33:51,381 [pool-174-thread-1] INFO  segmented.SegmentedRaftLogWorker (SegmentedRaftLogWorker.java:lambda$new$0(135)) - omNode-3@group-6C22E66A003A-SegmentedRaftLogWorker: flushIndex: setUnconditionally 0 -> -1
2022-06-08 19:33:51,381 [pool-174-thread-1] INFO  segmented.SegmentedRaftLogWorker (SegmentedRaftLogWorker.java:lambda$new$0(135)) - omNode-3@group-6C22E66A003A-SegmentedRaftLogWorker: safeCacheEvictIndex: setUnconditionally 0 -> -1
2022-06-08 19:33:51,397 [pool-174-thread-1] INFO  server.RaftServerConfigKeys (ConfUtils.java:logGet(46)) - raft.server.snapshot.auto.trigger.enabled = true (custom)
2022-06-08 19:33:51,397 [pool-174-thread-1] INFO  server.RaftServerConfigKeys (ConfUtils.java:logGet(46)) - raft.server.snapshot.auto.trigger.threshold = 400000 (default)
2022-06-08 19:33:51,397 [pool-174-thread-1] INFO  server.RaftServerConfigKeys (ConfUtils.java:logGet(46)) - raft.server.snapshot.retention.file.num = -1 (default)
2022-06-08 19:33:51,397 [pool-174-thread-1] INFO  server.RaftServerConfigKeys (ConfUtils.java:logGet(46)) - raft.server.log.purge.upto.snapshot.index = true (custom)
2022-06-08 19:33:51,397 [pool-174-thread-1] INFO  server.RaftServerConfigKeys (ConfUtils.java:logGet(46)) - raft.server.retrycache.expirytime = 300s (custom)
2022-06-08 19:33:51,397 [pool-174-thread-1] INFO  server.RaftServerConfigKeys (ConfUtils.java:logGet(46)) - raft.server.retrycache.statistics.expirytime = 100μs (default)
2022-06-08 19:33:51,398 [pool-174-thread-1] INFO  server.RaftServerConfigKeys (ConfUtils.java:logGet(46)) - raft.server.log.appender.install.snapshot.enabled = false (custom)
2022-06-08 19:33:51,398 [pool-174-thread-1] INFO  server.RaftServerConfigKeys (ConfUtils.java:logGet(46)) - raft.server.threadpool.server.cached = true (default)
2022-06-08 19:33:51,398 [pool-174-thread-1] INFO  server.RaftServerConfigKeys (ConfUtils.java:logGet(46)) - raft.server.threadpool.server.size = 0 (default)
2022-06-08 19:33:51,398 [pool-174-thread-1] INFO  server.RaftServerConfigKeys (ConfUtils.java:logGet(46)) - raft.server.threadpool.client.cached = true (default)
2022-06-08 19:33:51,398 [pool-174-thread-1] INFO  server.RaftServerConfigKeys (ConfUtils.java:logGet(46)) - raft.server.threadpool.client.size = 0 (default)
2022-06-08 19:33:51,802 [Listener at 127.0.0.1/34913] INFO  reflections.Reflections (Reflections.java:scan(232)) - Reflections took 431 ms to scan 19 urls, producing 66 keys and 3980 values [using 2 cores]
2022-06-08 19:33:51,803 [Listener at 127.0.0.1/34913] INFO  ipc.CallQueueManager (CallQueueManager.java:<init>(90)) - Using callQueue: class java.util.concurrent.LinkedBlockingQueue, queueCapacity: 2000, scheduler: class org.apache.hadoop.ipc.DefaultRpcScheduler, ipcBackoff: false.
2022-06-08 19:33:51,804 [Socket Reader #1 for port 45261] INFO  ipc.Server (Server.java:run(1265)) - Starting Socket Reader #1 for port 45261
2022-06-08 19:33:51,825 [Listener at 127.0.0.1/45261] INFO  impl.MetricsSystemImpl (MetricsSystemImpl.java:init(158)) - OzoneManager metrics system started (again)
2022-06-08 19:33:51,836 [Listener at 127.0.0.1/45261] INFO  om.OzoneManager (OzoneManager.java:start(1462)) - OzoneManager RPC server is listening at localhost/127.0.0.1:45261
2022-06-08 19:33:51,836 [Listener at 127.0.0.1/45261] INFO  ratis.OzoneManagerRatisServer (OzoneManagerRatisServer.java:start(554)) - Starting OzoneManagerRatisServer omNode-3 at port 36495
2022-06-08 19:33:51,837 [omNode-3-impl-thread1] INFO  server.RaftServer$Division (RaftServerImpl.java:start(310)) - omNode-3@group-6C22E66A003A: start as a follower, conf=-1: [omNode-3|rpc:localhost:36495|priority:0, omNode-1|rpc:localhost:37093|priority:0, omNode-2|rpc:localhost:44297|priority:0], old=null
2022-06-08 19:33:51,837 [omNode-3-impl-thread1] INFO  server.RaftServer$Division (RaftServerImpl.java:setRole(299)) - omNode-3@group-6C22E66A003A: changes role from      null to FOLLOWER at term 0 for startAsFollower
2022-06-08 19:33:51,837 [omNode-3-impl-thread1] INFO  impl.RoleInfo (RoleInfo.java:updateAndGet(139)) - omNode-3: start omNode-3@group-6C22E66A003A-FollowerState
2022-06-08 19:33:51,837 [omNode-3-impl-thread1] INFO  util.JmxRegister (JmxRegister.java:tryRegister(44)) - Successfully registered JMX Bean with object name Ratis:service=RaftServer,group=group-6C22E66A003A,id=omNode-3
2022-06-08 19:33:51,838 [Listener at 127.0.0.1/45261] INFO  server.RaftServer (RaftServerProxy.java:lambda$start$6(382)) - omNode-3: start RPC server
2022-06-08 19:33:51,849 [Listener at 127.0.0.1/45261] INFO  server.GrpcService (GrpcService.java:startImpl(260)) - omNode-3: GrpcService started, listening on 36495
2022-06-08 19:33:51,849 [Listener at 127.0.0.1/45261] INFO  om.OzoneManager (OzoneManager.java:start(1478)) - Version File has different layout version (3) than OM DB (null). That is expected if this OM has never been finalized to a newer layout version.
2022-06-08 19:33:51,849 [org.apache.ratis.util.JvmPauseMonitor$$Lambda$519/1621292246@157cad5e] INFO  util.JvmPauseMonitor (JvmPauseMonitor.java:run(103)) - JvmPauseMonitor-omNode-3: Started
2022-06-08 19:33:51,851 [Listener at 127.0.0.1/45261] INFO  http.BaseHttpServer (BaseHttpServer.java:newHttpServer2BuilderForOzone(209)) - Starting Web-server for ozoneManager at: http://0.0.0.0:36717
2022-06-08 19:33:51,851 [Listener at 127.0.0.1/45261] INFO  http.BaseHttpServer (BaseHttpServer.java:<init>(107)) - Hadoop Security Enabled: false Ozone Security Enabled: false Ozone HTTP Security Enabled: false 
2022-06-08 19:33:51,852 [Listener at 127.0.0.1/45261] INFO  server.AuthenticationFilter (AuthenticationFilter.java:constructSecretProvider(240)) - Unable to initialize FileSignerSecretProvider, falling back to use random secrets.
2022-06-08 19:33:51,853 [Listener at 127.0.0.1/45261] WARN  http.HttpRequestLog (HttpRequestLog.java:getRequestLog(103)) - Jetty request log can only be enabled using Log4j
2022-06-08 19:33:51,854 [Listener at 127.0.0.1/45261] INFO  http.HttpServer2 (HttpServer2.java:addGlobalFilter(1029)) - Added global filter 'safety' (class=org.apache.hadoop.hdds.server.http.HttpServer2$QuotingInputFilter)
2022-06-08 19:33:51,855 [Listener at 127.0.0.1/45261] INFO  http.HttpServer2 (HttpServer2.java:addFilter(1005)) - Added filter static_user_filter (class=org.apache.hadoop.http.lib.StaticUserWebFilter$StaticUserFilter) to context ozoneManager
2022-06-08 19:33:51,855 [Listener at 127.0.0.1/45261] INFO  http.HttpServer2 (HttpServer2.java:addFilter(1013)) - Added filter static_user_filter (class=org.apache.hadoop.http.lib.StaticUserWebFilter$StaticUserFilter) to context static
2022-06-08 19:33:51,855 [Listener at 127.0.0.1/45261] INFO  http.HttpServer2 (HttpServer2.java:addFilter(1013)) - Added filter static_user_filter (class=org.apache.hadoop.http.lib.StaticUserWebFilter$StaticUserFilter) to context logs
2022-06-08 19:33:51,855 [Listener at 127.0.0.1/45261] INFO  http.HttpServer2 (HttpServer2.java:bindListener(1248)) - Jetty bound to port 36717
2022-06-08 19:33:51,855 [Listener at 127.0.0.1/45261] INFO  server.Server (Server.java:doStart(375)) - jetty-9.4.43.v20210629; built: 2021-06-30T11:07:22.254Z; git: 526006ecfa3af7f1a27ef3a288e2bef7ea9dd7e8; jvm 1.8.0_332-b09
2022-06-08 19:33:51,863 [Listener at 127.0.0.1/45261] INFO  server.session (DefaultSessionIdManager.java:doStart(334)) - DefaultSessionIdManager workerName=node0
2022-06-08 19:33:51,863 [Listener at 127.0.0.1/45261] INFO  server.session (DefaultSessionIdManager.java:doStart(339)) - No SessionScavenger set, using defaults
2022-06-08 19:33:51,863 [Listener at 127.0.0.1/45261] INFO  server.session (HouseKeeper.java:startScavenging(132)) - node0 Scavenging every 600000ms
2022-06-08 19:33:51,864 [Listener at 127.0.0.1/45261] INFO  handler.ContextHandler (ContextHandler.java:doStart(915)) - Started o.e.j.s.ServletContextHandler@26c9536{logs,/logs,file:///home/runner/work/ozone/ozone/hadoop-ozone/integration-test/target/log,AVAILABLE}
2022-06-08 19:33:51,864 [Listener at 127.0.0.1/45261] INFO  handler.ContextHandler (ContextHandler.java:doStart(915)) - Started o.e.j.s.ServletContextHandler@26c40cc2{static,/static,file:///home/runner/work/ozone/ozone/hadoop-ozone/integration-test/target/test-classes/webapps/static,AVAILABLE}
2022-06-08 19:33:51,869 [Listener at 127.0.0.1/45261] INFO  handler.ContextHandler (ContextHandler.java:doStart(915)) - Started o.e.j.w.WebAppContext@66a32da6{ozoneManager,/,file:///home/runner/work/ozone/ozone/hadoop-ozone/integration-test/target/test-classes/webapps/ozoneManager/,AVAILABLE}{file:/home/runner/work/ozone/ozone/hadoop-ozone/integration-test/target/test-classes/webapps/ozoneManager}
2022-06-08 19:33:51,871 [Listener at 127.0.0.1/45261] INFO  server.AbstractConnector (AbstractConnector.java:doStart(331)) - Started ServerConnector@4d5d3d9f{HTTP/1.1, (http/1.1)}{0.0.0.0:36717}
2022-06-08 19:33:51,871 [Listener at 127.0.0.1/45261] INFO  server.Server (Server.java:doStart(415)) - Started @26166ms
2022-06-08 19:33:51,871 [Listener at 127.0.0.1/45261] WARN  impl.MetricsSystemImpl (MetricsSystemImpl.java:register(279)) - Sink prometheus already exists!
2022-06-08 19:33:51,871 [Listener at 127.0.0.1/45261] INFO  http.BaseHttpServer (BaseHttpServer.java:updateConnectorAddress(329)) - HTTP server of ozoneManager listening at http://0.0.0.0:36717
2022-06-08 19:33:51,872 [IPC Server Responder] INFO  ipc.Server (Server.java:run(1507)) - IPC Server Responder: starting
2022-06-08 19:33:51,875 [IPC Server listener on 45261] INFO  ipc.Server (Server.java:run(1344)) - IPC Server listener on 45261: starting
2022-06-08 19:33:51,880 [Listener at 127.0.0.1/45261] INFO  om.OzoneManager (OzoneManager.java:startTrashEmptier(1902)) - Trash Interval set to 0. Files deleted won't move to trash
2022-06-08 19:33:51,880 [Listener at 127.0.0.1/45261] INFO  ozone.MiniOzoneHAClusterImpl (MiniOzoneHAClusterImpl.java:createOMService(522)) - Started OzoneManager omNode-3 RPC server at localhost/127.0.0.1:45261
2022-06-08 19:33:51,880 [org.apache.hadoop.util.JvmPauseMonitor$Monitor@1bcb2f62] INFO  util.JvmPauseMonitor (JvmPauseMonitor.java:run(188)) - Starting JVM pause monitor
2022-06-08 19:33:51,919 [omNode-2@group-6C22E66A003A-FollowerState] INFO  impl.FollowerState (FollowerState.java:run(143)) - omNode-2@group-6C22E66A003A-FollowerState: change to CANDIDATE, lastRpcElapsedTime:1012811554ns, electionTimeout:1008ms
2022-06-08 19:33:51,920 [omNode-2@group-6C22E66A003A-FollowerState] INFO  impl.RoleInfo (RoleInfo.java:shutdownFollowerState(110)) - omNode-2: shutdown omNode-2@group-6C22E66A003A-FollowerState
2022-06-08 19:33:51,920 [omNode-2@group-6C22E66A003A-FollowerState] INFO  server.RaftServer$Division (RaftServerImpl.java:setRole(299)) - omNode-2@group-6C22E66A003A: changes role from  FOLLOWER to CANDIDATE at term 0 for changeToCandidate
2022-06-08 19:33:51,920 [omNode-2@group-6C22E66A003A-FollowerState] INFO  server.RaftServerConfigKeys (ConfUtils.java:logGet(46)) - raft.server.leaderelection.pre-vote = false (custom)
2022-06-08 19:33:51,920 [omNode-2@group-6C22E66A003A-FollowerState] INFO  impl.RoleInfo (RoleInfo.java:updateAndGet(139)) - omNode-2: start omNode-2@group-6C22E66A003A-LeaderElection4
2022-06-08 19:33:51,924 [omNode-2@group-6C22E66A003A-LeaderElection4] INFO  impl.LeaderElection (LeaderElection.java:askForVotes(310)) - omNode-2@group-6C22E66A003A-LeaderElection4 ELECTION round 0: submit vote requests at term 1 for -1: [omNode-3|rpc:localhost:36495|priority:0, omNode-1|rpc:localhost:37093|priority:0, omNode-2|rpc:localhost:44297|priority:0], old=null
2022-06-08 19:33:51,938 [omNode-1@group-6C22E66A003A-FollowerState] INFO  impl.FollowerState (FollowerState.java:run(143)) - omNode-1@group-6C22E66A003A-FollowerState: change to CANDIDATE, lastRpcElapsedTime:1030326536ns, electionTimeout:1023ms
2022-06-08 19:33:51,938 [omNode-1@group-6C22E66A003A-FollowerState] INFO  impl.RoleInfo (RoleInfo.java:shutdownFollowerState(110)) - omNode-1: shutdown omNode-1@group-6C22E66A003A-FollowerState
2022-06-08 19:33:51,938 [omNode-1@group-6C22E66A003A-FollowerState] INFO  server.RaftServer$Division (RaftServerImpl.java:setRole(299)) - omNode-1@group-6C22E66A003A: changes role from  FOLLOWER to CANDIDATE at term 1 for changeToCandidate
2022-06-08 19:33:51,941 [omNode-1@group-6C22E66A003A-FollowerState] INFO  server.RaftServerConfigKeys (ConfUtils.java:logGet(46)) - raft.server.leaderelection.pre-vote = false (custom)
2022-06-08 19:33:51,941 [omNode-1@group-6C22E66A003A-FollowerState] INFO  impl.RoleInfo (RoleInfo.java:updateAndGet(139)) - omNode-1: start omNode-1@group-6C22E66A003A-LeaderElection5
2022-06-08 19:33:51,952 [grpc-default-executor-2] INFO  server.RaftServer$Division (RaftServerImpl.java:requestVote(1152)) - omNode-3@group-6C22E66A003A: receive requestVote(ELECTION, omNode-2, group-6C22E66A003A, 1, (t:0, i:~))
2022-06-08 19:33:51,953 [omNode-1@group-6C22E66A003A-LeaderElection5] INFO  impl.LeaderElection (LeaderElection.java:askForVotes(310)) - omNode-1@group-6C22E66A003A-LeaderElection5 ELECTION round 0: submit vote requests at term 2 for -1: [omNode-3|rpc:localhost:36495|priority:0, omNode-1|rpc:localhost:37093|priority:0, omNode-2|rpc:localhost:44297|priority:0], old=null
2022-06-08 19:33:51,958 [grpc-default-executor-2] INFO  impl.VoteContext (VoteContext.java:log(48)) - omNode-3@group-6C22E66A003A-FOLLOWER: accept ELECTION from omNode-2: our priority 0 <= candidate's priority 0
2022-06-08 19:33:51,958 [grpc-default-executor-2] INFO  server.RaftServer$Division (RaftServerImpl.java:setRole(299)) - omNode-3@group-6C22E66A003A: changes role from  FOLLOWER to FOLLOWER at term 1 for candidate:omNode-2
2022-06-08 19:33:51,958 [grpc-default-executor-2] INFO  impl.RoleInfo (RoleInfo.java:shutdownFollowerState(110)) - omNode-3: shutdown omNode-3@group-6C22E66A003A-FollowerState
2022-06-08 19:33:51,959 [grpc-default-executor-2] INFO  impl.RoleInfo (RoleInfo.java:updateAndGet(139)) - omNode-3: start omNode-3@group-6C22E66A003A-FollowerState
2022-06-08 19:33:51,959 [omNode-3@group-6C22E66A003A-FollowerState] INFO  impl.FollowerState (FollowerState.java:run(152)) - omNode-3@group-6C22E66A003A-FollowerState was interrupted
2022-06-08 19:33:51,968 [omNode-1@group-6C22E66A003A-LeaderElection5] INFO  impl.LeaderElection (LogUtils.java:infoOrTrace(137)) - omNode-1@group-6C22E66A003A-LeaderElection5 got exception when requesting votes: java.util.concurrent.ExecutionException: org.apache.ratis.thirdparty.io.grpc.StatusRuntimeException: UNAVAILABLE: io exception
2022-06-08 19:33:51,969 [grpc-default-executor-2] INFO  server.RaftServer$Division (RaftServerImpl.java:requestVote(1184)) - omNode-3@group-6C22E66A003A replies to ELECTION vote request: omNode-2<-omNode-3#0:OK-t1. Peer's state: omNode-3@group-6C22E66A003A:t1, leader=null, voted=omNode-2, raftlog=omNode-3@group-6C22E66A003A-SegmentedRaftLog:OPENED:c-1, conf=-1: [omNode-3|rpc:localhost:36495|priority:0, omNode-1|rpc:localhost:37093|priority:0, omNode-2|rpc:localhost:44297|priority:0], old=null
2022-06-08 19:33:51,971 [omNode-2@group-6C22E66A003A-LeaderElection4] INFO  impl.LeaderElection (LeaderElection.java:logAndReturn(90)) - omNode-2@group-6C22E66A003A-LeaderElection4: ELECTION PASSED received 1 response(s) and 0 exception(s):
2022-06-08 19:33:51,971 [omNode-2@group-6C22E66A003A-LeaderElection4] INFO  impl.LeaderElection (LeaderElection.java:logAndReturn(94)) -   Response 0: omNode-2<-omNode-3#0:OK-t1
2022-06-08 19:33:51,971 [omNode-2@group-6C22E66A003A-LeaderElection4] INFO  impl.LeaderElection (LeaderElection.java:askForVotes(312)) - omNode-2@group-6C22E66A003A-LeaderElection4 ELECTION round 0: result PASSED
2022-06-08 19:33:51,971 [omNode-2@group-6C22E66A003A-LeaderElection4] INFO  impl.RoleInfo (RoleInfo.java:shutdownLeaderElection(130)) - omNode-2: shutdown omNode-2@group-6C22E66A003A-LeaderElection4
2022-06-08 19:33:51,971 [omNode-2@group-6C22E66A003A-LeaderElection4] INFO  server.RaftServer$Division (RaftServerImpl.java:setRole(299)) - omNode-2@group-6C22E66A003A: changes role from CANDIDATE to LEADER at term 1 for changeToLeader
2022-06-08 19:33:51,971 [omNode-2@group-6C22E66A003A-LeaderElection4] INFO  server.RaftServer$Division (ServerState.java:setLeader(287)) - omNode-2@group-6C22E66A003A: change Leader from null to omNode-2 at term 1 for becomeLeader, leader elected after 1712ms
2022-06-08 19:33:51,971 [omNode-2@group-6C22E66A003A-LeaderElection4] INFO  server.RaftServerConfigKeys (ConfUtils.java:logGet(46)) - raft.server.staging.catchup.gap = 1000 (default)
2022-06-08 19:33:51,971 [omNode-2@group-6C22E66A003A-LeaderElection4] INFO  server.RaftServerConfigKeys (ConfUtils.java:logGet(46)) - raft.server.write.element-limit = 4096 (default)
2022-06-08 19:33:51,971 [omNode-2@group-6C22E66A003A-LeaderElection4] INFO  server.RaftServerConfigKeys (ConfUtils.java:logGet(46)) - raft.server.write.byte-limit = 64MB (=67108864) (default)
2022-06-08 19:33:51,971 [omNode-2@group-6C22E66A003A-LeaderElection4] INFO  server.RaftServerConfigKeys (ConfUtils.java:logGet(46)) - raft.server.watch.timeout = 10s (default)
2022-06-08 19:33:51,971 [omNode-2@group-6C22E66A003A-LeaderElection4] INFO  server.RaftServerConfigKeys (ConfUtils.java:logGet(46)) - raft.server.watch.timeout.denomination = 1s (default)
2022-06-08 19:33:51,972 [omNode-2@group-6C22E66A003A-LeaderElection4] INFO  server.RaftServerConfigKeys (ConfUtils.java:logGet(46)) - raft.server.watch.element-limit = 65536 (default)
2022-06-08 19:33:51,972 [omNode-2@group-6C22E66A003A-LeaderElection4] INFO  server.RaftServerConfigKeys (ConfUtils.java:logGet(46)) - raft.server.write.element-limit = 4096 (default)
2022-06-08 19:33:51,972 [omNode-2@group-6C22E66A003A-LeaderElection4] INFO  server.RaftServerConfigKeys (ConfUtils.java:logGet(46)) - raft.server.write.follower.gap.ratio.max = -1.0 (default)
2022-06-08 19:33:51,972 [omNode-2@group-6C22E66A003A-LeaderElection4] INFO  server.RaftServerConfigKeys (ConfUtils.java:logGet(46)) - raft.server.log.appender.snapshot.chunk.size.max = 16MB (=16777216) (default)
2022-06-08 19:33:51,972 [omNode-2@group-6C22E66A003A-LeaderElection4] INFO  server.RaftServerConfigKeys (ConfUtils.java:logGet(46)) - raft.server.log.appender.buffer.byte-limit = 33554432 (custom)
2022-06-08 19:33:51,972 [omNode-2@group-6C22E66A003A-LeaderElection4] INFO  server.RaftServerConfigKeys (ConfUtils.java:logGet(46)) - raft.server.log.appender.buffer.element-limit = 1024 (custom)
2022-06-08 19:33:51,972 [omNode-2@group-6C22E66A003A-LeaderElection4] INFO  grpc.GrpcConfigKeys (ConfUtils.java:logGet(46)) - raft.grpc.server.leader.outstanding.appends.max = 128 (default)
2022-06-08 19:33:51,972 [omNode-2@group-6C22E66A003A-LeaderElection4] INFO  server.RaftServerConfigKeys (ConfUtils.java:logGet(46)) - raft.server.rpc.request.timeout = 3000ms (default)
2022-06-08 19:33:51,973 [omNode-2@group-6C22E66A003A-LeaderElection4] INFO  server.RaftServerConfigKeys (ConfUtils.java:logGet(46)) - raft.server.log.appender.install.snapshot.enabled = false (custom)
2022-06-08 19:33:51,973 [omNode-2@group-6C22E66A003A-LeaderElection4] INFO  server.RaftServerConfigKeys (ConfUtils.java:logGet(46)) - raft.server.log.appender.snapshot.chunk.size.max = 16MB (=16777216) (default)
2022-06-08 19:33:51,973 [omNode-2@group-6C22E66A003A-LeaderElection4] INFO  server.RaftServerConfigKeys (ConfUtils.java:logGet(46)) - raft.server.log.appender.buffer.byte-limit = 33554432 (custom)
2022-06-08 19:33:51,973 [omNode-2@group-6C22E66A003A-LeaderElection4] INFO  server.RaftServerConfigKeys (ConfUtils.java:logGet(46)) - raft.server.log.appender.buffer.element-limit = 1024 (custom)
2022-06-08 19:33:51,974 [omNode-2@group-6C22E66A003A-LeaderElection4] INFO  grpc.GrpcConfigKeys (ConfUtils.java:logGet(46)) - raft.grpc.server.leader.outstanding.appends.max = 128 (default)
2022-06-08 19:33:51,974 [omNode-2@group-6C22E66A003A-LeaderElection4] INFO  server.RaftServerConfigKeys (ConfUtils.java:logGet(46)) - raft.server.rpc.request.timeout = 3000ms (default)
2022-06-08 19:33:51,974 [omNode-2@group-6C22E66A003A-LeaderElection4] INFO  server.RaftServerConfigKeys (ConfUtils.java:logGet(46)) - raft.server.log.appender.install.snapshot.enabled = false (custom)
2022-06-08 19:33:51,974 [omNode-2@group-6C22E66A003A-LeaderElection4] INFO  impl.RoleInfo (RoleInfo.java:updateAndGet(139)) - omNode-2: start omNode-2@group-6C22E66A003A-LeaderStateImpl
2022-06-08 19:33:51,974 [omNode-2@group-6C22E66A003A-LeaderElection4] INFO  segmented.SegmentedRaftLogWorker (SegmentedRaftLogWorker.java:startLogSegment(425)) - omNode-2@group-6C22E66A003A-SegmentedRaftLogWorker: Starting segment from index:0
2022-06-08 19:33:52,005 [grpc-default-executor-0] INFO  server.RaftServer$Division (RaftServerImpl.java:requestVote(1152)) - omNode-1@group-6C22E66A003A: receive requestVote(ELECTION, omNode-2, group-6C22E66A003A, 1, (t:0, i:~))
2022-06-08 19:33:52,005 [grpc-default-executor-2] INFO  server.RaftServer$Division (RaftServerImpl.java:requestVote(1152)) - omNode-2@group-6C22E66A003A: receive requestVote(ELECTION, omNode-1, group-6C22E66A003A, 2, (t:0, i:~))
2022-06-08 19:33:52,005 [grpc-default-executor-0] INFO  impl.VoteContext (VoteContext.java:log(48)) - omNode-1@group-6C22E66A003A-CANDIDATE: reject ELECTION from omNode-2: current term 2 > candidate's term 1
2022-06-08 19:33:52,006 [grpc-default-executor-0] INFO  server.RaftServer$Division (RaftServerImpl.java:requestVote(1184)) - omNode-1@group-6C22E66A003A replies to ELECTION vote request: omNode-2<-omNode-1#0:FAIL-t2. Peer's state: omNode-1@group-6C22E66A003A:t2, leader=null, voted=omNode-1, raftlog=omNode-1@group-6C22E66A003A-SegmentedRaftLog:OPENED:c-1, conf=-1: [omNode-3|rpc:localhost:36495|priority:0, omNode-1|rpc:localhost:37093|priority:0, omNode-2|rpc:localhost:44297|priority:0], old=null
2022-06-08 19:33:52,006 [omNode-2@group-6C22E66A003A-LeaderElection4] INFO  server.RaftServer$Division (ServerState.java:setRaftConf(393)) - omNode-2@group-6C22E66A003A: set configuration 0: [omNode-3|rpc:localhost:36495|admin:|client:|dataStream:|priority:0, omNode-1|rpc:localhost:37093|admin:|client:|dataStream:|priority:0, omNode-2|rpc:localhost:44297|admin:|client:|dataStream:|priority:0], old=null
2022-06-08 19:33:52,007 [grpc-default-executor-2] INFO  impl.VoteContext (VoteContext.java:log(48)) - omNode-2@group-6C22E66A003A-LEADER: reject ELECTION from omNode-1: our last entry (t:1, i:0) > candidate's last entry (t:0, i:~)
2022-06-08 19:33:52,007 [grpc-default-executor-2] INFO  server.RaftServer$Division (ServerState.java:setLeader(287)) - omNode-2@group-6C22E66A003A: change Leader from omNode-2 to null at term 2 for updateCurrentTerm
2022-06-08 19:33:52,008 [grpc-default-executor-2] INFO  server.RaftServer$Division (RaftServerImpl.java:setRole(299)) - omNode-2@group-6C22E66A003A: changes role from    LEADER to FOLLOWER at term 2 for candidate:omNode-1
2022-06-08 19:33:52,008 [grpc-default-executor-2] INFO  impl.RoleInfo (RoleInfo.java:shutdownLeaderState(93)) - omNode-2: shutdown omNode-2@group-6C22E66A003A-LeaderStateImpl
2022-06-08 19:33:52,010 [omNode-2@group-6C22E66A003A-SegmentedRaftLogWorker] INFO  segmented.SegmentedRaftLogWorker (SegmentedRaftLogWorker.java:execute(629)) - omNode-2@group-6C22E66A003A-SegmentedRaftLogWorker: created new log segment /home/runner/work/ozone/ozone/hadoop-ozone/integration-test/target/test-dir/MiniOzoneClusterImpl-6ca4cc63-2561-4277-bbe7-e6e454dc87c0/omNode-2/ratis/9c9825ce-8ba7-3ee6-a7c3-6c22e66a003a/current/log_inprogress_0
2022-06-08 19:33:52,024 [omNode-2@group-6C22E66A003A->omNode-3-GrpcLogAppender-LogAppenderDaemon] WARN  server.GrpcLogAppender (GrpcLogAppender.java:mayWait(171)) - omNode-2@group-6C22E66A003A->omNode-3-GrpcLogAppender: Wait interrupted by java.lang.InterruptedException
2022-06-08 19:33:52,026 [omNode-2@group-6C22E66A003A->omNode-1-GrpcLogAppender-LogAppenderDaemon] WARN  server.GrpcLogAppender (GrpcLogAppender.java:mayWait(171)) - omNode-2@group-6C22E66A003A->omNode-1-GrpcLogAppender: Wait interrupted by java.lang.InterruptedException
2022-06-08 19:33:52,023 [grpc-default-executor-2] INFO  impl.PendingRequests (PendingRequests.java:sendNotLeaderResponses(282)) - omNode-2@group-6C22E66A003A-PendingRequests: sendNotLeaderResponses
2022-06-08 19:33:52,034 [omNode-3-server-thread1] INFO  server.RaftServer$Division (ServerState.java:setLeader(287)) - omNode-3@group-6C22E66A003A: change Leader from null to omNode-2 at term 1 for appendEntries, leader elected after 655ms
2022-06-08 19:33:52,039 [grpc-default-executor-0] INFO  server.GrpcServerProtocolService (GrpcServerProtocolService.java:onCompleted(140)) - omNode-1: Completed APPEND_ENTRIES, lastRequest: omNode-2->omNode-1#1-t1,previous=(t:0, i:0),leaderCommit=-1,initializing? true,entries: size=1, first=(t:1, i:0), CONFIGURATIONENTRY
2022-06-08 19:33:52,046 [grpc-default-executor-2] INFO  impl.RoleInfo (RoleInfo.java:updateAndGet(139)) - omNode-2: start omNode-2@group-6C22E66A003A-FollowerState
2022-06-08 19:33:52,051 [omNode-3-server-thread1] INFO  server.RaftServer$Division (ServerState.java:setRaftConf(393)) - omNode-3@group-6C22E66A003A: set configuration 0: [omNode-3|rpc:localhost:36495|admin:|client:|dataStream:|priority:0, omNode-1|rpc:localhost:37093|admin:|client:|dataStream:|priority:0, omNode-2|rpc:localhost:44297|admin:|client:|dataStream:|priority:0], old=null
2022-06-08 19:33:52,052 [omNode-3-server-thread1] INFO  segmented.SegmentedRaftLogWorker (SegmentedRaftLogWorker.java:startLogSegment(425)) - omNode-3@group-6C22E66A003A-SegmentedRaftLogWorker: Starting segment from index:0
2022-06-08 19:33:52,052 [grpc-default-executor-1] INFO  server.GrpcServerProtocolService (GrpcServerProtocolService.java:onCompleted(140)) - omNode-3: Completed APPEND_ENTRIES, lastRequest: omNode-2->omNode-3#1-t1,previous=(t:0, i:0),leaderCommit=-1,initializing? true,entries: size=1, first=(t:1, i:0), CONFIGURATIONENTRY
2022-06-08 19:33:52,054 [grpc-default-executor-0] INFO  server.GrpcLogAppender (GrpcLogAppender.java:onCompleted(339)) - omNode-2@group-6C22E66A003A->omNode-3-AppendLogResponseHandler: follower responses appendEntries COMPLETED
2022-06-08 19:33:52,056 [grpc-default-executor-0] INFO  leader.FollowerInfo (FollowerInfoImpl.java:lambda$new$0(48)) - omNode-2@group-6C22E66A003A->omNode-3: nextIndex: updateUnconditionally 1 -> 0
2022-06-08 19:33:52,057 [grpc-default-executor-2] INFO  server.RaftServer$Division (RaftServerImpl.java:requestVote(1184)) - omNode-2@group-6C22E66A003A replies to ELECTION vote request: omNode-1<-omNode-2#0:FAIL-t2. Peer's state: omNode-2@group-6C22E66A003A:t2, leader=null, voted=null, raftlog=omNode-2@group-6C22E66A003A-SegmentedRaftLog:OPENED:c-1, conf=0: [omNode-3|rpc:localhost:36495|admin:|client:|dataStream:|priority:0, omNode-1|rpc:localhost:37093|admin:|client:|dataStream:|priority:0, omNode-2|rpc:localhost:44297|admin:|client:|dataStream:|priority:0], old=null
2022-06-08 19:33:52,057 [grpc-default-executor-3] INFO  server.GrpcLogAppender (GrpcLogAppender.java:onCompleted(339)) - omNode-2@group-6C22E66A003A->omNode-1-AppendLogResponseHandler: follower responses appendEntries COMPLETED
2022-06-08 19:33:52,057 [grpc-default-executor-3] INFO  leader.FollowerInfo (FollowerInfoImpl.java:lambda$new$0(48)) - omNode-2@group-6C22E66A003A->omNode-1: nextIndex: updateUnconditionally 1 -> 0
2022-06-08 19:33:52,063 [omNode-1@group-6C22E66A003A-LeaderElection5] INFO  impl.LeaderElection (LeaderElection.java:logAndReturn(90)) - omNode-1@group-6C22E66A003A-LeaderElection5: ELECTION REJECTED received 1 response(s) and 1 exception(s):
2022-06-08 19:33:52,070 [omNode-1@group-6C22E66A003A-LeaderElection5] INFO  impl.LeaderElection (LeaderElection.java:logAndReturn(94)) -   Response 0: omNode-1<-omNode-2#0:FAIL-t2
2022-06-08 19:33:52,070 [omNode-1@group-6C22E66A003A-LeaderElection5] INFO  impl.LeaderElection (LogUtils.java:infoOrTrace(137)) -   Exception 1: java.util.concurrent.ExecutionException: org.apache.ratis.thirdparty.io.grpc.StatusRuntimeException: UNAVAILABLE: io exception
2022-06-08 19:33:52,070 [omNode-1@group-6C22E66A003A-LeaderElection5] INFO  impl.LeaderElection (LeaderElection.java:askForVotes(312)) - omNode-1@group-6C22E66A003A-LeaderElection5 ELECTION round 0: result REJECTED
2022-06-08 19:33:52,070 [omNode-1@group-6C22E66A003A-LeaderElection5] INFO  server.RaftServer$Division (RaftServerImpl.java:setRole(299)) - omNode-1@group-6C22E66A003A: changes role from CANDIDATE to FOLLOWER at term 2 for REJECTED
2022-06-08 19:33:52,074 [omNode-1@group-6C22E66A003A-LeaderElection5] INFO  impl.RoleInfo (RoleInfo.java:shutdownLeaderElection(130)) - omNode-1: shutdown omNode-1@group-6C22E66A003A-LeaderElection5
2022-06-08 19:33:52,074 [omNode-1@group-6C22E66A003A-LeaderElection5] INFO  impl.RoleInfo (RoleInfo.java:updateAndGet(139)) - omNode-1: start omNode-1@group-6C22E66A003A-FollowerState
2022-06-08 19:33:52,071 [omNode-3@group-6C22E66A003A-SegmentedRaftLogWorker] INFO  segmented.SegmentedRaftLogWorker (SegmentedRaftLogWorker.java:execute(629)) - omNode-3@group-6C22E66A003A-SegmentedRaftLogWorker: created new log segment /home/runner/work/ozone/ozone/hadoop-ozone/integration-test/target/test-dir/MiniOzoneClusterImpl-6ca4cc63-2561-4277-bbe7-e6e454dc87c0/omNode-3/ratis/9c9825ce-8ba7-3ee6-a7c3-6c22e66a003a/current/log_inprogress_0
2022-06-08 19:33:52,142 [Listener at 127.0.0.1/45261] WARN  impl.MetricRegistriesImpl (MetricRegistriesImpl.java:addReporterRegistration(111)) - New reporters are added after registries were created. Some metrics will be missing from the reporter. Please add reporter before adding any new registry.
2022-06-08 19:33:52,142 [Listener at 127.0.0.1/45261] WARN  impl.MetricRegistriesImpl (MetricRegistriesImpl.java:addReporterRegistration(111)) - New reporters are added after registries were created. Some metrics will be missing from the reporter. Please add reporter before adding any new registry.
2022-06-08 19:33:52,142 [Listener at 127.0.0.1/45261] INFO  impl.MetricsSystemImpl (MetricsSystemImpl.java:init(158)) - HddsDatanode metrics system started (again)
2022-06-08 19:33:52,157 [Listener at 127.0.0.1/45261] INFO  ozone.HddsDatanodeService (HddsDatanodeService.java:start(236)) - HddsDatanodeService host:fv-az243-689.kztbcxys31bebirtrtfpqc42zb.jx.internal.cloudapp.net ip:10.1.0.28
2022-06-08 19:33:52,228 [Listener at 127.0.0.1/45261] INFO  upgrade.AbstractLayoutVersionManager (AbstractLayoutVersionManager.java:init(82)) - Initializing Layout version manager with metadata layout = DATANODE_SCHEMA_V3 (version = 4), software layout = DATANODE_SCHEMA_V3 (version = 4)
2022-06-08 19:33:52,270 [Listener at 127.0.0.1/45261] INFO  reflections.Reflections (Reflections.java:scan(232)) - Reflections took 40 ms to scan 7 urls, producing 131 keys and 311 values 
2022-06-08 19:33:52,273 [Listener at 127.0.0.1/45261] INFO  ha.SCMNodeInfo (SCMNodeInfo.java:getPort(197)) - ConfigKey ozone.scm.client.address is deprecated, For configuring different ports for each SCM use PortConfigKey ozone.scm.client.port appended with serviceId and nodeId
2022-06-08 19:33:52,273 [Listener at 127.0.0.1/45261] INFO  ha.SCMNodeInfo (SCMNodeInfo.java:getPort(197)) - ConfigKey ozone.scm.block.client.address is deprecated, For configuring different ports for each SCM use PortConfigKey ozone.scm.block.client.port appended with serviceId and nodeId
2022-06-08 19:33:52,273 [Listener at 127.0.0.1/45261] INFO  ha.SCMNodeInfo (SCMNodeInfo.java:getPort(197)) - ConfigKey ozone.scm.datanode.address is deprecated, For configuring different ports for each SCM use PortConfigKey ozone.scm.datanode.port appended with serviceId and nodeId
2022-06-08 19:33:52,273 [Listener at 127.0.0.1/45261] INFO  ha.SCMNodeInfo (SCMNodeInfo.java:getPort(197)) - ConfigKey ozone.scm.client.address is deprecated, For configuring different ports for each SCM use PortConfigKey ozone.scm.client.port appended with serviceId and nodeId
2022-06-08 19:33:52,273 [Listener at 127.0.0.1/45261] INFO  ha.SCMNodeInfo (SCMNodeInfo.java:getPort(197)) - ConfigKey ozone.scm.block.client.address is deprecated, For configuring different ports for each SCM use PortConfigKey ozone.scm.block.client.port appended with serviceId and nodeId
2022-06-08 19:33:52,273 [Listener at 127.0.0.1/45261] INFO  ha.SCMNodeInfo (SCMNodeInfo.java:getPort(197)) - ConfigKey ozone.scm.datanode.address is deprecated, For configuring different ports for each SCM use PortConfigKey ozone.scm.datanode.port appended with serviceId and nodeId
2022-06-08 19:33:52,273 [Listener at 127.0.0.1/45261] INFO  ha.SCMNodeInfo (SCMNodeInfo.java:getPort(197)) - ConfigKey ozone.scm.client.address is deprecated, For configuring different ports for each SCM use PortConfigKey ozone.scm.client.port appended with serviceId and nodeId
2022-06-08 19:33:52,273 [Listener at 127.0.0.1/45261] INFO  ha.SCMNodeInfo (SCMNodeInfo.java:getPort(197)) - ConfigKey ozone.scm.block.client.address is deprecated, For configuring different ports for each SCM use PortConfigKey ozone.scm.block.client.port appended with serviceId and nodeId
2022-06-08 19:33:52,273 [Listener at 127.0.0.1/45261] INFO  ha.SCMNodeInfo (SCMNodeInfo.java:getPort(197)) - ConfigKey ozone.scm.datanode.address is deprecated, For configuring different ports for each SCM use PortConfigKey ozone.scm.datanode.port appended with serviceId and nodeId
2022-06-08 19:33:52,273 [Listener at 127.0.0.1/45261] INFO  statemachine.DatanodeStateMachine (DatanodeStateMachine.java:getEndPointTaskThreadPoolSize(233)) - Datanode State Machine Task Thread Pool size 4
2022-06-08 19:33:52,327 [Listener at 127.0.0.1/45261] INFO  volume.HddsVolume (HddsVolume.java:<init>(116)) - Creating HddsVolume: /home/runner/work/ozone/ozone/hadoop-ozone/integration-test/target/test-dir/MiniOzoneClusterImpl-6ca4cc63-2561-4277-bbe7-e6e454dc87c0/datanode-0/data-0/containers/hdds of storage type : DISK capacity : 9223372036854775807
2022-06-08 19:33:52,330 [Listener at 127.0.0.1/45261] INFO  volume.MutableVolumeSet (MutableVolumeSet.java:initializeVolumeSet(174)) - Added Volume : /home/runner/work/ozone/ozone/hadoop-ozone/integration-test/target/test-dir/MiniOzoneClusterImpl-6ca4cc63-2561-4277-bbe7-e6e454dc87c0/datanode-0/data-0/containers/hdds to VolumeSet
2022-06-08 19:33:52,331 [Listener at 127.0.0.1/45261] INFO  volume.ThrottledAsyncChecker (ThrottledAsyncChecker.java:schedule(141)) - Scheduling a check for /home/runner/work/ozone/ozone/hadoop-ozone/integration-test/target/test-dir/MiniOzoneClusterImpl-6ca4cc63-2561-4277-bbe7-e6e454dc87c0/datanode-0/data-0/containers/hdds
2022-06-08 19:33:52,346 [Listener at 127.0.0.1/45261] INFO  volume.StorageVolumeChecker (StorageVolumeChecker.java:checkAllVolumes(202)) - Scheduled health check for volume /home/runner/work/ozone/ozone/hadoop-ozone/integration-test/target/test-dir/MiniOzoneClusterImpl-6ca4cc63-2561-4277-bbe7-e6e454dc87c0/datanode-0/data-0/containers/hdds
2022-06-08 19:33:52,362 [Listener at 127.0.0.1/45261] INFO  volume.MutableVolumeSet (MutableVolumeSet.java:initializeVolumeSet(174)) - Added Volume : /home/runner/work/ozone/ozone/hadoop-ozone/integration-test/target/test-dir/MiniOzoneClusterImpl-6ca4cc63-2561-4277-bbe7-e6e454dc87c0/datanode-0/data/ratis to VolumeSet
2022-06-08 19:33:52,362 [Listener at 127.0.0.1/45261] INFO  volume.ThrottledAsyncChecker (ThrottledAsyncChecker.java:schedule(141)) - Scheduling a check for /home/runner/work/ozone/ozone/hadoop-ozone/integration-test/target/test-dir/MiniOzoneClusterImpl-6ca4cc63-2561-4277-bbe7-e6e454dc87c0/datanode-0/data/ratis
2022-06-08 19:33:52,362 [Listener at 127.0.0.1/45261] INFO  volume.StorageVolumeChecker (StorageVolumeChecker.java:checkAllVolumes(202)) - Scheduled health check for volume /home/runner/work/ozone/ozone/hadoop-ozone/integration-test/target/test-dir/MiniOzoneClusterImpl-6ca4cc63-2561-4277-bbe7-e6e454dc87c0/datanode-0/data/ratis
2022-06-08 19:33:52,381 [Thread-695] INFO  ozoneimpl.ContainerReader (ContainerReader.java:readVolume(172)) - Finish verifying containers on volume /home/runner/work/ozone/ozone/hadoop-ozone/integration-test/target/test-dir/MiniOzoneClusterImpl-6ca4cc63-2561-4277-bbe7-e6e454dc87c0/datanode-0/data-0/containers/hdds
2022-06-08 19:33:52,381 [Listener at 127.0.0.1/45261] INFO  ozoneimpl.OzoneContainer (OzoneContainer.java:buildContainerSet(266)) - Build ContainerSet costs 0s
2022-06-08 19:33:52,423 [Listener at 127.0.0.1/45261] INFO  audit.AuditLogger (AuditLogger.java:refreshDebugCmdSet(120)) - Refresh DebugCmdSet for DNAudit to [].
2022-06-08 19:33:52,447 [Listener at 127.0.0.1/45261] INFO  server.RaftServer (ConfUtils.java:logGet(46)) - raft.rpc.type = GRPC (default)
2022-06-08 19:33:52,447 [Listener at 127.0.0.1/45261] INFO  grpc.GrpcFactory (GrpcFactory.java:checkPooledByteBufAllocatorUseCacheForAllThreads(48)) - PERFORMANCE WARNING: useCacheForAllThreads is true that may cause Netty to create a lot garbage objects and, as a result, trigger GC.
	It is recommended to disable useCacheForAllThreads by setting -Dorg.apache.ratis.thirdparty.io.netty.allocator.useCacheForAllThreads=false in command line.
2022-06-08 19:33:52,447 [Listener at 127.0.0.1/45261] INFO  grpc.GrpcConfigKeys (ConfUtils.java:logGet(46)) - raft.grpc.admin.port = 0 (custom)
2022-06-08 19:33:52,447 [Listener at 127.0.0.1/45261] INFO  grpc.GrpcConfigKeys (ConfUtils.java:logGet(46)) - raft.grpc.client.port = 0 (custom)
2022-06-08 19:33:52,447 [Listener at 127.0.0.1/45261] INFO  grpc.GrpcConfigKeys (ConfUtils.java:logGet(46)) - raft.grpc.server.port = 0 (default)
2022-06-08 19:33:52,447 [Listener at 127.0.0.1/45261] INFO  server.GrpcService (ConfUtils.java:logGet(46)) - raft.grpc.message.size.max = 32MB (=33554432) (custom)
2022-06-08 19:33:52,448 [Listener at 127.0.0.1/45261] INFO  server.RaftServerConfigKeys (ConfUtils.java:logGet(46)) - raft.server.log.appender.buffer.byte-limit = 33554432 (custom)
2022-06-08 19:33:52,448 [Listener at 127.0.0.1/45261] INFO  server.GrpcService (ConfUtils.java:logGet(46)) - raft.grpc.flow.control.window = 5MB (=5242880) (custom)
2022-06-08 19:33:52,448 [Listener at 127.0.0.1/45261] INFO  server.RaftServerConfigKeys (ConfUtils.java:logGet(46)) - raft.server.rpc.request.timeout = 60s (custom)
2022-06-08 19:33:52,448 [Listener at 127.0.0.1/45261] INFO  grpc.GrpcConfigKeys (ConfUtils.java:logGet(46)) - raft.grpc.server.async.request.thread.pool.cached = true (default)
2022-06-08 19:33:52,448 [Listener at 127.0.0.1/45261] INFO  grpc.GrpcConfigKeys (ConfUtils.java:logGet(46)) - raft.grpc.server.async.request.thread.pool.size = 32 (default)
2022-06-08 19:33:52,449 [Listener at 127.0.0.1/45261] INFO  impl.DataStreamServerImpl (ConfUtils.java:logGet(46)) - raft.datastream.type = DISABLED (default)
2022-06-08 19:33:52,449 [Listener at 127.0.0.1/45261] INFO  server.RaftServerConfigKeys (ConfUtils.java:logGet(46)) - raft.server.threadpool.proxy.cached = true (default)
2022-06-08 19:33:52,449 [Listener at 127.0.0.1/45261] INFO  server.RaftServerConfigKeys (ConfUtils.java:logGet(46)) - raft.server.threadpool.proxy.size = 0 (default)
2022-06-08 19:33:52,449 [Listener at 127.0.0.1/45261] INFO  server.RaftServerConfigKeys (ConfUtils.java:logGet(46)) - raft.server.rpc.slowness.timeout = 300s (custom)
2022-06-08 19:33:52,449 [Listener at 127.0.0.1/45261] INFO  server.RaftServerConfigKeys (ConfUtils.java:logGet(46)) - raft.server.leaderelection.leader.step-down.wait-time = 10s (default)
2022-06-08 19:33:52,449 [Listener at 127.0.0.1/45261] INFO  server.RaftServerConfigKeys (ConfUtils.java:logGet(46)) - raft.server.storage.dir = [/home/runner/work/ozone/ozone/hadoop-ozone/integration-test/target/test-dir/MiniOzoneClusterImpl-6ca4cc63-2561-4277-bbe7-e6e454dc87c0/datanode-0/data/ratis] (custom)
2022-06-08 19:33:52,465 [Listener at 127.0.0.1/45261] INFO  server.XceiverServerGrpc (XceiverServerGrpc.java:<init>(132)) - GrpcServer channel type EpollServerSocketChannel
2022-06-08 19:33:52,508 [Listener at 127.0.0.1/45261] INFO  http.BaseHttpServer (BaseHttpServer.java:newHttpServer2BuilderForOzone(209)) - Starting Web-server for hddsDatanode at: http://0.0.0.0:0
2022-06-08 19:33:52,508 [Listener at 127.0.0.1/45261] INFO  http.BaseHttpServer (BaseHttpServer.java:<init>(107)) - Hadoop Security Enabled: false Ozone Security Enabled: false Ozone HTTP Security Enabled: false 
2022-06-08 19:33:52,509 [Listener at 127.0.0.1/45261] INFO  server.AuthenticationFilter (AuthenticationFilter.java:constructSecretProvider(240)) - Unable to initialize FileSignerSecretProvider, falling back to use random secrets.
2022-06-08 19:33:52,509 [Listener at 127.0.0.1/45261] WARN  http.HttpRequestLog (HttpRequestLog.java:getRequestLog(103)) - Jetty request log can only be enabled using Log4j
2022-06-08 19:33:52,511 [Listener at 127.0.0.1/45261] INFO  http.HttpServer2 (HttpServer2.java:addGlobalFilter(1029)) - Added global filter 'safety' (class=org.apache.hadoop.hdds.server.http.HttpServer2$QuotingInputFilter)
2022-06-08 19:33:52,511 [Listener at 127.0.0.1/45261] INFO  http.HttpServer2 (HttpServer2.java:addFilter(1005)) - Added filter static_user_filter (class=org.apache.hadoop.http.lib.StaticUserWebFilter$StaticUserFilter) to context hddsDatanode
2022-06-08 19:33:52,511 [Listener at 127.0.0.1/45261] INFO  http.HttpServer2 (HttpServer2.java:addFilter(1013)) - Added filter static_user_filter (class=org.apache.hadoop.http.lib.StaticUserWebFilter$StaticUserFilter) to context logs
2022-06-08 19:33:52,512 [Listener at 127.0.0.1/45261] INFO  http.HttpServer2 (HttpServer2.java:addFilter(1013)) - Added filter static_user_filter (class=org.apache.hadoop.http.lib.StaticUserWebFilter$StaticUserFilter) to context static
2022-06-08 19:33:52,512 [Listener at 127.0.0.1/45261] INFO  http.HttpServer2 (HttpServer2.java:bindListener(1248)) - Jetty bound to port 45257
2022-06-08 19:33:52,512 [Listener at 127.0.0.1/45261] INFO  server.Server (Server.java:doStart(375)) - jetty-9.4.43.v20210629; built: 2021-06-30T11:07:22.254Z; git: 526006ecfa3af7f1a27ef3a288e2bef7ea9dd7e8; jvm 1.8.0_332-b09
2022-06-08 19:33:52,515 [Listener at 127.0.0.1/45261] INFO  server.session (DefaultSessionIdManager.java:doStart(334)) - DefaultSessionIdManager workerName=node0
2022-06-08 19:33:52,515 [Listener at 127.0.0.1/45261] INFO  server.session (DefaultSessionIdManager.java:doStart(339)) - No SessionScavenger set, using defaults
2022-06-08 19:33:52,515 [Listener at 127.0.0.1/45261] INFO  server.session (HouseKeeper.java:startScavenging(132)) - node0 Scavenging every 600000ms
2022-06-08 19:33:52,515 [Listener at 127.0.0.1/45261] INFO  handler.ContextHandler (ContextHandler.java:doStart(915)) - Started o.e.j.s.ServletContextHandler@286d3eaf{logs,/logs,file:///home/runner/work/ozone/ozone/hadoop-ozone/integration-test/target/log,AVAILABLE}
2022-06-08 19:33:52,516 [Listener at 127.0.0.1/45261] INFO  handler.ContextHandler (ContextHandler.java:doStart(915)) - Started o.e.j.s.ServletContextHandler@38116b6f{static,/static,jar:file:/home/runner/.m2/repository/org/apache/ozone/hdds-container-service/1.3.0-SNAPSHOT/hdds-container-service-1.3.0-SNAPSHOT.jar!/webapps/static,AVAILABLE}
2022-06-08 19:33:52,689 [Listener at 127.0.0.1/45261] INFO  handler.ContextHandler (ContextHandler.java:doStart(915)) - Started o.e.j.w.WebAppContext@3c494982{hddsDatanode,/,file:///tmp/jetty-0_0_0_0-45257-hdds-container-service-1_3_0-SNAPSHOT_jar-_-any-6092119521853091274/webapp/,AVAILABLE}{jar:file:/home/runner/.m2/repository/org/apache/ozone/hdds-container-service/1.3.0-SNAPSHOT/hdds-container-service-1.3.0-SNAPSHOT.jar!/webapps/hddsDatanode}
2022-06-08 19:33:52,691 [Listener at 127.0.0.1/45261] INFO  server.AbstractConnector (AbstractConnector.java:doStart(331)) - Started ServerConnector@1ee0c1f6{HTTP/1.1, (http/1.1)}{0.0.0.0:45257}
2022-06-08 19:33:52,691 [Listener at 127.0.0.1/45261] INFO  server.Server (Server.java:doStart(415)) - Started @26986ms
2022-06-08 19:33:52,691 [Listener at 127.0.0.1/45261] WARN  impl.MetricsSystemImpl (MetricsSystemImpl.java:register(279)) - Sink prometheus already exists!
2022-06-08 19:33:52,692 [Listener at 127.0.0.1/45261] INFO  http.BaseHttpServer (BaseHttpServer.java:updateConnectorAddress(329)) - HTTP server of hddsDatanode listening at http://0.0.0.0:45257
2022-06-08 19:33:52,693 [Datanode State Machine Daemon Thread] INFO  statemachine.DatanodeStateMachine (DatanodeStateMachine.java:lambda$startDaemon$0(484)) - Ozone container server started.
2022-06-08 19:33:52,695 [Listener at 127.0.0.1/45261] WARN  impl.MetricRegistriesImpl (MetricRegistriesImpl.java:addReporterRegistration(111)) - New reporters are added after registries were created. Some metrics will be missing from the reporter. Please add reporter before adding any new registry.
2022-06-08 19:33:52,695 [Listener at 127.0.0.1/45261] WARN  impl.MetricRegistriesImpl (MetricRegistriesImpl.java:addReporterRegistration(111)) - New reporters are added after registries were created. Some metrics will be missing from the reporter. Please add reporter before adding any new registry.
2022-06-08 19:33:52,695 [Listener at 127.0.0.1/45261] INFO  impl.MetricsSystemImpl (MetricsSystemImpl.java:init(158)) - HddsDatanode metrics system started (again)
2022-06-08 19:33:52,708 [Listener at 127.0.0.1/45261] INFO  ozone.HddsDatanodeService (HddsDatanodeService.java:start(236)) - HddsDatanodeService host:fv-az243-689.kztbcxys31bebirtrtfpqc42zb.jx.internal.cloudapp.net ip:10.1.0.28
2022-06-08 19:33:52,737 [org.apache.hadoop.util.JvmPauseMonitor$Monitor@38d107f] INFO  util.JvmPauseMonitor (JvmPauseMonitor.java:run(188)) - Starting JVM pause monitor
2022-06-08 19:33:52,736 [Datanode State Machine Task Thread - 0] INFO  ha.SCMNodeInfo (SCMNodeInfo.java:getPort(197)) - ConfigKey ozone.scm.client.address is deprecated, For configuring different ports for each SCM use PortConfigKey ozone.scm.client.port appended with serviceId and nodeId
2022-06-08 19:33:52,737 [Datanode State Machine Task Thread - 0] INFO  ha.SCMNodeInfo (SCMNodeInfo.java:getPort(197)) - ConfigKey ozone.scm.block.client.address is deprecated, For configuring different ports for each SCM use PortConfigKey ozone.scm.block.client.port appended with serviceId and nodeId
2022-06-08 19:33:52,737 [Datanode State Machine Task Thread - 0] INFO  ha.SCMNodeInfo (SCMNodeInfo.java:getPort(197)) - ConfigKey ozone.scm.datanode.address is deprecated, For configuring different ports for each SCM use PortConfigKey ozone.scm.datanode.port appended with serviceId and nodeId
2022-06-08 19:33:52,737 [Datanode State Machine Task Thread - 0] INFO  ha.SCMNodeInfo (SCMNodeInfo.java:getPort(197)) - ConfigKey ozone.scm.client.address is deprecated, For configuring different ports for each SCM use PortConfigKey ozone.scm.client.port appended with serviceId and nodeId
2022-06-08 19:33:52,737 [Datanode State Machine Task Thread - 0] INFO  ha.SCMNodeInfo (SCMNodeInfo.java:getPort(197)) - ConfigKey ozone.scm.block.client.address is deprecated, For configuring different ports for each SCM use PortConfigKey ozone.scm.block.client.port appended with serviceId and nodeId
2022-06-08 19:33:52,738 [Datanode State Machine Task Thread - 0] INFO  ha.SCMNodeInfo (SCMNodeInfo.java:getPort(197)) - ConfigKey ozone.scm.datanode.address is deprecated, For configuring different ports for each SCM use PortConfigKey ozone.scm.datanode.port appended with serviceId and nodeId
2022-06-08 19:33:52,738 [Datanode State Machine Task Thread - 0] INFO  ha.SCMNodeInfo (SCMNodeInfo.java:getPort(197)) - ConfigKey ozone.scm.client.address is deprecated, For configuring different ports for each SCM use PortConfigKey ozone.scm.client.port appended with serviceId and nodeId
2022-06-08 19:33:52,738 [Datanode State Machine Task Thread - 0] INFO  ha.SCMNodeInfo (SCMNodeInfo.java:getPort(197)) - ConfigKey ozone.scm.block.client.address is deprecated, For configuring different ports for each SCM use PortConfigKey ozone.scm.block.client.port appended with serviceId and nodeId
2022-06-08 19:33:52,738 [Datanode State Machine Task Thread - 0] INFO  ha.SCMNodeInfo (SCMNodeInfo.java:getPort(197)) - ConfigKey ozone.scm.datanode.address is deprecated, For configuring different ports for each SCM use PortConfigKey ozone.scm.datanode.port appended with serviceId and nodeId
2022-06-08 19:33:52,739 [Listener at 127.0.0.1/45261] INFO  upgrade.AbstractLayoutVersionManager (AbstractLayoutVersionManager.java:init(82)) - Initializing Layout version manager with metadata layout = DATANODE_SCHEMA_V3 (version = 4), software layout = DATANODE_SCHEMA_V3 (version = 4)
2022-06-08 19:33:52,826 [Listener at 127.0.0.1/45261] INFO  reflections.Reflections (Reflections.java:scan(232)) - Reflections took 85 ms to scan 7 urls, producing 131 keys and 311 values 
2022-06-08 19:33:52,833 [Listener at 127.0.0.1/45261] INFO  ha.SCMNodeInfo (SCMNodeInfo.java:getPort(197)) - ConfigKey ozone.scm.client.address is deprecated, For configuring different ports for each SCM use PortConfigKey ozone.scm.client.port appended with serviceId and nodeId
2022-06-08 19:33:52,833 [Listener at 127.0.0.1/45261] INFO  ha.SCMNodeInfo (SCMNodeInfo.java:getPort(197)) - ConfigKey ozone.scm.block.client.address is deprecated, For configuring different ports for each SCM use PortConfigKey ozone.scm.block.client.port appended with serviceId and nodeId
2022-06-08 19:33:52,833 [Listener at 127.0.0.1/45261] INFO  ha.SCMNodeInfo (SCMNodeInfo.java:getPort(197)) - ConfigKey ozone.scm.datanode.address is deprecated, For configuring different ports for each SCM use PortConfigKey ozone.scm.datanode.port appended with serviceId and nodeId
2022-06-08 19:33:52,833 [Listener at 127.0.0.1/45261] INFO  ha.SCMNodeInfo (SCMNodeInfo.java:getPort(197)) - ConfigKey ozone.scm.client.address is deprecated, For configuring different ports for each SCM use PortConfigKey ozone.scm.client.port appended with serviceId and nodeId
2022-06-08 19:33:52,833 [Listener at 127.0.0.1/45261] INFO  ha.SCMNodeInfo (SCMNodeInfo.java:getPort(197)) - ConfigKey ozone.scm.block.client.address is deprecated, For configuring different ports for each SCM use PortConfigKey ozone.scm.block.client.port appended with serviceId and nodeId
2022-06-08 19:33:52,833 [Listener at 127.0.0.1/45261] INFO  ha.SCMNodeInfo (SCMNodeInfo.java:getPort(197)) - ConfigKey ozone.scm.datanode.address is deprecated, For configuring different ports for each SCM use PortConfigKey ozone.scm.datanode.port appended with serviceId and nodeId
2022-06-08 19:33:52,833 [Listener at 127.0.0.1/45261] INFO  ha.SCMNodeInfo (SCMNodeInfo.java:getPort(197)) - ConfigKey ozone.scm.client.address is deprecated, For configuring different ports for each SCM use PortConfigKey ozone.scm.client.port appended with serviceId and nodeId
2022-06-08 19:33:52,833 [Listener at 127.0.0.1/45261] INFO  ha.SCMNodeInfo (SCMNodeInfo.java:getPort(197)) - ConfigKey ozone.scm.block.client.address is deprecated, For configuring different ports for each SCM use PortConfigKey ozone.scm.block.client.port appended with serviceId and nodeId
2022-06-08 19:33:52,833 [Listener at 127.0.0.1/45261] INFO  ha.SCMNodeInfo (SCMNodeInfo.java:getPort(197)) - ConfigKey ozone.scm.datanode.address is deprecated, For configuring different ports for each SCM use PortConfigKey ozone.scm.datanode.port appended with serviceId and nodeId
2022-06-08 19:33:52,833 [Listener at 127.0.0.1/45261] INFO  statemachine.DatanodeStateMachine (DatanodeStateMachine.java:getEndPointTaskThreadPoolSize(233)) - Datanode State Machine Task Thread Pool size 4
2022-06-08 19:33:52,836 [Listener at 127.0.0.1/45261] INFO  volume.HddsVolume (HddsVolume.java:<init>(116)) - Creating HddsVolume: /home/runner/work/ozone/ozone/hadoop-ozone/integration-test/target/test-dir/MiniOzoneClusterImpl-6ca4cc63-2561-4277-bbe7-e6e454dc87c0/datanode-1/data-0/containers/hdds of storage type : DISK capacity : 9223372036854775807
2022-06-08 19:33:52,836 [Listener at 127.0.0.1/45261] INFO  volume.MutableVolumeSet (MutableVolumeSet.java:initializeVolumeSet(174)) - Added Volume : /home/runner/work/ozone/ozone/hadoop-ozone/integration-test/target/test-dir/MiniOzoneClusterImpl-6ca4cc63-2561-4277-bbe7-e6e454dc87c0/datanode-1/data-0/containers/hdds to VolumeSet
2022-06-08 19:33:52,837 [Listener at 127.0.0.1/45261] INFO  volume.ThrottledAsyncChecker (ThrottledAsyncChecker.java:schedule(141)) - Scheduling a check for /home/runner/work/ozone/ozone/hadoop-ozone/integration-test/target/test-dir/MiniOzoneClusterImpl-6ca4cc63-2561-4277-bbe7-e6e454dc87c0/datanode-1/data-0/containers/hdds
2022-06-08 19:33:52,850 [Listener at 127.0.0.1/45261] INFO  volume.StorageVolumeChecker (StorageVolumeChecker.java:checkAllVolumes(202)) - Scheduled health check for volume /home/runner/work/ozone/ozone/hadoop-ozone/integration-test/target/test-dir/MiniOzoneClusterImpl-6ca4cc63-2561-4277-bbe7-e6e454dc87c0/datanode-1/data-0/containers/hdds
2022-06-08 19:33:52,857 [Datanode State Machine Task Thread - 0] INFO  datanode.InitDatanodeState (InitDatanodeState.java:persistContainerDatanodeDetails(138)) - DatanodeDetails is persisted to /home/runner/work/ozone/ozone/hadoop-ozone/integration-test/target/test-dir/MiniOzoneClusterImpl-6ca4cc63-2561-4277-bbe7-e6e454dc87c0/datanode-0/meta/datanode.id
2022-06-08 19:33:52,860 [Listener at 127.0.0.1/45261] INFO  volume.MutableVolumeSet (MutableVolumeSet.java:initializeVolumeSet(174)) - Added Volume : /home/runner/work/ozone/ozone/hadoop-ozone/integration-test/target/test-dir/MiniOzoneClusterImpl-6ca4cc63-2561-4277-bbe7-e6e454dc87c0/datanode-1/data/ratis to VolumeSet
2022-06-08 19:33:52,860 [Listener at 127.0.0.1/45261] INFO  volume.ThrottledAsyncChecker (ThrottledAsyncChecker.java:schedule(141)) - Scheduling a check for /home/runner/work/ozone/ozone/hadoop-ozone/integration-test/target/test-dir/MiniOzoneClusterImpl-6ca4cc63-2561-4277-bbe7-e6e454dc87c0/datanode-1/data/ratis
2022-06-08 19:33:52,861 [Listener at 127.0.0.1/45261] INFO  volume.StorageVolumeChecker (StorageVolumeChecker.java:checkAllVolumes(202)) - Scheduled health check for volume /home/runner/work/ozone/ozone/hadoop-ozone/integration-test/target/test-dir/MiniOzoneClusterImpl-6ca4cc63-2561-4277-bbe7-e6e454dc87c0/datanode-1/data/ratis
2022-06-08 19:33:52,872 [Thread-710] INFO  ozoneimpl.ContainerReader (ContainerReader.java:readVolume(172)) - Finish verifying containers on volume /home/runner/work/ozone/ozone/hadoop-ozone/integration-test/target/test-dir/MiniOzoneClusterImpl-6ca4cc63-2561-4277-bbe7-e6e454dc87c0/datanode-1/data-0/containers/hdds
2022-06-08 19:33:52,873 [Listener at 127.0.0.1/45261] INFO  ozoneimpl.OzoneContainer (OzoneContainer.java:buildContainerSet(266)) - Build ContainerSet costs 0s
2022-06-08 19:33:52,875 [Listener at 127.0.0.1/45261] INFO  server.RaftServer (ConfUtils.java:logGet(46)) - raft.rpc.type = GRPC (default)
2022-06-08 19:33:52,875 [Listener at 127.0.0.1/45261] INFO  grpc.GrpcFactory (GrpcFactory.java:checkPooledByteBufAllocatorUseCacheForAllThreads(48)) - PERFORMANCE WARNING: useCacheForAllThreads is true that may cause Netty to create a lot garbage objects and, as a result, trigger GC.
	It is recommended to disable useCacheForAllThreads by setting -Dorg.apache.ratis.thirdparty.io.netty.allocator.useCacheForAllThreads=false in command line.
2022-06-08 19:33:52,875 [Listener at 127.0.0.1/45261] INFO  grpc.GrpcConfigKeys (ConfUtils.java:logGet(46)) - raft.grpc.admin.port = 0 (custom)
2022-06-08 19:33:52,876 [Listener at 127.0.0.1/45261] INFO  grpc.GrpcConfigKeys (ConfUtils.java:logGet(46)) - raft.grpc.client.port = 0 (custom)
2022-06-08 19:33:52,876 [Listener at 127.0.0.1/45261] INFO  grpc.GrpcConfigKeys (ConfUtils.java:logGet(46)) - raft.grpc.server.port = 0 (default)
2022-06-08 19:33:52,876 [Listener at 127.0.0.1/45261] INFO  server.GrpcService (ConfUtils.java:logGet(46)) - raft.grpc.message.size.max = 32MB (=33554432) (custom)
2022-06-08 19:33:52,876 [Listener at 127.0.0.1/45261] INFO  server.RaftServerConfigKeys (ConfUtils.java:logGet(46)) - raft.server.log.appender.buffer.byte-limit = 33554432 (custom)
2022-06-08 19:33:52,876 [Listener at 127.0.0.1/45261] INFO  server.GrpcService (ConfUtils.java:logGet(46)) - raft.grpc.flow.control.window = 5MB (=5242880) (custom)
2022-06-08 19:33:52,876 [Listener at 127.0.0.1/45261] INFO  server.RaftServerConfigKeys (ConfUtils.java:logGet(46)) - raft.server.rpc.request.timeout = 60s (custom)
2022-06-08 19:33:52,876 [Listener at 127.0.0.1/45261] INFO  grpc.GrpcConfigKeys (ConfUtils.java:logGet(46)) - raft.grpc.server.async.request.thread.pool.cached = true (default)
2022-06-08 19:33:52,876 [Listener at 127.0.0.1/45261] INFO  grpc.GrpcConfigKeys (ConfUtils.java:logGet(46)) - raft.grpc.server.async.request.thread.pool.size = 32 (default)
2022-06-08 19:33:52,877 [Listener at 127.0.0.1/45261] INFO  impl.DataStreamServerImpl (ConfUtils.java:logGet(46)) - raft.datastream.type = DISABLED (default)
2022-06-08 19:33:52,877 [Listener at 127.0.0.1/45261] INFO  server.RaftServerConfigKeys (ConfUtils.java:logGet(46)) - raft.server.threadpool.proxy.cached = true (default)
2022-06-08 19:33:52,877 [Listener at 127.0.0.1/45261] INFO  server.RaftServerConfigKeys (ConfUtils.java:logGet(46)) - raft.server.threadpool.proxy.size = 0 (default)
2022-06-08 19:33:52,877 [Listener at 127.0.0.1/45261] INFO  server.RaftServerConfigKeys (ConfUtils.java:logGet(46)) - raft.server.rpc.slowness.timeout = 300s (custom)
2022-06-08 19:33:52,877 [Listener at 127.0.0.1/45261] INFO  server.RaftServerConfigKeys (ConfUtils.java:logGet(46)) - raft.server.leaderelection.leader.step-down.wait-time = 10s (default)
2022-06-08 19:33:52,878 [Listener at 127.0.0.1/45261] INFO  server.RaftServerConfigKeys (ConfUtils.java:logGet(46)) - raft.server.storage.dir = [/home/runner/work/ozone/ozone/hadoop-ozone/integration-test/target/test-dir/MiniOzoneClusterImpl-6ca4cc63-2561-4277-bbe7-e6e454dc87c0/datanode-1/data/ratis] (custom)
2022-06-08 19:33:52,880 [Listener at 127.0.0.1/45261] INFO  server.XceiverServerGrpc (XceiverServerGrpc.java:<init>(132)) - GrpcServer channel type EpollServerSocketChannel
2022-06-08 19:33:52,882 [Listener at 127.0.0.1/45261] INFO  http.BaseHttpServer (BaseHttpServer.java:newHttpServer2BuilderForOzone(209)) - Starting Web-server for hddsDatanode at: http://0.0.0.0:0
2022-06-08 19:33:52,882 [Listener at 127.0.0.1/45261] INFO  http.BaseHttpServer (BaseHttpServer.java:<init>(107)) - Hadoop Security Enabled: false Ozone Security Enabled: false Ozone HTTP Security Enabled: false 
2022-06-08 19:33:52,883 [Listener at 127.0.0.1/45261] INFO  server.AuthenticationFilter (AuthenticationFilter.java:constructSecretProvider(240)) - Unable to initialize FileSignerSecretProvider, falling back to use random secrets.
2022-06-08 19:33:52,884 [Listener at 127.0.0.1/45261] WARN  http.HttpRequestLog (HttpRequestLog.java:getRequestLog(103)) - Jetty request log can only be enabled using Log4j
2022-06-08 19:33:52,885 [Listener at 127.0.0.1/45261] INFO  http.HttpServer2 (HttpServer2.java:addGlobalFilter(1029)) - Added global filter 'safety' (class=org.apache.hadoop.hdds.server.http.HttpServer2$QuotingInputFilter)
2022-06-08 19:33:52,886 [Listener at 127.0.0.1/45261] INFO  http.HttpServer2 (HttpServer2.java:addFilter(1005)) - Added filter static_user_filter (class=org.apache.hadoop.http.lib.StaticUserWebFilter$StaticUserFilter) to context hddsDatanode
2022-06-08 19:33:52,886 [Listener at 127.0.0.1/45261] INFO  http.HttpServer2 (HttpServer2.java:addFilter(1013)) - Added filter static_user_filter (class=org.apache.hadoop.http.lib.StaticUserWebFilter$StaticUserFilter) to context static
2022-06-08 19:33:52,886 [Listener at 127.0.0.1/45261] INFO  http.HttpServer2 (HttpServer2.java:addFilter(1013)) - Added filter static_user_filter (class=org.apache.hadoop.http.lib.StaticUserWebFilter$StaticUserFilter) to context logs
2022-06-08 19:33:52,886 [Listener at 127.0.0.1/45261] INFO  http.HttpServer2 (HttpServer2.java:bindListener(1248)) - Jetty bound to port 35959
2022-06-08 19:33:52,886 [Listener at 127.0.0.1/45261] INFO  server.Server (Server.java:doStart(375)) - jetty-9.4.43.v20210629; built: 2021-06-30T11:07:22.254Z; git: 526006ecfa3af7f1a27ef3a288e2bef7ea9dd7e8; jvm 1.8.0_332-b09
2022-06-08 19:33:52,891 [Listener at 127.0.0.1/45261] INFO  server.session (DefaultSessionIdManager.java:doStart(334)) - DefaultSessionIdManager workerName=node0
2022-06-08 19:33:52,892 [Listener at 127.0.0.1/45261] INFO  server.session (DefaultSessionIdManager.java:doStart(339)) - No SessionScavenger set, using defaults
2022-06-08 19:33:52,892 [Listener at 127.0.0.1/45261] INFO  server.session (HouseKeeper.java:startScavenging(132)) - node0 Scavenging every 660000ms
2022-06-08 19:33:52,892 [Listener at 127.0.0.1/45261] INFO  handler.ContextHandler (ContextHandler.java:doStart(915)) - Started o.e.j.s.ServletContextHandler@6a234d99{logs,/logs,file:///home/runner/work/ozone/ozone/hadoop-ozone/integration-test/target/log,AVAILABLE}
2022-06-08 19:33:52,893 [Listener at 127.0.0.1/45261] INFO  handler.ContextHandler (ContextHandler.java:doStart(915)) - Started o.e.j.s.ServletContextHandler@5c8bee6b{static,/static,jar:file:/home/runner/.m2/repository/org/apache/ozone/hdds-container-service/1.3.0-SNAPSHOT/hdds-container-service-1.3.0-SNAPSHOT.jar!/webapps/static,AVAILABLE}
2022-06-08 19:33:53,056 [Listener at 127.0.0.1/45261] INFO  handler.ContextHandler (ContextHandler.java:doStart(915)) - Started o.e.j.w.WebAppContext@23572a28{hddsDatanode,/,file:///tmp/jetty-0_0_0_0-35959-hdds-container-service-1_3_0-SNAPSHOT_jar-_-any-1506235295737032970/webapp/,AVAILABLE}{jar:file:/home/runner/.m2/repository/org/apache/ozone/hdds-container-service/1.3.0-SNAPSHOT/hdds-container-service-1.3.0-SNAPSHOT.jar!/webapps/hddsDatanode}
2022-06-08 19:33:53,058 [Listener at 127.0.0.1/45261] INFO  server.AbstractConnector (AbstractConnector.java:doStart(331)) - Started ServerConnector@5aaa3ab2{HTTP/1.1, (http/1.1)}{0.0.0.0:35959}
2022-06-08 19:33:53,058 [Listener at 127.0.0.1/45261] INFO  server.Server (Server.java:doStart(415)) - Started @27353ms
2022-06-08 19:33:53,058 [Listener at 127.0.0.1/45261] WARN  impl.MetricsSystemImpl (MetricsSystemImpl.java:register(279)) - Sink prometheus already exists!
2022-06-08 19:33:53,059 [Listener at 127.0.0.1/45261] INFO  http.BaseHttpServer (BaseHttpServer.java:updateConnectorAddress(329)) - HTTP server of hddsDatanode listening at http://0.0.0.0:35959
2022-06-08 19:33:53,059 [Datanode State Machine Daemon Thread] INFO  statemachine.DatanodeStateMachine (DatanodeStateMachine.java:lambda$startDaemon$0(484)) - Ozone container server started.
2022-06-08 19:33:53,063 [Listener at 127.0.0.1/45261] WARN  impl.MetricRegistriesImpl (MetricRegistriesImpl.java:addReporterRegistration(111)) - New reporters are added after registries were created. Some metrics will be missing from the reporter. Please add reporter before adding any new registry.
2022-06-08 19:33:53,063 [Listener at 127.0.0.1/45261] WARN  impl.MetricRegistriesImpl (MetricRegistriesImpl.java:addReporterRegistration(111)) - New reporters are added after registries were created. Some metrics will be missing from the reporter. Please add reporter before adding any new registry.
2022-06-08 19:33:53,063 [Listener at 127.0.0.1/45261] INFO  impl.MetricsSystemImpl (MetricsSystemImpl.java:init(158)) - HddsDatanode metrics system started (again)
2022-06-08 19:33:53,075 [org.apache.hadoop.util.JvmPauseMonitor$Monitor@6b853eaf] INFO  util.JvmPauseMonitor (JvmPauseMonitor.java:run(188)) - Starting JVM pause monitor
2022-06-08 19:33:53,080 [Datanode State Machine Task Thread - 0] INFO  ha.SCMNodeInfo (SCMNodeInfo.java:getPort(197)) - ConfigKey ozone.scm.client.address is deprecated, For configuring different ports for each SCM use PortConfigKey ozone.scm.client.port appended with serviceId and nodeId
2022-06-08 19:33:53,080 [Datanode State Machine Task Thread - 0] INFO  ha.SCMNodeInfo (SCMNodeInfo.java:getPort(197)) - ConfigKey ozone.scm.block.client.address is deprecated, For configuring different ports for each SCM use PortConfigKey ozone.scm.block.client.port appended with serviceId and nodeId
2022-06-08 19:33:53,080 [Datanode State Machine Task Thread - 0] INFO  ha.SCMNodeInfo (SCMNodeInfo.java:getPort(197)) - ConfigKey ozone.scm.datanode.address is deprecated, For configuring different ports for each SCM use PortConfigKey ozone.scm.datanode.port appended with serviceId and nodeId
2022-06-08 19:33:53,080 [Datanode State Machine Task Thread - 0] INFO  ha.SCMNodeInfo (SCMNodeInfo.java:getPort(197)) - ConfigKey ozone.scm.client.address is deprecated, For configuring different ports for each SCM use PortConfigKey ozone.scm.client.port appended with serviceId and nodeId
2022-06-08 19:33:53,080 [Datanode State Machine Task Thread - 0] INFO  ha.SCMNodeInfo (SCMNodeInfo.java:getPort(197)) - ConfigKey ozone.scm.block.client.address is deprecated, For configuring different ports for each SCM use PortConfigKey ozone.scm.block.client.port appended with serviceId and nodeId
2022-06-08 19:33:53,080 [Datanode State Machine Task Thread - 0] INFO  ha.SCMNodeInfo (SCMNodeInfo.java:getPort(197)) - ConfigKey ozone.scm.datanode.address is deprecated, For configuring different ports for each SCM use PortConfigKey ozone.scm.datanode.port appended with serviceId and nodeId
2022-06-08 19:33:53,080 [Datanode State Machine Task Thread - 0] INFO  ha.SCMNodeInfo (SCMNodeInfo.java:getPort(197)) - ConfigKey ozone.scm.client.address is deprecated, For configuring different ports for each SCM use PortConfigKey ozone.scm.client.port appended with serviceId and nodeId
2022-06-08 19:33:53,081 [Datanode State Machine Task Thread - 0] INFO  ha.SCMNodeInfo (SCMNodeInfo.java:getPort(197)) - ConfigKey ozone.scm.block.client.address is deprecated, For configuring different ports for each SCM use PortConfigKey ozone.scm.block.client.port appended with serviceId and nodeId
2022-06-08 19:33:53,081 [Datanode State Machine Task Thread - 0] INFO  ha.SCMNodeInfo (SCMNodeInfo.java:getPort(197)) - ConfigKey ozone.scm.datanode.address is deprecated, For configuring different ports for each SCM use PortConfigKey ozone.scm.datanode.port appended with serviceId and nodeId
2022-06-08 19:33:53,092 [Listener at 127.0.0.1/45261] INFO  ozone.HddsDatanodeService (HddsDatanodeService.java:start(236)) - HddsDatanodeService host:fv-az243-689.kztbcxys31bebirtrtfpqc42zb.jx.internal.cloudapp.net ip:10.1.0.28
2022-06-08 19:33:53,092 [Datanode State Machine Task Thread - 0] INFO  datanode.InitDatanodeState (InitDatanodeState.java:persistContainerDatanodeDetails(138)) - DatanodeDetails is persisted to /home/runner/work/ozone/ozone/hadoop-ozone/integration-test/target/test-dir/MiniOzoneClusterImpl-6ca4cc63-2561-4277-bbe7-e6e454dc87c0/datanode-1/meta/datanode.id
2022-06-08 19:33:53,160 [omNode-2@group-6C22E66A003A-FollowerState] INFO  impl.FollowerState (FollowerState.java:run(143)) - omNode-2@group-6C22E66A003A-FollowerState: change to CANDIDATE, lastRpcElapsedTime:1114481913ns, electionTimeout:1110ms
2022-06-08 19:33:53,161 [omNode-2@group-6C22E66A003A-FollowerState] INFO  impl.RoleInfo (RoleInfo.java:shutdownFollowerState(110)) - omNode-2: shutdown omNode-2@group-6C22E66A003A-FollowerState
2022-06-08 19:33:53,161 [omNode-2@group-6C22E66A003A-FollowerState] INFO  server.RaftServer$Division (RaftServerImpl.java:setRole(299)) - omNode-2@group-6C22E66A003A: changes role from  FOLLOWER to CANDIDATE at term 2 for changeToCandidate
2022-06-08 19:33:53,161 [omNode-2@group-6C22E66A003A-FollowerState] INFO  server.RaftServerConfigKeys (ConfUtils.java:logGet(46)) - raft.server.leaderelection.pre-vote = false (custom)
2022-06-08 19:33:53,161 [omNode-2@group-6C22E66A003A-FollowerState] INFO  impl.RoleInfo (RoleInfo.java:updateAndGet(139)) - omNode-2: start omNode-2@group-6C22E66A003A-LeaderElection6
2022-06-08 19:33:53,163 [omNode-2@group-6C22E66A003A-LeaderElection6] INFO  impl.LeaderElection (LeaderElection.java:askForVotes(310)) - omNode-2@group-6C22E66A003A-LeaderElection6 ELECTION round 0: submit vote requests at term 3 for 0: [omNode-3|rpc:localhost:36495|admin:|client:|dataStream:|priority:0, omNode-1|rpc:localhost:37093|admin:|client:|dataStream:|priority:0, omNode-2|rpc:localhost:44297|admin:|client:|dataStream:|priority:0], old=null
2022-06-08 19:33:53,169 [grpc-default-executor-2] INFO  server.RaftServer$Division (RaftServerImpl.java:requestVote(1152)) - omNode-3@group-6C22E66A003A: receive requestVote(ELECTION, omNode-2, group-6C22E66A003A, 3, (t:1, i:0))
2022-06-08 19:33:53,170 [grpc-default-executor-2] INFO  impl.VoteContext (VoteContext.java:log(48)) - omNode-3@group-6C22E66A003A-FOLLOWER: accept ELECTION from omNode-2: our priority 0 <= candidate's priority 0
2022-06-08 19:33:53,170 [grpc-default-executor-2] INFO  server.RaftServer$Division (ServerState.java:setLeader(287)) - omNode-3@group-6C22E66A003A: change Leader from omNode-2 to null at term 3 for updateCurrentTerm
2022-06-08 19:33:53,170 [grpc-default-executor-2] INFO  server.RaftServer$Division (RaftServerImpl.java:setRole(299)) - omNode-3@group-6C22E66A003A: changes role from  FOLLOWER to FOLLOWER at term 3 for candidate:omNode-2
2022-06-08 19:33:53,170 [grpc-default-executor-2] INFO  impl.RoleInfo (RoleInfo.java:shutdownFollowerState(110)) - omNode-3: shutdown omNode-3@group-6C22E66A003A-FollowerState
2022-06-08 19:33:53,170 [grpc-default-executor-2] INFO  impl.RoleInfo (RoleInfo.java:updateAndGet(139)) - omNode-3: start omNode-3@group-6C22E66A003A-FollowerState
2022-06-08 19:33:53,170 [omNode-3@group-6C22E66A003A-FollowerState] INFO  impl.FollowerState (FollowerState.java:run(152)) - omNode-3@group-6C22E66A003A-FollowerState was interrupted
2022-06-08 19:33:53,174 [Listener at 127.0.0.1/45261] INFO  upgrade.AbstractLayoutVersionManager (AbstractLayoutVersionManager.java:init(82)) - Initializing Layout version manager with metadata layout = DATANODE_SCHEMA_V3 (version = 4), software layout = DATANODE_SCHEMA_V3 (version = 4)
2022-06-08 19:33:53,184 [grpc-default-executor-2] INFO  server.RaftServer$Division (RaftServerImpl.java:requestVote(1184)) - omNode-3@group-6C22E66A003A replies to ELECTION vote request: omNode-2<-omNode-3#0:OK-t3. Peer's state: omNode-3@group-6C22E66A003A:t3, leader=null, voted=omNode-2, raftlog=omNode-3@group-6C22E66A003A-SegmentedRaftLog:OPENED:c-1, conf=0: [omNode-3|rpc:localhost:36495|admin:|client:|dataStream:|priority:0, omNode-1|rpc:localhost:37093|admin:|client:|dataStream:|priority:0, omNode-2|rpc:localhost:44297|admin:|client:|dataStream:|priority:0], old=null
2022-06-08 19:33:53,184 [grpc-default-executor-3] INFO  server.RaftServer$Division (RaftServerImpl.java:requestVote(1152)) - omNode-1@group-6C22E66A003A: receive requestVote(ELECTION, omNode-2, group-6C22E66A003A, 3, (t:1, i:0))
2022-06-08 19:33:53,184 [grpc-default-executor-3] INFO  impl.VoteContext (VoteContext.java:log(48)) - omNode-1@group-6C22E66A003A-FOLLOWER: accept ELECTION from omNode-2: our last entry (t:0, i:~) < candidate's last entry (t:1, i:0)
2022-06-08 19:33:53,184 [grpc-default-executor-3] INFO  server.RaftServer$Division (RaftServerImpl.java:setRole(299)) - omNode-1@group-6C22E66A003A: changes role from  FOLLOWER to FOLLOWER at term 3 for candidate:omNode-2
2022-06-08 19:33:53,184 [grpc-default-executor-3] INFO  impl.RoleInfo (RoleInfo.java:shutdownFollowerState(110)) - omNode-1: shutdown omNode-1@group-6C22E66A003A-FollowerState
2022-06-08 19:33:53,184 [grpc-default-executor-3] INFO  impl.RoleInfo (RoleInfo.java:updateAndGet(139)) - omNode-1: start omNode-1@group-6C22E66A003A-FollowerState
2022-06-08 19:33:53,184 [omNode-1@group-6C22E66A003A-FollowerState] INFO  impl.FollowerState (FollowerState.java:run(152)) - omNode-1@group-6C22E66A003A-FollowerState was interrupted
2022-06-08 19:33:53,186 [grpc-default-executor-3] INFO  server.RaftServer$Division (RaftServerImpl.java:requestVote(1184)) - omNode-1@group-6C22E66A003A replies to ELECTION vote request: omNode-2<-omNode-1#0:OK-t3. Peer's state: omNode-1@group-6C22E66A003A:t3, leader=null, voted=omNode-2, raftlog=omNode-1@group-6C22E66A003A-SegmentedRaftLog:OPENED:c-1, conf=-1: [omNode-3|rpc:localhost:36495|priority:0, omNode-1|rpc:localhost:37093|priority:0, omNode-2|rpc:localhost:44297|priority:0], old=null
2022-06-08 19:33:53,185 [omNode-2@group-6C22E66A003A-LeaderElection6] INFO  impl.LeaderElection (LeaderElection.java:logAndReturn(90)) - omNode-2@group-6C22E66A003A-LeaderElection6: ELECTION PASSED received 1 response(s) and 0 exception(s):
2022-06-08 19:33:53,187 [omNode-2@group-6C22E66A003A-LeaderElection6] INFO  impl.LeaderElection (LeaderElection.java:logAndReturn(94)) -   Response 0: omNode-2<-omNode-3#0:OK-t3
2022-06-08 19:33:53,188 [omNode-2@group-6C22E66A003A-LeaderElection6] INFO  impl.LeaderElection (LeaderElection.java:askForVotes(312)) - omNode-2@group-6C22E66A003A-LeaderElection6 ELECTION round 0: result PASSED
2022-06-08 19:33:53,188 [omNode-2@group-6C22E66A003A-LeaderElection6] INFO  impl.RoleInfo (RoleInfo.java:shutdownLeaderElection(130)) - omNode-2: shutdown omNode-2@group-6C22E66A003A-LeaderElection6
2022-06-08 19:33:53,188 [omNode-2@group-6C22E66A003A-LeaderElection6] INFO  server.RaftServer$Division (RaftServerImpl.java:setRole(299)) - omNode-2@group-6C22E66A003A: changes role from CANDIDATE to LEADER at term 3 for changeToLeader
2022-06-08 19:33:53,188 [omNode-2@group-6C22E66A003A-LeaderElection6] INFO  server.RaftServer$Division (ServerState.java:setLeader(287)) - omNode-2@group-6C22E66A003A: change Leader from null to omNode-2 at term 3 for becomeLeader, leader elected after 1180ms
2022-06-08 19:33:53,188 [omNode-2@group-6C22E66A003A-LeaderElection6] INFO  server.RaftServerConfigKeys (ConfUtils.java:logGet(46)) - raft.server.staging.catchup.gap = 1000 (default)
2022-06-08 19:33:53,188 [omNode-2@group-6C22E66A003A-LeaderElection6] INFO  server.RaftServerConfigKeys (ConfUtils.java:logGet(46)) - raft.server.write.element-limit = 4096 (default)
2022-06-08 19:33:53,188 [omNode-2@group-6C22E66A003A-LeaderElection6] INFO  server.RaftServerConfigKeys (ConfUtils.java:logGet(46)) - raft.server.write.byte-limit = 64MB (=67108864) (default)
2022-06-08 19:33:53,188 [omNode-2@group-6C22E66A003A-LeaderElection6] INFO  server.RaftServerConfigKeys (ConfUtils.java:logGet(46)) - raft.server.watch.timeout = 10s (default)
2022-06-08 19:33:53,188 [omNode-2@group-6C22E66A003A-LeaderElection6] INFO  server.RaftServerConfigKeys (ConfUtils.java:logGet(46)) - raft.server.watch.timeout.denomination = 1s (default)
2022-06-08 19:33:53,188 [omNode-2@group-6C22E66A003A-LeaderElection6] INFO  server.RaftServerConfigKeys (ConfUtils.java:logGet(46)) - raft.server.watch.element-limit = 65536 (default)
2022-06-08 19:33:53,189 [omNode-2@group-6C22E66A003A-LeaderElection6] INFO  server.RaftServerConfigKeys (ConfUtils.java:logGet(46)) - raft.server.write.element-limit = 4096 (default)
2022-06-08 19:33:53,189 [omNode-2@group-6C22E66A003A-LeaderElection6] INFO  server.RaftServerConfigKeys (ConfUtils.java:logGet(46)) - raft.server.write.follower.gap.ratio.max = -1.0 (default)
2022-06-08 19:33:53,193 [omNode-2@group-6C22E66A003A-LeaderElection6] INFO  server.RaftServerConfigKeys (ConfUtils.java:logGet(46)) - raft.server.log.appender.snapshot.chunk.size.max = 16MB (=16777216) (default)
2022-06-08 19:33:53,194 [omNode-2@group-6C22E66A003A-LeaderElection6] INFO  server.RaftServerConfigKeys (ConfUtils.java:logGet(46)) - raft.server.log.appender.buffer.byte-limit = 33554432 (custom)
2022-06-08 19:33:53,194 [omNode-2@group-6C22E66A003A-LeaderElection6] INFO  server.RaftServerConfigKeys (ConfUtils.java:logGet(46)) - raft.server.log.appender.buffer.element-limit = 1024 (custom)
2022-06-08 19:33:53,194 [omNode-2@group-6C22E66A003A-LeaderElection6] INFO  grpc.GrpcConfigKeys (ConfUtils.java:logGet(46)) - raft.grpc.server.leader.outstanding.appends.max = 128 (default)
2022-06-08 19:33:53,194 [omNode-2@group-6C22E66A003A-LeaderElection6] INFO  server.RaftServerConfigKeys (ConfUtils.java:logGet(46)) - raft.server.rpc.request.timeout = 3000ms (default)
2022-06-08 19:33:53,194 [omNode-2@group-6C22E66A003A-LeaderElection6] INFO  server.RaftServerConfigKeys (ConfUtils.java:logGet(46)) - raft.server.log.appender.install.snapshot.enabled = false (custom)
2022-06-08 19:33:53,195 [omNode-2@group-6C22E66A003A-LeaderElection6] INFO  server.RaftServerConfigKeys (ConfUtils.java:logGet(46)) - raft.server.log.appender.snapshot.chunk.size.max = 16MB (=16777216) (default)
2022-06-08 19:33:53,195 [omNode-2@group-6C22E66A003A-LeaderElection6] INFO  server.RaftServerConfigKeys (ConfUtils.java:logGet(46)) - raft.server.log.appender.buffer.byte-limit = 33554432 (custom)
2022-06-08 19:33:53,195 [omNode-2@group-6C22E66A003A-LeaderElection6] INFO  server.RaftServerConfigKeys (ConfUtils.java:logGet(46)) - raft.server.log.appender.buffer.element-limit = 1024 (custom)
2022-06-08 19:33:53,195 [omNode-2@group-6C22E66A003A-LeaderElection6] INFO  grpc.GrpcConfigKeys (ConfUtils.java:logGet(46)) - raft.grpc.server.leader.outstanding.appends.max = 128 (default)
2022-06-08 19:33:53,195 [omNode-2@group-6C22E66A003A-LeaderElection6] INFO  server.RaftServerConfigKeys (ConfUtils.java:logGet(46)) - raft.server.rpc.request.timeout = 3000ms (default)
2022-06-08 19:33:53,195 [omNode-2@group-6C22E66A003A-LeaderElection6] INFO  server.RaftServerConfigKeys (ConfUtils.java:logGet(46)) - raft.server.log.appender.install.snapshot.enabled = false (custom)
2022-06-08 19:33:53,195 [omNode-2@group-6C22E66A003A-LeaderElection6] INFO  impl.RoleInfo (RoleInfo.java:updateAndGet(139)) - omNode-2: start omNode-2@group-6C22E66A003A-LeaderStateImpl
2022-06-08 19:33:53,195 [omNode-2@group-6C22E66A003A-LeaderElection6] INFO  segmented.SegmentedRaftLogWorker (SegmentedRaftLogWorker.java:rollLogSegment(430)) - omNode-2@group-6C22E66A003A-SegmentedRaftLogWorker: Rolling segment log-0_0 to index:0
2022-06-08 19:33:53,196 [omNode-2@group-6C22E66A003A-SegmentedRaftLogWorker] INFO  segmented.SegmentedRaftLogWorker (SegmentedRaftLogWorker.java:execute(586)) - omNode-2@group-6C22E66A003A-SegmentedRaftLogWorker: Rolled log segment from /home/runner/work/ozone/ozone/hadoop-ozone/integration-test/target/test-dir/MiniOzoneClusterImpl-6ca4cc63-2561-4277-bbe7-e6e454dc87c0/omNode-2/ratis/9c9825ce-8ba7-3ee6-a7c3-6c22e66a003a/current/log_inprogress_0 to /home/runner/work/ozone/ozone/hadoop-ozone/integration-test/target/test-dir/MiniOzoneClusterImpl-6ca4cc63-2561-4277-bbe7-e6e454dc87c0/omNode-2/ratis/9c9825ce-8ba7-3ee6-a7c3-6c22e66a003a/current/log_0-0
2022-06-08 19:33:53,200 [omNode-3-server-thread1] INFO  server.RaftServer$Division (ServerState.java:setLeader(287)) - omNode-3@group-6C22E66A003A: change Leader from null to omNode-2 at term 3 for appendEntries, leader elected after 30ms
2022-06-08 19:33:53,200 [omNode-2@group-6C22E66A003A-LeaderElection6] INFO  server.RaftServer$Division (ServerState.java:setRaftConf(393)) - omNode-2@group-6C22E66A003A: set configuration 1: [omNode-3|rpc:localhost:36495|admin:|client:|dataStream:|priority:0, omNode-1|rpc:localhost:37093|admin:|client:|dataStream:|priority:0, omNode-2|rpc:localhost:44297|admin:|client:|dataStream:|priority:0], old=null
2022-06-08 19:33:53,214 [omNode-2@group-6C22E66A003A-SegmentedRaftLogWorker] INFO  segmented.SegmentedRaftLogWorker (SegmentedRaftLogWorker.java:execute(629)) - omNode-2@group-6C22E66A003A-SegmentedRaftLogWorker: created new log segment /home/runner/work/ozone/ozone/hadoop-ozone/integration-test/target/test-dir/MiniOzoneClusterImpl-6ca4cc63-2561-4277-bbe7-e6e454dc87c0/omNode-2/ratis/9c9825ce-8ba7-3ee6-a7c3-6c22e66a003a/current/log_inprogress_1
2022-06-08 19:33:53,217 [omNode-3-server-thread1] INFO  server.RaftServer$Division (ServerState.java:setRaftConf(393)) - omNode-3@group-6C22E66A003A: set configuration 1: [omNode-3|rpc:localhost:36495|admin:|client:|dataStream:|priority:0, omNode-1|rpc:localhost:37093|admin:|client:|dataStream:|priority:0, omNode-2|rpc:localhost:44297|admin:|client:|dataStream:|priority:0], old=null
2022-06-08 19:33:53,217 [omNode-3-server-thread1] INFO  segmented.SegmentedRaftLogWorker (SegmentedRaftLogWorker.java:rollLogSegment(430)) - omNode-3@group-6C22E66A003A-SegmentedRaftLogWorker: Rolling segment log-0_0 to index:0
2022-06-08 19:33:53,218 [omNode-3@group-6C22E66A003A-SegmentedRaftLogWorker] INFO  segmented.SegmentedRaftLogWorker (SegmentedRaftLogWorker.java:execute(586)) - omNode-3@group-6C22E66A003A-SegmentedRaftLogWorker: Rolled log segment from /home/runner/work/ozone/ozone/hadoop-ozone/integration-test/target/test-dir/MiniOzoneClusterImpl-6ca4cc63-2561-4277-bbe7-e6e454dc87c0/omNode-3/ratis/9c9825ce-8ba7-3ee6-a7c3-6c22e66a003a/current/log_inprogress_0 to /home/runner/work/ozone/ozone/hadoop-ozone/integration-test/target/test-dir/MiniOzoneClusterImpl-6ca4cc63-2561-4277-bbe7-e6e454dc87c0/omNode-3/ratis/9c9825ce-8ba7-3ee6-a7c3-6c22e66a003a/current/log_0-0
2022-06-08 19:33:53,219 [omNode-1-server-thread2] INFO  server.RaftServer$Division (ServerState.java:setLeader(287)) - omNode-1@group-6C22E66A003A: change Leader from null to omNode-2 at term 3 for appendEntries, leader elected after 4358ms
2022-06-08 19:33:53,219 [omNode-1-server-thread2] INFO  server.RaftServer$Division (RaftServerImpl.java:checkInconsistentAppendEntries(1424)) - omNode-1@group-6C22E66A003A: Failed appendEntries as previous log entry ((t:1, i:0)) is not found
2022-06-08 19:33:53,219 [omNode-1-server-thread2] INFO  server.RaftServer$Division (RaftServerImpl.java:checkInconsistentAppendEntries(1394)) - omNode-1@group-6C22E66A003A: inconsistency entries. Reply:omNode-2<-omNode-1#0:FAIL-t3,INCONSISTENCY,nextIndex=0,followerCommit=-1
2022-06-08 19:33:53,220 [grpc-default-executor-0] INFO  leader.FollowerInfo (FollowerInfoImpl.java:lambda$new$0(48)) - omNode-2@group-6C22E66A003A->omNode-1: nextIndex: updateUnconditionally 2 -> 0
2022-06-08 19:33:53,220 [omNode-1-server-thread2] INFO  server.RaftServer$Division (RaftServerImpl.java:checkInconsistentAppendEntries(1424)) - omNode-1@group-6C22E66A003A: Failed appendEntries as previous log entry ((t:1, i:0)) is not found
2022-06-08 19:33:53,223 [omNode-1-server-thread2] INFO  server.RaftServer$Division (RaftServerImpl.java:checkInconsistentAppendEntries(1394)) - omNode-1@group-6C22E66A003A: inconsistency entries. Reply:omNode-2<-omNode-1#1:FAIL-t3,INCONSISTENCY,nextIndex=0,followerCommit=-1
2022-06-08 19:33:53,225 [grpc-default-executor-0] INFO  leader.FollowerInfo (FollowerInfoImpl.java:lambda$new$0(48)) - omNode-2@group-6C22E66A003A->omNode-1: nextIndex: updateUnconditionally 2 -> 0
2022-06-08 19:33:53,225 [omNode-1-server-thread2] INFO  server.RaftServer$Division (ServerState.java:setRaftConf(393)) - omNode-1@group-6C22E66A003A: set configuration 0: [omNode-3|rpc:localhost:36495|admin:|client:|dataStream:|priority:0, omNode-1|rpc:localhost:37093|admin:|client:|dataStream:|priority:0, omNode-2|rpc:localhost:44297|admin:|client:|dataStream:|priority:0], old=null
2022-06-08 19:33:53,225 [omNode-1-server-thread2] INFO  server.RaftServer$Division (ServerState.java:setRaftConf(393)) - omNode-1@group-6C22E66A003A: set configuration 1: [omNode-3|rpc:localhost:36495|admin:|client:|dataStream:|priority:0, omNode-1|rpc:localhost:37093|admin:|client:|dataStream:|priority:0, omNode-2|rpc:localhost:44297|admin:|client:|dataStream:|priority:0], old=null
2022-06-08 19:33:53,225 [omNode-1-server-thread2] INFO  segmented.SegmentedRaftLogWorker (SegmentedRaftLogWorker.java:startLogSegment(425)) - omNode-1@group-6C22E66A003A-SegmentedRaftLogWorker: Starting segment from index:0
2022-06-08 19:33:53,225 [omNode-1-server-thread2] INFO  segmented.SegmentedRaftLogWorker (SegmentedRaftLogWorker.java:rollLogSegment(430)) - omNode-1@group-6C22E66A003A-SegmentedRaftLogWorker: Rolling segment log-0_0 to index:0
2022-06-08 19:33:53,230 [omNode-1-server-thread2] INFO  server.RaftServer$Division (ServerState.java:setRaftConf(393)) - omNode-1@group-6C22E66A003A: set configuration 0: [omNode-3|rpc:localhost:36495|admin:|client:|dataStream:|priority:0, omNode-1|rpc:localhost:37093|admin:|client:|dataStream:|priority:0, omNode-2|rpc:localhost:44297|admin:|client:|dataStream:|priority:0], old=null
2022-06-08 19:33:53,230 [omNode-1-server-thread2] INFO  server.RaftServer$Division (ServerState.java:setRaftConf(393)) - omNode-1@group-6C22E66A003A: set configuration 1: [omNode-3|rpc:localhost:36495|admin:|client:|dataStream:|priority:0, omNode-1|rpc:localhost:37093|admin:|client:|dataStream:|priority:0, omNode-2|rpc:localhost:44297|admin:|client:|dataStream:|priority:0], old=null
2022-06-08 19:33:53,241 [omNode-1@group-6C22E66A003A-SegmentedRaftLogWorker] INFO  segmented.SegmentedRaftLogWorker (SegmentedRaftLogWorker.java:execute(629)) - omNode-1@group-6C22E66A003A-SegmentedRaftLogWorker: created new log segment /home/runner/work/ozone/ozone/hadoop-ozone/integration-test/target/test-dir/MiniOzoneClusterImpl-6ca4cc63-2561-4277-bbe7-e6e454dc87c0/omNode-1/ratis/9c9825ce-8ba7-3ee6-a7c3-6c22e66a003a/current/log_inprogress_0
2022-06-08 19:33:53,242 [omNode-3@group-6C22E66A003A-SegmentedRaftLogWorker] INFO  segmented.SegmentedRaftLogWorker (SegmentedRaftLogWorker.java:execute(629)) - omNode-3@group-6C22E66A003A-SegmentedRaftLogWorker: created new log segment /home/runner/work/ozone/ozone/hadoop-ozone/integration-test/target/test-dir/MiniOzoneClusterImpl-6ca4cc63-2561-4277-bbe7-e6e454dc87c0/omNode-3/ratis/9c9825ce-8ba7-3ee6-a7c3-6c22e66a003a/current/log_inprogress_1
2022-06-08 19:33:53,242 [omNode-1@group-6C22E66A003A-SegmentedRaftLogWorker] INFO  segmented.SegmentedRaftLogWorker (SegmentedRaftLogWorker.java:execute(586)) - omNode-1@group-6C22E66A003A-SegmentedRaftLogWorker: Rolled log segment from /home/runner/work/ozone/ozone/hadoop-ozone/integration-test/target/test-dir/MiniOzoneClusterImpl-6ca4cc63-2561-4277-bbe7-e6e454dc87c0/omNode-1/ratis/9c9825ce-8ba7-3ee6-a7c3-6c22e66a003a/current/log_inprogress_0 to /home/runner/work/ozone/ozone/hadoop-ozone/integration-test/target/test-dir/MiniOzoneClusterImpl-6ca4cc63-2561-4277-bbe7-e6e454dc87c0/omNode-1/ratis/9c9825ce-8ba7-3ee6-a7c3-6c22e66a003a/current/log_0-0
2022-06-08 19:33:53,252 [omNode-2@group-6C22E66A003A-StateMachineUpdater] INFO  ratis.OzoneManagerStateMachine (OzoneManagerStateMachine.java:notifyConfigurationChanged(191)) - Received Configuration change notification from Ratis. New Peer list:
[id: "omNode-3"
address: "localhost:36495"
, id: "omNode-1"
address: "localhost:37093"
, id: "omNode-2"
address: "localhost:44297"
]
2022-06-08 19:33:53,255 [omNode-2@group-6C22E66A003A-StateMachineUpdater] INFO  ratis.OzoneManagerStateMachine (OzoneManagerStateMachine.java:notifyConfigurationChanged(191)) - Received Configuration change notification from Ratis. New Peer list:
[id: "omNode-3"
address: "localhost:36495"
, id: "omNode-1"
address: "localhost:37093"
, id: "omNode-2"
address: "localhost:44297"
]
2022-06-08 19:33:53,256 [omNode-3@group-6C22E66A003A-StateMachineUpdater] INFO  ratis.OzoneManagerStateMachine (OzoneManagerStateMachine.java:notifyConfigurationChanged(191)) - Received Configuration change notification from Ratis. New Peer list:
[id: "omNode-3"
address: "localhost:36495"
, id: "omNode-1"
address: "localhost:37093"
, id: "omNode-2"
address: "localhost:44297"
]
2022-06-08 19:33:53,258 [omNode-3@group-6C22E66A003A-StateMachineUpdater] INFO  ratis.OzoneManagerStateMachine (OzoneManagerStateMachine.java:notifyConfigurationChanged(191)) - Received Configuration change notification from Ratis. New Peer list:
[id: "omNode-3"
address: "localhost:36495"
, id: "omNode-1"
address: "localhost:37093"
, id: "omNode-2"
address: "localhost:44297"
]
2022-06-08 19:33:53,257 [omNode-1@group-6C22E66A003A-SegmentedRaftLogWorker] INFO  segmented.SegmentedRaftLogWorker (SegmentedRaftLogWorker.java:execute(629)) - omNode-1@group-6C22E66A003A-SegmentedRaftLogWorker: created new log segment /home/runner/work/ozone/ozone/hadoop-ozone/integration-test/target/test-dir/MiniOzoneClusterImpl-6ca4cc63-2561-4277-bbe7-e6e454dc87c0/omNode-1/ratis/9c9825ce-8ba7-3ee6-a7c3-6c22e66a003a/current/log_inprogress_1
2022-06-08 19:33:53,260 [omNode-1@group-6C22E66A003A-StateMachineUpdater] INFO  ratis.OzoneManagerStateMachine (OzoneManagerStateMachine.java:notifyConfigurationChanged(191)) - Received Configuration change notification from Ratis. New Peer list:
[id: "omNode-3"
address: "localhost:36495"
, id: "omNode-1"
address: "localhost:37093"
, id: "omNode-2"
address: "localhost:44297"
]
2022-06-08 19:33:53,260 [omNode-1@group-6C22E66A003A-StateMachineUpdater] INFO  ratis.OzoneManagerStateMachine (OzoneManagerStateMachine.java:notifyConfigurationChanged(191)) - Received Configuration change notification from Ratis. New Peer list:
[id: "omNode-3"
address: "localhost:36495"
, id: "omNode-1"
address: "localhost:37093"
, id: "omNode-2"
address: "localhost:44297"
]
2022-06-08 19:33:53,275 [Listener at 127.0.0.1/45261] INFO  reflections.Reflections (Reflections.java:scan(232)) - Reflections took 100 ms to scan 7 urls, producing 131 keys and 311 values 
2022-06-08 19:33:53,277 [Listener at 127.0.0.1/45261] INFO  ha.SCMNodeInfo (SCMNodeInfo.java:getPort(197)) - ConfigKey ozone.scm.client.address is deprecated, For configuring different ports for each SCM use PortConfigKey ozone.scm.client.port appended with serviceId and nodeId
2022-06-08 19:33:53,280 [Listener at 127.0.0.1/45261] INFO  ha.SCMNodeInfo (SCMNodeInfo.java:getPort(197)) - ConfigKey ozone.scm.block.client.address is deprecated, For configuring different ports for each SCM use PortConfigKey ozone.scm.block.client.port appended with serviceId and nodeId
2022-06-08 19:33:53,280 [Listener at 127.0.0.1/45261] INFO  ha.SCMNodeInfo (SCMNodeInfo.java:getPort(197)) - ConfigKey ozone.scm.datanode.address is deprecated, For configuring different ports for each SCM use PortConfigKey ozone.scm.datanode.port appended with serviceId and nodeId
2022-06-08 19:33:53,280 [Listener at 127.0.0.1/45261] INFO  ha.SCMNodeInfo (SCMNodeInfo.java:getPort(197)) - ConfigKey ozone.scm.client.address is deprecated, For configuring different ports for each SCM use PortConfigKey ozone.scm.client.port appended with serviceId and nodeId
2022-06-08 19:33:53,280 [Listener at 127.0.0.1/45261] INFO  ha.SCMNodeInfo (SCMNodeInfo.java:getPort(197)) - ConfigKey ozone.scm.block.client.address is deprecated, For configuring different ports for each SCM use PortConfigKey ozone.scm.block.client.port appended with serviceId and nodeId
2022-06-08 19:33:53,280 [Listener at 127.0.0.1/45261] INFO  ha.SCMNodeInfo (SCMNodeInfo.java:getPort(197)) - ConfigKey ozone.scm.datanode.address is deprecated, For configuring different ports for each SCM use PortConfigKey ozone.scm.datanode.port appended with serviceId and nodeId
2022-06-08 19:33:53,280 [Listener at 127.0.0.1/45261] INFO  ha.SCMNodeInfo (SCMNodeInfo.java:getPort(197)) - ConfigKey ozone.scm.client.address is deprecated, For configuring different ports for each SCM use PortConfigKey ozone.scm.client.port appended with serviceId and nodeId
2022-06-08 19:33:53,280 [Listener at 127.0.0.1/45261] INFO  ha.SCMNodeInfo (SCMNodeInfo.java:getPort(197)) - ConfigKey ozone.scm.block.client.address is deprecated, For configuring different ports for each SCM use PortConfigKey ozone.scm.block.client.port appended with serviceId and nodeId
2022-06-08 19:33:53,281 [Listener at 127.0.0.1/45261] INFO  ha.SCMNodeInfo (SCMNodeInfo.java:getPort(197)) - ConfigKey ozone.scm.datanode.address is deprecated, For configuring different ports for each SCM use PortConfigKey ozone.scm.datanode.port appended with serviceId and nodeId
2022-06-08 19:33:53,281 [Listener at 127.0.0.1/45261] INFO  statemachine.DatanodeStateMachine (DatanodeStateMachine.java:getEndPointTaskThreadPoolSize(233)) - Datanode State Machine Task Thread Pool size 4
2022-06-08 19:33:53,284 [Listener at 127.0.0.1/45261] INFO  volume.HddsVolume (HddsVolume.java:<init>(116)) - Creating HddsVolume: /home/runner/work/ozone/ozone/hadoop-ozone/integration-test/target/test-dir/MiniOzoneClusterImpl-6ca4cc63-2561-4277-bbe7-e6e454dc87c0/datanode-2/data-0/containers/hdds of storage type : DISK capacity : 9223372036854775807
2022-06-08 19:33:53,284 [Listener at 127.0.0.1/45261] INFO  volume.MutableVolumeSet (MutableVolumeSet.java:initializeVolumeSet(174)) - Added Volume : /home/runner/work/ozone/ozone/hadoop-ozone/integration-test/target/test-dir/MiniOzoneClusterImpl-6ca4cc63-2561-4277-bbe7-e6e454dc87c0/datanode-2/data-0/containers/hdds to VolumeSet
2022-06-08 19:33:53,284 [Listener at 127.0.0.1/45261] INFO  volume.ThrottledAsyncChecker (ThrottledAsyncChecker.java:schedule(141)) - Scheduling a check for /home/runner/work/ozone/ozone/hadoop-ozone/integration-test/target/test-dir/MiniOzoneClusterImpl-6ca4cc63-2561-4277-bbe7-e6e454dc87c0/datanode-2/data-0/containers/hdds
2022-06-08 19:33:53,285 [Listener at 127.0.0.1/45261] INFO  volume.StorageVolumeChecker (StorageVolumeChecker.java:checkAllVolumes(202)) - Scheduled health check for volume /home/runner/work/ozone/ozone/hadoop-ozone/integration-test/target/test-dir/MiniOzoneClusterImpl-6ca4cc63-2561-4277-bbe7-e6e454dc87c0/datanode-2/data-0/containers/hdds
2022-06-08 19:33:53,296 [Listener at 127.0.0.1/45261] INFO  volume.MutableVolumeSet (MutableVolumeSet.java:initializeVolumeSet(174)) - Added Volume : /home/runner/work/ozone/ozone/hadoop-ozone/integration-test/target/test-dir/MiniOzoneClusterImpl-6ca4cc63-2561-4277-bbe7-e6e454dc87c0/datanode-2/data/ratis to VolumeSet
2022-06-08 19:33:53,296 [Listener at 127.0.0.1/45261] INFO  volume.ThrottledAsyncChecker (ThrottledAsyncChecker.java:schedule(141)) - Scheduling a check for /home/runner/work/ozone/ozone/hadoop-ozone/integration-test/target/test-dir/MiniOzoneClusterImpl-6ca4cc63-2561-4277-bbe7-e6e454dc87c0/datanode-2/data/ratis
2022-06-08 19:33:53,296 [Listener at 127.0.0.1/45261] INFO  volume.StorageVolumeChecker (StorageVolumeChecker.java:checkAllVolumes(202)) - Scheduled health check for volume /home/runner/work/ozone/ozone/hadoop-ozone/integration-test/target/test-dir/MiniOzoneClusterImpl-6ca4cc63-2561-4277-bbe7-e6e454dc87c0/datanode-2/data/ratis
2022-06-08 19:33:53,306 [Thread-737] INFO  ozoneimpl.ContainerReader (ContainerReader.java:readVolume(172)) - Finish verifying containers on volume /home/runner/work/ozone/ozone/hadoop-ozone/integration-test/target/test-dir/MiniOzoneClusterImpl-6ca4cc63-2561-4277-bbe7-e6e454dc87c0/datanode-2/data-0/containers/hdds
2022-06-08 19:33:53,306 [Listener at 127.0.0.1/45261] INFO  ozoneimpl.OzoneContainer (OzoneContainer.java:buildContainerSet(266)) - Build ContainerSet costs 0s
2022-06-08 19:33:53,309 [Listener at 127.0.0.1/45261] INFO  server.RaftServer (ConfUtils.java:logGet(46)) - raft.rpc.type = GRPC (default)
2022-06-08 19:33:53,309 [Listener at 127.0.0.1/45261] INFO  grpc.GrpcFactory (GrpcFactory.java:checkPooledByteBufAllocatorUseCacheForAllThreads(48)) - PERFORMANCE WARNING: useCacheForAllThreads is true that may cause Netty to create a lot garbage objects and, as a result, trigger GC.
	It is recommended to disable useCacheForAllThreads by setting -Dorg.apache.ratis.thirdparty.io.netty.allocator.useCacheForAllThreads=false in command line.
2022-06-08 19:33:53,309 [Listener at 127.0.0.1/45261] INFO  grpc.GrpcConfigKeys (ConfUtils.java:logGet(46)) - raft.grpc.admin.port = 0 (custom)
2022-06-08 19:33:53,309 [Listener at 127.0.0.1/45261] INFO  grpc.GrpcConfigKeys (ConfUtils.java:logGet(46)) - raft.grpc.client.port = 0 (custom)
2022-06-08 19:33:53,309 [Listener at 127.0.0.1/45261] INFO  grpc.GrpcConfigKeys (ConfUtils.java:logGet(46)) - raft.grpc.server.port = 0 (default)
2022-06-08 19:33:53,309 [Listener at 127.0.0.1/45261] INFO  server.GrpcService (ConfUtils.java:logGet(46)) - raft.grpc.message.size.max = 32MB (=33554432) (custom)
2022-06-08 19:33:53,309 [Listener at 127.0.0.1/45261] INFO  server.RaftServerConfigKeys (ConfUtils.java:logGet(46)) - raft.server.log.appender.buffer.byte-limit = 33554432 (custom)
2022-06-08 19:33:53,309 [Listener at 127.0.0.1/45261] INFO  server.GrpcService (ConfUtils.java:logGet(46)) - raft.grpc.flow.control.window = 5MB (=5242880) (custom)
2022-06-08 19:33:53,309 [Listener at 127.0.0.1/45261] INFO  server.RaftServerConfigKeys (ConfUtils.java:logGet(46)) - raft.server.rpc.request.timeout = 60s (custom)
2022-06-08 19:33:53,309 [Listener at 127.0.0.1/45261] INFO  grpc.GrpcConfigKeys (ConfUtils.java:logGet(46)) - raft.grpc.server.async.request.thread.pool.cached = true (default)
2022-06-08 19:33:53,309 [Listener at 127.0.0.1/45261] INFO  grpc.GrpcConfigKeys (ConfUtils.java:logGet(46)) - raft.grpc.server.async.request.thread.pool.size = 32 (default)
2022-06-08 19:33:53,311 [Listener at 127.0.0.1/45261] INFO  impl.DataStreamServerImpl (ConfUtils.java:logGet(46)) - raft.datastream.type = DISABLED (default)
2022-06-08 19:33:53,311 [Listener at 127.0.0.1/45261] INFO  server.RaftServerConfigKeys (ConfUtils.java:logGet(46)) - raft.server.threadpool.proxy.cached = true (default)
2022-06-08 19:33:53,311 [Listener at 127.0.0.1/45261] INFO  server.RaftServerConfigKeys (ConfUtils.java:logGet(46)) - raft.server.threadpool.proxy.size = 0 (default)
2022-06-08 19:33:53,311 [Listener at 127.0.0.1/45261] INFO  server.RaftServerConfigKeys (ConfUtils.java:logGet(46)) - raft.server.rpc.slowness.timeout = 300s (custom)
2022-06-08 19:33:53,311 [Listener at 127.0.0.1/45261] INFO  server.RaftServerConfigKeys (ConfUtils.java:logGet(46)) - raft.server.leaderelection.leader.step-down.wait-time = 10s (default)
2022-06-08 19:33:53,311 [Listener at 127.0.0.1/45261] INFO  server.RaftServerConfigKeys (ConfUtils.java:logGet(46)) - raft.server.storage.dir = [/home/runner/work/ozone/ozone/hadoop-ozone/integration-test/target/test-dir/MiniOzoneClusterImpl-6ca4cc63-2561-4277-bbe7-e6e454dc87c0/datanode-2/data/ratis] (custom)
2022-06-08 19:33:53,312 [Listener at 127.0.0.1/45261] INFO  server.XceiverServerGrpc (XceiverServerGrpc.java:<init>(132)) - GrpcServer channel type EpollServerSocketChannel
2022-06-08 19:33:53,315 [Listener at 127.0.0.1/45261] INFO  http.BaseHttpServer (BaseHttpServer.java:newHttpServer2BuilderForOzone(209)) - Starting Web-server for hddsDatanode at: http://0.0.0.0:0
2022-06-08 19:33:53,315 [Listener at 127.0.0.1/45261] INFO  http.BaseHttpServer (BaseHttpServer.java:<init>(107)) - Hadoop Security Enabled: false Ozone Security Enabled: false Ozone HTTP Security Enabled: false 
2022-06-08 19:33:53,316 [Listener at 127.0.0.1/45261] INFO  server.AuthenticationFilter (AuthenticationFilter.java:constructSecretProvider(240)) - Unable to initialize FileSignerSecretProvider, falling back to use random secrets.
2022-06-08 19:33:53,316 [Listener at 127.0.0.1/45261] WARN  http.HttpRequestLog (HttpRequestLog.java:getRequestLog(103)) - Jetty request log can only be enabled using Log4j
2022-06-08 19:33:53,317 [Listener at 127.0.0.1/45261] INFO  http.HttpServer2 (HttpServer2.java:addGlobalFilter(1029)) - Added global filter 'safety' (class=org.apache.hadoop.hdds.server.http.HttpServer2$QuotingInputFilter)
2022-06-08 19:33:53,318 [Listener at 127.0.0.1/45261] INFO  http.HttpServer2 (HttpServer2.java:addFilter(1005)) - Added filter static_user_filter (class=org.apache.hadoop.http.lib.StaticUserWebFilter$StaticUserFilter) to context hddsDatanode
2022-06-08 19:33:53,318 [Listener at 127.0.0.1/45261] INFO  http.HttpServer2 (HttpServer2.java:addFilter(1013)) - Added filter static_user_filter (class=org.apache.hadoop.http.lib.StaticUserWebFilter$StaticUserFilter) to context static
2022-06-08 19:33:53,318 [Listener at 127.0.0.1/45261] INFO  http.HttpServer2 (HttpServer2.java:addFilter(1013)) - Added filter static_user_filter (class=org.apache.hadoop.http.lib.StaticUserWebFilter$StaticUserFilter) to context logs
2022-06-08 19:33:53,319 [Listener at 127.0.0.1/45261] INFO  http.HttpServer2 (HttpServer2.java:bindListener(1248)) - Jetty bound to port 37551
2022-06-08 19:33:53,319 [Listener at 127.0.0.1/45261] INFO  server.Server (Server.java:doStart(375)) - jetty-9.4.43.v20210629; built: 2021-06-30T11:07:22.254Z; git: 526006ecfa3af7f1a27ef3a288e2bef7ea9dd7e8; jvm 1.8.0_332-b09
2022-06-08 19:33:53,320 [Listener at 127.0.0.1/45261] INFO  server.session (DefaultSessionIdManager.java:doStart(334)) - DefaultSessionIdManager workerName=node0
2022-06-08 19:33:53,320 [Listener at 127.0.0.1/45261] INFO  server.session (DefaultSessionIdManager.java:doStart(339)) - No SessionScavenger set, using defaults
2022-06-08 19:33:53,320 [Listener at 127.0.0.1/45261] INFO  server.session (HouseKeeper.java:startScavenging(132)) - node0 Scavenging every 660000ms
2022-06-08 19:33:53,321 [Listener at 127.0.0.1/45261] INFO  handler.ContextHandler (ContextHandler.java:doStart(915)) - Started o.e.j.s.ServletContextHandler@c4d3ec5{logs,/logs,file:///home/runner/work/ozone/ozone/hadoop-ozone/integration-test/target/log,AVAILABLE}
2022-06-08 19:33:53,321 [Listener at 127.0.0.1/45261] INFO  handler.ContextHandler (ContextHandler.java:doStart(915)) - Started o.e.j.s.ServletContextHandler@70cf1568{static,/static,jar:file:/home/runner/.m2/repository/org/apache/ozone/hdds-container-service/1.3.0-SNAPSHOT/hdds-container-service-1.3.0-SNAPSHOT.jar!/webapps/static,AVAILABLE}
2022-06-08 19:33:53,482 [Listener at 127.0.0.1/45261] INFO  handler.ContextHandler (ContextHandler.java:doStart(915)) - Started o.e.j.w.WebAppContext@19c8dc3a{hddsDatanode,/,file:///tmp/jetty-0_0_0_0-37551-hdds-container-service-1_3_0-SNAPSHOT_jar-_-any-7593896177278987821/webapp/,AVAILABLE}{jar:file:/home/runner/.m2/repository/org/apache/ozone/hdds-container-service/1.3.0-SNAPSHOT/hdds-container-service-1.3.0-SNAPSHOT.jar!/webapps/hddsDatanode}
2022-06-08 19:33:53,485 [Listener at 127.0.0.1/45261] INFO  server.AbstractConnector (AbstractConnector.java:doStart(331)) - Started ServerConnector@63c3ab85{HTTP/1.1, (http/1.1)}{0.0.0.0:37551}
2022-06-08 19:33:53,485 [Listener at 127.0.0.1/45261] INFO  server.Server (Server.java:doStart(415)) - Started @27780ms
2022-06-08 19:33:53,485 [Listener at 127.0.0.1/45261] WARN  impl.MetricsSystemImpl (MetricsSystemImpl.java:register(279)) - Sink prometheus already exists!
2022-06-08 19:33:53,486 [Listener at 127.0.0.1/45261] INFO  http.BaseHttpServer (BaseHttpServer.java:updateConnectorAddress(329)) - HTTP server of hddsDatanode listening at http://0.0.0.0:37551
2022-06-08 19:33:53,487 [Listener at 127.0.0.1/45261] INFO  ozone.MiniOzoneClusterImpl (MiniOzoneClusterImpl.java:lambda$waitForClusterToBeReady$0(221)) - Waiting for nodes to be ready. Got 0 of 3 DN Heartbeats.
2022-06-08 19:33:53,487 [Listener at 127.0.0.1/45261] INFO  ozone.MiniOzoneClusterImpl (MiniOzoneClusterImpl.java:lambda$waitForClusterToBeReady$0(224)) - Waiting for cluster to exit safe mode
2022-06-08 19:33:53,487 [Datanode State Machine Daemon Thread] INFO  statemachine.DatanodeStateMachine (DatanodeStateMachine.java:lambda$startDaemon$0(484)) - Ozone container server started.
2022-06-08 19:33:53,487 [Listener at 127.0.0.1/45261] INFO  ozone.MiniOzoneClusterImpl (MiniOzoneClusterImpl.java:lambda$waitForClusterToBeReady$0(226)) - SCM became leader
2022-06-08 19:33:53,490 [org.apache.hadoop.util.JvmPauseMonitor$Monitor@7f7cadfd] INFO  util.JvmPauseMonitor (JvmPauseMonitor.java:run(188)) - Starting JVM pause monitor
2022-06-08 19:33:53,491 [Datanode State Machine Task Thread - 0] INFO  ha.SCMNodeInfo (SCMNodeInfo.java:getPort(197)) - ConfigKey ozone.scm.client.address is deprecated, For configuring different ports for each SCM use PortConfigKey ozone.scm.client.port appended with serviceId and nodeId
2022-06-08 19:33:53,491 [Datanode State Machine Task Thread - 0] INFO  ha.SCMNodeInfo (SCMNodeInfo.java:getPort(197)) - ConfigKey ozone.scm.block.client.address is deprecated, For configuring different ports for each SCM use PortConfigKey ozone.scm.block.client.port appended with serviceId and nodeId
2022-06-08 19:33:53,491 [Datanode State Machine Task Thread - 0] INFO  ha.SCMNodeInfo (SCMNodeInfo.java:getPort(197)) - ConfigKey ozone.scm.datanode.address is deprecated, For configuring different ports for each SCM use PortConfigKey ozone.scm.datanode.port appended with serviceId and nodeId
2022-06-08 19:33:53,491 [Datanode State Machine Task Thread - 0] INFO  ha.SCMNodeInfo (SCMNodeInfo.java:getPort(197)) - ConfigKey ozone.scm.client.address is deprecated, For configuring different ports for each SCM use PortConfigKey ozone.scm.client.port appended with serviceId and nodeId
2022-06-08 19:33:53,491 [Datanode State Machine Task Thread - 0] INFO  ha.SCMNodeInfo (SCMNodeInfo.java:getPort(197)) - ConfigKey ozone.scm.block.client.address is deprecated, For configuring different ports for each SCM use PortConfigKey ozone.scm.block.client.port appended with serviceId and nodeId
2022-06-08 19:33:53,491 [Datanode State Machine Task Thread - 0] INFO  ha.SCMNodeInfo (SCMNodeInfo.java:getPort(197)) - ConfigKey ozone.scm.datanode.address is deprecated, For configuring different ports for each SCM use PortConfigKey ozone.scm.datanode.port appended with serviceId and nodeId
2022-06-08 19:33:53,491 [Datanode State Machine Task Thread - 0] INFO  ha.SCMNodeInfo (SCMNodeInfo.java:getPort(197)) - ConfigKey ozone.scm.client.address is deprecated, For configuring different ports for each SCM use PortConfigKey ozone.scm.client.port appended with serviceId and nodeId
2022-06-08 19:33:53,491 [Datanode State Machine Task Thread - 0] INFO  ha.SCMNodeInfo (SCMNodeInfo.java:getPort(197)) - ConfigKey ozone.scm.block.client.address is deprecated, For configuring different ports for each SCM use PortConfigKey ozone.scm.block.client.port appended with serviceId and nodeId
2022-06-08 19:33:53,491 [Datanode State Machine Task Thread - 0] INFO  ha.SCMNodeInfo (SCMNodeInfo.java:getPort(197)) - ConfigKey ozone.scm.datanode.address is deprecated, For configuring different ports for each SCM use PortConfigKey ozone.scm.datanode.port appended with serviceId and nodeId
2022-06-08 19:33:53,493 [Datanode State Machine Task Thread - 0] INFO  datanode.InitDatanodeState (InitDatanodeState.java:persistContainerDatanodeDetails(138)) - DatanodeDetails is persisted to /home/runner/work/ozone/ozone/hadoop-ozone/integration-test/target/test-dir/MiniOzoneClusterImpl-6ca4cc63-2561-4277-bbe7-e6e454dc87c0/datanode-2/meta/datanode.id
2022-06-08 19:33:54,490 [Listener at 127.0.0.1/45261] INFO  ozone.MiniOzoneClusterImpl (MiniOzoneClusterImpl.java:lambda$waitForClusterToBeReady$0(221)) - Waiting for nodes to be ready. Got 0 of 3 DN Heartbeats.
2022-06-08 19:33:54,490 [Listener at 127.0.0.1/45261] INFO  ozone.MiniOzoneClusterImpl (MiniOzoneClusterImpl.java:lambda$waitForClusterToBeReady$0(224)) - Waiting for cluster to exit safe mode
2022-06-08 19:33:54,490 [Listener at 127.0.0.1/45261] INFO  ozone.MiniOzoneClusterImpl (MiniOzoneClusterImpl.java:lambda$waitForClusterToBeReady$0(226)) - SCM became leader
2022-06-08 19:33:54,906 [EndpointStateMachine task thread for /127.0.0.1:40207 - 0 ] INFO  volume.HddsVolume (HddsVolume.java:createDbStore(309)) - SchemaV3 db is created and loaded at /home/runner/work/ozone/ozone/hadoop-ozone/integration-test/target/test-dir/MiniOzoneClusterImpl-6ca4cc63-2561-4277-bbe7-e6e454dc87c0/datanode-0/data-0/containers/hdds/6ca4cc63-2561-4277-bbe7-e6e454dc87c0/DS-4034bc33-b69a-4219-9d4e-526bb28a30fa/container.db for volume DS-4034bc33-b69a-4219-9d4e-526bb28a30fa
2022-06-08 19:33:54,913 [EndpointStateMachine task thread for /127.0.0.1:40207 - 0 ] INFO  volume.HddsVolume (HddsVolume.java:closeDbStore(340)) - SchemaV3 db is stopped at /home/runner/work/ozone/ozone/hadoop-ozone/integration-test/target/test-dir/MiniOzoneClusterImpl-6ca4cc63-2561-4277-bbe7-e6e454dc87c0/datanode-0/data-0/containers/hdds/6ca4cc63-2561-4277-bbe7-e6e454dc87c0/DS-4034bc33-b69a-4219-9d4e-526bb28a30fa/container.db for volume DS-4034bc33-b69a-4219-9d4e-526bb28a30fa
2022-06-08 19:33:54,913 [EndpointStateMachine task thread for /127.0.0.1:40207 - 0 ] INFO  ozoneimpl.OzoneContainer (OzoneContainer.java:start(344)) - Attempting to start container services.
2022-06-08 19:33:54,919 [EndpointStateMachine task thread for /127.0.0.1:40207 - 0 ] INFO  ozoneimpl.OzoneContainer (OzoneContainer.java:startContainerScrub(279)) - Background container scanner has been disabled.
2022-06-08 19:33:54,924 [EndpointStateMachine task thread for /127.0.0.1:40207 - 0 ] INFO  replication.ReplicationServer (ReplicationServer.java:start(111)) - ReplicationServer is started using port 41609
2022-06-08 19:33:54,928 [EndpointStateMachine task thread for /127.0.0.1:40207 - 0 ] INFO  ratis.XceiverServerRatis (XceiverServerRatis.java:start(481)) - Starting XceiverServerRatis b2f71e74-b885-4a74-acef-2f4d6b72015d
2022-06-08 19:33:54,929 [EndpointStateMachine task thread for /127.0.0.1:40207 - 0 ] INFO  server.RaftServer (RaftServerProxy.java:lambda$start$6(382)) - b2f71e74-b885-4a74-acef-2f4d6b72015d: start RPC server
2022-06-08 19:33:54,936 [EndpointStateMachine task thread for /127.0.0.1:40207 - 0 ] INFO  server.GrpcService (GrpcService.java:startImpl(260)) - b2f71e74-b885-4a74-acef-2f4d6b72015d: GrpcService started, listening on 43737
2022-06-08 19:33:54,936 [EndpointStateMachine task thread for /127.0.0.1:40207 - 0 ] INFO  ratis.XceiverServerRatis (XceiverServerRatis.java:getRealPort(502)) - XceiverServerRatis b2f71e74-b885-4a74-acef-2f4d6b72015d is started using port 43737 for RATIS
2022-06-08 19:33:54,936 [org.apache.ratis.util.JvmPauseMonitor$$Lambda$519/1621292246@3ae2cc71] INFO  util.JvmPauseMonitor (JvmPauseMonitor.java:run(103)) - JvmPauseMonitor-b2f71e74-b885-4a74-acef-2f4d6b72015d: Started
2022-06-08 19:33:54,936 [EndpointStateMachine task thread for /127.0.0.1:40207 - 0 ] INFO  ratis.XceiverServerRatis (XceiverServerRatis.java:getRealPort(502)) - XceiverServerRatis b2f71e74-b885-4a74-acef-2f4d6b72015d is started using port 43737 for RATIS_ADMIN
2022-06-08 19:33:54,937 [EndpointStateMachine task thread for /127.0.0.1:40207 - 0 ] INFO  ratis.XceiverServerRatis (XceiverServerRatis.java:getRealPort(502)) - XceiverServerRatis b2f71e74-b885-4a74-acef-2f4d6b72015d is started using port 43737 for RATIS_SERVER
2022-06-08 19:33:54,940 [EndpointStateMachine task thread for /127.0.0.1:40207 - 0 ] INFO  server.XceiverServerGrpc (XceiverServerGrpc.java:start(180)) - XceiverServerGrpc b2f71e74-b885-4a74-acef-2f4d6b72015d is started using port 42625
2022-06-08 19:33:54,942 [EndpointStateMachine task thread for /127.0.0.1:35577 - 0 ] INFO  ozoneimpl.OzoneContainer (OzoneContainer.java:start(340)) - Ignore. OzoneContainer already started.
2022-06-08 19:33:54,942 [EndpointStateMachine task thread for /127.0.0.1:42779 - 0 ] INFO  ozoneimpl.OzoneContainer (OzoneContainer.java:start(340)) - Ignore. OzoneContainer already started.
2022-06-08 19:33:55,190 [EndpointStateMachine task thread for /127.0.0.1:40207 - 0 ] INFO  volume.HddsVolume (HddsVolume.java:createDbStore(309)) - SchemaV3 db is created and loaded at /home/runner/work/ozone/ozone/hadoop-ozone/integration-test/target/test-dir/MiniOzoneClusterImpl-6ca4cc63-2561-4277-bbe7-e6e454dc87c0/datanode-1/data-0/containers/hdds/6ca4cc63-2561-4277-bbe7-e6e454dc87c0/DS-cb749de6-284a-4aa6-84df-a29f1af8fbf8/container.db for volume DS-cb749de6-284a-4aa6-84df-a29f1af8fbf8
2022-06-08 19:33:55,191 [EndpointStateMachine task thread for /127.0.0.1:40207 - 0 ] INFO  volume.HddsVolume (HddsVolume.java:closeDbStore(340)) - SchemaV3 db is stopped at /home/runner/work/ozone/ozone/hadoop-ozone/integration-test/target/test-dir/MiniOzoneClusterImpl-6ca4cc63-2561-4277-bbe7-e6e454dc87c0/datanode-1/data-0/containers/hdds/6ca4cc63-2561-4277-bbe7-e6e454dc87c0/DS-cb749de6-284a-4aa6-84df-a29f1af8fbf8/container.db for volume DS-cb749de6-284a-4aa6-84df-a29f1af8fbf8
2022-06-08 19:33:55,192 [EndpointStateMachine task thread for /127.0.0.1:35577 - 0 ] INFO  ozoneimpl.OzoneContainer (OzoneContainer.java:start(344)) - Attempting to start container services.
2022-06-08 19:33:55,192 [EndpointStateMachine task thread for /127.0.0.1:35577 - 0 ] INFO  ozoneimpl.OzoneContainer (OzoneContainer.java:startContainerScrub(279)) - Background container scanner has been disabled.
2022-06-08 19:33:55,195 [EndpointStateMachine task thread for /127.0.0.1:35577 - 0 ] INFO  replication.ReplicationServer (ReplicationServer.java:start(111)) - ReplicationServer is started using port 44721
2022-06-08 19:33:55,196 [EndpointStateMachine task thread for /127.0.0.1:35577 - 0 ] INFO  ratis.XceiverServerRatis (XceiverServerRatis.java:start(481)) - Starting XceiverServerRatis f600cccb-c69c-4e5d-9bb2-bde895ce90eb
2022-06-08 19:33:55,197 [EndpointStateMachine task thread for /127.0.0.1:35577 - 0 ] INFO  server.RaftServer (RaftServerProxy.java:lambda$start$6(382)) - f600cccb-c69c-4e5d-9bb2-bde895ce90eb: start RPC server
2022-06-08 19:33:55,200 [EndpointStateMachine task thread for /127.0.0.1:35577 - 0 ] INFO  server.GrpcService (GrpcService.java:startImpl(260)) - f600cccb-c69c-4e5d-9bb2-bde895ce90eb: GrpcService started, listening on 46271
2022-06-08 19:33:55,200 [EndpointStateMachine task thread for /127.0.0.1:35577 - 0 ] INFO  ratis.XceiverServerRatis (XceiverServerRatis.java:getRealPort(502)) - XceiverServerRatis f600cccb-c69c-4e5d-9bb2-bde895ce90eb is started using port 46271 for RATIS
2022-06-08 19:33:55,200 [org.apache.ratis.util.JvmPauseMonitor$$Lambda$519/1621292246@44d1e106] INFO  util.JvmPauseMonitor (JvmPauseMonitor.java:run(103)) - JvmPauseMonitor-f600cccb-c69c-4e5d-9bb2-bde895ce90eb: Started
2022-06-08 19:33:55,200 [EndpointStateMachine task thread for /127.0.0.1:35577 - 0 ] INFO  ratis.XceiverServerRatis (XceiverServerRatis.java:getRealPort(502)) - XceiverServerRatis f600cccb-c69c-4e5d-9bb2-bde895ce90eb is started using port 46271 for RATIS_ADMIN
2022-06-08 19:33:55,200 [EndpointStateMachine task thread for /127.0.0.1:35577 - 0 ] INFO  ratis.XceiverServerRatis (XceiverServerRatis.java:getRealPort(502)) - XceiverServerRatis f600cccb-c69c-4e5d-9bb2-bde895ce90eb is started using port 46271 for RATIS_SERVER
2022-06-08 19:33:55,204 [EndpointStateMachine task thread for /127.0.0.1:35577 - 0 ] INFO  server.XceiverServerGrpc (XceiverServerGrpc.java:start(180)) - XceiverServerGrpc f600cccb-c69c-4e5d-9bb2-bde895ce90eb is started using port 43145
2022-06-08 19:33:55,208 [EndpointStateMachine task thread for /127.0.0.1:42779 - 0 ] INFO  ozoneimpl.OzoneContainer (OzoneContainer.java:start(340)) - Ignore. OzoneContainer already started.
2022-06-08 19:33:55,209 [EndpointStateMachine task thread for /127.0.0.1:40207 - 0 ] INFO  ozoneimpl.OzoneContainer (OzoneContainer.java:start(340)) - Ignore. OzoneContainer already started.
2022-06-08 19:33:55,490 [Listener at 127.0.0.1/45261] INFO  ozone.MiniOzoneClusterImpl (MiniOzoneClusterImpl.java:lambda$waitForClusterToBeReady$0(221)) - Waiting for nodes to be ready. Got 0 of 3 DN Heartbeats.
2022-06-08 19:33:55,490 [Listener at 127.0.0.1/45261] INFO  ozone.MiniOzoneClusterImpl (MiniOzoneClusterImpl.java:lambda$waitForClusterToBeReady$0(224)) - Waiting for cluster to exit safe mode
2022-06-08 19:33:55,490 [Listener at 127.0.0.1/45261] INFO  ozone.MiniOzoneClusterImpl (MiniOzoneClusterImpl.java:lambda$waitForClusterToBeReady$0(226)) - SCM became leader
2022-06-08 19:33:55,605 [EndpointStateMachine task thread for /127.0.0.1:40207 - 0 ] INFO  volume.HddsVolume (HddsVolume.java:createDbStore(309)) - SchemaV3 db is created and loaded at /home/runner/work/ozone/ozone/hadoop-ozone/integration-test/target/test-dir/MiniOzoneClusterImpl-6ca4cc63-2561-4277-bbe7-e6e454dc87c0/datanode-2/data-0/containers/hdds/6ca4cc63-2561-4277-bbe7-e6e454dc87c0/DS-579f08f2-ef9d-44f3-9cfc-79ea0ca94ffb/container.db for volume DS-579f08f2-ef9d-44f3-9cfc-79ea0ca94ffb
2022-06-08 19:33:55,606 [EndpointStateMachine task thread for /127.0.0.1:40207 - 0 ] INFO  volume.HddsVolume (HddsVolume.java:closeDbStore(340)) - SchemaV3 db is stopped at /home/runner/work/ozone/ozone/hadoop-ozone/integration-test/target/test-dir/MiniOzoneClusterImpl-6ca4cc63-2561-4277-bbe7-e6e454dc87c0/datanode-2/data-0/containers/hdds/6ca4cc63-2561-4277-bbe7-e6e454dc87c0/DS-579f08f2-ef9d-44f3-9cfc-79ea0ca94ffb/container.db for volume DS-579f08f2-ef9d-44f3-9cfc-79ea0ca94ffb
2022-06-08 19:33:55,607 [EndpointStateMachine task thread for /127.0.0.1:40207 - 0 ] INFO  ozoneimpl.OzoneContainer (OzoneContainer.java:start(344)) - Attempting to start container services.
2022-06-08 19:33:55,607 [EndpointStateMachine task thread for /127.0.0.1:40207 - 0 ] INFO  ozoneimpl.OzoneContainer (OzoneContainer.java:startContainerScrub(279)) - Background container scanner has been disabled.
2022-06-08 19:33:55,617 [EndpointStateMachine task thread for /127.0.0.1:40207 - 0 ] INFO  replication.ReplicationServer (ReplicationServer.java:start(111)) - ReplicationServer is started using port 42319
2022-06-08 19:33:55,617 [EndpointStateMachine task thread for /127.0.0.1:40207 - 0 ] INFO  ratis.XceiverServerRatis (XceiverServerRatis.java:start(481)) - Starting XceiverServerRatis 3c8f8348-5b45-4285-ac9e-7c9778a12270
2022-06-08 19:33:55,627 [EndpointStateMachine task thread for /127.0.0.1:40207 - 0 ] INFO  server.RaftServer (RaftServerProxy.java:lambda$start$6(382)) - 3c8f8348-5b45-4285-ac9e-7c9778a12270: start RPC server
2022-06-08 19:33:55,630 [EndpointStateMachine task thread for /127.0.0.1:40207 - 0 ] INFO  server.GrpcService (GrpcService.java:startImpl(260)) - 3c8f8348-5b45-4285-ac9e-7c9778a12270: GrpcService started, listening on 44683
2022-06-08 19:33:55,634 [EndpointStateMachine task thread for /127.0.0.1:40207 - 0 ] INFO  ratis.XceiverServerRatis (XceiverServerRatis.java:getRealPort(502)) - XceiverServerRatis 3c8f8348-5b45-4285-ac9e-7c9778a12270 is started using port 44683 for RATIS
2022-06-08 19:33:55,634 [EndpointStateMachine task thread for /127.0.0.1:40207 - 0 ] INFO  ratis.XceiverServerRatis (XceiverServerRatis.java:getRealPort(502)) - XceiverServerRatis 3c8f8348-5b45-4285-ac9e-7c9778a12270 is started using port 44683 for RATIS_ADMIN
2022-06-08 19:33:55,634 [EndpointStateMachine task thread for /127.0.0.1:40207 - 0 ] INFO  ratis.XceiverServerRatis (XceiverServerRatis.java:getRealPort(502)) - XceiverServerRatis 3c8f8348-5b45-4285-ac9e-7c9778a12270 is started using port 44683 for RATIS_SERVER
2022-06-08 19:33:55,634 [org.apache.ratis.util.JvmPauseMonitor$$Lambda$519/1621292246@4c3b56e2] INFO  util.JvmPauseMonitor (JvmPauseMonitor.java:run(103)) - JvmPauseMonitor-3c8f8348-5b45-4285-ac9e-7c9778a12270: Started
2022-06-08 19:33:55,637 [EndpointStateMachine task thread for /127.0.0.1:40207 - 0 ] INFO  server.XceiverServerGrpc (XceiverServerGrpc.java:start(180)) - XceiverServerGrpc 3c8f8348-5b45-4285-ac9e-7c9778a12270 is started using port 34083
2022-06-08 19:33:55,641 [EndpointStateMachine task thread for /127.0.0.1:35577 - 0 ] INFO  ozoneimpl.OzoneContainer (OzoneContainer.java:start(340)) - Ignore. OzoneContainer already started.
2022-06-08 19:33:55,641 [EndpointStateMachine task thread for /127.0.0.1:42779 - 0 ] INFO  ozoneimpl.OzoneContainer (OzoneContainer.java:start(340)) - Ignore. OzoneContainer already started.
2022-06-08 19:33:56,491 [Listener at 127.0.0.1/45261] INFO  ozone.MiniOzoneClusterImpl (MiniOzoneClusterImpl.java:lambda$waitForClusterToBeReady$0(221)) - Waiting for nodes to be ready. Got 0 of 3 DN Heartbeats.
2022-06-08 19:33:56,491 [Listener at 127.0.0.1/45261] INFO  ozone.MiniOzoneClusterImpl (MiniOzoneClusterImpl.java:lambda$waitForClusterToBeReady$0(224)) - Waiting for cluster to exit safe mode
2022-06-08 19:33:56,491 [Listener at 127.0.0.1/45261] INFO  ozone.MiniOzoneClusterImpl (MiniOzoneClusterImpl.java:lambda$waitForClusterToBeReady$0(226)) - SCM became leader
2022-06-08 19:33:56,770 [IPC Server handler 48 on default port 35577] INFO  net.NetworkTopologyImpl (NetworkTopologyImpl.java:add(112)) - Added a new node: /default-rack/b2f71e74-b885-4a74-acef-2f4d6b72015d
2022-06-08 19:33:56,773 [IPC Server handler 48 on default port 35577] INFO  node.SCMNodeManager (SCMNodeManager.java:register(394)) - Registered Data node : b2f71e74-b885-4a74-acef-2f4d6b72015d{ip: 127.0.0.1, host: localhost, ports: [REPLICATION=41609, RATIS=43737, RATIS_ADMIN=43737, RATIS_SERVER=43737, STANDALONE=42625], networkLocation: /default-rack, certSerialId: null, persistedOpState: null, persistedOpStateExpiryEpochSec: 0}
2022-06-08 19:33:56,773 [IPC Server handler 1 on default port 42779] INFO  net.NetworkTopologyImpl (NetworkTopologyImpl.java:add(112)) - Added a new node: /default-rack/b2f71e74-b885-4a74-acef-2f4d6b72015d
2022-06-08 19:33:56,777 [EventQueue-NewNodeForNewNodeHandler] INFO  pipeline.BackgroundPipelineCreator (BackgroundPipelineCreator.java:notifyEventTriggered(272)) - trigger a one-shot run on RatisPipelineUtilsThread.
2022-06-08 19:33:56,793 [EventQueue-NodeRegistrationContainerReportForDataNodeSafeModeRule] INFO  safemode.SCMSafeModeManager (DataNodeSafeModeRule.java:process(71)) - SCM in safe mode. 1 DataNodes registered, 3 required.
2022-06-08 19:33:56,776 [IPC Server handler 1 on default port 42779] INFO  node.SCMNodeManager (SCMNodeManager.java:register(394)) - Registered Data node : b2f71e74-b885-4a74-acef-2f4d6b72015d{ip: 127.0.0.1, host: localhost, ports: [REPLICATION=41609, RATIS=43737, RATIS_ADMIN=43737, RATIS_SERVER=43737, STANDALONE=42625], networkLocation: /default-rack, certSerialId: null, persistedOpState: null, persistedOpStateExpiryEpochSec: 0}
2022-06-08 19:33:56,800 [IPC Server handler 3 on default port 40207] INFO  net.NetworkTopologyImpl (NetworkTopologyImpl.java:add(112)) - Added a new node: /default-rack/b2f71e74-b885-4a74-acef-2f4d6b72015d
2022-06-08 19:33:56,800 [IPC Server handler 3 on default port 40207] INFO  node.SCMNodeManager (SCMNodeManager.java:register(394)) - Registered Data node : b2f71e74-b885-4a74-acef-2f4d6b72015d{ip: 127.0.0.1, host: localhost, ports: [REPLICATION=41609, RATIS=43737, RATIS_ADMIN=43737, RATIS_SERVER=43737, STANDALONE=42625], networkLocation: /default-rack, certSerialId: null, persistedOpState: null, persistedOpStateExpiryEpochSec: 0}
2022-06-08 19:33:56,799 [EventQueue-NodeRegistrationContainerReportForContainerSafeModeRule] INFO  safemode.SCMSafeModeManager (SCMSafeModeManager.java:validateSafeModeExitRules(204)) - ContainerSafeModeRule rule is successfully validated
2022-06-08 19:33:56,803 [EventQueue-NodeRegistrationContainerReportForDataNodeSafeModeRule] INFO  safemode.SCMSafeModeManager (DataNodeSafeModeRule.java:process(71)) - SCM in safe mode. 1 DataNodes registered, 3 required.
2022-06-08 19:33:56,819 [EventQueue-NewNodeForNewNodeHandler] INFO  pipeline.BackgroundPipelineCreator (BackgroundPipelineCreator.java:notifyEventTriggered(266)) - ignore, not leader SCM.
2022-06-08 19:33:56,819 [EventQueue-NodeRegistrationContainerReportForContainerSafeModeRule] INFO  safemode.SCMSafeModeManager (SCMSafeModeManager.java:validateSafeModeExitRules(204)) - ContainerSafeModeRule rule is successfully validated
2022-06-08 19:33:56,823 [RatisPipelineUtilsThread - 0] INFO  pipeline.RatisPipelineProvider (RatisPipelineProvider.java:lambda$create$0(195)) - Sending CreatePipelineCommand for pipeline:PipelineID=e4e36f22-647f-420c-b2dc-84cbcedac9a1 to datanode:b2f71e74-b885-4a74-acef-2f4d6b72015d
2022-06-08 19:33:56,827 [EventQueue-PipelineReportForOneReplicaPipelineSafeModeRule] INFO  safemode.SCMSafeModeManager (SCMSafeModeManager.java:validateSafeModeExitRules(204)) - AtleastOneDatanodeReportedRule rule is successfully validated
2022-06-08 19:33:56,827 [EventQueue-PipelineReportForOneReplicaPipelineSafeModeRule] INFO  safemode.SCMSafeModeManager (SCMSafeModeManager.java:validateSafeModeExitRules(204)) - AtleastOneDatanodeReportedRule rule is successfully validated
2022-06-08 19:33:56,827 [EventQueue-NewNodeForNewNodeHandler] INFO  pipeline.BackgroundPipelineCreator (BackgroundPipelineCreator.java:notifyEventTriggered(266)) - ignore, not leader SCM.
2022-06-08 19:33:56,839 [EventQueue-NodeRegistrationContainerReportForContainerSafeModeRule] INFO  safemode.SCMSafeModeManager (SCMSafeModeManager.java:validateSafeModeExitRules(204)) - ContainerSafeModeRule rule is successfully validated
2022-06-08 19:33:56,839 [EventQueue-NodeRegistrationContainerReportForDataNodeSafeModeRule] INFO  safemode.SCMSafeModeManager (DataNodeSafeModeRule.java:process(71)) - SCM in safe mode. 1 DataNodes registered, 3 required.
2022-06-08 19:33:56,848 [EventQueue-PipelineReportForOneReplicaPipelineSafeModeRule] INFO  safemode.SCMSafeModeManager (SCMSafeModeManager.java:validateSafeModeExitRules(204)) - AtleastOneDatanodeReportedRule rule is successfully validated
2022-06-08 19:33:56,905 [2307c498-167f-43d9-87ae-3379131d0636@group-E6E454DC87C0-StateMachineUpdater] INFO  pipeline.PipelineStateManagerImpl (PipelineStateManagerImpl.java:addPipeline(101)) - Created pipeline Pipeline[ Id: e4e36f22-647f-420c-b2dc-84cbcedac9a1, Nodes: b2f71e74-b885-4a74-acef-2f4d6b72015d{ip: 127.0.0.1, host: localhost, ports: [REPLICATION=41609, RATIS=43737, RATIS_ADMIN=43737, RATIS_SERVER=43737, STANDALONE=42625], networkLocation: /default-rack, certSerialId: null, persistedOpState: IN_SERVICE, persistedOpStateExpiryEpochSec: 0}, ReplicationConfig: RATIS/ONE, State:ALLOCATED, leaderId:, CreationTimestamp2022-06-08T19:33:56.801Z[Etc/UTC]].
2022-06-08 19:33:56,906 [21888257-2f66-47c2-9c1a-f9078c9f78d9@group-E6E454DC87C0-StateMachineUpdater] INFO  pipeline.PipelineStateManagerImpl (PipelineStateManagerImpl.java:addPipeline(101)) - Created pipeline Pipeline[ Id: e4e36f22-647f-420c-b2dc-84cbcedac9a1, Nodes: b2f71e74-b885-4a74-acef-2f4d6b72015d{ip: 127.0.0.1, host: localhost, ports: [REPLICATION=41609, RATIS=43737, RATIS_ADMIN=43737, RATIS_SERVER=43737, STANDALONE=42625], networkLocation: /default-rack, certSerialId: null, persistedOpState: IN_SERVICE, persistedOpStateExpiryEpochSec: 0}, ReplicationConfig: RATIS/ONE, State:ALLOCATED, leaderId:, CreationTimestamp2022-06-08T19:33:56.801Z[Etc/UTC]].
2022-06-08 19:33:56,908 [21888257-2f66-47c2-9c1a-f9078c9f78d9@group-E6E454DC87C0-StateMachineUpdater] INFO  safemode.HealthyPipelineSafeModeRule (HealthyPipelineSafeModeRule.java:initializeRule(152)) - Refreshed total pipeline count is 0, healthy pipeline threshold count is 1
2022-06-08 19:33:56,910 [2307c498-167f-43d9-87ae-3379131d0636@group-E6E454DC87C0-StateMachineUpdater] INFO  safemode.HealthyPipelineSafeModeRule (HealthyPipelineSafeModeRule.java:initializeRule(152)) - Refreshed total pipeline count is 0, healthy pipeline threshold count is 1
2022-06-08 19:33:56,912 [0562147d-7bbf-459c-a71c-460e63cf1b3c@group-E6E454DC87C0-StateMachineUpdater] INFO  pipeline.PipelineStateManagerImpl (PipelineStateManagerImpl.java:addPipeline(101)) - Created pipeline Pipeline[ Id: e4e36f22-647f-420c-b2dc-84cbcedac9a1, Nodes: b2f71e74-b885-4a74-acef-2f4d6b72015d{ip: 127.0.0.1, host: localhost, ports: [REPLICATION=41609, RATIS=43737, RATIS_ADMIN=43737, RATIS_SERVER=43737, STANDALONE=42625], networkLocation: /default-rack, certSerialId: null, persistedOpState: IN_SERVICE, persistedOpStateExpiryEpochSec: 0}, ReplicationConfig: RATIS/ONE, State:ALLOCATED, leaderId:, CreationTimestamp2022-06-08T19:33:56.801Z[Etc/UTC]].
2022-06-08 19:33:56,912 [0562147d-7bbf-459c-a71c-460e63cf1b3c@group-E6E454DC87C0-StateMachineUpdater] INFO  safemode.HealthyPipelineSafeModeRule (HealthyPipelineSafeModeRule.java:initializeRule(152)) - Refreshed total pipeline count is 0, healthy pipeline threshold count is 1
2022-06-08 19:33:57,081 [IPC Server handler 40 on default port 35577] INFO  net.NetworkTopologyImpl (NetworkTopologyImpl.java:add(112)) - Added a new node: /default-rack/f600cccb-c69c-4e5d-9bb2-bde895ce90eb
2022-06-08 19:33:57,081 [IPC Server handler 4 on default port 42779] INFO  net.NetworkTopologyImpl (NetworkTopologyImpl.java:add(112)) - Added a new node: /default-rack/f600cccb-c69c-4e5d-9bb2-bde895ce90eb
2022-06-08 19:33:57,082 [IPC Server handler 40 on default port 35577] INFO  node.SCMNodeManager (SCMNodeManager.java:register(394)) - Registered Data node : f600cccb-c69c-4e5d-9bb2-bde895ce90eb{ip: 127.0.0.1, host: localhost, ports: [REPLICATION=44721, RATIS=46271, RATIS_ADMIN=46271, RATIS_SERVER=46271, STANDALONE=43145], networkLocation: /default-rack, certSerialId: null, persistedOpState: null, persistedOpStateExpiryEpochSec: 0}
2022-06-08 19:33:57,082 [IPC Server handler 4 on default port 42779] INFO  node.SCMNodeManager (SCMNodeManager.java:register(394)) - Registered Data node : f600cccb-c69c-4e5d-9bb2-bde895ce90eb{ip: 127.0.0.1, host: localhost, ports: [REPLICATION=44721, RATIS=46271, RATIS_ADMIN=46271, RATIS_SERVER=46271, STANDALONE=43145], networkLocation: /default-rack, certSerialId: null, persistedOpState: null, persistedOpStateExpiryEpochSec: 0}
2022-06-08 19:33:57,082 [EventQueue-NewNodeForNewNodeHandler] INFO  pipeline.BackgroundPipelineCreator (BackgroundPipelineCreator.java:notifyEventTriggered(266)) - ignore, not leader SCM.
2022-06-08 19:33:57,082 [EventQueue-NewNodeForNewNodeHandler] INFO  pipeline.BackgroundPipelineCreator (BackgroundPipelineCreator.java:notifyEventTriggered(272)) - trigger a one-shot run on RatisPipelineUtilsThread.
2022-06-08 19:33:57,083 [IPC Server handler 1 on default port 40207] INFO  net.NetworkTopologyImpl (NetworkTopologyImpl.java:add(112)) - Added a new node: /default-rack/f600cccb-c69c-4e5d-9bb2-bde895ce90eb
2022-06-08 19:33:57,084 [IPC Server handler 1 on default port 40207] INFO  node.SCMNodeManager (SCMNodeManager.java:register(394)) - Registered Data node : f600cccb-c69c-4e5d-9bb2-bde895ce90eb{ip: 127.0.0.1, host: localhost, ports: [REPLICATION=44721, RATIS=46271, RATIS_ADMIN=46271, RATIS_SERVER=46271, STANDALONE=43145], networkLocation: /default-rack, certSerialId: null, persistedOpState: null, persistedOpStateExpiryEpochSec: 0}
2022-06-08 19:33:57,085 [EventQueue-NewNodeForNewNodeHandler] INFO  pipeline.BackgroundPipelineCreator (BackgroundPipelineCreator.java:notifyEventTriggered(266)) - ignore, not leader SCM.
2022-06-08 19:33:57,085 [EventQueue-NodeRegistrationContainerReportForDataNodeSafeModeRule] INFO  safemode.SCMSafeModeManager (DataNodeSafeModeRule.java:process(71)) - SCM in safe mode. 2 DataNodes registered, 3 required.
2022-06-08 19:33:57,087 [EventQueue-NodeRegistrationContainerReportForDataNodeSafeModeRule] INFO  safemode.SCMSafeModeManager (DataNodeSafeModeRule.java:process(71)) - SCM in safe mode. 2 DataNodes registered, 3 required.
2022-06-08 19:33:57,088 [RatisPipelineUtilsThread - 0] INFO  pipeline.RatisPipelineProvider (RatisPipelineProvider.java:lambda$create$0(195)) - Sending CreatePipelineCommand for pipeline:PipelineID=f72d408b-2869-49f8-afea-b810b796fd8e to datanode:f600cccb-c69c-4e5d-9bb2-bde895ce90eb
2022-06-08 19:33:57,089 [EventQueue-NodeRegistrationContainerReportForDataNodeSafeModeRule] INFO  safemode.SCMSafeModeManager (DataNodeSafeModeRule.java:process(71)) - SCM in safe mode. 2 DataNodes registered, 3 required.
2022-06-08 19:33:57,094 [2307c498-167f-43d9-87ae-3379131d0636@group-E6E454DC87C0-StateMachineUpdater] INFO  pipeline.PipelineStateManagerImpl (PipelineStateManagerImpl.java:addPipeline(101)) - Created pipeline Pipeline[ Id: f72d408b-2869-49f8-afea-b810b796fd8e, Nodes: f600cccb-c69c-4e5d-9bb2-bde895ce90eb{ip: 127.0.0.1, host: localhost, ports: [REPLICATION=44721, RATIS=46271, RATIS_ADMIN=46271, RATIS_SERVER=46271, STANDALONE=43145], networkLocation: /default-rack, certSerialId: null, persistedOpState: IN_SERVICE, persistedOpStateExpiryEpochSec: 0}, ReplicationConfig: RATIS/ONE, State:ALLOCATED, leaderId:, CreationTimestamp2022-06-08T19:33:57.088Z[Etc/UTC]].
2022-06-08 19:33:57,095 [2307c498-167f-43d9-87ae-3379131d0636@group-E6E454DC87C0-StateMachineUpdater] INFO  safemode.HealthyPipelineSafeModeRule (HealthyPipelineSafeModeRule.java:initializeRule(152)) - Refreshed total pipeline count is 0, healthy pipeline threshold count is 1
2022-06-08 19:33:57,101 [0562147d-7bbf-459c-a71c-460e63cf1b3c@group-E6E454DC87C0-StateMachineUpdater] INFO  pipeline.PipelineStateManagerImpl (PipelineStateManagerImpl.java:addPipeline(101)) - Created pipeline Pipeline[ Id: f72d408b-2869-49f8-afea-b810b796fd8e, Nodes: f600cccb-c69c-4e5d-9bb2-bde895ce90eb{ip: 127.0.0.1, host: localhost, ports: [REPLICATION=44721, RATIS=46271, RATIS_ADMIN=46271, RATIS_SERVER=46271, STANDALONE=43145], networkLocation: /default-rack, certSerialId: null, persistedOpState: IN_SERVICE, persistedOpStateExpiryEpochSec: 0}, ReplicationConfig: RATIS/ONE, State:ALLOCATED, leaderId:, CreationTimestamp2022-06-08T19:33:57.088Z[Etc/UTC]].
2022-06-08 19:33:57,103 [0562147d-7bbf-459c-a71c-460e63cf1b3c@group-E6E454DC87C0-StateMachineUpdater] INFO  safemode.HealthyPipelineSafeModeRule (HealthyPipelineSafeModeRule.java:initializeRule(152)) - Refreshed total pipeline count is 0, healthy pipeline threshold count is 1
2022-06-08 19:33:57,104 [21888257-2f66-47c2-9c1a-f9078c9f78d9@group-E6E454DC87C0-StateMachineUpdater] INFO  pipeline.PipelineStateManagerImpl (PipelineStateManagerImpl.java:addPipeline(101)) - Created pipeline Pipeline[ Id: f72d408b-2869-49f8-afea-b810b796fd8e, Nodes: f600cccb-c69c-4e5d-9bb2-bde895ce90eb{ip: 127.0.0.1, host: localhost, ports: [REPLICATION=44721, RATIS=46271, RATIS_ADMIN=46271, RATIS_SERVER=46271, STANDALONE=43145], networkLocation: /default-rack, certSerialId: null, persistedOpState: IN_SERVICE, persistedOpStateExpiryEpochSec: 0}, ReplicationConfig: RATIS/ONE, State:ALLOCATED, leaderId:, CreationTimestamp2022-06-08T19:33:57.088Z[Etc/UTC]].
2022-06-08 19:33:57,107 [21888257-2f66-47c2-9c1a-f9078c9f78d9@group-E6E454DC87C0-StateMachineUpdater] INFO  safemode.HealthyPipelineSafeModeRule (HealthyPipelineSafeModeRule.java:initializeRule(152)) - Refreshed total pipeline count is 0, healthy pipeline threshold count is 1
2022-06-08 19:33:57,491 [Listener at 127.0.0.1/45261] INFO  ozone.MiniOzoneClusterImpl (MiniOzoneClusterImpl.java:lambda$waitForClusterToBeReady$0(221)) - Waiting for nodes to be ready. Got 2 of 3 DN Heartbeats.
2022-06-08 19:33:57,493 [Listener at 127.0.0.1/45261] INFO  ozone.MiniOzoneClusterImpl (MiniOzoneClusterImpl.java:lambda$waitForClusterToBeReady$0(224)) - Waiting for cluster to exit safe mode
2022-06-08 19:33:57,493 [Listener at 127.0.0.1/45261] INFO  ozone.MiniOzoneClusterImpl (MiniOzoneClusterImpl.java:lambda$waitForClusterToBeReady$0(226)) - SCM became leader
2022-06-08 19:33:57,501 [IPC Server handler 5 on default port 42779] INFO  net.NetworkTopologyImpl (NetworkTopologyImpl.java:add(112)) - Added a new node: /default-rack/3c8f8348-5b45-4285-ac9e-7c9778a12270
2022-06-08 19:33:57,501 [IPC Server handler 5 on default port 42779] INFO  node.SCMNodeManager (SCMNodeManager.java:register(394)) - Registered Data node : 3c8f8348-5b45-4285-ac9e-7c9778a12270{ip: 127.0.0.1, host: localhost, ports: [REPLICATION=42319, RATIS=44683, RATIS_ADMIN=44683, RATIS_SERVER=44683, STANDALONE=34083], networkLocation: /default-rack, certSerialId: null, persistedOpState: null, persistedOpStateExpiryEpochSec: 0}
2022-06-08 19:33:57,501 [IPC Server handler 3 on default port 40207] INFO  net.NetworkTopologyImpl (NetworkTopologyImpl.java:add(112)) - Added a new node: /default-rack/3c8f8348-5b45-4285-ac9e-7c9778a12270
2022-06-08 19:33:57,502 [IPC Server handler 3 on default port 40207] INFO  node.SCMNodeManager (SCMNodeManager.java:register(394)) - Registered Data node : 3c8f8348-5b45-4285-ac9e-7c9778a12270{ip: 127.0.0.1, host: localhost, ports: [REPLICATION=42319, RATIS=44683, RATIS_ADMIN=44683, RATIS_SERVER=44683, STANDALONE=34083], networkLocation: /default-rack, certSerialId: null, persistedOpState: null, persistedOpStateExpiryEpochSec: 0}
2022-06-08 19:33:57,502 [EventQueue-NewNodeForNewNodeHandler] INFO  pipeline.BackgroundPipelineCreator (BackgroundPipelineCreator.java:notifyEventTriggered(266)) - ignore, not leader SCM.
2022-06-08 19:33:57,502 [EventQueue-NewNodeForNewNodeHandler] INFO  pipeline.BackgroundPipelineCreator (BackgroundPipelineCreator.java:notifyEventTriggered(266)) - ignore, not leader SCM.
2022-06-08 19:33:57,502 [EventQueue-NodeRegistrationContainerReportForDataNodeSafeModeRule] INFO  safemode.SCMSafeModeManager (DataNodeSafeModeRule.java:process(71)) - SCM in safe mode. 3 DataNodes registered, 3 required.
2022-06-08 19:33:57,502 [EventQueue-NodeRegistrationContainerReportForDataNodeSafeModeRule] INFO  safemode.SCMSafeModeManager (SCMSafeModeManager.java:validateSafeModeExitRules(204)) - DataNodeSafeModeRule rule is successfully validated
2022-06-08 19:33:57,502 [EventQueue-NodeRegistrationContainerReportForDataNodeSafeModeRule] INFO  safemode.SCMSafeModeManager (SCMSafeModeManager.java:completePreCheck(233)) - All SCM safe mode pre check rules have passed
2022-06-08 19:33:57,502 [EventQueue-NodeRegistrationContainerReportForDataNodeSafeModeRule] WARN  events.EventQueue (EventQueue.java:fireEvent(194)) - No event handler registered for event TypedEvent{payloadType=SafeModeStatus, name='Safe mode status'}
2022-06-08 19:33:57,502 [EventQueue-NodeRegistrationContainerReportForDataNodeSafeModeRule] INFO  ha.SCMContext (SCMContext.java:updateSafeModeStatus(228)) - Update SafeModeStatus from SafeModeStatus{safeModeStatus=true, preCheckPassed=false} to SafeModeStatus{safeModeStatus=true, preCheckPassed=true}.
2022-06-08 19:33:57,502 [EventQueue-NodeRegistrationContainerReportForDataNodeSafeModeRule] INFO  pipeline.BackgroundPipelineCreator (BackgroundPipelineCreator.java:notifyEventTriggered(266)) - ignore, not leader SCM.
2022-06-08 19:33:57,503 [EventQueue-NodeRegistrationContainerReportForDataNodeSafeModeRule] INFO  safemode.SCMSafeModeManager (DataNodeSafeModeRule.java:process(71)) - SCM in safe mode. 3 DataNodes registered, 3 required.
2022-06-08 19:33:57,503 [EventQueue-NodeRegistrationContainerReportForDataNodeSafeModeRule] INFO  safemode.SCMSafeModeManager (SCMSafeModeManager.java:validateSafeModeExitRules(204)) - DataNodeSafeModeRule rule is successfully validated
2022-06-08 19:33:57,503 [EventQueue-NodeRegistrationContainerReportForDataNodeSafeModeRule] INFO  safemode.SCMSafeModeManager (SCMSafeModeManager.java:completePreCheck(233)) - All SCM safe mode pre check rules have passed
2022-06-08 19:33:57,503 [EventQueue-NodeRegistrationContainerReportForDataNodeSafeModeRule] WARN  events.EventQueue (EventQueue.java:fireEvent(194)) - No event handler registered for event TypedEvent{payloadType=SafeModeStatus, name='Safe mode status'}
2022-06-08 19:33:57,507 [EventQueue-NodeRegistrationContainerReportForDataNodeSafeModeRule] INFO  ha.SCMContext (SCMContext.java:updateSafeModeStatus(228)) - Update SafeModeStatus from SafeModeStatus{safeModeStatus=true, preCheckPassed=false} to SafeModeStatus{safeModeStatus=true, preCheckPassed=true}.
2022-06-08 19:33:57,507 [EventQueue-NodeRegistrationContainerReportForDataNodeSafeModeRule] INFO  pipeline.BackgroundPipelineCreator (BackgroundPipelineCreator.java:notifyEventTriggered(266)) - ignore, not leader SCM.
2022-06-08 19:33:57,507 [IPC Server handler 48 on default port 35577] INFO  net.NetworkTopologyImpl (NetworkTopologyImpl.java:add(112)) - Added a new node: /default-rack/3c8f8348-5b45-4285-ac9e-7c9778a12270
2022-06-08 19:33:57,508 [IPC Server handler 48 on default port 35577] INFO  node.SCMNodeManager (SCMNodeManager.java:register(394)) - Registered Data node : 3c8f8348-5b45-4285-ac9e-7c9778a12270{ip: 127.0.0.1, host: localhost, ports: [REPLICATION=42319, RATIS=44683, RATIS_ADMIN=44683, RATIS_SERVER=44683, STANDALONE=34083], networkLocation: /default-rack, certSerialId: null, persistedOpState: null, persistedOpStateExpiryEpochSec: 0}
2022-06-08 19:33:57,508 [EventQueue-NewNodeForNewNodeHandler] INFO  pipeline.BackgroundPipelineCreator (BackgroundPipelineCreator.java:notifyEventTriggered(272)) - trigger a one-shot run on RatisPipelineUtilsThread.
2022-06-08 19:33:57,508 [RatisPipelineUtilsThread - 0] INFO  pipeline.RatisPipelineProvider (RatisPipelineProvider.java:lambda$create$0(195)) - Sending CreatePipelineCommand for pipeline:PipelineID=2099c3d0-45a7-4a1c-b8e2-2055c2a38956 to datanode:3c8f8348-5b45-4285-ac9e-7c9778a12270
2022-06-08 19:33:57,509 [EventQueue-NodeRegistrationContainerReportForDataNodeSafeModeRule] INFO  safemode.SCMSafeModeManager (DataNodeSafeModeRule.java:process(71)) - SCM in safe mode. 3 DataNodes registered, 3 required.
2022-06-08 19:33:57,509 [EventQueue-NodeRegistrationContainerReportForDataNodeSafeModeRule] INFO  safemode.SCMSafeModeManager (SCMSafeModeManager.java:validateSafeModeExitRules(204)) - DataNodeSafeModeRule rule is successfully validated
2022-06-08 19:33:57,509 [EventQueue-NodeRegistrationContainerReportForDataNodeSafeModeRule] INFO  safemode.SCMSafeModeManager (SCMSafeModeManager.java:completePreCheck(233)) - All SCM safe mode pre check rules have passed
2022-06-08 19:33:57,509 [EventQueue-NodeRegistrationContainerReportForDataNodeSafeModeRule] WARN  events.EventQueue (EventQueue.java:fireEvent(194)) - No event handler registered for event TypedEvent{payloadType=SafeModeStatus, name='Safe mode status'}
2022-06-08 19:33:57,509 [EventQueue-NodeRegistrationContainerReportForDataNodeSafeModeRule] INFO  ha.SCMContext (SCMContext.java:updateSafeModeStatus(228)) - Update SafeModeStatus from SafeModeStatus{safeModeStatus=true, preCheckPassed=false} to SafeModeStatus{safeModeStatus=true, preCheckPassed=true}.
2022-06-08 19:33:57,509 [EventQueue-NodeRegistrationContainerReportForDataNodeSafeModeRule] INFO  pipeline.BackgroundPipelineCreator (BackgroundPipelineCreator.java:notifyEventTriggered(272)) - trigger a one-shot run on RatisPipelineUtilsThread.
2022-06-08 19:33:57,515 [2307c498-167f-43d9-87ae-3379131d0636@group-E6E454DC87C0-StateMachineUpdater] INFO  pipeline.PipelineStateManagerImpl (PipelineStateManagerImpl.java:addPipeline(101)) - Created pipeline Pipeline[ Id: 2099c3d0-45a7-4a1c-b8e2-2055c2a38956, Nodes: 3c8f8348-5b45-4285-ac9e-7c9778a12270{ip: 127.0.0.1, host: localhost, ports: [REPLICATION=42319, RATIS=44683, RATIS_ADMIN=44683, RATIS_SERVER=44683, STANDALONE=34083], networkLocation: /default-rack, certSerialId: null, persistedOpState: IN_SERVICE, persistedOpStateExpiryEpochSec: 0}, ReplicationConfig: RATIS/ONE, State:ALLOCATED, leaderId:, CreationTimestamp2022-06-08T19:33:57.508Z[Etc/UTC]].
2022-06-08 19:33:57,516 [2307c498-167f-43d9-87ae-3379131d0636@group-E6E454DC87C0-StateMachineUpdater] INFO  safemode.HealthyPipelineSafeModeRule (HealthyPipelineSafeModeRule.java:initializeRule(152)) - Refreshed total pipeline count is 0, healthy pipeline threshold count is 1
2022-06-08 19:33:57,519 [RatisPipelineUtilsThread - 0] INFO  pipeline.RatisPipelineProvider (RatisPipelineProvider.java:lambda$create$0(195)) - Sending CreatePipelineCommand for pipeline:PipelineID=43f15a7d-0ec8-49f9-b746-1bc579a085d0 to datanode:f600cccb-c69c-4e5d-9bb2-bde895ce90eb
2022-06-08 19:33:57,527 [0562147d-7bbf-459c-a71c-460e63cf1b3c@group-E6E454DC87C0-StateMachineUpdater] INFO  pipeline.PipelineStateManagerImpl (PipelineStateManagerImpl.java:addPipeline(101)) - Created pipeline Pipeline[ Id: 2099c3d0-45a7-4a1c-b8e2-2055c2a38956, Nodes: 3c8f8348-5b45-4285-ac9e-7c9778a12270{ip: 127.0.0.1, host: localhost, ports: [REPLICATION=42319, RATIS=44683, RATIS_ADMIN=44683, RATIS_SERVER=44683, STANDALONE=34083], networkLocation: /default-rack, certSerialId: null, persistedOpState: IN_SERVICE, persistedOpStateExpiryEpochSec: 0}, ReplicationConfig: RATIS/ONE, State:ALLOCATED, leaderId:, CreationTimestamp2022-06-08T19:33:57.508Z[Etc/UTC]].
2022-06-08 19:33:57,529 [RatisPipelineUtilsThread - 0] INFO  pipeline.RatisPipelineProvider (RatisPipelineProvider.java:lambda$create$0(195)) - Sending CreatePipelineCommand for pipeline:PipelineID=43f15a7d-0ec8-49f9-b746-1bc579a085d0 to datanode:3c8f8348-5b45-4285-ac9e-7c9778a12270
2022-06-08 19:33:57,529 [RatisPipelineUtilsThread - 0] INFO  pipeline.RatisPipelineProvider (RatisPipelineProvider.java:lambda$create$0(195)) - Sending CreatePipelineCommand for pipeline:PipelineID=43f15a7d-0ec8-49f9-b746-1bc579a085d0 to datanode:b2f71e74-b885-4a74-acef-2f4d6b72015d
2022-06-08 19:33:57,529 [0562147d-7bbf-459c-a71c-460e63cf1b3c@group-E6E454DC87C0-StateMachineUpdater] INFO  safemode.HealthyPipelineSafeModeRule (HealthyPipelineSafeModeRule.java:initializeRule(152)) - Refreshed total pipeline count is 0, healthy pipeline threshold count is 1
2022-06-08 19:33:57,532 [21888257-2f66-47c2-9c1a-f9078c9f78d9@group-E6E454DC87C0-StateMachineUpdater] INFO  pipeline.PipelineStateManagerImpl (PipelineStateManagerImpl.java:addPipeline(101)) - Created pipeline Pipeline[ Id: 2099c3d0-45a7-4a1c-b8e2-2055c2a38956, Nodes: 3c8f8348-5b45-4285-ac9e-7c9778a12270{ip: 127.0.0.1, host: localhost, ports: [REPLICATION=42319, RATIS=44683, RATIS_ADMIN=44683, RATIS_SERVER=44683, STANDALONE=34083], networkLocation: /default-rack, certSerialId: null, persistedOpState: IN_SERVICE, persistedOpStateExpiryEpochSec: 0}, ReplicationConfig: RATIS/ONE, State:ALLOCATED, leaderId:, CreationTimestamp2022-06-08T19:33:57.508Z[Etc/UTC]].
2022-06-08 19:33:57,532 [21888257-2f66-47c2-9c1a-f9078c9f78d9@group-E6E454DC87C0-StateMachineUpdater] INFO  safemode.HealthyPipelineSafeModeRule (HealthyPipelineSafeModeRule.java:initializeRule(152)) - Refreshed total pipeline count is 0, healthy pipeline threshold count is 1
2022-06-08 19:33:57,538 [2307c498-167f-43d9-87ae-3379131d0636@group-E6E454DC87C0-StateMachineUpdater] INFO  pipeline.PipelineStateManagerImpl (PipelineStateManagerImpl.java:addPipeline(101)) - Created pipeline Pipeline[ Id: 43f15a7d-0ec8-49f9-b746-1bc579a085d0, Nodes: f600cccb-c69c-4e5d-9bb2-bde895ce90eb{ip: 127.0.0.1, host: localhost, ports: [REPLICATION=44721, RATIS=46271, RATIS_ADMIN=46271, RATIS_SERVER=46271, STANDALONE=43145], networkLocation: /default-rack, certSerialId: null, persistedOpState: IN_SERVICE, persistedOpStateExpiryEpochSec: 0}3c8f8348-5b45-4285-ac9e-7c9778a12270{ip: 127.0.0.1, host: localhost, ports: [REPLICATION=42319, RATIS=44683, RATIS_ADMIN=44683, RATIS_SERVER=44683, STANDALONE=34083], networkLocation: /default-rack, certSerialId: null, persistedOpState: IN_SERVICE, persistedOpStateExpiryEpochSec: 0}b2f71e74-b885-4a74-acef-2f4d6b72015d{ip: 127.0.0.1, host: localhost, ports: [REPLICATION=41609, RATIS=43737, RATIS_ADMIN=43737, RATIS_SERVER=43737, STANDALONE=42625], networkLocation: /default-rack, certSerialId: null, persistedOpState: IN_SERVICE, persistedOpStateExpiryEpochSec: 0}, ReplicationConfig: RATIS/THREE, State:ALLOCATED, leaderId:, CreationTimestamp2022-06-08T19:33:57.519Z[Etc/UTC]].
2022-06-08 19:33:57,539 [2307c498-167f-43d9-87ae-3379131d0636@group-E6E454DC87C0-StateMachineUpdater] INFO  safemode.HealthyPipelineSafeModeRule (HealthyPipelineSafeModeRule.java:initializeRule(152)) - Refreshed total pipeline count is 0, healthy pipeline threshold count is 1
2022-06-08 19:33:57,540 [RatisPipelineUtilsThread - 0] INFO  pipeline.RatisPipelineProvider (RatisPipelineProvider.java:lambda$create$0(195)) - Sending CreatePipelineCommand for pipeline:PipelineID=19d21720-15a2-4f77-a178-347ff21bf0e9 to datanode:3c8f8348-5b45-4285-ac9e-7c9778a12270
2022-06-08 19:33:57,540 [RatisPipelineUtilsThread - 0] INFO  pipeline.RatisPipelineProvider (RatisPipelineProvider.java:lambda$create$0(195)) - Sending CreatePipelineCommand for pipeline:PipelineID=19d21720-15a2-4f77-a178-347ff21bf0e9 to datanode:f600cccb-c69c-4e5d-9bb2-bde895ce90eb
2022-06-08 19:33:57,540 [RatisPipelineUtilsThread - 0] INFO  pipeline.RatisPipelineProvider (RatisPipelineProvider.java:lambda$create$0(195)) - Sending CreatePipelineCommand for pipeline:PipelineID=19d21720-15a2-4f77-a178-347ff21bf0e9 to datanode:b2f71e74-b885-4a74-acef-2f4d6b72015d
2022-06-08 19:33:57,543 [0562147d-7bbf-459c-a71c-460e63cf1b3c@group-E6E454DC87C0-StateMachineUpdater] INFO  pipeline.PipelineStateManagerImpl (PipelineStateManagerImpl.java:addPipeline(101)) - Created pipeline Pipeline[ Id: 43f15a7d-0ec8-49f9-b746-1bc579a085d0, Nodes: f600cccb-c69c-4e5d-9bb2-bde895ce90eb{ip: 127.0.0.1, host: localhost, ports: [REPLICATION=44721, RATIS=46271, RATIS_ADMIN=46271, RATIS_SERVER=46271, STANDALONE=43145], networkLocation: /default-rack, certSerialId: null, persistedOpState: IN_SERVICE, persistedOpStateExpiryEpochSec: 0}3c8f8348-5b45-4285-ac9e-7c9778a12270{ip: 127.0.0.1, host: localhost, ports: [REPLICATION=42319, RATIS=44683, RATIS_ADMIN=44683, RATIS_SERVER=44683, STANDALONE=34083], networkLocation: /default-rack, certSerialId: null, persistedOpState: IN_SERVICE, persistedOpStateExpiryEpochSec: 0}b2f71e74-b885-4a74-acef-2f4d6b72015d{ip: 127.0.0.1, host: localhost, ports: [REPLICATION=41609, RATIS=43737, RATIS_ADMIN=43737, RATIS_SERVER=43737, STANDALONE=42625], networkLocation: /default-rack, certSerialId: null, persistedOpState: IN_SERVICE, persistedOpStateExpiryEpochSec: 0}, ReplicationConfig: RATIS/THREE, State:ALLOCATED, leaderId:, CreationTimestamp2022-06-08T19:33:57.519Z[Etc/UTC]].
2022-06-08 19:33:57,543 [0562147d-7bbf-459c-a71c-460e63cf1b3c@group-E6E454DC87C0-StateMachineUpdater] INFO  safemode.HealthyPipelineSafeModeRule (HealthyPipelineSafeModeRule.java:initializeRule(152)) - Refreshed total pipeline count is 0, healthy pipeline threshold count is 1
2022-06-08 19:33:57,545 [21888257-2f66-47c2-9c1a-f9078c9f78d9@group-E6E454DC87C0-StateMachineUpdater] INFO  pipeline.PipelineStateManagerImpl (PipelineStateManagerImpl.java:addPipeline(101)) - Created pipeline Pipeline[ Id: 43f15a7d-0ec8-49f9-b746-1bc579a085d0, Nodes: f600cccb-c69c-4e5d-9bb2-bde895ce90eb{ip: 127.0.0.1, host: localhost, ports: [REPLICATION=44721, RATIS=46271, RATIS_ADMIN=46271, RATIS_SERVER=46271, STANDALONE=43145], networkLocation: /default-rack, certSerialId: null, persistedOpState: IN_SERVICE, persistedOpStateExpiryEpochSec: 0}3c8f8348-5b45-4285-ac9e-7c9778a12270{ip: 127.0.0.1, host: localhost, ports: [REPLICATION=42319, RATIS=44683, RATIS_ADMIN=44683, RATIS_SERVER=44683, STANDALONE=34083], networkLocation: /default-rack, certSerialId: null, persistedOpState: IN_SERVICE, persistedOpStateExpiryEpochSec: 0}b2f71e74-b885-4a74-acef-2f4d6b72015d{ip: 127.0.0.1, host: localhost, ports: [REPLICATION=41609, RATIS=43737, RATIS_ADMIN=43737, RATIS_SERVER=43737, STANDALONE=42625], networkLocation: /default-rack, certSerialId: null, persistedOpState: IN_SERVICE, persistedOpStateExpiryEpochSec: 0}, ReplicationConfig: RATIS/THREE, State:ALLOCATED, leaderId:, CreationTimestamp2022-06-08T19:33:57.519Z[Etc/UTC]].
2022-06-08 19:33:57,553 [21888257-2f66-47c2-9c1a-f9078c9f78d9@group-E6E454DC87C0-StateMachineUpdater] INFO  safemode.HealthyPipelineSafeModeRule (HealthyPipelineSafeModeRule.java:initializeRule(152)) - Refreshed total pipeline count is 0, healthy pipeline threshold count is 1
2022-06-08 19:33:57,551 [2307c498-167f-43d9-87ae-3379131d0636@group-E6E454DC87C0-StateMachineUpdater] INFO  pipeline.PipelineStateManagerImpl (PipelineStateManagerImpl.java:addPipeline(101)) - Created pipeline Pipeline[ Id: 19d21720-15a2-4f77-a178-347ff21bf0e9, Nodes: 3c8f8348-5b45-4285-ac9e-7c9778a12270{ip: 127.0.0.1, host: localhost, ports: [REPLICATION=42319, RATIS=44683, RATIS_ADMIN=44683, RATIS_SERVER=44683, STANDALONE=34083], networkLocation: /default-rack, certSerialId: null, persistedOpState: IN_SERVICE, persistedOpStateExpiryEpochSec: 0}f600cccb-c69c-4e5d-9bb2-bde895ce90eb{ip: 127.0.0.1, host: localhost, ports: [REPLICATION=44721, RATIS=46271, RATIS_ADMIN=46271, RATIS_SERVER=46271, STANDALONE=43145], networkLocation: /default-rack, certSerialId: null, persistedOpState: IN_SERVICE, persistedOpStateExpiryEpochSec: 0}b2f71e74-b885-4a74-acef-2f4d6b72015d{ip: 127.0.0.1, host: localhost, ports: [REPLICATION=41609, RATIS=43737, RATIS_ADMIN=43737, RATIS_SERVER=43737, STANDALONE=42625], networkLocation: /default-rack, certSerialId: null, persistedOpState: IN_SERVICE, persistedOpStateExpiryEpochSec: 0}, ReplicationConfig: RATIS/THREE, State:ALLOCATED, leaderId:, CreationTimestamp2022-06-08T19:33:57.540Z[Etc/UTC]].
2022-06-08 19:33:57,557 [2307c498-167f-43d9-87ae-3379131d0636@group-E6E454DC87C0-StateMachineUpdater] INFO  safemode.HealthyPipelineSafeModeRule (HealthyPipelineSafeModeRule.java:initializeRule(152)) - Refreshed total pipeline count is 0, healthy pipeline threshold count is 1
2022-06-08 19:33:57,556 [0562147d-7bbf-459c-a71c-460e63cf1b3c@group-E6E454DC87C0-StateMachineUpdater] INFO  pipeline.PipelineStateManagerImpl (PipelineStateManagerImpl.java:addPipeline(101)) - Created pipeline Pipeline[ Id: 19d21720-15a2-4f77-a178-347ff21bf0e9, Nodes: 3c8f8348-5b45-4285-ac9e-7c9778a12270{ip: 127.0.0.1, host: localhost, ports: [REPLICATION=42319, RATIS=44683, RATIS_ADMIN=44683, RATIS_SERVER=44683, STANDALONE=34083], networkLocation: /default-rack, certSerialId: null, persistedOpState: IN_SERVICE, persistedOpStateExpiryEpochSec: 0}f600cccb-c69c-4e5d-9bb2-bde895ce90eb{ip: 127.0.0.1, host: localhost, ports: [REPLICATION=44721, RATIS=46271, RATIS_ADMIN=46271, RATIS_SERVER=46271, STANDALONE=43145], networkLocation: /default-rack, certSerialId: null, persistedOpState: IN_SERVICE, persistedOpStateExpiryEpochSec: 0}b2f71e74-b885-4a74-acef-2f4d6b72015d{ip: 127.0.0.1, host: localhost, ports: [REPLICATION=41609, RATIS=43737, RATIS_ADMIN=43737, RATIS_SERVER=43737, STANDALONE=42625], networkLocation: /default-rack, certSerialId: null, persistedOpState: IN_SERVICE, persistedOpStateExpiryEpochSec: 0}, ReplicationConfig: RATIS/THREE, State:ALLOCATED, leaderId:, CreationTimestamp2022-06-08T19:33:57.540Z[Etc/UTC]].
2022-06-08 19:33:57,559 [0562147d-7bbf-459c-a71c-460e63cf1b3c@group-E6E454DC87C0-StateMachineUpdater] INFO  safemode.HealthyPipelineSafeModeRule (HealthyPipelineSafeModeRule.java:initializeRule(152)) - Refreshed total pipeline count is 0, healthy pipeline threshold count is 1
2022-06-08 19:33:57,555 [21888257-2f66-47c2-9c1a-f9078c9f78d9@group-E6E454DC87C0-StateMachineUpdater] INFO  pipeline.PipelineStateManagerImpl (PipelineStateManagerImpl.java:addPipeline(101)) - Created pipeline Pipeline[ Id: 19d21720-15a2-4f77-a178-347ff21bf0e9, Nodes: 3c8f8348-5b45-4285-ac9e-7c9778a12270{ip: 127.0.0.1, host: localhost, ports: [REPLICATION=42319, RATIS=44683, RATIS_ADMIN=44683, RATIS_SERVER=44683, STANDALONE=34083], networkLocation: /default-rack, certSerialId: null, persistedOpState: IN_SERVICE, persistedOpStateExpiryEpochSec: 0}f600cccb-c69c-4e5d-9bb2-bde895ce90eb{ip: 127.0.0.1, host: localhost, ports: [REPLICATION=44721, RATIS=46271, RATIS_ADMIN=46271, RATIS_SERVER=46271, STANDALONE=43145], networkLocation: /default-rack, certSerialId: null, persistedOpState: IN_SERVICE, persistedOpStateExpiryEpochSec: 0}b2f71e74-b885-4a74-acef-2f4d6b72015d{ip: 127.0.0.1, host: localhost, ports: [REPLICATION=41609, RATIS=43737, RATIS_ADMIN=43737, RATIS_SERVER=43737, STANDALONE=42625], networkLocation: /default-rack, certSerialId: null, persistedOpState: IN_SERVICE, persistedOpStateExpiryEpochSec: 0}, ReplicationConfig: RATIS/THREE, State:ALLOCATED, leaderId:, CreationTimestamp2022-06-08T19:33:57.540Z[Etc/UTC]].
2022-06-08 19:33:57,558 [RatisPipelineUtilsThread - 0] INFO  pipeline.PipelineManagerImpl (PipelineManagerImpl.java:recordMetricsForPipeline(715)) - Pipeline: PipelineID=19d21720-15a2-4f77-a178-347ff21bf0e9 contains same datanodes as previous pipelines: PipelineID=43f15a7d-0ec8-49f9-b746-1bc579a085d0 nodeIds: 3c8f8348-5b45-4285-ac9e-7c9778a12270, f600cccb-c69c-4e5d-9bb2-bde895ce90eb, b2f71e74-b885-4a74-acef-2f4d6b72015d
2022-06-08 19:33:57,560 [21888257-2f66-47c2-9c1a-f9078c9f78d9@group-E6E454DC87C0-StateMachineUpdater] INFO  safemode.HealthyPipelineSafeModeRule (HealthyPipelineSafeModeRule.java:initializeRule(152)) - Refreshed total pipeline count is 0, healthy pipeline threshold count is 1
2022-06-08 19:33:58,494 [Listener at 127.0.0.1/45261] INFO  ozone.MiniOzoneClusterImpl (MiniOzoneClusterImpl.java:lambda$waitForClusterToBeReady$0(221)) - Nodes are ready. Got 3 of 3 DN Heartbeats.
2022-06-08 19:33:58,494 [Listener at 127.0.0.1/45261] INFO  ozone.MiniOzoneClusterImpl (MiniOzoneClusterImpl.java:lambda$waitForClusterToBeReady$0(224)) - Waiting for cluster to exit safe mode
2022-06-08 19:33:58,494 [Listener at 127.0.0.1/45261] INFO  ozone.MiniOzoneClusterImpl (MiniOzoneClusterImpl.java:lambda$waitForClusterToBeReady$0(226)) - SCM became leader
2022-06-08 19:33:59,495 [Listener at 127.0.0.1/45261] INFO  ozone.MiniOzoneClusterImpl (MiniOzoneClusterImpl.java:lambda$waitForClusterToBeReady$0(221)) - Nodes are ready. Got 3 of 3 DN Heartbeats.
2022-06-08 19:33:59,495 [Listener at 127.0.0.1/45261] INFO  ozone.MiniOzoneClusterImpl (MiniOzoneClusterImpl.java:lambda$waitForClusterToBeReady$0(224)) - Waiting for cluster to exit safe mode
2022-06-08 19:33:59,495 [Listener at 127.0.0.1/45261] INFO  ozone.MiniOzoneClusterImpl (MiniOzoneClusterImpl.java:lambda$waitForClusterToBeReady$0(226)) - SCM became leader
2022-06-08 19:33:59,739 [Command processor thread] INFO  server.RaftServer (RaftServerProxy.java:addNew(96)) - b2f71e74-b885-4a74-acef-2f4d6b72015d: addNew group-84CBCEDAC9A1:[b2f71e74-b885-4a74-acef-2f4d6b72015d|rpc:127.0.0.1:43737|priority:1] returns group-84CBCEDAC9A1:java.util.concurrent.CompletableFuture@476f7071[Not completed]
2022-06-08 19:33:59,752 [pool-189-thread-1] INFO  server.RaftServer$Division (RaftServerImpl.java:<init>(190)) - b2f71e74-b885-4a74-acef-2f4d6b72015d: new RaftServerImpl for group-84CBCEDAC9A1:[b2f71e74-b885-4a74-acef-2f4d6b72015d|rpc:127.0.0.1:43737|priority:1] with ContainerStateMachine:uninitialized
2022-06-08 19:33:59,753 [pool-189-thread-1] INFO  server.RaftServerConfigKeys (ConfUtils.java:logGet(46)) - raft.server.rpc.timeout.min = 5s (custom)
2022-06-08 19:33:59,753 [pool-189-thread-1] INFO  server.RaftServerConfigKeys (ConfUtils.java:logGet(46)) - raft.server.rpc.timeout.max = 5200ms (custom)
2022-06-08 19:33:59,753 [pool-189-thread-1] INFO  server.RaftServerConfigKeys (ConfUtils.java:logGet(46)) - raft.server.rpc.sleep.time = 25ms (default)
2022-06-08 19:33:59,753 [pool-189-thread-1] INFO  server.RaftServerConfigKeys (ConfUtils.java:logGet(46)) - raft.server.rpc.slowness.timeout = 300s (custom)
2022-06-08 19:33:59,753 [pool-189-thread-1] INFO  server.RaftServerConfigKeys (ConfUtils.java:logGet(46)) - raft.server.leaderelection.leader.step-down.wait-time = 10s (default)
2022-06-08 19:33:59,753 [pool-189-thread-1] INFO  server.RaftServerConfigKeys (ConfUtils.java:logGet(46)) - raft.server.sleep.deviation.threshold = 300ms (default)
2022-06-08 19:33:59,753 [pool-189-thread-1] INFO  server.RaftServer$Division (ServerState.java:<init>(107)) - b2f71e74-b885-4a74-acef-2f4d6b72015d@group-84CBCEDAC9A1: ConfigurationManager, init=-1: [b2f71e74-b885-4a74-acef-2f4d6b72015d|rpc:127.0.0.1:43737|priority:1], old=null, confs=<EMPTY_MAP>
2022-06-08 19:33:59,753 [pool-189-thread-1] INFO  server.RaftServerConfigKeys (ConfUtils.java:logGet(46)) - raft.server.storage.dir = [/home/runner/work/ozone/ozone/hadoop-ozone/integration-test/target/test-dir/MiniOzoneClusterImpl-6ca4cc63-2561-4277-bbe7-e6e454dc87c0/datanode-0/data/ratis] (custom)
2022-06-08 19:33:59,753 [pool-189-thread-1] INFO  server.RaftServerConfigKeys (ConfUtils.java:logGet(46)) - raft.server.log.corruption.policy = EXCEPTION (default)
2022-06-08 19:33:59,753 [pool-189-thread-1] INFO  server.RaftServerConfigKeys (ConfUtils.java:logGet(46)) - raft.server.storage.free-space.min = 0MB (=0) (default)
2022-06-08 19:33:59,753 [pool-189-thread-1] INFO  storage.RaftStorageDirectory (RaftStorageDirectoryImpl.java:analyzeStorage(135)) - The storage directory /home/runner/work/ozone/ozone/hadoop-ozone/integration-test/target/test-dir/MiniOzoneClusterImpl-6ca4cc63-2561-4277-bbe7-e6e454dc87c0/datanode-0/data/ratis/e4e36f22-647f-420c-b2dc-84cbcedac9a1 does not exist. Creating ...
2022-06-08 19:33:59,758 [pool-189-thread-1] INFO  storage.RaftStorageDirectory (RaftStorageDirectoryImpl.java:tryLock(230)) - Lock on /home/runner/work/ozone/ozone/hadoop-ozone/integration-test/target/test-dir/MiniOzoneClusterImpl-6ca4cc63-2561-4277-bbe7-e6e454dc87c0/datanode-0/data/ratis/e4e36f22-647f-420c-b2dc-84cbcedac9a1/in_use.lock acquired by nodename 20560@fv-az243-689
2022-06-08 19:33:59,759 [pool-189-thread-1] INFO  storage.RaftStorage (RaftStorageImpl.java:format(89)) - Storage directory /home/runner/work/ozone/ozone/hadoop-ozone/integration-test/target/test-dir/MiniOzoneClusterImpl-6ca4cc63-2561-4277-bbe7-e6e454dc87c0/datanode-0/data/ratis/e4e36f22-647f-420c-b2dc-84cbcedac9a1 has been successfully formatted.
2022-06-08 19:33:59,763 [pool-189-thread-1] INFO  ratis.ContainerStateMachine (ContainerStateMachine.java:loadSnapshot(236)) - group-84CBCEDAC9A1: The snapshot info is null. Setting the last applied indexto:(t:0, i:~)
2022-06-08 19:33:59,763 [pool-189-thread-1] INFO  server.RaftServerConfigKeys (ConfUtils.java:logGet(46)) - raft.server.notification.no-leader.timeout = 300s (custom)
2022-06-08 19:33:59,763 [pool-189-thread-1] INFO  server.RaftServerConfigKeys (ConfUtils.java:logGet(46)) - raft.server.log.use.memory = false (default)
2022-06-08 19:33:59,763 [pool-189-thread-1] INFO  server.RaftServerConfigKeys (ConfUtils.java:logGet(46)) - raft.server.log.purge.gap = 1000000 (custom)
2022-06-08 19:33:59,763 [pool-189-thread-1] INFO  server.RaftServerConfigKeys (ConfUtils.java:logGet(46)) - raft.server.log.appender.buffer.byte-limit = 33554432 (custom)
2022-06-08 19:33:59,763 [pool-189-thread-1] INFO  server.RaftServerConfigKeys (ConfUtils.java:logGet(46)) - raft.server.log.statemachine.data.read.timeout = 1000ms (default)
2022-06-08 19:33:59,770 [pool-189-thread-1] INFO  server.RaftServerConfigKeys (ConfUtils.java:logGet(46)) - raft.server.log.segment.size.max = 1048576 (custom)
2022-06-08 19:33:59,770 [pool-189-thread-1] INFO  server.RaftServerConfigKeys (ConfUtils.java:logGet(46)) - raft.server.log.segment.cache.num.max = 2 (custom)
2022-06-08 19:33:59,770 [pool-189-thread-1] INFO  server.RaftServerConfigKeys (ConfUtils.java:logGet(46)) - raft.server.log.segment.cache.size.max = 200MB (=209715200) (default)
2022-06-08 19:33:59,770 [pool-189-thread-1] INFO  segmented.SegmentedRaftLogWorker (SegmentedRaftLogWorker.java:<init>(187)) - new b2f71e74-b885-4a74-acef-2f4d6b72015d@group-84CBCEDAC9A1-SegmentedRaftLogWorker for RaftStorageImpl:Storage Directory /home/runner/work/ozone/ozone/hadoop-ozone/integration-test/target/test-dir/MiniOzoneClusterImpl-6ca4cc63-2561-4277-bbe7-e6e454dc87c0/datanode-0/data/ratis/e4e36f22-647f-420c-b2dc-84cbcedac9a1
2022-06-08 19:33:59,770 [pool-189-thread-1] INFO  server.RaftServerConfigKeys (ConfUtils.java:logGet(46)) - raft.server.log.queue.byte-limit = 4294967296 (custom)
2022-06-08 19:33:59,771 [pool-189-thread-1] INFO  server.RaftServerConfigKeys (ConfUtils.java:logGet(46)) - raft.server.log.queue.element-limit = 1024 (custom)
2022-06-08 19:33:59,771 [pool-189-thread-1] INFO  server.RaftServerConfigKeys (ConfUtils.java:logGet(46)) - raft.server.log.segment.size.max = 1048576 (custom)
2022-06-08 19:33:59,771 [pool-189-thread-1] INFO  server.RaftServerConfigKeys (ConfUtils.java:logGet(46)) - raft.server.log.preallocated.size = 16384 (custom)
2022-06-08 19:33:59,771 [pool-189-thread-1] INFO  server.RaftServerConfigKeys (ConfUtils.java:logGet(46)) - raft.server.log.force.sync.num = 128 (default)
2022-06-08 19:33:59,771 [pool-189-thread-1] INFO  server.RaftServerConfigKeys (ConfUtils.java:logGet(46)) - raft.server.log.statemachine.data.sync = true (default)
2022-06-08 19:33:59,771 [pool-189-thread-1] INFO  server.RaftServerConfigKeys (ConfUtils.java:logGet(46)) - raft.server.log.statemachine.data.sync.timeout = 10s (default)
2022-06-08 19:33:59,771 [pool-189-thread-1] INFO  server.RaftServerConfigKeys (ConfUtils.java:logGet(46)) - raft.server.log.statemachine.data.sync.timeout.retry = -1 (default)
2022-06-08 19:33:59,771 [pool-189-thread-1] INFO  server.RaftServerConfigKeys (ConfUtils.java:logGet(46)) - raft.server.log.write.buffer.size = 1048576 (custom)
2022-06-08 19:33:59,772 [pool-189-thread-1] INFO  server.RaftServerConfigKeys (ConfUtils.java:logGet(46)) - raft.server.log.unsafe-flush.enabled = false (default)
2022-06-08 19:33:59,772 [pool-189-thread-1] INFO  server.RaftServerConfigKeys (ConfUtils.java:logGet(46)) - raft.server.log.statemachine.data.caching.enabled = true (custom)
2022-06-08 19:33:59,772 [pool-189-thread-1] INFO  segmented.SegmentedRaftLogWorker (SegmentedRaftLogWorker.java:lambda$new$0(135)) - b2f71e74-b885-4a74-acef-2f4d6b72015d@group-84CBCEDAC9A1-SegmentedRaftLogWorker: flushIndex: setUnconditionally 0 -> -1
2022-06-08 19:33:59,772 [pool-189-thread-1] INFO  segmented.SegmentedRaftLogWorker (SegmentedRaftLogWorker.java:lambda$new$0(135)) - b2f71e74-b885-4a74-acef-2f4d6b72015d@group-84CBCEDAC9A1-SegmentedRaftLogWorker: safeCacheEvictIndex: setUnconditionally 0 -> -1
2022-06-08 19:33:59,778 [pool-189-thread-1] INFO  server.RaftServerConfigKeys (ConfUtils.java:logGet(46)) - raft.server.snapshot.auto.trigger.enabled = true (custom)
2022-06-08 19:33:59,779 [pool-189-thread-1] INFO  server.RaftServerConfigKeys (ConfUtils.java:logGet(46)) - raft.server.snapshot.auto.trigger.threshold = 10000 (custom)
2022-06-08 19:33:59,779 [pool-189-thread-1] INFO  server.RaftServerConfigKeys (ConfUtils.java:logGet(46)) - raft.server.snapshot.retention.file.num = 5 (custom)
2022-06-08 19:33:59,779 [pool-189-thread-1] INFO  server.RaftServerConfigKeys (ConfUtils.java:logGet(46)) - raft.server.log.purge.upto.snapshot.index = false (default)
2022-06-08 19:33:59,779 [pool-189-thread-1] INFO  server.RaftServerConfigKeys (ConfUtils.java:logGet(46)) - raft.server.retrycache.expirytime = 600000ms (custom)
2022-06-08 19:33:59,779 [pool-189-thread-1] INFO  server.RaftServerConfigKeys (ConfUtils.java:logGet(46)) - raft.server.retrycache.statistics.expirytime = 100μs (default)
2022-06-08 19:33:59,780 [pool-189-thread-1] INFO  server.RaftServerConfigKeys (ConfUtils.java:logGet(46)) - raft.server.log.appender.install.snapshot.enabled = false (custom)
2022-06-08 19:33:59,780 [pool-189-thread-1] INFO  server.RaftServerConfigKeys (ConfUtils.java:logGet(46)) - raft.server.threadpool.server.cached = true (default)
2022-06-08 19:33:59,780 [pool-189-thread-1] INFO  server.RaftServerConfigKeys (ConfUtils.java:logGet(46)) - raft.server.threadpool.server.size = 0 (default)
2022-06-08 19:33:59,780 [pool-189-thread-1] INFO  server.RaftServerConfigKeys (ConfUtils.java:logGet(46)) - raft.server.threadpool.client.cached = true (default)
2022-06-08 19:33:59,780 [pool-189-thread-1] INFO  server.RaftServerConfigKeys (ConfUtils.java:logGet(46)) - raft.server.threadpool.client.size = 0 (default)
2022-06-08 19:33:59,780 [pool-189-thread-1] INFO  server.RaftServer$Division (RaftServerImpl.java:start(310)) - b2f71e74-b885-4a74-acef-2f4d6b72015d@group-84CBCEDAC9A1: start as a follower, conf=-1: [b2f71e74-b885-4a74-acef-2f4d6b72015d|rpc:127.0.0.1:43737|priority:1], old=null
2022-06-08 19:33:59,780 [pool-189-thread-1] INFO  server.RaftServer$Division (RaftServerImpl.java:setRole(299)) - b2f71e74-b885-4a74-acef-2f4d6b72015d@group-84CBCEDAC9A1: changes role from      null to FOLLOWER at term 0 for startAsFollower
2022-06-08 19:33:59,780 [pool-189-thread-1] INFO  impl.RoleInfo (RoleInfo.java:updateAndGet(139)) - b2f71e74-b885-4a74-acef-2f4d6b72015d: start b2f71e74-b885-4a74-acef-2f4d6b72015d@group-84CBCEDAC9A1-FollowerState
2022-06-08 19:33:59,786 [pool-189-thread-1] INFO  util.JmxRegister (JmxRegister.java:tryRegister(44)) - Successfully registered JMX Bean with object name Ratis:service=RaftServer,group=group-84CBCEDAC9A1,id=b2f71e74-b885-4a74-acef-2f4d6b72015d
2022-06-08 19:33:59,788 [EventQueue-PipelineReportForPipelineReportHandler] INFO  pipeline.PipelineManagerImpl (PipelineManagerImpl.java:openPipeline(356)) - Pipeline Pipeline[ Id: e4e36f22-647f-420c-b2dc-84cbcedac9a1, Nodes: b2f71e74-b885-4a74-acef-2f4d6b72015d{ip: 127.0.0.1, host: localhost, ports: [REPLICATION=41609, RATIS=43737, RATIS_ADMIN=43737, RATIS_SERVER=43737, STANDALONE=42625], networkLocation: /default-rack, certSerialId: null, persistedOpState: IN_SERVICE, persistedOpStateExpiryEpochSec: 0}, ReplicationConfig: RATIS/ONE, State:ALLOCATED, leaderId:b2f71e74-b885-4a74-acef-2f4d6b72015d, CreationTimestamp2022-06-08T19:33:56.801Z[Etc/UTC]] moved to OPEN state
2022-06-08 19:33:59,789 [EventQueue-PipelineReportForPipelineReportHandler] INFO  pipeline.PipelineManagerImpl (PipelineManagerImpl.java:openPipeline(356)) - Pipeline Pipeline[ Id: e4e36f22-647f-420c-b2dc-84cbcedac9a1, Nodes: b2f71e74-b885-4a74-acef-2f4d6b72015d{ip: 127.0.0.1, host: localhost, ports: [REPLICATION=41609, RATIS=43737, RATIS_ADMIN=43737, RATIS_SERVER=43737, STANDALONE=42625], networkLocation: /default-rack, certSerialId: null, persistedOpState: IN_SERVICE, persistedOpStateExpiryEpochSec: 0}, ReplicationConfig: RATIS/ONE, State:ALLOCATED, leaderId:b2f71e74-b885-4a74-acef-2f4d6b72015d, CreationTimestamp2022-06-08T19:33:56.801Z[Etc/UTC]] moved to OPEN state
2022-06-08 19:33:59,794 [Command processor thread] INFO  ratis.XceiverServerRatis (XceiverServerRatis.java:addGroup(765)) - Created group PipelineID=e4e36f22-647f-420c-b2dc-84cbcedac9a1
2022-06-08 19:33:59,810 [Command processor thread] INFO  commandhandler.CreatePipelineCommandHandler (CreatePipelineCommandHandler.java:handle(113)) - Created Pipeline RATIS ONE PipelineID=e4e36f22-647f-420c-b2dc-84cbcedac9a1.
2022-06-08 19:33:59,810 [Command processor thread] INFO  server.RaftServer (RaftServerProxy.java:addNew(96)) - b2f71e74-b885-4a74-acef-2f4d6b72015d: addNew group-1BC579A085D0:[f600cccb-c69c-4e5d-9bb2-bde895ce90eb|rpc:127.0.0.1:46271|priority:1, b2f71e74-b885-4a74-acef-2f4d6b72015d|rpc:127.0.0.1:43737|priority:0, 3c8f8348-5b45-4285-ac9e-7c9778a12270|rpc:127.0.0.1:44683|priority:0] returns group-1BC579A085D0:java.util.concurrent.CompletableFuture@7daaafb5[Not completed]
2022-06-08 19:33:59,790 [EventQueue-PipelineReportForPipelineReportHandler] INFO  pipeline.PipelineManagerImpl (PipelineManagerImpl.java:openPipeline(356)) - Pipeline Pipeline[ Id: e4e36f22-647f-420c-b2dc-84cbcedac9a1, Nodes: b2f71e74-b885-4a74-acef-2f4d6b72015d{ip: 127.0.0.1, host: localhost, ports: [REPLICATION=41609, RATIS=43737, RATIS_ADMIN=43737, RATIS_SERVER=43737, STANDALONE=42625], networkLocation: /default-rack, certSerialId: null, persistedOpState: IN_SERVICE, persistedOpStateExpiryEpochSec: 0}, ReplicationConfig: RATIS/ONE, State:ALLOCATED, leaderId:b2f71e74-b885-4a74-acef-2f4d6b72015d, CreationTimestamp2022-06-08T19:33:56.801Z[Etc/UTC]] moved to OPEN state
2022-06-08 19:33:59,811 [pool-189-thread-1] INFO  server.RaftServer$Division (RaftServerImpl.java:<init>(190)) - b2f71e74-b885-4a74-acef-2f4d6b72015d: new RaftServerImpl for group-1BC579A085D0:[f600cccb-c69c-4e5d-9bb2-bde895ce90eb|rpc:127.0.0.1:46271|priority:1, b2f71e74-b885-4a74-acef-2f4d6b72015d|rpc:127.0.0.1:43737|priority:0, 3c8f8348-5b45-4285-ac9e-7c9778a12270|rpc:127.0.0.1:44683|priority:0] with ContainerStateMachine:uninitialized
2022-06-08 19:33:59,811 [pool-189-thread-1] INFO  server.RaftServerConfigKeys (ConfUtils.java:logGet(46)) - raft.server.rpc.timeout.min = 5s (custom)
2022-06-08 19:33:59,811 [pool-189-thread-1] INFO  server.RaftServerConfigKeys (ConfUtils.java:logGet(46)) - raft.server.rpc.timeout.max = 5200ms (custom)
2022-06-08 19:33:59,812 [pool-189-thread-1] INFO  server.RaftServerConfigKeys (ConfUtils.java:logGet(46)) - raft.server.rpc.sleep.time = 25ms (default)
2022-06-08 19:33:59,812 [pool-189-thread-1] INFO  server.RaftServerConfigKeys (ConfUtils.java:logGet(46)) - raft.server.rpc.slowness.timeout = 300s (custom)
2022-06-08 19:33:59,812 [pool-189-thread-1] INFO  server.RaftServerConfigKeys (ConfUtils.java:logGet(46)) - raft.server.leaderelection.leader.step-down.wait-time = 10s (default)
2022-06-08 19:33:59,812 [pool-189-thread-1] INFO  server.RaftServerConfigKeys (ConfUtils.java:logGet(46)) - raft.server.sleep.deviation.threshold = 300ms (default)
2022-06-08 19:33:59,812 [pool-189-thread-1] INFO  server.RaftServer$Division (ServerState.java:<init>(107)) - b2f71e74-b885-4a74-acef-2f4d6b72015d@group-1BC579A085D0: ConfigurationManager, init=-1: [f600cccb-c69c-4e5d-9bb2-bde895ce90eb|rpc:127.0.0.1:46271|priority:1, b2f71e74-b885-4a74-acef-2f4d6b72015d|rpc:127.0.0.1:43737|priority:0, 3c8f8348-5b45-4285-ac9e-7c9778a12270|rpc:127.0.0.1:44683|priority:0], old=null, confs=<EMPTY_MAP>
2022-06-08 19:33:59,812 [pool-189-thread-1] INFO  server.RaftServerConfigKeys (ConfUtils.java:logGet(46)) - raft.server.storage.dir = [/home/runner/work/ozone/ozone/hadoop-ozone/integration-test/target/test-dir/MiniOzoneClusterImpl-6ca4cc63-2561-4277-bbe7-e6e454dc87c0/datanode-0/data/ratis] (custom)
2022-06-08 19:33:59,812 [pool-189-thread-1] INFO  server.RaftServerConfigKeys (ConfUtils.java:logGet(46)) - raft.server.log.corruption.policy = EXCEPTION (default)
2022-06-08 19:33:59,812 [pool-189-thread-1] INFO  server.RaftServerConfigKeys (ConfUtils.java:logGet(46)) - raft.server.storage.free-space.min = 0MB (=0) (default)
2022-06-08 19:33:59,812 [pool-189-thread-1] INFO  storage.RaftStorageDirectory (RaftStorageDirectoryImpl.java:analyzeStorage(135)) - The storage directory /home/runner/work/ozone/ozone/hadoop-ozone/integration-test/target/test-dir/MiniOzoneClusterImpl-6ca4cc63-2561-4277-bbe7-e6e454dc87c0/datanode-0/data/ratis/43f15a7d-0ec8-49f9-b746-1bc579a085d0 does not exist. Creating ...
2022-06-08 19:33:59,826 [pool-189-thread-1] INFO  storage.RaftStorageDirectory (RaftStorageDirectoryImpl.java:tryLock(230)) - Lock on /home/runner/work/ozone/ozone/hadoop-ozone/integration-test/target/test-dir/MiniOzoneClusterImpl-6ca4cc63-2561-4277-bbe7-e6e454dc87c0/datanode-0/data/ratis/43f15a7d-0ec8-49f9-b746-1bc579a085d0/in_use.lock acquired by nodename 20560@fv-az243-689
2022-06-08 19:33:59,839 [pool-189-thread-1] INFO  storage.RaftStorage (RaftStorageImpl.java:format(89)) - Storage directory /home/runner/work/ozone/ozone/hadoop-ozone/integration-test/target/test-dir/MiniOzoneClusterImpl-6ca4cc63-2561-4277-bbe7-e6e454dc87c0/datanode-0/data/ratis/43f15a7d-0ec8-49f9-b746-1bc579a085d0 has been successfully formatted.
2022-06-08 19:33:59,839 [pool-189-thread-1] INFO  ratis.ContainerStateMachine (ContainerStateMachine.java:loadSnapshot(236)) - group-1BC579A085D0: The snapshot info is null. Setting the last applied indexto:(t:0, i:~)
2022-06-08 19:33:59,839 [pool-189-thread-1] INFO  server.RaftServerConfigKeys (ConfUtils.java:logGet(46)) - raft.server.notification.no-leader.timeout = 300s (custom)
2022-06-08 19:33:59,839 [pool-189-thread-1] INFO  server.RaftServerConfigKeys (ConfUtils.java:logGet(46)) - raft.server.log.use.memory = false (default)
2022-06-08 19:33:59,839 [pool-189-thread-1] INFO  server.RaftServerConfigKeys (ConfUtils.java:logGet(46)) - raft.server.log.purge.gap = 1000000 (custom)
2022-06-08 19:33:59,839 [pool-189-thread-1] INFO  server.RaftServerConfigKeys (ConfUtils.java:logGet(46)) - raft.server.log.appender.buffer.byte-limit = 33554432 (custom)
2022-06-08 19:33:59,839 [pool-189-thread-1] INFO  server.RaftServerConfigKeys (ConfUtils.java:logGet(46)) - raft.server.log.statemachine.data.read.timeout = 1000ms (default)
2022-06-08 19:33:59,840 [pool-189-thread-1] INFO  server.RaftServerConfigKeys (ConfUtils.java:logGet(46)) - raft.server.log.segment.size.max = 1048576 (custom)
2022-06-08 19:33:59,840 [pool-189-thread-1] INFO  server.RaftServerConfigKeys (ConfUtils.java:logGet(46)) - raft.server.log.segment.cache.num.max = 2 (custom)
2022-06-08 19:33:59,840 [pool-189-thread-1] INFO  server.RaftServerConfigKeys (ConfUtils.java:logGet(46)) - raft.server.log.segment.cache.size.max = 200MB (=209715200) (default)
2022-06-08 19:33:59,840 [pool-189-thread-1] INFO  segmented.SegmentedRaftLogWorker (SegmentedRaftLogWorker.java:<init>(187)) - new b2f71e74-b885-4a74-acef-2f4d6b72015d@group-1BC579A085D0-SegmentedRaftLogWorker for RaftStorageImpl:Storage Directory /home/runner/work/ozone/ozone/hadoop-ozone/integration-test/target/test-dir/MiniOzoneClusterImpl-6ca4cc63-2561-4277-bbe7-e6e454dc87c0/datanode-0/data/ratis/43f15a7d-0ec8-49f9-b746-1bc579a085d0
2022-06-08 19:33:59,840 [pool-189-thread-1] INFO  server.RaftServerConfigKeys (ConfUtils.java:logGet(46)) - raft.server.log.queue.byte-limit = 4294967296 (custom)
2022-06-08 19:33:59,840 [pool-189-thread-1] INFO  server.RaftServerConfigKeys (ConfUtils.java:logGet(46)) - raft.server.log.queue.element-limit = 1024 (custom)
2022-06-08 19:33:59,840 [pool-189-thread-1] INFO  server.RaftServerConfigKeys (ConfUtils.java:logGet(46)) - raft.server.log.segment.size.max = 1048576 (custom)
2022-06-08 19:33:59,840 [pool-189-thread-1] INFO  server.RaftServerConfigKeys (ConfUtils.java:logGet(46)) - raft.server.log.preallocated.size = 16384 (custom)
2022-06-08 19:33:59,841 [pool-189-thread-1] INFO  server.RaftServerConfigKeys (ConfUtils.java:logGet(46)) - raft.server.log.force.sync.num = 128 (default)
2022-06-08 19:33:59,841 [pool-189-thread-1] INFO  server.RaftServerConfigKeys (ConfUtils.java:logGet(46)) - raft.server.log.statemachine.data.sync = true (default)
2022-06-08 19:33:59,841 [pool-189-thread-1] INFO  server.RaftServerConfigKeys (ConfUtils.java:logGet(46)) - raft.server.log.statemachine.data.sync.timeout = 10s (default)
2022-06-08 19:33:59,841 [pool-189-thread-1] INFO  server.RaftServerConfigKeys (ConfUtils.java:logGet(46)) - raft.server.log.statemachine.data.sync.timeout.retry = -1 (default)
2022-06-08 19:33:59,845 [pool-189-thread-1] INFO  server.RaftServerConfigKeys (ConfUtils.java:logGet(46)) - raft.server.log.write.buffer.size = 1048576 (custom)
2022-06-08 19:33:59,845 [pool-189-thread-1] INFO  server.RaftServerConfigKeys (ConfUtils.java:logGet(46)) - raft.server.log.unsafe-flush.enabled = false (default)
2022-06-08 19:33:59,845 [pool-189-thread-1] INFO  server.RaftServerConfigKeys (ConfUtils.java:logGet(46)) - raft.server.log.statemachine.data.caching.enabled = true (custom)
2022-06-08 19:33:59,845 [pool-189-thread-1] INFO  segmented.SegmentedRaftLogWorker (SegmentedRaftLogWorker.java:lambda$new$0(135)) - b2f71e74-b885-4a74-acef-2f4d6b72015d@group-1BC579A085D0-SegmentedRaftLogWorker: flushIndex: setUnconditionally 0 -> -1
2022-06-08 19:33:59,845 [pool-189-thread-1] INFO  segmented.SegmentedRaftLogWorker (SegmentedRaftLogWorker.java:lambda$new$0(135)) - b2f71e74-b885-4a74-acef-2f4d6b72015d@group-1BC579A085D0-SegmentedRaftLogWorker: safeCacheEvictIndex: setUnconditionally 0 -> -1
2022-06-08 19:33:59,850 [2307c498-167f-43d9-87ae-3379131d0636@group-E6E454DC87C0-StateMachineUpdater] INFO  safemode.HealthyPipelineSafeModeRule (HealthyPipelineSafeModeRule.java:initializeRule(152)) - Refreshed total pipeline count is 0, healthy pipeline threshold count is 1
2022-06-08 19:33:59,868 [pool-189-thread-1] INFO  server.RaftServerConfigKeys (ConfUtils.java:logGet(46)) - raft.server.snapshot.auto.trigger.enabled = true (custom)
2022-06-08 19:33:59,868 [pool-189-thread-1] INFO  server.RaftServerConfigKeys (ConfUtils.java:logGet(46)) - raft.server.snapshot.auto.trigger.threshold = 10000 (custom)
2022-06-08 19:33:59,868 [pool-189-thread-1] INFO  server.RaftServerConfigKeys (ConfUtils.java:logGet(46)) - raft.server.snapshot.retention.file.num = 5 (custom)
2022-06-08 19:33:59,868 [pool-189-thread-1] INFO  server.RaftServerConfigKeys (ConfUtils.java:logGet(46)) - raft.server.log.purge.upto.snapshot.index = false (default)
2022-06-08 19:33:59,874 [EventQueue-PipelineReportForPipelineReportHandler] INFO  pipeline.PipelineManagerImpl (PipelineManagerImpl.java:openPipeline(356)) - Pipeline Pipeline[ Id: e4e36f22-647f-420c-b2dc-84cbcedac9a1, Nodes: b2f71e74-b885-4a74-acef-2f4d6b72015d{ip: 127.0.0.1, host: localhost, ports: [REPLICATION=41609, RATIS=43737, RATIS_ADMIN=43737, RATIS_SERVER=43737, STANDALONE=42625], networkLocation: /default-rack, certSerialId: null, persistedOpState: IN_SERVICE, persistedOpStateExpiryEpochSec: 0}, ReplicationConfig: RATIS/ONE, State:ALLOCATED, leaderId:b2f71e74-b885-4a74-acef-2f4d6b72015d, CreationTimestamp2022-06-08T19:33:56.801Z[Etc/UTC]] moved to OPEN state
2022-06-08 19:33:59,876 [21888257-2f66-47c2-9c1a-f9078c9f78d9@group-E6E454DC87C0-StateMachineUpdater] INFO  safemode.HealthyPipelineSafeModeRule (HealthyPipelineSafeModeRule.java:initializeRule(152)) - Refreshed total pipeline count is 0, healthy pipeline threshold count is 1
2022-06-08 19:33:59,880 [EventQueue-OpenPipelineForHealthyPipelineSafeModeRule] INFO  safemode.SCMSafeModeManager (HealthyPipelineSafeModeRule.java:process(124)) - SCM in safe mode. Healthy pipelines reported count is 0, required healthy pipeline reported count is 1
2022-06-08 19:33:59,880 [EventQueue-OpenPipelineForHealthyPipelineSafeModeRule] INFO  safemode.SCMSafeModeManager (HealthyPipelineSafeModeRule.java:process(124)) - SCM in safe mode. Healthy pipelines reported count is 0, required healthy pipeline reported count is 1
2022-06-08 19:33:59,881 [EventQueue-OpenPipelineForHealthyPipelineSafeModeRule] INFO  safemode.SCMSafeModeManager (HealthyPipelineSafeModeRule.java:process(124)) - SCM in safe mode. Healthy pipelines reported count is 0, required healthy pipeline reported count is 1
2022-06-08 19:33:59,881 [pool-189-thread-1] INFO  server.RaftServerConfigKeys (ConfUtils.java:logGet(46)) - raft.server.retrycache.expirytime = 600000ms (custom)
2022-06-08 19:33:59,881 [pool-189-thread-1] INFO  server.RaftServerConfigKeys (ConfUtils.java:logGet(46)) - raft.server.retrycache.statistics.expirytime = 100μs (default)
2022-06-08 19:33:59,882 [pool-189-thread-1] INFO  server.RaftServerConfigKeys (ConfUtils.java:logGet(46)) - raft.server.log.appender.install.snapshot.enabled = false (custom)
2022-06-08 19:33:59,882 [pool-189-thread-1] INFO  server.RaftServerConfigKeys (ConfUtils.java:logGet(46)) - raft.server.threadpool.server.cached = true (default)
2022-06-08 19:33:59,882 [pool-189-thread-1] INFO  server.RaftServerConfigKeys (ConfUtils.java:logGet(46)) - raft.server.threadpool.server.size = 0 (default)
2022-06-08 19:33:59,882 [pool-189-thread-1] INFO  server.RaftServerConfigKeys (ConfUtils.java:logGet(46)) - raft.server.threadpool.client.cached = true (default)
2022-06-08 19:33:59,882 [pool-189-thread-1] INFO  server.RaftServerConfigKeys (ConfUtils.java:logGet(46)) - raft.server.threadpool.client.size = 0 (default)
2022-06-08 19:33:59,882 [pool-189-thread-1] INFO  server.RaftServer$Division (RaftServerImpl.java:start(310)) - b2f71e74-b885-4a74-acef-2f4d6b72015d@group-1BC579A085D0: start as a follower, conf=-1: [f600cccb-c69c-4e5d-9bb2-bde895ce90eb|rpc:127.0.0.1:46271|priority:1, b2f71e74-b885-4a74-acef-2f4d6b72015d|rpc:127.0.0.1:43737|priority:0, 3c8f8348-5b45-4285-ac9e-7c9778a12270|rpc:127.0.0.1:44683|priority:0], old=null
2022-06-08 19:33:59,882 [pool-189-thread-1] INFO  server.RaftServer$Division (RaftServerImpl.java:setRole(299)) - b2f71e74-b885-4a74-acef-2f4d6b72015d@group-1BC579A085D0: changes role from      null to FOLLOWER at term 0 for startAsFollower
2022-06-08 19:33:59,883 [0562147d-7bbf-459c-a71c-460e63cf1b3c@group-E6E454DC87C0-StateMachineUpdater] INFO  safemode.HealthyPipelineSafeModeRule (HealthyPipelineSafeModeRule.java:initializeRule(152)) - Refreshed total pipeline count is 0, healthy pipeline threshold count is 1
2022-06-08 19:33:59,884 [pool-189-thread-1] INFO  impl.RoleInfo (RoleInfo.java:updateAndGet(139)) - b2f71e74-b885-4a74-acef-2f4d6b72015d: start b2f71e74-b885-4a74-acef-2f4d6b72015d@group-1BC579A085D0-FollowerState
2022-06-08 19:33:59,884 [pool-189-thread-1] INFO  util.JmxRegister (JmxRegister.java:tryRegister(44)) - Successfully registered JMX Bean with object name Ratis:service=RaftServer,group=group-1BC579A085D0,id=b2f71e74-b885-4a74-acef-2f4d6b72015d
2022-06-08 19:33:59,884 [Command processor thread] INFO  ratis.XceiverServerRatis (XceiverServerRatis.java:addGroup(765)) - Created group PipelineID=43f15a7d-0ec8-49f9-b746-1bc579a085d0
2022-06-08 19:33:59,946 [grpc-default-executor-0] INFO  server.RaftServer (RaftServerProxy.java:addNew(96)) - f600cccb-c69c-4e5d-9bb2-bde895ce90eb: addNew group-1BC579A085D0:[f600cccb-c69c-4e5d-9bb2-bde895ce90eb|rpc:127.0.0.1:46271|dataStream:|priority:1, b2f71e74-b885-4a74-acef-2f4d6b72015d|rpc:127.0.0.1:43737|dataStream:|priority:0, 3c8f8348-5b45-4285-ac9e-7c9778a12270|rpc:127.0.0.1:44683|dataStream:|priority:0] returns group-1BC579A085D0:java.util.concurrent.CompletableFuture@40fe4ef0[Not completed]
2022-06-08 19:33:59,948 [pool-213-thread-1] INFO  server.RaftServer$Division (RaftServerImpl.java:<init>(190)) - f600cccb-c69c-4e5d-9bb2-bde895ce90eb: new RaftServerImpl for group-1BC579A085D0:[f600cccb-c69c-4e5d-9bb2-bde895ce90eb|rpc:127.0.0.1:46271|dataStream:|priority:1, b2f71e74-b885-4a74-acef-2f4d6b72015d|rpc:127.0.0.1:43737|dataStream:|priority:0, 3c8f8348-5b45-4285-ac9e-7c9778a12270|rpc:127.0.0.1:44683|dataStream:|priority:0] with ContainerStateMachine:uninitialized
2022-06-08 19:33:59,948 [pool-213-thread-1] INFO  server.RaftServerConfigKeys (ConfUtils.java:logGet(46)) - raft.server.rpc.timeout.min = 5s (custom)
2022-06-08 19:33:59,948 [pool-213-thread-1] INFO  server.RaftServerConfigKeys (ConfUtils.java:logGet(46)) - raft.server.rpc.timeout.max = 5200ms (custom)
2022-06-08 19:33:59,948 [pool-213-thread-1] INFO  server.RaftServerConfigKeys (ConfUtils.java:logGet(46)) - raft.server.rpc.sleep.time = 25ms (default)
2022-06-08 19:33:59,948 [pool-213-thread-1] INFO  server.RaftServerConfigKeys (ConfUtils.java:logGet(46)) - raft.server.rpc.slowness.timeout = 300s (custom)
2022-06-08 19:33:59,948 [pool-213-thread-1] INFO  server.RaftServerConfigKeys (ConfUtils.java:logGet(46)) - raft.server.leaderelection.leader.step-down.wait-time = 10s (default)
2022-06-08 19:33:59,948 [pool-213-thread-1] INFO  server.RaftServerConfigKeys (ConfUtils.java:logGet(46)) - raft.server.sleep.deviation.threshold = 300ms (default)
2022-06-08 19:33:59,948 [pool-213-thread-1] INFO  server.RaftServer$Division (ServerState.java:<init>(107)) - f600cccb-c69c-4e5d-9bb2-bde895ce90eb@group-1BC579A085D0: ConfigurationManager, init=-1: [f600cccb-c69c-4e5d-9bb2-bde895ce90eb|rpc:127.0.0.1:46271|dataStream:|priority:1, b2f71e74-b885-4a74-acef-2f4d6b72015d|rpc:127.0.0.1:43737|dataStream:|priority:0, 3c8f8348-5b45-4285-ac9e-7c9778a12270|rpc:127.0.0.1:44683|dataStream:|priority:0], old=null, confs=<EMPTY_MAP>
2022-06-08 19:33:59,948 [pool-213-thread-1] INFO  server.RaftServerConfigKeys (ConfUtils.java:logGet(46)) - raft.server.storage.dir = [/home/runner/work/ozone/ozone/hadoop-ozone/integration-test/target/test-dir/MiniOzoneClusterImpl-6ca4cc63-2561-4277-bbe7-e6e454dc87c0/datanode-1/data/ratis] (custom)
2022-06-08 19:33:59,948 [pool-213-thread-1] INFO  server.RaftServerConfigKeys (ConfUtils.java:logGet(46)) - raft.server.log.corruption.policy = EXCEPTION (default)
2022-06-08 19:33:59,949 [pool-213-thread-1] INFO  server.RaftServerConfigKeys (ConfUtils.java:logGet(46)) - raft.server.storage.free-space.min = 0MB (=0) (default)
2022-06-08 19:33:59,949 [pool-213-thread-1] INFO  storage.RaftStorageDirectory (RaftStorageDirectoryImpl.java:analyzeStorage(135)) - The storage directory /home/runner/work/ozone/ozone/hadoop-ozone/integration-test/target/test-dir/MiniOzoneClusterImpl-6ca4cc63-2561-4277-bbe7-e6e454dc87c0/datanode-1/data/ratis/43f15a7d-0ec8-49f9-b746-1bc579a085d0 does not exist. Creating ...
2022-06-08 19:33:59,950 [pool-213-thread-1] INFO  storage.RaftStorageDirectory (RaftStorageDirectoryImpl.java:tryLock(230)) - Lock on /home/runner/work/ozone/ozone/hadoop-ozone/integration-test/target/test-dir/MiniOzoneClusterImpl-6ca4cc63-2561-4277-bbe7-e6e454dc87c0/datanode-1/data/ratis/43f15a7d-0ec8-49f9-b746-1bc579a085d0/in_use.lock acquired by nodename 20560@fv-az243-689
2022-06-08 19:33:59,958 [pool-213-thread-1] INFO  storage.RaftStorage (RaftStorageImpl.java:format(89)) - Storage directory /home/runner/work/ozone/ozone/hadoop-ozone/integration-test/target/test-dir/MiniOzoneClusterImpl-6ca4cc63-2561-4277-bbe7-e6e454dc87c0/datanode-1/data/ratis/43f15a7d-0ec8-49f9-b746-1bc579a085d0 has been successfully formatted.
2022-06-08 19:33:59,960 [pool-213-thread-1] INFO  ratis.ContainerStateMachine (ContainerStateMachine.java:loadSnapshot(236)) - group-1BC579A085D0: The snapshot info is null. Setting the last applied indexto:(t:0, i:~)
2022-06-08 19:33:59,963 [pool-213-thread-1] INFO  server.RaftServerConfigKeys (ConfUtils.java:logGet(46)) - raft.server.notification.no-leader.timeout = 300s (custom)
2022-06-08 19:33:59,963 [pool-213-thread-1] INFO  server.RaftServerConfigKeys (ConfUtils.java:logGet(46)) - raft.server.log.use.memory = false (default)
2022-06-08 19:33:59,963 [pool-213-thread-1] INFO  server.RaftServerConfigKeys (ConfUtils.java:logGet(46)) - raft.server.log.purge.gap = 1000000 (custom)
2022-06-08 19:33:59,964 [pool-213-thread-1] INFO  server.RaftServerConfigKeys (ConfUtils.java:logGet(46)) - raft.server.log.appender.buffer.byte-limit = 33554432 (custom)
2022-06-08 19:33:59,964 [pool-213-thread-1] INFO  server.RaftServerConfigKeys (ConfUtils.java:logGet(46)) - raft.server.log.statemachine.data.read.timeout = 1000ms (default)
2022-06-08 19:33:59,964 [pool-213-thread-1] INFO  server.RaftServerConfigKeys (ConfUtils.java:logGet(46)) - raft.server.log.segment.size.max = 1048576 (custom)
2022-06-08 19:33:59,964 [pool-213-thread-1] INFO  server.RaftServerConfigKeys (ConfUtils.java:logGet(46)) - raft.server.log.segment.cache.num.max = 2 (custom)
2022-06-08 19:33:59,964 [pool-213-thread-1] INFO  server.RaftServerConfigKeys (ConfUtils.java:logGet(46)) - raft.server.log.segment.cache.size.max = 200MB (=209715200) (default)
2022-06-08 19:33:59,964 [pool-213-thread-1] INFO  segmented.SegmentedRaftLogWorker (SegmentedRaftLogWorker.java:<init>(187)) - new f600cccb-c69c-4e5d-9bb2-bde895ce90eb@group-1BC579A085D0-SegmentedRaftLogWorker for RaftStorageImpl:Storage Directory /home/runner/work/ozone/ozone/hadoop-ozone/integration-test/target/test-dir/MiniOzoneClusterImpl-6ca4cc63-2561-4277-bbe7-e6e454dc87c0/datanode-1/data/ratis/43f15a7d-0ec8-49f9-b746-1bc579a085d0
2022-06-08 19:33:59,964 [pool-213-thread-1] INFO  server.RaftServerConfigKeys (ConfUtils.java:logGet(46)) - raft.server.log.queue.byte-limit = 4294967296 (custom)
2022-06-08 19:33:59,964 [pool-213-thread-1] INFO  server.RaftServerConfigKeys (ConfUtils.java:logGet(46)) - raft.server.log.queue.element-limit = 1024 (custom)
2022-06-08 19:33:59,969 [pool-213-thread-1] INFO  server.RaftServerConfigKeys (ConfUtils.java:logGet(46)) - raft.server.log.segment.size.max = 1048576 (custom)
2022-06-08 19:33:59,969 [pool-213-thread-1] INFO  server.RaftServerConfigKeys (ConfUtils.java:logGet(46)) - raft.server.log.preallocated.size = 16384 (custom)
2022-06-08 19:33:59,969 [pool-213-thread-1] INFO  server.RaftServerConfigKeys (ConfUtils.java:logGet(46)) - raft.server.log.force.sync.num = 128 (default)
2022-06-08 19:33:59,970 [pool-213-thread-1] INFO  server.RaftServerConfigKeys (ConfUtils.java:logGet(46)) - raft.server.log.statemachine.data.sync = true (default)
2022-06-08 19:33:59,970 [pool-213-thread-1] INFO  server.RaftServerConfigKeys (ConfUtils.java:logGet(46)) - raft.server.log.statemachine.data.sync.timeout = 10s (default)
2022-06-08 19:33:59,970 [pool-213-thread-1] INFO  server.RaftServerConfigKeys (ConfUtils.java:logGet(46)) - raft.server.log.statemachine.data.sync.timeout.retry = -1 (default)
2022-06-08 19:33:59,970 [pool-213-thread-1] INFO  server.RaftServerConfigKeys (ConfUtils.java:logGet(46)) - raft.server.log.write.buffer.size = 1048576 (custom)
2022-06-08 19:33:59,971 [pool-213-thread-1] INFO  server.RaftServerConfigKeys (ConfUtils.java:logGet(46)) - raft.server.log.unsafe-flush.enabled = false (default)
2022-06-08 19:33:59,971 [pool-213-thread-1] INFO  server.RaftServerConfigKeys (ConfUtils.java:logGet(46)) - raft.server.log.statemachine.data.caching.enabled = true (custom)
2022-06-08 19:33:59,971 [pool-213-thread-1] INFO  segmented.SegmentedRaftLogWorker (SegmentedRaftLogWorker.java:lambda$new$0(135)) - f600cccb-c69c-4e5d-9bb2-bde895ce90eb@group-1BC579A085D0-SegmentedRaftLogWorker: flushIndex: setUnconditionally 0 -> -1
2022-06-08 19:33:59,971 [pool-213-thread-1] INFO  segmented.SegmentedRaftLogWorker (SegmentedRaftLogWorker.java:lambda$new$0(135)) - f600cccb-c69c-4e5d-9bb2-bde895ce90eb@group-1BC579A085D0-SegmentedRaftLogWorker: safeCacheEvictIndex: setUnconditionally 0 -> -1
2022-06-08 19:33:59,972 [pool-213-thread-1] INFO  server.RaftServerConfigKeys (ConfUtils.java:logGet(46)) - raft.server.snapshot.auto.trigger.enabled = true (custom)
2022-06-08 19:33:59,972 [pool-213-thread-1] INFO  server.RaftServerConfigKeys (ConfUtils.java:logGet(46)) - raft.server.snapshot.auto.trigger.threshold = 10000 (custom)
2022-06-08 19:33:59,972 [pool-213-thread-1] INFO  server.RaftServerConfigKeys (ConfUtils.java:logGet(46)) - raft.server.snapshot.retention.file.num = 5 (custom)
2022-06-08 19:33:59,972 [pool-213-thread-1] INFO  server.RaftServerConfigKeys (ConfUtils.java:logGet(46)) - raft.server.log.purge.upto.snapshot.index = false (default)
2022-06-08 19:33:59,972 [pool-213-thread-1] INFO  server.RaftServerConfigKeys (ConfUtils.java:logGet(46)) - raft.server.retrycache.expirytime = 600000ms (custom)
2022-06-08 19:33:59,973 [pool-213-thread-1] INFO  server.RaftServerConfigKeys (ConfUtils.java:logGet(46)) - raft.server.retrycache.statistics.expirytime = 100μs (default)
2022-06-08 19:33:59,977 [pool-213-thread-1] INFO  server.RaftServerConfigKeys (ConfUtils.java:logGet(46)) - raft.server.log.appender.install.snapshot.enabled = false (custom)
2022-06-08 19:33:59,977 [pool-213-thread-1] INFO  server.RaftServerConfigKeys (ConfUtils.java:logGet(46)) - raft.server.threadpool.server.cached = true (default)
2022-06-08 19:33:59,977 [pool-213-thread-1] INFO  server.RaftServerConfigKeys (ConfUtils.java:logGet(46)) - raft.server.threadpool.server.size = 0 (default)
2022-06-08 19:33:59,977 [pool-213-thread-1] INFO  server.RaftServerConfigKeys (ConfUtils.java:logGet(46)) - raft.server.threadpool.client.cached = true (default)
2022-06-08 19:33:59,977 [pool-213-thread-1] INFO  server.RaftServerConfigKeys (ConfUtils.java:logGet(46)) - raft.server.threadpool.client.size = 0 (default)
2022-06-08 19:33:59,977 [pool-213-thread-1] INFO  server.RaftServer$Division (RaftServerImpl.java:start(310)) - f600cccb-c69c-4e5d-9bb2-bde895ce90eb@group-1BC579A085D0: start as a follower, conf=-1: [f600cccb-c69c-4e5d-9bb2-bde895ce90eb|rpc:127.0.0.1:46271|dataStream:|priority:1, b2f71e74-b885-4a74-acef-2f4d6b72015d|rpc:127.0.0.1:43737|dataStream:|priority:0, 3c8f8348-5b45-4285-ac9e-7c9778a12270|rpc:127.0.0.1:44683|dataStream:|priority:0], old=null
2022-06-08 19:33:59,977 [pool-213-thread-1] INFO  server.RaftServer$Division (RaftServerImpl.java:setRole(299)) - f600cccb-c69c-4e5d-9bb2-bde895ce90eb@group-1BC579A085D0: changes role from      null to FOLLOWER at term 0 for startAsFollower
2022-06-08 19:33:59,977 [pool-213-thread-1] INFO  impl.RoleInfo (RoleInfo.java:updateAndGet(139)) - f600cccb-c69c-4e5d-9bb2-bde895ce90eb: start f600cccb-c69c-4e5d-9bb2-bde895ce90eb@group-1BC579A085D0-FollowerState
2022-06-08 19:33:59,981 [pool-213-thread-1] INFO  util.JmxRegister (JmxRegister.java:tryRegister(44)) - Successfully registered JMX Bean with object name Ratis:service=RaftServer,group=group-1BC579A085D0,id=f600cccb-c69c-4e5d-9bb2-bde895ce90eb
2022-06-08 19:34:00,024 [grpc-default-executor-0] INFO  server.RaftServer (RaftServerProxy.java:addNew(96)) - 3c8f8348-5b45-4285-ac9e-7c9778a12270: addNew group-1BC579A085D0:[f600cccb-c69c-4e5d-9bb2-bde895ce90eb|rpc:127.0.0.1:46271|dataStream:|priority:1, b2f71e74-b885-4a74-acef-2f4d6b72015d|rpc:127.0.0.1:43737|dataStream:|priority:0, 3c8f8348-5b45-4285-ac9e-7c9778a12270|rpc:127.0.0.1:44683|dataStream:|priority:0] returns group-1BC579A085D0:java.util.concurrent.CompletableFuture@5a592656[Not completed]
2022-06-08 19:34:00,027 [pool-237-thread-1] INFO  server.RaftServer$Division (RaftServerImpl.java:<init>(190)) - 3c8f8348-5b45-4285-ac9e-7c9778a12270: new RaftServerImpl for group-1BC579A085D0:[f600cccb-c69c-4e5d-9bb2-bde895ce90eb|rpc:127.0.0.1:46271|dataStream:|priority:1, b2f71e74-b885-4a74-acef-2f4d6b72015d|rpc:127.0.0.1:43737|dataStream:|priority:0, 3c8f8348-5b45-4285-ac9e-7c9778a12270|rpc:127.0.0.1:44683|dataStream:|priority:0] with ContainerStateMachine:uninitialized
2022-06-08 19:34:00,028 [pool-237-thread-1] INFO  server.RaftServerConfigKeys (ConfUtils.java:logGet(46)) - raft.server.rpc.timeout.min = 5s (custom)
2022-06-08 19:34:00,028 [pool-237-thread-1] INFO  server.RaftServerConfigKeys (ConfUtils.java:logGet(46)) - raft.server.rpc.timeout.max = 5200ms (custom)
2022-06-08 19:34:00,028 [pool-237-thread-1] INFO  server.RaftServerConfigKeys (ConfUtils.java:logGet(46)) - raft.server.rpc.sleep.time = 25ms (default)
2022-06-08 19:34:00,028 [pool-237-thread-1] INFO  server.RaftServerConfigKeys (ConfUtils.java:logGet(46)) - raft.server.rpc.slowness.timeout = 300s (custom)
2022-06-08 19:34:00,028 [pool-237-thread-1] INFO  server.RaftServerConfigKeys (ConfUtils.java:logGet(46)) - raft.server.leaderelection.leader.step-down.wait-time = 10s (default)
2022-06-08 19:34:00,028 [pool-237-thread-1] INFO  server.RaftServerConfigKeys (ConfUtils.java:logGet(46)) - raft.server.sleep.deviation.threshold = 300ms (default)
2022-06-08 19:34:00,028 [pool-237-thread-1] INFO  server.RaftServer$Division (ServerState.java:<init>(107)) - 3c8f8348-5b45-4285-ac9e-7c9778a12270@group-1BC579A085D0: ConfigurationManager, init=-1: [f600cccb-c69c-4e5d-9bb2-bde895ce90eb|rpc:127.0.0.1:46271|dataStream:|priority:1, b2f71e74-b885-4a74-acef-2f4d6b72015d|rpc:127.0.0.1:43737|dataStream:|priority:0, 3c8f8348-5b45-4285-ac9e-7c9778a12270|rpc:127.0.0.1:44683|dataStream:|priority:0], old=null, confs=<EMPTY_MAP>
2022-06-08 19:34:00,028 [pool-237-thread-1] INFO  server.RaftServerConfigKeys (ConfUtils.java:logGet(46)) - raft.server.storage.dir = [/home/runner/work/ozone/ozone/hadoop-ozone/integration-test/target/test-dir/MiniOzoneClusterImpl-6ca4cc63-2561-4277-bbe7-e6e454dc87c0/datanode-2/data/ratis] (custom)
2022-06-08 19:34:00,028 [pool-237-thread-1] INFO  server.RaftServerConfigKeys (ConfUtils.java:logGet(46)) - raft.server.log.corruption.policy = EXCEPTION (default)
2022-06-08 19:34:00,028 [pool-237-thread-1] INFO  server.RaftServerConfigKeys (ConfUtils.java:logGet(46)) - raft.server.storage.free-space.min = 0MB (=0) (default)
2022-06-08 19:34:00,028 [pool-237-thread-1] INFO  storage.RaftStorageDirectory (RaftStorageDirectoryImpl.java:analyzeStorage(135)) - The storage directory /home/runner/work/ozone/ozone/hadoop-ozone/integration-test/target/test-dir/MiniOzoneClusterImpl-6ca4cc63-2561-4277-bbe7-e6e454dc87c0/datanode-2/data/ratis/43f15a7d-0ec8-49f9-b746-1bc579a085d0 does not exist. Creating ...
2022-06-08 19:34:00,033 [pool-237-thread-1] INFO  storage.RaftStorageDirectory (RaftStorageDirectoryImpl.java:tryLock(230)) - Lock on /home/runner/work/ozone/ozone/hadoop-ozone/integration-test/target/test-dir/MiniOzoneClusterImpl-6ca4cc63-2561-4277-bbe7-e6e454dc87c0/datanode-2/data/ratis/43f15a7d-0ec8-49f9-b746-1bc579a085d0/in_use.lock acquired by nodename 20560@fv-az243-689
2022-06-08 19:34:00,034 [pool-237-thread-1] INFO  storage.RaftStorage (RaftStorageImpl.java:format(89)) - Storage directory /home/runner/work/ozone/ozone/hadoop-ozone/integration-test/target/test-dir/MiniOzoneClusterImpl-6ca4cc63-2561-4277-bbe7-e6e454dc87c0/datanode-2/data/ratis/43f15a7d-0ec8-49f9-b746-1bc579a085d0 has been successfully formatted.
2022-06-08 19:34:00,038 [pool-237-thread-1] INFO  ratis.ContainerStateMachine (ContainerStateMachine.java:loadSnapshot(236)) - group-1BC579A085D0: The snapshot info is null. Setting the last applied indexto:(t:0, i:~)
2022-06-08 19:34:00,038 [pool-237-thread-1] INFO  server.RaftServerConfigKeys (ConfUtils.java:logGet(46)) - raft.server.notification.no-leader.timeout = 300s (custom)
2022-06-08 19:34:00,038 [pool-237-thread-1] INFO  server.RaftServerConfigKeys (ConfUtils.java:logGet(46)) - raft.server.log.use.memory = false (default)
2022-06-08 19:34:00,038 [pool-237-thread-1] INFO  server.RaftServerConfigKeys (ConfUtils.java:logGet(46)) - raft.server.log.purge.gap = 1000000 (custom)
2022-06-08 19:34:00,038 [pool-237-thread-1] INFO  server.RaftServerConfigKeys (ConfUtils.java:logGet(46)) - raft.server.log.appender.buffer.byte-limit = 33554432 (custom)
2022-06-08 19:34:00,038 [pool-237-thread-1] INFO  server.RaftServerConfigKeys (ConfUtils.java:logGet(46)) - raft.server.log.statemachine.data.read.timeout = 1000ms (default)
2022-06-08 19:34:00,039 [pool-237-thread-1] INFO  server.RaftServerConfigKeys (ConfUtils.java:logGet(46)) - raft.server.log.segment.size.max = 1048576 (custom)
2022-06-08 19:34:00,039 [pool-237-thread-1] INFO  server.RaftServerConfigKeys (ConfUtils.java:logGet(46)) - raft.server.log.segment.cache.num.max = 2 (custom)
2022-06-08 19:34:00,039 [pool-237-thread-1] INFO  server.RaftServerConfigKeys (ConfUtils.java:logGet(46)) - raft.server.log.segment.cache.size.max = 200MB (=209715200) (default)
2022-06-08 19:34:00,039 [pool-237-thread-1] INFO  segmented.SegmentedRaftLogWorker (SegmentedRaftLogWorker.java:<init>(187)) - new 3c8f8348-5b45-4285-ac9e-7c9778a12270@group-1BC579A085D0-SegmentedRaftLogWorker for RaftStorageImpl:Storage Directory /home/runner/work/ozone/ozone/hadoop-ozone/integration-test/target/test-dir/MiniOzoneClusterImpl-6ca4cc63-2561-4277-bbe7-e6e454dc87c0/datanode-2/data/ratis/43f15a7d-0ec8-49f9-b746-1bc579a085d0
2022-06-08 19:34:00,039 [pool-237-thread-1] INFO  server.RaftServerConfigKeys (ConfUtils.java:logGet(46)) - raft.server.log.queue.byte-limit = 4294967296 (custom)
2022-06-08 19:34:00,039 [pool-237-thread-1] INFO  server.RaftServerConfigKeys (ConfUtils.java:logGet(46)) - raft.server.log.queue.element-limit = 1024 (custom)
2022-06-08 19:34:00,039 [pool-237-thread-1] INFO  server.RaftServerConfigKeys (ConfUtils.java:logGet(46)) - raft.server.log.segment.size.max = 1048576 (custom)
2022-06-08 19:34:00,039 [pool-237-thread-1] INFO  server.RaftServerConfigKeys (ConfUtils.java:logGet(46)) - raft.server.log.preallocated.size = 16384 (custom)
2022-06-08 19:34:00,039 [pool-237-thread-1] INFO  server.RaftServerConfigKeys (ConfUtils.java:logGet(46)) - raft.server.log.force.sync.num = 128 (default)
2022-06-08 19:34:00,039 [pool-237-thread-1] INFO  server.RaftServerConfigKeys (ConfUtils.java:logGet(46)) - raft.server.log.statemachine.data.sync = true (default)
2022-06-08 19:34:00,039 [pool-237-thread-1] INFO  server.RaftServerConfigKeys (ConfUtils.java:logGet(46)) - raft.server.log.statemachine.data.sync.timeout = 10s (default)
2022-06-08 19:34:00,040 [pool-237-thread-1] INFO  server.RaftServerConfigKeys (ConfUtils.java:logGet(46)) - raft.server.log.statemachine.data.sync.timeout.retry = -1 (default)
2022-06-08 19:34:00,040 [pool-237-thread-1] INFO  server.RaftServerConfigKeys (ConfUtils.java:logGet(46)) - raft.server.log.write.buffer.size = 1048576 (custom)
2022-06-08 19:34:00,041 [pool-237-thread-1] INFO  server.RaftServerConfigKeys (ConfUtils.java:logGet(46)) - raft.server.log.unsafe-flush.enabled = false (default)
2022-06-08 19:34:00,041 [pool-237-thread-1] INFO  server.RaftServerConfigKeys (ConfUtils.java:logGet(46)) - raft.server.log.statemachine.data.caching.enabled = true (custom)
2022-06-08 19:34:00,041 [pool-237-thread-1] INFO  segmented.SegmentedRaftLogWorker (SegmentedRaftLogWorker.java:lambda$new$0(135)) - 3c8f8348-5b45-4285-ac9e-7c9778a12270@group-1BC579A085D0-SegmentedRaftLogWorker: flushIndex: setUnconditionally 0 -> -1
2022-06-08 19:34:00,041 [pool-237-thread-1] INFO  segmented.SegmentedRaftLogWorker (SegmentedRaftLogWorker.java:lambda$new$0(135)) - 3c8f8348-5b45-4285-ac9e-7c9778a12270@group-1BC579A085D0-SegmentedRaftLogWorker: safeCacheEvictIndex: setUnconditionally 0 -> -1
2022-06-08 19:34:00,041 [pool-237-thread-1] INFO  server.RaftServerConfigKeys (ConfUtils.java:logGet(46)) - raft.server.snapshot.auto.trigger.enabled = true (custom)
2022-06-08 19:34:00,041 [pool-237-thread-1] INFO  server.RaftServerConfigKeys (ConfUtils.java:logGet(46)) - raft.server.snapshot.auto.trigger.threshold = 10000 (custom)
2022-06-08 19:34:00,041 [pool-237-thread-1] INFO  server.RaftServerConfigKeys (ConfUtils.java:logGet(46)) - raft.server.snapshot.retention.file.num = 5 (custom)
2022-06-08 19:34:00,042 [pool-237-thread-1] INFO  server.RaftServerConfigKeys (ConfUtils.java:logGet(46)) - raft.server.log.purge.upto.snapshot.index = false (default)
2022-06-08 19:34:00,042 [pool-237-thread-1] INFO  server.RaftServerConfigKeys (ConfUtils.java:logGet(46)) - raft.server.retrycache.expirytime = 600000ms (custom)
2022-06-08 19:34:00,042 [pool-237-thread-1] INFO  server.RaftServerConfigKeys (ConfUtils.java:logGet(46)) - raft.server.retrycache.statistics.expirytime = 100μs (default)
2022-06-08 19:34:00,043 [pool-237-thread-1] INFO  server.RaftServerConfigKeys (ConfUtils.java:logGet(46)) - raft.server.log.appender.install.snapshot.enabled = false (custom)
2022-06-08 19:34:00,043 [pool-237-thread-1] INFO  server.RaftServerConfigKeys (ConfUtils.java:logGet(46)) - raft.server.threadpool.server.cached = true (default)
2022-06-08 19:34:00,043 [pool-237-thread-1] INFO  server.RaftServerConfigKeys (ConfUtils.java:logGet(46)) - raft.server.threadpool.server.size = 0 (default)
2022-06-08 19:34:00,043 [pool-237-thread-1] INFO  server.RaftServerConfigKeys (ConfUtils.java:logGet(46)) - raft.server.threadpool.client.cached = true (default)
2022-06-08 19:34:00,043 [pool-237-thread-1] INFO  server.RaftServerConfigKeys (ConfUtils.java:logGet(46)) - raft.server.threadpool.client.size = 0 (default)
2022-06-08 19:34:00,043 [pool-237-thread-1] INFO  server.RaftServer$Division (RaftServerImpl.java:start(310)) - 3c8f8348-5b45-4285-ac9e-7c9778a12270@group-1BC579A085D0: start as a follower, conf=-1: [f600cccb-c69c-4e5d-9bb2-bde895ce90eb|rpc:127.0.0.1:46271|dataStream:|priority:1, b2f71e74-b885-4a74-acef-2f4d6b72015d|rpc:127.0.0.1:43737|dataStream:|priority:0, 3c8f8348-5b45-4285-ac9e-7c9778a12270|rpc:127.0.0.1:44683|dataStream:|priority:0], old=null
2022-06-08 19:34:00,043 [pool-237-thread-1] INFO  server.RaftServer$Division (RaftServerImpl.java:setRole(299)) - 3c8f8348-5b45-4285-ac9e-7c9778a12270@group-1BC579A085D0: changes role from      null to FOLLOWER at term 0 for startAsFollower
2022-06-08 19:34:00,043 [pool-237-thread-1] INFO  impl.RoleInfo (RoleInfo.java:updateAndGet(139)) - 3c8f8348-5b45-4285-ac9e-7c9778a12270: start 3c8f8348-5b45-4285-ac9e-7c9778a12270@group-1BC579A085D0-FollowerState
2022-06-08 19:34:00,044 [pool-237-thread-1] INFO  util.JmxRegister (JmxRegister.java:tryRegister(44)) - Successfully registered JMX Bean with object name Ratis:service=RaftServer,group=group-1BC579A085D0,id=3c8f8348-5b45-4285-ac9e-7c9778a12270
2022-06-08 19:34:00,060 [Command processor thread] INFO  commandhandler.CreatePipelineCommandHandler (CreatePipelineCommandHandler.java:handle(113)) - Created Pipeline RATIS THREE PipelineID=43f15a7d-0ec8-49f9-b746-1bc579a085d0.
2022-06-08 19:34:00,061 [Command processor thread] INFO  server.RaftServer (RaftServerProxy.java:addNew(96)) - b2f71e74-b885-4a74-acef-2f4d6b72015d: addNew group-347FF21BF0E9:[f600cccb-c69c-4e5d-9bb2-bde895ce90eb|rpc:127.0.0.1:46271|priority:0, b2f71e74-b885-4a74-acef-2f4d6b72015d|rpc:127.0.0.1:43737|priority:0, 3c8f8348-5b45-4285-ac9e-7c9778a12270|rpc:127.0.0.1:44683|priority:1] returns group-347FF21BF0E9:java.util.concurrent.CompletableFuture@6375a0aa[Not completed]
2022-06-08 19:34:00,062 [pool-189-thread-1] INFO  server.RaftServer$Division (RaftServerImpl.java:<init>(190)) - b2f71e74-b885-4a74-acef-2f4d6b72015d: new RaftServerImpl for group-347FF21BF0E9:[f600cccb-c69c-4e5d-9bb2-bde895ce90eb|rpc:127.0.0.1:46271|priority:0, b2f71e74-b885-4a74-acef-2f4d6b72015d|rpc:127.0.0.1:43737|priority:0, 3c8f8348-5b45-4285-ac9e-7c9778a12270|rpc:127.0.0.1:44683|priority:1] with ContainerStateMachine:uninitialized
2022-06-08 19:34:00,062 [pool-189-thread-1] INFO  server.RaftServerConfigKeys (ConfUtils.java:logGet(46)) - raft.server.rpc.timeout.min = 5s (custom)
2022-06-08 19:34:00,062 [pool-189-thread-1] INFO  server.RaftServerConfigKeys (ConfUtils.java:logGet(46)) - raft.server.rpc.timeout.max = 5200ms (custom)
2022-06-08 19:34:00,062 [pool-189-thread-1] INFO  server.RaftServerConfigKeys (ConfUtils.java:logGet(46)) - raft.server.rpc.sleep.time = 25ms (default)
2022-06-08 19:34:00,062 [pool-189-thread-1] INFO  server.RaftServerConfigKeys (ConfUtils.java:logGet(46)) - raft.server.rpc.slowness.timeout = 300s (custom)
2022-06-08 19:34:00,062 [pool-189-thread-1] INFO  server.RaftServerConfigKeys (ConfUtils.java:logGet(46)) - raft.server.leaderelection.leader.step-down.wait-time = 10s (default)
2022-06-08 19:34:00,062 [pool-189-thread-1] INFO  server.RaftServerConfigKeys (ConfUtils.java:logGet(46)) - raft.server.sleep.deviation.threshold = 300ms (default)
2022-06-08 19:34:00,062 [pool-189-thread-1] INFO  server.RaftServer$Division (ServerState.java:<init>(107)) - b2f71e74-b885-4a74-acef-2f4d6b72015d@group-347FF21BF0E9: ConfigurationManager, init=-1: [f600cccb-c69c-4e5d-9bb2-bde895ce90eb|rpc:127.0.0.1:46271|priority:0, b2f71e74-b885-4a74-acef-2f4d6b72015d|rpc:127.0.0.1:43737|priority:0, 3c8f8348-5b45-4285-ac9e-7c9778a12270|rpc:127.0.0.1:44683|priority:1], old=null, confs=<EMPTY_MAP>
2022-06-08 19:34:00,062 [pool-189-thread-1] INFO  server.RaftServerConfigKeys (ConfUtils.java:logGet(46)) - raft.server.storage.dir = [/home/runner/work/ozone/ozone/hadoop-ozone/integration-test/target/test-dir/MiniOzoneClusterImpl-6ca4cc63-2561-4277-bbe7-e6e454dc87c0/datanode-0/data/ratis] (custom)
2022-06-08 19:34:00,062 [pool-189-thread-1] INFO  server.RaftServerConfigKeys (ConfUtils.java:logGet(46)) - raft.server.log.corruption.policy = EXCEPTION (default)
2022-06-08 19:34:00,062 [pool-189-thread-1] INFO  server.RaftServerConfigKeys (ConfUtils.java:logGet(46)) - raft.server.storage.free-space.min = 0MB (=0) (default)
2022-06-08 19:34:00,062 [pool-189-thread-1] INFO  storage.RaftStorageDirectory (RaftStorageDirectoryImpl.java:analyzeStorage(135)) - The storage directory /home/runner/work/ozone/ozone/hadoop-ozone/integration-test/target/test-dir/MiniOzoneClusterImpl-6ca4cc63-2561-4277-bbe7-e6e454dc87c0/datanode-0/data/ratis/19d21720-15a2-4f77-a178-347ff21bf0e9 does not exist. Creating ...
2022-06-08 19:34:00,067 [pool-189-thread-1] INFO  storage.RaftStorageDirectory (RaftStorageDirectoryImpl.java:tryLock(230)) - Lock on /home/runner/work/ozone/ozone/hadoop-ozone/integration-test/target/test-dir/MiniOzoneClusterImpl-6ca4cc63-2561-4277-bbe7-e6e454dc87c0/datanode-0/data/ratis/19d21720-15a2-4f77-a178-347ff21bf0e9/in_use.lock acquired by nodename 20560@fv-az243-689
2022-06-08 19:34:00,072 [pool-189-thread-1] INFO  storage.RaftStorage (RaftStorageImpl.java:format(89)) - Storage directory /home/runner/work/ozone/ozone/hadoop-ozone/integration-test/target/test-dir/MiniOzoneClusterImpl-6ca4cc63-2561-4277-bbe7-e6e454dc87c0/datanode-0/data/ratis/19d21720-15a2-4f77-a178-347ff21bf0e9 has been successfully formatted.
2022-06-08 19:34:00,072 [pool-189-thread-1] INFO  ratis.ContainerStateMachine (ContainerStateMachine.java:loadSnapshot(236)) - group-347FF21BF0E9: The snapshot info is null. Setting the last applied indexto:(t:0, i:~)
2022-06-08 19:34:00,072 [pool-189-thread-1] INFO  server.RaftServerConfigKeys (ConfUtils.java:logGet(46)) - raft.server.notification.no-leader.timeout = 300s (custom)
2022-06-08 19:34:00,072 [pool-189-thread-1] INFO  server.RaftServerConfigKeys (ConfUtils.java:logGet(46)) - raft.server.log.use.memory = false (default)
2022-06-08 19:34:00,072 [pool-189-thread-1] INFO  server.RaftServerConfigKeys (ConfUtils.java:logGet(46)) - raft.server.log.purge.gap = 1000000 (custom)
2022-06-08 19:34:00,072 [pool-189-thread-1] INFO  server.RaftServerConfigKeys (ConfUtils.java:logGet(46)) - raft.server.log.appender.buffer.byte-limit = 33554432 (custom)
2022-06-08 19:34:00,073 [pool-189-thread-1] INFO  server.RaftServerConfigKeys (ConfUtils.java:logGet(46)) - raft.server.log.statemachine.data.read.timeout = 1000ms (default)
2022-06-08 19:34:00,073 [pool-189-thread-1] INFO  server.RaftServerConfigKeys (ConfUtils.java:logGet(46)) - raft.server.log.segment.size.max = 1048576 (custom)
2022-06-08 19:34:00,073 [pool-189-thread-1] INFO  server.RaftServerConfigKeys (ConfUtils.java:logGet(46)) - raft.server.log.segment.cache.num.max = 2 (custom)
2022-06-08 19:34:00,073 [pool-189-thread-1] INFO  server.RaftServerConfigKeys (ConfUtils.java:logGet(46)) - raft.server.log.segment.cache.size.max = 200MB (=209715200) (default)
2022-06-08 19:34:00,073 [pool-189-thread-1] INFO  segmented.SegmentedRaftLogWorker (SegmentedRaftLogWorker.java:<init>(187)) - new b2f71e74-b885-4a74-acef-2f4d6b72015d@group-347FF21BF0E9-SegmentedRaftLogWorker for RaftStorageImpl:Storage Directory /home/runner/work/ozone/ozone/hadoop-ozone/integration-test/target/test-dir/MiniOzoneClusterImpl-6ca4cc63-2561-4277-bbe7-e6e454dc87c0/datanode-0/data/ratis/19d21720-15a2-4f77-a178-347ff21bf0e9
2022-06-08 19:34:00,073 [pool-189-thread-1] INFO  server.RaftServerConfigKeys (ConfUtils.java:logGet(46)) - raft.server.log.queue.byte-limit = 4294967296 (custom)
2022-06-08 19:34:00,073 [pool-189-thread-1] INFO  server.RaftServerConfigKeys (ConfUtils.java:logGet(46)) - raft.server.log.queue.element-limit = 1024 (custom)
2022-06-08 19:34:00,073 [pool-189-thread-1] INFO  server.RaftServerConfigKeys (ConfUtils.java:logGet(46)) - raft.server.log.segment.size.max = 1048576 (custom)
2022-06-08 19:34:00,073 [pool-189-thread-1] INFO  server.RaftServerConfigKeys (ConfUtils.java:logGet(46)) - raft.server.log.preallocated.size = 16384 (custom)
2022-06-08 19:34:00,073 [pool-189-thread-1] INFO  server.RaftServerConfigKeys (ConfUtils.java:logGet(46)) - raft.server.log.force.sync.num = 128 (default)
2022-06-08 19:34:00,073 [pool-189-thread-1] INFO  server.RaftServerConfigKeys (ConfUtils.java:logGet(46)) - raft.server.log.statemachine.data.sync = true (default)
2022-06-08 19:34:00,074 [pool-189-thread-1] INFO  server.RaftServerConfigKeys (ConfUtils.java:logGet(46)) - raft.server.log.statemachine.data.sync.timeout = 10s (default)
2022-06-08 19:34:00,074 [pool-189-thread-1] INFO  server.RaftServerConfigKeys (ConfUtils.java:logGet(46)) - raft.server.log.statemachine.data.sync.timeout.retry = -1 (default)
2022-06-08 19:34:00,075 [Command processor thread] INFO  server.RaftServer (RaftServerProxy.java:addNew(96)) - f600cccb-c69c-4e5d-9bb2-bde895ce90eb: addNew group-B810B796FD8E:[f600cccb-c69c-4e5d-9bb2-bde895ce90eb|rpc:127.0.0.1:46271|priority:1] returns group-B810B796FD8E:java.util.concurrent.CompletableFuture@2c844ea4[Not completed]
2022-06-08 19:34:00,075 [EventQueue-OpenPipelineForHealthyPipelineSafeModeRule] INFO  safemode.SCMSafeModeManager (HealthyPipelineSafeModeRule.java:process(124)) - SCM in safe mode. Healthy pipelines reported count is 0, required healthy pipeline reported count is 1
2022-06-08 19:34:00,076 [EventQueue-OpenPipelineForHealthyPipelineSafeModeRule] INFO  safemode.SCMSafeModeManager (HealthyPipelineSafeModeRule.java:process(124)) - SCM in safe mode. Healthy pipelines reported count is 0, required healthy pipeline reported count is 1
2022-06-08 19:34:00,077 [pool-213-thread-1] INFO  server.RaftServer$Division (RaftServerImpl.java:<init>(190)) - f600cccb-c69c-4e5d-9bb2-bde895ce90eb: new RaftServerImpl for group-B810B796FD8E:[f600cccb-c69c-4e5d-9bb2-bde895ce90eb|rpc:127.0.0.1:46271|priority:1] with ContainerStateMachine:uninitialized
2022-06-08 19:34:00,077 [pool-213-thread-1] INFO  server.RaftServerConfigKeys (ConfUtils.java:logGet(46)) - raft.server.rpc.timeout.min = 5s (custom)
2022-06-08 19:34:00,077 [pool-213-thread-1] INFO  server.RaftServerConfigKeys (ConfUtils.java:logGet(46)) - raft.server.rpc.timeout.max = 5200ms (custom)
2022-06-08 19:34:00,077 [pool-213-thread-1] INFO  server.RaftServerConfigKeys (ConfUtils.java:logGet(46)) - raft.server.rpc.sleep.time = 25ms (default)
2022-06-08 19:34:00,077 [pool-213-thread-1] INFO  server.RaftServerConfigKeys (ConfUtils.java:logGet(46)) - raft.server.rpc.slowness.timeout = 300s (custom)
2022-06-08 19:34:00,077 [pool-213-thread-1] INFO  server.RaftServerConfigKeys (ConfUtils.java:logGet(46)) - raft.server.leaderelection.leader.step-down.wait-time = 10s (default)
2022-06-08 19:34:00,077 [pool-213-thread-1] INFO  server.RaftServerConfigKeys (ConfUtils.java:logGet(46)) - raft.server.sleep.deviation.threshold = 300ms (default)
2022-06-08 19:34:00,077 [pool-213-thread-1] INFO  server.RaftServer$Division (ServerState.java:<init>(107)) - f600cccb-c69c-4e5d-9bb2-bde895ce90eb@group-B810B796FD8E: ConfigurationManager, init=-1: [f600cccb-c69c-4e5d-9bb2-bde895ce90eb|rpc:127.0.0.1:46271|priority:1], old=null, confs=<EMPTY_MAP>
2022-06-08 19:34:00,077 [pool-213-thread-1] INFO  server.RaftServerConfigKeys (ConfUtils.java:logGet(46)) - raft.server.storage.dir = [/home/runner/work/ozone/ozone/hadoop-ozone/integration-test/target/test-dir/MiniOzoneClusterImpl-6ca4cc63-2561-4277-bbe7-e6e454dc87c0/datanode-1/data/ratis] (custom)
2022-06-08 19:34:00,077 [pool-213-thread-1] INFO  server.RaftServerConfigKeys (ConfUtils.java:logGet(46)) - raft.server.log.corruption.policy = EXCEPTION (default)
2022-06-08 19:34:00,078 [pool-213-thread-1] INFO  server.RaftServerConfigKeys (ConfUtils.java:logGet(46)) - raft.server.storage.free-space.min = 0MB (=0) (default)
2022-06-08 19:34:00,078 [pool-213-thread-1] INFO  storage.RaftStorageDirectory (RaftStorageDirectoryImpl.java:analyzeStorage(135)) - The storage directory /home/runner/work/ozone/ozone/hadoop-ozone/integration-test/target/test-dir/MiniOzoneClusterImpl-6ca4cc63-2561-4277-bbe7-e6e454dc87c0/datanode-1/data/ratis/f72d408b-2869-49f8-afea-b810b796fd8e does not exist. Creating ...
2022-06-08 19:34:00,078 [pool-189-thread-1] INFO  server.RaftServerConfigKeys (ConfUtils.java:logGet(46)) - raft.server.log.write.buffer.size = 1048576 (custom)
2022-06-08 19:34:00,079 [pool-189-thread-1] INFO  server.RaftServerConfigKeys (ConfUtils.java:logGet(46)) - raft.server.log.unsafe-flush.enabled = false (default)
2022-06-08 19:34:00,079 [pool-189-thread-1] INFO  server.RaftServerConfigKeys (ConfUtils.java:logGet(46)) - raft.server.log.statemachine.data.caching.enabled = true (custom)
2022-06-08 19:34:00,079 [pool-189-thread-1] INFO  segmented.SegmentedRaftLogWorker (SegmentedRaftLogWorker.java:lambda$new$0(135)) - b2f71e74-b885-4a74-acef-2f4d6b72015d@group-347FF21BF0E9-SegmentedRaftLogWorker: flushIndex: setUnconditionally 0 -> -1
2022-06-08 19:34:00,079 [pool-189-thread-1] INFO  segmented.SegmentedRaftLogWorker (SegmentedRaftLogWorker.java:lambda$new$0(135)) - b2f71e74-b885-4a74-acef-2f4d6b72015d@group-347FF21BF0E9-SegmentedRaftLogWorker: safeCacheEvictIndex: setUnconditionally 0 -> -1
2022-06-08 19:34:00,082 [EventQueue-OpenPipelineForHealthyPipelineSafeModeRule] INFO  safemode.SCMSafeModeManager (HealthyPipelineSafeModeRule.java:process(124)) - SCM in safe mode. Healthy pipelines reported count is 0, required healthy pipeline reported count is 1
2022-06-08 19:34:00,082 [pool-213-thread-1] INFO  storage.RaftStorageDirectory (RaftStorageDirectoryImpl.java:tryLock(230)) - Lock on /home/runner/work/ozone/ozone/hadoop-ozone/integration-test/target/test-dir/MiniOzoneClusterImpl-6ca4cc63-2561-4277-bbe7-e6e454dc87c0/datanode-1/data/ratis/f72d408b-2869-49f8-afea-b810b796fd8e/in_use.lock acquired by nodename 20560@fv-az243-689
2022-06-08 19:34:00,082 [pool-189-thread-1] INFO  server.RaftServerConfigKeys (ConfUtils.java:logGet(46)) - raft.server.snapshot.auto.trigger.enabled = true (custom)
2022-06-08 19:34:00,082 [pool-189-thread-1] INFO  server.RaftServerConfigKeys (ConfUtils.java:logGet(46)) - raft.server.snapshot.auto.trigger.threshold = 10000 (custom)
2022-06-08 19:34:00,082 [pool-189-thread-1] INFO  server.RaftServerConfigKeys (ConfUtils.java:logGet(46)) - raft.server.snapshot.retention.file.num = 5 (custom)
2022-06-08 19:34:00,082 [pool-189-thread-1] INFO  server.RaftServerConfigKeys (ConfUtils.java:logGet(46)) - raft.server.log.purge.upto.snapshot.index = false (default)
2022-06-08 19:34:00,082 [pool-189-thread-1] INFO  server.RaftServerConfigKeys (ConfUtils.java:logGet(46)) - raft.server.retrycache.expirytime = 600000ms (custom)
2022-06-08 19:34:00,083 [pool-189-thread-1] INFO  server.RaftServerConfigKeys (ConfUtils.java:logGet(46)) - raft.server.retrycache.statistics.expirytime = 100μs (default)
2022-06-08 19:34:00,083 [pool-213-thread-1] INFO  storage.RaftStorage (RaftStorageImpl.java:format(89)) - Storage directory /home/runner/work/ozone/ozone/hadoop-ozone/integration-test/target/test-dir/MiniOzoneClusterImpl-6ca4cc63-2561-4277-bbe7-e6e454dc87c0/datanode-1/data/ratis/f72d408b-2869-49f8-afea-b810b796fd8e has been successfully formatted.
2022-06-08 19:34:00,084 [pool-213-thread-1] INFO  ratis.ContainerStateMachine (ContainerStateMachine.java:loadSnapshot(236)) - group-B810B796FD8E: The snapshot info is null. Setting the last applied indexto:(t:0, i:~)
2022-06-08 19:34:00,084 [pool-189-thread-1] INFO  server.RaftServerConfigKeys (ConfUtils.java:logGet(46)) - raft.server.log.appender.install.snapshot.enabled = false (custom)
2022-06-08 19:34:00,084 [pool-213-thread-1] INFO  server.RaftServerConfigKeys (ConfUtils.java:logGet(46)) - raft.server.notification.no-leader.timeout = 300s (custom)
2022-06-08 19:34:00,084 [pool-189-thread-1] INFO  server.RaftServerConfigKeys (ConfUtils.java:logGet(46)) - raft.server.threadpool.server.cached = true (default)
2022-06-08 19:34:00,084 [pool-189-thread-1] INFO  server.RaftServerConfigKeys (ConfUtils.java:logGet(46)) - raft.server.threadpool.server.size = 0 (default)
2022-06-08 19:34:00,084 [pool-189-thread-1] INFO  server.RaftServerConfigKeys (ConfUtils.java:logGet(46)) - raft.server.threadpool.client.cached = true (default)
2022-06-08 19:34:00,084 [pool-189-thread-1] INFO  server.RaftServerConfigKeys (ConfUtils.java:logGet(46)) - raft.server.threadpool.client.size = 0 (default)
2022-06-08 19:34:00,084 [pool-189-thread-1] INFO  server.RaftServer$Division (RaftServerImpl.java:start(310)) - b2f71e74-b885-4a74-acef-2f4d6b72015d@group-347FF21BF0E9: start as a follower, conf=-1: [f600cccb-c69c-4e5d-9bb2-bde895ce90eb|rpc:127.0.0.1:46271|priority:0, b2f71e74-b885-4a74-acef-2f4d6b72015d|rpc:127.0.0.1:43737|priority:0, 3c8f8348-5b45-4285-ac9e-7c9778a12270|rpc:127.0.0.1:44683|priority:1], old=null
2022-06-08 19:34:00,084 [pool-189-thread-1] INFO  server.RaftServer$Division (RaftServerImpl.java:setRole(299)) - b2f71e74-b885-4a74-acef-2f4d6b72015d@group-347FF21BF0E9: changes role from      null to FOLLOWER at term 0 for startAsFollower
2022-06-08 19:34:00,084 [pool-189-thread-1] INFO  impl.RoleInfo (RoleInfo.java:updateAndGet(139)) - b2f71e74-b885-4a74-acef-2f4d6b72015d: start b2f71e74-b885-4a74-acef-2f4d6b72015d@group-347FF21BF0E9-FollowerState
2022-06-08 19:34:00,086 [EventQueue-PipelineReportForPipelineReportHandler] INFO  pipeline.PipelineManagerImpl (PipelineManagerImpl.java:openPipeline(356)) - Pipeline Pipeline[ Id: f72d408b-2869-49f8-afea-b810b796fd8e, Nodes: f600cccb-c69c-4e5d-9bb2-bde895ce90eb{ip: 127.0.0.1, host: localhost, ports: [REPLICATION=44721, RATIS=46271, RATIS_ADMIN=46271, RATIS_SERVER=46271, STANDALONE=43145], networkLocation: /default-rack, certSerialId: null, persistedOpState: IN_SERVICE, persistedOpStateExpiryEpochSec: 0}, ReplicationConfig: RATIS/ONE, State:ALLOCATED, leaderId:f600cccb-c69c-4e5d-9bb2-bde895ce90eb, CreationTimestamp2022-06-08T19:33:57.088Z[Etc/UTC]] moved to OPEN state
2022-06-08 19:34:00,084 [pool-213-thread-1] INFO  server.RaftServerConfigKeys (ConfUtils.java:logGet(46)) - raft.server.log.use.memory = false (default)
2022-06-08 19:34:00,087 [pool-213-thread-1] INFO  server.RaftServerConfigKeys (ConfUtils.java:logGet(46)) - raft.server.log.purge.gap = 1000000 (custom)
2022-06-08 19:34:00,087 [pool-213-thread-1] INFO  server.RaftServerConfigKeys (ConfUtils.java:logGet(46)) - raft.server.log.appender.buffer.byte-limit = 33554432 (custom)
2022-06-08 19:34:00,087 [pool-213-thread-1] INFO  server.RaftServerConfigKeys (ConfUtils.java:logGet(46)) - raft.server.log.statemachine.data.read.timeout = 1000ms (default)
2022-06-08 19:34:00,086 [EventQueue-PipelineReportForPipelineReportHandler] INFO  pipeline.PipelineManagerImpl (PipelineManagerImpl.java:openPipeline(356)) - Pipeline Pipeline[ Id: f72d408b-2869-49f8-afea-b810b796fd8e, Nodes: f600cccb-c69c-4e5d-9bb2-bde895ce90eb{ip: 127.0.0.1, host: localhost, ports: [REPLICATION=44721, RATIS=46271, RATIS_ADMIN=46271, RATIS_SERVER=46271, STANDALONE=43145], networkLocation: /default-rack, certSerialId: null, persistedOpState: IN_SERVICE, persistedOpStateExpiryEpochSec: 0}, ReplicationConfig: RATIS/ONE, State:ALLOCATED, leaderId:f600cccb-c69c-4e5d-9bb2-bde895ce90eb, CreationTimestamp2022-06-08T19:33:57.088Z[Etc/UTC]] moved to OPEN state
2022-06-08 19:34:00,088 [EventQueue-PipelineReportForPipelineReportHandler] INFO  pipeline.PipelineManagerImpl (PipelineManagerImpl.java:openPipeline(356)) - Pipeline Pipeline[ Id: f72d408b-2869-49f8-afea-b810b796fd8e, Nodes: f600cccb-c69c-4e5d-9bb2-bde895ce90eb{ip: 127.0.0.1, host: localhost, ports: [REPLICATION=44721, RATIS=46271, RATIS_ADMIN=46271, RATIS_SERVER=46271, STANDALONE=43145], networkLocation: /default-rack, certSerialId: null, persistedOpState: IN_SERVICE, persistedOpStateExpiryEpochSec: 0}, ReplicationConfig: RATIS/ONE, State:ALLOCATED, leaderId:f600cccb-c69c-4e5d-9bb2-bde895ce90eb, CreationTimestamp2022-06-08T19:33:57.088Z[Etc/UTC]] moved to OPEN state
2022-06-08 19:34:00,089 [pool-189-thread-1] INFO  util.JmxRegister (JmxRegister.java:tryRegister(44)) - Successfully registered JMX Bean with object name Ratis:service=RaftServer,group=group-347FF21BF0E9,id=b2f71e74-b885-4a74-acef-2f4d6b72015d
2022-06-08 19:34:00,088 [pool-213-thread-1] INFO  server.RaftServerConfigKeys (ConfUtils.java:logGet(46)) - raft.server.log.segment.size.max = 1048576 (custom)
2022-06-08 19:34:00,090 [pool-213-thread-1] INFO  server.RaftServerConfigKeys (ConfUtils.java:logGet(46)) - raft.server.log.segment.cache.num.max = 2 (custom)
2022-06-08 19:34:00,090 [pool-213-thread-1] INFO  server.RaftServerConfigKeys (ConfUtils.java:logGet(46)) - raft.server.log.segment.cache.size.max = 200MB (=209715200) (default)
2022-06-08 19:34:00,090 [pool-213-thread-1] INFO  segmented.SegmentedRaftLogWorker (SegmentedRaftLogWorker.java:<init>(187)) - new f600cccb-c69c-4e5d-9bb2-bde895ce90eb@group-B810B796FD8E-SegmentedRaftLogWorker for RaftStorageImpl:Storage Directory /home/runner/work/ozone/ozone/hadoop-ozone/integration-test/target/test-dir/MiniOzoneClusterImpl-6ca4cc63-2561-4277-bbe7-e6e454dc87c0/datanode-1/data/ratis/f72d408b-2869-49f8-afea-b810b796fd8e
2022-06-08 19:34:00,090 [pool-213-thread-1] INFO  server.RaftServerConfigKeys (ConfUtils.java:logGet(46)) - raft.server.log.queue.byte-limit = 4294967296 (custom)
2022-06-08 19:34:00,091 [pool-213-thread-1] INFO  server.RaftServerConfigKeys (ConfUtils.java:logGet(46)) - raft.server.log.queue.element-limit = 1024 (custom)
2022-06-08 19:34:00,091 [pool-213-thread-1] INFO  server.RaftServerConfigKeys (ConfUtils.java:logGet(46)) - raft.server.log.segment.size.max = 1048576 (custom)
2022-06-08 19:34:00,091 [pool-213-thread-1] INFO  server.RaftServerConfigKeys (ConfUtils.java:logGet(46)) - raft.server.log.preallocated.size = 16384 (custom)
2022-06-08 19:34:00,091 [pool-213-thread-1] INFO  server.RaftServerConfigKeys (ConfUtils.java:logGet(46)) - raft.server.log.force.sync.num = 128 (default)
2022-06-08 19:34:00,092 [pool-213-thread-1] INFO  server.RaftServerConfigKeys (ConfUtils.java:logGet(46)) - raft.server.log.statemachine.data.sync = true (default)
2022-06-08 19:34:00,092 [pool-213-thread-1] INFO  server.RaftServerConfigKeys (ConfUtils.java:logGet(46)) - raft.server.log.statemachine.data.sync.timeout = 10s (default)
2022-06-08 19:34:00,092 [pool-213-thread-1] INFO  server.RaftServerConfigKeys (ConfUtils.java:logGet(46)) - raft.server.log.statemachine.data.sync.timeout.retry = -1 (default)
2022-06-08 19:34:00,095 [Command processor thread] INFO  ratis.XceiverServerRatis (XceiverServerRatis.java:addGroup(765)) - Created group PipelineID=19d21720-15a2-4f77-a178-347ff21bf0e9
2022-06-08 19:34:00,095 [pool-213-thread-1] INFO  server.RaftServerConfigKeys (ConfUtils.java:logGet(46)) - raft.server.log.write.buffer.size = 1048576 (custom)
2022-06-08 19:34:00,096 [pool-213-thread-1] INFO  server.RaftServerConfigKeys (ConfUtils.java:logGet(46)) - raft.server.log.unsafe-flush.enabled = false (default)
2022-06-08 19:34:00,096 [pool-213-thread-1] INFO  server.RaftServerConfigKeys (ConfUtils.java:logGet(46)) - raft.server.log.statemachine.data.caching.enabled = true (custom)
2022-06-08 19:34:00,096 [pool-213-thread-1] INFO  segmented.SegmentedRaftLogWorker (SegmentedRaftLogWorker.java:lambda$new$0(135)) - f600cccb-c69c-4e5d-9bb2-bde895ce90eb@group-B810B796FD8E-SegmentedRaftLogWorker: flushIndex: setUnconditionally 0 -> -1
2022-06-08 19:34:00,096 [pool-213-thread-1] INFO  segmented.SegmentedRaftLogWorker (SegmentedRaftLogWorker.java:lambda$new$0(135)) - f600cccb-c69c-4e5d-9bb2-bde895ce90eb@group-B810B796FD8E-SegmentedRaftLogWorker: safeCacheEvictIndex: setUnconditionally 0 -> -1
2022-06-08 19:34:00,100 [pool-213-thread-1] INFO  server.RaftServerConfigKeys (ConfUtils.java:logGet(46)) - raft.server.snapshot.auto.trigger.enabled = true (custom)
2022-06-08 19:34:00,100 [pool-213-thread-1] INFO  server.RaftServerConfigKeys (ConfUtils.java:logGet(46)) - raft.server.snapshot.auto.trigger.threshold = 10000 (custom)
2022-06-08 19:34:00,100 [pool-213-thread-1] INFO  server.RaftServerConfigKeys (ConfUtils.java:logGet(46)) - raft.server.snapshot.retention.file.num = 5 (custom)
2022-06-08 19:34:00,100 [pool-213-thread-1] INFO  server.RaftServerConfigKeys (ConfUtils.java:logGet(46)) - raft.server.log.purge.upto.snapshot.index = false (default)
2022-06-08 19:34:00,100 [pool-213-thread-1] INFO  server.RaftServerConfigKeys (ConfUtils.java:logGet(46)) - raft.server.retrycache.expirytime = 600000ms (custom)
2022-06-08 19:34:00,100 [pool-213-thread-1] INFO  server.RaftServerConfigKeys (ConfUtils.java:logGet(46)) - raft.server.retrycache.statistics.expirytime = 100μs (default)
2022-06-08 19:34:00,101 [pool-213-thread-1] INFO  server.RaftServerConfigKeys (ConfUtils.java:logGet(46)) - raft.server.log.appender.install.snapshot.enabled = false (custom)
2022-06-08 19:34:00,101 [pool-213-thread-1] INFO  server.RaftServerConfigKeys (ConfUtils.java:logGet(46)) - raft.server.threadpool.server.cached = true (default)
2022-06-08 19:34:00,101 [pool-213-thread-1] INFO  server.RaftServerConfigKeys (ConfUtils.java:logGet(46)) - raft.server.threadpool.server.size = 0 (default)
2022-06-08 19:34:00,101 [pool-213-thread-1] INFO  server.RaftServerConfigKeys (ConfUtils.java:logGet(46)) - raft.server.threadpool.client.cached = true (default)
2022-06-08 19:34:00,102 [pool-213-thread-1] INFO  server.RaftServerConfigKeys (ConfUtils.java:logGet(46)) - raft.server.threadpool.client.size = 0 (default)
2022-06-08 19:34:00,102 [pool-213-thread-1] INFO  server.RaftServer$Division (RaftServerImpl.java:start(310)) - f600cccb-c69c-4e5d-9bb2-bde895ce90eb@group-B810B796FD8E: start as a follower, conf=-1: [f600cccb-c69c-4e5d-9bb2-bde895ce90eb|rpc:127.0.0.1:46271|priority:1], old=null
2022-06-08 19:34:00,102 [pool-213-thread-1] INFO  server.RaftServer$Division (RaftServerImpl.java:setRole(299)) - f600cccb-c69c-4e5d-9bb2-bde895ce90eb@group-B810B796FD8E: changes role from      null to FOLLOWER at term 0 for startAsFollower
2022-06-08 19:34:00,113 [2307c498-167f-43d9-87ae-3379131d0636@group-E6E454DC87C0-StateMachineUpdater] INFO  safemode.HealthyPipelineSafeModeRule (HealthyPipelineSafeModeRule.java:initializeRule(152)) - Refreshed total pipeline count is 0, healthy pipeline threshold count is 1
2022-06-08 19:34:00,113 [EventQueue-OpenPipelineForHealthyPipelineSafeModeRule] INFO  safemode.SCMSafeModeManager (HealthyPipelineSafeModeRule.java:process(124)) - SCM in safe mode. Healthy pipelines reported count is 0, required healthy pipeline reported count is 1
2022-06-08 19:34:00,117 [pool-213-thread-1] INFO  impl.RoleInfo (RoleInfo.java:updateAndGet(139)) - f600cccb-c69c-4e5d-9bb2-bde895ce90eb: start f600cccb-c69c-4e5d-9bb2-bde895ce90eb@group-B810B796FD8E-FollowerState
2022-06-08 19:34:00,121 [pool-213-thread-1] INFO  util.JmxRegister (JmxRegister.java:tryRegister(44)) - Successfully registered JMX Bean with object name Ratis:service=RaftServer,group=group-B810B796FD8E,id=f600cccb-c69c-4e5d-9bb2-bde895ce90eb
2022-06-08 19:34:00,125 [Command processor thread] INFO  ratis.XceiverServerRatis (XceiverServerRatis.java:addGroup(765)) - Created group PipelineID=f72d408b-2869-49f8-afea-b810b796fd8e
2022-06-08 19:34:00,128 [0562147d-7bbf-459c-a71c-460e63cf1b3c@group-E6E454DC87C0-StateMachineUpdater] INFO  safemode.HealthyPipelineSafeModeRule (HealthyPipelineSafeModeRule.java:initializeRule(152)) - Refreshed total pipeline count is 0, healthy pipeline threshold count is 1
2022-06-08 19:34:00,125 [Command processor thread] INFO  commandhandler.CreatePipelineCommandHandler (CreatePipelineCommandHandler.java:handle(113)) - Created Pipeline RATIS ONE PipelineID=f72d408b-2869-49f8-afea-b810b796fd8e.
2022-06-08 19:34:00,131 [grpc-default-executor-3] INFO  server.RaftServer (RaftServerProxy.java:addNew(96)) - 3c8f8348-5b45-4285-ac9e-7c9778a12270: addNew group-347FF21BF0E9:[f600cccb-c69c-4e5d-9bb2-bde895ce90eb|rpc:127.0.0.1:46271|dataStream:|priority:0, b2f71e74-b885-4a74-acef-2f4d6b72015d|rpc:127.0.0.1:43737|dataStream:|priority:0, 3c8f8348-5b45-4285-ac9e-7c9778a12270|rpc:127.0.0.1:44683|dataStream:|priority:1] returns group-347FF21BF0E9:java.util.concurrent.CompletableFuture@ba3f2ff[Not completed]
2022-06-08 19:34:00,133 [pool-213-thread-1] INFO  server.RaftServer$Division (RaftServerImpl.java:<init>(190)) - f600cccb-c69c-4e5d-9bb2-bde895ce90eb: new RaftServerImpl for group-347FF21BF0E9:[f600cccb-c69c-4e5d-9bb2-bde895ce90eb|rpc:127.0.0.1:46271|priority:0, b2f71e74-b885-4a74-acef-2f4d6b72015d|rpc:127.0.0.1:43737|priority:0, 3c8f8348-5b45-4285-ac9e-7c9778a12270|rpc:127.0.0.1:44683|priority:1] with ContainerStateMachine:uninitialized
2022-06-08 19:34:00,133 [pool-213-thread-1] INFO  server.RaftServerConfigKeys (ConfUtils.java:logGet(46)) - raft.server.rpc.timeout.min = 5s (custom)
2022-06-08 19:34:00,133 [pool-213-thread-1] INFO  server.RaftServerConfigKeys (ConfUtils.java:logGet(46)) - raft.server.rpc.timeout.max = 5200ms (custom)
2022-06-08 19:34:00,133 [pool-213-thread-1] INFO  server.RaftServerConfigKeys (ConfUtils.java:logGet(46)) - raft.server.rpc.sleep.time = 25ms (default)
2022-06-08 19:34:00,133 [pool-213-thread-1] INFO  server.RaftServerConfigKeys (ConfUtils.java:logGet(46)) - raft.server.rpc.slowness.timeout = 300s (custom)
2022-06-08 19:34:00,133 [pool-213-thread-1] INFO  server.RaftServerConfigKeys (ConfUtils.java:logGet(46)) - raft.server.leaderelection.leader.step-down.wait-time = 10s (default)
2022-06-08 19:34:00,133 [pool-213-thread-1] INFO  server.RaftServerConfigKeys (ConfUtils.java:logGet(46)) - raft.server.sleep.deviation.threshold = 300ms (default)
2022-06-08 19:34:00,133 [pool-213-thread-1] INFO  server.RaftServer$Division (ServerState.java:<init>(107)) - f600cccb-c69c-4e5d-9bb2-bde895ce90eb@group-347FF21BF0E9: ConfigurationManager, init=-1: [f600cccb-c69c-4e5d-9bb2-bde895ce90eb|rpc:127.0.0.1:46271|priority:0, b2f71e74-b885-4a74-acef-2f4d6b72015d|rpc:127.0.0.1:43737|priority:0, 3c8f8348-5b45-4285-ac9e-7c9778a12270|rpc:127.0.0.1:44683|priority:1], old=null, confs=<EMPTY_MAP>
2022-06-08 19:34:00,133 [pool-213-thread-1] INFO  server.RaftServerConfigKeys (ConfUtils.java:logGet(46)) - raft.server.storage.dir = [/home/runner/work/ozone/ozone/hadoop-ozone/integration-test/target/test-dir/MiniOzoneClusterImpl-6ca4cc63-2561-4277-bbe7-e6e454dc87c0/datanode-1/data/ratis] (custom)
2022-06-08 19:34:00,134 [pool-213-thread-1] INFO  server.RaftServerConfigKeys (ConfUtils.java:logGet(46)) - raft.server.log.corruption.policy = EXCEPTION (default)
2022-06-08 19:34:00,134 [pool-213-thread-1] INFO  server.RaftServerConfigKeys (ConfUtils.java:logGet(46)) - raft.server.storage.free-space.min = 0MB (=0) (default)
2022-06-08 19:34:00,134 [pool-213-thread-1] INFO  storage.RaftStorageDirectory (RaftStorageDirectoryImpl.java:analyzeStorage(135)) - The storage directory /home/runner/work/ozone/ozone/hadoop-ozone/integration-test/target/test-dir/MiniOzoneClusterImpl-6ca4cc63-2561-4277-bbe7-e6e454dc87c0/datanode-1/data/ratis/19d21720-15a2-4f77-a178-347ff21bf0e9 does not exist. Creating ...
2022-06-08 19:34:00,131 [Command processor thread] INFO  server.RaftServer (RaftServerProxy.java:addNew(96)) - f600cccb-c69c-4e5d-9bb2-bde895ce90eb: addNew group-347FF21BF0E9:[f600cccb-c69c-4e5d-9bb2-bde895ce90eb|rpc:127.0.0.1:46271|priority:0, b2f71e74-b885-4a74-acef-2f4d6b72015d|rpc:127.0.0.1:43737|priority:0, 3c8f8348-5b45-4285-ac9e-7c9778a12270|rpc:127.0.0.1:44683|priority:1] returns group-347FF21BF0E9:java.util.concurrent.CompletableFuture@2243b544[Not completed]
2022-06-08 19:34:00,133 [pool-237-thread-1] INFO  server.RaftServer$Division (RaftServerImpl.java:<init>(190)) - 3c8f8348-5b45-4285-ac9e-7c9778a12270: new RaftServerImpl for group-347FF21BF0E9:[f600cccb-c69c-4e5d-9bb2-bde895ce90eb|rpc:127.0.0.1:46271|dataStream:|priority:0, b2f71e74-b885-4a74-acef-2f4d6b72015d|rpc:127.0.0.1:43737|dataStream:|priority:0, 3c8f8348-5b45-4285-ac9e-7c9778a12270|rpc:127.0.0.1:44683|dataStream:|priority:1] with ContainerStateMachine:uninitialized
2022-06-08 19:34:00,134 [pool-237-thread-1] INFO  server.RaftServerConfigKeys (ConfUtils.java:logGet(46)) - raft.server.rpc.timeout.min = 5s (custom)
2022-06-08 19:34:00,134 [pool-237-thread-1] INFO  server.RaftServerConfigKeys (ConfUtils.java:logGet(46)) - raft.server.rpc.timeout.max = 5200ms (custom)
2022-06-08 19:34:00,134 [pool-237-thread-1] INFO  server.RaftServerConfigKeys (ConfUtils.java:logGet(46)) - raft.server.rpc.sleep.time = 25ms (default)
2022-06-08 19:34:00,134 [pool-237-thread-1] INFO  server.RaftServerConfigKeys (ConfUtils.java:logGet(46)) - raft.server.rpc.slowness.timeout = 300s (custom)
2022-06-08 19:34:00,134 [pool-237-thread-1] INFO  server.RaftServerConfigKeys (ConfUtils.java:logGet(46)) - raft.server.leaderelection.leader.step-down.wait-time = 10s (default)
2022-06-08 19:34:00,134 [pool-237-thread-1] INFO  server.RaftServerConfigKeys (ConfUtils.java:logGet(46)) - raft.server.sleep.deviation.threshold = 300ms (default)
2022-06-08 19:34:00,135 [pool-237-thread-1] INFO  server.RaftServer$Division (ServerState.java:<init>(107)) - 3c8f8348-5b45-4285-ac9e-7c9778a12270@group-347FF21BF0E9: ConfigurationManager, init=-1: [f600cccb-c69c-4e5d-9bb2-bde895ce90eb|rpc:127.0.0.1:46271|dataStream:|priority:0, b2f71e74-b885-4a74-acef-2f4d6b72015d|rpc:127.0.0.1:43737|dataStream:|priority:0, 3c8f8348-5b45-4285-ac9e-7c9778a12270|rpc:127.0.0.1:44683|dataStream:|priority:1], old=null, confs=<EMPTY_MAP>
2022-06-08 19:34:00,135 [pool-237-thread-1] INFO  server.RaftServerConfigKeys (ConfUtils.java:logGet(46)) - raft.server.storage.dir = [/home/runner/work/ozone/ozone/hadoop-ozone/integration-test/target/test-dir/MiniOzoneClusterImpl-6ca4cc63-2561-4277-bbe7-e6e454dc87c0/datanode-2/data/ratis] (custom)
2022-06-08 19:34:00,135 [pool-237-thread-1] INFO  server.RaftServerConfigKeys (ConfUtils.java:logGet(46)) - raft.server.log.corruption.policy = EXCEPTION (default)
2022-06-08 19:34:00,135 [pool-237-thread-1] INFO  server.RaftServerConfigKeys (ConfUtils.java:logGet(46)) - raft.server.storage.free-space.min = 0MB (=0) (default)
2022-06-08 19:34:00,135 [pool-237-thread-1] INFO  storage.RaftStorageDirectory (RaftStorageDirectoryImpl.java:analyzeStorage(135)) - The storage directory /home/runner/work/ozone/ozone/hadoop-ozone/integration-test/target/test-dir/MiniOzoneClusterImpl-6ca4cc63-2561-4277-bbe7-e6e454dc87c0/datanode-2/data/ratis/19d21720-15a2-4f77-a178-347ff21bf0e9 does not exist. Creating ...
2022-06-08 19:34:00,139 [21888257-2f66-47c2-9c1a-f9078c9f78d9@group-E6E454DC87C0-StateMachineUpdater] INFO  safemode.HealthyPipelineSafeModeRule (HealthyPipelineSafeModeRule.java:initializeRule(152)) - Refreshed total pipeline count is 0, healthy pipeline threshold count is 1
2022-06-08 19:34:00,139 [pool-237-thread-1] INFO  storage.RaftStorageDirectory (RaftStorageDirectoryImpl.java:tryLock(230)) - Lock on /home/runner/work/ozone/ozone/hadoop-ozone/integration-test/target/test-dir/MiniOzoneClusterImpl-6ca4cc63-2561-4277-bbe7-e6e454dc87c0/datanode-2/data/ratis/19d21720-15a2-4f77-a178-347ff21bf0e9/in_use.lock acquired by nodename 20560@fv-az243-689
2022-06-08 19:34:00,140 [pool-213-thread-1] INFO  storage.RaftStorageDirectory (RaftStorageDirectoryImpl.java:tryLock(230)) - Lock on /home/runner/work/ozone/ozone/hadoop-ozone/integration-test/target/test-dir/MiniOzoneClusterImpl-6ca4cc63-2561-4277-bbe7-e6e454dc87c0/datanode-1/data/ratis/19d21720-15a2-4f77-a178-347ff21bf0e9/in_use.lock acquired by nodename 20560@fv-az243-689
2022-06-08 19:34:00,144 [pool-237-thread-1] INFO  storage.RaftStorage (RaftStorageImpl.java:format(89)) - Storage directory /home/runner/work/ozone/ozone/hadoop-ozone/integration-test/target/test-dir/MiniOzoneClusterImpl-6ca4cc63-2561-4277-bbe7-e6e454dc87c0/datanode-2/data/ratis/19d21720-15a2-4f77-a178-347ff21bf0e9 has been successfully formatted.
2022-06-08 19:34:00,144 [pool-237-thread-1] INFO  ratis.ContainerStateMachine (ContainerStateMachine.java:loadSnapshot(236)) - group-347FF21BF0E9: The snapshot info is null. Setting the last applied indexto:(t:0, i:~)
2022-06-08 19:34:00,145 [pool-237-thread-1] INFO  server.RaftServerConfigKeys (ConfUtils.java:logGet(46)) - raft.server.notification.no-leader.timeout = 300s (custom)
2022-06-08 19:34:00,145 [pool-237-thread-1] INFO  server.RaftServerConfigKeys (ConfUtils.java:logGet(46)) - raft.server.log.use.memory = false (default)
2022-06-08 19:34:00,145 [pool-237-thread-1] INFO  server.RaftServerConfigKeys (ConfUtils.java:logGet(46)) - raft.server.log.purge.gap = 1000000 (custom)
2022-06-08 19:34:00,145 [pool-237-thread-1] INFO  server.RaftServerConfigKeys (ConfUtils.java:logGet(46)) - raft.server.log.appender.buffer.byte-limit = 33554432 (custom)
2022-06-08 19:34:00,145 [pool-237-thread-1] INFO  server.RaftServerConfigKeys (ConfUtils.java:logGet(46)) - raft.server.log.statemachine.data.read.timeout = 1000ms (default)
2022-06-08 19:34:00,145 [pool-237-thread-1] INFO  server.RaftServerConfigKeys (ConfUtils.java:logGet(46)) - raft.server.log.segment.size.max = 1048576 (custom)
2022-06-08 19:34:00,145 [pool-213-thread-1] INFO  storage.RaftStorage (RaftStorageImpl.java:format(89)) - Storage directory /home/runner/work/ozone/ozone/hadoop-ozone/integration-test/target/test-dir/MiniOzoneClusterImpl-6ca4cc63-2561-4277-bbe7-e6e454dc87c0/datanode-1/data/ratis/19d21720-15a2-4f77-a178-347ff21bf0e9 has been successfully formatted.
2022-06-08 19:34:00,146 [pool-213-thread-1] INFO  ratis.ContainerStateMachine (ContainerStateMachine.java:loadSnapshot(236)) - group-347FF21BF0E9: The snapshot info is null. Setting the last applied indexto:(t:0, i:~)
2022-06-08 19:34:00,146 [pool-213-thread-1] INFO  server.RaftServerConfigKeys (ConfUtils.java:logGet(46)) - raft.server.notification.no-leader.timeout = 300s (custom)
2022-06-08 19:34:00,146 [pool-213-thread-1] INFO  server.RaftServerConfigKeys (ConfUtils.java:logGet(46)) - raft.server.log.use.memory = false (default)
2022-06-08 19:34:00,146 [pool-213-thread-1] INFO  server.RaftServerConfigKeys (ConfUtils.java:logGet(46)) - raft.server.log.purge.gap = 1000000 (custom)
2022-06-08 19:34:00,147 [pool-213-thread-1] INFO  server.RaftServerConfigKeys (ConfUtils.java:logGet(46)) - raft.server.log.appender.buffer.byte-limit = 33554432 (custom)
2022-06-08 19:34:00,148 [pool-213-thread-1] INFO  server.RaftServerConfigKeys (ConfUtils.java:logGet(46)) - raft.server.log.statemachine.data.read.timeout = 1000ms (default)
2022-06-08 19:34:00,148 [pool-213-thread-1] INFO  server.RaftServerConfigKeys (ConfUtils.java:logGet(46)) - raft.server.log.segment.size.max = 1048576 (custom)
2022-06-08 19:34:00,148 [pool-213-thread-1] INFO  server.RaftServerConfigKeys (ConfUtils.java:logGet(46)) - raft.server.log.segment.cache.num.max = 2 (custom)
2022-06-08 19:34:00,148 [pool-213-thread-1] INFO  server.RaftServerConfigKeys (ConfUtils.java:logGet(46)) - raft.server.log.segment.cache.size.max = 200MB (=209715200) (default)
2022-06-08 19:34:00,148 [pool-237-thread-1] INFO  server.RaftServerConfigKeys (ConfUtils.java:logGet(46)) - raft.server.log.segment.cache.num.max = 2 (custom)
2022-06-08 19:34:00,148 [pool-237-thread-1] INFO  server.RaftServerConfigKeys (ConfUtils.java:logGet(46)) - raft.server.log.segment.cache.size.max = 200MB (=209715200) (default)
2022-06-08 19:34:00,148 [pool-237-thread-1] INFO  segmented.SegmentedRaftLogWorker (SegmentedRaftLogWorker.java:<init>(187)) - new 3c8f8348-5b45-4285-ac9e-7c9778a12270@group-347FF21BF0E9-SegmentedRaftLogWorker for RaftStorageImpl:Storage Directory /home/runner/work/ozone/ozone/hadoop-ozone/integration-test/target/test-dir/MiniOzoneClusterImpl-6ca4cc63-2561-4277-bbe7-e6e454dc87c0/datanode-2/data/ratis/19d21720-15a2-4f77-a178-347ff21bf0e9
2022-06-08 19:34:00,149 [pool-237-thread-1] INFO  server.RaftServerConfigKeys (ConfUtils.java:logGet(46)) - raft.server.log.queue.byte-limit = 4294967296 (custom)
2022-06-08 19:34:00,150 [EventQueue-OpenPipelineForHealthyPipelineSafeModeRule] INFO  safemode.SCMSafeModeManager (HealthyPipelineSafeModeRule.java:process(124)) - SCM in safe mode. Healthy pipelines reported count is 0, required healthy pipeline reported count is 1
2022-06-08 19:34:00,150 [EventQueue-OpenPipelineForHealthyPipelineSafeModeRule] INFO  safemode.SCMSafeModeManager (HealthyPipelineSafeModeRule.java:process(124)) - SCM in safe mode. Healthy pipelines reported count is 0, required healthy pipeline reported count is 1
2022-06-08 19:34:00,150 [pool-237-thread-1] INFO  server.RaftServerConfigKeys (ConfUtils.java:logGet(46)) - raft.server.log.queue.element-limit = 1024 (custom)
2022-06-08 19:34:00,150 [EventQueue-OpenPipelineForHealthyPipelineSafeModeRule] INFO  safemode.SCMSafeModeManager (HealthyPipelineSafeModeRule.java:process(124)) - SCM in safe mode. Healthy pipelines reported count is 0, required healthy pipeline reported count is 1
2022-06-08 19:34:00,151 [pool-237-thread-1] INFO  server.RaftServerConfigKeys (ConfUtils.java:logGet(46)) - raft.server.log.segment.size.max = 1048576 (custom)
2022-06-08 19:34:00,151 [pool-237-thread-1] INFO  server.RaftServerConfigKeys (ConfUtils.java:logGet(46)) - raft.server.log.preallocated.size = 16384 (custom)
2022-06-08 19:34:00,151 [pool-237-thread-1] INFO  server.RaftServerConfigKeys (ConfUtils.java:logGet(46)) - raft.server.log.force.sync.num = 128 (default)
2022-06-08 19:34:00,151 [pool-237-thread-1] INFO  server.RaftServerConfigKeys (ConfUtils.java:logGet(46)) - raft.server.log.statemachine.data.sync = true (default)
2022-06-08 19:34:00,151 [pool-237-thread-1] INFO  server.RaftServerConfigKeys (ConfUtils.java:logGet(46)) - raft.server.log.statemachine.data.sync.timeout = 10s (default)
2022-06-08 19:34:00,151 [pool-237-thread-1] INFO  server.RaftServerConfigKeys (ConfUtils.java:logGet(46)) - raft.server.log.statemachine.data.sync.timeout.retry = -1 (default)
2022-06-08 19:34:00,152 [pool-213-thread-1] INFO  segmented.SegmentedRaftLogWorker (SegmentedRaftLogWorker.java:<init>(187)) - new f600cccb-c69c-4e5d-9bb2-bde895ce90eb@group-347FF21BF0E9-SegmentedRaftLogWorker for RaftStorageImpl:Storage Directory /home/runner/work/ozone/ozone/hadoop-ozone/integration-test/target/test-dir/MiniOzoneClusterImpl-6ca4cc63-2561-4277-bbe7-e6e454dc87c0/datanode-1/data/ratis/19d21720-15a2-4f77-a178-347ff21bf0e9
2022-06-08 19:34:00,152 [pool-213-thread-1] INFO  server.RaftServerConfigKeys (ConfUtils.java:logGet(46)) - raft.server.log.queue.byte-limit = 4294967296 (custom)
2022-06-08 19:34:00,152 [pool-213-thread-1] INFO  server.RaftServerConfigKeys (ConfUtils.java:logGet(46)) - raft.server.log.queue.element-limit = 1024 (custom)
2022-06-08 19:34:00,152 [pool-213-thread-1] INFO  server.RaftServerConfigKeys (ConfUtils.java:logGet(46)) - raft.server.log.segment.size.max = 1048576 (custom)
2022-06-08 19:34:00,152 [pool-213-thread-1] INFO  server.RaftServerConfigKeys (ConfUtils.java:logGet(46)) - raft.server.log.preallocated.size = 16384 (custom)
2022-06-08 19:34:00,152 [pool-213-thread-1] INFO  server.RaftServerConfigKeys (ConfUtils.java:logGet(46)) - raft.server.log.force.sync.num = 128 (default)
2022-06-08 19:34:00,152 [pool-213-thread-1] INFO  server.RaftServerConfigKeys (ConfUtils.java:logGet(46)) - raft.server.log.statemachine.data.sync = true (default)
2022-06-08 19:34:00,152 [pool-213-thread-1] INFO  server.RaftServerConfigKeys (ConfUtils.java:logGet(46)) - raft.server.log.statemachine.data.sync.timeout = 10s (default)
2022-06-08 19:34:00,153 [pool-213-thread-1] INFO  server.RaftServerConfigKeys (ConfUtils.java:logGet(46)) - raft.server.log.statemachine.data.sync.timeout.retry = -1 (default)
2022-06-08 19:34:00,153 [pool-213-thread-1] INFO  server.RaftServerConfigKeys (ConfUtils.java:logGet(46)) - raft.server.log.write.buffer.size = 1048576 (custom)
2022-06-08 19:34:00,154 [pool-213-thread-1] INFO  server.RaftServerConfigKeys (ConfUtils.java:logGet(46)) - raft.server.log.unsafe-flush.enabled = false (default)
2022-06-08 19:34:00,154 [pool-213-thread-1] INFO  server.RaftServerConfigKeys (ConfUtils.java:logGet(46)) - raft.server.log.statemachine.data.caching.enabled = true (custom)
2022-06-08 19:34:00,154 [pool-213-thread-1] INFO  segmented.SegmentedRaftLogWorker (SegmentedRaftLogWorker.java:lambda$new$0(135)) - f600cccb-c69c-4e5d-9bb2-bde895ce90eb@group-347FF21BF0E9-SegmentedRaftLogWorker: flushIndex: setUnconditionally 0 -> -1
2022-06-08 19:34:00,154 [pool-213-thread-1] INFO  segmented.SegmentedRaftLogWorker (SegmentedRaftLogWorker.java:lambda$new$0(135)) - f600cccb-c69c-4e5d-9bb2-bde895ce90eb@group-347FF21BF0E9-SegmentedRaftLogWorker: safeCacheEvictIndex: setUnconditionally 0 -> -1
2022-06-08 19:34:00,155 [pool-237-thread-1] INFO  server.RaftServerConfigKeys (ConfUtils.java:logGet(46)) - raft.server.log.write.buffer.size = 1048576 (custom)
2022-06-08 19:34:00,155 [pool-237-thread-1] INFO  server.RaftServerConfigKeys (ConfUtils.java:logGet(46)) - raft.server.log.unsafe-flush.enabled = false (default)
2022-06-08 19:34:00,155 [pool-237-thread-1] INFO  server.RaftServerConfigKeys (ConfUtils.java:logGet(46)) - raft.server.log.statemachine.data.caching.enabled = true (custom)
2022-06-08 19:34:00,156 [pool-237-thread-1] INFO  segmented.SegmentedRaftLogWorker (SegmentedRaftLogWorker.java:lambda$new$0(135)) - 3c8f8348-5b45-4285-ac9e-7c9778a12270@group-347FF21BF0E9-SegmentedRaftLogWorker: flushIndex: setUnconditionally 0 -> -1
2022-06-08 19:34:00,156 [pool-237-thread-1] INFO  segmented.SegmentedRaftLogWorker (SegmentedRaftLogWorker.java:lambda$new$0(135)) - 3c8f8348-5b45-4285-ac9e-7c9778a12270@group-347FF21BF0E9-SegmentedRaftLogWorker: safeCacheEvictIndex: setUnconditionally 0 -> -1
2022-06-08 19:34:00,158 [pool-213-thread-1] INFO  server.RaftServerConfigKeys (ConfUtils.java:logGet(46)) - raft.server.snapshot.auto.trigger.enabled = true (custom)
2022-06-08 19:34:00,158 [pool-213-thread-1] INFO  server.RaftServerConfigKeys (ConfUtils.java:logGet(46)) - raft.server.snapshot.auto.trigger.threshold = 10000 (custom)
2022-06-08 19:34:00,158 [pool-213-thread-1] INFO  server.RaftServerConfigKeys (ConfUtils.java:logGet(46)) - raft.server.snapshot.retention.file.num = 5 (custom)
2022-06-08 19:34:00,159 [pool-213-thread-1] INFO  server.RaftServerConfigKeys (ConfUtils.java:logGet(46)) - raft.server.log.purge.upto.snapshot.index = false (default)
2022-06-08 19:34:00,159 [pool-213-thread-1] INFO  server.RaftServerConfigKeys (ConfUtils.java:logGet(46)) - raft.server.retrycache.expirytime = 600000ms (custom)
2022-06-08 19:34:00,159 [pool-213-thread-1] INFO  server.RaftServerConfigKeys (ConfUtils.java:logGet(46)) - raft.server.retrycache.statistics.expirytime = 100μs (default)
2022-06-08 19:34:00,160 [pool-213-thread-1] INFO  server.RaftServerConfigKeys (ConfUtils.java:logGet(46)) - raft.server.log.appender.install.snapshot.enabled = false (custom)
2022-06-08 19:34:00,160 [pool-213-thread-1] INFO  server.RaftServerConfigKeys (ConfUtils.java:logGet(46)) - raft.server.threadpool.server.cached = true (default)
2022-06-08 19:34:00,160 [pool-213-thread-1] INFO  server.RaftServerConfigKeys (ConfUtils.java:logGet(46)) - raft.server.threadpool.server.size = 0 (default)
2022-06-08 19:34:00,160 [pool-213-thread-1] INFO  server.RaftServerConfigKeys (ConfUtils.java:logGet(46)) - raft.server.threadpool.client.cached = true (default)
2022-06-08 19:34:00,160 [pool-213-thread-1] INFO  server.RaftServerConfigKeys (ConfUtils.java:logGet(46)) - raft.server.threadpool.client.size = 0 (default)
2022-06-08 19:34:00,160 [pool-213-thread-1] INFO  server.RaftServer$Division (RaftServerImpl.java:start(310)) - f600cccb-c69c-4e5d-9bb2-bde895ce90eb@group-347FF21BF0E9: start as a follower, conf=-1: [f600cccb-c69c-4e5d-9bb2-bde895ce90eb|rpc:127.0.0.1:46271|priority:0, b2f71e74-b885-4a74-acef-2f4d6b72015d|rpc:127.0.0.1:43737|priority:0, 3c8f8348-5b45-4285-ac9e-7c9778a12270|rpc:127.0.0.1:44683|priority:1], old=null
2022-06-08 19:34:00,160 [pool-213-thread-1] INFO  server.RaftServer$Division (RaftServerImpl.java:setRole(299)) - f600cccb-c69c-4e5d-9bb2-bde895ce90eb@group-347FF21BF0E9: changes role from      null to FOLLOWER at term 0 for startAsFollower
2022-06-08 19:34:00,160 [pool-213-thread-1] INFO  impl.RoleInfo (RoleInfo.java:updateAndGet(139)) - f600cccb-c69c-4e5d-9bb2-bde895ce90eb: start f600cccb-c69c-4e5d-9bb2-bde895ce90eb@group-347FF21BF0E9-FollowerState
2022-06-08 19:34:00,162 [pool-213-thread-1] INFO  util.JmxRegister (JmxRegister.java:tryRegister(44)) - Successfully registered JMX Bean with object name Ratis:service=RaftServer,group=group-347FF21BF0E9,id=f600cccb-c69c-4e5d-9bb2-bde895ce90eb
2022-06-08 19:34:00,164 [Command processor thread] INFO  ratis.XceiverServerRatis (XceiverServerRatis.java:addGroup(765)) - Created group PipelineID=19d21720-15a2-4f77-a178-347ff21bf0e9
2022-06-08 19:34:00,164 [pool-237-thread-1] INFO  server.RaftServerConfigKeys (ConfUtils.java:logGet(46)) - raft.server.snapshot.auto.trigger.enabled = true (custom)
2022-06-08 19:34:00,164 [pool-237-thread-1] INFO  server.RaftServerConfigKeys (ConfUtils.java:logGet(46)) - raft.server.snapshot.auto.trigger.threshold = 10000 (custom)
2022-06-08 19:34:00,164 [pool-237-thread-1] INFO  server.RaftServerConfigKeys (ConfUtils.java:logGet(46)) - raft.server.snapshot.retention.file.num = 5 (custom)
2022-06-08 19:34:00,164 [pool-237-thread-1] INFO  server.RaftServerConfigKeys (ConfUtils.java:logGet(46)) - raft.server.log.purge.upto.snapshot.index = false (default)
2022-06-08 19:34:00,165 [pool-237-thread-1] INFO  server.RaftServerConfigKeys (ConfUtils.java:logGet(46)) - raft.server.retrycache.expirytime = 600000ms (custom)
2022-06-08 19:34:00,165 [pool-237-thread-1] INFO  server.RaftServerConfigKeys (ConfUtils.java:logGet(46)) - raft.server.retrycache.statistics.expirytime = 100μs (default)
2022-06-08 19:34:00,165 [pool-237-thread-1] INFO  server.RaftServerConfigKeys (ConfUtils.java:logGet(46)) - raft.server.log.appender.install.snapshot.enabled = false (custom)
2022-06-08 19:34:00,165 [pool-237-thread-1] INFO  server.RaftServerConfigKeys (ConfUtils.java:logGet(46)) - raft.server.threadpool.server.cached = true (default)
2022-06-08 19:34:00,166 [pool-237-thread-1] INFO  server.RaftServerConfigKeys (ConfUtils.java:logGet(46)) - raft.server.threadpool.server.size = 0 (default)
2022-06-08 19:34:00,166 [pool-237-thread-1] INFO  server.RaftServerConfigKeys (ConfUtils.java:logGet(46)) - raft.server.threadpool.client.cached = true (default)
2022-06-08 19:34:00,166 [pool-237-thread-1] INFO  server.RaftServerConfigKeys (ConfUtils.java:logGet(46)) - raft.server.threadpool.client.size = 0 (default)
2022-06-08 19:34:00,166 [pool-237-thread-1] INFO  server.RaftServer$Division (RaftServerImpl.java:start(310)) - 3c8f8348-5b45-4285-ac9e-7c9778a12270@group-347FF21BF0E9: start as a follower, conf=-1: [f600cccb-c69c-4e5d-9bb2-bde895ce90eb|rpc:127.0.0.1:46271|dataStream:|priority:0, b2f71e74-b885-4a74-acef-2f4d6b72015d|rpc:127.0.0.1:43737|dataStream:|priority:0, 3c8f8348-5b45-4285-ac9e-7c9778a12270|rpc:127.0.0.1:44683|dataStream:|priority:1], old=null
2022-06-08 19:34:00,166 [pool-237-thread-1] INFO  server.RaftServer$Division (RaftServerImpl.java:setRole(299)) - 3c8f8348-5b45-4285-ac9e-7c9778a12270@group-347FF21BF0E9: changes role from      null to FOLLOWER at term 0 for startAsFollower
2022-06-08 19:34:00,166 [pool-237-thread-1] INFO  impl.RoleInfo (RoleInfo.java:updateAndGet(139)) - 3c8f8348-5b45-4285-ac9e-7c9778a12270: start 3c8f8348-5b45-4285-ac9e-7c9778a12270@group-347FF21BF0E9-FollowerState
2022-06-08 19:34:00,171 [pool-237-thread-1] INFO  util.JmxRegister (JmxRegister.java:tryRegister(44)) - Successfully registered JMX Bean with object name Ratis:service=RaftServer,group=group-347FF21BF0E9,id=3c8f8348-5b45-4285-ac9e-7c9778a12270
2022-06-08 19:34:00,278 [Command processor thread] INFO  commandhandler.CreatePipelineCommandHandler (CreatePipelineCommandHandler.java:handle(113)) - Created Pipeline RATIS THREE PipelineID=19d21720-15a2-4f77-a178-347ff21bf0e9.
2022-06-08 19:34:00,309 [Command processor thread] INFO  commandhandler.CreatePipelineCommandHandler (CreatePipelineCommandHandler.java:handle(113)) - Created Pipeline RATIS THREE PipelineID=19d21720-15a2-4f77-a178-347ff21bf0e9.
2022-06-08 19:34:00,491 [Command processor thread] INFO  server.RaftServer (RaftServerProxy.java:addNew(96)) - 3c8f8348-5b45-4285-ac9e-7c9778a12270: addNew group-2055C2A38956:[3c8f8348-5b45-4285-ac9e-7c9778a12270|rpc:127.0.0.1:44683|priority:1] returns group-2055C2A38956:java.util.concurrent.CompletableFuture@4a77efcf[Not completed]
2022-06-08 19:34:00,492 [pool-237-thread-1] INFO  server.RaftServer$Division (RaftServerImpl.java:<init>(190)) - 3c8f8348-5b45-4285-ac9e-7c9778a12270: new RaftServerImpl for group-2055C2A38956:[3c8f8348-5b45-4285-ac9e-7c9778a12270|rpc:127.0.0.1:44683|priority:1] with ContainerStateMachine:uninitialized
2022-06-08 19:34:00,493 [pool-237-thread-1] INFO  server.RaftServerConfigKeys (ConfUtils.java:logGet(46)) - raft.server.rpc.timeout.min = 5s (custom)
2022-06-08 19:34:00,493 [pool-237-thread-1] INFO  server.RaftServerConfigKeys (ConfUtils.java:logGet(46)) - raft.server.rpc.timeout.max = 5200ms (custom)
2022-06-08 19:34:00,493 [pool-237-thread-1] INFO  server.RaftServerConfigKeys (ConfUtils.java:logGet(46)) - raft.server.rpc.sleep.time = 25ms (default)
2022-06-08 19:34:00,493 [pool-237-thread-1] INFO  server.RaftServerConfigKeys (ConfUtils.java:logGet(46)) - raft.server.rpc.slowness.timeout = 300s (custom)
2022-06-08 19:34:00,493 [pool-237-thread-1] INFO  server.RaftServerConfigKeys (ConfUtils.java:logGet(46)) - raft.server.leaderelection.leader.step-down.wait-time = 10s (default)
2022-06-08 19:34:00,493 [pool-237-thread-1] INFO  server.RaftServerConfigKeys (ConfUtils.java:logGet(46)) - raft.server.sleep.deviation.threshold = 300ms (default)
2022-06-08 19:34:00,493 [pool-237-thread-1] INFO  server.RaftServer$Division (ServerState.java:<init>(107)) - 3c8f8348-5b45-4285-ac9e-7c9778a12270@group-2055C2A38956: ConfigurationManager, init=-1: [3c8f8348-5b45-4285-ac9e-7c9778a12270|rpc:127.0.0.1:44683|priority:1], old=null, confs=<EMPTY_MAP>
2022-06-08 19:34:00,493 [pool-237-thread-1] INFO  server.RaftServerConfigKeys (ConfUtils.java:logGet(46)) - raft.server.storage.dir = [/home/runner/work/ozone/ozone/hadoop-ozone/integration-test/target/test-dir/MiniOzoneClusterImpl-6ca4cc63-2561-4277-bbe7-e6e454dc87c0/datanode-2/data/ratis] (custom)
2022-06-08 19:34:00,493 [pool-237-thread-1] INFO  server.RaftServerConfigKeys (ConfUtils.java:logGet(46)) - raft.server.log.corruption.policy = EXCEPTION (default)
2022-06-08 19:34:00,493 [pool-237-thread-1] INFO  server.RaftServerConfigKeys (ConfUtils.java:logGet(46)) - raft.server.storage.free-space.min = 0MB (=0) (default)
2022-06-08 19:34:00,493 [pool-237-thread-1] INFO  storage.RaftStorageDirectory (RaftStorageDirectoryImpl.java:analyzeStorage(135)) - The storage directory /home/runner/work/ozone/ozone/hadoop-ozone/integration-test/target/test-dir/MiniOzoneClusterImpl-6ca4cc63-2561-4277-bbe7-e6e454dc87c0/datanode-2/data/ratis/2099c3d0-45a7-4a1c-b8e2-2055c2a38956 does not exist. Creating ...
2022-06-08 19:34:00,494 [pool-237-thread-1] INFO  storage.RaftStorageDirectory (RaftStorageDirectoryImpl.java:tryLock(230)) - Lock on /home/runner/work/ozone/ozone/hadoop-ozone/integration-test/target/test-dir/MiniOzoneClusterImpl-6ca4cc63-2561-4277-bbe7-e6e454dc87c0/datanode-2/data/ratis/2099c3d0-45a7-4a1c-b8e2-2055c2a38956/in_use.lock acquired by nodename 20560@fv-az243-689
2022-06-08 19:34:00,495 [Listener at 127.0.0.1/45261] INFO  ozone.MiniOzoneClusterImpl (MiniOzoneClusterImpl.java:lambda$waitForClusterToBeReady$0(221)) - Nodes are ready. Got 3 of 3 DN Heartbeats.
2022-06-08 19:34:00,495 [Listener at 127.0.0.1/45261] INFO  ozone.MiniOzoneClusterImpl (MiniOzoneClusterImpl.java:lambda$waitForClusterToBeReady$0(224)) - Waiting for cluster to exit safe mode
2022-06-08 19:34:00,495 [Listener at 127.0.0.1/45261] INFO  ozone.MiniOzoneClusterImpl (MiniOzoneClusterImpl.java:lambda$waitForClusterToBeReady$0(226)) - SCM became leader
2022-06-08 19:34:00,499 [pool-237-thread-1] INFO  storage.RaftStorage (RaftStorageImpl.java:format(89)) - Storage directory /home/runner/work/ozone/ozone/hadoop-ozone/integration-test/target/test-dir/MiniOzoneClusterImpl-6ca4cc63-2561-4277-bbe7-e6e454dc87c0/datanode-2/data/ratis/2099c3d0-45a7-4a1c-b8e2-2055c2a38956 has been successfully formatted.
2022-06-08 19:34:00,499 [pool-237-thread-1] INFO  ratis.ContainerStateMachine (ContainerStateMachine.java:loadSnapshot(236)) - group-2055C2A38956: The snapshot info is null. Setting the last applied indexto:(t:0, i:~)
2022-06-08 19:34:00,499 [pool-237-thread-1] INFO  server.RaftServerConfigKeys (ConfUtils.java:logGet(46)) - raft.server.notification.no-leader.timeout = 300s (custom)
2022-06-08 19:34:00,502 [EventQueue-PipelineReportForPipelineReportHandler] INFO  pipeline.PipelineManagerImpl (PipelineManagerImpl.java:openPipeline(356)) - Pipeline Pipeline[ Id: 2099c3d0-45a7-4a1c-b8e2-2055c2a38956, Nodes: 3c8f8348-5b45-4285-ac9e-7c9778a12270{ip: 127.0.0.1, host: localhost, ports: [REPLICATION=42319, RATIS=44683, RATIS_ADMIN=44683, RATIS_SERVER=44683, STANDALONE=34083], networkLocation: /default-rack, certSerialId: null, persistedOpState: IN_SERVICE, persistedOpStateExpiryEpochSec: 0}, ReplicationConfig: RATIS/ONE, State:ALLOCATED, leaderId:3c8f8348-5b45-4285-ac9e-7c9778a12270, CreationTimestamp2022-06-08T19:33:57.508Z[Etc/UTC]] moved to OPEN state
2022-06-08 19:34:00,499 [pool-237-thread-1] INFO  server.RaftServerConfigKeys (ConfUtils.java:logGet(46)) - raft.server.log.use.memory = false (default)
2022-06-08 19:34:00,502 [pool-237-thread-1] INFO  server.RaftServerConfigKeys (ConfUtils.java:logGet(46)) - raft.server.log.purge.gap = 1000000 (custom)
2022-06-08 19:34:00,503 [pool-237-thread-1] INFO  server.RaftServerConfigKeys (ConfUtils.java:logGet(46)) - raft.server.log.appender.buffer.byte-limit = 33554432 (custom)
2022-06-08 19:34:00,503 [pool-237-thread-1] INFO  server.RaftServerConfigKeys (ConfUtils.java:logGet(46)) - raft.server.log.statemachine.data.read.timeout = 1000ms (default)
2022-06-08 19:34:00,503 [EventQueue-PipelineReportForPipelineReportHandler] INFO  pipeline.PipelineManagerImpl (PipelineManagerImpl.java:openPipeline(356)) - Pipeline Pipeline[ Id: 2099c3d0-45a7-4a1c-b8e2-2055c2a38956, Nodes: 3c8f8348-5b45-4285-ac9e-7c9778a12270{ip: 127.0.0.1, host: localhost, ports: [REPLICATION=42319, RATIS=44683, RATIS_ADMIN=44683, RATIS_SERVER=44683, STANDALONE=34083], networkLocation: /default-rack, certSerialId: null, persistedOpState: IN_SERVICE, persistedOpStateExpiryEpochSec: 0}, ReplicationConfig: RATIS/ONE, State:ALLOCATED, leaderId:3c8f8348-5b45-4285-ac9e-7c9778a12270, CreationTimestamp2022-06-08T19:33:57.508Z[Etc/UTC]] moved to OPEN state
2022-06-08 19:34:00,503 [pool-237-thread-1] INFO  server.RaftServerConfigKeys (ConfUtils.java:logGet(46)) - raft.server.log.segment.size.max = 1048576 (custom)
2022-06-08 19:34:00,504 [EventQueue-PipelineReportForPipelineReportHandler] INFO  pipeline.PipelineManagerImpl (PipelineManagerImpl.java:openPipeline(356)) - Pipeline Pipeline[ Id: 2099c3d0-45a7-4a1c-b8e2-2055c2a38956, Nodes: 3c8f8348-5b45-4285-ac9e-7c9778a12270{ip: 127.0.0.1, host: localhost, ports: [REPLICATION=42319, RATIS=44683, RATIS_ADMIN=44683, RATIS_SERVER=44683, STANDALONE=34083], networkLocation: /default-rack, certSerialId: null, persistedOpState: IN_SERVICE, persistedOpStateExpiryEpochSec: 0}, ReplicationConfig: RATIS/ONE, State:ALLOCATED, leaderId:3c8f8348-5b45-4285-ac9e-7c9778a12270, CreationTimestamp2022-06-08T19:33:57.508Z[Etc/UTC]] moved to OPEN state
2022-06-08 19:34:00,504 [pool-237-thread-1] INFO  server.RaftServerConfigKeys (ConfUtils.java:logGet(46)) - raft.server.log.segment.cache.num.max = 2 (custom)
2022-06-08 19:34:00,504 [pool-237-thread-1] INFO  server.RaftServerConfigKeys (ConfUtils.java:logGet(46)) - raft.server.log.segment.cache.size.max = 200MB (=209715200) (default)
2022-06-08 19:34:00,504 [pool-237-thread-1] INFO  segmented.SegmentedRaftLogWorker (SegmentedRaftLogWorker.java:<init>(187)) - new 3c8f8348-5b45-4285-ac9e-7c9778a12270@group-2055C2A38956-SegmentedRaftLogWorker for RaftStorageImpl:Storage Directory /home/runner/work/ozone/ozone/hadoop-ozone/integration-test/target/test-dir/MiniOzoneClusterImpl-6ca4cc63-2561-4277-bbe7-e6e454dc87c0/datanode-2/data/ratis/2099c3d0-45a7-4a1c-b8e2-2055c2a38956
2022-06-08 19:34:00,504 [pool-237-thread-1] INFO  server.RaftServerConfigKeys (ConfUtils.java:logGet(46)) - raft.server.log.queue.byte-limit = 4294967296 (custom)
2022-06-08 19:34:00,504 [pool-237-thread-1] INFO  server.RaftServerConfigKeys (ConfUtils.java:logGet(46)) - raft.server.log.queue.element-limit = 1024 (custom)
2022-06-08 19:34:00,504 [pool-237-thread-1] INFO  server.RaftServerConfigKeys (ConfUtils.java:logGet(46)) - raft.server.log.segment.size.max = 1048576 (custom)
2022-06-08 19:34:00,505 [pool-237-thread-1] INFO  server.RaftServerConfigKeys (ConfUtils.java:logGet(46)) - raft.server.log.preallocated.size = 16384 (custom)
2022-06-08 19:34:00,505 [pool-237-thread-1] INFO  server.RaftServerConfigKeys (ConfUtils.java:logGet(46)) - raft.server.log.force.sync.num = 128 (default)
2022-06-08 19:34:00,505 [pool-237-thread-1] INFO  server.RaftServerConfigKeys (ConfUtils.java:logGet(46)) - raft.server.log.statemachine.data.sync = true (default)
2022-06-08 19:34:00,505 [pool-237-thread-1] INFO  server.RaftServerConfigKeys (ConfUtils.java:logGet(46)) - raft.server.log.statemachine.data.sync.timeout = 10s (default)
2022-06-08 19:34:00,505 [pool-237-thread-1] INFO  server.RaftServerConfigKeys (ConfUtils.java:logGet(46)) - raft.server.log.statemachine.data.sync.timeout.retry = -1 (default)
2022-06-08 19:34:00,506 [pool-237-thread-1] INFO  server.RaftServerConfigKeys (ConfUtils.java:logGet(46)) - raft.server.log.write.buffer.size = 1048576 (custom)
2022-06-08 19:34:00,507 [pool-237-thread-1] INFO  server.RaftServerConfigKeys (ConfUtils.java:logGet(46)) - raft.server.log.unsafe-flush.enabled = false (default)
2022-06-08 19:34:00,507 [pool-237-thread-1] INFO  server.RaftServerConfigKeys (ConfUtils.java:logGet(46)) - raft.server.log.statemachine.data.caching.enabled = true (custom)
2022-06-08 19:34:00,507 [pool-237-thread-1] INFO  segmented.SegmentedRaftLogWorker (SegmentedRaftLogWorker.java:lambda$new$0(135)) - 3c8f8348-5b45-4285-ac9e-7c9778a12270@group-2055C2A38956-SegmentedRaftLogWorker: flushIndex: setUnconditionally 0 -> -1
2022-06-08 19:34:00,507 [pool-237-thread-1] INFO  segmented.SegmentedRaftLogWorker (SegmentedRaftLogWorker.java:lambda$new$0(135)) - 3c8f8348-5b45-4285-ac9e-7c9778a12270@group-2055C2A38956-SegmentedRaftLogWorker: safeCacheEvictIndex: setUnconditionally 0 -> -1
2022-06-08 19:34:00,509 [2307c498-167f-43d9-87ae-3379131d0636@group-E6E454DC87C0-StateMachineUpdater] INFO  safemode.HealthyPipelineSafeModeRule (HealthyPipelineSafeModeRule.java:initializeRule(152)) - Refreshed total pipeline count is 0, healthy pipeline threshold count is 1
2022-06-08 19:34:00,509 [EventQueue-OpenPipelineForHealthyPipelineSafeModeRule] INFO  safemode.SCMSafeModeManager (HealthyPipelineSafeModeRule.java:process(124)) - SCM in safe mode. Healthy pipelines reported count is 0, required healthy pipeline reported count is 1
2022-06-08 19:34:00,510 [pool-237-thread-1] INFO  server.RaftServerConfigKeys (ConfUtils.java:logGet(46)) - raft.server.snapshot.auto.trigger.enabled = true (custom)
2022-06-08 19:34:00,510 [pool-237-thread-1] INFO  server.RaftServerConfigKeys (ConfUtils.java:logGet(46)) - raft.server.snapshot.auto.trigger.threshold = 10000 (custom)
2022-06-08 19:34:00,510 [pool-237-thread-1] INFO  server.RaftServerConfigKeys (ConfUtils.java:logGet(46)) - raft.server.snapshot.retention.file.num = 5 (custom)
2022-06-08 19:34:00,510 [pool-237-thread-1] INFO  server.RaftServerConfigKeys (ConfUtils.java:logGet(46)) - raft.server.log.purge.upto.snapshot.index = false (default)
2022-06-08 19:34:00,511 [pool-237-thread-1] INFO  server.RaftServerConfigKeys (ConfUtils.java:logGet(46)) - raft.server.retrycache.expirytime = 600000ms (custom)
2022-06-08 19:34:00,511 [pool-237-thread-1] INFO  server.RaftServerConfigKeys (ConfUtils.java:logGet(46)) - raft.server.retrycache.statistics.expirytime = 100μs (default)
2022-06-08 19:34:00,511 [pool-237-thread-1] INFO  server.RaftServerConfigKeys (ConfUtils.java:logGet(46)) - raft.server.log.appender.install.snapshot.enabled = false (custom)
2022-06-08 19:34:00,511 [pool-237-thread-1] INFO  server.RaftServerConfigKeys (ConfUtils.java:logGet(46)) - raft.server.threadpool.server.cached = true (default)
2022-06-08 19:34:00,512 [pool-237-thread-1] INFO  server.RaftServerConfigKeys (ConfUtils.java:logGet(46)) - raft.server.threadpool.server.size = 0 (default)
2022-06-08 19:34:00,512 [pool-237-thread-1] INFO  server.RaftServerConfigKeys (ConfUtils.java:logGet(46)) - raft.server.threadpool.client.cached = true (default)
2022-06-08 19:34:00,512 [pool-237-thread-1] INFO  server.RaftServerConfigKeys (ConfUtils.java:logGet(46)) - raft.server.threadpool.client.size = 0 (default)
2022-06-08 19:34:00,512 [pool-237-thread-1] INFO  server.RaftServer$Division (RaftServerImpl.java:start(310)) - 3c8f8348-5b45-4285-ac9e-7c9778a12270@group-2055C2A38956: start as a follower, conf=-1: [3c8f8348-5b45-4285-ac9e-7c9778a12270|rpc:127.0.0.1:44683|priority:1], old=null
2022-06-08 19:34:00,512 [pool-237-thread-1] INFO  server.RaftServer$Division (RaftServerImpl.java:setRole(299)) - 3c8f8348-5b45-4285-ac9e-7c9778a12270@group-2055C2A38956: changes role from      null to FOLLOWER at term 0 for startAsFollower
2022-06-08 19:34:00,512 [pool-237-thread-1] INFO  impl.RoleInfo (RoleInfo.java:updateAndGet(139)) - 3c8f8348-5b45-4285-ac9e-7c9778a12270: start 3c8f8348-5b45-4285-ac9e-7c9778a12270@group-2055C2A38956-FollowerState
2022-06-08 19:34:00,512 [21888257-2f66-47c2-9c1a-f9078c9f78d9@group-E6E454DC87C0-StateMachineUpdater] INFO  safemode.HealthyPipelineSafeModeRule (HealthyPipelineSafeModeRule.java:initializeRule(152)) - Refreshed total pipeline count is 0, healthy pipeline threshold count is 1
2022-06-08 19:34:00,514 [pool-237-thread-1] INFO  util.JmxRegister (JmxRegister.java:tryRegister(44)) - Successfully registered JMX Bean with object name Ratis:service=RaftServer,group=group-2055C2A38956,id=3c8f8348-5b45-4285-ac9e-7c9778a12270
2022-06-08 19:34:00,516 [Command processor thread] INFO  ratis.XceiverServerRatis (XceiverServerRatis.java:addGroup(765)) - Created group PipelineID=2099c3d0-45a7-4a1c-b8e2-2055c2a38956
2022-06-08 19:34:00,516 [Command processor thread] INFO  commandhandler.CreatePipelineCommandHandler (CreatePipelineCommandHandler.java:handle(113)) - Created Pipeline RATIS ONE PipelineID=2099c3d0-45a7-4a1c-b8e2-2055c2a38956.
2022-06-08 19:34:00,517 [0562147d-7bbf-459c-a71c-460e63cf1b3c@group-E6E454DC87C0-StateMachineUpdater] INFO  safemode.HealthyPipelineSafeModeRule (HealthyPipelineSafeModeRule.java:initializeRule(152)) - Refreshed total pipeline count is 0, healthy pipeline threshold count is 1
2022-06-08 19:34:01,496 [Listener at 127.0.0.1/45261] INFO  ozone.MiniOzoneClusterImpl (MiniOzoneClusterImpl.java:lambda$waitForClusterToBeReady$0(221)) - Nodes are ready. Got 3 of 3 DN Heartbeats.
2022-06-08 19:34:01,496 [Listener at 127.0.0.1/45261] INFO  ozone.MiniOzoneClusterImpl (MiniOzoneClusterImpl.java:lambda$waitForClusterToBeReady$0(224)) - Waiting for cluster to exit safe mode
2022-06-08 19:34:01,496 [Listener at 127.0.0.1/45261] INFO  ozone.MiniOzoneClusterImpl (MiniOzoneClusterImpl.java:lambda$waitForClusterToBeReady$0(226)) - SCM became leader
2022-06-08 19:34:02,496 [Listener at 127.0.0.1/45261] INFO  ozone.MiniOzoneClusterImpl (MiniOzoneClusterImpl.java:lambda$waitForClusterToBeReady$0(221)) - Nodes are ready. Got 3 of 3 DN Heartbeats.
2022-06-08 19:34:02,496 [Listener at 127.0.0.1/45261] INFO  ozone.MiniOzoneClusterImpl (MiniOzoneClusterImpl.java:lambda$waitForClusterToBeReady$0(224)) - Waiting for cluster to exit safe mode
2022-06-08 19:34:02,496 [Listener at 127.0.0.1/45261] INFO  ozone.MiniOzoneClusterImpl (MiniOzoneClusterImpl.java:lambda$waitForClusterToBeReady$0(226)) - SCM became leader
2022-06-08 19:34:03,497 [Listener at 127.0.0.1/45261] INFO  ozone.MiniOzoneClusterImpl (MiniOzoneClusterImpl.java:lambda$waitForClusterToBeReady$0(221)) - Nodes are ready. Got 3 of 3 DN Heartbeats.
2022-06-08 19:34:03,497 [Listener at 127.0.0.1/45261] INFO  ozone.MiniOzoneClusterImpl (MiniOzoneClusterImpl.java:lambda$waitForClusterToBeReady$0(224)) - Waiting for cluster to exit safe mode
2022-06-08 19:34:03,497 [Listener at 127.0.0.1/45261] INFO  ozone.MiniOzoneClusterImpl (MiniOzoneClusterImpl.java:lambda$waitForClusterToBeReady$0(226)) - SCM became leader
2022-06-08 19:34:04,497 [Listener at 127.0.0.1/45261] INFO  ozone.MiniOzoneClusterImpl (MiniOzoneClusterImpl.java:lambda$waitForClusterToBeReady$0(221)) - Nodes are ready. Got 3 of 3 DN Heartbeats.
2022-06-08 19:34:04,498 [Listener at 127.0.0.1/45261] INFO  ozone.MiniOzoneClusterImpl (MiniOzoneClusterImpl.java:lambda$waitForClusterToBeReady$0(224)) - Waiting for cluster to exit safe mode
2022-06-08 19:34:04,498 [Listener at 127.0.0.1/45261] INFO  ozone.MiniOzoneClusterImpl (MiniOzoneClusterImpl.java:lambda$waitForClusterToBeReady$0(226)) - SCM became leader
2022-06-08 19:34:04,907 [b2f71e74-b885-4a74-acef-2f4d6b72015d@group-84CBCEDAC9A1-FollowerState] INFO  impl.FollowerState (FollowerState.java:run(143)) - b2f71e74-b885-4a74-acef-2f4d6b72015d@group-84CBCEDAC9A1-FollowerState: change to CANDIDATE, lastRpcElapsedTime:5126689621ns, electionTimeout:5120ms
2022-06-08 19:34:04,907 [b2f71e74-b885-4a74-acef-2f4d6b72015d@group-84CBCEDAC9A1-FollowerState] INFO  impl.RoleInfo (RoleInfo.java:shutdownFollowerState(110)) - b2f71e74-b885-4a74-acef-2f4d6b72015d: shutdown b2f71e74-b885-4a74-acef-2f4d6b72015d@group-84CBCEDAC9A1-FollowerState
2022-06-08 19:34:04,907 [b2f71e74-b885-4a74-acef-2f4d6b72015d@group-84CBCEDAC9A1-FollowerState] INFO  server.RaftServer$Division (RaftServerImpl.java:setRole(299)) - b2f71e74-b885-4a74-acef-2f4d6b72015d@group-84CBCEDAC9A1: changes role from  FOLLOWER to CANDIDATE at term 0 for changeToCandidate
2022-06-08 19:34:04,908 [b2f71e74-b885-4a74-acef-2f4d6b72015d@group-84CBCEDAC9A1-FollowerState] INFO  server.RaftServerConfigKeys (ConfUtils.java:logGet(46)) - raft.server.leaderelection.pre-vote = false (custom)
2022-06-08 19:34:04,908 [b2f71e74-b885-4a74-acef-2f4d6b72015d@group-84CBCEDAC9A1-FollowerState] INFO  impl.RoleInfo (RoleInfo.java:updateAndGet(139)) - b2f71e74-b885-4a74-acef-2f4d6b72015d: start b2f71e74-b885-4a74-acef-2f4d6b72015d@group-84CBCEDAC9A1-LeaderElection7
2022-06-08 19:34:04,916 [b2f71e74-b885-4a74-acef-2f4d6b72015d@group-84CBCEDAC9A1-LeaderElection7] INFO  impl.LeaderElection (LeaderElection.java:askForVotes(310)) - b2f71e74-b885-4a74-acef-2f4d6b72015d@group-84CBCEDAC9A1-LeaderElection7 ELECTION round 0: submit vote requests at term 1 for -1: [b2f71e74-b885-4a74-acef-2f4d6b72015d|rpc:127.0.0.1:43737|priority:1], old=null
2022-06-08 19:34:04,916 [b2f71e74-b885-4a74-acef-2f4d6b72015d@group-84CBCEDAC9A1-LeaderElection7] INFO  impl.LeaderElection (LeaderElection.java:askForVotes(312)) - b2f71e74-b885-4a74-acef-2f4d6b72015d@group-84CBCEDAC9A1-LeaderElection7 ELECTION round 0: result PASSED (term=1)
2022-06-08 19:34:04,916 [b2f71e74-b885-4a74-acef-2f4d6b72015d@group-84CBCEDAC9A1-LeaderElection7] INFO  impl.RoleInfo (RoleInfo.java:shutdownLeaderElection(130)) - b2f71e74-b885-4a74-acef-2f4d6b72015d: shutdown b2f71e74-b885-4a74-acef-2f4d6b72015d@group-84CBCEDAC9A1-LeaderElection7
2022-06-08 19:34:04,916 [b2f71e74-b885-4a74-acef-2f4d6b72015d@group-84CBCEDAC9A1-LeaderElection7] INFO  server.RaftServer$Division (RaftServerImpl.java:setRole(299)) - b2f71e74-b885-4a74-acef-2f4d6b72015d@group-84CBCEDAC9A1: changes role from CANDIDATE to LEADER at term 1 for changeToLeader
2022-06-08 19:34:04,916 [b2f71e74-b885-4a74-acef-2f4d6b72015d@group-84CBCEDAC9A1-LeaderElection7] INFO  ratis.XceiverServerRatis (XceiverServerRatis.java:handleLeaderChangedNotification(863)) - Leader change notification received for group: group-84CBCEDAC9A1 with new leaderId: b2f71e74-b885-4a74-acef-2f4d6b72015d
2022-06-08 19:34:04,917 [b2f71e74-b885-4a74-acef-2f4d6b72015d@group-84CBCEDAC9A1-LeaderElection7] INFO  server.RaftServer$Division (ServerState.java:setLeader(287)) - b2f71e74-b885-4a74-acef-2f4d6b72015d@group-84CBCEDAC9A1: change Leader from null to b2f71e74-b885-4a74-acef-2f4d6b72015d at term 1 for becomeLeader, leader elected after 5153ms
2022-06-08 19:34:04,917 [b2f71e74-b885-4a74-acef-2f4d6b72015d@group-84CBCEDAC9A1-LeaderElection7] INFO  server.RaftServerConfigKeys (ConfUtils.java:logGet(46)) - raft.server.staging.catchup.gap = 1000 (default)
2022-06-08 19:34:04,917 [b2f71e74-b885-4a74-acef-2f4d6b72015d@group-84CBCEDAC9A1-LeaderElection7] INFO  server.RaftServerConfigKeys (ConfUtils.java:logGet(46)) - raft.server.write.element-limit = 1024 (custom)
2022-06-08 19:34:04,917 [b2f71e74-b885-4a74-acef-2f4d6b72015d@group-84CBCEDAC9A1-LeaderElection7] INFO  server.RaftServerConfigKeys (ConfUtils.java:logGet(46)) - raft.server.write.byte-limit = 1024 M (=1073741824) (custom)
2022-06-08 19:34:04,917 [b2f71e74-b885-4a74-acef-2f4d6b72015d@group-84CBCEDAC9A1-LeaderElection7] INFO  server.RaftServerConfigKeys (ConfUtils.java:logGet(46)) - raft.server.watch.timeout = 180s (custom)
2022-06-08 19:34:04,917 [b2f71e74-b885-4a74-acef-2f4d6b72015d@group-84CBCEDAC9A1-LeaderElection7] INFO  server.RaftServerConfigKeys (ConfUtils.java:logGet(46)) - raft.server.watch.timeout.denomination = 1s (default)
2022-06-08 19:34:04,917 [b2f71e74-b885-4a74-acef-2f4d6b72015d@group-84CBCEDAC9A1-LeaderElection7] INFO  server.RaftServerConfigKeys (ConfUtils.java:logGet(46)) - raft.server.watch.element-limit = 65536 (default)
2022-06-08 19:34:04,919 [EventQueue-OpenPipelineForHealthyPipelineSafeModeRule] INFO  safemode.SCMSafeModeManager (HealthyPipelineSafeModeRule.java:process(124)) - SCM in safe mode. Healthy pipelines reported count is 0, required healthy pipeline reported count is 1
2022-06-08 19:34:04,919 [EventQueue-OpenPipelineForHealthyPipelineSafeModeRule] INFO  safemode.SCMSafeModeManager (HealthyPipelineSafeModeRule.java:process(124)) - SCM in safe mode. Healthy pipelines reported count is 0, required healthy pipeline reported count is 1
2022-06-08 19:34:04,921 [EventQueue-OpenPipelineForHealthyPipelineSafeModeRule] INFO  safemode.SCMSafeModeManager (HealthyPipelineSafeModeRule.java:process(124)) - SCM in safe mode. Healthy pipelines reported count is 0, required healthy pipeline reported count is 1
2022-06-08 19:34:04,922 [b2f71e74-b885-4a74-acef-2f4d6b72015d@group-84CBCEDAC9A1-LeaderElection7] INFO  server.RaftServerConfigKeys (ConfUtils.java:logGet(46)) - raft.server.write.element-limit = 1024 (custom)
2022-06-08 19:34:04,922 [b2f71e74-b885-4a74-acef-2f4d6b72015d@group-84CBCEDAC9A1-LeaderElection7] INFO  server.RaftServerConfigKeys (ConfUtils.java:logGet(46)) - raft.server.write.follower.gap.ratio.max = -1.0 (default)
2022-06-08 19:34:04,922 [b2f71e74-b885-4a74-acef-2f4d6b72015d@group-84CBCEDAC9A1-LeaderElection7] INFO  impl.RoleInfo (RoleInfo.java:updateAndGet(139)) - b2f71e74-b885-4a74-acef-2f4d6b72015d: start b2f71e74-b885-4a74-acef-2f4d6b72015d@group-84CBCEDAC9A1-LeaderStateImpl
2022-06-08 19:34:04,923 [b2f71e74-b885-4a74-acef-2f4d6b72015d@group-84CBCEDAC9A1-LeaderElection7] INFO  segmented.SegmentedRaftLogWorker (SegmentedRaftLogWorker.java:startLogSegment(425)) - b2f71e74-b885-4a74-acef-2f4d6b72015d@group-84CBCEDAC9A1-SegmentedRaftLogWorker: Starting segment from index:0
2022-06-08 19:34:04,925 [b2f71e74-b885-4a74-acef-2f4d6b72015d@group-84CBCEDAC9A1-SegmentedRaftLogWorker] INFO  segmented.SegmentedRaftLogWorker (SegmentedRaftLogWorker.java:execute(629)) - b2f71e74-b885-4a74-acef-2f4d6b72015d@group-84CBCEDAC9A1-SegmentedRaftLogWorker: created new log segment /home/runner/work/ozone/ozone/hadoop-ozone/integration-test/target/test-dir/MiniOzoneClusterImpl-6ca4cc63-2561-4277-bbe7-e6e454dc87c0/datanode-0/data/ratis/e4e36f22-647f-420c-b2dc-84cbcedac9a1/current/log_inprogress_0
2022-06-08 19:34:04,925 [b2f71e74-b885-4a74-acef-2f4d6b72015d@group-84CBCEDAC9A1-LeaderElection7] INFO  server.RaftServer$Division (ServerState.java:setRaftConf(393)) - b2f71e74-b885-4a74-acef-2f4d6b72015d@group-84CBCEDAC9A1: set configuration 0: [b2f71e74-b885-4a74-acef-2f4d6b72015d|rpc:127.0.0.1:43737|dataStream:|priority:1], old=null
2022-06-08 19:34:04,955 [b2f71e74-b885-4a74-acef-2f4d6b72015d@group-1BC579A085D0-FollowerState] INFO  impl.FollowerState (FollowerState.java:run(143)) - b2f71e74-b885-4a74-acef-2f4d6b72015d@group-1BC579A085D0-FollowerState: change to CANDIDATE, lastRpcElapsedTime:5071020141ns, electionTimeout:5070ms
2022-06-08 19:34:04,955 [b2f71e74-b885-4a74-acef-2f4d6b72015d@group-1BC579A085D0-FollowerState] INFO  impl.RoleInfo (RoleInfo.java:shutdownFollowerState(110)) - b2f71e74-b885-4a74-acef-2f4d6b72015d: shutdown b2f71e74-b885-4a74-acef-2f4d6b72015d@group-1BC579A085D0-FollowerState
2022-06-08 19:34:04,955 [b2f71e74-b885-4a74-acef-2f4d6b72015d@group-1BC579A085D0-FollowerState] INFO  server.RaftServer$Division (RaftServerImpl.java:setRole(299)) - b2f71e74-b885-4a74-acef-2f4d6b72015d@group-1BC579A085D0: changes role from  FOLLOWER to CANDIDATE at term 0 for changeToCandidate
2022-06-08 19:34:04,955 [b2f71e74-b885-4a74-acef-2f4d6b72015d@group-1BC579A085D0-FollowerState] INFO  server.RaftServerConfigKeys (ConfUtils.java:logGet(46)) - raft.server.leaderelection.pre-vote = false (custom)
2022-06-08 19:34:04,955 [b2f71e74-b885-4a74-acef-2f4d6b72015d@group-1BC579A085D0-FollowerState] INFO  impl.RoleInfo (RoleInfo.java:updateAndGet(139)) - b2f71e74-b885-4a74-acef-2f4d6b72015d: start b2f71e74-b885-4a74-acef-2f4d6b72015d@group-1BC579A085D0-LeaderElection8
2022-06-08 19:34:04,961 [b2f71e74-b885-4a74-acef-2f4d6b72015d@group-1BC579A085D0-LeaderElection8] INFO  impl.LeaderElection (LeaderElection.java:askForVotes(310)) - b2f71e74-b885-4a74-acef-2f4d6b72015d@group-1BC579A085D0-LeaderElection8 ELECTION round 0: submit vote requests at term 1 for -1: [f600cccb-c69c-4e5d-9bb2-bde895ce90eb|rpc:127.0.0.1:46271|priority:1, b2f71e74-b885-4a74-acef-2f4d6b72015d|rpc:127.0.0.1:43737|priority:0, 3c8f8348-5b45-4285-ac9e-7c9778a12270|rpc:127.0.0.1:44683|priority:0], old=null
2022-06-08 19:34:04,970 [grpc-default-executor-3] INFO  server.RaftServer$Division (RaftServerImpl.java:requestVote(1152)) - f600cccb-c69c-4e5d-9bb2-bde895ce90eb@group-1BC579A085D0: receive requestVote(ELECTION, b2f71e74-b885-4a74-acef-2f4d6b72015d, group-1BC579A085D0, 1, (t:0, i:0))
2022-06-08 19:34:04,970 [grpc-default-executor-3] INFO  impl.VoteContext (VoteContext.java:log(48)) - f600cccb-c69c-4e5d-9bb2-bde895ce90eb@group-1BC579A085D0-FOLLOWER: reject ELECTION from b2f71e74-b885-4a74-acef-2f4d6b72015d: our priority 1 > candidate's priority 0
2022-06-08 19:34:04,970 [grpc-default-executor-3] INFO  server.RaftServer$Division (RaftServerImpl.java:setRole(299)) - f600cccb-c69c-4e5d-9bb2-bde895ce90eb@group-1BC579A085D0: changes role from  FOLLOWER to FOLLOWER at term 1 for candidate:b2f71e74-b885-4a74-acef-2f4d6b72015d
2022-06-08 19:34:04,970 [grpc-default-executor-3] INFO  impl.RoleInfo (RoleInfo.java:shutdownFollowerState(110)) - f600cccb-c69c-4e5d-9bb2-bde895ce90eb: shutdown f600cccb-c69c-4e5d-9bb2-bde895ce90eb@group-1BC579A085D0-FollowerState
2022-06-08 19:34:04,971 [grpc-default-executor-3] INFO  impl.RoleInfo (RoleInfo.java:updateAndGet(139)) - f600cccb-c69c-4e5d-9bb2-bde895ce90eb: start f600cccb-c69c-4e5d-9bb2-bde895ce90eb@group-1BC579A085D0-FollowerState
2022-06-08 19:34:04,971 [f600cccb-c69c-4e5d-9bb2-bde895ce90eb@group-1BC579A085D0-FollowerState] INFO  impl.FollowerState (FollowerState.java:run(152)) - f600cccb-c69c-4e5d-9bb2-bde895ce90eb@group-1BC579A085D0-FollowerState was interrupted
2022-06-08 19:34:04,977 [grpc-default-executor-3] INFO  server.RaftServer$Division (RaftServerImpl.java:requestVote(1184)) - f600cccb-c69c-4e5d-9bb2-bde895ce90eb@group-1BC579A085D0 replies to ELECTION vote request: b2f71e74-b885-4a74-acef-2f4d6b72015d<-f600cccb-c69c-4e5d-9bb2-bde895ce90eb#0:FAIL-t1. Peer's state: f600cccb-c69c-4e5d-9bb2-bde895ce90eb@group-1BC579A085D0:t1, leader=null, voted=null, raftlog=f600cccb-c69c-4e5d-9bb2-bde895ce90eb@group-1BC579A085D0-SegmentedRaftLog:OPENED:c-1, conf=-1: [f600cccb-c69c-4e5d-9bb2-bde895ce90eb|rpc:127.0.0.1:46271|dataStream:|priority:1, b2f71e74-b885-4a74-acef-2f4d6b72015d|rpc:127.0.0.1:43737|dataStream:|priority:0, 3c8f8348-5b45-4285-ac9e-7c9778a12270|rpc:127.0.0.1:44683|dataStream:|priority:0], old=null
2022-06-08 19:34:04,980 [grpc-default-executor-3] INFO  server.RaftServer$Division (RaftServerImpl.java:requestVote(1152)) - 3c8f8348-5b45-4285-ac9e-7c9778a12270@group-1BC579A085D0: receive requestVote(ELECTION, b2f71e74-b885-4a74-acef-2f4d6b72015d, group-1BC579A085D0, 1, (t:0, i:0))
2022-06-08 19:34:04,981 [grpc-default-executor-3] INFO  impl.VoteContext (VoteContext.java:log(48)) - 3c8f8348-5b45-4285-ac9e-7c9778a12270@group-1BC579A085D0-FOLLOWER: accept ELECTION from b2f71e74-b885-4a74-acef-2f4d6b72015d: our priority 0 <= candidate's priority 0
2022-06-08 19:34:04,981 [grpc-default-executor-3] INFO  server.RaftServer$Division (RaftServerImpl.java:setRole(299)) - 3c8f8348-5b45-4285-ac9e-7c9778a12270@group-1BC579A085D0: changes role from  FOLLOWER to FOLLOWER at term 1 for candidate:b2f71e74-b885-4a74-acef-2f4d6b72015d
2022-06-08 19:34:04,981 [grpc-default-executor-3] INFO  impl.RoleInfo (RoleInfo.java:shutdownFollowerState(110)) - 3c8f8348-5b45-4285-ac9e-7c9778a12270: shutdown 3c8f8348-5b45-4285-ac9e-7c9778a12270@group-1BC579A085D0-FollowerState
2022-06-08 19:34:04,981 [3c8f8348-5b45-4285-ac9e-7c9778a12270@group-1BC579A085D0-FollowerState] INFO  impl.FollowerState (FollowerState.java:run(152)) - 3c8f8348-5b45-4285-ac9e-7c9778a12270@group-1BC579A085D0-FollowerState was interrupted
2022-06-08 19:34:04,981 [grpc-default-executor-3] INFO  impl.RoleInfo (RoleInfo.java:updateAndGet(139)) - 3c8f8348-5b45-4285-ac9e-7c9778a12270: start 3c8f8348-5b45-4285-ac9e-7c9778a12270@group-1BC579A085D0-FollowerState
2022-06-08 19:34:04,982 [b2f71e74-b885-4a74-acef-2f4d6b72015d@group-1BC579A085D0-LeaderElection8] INFO  impl.LeaderElection (LeaderElection.java:logAndReturn(90)) - b2f71e74-b885-4a74-acef-2f4d6b72015d@group-1BC579A085D0-LeaderElection8: ELECTION REJECTED received 1 response(s) and 0 exception(s):
2022-06-08 19:34:04,982 [b2f71e74-b885-4a74-acef-2f4d6b72015d@group-1BC579A085D0-LeaderElection8] INFO  impl.LeaderElection (LeaderElection.java:logAndReturn(94)) -   Response 0: b2f71e74-b885-4a74-acef-2f4d6b72015d<-f600cccb-c69c-4e5d-9bb2-bde895ce90eb#0:FAIL-t1
2022-06-08 19:34:04,982 [b2f71e74-b885-4a74-acef-2f4d6b72015d@group-1BC579A085D0-LeaderElection8] INFO  impl.LeaderElection (LeaderElection.java:askForVotes(312)) - b2f71e74-b885-4a74-acef-2f4d6b72015d@group-1BC579A085D0-LeaderElection8 ELECTION round 0: result REJECTED
2022-06-08 19:34:04,982 [b2f71e74-b885-4a74-acef-2f4d6b72015d@group-1BC579A085D0-LeaderElection8] INFO  server.RaftServer$Division (RaftServerImpl.java:setRole(299)) - b2f71e74-b885-4a74-acef-2f4d6b72015d@group-1BC579A085D0: changes role from CANDIDATE to FOLLOWER at term 1 for REJECTED
2022-06-08 19:34:04,983 [b2f71e74-b885-4a74-acef-2f4d6b72015d@group-1BC579A085D0-LeaderElection8] INFO  impl.RoleInfo (RoleInfo.java:shutdownLeaderElection(130)) - b2f71e74-b885-4a74-acef-2f4d6b72015d: shutdown b2f71e74-b885-4a74-acef-2f4d6b72015d@group-1BC579A085D0-LeaderElection8
2022-06-08 19:34:04,983 [b2f71e74-b885-4a74-acef-2f4d6b72015d@group-1BC579A085D0-LeaderElection8] INFO  impl.RoleInfo (RoleInfo.java:updateAndGet(139)) - b2f71e74-b885-4a74-acef-2f4d6b72015d: start b2f71e74-b885-4a74-acef-2f4d6b72015d@group-1BC579A085D0-FollowerState
2022-06-08 19:34:04,995 [grpc-default-executor-3] INFO  server.RaftServer$Division (RaftServerImpl.java:requestVote(1184)) - 3c8f8348-5b45-4285-ac9e-7c9778a12270@group-1BC579A085D0 replies to ELECTION vote request: b2f71e74-b885-4a74-acef-2f4d6b72015d<-3c8f8348-5b45-4285-ac9e-7c9778a12270#0:OK-t1. Peer's state: 3c8f8348-5b45-4285-ac9e-7c9778a12270@group-1BC579A085D0:t1, leader=null, voted=b2f71e74-b885-4a74-acef-2f4d6b72015d, raftlog=3c8f8348-5b45-4285-ac9e-7c9778a12270@group-1BC579A085D0-SegmentedRaftLog:OPENED:c-1, conf=-1: [f600cccb-c69c-4e5d-9bb2-bde895ce90eb|rpc:127.0.0.1:46271|dataStream:|priority:1, b2f71e74-b885-4a74-acef-2f4d6b72015d|rpc:127.0.0.1:43737|dataStream:|priority:0, 3c8f8348-5b45-4285-ac9e-7c9778a12270|rpc:127.0.0.1:44683|dataStream:|priority:0], old=null
2022-06-08 19:34:05,280 [b2f71e74-b885-4a74-acef-2f4d6b72015d@group-347FF21BF0E9-FollowerState] INFO  impl.FollowerState (FollowerState.java:run(143)) - b2f71e74-b885-4a74-acef-2f4d6b72015d@group-347FF21BF0E9-FollowerState: change to CANDIDATE, lastRpcElapsedTime:5195929042ns, electionTimeout:5181ms
2022-06-08 19:34:05,281 [b2f71e74-b885-4a74-acef-2f4d6b72015d@group-347FF21BF0E9-FollowerState] INFO  impl.RoleInfo (RoleInfo.java:shutdownFollowerState(110)) - b2f71e74-b885-4a74-acef-2f4d6b72015d: shutdown b2f71e74-b885-4a74-acef-2f4d6b72015d@group-347FF21BF0E9-FollowerState
2022-06-08 19:34:05,281 [b2f71e74-b885-4a74-acef-2f4d6b72015d@group-347FF21BF0E9-FollowerState] INFO  server.RaftServer$Division (RaftServerImpl.java:setRole(299)) - b2f71e74-b885-4a74-acef-2f4d6b72015d@group-347FF21BF0E9: changes role from  FOLLOWER to CANDIDATE at term 0 for changeToCandidate
2022-06-08 19:34:05,281 [b2f71e74-b885-4a74-acef-2f4d6b72015d@group-347FF21BF0E9-FollowerState] INFO  server.RaftServerConfigKeys (ConfUtils.java:logGet(46)) - raft.server.leaderelection.pre-vote = false (custom)
2022-06-08 19:34:05,281 [b2f71e74-b885-4a74-acef-2f4d6b72015d@group-347FF21BF0E9-FollowerState] INFO  impl.RoleInfo (RoleInfo.java:updateAndGet(139)) - b2f71e74-b885-4a74-acef-2f4d6b72015d: start b2f71e74-b885-4a74-acef-2f4d6b72015d@group-347FF21BF0E9-LeaderElection9
2022-06-08 19:34:05,290 [b2f71e74-b885-4a74-acef-2f4d6b72015d@group-347FF21BF0E9-LeaderElection9] INFO  impl.LeaderElection (LeaderElection.java:askForVotes(310)) - b2f71e74-b885-4a74-acef-2f4d6b72015d@group-347FF21BF0E9-LeaderElection9 ELECTION round 0: submit vote requests at term 1 for -1: [f600cccb-c69c-4e5d-9bb2-bde895ce90eb|rpc:127.0.0.1:46271|priority:0, b2f71e74-b885-4a74-acef-2f4d6b72015d|rpc:127.0.0.1:43737|priority:0, 3c8f8348-5b45-4285-ac9e-7c9778a12270|rpc:127.0.0.1:44683|priority:1], old=null
2022-06-08 19:34:05,294 [grpc-default-executor-0] INFO  server.RaftServer$Division (RaftServerImpl.java:requestVote(1152)) - 3c8f8348-5b45-4285-ac9e-7c9778a12270@group-347FF21BF0E9: receive requestVote(ELECTION, b2f71e74-b885-4a74-acef-2f4d6b72015d, group-347FF21BF0E9, 1, (t:0, i:0))
2022-06-08 19:34:05,294 [grpc-default-executor-0] INFO  impl.VoteContext (VoteContext.java:log(48)) - 3c8f8348-5b45-4285-ac9e-7c9778a12270@group-347FF21BF0E9-FOLLOWER: reject ELECTION from b2f71e74-b885-4a74-acef-2f4d6b72015d: our priority 1 > candidate's priority 0
2022-06-08 19:34:05,294 [grpc-default-executor-0] INFO  server.RaftServer$Division (RaftServerImpl.java:setRole(299)) - 3c8f8348-5b45-4285-ac9e-7c9778a12270@group-347FF21BF0E9: changes role from  FOLLOWER to FOLLOWER at term 1 for candidate:b2f71e74-b885-4a74-acef-2f4d6b72015d
2022-06-08 19:34:05,294 [grpc-default-executor-0] INFO  impl.RoleInfo (RoleInfo.java:shutdownFollowerState(110)) - 3c8f8348-5b45-4285-ac9e-7c9778a12270: shutdown 3c8f8348-5b45-4285-ac9e-7c9778a12270@group-347FF21BF0E9-FollowerState
2022-06-08 19:34:05,295 [grpc-default-executor-0] INFO  impl.RoleInfo (RoleInfo.java:updateAndGet(139)) - 3c8f8348-5b45-4285-ac9e-7c9778a12270: start 3c8f8348-5b45-4285-ac9e-7c9778a12270@group-347FF21BF0E9-FollowerState
2022-06-08 19:34:05,295 [3c8f8348-5b45-4285-ac9e-7c9778a12270@group-347FF21BF0E9-FollowerState] INFO  impl.FollowerState (FollowerState.java:run(152)) - 3c8f8348-5b45-4285-ac9e-7c9778a12270@group-347FF21BF0E9-FollowerState was interrupted
2022-06-08 19:34:05,296 [grpc-default-executor-0] INFO  server.RaftServer$Division (RaftServerImpl.java:requestVote(1184)) - 3c8f8348-5b45-4285-ac9e-7c9778a12270@group-347FF21BF0E9 replies to ELECTION vote request: b2f71e74-b885-4a74-acef-2f4d6b72015d<-3c8f8348-5b45-4285-ac9e-7c9778a12270#0:FAIL-t1. Peer's state: 3c8f8348-5b45-4285-ac9e-7c9778a12270@group-347FF21BF0E9:t1, leader=null, voted=null, raftlog=3c8f8348-5b45-4285-ac9e-7c9778a12270@group-347FF21BF0E9-SegmentedRaftLog:OPENED:c-1, conf=-1: [f600cccb-c69c-4e5d-9bb2-bde895ce90eb|rpc:127.0.0.1:46271|dataStream:|priority:0, b2f71e74-b885-4a74-acef-2f4d6b72015d|rpc:127.0.0.1:43737|dataStream:|priority:0, 3c8f8348-5b45-4285-ac9e-7c9778a12270|rpc:127.0.0.1:44683|dataStream:|priority:1], old=null
2022-06-08 19:34:05,296 [grpc-default-executor-3] INFO  server.RaftServer$Division (RaftServerImpl.java:requestVote(1152)) - f600cccb-c69c-4e5d-9bb2-bde895ce90eb@group-347FF21BF0E9: receive requestVote(ELECTION, b2f71e74-b885-4a74-acef-2f4d6b72015d, group-347FF21BF0E9, 1, (t:0, i:0))
2022-06-08 19:34:05,297 [grpc-default-executor-3] INFO  impl.VoteContext (VoteContext.java:log(48)) - f600cccb-c69c-4e5d-9bb2-bde895ce90eb@group-347FF21BF0E9-FOLLOWER: accept ELECTION from b2f71e74-b885-4a74-acef-2f4d6b72015d: our priority 0 <= candidate's priority 0
2022-06-08 19:34:05,297 [grpc-default-executor-3] INFO  server.RaftServer$Division (RaftServerImpl.java:setRole(299)) - f600cccb-c69c-4e5d-9bb2-bde895ce90eb@group-347FF21BF0E9: changes role from  FOLLOWER to FOLLOWER at term 1 for candidate:b2f71e74-b885-4a74-acef-2f4d6b72015d
2022-06-08 19:34:05,297 [grpc-default-executor-3] INFO  impl.RoleInfo (RoleInfo.java:shutdownFollowerState(110)) - f600cccb-c69c-4e5d-9bb2-bde895ce90eb: shutdown f600cccb-c69c-4e5d-9bb2-bde895ce90eb@group-347FF21BF0E9-FollowerState
2022-06-08 19:34:05,297 [grpc-default-executor-3] INFO  impl.RoleInfo (RoleInfo.java:updateAndGet(139)) - f600cccb-c69c-4e5d-9bb2-bde895ce90eb: start f600cccb-c69c-4e5d-9bb2-bde895ce90eb@group-347FF21BF0E9-FollowerState
2022-06-08 19:34:05,297 [f600cccb-c69c-4e5d-9bb2-bde895ce90eb@group-347FF21BF0E9-FollowerState] INFO  impl.FollowerState (FollowerState.java:run(152)) - f600cccb-c69c-4e5d-9bb2-bde895ce90eb@group-347FF21BF0E9-FollowerState was interrupted
2022-06-08 19:34:05,299 [grpc-default-executor-3] INFO  server.RaftServer$Division (RaftServerImpl.java:requestVote(1184)) - f600cccb-c69c-4e5d-9bb2-bde895ce90eb@group-347FF21BF0E9 replies to ELECTION vote request: b2f71e74-b885-4a74-acef-2f4d6b72015d<-f600cccb-c69c-4e5d-9bb2-bde895ce90eb#0:OK-t1. Peer's state: f600cccb-c69c-4e5d-9bb2-bde895ce90eb@group-347FF21BF0E9:t1, leader=null, voted=b2f71e74-b885-4a74-acef-2f4d6b72015d, raftlog=f600cccb-c69c-4e5d-9bb2-bde895ce90eb@group-347FF21BF0E9-SegmentedRaftLog:OPENED:c-1, conf=-1: [f600cccb-c69c-4e5d-9bb2-bde895ce90eb|rpc:127.0.0.1:46271|priority:0, b2f71e74-b885-4a74-acef-2f4d6b72015d|rpc:127.0.0.1:43737|priority:0, 3c8f8348-5b45-4285-ac9e-7c9778a12270|rpc:127.0.0.1:44683|priority:1], old=null
2022-06-08 19:34:05,302 [b2f71e74-b885-4a74-acef-2f4d6b72015d@group-347FF21BF0E9-LeaderElection9] INFO  impl.LeaderElection (LeaderElection.java:logAndReturn(90)) - b2f71e74-b885-4a74-acef-2f4d6b72015d@group-347FF21BF0E9-LeaderElection9: ELECTION REJECTED received 2 response(s) and 0 exception(s):
2022-06-08 19:34:05,302 [b2f71e74-b885-4a74-acef-2f4d6b72015d@group-347FF21BF0E9-LeaderElection9] INFO  impl.LeaderElection (LeaderElection.java:logAndReturn(94)) -   Response 0: b2f71e74-b885-4a74-acef-2f4d6b72015d<-f600cccb-c69c-4e5d-9bb2-bde895ce90eb#0:OK-t1
2022-06-08 19:34:05,302 [b2f71e74-b885-4a74-acef-2f4d6b72015d@group-347FF21BF0E9-LeaderElection9] INFO  impl.LeaderElection (LeaderElection.java:logAndReturn(94)) -   Response 1: b2f71e74-b885-4a74-acef-2f4d6b72015d<-3c8f8348-5b45-4285-ac9e-7c9778a12270#0:FAIL-t1
2022-06-08 19:34:05,302 [b2f71e74-b885-4a74-acef-2f4d6b72015d@group-347FF21BF0E9-LeaderElection9] INFO  impl.LeaderElection (LeaderElection.java:askForVotes(312)) - b2f71e74-b885-4a74-acef-2f4d6b72015d@group-347FF21BF0E9-LeaderElection9 ELECTION round 0: result REJECTED
2022-06-08 19:34:05,302 [b2f71e74-b885-4a74-acef-2f4d6b72015d@group-347FF21BF0E9-LeaderElection9] INFO  server.RaftServer$Division (RaftServerImpl.java:setRole(299)) - b2f71e74-b885-4a74-acef-2f4d6b72015d@group-347FF21BF0E9: changes role from CANDIDATE to FOLLOWER at term 1 for REJECTED
2022-06-08 19:34:05,303 [b2f71e74-b885-4a74-acef-2f4d6b72015d@group-347FF21BF0E9-LeaderElection9] INFO  impl.RoleInfo (RoleInfo.java:shutdownLeaderElection(130)) - b2f71e74-b885-4a74-acef-2f4d6b72015d: shutdown b2f71e74-b885-4a74-acef-2f4d6b72015d@group-347FF21BF0E9-LeaderElection9
2022-06-08 19:34:05,303 [b2f71e74-b885-4a74-acef-2f4d6b72015d@group-347FF21BF0E9-LeaderElection9] INFO  impl.RoleInfo (RoleInfo.java:updateAndGet(139)) - b2f71e74-b885-4a74-acef-2f4d6b72015d: start b2f71e74-b885-4a74-acef-2f4d6b72015d@group-347FF21BF0E9-FollowerState
2022-06-08 19:34:05,313 [f600cccb-c69c-4e5d-9bb2-bde895ce90eb@group-B810B796FD8E-FollowerState] INFO  impl.FollowerState (FollowerState.java:run(143)) - f600cccb-c69c-4e5d-9bb2-bde895ce90eb@group-B810B796FD8E-FollowerState: change to CANDIDATE, lastRpcElapsedTime:5196140944ns, electionTimeout:5188ms
2022-06-08 19:34:05,313 [f600cccb-c69c-4e5d-9bb2-bde895ce90eb@group-B810B796FD8E-FollowerState] INFO  impl.RoleInfo (RoleInfo.java:shutdownFollowerState(110)) - f600cccb-c69c-4e5d-9bb2-bde895ce90eb: shutdown f600cccb-c69c-4e5d-9bb2-bde895ce90eb@group-B810B796FD8E-FollowerState
2022-06-08 19:34:05,313 [f600cccb-c69c-4e5d-9bb2-bde895ce90eb@group-B810B796FD8E-FollowerState] INFO  server.RaftServer$Division (RaftServerImpl.java:setRole(299)) - f600cccb-c69c-4e5d-9bb2-bde895ce90eb@group-B810B796FD8E: changes role from  FOLLOWER to CANDIDATE at term 0 for changeToCandidate
2022-06-08 19:34:05,313 [f600cccb-c69c-4e5d-9bb2-bde895ce90eb@group-B810B796FD8E-FollowerState] INFO  server.RaftServerConfigKeys (ConfUtils.java:logGet(46)) - raft.server.leaderelection.pre-vote = false (custom)
2022-06-08 19:34:05,314 [f600cccb-c69c-4e5d-9bb2-bde895ce90eb@group-B810B796FD8E-FollowerState] INFO  impl.RoleInfo (RoleInfo.java:updateAndGet(139)) - f600cccb-c69c-4e5d-9bb2-bde895ce90eb: start f600cccb-c69c-4e5d-9bb2-bde895ce90eb@group-B810B796FD8E-LeaderElection10
2022-06-08 19:34:05,317 [f600cccb-c69c-4e5d-9bb2-bde895ce90eb@group-B810B796FD8E-LeaderElection10] INFO  impl.LeaderElection (LeaderElection.java:askForVotes(310)) - f600cccb-c69c-4e5d-9bb2-bde895ce90eb@group-B810B796FD8E-LeaderElection10 ELECTION round 0: submit vote requests at term 1 for -1: [f600cccb-c69c-4e5d-9bb2-bde895ce90eb|rpc:127.0.0.1:46271|priority:1], old=null
2022-06-08 19:34:05,317 [f600cccb-c69c-4e5d-9bb2-bde895ce90eb@group-B810B796FD8E-LeaderElection10] INFO  impl.LeaderElection (LeaderElection.java:askForVotes(312)) - f600cccb-c69c-4e5d-9bb2-bde895ce90eb@group-B810B796FD8E-LeaderElection10 ELECTION round 0: result PASSED (term=1)
2022-06-08 19:34:05,317 [f600cccb-c69c-4e5d-9bb2-bde895ce90eb@group-B810B796FD8E-LeaderElection10] INFO  impl.RoleInfo (RoleInfo.java:shutdownLeaderElection(130)) - f600cccb-c69c-4e5d-9bb2-bde895ce90eb: shutdown f600cccb-c69c-4e5d-9bb2-bde895ce90eb@group-B810B796FD8E-LeaderElection10
2022-06-08 19:34:05,317 [f600cccb-c69c-4e5d-9bb2-bde895ce90eb@group-B810B796FD8E-LeaderElection10] INFO  server.RaftServer$Division (RaftServerImpl.java:setRole(299)) - f600cccb-c69c-4e5d-9bb2-bde895ce90eb@group-B810B796FD8E: changes role from CANDIDATE to LEADER at term 1 for changeToLeader
2022-06-08 19:34:05,317 [f600cccb-c69c-4e5d-9bb2-bde895ce90eb@group-B810B796FD8E-LeaderElection10] INFO  ratis.XceiverServerRatis (XceiverServerRatis.java:handleLeaderChangedNotification(863)) - Leader change notification received for group: group-B810B796FD8E with new leaderId: f600cccb-c69c-4e5d-9bb2-bde895ce90eb
2022-06-08 19:34:05,317 [f600cccb-c69c-4e5d-9bb2-bde895ce90eb@group-B810B796FD8E-LeaderElection10] INFO  server.RaftServer$Division (ServerState.java:setLeader(287)) - f600cccb-c69c-4e5d-9bb2-bde895ce90eb@group-B810B796FD8E: change Leader from null to f600cccb-c69c-4e5d-9bb2-bde895ce90eb at term 1 for becomeLeader, leader elected after 5233ms
2022-06-08 19:34:05,317 [f600cccb-c69c-4e5d-9bb2-bde895ce90eb@group-B810B796FD8E-LeaderElection10] INFO  server.RaftServerConfigKeys (ConfUtils.java:logGet(46)) - raft.server.staging.catchup.gap = 1000 (default)
2022-06-08 19:34:05,320 [EventQueue-OpenPipelineForHealthyPipelineSafeModeRule] INFO  safemode.SCMSafeModeManager (HealthyPipelineSafeModeRule.java:process(124)) - SCM in safe mode. Healthy pipelines reported count is 0, required healthy pipeline reported count is 1
2022-06-08 19:34:05,320 [EventQueue-OpenPipelineForHealthyPipelineSafeModeRule] INFO  safemode.SCMSafeModeManager (HealthyPipelineSafeModeRule.java:process(124)) - SCM in safe mode. Healthy pipelines reported count is 0, required healthy pipeline reported count is 1
2022-06-08 19:34:05,321 [f600cccb-c69c-4e5d-9bb2-bde895ce90eb@group-B810B796FD8E-LeaderElection10] INFO  server.RaftServerConfigKeys (ConfUtils.java:logGet(46)) - raft.server.write.element-limit = 1024 (custom)
2022-06-08 19:34:05,321 [f600cccb-c69c-4e5d-9bb2-bde895ce90eb@group-B810B796FD8E-LeaderElection10] INFO  server.RaftServerConfigKeys (ConfUtils.java:logGet(46)) - raft.server.write.byte-limit = 1024 M (=1073741824) (custom)
2022-06-08 19:34:05,321 [f600cccb-c69c-4e5d-9bb2-bde895ce90eb@group-B810B796FD8E-LeaderElection10] INFO  server.RaftServerConfigKeys (ConfUtils.java:logGet(46)) - raft.server.watch.timeout = 180s (custom)
2022-06-08 19:34:05,321 [f600cccb-c69c-4e5d-9bb2-bde895ce90eb@group-B810B796FD8E-LeaderElection10] INFO  server.RaftServerConfigKeys (ConfUtils.java:logGet(46)) - raft.server.watch.timeout.denomination = 1s (default)
2022-06-08 19:34:05,321 [EventQueue-OpenPipelineForHealthyPipelineSafeModeRule] INFO  safemode.SCMSafeModeManager (HealthyPipelineSafeModeRule.java:process(124)) - SCM in safe mode. Healthy pipelines reported count is 0, required healthy pipeline reported count is 1
2022-06-08 19:34:05,322 [f600cccb-c69c-4e5d-9bb2-bde895ce90eb@group-B810B796FD8E-LeaderElection10] INFO  server.RaftServerConfigKeys (ConfUtils.java:logGet(46)) - raft.server.watch.element-limit = 65536 (default)
2022-06-08 19:34:05,323 [f600cccb-c69c-4e5d-9bb2-bde895ce90eb@group-B810B796FD8E-LeaderElection10] INFO  server.RaftServerConfigKeys (ConfUtils.java:logGet(46)) - raft.server.write.element-limit = 1024 (custom)
2022-06-08 19:34:05,323 [f600cccb-c69c-4e5d-9bb2-bde895ce90eb@group-B810B796FD8E-LeaderElection10] INFO  server.RaftServerConfigKeys (ConfUtils.java:logGet(46)) - raft.server.write.follower.gap.ratio.max = -1.0 (default)
2022-06-08 19:34:05,323 [f600cccb-c69c-4e5d-9bb2-bde895ce90eb@group-B810B796FD8E-LeaderElection10] INFO  impl.RoleInfo (RoleInfo.java:updateAndGet(139)) - f600cccb-c69c-4e5d-9bb2-bde895ce90eb: start f600cccb-c69c-4e5d-9bb2-bde895ce90eb@group-B810B796FD8E-LeaderStateImpl
2022-06-08 19:34:05,323 [f600cccb-c69c-4e5d-9bb2-bde895ce90eb@group-B810B796FD8E-LeaderElection10] INFO  segmented.SegmentedRaftLogWorker (SegmentedRaftLogWorker.java:startLogSegment(425)) - f600cccb-c69c-4e5d-9bb2-bde895ce90eb@group-B810B796FD8E-SegmentedRaftLogWorker: Starting segment from index:0
2022-06-08 19:34:05,327 [f600cccb-c69c-4e5d-9bb2-bde895ce90eb@group-B810B796FD8E-LeaderElection10] INFO  server.RaftServer$Division (ServerState.java:setRaftConf(393)) - f600cccb-c69c-4e5d-9bb2-bde895ce90eb@group-B810B796FD8E: set configuration 0: [f600cccb-c69c-4e5d-9bb2-bde895ce90eb|rpc:127.0.0.1:46271|dataStream:|priority:1], old=null
2022-06-08 19:34:05,328 [f600cccb-c69c-4e5d-9bb2-bde895ce90eb@group-B810B796FD8E-SegmentedRaftLogWorker] INFO  segmented.SegmentedRaftLogWorker (SegmentedRaftLogWorker.java:execute(629)) - f600cccb-c69c-4e5d-9bb2-bde895ce90eb@group-B810B796FD8E-SegmentedRaftLogWorker: created new log segment /home/runner/work/ozone/ozone/hadoop-ozone/integration-test/target/test-dir/MiniOzoneClusterImpl-6ca4cc63-2561-4277-bbe7-e6e454dc87c0/datanode-1/data/ratis/f72d408b-2869-49f8-afea-b810b796fd8e/current/log_inprogress_0
2022-06-08 19:34:05,498 [Listener at 127.0.0.1/45261] INFO  ozone.MiniOzoneClusterImpl (MiniOzoneClusterImpl.java:lambda$waitForClusterToBeReady$0(221)) - Nodes are ready. Got 3 of 3 DN Heartbeats.
2022-06-08 19:34:05,498 [Listener at 127.0.0.1/45261] INFO  ozone.MiniOzoneClusterImpl (MiniOzoneClusterImpl.java:lambda$waitForClusterToBeReady$0(224)) - Waiting for cluster to exit safe mode
2022-06-08 19:34:05,499 [Listener at 127.0.0.1/45261] INFO  ozone.MiniOzoneClusterImpl (MiniOzoneClusterImpl.java:lambda$waitForClusterToBeReady$0(226)) - SCM became leader
2022-06-08 19:34:05,579 [3c8f8348-5b45-4285-ac9e-7c9778a12270@group-2055C2A38956-FollowerState] INFO  impl.FollowerState (FollowerState.java:run(143)) - 3c8f8348-5b45-4285-ac9e-7c9778a12270@group-2055C2A38956-FollowerState: change to CANDIDATE, lastRpcElapsedTime:5066792396ns, electionTimeout:5063ms
2022-06-08 19:34:05,579 [3c8f8348-5b45-4285-ac9e-7c9778a12270@group-2055C2A38956-FollowerState] INFO  impl.RoleInfo (RoleInfo.java:shutdownFollowerState(110)) - 3c8f8348-5b45-4285-ac9e-7c9778a12270: shutdown 3c8f8348-5b45-4285-ac9e-7c9778a12270@group-2055C2A38956-FollowerState
2022-06-08 19:34:05,579 [3c8f8348-5b45-4285-ac9e-7c9778a12270@group-2055C2A38956-FollowerState] INFO  server.RaftServer$Division (RaftServerImpl.java:setRole(299)) - 3c8f8348-5b45-4285-ac9e-7c9778a12270@group-2055C2A38956: changes role from  FOLLOWER to CANDIDATE at term 0 for changeToCandidate
2022-06-08 19:34:05,579 [3c8f8348-5b45-4285-ac9e-7c9778a12270@group-2055C2A38956-FollowerState] INFO  server.RaftServerConfigKeys (ConfUtils.java:logGet(46)) - raft.server.leaderelection.pre-vote = false (custom)
2022-06-08 19:34:05,579 [3c8f8348-5b45-4285-ac9e-7c9778a12270@group-2055C2A38956-FollowerState] INFO  impl.RoleInfo (RoleInfo.java:updateAndGet(139)) - 3c8f8348-5b45-4285-ac9e-7c9778a12270: start 3c8f8348-5b45-4285-ac9e-7c9778a12270@group-2055C2A38956-LeaderElection11
2022-06-08 19:34:05,590 [3c8f8348-5b45-4285-ac9e-7c9778a12270@group-2055C2A38956-LeaderElection11] INFO  impl.LeaderElection (LeaderElection.java:askForVotes(310)) - 3c8f8348-5b45-4285-ac9e-7c9778a12270@group-2055C2A38956-LeaderElection11 ELECTION round 0: submit vote requests at term 1 for -1: [3c8f8348-5b45-4285-ac9e-7c9778a12270|rpc:127.0.0.1:44683|priority:1], old=null
2022-06-08 19:34:05,590 [3c8f8348-5b45-4285-ac9e-7c9778a12270@group-2055C2A38956-LeaderElection11] INFO  impl.LeaderElection (LeaderElection.java:askForVotes(312)) - 3c8f8348-5b45-4285-ac9e-7c9778a12270@group-2055C2A38956-LeaderElection11 ELECTION round 0: result PASSED (term=1)
2022-06-08 19:34:05,590 [3c8f8348-5b45-4285-ac9e-7c9778a12270@group-2055C2A38956-LeaderElection11] INFO  impl.RoleInfo (RoleInfo.java:shutdownLeaderElection(130)) - 3c8f8348-5b45-4285-ac9e-7c9778a12270: shutdown 3c8f8348-5b45-4285-ac9e-7c9778a12270@group-2055C2A38956-LeaderElection11
2022-06-08 19:34:05,590 [3c8f8348-5b45-4285-ac9e-7c9778a12270@group-2055C2A38956-LeaderElection11] INFO  server.RaftServer$Division (RaftServerImpl.java:setRole(299)) - 3c8f8348-5b45-4285-ac9e-7c9778a12270@group-2055C2A38956: changes role from CANDIDATE to LEADER at term 1 for changeToLeader
2022-06-08 19:34:05,590 [3c8f8348-5b45-4285-ac9e-7c9778a12270@group-2055C2A38956-LeaderElection11] INFO  ratis.XceiverServerRatis (XceiverServerRatis.java:handleLeaderChangedNotification(863)) - Leader change notification received for group: group-2055C2A38956 with new leaderId: 3c8f8348-5b45-4285-ac9e-7c9778a12270
2022-06-08 19:34:05,590 [3c8f8348-5b45-4285-ac9e-7c9778a12270@group-2055C2A38956-LeaderElection11] INFO  server.RaftServer$Division (ServerState.java:setLeader(287)) - 3c8f8348-5b45-4285-ac9e-7c9778a12270@group-2055C2A38956: change Leader from null to 3c8f8348-5b45-4285-ac9e-7c9778a12270 at term 1 for becomeLeader, leader elected after 5090ms
2022-06-08 19:34:05,590 [3c8f8348-5b45-4285-ac9e-7c9778a12270@group-2055C2A38956-LeaderElection11] INFO  server.RaftServerConfigKeys (ConfUtils.java:logGet(46)) - raft.server.staging.catchup.gap = 1000 (default)
2022-06-08 19:34:05,592 [EventQueue-OpenPipelineForHealthyPipelineSafeModeRule] INFO  safemode.SCMSafeModeManager (HealthyPipelineSafeModeRule.java:process(124)) - SCM in safe mode. Healthy pipelines reported count is 0, required healthy pipeline reported count is 1
2022-06-08 19:34:05,592 [EventQueue-OpenPipelineForHealthyPipelineSafeModeRule] INFO  safemode.SCMSafeModeManager (HealthyPipelineSafeModeRule.java:process(124)) - SCM in safe mode. Healthy pipelines reported count is 0, required healthy pipeline reported count is 1
2022-06-08 19:34:05,593 [EventQueue-OpenPipelineForHealthyPipelineSafeModeRule] INFO  safemode.SCMSafeModeManager (HealthyPipelineSafeModeRule.java:process(124)) - SCM in safe mode. Healthy pipelines reported count is 0, required healthy pipeline reported count is 1
2022-06-08 19:34:05,594 [3c8f8348-5b45-4285-ac9e-7c9778a12270@group-2055C2A38956-LeaderElection11] INFO  server.RaftServerConfigKeys (ConfUtils.java:logGet(46)) - raft.server.write.element-limit = 1024 (custom)
2022-06-08 19:34:05,594 [3c8f8348-5b45-4285-ac9e-7c9778a12270@group-2055C2A38956-LeaderElection11] INFO  server.RaftServerConfigKeys (ConfUtils.java:logGet(46)) - raft.server.write.byte-limit = 1024 M (=1073741824) (custom)
2022-06-08 19:34:05,594 [3c8f8348-5b45-4285-ac9e-7c9778a12270@group-2055C2A38956-LeaderElection11] INFO  server.RaftServerConfigKeys (ConfUtils.java:logGet(46)) - raft.server.watch.timeout = 180s (custom)
2022-06-08 19:34:05,594 [3c8f8348-5b45-4285-ac9e-7c9778a12270@group-2055C2A38956-LeaderElection11] INFO  server.RaftServerConfigKeys (ConfUtils.java:logGet(46)) - raft.server.watch.timeout.denomination = 1s (default)
2022-06-08 19:34:05,594 [3c8f8348-5b45-4285-ac9e-7c9778a12270@group-2055C2A38956-LeaderElection11] INFO  server.RaftServerConfigKeys (ConfUtils.java:logGet(46)) - raft.server.watch.element-limit = 65536 (default)
2022-06-08 19:34:05,594 [3c8f8348-5b45-4285-ac9e-7c9778a12270@group-2055C2A38956-LeaderElection11] INFO  server.RaftServerConfigKeys (ConfUtils.java:logGet(46)) - raft.server.write.element-limit = 1024 (custom)
2022-06-08 19:34:05,594 [3c8f8348-5b45-4285-ac9e-7c9778a12270@group-2055C2A38956-LeaderElection11] INFO  server.RaftServerConfigKeys (ConfUtils.java:logGet(46)) - raft.server.write.follower.gap.ratio.max = -1.0 (default)
2022-06-08 19:34:05,595 [3c8f8348-5b45-4285-ac9e-7c9778a12270@group-2055C2A38956-LeaderElection11] INFO  impl.RoleInfo (RoleInfo.java:updateAndGet(139)) - 3c8f8348-5b45-4285-ac9e-7c9778a12270: start 3c8f8348-5b45-4285-ac9e-7c9778a12270@group-2055C2A38956-LeaderStateImpl
2022-06-08 19:34:05,595 [3c8f8348-5b45-4285-ac9e-7c9778a12270@group-2055C2A38956-LeaderElection11] INFO  segmented.SegmentedRaftLogWorker (SegmentedRaftLogWorker.java:startLogSegment(425)) - 3c8f8348-5b45-4285-ac9e-7c9778a12270@group-2055C2A38956-SegmentedRaftLogWorker: Starting segment from index:0
2022-06-08 19:34:05,597 [3c8f8348-5b45-4285-ac9e-7c9778a12270@group-2055C2A38956-LeaderElection11] INFO  server.RaftServer$Division (ServerState.java:setRaftConf(393)) - 3c8f8348-5b45-4285-ac9e-7c9778a12270@group-2055C2A38956: set configuration 0: [3c8f8348-5b45-4285-ac9e-7c9778a12270|rpc:127.0.0.1:44683|dataStream:|priority:1], old=null
2022-06-08 19:34:05,603 [3c8f8348-5b45-4285-ac9e-7c9778a12270@group-2055C2A38956-SegmentedRaftLogWorker] INFO  segmented.SegmentedRaftLogWorker (SegmentedRaftLogWorker.java:execute(629)) - 3c8f8348-5b45-4285-ac9e-7c9778a12270@group-2055C2A38956-SegmentedRaftLogWorker: created new log segment /home/runner/work/ozone/ozone/hadoop-ozone/integration-test/target/test-dir/MiniOzoneClusterImpl-6ca4cc63-2561-4277-bbe7-e6e454dc87c0/datanode-2/data/ratis/2099c3d0-45a7-4a1c-b8e2-2055c2a38956/current/log_inprogress_0
2022-06-08 19:34:06,499 [Listener at 127.0.0.1/45261] INFO  ozone.MiniOzoneClusterImpl (MiniOzoneClusterImpl.java:lambda$waitForClusterToBeReady$0(221)) - Nodes are ready. Got 3 of 3 DN Heartbeats.
2022-06-08 19:34:06,499 [Listener at 127.0.0.1/45261] INFO  ozone.MiniOzoneClusterImpl (MiniOzoneClusterImpl.java:lambda$waitForClusterToBeReady$0(224)) - Waiting for cluster to exit safe mode
2022-06-08 19:34:06,499 [Listener at 127.0.0.1/45261] INFO  ozone.MiniOzoneClusterImpl (MiniOzoneClusterImpl.java:lambda$waitForClusterToBeReady$0(226)) - SCM became leader
2022-06-08 19:34:07,499 [Listener at 127.0.0.1/45261] INFO  ozone.MiniOzoneClusterImpl (MiniOzoneClusterImpl.java:lambda$waitForClusterToBeReady$0(221)) - Nodes are ready. Got 3 of 3 DN Heartbeats.
2022-06-08 19:34:07,500 [Listener at 127.0.0.1/45261] INFO  ozone.MiniOzoneClusterImpl (MiniOzoneClusterImpl.java:lambda$waitForClusterToBeReady$0(224)) - Waiting for cluster to exit safe mode
2022-06-08 19:34:07,500 [Listener at 127.0.0.1/45261] INFO  ozone.MiniOzoneClusterImpl (MiniOzoneClusterImpl.java:lambda$waitForClusterToBeReady$0(226)) - SCM became leader
2022-06-08 19:34:08,500 [Listener at 127.0.0.1/45261] INFO  ozone.MiniOzoneClusterImpl (MiniOzoneClusterImpl.java:lambda$waitForClusterToBeReady$0(221)) - Nodes are ready. Got 3 of 3 DN Heartbeats.
2022-06-08 19:34:08,501 [Listener at 127.0.0.1/45261] INFO  ozone.MiniOzoneClusterImpl (MiniOzoneClusterImpl.java:lambda$waitForClusterToBeReady$0(224)) - Waiting for cluster to exit safe mode
2022-06-08 19:34:08,501 [Listener at 127.0.0.1/45261] INFO  ozone.MiniOzoneClusterImpl (MiniOzoneClusterImpl.java:lambda$waitForClusterToBeReady$0(226)) - SCM became leader
2022-06-08 19:34:09,501 [Listener at 127.0.0.1/45261] INFO  ozone.MiniOzoneClusterImpl (MiniOzoneClusterImpl.java:lambda$waitForClusterToBeReady$0(221)) - Nodes are ready. Got 3 of 3 DN Heartbeats.
2022-06-08 19:34:09,501 [Listener at 127.0.0.1/45261] INFO  ozone.MiniOzoneClusterImpl (MiniOzoneClusterImpl.java:lambda$waitForClusterToBeReady$0(224)) - Waiting for cluster to exit safe mode
2022-06-08 19:34:09,501 [Listener at 127.0.0.1/45261] INFO  ozone.MiniOzoneClusterImpl (MiniOzoneClusterImpl.java:lambda$waitForClusterToBeReady$0(226)) - SCM became leader
2022-06-08 19:34:10,102 [f600cccb-c69c-4e5d-9bb2-bde895ce90eb@group-1BC579A085D0-FollowerState] INFO  impl.FollowerState (FollowerState.java:run(143)) - f600cccb-c69c-4e5d-9bb2-bde895ce90eb@group-1BC579A085D0-FollowerState: change to CANDIDATE, lastRpcElapsedTime:5131094767ns, electionTimeout:5128ms
2022-06-08 19:34:10,102 [f600cccb-c69c-4e5d-9bb2-bde895ce90eb@group-1BC579A085D0-FollowerState] INFO  impl.RoleInfo (RoleInfo.java:shutdownFollowerState(110)) - f600cccb-c69c-4e5d-9bb2-bde895ce90eb: shutdown f600cccb-c69c-4e5d-9bb2-bde895ce90eb@group-1BC579A085D0-FollowerState
2022-06-08 19:34:10,102 [f600cccb-c69c-4e5d-9bb2-bde895ce90eb@group-1BC579A085D0-FollowerState] INFO  server.RaftServer$Division (RaftServerImpl.java:setRole(299)) - f600cccb-c69c-4e5d-9bb2-bde895ce90eb@group-1BC579A085D0: changes role from  FOLLOWER to CANDIDATE at term 1 for changeToCandidate
2022-06-08 19:34:10,102 [f600cccb-c69c-4e5d-9bb2-bde895ce90eb@group-1BC579A085D0-FollowerState] INFO  server.RaftServerConfigKeys (ConfUtils.java:logGet(46)) - raft.server.leaderelection.pre-vote = false (custom)
2022-06-08 19:34:10,102 [f600cccb-c69c-4e5d-9bb2-bde895ce90eb@group-1BC579A085D0-FollowerState] INFO  impl.RoleInfo (RoleInfo.java:updateAndGet(139)) - f600cccb-c69c-4e5d-9bb2-bde895ce90eb: start f600cccb-c69c-4e5d-9bb2-bde895ce90eb@group-1BC579A085D0-LeaderElection12
2022-06-08 19:34:10,109 [f600cccb-c69c-4e5d-9bb2-bde895ce90eb@group-1BC579A085D0-LeaderElection12] INFO  impl.LeaderElection (LeaderElection.java:askForVotes(310)) - f600cccb-c69c-4e5d-9bb2-bde895ce90eb@group-1BC579A085D0-LeaderElection12 ELECTION round 0: submit vote requests at term 2 for -1: [f600cccb-c69c-4e5d-9bb2-bde895ce90eb|rpc:127.0.0.1:46271|dataStream:|priority:1, b2f71e74-b885-4a74-acef-2f4d6b72015d|rpc:127.0.0.1:43737|dataStream:|priority:0, 3c8f8348-5b45-4285-ac9e-7c9778a12270|rpc:127.0.0.1:44683|dataStream:|priority:0], old=null
2022-06-08 19:34:10,124 [grpc-default-executor-0] INFO  server.RaftServer$Division (RaftServerImpl.java:requestVote(1152)) - b2f71e74-b885-4a74-acef-2f4d6b72015d@group-1BC579A085D0: receive requestVote(ELECTION, f600cccb-c69c-4e5d-9bb2-bde895ce90eb, group-1BC579A085D0, 2, (t:0, i:0))
2022-06-08 19:34:10,125 [grpc-default-executor-0] INFO  impl.VoteContext (VoteContext.java:log(48)) - b2f71e74-b885-4a74-acef-2f4d6b72015d@group-1BC579A085D0-FOLLOWER: accept ELECTION from f600cccb-c69c-4e5d-9bb2-bde895ce90eb: our priority 0 <= candidate's priority 1
2022-06-08 19:34:10,125 [grpc-default-executor-0] INFO  server.RaftServer$Division (RaftServerImpl.java:setRole(299)) - b2f71e74-b885-4a74-acef-2f4d6b72015d@group-1BC579A085D0: changes role from  FOLLOWER to FOLLOWER at term 2 for candidate:f600cccb-c69c-4e5d-9bb2-bde895ce90eb
2022-06-08 19:34:10,125 [grpc-default-executor-0] INFO  impl.RoleInfo (RoleInfo.java:shutdownFollowerState(110)) - b2f71e74-b885-4a74-acef-2f4d6b72015d: shutdown b2f71e74-b885-4a74-acef-2f4d6b72015d@group-1BC579A085D0-FollowerState
2022-06-08 19:34:10,125 [grpc-default-executor-0] INFO  impl.RoleInfo (RoleInfo.java:updateAndGet(139)) - b2f71e74-b885-4a74-acef-2f4d6b72015d: start b2f71e74-b885-4a74-acef-2f4d6b72015d@group-1BC579A085D0-FollowerState
2022-06-08 19:34:10,125 [b2f71e74-b885-4a74-acef-2f4d6b72015d@group-1BC579A085D0-FollowerState] INFO  impl.FollowerState (FollowerState.java:run(152)) - b2f71e74-b885-4a74-acef-2f4d6b72015d@group-1BC579A085D0-FollowerState was interrupted
2022-06-08 19:34:10,126 [grpc-default-executor-0] INFO  server.RaftServer$Division (RaftServerImpl.java:requestVote(1184)) - b2f71e74-b885-4a74-acef-2f4d6b72015d@group-1BC579A085D0 replies to ELECTION vote request: f600cccb-c69c-4e5d-9bb2-bde895ce90eb<-b2f71e74-b885-4a74-acef-2f4d6b72015d#0:OK-t2. Peer's state: b2f71e74-b885-4a74-acef-2f4d6b72015d@group-1BC579A085D0:t2, leader=null, voted=f600cccb-c69c-4e5d-9bb2-bde895ce90eb, raftlog=b2f71e74-b885-4a74-acef-2f4d6b72015d@group-1BC579A085D0-SegmentedRaftLog:OPENED:c-1, conf=-1: [f600cccb-c69c-4e5d-9bb2-bde895ce90eb|rpc:127.0.0.1:46271|priority:1, b2f71e74-b885-4a74-acef-2f4d6b72015d|rpc:127.0.0.1:43737|priority:0, 3c8f8348-5b45-4285-ac9e-7c9778a12270|rpc:127.0.0.1:44683|priority:0], old=null
2022-06-08 19:34:10,130 [f600cccb-c69c-4e5d-9bb2-bde895ce90eb@group-1BC579A085D0-LeaderElection12] INFO  impl.LeaderElection (LeaderElection.java:logAndReturn(90)) - f600cccb-c69c-4e5d-9bb2-bde895ce90eb@group-1BC579A085D0-LeaderElection12: ELECTION PASSED received 1 response(s) and 0 exception(s):
2022-06-08 19:34:10,131 [f600cccb-c69c-4e5d-9bb2-bde895ce90eb@group-1BC579A085D0-LeaderElection12] INFO  impl.LeaderElection (LeaderElection.java:logAndReturn(94)) -   Response 0: f600cccb-c69c-4e5d-9bb2-bde895ce90eb<-b2f71e74-b885-4a74-acef-2f4d6b72015d#0:OK-t2
2022-06-08 19:34:10,131 [f600cccb-c69c-4e5d-9bb2-bde895ce90eb@group-1BC579A085D0-LeaderElection12] INFO  impl.LeaderElection (LeaderElection.java:askForVotes(312)) - f600cccb-c69c-4e5d-9bb2-bde895ce90eb@group-1BC579A085D0-LeaderElection12 ELECTION round 0: result PASSED
2022-06-08 19:34:10,131 [f600cccb-c69c-4e5d-9bb2-bde895ce90eb@group-1BC579A085D0-LeaderElection12] INFO  impl.RoleInfo (RoleInfo.java:shutdownLeaderElection(130)) - f600cccb-c69c-4e5d-9bb2-bde895ce90eb: shutdown f600cccb-c69c-4e5d-9bb2-bde895ce90eb@group-1BC579A085D0-LeaderElection12
2022-06-08 19:34:10,131 [f600cccb-c69c-4e5d-9bb2-bde895ce90eb@group-1BC579A085D0-LeaderElection12] INFO  server.RaftServer$Division (RaftServerImpl.java:setRole(299)) - f600cccb-c69c-4e5d-9bb2-bde895ce90eb@group-1BC579A085D0: changes role from CANDIDATE to LEADER at term 2 for changeToLeader
2022-06-08 19:34:10,131 [f600cccb-c69c-4e5d-9bb2-bde895ce90eb@group-1BC579A085D0-LeaderElection12] INFO  ratis.XceiverServerRatis (XceiverServerRatis.java:handleLeaderChangedNotification(863)) - Leader change notification received for group: group-1BC579A085D0 with new leaderId: f600cccb-c69c-4e5d-9bb2-bde895ce90eb
2022-06-08 19:34:10,131 [f600cccb-c69c-4e5d-9bb2-bde895ce90eb@group-1BC579A085D0-LeaderElection12] INFO  server.RaftServer$Division (ServerState.java:setLeader(287)) - f600cccb-c69c-4e5d-9bb2-bde895ce90eb@group-1BC579A085D0: change Leader from null to f600cccb-c69c-4e5d-9bb2-bde895ce90eb at term 2 for becomeLeader, leader elected after 10167ms
2022-06-08 19:34:10,131 [f600cccb-c69c-4e5d-9bb2-bde895ce90eb@group-1BC579A085D0-LeaderElection12] INFO  server.RaftServerConfigKeys (ConfUtils.java:logGet(46)) - raft.server.staging.catchup.gap = 1000 (default)
2022-06-08 19:34:10,131 [f600cccb-c69c-4e5d-9bb2-bde895ce90eb@group-1BC579A085D0-LeaderElection12] INFO  server.RaftServerConfigKeys (ConfUtils.java:logGet(46)) - raft.server.write.element-limit = 1024 (custom)
2022-06-08 19:34:10,131 [f600cccb-c69c-4e5d-9bb2-bde895ce90eb@group-1BC579A085D0-LeaderElection12] INFO  server.RaftServerConfigKeys (ConfUtils.java:logGet(46)) - raft.server.write.byte-limit = 1024 M (=1073741824) (custom)
2022-06-08 19:34:10,132 [f600cccb-c69c-4e5d-9bb2-bde895ce90eb@group-1BC579A085D0-LeaderElection12] INFO  server.RaftServerConfigKeys (ConfUtils.java:logGet(46)) - raft.server.watch.timeout = 180s (custom)
2022-06-08 19:34:10,132 [f600cccb-c69c-4e5d-9bb2-bde895ce90eb@group-1BC579A085D0-LeaderElection12] INFO  server.RaftServerConfigKeys (ConfUtils.java:logGet(46)) - raft.server.watch.timeout.denomination = 1s (default)
2022-06-08 19:34:10,132 [f600cccb-c69c-4e5d-9bb2-bde895ce90eb@group-1BC579A085D0-LeaderElection12] INFO  server.RaftServerConfigKeys (ConfUtils.java:logGet(46)) - raft.server.watch.element-limit = 65536 (default)
2022-06-08 19:34:10,132 [f600cccb-c69c-4e5d-9bb2-bde895ce90eb@group-1BC579A085D0-LeaderElection12] INFO  server.RaftServerConfigKeys (ConfUtils.java:logGet(46)) - raft.server.write.element-limit = 1024 (custom)
2022-06-08 19:34:10,132 [f600cccb-c69c-4e5d-9bb2-bde895ce90eb@group-1BC579A085D0-LeaderElection12] INFO  server.RaftServerConfigKeys (ConfUtils.java:logGet(46)) - raft.server.write.follower.gap.ratio.max = -1.0 (default)
2022-06-08 19:34:10,132 [f600cccb-c69c-4e5d-9bb2-bde895ce90eb@group-1BC579A085D0-LeaderElection12] INFO  server.RaftServerConfigKeys (ConfUtils.java:logGet(46)) - raft.server.log.appender.snapshot.chunk.size.max = 16MB (=16777216) (default)
2022-06-08 19:34:10,132 [f600cccb-c69c-4e5d-9bb2-bde895ce90eb@group-1BC579A085D0-LeaderElection12] INFO  server.RaftServerConfigKeys (ConfUtils.java:logGet(46)) - raft.server.log.appender.buffer.byte-limit = 33554432 (custom)
2022-06-08 19:34:10,132 [f600cccb-c69c-4e5d-9bb2-bde895ce90eb@group-1BC579A085D0-LeaderElection12] INFO  server.RaftServerConfigKeys (ConfUtils.java:logGet(46)) - raft.server.log.appender.buffer.element-limit = 1 (custom)
2022-06-08 19:34:10,133 [f600cccb-c69c-4e5d-9bb2-bde895ce90eb@group-1BC579A085D0-LeaderElection12] INFO  grpc.GrpcConfigKeys (ConfUtils.java:logGet(46)) - raft.grpc.server.leader.outstanding.appends.max = 128 (default)
2022-06-08 19:34:10,133 [f600cccb-c69c-4e5d-9bb2-bde895ce90eb@group-1BC579A085D0-LeaderElection12] INFO  server.RaftServerConfigKeys (ConfUtils.java:logGet(46)) - raft.server.rpc.request.timeout = 60s (custom)
2022-06-08 19:34:10,133 [f600cccb-c69c-4e5d-9bb2-bde895ce90eb@group-1BC579A085D0-LeaderElection12] INFO  server.RaftServerConfigKeys (ConfUtils.java:logGet(46)) - raft.server.log.appender.install.snapshot.enabled = false (custom)
2022-06-08 19:34:10,134 [f600cccb-c69c-4e5d-9bb2-bde895ce90eb@group-1BC579A085D0-LeaderElection12] INFO  server.RaftServerConfigKeys (ConfUtils.java:logGet(46)) - raft.server.log.appender.snapshot.chunk.size.max = 16MB (=16777216) (default)
2022-06-08 19:34:10,135 [f600cccb-c69c-4e5d-9bb2-bde895ce90eb@group-1BC579A085D0-LeaderElection12] INFO  server.RaftServerConfigKeys (ConfUtils.java:logGet(46)) - raft.server.log.appender.buffer.byte-limit = 33554432 (custom)
2022-06-08 19:34:10,135 [f600cccb-c69c-4e5d-9bb2-bde895ce90eb@group-1BC579A085D0-LeaderElection12] INFO  server.RaftServerConfigKeys (ConfUtils.java:logGet(46)) - raft.server.log.appender.buffer.element-limit = 1 (custom)
2022-06-08 19:34:10,135 [f600cccb-c69c-4e5d-9bb2-bde895ce90eb@group-1BC579A085D0-LeaderElection12] INFO  grpc.GrpcConfigKeys (ConfUtils.java:logGet(46)) - raft.grpc.server.leader.outstanding.appends.max = 128 (default)
2022-06-08 19:34:10,135 [f600cccb-c69c-4e5d-9bb2-bde895ce90eb@group-1BC579A085D0-LeaderElection12] INFO  server.RaftServerConfigKeys (ConfUtils.java:logGet(46)) - raft.server.rpc.request.timeout = 60s (custom)
2022-06-08 19:34:10,135 [f600cccb-c69c-4e5d-9bb2-bde895ce90eb@group-1BC579A085D0-LeaderElection12] INFO  server.RaftServerConfigKeys (ConfUtils.java:logGet(46)) - raft.server.log.appender.install.snapshot.enabled = false (custom)
2022-06-08 19:34:10,135 [f600cccb-c69c-4e5d-9bb2-bde895ce90eb@group-1BC579A085D0-LeaderElection12] INFO  impl.RoleInfo (RoleInfo.java:updateAndGet(139)) - f600cccb-c69c-4e5d-9bb2-bde895ce90eb: start f600cccb-c69c-4e5d-9bb2-bde895ce90eb@group-1BC579A085D0-LeaderStateImpl
2022-06-08 19:34:10,135 [f600cccb-c69c-4e5d-9bb2-bde895ce90eb@group-1BC579A085D0-LeaderElection12] INFO  segmented.SegmentedRaftLogWorker (SegmentedRaftLogWorker.java:startLogSegment(425)) - f600cccb-c69c-4e5d-9bb2-bde895ce90eb@group-1BC579A085D0-SegmentedRaftLogWorker: Starting segment from index:0
2022-06-08 19:34:10,133 [EventQueue-OpenPipelineForHealthyPipelineSafeModeRule] INFO  safemode.SCMSafeModeManager (HealthyPipelineSafeModeRule.java:process(124)) - SCM in safe mode. Healthy pipelines reported count is 0, required healthy pipeline reported count is 1
2022-06-08 19:34:10,133 [EventQueue-PipelineReportForPipelineReportHandler] INFO  pipeline.PipelineManagerImpl (PipelineManagerImpl.java:openPipeline(356)) - Pipeline Pipeline[ Id: 43f15a7d-0ec8-49f9-b746-1bc579a085d0, Nodes: f600cccb-c69c-4e5d-9bb2-bde895ce90eb{ip: 127.0.0.1, host: localhost, ports: [REPLICATION=44721, RATIS=46271, RATIS_ADMIN=46271, RATIS_SERVER=46271, STANDALONE=43145], networkLocation: /default-rack, certSerialId: null, persistedOpState: IN_SERVICE, persistedOpStateExpiryEpochSec: 0}3c8f8348-5b45-4285-ac9e-7c9778a12270{ip: 127.0.0.1, host: localhost, ports: [REPLICATION=42319, RATIS=44683, RATIS_ADMIN=44683, RATIS_SERVER=44683, STANDALONE=34083], networkLocation: /default-rack, certSerialId: null, persistedOpState: IN_SERVICE, persistedOpStateExpiryEpochSec: 0}b2f71e74-b885-4a74-acef-2f4d6b72015d{ip: 127.0.0.1, host: localhost, ports: [REPLICATION=41609, RATIS=43737, RATIS_ADMIN=43737, RATIS_SERVER=43737, STANDALONE=42625], networkLocation: /default-rack, certSerialId: null, persistedOpState: IN_SERVICE, persistedOpStateExpiryEpochSec: 0}, ReplicationConfig: RATIS/THREE, State:ALLOCATED, leaderId:f600cccb-c69c-4e5d-9bb2-bde895ce90eb, CreationTimestamp2022-06-08T19:33:57.519Z[Etc/UTC]] moved to OPEN state
2022-06-08 19:34:10,133 [EventQueue-PipelineReportForPipelineReportHandler] INFO  pipeline.PipelineManagerImpl (PipelineManagerImpl.java:openPipeline(356)) - Pipeline Pipeline[ Id: 43f15a7d-0ec8-49f9-b746-1bc579a085d0, Nodes: f600cccb-c69c-4e5d-9bb2-bde895ce90eb{ip: 127.0.0.1, host: localhost, ports: [REPLICATION=44721, RATIS=46271, RATIS_ADMIN=46271, RATIS_SERVER=46271, STANDALONE=43145], networkLocation: /default-rack, certSerialId: null, persistedOpState: IN_SERVICE, persistedOpStateExpiryEpochSec: 0}3c8f8348-5b45-4285-ac9e-7c9778a12270{ip: 127.0.0.1, host: localhost, ports: [REPLICATION=42319, RATIS=44683, RATIS_ADMIN=44683, RATIS_SERVER=44683, STANDALONE=34083], networkLocation: /default-rack, certSerialId: null, persistedOpState: IN_SERVICE, persistedOpStateExpiryEpochSec: 0}b2f71e74-b885-4a74-acef-2f4d6b72015d{ip: 127.0.0.1, host: localhost, ports: [REPLICATION=41609, RATIS=43737, RATIS_ADMIN=43737, RATIS_SERVER=43737, STANDALONE=42625], networkLocation: /default-rack, certSerialId: null, persistedOpState: IN_SERVICE, persistedOpStateExpiryEpochSec: 0}, ReplicationConfig: RATIS/THREE, State:ALLOCATED, leaderId:f600cccb-c69c-4e5d-9bb2-bde895ce90eb, CreationTimestamp2022-06-08T19:33:57.519Z[Etc/UTC]] moved to OPEN state
2022-06-08 19:34:10,133 [EventQueue-OpenPipelineForHealthyPipelineSafeModeRule] INFO  safemode.SCMSafeModeManager (HealthyPipelineSafeModeRule.java:process(124)) - SCM in safe mode. Healthy pipelines reported count is 0, required healthy pipeline reported count is 1
2022-06-08 19:34:10,138 [EventQueue-PipelineReportForPipelineReportHandler] INFO  pipeline.PipelineManagerImpl (PipelineManagerImpl.java:openPipeline(356)) - Pipeline Pipeline[ Id: 43f15a7d-0ec8-49f9-b746-1bc579a085d0, Nodes: f600cccb-c69c-4e5d-9bb2-bde895ce90eb{ip: 127.0.0.1, host: localhost, ports: [REPLICATION=44721, RATIS=46271, RATIS_ADMIN=46271, RATIS_SERVER=46271, STANDALONE=43145], networkLocation: /default-rack, certSerialId: null, persistedOpState: IN_SERVICE, persistedOpStateExpiryEpochSec: 0}3c8f8348-5b45-4285-ac9e-7c9778a12270{ip: 127.0.0.1, host: localhost, ports: [REPLICATION=42319, RATIS=44683, RATIS_ADMIN=44683, RATIS_SERVER=44683, STANDALONE=34083], networkLocation: /default-rack, certSerialId: null, persistedOpState: IN_SERVICE, persistedOpStateExpiryEpochSec: 0}b2f71e74-b885-4a74-acef-2f4d6b72015d{ip: 127.0.0.1, host: localhost, ports: [REPLICATION=41609, RATIS=43737, RATIS_ADMIN=43737, RATIS_SERVER=43737, STANDALONE=42625], networkLocation: /default-rack, certSerialId: null, persistedOpState: IN_SERVICE, persistedOpStateExpiryEpochSec: 0}, ReplicationConfig: RATIS/THREE, State:ALLOCATED, leaderId:f600cccb-c69c-4e5d-9bb2-bde895ce90eb, CreationTimestamp2022-06-08T19:33:57.519Z[Etc/UTC]] moved to OPEN state
2022-06-08 19:34:10,138 [EventQueue-OpenPipelineForHealthyPipelineSafeModeRule] INFO  safemode.SCMSafeModeManager (HealthyPipelineSafeModeRule.java:process(124)) - SCM in safe mode. Healthy pipelines reported count is 0, required healthy pipeline reported count is 1
2022-06-08 19:34:10,139 [f600cccb-c69c-4e5d-9bb2-bde895ce90eb@group-1BC579A085D0-SegmentedRaftLogWorker] INFO  segmented.SegmentedRaftLogWorker (SegmentedRaftLogWorker.java:execute(629)) - f600cccb-c69c-4e5d-9bb2-bde895ce90eb@group-1BC579A085D0-SegmentedRaftLogWorker: created new log segment /home/runner/work/ozone/ozone/hadoop-ozone/integration-test/target/test-dir/MiniOzoneClusterImpl-6ca4cc63-2561-4277-bbe7-e6e454dc87c0/datanode-1/data/ratis/43f15a7d-0ec8-49f9-b746-1bc579a085d0/current/log_inprogress_0
2022-06-08 19:34:10,148 [grpc-default-executor-0] INFO  server.RaftServer$Division (RaftServerImpl.java:requestVote(1152)) - 3c8f8348-5b45-4285-ac9e-7c9778a12270@group-1BC579A085D0: receive requestVote(ELECTION, f600cccb-c69c-4e5d-9bb2-bde895ce90eb, group-1BC579A085D0, 2, (t:0, i:0))
2022-06-08 19:34:10,148 [grpc-default-executor-0] INFO  impl.VoteContext (VoteContext.java:log(48)) - 3c8f8348-5b45-4285-ac9e-7c9778a12270@group-1BC579A085D0-FOLLOWER: accept ELECTION from f600cccb-c69c-4e5d-9bb2-bde895ce90eb: our priority 0 <= candidate's priority 1
2022-06-08 19:34:10,148 [grpc-default-executor-0] INFO  server.RaftServer$Division (RaftServerImpl.java:setRole(299)) - 3c8f8348-5b45-4285-ac9e-7c9778a12270@group-1BC579A085D0: changes role from  FOLLOWER to FOLLOWER at term 2 for candidate:f600cccb-c69c-4e5d-9bb2-bde895ce90eb
2022-06-08 19:34:10,148 [grpc-default-executor-0] INFO  impl.RoleInfo (RoleInfo.java:shutdownFollowerState(110)) - 3c8f8348-5b45-4285-ac9e-7c9778a12270: shutdown 3c8f8348-5b45-4285-ac9e-7c9778a12270@group-1BC579A085D0-FollowerState
2022-06-08 19:34:10,148 [grpc-default-executor-0] INFO  impl.RoleInfo (RoleInfo.java:updateAndGet(139)) - 3c8f8348-5b45-4285-ac9e-7c9778a12270: start 3c8f8348-5b45-4285-ac9e-7c9778a12270@group-1BC579A085D0-FollowerState
2022-06-08 19:34:10,149 [2307c498-167f-43d9-87ae-3379131d0636@group-E6E454DC87C0-StateMachineUpdater] INFO  safemode.HealthyPipelineSafeModeRule (HealthyPipelineSafeModeRule.java:initializeRule(152)) - Refreshed total pipeline count is 1, healthy pipeline threshold count is 1
2022-06-08 19:34:10,149 [3c8f8348-5b45-4285-ac9e-7c9778a12270@group-1BC579A085D0-FollowerState] INFO  impl.FollowerState (FollowerState.java:run(152)) - 3c8f8348-5b45-4285-ac9e-7c9778a12270@group-1BC579A085D0-FollowerState was interrupted
2022-06-08 19:34:10,149 [EventQueue-OpenPipelineForHealthyPipelineSafeModeRule] INFO  safemode.SCMSafeModeManager (HealthyPipelineSafeModeRule.java:process(124)) - SCM in safe mode. Healthy pipelines reported count is 1, required healthy pipeline reported count is 1
2022-06-08 19:34:10,149 [EventQueue-OpenPipelineForHealthyPipelineSafeModeRule] INFO  safemode.SCMSafeModeManager (SCMSafeModeManager.java:validateSafeModeExitRules(204)) - HealthyPipelineSafeModeRule rule is successfully validated
2022-06-08 19:34:10,149 [EventQueue-OpenPipelineForHealthyPipelineSafeModeRule] INFO  safemode.SCMSafeModeManager (SCMSafeModeManager.java:validateSafeModeExitRules(219)) - ScmSafeModeManager, all rules are successfully validated
2022-06-08 19:34:10,150 [EventQueue-OpenPipelineForHealthyPipelineSafeModeRule] INFO  safemode.SCMSafeModeManager (SCMSafeModeManager.java:exitSafeMode(248)) - SCM exiting safe mode.
2022-06-08 19:34:10,150 [EventQueue-OpenPipelineForHealthyPipelineSafeModeRule] WARN  events.EventQueue (EventQueue.java:fireEvent(194)) - No event handler registered for event TypedEvent{payloadType=SafeModeStatus, name='Safe mode status'}
2022-06-08 19:34:10,150 [EventQueue-OpenPipelineForHealthyPipelineSafeModeRule] INFO  ha.SCMContext (SCMContext.java:updateSafeModeStatus(228)) - Update SafeModeStatus from SafeModeStatus{safeModeStatus=true, preCheckPassed=true} to SafeModeStatus{safeModeStatus=false, preCheckPassed=true}.
2022-06-08 19:34:10,150 [EventQueue-OpenPipelineForHealthyPipelineSafeModeRule] INFO  BackgroundPipelineScrubber (BackgroundSCMService.java:notifyStatusChanged(82)) - Service BackgroundPipelineScrubber transitions to RUNNING.
2022-06-08 19:34:10,150 [EventQueue-OpenPipelineForHealthyPipelineSafeModeRule] INFO  ExpiredContainerReplicaOpScrubber (BackgroundSCMService.java:notifyStatusChanged(82)) - Service ExpiredContainerReplicaOpScrubber transitions to RUNNING.
2022-06-08 19:34:10,150 [EventQueue-OpenPipelineForHealthyPipelineSafeModeRule] INFO  replication.ReplicationManager (ReplicationManager.java:notifyStatusChanged(372)) - Service ReplicationManager transitions to RUNNING.
2022-06-08 19:34:10,151 [EventQueue-OpenPipelineForHealthyPipelineSafeModeRule] WARN  balancer.ContainerBalancer (ContainerBalancer.java:shouldRun(875)) - Could not find persisted configuration for ContainerBalancer when checking if ContainerBalancer should run. ContainerBalancer should not run now.
2022-06-08 19:34:10,152 [0562147d-7bbf-459c-a71c-460e63cf1b3c@group-E6E454DC87C0-StateMachineUpdater] INFO  safemode.HealthyPipelineSafeModeRule (HealthyPipelineSafeModeRule.java:initializeRule(152)) - Refreshed total pipeline count is 1, healthy pipeline threshold count is 1
2022-06-08 19:34:10,152 [grpc-default-executor-0] INFO  server.RaftServer$Division (RaftServerImpl.java:requestVote(1184)) - 3c8f8348-5b45-4285-ac9e-7c9778a12270@group-1BC579A085D0 replies to ELECTION vote request: f600cccb-c69c-4e5d-9bb2-bde895ce90eb<-3c8f8348-5b45-4285-ac9e-7c9778a12270#0:OK-t2. Peer's state: 3c8f8348-5b45-4285-ac9e-7c9778a12270@group-1BC579A085D0:t2, leader=null, voted=f600cccb-c69c-4e5d-9bb2-bde895ce90eb, raftlog=3c8f8348-5b45-4285-ac9e-7c9778a12270@group-1BC579A085D0-SegmentedRaftLog:OPENED:c-1, conf=-1: [f600cccb-c69c-4e5d-9bb2-bde895ce90eb|rpc:127.0.0.1:46271|dataStream:|priority:1, b2f71e74-b885-4a74-acef-2f4d6b72015d|rpc:127.0.0.1:43737|dataStream:|priority:0, 3c8f8348-5b45-4285-ac9e-7c9778a12270|rpc:127.0.0.1:44683|dataStream:|priority:0], old=null
2022-06-08 19:34:10,163 [f600cccb-c69c-4e5d-9bb2-bde895ce90eb@group-1BC579A085D0-LeaderElection12] INFO  server.RaftServer$Division (ServerState.java:setRaftConf(393)) - f600cccb-c69c-4e5d-9bb2-bde895ce90eb@group-1BC579A085D0: set configuration 0: [f600cccb-c69c-4e5d-9bb2-bde895ce90eb|rpc:127.0.0.1:46271|dataStream:|priority:1, b2f71e74-b885-4a74-acef-2f4d6b72015d|rpc:127.0.0.1:43737|dataStream:|priority:0, 3c8f8348-5b45-4285-ac9e-7c9778a12270|rpc:127.0.0.1:44683|dataStream:|priority:0], old=null
2022-06-08 19:34:10,165 [21888257-2f66-47c2-9c1a-f9078c9f78d9@group-E6E454DC87C0-StateMachineUpdater] INFO  safemode.HealthyPipelineSafeModeRule (HealthyPipelineSafeModeRule.java:initializeRule(152)) - Refreshed total pipeline count is 1, healthy pipeline threshold count is 1
2022-06-08 19:34:10,167 [3c8f8348-5b45-4285-ac9e-7c9778a12270-server-thread1] INFO  ratis.XceiverServerRatis (XceiverServerRatis.java:handleLeaderChangedNotification(863)) - Leader change notification received for group: group-1BC579A085D0 with new leaderId: f600cccb-c69c-4e5d-9bb2-bde895ce90eb
2022-06-08 19:34:10,167 [3c8f8348-5b45-4285-ac9e-7c9778a12270-server-thread1] INFO  server.RaftServer$Division (ServerState.java:setLeader(287)) - 3c8f8348-5b45-4285-ac9e-7c9778a12270@group-1BC579A085D0: change Leader from null to f600cccb-c69c-4e5d-9bb2-bde895ce90eb at term 2 for appendEntries, leader elected after 10128ms
2022-06-08 19:34:10,171 [b2f71e74-b885-4a74-acef-2f4d6b72015d-server-thread1] INFO  ratis.XceiverServerRatis (XceiverServerRatis.java:handleLeaderChangedNotification(863)) - Leader change notification received for group: group-1BC579A085D0 with new leaderId: f600cccb-c69c-4e5d-9bb2-bde895ce90eb
2022-06-08 19:34:10,171 [b2f71e74-b885-4a74-acef-2f4d6b72015d-server-thread1] INFO  server.RaftServer$Division (ServerState.java:setLeader(287)) - b2f71e74-b885-4a74-acef-2f4d6b72015d@group-1BC579A085D0: change Leader from null to f600cccb-c69c-4e5d-9bb2-bde895ce90eb at term 2 for appendEntries, leader elected after 10332ms
2022-06-08 19:34:10,174 [3c8f8348-5b45-4285-ac9e-7c9778a12270-server-thread1] INFO  server.RaftServer$Division (ServerState.java:setRaftConf(393)) - 3c8f8348-5b45-4285-ac9e-7c9778a12270@group-1BC579A085D0: set configuration 0: [f600cccb-c69c-4e5d-9bb2-bde895ce90eb|rpc:127.0.0.1:46271|dataStream:|priority:1, b2f71e74-b885-4a74-acef-2f4d6b72015d|rpc:127.0.0.1:43737|dataStream:|priority:0, 3c8f8348-5b45-4285-ac9e-7c9778a12270|rpc:127.0.0.1:44683|dataStream:|priority:0], old=null
2022-06-08 19:34:10,174 [3c8f8348-5b45-4285-ac9e-7c9778a12270-server-thread1] INFO  segmented.SegmentedRaftLogWorker (SegmentedRaftLogWorker.java:startLogSegment(425)) - 3c8f8348-5b45-4285-ac9e-7c9778a12270@group-1BC579A085D0-SegmentedRaftLogWorker: Starting segment from index:0
2022-06-08 19:34:10,176 [3c8f8348-5b45-4285-ac9e-7c9778a12270@group-1BC579A085D0-SegmentedRaftLogWorker] INFO  segmented.SegmentedRaftLogWorker (SegmentedRaftLogWorker.java:execute(629)) - 3c8f8348-5b45-4285-ac9e-7c9778a12270@group-1BC579A085D0-SegmentedRaftLogWorker: created new log segment /home/runner/work/ozone/ozone/hadoop-ozone/integration-test/target/test-dir/MiniOzoneClusterImpl-6ca4cc63-2561-4277-bbe7-e6e454dc87c0/datanode-2/data/ratis/43f15a7d-0ec8-49f9-b746-1bc579a085d0/current/log_inprogress_0
2022-06-08 19:34:10,178 [b2f71e74-b885-4a74-acef-2f4d6b72015d-server-thread1] INFO  server.RaftServer$Division (ServerState.java:setRaftConf(393)) - b2f71e74-b885-4a74-acef-2f4d6b72015d@group-1BC579A085D0: set configuration 0: [f600cccb-c69c-4e5d-9bb2-bde895ce90eb|rpc:127.0.0.1:46271|dataStream:|priority:1, b2f71e74-b885-4a74-acef-2f4d6b72015d|rpc:127.0.0.1:43737|dataStream:|priority:0, 3c8f8348-5b45-4285-ac9e-7c9778a12270|rpc:127.0.0.1:44683|dataStream:|priority:0], old=null
2022-06-08 19:34:10,178 [b2f71e74-b885-4a74-acef-2f4d6b72015d-server-thread1] INFO  segmented.SegmentedRaftLogWorker (SegmentedRaftLogWorker.java:startLogSegment(425)) - b2f71e74-b885-4a74-acef-2f4d6b72015d@group-1BC579A085D0-SegmentedRaftLogWorker: Starting segment from index:0
2022-06-08 19:34:10,180 [b2f71e74-b885-4a74-acef-2f4d6b72015d@group-1BC579A085D0-SegmentedRaftLogWorker] INFO  segmented.SegmentedRaftLogWorker (SegmentedRaftLogWorker.java:execute(629)) - b2f71e74-b885-4a74-acef-2f4d6b72015d@group-1BC579A085D0-SegmentedRaftLogWorker: created new log segment /home/runner/work/ozone/ozone/hadoop-ozone/integration-test/target/test-dir/MiniOzoneClusterImpl-6ca4cc63-2561-4277-bbe7-e6e454dc87c0/datanode-0/data/ratis/43f15a7d-0ec8-49f9-b746-1bc579a085d0/current/log_inprogress_0
2022-06-08 19:34:10,347 [3c8f8348-5b45-4285-ac9e-7c9778a12270@group-347FF21BF0E9-FollowerState] INFO  impl.FollowerState (FollowerState.java:run(143)) - 3c8f8348-5b45-4285-ac9e-7c9778a12270@group-347FF21BF0E9-FollowerState: change to CANDIDATE, lastRpcElapsedTime:5052398546ns, electionTimeout:5050ms
2022-06-08 19:34:10,347 [3c8f8348-5b45-4285-ac9e-7c9778a12270@group-347FF21BF0E9-FollowerState] INFO  impl.RoleInfo (RoleInfo.java:shutdownFollowerState(110)) - 3c8f8348-5b45-4285-ac9e-7c9778a12270: shutdown 3c8f8348-5b45-4285-ac9e-7c9778a12270@group-347FF21BF0E9-FollowerState
2022-06-08 19:34:10,347 [3c8f8348-5b45-4285-ac9e-7c9778a12270@group-347FF21BF0E9-FollowerState] INFO  server.RaftServer$Division (RaftServerImpl.java:setRole(299)) - 3c8f8348-5b45-4285-ac9e-7c9778a12270@group-347FF21BF0E9: changes role from  FOLLOWER to CANDIDATE at term 1 for changeToCandidate
2022-06-08 19:34:10,348 [3c8f8348-5b45-4285-ac9e-7c9778a12270@group-347FF21BF0E9-FollowerState] INFO  server.RaftServerConfigKeys (ConfUtils.java:logGet(46)) - raft.server.leaderelection.pre-vote = false (custom)
2022-06-08 19:34:10,348 [3c8f8348-5b45-4285-ac9e-7c9778a12270@group-347FF21BF0E9-FollowerState] INFO  impl.RoleInfo (RoleInfo.java:updateAndGet(139)) - 3c8f8348-5b45-4285-ac9e-7c9778a12270: start 3c8f8348-5b45-4285-ac9e-7c9778a12270@group-347FF21BF0E9-LeaderElection13
2022-06-08 19:34:10,349 [3c8f8348-5b45-4285-ac9e-7c9778a12270@group-347FF21BF0E9-LeaderElection13] INFO  impl.LeaderElection (LeaderElection.java:askForVotes(310)) - 3c8f8348-5b45-4285-ac9e-7c9778a12270@group-347FF21BF0E9-LeaderElection13 ELECTION round 0: submit vote requests at term 2 for -1: [f600cccb-c69c-4e5d-9bb2-bde895ce90eb|rpc:127.0.0.1:46271|dataStream:|priority:0, b2f71e74-b885-4a74-acef-2f4d6b72015d|rpc:127.0.0.1:43737|dataStream:|priority:0, 3c8f8348-5b45-4285-ac9e-7c9778a12270|rpc:127.0.0.1:44683|dataStream:|priority:1], old=null
2022-06-08 19:34:10,364 [grpc-default-executor-0] INFO  server.RaftServer$Division (RaftServerImpl.java:requestVote(1152)) - f600cccb-c69c-4e5d-9bb2-bde895ce90eb@group-347FF21BF0E9: receive requestVote(ELECTION, 3c8f8348-5b45-4285-ac9e-7c9778a12270, group-347FF21BF0E9, 2, (t:0, i:0))
2022-06-08 19:34:10,365 [grpc-default-executor-0] INFO  impl.VoteContext (VoteContext.java:log(48)) - f600cccb-c69c-4e5d-9bb2-bde895ce90eb@group-347FF21BF0E9-FOLLOWER: accept ELECTION from 3c8f8348-5b45-4285-ac9e-7c9778a12270: our priority 0 <= candidate's priority 1
2022-06-08 19:34:10,365 [grpc-default-executor-0] INFO  server.RaftServer$Division (RaftServerImpl.java:setRole(299)) - f600cccb-c69c-4e5d-9bb2-bde895ce90eb@group-347FF21BF0E9: changes role from  FOLLOWER to FOLLOWER at term 2 for candidate:3c8f8348-5b45-4285-ac9e-7c9778a12270
2022-06-08 19:34:10,365 [grpc-default-executor-0] INFO  impl.RoleInfo (RoleInfo.java:shutdownFollowerState(110)) - f600cccb-c69c-4e5d-9bb2-bde895ce90eb: shutdown f600cccb-c69c-4e5d-9bb2-bde895ce90eb@group-347FF21BF0E9-FollowerState
2022-06-08 19:34:10,366 [grpc-default-executor-0] INFO  impl.RoleInfo (RoleInfo.java:updateAndGet(139)) - f600cccb-c69c-4e5d-9bb2-bde895ce90eb: start f600cccb-c69c-4e5d-9bb2-bde895ce90eb@group-347FF21BF0E9-FollowerState
2022-06-08 19:34:10,366 [f600cccb-c69c-4e5d-9bb2-bde895ce90eb@group-347FF21BF0E9-FollowerState] INFO  impl.FollowerState (FollowerState.java:run(152)) - f600cccb-c69c-4e5d-9bb2-bde895ce90eb@group-347FF21BF0E9-FollowerState was interrupted
2022-06-08 19:34:10,369 [grpc-default-executor-0] INFO  server.RaftServer$Division (RaftServerImpl.java:requestVote(1184)) - f600cccb-c69c-4e5d-9bb2-bde895ce90eb@group-347FF21BF0E9 replies to ELECTION vote request: 3c8f8348-5b45-4285-ac9e-7c9778a12270<-f600cccb-c69c-4e5d-9bb2-bde895ce90eb#0:OK-t2. Peer's state: f600cccb-c69c-4e5d-9bb2-bde895ce90eb@group-347FF21BF0E9:t2, leader=null, voted=3c8f8348-5b45-4285-ac9e-7c9778a12270, raftlog=f600cccb-c69c-4e5d-9bb2-bde895ce90eb@group-347FF21BF0E9-SegmentedRaftLog:OPENED:c-1, conf=-1: [f600cccb-c69c-4e5d-9bb2-bde895ce90eb|rpc:127.0.0.1:46271|priority:0, b2f71e74-b885-4a74-acef-2f4d6b72015d|rpc:127.0.0.1:43737|priority:0, 3c8f8348-5b45-4285-ac9e-7c9778a12270|rpc:127.0.0.1:44683|priority:1], old=null
2022-06-08 19:34:10,372 [3c8f8348-5b45-4285-ac9e-7c9778a12270@group-347FF21BF0E9-LeaderElection13] INFO  impl.LeaderElection (LeaderElection.java:logAndReturn(90)) - 3c8f8348-5b45-4285-ac9e-7c9778a12270@group-347FF21BF0E9-LeaderElection13: ELECTION PASSED received 1 response(s) and 0 exception(s):
2022-06-08 19:34:10,372 [3c8f8348-5b45-4285-ac9e-7c9778a12270@group-347FF21BF0E9-LeaderElection13] INFO  impl.LeaderElection (LeaderElection.java:logAndReturn(94)) -   Response 0: 3c8f8348-5b45-4285-ac9e-7c9778a12270<-f600cccb-c69c-4e5d-9bb2-bde895ce90eb#0:OK-t2
2022-06-08 19:34:10,372 [3c8f8348-5b45-4285-ac9e-7c9778a12270@group-347FF21BF0E9-LeaderElection13] INFO  impl.LeaderElection (LeaderElection.java:askForVotes(312)) - 3c8f8348-5b45-4285-ac9e-7c9778a12270@group-347FF21BF0E9-LeaderElection13 ELECTION round 0: result PASSED
2022-06-08 19:34:10,372 [3c8f8348-5b45-4285-ac9e-7c9778a12270@group-347FF21BF0E9-LeaderElection13] INFO  impl.RoleInfo (RoleInfo.java:shutdownLeaderElection(130)) - 3c8f8348-5b45-4285-ac9e-7c9778a12270: shutdown 3c8f8348-5b45-4285-ac9e-7c9778a12270@group-347FF21BF0E9-LeaderElection13
2022-06-08 19:34:10,372 [3c8f8348-5b45-4285-ac9e-7c9778a12270@group-347FF21BF0E9-LeaderElection13] INFO  server.RaftServer$Division (RaftServerImpl.java:setRole(299)) - 3c8f8348-5b45-4285-ac9e-7c9778a12270@group-347FF21BF0E9: changes role from CANDIDATE to LEADER at term 2 for changeToLeader
2022-06-08 19:34:10,373 [3c8f8348-5b45-4285-ac9e-7c9778a12270@group-347FF21BF0E9-LeaderElection13] INFO  ratis.XceiverServerRatis (XceiverServerRatis.java:handleLeaderChangedNotification(863)) - Leader change notification received for group: group-347FF21BF0E9 with new leaderId: 3c8f8348-5b45-4285-ac9e-7c9778a12270
2022-06-08 19:34:10,373 [3c8f8348-5b45-4285-ac9e-7c9778a12270@group-347FF21BF0E9-LeaderElection13] INFO  server.RaftServer$Division (ServerState.java:setLeader(287)) - 3c8f8348-5b45-4285-ac9e-7c9778a12270@group-347FF21BF0E9: change Leader from null to 3c8f8348-5b45-4285-ac9e-7c9778a12270 at term 2 for becomeLeader, leader elected after 10227ms
2022-06-08 19:34:10,373 [3c8f8348-5b45-4285-ac9e-7c9778a12270@group-347FF21BF0E9-LeaderElection13] INFO  server.RaftServerConfigKeys (ConfUtils.java:logGet(46)) - raft.server.staging.catchup.gap = 1000 (default)
2022-06-08 19:34:10,373 [3c8f8348-5b45-4285-ac9e-7c9778a12270@group-347FF21BF0E9-LeaderElection13] INFO  server.RaftServerConfigKeys (ConfUtils.java:logGet(46)) - raft.server.write.element-limit = 1024 (custom)
2022-06-08 19:34:10,373 [3c8f8348-5b45-4285-ac9e-7c9778a12270@group-347FF21BF0E9-LeaderElection13] INFO  server.RaftServerConfigKeys (ConfUtils.java:logGet(46)) - raft.server.write.byte-limit = 1024 M (=1073741824) (custom)
2022-06-08 19:34:10,373 [3c8f8348-5b45-4285-ac9e-7c9778a12270@group-347FF21BF0E9-LeaderElection13] INFO  server.RaftServerConfigKeys (ConfUtils.java:logGet(46)) - raft.server.watch.timeout = 180s (custom)
2022-06-08 19:34:10,373 [3c8f8348-5b45-4285-ac9e-7c9778a12270@group-347FF21BF0E9-LeaderElection13] INFO  server.RaftServerConfigKeys (ConfUtils.java:logGet(46)) - raft.server.watch.timeout.denomination = 1s (default)
2022-06-08 19:34:10,373 [3c8f8348-5b45-4285-ac9e-7c9778a12270@group-347FF21BF0E9-LeaderElection13] INFO  server.RaftServerConfigKeys (ConfUtils.java:logGet(46)) - raft.server.watch.element-limit = 65536 (default)
2022-06-08 19:34:10,374 [3c8f8348-5b45-4285-ac9e-7c9778a12270@group-347FF21BF0E9-LeaderElection13] INFO  server.RaftServerConfigKeys (ConfUtils.java:logGet(46)) - raft.server.write.element-limit = 1024 (custom)
2022-06-08 19:34:10,374 [3c8f8348-5b45-4285-ac9e-7c9778a12270@group-347FF21BF0E9-LeaderElection13] INFO  server.RaftServerConfigKeys (ConfUtils.java:logGet(46)) - raft.server.write.follower.gap.ratio.max = -1.0 (default)
2022-06-08 19:34:10,374 [3c8f8348-5b45-4285-ac9e-7c9778a12270@group-347FF21BF0E9-LeaderElection13] INFO  server.RaftServerConfigKeys (ConfUtils.java:logGet(46)) - raft.server.log.appender.snapshot.chunk.size.max = 16MB (=16777216) (default)
2022-06-08 19:34:10,374 [3c8f8348-5b45-4285-ac9e-7c9778a12270@group-347FF21BF0E9-LeaderElection13] INFO  server.RaftServerConfigKeys (ConfUtils.java:logGet(46)) - raft.server.log.appender.buffer.byte-limit = 33554432 (custom)
2022-06-08 19:34:10,375 [3c8f8348-5b45-4285-ac9e-7c9778a12270@group-347FF21BF0E9-LeaderElection13] INFO  server.RaftServerConfigKeys (ConfUtils.java:logGet(46)) - raft.server.log.appender.buffer.element-limit = 1 (custom)
2022-06-08 19:34:10,375 [3c8f8348-5b45-4285-ac9e-7c9778a12270@group-347FF21BF0E9-LeaderElection13] INFO  grpc.GrpcConfigKeys (ConfUtils.java:logGet(46)) - raft.grpc.server.leader.outstanding.appends.max = 128 (default)
2022-06-08 19:34:10,375 [3c8f8348-5b45-4285-ac9e-7c9778a12270@group-347FF21BF0E9-LeaderElection13] INFO  server.RaftServerConfigKeys (ConfUtils.java:logGet(46)) - raft.server.rpc.request.timeout = 60s (custom)
2022-06-08 19:34:10,375 [3c8f8348-5b45-4285-ac9e-7c9778a12270@group-347FF21BF0E9-LeaderElection13] INFO  server.RaftServerConfigKeys (ConfUtils.java:logGet(46)) - raft.server.log.appender.install.snapshot.enabled = false (custom)
2022-06-08 19:34:10,376 [3c8f8348-5b45-4285-ac9e-7c9778a12270@group-347FF21BF0E9-LeaderElection13] INFO  server.RaftServerConfigKeys (ConfUtils.java:logGet(46)) - raft.server.log.appender.snapshot.chunk.size.max = 16MB (=16777216) (default)
2022-06-08 19:34:10,376 [3c8f8348-5b45-4285-ac9e-7c9778a12270@group-347FF21BF0E9-LeaderElection13] INFO  server.RaftServerConfigKeys (ConfUtils.java:logGet(46)) - raft.server.log.appender.buffer.byte-limit = 33554432 (custom)
2022-06-08 19:34:10,376 [3c8f8348-5b45-4285-ac9e-7c9778a12270@group-347FF21BF0E9-LeaderElection13] INFO  server.RaftServerConfigKeys (ConfUtils.java:logGet(46)) - raft.server.log.appender.buffer.element-limit = 1 (custom)
2022-06-08 19:34:10,376 [3c8f8348-5b45-4285-ac9e-7c9778a12270@group-347FF21BF0E9-LeaderElection13] INFO  grpc.GrpcConfigKeys (ConfUtils.java:logGet(46)) - raft.grpc.server.leader.outstanding.appends.max = 128 (default)
2022-06-08 19:34:10,376 [3c8f8348-5b45-4285-ac9e-7c9778a12270@group-347FF21BF0E9-LeaderElection13] INFO  server.RaftServerConfigKeys (ConfUtils.java:logGet(46)) - raft.server.rpc.request.timeout = 60s (custom)
2022-06-08 19:34:10,376 [3c8f8348-5b45-4285-ac9e-7c9778a12270@group-347FF21BF0E9-LeaderElection13] INFO  server.RaftServerConfigKeys (ConfUtils.java:logGet(46)) - raft.server.log.appender.install.snapshot.enabled = false (custom)
2022-06-08 19:34:10,376 [3c8f8348-5b45-4285-ac9e-7c9778a12270@group-347FF21BF0E9-LeaderElection13] INFO  impl.RoleInfo (RoleInfo.java:updateAndGet(139)) - 3c8f8348-5b45-4285-ac9e-7c9778a12270: start 3c8f8348-5b45-4285-ac9e-7c9778a12270@group-347FF21BF0E9-LeaderStateImpl
2022-06-08 19:34:10,377 [3c8f8348-5b45-4285-ac9e-7c9778a12270@group-347FF21BF0E9-LeaderElection13] INFO  segmented.SegmentedRaftLogWorker (SegmentedRaftLogWorker.java:startLogSegment(425)) - 3c8f8348-5b45-4285-ac9e-7c9778a12270@group-347FF21BF0E9-SegmentedRaftLogWorker: Starting segment from index:0
2022-06-08 19:34:10,379 [EventQueue-PipelineReportForPipelineReportHandler] INFO  pipeline.PipelineManagerImpl (PipelineManagerImpl.java:openPipeline(356)) - Pipeline Pipeline[ Id: 19d21720-15a2-4f77-a178-347ff21bf0e9, Nodes: 3c8f8348-5b45-4285-ac9e-7c9778a12270{ip: 127.0.0.1, host: localhost, ports: [REPLICATION=42319, RATIS=44683, RATIS_ADMIN=44683, RATIS_SERVER=44683, STANDALONE=34083], networkLocation: /default-rack, certSerialId: null, persistedOpState: IN_SERVICE, persistedOpStateExpiryEpochSec: 0}f600cccb-c69c-4e5d-9bb2-bde895ce90eb{ip: 127.0.0.1, host: localhost, ports: [REPLICATION=44721, RATIS=46271, RATIS_ADMIN=46271, RATIS_SERVER=46271, STANDALONE=43145], networkLocation: /default-rack, certSerialId: null, persistedOpState: IN_SERVICE, persistedOpStateExpiryEpochSec: 0}b2f71e74-b885-4a74-acef-2f4d6b72015d{ip: 127.0.0.1, host: localhost, ports: [REPLICATION=41609, RATIS=43737, RATIS_ADMIN=43737, RATIS_SERVER=43737, STANDALONE=42625], networkLocation: /default-rack, certSerialId: null, persistedOpState: IN_SERVICE, persistedOpStateExpiryEpochSec: 0}, ReplicationConfig: RATIS/THREE, State:ALLOCATED, leaderId:3c8f8348-5b45-4285-ac9e-7c9778a12270, CreationTimestamp2022-06-08T19:33:57.540Z[Etc/UTC]] moved to OPEN state
2022-06-08 19:34:10,379 [EventQueue-PipelineReportForPipelineReportHandler] INFO  pipeline.PipelineManagerImpl (PipelineManagerImpl.java:openPipeline(356)) - Pipeline Pipeline[ Id: 19d21720-15a2-4f77-a178-347ff21bf0e9, Nodes: 3c8f8348-5b45-4285-ac9e-7c9778a12270{ip: 127.0.0.1, host: localhost, ports: [REPLICATION=42319, RATIS=44683, RATIS_ADMIN=44683, RATIS_SERVER=44683, STANDALONE=34083], networkLocation: /default-rack, certSerialId: null, persistedOpState: IN_SERVICE, persistedOpStateExpiryEpochSec: 0}f600cccb-c69c-4e5d-9bb2-bde895ce90eb{ip: 127.0.0.1, host: localhost, ports: [REPLICATION=44721, RATIS=46271, RATIS_ADMIN=46271, RATIS_SERVER=46271, STANDALONE=43145], networkLocation: /default-rack, certSerialId: null, persistedOpState: IN_SERVICE, persistedOpStateExpiryEpochSec: 0}b2f71e74-b885-4a74-acef-2f4d6b72015d{ip: 127.0.0.1, host: localhost, ports: [REPLICATION=41609, RATIS=43737, RATIS_ADMIN=43737, RATIS_SERVER=43737, STANDALONE=42625], networkLocation: /default-rack, certSerialId: null, persistedOpState: IN_SERVICE, persistedOpStateExpiryEpochSec: 0}, ReplicationConfig: RATIS/THREE, State:ALLOCATED, leaderId:3c8f8348-5b45-4285-ac9e-7c9778a12270, CreationTimestamp2022-06-08T19:33:57.540Z[Etc/UTC]] moved to OPEN state
2022-06-08 19:34:10,380 [EventQueue-OpenPipelineForHealthyPipelineSafeModeRule] INFO  safemode.SCMSafeModeManager (HealthyPipelineSafeModeRule.java:process(124)) - SCM in safe mode. Healthy pipelines reported count is 0, required healthy pipeline reported count is 1
2022-06-08 19:34:10,380 [EventQueue-OpenPipelineForHealthyPipelineSafeModeRule] INFO  safemode.SCMSafeModeManager (HealthyPipelineSafeModeRule.java:process(124)) - SCM in safe mode. Healthy pipelines reported count is 1, required healthy pipeline reported count is 1
2022-06-08 19:34:10,380 [EventQueue-OpenPipelineForHealthyPipelineSafeModeRule] INFO  safemode.SCMSafeModeManager (SCMSafeModeManager.java:validateSafeModeExitRules(204)) - HealthyPipelineSafeModeRule rule is successfully validated
2022-06-08 19:34:10,380 [EventQueue-OpenPipelineForHealthyPipelineSafeModeRule] INFO  safemode.SCMSafeModeManager (SCMSafeModeManager.java:validateSafeModeExitRules(219)) - ScmSafeModeManager, all rules are successfully validated
2022-06-08 19:34:10,380 [EventQueue-OpenPipelineForHealthyPipelineSafeModeRule] INFO  safemode.SCMSafeModeManager (SCMSafeModeManager.java:exitSafeMode(248)) - SCM exiting safe mode.
2022-06-08 19:34:10,380 [EventQueue-OpenPipelineForHealthyPipelineSafeModeRule] WARN  events.EventQueue (EventQueue.java:fireEvent(194)) - No event handler registered for event TypedEvent{payloadType=SafeModeStatus, name='Safe mode status'}
2022-06-08 19:34:10,380 [EventQueue-OpenPipelineForHealthyPipelineSafeModeRule] INFO  ha.SCMContext (SCMContext.java:updateSafeModeStatus(228)) - Update SafeModeStatus from SafeModeStatus{safeModeStatus=true, preCheckPassed=true} to SafeModeStatus{safeModeStatus=false, preCheckPassed=true}.
2022-06-08 19:34:10,381 [EventQueue-PipelineReportForPipelineReportHandler] INFO  pipeline.PipelineManagerImpl (PipelineManagerImpl.java:openPipeline(356)) - Pipeline Pipeline[ Id: 19d21720-15a2-4f77-a178-347ff21bf0e9, Nodes: 3c8f8348-5b45-4285-ac9e-7c9778a12270{ip: 127.0.0.1, host: localhost, ports: [REPLICATION=42319, RATIS=44683, RATIS_ADMIN=44683, RATIS_SERVER=44683, STANDALONE=34083], networkLocation: /default-rack, certSerialId: null, persistedOpState: IN_SERVICE, persistedOpStateExpiryEpochSec: 0}f600cccb-c69c-4e5d-9bb2-bde895ce90eb{ip: 127.0.0.1, host: localhost, ports: [REPLICATION=44721, RATIS=46271, RATIS_ADMIN=46271, RATIS_SERVER=46271, STANDALONE=43145], networkLocation: /default-rack, certSerialId: null, persistedOpState: IN_SERVICE, persistedOpStateExpiryEpochSec: 0}b2f71e74-b885-4a74-acef-2f4d6b72015d{ip: 127.0.0.1, host: localhost, ports: [REPLICATION=41609, RATIS=43737, RATIS_ADMIN=43737, RATIS_SERVER=43737, STANDALONE=42625], networkLocation: /default-rack, certSerialId: null, persistedOpState: IN_SERVICE, persistedOpStateExpiryEpochSec: 0}, ReplicationConfig: RATIS/THREE, State:ALLOCATED, leaderId:3c8f8348-5b45-4285-ac9e-7c9778a12270, CreationTimestamp2022-06-08T19:33:57.540Z[Etc/UTC]] moved to OPEN state
2022-06-08 19:34:10,381 [EventQueue-OpenPipelineForHealthyPipelineSafeModeRule] INFO  safemode.SCMSafeModeManager (HealthyPipelineSafeModeRule.java:process(124)) - SCM in safe mode. Healthy pipelines reported count is 0, required healthy pipeline reported count is 1
2022-06-08 19:34:10,382 [EventQueue-OpenPipelineForHealthyPipelineSafeModeRule] INFO  safemode.SCMSafeModeManager (HealthyPipelineSafeModeRule.java:process(124)) - SCM in safe mode. Healthy pipelines reported count is 1, required healthy pipeline reported count is 1
2022-06-08 19:34:10,382 [EventQueue-OpenPipelineForHealthyPipelineSafeModeRule] INFO  safemode.SCMSafeModeManager (SCMSafeModeManager.java:validateSafeModeExitRules(204)) - HealthyPipelineSafeModeRule rule is successfully validated
2022-06-08 19:34:10,382 [EventQueue-OpenPipelineForHealthyPipelineSafeModeRule] INFO  safemode.SCMSafeModeManager (SCMSafeModeManager.java:validateSafeModeExitRules(219)) - ScmSafeModeManager, all rules are successfully validated
2022-06-08 19:34:10,382 [EventQueue-OpenPipelineForHealthyPipelineSafeModeRule] INFO  safemode.SCMSafeModeManager (SCMSafeModeManager.java:exitSafeMode(248)) - SCM exiting safe mode.
2022-06-08 19:34:10,382 [EventQueue-OpenPipelineForHealthyPipelineSafeModeRule] WARN  events.EventQueue (EventQueue.java:fireEvent(194)) - No event handler registered for event TypedEvent{payloadType=SafeModeStatus, name='Safe mode status'}
2022-06-08 19:34:10,382 [EventQueue-OpenPipelineForHealthyPipelineSafeModeRule] INFO  ha.SCMContext (SCMContext.java:updateSafeModeStatus(228)) - Update SafeModeStatus from SafeModeStatus{safeModeStatus=true, preCheckPassed=true} to SafeModeStatus{safeModeStatus=false, preCheckPassed=true}.
2022-06-08 19:34:10,386 [3c8f8348-5b45-4285-ac9e-7c9778a12270@group-347FF21BF0E9-SegmentedRaftLogWorker] INFO  segmented.SegmentedRaftLogWorker (SegmentedRaftLogWorker.java:execute(629)) - 3c8f8348-5b45-4285-ac9e-7c9778a12270@group-347FF21BF0E9-SegmentedRaftLogWorker: created new log segment /home/runner/work/ozone/ozone/hadoop-ozone/integration-test/target/test-dir/MiniOzoneClusterImpl-6ca4cc63-2561-4277-bbe7-e6e454dc87c0/datanode-2/data/ratis/19d21720-15a2-4f77-a178-347ff21bf0e9/current/log_inprogress_0
2022-06-08 19:34:10,396 [grpc-default-executor-0] INFO  server.RaftServer$Division (RaftServerImpl.java:requestVote(1152)) - b2f71e74-b885-4a74-acef-2f4d6b72015d@group-347FF21BF0E9: receive requestVote(ELECTION, 3c8f8348-5b45-4285-ac9e-7c9778a12270, group-347FF21BF0E9, 2, (t:0, i:0))
2022-06-08 19:34:10,396 [grpc-default-executor-0] INFO  impl.VoteContext (VoteContext.java:log(48)) - b2f71e74-b885-4a74-acef-2f4d6b72015d@group-347FF21BF0E9-FOLLOWER: accept ELECTION from 3c8f8348-5b45-4285-ac9e-7c9778a12270: our priority 0 <= candidate's priority 1
2022-06-08 19:34:10,396 [grpc-default-executor-0] INFO  server.RaftServer$Division (RaftServerImpl.java:setRole(299)) - b2f71e74-b885-4a74-acef-2f4d6b72015d@group-347FF21BF0E9: changes role from  FOLLOWER to FOLLOWER at term 2 for candidate:3c8f8348-5b45-4285-ac9e-7c9778a12270
2022-06-08 19:34:10,396 [grpc-default-executor-0] INFO  impl.RoleInfo (RoleInfo.java:shutdownFollowerState(110)) - b2f71e74-b885-4a74-acef-2f4d6b72015d: shutdown b2f71e74-b885-4a74-acef-2f4d6b72015d@group-347FF21BF0E9-FollowerState
2022-06-08 19:34:10,396 [grpc-default-executor-0] INFO  impl.RoleInfo (RoleInfo.java:updateAndGet(139)) - b2f71e74-b885-4a74-acef-2f4d6b72015d: start b2f71e74-b885-4a74-acef-2f4d6b72015d@group-347FF21BF0E9-FollowerState
2022-06-08 19:34:10,396 [3c8f8348-5b45-4285-ac9e-7c9778a12270@group-347FF21BF0E9-LeaderElection13] INFO  server.RaftServer$Division (ServerState.java:setRaftConf(393)) - 3c8f8348-5b45-4285-ac9e-7c9778a12270@group-347FF21BF0E9: set configuration 0: [f600cccb-c69c-4e5d-9bb2-bde895ce90eb|rpc:127.0.0.1:46271|dataStream:|priority:0, b2f71e74-b885-4a74-acef-2f4d6b72015d|rpc:127.0.0.1:43737|dataStream:|priority:0, 3c8f8348-5b45-4285-ac9e-7c9778a12270|rpc:127.0.0.1:44683|dataStream:|priority:1], old=null
2022-06-08 19:34:10,397 [b2f71e74-b885-4a74-acef-2f4d6b72015d@group-347FF21BF0E9-FollowerState] INFO  impl.FollowerState (FollowerState.java:run(152)) - b2f71e74-b885-4a74-acef-2f4d6b72015d@group-347FF21BF0E9-FollowerState was interrupted
2022-06-08 19:34:10,416 [f600cccb-c69c-4e5d-9bb2-bde895ce90eb-server-thread1] INFO  ratis.XceiverServerRatis (XceiverServerRatis.java:handleLeaderChangedNotification(863)) - Leader change notification received for group: group-347FF21BF0E9 with new leaderId: 3c8f8348-5b45-4285-ac9e-7c9778a12270
2022-06-08 19:34:10,416 [f600cccb-c69c-4e5d-9bb2-bde895ce90eb-server-thread1] INFO  server.RaftServer$Division (ServerState.java:setLeader(287)) - f600cccb-c69c-4e5d-9bb2-bde895ce90eb@group-347FF21BF0E9: change Leader from null to 3c8f8348-5b45-4285-ac9e-7c9778a12270 at term 2 for appendEntries, leader elected after 10269ms
2022-06-08 19:34:10,420 [f600cccb-c69c-4e5d-9bb2-bde895ce90eb-server-thread1] INFO  server.RaftServer$Division (ServerState.java:setRaftConf(393)) - f600cccb-c69c-4e5d-9bb2-bde895ce90eb@group-347FF21BF0E9: set configuration 0: [f600cccb-c69c-4e5d-9bb2-bde895ce90eb|rpc:127.0.0.1:46271|dataStream:|priority:0, b2f71e74-b885-4a74-acef-2f4d6b72015d|rpc:127.0.0.1:43737|dataStream:|priority:0, 3c8f8348-5b45-4285-ac9e-7c9778a12270|rpc:127.0.0.1:44683|dataStream:|priority:1], old=null
2022-06-08 19:34:10,420 [grpc-default-executor-0] INFO  server.RaftServer$Division (RaftServerImpl.java:requestVote(1184)) - b2f71e74-b885-4a74-acef-2f4d6b72015d@group-347FF21BF0E9 replies to ELECTION vote request: 3c8f8348-5b45-4285-ac9e-7c9778a12270<-b2f71e74-b885-4a74-acef-2f4d6b72015d#0:OK-t2. Peer's state: b2f71e74-b885-4a74-acef-2f4d6b72015d@group-347FF21BF0E9:t2, leader=null, voted=3c8f8348-5b45-4285-ac9e-7c9778a12270, raftlog=b2f71e74-b885-4a74-acef-2f4d6b72015d@group-347FF21BF0E9-SegmentedRaftLog:OPENED:c-1, conf=-1: [f600cccb-c69c-4e5d-9bb2-bde895ce90eb|rpc:127.0.0.1:46271|priority:0, b2f71e74-b885-4a74-acef-2f4d6b72015d|rpc:127.0.0.1:43737|priority:0, 3c8f8348-5b45-4285-ac9e-7c9778a12270|rpc:127.0.0.1:44683|priority:1], old=null
2022-06-08 19:34:10,420 [f600cccb-c69c-4e5d-9bb2-bde895ce90eb-server-thread1] INFO  segmented.SegmentedRaftLogWorker (SegmentedRaftLogWorker.java:startLogSegment(425)) - f600cccb-c69c-4e5d-9bb2-bde895ce90eb@group-347FF21BF0E9-SegmentedRaftLogWorker: Starting segment from index:0
2022-06-08 19:34:10,420 [b2f71e74-b885-4a74-acef-2f4d6b72015d-server-thread1] INFO  ratis.XceiverServerRatis (XceiverServerRatis.java:handleLeaderChangedNotification(863)) - Leader change notification received for group: group-347FF21BF0E9 with new leaderId: 3c8f8348-5b45-4285-ac9e-7c9778a12270
2022-06-08 19:34:10,420 [b2f71e74-b885-4a74-acef-2f4d6b72015d-server-thread1] INFO  server.RaftServer$Division (ServerState.java:setLeader(287)) - b2f71e74-b885-4a74-acef-2f4d6b72015d@group-347FF21BF0E9: change Leader from null to 3c8f8348-5b45-4285-ac9e-7c9778a12270 at term 2 for appendEntries, leader elected after 10347ms
2022-06-08 19:34:10,423 [f600cccb-c69c-4e5d-9bb2-bde895ce90eb@group-347FF21BF0E9-SegmentedRaftLogWorker] INFO  segmented.SegmentedRaftLogWorker (SegmentedRaftLogWorker.java:execute(629)) - f600cccb-c69c-4e5d-9bb2-bde895ce90eb@group-347FF21BF0E9-SegmentedRaftLogWorker: created new log segment /home/runner/work/ozone/ozone/hadoop-ozone/integration-test/target/test-dir/MiniOzoneClusterImpl-6ca4cc63-2561-4277-bbe7-e6e454dc87c0/datanode-1/data/ratis/19d21720-15a2-4f77-a178-347ff21bf0e9/current/log_inprogress_0
2022-06-08 19:34:10,425 [b2f71e74-b885-4a74-acef-2f4d6b72015d-server-thread1] INFO  server.RaftServer$Division (ServerState.java:setRaftConf(393)) - b2f71e74-b885-4a74-acef-2f4d6b72015d@group-347FF21BF0E9: set configuration 0: [f600cccb-c69c-4e5d-9bb2-bde895ce90eb|rpc:127.0.0.1:46271|dataStream:|priority:0, b2f71e74-b885-4a74-acef-2f4d6b72015d|rpc:127.0.0.1:43737|dataStream:|priority:0, 3c8f8348-5b45-4285-ac9e-7c9778a12270|rpc:127.0.0.1:44683|dataStream:|priority:1], old=null
2022-06-08 19:34:10,425 [b2f71e74-b885-4a74-acef-2f4d6b72015d-server-thread1] INFO  segmented.SegmentedRaftLogWorker (SegmentedRaftLogWorker.java:startLogSegment(425)) - b2f71e74-b885-4a74-acef-2f4d6b72015d@group-347FF21BF0E9-SegmentedRaftLogWorker: Starting segment from index:0
2022-06-08 19:34:10,426 [b2f71e74-b885-4a74-acef-2f4d6b72015d@group-347FF21BF0E9-SegmentedRaftLogWorker] INFO  segmented.SegmentedRaftLogWorker (SegmentedRaftLogWorker.java:execute(629)) - b2f71e74-b885-4a74-acef-2f4d6b72015d@group-347FF21BF0E9-SegmentedRaftLogWorker: created new log segment /home/runner/work/ozone/ozone/hadoop-ozone/integration-test/target/test-dir/MiniOzoneClusterImpl-6ca4cc63-2561-4277-bbe7-e6e454dc87c0/datanode-0/data/ratis/19d21720-15a2-4f77-a178-347ff21bf0e9/current/log_inprogress_0
2022-06-08 19:34:10,501 [Listener at 127.0.0.1/45261] INFO  ozone.MiniOzoneClusterImpl (MiniOzoneClusterImpl.java:lambda$waitForClusterToBeReady$0(221)) - Nodes are ready. Got 3 of 3 DN Heartbeats.
2022-06-08 19:34:10,502 [Listener at 127.0.0.1/45261] INFO  ozone.MiniOzoneClusterImpl (MiniOzoneClusterImpl.java:lambda$waitForClusterToBeReady$0(224)) - Cluster exits safe mode
2022-06-08 19:34:10,502 [Listener at 127.0.0.1/45261] INFO  ozone.MiniOzoneClusterImpl (MiniOzoneClusterImpl.java:lambda$waitForClusterToBeReady$0(226)) - SCM became leader
2022-06-08 19:34:10,904 [IPC Server handler 2 on default port 34913] INFO  ha.SCMNodeInfo (SCMNodeInfo.java:getPort(197)) - ConfigKey ozone.scm.client.address is deprecated, For configuring different ports for each SCM use PortConfigKey ozone.scm.client.port appended with serviceId and nodeId
2022-06-08 19:34:10,904 [IPC Server handler 2 on default port 34913] INFO  ha.SCMNodeInfo (SCMNodeInfo.java:getPort(197)) - ConfigKey ozone.scm.block.client.address is deprecated, For configuring different ports for each SCM use PortConfigKey ozone.scm.block.client.port appended with serviceId and nodeId
2022-06-08 19:34:10,904 [IPC Server handler 2 on default port 34913] INFO  ha.SCMNodeInfo (SCMNodeInfo.java:getPort(197)) - ConfigKey ozone.scm.datanode.address is deprecated, For configuring different ports for each SCM use PortConfigKey ozone.scm.datanode.port appended with serviceId and nodeId
2022-06-08 19:34:10,904 [IPC Server handler 2 on default port 34913] INFO  ha.SCMNodeInfo (SCMNodeInfo.java:getPort(197)) - ConfigKey ozone.scm.client.address is deprecated, For configuring different ports for each SCM use PortConfigKey ozone.scm.client.port appended with serviceId and nodeId
2022-06-08 19:34:10,904 [IPC Server handler 2 on default port 34913] INFO  ha.SCMNodeInfo (SCMNodeInfo.java:getPort(197)) - ConfigKey ozone.scm.block.client.address is deprecated, For configuring different ports for each SCM use PortConfigKey ozone.scm.block.client.port appended with serviceId and nodeId
2022-06-08 19:34:10,904 [IPC Server handler 2 on default port 34913] INFO  ha.SCMNodeInfo (SCMNodeInfo.java:getPort(197)) - ConfigKey ozone.scm.datanode.address is deprecated, For configuring different ports for each SCM use PortConfigKey ozone.scm.datanode.port appended with serviceId and nodeId
2022-06-08 19:34:10,906 [IPC Server handler 2 on default port 34913] INFO  ha.SCMNodeInfo (SCMNodeInfo.java:getPort(197)) - ConfigKey ozone.scm.client.address is deprecated, For configuring different ports for each SCM use PortConfigKey ozone.scm.client.port appended with serviceId and nodeId
2022-06-08 19:34:10,906 [IPC Server handler 2 on default port 34913] INFO  ha.SCMNodeInfo (SCMNodeInfo.java:getPort(197)) - ConfigKey ozone.scm.block.client.address is deprecated, For configuring different ports for each SCM use PortConfigKey ozone.scm.block.client.port appended with serviceId and nodeId
2022-06-08 19:34:10,906 [IPC Server handler 2 on default port 34913] INFO  ha.SCMNodeInfo (SCMNodeInfo.java:getPort(197)) - ConfigKey ozone.scm.datanode.address is deprecated, For configuring different ports for each SCM use PortConfigKey ozone.scm.datanode.port appended with serviceId and nodeId
2022-06-08 19:34:10,931 [Listener at 127.0.0.1/45261] INFO  rpc.RpcClient (RpcClient.java:createVolume(466)) - Creating Volume: 443600a3-6933-42be-b0e7-b32ae0226609, with runner as owner and space quota set to -1 bytes, counts quota set to -1
2022-06-08 19:34:10,971 [OM StateMachine ApplyTransaction Thread - 0] INFO  volume.OMVolumeCreateRequest (OMVolumeCreateRequest.java:validateAndUpdateCache(195)) - created volume:443600a3-6933-42be-b0e7-b32ae0226609 for user:runner
2022-06-08 19:34:10,971 [OM StateMachine ApplyTransaction Thread - 0] INFO  volume.OMVolumeCreateRequest (OMVolumeCreateRequest.java:validateAndUpdateCache(195)) - created volume:443600a3-6933-42be-b0e7-b32ae0226609 for user:runner
2022-06-08 19:34:10,980 [OM StateMachine ApplyTransaction Thread - 0] INFO  volume.OMVolumeCreateRequest (OMVolumeCreateRequest.java:validateAndUpdateCache(195)) - created volume:443600a3-6933-42be-b0e7-b32ae0226609 for user:runner
2022-06-08 19:34:11,011 [Listener at 127.0.0.1/45261] INFO  rpc.RpcClient (RpcClient.java:createBucket(666)) - Creating Bucket: 443600a3-6933-42be-b0e7-b32ae0226609/07b381d4-3bef-45b5-ab9f-d57275f5ab20, with the Bucket Layout null, runner as owner, Versioning false, Storage Type set to DISK and Encryption set to false 
2022-06-08 19:34:11,028 [OM StateMachine ApplyTransaction Thread - 0] INFO  bucket.OMBucketCreateRequest (OMBucketCreateRequest.java:validateAndUpdateCache(260)) - created bucket: 07b381d4-3bef-45b5-ab9f-d57275f5ab20 of layout LEGACY in volume: 443600a3-6933-42be-b0e7-b32ae0226609
2022-06-08 19:34:11,031 [Listener at 127.0.0.1/45261] INFO  ozone.MiniOzoneHAClusterImpl (MiniOzoneHAClusterImpl.java:stop(308)) - Stopping the OzoneManager omNode-3
2022-06-08 19:34:11,031 [Listener at 127.0.0.1/45261] INFO  om.OzoneManager (OzoneManager.java:stop(2017)) - omNode-3[localhost:45261]: Stopping Ozone Manager
2022-06-08 19:34:11,031 [Listener at 127.0.0.1/45261] INFO  ipc.Server (Server.java:stop(3414)) - Stopping server on 45261
2022-06-08 19:34:11,040 [IPC Server listener on 45261] INFO  ipc.Server (Server.java:run(1376)) - Stopping IPC Server listener on 45261
2022-06-08 19:34:11,044 [IPC Server Responder] INFO  ipc.Server (Server.java:run(1512)) - Stopping IPC Server Responder
2022-06-08 19:34:11,044 [Listener at 127.0.0.1/45261] INFO  server.RaftServer (RaftServerProxy.java:lambda$close$7(398)) - omNode-3: close
2022-06-08 19:34:11,044 [Listener at 127.0.0.1/45261] INFO  server.RaftServer$Division (RaftServerImpl.java:lambda$close$4(434)) - omNode-3@group-6C22E66A003A: shutdown
2022-06-08 19:34:11,044 [Listener at 127.0.0.1/45261] INFO  util.JmxRegister (JmxRegister.java:unregister(73)) - Successfully un-registered JMX Bean with object name Ratis:service=RaftServer,group=group-6C22E66A003A,id=omNode-3
2022-06-08 19:34:11,045 [Listener at 127.0.0.1/45261] INFO  impl.RoleInfo (RoleInfo.java:shutdownFollowerState(110)) - omNode-3: shutdown omNode-3@group-6C22E66A003A-FollowerState
2022-06-08 19:34:11,045 [Listener at 127.0.0.1/45261] INFO  impl.StateMachineUpdater (StateMachineUpdater.java:stopAndJoin(153)) - omNode-3@group-6C22E66A003A-StateMachineUpdater: set stopIndex = 4
2022-06-08 19:34:11,045 [omNode-3@group-6C22E66A003A-FollowerState] INFO  impl.FollowerState (FollowerState.java:run(152)) - omNode-3@group-6C22E66A003A-FollowerState was interrupted
2022-06-08 19:34:11,045 [omNode-3@group-6C22E66A003A-StateMachineUpdater] INFO  ratis.OzoneManagerStateMachine (OzoneManagerStateMachine.java:takeSnapshot(436)) - Current Snapshot Index (t:3, i:4)
2022-06-08 19:34:11,041 [OM StateMachine ApplyTransaction Thread - 0] INFO  bucket.OMBucketCreateRequest (OMBucketCreateRequest.java:validateAndUpdateCache(260)) - created bucket: 07b381d4-3bef-45b5-ab9f-d57275f5ab20 of layout LEGACY in volume: 443600a3-6933-42be-b0e7-b32ae0226609
2022-06-08 19:34:11,050 [omNode-3@group-6C22E66A003A-StateMachineUpdater] INFO  impl.StateMachineUpdater (StateMachineUpdater.java:takeSnapshot(287)) - omNode-3@group-6C22E66A003A-StateMachineUpdater: Took a snapshot at index 4
2022-06-08 19:34:11,050 [omNode-3@group-6C22E66A003A-StateMachineUpdater] INFO  impl.StateMachineUpdater (StateMachineUpdater.java:lambda$new$0(92)) - omNode-3@group-6C22E66A003A-StateMachineUpdater: snapshotIndex: updateIncreasingly -1 -> 4
2022-06-08 19:34:11,050 [omNode-3@group-6C22E66A003A-StateMachineUpdater] INFO  ratis.OzoneManagerStateMachine (OzoneManagerStateMachine.java:close(490)) - StateMachine has shutdown. Shutdown OzoneManager if not already shutdown.
2022-06-08 19:34:11,051 [omNode-3@group-6C22E66A003A-StateMachineUpdater] INFO  ratis.OzoneManagerDoubleBuffer (OzoneManagerDoubleBuffer.java:stop(465)) - Stopping OMDoubleBuffer flush thread
2022-06-08 19:34:11,053 [OMDoubleBufferFlushThread] INFO  ratis.OzoneManagerDoubleBuffer (OzoneManagerDoubleBuffer.java:flushTransactions(385)) - OMDoubleBuffer flush thread OMDoubleBufferFlushThread is interrupted and will exit.
2022-06-08 19:34:11,055 [Listener at 127.0.0.1/45261] INFO  server.RaftServer$Division (ServerState.java:close(429)) - omNode-3@group-6C22E66A003A: closes. applyIndex: 4
2022-06-08 19:34:11,056 [omNode-3@group-6C22E66A003A-SegmentedRaftLogWorker] INFO  segmented.SegmentedRaftLogWorker (SegmentedRaftLogWorker.java:run(336)) - omNode-3@group-6C22E66A003A-SegmentedRaftLogWorker was interrupted, exiting. There are 0 tasks remaining in the queue.
2022-06-08 19:34:11,057 [Listener at 127.0.0.1/45261] INFO  segmented.SegmentedRaftLogWorker (SegmentedRaftLogWorker.java:close(246)) - omNode-3@group-6C22E66A003A-SegmentedRaftLogWorker close()
2022-06-08 19:34:11,059 [Listener at 127.0.0.1/45261] INFO  server.GrpcService (GrpcService.java:closeImpl(269)) - omNode-3: shutdown server with port 36495 now
2022-06-08 19:34:11,068 [grpc-default-executor-0] WARN  server.GrpcServerProtocolService (LogUtils.java:warn(122)) - omNode-3: installSnapshot onError, lastRequest: omNode-2->omNode-3#98-t3,previous=(t:3, i:5),leaderCommit=5,initializing? true,entries: size=1, first=(t:3, i:6), METADATAENTRY(c:5): org.apache.ratis.thirdparty.io.grpc.StatusRuntimeException: CANCELLED: client cancelled
2022-06-08 19:34:11,070 [grpc-default-executor-0] WARN  server.GrpcLogAppender (LogUtils.java:warn(122)) - omNode-2@group-6C22E66A003A->omNode-3-AppendLogResponseHandler: Failed appendEntries: org.apache.ratis.thirdparty.io.grpc.StatusRuntimeException: CANCELLED: RST_STREAM closed stream. HTTP/2 error code: CANCEL
2022-06-08 19:34:11,071 [grpc-default-executor-0] INFO  leader.FollowerInfo (FollowerInfoImpl.java:lambda$new$0(48)) - omNode-2@group-6C22E66A003A->omNode-3: nextIndex: updateUnconditionally 7 -> 6
2022-06-08 19:34:11,077 [Listener at 127.0.0.1/45261] INFO  server.GrpcService (GrpcService.java:closeImpl(278)) - omNode-3: shutdown server with port 36495 successfully
2022-06-08 19:34:11,077 [org.apache.ratis.util.JvmPauseMonitor$$Lambda$519/1621292246@157cad5e] INFO  util.JvmPauseMonitor (JvmPauseMonitor.java:run(109)) - JvmPauseMonitor-omNode-3: Stopped
2022-06-08 19:34:11,078 [Listener at 127.0.0.1/45261] INFO  ratis.OzoneManagerStateMachine (OzoneManagerStateMachine.java:close(490)) - StateMachine has shutdown. Shutdown OzoneManager if not already shutdown.
2022-06-08 19:34:11,078 [Listener at 127.0.0.1/45261] INFO  ratis.OzoneManagerDoubleBuffer (OzoneManagerDoubleBuffer.java:stop(477)) - OMDoubleBuffer flush thread is not running.
2022-06-08 19:34:11,078 [Listener at 127.0.0.1/45261] INFO  utils.BackgroundService (BackgroundService.java:shutdown(132)) - Shutting down service KeyDeletingService
2022-06-08 19:34:11,083 [Listener at 127.0.0.1/45261] INFO  utils.BackgroundService (BackgroundService.java:shutdown(132)) - Shutting down service DirectoryDeletingService
2022-06-08 19:34:11,087 [Listener at 127.0.0.1/45261] INFO  handler.ContextHandler (ContextHandler.java:doStop(1153)) - Stopped o.e.j.w.WebAppContext@66a32da6{ozoneManager,/,null,STOPPED}{file:/home/runner/work/ozone/ozone/hadoop-ozone/integration-test/target/test-classes/webapps/ozoneManager}
2022-06-08 19:34:11,087 [grpc-default-executor-3] WARN  server.GrpcLogAppender (LogUtils.java:warn(122)) - omNode-2@group-6C22E66A003A->omNode-3-AppendLogResponseHandler: Failed appendEntries: org.apache.ratis.thirdparty.io.grpc.StatusRuntimeException: UNAVAILABLE: io exception
2022-06-08 19:34:11,088 [grpc-default-executor-3] INFO  leader.FollowerInfo (FollowerInfoImpl.java:lambda$new$0(48)) - omNode-2@group-6C22E66A003A->omNode-3: nextIndex: updateUnconditionally 7 -> 6
2022-06-08 19:34:11,093 [Listener at 127.0.0.1/45261] INFO  server.AbstractConnector (AbstractConnector.java:doStop(381)) - Stopped ServerConnector@4d5d3d9f{HTTP/1.1, (http/1.1)}{0.0.0.0:36717}
2022-06-08 19:34:11,094 [Listener at 127.0.0.1/45261] INFO  server.session (HouseKeeper.java:stopScavenging(149)) - node0 Stopped scavenging
2022-06-08 19:34:11,094 [Listener at 127.0.0.1/45261] INFO  handler.ContextHandler (ContextHandler.java:doStop(1153)) - Stopped o.e.j.s.ServletContextHandler@26c40cc2{static,/static,file:///home/runner/work/ozone/ozone/hadoop-ozone/integration-test/target/test-classes/webapps/static,STOPPED}
2022-06-08 19:34:11,094 [Listener at 127.0.0.1/45261] INFO  handler.ContextHandler (ContextHandler.java:doStop(1153)) - Stopped o.e.j.s.ServletContextHandler@26c9536{logs,/logs,file:///home/runner/work/ozone/ozone/hadoop-ozone/integration-test/target/log,STOPPED}
2022-06-08 19:34:11,097 [Listener at 127.0.0.1/45261] INFO  ozone.MiniOzoneHAClusterImpl (MiniOzoneHAClusterImpl.java:stop(308)) - Stopping the OzoneManager omNode-1
2022-06-08 19:34:11,097 [Listener at 127.0.0.1/45261] INFO  om.OzoneManager (OzoneManager.java:stop(2017)) - omNode-1[localhost:43109]: Stopping Ozone Manager
2022-06-08 19:34:11,097 [Listener at 127.0.0.1/45261] INFO  ipc.Server (Server.java:stop(3414)) - Stopping server on 43109
2022-06-08 19:34:11,100 [IPC Server listener on 43109] INFO  ipc.Server (Server.java:run(1376)) - Stopping IPC Server listener on 43109
2022-06-08 19:34:11,101 [IPC Server Responder] INFO  ipc.Server (Server.java:run(1512)) - Stopping IPC Server Responder
2022-06-08 19:34:11,102 [Listener at 127.0.0.1/45261] INFO  server.RaftServer (RaftServerProxy.java:lambda$close$7(398)) - omNode-1: close
2022-06-08 19:34:11,102 [Listener at 127.0.0.1/45261] INFO  server.RaftServer$Division (RaftServerImpl.java:lambda$close$4(434)) - omNode-1@group-6C22E66A003A: shutdown
2022-06-08 19:34:11,102 [Listener at 127.0.0.1/45261] INFO  util.JmxRegister (JmxRegister.java:unregister(73)) - Successfully un-registered JMX Bean with object name Ratis:service=RaftServer,group=group-6C22E66A003A,id=omNode-1
2022-06-08 19:34:11,102 [Listener at 127.0.0.1/45261] INFO  impl.RoleInfo (RoleInfo.java:shutdownFollowerState(110)) - omNode-1: shutdown omNode-1@group-6C22E66A003A-FollowerState
2022-06-08 19:34:11,102 [omNode-1@group-6C22E66A003A-FollowerState] INFO  impl.FollowerState (FollowerState.java:run(152)) - omNode-1@group-6C22E66A003A-FollowerState was interrupted
2022-06-08 19:34:11,102 [omNode-1@group-6C22E66A003A-StateMachineUpdater] INFO  ratis.OzoneManagerStateMachine (OzoneManagerStateMachine.java:takeSnapshot(436)) - Current Snapshot Index (t:3, i:5)
2022-06-08 19:34:11,102 [omNode-1@group-6C22E66A003A-StateMachineUpdater] INFO  impl.StateMachineUpdater (StateMachineUpdater.java:takeSnapshot(287)) - omNode-1@group-6C22E66A003A-StateMachineUpdater: Took a snapshot at index 5
2022-06-08 19:34:11,102 [omNode-1@group-6C22E66A003A-StateMachineUpdater] INFO  impl.StateMachineUpdater (StateMachineUpdater.java:lambda$new$0(92)) - omNode-1@group-6C22E66A003A-StateMachineUpdater: snapshotIndex: updateIncreasingly -1 -> 5
2022-06-08 19:34:11,103 [omNode-1@group-6C22E66A003A-StateMachineUpdater] INFO  ratis.OzoneManagerStateMachine (OzoneManagerStateMachine.java:close(490)) - StateMachine has shutdown. Shutdown OzoneManager if not already shutdown.
2022-06-08 19:34:11,103 [omNode-1@group-6C22E66A003A-StateMachineUpdater] INFO  ratis.OzoneManagerDoubleBuffer (OzoneManagerDoubleBuffer.java:stop(465)) - Stopping OMDoubleBuffer flush thread
2022-06-08 19:34:11,103 [OMDoubleBufferFlushThread] INFO  ratis.OzoneManagerDoubleBuffer (OzoneManagerDoubleBuffer.java:flushTransactions(385)) - OMDoubleBuffer flush thread OMDoubleBufferFlushThread is interrupted and will exit.
2022-06-08 19:34:11,103 [Listener at 127.0.0.1/45261] INFO  impl.StateMachineUpdater (StateMachineUpdater.java:stopAndJoin(153)) - omNode-1@group-6C22E66A003A-StateMachineUpdater: set stopIndex = 5
2022-06-08 19:34:11,104 [Listener at 127.0.0.1/45261] INFO  server.RaftServer$Division (ServerState.java:close(429)) - omNode-1@group-6C22E66A003A: closes. applyIndex: 5
2022-06-08 19:34:11,104 [omNode-1@group-6C22E66A003A-SegmentedRaftLogWorker] INFO  segmented.SegmentedRaftLogWorker (SegmentedRaftLogWorker.java:run(336)) - omNode-1@group-6C22E66A003A-SegmentedRaftLogWorker was interrupted, exiting. There are 0 tasks remaining in the queue.
2022-06-08 19:34:11,106 [Listener at 127.0.0.1/45261] INFO  segmented.SegmentedRaftLogWorker (SegmentedRaftLogWorker.java:close(246)) - omNode-1@group-6C22E66A003A-SegmentedRaftLogWorker close()
2022-06-08 19:34:11,109 [Listener at 127.0.0.1/45261] INFO  server.GrpcService (GrpcService.java:closeImpl(269)) - omNode-1: shutdown server with port 37093 now
2022-06-08 19:34:11,113 [grpc-default-executor-0] WARN  server.GrpcServerProtocolService (LogUtils.java:warn(122)) - omNode-1: installSnapshot onError, lastRequest: omNode-2->omNode-1#108-t3,previous=(t:3, i:5),leaderCommit=5,initializing? true,entries: size=1, first=(t:3, i:6), METADATAENTRY(c:5): org.apache.ratis.thirdparty.io.grpc.StatusRuntimeException: CANCELLED: client cancelled
2022-06-08 19:34:11,113 [grpc-default-executor-1] WARN  server.GrpcLogAppender (LogUtils.java:warn(122)) - omNode-2@group-6C22E66A003A->omNode-1-AppendLogResponseHandler: Failed appendEntries: org.apache.ratis.thirdparty.io.grpc.StatusRuntimeException: CANCELLED: RST_STREAM closed stream. HTTP/2 error code: CANCEL
2022-06-08 19:34:11,113 [grpc-default-executor-1] INFO  leader.FollowerInfo (FollowerInfoImpl.java:lambda$new$0(48)) - omNode-2@group-6C22E66A003A->omNode-1: nextIndex: updateUnconditionally 7 -> 6
2022-06-08 19:34:11,118 [grpc-default-executor-1] WARN  server.GrpcLogAppender (LogUtils.java:warn(122)) - omNode-2@group-6C22E66A003A->omNode-1-AppendLogResponseHandler: Failed appendEntries: org.apache.ratis.thirdparty.io.grpc.StatusRuntimeException: UNAVAILABLE: io exception
2022-06-08 19:34:11,118 [grpc-default-executor-1] INFO  leader.FollowerInfo (FollowerInfoImpl.java:lambda$new$0(48)) - omNode-2@group-6C22E66A003A->omNode-1: nextIndex: updateUnconditionally 7 -> 6
2022-06-08 19:34:11,120 [Listener at 127.0.0.1/45261] INFO  server.GrpcService (GrpcService.java:closeImpl(278)) - omNode-1: shutdown server with port 37093 successfully
2022-06-08 19:34:11,120 [org.apache.ratis.util.JvmPauseMonitor$$Lambda$519/1621292246@3330e806] INFO  util.JvmPauseMonitor (JvmPauseMonitor.java:run(109)) - JvmPauseMonitor-omNode-1: Stopped
2022-06-08 19:34:11,121 [Listener at 127.0.0.1/45261] INFO  ratis.OzoneManagerStateMachine (OzoneManagerStateMachine.java:close(490)) - StateMachine has shutdown. Shutdown OzoneManager if not already shutdown.
2022-06-08 19:34:11,121 [Listener at 127.0.0.1/45261] INFO  ratis.OzoneManagerDoubleBuffer (OzoneManagerDoubleBuffer.java:stop(477)) - OMDoubleBuffer flush thread is not running.
2022-06-08 19:34:11,121 [Listener at 127.0.0.1/45261] INFO  utils.BackgroundService (BackgroundService.java:shutdown(132)) - Shutting down service KeyDeletingService
2022-06-08 19:34:11,121 [Listener at 127.0.0.1/45261] INFO  utils.BackgroundService (BackgroundService.java:shutdown(132)) - Shutting down service DirectoryDeletingService
2022-06-08 19:34:11,122 [Listener at 127.0.0.1/45261] INFO  handler.ContextHandler (ContextHandler.java:doStop(1153)) - Stopped o.e.j.w.WebAppContext@71405b4f{ozoneManager,/,null,STOPPED}{file:/home/runner/work/ozone/ozone/hadoop-ozone/integration-test/target/test-classes/webapps/ozoneManager}
2022-06-08 19:34:11,122 [Listener at 127.0.0.1/45261] INFO  server.AbstractConnector (AbstractConnector.java:doStop(381)) - Stopped ServerConnector@35c8fccc{HTTP/1.1, (http/1.1)}{0.0.0.0:36601}
2022-06-08 19:34:11,122 [Listener at 127.0.0.1/45261] INFO  server.session (HouseKeeper.java:stopScavenging(149)) - node0 Stopped scavenging
2022-06-08 19:34:11,122 [Listener at 127.0.0.1/45261] INFO  handler.ContextHandler (ContextHandler.java:doStop(1153)) - Stopped o.e.j.s.ServletContextHandler@18b7c13f{static,/static,file:///home/runner/work/ozone/ozone/hadoop-ozone/integration-test/target/test-classes/webapps/static,STOPPED}
2022-06-08 19:34:11,123 [Listener at 127.0.0.1/45261] INFO  handler.ContextHandler (ContextHandler.java:doStop(1153)) - Stopped o.e.j.s.ServletContextHandler@7826191a{logs,/logs,file:///home/runner/work/ozone/ozone/hadoop-ozone/integration-test/target/log,STOPPED}
2022-06-08 19:34:11,128 [Listener at 127.0.0.1/45261] INFO  ozone.MiniOzoneHAClusterImpl (MiniOzoneHAClusterImpl.java:stop(308)) - Stopping the OzoneManager omNode-2
2022-06-08 19:34:11,128 [Listener at 127.0.0.1/45261] INFO  om.OzoneManager (OzoneManager.java:stop(2017)) - omNode-2[localhost:34913]: Stopping Ozone Manager
2022-06-08 19:34:11,128 [Listener at 127.0.0.1/45261] INFO  ipc.Server (Server.java:stop(3414)) - Stopping server on 34913
2022-06-08 19:34:11,131 [IPC Server listener on 34913] INFO  ipc.Server (Server.java:run(1376)) - Stopping IPC Server listener on 34913
2022-06-08 19:34:11,132 [IPC Server Responder] INFO  ipc.Server (Server.java:run(1512)) - Stopping IPC Server Responder
2022-06-08 19:34:11,140 [Listener at 127.0.0.1/45261] INFO  server.RaftServer (RaftServerProxy.java:lambda$close$7(398)) - omNode-2: close
2022-06-08 19:34:11,140 [Listener at 127.0.0.1/45261] INFO  server.RaftServer$Division (RaftServerImpl.java:lambda$close$4(434)) - omNode-2@group-6C22E66A003A: shutdown
2022-06-08 19:34:11,140 [Listener at 127.0.0.1/45261] INFO  util.JmxRegister (JmxRegister.java:unregister(73)) - Successfully un-registered JMX Bean with object name Ratis:service=RaftServer,group=group-6C22E66A003A,id=omNode-2
2022-06-08 19:34:11,140 [Listener at 127.0.0.1/45261] INFO  impl.RoleInfo (RoleInfo.java:shutdownLeaderState(93)) - omNode-2: shutdown omNode-2@group-6C22E66A003A-LeaderStateImpl
2022-06-08 19:34:11,140 [omNode-2@group-6C22E66A003A->omNode-1-GrpcLogAppender-LogAppenderDaemon] WARN  server.GrpcLogAppender (GrpcLogAppender.java:mayWait(171)) - omNode-2@group-6C22E66A003A->omNode-1-GrpcLogAppender: Wait interrupted by java.lang.InterruptedException
2022-06-08 19:34:11,140 [omNode-2@group-6C22E66A003A->omNode-3-GrpcLogAppender-LogAppenderDaemon] WARN  server.GrpcLogAppender (GrpcLogAppender.java:mayWait(171)) - omNode-2@group-6C22E66A003A->omNode-3-GrpcLogAppender: Wait interrupted by java.lang.InterruptedException
2022-06-08 19:34:11,140 [Listener at 127.0.0.1/45261] INFO  impl.PendingRequests (PendingRequests.java:sendNotLeaderResponses(282)) - omNode-2@group-6C22E66A003A-PendingRequests: sendNotLeaderResponses
2022-06-08 19:34:11,143 [Listener at 127.0.0.1/45261] INFO  impl.StateMachineUpdater (StateMachineUpdater.java:stopAndJoin(153)) - omNode-2@group-6C22E66A003A-StateMachineUpdater: set stopIndex = 6
2022-06-08 19:34:11,143 [omNode-2@group-6C22E66A003A-StateMachineUpdater] INFO  ratis.OzoneManagerStateMachine (OzoneManagerStateMachine.java:takeSnapshot(436)) - Current Snapshot Index (t:3, i:6)
2022-06-08 19:34:11,143 [omNode-2@group-6C22E66A003A-StateMachineUpdater] INFO  impl.StateMachineUpdater (StateMachineUpdater.java:takeSnapshot(287)) - omNode-2@group-6C22E66A003A-StateMachineUpdater: Took a snapshot at index 6
2022-06-08 19:34:11,143 [omNode-2@group-6C22E66A003A-StateMachineUpdater] INFO  impl.StateMachineUpdater (StateMachineUpdater.java:lambda$new$0(92)) - omNode-2@group-6C22E66A003A-StateMachineUpdater: snapshotIndex: updateIncreasingly -1 -> 6
2022-06-08 19:34:11,143 [omNode-2@group-6C22E66A003A-StateMachineUpdater] INFO  ratis.OzoneManagerStateMachine (OzoneManagerStateMachine.java:close(490)) - StateMachine has shutdown. Shutdown OzoneManager if not already shutdown.
2022-06-08 19:34:11,143 [omNode-2@group-6C22E66A003A-StateMachineUpdater] INFO  ratis.OzoneManagerDoubleBuffer (OzoneManagerDoubleBuffer.java:stop(465)) - Stopping OMDoubleBuffer flush thread
2022-06-08 19:34:11,144 [OMDoubleBufferFlushThread] INFO  ratis.OzoneManagerDoubleBuffer (OzoneManagerDoubleBuffer.java:flushTransactions(385)) - OMDoubleBuffer flush thread OMDoubleBufferFlushThread is interrupted and will exit.
2022-06-08 19:34:11,145 [Listener at 127.0.0.1/45261] INFO  server.RaftServer$Division (ServerState.java:close(429)) - omNode-2@group-6C22E66A003A: closes. applyIndex: 6
2022-06-08 19:34:11,145 [omNode-2@group-6C22E66A003A-SegmentedRaftLogWorker] INFO  segmented.SegmentedRaftLogWorker (SegmentedRaftLogWorker.java:run(336)) - omNode-2@group-6C22E66A003A-SegmentedRaftLogWorker was interrupted, exiting. There are 0 tasks remaining in the queue.
2022-06-08 19:34:11,146 [Listener at 127.0.0.1/45261] INFO  segmented.SegmentedRaftLogWorker (SegmentedRaftLogWorker.java:close(246)) - omNode-2@group-6C22E66A003A-SegmentedRaftLogWorker close()
2022-06-08 19:34:11,148 [Listener at 127.0.0.1/45261] INFO  server.GrpcService (GrpcService.java:closeImpl(269)) - omNode-2: shutdown server with port 44297 now
2022-06-08 19:34:11,152 [Listener at 127.0.0.1/45261] INFO  server.GrpcService (GrpcService.java:closeImpl(278)) - omNode-2: shutdown server with port 44297 successfully
2022-06-08 19:34:11,152 [org.apache.ratis.util.JvmPauseMonitor$$Lambda$519/1621292246@354ddb79] INFO  util.JvmPauseMonitor (JvmPauseMonitor.java:run(109)) - JvmPauseMonitor-omNode-2: Stopped
2022-06-08 19:34:11,155 [Listener at 127.0.0.1/45261] INFO  ratis.OzoneManagerStateMachine (OzoneManagerStateMachine.java:close(490)) - StateMachine has shutdown. Shutdown OzoneManager if not already shutdown.
2022-06-08 19:34:11,155 [Listener at 127.0.0.1/45261] INFO  ratis.OzoneManagerDoubleBuffer (OzoneManagerDoubleBuffer.java:stop(477)) - OMDoubleBuffer flush thread is not running.
2022-06-08 19:34:11,156 [Listener at 127.0.0.1/45261] INFO  utils.BackgroundService (BackgroundService.java:shutdown(132)) - Shutting down service KeyDeletingService
2022-06-08 19:34:11,156 [Listener at 127.0.0.1/45261] INFO  utils.BackgroundService (BackgroundService.java:shutdown(132)) - Shutting down service DirectoryDeletingService
2022-06-08 19:34:11,156 [Listener at 127.0.0.1/45261] INFO  handler.ContextHandler (ContextHandler.java:doStop(1153)) - Stopped o.e.j.w.WebAppContext@5b8a233{ozoneManager,/,null,STOPPED}{file:/home/runner/work/ozone/ozone/hadoop-ozone/integration-test/target/test-classes/webapps/ozoneManager}
2022-06-08 19:34:11,157 [Listener at 127.0.0.1/45261] INFO  server.AbstractConnector (AbstractConnector.java:doStop(381)) - Stopped ServerConnector@36332f42{HTTP/1.1, (http/1.1)}{0.0.0.0:46251}
2022-06-08 19:34:11,157 [Listener at 127.0.0.1/45261] INFO  server.session (HouseKeeper.java:stopScavenging(149)) - node0 Stopped scavenging
2022-06-08 19:34:11,157 [Listener at 127.0.0.1/45261] INFO  handler.ContextHandler (ContextHandler.java:doStop(1153)) - Stopped o.e.j.s.ServletContextHandler@7a5f93ea{static,/static,file:///home/runner/work/ozone/ozone/hadoop-ozone/integration-test/target/test-classes/webapps/static,STOPPED}
2022-06-08 19:34:11,157 [Listener at 127.0.0.1/45261] INFO  handler.ContextHandler (ContextHandler.java:doStop(1153)) - Stopped o.e.j.s.ServletContextHandler@68897232{logs,/logs,file:///home/runner/work/ozone/ozone/hadoop-ozone/integration-test/target/log,STOPPED}
2022-06-08 19:34:11,163 [Listener at 127.0.0.1/45261] INFO  ozone.MiniOzoneHAClusterImpl (MiniOzoneHAClusterImpl.java:stop(316)) - Stopping the StorageContainerManager 21888257-2f66-47c2-9c1a-f9078c9f78d9
2022-06-08 19:34:11,163 [Listener at 127.0.0.1/45261] INFO  server.StorageContainerManager (StorageContainerManager.java:stop(1500)) - Container Balancer is not running.
2022-06-08 19:34:11,163 [Listener at 127.0.0.1/45261] INFO  server.StorageContainerManager (StorageContainerManager.java:stop(1507)) - Stopping Replication Manager Service.
2022-06-08 19:34:11,163 [Listener at 127.0.0.1/45261] INFO  replication.ReplicationManager (ReplicationManager.java:stop(212)) - Stopping Replication Monitor Thread.
2022-06-08 19:34:11,163 [Listener at 127.0.0.1/45261] INFO  server.StorageContainerManager (StorageContainerManager.java:stop(1514)) - Stopping the Datanode Admin Monitor.
2022-06-08 19:34:11,163 [ReplicationMonitor] INFO  replication.ReplicationManager (ReplicationManager.java:run(270)) - Replication Monitor Thread is stopped
2022-06-08 19:34:11,163 [Listener at 127.0.0.1/45261] INFO  server.StorageContainerManager (StorageContainerManager.java:stop(1521)) - Stopping Lease Manager of the command watchers
2022-06-08 19:34:11,164 [Listener at 127.0.0.1/45261] INFO  server.StorageContainerManager (StorageContainerManager.java:stop(1528)) - Stopping datanode service RPC server
2022-06-08 19:34:11,164 [Listener at 127.0.0.1/45261] INFO  server.SCMDatanodeProtocolServer (SCMDatanodeProtocolServer.java:stop(400)) - Stopping the RPC server for DataNodes
2022-06-08 19:34:11,164 [Listener at 127.0.0.1/45261] INFO  ipc.Server (Server.java:stop(3414)) - Stopping server on 40207
2022-06-08 19:34:11,164 [IPC Server listener on 40207] INFO  ipc.Server (Server.java:run(1376)) - Stopping IPC Server listener on 40207
2022-06-08 19:34:11,166 [IPC Server Responder] INFO  ipc.Server (Server.java:run(1512)) - Stopping IPC Server Responder
2022-06-08 19:34:11,241 [SCM Heartbeat Processing Thread - 0] WARN  node.NodeStateManager (NodeStateManager.java:scheduleNextHealthCheck(848)) - Current Thread is interrupted, shutting down HB processing thread for Node Manager.
2022-06-08 19:34:11,243 [Listener at 127.0.0.1/45261] INFO  server.StorageContainerManager (StorageContainerManager.java:stop(1536)) - Stopping block service RPC server
2022-06-08 19:34:11,243 [Listener at 127.0.0.1/45261] INFO  server.SCMBlockProtocolServer (SCMBlockProtocolServer.java:stop(160)) - Stopping the RPC server for Block Protocol
2022-06-08 19:34:11,244 [Listener at 127.0.0.1/45261] INFO  ipc.Server (Server.java:stop(3414)) - Stopping server on 45287
2022-06-08 19:34:11,247 [IPC Server listener on 45287] INFO  ipc.Server (Server.java:run(1376)) - Stopping IPC Server listener on 45287
2022-06-08 19:34:11,248 [IPC Server Responder] INFO  ipc.Server (Server.java:run(1512)) - Stopping IPC Server Responder
2022-06-08 19:34:11,248 [Listener at 127.0.0.1/45261] INFO  server.StorageContainerManager (StorageContainerManager.java:stop(1543)) - Stopping the StorageContainerLocationProtocol RPC server
2022-06-08 19:34:11,249 [Listener at 127.0.0.1/45261] INFO  server.SCMClientProtocolServer (SCMClientProtocolServer.java:stop(178)) - Stopping the RPC server for Client Protocol
2022-06-08 19:34:11,249 [Listener at 127.0.0.1/45261] INFO  ipc.Server (Server.java:stop(3414)) - Stopping server on 37775
2022-06-08 19:34:11,250 [IPC Server listener on 37775] INFO  ipc.Server (Server.java:run(1376)) - Stopping IPC Server listener on 37775
2022-06-08 19:34:11,251 [IPC Server Responder] INFO  ipc.Server (Server.java:run(1512)) - Stopping IPC Server Responder
2022-06-08 19:34:11,251 [Listener at 127.0.0.1/45261] INFO  server.StorageContainerManager (StorageContainerManager.java:stop(1550)) - Stopping Storage Container Manager HTTP server.
2022-06-08 19:34:11,252 [Listener at 127.0.0.1/45261] INFO  handler.ContextHandler (ContextHandler.java:doStop(1153)) - Stopped o.e.j.w.WebAppContext@6dd5953b{scm,/,null,STOPPED}{file:/home/runner/work/ozone/ozone/hadoop-ozone/integration-test/target/test-classes/webapps/scm}
2022-06-08 19:34:11,252 [Listener at 127.0.0.1/45261] INFO  server.AbstractConnector (AbstractConnector.java:doStop(381)) - Stopped ServerConnector@715e7022{HTTP/1.1, (http/1.1)}{0.0.0.0:33347}
2022-06-08 19:34:11,253 [Listener at 127.0.0.1/45261] INFO  server.session (HouseKeeper.java:stopScavenging(149)) - node0 Stopped scavenging
2022-06-08 19:34:11,253 [Listener at 127.0.0.1/45261] INFO  handler.ContextHandler (ContextHandler.java:doStop(1153)) - Stopped o.e.j.s.ServletContextHandler@72344dfd{static,/static,file:///home/runner/work/ozone/ozone/hadoop-ozone/integration-test/target/test-classes/webapps/static,STOPPED}
2022-06-08 19:34:11,253 [Listener at 127.0.0.1/45261] INFO  handler.ContextHandler (ContextHandler.java:doStop(1153)) - Stopped o.e.j.s.ServletContextHandler@34876fbc{logs,/logs,file:///home/runner/work/ozone/ozone/hadoop-ozone/integration-test/target/log,STOPPED}
2022-06-08 19:34:11,254 [Listener at 127.0.0.1/45261] INFO  server.StorageContainerManager (StorageContainerManager.java:stop(1561)) - Stopping Block Manager Service.
2022-06-08 19:34:11,254 [Listener at 127.0.0.1/45261] INFO  utils.BackgroundService (BackgroundService.java:shutdown(132)) - Shutting down service SCMBlockDeletingService
2022-06-08 19:34:11,254 [Listener at 127.0.0.1/45261] INFO  utils.BackgroundService (BackgroundService.java:shutdown(132)) - Shutting down service SCMBlockDeletingService
2022-06-08 19:34:11,254 [Listener at 127.0.0.1/45261] INFO  server.StorageContainerManager (StorageContainerManager.java:stop(1588)) - Stopping SCM Event Queue.
2022-06-08 19:34:11,259 [Listener at 127.0.0.1/45261] INFO  server.StorageContainerManager (StorageContainerManager.java:stop(1599)) - Stopping SCM HA services.
2022-06-08 19:34:11,259 [Listener at 127.0.0.1/45261] INFO  ha.SCMRatisServerImpl (SCMRatisServerImpl.java:stop(238)) - stopping ratis server 0.0.0.0:43277
2022-06-08 19:34:11,259 [Listener at 127.0.0.1/45261] INFO  server.RaftServer (RaftServerProxy.java:lambda$close$7(398)) - 21888257-2f66-47c2-9c1a-f9078c9f78d9: close
2022-06-08 19:34:11,259 [Listener at 127.0.0.1/45261] INFO  server.RaftServer$Division (RaftServerImpl.java:lambda$close$4(434)) - 21888257-2f66-47c2-9c1a-f9078c9f78d9@group-E6E454DC87C0: shutdown
2022-06-08 19:34:11,259 [Listener at 127.0.0.1/45261] INFO  util.JmxRegister (JmxRegister.java:unregister(73)) - Successfully un-registered JMX Bean with object name Ratis:service=RaftServer,group=group-E6E454DC87C0,id=21888257-2f66-47c2-9c1a-f9078c9f78d9
2022-06-08 19:34:11,259 [Listener at 127.0.0.1/45261] INFO  impl.RoleInfo (RoleInfo.java:shutdownFollowerState(110)) - 21888257-2f66-47c2-9c1a-f9078c9f78d9: shutdown 21888257-2f66-47c2-9c1a-f9078c9f78d9@group-E6E454DC87C0-FollowerState
2022-06-08 19:34:11,259 [21888257-2f66-47c2-9c1a-f9078c9f78d9@group-E6E454DC87C0-FollowerState] INFO  impl.FollowerState (FollowerState.java:run(152)) - 21888257-2f66-47c2-9c1a-f9078c9f78d9@group-E6E454DC87C0-FollowerState was interrupted
2022-06-08 19:34:11,260 [21888257-2f66-47c2-9c1a-f9078c9f78d9@group-E6E454DC87C0-StateMachineUpdater] INFO  ha.SCMStateMachine (SCMStateMachine.java:takeSnapshot(297)) - Current Snapshot Index 29, takeSnapshot took 1 ms
2022-06-08 19:34:11,260 [21888257-2f66-47c2-9c1a-f9078c9f78d9@group-E6E454DC87C0-StateMachineUpdater] INFO  impl.StateMachineUpdater (StateMachineUpdater.java:takeSnapshot(287)) - 21888257-2f66-47c2-9c1a-f9078c9f78d9@group-E6E454DC87C0-StateMachineUpdater: Took a snapshot at index 29
2022-06-08 19:34:11,260 [21888257-2f66-47c2-9c1a-f9078c9f78d9@group-E6E454DC87C0-StateMachineUpdater] INFO  impl.StateMachineUpdater (StateMachineUpdater.java:lambda$new$0(92)) - 21888257-2f66-47c2-9c1a-f9078c9f78d9@group-E6E454DC87C0-StateMachineUpdater: snapshotIndex: updateIncreasingly -1 -> 29
2022-06-08 19:34:11,260 [21888257-2f66-47c2-9c1a-f9078c9f78d9@group-E6E454DC87C0-StateMachineUpdater] INFO  server.StorageContainerManager (StorageContainerManager.java:stop(1500)) - Container Balancer is not running.
2022-06-08 19:34:11,260 [21888257-2f66-47c2-9c1a-f9078c9f78d9@group-E6E454DC87C0-StateMachineUpdater] INFO  server.StorageContainerManager (StorageContainerManager.java:stop(1507)) - Stopping Replication Manager Service.
2022-06-08 19:34:11,260 [21888257-2f66-47c2-9c1a-f9078c9f78d9@group-E6E454DC87C0-StateMachineUpdater] INFO  replication.ReplicationManager (ReplicationManager.java:stop(218)) - Replication Monitor Thread is not running.
2022-06-08 19:34:11,260 [21888257-2f66-47c2-9c1a-f9078c9f78d9@group-E6E454DC87C0-StateMachineUpdater] INFO  server.StorageContainerManager (StorageContainerManager.java:stop(1514)) - Stopping the Datanode Admin Monitor.
2022-06-08 19:34:11,260 [21888257-2f66-47c2-9c1a-f9078c9f78d9@group-E6E454DC87C0-StateMachineUpdater] INFO  server.StorageContainerManager (StorageContainerManager.java:stop(1521)) - Stopping Lease Manager of the command watchers
2022-06-08 19:34:11,260 [21888257-2f66-47c2-9c1a-f9078c9f78d9@group-E6E454DC87C0-StateMachineUpdater] ERROR server.StorageContainerManager (StorageContainerManager.java:stop(1524)) - Lease Manager of the command watchers stop failed
2022-06-08 19:34:11,260 [21888257-2f66-47c2-9c1a-f9078c9f78d9@group-E6E454DC87C0-StateMachineUpdater] INFO  server.StorageContainerManager (StorageContainerManager.java:stop(1528)) - Stopping datanode service RPC server
2022-06-08 19:34:11,260 [21888257-2f66-47c2-9c1a-f9078c9f78d9@group-E6E454DC87C0-StateMachineUpdater] INFO  server.SCMDatanodeProtocolServer (SCMDatanodeProtocolServer.java:stop(400)) - Stopping the RPC server for DataNodes
2022-06-08 19:34:11,260 [21888257-2f66-47c2-9c1a-f9078c9f78d9@group-E6E454DC87C0-StateMachineUpdater] INFO  ipc.Server (Server.java:stop(3414)) - Stopping server on 40207
2022-06-08 19:34:11,260 [21888257-2f66-47c2-9c1a-f9078c9f78d9@group-E6E454DC87C0-StateMachineUpdater] INFO  server.StorageContainerManager (StorageContainerManager.java:stop(1536)) - Stopping block service RPC server
2022-06-08 19:34:11,260 [Listener at 127.0.0.1/45261] INFO  impl.StateMachineUpdater (StateMachineUpdater.java:stopAndJoin(153)) - 21888257-2f66-47c2-9c1a-f9078c9f78d9@group-E6E454DC87C0-StateMachineUpdater: set stopIndex = 29
2022-06-08 19:34:11,260 [21888257-2f66-47c2-9c1a-f9078c9f78d9@group-E6E454DC87C0-StateMachineUpdater] INFO  server.SCMBlockProtocolServer (SCMBlockProtocolServer.java:stop(160)) - Stopping the RPC server for Block Protocol
2022-06-08 19:34:11,263 [21888257-2f66-47c2-9c1a-f9078c9f78d9@group-E6E454DC87C0-StateMachineUpdater] INFO  ipc.Server (Server.java:stop(3414)) - Stopping server on 45287
2022-06-08 19:34:11,263 [21888257-2f66-47c2-9c1a-f9078c9f78d9@group-E6E454DC87C0-StateMachineUpdater] INFO  server.StorageContainerManager (StorageContainerManager.java:stop(1543)) - Stopping the StorageContainerLocationProtocol RPC server
2022-06-08 19:34:11,263 [21888257-2f66-47c2-9c1a-f9078c9f78d9@group-E6E454DC87C0-StateMachineUpdater] INFO  server.SCMClientProtocolServer (SCMClientProtocolServer.java:stop(178)) - Stopping the RPC server for Client Protocol
2022-06-08 19:34:11,263 [21888257-2f66-47c2-9c1a-f9078c9f78d9@group-E6E454DC87C0-StateMachineUpdater] INFO  ipc.Server (Server.java:stop(3414)) - Stopping server on 37775
2022-06-08 19:34:11,263 [21888257-2f66-47c2-9c1a-f9078c9f78d9@group-E6E454DC87C0-StateMachineUpdater] INFO  server.StorageContainerManager (StorageContainerManager.java:stop(1550)) - Stopping Storage Container Manager HTTP server.
2022-06-08 19:34:11,264 [21888257-2f66-47c2-9c1a-f9078c9f78d9@group-E6E454DC87C0-StateMachineUpdater] INFO  server.StorageContainerManager (StorageContainerManager.java:stop(1561)) - Stopping Block Manager Service.
2022-06-08 19:34:11,264 [21888257-2f66-47c2-9c1a-f9078c9f78d9@group-E6E454DC87C0-StateMachineUpdater] INFO  utils.BackgroundService (BackgroundService.java:shutdown(132)) - Shutting down service SCMBlockDeletingService
2022-06-08 19:34:11,264 [21888257-2f66-47c2-9c1a-f9078c9f78d9@group-E6E454DC87C0-StateMachineUpdater] INFO  utils.BackgroundService (BackgroundService.java:shutdown(132)) - Shutting down service SCMBlockDeletingService
2022-06-08 19:34:11,264 [21888257-2f66-47c2-9c1a-f9078c9f78d9@group-E6E454DC87C0-StateMachineUpdater] INFO  server.StorageContainerManager (StorageContainerManager.java:stop(1588)) - Stopping SCM Event Queue.
2022-06-08 19:34:11,264 [21888257-2f66-47c2-9c1a-f9078c9f78d9@group-E6E454DC87C0-StateMachineUpdater] INFO  server.StorageContainerManager (StorageContainerManager.java:stop(1599)) - Stopping SCM HA services.
2022-06-08 19:34:11,264 [21888257-2f66-47c2-9c1a-f9078c9f78d9@group-E6E454DC87C0-StateMachineUpdater] INFO  ha.SCMRatisServerImpl (SCMRatisServerImpl.java:stop(238)) - stopping ratis server 0.0.0.0:43277
2022-06-08 19:34:11,265 [org.apache.ratis.util.JvmPauseMonitor$$Lambda$519/1621292246@247ff108] INFO  util.JvmPauseMonitor (JvmPauseMonitor.java:run(109)) - JvmPauseMonitor-21888257-2f66-47c2-9c1a-f9078c9f78d9: Stopped
2022-06-08 19:34:11,265 [21888257-2f66-47c2-9c1a-f9078c9f78d9@group-E6E454DC87C0-StateMachineUpdater] INFO  pipeline.BackgroundPipelineCreator (BackgroundPipelineCreator.java:stop(150)) - Stopping RatisPipelineUtilsThread.
2022-06-08 19:34:11,265 [RatisPipelineUtilsThread - 0] WARN  pipeline.BackgroundPipelineCreator (BackgroundPipelineCreator.java:run(177)) - RatisPipelineUtilsThread is interrupted.
2022-06-08 19:34:11,265 [21888257-2f66-47c2-9c1a-f9078c9f78d9@group-E6E454DC87C0-StateMachineUpdater] INFO  BackgroundPipelineScrubber (BackgroundSCMService.java:stop(126)) - Stopping BackgroundPipelineScrubber Service.
2022-06-08 19:34:11,265 [BackgroundPipelineScrubberThread] WARN  BackgroundPipelineScrubber (BackgroundSCMService.java:run(110)) - BackgroundPipelineScrubber is interrupted, exit
2022-06-08 19:34:11,267 [21888257-2f66-47c2-9c1a-f9078c9f78d9@group-E6E454DC87C0-StateMachineUpdater] INFO  server.StorageContainerManager (StorageContainerManager.java:stop(1609)) - Stopping SCM MetadataStore.
2022-06-08 19:34:11,268 [21888257-2f66-47c2-9c1a-f9078c9f78d9@group-E6E454DC87C0-StateMachineUpdater] INFO  impl.MetricsSystemImpl (MetricsSystemImpl.java:stop(210)) - Stopping HddsDatanode metrics system...
2022-06-08 19:34:11,281 [prometheus] INFO  impl.MetricsSinkAdapter (MetricsSinkAdapter.java:publishMetricsFromQueue(141)) - prometheus thread interrupted.
2022-06-08 19:34:11,286 [21888257-2f66-47c2-9c1a-f9078c9f78d9@group-E6E454DC87C0-StateMachineUpdater] INFO  impl.MetricsSystemImpl (MetricsSystemImpl.java:stop(216)) - HddsDatanode metrics system stopped.
2022-06-08 19:34:11,287 [21888257-2f66-47c2-9c1a-f9078c9f78d9@group-E6E454DC87C0-StateMachineUpdater] ERROR server.StorageContainerManager (ExitUtils.java:terminate(133)) - Terminating with exit status 1: scm statemachine is closed by ratis, terminate SCM
2022-06-08 19:34:11,287 [21888257-2f66-47c2-9c1a-f9078c9f78d9@group-E6E454DC87C0-StateMachineUpdater] WARN  impl.StateMachineUpdater (StateMachineUpdater.java:stop(137)) - 21888257-2f66-47c2-9c1a-f9078c9f78d9@group-E6E454DC87C0-StateMachineUpdater: Failed to close SCMStateMachine SCMStateMachine:21888257-2f66-47c2-9c1a-f9078c9f78d9:group-E6E454DC87C0
org.apache.ratis.util.ExitUtils$ExitException: scm statemachine is closed by ratis, terminate SCM
	at org.apache.ratis.util.ExitUtils.terminate(ExitUtils.java:141)
	at org.apache.ratis.util.ExitUtils.terminate(ExitUtils.java:151)
	at org.apache.ratis.util.ExitUtils.terminate(ExitUtils.java:155)
	at org.apache.hadoop.hdds.scm.server.StorageContainerManager.shutDown(StorageContainerManager.java:1625)
	at org.apache.hadoop.hdds.scm.ha.SCMStateMachine.close(SCMStateMachine.java:402)
	at org.apache.ratis.server.impl.StateMachineUpdater.stop(StateMachineUpdater.java:134)
	at org.apache.ratis.server.impl.StateMachineUpdater.run(StateMachineUpdater.java:187)
	at java.lang.Thread.run(Thread.java:750)
2022-06-08 19:34:11,288 [Listener at 127.0.0.1/45261] INFO  server.RaftServer$Division (ServerState.java:close(429)) - 21888257-2f66-47c2-9c1a-f9078c9f78d9@group-E6E454DC87C0: closes. applyIndex: 28
2022-06-08 19:34:11,289 [21888257-2f66-47c2-9c1a-f9078c9f78d9@group-E6E454DC87C0-SegmentedRaftLogWorker] INFO  segmented.SegmentedRaftLogWorker (SegmentedRaftLogWorker.java:run(336)) - 21888257-2f66-47c2-9c1a-f9078c9f78d9@group-E6E454DC87C0-SegmentedRaftLogWorker was interrupted, exiting. There are 0 tasks remaining in the queue.
2022-06-08 19:34:11,290 [Listener at 127.0.0.1/45261] INFO  segmented.SegmentedRaftLogWorker (SegmentedRaftLogWorker.java:close(246)) - 21888257-2f66-47c2-9c1a-f9078c9f78d9@group-E6E454DC87C0-SegmentedRaftLogWorker close()
2022-06-08 19:34:11,292 [Listener at 127.0.0.1/45261] INFO  server.GrpcService (GrpcService.java:closeImpl(269)) - 21888257-2f66-47c2-9c1a-f9078c9f78d9: shutdown server with port 43277 now
2022-06-08 19:34:11,294 [grpc-default-executor-3] WARN  server.GrpcLogAppender (LogUtils.java:warn(122)) - 2307c498-167f-43d9-87ae-3379131d0636@group-E6E454DC87C0->21888257-2f66-47c2-9c1a-f9078c9f78d9-AppendLogResponseHandler: Failed appendEntries: org.apache.ratis.thirdparty.io.grpc.StatusRuntimeException: CANCELLED: RST_STREAM closed stream. HTTP/2 error code: CANCEL
2022-06-08 19:34:11,294 [grpc-default-executor-3] INFO  leader.FollowerInfo (FollowerInfoImpl.java:lambda$new$0(48)) - 2307c498-167f-43d9-87ae-3379131d0636@group-E6E454DC87C0->21888257-2f66-47c2-9c1a-f9078c9f78d9: nextIndex: updateUnconditionally 31 -> 30
2022-06-08 19:34:11,294 [grpc-default-executor-0] WARN  server.GrpcServerProtocolService (LogUtils.java:warn(122)) - 21888257-2f66-47c2-9c1a-f9078c9f78d9: installSnapshot onError, lastRequest: 2307c498-167f-43d9-87ae-3379131d0636->21888257-2f66-47c2-9c1a-f9078c9f78d9#969-t2,previous=(t:2, i:29),leaderCommit=29,initializing? true,entries: size=1, first=(t:2, i:30), METADATAENTRY(c:29): org.apache.ratis.thirdparty.io.grpc.StatusRuntimeException: CANCELLED: client cancelled
2022-06-08 19:34:11,295 [Listener at 127.0.0.1/45261] INFO  server.GrpcService (GrpcService.java:closeImpl(278)) - 21888257-2f66-47c2-9c1a-f9078c9f78d9: shutdown server with port 43277 successfully
2022-06-08 19:34:11,295 [Listener at 127.0.0.1/45261] WARN  pipeline.BackgroundPipelineCreator (BackgroundPipelineCreator.java:stop(146)) - RatisPipelineUtilsThread is not running, just ignore.
2022-06-08 19:34:11,295 [Listener at 127.0.0.1/45261] INFO  BackgroundPipelineScrubber (BackgroundSCMService.java:stop(121)) - BackgroundPipelineScrubber Service is not running, skip stop.
2022-06-08 19:34:11,295 [Listener at 127.0.0.1/45261] INFO  server.StorageContainerManager (StorageContainerManager.java:stop(1609)) - Stopping SCM MetadataStore.
2022-06-08 19:34:11,295 [Listener at 127.0.0.1/45261] INFO  impl.MetricsSystemImpl (MetricsSystemImpl.java:stop(205)) - HddsDatanode metrics system stopped (again)
2022-06-08 19:34:11,295 [Listener at 127.0.0.1/45261] INFO  ozone.MiniOzoneHAClusterImpl (MiniOzoneHAClusterImpl.java:stop(316)) - Stopping the StorageContainerManager 0562147d-7bbf-459c-a71c-460e63cf1b3c
2022-06-08 19:34:11,295 [Listener at 127.0.0.1/45261] INFO  server.StorageContainerManager (StorageContainerManager.java:stop(1500)) - Container Balancer is not running.
2022-06-08 19:34:11,295 [Listener at 127.0.0.1/45261] INFO  server.StorageContainerManager (StorageContainerManager.java:stop(1507)) - Stopping Replication Manager Service.
2022-06-08 19:34:11,295 [Listener at 127.0.0.1/45261] INFO  replication.ReplicationManager (ReplicationManager.java:stop(212)) - Stopping Replication Monitor Thread.
2022-06-08 19:34:11,295 [Listener at 127.0.0.1/45261] INFO  server.StorageContainerManager (StorageContainerManager.java:stop(1514)) - Stopping the Datanode Admin Monitor.
2022-06-08 19:34:11,295 [Listener at 127.0.0.1/45261] INFO  server.StorageContainerManager (StorageContainerManager.java:stop(1521)) - Stopping Lease Manager of the command watchers
2022-06-08 19:34:11,295 [Listener at 127.0.0.1/45261] INFO  server.StorageContainerManager (StorageContainerManager.java:stop(1528)) - Stopping datanode service RPC server
2022-06-08 19:34:11,295 [Listener at 127.0.0.1/45261] INFO  server.SCMDatanodeProtocolServer (SCMDatanodeProtocolServer.java:stop(400)) - Stopping the RPC server for DataNodes
2022-06-08 19:34:11,296 [Listener at 127.0.0.1/45261] INFO  ipc.Server (Server.java:stop(3414)) - Stopping server on 42779
2022-06-08 19:34:11,296 [ReplicationMonitor] INFO  replication.ReplicationManager (ReplicationManager.java:run(270)) - Replication Monitor Thread is stopped
2022-06-08 19:34:11,298 [IPC Server Responder] INFO  ipc.Server (Server.java:run(1512)) - Stopping IPC Server Responder
2022-06-08 19:34:11,299 [IPC Server listener on 42779] INFO  ipc.Server (Server.java:run(1376)) - Stopping IPC Server listener on 42779
2022-06-08 19:34:11,303 [grpc-default-executor-3] WARN  server.GrpcLogAppender (LogUtils.java:warn(122)) - 2307c498-167f-43d9-87ae-3379131d0636@group-E6E454DC87C0->21888257-2f66-47c2-9c1a-f9078c9f78d9-AppendLogResponseHandler: Failed appendEntries: org.apache.ratis.thirdparty.io.grpc.StatusRuntimeException: UNAVAILABLE: io exception
2022-06-08 19:34:11,303 [grpc-default-executor-3] INFO  leader.FollowerInfo (FollowerInfoImpl.java:lambda$new$0(48)) - 2307c498-167f-43d9-87ae-3379131d0636@group-E6E454DC87C0->21888257-2f66-47c2-9c1a-f9078c9f78d9: nextIndex: updateUnconditionally 31 -> 30
2022-06-08 19:34:11,335 [SCM Heartbeat Processing Thread - 0] WARN  node.NodeStateManager (NodeStateManager.java:scheduleNextHealthCheck(848)) - Current Thread is interrupted, shutting down HB processing thread for Node Manager.
2022-06-08 19:34:11,335 [Listener at 127.0.0.1/45261] INFO  server.StorageContainerManager (StorageContainerManager.java:stop(1536)) - Stopping block service RPC server
2022-06-08 19:34:11,335 [Listener at 127.0.0.1/45261] INFO  server.SCMBlockProtocolServer (SCMBlockProtocolServer.java:stop(160)) - Stopping the RPC server for Block Protocol
2022-06-08 19:34:11,335 [Listener at 127.0.0.1/45261] INFO  ipc.Server (Server.java:stop(3414)) - Stopping server on 42293
2022-06-08 19:34:11,338 [IPC Server listener on 42293] INFO  ipc.Server (Server.java:run(1376)) - Stopping IPC Server listener on 42293
2022-06-08 19:34:11,338 [Listener at 127.0.0.1/45261] INFO  server.StorageContainerManager (StorageContainerManager.java:stop(1543)) - Stopping the StorageContainerLocationProtocol RPC server
2022-06-08 19:34:11,339 [Listener at 127.0.0.1/45261] INFO  server.SCMClientProtocolServer (SCMClientProtocolServer.java:stop(178)) - Stopping the RPC server for Client Protocol
2022-06-08 19:34:11,339 [Listener at 127.0.0.1/45261] INFO  ipc.Server (Server.java:stop(3414)) - Stopping server on 43831
2022-06-08 19:34:11,339 [IPC Server Responder] INFO  ipc.Server (Server.java:run(1512)) - Stopping IPC Server Responder
2022-06-08 19:34:11,341 [IPC Server listener on 43831] INFO  ipc.Server (Server.java:run(1376)) - Stopping IPC Server listener on 43831
2022-06-08 19:34:11,342 [IPC Server Responder] INFO  ipc.Server (Server.java:run(1512)) - Stopping IPC Server Responder
2022-06-08 19:34:11,342 [Listener at 127.0.0.1/45261] INFO  server.StorageContainerManager (StorageContainerManager.java:stop(1550)) - Stopping Storage Container Manager HTTP server.
2022-06-08 19:34:11,343 [Listener at 127.0.0.1/45261] INFO  handler.ContextHandler (ContextHandler.java:doStop(1153)) - Stopped o.e.j.w.WebAppContext@a9c2bb3{scm,/,null,STOPPED}{file:/home/runner/work/ozone/ozone/hadoop-ozone/integration-test/target/test-classes/webapps/scm}
2022-06-08 19:34:11,344 [Listener at 127.0.0.1/45261] INFO  server.AbstractConnector (AbstractConnector.java:doStop(381)) - Stopped ServerConnector@1c243f39{HTTP/1.1, (http/1.1)}{0.0.0.0:38175}
2022-06-08 19:34:11,344 [Listener at 127.0.0.1/45261] INFO  server.session (HouseKeeper.java:stopScavenging(149)) - node0 Stopped scavenging
2022-06-08 19:34:11,344 [Listener at 127.0.0.1/45261] INFO  handler.ContextHandler (ContextHandler.java:doStop(1153)) - Stopped o.e.j.s.ServletContextHandler@4f39a35c{static,/static,file:///home/runner/work/ozone/ozone/hadoop-ozone/integration-test/target/test-classes/webapps/static,STOPPED}
2022-06-08 19:34:11,344 [Listener at 127.0.0.1/45261] INFO  handler.ContextHandler (ContextHandler.java:doStop(1153)) - Stopped o.e.j.s.ServletContextHandler@165e837c{logs,/logs,file:///home/runner/work/ozone/ozone/hadoop-ozone/integration-test/target/log,STOPPED}
2022-06-08 19:34:11,345 [Listener at 127.0.0.1/45261] INFO  server.StorageContainerManager (StorageContainerManager.java:stop(1561)) - Stopping Block Manager Service.
2022-06-08 19:34:11,345 [Listener at 127.0.0.1/45261] INFO  utils.BackgroundService (BackgroundService.java:shutdown(132)) - Shutting down service SCMBlockDeletingService
2022-06-08 19:34:11,346 [Listener at 127.0.0.1/45261] INFO  utils.BackgroundService (BackgroundService.java:shutdown(132)) - Shutting down service SCMBlockDeletingService
2022-06-08 19:34:11,346 [Listener at 127.0.0.1/45261] INFO  server.StorageContainerManager (StorageContainerManager.java:stop(1588)) - Stopping SCM Event Queue.
2022-06-08 19:34:11,347 [Listener at 127.0.0.1/45261] INFO  server.StorageContainerManager (StorageContainerManager.java:stop(1599)) - Stopping SCM HA services.
2022-06-08 19:34:11,347 [Listener at 127.0.0.1/45261] INFO  ha.SCMRatisServerImpl (SCMRatisServerImpl.java:stop(238)) - stopping ratis server 0.0.0.0:36781
2022-06-08 19:34:11,347 [Listener at 127.0.0.1/45261] INFO  server.RaftServer (RaftServerProxy.java:lambda$close$7(398)) - 0562147d-7bbf-459c-a71c-460e63cf1b3c: close
2022-06-08 19:34:11,348 [Listener at 127.0.0.1/45261] INFO  server.RaftServer$Division (RaftServerImpl.java:lambda$close$4(434)) - 0562147d-7bbf-459c-a71c-460e63cf1b3c@group-E6E454DC87C0: shutdown
2022-06-08 19:34:11,348 [Listener at 127.0.0.1/45261] INFO  util.JmxRegister (JmxRegister.java:unregister(73)) - Successfully un-registered JMX Bean with object name Ratis:service=RaftServer,group=group-E6E454DC87C0,id=0562147d-7bbf-459c-a71c-460e63cf1b3c
2022-06-08 19:34:11,348 [Listener at 127.0.0.1/45261] INFO  impl.RoleInfo (RoleInfo.java:shutdownFollowerState(110)) - 0562147d-7bbf-459c-a71c-460e63cf1b3c: shutdown 0562147d-7bbf-459c-a71c-460e63cf1b3c@group-E6E454DC87C0-FollowerState
2022-06-08 19:34:11,348 [0562147d-7bbf-459c-a71c-460e63cf1b3c@group-E6E454DC87C0-FollowerState] INFO  impl.FollowerState (FollowerState.java:run(152)) - 0562147d-7bbf-459c-a71c-460e63cf1b3c@group-E6E454DC87C0-FollowerState was interrupted
2022-06-08 19:34:11,348 [0562147d-7bbf-459c-a71c-460e63cf1b3c@group-E6E454DC87C0-StateMachineUpdater] INFO  ha.SCMStateMachine (SCMStateMachine.java:takeSnapshot(297)) - Current Snapshot Index 29, takeSnapshot took 0 ms
2022-06-08 19:34:11,348 [0562147d-7bbf-459c-a71c-460e63cf1b3c@group-E6E454DC87C0-StateMachineUpdater] INFO  impl.StateMachineUpdater (StateMachineUpdater.java:takeSnapshot(287)) - 0562147d-7bbf-459c-a71c-460e63cf1b3c@group-E6E454DC87C0-StateMachineUpdater: Took a snapshot at index 29
2022-06-08 19:34:11,348 [0562147d-7bbf-459c-a71c-460e63cf1b3c@group-E6E454DC87C0-StateMachineUpdater] INFO  impl.StateMachineUpdater (StateMachineUpdater.java:lambda$new$0(92)) - 0562147d-7bbf-459c-a71c-460e63cf1b3c@group-E6E454DC87C0-StateMachineUpdater: snapshotIndex: updateIncreasingly -1 -> 29
2022-06-08 19:34:11,348 [0562147d-7bbf-459c-a71c-460e63cf1b3c@group-E6E454DC87C0-StateMachineUpdater] INFO  server.StorageContainerManager (StorageContainerManager.java:stop(1500)) - Container Balancer is not running.
2022-06-08 19:34:11,348 [0562147d-7bbf-459c-a71c-460e63cf1b3c@group-E6E454DC87C0-StateMachineUpdater] INFO  server.StorageContainerManager (StorageContainerManager.java:stop(1507)) - Stopping Replication Manager Service.
2022-06-08 19:34:11,348 [0562147d-7bbf-459c-a71c-460e63cf1b3c@group-E6E454DC87C0-StateMachineUpdater] INFO  replication.ReplicationManager (ReplicationManager.java:stop(218)) - Replication Monitor Thread is not running.
2022-06-08 19:34:11,348 [0562147d-7bbf-459c-a71c-460e63cf1b3c@group-E6E454DC87C0-StateMachineUpdater] INFO  server.StorageContainerManager (StorageContainerManager.java:stop(1514)) - Stopping the Datanode Admin Monitor.
2022-06-08 19:34:11,349 [0562147d-7bbf-459c-a71c-460e63cf1b3c@group-E6E454DC87C0-StateMachineUpdater] INFO  server.StorageContainerManager (StorageContainerManager.java:stop(1521)) - Stopping Lease Manager of the command watchers
2022-06-08 19:34:11,349 [0562147d-7bbf-459c-a71c-460e63cf1b3c@group-E6E454DC87C0-StateMachineUpdater] ERROR server.StorageContainerManager (StorageContainerManager.java:stop(1524)) - Lease Manager of the command watchers stop failed
2022-06-08 19:34:11,349 [0562147d-7bbf-459c-a71c-460e63cf1b3c@group-E6E454DC87C0-StateMachineUpdater] INFO  server.StorageContainerManager (StorageContainerManager.java:stop(1528)) - Stopping datanode service RPC server
2022-06-08 19:34:11,349 [0562147d-7bbf-459c-a71c-460e63cf1b3c@group-E6E454DC87C0-StateMachineUpdater] INFO  server.SCMDatanodeProtocolServer (SCMDatanodeProtocolServer.java:stop(400)) - Stopping the RPC server for DataNodes
2022-06-08 19:34:11,349 [0562147d-7bbf-459c-a71c-460e63cf1b3c@group-E6E454DC87C0-StateMachineUpdater] INFO  ipc.Server (Server.java:stop(3414)) - Stopping server on 42779
2022-06-08 19:34:11,349 [0562147d-7bbf-459c-a71c-460e63cf1b3c@group-E6E454DC87C0-StateMachineUpdater] INFO  server.StorageContainerManager (StorageContainerManager.java:stop(1536)) - Stopping block service RPC server
2022-06-08 19:34:11,349 [0562147d-7bbf-459c-a71c-460e63cf1b3c@group-E6E454DC87C0-StateMachineUpdater] INFO  server.SCMBlockProtocolServer (SCMBlockProtocolServer.java:stop(160)) - Stopping the RPC server for Block Protocol
2022-06-08 19:34:11,349 [0562147d-7bbf-459c-a71c-460e63cf1b3c@group-E6E454DC87C0-StateMachineUpdater] INFO  ipc.Server (Server.java:stop(3414)) - Stopping server on 42293
2022-06-08 19:34:11,349 [0562147d-7bbf-459c-a71c-460e63cf1b3c@group-E6E454DC87C0-StateMachineUpdater] INFO  server.StorageContainerManager (StorageContainerManager.java:stop(1543)) - Stopping the StorageContainerLocationProtocol RPC server
2022-06-08 19:34:11,349 [0562147d-7bbf-459c-a71c-460e63cf1b3c@group-E6E454DC87C0-StateMachineUpdater] INFO  server.SCMClientProtocolServer (SCMClientProtocolServer.java:stop(178)) - Stopping the RPC server for Client Protocol
2022-06-08 19:34:11,349 [0562147d-7bbf-459c-a71c-460e63cf1b3c@group-E6E454DC87C0-StateMachineUpdater] INFO  ipc.Server (Server.java:stop(3414)) - Stopping server on 43831
2022-06-08 19:34:11,349 [0562147d-7bbf-459c-a71c-460e63cf1b3c@group-E6E454DC87C0-StateMachineUpdater] INFO  server.StorageContainerManager (StorageContainerManager.java:stop(1550)) - Stopping Storage Container Manager HTTP server.
2022-06-08 19:34:11,351 [0562147d-7bbf-459c-a71c-460e63cf1b3c@group-E6E454DC87C0-StateMachineUpdater] INFO  server.StorageContainerManager (StorageContainerManager.java:stop(1561)) - Stopping Block Manager Service.
2022-06-08 19:34:11,351 [0562147d-7bbf-459c-a71c-460e63cf1b3c@group-E6E454DC87C0-StateMachineUpdater] INFO  utils.BackgroundService (BackgroundService.java:shutdown(132)) - Shutting down service SCMBlockDeletingService
2022-06-08 19:34:11,351 [0562147d-7bbf-459c-a71c-460e63cf1b3c@group-E6E454DC87C0-StateMachineUpdater] INFO  utils.BackgroundService (BackgroundService.java:shutdown(132)) - Shutting down service SCMBlockDeletingService
2022-06-08 19:34:11,351 [0562147d-7bbf-459c-a71c-460e63cf1b3c@group-E6E454DC87C0-StateMachineUpdater] INFO  server.StorageContainerManager (StorageContainerManager.java:stop(1588)) - Stopping SCM Event Queue.
2022-06-08 19:34:11,352 [0562147d-7bbf-459c-a71c-460e63cf1b3c@group-E6E454DC87C0-StateMachineUpdater] INFO  server.StorageContainerManager (StorageContainerManager.java:stop(1599)) - Stopping SCM HA services.
2022-06-08 19:34:11,352 [0562147d-7bbf-459c-a71c-460e63cf1b3c@group-E6E454DC87C0-StateMachineUpdater] INFO  ha.SCMRatisServerImpl (SCMRatisServerImpl.java:stop(238)) - stopping ratis server 0.0.0.0:36781
2022-06-08 19:34:11,352 [org.apache.ratis.util.JvmPauseMonitor$$Lambda$519/1621292246@1ddf3f58] INFO  util.JvmPauseMonitor (JvmPauseMonitor.java:run(109)) - JvmPauseMonitor-0562147d-7bbf-459c-a71c-460e63cf1b3c: Stopped
2022-06-08 19:34:11,352 [Listener at 127.0.0.1/45261] INFO  impl.StateMachineUpdater (StateMachineUpdater.java:stopAndJoin(153)) - 0562147d-7bbf-459c-a71c-460e63cf1b3c@group-E6E454DC87C0-StateMachineUpdater: set stopIndex = 29
2022-06-08 19:34:11,352 [0562147d-7bbf-459c-a71c-460e63cf1b3c@group-E6E454DC87C0-StateMachineUpdater] INFO  pipeline.BackgroundPipelineCreator (BackgroundPipelineCreator.java:stop(150)) - Stopping RatisPipelineUtilsThread.
2022-06-08 19:34:11,352 [RatisPipelineUtilsThread - 0] WARN  pipeline.BackgroundPipelineCreator (BackgroundPipelineCreator.java:run(177)) - RatisPipelineUtilsThread is interrupted.
2022-06-08 19:34:11,353 [0562147d-7bbf-459c-a71c-460e63cf1b3c@group-E6E454DC87C0-StateMachineUpdater] INFO  BackgroundPipelineScrubber (BackgroundSCMService.java:stop(126)) - Stopping BackgroundPipelineScrubber Service.
2022-06-08 19:34:11,353 [0562147d-7bbf-459c-a71c-460e63cf1b3c@group-E6E454DC87C0-StateMachineUpdater] INFO  server.StorageContainerManager (StorageContainerManager.java:stop(1609)) - Stopping SCM MetadataStore.
2022-06-08 19:34:11,353 [BackgroundPipelineScrubberThread] WARN  BackgroundPipelineScrubber (BackgroundSCMService.java:run(110)) - BackgroundPipelineScrubber is interrupted, exit
2022-06-08 19:34:11,354 [0562147d-7bbf-459c-a71c-460e63cf1b3c@group-E6E454DC87C0-StateMachineUpdater] INFO  impl.MetricsSystemImpl (MetricsSystemImpl.java:stop(205)) - HddsDatanode metrics system stopped (again)
2022-06-08 19:34:11,354 [0562147d-7bbf-459c-a71c-460e63cf1b3c@group-E6E454DC87C0-StateMachineUpdater] ERROR server.StorageContainerManager (ExitUtils.java:terminate(133)) - Terminating with exit status 1: scm statemachine is closed by ratis, terminate SCM
2022-06-08 19:34:11,354 [0562147d-7bbf-459c-a71c-460e63cf1b3c@group-E6E454DC87C0-StateMachineUpdater] WARN  impl.StateMachineUpdater (StateMachineUpdater.java:stop(137)) - 0562147d-7bbf-459c-a71c-460e63cf1b3c@group-E6E454DC87C0-StateMachineUpdater: Failed to close SCMStateMachine SCMStateMachine:0562147d-7bbf-459c-a71c-460e63cf1b3c:group-E6E454DC87C0
org.apache.ratis.util.ExitUtils$ExitException: scm statemachine is closed by ratis, terminate SCM
	at org.apache.ratis.util.ExitUtils.terminate(ExitUtils.java:141)
	at org.apache.ratis.util.ExitUtils.terminate(ExitUtils.java:151)
	at org.apache.ratis.util.ExitUtils.terminate(ExitUtils.java:155)
	at org.apache.hadoop.hdds.scm.server.StorageContainerManager.shutDown(StorageContainerManager.java:1625)
	at org.apache.hadoop.hdds.scm.ha.SCMStateMachine.close(SCMStateMachine.java:402)
	at org.apache.ratis.server.impl.StateMachineUpdater.stop(StateMachineUpdater.java:134)
	at org.apache.ratis.server.impl.StateMachineUpdater.run(StateMachineUpdater.java:187)
	at java.lang.Thread.run(Thread.java:750)
2022-06-08 19:34:11,354 [Listener at 127.0.0.1/45261] INFO  server.RaftServer$Division (ServerState.java:close(429)) - 0562147d-7bbf-459c-a71c-460e63cf1b3c@group-E6E454DC87C0: closes. applyIndex: 28
2022-06-08 19:34:11,354 [0562147d-7bbf-459c-a71c-460e63cf1b3c@group-E6E454DC87C0-SegmentedRaftLogWorker] INFO  segmented.SegmentedRaftLogWorker (SegmentedRaftLogWorker.java:run(336)) - 0562147d-7bbf-459c-a71c-460e63cf1b3c@group-E6E454DC87C0-SegmentedRaftLogWorker was interrupted, exiting. There are 0 tasks remaining in the queue.
2022-06-08 19:34:11,355 [Listener at 127.0.0.1/45261] INFO  segmented.SegmentedRaftLogWorker (SegmentedRaftLogWorker.java:close(246)) - 0562147d-7bbf-459c-a71c-460e63cf1b3c@group-E6E454DC87C0-SegmentedRaftLogWorker close()
2022-06-08 19:34:11,357 [Listener at 127.0.0.1/45261] INFO  server.GrpcService (GrpcService.java:closeImpl(269)) - 0562147d-7bbf-459c-a71c-460e63cf1b3c: shutdown server with port 36781 now
2022-06-08 19:34:11,359 [grpc-default-executor-0] WARN  server.GrpcServerProtocolService (LogUtils.java:warn(122)) - 0562147d-7bbf-459c-a71c-460e63cf1b3c: installSnapshot onError, lastRequest: 2307c498-167f-43d9-87ae-3379131d0636->0562147d-7bbf-459c-a71c-460e63cf1b3c#906-t2,previous=(t:2, i:29),leaderCommit=29,initializing? true,entries: size=1, first=(t:2, i:30), METADATAENTRY(c:29): org.apache.ratis.thirdparty.io.grpc.StatusRuntimeException: CANCELLED: client cancelled
2022-06-08 19:34:11,360 [grpc-default-executor-1] WARN  server.GrpcLogAppender (LogUtils.java:warn(122)) - 2307c498-167f-43d9-87ae-3379131d0636@group-E6E454DC87C0->0562147d-7bbf-459c-a71c-460e63cf1b3c-AppendLogResponseHandler: Failed appendEntries: org.apache.ratis.thirdparty.io.grpc.StatusRuntimeException: CANCELLED: RST_STREAM closed stream. HTTP/2 error code: CANCEL
2022-06-08 19:34:11,360 [grpc-default-executor-1] INFO  leader.FollowerInfo (FollowerInfoImpl.java:lambda$new$0(48)) - 2307c498-167f-43d9-87ae-3379131d0636@group-E6E454DC87C0->0562147d-7bbf-459c-a71c-460e63cf1b3c: nextIndex: updateUnconditionally 31 -> 30
2022-06-08 19:34:11,360 [Listener at 127.0.0.1/45261] INFO  server.GrpcService (GrpcService.java:closeImpl(278)) - 0562147d-7bbf-459c-a71c-460e63cf1b3c: shutdown server with port 36781 successfully
2022-06-08 19:34:11,360 [Listener at 127.0.0.1/45261] WARN  pipeline.BackgroundPipelineCreator (BackgroundPipelineCreator.java:stop(146)) - RatisPipelineUtilsThread is not running, just ignore.
2022-06-08 19:34:11,360 [Listener at 127.0.0.1/45261] INFO  BackgroundPipelineScrubber (BackgroundSCMService.java:stop(121)) - BackgroundPipelineScrubber Service is not running, skip stop.
2022-06-08 19:34:11,360 [Listener at 127.0.0.1/45261] INFO  server.StorageContainerManager (StorageContainerManager.java:stop(1609)) - Stopping SCM MetadataStore.
2022-06-08 19:34:11,361 [Listener at 127.0.0.1/45261] INFO  impl.MetricsSystemImpl (MetricsSystemImpl.java:stop(205)) - HddsDatanode metrics system stopped (again)
2022-06-08 19:34:11,361 [Listener at 127.0.0.1/45261] INFO  ozone.MiniOzoneHAClusterImpl (MiniOzoneHAClusterImpl.java:stop(316)) - Stopping the StorageContainerManager 2307c498-167f-43d9-87ae-3379131d0636
2022-06-08 19:34:11,361 [Listener at 127.0.0.1/45261] INFO  server.StorageContainerManager (StorageContainerManager.java:stop(1500)) - Container Balancer is not running.
2022-06-08 19:34:11,361 [Listener at 127.0.0.1/45261] INFO  server.StorageContainerManager (StorageContainerManager.java:stop(1507)) - Stopping Replication Manager Service.
2022-06-08 19:34:11,361 [Listener at 127.0.0.1/45261] INFO  replication.ReplicationManager (ReplicationManager.java:stop(212)) - Stopping Replication Monitor Thread.
2022-06-08 19:34:11,361 [ReplicationMonitor] INFO  replication.ReplicationManager (ReplicationManager.java:run(270)) - Replication Monitor Thread is stopped
2022-06-08 19:34:11,361 [Listener at 127.0.0.1/45261] INFO  server.StorageContainerManager (StorageContainerManager.java:stop(1514)) - Stopping the Datanode Admin Monitor.
2022-06-08 19:34:11,361 [Listener at 127.0.0.1/45261] INFO  server.StorageContainerManager (StorageContainerManager.java:stop(1521)) - Stopping Lease Manager of the command watchers
2022-06-08 19:34:11,361 [Listener at 127.0.0.1/45261] INFO  server.StorageContainerManager (StorageContainerManager.java:stop(1528)) - Stopping datanode service RPC server
2022-06-08 19:34:11,361 [Listener at 127.0.0.1/45261] INFO  server.SCMDatanodeProtocolServer (SCMDatanodeProtocolServer.java:stop(400)) - Stopping the RPC server for DataNodes
2022-06-08 19:34:11,361 [Listener at 127.0.0.1/45261] INFO  ipc.Server (Server.java:stop(3414)) - Stopping server on 35577
2022-06-08 19:34:11,372 [grpc-default-executor-1] WARN  server.GrpcLogAppender (LogUtils.java:warn(122)) - 2307c498-167f-43d9-87ae-3379131d0636@group-E6E454DC87C0->0562147d-7bbf-459c-a71c-460e63cf1b3c-AppendLogResponseHandler: Failed appendEntries: org.apache.ratis.thirdparty.io.grpc.StatusRuntimeException: UNAVAILABLE: io exception
2022-06-08 19:34:11,372 [grpc-default-executor-1] INFO  leader.FollowerInfo (FollowerInfoImpl.java:lambda$new$0(48)) - 2307c498-167f-43d9-87ae-3379131d0636@group-E6E454DC87C0->0562147d-7bbf-459c-a71c-460e63cf1b3c: nextIndex: updateUnconditionally 31 -> 30
2022-06-08 19:34:11,377 [EndpointStateMachine task thread for /127.0.0.1:40207 - 0 ] WARN  statemachine.EndpointStateMachine (EndpointStateMachine.java:logIfNeeded(236)) - Unable to communicate to SCM server at 127.0.0.1:40207 for past 0 seconds.
java.io.EOFException: End of File Exception between local host is: "fv-az243-689/10.1.0.28"; destination host is: "localhost":40207; : java.io.EOFException; For more details see:  http://wiki.apache.org/hadoop/EOFException
	at sun.reflect.NativeConstructorAccessorImpl.newInstance0(Native Method)
	at sun.reflect.NativeConstructorAccessorImpl.newInstance(NativeConstructorAccessorImpl.java:62)
	at sun.reflect.DelegatingConstructorAccessorImpl.newInstance(DelegatingConstructorAccessorImpl.java:45)
	at java.lang.reflect.Constructor.newInstance(Constructor.java:423)
	at org.apache.hadoop.net.NetUtils.wrapWithMessage(NetUtils.java:913)
	at org.apache.hadoop.net.NetUtils.wrapException(NetUtils.java:862)
	at org.apache.hadoop.ipc.Client.getRpcResponse(Client.java:1577)
	at org.apache.hadoop.ipc.Client.call(Client.java:1519)
	at org.apache.hadoop.ipc.Client.call(Client.java:1416)
	at org.apache.hadoop.ipc.ProtobufRpcEngine$Invoker.invoke(ProtobufRpcEngine.java:236)
	at org.apache.hadoop.ipc.ProtobufRpcEngine$Invoker.invoke(ProtobufRpcEngine.java:123)
	at com.sun.proxy.$Proxy51.submitRequest(Unknown Source)
	at org.apache.hadoop.ozone.protocolPB.StorageContainerDatanodeProtocolClientSideTranslatorPB.submitRequest(StorageContainerDatanodeProtocolClientSideTranslatorPB.java:117)
	at org.apache.hadoop.ozone.protocolPB.StorageContainerDatanodeProtocolClientSideTranslatorPB.sendHeartbeat(StorageContainerDatanodeProtocolClientSideTranslatorPB.java:149)
	at org.apache.hadoop.ozone.container.common.states.endpoint.HeartbeatEndpointTask.call(HeartbeatEndpointTask.java:183)
	at org.apache.hadoop.ozone.container.common.states.endpoint.HeartbeatEndpointTask.call(HeartbeatEndpointTask.java:85)
	at java.util.concurrent.FutureTask.run(FutureTask.java:266)
	at java.util.concurrent.ThreadPoolExecutor.runWorker(ThreadPoolExecutor.java:1149)
	at java.util.concurrent.ThreadPoolExecutor$Worker.run(ThreadPoolExecutor.java:624)
	at java.lang.Thread.run(Thread.java:750)
Caused by: java.io.EOFException
	at java.io.DataInputStream.readInt(DataInputStream.java:392)
	at org.apache.hadoop.ipc.Client$IpcStreams.readResponse(Client.java:1892)
	at org.apache.hadoop.ipc.Client$Connection.receiveRpcResponse(Client.java:1202)
	at org.apache.hadoop.ipc.Client$Connection.run(Client.java:1098)
2022-06-08 19:34:11,377 [EndpointStateMachine task thread for /127.0.0.1:42779 - 0 ] WARN  statemachine.EndpointStateMachine (EndpointStateMachine.java:logIfNeeded(236)) - Unable to communicate to SCM server at 127.0.0.1:42779 for past 0 seconds.
java.io.EOFException: End of File Exception between local host is: "fv-az243-689/10.1.0.28"; destination host is: "localhost":42779; : java.io.EOFException; For more details see:  http://wiki.apache.org/hadoop/EOFException
	at sun.reflect.NativeConstructorAccessorImpl.newInstance0(Native Method)
	at sun.reflect.NativeConstructorAccessorImpl.newInstance(NativeConstructorAccessorImpl.java:62)
	at sun.reflect.DelegatingConstructorAccessorImpl.newInstance(DelegatingConstructorAccessorImpl.java:45)
	at java.lang.reflect.Constructor.newInstance(Constructor.java:423)
	at org.apache.hadoop.net.NetUtils.wrapWithMessage(NetUtils.java:913)
	at org.apache.hadoop.net.NetUtils.wrapException(NetUtils.java:862)
	at org.apache.hadoop.ipc.Client.getRpcResponse(Client.java:1577)
	at org.apache.hadoop.ipc.Client.call(Client.java:1519)
	at org.apache.hadoop.ipc.Client.call(Client.java:1416)
	at org.apache.hadoop.ipc.ProtobufRpcEngine$Invoker.invoke(ProtobufRpcEngine.java:236)
	at org.apache.hadoop.ipc.ProtobufRpcEngine$Invoker.invoke(ProtobufRpcEngine.java:123)
	at com.sun.proxy.$Proxy51.submitRequest(Unknown Source)
	at org.apache.hadoop.ozone.protocolPB.StorageContainerDatanodeProtocolClientSideTranslatorPB.submitRequest(StorageContainerDatanodeProtocolClientSideTranslatorPB.java:117)
	at org.apache.hadoop.ozone.protocolPB.StorageContainerDatanodeProtocolClientSideTranslatorPB.sendHeartbeat(StorageContainerDatanodeProtocolClientSideTranslatorPB.java:149)
	at org.apache.hadoop.ozone.container.common.states.endpoint.HeartbeatEndpointTask.call(HeartbeatEndpointTask.java:183)
	at org.apache.hadoop.ozone.container.common.states.endpoint.HeartbeatEndpointTask.call(HeartbeatEndpointTask.java:85)
	at java.util.concurrent.FutureTask.run(FutureTask.java:266)
	at java.util.concurrent.ThreadPoolExecutor.runWorker(ThreadPoolExecutor.java:1149)
	at java.util.concurrent.ThreadPoolExecutor$Worker.run(ThreadPoolExecutor.java:624)
	at java.lang.Thread.run(Thread.java:750)
Caused by: java.io.EOFException
	at java.io.DataInputStream.readInt(DataInputStream.java:392)
	at org.apache.hadoop.ipc.Client$IpcStreams.readResponse(Client.java:1892)
	at org.apache.hadoop.ipc.Client$Connection.receiveRpcResponse(Client.java:1202)
	at org.apache.hadoop.ipc.Client$Connection.run(Client.java:1098)
2022-06-08 19:34:11,382 [IPC Server Responder] INFO  ipc.Server (Server.java:run(1512)) - Stopping IPC Server Responder
2022-06-08 19:34:11,382 [IPC Server listener on 35577] INFO  ipc.Server (Server.java:run(1376)) - Stopping IPC Server listener on 35577
2022-06-08 19:34:11,383 [EndpointStateMachine task thread for /127.0.0.1:35577 - 0 ] WARN  statemachine.EndpointStateMachine (EndpointStateMachine.java:logIfNeeded(236)) - Unable to communicate to SCM server at 127.0.0.1:35577 for past 0 seconds.
java.io.EOFException: End of File Exception between local host is: "fv-az243-689/10.1.0.28"; destination host is: "localhost":35577; : java.io.EOFException; For more details see:  http://wiki.apache.org/hadoop/EOFException
	at sun.reflect.NativeConstructorAccessorImpl.newInstance0(Native Method)
	at sun.reflect.NativeConstructorAccessorImpl.newInstance(NativeConstructorAccessorImpl.java:62)
	at sun.reflect.DelegatingConstructorAccessorImpl.newInstance(DelegatingConstructorAccessorImpl.java:45)
	at java.lang.reflect.Constructor.newInstance(Constructor.java:423)
	at org.apache.hadoop.net.NetUtils.wrapWithMessage(NetUtils.java:913)
	at org.apache.hadoop.net.NetUtils.wrapException(NetUtils.java:862)
	at org.apache.hadoop.ipc.Client.getRpcResponse(Client.java:1577)
	at org.apache.hadoop.ipc.Client.call(Client.java:1519)
	at org.apache.hadoop.ipc.Client.call(Client.java:1416)
	at org.apache.hadoop.ipc.ProtobufRpcEngine$Invoker.invoke(ProtobufRpcEngine.java:236)
	at org.apache.hadoop.ipc.ProtobufRpcEngine$Invoker.invoke(ProtobufRpcEngine.java:123)
	at com.sun.proxy.$Proxy51.submitRequest(Unknown Source)
	at org.apache.hadoop.ozone.protocolPB.StorageContainerDatanodeProtocolClientSideTranslatorPB.submitRequest(StorageContainerDatanodeProtocolClientSideTranslatorPB.java:117)
	at org.apache.hadoop.ozone.protocolPB.StorageContainerDatanodeProtocolClientSideTranslatorPB.sendHeartbeat(StorageContainerDatanodeProtocolClientSideTranslatorPB.java:149)
	at org.apache.hadoop.ozone.container.common.states.endpoint.HeartbeatEndpointTask.call(HeartbeatEndpointTask.java:183)
	at org.apache.hadoop.ozone.container.common.states.endpoint.HeartbeatEndpointTask.call(HeartbeatEndpointTask.java:85)
	at java.util.concurrent.FutureTask.run(FutureTask.java:266)
	at java.util.concurrent.ThreadPoolExecutor.runWorker(ThreadPoolExecutor.java:1149)
	at java.util.concurrent.ThreadPoolExecutor$Worker.run(ThreadPoolExecutor.java:624)
	at java.lang.Thread.run(Thread.java:750)
Caused by: java.io.EOFException
	at java.io.DataInputStream.readInt(DataInputStream.java:392)
	at org.apache.hadoop.ipc.Client$IpcStreams.readResponse(Client.java:1892)
	at org.apache.hadoop.ipc.Client$Connection.receiveRpcResponse(Client.java:1202)
	at org.apache.hadoop.ipc.Client$Connection.run(Client.java:1098)
2022-06-08 19:34:11,823 [SCM Heartbeat Processing Thread - 0] WARN  node.NodeStateManager (NodeStateManager.java:scheduleNextHealthCheck(848)) - Current Thread is interrupted, shutting down HB processing thread for Node Manager.
2022-06-08 19:34:11,823 [Listener at 127.0.0.1/45261] INFO  server.StorageContainerManager (StorageContainerManager.java:stop(1536)) - Stopping block service RPC server
2022-06-08 19:34:11,824 [Listener at 127.0.0.1/45261] INFO  server.SCMBlockProtocolServer (SCMBlockProtocolServer.java:stop(160)) - Stopping the RPC server for Block Protocol
2022-06-08 19:34:11,824 [Listener at 127.0.0.1/45261] INFO  ipc.Server (Server.java:stop(3414)) - Stopping server on 37419
2022-06-08 19:34:11,831 [Listener at 127.0.0.1/45261] INFO  server.StorageContainerManager (StorageContainerManager.java:stop(1543)) - Stopping the StorageContainerLocationProtocol RPC server
2022-06-08 19:34:11,831 [IPC Server listener on 37419] INFO  ipc.Server (Server.java:run(1376)) - Stopping IPC Server listener on 37419
2022-06-08 19:34:11,831 [Listener at 127.0.0.1/45261] INFO  server.SCMClientProtocolServer (SCMClientProtocolServer.java:stop(178)) - Stopping the RPC server for Client Protocol
2022-06-08 19:34:11,831 [Listener at 127.0.0.1/45261] INFO  ipc.Server (Server.java:stop(3414)) - Stopping server on 36165
2022-06-08 19:34:11,831 [IPC Server Responder] INFO  ipc.Server (Server.java:run(1512)) - Stopping IPC Server Responder
2022-06-08 19:34:11,835 [IPC Server listener on 36165] INFO  ipc.Server (Server.java:run(1376)) - Stopping IPC Server listener on 36165
2022-06-08 19:34:11,835 [Listener at 127.0.0.1/45261] INFO  server.StorageContainerManager (StorageContainerManager.java:stop(1550)) - Stopping Storage Container Manager HTTP server.
2022-06-08 19:34:11,835 [IPC Server Responder] INFO  ipc.Server (Server.java:run(1512)) - Stopping IPC Server Responder
2022-06-08 19:34:11,837 [Listener at 127.0.0.1/45261] INFO  handler.ContextHandler (ContextHandler.java:doStop(1153)) - Stopped o.e.j.w.WebAppContext@3201f8f5{scm,/,null,STOPPED}{file:/home/runner/work/ozone/ozone/hadoop-ozone/integration-test/target/test-classes/webapps/scm}
2022-06-08 19:34:11,841 [Listener at 127.0.0.1/45261] INFO  server.AbstractConnector (AbstractConnector.java:doStop(381)) - Stopped ServerConnector@1ab34b18{HTTP/1.1, (http/1.1)}{0.0.0.0:45865}
2022-06-08 19:34:11,841 [Listener at 127.0.0.1/45261] INFO  server.session (HouseKeeper.java:stopScavenging(149)) - node0 Stopped scavenging
2022-06-08 19:34:11,841 [Listener at 127.0.0.1/45261] INFO  handler.ContextHandler (ContextHandler.java:doStop(1153)) - Stopped o.e.j.s.ServletContextHandler@1eb2fe60{static,/static,file:///home/runner/work/ozone/ozone/hadoop-ozone/integration-test/target/test-classes/webapps/static,STOPPED}
2022-06-08 19:34:11,841 [Listener at 127.0.0.1/45261] INFO  handler.ContextHandler (ContextHandler.java:doStop(1153)) - Stopped o.e.j.s.ServletContextHandler@67572ffb{logs,/logs,file:///home/runner/work/ozone/ozone/hadoop-ozone/integration-test/target/log,STOPPED}
2022-06-08 19:34:11,842 [Listener at 127.0.0.1/45261] INFO  server.StorageContainerManager (StorageContainerManager.java:stop(1561)) - Stopping Block Manager Service.
2022-06-08 19:34:11,842 [Listener at 127.0.0.1/45261] INFO  utils.BackgroundService (BackgroundService.java:shutdown(132)) - Shutting down service SCMBlockDeletingService
2022-06-08 19:34:11,842 [Listener at 127.0.0.1/45261] INFO  utils.BackgroundService (BackgroundService.java:shutdown(132)) - Shutting down service SCMBlockDeletingService
2022-06-08 19:34:11,842 [Listener at 127.0.0.1/45261] INFO  server.StorageContainerManager (StorageContainerManager.java:stop(1588)) - Stopping SCM Event Queue.
2022-06-08 19:34:11,843 [Listener at 127.0.0.1/45261] INFO  server.StorageContainerManager (StorageContainerManager.java:stop(1599)) - Stopping SCM HA services.
2022-06-08 19:34:11,843 [Listener at 127.0.0.1/45261] INFO  ha.SCMRatisServerImpl (SCMRatisServerImpl.java:stop(238)) - stopping ratis server 0.0.0.0:36931
2022-06-08 19:34:11,844 [Listener at 127.0.0.1/45261] INFO  server.RaftServer (RaftServerProxy.java:lambda$close$7(398)) - 2307c498-167f-43d9-87ae-3379131d0636: close
2022-06-08 19:34:11,844 [Listener at 127.0.0.1/45261] INFO  server.RaftServer$Division (RaftServerImpl.java:lambda$close$4(434)) - 2307c498-167f-43d9-87ae-3379131d0636@group-E6E454DC87C0: shutdown
2022-06-08 19:34:11,844 [Listener at 127.0.0.1/45261] INFO  util.JmxRegister (JmxRegister.java:unregister(73)) - Successfully un-registered JMX Bean with object name Ratis:service=RaftServer,group=group-E6E454DC87C0,id=2307c498-167f-43d9-87ae-3379131d0636
2022-06-08 19:34:11,844 [Listener at 127.0.0.1/45261] INFO  impl.RoleInfo (RoleInfo.java:shutdownLeaderState(93)) - 2307c498-167f-43d9-87ae-3379131d0636: shutdown 2307c498-167f-43d9-87ae-3379131d0636@group-E6E454DC87C0-LeaderStateImpl
2022-06-08 19:34:11,844 [2307c498-167f-43d9-87ae-3379131d0636@group-E6E454DC87C0->21888257-2f66-47c2-9c1a-f9078c9f78d9-GrpcLogAppender-LogAppenderDaemon] WARN  server.GrpcLogAppender (GrpcLogAppender.java:mayWait(171)) - 2307c498-167f-43d9-87ae-3379131d0636@group-E6E454DC87C0->21888257-2f66-47c2-9c1a-f9078c9f78d9-GrpcLogAppender: Wait interrupted by java.lang.InterruptedException
2022-06-08 19:34:11,844 [2307c498-167f-43d9-87ae-3379131d0636@group-E6E454DC87C0->0562147d-7bbf-459c-a71c-460e63cf1b3c-GrpcLogAppender-LogAppenderDaemon] WARN  server.GrpcLogAppender (GrpcLogAppender.java:mayWait(171)) - 2307c498-167f-43d9-87ae-3379131d0636@group-E6E454DC87C0->0562147d-7bbf-459c-a71c-460e63cf1b3c-GrpcLogAppender: Wait interrupted by java.lang.InterruptedException
2022-06-08 19:34:11,844 [Listener at 127.0.0.1/45261] INFO  impl.PendingRequests (PendingRequests.java:sendNotLeaderResponses(282)) - 2307c498-167f-43d9-87ae-3379131d0636@group-E6E454DC87C0-PendingRequests: sendNotLeaderResponses
2022-06-08 19:34:11,845 [Listener at 127.0.0.1/45261] INFO  ha.SCMStateMachine (SCMStateMachine.java:notifyNotLeader(190)) - current leader SCM steps down.
2022-06-08 19:34:11,845 [Listener at 127.0.0.1/45261] INFO  ha.SCMContext (SCMContext.java:updateLeaderAndTerm(99)) - update <isLeader,term> from <true,2> to <false,0>
2022-06-08 19:34:11,845 [Listener at 127.0.0.1/45261] INFO  ha.SCMContext (SCMContext.java:updateLeaderAndTerm(106)) - update <isLeaderReady> from <false> to <false>
2022-06-08 19:34:11,845 [Listener at 127.0.0.1/45261] INFO  BackgroundPipelineScrubber (BackgroundSCMService.java:notifyStatusChanged(88)) - Service BackgroundPipelineScrubber transitions to PAUSING.
2022-06-08 19:34:11,845 [Listener at 127.0.0.1/45261] INFO  ExpiredContainerReplicaOpScrubber (BackgroundSCMService.java:notifyStatusChanged(88)) - Service ExpiredContainerReplicaOpScrubber transitions to PAUSING.
2022-06-08 19:34:11,846 [Listener at 127.0.0.1/45261] INFO  impl.StateMachineUpdater (StateMachineUpdater.java:stopAndJoin(153)) - 2307c498-167f-43d9-87ae-3379131d0636@group-E6E454DC87C0-StateMachineUpdater: set stopIndex = 30
2022-06-08 19:34:11,846 [2307c498-167f-43d9-87ae-3379131d0636@group-E6E454DC87C0-StateMachineUpdater] INFO  ha.SCMStateMachine (SCMStateMachine.java:takeSnapshot(297)) - Current Snapshot Index 30, takeSnapshot took 0 ms
2022-06-08 19:34:11,847 [2307c498-167f-43d9-87ae-3379131d0636@group-E6E454DC87C0-StateMachineUpdater] INFO  impl.StateMachineUpdater (StateMachineUpdater.java:takeSnapshot(287)) - 2307c498-167f-43d9-87ae-3379131d0636@group-E6E454DC87C0-StateMachineUpdater: Took a snapshot at index 30
2022-06-08 19:34:11,847 [2307c498-167f-43d9-87ae-3379131d0636@group-E6E454DC87C0-StateMachineUpdater] INFO  impl.StateMachineUpdater (StateMachineUpdater.java:lambda$new$0(92)) - 2307c498-167f-43d9-87ae-3379131d0636@group-E6E454DC87C0-StateMachineUpdater: snapshotIndex: updateIncreasingly -1 -> 30
2022-06-08 19:34:11,847 [2307c498-167f-43d9-87ae-3379131d0636@group-E6E454DC87C0-StateMachineUpdater] INFO  server.StorageContainerManager (StorageContainerManager.java:stop(1500)) - Container Balancer is not running.
2022-06-08 19:34:11,847 [2307c498-167f-43d9-87ae-3379131d0636@group-E6E454DC87C0-StateMachineUpdater] INFO  server.StorageContainerManager (StorageContainerManager.java:stop(1507)) - Stopping Replication Manager Service.
2022-06-08 19:34:11,847 [2307c498-167f-43d9-87ae-3379131d0636@group-E6E454DC87C0-StateMachineUpdater] INFO  replication.ReplicationManager (ReplicationManager.java:stop(218)) - Replication Monitor Thread is not running.
2022-06-08 19:34:11,847 [2307c498-167f-43d9-87ae-3379131d0636@group-E6E454DC87C0-StateMachineUpdater] INFO  server.StorageContainerManager (StorageContainerManager.java:stop(1514)) - Stopping the Datanode Admin Monitor.
2022-06-08 19:34:11,847 [2307c498-167f-43d9-87ae-3379131d0636@group-E6E454DC87C0-StateMachineUpdater] INFO  server.StorageContainerManager (StorageContainerManager.java:stop(1521)) - Stopping Lease Manager of the command watchers
2022-06-08 19:34:11,847 [2307c498-167f-43d9-87ae-3379131d0636@group-E6E454DC87C0-StateMachineUpdater] ERROR server.StorageContainerManager (StorageContainerManager.java:stop(1524)) - Lease Manager of the command watchers stop failed
2022-06-08 19:34:11,847 [2307c498-167f-43d9-87ae-3379131d0636@group-E6E454DC87C0-StateMachineUpdater] INFO  server.StorageContainerManager (StorageContainerManager.java:stop(1528)) - Stopping datanode service RPC server
2022-06-08 19:34:11,847 [2307c498-167f-43d9-87ae-3379131d0636@group-E6E454DC87C0-StateMachineUpdater] INFO  server.SCMDatanodeProtocolServer (SCMDatanodeProtocolServer.java:stop(400)) - Stopping the RPC server for DataNodes
2022-06-08 19:34:11,847 [2307c498-167f-43d9-87ae-3379131d0636@group-E6E454DC87C0-StateMachineUpdater] INFO  ipc.Server (Server.java:stop(3414)) - Stopping server on 35577
2022-06-08 19:34:11,847 [2307c498-167f-43d9-87ae-3379131d0636@group-E6E454DC87C0-StateMachineUpdater] INFO  server.StorageContainerManager (StorageContainerManager.java:stop(1536)) - Stopping block service RPC server
2022-06-08 19:34:11,847 [2307c498-167f-43d9-87ae-3379131d0636@group-E6E454DC87C0-StateMachineUpdater] INFO  server.SCMBlockProtocolServer (SCMBlockProtocolServer.java:stop(160)) - Stopping the RPC server for Block Protocol
2022-06-08 19:34:11,847 [2307c498-167f-43d9-87ae-3379131d0636@group-E6E454DC87C0-StateMachineUpdater] INFO  ipc.Server (Server.java:stop(3414)) - Stopping server on 37419
2022-06-08 19:34:11,847 [2307c498-167f-43d9-87ae-3379131d0636@group-E6E454DC87C0-StateMachineUpdater] INFO  server.StorageContainerManager (StorageContainerManager.java:stop(1543)) - Stopping the StorageContainerLocationProtocol RPC server
2022-06-08 19:34:11,847 [2307c498-167f-43d9-87ae-3379131d0636@group-E6E454DC87C0-StateMachineUpdater] INFO  server.SCMClientProtocolServer (SCMClientProtocolServer.java:stop(178)) - Stopping the RPC server for Client Protocol
2022-06-08 19:34:11,847 [2307c498-167f-43d9-87ae-3379131d0636@group-E6E454DC87C0-StateMachineUpdater] INFO  ipc.Server (Server.java:stop(3414)) - Stopping server on 36165
2022-06-08 19:34:11,847 [2307c498-167f-43d9-87ae-3379131d0636@group-E6E454DC87C0-StateMachineUpdater] INFO  server.StorageContainerManager (StorageContainerManager.java:stop(1550)) - Stopping Storage Container Manager HTTP server.
2022-06-08 19:34:11,848 [2307c498-167f-43d9-87ae-3379131d0636@group-E6E454DC87C0-StateMachineUpdater] INFO  server.StorageContainerManager (StorageContainerManager.java:stop(1561)) - Stopping Block Manager Service.
2022-06-08 19:34:11,848 [2307c498-167f-43d9-87ae-3379131d0636@group-E6E454DC87C0-StateMachineUpdater] INFO  utils.BackgroundService (BackgroundService.java:shutdown(132)) - Shutting down service SCMBlockDeletingService
2022-06-08 19:34:11,848 [2307c498-167f-43d9-87ae-3379131d0636@group-E6E454DC87C0-StateMachineUpdater] INFO  utils.BackgroundService (BackgroundService.java:shutdown(132)) - Shutting down service SCMBlockDeletingService
2022-06-08 19:34:11,848 [2307c498-167f-43d9-87ae-3379131d0636@group-E6E454DC87C0-StateMachineUpdater] INFO  server.StorageContainerManager (StorageContainerManager.java:stop(1588)) - Stopping SCM Event Queue.
2022-06-08 19:34:11,848 [2307c498-167f-43d9-87ae-3379131d0636@group-E6E454DC87C0-StateMachineUpdater] INFO  server.StorageContainerManager (StorageContainerManager.java:stop(1599)) - Stopping SCM HA services.
2022-06-08 19:34:11,848 [2307c498-167f-43d9-87ae-3379131d0636@group-E6E454DC87C0-StateMachineUpdater] INFO  ha.SCMRatisServerImpl (SCMRatisServerImpl.java:stop(238)) - stopping ratis server 0.0.0.0:36931
2022-06-08 19:34:11,848 [org.apache.ratis.util.JvmPauseMonitor$$Lambda$519/1621292246@61c64315] INFO  util.JvmPauseMonitor (JvmPauseMonitor.java:run(109)) - JvmPauseMonitor-2307c498-167f-43d9-87ae-3379131d0636: Stopped
2022-06-08 19:34:11,848 [2307c498-167f-43d9-87ae-3379131d0636@group-E6E454DC87C0-StateMachineUpdater] INFO  pipeline.BackgroundPipelineCreator (BackgroundPipelineCreator.java:stop(150)) - Stopping RatisPipelineUtilsThread.
2022-06-08 19:34:11,849 [RatisPipelineUtilsThread - 0] WARN  pipeline.BackgroundPipelineCreator (BackgroundPipelineCreator.java:run(177)) - RatisPipelineUtilsThread is interrupted.
2022-06-08 19:34:11,849 [2307c498-167f-43d9-87ae-3379131d0636@group-E6E454DC87C0-StateMachineUpdater] INFO  BackgroundPipelineScrubber (BackgroundSCMService.java:stop(126)) - Stopping BackgroundPipelineScrubber Service.
2022-06-08 19:34:11,849 [2307c498-167f-43d9-87ae-3379131d0636@group-E6E454DC87C0-StateMachineUpdater] INFO  server.StorageContainerManager (StorageContainerManager.java:stop(1609)) - Stopping SCM MetadataStore.
2022-06-08 19:34:11,849 [2307c498-167f-43d9-87ae-3379131d0636@group-E6E454DC87C0-StateMachineUpdater] INFO  impl.MetricsSystemImpl (MetricsSystemImpl.java:stop(205)) - HddsDatanode metrics system stopped (again)
2022-06-08 19:34:11,850 [2307c498-167f-43d9-87ae-3379131d0636@group-E6E454DC87C0-StateMachineUpdater] ERROR server.StorageContainerManager (ExitUtils.java:terminate(133)) - Terminating with exit status 1: scm statemachine is closed by ratis, terminate SCM
2022-06-08 19:34:11,850 [2307c498-167f-43d9-87ae-3379131d0636@group-E6E454DC87C0-StateMachineUpdater] WARN  impl.StateMachineUpdater (StateMachineUpdater.java:stop(137)) - 2307c498-167f-43d9-87ae-3379131d0636@group-E6E454DC87C0-StateMachineUpdater: Failed to close SCMStateMachine SCMStateMachine:2307c498-167f-43d9-87ae-3379131d0636:group-E6E454DC87C0
org.apache.ratis.util.ExitUtils$ExitException: scm statemachine is closed by ratis, terminate SCM
	at org.apache.ratis.util.ExitUtils.terminate(ExitUtils.java:141)
	at org.apache.ratis.util.ExitUtils.terminate(ExitUtils.java:151)
	at org.apache.ratis.util.ExitUtils.terminate(ExitUtils.java:155)
	at org.apache.hadoop.hdds.scm.server.StorageContainerManager.shutDown(StorageContainerManager.java:1625)
	at org.apache.hadoop.hdds.scm.ha.SCMStateMachine.close(SCMStateMachine.java:402)
	at org.apache.ratis.server.impl.StateMachineUpdater.stop(StateMachineUpdater.java:134)
	at org.apache.ratis.server.impl.StateMachineUpdater.run(StateMachineUpdater.java:187)
	at java.lang.Thread.run(Thread.java:750)
2022-06-08 19:34:11,850 [BackgroundPipelineScrubberThread] WARN  BackgroundPipelineScrubber (BackgroundSCMService.java:run(110)) - BackgroundPipelineScrubber is interrupted, exit
2022-06-08 19:34:11,850 [Listener at 127.0.0.1/45261] INFO  server.RaftServer$Division (ServerState.java:close(429)) - 2307c498-167f-43d9-87ae-3379131d0636@group-E6E454DC87C0: closes. applyIndex: 30
2022-06-08 19:34:11,850 [2307c498-167f-43d9-87ae-3379131d0636@group-E6E454DC87C0-SegmentedRaftLogWorker] INFO  segmented.SegmentedRaftLogWorker (SegmentedRaftLogWorker.java:run(336)) - 2307c498-167f-43d9-87ae-3379131d0636@group-E6E454DC87C0-SegmentedRaftLogWorker was interrupted, exiting. There are 0 tasks remaining in the queue.
2022-06-08 19:34:11,851 [Listener at 127.0.0.1/45261] INFO  segmented.SegmentedRaftLogWorker (SegmentedRaftLogWorker.java:close(246)) - 2307c498-167f-43d9-87ae-3379131d0636@group-E6E454DC87C0-SegmentedRaftLogWorker close()
2022-06-08 19:34:11,852 [Listener at 127.0.0.1/45261] INFO  server.GrpcService (GrpcService.java:closeImpl(269)) - 2307c498-167f-43d9-87ae-3379131d0636: shutdown server with port 36931 now
2022-06-08 19:34:11,858 [Listener at 127.0.0.1/45261] INFO  server.GrpcService (GrpcService.java:closeImpl(278)) - 2307c498-167f-43d9-87ae-3379131d0636: shutdown server with port 36931 successfully
2022-06-08 19:34:11,858 [Listener at 127.0.0.1/45261] WARN  pipeline.BackgroundPipelineCreator (BackgroundPipelineCreator.java:stop(146)) - RatisPipelineUtilsThread is not running, just ignore.
2022-06-08 19:34:11,858 [Listener at 127.0.0.1/45261] INFO  BackgroundPipelineScrubber (BackgroundSCMService.java:stop(121)) - BackgroundPipelineScrubber Service is not running, skip stop.
2022-06-08 19:34:11,858 [Listener at 127.0.0.1/45261] INFO  server.StorageContainerManager (StorageContainerManager.java:stop(1609)) - Stopping SCM MetadataStore.
2022-06-08 19:34:11,858 [Listener at 127.0.0.1/45261] INFO  impl.MetricsSystemImpl (MetricsSystemImpl.java:stop(205)) - HddsDatanode metrics system stopped (again)
2022-06-08 19:34:11,858 [Listener at 127.0.0.1/45261] INFO  ozone.MiniOzoneClusterImpl (MiniOzoneClusterImpl.java:stop(471)) - Stopping the Mini Ozone Cluster
2022-06-08 19:34:11,858 [Listener at 127.0.0.1/45261] INFO  ozone.MiniOzoneClusterImpl (MiniOzoneClusterImpl.java:stopDatanodes(530)) - Stopping the HddsDatanodes
2022-06-08 19:34:13,376 [EndpointStateMachine task thread for /127.0.0.1:40207 - 0 ] INFO  ipc.Client (Client.java:handleConnectionFailure(977)) - Retrying connect to server: localhost/127.0.0.1:40207. Already tried 0 time(s); retry policy is RetryUpToMaximumCountWithFixedSleep(maxRetries=15, sleepTime=1000 MILLISECONDS)
2022-06-08 19:34:13,376 [EndpointStateMachine task thread for /127.0.0.1:35577 - 0 ] INFO  ipc.Client (Client.java:handleConnectionFailure(977)) - Retrying connect to server: localhost/127.0.0.1:35577. Already tried 0 time(s); retry policy is RetryUpToMaximumCountWithFixedSleep(maxRetries=15, sleepTime=1000 MILLISECONDS)
2022-06-08 19:34:13,377 [EndpointStateMachine task thread for /127.0.0.1:42779 - 0 ] INFO  ipc.Client (Client.java:handleConnectionFailure(977)) - Retrying connect to server: localhost/127.0.0.1:42779. Already tried 0 time(s); retry policy is RetryUpToMaximumCountWithFixedSleep(maxRetries=15, sleepTime=1000 MILLISECONDS)
2022-06-08 19:34:14,375 [Datanode State Machine Daemon Thread] ERROR datanode.RunningDatanodeState (RunningDatanodeState.java:computeNextContainerState(207)) - Error in executing end point task.
java.util.concurrent.ExecutionException: java.util.concurrent.TimeoutException
	at java.util.concurrent.FutureTask.report(FutureTask.java:122)
	at java.util.concurrent.FutureTask.get(FutureTask.java:192)
	at org.apache.hadoop.ozone.container.common.states.datanode.RunningDatanodeState.computeNextContainerState(RunningDatanodeState.java:199)
	at org.apache.hadoop.ozone.container.common.states.datanode.RunningDatanodeState.await(RunningDatanodeState.java:239)
	at org.apache.hadoop.ozone.container.common.states.datanode.RunningDatanodeState.await(RunningDatanodeState.java:50)
	at org.apache.hadoop.ozone.container.common.statemachine.StateContext.execute(StateContext.java:660)
	at org.apache.hadoop.ozone.container.common.statemachine.DatanodeStateMachine.startStateMachineThread(DatanodeStateMachine.java:294)
	at org.apache.hadoop.ozone.container.common.statemachine.DatanodeStateMachine.lambda$startDaemon$0(DatanodeStateMachine.java:485)
	at java.lang.Thread.run(Thread.java:750)
Caused by: java.util.concurrent.TimeoutException
	at java.util.concurrent.FutureTask.get(FutureTask.java:205)
	at org.apache.hadoop.ozone.container.common.states.datanode.RunningDatanodeState.lambda$execute$0(RunningDatanodeState.java:157)
	at java.util.concurrent.FutureTask.run(FutureTask.java:266)
	at java.util.concurrent.Executors$RunnableAdapter.call(Executors.java:511)
	at java.util.concurrent.FutureTask.run(FutureTask.java:266)
	at java.util.concurrent.ThreadPoolExecutor.runWorker(ThreadPoolExecutor.java:1149)
	at java.util.concurrent.ThreadPoolExecutor$Worker.run(ThreadPoolExecutor.java:624)
	... 1 more
2022-06-08 19:34:14,376 [EndpointStateMachine task thread for /127.0.0.1:35577 - 0 ] INFO  ipc.Client (Client.java:handleConnectionFailure(977)) - Retrying connect to server: localhost/127.0.0.1:35577. Already tried 1 time(s); retry policy is RetryUpToMaximumCountWithFixedSleep(maxRetries=15, sleepTime=1000 MILLISECONDS)
2022-06-08 19:34:14,376 [EndpointStateMachine task thread for /127.0.0.1:40207 - 0 ] INFO  ipc.Client (Client.java:handleConnectionFailure(977)) - Retrying connect to server: localhost/127.0.0.1:40207. Already tried 1 time(s); retry policy is RetryUpToMaximumCountWithFixedSleep(maxRetries=15, sleepTime=1000 MILLISECONDS)
2022-06-08 19:34:14,378 [EndpointStateMachine task thread for /127.0.0.1:42779 - 0 ] INFO  ipc.Client (Client.java:handleConnectionFailure(977)) - Retrying connect to server: localhost/127.0.0.1:42779. Already tried 1 time(s); retry policy is RetryUpToMaximumCountWithFixedSleep(maxRetries=15, sleepTime=1000 MILLISECONDS)
2022-06-08 19:34:15,377 [EndpointStateMachine task thread for /127.0.0.1:35577 - 0 ] INFO  ipc.Client (Client.java:handleConnectionFailure(977)) - Retrying connect to server: localhost/127.0.0.1:35577. Already tried 2 time(s); retry policy is RetryUpToMaximumCountWithFixedSleep(maxRetries=15, sleepTime=1000 MILLISECONDS)
2022-06-08 19:34:15,377 [Datanode State Machine Daemon Thread] ERROR datanode.RunningDatanodeState (RunningDatanodeState.java:computeNextContainerState(207)) - Error in executing end point task.
java.util.concurrent.ExecutionException: java.util.concurrent.TimeoutException
	at java.util.concurrent.FutureTask.report(FutureTask.java:122)
	at java.util.concurrent.FutureTask.get(FutureTask.java:192)
	at org.apache.hadoop.ozone.container.common.states.datanode.RunningDatanodeState.computeNextContainerState(RunningDatanodeState.java:199)
	at org.apache.hadoop.ozone.container.common.states.datanode.RunningDatanodeState.await(RunningDatanodeState.java:239)
	at org.apache.hadoop.ozone.container.common.states.datanode.RunningDatanodeState.await(RunningDatanodeState.java:50)
	at org.apache.hadoop.ozone.container.common.statemachine.StateContext.execute(StateContext.java:660)
	at org.apache.hadoop.ozone.container.common.statemachine.DatanodeStateMachine.startStateMachineThread(DatanodeStateMachine.java:294)
	at org.apache.hadoop.ozone.container.common.statemachine.DatanodeStateMachine.lambda$startDaemon$0(DatanodeStateMachine.java:485)
	at java.lang.Thread.run(Thread.java:750)
Caused by: java.util.concurrent.TimeoutException
	at java.util.concurrent.FutureTask.get(FutureTask.java:205)
	at org.apache.hadoop.ozone.container.common.states.datanode.RunningDatanodeState.lambda$execute$0(RunningDatanodeState.java:157)
	at java.util.concurrent.FutureTask.run(FutureTask.java:266)
	at java.util.concurrent.Executors$RunnableAdapter.call(Executors.java:511)
	at java.util.concurrent.FutureTask.run(FutureTask.java:266)
	at java.util.concurrent.ThreadPoolExecutor.runWorker(ThreadPoolExecutor.java:1149)
	at java.util.concurrent.ThreadPoolExecutor$Worker.run(ThreadPoolExecutor.java:624)
	... 1 more
2022-06-08 19:34:15,377 [EndpointStateMachine task thread for /127.0.0.1:40207 - 0 ] INFO  ipc.Client (Client.java:handleConnectionFailure(977)) - Retrying connect to server: localhost/127.0.0.1:40207. Already tried 2 time(s); retry policy is RetryUpToMaximumCountWithFixedSleep(maxRetries=15, sleepTime=1000 MILLISECONDS)
2022-06-08 19:34:15,379 [EndpointStateMachine task thread for /127.0.0.1:42779 - 0 ] INFO  ipc.Client (Client.java:handleConnectionFailure(977)) - Retrying connect to server: localhost/127.0.0.1:42779. Already tried 2 time(s); retry policy is RetryUpToMaximumCountWithFixedSleep(maxRetries=15, sleepTime=1000 MILLISECONDS)
2022-06-08 19:34:16,378 [EndpointStateMachine task thread for /127.0.0.1:35577 - 0 ] INFO  ipc.Client (Client.java:handleConnectionFailure(977)) - Retrying connect to server: localhost/127.0.0.1:35577. Already tried 3 time(s); retry policy is RetryUpToMaximumCountWithFixedSleep(maxRetries=15, sleepTime=1000 MILLISECONDS)
2022-06-08 19:34:16,379 [EndpointStateMachine task thread for /127.0.0.1:40207 - 0 ] INFO  ipc.Client (Client.java:handleConnectionFailure(977)) - Retrying connect to server: localhost/127.0.0.1:40207. Already tried 3 time(s); retry policy is RetryUpToMaximumCountWithFixedSleep(maxRetries=15, sleepTime=1000 MILLISECONDS)
2022-06-08 19:34:16,379 [EndpointStateMachine task thread for /127.0.0.1:42779 - 0 ] INFO  ipc.Client (Client.java:handleConnectionFailure(977)) - Retrying connect to server: localhost/127.0.0.1:42779. Already tried 3 time(s); retry policy is RetryUpToMaximumCountWithFixedSleep(maxRetries=15, sleepTime=1000 MILLISECONDS)
2022-06-08 19:34:16,861 [Listener at 127.0.0.1/45261] INFO  ozoneimpl.OzoneContainer (OzoneContainer.java:stop(365)) - Attempting to stop container services.
2022-06-08 19:34:16,861 [ForkJoinPool.commonPool-worker-1] INFO  ozoneimpl.OzoneContainer (OzoneContainer.java:stop(365)) - Attempting to stop container services.
2022-06-08 19:34:16,861 [Listener at 127.0.0.1/45261] INFO  server.RaftServer (RaftServerProxy.java:lambda$close$7(398)) - f600cccb-c69c-4e5d-9bb2-bde895ce90eb: close
2022-06-08 19:34:16,862 [Listener at 127.0.0.1/45261] INFO  server.RaftServer$Division (RaftServerImpl.java:lambda$close$4(434)) - f600cccb-c69c-4e5d-9bb2-bde895ce90eb@group-347FF21BF0E9: shutdown
2022-06-08 19:34:16,862 [Listener at 127.0.0.1/45261] INFO  util.JmxRegister (JmxRegister.java:unregister(73)) - Successfully un-registered JMX Bean with object name Ratis:service=RaftServer,group=group-347FF21BF0E9,id=f600cccb-c69c-4e5d-9bb2-bde895ce90eb
2022-06-08 19:34:16,862 [Listener at 127.0.0.1/45261] INFO  impl.RoleInfo (RoleInfo.java:shutdownFollowerState(110)) - f600cccb-c69c-4e5d-9bb2-bde895ce90eb: shutdown f600cccb-c69c-4e5d-9bb2-bde895ce90eb@group-347FF21BF0E9-FollowerState
2022-06-08 19:34:16,862 [Listener at 127.0.0.1/45261] INFO  impl.StateMachineUpdater (StateMachineUpdater.java:stopAndJoin(153)) - f600cccb-c69c-4e5d-9bb2-bde895ce90eb@group-347FF21BF0E9-StateMachineUpdater: set stopIndex = 0
2022-06-08 19:34:16,862 [ForkJoinPool.commonPool-worker-1] INFO  server.RaftServer (RaftServerProxy.java:lambda$close$7(398)) - b2f71e74-b885-4a74-acef-2f4d6b72015d: close
2022-06-08 19:34:16,862 [ForkJoinPool.commonPool-worker-1] INFO  server.RaftServer$Division (RaftServerImpl.java:lambda$close$4(434)) - b2f71e74-b885-4a74-acef-2f4d6b72015d@group-347FF21BF0E9: shutdown
2022-06-08 19:34:16,862 [ForkJoinPool.commonPool-worker-1] INFO  util.JmxRegister (JmxRegister.java:unregister(73)) - Successfully un-registered JMX Bean with object name Ratis:service=RaftServer,group=group-347FF21BF0E9,id=b2f71e74-b885-4a74-acef-2f4d6b72015d
2022-06-08 19:34:16,862 [f600cccb-c69c-4e5d-9bb2-bde895ce90eb@group-347FF21BF0E9-FollowerState] INFO  impl.FollowerState (FollowerState.java:run(152)) - f600cccb-c69c-4e5d-9bb2-bde895ce90eb@group-347FF21BF0E9-FollowerState was interrupted
2022-06-08 19:34:16,862 [ForkJoinPool.commonPool-worker-1] INFO  impl.RoleInfo (RoleInfo.java:shutdownFollowerState(110)) - b2f71e74-b885-4a74-acef-2f4d6b72015d: shutdown b2f71e74-b885-4a74-acef-2f4d6b72015d@group-347FF21BF0E9-FollowerState
2022-06-08 19:34:16,863 [ForkJoinPool.commonPool-worker-1] INFO  impl.StateMachineUpdater (StateMachineUpdater.java:stopAndJoin(153)) - b2f71e74-b885-4a74-acef-2f4d6b72015d@group-347FF21BF0E9-StateMachineUpdater: set stopIndex = 0
2022-06-08 19:34:16,863 [b2f71e74-b885-4a74-acef-2f4d6b72015d@group-347FF21BF0E9-StateMachineUpdater] INFO  ratis.ContainerStateMachine (ContainerStateMachine.java:takeSnapshot(304)) - group-347FF21BF0E9: Taking a snapshot at:(t:2, i:0) file /home/runner/work/ozone/ozone/hadoop-ozone/integration-test/target/test-dir/MiniOzoneClusterImpl-6ca4cc63-2561-4277-bbe7-e6e454dc87c0/datanode-0/data/ratis/19d21720-15a2-4f77-a178-347ff21bf0e9/sm/snapshot.2_0
2022-06-08 19:34:16,862 [f600cccb-c69c-4e5d-9bb2-bde895ce90eb@group-347FF21BF0E9-StateMachineUpdater] INFO  ratis.ContainerStateMachine (ContainerStateMachine.java:takeSnapshot(304)) - group-347FF21BF0E9: Taking a snapshot at:(t:2, i:0) file /home/runner/work/ozone/ozone/hadoop-ozone/integration-test/target/test-dir/MiniOzoneClusterImpl-6ca4cc63-2561-4277-bbe7-e6e454dc87c0/datanode-1/data/ratis/19d21720-15a2-4f77-a178-347ff21bf0e9/sm/snapshot.2_0
2022-06-08 19:34:16,863 [b2f71e74-b885-4a74-acef-2f4d6b72015d@group-347FF21BF0E9-FollowerState] INFO  impl.FollowerState (FollowerState.java:run(152)) - b2f71e74-b885-4a74-acef-2f4d6b72015d@group-347FF21BF0E9-FollowerState was interrupted
2022-06-08 19:34:16,908 [f600cccb-c69c-4e5d-9bb2-bde895ce90eb@group-347FF21BF0E9-StateMachineUpdater] INFO  ratis.ContainerStateMachine (ContainerStateMachine.java:takeSnapshot(315)) - group-347FF21BF0E9: Finished taking a snapshot at:(t:2, i:0) file:/home/runner/work/ozone/ozone/hadoop-ozone/integration-test/target/test-dir/MiniOzoneClusterImpl-6ca4cc63-2561-4277-bbe7-e6e454dc87c0/datanode-1/data/ratis/19d21720-15a2-4f77-a178-347ff21bf0e9/sm/snapshot.2_0 took: 46 ms
2022-06-08 19:34:16,909 [f600cccb-c69c-4e5d-9bb2-bde895ce90eb@group-347FF21BF0E9-StateMachineUpdater] INFO  impl.StateMachineUpdater (StateMachineUpdater.java:takeSnapshot(287)) - f600cccb-c69c-4e5d-9bb2-bde895ce90eb@group-347FF21BF0E9-StateMachineUpdater: Took a snapshot at index 0
2022-06-08 19:34:16,909 [f600cccb-c69c-4e5d-9bb2-bde895ce90eb@group-347FF21BF0E9-StateMachineUpdater] INFO  impl.StateMachineUpdater (StateMachineUpdater.java:lambda$new$0(92)) - f600cccb-c69c-4e5d-9bb2-bde895ce90eb@group-347FF21BF0E9-StateMachineUpdater: snapshotIndex: updateIncreasingly -1 -> 0
2022-06-08 19:34:16,910 [Listener at 127.0.0.1/45261] INFO  server.RaftServer$Division (ServerState.java:close(429)) - f600cccb-c69c-4e5d-9bb2-bde895ce90eb@group-347FF21BF0E9: closes. applyIndex: 0
2022-06-08 19:34:16,910 [b2f71e74-b885-4a74-acef-2f4d6b72015d@group-347FF21BF0E9-StateMachineUpdater] INFO  ratis.ContainerStateMachine (ContainerStateMachine.java:takeSnapshot(315)) - group-347FF21BF0E9: Finished taking a snapshot at:(t:2, i:0) file:/home/runner/work/ozone/ozone/hadoop-ozone/integration-test/target/test-dir/MiniOzoneClusterImpl-6ca4cc63-2561-4277-bbe7-e6e454dc87c0/datanode-0/data/ratis/19d21720-15a2-4f77-a178-347ff21bf0e9/sm/snapshot.2_0 took: 47 ms
2022-06-08 19:34:16,910 [f600cccb-c69c-4e5d-9bb2-bde895ce90eb@group-347FF21BF0E9-SegmentedRaftLogWorker] INFO  segmented.SegmentedRaftLogWorker (SegmentedRaftLogWorker.java:run(336)) - f600cccb-c69c-4e5d-9bb2-bde895ce90eb@group-347FF21BF0E9-SegmentedRaftLogWorker was interrupted, exiting. There are 0 tasks remaining in the queue.
2022-06-08 19:34:16,910 [b2f71e74-b885-4a74-acef-2f4d6b72015d@group-347FF21BF0E9-StateMachineUpdater] INFO  impl.StateMachineUpdater (StateMachineUpdater.java:takeSnapshot(287)) - b2f71e74-b885-4a74-acef-2f4d6b72015d@group-347FF21BF0E9-StateMachineUpdater: Took a snapshot at index 0
2022-06-08 19:34:16,911 [b2f71e74-b885-4a74-acef-2f4d6b72015d@group-347FF21BF0E9-StateMachineUpdater] INFO  impl.StateMachineUpdater (StateMachineUpdater.java:lambda$new$0(92)) - b2f71e74-b885-4a74-acef-2f4d6b72015d@group-347FF21BF0E9-StateMachineUpdater: snapshotIndex: updateIncreasingly -1 -> 0
2022-06-08 19:34:16,911 [Listener at 127.0.0.1/45261] INFO  segmented.SegmentedRaftLogWorker (SegmentedRaftLogWorker.java:close(246)) - f600cccb-c69c-4e5d-9bb2-bde895ce90eb@group-347FF21BF0E9-SegmentedRaftLogWorker close()
2022-06-08 19:34:16,912 [ForkJoinPool.commonPool-worker-1] INFO  server.RaftServer$Division (ServerState.java:close(429)) - b2f71e74-b885-4a74-acef-2f4d6b72015d@group-347FF21BF0E9: closes. applyIndex: 0
2022-06-08 19:34:16,912 [b2f71e74-b885-4a74-acef-2f4d6b72015d@group-347FF21BF0E9-SegmentedRaftLogWorker] INFO  segmented.SegmentedRaftLogWorker (SegmentedRaftLogWorker.java:run(336)) - b2f71e74-b885-4a74-acef-2f4d6b72015d@group-347FF21BF0E9-SegmentedRaftLogWorker was interrupted, exiting. There are 0 tasks remaining in the queue.
2022-06-08 19:34:16,913 [Listener at 127.0.0.1/45261] INFO  server.RaftServer$Division (RaftServerImpl.java:lambda$close$4(434)) - f600cccb-c69c-4e5d-9bb2-bde895ce90eb@group-B810B796FD8E: shutdown
2022-06-08 19:34:16,913 [ForkJoinPool.commonPool-worker-1] INFO  segmented.SegmentedRaftLogWorker (SegmentedRaftLogWorker.java:close(246)) - b2f71e74-b885-4a74-acef-2f4d6b72015d@group-347FF21BF0E9-SegmentedRaftLogWorker close()
2022-06-08 19:34:16,913 [Listener at 127.0.0.1/45261] INFO  util.JmxRegister (JmxRegister.java:unregister(73)) - Successfully un-registered JMX Bean with object name Ratis:service=RaftServer,group=group-B810B796FD8E,id=f600cccb-c69c-4e5d-9bb2-bde895ce90eb
2022-06-08 19:34:16,914 [Listener at 127.0.0.1/45261] INFO  impl.RoleInfo (RoleInfo.java:shutdownLeaderState(93)) - f600cccb-c69c-4e5d-9bb2-bde895ce90eb: shutdown f600cccb-c69c-4e5d-9bb2-bde895ce90eb@group-B810B796FD8E-LeaderStateImpl
2022-06-08 19:34:16,914 [Listener at 127.0.0.1/45261] INFO  impl.PendingRequests (PendingRequests.java:sendNotLeaderResponses(282)) - f600cccb-c69c-4e5d-9bb2-bde895ce90eb@group-B810B796FD8E-PendingRequests: sendNotLeaderResponses
2022-06-08 19:34:16,915 [Listener at 127.0.0.1/45261] INFO  impl.StateMachineUpdater (StateMachineUpdater.java:stopAndJoin(153)) - f600cccb-c69c-4e5d-9bb2-bde895ce90eb@group-B810B796FD8E-StateMachineUpdater: set stopIndex = 0
2022-06-08 19:34:16,915 [ForkJoinPool.commonPool-worker-1] INFO  server.RaftServer$Division (RaftServerImpl.java:lambda$close$4(434)) - b2f71e74-b885-4a74-acef-2f4d6b72015d@group-84CBCEDAC9A1: shutdown
2022-06-08 19:34:16,915 [ForkJoinPool.commonPool-worker-1] INFO  util.JmxRegister (JmxRegister.java:unregister(73)) - Successfully un-registered JMX Bean with object name Ratis:service=RaftServer,group=group-84CBCEDAC9A1,id=b2f71e74-b885-4a74-acef-2f4d6b72015d
2022-06-08 19:34:16,915 [ForkJoinPool.commonPool-worker-1] INFO  impl.RoleInfo (RoleInfo.java:shutdownLeaderState(93)) - b2f71e74-b885-4a74-acef-2f4d6b72015d: shutdown b2f71e74-b885-4a74-acef-2f4d6b72015d@group-84CBCEDAC9A1-LeaderStateImpl
2022-06-08 19:34:16,915 [ForkJoinPool.commonPool-worker-1] INFO  impl.PendingRequests (PendingRequests.java:sendNotLeaderResponses(282)) - b2f71e74-b885-4a74-acef-2f4d6b72015d@group-84CBCEDAC9A1-PendingRequests: sendNotLeaderResponses
2022-06-08 19:34:16,915 [f600cccb-c69c-4e5d-9bb2-bde895ce90eb@group-B810B796FD8E-StateMachineUpdater] INFO  ratis.ContainerStateMachine (ContainerStateMachine.java:takeSnapshot(304)) - group-B810B796FD8E: Taking a snapshot at:(t:1, i:0) file /home/runner/work/ozone/ozone/hadoop-ozone/integration-test/target/test-dir/MiniOzoneClusterImpl-6ca4cc63-2561-4277-bbe7-e6e454dc87c0/datanode-1/data/ratis/f72d408b-2869-49f8-afea-b810b796fd8e/sm/snapshot.1_0
2022-06-08 19:34:16,916 [ForkJoinPool.commonPool-worker-1] INFO  impl.StateMachineUpdater (StateMachineUpdater.java:stopAndJoin(153)) - b2f71e74-b885-4a74-acef-2f4d6b72015d@group-84CBCEDAC9A1-StateMachineUpdater: set stopIndex = 0
2022-06-08 19:34:16,916 [b2f71e74-b885-4a74-acef-2f4d6b72015d@group-84CBCEDAC9A1-StateMachineUpdater] INFO  ratis.ContainerStateMachine (ContainerStateMachine.java:takeSnapshot(304)) - group-84CBCEDAC9A1: Taking a snapshot at:(t:1, i:0) file /home/runner/work/ozone/ozone/hadoop-ozone/integration-test/target/test-dir/MiniOzoneClusterImpl-6ca4cc63-2561-4277-bbe7-e6e454dc87c0/datanode-0/data/ratis/e4e36f22-647f-420c-b2dc-84cbcedac9a1/sm/snapshot.1_0
2022-06-08 19:34:16,916 [f600cccb-c69c-4e5d-9bb2-bde895ce90eb@group-B810B796FD8E-StateMachineUpdater] INFO  ratis.ContainerStateMachine (ContainerStateMachine.java:takeSnapshot(315)) - group-B810B796FD8E: Finished taking a snapshot at:(t:1, i:0) file:/home/runner/work/ozone/ozone/hadoop-ozone/integration-test/target/test-dir/MiniOzoneClusterImpl-6ca4cc63-2561-4277-bbe7-e6e454dc87c0/datanode-1/data/ratis/f72d408b-2869-49f8-afea-b810b796fd8e/sm/snapshot.1_0 took: 1 ms
2022-06-08 19:34:16,916 [f600cccb-c69c-4e5d-9bb2-bde895ce90eb@group-B810B796FD8E-StateMachineUpdater] INFO  impl.StateMachineUpdater (StateMachineUpdater.java:takeSnapshot(287)) - f600cccb-c69c-4e5d-9bb2-bde895ce90eb@group-B810B796FD8E-StateMachineUpdater: Took a snapshot at index 0
2022-06-08 19:34:16,916 [f600cccb-c69c-4e5d-9bb2-bde895ce90eb@group-B810B796FD8E-StateMachineUpdater] INFO  impl.StateMachineUpdater (StateMachineUpdater.java:lambda$new$0(92)) - f600cccb-c69c-4e5d-9bb2-bde895ce90eb@group-B810B796FD8E-StateMachineUpdater: snapshotIndex: updateIncreasingly -1 -> 0
2022-06-08 19:34:16,917 [Listener at 127.0.0.1/45261] INFO  server.RaftServer$Division (ServerState.java:close(429)) - f600cccb-c69c-4e5d-9bb2-bde895ce90eb@group-B810B796FD8E: closes. applyIndex: 0
2022-06-08 19:34:16,917 [f600cccb-c69c-4e5d-9bb2-bde895ce90eb@group-B810B796FD8E-SegmentedRaftLogWorker] INFO  segmented.SegmentedRaftLogWorker (SegmentedRaftLogWorker.java:run(336)) - f600cccb-c69c-4e5d-9bb2-bde895ce90eb@group-B810B796FD8E-SegmentedRaftLogWorker was interrupted, exiting. There are 0 tasks remaining in the queue.
2022-06-08 19:34:16,919 [b2f71e74-b885-4a74-acef-2f4d6b72015d@group-84CBCEDAC9A1-StateMachineUpdater] INFO  ratis.ContainerStateMachine (ContainerStateMachine.java:takeSnapshot(315)) - group-84CBCEDAC9A1: Finished taking a snapshot at:(t:1, i:0) file:/home/runner/work/ozone/ozone/hadoop-ozone/integration-test/target/test-dir/MiniOzoneClusterImpl-6ca4cc63-2561-4277-bbe7-e6e454dc87c0/datanode-0/data/ratis/e4e36f22-647f-420c-b2dc-84cbcedac9a1/sm/snapshot.1_0 took: 3 ms
2022-06-08 19:34:16,919 [b2f71e74-b885-4a74-acef-2f4d6b72015d@group-84CBCEDAC9A1-StateMachineUpdater] INFO  impl.StateMachineUpdater (StateMachineUpdater.java:takeSnapshot(287)) - b2f71e74-b885-4a74-acef-2f4d6b72015d@group-84CBCEDAC9A1-StateMachineUpdater: Took a snapshot at index 0
2022-06-08 19:34:16,919 [b2f71e74-b885-4a74-acef-2f4d6b72015d@group-84CBCEDAC9A1-StateMachineUpdater] INFO  impl.StateMachineUpdater (StateMachineUpdater.java:lambda$new$0(92)) - b2f71e74-b885-4a74-acef-2f4d6b72015d@group-84CBCEDAC9A1-StateMachineUpdater: snapshotIndex: updateIncreasingly -1 -> 0
2022-06-08 19:34:16,920 [ForkJoinPool.commonPool-worker-1] INFO  server.RaftServer$Division (ServerState.java:close(429)) - b2f71e74-b885-4a74-acef-2f4d6b72015d@group-84CBCEDAC9A1: closes. applyIndex: 0
2022-06-08 19:34:16,920 [b2f71e74-b885-4a74-acef-2f4d6b72015d@group-84CBCEDAC9A1-SegmentedRaftLogWorker] INFO  segmented.SegmentedRaftLogWorker (SegmentedRaftLogWorker.java:run(336)) - b2f71e74-b885-4a74-acef-2f4d6b72015d@group-84CBCEDAC9A1-SegmentedRaftLogWorker was interrupted, exiting. There are 0 tasks remaining in the queue.
2022-06-08 19:34:16,921 [Listener at 127.0.0.1/45261] INFO  segmented.SegmentedRaftLogWorker (SegmentedRaftLogWorker.java:close(246)) - f600cccb-c69c-4e5d-9bb2-bde895ce90eb@group-B810B796FD8E-SegmentedRaftLogWorker close()
2022-06-08 19:34:16,921 [ForkJoinPool.commonPool-worker-1] INFO  segmented.SegmentedRaftLogWorker (SegmentedRaftLogWorker.java:close(246)) - b2f71e74-b885-4a74-acef-2f4d6b72015d@group-84CBCEDAC9A1-SegmentedRaftLogWorker close()
2022-06-08 19:34:16,922 [ForkJoinPool.commonPool-worker-1] INFO  server.RaftServer$Division (RaftServerImpl.java:lambda$close$4(434)) - b2f71e74-b885-4a74-acef-2f4d6b72015d@group-1BC579A085D0: shutdown
2022-06-08 19:34:16,922 [Listener at 127.0.0.1/45261] INFO  server.RaftServer$Division (RaftServerImpl.java:lambda$close$4(434)) - f600cccb-c69c-4e5d-9bb2-bde895ce90eb@group-1BC579A085D0: shutdown
2022-06-08 19:34:16,922 [ForkJoinPool.commonPool-worker-1] INFO  util.JmxRegister (JmxRegister.java:unregister(73)) - Successfully un-registered JMX Bean with object name Ratis:service=RaftServer,group=group-1BC579A085D0,id=b2f71e74-b885-4a74-acef-2f4d6b72015d
2022-06-08 19:34:16,922 [Listener at 127.0.0.1/45261] INFO  util.JmxRegister (JmxRegister.java:unregister(73)) - Successfully un-registered JMX Bean with object name Ratis:service=RaftServer,group=group-1BC579A085D0,id=f600cccb-c69c-4e5d-9bb2-bde895ce90eb
2022-06-08 19:34:16,922 [ForkJoinPool.commonPool-worker-1] INFO  impl.RoleInfo (RoleInfo.java:shutdownFollowerState(110)) - b2f71e74-b885-4a74-acef-2f4d6b72015d: shutdown b2f71e74-b885-4a74-acef-2f4d6b72015d@group-1BC579A085D0-FollowerState
2022-06-08 19:34:16,922 [Listener at 127.0.0.1/45261] INFO  impl.RoleInfo (RoleInfo.java:shutdownLeaderState(93)) - f600cccb-c69c-4e5d-9bb2-bde895ce90eb: shutdown f600cccb-c69c-4e5d-9bb2-bde895ce90eb@group-1BC579A085D0-LeaderStateImpl
2022-06-08 19:34:16,922 [b2f71e74-b885-4a74-acef-2f4d6b72015d@group-1BC579A085D0-FollowerState] INFO  impl.FollowerState (FollowerState.java:run(152)) - b2f71e74-b885-4a74-acef-2f4d6b72015d@group-1BC579A085D0-FollowerState was interrupted
2022-06-08 19:34:16,922 [ForkJoinPool.commonPool-worker-1] INFO  impl.StateMachineUpdater (StateMachineUpdater.java:stopAndJoin(153)) - b2f71e74-b885-4a74-acef-2f4d6b72015d@group-1BC579A085D0-StateMachineUpdater: set stopIndex = 0
2022-06-08 19:34:16,923 [b2f71e74-b885-4a74-acef-2f4d6b72015d@group-1BC579A085D0-StateMachineUpdater] INFO  ratis.ContainerStateMachine (ContainerStateMachine.java:takeSnapshot(304)) - group-1BC579A085D0: Taking a snapshot at:(t:2, i:0) file /home/runner/work/ozone/ozone/hadoop-ozone/integration-test/target/test-dir/MiniOzoneClusterImpl-6ca4cc63-2561-4277-bbe7-e6e454dc87c0/datanode-0/data/ratis/43f15a7d-0ec8-49f9-b746-1bc579a085d0/sm/snapshot.2_0
2022-06-08 19:34:16,923 [f600cccb-c69c-4e5d-9bb2-bde895ce90eb@group-1BC579A085D0->b2f71e74-b885-4a74-acef-2f4d6b72015d-GrpcLogAppender-LogAppenderDaemon] WARN  server.GrpcLogAppender (GrpcLogAppender.java:mayWait(171)) - f600cccb-c69c-4e5d-9bb2-bde895ce90eb@group-1BC579A085D0->b2f71e74-b885-4a74-acef-2f4d6b72015d-GrpcLogAppender: Wait interrupted by java.lang.InterruptedException
2022-06-08 19:34:16,924 [grpc-default-executor-1] INFO  server.GrpcServerProtocolService (GrpcServerProtocolService.java:onCompleted(140)) - b2f71e74-b885-4a74-acef-2f4d6b72015d: Completed APPEND_ENTRIES, lastRequest: f600cccb-c69c-4e5d-9bb2-bde895ce90eb->b2f71e74-b885-4a74-acef-2f4d6b72015d#1-t2,previous=(t:0, i:0),leaderCommit=-1,initializing? true,entries: size=1, first=(t:2, i:0), CONFIGURATIONENTRY
2022-06-08 19:34:16,924 [grpc-default-executor-1] INFO  server.GrpcLogAppender (GrpcLogAppender.java:onCompleted(339)) - f600cccb-c69c-4e5d-9bb2-bde895ce90eb@group-1BC579A085D0->b2f71e74-b885-4a74-acef-2f4d6b72015d-AppendLogResponseHandler: follower responses appendEntries COMPLETED
2022-06-08 19:34:16,925 [grpc-default-executor-1] INFO  leader.FollowerInfo (FollowerInfoImpl.java:lambda$new$0(48)) - f600cccb-c69c-4e5d-9bb2-bde895ce90eb@group-1BC579A085D0->b2f71e74-b885-4a74-acef-2f4d6b72015d: nextIndex: updateUnconditionally 1 -> 0
2022-06-08 19:34:16,925 [Listener at 127.0.0.1/45261] INFO  impl.PendingRequests (PendingRequests.java:sendNotLeaderResponses(282)) - f600cccb-c69c-4e5d-9bb2-bde895ce90eb@group-1BC579A085D0-PendingRequests: sendNotLeaderResponses
2022-06-08 19:34:16,925 [f600cccb-c69c-4e5d-9bb2-bde895ce90eb@group-1BC579A085D0->3c8f8348-5b45-4285-ac9e-7c9778a12270-GrpcLogAppender-LogAppenderDaemon] WARN  server.GrpcLogAppender (GrpcLogAppender.java:mayWait(171)) - f600cccb-c69c-4e5d-9bb2-bde895ce90eb@group-1BC579A085D0->3c8f8348-5b45-4285-ac9e-7c9778a12270-GrpcLogAppender: Wait interrupted by java.lang.InterruptedException
2022-06-08 19:34:16,925 [grpc-default-executor-1] INFO  server.GrpcServerProtocolService (GrpcServerProtocolService.java:onCompleted(140)) - 3c8f8348-5b45-4285-ac9e-7c9778a12270: Completed APPEND_ENTRIES, lastRequest: f600cccb-c69c-4e5d-9bb2-bde895ce90eb->3c8f8348-5b45-4285-ac9e-7c9778a12270#1-t2,previous=(t:0, i:0),leaderCommit=0,initializing? true,entries: size=1, first=(t:2, i:0), CONFIGURATIONENTRY
2022-06-08 19:34:16,926 [grpc-default-executor-1] INFO  server.GrpcLogAppender (GrpcLogAppender.java:onCompleted(339)) - f600cccb-c69c-4e5d-9bb2-bde895ce90eb@group-1BC579A085D0->3c8f8348-5b45-4285-ac9e-7c9778a12270-AppendLogResponseHandler: follower responses appendEntries COMPLETED
2022-06-08 19:34:16,926 [grpc-default-executor-1] INFO  leader.FollowerInfo (FollowerInfoImpl.java:lambda$new$0(48)) - f600cccb-c69c-4e5d-9bb2-bde895ce90eb@group-1BC579A085D0->3c8f8348-5b45-4285-ac9e-7c9778a12270: nextIndex: updateUnconditionally 1 -> 0
2022-06-08 19:34:16,926 [f600cccb-c69c-4e5d-9bb2-bde895ce90eb@group-1BC579A085D0-StateMachineUpdater] INFO  ratis.ContainerStateMachine (ContainerStateMachine.java:takeSnapshot(304)) - group-1BC579A085D0: Taking a snapshot at:(t:2, i:0) file /home/runner/work/ozone/ozone/hadoop-ozone/integration-test/target/test-dir/MiniOzoneClusterImpl-6ca4cc63-2561-4277-bbe7-e6e454dc87c0/datanode-1/data/ratis/43f15a7d-0ec8-49f9-b746-1bc579a085d0/sm/snapshot.2_0
2022-06-08 19:34:16,926 [Listener at 127.0.0.1/45261] INFO  impl.StateMachineUpdater (StateMachineUpdater.java:stopAndJoin(153)) - f600cccb-c69c-4e5d-9bb2-bde895ce90eb@group-1BC579A085D0-StateMachineUpdater: set stopIndex = 0
2022-06-08 19:34:16,931 [b2f71e74-b885-4a74-acef-2f4d6b72015d@group-1BC579A085D0-StateMachineUpdater] INFO  ratis.ContainerStateMachine (ContainerStateMachine.java:takeSnapshot(315)) - group-1BC579A085D0: Finished taking a snapshot at:(t:2, i:0) file:/home/runner/work/ozone/ozone/hadoop-ozone/integration-test/target/test-dir/MiniOzoneClusterImpl-6ca4cc63-2561-4277-bbe7-e6e454dc87c0/datanode-0/data/ratis/43f15a7d-0ec8-49f9-b746-1bc579a085d0/sm/snapshot.2_0 took: 8 ms
2022-06-08 19:34:16,931 [b2f71e74-b885-4a74-acef-2f4d6b72015d@group-1BC579A085D0-StateMachineUpdater] INFO  impl.StateMachineUpdater (StateMachineUpdater.java:takeSnapshot(287)) - b2f71e74-b885-4a74-acef-2f4d6b72015d@group-1BC579A085D0-StateMachineUpdater: Took a snapshot at index 0
2022-06-08 19:34:16,931 [b2f71e74-b885-4a74-acef-2f4d6b72015d@group-1BC579A085D0-StateMachineUpdater] INFO  impl.StateMachineUpdater (StateMachineUpdater.java:lambda$new$0(92)) - b2f71e74-b885-4a74-acef-2f4d6b72015d@group-1BC579A085D0-StateMachineUpdater: snapshotIndex: updateIncreasingly -1 -> 0
2022-06-08 19:34:16,931 [ForkJoinPool.commonPool-worker-1] INFO  server.RaftServer$Division (ServerState.java:close(429)) - b2f71e74-b885-4a74-acef-2f4d6b72015d@group-1BC579A085D0: closes. applyIndex: 0
2022-06-08 19:34:16,931 [b2f71e74-b885-4a74-acef-2f4d6b72015d@group-1BC579A085D0-SegmentedRaftLogWorker] INFO  segmented.SegmentedRaftLogWorker (SegmentedRaftLogWorker.java:run(336)) - b2f71e74-b885-4a74-acef-2f4d6b72015d@group-1BC579A085D0-SegmentedRaftLogWorker was interrupted, exiting. There are 0 tasks remaining in the queue.
2022-06-08 19:34:16,935 [ForkJoinPool.commonPool-worker-1] INFO  segmented.SegmentedRaftLogWorker (SegmentedRaftLogWorker.java:close(246)) - b2f71e74-b885-4a74-acef-2f4d6b72015d@group-1BC579A085D0-SegmentedRaftLogWorker close()
2022-06-08 19:34:16,935 [ForkJoinPool.commonPool-worker-1] INFO  server.GrpcService (GrpcService.java:closeImpl(269)) - b2f71e74-b885-4a74-acef-2f4d6b72015d: shutdown server with port 43737 now
2022-06-08 19:34:16,937 [grpc-default-executor-0] WARN  server.GrpcServerProtocolService (LogUtils.java:warn(122)) - b2f71e74-b885-4a74-acef-2f4d6b72015d: installSnapshot onError, lastRequest: 3c8f8348-5b45-4285-ac9e-7c9778a12270->b2f71e74-b885-4a74-acef-2f4d6b72015d#1-t2,previous=(t:0, i:0),leaderCommit=0,initializing? true,entries: size=1, first=(t:2, i:0), CONFIGURATIONENTRY: org.apache.ratis.thirdparty.io.grpc.StatusRuntimeException: CANCELLED: client cancelled
2022-06-08 19:34:16,937 [grpc-default-executor-3] WARN  server.GrpcLogAppender (LogUtils.java:warn(122)) - 3c8f8348-5b45-4285-ac9e-7c9778a12270@group-347FF21BF0E9->b2f71e74-b885-4a74-acef-2f4d6b72015d-AppendLogResponseHandler: Failed appendEntries: org.apache.ratis.thirdparty.io.grpc.StatusRuntimeException: CANCELLED: RST_STREAM closed stream. HTTP/2 error code: CANCEL
2022-06-08 19:34:16,938 [grpc-default-executor-3] WARN  server.GrpcLogAppender (GrpcLogAppender.java:resetClient(111)) - 3c8f8348-5b45-4285-ac9e-7c9778a12270@group-347FF21BF0E9->b2f71e74-b885-4a74-acef-2f4d6b72015d-GrpcLogAppender: Leader has not got in touch with Follower 3c8f8348-5b45-4285-ac9e-7c9778a12270@group-347FF21BF0E9->b2f71e74-b885-4a74-acef-2f4d6b72015d(c0,m0,n1, attendVote=true, lastRpcSendTime=1499, lastRpcResponseTime=1495) yet, just keep nextIndex unchanged and retry.
2022-06-08 19:34:16,939 [f600cccb-c69c-4e5d-9bb2-bde895ce90eb@group-1BC579A085D0-StateMachineUpdater] INFO  ratis.ContainerStateMachine (ContainerStateMachine.java:takeSnapshot(315)) - group-1BC579A085D0: Finished taking a snapshot at:(t:2, i:0) file:/home/runner/work/ozone/ozone/hadoop-ozone/integration-test/target/test-dir/MiniOzoneClusterImpl-6ca4cc63-2561-4277-bbe7-e6e454dc87c0/datanode-1/data/ratis/43f15a7d-0ec8-49f9-b746-1bc579a085d0/sm/snapshot.2_0 took: 13 ms
2022-06-08 19:34:16,939 [ForkJoinPool.commonPool-worker-1] INFO  server.GrpcService (GrpcService.java:closeImpl(278)) - b2f71e74-b885-4a74-acef-2f4d6b72015d: shutdown server with port 43737 successfully
2022-06-08 19:34:16,940 [org.apache.ratis.util.JvmPauseMonitor$$Lambda$519/1621292246@3ae2cc71] INFO  util.JvmPauseMonitor (JvmPauseMonitor.java:run(109)) - JvmPauseMonitor-b2f71e74-b885-4a74-acef-2f4d6b72015d: Stopped
2022-06-08 19:34:16,940 [f600cccb-c69c-4e5d-9bb2-bde895ce90eb@group-1BC579A085D0-StateMachineUpdater] INFO  impl.StateMachineUpdater (StateMachineUpdater.java:takeSnapshot(287)) - f600cccb-c69c-4e5d-9bb2-bde895ce90eb@group-1BC579A085D0-StateMachineUpdater: Took a snapshot at index 0
2022-06-08 19:34:16,940 [f600cccb-c69c-4e5d-9bb2-bde895ce90eb@group-1BC579A085D0-StateMachineUpdater] INFO  impl.StateMachineUpdater (StateMachineUpdater.java:lambda$new$0(92)) - f600cccb-c69c-4e5d-9bb2-bde895ce90eb@group-1BC579A085D0-StateMachineUpdater: snapshotIndex: updateIncreasingly -1 -> 0
2022-06-08 19:34:16,940 [Listener at 127.0.0.1/45261] INFO  server.RaftServer$Division (ServerState.java:close(429)) - f600cccb-c69c-4e5d-9bb2-bde895ce90eb@group-1BC579A085D0: closes. applyIndex: 0
2022-06-08 19:34:16,941 [f600cccb-c69c-4e5d-9bb2-bde895ce90eb@group-1BC579A085D0-SegmentedRaftLogWorker] INFO  segmented.SegmentedRaftLogWorker (SegmentedRaftLogWorker.java:run(336)) - f600cccb-c69c-4e5d-9bb2-bde895ce90eb@group-1BC579A085D0-SegmentedRaftLogWorker was interrupted, exiting. There are 0 tasks remaining in the queue.
2022-06-08 19:34:16,944 [Listener at 127.0.0.1/45261] INFO  segmented.SegmentedRaftLogWorker (SegmentedRaftLogWorker.java:close(246)) - f600cccb-c69c-4e5d-9bb2-bde895ce90eb@group-1BC579A085D0-SegmentedRaftLogWorker close()
2022-06-08 19:34:16,944 [Listener at 127.0.0.1/45261] INFO  server.GrpcService (GrpcService.java:closeImpl(269)) - f600cccb-c69c-4e5d-9bb2-bde895ce90eb: shutdown server with port 46271 now
2022-06-08 19:34:16,950 [grpc-default-executor-1] WARN  server.GrpcLogAppender (LogUtils.java:warn(122)) - 3c8f8348-5b45-4285-ac9e-7c9778a12270@group-347FF21BF0E9->f600cccb-c69c-4e5d-9bb2-bde895ce90eb-AppendLogResponseHandler: Failed appendEntries: org.apache.ratis.thirdparty.io.grpc.StatusRuntimeException: CANCELLED: RST_STREAM closed stream. HTTP/2 error code: CANCEL
2022-06-08 19:34:16,950 [grpc-default-executor-1] WARN  server.GrpcLogAppender (GrpcLogAppender.java:resetClient(111)) - 3c8f8348-5b45-4285-ac9e-7c9778a12270@group-347FF21BF0E9->f600cccb-c69c-4e5d-9bb2-bde895ce90eb-GrpcLogAppender: Leader has not got in touch with Follower 3c8f8348-5b45-4285-ac9e-7c9778a12270@group-347FF21BF0E9->f600cccb-c69c-4e5d-9bb2-bde895ce90eb(c0,m0,n1, attendVote=true, lastRpcSendTime=1514, lastRpcResponseTime=1513) yet, just keep nextIndex unchanged and retry.
2022-06-08 19:34:16,950 [grpc-default-executor-0] WARN  server.GrpcServerProtocolService (LogUtils.java:warn(122)) - f600cccb-c69c-4e5d-9bb2-bde895ce90eb: installSnapshot onError, lastRequest: 3c8f8348-5b45-4285-ac9e-7c9778a12270->f600cccb-c69c-4e5d-9bb2-bde895ce90eb#1-t2,previous=(t:0, i:0),leaderCommit=0,initializing? true,entries: size=1, first=(t:2, i:0), CONFIGURATIONENTRY: org.apache.ratis.thirdparty.io.grpc.StatusRuntimeException: CANCELLED: client cancelled
2022-06-08 19:34:16,990 [Listener at 127.0.0.1/45261] INFO  server.GrpcService (GrpcService.java:closeImpl(278)) - f600cccb-c69c-4e5d-9bb2-bde895ce90eb: shutdown server with port 46271 successfully
2022-06-08 19:34:16,990 [org.apache.ratis.util.JvmPauseMonitor$$Lambda$519/1621292246@44d1e106] INFO  util.JvmPauseMonitor (JvmPauseMonitor.java:run(109)) - JvmPauseMonitor-f600cccb-c69c-4e5d-9bb2-bde895ce90eb: Stopped
2022-06-08 19:34:17,379 [EndpointStateMachine task thread for /127.0.0.1:35577 - 0 ] INFO  ipc.Client (Client.java:handleConnectionFailure(977)) - Retrying connect to server: localhost/127.0.0.1:35577. Already tried 4 time(s); retry policy is RetryUpToMaximumCountWithFixedSleep(maxRetries=15, sleepTime=1000 MILLISECONDS)
2022-06-08 19:34:17,380 [EndpointStateMachine task thread for /127.0.0.1:40207 - 0 ] INFO  ipc.Client (Client.java:handleConnectionFailure(977)) - Retrying connect to server: localhost/127.0.0.1:40207. Already tried 4 time(s); retry policy is RetryUpToMaximumCountWithFixedSleep(maxRetries=15, sleepTime=1000 MILLISECONDS)
2022-06-08 19:34:17,381 [EndpointStateMachine task thread for /127.0.0.1:42779 - 0 ] INFO  ipc.Client (Client.java:handleConnectionFailure(977)) - Retrying connect to server: localhost/127.0.0.1:42779. Already tried 4 time(s); retry policy is RetryUpToMaximumCountWithFixedSleep(maxRetries=15, sleepTime=1000 MILLISECONDS)
2022-06-08 19:34:17,947 [grpc-default-executor-3] WARN  server.GrpcLogAppender (LogUtils.java:warn(122)) - 3c8f8348-5b45-4285-ac9e-7c9778a12270@group-347FF21BF0E9->b2f71e74-b885-4a74-acef-2f4d6b72015d-AppendLogResponseHandler: Failed appendEntries: org.apache.ratis.thirdparty.io.grpc.StatusRuntimeException: UNAVAILABLE: io exception
2022-06-08 19:34:17,948 [grpc-default-executor-3] WARN  server.GrpcLogAppender (GrpcLogAppender.java:resetClient(111)) - 3c8f8348-5b45-4285-ac9e-7c9778a12270@group-347FF21BF0E9->b2f71e74-b885-4a74-acef-2f4d6b72015d-GrpcLogAppender: Leader has not got in touch with Follower 3c8f8348-5b45-4285-ac9e-7c9778a12270@group-347FF21BF0E9->b2f71e74-b885-4a74-acef-2f4d6b72015d(c0,m0,n1, attendVote=true, lastRpcSendTime=4, lastRpcResponseTime=2505) yet, just keep nextIndex unchanged and retry.
2022-06-08 19:34:17,949 [grpc-default-executor-3] WARN  server.GrpcLogAppender (LogUtils.java:warn(122)) - 3c8f8348-5b45-4285-ac9e-7c9778a12270@group-347FF21BF0E9->f600cccb-c69c-4e5d-9bb2-bde895ce90eb-AppendLogResponseHandler: Failed appendEntries: org.apache.ratis.thirdparty.io.grpc.StatusRuntimeException: UNAVAILABLE: io exception
2022-06-08 19:34:17,949 [grpc-default-executor-3] WARN  server.GrpcLogAppender (GrpcLogAppender.java:resetClient(111)) - 3c8f8348-5b45-4285-ac9e-7c9778a12270@group-347FF21BF0E9->f600cccb-c69c-4e5d-9bb2-bde895ce90eb-GrpcLogAppender: Leader has not got in touch with Follower 3c8f8348-5b45-4285-ac9e-7c9778a12270@group-347FF21BF0E9->f600cccb-c69c-4e5d-9bb2-bde895ce90eb(c0,m0,n1, attendVote=true, lastRpcSendTime=2513, lastRpcResponseTime=2511) yet, just keep nextIndex unchanged and retry.
2022-06-08 19:34:18,380 [EndpointStateMachine task thread for /127.0.0.1:35577 - 0 ] INFO  ipc.Client (Client.java:handleConnectionFailure(977)) - Retrying connect to server: localhost/127.0.0.1:35577. Already tried 5 time(s); retry policy is RetryUpToMaximumCountWithFixedSleep(maxRetries=15, sleepTime=1000 MILLISECONDS)
2022-06-08 19:34:18,381 [EndpointStateMachine task thread for /127.0.0.1:40207 - 0 ] INFO  ipc.Client (Client.java:handleConnectionFailure(977)) - Retrying connect to server: localhost/127.0.0.1:40207. Already tried 5 time(s); retry policy is RetryUpToMaximumCountWithFixedSleep(maxRetries=15, sleepTime=1000 MILLISECONDS)
2022-06-08 19:34:18,381 [EndpointStateMachine task thread for /127.0.0.1:42779 - 0 ] INFO  ipc.Client (Client.java:handleConnectionFailure(977)) - Retrying connect to server: localhost/127.0.0.1:42779. Already tried 5 time(s); retry policy is RetryUpToMaximumCountWithFixedSleep(maxRetries=15, sleepTime=1000 MILLISECONDS)
2022-06-08 19:34:19,010 [ForkJoinPool.commonPool-worker-1] INFO  utils.BackgroundService (BackgroundService.java:shutdown(132)) - Shutting down service BlockDeletingService
2022-06-08 19:34:19,022 [Listener at 127.0.0.1/45261] INFO  utils.BackgroundService (BackgroundService.java:shutdown(132)) - Shutting down service BlockDeletingService
2022-06-08 19:34:19,203 [grpc-default-executor-3] WARN  server.GrpcLogAppender (LogUtils.java:warn(122)) - 3c8f8348-5b45-4285-ac9e-7c9778a12270@group-347FF21BF0E9->f600cccb-c69c-4e5d-9bb2-bde895ce90eb-AppendLogResponseHandler: Failed appendEntries: org.apache.ratis.thirdparty.io.grpc.StatusRuntimeException: UNAVAILABLE: io exception
2022-06-08 19:34:19,207 [grpc-default-executor-3] WARN  server.GrpcLogAppender (GrpcLogAppender.java:resetClient(111)) - 3c8f8348-5b45-4285-ac9e-7c9778a12270@group-347FF21BF0E9->f600cccb-c69c-4e5d-9bb2-bde895ce90eb-GrpcLogAppender: Leader has not got in touch with Follower 3c8f8348-5b45-4285-ac9e-7c9778a12270@group-347FF21BF0E9->f600cccb-c69c-4e5d-9bb2-bde895ce90eb(c0,m0,n1, attendVote=true, lastRpcSendTime=1257, lastRpcResponseTime=3769) yet, just keep nextIndex unchanged and retry.
2022-06-08 19:34:19,211 [grpc-default-executor-3] WARN  server.GrpcLogAppender (LogUtils.java:warn(122)) - 3c8f8348-5b45-4285-ac9e-7c9778a12270@group-347FF21BF0E9->b2f71e74-b885-4a74-acef-2f4d6b72015d-AppendLogResponseHandler: Failed appendEntries: org.apache.ratis.thirdparty.io.grpc.StatusRuntimeException: UNAVAILABLE: io exception
2022-06-08 19:34:19,212 [grpc-default-executor-3] WARN  server.GrpcLogAppender (GrpcLogAppender.java:resetClient(111)) - 3c8f8348-5b45-4285-ac9e-7c9778a12270@group-347FF21BF0E9->b2f71e74-b885-4a74-acef-2f4d6b72015d-GrpcLogAppender: Leader has not got in touch with Follower 3c8f8348-5b45-4285-ac9e-7c9778a12270@group-347FF21BF0E9->b2f71e74-b885-4a74-acef-2f4d6b72015d(c0,m0,n1, attendVote=true, lastRpcSendTime=0, lastRpcResponseTime=3769) yet, just keep nextIndex unchanged and retry.
2022-06-08 19:34:19,380 [EndpointStateMachine task thread for /127.0.0.1:35577 - 0 ] INFO  ipc.Client (Client.java:handleConnectionFailure(977)) - Retrying connect to server: localhost/127.0.0.1:35577. Already tried 6 time(s); retry policy is RetryUpToMaximumCountWithFixedSleep(maxRetries=15, sleepTime=1000 MILLISECONDS)
2022-06-08 19:34:19,381 [EndpointStateMachine task thread for /127.0.0.1:40207 - 0 ] INFO  ipc.Client (Client.java:handleConnectionFailure(977)) - Retrying connect to server: localhost/127.0.0.1:40207. Already tried 6 time(s); retry policy is RetryUpToMaximumCountWithFixedSleep(maxRetries=15, sleepTime=1000 MILLISECONDS)
2022-06-08 19:34:19,382 [EndpointStateMachine task thread for /127.0.0.1:42779 - 0 ] INFO  ipc.Client (Client.java:handleConnectionFailure(977)) - Retrying connect to server: localhost/127.0.0.1:42779. Already tried 6 time(s); retry policy is RetryUpToMaximumCountWithFixedSleep(maxRetries=15, sleepTime=1000 MILLISECONDS)
2022-06-08 19:34:20,302 [3c8f8348-5b45-4285-ac9e-7c9778a12270@group-1BC579A085D0-FollowerState] INFO  impl.FollowerState (FollowerState.java:run(143)) - 3c8f8348-5b45-4285-ac9e-7c9778a12270@group-1BC579A085D0-FollowerState: change to CANDIDATE, lastRpcElapsedTime:5113858587ns, electionTimeout:5113ms
2022-06-08 19:34:20,302 [3c8f8348-5b45-4285-ac9e-7c9778a12270@group-1BC579A085D0-FollowerState] INFO  impl.RoleInfo (RoleInfo.java:shutdownFollowerState(110)) - 3c8f8348-5b45-4285-ac9e-7c9778a12270: shutdown 3c8f8348-5b45-4285-ac9e-7c9778a12270@group-1BC579A085D0-FollowerState
2022-06-08 19:34:20,302 [3c8f8348-5b45-4285-ac9e-7c9778a12270@group-1BC579A085D0-FollowerState] INFO  server.RaftServer$Division (RaftServerImpl.java:setRole(299)) - 3c8f8348-5b45-4285-ac9e-7c9778a12270@group-1BC579A085D0: changes role from  FOLLOWER to CANDIDATE at term 2 for changeToCandidate
2022-06-08 19:34:20,302 [3c8f8348-5b45-4285-ac9e-7c9778a12270@group-1BC579A085D0-FollowerState] INFO  server.RaftServerConfigKeys (ConfUtils.java:logGet(46)) - raft.server.leaderelection.pre-vote = false (custom)
2022-06-08 19:34:20,302 [3c8f8348-5b45-4285-ac9e-7c9778a12270@group-1BC579A085D0-FollowerState] INFO  impl.RoleInfo (RoleInfo.java:updateAndGet(139)) - 3c8f8348-5b45-4285-ac9e-7c9778a12270: start 3c8f8348-5b45-4285-ac9e-7c9778a12270@group-1BC579A085D0-LeaderElection14
2022-06-08 19:34:20,319 [3c8f8348-5b45-4285-ac9e-7c9778a12270@group-1BC579A085D0-LeaderElection14] INFO  server.RaftServer$Division (ServerState.java:setLeader(287)) - 3c8f8348-5b45-4285-ac9e-7c9778a12270@group-1BC579A085D0: change Leader from f600cccb-c69c-4e5d-9bb2-bde895ce90eb to null at term 2 for ELECTION
2022-06-08 19:34:20,329 [3c8f8348-5b45-4285-ac9e-7c9778a12270@group-1BC579A085D0-LeaderElection14] INFO  impl.LeaderElection (LeaderElection.java:askForVotes(310)) - 3c8f8348-5b45-4285-ac9e-7c9778a12270@group-1BC579A085D0-LeaderElection14 ELECTION round 0: submit vote requests at term 3 for 0: [f600cccb-c69c-4e5d-9bb2-bde895ce90eb|rpc:127.0.0.1:46271|dataStream:|priority:1, b2f71e74-b885-4a74-acef-2f4d6b72015d|rpc:127.0.0.1:43737|dataStream:|priority:0, 3c8f8348-5b45-4285-ac9e-7c9778a12270|rpc:127.0.0.1:44683|dataStream:|priority:0], old=null
2022-06-08 19:34:20,348 [3c8f8348-5b45-4285-ac9e-7c9778a12270@group-1BC579A085D0-LeaderElection14] INFO  impl.LeaderElection (LogUtils.java:infoOrTrace(137)) - 3c8f8348-5b45-4285-ac9e-7c9778a12270@group-1BC579A085D0-LeaderElection14 got exception when requesting votes: java.util.concurrent.ExecutionException: org.apache.ratis.thirdparty.io.grpc.StatusRuntimeException: UNAVAILABLE: io exception
2022-06-08 19:34:20,348 [3c8f8348-5b45-4285-ac9e-7c9778a12270@group-1BC579A085D0-LeaderElection14] INFO  impl.LeaderElection (LogUtils.java:infoOrTrace(137)) - 3c8f8348-5b45-4285-ac9e-7c9778a12270@group-1BC579A085D0-LeaderElection14 got exception when requesting votes: java.util.concurrent.ExecutionException: org.apache.ratis.thirdparty.io.grpc.StatusRuntimeException: UNAVAILABLE: io exception
2022-06-08 19:34:20,349 [3c8f8348-5b45-4285-ac9e-7c9778a12270@group-1BC579A085D0-LeaderElection14] INFO  impl.LeaderElection (LeaderElection.java:logAndReturn(90)) - 3c8f8348-5b45-4285-ac9e-7c9778a12270@group-1BC579A085D0-LeaderElection14: ELECTION REJECTED received 0 response(s) and 2 exception(s):
2022-06-08 19:34:20,349 [3c8f8348-5b45-4285-ac9e-7c9778a12270@group-1BC579A085D0-LeaderElection14] INFO  impl.LeaderElection (LogUtils.java:infoOrTrace(137)) -   Exception 0: java.util.concurrent.ExecutionException: org.apache.ratis.thirdparty.io.grpc.StatusRuntimeException: UNAVAILABLE: io exception
2022-06-08 19:34:20,349 [3c8f8348-5b45-4285-ac9e-7c9778a12270@group-1BC579A085D0-LeaderElection14] INFO  impl.LeaderElection (LogUtils.java:infoOrTrace(137)) -   Exception 1: java.util.concurrent.ExecutionException: org.apache.ratis.thirdparty.io.grpc.StatusRuntimeException: UNAVAILABLE: io exception
2022-06-08 19:34:20,349 [3c8f8348-5b45-4285-ac9e-7c9778a12270@group-1BC579A085D0-LeaderElection14] INFO  impl.LeaderElection (LeaderElection.java:askForVotes(312)) - 3c8f8348-5b45-4285-ac9e-7c9778a12270@group-1BC579A085D0-LeaderElection14 ELECTION round 0: result REJECTED
2022-06-08 19:34:20,349 [3c8f8348-5b45-4285-ac9e-7c9778a12270@group-1BC579A085D0-LeaderElection14] INFO  server.RaftServer$Division (RaftServerImpl.java:setRole(299)) - 3c8f8348-5b45-4285-ac9e-7c9778a12270@group-1BC579A085D0: changes role from CANDIDATE to FOLLOWER at term 3 for REJECTED
2022-06-08 19:34:20,349 [3c8f8348-5b45-4285-ac9e-7c9778a12270@group-1BC579A085D0-LeaderElection14] INFO  impl.RoleInfo (RoleInfo.java:shutdownLeaderElection(130)) - 3c8f8348-5b45-4285-ac9e-7c9778a12270: shutdown 3c8f8348-5b45-4285-ac9e-7c9778a12270@group-1BC579A085D0-LeaderElection14
2022-06-08 19:34:20,349 [3c8f8348-5b45-4285-ac9e-7c9778a12270@group-1BC579A085D0-LeaderElection14] INFO  impl.RoleInfo (RoleInfo.java:updateAndGet(139)) - 3c8f8348-5b45-4285-ac9e-7c9778a12270: start 3c8f8348-5b45-4285-ac9e-7c9778a12270@group-1BC579A085D0-FollowerState
2022-06-08 19:34:20,381 [EndpointStateMachine task thread for /127.0.0.1:35577 - 0 ] INFO  ipc.Client (Client.java:handleConnectionFailure(977)) - Retrying connect to server: localhost/127.0.0.1:35577. Already tried 7 time(s); retry policy is RetryUpToMaximumCountWithFixedSleep(maxRetries=15, sleepTime=1000 MILLISECONDS)
2022-06-08 19:34:20,382 [EndpointStateMachine task thread for /127.0.0.1:40207 - 0 ] INFO  ipc.Client (Client.java:handleConnectionFailure(977)) - Retrying connect to server: localhost/127.0.0.1:40207. Already tried 7 time(s); retry policy is RetryUpToMaximumCountWithFixedSleep(maxRetries=15, sleepTime=1000 MILLISECONDS)
2022-06-08 19:34:20,382 [EndpointStateMachine task thread for /127.0.0.1:42779 - 0 ] INFO  ipc.Client (Client.java:handleConnectionFailure(977)) - Retrying connect to server: localhost/127.0.0.1:42779. Already tried 7 time(s); retry policy is RetryUpToMaximumCountWithFixedSleep(maxRetries=15, sleepTime=1000 MILLISECONDS)
2022-06-08 19:34:20,463 [grpc-default-executor-0] WARN  server.GrpcLogAppender (LogUtils.java:warn(122)) - 3c8f8348-5b45-4285-ac9e-7c9778a12270@group-347FF21BF0E9->f600cccb-c69c-4e5d-9bb2-bde895ce90eb-AppendLogResponseHandler: Failed appendEntries: org.apache.ratis.thirdparty.io.grpc.StatusRuntimeException: UNAVAILABLE: io exception
2022-06-08 19:34:20,463 [grpc-default-executor-0] WARN  server.GrpcLogAppender (GrpcLogAppender.java:resetClient(111)) - 3c8f8348-5b45-4285-ac9e-7c9778a12270@group-347FF21BF0E9->f600cccb-c69c-4e5d-9bb2-bde895ce90eb-GrpcLogAppender: Leader has not got in touch with Follower 3c8f8348-5b45-4285-ac9e-7c9778a12270@group-347FF21BF0E9->f600cccb-c69c-4e5d-9bb2-bde895ce90eb(c0,m0,n1, attendVote=true, lastRpcSendTime=0, lastRpcResponseTime=5025) yet, just keep nextIndex unchanged and retry.
2022-06-08 19:34:20,466 [grpc-default-executor-3] WARN  server.GrpcLogAppender (LogUtils.java:warn(122)) - 3c8f8348-5b45-4285-ac9e-7c9778a12270@group-347FF21BF0E9->b2f71e74-b885-4a74-acef-2f4d6b72015d-AppendLogResponseHandler: Failed appendEntries: org.apache.ratis.thirdparty.io.grpc.StatusRuntimeException: UNAVAILABLE: io exception
2022-06-08 19:34:20,467 [grpc-default-executor-3] WARN  server.GrpcLogAppender (GrpcLogAppender.java:resetClient(111)) - 3c8f8348-5b45-4285-ac9e-7c9778a12270@group-347FF21BF0E9->b2f71e74-b885-4a74-acef-2f4d6b72015d-GrpcLogAppender: Leader has not got in touch with Follower 3c8f8348-5b45-4285-ac9e-7c9778a12270@group-347FF21BF0E9->b2f71e74-b885-4a74-acef-2f4d6b72015d(c0,m0,n1, attendVote=true, lastRpcSendTime=1255, lastRpcResponseTime=5024) yet, just keep nextIndex unchanged and retry.
2022-06-08 19:34:20,797 [3c8f8348-5b45-4285-ac9e-7c9778a12270@group-347FF21BF0E9-LeaderStateImpl] WARN  server.RaftServer$Division (LeaderStateImpl.java:checkLeadership(1018)) - 3c8f8348-5b45-4285-ac9e-7c9778a12270@group-347FF21BF0E9-LeaderStateImpl: Lost leadership on term: 2. Election timeout: 5200ms. In charge for: 10424ms. Conf: 0: [f600cccb-c69c-4e5d-9bb2-bde895ce90eb|rpc:127.0.0.1:46271|dataStream:|priority:0, b2f71e74-b885-4a74-acef-2f4d6b72015d|rpc:127.0.0.1:43737|dataStream:|priority:0, 3c8f8348-5b45-4285-ac9e-7c9778a12270|rpc:127.0.0.1:44683|dataStream:|priority:1], old=null
2022-06-08 19:34:20,798 [3c8f8348-5b45-4285-ac9e-7c9778a12270@group-347FF21BF0E9-LeaderStateImpl] WARN  server.RaftServer$Division (LeaderStateImpl.java:lambda$checkLeadership$17(1022)) - Follower 3c8f8348-5b45-4285-ac9e-7c9778a12270@group-347FF21BF0E9->f600cccb-c69c-4e5d-9bb2-bde895ce90eb(c0,m0,n1, attendVote=true, lastRpcSendTime=335, lastRpcResponseTime=5360)
2022-06-08 19:34:20,798 [3c8f8348-5b45-4285-ac9e-7c9778a12270@group-347FF21BF0E9-LeaderStateImpl] WARN  server.RaftServer$Division (LeaderStateImpl.java:lambda$checkLeadership$17(1022)) - Follower 3c8f8348-5b45-4285-ac9e-7c9778a12270@group-347FF21BF0E9->b2f71e74-b885-4a74-acef-2f4d6b72015d(c0,m0,n1, attendVote=true, lastRpcSendTime=330, lastRpcResponseTime=5356)
2022-06-08 19:34:20,799 [3c8f8348-5b45-4285-ac9e-7c9778a12270@group-347FF21BF0E9-LeaderStateImpl] INFO  server.RaftServer$Division (RaftServerImpl.java:setRole(299)) - 3c8f8348-5b45-4285-ac9e-7c9778a12270@group-347FF21BF0E9: changes role from    LEADER to FOLLOWER at term 2 for StepDownReason:LOST_MAJORITY_HEARTBEATS
2022-06-08 19:34:20,799 [3c8f8348-5b45-4285-ac9e-7c9778a12270@group-347FF21BF0E9-LeaderStateImpl] INFO  impl.RoleInfo (RoleInfo.java:shutdownLeaderState(93)) - 3c8f8348-5b45-4285-ac9e-7c9778a12270: shutdown 3c8f8348-5b45-4285-ac9e-7c9778a12270@group-347FF21BF0E9-LeaderStateImpl
2022-06-08 19:34:20,799 [3c8f8348-5b45-4285-ac9e-7c9778a12270@group-347FF21BF0E9-LeaderStateImpl] INFO  impl.PendingRequests (PendingRequests.java:sendNotLeaderResponses(282)) - 3c8f8348-5b45-4285-ac9e-7c9778a12270@group-347FF21BF0E9-PendingRequests: sendNotLeaderResponses
2022-06-08 19:34:20,799 [3c8f8348-5b45-4285-ac9e-7c9778a12270@group-347FF21BF0E9-LeaderStateImpl] INFO  impl.RoleInfo (RoleInfo.java:updateAndGet(139)) - 3c8f8348-5b45-4285-ac9e-7c9778a12270: start 3c8f8348-5b45-4285-ac9e-7c9778a12270@group-347FF21BF0E9-FollowerState
2022-06-08 19:34:21,381 [EndpointStateMachine task thread for /127.0.0.1:35577 - 0 ] INFO  ipc.Client (Client.java:handleConnectionFailure(977)) - Retrying connect to server: localhost/127.0.0.1:35577. Already tried 8 time(s); retry policy is RetryUpToMaximumCountWithFixedSleep(maxRetries=15, sleepTime=1000 MILLISECONDS)
2022-06-08 19:34:21,382 [EndpointStateMachine task thread for /127.0.0.1:40207 - 0 ] INFO  ipc.Client (Client.java:handleConnectionFailure(977)) - Retrying connect to server: localhost/127.0.0.1:40207. Already tried 8 time(s); retry policy is RetryUpToMaximumCountWithFixedSleep(maxRetries=15, sleepTime=1000 MILLISECONDS)
2022-06-08 19:34:21,382 [EndpointStateMachine task thread for /127.0.0.1:42779 - 0 ] INFO  ipc.Client (Client.java:handleConnectionFailure(977)) - Retrying connect to server: localhost/127.0.0.1:42779. Already tried 8 time(s); retry policy is RetryUpToMaximumCountWithFixedSleep(maxRetries=15, sleepTime=1000 MILLISECONDS)
2022-06-08 19:34:22,026 [Listener at 127.0.0.1/45261] INFO  statemachine.DatanodeStateMachine (DatanodeStateMachine.java:stopDaemon(572)) - Ozone container server stopped.
2022-06-08 19:34:22,037 [Listener at 127.0.0.1/45261] INFO  handler.ContextHandler (ContextHandler.java:doStop(1153)) - Stopped o.e.j.w.WebAppContext@23572a28{hddsDatanode,/,null,STOPPED}{jar:file:/home/runner/.m2/repository/org/apache/ozone/hdds-container-service/1.3.0-SNAPSHOT/hdds-container-service-1.3.0-SNAPSHOT.jar!/webapps/hddsDatanode}
2022-06-08 19:34:22,039 [Listener at 127.0.0.1/45261] INFO  server.AbstractConnector (AbstractConnector.java:doStop(381)) - Stopped ServerConnector@5aaa3ab2{HTTP/1.1, (http/1.1)}{0.0.0.0:0}
2022-06-08 19:34:22,039 [Listener at 127.0.0.1/45261] INFO  server.session (HouseKeeper.java:stopScavenging(149)) - node0 Stopped scavenging
2022-06-08 19:34:22,039 [Listener at 127.0.0.1/45261] INFO  handler.ContextHandler (ContextHandler.java:doStop(1153)) - Stopped o.e.j.s.ServletContextHandler@5c8bee6b{static,/static,jar:file:/home/runner/.m2/repository/org/apache/ozone/hdds-container-service/1.3.0-SNAPSHOT/hdds-container-service-1.3.0-SNAPSHOT.jar!/webapps/static,STOPPED}
2022-06-08 19:34:22,039 [Listener at 127.0.0.1/45261] INFO  handler.ContextHandler (ContextHandler.java:doStop(1153)) - Stopped o.e.j.s.ServletContextHandler@6a234d99{logs,/logs,file:///home/runner/work/ozone/ozone/hadoop-ozone/integration-test/target/log,STOPPED}
2022-06-08 19:34:22,046 [ForkJoinPool.commonPool-worker-1] INFO  statemachine.DatanodeStateMachine (DatanodeStateMachine.java:stopDaemon(572)) - Ozone container server stopped.
2022-06-08 19:34:22,059 [ForkJoinPool.commonPool-worker-1] INFO  handler.ContextHandler (ContextHandler.java:doStop(1153)) - Stopped o.e.j.w.WebAppContext@3c494982{hddsDatanode,/,null,STOPPED}{jar:file:/home/runner/.m2/repository/org/apache/ozone/hdds-container-service/1.3.0-SNAPSHOT/hdds-container-service-1.3.0-SNAPSHOT.jar!/webapps/hddsDatanode}
2022-06-08 19:34:22,060 [ForkJoinPool.commonPool-worker-1] INFO  server.AbstractConnector (AbstractConnector.java:doStop(381)) - Stopped ServerConnector@1ee0c1f6{HTTP/1.1, (http/1.1)}{0.0.0.0:0}
2022-06-08 19:34:22,060 [ForkJoinPool.commonPool-worker-1] INFO  server.session (HouseKeeper.java:stopScavenging(149)) - node0 Stopped scavenging
2022-06-08 19:34:22,060 [ForkJoinPool.commonPool-worker-1] INFO  handler.ContextHandler (ContextHandler.java:doStop(1153)) - Stopped o.e.j.s.ServletContextHandler@38116b6f{static,/static,jar:file:/home/runner/.m2/repository/org/apache/ozone/hdds-container-service/1.3.0-SNAPSHOT/hdds-container-service-1.3.0-SNAPSHOT.jar!/webapps/static,STOPPED}
2022-06-08 19:34:22,062 [ForkJoinPool.commonPool-worker-1] INFO  handler.ContextHandler (ContextHandler.java:doStop(1153)) - Stopped o.e.j.s.ServletContextHandler@286d3eaf{logs,/logs,file:///home/runner/work/ozone/ozone/hadoop-ozone/integration-test/target/log,STOPPED}
2022-06-08 19:34:22,380 [Datanode State Machine Daemon Thread] WARN  statemachine.StateContext (StateContext.java:setState(252)) - Ignore disallowed transition from SHUTDOWN to RUNNING
2022-06-08 19:34:22,382 [EndpointStateMachine task thread for /127.0.0.1:35577 - 0 ] INFO  ipc.Client (Client.java:handleConnectionFailure(977)) - Retrying connect to server: localhost/127.0.0.1:35577. Already tried 9 time(s); retry policy is RetryUpToMaximumCountWithFixedSleep(maxRetries=15, sleepTime=1000 MILLISECONDS)
2022-06-08 19:34:22,382 [EndpointStateMachine task thread for /127.0.0.1:40207 - 0 ] INFO  ipc.Client (Client.java:handleConnectionFailure(977)) - Retrying connect to server: localhost/127.0.0.1:40207. Already tried 9 time(s); retry policy is RetryUpToMaximumCountWithFixedSleep(maxRetries=15, sleepTime=1000 MILLISECONDS)
2022-06-08 19:34:22,383 [EndpointStateMachine task thread for /127.0.0.1:42779 - 0 ] INFO  ipc.Client (Client.java:handleConnectionFailure(977)) - Retrying connect to server: localhost/127.0.0.1:42779. Already tried 9 time(s); retry policy is RetryUpToMaximumCountWithFixedSleep(maxRetries=15, sleepTime=1000 MILLISECONDS)
2022-06-08 19:34:23,382 [EndpointStateMachine task thread for /127.0.0.1:35577 - 0 ] INFO  ipc.Client (Client.java:handleConnectionFailure(977)) - Retrying connect to server: localhost/127.0.0.1:35577. Already tried 10 time(s); retry policy is RetryUpToMaximumCountWithFixedSleep(maxRetries=15, sleepTime=1000 MILLISECONDS)
2022-06-08 19:34:23,383 [EndpointStateMachine task thread for /127.0.0.1:40207 - 0 ] INFO  ipc.Client (Client.java:handleConnectionFailure(977)) - Retrying connect to server: localhost/127.0.0.1:40207. Already tried 10 time(s); retry policy is RetryUpToMaximumCountWithFixedSleep(maxRetries=15, sleepTime=1000 MILLISECONDS)
2022-06-08 19:34:23,383 [EndpointStateMachine task thread for /127.0.0.1:42779 - 0 ] INFO  ipc.Client (Client.java:handleConnectionFailure(977)) - Retrying connect to server: localhost/127.0.0.1:42779. Already tried 10 time(s); retry policy is RetryUpToMaximumCountWithFixedSleep(maxRetries=15, sleepTime=1000 MILLISECONDS)
2022-06-08 19:34:24,383 [EndpointStateMachine task thread for /127.0.0.1:35577 - 0 ] INFO  ipc.Client (Client.java:handleConnectionFailure(977)) - Retrying connect to server: localhost/127.0.0.1:35577. Already tried 11 time(s); retry policy is RetryUpToMaximumCountWithFixedSleep(maxRetries=15, sleepTime=1000 MILLISECONDS)
2022-06-08 19:34:24,383 [EndpointStateMachine task thread for /127.0.0.1:40207 - 0 ] INFO  ipc.Client (Client.java:handleConnectionFailure(977)) - Retrying connect to server: localhost/127.0.0.1:40207. Already tried 11 time(s); retry policy is RetryUpToMaximumCountWithFixedSleep(maxRetries=15, sleepTime=1000 MILLISECONDS)
2022-06-08 19:34:24,384 [EndpointStateMachine task thread for /127.0.0.1:42779 - 0 ] INFO  ipc.Client (Client.java:handleConnectionFailure(977)) - Retrying connect to server: localhost/127.0.0.1:42779. Already tried 11 time(s); retry policy is RetryUpToMaximumCountWithFixedSleep(maxRetries=15, sleepTime=1000 MILLISECONDS)
2022-06-08 19:34:25,386 [EndpointStateMachine task thread for /127.0.0.1:35577 - 0 ] INFO  ipc.Client (Client.java:handleConnectionFailure(977)) - Retrying connect to server: localhost/127.0.0.1:35577. Already tried 12 time(s); retry policy is RetryUpToMaximumCountWithFixedSleep(maxRetries=15, sleepTime=1000 MILLISECONDS)
2022-06-08 19:34:25,386 [EndpointStateMachine task thread for /127.0.0.1:40207 - 0 ] INFO  ipc.Client (Client.java:handleConnectionFailure(977)) - Retrying connect to server: localhost/127.0.0.1:40207. Already tried 12 time(s); retry policy is RetryUpToMaximumCountWithFixedSleep(maxRetries=15, sleepTime=1000 MILLISECONDS)
2022-06-08 19:34:25,386 [EndpointStateMachine task thread for /127.0.0.1:42779 - 0 ] INFO  ipc.Client (Client.java:handleConnectionFailure(977)) - Retrying connect to server: localhost/127.0.0.1:42779. Already tried 12 time(s); retry policy is RetryUpToMaximumCountWithFixedSleep(maxRetries=15, sleepTime=1000 MILLISECONDS)
2022-06-08 19:34:25,482 [3c8f8348-5b45-4285-ac9e-7c9778a12270@group-1BC579A085D0-FollowerState] INFO  impl.FollowerState (FollowerState.java:run(143)) - 3c8f8348-5b45-4285-ac9e-7c9778a12270@group-1BC579A085D0-FollowerState: change to CANDIDATE, lastRpcElapsedTime:5133579193ns, electionTimeout:5116ms
2022-06-08 19:34:25,483 [3c8f8348-5b45-4285-ac9e-7c9778a12270@group-1BC579A085D0-FollowerState] INFO  impl.RoleInfo (RoleInfo.java:shutdownFollowerState(110)) - 3c8f8348-5b45-4285-ac9e-7c9778a12270: shutdown 3c8f8348-5b45-4285-ac9e-7c9778a12270@group-1BC579A085D0-FollowerState
2022-06-08 19:34:25,483 [3c8f8348-5b45-4285-ac9e-7c9778a12270@group-1BC579A085D0-FollowerState] INFO  server.RaftServer$Division (RaftServerImpl.java:setRole(299)) - 3c8f8348-5b45-4285-ac9e-7c9778a12270@group-1BC579A085D0: changes role from  FOLLOWER to CANDIDATE at term 3 for changeToCandidate
2022-06-08 19:34:25,483 [3c8f8348-5b45-4285-ac9e-7c9778a12270@group-1BC579A085D0-FollowerState] INFO  server.RaftServerConfigKeys (ConfUtils.java:logGet(46)) - raft.server.leaderelection.pre-vote = false (custom)
2022-06-08 19:34:25,483 [3c8f8348-5b45-4285-ac9e-7c9778a12270@group-1BC579A085D0-FollowerState] INFO  impl.RoleInfo (RoleInfo.java:updateAndGet(139)) - 3c8f8348-5b45-4285-ac9e-7c9778a12270: start 3c8f8348-5b45-4285-ac9e-7c9778a12270@group-1BC579A085D0-LeaderElection15
2022-06-08 19:34:25,502 [3c8f8348-5b45-4285-ac9e-7c9778a12270@group-1BC579A085D0-LeaderElection15] INFO  impl.LeaderElection (LeaderElection.java:askForVotes(310)) - 3c8f8348-5b45-4285-ac9e-7c9778a12270@group-1BC579A085D0-LeaderElection15 ELECTION round 0: submit vote requests at term 4 for 0: [f600cccb-c69c-4e5d-9bb2-bde895ce90eb|rpc:127.0.0.1:46271|dataStream:|priority:1, b2f71e74-b885-4a74-acef-2f4d6b72015d|rpc:127.0.0.1:43737|dataStream:|priority:0, 3c8f8348-5b45-4285-ac9e-7c9778a12270|rpc:127.0.0.1:44683|dataStream:|priority:0], old=null
2022-06-08 19:34:25,518 [3c8f8348-5b45-4285-ac9e-7c9778a12270@group-1BC579A085D0-LeaderElection15] INFO  impl.LeaderElection (LogUtils.java:infoOrTrace(137)) - 3c8f8348-5b45-4285-ac9e-7c9778a12270@group-1BC579A085D0-LeaderElection15 got exception when requesting votes: java.util.concurrent.ExecutionException: org.apache.ratis.thirdparty.io.grpc.StatusRuntimeException: UNAVAILABLE: io exception
2022-06-08 19:34:25,519 [3c8f8348-5b45-4285-ac9e-7c9778a12270@group-1BC579A085D0-LeaderElection15] INFO  impl.LeaderElection (LogUtils.java:infoOrTrace(137)) - 3c8f8348-5b45-4285-ac9e-7c9778a12270@group-1BC579A085D0-LeaderElection15 got exception when requesting votes: java.util.concurrent.ExecutionException: org.apache.ratis.thirdparty.io.grpc.StatusRuntimeException: UNAVAILABLE: io exception
2022-06-08 19:34:25,519 [3c8f8348-5b45-4285-ac9e-7c9778a12270@group-1BC579A085D0-LeaderElection15] INFO  impl.LeaderElection (LeaderElection.java:logAndReturn(90)) - 3c8f8348-5b45-4285-ac9e-7c9778a12270@group-1BC579A085D0-LeaderElection15: ELECTION REJECTED received 0 response(s) and 2 exception(s):
2022-06-08 19:34:25,519 [3c8f8348-5b45-4285-ac9e-7c9778a12270@group-1BC579A085D0-LeaderElection15] INFO  impl.LeaderElection (LogUtils.java:infoOrTrace(137)) -   Exception 0: java.util.concurrent.ExecutionException: org.apache.ratis.thirdparty.io.grpc.StatusRuntimeException: UNAVAILABLE: io exception
2022-06-08 19:34:25,519 [3c8f8348-5b45-4285-ac9e-7c9778a12270@group-1BC579A085D0-LeaderElection15] INFO  impl.LeaderElection (LogUtils.java:infoOrTrace(137)) -   Exception 1: java.util.concurrent.ExecutionException: org.apache.ratis.thirdparty.io.grpc.StatusRuntimeException: UNAVAILABLE: io exception
2022-06-08 19:34:25,519 [3c8f8348-5b45-4285-ac9e-7c9778a12270@group-1BC579A085D0-LeaderElection15] INFO  impl.LeaderElection (LeaderElection.java:askForVotes(312)) - 3c8f8348-5b45-4285-ac9e-7c9778a12270@group-1BC579A085D0-LeaderElection15 ELECTION round 0: result REJECTED
2022-06-08 19:34:25,519 [3c8f8348-5b45-4285-ac9e-7c9778a12270@group-1BC579A085D0-LeaderElection15] INFO  server.RaftServer$Division (RaftServerImpl.java:setRole(299)) - 3c8f8348-5b45-4285-ac9e-7c9778a12270@group-1BC579A085D0: changes role from CANDIDATE to FOLLOWER at term 4 for REJECTED
2022-06-08 19:34:25,519 [3c8f8348-5b45-4285-ac9e-7c9778a12270@group-1BC579A085D0-LeaderElection15] INFO  impl.RoleInfo (RoleInfo.java:shutdownLeaderElection(130)) - 3c8f8348-5b45-4285-ac9e-7c9778a12270: shutdown 3c8f8348-5b45-4285-ac9e-7c9778a12270@group-1BC579A085D0-LeaderElection15
2022-06-08 19:34:25,519 [3c8f8348-5b45-4285-ac9e-7c9778a12270@group-1BC579A085D0-LeaderElection15] INFO  impl.RoleInfo (RoleInfo.java:updateAndGet(139)) - 3c8f8348-5b45-4285-ac9e-7c9778a12270: start 3c8f8348-5b45-4285-ac9e-7c9778a12270@group-1BC579A085D0-FollowerState
2022-06-08 19:34:25,846 [3c8f8348-5b45-4285-ac9e-7c9778a12270@group-347FF21BF0E9-FollowerState] INFO  impl.FollowerState (FollowerState.java:lostMajorityHeartbeatsRecently(108)) - 3c8f8348-5b45-4285-ac9e-7c9778a12270@group-347FF21BF0E9-FollowerState: Skipping leader election since it stepped down recently (elapsed = 5046ms < waitTime = 10s)
2022-06-08 19:34:26,387 [EndpointStateMachine task thread for /127.0.0.1:35577 - 0 ] INFO  ipc.Client (Client.java:handleConnectionFailure(977)) - Retrying connect to server: localhost/127.0.0.1:35577. Already tried 13 time(s); retry policy is RetryUpToMaximumCountWithFixedSleep(maxRetries=15, sleepTime=1000 MILLISECONDS)
2022-06-08 19:34:26,387 [EndpointStateMachine task thread for /127.0.0.1:40207 - 0 ] INFO  ipc.Client (Client.java:handleConnectionFailure(977)) - Retrying connect to server: localhost/127.0.0.1:40207. Already tried 13 time(s); retry policy is RetryUpToMaximumCountWithFixedSleep(maxRetries=15, sleepTime=1000 MILLISECONDS)
2022-06-08 19:34:26,387 [EndpointStateMachine task thread for /127.0.0.1:42779 - 0 ] INFO  ipc.Client (Client.java:handleConnectionFailure(977)) - Retrying connect to server: localhost/127.0.0.1:42779. Already tried 13 time(s); retry policy is RetryUpToMaximumCountWithFixedSleep(maxRetries=15, sleepTime=1000 MILLISECONDS)
2022-06-08 19:34:27,060 [Listener at 127.0.0.1/45261] INFO  ozoneimpl.OzoneContainer (OzoneContainer.java:stop(365)) - Attempting to stop container services.
2022-06-08 19:34:27,061 [Listener at 127.0.0.1/45261] INFO  server.RaftServer (RaftServerProxy.java:lambda$close$7(398)) - 3c8f8348-5b45-4285-ac9e-7c9778a12270: close
2022-06-08 19:34:27,070 [Listener at 127.0.0.1/45261] INFO  server.RaftServer$Division (RaftServerImpl.java:lambda$close$4(434)) - 3c8f8348-5b45-4285-ac9e-7c9778a12270@group-2055C2A38956: shutdown
2022-06-08 19:34:27,071 [Listener at 127.0.0.1/45261] INFO  util.JmxRegister (JmxRegister.java:unregister(73)) - Successfully un-registered JMX Bean with object name Ratis:service=RaftServer,group=group-2055C2A38956,id=3c8f8348-5b45-4285-ac9e-7c9778a12270
2022-06-08 19:34:27,071 [Listener at 127.0.0.1/45261] INFO  impl.RoleInfo (RoleInfo.java:shutdownLeaderState(93)) - 3c8f8348-5b45-4285-ac9e-7c9778a12270: shutdown 3c8f8348-5b45-4285-ac9e-7c9778a12270@group-2055C2A38956-LeaderStateImpl
2022-06-08 19:34:27,071 [Listener at 127.0.0.1/45261] INFO  impl.PendingRequests (PendingRequests.java:sendNotLeaderResponses(282)) - 3c8f8348-5b45-4285-ac9e-7c9778a12270@group-2055C2A38956-PendingRequests: sendNotLeaderResponses
2022-06-08 19:34:27,071 [Listener at 127.0.0.1/45261] INFO  impl.StateMachineUpdater (StateMachineUpdater.java:stopAndJoin(153)) - 3c8f8348-5b45-4285-ac9e-7c9778a12270@group-2055C2A38956-StateMachineUpdater: set stopIndex = 0
2022-06-08 19:34:27,072 [3c8f8348-5b45-4285-ac9e-7c9778a12270@group-2055C2A38956-StateMachineUpdater] INFO  ratis.ContainerStateMachine (ContainerStateMachine.java:takeSnapshot(304)) - group-2055C2A38956: Taking a snapshot at:(t:1, i:0) file /home/runner/work/ozone/ozone/hadoop-ozone/integration-test/target/test-dir/MiniOzoneClusterImpl-6ca4cc63-2561-4277-bbe7-e6e454dc87c0/datanode-2/data/ratis/2099c3d0-45a7-4a1c-b8e2-2055c2a38956/sm/snapshot.1_0
2022-06-08 19:34:27,072 [3c8f8348-5b45-4285-ac9e-7c9778a12270@group-2055C2A38956-StateMachineUpdater] INFO  ratis.ContainerStateMachine (ContainerStateMachine.java:takeSnapshot(315)) - group-2055C2A38956: Finished taking a snapshot at:(t:1, i:0) file:/home/runner/work/ozone/ozone/hadoop-ozone/integration-test/target/test-dir/MiniOzoneClusterImpl-6ca4cc63-2561-4277-bbe7-e6e454dc87c0/datanode-2/data/ratis/2099c3d0-45a7-4a1c-b8e2-2055c2a38956/sm/snapshot.1_0 took: 1 ms
2022-06-08 19:34:27,072 [ForkJoinPool.commonPool-worker-0] INFO  server.RaftServer$Division (RaftServerImpl.java:lambda$close$4(434)) - 3c8f8348-5b45-4285-ac9e-7c9778a12270@group-1BC579A085D0: shutdown
2022-06-08 19:34:27,072 [3c8f8348-5b45-4285-ac9e-7c9778a12270@group-2055C2A38956-StateMachineUpdater] INFO  impl.StateMachineUpdater (StateMachineUpdater.java:takeSnapshot(287)) - 3c8f8348-5b45-4285-ac9e-7c9778a12270@group-2055C2A38956-StateMachineUpdater: Took a snapshot at index 0
2022-06-08 19:34:27,072 [ForkJoinPool.commonPool-worker-0] INFO  util.JmxRegister (JmxRegister.java:unregister(73)) - Successfully un-registered JMX Bean with object name Ratis:service=RaftServer,group=group-1BC579A085D0,id=3c8f8348-5b45-4285-ac9e-7c9778a12270
2022-06-08 19:34:27,073 [ForkJoinPool.commonPool-worker-0] INFO  impl.RoleInfo (RoleInfo.java:shutdownFollowerState(110)) - 3c8f8348-5b45-4285-ac9e-7c9778a12270: shutdown 3c8f8348-5b45-4285-ac9e-7c9778a12270@group-1BC579A085D0-FollowerState
2022-06-08 19:34:27,072 [3c8f8348-5b45-4285-ac9e-7c9778a12270@group-2055C2A38956-StateMachineUpdater] INFO  impl.StateMachineUpdater (StateMachineUpdater.java:lambda$new$0(92)) - 3c8f8348-5b45-4285-ac9e-7c9778a12270@group-2055C2A38956-StateMachineUpdater: snapshotIndex: updateIncreasingly -1 -> 0
2022-06-08 19:34:27,073 [ForkJoinPool.commonPool-worker-0] INFO  impl.StateMachineUpdater (StateMachineUpdater.java:stopAndJoin(153)) - 3c8f8348-5b45-4285-ac9e-7c9778a12270@group-1BC579A085D0-StateMachineUpdater: set stopIndex = 0
2022-06-08 19:34:27,073 [Listener at 127.0.0.1/45261] INFO  server.RaftServer$Division (ServerState.java:close(429)) - 3c8f8348-5b45-4285-ac9e-7c9778a12270@group-2055C2A38956: closes. applyIndex: 0
2022-06-08 19:34:27,073 [3c8f8348-5b45-4285-ac9e-7c9778a12270@group-1BC579A085D0-FollowerState] INFO  impl.FollowerState (FollowerState.java:run(152)) - 3c8f8348-5b45-4285-ac9e-7c9778a12270@group-1BC579A085D0-FollowerState was interrupted
2022-06-08 19:34:27,074 [3c8f8348-5b45-4285-ac9e-7c9778a12270@group-1BC579A085D0-StateMachineUpdater] INFO  ratis.ContainerStateMachine (ContainerStateMachine.java:takeSnapshot(304)) - group-1BC579A085D0: Taking a snapshot at:(t:2, i:0) file /home/runner/work/ozone/ozone/hadoop-ozone/integration-test/target/test-dir/MiniOzoneClusterImpl-6ca4cc63-2561-4277-bbe7-e6e454dc87c0/datanode-2/data/ratis/43f15a7d-0ec8-49f9-b746-1bc579a085d0/sm/snapshot.2_0
2022-06-08 19:34:27,074 [3c8f8348-5b45-4285-ac9e-7c9778a12270@group-2055C2A38956-SegmentedRaftLogWorker] INFO  segmented.SegmentedRaftLogWorker (SegmentedRaftLogWorker.java:run(336)) - 3c8f8348-5b45-4285-ac9e-7c9778a12270@group-2055C2A38956-SegmentedRaftLogWorker was interrupted, exiting. There are 0 tasks remaining in the queue.
2022-06-08 19:34:27,075 [Listener at 127.0.0.1/45261] INFO  segmented.SegmentedRaftLogWorker (SegmentedRaftLogWorker.java:close(246)) - 3c8f8348-5b45-4285-ac9e-7c9778a12270@group-2055C2A38956-SegmentedRaftLogWorker close()
2022-06-08 19:34:27,075 [3c8f8348-5b45-4285-ac9e-7c9778a12270@group-1BC579A085D0-StateMachineUpdater] INFO  ratis.ContainerStateMachine (ContainerStateMachine.java:takeSnapshot(315)) - group-1BC579A085D0: Finished taking a snapshot at:(t:2, i:0) file:/home/runner/work/ozone/ozone/hadoop-ozone/integration-test/target/test-dir/MiniOzoneClusterImpl-6ca4cc63-2561-4277-bbe7-e6e454dc87c0/datanode-2/data/ratis/43f15a7d-0ec8-49f9-b746-1bc579a085d0/sm/snapshot.2_0 took: 1 ms
2022-06-08 19:34:27,076 [3c8f8348-5b45-4285-ac9e-7c9778a12270@group-1BC579A085D0-StateMachineUpdater] INFO  impl.StateMachineUpdater (StateMachineUpdater.java:takeSnapshot(287)) - 3c8f8348-5b45-4285-ac9e-7c9778a12270@group-1BC579A085D0-StateMachineUpdater: Took a snapshot at index 0
2022-06-08 19:34:27,076 [3c8f8348-5b45-4285-ac9e-7c9778a12270@group-1BC579A085D0-StateMachineUpdater] INFO  impl.StateMachineUpdater (StateMachineUpdater.java:lambda$new$0(92)) - 3c8f8348-5b45-4285-ac9e-7c9778a12270@group-1BC579A085D0-StateMachineUpdater: snapshotIndex: updateIncreasingly -1 -> 0
2022-06-08 19:34:27,075 [Listener at 127.0.0.1/45261] INFO  server.RaftServer$Division (RaftServerImpl.java:lambda$close$4(434)) - 3c8f8348-5b45-4285-ac9e-7c9778a12270@group-347FF21BF0E9: shutdown
2022-06-08 19:34:27,076 [Listener at 127.0.0.1/45261] INFO  util.JmxRegister (JmxRegister.java:unregister(73)) - Successfully un-registered JMX Bean with object name Ratis:service=RaftServer,group=group-347FF21BF0E9,id=3c8f8348-5b45-4285-ac9e-7c9778a12270
2022-06-08 19:34:27,076 [Listener at 127.0.0.1/45261] INFO  impl.RoleInfo (RoleInfo.java:shutdownFollowerState(110)) - 3c8f8348-5b45-4285-ac9e-7c9778a12270: shutdown 3c8f8348-5b45-4285-ac9e-7c9778a12270@group-347FF21BF0E9-FollowerState
2022-06-08 19:34:27,076 [3c8f8348-5b45-4285-ac9e-7c9778a12270@group-347FF21BF0E9-FollowerState] INFO  impl.FollowerState (FollowerState.java:run(152)) - 3c8f8348-5b45-4285-ac9e-7c9778a12270@group-347FF21BF0E9-FollowerState was interrupted
2022-06-08 19:34:27,077 [3c8f8348-5b45-4285-ac9e-7c9778a12270@group-347FF21BF0E9-StateMachineUpdater] INFO  ratis.ContainerStateMachine (ContainerStateMachine.java:takeSnapshot(304)) - group-347FF21BF0E9: Taking a snapshot at:(t:2, i:0) file /home/runner/work/ozone/ozone/hadoop-ozone/integration-test/target/test-dir/MiniOzoneClusterImpl-6ca4cc63-2561-4277-bbe7-e6e454dc87c0/datanode-2/data/ratis/19d21720-15a2-4f77-a178-347ff21bf0e9/sm/snapshot.2_0
2022-06-08 19:34:27,076 [Listener at 127.0.0.1/45261] INFO  impl.StateMachineUpdater (StateMachineUpdater.java:stopAndJoin(153)) - 3c8f8348-5b45-4285-ac9e-7c9778a12270@group-347FF21BF0E9-StateMachineUpdater: set stopIndex = 0
2022-06-08 19:34:27,077 [3c8f8348-5b45-4285-ac9e-7c9778a12270@group-347FF21BF0E9-StateMachineUpdater] INFO  ratis.ContainerStateMachine (ContainerStateMachine.java:takeSnapshot(315)) - group-347FF21BF0E9: Finished taking a snapshot at:(t:2, i:0) file:/home/runner/work/ozone/ozone/hadoop-ozone/integration-test/target/test-dir/MiniOzoneClusterImpl-6ca4cc63-2561-4277-bbe7-e6e454dc87c0/datanode-2/data/ratis/19d21720-15a2-4f77-a178-347ff21bf0e9/sm/snapshot.2_0 took: 0 ms
2022-06-08 19:34:27,078 [ForkJoinPool.commonPool-worker-0] INFO  server.RaftServer$Division (ServerState.java:close(429)) - 3c8f8348-5b45-4285-ac9e-7c9778a12270@group-1BC579A085D0: closes. applyIndex: 0
2022-06-08 19:34:27,078 [3c8f8348-5b45-4285-ac9e-7c9778a12270@group-1BC579A085D0-SegmentedRaftLogWorker] INFO  segmented.SegmentedRaftLogWorker (SegmentedRaftLogWorker.java:run(336)) - 3c8f8348-5b45-4285-ac9e-7c9778a12270@group-1BC579A085D0-SegmentedRaftLogWorker was interrupted, exiting. There are 0 tasks remaining in the queue.
2022-06-08 19:34:27,078 [3c8f8348-5b45-4285-ac9e-7c9778a12270@group-347FF21BF0E9-StateMachineUpdater] INFO  impl.StateMachineUpdater (StateMachineUpdater.java:takeSnapshot(287)) - 3c8f8348-5b45-4285-ac9e-7c9778a12270@group-347FF21BF0E9-StateMachineUpdater: Took a snapshot at index 0
2022-06-08 19:34:27,078 [3c8f8348-5b45-4285-ac9e-7c9778a12270@group-347FF21BF0E9-StateMachineUpdater] INFO  impl.StateMachineUpdater (StateMachineUpdater.java:lambda$new$0(92)) - 3c8f8348-5b45-4285-ac9e-7c9778a12270@group-347FF21BF0E9-StateMachineUpdater: snapshotIndex: updateIncreasingly -1 -> 0
2022-06-08 19:34:27,078 [Listener at 127.0.0.1/45261] INFO  server.RaftServer$Division (ServerState.java:close(429)) - 3c8f8348-5b45-4285-ac9e-7c9778a12270@group-347FF21BF0E9: closes. applyIndex: 0
2022-06-08 19:34:27,078 [ForkJoinPool.commonPool-worker-0] INFO  segmented.SegmentedRaftLogWorker (SegmentedRaftLogWorker.java:close(246)) - 3c8f8348-5b45-4285-ac9e-7c9778a12270@group-1BC579A085D0-SegmentedRaftLogWorker close()
2022-06-08 19:34:27,078 [3c8f8348-5b45-4285-ac9e-7c9778a12270@group-347FF21BF0E9-SegmentedRaftLogWorker] INFO  segmented.SegmentedRaftLogWorker (SegmentedRaftLogWorker.java:run(336)) - 3c8f8348-5b45-4285-ac9e-7c9778a12270@group-347FF21BF0E9-SegmentedRaftLogWorker was interrupted, exiting. There are 0 tasks remaining in the queue.
2022-06-08 19:34:27,083 [Listener at 127.0.0.1/45261] INFO  segmented.SegmentedRaftLogWorker (SegmentedRaftLogWorker.java:close(246)) - 3c8f8348-5b45-4285-ac9e-7c9778a12270@group-347FF21BF0E9-SegmentedRaftLogWorker close()
2022-06-08 19:34:27,083 [Listener at 127.0.0.1/45261] INFO  server.GrpcService (GrpcService.java:closeImpl(269)) - 3c8f8348-5b45-4285-ac9e-7c9778a12270: shutdown server with port 44683 now
2022-06-08 19:34:27,084 [Listener at 127.0.0.1/45261] INFO  server.GrpcService (GrpcService.java:closeImpl(278)) - 3c8f8348-5b45-4285-ac9e-7c9778a12270: shutdown server with port 44683 successfully
2022-06-08 19:34:27,085 [org.apache.ratis.util.JvmPauseMonitor$$Lambda$519/1621292246@4c3b56e2] INFO  util.JvmPauseMonitor (JvmPauseMonitor.java:run(109)) - JvmPauseMonitor-3c8f8348-5b45-4285-ac9e-7c9778a12270: Stopped
2022-06-08 19:34:27,387 [EndpointStateMachine task thread for /127.0.0.1:40207 - 0 ] INFO  ipc.Client (Client.java:handleConnectionFailure(977)) - Retrying connect to server: localhost/127.0.0.1:40207. Already tried 14 time(s); retry policy is RetryUpToMaximumCountWithFixedSleep(maxRetries=15, sleepTime=1000 MILLISECONDS)
2022-06-08 19:34:27,387 [EndpointStateMachine task thread for /127.0.0.1:42779 - 0 ] INFO  ipc.Client (Client.java:handleConnectionFailure(977)) - Retrying connect to server: localhost/127.0.0.1:42779. Already tried 14 time(s); retry policy is RetryUpToMaximumCountWithFixedSleep(maxRetries=15, sleepTime=1000 MILLISECONDS)
2022-06-08 19:34:27,387 [EndpointStateMachine task thread for /127.0.0.1:35577 - 0 ] INFO  ipc.Client (Client.java:handleConnectionFailure(977)) - Retrying connect to server: localhost/127.0.0.1:35577. Already tried 14 time(s); retry policy is RetryUpToMaximumCountWithFixedSleep(maxRetries=15, sleepTime=1000 MILLISECONDS)
2022-06-08 19:34:28,389 [EndpointStateMachine task thread for /127.0.0.1:40207 - 0 ] INFO  ipc.Client (Client.java:handleConnectionFailure(977)) - Retrying connect to server: localhost/127.0.0.1:40207. Already tried 0 time(s); retry policy is RetryUpToMaximumCountWithFixedSleep(maxRetries=15, sleepTime=1000 MILLISECONDS)
2022-06-08 19:34:28,389 [EndpointStateMachine task thread for /127.0.0.1:35577 - 0 ] INFO  ipc.Client (Client.java:handleConnectionFailure(977)) - Retrying connect to server: localhost/127.0.0.1:35577. Already tried 0 time(s); retry policy is RetryUpToMaximumCountWithFixedSleep(maxRetries=15, sleepTime=1000 MILLISECONDS)
2022-06-08 19:34:28,390 [EndpointStateMachine task thread for /127.0.0.1:42779 - 0 ] INFO  ipc.Client (Client.java:handleConnectionFailure(977)) - Retrying connect to server: localhost/127.0.0.1:42779. Already tried 0 time(s); retry policy is RetryUpToMaximumCountWithFixedSleep(maxRetries=15, sleepTime=1000 MILLISECONDS)
2022-06-08 19:34:29,089 [Listener at 127.0.0.1/45261] INFO  utils.BackgroundService (BackgroundService.java:shutdown(132)) - Shutting down service BlockDeletingService
2022-06-08 19:34:29,389 [EndpointStateMachine task thread for /127.0.0.1:40207 - 0 ] INFO  ipc.Client (Client.java:handleConnectionFailure(977)) - Retrying connect to server: localhost/127.0.0.1:40207. Already tried 1 time(s); retry policy is RetryUpToMaximumCountWithFixedSleep(maxRetries=15, sleepTime=1000 MILLISECONDS)
2022-06-08 19:34:29,390 [EndpointStateMachine task thread for /127.0.0.1:35577 - 0 ] INFO  ipc.Client (Client.java:handleConnectionFailure(977)) - Retrying connect to server: localhost/127.0.0.1:35577. Already tried 1 time(s); retry policy is RetryUpToMaximumCountWithFixedSleep(maxRetries=15, sleepTime=1000 MILLISECONDS)
2022-06-08 19:34:29,391 [EndpointStateMachine task thread for /127.0.0.1:42779 - 0 ] INFO  ipc.Client (Client.java:handleConnectionFailure(977)) - Retrying connect to server: localhost/127.0.0.1:42779. Already tried 1 time(s); retry policy is RetryUpToMaximumCountWithFixedSleep(maxRetries=15, sleepTime=1000 MILLISECONDS)
2022-06-08 19:34:30,390 [EndpointStateMachine task thread for /127.0.0.1:40207 - 0 ] INFO  ipc.Client (Client.java:handleConnectionFailure(977)) - Retrying connect to server: localhost/127.0.0.1:40207. Already tried 2 time(s); retry policy is RetryUpToMaximumCountWithFixedSleep(maxRetries=15, sleepTime=1000 MILLISECONDS)
2022-06-08 19:34:30,391 [EndpointStateMachine task thread for /127.0.0.1:35577 - 0 ] INFO  ipc.Client (Client.java:handleConnectionFailure(977)) - Retrying connect to server: localhost/127.0.0.1:35577. Already tried 2 time(s); retry policy is RetryUpToMaximumCountWithFixedSleep(maxRetries=15, sleepTime=1000 MILLISECONDS)
2022-06-08 19:34:30,392 [EndpointStateMachine task thread for /127.0.0.1:42779 - 0 ] INFO  ipc.Client (Client.java:handleConnectionFailure(977)) - Retrying connect to server: localhost/127.0.0.1:42779. Already tried 2 time(s); retry policy is RetryUpToMaximumCountWithFixedSleep(maxRetries=15, sleepTime=1000 MILLISECONDS)
2022-06-08 19:34:31,391 [EndpointStateMachine task thread for /127.0.0.1:40207 - 0 ] INFO  ipc.Client (Client.java:handleConnectionFailure(977)) - Retrying connect to server: localhost/127.0.0.1:40207. Already tried 3 time(s); retry policy is RetryUpToMaximumCountWithFixedSleep(maxRetries=15, sleepTime=1000 MILLISECONDS)
2022-06-08 19:34:31,391 [EndpointStateMachine task thread for /127.0.0.1:35577 - 0 ] INFO  ipc.Client (Client.java:handleConnectionFailure(977)) - Retrying connect to server: localhost/127.0.0.1:35577. Already tried 3 time(s); retry policy is RetryUpToMaximumCountWithFixedSleep(maxRetries=15, sleepTime=1000 MILLISECONDS)
2022-06-08 19:34:31,393 [EndpointStateMachine task thread for /127.0.0.1:42779 - 0 ] INFO  ipc.Client (Client.java:handleConnectionFailure(977)) - Retrying connect to server: localhost/127.0.0.1:42779. Already tried 3 time(s); retry policy is RetryUpToMaximumCountWithFixedSleep(maxRetries=15, sleepTime=1000 MILLISECONDS)
2022-06-08 19:34:32,093 [Listener at 127.0.0.1/45261] INFO  statemachine.DatanodeStateMachine (DatanodeStateMachine.java:stopDaemon(572)) - Ozone container server stopped.
2022-06-08 19:34:32,101 [Listener at 127.0.0.1/45261] INFO  handler.ContextHandler (ContextHandler.java:doStop(1153)) - Stopped o.e.j.w.WebAppContext@19c8dc3a{hddsDatanode,/,null,STOPPED}{jar:file:/home/runner/.m2/repository/org/apache/ozone/hdds-container-service/1.3.0-SNAPSHOT/hdds-container-service-1.3.0-SNAPSHOT.jar!/webapps/hddsDatanode}
2022-06-08 19:34:32,107 [Listener at 127.0.0.1/45261] INFO  server.AbstractConnector (AbstractConnector.java:doStop(381)) - Stopped ServerConnector@63c3ab85{HTTP/1.1, (http/1.1)}{0.0.0.0:0}
2022-06-08 19:34:32,108 [Listener at 127.0.0.1/45261] INFO  server.session (HouseKeeper.java:stopScavenging(149)) - node0 Stopped scavenging
2022-06-08 19:34:32,108 [Listener at 127.0.0.1/45261] INFO  handler.ContextHandler (ContextHandler.java:doStop(1153)) - Stopped o.e.j.s.ServletContextHandler@70cf1568{static,/static,jar:file:/home/runner/.m2/repository/org/apache/ozone/hdds-container-service/1.3.0-SNAPSHOT/hdds-container-service-1.3.0-SNAPSHOT.jar!/webapps/static,STOPPED}
2022-06-08 19:34:32,109 [Listener at 127.0.0.1/45261] INFO  handler.ContextHandler (ContextHandler.java:doStop(1153)) - Stopped o.e.j.s.ServletContextHandler@c4d3ec5{logs,/logs,file:///home/runner/work/ozone/ozone/hadoop-ozone/integration-test/target/log,STOPPED}
2022-06-08 19:34:32,391 [EndpointStateMachine task thread for /127.0.0.1:40207 - 0 ] INFO  ipc.Client (Client.java:handleConnectionFailure(977)) - Retrying connect to server: localhost/127.0.0.1:40207. Already tried 4 time(s); retry policy is RetryUpToMaximumCountWithFixedSleep(maxRetries=15, sleepTime=1000 MILLISECONDS)
2022-06-08 19:34:32,392 [EndpointStateMachine task thread for /127.0.0.1:35577 - 0 ] INFO  ipc.Client (Client.java:handleConnectionFailure(977)) - Retrying connect to server: localhost/127.0.0.1:35577. Already tried 4 time(s); retry policy is RetryUpToMaximumCountWithFixedSleep(maxRetries=15, sleepTime=1000 MILLISECONDS)
2022-06-08 19:34:32,393 [EndpointStateMachine task thread for /127.0.0.1:42779 - 0 ] INFO  ipc.Client (Client.java:handleConnectionFailure(977)) - Retrying connect to server: localhost/127.0.0.1:42779. Already tried 4 time(s); retry policy is RetryUpToMaximumCountWithFixedSleep(maxRetries=15, sleepTime=1000 MILLISECONDS)
2022-06-08 19:34:33,392 [EndpointStateMachine task thread for /127.0.0.1:40207 - 0 ] INFO  ipc.Client (Client.java:handleConnectionFailure(977)) - Retrying connect to server: localhost/127.0.0.1:40207. Already tried 5 time(s); retry policy is RetryUpToMaximumCountWithFixedSleep(maxRetries=15, sleepTime=1000 MILLISECONDS)
2022-06-08 19:34:33,392 [EndpointStateMachine task thread for /127.0.0.1:35577 - 0 ] INFO  ipc.Client (Client.java:handleConnectionFailure(977)) - Retrying connect to server: localhost/127.0.0.1:35577. Already tried 5 time(s); retry policy is RetryUpToMaximumCountWithFixedSleep(maxRetries=15, sleepTime=1000 MILLISECONDS)
2022-06-08 19:34:33,394 [EndpointStateMachine task thread for /127.0.0.1:42779 - 0 ] INFO  ipc.Client (Client.java:handleConnectionFailure(977)) - Retrying connect to server: localhost/127.0.0.1:42779. Already tried 5 time(s); retry policy is RetryUpToMaximumCountWithFixedSleep(maxRetries=15, sleepTime=1000 MILLISECONDS)
2022-06-08 19:34:34,393 [EndpointStateMachine task thread for /127.0.0.1:40207 - 0 ] INFO  ipc.Client (Client.java:handleConnectionFailure(977)) - Retrying connect to server: localhost/127.0.0.1:40207. Already tried 6 time(s); retry policy is RetryUpToMaximumCountWithFixedSleep(maxRetries=15, sleepTime=1000 MILLISECONDS)
2022-06-08 19:34:34,393 [EndpointStateMachine task thread for /127.0.0.1:35577 - 0 ] INFO  ipc.Client (Client.java:handleConnectionFailure(977)) - Retrying connect to server: localhost/127.0.0.1:35577. Already tried 6 time(s); retry policy is RetryUpToMaximumCountWithFixedSleep(maxRetries=15, sleepTime=1000 MILLISECONDS)
2022-06-08 19:34:34,394 [EndpointStateMachine task thread for /127.0.0.1:42779 - 0 ] INFO  ipc.Client (Client.java:handleConnectionFailure(977)) - Retrying connect to server: localhost/127.0.0.1:42779. Already tried 6 time(s); retry policy is RetryUpToMaximumCountWithFixedSleep(maxRetries=15, sleepTime=1000 MILLISECONDS)
2022-06-08 19:34:35,393 [EndpointStateMachine task thread for /127.0.0.1:35577 - 0 ] INFO  ipc.Client (Client.java:handleConnectionFailure(977)) - Retrying connect to server: localhost/127.0.0.1:35577. Already tried 7 time(s); retry policy is RetryUpToMaximumCountWithFixedSleep(maxRetries=15, sleepTime=1000 MILLISECONDS)
2022-06-08 19:34:35,397 [EndpointStateMachine task thread for /127.0.0.1:42779 - 0 ] INFO  ipc.Client (Client.java:handleConnectionFailure(977)) - Retrying connect to server: localhost/127.0.0.1:42779. Already tried 7 time(s); retry policy is RetryUpToMaximumCountWithFixedSleep(maxRetries=15, sleepTime=1000 MILLISECONDS)
2022-06-08 19:34:35,397 [EndpointStateMachine task thread for /127.0.0.1:40207 - 0 ] INFO  ipc.Client (Client.java:handleConnectionFailure(977)) - Retrying connect to server: localhost/127.0.0.1:40207. Already tried 7 time(s); retry policy is RetryUpToMaximumCountWithFixedSleep(maxRetries=15, sleepTime=1000 MILLISECONDS)
2022-06-08 19:34:36,394 [EndpointStateMachine task thread for /127.0.0.1:35577 - 0 ] INFO  ipc.Client (Client.java:handleConnectionFailure(977)) - Retrying connect to server: localhost/127.0.0.1:35577. Already tried 8 time(s); retry policy is RetryUpToMaximumCountWithFixedSleep(maxRetries=15, sleepTime=1000 MILLISECONDS)
2022-06-08 19:34:36,397 [EndpointStateMachine task thread for /127.0.0.1:42779 - 0 ] INFO  ipc.Client (Client.java:handleConnectionFailure(977)) - Retrying connect to server: localhost/127.0.0.1:42779. Already tried 8 time(s); retry policy is RetryUpToMaximumCountWithFixedSleep(maxRetries=15, sleepTime=1000 MILLISECONDS)
2022-06-08 19:34:36,398 [EndpointStateMachine task thread for /127.0.0.1:40207 - 0 ] INFO  ipc.Client (Client.java:handleConnectionFailure(977)) - Retrying connect to server: localhost/127.0.0.1:40207. Already tried 8 time(s); retry policy is RetryUpToMaximumCountWithFixedSleep(maxRetries=15, sleepTime=1000 MILLISECONDS)
2022-06-08 19:34:37,395 [EndpointStateMachine task thread for /127.0.0.1:35577 - 0 ] INFO  ipc.Client (Client.java:handleConnectionFailure(977)) - Retrying connect to server: localhost/127.0.0.1:35577. Already tried 9 time(s); retry policy is RetryUpToMaximumCountWithFixedSleep(maxRetries=15, sleepTime=1000 MILLISECONDS)
2022-06-08 19:34:37,398 [EndpointStateMachine task thread for /127.0.0.1:42779 - 0 ] INFO  ipc.Client (Client.java:handleConnectionFailure(977)) - Retrying connect to server: localhost/127.0.0.1:42779. Already tried 9 time(s); retry policy is RetryUpToMaximumCountWithFixedSleep(maxRetries=15, sleepTime=1000 MILLISECONDS)
2022-06-08 19:34:37,398 [EndpointStateMachine task thread for /127.0.0.1:40207 - 0 ] INFO  ipc.Client (Client.java:handleConnectionFailure(977)) - Retrying connect to server: localhost/127.0.0.1:40207. Already tried 9 time(s); retry policy is RetryUpToMaximumCountWithFixedSleep(maxRetries=15, sleepTime=1000 MILLISECONDS)
2022-06-08 19:34:38,395 [EndpointStateMachine task thread for /127.0.0.1:35577 - 0 ] INFO  ipc.Client (Client.java:handleConnectionFailure(977)) - Retrying connect to server: localhost/127.0.0.1:35577. Already tried 10 time(s); retry policy is RetryUpToMaximumCountWithFixedSleep(maxRetries=15, sleepTime=1000 MILLISECONDS)
2022-06-08 19:34:38,402 [EndpointStateMachine task thread for /127.0.0.1:40207 - 0 ] INFO  ipc.Client (Client.java:handleConnectionFailure(977)) - Retrying connect to server: localhost/127.0.0.1:40207. Already tried 10 time(s); retry policy is RetryUpToMaximumCountWithFixedSleep(maxRetries=15, sleepTime=1000 MILLISECONDS)
2022-06-08 19:34:38,402 [EndpointStateMachine task thread for /127.0.0.1:42779 - 0 ] INFO  ipc.Client (Client.java:handleConnectionFailure(977)) - Retrying connect to server: localhost/127.0.0.1:42779. Already tried 10 time(s); retry policy is RetryUpToMaximumCountWithFixedSleep(maxRetries=15, sleepTime=1000 MILLISECONDS)
2022-06-08 19:34:39,396 [EndpointStateMachine task thread for /127.0.0.1:35577 - 0 ] INFO  ipc.Client (Client.java:handleConnectionFailure(977)) - Retrying connect to server: localhost/127.0.0.1:35577. Already tried 11 time(s); retry policy is RetryUpToMaximumCountWithFixedSleep(maxRetries=15, sleepTime=1000 MILLISECONDS)
2022-06-08 19:34:39,403 [EndpointStateMachine task thread for /127.0.0.1:40207 - 0 ] INFO  ipc.Client (Client.java:handleConnectionFailure(977)) - Retrying connect to server: localhost/127.0.0.1:40207. Already tried 11 time(s); retry policy is RetryUpToMaximumCountWithFixedSleep(maxRetries=15, sleepTime=1000 MILLISECONDS)
2022-06-08 19:34:39,403 [EndpointStateMachine task thread for /127.0.0.1:42779 - 0 ] INFO  ipc.Client (Client.java:handleConnectionFailure(977)) - Retrying connect to server: localhost/127.0.0.1:42779. Already tried 11 time(s); retry policy is RetryUpToMaximumCountWithFixedSleep(maxRetries=15, sleepTime=1000 MILLISECONDS)
2022-06-08 19:34:40,397 [EndpointStateMachine task thread for /127.0.0.1:35577 - 0 ] INFO  ipc.Client (Client.java:handleConnectionFailure(977)) - Retrying connect to server: localhost/127.0.0.1:35577. Already tried 12 time(s); retry policy is RetryUpToMaximumCountWithFixedSleep(maxRetries=15, sleepTime=1000 MILLISECONDS)
2022-06-08 19:34:40,403 [EndpointStateMachine task thread for /127.0.0.1:40207 - 0 ] INFO  ipc.Client (Client.java:handleConnectionFailure(977)) - Retrying connect to server: localhost/127.0.0.1:40207. Already tried 12 time(s); retry policy is RetryUpToMaximumCountWithFixedSleep(maxRetries=15, sleepTime=1000 MILLISECONDS)
2022-06-08 19:34:40,403 [EndpointStateMachine task thread for /127.0.0.1:42779 - 0 ] INFO  ipc.Client (Client.java:handleConnectionFailure(977)) - Retrying connect to server: localhost/127.0.0.1:42779. Already tried 12 time(s); retry policy is RetryUpToMaximumCountWithFixedSleep(maxRetries=15, sleepTime=1000 MILLISECONDS)
2022-06-08 19:34:41,397 [EndpointStateMachine task thread for /127.0.0.1:35577 - 0 ] INFO  ipc.Client (Client.java:handleConnectionFailure(977)) - Retrying connect to server: localhost/127.0.0.1:35577. Already tried 13 time(s); retry policy is RetryUpToMaximumCountWithFixedSleep(maxRetries=15, sleepTime=1000 MILLISECONDS)
2022-06-08 19:34:41,404 [EndpointStateMachine task thread for /127.0.0.1:40207 - 0 ] INFO  ipc.Client (Client.java:handleConnectionFailure(977)) - Retrying connect to server: localhost/127.0.0.1:40207. Already tried 13 time(s); retry policy is RetryUpToMaximumCountWithFixedSleep(maxRetries=15, sleepTime=1000 MILLISECONDS)
2022-06-08 19:34:41,404 [EndpointStateMachine task thread for /127.0.0.1:42779 - 0 ] INFO  ipc.Client (Client.java:handleConnectionFailure(977)) - Retrying connect to server: localhost/127.0.0.1:42779. Already tried 13 time(s); retry policy is RetryUpToMaximumCountWithFixedSleep(maxRetries=15, sleepTime=1000 MILLISECONDS)
2022-06-08 19:34:42,398 [EndpointStateMachine task thread for /127.0.0.1:35577 - 0 ] INFO  ipc.Client (Client.java:handleConnectionFailure(977)) - Retrying connect to server: localhost/127.0.0.1:35577. Already tried 14 time(s); retry policy is RetryUpToMaximumCountWithFixedSleep(maxRetries=15, sleepTime=1000 MILLISECONDS)
2022-06-08 19:34:42,404 [EndpointStateMachine task thread for /127.0.0.1:40207 - 0 ] INFO  ipc.Client (Client.java:handleConnectionFailure(977)) - Retrying connect to server: localhost/127.0.0.1:40207. Already tried 14 time(s); retry policy is RetryUpToMaximumCountWithFixedSleep(maxRetries=15, sleepTime=1000 MILLISECONDS)
2022-06-08 19:34:42,404 [EndpointStateMachine task thread for /127.0.0.1:42779 - 0 ] INFO  ipc.Client (Client.java:handleConnectionFailure(977)) - Retrying connect to server: localhost/127.0.0.1:42779. Already tried 14 time(s); retry policy is RetryUpToMaximumCountWithFixedSleep(maxRetries=15, sleepTime=1000 MILLISECONDS)
2022-06-08 19:34:43,400 [EndpointStateMachine task thread for /127.0.0.1:35577 - 0 ] INFO  ipc.Client (Client.java:handleConnectionFailure(977)) - Retrying connect to server: localhost/127.0.0.1:35577. Already tried 0 time(s); retry policy is RetryUpToMaximumCountWithFixedSleep(maxRetries=15, sleepTime=1000 MILLISECONDS)
2022-06-08 19:34:43,405 [EndpointStateMachine task thread for /127.0.0.1:40207 - 0 ] INFO  ipc.Client (Client.java:handleConnectionFailure(977)) - Retrying connect to server: localhost/127.0.0.1:40207. Already tried 0 time(s); retry policy is RetryUpToMaximumCountWithFixedSleep(maxRetries=15, sleepTime=1000 MILLISECONDS)
2022-06-08 19:34:43,405 [EndpointStateMachine task thread for /127.0.0.1:42779 - 0 ] INFO  ipc.Client (Client.java:handleConnectionFailure(977)) - Retrying connect to server: localhost/127.0.0.1:42779. Already tried 0 time(s); retry policy is RetryUpToMaximumCountWithFixedSleep(maxRetries=15, sleepTime=1000 MILLISECONDS)
2022-06-08 19:34:44,400 [EndpointStateMachine task thread for /127.0.0.1:35577 - 0 ] INFO  ipc.Client (Client.java:handleConnectionFailure(977)) - Retrying connect to server: localhost/127.0.0.1:35577. Already tried 1 time(s); retry policy is RetryUpToMaximumCountWithFixedSleep(maxRetries=15, sleepTime=1000 MILLISECONDS)
2022-06-08 19:34:44,406 [EndpointStateMachine task thread for /127.0.0.1:40207 - 0 ] INFO  ipc.Client (Client.java:handleConnectionFailure(977)) - Retrying connect to server: localhost/127.0.0.1:40207. Already tried 1 time(s); retry policy is RetryUpToMaximumCountWithFixedSleep(maxRetries=15, sleepTime=1000 MILLISECONDS)
2022-06-08 19:34:44,406 [EndpointStateMachine task thread for /127.0.0.1:42779 - 0 ] INFO  ipc.Client (Client.java:handleConnectionFailure(977)) - Retrying connect to server: localhost/127.0.0.1:42779. Already tried 1 time(s); retry policy is RetryUpToMaximumCountWithFixedSleep(maxRetries=15, sleepTime=1000 MILLISECONDS)
2022-06-08 19:34:45,401 [EndpointStateMachine task thread for /127.0.0.1:35577 - 0 ] INFO  ipc.Client (Client.java:handleConnectionFailure(977)) - Retrying connect to server: localhost/127.0.0.1:35577. Already tried 2 time(s); retry policy is RetryUpToMaximumCountWithFixedSleep(maxRetries=15, sleepTime=1000 MILLISECONDS)
2022-06-08 19:34:45,406 [EndpointStateMachine task thread for /127.0.0.1:40207 - 0 ] INFO  ipc.Client (Client.java:handleConnectionFailure(977)) - Retrying connect to server: localhost/127.0.0.1:40207. Already tried 2 time(s); retry policy is RetryUpToMaximumCountWithFixedSleep(maxRetries=15, sleepTime=1000 MILLISECONDS)
2022-06-08 19:34:45,406 [EndpointStateMachine task thread for /127.0.0.1:42779 - 0 ] INFO  ipc.Client (Client.java:handleConnectionFailure(977)) - Retrying connect to server: localhost/127.0.0.1:42779. Already tried 2 time(s); retry policy is RetryUpToMaximumCountWithFixedSleep(maxRetries=15, sleepTime=1000 MILLISECONDS)
2022-06-08 19:34:46,402 [EndpointStateMachine task thread for /127.0.0.1:35577 - 0 ] INFO  ipc.Client (Client.java:handleConnectionFailure(977)) - Retrying connect to server: localhost/127.0.0.1:35577. Already tried 3 time(s); retry policy is RetryUpToMaximumCountWithFixedSleep(maxRetries=15, sleepTime=1000 MILLISECONDS)
2022-06-08 19:34:46,407 [EndpointStateMachine task thread for /127.0.0.1:40207 - 0 ] INFO  ipc.Client (Client.java:handleConnectionFailure(977)) - Retrying connect to server: localhost/127.0.0.1:40207. Already tried 3 time(s); retry policy is RetryUpToMaximumCountWithFixedSleep(maxRetries=15, sleepTime=1000 MILLISECONDS)
2022-06-08 19:34:46,407 [EndpointStateMachine task thread for /127.0.0.1:42779 - 0 ] INFO  ipc.Client (Client.java:handleConnectionFailure(977)) - Retrying connect to server: localhost/127.0.0.1:42779. Already tried 3 time(s); retry policy is RetryUpToMaximumCountWithFixedSleep(maxRetries=15, sleepTime=1000 MILLISECONDS)
2022-06-08 19:34:47,161 [Listener at 127.0.0.1/45261] INFO  ozone.MiniOzoneClusterImpl (MiniOzoneClusterImpl.java:shutdown(456)) - Shutting down the Mini Ozone Cluster
2022-06-08 19:34:47,161 [Listener at 127.0.0.1/45261] INFO  ozone.MiniOzoneHAClusterImpl (MiniOzoneHAClusterImpl.java:stop(308)) - Stopping the OzoneManager omNode-3
2022-06-08 19:34:47,161 [Listener at 127.0.0.1/45261] INFO  om.OzoneManager (OzoneManager.java:stop(2017)) - omNode-3[localhost:45261]: Stopping Ozone Manager
2022-06-08 19:34:47,161 [Listener at 127.0.0.1/45261] INFO  ozone.MiniOzoneHAClusterImpl (MiniOzoneHAClusterImpl.java:stop(308)) - Stopping the OzoneManager omNode-1
2022-06-08 19:34:47,161 [Listener at 127.0.0.1/45261] INFO  om.OzoneManager (OzoneManager.java:stop(2017)) - omNode-1[localhost:43109]: Stopping Ozone Manager
2022-06-08 19:34:47,161 [Listener at 127.0.0.1/45261] INFO  ozone.MiniOzoneHAClusterImpl (MiniOzoneHAClusterImpl.java:stop(308)) - Stopping the OzoneManager omNode-2
2022-06-08 19:34:47,162 [Listener at 127.0.0.1/45261] INFO  om.OzoneManager (OzoneManager.java:stop(2017)) - omNode-2[localhost:34913]: Stopping Ozone Manager
2022-06-08 19:34:47,162 [Listener at 127.0.0.1/45261] INFO  ozone.MiniOzoneHAClusterImpl (MiniOzoneHAClusterImpl.java:stop(316)) - Stopping the StorageContainerManager 21888257-2f66-47c2-9c1a-f9078c9f78d9
2022-06-08 19:34:47,162 [Listener at 127.0.0.1/45261] INFO  server.StorageContainerManager (StorageContainerManager.java:stop(1500)) - Container Balancer is not running.
2022-06-08 19:34:47,162 [Listener at 127.0.0.1/45261] INFO  server.StorageContainerManager (StorageContainerManager.java:stop(1507)) - Stopping Replication Manager Service.
2022-06-08 19:34:47,162 [Listener at 127.0.0.1/45261] INFO  replication.ReplicationManager (ReplicationManager.java:stop(218)) - Replication Monitor Thread is not running.
2022-06-08 19:34:47,162 [Listener at 127.0.0.1/45261] INFO  server.StorageContainerManager (StorageContainerManager.java:stop(1514)) - Stopping the Datanode Admin Monitor.
2022-06-08 19:34:47,162 [Listener at 127.0.0.1/45261] INFO  server.StorageContainerManager (StorageContainerManager.java:stop(1521)) - Stopping Lease Manager of the command watchers
2022-06-08 19:34:47,162 [Listener at 127.0.0.1/45261] ERROR server.StorageContainerManager (StorageContainerManager.java:stop(1524)) - Lease Manager of the command watchers stop failed
2022-06-08 19:34:47,162 [Listener at 127.0.0.1/45261] INFO  server.StorageContainerManager (StorageContainerManager.java:stop(1528)) - Stopping datanode service RPC server
2022-06-08 19:34:47,162 [Listener at 127.0.0.1/45261] INFO  server.SCMDatanodeProtocolServer (SCMDatanodeProtocolServer.java:stop(400)) - Stopping the RPC server for DataNodes
2022-06-08 19:34:47,162 [Listener at 127.0.0.1/45261] INFO  ipc.Server (Server.java:stop(3414)) - Stopping server on 40207
2022-06-08 19:34:47,162 [Listener at 127.0.0.1/45261] INFO  server.StorageContainerManager (StorageContainerManager.java:stop(1536)) - Stopping block service RPC server
2022-06-08 19:34:47,162 [Listener at 127.0.0.1/45261] INFO  server.SCMBlockProtocolServer (SCMBlockProtocolServer.java:stop(160)) - Stopping the RPC server for Block Protocol
2022-06-08 19:34:47,162 [Listener at 127.0.0.1/45261] INFO  ipc.Server (Server.java:stop(3414)) - Stopping server on 45287
2022-06-08 19:34:47,162 [Listener at 127.0.0.1/45261] INFO  server.StorageContainerManager (StorageContainerManager.java:stop(1543)) - Stopping the StorageContainerLocationProtocol RPC server
2022-06-08 19:34:47,162 [Listener at 127.0.0.1/45261] INFO  server.SCMClientProtocolServer (SCMClientProtocolServer.java:stop(178)) - Stopping the RPC server for Client Protocol
2022-06-08 19:34:47,162 [Listener at 127.0.0.1/45261] INFO  ipc.Server (Server.java:stop(3414)) - Stopping server on 37775
2022-06-08 19:34:47,162 [Listener at 127.0.0.1/45261] INFO  server.StorageContainerManager (StorageContainerManager.java:stop(1550)) - Stopping Storage Container Manager HTTP server.
2022-06-08 19:34:47,162 [Listener at 127.0.0.1/45261] INFO  server.StorageContainerManager (StorageContainerManager.java:stop(1561)) - Stopping Block Manager Service.
2022-06-08 19:34:47,162 [Listener at 127.0.0.1/45261] INFO  utils.BackgroundService (BackgroundService.java:shutdown(132)) - Shutting down service SCMBlockDeletingService
2022-06-08 19:34:47,162 [Listener at 127.0.0.1/45261] INFO  utils.BackgroundService (BackgroundService.java:shutdown(132)) - Shutting down service SCMBlockDeletingService
2022-06-08 19:34:47,162 [Listener at 127.0.0.1/45261] INFO  server.StorageContainerManager (StorageContainerManager.java:stop(1588)) - Stopping SCM Event Queue.
2022-06-08 19:34:47,163 [Listener at 127.0.0.1/45261] INFO  server.StorageContainerManager (StorageContainerManager.java:stop(1599)) - Stopping SCM HA services.
2022-06-08 19:34:47,163 [Listener at 127.0.0.1/45261] INFO  ha.SCMRatisServerImpl (SCMRatisServerImpl.java:stop(238)) - stopping ratis server 0.0.0.0:43277
2022-06-08 19:34:47,163 [Listener at 127.0.0.1/45261] WARN  pipeline.BackgroundPipelineCreator (BackgroundPipelineCreator.java:stop(146)) - RatisPipelineUtilsThread is not running, just ignore.
2022-06-08 19:34:47,163 [Listener at 127.0.0.1/45261] INFO  BackgroundPipelineScrubber (BackgroundSCMService.java:stop(121)) - BackgroundPipelineScrubber Service is not running, skip stop.
2022-06-08 19:34:47,163 [Listener at 127.0.0.1/45261] INFO  server.StorageContainerManager (StorageContainerManager.java:stop(1609)) - Stopping SCM MetadataStore.
2022-06-08 19:34:47,163 [Listener at 127.0.0.1/45261] INFO  impl.MetricsSystemImpl (MetricsSystemImpl.java:stop(205)) - HddsDatanode metrics system stopped (again)
2022-06-08 19:34:47,163 [Listener at 127.0.0.1/45261] INFO  ozone.MiniOzoneHAClusterImpl (MiniOzoneHAClusterImpl.java:stop(316)) - Stopping the StorageContainerManager 0562147d-7bbf-459c-a71c-460e63cf1b3c
2022-06-08 19:34:47,163 [Listener at 127.0.0.1/45261] INFO  server.StorageContainerManager (StorageContainerManager.java:stop(1500)) - Container Balancer is not running.
2022-06-08 19:34:47,163 [Listener at 127.0.0.1/45261] INFO  server.StorageContainerManager (StorageContainerManager.java:stop(1507)) - Stopping Replication Manager Service.
2022-06-08 19:34:47,163 [Listener at 127.0.0.1/45261] INFO  replication.ReplicationManager (ReplicationManager.java:stop(218)) - Replication Monitor Thread is not running.
2022-06-08 19:34:47,163 [Listener at 127.0.0.1/45261] INFO  server.StorageContainerManager (StorageContainerManager.java:stop(1514)) - Stopping the Datanode Admin Monitor.
2022-06-08 19:34:47,163 [Listener at 127.0.0.1/45261] INFO  server.StorageContainerManager (StorageContainerManager.java:stop(1521)) - Stopping Lease Manager of the command watchers
2022-06-08 19:34:47,163 [Listener at 127.0.0.1/45261] ERROR server.StorageContainerManager (StorageContainerManager.java:stop(1524)) - Lease Manager of the command watchers stop failed
2022-06-08 19:34:47,163 [Listener at 127.0.0.1/45261] INFO  server.StorageContainerManager (StorageContainerManager.java:stop(1528)) - Stopping datanode service RPC server
2022-06-08 19:34:47,163 [Listener at 127.0.0.1/45261] INFO  server.SCMDatanodeProtocolServer (SCMDatanodeProtocolServer.java:stop(400)) - Stopping the RPC server for DataNodes
2022-06-08 19:34:47,163 [Listener at 127.0.0.1/45261] INFO  ipc.Server (Server.java:stop(3414)) - Stopping server on 42779
2022-06-08 19:34:47,163 [Listener at 127.0.0.1/45261] INFO  server.StorageContainerManager (StorageContainerManager.java:stop(1536)) - Stopping block service RPC server
2022-06-08 19:34:47,164 [Listener at 127.0.0.1/45261] INFO  server.SCMBlockProtocolServer (SCMBlockProtocolServer.java:stop(160)) - Stopping the RPC server for Block Protocol
2022-06-08 19:34:47,164 [Listener at 127.0.0.1/45261] INFO  ipc.Server (Server.java:stop(3414)) - Stopping server on 42293
2022-06-08 19:34:47,164 [Listener at 127.0.0.1/45261] INFO  server.StorageContainerManager (StorageContainerManager.java:stop(1543)) - Stopping the StorageContainerLocationProtocol RPC server
2022-06-08 19:34:47,164 [Listener at 127.0.0.1/45261] INFO  server.SCMClientProtocolServer (SCMClientProtocolServer.java:stop(178)) - Stopping the RPC server for Client Protocol
2022-06-08 19:34:47,164 [Listener at 127.0.0.1/45261] INFO  ipc.Server (Server.java:stop(3414)) - Stopping server on 43831
2022-06-08 19:34:47,164 [Listener at 127.0.0.1/45261] INFO  server.StorageContainerManager (StorageContainerManager.java:stop(1550)) - Stopping Storage Container Manager HTTP server.
2022-06-08 19:34:47,164 [Listener at 127.0.0.1/45261] INFO  server.StorageContainerManager (StorageContainerManager.java:stop(1561)) - Stopping Block Manager Service.
2022-06-08 19:34:47,164 [Listener at 127.0.0.1/45261] INFO  utils.BackgroundService (BackgroundService.java:shutdown(132)) - Shutting down service SCMBlockDeletingService
2022-06-08 19:34:47,164 [Listener at 127.0.0.1/45261] INFO  utils.BackgroundService (BackgroundService.java:shutdown(132)) - Shutting down service SCMBlockDeletingService
2022-06-08 19:34:47,164 [Listener at 127.0.0.1/45261] INFO  server.StorageContainerManager (StorageContainerManager.java:stop(1588)) - Stopping SCM Event Queue.
2022-06-08 19:34:47,165 [Listener at 127.0.0.1/45261] INFO  server.StorageContainerManager (StorageContainerManager.java:stop(1599)) - Stopping SCM HA services.
2022-06-08 19:34:47,165 [Listener at 127.0.0.1/45261] INFO  ha.SCMRatisServerImpl (SCMRatisServerImpl.java:stop(238)) - stopping ratis server 0.0.0.0:36781
2022-06-08 19:34:47,165 [Listener at 127.0.0.1/45261] WARN  pipeline.BackgroundPipelineCreator (BackgroundPipelineCreator.java:stop(146)) - RatisPipelineUtilsThread is not running, just ignore.
2022-06-08 19:34:47,165 [Listener at 127.0.0.1/45261] INFO  BackgroundPipelineScrubber (BackgroundSCMService.java:stop(121)) - BackgroundPipelineScrubber Service is not running, skip stop.
2022-06-08 19:34:47,165 [Listener at 127.0.0.1/45261] INFO  server.StorageContainerManager (StorageContainerManager.java:stop(1609)) - Stopping SCM MetadataStore.
2022-06-08 19:34:47,165 [Listener at 127.0.0.1/45261] INFO  impl.MetricsSystemImpl (MetricsSystemImpl.java:stop(205)) - HddsDatanode metrics system stopped (again)
2022-06-08 19:34:47,165 [Listener at 127.0.0.1/45261] INFO  ozone.MiniOzoneHAClusterImpl (MiniOzoneHAClusterImpl.java:stop(316)) - Stopping the StorageContainerManager 2307c498-167f-43d9-87ae-3379131d0636
2022-06-08 19:34:47,165 [Listener at 127.0.0.1/45261] INFO  server.StorageContainerManager (StorageContainerManager.java:stop(1500)) - Container Balancer is not running.
2022-06-08 19:34:47,165 [Listener at 127.0.0.1/45261] INFO  server.StorageContainerManager (StorageContainerManager.java:stop(1507)) - Stopping Replication Manager Service.
2022-06-08 19:34:47,165 [Listener at 127.0.0.1/45261] INFO  replication.ReplicationManager (ReplicationManager.java:stop(218)) - Replication Monitor Thread is not running.
2022-06-08 19:34:47,165 [Listener at 127.0.0.1/45261] INFO  server.StorageContainerManager (StorageContainerManager.java:stop(1514)) - Stopping the Datanode Admin Monitor.
2022-06-08 19:34:47,165 [Listener at 127.0.0.1/45261] INFO  server.StorageContainerManager (StorageContainerManager.java:stop(1521)) - Stopping Lease Manager of the command watchers
2022-06-08 19:34:47,166 [Listener at 127.0.0.1/45261] ERROR server.StorageContainerManager (StorageContainerManager.java:stop(1524)) - Lease Manager of the command watchers stop failed
2022-06-08 19:34:47,166 [Listener at 127.0.0.1/45261] INFO  server.StorageContainerManager (StorageContainerManager.java:stop(1528)) - Stopping datanode service RPC server
2022-06-08 19:34:47,166 [Listener at 127.0.0.1/45261] INFO  server.SCMDatanodeProtocolServer (SCMDatanodeProtocolServer.java:stop(400)) - Stopping the RPC server for DataNodes
2022-06-08 19:34:47,166 [Listener at 127.0.0.1/45261] INFO  ipc.Server (Server.java:stop(3414)) - Stopping server on 35577
2022-06-08 19:34:47,166 [Listener at 127.0.0.1/45261] INFO  server.StorageContainerManager (StorageContainerManager.java:stop(1536)) - Stopping block service RPC server
2022-06-08 19:34:47,166 [Listener at 127.0.0.1/45261] INFO  server.SCMBlockProtocolServer (SCMBlockProtocolServer.java:stop(160)) - Stopping the RPC server for Block Protocol
2022-06-08 19:34:47,166 [Listener at 127.0.0.1/45261] INFO  ipc.Server (Server.java:stop(3414)) - Stopping server on 37419
2022-06-08 19:34:47,166 [Listener at 127.0.0.1/45261] INFO  server.StorageContainerManager (StorageContainerManager.java:stop(1543)) - Stopping the StorageContainerLocationProtocol RPC server
2022-06-08 19:34:47,166 [Listener at 127.0.0.1/45261] INFO  server.SCMClientProtocolServer (SCMClientProtocolServer.java:stop(178)) - Stopping the RPC server for Client Protocol
2022-06-08 19:34:47,166 [Listener at 127.0.0.1/45261] INFO  ipc.Server (Server.java:stop(3414)) - Stopping server on 36165
2022-06-08 19:34:47,166 [Listener at 127.0.0.1/45261] INFO  server.StorageContainerManager (StorageContainerManager.java:stop(1550)) - Stopping Storage Container Manager HTTP server.
2022-06-08 19:34:47,166 [Listener at 127.0.0.1/45261] INFO  server.StorageContainerManager (StorageContainerManager.java:stop(1561)) - Stopping Block Manager Service.
2022-06-08 19:34:47,167 [Listener at 127.0.0.1/45261] INFO  utils.BackgroundService (BackgroundService.java:shutdown(132)) - Shutting down service SCMBlockDeletingService
2022-06-08 19:34:47,167 [Listener at 127.0.0.1/45261] INFO  utils.BackgroundService (BackgroundService.java:shutdown(132)) - Shutting down service SCMBlockDeletingService
2022-06-08 19:34:47,167 [Listener at 127.0.0.1/45261] INFO  server.StorageContainerManager (StorageContainerManager.java:stop(1588)) - Stopping SCM Event Queue.
2022-06-08 19:34:47,167 [Listener at 127.0.0.1/45261] INFO  server.StorageContainerManager (StorageContainerManager.java:stop(1599)) - Stopping SCM HA services.
2022-06-08 19:34:47,167 [Listener at 127.0.0.1/45261] INFO  ha.SCMRatisServerImpl (SCMRatisServerImpl.java:stop(238)) - stopping ratis server 0.0.0.0:36931
2022-06-08 19:34:47,167 [Listener at 127.0.0.1/45261] WARN  pipeline.BackgroundPipelineCreator (BackgroundPipelineCreator.java:stop(146)) - RatisPipelineUtilsThread is not running, just ignore.
2022-06-08 19:34:47,167 [Listener at 127.0.0.1/45261] INFO  BackgroundPipelineScrubber (BackgroundSCMService.java:stop(121)) - BackgroundPipelineScrubber Service is not running, skip stop.
2022-06-08 19:34:47,167 [Listener at 127.0.0.1/45261] INFO  server.StorageContainerManager (StorageContainerManager.java:stop(1609)) - Stopping SCM MetadataStore.
2022-06-08 19:34:47,168 [Listener at 127.0.0.1/45261] INFO  impl.MetricsSystemImpl (MetricsSystemImpl.java:stop(205)) - HddsDatanode metrics system stopped (again)
2022-06-08 19:34:47,168 [Listener at 127.0.0.1/45261] INFO  ozone.MiniOzoneClusterImpl (MiniOzoneClusterImpl.java:stop(471)) - Stopping the Mini Ozone Cluster
2022-06-08 19:34:47,168 [Listener at 127.0.0.1/45261] INFO  ozone.MiniOzoneClusterImpl (MiniOzoneClusterImpl.java:stopDatanodes(530)) - Stopping the HddsDatanodes
]]></system-out>
  </testcase>
</testsuite>