<?xml version="1.0" encoding="UTF-8"?>
<testsuite xmlns:xsi="http://www.w3.org/2001/XMLSchema-instance" xsi:noNamespaceSchemaLocation="https://maven.apache.org/surefire/maven-surefire-plugin/xsd/surefire-test-report-3.0.xsd" version="3.0" name="org.apache.hadoop.ozone.client.rpc.TestSecureOzoneRpcClient" time="104.659" tests="107" errors="0" skipped="1" failures="1">
  <properties>
    <property name="awt.toolkit" value="sun.awt.X11.XToolkit"/>
    <property name="file.encoding.pkg" value="sun.io"/>
    <property name="java.specification.version" value="1.8"/>
    <property name="sun.cpu.isalist" value=""/>
    <property name="sun.jnu.encoding" value="UTF-8"/>
    <property name="java.class.path" value="/home/runner/work/ozone/ozone/hadoop-ozone/integration-test/target/test-classes:/home/runner/work/ozone/ozone/hadoop-ozone/integration-test/target/classes:/home/runner/.m2/repository/org/apache/ozone/ozone-common/1.3.0-SNAPSHOT/ozone-common-1.3.0-SNAPSHOT.jar:/home/runner/.m2/repository/io/grpc/grpc-netty/1.44.0/grpc-netty-1.44.0.jar:/home/runner/.m2/repository/io/grpc/grpc-core/1.44.0/grpc-core-1.44.0.jar:/home/runner/.m2/repository/com/google/android/annotations/4.1.1.4/annotations-4.1.1.4.jar:/home/runner/.m2/repository/org/codehaus/mojo/animal-sniffer-annotations/1.19/animal-sniffer-annotations-1.19.jar:/home/runner/.m2/repository/com/google/errorprone/error_prone_annotations/2.2.0/error_prone_annotations-2.2.0.jar:/home/runner/.m2/repository/io/perfmark/perfmark-api/0.23.0/perfmark-api-0.23.0.jar:/home/runner/.m2/repository/io/netty/netty-codec-http2/4.1.74.Final/netty-codec-http2-4.1.74.Final.jar:/home/runner/.m2/repository/io/netty/netty-common/4.1.74.Final/netty-common-4.1.74.Final.jar:/home/runner/.m2/repository/io/netty/netty-buffer/4.1.74.Final/netty-buffer-4.1.74.Final.jar:/home/runner/.m2/repository/io/netty/netty-codec-http/4.1.74.Final/netty-codec-http-4.1.74.Final.jar:/home/runner/.m2/repository/io/netty/netty-handler-proxy/4.1.74.Final/netty-handler-proxy-4.1.74.Final.jar:/home/runner/.m2/repository/io/netty/netty-codec-socks/4.1.74.Final/netty-codec-socks-4.1.74.Final.jar:/home/runner/.m2/repository/io/netty/netty-tcnative-boringssl-static/2.0.48.Final/netty-tcnative-boringssl-static-2.0.48.Final.jar:/home/runner/.m2/repository/io/netty/netty-tcnative-classes/2.0.48.Final/netty-tcnative-classes-2.0.48.Final.jar:/home/runner/.m2/repository/io/netty/netty-tcnative/2.0.48.Final/netty-tcnative-2.0.48.Final.jar:/home/runner/.m2/repository/org/apache/commons/commons-compress/1.21/commons-compress-1.21.jar:/home/runner/.m2/repository/org/apache/ozone/hdds-common/1.3.0-SNAPSHOT/hdds-common-1.3.0-SNAPSHOT.jar:/home/runner/.m2/repository/org/apache/ozone/hdds-client/1.3.0-SNAPSHOT/hdds-client-1.3.0-SNAPSHOT.jar:/home/runner/.m2/repository/org/apache/ozone/ozone-interface-client/1.3.0-SNAPSHOT/ozone-interface-client-1.3.0-SNAPSHOT.jar:/home/runner/.m2/repository/org/apache/ozone/hdds-test-utils/1.3.0-SNAPSHOT/hdds-test-utils-1.3.0-SNAPSHOT.jar:/home/runner/.m2/repository/com/google/guava/guava/31.1-jre/guava-31.1-jre.jar:/home/runner/.m2/repository/com/google/guava/failureaccess/1.0.1/failureaccess-1.0.1.jar:/home/runner/.m2/repository/com/google/guava/listenablefuture/9999.0-empty-to-avoid-conflict-with-guava/listenablefuture-9999.0-empty-to-avoid-conflict-with-guava.jar:/home/runner/.m2/repository/com/google/code/findbugs/jsr305/3.0.0/jsr305-3.0.0.jar:/home/runner/.m2/repository/org/checkerframework/checker-qual/3.12.0/checker-qual-3.12.0.jar:/home/runner/.m2/repository/com/google/j2objc/j2objc-annotations/1.3/j2objc-annotations-1.3.jar:/home/runner/.m2/repository/commons-io/commons-io/2.11.0/commons-io-2.11.0.jar:/home/runner/.m2/repository/commons-logging/commons-logging/1.2/commons-logging-1.2.jar:/home/runner/.m2/repository/log4j/log4j/1.2.17/log4j-1.2.17.jar:/home/runner/.m2/repository/org/slf4j/slf4j-api/1.7.30/slf4j-api-1.7.30.jar:/home/runner/.m2/repository/org/apache/ozone/hdds-server-scm/1.3.0-SNAPSHOT/hdds-server-scm-1.3.0-SNAPSHOT.jar:/home/runner/.m2/repository/org/apache/ozone/hdds-container-service/1.3.0-SNAPSHOT/hdds-container-service-1.3.0-SNAPSHOT.jar:/home/runner/.m2/repository/org/apache/ozone/hdds-hadoop-dependency-server/1.3.0-SNAPSHOT/hdds-hadoop-dependency-server-1.3.0-SNAPSHOT.jar:/home/runner/.m2/repository/org/apache/hadoop/hadoop-hdfs/3.3.1/hadoop-hdfs-3.3.1.jar:/home/runner/.m2/repository/org/apache/ozone/hdds-server-framework/1.3.0-SNAPSHOT/hdds-server-framework-1.3.0-SNAPSHOT.jar:/home/runner/.m2/repository/org/apache/ozone/hdds-interface-server/1.3.0-SNAPSHOT/hdds-interface-server-1.3.0-SNAPSHOT.jar:/home/runner/.m2/repository/org/apache/logging/log4j/log4j-core/2.17.1/log4j-core-2.17.1.jar:/home/runner/.m2/repository/com/lmax/disruptor/3.4.2/disruptor-3.4.2.jar:/home/runner/.m2/repository/org/eclipse/jetty/jetty-servlet/9.4.43.v20210629/jetty-servlet-9.4.43.v20210629.jar:/home/runner/.m2/repository/org/eclipse/jetty/jetty-security/9.4.43.v20210629/jetty-security-9.4.43.v20210629.jar:/home/runner/.m2/repository/org/rocksdb/rocksdbjni/7.0.4/rocksdbjni-7.0.4.jar:/home/runner/.m2/repository/io/prometheus/simpleclient_dropwizard/0.7.0/simpleclient_dropwizard-0.7.0.jar:/home/runner/.m2/repository/io/prometheus/simpleclient/0.7.0/simpleclient-0.7.0.jar:/home/runner/.m2/repository/io/prometheus/simpleclient_common/0.7.0/simpleclient_common-0.7.0.jar:/home/runner/.m2/repository/io/dropwizard/metrics/metrics-core/3.2.4/metrics-core-3.2.4.jar:/home/runner/.m2/repository/org/apache/hadoop/hadoop-hdfs-client/3.3.1/hadoop-hdfs-client-3.3.1.jar:/home/runner/.m2/repository/org/bouncycastle/bcprov-jdk15on/1.67/bcprov-jdk15on-1.67.jar:/home/runner/.m2/repository/com/google/protobuf/protobuf-java/2.5.0/protobuf-java-2.5.0.jar:/home/runner/.m2/repository/org/apache/ozone/ozone-manager/1.3.0-SNAPSHOT/ozone-manager-1.3.0-SNAPSHOT.jar:/home/runner/.m2/repository/org/aspectj/aspectjrt/1.9.7/aspectjrt-1.9.7.jar:/home/runner/.m2/repository/org/aspectj/aspectjweaver/1.9.7/aspectjweaver-1.9.7.jar:/home/runner/.m2/repository/org/apache/ozone/hdds-interface-client/1.3.0-SNAPSHOT/hdds-interface-client-1.3.0-SNAPSHOT.jar:/home/runner/.m2/repository/org/apache/hadoop/thirdparty/hadoop-shaded-protobuf_3_7/1.1.1/hadoop-shaded-protobuf_3_7-1.1.1.jar:/home/runner/.m2/repository/org/apache/ozone/ozone-interface-storage/1.3.0-SNAPSHOT/ozone-interface-storage-1.3.0-SNAPSHOT.jar:/home/runner/.m2/repository/org/reflections/reflections/0.9.11/reflections-0.9.11.jar:/home/runner/.m2/repository/org/apache/hadoop/hadoop-minikdc/3.3.1/hadoop-minikdc-3.3.1.jar:/home/runner/.m2/repository/org/apache/kerby/kerb-simplekdc/1.0.1/kerb-simplekdc-1.0.1.jar:/home/runner/.m2/repository/org/apache/kerby/kerb-client/1.0.1/kerb-client-1.0.1.jar:/home/runner/.m2/repository/org/apache/kerby/kerby-config/1.0.1/kerby-config-1.0.1.jar:/home/runner/.m2/repository/org/apache/kerby/kerb-common/1.0.1/kerb-common-1.0.1.jar:/home/runner/.m2/repository/org/apache/kerby/kerb-crypto/1.0.1/kerb-crypto-1.0.1.jar:/home/runner/.m2/repository/org/apache/kerby/kerb-util/1.0.1/kerb-util-1.0.1.jar:/home/runner/.m2/repository/org/apache/kerby/token-provider/1.0.1/token-provider-1.0.1.jar:/home/runner/.m2/repository/org/apache/kerby/kerb-admin/1.0.1/kerb-admin-1.0.1.jar:/home/runner/.m2/repository/org/apache/kerby/kerb-server/1.0.1/kerb-server-1.0.1.jar:/home/runner/.m2/repository/org/apache/kerby/kerb-identity/1.0.1/kerb-identity-1.0.1.jar:/home/runner/.m2/repository/org/apache/kerby/kerby-xdr/1.0.1/kerby-xdr-1.0.1.jar:/home/runner/.m2/repository/org/slf4j/slf4j-log4j12/1.7.30/slf4j-log4j12-1.7.30.jar:/home/runner/.m2/repository/org/apache/ozone/ozone-s3gateway/1.3.0-SNAPSHOT/ozone-s3gateway-1.3.0-SNAPSHOT.jar:/home/runner/.m2/repository/org/javassist/javassist/3.21.0-GA/javassist-3.21.0-GA.jar:/home/runner/.m2/repository/org/jboss/weld/servlet/weld-servlet/2.4.7.Final/weld-servlet-2.4.7.Final.jar:/home/runner/.m2/repository/org/glassfish/jersey/containers/jersey-container-servlet-core/2.33/jersey-container-servlet-core-2.33.jar:/home/runner/.m2/repository/org/glassfish/hk2/external/jakarta.inject/2.6.1/jakarta.inject-2.6.1.jar:/home/runner/.m2/repository/org/glassfish/jersey/core/jersey-common/2.33/jersey-common-2.33.jar:/home/runner/.m2/repository/jakarta/ws/rs/jakarta.ws.rs-api/2.1.6/jakarta.ws.rs-api-2.1.6.jar:/home/runner/.m2/repository/org/glassfish/jersey/ext/cdi/jersey-cdi1x/2.33/jersey-cdi1x-2.33.jar:/home/runner/.m2/repository/org/glassfish/jersey/inject/jersey-hk2/2.33/jersey-hk2-2.33.jar:/home/runner/.m2/repository/org/glassfish/hk2/hk2-locator/2.6.1/hk2-locator-2.6.1.jar:/home/runner/.m2/repository/org/glassfish/jersey/media/jersey-media-jaxb/2.33/jersey-media-jaxb-2.33.jar:/home/runner/.m2/repository/org/glassfish/hk2/osgi-resource-locator/1.0.3/osgi-resource-locator-1.0.3.jar:/home/runner/.m2/repository/org/glassfish/hk2/hk2-api/2.5.0/hk2-api-2.5.0.jar:/home/runner/.m2/repository/org/glassfish/hk2/hk2-utils/2.5.0/hk2-utils-2.5.0.jar:/home/runner/.m2/repository/org/glassfish/hk2/external/aopalliance-repackaged/2.5.0/aopalliance-repackaged-2.5.0.jar:/home/runner/.m2/repository/com/fasterxml/jackson/dataformat/jackson-dataformat-xml/2.13.2/jackson-dataformat-xml-2.13.2.jar:/home/runner/.m2/repository/com/fasterxml/jackson/core/jackson-core/2.13.2/jackson-core-2.13.2.jar:/home/runner/.m2/repository/org/codehaus/woodstox/stax2-api/3.1.4/stax2-api-3.1.4.jar:/home/runner/.m2/repository/com/fasterxml/woodstox/woodstox-core/5.0.3/woodstox-core-5.0.3.jar:/home/runner/.m2/repository/com/fasterxml/jackson/module/jackson-module-jaxb-annotations/2.13.2/jackson-module-jaxb-annotations-2.13.2.jar:/home/runner/.m2/repository/jakarta/xml/bind/jakarta.xml.bind-api/2.3.3/jakarta.xml.bind-api-2.3.3.jar:/home/runner/.m2/repository/jakarta/activation/jakarta.activation-api/1.2.1/jakarta.activation-api-1.2.1.jar:/home/runner/.m2/repository/javax/enterprise/cdi-api/1.2/cdi-api-1.2.jar:/home/runner/.m2/repository/javax/el/javax.el-api/3.0.0/javax.el-api-3.0.0.jar:/home/runner/.m2/repository/javax/interceptor/javax.interceptor-api/1.2/javax.interceptor-api-1.2.jar:/home/runner/.m2/repository/javax/inject/javax.inject/1/javax.inject-1.jar:/home/runner/.m2/repository/javax/xml/bind/jaxb-api/2.3.0/jaxb-api-2.3.0.jar:/home/runner/.m2/repository/org/glassfish/jaxb/jaxb-runtime/2.3.0.1/jaxb-runtime-2.3.0.1.jar:/home/runner/.m2/repository/org/glassfish/jaxb/jaxb-core/2.3.0.1/jaxb-core-2.3.0.1.jar:/home/runner/.m2/repository/org/glassfish/jaxb/txw2/2.3.0.1/txw2-2.3.0.1.jar:/home/runner/.m2/repository/com/sun/istack/istack-commons-runtime/3.0.5/istack-commons-runtime-3.0.5.jar:/home/runner/.m2/repository/org/jvnet/staxex/stax-ex/1.7.8/stax-ex-1.7.8.jar:/home/runner/.m2/repository/com/sun/xml/fastinfoset/FastInfoset/1.2.13/FastInfoset-1.2.13.jar:/home/runner/.m2/repository/javax/activation/activation/1.1.1/activation-1.1.1.jar:/home/runner/.m2/repository/io/grpc/grpc-protobuf/1.44.0/grpc-protobuf-1.44.0.jar:/home/runner/.m2/repository/io/grpc/grpc-api/1.44.0/grpc-api-1.44.0.jar:/home/runner/.m2/repository/io/grpc/grpc-context/1.44.0/grpc-context-1.44.0.jar:/home/runner/.m2/repository/com/google/api/grpc/proto-google-common-protos/2.0.1/proto-google-common-protos-2.0.1.jar:/home/runner/.m2/repository/io/grpc/grpc-protobuf-lite/1.44.0/grpc-protobuf-lite-1.44.0.jar:/home/runner/.m2/repository/io/grpc/grpc-stub/1.44.0/grpc-stub-1.44.0.jar:/home/runner/.m2/repository/io/netty/netty-transport/4.1.74.Final/netty-transport-4.1.74.Final.jar:/home/runner/.m2/repository/io/netty/netty-resolver/4.1.74.Final/netty-resolver-4.1.74.Final.jar:/home/runner/.m2/repository/org/apache/ozone/ozone-csi/1.3.0-SNAPSHOT/ozone-csi-1.3.0-SNAPSHOT.jar:/home/runner/.m2/repository/com/google/protobuf/protobuf-java-util/3.19.2/protobuf-java-util-3.19.2.jar:/home/runner/.m2/repository/com/google/code/gson/gson/2.8.9/gson-2.8.9.jar:/home/runner/.m2/repository/org/apache/ozone/hdds-config/1.3.0-SNAPSHOT/hdds-config-1.3.0-SNAPSHOT.jar:/home/runner/.m2/repository/io/netty/netty-transport-native-epoll/4.1.74.Final/netty-transport-native-epoll-4.1.74.Final-linux-x86_64.jar:/home/runner/.m2/repository/io/netty/netty-transport-classes-epoll/4.1.74.Final/netty-transport-classes-epoll-4.1.74.Final.jar:/home/runner/.m2/repository/io/netty/netty-transport-native-unix-common/4.1.74.Final/netty-transport-native-unix-common-4.1.74.Final.jar:/home/runner/.m2/repository/org/apache/ozone/ozone-recon/1.3.0-SNAPSHOT/ozone-recon-1.3.0-SNAPSHOT.jar:/home/runner/.m2/repository/org/apache/ozone/ozone-reconcodegen/1.3.0-SNAPSHOT/ozone-reconcodegen-1.3.0-SNAPSHOT.jar:/home/runner/.m2/repository/com/google/inject/extensions/guice-multibindings/4.0/guice-multibindings-4.0.jar:/home/runner/.m2/repository/com/google/inject/guice/4.0/guice-4.0.jar:/home/runner/.m2/repository/aopalliance/aopalliance/1.0/aopalliance-1.0.jar:/home/runner/.m2/repository/com/google/inject/extensions/guice-assistedinject/4.0/guice-assistedinject-4.0.jar:/home/runner/.m2/repository/com/google/inject/extensions/guice-servlet/4.0/guice-servlet-4.0.jar:/home/runner/.m2/repository/org/glassfish/jersey/containers/jersey-container-servlet/2.33/jersey-container-servlet-2.33.jar:/home/runner/.m2/repository/org/glassfish/hk2/guice-bridge/2.5.0/guice-bridge-2.5.0.jar:/home/runner/.m2/repository/org/glassfish/jersey/core/jersey-server/2.33/jersey-server-2.33.jar:/home/runner/.m2/repository/org/glassfish/jersey/core/jersey-client/2.33/jersey-client-2.33.jar:/home/runner/.m2/repository/jakarta/annotation/jakarta.annotation-api/1.3.5/jakarta.annotation-api-1.3.5.jar:/home/runner/.m2/repository/jakarta/validation/jakarta.validation-api/2.0.2/jakarta.validation-api-2.0.2.jar:/home/runner/.m2/repository/org/glassfish/jersey/media/jersey-media-json-jackson/2.33/jersey-media-json-jackson-2.33.jar:/home/runner/.m2/repository/org/glassfish/jersey/ext/jersey-entity-filtering/2.33/jersey-entity-filtering-2.33.jar:/home/runner/.m2/repository/org/jooq/jooq/3.11.10/jooq-3.11.10.jar:/home/runner/.m2/repository/org/jooq/jooq-meta/3.11.10/jooq-meta-3.11.10.jar:/home/runner/.m2/repository/org/jooq/jooq-codegen/3.11.10/jooq-codegen-3.11.10.jar:/home/runner/.m2/repository/com/jolbox/bonecp/0.8.0.RELEASE/bonecp-0.8.0.RELEASE.jar:/home/runner/.m2/repository/org/apache/derby/derby/10.14.2.0/derby-10.14.2.0.jar:/home/runner/.m2/repository/org/xerial/sqlite-jdbc/3.25.2/sqlite-jdbc-3.25.2.jar:/home/runner/.m2/repository/org/springframework/spring-jdbc/5.2.20.RELEASE/spring-jdbc-5.2.20.RELEASE.jar:/home/runner/.m2/repository/org/springframework/spring-beans/5.2.20.RELEASE/spring-beans-5.2.20.RELEASE.jar:/home/runner/.m2/repository/org/springframework/spring-core/5.2.20.RELEASE/spring-core-5.2.20.RELEASE.jar:/home/runner/.m2/repository/org/springframework/spring-jcl/5.2.20.RELEASE/spring-jcl-5.2.20.RELEASE.jar:/home/runner/.m2/repository/org/springframework/spring-tx/5.2.20.RELEASE/spring-tx-5.2.20.RELEASE.jar:/home/runner/.m2/repository/org/apache/ozone/ozone-client/1.3.0-SNAPSHOT/ozone-client-1.3.0-SNAPSHOT.jar:/home/runner/.m2/repository/org/apache/ozone/hdds-erasurecode/1.3.0-SNAPSHOT/hdds-erasurecode-1.3.0-SNAPSHOT.jar:/home/runner/.m2/repository/com/github/spotbugs/spotbugs-annotations/3.1.12/spotbugs-annotations-3.1.12.jar:/home/runner/.m2/repository/org/apache/ozone/ozone-filesystem/1.3.0-SNAPSHOT/ozone-filesystem-1.3.0-SNAPSHOT.jar:/home/runner/.m2/repository/org/apache/ozone/ozone-filesystem-common/1.3.0-SNAPSHOT/ozone-filesystem-common-1.3.0-SNAPSHOT.jar:/home/runner/.m2/repository/org/apache/ozone/ozone-tools/1.3.0-SNAPSHOT/ozone-tools-1.3.0-SNAPSHOT.jar:/home/runner/.m2/repository/org/apache/ratis/ratis-tools/2.3.0/ratis-tools-2.3.0.jar:/home/runner/.m2/repository/com/amazonaws/aws-java-sdk-core/1.12.124/aws-java-sdk-core-1.12.124.jar:/home/runner/.m2/repository/org/apache/httpcomponents/httpclient/4.5.13/httpclient-4.5.13.jar:/home/runner/.m2/repository/org/apache/httpcomponents/httpcore/4.4.13/httpcore-4.4.13.jar:/home/runner/.m2/repository/software/amazon/ion/ion-java/1.0.2/ion-java-1.0.2.jar:/home/runner/.m2/repository/com/fasterxml/jackson/dataformat/jackson-dataformat-cbor/2.13.2/jackson-dataformat-cbor-2.13.2.jar:/home/runner/.m2/repository/joda-time/joda-time/2.8.1/joda-time-2.8.1.jar:/home/runner/.m2/repository/com/amazonaws/aws-java-sdk-s3/1.12.124/aws-java-sdk-s3-1.12.124.jar:/home/runner/.m2/repository/com/amazonaws/aws-java-sdk-kms/1.12.124/aws-java-sdk-kms-1.12.124.jar:/home/runner/.m2/repository/com/amazonaws/jmespath-java/1.12.124/jmespath-java-1.12.124.jar:/home/runner/.m2/repository/org/kohsuke/metainf-services/metainf-services/1.8/metainf-services-1.8.jar:/home/runner/.m2/repository/org/apache/ozone/hdds-tools/1.3.0-SNAPSHOT/hdds-tools-1.3.0-SNAPSHOT.jar:/home/runner/.m2/repository/commons-cli/commons-cli/1.2/commons-cli-1.2.jar:/home/runner/.m2/repository/org/apache/commons/commons-lang3/3.7/commons-lang3-3.7.jar:/home/runner/.m2/repository/org/apache/ozone/ozone-manager/1.3.0-SNAPSHOT/ozone-manager-1.3.0-SNAPSHOT-tests.jar:/home/runner/.m2/repository/org/apache/ozone/hdds-common/1.3.0-SNAPSHOT/hdds-common-1.3.0-SNAPSHOT-tests.jar:/home/runner/.m2/repository/org/apache/ozone/hdds-hadoop-dependency-client/1.3.0-SNAPSHOT/hdds-hadoop-dependency-client-1.3.0-SNAPSHOT.jar:/home/runner/.m2/repository/info/picocli/picocli/4.6.1/picocli-4.6.1.jar:/home/runner/.m2/repository/com/fasterxml/jackson/core/jackson-annotations/2.13.2/jackson-annotations-2.13.2.jar:/home/runner/.m2/repository/com/fasterxml/jackson/datatype/jackson-datatype-jsr310/2.13.2/jackson-datatype-jsr310-2.13.2.jar:/home/runner/.m2/repository/javax/annotation/javax.annotation-api/1.2/javax.annotation-api-1.2.jar:/home/runner/.m2/repository/org/apache/ratis/ratis-server/2.3.0/ratis-server-2.3.0.jar:/home/runner/.m2/repository/org/apache/ratis/ratis-client/2.3.0/ratis-client-2.3.0.jar:/home/runner/.m2/repository/org/apache/ratis/ratis-server-api/2.3.0/ratis-server-api-2.3.0.jar:/home/runner/.m2/repository/org/apache/ratis/ratis-metrics/2.3.0/ratis-metrics-2.3.0.jar:/home/runner/.m2/repository/org/apache/ratis/ratis-netty/2.3.0/ratis-netty-2.3.0.jar:/home/runner/.m2/repository/org/apache/ratis/ratis-grpc/2.3.0/ratis-grpc-2.3.0.jar:/home/runner/.m2/repository/org/apache/logging/log4j/log4j-api/2.17.1/log4j-api-2.17.1.jar:/home/runner/.m2/repository/org/apache/commons/commons-pool2/2.6.0/commons-pool2-2.6.0.jar:/home/runner/.m2/repository/org/bouncycastle/bcpkix-jdk15on/1.67/bcpkix-jdk15on-1.67.jar:/home/runner/.m2/repository/commons-validator/commons-validator/1.6/commons-validator-1.6.jar:/home/runner/.m2/repository/commons-beanutils/commons-beanutils/1.9.4/commons-beanutils-1.9.4.jar:/home/runner/.m2/repository/commons-digester/commons-digester/1.8.1/commons-digester-1.8.1.jar:/home/runner/.m2/repository/commons-collections/commons-collections/3.2.2/commons-collections-3.2.2.jar:/home/runner/.m2/repository/io/jaegertracing/jaeger-client/1.6.0/jaeger-client-1.6.0.jar:/home/runner/.m2/repository/io/jaegertracing/jaeger-thrift/1.6.0/jaeger-thrift-1.6.0.jar:/home/runner/.m2/repository/org/apache/thrift/libthrift/0.14.1/libthrift-0.14.1.jar:/home/runner/.m2/repository/com/squareup/okhttp3/okhttp/4.9.0/okhttp-4.9.0.jar:/home/runner/.m2/repository/com/squareup/okio/okio/2.8.0/okio-2.8.0.jar:/home/runner/.m2/repository/io/jaegertracing/jaeger-core/1.6.0/jaeger-core-1.6.0.jar:/home/runner/.m2/repository/io/jaegertracing/jaeger-tracerresolver/1.6.0/jaeger-tracerresolver-1.6.0.jar:/home/runner/.m2/repository/io/opentracing/contrib/opentracing-tracerresolver/0.1.8/opentracing-tracerresolver-0.1.8.jar:/home/runner/.m2/repository/org/jetbrains/kotlin/kotlin-stdlib/1.4.31/kotlin-stdlib-1.4.31.jar:/home/runner/.m2/repository/org/jetbrains/kotlin/kotlin-stdlib-common/1.4.31/kotlin-stdlib-common-1.4.31.jar:/home/runner/.m2/repository/org/jetbrains/annotations/13.0/annotations-13.0.jar:/home/runner/.m2/repository/io/opentracing/opentracing-util/0.33.0/opentracing-util-0.33.0.jar:/home/runner/.m2/repository/io/opentracing/opentracing-api/0.33.0/opentracing-api-0.33.0.jar:/home/runner/.m2/repository/io/opentracing/opentracing-noop/0.33.0/opentracing-noop-0.33.0.jar:/home/runner/.m2/repository/org/yaml/snakeyaml/1.26/snakeyaml-1.26.jar:/home/runner/.m2/repository/org/apache/ozone/hdds-interface-admin/1.3.0-SNAPSHOT/hdds-interface-admin-1.3.0-SNAPSHOT.jar:/home/runner/.m2/repository/junit/junit/4.13.1/junit-4.13.1.jar:/home/runner/.m2/repository/org/hamcrest/hamcrest-core/1.3/hamcrest-core-1.3.jar:/home/runner/.m2/repository/org/junit/jupiter/junit-jupiter-api/5.8.2/junit-jupiter-api-5.8.2.jar:/home/runner/.m2/repository/org/opentest4j/opentest4j/1.2.0/opentest4j-1.2.0.jar:/home/runner/.m2/repository/org/junit/platform/junit-platform-commons/1.8.2/junit-platform-commons-1.8.2.jar:/home/runner/.m2/repository/org/apiguardian/apiguardian-api/1.1.2/apiguardian-api-1.1.2.jar:/home/runner/.m2/repository/org/junit/jupiter/junit-jupiter-params/5.8.2/junit-jupiter-params-5.8.2.jar:/home/runner/.m2/repository/org/junit/jupiter/junit-jupiter-migrationsupport/5.8.2/junit-jupiter-migrationsupport-5.8.2.jar:/home/runner/.m2/repository/org/junit/jupiter/junit-jupiter-engine/5.8.2/junit-jupiter-engine-5.8.2.jar:/home/runner/.m2/repository/org/junit/platform/junit-platform-engine/1.8.2/junit-platform-engine-1.8.2.jar:/home/runner/.m2/repository/org/junit/vintage/junit-vintage-engine/5.8.2/junit-vintage-engine-5.8.2.jar:/home/runner/.m2/repository/org/junit/platform/junit-platform-launcher/1.8.2/junit-platform-launcher-1.8.2.jar:/home/runner/.m2/repository/org/mockito/mockito-core/2.28.2/mockito-core-2.28.2.jar:/home/runner/.m2/repository/net/bytebuddy/byte-buddy/1.9.10/byte-buddy-1.9.10.jar:/home/runner/.m2/repository/net/bytebuddy/byte-buddy-agent/1.9.10/byte-buddy-agent-1.9.10.jar:/home/runner/.m2/repository/org/objenesis/objenesis/1.0/objenesis-1.0.jar:/home/runner/.m2/repository/org/apache/hadoop/hadoop-kms/3.3.1/hadoop-kms-3.3.1.jar:/home/runner/.m2/repository/org/apache/hadoop/hadoop-auth/3.3.1/hadoop-auth-3.3.1.jar:/home/runner/.m2/repository/com/nimbusds/nimbus-jose-jwt/7.9/nimbus-jose-jwt-7.9.jar:/home/runner/.m2/repository/com/github/stephenc/jcip/jcip-annotations/1.0-1/jcip-annotations-1.0-1.jar:/home/runner/.m2/repository/net/minidev/json-smart/2.4.7/json-smart-2.4.7.jar:/home/runner/.m2/repository/net/minidev/accessors-smart/2.4.7/accessors-smart-2.4.7.jar:/home/runner/.m2/repository/org/ow2/asm/asm/5.0.4/asm-5.0.4.jar:/home/runner/.m2/repository/org/apache/zookeeper/zookeeper/3.5.6/zookeeper-3.5.6.jar:/home/runner/.m2/repository/org/apache/zookeeper/zookeeper-jute/3.5.6/zookeeper-jute-3.5.6.jar:/home/runner/.m2/repository/org/apache/yetus/audience-annotations/0.5.0/audience-annotations-0.5.0.jar:/home/runner/.m2/repository/org/apache/curator/curator-framework/4.2.0/curator-framework-4.2.0.jar:/home/runner/.m2/repository/org/apache/hadoop/thirdparty/hadoop-shaded-guava/1.1.1/hadoop-shaded-guava-1.1.1.jar:/home/runner/.m2/repository/com/sun/jersey/jersey-core/1.19/jersey-core-1.19.jar:/home/runner/.m2/repository/javax/ws/rs/jsr311-api/1.1.1/jsr311-api-1.1.1.jar:/home/runner/.m2/repository/com/sun/jersey/jersey-server/1.19/jersey-server-1.19.jar:/home/runner/.m2/repository/javax/servlet/javax.servlet-api/3.1.0/javax.servlet-api-3.1.0.jar:/home/runner/.m2/repository/org/eclipse/jetty/jetty-server/9.4.43.v20210629/jetty-server-9.4.43.v20210629.jar:/home/runner/.m2/repository/org/eclipse/jetty/jetty-http/9.4.43.v20210629/jetty-http-9.4.43.v20210629.jar:/home/runner/.m2/repository/org/eclipse/jetty/jetty-io/9.4.43.v20210629/jetty-io-9.4.43.v20210629.jar:/home/runner/.m2/repository/org/eclipse/jetty/jetty-webapp/9.4.43.v20210629/jetty-webapp-9.4.43.v20210629.jar:/home/runner/.m2/repository/org/eclipse/jetty/jetty-xml/9.4.43.v20210629/jetty-xml-9.4.43.v20210629.jar:/home/runner/.m2/repository/org/apache/hadoop/hadoop-common/3.3.1/hadoop-common-3.3.1.jar:/home/runner/.m2/repository/org/apache/commons/commons-math3/3.1.1/commons-math3-3.1.1.jar:/home/runner/.m2/repository/commons-net/commons-net/3.6/commons-net-3.6.jar:/home/runner/.m2/repository/com/sun/jersey/jersey-servlet/1.19/jersey-servlet-1.19.jar:/home/runner/.m2/repository/com/sun/jersey/jersey-json/1.19/jersey-json-1.19.jar:/home/runner/.m2/repository/org/codehaus/jettison/jettison/1.1/jettison-1.1.jar:/home/runner/.m2/repository/com/sun/xml/bind/jaxb-impl/2.2.3-1/jaxb-impl-2.2.3-1.jar:/home/runner/.m2/repository/org/codehaus/jackson/jackson-jaxrs/1.9.2/jackson-jaxrs-1.9.2.jar:/home/runner/.m2/repository/org/codehaus/jackson/jackson-xc/1.9.2/jackson-xc-1.9.2.jar:/home/runner/.m2/repository/org/apache/commons/commons-configuration2/2.1.1/commons-configuration2-2.1.1.jar:/home/runner/.m2/repository/org/apache/commons/commons-text/1.4/commons-text-1.4.jar:/home/runner/.m2/repository/com/google/re2j/re2j/1.1/re2j-1.1.jar:/home/runner/.m2/repository/com/jcraft/jsch/0.1.54/jsch-0.1.54.jar:/home/runner/.m2/repository/org/apache/curator/curator-client/4.2.0/curator-client-4.2.0.jar:/home/runner/.m2/repository/org/apache/curator/curator-recipes/4.2.0/curator-recipes-4.2.0.jar:/home/runner/.m2/repository/org/apache/kerby/kerb-core/1.0.1/kerb-core-1.0.1.jar:/home/runner/.m2/repository/org/apache/kerby/kerby-pkix/1.0.1/kerby-pkix-1.0.1.jar:/home/runner/.m2/repository/org/apache/kerby/kerby-asn1/1.0.1/kerby-asn1-1.0.1.jar:/home/runner/.m2/repository/org/apache/kerby/kerby-util/1.0.1/kerby-util-1.0.1.jar:/home/runner/.m2/repository/dnsjava/dnsjava/2.1.7/dnsjava-2.1.7.jar:/home/runner/.m2/repository/org/xerial/snappy/snappy-java/1.1.8.2/snappy-java-1.1.8.2.jar:/home/runner/.m2/repository/org/slf4j/jul-to-slf4j/1.7.30/jul-to-slf4j-1.7.30.jar:/home/runner/.m2/repository/org/eclipse/jetty/jetty-util/9.4.43.v20210629/jetty-util-9.4.43.v20210629.jar:/home/runner/.m2/repository/com/fasterxml/jackson/core/jackson-databind/2.13.2.2/jackson-databind-2.13.2.2.jar:/home/runner/.m2/repository/org/apache/hadoop/hadoop-kms/3.3.1/hadoop-kms-3.3.1-tests.jar:/home/runner/.m2/repository/org/apache/ozone/hdds-server-scm/1.3.0-SNAPSHOT/hdds-server-scm-1.3.0-SNAPSHOT-tests.jar:/home/runner/.m2/repository/org/apache/ozone/hdds-container-service/1.3.0-SNAPSHOT/hdds-container-service-1.3.0-SNAPSHOT-tests.jar:/home/runner/.m2/repository/commons-codec/commons-codec/1.11/commons-codec-1.11.jar:/home/runner/.m2/repository/io/netty/netty-codec/4.1.74.Final/netty-codec-4.1.74.Final.jar:/home/runner/.m2/repository/io/netty/netty-handler/4.1.74.Final/netty-handler-4.1.74.Final.jar:/home/runner/.m2/repository/org/apache/ozone/hdds-hadoop-dependency-test/1.3.0-SNAPSHOT/hdds-hadoop-dependency-test-1.3.0-SNAPSHOT.jar:/home/runner/.m2/repository/org/apache/hadoop/hadoop-common/3.3.1/hadoop-common-3.3.1-tests.jar:/home/runner/.m2/repository/org/assertj/assertj-core/3.12.2/assertj-core-3.12.2.jar:/home/runner/.m2/repository/org/apache/hadoop/hadoop-hdfs/3.3.1/hadoop-hdfs-3.3.1-tests.jar:/home/runner/.m2/repository/org/eclipse/jetty/jetty-util-ajax/9.4.43.v20210629/jetty-util-ajax-9.4.43.v20210629.jar:/home/runner/.m2/repository/commons-daemon/commons-daemon/1.0.13/commons-daemon-1.0.13.jar:/home/runner/.m2/repository/io/netty/netty/3.10.6.Final/netty-3.10.6.Final.jar:/home/runner/.m2/repository/io/netty/netty-all/4.1.74.Final/netty-all-4.1.74.Final.jar:/home/runner/.m2/repository/io/netty/netty-codec-dns/4.1.74.Final/netty-codec-dns-4.1.74.Final.jar:/home/runner/.m2/repository/io/netty/netty-codec-haproxy/4.1.74.Final/netty-codec-haproxy-4.1.74.Final.jar:/home/runner/.m2/repository/io/netty/netty-codec-memcache/4.1.74.Final/netty-codec-memcache-4.1.74.Final.jar:/home/runner/.m2/repository/io/netty/netty-codec-mqtt/4.1.74.Final/netty-codec-mqtt-4.1.74.Final.jar:/home/runner/.m2/repository/io/netty/netty-codec-redis/4.1.74.Final/netty-codec-redis-4.1.74.Final.jar:/home/runner/.m2/repository/io/netty/netty-codec-smtp/4.1.74.Final/netty-codec-smtp-4.1.74.Final.jar:/home/runner/.m2/repository/io/netty/netty-codec-stomp/4.1.74.Final/netty-codec-stomp-4.1.74.Final.jar:/home/runner/.m2/repository/io/netty/netty-codec-xml/4.1.74.Final/netty-codec-xml-4.1.74.Final.jar:/home/runner/.m2/repository/io/netty/netty-resolver-dns/4.1.74.Final/netty-resolver-dns-4.1.74.Final.jar:/home/runner/.m2/repository/io/netty/netty-transport-rxtx/4.1.74.Final/netty-transport-rxtx-4.1.74.Final.jar:/home/runner/.m2/repository/io/netty/netty-transport-sctp/4.1.74.Final/netty-transport-sctp-4.1.74.Final.jar:/home/runner/.m2/repository/io/netty/netty-transport-udt/4.1.74.Final/netty-transport-udt-4.1.74.Final.jar:/home/runner/.m2/repository/io/netty/netty-transport-classes-kqueue/4.1.74.Final/netty-transport-classes-kqueue-4.1.74.Final.jar:/home/runner/.m2/repository/io/netty/netty-resolver-dns-classes-macos/4.1.74.Final/netty-resolver-dns-classes-macos-4.1.74.Final.jar:/home/runner/.m2/repository/io/netty/netty-transport-native-epoll/4.1.74.Final/netty-transport-native-epoll-4.1.74.Final-linux-aarch_64.jar:/home/runner/.m2/repository/io/netty/netty-transport-native-kqueue/4.1.74.Final/netty-transport-native-kqueue-4.1.74.Final-osx-x86_64.jar:/home/runner/.m2/repository/io/netty/netty-transport-native-kqueue/4.1.74.Final/netty-transport-native-kqueue-4.1.74.Final-osx-aarch_64.jar:/home/runner/.m2/repository/io/netty/netty-resolver-dns-native-macos/4.1.74.Final/netty-resolver-dns-native-macos-4.1.74.Final-osx-x86_64.jar:/home/runner/.m2/repository/io/netty/netty-resolver-dns-native-macos/4.1.74.Final/netty-resolver-dns-native-macos-4.1.74.Final-osx-aarch_64.jar:/home/runner/.m2/repository/org/apache/htrace/htrace-core4/4.1.0-incubating/htrace-core4-4.1.0-incubating.jar:/home/runner/.m2/repository/org/fusesource/leveldbjni/leveldbjni-all/1.8/leveldbjni-all-1.8.jar:/home/runner/.m2/repository/org/apache/hadoop/hadoop-distcp/3.3.1/hadoop-distcp-3.3.1.jar:/home/runner/.m2/repository/org/apache/hadoop/hadoop-mapreduce-client-jobclient/3.3.1/hadoop-mapreduce-client-jobclient-3.3.1.jar:/home/runner/.m2/repository/org/apache/hadoop/hadoop-mapreduce-client-common/3.3.1/hadoop-mapreduce-client-common-3.3.1.jar:/home/runner/.m2/repository/org/apache/hadoop/hadoop-yarn-common/3.3.1/hadoop-yarn-common-3.3.1.jar:/home/runner/.m2/repository/org/apache/hadoop/hadoop-yarn-api/3.3.1/hadoop-yarn-api-3.3.1.jar:/home/runner/.m2/repository/com/sun/jersey/jersey-client/1.19/jersey-client-1.19.jar:/home/runner/.m2/repository/com/sun/jersey/contribs/jersey-guice/1.19/jersey-guice-1.19.jar:/home/runner/.m2/repository/com/fasterxml/jackson/jaxrs/jackson-jaxrs-json-provider/2.13.2/jackson-jaxrs-json-provider-2.13.2.jar:/home/runner/.m2/repository/com/fasterxml/jackson/jaxrs/jackson-jaxrs-base/2.13.2/jackson-jaxrs-base-2.13.2.jar:/home/runner/.m2/repository/org/apache/hadoop/hadoop-yarn-client/3.3.1/hadoop-yarn-client-3.3.1.jar:/home/runner/.m2/repository/org/eclipse/jetty/websocket/websocket-client/9.4.40.v20210413/websocket-client-9.4.40.v20210413.jar:/home/runner/.m2/repository/org/eclipse/jetty/jetty-client/9.4.40.v20210413/jetty-client-9.4.40.v20210413.jar:/home/runner/.m2/repository/org/eclipse/jetty/websocket/websocket-common/9.4.40.v20210413/websocket-common-9.4.40.v20210413.jar:/home/runner/.m2/repository/org/eclipse/jetty/websocket/websocket-api/9.4.40.v20210413/websocket-api-9.4.40.v20210413.jar:/home/runner/.m2/repository/org/jline/jline/3.9.0/jline-3.9.0.jar:/home/runner/.m2/repository/org/apache/hadoop/hadoop-mapreduce-client-core/3.3.1/hadoop-mapreduce-client-core-3.3.1.jar:/home/runner/.m2/repository/org/apache/avro/avro/1.7.7/avro-1.7.7.jar:/home/runner/.m2/repository/org/codehaus/jackson/jackson-core-asl/1.9.13/jackson-core-asl-1.9.13.jar:/home/runner/.m2/repository/org/codehaus/jackson/jackson-mapper-asl/1.9.13/jackson-mapper-asl-1.9.13.jar:/home/runner/.m2/repository/com/thoughtworks/paranamer/paranamer/2.3/paranamer-2.3.jar:/home/runner/.m2/repository/org/apache/hadoop/hadoop-annotations/3.3.1/hadoop-annotations-3.3.1.jar:/usr/lib/jvm/temurin-8-jdk-amd64/jre/../lib/tools.jar:/home/runner/.m2/repository/org/apache/hadoop/hadoop-distcp/3.3.1/hadoop-distcp-3.3.1-tests.jar:/home/runner/.m2/repository/org/apache/ratis/ratis-common/2.3.0/ratis-common-2.3.0.jar:/home/runner/.m2/repository/org/apache/ratis/ratis-thirdparty-misc/1.0.0/ratis-thirdparty-misc-1.0.0.jar:/home/runner/.m2/repository/org/apache/ratis/ratis-proto/2.3.0/ratis-proto-2.3.0.jar:/home/runner/.m2/repository/org/apache/ozone/ozone-annotation-processing/1.3.0-SNAPSHOT/ozone-annotation-processing-1.3.0-SNAPSHOT.jar:"/>
    <property name="java.vm.vendor" value="Temurin"/>
    <property name="sun.arch.data.model" value="64"/>
    <property name="test.build.dir" value="/home/runner/work/ozone/ozone/hadoop-ozone/integration-test/target/test-dir"/>
    <property name="test.cache.data" value=""/>
    <property name="java.vendor.url" value="https://adoptium.net/"/>
    <property name="user.timezone" value="Etc/UTC"/>
    <property name="java.vm.specification.version" value="1.8"/>
    <property name="os.name" value="Linux"/>
    <property name="test.build.data" value="/home/runner/work/ozone/ozone/hadoop-ozone/integration-test/target/test-dir"/>
    <property name="sun.java.launcher" value="SUN_STANDARD"/>
    <property name="sun.boot.library.path" value="/usr/lib/jvm/temurin-8-jdk-amd64/jre/lib/amd64"/>
    <property name="sun.java.command" value="/home/runner/work/ozone/ozone/hadoop-ozone/integration-test/target/surefire/surefirebooter8127622915200658219.jar /home/runner/work/ozone/ozone/hadoop-ozone/integration-test/target/surefire 2022-05-24T20-24-00_053-jvmRun1 surefire5842173855751343851tmp surefire_101810787166991075159tmp"/>
    <property name="surefire.test.class.path" value="/home/runner/work/ozone/ozone/hadoop-ozone/integration-test/target/test-classes:/home/runner/work/ozone/ozone/hadoop-ozone/integration-test/target/classes:/home/runner/.m2/repository/org/apache/ozone/ozone-common/1.3.0-SNAPSHOT/ozone-common-1.3.0-SNAPSHOT.jar:/home/runner/.m2/repository/io/grpc/grpc-netty/1.44.0/grpc-netty-1.44.0.jar:/home/runner/.m2/repository/io/grpc/grpc-core/1.44.0/grpc-core-1.44.0.jar:/home/runner/.m2/repository/com/google/android/annotations/4.1.1.4/annotations-4.1.1.4.jar:/home/runner/.m2/repository/org/codehaus/mojo/animal-sniffer-annotations/1.19/animal-sniffer-annotations-1.19.jar:/home/runner/.m2/repository/com/google/errorprone/error_prone_annotations/2.2.0/error_prone_annotations-2.2.0.jar:/home/runner/.m2/repository/io/perfmark/perfmark-api/0.23.0/perfmark-api-0.23.0.jar:/home/runner/.m2/repository/io/netty/netty-codec-http2/4.1.74.Final/netty-codec-http2-4.1.74.Final.jar:/home/runner/.m2/repository/io/netty/netty-common/4.1.74.Final/netty-common-4.1.74.Final.jar:/home/runner/.m2/repository/io/netty/netty-buffer/4.1.74.Final/netty-buffer-4.1.74.Final.jar:/home/runner/.m2/repository/io/netty/netty-codec-http/4.1.74.Final/netty-codec-http-4.1.74.Final.jar:/home/runner/.m2/repository/io/netty/netty-handler-proxy/4.1.74.Final/netty-handler-proxy-4.1.74.Final.jar:/home/runner/.m2/repository/io/netty/netty-codec-socks/4.1.74.Final/netty-codec-socks-4.1.74.Final.jar:/home/runner/.m2/repository/io/netty/netty-tcnative-boringssl-static/2.0.48.Final/netty-tcnative-boringssl-static-2.0.48.Final.jar:/home/runner/.m2/repository/io/netty/netty-tcnative-classes/2.0.48.Final/netty-tcnative-classes-2.0.48.Final.jar:/home/runner/.m2/repository/io/netty/netty-tcnative/2.0.48.Final/netty-tcnative-2.0.48.Final.jar:/home/runner/.m2/repository/org/apache/commons/commons-compress/1.21/commons-compress-1.21.jar:/home/runner/.m2/repository/org/apache/ozone/hdds-common/1.3.0-SNAPSHOT/hdds-common-1.3.0-SNAPSHOT.jar:/home/runner/.m2/repository/org/apache/ozone/hdds-client/1.3.0-SNAPSHOT/hdds-client-1.3.0-SNAPSHOT.jar:/home/runner/.m2/repository/org/apache/ozone/ozone-interface-client/1.3.0-SNAPSHOT/ozone-interface-client-1.3.0-SNAPSHOT.jar:/home/runner/.m2/repository/org/apache/ozone/hdds-test-utils/1.3.0-SNAPSHOT/hdds-test-utils-1.3.0-SNAPSHOT.jar:/home/runner/.m2/repository/com/google/guava/guava/31.1-jre/guava-31.1-jre.jar:/home/runner/.m2/repository/com/google/guava/failureaccess/1.0.1/failureaccess-1.0.1.jar:/home/runner/.m2/repository/com/google/guava/listenablefuture/9999.0-empty-to-avoid-conflict-with-guava/listenablefuture-9999.0-empty-to-avoid-conflict-with-guava.jar:/home/runner/.m2/repository/com/google/code/findbugs/jsr305/3.0.0/jsr305-3.0.0.jar:/home/runner/.m2/repository/org/checkerframework/checker-qual/3.12.0/checker-qual-3.12.0.jar:/home/runner/.m2/repository/com/google/j2objc/j2objc-annotations/1.3/j2objc-annotations-1.3.jar:/home/runner/.m2/repository/commons-io/commons-io/2.11.0/commons-io-2.11.0.jar:/home/runner/.m2/repository/commons-logging/commons-logging/1.2/commons-logging-1.2.jar:/home/runner/.m2/repository/log4j/log4j/1.2.17/log4j-1.2.17.jar:/home/runner/.m2/repository/org/slf4j/slf4j-api/1.7.30/slf4j-api-1.7.30.jar:/home/runner/.m2/repository/org/apache/ozone/hdds-server-scm/1.3.0-SNAPSHOT/hdds-server-scm-1.3.0-SNAPSHOT.jar:/home/runner/.m2/repository/org/apache/ozone/hdds-container-service/1.3.0-SNAPSHOT/hdds-container-service-1.3.0-SNAPSHOT.jar:/home/runner/.m2/repository/org/apache/ozone/hdds-hadoop-dependency-server/1.3.0-SNAPSHOT/hdds-hadoop-dependency-server-1.3.0-SNAPSHOT.jar:/home/runner/.m2/repository/org/apache/hadoop/hadoop-hdfs/3.3.1/hadoop-hdfs-3.3.1.jar:/home/runner/.m2/repository/org/apache/ozone/hdds-server-framework/1.3.0-SNAPSHOT/hdds-server-framework-1.3.0-SNAPSHOT.jar:/home/runner/.m2/repository/org/apache/ozone/hdds-interface-server/1.3.0-SNAPSHOT/hdds-interface-server-1.3.0-SNAPSHOT.jar:/home/runner/.m2/repository/org/apache/logging/log4j/log4j-core/2.17.1/log4j-core-2.17.1.jar:/home/runner/.m2/repository/com/lmax/disruptor/3.4.2/disruptor-3.4.2.jar:/home/runner/.m2/repository/org/eclipse/jetty/jetty-servlet/9.4.43.v20210629/jetty-servlet-9.4.43.v20210629.jar:/home/runner/.m2/repository/org/eclipse/jetty/jetty-security/9.4.43.v20210629/jetty-security-9.4.43.v20210629.jar:/home/runner/.m2/repository/org/rocksdb/rocksdbjni/7.0.4/rocksdbjni-7.0.4.jar:/home/runner/.m2/repository/io/prometheus/simpleclient_dropwizard/0.7.0/simpleclient_dropwizard-0.7.0.jar:/home/runner/.m2/repository/io/prometheus/simpleclient/0.7.0/simpleclient-0.7.0.jar:/home/runner/.m2/repository/io/prometheus/simpleclient_common/0.7.0/simpleclient_common-0.7.0.jar:/home/runner/.m2/repository/io/dropwizard/metrics/metrics-core/3.2.4/metrics-core-3.2.4.jar:/home/runner/.m2/repository/org/apache/hadoop/hadoop-hdfs-client/3.3.1/hadoop-hdfs-client-3.3.1.jar:/home/runner/.m2/repository/org/bouncycastle/bcprov-jdk15on/1.67/bcprov-jdk15on-1.67.jar:/home/runner/.m2/repository/com/google/protobuf/protobuf-java/2.5.0/protobuf-java-2.5.0.jar:/home/runner/.m2/repository/org/apache/ozone/ozone-manager/1.3.0-SNAPSHOT/ozone-manager-1.3.0-SNAPSHOT.jar:/home/runner/.m2/repository/org/aspectj/aspectjrt/1.9.7/aspectjrt-1.9.7.jar:/home/runner/.m2/repository/org/aspectj/aspectjweaver/1.9.7/aspectjweaver-1.9.7.jar:/home/runner/.m2/repository/org/apache/ozone/hdds-interface-client/1.3.0-SNAPSHOT/hdds-interface-client-1.3.0-SNAPSHOT.jar:/home/runner/.m2/repository/org/apache/hadoop/thirdparty/hadoop-shaded-protobuf_3_7/1.1.1/hadoop-shaded-protobuf_3_7-1.1.1.jar:/home/runner/.m2/repository/org/apache/ozone/ozone-interface-storage/1.3.0-SNAPSHOT/ozone-interface-storage-1.3.0-SNAPSHOT.jar:/home/runner/.m2/repository/org/reflections/reflections/0.9.11/reflections-0.9.11.jar:/home/runner/.m2/repository/org/apache/hadoop/hadoop-minikdc/3.3.1/hadoop-minikdc-3.3.1.jar:/home/runner/.m2/repository/org/apache/kerby/kerb-simplekdc/1.0.1/kerb-simplekdc-1.0.1.jar:/home/runner/.m2/repository/org/apache/kerby/kerb-client/1.0.1/kerb-client-1.0.1.jar:/home/runner/.m2/repository/org/apache/kerby/kerby-config/1.0.1/kerby-config-1.0.1.jar:/home/runner/.m2/repository/org/apache/kerby/kerb-common/1.0.1/kerb-common-1.0.1.jar:/home/runner/.m2/repository/org/apache/kerby/kerb-crypto/1.0.1/kerb-crypto-1.0.1.jar:/home/runner/.m2/repository/org/apache/kerby/kerb-util/1.0.1/kerb-util-1.0.1.jar:/home/runner/.m2/repository/org/apache/kerby/token-provider/1.0.1/token-provider-1.0.1.jar:/home/runner/.m2/repository/org/apache/kerby/kerb-admin/1.0.1/kerb-admin-1.0.1.jar:/home/runner/.m2/repository/org/apache/kerby/kerb-server/1.0.1/kerb-server-1.0.1.jar:/home/runner/.m2/repository/org/apache/kerby/kerb-identity/1.0.1/kerb-identity-1.0.1.jar:/home/runner/.m2/repository/org/apache/kerby/kerby-xdr/1.0.1/kerby-xdr-1.0.1.jar:/home/runner/.m2/repository/org/slf4j/slf4j-log4j12/1.7.30/slf4j-log4j12-1.7.30.jar:/home/runner/.m2/repository/org/apache/ozone/ozone-s3gateway/1.3.0-SNAPSHOT/ozone-s3gateway-1.3.0-SNAPSHOT.jar:/home/runner/.m2/repository/org/javassist/javassist/3.21.0-GA/javassist-3.21.0-GA.jar:/home/runner/.m2/repository/org/jboss/weld/servlet/weld-servlet/2.4.7.Final/weld-servlet-2.4.7.Final.jar:/home/runner/.m2/repository/org/glassfish/jersey/containers/jersey-container-servlet-core/2.33/jersey-container-servlet-core-2.33.jar:/home/runner/.m2/repository/org/glassfish/hk2/external/jakarta.inject/2.6.1/jakarta.inject-2.6.1.jar:/home/runner/.m2/repository/org/glassfish/jersey/core/jersey-common/2.33/jersey-common-2.33.jar:/home/runner/.m2/repository/jakarta/ws/rs/jakarta.ws.rs-api/2.1.6/jakarta.ws.rs-api-2.1.6.jar:/home/runner/.m2/repository/org/glassfish/jersey/ext/cdi/jersey-cdi1x/2.33/jersey-cdi1x-2.33.jar:/home/runner/.m2/repository/org/glassfish/jersey/inject/jersey-hk2/2.33/jersey-hk2-2.33.jar:/home/runner/.m2/repository/org/glassfish/hk2/hk2-locator/2.6.1/hk2-locator-2.6.1.jar:/home/runner/.m2/repository/org/glassfish/jersey/media/jersey-media-jaxb/2.33/jersey-media-jaxb-2.33.jar:/home/runner/.m2/repository/org/glassfish/hk2/osgi-resource-locator/1.0.3/osgi-resource-locator-1.0.3.jar:/home/runner/.m2/repository/org/glassfish/hk2/hk2-api/2.5.0/hk2-api-2.5.0.jar:/home/runner/.m2/repository/org/glassfish/hk2/hk2-utils/2.5.0/hk2-utils-2.5.0.jar:/home/runner/.m2/repository/org/glassfish/hk2/external/aopalliance-repackaged/2.5.0/aopalliance-repackaged-2.5.0.jar:/home/runner/.m2/repository/com/fasterxml/jackson/dataformat/jackson-dataformat-xml/2.13.2/jackson-dataformat-xml-2.13.2.jar:/home/runner/.m2/repository/com/fasterxml/jackson/core/jackson-core/2.13.2/jackson-core-2.13.2.jar:/home/runner/.m2/repository/org/codehaus/woodstox/stax2-api/3.1.4/stax2-api-3.1.4.jar:/home/runner/.m2/repository/com/fasterxml/woodstox/woodstox-core/5.0.3/woodstox-core-5.0.3.jar:/home/runner/.m2/repository/com/fasterxml/jackson/module/jackson-module-jaxb-annotations/2.13.2/jackson-module-jaxb-annotations-2.13.2.jar:/home/runner/.m2/repository/jakarta/xml/bind/jakarta.xml.bind-api/2.3.3/jakarta.xml.bind-api-2.3.3.jar:/home/runner/.m2/repository/jakarta/activation/jakarta.activation-api/1.2.1/jakarta.activation-api-1.2.1.jar:/home/runner/.m2/repository/javax/enterprise/cdi-api/1.2/cdi-api-1.2.jar:/home/runner/.m2/repository/javax/el/javax.el-api/3.0.0/javax.el-api-3.0.0.jar:/home/runner/.m2/repository/javax/interceptor/javax.interceptor-api/1.2/javax.interceptor-api-1.2.jar:/home/runner/.m2/repository/javax/inject/javax.inject/1/javax.inject-1.jar:/home/runner/.m2/repository/javax/xml/bind/jaxb-api/2.3.0/jaxb-api-2.3.0.jar:/home/runner/.m2/repository/org/glassfish/jaxb/jaxb-runtime/2.3.0.1/jaxb-runtime-2.3.0.1.jar:/home/runner/.m2/repository/org/glassfish/jaxb/jaxb-core/2.3.0.1/jaxb-core-2.3.0.1.jar:/home/runner/.m2/repository/org/glassfish/jaxb/txw2/2.3.0.1/txw2-2.3.0.1.jar:/home/runner/.m2/repository/com/sun/istack/istack-commons-runtime/3.0.5/istack-commons-runtime-3.0.5.jar:/home/runner/.m2/repository/org/jvnet/staxex/stax-ex/1.7.8/stax-ex-1.7.8.jar:/home/runner/.m2/repository/com/sun/xml/fastinfoset/FastInfoset/1.2.13/FastInfoset-1.2.13.jar:/home/runner/.m2/repository/javax/activation/activation/1.1.1/activation-1.1.1.jar:/home/runner/.m2/repository/io/grpc/grpc-protobuf/1.44.0/grpc-protobuf-1.44.0.jar:/home/runner/.m2/repository/io/grpc/grpc-api/1.44.0/grpc-api-1.44.0.jar:/home/runner/.m2/repository/io/grpc/grpc-context/1.44.0/grpc-context-1.44.0.jar:/home/runner/.m2/repository/com/google/api/grpc/proto-google-common-protos/2.0.1/proto-google-common-protos-2.0.1.jar:/home/runner/.m2/repository/io/grpc/grpc-protobuf-lite/1.44.0/grpc-protobuf-lite-1.44.0.jar:/home/runner/.m2/repository/io/grpc/grpc-stub/1.44.0/grpc-stub-1.44.0.jar:/home/runner/.m2/repository/io/netty/netty-transport/4.1.74.Final/netty-transport-4.1.74.Final.jar:/home/runner/.m2/repository/io/netty/netty-resolver/4.1.74.Final/netty-resolver-4.1.74.Final.jar:/home/runner/.m2/repository/org/apache/ozone/ozone-csi/1.3.0-SNAPSHOT/ozone-csi-1.3.0-SNAPSHOT.jar:/home/runner/.m2/repository/com/google/protobuf/protobuf-java-util/3.19.2/protobuf-java-util-3.19.2.jar:/home/runner/.m2/repository/com/google/code/gson/gson/2.8.9/gson-2.8.9.jar:/home/runner/.m2/repository/org/apache/ozone/hdds-config/1.3.0-SNAPSHOT/hdds-config-1.3.0-SNAPSHOT.jar:/home/runner/.m2/repository/io/netty/netty-transport-native-epoll/4.1.74.Final/netty-transport-native-epoll-4.1.74.Final-linux-x86_64.jar:/home/runner/.m2/repository/io/netty/netty-transport-classes-epoll/4.1.74.Final/netty-transport-classes-epoll-4.1.74.Final.jar:/home/runner/.m2/repository/io/netty/netty-transport-native-unix-common/4.1.74.Final/netty-transport-native-unix-common-4.1.74.Final.jar:/home/runner/.m2/repository/org/apache/ozone/ozone-recon/1.3.0-SNAPSHOT/ozone-recon-1.3.0-SNAPSHOT.jar:/home/runner/.m2/repository/org/apache/ozone/ozone-reconcodegen/1.3.0-SNAPSHOT/ozone-reconcodegen-1.3.0-SNAPSHOT.jar:/home/runner/.m2/repository/com/google/inject/extensions/guice-multibindings/4.0/guice-multibindings-4.0.jar:/home/runner/.m2/repository/com/google/inject/guice/4.0/guice-4.0.jar:/home/runner/.m2/repository/aopalliance/aopalliance/1.0/aopalliance-1.0.jar:/home/runner/.m2/repository/com/google/inject/extensions/guice-assistedinject/4.0/guice-assistedinject-4.0.jar:/home/runner/.m2/repository/com/google/inject/extensions/guice-servlet/4.0/guice-servlet-4.0.jar:/home/runner/.m2/repository/org/glassfish/jersey/containers/jersey-container-servlet/2.33/jersey-container-servlet-2.33.jar:/home/runner/.m2/repository/org/glassfish/hk2/guice-bridge/2.5.0/guice-bridge-2.5.0.jar:/home/runner/.m2/repository/org/glassfish/jersey/core/jersey-server/2.33/jersey-server-2.33.jar:/home/runner/.m2/repository/org/glassfish/jersey/core/jersey-client/2.33/jersey-client-2.33.jar:/home/runner/.m2/repository/jakarta/annotation/jakarta.annotation-api/1.3.5/jakarta.annotation-api-1.3.5.jar:/home/runner/.m2/repository/jakarta/validation/jakarta.validation-api/2.0.2/jakarta.validation-api-2.0.2.jar:/home/runner/.m2/repository/org/glassfish/jersey/media/jersey-media-json-jackson/2.33/jersey-media-json-jackson-2.33.jar:/home/runner/.m2/repository/org/glassfish/jersey/ext/jersey-entity-filtering/2.33/jersey-entity-filtering-2.33.jar:/home/runner/.m2/repository/org/jooq/jooq/3.11.10/jooq-3.11.10.jar:/home/runner/.m2/repository/org/jooq/jooq-meta/3.11.10/jooq-meta-3.11.10.jar:/home/runner/.m2/repository/org/jooq/jooq-codegen/3.11.10/jooq-codegen-3.11.10.jar:/home/runner/.m2/repository/com/jolbox/bonecp/0.8.0.RELEASE/bonecp-0.8.0.RELEASE.jar:/home/runner/.m2/repository/org/apache/derby/derby/10.14.2.0/derby-10.14.2.0.jar:/home/runner/.m2/repository/org/xerial/sqlite-jdbc/3.25.2/sqlite-jdbc-3.25.2.jar:/home/runner/.m2/repository/org/springframework/spring-jdbc/5.2.20.RELEASE/spring-jdbc-5.2.20.RELEASE.jar:/home/runner/.m2/repository/org/springframework/spring-beans/5.2.20.RELEASE/spring-beans-5.2.20.RELEASE.jar:/home/runner/.m2/repository/org/springframework/spring-core/5.2.20.RELEASE/spring-core-5.2.20.RELEASE.jar:/home/runner/.m2/repository/org/springframework/spring-jcl/5.2.20.RELEASE/spring-jcl-5.2.20.RELEASE.jar:/home/runner/.m2/repository/org/springframework/spring-tx/5.2.20.RELEASE/spring-tx-5.2.20.RELEASE.jar:/home/runner/.m2/repository/org/apache/ozone/ozone-client/1.3.0-SNAPSHOT/ozone-client-1.3.0-SNAPSHOT.jar:/home/runner/.m2/repository/org/apache/ozone/hdds-erasurecode/1.3.0-SNAPSHOT/hdds-erasurecode-1.3.0-SNAPSHOT.jar:/home/runner/.m2/repository/com/github/spotbugs/spotbugs-annotations/3.1.12/spotbugs-annotations-3.1.12.jar:/home/runner/.m2/repository/org/apache/ozone/ozone-filesystem/1.3.0-SNAPSHOT/ozone-filesystem-1.3.0-SNAPSHOT.jar:/home/runner/.m2/repository/org/apache/ozone/ozone-filesystem-common/1.3.0-SNAPSHOT/ozone-filesystem-common-1.3.0-SNAPSHOT.jar:/home/runner/.m2/repository/org/apache/ozone/ozone-tools/1.3.0-SNAPSHOT/ozone-tools-1.3.0-SNAPSHOT.jar:/home/runner/.m2/repository/org/apache/ratis/ratis-tools/2.3.0/ratis-tools-2.3.0.jar:/home/runner/.m2/repository/com/amazonaws/aws-java-sdk-core/1.12.124/aws-java-sdk-core-1.12.124.jar:/home/runner/.m2/repository/org/apache/httpcomponents/httpclient/4.5.13/httpclient-4.5.13.jar:/home/runner/.m2/repository/org/apache/httpcomponents/httpcore/4.4.13/httpcore-4.4.13.jar:/home/runner/.m2/repository/software/amazon/ion/ion-java/1.0.2/ion-java-1.0.2.jar:/home/runner/.m2/repository/com/fasterxml/jackson/dataformat/jackson-dataformat-cbor/2.13.2/jackson-dataformat-cbor-2.13.2.jar:/home/runner/.m2/repository/joda-time/joda-time/2.8.1/joda-time-2.8.1.jar:/home/runner/.m2/repository/com/amazonaws/aws-java-sdk-s3/1.12.124/aws-java-sdk-s3-1.12.124.jar:/home/runner/.m2/repository/com/amazonaws/aws-java-sdk-kms/1.12.124/aws-java-sdk-kms-1.12.124.jar:/home/runner/.m2/repository/com/amazonaws/jmespath-java/1.12.124/jmespath-java-1.12.124.jar:/home/runner/.m2/repository/org/kohsuke/metainf-services/metainf-services/1.8/metainf-services-1.8.jar:/home/runner/.m2/repository/org/apache/ozone/hdds-tools/1.3.0-SNAPSHOT/hdds-tools-1.3.0-SNAPSHOT.jar:/home/runner/.m2/repository/commons-cli/commons-cli/1.2/commons-cli-1.2.jar:/home/runner/.m2/repository/org/apache/commons/commons-lang3/3.7/commons-lang3-3.7.jar:/home/runner/.m2/repository/org/apache/ozone/ozone-manager/1.3.0-SNAPSHOT/ozone-manager-1.3.0-SNAPSHOT-tests.jar:/home/runner/.m2/repository/org/apache/ozone/hdds-common/1.3.0-SNAPSHOT/hdds-common-1.3.0-SNAPSHOT-tests.jar:/home/runner/.m2/repository/org/apache/ozone/hdds-hadoop-dependency-client/1.3.0-SNAPSHOT/hdds-hadoop-dependency-client-1.3.0-SNAPSHOT.jar:/home/runner/.m2/repository/info/picocli/picocli/4.6.1/picocli-4.6.1.jar:/home/runner/.m2/repository/com/fasterxml/jackson/core/jackson-annotations/2.13.2/jackson-annotations-2.13.2.jar:/home/runner/.m2/repository/com/fasterxml/jackson/datatype/jackson-datatype-jsr310/2.13.2/jackson-datatype-jsr310-2.13.2.jar:/home/runner/.m2/repository/javax/annotation/javax.annotation-api/1.2/javax.annotation-api-1.2.jar:/home/runner/.m2/repository/org/apache/ratis/ratis-server/2.3.0/ratis-server-2.3.0.jar:/home/runner/.m2/repository/org/apache/ratis/ratis-client/2.3.0/ratis-client-2.3.0.jar:/home/runner/.m2/repository/org/apache/ratis/ratis-server-api/2.3.0/ratis-server-api-2.3.0.jar:/home/runner/.m2/repository/org/apache/ratis/ratis-metrics/2.3.0/ratis-metrics-2.3.0.jar:/home/runner/.m2/repository/org/apache/ratis/ratis-netty/2.3.0/ratis-netty-2.3.0.jar:/home/runner/.m2/repository/org/apache/ratis/ratis-grpc/2.3.0/ratis-grpc-2.3.0.jar:/home/runner/.m2/repository/org/apache/logging/log4j/log4j-api/2.17.1/log4j-api-2.17.1.jar:/home/runner/.m2/repository/org/apache/commons/commons-pool2/2.6.0/commons-pool2-2.6.0.jar:/home/runner/.m2/repository/org/bouncycastle/bcpkix-jdk15on/1.67/bcpkix-jdk15on-1.67.jar:/home/runner/.m2/repository/commons-validator/commons-validator/1.6/commons-validator-1.6.jar:/home/runner/.m2/repository/commons-beanutils/commons-beanutils/1.9.4/commons-beanutils-1.9.4.jar:/home/runner/.m2/repository/commons-digester/commons-digester/1.8.1/commons-digester-1.8.1.jar:/home/runner/.m2/repository/commons-collections/commons-collections/3.2.2/commons-collections-3.2.2.jar:/home/runner/.m2/repository/io/jaegertracing/jaeger-client/1.6.0/jaeger-client-1.6.0.jar:/home/runner/.m2/repository/io/jaegertracing/jaeger-thrift/1.6.0/jaeger-thrift-1.6.0.jar:/home/runner/.m2/repository/org/apache/thrift/libthrift/0.14.1/libthrift-0.14.1.jar:/home/runner/.m2/repository/com/squareup/okhttp3/okhttp/4.9.0/okhttp-4.9.0.jar:/home/runner/.m2/repository/com/squareup/okio/okio/2.8.0/okio-2.8.0.jar:/home/runner/.m2/repository/io/jaegertracing/jaeger-core/1.6.0/jaeger-core-1.6.0.jar:/home/runner/.m2/repository/io/jaegertracing/jaeger-tracerresolver/1.6.0/jaeger-tracerresolver-1.6.0.jar:/home/runner/.m2/repository/io/opentracing/contrib/opentracing-tracerresolver/0.1.8/opentracing-tracerresolver-0.1.8.jar:/home/runner/.m2/repository/org/jetbrains/kotlin/kotlin-stdlib/1.4.31/kotlin-stdlib-1.4.31.jar:/home/runner/.m2/repository/org/jetbrains/kotlin/kotlin-stdlib-common/1.4.31/kotlin-stdlib-common-1.4.31.jar:/home/runner/.m2/repository/org/jetbrains/annotations/13.0/annotations-13.0.jar:/home/runner/.m2/repository/io/opentracing/opentracing-util/0.33.0/opentracing-util-0.33.0.jar:/home/runner/.m2/repository/io/opentracing/opentracing-api/0.33.0/opentracing-api-0.33.0.jar:/home/runner/.m2/repository/io/opentracing/opentracing-noop/0.33.0/opentracing-noop-0.33.0.jar:/home/runner/.m2/repository/org/yaml/snakeyaml/1.26/snakeyaml-1.26.jar:/home/runner/.m2/repository/org/apache/ozone/hdds-interface-admin/1.3.0-SNAPSHOT/hdds-interface-admin-1.3.0-SNAPSHOT.jar:/home/runner/.m2/repository/junit/junit/4.13.1/junit-4.13.1.jar:/home/runner/.m2/repository/org/hamcrest/hamcrest-core/1.3/hamcrest-core-1.3.jar:/home/runner/.m2/repository/org/junit/jupiter/junit-jupiter-api/5.8.2/junit-jupiter-api-5.8.2.jar:/home/runner/.m2/repository/org/opentest4j/opentest4j/1.2.0/opentest4j-1.2.0.jar:/home/runner/.m2/repository/org/junit/platform/junit-platform-commons/1.8.2/junit-platform-commons-1.8.2.jar:/home/runner/.m2/repository/org/apiguardian/apiguardian-api/1.1.2/apiguardian-api-1.1.2.jar:/home/runner/.m2/repository/org/junit/jupiter/junit-jupiter-params/5.8.2/junit-jupiter-params-5.8.2.jar:/home/runner/.m2/repository/org/junit/jupiter/junit-jupiter-migrationsupport/5.8.2/junit-jupiter-migrationsupport-5.8.2.jar:/home/runner/.m2/repository/org/junit/jupiter/junit-jupiter-engine/5.8.2/junit-jupiter-engine-5.8.2.jar:/home/runner/.m2/repository/org/junit/platform/junit-platform-engine/1.8.2/junit-platform-engine-1.8.2.jar:/home/runner/.m2/repository/org/junit/vintage/junit-vintage-engine/5.8.2/junit-vintage-engine-5.8.2.jar:/home/runner/.m2/repository/org/junit/platform/junit-platform-launcher/1.8.2/junit-platform-launcher-1.8.2.jar:/home/runner/.m2/repository/org/mockito/mockito-core/2.28.2/mockito-core-2.28.2.jar:/home/runner/.m2/repository/net/bytebuddy/byte-buddy/1.9.10/byte-buddy-1.9.10.jar:/home/runner/.m2/repository/net/bytebuddy/byte-buddy-agent/1.9.10/byte-buddy-agent-1.9.10.jar:/home/runner/.m2/repository/org/objenesis/objenesis/1.0/objenesis-1.0.jar:/home/runner/.m2/repository/org/apache/hadoop/hadoop-kms/3.3.1/hadoop-kms-3.3.1.jar:/home/runner/.m2/repository/org/apache/hadoop/hadoop-auth/3.3.1/hadoop-auth-3.3.1.jar:/home/runner/.m2/repository/com/nimbusds/nimbus-jose-jwt/7.9/nimbus-jose-jwt-7.9.jar:/home/runner/.m2/repository/com/github/stephenc/jcip/jcip-annotations/1.0-1/jcip-annotations-1.0-1.jar:/home/runner/.m2/repository/net/minidev/json-smart/2.4.7/json-smart-2.4.7.jar:/home/runner/.m2/repository/net/minidev/accessors-smart/2.4.7/accessors-smart-2.4.7.jar:/home/runner/.m2/repository/org/ow2/asm/asm/5.0.4/asm-5.0.4.jar:/home/runner/.m2/repository/org/apache/zookeeper/zookeeper/3.5.6/zookeeper-3.5.6.jar:/home/runner/.m2/repository/org/apache/zookeeper/zookeeper-jute/3.5.6/zookeeper-jute-3.5.6.jar:/home/runner/.m2/repository/org/apache/yetus/audience-annotations/0.5.0/audience-annotations-0.5.0.jar:/home/runner/.m2/repository/org/apache/curator/curator-framework/4.2.0/curator-framework-4.2.0.jar:/home/runner/.m2/repository/org/apache/hadoop/thirdparty/hadoop-shaded-guava/1.1.1/hadoop-shaded-guava-1.1.1.jar:/home/runner/.m2/repository/com/sun/jersey/jersey-core/1.19/jersey-core-1.19.jar:/home/runner/.m2/repository/javax/ws/rs/jsr311-api/1.1.1/jsr311-api-1.1.1.jar:/home/runner/.m2/repository/com/sun/jersey/jersey-server/1.19/jersey-server-1.19.jar:/home/runner/.m2/repository/javax/servlet/javax.servlet-api/3.1.0/javax.servlet-api-3.1.0.jar:/home/runner/.m2/repository/org/eclipse/jetty/jetty-server/9.4.43.v20210629/jetty-server-9.4.43.v20210629.jar:/home/runner/.m2/repository/org/eclipse/jetty/jetty-http/9.4.43.v20210629/jetty-http-9.4.43.v20210629.jar:/home/runner/.m2/repository/org/eclipse/jetty/jetty-io/9.4.43.v20210629/jetty-io-9.4.43.v20210629.jar:/home/runner/.m2/repository/org/eclipse/jetty/jetty-webapp/9.4.43.v20210629/jetty-webapp-9.4.43.v20210629.jar:/home/runner/.m2/repository/org/eclipse/jetty/jetty-xml/9.4.43.v20210629/jetty-xml-9.4.43.v20210629.jar:/home/runner/.m2/repository/org/apache/hadoop/hadoop-common/3.3.1/hadoop-common-3.3.1.jar:/home/runner/.m2/repository/org/apache/commons/commons-math3/3.1.1/commons-math3-3.1.1.jar:/home/runner/.m2/repository/commons-net/commons-net/3.6/commons-net-3.6.jar:/home/runner/.m2/repository/com/sun/jersey/jersey-servlet/1.19/jersey-servlet-1.19.jar:/home/runner/.m2/repository/com/sun/jersey/jersey-json/1.19/jersey-json-1.19.jar:/home/runner/.m2/repository/org/codehaus/jettison/jettison/1.1/jettison-1.1.jar:/home/runner/.m2/repository/com/sun/xml/bind/jaxb-impl/2.2.3-1/jaxb-impl-2.2.3-1.jar:/home/runner/.m2/repository/org/codehaus/jackson/jackson-jaxrs/1.9.2/jackson-jaxrs-1.9.2.jar:/home/runner/.m2/repository/org/codehaus/jackson/jackson-xc/1.9.2/jackson-xc-1.9.2.jar:/home/runner/.m2/repository/org/apache/commons/commons-configuration2/2.1.1/commons-configuration2-2.1.1.jar:/home/runner/.m2/repository/org/apache/commons/commons-text/1.4/commons-text-1.4.jar:/home/runner/.m2/repository/com/google/re2j/re2j/1.1/re2j-1.1.jar:/home/runner/.m2/repository/com/jcraft/jsch/0.1.54/jsch-0.1.54.jar:/home/runner/.m2/repository/org/apache/curator/curator-client/4.2.0/curator-client-4.2.0.jar:/home/runner/.m2/repository/org/apache/curator/curator-recipes/4.2.0/curator-recipes-4.2.0.jar:/home/runner/.m2/repository/org/apache/kerby/kerb-core/1.0.1/kerb-core-1.0.1.jar:/home/runner/.m2/repository/org/apache/kerby/kerby-pkix/1.0.1/kerby-pkix-1.0.1.jar:/home/runner/.m2/repository/org/apache/kerby/kerby-asn1/1.0.1/kerby-asn1-1.0.1.jar:/home/runner/.m2/repository/org/apache/kerby/kerby-util/1.0.1/kerby-util-1.0.1.jar:/home/runner/.m2/repository/dnsjava/dnsjava/2.1.7/dnsjava-2.1.7.jar:/home/runner/.m2/repository/org/xerial/snappy/snappy-java/1.1.8.2/snappy-java-1.1.8.2.jar:/home/runner/.m2/repository/org/slf4j/jul-to-slf4j/1.7.30/jul-to-slf4j-1.7.30.jar:/home/runner/.m2/repository/org/eclipse/jetty/jetty-util/9.4.43.v20210629/jetty-util-9.4.43.v20210629.jar:/home/runner/.m2/repository/com/fasterxml/jackson/core/jackson-databind/2.13.2.2/jackson-databind-2.13.2.2.jar:/home/runner/.m2/repository/org/apache/hadoop/hadoop-kms/3.3.1/hadoop-kms-3.3.1-tests.jar:/home/runner/.m2/repository/org/apache/ozone/hdds-server-scm/1.3.0-SNAPSHOT/hdds-server-scm-1.3.0-SNAPSHOT-tests.jar:/home/runner/.m2/repository/org/apache/ozone/hdds-container-service/1.3.0-SNAPSHOT/hdds-container-service-1.3.0-SNAPSHOT-tests.jar:/home/runner/.m2/repository/commons-codec/commons-codec/1.11/commons-codec-1.11.jar:/home/runner/.m2/repository/io/netty/netty-codec/4.1.74.Final/netty-codec-4.1.74.Final.jar:/home/runner/.m2/repository/io/netty/netty-handler/4.1.74.Final/netty-handler-4.1.74.Final.jar:/home/runner/.m2/repository/org/apache/ozone/hdds-hadoop-dependency-test/1.3.0-SNAPSHOT/hdds-hadoop-dependency-test-1.3.0-SNAPSHOT.jar:/home/runner/.m2/repository/org/apache/hadoop/hadoop-common/3.3.1/hadoop-common-3.3.1-tests.jar:/home/runner/.m2/repository/org/assertj/assertj-core/3.12.2/assertj-core-3.12.2.jar:/home/runner/.m2/repository/org/apache/hadoop/hadoop-hdfs/3.3.1/hadoop-hdfs-3.3.1-tests.jar:/home/runner/.m2/repository/org/eclipse/jetty/jetty-util-ajax/9.4.43.v20210629/jetty-util-ajax-9.4.43.v20210629.jar:/home/runner/.m2/repository/commons-daemon/commons-daemon/1.0.13/commons-daemon-1.0.13.jar:/home/runner/.m2/repository/io/netty/netty/3.10.6.Final/netty-3.10.6.Final.jar:/home/runner/.m2/repository/io/netty/netty-all/4.1.74.Final/netty-all-4.1.74.Final.jar:/home/runner/.m2/repository/io/netty/netty-codec-dns/4.1.74.Final/netty-codec-dns-4.1.74.Final.jar:/home/runner/.m2/repository/io/netty/netty-codec-haproxy/4.1.74.Final/netty-codec-haproxy-4.1.74.Final.jar:/home/runner/.m2/repository/io/netty/netty-codec-memcache/4.1.74.Final/netty-codec-memcache-4.1.74.Final.jar:/home/runner/.m2/repository/io/netty/netty-codec-mqtt/4.1.74.Final/netty-codec-mqtt-4.1.74.Final.jar:/home/runner/.m2/repository/io/netty/netty-codec-redis/4.1.74.Final/netty-codec-redis-4.1.74.Final.jar:/home/runner/.m2/repository/io/netty/netty-codec-smtp/4.1.74.Final/netty-codec-smtp-4.1.74.Final.jar:/home/runner/.m2/repository/io/netty/netty-codec-stomp/4.1.74.Final/netty-codec-stomp-4.1.74.Final.jar:/home/runner/.m2/repository/io/netty/netty-codec-xml/4.1.74.Final/netty-codec-xml-4.1.74.Final.jar:/home/runner/.m2/repository/io/netty/netty-resolver-dns/4.1.74.Final/netty-resolver-dns-4.1.74.Final.jar:/home/runner/.m2/repository/io/netty/netty-transport-rxtx/4.1.74.Final/netty-transport-rxtx-4.1.74.Final.jar:/home/runner/.m2/repository/io/netty/netty-transport-sctp/4.1.74.Final/netty-transport-sctp-4.1.74.Final.jar:/home/runner/.m2/repository/io/netty/netty-transport-udt/4.1.74.Final/netty-transport-udt-4.1.74.Final.jar:/home/runner/.m2/repository/io/netty/netty-transport-classes-kqueue/4.1.74.Final/netty-transport-classes-kqueue-4.1.74.Final.jar:/home/runner/.m2/repository/io/netty/netty-resolver-dns-classes-macos/4.1.74.Final/netty-resolver-dns-classes-macos-4.1.74.Final.jar:/home/runner/.m2/repository/io/netty/netty-transport-native-epoll/4.1.74.Final/netty-transport-native-epoll-4.1.74.Final-linux-aarch_64.jar:/home/runner/.m2/repository/io/netty/netty-transport-native-kqueue/4.1.74.Final/netty-transport-native-kqueue-4.1.74.Final-osx-x86_64.jar:/home/runner/.m2/repository/io/netty/netty-transport-native-kqueue/4.1.74.Final/netty-transport-native-kqueue-4.1.74.Final-osx-aarch_64.jar:/home/runner/.m2/repository/io/netty/netty-resolver-dns-native-macos/4.1.74.Final/netty-resolver-dns-native-macos-4.1.74.Final-osx-x86_64.jar:/home/runner/.m2/repository/io/netty/netty-resolver-dns-native-macos/4.1.74.Final/netty-resolver-dns-native-macos-4.1.74.Final-osx-aarch_64.jar:/home/runner/.m2/repository/org/apache/htrace/htrace-core4/4.1.0-incubating/htrace-core4-4.1.0-incubating.jar:/home/runner/.m2/repository/org/fusesource/leveldbjni/leveldbjni-all/1.8/leveldbjni-all-1.8.jar:/home/runner/.m2/repository/org/apache/hadoop/hadoop-distcp/3.3.1/hadoop-distcp-3.3.1.jar:/home/runner/.m2/repository/org/apache/hadoop/hadoop-mapreduce-client-jobclient/3.3.1/hadoop-mapreduce-client-jobclient-3.3.1.jar:/home/runner/.m2/repository/org/apache/hadoop/hadoop-mapreduce-client-common/3.3.1/hadoop-mapreduce-client-common-3.3.1.jar:/home/runner/.m2/repository/org/apache/hadoop/hadoop-yarn-common/3.3.1/hadoop-yarn-common-3.3.1.jar:/home/runner/.m2/repository/org/apache/hadoop/hadoop-yarn-api/3.3.1/hadoop-yarn-api-3.3.1.jar:/home/runner/.m2/repository/com/sun/jersey/jersey-client/1.19/jersey-client-1.19.jar:/home/runner/.m2/repository/com/sun/jersey/contribs/jersey-guice/1.19/jersey-guice-1.19.jar:/home/runner/.m2/repository/com/fasterxml/jackson/jaxrs/jackson-jaxrs-json-provider/2.13.2/jackson-jaxrs-json-provider-2.13.2.jar:/home/runner/.m2/repository/com/fasterxml/jackson/jaxrs/jackson-jaxrs-base/2.13.2/jackson-jaxrs-base-2.13.2.jar:/home/runner/.m2/repository/org/apache/hadoop/hadoop-yarn-client/3.3.1/hadoop-yarn-client-3.3.1.jar:/home/runner/.m2/repository/org/eclipse/jetty/websocket/websocket-client/9.4.40.v20210413/websocket-client-9.4.40.v20210413.jar:/home/runner/.m2/repository/org/eclipse/jetty/jetty-client/9.4.40.v20210413/jetty-client-9.4.40.v20210413.jar:/home/runner/.m2/repository/org/eclipse/jetty/websocket/websocket-common/9.4.40.v20210413/websocket-common-9.4.40.v20210413.jar:/home/runner/.m2/repository/org/eclipse/jetty/websocket/websocket-api/9.4.40.v20210413/websocket-api-9.4.40.v20210413.jar:/home/runner/.m2/repository/org/jline/jline/3.9.0/jline-3.9.0.jar:/home/runner/.m2/repository/org/apache/hadoop/hadoop-mapreduce-client-core/3.3.1/hadoop-mapreduce-client-core-3.3.1.jar:/home/runner/.m2/repository/org/apache/avro/avro/1.7.7/avro-1.7.7.jar:/home/runner/.m2/repository/org/codehaus/jackson/jackson-core-asl/1.9.13/jackson-core-asl-1.9.13.jar:/home/runner/.m2/repository/org/codehaus/jackson/jackson-mapper-asl/1.9.13/jackson-mapper-asl-1.9.13.jar:/home/runner/.m2/repository/com/thoughtworks/paranamer/paranamer/2.3/paranamer-2.3.jar:/home/runner/.m2/repository/org/apache/hadoop/hadoop-annotations/3.3.1/hadoop-annotations-3.3.1.jar:/usr/lib/jvm/temurin-8-jdk-amd64/jre/../lib/tools.jar:/home/runner/.m2/repository/org/apache/hadoop/hadoop-distcp/3.3.1/hadoop-distcp-3.3.1-tests.jar:/home/runner/.m2/repository/org/apache/ratis/ratis-common/2.3.0/ratis-common-2.3.0.jar:/home/runner/.m2/repository/org/apache/ratis/ratis-thirdparty-misc/1.0.0/ratis-thirdparty-misc-1.0.0.jar:/home/runner/.m2/repository/org/apache/ratis/ratis-proto/2.3.0/ratis-proto-2.3.0.jar:/home/runner/.m2/repository/org/apache/ozone/ozone-annotation-processing/1.3.0-SNAPSHOT/ozone-annotation-processing-1.3.0-SNAPSHOT.jar:"/>
    <property name="sun.cpu.endian" value="little"/>
    <property name="user.home" value="/home/runner"/>
    <property name="user.language" value="en"/>
    <property name="java.specification.vendor" value="Oracle Corporation"/>
    <property name="java.home" value="/usr/lib/jvm/temurin-8-jdk-amd64/jre"/>
    <property name="java.security.krb5.conf" value="/home/runner/work/ozone/ozone/hadoop-ozone/integration-test/target/test-classes/krb5.conf"/>
    <property name="basedir" value="/home/runner/work/ozone/ozone/hadoop-ozone/integration-test"/>
    <property name="file.separator" value="/"/>
    <property name="line.separator" value="&#10;"/>
    <property name="java.vm.specification.vendor" value="Oracle Corporation"/>
    <property name="java.specification.name" value="Java Platform API Specification"/>
    <property name="java.awt.graphicsenv" value="sun.awt.X11GraphicsEnvironment"/>
    <property name="skip.installnpx" value="true"/>
    <property name="surefire.real.class.path" value="/home/runner/work/ozone/ozone/hadoop-ozone/integration-test/target/surefire/surefirebooter8127622915200658219.jar:/home/runner/.m2/repository/org/jacoco/org.jacoco.agent/0.8.5/org.jacoco.agent-0.8.5-runtime.jar"/>
    <property name="hadoop.log.dir" value="/home/runner/work/ozone/ozone/hadoop-ozone/integration-test/target/log"/>
    <property name="sun.boot.class.path" value="/usr/lib/jvm/temurin-8-jdk-amd64/jre/lib/resources.jar:/usr/lib/jvm/temurin-8-jdk-amd64/jre/lib/rt.jar:/usr/lib/jvm/temurin-8-jdk-amd64/jre/lib/sunrsasign.jar:/usr/lib/jvm/temurin-8-jdk-amd64/jre/lib/jsse.jar:/usr/lib/jvm/temurin-8-jdk-amd64/jre/lib/jce.jar:/usr/lib/jvm/temurin-8-jdk-amd64/jre/lib/charsets.jar:/usr/lib/jvm/temurin-8-jdk-amd64/jre/lib/jfr.jar:/usr/lib/jvm/temurin-8-jdk-amd64/jre/classes"/>
    <property name="sun.management.compiler" value="HotSpot 64-Bit Tiered Compilers"/>
    <property name="skip.npx" value="true"/>
    <property name="java.runtime.version" value="1.8.0_332-b09"/>
    <property name="java.net.preferIPv4Stack" value="true"/>
    <property name="user.name" value="runner"/>
    <property name="path.separator" value=":"/>
    <property name="java.security.egd" value="file:///dev/urandom"/>
    <property name="os.version" value="5.4.0-1078-azure"/>
    <property name="java.endorsed.dirs" value="/usr/lib/jvm/temurin-8-jdk-amd64/jre/lib/endorsed"/>
    <property name="java.runtime.name" value="OpenJDK Runtime Environment"/>
    <property name="file.encoding" value="UTF-8"/>
    <property name="java.vm.name" value="OpenJDK 64-Bit Server VM"/>
    <property name="test.build.webapps" value=""/>
    <property name="localRepository" value="/home/runner/.m2/repository"/>
    <property name="jetty.git.hash" value="526006ecfa3af7f1a27ef3a288e2bef7ea9dd7e8"/>
    <property name="java.vendor.url.bug" value="https://github.com/adoptium/adoptium-support/issues"/>
    <property name="java.io.tmpdir" value="/tmp"/>
    <property name="require.test.libhadoop" value=""/>
    <property name="java.version" value="1.8.0_332"/>
    <property name="user.dir" value="/home/runner/work/ozone/ozone/hadoop-ozone/integration-test"/>
    <property name="os.arch" value="amd64"/>
    <property name="java.vm.specification.name" value="Java Virtual Machine Specification"/>
    <property name="test.build.classes" value="/home/runner/work/ozone/ozone/hadoop-ozone/integration-test/target/test-classes"/>
    <property name="java.awt.printerjob" value="sun.print.PSPrinterJob"/>
    <property name="sun.os.patch.level" value="unknown"/>
    <property name="hadoop.tmp.dir" value="/home/runner/work/ozone/ozone/hadoop-ozone/integration-test/target/tmp"/>
    <property name="java.library.path" value="/usr/java/packages/lib/amd64:/usr/lib64:/lib64:/lib:/usr/lib"/>
    <property name="java.vm.info" value="mixed mode"/>
    <property name="java.vendor" value="Temurin"/>
    <property name="java.vm.version" value="25.332-b09"/>
    <property name="java.ext.dirs" value="/usr/lib/jvm/temurin-8-jdk-amd64/jre/lib/ext:/usr/java/packages/lib/ext"/>
    <property name="sun.io.unicode.encoding" value="UnicodeLittle"/>
    <property name="java.class.version" value="52.0"/>
  </properties>
  <testcase name="bucketUsedBytesOverWrite(BucketLayout)[1]" classname="org.apache.hadoop.ozone.client.rpc.TestSecureOzoneRpcClient" time="0.825">
    <system-out><![CDATA[2022-05-24 20:48:24,865 [main] INFO  audit.AuditLogger (AuditLogger.java:refreshDebugCmdSet(120)) - Refresh DebugCmdSet for OMAudit to [].
2022-05-24 20:48:25,975 [main] WARN  server.ServerUtils (ServerUtils.java:getScmDbDir(148)) - ozone.scm.db.dirs is not configured. We recommend adding this setting. Falling back to ozone.metadata.dirs instead.
2022-05-24 20:48:26,027 [main] INFO  ha.SCMHANodeDetails (SCMHANodeDetails.java:loadSCMHAConfig(160)) - ServiceID for StorageContainerManager is null
2022-05-24 20:48:26,028 [main] INFO  ha.SCMHANodeDetails (SCMHANodeDetails.java:loadSCMHAConfig(165)) - ozone.scm.default.service.id is not defined, falling back to ozone.scm.service.ids to find serviceID for StorageContainerManager if it is HA enabled cluster
2022-05-24 20:48:26,123 [main] WARN  server.ServerUtils (ServerUtils.java:getScmDbDir(148)) - ozone.scm.db.dirs is not configured. We recommend adding this setting. Falling back to ozone.metadata.dirs instead.
2022-05-24 20:48:26,125 [main] INFO  upgrade.AbstractLayoutVersionManager (AbstractLayoutVersionManager.java:init(79)) - Initializing Layout version manager with metadata layout = ERASURE_CODED_STORAGE_SUPPORT (version = 3), software layout = ERASURE_CODED_STORAGE_SUPPORT (version = 3)
2022-05-24 20:48:26,252 [main] INFO  reflections.Reflections (Reflections.java:scan(232)) - Reflections took 103 ms to scan 7 urls, producing 127 keys and 292 values 
2022-05-24 20:48:26,331 [main] WARN  utils.HAUtils (HAUtils.java:getMetaDir(342)) - ozone.scm.db.dirs is not configured. We recommend adding this setting. Falling back to ozone.metadata.dirs instead.
2022-05-24 20:48:26,459 [main] WARN  db.DBStoreBuilder (DBStoreBuilder.java:applyDBDefinition(145)) - ozone.scm.db.dirs is not configured. We recommend adding this setting. Falling back to ozone.metadata.dirs instead.
2022-05-24 20:48:26,636 [main] INFO  net.NodeSchemaLoader (NodeSchemaLoader.java:loadSchemaFromFile(129)) - Loading schema from [jar:file:/home/runner/.m2/repository/org/apache/ozone/hdds-common/1.3.0-SNAPSHOT/hdds-common-1.3.0-SNAPSHOT.jar!/network-topology-default.xml]
2022-05-24 20:48:26,638 [main] INFO  net.NodeSchemaLoader (NodeSchemaLoader.java:loadSchema(176)) - Loading network topology layer schema file
2022-05-24 20:48:26,683 [main] INFO  metrics.MetricRegistries (MetricRegistriesLoader.java:load(64)) - Loaded MetricRegistries class org.apache.ratis.metrics.impl.MetricRegistriesImpl
2022-05-24 20:48:26,694 [main] INFO  ha.SequenceIdGenerator (SequenceIdGenerator.java:upgradeToSequenceId(347)) - upgrade localId to 109611004723200000
2022-05-24 20:48:26,695 [main] INFO  ha.SequenceIdGenerator (SequenceIdGenerator.java:upgradeToSequenceId(357)) - upgrade delTxnId to 0
2022-05-24 20:48:26,698 [main] INFO  ha.SequenceIdGenerator (SequenceIdGenerator.java:upgradeToSequenceId(374)) - upgrade containerId to 0
2022-05-24 20:48:26,701 [main] INFO  ha.SequenceIdGenerator (SequenceIdGenerator.java:<init>(218)) - Init the HA SequenceIdGenerator.
2022-05-24 20:48:26,847 [main] WARN  server.ServerUtils (ServerUtils.java:sanitizeUserArgs(73)) - ozone.scm.stale.node.interval value = 300000 is larger than max = 100000 based on the key value of ozone.scm.heartbeat.thread.interval, reset to the max value 100000.
2022-05-24 20:48:26,847 [main] WARN  server.ServerUtils (ServerUtils.java:sanitizeUserArgs(73)) - ozone.scm.stale.node.interval value = 300000 is larger than max = 100000 based on the key value of ozone.scm.heartbeat.thread.interval, reset to the max value 100000.
2022-05-24 20:48:26,853 [main] INFO  node.SCMNodeManager (SCMNodeManager.java:<init>(148)) - Entering startup safe mode.
2022-05-24 20:48:26,906 [main] INFO  algorithms.ContainerPlacementPolicyFactory (ContainerPlacementPolicyFactory.java:getPolicyInternal(86)) - Create container placement policy of type org.apache.hadoop.hdds.scm.container.placement.algorithms.SCMContainerPlacementRandom
2022-05-24 20:48:26,916 [main] INFO  pipeline.PipelineStateManagerImpl (PipelineStateManagerImpl.java:initialize(78)) - No pipeline exists in current db
2022-05-24 20:48:26,950 [main] INFO  algorithms.LeaderChoosePolicyFactory (LeaderChoosePolicyFactory.java:getPolicy(57)) - Create leader choose policy of type org.apache.hadoop.hdds.scm.pipeline.leader.choose.algorithms.MinLeaderCountChoosePolicy
2022-05-24 20:48:26,950 [main] INFO  algorithms.ContainerPlacementPolicyFactory (ContainerPlacementPolicyFactory.java:getPolicyInternal(86)) - Create container placement policy of type org.apache.hadoop.hdds.scm.container.placement.algorithms.SCMContainerPlacementRackScatter
2022-05-24 20:48:26,959 [main] INFO  pipeline.BackgroundPipelineCreator (BackgroundPipelineCreator.java:start(125)) - Starting RatisPipelineUtilsThread.
2022-05-24 20:48:26,964 [main] INFO  pipeline.BackgroundPipelineScrubber (BackgroundPipelineScrubber.java:start(126)) - Starting BackgroundPipelineScrubber Service.
2022-05-24 20:48:26,967 [main] INFO  ha.SCMServiceManager (SCMServiceManager.java:register(42)) - Registering service BackgroundPipelineCreator.
2022-05-24 20:48:26,967 [main] INFO  ha.SCMServiceManager (SCMServiceManager.java:register(42)) - Registering service BackgroundPipelineScrubber.
2022-05-24 20:48:26,976 [main] INFO  ExpiredContainerReplicaOpScrubber (BackgroundSCMService.java:start(68)) - Starting ExpiredContainerReplicaOpScrubber Service.
2022-05-24 20:48:26,979 [main] INFO  ha.SCMServiceManager (SCMServiceManager.java:register(42)) - Registering service ExpiredContainerReplicaOpScrubber.
2022-05-24 20:48:27,011 [main] INFO  algorithms.PipelineChoosePolicyFactory (PipelineChoosePolicyFactory.java:createPipelineChoosePolicyFromClass(73)) - Create pipeline choose policy of type org.apache.hadoop.hdds.scm.pipeline.choose.algorithms.RandomPipelineChoosePolicy
2022-05-24 20:48:27,029 [main] INFO  ha.SCMServiceManager (SCMServiceManager.java:register(42)) - Registering service SCMBlockDeletingService.
2022-05-24 20:48:27,066 [main] INFO  ha.SCMServiceManager (SCMServiceManager.java:register(42)) - Registering service ReplicationManager.
2022-05-24 20:48:27,067 [main] INFO  replication.ReplicationManager (ReplicationManager.java:start(179)) - Starting Replication Monitor Thread.
2022-05-24 20:48:27,084 [ReplicationMonitor] INFO  replication.ReplicationManager (ReplicationManager.java:processAll(228)) - Replication Manager is not ready to run until 3000ms after safemode exit
2022-05-24 20:48:27,086 [main] INFO  safemode.ContainerSafeModeRule (ContainerSafeModeRule.java:<init>(89)) - containers with one replica threshold count 0
2022-05-24 20:48:27,091 [main] INFO  safemode.HealthyPipelineSafeModeRule (HealthyPipelineSafeModeRule.java:initializeRule(156)) - Total pipeline count is 0, healthy pipeline threshold count is 1
2022-05-24 20:48:27,093 [main] INFO  safemode.OneReplicaPipelineSafeModeRule (OneReplicaPipelineSafeModeRule.java:initializeRule(180)) - Total pipeline count is 0, pipeline's with at least one datanode reported threshold count is 0
2022-05-24 20:48:27,161 [main] INFO  audit.AuditLogger (AuditLogger.java:refreshDebugCmdSet(120)) - Refresh DebugCmdSet for SCMAudit to [].
2022-05-24 20:48:27,189 [main] INFO  ipc.CallQueueManager (CallQueueManager.java:<init>(90)) - Using callQueue: class java.util.concurrent.LinkedBlockingQueue, queueCapacity: 2000, scheduler: class org.apache.hadoop.ipc.DefaultRpcScheduler, ipcBackoff: false.
2022-05-24 20:48:27,235 [Socket Reader #1 for port 0] INFO  ipc.Server (Server.java:run(1265)) - Starting Socket Reader #1 for port 0
2022-05-24 20:48:27,293 [Listener at 0.0.0.0/44329] INFO  audit.AuditLogger (AuditLogger.java:refreshDebugCmdSet(120)) - Refresh DebugCmdSet for SCMAudit to [].
2022-05-24 20:48:27,299 [Listener at 0.0.0.0/44329] INFO  ipc.CallQueueManager (CallQueueManager.java:<init>(90)) - Using callQueue: class java.util.concurrent.LinkedBlockingQueue, queueCapacity: 2000, scheduler: class org.apache.hadoop.ipc.DefaultRpcScheduler, ipcBackoff: false.
2022-05-24 20:48:27,300 [Socket Reader #1 for port 0] INFO  ipc.Server (Server.java:run(1265)) - Starting Socket Reader #1 for port 0
2022-05-24 20:48:27,330 [Listener at 0.0.0.0/44411] INFO  audit.AuditLogger (AuditLogger.java:refreshDebugCmdSet(120)) - Refresh DebugCmdSet for SCMAudit to [].
2022-05-24 20:48:27,341 [Listener at 0.0.0.0/44411] INFO  ipc.CallQueueManager (CallQueueManager.java:<init>(90)) - Using callQueue: class java.util.concurrent.LinkedBlockingQueue, queueCapacity: 2000, scheduler: class org.apache.hadoop.ipc.DefaultRpcScheduler, ipcBackoff: false.
2022-05-24 20:48:27,342 [Socket Reader #1 for port 0] INFO  ipc.Server (Server.java:run(1265)) - Starting Socket Reader #1 for port 0
2022-05-24 20:48:27,401 [Listener at 0.0.0.0/39153] INFO  server.StorageContainerManager (StorageContainerManager.java:<init>(400)) - 
Container Balancer status:
Key                            Value
Running                        false
Container Balancer Configuration values:
Key                                                Value
Threshold                                          10
Max Datanodes to Involve per Iteration(percent)    20
Max Size to Move per Iteration                     500GB
Max Size Entering Target per Iteration             26GB
Max Size Leaving Source per Iteration              26GB

2022-05-24 20:48:27,402 [Listener at 0.0.0.0/39153] WARN  events.EventQueue (EventQueue.java:fireEvent(194)) - No event handler registered for event TypedEvent{payloadType=SafeModeStatus, name='Safe mode status'}
2022-05-24 20:48:27,402 [Listener at 0.0.0.0/39153] INFO  ha.SCMContext (SCMContext.java:updateSafeModeStatus(211)) - Update SafeModeStatus from SafeModeStatus{safeModeStatus=true, preCheckPassed=false} to SafeModeStatus{safeModeStatus=true, preCheckPassed=false}.
2022-05-24 20:48:27,405 [Listener at 0.0.0.0/39153] INFO  server.StorageContainerManager (StorageContainerManager.java:start(1385)) - StorageContainerLocationProtocol RPC server is listening at /0.0.0.0:39153
2022-05-24 20:48:27,464 [Listener at 0.0.0.0/39153] WARN  impl.MetricsConfig (MetricsConfig.java:loadFirst(136)) - Cannot locate configuration: tried hadoop-metrics2-storagecontainermanager.properties,hadoop-metrics2.properties
2022-05-24 20:48:27,478 [Listener at 0.0.0.0/39153] INFO  impl.MetricsSystemImpl (MetricsSystemImpl.java:startTimer(378)) - Scheduled Metric snapshot period at 10 second(s).
2022-05-24 20:48:27,478 [Listener at 0.0.0.0/39153] INFO  impl.MetricsSystemImpl (MetricsSystemImpl.java:start(191)) - StorageContainerManager metrics system started
2022-05-24 20:48:27,538 [Listener at 0.0.0.0/39153] INFO  server.SCMClientProtocolServer (SCMClientProtocolServer.java:start(169)) - RPC server for Client  is listening at /0.0.0.0:39153
2022-05-24 20:48:27,540 [IPC Server Responder] INFO  ipc.Server (Server.java:run(1507)) - IPC Server Responder: starting
2022-05-24 20:48:27,544 [IPC Server listener on 0] INFO  ipc.Server (Server.java:run(1344)) - IPC Server listener on 0: starting
2022-05-24 20:48:27,557 [Listener at 0.0.0.0/39153] INFO  server.StorageContainerManager (StorageContainerManager.java:start(1400)) - ScmBlockLocationProtocol RPC server is listening at /0.0.0.0:44411
2022-05-24 20:48:27,558 [Listener at 0.0.0.0/39153] INFO  server.SCMBlockProtocolServer (SCMBlockProtocolServer.java:start(151)) - RPC server for Block Protocol is listening at /0.0.0.0:44411
2022-05-24 20:48:27,559 [IPC Server Responder] INFO  ipc.Server (Server.java:run(1507)) - IPC Server Responder: starting
2022-05-24 20:48:27,560 [IPC Server listener on 0] INFO  ipc.Server (Server.java:run(1344)) - IPC Server listener on 0: starting
2022-05-24 20:48:27,565 [Listener at 0.0.0.0/39153] INFO  server.SCMDatanodeProtocolServer (SCMDatanodeProtocolServer.java:start(183)) - ScmDatanodeProtocol RPC server for DataNodes is listening at /0.0.0.0:44329
2022-05-24 20:48:27,588 [IPC Server Responder] INFO  ipc.Server (Server.java:run(1507)) - IPC Server Responder: starting
2022-05-24 20:48:27,589 [IPC Server listener on 0] INFO  ipc.Server (Server.java:run(1344)) - IPC Server listener on 0: starting
2022-05-24 20:48:27,593 [org.apache.hadoop.util.JvmPauseMonitor$Monitor@6408a8ac] INFO  util.JvmPauseMonitor (JvmPauseMonitor.java:run(188)) - Starting JVM pause monitor
2022-05-24 20:48:27,614 [Listener at 0.0.0.0/39153] INFO  http.BaseHttpServer (BaseHttpServer.java:newHttpServer2BuilderForOzone(209)) - Starting Web-server for scm at: http://0.0.0.0:0
2022-05-24 20:48:27,615 [Listener at 0.0.0.0/39153] INFO  http.BaseHttpServer (BaseHttpServer.java:<init>(107)) - Hadoop Security Enabled: false Ozone Security Enabled: false Ozone HTTP Security Enabled: false 
2022-05-24 20:48:27,641 [Listener at 0.0.0.0/39153] INFO  util.log (Log.java:initialized(170)) - Logging initialized @4723ms to org.eclipse.jetty.util.log.Slf4jLog
2022-05-24 20:48:27,744 [Listener at 0.0.0.0/39153] INFO  server.AuthenticationFilter (AuthenticationFilter.java:constructSecretProvider(240)) - Unable to initialize FileSignerSecretProvider, falling back to use random secrets.
2022-05-24 20:48:27,748 [Listener at 0.0.0.0/39153] WARN  http.HttpRequestLog (HttpRequestLog.java:getRequestLog(103)) - Jetty request log can only be enabled using Log4j
2022-05-24 20:48:27,756 [Listener at 0.0.0.0/39153] INFO  http.HttpServer2 (HttpServer2.java:addGlobalFilter(1030)) - Added global filter 'safety' (class=org.apache.hadoop.hdds.server.http.HttpServer2$QuotingInputFilter)
2022-05-24 20:48:27,758 [Listener at 0.0.0.0/39153] INFO  http.HttpServer2 (HttpServer2.java:addFilter(1006)) - Added filter static_user_filter (class=org.apache.hadoop.http.lib.StaticUserWebFilter$StaticUserFilter) to context scm
2022-05-24 20:48:27,759 [Listener at 0.0.0.0/39153] INFO  http.HttpServer2 (HttpServer2.java:addFilter(1014)) - Added filter static_user_filter (class=org.apache.hadoop.http.lib.StaticUserWebFilter$StaticUserFilter) to context static
2022-05-24 20:48:27,759 [Listener at 0.0.0.0/39153] INFO  http.HttpServer2 (HttpServer2.java:addFilter(1014)) - Added filter static_user_filter (class=org.apache.hadoop.http.lib.StaticUserWebFilter$StaticUserFilter) to context logs
2022-05-24 20:48:27,798 [Listener at 0.0.0.0/39153] INFO  http.HttpServer2 (HttpServer2.java:bindListener(1249)) - Jetty bound to port 40569
2022-05-24 20:48:27,800 [Listener at 0.0.0.0/39153] INFO  server.Server (Server.java:doStart(375)) - jetty-9.4.43.v20210629; built: 2021-06-30T11:07:22.254Z; git: 526006ecfa3af7f1a27ef3a288e2bef7ea9dd7e8; jvm 1.8.0_332-b09
2022-05-24 20:48:27,835 [Listener at 0.0.0.0/39153] INFO  server.session (DefaultSessionIdManager.java:doStart(334)) - DefaultSessionIdManager workerName=node0
2022-05-24 20:48:27,836 [Listener at 0.0.0.0/39153] INFO  server.session (DefaultSessionIdManager.java:doStart(339)) - No SessionScavenger set, using defaults
2022-05-24 20:48:27,837 [Listener at 0.0.0.0/39153] INFO  server.session (HouseKeeper.java:startScavenging(132)) - node0 Scavenging every 660000ms
2022-05-24 20:48:27,850 [Listener at 0.0.0.0/39153] INFO  handler.ContextHandler (ContextHandler.java:doStart(915)) - Started o.e.j.s.ServletContextHandler@360d0c7a{logs,/logs,file:///home/runner/work/ozone/ozone/hadoop-ozone/integration-test/target/log,AVAILABLE}
2022-05-24 20:48:27,851 [Listener at 0.0.0.0/39153] INFO  handler.ContextHandler (ContextHandler.java:doStart(915)) - Started o.e.j.s.ServletContextHandler@bbf361a{static,/static,file:///home/runner/work/ozone/ozone/hadoop-ozone/integration-test/target/test-classes/webapps/static,AVAILABLE}
2022-05-24 20:48:27,901 [Listener at 0.0.0.0/39153] INFO  handler.ContextHandler (ContextHandler.java:doStart(915)) - Started o.e.j.w.WebAppContext@14d9ae22{scm,/,file:///home/runner/work/ozone/ozone/hadoop-ozone/integration-test/target/test-classes/webapps/scm/,AVAILABLE}{file:/home/runner/work/ozone/ozone/hadoop-ozone/integration-test/target/test-classes/webapps/scm}
2022-05-24 20:48:27,910 [Listener at 0.0.0.0/39153] INFO  server.AbstractConnector (AbstractConnector.java:doStart(331)) - Started ServerConnector@7baea18b{HTTP/1.1, (http/1.1)}{0.0.0.0:40569}
2022-05-24 20:48:27,911 [Listener at 0.0.0.0/39153] INFO  server.Server (Server.java:doStart(415)) - Started @4993ms
2022-05-24 20:48:27,913 [Listener at 0.0.0.0/39153] INFO  impl.MetricsSinkAdapter (MetricsSinkAdapter.java:start(204)) - Sink prometheus started
2022-05-24 20:48:27,913 [Listener at 0.0.0.0/39153] INFO  impl.MetricsSystemImpl (MetricsSystemImpl.java:registerSink(305)) - Registered sink prometheus
2022-05-24 20:48:27,914 [Listener at 0.0.0.0/39153] INFO  http.BaseHttpServer (BaseHttpServer.java:updateConnectorAddress(329)) - HTTP server of scm listening at http://0.0.0.0:40569
2022-05-24 20:48:27,916 [Listener at 0.0.0.0/39153] WARN  server.ServerUtils (ServerUtils.java:getDBPath(225)) - ozone.om.db.dirs is not configured. We recommend adding this setting. Falling back to ozone.metadata.dirs instead.
2022-05-24 20:48:27,925 [Listener at 0.0.0.0/39153] INFO  ha.OMHANodeDetails (OMHANodeDetails.java:loadOMHAConfig(115)) - ozone.om.internal.service.id is not defined, falling back to ozone.om.service.ids to find serviceID for OzoneManager if it is HA enabled cluster
2022-05-24 20:48:27,927 [Listener at 0.0.0.0/39153] INFO  ha.OMHANodeDetails (OMHANodeDetails.java:loadOMHAConfig(226)) - Configuration does not have ozone.om.address set. Falling back to the default OM address /127.0.0.1:0
2022-05-24 20:48:27,928 [Listener at 0.0.0.0/39153] INFO  ha.OMHANodeDetails (OMHANodeDetails.java:getOMNodeDetailsForNonHA(254)) - OM Service ID is not set. Setting it to the default ID: omServiceIdDefault
2022-05-24 20:48:27,928 [Listener at 0.0.0.0/39153] INFO  ha.OMHANodeDetails (OMHANodeDetails.java:getOMNodeDetailsForNonHA(261)) - OM Node ID is not set. Setting it to the default ID: om1
2022-05-24 20:48:27,931 [Listener at 0.0.0.0/39153] WARN  server.ServerUtils (ServerUtils.java:getDBPath(225)) - ozone.om.db.dirs is not configured. We recommend adding this setting. Falling back to ozone.metadata.dirs instead.
2022-05-24 20:48:27,933 [Listener at 0.0.0.0/39153] INFO  upgrade.AbstractLayoutVersionManager (AbstractLayoutVersionManager.java:init(79)) - Initializing Layout version manager with metadata layout = BUCKET_LAYOUT_SUPPORT (version = 2), software layout = BUCKET_LAYOUT_SUPPORT (version = 2)
2022-05-24 20:48:28,010 [Listener at 0.0.0.0/39153] INFO  reflections.Reflections (Reflections.java:scan(232)) - Reflections took 73 ms to scan 2 urls, producing 143 keys and 371 values [using 2 cores]
2022-05-24 20:48:28,015 [Listener at 0.0.0.0/39153] INFO  upgrade.OMLayoutVersionManager (OMLayoutVersionManager.java:lambda$0(115)) - Skipping Upgrade Action MockOmUpgradeAction since it has been finalized.
2022-05-24 20:48:28,016 [Listener at 0.0.0.0/39153] WARN  server.ServerUtils (ServerUtils.java:getDBPath(225)) - ozone.om.db.dirs is not configured. We recommend adding this setting. Falling back to ozone.metadata.dirs instead.
2022-05-24 20:48:28,171 [Listener at 0.0.0.0/39153] INFO  proxy.SCMBlockLocationFailoverProxyProvider (SCMBlockLocationFailoverProxyProvider.java:<init>(114)) - Created block location fail-over proxy with 1 nodes: [nodeId=scmNodeId,nodeAddress=/0.0.0.0:44411]
2022-05-24 20:48:28,248 [Listener at 0.0.0.0/39153] WARN  server.ServerUtils (ServerUtils.java:getDBPath(225)) - ozone.om.db.dirs is not configured. We recommend adding this setting. Falling back to ozone.metadata.dirs instead.
2022-05-24 20:48:28,254 [Listener at 0.0.0.0/39153] INFO  codec.OmKeyInfoCodec (OmKeyInfoCodec.java:<init>(49)) - OmKeyInfoCodec ignorePipeline = true
2022-05-24 20:48:28,255 [Listener at 0.0.0.0/39153] INFO  codec.RepeatedOmKeyInfoCodec (RepeatedOmKeyInfoCodec.java:<init>(41)) - RepeatedOmKeyInfoCodec ignorePipeline = true
2022-05-24 20:48:28,399 [Listener at 0.0.0.0/39153] INFO  security.OzoneSecretStore (OzoneSecretStore.java:loadState(69)) - Loaded 0 tokens
2022-05-24 20:48:28,399 [Listener at 0.0.0.0/39153] INFO  security.OzoneDelegationTokenSecretManager (OzoneDelegationTokenSecretManager.java:loadTokenSecretState(517)) - Loading token state into token manager.
2022-05-24 20:48:28,486 [Listener at 0.0.0.0/39153] INFO  om.OzoneManager (OzoneManager.java:addS3GVolumeToDB(3894)) - Created Volume s3v With Owner runner required for S3Gateway operations.
2022-05-24 20:48:28,526 [Listener at 0.0.0.0/39153] WARN  server.ServerUtils (ServerUtils.java:getDefaultRatisDirectory(237)) - Storage directory for Ratis is not configured. It is a good idea to map this to an SSD disk. Falling back to ozone.metadata.dirs
2022-05-24 20:48:28,527 [Listener at 0.0.0.0/39153] WARN  utils.OzoneManagerRatisUtils (OzoneManagerRatisUtils.java:getOMRatisSnapshotDirectory(395)) - ozone.om.ratis.snapshot.dir is not configured. Falling back to ozone.metadata.dirs config
2022-05-24 20:48:28,545 [Listener at 0.0.0.0/39153] WARN  server.ServerUtils (ServerUtils.java:getDefaultRatisDirectory(237)) - Storage directory for Ratis is not configured. It is a good idea to map this to an SSD disk. Falling back to ozone.metadata.dirs
2022-05-24 20:48:28,570 [Listener at 0.0.0.0/39153] INFO  ratis.OzoneManagerRatisServer (OzoneManagerRatisServer.java:<init>(159)) - Instantiating OM Ratis server with groupID: omServiceIdDefault and peers: localhost:9872
2022-05-24 20:48:28,579 [Listener at 0.0.0.0/39153] INFO  ratis.OzoneManagerStateMachine (OzoneManagerStateMachine.java:loadSnapshotInfoFromDB(627)) - LastAppliedIndex is set from TransactionInfo from OM DB as (t:0, i:~)
2022-05-24 20:48:28,611 [Listener at 0.0.0.0/39153] INFO  server.RaftServer (ConfUtils.java:logGet(46)) - raft.rpc.type = GRPC (default)
2022-05-24 20:48:28,687 [Listener at 0.0.0.0/39153] INFO  grpc.GrpcFactory (GrpcFactory.java:checkPooledByteBufAllocatorUseCacheForAllThreads(48)) - PERFORMANCE WARNING: useCacheForAllThreads is true that may cause Netty to create a lot garbage objects and, as a result, trigger GC.
	It is recommended to disable useCacheForAllThreads by setting -Dorg.apache.ratis.thirdparty.io.netty.allocator.useCacheForAllThreads=false in command line.
2022-05-24 20:48:28,691 [Listener at 0.0.0.0/39153] INFO  grpc.GrpcConfigKeys (ConfUtils.java:logGet(46)) - raft.grpc.admin.port = -1 (default)
2022-05-24 20:48:28,692 [Listener at 0.0.0.0/39153] INFO  grpc.GrpcConfigKeys (ConfUtils.java:logGet(46)) - raft.grpc.server.port = 9872 (custom)
2022-05-24 20:48:28,692 [Listener at 0.0.0.0/39153] INFO  grpc.GrpcConfigKeys (ConfUtils.java:logGet(46)) - raft.grpc.client.port = -1 (default)
2022-05-24 20:48:28,693 [Listener at 0.0.0.0/39153] INFO  grpc.GrpcConfigKeys (ConfUtils.java:logGet(46)) - raft.grpc.server.port = 9872 (custom)
2022-05-24 20:48:28,693 [Listener at 0.0.0.0/39153] INFO  grpc.GrpcConfigKeys (ConfUtils.java:logGet(46)) - raft.grpc.server.port = 9872 (custom)
2022-05-24 20:48:28,693 [Listener at 0.0.0.0/39153] INFO  server.GrpcService (ConfUtils.java:logGet(46)) - raft.grpc.message.size.max = 33554432 (custom)
2022-05-24 20:48:28,695 [Listener at 0.0.0.0/39153] INFO  server.RaftServerConfigKeys (ConfUtils.java:logGet(46)) - raft.server.log.appender.buffer.byte-limit = 33554432 (custom)
2022-05-24 20:48:28,695 [Listener at 0.0.0.0/39153] INFO  server.GrpcService (ConfUtils.java:logGet(46)) - raft.grpc.flow.control.window = 1MB (=1048576) (default)
2022-05-24 20:48:28,696 [Listener at 0.0.0.0/39153] INFO  server.RaftServerConfigKeys (ConfUtils.java:logGet(46)) - raft.server.rpc.request.timeout = 3000ms (default)
2022-05-24 20:48:28,712 [Listener at 0.0.0.0/39153] INFO  grpc.GrpcConfigKeys (ConfUtils.java:logGet(46)) - raft.grpc.server.async.request.thread.pool.cached = true (default)
2022-05-24 20:48:28,713 [Listener at 0.0.0.0/39153] INFO  grpc.GrpcConfigKeys (ConfUtils.java:logGet(46)) - raft.grpc.server.async.request.thread.pool.size = 32 (default)
2022-05-24 20:48:28,972 [Listener at 0.0.0.0/39153] INFO  impl.DataStreamServerImpl (ConfUtils.java:logGet(46)) - raft.datastream.type = DISABLED (default)
2022-05-24 20:48:28,975 [Listener at 0.0.0.0/39153] INFO  server.RaftServerConfigKeys (ConfUtils.java:logGet(46)) - raft.server.threadpool.proxy.cached = true (default)
2022-05-24 20:48:28,975 [Listener at 0.0.0.0/39153] INFO  server.RaftServerConfigKeys (ConfUtils.java:logGet(46)) - raft.server.threadpool.proxy.size = 0 (default)
2022-05-24 20:48:28,975 [Listener at 0.0.0.0/39153] INFO  server.RaftServerConfigKeys (ConfUtils.java:logGet(46)) - raft.server.rpc.slowness.timeout = 120s (custom)
2022-05-24 20:48:28,976 [Listener at 0.0.0.0/39153] INFO  server.RaftServerConfigKeys (ConfUtils.java:logGet(46)) - raft.server.leaderelection.leader.step-down.wait-time = 10s (default)
2022-05-24 20:48:28,978 [Listener at 0.0.0.0/39153] INFO  server.RaftServerConfigKeys (ConfUtils.java:logGet(46)) - raft.server.storage.dir = [/home/runner/work/ozone/ozone/hadoop-ozone/integration-test/target/test-dir/MiniOzoneClusterImpl-68ae5bae-a44d-4587-ae52-251ec6d3fd1e/ozone-meta/ratis] (custom)
2022-05-24 20:48:28,991 [Listener at 0.0.0.0/39153] INFO  server.RaftServer (RaftServerProxy.java:addNew(96)) - om1: addNew group-C5BA1605619E:[om1|rpc:localhost:9872|priority:0] returns group-C5BA1605619E:java.util.concurrent.CompletableFuture@66b962b4[Not completed]
2022-05-24 20:48:28,991 [Listener at 0.0.0.0/39153] INFO  om.OzoneManager (OzoneManager.java:initializeRatisServer(1901)) - OzoneManager Ratis server initialized at port 9872
2022-05-24 20:48:29,003 [Listener at 0.0.0.0/39153] INFO  om.OzoneManager (OzoneManager.java:getRpcServer(1030)) - Creating RPC Server
2022-05-24 20:48:29,022 [pool-51-thread-1] INFO  server.RaftServer$Division (RaftServerImpl.java:<init>(190)) - om1: new RaftServerImpl for group-C5BA1605619E:[om1|rpc:localhost:9872|priority:0] with OzoneManagerStateMachine:uninitialized
2022-05-24 20:48:29,026 [pool-51-thread-1] INFO  server.RaftServerConfigKeys (ConfUtils.java:logGet(46)) - raft.server.rpc.timeout.min = 1s (custom)
2022-05-24 20:48:29,026 [pool-51-thread-1] INFO  server.RaftServerConfigKeys (ConfUtils.java:logGet(46)) - raft.server.rpc.timeout.max = 1200ms (custom)
2022-05-24 20:48:29,026 [pool-51-thread-1] INFO  server.RaftServerConfigKeys (ConfUtils.java:logGet(46)) - raft.server.rpc.sleep.time = 25ms (default)
2022-05-24 20:48:29,027 [pool-51-thread-1] INFO  server.RaftServerConfigKeys (ConfUtils.java:logGet(46)) - raft.server.rpc.slowness.timeout = 120s (custom)
2022-05-24 20:48:29,027 [pool-51-thread-1] INFO  server.RaftServerConfigKeys (ConfUtils.java:logGet(46)) - raft.server.leaderelection.leader.step-down.wait-time = 10s (default)
2022-05-24 20:48:29,027 [pool-51-thread-1] INFO  server.RaftServerConfigKeys (ConfUtils.java:logGet(46)) - raft.server.sleep.deviation.threshold = 300ms (default)
2022-05-24 20:48:29,046 [pool-51-thread-1] INFO  server.RaftServer$Division (ServerState.java:<init>(107)) - om1@group-C5BA1605619E: ConfigurationManager, init=-1: [om1|rpc:localhost:9872|priority:0], old=null, confs=<EMPTY_MAP>
2022-05-24 20:48:29,046 [pool-51-thread-1] INFO  server.RaftServerConfigKeys (ConfUtils.java:logGet(46)) - raft.server.storage.dir = [/home/runner/work/ozone/ozone/hadoop-ozone/integration-test/target/test-dir/MiniOzoneClusterImpl-68ae5bae-a44d-4587-ae52-251ec6d3fd1e/ozone-meta/ratis] (custom)
2022-05-24 20:48:29,049 [pool-51-thread-1] INFO  server.RaftServerConfigKeys (ConfUtils.java:logGet(46)) - raft.server.log.corruption.policy = EXCEPTION (default)
2022-05-24 20:48:29,050 [pool-51-thread-1] INFO  server.RaftServerConfigKeys (ConfUtils.java:logGet(46)) - raft.server.storage.free-space.min = 0MB (=0) (default)
2022-05-24 20:48:29,051 [pool-51-thread-1] INFO  storage.RaftStorageDirectory (RaftStorageDirectoryImpl.java:analyzeStorage(135)) - The storage directory /home/runner/work/ozone/ozone/hadoop-ozone/integration-test/target/test-dir/MiniOzoneClusterImpl-68ae5bae-a44d-4587-ae52-251ec6d3fd1e/ozone-meta/ratis/bf265839-605b-3f16-9796-c5ba1605619e does not exist. Creating ...
2022-05-24 20:48:29,062 [pool-51-thread-1] INFO  storage.RaftStorageDirectory (RaftStorageDirectoryImpl.java:tryLock(230)) - Lock on /home/runner/work/ozone/ozone/hadoop-ozone/integration-test/target/test-dir/MiniOzoneClusterImpl-68ae5bae-a44d-4587-ae52-251ec6d3fd1e/ozone-meta/ratis/bf265839-605b-3f16-9796-c5ba1605619e/in_use.lock acquired by nodename 28664@fv-az122-930
2022-05-24 20:48:29,072 [pool-51-thread-1] INFO  storage.RaftStorage (RaftStorageImpl.java:format(89)) - Storage directory /home/runner/work/ozone/ozone/hadoop-ozone/integration-test/target/test-dir/MiniOzoneClusterImpl-68ae5bae-a44d-4587-ae52-251ec6d3fd1e/ozone-meta/ratis/bf265839-605b-3f16-9796-c5ba1605619e has been successfully formatted.
2022-05-24 20:48:29,075 [pool-51-thread-1] INFO  server.RaftServerConfigKeys (ConfUtils.java:logGet(46)) - raft.server.notification.no-leader.timeout = 120s (custom)
2022-05-24 20:48:29,076 [pool-51-thread-1] INFO  server.RaftServerConfigKeys (ConfUtils.java:logGet(46)) - raft.server.log.use.memory = false (default)
2022-05-24 20:48:29,100 [pool-51-thread-1] INFO  server.RaftServerConfigKeys (ConfUtils.java:logGet(46)) - raft.server.log.purge.gap = 1000000 (custom)
2022-05-24 20:48:29,100 [pool-51-thread-1] INFO  server.RaftServerConfigKeys (ConfUtils.java:logGet(46)) - raft.server.log.appender.buffer.byte-limit = 33554432 (custom)
2022-05-24 20:48:29,134 [pool-51-thread-1] INFO  server.RaftServerConfigKeys (ConfUtils.java:logGet(46)) - raft.server.log.statemachine.data.read.timeout = 1000ms (default)
2022-05-24 20:48:29,176 [pool-51-thread-1] INFO  server.RaftServerConfigKeys (ConfUtils.java:logGet(46)) - raft.server.log.segment.size.max = 4194304 (custom)
2022-05-24 20:48:29,196 [pool-51-thread-1] INFO  server.RaftServerConfigKeys (ConfUtils.java:logGet(46)) - raft.server.log.segment.cache.num.max = 2 (custom)
2022-05-24 20:48:29,197 [pool-51-thread-1] INFO  server.RaftServerConfigKeys (ConfUtils.java:logGet(46)) - raft.server.log.segment.cache.size.max = 200MB (=209715200) (default)
2022-05-24 20:48:29,203 [pool-51-thread-1] INFO  segmented.SegmentedRaftLogWorker (SegmentedRaftLogWorker.java:<init>(187)) - new om1@group-C5BA1605619E-SegmentedRaftLogWorker for RaftStorageImpl:Storage Directory /home/runner/work/ozone/ozone/hadoop-ozone/integration-test/target/test-dir/MiniOzoneClusterImpl-68ae5bae-a44d-4587-ae52-251ec6d3fd1e/ozone-meta/ratis/bf265839-605b-3f16-9796-c5ba1605619e
2022-05-24 20:48:29,204 [pool-51-thread-1] INFO  server.RaftServerConfigKeys (ConfUtils.java:logGet(46)) - raft.server.log.queue.byte-limit = 64MB (=67108864) (default)
2022-05-24 20:48:29,204 [pool-51-thread-1] INFO  server.RaftServerConfigKeys (ConfUtils.java:logGet(46)) - raft.server.log.queue.element-limit = 4096 (default)
2022-05-24 20:48:29,205 [pool-51-thread-1] INFO  server.RaftServerConfigKeys (ConfUtils.java:logGet(46)) - raft.server.log.segment.size.max = 4194304 (custom)
2022-05-24 20:48:29,206 [pool-51-thread-1] INFO  server.RaftServerConfigKeys (ConfUtils.java:logGet(46)) - raft.server.log.preallocated.size = 4194304 (custom)
2022-05-24 20:48:29,206 [pool-51-thread-1] INFO  server.RaftServerConfigKeys (ConfUtils.java:logGet(46)) - raft.server.log.force.sync.num = 128 (default)
2022-05-24 20:48:29,208 [pool-51-thread-1] INFO  server.RaftServerConfigKeys (ConfUtils.java:logGet(46)) - raft.server.log.statemachine.data.sync = true (default)
2022-05-24 20:48:29,208 [pool-51-thread-1] INFO  server.RaftServerConfigKeys (ConfUtils.java:logGet(46)) - raft.server.log.statemachine.data.sync.timeout = 10s (default)
2022-05-24 20:48:29,208 [pool-51-thread-1] INFO  server.RaftServerConfigKeys (ConfUtils.java:logGet(46)) - raft.server.log.statemachine.data.sync.timeout.retry = -1 (default)
2022-05-24 20:48:29,232 [pool-51-thread-1] INFO  server.RaftServerConfigKeys (ConfUtils.java:logGet(46)) - raft.server.log.write.buffer.size = 64KB (=65536) (default)
2022-05-24 20:48:29,232 [pool-51-thread-1] INFO  server.RaftServerConfigKeys (ConfUtils.java:logGet(46)) - raft.server.log.unsafe-flush.enabled = false (default)
2022-05-24 20:48:29,233 [pool-51-thread-1] INFO  server.RaftServerConfigKeys (ConfUtils.java:logGet(46)) - raft.server.log.statemachine.data.caching.enabled = false (default)
2022-05-24 20:48:29,242 [pool-51-thread-1] INFO  segmented.SegmentedRaftLogWorker (SegmentedRaftLogWorker.java:lambda$new$0(135)) - om1@group-C5BA1605619E-SegmentedRaftLogWorker: flushIndex: setUnconditionally 0 -> -1
2022-05-24 20:48:29,242 [pool-51-thread-1] INFO  segmented.SegmentedRaftLogWorker (SegmentedRaftLogWorker.java:lambda$new$0(135)) - om1@group-C5BA1605619E-SegmentedRaftLogWorker: safeCacheEvictIndex: setUnconditionally 0 -> -1
2022-05-24 20:48:29,262 [pool-51-thread-1] INFO  server.RaftServerConfigKeys (ConfUtils.java:logGet(46)) - raft.server.snapshot.auto.trigger.enabled = true (custom)
2022-05-24 20:48:29,277 [pool-51-thread-1] INFO  server.RaftServerConfigKeys (ConfUtils.java:logGet(46)) - raft.server.snapshot.auto.trigger.threshold = 400000 (default)
2022-05-24 20:48:29,277 [pool-51-thread-1] INFO  server.RaftServerConfigKeys (ConfUtils.java:logGet(46)) - raft.server.snapshot.retention.file.num = -1 (default)
2022-05-24 20:48:29,278 [pool-51-thread-1] INFO  server.RaftServerConfigKeys (ConfUtils.java:logGet(46)) - raft.server.log.purge.upto.snapshot.index = true (custom)
2022-05-24 20:48:29,283 [pool-51-thread-1] INFO  server.RaftServerConfigKeys (ConfUtils.java:logGet(46)) - raft.server.retrycache.expirytime = 300s (custom)
2022-05-24 20:48:29,284 [pool-51-thread-1] INFO  server.RaftServerConfigKeys (ConfUtils.java:logGet(46)) - raft.server.retrycache.statistics.expirytime = 100μs (default)
2022-05-24 20:48:29,401 [pool-51-thread-1] INFO  server.RaftServerConfigKeys (ConfUtils.java:logGet(46)) - raft.server.log.appender.install.snapshot.enabled = false (custom)
2022-05-24 20:48:29,401 [pool-51-thread-1] INFO  server.RaftServerConfigKeys (ConfUtils.java:logGet(46)) - raft.server.threadpool.server.cached = true (default)
2022-05-24 20:48:29,401 [pool-51-thread-1] INFO  server.RaftServerConfigKeys (ConfUtils.java:logGet(46)) - raft.server.threadpool.server.size = 0 (default)
2022-05-24 20:48:29,402 [pool-51-thread-1] INFO  server.RaftServerConfigKeys (ConfUtils.java:logGet(46)) - raft.server.threadpool.client.cached = true (default)
2022-05-24 20:48:29,402 [pool-51-thread-1] INFO  server.RaftServerConfigKeys (ConfUtils.java:logGet(46)) - raft.server.threadpool.client.size = 0 (default)
2022-05-24 20:48:29,741 [Listener at 0.0.0.0/39153] INFO  reflections.Reflections (Reflections.java:scan(232)) - Reflections took 679 ms to scan 19 urls, producing 61 keys and 3727 values [using 2 cores]
2022-05-24 20:48:29,871 [Listener at 0.0.0.0/39153] INFO  ipc.CallQueueManager (CallQueueManager.java:<init>(90)) - Using callQueue: class java.util.concurrent.LinkedBlockingQueue, queueCapacity: 2000, scheduler: class org.apache.hadoop.ipc.DefaultRpcScheduler, ipcBackoff: false.
2022-05-24 20:48:29,877 [Socket Reader #1 for port 0] INFO  ipc.Server (Server.java:run(1265)) - Starting Socket Reader #1 for port 0
2022-05-24 20:48:29,914 [Listener at 127.0.0.1/44485] INFO  impl.MetricsSystemImpl (MetricsSystemImpl.java:init(158)) - OzoneManager metrics system started (again)
2022-05-24 20:48:29,926 [Listener at 127.0.0.1/44485] INFO  om.OzoneManager (OzoneManager.java:start(1405)) - OzoneManager RPC server is listening at localhost/127.0.0.1:44485
2022-05-24 20:48:29,926 [Listener at 127.0.0.1/44485] INFO  ratis.OzoneManagerRatisServer (OzoneManagerRatisServer.java:start(554)) - Starting OzoneManagerRatisServer om1 at port 9872
2022-05-24 20:48:29,929 [om1-impl-thread1] INFO  server.RaftServer$Division (RaftServerImpl.java:start(310)) - om1@group-C5BA1605619E: start as a follower, conf=-1: [om1|rpc:localhost:9872|priority:0], old=null
2022-05-24 20:48:29,929 [om1-impl-thread1] INFO  server.RaftServer$Division (RaftServerImpl.java:setRole(299)) - om1@group-C5BA1605619E: changes role from      null to FOLLOWER at term 0 for startAsFollower
2022-05-24 20:48:30,051 [om1-impl-thread1] INFO  impl.RoleInfo (RoleInfo.java:updateAndGet(139)) - om1: start om1@group-C5BA1605619E-FollowerState
2022-05-24 20:48:30,056 [om1-impl-thread1] INFO  util.JmxRegister (JmxRegister.java:tryRegister(44)) - Successfully registered JMX Bean with object name Ratis:service=RaftServer,group=group-C5BA1605619E,id=om1
2022-05-24 20:48:30,066 [Listener at 127.0.0.1/44485] INFO  server.RaftServer (RaftServerProxy.java:lambda$start$6(382)) - om1: start RPC server
2022-05-24 20:48:30,123 [Listener at 127.0.0.1/44485] INFO  server.GrpcService (GrpcService.java:startImpl(260)) - om1: GrpcService started, listening on 9872
2022-05-24 20:48:30,125 [Listener at 127.0.0.1/44485] INFO  om.OzoneManager (OzoneManager.java:start(1421)) - Version File has different layout version (2) than OM DB (null). That is expected if this OM has never been finalized to a newer layout version.
2022-05-24 20:48:30,133 [org.apache.ratis.util.JvmPauseMonitor$$Lambda$687/217467501@5332ebea] INFO  util.JvmPauseMonitor (JvmPauseMonitor.java:run(103)) - JvmPauseMonitor-om1: Started
2022-05-24 20:48:30,149 [Listener at 127.0.0.1/44485] INFO  http.BaseHttpServer (BaseHttpServer.java:newHttpServer2BuilderForOzone(209)) - Starting Web-server for ozoneManager at: http://0.0.0.0:0
2022-05-24 20:48:30,149 [Listener at 127.0.0.1/44485] INFO  http.BaseHttpServer (BaseHttpServer.java:<init>(107)) - Hadoop Security Enabled: false Ozone Security Enabled: false Ozone HTTP Security Enabled: false 
2022-05-24 20:48:30,151 [Listener at 127.0.0.1/44485] INFO  server.AuthenticationFilter (AuthenticationFilter.java:constructSecretProvider(240)) - Unable to initialize FileSignerSecretProvider, falling back to use random secrets.
2022-05-24 20:48:30,153 [Listener at 127.0.0.1/44485] WARN  http.HttpRequestLog (HttpRequestLog.java:getRequestLog(103)) - Jetty request log can only be enabled using Log4j
2022-05-24 20:48:30,154 [Listener at 127.0.0.1/44485] INFO  http.HttpServer2 (HttpServer2.java:addGlobalFilter(1030)) - Added global filter 'safety' (class=org.apache.hadoop.hdds.server.http.HttpServer2$QuotingInputFilter)
2022-05-24 20:48:30,155 [Listener at 127.0.0.1/44485] INFO  http.HttpServer2 (HttpServer2.java:addFilter(1006)) - Added filter static_user_filter (class=org.apache.hadoop.http.lib.StaticUserWebFilter$StaticUserFilter) to context ozoneManager
2022-05-24 20:48:30,155 [Listener at 127.0.0.1/44485] INFO  http.HttpServer2 (HttpServer2.java:addFilter(1014)) - Added filter static_user_filter (class=org.apache.hadoop.http.lib.StaticUserWebFilter$StaticUserFilter) to context static
2022-05-24 20:48:30,155 [Listener at 127.0.0.1/44485] INFO  http.HttpServer2 (HttpServer2.java:addFilter(1014)) - Added filter static_user_filter (class=org.apache.hadoop.http.lib.StaticUserWebFilter$StaticUserFilter) to context logs
2022-05-24 20:48:30,157 [Listener at 127.0.0.1/44485] INFO  http.HttpServer2 (HttpServer2.java:bindListener(1249)) - Jetty bound to port 35049
2022-05-24 20:48:30,157 [Listener at 127.0.0.1/44485] INFO  server.Server (Server.java:doStart(375)) - jetty-9.4.43.v20210629; built: 2021-06-30T11:07:22.254Z; git: 526006ecfa3af7f1a27ef3a288e2bef7ea9dd7e8; jvm 1.8.0_332-b09
2022-05-24 20:48:30,163 [Listener at 127.0.0.1/44485] INFO  server.session (DefaultSessionIdManager.java:doStart(334)) - DefaultSessionIdManager workerName=node0
2022-05-24 20:48:30,163 [Listener at 127.0.0.1/44485] INFO  server.session (DefaultSessionIdManager.java:doStart(339)) - No SessionScavenger set, using defaults
2022-05-24 20:48:30,164 [Listener at 127.0.0.1/44485] INFO  server.session (HouseKeeper.java:startScavenging(132)) - node0 Scavenging every 660000ms
2022-05-24 20:48:30,164 [Listener at 127.0.0.1/44485] INFO  handler.ContextHandler (ContextHandler.java:doStart(915)) - Started o.e.j.s.ServletContextHandler@6baf95f9{logs,/logs,file:///home/runner/work/ozone/ozone/hadoop-ozone/integration-test/target/log,AVAILABLE}
2022-05-24 20:48:30,165 [Listener at 127.0.0.1/44485] INFO  handler.ContextHandler (ContextHandler.java:doStart(915)) - Started o.e.j.s.ServletContextHandler@7d0f755c{static,/static,file:///home/runner/work/ozone/ozone/hadoop-ozone/integration-test/target/test-classes/webapps/static,AVAILABLE}
2022-05-24 20:48:30,168 [Listener at 127.0.0.1/44485] INFO  handler.ContextHandler (ContextHandler.java:doStart(915)) - Started o.e.j.w.WebAppContext@360e9b23{ozoneManager,/,file:///home/runner/work/ozone/ozone/hadoop-ozone/integration-test/target/test-classes/webapps/ozoneManager/,AVAILABLE}{file:/home/runner/work/ozone/ozone/hadoop-ozone/integration-test/target/test-classes/webapps/ozoneManager}
2022-05-24 20:48:30,173 [Listener at 127.0.0.1/44485] INFO  server.AbstractConnector (AbstractConnector.java:doStart(331)) - Started ServerConnector@5b30b332{HTTP/1.1, (http/1.1)}{0.0.0.0:35049}
2022-05-24 20:48:30,174 [Listener at 127.0.0.1/44485] INFO  server.Server (Server.java:doStart(415)) - Started @7256ms
2022-05-24 20:48:30,174 [Listener at 127.0.0.1/44485] WARN  impl.MetricsSystemImpl (MetricsSystemImpl.java:register(279)) - Sink prometheus already exists!
2022-05-24 20:48:30,174 [Listener at 127.0.0.1/44485] INFO  http.BaseHttpServer (BaseHttpServer.java:updateConnectorAddress(329)) - HTTP server of ozoneManager listening at http://0.0.0.0:35049
2022-05-24 20:48:30,175 [IPC Server Responder] INFO  ipc.Server (Server.java:run(1507)) - IPC Server Responder: starting
2022-05-24 20:48:30,179 [IPC Server listener on 0] INFO  ipc.Server (Server.java:run(1344)) - IPC Server listener on 0: starting
2022-05-24 20:48:30,188 [Listener at 127.0.0.1/44485] INFO  om.OzoneManager (OzoneManager.java:startTrashEmptier(1845)) - Trash Interval set to 0. Files deleted won't move to trash
2022-05-24 20:48:30,191 [org.apache.hadoop.util.JvmPauseMonitor$Monitor@749979f4] INFO  util.JvmPauseMonitor (JvmPauseMonitor.java:run(188)) - Starting JVM pause monitor
2022-05-24 20:48:30,304 [Listener at 127.0.0.1/44485] WARN  impl.MetricRegistriesImpl (MetricRegistriesImpl.java:addReporterRegistration(111)) - New reporters are added after registries were created. Some metrics will be missing from the reporter. Please add reporter before adding any new registry.
2022-05-24 20:48:30,304 [Listener at 127.0.0.1/44485] WARN  impl.MetricRegistriesImpl (MetricRegistriesImpl.java:addReporterRegistration(111)) - New reporters are added after registries were created. Some metrics will be missing from the reporter. Please add reporter before adding any new registry.
2022-05-24 20:48:30,304 [Listener at 127.0.0.1/44485] INFO  impl.MetricsSystemImpl (MetricsSystemImpl.java:init(158)) - HddsDatanode metrics system started (again)
2022-05-24 20:48:30,321 [Listener at 127.0.0.1/44485] INFO  ozone.HddsDatanodeService (HddsDatanodeService.java:start(236)) - HddsDatanodeService host:fv-az122-930.eh24crq5omsuteaqbma5cv3ijc.phxx.internal.cloudapp.net ip:10.1.0.30
2022-05-24 20:48:30,362 [Listener at 127.0.0.1/44485] INFO  upgrade.AbstractLayoutVersionManager (AbstractLayoutVersionManager.java:init(79)) - Initializing Layout version manager with metadata layout = ERASURE_CODED_STORAGE_SUPPORT (version = 3), software layout = ERASURE_CODED_STORAGE_SUPPORT (version = 3)
2022-05-24 20:48:30,400 [Listener at 127.0.0.1/44485] INFO  reflections.Reflections (Reflections.java:scan(232)) - Reflections took 37 ms to scan 7 urls, producing 127 keys and 292 values 
2022-05-24 20:48:30,404 [Listener at 127.0.0.1/44485] INFO  statemachine.DatanodeStateMachine (DatanodeStateMachine.java:getEndPointTaskThreadPoolSize(233)) - Datanode State Machine Task Thread Pool size 2
2022-05-24 20:48:30,502 [Listener at 127.0.0.1/44485] INFO  volume.HddsVolume (HddsVolume.java:<init>(120)) - Creating HddsVolume: /home/runner/work/ozone/ozone/hadoop-ozone/integration-test/target/test-dir/MiniOzoneClusterImpl-68ae5bae-a44d-4587-ae52-251ec6d3fd1e/datanode-0/data-0/containers/hdds of storage type : DISK capacity : 9223372036854775807
2022-05-24 20:48:30,504 [Listener at 127.0.0.1/44485] INFO  volume.MutableVolumeSet (MutableVolumeSet.java:initializeVolumeSet(168)) - Added Volume : /home/runner/work/ozone/ozone/hadoop-ozone/integration-test/target/test-dir/MiniOzoneClusterImpl-68ae5bae-a44d-4587-ae52-251ec6d3fd1e/datanode-0/data-0/containers/hdds to VolumeSet
2022-05-24 20:48:30,505 [Listener at 127.0.0.1/44485] INFO  volume.ThrottledAsyncChecker (ThrottledAsyncChecker.java:schedule(141)) - Scheduling a check for /home/runner/work/ozone/ozone/hadoop-ozone/integration-test/target/test-dir/MiniOzoneClusterImpl-68ae5bae-a44d-4587-ae52-251ec6d3fd1e/datanode-0/data-0/containers/hdds
2022-05-24 20:48:30,522 [Listener at 127.0.0.1/44485] INFO  volume.StorageVolumeChecker (StorageVolumeChecker.java:checkAllVolumes(202)) - Scheduled health check for volume /home/runner/work/ozone/ozone/hadoop-ozone/integration-test/target/test-dir/MiniOzoneClusterImpl-68ae5bae-a44d-4587-ae52-251ec6d3fd1e/datanode-0/data-0/containers/hdds
2022-05-24 20:48:30,537 [Listener at 127.0.0.1/44485] INFO  volume.MutableVolumeSet (MutableVolumeSet.java:initializeVolumeSet(168)) - Added Volume : /home/runner/work/ozone/ozone/hadoop-ozone/integration-test/target/test-dir/MiniOzoneClusterImpl-68ae5bae-a44d-4587-ae52-251ec6d3fd1e/datanode-0/data/ratis to VolumeSet
2022-05-24 20:48:30,538 [Listener at 127.0.0.1/44485] INFO  volume.ThrottledAsyncChecker (ThrottledAsyncChecker.java:schedule(141)) - Scheduling a check for /home/runner/work/ozone/ozone/hadoop-ozone/integration-test/target/test-dir/MiniOzoneClusterImpl-68ae5bae-a44d-4587-ae52-251ec6d3fd1e/datanode-0/data/ratis
2022-05-24 20:48:30,538 [Listener at 127.0.0.1/44485] INFO  volume.StorageVolumeChecker (StorageVolumeChecker.java:checkAllVolumes(202)) - Scheduled health check for volume /home/runner/work/ozone/ozone/hadoop-ozone/integration-test/target/test-dir/MiniOzoneClusterImpl-68ae5bae-a44d-4587-ae52-251ec6d3fd1e/datanode-0/data/ratis
2022-05-24 20:48:30,559 [Thread-132] INFO  ozoneimpl.ContainerReader (ContainerReader.java:readVolume(172)) - Finish verifying containers on volume /home/runner/work/ozone/ozone/hadoop-ozone/integration-test/target/test-dir/MiniOzoneClusterImpl-68ae5bae-a44d-4587-ae52-251ec6d3fd1e/datanode-0/data-0/containers/hdds
2022-05-24 20:48:30,559 [Listener at 127.0.0.1/44485] INFO  ozoneimpl.OzoneContainer (OzoneContainer.java:buildContainerSet(257)) - Build ContainerSet costs 0s
2022-05-24 20:48:30,599 [Listener at 127.0.0.1/44485] INFO  audit.AuditLogger (AuditLogger.java:refreshDebugCmdSet(120)) - Refresh DebugCmdSet for DNAudit to [].
2022-05-24 20:48:30,626 [Listener at 127.0.0.1/44485] INFO  server.RaftServer (ConfUtils.java:logGet(46)) - raft.rpc.type = GRPC (default)
2022-05-24 20:48:30,626 [Listener at 127.0.0.1/44485] INFO  grpc.GrpcFactory (GrpcFactory.java:checkPooledByteBufAllocatorUseCacheForAllThreads(48)) - PERFORMANCE WARNING: useCacheForAllThreads is true that may cause Netty to create a lot garbage objects and, as a result, trigger GC.
	It is recommended to disable useCacheForAllThreads by setting -Dorg.apache.ratis.thirdparty.io.netty.allocator.useCacheForAllThreads=false in command line.
2022-05-24 20:48:30,626 [Listener at 127.0.0.1/44485] INFO  grpc.GrpcConfigKeys (ConfUtils.java:logGet(46)) - raft.grpc.admin.port = 0 (custom)
2022-05-24 20:48:30,627 [Listener at 127.0.0.1/44485] INFO  grpc.GrpcConfigKeys (ConfUtils.java:logGet(46)) - raft.grpc.client.port = 0 (custom)
2022-05-24 20:48:30,627 [Listener at 127.0.0.1/44485] INFO  grpc.GrpcConfigKeys (ConfUtils.java:logGet(46)) - raft.grpc.server.port = 0 (default)
2022-05-24 20:48:30,627 [Listener at 127.0.0.1/44485] INFO  server.GrpcService (ConfUtils.java:logGet(46)) - raft.grpc.message.size.max = 32MB (=33554432) (custom)
2022-05-24 20:48:30,627 [Listener at 127.0.0.1/44485] INFO  server.RaftServerConfigKeys (ConfUtils.java:logGet(46)) - raft.server.log.appender.buffer.byte-limit = 33554432 (custom)
2022-05-24 20:48:30,627 [Listener at 127.0.0.1/44485] INFO  server.GrpcService (ConfUtils.java:logGet(46)) - raft.grpc.flow.control.window = 5MB (=5242880) (custom)
2022-05-24 20:48:30,627 [Listener at 127.0.0.1/44485] INFO  server.RaftServerConfigKeys (ConfUtils.java:logGet(46)) - raft.server.rpc.request.timeout = 60s (custom)
2022-05-24 20:48:30,627 [Listener at 127.0.0.1/44485] INFO  grpc.GrpcConfigKeys (ConfUtils.java:logGet(46)) - raft.grpc.server.async.request.thread.pool.cached = true (default)
2022-05-24 20:48:30,628 [Listener at 127.0.0.1/44485] INFO  grpc.GrpcConfigKeys (ConfUtils.java:logGet(46)) - raft.grpc.server.async.request.thread.pool.size = 32 (default)
2022-05-24 20:48:30,629 [Listener at 127.0.0.1/44485] INFO  impl.DataStreamServerImpl (ConfUtils.java:logGet(46)) - raft.datastream.type = DISABLED (default)
2022-05-24 20:48:30,629 [Listener at 127.0.0.1/44485] INFO  server.RaftServerConfigKeys (ConfUtils.java:logGet(46)) - raft.server.threadpool.proxy.cached = true (default)
2022-05-24 20:48:30,629 [Listener at 127.0.0.1/44485] INFO  server.RaftServerConfigKeys (ConfUtils.java:logGet(46)) - raft.server.threadpool.proxy.size = 0 (default)
2022-05-24 20:48:30,629 [Listener at 127.0.0.1/44485] INFO  server.RaftServerConfigKeys (ConfUtils.java:logGet(46)) - raft.server.rpc.slowness.timeout = 300s (custom)
2022-05-24 20:48:30,629 [Listener at 127.0.0.1/44485] INFO  server.RaftServerConfigKeys (ConfUtils.java:logGet(46)) - raft.server.leaderelection.leader.step-down.wait-time = 10s (default)
2022-05-24 20:48:30,629 [Listener at 127.0.0.1/44485] INFO  server.RaftServerConfigKeys (ConfUtils.java:logGet(46)) - raft.server.storage.dir = [/home/runner/work/ozone/ozone/hadoop-ozone/integration-test/target/test-dir/MiniOzoneClusterImpl-68ae5bae-a44d-4587-ae52-251ec6d3fd1e/datanode-0/data/ratis] (custom)
2022-05-24 20:48:30,645 [Listener at 127.0.0.1/44485] INFO  server.XceiverServerGrpc (XceiverServerGrpc.java:<init>(132)) - GrpcServer channel type EpollServerSocketChannel
2022-05-24 20:48:30,685 [Listener at 127.0.0.1/44485] INFO  http.BaseHttpServer (BaseHttpServer.java:newHttpServer2BuilderForOzone(209)) - Starting Web-server for hddsDatanode at: http://0.0.0.0:0
2022-05-24 20:48:30,686 [Listener at 127.0.0.1/44485] INFO  http.BaseHttpServer (BaseHttpServer.java:<init>(107)) - Hadoop Security Enabled: false Ozone Security Enabled: false Ozone HTTP Security Enabled: false 
2022-05-24 20:48:30,687 [Listener at 127.0.0.1/44485] INFO  server.AuthenticationFilter (AuthenticationFilter.java:constructSecretProvider(240)) - Unable to initialize FileSignerSecretProvider, falling back to use random secrets.
2022-05-24 20:48:30,691 [Listener at 127.0.0.1/44485] WARN  http.HttpRequestLog (HttpRequestLog.java:getRequestLog(103)) - Jetty request log can only be enabled using Log4j
2022-05-24 20:48:30,692 [Listener at 127.0.0.1/44485] INFO  http.HttpServer2 (HttpServer2.java:addGlobalFilter(1030)) - Added global filter 'safety' (class=org.apache.hadoop.hdds.server.http.HttpServer2$QuotingInputFilter)
2022-05-24 20:48:30,693 [Listener at 127.0.0.1/44485] INFO  http.HttpServer2 (HttpServer2.java:addFilter(1006)) - Added filter static_user_filter (class=org.apache.hadoop.http.lib.StaticUserWebFilter$StaticUserFilter) to context hddsDatanode
2022-05-24 20:48:30,693 [Listener at 127.0.0.1/44485] INFO  http.HttpServer2 (HttpServer2.java:addFilter(1014)) - Added filter static_user_filter (class=org.apache.hadoop.http.lib.StaticUserWebFilter$StaticUserFilter) to context logs
2022-05-24 20:48:30,693 [Listener at 127.0.0.1/44485] INFO  http.HttpServer2 (HttpServer2.java:addFilter(1014)) - Added filter static_user_filter (class=org.apache.hadoop.http.lib.StaticUserWebFilter$StaticUserFilter) to context static
2022-05-24 20:48:30,694 [Listener at 127.0.0.1/44485] INFO  http.HttpServer2 (HttpServer2.java:bindListener(1249)) - Jetty bound to port 43971
2022-05-24 20:48:30,694 [Listener at 127.0.0.1/44485] INFO  server.Server (Server.java:doStart(375)) - jetty-9.4.43.v20210629; built: 2021-06-30T11:07:22.254Z; git: 526006ecfa3af7f1a27ef3a288e2bef7ea9dd7e8; jvm 1.8.0_332-b09
2022-05-24 20:48:30,697 [Listener at 127.0.0.1/44485] INFO  server.session (DefaultSessionIdManager.java:doStart(334)) - DefaultSessionIdManager workerName=node0
2022-05-24 20:48:30,697 [Listener at 127.0.0.1/44485] INFO  server.session (DefaultSessionIdManager.java:doStart(339)) - No SessionScavenger set, using defaults
2022-05-24 20:48:30,697 [Listener at 127.0.0.1/44485] INFO  server.session (HouseKeeper.java:startScavenging(132)) - node0 Scavenging every 600000ms
2022-05-24 20:48:30,698 [Listener at 127.0.0.1/44485] INFO  handler.ContextHandler (ContextHandler.java:doStart(915)) - Started o.e.j.s.ServletContextHandler@14ccd97f{logs,/logs,file:///home/runner/work/ozone/ozone/hadoop-ozone/integration-test/target/log,AVAILABLE}
2022-05-24 20:48:30,699 [Listener at 127.0.0.1/44485] INFO  handler.ContextHandler (ContextHandler.java:doStart(915)) - Started o.e.j.s.ServletContextHandler@31eb7dd4{static,/static,jar:file:/home/runner/.m2/repository/org/apache/ozone/hdds-container-service/1.3.0-SNAPSHOT/hdds-container-service-1.3.0-SNAPSHOT.jar!/webapps/static,AVAILABLE}
2022-05-24 20:48:30,912 [Listener at 127.0.0.1/44485] INFO  handler.ContextHandler (ContextHandler.java:doStart(915)) - Started o.e.j.w.WebAppContext@4fc8ebe7{hddsDatanode,/,file:///tmp/jetty-0_0_0_0-43971-hdds-container-service-1_3_0-SNAPSHOT_jar-_-any-7669328717612124247/webapp/,AVAILABLE}{jar:file:/home/runner/.m2/repository/org/apache/ozone/hdds-container-service/1.3.0-SNAPSHOT/hdds-container-service-1.3.0-SNAPSHOT.jar!/webapps/hddsDatanode}
2022-05-24 20:48:30,913 [Listener at 127.0.0.1/44485] INFO  server.AbstractConnector (AbstractConnector.java:doStart(331)) - Started ServerConnector@365b1eb5{HTTP/1.1, (http/1.1)}{0.0.0.0:43971}
2022-05-24 20:48:30,914 [Listener at 127.0.0.1/44485] INFO  server.Server (Server.java:doStart(415)) - Started @7996ms
2022-05-24 20:48:30,914 [Listener at 127.0.0.1/44485] WARN  impl.MetricsSystemImpl (MetricsSystemImpl.java:register(279)) - Sink prometheus already exists!
2022-05-24 20:48:30,914 [Listener at 127.0.0.1/44485] INFO  http.BaseHttpServer (BaseHttpServer.java:updateConnectorAddress(329)) - HTTP server of hddsDatanode listening at http://0.0.0.0:43971
2022-05-24 20:48:30,916 [Listener at 127.0.0.1/44485] WARN  impl.MetricRegistriesImpl (MetricRegistriesImpl.java:addReporterRegistration(111)) - New reporters are added after registries were created. Some metrics will be missing from the reporter. Please add reporter before adding any new registry.
2022-05-24 20:48:30,916 [Listener at 127.0.0.1/44485] WARN  impl.MetricRegistriesImpl (MetricRegistriesImpl.java:addReporterRegistration(111)) - New reporters are added after registries were created. Some metrics will be missing from the reporter. Please add reporter before adding any new registry.
2022-05-24 20:48:30,916 [Listener at 127.0.0.1/44485] INFO  impl.MetricsSystemImpl (MetricsSystemImpl.java:init(158)) - HddsDatanode metrics system started (again)
2022-05-24 20:48:30,923 [Datanode State Machine Daemon Thread] INFO  statemachine.DatanodeStateMachine (DatanodeStateMachine.java:lambda$startDaemon$0(481)) - Ozone container server started.
2022-05-24 20:48:30,930 [Listener at 127.0.0.1/44485] INFO  ozone.HddsDatanodeService (HddsDatanodeService.java:start(236)) - HddsDatanodeService host:fv-az122-930.eh24crq5omsuteaqbma5cv3ijc.phxx.internal.cloudapp.net ip:10.1.0.30
2022-05-24 20:48:30,947 [org.apache.hadoop.util.JvmPauseMonitor$Monitor@30c92fd2] INFO  util.JvmPauseMonitor (JvmPauseMonitor.java:run(188)) - Starting JVM pause monitor
2022-05-24 20:48:30,965 [Listener at 127.0.0.1/44485] INFO  upgrade.AbstractLayoutVersionManager (AbstractLayoutVersionManager.java:init(79)) - Initializing Layout version manager with metadata layout = ERASURE_CODED_STORAGE_SUPPORT (version = 3), software layout = ERASURE_CODED_STORAGE_SUPPORT (version = 3)
2022-05-24 20:48:31,020 [Listener at 127.0.0.1/44485] INFO  reflections.Reflections (Reflections.java:scan(232)) - Reflections took 54 ms to scan 7 urls, producing 127 keys and 292 values 
2022-05-24 20:48:31,021 [Listener at 127.0.0.1/44485] INFO  statemachine.DatanodeStateMachine (DatanodeStateMachine.java:getEndPointTaskThreadPoolSize(233)) - Datanode State Machine Task Thread Pool size 2
2022-05-24 20:48:31,023 [Listener at 127.0.0.1/44485] INFO  volume.HddsVolume (HddsVolume.java:<init>(120)) - Creating HddsVolume: /home/runner/work/ozone/ozone/hadoop-ozone/integration-test/target/test-dir/MiniOzoneClusterImpl-68ae5bae-a44d-4587-ae52-251ec6d3fd1e/datanode-1/data-0/containers/hdds of storage type : DISK capacity : 9223372036854775807
2022-05-24 20:48:31,023 [Listener at 127.0.0.1/44485] INFO  volume.MutableVolumeSet (MutableVolumeSet.java:initializeVolumeSet(168)) - Added Volume : /home/runner/work/ozone/ozone/hadoop-ozone/integration-test/target/test-dir/MiniOzoneClusterImpl-68ae5bae-a44d-4587-ae52-251ec6d3fd1e/datanode-1/data-0/containers/hdds to VolumeSet
2022-05-24 20:48:31,023 [Listener at 127.0.0.1/44485] INFO  volume.ThrottledAsyncChecker (ThrottledAsyncChecker.java:schedule(141)) - Scheduling a check for /home/runner/work/ozone/ozone/hadoop-ozone/integration-test/target/test-dir/MiniOzoneClusterImpl-68ae5bae-a44d-4587-ae52-251ec6d3fd1e/datanode-1/data-0/containers/hdds
2022-05-24 20:48:31,052 [Listener at 127.0.0.1/44485] INFO  volume.StorageVolumeChecker (StorageVolumeChecker.java:checkAllVolumes(202)) - Scheduled health check for volume /home/runner/work/ozone/ozone/hadoop-ozone/integration-test/target/test-dir/MiniOzoneClusterImpl-68ae5bae-a44d-4587-ae52-251ec6d3fd1e/datanode-1/data-0/containers/hdds
2022-05-24 20:48:31,075 [Listener at 127.0.0.1/44485] INFO  volume.MutableVolumeSet (MutableVolumeSet.java:initializeVolumeSet(168)) - Added Volume : /home/runner/work/ozone/ozone/hadoop-ozone/integration-test/target/test-dir/MiniOzoneClusterImpl-68ae5bae-a44d-4587-ae52-251ec6d3fd1e/datanode-1/data/ratis to VolumeSet
2022-05-24 20:48:31,075 [Listener at 127.0.0.1/44485] INFO  volume.ThrottledAsyncChecker (ThrottledAsyncChecker.java:schedule(141)) - Scheduling a check for /home/runner/work/ozone/ozone/hadoop-ozone/integration-test/target/test-dir/MiniOzoneClusterImpl-68ae5bae-a44d-4587-ae52-251ec6d3fd1e/datanode-1/data/ratis
2022-05-24 20:48:31,075 [Listener at 127.0.0.1/44485] INFO  volume.StorageVolumeChecker (StorageVolumeChecker.java:checkAllVolumes(202)) - Scheduled health check for volume /home/runner/work/ozone/ozone/hadoop-ozone/integration-test/target/test-dir/MiniOzoneClusterImpl-68ae5bae-a44d-4587-ae52-251ec6d3fd1e/datanode-1/data/ratis
2022-05-24 20:48:31,078 [Datanode State Machine Task Thread - 0] INFO  datanode.InitDatanodeState (InitDatanodeState.java:persistContainerDatanodeDetails(138)) - DatanodeDetails is persisted to /home/runner/work/ozone/ozone/hadoop-ozone/integration-test/target/test-dir/MiniOzoneClusterImpl-68ae5bae-a44d-4587-ae52-251ec6d3fd1e/datanode-0/meta/datanode.id
2022-05-24 20:48:31,085 [Thread-145] INFO  ozoneimpl.ContainerReader (ContainerReader.java:readVolume(172)) - Finish verifying containers on volume /home/runner/work/ozone/ozone/hadoop-ozone/integration-test/target/test-dir/MiniOzoneClusterImpl-68ae5bae-a44d-4587-ae52-251ec6d3fd1e/datanode-1/data-0/containers/hdds
2022-05-24 20:48:31,086 [Listener at 127.0.0.1/44485] INFO  ozoneimpl.OzoneContainer (OzoneContainer.java:buildContainerSet(257)) - Build ContainerSet costs 0s
2022-05-24 20:48:31,088 [Listener at 127.0.0.1/44485] INFO  server.RaftServer (ConfUtils.java:logGet(46)) - raft.rpc.type = GRPC (default)
2022-05-24 20:48:31,089 [Listener at 127.0.0.1/44485] INFO  grpc.GrpcFactory (GrpcFactory.java:checkPooledByteBufAllocatorUseCacheForAllThreads(48)) - PERFORMANCE WARNING: useCacheForAllThreads is true that may cause Netty to create a lot garbage objects and, as a result, trigger GC.
	It is recommended to disable useCacheForAllThreads by setting -Dorg.apache.ratis.thirdparty.io.netty.allocator.useCacheForAllThreads=false in command line.
2022-05-24 20:48:31,089 [Listener at 127.0.0.1/44485] INFO  grpc.GrpcConfigKeys (ConfUtils.java:logGet(46)) - raft.grpc.admin.port = 0 (custom)
2022-05-24 20:48:31,089 [Listener at 127.0.0.1/44485] INFO  grpc.GrpcConfigKeys (ConfUtils.java:logGet(46)) - raft.grpc.client.port = 0 (custom)
2022-05-24 20:48:31,089 [Listener at 127.0.0.1/44485] INFO  grpc.GrpcConfigKeys (ConfUtils.java:logGet(46)) - raft.grpc.server.port = 0 (default)
2022-05-24 20:48:31,089 [Listener at 127.0.0.1/44485] INFO  server.GrpcService (ConfUtils.java:logGet(46)) - raft.grpc.message.size.max = 32MB (=33554432) (custom)
2022-05-24 20:48:31,089 [Listener at 127.0.0.1/44485] INFO  server.RaftServerConfigKeys (ConfUtils.java:logGet(46)) - raft.server.log.appender.buffer.byte-limit = 33554432 (custom)
2022-05-24 20:48:31,090 [Listener at 127.0.0.1/44485] INFO  server.GrpcService (ConfUtils.java:logGet(46)) - raft.grpc.flow.control.window = 5MB (=5242880) (custom)
2022-05-24 20:48:31,090 [Listener at 127.0.0.1/44485] INFO  server.RaftServerConfigKeys (ConfUtils.java:logGet(46)) - raft.server.rpc.request.timeout = 60s (custom)
2022-05-24 20:48:31,090 [Listener at 127.0.0.1/44485] INFO  grpc.GrpcConfigKeys (ConfUtils.java:logGet(46)) - raft.grpc.server.async.request.thread.pool.cached = true (default)
2022-05-24 20:48:31,090 [Listener at 127.0.0.1/44485] INFO  grpc.GrpcConfigKeys (ConfUtils.java:logGet(46)) - raft.grpc.server.async.request.thread.pool.size = 32 (default)
2022-05-24 20:48:31,091 [Listener at 127.0.0.1/44485] INFO  impl.DataStreamServerImpl (ConfUtils.java:logGet(46)) - raft.datastream.type = DISABLED (default)
2022-05-24 20:48:31,091 [Listener at 127.0.0.1/44485] INFO  server.RaftServerConfigKeys (ConfUtils.java:logGet(46)) - raft.server.threadpool.proxy.cached = true (default)
2022-05-24 20:48:31,091 [Listener at 127.0.0.1/44485] INFO  server.RaftServerConfigKeys (ConfUtils.java:logGet(46)) - raft.server.threadpool.proxy.size = 0 (default)
2022-05-24 20:48:31,091 [Listener at 127.0.0.1/44485] INFO  server.RaftServerConfigKeys (ConfUtils.java:logGet(46)) - raft.server.rpc.slowness.timeout = 300s (custom)
2022-05-24 20:48:31,091 [Listener at 127.0.0.1/44485] INFO  server.RaftServerConfigKeys (ConfUtils.java:logGet(46)) - raft.server.leaderelection.leader.step-down.wait-time = 10s (default)
2022-05-24 20:48:31,092 [Listener at 127.0.0.1/44485] INFO  server.RaftServerConfigKeys (ConfUtils.java:logGet(46)) - raft.server.storage.dir = [/home/runner/work/ozone/ozone/hadoop-ozone/integration-test/target/test-dir/MiniOzoneClusterImpl-68ae5bae-a44d-4587-ae52-251ec6d3fd1e/datanode-1/data/ratis] (custom)
2022-05-24 20:48:31,093 [Listener at 127.0.0.1/44485] INFO  server.XceiverServerGrpc (XceiverServerGrpc.java:<init>(132)) - GrpcServer channel type EpollServerSocketChannel
2022-05-24 20:48:31,096 [Listener at 127.0.0.1/44485] INFO  http.BaseHttpServer (BaseHttpServer.java:newHttpServer2BuilderForOzone(209)) - Starting Web-server for hddsDatanode at: http://0.0.0.0:0
2022-05-24 20:48:31,096 [Listener at 127.0.0.1/44485] INFO  http.BaseHttpServer (BaseHttpServer.java:<init>(107)) - Hadoop Security Enabled: false Ozone Security Enabled: false Ozone HTTP Security Enabled: false 
2022-05-24 20:48:31,098 [Listener at 127.0.0.1/44485] INFO  server.AuthenticationFilter (AuthenticationFilter.java:constructSecretProvider(240)) - Unable to initialize FileSignerSecretProvider, falling back to use random secrets.
2022-05-24 20:48:31,098 [Listener at 127.0.0.1/44485] WARN  http.HttpRequestLog (HttpRequestLog.java:getRequestLog(103)) - Jetty request log can only be enabled using Log4j
2022-05-24 20:48:31,099 [Listener at 127.0.0.1/44485] INFO  http.HttpServer2 (HttpServer2.java:addGlobalFilter(1030)) - Added global filter 'safety' (class=org.apache.hadoop.hdds.server.http.HttpServer2$QuotingInputFilter)
2022-05-24 20:48:31,100 [Listener at 127.0.0.1/44485] INFO  http.HttpServer2 (HttpServer2.java:addFilter(1006)) - Added filter static_user_filter (class=org.apache.hadoop.http.lib.StaticUserWebFilter$StaticUserFilter) to context hddsDatanode
2022-05-24 20:48:31,100 [Listener at 127.0.0.1/44485] INFO  http.HttpServer2 (HttpServer2.java:addFilter(1014)) - Added filter static_user_filter (class=org.apache.hadoop.http.lib.StaticUserWebFilter$StaticUserFilter) to context logs
2022-05-24 20:48:31,100 [Listener at 127.0.0.1/44485] INFO  http.HttpServer2 (HttpServer2.java:addFilter(1014)) - Added filter static_user_filter (class=org.apache.hadoop.http.lib.StaticUserWebFilter$StaticUserFilter) to context static
2022-05-24 20:48:31,100 [Listener at 127.0.0.1/44485] INFO  http.HttpServer2 (HttpServer2.java:bindListener(1249)) - Jetty bound to port 33835
2022-05-24 20:48:31,101 [Listener at 127.0.0.1/44485] INFO  server.Server (Server.java:doStart(375)) - jetty-9.4.43.v20210629; built: 2021-06-30T11:07:22.254Z; git: 526006ecfa3af7f1a27ef3a288e2bef7ea9dd7e8; jvm 1.8.0_332-b09
2022-05-24 20:48:31,102 [Listener at 127.0.0.1/44485] INFO  server.session (DefaultSessionIdManager.java:doStart(334)) - DefaultSessionIdManager workerName=node0
2022-05-24 20:48:31,103 [Listener at 127.0.0.1/44485] INFO  server.session (DefaultSessionIdManager.java:doStart(339)) - No SessionScavenger set, using defaults
2022-05-24 20:48:31,103 [Listener at 127.0.0.1/44485] INFO  server.session (HouseKeeper.java:startScavenging(132)) - node0 Scavenging every 600000ms
2022-05-24 20:48:31,103 [Listener at 127.0.0.1/44485] INFO  handler.ContextHandler (ContextHandler.java:doStart(915)) - Started o.e.j.s.ServletContextHandler@2fe310b{logs,/logs,file:///home/runner/work/ozone/ozone/hadoop-ozone/integration-test/target/log,AVAILABLE}
2022-05-24 20:48:31,104 [Listener at 127.0.0.1/44485] INFO  handler.ContextHandler (ContextHandler.java:doStart(915)) - Started o.e.j.s.ServletContextHandler@20de2518{static,/static,jar:file:/home/runner/.m2/repository/org/apache/ozone/hdds-container-service/1.3.0-SNAPSHOT/hdds-container-service-1.3.0-SNAPSHOT.jar!/webapps/static,AVAILABLE}
2022-05-24 20:48:31,167 [om1@group-C5BA1605619E-FollowerState] INFO  impl.FollowerState (FollowerState.java:run(143)) - om1@group-C5BA1605619E-FollowerState: change to CANDIDATE, lastRpcElapsedTime:1115934566ns, electionTimeout:1100ms
2022-05-24 20:48:31,168 [om1@group-C5BA1605619E-FollowerState] INFO  impl.RoleInfo (RoleInfo.java:shutdownFollowerState(110)) - om1: shutdown om1@group-C5BA1605619E-FollowerState
2022-05-24 20:48:31,168 [om1@group-C5BA1605619E-FollowerState] INFO  server.RaftServer$Division (RaftServerImpl.java:setRole(299)) - om1@group-C5BA1605619E: changes role from  FOLLOWER to CANDIDATE at term 0 for changeToCandidate
2022-05-24 20:48:31,171 [om1@group-C5BA1605619E-FollowerState] INFO  server.RaftServerConfigKeys (ConfUtils.java:logGet(46)) - raft.server.leaderelection.pre-vote = false (custom)
2022-05-24 20:48:31,171 [om1@group-C5BA1605619E-FollowerState] INFO  impl.RoleInfo (RoleInfo.java:updateAndGet(139)) - om1: start om1@group-C5BA1605619E-LeaderElection1
2022-05-24 20:48:31,179 [om1@group-C5BA1605619E-LeaderElection1] INFO  impl.LeaderElection (LeaderElection.java:askForVotes(310)) - om1@group-C5BA1605619E-LeaderElection1 ELECTION round 0: submit vote requests at term 1 for -1: [om1|rpc:localhost:9872|priority:0], old=null
2022-05-24 20:48:31,186 [om1@group-C5BA1605619E-LeaderElection1] INFO  impl.LeaderElection (LeaderElection.java:askForVotes(312)) - om1@group-C5BA1605619E-LeaderElection1 ELECTION round 0: result PASSED (term=1)
2022-05-24 20:48:31,187 [om1@group-C5BA1605619E-LeaderElection1] INFO  impl.RoleInfo (RoleInfo.java:shutdownLeaderElection(130)) - om1: shutdown om1@group-C5BA1605619E-LeaderElection1
2022-05-24 20:48:31,187 [om1@group-C5BA1605619E-LeaderElection1] INFO  server.RaftServer$Division (RaftServerImpl.java:setRole(299)) - om1@group-C5BA1605619E: changes role from CANDIDATE to LEADER at term 1 for changeToLeader
2022-05-24 20:48:31,188 [om1@group-C5BA1605619E-LeaderElection1] INFO  server.RaftServer$Division (ServerState.java:setLeader(287)) - om1@group-C5BA1605619E: change Leader from null to om1 at term 1 for becomeLeader, leader elected after 2112ms
2022-05-24 20:48:31,201 [om1@group-C5BA1605619E-LeaderElection1] INFO  server.RaftServerConfigKeys (ConfUtils.java:logGet(46)) - raft.server.staging.catchup.gap = 1000 (default)
2022-05-24 20:48:31,205 [om1@group-C5BA1605619E-LeaderElection1] INFO  server.RaftServerConfigKeys (ConfUtils.java:logGet(46)) - raft.server.write.element-limit = 4096 (default)
2022-05-24 20:48:31,205 [om1@group-C5BA1605619E-LeaderElection1] INFO  server.RaftServerConfigKeys (ConfUtils.java:logGet(46)) - raft.server.write.byte-limit = 64MB (=67108864) (default)
2022-05-24 20:48:31,217 [om1@group-C5BA1605619E-LeaderElection1] INFO  server.RaftServerConfigKeys (ConfUtils.java:logGet(46)) - raft.server.watch.timeout = 10s (default)
2022-05-24 20:48:31,217 [om1@group-C5BA1605619E-LeaderElection1] INFO  server.RaftServerConfigKeys (ConfUtils.java:logGet(46)) - raft.server.watch.timeout.denomination = 1s (default)
2022-05-24 20:48:31,218 [om1@group-C5BA1605619E-LeaderElection1] INFO  server.RaftServerConfigKeys (ConfUtils.java:logGet(46)) - raft.server.watch.element-limit = 65536 (default)
2022-05-24 20:48:31,222 [om1@group-C5BA1605619E-LeaderElection1] INFO  server.RaftServerConfigKeys (ConfUtils.java:logGet(46)) - raft.server.write.element-limit = 4096 (default)
2022-05-24 20:48:31,227 [om1@group-C5BA1605619E-LeaderElection1] INFO  server.RaftServerConfigKeys (ConfUtils.java:logGet(46)) - raft.server.write.follower.gap.ratio.max = -1.0 (default)
2022-05-24 20:48:31,229 [om1@group-C5BA1605619E-LeaderElection1] INFO  impl.RoleInfo (RoleInfo.java:updateAndGet(139)) - om1: start om1@group-C5BA1605619E-LeaderStateImpl
2022-05-24 20:48:31,272 [om1@group-C5BA1605619E-LeaderElection1] INFO  segmented.SegmentedRaftLogWorker (SegmentedRaftLogWorker.java:startLogSegment(425)) - om1@group-C5BA1605619E-SegmentedRaftLogWorker: Starting segment from index:0
2022-05-24 20:48:31,330 [Listener at 127.0.0.1/44485] INFO  handler.ContextHandler (ContextHandler.java:doStart(915)) - Started o.e.j.w.WebAppContext@323e4f13{hddsDatanode,/,file:///tmp/jetty-0_0_0_0-33835-hdds-container-service-1_3_0-SNAPSHOT_jar-_-any-7398082972833360767/webapp/,AVAILABLE}{jar:file:/home/runner/.m2/repository/org/apache/ozone/hdds-container-service/1.3.0-SNAPSHOT/hdds-container-service-1.3.0-SNAPSHOT.jar!/webapps/hddsDatanode}
2022-05-24 20:48:31,333 [om1@group-C5BA1605619E-LeaderElection1] INFO  server.RaftServer$Division (ServerState.java:setRaftConf(393)) - om1@group-C5BA1605619E: set configuration 0: [om1|rpc:localhost:9872|admin:|client:|dataStream:|priority:0], old=null
2022-05-24 20:48:31,334 [Listener at 127.0.0.1/44485] INFO  server.AbstractConnector (AbstractConnector.java:doStart(331)) - Started ServerConnector@49e01f04{HTTP/1.1, (http/1.1)}{0.0.0.0:33835}
2022-05-24 20:48:31,335 [Listener at 127.0.0.1/44485] INFO  server.Server (Server.java:doStart(415)) - Started @8416ms
2022-05-24 20:48:31,335 [Listener at 127.0.0.1/44485] WARN  impl.MetricsSystemImpl (MetricsSystemImpl.java:register(279)) - Sink prometheus already exists!
2022-05-24 20:48:31,336 [Listener at 127.0.0.1/44485] INFO  http.BaseHttpServer (BaseHttpServer.java:updateConnectorAddress(329)) - HTTP server of hddsDatanode listening at http://0.0.0.0:33835
2022-05-24 20:48:31,342 [Datanode State Machine Daemon Thread] INFO  statemachine.DatanodeStateMachine (DatanodeStateMachine.java:lambda$startDaemon$0(481)) - Ozone container server started.
2022-05-24 20:48:31,343 [Listener at 127.0.0.1/44485] WARN  impl.MetricRegistriesImpl (MetricRegistriesImpl.java:addReporterRegistration(111)) - New reporters are added after registries were created. Some metrics will be missing from the reporter. Please add reporter before adding any new registry.
2022-05-24 20:48:31,343 [Listener at 127.0.0.1/44485] WARN  impl.MetricRegistriesImpl (MetricRegistriesImpl.java:addReporterRegistration(111)) - New reporters are added after registries were created. Some metrics will be missing from the reporter. Please add reporter before adding any new registry.
2022-05-24 20:48:31,343 [Listener at 127.0.0.1/44485] INFO  impl.MetricsSystemImpl (MetricsSystemImpl.java:init(158)) - HddsDatanode metrics system started (again)
2022-05-24 20:48:31,363 [Listener at 127.0.0.1/44485] INFO  ozone.HddsDatanodeService (HddsDatanodeService.java:start(236)) - HddsDatanodeService host:fv-az122-930.eh24crq5omsuteaqbma5cv3ijc.phxx.internal.cloudapp.net ip:10.1.0.30
2022-05-24 20:48:31,399 [org.apache.hadoop.util.JvmPauseMonitor$Monitor@6e5d44e5] INFO  util.JvmPauseMonitor (JvmPauseMonitor.java:run(188)) - Starting JVM pause monitor
2022-05-24 20:48:31,411 [om1@group-C5BA1605619E-SegmentedRaftLogWorker] INFO  segmented.SegmentedRaftLogWorker (SegmentedRaftLogWorker.java:execute(629)) - om1@group-C5BA1605619E-SegmentedRaftLogWorker: created new log segment /home/runner/work/ozone/ozone/hadoop-ozone/integration-test/target/test-dir/MiniOzoneClusterImpl-68ae5bae-a44d-4587-ae52-251ec6d3fd1e/ozone-meta/ratis/bf265839-605b-3f16-9796-c5ba1605619e/current/log_inprogress_0
2022-05-24 20:48:31,413 [Datanode State Machine Task Thread - 0] INFO  datanode.InitDatanodeState (InitDatanodeState.java:persistContainerDatanodeDetails(138)) - DatanodeDetails is persisted to /home/runner/work/ozone/ozone/hadoop-ozone/integration-test/target/test-dir/MiniOzoneClusterImpl-68ae5bae-a44d-4587-ae52-251ec6d3fd1e/datanode-1/meta/datanode.id
2022-05-24 20:48:31,428 [Listener at 127.0.0.1/44485] INFO  upgrade.AbstractLayoutVersionManager (AbstractLayoutVersionManager.java:init(79)) - Initializing Layout version manager with metadata layout = ERASURE_CODED_STORAGE_SUPPORT (version = 3), software layout = ERASURE_CODED_STORAGE_SUPPORT (version = 3)
2022-05-24 20:48:31,498 [Listener at 127.0.0.1/44485] INFO  reflections.Reflections (Reflections.java:scan(232)) - Reflections took 69 ms to scan 7 urls, producing 127 keys and 292 values 
2022-05-24 20:48:31,499 [Listener at 127.0.0.1/44485] INFO  statemachine.DatanodeStateMachine (DatanodeStateMachine.java:getEndPointTaskThreadPoolSize(233)) - Datanode State Machine Task Thread Pool size 2
2022-05-24 20:48:31,501 [Listener at 127.0.0.1/44485] INFO  volume.HddsVolume (HddsVolume.java:<init>(120)) - Creating HddsVolume: /home/runner/work/ozone/ozone/hadoop-ozone/integration-test/target/test-dir/MiniOzoneClusterImpl-68ae5bae-a44d-4587-ae52-251ec6d3fd1e/datanode-2/data-0/containers/hdds of storage type : DISK capacity : 9223372036854775807
2022-05-24 20:48:31,501 [Listener at 127.0.0.1/44485] INFO  volume.MutableVolumeSet (MutableVolumeSet.java:initializeVolumeSet(168)) - Added Volume : /home/runner/work/ozone/ozone/hadoop-ozone/integration-test/target/test-dir/MiniOzoneClusterImpl-68ae5bae-a44d-4587-ae52-251ec6d3fd1e/datanode-2/data-0/containers/hdds to VolumeSet
2022-05-24 20:48:31,501 [Listener at 127.0.0.1/44485] INFO  volume.ThrottledAsyncChecker (ThrottledAsyncChecker.java:schedule(141)) - Scheduling a check for /home/runner/work/ozone/ozone/hadoop-ozone/integration-test/target/test-dir/MiniOzoneClusterImpl-68ae5bae-a44d-4587-ae52-251ec6d3fd1e/datanode-2/data-0/containers/hdds
2022-05-24 20:48:31,502 [Listener at 127.0.0.1/44485] INFO  volume.StorageVolumeChecker (StorageVolumeChecker.java:checkAllVolumes(202)) - Scheduled health check for volume /home/runner/work/ozone/ozone/hadoop-ozone/integration-test/target/test-dir/MiniOzoneClusterImpl-68ae5bae-a44d-4587-ae52-251ec6d3fd1e/datanode-2/data-0/containers/hdds
2022-05-24 20:48:31,512 [Listener at 127.0.0.1/44485] INFO  volume.MutableVolumeSet (MutableVolumeSet.java:initializeVolumeSet(168)) - Added Volume : /home/runner/work/ozone/ozone/hadoop-ozone/integration-test/target/test-dir/MiniOzoneClusterImpl-68ae5bae-a44d-4587-ae52-251ec6d3fd1e/datanode-2/data/ratis to VolumeSet
2022-05-24 20:48:31,513 [Listener at 127.0.0.1/44485] INFO  volume.ThrottledAsyncChecker (ThrottledAsyncChecker.java:schedule(141)) - Scheduling a check for /home/runner/work/ozone/ozone/hadoop-ozone/integration-test/target/test-dir/MiniOzoneClusterImpl-68ae5bae-a44d-4587-ae52-251ec6d3fd1e/datanode-2/data/ratis
2022-05-24 20:48:31,516 [Listener at 127.0.0.1/44485] INFO  volume.StorageVolumeChecker (StorageVolumeChecker.java:checkAllVolumes(202)) - Scheduled health check for volume /home/runner/work/ozone/ozone/hadoop-ozone/integration-test/target/test-dir/MiniOzoneClusterImpl-68ae5bae-a44d-4587-ae52-251ec6d3fd1e/datanode-2/data/ratis
2022-05-24 20:48:31,539 [Thread-160] INFO  ozoneimpl.ContainerReader (ContainerReader.java:readVolume(172)) - Finish verifying containers on volume /home/runner/work/ozone/ozone/hadoop-ozone/integration-test/target/test-dir/MiniOzoneClusterImpl-68ae5bae-a44d-4587-ae52-251ec6d3fd1e/datanode-2/data-0/containers/hdds
2022-05-24 20:48:31,539 [Listener at 127.0.0.1/44485] INFO  ozoneimpl.OzoneContainer (OzoneContainer.java:buildContainerSet(257)) - Build ContainerSet costs 0s
2022-05-24 20:48:31,542 [Listener at 127.0.0.1/44485] INFO  server.RaftServer (ConfUtils.java:logGet(46)) - raft.rpc.type = GRPC (default)
2022-05-24 20:48:31,542 [Listener at 127.0.0.1/44485] INFO  grpc.GrpcFactory (GrpcFactory.java:checkPooledByteBufAllocatorUseCacheForAllThreads(48)) - PERFORMANCE WARNING: useCacheForAllThreads is true that may cause Netty to create a lot garbage objects and, as a result, trigger GC.
	It is recommended to disable useCacheForAllThreads by setting -Dorg.apache.ratis.thirdparty.io.netty.allocator.useCacheForAllThreads=false in command line.
2022-05-24 20:48:31,543 [Listener at 127.0.0.1/44485] INFO  grpc.GrpcConfigKeys (ConfUtils.java:logGet(46)) - raft.grpc.admin.port = 0 (custom)
2022-05-24 20:48:31,543 [Listener at 127.0.0.1/44485] INFO  grpc.GrpcConfigKeys (ConfUtils.java:logGet(46)) - raft.grpc.client.port = 0 (custom)
2022-05-24 20:48:31,543 [Listener at 127.0.0.1/44485] INFO  grpc.GrpcConfigKeys (ConfUtils.java:logGet(46)) - raft.grpc.server.port = 0 (default)
2022-05-24 20:48:31,543 [Listener at 127.0.0.1/44485] INFO  server.GrpcService (ConfUtils.java:logGet(46)) - raft.grpc.message.size.max = 32MB (=33554432) (custom)
2022-05-24 20:48:31,543 [Listener at 127.0.0.1/44485] INFO  server.RaftServerConfigKeys (ConfUtils.java:logGet(46)) - raft.server.log.appender.buffer.byte-limit = 33554432 (custom)
2022-05-24 20:48:31,543 [Listener at 127.0.0.1/44485] INFO  server.GrpcService (ConfUtils.java:logGet(46)) - raft.grpc.flow.control.window = 5MB (=5242880) (custom)
2022-05-24 20:48:31,543 [Listener at 127.0.0.1/44485] INFO  server.RaftServerConfigKeys (ConfUtils.java:logGet(46)) - raft.server.rpc.request.timeout = 60s (custom)
2022-05-24 20:48:31,544 [Listener at 127.0.0.1/44485] INFO  grpc.GrpcConfigKeys (ConfUtils.java:logGet(46)) - raft.grpc.server.async.request.thread.pool.cached = true (default)
2022-05-24 20:48:31,544 [Listener at 127.0.0.1/44485] INFO  grpc.GrpcConfigKeys (ConfUtils.java:logGet(46)) - raft.grpc.server.async.request.thread.pool.size = 32 (default)
2022-05-24 20:48:31,544 [Listener at 127.0.0.1/44485] INFO  impl.DataStreamServerImpl (ConfUtils.java:logGet(46)) - raft.datastream.type = DISABLED (default)
2022-05-24 20:48:31,545 [Listener at 127.0.0.1/44485] INFO  server.RaftServerConfigKeys (ConfUtils.java:logGet(46)) - raft.server.threadpool.proxy.cached = true (default)
2022-05-24 20:48:31,545 [Listener at 127.0.0.1/44485] INFO  server.RaftServerConfigKeys (ConfUtils.java:logGet(46)) - raft.server.threadpool.proxy.size = 0 (default)
2022-05-24 20:48:31,545 [Listener at 127.0.0.1/44485] INFO  server.RaftServerConfigKeys (ConfUtils.java:logGet(46)) - raft.server.rpc.slowness.timeout = 300s (custom)
2022-05-24 20:48:31,545 [Listener at 127.0.0.1/44485] INFO  server.RaftServerConfigKeys (ConfUtils.java:logGet(46)) - raft.server.leaderelection.leader.step-down.wait-time = 10s (default)
2022-05-24 20:48:31,545 [Listener at 127.0.0.1/44485] INFO  server.RaftServerConfigKeys (ConfUtils.java:logGet(46)) - raft.server.storage.dir = [/home/runner/work/ozone/ozone/hadoop-ozone/integration-test/target/test-dir/MiniOzoneClusterImpl-68ae5bae-a44d-4587-ae52-251ec6d3fd1e/datanode-2/data/ratis] (custom)
2022-05-24 20:48:31,553 [Listener at 127.0.0.1/44485] INFO  server.XceiverServerGrpc (XceiverServerGrpc.java:<init>(132)) - GrpcServer channel type EpollServerSocketChannel
2022-05-24 20:48:31,560 [Listener at 127.0.0.1/44485] INFO  http.BaseHttpServer (BaseHttpServer.java:newHttpServer2BuilderForOzone(209)) - Starting Web-server for hddsDatanode at: http://0.0.0.0:0
2022-05-24 20:48:31,561 [Listener at 127.0.0.1/44485] INFO  http.BaseHttpServer (BaseHttpServer.java:<init>(107)) - Hadoop Security Enabled: false Ozone Security Enabled: false Ozone HTTP Security Enabled: false 
2022-05-24 20:48:31,562 [Listener at 127.0.0.1/44485] INFO  server.AuthenticationFilter (AuthenticationFilter.java:constructSecretProvider(240)) - Unable to initialize FileSignerSecretProvider, falling back to use random secrets.
2022-05-24 20:48:31,567 [Listener at 127.0.0.1/44485] WARN  http.HttpRequestLog (HttpRequestLog.java:getRequestLog(103)) - Jetty request log can only be enabled using Log4j
2022-05-24 20:48:31,567 [Listener at 127.0.0.1/44485] INFO  http.HttpServer2 (HttpServer2.java:addGlobalFilter(1030)) - Added global filter 'safety' (class=org.apache.hadoop.hdds.server.http.HttpServer2$QuotingInputFilter)
2022-05-24 20:48:31,568 [Listener at 127.0.0.1/44485] INFO  http.HttpServer2 (HttpServer2.java:addFilter(1006)) - Added filter static_user_filter (class=org.apache.hadoop.http.lib.StaticUserWebFilter$StaticUserFilter) to context hddsDatanode
2022-05-24 20:48:31,569 [Listener at 127.0.0.1/44485] INFO  http.HttpServer2 (HttpServer2.java:addFilter(1014)) - Added filter static_user_filter (class=org.apache.hadoop.http.lib.StaticUserWebFilter$StaticUserFilter) to context static
2022-05-24 20:48:31,569 [Listener at 127.0.0.1/44485] INFO  http.HttpServer2 (HttpServer2.java:addFilter(1014)) - Added filter static_user_filter (class=org.apache.hadoop.http.lib.StaticUserWebFilter$StaticUserFilter) to context logs
2022-05-24 20:48:31,571 [Listener at 127.0.0.1/44485] INFO  http.HttpServer2 (HttpServer2.java:bindListener(1249)) - Jetty bound to port 38421
2022-05-24 20:48:31,571 [Listener at 127.0.0.1/44485] INFO  server.Server (Server.java:doStart(375)) - jetty-9.4.43.v20210629; built: 2021-06-30T11:07:22.254Z; git: 526006ecfa3af7f1a27ef3a288e2bef7ea9dd7e8; jvm 1.8.0_332-b09
2022-05-24 20:48:31,560 [om1@group-C5BA1605619E-StateMachineUpdater] INFO  ratis.OzoneManagerStateMachine (OzoneManagerStateMachine.java:notifyConfigurationChanged(191)) - Received Configuration change notification from Ratis. New Peer list:
[id: "om1"
address: "localhost:9872"
]
2022-05-24 20:48:31,573 [Listener at 127.0.0.1/44485] INFO  server.session (DefaultSessionIdManager.java:doStart(334)) - DefaultSessionIdManager workerName=node0
2022-05-24 20:48:31,573 [Listener at 127.0.0.1/44485] INFO  server.session (DefaultSessionIdManager.java:doStart(339)) - No SessionScavenger set, using defaults
2022-05-24 20:48:31,574 [Listener at 127.0.0.1/44485] INFO  server.session (HouseKeeper.java:startScavenging(132)) - node0 Scavenging every 600000ms
2022-05-24 20:48:31,575 [Listener at 127.0.0.1/44485] INFO  handler.ContextHandler (ContextHandler.java:doStart(915)) - Started o.e.j.s.ServletContextHandler@159fac74{logs,/logs,file:///home/runner/work/ozone/ozone/hadoop-ozone/integration-test/target/log,AVAILABLE}
2022-05-24 20:48:31,575 [Listener at 127.0.0.1/44485] INFO  handler.ContextHandler (ContextHandler.java:doStart(915)) - Started o.e.j.s.ServletContextHandler@29ff6e15{static,/static,jar:file:/home/runner/.m2/repository/org/apache/ozone/hdds-container-service/1.3.0-SNAPSHOT/hdds-container-service-1.3.0-SNAPSHOT.jar!/webapps/static,AVAILABLE}
2022-05-24 20:48:31,748 [Listener at 127.0.0.1/44485] INFO  handler.ContextHandler (ContextHandler.java:doStart(915)) - Started o.e.j.w.WebAppContext@3998de2b{hddsDatanode,/,file:///tmp/jetty-0_0_0_0-38421-hdds-container-service-1_3_0-SNAPSHOT_jar-_-any-376340661117408762/webapp/,AVAILABLE}{jar:file:/home/runner/.m2/repository/org/apache/ozone/hdds-container-service/1.3.0-SNAPSHOT/hdds-container-service-1.3.0-SNAPSHOT.jar!/webapps/hddsDatanode}
2022-05-24 20:48:31,749 [Listener at 127.0.0.1/44485] INFO  server.AbstractConnector (AbstractConnector.java:doStart(331)) - Started ServerConnector@698e8eaa{HTTP/1.1, (http/1.1)}{0.0.0.0:38421}
2022-05-24 20:48:31,749 [Listener at 127.0.0.1/44485] INFO  server.Server (Server.java:doStart(415)) - Started @8831ms
2022-05-24 20:48:31,749 [Listener at 127.0.0.1/44485] WARN  impl.MetricsSystemImpl (MetricsSystemImpl.java:register(279)) - Sink prometheus already exists!
2022-05-24 20:48:31,751 [Listener at 127.0.0.1/44485] INFO  http.BaseHttpServer (BaseHttpServer.java:updateConnectorAddress(329)) - HTTP server of hddsDatanode listening at http://0.0.0.0:38421
2022-05-24 20:48:31,758 [Listener at 127.0.0.1/44485] WARN  impl.MetricRegistriesImpl (MetricRegistriesImpl.java:addReporterRegistration(111)) - New reporters are added after registries were created. Some metrics will be missing from the reporter. Please add reporter before adding any new registry.
2022-05-24 20:48:31,758 [Listener at 127.0.0.1/44485] WARN  impl.MetricRegistriesImpl (MetricRegistriesImpl.java:addReporterRegistration(111)) - New reporters are added after registries were created. Some metrics will be missing from the reporter. Please add reporter before adding any new registry.
2022-05-24 20:48:31,758 [Listener at 127.0.0.1/44485] INFO  impl.MetricsSystemImpl (MetricsSystemImpl.java:init(158)) - HddsDatanode metrics system started (again)
2022-05-24 20:48:31,759 [Datanode State Machine Daemon Thread] INFO  statemachine.DatanodeStateMachine (DatanodeStateMachine.java:lambda$startDaemon$0(481)) - Ozone container server started.
2022-05-24 20:48:31,771 [org.apache.hadoop.util.JvmPauseMonitor$Monitor@7d6bdaaa] INFO  util.JvmPauseMonitor (JvmPauseMonitor.java:run(188)) - Starting JVM pause monitor
2022-05-24 20:48:31,777 [Datanode State Machine Task Thread - 0] INFO  datanode.InitDatanodeState (InitDatanodeState.java:persistContainerDatanodeDetails(138)) - DatanodeDetails is persisted to /home/runner/work/ozone/ozone/hadoop-ozone/integration-test/target/test-dir/MiniOzoneClusterImpl-68ae5bae-a44d-4587-ae52-251ec6d3fd1e/datanode-2/meta/datanode.id
2022-05-24 20:48:31,781 [Listener at 127.0.0.1/44485] INFO  ozone.HddsDatanodeService (HddsDatanodeService.java:start(236)) - HddsDatanodeService host:fv-az122-930.eh24crq5omsuteaqbma5cv3ijc.phxx.internal.cloudapp.net ip:10.1.0.30
2022-05-24 20:48:31,810 [Listener at 127.0.0.1/44485] INFO  upgrade.AbstractLayoutVersionManager (AbstractLayoutVersionManager.java:init(79)) - Initializing Layout version manager with metadata layout = ERASURE_CODED_STORAGE_SUPPORT (version = 3), software layout = ERASURE_CODED_STORAGE_SUPPORT (version = 3)
2022-05-24 20:48:31,848 [Listener at 127.0.0.1/44485] INFO  reflections.Reflections (Reflections.java:scan(232)) - Reflections took 37 ms to scan 7 urls, producing 127 keys and 292 values 
2022-05-24 20:48:31,849 [Listener at 127.0.0.1/44485] INFO  statemachine.DatanodeStateMachine (DatanodeStateMachine.java:getEndPointTaskThreadPoolSize(233)) - Datanode State Machine Task Thread Pool size 2
2022-05-24 20:48:31,851 [Listener at 127.0.0.1/44485] INFO  volume.HddsVolume (HddsVolume.java:<init>(120)) - Creating HddsVolume: /home/runner/work/ozone/ozone/hadoop-ozone/integration-test/target/test-dir/MiniOzoneClusterImpl-68ae5bae-a44d-4587-ae52-251ec6d3fd1e/datanode-3/data-0/containers/hdds of storage type : DISK capacity : 9223372036854775807
2022-05-24 20:48:31,852 [Listener at 127.0.0.1/44485] INFO  volume.MutableVolumeSet (MutableVolumeSet.java:initializeVolumeSet(168)) - Added Volume : /home/runner/work/ozone/ozone/hadoop-ozone/integration-test/target/test-dir/MiniOzoneClusterImpl-68ae5bae-a44d-4587-ae52-251ec6d3fd1e/datanode-3/data-0/containers/hdds to VolumeSet
2022-05-24 20:48:31,852 [Listener at 127.0.0.1/44485] INFO  volume.ThrottledAsyncChecker (ThrottledAsyncChecker.java:schedule(141)) - Scheduling a check for /home/runner/work/ozone/ozone/hadoop-ozone/integration-test/target/test-dir/MiniOzoneClusterImpl-68ae5bae-a44d-4587-ae52-251ec6d3fd1e/datanode-3/data-0/containers/hdds
2022-05-24 20:48:31,856 [Listener at 127.0.0.1/44485] INFO  volume.StorageVolumeChecker (StorageVolumeChecker.java:checkAllVolumes(202)) - Scheduled health check for volume /home/runner/work/ozone/ozone/hadoop-ozone/integration-test/target/test-dir/MiniOzoneClusterImpl-68ae5bae-a44d-4587-ae52-251ec6d3fd1e/datanode-3/data-0/containers/hdds
2022-05-24 20:48:31,867 [Listener at 127.0.0.1/44485] INFO  volume.MutableVolumeSet (MutableVolumeSet.java:initializeVolumeSet(168)) - Added Volume : /home/runner/work/ozone/ozone/hadoop-ozone/integration-test/target/test-dir/MiniOzoneClusterImpl-68ae5bae-a44d-4587-ae52-251ec6d3fd1e/datanode-3/data/ratis to VolumeSet
2022-05-24 20:48:31,867 [Listener at 127.0.0.1/44485] INFO  volume.ThrottledAsyncChecker (ThrottledAsyncChecker.java:schedule(141)) - Scheduling a check for /home/runner/work/ozone/ozone/hadoop-ozone/integration-test/target/test-dir/MiniOzoneClusterImpl-68ae5bae-a44d-4587-ae52-251ec6d3fd1e/datanode-3/data/ratis
2022-05-24 20:48:31,867 [Listener at 127.0.0.1/44485] INFO  volume.StorageVolumeChecker (StorageVolumeChecker.java:checkAllVolumes(202)) - Scheduled health check for volume /home/runner/work/ozone/ozone/hadoop-ozone/integration-test/target/test-dir/MiniOzoneClusterImpl-68ae5bae-a44d-4587-ae52-251ec6d3fd1e/datanode-3/data/ratis
2022-05-24 20:48:31,877 [Thread-173] INFO  ozoneimpl.ContainerReader (ContainerReader.java:readVolume(172)) - Finish verifying containers on volume /home/runner/work/ozone/ozone/hadoop-ozone/integration-test/target/test-dir/MiniOzoneClusterImpl-68ae5bae-a44d-4587-ae52-251ec6d3fd1e/datanode-3/data-0/containers/hdds
2022-05-24 20:48:31,877 [Listener at 127.0.0.1/44485] INFO  ozoneimpl.OzoneContainer (OzoneContainer.java:buildContainerSet(257)) - Build ContainerSet costs 0s
2022-05-24 20:48:31,880 [Listener at 127.0.0.1/44485] INFO  server.RaftServer (ConfUtils.java:logGet(46)) - raft.rpc.type = GRPC (default)
2022-05-24 20:48:31,880 [Listener at 127.0.0.1/44485] INFO  grpc.GrpcFactory (GrpcFactory.java:checkPooledByteBufAllocatorUseCacheForAllThreads(48)) - PERFORMANCE WARNING: useCacheForAllThreads is true that may cause Netty to create a lot garbage objects and, as a result, trigger GC.
	It is recommended to disable useCacheForAllThreads by setting -Dorg.apache.ratis.thirdparty.io.netty.allocator.useCacheForAllThreads=false in command line.
2022-05-24 20:48:31,880 [Listener at 127.0.0.1/44485] INFO  grpc.GrpcConfigKeys (ConfUtils.java:logGet(46)) - raft.grpc.admin.port = 0 (custom)
2022-05-24 20:48:31,881 [Listener at 127.0.0.1/44485] INFO  grpc.GrpcConfigKeys (ConfUtils.java:logGet(46)) - raft.grpc.client.port = 0 (custom)
2022-05-24 20:48:31,881 [Listener at 127.0.0.1/44485] INFO  grpc.GrpcConfigKeys (ConfUtils.java:logGet(46)) - raft.grpc.server.port = 0 (default)
2022-05-24 20:48:31,881 [Listener at 127.0.0.1/44485] INFO  server.GrpcService (ConfUtils.java:logGet(46)) - raft.grpc.message.size.max = 32MB (=33554432) (custom)
2022-05-24 20:48:31,881 [Listener at 127.0.0.1/44485] INFO  server.RaftServerConfigKeys (ConfUtils.java:logGet(46)) - raft.server.log.appender.buffer.byte-limit = 33554432 (custom)
2022-05-24 20:48:31,881 [Listener at 127.0.0.1/44485] INFO  server.GrpcService (ConfUtils.java:logGet(46)) - raft.grpc.flow.control.window = 5MB (=5242880) (custom)
2022-05-24 20:48:31,881 [Listener at 127.0.0.1/44485] INFO  server.RaftServerConfigKeys (ConfUtils.java:logGet(46)) - raft.server.rpc.request.timeout = 60s (custom)
2022-05-24 20:48:31,881 [Listener at 127.0.0.1/44485] INFO  grpc.GrpcConfigKeys (ConfUtils.java:logGet(46)) - raft.grpc.server.async.request.thread.pool.cached = true (default)
2022-05-24 20:48:31,882 [Listener at 127.0.0.1/44485] INFO  grpc.GrpcConfigKeys (ConfUtils.java:logGet(46)) - raft.grpc.server.async.request.thread.pool.size = 32 (default)
2022-05-24 20:48:31,882 [Listener at 127.0.0.1/44485] INFO  impl.DataStreamServerImpl (ConfUtils.java:logGet(46)) - raft.datastream.type = DISABLED (default)
2022-05-24 20:48:31,883 [Listener at 127.0.0.1/44485] INFO  server.RaftServerConfigKeys (ConfUtils.java:logGet(46)) - raft.server.threadpool.proxy.cached = true (default)
2022-05-24 20:48:31,883 [Listener at 127.0.0.1/44485] INFO  server.RaftServerConfigKeys (ConfUtils.java:logGet(46)) - raft.server.threadpool.proxy.size = 0 (default)
2022-05-24 20:48:31,883 [Listener at 127.0.0.1/44485] INFO  server.RaftServerConfigKeys (ConfUtils.java:logGet(46)) - raft.server.rpc.slowness.timeout = 300s (custom)
2022-05-24 20:48:31,883 [Listener at 127.0.0.1/44485] INFO  server.RaftServerConfigKeys (ConfUtils.java:logGet(46)) - raft.server.leaderelection.leader.step-down.wait-time = 10s (default)
2022-05-24 20:48:31,883 [Listener at 127.0.0.1/44485] INFO  server.RaftServerConfigKeys (ConfUtils.java:logGet(46)) - raft.server.storage.dir = [/home/runner/work/ozone/ozone/hadoop-ozone/integration-test/target/test-dir/MiniOzoneClusterImpl-68ae5bae-a44d-4587-ae52-251ec6d3fd1e/datanode-3/data/ratis] (custom)
2022-05-24 20:48:31,903 [Listener at 127.0.0.1/44485] INFO  server.XceiverServerGrpc (XceiverServerGrpc.java:<init>(132)) - GrpcServer channel type EpollServerSocketChannel
2022-05-24 20:48:31,905 [Listener at 127.0.0.1/44485] INFO  http.BaseHttpServer (BaseHttpServer.java:newHttpServer2BuilderForOzone(209)) - Starting Web-server for hddsDatanode at: http://0.0.0.0:0
2022-05-24 20:48:31,906 [Listener at 127.0.0.1/44485] INFO  http.BaseHttpServer (BaseHttpServer.java:<init>(107)) - Hadoop Security Enabled: false Ozone Security Enabled: false Ozone HTTP Security Enabled: false 
2022-05-24 20:48:31,907 [Listener at 127.0.0.1/44485] INFO  server.AuthenticationFilter (AuthenticationFilter.java:constructSecretProvider(240)) - Unable to initialize FileSignerSecretProvider, falling back to use random secrets.
2022-05-24 20:48:31,907 [Listener at 127.0.0.1/44485] WARN  http.HttpRequestLog (HttpRequestLog.java:getRequestLog(103)) - Jetty request log can only be enabled using Log4j
2022-05-24 20:48:31,908 [Listener at 127.0.0.1/44485] INFO  http.HttpServer2 (HttpServer2.java:addGlobalFilter(1030)) - Added global filter 'safety' (class=org.apache.hadoop.hdds.server.http.HttpServer2$QuotingInputFilter)
2022-05-24 20:48:31,909 [Listener at 127.0.0.1/44485] INFO  http.HttpServer2 (HttpServer2.java:addFilter(1006)) - Added filter static_user_filter (class=org.apache.hadoop.http.lib.StaticUserWebFilter$StaticUserFilter) to context hddsDatanode
2022-05-24 20:48:31,909 [Listener at 127.0.0.1/44485] INFO  http.HttpServer2 (HttpServer2.java:addFilter(1014)) - Added filter static_user_filter (class=org.apache.hadoop.http.lib.StaticUserWebFilter$StaticUserFilter) to context logs
2022-05-24 20:48:31,910 [Listener at 127.0.0.1/44485] INFO  http.HttpServer2 (HttpServer2.java:addFilter(1014)) - Added filter static_user_filter (class=org.apache.hadoop.http.lib.StaticUserWebFilter$StaticUserFilter) to context static
2022-05-24 20:48:31,911 [Listener at 127.0.0.1/44485] INFO  http.HttpServer2 (HttpServer2.java:bindListener(1249)) - Jetty bound to port 32783
2022-05-24 20:48:31,911 [Listener at 127.0.0.1/44485] INFO  server.Server (Server.java:doStart(375)) - jetty-9.4.43.v20210629; built: 2021-06-30T11:07:22.254Z; git: 526006ecfa3af7f1a27ef3a288e2bef7ea9dd7e8; jvm 1.8.0_332-b09
2022-05-24 20:48:31,914 [Listener at 127.0.0.1/44485] INFO  server.session (DefaultSessionIdManager.java:doStart(334)) - DefaultSessionIdManager workerName=node0
2022-05-24 20:48:31,914 [Listener at 127.0.0.1/44485] INFO  server.session (DefaultSessionIdManager.java:doStart(339)) - No SessionScavenger set, using defaults
2022-05-24 20:48:31,914 [Listener at 127.0.0.1/44485] INFO  server.session (HouseKeeper.java:startScavenging(132)) - node0 Scavenging every 660000ms
2022-05-24 20:48:31,915 [Listener at 127.0.0.1/44485] INFO  handler.ContextHandler (ContextHandler.java:doStart(915)) - Started o.e.j.s.ServletContextHandler@54a2af5a{logs,/logs,file:///home/runner/work/ozone/ozone/hadoop-ozone/integration-test/target/log,AVAILABLE}
2022-05-24 20:48:31,915 [Listener at 127.0.0.1/44485] INFO  handler.ContextHandler (ContextHandler.java:doStart(915)) - Started o.e.j.s.ServletContextHandler@3fa69edd{static,/static,jar:file:/home/runner/.m2/repository/org/apache/ozone/hdds-container-service/1.3.0-SNAPSHOT/hdds-container-service-1.3.0-SNAPSHOT.jar!/webapps/static,AVAILABLE}
2022-05-24 20:48:32,086 [Listener at 127.0.0.1/44485] INFO  handler.ContextHandler (ContextHandler.java:doStart(915)) - Started o.e.j.w.WebAppContext@6269b9cf{hddsDatanode,/,file:///tmp/jetty-0_0_0_0-32783-hdds-container-service-1_3_0-SNAPSHOT_jar-_-any-4924474722204078341/webapp/,AVAILABLE}{jar:file:/home/runner/.m2/repository/org/apache/ozone/hdds-container-service/1.3.0-SNAPSHOT/hdds-container-service-1.3.0-SNAPSHOT.jar!/webapps/hddsDatanode}
2022-05-24 20:48:32,088 [Listener at 127.0.0.1/44485] INFO  server.AbstractConnector (AbstractConnector.java:doStart(331)) - Started ServerConnector@df1d05b{HTTP/1.1, (http/1.1)}{0.0.0.0:32783}
2022-05-24 20:48:32,088 [Listener at 127.0.0.1/44485] INFO  server.Server (Server.java:doStart(415)) - Started @9170ms
2022-05-24 20:48:32,088 [Listener at 127.0.0.1/44485] WARN  impl.MetricsSystemImpl (MetricsSystemImpl.java:register(279)) - Sink prometheus already exists!
2022-05-24 20:48:32,089 [Listener at 127.0.0.1/44485] INFO  http.BaseHttpServer (BaseHttpServer.java:updateConnectorAddress(329)) - HTTP server of hddsDatanode listening at http://0.0.0.0:32783
2022-05-24 20:48:32,090 [Datanode State Machine Daemon Thread] INFO  statemachine.DatanodeStateMachine (DatanodeStateMachine.java:lambda$startDaemon$0(481)) - Ozone container server started.
2022-05-24 20:48:32,090 [Listener at 127.0.0.1/44485] WARN  impl.MetricRegistriesImpl (MetricRegistriesImpl.java:addReporterRegistration(111)) - New reporters are added after registries were created. Some metrics will be missing from the reporter. Please add reporter before adding any new registry.
2022-05-24 20:48:32,090 [Listener at 127.0.0.1/44485] WARN  impl.MetricRegistriesImpl (MetricRegistriesImpl.java:addReporterRegistration(111)) - New reporters are added after registries were created. Some metrics will be missing from the reporter. Please add reporter before adding any new registry.
2022-05-24 20:48:32,091 [Listener at 127.0.0.1/44485] INFO  impl.MetricsSystemImpl (MetricsSystemImpl.java:init(158)) - HddsDatanode metrics system started (again)
2022-05-24 20:48:32,102 [Listener at 127.0.0.1/44485] INFO  ozone.HddsDatanodeService (HddsDatanodeService.java:start(236)) - HddsDatanodeService host:fv-az122-930.eh24crq5omsuteaqbma5cv3ijc.phxx.internal.cloudapp.net ip:10.1.0.30
2022-05-24 20:48:32,102 [org.apache.hadoop.util.JvmPauseMonitor$Monitor@28f290bf] INFO  util.JvmPauseMonitor (JvmPauseMonitor.java:run(188)) - Starting JVM pause monitor
2022-05-24 20:48:32,104 [Datanode State Machine Task Thread - 0] INFO  datanode.InitDatanodeState (InitDatanodeState.java:persistContainerDatanodeDetails(138)) - DatanodeDetails is persisted to /home/runner/work/ozone/ozone/hadoop-ozone/integration-test/target/test-dir/MiniOzoneClusterImpl-68ae5bae-a44d-4587-ae52-251ec6d3fd1e/datanode-3/meta/datanode.id
2022-05-24 20:48:32,122 [Listener at 127.0.0.1/44485] INFO  upgrade.AbstractLayoutVersionManager (AbstractLayoutVersionManager.java:init(79)) - Initializing Layout version manager with metadata layout = ERASURE_CODED_STORAGE_SUPPORT (version = 3), software layout = ERASURE_CODED_STORAGE_SUPPORT (version = 3)
2022-05-24 20:48:32,159 [Listener at 127.0.0.1/44485] INFO  reflections.Reflections (Reflections.java:scan(232)) - Reflections took 36 ms to scan 7 urls, producing 127 keys and 292 values 
2022-05-24 20:48:32,161 [Listener at 127.0.0.1/44485] INFO  statemachine.DatanodeStateMachine (DatanodeStateMachine.java:getEndPointTaskThreadPoolSize(233)) - Datanode State Machine Task Thread Pool size 2
2022-05-24 20:48:32,165 [Listener at 127.0.0.1/44485] INFO  volume.HddsVolume (HddsVolume.java:<init>(120)) - Creating HddsVolume: /home/runner/work/ozone/ozone/hadoop-ozone/integration-test/target/test-dir/MiniOzoneClusterImpl-68ae5bae-a44d-4587-ae52-251ec6d3fd1e/datanode-4/data-0/containers/hdds of storage type : DISK capacity : 9223372036854775807
2022-05-24 20:48:32,166 [Listener at 127.0.0.1/44485] INFO  volume.MutableVolumeSet (MutableVolumeSet.java:initializeVolumeSet(168)) - Added Volume : /home/runner/work/ozone/ozone/hadoop-ozone/integration-test/target/test-dir/MiniOzoneClusterImpl-68ae5bae-a44d-4587-ae52-251ec6d3fd1e/datanode-4/data-0/containers/hdds to VolumeSet
2022-05-24 20:48:32,166 [Listener at 127.0.0.1/44485] INFO  volume.ThrottledAsyncChecker (ThrottledAsyncChecker.java:schedule(141)) - Scheduling a check for /home/runner/work/ozone/ozone/hadoop-ozone/integration-test/target/test-dir/MiniOzoneClusterImpl-68ae5bae-a44d-4587-ae52-251ec6d3fd1e/datanode-4/data-0/containers/hdds
2022-05-24 20:48:32,167 [Listener at 127.0.0.1/44485] INFO  volume.StorageVolumeChecker (StorageVolumeChecker.java:checkAllVolumes(202)) - Scheduled health check for volume /home/runner/work/ozone/ozone/hadoop-ozone/integration-test/target/test-dir/MiniOzoneClusterImpl-68ae5bae-a44d-4587-ae52-251ec6d3fd1e/datanode-4/data-0/containers/hdds
2022-05-24 20:48:32,177 [Listener at 127.0.0.1/44485] INFO  volume.MutableVolumeSet (MutableVolumeSet.java:initializeVolumeSet(168)) - Added Volume : /home/runner/work/ozone/ozone/hadoop-ozone/integration-test/target/test-dir/MiniOzoneClusterImpl-68ae5bae-a44d-4587-ae52-251ec6d3fd1e/datanode-4/data/ratis to VolumeSet
2022-05-24 20:48:32,178 [Listener at 127.0.0.1/44485] INFO  volume.ThrottledAsyncChecker (ThrottledAsyncChecker.java:schedule(141)) - Scheduling a check for /home/runner/work/ozone/ozone/hadoop-ozone/integration-test/target/test-dir/MiniOzoneClusterImpl-68ae5bae-a44d-4587-ae52-251ec6d3fd1e/datanode-4/data/ratis
2022-05-24 20:48:32,178 [Listener at 127.0.0.1/44485] INFO  volume.StorageVolumeChecker (StorageVolumeChecker.java:checkAllVolumes(202)) - Scheduled health check for volume /home/runner/work/ozone/ozone/hadoop-ozone/integration-test/target/test-dir/MiniOzoneClusterImpl-68ae5bae-a44d-4587-ae52-251ec6d3fd1e/datanode-4/data/ratis
2022-05-24 20:48:32,188 [Thread-186] INFO  ozoneimpl.ContainerReader (ContainerReader.java:readVolume(172)) - Finish verifying containers on volume /home/runner/work/ozone/ozone/hadoop-ozone/integration-test/target/test-dir/MiniOzoneClusterImpl-68ae5bae-a44d-4587-ae52-251ec6d3fd1e/datanode-4/data-0/containers/hdds
2022-05-24 20:48:32,188 [Listener at 127.0.0.1/44485] INFO  ozoneimpl.OzoneContainer (OzoneContainer.java:buildContainerSet(257)) - Build ContainerSet costs 0s
2022-05-24 20:48:32,191 [Listener at 127.0.0.1/44485] INFO  server.RaftServer (ConfUtils.java:logGet(46)) - raft.rpc.type = GRPC (default)
2022-05-24 20:48:32,191 [Listener at 127.0.0.1/44485] INFO  grpc.GrpcFactory (GrpcFactory.java:checkPooledByteBufAllocatorUseCacheForAllThreads(48)) - PERFORMANCE WARNING: useCacheForAllThreads is true that may cause Netty to create a lot garbage objects and, as a result, trigger GC.
	It is recommended to disable useCacheForAllThreads by setting -Dorg.apache.ratis.thirdparty.io.netty.allocator.useCacheForAllThreads=false in command line.
2022-05-24 20:48:32,191 [Listener at 127.0.0.1/44485] INFO  grpc.GrpcConfigKeys (ConfUtils.java:logGet(46)) - raft.grpc.admin.port = 0 (custom)
2022-05-24 20:48:32,191 [Listener at 127.0.0.1/44485] INFO  grpc.GrpcConfigKeys (ConfUtils.java:logGet(46)) - raft.grpc.client.port = 0 (custom)
2022-05-24 20:48:32,192 [Listener at 127.0.0.1/44485] INFO  grpc.GrpcConfigKeys (ConfUtils.java:logGet(46)) - raft.grpc.server.port = 0 (default)
2022-05-24 20:48:32,192 [Listener at 127.0.0.1/44485] INFO  server.GrpcService (ConfUtils.java:logGet(46)) - raft.grpc.message.size.max = 32MB (=33554432) (custom)
2022-05-24 20:48:32,192 [Listener at 127.0.0.1/44485] INFO  server.RaftServerConfigKeys (ConfUtils.java:logGet(46)) - raft.server.log.appender.buffer.byte-limit = 33554432 (custom)
2022-05-24 20:48:32,192 [Listener at 127.0.0.1/44485] INFO  server.GrpcService (ConfUtils.java:logGet(46)) - raft.grpc.flow.control.window = 5MB (=5242880) (custom)
2022-05-24 20:48:32,192 [Listener at 127.0.0.1/44485] INFO  server.RaftServerConfigKeys (ConfUtils.java:logGet(46)) - raft.server.rpc.request.timeout = 60s (custom)
2022-05-24 20:48:32,192 [Listener at 127.0.0.1/44485] INFO  grpc.GrpcConfigKeys (ConfUtils.java:logGet(46)) - raft.grpc.server.async.request.thread.pool.cached = true (default)
2022-05-24 20:48:32,192 [Listener at 127.0.0.1/44485] INFO  grpc.GrpcConfigKeys (ConfUtils.java:logGet(46)) - raft.grpc.server.async.request.thread.pool.size = 32 (default)
2022-05-24 20:48:32,193 [Listener at 127.0.0.1/44485] INFO  impl.DataStreamServerImpl (ConfUtils.java:logGet(46)) - raft.datastream.type = DISABLED (default)
2022-05-24 20:48:32,193 [Listener at 127.0.0.1/44485] INFO  server.RaftServerConfigKeys (ConfUtils.java:logGet(46)) - raft.server.threadpool.proxy.cached = true (default)
2022-05-24 20:48:32,194 [Listener at 127.0.0.1/44485] INFO  server.RaftServerConfigKeys (ConfUtils.java:logGet(46)) - raft.server.threadpool.proxy.size = 0 (default)
2022-05-24 20:48:32,194 [Listener at 127.0.0.1/44485] INFO  server.RaftServerConfigKeys (ConfUtils.java:logGet(46)) - raft.server.rpc.slowness.timeout = 300s (custom)
2022-05-24 20:48:32,194 [Listener at 127.0.0.1/44485] INFO  server.RaftServerConfigKeys (ConfUtils.java:logGet(46)) - raft.server.leaderelection.leader.step-down.wait-time = 10s (default)
2022-05-24 20:48:32,194 [Listener at 127.0.0.1/44485] INFO  server.RaftServerConfigKeys (ConfUtils.java:logGet(46)) - raft.server.storage.dir = [/home/runner/work/ozone/ozone/hadoop-ozone/integration-test/target/test-dir/MiniOzoneClusterImpl-68ae5bae-a44d-4587-ae52-251ec6d3fd1e/datanode-4/data/ratis] (custom)
2022-05-24 20:48:32,195 [Listener at 127.0.0.1/44485] INFO  server.XceiverServerGrpc (XceiverServerGrpc.java:<init>(132)) - GrpcServer channel type EpollServerSocketChannel
2022-05-24 20:48:32,199 [Listener at 127.0.0.1/44485] INFO  http.BaseHttpServer (BaseHttpServer.java:newHttpServer2BuilderForOzone(209)) - Starting Web-server for hddsDatanode at: http://0.0.0.0:0
2022-05-24 20:48:32,200 [Listener at 127.0.0.1/44485] INFO  http.BaseHttpServer (BaseHttpServer.java:<init>(107)) - Hadoop Security Enabled: false Ozone Security Enabled: false Ozone HTTP Security Enabled: false 
2022-05-24 20:48:32,201 [Listener at 127.0.0.1/44485] INFO  server.AuthenticationFilter (AuthenticationFilter.java:constructSecretProvider(240)) - Unable to initialize FileSignerSecretProvider, falling back to use random secrets.
2022-05-24 20:48:32,201 [Listener at 127.0.0.1/44485] WARN  http.HttpRequestLog (HttpRequestLog.java:getRequestLog(103)) - Jetty request log can only be enabled using Log4j
2022-05-24 20:48:32,202 [Listener at 127.0.0.1/44485] INFO  http.HttpServer2 (HttpServer2.java:addGlobalFilter(1030)) - Added global filter 'safety' (class=org.apache.hadoop.hdds.server.http.HttpServer2$QuotingInputFilter)
2022-05-24 20:48:32,203 [Listener at 127.0.0.1/44485] INFO  http.HttpServer2 (HttpServer2.java:addFilter(1006)) - Added filter static_user_filter (class=org.apache.hadoop.http.lib.StaticUserWebFilter$StaticUserFilter) to context hddsDatanode
2022-05-24 20:48:32,203 [Listener at 127.0.0.1/44485] INFO  http.HttpServer2 (HttpServer2.java:addFilter(1014)) - Added filter static_user_filter (class=org.apache.hadoop.http.lib.StaticUserWebFilter$StaticUserFilter) to context logs
2022-05-24 20:48:32,203 [Listener at 127.0.0.1/44485] INFO  http.HttpServer2 (HttpServer2.java:addFilter(1014)) - Added filter static_user_filter (class=org.apache.hadoop.http.lib.StaticUserWebFilter$StaticUserFilter) to context static
2022-05-24 20:48:32,204 [Listener at 127.0.0.1/44485] INFO  http.HttpServer2 (HttpServer2.java:bindListener(1249)) - Jetty bound to port 40915
2022-05-24 20:48:32,204 [Listener at 127.0.0.1/44485] INFO  server.Server (Server.java:doStart(375)) - jetty-9.4.43.v20210629; built: 2021-06-30T11:07:22.254Z; git: 526006ecfa3af7f1a27ef3a288e2bef7ea9dd7e8; jvm 1.8.0_332-b09
2022-05-24 20:48:32,205 [Listener at 127.0.0.1/44485] INFO  server.session (DefaultSessionIdManager.java:doStart(334)) - DefaultSessionIdManager workerName=node0
2022-05-24 20:48:32,205 [Listener at 127.0.0.1/44485] INFO  server.session (DefaultSessionIdManager.java:doStart(339)) - No SessionScavenger set, using defaults
2022-05-24 20:48:32,205 [Listener at 127.0.0.1/44485] INFO  server.session (HouseKeeper.java:startScavenging(132)) - node0 Scavenging every 600000ms
2022-05-24 20:48:32,206 [Listener at 127.0.0.1/44485] INFO  handler.ContextHandler (ContextHandler.java:doStart(915)) - Started o.e.j.s.ServletContextHandler@571362c4{logs,/logs,file:///home/runner/work/ozone/ozone/hadoop-ozone/integration-test/target/log,AVAILABLE}
2022-05-24 20:48:32,206 [Listener at 127.0.0.1/44485] INFO  handler.ContextHandler (ContextHandler.java:doStart(915)) - Started o.e.j.s.ServletContextHandler@ce18b7b{static,/static,jar:file:/home/runner/.m2/repository/org/apache/ozone/hdds-container-service/1.3.0-SNAPSHOT/hdds-container-service-1.3.0-SNAPSHOT.jar!/webapps/static,AVAILABLE}
2022-05-24 20:48:32,377 [Listener at 127.0.0.1/44485] INFO  handler.ContextHandler (ContextHandler.java:doStart(915)) - Started o.e.j.w.WebAppContext@5d52508e{hddsDatanode,/,file:///tmp/jetty-0_0_0_0-40915-hdds-container-service-1_3_0-SNAPSHOT_jar-_-any-7349915482165399162/webapp/,AVAILABLE}{jar:file:/home/runner/.m2/repository/org/apache/ozone/hdds-container-service/1.3.0-SNAPSHOT/hdds-container-service-1.3.0-SNAPSHOT.jar!/webapps/hddsDatanode}
2022-05-24 20:48:32,380 [Listener at 127.0.0.1/44485] INFO  server.AbstractConnector (AbstractConnector.java:doStart(331)) - Started ServerConnector@6f34f86{HTTP/1.1, (http/1.1)}{0.0.0.0:40915}
2022-05-24 20:48:32,380 [Listener at 127.0.0.1/44485] INFO  server.Server (Server.java:doStart(415)) - Started @9462ms
2022-05-24 20:48:32,380 [Listener at 127.0.0.1/44485] WARN  impl.MetricsSystemImpl (MetricsSystemImpl.java:register(279)) - Sink prometheus already exists!
2022-05-24 20:48:32,381 [Listener at 127.0.0.1/44485] INFO  http.BaseHttpServer (BaseHttpServer.java:updateConnectorAddress(329)) - HTTP server of hddsDatanode listening at http://0.0.0.0:40915
2022-05-24 20:48:32,381 [Listener at 127.0.0.1/44485] WARN  impl.MetricRegistriesImpl (MetricRegistriesImpl.java:addReporterRegistration(111)) - New reporters are added after registries were created. Some metrics will be missing from the reporter. Please add reporter before adding any new registry.
2022-05-24 20:48:32,381 [Listener at 127.0.0.1/44485] WARN  impl.MetricRegistriesImpl (MetricRegistriesImpl.java:addReporterRegistration(111)) - New reporters are added after registries were created. Some metrics will be missing from the reporter. Please add reporter before adding any new registry.
2022-05-24 20:48:32,382 [Listener at 127.0.0.1/44485] INFO  impl.MetricsSystemImpl (MetricsSystemImpl.java:init(158)) - HddsDatanode metrics system started (again)
2022-05-24 20:48:32,387 [Datanode State Machine Daemon Thread] INFO  statemachine.DatanodeStateMachine (DatanodeStateMachine.java:lambda$startDaemon$0(481)) - Ozone container server started.
2022-05-24 20:48:32,393 [Listener at 127.0.0.1/44485] INFO  ozone.HddsDatanodeService (HddsDatanodeService.java:start(236)) - HddsDatanodeService host:fv-az122-930.eh24crq5omsuteaqbma5cv3ijc.phxx.internal.cloudapp.net ip:10.1.0.30
2022-05-24 20:48:32,394 [org.apache.hadoop.util.JvmPauseMonitor$Monitor@a0c5aa9] INFO  util.JvmPauseMonitor (JvmPauseMonitor.java:run(188)) - Starting JVM pause monitor
2022-05-24 20:48:32,397 [Datanode State Machine Task Thread - 0] INFO  datanode.InitDatanodeState (InitDatanodeState.java:persistContainerDatanodeDetails(138)) - DatanodeDetails is persisted to /home/runner/work/ozone/ozone/hadoop-ozone/integration-test/target/test-dir/MiniOzoneClusterImpl-68ae5bae-a44d-4587-ae52-251ec6d3fd1e/datanode-4/meta/datanode.id
2022-05-24 20:48:32,412 [Listener at 127.0.0.1/44485] INFO  upgrade.AbstractLayoutVersionManager (AbstractLayoutVersionManager.java:init(79)) - Initializing Layout version manager with metadata layout = ERASURE_CODED_STORAGE_SUPPORT (version = 3), software layout = ERASURE_CODED_STORAGE_SUPPORT (version = 3)
2022-05-24 20:48:32,451 [Listener at 127.0.0.1/44485] INFO  reflections.Reflections (Reflections.java:scan(232)) - Reflections took 36 ms to scan 7 urls, producing 127 keys and 292 values 
2022-05-24 20:48:32,452 [Listener at 127.0.0.1/44485] INFO  statemachine.DatanodeStateMachine (DatanodeStateMachine.java:getEndPointTaskThreadPoolSize(233)) - Datanode State Machine Task Thread Pool size 2
2022-05-24 20:48:32,459 [Listener at 127.0.0.1/44485] INFO  volume.HddsVolume (HddsVolume.java:<init>(120)) - Creating HddsVolume: /home/runner/work/ozone/ozone/hadoop-ozone/integration-test/target/test-dir/MiniOzoneClusterImpl-68ae5bae-a44d-4587-ae52-251ec6d3fd1e/datanode-5/data-0/containers/hdds of storage type : DISK capacity : 9223372036854775807
2022-05-24 20:48:32,459 [Listener at 127.0.0.1/44485] INFO  volume.MutableVolumeSet (MutableVolumeSet.java:initializeVolumeSet(168)) - Added Volume : /home/runner/work/ozone/ozone/hadoop-ozone/integration-test/target/test-dir/MiniOzoneClusterImpl-68ae5bae-a44d-4587-ae52-251ec6d3fd1e/datanode-5/data-0/containers/hdds to VolumeSet
2022-05-24 20:48:32,459 [Listener at 127.0.0.1/44485] INFO  volume.ThrottledAsyncChecker (ThrottledAsyncChecker.java:schedule(141)) - Scheduling a check for /home/runner/work/ozone/ozone/hadoop-ozone/integration-test/target/test-dir/MiniOzoneClusterImpl-68ae5bae-a44d-4587-ae52-251ec6d3fd1e/datanode-5/data-0/containers/hdds
2022-05-24 20:48:32,460 [Listener at 127.0.0.1/44485] INFO  volume.StorageVolumeChecker (StorageVolumeChecker.java:checkAllVolumes(202)) - Scheduled health check for volume /home/runner/work/ozone/ozone/hadoop-ozone/integration-test/target/test-dir/MiniOzoneClusterImpl-68ae5bae-a44d-4587-ae52-251ec6d3fd1e/datanode-5/data-0/containers/hdds
2022-05-24 20:48:32,470 [Listener at 127.0.0.1/44485] INFO  volume.MutableVolumeSet (MutableVolumeSet.java:initializeVolumeSet(168)) - Added Volume : /home/runner/work/ozone/ozone/hadoop-ozone/integration-test/target/test-dir/MiniOzoneClusterImpl-68ae5bae-a44d-4587-ae52-251ec6d3fd1e/datanode-5/data/ratis to VolumeSet
2022-05-24 20:48:32,471 [Listener at 127.0.0.1/44485] INFO  volume.ThrottledAsyncChecker (ThrottledAsyncChecker.java:schedule(141)) - Scheduling a check for /home/runner/work/ozone/ozone/hadoop-ozone/integration-test/target/test-dir/MiniOzoneClusterImpl-68ae5bae-a44d-4587-ae52-251ec6d3fd1e/datanode-5/data/ratis
2022-05-24 20:48:32,471 [Listener at 127.0.0.1/44485] INFO  volume.StorageVolumeChecker (StorageVolumeChecker.java:checkAllVolumes(202)) - Scheduled health check for volume /home/runner/work/ozone/ozone/hadoop-ozone/integration-test/target/test-dir/MiniOzoneClusterImpl-68ae5bae-a44d-4587-ae52-251ec6d3fd1e/datanode-5/data/ratis
2022-05-24 20:48:32,481 [Thread-199] INFO  ozoneimpl.ContainerReader (ContainerReader.java:readVolume(172)) - Finish verifying containers on volume /home/runner/work/ozone/ozone/hadoop-ozone/integration-test/target/test-dir/MiniOzoneClusterImpl-68ae5bae-a44d-4587-ae52-251ec6d3fd1e/datanode-5/data-0/containers/hdds
2022-05-24 20:48:32,481 [Listener at 127.0.0.1/44485] INFO  ozoneimpl.OzoneContainer (OzoneContainer.java:buildContainerSet(257)) - Build ContainerSet costs 0s
2022-05-24 20:48:32,484 [Listener at 127.0.0.1/44485] INFO  server.RaftServer (ConfUtils.java:logGet(46)) - raft.rpc.type = GRPC (default)
2022-05-24 20:48:32,484 [Listener at 127.0.0.1/44485] INFO  grpc.GrpcFactory (GrpcFactory.java:checkPooledByteBufAllocatorUseCacheForAllThreads(48)) - PERFORMANCE WARNING: useCacheForAllThreads is true that may cause Netty to create a lot garbage objects and, as a result, trigger GC.
	It is recommended to disable useCacheForAllThreads by setting -Dorg.apache.ratis.thirdparty.io.netty.allocator.useCacheForAllThreads=false in command line.
2022-05-24 20:48:32,484 [Listener at 127.0.0.1/44485] INFO  grpc.GrpcConfigKeys (ConfUtils.java:logGet(46)) - raft.grpc.admin.port = 0 (custom)
2022-05-24 20:48:32,484 [Listener at 127.0.0.1/44485] INFO  grpc.GrpcConfigKeys (ConfUtils.java:logGet(46)) - raft.grpc.client.port = 0 (custom)
2022-05-24 20:48:32,484 [Listener at 127.0.0.1/44485] INFO  grpc.GrpcConfigKeys (ConfUtils.java:logGet(46)) - raft.grpc.server.port = 0 (default)
2022-05-24 20:48:32,484 [Listener at 127.0.0.1/44485] INFO  server.GrpcService (ConfUtils.java:logGet(46)) - raft.grpc.message.size.max = 32MB (=33554432) (custom)
2022-05-24 20:48:32,484 [Listener at 127.0.0.1/44485] INFO  server.RaftServerConfigKeys (ConfUtils.java:logGet(46)) - raft.server.log.appender.buffer.byte-limit = 33554432 (custom)
2022-05-24 20:48:32,484 [Listener at 127.0.0.1/44485] INFO  server.GrpcService (ConfUtils.java:logGet(46)) - raft.grpc.flow.control.window = 5MB (=5242880) (custom)
2022-05-24 20:48:32,485 [Listener at 127.0.0.1/44485] INFO  server.RaftServerConfigKeys (ConfUtils.java:logGet(46)) - raft.server.rpc.request.timeout = 60s (custom)
2022-05-24 20:48:32,485 [Listener at 127.0.0.1/44485] INFO  grpc.GrpcConfigKeys (ConfUtils.java:logGet(46)) - raft.grpc.server.async.request.thread.pool.cached = true (default)
2022-05-24 20:48:32,485 [Listener at 127.0.0.1/44485] INFO  grpc.GrpcConfigKeys (ConfUtils.java:logGet(46)) - raft.grpc.server.async.request.thread.pool.size = 32 (default)
2022-05-24 20:48:32,486 [Listener at 127.0.0.1/44485] INFO  impl.DataStreamServerImpl (ConfUtils.java:logGet(46)) - raft.datastream.type = DISABLED (default)
2022-05-24 20:48:32,486 [Listener at 127.0.0.1/44485] INFO  server.RaftServerConfigKeys (ConfUtils.java:logGet(46)) - raft.server.threadpool.proxy.cached = true (default)
2022-05-24 20:48:32,486 [Listener at 127.0.0.1/44485] INFO  server.RaftServerConfigKeys (ConfUtils.java:logGet(46)) - raft.server.threadpool.proxy.size = 0 (default)
2022-05-24 20:48:32,486 [Listener at 127.0.0.1/44485] INFO  server.RaftServerConfigKeys (ConfUtils.java:logGet(46)) - raft.server.rpc.slowness.timeout = 300s (custom)
2022-05-24 20:48:32,486 [Listener at 127.0.0.1/44485] INFO  server.RaftServerConfigKeys (ConfUtils.java:logGet(46)) - raft.server.leaderelection.leader.step-down.wait-time = 10s (default)
2022-05-24 20:48:32,486 [Listener at 127.0.0.1/44485] INFO  server.RaftServerConfigKeys (ConfUtils.java:logGet(46)) - raft.server.storage.dir = [/home/runner/work/ozone/ozone/hadoop-ozone/integration-test/target/test-dir/MiniOzoneClusterImpl-68ae5bae-a44d-4587-ae52-251ec6d3fd1e/datanode-5/data/ratis] (custom)
2022-05-24 20:48:32,488 [Listener at 127.0.0.1/44485] INFO  server.XceiverServerGrpc (XceiverServerGrpc.java:<init>(132)) - GrpcServer channel type EpollServerSocketChannel
2022-05-24 20:48:32,490 [Listener at 127.0.0.1/44485] INFO  http.BaseHttpServer (BaseHttpServer.java:newHttpServer2BuilderForOzone(209)) - Starting Web-server for hddsDatanode at: http://0.0.0.0:0
2022-05-24 20:48:32,490 [Listener at 127.0.0.1/44485] INFO  http.BaseHttpServer (BaseHttpServer.java:<init>(107)) - Hadoop Security Enabled: false Ozone Security Enabled: false Ozone HTTP Security Enabled: false 
2022-05-24 20:48:32,491 [Listener at 127.0.0.1/44485] INFO  server.AuthenticationFilter (AuthenticationFilter.java:constructSecretProvider(240)) - Unable to initialize FileSignerSecretProvider, falling back to use random secrets.
2022-05-24 20:48:32,492 [Listener at 127.0.0.1/44485] WARN  http.HttpRequestLog (HttpRequestLog.java:getRequestLog(103)) - Jetty request log can only be enabled using Log4j
2022-05-24 20:48:32,492 [Listener at 127.0.0.1/44485] INFO  http.HttpServer2 (HttpServer2.java:addGlobalFilter(1030)) - Added global filter 'safety' (class=org.apache.hadoop.hdds.server.http.HttpServer2$QuotingInputFilter)
2022-05-24 20:48:32,493 [Listener at 127.0.0.1/44485] INFO  http.HttpServer2 (HttpServer2.java:addFilter(1006)) - Added filter static_user_filter (class=org.apache.hadoop.http.lib.StaticUserWebFilter$StaticUserFilter) to context hddsDatanode
2022-05-24 20:48:32,493 [Listener at 127.0.0.1/44485] INFO  http.HttpServer2 (HttpServer2.java:addFilter(1014)) - Added filter static_user_filter (class=org.apache.hadoop.http.lib.StaticUserWebFilter$StaticUserFilter) to context static
2022-05-24 20:48:32,493 [Listener at 127.0.0.1/44485] INFO  http.HttpServer2 (HttpServer2.java:addFilter(1014)) - Added filter static_user_filter (class=org.apache.hadoop.http.lib.StaticUserWebFilter$StaticUserFilter) to context logs
2022-05-24 20:48:32,494 [Listener at 127.0.0.1/44485] INFO  http.HttpServer2 (HttpServer2.java:bindListener(1249)) - Jetty bound to port 34671
2022-05-24 20:48:32,494 [Listener at 127.0.0.1/44485] INFO  server.Server (Server.java:doStart(375)) - jetty-9.4.43.v20210629; built: 2021-06-30T11:07:22.254Z; git: 526006ecfa3af7f1a27ef3a288e2bef7ea9dd7e8; jvm 1.8.0_332-b09
2022-05-24 20:48:32,495 [Listener at 127.0.0.1/44485] INFO  server.session (DefaultSessionIdManager.java:doStart(334)) - DefaultSessionIdManager workerName=node0
2022-05-24 20:48:32,495 [Listener at 127.0.0.1/44485] INFO  server.session (DefaultSessionIdManager.java:doStart(339)) - No SessionScavenger set, using defaults
2022-05-24 20:48:32,495 [Listener at 127.0.0.1/44485] INFO  server.session (HouseKeeper.java:startScavenging(132)) - node0 Scavenging every 600000ms
2022-05-24 20:48:32,496 [Listener at 127.0.0.1/44485] INFO  handler.ContextHandler (ContextHandler.java:doStart(915)) - Started o.e.j.s.ServletContextHandler@550f9818{logs,/logs,file:///home/runner/work/ozone/ozone/hadoop-ozone/integration-test/target/log,AVAILABLE}
2022-05-24 20:48:32,496 [Listener at 127.0.0.1/44485] INFO  handler.ContextHandler (ContextHandler.java:doStart(915)) - Started o.e.j.s.ServletContextHandler@3db75056{static,/static,jar:file:/home/runner/.m2/repository/org/apache/ozone/hdds-container-service/1.3.0-SNAPSHOT/hdds-container-service-1.3.0-SNAPSHOT.jar!/webapps/static,AVAILABLE}
2022-05-24 20:48:32,669 [Listener at 127.0.0.1/44485] INFO  handler.ContextHandler (ContextHandler.java:doStart(915)) - Started o.e.j.w.WebAppContext@20bb5d7f{hddsDatanode,/,file:///tmp/jetty-0_0_0_0-34671-hdds-container-service-1_3_0-SNAPSHOT_jar-_-any-4905605955321823686/webapp/,AVAILABLE}{jar:file:/home/runner/.m2/repository/org/apache/ozone/hdds-container-service/1.3.0-SNAPSHOT/hdds-container-service-1.3.0-SNAPSHOT.jar!/webapps/hddsDatanode}
2022-05-24 20:48:32,673 [Listener at 127.0.0.1/44485] INFO  server.AbstractConnector (AbstractConnector.java:doStart(331)) - Started ServerConnector@71d0240d{HTTP/1.1, (http/1.1)}{0.0.0.0:34671}
2022-05-24 20:48:32,673 [Listener at 127.0.0.1/44485] INFO  server.Server (Server.java:doStart(415)) - Started @9755ms
2022-05-24 20:48:32,673 [Listener at 127.0.0.1/44485] WARN  impl.MetricsSystemImpl (MetricsSystemImpl.java:register(279)) - Sink prometheus already exists!
2022-05-24 20:48:32,673 [Listener at 127.0.0.1/44485] INFO  http.BaseHttpServer (BaseHttpServer.java:updateConnectorAddress(329)) - HTTP server of hddsDatanode listening at http://0.0.0.0:34671
2022-05-24 20:48:32,676 [Listener at 127.0.0.1/44485] WARN  impl.MetricRegistriesImpl (MetricRegistriesImpl.java:addReporterRegistration(111)) - New reporters are added after registries were created. Some metrics will be missing from the reporter. Please add reporter before adding any new registry.
2022-05-24 20:48:32,676 [Listener at 127.0.0.1/44485] WARN  impl.MetricRegistriesImpl (MetricRegistriesImpl.java:addReporterRegistration(111)) - New reporters are added after registries were created. Some metrics will be missing from the reporter. Please add reporter before adding any new registry.
2022-05-24 20:48:32,676 [Listener at 127.0.0.1/44485] INFO  impl.MetricsSystemImpl (MetricsSystemImpl.java:init(158)) - HddsDatanode metrics system started (again)
2022-05-24 20:48:32,681 [Datanode State Machine Daemon Thread] INFO  statemachine.DatanodeStateMachine (DatanodeStateMachine.java:lambda$startDaemon$0(481)) - Ozone container server started.
2022-05-24 20:48:32,690 [Listener at 127.0.0.1/44485] INFO  ozone.HddsDatanodeService (HddsDatanodeService.java:start(236)) - HddsDatanodeService host:fv-az122-930.eh24crq5omsuteaqbma5cv3ijc.phxx.internal.cloudapp.net ip:10.1.0.30
2022-05-24 20:48:32,690 [org.apache.hadoop.util.JvmPauseMonitor$Monitor@360657b9] INFO  util.JvmPauseMonitor (JvmPauseMonitor.java:run(188)) - Starting JVM pause monitor
2022-05-24 20:48:32,703 [Datanode State Machine Task Thread - 0] INFO  datanode.InitDatanodeState (InitDatanodeState.java:persistContainerDatanodeDetails(138)) - DatanodeDetails is persisted to /home/runner/work/ozone/ozone/hadoop-ozone/integration-test/target/test-dir/MiniOzoneClusterImpl-68ae5bae-a44d-4587-ae52-251ec6d3fd1e/datanode-5/meta/datanode.id
2022-05-24 20:48:32,717 [Listener at 127.0.0.1/44485] INFO  upgrade.AbstractLayoutVersionManager (AbstractLayoutVersionManager.java:init(79)) - Initializing Layout version manager with metadata layout = ERASURE_CODED_STORAGE_SUPPORT (version = 3), software layout = ERASURE_CODED_STORAGE_SUPPORT (version = 3)
2022-05-24 20:48:32,759 [Listener at 127.0.0.1/44485] INFO  reflections.Reflections (Reflections.java:scan(232)) - Reflections took 40 ms to scan 7 urls, producing 127 keys and 292 values 
2022-05-24 20:48:32,760 [Listener at 127.0.0.1/44485] INFO  statemachine.DatanodeStateMachine (DatanodeStateMachine.java:getEndPointTaskThreadPoolSize(233)) - Datanode State Machine Task Thread Pool size 2
2022-05-24 20:48:32,762 [Listener at 127.0.0.1/44485] INFO  volume.HddsVolume (HddsVolume.java:<init>(120)) - Creating HddsVolume: /home/runner/work/ozone/ozone/hadoop-ozone/integration-test/target/test-dir/MiniOzoneClusterImpl-68ae5bae-a44d-4587-ae52-251ec6d3fd1e/datanode-6/data-0/containers/hdds of storage type : DISK capacity : 9223372036854775807
2022-05-24 20:48:32,762 [Listener at 127.0.0.1/44485] INFO  volume.MutableVolumeSet (MutableVolumeSet.java:initializeVolumeSet(168)) - Added Volume : /home/runner/work/ozone/ozone/hadoop-ozone/integration-test/target/test-dir/MiniOzoneClusterImpl-68ae5bae-a44d-4587-ae52-251ec6d3fd1e/datanode-6/data-0/containers/hdds to VolumeSet
2022-05-24 20:48:32,762 [Listener at 127.0.0.1/44485] INFO  volume.ThrottledAsyncChecker (ThrottledAsyncChecker.java:schedule(141)) - Scheduling a check for /home/runner/work/ozone/ozone/hadoop-ozone/integration-test/target/test-dir/MiniOzoneClusterImpl-68ae5bae-a44d-4587-ae52-251ec6d3fd1e/datanode-6/data-0/containers/hdds
2022-05-24 20:48:32,762 [Listener at 127.0.0.1/44485] INFO  volume.StorageVolumeChecker (StorageVolumeChecker.java:checkAllVolumes(202)) - Scheduled health check for volume /home/runner/work/ozone/ozone/hadoop-ozone/integration-test/target/test-dir/MiniOzoneClusterImpl-68ae5bae-a44d-4587-ae52-251ec6d3fd1e/datanode-6/data-0/containers/hdds
2022-05-24 20:48:32,774 [Listener at 127.0.0.1/44485] INFO  volume.MutableVolumeSet (MutableVolumeSet.java:initializeVolumeSet(168)) - Added Volume : /home/runner/work/ozone/ozone/hadoop-ozone/integration-test/target/test-dir/MiniOzoneClusterImpl-68ae5bae-a44d-4587-ae52-251ec6d3fd1e/datanode-6/data/ratis to VolumeSet
2022-05-24 20:48:32,774 [Listener at 127.0.0.1/44485] INFO  volume.ThrottledAsyncChecker (ThrottledAsyncChecker.java:schedule(141)) - Scheduling a check for /home/runner/work/ozone/ozone/hadoop-ozone/integration-test/target/test-dir/MiniOzoneClusterImpl-68ae5bae-a44d-4587-ae52-251ec6d3fd1e/datanode-6/data/ratis
2022-05-24 20:48:32,774 [Listener at 127.0.0.1/44485] INFO  volume.StorageVolumeChecker (StorageVolumeChecker.java:checkAllVolumes(202)) - Scheduled health check for volume /home/runner/work/ozone/ozone/hadoop-ozone/integration-test/target/test-dir/MiniOzoneClusterImpl-68ae5bae-a44d-4587-ae52-251ec6d3fd1e/datanode-6/data/ratis
2022-05-24 20:48:32,789 [Thread-212] INFO  ozoneimpl.ContainerReader (ContainerReader.java:readVolume(172)) - Finish verifying containers on volume /home/runner/work/ozone/ozone/hadoop-ozone/integration-test/target/test-dir/MiniOzoneClusterImpl-68ae5bae-a44d-4587-ae52-251ec6d3fd1e/datanode-6/data-0/containers/hdds
2022-05-24 20:48:32,789 [Listener at 127.0.0.1/44485] INFO  ozoneimpl.OzoneContainer (OzoneContainer.java:buildContainerSet(257)) - Build ContainerSet costs 0s
2022-05-24 20:48:32,791 [Listener at 127.0.0.1/44485] INFO  server.RaftServer (ConfUtils.java:logGet(46)) - raft.rpc.type = GRPC (default)
2022-05-24 20:48:32,792 [Listener at 127.0.0.1/44485] INFO  grpc.GrpcFactory (GrpcFactory.java:checkPooledByteBufAllocatorUseCacheForAllThreads(48)) - PERFORMANCE WARNING: useCacheForAllThreads is true that may cause Netty to create a lot garbage objects and, as a result, trigger GC.
	It is recommended to disable useCacheForAllThreads by setting -Dorg.apache.ratis.thirdparty.io.netty.allocator.useCacheForAllThreads=false in command line.
2022-05-24 20:48:32,792 [Listener at 127.0.0.1/44485] INFO  grpc.GrpcConfigKeys (ConfUtils.java:logGet(46)) - raft.grpc.admin.port = 0 (custom)
2022-05-24 20:48:32,792 [Listener at 127.0.0.1/44485] INFO  grpc.GrpcConfigKeys (ConfUtils.java:logGet(46)) - raft.grpc.client.port = 0 (custom)
2022-05-24 20:48:32,792 [Listener at 127.0.0.1/44485] INFO  grpc.GrpcConfigKeys (ConfUtils.java:logGet(46)) - raft.grpc.server.port = 0 (default)
2022-05-24 20:48:32,792 [Listener at 127.0.0.1/44485] INFO  server.GrpcService (ConfUtils.java:logGet(46)) - raft.grpc.message.size.max = 32MB (=33554432) (custom)
2022-05-24 20:48:32,792 [Listener at 127.0.0.1/44485] INFO  server.RaftServerConfigKeys (ConfUtils.java:logGet(46)) - raft.server.log.appender.buffer.byte-limit = 33554432 (custom)
2022-05-24 20:48:32,792 [Listener at 127.0.0.1/44485] INFO  server.GrpcService (ConfUtils.java:logGet(46)) - raft.grpc.flow.control.window = 5MB (=5242880) (custom)
2022-05-24 20:48:32,792 [Listener at 127.0.0.1/44485] INFO  server.RaftServerConfigKeys (ConfUtils.java:logGet(46)) - raft.server.rpc.request.timeout = 60s (custom)
2022-05-24 20:48:32,792 [Listener at 127.0.0.1/44485] INFO  grpc.GrpcConfigKeys (ConfUtils.java:logGet(46)) - raft.grpc.server.async.request.thread.pool.cached = true (default)
2022-05-24 20:48:32,793 [Listener at 127.0.0.1/44485] INFO  grpc.GrpcConfigKeys (ConfUtils.java:logGet(46)) - raft.grpc.server.async.request.thread.pool.size = 32 (default)
2022-05-24 20:48:32,794 [Listener at 127.0.0.1/44485] INFO  impl.DataStreamServerImpl (ConfUtils.java:logGet(46)) - raft.datastream.type = DISABLED (default)
2022-05-24 20:48:32,794 [Listener at 127.0.0.1/44485] INFO  server.RaftServerConfigKeys (ConfUtils.java:logGet(46)) - raft.server.threadpool.proxy.cached = true (default)
2022-05-24 20:48:32,794 [Listener at 127.0.0.1/44485] INFO  server.RaftServerConfigKeys (ConfUtils.java:logGet(46)) - raft.server.threadpool.proxy.size = 0 (default)
2022-05-24 20:48:32,794 [Listener at 127.0.0.1/44485] INFO  server.RaftServerConfigKeys (ConfUtils.java:logGet(46)) - raft.server.rpc.slowness.timeout = 300s (custom)
2022-05-24 20:48:32,794 [Listener at 127.0.0.1/44485] INFO  server.RaftServerConfigKeys (ConfUtils.java:logGet(46)) - raft.server.leaderelection.leader.step-down.wait-time = 10s (default)
2022-05-24 20:48:32,794 [Listener at 127.0.0.1/44485] INFO  server.RaftServerConfigKeys (ConfUtils.java:logGet(46)) - raft.server.storage.dir = [/home/runner/work/ozone/ozone/hadoop-ozone/integration-test/target/test-dir/MiniOzoneClusterImpl-68ae5bae-a44d-4587-ae52-251ec6d3fd1e/datanode-6/data/ratis] (custom)
2022-05-24 20:48:32,797 [Listener at 127.0.0.1/44485] INFO  server.XceiverServerGrpc (XceiverServerGrpc.java:<init>(132)) - GrpcServer channel type EpollServerSocketChannel
2022-05-24 20:48:32,800 [Listener at 127.0.0.1/44485] INFO  http.BaseHttpServer (BaseHttpServer.java:newHttpServer2BuilderForOzone(209)) - Starting Web-server for hddsDatanode at: http://0.0.0.0:0
2022-05-24 20:48:32,800 [Listener at 127.0.0.1/44485] INFO  http.BaseHttpServer (BaseHttpServer.java:<init>(107)) - Hadoop Security Enabled: false Ozone Security Enabled: false Ozone HTTP Security Enabled: false 
2022-05-24 20:48:32,802 [Listener at 127.0.0.1/44485] INFO  server.AuthenticationFilter (AuthenticationFilter.java:constructSecretProvider(240)) - Unable to initialize FileSignerSecretProvider, falling back to use random secrets.
2022-05-24 20:48:32,802 [Listener at 127.0.0.1/44485] WARN  http.HttpRequestLog (HttpRequestLog.java:getRequestLog(103)) - Jetty request log can only be enabled using Log4j
2022-05-24 20:48:32,803 [Listener at 127.0.0.1/44485] INFO  http.HttpServer2 (HttpServer2.java:addGlobalFilter(1030)) - Added global filter 'safety' (class=org.apache.hadoop.hdds.server.http.HttpServer2$QuotingInputFilter)
2022-05-24 20:48:32,804 [Listener at 127.0.0.1/44485] INFO  http.HttpServer2 (HttpServer2.java:addFilter(1006)) - Added filter static_user_filter (class=org.apache.hadoop.http.lib.StaticUserWebFilter$StaticUserFilter) to context hddsDatanode
2022-05-24 20:48:32,804 [Listener at 127.0.0.1/44485] INFO  http.HttpServer2 (HttpServer2.java:addFilter(1014)) - Added filter static_user_filter (class=org.apache.hadoop.http.lib.StaticUserWebFilter$StaticUserFilter) to context logs
2022-05-24 20:48:32,804 [Listener at 127.0.0.1/44485] INFO  http.HttpServer2 (HttpServer2.java:addFilter(1014)) - Added filter static_user_filter (class=org.apache.hadoop.http.lib.StaticUserWebFilter$StaticUserFilter) to context static
2022-05-24 20:48:32,805 [Listener at 127.0.0.1/44485] INFO  http.HttpServer2 (HttpServer2.java:bindListener(1249)) - Jetty bound to port 33565
2022-05-24 20:48:32,805 [Listener at 127.0.0.1/44485] INFO  server.Server (Server.java:doStart(375)) - jetty-9.4.43.v20210629; built: 2021-06-30T11:07:22.254Z; git: 526006ecfa3af7f1a27ef3a288e2bef7ea9dd7e8; jvm 1.8.0_332-b09
2022-05-24 20:48:32,807 [Listener at 127.0.0.1/44485] INFO  server.session (DefaultSessionIdManager.java:doStart(334)) - DefaultSessionIdManager workerName=node0
2022-05-24 20:48:32,807 [Listener at 127.0.0.1/44485] INFO  server.session (DefaultSessionIdManager.java:doStart(339)) - No SessionScavenger set, using defaults
2022-05-24 20:48:32,808 [Listener at 127.0.0.1/44485] INFO  server.session (HouseKeeper.java:startScavenging(132)) - node0 Scavenging every 600000ms
2022-05-24 20:48:32,811 [Listener at 127.0.0.1/44485] INFO  handler.ContextHandler (ContextHandler.java:doStart(915)) - Started o.e.j.s.ServletContextHandler@60c4d706{logs,/logs,file:///home/runner/work/ozone/ozone/hadoop-ozone/integration-test/target/log,AVAILABLE}
2022-05-24 20:48:32,811 [Listener at 127.0.0.1/44485] INFO  handler.ContextHandler (ContextHandler.java:doStart(915)) - Started o.e.j.s.ServletContextHandler@7e260d25{static,/static,jar:file:/home/runner/.m2/repository/org/apache/ozone/hdds-container-service/1.3.0-SNAPSHOT/hdds-container-service-1.3.0-SNAPSHOT.jar!/webapps/static,AVAILABLE}
2022-05-24 20:48:33,012 [Listener at 127.0.0.1/44485] INFO  handler.ContextHandler (ContextHandler.java:doStart(915)) - Started o.e.j.w.WebAppContext@5afc307c{hddsDatanode,/,file:///tmp/jetty-0_0_0_0-33565-hdds-container-service-1_3_0-SNAPSHOT_jar-_-any-4363215766068673411/webapp/,AVAILABLE}{jar:file:/home/runner/.m2/repository/org/apache/ozone/hdds-container-service/1.3.0-SNAPSHOT/hdds-container-service-1.3.0-SNAPSHOT.jar!/webapps/hddsDatanode}
2022-05-24 20:48:33,019 [Listener at 127.0.0.1/44485] INFO  server.AbstractConnector (AbstractConnector.java:doStart(331)) - Started ServerConnector@1c0ffb7e{HTTP/1.1, (http/1.1)}{0.0.0.0:33565}
2022-05-24 20:48:33,020 [Listener at 127.0.0.1/44485] INFO  server.Server (Server.java:doStart(415)) - Started @10102ms
2022-05-24 20:48:33,020 [Listener at 127.0.0.1/44485] WARN  impl.MetricsSystemImpl (MetricsSystemImpl.java:register(279)) - Sink prometheus already exists!
2022-05-24 20:48:33,020 [Listener at 127.0.0.1/44485] INFO  http.BaseHttpServer (BaseHttpServer.java:updateConnectorAddress(329)) - HTTP server of hddsDatanode listening at http://0.0.0.0:33565
2022-05-24 20:48:33,026 [Listener at 127.0.0.1/44485] WARN  impl.MetricRegistriesImpl (MetricRegistriesImpl.java:addReporterRegistration(111)) - New reporters are added after registries were created. Some metrics will be missing from the reporter. Please add reporter before adding any new registry.
2022-05-24 20:48:33,026 [Listener at 127.0.0.1/44485] WARN  impl.MetricRegistriesImpl (MetricRegistriesImpl.java:addReporterRegistration(111)) - New reporters are added after registries were created. Some metrics will be missing from the reporter. Please add reporter before adding any new registry.
2022-05-24 20:48:33,026 [Listener at 127.0.0.1/44485] INFO  impl.MetricsSystemImpl (MetricsSystemImpl.java:init(158)) - HddsDatanode metrics system started (again)
2022-05-24 20:48:33,026 [Datanode State Machine Daemon Thread] INFO  statemachine.DatanodeStateMachine (DatanodeStateMachine.java:lambda$startDaemon$0(481)) - Ozone container server started.
2022-05-24 20:48:33,045 [Listener at 127.0.0.1/44485] INFO  ozone.HddsDatanodeService (HddsDatanodeService.java:start(236)) - HddsDatanodeService host:fv-az122-930.eh24crq5omsuteaqbma5cv3ijc.phxx.internal.cloudapp.net ip:10.1.0.30
2022-05-24 20:48:33,051 [org.apache.hadoop.util.JvmPauseMonitor$Monitor@31b6d6f6] INFO  util.JvmPauseMonitor (JvmPauseMonitor.java:run(188)) - Starting JVM pause monitor
2022-05-24 20:48:33,057 [Datanode State Machine Task Thread - 0] INFO  datanode.InitDatanodeState (InitDatanodeState.java:persistContainerDatanodeDetails(138)) - DatanodeDetails is persisted to /home/runner/work/ozone/ozone/hadoop-ozone/integration-test/target/test-dir/MiniOzoneClusterImpl-68ae5bae-a44d-4587-ae52-251ec6d3fd1e/datanode-6/meta/datanode.id
2022-05-24 20:48:33,090 [Listener at 127.0.0.1/44485] INFO  upgrade.AbstractLayoutVersionManager (AbstractLayoutVersionManager.java:init(79)) - Initializing Layout version manager with metadata layout = ERASURE_CODED_STORAGE_SUPPORT (version = 3), software layout = ERASURE_CODED_STORAGE_SUPPORT (version = 3)
2022-05-24 20:48:33,165 [EndpointStateMachine task thread for /0.0.0.0:44329 - 0 ] INFO  ozoneimpl.OzoneContainer (OzoneContainer.java:start(335)) - Attempting to start container services.
2022-05-24 20:48:33,171 [EndpointStateMachine task thread for /0.0.0.0:44329 - 0 ] INFO  ozoneimpl.OzoneContainer (OzoneContainer.java:startContainerScrub(270)) - Background container scanner has been disabled.
2022-05-24 20:48:33,173 [Listener at 127.0.0.1/44485] INFO  reflections.Reflections (Reflections.java:scan(232)) - Reflections took 81 ms to scan 7 urls, producing 127 keys and 292 values 
2022-05-24 20:48:33,174 [Listener at 127.0.0.1/44485] INFO  statemachine.DatanodeStateMachine (DatanodeStateMachine.java:getEndPointTaskThreadPoolSize(233)) - Datanode State Machine Task Thread Pool size 2
2022-05-24 20:48:33,175 [EndpointStateMachine task thread for /0.0.0.0:44329 - 0 ] INFO  replication.ReplicationServer (ReplicationServer.java:start(111)) - ReplicationServer is started using port 38503
2022-05-24 20:48:33,177 [EndpointStateMachine task thread for /0.0.0.0:44329 - 0 ] INFO  ratis.XceiverServerRatis (XceiverServerRatis.java:start(481)) - Starting XceiverServerRatis 9fafcebc-4ec8-4b2f-921e-361fad102aa9
2022-05-24 20:48:33,183 [EndpointStateMachine task thread for /0.0.0.0:44329 - 0 ] INFO  server.RaftServer (RaftServerProxy.java:lambda$start$6(382)) - 9fafcebc-4ec8-4b2f-921e-361fad102aa9: start RPC server
2022-05-24 20:48:33,187 [EndpointStateMachine task thread for /0.0.0.0:44329 - 0 ] INFO  server.GrpcService (GrpcService.java:startImpl(260)) - 9fafcebc-4ec8-4b2f-921e-361fad102aa9: GrpcService started, listening on 37523
2022-05-24 20:48:33,191 [EndpointStateMachine task thread for /0.0.0.0:44329 - 0 ] INFO  ratis.XceiverServerRatis (XceiverServerRatis.java:getRealPort(502)) - XceiverServerRatis 9fafcebc-4ec8-4b2f-921e-361fad102aa9 is started using port 37523 for RATIS
2022-05-24 20:48:33,191 [EndpointStateMachine task thread for /0.0.0.0:44329 - 0 ] INFO  ratis.XceiverServerRatis (XceiverServerRatis.java:getRealPort(502)) - XceiverServerRatis 9fafcebc-4ec8-4b2f-921e-361fad102aa9 is started using port 37523 for RATIS_ADMIN
2022-05-24 20:48:33,191 [EndpointStateMachine task thread for /0.0.0.0:44329 - 0 ] INFO  ratis.XceiverServerRatis (XceiverServerRatis.java:getRealPort(502)) - XceiverServerRatis 9fafcebc-4ec8-4b2f-921e-361fad102aa9 is started using port 37523 for RATIS_SERVER
2022-05-24 20:48:33,196 [Listener at 127.0.0.1/44485] INFO  volume.HddsVolume (HddsVolume.java:<init>(120)) - Creating HddsVolume: /home/runner/work/ozone/ozone/hadoop-ozone/integration-test/target/test-dir/MiniOzoneClusterImpl-68ae5bae-a44d-4587-ae52-251ec6d3fd1e/datanode-7/data-0/containers/hdds of storage type : DISK capacity : 9223372036854775807
2022-05-24 20:48:33,196 [Listener at 127.0.0.1/44485] INFO  volume.MutableVolumeSet (MutableVolumeSet.java:initializeVolumeSet(168)) - Added Volume : /home/runner/work/ozone/ozone/hadoop-ozone/integration-test/target/test-dir/MiniOzoneClusterImpl-68ae5bae-a44d-4587-ae52-251ec6d3fd1e/datanode-7/data-0/containers/hdds to VolumeSet
2022-05-24 20:48:33,196 [Listener at 127.0.0.1/44485] INFO  volume.ThrottledAsyncChecker (ThrottledAsyncChecker.java:schedule(141)) - Scheduling a check for /home/runner/work/ozone/ozone/hadoop-ozone/integration-test/target/test-dir/MiniOzoneClusterImpl-68ae5bae-a44d-4587-ae52-251ec6d3fd1e/datanode-7/data-0/containers/hdds
2022-05-24 20:48:33,191 [org.apache.ratis.util.JvmPauseMonitor$$Lambda$687/217467501@235fad9c] INFO  util.JvmPauseMonitor (JvmPauseMonitor.java:run(103)) - JvmPauseMonitor-9fafcebc-4ec8-4b2f-921e-361fad102aa9: Started
2022-05-24 20:48:33,197 [Listener at 127.0.0.1/44485] INFO  volume.StorageVolumeChecker (StorageVolumeChecker.java:checkAllVolumes(202)) - Scheduled health check for volume /home/runner/work/ozone/ozone/hadoop-ozone/integration-test/target/test-dir/MiniOzoneClusterImpl-68ae5bae-a44d-4587-ae52-251ec6d3fd1e/datanode-7/data-0/containers/hdds
2022-05-24 20:48:33,204 [EndpointStateMachine task thread for /0.0.0.0:44329 - 0 ] INFO  server.XceiverServerGrpc (XceiverServerGrpc.java:start(180)) - XceiverServerGrpc 9fafcebc-4ec8-4b2f-921e-361fad102aa9 is started using port 45215
2022-05-24 20:48:33,218 [Listener at 127.0.0.1/44485] INFO  volume.MutableVolumeSet (MutableVolumeSet.java:initializeVolumeSet(168)) - Added Volume : /home/runner/work/ozone/ozone/hadoop-ozone/integration-test/target/test-dir/MiniOzoneClusterImpl-68ae5bae-a44d-4587-ae52-251ec6d3fd1e/datanode-7/data/ratis to VolumeSet
2022-05-24 20:48:33,218 [Listener at 127.0.0.1/44485] INFO  volume.ThrottledAsyncChecker (ThrottledAsyncChecker.java:schedule(141)) - Scheduling a check for /home/runner/work/ozone/ozone/hadoop-ozone/integration-test/target/test-dir/MiniOzoneClusterImpl-68ae5bae-a44d-4587-ae52-251ec6d3fd1e/datanode-7/data/ratis
2022-05-24 20:48:33,219 [Listener at 127.0.0.1/44485] INFO  volume.StorageVolumeChecker (StorageVolumeChecker.java:checkAllVolumes(202)) - Scheduled health check for volume /home/runner/work/ozone/ozone/hadoop-ozone/integration-test/target/test-dir/MiniOzoneClusterImpl-68ae5bae-a44d-4587-ae52-251ec6d3fd1e/datanode-7/data/ratis
2022-05-24 20:48:33,235 [Thread-229] INFO  ozoneimpl.ContainerReader (ContainerReader.java:readVolume(172)) - Finish verifying containers on volume /home/runner/work/ozone/ozone/hadoop-ozone/integration-test/target/test-dir/MiniOzoneClusterImpl-68ae5bae-a44d-4587-ae52-251ec6d3fd1e/datanode-7/data-0/containers/hdds
2022-05-24 20:48:33,235 [Listener at 127.0.0.1/44485] INFO  ozoneimpl.OzoneContainer (OzoneContainer.java:buildContainerSet(257)) - Build ContainerSet costs 0s
2022-05-24 20:48:33,239 [Listener at 127.0.0.1/44485] INFO  server.RaftServer (ConfUtils.java:logGet(46)) - raft.rpc.type = GRPC (default)
2022-05-24 20:48:33,239 [Listener at 127.0.0.1/44485] INFO  grpc.GrpcFactory (GrpcFactory.java:checkPooledByteBufAllocatorUseCacheForAllThreads(48)) - PERFORMANCE WARNING: useCacheForAllThreads is true that may cause Netty to create a lot garbage objects and, as a result, trigger GC.
	It is recommended to disable useCacheForAllThreads by setting -Dorg.apache.ratis.thirdparty.io.netty.allocator.useCacheForAllThreads=false in command line.
2022-05-24 20:48:33,239 [Listener at 127.0.0.1/44485] INFO  grpc.GrpcConfigKeys (ConfUtils.java:logGet(46)) - raft.grpc.admin.port = 0 (custom)
2022-05-24 20:48:33,239 [Listener at 127.0.0.1/44485] INFO  grpc.GrpcConfigKeys (ConfUtils.java:logGet(46)) - raft.grpc.client.port = 0 (custom)
2022-05-24 20:48:33,239 [Listener at 127.0.0.1/44485] INFO  grpc.GrpcConfigKeys (ConfUtils.java:logGet(46)) - raft.grpc.server.port = 0 (default)
2022-05-24 20:48:33,240 [Listener at 127.0.0.1/44485] INFO  server.GrpcService (ConfUtils.java:logGet(46)) - raft.grpc.message.size.max = 32MB (=33554432) (custom)
2022-05-24 20:48:33,240 [Listener at 127.0.0.1/44485] INFO  server.RaftServerConfigKeys (ConfUtils.java:logGet(46)) - raft.server.log.appender.buffer.byte-limit = 33554432 (custom)
2022-05-24 20:48:33,240 [Listener at 127.0.0.1/44485] INFO  server.GrpcService (ConfUtils.java:logGet(46)) - raft.grpc.flow.control.window = 5MB (=5242880) (custom)
2022-05-24 20:48:33,240 [Listener at 127.0.0.1/44485] INFO  server.RaftServerConfigKeys (ConfUtils.java:logGet(46)) - raft.server.rpc.request.timeout = 60s (custom)
2022-05-24 20:48:33,240 [Listener at 127.0.0.1/44485] INFO  grpc.GrpcConfigKeys (ConfUtils.java:logGet(46)) - raft.grpc.server.async.request.thread.pool.cached = true (default)
2022-05-24 20:48:33,240 [Listener at 127.0.0.1/44485] INFO  grpc.GrpcConfigKeys (ConfUtils.java:logGet(46)) - raft.grpc.server.async.request.thread.pool.size = 32 (default)
2022-05-24 20:48:33,243 [Listener at 127.0.0.1/44485] INFO  impl.DataStreamServerImpl (ConfUtils.java:logGet(46)) - raft.datastream.type = DISABLED (default)
2022-05-24 20:48:33,243 [Listener at 127.0.0.1/44485] INFO  server.RaftServerConfigKeys (ConfUtils.java:logGet(46)) - raft.server.threadpool.proxy.cached = true (default)
2022-05-24 20:48:33,243 [Listener at 127.0.0.1/44485] INFO  server.RaftServerConfigKeys (ConfUtils.java:logGet(46)) - raft.server.threadpool.proxy.size = 0 (default)
2022-05-24 20:48:33,244 [Listener at 127.0.0.1/44485] INFO  server.RaftServerConfigKeys (ConfUtils.java:logGet(46)) - raft.server.rpc.slowness.timeout = 300s (custom)
2022-05-24 20:48:33,244 [Listener at 127.0.0.1/44485] INFO  server.RaftServerConfigKeys (ConfUtils.java:logGet(46)) - raft.server.leaderelection.leader.step-down.wait-time = 10s (default)
2022-05-24 20:48:33,244 [Listener at 127.0.0.1/44485] INFO  server.RaftServerConfigKeys (ConfUtils.java:logGet(46)) - raft.server.storage.dir = [/home/runner/work/ozone/ozone/hadoop-ozone/integration-test/target/test-dir/MiniOzoneClusterImpl-68ae5bae-a44d-4587-ae52-251ec6d3fd1e/datanode-7/data/ratis] (custom)
2022-05-24 20:48:33,245 [Listener at 127.0.0.1/44485] INFO  server.XceiverServerGrpc (XceiverServerGrpc.java:<init>(132)) - GrpcServer channel type EpollServerSocketChannel
2022-05-24 20:48:33,252 [Listener at 127.0.0.1/44485] INFO  http.BaseHttpServer (BaseHttpServer.java:newHttpServer2BuilderForOzone(209)) - Starting Web-server for hddsDatanode at: http://0.0.0.0:0
2022-05-24 20:48:33,253 [Listener at 127.0.0.1/44485] INFO  http.BaseHttpServer (BaseHttpServer.java:<init>(107)) - Hadoop Security Enabled: false Ozone Security Enabled: false Ozone HTTP Security Enabled: false 
2022-05-24 20:48:33,254 [Listener at 127.0.0.1/44485] INFO  server.AuthenticationFilter (AuthenticationFilter.java:constructSecretProvider(240)) - Unable to initialize FileSignerSecretProvider, falling back to use random secrets.
2022-05-24 20:48:33,255 [Listener at 127.0.0.1/44485] WARN  http.HttpRequestLog (HttpRequestLog.java:getRequestLog(103)) - Jetty request log can only be enabled using Log4j
2022-05-24 20:48:33,255 [Listener at 127.0.0.1/44485] INFO  http.HttpServer2 (HttpServer2.java:addGlobalFilter(1030)) - Added global filter 'safety' (class=org.apache.hadoop.hdds.server.http.HttpServer2$QuotingInputFilter)
2022-05-24 20:48:33,256 [Listener at 127.0.0.1/44485] INFO  http.HttpServer2 (HttpServer2.java:addFilter(1006)) - Added filter static_user_filter (class=org.apache.hadoop.http.lib.StaticUserWebFilter$StaticUserFilter) to context hddsDatanode
2022-05-24 20:48:33,256 [Listener at 127.0.0.1/44485] INFO  http.HttpServer2 (HttpServer2.java:addFilter(1014)) - Added filter static_user_filter (class=org.apache.hadoop.http.lib.StaticUserWebFilter$StaticUserFilter) to context static
2022-05-24 20:48:33,257 [Listener at 127.0.0.1/44485] INFO  http.HttpServer2 (HttpServer2.java:addFilter(1014)) - Added filter static_user_filter (class=org.apache.hadoop.http.lib.StaticUserWebFilter$StaticUserFilter) to context logs
2022-05-24 20:48:33,257 [Listener at 127.0.0.1/44485] INFO  http.HttpServer2 (HttpServer2.java:bindListener(1249)) - Jetty bound to port 41951
2022-05-24 20:48:33,257 [Listener at 127.0.0.1/44485] INFO  server.Server (Server.java:doStart(375)) - jetty-9.4.43.v20210629; built: 2021-06-30T11:07:22.254Z; git: 526006ecfa3af7f1a27ef3a288e2bef7ea9dd7e8; jvm 1.8.0_332-b09
2022-05-24 20:48:33,259 [Listener at 127.0.0.1/44485] INFO  server.session (DefaultSessionIdManager.java:doStart(334)) - DefaultSessionIdManager workerName=node0
2022-05-24 20:48:33,259 [Listener at 127.0.0.1/44485] INFO  server.session (DefaultSessionIdManager.java:doStart(339)) - No SessionScavenger set, using defaults
2022-05-24 20:48:33,259 [Listener at 127.0.0.1/44485] INFO  server.session (HouseKeeper.java:startScavenging(132)) - node0 Scavenging every 600000ms
2022-05-24 20:48:33,260 [Listener at 127.0.0.1/44485] INFO  handler.ContextHandler (ContextHandler.java:doStart(915)) - Started o.e.j.s.ServletContextHandler@32d2bb94{logs,/logs,file:///home/runner/work/ozone/ozone/hadoop-ozone/integration-test/target/log,AVAILABLE}
2022-05-24 20:48:33,261 [Listener at 127.0.0.1/44485] INFO  handler.ContextHandler (ContextHandler.java:doStart(915)) - Started o.e.j.s.ServletContextHandler@29b343c7{static,/static,jar:file:/home/runner/.m2/repository/org/apache/ozone/hdds-container-service/1.3.0-SNAPSHOT/hdds-container-service-1.3.0-SNAPSHOT.jar!/webapps/static,AVAILABLE}
2022-05-24 20:48:33,405 [EndpointStateMachine task thread for /0.0.0.0:44329 - 0 ] INFO  ozoneimpl.OzoneContainer (OzoneContainer.java:start(335)) - Attempting to start container services.
2022-05-24 20:48:33,405 [EndpointStateMachine task thread for /0.0.0.0:44329 - 0 ] INFO  ozoneimpl.OzoneContainer (OzoneContainer.java:startContainerScrub(270)) - Background container scanner has been disabled.
2022-05-24 20:48:33,406 [EndpointStateMachine task thread for /0.0.0.0:44329 - 0 ] INFO  replication.ReplicationServer (ReplicationServer.java:start(111)) - ReplicationServer is started using port 39053
2022-05-24 20:48:33,407 [EndpointStateMachine task thread for /0.0.0.0:44329 - 0 ] INFO  ratis.XceiverServerRatis (XceiverServerRatis.java:start(481)) - Starting XceiverServerRatis 01e7dfcd-082b-401a-ab9e-a677cf0851a6
2022-05-24 20:48:33,408 [EndpointStateMachine task thread for /0.0.0.0:44329 - 0 ] INFO  server.RaftServer (RaftServerProxy.java:lambda$start$6(382)) - 01e7dfcd-082b-401a-ab9e-a677cf0851a6: start RPC server
2022-05-24 20:48:33,412 [EndpointStateMachine task thread for /0.0.0.0:44329 - 0 ] INFO  server.GrpcService (GrpcService.java:startImpl(260)) - 01e7dfcd-082b-401a-ab9e-a677cf0851a6: GrpcService started, listening on 34373
2022-05-24 20:48:33,415 [EndpointStateMachine task thread for /0.0.0.0:44329 - 0 ] INFO  ratis.XceiverServerRatis (XceiverServerRatis.java:getRealPort(502)) - XceiverServerRatis 01e7dfcd-082b-401a-ab9e-a677cf0851a6 is started using port 34373 for RATIS
2022-05-24 20:48:33,415 [EndpointStateMachine task thread for /0.0.0.0:44329 - 0 ] INFO  ratis.XceiverServerRatis (XceiverServerRatis.java:getRealPort(502)) - XceiverServerRatis 01e7dfcd-082b-401a-ab9e-a677cf0851a6 is started using port 34373 for RATIS_ADMIN
2022-05-24 20:48:33,415 [EndpointStateMachine task thread for /0.0.0.0:44329 - 0 ] INFO  ratis.XceiverServerRatis (XceiverServerRatis.java:getRealPort(502)) - XceiverServerRatis 01e7dfcd-082b-401a-ab9e-a677cf0851a6 is started using port 34373 for RATIS_SERVER
2022-05-24 20:48:33,415 [org.apache.ratis.util.JvmPauseMonitor$$Lambda$687/217467501@6a94d94d] INFO  util.JvmPauseMonitor (JvmPauseMonitor.java:run(103)) - JvmPauseMonitor-01e7dfcd-082b-401a-ab9e-a677cf0851a6: Started
2022-05-24 20:48:33,419 [EndpointStateMachine task thread for /0.0.0.0:44329 - 0 ] INFO  server.XceiverServerGrpc (XceiverServerGrpc.java:start(180)) - XceiverServerGrpc 01e7dfcd-082b-401a-ab9e-a677cf0851a6 is started using port 39291
2022-05-24 20:48:33,442 [Listener at 127.0.0.1/44485] INFO  handler.ContextHandler (ContextHandler.java:doStart(915)) - Started o.e.j.w.WebAppContext@20acb87{hddsDatanode,/,file:///tmp/jetty-0_0_0_0-41951-hdds-container-service-1_3_0-SNAPSHOT_jar-_-any-3362698989122673443/webapp/,AVAILABLE}{jar:file:/home/runner/.m2/repository/org/apache/ozone/hdds-container-service/1.3.0-SNAPSHOT/hdds-container-service-1.3.0-SNAPSHOT.jar!/webapps/hddsDatanode}
2022-05-24 20:48:33,443 [Listener at 127.0.0.1/44485] INFO  server.AbstractConnector (AbstractConnector.java:doStart(331)) - Started ServerConnector@237c65fc{HTTP/1.1, (http/1.1)}{0.0.0.0:41951}
2022-05-24 20:48:33,443 [Listener at 127.0.0.1/44485] INFO  server.Server (Server.java:doStart(415)) - Started @10525ms
2022-05-24 20:48:33,443 [Listener at 127.0.0.1/44485] WARN  impl.MetricsSystemImpl (MetricsSystemImpl.java:register(279)) - Sink prometheus already exists!
2022-05-24 20:48:33,444 [Listener at 127.0.0.1/44485] INFO  http.BaseHttpServer (BaseHttpServer.java:updateConnectorAddress(329)) - HTTP server of hddsDatanode listening at http://0.0.0.0:41951
2022-05-24 20:48:33,445 [Datanode State Machine Daemon Thread] INFO  statemachine.DatanodeStateMachine (DatanodeStateMachine.java:lambda$startDaemon$0(481)) - Ozone container server started.
2022-05-24 20:48:33,445 [Listener at 127.0.0.1/44485] WARN  impl.MetricRegistriesImpl (MetricRegistriesImpl.java:addReporterRegistration(111)) - New reporters are added after registries were created. Some metrics will be missing from the reporter. Please add reporter before adding any new registry.
2022-05-24 20:48:33,447 [Listener at 127.0.0.1/44485] WARN  impl.MetricRegistriesImpl (MetricRegistriesImpl.java:addReporterRegistration(111)) - New reporters are added after registries were created. Some metrics will be missing from the reporter. Please add reporter before adding any new registry.
2022-05-24 20:48:33,447 [Listener at 127.0.0.1/44485] INFO  impl.MetricsSystemImpl (MetricsSystemImpl.java:init(158)) - HddsDatanode metrics system started (again)
2022-05-24 20:48:33,457 [Listener at 127.0.0.1/44485] INFO  ozone.HddsDatanodeService (HddsDatanodeService.java:start(236)) - HddsDatanodeService host:fv-az122-930.eh24crq5omsuteaqbma5cv3ijc.phxx.internal.cloudapp.net ip:10.1.0.30
2022-05-24 20:48:33,458 [org.apache.hadoop.util.JvmPauseMonitor$Monitor@4357567f] INFO  util.JvmPauseMonitor (JvmPauseMonitor.java:run(188)) - Starting JVM pause monitor
2022-05-24 20:48:33,461 [Datanode State Machine Task Thread - 0] INFO  datanode.InitDatanodeState (InitDatanodeState.java:persistContainerDatanodeDetails(138)) - DatanodeDetails is persisted to /home/runner/work/ozone/ozone/hadoop-ozone/integration-test/target/test-dir/MiniOzoneClusterImpl-68ae5bae-a44d-4587-ae52-251ec6d3fd1e/datanode-7/meta/datanode.id
2022-05-24 20:48:33,484 [Listener at 127.0.0.1/44485] INFO  upgrade.AbstractLayoutVersionManager (AbstractLayoutVersionManager.java:init(79)) - Initializing Layout version manager with metadata layout = ERASURE_CODED_STORAGE_SUPPORT (version = 3), software layout = ERASURE_CODED_STORAGE_SUPPORT (version = 3)
2022-05-24 20:48:33,521 [Listener at 127.0.0.1/44485] INFO  reflections.Reflections (Reflections.java:scan(232)) - Reflections took 36 ms to scan 7 urls, producing 127 keys and 292 values 
2022-05-24 20:48:33,522 [Listener at 127.0.0.1/44485] INFO  statemachine.DatanodeStateMachine (DatanodeStateMachine.java:getEndPointTaskThreadPoolSize(233)) - Datanode State Machine Task Thread Pool size 2
2022-05-24 20:48:33,524 [Listener at 127.0.0.1/44485] INFO  volume.HddsVolume (HddsVolume.java:<init>(120)) - Creating HddsVolume: /home/runner/work/ozone/ozone/hadoop-ozone/integration-test/target/test-dir/MiniOzoneClusterImpl-68ae5bae-a44d-4587-ae52-251ec6d3fd1e/datanode-8/data-0/containers/hdds of storage type : DISK capacity : 9223372036854775807
2022-05-24 20:48:33,525 [Listener at 127.0.0.1/44485] INFO  volume.MutableVolumeSet (MutableVolumeSet.java:initializeVolumeSet(168)) - Added Volume : /home/runner/work/ozone/ozone/hadoop-ozone/integration-test/target/test-dir/MiniOzoneClusterImpl-68ae5bae-a44d-4587-ae52-251ec6d3fd1e/datanode-8/data-0/containers/hdds to VolumeSet
2022-05-24 20:48:33,525 [Listener at 127.0.0.1/44485] INFO  volume.ThrottledAsyncChecker (ThrottledAsyncChecker.java:schedule(141)) - Scheduling a check for /home/runner/work/ozone/ozone/hadoop-ozone/integration-test/target/test-dir/MiniOzoneClusterImpl-68ae5bae-a44d-4587-ae52-251ec6d3fd1e/datanode-8/data-0/containers/hdds
2022-05-24 20:48:33,525 [Listener at 127.0.0.1/44485] INFO  volume.StorageVolumeChecker (StorageVolumeChecker.java:checkAllVolumes(202)) - Scheduled health check for volume /home/runner/work/ozone/ozone/hadoop-ozone/integration-test/target/test-dir/MiniOzoneClusterImpl-68ae5bae-a44d-4587-ae52-251ec6d3fd1e/datanode-8/data-0/containers/hdds
2022-05-24 20:48:33,536 [Listener at 127.0.0.1/44485] INFO  volume.MutableVolumeSet (MutableVolumeSet.java:initializeVolumeSet(168)) - Added Volume : /home/runner/work/ozone/ozone/hadoop-ozone/integration-test/target/test-dir/MiniOzoneClusterImpl-68ae5bae-a44d-4587-ae52-251ec6d3fd1e/datanode-8/data/ratis to VolumeSet
2022-05-24 20:48:33,536 [Listener at 127.0.0.1/44485] INFO  volume.ThrottledAsyncChecker (ThrottledAsyncChecker.java:schedule(141)) - Scheduling a check for /home/runner/work/ozone/ozone/hadoop-ozone/integration-test/target/test-dir/MiniOzoneClusterImpl-68ae5bae-a44d-4587-ae52-251ec6d3fd1e/datanode-8/data/ratis
2022-05-24 20:48:33,536 [Listener at 127.0.0.1/44485] INFO  volume.StorageVolumeChecker (StorageVolumeChecker.java:checkAllVolumes(202)) - Scheduled health check for volume /home/runner/work/ozone/ozone/hadoop-ozone/integration-test/target/test-dir/MiniOzoneClusterImpl-68ae5bae-a44d-4587-ae52-251ec6d3fd1e/datanode-8/data/ratis
2022-05-24 20:48:33,547 [Thread-245] INFO  ozoneimpl.ContainerReader (ContainerReader.java:readVolume(172)) - Finish verifying containers on volume /home/runner/work/ozone/ozone/hadoop-ozone/integration-test/target/test-dir/MiniOzoneClusterImpl-68ae5bae-a44d-4587-ae52-251ec6d3fd1e/datanode-8/data-0/containers/hdds
2022-05-24 20:48:33,547 [Listener at 127.0.0.1/44485] INFO  ozoneimpl.OzoneContainer (OzoneContainer.java:buildContainerSet(257)) - Build ContainerSet costs 0s
2022-05-24 20:48:33,549 [Listener at 127.0.0.1/44485] INFO  server.RaftServer (ConfUtils.java:logGet(46)) - raft.rpc.type = GRPC (default)
2022-05-24 20:48:33,550 [Listener at 127.0.0.1/44485] INFO  grpc.GrpcFactory (GrpcFactory.java:checkPooledByteBufAllocatorUseCacheForAllThreads(48)) - PERFORMANCE WARNING: useCacheForAllThreads is true that may cause Netty to create a lot garbage objects and, as a result, trigger GC.
	It is recommended to disable useCacheForAllThreads by setting -Dorg.apache.ratis.thirdparty.io.netty.allocator.useCacheForAllThreads=false in command line.
2022-05-24 20:48:33,550 [Listener at 127.0.0.1/44485] INFO  grpc.GrpcConfigKeys (ConfUtils.java:logGet(46)) - raft.grpc.admin.port = 0 (custom)
2022-05-24 20:48:33,550 [Listener at 127.0.0.1/44485] INFO  grpc.GrpcConfigKeys (ConfUtils.java:logGet(46)) - raft.grpc.client.port = 0 (custom)
2022-05-24 20:48:33,550 [Listener at 127.0.0.1/44485] INFO  grpc.GrpcConfigKeys (ConfUtils.java:logGet(46)) - raft.grpc.server.port = 0 (default)
2022-05-24 20:48:33,550 [Listener at 127.0.0.1/44485] INFO  server.GrpcService (ConfUtils.java:logGet(46)) - raft.grpc.message.size.max = 32MB (=33554432) (custom)
2022-05-24 20:48:33,550 [Listener at 127.0.0.1/44485] INFO  server.RaftServerConfigKeys (ConfUtils.java:logGet(46)) - raft.server.log.appender.buffer.byte-limit = 33554432 (custom)
2022-05-24 20:48:33,550 [Listener at 127.0.0.1/44485] INFO  server.GrpcService (ConfUtils.java:logGet(46)) - raft.grpc.flow.control.window = 5MB (=5242880) (custom)
2022-05-24 20:48:33,550 [Listener at 127.0.0.1/44485] INFO  server.RaftServerConfigKeys (ConfUtils.java:logGet(46)) - raft.server.rpc.request.timeout = 60s (custom)
2022-05-24 20:48:33,550 [Listener at 127.0.0.1/44485] INFO  grpc.GrpcConfigKeys (ConfUtils.java:logGet(46)) - raft.grpc.server.async.request.thread.pool.cached = true (default)
2022-05-24 20:48:33,551 [Listener at 127.0.0.1/44485] INFO  grpc.GrpcConfigKeys (ConfUtils.java:logGet(46)) - raft.grpc.server.async.request.thread.pool.size = 32 (default)
2022-05-24 20:48:33,552 [Listener at 127.0.0.1/44485] INFO  impl.DataStreamServerImpl (ConfUtils.java:logGet(46)) - raft.datastream.type = DISABLED (default)
2022-05-24 20:48:33,552 [Listener at 127.0.0.1/44485] INFO  server.RaftServerConfigKeys (ConfUtils.java:logGet(46)) - raft.server.threadpool.proxy.cached = true (default)
2022-05-24 20:48:33,552 [Listener at 127.0.0.1/44485] INFO  server.RaftServerConfigKeys (ConfUtils.java:logGet(46)) - raft.server.threadpool.proxy.size = 0 (default)
2022-05-24 20:48:33,552 [Listener at 127.0.0.1/44485] INFO  server.RaftServerConfigKeys (ConfUtils.java:logGet(46)) - raft.server.rpc.slowness.timeout = 300s (custom)
2022-05-24 20:48:33,552 [Listener at 127.0.0.1/44485] INFO  server.RaftServerConfigKeys (ConfUtils.java:logGet(46)) - raft.server.leaderelection.leader.step-down.wait-time = 10s (default)
2022-05-24 20:48:33,552 [Listener at 127.0.0.1/44485] INFO  server.RaftServerConfigKeys (ConfUtils.java:logGet(46)) - raft.server.storage.dir = [/home/runner/work/ozone/ozone/hadoop-ozone/integration-test/target/test-dir/MiniOzoneClusterImpl-68ae5bae-a44d-4587-ae52-251ec6d3fd1e/datanode-8/data/ratis] (custom)
2022-05-24 20:48:33,554 [Listener at 127.0.0.1/44485] INFO  server.XceiverServerGrpc (XceiverServerGrpc.java:<init>(132)) - GrpcServer channel type EpollServerSocketChannel
2022-05-24 20:48:33,557 [Listener at 127.0.0.1/44485] INFO  http.BaseHttpServer (BaseHttpServer.java:newHttpServer2BuilderForOzone(209)) - Starting Web-server for hddsDatanode at: http://0.0.0.0:0
2022-05-24 20:48:33,558 [Listener at 127.0.0.1/44485] INFO  http.BaseHttpServer (BaseHttpServer.java:<init>(107)) - Hadoop Security Enabled: false Ozone Security Enabled: false Ozone HTTP Security Enabled: false 
2022-05-24 20:48:33,559 [Listener at 127.0.0.1/44485] INFO  server.AuthenticationFilter (AuthenticationFilter.java:constructSecretProvider(240)) - Unable to initialize FileSignerSecretProvider, falling back to use random secrets.
2022-05-24 20:48:33,560 [Listener at 127.0.0.1/44485] WARN  http.HttpRequestLog (HttpRequestLog.java:getRequestLog(103)) - Jetty request log can only be enabled using Log4j
2022-05-24 20:48:33,560 [Listener at 127.0.0.1/44485] INFO  http.HttpServer2 (HttpServer2.java:addGlobalFilter(1030)) - Added global filter 'safety' (class=org.apache.hadoop.hdds.server.http.HttpServer2$QuotingInputFilter)
2022-05-24 20:48:33,563 [Listener at 127.0.0.1/44485] INFO  http.HttpServer2 (HttpServer2.java:addFilter(1006)) - Added filter static_user_filter (class=org.apache.hadoop.http.lib.StaticUserWebFilter$StaticUserFilter) to context hddsDatanode
2022-05-24 20:48:33,563 [Listener at 127.0.0.1/44485] INFO  http.HttpServer2 (HttpServer2.java:addFilter(1014)) - Added filter static_user_filter (class=org.apache.hadoop.http.lib.StaticUserWebFilter$StaticUserFilter) to context static
2022-05-24 20:48:33,564 [Listener at 127.0.0.1/44485] INFO  http.HttpServer2 (HttpServer2.java:addFilter(1014)) - Added filter static_user_filter (class=org.apache.hadoop.http.lib.StaticUserWebFilter$StaticUserFilter) to context logs
2022-05-24 20:48:33,564 [Listener at 127.0.0.1/44485] INFO  http.HttpServer2 (HttpServer2.java:bindListener(1249)) - Jetty bound to port 33765
2022-05-24 20:48:33,564 [Listener at 127.0.0.1/44485] INFO  server.Server (Server.java:doStart(375)) - jetty-9.4.43.v20210629; built: 2021-06-30T11:07:22.254Z; git: 526006ecfa3af7f1a27ef3a288e2bef7ea9dd7e8; jvm 1.8.0_332-b09
2022-05-24 20:48:33,566 [Listener at 127.0.0.1/44485] INFO  server.session (DefaultSessionIdManager.java:doStart(334)) - DefaultSessionIdManager workerName=node0
2022-05-24 20:48:33,566 [Listener at 127.0.0.1/44485] INFO  server.session (DefaultSessionIdManager.java:doStart(339)) - No SessionScavenger set, using defaults
2022-05-24 20:48:33,566 [Listener at 127.0.0.1/44485] INFO  server.session (HouseKeeper.java:startScavenging(132)) - node0 Scavenging every 660000ms
2022-05-24 20:48:33,567 [Listener at 127.0.0.1/44485] INFO  handler.ContextHandler (ContextHandler.java:doStart(915)) - Started o.e.j.s.ServletContextHandler@6943732d{logs,/logs,file:///home/runner/work/ozone/ozone/hadoop-ozone/integration-test/target/log,AVAILABLE}
2022-05-24 20:48:33,567 [Listener at 127.0.0.1/44485] INFO  handler.ContextHandler (ContextHandler.java:doStart(915)) - Started o.e.j.s.ServletContextHandler@38bb4d4f{static,/static,jar:file:/home/runner/.m2/repository/org/apache/ozone/hdds-container-service/1.3.0-SNAPSHOT/hdds-container-service-1.3.0-SNAPSHOT.jar!/webapps/static,AVAILABLE}
2022-05-24 20:48:33,737 [Listener at 127.0.0.1/44485] INFO  handler.ContextHandler (ContextHandler.java:doStart(915)) - Started o.e.j.w.WebAppContext@7cc4ba38{hddsDatanode,/,file:///tmp/jetty-0_0_0_0-33765-hdds-container-service-1_3_0-SNAPSHOT_jar-_-any-4004547750441962773/webapp/,AVAILABLE}{jar:file:/home/runner/.m2/repository/org/apache/ozone/hdds-container-service/1.3.0-SNAPSHOT/hdds-container-service-1.3.0-SNAPSHOT.jar!/webapps/hddsDatanode}
2022-05-24 20:48:33,739 [Listener at 127.0.0.1/44485] INFO  server.AbstractConnector (AbstractConnector.java:doStart(331)) - Started ServerConnector@6c77a801{HTTP/1.1, (http/1.1)}{0.0.0.0:33765}
2022-05-24 20:48:33,739 [Listener at 127.0.0.1/44485] INFO  server.Server (Server.java:doStart(415)) - Started @10821ms
2022-05-24 20:48:33,739 [Listener at 127.0.0.1/44485] WARN  impl.MetricsSystemImpl (MetricsSystemImpl.java:register(279)) - Sink prometheus already exists!
2022-05-24 20:48:33,740 [Listener at 127.0.0.1/44485] INFO  http.BaseHttpServer (BaseHttpServer.java:updateConnectorAddress(329)) - HTTP server of hddsDatanode listening at http://0.0.0.0:33765
2022-05-24 20:48:33,740 [Datanode State Machine Daemon Thread] INFO  statemachine.DatanodeStateMachine (DatanodeStateMachine.java:lambda$startDaemon$0(481)) - Ozone container server started.
2022-05-24 20:48:33,743 [Listener at 127.0.0.1/44485] WARN  impl.MetricRegistriesImpl (MetricRegistriesImpl.java:addReporterRegistration(111)) - New reporters are added after registries were created. Some metrics will be missing from the reporter. Please add reporter before adding any new registry.
2022-05-24 20:48:33,743 [Listener at 127.0.0.1/44485] WARN  impl.MetricRegistriesImpl (MetricRegistriesImpl.java:addReporterRegistration(111)) - New reporters are added after registries were created. Some metrics will be missing from the reporter. Please add reporter before adding any new registry.
2022-05-24 20:48:33,743 [Listener at 127.0.0.1/44485] INFO  impl.MetricsSystemImpl (MetricsSystemImpl.java:init(158)) - HddsDatanode metrics system started (again)
2022-05-24 20:48:33,752 [org.apache.hadoop.util.JvmPauseMonitor$Monitor@6eaf706f] INFO  util.JvmPauseMonitor (JvmPauseMonitor.java:run(188)) - Starting JVM pause monitor
2022-05-24 20:48:33,755 [Listener at 127.0.0.1/44485] INFO  ozone.HddsDatanodeService (HddsDatanodeService.java:start(236)) - HddsDatanodeService host:fv-az122-930.eh24crq5omsuteaqbma5cv3ijc.phxx.internal.cloudapp.net ip:10.1.0.30
2022-05-24 20:48:33,759 [Datanode State Machine Task Thread - 0] INFO  datanode.InitDatanodeState (InitDatanodeState.java:persistContainerDatanodeDetails(138)) - DatanodeDetails is persisted to /home/runner/work/ozone/ozone/hadoop-ozone/integration-test/target/test-dir/MiniOzoneClusterImpl-68ae5bae-a44d-4587-ae52-251ec6d3fd1e/datanode-8/meta/datanode.id
2022-05-24 20:48:33,775 [EndpointStateMachine task thread for /0.0.0.0:44329 - 0 ] INFO  ozoneimpl.OzoneContainer (OzoneContainer.java:start(335)) - Attempting to start container services.
2022-05-24 20:48:33,775 [EndpointStateMachine task thread for /0.0.0.0:44329 - 0 ] INFO  ozoneimpl.OzoneContainer (OzoneContainer.java:startContainerScrub(270)) - Background container scanner has been disabled.
2022-05-24 20:48:33,777 [EndpointStateMachine task thread for /0.0.0.0:44329 - 0 ] INFO  replication.ReplicationServer (ReplicationServer.java:start(111)) - ReplicationServer is started using port 40513
2022-05-24 20:48:33,779 [EndpointStateMachine task thread for /0.0.0.0:44329 - 0 ] INFO  ratis.XceiverServerRatis (XceiverServerRatis.java:start(481)) - Starting XceiverServerRatis 2fee1640-d3c9-493e-8933-b41673c21aaf
2022-05-24 20:48:33,779 [EndpointStateMachine task thread for /0.0.0.0:44329 - 0 ] INFO  server.RaftServer (RaftServerProxy.java:lambda$start$6(382)) - 2fee1640-d3c9-493e-8933-b41673c21aaf: start RPC server
2022-05-24 20:48:33,780 [EndpointStateMachine task thread for /0.0.0.0:44329 - 0 ] INFO  server.GrpcService (GrpcService.java:startImpl(260)) - 2fee1640-d3c9-493e-8933-b41673c21aaf: GrpcService started, listening on 36361
2022-05-24 20:48:33,781 [EndpointStateMachine task thread for /0.0.0.0:44329 - 0 ] INFO  ratis.XceiverServerRatis (XceiverServerRatis.java:getRealPort(502)) - XceiverServerRatis 2fee1640-d3c9-493e-8933-b41673c21aaf is started using port 36361 for RATIS
2022-05-24 20:48:33,781 [EndpointStateMachine task thread for /0.0.0.0:44329 - 0 ] INFO  ratis.XceiverServerRatis (XceiverServerRatis.java:getRealPort(502)) - XceiverServerRatis 2fee1640-d3c9-493e-8933-b41673c21aaf is started using port 36361 for RATIS_ADMIN
2022-05-24 20:48:33,781 [EndpointStateMachine task thread for /0.0.0.0:44329 - 0 ] INFO  ratis.XceiverServerRatis (XceiverServerRatis.java:getRealPort(502)) - XceiverServerRatis 2fee1640-d3c9-493e-8933-b41673c21aaf is started using port 36361 for RATIS_SERVER
2022-05-24 20:48:33,782 [Listener at 127.0.0.1/44485] INFO  upgrade.AbstractLayoutVersionManager (AbstractLayoutVersionManager.java:init(79)) - Initializing Layout version manager with metadata layout = ERASURE_CODED_STORAGE_SUPPORT (version = 3), software layout = ERASURE_CODED_STORAGE_SUPPORT (version = 3)
2022-05-24 20:48:33,782 [org.apache.ratis.util.JvmPauseMonitor$$Lambda$687/217467501@38a3874f] INFO  util.JvmPauseMonitor (JvmPauseMonitor.java:run(103)) - JvmPauseMonitor-2fee1640-d3c9-493e-8933-b41673c21aaf: Started
2022-05-24 20:48:33,787 [EndpointStateMachine task thread for /0.0.0.0:44329 - 0 ] INFO  server.XceiverServerGrpc (XceiverServerGrpc.java:start(180)) - XceiverServerGrpc 2fee1640-d3c9-493e-8933-b41673c21aaf is started using port 39083
2022-05-24 20:48:33,822 [Listener at 127.0.0.1/44485] INFO  reflections.Reflections (Reflections.java:scan(232)) - Reflections took 38 ms to scan 7 urls, producing 127 keys and 292 values 
2022-05-24 20:48:33,823 [Listener at 127.0.0.1/44485] INFO  statemachine.DatanodeStateMachine (DatanodeStateMachine.java:getEndPointTaskThreadPoolSize(233)) - Datanode State Machine Task Thread Pool size 2
2022-05-24 20:48:33,835 [Listener at 127.0.0.1/44485] INFO  volume.HddsVolume (HddsVolume.java:<init>(120)) - Creating HddsVolume: /home/runner/work/ozone/ozone/hadoop-ozone/integration-test/target/test-dir/MiniOzoneClusterImpl-68ae5bae-a44d-4587-ae52-251ec6d3fd1e/datanode-9/data-0/containers/hdds of storage type : DISK capacity : 9223372036854775807
2022-05-24 20:48:33,836 [Listener at 127.0.0.1/44485] INFO  volume.MutableVolumeSet (MutableVolumeSet.java:initializeVolumeSet(168)) - Added Volume : /home/runner/work/ozone/ozone/hadoop-ozone/integration-test/target/test-dir/MiniOzoneClusterImpl-68ae5bae-a44d-4587-ae52-251ec6d3fd1e/datanode-9/data-0/containers/hdds to VolumeSet
2022-05-24 20:48:33,836 [Listener at 127.0.0.1/44485] INFO  volume.ThrottledAsyncChecker (ThrottledAsyncChecker.java:schedule(141)) - Scheduling a check for /home/runner/work/ozone/ozone/hadoop-ozone/integration-test/target/test-dir/MiniOzoneClusterImpl-68ae5bae-a44d-4587-ae52-251ec6d3fd1e/datanode-9/data-0/containers/hdds
2022-05-24 20:48:33,836 [Listener at 127.0.0.1/44485] INFO  volume.StorageVolumeChecker (StorageVolumeChecker.java:checkAllVolumes(202)) - Scheduled health check for volume /home/runner/work/ozone/ozone/hadoop-ozone/integration-test/target/test-dir/MiniOzoneClusterImpl-68ae5bae-a44d-4587-ae52-251ec6d3fd1e/datanode-9/data-0/containers/hdds
2022-05-24 20:48:33,847 [Listener at 127.0.0.1/44485] INFO  volume.MutableVolumeSet (MutableVolumeSet.java:initializeVolumeSet(168)) - Added Volume : /home/runner/work/ozone/ozone/hadoop-ozone/integration-test/target/test-dir/MiniOzoneClusterImpl-68ae5bae-a44d-4587-ae52-251ec6d3fd1e/datanode-9/data/ratis to VolumeSet
2022-05-24 20:48:33,847 [Listener at 127.0.0.1/44485] INFO  volume.ThrottledAsyncChecker (ThrottledAsyncChecker.java:schedule(141)) - Scheduling a check for /home/runner/work/ozone/ozone/hadoop-ozone/integration-test/target/test-dir/MiniOzoneClusterImpl-68ae5bae-a44d-4587-ae52-251ec6d3fd1e/datanode-9/data/ratis
2022-05-24 20:48:33,847 [Listener at 127.0.0.1/44485] INFO  volume.StorageVolumeChecker (StorageVolumeChecker.java:checkAllVolumes(202)) - Scheduled health check for volume /home/runner/work/ozone/ozone/hadoop-ozone/integration-test/target/test-dir/MiniOzoneClusterImpl-68ae5bae-a44d-4587-ae52-251ec6d3fd1e/datanode-9/data/ratis
2022-05-24 20:48:33,857 [Thread-261] INFO  ozoneimpl.ContainerReader (ContainerReader.java:readVolume(172)) - Finish verifying containers on volume /home/runner/work/ozone/ozone/hadoop-ozone/integration-test/target/test-dir/MiniOzoneClusterImpl-68ae5bae-a44d-4587-ae52-251ec6d3fd1e/datanode-9/data-0/containers/hdds
2022-05-24 20:48:33,857 [Listener at 127.0.0.1/44485] INFO  ozoneimpl.OzoneContainer (OzoneContainer.java:buildContainerSet(257)) - Build ContainerSet costs 0s
2022-05-24 20:48:33,860 [Listener at 127.0.0.1/44485] INFO  server.RaftServer (ConfUtils.java:logGet(46)) - raft.rpc.type = GRPC (default)
2022-05-24 20:48:33,860 [Listener at 127.0.0.1/44485] INFO  grpc.GrpcFactory (GrpcFactory.java:checkPooledByteBufAllocatorUseCacheForAllThreads(48)) - PERFORMANCE WARNING: useCacheForAllThreads is true that may cause Netty to create a lot garbage objects and, as a result, trigger GC.
	It is recommended to disable useCacheForAllThreads by setting -Dorg.apache.ratis.thirdparty.io.netty.allocator.useCacheForAllThreads=false in command line.
2022-05-24 20:48:33,860 [Listener at 127.0.0.1/44485] INFO  grpc.GrpcConfigKeys (ConfUtils.java:logGet(46)) - raft.grpc.admin.port = 0 (custom)
2022-05-24 20:48:33,860 [Listener at 127.0.0.1/44485] INFO  grpc.GrpcConfigKeys (ConfUtils.java:logGet(46)) - raft.grpc.client.port = 0 (custom)
2022-05-24 20:48:33,860 [Listener at 127.0.0.1/44485] INFO  grpc.GrpcConfigKeys (ConfUtils.java:logGet(46)) - raft.grpc.server.port = 0 (default)
2022-05-24 20:48:33,860 [Listener at 127.0.0.1/44485] INFO  server.GrpcService (ConfUtils.java:logGet(46)) - raft.grpc.message.size.max = 32MB (=33554432) (custom)
2022-05-24 20:48:33,860 [Listener at 127.0.0.1/44485] INFO  server.RaftServerConfigKeys (ConfUtils.java:logGet(46)) - raft.server.log.appender.buffer.byte-limit = 33554432 (custom)
2022-05-24 20:48:33,861 [Listener at 127.0.0.1/44485] INFO  server.GrpcService (ConfUtils.java:logGet(46)) - raft.grpc.flow.control.window = 5MB (=5242880) (custom)
2022-05-24 20:48:33,861 [Listener at 127.0.0.1/44485] INFO  server.RaftServerConfigKeys (ConfUtils.java:logGet(46)) - raft.server.rpc.request.timeout = 60s (custom)
2022-05-24 20:48:33,861 [Listener at 127.0.0.1/44485] INFO  grpc.GrpcConfigKeys (ConfUtils.java:logGet(46)) - raft.grpc.server.async.request.thread.pool.cached = true (default)
2022-05-24 20:48:33,861 [Listener at 127.0.0.1/44485] INFO  grpc.GrpcConfigKeys (ConfUtils.java:logGet(46)) - raft.grpc.server.async.request.thread.pool.size = 32 (default)
2022-05-24 20:48:33,862 [Listener at 127.0.0.1/44485] INFO  impl.DataStreamServerImpl (ConfUtils.java:logGet(46)) - raft.datastream.type = DISABLED (default)
2022-05-24 20:48:33,862 [Listener at 127.0.0.1/44485] INFO  server.RaftServerConfigKeys (ConfUtils.java:logGet(46)) - raft.server.threadpool.proxy.cached = true (default)
2022-05-24 20:48:33,862 [Listener at 127.0.0.1/44485] INFO  server.RaftServerConfigKeys (ConfUtils.java:logGet(46)) - raft.server.threadpool.proxy.size = 0 (default)
2022-05-24 20:48:33,862 [Listener at 127.0.0.1/44485] INFO  server.RaftServerConfigKeys (ConfUtils.java:logGet(46)) - raft.server.rpc.slowness.timeout = 300s (custom)
2022-05-24 20:48:33,862 [Listener at 127.0.0.1/44485] INFO  server.RaftServerConfigKeys (ConfUtils.java:logGet(46)) - raft.server.leaderelection.leader.step-down.wait-time = 10s (default)
2022-05-24 20:48:33,862 [Listener at 127.0.0.1/44485] INFO  server.RaftServerConfigKeys (ConfUtils.java:logGet(46)) - raft.server.storage.dir = [/home/runner/work/ozone/ozone/hadoop-ozone/integration-test/target/test-dir/MiniOzoneClusterImpl-68ae5bae-a44d-4587-ae52-251ec6d3fd1e/datanode-9/data/ratis] (custom)
2022-05-24 20:48:33,864 [Listener at 127.0.0.1/44485] INFO  server.XceiverServerGrpc (XceiverServerGrpc.java:<init>(132)) - GrpcServer channel type EpollServerSocketChannel
2022-05-24 20:48:33,866 [Listener at 127.0.0.1/44485] INFO  http.BaseHttpServer (BaseHttpServer.java:newHttpServer2BuilderForOzone(209)) - Starting Web-server for hddsDatanode at: http://0.0.0.0:0
2022-05-24 20:48:33,866 [Listener at 127.0.0.1/44485] INFO  http.BaseHttpServer (BaseHttpServer.java:<init>(107)) - Hadoop Security Enabled: false Ozone Security Enabled: false Ozone HTTP Security Enabled: false 
2022-05-24 20:48:33,868 [Listener at 127.0.0.1/44485] INFO  server.AuthenticationFilter (AuthenticationFilter.java:constructSecretProvider(240)) - Unable to initialize FileSignerSecretProvider, falling back to use random secrets.
2022-05-24 20:48:33,869 [Listener at 127.0.0.1/44485] WARN  http.HttpRequestLog (HttpRequestLog.java:getRequestLog(103)) - Jetty request log can only be enabled using Log4j
2022-05-24 20:48:33,873 [Listener at 127.0.0.1/44485] INFO  http.HttpServer2 (HttpServer2.java:addGlobalFilter(1030)) - Added global filter 'safety' (class=org.apache.hadoop.hdds.server.http.HttpServer2$QuotingInputFilter)
2022-05-24 20:48:33,874 [Listener at 127.0.0.1/44485] INFO  http.HttpServer2 (HttpServer2.java:addFilter(1006)) - Added filter static_user_filter (class=org.apache.hadoop.http.lib.StaticUserWebFilter$StaticUserFilter) to context hddsDatanode
2022-05-24 20:48:33,874 [Listener at 127.0.0.1/44485] INFO  http.HttpServer2 (HttpServer2.java:addFilter(1014)) - Added filter static_user_filter (class=org.apache.hadoop.http.lib.StaticUserWebFilter$StaticUserFilter) to context logs
2022-05-24 20:48:33,874 [Listener at 127.0.0.1/44485] INFO  http.HttpServer2 (HttpServer2.java:addFilter(1014)) - Added filter static_user_filter (class=org.apache.hadoop.http.lib.StaticUserWebFilter$StaticUserFilter) to context static
2022-05-24 20:48:33,875 [Listener at 127.0.0.1/44485] INFO  http.HttpServer2 (HttpServer2.java:bindListener(1249)) - Jetty bound to port 35359
2022-05-24 20:48:33,875 [Listener at 127.0.0.1/44485] INFO  server.Server (Server.java:doStart(375)) - jetty-9.4.43.v20210629; built: 2021-06-30T11:07:22.254Z; git: 526006ecfa3af7f1a27ef3a288e2bef7ea9dd7e8; jvm 1.8.0_332-b09
2022-05-24 20:48:33,876 [Listener at 127.0.0.1/44485] INFO  server.session (DefaultSessionIdManager.java:doStart(334)) - DefaultSessionIdManager workerName=node0
2022-05-24 20:48:33,876 [Listener at 127.0.0.1/44485] INFO  server.session (DefaultSessionIdManager.java:doStart(339)) - No SessionScavenger set, using defaults
2022-05-24 20:48:33,877 [Listener at 127.0.0.1/44485] INFO  server.session (HouseKeeper.java:startScavenging(132)) - node0 Scavenging every 660000ms
2022-05-24 20:48:33,879 [Listener at 127.0.0.1/44485] INFO  handler.ContextHandler (ContextHandler.java:doStart(915)) - Started o.e.j.s.ServletContextHandler@399daaa9{logs,/logs,file:///home/runner/work/ozone/ozone/hadoop-ozone/integration-test/target/log,AVAILABLE}
2022-05-24 20:48:33,880 [Listener at 127.0.0.1/44485] INFO  handler.ContextHandler (ContextHandler.java:doStart(915)) - Started o.e.j.s.ServletContextHandler@7c3fc2b0{static,/static,jar:file:/home/runner/.m2/repository/org/apache/ozone/hdds-container-service/1.3.0-SNAPSHOT/hdds-container-service-1.3.0-SNAPSHOT.jar!/webapps/static,AVAILABLE}
2022-05-24 20:48:34,050 [Listener at 127.0.0.1/44485] INFO  handler.ContextHandler (ContextHandler.java:doStart(915)) - Started o.e.j.w.WebAppContext@6f66d1ee{hddsDatanode,/,file:///tmp/jetty-0_0_0_0-35359-hdds-container-service-1_3_0-SNAPSHOT_jar-_-any-8608546754025819154/webapp/,AVAILABLE}{jar:file:/home/runner/.m2/repository/org/apache/ozone/hdds-container-service/1.3.0-SNAPSHOT/hdds-container-service-1.3.0-SNAPSHOT.jar!/webapps/hddsDatanode}
2022-05-24 20:48:34,052 [Listener at 127.0.0.1/44485] INFO  server.AbstractConnector (AbstractConnector.java:doStart(331)) - Started ServerConnector@27a7676d{HTTP/1.1, (http/1.1)}{0.0.0.0:35359}
2022-05-24 20:48:34,052 [Listener at 127.0.0.1/44485] INFO  server.Server (Server.java:doStart(415)) - Started @11134ms
2022-05-24 20:48:34,052 [Listener at 127.0.0.1/44485] WARN  impl.MetricsSystemImpl (MetricsSystemImpl.java:register(279)) - Sink prometheus already exists!
2022-05-24 20:48:34,053 [Listener at 127.0.0.1/44485] INFO  http.BaseHttpServer (BaseHttpServer.java:updateConnectorAddress(329)) - HTTP server of hddsDatanode listening at http://0.0.0.0:35359
2022-05-24 20:48:34,059 [Listener at 127.0.0.1/44485] INFO  security.OzoneBlockTokenSecretManager (OzoneSecretManager.java:updateCurrentKey(170)) - Updating the current master key for generating tokens
2022-05-24 20:48:34,060 [Listener at 127.0.0.1/44485] INFO  om.OzoneManager (OzoneManager.java:startSecretManager(940)) - Starting OM block token secret manager
2022-05-24 20:48:34,060 [Listener at 127.0.0.1/44485] INFO  security.OzoneBlockTokenSecretManager (OzoneSecretManager.java:updateCurrentKey(170)) - Updating the current master key for generating tokens
2022-05-24 20:48:34,061 [Listener at 127.0.0.1/44485] INFO  om.OzoneManager (OzoneManager.java:startSecretManager(951)) - Starting OM delegation token secret manager
2022-05-24 20:48:34,061 [Listener at 127.0.0.1/44485] INFO  security.OzoneDelegationTokenSecretManager (OzoneSecretManager.java:updateCurrentKey(170)) - Updating the current master key for generating tokens
2022-05-24 20:48:34,062 [Datanode State Machine Daemon Thread] INFO  statemachine.DatanodeStateMachine (DatanodeStateMachine.java:lambda$startDaemon$0(481)) - Ozone container server started.
2022-05-24 20:48:34,065 [Listener at 127.0.0.1/44485] INFO  ozone.MiniOzoneClusterImpl (MiniOzoneClusterImpl.java:lambda$waitForClusterToBeReady$0(221)) - Waiting for nodes to be ready. Got 0 of 10 DN Heartbeats.
2022-05-24 20:48:34,066 [Listener at 127.0.0.1/44485] INFO  ozone.MiniOzoneClusterImpl (MiniOzoneClusterImpl.java:lambda$waitForClusterToBeReady$0(224)) - Waiting for cluster to exit safe mode
2022-05-24 20:48:34,066 [Listener at 127.0.0.1/44485] INFO  ozone.MiniOzoneClusterImpl (MiniOzoneClusterImpl.java:lambda$waitForClusterToBeReady$0(226)) - SCM became leader
2022-05-24 20:48:34,079 [Thread[Thread-272,5,main]] INFO  security.OzoneDelegationTokenSecretManager (OzoneDelegationTokenSecretManager.java:run(623)) - Starting expired delegation token remover thread, tokenRemoverScanInterval=60 min(s)
2022-05-24 20:48:34,084 [org.apache.hadoop.util.JvmPauseMonitor$Monitor@102d194e] INFO  util.JvmPauseMonitor (JvmPauseMonitor.java:run(188)) - Starting JVM pause monitor
2022-05-24 20:48:34,085 [Datanode State Machine Task Thread - 0] INFO  datanode.InitDatanodeState (InitDatanodeState.java:persistContainerDatanodeDetails(138)) - DatanodeDetails is persisted to /home/runner/work/ozone/ozone/hadoop-ozone/integration-test/target/test-dir/MiniOzoneClusterImpl-68ae5bae-a44d-4587-ae52-251ec6d3fd1e/datanode-9/meta/datanode.id
2022-05-24 20:48:34,107 [EndpointStateMachine task thread for /0.0.0.0:44329 - 0 ] INFO  ozoneimpl.OzoneContainer (OzoneContainer.java:start(335)) - Attempting to start container services.
2022-05-24 20:48:34,107 [EndpointStateMachine task thread for /0.0.0.0:44329 - 0 ] INFO  ozoneimpl.OzoneContainer (OzoneContainer.java:startContainerScrub(270)) - Background container scanner has been disabled.
2022-05-24 20:48:34,111 [EndpointStateMachine task thread for /0.0.0.0:44329 - 0 ] INFO  replication.ReplicationServer (ReplicationServer.java:start(111)) - ReplicationServer is started using port 37935
2022-05-24 20:48:34,111 [EndpointStateMachine task thread for /0.0.0.0:44329 - 0 ] INFO  ratis.XceiverServerRatis (XceiverServerRatis.java:start(481)) - Starting XceiverServerRatis a6e30353-377f-4b2f-bee2-e66a44f5bcb3
2022-05-24 20:48:34,112 [EndpointStateMachine task thread for /0.0.0.0:44329 - 0 ] INFO  server.RaftServer (RaftServerProxy.java:lambda$start$6(382)) - a6e30353-377f-4b2f-bee2-e66a44f5bcb3: start RPC server
2022-05-24 20:48:34,114 [EndpointStateMachine task thread for /0.0.0.0:44329 - 0 ] INFO  server.GrpcService (GrpcService.java:startImpl(260)) - a6e30353-377f-4b2f-bee2-e66a44f5bcb3: GrpcService started, listening on 42857
2022-05-24 20:48:34,114 [EndpointStateMachine task thread for /0.0.0.0:44329 - 0 ] INFO  ratis.XceiverServerRatis (XceiverServerRatis.java:getRealPort(502)) - XceiverServerRatis a6e30353-377f-4b2f-bee2-e66a44f5bcb3 is started using port 42857 for RATIS
2022-05-24 20:48:34,114 [EndpointStateMachine task thread for /0.0.0.0:44329 - 0 ] INFO  ratis.XceiverServerRatis (XceiverServerRatis.java:getRealPort(502)) - XceiverServerRatis a6e30353-377f-4b2f-bee2-e66a44f5bcb3 is started using port 42857 for RATIS_ADMIN
2022-05-24 20:48:34,114 [EndpointStateMachine task thread for /0.0.0.0:44329 - 0 ] INFO  ratis.XceiverServerRatis (XceiverServerRatis.java:getRealPort(502)) - XceiverServerRatis a6e30353-377f-4b2f-bee2-e66a44f5bcb3 is started using port 42857 for RATIS_SERVER
2022-05-24 20:48:34,114 [org.apache.ratis.util.JvmPauseMonitor$$Lambda$687/217467501@40dcc695] INFO  util.JvmPauseMonitor (JvmPauseMonitor.java:run(103)) - JvmPauseMonitor-a6e30353-377f-4b2f-bee2-e66a44f5bcb3: Started
2022-05-24 20:48:34,116 [EndpointStateMachine task thread for /0.0.0.0:44329 - 0 ] INFO  server.XceiverServerGrpc (XceiverServerGrpc.java:start(180)) - XceiverServerGrpc a6e30353-377f-4b2f-bee2-e66a44f5bcb3 is started using port 38041
2022-05-24 20:48:34,398 [EndpointStateMachine task thread for /0.0.0.0:44329 - 0 ] INFO  ozoneimpl.OzoneContainer (OzoneContainer.java:start(335)) - Attempting to start container services.
2022-05-24 20:48:34,398 [EndpointStateMachine task thread for /0.0.0.0:44329 - 0 ] INFO  ozoneimpl.OzoneContainer (OzoneContainer.java:startContainerScrub(270)) - Background container scanner has been disabled.
2022-05-24 20:48:34,404 [EndpointStateMachine task thread for /0.0.0.0:44329 - 0 ] INFO  replication.ReplicationServer (ReplicationServer.java:start(111)) - ReplicationServer is started using port 42185
2022-05-24 20:48:34,404 [EndpointStateMachine task thread for /0.0.0.0:44329 - 0 ] INFO  ratis.XceiverServerRatis (XceiverServerRatis.java:start(481)) - Starting XceiverServerRatis cdeff73f-0c88-4976-9d3a-8f87b3ebca92
2022-05-24 20:48:34,404 [EndpointStateMachine task thread for /0.0.0.0:44329 - 0 ] INFO  server.RaftServer (RaftServerProxy.java:lambda$start$6(382)) - cdeff73f-0c88-4976-9d3a-8f87b3ebca92: start RPC server
2022-05-24 20:48:34,406 [EndpointStateMachine task thread for /0.0.0.0:44329 - 0 ] INFO  server.GrpcService (GrpcService.java:startImpl(260)) - cdeff73f-0c88-4976-9d3a-8f87b3ebca92: GrpcService started, listening on 44465
2022-05-24 20:48:34,407 [EndpointStateMachine task thread for /0.0.0.0:44329 - 0 ] INFO  ratis.XceiverServerRatis (XceiverServerRatis.java:getRealPort(502)) - XceiverServerRatis cdeff73f-0c88-4976-9d3a-8f87b3ebca92 is started using port 44465 for RATIS
2022-05-24 20:48:34,407 [org.apache.ratis.util.JvmPauseMonitor$$Lambda$687/217467501@5f4dc16d] INFO  util.JvmPauseMonitor (JvmPauseMonitor.java:run(103)) - JvmPauseMonitor-cdeff73f-0c88-4976-9d3a-8f87b3ebca92: Started
2022-05-24 20:48:34,407 [EndpointStateMachine task thread for /0.0.0.0:44329 - 0 ] INFO  ratis.XceiverServerRatis (XceiverServerRatis.java:getRealPort(502)) - XceiverServerRatis cdeff73f-0c88-4976-9d3a-8f87b3ebca92 is started using port 44465 for RATIS_ADMIN
2022-05-24 20:48:34,407 [EndpointStateMachine task thread for /0.0.0.0:44329 - 0 ] INFO  ratis.XceiverServerRatis (XceiverServerRatis.java:getRealPort(502)) - XceiverServerRatis cdeff73f-0c88-4976-9d3a-8f87b3ebca92 is started using port 44465 for RATIS_SERVER
2022-05-24 20:48:34,412 [EndpointStateMachine task thread for /0.0.0.0:44329 - 0 ] INFO  server.XceiverServerGrpc (XceiverServerGrpc.java:start(180)) - XceiverServerGrpc cdeff73f-0c88-4976-9d3a-8f87b3ebca92 is started using port 42789
2022-05-24 20:48:34,696 [EndpointStateMachine task thread for /0.0.0.0:44329 - 0 ] INFO  ozoneimpl.OzoneContainer (OzoneContainer.java:start(335)) - Attempting to start container services.
2022-05-24 20:48:34,697 [EndpointStateMachine task thread for /0.0.0.0:44329 - 0 ] INFO  ozoneimpl.OzoneContainer (OzoneContainer.java:startContainerScrub(270)) - Background container scanner has been disabled.
2022-05-24 20:48:34,699 [EndpointStateMachine task thread for /0.0.0.0:44329 - 0 ] INFO  replication.ReplicationServer (ReplicationServer.java:start(111)) - ReplicationServer is started using port 34887
2022-05-24 20:48:34,699 [EndpointStateMachine task thread for /0.0.0.0:44329 - 0 ] INFO  ratis.XceiverServerRatis (XceiverServerRatis.java:start(481)) - Starting XceiverServerRatis 51ab8667-e0eb-4b1b-8092-cca2eecc2449
2022-05-24 20:48:34,699 [EndpointStateMachine task thread for /0.0.0.0:44329 - 0 ] INFO  server.RaftServer (RaftServerProxy.java:lambda$start$6(382)) - 51ab8667-e0eb-4b1b-8092-cca2eecc2449: start RPC server
2022-05-24 20:48:34,701 [EndpointStateMachine task thread for /0.0.0.0:44329 - 0 ] INFO  server.GrpcService (GrpcService.java:startImpl(260)) - 51ab8667-e0eb-4b1b-8092-cca2eecc2449: GrpcService started, listening on 46251
2022-05-24 20:48:34,701 [EndpointStateMachine task thread for /0.0.0.0:44329 - 0 ] INFO  ratis.XceiverServerRatis (XceiverServerRatis.java:getRealPort(502)) - XceiverServerRatis 51ab8667-e0eb-4b1b-8092-cca2eecc2449 is started using port 46251 for RATIS
2022-05-24 20:48:34,701 [EndpointStateMachine task thread for /0.0.0.0:44329 - 0 ] INFO  ratis.XceiverServerRatis (XceiverServerRatis.java:getRealPort(502)) - XceiverServerRatis 51ab8667-e0eb-4b1b-8092-cca2eecc2449 is started using port 46251 for RATIS_ADMIN
2022-05-24 20:48:34,701 [org.apache.ratis.util.JvmPauseMonitor$$Lambda$687/217467501@1ee322eb] INFO  util.JvmPauseMonitor (JvmPauseMonitor.java:run(103)) - JvmPauseMonitor-51ab8667-e0eb-4b1b-8092-cca2eecc2449: Started
2022-05-24 20:48:34,701 [EndpointStateMachine task thread for /0.0.0.0:44329 - 0 ] INFO  ratis.XceiverServerRatis (XceiverServerRatis.java:getRealPort(502)) - XceiverServerRatis 51ab8667-e0eb-4b1b-8092-cca2eecc2449 is started using port 46251 for RATIS_SERVER
2022-05-24 20:48:34,703 [EndpointStateMachine task thread for /0.0.0.0:44329 - 0 ] INFO  server.XceiverServerGrpc (XceiverServerGrpc.java:start(180)) - XceiverServerGrpc 51ab8667-e0eb-4b1b-8092-cca2eecc2449 is started using port 34069
2022-05-24 20:48:34,973 [IPC Server handler 18 on default port 44329] INFO  net.NetworkTopologyImpl (NetworkTopologyImpl.java:add(112)) - Added a new node: /default-rack/9fafcebc-4ec8-4b2f-921e-361fad102aa9
2022-05-24 20:48:34,974 [IPC Server handler 18 on default port 44329] INFO  node.SCMNodeManager (SCMNodeManager.java:register(393)) - Registered Data node : 9fafcebc-4ec8-4b2f-921e-361fad102aa9{ip: 10.1.0.30, host: fv-az122-930.eh24crq5omsuteaqbma5cv3ijc.phxx.internal.cloudapp.net, ports: [REPLICATION=38503, RATIS=37523, RATIS_ADMIN=37523, RATIS_SERVER=37523, STANDALONE=45215], networkLocation: /default-rack, certSerialId: null, persistedOpState: null, persistedOpStateExpiryEpochSec: 0}
2022-05-24 20:48:34,978 [EventQueue-NewNodeForNewNodeHandler] INFO  pipeline.BackgroundPipelineCreator (BackgroundPipelineCreator.java:notifyEventTriggered(272)) - trigger a one-shot run on RatisPipelineUtilsThread.
2022-05-24 20:48:34,979 [EventQueue-NodeRegistrationContainerReportForDataNodeSafeModeRule] INFO  safemode.SCMSafeModeManager (DataNodeSafeModeRule.java:process(71)) - SCM in safe mode. 1 DataNodes registered, 3 required.
2022-05-24 20:48:34,987 [RatisPipelineUtilsThread - 0] INFO  pipeline.RatisPipelineProvider (RatisPipelineProvider.java:lambda$create$0(195)) - Sending CreatePipelineCommand for pipeline:PipelineID=5e2f0cf9-eaac-4b07-8c42-78c6b551d3ef to datanode:9fafcebc-4ec8-4b2f-921e-361fad102aa9
2022-05-24 20:48:34,988 [EventQueue-NodeRegistrationContainerReportForContainerSafeModeRule] INFO  safemode.SCMSafeModeManager (SCMSafeModeManager.java:validateSafeModeExitRules(204)) - ContainerSafeModeRule rule is successfully validated
2022-05-24 20:48:34,991 [EventQueue-PipelineReportForOneReplicaPipelineSafeModeRule] INFO  safemode.SCMSafeModeManager (SCMSafeModeManager.java:validateSafeModeExitRules(204)) - AtleastOneDatanodeReportedRule rule is successfully validated
2022-05-24 20:48:35,000 [RatisPipelineUtilsThread - 0] INFO  pipeline.PipelineStateManagerImpl (PipelineStateManagerImpl.java:addPipeline(101)) - Created pipeline Pipeline[ Id: 5e2f0cf9-eaac-4b07-8c42-78c6b551d3ef, Nodes: 9fafcebc-4ec8-4b2f-921e-361fad102aa9{ip: 10.1.0.30, host: fv-az122-930.eh24crq5omsuteaqbma5cv3ijc.phxx.internal.cloudapp.net, ports: [REPLICATION=38503, RATIS=37523, RATIS_ADMIN=37523, RATIS_SERVER=37523, STANDALONE=45215], networkLocation: /default-rack, certSerialId: null, persistedOpState: IN_SERVICE, persistedOpStateExpiryEpochSec: 0}, ReplicationConfig: RATIS/ONE, State:ALLOCATED, leaderId:, CreationTimestamp2022-05-24T20:48:34.984Z[Etc/UTC]].
2022-05-24 20:48:35,055 [EndpointStateMachine task thread for /0.0.0.0:44329 - 0 ] INFO  ozoneimpl.OzoneContainer (OzoneContainer.java:start(335)) - Attempting to start container services.
2022-05-24 20:48:35,055 [EndpointStateMachine task thread for /0.0.0.0:44329 - 0 ] INFO  ozoneimpl.OzoneContainer (OzoneContainer.java:startContainerScrub(270)) - Background container scanner has been disabled.
2022-05-24 20:48:35,058 [EndpointStateMachine task thread for /0.0.0.0:44329 - 0 ] INFO  replication.ReplicationServer (ReplicationServer.java:start(111)) - ReplicationServer is started using port 35083
2022-05-24 20:48:35,059 [EndpointStateMachine task thread for /0.0.0.0:44329 - 0 ] INFO  ratis.XceiverServerRatis (XceiverServerRatis.java:start(481)) - Starting XceiverServerRatis 2d640a7f-eabf-4d86-860e-09f863e1ed92
2022-05-24 20:48:35,063 [EndpointStateMachine task thread for /0.0.0.0:44329 - 0 ] INFO  server.RaftServer (RaftServerProxy.java:lambda$start$6(382)) - 2d640a7f-eabf-4d86-860e-09f863e1ed92: start RPC server
2022-05-24 20:48:35,064 [EndpointStateMachine task thread for /0.0.0.0:44329 - 0 ] INFO  server.GrpcService (GrpcService.java:startImpl(260)) - 2d640a7f-eabf-4d86-860e-09f863e1ed92: GrpcService started, listening on 32775
2022-05-24 20:48:35,064 [EndpointStateMachine task thread for /0.0.0.0:44329 - 0 ] INFO  ratis.XceiverServerRatis (XceiverServerRatis.java:getRealPort(502)) - XceiverServerRatis 2d640a7f-eabf-4d86-860e-09f863e1ed92 is started using port 32775 for RATIS
2022-05-24 20:48:35,064 [EndpointStateMachine task thread for /0.0.0.0:44329 - 0 ] INFO  ratis.XceiverServerRatis (XceiverServerRatis.java:getRealPort(502)) - XceiverServerRatis 2d640a7f-eabf-4d86-860e-09f863e1ed92 is started using port 32775 for RATIS_ADMIN
2022-05-24 20:48:35,064 [EndpointStateMachine task thread for /0.0.0.0:44329 - 0 ] INFO  ratis.XceiverServerRatis (XceiverServerRatis.java:getRealPort(502)) - XceiverServerRatis 2d640a7f-eabf-4d86-860e-09f863e1ed92 is started using port 32775 for RATIS_SERVER
2022-05-24 20:48:35,065 [org.apache.ratis.util.JvmPauseMonitor$$Lambda$687/217467501@72a3f1f0] INFO  util.JvmPauseMonitor (JvmPauseMonitor.java:run(103)) - JvmPauseMonitor-2d640a7f-eabf-4d86-860e-09f863e1ed92: Started
2022-05-24 20:48:35,074 [Listener at 127.0.0.1/44485] INFO  ozone.MiniOzoneClusterImpl (MiniOzoneClusterImpl.java:lambda$waitForClusterToBeReady$0(221)) - Waiting for nodes to be ready. Got 1 of 10 DN Heartbeats.
2022-05-24 20:48:35,074 [Listener at 127.0.0.1/44485] INFO  ozone.MiniOzoneClusterImpl (MiniOzoneClusterImpl.java:lambda$waitForClusterToBeReady$0(224)) - Waiting for cluster to exit safe mode
2022-05-24 20:48:35,074 [Listener at 127.0.0.1/44485] INFO  ozone.MiniOzoneClusterImpl (MiniOzoneClusterImpl.java:lambda$waitForClusterToBeReady$0(226)) - SCM became leader
2022-05-24 20:48:35,075 [EndpointStateMachine task thread for /0.0.0.0:44329 - 0 ] INFO  server.XceiverServerGrpc (XceiverServerGrpc.java:start(180)) - XceiverServerGrpc 2d640a7f-eabf-4d86-860e-09f863e1ed92 is started using port 41593
2022-05-24 20:48:35,402 [IPC Server handler 16 on default port 44329] INFO  net.NetworkTopologyImpl (NetworkTopologyImpl.java:add(112)) - Added a new node: /default-rack/01e7dfcd-082b-401a-ab9e-a677cf0851a6
2022-05-24 20:48:35,402 [IPC Server handler 16 on default port 44329] INFO  node.SCMNodeManager (SCMNodeManager.java:register(393)) - Registered Data node : 01e7dfcd-082b-401a-ab9e-a677cf0851a6{ip: 10.1.0.30, host: fv-az122-930.eh24crq5omsuteaqbma5cv3ijc.phxx.internal.cloudapp.net, ports: [REPLICATION=39053, RATIS=34373, RATIS_ADMIN=34373, RATIS_SERVER=34373, STANDALONE=39291], networkLocation: /default-rack, certSerialId: null, persistedOpState: null, persistedOpStateExpiryEpochSec: 0}
2022-05-24 20:48:35,402 [EventQueue-NewNodeForNewNodeHandler] INFO  pipeline.BackgroundPipelineCreator (BackgroundPipelineCreator.java:notifyEventTriggered(272)) - trigger a one-shot run on RatisPipelineUtilsThread.
2022-05-24 20:48:35,403 [EventQueue-NodeRegistrationContainerReportForDataNodeSafeModeRule] INFO  safemode.SCMSafeModeManager (DataNodeSafeModeRule.java:process(71)) - SCM in safe mode. 2 DataNodes registered, 3 required.
2022-05-24 20:48:35,403 [RatisPipelineUtilsThread - 0] INFO  pipeline.RatisPipelineProvider (RatisPipelineProvider.java:lambda$create$0(195)) - Sending CreatePipelineCommand for pipeline:PipelineID=ee13f18d-749b-412a-888a-a02f5d5d2963 to datanode:01e7dfcd-082b-401a-ab9e-a677cf0851a6
2022-05-24 20:48:35,403 [RatisPipelineUtilsThread - 0] INFO  pipeline.PipelineStateManagerImpl (PipelineStateManagerImpl.java:addPipeline(101)) - Created pipeline Pipeline[ Id: ee13f18d-749b-412a-888a-a02f5d5d2963, Nodes: 01e7dfcd-082b-401a-ab9e-a677cf0851a6{ip: 10.1.0.30, host: fv-az122-930.eh24crq5omsuteaqbma5cv3ijc.phxx.internal.cloudapp.net, ports: [REPLICATION=39053, RATIS=34373, RATIS_ADMIN=34373, RATIS_SERVER=34373, STANDALONE=39291], networkLocation: /default-rack, certSerialId: null, persistedOpState: IN_SERVICE, persistedOpStateExpiryEpochSec: 0}, ReplicationConfig: RATIS/ONE, State:ALLOCATED, leaderId:, CreationTimestamp2022-05-24T20:48:35.403Z[Etc/UTC]].
2022-05-24 20:48:35,462 [EndpointStateMachine task thread for /0.0.0.0:44329 - 0 ] INFO  ozoneimpl.OzoneContainer (OzoneContainer.java:start(335)) - Attempting to start container services.
2022-05-24 20:48:35,462 [EndpointStateMachine task thread for /0.0.0.0:44329 - 0 ] INFO  ozoneimpl.OzoneContainer (OzoneContainer.java:startContainerScrub(270)) - Background container scanner has been disabled.
2022-05-24 20:48:35,464 [EndpointStateMachine task thread for /0.0.0.0:44329 - 0 ] INFO  replication.ReplicationServer (ReplicationServer.java:start(111)) - ReplicationServer is started using port 40213
2022-05-24 20:48:35,464 [EndpointStateMachine task thread for /0.0.0.0:44329 - 0 ] INFO  ratis.XceiverServerRatis (XceiverServerRatis.java:start(481)) - Starting XceiverServerRatis bb19d869-0de0-4670-950d-961bc103e91c
2022-05-24 20:48:35,465 [EndpointStateMachine task thread for /0.0.0.0:44329 - 0 ] INFO  server.RaftServer (RaftServerProxy.java:lambda$start$6(382)) - bb19d869-0de0-4670-950d-961bc103e91c: start RPC server
2022-05-24 20:48:35,465 [EndpointStateMachine task thread for /0.0.0.0:44329 - 0 ] INFO  server.GrpcService (GrpcService.java:startImpl(260)) - bb19d869-0de0-4670-950d-961bc103e91c: GrpcService started, listening on 46641
2022-05-24 20:48:35,466 [EndpointStateMachine task thread for /0.0.0.0:44329 - 0 ] INFO  ratis.XceiverServerRatis (XceiverServerRatis.java:getRealPort(502)) - XceiverServerRatis bb19d869-0de0-4670-950d-961bc103e91c is started using port 46641 for RATIS
2022-05-24 20:48:35,466 [EndpointStateMachine task thread for /0.0.0.0:44329 - 0 ] INFO  ratis.XceiverServerRatis (XceiverServerRatis.java:getRealPort(502)) - XceiverServerRatis bb19d869-0de0-4670-950d-961bc103e91c is started using port 46641 for RATIS_ADMIN
2022-05-24 20:48:35,466 [EndpointStateMachine task thread for /0.0.0.0:44329 - 0 ] INFO  ratis.XceiverServerRatis (XceiverServerRatis.java:getRealPort(502)) - XceiverServerRatis bb19d869-0de0-4670-950d-961bc103e91c is started using port 46641 for RATIS_SERVER
2022-05-24 20:48:35,466 [org.apache.ratis.util.JvmPauseMonitor$$Lambda$687/217467501@74d324d6] INFO  util.JvmPauseMonitor (JvmPauseMonitor.java:run(103)) - JvmPauseMonitor-bb19d869-0de0-4670-950d-961bc103e91c: Started
2022-05-24 20:48:35,467 [EndpointStateMachine task thread for /0.0.0.0:44329 - 0 ] INFO  server.XceiverServerGrpc (XceiverServerGrpc.java:start(180)) - XceiverServerGrpc bb19d869-0de0-4670-950d-961bc103e91c is started using port 35483
2022-05-24 20:48:35,756 [EndpointStateMachine task thread for /0.0.0.0:44329 - 0 ] INFO  ozoneimpl.OzoneContainer (OzoneContainer.java:start(335)) - Attempting to start container services.
2022-05-24 20:48:35,756 [EndpointStateMachine task thread for /0.0.0.0:44329 - 0 ] INFO  ozoneimpl.OzoneContainer (OzoneContainer.java:startContainerScrub(270)) - Background container scanner has been disabled.
2022-05-24 20:48:35,757 [EndpointStateMachine task thread for /0.0.0.0:44329 - 0 ] INFO  replication.ReplicationServer (ReplicationServer.java:start(111)) - ReplicationServer is started using port 39233
2022-05-24 20:48:35,758 [EndpointStateMachine task thread for /0.0.0.0:44329 - 0 ] INFO  ratis.XceiverServerRatis (XceiverServerRatis.java:start(481)) - Starting XceiverServerRatis 6698ee5e-a134-4bdd-b88e-32be83df5062
2022-05-24 20:48:35,760 [EndpointStateMachine task thread for /0.0.0.0:44329 - 0 ] INFO  server.RaftServer (RaftServerProxy.java:lambda$start$6(382)) - 6698ee5e-a134-4bdd-b88e-32be83df5062: start RPC server
2022-05-24 20:48:35,764 [EndpointStateMachine task thread for /0.0.0.0:44329 - 0 ] INFO  server.GrpcService (GrpcService.java:startImpl(260)) - 6698ee5e-a134-4bdd-b88e-32be83df5062: GrpcService started, listening on 36573
2022-05-24 20:48:35,764 [EndpointStateMachine task thread for /0.0.0.0:44329 - 0 ] INFO  ratis.XceiverServerRatis (XceiverServerRatis.java:getRealPort(502)) - XceiverServerRatis 6698ee5e-a134-4bdd-b88e-32be83df5062 is started using port 36573 for RATIS
2022-05-24 20:48:35,764 [org.apache.ratis.util.JvmPauseMonitor$$Lambda$687/217467501@14425536] INFO  util.JvmPauseMonitor (JvmPauseMonitor.java:run(103)) - JvmPauseMonitor-6698ee5e-a134-4bdd-b88e-32be83df5062: Started
2022-05-24 20:48:35,764 [EndpointStateMachine task thread for /0.0.0.0:44329 - 0 ] INFO  ratis.XceiverServerRatis (XceiverServerRatis.java:getRealPort(502)) - XceiverServerRatis 6698ee5e-a134-4bdd-b88e-32be83df5062 is started using port 36573 for RATIS_ADMIN
2022-05-24 20:48:35,764 [EndpointStateMachine task thread for /0.0.0.0:44329 - 0 ] INFO  ratis.XceiverServerRatis (XceiverServerRatis.java:getRealPort(502)) - XceiverServerRatis 6698ee5e-a134-4bdd-b88e-32be83df5062 is started using port 36573 for RATIS_SERVER
2022-05-24 20:48:35,768 [EndpointStateMachine task thread for /0.0.0.0:44329 - 0 ] INFO  server.XceiverServerGrpc (XceiverServerGrpc.java:start(180)) - XceiverServerGrpc 6698ee5e-a134-4bdd-b88e-32be83df5062 is started using port 35225
2022-05-24 20:48:35,773 [IPC Server handler 17 on default port 44329] INFO  net.NetworkTopologyImpl (NetworkTopologyImpl.java:add(112)) - Added a new node: /default-rack/2fee1640-d3c9-493e-8933-b41673c21aaf
2022-05-24 20:48:35,773 [IPC Server handler 17 on default port 44329] INFO  node.SCMNodeManager (SCMNodeManager.java:register(393)) - Registered Data node : 2fee1640-d3c9-493e-8933-b41673c21aaf{ip: 10.1.0.30, host: fv-az122-930.eh24crq5omsuteaqbma5cv3ijc.phxx.internal.cloudapp.net, ports: [REPLICATION=40513, RATIS=36361, RATIS_ADMIN=36361, RATIS_SERVER=36361, STANDALONE=39083], networkLocation: /default-rack, certSerialId: null, persistedOpState: null, persistedOpStateExpiryEpochSec: 0}
2022-05-24 20:48:35,773 [EventQueue-NewNodeForNewNodeHandler] INFO  pipeline.BackgroundPipelineCreator (BackgroundPipelineCreator.java:notifyEventTriggered(272)) - trigger a one-shot run on RatisPipelineUtilsThread.
2022-05-24 20:48:35,774 [EventQueue-NodeRegistrationContainerReportForDataNodeSafeModeRule] INFO  safemode.SCMSafeModeManager (DataNodeSafeModeRule.java:process(71)) - SCM in safe mode. 3 DataNodes registered, 3 required.
2022-05-24 20:48:35,774 [EventQueue-NodeRegistrationContainerReportForDataNodeSafeModeRule] INFO  safemode.SCMSafeModeManager (SCMSafeModeManager.java:validateSafeModeExitRules(204)) - DataNodeSafeModeRule rule is successfully validated
2022-05-24 20:48:35,774 [EventQueue-NodeRegistrationContainerReportForDataNodeSafeModeRule] INFO  safemode.SCMSafeModeManager (SCMSafeModeManager.java:completePreCheck(233)) - All SCM safe mode pre check rules have passed
2022-05-24 20:48:35,774 [EventQueue-NodeRegistrationContainerReportForDataNodeSafeModeRule] WARN  events.EventQueue (EventQueue.java:fireEvent(194)) - No event handler registered for event TypedEvent{payloadType=SafeModeStatus, name='Safe mode status'}
2022-05-24 20:48:35,774 [EventQueue-NodeRegistrationContainerReportForDataNodeSafeModeRule] INFO  ha.SCMContext (SCMContext.java:updateSafeModeStatus(211)) - Update SafeModeStatus from SafeModeStatus{safeModeStatus=true, preCheckPassed=false} to SafeModeStatus{safeModeStatus=true, preCheckPassed=true}.
2022-05-24 20:48:35,774 [EventQueue-NodeRegistrationContainerReportForDataNodeSafeModeRule] INFO  pipeline.BackgroundPipelineCreator (BackgroundPipelineCreator.java:notifyEventTriggered(272)) - trigger a one-shot run on RatisPipelineUtilsThread.
2022-05-24 20:48:35,775 [RatisPipelineUtilsThread - 0] INFO  pipeline.RatisPipelineProvider (RatisPipelineProvider.java:lambda$create$0(195)) - Sending CreatePipelineCommand for pipeline:PipelineID=237c5b0a-2044-4f23-9171-c2fdd9cdb2a4 to datanode:2fee1640-d3c9-493e-8933-b41673c21aaf
2022-05-24 20:48:35,775 [RatisPipelineUtilsThread - 0] INFO  pipeline.PipelineStateManagerImpl (PipelineStateManagerImpl.java:addPipeline(101)) - Created pipeline Pipeline[ Id: 237c5b0a-2044-4f23-9171-c2fdd9cdb2a4, Nodes: 2fee1640-d3c9-493e-8933-b41673c21aaf{ip: 10.1.0.30, host: fv-az122-930.eh24crq5omsuteaqbma5cv3ijc.phxx.internal.cloudapp.net, ports: [REPLICATION=40513, RATIS=36361, RATIS_ADMIN=36361, RATIS_SERVER=36361, STANDALONE=39083], networkLocation: /default-rack, certSerialId: null, persistedOpState: IN_SERVICE, persistedOpStateExpiryEpochSec: 0}, ReplicationConfig: RATIS/ONE, State:ALLOCATED, leaderId:, CreationTimestamp2022-05-24T20:48:35.775Z[Etc/UTC]].
2022-05-24 20:48:35,779 [RatisPipelineUtilsThread - 0] INFO  pipeline.RatisPipelineProvider (RatisPipelineProvider.java:lambda$create$0(195)) - Sending CreatePipelineCommand for pipeline:PipelineID=1fc04178-28da-406c-81f9-0b1fb73f6ff2 to datanode:01e7dfcd-082b-401a-ab9e-a677cf0851a6
2022-05-24 20:48:35,779 [RatisPipelineUtilsThread - 0] INFO  pipeline.RatisPipelineProvider (RatisPipelineProvider.java:lambda$create$0(195)) - Sending CreatePipelineCommand for pipeline:PipelineID=1fc04178-28da-406c-81f9-0b1fb73f6ff2 to datanode:9fafcebc-4ec8-4b2f-921e-361fad102aa9
2022-05-24 20:48:35,779 [RatisPipelineUtilsThread - 0] INFO  pipeline.RatisPipelineProvider (RatisPipelineProvider.java:lambda$create$0(195)) - Sending CreatePipelineCommand for pipeline:PipelineID=1fc04178-28da-406c-81f9-0b1fb73f6ff2 to datanode:2fee1640-d3c9-493e-8933-b41673c21aaf
2022-05-24 20:48:35,780 [RatisPipelineUtilsThread - 0] INFO  pipeline.PipelineStateManagerImpl (PipelineStateManagerImpl.java:addPipeline(101)) - Created pipeline Pipeline[ Id: 1fc04178-28da-406c-81f9-0b1fb73f6ff2, Nodes: 01e7dfcd-082b-401a-ab9e-a677cf0851a6{ip: 10.1.0.30, host: fv-az122-930.eh24crq5omsuteaqbma5cv3ijc.phxx.internal.cloudapp.net, ports: [REPLICATION=39053, RATIS=34373, RATIS_ADMIN=34373, RATIS_SERVER=34373, STANDALONE=39291], networkLocation: /default-rack, certSerialId: null, persistedOpState: IN_SERVICE, persistedOpStateExpiryEpochSec: 0}9fafcebc-4ec8-4b2f-921e-361fad102aa9{ip: 10.1.0.30, host: fv-az122-930.eh24crq5omsuteaqbma5cv3ijc.phxx.internal.cloudapp.net, ports: [REPLICATION=38503, RATIS=37523, RATIS_ADMIN=37523, RATIS_SERVER=37523, STANDALONE=45215], networkLocation: /default-rack, certSerialId: null, persistedOpState: IN_SERVICE, persistedOpStateExpiryEpochSec: 0}2fee1640-d3c9-493e-8933-b41673c21aaf{ip: 10.1.0.30, host: fv-az122-930.eh24crq5omsuteaqbma5cv3ijc.phxx.internal.cloudapp.net, ports: [REPLICATION=40513, RATIS=36361, RATIS_ADMIN=36361, RATIS_SERVER=36361, STANDALONE=39083], networkLocation: /default-rack, certSerialId: null, persistedOpState: IN_SERVICE, persistedOpStateExpiryEpochSec: 0}, ReplicationConfig: RATIS/THREE, State:ALLOCATED, leaderId:, CreationTimestamp2022-05-24T20:48:35.779Z[Etc/UTC]].
2022-05-24 20:48:35,781 [RatisPipelineUtilsThread - 0] INFO  pipeline.RatisPipelineProvider (RatisPipelineProvider.java:lambda$create$0(195)) - Sending CreatePipelineCommand for pipeline:PipelineID=c4f32d63-29ce-4900-8b2e-a66bb8458387 to datanode:9fafcebc-4ec8-4b2f-921e-361fad102aa9
2022-05-24 20:48:35,781 [RatisPipelineUtilsThread - 0] INFO  pipeline.RatisPipelineProvider (RatisPipelineProvider.java:lambda$create$0(195)) - Sending CreatePipelineCommand for pipeline:PipelineID=c4f32d63-29ce-4900-8b2e-a66bb8458387 to datanode:2fee1640-d3c9-493e-8933-b41673c21aaf
2022-05-24 20:48:35,781 [RatisPipelineUtilsThread - 0] INFO  pipeline.RatisPipelineProvider (RatisPipelineProvider.java:lambda$create$0(195)) - Sending CreatePipelineCommand for pipeline:PipelineID=c4f32d63-29ce-4900-8b2e-a66bb8458387 to datanode:01e7dfcd-082b-401a-ab9e-a677cf0851a6
2022-05-24 20:48:35,782 [RatisPipelineUtilsThread - 0] INFO  pipeline.PipelineStateManagerImpl (PipelineStateManagerImpl.java:addPipeline(101)) - Created pipeline Pipeline[ Id: c4f32d63-29ce-4900-8b2e-a66bb8458387, Nodes: 9fafcebc-4ec8-4b2f-921e-361fad102aa9{ip: 10.1.0.30, host: fv-az122-930.eh24crq5omsuteaqbma5cv3ijc.phxx.internal.cloudapp.net, ports: [REPLICATION=38503, RATIS=37523, RATIS_ADMIN=37523, RATIS_SERVER=37523, STANDALONE=45215], networkLocation: /default-rack, certSerialId: null, persistedOpState: IN_SERVICE, persistedOpStateExpiryEpochSec: 0}2fee1640-d3c9-493e-8933-b41673c21aaf{ip: 10.1.0.30, host: fv-az122-930.eh24crq5omsuteaqbma5cv3ijc.phxx.internal.cloudapp.net, ports: [REPLICATION=40513, RATIS=36361, RATIS_ADMIN=36361, RATIS_SERVER=36361, STANDALONE=39083], networkLocation: /default-rack, certSerialId: null, persistedOpState: IN_SERVICE, persistedOpStateExpiryEpochSec: 0}01e7dfcd-082b-401a-ab9e-a677cf0851a6{ip: 10.1.0.30, host: fv-az122-930.eh24crq5omsuteaqbma5cv3ijc.phxx.internal.cloudapp.net, ports: [REPLICATION=39053, RATIS=34373, RATIS_ADMIN=34373, RATIS_SERVER=34373, STANDALONE=39291], networkLocation: /default-rack, certSerialId: null, persistedOpState: IN_SERVICE, persistedOpStateExpiryEpochSec: 0}, ReplicationConfig: RATIS/THREE, State:ALLOCATED, leaderId:, CreationTimestamp2022-05-24T20:48:35.781Z[Etc/UTC]].
2022-05-24 20:48:35,782 [RatisPipelineUtilsThread - 0] INFO  pipeline.PipelineManagerImpl (PipelineManagerImpl.java:recordMetricsForPipeline(695)) - Pipeline: PipelineID=c4f32d63-29ce-4900-8b2e-a66bb8458387 contains same datanodes as previous pipelines: PipelineID=1fc04178-28da-406c-81f9-0b1fb73f6ff2 nodeIds: 9fafcebc-4ec8-4b2f-921e-361fad102aa9, 2fee1640-d3c9-493e-8933-b41673c21aaf, 01e7dfcd-082b-401a-ab9e-a677cf0851a6
2022-05-24 20:48:36,074 [Listener at 127.0.0.1/44485] INFO  ozone.MiniOzoneClusterImpl (MiniOzoneClusterImpl.java:lambda$waitForClusterToBeReady$0(221)) - Waiting for nodes to be ready. Got 3 of 10 DN Heartbeats.
2022-05-24 20:48:36,075 [Listener at 127.0.0.1/44485] INFO  ozone.MiniOzoneClusterImpl (MiniOzoneClusterImpl.java:lambda$waitForClusterToBeReady$0(224)) - Waiting for cluster to exit safe mode
2022-05-24 20:48:36,075 [Listener at 127.0.0.1/44485] INFO  ozone.MiniOzoneClusterImpl (MiniOzoneClusterImpl.java:lambda$waitForClusterToBeReady$0(226)) - SCM became leader
2022-05-24 20:48:36,084 [EndpointStateMachine task thread for /0.0.0.0:44329 - 0 ] INFO  ozoneimpl.OzoneContainer (OzoneContainer.java:start(335)) - Attempting to start container services.
2022-05-24 20:48:36,084 [EndpointStateMachine task thread for /0.0.0.0:44329 - 0 ] INFO  ozoneimpl.OzoneContainer (OzoneContainer.java:startContainerScrub(270)) - Background container scanner has been disabled.
2022-05-24 20:48:36,085 [EndpointStateMachine task thread for /0.0.0.0:44329 - 0 ] INFO  replication.ReplicationServer (ReplicationServer.java:start(111)) - ReplicationServer is started using port 43881
2022-05-24 20:48:36,085 [EndpointStateMachine task thread for /0.0.0.0:44329 - 0 ] INFO  ratis.XceiverServerRatis (XceiverServerRatis.java:start(481)) - Starting XceiverServerRatis 96b502b3-baca-4757-9843-c23b848e6fef
2022-05-24 20:48:36,086 [EndpointStateMachine task thread for /0.0.0.0:44329 - 0 ] INFO  server.RaftServer (RaftServerProxy.java:lambda$start$6(382)) - 96b502b3-baca-4757-9843-c23b848e6fef: start RPC server
2022-05-24 20:48:36,087 [EndpointStateMachine task thread for /0.0.0.0:44329 - 0 ] INFO  server.GrpcService (GrpcService.java:startImpl(260)) - 96b502b3-baca-4757-9843-c23b848e6fef: GrpcService started, listening on 43169
2022-05-24 20:48:36,087 [EndpointStateMachine task thread for /0.0.0.0:44329 - 0 ] INFO  ratis.XceiverServerRatis (XceiverServerRatis.java:getRealPort(502)) - XceiverServerRatis 96b502b3-baca-4757-9843-c23b848e6fef is started using port 43169 for RATIS
2022-05-24 20:48:36,087 [org.apache.ratis.util.JvmPauseMonitor$$Lambda$687/217467501@1274f28c] INFO  util.JvmPauseMonitor (JvmPauseMonitor.java:run(103)) - JvmPauseMonitor-96b502b3-baca-4757-9843-c23b848e6fef: Started
2022-05-24 20:48:36,087 [EndpointStateMachine task thread for /0.0.0.0:44329 - 0 ] INFO  ratis.XceiverServerRatis (XceiverServerRatis.java:getRealPort(502)) - XceiverServerRatis 96b502b3-baca-4757-9843-c23b848e6fef is started using port 43169 for RATIS_ADMIN
2022-05-24 20:48:36,087 [EndpointStateMachine task thread for /0.0.0.0:44329 - 0 ] INFO  ratis.XceiverServerRatis (XceiverServerRatis.java:getRealPort(502)) - XceiverServerRatis 96b502b3-baca-4757-9843-c23b848e6fef is started using port 43169 for RATIS_SERVER
2022-05-24 20:48:36,088 [EndpointStateMachine task thread for /0.0.0.0:44329 - 0 ] INFO  server.XceiverServerGrpc (XceiverServerGrpc.java:start(180)) - XceiverServerGrpc 96b502b3-baca-4757-9843-c23b848e6fef is started using port 35809
2022-05-24 20:48:36,103 [IPC Server handler 14 on default port 44329] INFO  net.NetworkTopologyImpl (NetworkTopologyImpl.java:add(112)) - Added a new node: /default-rack/a6e30353-377f-4b2f-bee2-e66a44f5bcb3
2022-05-24 20:48:36,104 [IPC Server handler 14 on default port 44329] INFO  node.SCMNodeManager (SCMNodeManager.java:register(393)) - Registered Data node : a6e30353-377f-4b2f-bee2-e66a44f5bcb3{ip: 10.1.0.30, host: fv-az122-930.eh24crq5omsuteaqbma5cv3ijc.phxx.internal.cloudapp.net, ports: [REPLICATION=37935, RATIS=42857, RATIS_ADMIN=42857, RATIS_SERVER=42857, STANDALONE=38041], networkLocation: /default-rack, certSerialId: null, persistedOpState: null, persistedOpStateExpiryEpochSec: 0}
2022-05-24 20:48:36,104 [EventQueue-NewNodeForNewNodeHandler] INFO  pipeline.BackgroundPipelineCreator (BackgroundPipelineCreator.java:notifyEventTriggered(272)) - trigger a one-shot run on RatisPipelineUtilsThread.
2022-05-24 20:48:36,104 [RatisPipelineUtilsThread - 0] INFO  pipeline.RatisPipelineProvider (RatisPipelineProvider.java:lambda$create$0(195)) - Sending CreatePipelineCommand for pipeline:PipelineID=9047fb56-f092-4a2f-8fb5-3832acf7f115 to datanode:a6e30353-377f-4b2f-bee2-e66a44f5bcb3
2022-05-24 20:48:36,105 [RatisPipelineUtilsThread - 0] INFO  pipeline.PipelineStateManagerImpl (PipelineStateManagerImpl.java:addPipeline(101)) - Created pipeline Pipeline[ Id: 9047fb56-f092-4a2f-8fb5-3832acf7f115, Nodes: a6e30353-377f-4b2f-bee2-e66a44f5bcb3{ip: 10.1.0.30, host: fv-az122-930.eh24crq5omsuteaqbma5cv3ijc.phxx.internal.cloudapp.net, ports: [REPLICATION=37935, RATIS=42857, RATIS_ADMIN=42857, RATIS_SERVER=42857, STANDALONE=38041], networkLocation: /default-rack, certSerialId: null, persistedOpState: IN_SERVICE, persistedOpStateExpiryEpochSec: 0}, ReplicationConfig: RATIS/ONE, State:ALLOCATED, leaderId:, CreationTimestamp2022-05-24T20:48:36.104Z[Etc/UTC]].
2022-05-24 20:48:36,397 [IPC Server handler 12 on default port 44329] INFO  net.NetworkTopologyImpl (NetworkTopologyImpl.java:add(112)) - Added a new node: /default-rack/cdeff73f-0c88-4976-9d3a-8f87b3ebca92
2022-05-24 20:48:36,397 [IPC Server handler 12 on default port 44329] INFO  node.SCMNodeManager (SCMNodeManager.java:register(393)) - Registered Data node : cdeff73f-0c88-4976-9d3a-8f87b3ebca92{ip: 10.1.0.30, host: fv-az122-930.eh24crq5omsuteaqbma5cv3ijc.phxx.internal.cloudapp.net, ports: [REPLICATION=42185, RATIS=44465, RATIS_ADMIN=44465, RATIS_SERVER=44465, STANDALONE=42789], networkLocation: /default-rack, certSerialId: null, persistedOpState: null, persistedOpStateExpiryEpochSec: 0}
2022-05-24 20:48:36,398 [EventQueue-NewNodeForNewNodeHandler] INFO  pipeline.BackgroundPipelineCreator (BackgroundPipelineCreator.java:notifyEventTriggered(272)) - trigger a one-shot run on RatisPipelineUtilsThread.
2022-05-24 20:48:36,400 [RatisPipelineUtilsThread - 0] INFO  pipeline.RatisPipelineProvider (RatisPipelineProvider.java:lambda$create$0(195)) - Sending CreatePipelineCommand for pipeline:PipelineID=d459a9d5-efba-4b13-a11e-7840fb39003e to datanode:cdeff73f-0c88-4976-9d3a-8f87b3ebca92
2022-05-24 20:48:36,400 [RatisPipelineUtilsThread - 0] INFO  pipeline.PipelineStateManagerImpl (PipelineStateManagerImpl.java:addPipeline(101)) - Created pipeline Pipeline[ Id: d459a9d5-efba-4b13-a11e-7840fb39003e, Nodes: cdeff73f-0c88-4976-9d3a-8f87b3ebca92{ip: 10.1.0.30, host: fv-az122-930.eh24crq5omsuteaqbma5cv3ijc.phxx.internal.cloudapp.net, ports: [REPLICATION=42185, RATIS=44465, RATIS_ADMIN=44465, RATIS_SERVER=44465, STANDALONE=42789], networkLocation: /default-rack, certSerialId: null, persistedOpState: IN_SERVICE, persistedOpStateExpiryEpochSec: 0}, ReplicationConfig: RATIS/ONE, State:ALLOCATED, leaderId:, CreationTimestamp2022-05-24T20:48:36.400Z[Etc/UTC]].
2022-05-24 20:48:36,692 [IPC Server handler 19 on default port 44329] INFO  net.NetworkTopologyImpl (NetworkTopologyImpl.java:add(112)) - Added a new node: /default-rack/51ab8667-e0eb-4b1b-8092-cca2eecc2449
2022-05-24 20:48:36,692 [IPC Server handler 19 on default port 44329] INFO  node.SCMNodeManager (SCMNodeManager.java:register(393)) - Registered Data node : 51ab8667-e0eb-4b1b-8092-cca2eecc2449{ip: 10.1.0.30, host: fv-az122-930.eh24crq5omsuteaqbma5cv3ijc.phxx.internal.cloudapp.net, ports: [REPLICATION=34887, RATIS=46251, RATIS_ADMIN=46251, RATIS_SERVER=46251, STANDALONE=34069], networkLocation: /default-rack, certSerialId: null, persistedOpState: null, persistedOpStateExpiryEpochSec: 0}
2022-05-24 20:48:36,692 [EventQueue-NewNodeForNewNodeHandler] INFO  pipeline.BackgroundPipelineCreator (BackgroundPipelineCreator.java:notifyEventTriggered(272)) - trigger a one-shot run on RatisPipelineUtilsThread.
2022-05-24 20:48:36,694 [RatisPipelineUtilsThread - 0] INFO  pipeline.RatisPipelineProvider (RatisPipelineProvider.java:lambda$create$0(195)) - Sending CreatePipelineCommand for pipeline:PipelineID=e6ac303e-accb-406f-a4ea-ec6bd6b41a18 to datanode:51ab8667-e0eb-4b1b-8092-cca2eecc2449
2022-05-24 20:48:36,694 [RatisPipelineUtilsThread - 0] INFO  pipeline.PipelineStateManagerImpl (PipelineStateManagerImpl.java:addPipeline(101)) - Created pipeline Pipeline[ Id: e6ac303e-accb-406f-a4ea-ec6bd6b41a18, Nodes: 51ab8667-e0eb-4b1b-8092-cca2eecc2449{ip: 10.1.0.30, host: fv-az122-930.eh24crq5omsuteaqbma5cv3ijc.phxx.internal.cloudapp.net, ports: [REPLICATION=34887, RATIS=46251, RATIS_ADMIN=46251, RATIS_SERVER=46251, STANDALONE=34069], networkLocation: /default-rack, certSerialId: null, persistedOpState: IN_SERVICE, persistedOpStateExpiryEpochSec: 0}, ReplicationConfig: RATIS/ONE, State:ALLOCATED, leaderId:, CreationTimestamp2022-05-24T20:48:36.694Z[Etc/UTC]].
2022-05-24 20:48:36,695 [RatisPipelineUtilsThread - 0] INFO  pipeline.RatisPipelineProvider (RatisPipelineProvider.java:lambda$create$0(195)) - Sending CreatePipelineCommand for pipeline:PipelineID=a3fd9ac4-c757-4004-ba86-8b8b16ad1824 to datanode:cdeff73f-0c88-4976-9d3a-8f87b3ebca92
2022-05-24 20:48:36,695 [RatisPipelineUtilsThread - 0] INFO  pipeline.RatisPipelineProvider (RatisPipelineProvider.java:lambda$create$0(195)) - Sending CreatePipelineCommand for pipeline:PipelineID=a3fd9ac4-c757-4004-ba86-8b8b16ad1824 to datanode:51ab8667-e0eb-4b1b-8092-cca2eecc2449
2022-05-24 20:48:36,695 [RatisPipelineUtilsThread - 0] INFO  pipeline.RatisPipelineProvider (RatisPipelineProvider.java:lambda$create$0(195)) - Sending CreatePipelineCommand for pipeline:PipelineID=a3fd9ac4-c757-4004-ba86-8b8b16ad1824 to datanode:a6e30353-377f-4b2f-bee2-e66a44f5bcb3
2022-05-24 20:48:36,696 [RatisPipelineUtilsThread - 0] INFO  pipeline.PipelineStateManagerImpl (PipelineStateManagerImpl.java:addPipeline(101)) - Created pipeline Pipeline[ Id: a3fd9ac4-c757-4004-ba86-8b8b16ad1824, Nodes: cdeff73f-0c88-4976-9d3a-8f87b3ebca92{ip: 10.1.0.30, host: fv-az122-930.eh24crq5omsuteaqbma5cv3ijc.phxx.internal.cloudapp.net, ports: [REPLICATION=42185, RATIS=44465, RATIS_ADMIN=44465, RATIS_SERVER=44465, STANDALONE=42789], networkLocation: /default-rack, certSerialId: null, persistedOpState: IN_SERVICE, persistedOpStateExpiryEpochSec: 0}51ab8667-e0eb-4b1b-8092-cca2eecc2449{ip: 10.1.0.30, host: fv-az122-930.eh24crq5omsuteaqbma5cv3ijc.phxx.internal.cloudapp.net, ports: [REPLICATION=34887, RATIS=46251, RATIS_ADMIN=46251, RATIS_SERVER=46251, STANDALONE=34069], networkLocation: /default-rack, certSerialId: null, persistedOpState: IN_SERVICE, persistedOpStateExpiryEpochSec: 0}a6e30353-377f-4b2f-bee2-e66a44f5bcb3{ip: 10.1.0.30, host: fv-az122-930.eh24crq5omsuteaqbma5cv3ijc.phxx.internal.cloudapp.net, ports: [REPLICATION=37935, RATIS=42857, RATIS_ADMIN=42857, RATIS_SERVER=42857, STANDALONE=38041], networkLocation: /default-rack, certSerialId: null, persistedOpState: IN_SERVICE, persistedOpStateExpiryEpochSec: 0}, ReplicationConfig: RATIS/THREE, State:ALLOCATED, leaderId:, CreationTimestamp2022-05-24T20:48:36.695Z[Etc/UTC]].
2022-05-24 20:48:36,696 [RatisPipelineUtilsThread - 0] INFO  pipeline.RatisPipelineProvider (RatisPipelineProvider.java:lambda$create$0(195)) - Sending CreatePipelineCommand for pipeline:PipelineID=e6558b7e-c259-4dd8-acfc-4feaa70a9a47 to datanode:a6e30353-377f-4b2f-bee2-e66a44f5bcb3
2022-05-24 20:48:36,696 [RatisPipelineUtilsThread - 0] INFO  pipeline.RatisPipelineProvider (RatisPipelineProvider.java:lambda$create$0(195)) - Sending CreatePipelineCommand for pipeline:PipelineID=e6558b7e-c259-4dd8-acfc-4feaa70a9a47 to datanode:51ab8667-e0eb-4b1b-8092-cca2eecc2449
2022-05-24 20:48:36,697 [RatisPipelineUtilsThread - 0] INFO  pipeline.RatisPipelineProvider (RatisPipelineProvider.java:lambda$create$0(195)) - Sending CreatePipelineCommand for pipeline:PipelineID=e6558b7e-c259-4dd8-acfc-4feaa70a9a47 to datanode:cdeff73f-0c88-4976-9d3a-8f87b3ebca92
2022-05-24 20:48:36,697 [RatisPipelineUtilsThread - 0] INFO  pipeline.PipelineStateManagerImpl (PipelineStateManagerImpl.java:addPipeline(101)) - Created pipeline Pipeline[ Id: e6558b7e-c259-4dd8-acfc-4feaa70a9a47, Nodes: a6e30353-377f-4b2f-bee2-e66a44f5bcb3{ip: 10.1.0.30, host: fv-az122-930.eh24crq5omsuteaqbma5cv3ijc.phxx.internal.cloudapp.net, ports: [REPLICATION=37935, RATIS=42857, RATIS_ADMIN=42857, RATIS_SERVER=42857, STANDALONE=38041], networkLocation: /default-rack, certSerialId: null, persistedOpState: IN_SERVICE, persistedOpStateExpiryEpochSec: 0}51ab8667-e0eb-4b1b-8092-cca2eecc2449{ip: 10.1.0.30, host: fv-az122-930.eh24crq5omsuteaqbma5cv3ijc.phxx.internal.cloudapp.net, ports: [REPLICATION=34887, RATIS=46251, RATIS_ADMIN=46251, RATIS_SERVER=46251, STANDALONE=34069], networkLocation: /default-rack, certSerialId: null, persistedOpState: IN_SERVICE, persistedOpStateExpiryEpochSec: 0}cdeff73f-0c88-4976-9d3a-8f87b3ebca92{ip: 10.1.0.30, host: fv-az122-930.eh24crq5omsuteaqbma5cv3ijc.phxx.internal.cloudapp.net, ports: [REPLICATION=42185, RATIS=44465, RATIS_ADMIN=44465, RATIS_SERVER=44465, STANDALONE=42789], networkLocation: /default-rack, certSerialId: null, persistedOpState: IN_SERVICE, persistedOpStateExpiryEpochSec: 0}, ReplicationConfig: RATIS/THREE, State:ALLOCATED, leaderId:, CreationTimestamp2022-05-24T20:48:36.696Z[Etc/UTC]].
2022-05-24 20:48:36,697 [RatisPipelineUtilsThread - 0] INFO  pipeline.PipelineManagerImpl (PipelineManagerImpl.java:recordMetricsForPipeline(695)) - Pipeline: PipelineID=e6558b7e-c259-4dd8-acfc-4feaa70a9a47 contains same datanodes as previous pipelines: PipelineID=a3fd9ac4-c757-4004-ba86-8b8b16ad1824 nodeIds: a6e30353-377f-4b2f-bee2-e66a44f5bcb3, 51ab8667-e0eb-4b1b-8092-cca2eecc2449, cdeff73f-0c88-4976-9d3a-8f87b3ebca92
2022-05-24 20:48:37,053 [IPC Server handler 14 on default port 44329] INFO  net.NetworkTopologyImpl (NetworkTopologyImpl.java:add(112)) - Added a new node: /default-rack/2d640a7f-eabf-4d86-860e-09f863e1ed92
2022-05-24 20:48:37,054 [IPC Server handler 14 on default port 44329] INFO  node.SCMNodeManager (SCMNodeManager.java:register(393)) - Registered Data node : 2d640a7f-eabf-4d86-860e-09f863e1ed92{ip: 10.1.0.30, host: fv-az122-930.eh24crq5omsuteaqbma5cv3ijc.phxx.internal.cloudapp.net, ports: [REPLICATION=35083, RATIS=32775, RATIS_ADMIN=32775, RATIS_SERVER=32775, STANDALONE=41593], networkLocation: /default-rack, certSerialId: null, persistedOpState: null, persistedOpStateExpiryEpochSec: 0}
2022-05-24 20:48:37,055 [EventQueue-NewNodeForNewNodeHandler] INFO  pipeline.BackgroundPipelineCreator (BackgroundPipelineCreator.java:notifyEventTriggered(272)) - trigger a one-shot run on RatisPipelineUtilsThread.
2022-05-24 20:48:37,055 [RatisPipelineUtilsThread - 0] INFO  pipeline.RatisPipelineProvider (RatisPipelineProvider.java:lambda$create$0(195)) - Sending CreatePipelineCommand for pipeline:PipelineID=00f53784-3b99-4455-b2b3-6da54ed0e188 to datanode:2d640a7f-eabf-4d86-860e-09f863e1ed92
2022-05-24 20:48:37,056 [RatisPipelineUtilsThread - 0] INFO  pipeline.PipelineStateManagerImpl (PipelineStateManagerImpl.java:addPipeline(101)) - Created pipeline Pipeline[ Id: 00f53784-3b99-4455-b2b3-6da54ed0e188, Nodes: 2d640a7f-eabf-4d86-860e-09f863e1ed92{ip: 10.1.0.30, host: fv-az122-930.eh24crq5omsuteaqbma5cv3ijc.phxx.internal.cloudapp.net, ports: [REPLICATION=35083, RATIS=32775, RATIS_ADMIN=32775, RATIS_SERVER=32775, STANDALONE=41593], networkLocation: /default-rack, certSerialId: null, persistedOpState: IN_SERVICE, persistedOpStateExpiryEpochSec: 0}, ReplicationConfig: RATIS/ONE, State:ALLOCATED, leaderId:, CreationTimestamp2022-05-24T20:48:37.055Z[Etc/UTC]].
2022-05-24 20:48:37,075 [Listener at 127.0.0.1/44485] INFO  ozone.MiniOzoneClusterImpl (MiniOzoneClusterImpl.java:lambda$waitForClusterToBeReady$0(221)) - Waiting for nodes to be ready. Got 7 of 10 DN Heartbeats.
2022-05-24 20:48:37,075 [Listener at 127.0.0.1/44485] INFO  ozone.MiniOzoneClusterImpl (MiniOzoneClusterImpl.java:lambda$waitForClusterToBeReady$0(224)) - Waiting for cluster to exit safe mode
2022-05-24 20:48:37,076 [Listener at 127.0.0.1/44485] INFO  ozone.MiniOzoneClusterImpl (MiniOzoneClusterImpl.java:lambda$waitForClusterToBeReady$0(226)) - SCM became leader
2022-05-24 20:48:37,463 [IPC Server handler 13 on default port 44329] INFO  net.NetworkTopologyImpl (NetworkTopologyImpl.java:add(112)) - Added a new node: /default-rack/bb19d869-0de0-4670-950d-961bc103e91c
2022-05-24 20:48:37,463 [IPC Server handler 13 on default port 44329] INFO  node.SCMNodeManager (SCMNodeManager.java:register(393)) - Registered Data node : bb19d869-0de0-4670-950d-961bc103e91c{ip: 10.1.0.30, host: fv-az122-930.eh24crq5omsuteaqbma5cv3ijc.phxx.internal.cloudapp.net, ports: [REPLICATION=40213, RATIS=46641, RATIS_ADMIN=46641, RATIS_SERVER=46641, STANDALONE=35483], networkLocation: /default-rack, certSerialId: null, persistedOpState: null, persistedOpStateExpiryEpochSec: 0}
2022-05-24 20:48:37,463 [EventQueue-NewNodeForNewNodeHandler] INFO  pipeline.BackgroundPipelineCreator (BackgroundPipelineCreator.java:notifyEventTriggered(272)) - trigger a one-shot run on RatisPipelineUtilsThread.
2022-05-24 20:48:37,464 [RatisPipelineUtilsThread - 0] INFO  pipeline.RatisPipelineProvider (RatisPipelineProvider.java:lambda$create$0(195)) - Sending CreatePipelineCommand for pipeline:PipelineID=94f53636-520b-47cc-958c-ad1c2ef34614 to datanode:bb19d869-0de0-4670-950d-961bc103e91c
2022-05-24 20:48:37,464 [RatisPipelineUtilsThread - 0] INFO  pipeline.PipelineStateManagerImpl (PipelineStateManagerImpl.java:addPipeline(101)) - Created pipeline Pipeline[ Id: 94f53636-520b-47cc-958c-ad1c2ef34614, Nodes: bb19d869-0de0-4670-950d-961bc103e91c{ip: 10.1.0.30, host: fv-az122-930.eh24crq5omsuteaqbma5cv3ijc.phxx.internal.cloudapp.net, ports: [REPLICATION=40213, RATIS=46641, RATIS_ADMIN=46641, RATIS_SERVER=46641, STANDALONE=35483], networkLocation: /default-rack, certSerialId: null, persistedOpState: IN_SERVICE, persistedOpStateExpiryEpochSec: 0}, ReplicationConfig: RATIS/ONE, State:ALLOCATED, leaderId:, CreationTimestamp2022-05-24T20:48:37.464Z[Etc/UTC]].
2022-05-24 20:48:37,754 [IPC Server handler 18 on default port 44329] INFO  net.NetworkTopologyImpl (NetworkTopologyImpl.java:add(112)) - Added a new node: /default-rack/6698ee5e-a134-4bdd-b88e-32be83df5062
2022-05-24 20:48:37,754 [IPC Server handler 18 on default port 44329] INFO  node.SCMNodeManager (SCMNodeManager.java:register(393)) - Registered Data node : 6698ee5e-a134-4bdd-b88e-32be83df5062{ip: 10.1.0.30, host: fv-az122-930.eh24crq5omsuteaqbma5cv3ijc.phxx.internal.cloudapp.net, ports: [REPLICATION=39233, RATIS=36573, RATIS_ADMIN=36573, RATIS_SERVER=36573, STANDALONE=35225], networkLocation: /default-rack, certSerialId: null, persistedOpState: null, persistedOpStateExpiryEpochSec: 0}
2022-05-24 20:48:37,755 [EventQueue-NewNodeForNewNodeHandler] INFO  pipeline.BackgroundPipelineCreator (BackgroundPipelineCreator.java:notifyEventTriggered(272)) - trigger a one-shot run on RatisPipelineUtilsThread.
2022-05-24 20:48:37,760 [RatisPipelineUtilsThread - 0] INFO  pipeline.RatisPipelineProvider (RatisPipelineProvider.java:lambda$create$0(195)) - Sending CreatePipelineCommand for pipeline:PipelineID=b350c68d-8b78-4c10-a6d5-7fbfcc078974 to datanode:6698ee5e-a134-4bdd-b88e-32be83df5062
2022-05-24 20:48:37,760 [RatisPipelineUtilsThread - 0] INFO  pipeline.PipelineStateManagerImpl (PipelineStateManagerImpl.java:addPipeline(101)) - Created pipeline Pipeline[ Id: b350c68d-8b78-4c10-a6d5-7fbfcc078974, Nodes: 6698ee5e-a134-4bdd-b88e-32be83df5062{ip: 10.1.0.30, host: fv-az122-930.eh24crq5omsuteaqbma5cv3ijc.phxx.internal.cloudapp.net, ports: [REPLICATION=39233, RATIS=36573, RATIS_ADMIN=36573, RATIS_SERVER=36573, STANDALONE=35225], networkLocation: /default-rack, certSerialId: null, persistedOpState: IN_SERVICE, persistedOpStateExpiryEpochSec: 0}, ReplicationConfig: RATIS/ONE, State:ALLOCATED, leaderId:, CreationTimestamp2022-05-24T20:48:37.760Z[Etc/UTC]].
2022-05-24 20:48:37,761 [RatisPipelineUtilsThread - 0] INFO  pipeline.RatisPipelineProvider (RatisPipelineProvider.java:lambda$create$0(195)) - Sending CreatePipelineCommand for pipeline:PipelineID=cfa6065d-75c2-438e-9eec-461fa6adec6a to datanode:2d640a7f-eabf-4d86-860e-09f863e1ed92
2022-05-24 20:48:37,761 [RatisPipelineUtilsThread - 0] INFO  pipeline.RatisPipelineProvider (RatisPipelineProvider.java:lambda$create$0(195)) - Sending CreatePipelineCommand for pipeline:PipelineID=cfa6065d-75c2-438e-9eec-461fa6adec6a to datanode:bb19d869-0de0-4670-950d-961bc103e91c
2022-05-24 20:48:37,761 [RatisPipelineUtilsThread - 0] INFO  pipeline.RatisPipelineProvider (RatisPipelineProvider.java:lambda$create$0(195)) - Sending CreatePipelineCommand for pipeline:PipelineID=cfa6065d-75c2-438e-9eec-461fa6adec6a to datanode:6698ee5e-a134-4bdd-b88e-32be83df5062
2022-05-24 20:48:37,762 [RatisPipelineUtilsThread - 0] INFO  pipeline.PipelineStateManagerImpl (PipelineStateManagerImpl.java:addPipeline(101)) - Created pipeline Pipeline[ Id: cfa6065d-75c2-438e-9eec-461fa6adec6a, Nodes: 2d640a7f-eabf-4d86-860e-09f863e1ed92{ip: 10.1.0.30, host: fv-az122-930.eh24crq5omsuteaqbma5cv3ijc.phxx.internal.cloudapp.net, ports: [REPLICATION=35083, RATIS=32775, RATIS_ADMIN=32775, RATIS_SERVER=32775, STANDALONE=41593], networkLocation: /default-rack, certSerialId: null, persistedOpState: IN_SERVICE, persistedOpStateExpiryEpochSec: 0}bb19d869-0de0-4670-950d-961bc103e91c{ip: 10.1.0.30, host: fv-az122-930.eh24crq5omsuteaqbma5cv3ijc.phxx.internal.cloudapp.net, ports: [REPLICATION=40213, RATIS=46641, RATIS_ADMIN=46641, RATIS_SERVER=46641, STANDALONE=35483], networkLocation: /default-rack, certSerialId: null, persistedOpState: IN_SERVICE, persistedOpStateExpiryEpochSec: 0}6698ee5e-a134-4bdd-b88e-32be83df5062{ip: 10.1.0.30, host: fv-az122-930.eh24crq5omsuteaqbma5cv3ijc.phxx.internal.cloudapp.net, ports: [REPLICATION=39233, RATIS=36573, RATIS_ADMIN=36573, RATIS_SERVER=36573, STANDALONE=35225], networkLocation: /default-rack, certSerialId: null, persistedOpState: IN_SERVICE, persistedOpStateExpiryEpochSec: 0}, ReplicationConfig: RATIS/THREE, State:ALLOCATED, leaderId:, CreationTimestamp2022-05-24T20:48:37.761Z[Etc/UTC]].
2022-05-24 20:48:37,762 [RatisPipelineUtilsThread - 0] INFO  pipeline.RatisPipelineProvider (RatisPipelineProvider.java:lambda$create$0(195)) - Sending CreatePipelineCommand for pipeline:PipelineID=85d6c947-d5a2-4f3a-9931-463fc4b4c26a to datanode:bb19d869-0de0-4670-950d-961bc103e91c
2022-05-24 20:48:37,762 [RatisPipelineUtilsThread - 0] INFO  pipeline.RatisPipelineProvider (RatisPipelineProvider.java:lambda$create$0(195)) - Sending CreatePipelineCommand for pipeline:PipelineID=85d6c947-d5a2-4f3a-9931-463fc4b4c26a to datanode:2d640a7f-eabf-4d86-860e-09f863e1ed92
2022-05-24 20:48:37,763 [RatisPipelineUtilsThread - 0] INFO  pipeline.RatisPipelineProvider (RatisPipelineProvider.java:lambda$create$0(195)) - Sending CreatePipelineCommand for pipeline:PipelineID=85d6c947-d5a2-4f3a-9931-463fc4b4c26a to datanode:6698ee5e-a134-4bdd-b88e-32be83df5062
2022-05-24 20:48:37,763 [RatisPipelineUtilsThread - 0] INFO  pipeline.PipelineStateManagerImpl (PipelineStateManagerImpl.java:addPipeline(101)) - Created pipeline Pipeline[ Id: 85d6c947-d5a2-4f3a-9931-463fc4b4c26a, Nodes: bb19d869-0de0-4670-950d-961bc103e91c{ip: 10.1.0.30, host: fv-az122-930.eh24crq5omsuteaqbma5cv3ijc.phxx.internal.cloudapp.net, ports: [REPLICATION=40213, RATIS=46641, RATIS_ADMIN=46641, RATIS_SERVER=46641, STANDALONE=35483], networkLocation: /default-rack, certSerialId: null, persistedOpState: IN_SERVICE, persistedOpStateExpiryEpochSec: 0}2d640a7f-eabf-4d86-860e-09f863e1ed92{ip: 10.1.0.30, host: fv-az122-930.eh24crq5omsuteaqbma5cv3ijc.phxx.internal.cloudapp.net, ports: [REPLICATION=35083, RATIS=32775, RATIS_ADMIN=32775, RATIS_SERVER=32775, STANDALONE=41593], networkLocation: /default-rack, certSerialId: null, persistedOpState: IN_SERVICE, persistedOpStateExpiryEpochSec: 0}6698ee5e-a134-4bdd-b88e-32be83df5062{ip: 10.1.0.30, host: fv-az122-930.eh24crq5omsuteaqbma5cv3ijc.phxx.internal.cloudapp.net, ports: [REPLICATION=39233, RATIS=36573, RATIS_ADMIN=36573, RATIS_SERVER=36573, STANDALONE=35225], networkLocation: /default-rack, certSerialId: null, persistedOpState: IN_SERVICE, persistedOpStateExpiryEpochSec: 0}, ReplicationConfig: RATIS/THREE, State:ALLOCATED, leaderId:, CreationTimestamp2022-05-24T20:48:37.762Z[Etc/UTC]].
2022-05-24 20:48:37,763 [RatisPipelineUtilsThread - 0] INFO  pipeline.PipelineManagerImpl (PipelineManagerImpl.java:recordMetricsForPipeline(695)) - Pipeline: PipelineID=85d6c947-d5a2-4f3a-9931-463fc4b4c26a contains same datanodes as previous pipelines: PipelineID=cfa6065d-75c2-438e-9eec-461fa6adec6a nodeIds: bb19d869-0de0-4670-950d-961bc103e91c, 2d640a7f-eabf-4d86-860e-09f863e1ed92, 6698ee5e-a134-4bdd-b88e-32be83df5062
2022-05-24 20:48:37,955 [Command processor thread] INFO  server.RaftServer (RaftServerProxy.java:addNew(96)) - 9fafcebc-4ec8-4b2f-921e-361fad102aa9: addNew group-78C6B551D3EF:[9fafcebc-4ec8-4b2f-921e-361fad102aa9|rpc:10.1.0.30:37523|priority:1] returns group-78C6B551D3EF:java.util.concurrent.CompletableFuture@7429080d[Not completed]
2022-05-24 20:48:37,964 [pool-68-thread-1] INFO  server.RaftServer$Division (RaftServerImpl.java:<init>(190)) - 9fafcebc-4ec8-4b2f-921e-361fad102aa9: new RaftServerImpl for group-78C6B551D3EF:[9fafcebc-4ec8-4b2f-921e-361fad102aa9|rpc:10.1.0.30:37523|priority:1] with ContainerStateMachine:uninitialized
2022-05-24 20:48:37,964 [pool-68-thread-1] INFO  server.RaftServerConfigKeys (ConfUtils.java:logGet(46)) - raft.server.rpc.timeout.min = 5s (custom)
2022-05-24 20:48:37,964 [pool-68-thread-1] INFO  server.RaftServerConfigKeys (ConfUtils.java:logGet(46)) - raft.server.rpc.timeout.max = 5200ms (custom)
2022-05-24 20:48:37,964 [pool-68-thread-1] INFO  server.RaftServerConfigKeys (ConfUtils.java:logGet(46)) - raft.server.rpc.sleep.time = 25ms (default)
2022-05-24 20:48:37,964 [pool-68-thread-1] INFO  server.RaftServerConfigKeys (ConfUtils.java:logGet(46)) - raft.server.rpc.slowness.timeout = 300s (custom)
2022-05-24 20:48:37,964 [pool-68-thread-1] INFO  server.RaftServerConfigKeys (ConfUtils.java:logGet(46)) - raft.server.leaderelection.leader.step-down.wait-time = 10s (default)
2022-05-24 20:48:37,964 [pool-68-thread-1] INFO  server.RaftServerConfigKeys (ConfUtils.java:logGet(46)) - raft.server.sleep.deviation.threshold = 300ms (default)
2022-05-24 20:48:37,964 [pool-68-thread-1] INFO  server.RaftServer$Division (ServerState.java:<init>(107)) - 9fafcebc-4ec8-4b2f-921e-361fad102aa9@group-78C6B551D3EF: ConfigurationManager, init=-1: [9fafcebc-4ec8-4b2f-921e-361fad102aa9|rpc:10.1.0.30:37523|priority:1], old=null, confs=<EMPTY_MAP>
2022-05-24 20:48:37,964 [pool-68-thread-1] INFO  server.RaftServerConfigKeys (ConfUtils.java:logGet(46)) - raft.server.storage.dir = [/home/runner/work/ozone/ozone/hadoop-ozone/integration-test/target/test-dir/MiniOzoneClusterImpl-68ae5bae-a44d-4587-ae52-251ec6d3fd1e/datanode-0/data/ratis] (custom)
2022-05-24 20:48:37,964 [pool-68-thread-1] INFO  server.RaftServerConfigKeys (ConfUtils.java:logGet(46)) - raft.server.log.corruption.policy = EXCEPTION (default)
2022-05-24 20:48:37,964 [pool-68-thread-1] INFO  server.RaftServerConfigKeys (ConfUtils.java:logGet(46)) - raft.server.storage.free-space.min = 0MB (=0) (default)
2022-05-24 20:48:37,965 [pool-68-thread-1] INFO  storage.RaftStorageDirectory (RaftStorageDirectoryImpl.java:analyzeStorage(135)) - The storage directory /home/runner/work/ozone/ozone/hadoop-ozone/integration-test/target/test-dir/MiniOzoneClusterImpl-68ae5bae-a44d-4587-ae52-251ec6d3fd1e/datanode-0/data/ratis/5e2f0cf9-eaac-4b07-8c42-78c6b551d3ef does not exist. Creating ...
2022-05-24 20:48:37,967 [pool-68-thread-1] INFO  storage.RaftStorageDirectory (RaftStorageDirectoryImpl.java:tryLock(230)) - Lock on /home/runner/work/ozone/ozone/hadoop-ozone/integration-test/target/test-dir/MiniOzoneClusterImpl-68ae5bae-a44d-4587-ae52-251ec6d3fd1e/datanode-0/data/ratis/5e2f0cf9-eaac-4b07-8c42-78c6b551d3ef/in_use.lock acquired by nodename 28664@fv-az122-930
2022-05-24 20:48:37,968 [pool-68-thread-1] INFO  storage.RaftStorage (RaftStorageImpl.java:format(89)) - Storage directory /home/runner/work/ozone/ozone/hadoop-ozone/integration-test/target/test-dir/MiniOzoneClusterImpl-68ae5bae-a44d-4587-ae52-251ec6d3fd1e/datanode-0/data/ratis/5e2f0cf9-eaac-4b07-8c42-78c6b551d3ef has been successfully formatted.
2022-05-24 20:48:37,972 [pool-68-thread-1] INFO  ratis.ContainerStateMachine (ContainerStateMachine.java:loadSnapshot(236)) - group-78C6B551D3EF: The snapshot info is null. Setting the last applied indexto:(t:0, i:~)
2022-05-24 20:48:37,973 [pool-68-thread-1] INFO  server.RaftServerConfigKeys (ConfUtils.java:logGet(46)) - raft.server.notification.no-leader.timeout = 300s (custom)
2022-05-24 20:48:37,973 [pool-68-thread-1] INFO  server.RaftServerConfigKeys (ConfUtils.java:logGet(46)) - raft.server.log.use.memory = false (default)
2022-05-24 20:48:37,973 [pool-68-thread-1] INFO  server.RaftServerConfigKeys (ConfUtils.java:logGet(46)) - raft.server.log.purge.gap = 1000000 (custom)
2022-05-24 20:48:37,973 [pool-68-thread-1] INFO  server.RaftServerConfigKeys (ConfUtils.java:logGet(46)) - raft.server.log.appender.buffer.byte-limit = 33554432 (custom)
2022-05-24 20:48:37,973 [pool-68-thread-1] INFO  server.RaftServerConfigKeys (ConfUtils.java:logGet(46)) - raft.server.log.statemachine.data.read.timeout = 1000ms (default)
2022-05-24 20:48:37,974 [pool-68-thread-1] INFO  server.RaftServerConfigKeys (ConfUtils.java:logGet(46)) - raft.server.log.segment.size.max = 1048576 (custom)
2022-05-24 20:48:37,985 [EventQueue-PipelineReportForPipelineReportHandler] INFO  pipeline.PipelineManagerImpl (PipelineManagerImpl.java:openPipeline(336)) - Pipeline Pipeline[ Id: 5e2f0cf9-eaac-4b07-8c42-78c6b551d3ef, Nodes: 9fafcebc-4ec8-4b2f-921e-361fad102aa9{ip: 10.1.0.30, host: fv-az122-930.eh24crq5omsuteaqbma5cv3ijc.phxx.internal.cloudapp.net, ports: [REPLICATION=38503, RATIS=37523, RATIS_ADMIN=37523, RATIS_SERVER=37523, STANDALONE=45215], networkLocation: /default-rack, certSerialId: null, persistedOpState: IN_SERVICE, persistedOpStateExpiryEpochSec: 0}, ReplicationConfig: RATIS/ONE, State:ALLOCATED, leaderId:9fafcebc-4ec8-4b2f-921e-361fad102aa9, CreationTimestamp2022-05-24T20:48:34.984Z[Etc/UTC]] moved to OPEN state
2022-05-24 20:48:37,986 [pool-68-thread-1] INFO  server.RaftServerConfigKeys (ConfUtils.java:logGet(46)) - raft.server.log.segment.cache.num.max = 2 (custom)
2022-05-24 20:48:37,986 [pool-68-thread-1] INFO  server.RaftServerConfigKeys (ConfUtils.java:logGet(46)) - raft.server.log.segment.cache.size.max = 200MB (=209715200) (default)
2022-05-24 20:48:37,986 [pool-68-thread-1] INFO  segmented.SegmentedRaftLogWorker (SegmentedRaftLogWorker.java:<init>(187)) - new 9fafcebc-4ec8-4b2f-921e-361fad102aa9@group-78C6B551D3EF-SegmentedRaftLogWorker for RaftStorageImpl:Storage Directory /home/runner/work/ozone/ozone/hadoop-ozone/integration-test/target/test-dir/MiniOzoneClusterImpl-68ae5bae-a44d-4587-ae52-251ec6d3fd1e/datanode-0/data/ratis/5e2f0cf9-eaac-4b07-8c42-78c6b551d3ef
2022-05-24 20:48:37,986 [pool-68-thread-1] INFO  server.RaftServerConfigKeys (ConfUtils.java:logGet(46)) - raft.server.log.queue.byte-limit = 4294967296 (custom)
2022-05-24 20:48:37,986 [pool-68-thread-1] INFO  server.RaftServerConfigKeys (ConfUtils.java:logGet(46)) - raft.server.log.queue.element-limit = 1024 (custom)
2022-05-24 20:48:37,986 [pool-68-thread-1] INFO  server.RaftServerConfigKeys (ConfUtils.java:logGet(46)) - raft.server.log.segment.size.max = 1048576 (custom)
2022-05-24 20:48:37,986 [pool-68-thread-1] INFO  server.RaftServerConfigKeys (ConfUtils.java:logGet(46)) - raft.server.log.preallocated.size = 16384 (custom)
2022-05-24 20:48:37,986 [pool-68-thread-1] INFO  server.RaftServerConfigKeys (ConfUtils.java:logGet(46)) - raft.server.log.force.sync.num = 128 (default)
2022-05-24 20:48:37,987 [pool-68-thread-1] INFO  server.RaftServerConfigKeys (ConfUtils.java:logGet(46)) - raft.server.log.statemachine.data.sync = true (default)
2022-05-24 20:48:37,987 [pool-68-thread-1] INFO  server.RaftServerConfigKeys (ConfUtils.java:logGet(46)) - raft.server.log.statemachine.data.sync.timeout = 10s (default)
2022-05-24 20:48:37,987 [pool-68-thread-1] INFO  server.RaftServerConfigKeys (ConfUtils.java:logGet(46)) - raft.server.log.statemachine.data.sync.timeout.retry = -1 (default)
2022-05-24 20:48:37,989 [pool-68-thread-1] INFO  server.RaftServerConfigKeys (ConfUtils.java:logGet(46)) - raft.server.log.write.buffer.size = 1048576 (custom)
2022-05-24 20:48:37,990 [pool-68-thread-1] INFO  server.RaftServerConfigKeys (ConfUtils.java:logGet(46)) - raft.server.log.unsafe-flush.enabled = false (default)
2022-05-24 20:48:37,990 [pool-68-thread-1] INFO  server.RaftServerConfigKeys (ConfUtils.java:logGet(46)) - raft.server.log.statemachine.data.caching.enabled = true (custom)
2022-05-24 20:48:37,990 [pool-68-thread-1] INFO  segmented.SegmentedRaftLogWorker (SegmentedRaftLogWorker.java:lambda$new$0(135)) - 9fafcebc-4ec8-4b2f-921e-361fad102aa9@group-78C6B551D3EF-SegmentedRaftLogWorker: flushIndex: setUnconditionally 0 -> -1
2022-05-24 20:48:37,990 [pool-68-thread-1] INFO  segmented.SegmentedRaftLogWorker (SegmentedRaftLogWorker.java:lambda$new$0(135)) - 9fafcebc-4ec8-4b2f-921e-361fad102aa9@group-78C6B551D3EF-SegmentedRaftLogWorker: safeCacheEvictIndex: setUnconditionally 0 -> -1
2022-05-24 20:48:37,991 [EventQueue-OpenPipelineForHealthyPipelineSafeModeRule] INFO  safemode.SCMSafeModeManager (HealthyPipelineSafeModeRule.java:process(124)) - SCM in safe mode. Healthy pipelines reported count is 0, required healthy pipeline reported count is 1
2022-05-24 20:48:37,999 [pool-68-thread-1] INFO  server.RaftServerConfigKeys (ConfUtils.java:logGet(46)) - raft.server.snapshot.auto.trigger.enabled = true (custom)
2022-05-24 20:48:38,002 [pool-68-thread-1] INFO  server.RaftServerConfigKeys (ConfUtils.java:logGet(46)) - raft.server.snapshot.auto.trigger.threshold = 10000 (custom)
2022-05-24 20:48:38,002 [pool-68-thread-1] INFO  server.RaftServerConfigKeys (ConfUtils.java:logGet(46)) - raft.server.snapshot.retention.file.num = 5 (custom)
2022-05-24 20:48:38,002 [pool-68-thread-1] INFO  server.RaftServerConfigKeys (ConfUtils.java:logGet(46)) - raft.server.log.purge.upto.snapshot.index = false (default)
2022-05-24 20:48:38,002 [pool-68-thread-1] INFO  server.RaftServerConfigKeys (ConfUtils.java:logGet(46)) - raft.server.retrycache.expirytime = 600000ms (custom)
2022-05-24 20:48:38,002 [pool-68-thread-1] INFO  server.RaftServerConfigKeys (ConfUtils.java:logGet(46)) - raft.server.retrycache.statistics.expirytime = 100μs (default)
2022-05-24 20:48:38,005 [pool-68-thread-1] INFO  server.RaftServerConfigKeys (ConfUtils.java:logGet(46)) - raft.server.log.appender.install.snapshot.enabled = false (custom)
2022-05-24 20:48:38,005 [pool-68-thread-1] INFO  server.RaftServerConfigKeys (ConfUtils.java:logGet(46)) - raft.server.threadpool.server.cached = true (default)
2022-05-24 20:48:38,005 [pool-68-thread-1] INFO  server.RaftServerConfigKeys (ConfUtils.java:logGet(46)) - raft.server.threadpool.server.size = 0 (default)
2022-05-24 20:48:38,005 [pool-68-thread-1] INFO  server.RaftServerConfigKeys (ConfUtils.java:logGet(46)) - raft.server.threadpool.client.cached = true (default)
2022-05-24 20:48:38,005 [pool-68-thread-1] INFO  server.RaftServerConfigKeys (ConfUtils.java:logGet(46)) - raft.server.threadpool.client.size = 0 (default)
2022-05-24 20:48:38,005 [pool-68-thread-1] INFO  server.RaftServer$Division (RaftServerImpl.java:start(310)) - 9fafcebc-4ec8-4b2f-921e-361fad102aa9@group-78C6B551D3EF: start as a follower, conf=-1: [9fafcebc-4ec8-4b2f-921e-361fad102aa9|rpc:10.1.0.30:37523|priority:1], old=null
2022-05-24 20:48:38,006 [pool-68-thread-1] INFO  server.RaftServer$Division (RaftServerImpl.java:setRole(299)) - 9fafcebc-4ec8-4b2f-921e-361fad102aa9@group-78C6B551D3EF: changes role from      null to FOLLOWER at term 0 for startAsFollower
2022-05-24 20:48:38,006 [pool-68-thread-1] INFO  impl.RoleInfo (RoleInfo.java:updateAndGet(139)) - 9fafcebc-4ec8-4b2f-921e-361fad102aa9: start 9fafcebc-4ec8-4b2f-921e-361fad102aa9@group-78C6B551D3EF-FollowerState
2022-05-24 20:48:38,007 [pool-68-thread-1] INFO  util.JmxRegister (JmxRegister.java:tryRegister(44)) - Successfully registered JMX Bean with object name Ratis:service=RaftServer,group=group-78C6B551D3EF,id=9fafcebc-4ec8-4b2f-921e-361fad102aa9
2022-05-24 20:48:38,018 [Command processor thread] INFO  ratis.XceiverServerRatis (XceiverServerRatis.java:addGroup(765)) - Created group PipelineID=5e2f0cf9-eaac-4b07-8c42-78c6b551d3ef
2022-05-24 20:48:38,019 [Command processor thread] INFO  commandhandler.CreatePipelineCommandHandler (CreatePipelineCommandHandler.java:handle(113)) - Created Pipeline RATIS ONE PipelineID=5e2f0cf9-eaac-4b07-8c42-78c6b551d3ef.
2022-05-24 20:48:38,019 [Command processor thread] INFO  server.RaftServer (RaftServerProxy.java:addNew(96)) - 9fafcebc-4ec8-4b2f-921e-361fad102aa9: addNew group-0B1FB73F6FF2:[9fafcebc-4ec8-4b2f-921e-361fad102aa9|rpc:10.1.0.30:37523|priority:0, 01e7dfcd-082b-401a-ab9e-a677cf0851a6|rpc:10.1.0.30:34373|priority:0, 2fee1640-d3c9-493e-8933-b41673c21aaf|rpc:10.1.0.30:36361|priority:1] returns group-0B1FB73F6FF2:java.util.concurrent.CompletableFuture@5b0c2302[Not completed]
2022-05-24 20:48:38,020 [pool-68-thread-1] INFO  server.RaftServer$Division (RaftServerImpl.java:<init>(190)) - 9fafcebc-4ec8-4b2f-921e-361fad102aa9: new RaftServerImpl for group-0B1FB73F6FF2:[9fafcebc-4ec8-4b2f-921e-361fad102aa9|rpc:10.1.0.30:37523|priority:0, 01e7dfcd-082b-401a-ab9e-a677cf0851a6|rpc:10.1.0.30:34373|priority:0, 2fee1640-d3c9-493e-8933-b41673c21aaf|rpc:10.1.0.30:36361|priority:1] with ContainerStateMachine:uninitialized
2022-05-24 20:48:38,020 [pool-68-thread-1] INFO  server.RaftServerConfigKeys (ConfUtils.java:logGet(46)) - raft.server.rpc.timeout.min = 5s (custom)
2022-05-24 20:48:38,020 [pool-68-thread-1] INFO  server.RaftServerConfigKeys (ConfUtils.java:logGet(46)) - raft.server.rpc.timeout.max = 5200ms (custom)
2022-05-24 20:48:38,020 [pool-68-thread-1] INFO  server.RaftServerConfigKeys (ConfUtils.java:logGet(46)) - raft.server.rpc.sleep.time = 25ms (default)
2022-05-24 20:48:38,020 [pool-68-thread-1] INFO  server.RaftServerConfigKeys (ConfUtils.java:logGet(46)) - raft.server.rpc.slowness.timeout = 300s (custom)
2022-05-24 20:48:38,020 [pool-68-thread-1] INFO  server.RaftServerConfigKeys (ConfUtils.java:logGet(46)) - raft.server.leaderelection.leader.step-down.wait-time = 10s (default)
2022-05-24 20:48:38,020 [pool-68-thread-1] INFO  server.RaftServerConfigKeys (ConfUtils.java:logGet(46)) - raft.server.sleep.deviation.threshold = 300ms (default)
2022-05-24 20:48:38,020 [pool-68-thread-1] INFO  server.RaftServer$Division (ServerState.java:<init>(107)) - 9fafcebc-4ec8-4b2f-921e-361fad102aa9@group-0B1FB73F6FF2: ConfigurationManager, init=-1: [9fafcebc-4ec8-4b2f-921e-361fad102aa9|rpc:10.1.0.30:37523|priority:0, 01e7dfcd-082b-401a-ab9e-a677cf0851a6|rpc:10.1.0.30:34373|priority:0, 2fee1640-d3c9-493e-8933-b41673c21aaf|rpc:10.1.0.30:36361|priority:1], old=null, confs=<EMPTY_MAP>
2022-05-24 20:48:38,021 [pool-68-thread-1] INFO  server.RaftServerConfigKeys (ConfUtils.java:logGet(46)) - raft.server.storage.dir = [/home/runner/work/ozone/ozone/hadoop-ozone/integration-test/target/test-dir/MiniOzoneClusterImpl-68ae5bae-a44d-4587-ae52-251ec6d3fd1e/datanode-0/data/ratis] (custom)
2022-05-24 20:48:38,021 [pool-68-thread-1] INFO  server.RaftServerConfigKeys (ConfUtils.java:logGet(46)) - raft.server.log.corruption.policy = EXCEPTION (default)
2022-05-24 20:48:38,021 [pool-68-thread-1] INFO  server.RaftServerConfigKeys (ConfUtils.java:logGet(46)) - raft.server.storage.free-space.min = 0MB (=0) (default)
2022-05-24 20:48:38,021 [pool-68-thread-1] INFO  storage.RaftStorageDirectory (RaftStorageDirectoryImpl.java:analyzeStorage(135)) - The storage directory /home/runner/work/ozone/ozone/hadoop-ozone/integration-test/target/test-dir/MiniOzoneClusterImpl-68ae5bae-a44d-4587-ae52-251ec6d3fd1e/datanode-0/data/ratis/1fc04178-28da-406c-81f9-0b1fb73f6ff2 does not exist. Creating ...
2022-05-24 20:48:38,023 [pool-68-thread-1] INFO  storage.RaftStorageDirectory (RaftStorageDirectoryImpl.java:tryLock(230)) - Lock on /home/runner/work/ozone/ozone/hadoop-ozone/integration-test/target/test-dir/MiniOzoneClusterImpl-68ae5bae-a44d-4587-ae52-251ec6d3fd1e/datanode-0/data/ratis/1fc04178-28da-406c-81f9-0b1fb73f6ff2/in_use.lock acquired by nodename 28664@fv-az122-930
2022-05-24 20:48:38,024 [pool-68-thread-1] INFO  storage.RaftStorage (RaftStorageImpl.java:format(89)) - Storage directory /home/runner/work/ozone/ozone/hadoop-ozone/integration-test/target/test-dir/MiniOzoneClusterImpl-68ae5bae-a44d-4587-ae52-251ec6d3fd1e/datanode-0/data/ratis/1fc04178-28da-406c-81f9-0b1fb73f6ff2 has been successfully formatted.
2022-05-24 20:48:38,032 [pool-68-thread-1] INFO  ratis.ContainerStateMachine (ContainerStateMachine.java:loadSnapshot(236)) - group-0B1FB73F6FF2: The snapshot info is null. Setting the last applied indexto:(t:0, i:~)
2022-05-24 20:48:38,032 [EventQueue-OpenPipelineForHealthyPipelineSafeModeRule] INFO  safemode.SCMSafeModeManager (HealthyPipelineSafeModeRule.java:process(124)) - SCM in safe mode. Healthy pipelines reported count is 0, required healthy pipeline reported count is 1
2022-05-24 20:48:38,033 [pool-68-thread-1] INFO  server.RaftServerConfigKeys (ConfUtils.java:logGet(46)) - raft.server.notification.no-leader.timeout = 300s (custom)
2022-05-24 20:48:38,033 [pool-68-thread-1] INFO  server.RaftServerConfigKeys (ConfUtils.java:logGet(46)) - raft.server.log.use.memory = false (default)
2022-05-24 20:48:38,033 [pool-68-thread-1] INFO  server.RaftServerConfigKeys (ConfUtils.java:logGet(46)) - raft.server.log.purge.gap = 1000000 (custom)
2022-05-24 20:48:38,033 [pool-68-thread-1] INFO  server.RaftServerConfigKeys (ConfUtils.java:logGet(46)) - raft.server.log.appender.buffer.byte-limit = 33554432 (custom)
2022-05-24 20:48:38,033 [pool-68-thread-1] INFO  server.RaftServerConfigKeys (ConfUtils.java:logGet(46)) - raft.server.log.statemachine.data.read.timeout = 1000ms (default)
2022-05-24 20:48:38,033 [pool-68-thread-1] INFO  server.RaftServerConfigKeys (ConfUtils.java:logGet(46)) - raft.server.log.segment.size.max = 1048576 (custom)
2022-05-24 20:48:38,034 [pool-68-thread-1] INFO  server.RaftServerConfigKeys (ConfUtils.java:logGet(46)) - raft.server.log.segment.cache.num.max = 2 (custom)
2022-05-24 20:48:38,034 [pool-68-thread-1] INFO  server.RaftServerConfigKeys (ConfUtils.java:logGet(46)) - raft.server.log.segment.cache.size.max = 200MB (=209715200) (default)
2022-05-24 20:48:38,034 [pool-68-thread-1] INFO  segmented.SegmentedRaftLogWorker (SegmentedRaftLogWorker.java:<init>(187)) - new 9fafcebc-4ec8-4b2f-921e-361fad102aa9@group-0B1FB73F6FF2-SegmentedRaftLogWorker for RaftStorageImpl:Storage Directory /home/runner/work/ozone/ozone/hadoop-ozone/integration-test/target/test-dir/MiniOzoneClusterImpl-68ae5bae-a44d-4587-ae52-251ec6d3fd1e/datanode-0/data/ratis/1fc04178-28da-406c-81f9-0b1fb73f6ff2
2022-05-24 20:48:38,034 [pool-68-thread-1] INFO  server.RaftServerConfigKeys (ConfUtils.java:logGet(46)) - raft.server.log.queue.byte-limit = 4294967296 (custom)
2022-05-24 20:48:38,034 [pool-68-thread-1] INFO  server.RaftServerConfigKeys (ConfUtils.java:logGet(46)) - raft.server.log.queue.element-limit = 1024 (custom)
2022-05-24 20:48:38,034 [pool-68-thread-1] INFO  server.RaftServerConfigKeys (ConfUtils.java:logGet(46)) - raft.server.log.segment.size.max = 1048576 (custom)
2022-05-24 20:48:38,034 [pool-68-thread-1] INFO  server.RaftServerConfigKeys (ConfUtils.java:logGet(46)) - raft.server.log.preallocated.size = 16384 (custom)
2022-05-24 20:48:38,034 [pool-68-thread-1] INFO  server.RaftServerConfigKeys (ConfUtils.java:logGet(46)) - raft.server.log.force.sync.num = 128 (default)
2022-05-24 20:48:38,034 [pool-68-thread-1] INFO  server.RaftServerConfigKeys (ConfUtils.java:logGet(46)) - raft.server.log.statemachine.data.sync = true (default)
2022-05-24 20:48:38,034 [pool-68-thread-1] INFO  server.RaftServerConfigKeys (ConfUtils.java:logGet(46)) - raft.server.log.statemachine.data.sync.timeout = 10s (default)
2022-05-24 20:48:38,034 [pool-68-thread-1] INFO  server.RaftServerConfigKeys (ConfUtils.java:logGet(46)) - raft.server.log.statemachine.data.sync.timeout.retry = -1 (default)
2022-05-24 20:48:38,036 [pool-68-thread-1] INFO  server.RaftServerConfigKeys (ConfUtils.java:logGet(46)) - raft.server.log.write.buffer.size = 1048576 (custom)
2022-05-24 20:48:38,037 [pool-68-thread-1] INFO  server.RaftServerConfigKeys (ConfUtils.java:logGet(46)) - raft.server.log.unsafe-flush.enabled = false (default)
2022-05-24 20:48:38,037 [pool-68-thread-1] INFO  server.RaftServerConfigKeys (ConfUtils.java:logGet(46)) - raft.server.log.statemachine.data.caching.enabled = true (custom)
2022-05-24 20:48:38,037 [pool-68-thread-1] INFO  segmented.SegmentedRaftLogWorker (SegmentedRaftLogWorker.java:lambda$new$0(135)) - 9fafcebc-4ec8-4b2f-921e-361fad102aa9@group-0B1FB73F6FF2-SegmentedRaftLogWorker: flushIndex: setUnconditionally 0 -> -1
2022-05-24 20:48:38,037 [pool-68-thread-1] INFO  segmented.SegmentedRaftLogWorker (SegmentedRaftLogWorker.java:lambda$new$0(135)) - 9fafcebc-4ec8-4b2f-921e-361fad102aa9@group-0B1FB73F6FF2-SegmentedRaftLogWorker: safeCacheEvictIndex: setUnconditionally 0 -> -1
2022-05-24 20:48:38,037 [pool-68-thread-1] INFO  server.RaftServerConfigKeys (ConfUtils.java:logGet(46)) - raft.server.snapshot.auto.trigger.enabled = true (custom)
2022-05-24 20:48:38,037 [pool-68-thread-1] INFO  server.RaftServerConfigKeys (ConfUtils.java:logGet(46)) - raft.server.snapshot.auto.trigger.threshold = 10000 (custom)
2022-05-24 20:48:38,037 [pool-68-thread-1] INFO  server.RaftServerConfigKeys (ConfUtils.java:logGet(46)) - raft.server.snapshot.retention.file.num = 5 (custom)
2022-05-24 20:48:38,037 [pool-68-thread-1] INFO  server.RaftServerConfigKeys (ConfUtils.java:logGet(46)) - raft.server.log.purge.upto.snapshot.index = false (default)
2022-05-24 20:48:38,037 [pool-68-thread-1] INFO  server.RaftServerConfigKeys (ConfUtils.java:logGet(46)) - raft.server.retrycache.expirytime = 600000ms (custom)
2022-05-24 20:48:38,037 [pool-68-thread-1] INFO  server.RaftServerConfigKeys (ConfUtils.java:logGet(46)) - raft.server.retrycache.statistics.expirytime = 100μs (default)
2022-05-24 20:48:38,039 [pool-68-thread-1] INFO  server.RaftServerConfigKeys (ConfUtils.java:logGet(46)) - raft.server.log.appender.install.snapshot.enabled = false (custom)
2022-05-24 20:48:38,039 [pool-68-thread-1] INFO  server.RaftServerConfigKeys (ConfUtils.java:logGet(46)) - raft.server.threadpool.server.cached = true (default)
2022-05-24 20:48:38,039 [pool-68-thread-1] INFO  server.RaftServerConfigKeys (ConfUtils.java:logGet(46)) - raft.server.threadpool.server.size = 0 (default)
2022-05-24 20:48:38,039 [pool-68-thread-1] INFO  server.RaftServerConfigKeys (ConfUtils.java:logGet(46)) - raft.server.threadpool.client.cached = true (default)
2022-05-24 20:48:38,039 [pool-68-thread-1] INFO  server.RaftServerConfigKeys (ConfUtils.java:logGet(46)) - raft.server.threadpool.client.size = 0 (default)
2022-05-24 20:48:38,039 [pool-68-thread-1] INFO  server.RaftServer$Division (RaftServerImpl.java:start(310)) - 9fafcebc-4ec8-4b2f-921e-361fad102aa9@group-0B1FB73F6FF2: start as a follower, conf=-1: [9fafcebc-4ec8-4b2f-921e-361fad102aa9|rpc:10.1.0.30:37523|priority:0, 01e7dfcd-082b-401a-ab9e-a677cf0851a6|rpc:10.1.0.30:34373|priority:0, 2fee1640-d3c9-493e-8933-b41673c21aaf|rpc:10.1.0.30:36361|priority:1], old=null
2022-05-24 20:48:38,039 [pool-68-thread-1] INFO  server.RaftServer$Division (RaftServerImpl.java:setRole(299)) - 9fafcebc-4ec8-4b2f-921e-361fad102aa9@group-0B1FB73F6FF2: changes role from      null to FOLLOWER at term 0 for startAsFollower
2022-05-24 20:48:38,040 [pool-68-thread-1] INFO  impl.RoleInfo (RoleInfo.java:updateAndGet(139)) - 9fafcebc-4ec8-4b2f-921e-361fad102aa9: start 9fafcebc-4ec8-4b2f-921e-361fad102aa9@group-0B1FB73F6FF2-FollowerState
2022-05-24 20:48:38,043 [pool-68-thread-1] INFO  util.JmxRegister (JmxRegister.java:tryRegister(44)) - Successfully registered JMX Bean with object name Ratis:service=RaftServer,group=group-0B1FB73F6FF2,id=9fafcebc-4ec8-4b2f-921e-361fad102aa9
2022-05-24 20:48:38,044 [Command processor thread] INFO  ratis.XceiverServerRatis (XceiverServerRatis.java:addGroup(765)) - Created group PipelineID=1fc04178-28da-406c-81f9-0b1fb73f6ff2
2022-05-24 20:48:38,076 [Listener at 127.0.0.1/44485] INFO  ozone.MiniOzoneClusterImpl (MiniOzoneClusterImpl.java:lambda$waitForClusterToBeReady$0(221)) - Waiting for nodes to be ready. Got 9 of 10 DN Heartbeats.
2022-05-24 20:48:38,076 [Listener at 127.0.0.1/44485] INFO  ozone.MiniOzoneClusterImpl (MiniOzoneClusterImpl.java:lambda$waitForClusterToBeReady$0(224)) - Waiting for cluster to exit safe mode
2022-05-24 20:48:38,076 [Listener at 127.0.0.1/44485] INFO  ozone.MiniOzoneClusterImpl (MiniOzoneClusterImpl.java:lambda$waitForClusterToBeReady$0(226)) - SCM became leader
2022-05-24 20:48:38,081 [IPC Server handler 11 on default port 44329] INFO  net.NetworkTopologyImpl (NetworkTopologyImpl.java:add(112)) - Added a new node: /default-rack/96b502b3-baca-4757-9843-c23b848e6fef
2022-05-24 20:48:38,081 [IPC Server handler 11 on default port 44329] INFO  node.SCMNodeManager (SCMNodeManager.java:register(393)) - Registered Data node : 96b502b3-baca-4757-9843-c23b848e6fef{ip: 10.1.0.30, host: fv-az122-930.eh24crq5omsuteaqbma5cv3ijc.phxx.internal.cloudapp.net, ports: [REPLICATION=43881, RATIS=43169, RATIS_ADMIN=43169, RATIS_SERVER=43169, STANDALONE=35809], networkLocation: /default-rack, certSerialId: null, persistedOpState: null, persistedOpStateExpiryEpochSec: 0}
2022-05-24 20:48:38,081 [EventQueue-NewNodeForNewNodeHandler] INFO  pipeline.BackgroundPipelineCreator (BackgroundPipelineCreator.java:notifyEventTriggered(272)) - trigger a one-shot run on RatisPipelineUtilsThread.
2022-05-24 20:48:38,082 [RatisPipelineUtilsThread - 0] INFO  pipeline.RatisPipelineProvider (RatisPipelineProvider.java:lambda$create$0(195)) - Sending CreatePipelineCommand for pipeline:PipelineID=87e8957f-fb49-45c1-81b1-909e496902be to datanode:96b502b3-baca-4757-9843-c23b848e6fef
2022-05-24 20:48:38,083 [RatisPipelineUtilsThread - 0] INFO  pipeline.PipelineStateManagerImpl (PipelineStateManagerImpl.java:addPipeline(101)) - Created pipeline Pipeline[ Id: 87e8957f-fb49-45c1-81b1-909e496902be, Nodes: 96b502b3-baca-4757-9843-c23b848e6fef{ip: 10.1.0.30, host: fv-az122-930.eh24crq5omsuteaqbma5cv3ijc.phxx.internal.cloudapp.net, ports: [REPLICATION=43881, RATIS=43169, RATIS_ADMIN=43169, RATIS_SERVER=43169, STANDALONE=35809], networkLocation: /default-rack, certSerialId: null, persistedOpState: IN_SERVICE, persistedOpStateExpiryEpochSec: 0}, ReplicationConfig: RATIS/ONE, State:ALLOCATED, leaderId:, CreationTimestamp2022-05-24T20:48:38.082Z[Etc/UTC]].
2022-05-24 20:48:38,407 [Command processor thread] INFO  server.RaftServer (RaftServerProxy.java:addNew(96)) - 01e7dfcd-082b-401a-ab9e-a677cf0851a6: addNew group-A02F5D5D2963:[01e7dfcd-082b-401a-ab9e-a677cf0851a6|rpc:10.1.0.30:34373|priority:1] returns group-A02F5D5D2963:java.util.concurrent.CompletableFuture@29ca3cb0[Not completed]
2022-05-24 20:48:38,421 [pool-90-thread-1] INFO  server.RaftServer$Division (RaftServerImpl.java:<init>(190)) - 01e7dfcd-082b-401a-ab9e-a677cf0851a6: new RaftServerImpl for group-A02F5D5D2963:[01e7dfcd-082b-401a-ab9e-a677cf0851a6|rpc:10.1.0.30:34373|priority:1] with ContainerStateMachine:uninitialized
2022-05-24 20:48:38,421 [pool-90-thread-1] INFO  server.RaftServerConfigKeys (ConfUtils.java:logGet(46)) - raft.server.rpc.timeout.min = 5s (custom)
2022-05-24 20:48:38,421 [pool-90-thread-1] INFO  server.RaftServerConfigKeys (ConfUtils.java:logGet(46)) - raft.server.rpc.timeout.max = 5200ms (custom)
2022-05-24 20:48:38,422 [pool-90-thread-1] INFO  server.RaftServerConfigKeys (ConfUtils.java:logGet(46)) - raft.server.rpc.sleep.time = 25ms (default)
2022-05-24 20:48:38,422 [pool-90-thread-1] INFO  server.RaftServerConfigKeys (ConfUtils.java:logGet(46)) - raft.server.rpc.slowness.timeout = 300s (custom)
2022-05-24 20:48:38,422 [pool-90-thread-1] INFO  server.RaftServerConfigKeys (ConfUtils.java:logGet(46)) - raft.server.leaderelection.leader.step-down.wait-time = 10s (default)
2022-05-24 20:48:38,422 [pool-90-thread-1] INFO  server.RaftServerConfigKeys (ConfUtils.java:logGet(46)) - raft.server.sleep.deviation.threshold = 300ms (default)
2022-05-24 20:48:38,422 [pool-90-thread-1] INFO  server.RaftServer$Division (ServerState.java:<init>(107)) - 01e7dfcd-082b-401a-ab9e-a677cf0851a6@group-A02F5D5D2963: ConfigurationManager, init=-1: [01e7dfcd-082b-401a-ab9e-a677cf0851a6|rpc:10.1.0.30:34373|priority:1], old=null, confs=<EMPTY_MAP>
2022-05-24 20:48:38,422 [pool-90-thread-1] INFO  server.RaftServerConfigKeys (ConfUtils.java:logGet(46)) - raft.server.storage.dir = [/home/runner/work/ozone/ozone/hadoop-ozone/integration-test/target/test-dir/MiniOzoneClusterImpl-68ae5bae-a44d-4587-ae52-251ec6d3fd1e/datanode-1/data/ratis] (custom)
2022-05-24 20:48:38,422 [pool-90-thread-1] INFO  server.RaftServerConfigKeys (ConfUtils.java:logGet(46)) - raft.server.log.corruption.policy = EXCEPTION (default)
2022-05-24 20:48:38,422 [pool-90-thread-1] INFO  server.RaftServerConfigKeys (ConfUtils.java:logGet(46)) - raft.server.storage.free-space.min = 0MB (=0) (default)
2022-05-24 20:48:38,422 [pool-90-thread-1] INFO  storage.RaftStorageDirectory (RaftStorageDirectoryImpl.java:analyzeStorage(135)) - The storage directory /home/runner/work/ozone/ozone/hadoop-ozone/integration-test/target/test-dir/MiniOzoneClusterImpl-68ae5bae-a44d-4587-ae52-251ec6d3fd1e/datanode-1/data/ratis/ee13f18d-749b-412a-888a-a02f5d5d2963 does not exist. Creating ...
2022-05-24 20:48:38,431 [pool-90-thread-1] INFO  storage.RaftStorageDirectory (RaftStorageDirectoryImpl.java:tryLock(230)) - Lock on /home/runner/work/ozone/ozone/hadoop-ozone/integration-test/target/test-dir/MiniOzoneClusterImpl-68ae5bae-a44d-4587-ae52-251ec6d3fd1e/datanode-1/data/ratis/ee13f18d-749b-412a-888a-a02f5d5d2963/in_use.lock acquired by nodename 28664@fv-az122-930
2022-05-24 20:48:38,440 [pool-90-thread-1] INFO  storage.RaftStorage (RaftStorageImpl.java:format(89)) - Storage directory /home/runner/work/ozone/ozone/hadoop-ozone/integration-test/target/test-dir/MiniOzoneClusterImpl-68ae5bae-a44d-4587-ae52-251ec6d3fd1e/datanode-1/data/ratis/ee13f18d-749b-412a-888a-a02f5d5d2963 has been successfully formatted.
2022-05-24 20:48:38,441 [pool-90-thread-1] INFO  ratis.ContainerStateMachine (ContainerStateMachine.java:loadSnapshot(236)) - group-A02F5D5D2963: The snapshot info is null. Setting the last applied indexto:(t:0, i:~)
2022-05-24 20:48:38,441 [pool-90-thread-1] INFO  server.RaftServerConfigKeys (ConfUtils.java:logGet(46)) - raft.server.notification.no-leader.timeout = 300s (custom)
2022-05-24 20:48:38,441 [pool-90-thread-1] INFO  server.RaftServerConfigKeys (ConfUtils.java:logGet(46)) - raft.server.log.use.memory = false (default)
2022-05-24 20:48:38,442 [pool-90-thread-1] INFO  server.RaftServerConfigKeys (ConfUtils.java:logGet(46)) - raft.server.log.purge.gap = 1000000 (custom)
2022-05-24 20:48:38,442 [pool-90-thread-1] INFO  server.RaftServerConfigKeys (ConfUtils.java:logGet(46)) - raft.server.log.appender.buffer.byte-limit = 33554432 (custom)
2022-05-24 20:48:38,442 [pool-90-thread-1] INFO  server.RaftServerConfigKeys (ConfUtils.java:logGet(46)) - raft.server.log.statemachine.data.read.timeout = 1000ms (default)
2022-05-24 20:48:38,442 [pool-90-thread-1] INFO  server.RaftServerConfigKeys (ConfUtils.java:logGet(46)) - raft.server.log.segment.size.max = 1048576 (custom)
2022-05-24 20:48:38,443 [pool-90-thread-1] INFO  server.RaftServerConfigKeys (ConfUtils.java:logGet(46)) - raft.server.log.segment.cache.num.max = 2 (custom)
2022-05-24 20:48:38,443 [pool-90-thread-1] INFO  server.RaftServerConfigKeys (ConfUtils.java:logGet(46)) - raft.server.log.segment.cache.size.max = 200MB (=209715200) (default)
2022-05-24 20:48:38,443 [pool-90-thread-1] INFO  segmented.SegmentedRaftLogWorker (SegmentedRaftLogWorker.java:<init>(187)) - new 01e7dfcd-082b-401a-ab9e-a677cf0851a6@group-A02F5D5D2963-SegmentedRaftLogWorker for RaftStorageImpl:Storage Directory /home/runner/work/ozone/ozone/hadoop-ozone/integration-test/target/test-dir/MiniOzoneClusterImpl-68ae5bae-a44d-4587-ae52-251ec6d3fd1e/datanode-1/data/ratis/ee13f18d-749b-412a-888a-a02f5d5d2963
2022-05-24 20:48:38,443 [pool-90-thread-1] INFO  server.RaftServerConfigKeys (ConfUtils.java:logGet(46)) - raft.server.log.queue.byte-limit = 4294967296 (custom)
2022-05-24 20:48:38,443 [pool-90-thread-1] INFO  server.RaftServerConfigKeys (ConfUtils.java:logGet(46)) - raft.server.log.queue.element-limit = 1024 (custom)
2022-05-24 20:48:38,443 [pool-90-thread-1] INFO  server.RaftServerConfigKeys (ConfUtils.java:logGet(46)) - raft.server.log.segment.size.max = 1048576 (custom)
2022-05-24 20:48:38,443 [pool-90-thread-1] INFO  server.RaftServerConfigKeys (ConfUtils.java:logGet(46)) - raft.server.log.preallocated.size = 16384 (custom)
2022-05-24 20:48:38,443 [pool-90-thread-1] INFO  server.RaftServerConfigKeys (ConfUtils.java:logGet(46)) - raft.server.log.force.sync.num = 128 (default)
2022-05-24 20:48:38,443 [pool-90-thread-1] INFO  server.RaftServerConfigKeys (ConfUtils.java:logGet(46)) - raft.server.log.statemachine.data.sync = true (default)
2022-05-24 20:48:38,443 [pool-90-thread-1] INFO  server.RaftServerConfigKeys (ConfUtils.java:logGet(46)) - raft.server.log.statemachine.data.sync.timeout = 10s (default)
2022-05-24 20:48:38,443 [pool-90-thread-1] INFO  server.RaftServerConfigKeys (ConfUtils.java:logGet(46)) - raft.server.log.statemachine.data.sync.timeout.retry = -1 (default)
2022-05-24 20:48:38,444 [pool-90-thread-1] INFO  server.RaftServerConfigKeys (ConfUtils.java:logGet(46)) - raft.server.log.write.buffer.size = 1048576 (custom)
2022-05-24 20:48:38,445 [pool-90-thread-1] INFO  server.RaftServerConfigKeys (ConfUtils.java:logGet(46)) - raft.server.log.unsafe-flush.enabled = false (default)
2022-05-24 20:48:38,445 [pool-90-thread-1] INFO  server.RaftServerConfigKeys (ConfUtils.java:logGet(46)) - raft.server.log.statemachine.data.caching.enabled = true (custom)
2022-05-24 20:48:38,445 [pool-90-thread-1] INFO  segmented.SegmentedRaftLogWorker (SegmentedRaftLogWorker.java:lambda$new$0(135)) - 01e7dfcd-082b-401a-ab9e-a677cf0851a6@group-A02F5D5D2963-SegmentedRaftLogWorker: flushIndex: setUnconditionally 0 -> -1
2022-05-24 20:48:38,445 [pool-90-thread-1] INFO  segmented.SegmentedRaftLogWorker (SegmentedRaftLogWorker.java:lambda$new$0(135)) - 01e7dfcd-082b-401a-ab9e-a677cf0851a6@group-A02F5D5D2963-SegmentedRaftLogWorker: safeCacheEvictIndex: setUnconditionally 0 -> -1
2022-05-24 20:48:38,445 [pool-90-thread-1] INFO  server.RaftServerConfigKeys (ConfUtils.java:logGet(46)) - raft.server.snapshot.auto.trigger.enabled = true (custom)
2022-05-24 20:48:38,445 [pool-90-thread-1] INFO  server.RaftServerConfigKeys (ConfUtils.java:logGet(46)) - raft.server.snapshot.auto.trigger.threshold = 10000 (custom)
2022-05-24 20:48:38,446 [pool-90-thread-1] INFO  server.RaftServerConfigKeys (ConfUtils.java:logGet(46)) - raft.server.snapshot.retention.file.num = 5 (custom)
2022-05-24 20:48:38,446 [pool-90-thread-1] INFO  server.RaftServerConfigKeys (ConfUtils.java:logGet(46)) - raft.server.log.purge.upto.snapshot.index = false (default)
2022-05-24 20:48:38,446 [pool-90-thread-1] INFO  server.RaftServerConfigKeys (ConfUtils.java:logGet(46)) - raft.server.retrycache.expirytime = 600000ms (custom)
2022-05-24 20:48:38,446 [pool-90-thread-1] INFO  server.RaftServerConfigKeys (ConfUtils.java:logGet(46)) - raft.server.retrycache.statistics.expirytime = 100μs (default)
2022-05-24 20:48:38,447 [pool-90-thread-1] INFO  server.RaftServerConfigKeys (ConfUtils.java:logGet(46)) - raft.server.log.appender.install.snapshot.enabled = false (custom)
2022-05-24 20:48:38,447 [pool-90-thread-1] INFO  server.RaftServerConfigKeys (ConfUtils.java:logGet(46)) - raft.server.threadpool.server.cached = true (default)
2022-05-24 20:48:38,447 [pool-90-thread-1] INFO  server.RaftServerConfigKeys (ConfUtils.java:logGet(46)) - raft.server.threadpool.server.size = 0 (default)
2022-05-24 20:48:38,447 [pool-90-thread-1] INFO  server.RaftServerConfigKeys (ConfUtils.java:logGet(46)) - raft.server.threadpool.client.cached = true (default)
2022-05-24 20:48:38,448 [pool-90-thread-1] INFO  server.RaftServerConfigKeys (ConfUtils.java:logGet(46)) - raft.server.threadpool.client.size = 0 (default)
2022-05-24 20:48:38,448 [pool-90-thread-1] INFO  server.RaftServer$Division (RaftServerImpl.java:start(310)) - 01e7dfcd-082b-401a-ab9e-a677cf0851a6@group-A02F5D5D2963: start as a follower, conf=-1: [01e7dfcd-082b-401a-ab9e-a677cf0851a6|rpc:10.1.0.30:34373|priority:1], old=null
2022-05-24 20:48:38,448 [pool-90-thread-1] INFO  server.RaftServer$Division (RaftServerImpl.java:setRole(299)) - 01e7dfcd-082b-401a-ab9e-a677cf0851a6@group-A02F5D5D2963: changes role from      null to FOLLOWER at term 0 for startAsFollower
2022-05-24 20:48:38,448 [pool-90-thread-1] INFO  impl.RoleInfo (RoleInfo.java:updateAndGet(139)) - 01e7dfcd-082b-401a-ab9e-a677cf0851a6: start 01e7dfcd-082b-401a-ab9e-a677cf0851a6@group-A02F5D5D2963-FollowerState
2022-05-24 20:48:38,448 [pool-90-thread-1] INFO  util.JmxRegister (JmxRegister.java:tryRegister(44)) - Successfully registered JMX Bean with object name Ratis:service=RaftServer,group=group-A02F5D5D2963,id=01e7dfcd-082b-401a-ab9e-a677cf0851a6
2022-05-24 20:48:38,457 [EventQueue-PipelineReportForPipelineReportHandler] INFO  pipeline.PipelineManagerImpl (PipelineManagerImpl.java:openPipeline(336)) - Pipeline Pipeline[ Id: ee13f18d-749b-412a-888a-a02f5d5d2963, Nodes: 01e7dfcd-082b-401a-ab9e-a677cf0851a6{ip: 10.1.0.30, host: fv-az122-930.eh24crq5omsuteaqbma5cv3ijc.phxx.internal.cloudapp.net, ports: [REPLICATION=39053, RATIS=34373, RATIS_ADMIN=34373, RATIS_SERVER=34373, STANDALONE=39291], networkLocation: /default-rack, certSerialId: null, persistedOpState: IN_SERVICE, persistedOpStateExpiryEpochSec: 0}, ReplicationConfig: RATIS/ONE, State:ALLOCATED, leaderId:01e7dfcd-082b-401a-ab9e-a677cf0851a6, CreationTimestamp2022-05-24T20:48:35.403Z[Etc/UTC]] moved to OPEN state
2022-05-24 20:48:38,457 [EventQueue-OpenPipelineForHealthyPipelineSafeModeRule] INFO  safemode.SCMSafeModeManager (HealthyPipelineSafeModeRule.java:process(124)) - SCM in safe mode. Healthy pipelines reported count is 0, required healthy pipeline reported count is 1
2022-05-24 20:48:38,459 [Command processor thread] INFO  ratis.XceiverServerRatis (XceiverServerRatis.java:addGroup(765)) - Created group PipelineID=ee13f18d-749b-412a-888a-a02f5d5d2963
2022-05-24 20:48:38,463 [Command processor thread] INFO  commandhandler.CreatePipelineCommandHandler (CreatePipelineCommandHandler.java:handle(113)) - Created Pipeline RATIS ONE PipelineID=ee13f18d-749b-412a-888a-a02f5d5d2963.
2022-05-24 20:48:38,463 [Command processor thread] INFO  server.RaftServer (RaftServerProxy.java:addNew(96)) - 01e7dfcd-082b-401a-ab9e-a677cf0851a6: addNew group-0B1FB73F6FF2:[9fafcebc-4ec8-4b2f-921e-361fad102aa9|rpc:10.1.0.30:37523|priority:0, 01e7dfcd-082b-401a-ab9e-a677cf0851a6|rpc:10.1.0.30:34373|priority:0, 2fee1640-d3c9-493e-8933-b41673c21aaf|rpc:10.1.0.30:36361|priority:1] returns group-0B1FB73F6FF2:java.util.concurrent.CompletableFuture@2df5bd51[Not completed]
2022-05-24 20:48:38,464 [pool-90-thread-1] INFO  server.RaftServer$Division (RaftServerImpl.java:<init>(190)) - 01e7dfcd-082b-401a-ab9e-a677cf0851a6: new RaftServerImpl for group-0B1FB73F6FF2:[9fafcebc-4ec8-4b2f-921e-361fad102aa9|rpc:10.1.0.30:37523|priority:0, 01e7dfcd-082b-401a-ab9e-a677cf0851a6|rpc:10.1.0.30:34373|priority:0, 2fee1640-d3c9-493e-8933-b41673c21aaf|rpc:10.1.0.30:36361|priority:1] with ContainerStateMachine:uninitialized
2022-05-24 20:48:38,465 [pool-90-thread-1] INFO  server.RaftServerConfigKeys (ConfUtils.java:logGet(46)) - raft.server.rpc.timeout.min = 5s (custom)
2022-05-24 20:48:38,465 [pool-90-thread-1] INFO  server.RaftServerConfigKeys (ConfUtils.java:logGet(46)) - raft.server.rpc.timeout.max = 5200ms (custom)
2022-05-24 20:48:38,465 [pool-90-thread-1] INFO  server.RaftServerConfigKeys (ConfUtils.java:logGet(46)) - raft.server.rpc.sleep.time = 25ms (default)
2022-05-24 20:48:38,465 [pool-90-thread-1] INFO  server.RaftServerConfigKeys (ConfUtils.java:logGet(46)) - raft.server.rpc.slowness.timeout = 300s (custom)
2022-05-24 20:48:38,465 [pool-90-thread-1] INFO  server.RaftServerConfigKeys (ConfUtils.java:logGet(46)) - raft.server.leaderelection.leader.step-down.wait-time = 10s (default)
2022-05-24 20:48:38,465 [pool-90-thread-1] INFO  server.RaftServerConfigKeys (ConfUtils.java:logGet(46)) - raft.server.sleep.deviation.threshold = 300ms (default)
2022-05-24 20:48:38,465 [pool-90-thread-1] INFO  server.RaftServer$Division (ServerState.java:<init>(107)) - 01e7dfcd-082b-401a-ab9e-a677cf0851a6@group-0B1FB73F6FF2: ConfigurationManager, init=-1: [9fafcebc-4ec8-4b2f-921e-361fad102aa9|rpc:10.1.0.30:37523|priority:0, 01e7dfcd-082b-401a-ab9e-a677cf0851a6|rpc:10.1.0.30:34373|priority:0, 2fee1640-d3c9-493e-8933-b41673c21aaf|rpc:10.1.0.30:36361|priority:1], old=null, confs=<EMPTY_MAP>
2022-05-24 20:48:38,465 [pool-90-thread-1] INFO  server.RaftServerConfigKeys (ConfUtils.java:logGet(46)) - raft.server.storage.dir = [/home/runner/work/ozone/ozone/hadoop-ozone/integration-test/target/test-dir/MiniOzoneClusterImpl-68ae5bae-a44d-4587-ae52-251ec6d3fd1e/datanode-1/data/ratis] (custom)
2022-05-24 20:48:38,465 [pool-90-thread-1] INFO  server.RaftServerConfigKeys (ConfUtils.java:logGet(46)) - raft.server.log.corruption.policy = EXCEPTION (default)
2022-05-24 20:48:38,465 [pool-90-thread-1] INFO  server.RaftServerConfigKeys (ConfUtils.java:logGet(46)) - raft.server.storage.free-space.min = 0MB (=0) (default)
2022-05-24 20:48:38,465 [pool-90-thread-1] INFO  storage.RaftStorageDirectory (RaftStorageDirectoryImpl.java:analyzeStorage(135)) - The storage directory /home/runner/work/ozone/ozone/hadoop-ozone/integration-test/target/test-dir/MiniOzoneClusterImpl-68ae5bae-a44d-4587-ae52-251ec6d3fd1e/datanode-1/data/ratis/1fc04178-28da-406c-81f9-0b1fb73f6ff2 does not exist. Creating ...
2022-05-24 20:48:38,468 [pool-90-thread-1] INFO  storage.RaftStorageDirectory (RaftStorageDirectoryImpl.java:tryLock(230)) - Lock on /home/runner/work/ozone/ozone/hadoop-ozone/integration-test/target/test-dir/MiniOzoneClusterImpl-68ae5bae-a44d-4587-ae52-251ec6d3fd1e/datanode-1/data/ratis/1fc04178-28da-406c-81f9-0b1fb73f6ff2/in_use.lock acquired by nodename 28664@fv-az122-930
2022-05-24 20:48:38,470 [pool-90-thread-1] INFO  storage.RaftStorage (RaftStorageImpl.java:format(89)) - Storage directory /home/runner/work/ozone/ozone/hadoop-ozone/integration-test/target/test-dir/MiniOzoneClusterImpl-68ae5bae-a44d-4587-ae52-251ec6d3fd1e/datanode-1/data/ratis/1fc04178-28da-406c-81f9-0b1fb73f6ff2 has been successfully formatted.
2022-05-24 20:48:38,472 [pool-90-thread-1] INFO  ratis.ContainerStateMachine (ContainerStateMachine.java:loadSnapshot(236)) - group-0B1FB73F6FF2: The snapshot info is null. Setting the last applied indexto:(t:0, i:~)
2022-05-24 20:48:38,472 [pool-90-thread-1] INFO  server.RaftServerConfigKeys (ConfUtils.java:logGet(46)) - raft.server.notification.no-leader.timeout = 300s (custom)
2022-05-24 20:48:38,472 [pool-90-thread-1] INFO  server.RaftServerConfigKeys (ConfUtils.java:logGet(46)) - raft.server.log.use.memory = false (default)
2022-05-24 20:48:38,472 [pool-90-thread-1] INFO  server.RaftServerConfigKeys (ConfUtils.java:logGet(46)) - raft.server.log.purge.gap = 1000000 (custom)
2022-05-24 20:48:38,472 [pool-90-thread-1] INFO  server.RaftServerConfigKeys (ConfUtils.java:logGet(46)) - raft.server.log.appender.buffer.byte-limit = 33554432 (custom)
2022-05-24 20:48:38,472 [pool-90-thread-1] INFO  server.RaftServerConfigKeys (ConfUtils.java:logGet(46)) - raft.server.log.statemachine.data.read.timeout = 1000ms (default)
2022-05-24 20:48:38,472 [pool-90-thread-1] INFO  server.RaftServerConfigKeys (ConfUtils.java:logGet(46)) - raft.server.log.segment.size.max = 1048576 (custom)
2022-05-24 20:48:38,473 [pool-90-thread-1] INFO  server.RaftServerConfigKeys (ConfUtils.java:logGet(46)) - raft.server.log.segment.cache.num.max = 2 (custom)
2022-05-24 20:48:38,473 [pool-90-thread-1] INFO  server.RaftServerConfigKeys (ConfUtils.java:logGet(46)) - raft.server.log.segment.cache.size.max = 200MB (=209715200) (default)
2022-05-24 20:48:38,473 [pool-90-thread-1] INFO  segmented.SegmentedRaftLogWorker (SegmentedRaftLogWorker.java:<init>(187)) - new 01e7dfcd-082b-401a-ab9e-a677cf0851a6@group-0B1FB73F6FF2-SegmentedRaftLogWorker for RaftStorageImpl:Storage Directory /home/runner/work/ozone/ozone/hadoop-ozone/integration-test/target/test-dir/MiniOzoneClusterImpl-68ae5bae-a44d-4587-ae52-251ec6d3fd1e/datanode-1/data/ratis/1fc04178-28da-406c-81f9-0b1fb73f6ff2
2022-05-24 20:48:38,473 [pool-90-thread-1] INFO  server.RaftServerConfigKeys (ConfUtils.java:logGet(46)) - raft.server.log.queue.byte-limit = 4294967296 (custom)
2022-05-24 20:48:38,473 [pool-90-thread-1] INFO  server.RaftServerConfigKeys (ConfUtils.java:logGet(46)) - raft.server.log.queue.element-limit = 1024 (custom)
2022-05-24 20:48:38,473 [pool-90-thread-1] INFO  server.RaftServerConfigKeys (ConfUtils.java:logGet(46)) - raft.server.log.segment.size.max = 1048576 (custom)
2022-05-24 20:48:38,473 [pool-90-thread-1] INFO  server.RaftServerConfigKeys (ConfUtils.java:logGet(46)) - raft.server.log.preallocated.size = 16384 (custom)
2022-05-24 20:48:38,473 [pool-90-thread-1] INFO  server.RaftServerConfigKeys (ConfUtils.java:logGet(46)) - raft.server.log.force.sync.num = 128 (default)
2022-05-24 20:48:38,473 [pool-90-thread-1] INFO  server.RaftServerConfigKeys (ConfUtils.java:logGet(46)) - raft.server.log.statemachine.data.sync = true (default)
2022-05-24 20:48:38,473 [pool-90-thread-1] INFO  server.RaftServerConfigKeys (ConfUtils.java:logGet(46)) - raft.server.log.statemachine.data.sync.timeout = 10s (default)
2022-05-24 20:48:38,473 [pool-90-thread-1] INFO  server.RaftServerConfigKeys (ConfUtils.java:logGet(46)) - raft.server.log.statemachine.data.sync.timeout.retry = -1 (default)
2022-05-24 20:48:38,474 [pool-90-thread-1] INFO  server.RaftServerConfigKeys (ConfUtils.java:logGet(46)) - raft.server.log.write.buffer.size = 1048576 (custom)
2022-05-24 20:48:38,475 [pool-90-thread-1] INFO  server.RaftServerConfigKeys (ConfUtils.java:logGet(46)) - raft.server.log.unsafe-flush.enabled = false (default)
2022-05-24 20:48:38,475 [pool-90-thread-1] INFO  server.RaftServerConfigKeys (ConfUtils.java:logGet(46)) - raft.server.log.statemachine.data.caching.enabled = true (custom)
2022-05-24 20:48:38,475 [pool-90-thread-1] INFO  segmented.SegmentedRaftLogWorker (SegmentedRaftLogWorker.java:lambda$new$0(135)) - 01e7dfcd-082b-401a-ab9e-a677cf0851a6@group-0B1FB73F6FF2-SegmentedRaftLogWorker: flushIndex: setUnconditionally 0 -> -1
2022-05-24 20:48:38,475 [pool-90-thread-1] INFO  segmented.SegmentedRaftLogWorker (SegmentedRaftLogWorker.java:lambda$new$0(135)) - 01e7dfcd-082b-401a-ab9e-a677cf0851a6@group-0B1FB73F6FF2-SegmentedRaftLogWorker: safeCacheEvictIndex: setUnconditionally 0 -> -1
2022-05-24 20:48:38,483 [pool-90-thread-1] INFO  server.RaftServerConfigKeys (ConfUtils.java:logGet(46)) - raft.server.snapshot.auto.trigger.enabled = true (custom)
2022-05-24 20:48:38,483 [pool-90-thread-1] INFO  server.RaftServerConfigKeys (ConfUtils.java:logGet(46)) - raft.server.snapshot.auto.trigger.threshold = 10000 (custom)
2022-05-24 20:48:38,483 [pool-90-thread-1] INFO  server.RaftServerConfigKeys (ConfUtils.java:logGet(46)) - raft.server.snapshot.retention.file.num = 5 (custom)
2022-05-24 20:48:38,483 [pool-90-thread-1] INFO  server.RaftServerConfigKeys (ConfUtils.java:logGet(46)) - raft.server.log.purge.upto.snapshot.index = false (default)
2022-05-24 20:48:38,483 [pool-90-thread-1] INFO  server.RaftServerConfigKeys (ConfUtils.java:logGet(46)) - raft.server.retrycache.expirytime = 600000ms (custom)
2022-05-24 20:48:38,483 [pool-90-thread-1] INFO  server.RaftServerConfigKeys (ConfUtils.java:logGet(46)) - raft.server.retrycache.statistics.expirytime = 100μs (default)
2022-05-24 20:48:38,485 [pool-90-thread-1] INFO  server.RaftServerConfigKeys (ConfUtils.java:logGet(46)) - raft.server.log.appender.install.snapshot.enabled = false (custom)
2022-05-24 20:48:38,485 [pool-90-thread-1] INFO  server.RaftServerConfigKeys (ConfUtils.java:logGet(46)) - raft.server.threadpool.server.cached = true (default)
2022-05-24 20:48:38,485 [pool-90-thread-1] INFO  server.RaftServerConfigKeys (ConfUtils.java:logGet(46)) - raft.server.threadpool.server.size = 0 (default)
2022-05-24 20:48:38,485 [pool-90-thread-1] INFO  server.RaftServerConfigKeys (ConfUtils.java:logGet(46)) - raft.server.threadpool.client.cached = true (default)
2022-05-24 20:48:38,485 [pool-90-thread-1] INFO  server.RaftServerConfigKeys (ConfUtils.java:logGet(46)) - raft.server.threadpool.client.size = 0 (default)
2022-05-24 20:48:38,485 [pool-90-thread-1] INFO  server.RaftServer$Division (RaftServerImpl.java:start(310)) - 01e7dfcd-082b-401a-ab9e-a677cf0851a6@group-0B1FB73F6FF2: start as a follower, conf=-1: [9fafcebc-4ec8-4b2f-921e-361fad102aa9|rpc:10.1.0.30:37523|priority:0, 01e7dfcd-082b-401a-ab9e-a677cf0851a6|rpc:10.1.0.30:34373|priority:0, 2fee1640-d3c9-493e-8933-b41673c21aaf|rpc:10.1.0.30:36361|priority:1], old=null
2022-05-24 20:48:38,485 [pool-90-thread-1] INFO  server.RaftServer$Division (RaftServerImpl.java:setRole(299)) - 01e7dfcd-082b-401a-ab9e-a677cf0851a6@group-0B1FB73F6FF2: changes role from      null to FOLLOWER at term 0 for startAsFollower
2022-05-24 20:48:38,485 [pool-90-thread-1] INFO  impl.RoleInfo (RoleInfo.java:updateAndGet(139)) - 01e7dfcd-082b-401a-ab9e-a677cf0851a6: start 01e7dfcd-082b-401a-ab9e-a677cf0851a6@group-0B1FB73F6FF2-FollowerState
2022-05-24 20:48:38,497 [EventQueue-OpenPipelineForHealthyPipelineSafeModeRule] INFO  safemode.SCMSafeModeManager (HealthyPipelineSafeModeRule.java:process(124)) - SCM in safe mode. Healthy pipelines reported count is 0, required healthy pipeline reported count is 1
2022-05-24 20:48:38,504 [pool-90-thread-1] INFO  util.JmxRegister (JmxRegister.java:tryRegister(44)) - Successfully registered JMX Bean with object name Ratis:service=RaftServer,group=group-0B1FB73F6FF2,id=01e7dfcd-082b-401a-ab9e-a677cf0851a6
2022-05-24 20:48:38,505 [Command processor thread] INFO  ratis.XceiverServerRatis (XceiverServerRatis.java:addGroup(765)) - Created group PipelineID=1fc04178-28da-406c-81f9-0b1fb73f6ff2
2022-05-24 20:48:38,673 [grpc-default-executor-1] INFO  server.RaftServer (RaftServerProxy.java:addNew(96)) - 2fee1640-d3c9-493e-8933-b41673c21aaf: addNew group-0B1FB73F6FF2:[9fafcebc-4ec8-4b2f-921e-361fad102aa9|rpc:10.1.0.30:37523|dataStream:|priority:0, 01e7dfcd-082b-401a-ab9e-a677cf0851a6|rpc:10.1.0.30:34373|dataStream:|priority:0, 2fee1640-d3c9-493e-8933-b41673c21aaf|rpc:10.1.0.30:36361|dataStream:|priority:1] returns group-0B1FB73F6FF2:java.util.concurrent.CompletableFuture@48dcae85[Not completed]
2022-05-24 20:48:38,676 [pool-112-thread-1] INFO  server.RaftServer$Division (RaftServerImpl.java:<init>(190)) - 2fee1640-d3c9-493e-8933-b41673c21aaf: new RaftServerImpl for group-0B1FB73F6FF2:[9fafcebc-4ec8-4b2f-921e-361fad102aa9|rpc:10.1.0.30:37523|dataStream:|priority:0, 01e7dfcd-082b-401a-ab9e-a677cf0851a6|rpc:10.1.0.30:34373|dataStream:|priority:0, 2fee1640-d3c9-493e-8933-b41673c21aaf|rpc:10.1.0.30:36361|dataStream:|priority:1] with ContainerStateMachine:uninitialized
2022-05-24 20:48:38,676 [pool-112-thread-1] INFO  server.RaftServerConfigKeys (ConfUtils.java:logGet(46)) - raft.server.rpc.timeout.min = 5s (custom)
2022-05-24 20:48:38,676 [pool-112-thread-1] INFO  server.RaftServerConfigKeys (ConfUtils.java:logGet(46)) - raft.server.rpc.timeout.max = 5200ms (custom)
2022-05-24 20:48:38,679 [pool-112-thread-1] INFO  server.RaftServerConfigKeys (ConfUtils.java:logGet(46)) - raft.server.rpc.sleep.time = 25ms (default)
2022-05-24 20:48:38,679 [pool-112-thread-1] INFO  server.RaftServerConfigKeys (ConfUtils.java:logGet(46)) - raft.server.rpc.slowness.timeout = 300s (custom)
2022-05-24 20:48:38,679 [pool-112-thread-1] INFO  server.RaftServerConfigKeys (ConfUtils.java:logGet(46)) - raft.server.leaderelection.leader.step-down.wait-time = 10s (default)
2022-05-24 20:48:38,681 [pool-112-thread-1] INFO  server.RaftServerConfigKeys (ConfUtils.java:logGet(46)) - raft.server.sleep.deviation.threshold = 300ms (default)
2022-05-24 20:48:38,681 [pool-112-thread-1] INFO  server.RaftServer$Division (ServerState.java:<init>(107)) - 2fee1640-d3c9-493e-8933-b41673c21aaf@group-0B1FB73F6FF2: ConfigurationManager, init=-1: [9fafcebc-4ec8-4b2f-921e-361fad102aa9|rpc:10.1.0.30:37523|dataStream:|priority:0, 01e7dfcd-082b-401a-ab9e-a677cf0851a6|rpc:10.1.0.30:34373|dataStream:|priority:0, 2fee1640-d3c9-493e-8933-b41673c21aaf|rpc:10.1.0.30:36361|dataStream:|priority:1], old=null, confs=<EMPTY_MAP>
2022-05-24 20:48:38,681 [pool-112-thread-1] INFO  server.RaftServerConfigKeys (ConfUtils.java:logGet(46)) - raft.server.storage.dir = [/home/runner/work/ozone/ozone/hadoop-ozone/integration-test/target/test-dir/MiniOzoneClusterImpl-68ae5bae-a44d-4587-ae52-251ec6d3fd1e/datanode-2/data/ratis] (custom)
2022-05-24 20:48:38,681 [pool-112-thread-1] INFO  server.RaftServerConfigKeys (ConfUtils.java:logGet(46)) - raft.server.log.corruption.policy = EXCEPTION (default)
2022-05-24 20:48:38,681 [pool-112-thread-1] INFO  server.RaftServerConfigKeys (ConfUtils.java:logGet(46)) - raft.server.storage.free-space.min = 0MB (=0) (default)
2022-05-24 20:48:38,682 [pool-112-thread-1] INFO  storage.RaftStorageDirectory (RaftStorageDirectoryImpl.java:analyzeStorage(135)) - The storage directory /home/runner/work/ozone/ozone/hadoop-ozone/integration-test/target/test-dir/MiniOzoneClusterImpl-68ae5bae-a44d-4587-ae52-251ec6d3fd1e/datanode-2/data/ratis/1fc04178-28da-406c-81f9-0b1fb73f6ff2 does not exist. Creating ...
2022-05-24 20:48:38,684 [pool-112-thread-1] INFO  storage.RaftStorageDirectory (RaftStorageDirectoryImpl.java:tryLock(230)) - Lock on /home/runner/work/ozone/ozone/hadoop-ozone/integration-test/target/test-dir/MiniOzoneClusterImpl-68ae5bae-a44d-4587-ae52-251ec6d3fd1e/datanode-2/data/ratis/1fc04178-28da-406c-81f9-0b1fb73f6ff2/in_use.lock acquired by nodename 28664@fv-az122-930
2022-05-24 20:48:38,697 [pool-112-thread-1] INFO  storage.RaftStorage (RaftStorageImpl.java:format(89)) - Storage directory /home/runner/work/ozone/ozone/hadoop-ozone/integration-test/target/test-dir/MiniOzoneClusterImpl-68ae5bae-a44d-4587-ae52-251ec6d3fd1e/datanode-2/data/ratis/1fc04178-28da-406c-81f9-0b1fb73f6ff2 has been successfully formatted.
2022-05-24 20:48:38,707 [pool-112-thread-1] INFO  ratis.ContainerStateMachine (ContainerStateMachine.java:loadSnapshot(236)) - group-0B1FB73F6FF2: The snapshot info is null. Setting the last applied indexto:(t:0, i:~)
2022-05-24 20:48:38,707 [pool-112-thread-1] INFO  server.RaftServerConfigKeys (ConfUtils.java:logGet(46)) - raft.server.notification.no-leader.timeout = 300s (custom)
2022-05-24 20:48:38,707 [pool-112-thread-1] INFO  server.RaftServerConfigKeys (ConfUtils.java:logGet(46)) - raft.server.log.use.memory = false (default)
2022-05-24 20:48:38,707 [pool-112-thread-1] INFO  server.RaftServerConfigKeys (ConfUtils.java:logGet(46)) - raft.server.log.purge.gap = 1000000 (custom)
2022-05-24 20:48:38,707 [pool-112-thread-1] INFO  server.RaftServerConfigKeys (ConfUtils.java:logGet(46)) - raft.server.log.appender.buffer.byte-limit = 33554432 (custom)
2022-05-24 20:48:38,712 [Command processor thread] INFO  commandhandler.CreatePipelineCommandHandler (CreatePipelineCommandHandler.java:handle(113)) - Created Pipeline RATIS THREE PipelineID=1fc04178-28da-406c-81f9-0b1fb73f6ff2.
2022-05-24 20:48:38,712 [pool-112-thread-1] INFO  server.RaftServerConfigKeys (ConfUtils.java:logGet(46)) - raft.server.log.statemachine.data.read.timeout = 1000ms (default)
2022-05-24 20:48:38,712 [Command processor thread] INFO  server.RaftServer (RaftServerProxy.java:addNew(96)) - 9fafcebc-4ec8-4b2f-921e-361fad102aa9: addNew group-A66BB8458387:[9fafcebc-4ec8-4b2f-921e-361fad102aa9|rpc:10.1.0.30:37523|priority:1, 01e7dfcd-082b-401a-ab9e-a677cf0851a6|rpc:10.1.0.30:34373|priority:0, 2fee1640-d3c9-493e-8933-b41673c21aaf|rpc:10.1.0.30:36361|priority:0] returns group-A66BB8458387:java.util.concurrent.CompletableFuture@2e9dfd22[Not completed]
2022-05-24 20:48:38,713 [pool-68-thread-1] INFO  server.RaftServer$Division (RaftServerImpl.java:<init>(190)) - 9fafcebc-4ec8-4b2f-921e-361fad102aa9: new RaftServerImpl for group-A66BB8458387:[9fafcebc-4ec8-4b2f-921e-361fad102aa9|rpc:10.1.0.30:37523|priority:1, 01e7dfcd-082b-401a-ab9e-a677cf0851a6|rpc:10.1.0.30:34373|priority:0, 2fee1640-d3c9-493e-8933-b41673c21aaf|rpc:10.1.0.30:36361|priority:0] with ContainerStateMachine:uninitialized
2022-05-24 20:48:38,713 [pool-68-thread-1] INFO  server.RaftServerConfigKeys (ConfUtils.java:logGet(46)) - raft.server.rpc.timeout.min = 5s (custom)
2022-05-24 20:48:38,713 [pool-68-thread-1] INFO  server.RaftServerConfigKeys (ConfUtils.java:logGet(46)) - raft.server.rpc.timeout.max = 5200ms (custom)
2022-05-24 20:48:38,713 [pool-68-thread-1] INFO  server.RaftServerConfigKeys (ConfUtils.java:logGet(46)) - raft.server.rpc.sleep.time = 25ms (default)
2022-05-24 20:48:38,713 [pool-68-thread-1] INFO  server.RaftServerConfigKeys (ConfUtils.java:logGet(46)) - raft.server.rpc.slowness.timeout = 300s (custom)
2022-05-24 20:48:38,714 [pool-68-thread-1] INFO  server.RaftServerConfigKeys (ConfUtils.java:logGet(46)) - raft.server.leaderelection.leader.step-down.wait-time = 10s (default)
2022-05-24 20:48:38,714 [pool-68-thread-1] INFO  server.RaftServerConfigKeys (ConfUtils.java:logGet(46)) - raft.server.sleep.deviation.threshold = 300ms (default)
2022-05-24 20:48:38,714 [pool-68-thread-1] INFO  server.RaftServer$Division (ServerState.java:<init>(107)) - 9fafcebc-4ec8-4b2f-921e-361fad102aa9@group-A66BB8458387: ConfigurationManager, init=-1: [9fafcebc-4ec8-4b2f-921e-361fad102aa9|rpc:10.1.0.30:37523|priority:1, 01e7dfcd-082b-401a-ab9e-a677cf0851a6|rpc:10.1.0.30:34373|priority:0, 2fee1640-d3c9-493e-8933-b41673c21aaf|rpc:10.1.0.30:36361|priority:0], old=null, confs=<EMPTY_MAP>
2022-05-24 20:48:38,714 [pool-68-thread-1] INFO  server.RaftServerConfigKeys (ConfUtils.java:logGet(46)) - raft.server.storage.dir = [/home/runner/work/ozone/ozone/hadoop-ozone/integration-test/target/test-dir/MiniOzoneClusterImpl-68ae5bae-a44d-4587-ae52-251ec6d3fd1e/datanode-0/data/ratis] (custom)
2022-05-24 20:48:38,714 [pool-68-thread-1] INFO  server.RaftServerConfigKeys (ConfUtils.java:logGet(46)) - raft.server.log.corruption.policy = EXCEPTION (default)
2022-05-24 20:48:38,714 [pool-68-thread-1] INFO  server.RaftServerConfigKeys (ConfUtils.java:logGet(46)) - raft.server.storage.free-space.min = 0MB (=0) (default)
2022-05-24 20:48:38,714 [pool-68-thread-1] INFO  storage.RaftStorageDirectory (RaftStorageDirectoryImpl.java:analyzeStorage(135)) - The storage directory /home/runner/work/ozone/ozone/hadoop-ozone/integration-test/target/test-dir/MiniOzoneClusterImpl-68ae5bae-a44d-4587-ae52-251ec6d3fd1e/datanode-0/data/ratis/c4f32d63-29ce-4900-8b2e-a66bb8458387 does not exist. Creating ...
2022-05-24 20:48:38,715 [pool-68-thread-1] INFO  storage.RaftStorageDirectory (RaftStorageDirectoryImpl.java:tryLock(230)) - Lock on /home/runner/work/ozone/ozone/hadoop-ozone/integration-test/target/test-dir/MiniOzoneClusterImpl-68ae5bae-a44d-4587-ae52-251ec6d3fd1e/datanode-0/data/ratis/c4f32d63-29ce-4900-8b2e-a66bb8458387/in_use.lock acquired by nodename 28664@fv-az122-930
2022-05-24 20:48:38,716 [pool-112-thread-1] INFO  server.RaftServerConfigKeys (ConfUtils.java:logGet(46)) - raft.server.log.segment.size.max = 1048576 (custom)
2022-05-24 20:48:38,717 [pool-112-thread-1] INFO  server.RaftServerConfigKeys (ConfUtils.java:logGet(46)) - raft.server.log.segment.cache.num.max = 2 (custom)
2022-05-24 20:48:38,717 [pool-112-thread-1] INFO  server.RaftServerConfigKeys (ConfUtils.java:logGet(46)) - raft.server.log.segment.cache.size.max = 200MB (=209715200) (default)
2022-05-24 20:48:38,717 [pool-112-thread-1] INFO  segmented.SegmentedRaftLogWorker (SegmentedRaftLogWorker.java:<init>(187)) - new 2fee1640-d3c9-493e-8933-b41673c21aaf@group-0B1FB73F6FF2-SegmentedRaftLogWorker for RaftStorageImpl:Storage Directory /home/runner/work/ozone/ozone/hadoop-ozone/integration-test/target/test-dir/MiniOzoneClusterImpl-68ae5bae-a44d-4587-ae52-251ec6d3fd1e/datanode-2/data/ratis/1fc04178-28da-406c-81f9-0b1fb73f6ff2
2022-05-24 20:48:38,717 [pool-112-thread-1] INFO  server.RaftServerConfigKeys (ConfUtils.java:logGet(46)) - raft.server.log.queue.byte-limit = 4294967296 (custom)
2022-05-24 20:48:38,717 [pool-112-thread-1] INFO  server.RaftServerConfigKeys (ConfUtils.java:logGet(46)) - raft.server.log.queue.element-limit = 1024 (custom)
2022-05-24 20:48:38,717 [pool-112-thread-1] INFO  server.RaftServerConfigKeys (ConfUtils.java:logGet(46)) - raft.server.log.segment.size.max = 1048576 (custom)
2022-05-24 20:48:38,718 [pool-112-thread-1] INFO  server.RaftServerConfigKeys (ConfUtils.java:logGet(46)) - raft.server.log.preallocated.size = 16384 (custom)
2022-05-24 20:48:38,718 [pool-112-thread-1] INFO  server.RaftServerConfigKeys (ConfUtils.java:logGet(46)) - raft.server.log.force.sync.num = 128 (default)
2022-05-24 20:48:38,718 [pool-112-thread-1] INFO  server.RaftServerConfigKeys (ConfUtils.java:logGet(46)) - raft.server.log.statemachine.data.sync = true (default)
2022-05-24 20:48:38,718 [pool-112-thread-1] INFO  server.RaftServerConfigKeys (ConfUtils.java:logGet(46)) - raft.server.log.statemachine.data.sync.timeout = 10s (default)
2022-05-24 20:48:38,718 [pool-112-thread-1] INFO  server.RaftServerConfigKeys (ConfUtils.java:logGet(46)) - raft.server.log.statemachine.data.sync.timeout.retry = -1 (default)
2022-05-24 20:48:38,718 [pool-68-thread-1] INFO  storage.RaftStorage (RaftStorageImpl.java:format(89)) - Storage directory /home/runner/work/ozone/ozone/hadoop-ozone/integration-test/target/test-dir/MiniOzoneClusterImpl-68ae5bae-a44d-4587-ae52-251ec6d3fd1e/datanode-0/data/ratis/c4f32d63-29ce-4900-8b2e-a66bb8458387 has been successfully formatted.
2022-05-24 20:48:38,719 [pool-68-thread-1] INFO  ratis.ContainerStateMachine (ContainerStateMachine.java:loadSnapshot(236)) - group-A66BB8458387: The snapshot info is null. Setting the last applied indexto:(t:0, i:~)
2022-05-24 20:48:38,719 [pool-68-thread-1] INFO  server.RaftServerConfigKeys (ConfUtils.java:logGet(46)) - raft.server.notification.no-leader.timeout = 300s (custom)
2022-05-24 20:48:38,719 [pool-68-thread-1] INFO  server.RaftServerConfigKeys (ConfUtils.java:logGet(46)) - raft.server.log.use.memory = false (default)
2022-05-24 20:48:38,719 [pool-68-thread-1] INFO  server.RaftServerConfigKeys (ConfUtils.java:logGet(46)) - raft.server.log.purge.gap = 1000000 (custom)
2022-05-24 20:48:38,719 [pool-68-thread-1] INFO  server.RaftServerConfigKeys (ConfUtils.java:logGet(46)) - raft.server.log.appender.buffer.byte-limit = 33554432 (custom)
2022-05-24 20:48:38,725 [EventQueue-OpenPipelineForHealthyPipelineSafeModeRule] INFO  safemode.SCMSafeModeManager (HealthyPipelineSafeModeRule.java:process(124)) - SCM in safe mode. Healthy pipelines reported count is 0, required healthy pipeline reported count is 1
2022-05-24 20:48:38,725 [pool-112-thread-1] INFO  server.RaftServerConfigKeys (ConfUtils.java:logGet(46)) - raft.server.log.write.buffer.size = 1048576 (custom)
2022-05-24 20:48:38,726 [pool-68-thread-1] INFO  server.RaftServerConfigKeys (ConfUtils.java:logGet(46)) - raft.server.log.statemachine.data.read.timeout = 1000ms (default)
2022-05-24 20:48:38,727 [pool-68-thread-1] INFO  server.RaftServerConfigKeys (ConfUtils.java:logGet(46)) - raft.server.log.segment.size.max = 1048576 (custom)
2022-05-24 20:48:38,727 [pool-68-thread-1] INFO  server.RaftServerConfigKeys (ConfUtils.java:logGet(46)) - raft.server.log.segment.cache.num.max = 2 (custom)
2022-05-24 20:48:38,727 [pool-68-thread-1] INFO  server.RaftServerConfigKeys (ConfUtils.java:logGet(46)) - raft.server.log.segment.cache.size.max = 200MB (=209715200) (default)
2022-05-24 20:48:38,727 [pool-68-thread-1] INFO  segmented.SegmentedRaftLogWorker (SegmentedRaftLogWorker.java:<init>(187)) - new 9fafcebc-4ec8-4b2f-921e-361fad102aa9@group-A66BB8458387-SegmentedRaftLogWorker for RaftStorageImpl:Storage Directory /home/runner/work/ozone/ozone/hadoop-ozone/integration-test/target/test-dir/MiniOzoneClusterImpl-68ae5bae-a44d-4587-ae52-251ec6d3fd1e/datanode-0/data/ratis/c4f32d63-29ce-4900-8b2e-a66bb8458387
2022-05-24 20:48:38,727 [pool-68-thread-1] INFO  server.RaftServerConfigKeys (ConfUtils.java:logGet(46)) - raft.server.log.queue.byte-limit = 4294967296 (custom)
2022-05-24 20:48:38,727 [pool-68-thread-1] INFO  server.RaftServerConfigKeys (ConfUtils.java:logGet(46)) - raft.server.log.queue.element-limit = 1024 (custom)
2022-05-24 20:48:38,727 [pool-68-thread-1] INFO  server.RaftServerConfigKeys (ConfUtils.java:logGet(46)) - raft.server.log.segment.size.max = 1048576 (custom)
2022-05-24 20:48:38,727 [pool-68-thread-1] INFO  server.RaftServerConfigKeys (ConfUtils.java:logGet(46)) - raft.server.log.preallocated.size = 16384 (custom)
2022-05-24 20:48:38,727 [pool-68-thread-1] INFO  server.RaftServerConfigKeys (ConfUtils.java:logGet(46)) - raft.server.log.force.sync.num = 128 (default)
2022-05-24 20:48:38,728 [pool-68-thread-1] INFO  server.RaftServerConfigKeys (ConfUtils.java:logGet(46)) - raft.server.log.statemachine.data.sync = true (default)
2022-05-24 20:48:38,728 [pool-68-thread-1] INFO  server.RaftServerConfigKeys (ConfUtils.java:logGet(46)) - raft.server.log.statemachine.data.sync.timeout = 10s (default)
2022-05-24 20:48:38,728 [pool-68-thread-1] INFO  server.RaftServerConfigKeys (ConfUtils.java:logGet(46)) - raft.server.log.statemachine.data.sync.timeout.retry = -1 (default)
2022-05-24 20:48:38,729 [pool-68-thread-1] INFO  server.RaftServerConfigKeys (ConfUtils.java:logGet(46)) - raft.server.log.write.buffer.size = 1048576 (custom)
2022-05-24 20:48:38,729 [pool-68-thread-1] INFO  server.RaftServerConfigKeys (ConfUtils.java:logGet(46)) - raft.server.log.unsafe-flush.enabled = false (default)
2022-05-24 20:48:38,729 [pool-68-thread-1] INFO  server.RaftServerConfigKeys (ConfUtils.java:logGet(46)) - raft.server.log.statemachine.data.caching.enabled = true (custom)
2022-05-24 20:48:38,729 [pool-68-thread-1] INFO  segmented.SegmentedRaftLogWorker (SegmentedRaftLogWorker.java:lambda$new$0(135)) - 9fafcebc-4ec8-4b2f-921e-361fad102aa9@group-A66BB8458387-SegmentedRaftLogWorker: flushIndex: setUnconditionally 0 -> -1
2022-05-24 20:48:38,729 [pool-68-thread-1] INFO  segmented.SegmentedRaftLogWorker (SegmentedRaftLogWorker.java:lambda$new$0(135)) - 9fafcebc-4ec8-4b2f-921e-361fad102aa9@group-A66BB8458387-SegmentedRaftLogWorker: safeCacheEvictIndex: setUnconditionally 0 -> -1
2022-05-24 20:48:38,731 [pool-112-thread-1] INFO  server.RaftServerConfigKeys (ConfUtils.java:logGet(46)) - raft.server.log.unsafe-flush.enabled = false (default)
2022-05-24 20:48:38,732 [pool-112-thread-1] INFO  server.RaftServerConfigKeys (ConfUtils.java:logGet(46)) - raft.server.log.statemachine.data.caching.enabled = true (custom)
2022-05-24 20:48:38,732 [pool-112-thread-1] INFO  segmented.SegmentedRaftLogWorker (SegmentedRaftLogWorker.java:lambda$new$0(135)) - 2fee1640-d3c9-493e-8933-b41673c21aaf@group-0B1FB73F6FF2-SegmentedRaftLogWorker: flushIndex: setUnconditionally 0 -> -1
2022-05-24 20:48:38,732 [pool-112-thread-1] INFO  segmented.SegmentedRaftLogWorker (SegmentedRaftLogWorker.java:lambda$new$0(135)) - 2fee1640-d3c9-493e-8933-b41673c21aaf@group-0B1FB73F6FF2-SegmentedRaftLogWorker: safeCacheEvictIndex: setUnconditionally 0 -> -1
2022-05-24 20:48:38,732 [pool-68-thread-1] INFO  server.RaftServerConfigKeys (ConfUtils.java:logGet(46)) - raft.server.snapshot.auto.trigger.enabled = true (custom)
2022-05-24 20:48:38,732 [pool-68-thread-1] INFO  server.RaftServerConfigKeys (ConfUtils.java:logGet(46)) - raft.server.snapshot.auto.trigger.threshold = 10000 (custom)
2022-05-24 20:48:38,732 [pool-68-thread-1] INFO  server.RaftServerConfigKeys (ConfUtils.java:logGet(46)) - raft.server.snapshot.retention.file.num = 5 (custom)
2022-05-24 20:48:38,732 [pool-68-thread-1] INFO  server.RaftServerConfigKeys (ConfUtils.java:logGet(46)) - raft.server.log.purge.upto.snapshot.index = false (default)
2022-05-24 20:48:38,732 [pool-68-thread-1] INFO  server.RaftServerConfigKeys (ConfUtils.java:logGet(46)) - raft.server.retrycache.expirytime = 600000ms (custom)
2022-05-24 20:48:38,732 [pool-68-thread-1] INFO  server.RaftServerConfigKeys (ConfUtils.java:logGet(46)) - raft.server.retrycache.statistics.expirytime = 100μs (default)
2022-05-24 20:48:38,733 [pool-68-thread-1] INFO  server.RaftServerConfigKeys (ConfUtils.java:logGet(46)) - raft.server.log.appender.install.snapshot.enabled = false (custom)
2022-05-24 20:48:38,733 [pool-68-thread-1] INFO  server.RaftServerConfigKeys (ConfUtils.java:logGet(46)) - raft.server.threadpool.server.cached = true (default)
2022-05-24 20:48:38,733 [pool-68-thread-1] INFO  server.RaftServerConfigKeys (ConfUtils.java:logGet(46)) - raft.server.threadpool.server.size = 0 (default)
2022-05-24 20:48:38,733 [pool-68-thread-1] INFO  server.RaftServerConfigKeys (ConfUtils.java:logGet(46)) - raft.server.threadpool.client.cached = true (default)
2022-05-24 20:48:38,733 [pool-68-thread-1] INFO  server.RaftServerConfigKeys (ConfUtils.java:logGet(46)) - raft.server.threadpool.client.size = 0 (default)
2022-05-24 20:48:38,734 [pool-68-thread-1] INFO  server.RaftServer$Division (RaftServerImpl.java:start(310)) - 9fafcebc-4ec8-4b2f-921e-361fad102aa9@group-A66BB8458387: start as a follower, conf=-1: [9fafcebc-4ec8-4b2f-921e-361fad102aa9|rpc:10.1.0.30:37523|priority:1, 01e7dfcd-082b-401a-ab9e-a677cf0851a6|rpc:10.1.0.30:34373|priority:0, 2fee1640-d3c9-493e-8933-b41673c21aaf|rpc:10.1.0.30:36361|priority:0], old=null
2022-05-24 20:48:38,734 [pool-68-thread-1] INFO  server.RaftServer$Division (RaftServerImpl.java:setRole(299)) - 9fafcebc-4ec8-4b2f-921e-361fad102aa9@group-A66BB8458387: changes role from      null to FOLLOWER at term 0 for startAsFollower
2022-05-24 20:48:38,734 [pool-68-thread-1] INFO  impl.RoleInfo (RoleInfo.java:updateAndGet(139)) - 9fafcebc-4ec8-4b2f-921e-361fad102aa9: start 9fafcebc-4ec8-4b2f-921e-361fad102aa9@group-A66BB8458387-FollowerState
2022-05-24 20:48:38,736 [pool-68-thread-1] INFO  util.JmxRegister (JmxRegister.java:tryRegister(44)) - Successfully registered JMX Bean with object name Ratis:service=RaftServer,group=group-A66BB8458387,id=9fafcebc-4ec8-4b2f-921e-361fad102aa9
2022-05-24 20:48:38,736 [pool-112-thread-1] INFO  server.RaftServerConfigKeys (ConfUtils.java:logGet(46)) - raft.server.snapshot.auto.trigger.enabled = true (custom)
2022-05-24 20:48:38,737 [pool-112-thread-1] INFO  server.RaftServerConfigKeys (ConfUtils.java:logGet(46)) - raft.server.snapshot.auto.trigger.threshold = 10000 (custom)
2022-05-24 20:48:38,737 [pool-112-thread-1] INFO  server.RaftServerConfigKeys (ConfUtils.java:logGet(46)) - raft.server.snapshot.retention.file.num = 5 (custom)
2022-05-24 20:48:38,737 [pool-112-thread-1] INFO  server.RaftServerConfigKeys (ConfUtils.java:logGet(46)) - raft.server.log.purge.upto.snapshot.index = false (default)
2022-05-24 20:48:38,737 [pool-112-thread-1] INFO  server.RaftServerConfigKeys (ConfUtils.java:logGet(46)) - raft.server.retrycache.expirytime = 600000ms (custom)
2022-05-24 20:48:38,737 [pool-112-thread-1] INFO  server.RaftServerConfigKeys (ConfUtils.java:logGet(46)) - raft.server.retrycache.statistics.expirytime = 100μs (default)
2022-05-24 20:48:38,738 [pool-112-thread-1] INFO  server.RaftServerConfigKeys (ConfUtils.java:logGet(46)) - raft.server.log.appender.install.snapshot.enabled = false (custom)
2022-05-24 20:48:38,738 [pool-112-thread-1] INFO  server.RaftServerConfigKeys (ConfUtils.java:logGet(46)) - raft.server.threadpool.server.cached = true (default)
2022-05-24 20:48:38,738 [pool-112-thread-1] INFO  server.RaftServerConfigKeys (ConfUtils.java:logGet(46)) - raft.server.threadpool.server.size = 0 (default)
2022-05-24 20:48:38,738 [pool-112-thread-1] INFO  server.RaftServerConfigKeys (ConfUtils.java:logGet(46)) - raft.server.threadpool.client.cached = true (default)
2022-05-24 20:48:38,738 [pool-112-thread-1] INFO  server.RaftServerConfigKeys (ConfUtils.java:logGet(46)) - raft.server.threadpool.client.size = 0 (default)
2022-05-24 20:48:38,738 [pool-112-thread-1] INFO  server.RaftServer$Division (RaftServerImpl.java:start(310)) - 2fee1640-d3c9-493e-8933-b41673c21aaf@group-0B1FB73F6FF2: start as a follower, conf=-1: [9fafcebc-4ec8-4b2f-921e-361fad102aa9|rpc:10.1.0.30:37523|dataStream:|priority:0, 01e7dfcd-082b-401a-ab9e-a677cf0851a6|rpc:10.1.0.30:34373|dataStream:|priority:0, 2fee1640-d3c9-493e-8933-b41673c21aaf|rpc:10.1.0.30:36361|dataStream:|priority:1], old=null
2022-05-24 20:48:38,738 [pool-112-thread-1] INFO  server.RaftServer$Division (RaftServerImpl.java:setRole(299)) - 2fee1640-d3c9-493e-8933-b41673c21aaf@group-0B1FB73F6FF2: changes role from      null to FOLLOWER at term 0 for startAsFollower
2022-05-24 20:48:38,738 [pool-112-thread-1] INFO  impl.RoleInfo (RoleInfo.java:updateAndGet(139)) - 2fee1640-d3c9-493e-8933-b41673c21aaf: start 2fee1640-d3c9-493e-8933-b41673c21aaf@group-0B1FB73F6FF2-FollowerState
2022-05-24 20:48:38,739 [pool-112-thread-1] INFO  util.JmxRegister (JmxRegister.java:tryRegister(44)) - Successfully registered JMX Bean with object name Ratis:service=RaftServer,group=group-0B1FB73F6FF2,id=2fee1640-d3c9-493e-8933-b41673c21aaf
2022-05-24 20:48:38,747 [Command processor thread] INFO  ratis.XceiverServerRatis (XceiverServerRatis.java:addGroup(765)) - Created group PipelineID=c4f32d63-29ce-4900-8b2e-a66bb8458387
2022-05-24 20:48:38,759 [grpc-default-executor-1] INFO  server.RaftServer (RaftServerProxy.java:addNew(96)) - 2fee1640-d3c9-493e-8933-b41673c21aaf: addNew group-A66BB8458387:[9fafcebc-4ec8-4b2f-921e-361fad102aa9|rpc:10.1.0.30:37523|dataStream:|priority:1, 01e7dfcd-082b-401a-ab9e-a677cf0851a6|rpc:10.1.0.30:34373|dataStream:|priority:0, 2fee1640-d3c9-493e-8933-b41673c21aaf|rpc:10.1.0.30:36361|dataStream:|priority:0] returns group-A66BB8458387:java.util.concurrent.CompletableFuture@f6e653e[Not completed]
2022-05-24 20:48:38,760 [pool-112-thread-1] INFO  server.RaftServer$Division (RaftServerImpl.java:<init>(190)) - 2fee1640-d3c9-493e-8933-b41673c21aaf: new RaftServerImpl for group-A66BB8458387:[9fafcebc-4ec8-4b2f-921e-361fad102aa9|rpc:10.1.0.30:37523|dataStream:|priority:1, 01e7dfcd-082b-401a-ab9e-a677cf0851a6|rpc:10.1.0.30:34373|dataStream:|priority:0, 2fee1640-d3c9-493e-8933-b41673c21aaf|rpc:10.1.0.30:36361|dataStream:|priority:0] with ContainerStateMachine:uninitialized
2022-05-24 20:48:38,760 [pool-112-thread-1] INFO  server.RaftServerConfigKeys (ConfUtils.java:logGet(46)) - raft.server.rpc.timeout.min = 5s (custom)
2022-05-24 20:48:38,760 [pool-112-thread-1] INFO  server.RaftServerConfigKeys (ConfUtils.java:logGet(46)) - raft.server.rpc.timeout.max = 5200ms (custom)
2022-05-24 20:48:38,760 [pool-112-thread-1] INFO  server.RaftServerConfigKeys (ConfUtils.java:logGet(46)) - raft.server.rpc.sleep.time = 25ms (default)
2022-05-24 20:48:38,760 [pool-112-thread-1] INFO  server.RaftServerConfigKeys (ConfUtils.java:logGet(46)) - raft.server.rpc.slowness.timeout = 300s (custom)
2022-05-24 20:48:38,760 [pool-112-thread-1] INFO  server.RaftServerConfigKeys (ConfUtils.java:logGet(46)) - raft.server.leaderelection.leader.step-down.wait-time = 10s (default)
2022-05-24 20:48:38,760 [pool-112-thread-1] INFO  server.RaftServerConfigKeys (ConfUtils.java:logGet(46)) - raft.server.sleep.deviation.threshold = 300ms (default)
2022-05-24 20:48:38,761 [pool-112-thread-1] INFO  server.RaftServer$Division (ServerState.java:<init>(107)) - 2fee1640-d3c9-493e-8933-b41673c21aaf@group-A66BB8458387: ConfigurationManager, init=-1: [9fafcebc-4ec8-4b2f-921e-361fad102aa9|rpc:10.1.0.30:37523|dataStream:|priority:1, 01e7dfcd-082b-401a-ab9e-a677cf0851a6|rpc:10.1.0.30:34373|dataStream:|priority:0, 2fee1640-d3c9-493e-8933-b41673c21aaf|rpc:10.1.0.30:36361|dataStream:|priority:0], old=null, confs=<EMPTY_MAP>
2022-05-24 20:48:38,761 [pool-112-thread-1] INFO  server.RaftServerConfigKeys (ConfUtils.java:logGet(46)) - raft.server.storage.dir = [/home/runner/work/ozone/ozone/hadoop-ozone/integration-test/target/test-dir/MiniOzoneClusterImpl-68ae5bae-a44d-4587-ae52-251ec6d3fd1e/datanode-2/data/ratis] (custom)
2022-05-24 20:48:38,761 [pool-112-thread-1] INFO  server.RaftServerConfigKeys (ConfUtils.java:logGet(46)) - raft.server.log.corruption.policy = EXCEPTION (default)
2022-05-24 20:48:38,761 [pool-112-thread-1] INFO  server.RaftServerConfigKeys (ConfUtils.java:logGet(46)) - raft.server.storage.free-space.min = 0MB (=0) (default)
2022-05-24 20:48:38,761 [pool-112-thread-1] INFO  storage.RaftStorageDirectory (RaftStorageDirectoryImpl.java:analyzeStorage(135)) - The storage directory /home/runner/work/ozone/ozone/hadoop-ozone/integration-test/target/test-dir/MiniOzoneClusterImpl-68ae5bae-a44d-4587-ae52-251ec6d3fd1e/datanode-2/data/ratis/c4f32d63-29ce-4900-8b2e-a66bb8458387 does not exist. Creating ...
2022-05-24 20:48:38,762 [pool-112-thread-1] INFO  storage.RaftStorageDirectory (RaftStorageDirectoryImpl.java:tryLock(230)) - Lock on /home/runner/work/ozone/ozone/hadoop-ozone/integration-test/target/test-dir/MiniOzoneClusterImpl-68ae5bae-a44d-4587-ae52-251ec6d3fd1e/datanode-2/data/ratis/c4f32d63-29ce-4900-8b2e-a66bb8458387/in_use.lock acquired by nodename 28664@fv-az122-930
2022-05-24 20:48:38,765 [pool-112-thread-1] INFO  storage.RaftStorage (RaftStorageImpl.java:format(89)) - Storage directory /home/runner/work/ozone/ozone/hadoop-ozone/integration-test/target/test-dir/MiniOzoneClusterImpl-68ae5bae-a44d-4587-ae52-251ec6d3fd1e/datanode-2/data/ratis/c4f32d63-29ce-4900-8b2e-a66bb8458387 has been successfully formatted.
2022-05-24 20:48:38,765 [pool-112-thread-1] INFO  ratis.ContainerStateMachine (ContainerStateMachine.java:loadSnapshot(236)) - group-A66BB8458387: The snapshot info is null. Setting the last applied indexto:(t:0, i:~)
2022-05-24 20:48:38,765 [pool-112-thread-1] INFO  server.RaftServerConfigKeys (ConfUtils.java:logGet(46)) - raft.server.notification.no-leader.timeout = 300s (custom)
2022-05-24 20:48:38,766 [pool-112-thread-1] INFO  server.RaftServerConfigKeys (ConfUtils.java:logGet(46)) - raft.server.log.use.memory = false (default)
2022-05-24 20:48:38,766 [pool-112-thread-1] INFO  server.RaftServerConfigKeys (ConfUtils.java:logGet(46)) - raft.server.log.purge.gap = 1000000 (custom)
2022-05-24 20:48:38,766 [pool-112-thread-1] INFO  server.RaftServerConfigKeys (ConfUtils.java:logGet(46)) - raft.server.log.appender.buffer.byte-limit = 33554432 (custom)
2022-05-24 20:48:38,766 [pool-112-thread-1] INFO  server.RaftServerConfigKeys (ConfUtils.java:logGet(46)) - raft.server.log.statemachine.data.read.timeout = 1000ms (default)
2022-05-24 20:48:38,766 [pool-112-thread-1] INFO  server.RaftServerConfigKeys (ConfUtils.java:logGet(46)) - raft.server.log.segment.size.max = 1048576 (custom)
2022-05-24 20:48:38,766 [pool-112-thread-1] INFO  server.RaftServerConfigKeys (ConfUtils.java:logGet(46)) - raft.server.log.segment.cache.num.max = 2 (custom)
2022-05-24 20:48:38,766 [pool-112-thread-1] INFO  server.RaftServerConfigKeys (ConfUtils.java:logGet(46)) - raft.server.log.segment.cache.size.max = 200MB (=209715200) (default)
2022-05-24 20:48:38,766 [pool-112-thread-1] INFO  segmented.SegmentedRaftLogWorker (SegmentedRaftLogWorker.java:<init>(187)) - new 2fee1640-d3c9-493e-8933-b41673c21aaf@group-A66BB8458387-SegmentedRaftLogWorker for RaftStorageImpl:Storage Directory /home/runner/work/ozone/ozone/hadoop-ozone/integration-test/target/test-dir/MiniOzoneClusterImpl-68ae5bae-a44d-4587-ae52-251ec6d3fd1e/datanode-2/data/ratis/c4f32d63-29ce-4900-8b2e-a66bb8458387
2022-05-24 20:48:38,766 [pool-112-thread-1] INFO  server.RaftServerConfigKeys (ConfUtils.java:logGet(46)) - raft.server.log.queue.byte-limit = 4294967296 (custom)
2022-05-24 20:48:38,767 [pool-112-thread-1] INFO  server.RaftServerConfigKeys (ConfUtils.java:logGet(46)) - raft.server.log.queue.element-limit = 1024 (custom)
2022-05-24 20:48:38,767 [pool-112-thread-1] INFO  server.RaftServerConfigKeys (ConfUtils.java:logGet(46)) - raft.server.log.segment.size.max = 1048576 (custom)
2022-05-24 20:48:38,767 [pool-112-thread-1] INFO  server.RaftServerConfigKeys (ConfUtils.java:logGet(46)) - raft.server.log.preallocated.size = 16384 (custom)
2022-05-24 20:48:38,767 [pool-112-thread-1] INFO  server.RaftServerConfigKeys (ConfUtils.java:logGet(46)) - raft.server.log.force.sync.num = 128 (default)
2022-05-24 20:48:38,767 [pool-112-thread-1] INFO  server.RaftServerConfigKeys (ConfUtils.java:logGet(46)) - raft.server.log.statemachine.data.sync = true (default)
2022-05-24 20:48:38,767 [pool-112-thread-1] INFO  server.RaftServerConfigKeys (ConfUtils.java:logGet(46)) - raft.server.log.statemachine.data.sync.timeout = 10s (default)
2022-05-24 20:48:38,767 [pool-112-thread-1] INFO  server.RaftServerConfigKeys (ConfUtils.java:logGet(46)) - raft.server.log.statemachine.data.sync.timeout.retry = -1 (default)
2022-05-24 20:48:38,768 [pool-112-thread-1] INFO  server.RaftServerConfigKeys (ConfUtils.java:logGet(46)) - raft.server.log.write.buffer.size = 1048576 (custom)
2022-05-24 20:48:38,771 [Command processor thread] INFO  server.RaftServer (RaftServerProxy.java:addNew(96)) - 2fee1640-d3c9-493e-8933-b41673c21aaf: addNew group-C2FDD9CDB2A4:[2fee1640-d3c9-493e-8933-b41673c21aaf|rpc:10.1.0.30:36361|priority:1] returns group-C2FDD9CDB2A4:java.util.concurrent.CompletableFuture@67869866[Not completed]
2022-05-24 20:48:38,771 [pool-112-thread-1] INFO  server.RaftServerConfigKeys (ConfUtils.java:logGet(46)) - raft.server.log.unsafe-flush.enabled = false (default)
2022-05-24 20:48:38,771 [pool-112-thread-1] INFO  server.RaftServerConfigKeys (ConfUtils.java:logGet(46)) - raft.server.log.statemachine.data.caching.enabled = true (custom)
2022-05-24 20:48:38,772 [pool-112-thread-1] INFO  segmented.SegmentedRaftLogWorker (SegmentedRaftLogWorker.java:lambda$new$0(135)) - 2fee1640-d3c9-493e-8933-b41673c21aaf@group-A66BB8458387-SegmentedRaftLogWorker: flushIndex: setUnconditionally 0 -> -1
2022-05-24 20:48:38,772 [pool-112-thread-1] INFO  segmented.SegmentedRaftLogWorker (SegmentedRaftLogWorker.java:lambda$new$0(135)) - 2fee1640-d3c9-493e-8933-b41673c21aaf@group-A66BB8458387-SegmentedRaftLogWorker: safeCacheEvictIndex: setUnconditionally 0 -> -1
2022-05-24 20:48:38,780 [pool-112-thread-1] INFO  server.RaftServerConfigKeys (ConfUtils.java:logGet(46)) - raft.server.snapshot.auto.trigger.enabled = true (custom)
2022-05-24 20:48:38,780 [pool-112-thread-1] INFO  server.RaftServerConfigKeys (ConfUtils.java:logGet(46)) - raft.server.snapshot.auto.trigger.threshold = 10000 (custom)
2022-05-24 20:48:38,780 [pool-112-thread-1] INFO  server.RaftServerConfigKeys (ConfUtils.java:logGet(46)) - raft.server.snapshot.retention.file.num = 5 (custom)
2022-05-24 20:48:38,780 [pool-112-thread-1] INFO  server.RaftServerConfigKeys (ConfUtils.java:logGet(46)) - raft.server.log.purge.upto.snapshot.index = false (default)
2022-05-24 20:48:38,780 [pool-112-thread-1] INFO  server.RaftServerConfigKeys (ConfUtils.java:logGet(46)) - raft.server.retrycache.expirytime = 600000ms (custom)
2022-05-24 20:48:38,780 [pool-112-thread-1] INFO  server.RaftServerConfigKeys (ConfUtils.java:logGet(46)) - raft.server.retrycache.statistics.expirytime = 100μs (default)
2022-05-24 20:48:38,782 [pool-112-thread-1] INFO  server.RaftServerConfigKeys (ConfUtils.java:logGet(46)) - raft.server.log.appender.install.snapshot.enabled = false (custom)
2022-05-24 20:48:38,782 [pool-112-thread-1] INFO  server.RaftServerConfigKeys (ConfUtils.java:logGet(46)) - raft.server.threadpool.server.cached = true (default)
2022-05-24 20:48:38,782 [pool-112-thread-1] INFO  server.RaftServerConfigKeys (ConfUtils.java:logGet(46)) - raft.server.threadpool.server.size = 0 (default)
2022-05-24 20:48:38,782 [pool-112-thread-1] INFO  server.RaftServerConfigKeys (ConfUtils.java:logGet(46)) - raft.server.threadpool.client.cached = true (default)
2022-05-24 20:48:38,782 [pool-112-thread-1] INFO  server.RaftServerConfigKeys (ConfUtils.java:logGet(46)) - raft.server.threadpool.client.size = 0 (default)
2022-05-24 20:48:38,783 [pool-112-thread-1] INFO  server.RaftServer$Division (RaftServerImpl.java:<init>(190)) - 2fee1640-d3c9-493e-8933-b41673c21aaf: new RaftServerImpl for group-C2FDD9CDB2A4:[2fee1640-d3c9-493e-8933-b41673c21aaf|rpc:10.1.0.30:36361|priority:1] with ContainerStateMachine:uninitialized
2022-05-24 20:48:38,783 [pool-112-thread-1] INFO  server.RaftServerConfigKeys (ConfUtils.java:logGet(46)) - raft.server.rpc.timeout.min = 5s (custom)
2022-05-24 20:48:38,783 [pool-112-thread-1] INFO  server.RaftServerConfigKeys (ConfUtils.java:logGet(46)) - raft.server.rpc.timeout.max = 5200ms (custom)
2022-05-24 20:48:38,783 [pool-112-thread-1] INFO  server.RaftServerConfigKeys (ConfUtils.java:logGet(46)) - raft.server.rpc.sleep.time = 25ms (default)
2022-05-24 20:48:38,783 [pool-112-thread-1] INFO  server.RaftServerConfigKeys (ConfUtils.java:logGet(46)) - raft.server.rpc.slowness.timeout = 300s (custom)
2022-05-24 20:48:38,783 [pool-112-thread-1] INFO  server.RaftServerConfigKeys (ConfUtils.java:logGet(46)) - raft.server.leaderelection.leader.step-down.wait-time = 10s (default)
2022-05-24 20:48:38,783 [pool-112-thread-1] INFO  server.RaftServerConfigKeys (ConfUtils.java:logGet(46)) - raft.server.sleep.deviation.threshold = 300ms (default)
2022-05-24 20:48:38,783 [pool-112-thread-1] INFO  server.RaftServer$Division (ServerState.java:<init>(107)) - 2fee1640-d3c9-493e-8933-b41673c21aaf@group-C2FDD9CDB2A4: ConfigurationManager, init=-1: [2fee1640-d3c9-493e-8933-b41673c21aaf|rpc:10.1.0.30:36361|priority:1], old=null, confs=<EMPTY_MAP>
2022-05-24 20:48:38,783 [pool-112-thread-1] INFO  server.RaftServerConfigKeys (ConfUtils.java:logGet(46)) - raft.server.storage.dir = [/home/runner/work/ozone/ozone/hadoop-ozone/integration-test/target/test-dir/MiniOzoneClusterImpl-68ae5bae-a44d-4587-ae52-251ec6d3fd1e/datanode-2/data/ratis] (custom)
2022-05-24 20:48:38,783 [pool-112-thread-1] INFO  server.RaftServerConfigKeys (ConfUtils.java:logGet(46)) - raft.server.log.corruption.policy = EXCEPTION (default)
2022-05-24 20:48:38,783 [pool-112-thread-1] INFO  server.RaftServerConfigKeys (ConfUtils.java:logGet(46)) - raft.server.storage.free-space.min = 0MB (=0) (default)
2022-05-24 20:48:38,787 [pool-112-thread-1] INFO  storage.RaftStorageDirectory (RaftStorageDirectoryImpl.java:analyzeStorage(135)) - The storage directory /home/runner/work/ozone/ozone/hadoop-ozone/integration-test/target/test-dir/MiniOzoneClusterImpl-68ae5bae-a44d-4587-ae52-251ec6d3fd1e/datanode-2/data/ratis/237c5b0a-2044-4f23-9171-c2fdd9cdb2a4 does not exist. Creating ...
2022-05-24 20:48:38,790 [pool-112-thread-1] INFO  storage.RaftStorageDirectory (RaftStorageDirectoryImpl.java:tryLock(230)) - Lock on /home/runner/work/ozone/ozone/hadoop-ozone/integration-test/target/test-dir/MiniOzoneClusterImpl-68ae5bae-a44d-4587-ae52-251ec6d3fd1e/datanode-2/data/ratis/237c5b0a-2044-4f23-9171-c2fdd9cdb2a4/in_use.lock acquired by nodename 28664@fv-az122-930
2022-05-24 20:48:38,792 [pool-112-thread-1] INFO  storage.RaftStorage (RaftStorageImpl.java:format(89)) - Storage directory /home/runner/work/ozone/ozone/hadoop-ozone/integration-test/target/test-dir/MiniOzoneClusterImpl-68ae5bae-a44d-4587-ae52-251ec6d3fd1e/datanode-2/data/ratis/237c5b0a-2044-4f23-9171-c2fdd9cdb2a4 has been successfully formatted.
2022-05-24 20:48:38,792 [Command processor thread] INFO  commandhandler.CreatePipelineCommandHandler (CreatePipelineCommandHandler.java:handle(113)) - Created Pipeline RATIS THREE PipelineID=1fc04178-28da-406c-81f9-0b1fb73f6ff2.
2022-05-24 20:48:38,793 [pool-112-thread-1] INFO  ratis.ContainerStateMachine (ContainerStateMachine.java:loadSnapshot(236)) - group-C2FDD9CDB2A4: The snapshot info is null. Setting the last applied indexto:(t:0, i:~)
2022-05-24 20:48:38,793 [pool-90-thread-1] INFO  server.RaftServer$Division (RaftServerImpl.java:<init>(190)) - 01e7dfcd-082b-401a-ab9e-a677cf0851a6: new RaftServerImpl for group-A66BB8458387:[9fafcebc-4ec8-4b2f-921e-361fad102aa9|rpc:10.1.0.30:37523|priority:1, 01e7dfcd-082b-401a-ab9e-a677cf0851a6|rpc:10.1.0.30:34373|priority:0, 2fee1640-d3c9-493e-8933-b41673c21aaf|rpc:10.1.0.30:36361|priority:0] with ContainerStateMachine:uninitialized
2022-05-24 20:48:38,794 [pool-90-thread-1] INFO  server.RaftServerConfigKeys (ConfUtils.java:logGet(46)) - raft.server.rpc.timeout.min = 5s (custom)
2022-05-24 20:48:38,794 [pool-90-thread-1] INFO  server.RaftServerConfigKeys (ConfUtils.java:logGet(46)) - raft.server.rpc.timeout.max = 5200ms (custom)
2022-05-24 20:48:38,794 [pool-90-thread-1] INFO  server.RaftServerConfigKeys (ConfUtils.java:logGet(46)) - raft.server.rpc.sleep.time = 25ms (default)
2022-05-24 20:48:38,794 [pool-90-thread-1] INFO  server.RaftServerConfigKeys (ConfUtils.java:logGet(46)) - raft.server.rpc.slowness.timeout = 300s (custom)
2022-05-24 20:48:38,794 [pool-90-thread-1] INFO  server.RaftServerConfigKeys (ConfUtils.java:logGet(46)) - raft.server.leaderelection.leader.step-down.wait-time = 10s (default)
2022-05-24 20:48:38,794 [pool-90-thread-1] INFO  server.RaftServerConfigKeys (ConfUtils.java:logGet(46)) - raft.server.sleep.deviation.threshold = 300ms (default)
2022-05-24 20:48:38,794 [pool-90-thread-1] INFO  server.RaftServer$Division (ServerState.java:<init>(107)) - 01e7dfcd-082b-401a-ab9e-a677cf0851a6@group-A66BB8458387: ConfigurationManager, init=-1: [9fafcebc-4ec8-4b2f-921e-361fad102aa9|rpc:10.1.0.30:37523|priority:1, 01e7dfcd-082b-401a-ab9e-a677cf0851a6|rpc:10.1.0.30:34373|priority:0, 2fee1640-d3c9-493e-8933-b41673c21aaf|rpc:10.1.0.30:36361|priority:0], old=null, confs=<EMPTY_MAP>
2022-05-24 20:48:38,794 [pool-90-thread-1] INFO  server.RaftServerConfigKeys (ConfUtils.java:logGet(46)) - raft.server.storage.dir = [/home/runner/work/ozone/ozone/hadoop-ozone/integration-test/target/test-dir/MiniOzoneClusterImpl-68ae5bae-a44d-4587-ae52-251ec6d3fd1e/datanode-1/data/ratis] (custom)
2022-05-24 20:48:38,795 [pool-90-thread-1] INFO  server.RaftServerConfigKeys (ConfUtils.java:logGet(46)) - raft.server.log.corruption.policy = EXCEPTION (default)
2022-05-24 20:48:38,795 [pool-90-thread-1] INFO  server.RaftServerConfigKeys (ConfUtils.java:logGet(46)) - raft.server.storage.free-space.min = 0MB (=0) (default)
2022-05-24 20:48:38,795 [EventQueue-PipelineReportForPipelineReportHandler] INFO  pipeline.PipelineManagerImpl (PipelineManagerImpl.java:openPipeline(336)) - Pipeline Pipeline[ Id: 237c5b0a-2044-4f23-9171-c2fdd9cdb2a4, Nodes: 2fee1640-d3c9-493e-8933-b41673c21aaf{ip: 10.1.0.30, host: fv-az122-930.eh24crq5omsuteaqbma5cv3ijc.phxx.internal.cloudapp.net, ports: [REPLICATION=40513, RATIS=36361, RATIS_ADMIN=36361, RATIS_SERVER=36361, STANDALONE=39083], networkLocation: /default-rack, certSerialId: null, persistedOpState: IN_SERVICE, persistedOpStateExpiryEpochSec: 0}, ReplicationConfig: RATIS/ONE, State:ALLOCATED, leaderId:2fee1640-d3c9-493e-8933-b41673c21aaf, CreationTimestamp2022-05-24T20:48:35.775Z[Etc/UTC]] moved to OPEN state
2022-05-24 20:48:38,795 [pool-112-thread-1] INFO  server.RaftServerConfigKeys (ConfUtils.java:logGet(46)) - raft.server.notification.no-leader.timeout = 300s (custom)
2022-05-24 20:48:38,795 [pool-112-thread-1] INFO  server.RaftServerConfigKeys (ConfUtils.java:logGet(46)) - raft.server.log.use.memory = false (default)
2022-05-24 20:48:38,795 [pool-112-thread-1] INFO  server.RaftServerConfigKeys (ConfUtils.java:logGet(46)) - raft.server.log.purge.gap = 1000000 (custom)
2022-05-24 20:48:38,795 [pool-112-thread-1] INFO  server.RaftServerConfigKeys (ConfUtils.java:logGet(46)) - raft.server.log.appender.buffer.byte-limit = 33554432 (custom)
2022-05-24 20:48:38,795 [pool-112-thread-1] INFO  server.RaftServerConfigKeys (ConfUtils.java:logGet(46)) - raft.server.log.statemachine.data.read.timeout = 1000ms (default)
2022-05-24 20:48:38,795 [pool-112-thread-1] INFO  server.RaftServerConfigKeys (ConfUtils.java:logGet(46)) - raft.server.log.segment.size.max = 1048576 (custom)
2022-05-24 20:48:38,795 [EventQueue-OpenPipelineForHealthyPipelineSafeModeRule] INFO  safemode.SCMSafeModeManager (HealthyPipelineSafeModeRule.java:process(124)) - SCM in safe mode. Healthy pipelines reported count is 0, required healthy pipeline reported count is 1
2022-05-24 20:48:38,793 [Command processor thread] INFO  server.RaftServer (RaftServerProxy.java:addNew(96)) - 01e7dfcd-082b-401a-ab9e-a677cf0851a6: addNew group-A66BB8458387:[9fafcebc-4ec8-4b2f-921e-361fad102aa9|rpc:10.1.0.30:37523|priority:1, 01e7dfcd-082b-401a-ab9e-a677cf0851a6|rpc:10.1.0.30:34373|priority:0, 2fee1640-d3c9-493e-8933-b41673c21aaf|rpc:10.1.0.30:36361|priority:0] returns group-A66BB8458387:java.util.concurrent.CompletableFuture@81d521a[Not completed]
2022-05-24 20:48:38,796 [pool-112-thread-1] INFO  server.RaftServerConfigKeys (ConfUtils.java:logGet(46)) - raft.server.log.segment.cache.num.max = 2 (custom)
2022-05-24 20:48:38,795 [pool-90-thread-1] INFO  storage.RaftStorageDirectory (RaftStorageDirectoryImpl.java:analyzeStorage(135)) - The storage directory /home/runner/work/ozone/ozone/hadoop-ozone/integration-test/target/test-dir/MiniOzoneClusterImpl-68ae5bae-a44d-4587-ae52-251ec6d3fd1e/datanode-1/data/ratis/c4f32d63-29ce-4900-8b2e-a66bb8458387 does not exist. Creating ...
2022-05-24 20:48:38,800 [pool-112-thread-1] INFO  server.RaftServerConfigKeys (ConfUtils.java:logGet(46)) - raft.server.log.segment.cache.size.max = 200MB (=209715200) (default)
2022-05-24 20:48:38,800 [pool-112-thread-1] INFO  segmented.SegmentedRaftLogWorker (SegmentedRaftLogWorker.java:<init>(187)) - new 2fee1640-d3c9-493e-8933-b41673c21aaf@group-C2FDD9CDB2A4-SegmentedRaftLogWorker for RaftStorageImpl:Storage Directory /home/runner/work/ozone/ozone/hadoop-ozone/integration-test/target/test-dir/MiniOzoneClusterImpl-68ae5bae-a44d-4587-ae52-251ec6d3fd1e/datanode-2/data/ratis/237c5b0a-2044-4f23-9171-c2fdd9cdb2a4
2022-05-24 20:48:38,800 [pool-112-thread-1] INFO  server.RaftServerConfigKeys (ConfUtils.java:logGet(46)) - raft.server.log.queue.byte-limit = 4294967296 (custom)
2022-05-24 20:48:38,800 [pool-112-thread-1] INFO  server.RaftServerConfigKeys (ConfUtils.java:logGet(46)) - raft.server.log.queue.element-limit = 1024 (custom)
2022-05-24 20:48:38,800 [pool-112-thread-1] INFO  server.RaftServerConfigKeys (ConfUtils.java:logGet(46)) - raft.server.log.segment.size.max = 1048576 (custom)
2022-05-24 20:48:38,800 [pool-112-thread-1] INFO  server.RaftServerConfigKeys (ConfUtils.java:logGet(46)) - raft.server.log.preallocated.size = 16384 (custom)
2022-05-24 20:48:38,800 [pool-112-thread-1] INFO  server.RaftServerConfigKeys (ConfUtils.java:logGet(46)) - raft.server.log.force.sync.num = 128 (default)
2022-05-24 20:48:38,800 [pool-112-thread-1] INFO  server.RaftServerConfigKeys (ConfUtils.java:logGet(46)) - raft.server.log.statemachine.data.sync = true (default)
2022-05-24 20:48:38,800 [pool-112-thread-1] INFO  server.RaftServerConfigKeys (ConfUtils.java:logGet(46)) - raft.server.log.statemachine.data.sync.timeout = 10s (default)
2022-05-24 20:48:38,800 [pool-112-thread-1] INFO  server.RaftServerConfigKeys (ConfUtils.java:logGet(46)) - raft.server.log.statemachine.data.sync.timeout.retry = -1 (default)
2022-05-24 20:48:38,801 [pool-112-thread-1] INFO  server.RaftServerConfigKeys (ConfUtils.java:logGet(46)) - raft.server.log.write.buffer.size = 1048576 (custom)
2022-05-24 20:48:38,802 [pool-112-thread-1] INFO  server.RaftServerConfigKeys (ConfUtils.java:logGet(46)) - raft.server.log.unsafe-flush.enabled = false (default)
2022-05-24 20:48:38,802 [pool-112-thread-1] INFO  server.RaftServerConfigKeys (ConfUtils.java:logGet(46)) - raft.server.log.statemachine.data.caching.enabled = true (custom)
2022-05-24 20:48:38,803 [pool-112-thread-1] INFO  segmented.SegmentedRaftLogWorker (SegmentedRaftLogWorker.java:lambda$new$0(135)) - 2fee1640-d3c9-493e-8933-b41673c21aaf@group-C2FDD9CDB2A4-SegmentedRaftLogWorker: flushIndex: setUnconditionally 0 -> -1
2022-05-24 20:48:38,803 [pool-112-thread-1] INFO  segmented.SegmentedRaftLogWorker (SegmentedRaftLogWorker.java:lambda$new$0(135)) - 2fee1640-d3c9-493e-8933-b41673c21aaf@group-C2FDD9CDB2A4-SegmentedRaftLogWorker: safeCacheEvictIndex: setUnconditionally 0 -> -1
2022-05-24 20:48:38,803 [pool-90-thread-1] INFO  storage.RaftStorageDirectory (RaftStorageDirectoryImpl.java:tryLock(230)) - Lock on /home/runner/work/ozone/ozone/hadoop-ozone/integration-test/target/test-dir/MiniOzoneClusterImpl-68ae5bae-a44d-4587-ae52-251ec6d3fd1e/datanode-1/data/ratis/c4f32d63-29ce-4900-8b2e-a66bb8458387/in_use.lock acquired by nodename 28664@fv-az122-930
2022-05-24 20:48:38,805 [pool-90-thread-1] INFO  storage.RaftStorage (RaftStorageImpl.java:format(89)) - Storage directory /home/runner/work/ozone/ozone/hadoop-ozone/integration-test/target/test-dir/MiniOzoneClusterImpl-68ae5bae-a44d-4587-ae52-251ec6d3fd1e/datanode-1/data/ratis/c4f32d63-29ce-4900-8b2e-a66bb8458387 has been successfully formatted.
2022-05-24 20:48:38,807 [pool-90-thread-1] INFO  ratis.ContainerStateMachine (ContainerStateMachine.java:loadSnapshot(236)) - group-A66BB8458387: The snapshot info is null. Setting the last applied indexto:(t:0, i:~)
2022-05-24 20:48:38,807 [pool-90-thread-1] INFO  server.RaftServerConfigKeys (ConfUtils.java:logGet(46)) - raft.server.notification.no-leader.timeout = 300s (custom)
2022-05-24 20:48:38,807 [pool-90-thread-1] INFO  server.RaftServerConfigKeys (ConfUtils.java:logGet(46)) - raft.server.log.use.memory = false (default)
2022-05-24 20:48:38,807 [pool-90-thread-1] INFO  server.RaftServerConfigKeys (ConfUtils.java:logGet(46)) - raft.server.log.purge.gap = 1000000 (custom)
2022-05-24 20:48:38,807 [pool-90-thread-1] INFO  server.RaftServerConfigKeys (ConfUtils.java:logGet(46)) - raft.server.log.appender.buffer.byte-limit = 33554432 (custom)
2022-05-24 20:48:38,807 [pool-90-thread-1] INFO  server.RaftServerConfigKeys (ConfUtils.java:logGet(46)) - raft.server.log.statemachine.data.read.timeout = 1000ms (default)
2022-05-24 20:48:38,807 [pool-90-thread-1] INFO  server.RaftServerConfigKeys (ConfUtils.java:logGet(46)) - raft.server.log.segment.size.max = 1048576 (custom)
2022-05-24 20:48:38,808 [pool-90-thread-1] INFO  server.RaftServerConfigKeys (ConfUtils.java:logGet(46)) - raft.server.log.segment.cache.num.max = 2 (custom)
2022-05-24 20:48:38,808 [pool-90-thread-1] INFO  server.RaftServerConfigKeys (ConfUtils.java:logGet(46)) - raft.server.log.segment.cache.size.max = 200MB (=209715200) (default)
2022-05-24 20:48:38,808 [pool-90-thread-1] INFO  segmented.SegmentedRaftLogWorker (SegmentedRaftLogWorker.java:<init>(187)) - new 01e7dfcd-082b-401a-ab9e-a677cf0851a6@group-A66BB8458387-SegmentedRaftLogWorker for RaftStorageImpl:Storage Directory /home/runner/work/ozone/ozone/hadoop-ozone/integration-test/target/test-dir/MiniOzoneClusterImpl-68ae5bae-a44d-4587-ae52-251ec6d3fd1e/datanode-1/data/ratis/c4f32d63-29ce-4900-8b2e-a66bb8458387
2022-05-24 20:48:38,808 [pool-90-thread-1] INFO  server.RaftServerConfigKeys (ConfUtils.java:logGet(46)) - raft.server.log.queue.byte-limit = 4294967296 (custom)
2022-05-24 20:48:38,808 [pool-90-thread-1] INFO  server.RaftServerConfigKeys (ConfUtils.java:logGet(46)) - raft.server.log.queue.element-limit = 1024 (custom)
2022-05-24 20:48:38,808 [pool-90-thread-1] INFO  server.RaftServerConfigKeys (ConfUtils.java:logGet(46)) - raft.server.log.segment.size.max = 1048576 (custom)
2022-05-24 20:48:38,808 [pool-90-thread-1] INFO  server.RaftServerConfigKeys (ConfUtils.java:logGet(46)) - raft.server.log.preallocated.size = 16384 (custom)
2022-05-24 20:48:38,808 [pool-90-thread-1] INFO  server.RaftServerConfigKeys (ConfUtils.java:logGet(46)) - raft.server.log.force.sync.num = 128 (default)
2022-05-24 20:48:38,808 [pool-90-thread-1] INFO  server.RaftServerConfigKeys (ConfUtils.java:logGet(46)) - raft.server.log.statemachine.data.sync = true (default)
2022-05-24 20:48:38,808 [pool-90-thread-1] INFO  server.RaftServerConfigKeys (ConfUtils.java:logGet(46)) - raft.server.log.statemachine.data.sync.timeout = 10s (default)
2022-05-24 20:48:38,808 [pool-90-thread-1] INFO  server.RaftServerConfigKeys (ConfUtils.java:logGet(46)) - raft.server.log.statemachine.data.sync.timeout.retry = -1 (default)
2022-05-24 20:48:38,809 [pool-90-thread-1] INFO  server.RaftServerConfigKeys (ConfUtils.java:logGet(46)) - raft.server.log.write.buffer.size = 1048576 (custom)
2022-05-24 20:48:38,809 [pool-90-thread-1] INFO  server.RaftServerConfigKeys (ConfUtils.java:logGet(46)) - raft.server.log.unsafe-flush.enabled = false (default)
2022-05-24 20:48:38,810 [pool-90-thread-1] INFO  server.RaftServerConfigKeys (ConfUtils.java:logGet(46)) - raft.server.log.statemachine.data.caching.enabled = true (custom)
2022-05-24 20:48:38,810 [pool-90-thread-1] INFO  segmented.SegmentedRaftLogWorker (SegmentedRaftLogWorker.java:lambda$new$0(135)) - 01e7dfcd-082b-401a-ab9e-a677cf0851a6@group-A66BB8458387-SegmentedRaftLogWorker: flushIndex: setUnconditionally 0 -> -1
2022-05-24 20:48:38,810 [pool-90-thread-1] INFO  segmented.SegmentedRaftLogWorker (SegmentedRaftLogWorker.java:lambda$new$0(135)) - 01e7dfcd-082b-401a-ab9e-a677cf0851a6@group-A66BB8458387-SegmentedRaftLogWorker: safeCacheEvictIndex: setUnconditionally 0 -> -1
2022-05-24 20:48:38,811 [pool-112-thread-1] INFO  server.RaftServerConfigKeys (ConfUtils.java:logGet(46)) - raft.server.snapshot.auto.trigger.enabled = true (custom)
2022-05-24 20:48:38,811 [pool-112-thread-1] INFO  server.RaftServerConfigKeys (ConfUtils.java:logGet(46)) - raft.server.snapshot.auto.trigger.threshold = 10000 (custom)
2022-05-24 20:48:38,811 [pool-112-thread-1] INFO  server.RaftServerConfigKeys (ConfUtils.java:logGet(46)) - raft.server.snapshot.retention.file.num = 5 (custom)
2022-05-24 20:48:38,811 [pool-112-thread-1] INFO  server.RaftServerConfigKeys (ConfUtils.java:logGet(46)) - raft.server.log.purge.upto.snapshot.index = false (default)
2022-05-24 20:48:38,815 [pool-90-thread-1] INFO  server.RaftServerConfigKeys (ConfUtils.java:logGet(46)) - raft.server.snapshot.auto.trigger.enabled = true (custom)
2022-05-24 20:48:38,815 [pool-90-thread-1] INFO  server.RaftServerConfigKeys (ConfUtils.java:logGet(46)) - raft.server.snapshot.auto.trigger.threshold = 10000 (custom)
2022-05-24 20:48:38,815 [pool-90-thread-1] INFO  server.RaftServerConfigKeys (ConfUtils.java:logGet(46)) - raft.server.snapshot.retention.file.num = 5 (custom)
2022-05-24 20:48:38,815 [pool-90-thread-1] INFO  server.RaftServerConfigKeys (ConfUtils.java:logGet(46)) - raft.server.log.purge.upto.snapshot.index = false (default)
2022-05-24 20:48:38,815 [pool-90-thread-1] INFO  server.RaftServerConfigKeys (ConfUtils.java:logGet(46)) - raft.server.retrycache.expirytime = 600000ms (custom)
2022-05-24 20:48:38,815 [pool-90-thread-1] INFO  server.RaftServerConfigKeys (ConfUtils.java:logGet(46)) - raft.server.retrycache.statistics.expirytime = 100μs (default)
2022-05-24 20:48:38,816 [pool-90-thread-1] INFO  server.RaftServerConfigKeys (ConfUtils.java:logGet(46)) - raft.server.log.appender.install.snapshot.enabled = false (custom)
2022-05-24 20:48:38,816 [pool-90-thread-1] INFO  server.RaftServerConfigKeys (ConfUtils.java:logGet(46)) - raft.server.threadpool.server.cached = true (default)
2022-05-24 20:48:38,816 [pool-90-thread-1] INFO  server.RaftServerConfigKeys (ConfUtils.java:logGet(46)) - raft.server.threadpool.server.size = 0 (default)
2022-05-24 20:48:38,816 [pool-90-thread-1] INFO  server.RaftServerConfigKeys (ConfUtils.java:logGet(46)) - raft.server.threadpool.client.cached = true (default)
2022-05-24 20:48:38,816 [pool-90-thread-1] INFO  server.RaftServerConfigKeys (ConfUtils.java:logGet(46)) - raft.server.threadpool.client.size = 0 (default)
2022-05-24 20:48:38,816 [pool-90-thread-1] INFO  server.RaftServer$Division (RaftServerImpl.java:start(310)) - 01e7dfcd-082b-401a-ab9e-a677cf0851a6@group-A66BB8458387: start as a follower, conf=-1: [9fafcebc-4ec8-4b2f-921e-361fad102aa9|rpc:10.1.0.30:37523|priority:1, 01e7dfcd-082b-401a-ab9e-a677cf0851a6|rpc:10.1.0.30:34373|priority:0, 2fee1640-d3c9-493e-8933-b41673c21aaf|rpc:10.1.0.30:36361|priority:0], old=null
2022-05-24 20:48:38,816 [pool-90-thread-1] INFO  server.RaftServer$Division (RaftServerImpl.java:setRole(299)) - 01e7dfcd-082b-401a-ab9e-a677cf0851a6@group-A66BB8458387: changes role from      null to FOLLOWER at term 0 for startAsFollower
2022-05-24 20:48:38,816 [pool-90-thread-1] INFO  impl.RoleInfo (RoleInfo.java:updateAndGet(139)) - 01e7dfcd-082b-401a-ab9e-a677cf0851a6: start 01e7dfcd-082b-401a-ab9e-a677cf0851a6@group-A66BB8458387-FollowerState
2022-05-24 20:48:38,817 [pool-90-thread-1] INFO  util.JmxRegister (JmxRegister.java:tryRegister(44)) - Successfully registered JMX Bean with object name Ratis:service=RaftServer,group=group-A66BB8458387,id=01e7dfcd-082b-401a-ab9e-a677cf0851a6
2022-05-24 20:48:38,818 [Command processor thread] INFO  ratis.XceiverServerRatis (XceiverServerRatis.java:addGroup(765)) - Created group PipelineID=c4f32d63-29ce-4900-8b2e-a66bb8458387
2022-05-24 20:48:38,818 [pool-112-thread-1] INFO  server.RaftServerConfigKeys (ConfUtils.java:logGet(46)) - raft.server.retrycache.expirytime = 600000ms (custom)
2022-05-24 20:48:38,818 [pool-112-thread-1] INFO  server.RaftServerConfigKeys (ConfUtils.java:logGet(46)) - raft.server.retrycache.statistics.expirytime = 100μs (default)
2022-05-24 20:48:38,828 [pool-112-thread-1] INFO  server.RaftServerConfigKeys (ConfUtils.java:logGet(46)) - raft.server.log.appender.install.snapshot.enabled = false (custom)
2022-05-24 20:48:38,828 [pool-112-thread-1] INFO  server.RaftServerConfigKeys (ConfUtils.java:logGet(46)) - raft.server.threadpool.server.cached = true (default)
2022-05-24 20:48:38,828 [pool-112-thread-1] INFO  server.RaftServerConfigKeys (ConfUtils.java:logGet(46)) - raft.server.threadpool.server.size = 0 (default)
2022-05-24 20:48:38,828 [pool-112-thread-1] INFO  server.RaftServerConfigKeys (ConfUtils.java:logGet(46)) - raft.server.threadpool.client.cached = true (default)
2022-05-24 20:48:38,828 [pool-112-thread-1] INFO  server.RaftServerConfigKeys (ConfUtils.java:logGet(46)) - raft.server.threadpool.client.size = 0 (default)
2022-05-24 20:48:38,828 [pool-112-thread-1] INFO  server.RaftServer$Division (RaftServerImpl.java:start(310)) - 2fee1640-d3c9-493e-8933-b41673c21aaf@group-A66BB8458387: start as a follower, conf=-1: [9fafcebc-4ec8-4b2f-921e-361fad102aa9|rpc:10.1.0.30:37523|dataStream:|priority:1, 01e7dfcd-082b-401a-ab9e-a677cf0851a6|rpc:10.1.0.30:34373|dataStream:|priority:0, 2fee1640-d3c9-493e-8933-b41673c21aaf|rpc:10.1.0.30:36361|dataStream:|priority:0], old=null
2022-05-24 20:48:38,828 [pool-112-thread-1] INFO  server.RaftServer$Division (RaftServerImpl.java:setRole(299)) - 2fee1640-d3c9-493e-8933-b41673c21aaf@group-A66BB8458387: changes role from      null to FOLLOWER at term 0 for startAsFollower
2022-05-24 20:48:38,828 [pool-112-thread-1] INFO  impl.RoleInfo (RoleInfo.java:updateAndGet(139)) - 2fee1640-d3c9-493e-8933-b41673c21aaf: start 2fee1640-d3c9-493e-8933-b41673c21aaf@group-A66BB8458387-FollowerState
2022-05-24 20:48:38,828 [EventQueue-OpenPipelineForHealthyPipelineSafeModeRule] INFO  safemode.SCMSafeModeManager (HealthyPipelineSafeModeRule.java:process(124)) - SCM in safe mode. Healthy pipelines reported count is 0, required healthy pipeline reported count is 1
2022-05-24 20:48:38,828 [pool-112-thread-1] INFO  util.JmxRegister (JmxRegister.java:tryRegister(44)) - Successfully registered JMX Bean with object name Ratis:service=RaftServer,group=group-A66BB8458387,id=2fee1640-d3c9-493e-8933-b41673c21aaf
2022-05-24 20:48:38,844 [pool-112-thread-1] INFO  server.RaftServer$Division (RaftServerImpl.java:start(310)) - 2fee1640-d3c9-493e-8933-b41673c21aaf@group-C2FDD9CDB2A4: start as a follower, conf=-1: [2fee1640-d3c9-493e-8933-b41673c21aaf|rpc:10.1.0.30:36361|priority:1], old=null
2022-05-24 20:48:38,844 [pool-112-thread-1] INFO  server.RaftServer$Division (RaftServerImpl.java:setRole(299)) - 2fee1640-d3c9-493e-8933-b41673c21aaf@group-C2FDD9CDB2A4: changes role from      null to FOLLOWER at term 0 for startAsFollower
2022-05-24 20:48:38,844 [pool-112-thread-1] INFO  impl.RoleInfo (RoleInfo.java:updateAndGet(139)) - 2fee1640-d3c9-493e-8933-b41673c21aaf: start 2fee1640-d3c9-493e-8933-b41673c21aaf@group-C2FDD9CDB2A4-FollowerState
2022-05-24 20:48:38,845 [pool-112-thread-1] INFO  util.JmxRegister (JmxRegister.java:tryRegister(44)) - Successfully registered JMX Bean with object name Ratis:service=RaftServer,group=group-C2FDD9CDB2A4,id=2fee1640-d3c9-493e-8933-b41673c21aaf
2022-05-24 20:48:38,845 [Command processor thread] INFO  ratis.XceiverServerRatis (XceiverServerRatis.java:addGroup(765)) - Created group PipelineID=237c5b0a-2044-4f23-9171-c2fdd9cdb2a4
2022-05-24 20:48:38,845 [Command processor thread] INFO  commandhandler.CreatePipelineCommandHandler (CreatePipelineCommandHandler.java:handle(113)) - Created Pipeline RATIS ONE PipelineID=237c5b0a-2044-4f23-9171-c2fdd9cdb2a4.
2022-05-24 20:48:38,916 [Command processor thread] INFO  commandhandler.CreatePipelineCommandHandler (CreatePipelineCommandHandler.java:handle(113)) - Created Pipeline RATIS THREE PipelineID=c4f32d63-29ce-4900-8b2e-a66bb8458387.
2022-05-24 20:48:38,917 [Command processor thread] INFO  commandhandler.CreatePipelineCommandHandler (CreatePipelineCommandHandler.java:handle(113)) - Created Pipeline RATIS THREE PipelineID=c4f32d63-29ce-4900-8b2e-a66bb8458387.
2022-05-24 20:48:39,076 [Listener at 127.0.0.1/44485] INFO  ozone.MiniOzoneClusterImpl (MiniOzoneClusterImpl.java:lambda$waitForClusterToBeReady$0(221)) - Nodes are ready. Got 10 of 10 DN Heartbeats.
2022-05-24 20:48:39,077 [Listener at 127.0.0.1/44485] INFO  ozone.MiniOzoneClusterImpl (MiniOzoneClusterImpl.java:lambda$waitForClusterToBeReady$0(224)) - Waiting for cluster to exit safe mode
2022-05-24 20:48:39,077 [Listener at 127.0.0.1/44485] INFO  ozone.MiniOzoneClusterImpl (MiniOzoneClusterImpl.java:lambda$waitForClusterToBeReady$0(226)) - SCM became leader
2022-05-24 20:48:39,103 [Command processor thread] INFO  server.RaftServer (RaftServerProxy.java:addNew(96)) - a6e30353-377f-4b2f-bee2-e66a44f5bcb3: addNew group-3832ACF7F115:[a6e30353-377f-4b2f-bee2-e66a44f5bcb3|rpc:10.1.0.30:42857|priority:1] returns group-3832ACF7F115:java.util.concurrent.CompletableFuture@5bc5c4fd[Not completed]
2022-05-24 20:48:39,106 [pool-134-thread-1] INFO  server.RaftServer$Division (RaftServerImpl.java:<init>(190)) - a6e30353-377f-4b2f-bee2-e66a44f5bcb3: new RaftServerImpl for group-3832ACF7F115:[a6e30353-377f-4b2f-bee2-e66a44f5bcb3|rpc:10.1.0.30:42857|priority:1] with ContainerStateMachine:uninitialized
2022-05-24 20:48:39,106 [pool-134-thread-1] INFO  server.RaftServerConfigKeys (ConfUtils.java:logGet(46)) - raft.server.rpc.timeout.min = 5s (custom)
2022-05-24 20:48:39,106 [pool-134-thread-1] INFO  server.RaftServerConfigKeys (ConfUtils.java:logGet(46)) - raft.server.rpc.timeout.max = 5200ms (custom)
2022-05-24 20:48:39,106 [pool-134-thread-1] INFO  server.RaftServerConfigKeys (ConfUtils.java:logGet(46)) - raft.server.rpc.sleep.time = 25ms (default)
2022-05-24 20:48:39,106 [pool-134-thread-1] INFO  server.RaftServerConfigKeys (ConfUtils.java:logGet(46)) - raft.server.rpc.slowness.timeout = 300s (custom)
2022-05-24 20:48:39,106 [pool-134-thread-1] INFO  server.RaftServerConfigKeys (ConfUtils.java:logGet(46)) - raft.server.leaderelection.leader.step-down.wait-time = 10s (default)
2022-05-24 20:48:39,106 [pool-134-thread-1] INFO  server.RaftServerConfigKeys (ConfUtils.java:logGet(46)) - raft.server.sleep.deviation.threshold = 300ms (default)
2022-05-24 20:48:39,106 [pool-134-thread-1] INFO  server.RaftServer$Division (ServerState.java:<init>(107)) - a6e30353-377f-4b2f-bee2-e66a44f5bcb3@group-3832ACF7F115: ConfigurationManager, init=-1: [a6e30353-377f-4b2f-bee2-e66a44f5bcb3|rpc:10.1.0.30:42857|priority:1], old=null, confs=<EMPTY_MAP>
2022-05-24 20:48:39,106 [pool-134-thread-1] INFO  server.RaftServerConfigKeys (ConfUtils.java:logGet(46)) - raft.server.storage.dir = [/home/runner/work/ozone/ozone/hadoop-ozone/integration-test/target/test-dir/MiniOzoneClusterImpl-68ae5bae-a44d-4587-ae52-251ec6d3fd1e/datanode-3/data/ratis] (custom)
2022-05-24 20:48:39,106 [pool-134-thread-1] INFO  server.RaftServerConfigKeys (ConfUtils.java:logGet(46)) - raft.server.log.corruption.policy = EXCEPTION (default)
2022-05-24 20:48:39,106 [pool-134-thread-1] INFO  server.RaftServerConfigKeys (ConfUtils.java:logGet(46)) - raft.server.storage.free-space.min = 0MB (=0) (default)
2022-05-24 20:48:39,106 [pool-134-thread-1] INFO  storage.RaftStorageDirectory (RaftStorageDirectoryImpl.java:analyzeStorage(135)) - The storage directory /home/runner/work/ozone/ozone/hadoop-ozone/integration-test/target/test-dir/MiniOzoneClusterImpl-68ae5bae-a44d-4587-ae52-251ec6d3fd1e/datanode-3/data/ratis/9047fb56-f092-4a2f-8fb5-3832acf7f115 does not exist. Creating ...
2022-05-24 20:48:39,109 [pool-134-thread-1] INFO  storage.RaftStorageDirectory (RaftStorageDirectoryImpl.java:tryLock(230)) - Lock on /home/runner/work/ozone/ozone/hadoop-ozone/integration-test/target/test-dir/MiniOzoneClusterImpl-68ae5bae-a44d-4587-ae52-251ec6d3fd1e/datanode-3/data/ratis/9047fb56-f092-4a2f-8fb5-3832acf7f115/in_use.lock acquired by nodename 28664@fv-az122-930
2022-05-24 20:48:39,110 [pool-134-thread-1] INFO  storage.RaftStorage (RaftStorageImpl.java:format(89)) - Storage directory /home/runner/work/ozone/ozone/hadoop-ozone/integration-test/target/test-dir/MiniOzoneClusterImpl-68ae5bae-a44d-4587-ae52-251ec6d3fd1e/datanode-3/data/ratis/9047fb56-f092-4a2f-8fb5-3832acf7f115 has been successfully formatted.
2022-05-24 20:48:39,111 [pool-134-thread-1] INFO  ratis.ContainerStateMachine (ContainerStateMachine.java:loadSnapshot(236)) - group-3832ACF7F115: The snapshot info is null. Setting the last applied indexto:(t:0, i:~)
2022-05-24 20:48:39,111 [pool-134-thread-1] INFO  server.RaftServerConfigKeys (ConfUtils.java:logGet(46)) - raft.server.notification.no-leader.timeout = 300s (custom)
2022-05-24 20:48:39,111 [pool-134-thread-1] INFO  server.RaftServerConfigKeys (ConfUtils.java:logGet(46)) - raft.server.log.use.memory = false (default)
2022-05-24 20:48:39,111 [pool-134-thread-1] INFO  server.RaftServerConfigKeys (ConfUtils.java:logGet(46)) - raft.server.log.purge.gap = 1000000 (custom)
2022-05-24 20:48:39,111 [pool-134-thread-1] INFO  server.RaftServerConfigKeys (ConfUtils.java:logGet(46)) - raft.server.log.appender.buffer.byte-limit = 33554432 (custom)
2022-05-24 20:48:39,111 [pool-134-thread-1] INFO  server.RaftServerConfigKeys (ConfUtils.java:logGet(46)) - raft.server.log.statemachine.data.read.timeout = 1000ms (default)
2022-05-24 20:48:39,115 [pool-134-thread-1] INFO  server.RaftServerConfigKeys (ConfUtils.java:logGet(46)) - raft.server.log.segment.size.max = 1048576 (custom)
2022-05-24 20:48:39,115 [pool-134-thread-1] INFO  server.RaftServerConfigKeys (ConfUtils.java:logGet(46)) - raft.server.log.segment.cache.num.max = 2 (custom)
2022-05-24 20:48:39,115 [pool-134-thread-1] INFO  server.RaftServerConfigKeys (ConfUtils.java:logGet(46)) - raft.server.log.segment.cache.size.max = 200MB (=209715200) (default)
2022-05-24 20:48:39,115 [pool-134-thread-1] INFO  segmented.SegmentedRaftLogWorker (SegmentedRaftLogWorker.java:<init>(187)) - new a6e30353-377f-4b2f-bee2-e66a44f5bcb3@group-3832ACF7F115-SegmentedRaftLogWorker for RaftStorageImpl:Storage Directory /home/runner/work/ozone/ozone/hadoop-ozone/integration-test/target/test-dir/MiniOzoneClusterImpl-68ae5bae-a44d-4587-ae52-251ec6d3fd1e/datanode-3/data/ratis/9047fb56-f092-4a2f-8fb5-3832acf7f115
2022-05-24 20:48:39,116 [pool-134-thread-1] INFO  server.RaftServerConfigKeys (ConfUtils.java:logGet(46)) - raft.server.log.queue.byte-limit = 4294967296 (custom)
2022-05-24 20:48:39,116 [EventQueue-PipelineReportForPipelineReportHandler] INFO  pipeline.PipelineManagerImpl (PipelineManagerImpl.java:openPipeline(336)) - Pipeline Pipeline[ Id: 9047fb56-f092-4a2f-8fb5-3832acf7f115, Nodes: a6e30353-377f-4b2f-bee2-e66a44f5bcb3{ip: 10.1.0.30, host: fv-az122-930.eh24crq5omsuteaqbma5cv3ijc.phxx.internal.cloudapp.net, ports: [REPLICATION=37935, RATIS=42857, RATIS_ADMIN=42857, RATIS_SERVER=42857, STANDALONE=38041], networkLocation: /default-rack, certSerialId: null, persistedOpState: IN_SERVICE, persistedOpStateExpiryEpochSec: 0}, ReplicationConfig: RATIS/ONE, State:ALLOCATED, leaderId:a6e30353-377f-4b2f-bee2-e66a44f5bcb3, CreationTimestamp2022-05-24T20:48:36.104Z[Etc/UTC]] moved to OPEN state
2022-05-24 20:48:39,116 [EventQueue-OpenPipelineForHealthyPipelineSafeModeRule] INFO  safemode.SCMSafeModeManager (HealthyPipelineSafeModeRule.java:process(124)) - SCM in safe mode. Healthy pipelines reported count is 0, required healthy pipeline reported count is 1
2022-05-24 20:48:39,116 [pool-134-thread-1] INFO  server.RaftServerConfigKeys (ConfUtils.java:logGet(46)) - raft.server.log.queue.element-limit = 1024 (custom)
2022-05-24 20:48:39,122 [pool-134-thread-1] INFO  server.RaftServerConfigKeys (ConfUtils.java:logGet(46)) - raft.server.log.segment.size.max = 1048576 (custom)
2022-05-24 20:48:39,122 [pool-134-thread-1] INFO  server.RaftServerConfigKeys (ConfUtils.java:logGet(46)) - raft.server.log.preallocated.size = 16384 (custom)
2022-05-24 20:48:39,122 [pool-134-thread-1] INFO  server.RaftServerConfigKeys (ConfUtils.java:logGet(46)) - raft.server.log.force.sync.num = 128 (default)
2022-05-24 20:48:39,122 [pool-134-thread-1] INFO  server.RaftServerConfigKeys (ConfUtils.java:logGet(46)) - raft.server.log.statemachine.data.sync = true (default)
2022-05-24 20:48:39,122 [pool-134-thread-1] INFO  server.RaftServerConfigKeys (ConfUtils.java:logGet(46)) - raft.server.log.statemachine.data.sync.timeout = 10s (default)
2022-05-24 20:48:39,122 [pool-134-thread-1] INFO  server.RaftServerConfigKeys (ConfUtils.java:logGet(46)) - raft.server.log.statemachine.data.sync.timeout.retry = -1 (default)
2022-05-24 20:48:39,123 [pool-134-thread-1] INFO  server.RaftServerConfigKeys (ConfUtils.java:logGet(46)) - raft.server.log.write.buffer.size = 1048576 (custom)
2022-05-24 20:48:39,124 [pool-134-thread-1] INFO  server.RaftServerConfigKeys (ConfUtils.java:logGet(46)) - raft.server.log.unsafe-flush.enabled = false (default)
2022-05-24 20:48:39,124 [pool-134-thread-1] INFO  server.RaftServerConfigKeys (ConfUtils.java:logGet(46)) - raft.server.log.statemachine.data.caching.enabled = true (custom)
2022-05-24 20:48:39,124 [pool-134-thread-1] INFO  segmented.SegmentedRaftLogWorker (SegmentedRaftLogWorker.java:lambda$new$0(135)) - a6e30353-377f-4b2f-bee2-e66a44f5bcb3@group-3832ACF7F115-SegmentedRaftLogWorker: flushIndex: setUnconditionally 0 -> -1
2022-05-24 20:48:39,124 [pool-134-thread-1] INFO  segmented.SegmentedRaftLogWorker (SegmentedRaftLogWorker.java:lambda$new$0(135)) - a6e30353-377f-4b2f-bee2-e66a44f5bcb3@group-3832ACF7F115-SegmentedRaftLogWorker: safeCacheEvictIndex: setUnconditionally 0 -> -1
2022-05-24 20:48:39,126 [pool-134-thread-1] INFO  server.RaftServerConfigKeys (ConfUtils.java:logGet(46)) - raft.server.snapshot.auto.trigger.enabled = true (custom)
2022-05-24 20:48:39,126 [pool-134-thread-1] INFO  server.RaftServerConfigKeys (ConfUtils.java:logGet(46)) - raft.server.snapshot.auto.trigger.threshold = 10000 (custom)
2022-05-24 20:48:39,126 [pool-134-thread-1] INFO  server.RaftServerConfigKeys (ConfUtils.java:logGet(46)) - raft.server.snapshot.retention.file.num = 5 (custom)
2022-05-24 20:48:39,126 [pool-134-thread-1] INFO  server.RaftServerConfigKeys (ConfUtils.java:logGet(46)) - raft.server.log.purge.upto.snapshot.index = false (default)
2022-05-24 20:48:39,126 [pool-134-thread-1] INFO  server.RaftServerConfigKeys (ConfUtils.java:logGet(46)) - raft.server.retrycache.expirytime = 600000ms (custom)
2022-05-24 20:48:39,126 [pool-134-thread-1] INFO  server.RaftServerConfigKeys (ConfUtils.java:logGet(46)) - raft.server.retrycache.statistics.expirytime = 100μs (default)
2022-05-24 20:48:39,127 [pool-134-thread-1] INFO  server.RaftServerConfigKeys (ConfUtils.java:logGet(46)) - raft.server.log.appender.install.snapshot.enabled = false (custom)
2022-05-24 20:48:39,127 [pool-134-thread-1] INFO  server.RaftServerConfigKeys (ConfUtils.java:logGet(46)) - raft.server.threadpool.server.cached = true (default)
2022-05-24 20:48:39,127 [pool-134-thread-1] INFO  server.RaftServerConfigKeys (ConfUtils.java:logGet(46)) - raft.server.threadpool.server.size = 0 (default)
2022-05-24 20:48:39,127 [pool-134-thread-1] INFO  server.RaftServerConfigKeys (ConfUtils.java:logGet(46)) - raft.server.threadpool.client.cached = true (default)
2022-05-24 20:48:39,127 [pool-134-thread-1] INFO  server.RaftServerConfigKeys (ConfUtils.java:logGet(46)) - raft.server.threadpool.client.size = 0 (default)
2022-05-24 20:48:39,127 [pool-134-thread-1] INFO  server.RaftServer$Division (RaftServerImpl.java:start(310)) - a6e30353-377f-4b2f-bee2-e66a44f5bcb3@group-3832ACF7F115: start as a follower, conf=-1: [a6e30353-377f-4b2f-bee2-e66a44f5bcb3|rpc:10.1.0.30:42857|priority:1], old=null
2022-05-24 20:48:39,127 [pool-134-thread-1] INFO  server.RaftServer$Division (RaftServerImpl.java:setRole(299)) - a6e30353-377f-4b2f-bee2-e66a44f5bcb3@group-3832ACF7F115: changes role from      null to FOLLOWER at term 0 for startAsFollower
2022-05-24 20:48:39,127 [pool-134-thread-1] INFO  impl.RoleInfo (RoleInfo.java:updateAndGet(139)) - a6e30353-377f-4b2f-bee2-e66a44f5bcb3: start a6e30353-377f-4b2f-bee2-e66a44f5bcb3@group-3832ACF7F115-FollowerState
2022-05-24 20:48:39,128 [pool-134-thread-1] INFO  util.JmxRegister (JmxRegister.java:tryRegister(44)) - Successfully registered JMX Bean with object name Ratis:service=RaftServer,group=group-3832ACF7F115,id=a6e30353-377f-4b2f-bee2-e66a44f5bcb3
2022-05-24 20:48:39,129 [Command processor thread] INFO  ratis.XceiverServerRatis (XceiverServerRatis.java:addGroup(765)) - Created group PipelineID=9047fb56-f092-4a2f-8fb5-3832acf7f115
2022-05-24 20:48:39,129 [Command processor thread] INFO  commandhandler.CreatePipelineCommandHandler (CreatePipelineCommandHandler.java:handle(113)) - Created Pipeline RATIS ONE PipelineID=9047fb56-f092-4a2f-8fb5-3832acf7f115.
2022-05-24 20:48:39,129 [Command processor thread] INFO  server.RaftServer (RaftServerProxy.java:addNew(96)) - a6e30353-377f-4b2f-bee2-e66a44f5bcb3: addNew group-8B8B16AD1824:[cdeff73f-0c88-4976-9d3a-8f87b3ebca92|rpc:10.1.0.30:44465|priority:0, a6e30353-377f-4b2f-bee2-e66a44f5bcb3|rpc:10.1.0.30:42857|priority:0, 51ab8667-e0eb-4b1b-8092-cca2eecc2449|rpc:10.1.0.30:46251|priority:1] returns group-8B8B16AD1824:java.util.concurrent.CompletableFuture@5ffa4b5d[Not completed]
2022-05-24 20:48:39,131 [pool-134-thread-1] INFO  server.RaftServer$Division (RaftServerImpl.java:<init>(190)) - a6e30353-377f-4b2f-bee2-e66a44f5bcb3: new RaftServerImpl for group-8B8B16AD1824:[cdeff73f-0c88-4976-9d3a-8f87b3ebca92|rpc:10.1.0.30:44465|priority:0, a6e30353-377f-4b2f-bee2-e66a44f5bcb3|rpc:10.1.0.30:42857|priority:0, 51ab8667-e0eb-4b1b-8092-cca2eecc2449|rpc:10.1.0.30:46251|priority:1] with ContainerStateMachine:uninitialized
2022-05-24 20:48:39,131 [pool-134-thread-1] INFO  server.RaftServerConfigKeys (ConfUtils.java:logGet(46)) - raft.server.rpc.timeout.min = 5s (custom)
2022-05-24 20:48:39,131 [pool-134-thread-1] INFO  server.RaftServerConfigKeys (ConfUtils.java:logGet(46)) - raft.server.rpc.timeout.max = 5200ms (custom)
2022-05-24 20:48:39,131 [pool-134-thread-1] INFO  server.RaftServerConfigKeys (ConfUtils.java:logGet(46)) - raft.server.rpc.sleep.time = 25ms (default)
2022-05-24 20:48:39,131 [pool-134-thread-1] INFO  server.RaftServerConfigKeys (ConfUtils.java:logGet(46)) - raft.server.rpc.slowness.timeout = 300s (custom)
2022-05-24 20:48:39,131 [pool-134-thread-1] INFO  server.RaftServerConfigKeys (ConfUtils.java:logGet(46)) - raft.server.leaderelection.leader.step-down.wait-time = 10s (default)
2022-05-24 20:48:39,131 [pool-134-thread-1] INFO  server.RaftServerConfigKeys (ConfUtils.java:logGet(46)) - raft.server.sleep.deviation.threshold = 300ms (default)
2022-05-24 20:48:39,131 [pool-134-thread-1] INFO  server.RaftServer$Division (ServerState.java:<init>(107)) - a6e30353-377f-4b2f-bee2-e66a44f5bcb3@group-8B8B16AD1824: ConfigurationManager, init=-1: [cdeff73f-0c88-4976-9d3a-8f87b3ebca92|rpc:10.1.0.30:44465|priority:0, a6e30353-377f-4b2f-bee2-e66a44f5bcb3|rpc:10.1.0.30:42857|priority:0, 51ab8667-e0eb-4b1b-8092-cca2eecc2449|rpc:10.1.0.30:46251|priority:1], old=null, confs=<EMPTY_MAP>
2022-05-24 20:48:39,131 [pool-134-thread-1] INFO  server.RaftServerConfigKeys (ConfUtils.java:logGet(46)) - raft.server.storage.dir = [/home/runner/work/ozone/ozone/hadoop-ozone/integration-test/target/test-dir/MiniOzoneClusterImpl-68ae5bae-a44d-4587-ae52-251ec6d3fd1e/datanode-3/data/ratis] (custom)
2022-05-24 20:48:39,131 [pool-134-thread-1] INFO  server.RaftServerConfigKeys (ConfUtils.java:logGet(46)) - raft.server.log.corruption.policy = EXCEPTION (default)
2022-05-24 20:48:39,131 [pool-134-thread-1] INFO  server.RaftServerConfigKeys (ConfUtils.java:logGet(46)) - raft.server.storage.free-space.min = 0MB (=0) (default)
2022-05-24 20:48:39,132 [pool-134-thread-1] INFO  storage.RaftStorageDirectory (RaftStorageDirectoryImpl.java:analyzeStorage(135)) - The storage directory /home/runner/work/ozone/ozone/hadoop-ozone/integration-test/target/test-dir/MiniOzoneClusterImpl-68ae5bae-a44d-4587-ae52-251ec6d3fd1e/datanode-3/data/ratis/a3fd9ac4-c757-4004-ba86-8b8b16ad1824 does not exist. Creating ...
2022-05-24 20:48:39,134 [pool-134-thread-1] INFO  storage.RaftStorageDirectory (RaftStorageDirectoryImpl.java:tryLock(230)) - Lock on /home/runner/work/ozone/ozone/hadoop-ozone/integration-test/target/test-dir/MiniOzoneClusterImpl-68ae5bae-a44d-4587-ae52-251ec6d3fd1e/datanode-3/data/ratis/a3fd9ac4-c757-4004-ba86-8b8b16ad1824/in_use.lock acquired by nodename 28664@fv-az122-930
2022-05-24 20:48:39,136 [pool-134-thread-1] INFO  storage.RaftStorage (RaftStorageImpl.java:format(89)) - Storage directory /home/runner/work/ozone/ozone/hadoop-ozone/integration-test/target/test-dir/MiniOzoneClusterImpl-68ae5bae-a44d-4587-ae52-251ec6d3fd1e/datanode-3/data/ratis/a3fd9ac4-c757-4004-ba86-8b8b16ad1824 has been successfully formatted.
2022-05-24 20:48:39,137 [pool-134-thread-1] INFO  ratis.ContainerStateMachine (ContainerStateMachine.java:loadSnapshot(236)) - group-8B8B16AD1824: The snapshot info is null. Setting the last applied indexto:(t:0, i:~)
2022-05-24 20:48:39,137 [pool-134-thread-1] INFO  server.RaftServerConfigKeys (ConfUtils.java:logGet(46)) - raft.server.notification.no-leader.timeout = 300s (custom)
2022-05-24 20:48:39,137 [pool-134-thread-1] INFO  server.RaftServerConfigKeys (ConfUtils.java:logGet(46)) - raft.server.log.use.memory = false (default)
2022-05-24 20:48:39,137 [pool-134-thread-1] INFO  server.RaftServerConfigKeys (ConfUtils.java:logGet(46)) - raft.server.log.purge.gap = 1000000 (custom)
2022-05-24 20:48:39,137 [pool-134-thread-1] INFO  server.RaftServerConfigKeys (ConfUtils.java:logGet(46)) - raft.server.log.appender.buffer.byte-limit = 33554432 (custom)
2022-05-24 20:48:39,137 [pool-134-thread-1] INFO  server.RaftServerConfigKeys (ConfUtils.java:logGet(46)) - raft.server.log.statemachine.data.read.timeout = 1000ms (default)
2022-05-24 20:48:39,137 [EventQueue-OpenPipelineForHealthyPipelineSafeModeRule] INFO  safemode.SCMSafeModeManager (HealthyPipelineSafeModeRule.java:process(124)) - SCM in safe mode. Healthy pipelines reported count is 0, required healthy pipeline reported count is 1
2022-05-24 20:48:39,139 [pool-134-thread-1] INFO  server.RaftServerConfigKeys (ConfUtils.java:logGet(46)) - raft.server.log.segment.size.max = 1048576 (custom)
2022-05-24 20:48:39,139 [pool-134-thread-1] INFO  server.RaftServerConfigKeys (ConfUtils.java:logGet(46)) - raft.server.log.segment.cache.num.max = 2 (custom)
2022-05-24 20:48:39,139 [pool-134-thread-1] INFO  server.RaftServerConfigKeys (ConfUtils.java:logGet(46)) - raft.server.log.segment.cache.size.max = 200MB (=209715200) (default)
2022-05-24 20:48:39,139 [pool-134-thread-1] INFO  segmented.SegmentedRaftLogWorker (SegmentedRaftLogWorker.java:<init>(187)) - new a6e30353-377f-4b2f-bee2-e66a44f5bcb3@group-8B8B16AD1824-SegmentedRaftLogWorker for RaftStorageImpl:Storage Directory /home/runner/work/ozone/ozone/hadoop-ozone/integration-test/target/test-dir/MiniOzoneClusterImpl-68ae5bae-a44d-4587-ae52-251ec6d3fd1e/datanode-3/data/ratis/a3fd9ac4-c757-4004-ba86-8b8b16ad1824
2022-05-24 20:48:39,139 [pool-134-thread-1] INFO  server.RaftServerConfigKeys (ConfUtils.java:logGet(46)) - raft.server.log.queue.byte-limit = 4294967296 (custom)
2022-05-24 20:48:39,139 [pool-134-thread-1] INFO  server.RaftServerConfigKeys (ConfUtils.java:logGet(46)) - raft.server.log.queue.element-limit = 1024 (custom)
2022-05-24 20:48:39,140 [pool-134-thread-1] INFO  server.RaftServerConfigKeys (ConfUtils.java:logGet(46)) - raft.server.log.segment.size.max = 1048576 (custom)
2022-05-24 20:48:39,140 [pool-134-thread-1] INFO  server.RaftServerConfigKeys (ConfUtils.java:logGet(46)) - raft.server.log.preallocated.size = 16384 (custom)
2022-05-24 20:48:39,140 [pool-134-thread-1] INFO  server.RaftServerConfigKeys (ConfUtils.java:logGet(46)) - raft.server.log.force.sync.num = 128 (default)
2022-05-24 20:48:39,140 [pool-134-thread-1] INFO  server.RaftServerConfigKeys (ConfUtils.java:logGet(46)) - raft.server.log.statemachine.data.sync = true (default)
2022-05-24 20:48:39,140 [pool-134-thread-1] INFO  server.RaftServerConfigKeys (ConfUtils.java:logGet(46)) - raft.server.log.statemachine.data.sync.timeout = 10s (default)
2022-05-24 20:48:39,140 [pool-134-thread-1] INFO  server.RaftServerConfigKeys (ConfUtils.java:logGet(46)) - raft.server.log.statemachine.data.sync.timeout.retry = -1 (default)
2022-05-24 20:48:39,141 [pool-134-thread-1] INFO  server.RaftServerConfigKeys (ConfUtils.java:logGet(46)) - raft.server.log.write.buffer.size = 1048576 (custom)
2022-05-24 20:48:39,141 [pool-134-thread-1] INFO  server.RaftServerConfigKeys (ConfUtils.java:logGet(46)) - raft.server.log.unsafe-flush.enabled = false (default)
2022-05-24 20:48:39,141 [pool-134-thread-1] INFO  server.RaftServerConfigKeys (ConfUtils.java:logGet(46)) - raft.server.log.statemachine.data.caching.enabled = true (custom)
2022-05-24 20:48:39,141 [pool-134-thread-1] INFO  segmented.SegmentedRaftLogWorker (SegmentedRaftLogWorker.java:lambda$new$0(135)) - a6e30353-377f-4b2f-bee2-e66a44f5bcb3@group-8B8B16AD1824-SegmentedRaftLogWorker: flushIndex: setUnconditionally 0 -> -1
2022-05-24 20:48:39,141 [pool-134-thread-1] INFO  segmented.SegmentedRaftLogWorker (SegmentedRaftLogWorker.java:lambda$new$0(135)) - a6e30353-377f-4b2f-bee2-e66a44f5bcb3@group-8B8B16AD1824-SegmentedRaftLogWorker: safeCacheEvictIndex: setUnconditionally 0 -> -1
2022-05-24 20:48:39,142 [pool-134-thread-1] INFO  server.RaftServerConfigKeys (ConfUtils.java:logGet(46)) - raft.server.snapshot.auto.trigger.enabled = true (custom)
2022-05-24 20:48:39,142 [pool-134-thread-1] INFO  server.RaftServerConfigKeys (ConfUtils.java:logGet(46)) - raft.server.snapshot.auto.trigger.threshold = 10000 (custom)
2022-05-24 20:48:39,142 [pool-134-thread-1] INFO  server.RaftServerConfigKeys (ConfUtils.java:logGet(46)) - raft.server.snapshot.retention.file.num = 5 (custom)
2022-05-24 20:48:39,142 [pool-134-thread-1] INFO  server.RaftServerConfigKeys (ConfUtils.java:logGet(46)) - raft.server.log.purge.upto.snapshot.index = false (default)
2022-05-24 20:48:39,142 [pool-134-thread-1] INFO  server.RaftServerConfigKeys (ConfUtils.java:logGet(46)) - raft.server.retrycache.expirytime = 600000ms (custom)
2022-05-24 20:48:39,142 [pool-134-thread-1] INFO  server.RaftServerConfigKeys (ConfUtils.java:logGet(46)) - raft.server.retrycache.statistics.expirytime = 100μs (default)
2022-05-24 20:48:39,145 [pool-134-thread-1] INFO  server.RaftServerConfigKeys (ConfUtils.java:logGet(46)) - raft.server.log.appender.install.snapshot.enabled = false (custom)
2022-05-24 20:48:39,146 [pool-134-thread-1] INFO  server.RaftServerConfigKeys (ConfUtils.java:logGet(46)) - raft.server.threadpool.server.cached = true (default)
2022-05-24 20:48:39,146 [pool-134-thread-1] INFO  server.RaftServerConfigKeys (ConfUtils.java:logGet(46)) - raft.server.threadpool.server.size = 0 (default)
2022-05-24 20:48:39,146 [pool-134-thread-1] INFO  server.RaftServerConfigKeys (ConfUtils.java:logGet(46)) - raft.server.threadpool.client.cached = true (default)
2022-05-24 20:48:39,146 [pool-134-thread-1] INFO  server.RaftServerConfigKeys (ConfUtils.java:logGet(46)) - raft.server.threadpool.client.size = 0 (default)
2022-05-24 20:48:39,146 [pool-134-thread-1] INFO  server.RaftServer$Division (RaftServerImpl.java:start(310)) - a6e30353-377f-4b2f-bee2-e66a44f5bcb3@group-8B8B16AD1824: start as a follower, conf=-1: [cdeff73f-0c88-4976-9d3a-8f87b3ebca92|rpc:10.1.0.30:44465|priority:0, a6e30353-377f-4b2f-bee2-e66a44f5bcb3|rpc:10.1.0.30:42857|priority:0, 51ab8667-e0eb-4b1b-8092-cca2eecc2449|rpc:10.1.0.30:46251|priority:1], old=null
2022-05-24 20:48:39,146 [pool-134-thread-1] INFO  server.RaftServer$Division (RaftServerImpl.java:setRole(299)) - a6e30353-377f-4b2f-bee2-e66a44f5bcb3@group-8B8B16AD1824: changes role from      null to FOLLOWER at term 0 for startAsFollower
2022-05-24 20:48:39,146 [pool-134-thread-1] INFO  impl.RoleInfo (RoleInfo.java:updateAndGet(139)) - a6e30353-377f-4b2f-bee2-e66a44f5bcb3: start a6e30353-377f-4b2f-bee2-e66a44f5bcb3@group-8B8B16AD1824-FollowerState
2022-05-24 20:48:39,150 [pool-134-thread-1] INFO  util.JmxRegister (JmxRegister.java:tryRegister(44)) - Successfully registered JMX Bean with object name Ratis:service=RaftServer,group=group-8B8B16AD1824,id=a6e30353-377f-4b2f-bee2-e66a44f5bcb3
2022-05-24 20:48:39,155 [Command processor thread] INFO  ratis.XceiverServerRatis (XceiverServerRatis.java:addGroup(765)) - Created group PipelineID=a3fd9ac4-c757-4004-ba86-8b8b16ad1824
2022-05-24 20:48:39,170 [grpc-default-executor-0] INFO  server.RaftServer (RaftServerProxy.java:addNew(96)) - cdeff73f-0c88-4976-9d3a-8f87b3ebca92: addNew group-8B8B16AD1824:[cdeff73f-0c88-4976-9d3a-8f87b3ebca92|rpc:10.1.0.30:44465|dataStream:|priority:0, a6e30353-377f-4b2f-bee2-e66a44f5bcb3|rpc:10.1.0.30:42857|dataStream:|priority:0, 51ab8667-e0eb-4b1b-8092-cca2eecc2449|rpc:10.1.0.30:46251|dataStream:|priority:1] returns group-8B8B16AD1824:java.util.concurrent.CompletableFuture@63afd411[Not completed]
2022-05-24 20:48:39,171 [pool-156-thread-1] INFO  server.RaftServer$Division (RaftServerImpl.java:<init>(190)) - cdeff73f-0c88-4976-9d3a-8f87b3ebca92: new RaftServerImpl for group-8B8B16AD1824:[cdeff73f-0c88-4976-9d3a-8f87b3ebca92|rpc:10.1.0.30:44465|dataStream:|priority:0, a6e30353-377f-4b2f-bee2-e66a44f5bcb3|rpc:10.1.0.30:42857|dataStream:|priority:0, 51ab8667-e0eb-4b1b-8092-cca2eecc2449|rpc:10.1.0.30:46251|dataStream:|priority:1] with ContainerStateMachine:uninitialized
2022-05-24 20:48:39,172 [pool-156-thread-1] INFO  server.RaftServerConfigKeys (ConfUtils.java:logGet(46)) - raft.server.rpc.timeout.min = 5s (custom)
2022-05-24 20:48:39,172 [pool-156-thread-1] INFO  server.RaftServerConfigKeys (ConfUtils.java:logGet(46)) - raft.server.rpc.timeout.max = 5200ms (custom)
2022-05-24 20:48:39,172 [pool-156-thread-1] INFO  server.RaftServerConfigKeys (ConfUtils.java:logGet(46)) - raft.server.rpc.sleep.time = 25ms (default)
2022-05-24 20:48:39,172 [pool-156-thread-1] INFO  server.RaftServerConfigKeys (ConfUtils.java:logGet(46)) - raft.server.rpc.slowness.timeout = 300s (custom)
2022-05-24 20:48:39,172 [pool-156-thread-1] INFO  server.RaftServerConfigKeys (ConfUtils.java:logGet(46)) - raft.server.leaderelection.leader.step-down.wait-time = 10s (default)
2022-05-24 20:48:39,172 [pool-156-thread-1] INFO  server.RaftServerConfigKeys (ConfUtils.java:logGet(46)) - raft.server.sleep.deviation.threshold = 300ms (default)
2022-05-24 20:48:39,172 [pool-156-thread-1] INFO  server.RaftServer$Division (ServerState.java:<init>(107)) - cdeff73f-0c88-4976-9d3a-8f87b3ebca92@group-8B8B16AD1824: ConfigurationManager, init=-1: [cdeff73f-0c88-4976-9d3a-8f87b3ebca92|rpc:10.1.0.30:44465|dataStream:|priority:0, a6e30353-377f-4b2f-bee2-e66a44f5bcb3|rpc:10.1.0.30:42857|dataStream:|priority:0, 51ab8667-e0eb-4b1b-8092-cca2eecc2449|rpc:10.1.0.30:46251|dataStream:|priority:1], old=null, confs=<EMPTY_MAP>
2022-05-24 20:48:39,172 [pool-156-thread-1] INFO  server.RaftServerConfigKeys (ConfUtils.java:logGet(46)) - raft.server.storage.dir = [/home/runner/work/ozone/ozone/hadoop-ozone/integration-test/target/test-dir/MiniOzoneClusterImpl-68ae5bae-a44d-4587-ae52-251ec6d3fd1e/datanode-4/data/ratis] (custom)
2022-05-24 20:48:39,172 [pool-156-thread-1] INFO  server.RaftServerConfigKeys (ConfUtils.java:logGet(46)) - raft.server.log.corruption.policy = EXCEPTION (default)
2022-05-24 20:48:39,172 [pool-156-thread-1] INFO  server.RaftServerConfigKeys (ConfUtils.java:logGet(46)) - raft.server.storage.free-space.min = 0MB (=0) (default)
2022-05-24 20:48:39,172 [pool-156-thread-1] INFO  storage.RaftStorageDirectory (RaftStorageDirectoryImpl.java:analyzeStorage(135)) - The storage directory /home/runner/work/ozone/ozone/hadoop-ozone/integration-test/target/test-dir/MiniOzoneClusterImpl-68ae5bae-a44d-4587-ae52-251ec6d3fd1e/datanode-4/data/ratis/a3fd9ac4-c757-4004-ba86-8b8b16ad1824 does not exist. Creating ...
2022-05-24 20:48:39,174 [pool-156-thread-1] INFO  storage.RaftStorageDirectory (RaftStorageDirectoryImpl.java:tryLock(230)) - Lock on /home/runner/work/ozone/ozone/hadoop-ozone/integration-test/target/test-dir/MiniOzoneClusterImpl-68ae5bae-a44d-4587-ae52-251ec6d3fd1e/datanode-4/data/ratis/a3fd9ac4-c757-4004-ba86-8b8b16ad1824/in_use.lock acquired by nodename 28664@fv-az122-930
2022-05-24 20:48:39,176 [pool-156-thread-1] INFO  storage.RaftStorage (RaftStorageImpl.java:format(89)) - Storage directory /home/runner/work/ozone/ozone/hadoop-ozone/integration-test/target/test-dir/MiniOzoneClusterImpl-68ae5bae-a44d-4587-ae52-251ec6d3fd1e/datanode-4/data/ratis/a3fd9ac4-c757-4004-ba86-8b8b16ad1824 has been successfully formatted.
2022-05-24 20:48:39,177 [pool-156-thread-1] INFO  ratis.ContainerStateMachine (ContainerStateMachine.java:loadSnapshot(236)) - group-8B8B16AD1824: The snapshot info is null. Setting the last applied indexto:(t:0, i:~)
2022-05-24 20:48:39,177 [pool-156-thread-1] INFO  server.RaftServerConfigKeys (ConfUtils.java:logGet(46)) - raft.server.notification.no-leader.timeout = 300s (custom)
2022-05-24 20:48:39,177 [pool-156-thread-1] INFO  server.RaftServerConfigKeys (ConfUtils.java:logGet(46)) - raft.server.log.use.memory = false (default)
2022-05-24 20:48:39,177 [pool-156-thread-1] INFO  server.RaftServerConfigKeys (ConfUtils.java:logGet(46)) - raft.server.log.purge.gap = 1000000 (custom)
2022-05-24 20:48:39,177 [pool-156-thread-1] INFO  server.RaftServerConfigKeys (ConfUtils.java:logGet(46)) - raft.server.log.appender.buffer.byte-limit = 33554432 (custom)
2022-05-24 20:48:39,179 [pool-156-thread-1] INFO  server.RaftServerConfigKeys (ConfUtils.java:logGet(46)) - raft.server.log.statemachine.data.read.timeout = 1000ms (default)
2022-05-24 20:48:39,179 [pool-156-thread-1] INFO  server.RaftServerConfigKeys (ConfUtils.java:logGet(46)) - raft.server.log.segment.size.max = 1048576 (custom)
2022-05-24 20:48:39,180 [pool-156-thread-1] INFO  server.RaftServerConfigKeys (ConfUtils.java:logGet(46)) - raft.server.log.segment.cache.num.max = 2 (custom)
2022-05-24 20:48:39,180 [pool-156-thread-1] INFO  server.RaftServerConfigKeys (ConfUtils.java:logGet(46)) - raft.server.log.segment.cache.size.max = 200MB (=209715200) (default)
2022-05-24 20:48:39,180 [pool-156-thread-1] INFO  segmented.SegmentedRaftLogWorker (SegmentedRaftLogWorker.java:<init>(187)) - new cdeff73f-0c88-4976-9d3a-8f87b3ebca92@group-8B8B16AD1824-SegmentedRaftLogWorker for RaftStorageImpl:Storage Directory /home/runner/work/ozone/ozone/hadoop-ozone/integration-test/target/test-dir/MiniOzoneClusterImpl-68ae5bae-a44d-4587-ae52-251ec6d3fd1e/datanode-4/data/ratis/a3fd9ac4-c757-4004-ba86-8b8b16ad1824
2022-05-24 20:48:39,180 [pool-156-thread-1] INFO  server.RaftServerConfigKeys (ConfUtils.java:logGet(46)) - raft.server.log.queue.byte-limit = 4294967296 (custom)
2022-05-24 20:48:39,180 [pool-156-thread-1] INFO  server.RaftServerConfigKeys (ConfUtils.java:logGet(46)) - raft.server.log.queue.element-limit = 1024 (custom)
2022-05-24 20:48:39,180 [pool-156-thread-1] INFO  server.RaftServerConfigKeys (ConfUtils.java:logGet(46)) - raft.server.log.segment.size.max = 1048576 (custom)
2022-05-24 20:48:39,180 [pool-156-thread-1] INFO  server.RaftServerConfigKeys (ConfUtils.java:logGet(46)) - raft.server.log.preallocated.size = 16384 (custom)
2022-05-24 20:48:39,180 [pool-156-thread-1] INFO  server.RaftServerConfigKeys (ConfUtils.java:logGet(46)) - raft.server.log.force.sync.num = 128 (default)
2022-05-24 20:48:39,180 [pool-156-thread-1] INFO  server.RaftServerConfigKeys (ConfUtils.java:logGet(46)) - raft.server.log.statemachine.data.sync = true (default)
2022-05-24 20:48:39,180 [pool-156-thread-1] INFO  server.RaftServerConfigKeys (ConfUtils.java:logGet(46)) - raft.server.log.statemachine.data.sync.timeout = 10s (default)
2022-05-24 20:48:39,180 [pool-156-thread-1] INFO  server.RaftServerConfigKeys (ConfUtils.java:logGet(46)) - raft.server.log.statemachine.data.sync.timeout.retry = -1 (default)
2022-05-24 20:48:39,181 [pool-156-thread-1] INFO  server.RaftServerConfigKeys (ConfUtils.java:logGet(46)) - raft.server.log.write.buffer.size = 1048576 (custom)
2022-05-24 20:48:39,181 [pool-156-thread-1] INFO  server.RaftServerConfigKeys (ConfUtils.java:logGet(46)) - raft.server.log.unsafe-flush.enabled = false (default)
2022-05-24 20:48:39,181 [pool-156-thread-1] INFO  server.RaftServerConfigKeys (ConfUtils.java:logGet(46)) - raft.server.log.statemachine.data.caching.enabled = true (custom)
2022-05-24 20:48:39,181 [pool-156-thread-1] INFO  segmented.SegmentedRaftLogWorker (SegmentedRaftLogWorker.java:lambda$new$0(135)) - cdeff73f-0c88-4976-9d3a-8f87b3ebca92@group-8B8B16AD1824-SegmentedRaftLogWorker: flushIndex: setUnconditionally 0 -> -1
2022-05-24 20:48:39,181 [pool-156-thread-1] INFO  segmented.SegmentedRaftLogWorker (SegmentedRaftLogWorker.java:lambda$new$0(135)) - cdeff73f-0c88-4976-9d3a-8f87b3ebca92@group-8B8B16AD1824-SegmentedRaftLogWorker: safeCacheEvictIndex: setUnconditionally 0 -> -1
2022-05-24 20:48:39,182 [pool-156-thread-1] INFO  server.RaftServerConfigKeys (ConfUtils.java:logGet(46)) - raft.server.snapshot.auto.trigger.enabled = true (custom)
2022-05-24 20:48:39,182 [pool-156-thread-1] INFO  server.RaftServerConfigKeys (ConfUtils.java:logGet(46)) - raft.server.snapshot.auto.trigger.threshold = 10000 (custom)
2022-05-24 20:48:39,182 [pool-156-thread-1] INFO  server.RaftServerConfigKeys (ConfUtils.java:logGet(46)) - raft.server.snapshot.retention.file.num = 5 (custom)
2022-05-24 20:48:39,182 [pool-156-thread-1] INFO  server.RaftServerConfigKeys (ConfUtils.java:logGet(46)) - raft.server.log.purge.upto.snapshot.index = false (default)
2022-05-24 20:48:39,182 [pool-156-thread-1] INFO  server.RaftServerConfigKeys (ConfUtils.java:logGet(46)) - raft.server.retrycache.expirytime = 600000ms (custom)
2022-05-24 20:48:39,182 [pool-156-thread-1] INFO  server.RaftServerConfigKeys (ConfUtils.java:logGet(46)) - raft.server.retrycache.statistics.expirytime = 100μs (default)
2022-05-24 20:48:39,183 [pool-156-thread-1] INFO  server.RaftServerConfigKeys (ConfUtils.java:logGet(46)) - raft.server.log.appender.install.snapshot.enabled = false (custom)
2022-05-24 20:48:39,183 [pool-156-thread-1] INFO  server.RaftServerConfigKeys (ConfUtils.java:logGet(46)) - raft.server.threadpool.server.cached = true (default)
2022-05-24 20:48:39,183 [pool-156-thread-1] INFO  server.RaftServerConfigKeys (ConfUtils.java:logGet(46)) - raft.server.threadpool.server.size = 0 (default)
2022-05-24 20:48:39,183 [pool-156-thread-1] INFO  server.RaftServerConfigKeys (ConfUtils.java:logGet(46)) - raft.server.threadpool.client.cached = true (default)
2022-05-24 20:48:39,183 [pool-156-thread-1] INFO  server.RaftServerConfigKeys (ConfUtils.java:logGet(46)) - raft.server.threadpool.client.size = 0 (default)
2022-05-24 20:48:39,183 [pool-156-thread-1] INFO  server.RaftServer$Division (RaftServerImpl.java:start(310)) - cdeff73f-0c88-4976-9d3a-8f87b3ebca92@group-8B8B16AD1824: start as a follower, conf=-1: [cdeff73f-0c88-4976-9d3a-8f87b3ebca92|rpc:10.1.0.30:44465|dataStream:|priority:0, a6e30353-377f-4b2f-bee2-e66a44f5bcb3|rpc:10.1.0.30:42857|dataStream:|priority:0, 51ab8667-e0eb-4b1b-8092-cca2eecc2449|rpc:10.1.0.30:46251|dataStream:|priority:1], old=null
2022-05-24 20:48:39,183 [pool-156-thread-1] INFO  server.RaftServer$Division (RaftServerImpl.java:setRole(299)) - cdeff73f-0c88-4976-9d3a-8f87b3ebca92@group-8B8B16AD1824: changes role from      null to FOLLOWER at term 0 for startAsFollower
2022-05-24 20:48:39,183 [pool-156-thread-1] INFO  impl.RoleInfo (RoleInfo.java:updateAndGet(139)) - cdeff73f-0c88-4976-9d3a-8f87b3ebca92: start cdeff73f-0c88-4976-9d3a-8f87b3ebca92@group-8B8B16AD1824-FollowerState
2022-05-24 20:48:39,183 [pool-156-thread-1] INFO  util.JmxRegister (JmxRegister.java:tryRegister(44)) - Successfully registered JMX Bean with object name Ratis:service=RaftServer,group=group-8B8B16AD1824,id=cdeff73f-0c88-4976-9d3a-8f87b3ebca92
2022-05-24 20:48:39,202 [grpc-default-executor-0] INFO  server.RaftServer (RaftServerProxy.java:addNew(96)) - 51ab8667-e0eb-4b1b-8092-cca2eecc2449: addNew group-8B8B16AD1824:[cdeff73f-0c88-4976-9d3a-8f87b3ebca92|rpc:10.1.0.30:44465|dataStream:|priority:0, a6e30353-377f-4b2f-bee2-e66a44f5bcb3|rpc:10.1.0.30:42857|dataStream:|priority:0, 51ab8667-e0eb-4b1b-8092-cca2eecc2449|rpc:10.1.0.30:46251|dataStream:|priority:1] returns group-8B8B16AD1824:java.util.concurrent.CompletableFuture@7f0a4c68[Not completed]
2022-05-24 20:48:39,204 [pool-178-thread-1] INFO  server.RaftServer$Division (RaftServerImpl.java:<init>(190)) - 51ab8667-e0eb-4b1b-8092-cca2eecc2449: new RaftServerImpl for group-8B8B16AD1824:[cdeff73f-0c88-4976-9d3a-8f87b3ebca92|rpc:10.1.0.30:44465|dataStream:|priority:0, a6e30353-377f-4b2f-bee2-e66a44f5bcb3|rpc:10.1.0.30:42857|dataStream:|priority:0, 51ab8667-e0eb-4b1b-8092-cca2eecc2449|rpc:10.1.0.30:46251|dataStream:|priority:1] with ContainerStateMachine:uninitialized
2022-05-24 20:48:39,204 [pool-178-thread-1] INFO  server.RaftServerConfigKeys (ConfUtils.java:logGet(46)) - raft.server.rpc.timeout.min = 5s (custom)
2022-05-24 20:48:39,204 [pool-178-thread-1] INFO  server.RaftServerConfigKeys (ConfUtils.java:logGet(46)) - raft.server.rpc.timeout.max = 5200ms (custom)
2022-05-24 20:48:39,204 [pool-178-thread-1] INFO  server.RaftServerConfigKeys (ConfUtils.java:logGet(46)) - raft.server.rpc.sleep.time = 25ms (default)
2022-05-24 20:48:39,204 [pool-178-thread-1] INFO  server.RaftServerConfigKeys (ConfUtils.java:logGet(46)) - raft.server.rpc.slowness.timeout = 300s (custom)
2022-05-24 20:48:39,204 [pool-178-thread-1] INFO  server.RaftServerConfigKeys (ConfUtils.java:logGet(46)) - raft.server.leaderelection.leader.step-down.wait-time = 10s (default)
2022-05-24 20:48:39,204 [pool-178-thread-1] INFO  server.RaftServerConfigKeys (ConfUtils.java:logGet(46)) - raft.server.sleep.deviation.threshold = 300ms (default)
2022-05-24 20:48:39,204 [pool-178-thread-1] INFO  server.RaftServer$Division (ServerState.java:<init>(107)) - 51ab8667-e0eb-4b1b-8092-cca2eecc2449@group-8B8B16AD1824: ConfigurationManager, init=-1: [cdeff73f-0c88-4976-9d3a-8f87b3ebca92|rpc:10.1.0.30:44465|dataStream:|priority:0, a6e30353-377f-4b2f-bee2-e66a44f5bcb3|rpc:10.1.0.30:42857|dataStream:|priority:0, 51ab8667-e0eb-4b1b-8092-cca2eecc2449|rpc:10.1.0.30:46251|dataStream:|priority:1], old=null, confs=<EMPTY_MAP>
2022-05-24 20:48:39,204 [pool-178-thread-1] INFO  server.RaftServerConfigKeys (ConfUtils.java:logGet(46)) - raft.server.storage.dir = [/home/runner/work/ozone/ozone/hadoop-ozone/integration-test/target/test-dir/MiniOzoneClusterImpl-68ae5bae-a44d-4587-ae52-251ec6d3fd1e/datanode-5/data/ratis] (custom)
2022-05-24 20:48:39,204 [pool-178-thread-1] INFO  server.RaftServerConfigKeys (ConfUtils.java:logGet(46)) - raft.server.log.corruption.policy = EXCEPTION (default)
2022-05-24 20:48:39,204 [pool-178-thread-1] INFO  server.RaftServerConfigKeys (ConfUtils.java:logGet(46)) - raft.server.storage.free-space.min = 0MB (=0) (default)
2022-05-24 20:48:39,204 [pool-178-thread-1] INFO  storage.RaftStorageDirectory (RaftStorageDirectoryImpl.java:analyzeStorage(135)) - The storage directory /home/runner/work/ozone/ozone/hadoop-ozone/integration-test/target/test-dir/MiniOzoneClusterImpl-68ae5bae-a44d-4587-ae52-251ec6d3fd1e/datanode-5/data/ratis/a3fd9ac4-c757-4004-ba86-8b8b16ad1824 does not exist. Creating ...
2022-05-24 20:48:39,206 [pool-178-thread-1] INFO  storage.RaftStorageDirectory (RaftStorageDirectoryImpl.java:tryLock(230)) - Lock on /home/runner/work/ozone/ozone/hadoop-ozone/integration-test/target/test-dir/MiniOzoneClusterImpl-68ae5bae-a44d-4587-ae52-251ec6d3fd1e/datanode-5/data/ratis/a3fd9ac4-c757-4004-ba86-8b8b16ad1824/in_use.lock acquired by nodename 28664@fv-az122-930
2022-05-24 20:48:39,207 [pool-178-thread-1] INFO  storage.RaftStorage (RaftStorageImpl.java:format(89)) - Storage directory /home/runner/work/ozone/ozone/hadoop-ozone/integration-test/target/test-dir/MiniOzoneClusterImpl-68ae5bae-a44d-4587-ae52-251ec6d3fd1e/datanode-5/data/ratis/a3fd9ac4-c757-4004-ba86-8b8b16ad1824 has been successfully formatted.
2022-05-24 20:48:39,208 [pool-178-thread-1] INFO  ratis.ContainerStateMachine (ContainerStateMachine.java:loadSnapshot(236)) - group-8B8B16AD1824: The snapshot info is null. Setting the last applied indexto:(t:0, i:~)
2022-05-24 20:48:39,209 [pool-178-thread-1] INFO  server.RaftServerConfigKeys (ConfUtils.java:logGet(46)) - raft.server.notification.no-leader.timeout = 300s (custom)
2022-05-24 20:48:39,210 [pool-178-thread-1] INFO  server.RaftServerConfigKeys (ConfUtils.java:logGet(46)) - raft.server.log.use.memory = false (default)
2022-05-24 20:48:39,210 [pool-178-thread-1] INFO  server.RaftServerConfigKeys (ConfUtils.java:logGet(46)) - raft.server.log.purge.gap = 1000000 (custom)
2022-05-24 20:48:39,210 [pool-178-thread-1] INFO  server.RaftServerConfigKeys (ConfUtils.java:logGet(46)) - raft.server.log.appender.buffer.byte-limit = 33554432 (custom)
2022-05-24 20:48:39,210 [pool-178-thread-1] INFO  server.RaftServerConfigKeys (ConfUtils.java:logGet(46)) - raft.server.log.statemachine.data.read.timeout = 1000ms (default)
2022-05-24 20:48:39,210 [pool-178-thread-1] INFO  server.RaftServerConfigKeys (ConfUtils.java:logGet(46)) - raft.server.log.segment.size.max = 1048576 (custom)
2022-05-24 20:48:39,210 [pool-178-thread-1] INFO  server.RaftServerConfigKeys (ConfUtils.java:logGet(46)) - raft.server.log.segment.cache.num.max = 2 (custom)
2022-05-24 20:48:39,210 [pool-178-thread-1] INFO  server.RaftServerConfigKeys (ConfUtils.java:logGet(46)) - raft.server.log.segment.cache.size.max = 200MB (=209715200) (default)
2022-05-24 20:48:39,210 [pool-178-thread-1] INFO  segmented.SegmentedRaftLogWorker (SegmentedRaftLogWorker.java:<init>(187)) - new 51ab8667-e0eb-4b1b-8092-cca2eecc2449@group-8B8B16AD1824-SegmentedRaftLogWorker for RaftStorageImpl:Storage Directory /home/runner/work/ozone/ozone/hadoop-ozone/integration-test/target/test-dir/MiniOzoneClusterImpl-68ae5bae-a44d-4587-ae52-251ec6d3fd1e/datanode-5/data/ratis/a3fd9ac4-c757-4004-ba86-8b8b16ad1824
2022-05-24 20:48:39,210 [pool-178-thread-1] INFO  server.RaftServerConfigKeys (ConfUtils.java:logGet(46)) - raft.server.log.queue.byte-limit = 4294967296 (custom)
2022-05-24 20:48:39,211 [pool-178-thread-1] INFO  server.RaftServerConfigKeys (ConfUtils.java:logGet(46)) - raft.server.log.queue.element-limit = 1024 (custom)
2022-05-24 20:48:39,211 [pool-178-thread-1] INFO  server.RaftServerConfigKeys (ConfUtils.java:logGet(46)) - raft.server.log.segment.size.max = 1048576 (custom)
2022-05-24 20:48:39,211 [pool-178-thread-1] INFO  server.RaftServerConfigKeys (ConfUtils.java:logGet(46)) - raft.server.log.preallocated.size = 16384 (custom)
2022-05-24 20:48:39,211 [pool-178-thread-1] INFO  server.RaftServerConfigKeys (ConfUtils.java:logGet(46)) - raft.server.log.force.sync.num = 128 (default)
2022-05-24 20:48:39,211 [pool-178-thread-1] INFO  server.RaftServerConfigKeys (ConfUtils.java:logGet(46)) - raft.server.log.statemachine.data.sync = true (default)
2022-05-24 20:48:39,211 [pool-178-thread-1] INFO  server.RaftServerConfigKeys (ConfUtils.java:logGet(46)) - raft.server.log.statemachine.data.sync.timeout = 10s (default)
2022-05-24 20:48:39,211 [pool-178-thread-1] INFO  server.RaftServerConfigKeys (ConfUtils.java:logGet(46)) - raft.server.log.statemachine.data.sync.timeout.retry = -1 (default)
2022-05-24 20:48:39,212 [pool-178-thread-1] INFO  server.RaftServerConfigKeys (ConfUtils.java:logGet(46)) - raft.server.log.write.buffer.size = 1048576 (custom)
2022-05-24 20:48:39,212 [pool-178-thread-1] INFO  server.RaftServerConfigKeys (ConfUtils.java:logGet(46)) - raft.server.log.unsafe-flush.enabled = false (default)
2022-05-24 20:48:39,212 [pool-178-thread-1] INFO  server.RaftServerConfigKeys (ConfUtils.java:logGet(46)) - raft.server.log.statemachine.data.caching.enabled = true (custom)
2022-05-24 20:48:39,212 [pool-178-thread-1] INFO  segmented.SegmentedRaftLogWorker (SegmentedRaftLogWorker.java:lambda$new$0(135)) - 51ab8667-e0eb-4b1b-8092-cca2eecc2449@group-8B8B16AD1824-SegmentedRaftLogWorker: flushIndex: setUnconditionally 0 -> -1
2022-05-24 20:48:39,212 [pool-178-thread-1] INFO  segmented.SegmentedRaftLogWorker (SegmentedRaftLogWorker.java:lambda$new$0(135)) - 51ab8667-e0eb-4b1b-8092-cca2eecc2449@group-8B8B16AD1824-SegmentedRaftLogWorker: safeCacheEvictIndex: setUnconditionally 0 -> -1
2022-05-24 20:48:39,213 [pool-178-thread-1] INFO  server.RaftServerConfigKeys (ConfUtils.java:logGet(46)) - raft.server.snapshot.auto.trigger.enabled = true (custom)
2022-05-24 20:48:39,213 [pool-178-thread-1] INFO  server.RaftServerConfigKeys (ConfUtils.java:logGet(46)) - raft.server.snapshot.auto.trigger.threshold = 10000 (custom)
2022-05-24 20:48:39,213 [pool-178-thread-1] INFO  server.RaftServerConfigKeys (ConfUtils.java:logGet(46)) - raft.server.snapshot.retention.file.num = 5 (custom)
2022-05-24 20:48:39,213 [pool-178-thread-1] INFO  server.RaftServerConfigKeys (ConfUtils.java:logGet(46)) - raft.server.log.purge.upto.snapshot.index = false (default)
2022-05-24 20:48:39,213 [pool-178-thread-1] INFO  server.RaftServerConfigKeys (ConfUtils.java:logGet(46)) - raft.server.retrycache.expirytime = 600000ms (custom)
2022-05-24 20:48:39,214 [pool-178-thread-1] INFO  server.RaftServerConfigKeys (ConfUtils.java:logGet(46)) - raft.server.retrycache.statistics.expirytime = 100μs (default)
2022-05-24 20:48:39,215 [pool-178-thread-1] INFO  server.RaftServerConfigKeys (ConfUtils.java:logGet(46)) - raft.server.log.appender.install.snapshot.enabled = false (custom)
2022-05-24 20:48:39,215 [pool-178-thread-1] INFO  server.RaftServerConfigKeys (ConfUtils.java:logGet(46)) - raft.server.threadpool.server.cached = true (default)
2022-05-24 20:48:39,215 [pool-178-thread-1] INFO  server.RaftServerConfigKeys (ConfUtils.java:logGet(46)) - raft.server.threadpool.server.size = 0 (default)
2022-05-24 20:48:39,215 [pool-178-thread-1] INFO  server.RaftServerConfigKeys (ConfUtils.java:logGet(46)) - raft.server.threadpool.client.cached = true (default)
2022-05-24 20:48:39,215 [pool-178-thread-1] INFO  server.RaftServerConfigKeys (ConfUtils.java:logGet(46)) - raft.server.threadpool.client.size = 0 (default)
2022-05-24 20:48:39,215 [pool-178-thread-1] INFO  server.RaftServer$Division (RaftServerImpl.java:start(310)) - 51ab8667-e0eb-4b1b-8092-cca2eecc2449@group-8B8B16AD1824: start as a follower, conf=-1: [cdeff73f-0c88-4976-9d3a-8f87b3ebca92|rpc:10.1.0.30:44465|dataStream:|priority:0, a6e30353-377f-4b2f-bee2-e66a44f5bcb3|rpc:10.1.0.30:42857|dataStream:|priority:0, 51ab8667-e0eb-4b1b-8092-cca2eecc2449|rpc:10.1.0.30:46251|dataStream:|priority:1], old=null
2022-05-24 20:48:39,215 [pool-178-thread-1] INFO  server.RaftServer$Division (RaftServerImpl.java:setRole(299)) - 51ab8667-e0eb-4b1b-8092-cca2eecc2449@group-8B8B16AD1824: changes role from      null to FOLLOWER at term 0 for startAsFollower
2022-05-24 20:48:39,215 [pool-178-thread-1] INFO  impl.RoleInfo (RoleInfo.java:updateAndGet(139)) - 51ab8667-e0eb-4b1b-8092-cca2eecc2449: start 51ab8667-e0eb-4b1b-8092-cca2eecc2449@group-8B8B16AD1824-FollowerState
2022-05-24 20:48:39,216 [pool-178-thread-1] INFO  util.JmxRegister (JmxRegister.java:tryRegister(44)) - Successfully registered JMX Bean with object name Ratis:service=RaftServer,group=group-8B8B16AD1824,id=51ab8667-e0eb-4b1b-8092-cca2eecc2449
2022-05-24 20:48:39,223 [Command processor thread] INFO  commandhandler.CreatePipelineCommandHandler (CreatePipelineCommandHandler.java:handle(113)) - Created Pipeline RATIS THREE PipelineID=a3fd9ac4-c757-4004-ba86-8b8b16ad1824.
2022-05-24 20:48:39,223 [Command processor thread] INFO  server.RaftServer (RaftServerProxy.java:addNew(96)) - a6e30353-377f-4b2f-bee2-e66a44f5bcb3: addNew group-4FEAA70A9A47:[a6e30353-377f-4b2f-bee2-e66a44f5bcb3|rpc:10.1.0.30:42857|priority:0, cdeff73f-0c88-4976-9d3a-8f87b3ebca92|rpc:10.1.0.30:44465|priority:1, 51ab8667-e0eb-4b1b-8092-cca2eecc2449|rpc:10.1.0.30:46251|priority:0] returns group-4FEAA70A9A47:java.util.concurrent.CompletableFuture@5dda851a[Not completed]
2022-05-24 20:48:39,224 [pool-134-thread-1] INFO  server.RaftServer$Division (RaftServerImpl.java:<init>(190)) - a6e30353-377f-4b2f-bee2-e66a44f5bcb3: new RaftServerImpl for group-4FEAA70A9A47:[a6e30353-377f-4b2f-bee2-e66a44f5bcb3|rpc:10.1.0.30:42857|priority:0, cdeff73f-0c88-4976-9d3a-8f87b3ebca92|rpc:10.1.0.30:44465|priority:1, 51ab8667-e0eb-4b1b-8092-cca2eecc2449|rpc:10.1.0.30:46251|priority:0] with ContainerStateMachine:uninitialized
2022-05-24 20:48:39,224 [pool-134-thread-1] INFO  server.RaftServerConfigKeys (ConfUtils.java:logGet(46)) - raft.server.rpc.timeout.min = 5s (custom)
2022-05-24 20:48:39,224 [pool-134-thread-1] INFO  server.RaftServerConfigKeys (ConfUtils.java:logGet(46)) - raft.server.rpc.timeout.max = 5200ms (custom)
2022-05-24 20:48:39,225 [pool-134-thread-1] INFO  server.RaftServerConfigKeys (ConfUtils.java:logGet(46)) - raft.server.rpc.sleep.time = 25ms (default)
2022-05-24 20:48:39,225 [pool-134-thread-1] INFO  server.RaftServerConfigKeys (ConfUtils.java:logGet(46)) - raft.server.rpc.slowness.timeout = 300s (custom)
2022-05-24 20:48:39,225 [pool-134-thread-1] INFO  server.RaftServerConfigKeys (ConfUtils.java:logGet(46)) - raft.server.leaderelection.leader.step-down.wait-time = 10s (default)
2022-05-24 20:48:39,225 [pool-134-thread-1] INFO  server.RaftServerConfigKeys (ConfUtils.java:logGet(46)) - raft.server.sleep.deviation.threshold = 300ms (default)
2022-05-24 20:48:39,225 [pool-134-thread-1] INFO  server.RaftServer$Division (ServerState.java:<init>(107)) - a6e30353-377f-4b2f-bee2-e66a44f5bcb3@group-4FEAA70A9A47: ConfigurationManager, init=-1: [a6e30353-377f-4b2f-bee2-e66a44f5bcb3|rpc:10.1.0.30:42857|priority:0, cdeff73f-0c88-4976-9d3a-8f87b3ebca92|rpc:10.1.0.30:44465|priority:1, 51ab8667-e0eb-4b1b-8092-cca2eecc2449|rpc:10.1.0.30:46251|priority:0], old=null, confs=<EMPTY_MAP>
2022-05-24 20:48:39,225 [pool-134-thread-1] INFO  server.RaftServerConfigKeys (ConfUtils.java:logGet(46)) - raft.server.storage.dir = [/home/runner/work/ozone/ozone/hadoop-ozone/integration-test/target/test-dir/MiniOzoneClusterImpl-68ae5bae-a44d-4587-ae52-251ec6d3fd1e/datanode-3/data/ratis] (custom)
2022-05-24 20:48:39,225 [pool-134-thread-1] INFO  server.RaftServerConfigKeys (ConfUtils.java:logGet(46)) - raft.server.log.corruption.policy = EXCEPTION (default)
2022-05-24 20:48:39,225 [pool-134-thread-1] INFO  server.RaftServerConfigKeys (ConfUtils.java:logGet(46)) - raft.server.storage.free-space.min = 0MB (=0) (default)
2022-05-24 20:48:39,225 [pool-134-thread-1] INFO  storage.RaftStorageDirectory (RaftStorageDirectoryImpl.java:analyzeStorage(135)) - The storage directory /home/runner/work/ozone/ozone/hadoop-ozone/integration-test/target/test-dir/MiniOzoneClusterImpl-68ae5bae-a44d-4587-ae52-251ec6d3fd1e/datanode-3/data/ratis/e6558b7e-c259-4dd8-acfc-4feaa70a9a47 does not exist. Creating ...
2022-05-24 20:48:39,226 [pool-134-thread-1] INFO  storage.RaftStorageDirectory (RaftStorageDirectoryImpl.java:tryLock(230)) - Lock on /home/runner/work/ozone/ozone/hadoop-ozone/integration-test/target/test-dir/MiniOzoneClusterImpl-68ae5bae-a44d-4587-ae52-251ec6d3fd1e/datanode-3/data/ratis/e6558b7e-c259-4dd8-acfc-4feaa70a9a47/in_use.lock acquired by nodename 28664@fv-az122-930
2022-05-24 20:48:39,227 [pool-134-thread-1] INFO  storage.RaftStorage (RaftStorageImpl.java:format(89)) - Storage directory /home/runner/work/ozone/ozone/hadoop-ozone/integration-test/target/test-dir/MiniOzoneClusterImpl-68ae5bae-a44d-4587-ae52-251ec6d3fd1e/datanode-3/data/ratis/e6558b7e-c259-4dd8-acfc-4feaa70a9a47 has been successfully formatted.
2022-05-24 20:48:39,228 [pool-134-thread-1] INFO  ratis.ContainerStateMachine (ContainerStateMachine.java:loadSnapshot(236)) - group-4FEAA70A9A47: The snapshot info is null. Setting the last applied indexto:(t:0, i:~)
2022-05-24 20:48:39,228 [pool-134-thread-1] INFO  server.RaftServerConfigKeys (ConfUtils.java:logGet(46)) - raft.server.notification.no-leader.timeout = 300s (custom)
2022-05-24 20:48:39,228 [pool-134-thread-1] INFO  server.RaftServerConfigKeys (ConfUtils.java:logGet(46)) - raft.server.log.use.memory = false (default)
2022-05-24 20:48:39,228 [pool-134-thread-1] INFO  server.RaftServerConfigKeys (ConfUtils.java:logGet(46)) - raft.server.log.purge.gap = 1000000 (custom)
2022-05-24 20:48:39,228 [pool-134-thread-1] INFO  server.RaftServerConfigKeys (ConfUtils.java:logGet(46)) - raft.server.log.appender.buffer.byte-limit = 33554432 (custom)
2022-05-24 20:48:39,228 [pool-134-thread-1] INFO  server.RaftServerConfigKeys (ConfUtils.java:logGet(46)) - raft.server.log.statemachine.data.read.timeout = 1000ms (default)
2022-05-24 20:48:39,229 [EventQueue-OpenPipelineForHealthyPipelineSafeModeRule] INFO  safemode.SCMSafeModeManager (HealthyPipelineSafeModeRule.java:process(124)) - SCM in safe mode. Healthy pipelines reported count is 0, required healthy pipeline reported count is 1
2022-05-24 20:48:39,229 [pool-134-thread-1] INFO  server.RaftServerConfigKeys (ConfUtils.java:logGet(46)) - raft.server.log.segment.size.max = 1048576 (custom)
2022-05-24 20:48:39,229 [pool-134-thread-1] INFO  server.RaftServerConfigKeys (ConfUtils.java:logGet(46)) - raft.server.log.segment.cache.num.max = 2 (custom)
2022-05-24 20:48:39,229 [pool-134-thread-1] INFO  server.RaftServerConfigKeys (ConfUtils.java:logGet(46)) - raft.server.log.segment.cache.size.max = 200MB (=209715200) (default)
2022-05-24 20:48:39,229 [pool-134-thread-1] INFO  segmented.SegmentedRaftLogWorker (SegmentedRaftLogWorker.java:<init>(187)) - new a6e30353-377f-4b2f-bee2-e66a44f5bcb3@group-4FEAA70A9A47-SegmentedRaftLogWorker for RaftStorageImpl:Storage Directory /home/runner/work/ozone/ozone/hadoop-ozone/integration-test/target/test-dir/MiniOzoneClusterImpl-68ae5bae-a44d-4587-ae52-251ec6d3fd1e/datanode-3/data/ratis/e6558b7e-c259-4dd8-acfc-4feaa70a9a47
2022-05-24 20:48:39,229 [pool-134-thread-1] INFO  server.RaftServerConfigKeys (ConfUtils.java:logGet(46)) - raft.server.log.queue.byte-limit = 4294967296 (custom)
2022-05-24 20:48:39,229 [pool-134-thread-1] INFO  server.RaftServerConfigKeys (ConfUtils.java:logGet(46)) - raft.server.log.queue.element-limit = 1024 (custom)
2022-05-24 20:48:39,229 [pool-134-thread-1] INFO  server.RaftServerConfigKeys (ConfUtils.java:logGet(46)) - raft.server.log.segment.size.max = 1048576 (custom)
2022-05-24 20:48:39,229 [pool-134-thread-1] INFO  server.RaftServerConfigKeys (ConfUtils.java:logGet(46)) - raft.server.log.preallocated.size = 16384 (custom)
2022-05-24 20:48:39,230 [pool-134-thread-1] INFO  server.RaftServerConfigKeys (ConfUtils.java:logGet(46)) - raft.server.log.force.sync.num = 128 (default)
2022-05-24 20:48:39,230 [pool-134-thread-1] INFO  server.RaftServerConfigKeys (ConfUtils.java:logGet(46)) - raft.server.log.statemachine.data.sync = true (default)
2022-05-24 20:48:39,230 [pool-134-thread-1] INFO  server.RaftServerConfigKeys (ConfUtils.java:logGet(46)) - raft.server.log.statemachine.data.sync.timeout = 10s (default)
2022-05-24 20:48:39,230 [pool-134-thread-1] INFO  server.RaftServerConfigKeys (ConfUtils.java:logGet(46)) - raft.server.log.statemachine.data.sync.timeout.retry = -1 (default)
2022-05-24 20:48:39,230 [pool-134-thread-1] INFO  server.RaftServerConfigKeys (ConfUtils.java:logGet(46)) - raft.server.log.write.buffer.size = 1048576 (custom)
2022-05-24 20:48:39,231 [pool-134-thread-1] INFO  server.RaftServerConfigKeys (ConfUtils.java:logGet(46)) - raft.server.log.unsafe-flush.enabled = false (default)
2022-05-24 20:48:39,231 [pool-134-thread-1] INFO  server.RaftServerConfigKeys (ConfUtils.java:logGet(46)) - raft.server.log.statemachine.data.caching.enabled = true (custom)
2022-05-24 20:48:39,231 [pool-134-thread-1] INFO  segmented.SegmentedRaftLogWorker (SegmentedRaftLogWorker.java:lambda$new$0(135)) - a6e30353-377f-4b2f-bee2-e66a44f5bcb3@group-4FEAA70A9A47-SegmentedRaftLogWorker: flushIndex: setUnconditionally 0 -> -1
2022-05-24 20:48:39,231 [pool-134-thread-1] INFO  segmented.SegmentedRaftLogWorker (SegmentedRaftLogWorker.java:lambda$new$0(135)) - a6e30353-377f-4b2f-bee2-e66a44f5bcb3@group-4FEAA70A9A47-SegmentedRaftLogWorker: safeCacheEvictIndex: setUnconditionally 0 -> -1
2022-05-24 20:48:39,231 [pool-134-thread-1] INFO  server.RaftServerConfigKeys (ConfUtils.java:logGet(46)) - raft.server.snapshot.auto.trigger.enabled = true (custom)
2022-05-24 20:48:39,231 [pool-134-thread-1] INFO  server.RaftServerConfigKeys (ConfUtils.java:logGet(46)) - raft.server.snapshot.auto.trigger.threshold = 10000 (custom)
2022-05-24 20:48:39,231 [pool-134-thread-1] INFO  server.RaftServerConfigKeys (ConfUtils.java:logGet(46)) - raft.server.snapshot.retention.file.num = 5 (custom)
2022-05-24 20:48:39,231 [pool-134-thread-1] INFO  server.RaftServerConfigKeys (ConfUtils.java:logGet(46)) - raft.server.log.purge.upto.snapshot.index = false (default)
2022-05-24 20:48:39,231 [pool-134-thread-1] INFO  server.RaftServerConfigKeys (ConfUtils.java:logGet(46)) - raft.server.retrycache.expirytime = 600000ms (custom)
2022-05-24 20:48:39,231 [pool-134-thread-1] INFO  server.RaftServerConfigKeys (ConfUtils.java:logGet(46)) - raft.server.retrycache.statistics.expirytime = 100μs (default)
2022-05-24 20:48:39,232 [pool-134-thread-1] INFO  server.RaftServerConfigKeys (ConfUtils.java:logGet(46)) - raft.server.log.appender.install.snapshot.enabled = false (custom)
2022-05-24 20:48:39,232 [pool-134-thread-1] INFO  server.RaftServerConfigKeys (ConfUtils.java:logGet(46)) - raft.server.threadpool.server.cached = true (default)
2022-05-24 20:48:39,232 [pool-134-thread-1] INFO  server.RaftServerConfigKeys (ConfUtils.java:logGet(46)) - raft.server.threadpool.server.size = 0 (default)
2022-05-24 20:48:39,233 [pool-134-thread-1] INFO  server.RaftServerConfigKeys (ConfUtils.java:logGet(46)) - raft.server.threadpool.client.cached = true (default)
2022-05-24 20:48:39,233 [pool-134-thread-1] INFO  server.RaftServerConfigKeys (ConfUtils.java:logGet(46)) - raft.server.threadpool.client.size = 0 (default)
2022-05-24 20:48:39,233 [pool-134-thread-1] INFO  server.RaftServer$Division (RaftServerImpl.java:start(310)) - a6e30353-377f-4b2f-bee2-e66a44f5bcb3@group-4FEAA70A9A47: start as a follower, conf=-1: [a6e30353-377f-4b2f-bee2-e66a44f5bcb3|rpc:10.1.0.30:42857|priority:0, cdeff73f-0c88-4976-9d3a-8f87b3ebca92|rpc:10.1.0.30:44465|priority:1, 51ab8667-e0eb-4b1b-8092-cca2eecc2449|rpc:10.1.0.30:46251|priority:0], old=null
2022-05-24 20:48:39,233 [pool-134-thread-1] INFO  server.RaftServer$Division (RaftServerImpl.java:setRole(299)) - a6e30353-377f-4b2f-bee2-e66a44f5bcb3@group-4FEAA70A9A47: changes role from      null to FOLLOWER at term 0 for startAsFollower
2022-05-24 20:48:39,233 [pool-134-thread-1] INFO  impl.RoleInfo (RoleInfo.java:updateAndGet(139)) - a6e30353-377f-4b2f-bee2-e66a44f5bcb3: start a6e30353-377f-4b2f-bee2-e66a44f5bcb3@group-4FEAA70A9A47-FollowerState
2022-05-24 20:48:39,239 [pool-134-thread-1] INFO  util.JmxRegister (JmxRegister.java:tryRegister(44)) - Successfully registered JMX Bean with object name Ratis:service=RaftServer,group=group-4FEAA70A9A47,id=a6e30353-377f-4b2f-bee2-e66a44f5bcb3
2022-05-24 20:48:39,239 [Command processor thread] INFO  ratis.XceiverServerRatis (XceiverServerRatis.java:addGroup(765)) - Created group PipelineID=e6558b7e-c259-4dd8-acfc-4feaa70a9a47
2022-05-24 20:48:39,248 [grpc-default-executor-0] INFO  server.RaftServer (RaftServerProxy.java:addNew(96)) - 51ab8667-e0eb-4b1b-8092-cca2eecc2449: addNew group-4FEAA70A9A47:[a6e30353-377f-4b2f-bee2-e66a44f5bcb3|rpc:10.1.0.30:42857|dataStream:|priority:0, cdeff73f-0c88-4976-9d3a-8f87b3ebca92|rpc:10.1.0.30:44465|dataStream:|priority:1, 51ab8667-e0eb-4b1b-8092-cca2eecc2449|rpc:10.1.0.30:46251|dataStream:|priority:0] returns group-4FEAA70A9A47:java.util.concurrent.CompletableFuture@8d5261a[Not completed]
2022-05-24 20:48:39,249 [pool-178-thread-1] INFO  server.RaftServer$Division (RaftServerImpl.java:<init>(190)) - 51ab8667-e0eb-4b1b-8092-cca2eecc2449: new RaftServerImpl for group-4FEAA70A9A47:[a6e30353-377f-4b2f-bee2-e66a44f5bcb3|rpc:10.1.0.30:42857|dataStream:|priority:0, cdeff73f-0c88-4976-9d3a-8f87b3ebca92|rpc:10.1.0.30:44465|dataStream:|priority:1, 51ab8667-e0eb-4b1b-8092-cca2eecc2449|rpc:10.1.0.30:46251|dataStream:|priority:0] with ContainerStateMachine:uninitialized
2022-05-24 20:48:39,249 [pool-178-thread-1] INFO  server.RaftServerConfigKeys (ConfUtils.java:logGet(46)) - raft.server.rpc.timeout.min = 5s (custom)
2022-05-24 20:48:39,249 [pool-178-thread-1] INFO  server.RaftServerConfigKeys (ConfUtils.java:logGet(46)) - raft.server.rpc.timeout.max = 5200ms (custom)
2022-05-24 20:48:39,249 [pool-178-thread-1] INFO  server.RaftServerConfigKeys (ConfUtils.java:logGet(46)) - raft.server.rpc.sleep.time = 25ms (default)
2022-05-24 20:48:39,249 [pool-178-thread-1] INFO  server.RaftServerConfigKeys (ConfUtils.java:logGet(46)) - raft.server.rpc.slowness.timeout = 300s (custom)
2022-05-24 20:48:39,249 [pool-178-thread-1] INFO  server.RaftServerConfigKeys (ConfUtils.java:logGet(46)) - raft.server.leaderelection.leader.step-down.wait-time = 10s (default)
2022-05-24 20:48:39,249 [pool-178-thread-1] INFO  server.RaftServerConfigKeys (ConfUtils.java:logGet(46)) - raft.server.sleep.deviation.threshold = 300ms (default)
2022-05-24 20:48:39,249 [pool-178-thread-1] INFO  server.RaftServer$Division (ServerState.java:<init>(107)) - 51ab8667-e0eb-4b1b-8092-cca2eecc2449@group-4FEAA70A9A47: ConfigurationManager, init=-1: [a6e30353-377f-4b2f-bee2-e66a44f5bcb3|rpc:10.1.0.30:42857|dataStream:|priority:0, cdeff73f-0c88-4976-9d3a-8f87b3ebca92|rpc:10.1.0.30:44465|dataStream:|priority:1, 51ab8667-e0eb-4b1b-8092-cca2eecc2449|rpc:10.1.0.30:46251|dataStream:|priority:0], old=null, confs=<EMPTY_MAP>
2022-05-24 20:48:39,250 [pool-178-thread-1] INFO  server.RaftServerConfigKeys (ConfUtils.java:logGet(46)) - raft.server.storage.dir = [/home/runner/work/ozone/ozone/hadoop-ozone/integration-test/target/test-dir/MiniOzoneClusterImpl-68ae5bae-a44d-4587-ae52-251ec6d3fd1e/datanode-5/data/ratis] (custom)
2022-05-24 20:48:39,250 [pool-178-thread-1] INFO  server.RaftServerConfigKeys (ConfUtils.java:logGet(46)) - raft.server.log.corruption.policy = EXCEPTION (default)
2022-05-24 20:48:39,250 [pool-178-thread-1] INFO  server.RaftServerConfigKeys (ConfUtils.java:logGet(46)) - raft.server.storage.free-space.min = 0MB (=0) (default)
2022-05-24 20:48:39,250 [pool-178-thread-1] INFO  storage.RaftStorageDirectory (RaftStorageDirectoryImpl.java:analyzeStorage(135)) - The storage directory /home/runner/work/ozone/ozone/hadoop-ozone/integration-test/target/test-dir/MiniOzoneClusterImpl-68ae5bae-a44d-4587-ae52-251ec6d3fd1e/datanode-5/data/ratis/e6558b7e-c259-4dd8-acfc-4feaa70a9a47 does not exist. Creating ...
2022-05-24 20:48:39,252 [pool-178-thread-1] INFO  storage.RaftStorageDirectory (RaftStorageDirectoryImpl.java:tryLock(230)) - Lock on /home/runner/work/ozone/ozone/hadoop-ozone/integration-test/target/test-dir/MiniOzoneClusterImpl-68ae5bae-a44d-4587-ae52-251ec6d3fd1e/datanode-5/data/ratis/e6558b7e-c259-4dd8-acfc-4feaa70a9a47/in_use.lock acquired by nodename 28664@fv-az122-930
2022-05-24 20:48:39,254 [pool-178-thread-1] INFO  storage.RaftStorage (RaftStorageImpl.java:format(89)) - Storage directory /home/runner/work/ozone/ozone/hadoop-ozone/integration-test/target/test-dir/MiniOzoneClusterImpl-68ae5bae-a44d-4587-ae52-251ec6d3fd1e/datanode-5/data/ratis/e6558b7e-c259-4dd8-acfc-4feaa70a9a47 has been successfully formatted.
2022-05-24 20:48:39,254 [pool-178-thread-1] INFO  ratis.ContainerStateMachine (ContainerStateMachine.java:loadSnapshot(236)) - group-4FEAA70A9A47: The snapshot info is null. Setting the last applied indexto:(t:0, i:~)
2022-05-24 20:48:39,254 [pool-178-thread-1] INFO  server.RaftServerConfigKeys (ConfUtils.java:logGet(46)) - raft.server.notification.no-leader.timeout = 300s (custom)
2022-05-24 20:48:39,254 [pool-178-thread-1] INFO  server.RaftServerConfigKeys (ConfUtils.java:logGet(46)) - raft.server.log.use.memory = false (default)
2022-05-24 20:48:39,254 [pool-178-thread-1] INFO  server.RaftServerConfigKeys (ConfUtils.java:logGet(46)) - raft.server.log.purge.gap = 1000000 (custom)
2022-05-24 20:48:39,254 [pool-178-thread-1] INFO  server.RaftServerConfigKeys (ConfUtils.java:logGet(46)) - raft.server.log.appender.buffer.byte-limit = 33554432 (custom)
2022-05-24 20:48:39,254 [pool-178-thread-1] INFO  server.RaftServerConfigKeys (ConfUtils.java:logGet(46)) - raft.server.log.statemachine.data.read.timeout = 1000ms (default)
2022-05-24 20:48:39,255 [pool-178-thread-1] INFO  server.RaftServerConfigKeys (ConfUtils.java:logGet(46)) - raft.server.log.segment.size.max = 1048576 (custom)
2022-05-24 20:48:39,255 [pool-178-thread-1] INFO  server.RaftServerConfigKeys (ConfUtils.java:logGet(46)) - raft.server.log.segment.cache.num.max = 2 (custom)
2022-05-24 20:48:39,255 [pool-178-thread-1] INFO  server.RaftServerConfigKeys (ConfUtils.java:logGet(46)) - raft.server.log.segment.cache.size.max = 200MB (=209715200) (default)
2022-05-24 20:48:39,255 [pool-178-thread-1] INFO  segmented.SegmentedRaftLogWorker (SegmentedRaftLogWorker.java:<init>(187)) - new 51ab8667-e0eb-4b1b-8092-cca2eecc2449@group-4FEAA70A9A47-SegmentedRaftLogWorker for RaftStorageImpl:Storage Directory /home/runner/work/ozone/ozone/hadoop-ozone/integration-test/target/test-dir/MiniOzoneClusterImpl-68ae5bae-a44d-4587-ae52-251ec6d3fd1e/datanode-5/data/ratis/e6558b7e-c259-4dd8-acfc-4feaa70a9a47
2022-05-24 20:48:39,255 [pool-178-thread-1] INFO  server.RaftServerConfigKeys (ConfUtils.java:logGet(46)) - raft.server.log.queue.byte-limit = 4294967296 (custom)
2022-05-24 20:48:39,255 [pool-178-thread-1] INFO  server.RaftServerConfigKeys (ConfUtils.java:logGet(46)) - raft.server.log.queue.element-limit = 1024 (custom)
2022-05-24 20:48:39,255 [pool-178-thread-1] INFO  server.RaftServerConfigKeys (ConfUtils.java:logGet(46)) - raft.server.log.segment.size.max = 1048576 (custom)
2022-05-24 20:48:39,255 [pool-178-thread-1] INFO  server.RaftServerConfigKeys (ConfUtils.java:logGet(46)) - raft.server.log.preallocated.size = 16384 (custom)
2022-05-24 20:48:39,255 [pool-178-thread-1] INFO  server.RaftServerConfigKeys (ConfUtils.java:logGet(46)) - raft.server.log.force.sync.num = 128 (default)
2022-05-24 20:48:39,255 [pool-178-thread-1] INFO  server.RaftServerConfigKeys (ConfUtils.java:logGet(46)) - raft.server.log.statemachine.data.sync = true (default)
2022-05-24 20:48:39,255 [pool-178-thread-1] INFO  server.RaftServerConfigKeys (ConfUtils.java:logGet(46)) - raft.server.log.statemachine.data.sync.timeout = 10s (default)
2022-05-24 20:48:39,255 [pool-178-thread-1] INFO  server.RaftServerConfigKeys (ConfUtils.java:logGet(46)) - raft.server.log.statemachine.data.sync.timeout.retry = -1 (default)
2022-05-24 20:48:39,256 [pool-178-thread-1] INFO  server.RaftServerConfigKeys (ConfUtils.java:logGet(46)) - raft.server.log.write.buffer.size = 1048576 (custom)
2022-05-24 20:48:39,257 [pool-178-thread-1] INFO  server.RaftServerConfigKeys (ConfUtils.java:logGet(46)) - raft.server.log.unsafe-flush.enabled = false (default)
2022-05-24 20:48:39,257 [pool-178-thread-1] INFO  server.RaftServerConfigKeys (ConfUtils.java:logGet(46)) - raft.server.log.statemachine.data.caching.enabled = true (custom)
2022-05-24 20:48:39,257 [pool-178-thread-1] INFO  segmented.SegmentedRaftLogWorker (SegmentedRaftLogWorker.java:lambda$new$0(135)) - 51ab8667-e0eb-4b1b-8092-cca2eecc2449@group-4FEAA70A9A47-SegmentedRaftLogWorker: flushIndex: setUnconditionally 0 -> -1
2022-05-24 20:48:39,257 [pool-178-thread-1] INFO  segmented.SegmentedRaftLogWorker (SegmentedRaftLogWorker.java:lambda$new$0(135)) - 51ab8667-e0eb-4b1b-8092-cca2eecc2449@group-4FEAA70A9A47-SegmentedRaftLogWorker: safeCacheEvictIndex: setUnconditionally 0 -> -1
2022-05-24 20:48:39,261 [pool-178-thread-1] INFO  server.RaftServerConfigKeys (ConfUtils.java:logGet(46)) - raft.server.snapshot.auto.trigger.enabled = true (custom)
2022-05-24 20:48:39,261 [pool-178-thread-1] INFO  server.RaftServerConfigKeys (ConfUtils.java:logGet(46)) - raft.server.snapshot.auto.trigger.threshold = 10000 (custom)
2022-05-24 20:48:39,261 [pool-178-thread-1] INFO  server.RaftServerConfigKeys (ConfUtils.java:logGet(46)) - raft.server.snapshot.retention.file.num = 5 (custom)
2022-05-24 20:48:39,261 [pool-178-thread-1] INFO  server.RaftServerConfigKeys (ConfUtils.java:logGet(46)) - raft.server.log.purge.upto.snapshot.index = false (default)
2022-05-24 20:48:39,261 [pool-178-thread-1] INFO  server.RaftServerConfigKeys (ConfUtils.java:logGet(46)) - raft.server.retrycache.expirytime = 600000ms (custom)
2022-05-24 20:48:39,261 [pool-178-thread-1] INFO  server.RaftServerConfigKeys (ConfUtils.java:logGet(46)) - raft.server.retrycache.statistics.expirytime = 100μs (default)
2022-05-24 20:48:39,262 [pool-178-thread-1] INFO  server.RaftServerConfigKeys (ConfUtils.java:logGet(46)) - raft.server.log.appender.install.snapshot.enabled = false (custom)
2022-05-24 20:48:39,262 [pool-178-thread-1] INFO  server.RaftServerConfigKeys (ConfUtils.java:logGet(46)) - raft.server.threadpool.server.cached = true (default)
2022-05-24 20:48:39,262 [pool-178-thread-1] INFO  server.RaftServerConfigKeys (ConfUtils.java:logGet(46)) - raft.server.threadpool.server.size = 0 (default)
2022-05-24 20:48:39,262 [pool-178-thread-1] INFO  server.RaftServerConfigKeys (ConfUtils.java:logGet(46)) - raft.server.threadpool.client.cached = true (default)
2022-05-24 20:48:39,262 [pool-178-thread-1] INFO  server.RaftServerConfigKeys (ConfUtils.java:logGet(46)) - raft.server.threadpool.client.size = 0 (default)
2022-05-24 20:48:39,262 [pool-178-thread-1] INFO  server.RaftServer$Division (RaftServerImpl.java:start(310)) - 51ab8667-e0eb-4b1b-8092-cca2eecc2449@group-4FEAA70A9A47: start as a follower, conf=-1: [a6e30353-377f-4b2f-bee2-e66a44f5bcb3|rpc:10.1.0.30:42857|dataStream:|priority:0, cdeff73f-0c88-4976-9d3a-8f87b3ebca92|rpc:10.1.0.30:44465|dataStream:|priority:1, 51ab8667-e0eb-4b1b-8092-cca2eecc2449|rpc:10.1.0.30:46251|dataStream:|priority:0], old=null
2022-05-24 20:48:39,262 [pool-178-thread-1] INFO  server.RaftServer$Division (RaftServerImpl.java:setRole(299)) - 51ab8667-e0eb-4b1b-8092-cca2eecc2449@group-4FEAA70A9A47: changes role from      null to FOLLOWER at term 0 for startAsFollower
2022-05-24 20:48:39,262 [pool-178-thread-1] INFO  impl.RoleInfo (RoleInfo.java:updateAndGet(139)) - 51ab8667-e0eb-4b1b-8092-cca2eecc2449: start 51ab8667-e0eb-4b1b-8092-cca2eecc2449@group-4FEAA70A9A47-FollowerState
2022-05-24 20:48:39,264 [pool-178-thread-1] INFO  util.JmxRegister (JmxRegister.java:tryRegister(44)) - Successfully registered JMX Bean with object name Ratis:service=RaftServer,group=group-4FEAA70A9A47,id=51ab8667-e0eb-4b1b-8092-cca2eecc2449
2022-05-24 20:48:39,283 [grpc-default-executor-0] INFO  server.RaftServer (RaftServerProxy.java:addNew(96)) - cdeff73f-0c88-4976-9d3a-8f87b3ebca92: addNew group-4FEAA70A9A47:[a6e30353-377f-4b2f-bee2-e66a44f5bcb3|rpc:10.1.0.30:42857|dataStream:|priority:0, cdeff73f-0c88-4976-9d3a-8f87b3ebca92|rpc:10.1.0.30:44465|dataStream:|priority:1, 51ab8667-e0eb-4b1b-8092-cca2eecc2449|rpc:10.1.0.30:46251|dataStream:|priority:0] returns group-4FEAA70A9A47:java.util.concurrent.CompletableFuture@f15c1[Not completed]
2022-05-24 20:48:39,284 [pool-156-thread-1] INFO  server.RaftServer$Division (RaftServerImpl.java:<init>(190)) - cdeff73f-0c88-4976-9d3a-8f87b3ebca92: new RaftServerImpl for group-4FEAA70A9A47:[a6e30353-377f-4b2f-bee2-e66a44f5bcb3|rpc:10.1.0.30:42857|dataStream:|priority:0, cdeff73f-0c88-4976-9d3a-8f87b3ebca92|rpc:10.1.0.30:44465|dataStream:|priority:1, 51ab8667-e0eb-4b1b-8092-cca2eecc2449|rpc:10.1.0.30:46251|dataStream:|priority:0] with ContainerStateMachine:uninitialized
2022-05-24 20:48:39,284 [pool-156-thread-1] INFO  server.RaftServerConfigKeys (ConfUtils.java:logGet(46)) - raft.server.rpc.timeout.min = 5s (custom)
2022-05-24 20:48:39,284 [pool-156-thread-1] INFO  server.RaftServerConfigKeys (ConfUtils.java:logGet(46)) - raft.server.rpc.timeout.max = 5200ms (custom)
2022-05-24 20:48:39,284 [pool-156-thread-1] INFO  server.RaftServerConfigKeys (ConfUtils.java:logGet(46)) - raft.server.rpc.sleep.time = 25ms (default)
2022-05-24 20:48:39,284 [pool-156-thread-1] INFO  server.RaftServerConfigKeys (ConfUtils.java:logGet(46)) - raft.server.rpc.slowness.timeout = 300s (custom)
2022-05-24 20:48:39,284 [pool-156-thread-1] INFO  server.RaftServerConfigKeys (ConfUtils.java:logGet(46)) - raft.server.leaderelection.leader.step-down.wait-time = 10s (default)
2022-05-24 20:48:39,284 [pool-156-thread-1] INFO  server.RaftServerConfigKeys (ConfUtils.java:logGet(46)) - raft.server.sleep.deviation.threshold = 300ms (default)
2022-05-24 20:48:39,284 [pool-156-thread-1] INFO  server.RaftServer$Division (ServerState.java:<init>(107)) - cdeff73f-0c88-4976-9d3a-8f87b3ebca92@group-4FEAA70A9A47: ConfigurationManager, init=-1: [a6e30353-377f-4b2f-bee2-e66a44f5bcb3|rpc:10.1.0.30:42857|dataStream:|priority:0, cdeff73f-0c88-4976-9d3a-8f87b3ebca92|rpc:10.1.0.30:44465|dataStream:|priority:1, 51ab8667-e0eb-4b1b-8092-cca2eecc2449|rpc:10.1.0.30:46251|dataStream:|priority:0], old=null, confs=<EMPTY_MAP>
2022-05-24 20:48:39,284 [pool-156-thread-1] INFO  server.RaftServerConfigKeys (ConfUtils.java:logGet(46)) - raft.server.storage.dir = [/home/runner/work/ozone/ozone/hadoop-ozone/integration-test/target/test-dir/MiniOzoneClusterImpl-68ae5bae-a44d-4587-ae52-251ec6d3fd1e/datanode-4/data/ratis] (custom)
2022-05-24 20:48:39,284 [pool-156-thread-1] INFO  server.RaftServerConfigKeys (ConfUtils.java:logGet(46)) - raft.server.log.corruption.policy = EXCEPTION (default)
2022-05-24 20:48:39,284 [pool-156-thread-1] INFO  server.RaftServerConfigKeys (ConfUtils.java:logGet(46)) - raft.server.storage.free-space.min = 0MB (=0) (default)
2022-05-24 20:48:39,284 [pool-156-thread-1] INFO  storage.RaftStorageDirectory (RaftStorageDirectoryImpl.java:analyzeStorage(135)) - The storage directory /home/runner/work/ozone/ozone/hadoop-ozone/integration-test/target/test-dir/MiniOzoneClusterImpl-68ae5bae-a44d-4587-ae52-251ec6d3fd1e/datanode-4/data/ratis/e6558b7e-c259-4dd8-acfc-4feaa70a9a47 does not exist. Creating ...
2022-05-24 20:48:39,286 [pool-156-thread-1] INFO  storage.RaftStorageDirectory (RaftStorageDirectoryImpl.java:tryLock(230)) - Lock on /home/runner/work/ozone/ozone/hadoop-ozone/integration-test/target/test-dir/MiniOzoneClusterImpl-68ae5bae-a44d-4587-ae52-251ec6d3fd1e/datanode-4/data/ratis/e6558b7e-c259-4dd8-acfc-4feaa70a9a47/in_use.lock acquired by nodename 28664@fv-az122-930
2022-05-24 20:48:39,289 [pool-156-thread-1] INFO  storage.RaftStorage (RaftStorageImpl.java:format(89)) - Storage directory /home/runner/work/ozone/ozone/hadoop-ozone/integration-test/target/test-dir/MiniOzoneClusterImpl-68ae5bae-a44d-4587-ae52-251ec6d3fd1e/datanode-4/data/ratis/e6558b7e-c259-4dd8-acfc-4feaa70a9a47 has been successfully formatted.
2022-05-24 20:48:39,289 [pool-156-thread-1] INFO  ratis.ContainerStateMachine (ContainerStateMachine.java:loadSnapshot(236)) - group-4FEAA70A9A47: The snapshot info is null. Setting the last applied indexto:(t:0, i:~)
2022-05-24 20:48:39,289 [pool-156-thread-1] INFO  server.RaftServerConfigKeys (ConfUtils.java:logGet(46)) - raft.server.notification.no-leader.timeout = 300s (custom)
2022-05-24 20:48:39,289 [pool-156-thread-1] INFO  server.RaftServerConfigKeys (ConfUtils.java:logGet(46)) - raft.server.log.use.memory = false (default)
2022-05-24 20:48:39,289 [pool-156-thread-1] INFO  server.RaftServerConfigKeys (ConfUtils.java:logGet(46)) - raft.server.log.purge.gap = 1000000 (custom)
2022-05-24 20:48:39,289 [pool-156-thread-1] INFO  server.RaftServerConfigKeys (ConfUtils.java:logGet(46)) - raft.server.log.appender.buffer.byte-limit = 33554432 (custom)
2022-05-24 20:48:39,289 [pool-156-thread-1] INFO  server.RaftServerConfigKeys (ConfUtils.java:logGet(46)) - raft.server.log.statemachine.data.read.timeout = 1000ms (default)
2022-05-24 20:48:39,289 [pool-156-thread-1] INFO  server.RaftServerConfigKeys (ConfUtils.java:logGet(46)) - raft.server.log.segment.size.max = 1048576 (custom)
2022-05-24 20:48:39,290 [pool-156-thread-1] INFO  server.RaftServerConfigKeys (ConfUtils.java:logGet(46)) - raft.server.log.segment.cache.num.max = 2 (custom)
2022-05-24 20:48:39,290 [pool-156-thread-1] INFO  server.RaftServerConfigKeys (ConfUtils.java:logGet(46)) - raft.server.log.segment.cache.size.max = 200MB (=209715200) (default)
2022-05-24 20:48:39,290 [pool-156-thread-1] INFO  segmented.SegmentedRaftLogWorker (SegmentedRaftLogWorker.java:<init>(187)) - new cdeff73f-0c88-4976-9d3a-8f87b3ebca92@group-4FEAA70A9A47-SegmentedRaftLogWorker for RaftStorageImpl:Storage Directory /home/runner/work/ozone/ozone/hadoop-ozone/integration-test/target/test-dir/MiniOzoneClusterImpl-68ae5bae-a44d-4587-ae52-251ec6d3fd1e/datanode-4/data/ratis/e6558b7e-c259-4dd8-acfc-4feaa70a9a47
2022-05-24 20:48:39,290 [pool-156-thread-1] INFO  server.RaftServerConfigKeys (ConfUtils.java:logGet(46)) - raft.server.log.queue.byte-limit = 4294967296 (custom)
2022-05-24 20:48:39,290 [pool-156-thread-1] INFO  server.RaftServerConfigKeys (ConfUtils.java:logGet(46)) - raft.server.log.queue.element-limit = 1024 (custom)
2022-05-24 20:48:39,290 [pool-156-thread-1] INFO  server.RaftServerConfigKeys (ConfUtils.java:logGet(46)) - raft.server.log.segment.size.max = 1048576 (custom)
2022-05-24 20:48:39,290 [pool-156-thread-1] INFO  server.RaftServerConfigKeys (ConfUtils.java:logGet(46)) - raft.server.log.preallocated.size = 16384 (custom)
2022-05-24 20:48:39,290 [pool-156-thread-1] INFO  server.RaftServerConfigKeys (ConfUtils.java:logGet(46)) - raft.server.log.force.sync.num = 128 (default)
2022-05-24 20:48:39,290 [pool-156-thread-1] INFO  server.RaftServerConfigKeys (ConfUtils.java:logGet(46)) - raft.server.log.statemachine.data.sync = true (default)
2022-05-24 20:48:39,290 [pool-156-thread-1] INFO  server.RaftServerConfigKeys (ConfUtils.java:logGet(46)) - raft.server.log.statemachine.data.sync.timeout = 10s (default)
2022-05-24 20:48:39,290 [pool-156-thread-1] INFO  server.RaftServerConfigKeys (ConfUtils.java:logGet(46)) - raft.server.log.statemachine.data.sync.timeout.retry = -1 (default)
2022-05-24 20:48:39,291 [pool-156-thread-1] INFO  server.RaftServerConfigKeys (ConfUtils.java:logGet(46)) - raft.server.log.write.buffer.size = 1048576 (custom)
2022-05-24 20:48:39,291 [pool-156-thread-1] INFO  server.RaftServerConfigKeys (ConfUtils.java:logGet(46)) - raft.server.log.unsafe-flush.enabled = false (default)
2022-05-24 20:48:39,291 [pool-156-thread-1] INFO  server.RaftServerConfigKeys (ConfUtils.java:logGet(46)) - raft.server.log.statemachine.data.caching.enabled = true (custom)
2022-05-24 20:48:39,291 [pool-156-thread-1] INFO  segmented.SegmentedRaftLogWorker (SegmentedRaftLogWorker.java:lambda$new$0(135)) - cdeff73f-0c88-4976-9d3a-8f87b3ebca92@group-4FEAA70A9A47-SegmentedRaftLogWorker: flushIndex: setUnconditionally 0 -> -1
2022-05-24 20:48:39,291 [pool-156-thread-1] INFO  segmented.SegmentedRaftLogWorker (SegmentedRaftLogWorker.java:lambda$new$0(135)) - cdeff73f-0c88-4976-9d3a-8f87b3ebca92@group-4FEAA70A9A47-SegmentedRaftLogWorker: safeCacheEvictIndex: setUnconditionally 0 -> -1
2022-05-24 20:48:39,299 [pool-156-thread-1] INFO  server.RaftServerConfigKeys (ConfUtils.java:logGet(46)) - raft.server.snapshot.auto.trigger.enabled = true (custom)
2022-05-24 20:48:39,299 [pool-156-thread-1] INFO  server.RaftServerConfigKeys (ConfUtils.java:logGet(46)) - raft.server.snapshot.auto.trigger.threshold = 10000 (custom)
2022-05-24 20:48:39,299 [pool-156-thread-1] INFO  server.RaftServerConfigKeys (ConfUtils.java:logGet(46)) - raft.server.snapshot.retention.file.num = 5 (custom)
2022-05-24 20:48:39,299 [pool-156-thread-1] INFO  server.RaftServerConfigKeys (ConfUtils.java:logGet(46)) - raft.server.log.purge.upto.snapshot.index = false (default)
2022-05-24 20:48:39,299 [pool-156-thread-1] INFO  server.RaftServerConfigKeys (ConfUtils.java:logGet(46)) - raft.server.retrycache.expirytime = 600000ms (custom)
2022-05-24 20:48:39,299 [pool-156-thread-1] INFO  server.RaftServerConfigKeys (ConfUtils.java:logGet(46)) - raft.server.retrycache.statistics.expirytime = 100μs (default)
2022-05-24 20:48:39,300 [pool-156-thread-1] INFO  server.RaftServerConfigKeys (ConfUtils.java:logGet(46)) - raft.server.log.appender.install.snapshot.enabled = false (custom)
2022-05-24 20:48:39,300 [pool-156-thread-1] INFO  server.RaftServerConfigKeys (ConfUtils.java:logGet(46)) - raft.server.threadpool.server.cached = true (default)
2022-05-24 20:48:39,300 [pool-156-thread-1] INFO  server.RaftServerConfigKeys (ConfUtils.java:logGet(46)) - raft.server.threadpool.server.size = 0 (default)
2022-05-24 20:48:39,300 [pool-156-thread-1] INFO  server.RaftServerConfigKeys (ConfUtils.java:logGet(46)) - raft.server.threadpool.client.cached = true (default)
2022-05-24 20:48:39,300 [pool-156-thread-1] INFO  server.RaftServerConfigKeys (ConfUtils.java:logGet(46)) - raft.server.threadpool.client.size = 0 (default)
2022-05-24 20:48:39,300 [pool-156-thread-1] INFO  server.RaftServer$Division (RaftServerImpl.java:start(310)) - cdeff73f-0c88-4976-9d3a-8f87b3ebca92@group-4FEAA70A9A47: start as a follower, conf=-1: [a6e30353-377f-4b2f-bee2-e66a44f5bcb3|rpc:10.1.0.30:42857|dataStream:|priority:0, cdeff73f-0c88-4976-9d3a-8f87b3ebca92|rpc:10.1.0.30:44465|dataStream:|priority:1, 51ab8667-e0eb-4b1b-8092-cca2eecc2449|rpc:10.1.0.30:46251|dataStream:|priority:0], old=null
2022-05-24 20:48:39,300 [pool-156-thread-1] INFO  server.RaftServer$Division (RaftServerImpl.java:setRole(299)) - cdeff73f-0c88-4976-9d3a-8f87b3ebca92@group-4FEAA70A9A47: changes role from      null to FOLLOWER at term 0 for startAsFollower
2022-05-24 20:48:39,300 [pool-156-thread-1] INFO  impl.RoleInfo (RoleInfo.java:updateAndGet(139)) - cdeff73f-0c88-4976-9d3a-8f87b3ebca92: start cdeff73f-0c88-4976-9d3a-8f87b3ebca92@group-4FEAA70A9A47-FollowerState
2022-05-24 20:48:39,302 [pool-156-thread-1] INFO  util.JmxRegister (JmxRegister.java:tryRegister(44)) - Successfully registered JMX Bean with object name Ratis:service=RaftServer,group=group-4FEAA70A9A47,id=cdeff73f-0c88-4976-9d3a-8f87b3ebca92
2022-05-24 20:48:39,312 [Command processor thread] INFO  commandhandler.CreatePipelineCommandHandler (CreatePipelineCommandHandler.java:handle(113)) - Created Pipeline RATIS THREE PipelineID=e6558b7e-c259-4dd8-acfc-4feaa70a9a47.
2022-05-24 20:48:39,395 [Command processor thread] INFO  server.RaftServer (RaftServerProxy.java:addNew(96)) - cdeff73f-0c88-4976-9d3a-8f87b3ebca92: addNew group-7840FB39003E:[cdeff73f-0c88-4976-9d3a-8f87b3ebca92|rpc:10.1.0.30:44465|priority:1] returns group-7840FB39003E:java.util.concurrent.CompletableFuture@999e1f2[Not completed]
2022-05-24 20:48:39,396 [pool-156-thread-1] INFO  server.RaftServer$Division (RaftServerImpl.java:<init>(190)) - cdeff73f-0c88-4976-9d3a-8f87b3ebca92: new RaftServerImpl for group-7840FB39003E:[cdeff73f-0c88-4976-9d3a-8f87b3ebca92|rpc:10.1.0.30:44465|priority:1] with ContainerStateMachine:uninitialized
2022-05-24 20:48:39,396 [pool-156-thread-1] INFO  server.RaftServerConfigKeys (ConfUtils.java:logGet(46)) - raft.server.rpc.timeout.min = 5s (custom)
2022-05-24 20:48:39,396 [pool-156-thread-1] INFO  server.RaftServerConfigKeys (ConfUtils.java:logGet(46)) - raft.server.rpc.timeout.max = 5200ms (custom)
2022-05-24 20:48:39,397 [pool-156-thread-1] INFO  server.RaftServerConfigKeys (ConfUtils.java:logGet(46)) - raft.server.rpc.sleep.time = 25ms (default)
2022-05-24 20:48:39,397 [pool-156-thread-1] INFO  server.RaftServerConfigKeys (ConfUtils.java:logGet(46)) - raft.server.rpc.slowness.timeout = 300s (custom)
2022-05-24 20:48:39,397 [pool-156-thread-1] INFO  server.RaftServerConfigKeys (ConfUtils.java:logGet(46)) - raft.server.leaderelection.leader.step-down.wait-time = 10s (default)
2022-05-24 20:48:39,397 [pool-156-thread-1] INFO  server.RaftServerConfigKeys (ConfUtils.java:logGet(46)) - raft.server.sleep.deviation.threshold = 300ms (default)
2022-05-24 20:48:39,397 [pool-156-thread-1] INFO  server.RaftServer$Division (ServerState.java:<init>(107)) - cdeff73f-0c88-4976-9d3a-8f87b3ebca92@group-7840FB39003E: ConfigurationManager, init=-1: [cdeff73f-0c88-4976-9d3a-8f87b3ebca92|rpc:10.1.0.30:44465|priority:1], old=null, confs=<EMPTY_MAP>
2022-05-24 20:48:39,397 [pool-156-thread-1] INFO  server.RaftServerConfigKeys (ConfUtils.java:logGet(46)) - raft.server.storage.dir = [/home/runner/work/ozone/ozone/hadoop-ozone/integration-test/target/test-dir/MiniOzoneClusterImpl-68ae5bae-a44d-4587-ae52-251ec6d3fd1e/datanode-4/data/ratis] (custom)
2022-05-24 20:48:39,397 [pool-156-thread-1] INFO  server.RaftServerConfigKeys (ConfUtils.java:logGet(46)) - raft.server.log.corruption.policy = EXCEPTION (default)
2022-05-24 20:48:39,397 [pool-156-thread-1] INFO  server.RaftServerConfigKeys (ConfUtils.java:logGet(46)) - raft.server.storage.free-space.min = 0MB (=0) (default)
2022-05-24 20:48:39,397 [pool-156-thread-1] INFO  storage.RaftStorageDirectory (RaftStorageDirectoryImpl.java:analyzeStorage(135)) - The storage directory /home/runner/work/ozone/ozone/hadoop-ozone/integration-test/target/test-dir/MiniOzoneClusterImpl-68ae5bae-a44d-4587-ae52-251ec6d3fd1e/datanode-4/data/ratis/d459a9d5-efba-4b13-a11e-7840fb39003e does not exist. Creating ...
2022-05-24 20:48:39,398 [pool-156-thread-1] INFO  storage.RaftStorageDirectory (RaftStorageDirectoryImpl.java:tryLock(230)) - Lock on /home/runner/work/ozone/ozone/hadoop-ozone/integration-test/target/test-dir/MiniOzoneClusterImpl-68ae5bae-a44d-4587-ae52-251ec6d3fd1e/datanode-4/data/ratis/d459a9d5-efba-4b13-a11e-7840fb39003e/in_use.lock acquired by nodename 28664@fv-az122-930
2022-05-24 20:48:39,400 [pool-156-thread-1] INFO  storage.RaftStorage (RaftStorageImpl.java:format(89)) - Storage directory /home/runner/work/ozone/ozone/hadoop-ozone/integration-test/target/test-dir/MiniOzoneClusterImpl-68ae5bae-a44d-4587-ae52-251ec6d3fd1e/datanode-4/data/ratis/d459a9d5-efba-4b13-a11e-7840fb39003e has been successfully formatted.
2022-05-24 20:48:39,400 [pool-156-thread-1] INFO  ratis.ContainerStateMachine (ContainerStateMachine.java:loadSnapshot(236)) - group-7840FB39003E: The snapshot info is null. Setting the last applied indexto:(t:0, i:~)
2022-05-24 20:48:39,400 [pool-156-thread-1] INFO  server.RaftServerConfigKeys (ConfUtils.java:logGet(46)) - raft.server.notification.no-leader.timeout = 300s (custom)
2022-05-24 20:48:39,400 [pool-156-thread-1] INFO  server.RaftServerConfigKeys (ConfUtils.java:logGet(46)) - raft.server.log.use.memory = false (default)
2022-05-24 20:48:39,400 [pool-156-thread-1] INFO  server.RaftServerConfigKeys (ConfUtils.java:logGet(46)) - raft.server.log.purge.gap = 1000000 (custom)
2022-05-24 20:48:39,400 [pool-156-thread-1] INFO  server.RaftServerConfigKeys (ConfUtils.java:logGet(46)) - raft.server.log.appender.buffer.byte-limit = 33554432 (custom)
2022-05-24 20:48:39,400 [pool-156-thread-1] INFO  server.RaftServerConfigKeys (ConfUtils.java:logGet(46)) - raft.server.log.statemachine.data.read.timeout = 1000ms (default)
2022-05-24 20:48:39,400 [pool-156-thread-1] INFO  server.RaftServerConfigKeys (ConfUtils.java:logGet(46)) - raft.server.log.segment.size.max = 1048576 (custom)
2022-05-24 20:48:39,401 [pool-156-thread-1] INFO  server.RaftServerConfigKeys (ConfUtils.java:logGet(46)) - raft.server.log.segment.cache.num.max = 2 (custom)
2022-05-24 20:48:39,401 [pool-156-thread-1] INFO  server.RaftServerConfigKeys (ConfUtils.java:logGet(46)) - raft.server.log.segment.cache.size.max = 200MB (=209715200) (default)
2022-05-24 20:48:39,401 [pool-156-thread-1] INFO  segmented.SegmentedRaftLogWorker (SegmentedRaftLogWorker.java:<init>(187)) - new cdeff73f-0c88-4976-9d3a-8f87b3ebca92@group-7840FB39003E-SegmentedRaftLogWorker for RaftStorageImpl:Storage Directory /home/runner/work/ozone/ozone/hadoop-ozone/integration-test/target/test-dir/MiniOzoneClusterImpl-68ae5bae-a44d-4587-ae52-251ec6d3fd1e/datanode-4/data/ratis/d459a9d5-efba-4b13-a11e-7840fb39003e
2022-05-24 20:48:39,401 [pool-156-thread-1] INFO  server.RaftServerConfigKeys (ConfUtils.java:logGet(46)) - raft.server.log.queue.byte-limit = 4294967296 (custom)
2022-05-24 20:48:39,401 [pool-156-thread-1] INFO  server.RaftServerConfigKeys (ConfUtils.java:logGet(46)) - raft.server.log.queue.element-limit = 1024 (custom)
2022-05-24 20:48:39,401 [pool-156-thread-1] INFO  server.RaftServerConfigKeys (ConfUtils.java:logGet(46)) - raft.server.log.segment.size.max = 1048576 (custom)
2022-05-24 20:48:39,401 [pool-156-thread-1] INFO  server.RaftServerConfigKeys (ConfUtils.java:logGet(46)) - raft.server.log.preallocated.size = 16384 (custom)
2022-05-24 20:48:39,401 [pool-156-thread-1] INFO  server.RaftServerConfigKeys (ConfUtils.java:logGet(46)) - raft.server.log.force.sync.num = 128 (default)
2022-05-24 20:48:39,401 [pool-156-thread-1] INFO  server.RaftServerConfigKeys (ConfUtils.java:logGet(46)) - raft.server.log.statemachine.data.sync = true (default)
2022-05-24 20:48:39,401 [pool-156-thread-1] INFO  server.RaftServerConfigKeys (ConfUtils.java:logGet(46)) - raft.server.log.statemachine.data.sync.timeout = 10s (default)
2022-05-24 20:48:39,401 [pool-156-thread-1] INFO  server.RaftServerConfigKeys (ConfUtils.java:logGet(46)) - raft.server.log.statemachine.data.sync.timeout.retry = -1 (default)
2022-05-24 20:48:39,402 [EventQueue-PipelineReportForPipelineReportHandler] INFO  pipeline.PipelineManagerImpl (PipelineManagerImpl.java:openPipeline(336)) - Pipeline Pipeline[ Id: d459a9d5-efba-4b13-a11e-7840fb39003e, Nodes: cdeff73f-0c88-4976-9d3a-8f87b3ebca92{ip: 10.1.0.30, host: fv-az122-930.eh24crq5omsuteaqbma5cv3ijc.phxx.internal.cloudapp.net, ports: [REPLICATION=42185, RATIS=44465, RATIS_ADMIN=44465, RATIS_SERVER=44465, STANDALONE=42789], networkLocation: /default-rack, certSerialId: null, persistedOpState: IN_SERVICE, persistedOpStateExpiryEpochSec: 0}, ReplicationConfig: RATIS/ONE, State:ALLOCATED, leaderId:cdeff73f-0c88-4976-9d3a-8f87b3ebca92, CreationTimestamp2022-05-24T20:48:36.400Z[Etc/UTC]] moved to OPEN state
2022-05-24 20:48:39,402 [EventQueue-OpenPipelineForHealthyPipelineSafeModeRule] INFO  safemode.SCMSafeModeManager (HealthyPipelineSafeModeRule.java:process(124)) - SCM in safe mode. Healthy pipelines reported count is 0, required healthy pipeline reported count is 1
2022-05-24 20:48:39,402 [pool-156-thread-1] INFO  server.RaftServerConfigKeys (ConfUtils.java:logGet(46)) - raft.server.log.write.buffer.size = 1048576 (custom)
2022-05-24 20:48:39,403 [pool-156-thread-1] INFO  server.RaftServerConfigKeys (ConfUtils.java:logGet(46)) - raft.server.log.unsafe-flush.enabled = false (default)
2022-05-24 20:48:39,403 [pool-156-thread-1] INFO  server.RaftServerConfigKeys (ConfUtils.java:logGet(46)) - raft.server.log.statemachine.data.caching.enabled = true (custom)
2022-05-24 20:48:39,404 [pool-156-thread-1] INFO  segmented.SegmentedRaftLogWorker (SegmentedRaftLogWorker.java:lambda$new$0(135)) - cdeff73f-0c88-4976-9d3a-8f87b3ebca92@group-7840FB39003E-SegmentedRaftLogWorker: flushIndex: setUnconditionally 0 -> -1
2022-05-24 20:48:39,404 [pool-156-thread-1] INFO  segmented.SegmentedRaftLogWorker (SegmentedRaftLogWorker.java:lambda$new$0(135)) - cdeff73f-0c88-4976-9d3a-8f87b3ebca92@group-7840FB39003E-SegmentedRaftLogWorker: safeCacheEvictIndex: setUnconditionally 0 -> -1
2022-05-24 20:48:39,404 [pool-156-thread-1] INFO  server.RaftServerConfigKeys (ConfUtils.java:logGet(46)) - raft.server.snapshot.auto.trigger.enabled = true (custom)
2022-05-24 20:48:39,404 [pool-156-thread-1] INFO  server.RaftServerConfigKeys (ConfUtils.java:logGet(46)) - raft.server.snapshot.auto.trigger.threshold = 10000 (custom)
2022-05-24 20:48:39,404 [pool-156-thread-1] INFO  server.RaftServerConfigKeys (ConfUtils.java:logGet(46)) - raft.server.snapshot.retention.file.num = 5 (custom)
2022-05-24 20:48:39,404 [pool-156-thread-1] INFO  server.RaftServerConfigKeys (ConfUtils.java:logGet(46)) - raft.server.log.purge.upto.snapshot.index = false (default)
2022-05-24 20:48:39,404 [pool-156-thread-1] INFO  server.RaftServerConfigKeys (ConfUtils.java:logGet(46)) - raft.server.retrycache.expirytime = 600000ms (custom)
2022-05-24 20:48:39,404 [pool-156-thread-1] INFO  server.RaftServerConfigKeys (ConfUtils.java:logGet(46)) - raft.server.retrycache.statistics.expirytime = 100μs (default)
2022-05-24 20:48:39,405 [pool-156-thread-1] INFO  server.RaftServerConfigKeys (ConfUtils.java:logGet(46)) - raft.server.log.appender.install.snapshot.enabled = false (custom)
2022-05-24 20:48:39,405 [pool-156-thread-1] INFO  server.RaftServerConfigKeys (ConfUtils.java:logGet(46)) - raft.server.threadpool.server.cached = true (default)
2022-05-24 20:48:39,405 [pool-156-thread-1] INFO  server.RaftServerConfigKeys (ConfUtils.java:logGet(46)) - raft.server.threadpool.server.size = 0 (default)
2022-05-24 20:48:39,405 [pool-156-thread-1] INFO  server.RaftServerConfigKeys (ConfUtils.java:logGet(46)) - raft.server.threadpool.client.cached = true (default)
2022-05-24 20:48:39,405 [pool-156-thread-1] INFO  server.RaftServerConfigKeys (ConfUtils.java:logGet(46)) - raft.server.threadpool.client.size = 0 (default)
2022-05-24 20:48:39,405 [pool-156-thread-1] INFO  server.RaftServer$Division (RaftServerImpl.java:start(310)) - cdeff73f-0c88-4976-9d3a-8f87b3ebca92@group-7840FB39003E: start as a follower, conf=-1: [cdeff73f-0c88-4976-9d3a-8f87b3ebca92|rpc:10.1.0.30:44465|priority:1], old=null
2022-05-24 20:48:39,405 [pool-156-thread-1] INFO  server.RaftServer$Division (RaftServerImpl.java:setRole(299)) - cdeff73f-0c88-4976-9d3a-8f87b3ebca92@group-7840FB39003E: changes role from      null to FOLLOWER at term 0 for startAsFollower
2022-05-24 20:48:39,405 [pool-156-thread-1] INFO  impl.RoleInfo (RoleInfo.java:updateAndGet(139)) - cdeff73f-0c88-4976-9d3a-8f87b3ebca92: start cdeff73f-0c88-4976-9d3a-8f87b3ebca92@group-7840FB39003E-FollowerState
2022-05-24 20:48:39,405 [pool-156-thread-1] INFO  util.JmxRegister (JmxRegister.java:tryRegister(44)) - Successfully registered JMX Bean with object name Ratis:service=RaftServer,group=group-7840FB39003E,id=cdeff73f-0c88-4976-9d3a-8f87b3ebca92
2022-05-24 20:48:39,406 [Command processor thread] INFO  ratis.XceiverServerRatis (XceiverServerRatis.java:addGroup(765)) - Created group PipelineID=d459a9d5-efba-4b13-a11e-7840fb39003e
2022-05-24 20:48:39,406 [Command processor thread] INFO  commandhandler.CreatePipelineCommandHandler (CreatePipelineCommandHandler.java:handle(113)) - Created Pipeline RATIS ONE PipelineID=d459a9d5-efba-4b13-a11e-7840fb39003e.
2022-05-24 20:48:39,690 [Command processor thread] INFO  server.RaftServer (RaftServerProxy.java:addNew(96)) - 51ab8667-e0eb-4b1b-8092-cca2eecc2449: addNew group-EC6BD6B41A18:[51ab8667-e0eb-4b1b-8092-cca2eecc2449|rpc:10.1.0.30:46251|priority:1] returns group-EC6BD6B41A18:java.util.concurrent.CompletableFuture@79eb87b3[Not completed]
2022-05-24 20:48:39,691 [pool-178-thread-1] INFO  server.RaftServer$Division (RaftServerImpl.java:<init>(190)) - 51ab8667-e0eb-4b1b-8092-cca2eecc2449: new RaftServerImpl for group-EC6BD6B41A18:[51ab8667-e0eb-4b1b-8092-cca2eecc2449|rpc:10.1.0.30:46251|priority:1] with ContainerStateMachine:uninitialized
2022-05-24 20:48:39,691 [pool-178-thread-1] INFO  server.RaftServerConfigKeys (ConfUtils.java:logGet(46)) - raft.server.rpc.timeout.min = 5s (custom)
2022-05-24 20:48:39,691 [pool-178-thread-1] INFO  server.RaftServerConfigKeys (ConfUtils.java:logGet(46)) - raft.server.rpc.timeout.max = 5200ms (custom)
2022-05-24 20:48:39,691 [pool-178-thread-1] INFO  server.RaftServerConfigKeys (ConfUtils.java:logGet(46)) - raft.server.rpc.sleep.time = 25ms (default)
2022-05-24 20:48:39,691 [pool-178-thread-1] INFO  server.RaftServerConfigKeys (ConfUtils.java:logGet(46)) - raft.server.rpc.slowness.timeout = 300s (custom)
2022-05-24 20:48:39,691 [pool-178-thread-1] INFO  server.RaftServerConfigKeys (ConfUtils.java:logGet(46)) - raft.server.leaderelection.leader.step-down.wait-time = 10s (default)
2022-05-24 20:48:39,691 [pool-178-thread-1] INFO  server.RaftServerConfigKeys (ConfUtils.java:logGet(46)) - raft.server.sleep.deviation.threshold = 300ms (default)
2022-05-24 20:48:39,691 [pool-178-thread-1] INFO  server.RaftServer$Division (ServerState.java:<init>(107)) - 51ab8667-e0eb-4b1b-8092-cca2eecc2449@group-EC6BD6B41A18: ConfigurationManager, init=-1: [51ab8667-e0eb-4b1b-8092-cca2eecc2449|rpc:10.1.0.30:46251|priority:1], old=null, confs=<EMPTY_MAP>
2022-05-24 20:48:39,691 [pool-178-thread-1] INFO  server.RaftServerConfigKeys (ConfUtils.java:logGet(46)) - raft.server.storage.dir = [/home/runner/work/ozone/ozone/hadoop-ozone/integration-test/target/test-dir/MiniOzoneClusterImpl-68ae5bae-a44d-4587-ae52-251ec6d3fd1e/datanode-5/data/ratis] (custom)
2022-05-24 20:48:39,692 [pool-178-thread-1] INFO  server.RaftServerConfigKeys (ConfUtils.java:logGet(46)) - raft.server.log.corruption.policy = EXCEPTION (default)
2022-05-24 20:48:39,692 [pool-178-thread-1] INFO  server.RaftServerConfigKeys (ConfUtils.java:logGet(46)) - raft.server.storage.free-space.min = 0MB (=0) (default)
2022-05-24 20:48:39,692 [pool-178-thread-1] INFO  storage.RaftStorageDirectory (RaftStorageDirectoryImpl.java:analyzeStorage(135)) - The storage directory /home/runner/work/ozone/ozone/hadoop-ozone/integration-test/target/test-dir/MiniOzoneClusterImpl-68ae5bae-a44d-4587-ae52-251ec6d3fd1e/datanode-5/data/ratis/e6ac303e-accb-406f-a4ea-ec6bd6b41a18 does not exist. Creating ...
2022-05-24 20:48:39,693 [pool-178-thread-1] INFO  storage.RaftStorageDirectory (RaftStorageDirectoryImpl.java:tryLock(230)) - Lock on /home/runner/work/ozone/ozone/hadoop-ozone/integration-test/target/test-dir/MiniOzoneClusterImpl-68ae5bae-a44d-4587-ae52-251ec6d3fd1e/datanode-5/data/ratis/e6ac303e-accb-406f-a4ea-ec6bd6b41a18/in_use.lock acquired by nodename 28664@fv-az122-930
2022-05-24 20:48:39,695 [pool-178-thread-1] INFO  storage.RaftStorage (RaftStorageImpl.java:format(89)) - Storage directory /home/runner/work/ozone/ozone/hadoop-ozone/integration-test/target/test-dir/MiniOzoneClusterImpl-68ae5bae-a44d-4587-ae52-251ec6d3fd1e/datanode-5/data/ratis/e6ac303e-accb-406f-a4ea-ec6bd6b41a18 has been successfully formatted.
2022-05-24 20:48:39,695 [pool-178-thread-1] INFO  ratis.ContainerStateMachine (ContainerStateMachine.java:loadSnapshot(236)) - group-EC6BD6B41A18: The snapshot info is null. Setting the last applied indexto:(t:0, i:~)
2022-05-24 20:48:39,695 [pool-178-thread-1] INFO  server.RaftServerConfigKeys (ConfUtils.java:logGet(46)) - raft.server.notification.no-leader.timeout = 300s (custom)
2022-05-24 20:48:39,696 [pool-178-thread-1] INFO  server.RaftServerConfigKeys (ConfUtils.java:logGet(46)) - raft.server.log.use.memory = false (default)
2022-05-24 20:48:39,696 [pool-178-thread-1] INFO  server.RaftServerConfigKeys (ConfUtils.java:logGet(46)) - raft.server.log.purge.gap = 1000000 (custom)
2022-05-24 20:48:39,696 [pool-178-thread-1] INFO  server.RaftServerConfigKeys (ConfUtils.java:logGet(46)) - raft.server.log.appender.buffer.byte-limit = 33554432 (custom)
2022-05-24 20:48:39,696 [pool-178-thread-1] INFO  server.RaftServerConfigKeys (ConfUtils.java:logGet(46)) - raft.server.log.statemachine.data.read.timeout = 1000ms (default)
2022-05-24 20:48:39,696 [pool-178-thread-1] INFO  server.RaftServerConfigKeys (ConfUtils.java:logGet(46)) - raft.server.log.segment.size.max = 1048576 (custom)
2022-05-24 20:48:39,696 [pool-178-thread-1] INFO  server.RaftServerConfigKeys (ConfUtils.java:logGet(46)) - raft.server.log.segment.cache.num.max = 2 (custom)
2022-05-24 20:48:39,696 [pool-178-thread-1] INFO  server.RaftServerConfigKeys (ConfUtils.java:logGet(46)) - raft.server.log.segment.cache.size.max = 200MB (=209715200) (default)
2022-05-24 20:48:39,697 [pool-178-thread-1] INFO  segmented.SegmentedRaftLogWorker (SegmentedRaftLogWorker.java:<init>(187)) - new 51ab8667-e0eb-4b1b-8092-cca2eecc2449@group-EC6BD6B41A18-SegmentedRaftLogWorker for RaftStorageImpl:Storage Directory /home/runner/work/ozone/ozone/hadoop-ozone/integration-test/target/test-dir/MiniOzoneClusterImpl-68ae5bae-a44d-4587-ae52-251ec6d3fd1e/datanode-5/data/ratis/e6ac303e-accb-406f-a4ea-ec6bd6b41a18
2022-05-24 20:48:39,697 [pool-178-thread-1] INFO  server.RaftServerConfigKeys (ConfUtils.java:logGet(46)) - raft.server.log.queue.byte-limit = 4294967296 (custom)
2022-05-24 20:48:39,697 [pool-178-thread-1] INFO  server.RaftServerConfigKeys (ConfUtils.java:logGet(46)) - raft.server.log.queue.element-limit = 1024 (custom)
2022-05-24 20:48:39,697 [pool-178-thread-1] INFO  server.RaftServerConfigKeys (ConfUtils.java:logGet(46)) - raft.server.log.segment.size.max = 1048576 (custom)
2022-05-24 20:48:39,697 [pool-178-thread-1] INFO  server.RaftServerConfigKeys (ConfUtils.java:logGet(46)) - raft.server.log.preallocated.size = 16384 (custom)
2022-05-24 20:48:39,697 [pool-178-thread-1] INFO  server.RaftServerConfigKeys (ConfUtils.java:logGet(46)) - raft.server.log.force.sync.num = 128 (default)
2022-05-24 20:48:39,697 [pool-178-thread-1] INFO  server.RaftServerConfigKeys (ConfUtils.java:logGet(46)) - raft.server.log.statemachine.data.sync = true (default)
2022-05-24 20:48:39,697 [pool-178-thread-1] INFO  server.RaftServerConfigKeys (ConfUtils.java:logGet(46)) - raft.server.log.statemachine.data.sync.timeout = 10s (default)
2022-05-24 20:48:39,697 [EventQueue-PipelineReportForPipelineReportHandler] INFO  pipeline.PipelineManagerImpl (PipelineManagerImpl.java:openPipeline(336)) - Pipeline Pipeline[ Id: e6ac303e-accb-406f-a4ea-ec6bd6b41a18, Nodes: 51ab8667-e0eb-4b1b-8092-cca2eecc2449{ip: 10.1.0.30, host: fv-az122-930.eh24crq5omsuteaqbma5cv3ijc.phxx.internal.cloudapp.net, ports: [REPLICATION=34887, RATIS=46251, RATIS_ADMIN=46251, RATIS_SERVER=46251, STANDALONE=34069], networkLocation: /default-rack, certSerialId: null, persistedOpState: IN_SERVICE, persistedOpStateExpiryEpochSec: 0}, ReplicationConfig: RATIS/ONE, State:ALLOCATED, leaderId:51ab8667-e0eb-4b1b-8092-cca2eecc2449, CreationTimestamp2022-05-24T20:48:36.694Z[Etc/UTC]] moved to OPEN state
2022-05-24 20:48:39,697 [pool-178-thread-1] INFO  server.RaftServerConfigKeys (ConfUtils.java:logGet(46)) - raft.server.log.statemachine.data.sync.timeout.retry = -1 (default)
2022-05-24 20:48:39,697 [EventQueue-OpenPipelineForHealthyPipelineSafeModeRule] INFO  safemode.SCMSafeModeManager (HealthyPipelineSafeModeRule.java:process(124)) - SCM in safe mode. Healthy pipelines reported count is 0, required healthy pipeline reported count is 1
2022-05-24 20:48:39,702 [pool-178-thread-1] INFO  server.RaftServerConfigKeys (ConfUtils.java:logGet(46)) - raft.server.log.write.buffer.size = 1048576 (custom)
2022-05-24 20:48:39,702 [pool-178-thread-1] INFO  server.RaftServerConfigKeys (ConfUtils.java:logGet(46)) - raft.server.log.unsafe-flush.enabled = false (default)
2022-05-24 20:48:39,703 [pool-178-thread-1] INFO  server.RaftServerConfigKeys (ConfUtils.java:logGet(46)) - raft.server.log.statemachine.data.caching.enabled = true (custom)
2022-05-24 20:48:39,703 [pool-178-thread-1] INFO  segmented.SegmentedRaftLogWorker (SegmentedRaftLogWorker.java:lambda$new$0(135)) - 51ab8667-e0eb-4b1b-8092-cca2eecc2449@group-EC6BD6B41A18-SegmentedRaftLogWorker: flushIndex: setUnconditionally 0 -> -1
2022-05-24 20:48:39,703 [pool-178-thread-1] INFO  segmented.SegmentedRaftLogWorker (SegmentedRaftLogWorker.java:lambda$new$0(135)) - 51ab8667-e0eb-4b1b-8092-cca2eecc2449@group-EC6BD6B41A18-SegmentedRaftLogWorker: safeCacheEvictIndex: setUnconditionally 0 -> -1
2022-05-24 20:48:39,703 [pool-178-thread-1] INFO  server.RaftServerConfigKeys (ConfUtils.java:logGet(46)) - raft.server.snapshot.auto.trigger.enabled = true (custom)
2022-05-24 20:48:39,703 [pool-178-thread-1] INFO  server.RaftServerConfigKeys (ConfUtils.java:logGet(46)) - raft.server.snapshot.auto.trigger.threshold = 10000 (custom)
2022-05-24 20:48:39,703 [pool-178-thread-1] INFO  server.RaftServerConfigKeys (ConfUtils.java:logGet(46)) - raft.server.snapshot.retention.file.num = 5 (custom)
2022-05-24 20:48:39,703 [pool-178-thread-1] INFO  server.RaftServerConfigKeys (ConfUtils.java:logGet(46)) - raft.server.log.purge.upto.snapshot.index = false (default)
2022-05-24 20:48:39,703 [pool-178-thread-1] INFO  server.RaftServerConfigKeys (ConfUtils.java:logGet(46)) - raft.server.retrycache.expirytime = 600000ms (custom)
2022-05-24 20:48:39,703 [pool-178-thread-1] INFO  server.RaftServerConfigKeys (ConfUtils.java:logGet(46)) - raft.server.retrycache.statistics.expirytime = 100μs (default)
2022-05-24 20:48:39,704 [pool-178-thread-1] INFO  server.RaftServerConfigKeys (ConfUtils.java:logGet(46)) - raft.server.log.appender.install.snapshot.enabled = false (custom)
2022-05-24 20:48:39,704 [pool-178-thread-1] INFO  server.RaftServerConfigKeys (ConfUtils.java:logGet(46)) - raft.server.threadpool.server.cached = true (default)
2022-05-24 20:48:39,704 [pool-178-thread-1] INFO  server.RaftServerConfigKeys (ConfUtils.java:logGet(46)) - raft.server.threadpool.server.size = 0 (default)
2022-05-24 20:48:39,704 [pool-178-thread-1] INFO  server.RaftServerConfigKeys (ConfUtils.java:logGet(46)) - raft.server.threadpool.client.cached = true (default)
2022-05-24 20:48:39,704 [pool-178-thread-1] INFO  server.RaftServerConfigKeys (ConfUtils.java:logGet(46)) - raft.server.threadpool.client.size = 0 (default)
2022-05-24 20:48:39,704 [pool-178-thread-1] INFO  server.RaftServer$Division (RaftServerImpl.java:start(310)) - 51ab8667-e0eb-4b1b-8092-cca2eecc2449@group-EC6BD6B41A18: start as a follower, conf=-1: [51ab8667-e0eb-4b1b-8092-cca2eecc2449|rpc:10.1.0.30:46251|priority:1], old=null
2022-05-24 20:48:39,704 [pool-178-thread-1] INFO  server.RaftServer$Division (RaftServerImpl.java:setRole(299)) - 51ab8667-e0eb-4b1b-8092-cca2eecc2449@group-EC6BD6B41A18: changes role from      null to FOLLOWER at term 0 for startAsFollower
2022-05-24 20:48:39,705 [pool-178-thread-1] INFO  impl.RoleInfo (RoleInfo.java:updateAndGet(139)) - 51ab8667-e0eb-4b1b-8092-cca2eecc2449: start 51ab8667-e0eb-4b1b-8092-cca2eecc2449@group-EC6BD6B41A18-FollowerState
2022-05-24 20:48:39,705 [pool-178-thread-1] INFO  util.JmxRegister (JmxRegister.java:tryRegister(44)) - Successfully registered JMX Bean with object name Ratis:service=RaftServer,group=group-EC6BD6B41A18,id=51ab8667-e0eb-4b1b-8092-cca2eecc2449
2022-05-24 20:48:39,706 [Command processor thread] INFO  ratis.XceiverServerRatis (XceiverServerRatis.java:addGroup(765)) - Created group PipelineID=e6ac303e-accb-406f-a4ea-ec6bd6b41a18
2022-05-24 20:48:39,706 [Command processor thread] INFO  commandhandler.CreatePipelineCommandHandler (CreatePipelineCommandHandler.java:handle(113)) - Created Pipeline RATIS ONE PipelineID=e6ac303e-accb-406f-a4ea-ec6bd6b41a18.
2022-05-24 20:48:40,052 [Command processor thread] INFO  server.RaftServer (RaftServerProxy.java:addNew(96)) - 2d640a7f-eabf-4d86-860e-09f863e1ed92: addNew group-6DA54ED0E188:[2d640a7f-eabf-4d86-860e-09f863e1ed92|rpc:10.1.0.30:32775|priority:1] returns group-6DA54ED0E188:java.util.concurrent.CompletableFuture@4766b38b[Not completed]
2022-05-24 20:48:40,054 [pool-200-thread-1] INFO  server.RaftServer$Division (RaftServerImpl.java:<init>(190)) - 2d640a7f-eabf-4d86-860e-09f863e1ed92: new RaftServerImpl for group-6DA54ED0E188:[2d640a7f-eabf-4d86-860e-09f863e1ed92|rpc:10.1.0.30:32775|priority:1] with ContainerStateMachine:uninitialized
2022-05-24 20:48:40,054 [pool-200-thread-1] INFO  server.RaftServerConfigKeys (ConfUtils.java:logGet(46)) - raft.server.rpc.timeout.min = 5s (custom)
2022-05-24 20:48:40,054 [pool-200-thread-1] INFO  server.RaftServerConfigKeys (ConfUtils.java:logGet(46)) - raft.server.rpc.timeout.max = 5200ms (custom)
2022-05-24 20:48:40,054 [pool-200-thread-1] INFO  server.RaftServerConfigKeys (ConfUtils.java:logGet(46)) - raft.server.rpc.sleep.time = 25ms (default)
2022-05-24 20:48:40,054 [pool-200-thread-1] INFO  server.RaftServerConfigKeys (ConfUtils.java:logGet(46)) - raft.server.rpc.slowness.timeout = 300s (custom)
2022-05-24 20:48:40,054 [pool-200-thread-1] INFO  server.RaftServerConfigKeys (ConfUtils.java:logGet(46)) - raft.server.leaderelection.leader.step-down.wait-time = 10s (default)
2022-05-24 20:48:40,054 [pool-200-thread-1] INFO  server.RaftServerConfigKeys (ConfUtils.java:logGet(46)) - raft.server.sleep.deviation.threshold = 300ms (default)
2022-05-24 20:48:40,054 [pool-200-thread-1] INFO  server.RaftServer$Division (ServerState.java:<init>(107)) - 2d640a7f-eabf-4d86-860e-09f863e1ed92@group-6DA54ED0E188: ConfigurationManager, init=-1: [2d640a7f-eabf-4d86-860e-09f863e1ed92|rpc:10.1.0.30:32775|priority:1], old=null, confs=<EMPTY_MAP>
2022-05-24 20:48:40,055 [pool-200-thread-1] INFO  server.RaftServerConfigKeys (ConfUtils.java:logGet(46)) - raft.server.storage.dir = [/home/runner/work/ozone/ozone/hadoop-ozone/integration-test/target/test-dir/MiniOzoneClusterImpl-68ae5bae-a44d-4587-ae52-251ec6d3fd1e/datanode-6/data/ratis] (custom)
2022-05-24 20:48:40,055 [pool-200-thread-1] INFO  server.RaftServerConfigKeys (ConfUtils.java:logGet(46)) - raft.server.log.corruption.policy = EXCEPTION (default)
2022-05-24 20:48:40,055 [pool-200-thread-1] INFO  server.RaftServerConfigKeys (ConfUtils.java:logGet(46)) - raft.server.storage.free-space.min = 0MB (=0) (default)
2022-05-24 20:48:40,055 [pool-200-thread-1] INFO  storage.RaftStorageDirectory (RaftStorageDirectoryImpl.java:analyzeStorage(135)) - The storage directory /home/runner/work/ozone/ozone/hadoop-ozone/integration-test/target/test-dir/MiniOzoneClusterImpl-68ae5bae-a44d-4587-ae52-251ec6d3fd1e/datanode-6/data/ratis/00f53784-3b99-4455-b2b3-6da54ed0e188 does not exist. Creating ...
2022-05-24 20:48:40,056 [pool-200-thread-1] INFO  storage.RaftStorageDirectory (RaftStorageDirectoryImpl.java:tryLock(230)) - Lock on /home/runner/work/ozone/ozone/hadoop-ozone/integration-test/target/test-dir/MiniOzoneClusterImpl-68ae5bae-a44d-4587-ae52-251ec6d3fd1e/datanode-6/data/ratis/00f53784-3b99-4455-b2b3-6da54ed0e188/in_use.lock acquired by nodename 28664@fv-az122-930
2022-05-24 20:48:40,057 [pool-200-thread-1] INFO  storage.RaftStorage (RaftStorageImpl.java:format(89)) - Storage directory /home/runner/work/ozone/ozone/hadoop-ozone/integration-test/target/test-dir/MiniOzoneClusterImpl-68ae5bae-a44d-4587-ae52-251ec6d3fd1e/datanode-6/data/ratis/00f53784-3b99-4455-b2b3-6da54ed0e188 has been successfully formatted.
2022-05-24 20:48:40,058 [pool-200-thread-1] INFO  ratis.ContainerStateMachine (ContainerStateMachine.java:loadSnapshot(236)) - group-6DA54ED0E188: The snapshot info is null. Setting the last applied indexto:(t:0, i:~)
2022-05-24 20:48:40,058 [pool-200-thread-1] INFO  server.RaftServerConfigKeys (ConfUtils.java:logGet(46)) - raft.server.notification.no-leader.timeout = 300s (custom)
2022-05-24 20:48:40,058 [pool-200-thread-1] INFO  server.RaftServerConfigKeys (ConfUtils.java:logGet(46)) - raft.server.log.use.memory = false (default)
2022-05-24 20:48:40,058 [pool-200-thread-1] INFO  server.RaftServerConfigKeys (ConfUtils.java:logGet(46)) - raft.server.log.purge.gap = 1000000 (custom)
2022-05-24 20:48:40,058 [pool-200-thread-1] INFO  server.RaftServerConfigKeys (ConfUtils.java:logGet(46)) - raft.server.log.appender.buffer.byte-limit = 33554432 (custom)
2022-05-24 20:48:40,058 [pool-200-thread-1] INFO  server.RaftServerConfigKeys (ConfUtils.java:logGet(46)) - raft.server.log.statemachine.data.read.timeout = 1000ms (default)
2022-05-24 20:48:40,058 [pool-200-thread-1] INFO  server.RaftServerConfigKeys (ConfUtils.java:logGet(46)) - raft.server.log.segment.size.max = 1048576 (custom)
2022-05-24 20:48:40,059 [pool-200-thread-1] INFO  server.RaftServerConfigKeys (ConfUtils.java:logGet(46)) - raft.server.log.segment.cache.num.max = 2 (custom)
2022-05-24 20:48:40,059 [pool-200-thread-1] INFO  server.RaftServerConfigKeys (ConfUtils.java:logGet(46)) - raft.server.log.segment.cache.size.max = 200MB (=209715200) (default)
2022-05-24 20:48:40,059 [pool-200-thread-1] INFO  segmented.SegmentedRaftLogWorker (SegmentedRaftLogWorker.java:<init>(187)) - new 2d640a7f-eabf-4d86-860e-09f863e1ed92@group-6DA54ED0E188-SegmentedRaftLogWorker for RaftStorageImpl:Storage Directory /home/runner/work/ozone/ozone/hadoop-ozone/integration-test/target/test-dir/MiniOzoneClusterImpl-68ae5bae-a44d-4587-ae52-251ec6d3fd1e/datanode-6/data/ratis/00f53784-3b99-4455-b2b3-6da54ed0e188
2022-05-24 20:48:40,059 [EventQueue-PipelineReportForPipelineReportHandler] INFO  pipeline.PipelineManagerImpl (PipelineManagerImpl.java:openPipeline(336)) - Pipeline Pipeline[ Id: 00f53784-3b99-4455-b2b3-6da54ed0e188, Nodes: 2d640a7f-eabf-4d86-860e-09f863e1ed92{ip: 10.1.0.30, host: fv-az122-930.eh24crq5omsuteaqbma5cv3ijc.phxx.internal.cloudapp.net, ports: [REPLICATION=35083, RATIS=32775, RATIS_ADMIN=32775, RATIS_SERVER=32775, STANDALONE=41593], networkLocation: /default-rack, certSerialId: null, persistedOpState: IN_SERVICE, persistedOpStateExpiryEpochSec: 0}, ReplicationConfig: RATIS/ONE, State:ALLOCATED, leaderId:2d640a7f-eabf-4d86-860e-09f863e1ed92, CreationTimestamp2022-05-24T20:48:37.055Z[Etc/UTC]] moved to OPEN state
2022-05-24 20:48:40,061 [EventQueue-OpenPipelineForHealthyPipelineSafeModeRule] INFO  safemode.SCMSafeModeManager (HealthyPipelineSafeModeRule.java:process(124)) - SCM in safe mode. Healthy pipelines reported count is 0, required healthy pipeline reported count is 1
2022-05-24 20:48:40,061 [pool-200-thread-1] INFO  server.RaftServerConfigKeys (ConfUtils.java:logGet(46)) - raft.server.log.queue.byte-limit = 4294967296 (custom)
2022-05-24 20:48:40,062 [pool-200-thread-1] INFO  server.RaftServerConfigKeys (ConfUtils.java:logGet(46)) - raft.server.log.queue.element-limit = 1024 (custom)
2022-05-24 20:48:40,062 [pool-200-thread-1] INFO  server.RaftServerConfigKeys (ConfUtils.java:logGet(46)) - raft.server.log.segment.size.max = 1048576 (custom)
2022-05-24 20:48:40,062 [pool-200-thread-1] INFO  server.RaftServerConfigKeys (ConfUtils.java:logGet(46)) - raft.server.log.preallocated.size = 16384 (custom)
2022-05-24 20:48:40,062 [pool-200-thread-1] INFO  server.RaftServerConfigKeys (ConfUtils.java:logGet(46)) - raft.server.log.force.sync.num = 128 (default)
2022-05-24 20:48:40,062 [pool-200-thread-1] INFO  server.RaftServerConfigKeys (ConfUtils.java:logGet(46)) - raft.server.log.statemachine.data.sync = true (default)
2022-05-24 20:48:40,062 [pool-200-thread-1] INFO  server.RaftServerConfigKeys (ConfUtils.java:logGet(46)) - raft.server.log.statemachine.data.sync.timeout = 10s (default)
2022-05-24 20:48:40,062 [pool-200-thread-1] INFO  server.RaftServerConfigKeys (ConfUtils.java:logGet(46)) - raft.server.log.statemachine.data.sync.timeout.retry = -1 (default)
2022-05-24 20:48:40,063 [pool-200-thread-1] INFO  server.RaftServerConfigKeys (ConfUtils.java:logGet(46)) - raft.server.log.write.buffer.size = 1048576 (custom)
2022-05-24 20:48:40,064 [pool-200-thread-1] INFO  server.RaftServerConfigKeys (ConfUtils.java:logGet(46)) - raft.server.log.unsafe-flush.enabled = false (default)
2022-05-24 20:48:40,064 [pool-200-thread-1] INFO  server.RaftServerConfigKeys (ConfUtils.java:logGet(46)) - raft.server.log.statemachine.data.caching.enabled = true (custom)
2022-05-24 20:48:40,064 [pool-200-thread-1] INFO  segmented.SegmentedRaftLogWorker (SegmentedRaftLogWorker.java:lambda$new$0(135)) - 2d640a7f-eabf-4d86-860e-09f863e1ed92@group-6DA54ED0E188-SegmentedRaftLogWorker: flushIndex: setUnconditionally 0 -> -1
2022-05-24 20:48:40,064 [pool-200-thread-1] INFO  segmented.SegmentedRaftLogWorker (SegmentedRaftLogWorker.java:lambda$new$0(135)) - 2d640a7f-eabf-4d86-860e-09f863e1ed92@group-6DA54ED0E188-SegmentedRaftLogWorker: safeCacheEvictIndex: setUnconditionally 0 -> -1
2022-05-24 20:48:40,069 [pool-200-thread-1] INFO  server.RaftServerConfigKeys (ConfUtils.java:logGet(46)) - raft.server.snapshot.auto.trigger.enabled = true (custom)
2022-05-24 20:48:40,069 [pool-200-thread-1] INFO  server.RaftServerConfigKeys (ConfUtils.java:logGet(46)) - raft.server.snapshot.auto.trigger.threshold = 10000 (custom)
2022-05-24 20:48:40,069 [pool-200-thread-1] INFO  server.RaftServerConfigKeys (ConfUtils.java:logGet(46)) - raft.server.snapshot.retention.file.num = 5 (custom)
2022-05-24 20:48:40,069 [pool-200-thread-1] INFO  server.RaftServerConfigKeys (ConfUtils.java:logGet(46)) - raft.server.log.purge.upto.snapshot.index = false (default)
2022-05-24 20:48:40,069 [pool-200-thread-1] INFO  server.RaftServerConfigKeys (ConfUtils.java:logGet(46)) - raft.server.retrycache.expirytime = 600000ms (custom)
2022-05-24 20:48:40,069 [pool-200-thread-1] INFO  server.RaftServerConfigKeys (ConfUtils.java:logGet(46)) - raft.server.retrycache.statistics.expirytime = 100μs (default)
2022-05-24 20:48:40,070 [pool-200-thread-1] INFO  server.RaftServerConfigKeys (ConfUtils.java:logGet(46)) - raft.server.log.appender.install.snapshot.enabled = false (custom)
2022-05-24 20:48:40,070 [pool-200-thread-1] INFO  server.RaftServerConfigKeys (ConfUtils.java:logGet(46)) - raft.server.threadpool.server.cached = true (default)
2022-05-24 20:48:40,070 [pool-200-thread-1] INFO  server.RaftServerConfigKeys (ConfUtils.java:logGet(46)) - raft.server.threadpool.server.size = 0 (default)
2022-05-24 20:48:40,070 [pool-200-thread-1] INFO  server.RaftServerConfigKeys (ConfUtils.java:logGet(46)) - raft.server.threadpool.client.cached = true (default)
2022-05-24 20:48:40,070 [pool-200-thread-1] INFO  server.RaftServerConfigKeys (ConfUtils.java:logGet(46)) - raft.server.threadpool.client.size = 0 (default)
2022-05-24 20:48:40,070 [pool-200-thread-1] INFO  server.RaftServer$Division (RaftServerImpl.java:start(310)) - 2d640a7f-eabf-4d86-860e-09f863e1ed92@group-6DA54ED0E188: start as a follower, conf=-1: [2d640a7f-eabf-4d86-860e-09f863e1ed92|rpc:10.1.0.30:32775|priority:1], old=null
2022-05-24 20:48:40,070 [pool-200-thread-1] INFO  server.RaftServer$Division (RaftServerImpl.java:setRole(299)) - 2d640a7f-eabf-4d86-860e-09f863e1ed92@group-6DA54ED0E188: changes role from      null to FOLLOWER at term 0 for startAsFollower
2022-05-24 20:48:40,070 [pool-200-thread-1] INFO  impl.RoleInfo (RoleInfo.java:updateAndGet(139)) - 2d640a7f-eabf-4d86-860e-09f863e1ed92: start 2d640a7f-eabf-4d86-860e-09f863e1ed92@group-6DA54ED0E188-FollowerState
2022-05-24 20:48:40,073 [pool-200-thread-1] INFO  util.JmxRegister (JmxRegister.java:tryRegister(44)) - Successfully registered JMX Bean with object name Ratis:service=RaftServer,group=group-6DA54ED0E188,id=2d640a7f-eabf-4d86-860e-09f863e1ed92
2022-05-24 20:48:40,074 [Command processor thread] INFO  ratis.XceiverServerRatis (XceiverServerRatis.java:addGroup(765)) - Created group PipelineID=00f53784-3b99-4455-b2b3-6da54ed0e188
2022-05-24 20:48:40,074 [Command processor thread] INFO  commandhandler.CreatePipelineCommandHandler (CreatePipelineCommandHandler.java:handle(113)) - Created Pipeline RATIS ONE PipelineID=00f53784-3b99-4455-b2b3-6da54ed0e188.
2022-05-24 20:48:40,074 [Command processor thread] INFO  server.RaftServer (RaftServerProxy.java:addNew(96)) - 2d640a7f-eabf-4d86-860e-09f863e1ed92: addNew group-461FA6ADEC6A:[6698ee5e-a134-4bdd-b88e-32be83df5062|rpc:10.1.0.30:36573|priority:1, bb19d869-0de0-4670-950d-961bc103e91c|rpc:10.1.0.30:46641|priority:0, 2d640a7f-eabf-4d86-860e-09f863e1ed92|rpc:10.1.0.30:32775|priority:0] returns group-461FA6ADEC6A:java.util.concurrent.CompletableFuture@43593fbf[Not completed]
2022-05-24 20:48:40,075 [pool-200-thread-1] INFO  server.RaftServer$Division (RaftServerImpl.java:<init>(190)) - 2d640a7f-eabf-4d86-860e-09f863e1ed92: new RaftServerImpl for group-461FA6ADEC6A:[6698ee5e-a134-4bdd-b88e-32be83df5062|rpc:10.1.0.30:36573|priority:1, bb19d869-0de0-4670-950d-961bc103e91c|rpc:10.1.0.30:46641|priority:0, 2d640a7f-eabf-4d86-860e-09f863e1ed92|rpc:10.1.0.30:32775|priority:0] with ContainerStateMachine:uninitialized
2022-05-24 20:48:40,075 [pool-200-thread-1] INFO  server.RaftServerConfigKeys (ConfUtils.java:logGet(46)) - raft.server.rpc.timeout.min = 5s (custom)
2022-05-24 20:48:40,075 [pool-200-thread-1] INFO  server.RaftServerConfigKeys (ConfUtils.java:logGet(46)) - raft.server.rpc.timeout.max = 5200ms (custom)
2022-05-24 20:48:40,075 [pool-200-thread-1] INFO  server.RaftServerConfigKeys (ConfUtils.java:logGet(46)) - raft.server.rpc.sleep.time = 25ms (default)
2022-05-24 20:48:40,075 [pool-200-thread-1] INFO  server.RaftServerConfigKeys (ConfUtils.java:logGet(46)) - raft.server.rpc.slowness.timeout = 300s (custom)
2022-05-24 20:48:40,075 [pool-200-thread-1] INFO  server.RaftServerConfigKeys (ConfUtils.java:logGet(46)) - raft.server.leaderelection.leader.step-down.wait-time = 10s (default)
2022-05-24 20:48:40,075 [pool-200-thread-1] INFO  server.RaftServerConfigKeys (ConfUtils.java:logGet(46)) - raft.server.sleep.deviation.threshold = 300ms (default)
2022-05-24 20:48:40,075 [pool-200-thread-1] INFO  server.RaftServer$Division (ServerState.java:<init>(107)) - 2d640a7f-eabf-4d86-860e-09f863e1ed92@group-461FA6ADEC6A: ConfigurationManager, init=-1: [6698ee5e-a134-4bdd-b88e-32be83df5062|rpc:10.1.0.30:36573|priority:1, bb19d869-0de0-4670-950d-961bc103e91c|rpc:10.1.0.30:46641|priority:0, 2d640a7f-eabf-4d86-860e-09f863e1ed92|rpc:10.1.0.30:32775|priority:0], old=null, confs=<EMPTY_MAP>
2022-05-24 20:48:40,075 [pool-200-thread-1] INFO  server.RaftServerConfigKeys (ConfUtils.java:logGet(46)) - raft.server.storage.dir = [/home/runner/work/ozone/ozone/hadoop-ozone/integration-test/target/test-dir/MiniOzoneClusterImpl-68ae5bae-a44d-4587-ae52-251ec6d3fd1e/datanode-6/data/ratis] (custom)
2022-05-24 20:48:40,075 [pool-200-thread-1] INFO  server.RaftServerConfigKeys (ConfUtils.java:logGet(46)) - raft.server.log.corruption.policy = EXCEPTION (default)
2022-05-24 20:48:40,076 [pool-200-thread-1] INFO  server.RaftServerConfigKeys (ConfUtils.java:logGet(46)) - raft.server.storage.free-space.min = 0MB (=0) (default)
2022-05-24 20:48:40,076 [pool-200-thread-1] INFO  storage.RaftStorageDirectory (RaftStorageDirectoryImpl.java:analyzeStorage(135)) - The storage directory /home/runner/work/ozone/ozone/hadoop-ozone/integration-test/target/test-dir/MiniOzoneClusterImpl-68ae5bae-a44d-4587-ae52-251ec6d3fd1e/datanode-6/data/ratis/cfa6065d-75c2-438e-9eec-461fa6adec6a does not exist. Creating ...
2022-05-24 20:48:40,077 [pool-200-thread-1] INFO  storage.RaftStorageDirectory (RaftStorageDirectoryImpl.java:tryLock(230)) - Lock on /home/runner/work/ozone/ozone/hadoop-ozone/integration-test/target/test-dir/MiniOzoneClusterImpl-68ae5bae-a44d-4587-ae52-251ec6d3fd1e/datanode-6/data/ratis/cfa6065d-75c2-438e-9eec-461fa6adec6a/in_use.lock acquired by nodename 28664@fv-az122-930
2022-05-24 20:48:40,077 [Listener at 127.0.0.1/44485] INFO  ozone.MiniOzoneClusterImpl (MiniOzoneClusterImpl.java:lambda$waitForClusterToBeReady$0(221)) - Nodes are ready. Got 10 of 10 DN Heartbeats.
2022-05-24 20:48:40,077 [Listener at 127.0.0.1/44485] INFO  ozone.MiniOzoneClusterImpl (MiniOzoneClusterImpl.java:lambda$waitForClusterToBeReady$0(224)) - Waiting for cluster to exit safe mode
2022-05-24 20:48:40,077 [Listener at 127.0.0.1/44485] INFO  ozone.MiniOzoneClusterImpl (MiniOzoneClusterImpl.java:lambda$waitForClusterToBeReady$0(226)) - SCM became leader
2022-05-24 20:48:40,078 [pool-200-thread-1] INFO  storage.RaftStorage (RaftStorageImpl.java:format(89)) - Storage directory /home/runner/work/ozone/ozone/hadoop-ozone/integration-test/target/test-dir/MiniOzoneClusterImpl-68ae5bae-a44d-4587-ae52-251ec6d3fd1e/datanode-6/data/ratis/cfa6065d-75c2-438e-9eec-461fa6adec6a has been successfully formatted.
2022-05-24 20:48:40,079 [pool-200-thread-1] INFO  ratis.ContainerStateMachine (ContainerStateMachine.java:loadSnapshot(236)) - group-461FA6ADEC6A: The snapshot info is null. Setting the last applied indexto:(t:0, i:~)
2022-05-24 20:48:40,079 [pool-200-thread-1] INFO  server.RaftServerConfigKeys (ConfUtils.java:logGet(46)) - raft.server.notification.no-leader.timeout = 300s (custom)
2022-05-24 20:48:40,079 [pool-200-thread-1] INFO  server.RaftServerConfigKeys (ConfUtils.java:logGet(46)) - raft.server.log.use.memory = false (default)
2022-05-24 20:48:40,079 [pool-200-thread-1] INFO  server.RaftServerConfigKeys (ConfUtils.java:logGet(46)) - raft.server.log.purge.gap = 1000000 (custom)
2022-05-24 20:48:40,079 [pool-200-thread-1] INFO  server.RaftServerConfigKeys (ConfUtils.java:logGet(46)) - raft.server.log.appender.buffer.byte-limit = 33554432 (custom)
2022-05-24 20:48:40,079 [pool-200-thread-1] INFO  server.RaftServerConfigKeys (ConfUtils.java:logGet(46)) - raft.server.log.statemachine.data.read.timeout = 1000ms (default)
2022-05-24 20:48:40,079 [pool-200-thread-1] INFO  server.RaftServerConfigKeys (ConfUtils.java:logGet(46)) - raft.server.log.segment.size.max = 1048576 (custom)
2022-05-24 20:48:40,080 [EventQueue-OpenPipelineForHealthyPipelineSafeModeRule] INFO  safemode.SCMSafeModeManager (HealthyPipelineSafeModeRule.java:process(124)) - SCM in safe mode. Healthy pipelines reported count is 0, required healthy pipeline reported count is 1
2022-05-24 20:48:40,080 [pool-200-thread-1] INFO  server.RaftServerConfigKeys (ConfUtils.java:logGet(46)) - raft.server.log.segment.cache.num.max = 2 (custom)
2022-05-24 20:48:40,080 [pool-200-thread-1] INFO  server.RaftServerConfigKeys (ConfUtils.java:logGet(46)) - raft.server.log.segment.cache.size.max = 200MB (=209715200) (default)
2022-05-24 20:48:40,081 [pool-200-thread-1] INFO  segmented.SegmentedRaftLogWorker (SegmentedRaftLogWorker.java:<init>(187)) - new 2d640a7f-eabf-4d86-860e-09f863e1ed92@group-461FA6ADEC6A-SegmentedRaftLogWorker for RaftStorageImpl:Storage Directory /home/runner/work/ozone/ozone/hadoop-ozone/integration-test/target/test-dir/MiniOzoneClusterImpl-68ae5bae-a44d-4587-ae52-251ec6d3fd1e/datanode-6/data/ratis/cfa6065d-75c2-438e-9eec-461fa6adec6a
2022-05-24 20:48:40,081 [pool-200-thread-1] INFO  server.RaftServerConfigKeys (ConfUtils.java:logGet(46)) - raft.server.log.queue.byte-limit = 4294967296 (custom)
2022-05-24 20:48:40,081 [pool-200-thread-1] INFO  server.RaftServerConfigKeys (ConfUtils.java:logGet(46)) - raft.server.log.queue.element-limit = 1024 (custom)
2022-05-24 20:48:40,081 [pool-200-thread-1] INFO  server.RaftServerConfigKeys (ConfUtils.java:logGet(46)) - raft.server.log.segment.size.max = 1048576 (custom)
2022-05-24 20:48:40,081 [pool-200-thread-1] INFO  server.RaftServerConfigKeys (ConfUtils.java:logGet(46)) - raft.server.log.preallocated.size = 16384 (custom)
2022-05-24 20:48:40,081 [pool-200-thread-1] INFO  server.RaftServerConfigKeys (ConfUtils.java:logGet(46)) - raft.server.log.force.sync.num = 128 (default)
2022-05-24 20:48:40,081 [pool-200-thread-1] INFO  server.RaftServerConfigKeys (ConfUtils.java:logGet(46)) - raft.server.log.statemachine.data.sync = true (default)
2022-05-24 20:48:40,081 [pool-200-thread-1] INFO  server.RaftServerConfigKeys (ConfUtils.java:logGet(46)) - raft.server.log.statemachine.data.sync.timeout = 10s (default)
2022-05-24 20:48:40,081 [pool-200-thread-1] INFO  server.RaftServerConfigKeys (ConfUtils.java:logGet(46)) - raft.server.log.statemachine.data.sync.timeout.retry = -1 (default)
2022-05-24 20:48:40,082 [pool-200-thread-1] INFO  server.RaftServerConfigKeys (ConfUtils.java:logGet(46)) - raft.server.log.write.buffer.size = 1048576 (custom)
2022-05-24 20:48:40,082 [pool-200-thread-1] INFO  server.RaftServerConfigKeys (ConfUtils.java:logGet(46)) - raft.server.log.unsafe-flush.enabled = false (default)
2022-05-24 20:48:40,082 [pool-200-thread-1] INFO  server.RaftServerConfigKeys (ConfUtils.java:logGet(46)) - raft.server.log.statemachine.data.caching.enabled = true (custom)
2022-05-24 20:48:40,082 [pool-200-thread-1] INFO  segmented.SegmentedRaftLogWorker (SegmentedRaftLogWorker.java:lambda$new$0(135)) - 2d640a7f-eabf-4d86-860e-09f863e1ed92@group-461FA6ADEC6A-SegmentedRaftLogWorker: flushIndex: setUnconditionally 0 -> -1
2022-05-24 20:48:40,082 [pool-200-thread-1] INFO  segmented.SegmentedRaftLogWorker (SegmentedRaftLogWorker.java:lambda$new$0(135)) - 2d640a7f-eabf-4d86-860e-09f863e1ed92@group-461FA6ADEC6A-SegmentedRaftLogWorker: safeCacheEvictIndex: setUnconditionally 0 -> -1
2022-05-24 20:48:40,082 [pool-200-thread-1] INFO  server.RaftServerConfigKeys (ConfUtils.java:logGet(46)) - raft.server.snapshot.auto.trigger.enabled = true (custom)
2022-05-24 20:48:40,083 [pool-200-thread-1] INFO  server.RaftServerConfigKeys (ConfUtils.java:logGet(46)) - raft.server.snapshot.auto.trigger.threshold = 10000 (custom)
2022-05-24 20:48:40,083 [pool-200-thread-1] INFO  server.RaftServerConfigKeys (ConfUtils.java:logGet(46)) - raft.server.snapshot.retention.file.num = 5 (custom)
2022-05-24 20:48:40,083 [pool-200-thread-1] INFO  server.RaftServerConfigKeys (ConfUtils.java:logGet(46)) - raft.server.log.purge.upto.snapshot.index = false (default)
2022-05-24 20:48:40,083 [pool-200-thread-1] INFO  server.RaftServerConfigKeys (ConfUtils.java:logGet(46)) - raft.server.retrycache.expirytime = 600000ms (custom)
2022-05-24 20:48:40,083 [pool-200-thread-1] INFO  server.RaftServerConfigKeys (ConfUtils.java:logGet(46)) - raft.server.retrycache.statistics.expirytime = 100μs (default)
2022-05-24 20:48:40,084 [pool-200-thread-1] INFO  server.RaftServerConfigKeys (ConfUtils.java:logGet(46)) - raft.server.log.appender.install.snapshot.enabled = false (custom)
2022-05-24 20:48:40,084 [pool-200-thread-1] INFO  server.RaftServerConfigKeys (ConfUtils.java:logGet(46)) - raft.server.threadpool.server.cached = true (default)
2022-05-24 20:48:40,084 [pool-200-thread-1] INFO  server.RaftServerConfigKeys (ConfUtils.java:logGet(46)) - raft.server.threadpool.server.size = 0 (default)
2022-05-24 20:48:40,084 [pool-200-thread-1] INFO  server.RaftServerConfigKeys (ConfUtils.java:logGet(46)) - raft.server.threadpool.client.cached = true (default)
2022-05-24 20:48:40,084 [pool-200-thread-1] INFO  server.RaftServerConfigKeys (ConfUtils.java:logGet(46)) - raft.server.threadpool.client.size = 0 (default)
2022-05-24 20:48:40,084 [pool-200-thread-1] INFO  server.RaftServer$Division (RaftServerImpl.java:start(310)) - 2d640a7f-eabf-4d86-860e-09f863e1ed92@group-461FA6ADEC6A: start as a follower, conf=-1: [6698ee5e-a134-4bdd-b88e-32be83df5062|rpc:10.1.0.30:36573|priority:1, bb19d869-0de0-4670-950d-961bc103e91c|rpc:10.1.0.30:46641|priority:0, 2d640a7f-eabf-4d86-860e-09f863e1ed92|rpc:10.1.0.30:32775|priority:0], old=null
2022-05-24 20:48:40,084 [pool-200-thread-1] INFO  server.RaftServer$Division (RaftServerImpl.java:setRole(299)) - 2d640a7f-eabf-4d86-860e-09f863e1ed92@group-461FA6ADEC6A: changes role from      null to FOLLOWER at term 0 for startAsFollower
2022-05-24 20:48:40,084 [pool-200-thread-1] INFO  impl.RoleInfo (RoleInfo.java:updateAndGet(139)) - 2d640a7f-eabf-4d86-860e-09f863e1ed92: start 2d640a7f-eabf-4d86-860e-09f863e1ed92@group-461FA6ADEC6A-FollowerState
2022-05-24 20:48:40,086 [pool-200-thread-1] INFO  util.JmxRegister (JmxRegister.java:tryRegister(44)) - Successfully registered JMX Bean with object name Ratis:service=RaftServer,group=group-461FA6ADEC6A,id=2d640a7f-eabf-4d86-860e-09f863e1ed92
2022-05-24 20:48:40,086 [Command processor thread] INFO  ratis.XceiverServerRatis (XceiverServerRatis.java:addGroup(765)) - Created group PipelineID=cfa6065d-75c2-438e-9eec-461fa6adec6a
2022-05-24 20:48:40,095 [grpc-default-executor-0] INFO  server.RaftServer (RaftServerProxy.java:addNew(96)) - bb19d869-0de0-4670-950d-961bc103e91c: addNew group-461FA6ADEC6A:[6698ee5e-a134-4bdd-b88e-32be83df5062|rpc:10.1.0.30:36573|dataStream:|priority:1, bb19d869-0de0-4670-950d-961bc103e91c|rpc:10.1.0.30:46641|dataStream:|priority:0, 2d640a7f-eabf-4d86-860e-09f863e1ed92|rpc:10.1.0.30:32775|dataStream:|priority:0] returns group-461FA6ADEC6A:java.util.concurrent.CompletableFuture@206906a[Not completed]
2022-05-24 20:48:40,097 [pool-222-thread-1] INFO  server.RaftServer$Division (RaftServerImpl.java:<init>(190)) - bb19d869-0de0-4670-950d-961bc103e91c: new RaftServerImpl for group-461FA6ADEC6A:[6698ee5e-a134-4bdd-b88e-32be83df5062|rpc:10.1.0.30:36573|dataStream:|priority:1, bb19d869-0de0-4670-950d-961bc103e91c|rpc:10.1.0.30:46641|dataStream:|priority:0, 2d640a7f-eabf-4d86-860e-09f863e1ed92|rpc:10.1.0.30:32775|dataStream:|priority:0] with ContainerStateMachine:uninitialized
2022-05-24 20:48:40,097 [pool-222-thread-1] INFO  server.RaftServerConfigKeys (ConfUtils.java:logGet(46)) - raft.server.rpc.timeout.min = 5s (custom)
2022-05-24 20:48:40,097 [pool-222-thread-1] INFO  server.RaftServerConfigKeys (ConfUtils.java:logGet(46)) - raft.server.rpc.timeout.max = 5200ms (custom)
2022-05-24 20:48:40,097 [pool-222-thread-1] INFO  server.RaftServerConfigKeys (ConfUtils.java:logGet(46)) - raft.server.rpc.sleep.time = 25ms (default)
2022-05-24 20:48:40,097 [pool-222-thread-1] INFO  server.RaftServerConfigKeys (ConfUtils.java:logGet(46)) - raft.server.rpc.slowness.timeout = 300s (custom)
2022-05-24 20:48:40,097 [pool-222-thread-1] INFO  server.RaftServerConfigKeys (ConfUtils.java:logGet(46)) - raft.server.leaderelection.leader.step-down.wait-time = 10s (default)
2022-05-24 20:48:40,097 [pool-222-thread-1] INFO  server.RaftServerConfigKeys (ConfUtils.java:logGet(46)) - raft.server.sleep.deviation.threshold = 300ms (default)
2022-05-24 20:48:40,098 [pool-222-thread-1] INFO  server.RaftServer$Division (ServerState.java:<init>(107)) - bb19d869-0de0-4670-950d-961bc103e91c@group-461FA6ADEC6A: ConfigurationManager, init=-1: [6698ee5e-a134-4bdd-b88e-32be83df5062|rpc:10.1.0.30:36573|dataStream:|priority:1, bb19d869-0de0-4670-950d-961bc103e91c|rpc:10.1.0.30:46641|dataStream:|priority:0, 2d640a7f-eabf-4d86-860e-09f863e1ed92|rpc:10.1.0.30:32775|dataStream:|priority:0], old=null, confs=<EMPTY_MAP>
2022-05-24 20:48:40,098 [pool-222-thread-1] INFO  server.RaftServerConfigKeys (ConfUtils.java:logGet(46)) - raft.server.storage.dir = [/home/runner/work/ozone/ozone/hadoop-ozone/integration-test/target/test-dir/MiniOzoneClusterImpl-68ae5bae-a44d-4587-ae52-251ec6d3fd1e/datanode-7/data/ratis] (custom)
2022-05-24 20:48:40,098 [pool-222-thread-1] INFO  server.RaftServerConfigKeys (ConfUtils.java:logGet(46)) - raft.server.log.corruption.policy = EXCEPTION (default)
2022-05-24 20:48:40,098 [pool-222-thread-1] INFO  server.RaftServerConfigKeys (ConfUtils.java:logGet(46)) - raft.server.storage.free-space.min = 0MB (=0) (default)
2022-05-24 20:48:40,098 [pool-222-thread-1] INFO  storage.RaftStorageDirectory (RaftStorageDirectoryImpl.java:analyzeStorage(135)) - The storage directory /home/runner/work/ozone/ozone/hadoop-ozone/integration-test/target/test-dir/MiniOzoneClusterImpl-68ae5bae-a44d-4587-ae52-251ec6d3fd1e/datanode-7/data/ratis/cfa6065d-75c2-438e-9eec-461fa6adec6a does not exist. Creating ...
2022-05-24 20:48:40,099 [pool-222-thread-1] INFO  storage.RaftStorageDirectory (RaftStorageDirectoryImpl.java:tryLock(230)) - Lock on /home/runner/work/ozone/ozone/hadoop-ozone/integration-test/target/test-dir/MiniOzoneClusterImpl-68ae5bae-a44d-4587-ae52-251ec6d3fd1e/datanode-7/data/ratis/cfa6065d-75c2-438e-9eec-461fa6adec6a/in_use.lock acquired by nodename 28664@fv-az122-930
2022-05-24 20:48:40,102 [pool-222-thread-1] INFO  storage.RaftStorage (RaftStorageImpl.java:format(89)) - Storage directory /home/runner/work/ozone/ozone/hadoop-ozone/integration-test/target/test-dir/MiniOzoneClusterImpl-68ae5bae-a44d-4587-ae52-251ec6d3fd1e/datanode-7/data/ratis/cfa6065d-75c2-438e-9eec-461fa6adec6a has been successfully formatted.
2022-05-24 20:48:40,104 [pool-222-thread-1] INFO  ratis.ContainerStateMachine (ContainerStateMachine.java:loadSnapshot(236)) - group-461FA6ADEC6A: The snapshot info is null. Setting the last applied indexto:(t:0, i:~)
2022-05-24 20:48:40,106 [pool-222-thread-1] INFO  server.RaftServerConfigKeys (ConfUtils.java:logGet(46)) - raft.server.notification.no-leader.timeout = 300s (custom)
2022-05-24 20:48:40,106 [pool-222-thread-1] INFO  server.RaftServerConfigKeys (ConfUtils.java:logGet(46)) - raft.server.log.use.memory = false (default)
2022-05-24 20:48:40,106 [pool-222-thread-1] INFO  server.RaftServerConfigKeys (ConfUtils.java:logGet(46)) - raft.server.log.purge.gap = 1000000 (custom)
2022-05-24 20:48:40,106 [pool-222-thread-1] INFO  server.RaftServerConfigKeys (ConfUtils.java:logGet(46)) - raft.server.log.appender.buffer.byte-limit = 33554432 (custom)
2022-05-24 20:48:40,106 [pool-222-thread-1] INFO  server.RaftServerConfigKeys (ConfUtils.java:logGet(46)) - raft.server.log.statemachine.data.read.timeout = 1000ms (default)
2022-05-24 20:48:40,106 [pool-222-thread-1] INFO  server.RaftServerConfigKeys (ConfUtils.java:logGet(46)) - raft.server.log.segment.size.max = 1048576 (custom)
2022-05-24 20:48:40,107 [pool-222-thread-1] INFO  server.RaftServerConfigKeys (ConfUtils.java:logGet(46)) - raft.server.log.segment.cache.num.max = 2 (custom)
2022-05-24 20:48:40,107 [pool-222-thread-1] INFO  server.RaftServerConfigKeys (ConfUtils.java:logGet(46)) - raft.server.log.segment.cache.size.max = 200MB (=209715200) (default)
2022-05-24 20:48:40,107 [pool-222-thread-1] INFO  segmented.SegmentedRaftLogWorker (SegmentedRaftLogWorker.java:<init>(187)) - new bb19d869-0de0-4670-950d-961bc103e91c@group-461FA6ADEC6A-SegmentedRaftLogWorker for RaftStorageImpl:Storage Directory /home/runner/work/ozone/ozone/hadoop-ozone/integration-test/target/test-dir/MiniOzoneClusterImpl-68ae5bae-a44d-4587-ae52-251ec6d3fd1e/datanode-7/data/ratis/cfa6065d-75c2-438e-9eec-461fa6adec6a
2022-05-24 20:48:40,107 [pool-222-thread-1] INFO  server.RaftServerConfigKeys (ConfUtils.java:logGet(46)) - raft.server.log.queue.byte-limit = 4294967296 (custom)
2022-05-24 20:48:40,107 [pool-222-thread-1] INFO  server.RaftServerConfigKeys (ConfUtils.java:logGet(46)) - raft.server.log.queue.element-limit = 1024 (custom)
2022-05-24 20:48:40,107 [pool-222-thread-1] INFO  server.RaftServerConfigKeys (ConfUtils.java:logGet(46)) - raft.server.log.segment.size.max = 1048576 (custom)
2022-05-24 20:48:40,107 [pool-222-thread-1] INFO  server.RaftServerConfigKeys (ConfUtils.java:logGet(46)) - raft.server.log.preallocated.size = 16384 (custom)
2022-05-24 20:48:40,107 [pool-222-thread-1] INFO  server.RaftServerConfigKeys (ConfUtils.java:logGet(46)) - raft.server.log.force.sync.num = 128 (default)
2022-05-24 20:48:40,107 [pool-222-thread-1] INFO  server.RaftServerConfigKeys (ConfUtils.java:logGet(46)) - raft.server.log.statemachine.data.sync = true (default)
2022-05-24 20:48:40,107 [pool-222-thread-1] INFO  server.RaftServerConfigKeys (ConfUtils.java:logGet(46)) - raft.server.log.statemachine.data.sync.timeout = 10s (default)
2022-05-24 20:48:40,107 [pool-222-thread-1] INFO  server.RaftServerConfigKeys (ConfUtils.java:logGet(46)) - raft.server.log.statemachine.data.sync.timeout.retry = -1 (default)
2022-05-24 20:48:40,108 [pool-222-thread-1] INFO  server.RaftServerConfigKeys (ConfUtils.java:logGet(46)) - raft.server.log.write.buffer.size = 1048576 (custom)
2022-05-24 20:48:40,108 [pool-222-thread-1] INFO  server.RaftServerConfigKeys (ConfUtils.java:logGet(46)) - raft.server.log.unsafe-flush.enabled = false (default)
2022-05-24 20:48:40,108 [pool-222-thread-1] INFO  server.RaftServerConfigKeys (ConfUtils.java:logGet(46)) - raft.server.log.statemachine.data.caching.enabled = true (custom)
2022-05-24 20:48:40,108 [pool-222-thread-1] INFO  segmented.SegmentedRaftLogWorker (SegmentedRaftLogWorker.java:lambda$new$0(135)) - bb19d869-0de0-4670-950d-961bc103e91c@group-461FA6ADEC6A-SegmentedRaftLogWorker: flushIndex: setUnconditionally 0 -> -1
2022-05-24 20:48:40,108 [pool-222-thread-1] INFO  segmented.SegmentedRaftLogWorker (SegmentedRaftLogWorker.java:lambda$new$0(135)) - bb19d869-0de0-4670-950d-961bc103e91c@group-461FA6ADEC6A-SegmentedRaftLogWorker: safeCacheEvictIndex: setUnconditionally 0 -> -1
2022-05-24 20:48:40,109 [pool-222-thread-1] INFO  server.RaftServerConfigKeys (ConfUtils.java:logGet(46)) - raft.server.snapshot.auto.trigger.enabled = true (custom)
2022-05-24 20:48:40,109 [pool-222-thread-1] INFO  server.RaftServerConfigKeys (ConfUtils.java:logGet(46)) - raft.server.snapshot.auto.trigger.threshold = 10000 (custom)
2022-05-24 20:48:40,109 [pool-222-thread-1] INFO  server.RaftServerConfigKeys (ConfUtils.java:logGet(46)) - raft.server.snapshot.retention.file.num = 5 (custom)
2022-05-24 20:48:40,109 [pool-222-thread-1] INFO  server.RaftServerConfigKeys (ConfUtils.java:logGet(46)) - raft.server.log.purge.upto.snapshot.index = false (default)
2022-05-24 20:48:40,109 [pool-222-thread-1] INFO  server.RaftServerConfigKeys (ConfUtils.java:logGet(46)) - raft.server.retrycache.expirytime = 600000ms (custom)
2022-05-24 20:48:40,109 [pool-222-thread-1] INFO  server.RaftServerConfigKeys (ConfUtils.java:logGet(46)) - raft.server.retrycache.statistics.expirytime = 100μs (default)
2022-05-24 20:48:40,110 [pool-222-thread-1] INFO  server.RaftServerConfigKeys (ConfUtils.java:logGet(46)) - raft.server.log.appender.install.snapshot.enabled = false (custom)
2022-05-24 20:48:40,110 [pool-222-thread-1] INFO  server.RaftServerConfigKeys (ConfUtils.java:logGet(46)) - raft.server.threadpool.server.cached = true (default)
2022-05-24 20:48:40,110 [pool-222-thread-1] INFO  server.RaftServerConfigKeys (ConfUtils.java:logGet(46)) - raft.server.threadpool.server.size = 0 (default)
2022-05-24 20:48:40,110 [pool-222-thread-1] INFO  server.RaftServerConfigKeys (ConfUtils.java:logGet(46)) - raft.server.threadpool.client.cached = true (default)
2022-05-24 20:48:40,110 [pool-222-thread-1] INFO  server.RaftServerConfigKeys (ConfUtils.java:logGet(46)) - raft.server.threadpool.client.size = 0 (default)
2022-05-24 20:48:40,110 [pool-222-thread-1] INFO  server.RaftServer$Division (RaftServerImpl.java:start(310)) - bb19d869-0de0-4670-950d-961bc103e91c@group-461FA6ADEC6A: start as a follower, conf=-1: [6698ee5e-a134-4bdd-b88e-32be83df5062|rpc:10.1.0.30:36573|dataStream:|priority:1, bb19d869-0de0-4670-950d-961bc103e91c|rpc:10.1.0.30:46641|dataStream:|priority:0, 2d640a7f-eabf-4d86-860e-09f863e1ed92|rpc:10.1.0.30:32775|dataStream:|priority:0], old=null
2022-05-24 20:48:40,110 [pool-222-thread-1] INFO  server.RaftServer$Division (RaftServerImpl.java:setRole(299)) - bb19d869-0de0-4670-950d-961bc103e91c@group-461FA6ADEC6A: changes role from      null to FOLLOWER at term 0 for startAsFollower
2022-05-24 20:48:40,110 [pool-222-thread-1] INFO  impl.RoleInfo (RoleInfo.java:updateAndGet(139)) - bb19d869-0de0-4670-950d-961bc103e91c: start bb19d869-0de0-4670-950d-961bc103e91c@group-461FA6ADEC6A-FollowerState
2022-05-24 20:48:40,114 [pool-222-thread-1] INFO  util.JmxRegister (JmxRegister.java:tryRegister(44)) - Successfully registered JMX Bean with object name Ratis:service=RaftServer,group=group-461FA6ADEC6A,id=bb19d869-0de0-4670-950d-961bc103e91c
2022-05-24 20:48:40,132 [grpc-default-executor-0] INFO  server.RaftServer (RaftServerProxy.java:addNew(96)) - 6698ee5e-a134-4bdd-b88e-32be83df5062: addNew group-461FA6ADEC6A:[6698ee5e-a134-4bdd-b88e-32be83df5062|rpc:10.1.0.30:36573|dataStream:|priority:1, bb19d869-0de0-4670-950d-961bc103e91c|rpc:10.1.0.30:46641|dataStream:|priority:0, 2d640a7f-eabf-4d86-860e-09f863e1ed92|rpc:10.1.0.30:32775|dataStream:|priority:0] returns group-461FA6ADEC6A:java.util.concurrent.CompletableFuture@5ea9579f[Not completed]
2022-05-24 20:48:40,133 [pool-244-thread-1] INFO  server.RaftServer$Division (RaftServerImpl.java:<init>(190)) - 6698ee5e-a134-4bdd-b88e-32be83df5062: new RaftServerImpl for group-461FA6ADEC6A:[6698ee5e-a134-4bdd-b88e-32be83df5062|rpc:10.1.0.30:36573|dataStream:|priority:1, bb19d869-0de0-4670-950d-961bc103e91c|rpc:10.1.0.30:46641|dataStream:|priority:0, 2d640a7f-eabf-4d86-860e-09f863e1ed92|rpc:10.1.0.30:32775|dataStream:|priority:0] with ContainerStateMachine:uninitialized
2022-05-24 20:48:40,133 [pool-244-thread-1] INFO  server.RaftServerConfigKeys (ConfUtils.java:logGet(46)) - raft.server.rpc.timeout.min = 5s (custom)
2022-05-24 20:48:40,133 [pool-244-thread-1] INFO  server.RaftServerConfigKeys (ConfUtils.java:logGet(46)) - raft.server.rpc.timeout.max = 5200ms (custom)
2022-05-24 20:48:40,133 [pool-244-thread-1] INFO  server.RaftServerConfigKeys (ConfUtils.java:logGet(46)) - raft.server.rpc.sleep.time = 25ms (default)
2022-05-24 20:48:40,133 [pool-244-thread-1] INFO  server.RaftServerConfigKeys (ConfUtils.java:logGet(46)) - raft.server.rpc.slowness.timeout = 300s (custom)
2022-05-24 20:48:40,133 [pool-244-thread-1] INFO  server.RaftServerConfigKeys (ConfUtils.java:logGet(46)) - raft.server.leaderelection.leader.step-down.wait-time = 10s (default)
2022-05-24 20:48:40,133 [pool-244-thread-1] INFO  server.RaftServerConfigKeys (ConfUtils.java:logGet(46)) - raft.server.sleep.deviation.threshold = 300ms (default)
2022-05-24 20:48:40,133 [pool-244-thread-1] INFO  server.RaftServer$Division (ServerState.java:<init>(107)) - 6698ee5e-a134-4bdd-b88e-32be83df5062@group-461FA6ADEC6A: ConfigurationManager, init=-1: [6698ee5e-a134-4bdd-b88e-32be83df5062|rpc:10.1.0.30:36573|dataStream:|priority:1, bb19d869-0de0-4670-950d-961bc103e91c|rpc:10.1.0.30:46641|dataStream:|priority:0, 2d640a7f-eabf-4d86-860e-09f863e1ed92|rpc:10.1.0.30:32775|dataStream:|priority:0], old=null, confs=<EMPTY_MAP>
2022-05-24 20:48:40,133 [pool-244-thread-1] INFO  server.RaftServerConfigKeys (ConfUtils.java:logGet(46)) - raft.server.storage.dir = [/home/runner/work/ozone/ozone/hadoop-ozone/integration-test/target/test-dir/MiniOzoneClusterImpl-68ae5bae-a44d-4587-ae52-251ec6d3fd1e/datanode-8/data/ratis] (custom)
2022-05-24 20:48:40,133 [pool-244-thread-1] INFO  server.RaftServerConfigKeys (ConfUtils.java:logGet(46)) - raft.server.log.corruption.policy = EXCEPTION (default)
2022-05-24 20:48:40,133 [pool-244-thread-1] INFO  server.RaftServerConfigKeys (ConfUtils.java:logGet(46)) - raft.server.storage.free-space.min = 0MB (=0) (default)
2022-05-24 20:48:40,134 [pool-244-thread-1] INFO  storage.RaftStorageDirectory (RaftStorageDirectoryImpl.java:analyzeStorage(135)) - The storage directory /home/runner/work/ozone/ozone/hadoop-ozone/integration-test/target/test-dir/MiniOzoneClusterImpl-68ae5bae-a44d-4587-ae52-251ec6d3fd1e/datanode-8/data/ratis/cfa6065d-75c2-438e-9eec-461fa6adec6a does not exist. Creating ...
2022-05-24 20:48:40,135 [pool-244-thread-1] INFO  storage.RaftStorageDirectory (RaftStorageDirectoryImpl.java:tryLock(230)) - Lock on /home/runner/work/ozone/ozone/hadoop-ozone/integration-test/target/test-dir/MiniOzoneClusterImpl-68ae5bae-a44d-4587-ae52-251ec6d3fd1e/datanode-8/data/ratis/cfa6065d-75c2-438e-9eec-461fa6adec6a/in_use.lock acquired by nodename 28664@fv-az122-930
2022-05-24 20:48:40,136 [pool-244-thread-1] INFO  storage.RaftStorage (RaftStorageImpl.java:format(89)) - Storage directory /home/runner/work/ozone/ozone/hadoop-ozone/integration-test/target/test-dir/MiniOzoneClusterImpl-68ae5bae-a44d-4587-ae52-251ec6d3fd1e/datanode-8/data/ratis/cfa6065d-75c2-438e-9eec-461fa6adec6a has been successfully formatted.
2022-05-24 20:48:40,137 [pool-244-thread-1] INFO  ratis.ContainerStateMachine (ContainerStateMachine.java:loadSnapshot(236)) - group-461FA6ADEC6A: The snapshot info is null. Setting the last applied indexto:(t:0, i:~)
2022-05-24 20:48:40,137 [pool-244-thread-1] INFO  server.RaftServerConfigKeys (ConfUtils.java:logGet(46)) - raft.server.notification.no-leader.timeout = 300s (custom)
2022-05-24 20:48:40,140 [pool-244-thread-1] INFO  server.RaftServerConfigKeys (ConfUtils.java:logGet(46)) - raft.server.log.use.memory = false (default)
2022-05-24 20:48:40,140 [pool-244-thread-1] INFO  server.RaftServerConfigKeys (ConfUtils.java:logGet(46)) - raft.server.log.purge.gap = 1000000 (custom)
2022-05-24 20:48:40,140 [pool-244-thread-1] INFO  server.RaftServerConfigKeys (ConfUtils.java:logGet(46)) - raft.server.log.appender.buffer.byte-limit = 33554432 (custom)
2022-05-24 20:48:40,140 [pool-244-thread-1] INFO  server.RaftServerConfigKeys (ConfUtils.java:logGet(46)) - raft.server.log.statemachine.data.read.timeout = 1000ms (default)
2022-05-24 20:48:40,140 [pool-244-thread-1] INFO  server.RaftServerConfigKeys (ConfUtils.java:logGet(46)) - raft.server.log.segment.size.max = 1048576 (custom)
2022-05-24 20:48:40,141 [pool-244-thread-1] INFO  server.RaftServerConfigKeys (ConfUtils.java:logGet(46)) - raft.server.log.segment.cache.num.max = 2 (custom)
2022-05-24 20:48:40,141 [pool-244-thread-1] INFO  server.RaftServerConfigKeys (ConfUtils.java:logGet(46)) - raft.server.log.segment.cache.size.max = 200MB (=209715200) (default)
2022-05-24 20:48:40,141 [pool-244-thread-1] INFO  segmented.SegmentedRaftLogWorker (SegmentedRaftLogWorker.java:<init>(187)) - new 6698ee5e-a134-4bdd-b88e-32be83df5062@group-461FA6ADEC6A-SegmentedRaftLogWorker for RaftStorageImpl:Storage Directory /home/runner/work/ozone/ozone/hadoop-ozone/integration-test/target/test-dir/MiniOzoneClusterImpl-68ae5bae-a44d-4587-ae52-251ec6d3fd1e/datanode-8/data/ratis/cfa6065d-75c2-438e-9eec-461fa6adec6a
2022-05-24 20:48:40,141 [pool-244-thread-1] INFO  server.RaftServerConfigKeys (ConfUtils.java:logGet(46)) - raft.server.log.queue.byte-limit = 4294967296 (custom)
2022-05-24 20:48:40,141 [pool-244-thread-1] INFO  server.RaftServerConfigKeys (ConfUtils.java:logGet(46)) - raft.server.log.queue.element-limit = 1024 (custom)
2022-05-24 20:48:40,141 [pool-244-thread-1] INFO  server.RaftServerConfigKeys (ConfUtils.java:logGet(46)) - raft.server.log.segment.size.max = 1048576 (custom)
2022-05-24 20:48:40,141 [pool-244-thread-1] INFO  server.RaftServerConfigKeys (ConfUtils.java:logGet(46)) - raft.server.log.preallocated.size = 16384 (custom)
2022-05-24 20:48:40,141 [pool-244-thread-1] INFO  server.RaftServerConfigKeys (ConfUtils.java:logGet(46)) - raft.server.log.force.sync.num = 128 (default)
2022-05-24 20:48:40,141 [pool-244-thread-1] INFO  server.RaftServerConfigKeys (ConfUtils.java:logGet(46)) - raft.server.log.statemachine.data.sync = true (default)
2022-05-24 20:48:40,141 [pool-244-thread-1] INFO  server.RaftServerConfigKeys (ConfUtils.java:logGet(46)) - raft.server.log.statemachine.data.sync.timeout = 10s (default)
2022-05-24 20:48:40,141 [pool-244-thread-1] INFO  server.RaftServerConfigKeys (ConfUtils.java:logGet(46)) - raft.server.log.statemachine.data.sync.timeout.retry = -1 (default)
2022-05-24 20:48:40,142 [pool-244-thread-1] INFO  server.RaftServerConfigKeys (ConfUtils.java:logGet(46)) - raft.server.log.write.buffer.size = 1048576 (custom)
2022-05-24 20:48:40,142 [pool-244-thread-1] INFO  server.RaftServerConfigKeys (ConfUtils.java:logGet(46)) - raft.server.log.unsafe-flush.enabled = false (default)
2022-05-24 20:48:40,142 [pool-244-thread-1] INFO  server.RaftServerConfigKeys (ConfUtils.java:logGet(46)) - raft.server.log.statemachine.data.caching.enabled = true (custom)
2022-05-24 20:48:40,143 [pool-244-thread-1] INFO  segmented.SegmentedRaftLogWorker (SegmentedRaftLogWorker.java:lambda$new$0(135)) - 6698ee5e-a134-4bdd-b88e-32be83df5062@group-461FA6ADEC6A-SegmentedRaftLogWorker: flushIndex: setUnconditionally 0 -> -1
2022-05-24 20:48:40,143 [pool-244-thread-1] INFO  segmented.SegmentedRaftLogWorker (SegmentedRaftLogWorker.java:lambda$new$0(135)) - 6698ee5e-a134-4bdd-b88e-32be83df5062@group-461FA6ADEC6A-SegmentedRaftLogWorker: safeCacheEvictIndex: setUnconditionally 0 -> -1
2022-05-24 20:48:40,143 [pool-244-thread-1] INFO  server.RaftServerConfigKeys (ConfUtils.java:logGet(46)) - raft.server.snapshot.auto.trigger.enabled = true (custom)
2022-05-24 20:48:40,143 [pool-244-thread-1] INFO  server.RaftServerConfigKeys (ConfUtils.java:logGet(46)) - raft.server.snapshot.auto.trigger.threshold = 10000 (custom)
2022-05-24 20:48:40,143 [pool-244-thread-1] INFO  server.RaftServerConfigKeys (ConfUtils.java:logGet(46)) - raft.server.snapshot.retention.file.num = 5 (custom)
2022-05-24 20:48:40,143 [pool-244-thread-1] INFO  server.RaftServerConfigKeys (ConfUtils.java:logGet(46)) - raft.server.log.purge.upto.snapshot.index = false (default)
2022-05-24 20:48:40,143 [pool-244-thread-1] INFO  server.RaftServerConfigKeys (ConfUtils.java:logGet(46)) - raft.server.retrycache.expirytime = 600000ms (custom)
2022-05-24 20:48:40,143 [pool-244-thread-1] INFO  server.RaftServerConfigKeys (ConfUtils.java:logGet(46)) - raft.server.retrycache.statistics.expirytime = 100μs (default)
2022-05-24 20:48:40,144 [pool-244-thread-1] INFO  server.RaftServerConfigKeys (ConfUtils.java:logGet(46)) - raft.server.log.appender.install.snapshot.enabled = false (custom)
2022-05-24 20:48:40,144 [pool-244-thread-1] INFO  server.RaftServerConfigKeys (ConfUtils.java:logGet(46)) - raft.server.threadpool.server.cached = true (default)
2022-05-24 20:48:40,144 [pool-244-thread-1] INFO  server.RaftServerConfigKeys (ConfUtils.java:logGet(46)) - raft.server.threadpool.server.size = 0 (default)
2022-05-24 20:48:40,144 [pool-244-thread-1] INFO  server.RaftServerConfigKeys (ConfUtils.java:logGet(46)) - raft.server.threadpool.client.cached = true (default)
2022-05-24 20:48:40,144 [pool-244-thread-1] INFO  server.RaftServerConfigKeys (ConfUtils.java:logGet(46)) - raft.server.threadpool.client.size = 0 (default)
2022-05-24 20:48:40,144 [pool-244-thread-1] INFO  server.RaftServer$Division (RaftServerImpl.java:start(310)) - 6698ee5e-a134-4bdd-b88e-32be83df5062@group-461FA6ADEC6A: start as a follower, conf=-1: [6698ee5e-a134-4bdd-b88e-32be83df5062|rpc:10.1.0.30:36573|dataStream:|priority:1, bb19d869-0de0-4670-950d-961bc103e91c|rpc:10.1.0.30:46641|dataStream:|priority:0, 2d640a7f-eabf-4d86-860e-09f863e1ed92|rpc:10.1.0.30:32775|dataStream:|priority:0], old=null
2022-05-24 20:48:40,144 [pool-244-thread-1] INFO  server.RaftServer$Division (RaftServerImpl.java:setRole(299)) - 6698ee5e-a134-4bdd-b88e-32be83df5062@group-461FA6ADEC6A: changes role from      null to FOLLOWER at term 0 for startAsFollower
2022-05-24 20:48:40,144 [pool-244-thread-1] INFO  impl.RoleInfo (RoleInfo.java:updateAndGet(139)) - 6698ee5e-a134-4bdd-b88e-32be83df5062: start 6698ee5e-a134-4bdd-b88e-32be83df5062@group-461FA6ADEC6A-FollowerState
2022-05-24 20:48:40,145 [pool-244-thread-1] INFO  util.JmxRegister (JmxRegister.java:tryRegister(44)) - Successfully registered JMX Bean with object name Ratis:service=RaftServer,group=group-461FA6ADEC6A,id=6698ee5e-a134-4bdd-b88e-32be83df5062
2022-05-24 20:48:40,150 [Command processor thread] INFO  commandhandler.CreatePipelineCommandHandler (CreatePipelineCommandHandler.java:handle(113)) - Created Pipeline RATIS THREE PipelineID=cfa6065d-75c2-438e-9eec-461fa6adec6a.
2022-05-24 20:48:40,150 [Command processor thread] INFO  server.RaftServer (RaftServerProxy.java:addNew(96)) - 2d640a7f-eabf-4d86-860e-09f863e1ed92: addNew group-463FC4B4C26A:[6698ee5e-a134-4bdd-b88e-32be83df5062|rpc:10.1.0.30:36573|priority:0, bb19d869-0de0-4670-950d-961bc103e91c|rpc:10.1.0.30:46641|priority:0, 2d640a7f-eabf-4d86-860e-09f863e1ed92|rpc:10.1.0.30:32775|priority:1] returns group-463FC4B4C26A:java.util.concurrent.CompletableFuture@361d3361[Not completed]
2022-05-24 20:48:40,151 [pool-200-thread-1] INFO  server.RaftServer$Division (RaftServerImpl.java:<init>(190)) - 2d640a7f-eabf-4d86-860e-09f863e1ed92: new RaftServerImpl for group-463FC4B4C26A:[6698ee5e-a134-4bdd-b88e-32be83df5062|rpc:10.1.0.30:36573|priority:0, bb19d869-0de0-4670-950d-961bc103e91c|rpc:10.1.0.30:46641|priority:0, 2d640a7f-eabf-4d86-860e-09f863e1ed92|rpc:10.1.0.30:32775|priority:1] with ContainerStateMachine:uninitialized
2022-05-24 20:48:40,151 [pool-200-thread-1] INFO  server.RaftServerConfigKeys (ConfUtils.java:logGet(46)) - raft.server.rpc.timeout.min = 5s (custom)
2022-05-24 20:48:40,151 [pool-200-thread-1] INFO  server.RaftServerConfigKeys (ConfUtils.java:logGet(46)) - raft.server.rpc.timeout.max = 5200ms (custom)
2022-05-24 20:48:40,151 [pool-200-thread-1] INFO  server.RaftServerConfigKeys (ConfUtils.java:logGet(46)) - raft.server.rpc.sleep.time = 25ms (default)
2022-05-24 20:48:40,151 [pool-200-thread-1] INFO  server.RaftServerConfigKeys (ConfUtils.java:logGet(46)) - raft.server.rpc.slowness.timeout = 300s (custom)
2022-05-24 20:48:40,151 [pool-200-thread-1] INFO  server.RaftServerConfigKeys (ConfUtils.java:logGet(46)) - raft.server.leaderelection.leader.step-down.wait-time = 10s (default)
2022-05-24 20:48:40,151 [pool-200-thread-1] INFO  server.RaftServerConfigKeys (ConfUtils.java:logGet(46)) - raft.server.sleep.deviation.threshold = 300ms (default)
2022-05-24 20:48:40,151 [pool-200-thread-1] INFO  server.RaftServer$Division (ServerState.java:<init>(107)) - 2d640a7f-eabf-4d86-860e-09f863e1ed92@group-463FC4B4C26A: ConfigurationManager, init=-1: [6698ee5e-a134-4bdd-b88e-32be83df5062|rpc:10.1.0.30:36573|priority:0, bb19d869-0de0-4670-950d-961bc103e91c|rpc:10.1.0.30:46641|priority:0, 2d640a7f-eabf-4d86-860e-09f863e1ed92|rpc:10.1.0.30:32775|priority:1], old=null, confs=<EMPTY_MAP>
2022-05-24 20:48:40,151 [pool-200-thread-1] INFO  server.RaftServerConfigKeys (ConfUtils.java:logGet(46)) - raft.server.storage.dir = [/home/runner/work/ozone/ozone/hadoop-ozone/integration-test/target/test-dir/MiniOzoneClusterImpl-68ae5bae-a44d-4587-ae52-251ec6d3fd1e/datanode-6/data/ratis] (custom)
2022-05-24 20:48:40,151 [pool-200-thread-1] INFO  server.RaftServerConfigKeys (ConfUtils.java:logGet(46)) - raft.server.log.corruption.policy = EXCEPTION (default)
2022-05-24 20:48:40,151 [pool-200-thread-1] INFO  server.RaftServerConfigKeys (ConfUtils.java:logGet(46)) - raft.server.storage.free-space.min = 0MB (=0) (default)
2022-05-24 20:48:40,151 [pool-200-thread-1] INFO  storage.RaftStorageDirectory (RaftStorageDirectoryImpl.java:analyzeStorage(135)) - The storage directory /home/runner/work/ozone/ozone/hadoop-ozone/integration-test/target/test-dir/MiniOzoneClusterImpl-68ae5bae-a44d-4587-ae52-251ec6d3fd1e/datanode-6/data/ratis/85d6c947-d5a2-4f3a-9931-463fc4b4c26a does not exist. Creating ...
2022-05-24 20:48:40,153 [pool-200-thread-1] INFO  storage.RaftStorageDirectory (RaftStorageDirectoryImpl.java:tryLock(230)) - Lock on /home/runner/work/ozone/ozone/hadoop-ozone/integration-test/target/test-dir/MiniOzoneClusterImpl-68ae5bae-a44d-4587-ae52-251ec6d3fd1e/datanode-6/data/ratis/85d6c947-d5a2-4f3a-9931-463fc4b4c26a/in_use.lock acquired by nodename 28664@fv-az122-930
2022-05-24 20:48:40,154 [pool-200-thread-1] INFO  storage.RaftStorage (RaftStorageImpl.java:format(89)) - Storage directory /home/runner/work/ozone/ozone/hadoop-ozone/integration-test/target/test-dir/MiniOzoneClusterImpl-68ae5bae-a44d-4587-ae52-251ec6d3fd1e/datanode-6/data/ratis/85d6c947-d5a2-4f3a-9931-463fc4b4c26a has been successfully formatted.
2022-05-24 20:48:40,155 [pool-200-thread-1] INFO  ratis.ContainerStateMachine (ContainerStateMachine.java:loadSnapshot(236)) - group-463FC4B4C26A: The snapshot info is null. Setting the last applied indexto:(t:0, i:~)
2022-05-24 20:48:40,155 [pool-200-thread-1] INFO  server.RaftServerConfigKeys (ConfUtils.java:logGet(46)) - raft.server.notification.no-leader.timeout = 300s (custom)
2022-05-24 20:48:40,155 [pool-200-thread-1] INFO  server.RaftServerConfigKeys (ConfUtils.java:logGet(46)) - raft.server.log.use.memory = false (default)
2022-05-24 20:48:40,155 [pool-200-thread-1] INFO  server.RaftServerConfigKeys (ConfUtils.java:logGet(46)) - raft.server.log.purge.gap = 1000000 (custom)
2022-05-24 20:48:40,155 [pool-200-thread-1] INFO  server.RaftServerConfigKeys (ConfUtils.java:logGet(46)) - raft.server.log.appender.buffer.byte-limit = 33554432 (custom)
2022-05-24 20:48:40,155 [pool-200-thread-1] INFO  server.RaftServerConfigKeys (ConfUtils.java:logGet(46)) - raft.server.log.statemachine.data.read.timeout = 1000ms (default)
2022-05-24 20:48:40,155 [pool-200-thread-1] INFO  server.RaftServerConfigKeys (ConfUtils.java:logGet(46)) - raft.server.log.segment.size.max = 1048576 (custom)
2022-05-24 20:48:40,155 [pool-200-thread-1] INFO  server.RaftServerConfigKeys (ConfUtils.java:logGet(46)) - raft.server.log.segment.cache.num.max = 2 (custom)
2022-05-24 20:48:40,156 [pool-200-thread-1] INFO  server.RaftServerConfigKeys (ConfUtils.java:logGet(46)) - raft.server.log.segment.cache.size.max = 200MB (=209715200) (default)
2022-05-24 20:48:40,156 [pool-200-thread-1] INFO  segmented.SegmentedRaftLogWorker (SegmentedRaftLogWorker.java:<init>(187)) - new 2d640a7f-eabf-4d86-860e-09f863e1ed92@group-463FC4B4C26A-SegmentedRaftLogWorker for RaftStorageImpl:Storage Directory /home/runner/work/ozone/ozone/hadoop-ozone/integration-test/target/test-dir/MiniOzoneClusterImpl-68ae5bae-a44d-4587-ae52-251ec6d3fd1e/datanode-6/data/ratis/85d6c947-d5a2-4f3a-9931-463fc4b4c26a
2022-05-24 20:48:40,156 [pool-200-thread-1] INFO  server.RaftServerConfigKeys (ConfUtils.java:logGet(46)) - raft.server.log.queue.byte-limit = 4294967296 (custom)
2022-05-24 20:48:40,156 [pool-200-thread-1] INFO  server.RaftServerConfigKeys (ConfUtils.java:logGet(46)) - raft.server.log.queue.element-limit = 1024 (custom)
2022-05-24 20:48:40,156 [pool-200-thread-1] INFO  server.RaftServerConfigKeys (ConfUtils.java:logGet(46)) - raft.server.log.segment.size.max = 1048576 (custom)
2022-05-24 20:48:40,156 [pool-200-thread-1] INFO  server.RaftServerConfigKeys (ConfUtils.java:logGet(46)) - raft.server.log.preallocated.size = 16384 (custom)
2022-05-24 20:48:40,156 [pool-200-thread-1] INFO  server.RaftServerConfigKeys (ConfUtils.java:logGet(46)) - raft.server.log.force.sync.num = 128 (default)
2022-05-24 20:48:40,156 [pool-200-thread-1] INFO  server.RaftServerConfigKeys (ConfUtils.java:logGet(46)) - raft.server.log.statemachine.data.sync = true (default)
2022-05-24 20:48:40,156 [pool-200-thread-1] INFO  server.RaftServerConfigKeys (ConfUtils.java:logGet(46)) - raft.server.log.statemachine.data.sync.timeout = 10s (default)
2022-05-24 20:48:40,156 [pool-200-thread-1] INFO  server.RaftServerConfigKeys (ConfUtils.java:logGet(46)) - raft.server.log.statemachine.data.sync.timeout.retry = -1 (default)
2022-05-24 20:48:40,157 [pool-200-thread-1] INFO  server.RaftServerConfigKeys (ConfUtils.java:logGet(46)) - raft.server.log.write.buffer.size = 1048576 (custom)
2022-05-24 20:48:40,157 [pool-200-thread-1] INFO  server.RaftServerConfigKeys (ConfUtils.java:logGet(46)) - raft.server.log.unsafe-flush.enabled = false (default)
2022-05-24 20:48:40,157 [pool-200-thread-1] INFO  server.RaftServerConfigKeys (ConfUtils.java:logGet(46)) - raft.server.log.statemachine.data.caching.enabled = true (custom)
2022-05-24 20:48:40,157 [pool-200-thread-1] INFO  segmented.SegmentedRaftLogWorker (SegmentedRaftLogWorker.java:lambda$new$0(135)) - 2d640a7f-eabf-4d86-860e-09f863e1ed92@group-463FC4B4C26A-SegmentedRaftLogWorker: flushIndex: setUnconditionally 0 -> -1
2022-05-24 20:48:40,157 [pool-200-thread-1] INFO  segmented.SegmentedRaftLogWorker (SegmentedRaftLogWorker.java:lambda$new$0(135)) - 2d640a7f-eabf-4d86-860e-09f863e1ed92@group-463FC4B4C26A-SegmentedRaftLogWorker: safeCacheEvictIndex: setUnconditionally 0 -> -1
2022-05-24 20:48:40,157 [pool-200-thread-1] INFO  server.RaftServerConfigKeys (ConfUtils.java:logGet(46)) - raft.server.snapshot.auto.trigger.enabled = true (custom)
2022-05-24 20:48:40,157 [pool-200-thread-1] INFO  server.RaftServerConfigKeys (ConfUtils.java:logGet(46)) - raft.server.snapshot.auto.trigger.threshold = 10000 (custom)
2022-05-24 20:48:40,158 [pool-200-thread-1] INFO  server.RaftServerConfigKeys (ConfUtils.java:logGet(46)) - raft.server.snapshot.retention.file.num = 5 (custom)
2022-05-24 20:48:40,158 [pool-200-thread-1] INFO  server.RaftServerConfigKeys (ConfUtils.java:logGet(46)) - raft.server.log.purge.upto.snapshot.index = false (default)
2022-05-24 20:48:40,158 [pool-200-thread-1] INFO  server.RaftServerConfigKeys (ConfUtils.java:logGet(46)) - raft.server.retrycache.expirytime = 600000ms (custom)
2022-05-24 20:48:40,158 [pool-200-thread-1] INFO  server.RaftServerConfigKeys (ConfUtils.java:logGet(46)) - raft.server.retrycache.statistics.expirytime = 100μs (default)
2022-05-24 20:48:40,159 [pool-200-thread-1] INFO  server.RaftServerConfigKeys (ConfUtils.java:logGet(46)) - raft.server.log.appender.install.snapshot.enabled = false (custom)
2022-05-24 20:48:40,159 [pool-200-thread-1] INFO  server.RaftServerConfigKeys (ConfUtils.java:logGet(46)) - raft.server.threadpool.server.cached = true (default)
2022-05-24 20:48:40,159 [pool-200-thread-1] INFO  server.RaftServerConfigKeys (ConfUtils.java:logGet(46)) - raft.server.threadpool.server.size = 0 (default)
2022-05-24 20:48:40,159 [pool-200-thread-1] INFO  server.RaftServerConfigKeys (ConfUtils.java:logGet(46)) - raft.server.threadpool.client.cached = true (default)
2022-05-24 20:48:40,159 [pool-200-thread-1] INFO  server.RaftServerConfigKeys (ConfUtils.java:logGet(46)) - raft.server.threadpool.client.size = 0 (default)
2022-05-24 20:48:40,159 [pool-200-thread-1] INFO  server.RaftServer$Division (RaftServerImpl.java:start(310)) - 2d640a7f-eabf-4d86-860e-09f863e1ed92@group-463FC4B4C26A: start as a follower, conf=-1: [6698ee5e-a134-4bdd-b88e-32be83df5062|rpc:10.1.0.30:36573|priority:0, bb19d869-0de0-4670-950d-961bc103e91c|rpc:10.1.0.30:46641|priority:0, 2d640a7f-eabf-4d86-860e-09f863e1ed92|rpc:10.1.0.30:32775|priority:1], old=null
2022-05-24 20:48:40,159 [pool-200-thread-1] INFO  server.RaftServer$Division (RaftServerImpl.java:setRole(299)) - 2d640a7f-eabf-4d86-860e-09f863e1ed92@group-463FC4B4C26A: changes role from      null to FOLLOWER at term 0 for startAsFollower
2022-05-24 20:48:40,159 [pool-200-thread-1] INFO  impl.RoleInfo (RoleInfo.java:updateAndGet(139)) - 2d640a7f-eabf-4d86-860e-09f863e1ed92: start 2d640a7f-eabf-4d86-860e-09f863e1ed92@group-463FC4B4C26A-FollowerState
2022-05-24 20:48:40,160 [EventQueue-OpenPipelineForHealthyPipelineSafeModeRule] INFO  safemode.SCMSafeModeManager (HealthyPipelineSafeModeRule.java:process(124)) - SCM in safe mode. Healthy pipelines reported count is 0, required healthy pipeline reported count is 1
2022-05-24 20:48:40,160 [pool-200-thread-1] INFO  util.JmxRegister (JmxRegister.java:tryRegister(44)) - Successfully registered JMX Bean with object name Ratis:service=RaftServer,group=group-463FC4B4C26A,id=2d640a7f-eabf-4d86-860e-09f863e1ed92
2022-05-24 20:48:40,163 [Command processor thread] INFO  ratis.XceiverServerRatis (XceiverServerRatis.java:addGroup(765)) - Created group PipelineID=85d6c947-d5a2-4f3a-9931-463fc4b4c26a
2022-05-24 20:48:40,175 [grpc-default-executor-0] INFO  server.RaftServer (RaftServerProxy.java:addNew(96)) - bb19d869-0de0-4670-950d-961bc103e91c: addNew group-463FC4B4C26A:[6698ee5e-a134-4bdd-b88e-32be83df5062|rpc:10.1.0.30:36573|dataStream:|priority:0, bb19d869-0de0-4670-950d-961bc103e91c|rpc:10.1.0.30:46641|dataStream:|priority:0, 2d640a7f-eabf-4d86-860e-09f863e1ed92|rpc:10.1.0.30:32775|dataStream:|priority:1] returns group-463FC4B4C26A:java.util.concurrent.CompletableFuture@645f6b65[Not completed]
2022-05-24 20:48:40,176 [pool-222-thread-1] INFO  server.RaftServer$Division (RaftServerImpl.java:<init>(190)) - bb19d869-0de0-4670-950d-961bc103e91c: new RaftServerImpl for group-463FC4B4C26A:[6698ee5e-a134-4bdd-b88e-32be83df5062|rpc:10.1.0.30:36573|dataStream:|priority:0, bb19d869-0de0-4670-950d-961bc103e91c|rpc:10.1.0.30:46641|dataStream:|priority:0, 2d640a7f-eabf-4d86-860e-09f863e1ed92|rpc:10.1.0.30:32775|dataStream:|priority:1] with ContainerStateMachine:uninitialized
2022-05-24 20:48:40,176 [pool-222-thread-1] INFO  server.RaftServerConfigKeys (ConfUtils.java:logGet(46)) - raft.server.rpc.timeout.min = 5s (custom)
2022-05-24 20:48:40,176 [pool-222-thread-1] INFO  server.RaftServerConfigKeys (ConfUtils.java:logGet(46)) - raft.server.rpc.timeout.max = 5200ms (custom)
2022-05-24 20:48:40,176 [pool-222-thread-1] INFO  server.RaftServerConfigKeys (ConfUtils.java:logGet(46)) - raft.server.rpc.sleep.time = 25ms (default)
2022-05-24 20:48:40,176 [pool-222-thread-1] INFO  server.RaftServerConfigKeys (ConfUtils.java:logGet(46)) - raft.server.rpc.slowness.timeout = 300s (custom)
2022-05-24 20:48:40,176 [pool-222-thread-1] INFO  server.RaftServerConfigKeys (ConfUtils.java:logGet(46)) - raft.server.leaderelection.leader.step-down.wait-time = 10s (default)
2022-05-24 20:48:40,176 [pool-222-thread-1] INFO  server.RaftServerConfigKeys (ConfUtils.java:logGet(46)) - raft.server.sleep.deviation.threshold = 300ms (default)
2022-05-24 20:48:40,177 [pool-222-thread-1] INFO  server.RaftServer$Division (ServerState.java:<init>(107)) - bb19d869-0de0-4670-950d-961bc103e91c@group-463FC4B4C26A: ConfigurationManager, init=-1: [6698ee5e-a134-4bdd-b88e-32be83df5062|rpc:10.1.0.30:36573|dataStream:|priority:0, bb19d869-0de0-4670-950d-961bc103e91c|rpc:10.1.0.30:46641|dataStream:|priority:0, 2d640a7f-eabf-4d86-860e-09f863e1ed92|rpc:10.1.0.30:32775|dataStream:|priority:1], old=null, confs=<EMPTY_MAP>
2022-05-24 20:48:40,177 [pool-222-thread-1] INFO  server.RaftServerConfigKeys (ConfUtils.java:logGet(46)) - raft.server.storage.dir = [/home/runner/work/ozone/ozone/hadoop-ozone/integration-test/target/test-dir/MiniOzoneClusterImpl-68ae5bae-a44d-4587-ae52-251ec6d3fd1e/datanode-7/data/ratis] (custom)
2022-05-24 20:48:40,177 [pool-222-thread-1] INFO  server.RaftServerConfigKeys (ConfUtils.java:logGet(46)) - raft.server.log.corruption.policy = EXCEPTION (default)
2022-05-24 20:48:40,177 [pool-222-thread-1] INFO  server.RaftServerConfigKeys (ConfUtils.java:logGet(46)) - raft.server.storage.free-space.min = 0MB (=0) (default)
2022-05-24 20:48:40,177 [pool-222-thread-1] INFO  storage.RaftStorageDirectory (RaftStorageDirectoryImpl.java:analyzeStorage(135)) - The storage directory /home/runner/work/ozone/ozone/hadoop-ozone/integration-test/target/test-dir/MiniOzoneClusterImpl-68ae5bae-a44d-4587-ae52-251ec6d3fd1e/datanode-7/data/ratis/85d6c947-d5a2-4f3a-9931-463fc4b4c26a does not exist. Creating ...
2022-05-24 20:48:40,178 [pool-222-thread-1] INFO  storage.RaftStorageDirectory (RaftStorageDirectoryImpl.java:tryLock(230)) - Lock on /home/runner/work/ozone/ozone/hadoop-ozone/integration-test/target/test-dir/MiniOzoneClusterImpl-68ae5bae-a44d-4587-ae52-251ec6d3fd1e/datanode-7/data/ratis/85d6c947-d5a2-4f3a-9931-463fc4b4c26a/in_use.lock acquired by nodename 28664@fv-az122-930
2022-05-24 20:48:40,179 [pool-222-thread-1] INFO  storage.RaftStorage (RaftStorageImpl.java:format(89)) - Storage directory /home/runner/work/ozone/ozone/hadoop-ozone/integration-test/target/test-dir/MiniOzoneClusterImpl-68ae5bae-a44d-4587-ae52-251ec6d3fd1e/datanode-7/data/ratis/85d6c947-d5a2-4f3a-9931-463fc4b4c26a has been successfully formatted.
2022-05-24 20:48:40,179 [pool-222-thread-1] INFO  ratis.ContainerStateMachine (ContainerStateMachine.java:loadSnapshot(236)) - group-463FC4B4C26A: The snapshot info is null. Setting the last applied indexto:(t:0, i:~)
2022-05-24 20:48:40,180 [pool-222-thread-1] INFO  server.RaftServerConfigKeys (ConfUtils.java:logGet(46)) - raft.server.notification.no-leader.timeout = 300s (custom)
2022-05-24 20:48:40,180 [pool-222-thread-1] INFO  server.RaftServerConfigKeys (ConfUtils.java:logGet(46)) - raft.server.log.use.memory = false (default)
2022-05-24 20:48:40,180 [pool-222-thread-1] INFO  server.RaftServerConfigKeys (ConfUtils.java:logGet(46)) - raft.server.log.purge.gap = 1000000 (custom)
2022-05-24 20:48:40,180 [pool-222-thread-1] INFO  server.RaftServerConfigKeys (ConfUtils.java:logGet(46)) - raft.server.log.appender.buffer.byte-limit = 33554432 (custom)
2022-05-24 20:48:40,180 [pool-222-thread-1] INFO  server.RaftServerConfigKeys (ConfUtils.java:logGet(46)) - raft.server.log.statemachine.data.read.timeout = 1000ms (default)
2022-05-24 20:48:40,180 [pool-222-thread-1] INFO  server.RaftServerConfigKeys (ConfUtils.java:logGet(46)) - raft.server.log.segment.size.max = 1048576 (custom)
2022-05-24 20:48:40,181 [pool-222-thread-1] INFO  server.RaftServerConfigKeys (ConfUtils.java:logGet(46)) - raft.server.log.segment.cache.num.max = 2 (custom)
2022-05-24 20:48:40,181 [pool-222-thread-1] INFO  server.RaftServerConfigKeys (ConfUtils.java:logGet(46)) - raft.server.log.segment.cache.size.max = 200MB (=209715200) (default)
2022-05-24 20:48:40,181 [pool-222-thread-1] INFO  segmented.SegmentedRaftLogWorker (SegmentedRaftLogWorker.java:<init>(187)) - new bb19d869-0de0-4670-950d-961bc103e91c@group-463FC4B4C26A-SegmentedRaftLogWorker for RaftStorageImpl:Storage Directory /home/runner/work/ozone/ozone/hadoop-ozone/integration-test/target/test-dir/MiniOzoneClusterImpl-68ae5bae-a44d-4587-ae52-251ec6d3fd1e/datanode-7/data/ratis/85d6c947-d5a2-4f3a-9931-463fc4b4c26a
2022-05-24 20:48:40,181 [pool-222-thread-1] INFO  server.RaftServerConfigKeys (ConfUtils.java:logGet(46)) - raft.server.log.queue.byte-limit = 4294967296 (custom)
2022-05-24 20:48:40,181 [pool-222-thread-1] INFO  server.RaftServerConfigKeys (ConfUtils.java:logGet(46)) - raft.server.log.queue.element-limit = 1024 (custom)
2022-05-24 20:48:40,181 [pool-222-thread-1] INFO  server.RaftServerConfigKeys (ConfUtils.java:logGet(46)) - raft.server.log.segment.size.max = 1048576 (custom)
2022-05-24 20:48:40,181 [pool-222-thread-1] INFO  server.RaftServerConfigKeys (ConfUtils.java:logGet(46)) - raft.server.log.preallocated.size = 16384 (custom)
2022-05-24 20:48:40,181 [pool-222-thread-1] INFO  server.RaftServerConfigKeys (ConfUtils.java:logGet(46)) - raft.server.log.force.sync.num = 128 (default)
2022-05-24 20:48:40,181 [pool-222-thread-1] INFO  server.RaftServerConfigKeys (ConfUtils.java:logGet(46)) - raft.server.log.statemachine.data.sync = true (default)
2022-05-24 20:48:40,181 [pool-222-thread-1] INFO  server.RaftServerConfigKeys (ConfUtils.java:logGet(46)) - raft.server.log.statemachine.data.sync.timeout = 10s (default)
2022-05-24 20:48:40,181 [pool-222-thread-1] INFO  server.RaftServerConfigKeys (ConfUtils.java:logGet(46)) - raft.server.log.statemachine.data.sync.timeout.retry = -1 (default)
2022-05-24 20:48:40,182 [pool-222-thread-1] INFO  server.RaftServerConfigKeys (ConfUtils.java:logGet(46)) - raft.server.log.write.buffer.size = 1048576 (custom)
2022-05-24 20:48:40,183 [pool-222-thread-1] INFO  server.RaftServerConfigKeys (ConfUtils.java:logGet(46)) - raft.server.log.unsafe-flush.enabled = false (default)
2022-05-24 20:48:40,183 [pool-222-thread-1] INFO  server.RaftServerConfigKeys (ConfUtils.java:logGet(46)) - raft.server.log.statemachine.data.caching.enabled = true (custom)
2022-05-24 20:48:40,183 [pool-222-thread-1] INFO  segmented.SegmentedRaftLogWorker (SegmentedRaftLogWorker.java:lambda$new$0(135)) - bb19d869-0de0-4670-950d-961bc103e91c@group-463FC4B4C26A-SegmentedRaftLogWorker: flushIndex: setUnconditionally 0 -> -1
2022-05-24 20:48:40,183 [pool-222-thread-1] INFO  segmented.SegmentedRaftLogWorker (SegmentedRaftLogWorker.java:lambda$new$0(135)) - bb19d869-0de0-4670-950d-961bc103e91c@group-463FC4B4C26A-SegmentedRaftLogWorker: safeCacheEvictIndex: setUnconditionally 0 -> -1
2022-05-24 20:48:40,187 [pool-222-thread-1] INFO  server.RaftServerConfigKeys (ConfUtils.java:logGet(46)) - raft.server.snapshot.auto.trigger.enabled = true (custom)
2022-05-24 20:48:40,187 [pool-222-thread-1] INFO  server.RaftServerConfigKeys (ConfUtils.java:logGet(46)) - raft.server.snapshot.auto.trigger.threshold = 10000 (custom)
2022-05-24 20:48:40,187 [pool-222-thread-1] INFO  server.RaftServerConfigKeys (ConfUtils.java:logGet(46)) - raft.server.snapshot.retention.file.num = 5 (custom)
2022-05-24 20:48:40,187 [pool-222-thread-1] INFO  server.RaftServerConfigKeys (ConfUtils.java:logGet(46)) - raft.server.log.purge.upto.snapshot.index = false (default)
2022-05-24 20:48:40,187 [pool-222-thread-1] INFO  server.RaftServerConfigKeys (ConfUtils.java:logGet(46)) - raft.server.retrycache.expirytime = 600000ms (custom)
2022-05-24 20:48:40,187 [pool-222-thread-1] INFO  server.RaftServerConfigKeys (ConfUtils.java:logGet(46)) - raft.server.retrycache.statistics.expirytime = 100μs (default)
2022-05-24 20:48:40,188 [pool-222-thread-1] INFO  server.RaftServerConfigKeys (ConfUtils.java:logGet(46)) - raft.server.log.appender.install.snapshot.enabled = false (custom)
2022-05-24 20:48:40,188 [pool-222-thread-1] INFO  server.RaftServerConfigKeys (ConfUtils.java:logGet(46)) - raft.server.threadpool.server.cached = true (default)
2022-05-24 20:48:40,188 [pool-222-thread-1] INFO  server.RaftServerConfigKeys (ConfUtils.java:logGet(46)) - raft.server.threadpool.server.size = 0 (default)
2022-05-24 20:48:40,188 [pool-222-thread-1] INFO  server.RaftServerConfigKeys (ConfUtils.java:logGet(46)) - raft.server.threadpool.client.cached = true (default)
2022-05-24 20:48:40,188 [pool-222-thread-1] INFO  server.RaftServerConfigKeys (ConfUtils.java:logGet(46)) - raft.server.threadpool.client.size = 0 (default)
2022-05-24 20:48:40,188 [pool-222-thread-1] INFO  server.RaftServer$Division (RaftServerImpl.java:start(310)) - bb19d869-0de0-4670-950d-961bc103e91c@group-463FC4B4C26A: start as a follower, conf=-1: [6698ee5e-a134-4bdd-b88e-32be83df5062|rpc:10.1.0.30:36573|dataStream:|priority:0, bb19d869-0de0-4670-950d-961bc103e91c|rpc:10.1.0.30:46641|dataStream:|priority:0, 2d640a7f-eabf-4d86-860e-09f863e1ed92|rpc:10.1.0.30:32775|dataStream:|priority:1], old=null
2022-05-24 20:48:40,188 [pool-222-thread-1] INFO  server.RaftServer$Division (RaftServerImpl.java:setRole(299)) - bb19d869-0de0-4670-950d-961bc103e91c@group-463FC4B4C26A: changes role from      null to FOLLOWER at term 0 for startAsFollower
2022-05-24 20:48:40,188 [pool-222-thread-1] INFO  impl.RoleInfo (RoleInfo.java:updateAndGet(139)) - bb19d869-0de0-4670-950d-961bc103e91c: start bb19d869-0de0-4670-950d-961bc103e91c@group-463FC4B4C26A-FollowerState
2022-05-24 20:48:40,191 [pool-222-thread-1] INFO  util.JmxRegister (JmxRegister.java:tryRegister(44)) - Successfully registered JMX Bean with object name Ratis:service=RaftServer,group=group-463FC4B4C26A,id=bb19d869-0de0-4670-950d-961bc103e91c
2022-05-24 20:48:40,206 [grpc-default-executor-0] INFO  server.RaftServer (RaftServerProxy.java:addNew(96)) - 6698ee5e-a134-4bdd-b88e-32be83df5062: addNew group-463FC4B4C26A:[6698ee5e-a134-4bdd-b88e-32be83df5062|rpc:10.1.0.30:36573|dataStream:|priority:0, bb19d869-0de0-4670-950d-961bc103e91c|rpc:10.1.0.30:46641|dataStream:|priority:0, 2d640a7f-eabf-4d86-860e-09f863e1ed92|rpc:10.1.0.30:32775|dataStream:|priority:1] returns group-463FC4B4C26A:java.util.concurrent.CompletableFuture@49e9619d[Not completed]
2022-05-24 20:48:40,207 [pool-244-thread-1] INFO  server.RaftServer$Division (RaftServerImpl.java:<init>(190)) - 6698ee5e-a134-4bdd-b88e-32be83df5062: new RaftServerImpl for group-463FC4B4C26A:[6698ee5e-a134-4bdd-b88e-32be83df5062|rpc:10.1.0.30:36573|dataStream:|priority:0, bb19d869-0de0-4670-950d-961bc103e91c|rpc:10.1.0.30:46641|dataStream:|priority:0, 2d640a7f-eabf-4d86-860e-09f863e1ed92|rpc:10.1.0.30:32775|dataStream:|priority:1] with ContainerStateMachine:uninitialized
2022-05-24 20:48:40,207 [pool-244-thread-1] INFO  server.RaftServerConfigKeys (ConfUtils.java:logGet(46)) - raft.server.rpc.timeout.min = 5s (custom)
2022-05-24 20:48:40,207 [pool-244-thread-1] INFO  server.RaftServerConfigKeys (ConfUtils.java:logGet(46)) - raft.server.rpc.timeout.max = 5200ms (custom)
2022-05-24 20:48:40,207 [pool-244-thread-1] INFO  server.RaftServerConfigKeys (ConfUtils.java:logGet(46)) - raft.server.rpc.sleep.time = 25ms (default)
2022-05-24 20:48:40,207 [pool-244-thread-1] INFO  server.RaftServerConfigKeys (ConfUtils.java:logGet(46)) - raft.server.rpc.slowness.timeout = 300s (custom)
2022-05-24 20:48:40,207 [pool-244-thread-1] INFO  server.RaftServerConfigKeys (ConfUtils.java:logGet(46)) - raft.server.leaderelection.leader.step-down.wait-time = 10s (default)
2022-05-24 20:48:40,207 [pool-244-thread-1] INFO  server.RaftServerConfigKeys (ConfUtils.java:logGet(46)) - raft.server.sleep.deviation.threshold = 300ms (default)
2022-05-24 20:48:40,208 [pool-244-thread-1] INFO  server.RaftServer$Division (ServerState.java:<init>(107)) - 6698ee5e-a134-4bdd-b88e-32be83df5062@group-463FC4B4C26A: ConfigurationManager, init=-1: [6698ee5e-a134-4bdd-b88e-32be83df5062|rpc:10.1.0.30:36573|dataStream:|priority:0, bb19d869-0de0-4670-950d-961bc103e91c|rpc:10.1.0.30:46641|dataStream:|priority:0, 2d640a7f-eabf-4d86-860e-09f863e1ed92|rpc:10.1.0.30:32775|dataStream:|priority:1], old=null, confs=<EMPTY_MAP>
2022-05-24 20:48:40,208 [pool-244-thread-1] INFO  server.RaftServerConfigKeys (ConfUtils.java:logGet(46)) - raft.server.storage.dir = [/home/runner/work/ozone/ozone/hadoop-ozone/integration-test/target/test-dir/MiniOzoneClusterImpl-68ae5bae-a44d-4587-ae52-251ec6d3fd1e/datanode-8/data/ratis] (custom)
2022-05-24 20:48:40,208 [pool-244-thread-1] INFO  server.RaftServerConfigKeys (ConfUtils.java:logGet(46)) - raft.server.log.corruption.policy = EXCEPTION (default)
2022-05-24 20:48:40,208 [pool-244-thread-1] INFO  server.RaftServerConfigKeys (ConfUtils.java:logGet(46)) - raft.server.storage.free-space.min = 0MB (=0) (default)
2022-05-24 20:48:40,208 [pool-244-thread-1] INFO  storage.RaftStorageDirectory (RaftStorageDirectoryImpl.java:analyzeStorage(135)) - The storage directory /home/runner/work/ozone/ozone/hadoop-ozone/integration-test/target/test-dir/MiniOzoneClusterImpl-68ae5bae-a44d-4587-ae52-251ec6d3fd1e/datanode-8/data/ratis/85d6c947-d5a2-4f3a-9931-463fc4b4c26a does not exist. Creating ...
2022-05-24 20:48:40,209 [pool-244-thread-1] INFO  storage.RaftStorageDirectory (RaftStorageDirectoryImpl.java:tryLock(230)) - Lock on /home/runner/work/ozone/ozone/hadoop-ozone/integration-test/target/test-dir/MiniOzoneClusterImpl-68ae5bae-a44d-4587-ae52-251ec6d3fd1e/datanode-8/data/ratis/85d6c947-d5a2-4f3a-9931-463fc4b4c26a/in_use.lock acquired by nodename 28664@fv-az122-930
2022-05-24 20:48:40,211 [pool-244-thread-1] INFO  storage.RaftStorage (RaftStorageImpl.java:format(89)) - Storage directory /home/runner/work/ozone/ozone/hadoop-ozone/integration-test/target/test-dir/MiniOzoneClusterImpl-68ae5bae-a44d-4587-ae52-251ec6d3fd1e/datanode-8/data/ratis/85d6c947-d5a2-4f3a-9931-463fc4b4c26a has been successfully formatted.
2022-05-24 20:48:40,211 [pool-244-thread-1] INFO  ratis.ContainerStateMachine (ContainerStateMachine.java:loadSnapshot(236)) - group-463FC4B4C26A: The snapshot info is null. Setting the last applied indexto:(t:0, i:~)
2022-05-24 20:48:40,211 [pool-244-thread-1] INFO  server.RaftServerConfigKeys (ConfUtils.java:logGet(46)) - raft.server.notification.no-leader.timeout = 300s (custom)
2022-05-24 20:48:40,211 [pool-244-thread-1] INFO  server.RaftServerConfigKeys (ConfUtils.java:logGet(46)) - raft.server.log.use.memory = false (default)
2022-05-24 20:48:40,211 [pool-244-thread-1] INFO  server.RaftServerConfigKeys (ConfUtils.java:logGet(46)) - raft.server.log.purge.gap = 1000000 (custom)
2022-05-24 20:48:40,211 [pool-244-thread-1] INFO  server.RaftServerConfigKeys (ConfUtils.java:logGet(46)) - raft.server.log.appender.buffer.byte-limit = 33554432 (custom)
2022-05-24 20:48:40,211 [pool-244-thread-1] INFO  server.RaftServerConfigKeys (ConfUtils.java:logGet(46)) - raft.server.log.statemachine.data.read.timeout = 1000ms (default)
2022-05-24 20:48:40,211 [pool-244-thread-1] INFO  server.RaftServerConfigKeys (ConfUtils.java:logGet(46)) - raft.server.log.segment.size.max = 1048576 (custom)
2022-05-24 20:48:40,212 [pool-244-thread-1] INFO  server.RaftServerConfigKeys (ConfUtils.java:logGet(46)) - raft.server.log.segment.cache.num.max = 2 (custom)
2022-05-24 20:48:40,212 [pool-244-thread-1] INFO  server.RaftServerConfigKeys (ConfUtils.java:logGet(46)) - raft.server.log.segment.cache.size.max = 200MB (=209715200) (default)
2022-05-24 20:48:40,212 [pool-244-thread-1] INFO  segmented.SegmentedRaftLogWorker (SegmentedRaftLogWorker.java:<init>(187)) - new 6698ee5e-a134-4bdd-b88e-32be83df5062@group-463FC4B4C26A-SegmentedRaftLogWorker for RaftStorageImpl:Storage Directory /home/runner/work/ozone/ozone/hadoop-ozone/integration-test/target/test-dir/MiniOzoneClusterImpl-68ae5bae-a44d-4587-ae52-251ec6d3fd1e/datanode-8/data/ratis/85d6c947-d5a2-4f3a-9931-463fc4b4c26a
2022-05-24 20:48:40,212 [pool-244-thread-1] INFO  server.RaftServerConfigKeys (ConfUtils.java:logGet(46)) - raft.server.log.queue.byte-limit = 4294967296 (custom)
2022-05-24 20:48:40,212 [pool-244-thread-1] INFO  server.RaftServerConfigKeys (ConfUtils.java:logGet(46)) - raft.server.log.queue.element-limit = 1024 (custom)
2022-05-24 20:48:40,212 [pool-244-thread-1] INFO  server.RaftServerConfigKeys (ConfUtils.java:logGet(46)) - raft.server.log.segment.size.max = 1048576 (custom)
2022-05-24 20:48:40,212 [pool-244-thread-1] INFO  server.RaftServerConfigKeys (ConfUtils.java:logGet(46)) - raft.server.log.preallocated.size = 16384 (custom)
2022-05-24 20:48:40,212 [pool-244-thread-1] INFO  server.RaftServerConfigKeys (ConfUtils.java:logGet(46)) - raft.server.log.force.sync.num = 128 (default)
2022-05-24 20:48:40,212 [pool-244-thread-1] INFO  server.RaftServerConfigKeys (ConfUtils.java:logGet(46)) - raft.server.log.statemachine.data.sync = true (default)
2022-05-24 20:48:40,212 [pool-244-thread-1] INFO  server.RaftServerConfigKeys (ConfUtils.java:logGet(46)) - raft.server.log.statemachine.data.sync.timeout = 10s (default)
2022-05-24 20:48:40,212 [pool-244-thread-1] INFO  server.RaftServerConfigKeys (ConfUtils.java:logGet(46)) - raft.server.log.statemachine.data.sync.timeout.retry = -1 (default)
2022-05-24 20:48:40,213 [pool-244-thread-1] INFO  server.RaftServerConfigKeys (ConfUtils.java:logGet(46)) - raft.server.log.write.buffer.size = 1048576 (custom)
2022-05-24 20:48:40,213 [pool-244-thread-1] INFO  server.RaftServerConfigKeys (ConfUtils.java:logGet(46)) - raft.server.log.unsafe-flush.enabled = false (default)
2022-05-24 20:48:40,213 [pool-244-thread-1] INFO  server.RaftServerConfigKeys (ConfUtils.java:logGet(46)) - raft.server.log.statemachine.data.caching.enabled = true (custom)
2022-05-24 20:48:40,213 [pool-244-thread-1] INFO  segmented.SegmentedRaftLogWorker (SegmentedRaftLogWorker.java:lambda$new$0(135)) - 6698ee5e-a134-4bdd-b88e-32be83df5062@group-463FC4B4C26A-SegmentedRaftLogWorker: flushIndex: setUnconditionally 0 -> -1
2022-05-24 20:48:40,213 [pool-244-thread-1] INFO  segmented.SegmentedRaftLogWorker (SegmentedRaftLogWorker.java:lambda$new$0(135)) - 6698ee5e-a134-4bdd-b88e-32be83df5062@group-463FC4B4C26A-SegmentedRaftLogWorker: safeCacheEvictIndex: setUnconditionally 0 -> -1
2022-05-24 20:48:40,214 [pool-244-thread-1] INFO  server.RaftServerConfigKeys (ConfUtils.java:logGet(46)) - raft.server.snapshot.auto.trigger.enabled = true (custom)
2022-05-24 20:48:40,214 [pool-244-thread-1] INFO  server.RaftServerConfigKeys (ConfUtils.java:logGet(46)) - raft.server.snapshot.auto.trigger.threshold = 10000 (custom)
2022-05-24 20:48:40,214 [pool-244-thread-1] INFO  server.RaftServerConfigKeys (ConfUtils.java:logGet(46)) - raft.server.snapshot.retention.file.num = 5 (custom)
2022-05-24 20:48:40,214 [pool-244-thread-1] INFO  server.RaftServerConfigKeys (ConfUtils.java:logGet(46)) - raft.server.log.purge.upto.snapshot.index = false (default)
2022-05-24 20:48:40,215 [pool-244-thread-1] INFO  server.RaftServerConfigKeys (ConfUtils.java:logGet(46)) - raft.server.retrycache.expirytime = 600000ms (custom)
2022-05-24 20:48:40,215 [pool-244-thread-1] INFO  server.RaftServerConfigKeys (ConfUtils.java:logGet(46)) - raft.server.retrycache.statistics.expirytime = 100μs (default)
2022-05-24 20:48:40,216 [pool-244-thread-1] INFO  server.RaftServerConfigKeys (ConfUtils.java:logGet(46)) - raft.server.log.appender.install.snapshot.enabled = false (custom)
2022-05-24 20:48:40,216 [pool-244-thread-1] INFO  server.RaftServerConfigKeys (ConfUtils.java:logGet(46)) - raft.server.threadpool.server.cached = true (default)
2022-05-24 20:48:40,216 [pool-244-thread-1] INFO  server.RaftServerConfigKeys (ConfUtils.java:logGet(46)) - raft.server.threadpool.server.size = 0 (default)
2022-05-24 20:48:40,216 [pool-244-thread-1] INFO  server.RaftServerConfigKeys (ConfUtils.java:logGet(46)) - raft.server.threadpool.client.cached = true (default)
2022-05-24 20:48:40,216 [pool-244-thread-1] INFO  server.RaftServerConfigKeys (ConfUtils.java:logGet(46)) - raft.server.threadpool.client.size = 0 (default)
2022-05-24 20:48:40,216 [pool-244-thread-1] INFO  server.RaftServer$Division (RaftServerImpl.java:start(310)) - 6698ee5e-a134-4bdd-b88e-32be83df5062@group-463FC4B4C26A: start as a follower, conf=-1: [6698ee5e-a134-4bdd-b88e-32be83df5062|rpc:10.1.0.30:36573|dataStream:|priority:0, bb19d869-0de0-4670-950d-961bc103e91c|rpc:10.1.0.30:46641|dataStream:|priority:0, 2d640a7f-eabf-4d86-860e-09f863e1ed92|rpc:10.1.0.30:32775|dataStream:|priority:1], old=null
2022-05-24 20:48:40,220 [pool-244-thread-1] INFO  server.RaftServer$Division (RaftServerImpl.java:setRole(299)) - 6698ee5e-a134-4bdd-b88e-32be83df5062@group-463FC4B4C26A: changes role from      null to FOLLOWER at term 0 for startAsFollower
2022-05-24 20:48:40,220 [pool-244-thread-1] INFO  impl.RoleInfo (RoleInfo.java:updateAndGet(139)) - 6698ee5e-a134-4bdd-b88e-32be83df5062: start 6698ee5e-a134-4bdd-b88e-32be83df5062@group-463FC4B4C26A-FollowerState
2022-05-24 20:48:40,227 [pool-244-thread-1] INFO  util.JmxRegister (JmxRegister.java:tryRegister(44)) - Successfully registered JMX Bean with object name Ratis:service=RaftServer,group=group-463FC4B4C26A,id=6698ee5e-a134-4bdd-b88e-32be83df5062
2022-05-24 20:48:40,232 [Command processor thread] INFO  commandhandler.CreatePipelineCommandHandler (CreatePipelineCommandHandler.java:handle(113)) - Created Pipeline RATIS THREE PipelineID=85d6c947-d5a2-4f3a-9931-463fc4b4c26a.
2022-05-24 20:48:40,458 [Command processor thread] INFO  server.RaftServer (RaftServerProxy.java:addNew(96)) - bb19d869-0de0-4670-950d-961bc103e91c: addNew group-AD1C2EF34614:[bb19d869-0de0-4670-950d-961bc103e91c|rpc:10.1.0.30:46641|priority:1] returns group-AD1C2EF34614:java.util.concurrent.CompletableFuture@8e23352[Not completed]
2022-05-24 20:48:40,459 [pool-222-thread-1] INFO  server.RaftServer$Division (RaftServerImpl.java:<init>(190)) - bb19d869-0de0-4670-950d-961bc103e91c: new RaftServerImpl for group-AD1C2EF34614:[bb19d869-0de0-4670-950d-961bc103e91c|rpc:10.1.0.30:46641|priority:1] with ContainerStateMachine:uninitialized
2022-05-24 20:48:40,459 [pool-222-thread-1] INFO  server.RaftServerConfigKeys (ConfUtils.java:logGet(46)) - raft.server.rpc.timeout.min = 5s (custom)
2022-05-24 20:48:40,459 [pool-222-thread-1] INFO  server.RaftServerConfigKeys (ConfUtils.java:logGet(46)) - raft.server.rpc.timeout.max = 5200ms (custom)
2022-05-24 20:48:40,460 [pool-222-thread-1] INFO  server.RaftServerConfigKeys (ConfUtils.java:logGet(46)) - raft.server.rpc.sleep.time = 25ms (default)
2022-05-24 20:48:40,460 [pool-222-thread-1] INFO  server.RaftServerConfigKeys (ConfUtils.java:logGet(46)) - raft.server.rpc.slowness.timeout = 300s (custom)
2022-05-24 20:48:40,460 [pool-222-thread-1] INFO  server.RaftServerConfigKeys (ConfUtils.java:logGet(46)) - raft.server.leaderelection.leader.step-down.wait-time = 10s (default)
2022-05-24 20:48:40,460 [pool-222-thread-1] INFO  server.RaftServerConfigKeys (ConfUtils.java:logGet(46)) - raft.server.sleep.deviation.threshold = 300ms (default)
2022-05-24 20:48:40,460 [pool-222-thread-1] INFO  server.RaftServer$Division (ServerState.java:<init>(107)) - bb19d869-0de0-4670-950d-961bc103e91c@group-AD1C2EF34614: ConfigurationManager, init=-1: [bb19d869-0de0-4670-950d-961bc103e91c|rpc:10.1.0.30:46641|priority:1], old=null, confs=<EMPTY_MAP>
2022-05-24 20:48:40,460 [pool-222-thread-1] INFO  server.RaftServerConfigKeys (ConfUtils.java:logGet(46)) - raft.server.storage.dir = [/home/runner/work/ozone/ozone/hadoop-ozone/integration-test/target/test-dir/MiniOzoneClusterImpl-68ae5bae-a44d-4587-ae52-251ec6d3fd1e/datanode-7/data/ratis] (custom)
2022-05-24 20:48:40,460 [pool-222-thread-1] INFO  server.RaftServerConfigKeys (ConfUtils.java:logGet(46)) - raft.server.log.corruption.policy = EXCEPTION (default)
2022-05-24 20:48:40,460 [pool-222-thread-1] INFO  server.RaftServerConfigKeys (ConfUtils.java:logGet(46)) - raft.server.storage.free-space.min = 0MB (=0) (default)
2022-05-24 20:48:40,460 [pool-222-thread-1] INFO  storage.RaftStorageDirectory (RaftStorageDirectoryImpl.java:analyzeStorage(135)) - The storage directory /home/runner/work/ozone/ozone/hadoop-ozone/integration-test/target/test-dir/MiniOzoneClusterImpl-68ae5bae-a44d-4587-ae52-251ec6d3fd1e/datanode-7/data/ratis/94f53636-520b-47cc-958c-ad1c2ef34614 does not exist. Creating ...
2022-05-24 20:48:40,462 [pool-222-thread-1] INFO  storage.RaftStorageDirectory (RaftStorageDirectoryImpl.java:tryLock(230)) - Lock on /home/runner/work/ozone/ozone/hadoop-ozone/integration-test/target/test-dir/MiniOzoneClusterImpl-68ae5bae-a44d-4587-ae52-251ec6d3fd1e/datanode-7/data/ratis/94f53636-520b-47cc-958c-ad1c2ef34614/in_use.lock acquired by nodename 28664@fv-az122-930
2022-05-24 20:48:40,463 [pool-222-thread-1] INFO  storage.RaftStorage (RaftStorageImpl.java:format(89)) - Storage directory /home/runner/work/ozone/ozone/hadoop-ozone/integration-test/target/test-dir/MiniOzoneClusterImpl-68ae5bae-a44d-4587-ae52-251ec6d3fd1e/datanode-7/data/ratis/94f53636-520b-47cc-958c-ad1c2ef34614 has been successfully formatted.
2022-05-24 20:48:40,464 [pool-222-thread-1] INFO  ratis.ContainerStateMachine (ContainerStateMachine.java:loadSnapshot(236)) - group-AD1C2EF34614: The snapshot info is null. Setting the last applied indexto:(t:0, i:~)
2022-05-24 20:48:40,464 [pool-222-thread-1] INFO  server.RaftServerConfigKeys (ConfUtils.java:logGet(46)) - raft.server.notification.no-leader.timeout = 300s (custom)
2022-05-24 20:48:40,464 [pool-222-thread-1] INFO  server.RaftServerConfigKeys (ConfUtils.java:logGet(46)) - raft.server.log.use.memory = false (default)
2022-05-24 20:48:40,464 [pool-222-thread-1] INFO  server.RaftServerConfigKeys (ConfUtils.java:logGet(46)) - raft.server.log.purge.gap = 1000000 (custom)
2022-05-24 20:48:40,464 [pool-222-thread-1] INFO  server.RaftServerConfigKeys (ConfUtils.java:logGet(46)) - raft.server.log.appender.buffer.byte-limit = 33554432 (custom)
2022-05-24 20:48:40,464 [pool-222-thread-1] INFO  server.RaftServerConfigKeys (ConfUtils.java:logGet(46)) - raft.server.log.statemachine.data.read.timeout = 1000ms (default)
2022-05-24 20:48:40,465 [EventQueue-PipelineReportForPipelineReportHandler] INFO  pipeline.PipelineManagerImpl (PipelineManagerImpl.java:openPipeline(336)) - Pipeline Pipeline[ Id: 94f53636-520b-47cc-958c-ad1c2ef34614, Nodes: bb19d869-0de0-4670-950d-961bc103e91c{ip: 10.1.0.30, host: fv-az122-930.eh24crq5omsuteaqbma5cv3ijc.phxx.internal.cloudapp.net, ports: [REPLICATION=40213, RATIS=46641, RATIS_ADMIN=46641, RATIS_SERVER=46641, STANDALONE=35483], networkLocation: /default-rack, certSerialId: null, persistedOpState: IN_SERVICE, persistedOpStateExpiryEpochSec: 0}, ReplicationConfig: RATIS/ONE, State:ALLOCATED, leaderId:bb19d869-0de0-4670-950d-961bc103e91c, CreationTimestamp2022-05-24T20:48:37.464Z[Etc/UTC]] moved to OPEN state
2022-05-24 20:48:40,466 [EventQueue-OpenPipelineForHealthyPipelineSafeModeRule] INFO  safemode.SCMSafeModeManager (HealthyPipelineSafeModeRule.java:process(124)) - SCM in safe mode. Healthy pipelines reported count is 0, required healthy pipeline reported count is 1
2022-05-24 20:48:40,466 [pool-222-thread-1] INFO  server.RaftServerConfigKeys (ConfUtils.java:logGet(46)) - raft.server.log.segment.size.max = 1048576 (custom)
2022-05-24 20:48:40,468 [pool-222-thread-1] INFO  server.RaftServerConfigKeys (ConfUtils.java:logGet(46)) - raft.server.log.segment.cache.num.max = 2 (custom)
2022-05-24 20:48:40,468 [pool-222-thread-1] INFO  server.RaftServerConfigKeys (ConfUtils.java:logGet(46)) - raft.server.log.segment.cache.size.max = 200MB (=209715200) (default)
2022-05-24 20:48:40,468 [pool-222-thread-1] INFO  segmented.SegmentedRaftLogWorker (SegmentedRaftLogWorker.java:<init>(187)) - new bb19d869-0de0-4670-950d-961bc103e91c@group-AD1C2EF34614-SegmentedRaftLogWorker for RaftStorageImpl:Storage Directory /home/runner/work/ozone/ozone/hadoop-ozone/integration-test/target/test-dir/MiniOzoneClusterImpl-68ae5bae-a44d-4587-ae52-251ec6d3fd1e/datanode-7/data/ratis/94f53636-520b-47cc-958c-ad1c2ef34614
2022-05-24 20:48:40,468 [pool-222-thread-1] INFO  server.RaftServerConfigKeys (ConfUtils.java:logGet(46)) - raft.server.log.queue.byte-limit = 4294967296 (custom)
2022-05-24 20:48:40,468 [pool-222-thread-1] INFO  server.RaftServerConfigKeys (ConfUtils.java:logGet(46)) - raft.server.log.queue.element-limit = 1024 (custom)
2022-05-24 20:48:40,468 [pool-222-thread-1] INFO  server.RaftServerConfigKeys (ConfUtils.java:logGet(46)) - raft.server.log.segment.size.max = 1048576 (custom)
2022-05-24 20:48:40,468 [pool-222-thread-1] INFO  server.RaftServerConfigKeys (ConfUtils.java:logGet(46)) - raft.server.log.preallocated.size = 16384 (custom)
2022-05-24 20:48:40,468 [pool-222-thread-1] INFO  server.RaftServerConfigKeys (ConfUtils.java:logGet(46)) - raft.server.log.force.sync.num = 128 (default)
2022-05-24 20:48:40,468 [pool-222-thread-1] INFO  server.RaftServerConfigKeys (ConfUtils.java:logGet(46)) - raft.server.log.statemachine.data.sync = true (default)
2022-05-24 20:48:40,468 [pool-222-thread-1] INFO  server.RaftServerConfigKeys (ConfUtils.java:logGet(46)) - raft.server.log.statemachine.data.sync.timeout = 10s (default)
2022-05-24 20:48:40,468 [pool-222-thread-1] INFO  server.RaftServerConfigKeys (ConfUtils.java:logGet(46)) - raft.server.log.statemachine.data.sync.timeout.retry = -1 (default)
2022-05-24 20:48:40,469 [pool-222-thread-1] INFO  server.RaftServerConfigKeys (ConfUtils.java:logGet(46)) - raft.server.log.write.buffer.size = 1048576 (custom)
2022-05-24 20:48:40,470 [pool-222-thread-1] INFO  server.RaftServerConfigKeys (ConfUtils.java:logGet(46)) - raft.server.log.unsafe-flush.enabled = false (default)
2022-05-24 20:48:40,470 [pool-222-thread-1] INFO  server.RaftServerConfigKeys (ConfUtils.java:logGet(46)) - raft.server.log.statemachine.data.caching.enabled = true (custom)
2022-05-24 20:48:40,470 [pool-222-thread-1] INFO  segmented.SegmentedRaftLogWorker (SegmentedRaftLogWorker.java:lambda$new$0(135)) - bb19d869-0de0-4670-950d-961bc103e91c@group-AD1C2EF34614-SegmentedRaftLogWorker: flushIndex: setUnconditionally 0 -> -1
2022-05-24 20:48:40,470 [pool-222-thread-1] INFO  segmented.SegmentedRaftLogWorker (SegmentedRaftLogWorker.java:lambda$new$0(135)) - bb19d869-0de0-4670-950d-961bc103e91c@group-AD1C2EF34614-SegmentedRaftLogWorker: safeCacheEvictIndex: setUnconditionally 0 -> -1
2022-05-24 20:48:40,471 [pool-222-thread-1] INFO  server.RaftServerConfigKeys (ConfUtils.java:logGet(46)) - raft.server.snapshot.auto.trigger.enabled = true (custom)
2022-05-24 20:48:40,471 [pool-222-thread-1] INFO  server.RaftServerConfigKeys (ConfUtils.java:logGet(46)) - raft.server.snapshot.auto.trigger.threshold = 10000 (custom)
2022-05-24 20:48:40,471 [pool-222-thread-1] INFO  server.RaftServerConfigKeys (ConfUtils.java:logGet(46)) - raft.server.snapshot.retention.file.num = 5 (custom)
2022-05-24 20:48:40,471 [pool-222-thread-1] INFO  server.RaftServerConfigKeys (ConfUtils.java:logGet(46)) - raft.server.log.purge.upto.snapshot.index = false (default)
2022-05-24 20:48:40,471 [pool-222-thread-1] INFO  server.RaftServerConfigKeys (ConfUtils.java:logGet(46)) - raft.server.retrycache.expirytime = 600000ms (custom)
2022-05-24 20:48:40,471 [pool-222-thread-1] INFO  server.RaftServerConfigKeys (ConfUtils.java:logGet(46)) - raft.server.retrycache.statistics.expirytime = 100μs (default)
2022-05-24 20:48:40,472 [pool-222-thread-1] INFO  server.RaftServerConfigKeys (ConfUtils.java:logGet(46)) - raft.server.log.appender.install.snapshot.enabled = false (custom)
2022-05-24 20:48:40,472 [pool-222-thread-1] INFO  server.RaftServerConfigKeys (ConfUtils.java:logGet(46)) - raft.server.threadpool.server.cached = true (default)
2022-05-24 20:48:40,472 [pool-222-thread-1] INFO  server.RaftServerConfigKeys (ConfUtils.java:logGet(46)) - raft.server.threadpool.server.size = 0 (default)
2022-05-24 20:48:40,472 [pool-222-thread-1] INFO  server.RaftServerConfigKeys (ConfUtils.java:logGet(46)) - raft.server.threadpool.client.cached = true (default)
2022-05-24 20:48:40,472 [pool-222-thread-1] INFO  server.RaftServerConfigKeys (ConfUtils.java:logGet(46)) - raft.server.threadpool.client.size = 0 (default)
2022-05-24 20:48:40,472 [pool-222-thread-1] INFO  server.RaftServer$Division (RaftServerImpl.java:start(310)) - bb19d869-0de0-4670-950d-961bc103e91c@group-AD1C2EF34614: start as a follower, conf=-1: [bb19d869-0de0-4670-950d-961bc103e91c|rpc:10.1.0.30:46641|priority:1], old=null
2022-05-24 20:48:40,472 [pool-222-thread-1] INFO  server.RaftServer$Division (RaftServerImpl.java:setRole(299)) - bb19d869-0de0-4670-950d-961bc103e91c@group-AD1C2EF34614: changes role from      null to FOLLOWER at term 0 for startAsFollower
2022-05-24 20:48:40,472 [pool-222-thread-1] INFO  impl.RoleInfo (RoleInfo.java:updateAndGet(139)) - bb19d869-0de0-4670-950d-961bc103e91c: start bb19d869-0de0-4670-950d-961bc103e91c@group-AD1C2EF34614-FollowerState
2022-05-24 20:48:40,473 [pool-222-thread-1] INFO  util.JmxRegister (JmxRegister.java:tryRegister(44)) - Successfully registered JMX Bean with object name Ratis:service=RaftServer,group=group-AD1C2EF34614,id=bb19d869-0de0-4670-950d-961bc103e91c
2022-05-24 20:48:40,475 [Command processor thread] INFO  ratis.XceiverServerRatis (XceiverServerRatis.java:addGroup(765)) - Created group PipelineID=94f53636-520b-47cc-958c-ad1c2ef34614
2022-05-24 20:48:40,476 [Command processor thread] INFO  commandhandler.CreatePipelineCommandHandler (CreatePipelineCommandHandler.java:handle(113)) - Created Pipeline RATIS ONE PipelineID=94f53636-520b-47cc-958c-ad1c2ef34614.
2022-05-24 20:48:40,752 [Command processor thread] INFO  server.RaftServer (RaftServerProxy.java:addNew(96)) - 6698ee5e-a134-4bdd-b88e-32be83df5062: addNew group-7FBFCC078974:[6698ee5e-a134-4bdd-b88e-32be83df5062|rpc:10.1.0.30:36573|priority:1] returns group-7FBFCC078974:java.util.concurrent.CompletableFuture@6fdcc890[Not completed]
2022-05-24 20:48:40,753 [pool-244-thread-1] INFO  server.RaftServer$Division (RaftServerImpl.java:<init>(190)) - 6698ee5e-a134-4bdd-b88e-32be83df5062: new RaftServerImpl for group-7FBFCC078974:[6698ee5e-a134-4bdd-b88e-32be83df5062|rpc:10.1.0.30:36573|priority:1] with ContainerStateMachine:uninitialized
2022-05-24 20:48:40,753 [pool-244-thread-1] INFO  server.RaftServerConfigKeys (ConfUtils.java:logGet(46)) - raft.server.rpc.timeout.min = 5s (custom)
2022-05-24 20:48:40,754 [pool-244-thread-1] INFO  server.RaftServerConfigKeys (ConfUtils.java:logGet(46)) - raft.server.rpc.timeout.max = 5200ms (custom)
2022-05-24 20:48:40,754 [pool-244-thread-1] INFO  server.RaftServerConfigKeys (ConfUtils.java:logGet(46)) - raft.server.rpc.sleep.time = 25ms (default)
2022-05-24 20:48:40,754 [pool-244-thread-1] INFO  server.RaftServerConfigKeys (ConfUtils.java:logGet(46)) - raft.server.rpc.slowness.timeout = 300s (custom)
2022-05-24 20:48:40,754 [pool-244-thread-1] INFO  server.RaftServerConfigKeys (ConfUtils.java:logGet(46)) - raft.server.leaderelection.leader.step-down.wait-time = 10s (default)
2022-05-24 20:48:40,754 [pool-244-thread-1] INFO  server.RaftServerConfigKeys (ConfUtils.java:logGet(46)) - raft.server.sleep.deviation.threshold = 300ms (default)
2022-05-24 20:48:40,754 [pool-244-thread-1] INFO  server.RaftServer$Division (ServerState.java:<init>(107)) - 6698ee5e-a134-4bdd-b88e-32be83df5062@group-7FBFCC078974: ConfigurationManager, init=-1: [6698ee5e-a134-4bdd-b88e-32be83df5062|rpc:10.1.0.30:36573|priority:1], old=null, confs=<EMPTY_MAP>
2022-05-24 20:48:40,754 [pool-244-thread-1] INFO  server.RaftServerConfigKeys (ConfUtils.java:logGet(46)) - raft.server.storage.dir = [/home/runner/work/ozone/ozone/hadoop-ozone/integration-test/target/test-dir/MiniOzoneClusterImpl-68ae5bae-a44d-4587-ae52-251ec6d3fd1e/datanode-8/data/ratis] (custom)
2022-05-24 20:48:40,754 [pool-244-thread-1] INFO  server.RaftServerConfigKeys (ConfUtils.java:logGet(46)) - raft.server.log.corruption.policy = EXCEPTION (default)
2022-05-24 20:48:40,754 [pool-244-thread-1] INFO  server.RaftServerConfigKeys (ConfUtils.java:logGet(46)) - raft.server.storage.free-space.min = 0MB (=0) (default)
2022-05-24 20:48:40,754 [pool-244-thread-1] INFO  storage.RaftStorageDirectory (RaftStorageDirectoryImpl.java:analyzeStorage(135)) - The storage directory /home/runner/work/ozone/ozone/hadoop-ozone/integration-test/target/test-dir/MiniOzoneClusterImpl-68ae5bae-a44d-4587-ae52-251ec6d3fd1e/datanode-8/data/ratis/b350c68d-8b78-4c10-a6d5-7fbfcc078974 does not exist. Creating ...
2022-05-24 20:48:40,756 [pool-244-thread-1] INFO  storage.RaftStorageDirectory (RaftStorageDirectoryImpl.java:tryLock(230)) - Lock on /home/runner/work/ozone/ozone/hadoop-ozone/integration-test/target/test-dir/MiniOzoneClusterImpl-68ae5bae-a44d-4587-ae52-251ec6d3fd1e/datanode-8/data/ratis/b350c68d-8b78-4c10-a6d5-7fbfcc078974/in_use.lock acquired by nodename 28664@fv-az122-930
2022-05-24 20:48:40,757 [pool-244-thread-1] INFO  storage.RaftStorage (RaftStorageImpl.java:format(89)) - Storage directory /home/runner/work/ozone/ozone/hadoop-ozone/integration-test/target/test-dir/MiniOzoneClusterImpl-68ae5bae-a44d-4587-ae52-251ec6d3fd1e/datanode-8/data/ratis/b350c68d-8b78-4c10-a6d5-7fbfcc078974 has been successfully formatted.
2022-05-24 20:48:40,759 [EventQueue-PipelineReportForPipelineReportHandler] INFO  pipeline.PipelineManagerImpl (PipelineManagerImpl.java:openPipeline(336)) - Pipeline Pipeline[ Id: b350c68d-8b78-4c10-a6d5-7fbfcc078974, Nodes: 6698ee5e-a134-4bdd-b88e-32be83df5062{ip: 10.1.0.30, host: fv-az122-930.eh24crq5omsuteaqbma5cv3ijc.phxx.internal.cloudapp.net, ports: [REPLICATION=39233, RATIS=36573, RATIS_ADMIN=36573, RATIS_SERVER=36573, STANDALONE=35225], networkLocation: /default-rack, certSerialId: null, persistedOpState: IN_SERVICE, persistedOpStateExpiryEpochSec: 0}, ReplicationConfig: RATIS/ONE, State:ALLOCATED, leaderId:6698ee5e-a134-4bdd-b88e-32be83df5062, CreationTimestamp2022-05-24T20:48:37.760Z[Etc/UTC]] moved to OPEN state
2022-05-24 20:48:40,759 [pool-244-thread-1] INFO  ratis.ContainerStateMachine (ContainerStateMachine.java:loadSnapshot(236)) - group-7FBFCC078974: The snapshot info is null. Setting the last applied indexto:(t:0, i:~)
2022-05-24 20:48:40,759 [pool-244-thread-1] INFO  server.RaftServerConfigKeys (ConfUtils.java:logGet(46)) - raft.server.notification.no-leader.timeout = 300s (custom)
2022-05-24 20:48:40,759 [EventQueue-OpenPipelineForHealthyPipelineSafeModeRule] INFO  safemode.SCMSafeModeManager (HealthyPipelineSafeModeRule.java:process(124)) - SCM in safe mode. Healthy pipelines reported count is 0, required healthy pipeline reported count is 1
2022-05-24 20:48:40,759 [pool-244-thread-1] INFO  server.RaftServerConfigKeys (ConfUtils.java:logGet(46)) - raft.server.log.use.memory = false (default)
2022-05-24 20:48:40,762 [pool-244-thread-1] INFO  server.RaftServerConfigKeys (ConfUtils.java:logGet(46)) - raft.server.log.purge.gap = 1000000 (custom)
2022-05-24 20:48:40,762 [pool-244-thread-1] INFO  server.RaftServerConfigKeys (ConfUtils.java:logGet(46)) - raft.server.log.appender.buffer.byte-limit = 33554432 (custom)
2022-05-24 20:48:40,762 [pool-244-thread-1] INFO  server.RaftServerConfigKeys (ConfUtils.java:logGet(46)) - raft.server.log.statemachine.data.read.timeout = 1000ms (default)
2022-05-24 20:48:40,763 [pool-244-thread-1] INFO  server.RaftServerConfigKeys (ConfUtils.java:logGet(46)) - raft.server.log.segment.size.max = 1048576 (custom)
2022-05-24 20:48:40,763 [pool-244-thread-1] INFO  server.RaftServerConfigKeys (ConfUtils.java:logGet(46)) - raft.server.log.segment.cache.num.max = 2 (custom)
2022-05-24 20:48:40,763 [pool-244-thread-1] INFO  server.RaftServerConfigKeys (ConfUtils.java:logGet(46)) - raft.server.log.segment.cache.size.max = 200MB (=209715200) (default)
2022-05-24 20:48:40,763 [pool-244-thread-1] INFO  segmented.SegmentedRaftLogWorker (SegmentedRaftLogWorker.java:<init>(187)) - new 6698ee5e-a134-4bdd-b88e-32be83df5062@group-7FBFCC078974-SegmentedRaftLogWorker for RaftStorageImpl:Storage Directory /home/runner/work/ozone/ozone/hadoop-ozone/integration-test/target/test-dir/MiniOzoneClusterImpl-68ae5bae-a44d-4587-ae52-251ec6d3fd1e/datanode-8/data/ratis/b350c68d-8b78-4c10-a6d5-7fbfcc078974
2022-05-24 20:48:40,763 [pool-244-thread-1] INFO  server.RaftServerConfigKeys (ConfUtils.java:logGet(46)) - raft.server.log.queue.byte-limit = 4294967296 (custom)
2022-05-24 20:48:40,763 [pool-244-thread-1] INFO  server.RaftServerConfigKeys (ConfUtils.java:logGet(46)) - raft.server.log.queue.element-limit = 1024 (custom)
2022-05-24 20:48:40,763 [pool-244-thread-1] INFO  server.RaftServerConfigKeys (ConfUtils.java:logGet(46)) - raft.server.log.segment.size.max = 1048576 (custom)
2022-05-24 20:48:40,763 [pool-244-thread-1] INFO  server.RaftServerConfigKeys (ConfUtils.java:logGet(46)) - raft.server.log.preallocated.size = 16384 (custom)
2022-05-24 20:48:40,763 [pool-244-thread-1] INFO  server.RaftServerConfigKeys (ConfUtils.java:logGet(46)) - raft.server.log.force.sync.num = 128 (default)
2022-05-24 20:48:40,763 [pool-244-thread-1] INFO  server.RaftServerConfigKeys (ConfUtils.java:logGet(46)) - raft.server.log.statemachine.data.sync = true (default)
2022-05-24 20:48:40,763 [pool-244-thread-1] INFO  server.RaftServerConfigKeys (ConfUtils.java:logGet(46)) - raft.server.log.statemachine.data.sync.timeout = 10s (default)
2022-05-24 20:48:40,763 [pool-244-thread-1] INFO  server.RaftServerConfigKeys (ConfUtils.java:logGet(46)) - raft.server.log.statemachine.data.sync.timeout.retry = -1 (default)
2022-05-24 20:48:40,764 [pool-244-thread-1] INFO  server.RaftServerConfigKeys (ConfUtils.java:logGet(46)) - raft.server.log.write.buffer.size = 1048576 (custom)
2022-05-24 20:48:40,765 [pool-244-thread-1] INFO  server.RaftServerConfigKeys (ConfUtils.java:logGet(46)) - raft.server.log.unsafe-flush.enabled = false (default)
2022-05-24 20:48:40,765 [pool-244-thread-1] INFO  server.RaftServerConfigKeys (ConfUtils.java:logGet(46)) - raft.server.log.statemachine.data.caching.enabled = true (custom)
2022-05-24 20:48:40,765 [pool-244-thread-1] INFO  segmented.SegmentedRaftLogWorker (SegmentedRaftLogWorker.java:lambda$new$0(135)) - 6698ee5e-a134-4bdd-b88e-32be83df5062@group-7FBFCC078974-SegmentedRaftLogWorker: flushIndex: setUnconditionally 0 -> -1
2022-05-24 20:48:40,765 [pool-244-thread-1] INFO  segmented.SegmentedRaftLogWorker (SegmentedRaftLogWorker.java:lambda$new$0(135)) - 6698ee5e-a134-4bdd-b88e-32be83df5062@group-7FBFCC078974-SegmentedRaftLogWorker: safeCacheEvictIndex: setUnconditionally 0 -> -1
2022-05-24 20:48:40,766 [pool-244-thread-1] INFO  server.RaftServerConfigKeys (ConfUtils.java:logGet(46)) - raft.server.snapshot.auto.trigger.enabled = true (custom)
2022-05-24 20:48:40,766 [pool-244-thread-1] INFO  server.RaftServerConfigKeys (ConfUtils.java:logGet(46)) - raft.server.snapshot.auto.trigger.threshold = 10000 (custom)
2022-05-24 20:48:40,767 [pool-244-thread-1] INFO  server.RaftServerConfigKeys (ConfUtils.java:logGet(46)) - raft.server.snapshot.retention.file.num = 5 (custom)
2022-05-24 20:48:40,767 [pool-244-thread-1] INFO  server.RaftServerConfigKeys (ConfUtils.java:logGet(46)) - raft.server.log.purge.upto.snapshot.index = false (default)
2022-05-24 20:48:40,767 [pool-244-thread-1] INFO  server.RaftServerConfigKeys (ConfUtils.java:logGet(46)) - raft.server.retrycache.expirytime = 600000ms (custom)
2022-05-24 20:48:40,767 [pool-244-thread-1] INFO  server.RaftServerConfigKeys (ConfUtils.java:logGet(46)) - raft.server.retrycache.statistics.expirytime = 100μs (default)
2022-05-24 20:48:40,768 [pool-244-thread-1] INFO  server.RaftServerConfigKeys (ConfUtils.java:logGet(46)) - raft.server.log.appender.install.snapshot.enabled = false (custom)
2022-05-24 20:48:40,768 [pool-244-thread-1] INFO  server.RaftServerConfigKeys (ConfUtils.java:logGet(46)) - raft.server.threadpool.server.cached = true (default)
2022-05-24 20:48:40,768 [pool-244-thread-1] INFO  server.RaftServerConfigKeys (ConfUtils.java:logGet(46)) - raft.server.threadpool.server.size = 0 (default)
2022-05-24 20:48:40,768 [pool-244-thread-1] INFO  server.RaftServerConfigKeys (ConfUtils.java:logGet(46)) - raft.server.threadpool.client.cached = true (default)
2022-05-24 20:48:40,768 [pool-244-thread-1] INFO  server.RaftServerConfigKeys (ConfUtils.java:logGet(46)) - raft.server.threadpool.client.size = 0 (default)
2022-05-24 20:48:40,768 [pool-244-thread-1] INFO  server.RaftServer$Division (RaftServerImpl.java:start(310)) - 6698ee5e-a134-4bdd-b88e-32be83df5062@group-7FBFCC078974: start as a follower, conf=-1: [6698ee5e-a134-4bdd-b88e-32be83df5062|rpc:10.1.0.30:36573|priority:1], old=null
2022-05-24 20:48:40,768 [pool-244-thread-1] INFO  server.RaftServer$Division (RaftServerImpl.java:setRole(299)) - 6698ee5e-a134-4bdd-b88e-32be83df5062@group-7FBFCC078974: changes role from      null to FOLLOWER at term 0 for startAsFollower
2022-05-24 20:48:40,768 [pool-244-thread-1] INFO  impl.RoleInfo (RoleInfo.java:updateAndGet(139)) - 6698ee5e-a134-4bdd-b88e-32be83df5062: start 6698ee5e-a134-4bdd-b88e-32be83df5062@group-7FBFCC078974-FollowerState
2022-05-24 20:48:40,769 [pool-244-thread-1] INFO  util.JmxRegister (JmxRegister.java:tryRegister(44)) - Successfully registered JMX Bean with object name Ratis:service=RaftServer,group=group-7FBFCC078974,id=6698ee5e-a134-4bdd-b88e-32be83df5062
2022-05-24 20:48:40,769 [Command processor thread] INFO  ratis.XceiverServerRatis (XceiverServerRatis.java:addGroup(765)) - Created group PipelineID=b350c68d-8b78-4c10-a6d5-7fbfcc078974
2022-05-24 20:48:40,769 [Command processor thread] INFO  commandhandler.CreatePipelineCommandHandler (CreatePipelineCommandHandler.java:handle(113)) - Created Pipeline RATIS ONE PipelineID=b350c68d-8b78-4c10-a6d5-7fbfcc078974.
2022-05-24 20:48:41,077 [Listener at 127.0.0.1/44485] INFO  ozone.MiniOzoneClusterImpl (MiniOzoneClusterImpl.java:lambda$waitForClusterToBeReady$0(221)) - Nodes are ready. Got 10 of 10 DN Heartbeats.
2022-05-24 20:48:41,078 [Listener at 127.0.0.1/44485] INFO  ozone.MiniOzoneClusterImpl (MiniOzoneClusterImpl.java:lambda$waitForClusterToBeReady$0(224)) - Waiting for cluster to exit safe mode
2022-05-24 20:48:41,078 [Listener at 127.0.0.1/44485] INFO  ozone.MiniOzoneClusterImpl (MiniOzoneClusterImpl.java:lambda$waitForClusterToBeReady$0(226)) - SCM became leader
2022-05-24 20:48:41,080 [Command processor thread] INFO  server.RaftServer (RaftServerProxy.java:addNew(96)) - 96b502b3-baca-4757-9843-c23b848e6fef: addNew group-909E496902BE:[96b502b3-baca-4757-9843-c23b848e6fef|rpc:10.1.0.30:43169|priority:1] returns group-909E496902BE:java.util.concurrent.CompletableFuture@72f743fe[Not completed]
2022-05-24 20:48:41,081 [pool-266-thread-1] INFO  server.RaftServer$Division (RaftServerImpl.java:<init>(190)) - 96b502b3-baca-4757-9843-c23b848e6fef: new RaftServerImpl for group-909E496902BE:[96b502b3-baca-4757-9843-c23b848e6fef|rpc:10.1.0.30:43169|priority:1] with ContainerStateMachine:uninitialized
2022-05-24 20:48:41,081 [pool-266-thread-1] INFO  server.RaftServerConfigKeys (ConfUtils.java:logGet(46)) - raft.server.rpc.timeout.min = 5s (custom)
2022-05-24 20:48:41,081 [pool-266-thread-1] INFO  server.RaftServerConfigKeys (ConfUtils.java:logGet(46)) - raft.server.rpc.timeout.max = 5200ms (custom)
2022-05-24 20:48:41,081 [pool-266-thread-1] INFO  server.RaftServerConfigKeys (ConfUtils.java:logGet(46)) - raft.server.rpc.sleep.time = 25ms (default)
2022-05-24 20:48:41,081 [pool-266-thread-1] INFO  server.RaftServerConfigKeys (ConfUtils.java:logGet(46)) - raft.server.rpc.slowness.timeout = 300s (custom)
2022-05-24 20:48:41,081 [pool-266-thread-1] INFO  server.RaftServerConfigKeys (ConfUtils.java:logGet(46)) - raft.server.leaderelection.leader.step-down.wait-time = 10s (default)
2022-05-24 20:48:41,081 [pool-266-thread-1] INFO  server.RaftServerConfigKeys (ConfUtils.java:logGet(46)) - raft.server.sleep.deviation.threshold = 300ms (default)
2022-05-24 20:48:41,081 [pool-266-thread-1] INFO  server.RaftServer$Division (ServerState.java:<init>(107)) - 96b502b3-baca-4757-9843-c23b848e6fef@group-909E496902BE: ConfigurationManager, init=-1: [96b502b3-baca-4757-9843-c23b848e6fef|rpc:10.1.0.30:43169|priority:1], old=null, confs=<EMPTY_MAP>
2022-05-24 20:48:41,081 [pool-266-thread-1] INFO  server.RaftServerConfigKeys (ConfUtils.java:logGet(46)) - raft.server.storage.dir = [/home/runner/work/ozone/ozone/hadoop-ozone/integration-test/target/test-dir/MiniOzoneClusterImpl-68ae5bae-a44d-4587-ae52-251ec6d3fd1e/datanode-9/data/ratis] (custom)
2022-05-24 20:48:41,082 [pool-266-thread-1] INFO  server.RaftServerConfigKeys (ConfUtils.java:logGet(46)) - raft.server.log.corruption.policy = EXCEPTION (default)
2022-05-24 20:48:41,082 [pool-266-thread-1] INFO  server.RaftServerConfigKeys (ConfUtils.java:logGet(46)) - raft.server.storage.free-space.min = 0MB (=0) (default)
2022-05-24 20:48:41,082 [pool-266-thread-1] INFO  storage.RaftStorageDirectory (RaftStorageDirectoryImpl.java:analyzeStorage(135)) - The storage directory /home/runner/work/ozone/ozone/hadoop-ozone/integration-test/target/test-dir/MiniOzoneClusterImpl-68ae5bae-a44d-4587-ae52-251ec6d3fd1e/datanode-9/data/ratis/87e8957f-fb49-45c1-81b1-909e496902be does not exist. Creating ...
2022-05-24 20:48:41,083 [pool-266-thread-1] INFO  storage.RaftStorageDirectory (RaftStorageDirectoryImpl.java:tryLock(230)) - Lock on /home/runner/work/ozone/ozone/hadoop-ozone/integration-test/target/test-dir/MiniOzoneClusterImpl-68ae5bae-a44d-4587-ae52-251ec6d3fd1e/datanode-9/data/ratis/87e8957f-fb49-45c1-81b1-909e496902be/in_use.lock acquired by nodename 28664@fv-az122-930
2022-05-24 20:48:41,084 [pool-266-thread-1] INFO  storage.RaftStorage (RaftStorageImpl.java:format(89)) - Storage directory /home/runner/work/ozone/ozone/hadoop-ozone/integration-test/target/test-dir/MiniOzoneClusterImpl-68ae5bae-a44d-4587-ae52-251ec6d3fd1e/datanode-9/data/ratis/87e8957f-fb49-45c1-81b1-909e496902be has been successfully formatted.
2022-05-24 20:48:41,085 [pool-266-thread-1] INFO  ratis.ContainerStateMachine (ContainerStateMachine.java:loadSnapshot(236)) - group-909E496902BE: The snapshot info is null. Setting the last applied indexto:(t:0, i:~)
2022-05-24 20:48:41,085 [pool-266-thread-1] INFO  server.RaftServerConfigKeys (ConfUtils.java:logGet(46)) - raft.server.notification.no-leader.timeout = 300s (custom)
2022-05-24 20:48:41,085 [pool-266-thread-1] INFO  server.RaftServerConfigKeys (ConfUtils.java:logGet(46)) - raft.server.log.use.memory = false (default)
2022-05-24 20:48:41,085 [pool-266-thread-1] INFO  server.RaftServerConfigKeys (ConfUtils.java:logGet(46)) - raft.server.log.purge.gap = 1000000 (custom)
2022-05-24 20:48:41,085 [pool-266-thread-1] INFO  server.RaftServerConfigKeys (ConfUtils.java:logGet(46)) - raft.server.log.appender.buffer.byte-limit = 33554432 (custom)
2022-05-24 20:48:41,085 [pool-266-thread-1] INFO  server.RaftServerConfigKeys (ConfUtils.java:logGet(46)) - raft.server.log.statemachine.data.read.timeout = 1000ms (default)
2022-05-24 20:48:41,085 [pool-266-thread-1] INFO  server.RaftServerConfigKeys (ConfUtils.java:logGet(46)) - raft.server.log.segment.size.max = 1048576 (custom)
2022-05-24 20:48:41,086 [EventQueue-PipelineReportForPipelineReportHandler] INFO  pipeline.PipelineManagerImpl (PipelineManagerImpl.java:openPipeline(336)) - Pipeline Pipeline[ Id: 87e8957f-fb49-45c1-81b1-909e496902be, Nodes: 96b502b3-baca-4757-9843-c23b848e6fef{ip: 10.1.0.30, host: fv-az122-930.eh24crq5omsuteaqbma5cv3ijc.phxx.internal.cloudapp.net, ports: [REPLICATION=43881, RATIS=43169, RATIS_ADMIN=43169, RATIS_SERVER=43169, STANDALONE=35809], networkLocation: /default-rack, certSerialId: null, persistedOpState: IN_SERVICE, persistedOpStateExpiryEpochSec: 0}, ReplicationConfig: RATIS/ONE, State:ALLOCATED, leaderId:96b502b3-baca-4757-9843-c23b848e6fef, CreationTimestamp2022-05-24T20:48:38.082Z[Etc/UTC]] moved to OPEN state
2022-05-24 20:48:41,086 [EventQueue-OpenPipelineForHealthyPipelineSafeModeRule] INFO  safemode.SCMSafeModeManager (HealthyPipelineSafeModeRule.java:process(124)) - SCM in safe mode. Healthy pipelines reported count is 0, required healthy pipeline reported count is 1
2022-05-24 20:48:41,088 [pool-266-thread-1] INFO  server.RaftServerConfigKeys (ConfUtils.java:logGet(46)) - raft.server.log.segment.cache.num.max = 2 (custom)
2022-05-24 20:48:41,088 [pool-266-thread-1] INFO  server.RaftServerConfigKeys (ConfUtils.java:logGet(46)) - raft.server.log.segment.cache.size.max = 200MB (=209715200) (default)
2022-05-24 20:48:41,088 [pool-266-thread-1] INFO  segmented.SegmentedRaftLogWorker (SegmentedRaftLogWorker.java:<init>(187)) - new 96b502b3-baca-4757-9843-c23b848e6fef@group-909E496902BE-SegmentedRaftLogWorker for RaftStorageImpl:Storage Directory /home/runner/work/ozone/ozone/hadoop-ozone/integration-test/target/test-dir/MiniOzoneClusterImpl-68ae5bae-a44d-4587-ae52-251ec6d3fd1e/datanode-9/data/ratis/87e8957f-fb49-45c1-81b1-909e496902be
2022-05-24 20:48:41,088 [pool-266-thread-1] INFO  server.RaftServerConfigKeys (ConfUtils.java:logGet(46)) - raft.server.log.queue.byte-limit = 4294967296 (custom)
2022-05-24 20:48:41,088 [pool-266-thread-1] INFO  server.RaftServerConfigKeys (ConfUtils.java:logGet(46)) - raft.server.log.queue.element-limit = 1024 (custom)
2022-05-24 20:48:41,088 [pool-266-thread-1] INFO  server.RaftServerConfigKeys (ConfUtils.java:logGet(46)) - raft.server.log.segment.size.max = 1048576 (custom)
2022-05-24 20:48:41,088 [pool-266-thread-1] INFO  server.RaftServerConfigKeys (ConfUtils.java:logGet(46)) - raft.server.log.preallocated.size = 16384 (custom)
2022-05-24 20:48:41,088 [pool-266-thread-1] INFO  server.RaftServerConfigKeys (ConfUtils.java:logGet(46)) - raft.server.log.force.sync.num = 128 (default)
2022-05-24 20:48:41,088 [pool-266-thread-1] INFO  server.RaftServerConfigKeys (ConfUtils.java:logGet(46)) - raft.server.log.statemachine.data.sync = true (default)
2022-05-24 20:48:41,089 [pool-266-thread-1] INFO  server.RaftServerConfigKeys (ConfUtils.java:logGet(46)) - raft.server.log.statemachine.data.sync.timeout = 10s (default)
2022-05-24 20:48:41,089 [pool-266-thread-1] INFO  server.RaftServerConfigKeys (ConfUtils.java:logGet(46)) - raft.server.log.statemachine.data.sync.timeout.retry = -1 (default)
2022-05-24 20:48:41,089 [pool-266-thread-1] INFO  server.RaftServerConfigKeys (ConfUtils.java:logGet(46)) - raft.server.log.write.buffer.size = 1048576 (custom)
2022-05-24 20:48:41,090 [pool-266-thread-1] INFO  server.RaftServerConfigKeys (ConfUtils.java:logGet(46)) - raft.server.log.unsafe-flush.enabled = false (default)
2022-05-24 20:48:41,090 [pool-266-thread-1] INFO  server.RaftServerConfigKeys (ConfUtils.java:logGet(46)) - raft.server.log.statemachine.data.caching.enabled = true (custom)
2022-05-24 20:48:41,090 [pool-266-thread-1] INFO  segmented.SegmentedRaftLogWorker (SegmentedRaftLogWorker.java:lambda$new$0(135)) - 96b502b3-baca-4757-9843-c23b848e6fef@group-909E496902BE-SegmentedRaftLogWorker: flushIndex: setUnconditionally 0 -> -1
2022-05-24 20:48:41,090 [pool-266-thread-1] INFO  segmented.SegmentedRaftLogWorker (SegmentedRaftLogWorker.java:lambda$new$0(135)) - 96b502b3-baca-4757-9843-c23b848e6fef@group-909E496902BE-SegmentedRaftLogWorker: safeCacheEvictIndex: setUnconditionally 0 -> -1
2022-05-24 20:48:41,095 [pool-266-thread-1] INFO  server.RaftServerConfigKeys (ConfUtils.java:logGet(46)) - raft.server.snapshot.auto.trigger.enabled = true (custom)
2022-05-24 20:48:41,095 [pool-266-thread-1] INFO  server.RaftServerConfigKeys (ConfUtils.java:logGet(46)) - raft.server.snapshot.auto.trigger.threshold = 10000 (custom)
2022-05-24 20:48:41,095 [pool-266-thread-1] INFO  server.RaftServerConfigKeys (ConfUtils.java:logGet(46)) - raft.server.snapshot.retention.file.num = 5 (custom)
2022-05-24 20:48:41,095 [pool-266-thread-1] INFO  server.RaftServerConfigKeys (ConfUtils.java:logGet(46)) - raft.server.log.purge.upto.snapshot.index = false (default)
2022-05-24 20:48:41,095 [pool-266-thread-1] INFO  server.RaftServerConfigKeys (ConfUtils.java:logGet(46)) - raft.server.retrycache.expirytime = 600000ms (custom)
2022-05-24 20:48:41,095 [pool-266-thread-1] INFO  server.RaftServerConfigKeys (ConfUtils.java:logGet(46)) - raft.server.retrycache.statistics.expirytime = 100μs (default)
2022-05-24 20:48:41,096 [pool-266-thread-1] INFO  server.RaftServerConfigKeys (ConfUtils.java:logGet(46)) - raft.server.log.appender.install.snapshot.enabled = false (custom)
2022-05-24 20:48:41,096 [pool-266-thread-1] INFO  server.RaftServerConfigKeys (ConfUtils.java:logGet(46)) - raft.server.threadpool.server.cached = true (default)
2022-05-24 20:48:41,096 [pool-266-thread-1] INFO  server.RaftServerConfigKeys (ConfUtils.java:logGet(46)) - raft.server.threadpool.server.size = 0 (default)
2022-05-24 20:48:41,096 [pool-266-thread-1] INFO  server.RaftServerConfigKeys (ConfUtils.java:logGet(46)) - raft.server.threadpool.client.cached = true (default)
2022-05-24 20:48:41,096 [pool-266-thread-1] INFO  server.RaftServerConfigKeys (ConfUtils.java:logGet(46)) - raft.server.threadpool.client.size = 0 (default)
2022-05-24 20:48:41,096 [pool-266-thread-1] INFO  server.RaftServer$Division (RaftServerImpl.java:start(310)) - 96b502b3-baca-4757-9843-c23b848e6fef@group-909E496902BE: start as a follower, conf=-1: [96b502b3-baca-4757-9843-c23b848e6fef|rpc:10.1.0.30:43169|priority:1], old=null
2022-05-24 20:48:41,096 [pool-266-thread-1] INFO  server.RaftServer$Division (RaftServerImpl.java:setRole(299)) - 96b502b3-baca-4757-9843-c23b848e6fef@group-909E496902BE: changes role from      null to FOLLOWER at term 0 for startAsFollower
2022-05-24 20:48:41,096 [pool-266-thread-1] INFO  impl.RoleInfo (RoleInfo.java:updateAndGet(139)) - 96b502b3-baca-4757-9843-c23b848e6fef: start 96b502b3-baca-4757-9843-c23b848e6fef@group-909E496902BE-FollowerState
2022-05-24 20:48:41,096 [pool-266-thread-1] INFO  util.JmxRegister (JmxRegister.java:tryRegister(44)) - Successfully registered JMX Bean with object name Ratis:service=RaftServer,group=group-909E496902BE,id=96b502b3-baca-4757-9843-c23b848e6fef
2022-05-24 20:48:41,097 [Command processor thread] INFO  ratis.XceiverServerRatis (XceiverServerRatis.java:addGroup(765)) - Created group PipelineID=87e8957f-fb49-45c1-81b1-909e496902be
2022-05-24 20:48:41,097 [Command processor thread] INFO  commandhandler.CreatePipelineCommandHandler (CreatePipelineCommandHandler.java:handle(113)) - Created Pipeline RATIS ONE PipelineID=87e8957f-fb49-45c1-81b1-909e496902be.
2022-05-24 20:48:42,078 [Listener at 127.0.0.1/44485] INFO  ozone.MiniOzoneClusterImpl (MiniOzoneClusterImpl.java:lambda$waitForClusterToBeReady$0(221)) - Nodes are ready. Got 10 of 10 DN Heartbeats.
2022-05-24 20:48:42,078 [Listener at 127.0.0.1/44485] INFO  ozone.MiniOzoneClusterImpl (MiniOzoneClusterImpl.java:lambda$waitForClusterToBeReady$0(224)) - Waiting for cluster to exit safe mode
2022-05-24 20:48:42,078 [Listener at 127.0.0.1/44485] INFO  ozone.MiniOzoneClusterImpl (MiniOzoneClusterImpl.java:lambda$waitForClusterToBeReady$0(226)) - SCM became leader
2022-05-24 20:48:43,078 [Listener at 127.0.0.1/44485] INFO  ozone.MiniOzoneClusterImpl (MiniOzoneClusterImpl.java:lambda$waitForClusterToBeReady$0(221)) - Nodes are ready. Got 10 of 10 DN Heartbeats.
2022-05-24 20:48:43,079 [Listener at 127.0.0.1/44485] INFO  ozone.MiniOzoneClusterImpl (MiniOzoneClusterImpl.java:lambda$waitForClusterToBeReady$0(224)) - Waiting for cluster to exit safe mode
2022-05-24 20:48:43,079 [Listener at 127.0.0.1/44485] INFO  ozone.MiniOzoneClusterImpl (MiniOzoneClusterImpl.java:lambda$waitForClusterToBeReady$0(226)) - SCM became leader
2022-05-24 20:48:43,100 [9fafcebc-4ec8-4b2f-921e-361fad102aa9@group-78C6B551D3EF-FollowerState] INFO  impl.FollowerState (FollowerState.java:run(143)) - 9fafcebc-4ec8-4b2f-921e-361fad102aa9@group-78C6B551D3EF-FollowerState: change to CANDIDATE, lastRpcElapsedTime:5094148858ns, electionTimeout:5091ms
2022-05-24 20:48:43,100 [9fafcebc-4ec8-4b2f-921e-361fad102aa9@group-78C6B551D3EF-FollowerState] INFO  impl.RoleInfo (RoleInfo.java:shutdownFollowerState(110)) - 9fafcebc-4ec8-4b2f-921e-361fad102aa9: shutdown 9fafcebc-4ec8-4b2f-921e-361fad102aa9@group-78C6B551D3EF-FollowerState
2022-05-24 20:48:43,100 [9fafcebc-4ec8-4b2f-921e-361fad102aa9@group-78C6B551D3EF-FollowerState] INFO  server.RaftServer$Division (RaftServerImpl.java:setRole(299)) - 9fafcebc-4ec8-4b2f-921e-361fad102aa9@group-78C6B551D3EF: changes role from  FOLLOWER to CANDIDATE at term 0 for changeToCandidate
2022-05-24 20:48:43,100 [9fafcebc-4ec8-4b2f-921e-361fad102aa9@group-78C6B551D3EF-FollowerState] INFO  server.RaftServerConfigKeys (ConfUtils.java:logGet(46)) - raft.server.leaderelection.pre-vote = false (custom)
2022-05-24 20:48:43,100 [9fafcebc-4ec8-4b2f-921e-361fad102aa9@group-78C6B551D3EF-FollowerState] INFO  impl.RoleInfo (RoleInfo.java:updateAndGet(139)) - 9fafcebc-4ec8-4b2f-921e-361fad102aa9: start 9fafcebc-4ec8-4b2f-921e-361fad102aa9@group-78C6B551D3EF-LeaderElection2
2022-05-24 20:48:43,103 [9fafcebc-4ec8-4b2f-921e-361fad102aa9@group-78C6B551D3EF-LeaderElection2] INFO  impl.LeaderElection (LeaderElection.java:askForVotes(310)) - 9fafcebc-4ec8-4b2f-921e-361fad102aa9@group-78C6B551D3EF-LeaderElection2 ELECTION round 0: submit vote requests at term 1 for -1: [9fafcebc-4ec8-4b2f-921e-361fad102aa9|rpc:10.1.0.30:37523|priority:1], old=null
2022-05-24 20:48:43,105 [9fafcebc-4ec8-4b2f-921e-361fad102aa9@group-78C6B551D3EF-LeaderElection2] INFO  impl.LeaderElection (LeaderElection.java:askForVotes(312)) - 9fafcebc-4ec8-4b2f-921e-361fad102aa9@group-78C6B551D3EF-LeaderElection2 ELECTION round 0: result PASSED (term=1)
2022-05-24 20:48:43,105 [9fafcebc-4ec8-4b2f-921e-361fad102aa9@group-78C6B551D3EF-LeaderElection2] INFO  impl.RoleInfo (RoleInfo.java:shutdownLeaderElection(130)) - 9fafcebc-4ec8-4b2f-921e-361fad102aa9: shutdown 9fafcebc-4ec8-4b2f-921e-361fad102aa9@group-78C6B551D3EF-LeaderElection2
2022-05-24 20:48:43,105 [9fafcebc-4ec8-4b2f-921e-361fad102aa9@group-78C6B551D3EF-LeaderElection2] INFO  server.RaftServer$Division (RaftServerImpl.java:setRole(299)) - 9fafcebc-4ec8-4b2f-921e-361fad102aa9@group-78C6B551D3EF: changes role from CANDIDATE to LEADER at term 1 for changeToLeader
2022-05-24 20:48:43,105 [9fafcebc-4ec8-4b2f-921e-361fad102aa9@group-78C6B551D3EF-LeaderElection2] INFO  ratis.XceiverServerRatis (XceiverServerRatis.java:handleLeaderChangedNotification(863)) - Leader change notification received for group: group-78C6B551D3EF with new leaderId: 9fafcebc-4ec8-4b2f-921e-361fad102aa9
2022-05-24 20:48:43,105 [9fafcebc-4ec8-4b2f-921e-361fad102aa9@group-78C6B551D3EF-LeaderElection2] INFO  server.RaftServer$Division (ServerState.java:setLeader(287)) - 9fafcebc-4ec8-4b2f-921e-361fad102aa9@group-78C6B551D3EF: change Leader from null to 9fafcebc-4ec8-4b2f-921e-361fad102aa9 at term 1 for becomeLeader, leader elected after 5132ms
2022-05-24 20:48:43,106 [9fafcebc-4ec8-4b2f-921e-361fad102aa9@group-78C6B551D3EF-LeaderElection2] INFO  server.RaftServerConfigKeys (ConfUtils.java:logGet(46)) - raft.server.staging.catchup.gap = 1000 (default)
2022-05-24 20:48:43,106 [9fafcebc-4ec8-4b2f-921e-361fad102aa9@group-78C6B551D3EF-LeaderElection2] INFO  server.RaftServerConfigKeys (ConfUtils.java:logGet(46)) - raft.server.write.element-limit = 1024 (custom)
2022-05-24 20:48:43,106 [9fafcebc-4ec8-4b2f-921e-361fad102aa9@group-78C6B551D3EF-LeaderElection2] INFO  server.RaftServerConfigKeys (ConfUtils.java:logGet(46)) - raft.server.write.byte-limit = 1024 M (=1073741824) (custom)
2022-05-24 20:48:43,107 [EventQueue-OpenPipelineForHealthyPipelineSafeModeRule] INFO  safemode.SCMSafeModeManager (HealthyPipelineSafeModeRule.java:process(124)) - SCM in safe mode. Healthy pipelines reported count is 0, required healthy pipeline reported count is 1
2022-05-24 20:48:43,107 [9fafcebc-4ec8-4b2f-921e-361fad102aa9@group-78C6B551D3EF-LeaderElection2] INFO  server.RaftServerConfigKeys (ConfUtils.java:logGet(46)) - raft.server.watch.timeout = 180s (custom)
2022-05-24 20:48:43,107 [9fafcebc-4ec8-4b2f-921e-361fad102aa9@group-78C6B551D3EF-LeaderElection2] INFO  server.RaftServerConfigKeys (ConfUtils.java:logGet(46)) - raft.server.watch.timeout.denomination = 1s (default)
2022-05-24 20:48:43,107 [9fafcebc-4ec8-4b2f-921e-361fad102aa9@group-78C6B551D3EF-LeaderElection2] INFO  server.RaftServerConfigKeys (ConfUtils.java:logGet(46)) - raft.server.watch.element-limit = 65536 (default)
2022-05-24 20:48:43,107 [9fafcebc-4ec8-4b2f-921e-361fad102aa9@group-78C6B551D3EF-LeaderElection2] INFO  server.RaftServerConfigKeys (ConfUtils.java:logGet(46)) - raft.server.write.element-limit = 1024 (custom)
2022-05-24 20:48:43,107 [9fafcebc-4ec8-4b2f-921e-361fad102aa9@group-78C6B551D3EF-LeaderElection2] INFO  server.RaftServerConfigKeys (ConfUtils.java:logGet(46)) - raft.server.write.follower.gap.ratio.max = -1.0 (default)
2022-05-24 20:48:43,107 [9fafcebc-4ec8-4b2f-921e-361fad102aa9@group-78C6B551D3EF-LeaderElection2] INFO  impl.RoleInfo (RoleInfo.java:updateAndGet(139)) - 9fafcebc-4ec8-4b2f-921e-361fad102aa9: start 9fafcebc-4ec8-4b2f-921e-361fad102aa9@group-78C6B551D3EF-LeaderStateImpl
2022-05-24 20:48:43,108 [9fafcebc-4ec8-4b2f-921e-361fad102aa9@group-78C6B551D3EF-LeaderElection2] INFO  segmented.SegmentedRaftLogWorker (SegmentedRaftLogWorker.java:startLogSegment(425)) - 9fafcebc-4ec8-4b2f-921e-361fad102aa9@group-78C6B551D3EF-SegmentedRaftLogWorker: Starting segment from index:0
2022-05-24 20:48:43,109 [9fafcebc-4ec8-4b2f-921e-361fad102aa9@group-78C6B551D3EF-SegmentedRaftLogWorker] INFO  segmented.SegmentedRaftLogWorker (SegmentedRaftLogWorker.java:execute(629)) - 9fafcebc-4ec8-4b2f-921e-361fad102aa9@group-78C6B551D3EF-SegmentedRaftLogWorker: created new log segment /home/runner/work/ozone/ozone/hadoop-ozone/integration-test/target/test-dir/MiniOzoneClusterImpl-68ae5bae-a44d-4587-ae52-251ec6d3fd1e/datanode-0/data/ratis/5e2f0cf9-eaac-4b07-8c42-78c6b551d3ef/current/log_inprogress_0
2022-05-24 20:48:43,110 [9fafcebc-4ec8-4b2f-921e-361fad102aa9@group-78C6B551D3EF-LeaderElection2] INFO  server.RaftServer$Division (ServerState.java:setRaftConf(393)) - 9fafcebc-4ec8-4b2f-921e-361fad102aa9@group-78C6B551D3EF: set configuration 0: [9fafcebc-4ec8-4b2f-921e-361fad102aa9|rpc:10.1.0.30:37523|dataStream:|priority:1], old=null
2022-05-24 20:48:43,126 [9fafcebc-4ec8-4b2f-921e-361fad102aa9@group-0B1FB73F6FF2-FollowerState] INFO  impl.FollowerState (FollowerState.java:run(143)) - 9fafcebc-4ec8-4b2f-921e-361fad102aa9@group-0B1FB73F6FF2-FollowerState: change to CANDIDATE, lastRpcElapsedTime:5086558426ns, electionTimeout:5083ms
2022-05-24 20:48:43,127 [9fafcebc-4ec8-4b2f-921e-361fad102aa9@group-0B1FB73F6FF2-FollowerState] INFO  impl.RoleInfo (RoleInfo.java:shutdownFollowerState(110)) - 9fafcebc-4ec8-4b2f-921e-361fad102aa9: shutdown 9fafcebc-4ec8-4b2f-921e-361fad102aa9@group-0B1FB73F6FF2-FollowerState
2022-05-24 20:48:43,127 [9fafcebc-4ec8-4b2f-921e-361fad102aa9@group-0B1FB73F6FF2-FollowerState] INFO  server.RaftServer$Division (RaftServerImpl.java:setRole(299)) - 9fafcebc-4ec8-4b2f-921e-361fad102aa9@group-0B1FB73F6FF2: changes role from  FOLLOWER to CANDIDATE at term 0 for changeToCandidate
2022-05-24 20:48:43,127 [9fafcebc-4ec8-4b2f-921e-361fad102aa9@group-0B1FB73F6FF2-FollowerState] INFO  server.RaftServerConfigKeys (ConfUtils.java:logGet(46)) - raft.server.leaderelection.pre-vote = false (custom)
2022-05-24 20:48:43,127 [9fafcebc-4ec8-4b2f-921e-361fad102aa9@group-0B1FB73F6FF2-FollowerState] INFO  impl.RoleInfo (RoleInfo.java:updateAndGet(139)) - 9fafcebc-4ec8-4b2f-921e-361fad102aa9: start 9fafcebc-4ec8-4b2f-921e-361fad102aa9@group-0B1FB73F6FF2-LeaderElection3
2022-05-24 20:48:43,137 [9fafcebc-4ec8-4b2f-921e-361fad102aa9@group-0B1FB73F6FF2-LeaderElection3] INFO  impl.LeaderElection (LeaderElection.java:askForVotes(310)) - 9fafcebc-4ec8-4b2f-921e-361fad102aa9@group-0B1FB73F6FF2-LeaderElection3 ELECTION round 0: submit vote requests at term 1 for -1: [9fafcebc-4ec8-4b2f-921e-361fad102aa9|rpc:10.1.0.30:37523|priority:0, 01e7dfcd-082b-401a-ab9e-a677cf0851a6|rpc:10.1.0.30:34373|priority:0, 2fee1640-d3c9-493e-8933-b41673c21aaf|rpc:10.1.0.30:36361|priority:1], old=null
2022-05-24 20:48:43,174 [grpc-default-executor-0] INFO  server.RaftServer$Division (RaftServerImpl.java:requestVote(1152)) - 01e7dfcd-082b-401a-ab9e-a677cf0851a6@group-0B1FB73F6FF2: receive requestVote(ELECTION, 9fafcebc-4ec8-4b2f-921e-361fad102aa9, group-0B1FB73F6FF2, 1, (t:0, i:0))
2022-05-24 20:48:43,176 [grpc-default-executor-0] INFO  impl.VoteContext (VoteContext.java:log(48)) - 01e7dfcd-082b-401a-ab9e-a677cf0851a6@group-0B1FB73F6FF2-FOLLOWER: accept ELECTION from 9fafcebc-4ec8-4b2f-921e-361fad102aa9: our priority 0 <= candidate's priority 0
2022-05-24 20:48:43,176 [grpc-default-executor-0] INFO  server.RaftServer$Division (RaftServerImpl.java:setRole(299)) - 01e7dfcd-082b-401a-ab9e-a677cf0851a6@group-0B1FB73F6FF2: changes role from  FOLLOWER to FOLLOWER at term 1 for candidate:9fafcebc-4ec8-4b2f-921e-361fad102aa9
2022-05-24 20:48:43,176 [grpc-default-executor-0] INFO  impl.RoleInfo (RoleInfo.java:shutdownFollowerState(110)) - 01e7dfcd-082b-401a-ab9e-a677cf0851a6: shutdown 01e7dfcd-082b-401a-ab9e-a677cf0851a6@group-0B1FB73F6FF2-FollowerState
2022-05-24 20:48:43,176 [grpc-default-executor-0] INFO  impl.RoleInfo (RoleInfo.java:updateAndGet(139)) - 01e7dfcd-082b-401a-ab9e-a677cf0851a6: start 01e7dfcd-082b-401a-ab9e-a677cf0851a6@group-0B1FB73F6FF2-FollowerState
2022-05-24 20:48:43,176 [01e7dfcd-082b-401a-ab9e-a677cf0851a6@group-0B1FB73F6FF2-FollowerState] INFO  impl.FollowerState (FollowerState.java:run(152)) - 01e7dfcd-082b-401a-ab9e-a677cf0851a6@group-0B1FB73F6FF2-FollowerState was interrupted
2022-05-24 20:48:43,181 [grpc-default-executor-1] INFO  server.RaftServer$Division (RaftServerImpl.java:requestVote(1152)) - 2fee1640-d3c9-493e-8933-b41673c21aaf@group-0B1FB73F6FF2: receive requestVote(ELECTION, 9fafcebc-4ec8-4b2f-921e-361fad102aa9, group-0B1FB73F6FF2, 1, (t:0, i:0))
2022-05-24 20:48:43,181 [grpc-default-executor-1] INFO  impl.VoteContext (VoteContext.java:log(48)) - 2fee1640-d3c9-493e-8933-b41673c21aaf@group-0B1FB73F6FF2-FOLLOWER: reject ELECTION from 9fafcebc-4ec8-4b2f-921e-361fad102aa9: our priority 1 > candidate's priority 0
2022-05-24 20:48:43,181 [grpc-default-executor-1] INFO  server.RaftServer$Division (RaftServerImpl.java:setRole(299)) - 2fee1640-d3c9-493e-8933-b41673c21aaf@group-0B1FB73F6FF2: changes role from  FOLLOWER to FOLLOWER at term 1 for candidate:9fafcebc-4ec8-4b2f-921e-361fad102aa9
2022-05-24 20:48:43,181 [grpc-default-executor-1] INFO  impl.RoleInfo (RoleInfo.java:shutdownFollowerState(110)) - 2fee1640-d3c9-493e-8933-b41673c21aaf: shutdown 2fee1640-d3c9-493e-8933-b41673c21aaf@group-0B1FB73F6FF2-FollowerState
2022-05-24 20:48:43,181 [grpc-default-executor-1] INFO  impl.RoleInfo (RoleInfo.java:updateAndGet(139)) - 2fee1640-d3c9-493e-8933-b41673c21aaf: start 2fee1640-d3c9-493e-8933-b41673c21aaf@group-0B1FB73F6FF2-FollowerState
2022-05-24 20:48:43,181 [2fee1640-d3c9-493e-8933-b41673c21aaf@group-0B1FB73F6FF2-FollowerState] INFO  impl.FollowerState (FollowerState.java:run(152)) - 2fee1640-d3c9-493e-8933-b41673c21aaf@group-0B1FB73F6FF2-FollowerState was interrupted
2022-05-24 20:48:43,187 [grpc-default-executor-1] INFO  server.RaftServer$Division (RaftServerImpl.java:requestVote(1184)) - 2fee1640-d3c9-493e-8933-b41673c21aaf@group-0B1FB73F6FF2 replies to ELECTION vote request: 9fafcebc-4ec8-4b2f-921e-361fad102aa9<-2fee1640-d3c9-493e-8933-b41673c21aaf#0:FAIL-t1. Peer's state: 2fee1640-d3c9-493e-8933-b41673c21aaf@group-0B1FB73F6FF2:t1, leader=null, voted=null, raftlog=2fee1640-d3c9-493e-8933-b41673c21aaf@group-0B1FB73F6FF2-SegmentedRaftLog:OPENED:c-1, conf=-1: [9fafcebc-4ec8-4b2f-921e-361fad102aa9|rpc:10.1.0.30:37523|dataStream:|priority:0, 01e7dfcd-082b-401a-ab9e-a677cf0851a6|rpc:10.1.0.30:34373|dataStream:|priority:0, 2fee1640-d3c9-493e-8933-b41673c21aaf|rpc:10.1.0.30:36361|dataStream:|priority:1], old=null
2022-05-24 20:48:43,190 [grpc-default-executor-0] INFO  server.RaftServer$Division (RaftServerImpl.java:requestVote(1184)) - 01e7dfcd-082b-401a-ab9e-a677cf0851a6@group-0B1FB73F6FF2 replies to ELECTION vote request: 9fafcebc-4ec8-4b2f-921e-361fad102aa9<-01e7dfcd-082b-401a-ab9e-a677cf0851a6#0:OK-t1. Peer's state: 01e7dfcd-082b-401a-ab9e-a677cf0851a6@group-0B1FB73F6FF2:t1, leader=null, voted=9fafcebc-4ec8-4b2f-921e-361fad102aa9, raftlog=01e7dfcd-082b-401a-ab9e-a677cf0851a6@group-0B1FB73F6FF2-SegmentedRaftLog:OPENED:c-1, conf=-1: [9fafcebc-4ec8-4b2f-921e-361fad102aa9|rpc:10.1.0.30:37523|priority:0, 01e7dfcd-082b-401a-ab9e-a677cf0851a6|rpc:10.1.0.30:34373|priority:0, 2fee1640-d3c9-493e-8933-b41673c21aaf|rpc:10.1.0.30:36361|priority:1], old=null
2022-05-24 20:48:43,191 [9fafcebc-4ec8-4b2f-921e-361fad102aa9@group-0B1FB73F6FF2-LeaderElection3] INFO  impl.LeaderElection (LeaderElection.java:logAndReturn(90)) - 9fafcebc-4ec8-4b2f-921e-361fad102aa9@group-0B1FB73F6FF2-LeaderElection3: ELECTION REJECTED received 1 response(s) and 0 exception(s):
2022-05-24 20:48:43,192 [9fafcebc-4ec8-4b2f-921e-361fad102aa9@group-0B1FB73F6FF2-LeaderElection3] INFO  impl.LeaderElection (LeaderElection.java:logAndReturn(94)) -   Response 0: 9fafcebc-4ec8-4b2f-921e-361fad102aa9<-2fee1640-d3c9-493e-8933-b41673c21aaf#0:FAIL-t1
2022-05-24 20:48:43,192 [9fafcebc-4ec8-4b2f-921e-361fad102aa9@group-0B1FB73F6FF2-LeaderElection3] INFO  impl.LeaderElection (LeaderElection.java:askForVotes(312)) - 9fafcebc-4ec8-4b2f-921e-361fad102aa9@group-0B1FB73F6FF2-LeaderElection3 ELECTION round 0: result REJECTED
2022-05-24 20:48:43,192 [9fafcebc-4ec8-4b2f-921e-361fad102aa9@group-0B1FB73F6FF2-LeaderElection3] INFO  server.RaftServer$Division (RaftServerImpl.java:setRole(299)) - 9fafcebc-4ec8-4b2f-921e-361fad102aa9@group-0B1FB73F6FF2: changes role from CANDIDATE to FOLLOWER at term 1 for REJECTED
2022-05-24 20:48:43,192 [9fafcebc-4ec8-4b2f-921e-361fad102aa9@group-0B1FB73F6FF2-LeaderElection3] INFO  impl.RoleInfo (RoleInfo.java:shutdownLeaderElection(130)) - 9fafcebc-4ec8-4b2f-921e-361fad102aa9: shutdown 9fafcebc-4ec8-4b2f-921e-361fad102aa9@group-0B1FB73F6FF2-LeaderElection3
2022-05-24 20:48:43,192 [9fafcebc-4ec8-4b2f-921e-361fad102aa9@group-0B1FB73F6FF2-LeaderElection3] INFO  impl.RoleInfo (RoleInfo.java:updateAndGet(139)) - 9fafcebc-4ec8-4b2f-921e-361fad102aa9: start 9fafcebc-4ec8-4b2f-921e-361fad102aa9@group-0B1FB73F6FF2-FollowerState
2022-05-24 20:48:43,519 [01e7dfcd-082b-401a-ab9e-a677cf0851a6@group-A02F5D5D2963-FollowerState] INFO  impl.FollowerState (FollowerState.java:run(143)) - 01e7dfcd-082b-401a-ab9e-a677cf0851a6@group-A02F5D5D2963-FollowerState: change to CANDIDATE, lastRpcElapsedTime:5071231164ns, electionTimeout:5060ms
2022-05-24 20:48:43,520 [01e7dfcd-082b-401a-ab9e-a677cf0851a6@group-A02F5D5D2963-FollowerState] INFO  impl.RoleInfo (RoleInfo.java:shutdownFollowerState(110)) - 01e7dfcd-082b-401a-ab9e-a677cf0851a6: shutdown 01e7dfcd-082b-401a-ab9e-a677cf0851a6@group-A02F5D5D2963-FollowerState
2022-05-24 20:48:43,520 [01e7dfcd-082b-401a-ab9e-a677cf0851a6@group-A02F5D5D2963-FollowerState] INFO  server.RaftServer$Division (RaftServerImpl.java:setRole(299)) - 01e7dfcd-082b-401a-ab9e-a677cf0851a6@group-A02F5D5D2963: changes role from  FOLLOWER to CANDIDATE at term 0 for changeToCandidate
2022-05-24 20:48:43,520 [01e7dfcd-082b-401a-ab9e-a677cf0851a6@group-A02F5D5D2963-FollowerState] INFO  server.RaftServerConfigKeys (ConfUtils.java:logGet(46)) - raft.server.leaderelection.pre-vote = false (custom)
2022-05-24 20:48:43,520 [01e7dfcd-082b-401a-ab9e-a677cf0851a6@group-A02F5D5D2963-FollowerState] INFO  impl.RoleInfo (RoleInfo.java:updateAndGet(139)) - 01e7dfcd-082b-401a-ab9e-a677cf0851a6: start 01e7dfcd-082b-401a-ab9e-a677cf0851a6@group-A02F5D5D2963-LeaderElection4
2022-05-24 20:48:43,525 [01e7dfcd-082b-401a-ab9e-a677cf0851a6@group-A02F5D5D2963-LeaderElection4] INFO  impl.LeaderElection (LeaderElection.java:askForVotes(310)) - 01e7dfcd-082b-401a-ab9e-a677cf0851a6@group-A02F5D5D2963-LeaderElection4 ELECTION round 0: submit vote requests at term 1 for -1: [01e7dfcd-082b-401a-ab9e-a677cf0851a6|rpc:10.1.0.30:34373|priority:1], old=null
2022-05-24 20:48:43,525 [01e7dfcd-082b-401a-ab9e-a677cf0851a6@group-A02F5D5D2963-LeaderElection4] INFO  impl.LeaderElection (LeaderElection.java:askForVotes(312)) - 01e7dfcd-082b-401a-ab9e-a677cf0851a6@group-A02F5D5D2963-LeaderElection4 ELECTION round 0: result PASSED (term=1)
2022-05-24 20:48:43,525 [01e7dfcd-082b-401a-ab9e-a677cf0851a6@group-A02F5D5D2963-LeaderElection4] INFO  impl.RoleInfo (RoleInfo.java:shutdownLeaderElection(130)) - 01e7dfcd-082b-401a-ab9e-a677cf0851a6: shutdown 01e7dfcd-082b-401a-ab9e-a677cf0851a6@group-A02F5D5D2963-LeaderElection4
2022-05-24 20:48:43,525 [01e7dfcd-082b-401a-ab9e-a677cf0851a6@group-A02F5D5D2963-LeaderElection4] INFO  server.RaftServer$Division (RaftServerImpl.java:setRole(299)) - 01e7dfcd-082b-401a-ab9e-a677cf0851a6@group-A02F5D5D2963: changes role from CANDIDATE to LEADER at term 1 for changeToLeader
2022-05-24 20:48:43,525 [01e7dfcd-082b-401a-ab9e-a677cf0851a6@group-A02F5D5D2963-LeaderElection4] INFO  ratis.XceiverServerRatis (XceiverServerRatis.java:handleLeaderChangedNotification(863)) - Leader change notification received for group: group-A02F5D5D2963 with new leaderId: 01e7dfcd-082b-401a-ab9e-a677cf0851a6
2022-05-24 20:48:43,526 [01e7dfcd-082b-401a-ab9e-a677cf0851a6@group-A02F5D5D2963-LeaderElection4] INFO  server.RaftServer$Division (ServerState.java:setLeader(287)) - 01e7dfcd-082b-401a-ab9e-a677cf0851a6@group-A02F5D5D2963: change Leader from null to 01e7dfcd-082b-401a-ab9e-a677cf0851a6 at term 1 for becomeLeader, leader elected after 5083ms
2022-05-24 20:48:43,526 [01e7dfcd-082b-401a-ab9e-a677cf0851a6@group-A02F5D5D2963-LeaderElection4] INFO  server.RaftServerConfigKeys (ConfUtils.java:logGet(46)) - raft.server.staging.catchup.gap = 1000 (default)
2022-05-24 20:48:43,526 [01e7dfcd-082b-401a-ab9e-a677cf0851a6@group-A02F5D5D2963-LeaderElection4] INFO  server.RaftServerConfigKeys (ConfUtils.java:logGet(46)) - raft.server.write.element-limit = 1024 (custom)
2022-05-24 20:48:43,527 [EventQueue-OpenPipelineForHealthyPipelineSafeModeRule] INFO  safemode.SCMSafeModeManager (HealthyPipelineSafeModeRule.java:process(124)) - SCM in safe mode. Healthy pipelines reported count is 0, required healthy pipeline reported count is 1
2022-05-24 20:48:43,527 [01e7dfcd-082b-401a-ab9e-a677cf0851a6@group-A02F5D5D2963-LeaderElection4] INFO  server.RaftServerConfigKeys (ConfUtils.java:logGet(46)) - raft.server.write.byte-limit = 1024 M (=1073741824) (custom)
2022-05-24 20:48:43,527 [01e7dfcd-082b-401a-ab9e-a677cf0851a6@group-A02F5D5D2963-LeaderElection4] INFO  server.RaftServerConfigKeys (ConfUtils.java:logGet(46)) - raft.server.watch.timeout = 180s (custom)
2022-05-24 20:48:43,527 [01e7dfcd-082b-401a-ab9e-a677cf0851a6@group-A02F5D5D2963-LeaderElection4] INFO  server.RaftServerConfigKeys (ConfUtils.java:logGet(46)) - raft.server.watch.timeout.denomination = 1s (default)
2022-05-24 20:48:43,527 [01e7dfcd-082b-401a-ab9e-a677cf0851a6@group-A02F5D5D2963-LeaderElection4] INFO  server.RaftServerConfigKeys (ConfUtils.java:logGet(46)) - raft.server.watch.element-limit = 65536 (default)
2022-05-24 20:48:43,527 [01e7dfcd-082b-401a-ab9e-a677cf0851a6@group-A02F5D5D2963-LeaderElection4] INFO  server.RaftServerConfigKeys (ConfUtils.java:logGet(46)) - raft.server.write.element-limit = 1024 (custom)
2022-05-24 20:48:43,527 [01e7dfcd-082b-401a-ab9e-a677cf0851a6@group-A02F5D5D2963-LeaderElection4] INFO  server.RaftServerConfigKeys (ConfUtils.java:logGet(46)) - raft.server.write.follower.gap.ratio.max = -1.0 (default)
2022-05-24 20:48:43,527 [01e7dfcd-082b-401a-ab9e-a677cf0851a6@group-A02F5D5D2963-LeaderElection4] INFO  impl.RoleInfo (RoleInfo.java:updateAndGet(139)) - 01e7dfcd-082b-401a-ab9e-a677cf0851a6: start 01e7dfcd-082b-401a-ab9e-a677cf0851a6@group-A02F5D5D2963-LeaderStateImpl
2022-05-24 20:48:43,528 [01e7dfcd-082b-401a-ab9e-a677cf0851a6@group-A02F5D5D2963-LeaderElection4] INFO  segmented.SegmentedRaftLogWorker (SegmentedRaftLogWorker.java:startLogSegment(425)) - 01e7dfcd-082b-401a-ab9e-a677cf0851a6@group-A02F5D5D2963-SegmentedRaftLogWorker: Starting segment from index:0
2022-05-24 20:48:43,530 [01e7dfcd-082b-401a-ab9e-a677cf0851a6@group-A02F5D5D2963-LeaderElection4] INFO  server.RaftServer$Division (ServerState.java:setRaftConf(393)) - 01e7dfcd-082b-401a-ab9e-a677cf0851a6@group-A02F5D5D2963: set configuration 0: [01e7dfcd-082b-401a-ab9e-a677cf0851a6|rpc:10.1.0.30:34373|dataStream:|priority:1], old=null
2022-05-24 20:48:43,531 [01e7dfcd-082b-401a-ab9e-a677cf0851a6@group-A02F5D5D2963-SegmentedRaftLogWorker] INFO  segmented.SegmentedRaftLogWorker (SegmentedRaftLogWorker.java:execute(629)) - 01e7dfcd-082b-401a-ab9e-a677cf0851a6@group-A02F5D5D2963-SegmentedRaftLogWorker: created new log segment /home/runner/work/ozone/ozone/hadoop-ozone/integration-test/target/test-dir/MiniOzoneClusterImpl-68ae5bae-a44d-4587-ae52-251ec6d3fd1e/datanode-1/data/ratis/ee13f18d-749b-412a-888a-a02f5d5d2963/current/log_inprogress_0
2022-05-24 20:48:43,776 [9fafcebc-4ec8-4b2f-921e-361fad102aa9@group-A66BB8458387-FollowerState] INFO  impl.FollowerState (FollowerState.java:run(143)) - 9fafcebc-4ec8-4b2f-921e-361fad102aa9@group-A66BB8458387-FollowerState: change to CANDIDATE, lastRpcElapsedTime:5042787948ns, electionTimeout:5040ms
2022-05-24 20:48:43,777 [9fafcebc-4ec8-4b2f-921e-361fad102aa9@group-A66BB8458387-FollowerState] INFO  impl.RoleInfo (RoleInfo.java:shutdownFollowerState(110)) - 9fafcebc-4ec8-4b2f-921e-361fad102aa9: shutdown 9fafcebc-4ec8-4b2f-921e-361fad102aa9@group-A66BB8458387-FollowerState
2022-05-24 20:48:43,777 [9fafcebc-4ec8-4b2f-921e-361fad102aa9@group-A66BB8458387-FollowerState] INFO  server.RaftServer$Division (RaftServerImpl.java:setRole(299)) - 9fafcebc-4ec8-4b2f-921e-361fad102aa9@group-A66BB8458387: changes role from  FOLLOWER to CANDIDATE at term 0 for changeToCandidate
2022-05-24 20:48:43,777 [9fafcebc-4ec8-4b2f-921e-361fad102aa9@group-A66BB8458387-FollowerState] INFO  server.RaftServerConfigKeys (ConfUtils.java:logGet(46)) - raft.server.leaderelection.pre-vote = false (custom)
2022-05-24 20:48:43,777 [9fafcebc-4ec8-4b2f-921e-361fad102aa9@group-A66BB8458387-FollowerState] INFO  impl.RoleInfo (RoleInfo.java:updateAndGet(139)) - 9fafcebc-4ec8-4b2f-921e-361fad102aa9: start 9fafcebc-4ec8-4b2f-921e-361fad102aa9@group-A66BB8458387-LeaderElection5
2022-05-24 20:48:43,781 [9fafcebc-4ec8-4b2f-921e-361fad102aa9@group-A66BB8458387-LeaderElection5] INFO  impl.LeaderElection (LeaderElection.java:askForVotes(310)) - 9fafcebc-4ec8-4b2f-921e-361fad102aa9@group-A66BB8458387-LeaderElection5 ELECTION round 0: submit vote requests at term 1 for -1: [9fafcebc-4ec8-4b2f-921e-361fad102aa9|rpc:10.1.0.30:37523|priority:1, 01e7dfcd-082b-401a-ab9e-a677cf0851a6|rpc:10.1.0.30:34373|priority:0, 2fee1640-d3c9-493e-8933-b41673c21aaf|rpc:10.1.0.30:36361|priority:0], old=null
2022-05-24 20:48:43,784 [grpc-default-executor-1] INFO  server.RaftServer$Division (RaftServerImpl.java:requestVote(1152)) - 2fee1640-d3c9-493e-8933-b41673c21aaf@group-A66BB8458387: receive requestVote(ELECTION, 9fafcebc-4ec8-4b2f-921e-361fad102aa9, group-A66BB8458387, 1, (t:0, i:0))
2022-05-24 20:48:43,785 [grpc-default-executor-1] INFO  impl.VoteContext (VoteContext.java:log(48)) - 2fee1640-d3c9-493e-8933-b41673c21aaf@group-A66BB8458387-FOLLOWER: accept ELECTION from 9fafcebc-4ec8-4b2f-921e-361fad102aa9: our priority 0 <= candidate's priority 1
2022-05-24 20:48:43,785 [grpc-default-executor-1] INFO  server.RaftServer$Division (RaftServerImpl.java:setRole(299)) - 2fee1640-d3c9-493e-8933-b41673c21aaf@group-A66BB8458387: changes role from  FOLLOWER to FOLLOWER at term 1 for candidate:9fafcebc-4ec8-4b2f-921e-361fad102aa9
2022-05-24 20:48:43,785 [grpc-default-executor-1] INFO  impl.RoleInfo (RoleInfo.java:shutdownFollowerState(110)) - 2fee1640-d3c9-493e-8933-b41673c21aaf: shutdown 2fee1640-d3c9-493e-8933-b41673c21aaf@group-A66BB8458387-FollowerState
2022-05-24 20:48:43,785 [grpc-default-executor-1] INFO  impl.RoleInfo (RoleInfo.java:updateAndGet(139)) - 2fee1640-d3c9-493e-8933-b41673c21aaf: start 2fee1640-d3c9-493e-8933-b41673c21aaf@group-A66BB8458387-FollowerState
2022-05-24 20:48:43,785 [2fee1640-d3c9-493e-8933-b41673c21aaf@group-A66BB8458387-FollowerState] INFO  impl.FollowerState (FollowerState.java:run(152)) - 2fee1640-d3c9-493e-8933-b41673c21aaf@group-A66BB8458387-FollowerState was interrupted
2022-05-24 20:48:43,788 [grpc-default-executor-1] INFO  server.RaftServer$Division (RaftServerImpl.java:requestVote(1184)) - 2fee1640-d3c9-493e-8933-b41673c21aaf@group-A66BB8458387 replies to ELECTION vote request: 9fafcebc-4ec8-4b2f-921e-361fad102aa9<-2fee1640-d3c9-493e-8933-b41673c21aaf#0:OK-t1. Peer's state: 2fee1640-d3c9-493e-8933-b41673c21aaf@group-A66BB8458387:t1, leader=null, voted=9fafcebc-4ec8-4b2f-921e-361fad102aa9, raftlog=2fee1640-d3c9-493e-8933-b41673c21aaf@group-A66BB8458387-SegmentedRaftLog:OPENED:c-1, conf=-1: [9fafcebc-4ec8-4b2f-921e-361fad102aa9|rpc:10.1.0.30:37523|dataStream:|priority:1, 01e7dfcd-082b-401a-ab9e-a677cf0851a6|rpc:10.1.0.30:34373|dataStream:|priority:0, 2fee1640-d3c9-493e-8933-b41673c21aaf|rpc:10.1.0.30:36361|dataStream:|priority:0], old=null
2022-05-24 20:48:43,790 [grpc-default-executor-0] INFO  server.RaftServer$Division (RaftServerImpl.java:requestVote(1152)) - 01e7dfcd-082b-401a-ab9e-a677cf0851a6@group-A66BB8458387: receive requestVote(ELECTION, 9fafcebc-4ec8-4b2f-921e-361fad102aa9, group-A66BB8458387, 1, (t:0, i:0))
2022-05-24 20:48:43,791 [9fafcebc-4ec8-4b2f-921e-361fad102aa9@group-A66BB8458387-LeaderElection5] INFO  impl.LeaderElection (LeaderElection.java:logAndReturn(90)) - 9fafcebc-4ec8-4b2f-921e-361fad102aa9@group-A66BB8458387-LeaderElection5: ELECTION PASSED received 1 response(s) and 0 exception(s):
2022-05-24 20:48:43,791 [grpc-default-executor-0] INFO  impl.VoteContext (VoteContext.java:log(48)) - 01e7dfcd-082b-401a-ab9e-a677cf0851a6@group-A66BB8458387-FOLLOWER: accept ELECTION from 9fafcebc-4ec8-4b2f-921e-361fad102aa9: our priority 0 <= candidate's priority 1
2022-05-24 20:48:43,791 [9fafcebc-4ec8-4b2f-921e-361fad102aa9@group-A66BB8458387-LeaderElection5] INFO  impl.LeaderElection (LeaderElection.java:logAndReturn(94)) -   Response 0: 9fafcebc-4ec8-4b2f-921e-361fad102aa9<-2fee1640-d3c9-493e-8933-b41673c21aaf#0:OK-t1
2022-05-24 20:48:43,791 [grpc-default-executor-0] INFO  server.RaftServer$Division (RaftServerImpl.java:setRole(299)) - 01e7dfcd-082b-401a-ab9e-a677cf0851a6@group-A66BB8458387: changes role from  FOLLOWER to FOLLOWER at term 1 for candidate:9fafcebc-4ec8-4b2f-921e-361fad102aa9
2022-05-24 20:48:43,791 [grpc-default-executor-0] INFO  impl.RoleInfo (RoleInfo.java:shutdownFollowerState(110)) - 01e7dfcd-082b-401a-ab9e-a677cf0851a6: shutdown 01e7dfcd-082b-401a-ab9e-a677cf0851a6@group-A66BB8458387-FollowerState
2022-05-24 20:48:43,791 [9fafcebc-4ec8-4b2f-921e-361fad102aa9@group-A66BB8458387-LeaderElection5] INFO  impl.LeaderElection (LeaderElection.java:askForVotes(312)) - 9fafcebc-4ec8-4b2f-921e-361fad102aa9@group-A66BB8458387-LeaderElection5 ELECTION round 0: result PASSED
2022-05-24 20:48:43,791 [grpc-default-executor-0] INFO  impl.RoleInfo (RoleInfo.java:updateAndGet(139)) - 01e7dfcd-082b-401a-ab9e-a677cf0851a6: start 01e7dfcd-082b-401a-ab9e-a677cf0851a6@group-A66BB8458387-FollowerState
2022-05-24 20:48:43,791 [9fafcebc-4ec8-4b2f-921e-361fad102aa9@group-A66BB8458387-LeaderElection5] INFO  impl.RoleInfo (RoleInfo.java:shutdownLeaderElection(130)) - 9fafcebc-4ec8-4b2f-921e-361fad102aa9: shutdown 9fafcebc-4ec8-4b2f-921e-361fad102aa9@group-A66BB8458387-LeaderElection5
2022-05-24 20:48:43,791 [01e7dfcd-082b-401a-ab9e-a677cf0851a6@group-A66BB8458387-FollowerState] INFO  impl.FollowerState (FollowerState.java:run(152)) - 01e7dfcd-082b-401a-ab9e-a677cf0851a6@group-A66BB8458387-FollowerState was interrupted
2022-05-24 20:48:43,791 [9fafcebc-4ec8-4b2f-921e-361fad102aa9@group-A66BB8458387-LeaderElection5] INFO  server.RaftServer$Division (RaftServerImpl.java:setRole(299)) - 9fafcebc-4ec8-4b2f-921e-361fad102aa9@group-A66BB8458387: changes role from CANDIDATE to LEADER at term 1 for changeToLeader
2022-05-24 20:48:43,791 [9fafcebc-4ec8-4b2f-921e-361fad102aa9@group-A66BB8458387-LeaderElection5] INFO  ratis.XceiverServerRatis (XceiverServerRatis.java:handleLeaderChangedNotification(863)) - Leader change notification received for group: group-A66BB8458387 with new leaderId: 9fafcebc-4ec8-4b2f-921e-361fad102aa9
2022-05-24 20:48:43,799 [9fafcebc-4ec8-4b2f-921e-361fad102aa9@group-A66BB8458387-LeaderElection5] INFO  server.RaftServer$Division (ServerState.java:setLeader(287)) - 9fafcebc-4ec8-4b2f-921e-361fad102aa9@group-A66BB8458387: change Leader from null to 9fafcebc-4ec8-4b2f-921e-361fad102aa9 at term 1 for becomeLeader, leader elected after 5072ms
2022-05-24 20:48:43,799 [9fafcebc-4ec8-4b2f-921e-361fad102aa9@group-A66BB8458387-LeaderElection5] INFO  server.RaftServerConfigKeys (ConfUtils.java:logGet(46)) - raft.server.staging.catchup.gap = 1000 (default)
2022-05-24 20:48:43,799 [9fafcebc-4ec8-4b2f-921e-361fad102aa9@group-A66BB8458387-LeaderElection5] INFO  server.RaftServerConfigKeys (ConfUtils.java:logGet(46)) - raft.server.write.element-limit = 1024 (custom)
2022-05-24 20:48:43,799 [9fafcebc-4ec8-4b2f-921e-361fad102aa9@group-A66BB8458387-LeaderElection5] INFO  server.RaftServerConfigKeys (ConfUtils.java:logGet(46)) - raft.server.write.byte-limit = 1024 M (=1073741824) (custom)
2022-05-24 20:48:43,800 [9fafcebc-4ec8-4b2f-921e-361fad102aa9@group-A66BB8458387-LeaderElection5] INFO  server.RaftServerConfigKeys (ConfUtils.java:logGet(46)) - raft.server.watch.timeout = 180s (custom)
2022-05-24 20:48:43,800 [9fafcebc-4ec8-4b2f-921e-361fad102aa9@group-A66BB8458387-LeaderElection5] INFO  server.RaftServerConfigKeys (ConfUtils.java:logGet(46)) - raft.server.watch.timeout.denomination = 1s (default)
2022-05-24 20:48:43,800 [9fafcebc-4ec8-4b2f-921e-361fad102aa9@group-A66BB8458387-LeaderElection5] INFO  server.RaftServerConfigKeys (ConfUtils.java:logGet(46)) - raft.server.watch.element-limit = 65536 (default)
2022-05-24 20:48:43,800 [9fafcebc-4ec8-4b2f-921e-361fad102aa9@group-A66BB8458387-LeaderElection5] INFO  server.RaftServerConfigKeys (ConfUtils.java:logGet(46)) - raft.server.write.element-limit = 1024 (custom)
2022-05-24 20:48:43,800 [9fafcebc-4ec8-4b2f-921e-361fad102aa9@group-A66BB8458387-LeaderElection5] INFO  server.RaftServerConfigKeys (ConfUtils.java:logGet(46)) - raft.server.write.follower.gap.ratio.max = -1.0 (default)
2022-05-24 20:48:43,804 [EventQueue-PipelineReportForPipelineReportHandler] INFO  pipeline.PipelineManagerImpl (PipelineManagerImpl.java:openPipeline(336)) - Pipeline Pipeline[ Id: c4f32d63-29ce-4900-8b2e-a66bb8458387, Nodes: 9fafcebc-4ec8-4b2f-921e-361fad102aa9{ip: 10.1.0.30, host: fv-az122-930.eh24crq5omsuteaqbma5cv3ijc.phxx.internal.cloudapp.net, ports: [REPLICATION=38503, RATIS=37523, RATIS_ADMIN=37523, RATIS_SERVER=37523, STANDALONE=45215], networkLocation: /default-rack, certSerialId: null, persistedOpState: IN_SERVICE, persistedOpStateExpiryEpochSec: 0}2fee1640-d3c9-493e-8933-b41673c21aaf{ip: 10.1.0.30, host: fv-az122-930.eh24crq5omsuteaqbma5cv3ijc.phxx.internal.cloudapp.net, ports: [REPLICATION=40513, RATIS=36361, RATIS_ADMIN=36361, RATIS_SERVER=36361, STANDALONE=39083], networkLocation: /default-rack, certSerialId: null, persistedOpState: IN_SERVICE, persistedOpStateExpiryEpochSec: 0}01e7dfcd-082b-401a-ab9e-a677cf0851a6{ip: 10.1.0.30, host: fv-az122-930.eh24crq5omsuteaqbma5cv3ijc.phxx.internal.cloudapp.net, ports: [REPLICATION=39053, RATIS=34373, RATIS_ADMIN=34373, RATIS_SERVER=34373, STANDALONE=39291], networkLocation: /default-rack, certSerialId: null, persistedOpState: IN_SERVICE, persistedOpStateExpiryEpochSec: 0}, ReplicationConfig: RATIS/THREE, State:ALLOCATED, leaderId:9fafcebc-4ec8-4b2f-921e-361fad102aa9, CreationTimestamp2022-05-24T20:48:35.781Z[Etc/UTC]] moved to OPEN state
2022-05-24 20:48:43,805 [EventQueue-OpenPipelineForHealthyPipelineSafeModeRule] INFO  safemode.SCMSafeModeManager (HealthyPipelineSafeModeRule.java:process(124)) - SCM in safe mode. Healthy pipelines reported count is 0, required healthy pipeline reported count is 1
2022-05-24 20:48:43,805 [EventQueue-OpenPipelineForHealthyPipelineSafeModeRule] INFO  safemode.SCMSafeModeManager (HealthyPipelineSafeModeRule.java:process(124)) - SCM in safe mode. Healthy pipelines reported count is 1, required healthy pipeline reported count is 1
2022-05-24 20:48:43,805 [EventQueue-OpenPipelineForHealthyPipelineSafeModeRule] INFO  safemode.SCMSafeModeManager (SCMSafeModeManager.java:validateSafeModeExitRules(204)) - HealthyPipelineSafeModeRule rule is successfully validated
2022-05-24 20:48:43,805 [EventQueue-OpenPipelineForHealthyPipelineSafeModeRule] INFO  safemode.SCMSafeModeManager (SCMSafeModeManager.java:validateSafeModeExitRules(219)) - ScmSafeModeManager, all rules are successfully validated
2022-05-24 20:48:43,805 [EventQueue-OpenPipelineForHealthyPipelineSafeModeRule] INFO  safemode.SCMSafeModeManager (SCMSafeModeManager.java:exitSafeMode(248)) - SCM exiting safe mode.
2022-05-24 20:48:43,806 [EventQueue-OpenPipelineForHealthyPipelineSafeModeRule] WARN  events.EventQueue (EventQueue.java:fireEvent(194)) - No event handler registered for event TypedEvent{payloadType=SafeModeStatus, name='Safe mode status'}
2022-05-24 20:48:43,806 [EventQueue-OpenPipelineForHealthyPipelineSafeModeRule] INFO  ha.SCMContext (SCMContext.java:updateSafeModeStatus(211)) - Update SafeModeStatus from SafeModeStatus{safeModeStatus=true, preCheckPassed=true} to SafeModeStatus{safeModeStatus=false, preCheckPassed=true}.
2022-05-24 20:48:43,806 [EventQueue-OpenPipelineForHealthyPipelineSafeModeRule] INFO  pipeline.BackgroundPipelineCreator (BackgroundPipelineCreator.java:notifyStatusChanged(251)) - Service BackgroundPipelineCreator transitions to RUNNING.
2022-05-24 20:48:43,806 [EventQueue-OpenPipelineForHealthyPipelineSafeModeRule] INFO  pipeline.BackgroundPipelineScrubber (BackgroundPipelineScrubber.java:notifyStatusChanged(88)) - Service BackgroundPipelineScrubber transitions to RUNNING.
2022-05-24 20:48:43,806 [EventQueue-OpenPipelineForHealthyPipelineSafeModeRule] INFO  ExpiredContainerReplicaOpScrubber (BackgroundSCMService.java:notifyStatusChanged(82)) - Service ExpiredContainerReplicaOpScrubber transitions to RUNNING.
2022-05-24 20:48:43,806 [EventQueue-OpenPipelineForHealthyPipelineSafeModeRule] INFO  replication.ReplicationManager (ReplicationManager.java:notifyStatusChanged(372)) - Service ReplicationManager transitions to RUNNING.
2022-05-24 20:48:43,809 [grpc-default-executor-0] INFO  server.RaftServer$Division (RaftServerImpl.java:requestVote(1184)) - 01e7dfcd-082b-401a-ab9e-a677cf0851a6@group-A66BB8458387 replies to ELECTION vote request: 9fafcebc-4ec8-4b2f-921e-361fad102aa9<-01e7dfcd-082b-401a-ab9e-a677cf0851a6#0:OK-t1. Peer's state: 01e7dfcd-082b-401a-ab9e-a677cf0851a6@group-A66BB8458387:t1, leader=null, voted=9fafcebc-4ec8-4b2f-921e-361fad102aa9, raftlog=01e7dfcd-082b-401a-ab9e-a677cf0851a6@group-A66BB8458387-SegmentedRaftLog:OPENED:c-1, conf=-1: [9fafcebc-4ec8-4b2f-921e-361fad102aa9|rpc:10.1.0.30:37523|priority:1, 01e7dfcd-082b-401a-ab9e-a677cf0851a6|rpc:10.1.0.30:34373|priority:0, 2fee1640-d3c9-493e-8933-b41673c21aaf|rpc:10.1.0.30:36361|priority:0], old=null
2022-05-24 20:48:43,814 [9fafcebc-4ec8-4b2f-921e-361fad102aa9@group-A66BB8458387-LeaderElection5] INFO  server.RaftServerConfigKeys (ConfUtils.java:logGet(46)) - raft.server.log.appender.snapshot.chunk.size.max = 16MB (=16777216) (default)
2022-05-24 20:48:43,814 [9fafcebc-4ec8-4b2f-921e-361fad102aa9@group-A66BB8458387-LeaderElection5] INFO  server.RaftServerConfigKeys (ConfUtils.java:logGet(46)) - raft.server.log.appender.buffer.byte-limit = 33554432 (custom)
2022-05-24 20:48:43,814 [9fafcebc-4ec8-4b2f-921e-361fad102aa9@group-A66BB8458387-LeaderElection5] INFO  server.RaftServerConfigKeys (ConfUtils.java:logGet(46)) - raft.server.log.appender.buffer.element-limit = 1 (custom)
2022-05-24 20:48:43,816 [9fafcebc-4ec8-4b2f-921e-361fad102aa9@group-A66BB8458387-LeaderElection5] INFO  grpc.GrpcConfigKeys (ConfUtils.java:logGet(46)) - raft.grpc.server.leader.outstanding.appends.max = 128 (default)
2022-05-24 20:48:43,817 [9fafcebc-4ec8-4b2f-921e-361fad102aa9@group-A66BB8458387-LeaderElection5] INFO  server.RaftServerConfigKeys (ConfUtils.java:logGet(46)) - raft.server.rpc.request.timeout = 60s (custom)
2022-05-24 20:48:43,817 [9fafcebc-4ec8-4b2f-921e-361fad102aa9@group-A66BB8458387-LeaderElection5] INFO  server.RaftServerConfigKeys (ConfUtils.java:logGet(46)) - raft.server.log.appender.install.snapshot.enabled = false (custom)
2022-05-24 20:48:43,819 [9fafcebc-4ec8-4b2f-921e-361fad102aa9@group-A66BB8458387-LeaderElection5] INFO  server.RaftServerConfigKeys (ConfUtils.java:logGet(46)) - raft.server.log.appender.snapshot.chunk.size.max = 16MB (=16777216) (default)
2022-05-24 20:48:43,819 [9fafcebc-4ec8-4b2f-921e-361fad102aa9@group-A66BB8458387-LeaderElection5] INFO  server.RaftServerConfigKeys (ConfUtils.java:logGet(46)) - raft.server.log.appender.buffer.byte-limit = 33554432 (custom)
2022-05-24 20:48:43,819 [9fafcebc-4ec8-4b2f-921e-361fad102aa9@group-A66BB8458387-LeaderElection5] INFO  server.RaftServerConfigKeys (ConfUtils.java:logGet(46)) - raft.server.log.appender.buffer.element-limit = 1 (custom)
2022-05-24 20:48:43,819 [9fafcebc-4ec8-4b2f-921e-361fad102aa9@group-A66BB8458387-LeaderElection5] INFO  grpc.GrpcConfigKeys (ConfUtils.java:logGet(46)) - raft.grpc.server.leader.outstanding.appends.max = 128 (default)
2022-05-24 20:48:43,819 [9fafcebc-4ec8-4b2f-921e-361fad102aa9@group-A66BB8458387-LeaderElection5] INFO  server.RaftServerConfigKeys (ConfUtils.java:logGet(46)) - raft.server.rpc.request.timeout = 60s (custom)
2022-05-24 20:48:43,819 [9fafcebc-4ec8-4b2f-921e-361fad102aa9@group-A66BB8458387-LeaderElection5] INFO  server.RaftServerConfigKeys (ConfUtils.java:logGet(46)) - raft.server.log.appender.install.snapshot.enabled = false (custom)
2022-05-24 20:48:43,820 [9fafcebc-4ec8-4b2f-921e-361fad102aa9@group-A66BB8458387-LeaderElection5] INFO  impl.RoleInfo (RoleInfo.java:updateAndGet(139)) - 9fafcebc-4ec8-4b2f-921e-361fad102aa9: start 9fafcebc-4ec8-4b2f-921e-361fad102aa9@group-A66BB8458387-LeaderStateImpl
2022-05-24 20:48:43,820 [9fafcebc-4ec8-4b2f-921e-361fad102aa9@group-A66BB8458387-LeaderElection5] INFO  segmented.SegmentedRaftLogWorker (SegmentedRaftLogWorker.java:startLogSegment(425)) - 9fafcebc-4ec8-4b2f-921e-361fad102aa9@group-A66BB8458387-SegmentedRaftLogWorker: Starting segment from index:0
2022-05-24 20:48:43,822 [9fafcebc-4ec8-4b2f-921e-361fad102aa9@group-A66BB8458387-SegmentedRaftLogWorker] INFO  segmented.SegmentedRaftLogWorker (SegmentedRaftLogWorker.java:execute(629)) - 9fafcebc-4ec8-4b2f-921e-361fad102aa9@group-A66BB8458387-SegmentedRaftLogWorker: created new log segment /home/runner/work/ozone/ozone/hadoop-ozone/integration-test/target/test-dir/MiniOzoneClusterImpl-68ae5bae-a44d-4587-ae52-251ec6d3fd1e/datanode-0/data/ratis/c4f32d63-29ce-4900-8b2e-a66bb8458387/current/log_inprogress_0
2022-05-24 20:48:43,828 [9fafcebc-4ec8-4b2f-921e-361fad102aa9@group-A66BB8458387-LeaderElection5] INFO  server.RaftServer$Division (ServerState.java:setRaftConf(393)) - 9fafcebc-4ec8-4b2f-921e-361fad102aa9@group-A66BB8458387: set configuration 0: [9fafcebc-4ec8-4b2f-921e-361fad102aa9|rpc:10.1.0.30:37523|dataStream:|priority:1, 01e7dfcd-082b-401a-ab9e-a677cf0851a6|rpc:10.1.0.30:34373|dataStream:|priority:0, 2fee1640-d3c9-493e-8933-b41673c21aaf|rpc:10.1.0.30:36361|dataStream:|priority:0], old=null
2022-05-24 20:48:43,844 [2fee1640-d3c9-493e-8933-b41673c21aaf-server-thread1] INFO  ratis.XceiverServerRatis (XceiverServerRatis.java:handleLeaderChangedNotification(863)) - Leader change notification received for group: group-A66BB8458387 with new leaderId: 9fafcebc-4ec8-4b2f-921e-361fad102aa9
2022-05-24 20:48:43,844 [2fee1640-d3c9-493e-8933-b41673c21aaf-server-thread1] INFO  server.RaftServer$Division (ServerState.java:setLeader(287)) - 2fee1640-d3c9-493e-8933-b41673c21aaf@group-A66BB8458387: change Leader from null to 9fafcebc-4ec8-4b2f-921e-361fad102aa9 at term 1 for appendEntries, leader elected after 5078ms
2022-05-24 20:48:43,852 [01e7dfcd-082b-401a-ab9e-a677cf0851a6-server-thread1] INFO  ratis.XceiverServerRatis (XceiverServerRatis.java:handleLeaderChangedNotification(863)) - Leader change notification received for group: group-A66BB8458387 with new leaderId: 9fafcebc-4ec8-4b2f-921e-361fad102aa9
2022-05-24 20:48:43,854 [01e7dfcd-082b-401a-ab9e-a677cf0851a6-server-thread1] INFO  server.RaftServer$Division (ServerState.java:setLeader(287)) - 01e7dfcd-082b-401a-ab9e-a677cf0851a6@group-A66BB8458387: change Leader from null to 9fafcebc-4ec8-4b2f-921e-361fad102aa9 at term 1 for appendEntries, leader elected after 5044ms
2022-05-24 20:48:43,859 [2fee1640-d3c9-493e-8933-b41673c21aaf-server-thread1] INFO  server.RaftServer$Division (ServerState.java:setRaftConf(393)) - 2fee1640-d3c9-493e-8933-b41673c21aaf@group-A66BB8458387: set configuration 0: [9fafcebc-4ec8-4b2f-921e-361fad102aa9|rpc:10.1.0.30:37523|dataStream:|priority:1, 01e7dfcd-082b-401a-ab9e-a677cf0851a6|rpc:10.1.0.30:34373|dataStream:|priority:0, 2fee1640-d3c9-493e-8933-b41673c21aaf|rpc:10.1.0.30:36361|dataStream:|priority:0], old=null
2022-05-24 20:48:43,859 [2fee1640-d3c9-493e-8933-b41673c21aaf-server-thread1] INFO  segmented.SegmentedRaftLogWorker (SegmentedRaftLogWorker.java:startLogSegment(425)) - 2fee1640-d3c9-493e-8933-b41673c21aaf@group-A66BB8458387-SegmentedRaftLogWorker: Starting segment from index:0
2022-05-24 20:48:43,867 [01e7dfcd-082b-401a-ab9e-a677cf0851a6-server-thread1] INFO  server.RaftServer$Division (ServerState.java:setRaftConf(393)) - 01e7dfcd-082b-401a-ab9e-a677cf0851a6@group-A66BB8458387: set configuration 0: [9fafcebc-4ec8-4b2f-921e-361fad102aa9|rpc:10.1.0.30:37523|dataStream:|priority:1, 01e7dfcd-082b-401a-ab9e-a677cf0851a6|rpc:10.1.0.30:34373|dataStream:|priority:0, 2fee1640-d3c9-493e-8933-b41673c21aaf|rpc:10.1.0.30:36361|dataStream:|priority:0], old=null
2022-05-24 20:48:43,867 [01e7dfcd-082b-401a-ab9e-a677cf0851a6-server-thread1] INFO  segmented.SegmentedRaftLogWorker (SegmentedRaftLogWorker.java:startLogSegment(425)) - 01e7dfcd-082b-401a-ab9e-a677cf0851a6@group-A66BB8458387-SegmentedRaftLogWorker: Starting segment from index:0
2022-05-24 20:48:43,870 [01e7dfcd-082b-401a-ab9e-a677cf0851a6@group-A66BB8458387-SegmentedRaftLogWorker] INFO  segmented.SegmentedRaftLogWorker (SegmentedRaftLogWorker.java:execute(629)) - 01e7dfcd-082b-401a-ab9e-a677cf0851a6@group-A66BB8458387-SegmentedRaftLogWorker: created new log segment /home/runner/work/ozone/ozone/hadoop-ozone/integration-test/target/test-dir/MiniOzoneClusterImpl-68ae5bae-a44d-4587-ae52-251ec6d3fd1e/datanode-1/data/ratis/c4f32d63-29ce-4900-8b2e-a66bb8458387/current/log_inprogress_0
2022-05-24 20:48:43,872 [2fee1640-d3c9-493e-8933-b41673c21aaf@group-A66BB8458387-SegmentedRaftLogWorker] INFO  segmented.SegmentedRaftLogWorker (SegmentedRaftLogWorker.java:execute(629)) - 2fee1640-d3c9-493e-8933-b41673c21aaf@group-A66BB8458387-SegmentedRaftLogWorker: created new log segment /home/runner/work/ozone/ozone/hadoop-ozone/integration-test/target/test-dir/MiniOzoneClusterImpl-68ae5bae-a44d-4587-ae52-251ec6d3fd1e/datanode-2/data/ratis/c4f32d63-29ce-4900-8b2e-a66bb8458387/current/log_inprogress_0
2022-05-24 20:48:44,039 [2fee1640-d3c9-493e-8933-b41673c21aaf@group-C2FDD9CDB2A4-FollowerState] INFO  impl.FollowerState (FollowerState.java:run(143)) - 2fee1640-d3c9-493e-8933-b41673c21aaf@group-C2FDD9CDB2A4-FollowerState: change to CANDIDATE, lastRpcElapsedTime:5195057572ns, electionTimeout:5177ms
2022-05-24 20:48:44,040 [2fee1640-d3c9-493e-8933-b41673c21aaf@group-C2FDD9CDB2A4-FollowerState] INFO  impl.RoleInfo (RoleInfo.java:shutdownFollowerState(110)) - 2fee1640-d3c9-493e-8933-b41673c21aaf: shutdown 2fee1640-d3c9-493e-8933-b41673c21aaf@group-C2FDD9CDB2A4-FollowerState
2022-05-24 20:48:44,040 [2fee1640-d3c9-493e-8933-b41673c21aaf@group-C2FDD9CDB2A4-FollowerState] INFO  server.RaftServer$Division (RaftServerImpl.java:setRole(299)) - 2fee1640-d3c9-493e-8933-b41673c21aaf@group-C2FDD9CDB2A4: changes role from  FOLLOWER to CANDIDATE at term 0 for changeToCandidate
2022-05-24 20:48:44,041 [2fee1640-d3c9-493e-8933-b41673c21aaf@group-C2FDD9CDB2A4-FollowerState] INFO  server.RaftServerConfigKeys (ConfUtils.java:logGet(46)) - raft.server.leaderelection.pre-vote = false (custom)
2022-05-24 20:48:44,041 [2fee1640-d3c9-493e-8933-b41673c21aaf@group-C2FDD9CDB2A4-FollowerState] INFO  impl.RoleInfo (RoleInfo.java:updateAndGet(139)) - 2fee1640-d3c9-493e-8933-b41673c21aaf: start 2fee1640-d3c9-493e-8933-b41673c21aaf@group-C2FDD9CDB2A4-LeaderElection6
2022-05-24 20:48:44,045 [2fee1640-d3c9-493e-8933-b41673c21aaf@group-C2FDD9CDB2A4-LeaderElection6] INFO  impl.LeaderElection (LeaderElection.java:askForVotes(310)) - 2fee1640-d3c9-493e-8933-b41673c21aaf@group-C2FDD9CDB2A4-LeaderElection6 ELECTION round 0: submit vote requests at term 1 for -1: [2fee1640-d3c9-493e-8933-b41673c21aaf|rpc:10.1.0.30:36361|priority:1], old=null
2022-05-24 20:48:44,045 [2fee1640-d3c9-493e-8933-b41673c21aaf@group-C2FDD9CDB2A4-LeaderElection6] INFO  impl.LeaderElection (LeaderElection.java:askForVotes(312)) - 2fee1640-d3c9-493e-8933-b41673c21aaf@group-C2FDD9CDB2A4-LeaderElection6 ELECTION round 0: result PASSED (term=1)
2022-05-24 20:48:44,045 [2fee1640-d3c9-493e-8933-b41673c21aaf@group-C2FDD9CDB2A4-LeaderElection6] INFO  impl.RoleInfo (RoleInfo.java:shutdownLeaderElection(130)) - 2fee1640-d3c9-493e-8933-b41673c21aaf: shutdown 2fee1640-d3c9-493e-8933-b41673c21aaf@group-C2FDD9CDB2A4-LeaderElection6
2022-05-24 20:48:44,045 [2fee1640-d3c9-493e-8933-b41673c21aaf@group-C2FDD9CDB2A4-LeaderElection6] INFO  server.RaftServer$Division (RaftServerImpl.java:setRole(299)) - 2fee1640-d3c9-493e-8933-b41673c21aaf@group-C2FDD9CDB2A4: changes role from CANDIDATE to LEADER at term 1 for changeToLeader
2022-05-24 20:48:44,046 [2fee1640-d3c9-493e-8933-b41673c21aaf@group-C2FDD9CDB2A4-LeaderElection6] INFO  ratis.XceiverServerRatis (XceiverServerRatis.java:handleLeaderChangedNotification(863)) - Leader change notification received for group: group-C2FDD9CDB2A4 with new leaderId: 2fee1640-d3c9-493e-8933-b41673c21aaf
2022-05-24 20:48:44,046 [2fee1640-d3c9-493e-8933-b41673c21aaf@group-C2FDD9CDB2A4-LeaderElection6] INFO  server.RaftServer$Division (ServerState.java:setLeader(287)) - 2fee1640-d3c9-493e-8933-b41673c21aaf@group-C2FDD9CDB2A4: change Leader from null to 2fee1640-d3c9-493e-8933-b41673c21aaf at term 1 for becomeLeader, leader elected after 5250ms
2022-05-24 20:48:44,046 [2fee1640-d3c9-493e-8933-b41673c21aaf@group-C2FDD9CDB2A4-LeaderElection6] INFO  server.RaftServerConfigKeys (ConfUtils.java:logGet(46)) - raft.server.staging.catchup.gap = 1000 (default)
2022-05-24 20:48:44,046 [2fee1640-d3c9-493e-8933-b41673c21aaf@group-C2FDD9CDB2A4-LeaderElection6] INFO  server.RaftServerConfigKeys (ConfUtils.java:logGet(46)) - raft.server.write.element-limit = 1024 (custom)
2022-05-24 20:48:44,047 [2fee1640-d3c9-493e-8933-b41673c21aaf@group-C2FDD9CDB2A4-LeaderElection6] INFO  server.RaftServerConfigKeys (ConfUtils.java:logGet(46)) - raft.server.write.byte-limit = 1024 M (=1073741824) (custom)
2022-05-24 20:48:44,047 [2fee1640-d3c9-493e-8933-b41673c21aaf@group-C2FDD9CDB2A4-LeaderElection6] INFO  server.RaftServerConfigKeys (ConfUtils.java:logGet(46)) - raft.server.watch.timeout = 180s (custom)
2022-05-24 20:48:44,047 [2fee1640-d3c9-493e-8933-b41673c21aaf@group-C2FDD9CDB2A4-LeaderElection6] INFO  server.RaftServerConfigKeys (ConfUtils.java:logGet(46)) - raft.server.watch.timeout.denomination = 1s (default)
2022-05-24 20:48:44,047 [2fee1640-d3c9-493e-8933-b41673c21aaf@group-C2FDD9CDB2A4-LeaderElection6] INFO  server.RaftServerConfigKeys (ConfUtils.java:logGet(46)) - raft.server.watch.element-limit = 65536 (default)
2022-05-24 20:48:44,047 [2fee1640-d3c9-493e-8933-b41673c21aaf@group-C2FDD9CDB2A4-LeaderElection6] INFO  server.RaftServerConfigKeys (ConfUtils.java:logGet(46)) - raft.server.write.element-limit = 1024 (custom)
2022-05-24 20:48:44,047 [2fee1640-d3c9-493e-8933-b41673c21aaf@group-C2FDD9CDB2A4-LeaderElection6] INFO  server.RaftServerConfigKeys (ConfUtils.java:logGet(46)) - raft.server.write.follower.gap.ratio.max = -1.0 (default)
2022-05-24 20:48:44,047 [2fee1640-d3c9-493e-8933-b41673c21aaf@group-C2FDD9CDB2A4-LeaderElection6] INFO  impl.RoleInfo (RoleInfo.java:updateAndGet(139)) - 2fee1640-d3c9-493e-8933-b41673c21aaf: start 2fee1640-d3c9-493e-8933-b41673c21aaf@group-C2FDD9CDB2A4-LeaderStateImpl
2022-05-24 20:48:44,047 [2fee1640-d3c9-493e-8933-b41673c21aaf@group-C2FDD9CDB2A4-LeaderElection6] INFO  segmented.SegmentedRaftLogWorker (SegmentedRaftLogWorker.java:startLogSegment(425)) - 2fee1640-d3c9-493e-8933-b41673c21aaf@group-C2FDD9CDB2A4-SegmentedRaftLogWorker: Starting segment from index:0
2022-05-24 20:48:44,049 [2fee1640-d3c9-493e-8933-b41673c21aaf@group-C2FDD9CDB2A4-LeaderElection6] INFO  server.RaftServer$Division (ServerState.java:setRaftConf(393)) - 2fee1640-d3c9-493e-8933-b41673c21aaf@group-C2FDD9CDB2A4: set configuration 0: [2fee1640-d3c9-493e-8933-b41673c21aaf|rpc:10.1.0.30:36361|dataStream:|priority:1], old=null
2022-05-24 20:48:44,050 [2fee1640-d3c9-493e-8933-b41673c21aaf@group-C2FDD9CDB2A4-SegmentedRaftLogWorker] INFO  segmented.SegmentedRaftLogWorker (SegmentedRaftLogWorker.java:execute(629)) - 2fee1640-d3c9-493e-8933-b41673c21aaf@group-C2FDD9CDB2A4-SegmentedRaftLogWorker: created new log segment /home/runner/work/ozone/ozone/hadoop-ozone/integration-test/target/test-dir/MiniOzoneClusterImpl-68ae5bae-a44d-4587-ae52-251ec6d3fd1e/datanode-2/data/ratis/237c5b0a-2044-4f23-9171-c2fdd9cdb2a4/current/log_inprogress_0
2022-05-24 20:48:44,079 [Listener at 127.0.0.1/44485] INFO  ozone.MiniOzoneClusterImpl (MiniOzoneClusterImpl.java:lambda$waitForClusterToBeReady$0(221)) - Nodes are ready. Got 10 of 10 DN Heartbeats.
2022-05-24 20:48:44,079 [Listener at 127.0.0.1/44485] INFO  ozone.MiniOzoneClusterImpl (MiniOzoneClusterImpl.java:lambda$waitForClusterToBeReady$0(224)) - Cluster exits safe mode
2022-05-24 20:48:44,079 [Listener at 127.0.0.1/44485] INFO  ozone.MiniOzoneClusterImpl (MiniOzoneClusterImpl.java:lambda$waitForClusterToBeReady$0(226)) - SCM became leader
2022-05-24 20:48:44,178 [a6e30353-377f-4b2f-bee2-e66a44f5bcb3@group-8B8B16AD1824-FollowerState] INFO  impl.FollowerState (FollowerState.java:run(143)) - a6e30353-377f-4b2f-bee2-e66a44f5bcb3@group-8B8B16AD1824-FollowerState: change to CANDIDATE, lastRpcElapsedTime:5032262906ns, electionTimeout:5028ms
2022-05-24 20:48:44,178 [a6e30353-377f-4b2f-bee2-e66a44f5bcb3@group-8B8B16AD1824-FollowerState] INFO  impl.RoleInfo (RoleInfo.java:shutdownFollowerState(110)) - a6e30353-377f-4b2f-bee2-e66a44f5bcb3: shutdown a6e30353-377f-4b2f-bee2-e66a44f5bcb3@group-8B8B16AD1824-FollowerState
2022-05-24 20:48:44,178 [a6e30353-377f-4b2f-bee2-e66a44f5bcb3@group-8B8B16AD1824-FollowerState] INFO  server.RaftServer$Division (RaftServerImpl.java:setRole(299)) - a6e30353-377f-4b2f-bee2-e66a44f5bcb3@group-8B8B16AD1824: changes role from  FOLLOWER to CANDIDATE at term 0 for changeToCandidate
2022-05-24 20:48:44,179 [a6e30353-377f-4b2f-bee2-e66a44f5bcb3@group-8B8B16AD1824-FollowerState] INFO  server.RaftServerConfigKeys (ConfUtils.java:logGet(46)) - raft.server.leaderelection.pre-vote = false (custom)
2022-05-24 20:48:44,179 [a6e30353-377f-4b2f-bee2-e66a44f5bcb3@group-8B8B16AD1824-FollowerState] INFO  impl.RoleInfo (RoleInfo.java:updateAndGet(139)) - a6e30353-377f-4b2f-bee2-e66a44f5bcb3: start a6e30353-377f-4b2f-bee2-e66a44f5bcb3@group-8B8B16AD1824-LeaderElection7
2022-05-24 20:48:44,183 [a6e30353-377f-4b2f-bee2-e66a44f5bcb3@group-8B8B16AD1824-LeaderElection7] INFO  impl.LeaderElection (LeaderElection.java:askForVotes(310)) - a6e30353-377f-4b2f-bee2-e66a44f5bcb3@group-8B8B16AD1824-LeaderElection7 ELECTION round 0: submit vote requests at term 1 for -1: [cdeff73f-0c88-4976-9d3a-8f87b3ebca92|rpc:10.1.0.30:44465|priority:0, a6e30353-377f-4b2f-bee2-e66a44f5bcb3|rpc:10.1.0.30:42857|priority:0, 51ab8667-e0eb-4b1b-8092-cca2eecc2449|rpc:10.1.0.30:46251|priority:1], old=null
2022-05-24 20:48:44,206 [grpc-default-executor-0] INFO  server.RaftServer$Division (RaftServerImpl.java:requestVote(1152)) - cdeff73f-0c88-4976-9d3a-8f87b3ebca92@group-8B8B16AD1824: receive requestVote(ELECTION, a6e30353-377f-4b2f-bee2-e66a44f5bcb3, group-8B8B16AD1824, 1, (t:0, i:0))
2022-05-24 20:48:44,207 [grpc-default-executor-0] INFO  impl.VoteContext (VoteContext.java:log(48)) - cdeff73f-0c88-4976-9d3a-8f87b3ebca92@group-8B8B16AD1824-FOLLOWER: accept ELECTION from a6e30353-377f-4b2f-bee2-e66a44f5bcb3: our priority 0 <= candidate's priority 0
2022-05-24 20:48:44,207 [grpc-default-executor-0] INFO  server.RaftServer$Division (RaftServerImpl.java:setRole(299)) - cdeff73f-0c88-4976-9d3a-8f87b3ebca92@group-8B8B16AD1824: changes role from  FOLLOWER to FOLLOWER at term 1 for candidate:a6e30353-377f-4b2f-bee2-e66a44f5bcb3
2022-05-24 20:48:44,207 [grpc-default-executor-0] INFO  impl.RoleInfo (RoleInfo.java:shutdownFollowerState(110)) - cdeff73f-0c88-4976-9d3a-8f87b3ebca92: shutdown cdeff73f-0c88-4976-9d3a-8f87b3ebca92@group-8B8B16AD1824-FollowerState
2022-05-24 20:48:44,207 [grpc-default-executor-0] INFO  impl.RoleInfo (RoleInfo.java:updateAndGet(139)) - cdeff73f-0c88-4976-9d3a-8f87b3ebca92: start cdeff73f-0c88-4976-9d3a-8f87b3ebca92@group-8B8B16AD1824-FollowerState
2022-05-24 20:48:44,207 [cdeff73f-0c88-4976-9d3a-8f87b3ebca92@group-8B8B16AD1824-FollowerState] INFO  impl.FollowerState (FollowerState.java:run(152)) - cdeff73f-0c88-4976-9d3a-8f87b3ebca92@group-8B8B16AD1824-FollowerState was interrupted
2022-05-24 20:48:44,215 [grpc-default-executor-0] INFO  server.RaftServer$Division (RaftServerImpl.java:requestVote(1184)) - cdeff73f-0c88-4976-9d3a-8f87b3ebca92@group-8B8B16AD1824 replies to ELECTION vote request: a6e30353-377f-4b2f-bee2-e66a44f5bcb3<-cdeff73f-0c88-4976-9d3a-8f87b3ebca92#0:OK-t1. Peer's state: cdeff73f-0c88-4976-9d3a-8f87b3ebca92@group-8B8B16AD1824:t1, leader=null, voted=a6e30353-377f-4b2f-bee2-e66a44f5bcb3, raftlog=cdeff73f-0c88-4976-9d3a-8f87b3ebca92@group-8B8B16AD1824-SegmentedRaftLog:OPENED:c-1, conf=-1: [cdeff73f-0c88-4976-9d3a-8f87b3ebca92|rpc:10.1.0.30:44465|dataStream:|priority:0, a6e30353-377f-4b2f-bee2-e66a44f5bcb3|rpc:10.1.0.30:42857|dataStream:|priority:0, 51ab8667-e0eb-4b1b-8092-cca2eecc2449|rpc:10.1.0.30:46251|dataStream:|priority:1], old=null
2022-05-24 20:48:44,217 [grpc-default-executor-1] INFO  server.RaftServer$Division (RaftServerImpl.java:requestVote(1152)) - 51ab8667-e0eb-4b1b-8092-cca2eecc2449@group-8B8B16AD1824: receive requestVote(ELECTION, a6e30353-377f-4b2f-bee2-e66a44f5bcb3, group-8B8B16AD1824, 1, (t:0, i:0))
2022-05-24 20:48:44,217 [grpc-default-executor-1] INFO  impl.VoteContext (VoteContext.java:log(48)) - 51ab8667-e0eb-4b1b-8092-cca2eecc2449@group-8B8B16AD1824-FOLLOWER: reject ELECTION from a6e30353-377f-4b2f-bee2-e66a44f5bcb3: our priority 1 > candidate's priority 0
2022-05-24 20:48:44,217 [grpc-default-executor-1] INFO  server.RaftServer$Division (RaftServerImpl.java:setRole(299)) - 51ab8667-e0eb-4b1b-8092-cca2eecc2449@group-8B8B16AD1824: changes role from  FOLLOWER to FOLLOWER at term 1 for candidate:a6e30353-377f-4b2f-bee2-e66a44f5bcb3
2022-05-24 20:48:44,217 [grpc-default-executor-1] INFO  impl.RoleInfo (RoleInfo.java:shutdownFollowerState(110)) - 51ab8667-e0eb-4b1b-8092-cca2eecc2449: shutdown 51ab8667-e0eb-4b1b-8092-cca2eecc2449@group-8B8B16AD1824-FollowerState
2022-05-24 20:48:44,217 [grpc-default-executor-1] INFO  impl.RoleInfo (RoleInfo.java:updateAndGet(139)) - 51ab8667-e0eb-4b1b-8092-cca2eecc2449: start 51ab8667-e0eb-4b1b-8092-cca2eecc2449@group-8B8B16AD1824-FollowerState
2022-05-24 20:48:44,217 [51ab8667-e0eb-4b1b-8092-cca2eecc2449@group-8B8B16AD1824-FollowerState] INFO  impl.FollowerState (FollowerState.java:run(152)) - 51ab8667-e0eb-4b1b-8092-cca2eecc2449@group-8B8B16AD1824-FollowerState was interrupted
2022-05-24 20:48:44,226 [grpc-default-executor-1] INFO  server.RaftServer$Division (RaftServerImpl.java:requestVote(1184)) - 51ab8667-e0eb-4b1b-8092-cca2eecc2449@group-8B8B16AD1824 replies to ELECTION vote request: a6e30353-377f-4b2f-bee2-e66a44f5bcb3<-51ab8667-e0eb-4b1b-8092-cca2eecc2449#0:FAIL-t1. Peer's state: 51ab8667-e0eb-4b1b-8092-cca2eecc2449@group-8B8B16AD1824:t1, leader=null, voted=null, raftlog=51ab8667-e0eb-4b1b-8092-cca2eecc2449@group-8B8B16AD1824-SegmentedRaftLog:OPENED:c-1, conf=-1: [cdeff73f-0c88-4976-9d3a-8f87b3ebca92|rpc:10.1.0.30:44465|dataStream:|priority:0, a6e30353-377f-4b2f-bee2-e66a44f5bcb3|rpc:10.1.0.30:42857|dataStream:|priority:0, 51ab8667-e0eb-4b1b-8092-cca2eecc2449|rpc:10.1.0.30:46251|dataStream:|priority:1], old=null
2022-05-24 20:48:44,231 [a6e30353-377f-4b2f-bee2-e66a44f5bcb3@group-8B8B16AD1824-LeaderElection7] INFO  impl.LeaderElection (LeaderElection.java:logAndReturn(90)) - a6e30353-377f-4b2f-bee2-e66a44f5bcb3@group-8B8B16AD1824-LeaderElection7: ELECTION REJECTED received 2 response(s) and 0 exception(s):
2022-05-24 20:48:44,231 [a6e30353-377f-4b2f-bee2-e66a44f5bcb3@group-8B8B16AD1824-LeaderElection7] INFO  impl.LeaderElection (LeaderElection.java:logAndReturn(94)) -   Response 0: a6e30353-377f-4b2f-bee2-e66a44f5bcb3<-cdeff73f-0c88-4976-9d3a-8f87b3ebca92#0:OK-t1
2022-05-24 20:48:44,231 [a6e30353-377f-4b2f-bee2-e66a44f5bcb3@group-8B8B16AD1824-LeaderElection7] INFO  impl.LeaderElection (LeaderElection.java:logAndReturn(94)) -   Response 1: a6e30353-377f-4b2f-bee2-e66a44f5bcb3<-51ab8667-e0eb-4b1b-8092-cca2eecc2449#0:FAIL-t1
2022-05-24 20:48:44,231 [a6e30353-377f-4b2f-bee2-e66a44f5bcb3@group-8B8B16AD1824-LeaderElection7] INFO  impl.LeaderElection (LeaderElection.java:askForVotes(312)) - a6e30353-377f-4b2f-bee2-e66a44f5bcb3@group-8B8B16AD1824-LeaderElection7 ELECTION round 0: result REJECTED
2022-05-24 20:48:44,231 [a6e30353-377f-4b2f-bee2-e66a44f5bcb3@group-8B8B16AD1824-LeaderElection7] INFO  server.RaftServer$Division (RaftServerImpl.java:setRole(299)) - a6e30353-377f-4b2f-bee2-e66a44f5bcb3@group-8B8B16AD1824: changes role from CANDIDATE to FOLLOWER at term 1 for REJECTED
2022-05-24 20:48:44,231 [a6e30353-377f-4b2f-bee2-e66a44f5bcb3@group-8B8B16AD1824-LeaderElection7] INFO  impl.RoleInfo (RoleInfo.java:shutdownLeaderElection(130)) - a6e30353-377f-4b2f-bee2-e66a44f5bcb3: shutdown a6e30353-377f-4b2f-bee2-e66a44f5bcb3@group-8B8B16AD1824-LeaderElection7
2022-05-24 20:48:44,231 [a6e30353-377f-4b2f-bee2-e66a44f5bcb3@group-8B8B16AD1824-LeaderElection7] INFO  impl.RoleInfo (RoleInfo.java:updateAndGet(139)) - a6e30353-377f-4b2f-bee2-e66a44f5bcb3: start a6e30353-377f-4b2f-bee2-e66a44f5bcb3@group-8B8B16AD1824-FollowerState
2022-05-24 20:48:44,255 [a6e30353-377f-4b2f-bee2-e66a44f5bcb3@group-3832ACF7F115-FollowerState] INFO  impl.FollowerState (FollowerState.java:run(143)) - a6e30353-377f-4b2f-bee2-e66a44f5bcb3@group-3832ACF7F115-FollowerState: change to CANDIDATE, lastRpcElapsedTime:5127662696ns, electionTimeout:5126ms
2022-05-24 20:48:44,256 [a6e30353-377f-4b2f-bee2-e66a44f5bcb3@group-3832ACF7F115-FollowerState] INFO  impl.RoleInfo (RoleInfo.java:shutdownFollowerState(110)) - a6e30353-377f-4b2f-bee2-e66a44f5bcb3: shutdown a6e30353-377f-4b2f-bee2-e66a44f5bcb3@group-3832ACF7F115-FollowerState
2022-05-24 20:48:44,256 [a6e30353-377f-4b2f-bee2-e66a44f5bcb3@group-3832ACF7F115-FollowerState] INFO  server.RaftServer$Division (RaftServerImpl.java:setRole(299)) - a6e30353-377f-4b2f-bee2-e66a44f5bcb3@group-3832ACF7F115: changes role from  FOLLOWER to CANDIDATE at term 0 for changeToCandidate
2022-05-24 20:48:44,256 [a6e30353-377f-4b2f-bee2-e66a44f5bcb3@group-3832ACF7F115-FollowerState] INFO  server.RaftServerConfigKeys (ConfUtils.java:logGet(46)) - raft.server.leaderelection.pre-vote = false (custom)
2022-05-24 20:48:44,256 [a6e30353-377f-4b2f-bee2-e66a44f5bcb3@group-3832ACF7F115-FollowerState] INFO  impl.RoleInfo (RoleInfo.java:updateAndGet(139)) - a6e30353-377f-4b2f-bee2-e66a44f5bcb3: start a6e30353-377f-4b2f-bee2-e66a44f5bcb3@group-3832ACF7F115-LeaderElection8
2022-05-24 20:48:44,266 [a6e30353-377f-4b2f-bee2-e66a44f5bcb3@group-3832ACF7F115-LeaderElection8] INFO  impl.LeaderElection (LeaderElection.java:askForVotes(310)) - a6e30353-377f-4b2f-bee2-e66a44f5bcb3@group-3832ACF7F115-LeaderElection8 ELECTION round 0: submit vote requests at term 1 for -1: [a6e30353-377f-4b2f-bee2-e66a44f5bcb3|rpc:10.1.0.30:42857|priority:1], old=null
2022-05-24 20:48:44,266 [a6e30353-377f-4b2f-bee2-e66a44f5bcb3@group-3832ACF7F115-LeaderElection8] INFO  impl.LeaderElection (LeaderElection.java:askForVotes(312)) - a6e30353-377f-4b2f-bee2-e66a44f5bcb3@group-3832ACF7F115-LeaderElection8 ELECTION round 0: result PASSED (term=1)
2022-05-24 20:48:44,266 [a6e30353-377f-4b2f-bee2-e66a44f5bcb3@group-3832ACF7F115-LeaderElection8] INFO  impl.RoleInfo (RoleInfo.java:shutdownLeaderElection(130)) - a6e30353-377f-4b2f-bee2-e66a44f5bcb3: shutdown a6e30353-377f-4b2f-bee2-e66a44f5bcb3@group-3832ACF7F115-LeaderElection8
2022-05-24 20:48:44,266 [a6e30353-377f-4b2f-bee2-e66a44f5bcb3@group-3832ACF7F115-LeaderElection8] INFO  server.RaftServer$Division (RaftServerImpl.java:setRole(299)) - a6e30353-377f-4b2f-bee2-e66a44f5bcb3@group-3832ACF7F115: changes role from CANDIDATE to LEADER at term 1 for changeToLeader
2022-05-24 20:48:44,266 [a6e30353-377f-4b2f-bee2-e66a44f5bcb3@group-3832ACF7F115-LeaderElection8] INFO  ratis.XceiverServerRatis (XceiverServerRatis.java:handleLeaderChangedNotification(863)) - Leader change notification received for group: group-3832ACF7F115 with new leaderId: a6e30353-377f-4b2f-bee2-e66a44f5bcb3
2022-05-24 20:48:44,267 [a6e30353-377f-4b2f-bee2-e66a44f5bcb3@group-3832ACF7F115-LeaderElection8] INFO  server.RaftServer$Division (ServerState.java:setLeader(287)) - a6e30353-377f-4b2f-bee2-e66a44f5bcb3@group-3832ACF7F115: change Leader from null to a6e30353-377f-4b2f-bee2-e66a44f5bcb3 at term 1 for becomeLeader, leader elected after 5155ms
2022-05-24 20:48:44,267 [a6e30353-377f-4b2f-bee2-e66a44f5bcb3@group-3832ACF7F115-LeaderElection8] INFO  server.RaftServerConfigKeys (ConfUtils.java:logGet(46)) - raft.server.staging.catchup.gap = 1000 (default)
2022-05-24 20:48:44,270 [a6e30353-377f-4b2f-bee2-e66a44f5bcb3@group-3832ACF7F115-LeaderElection8] INFO  server.RaftServerConfigKeys (ConfUtils.java:logGet(46)) - raft.server.write.element-limit = 1024 (custom)
2022-05-24 20:48:44,270 [a6e30353-377f-4b2f-bee2-e66a44f5bcb3@group-3832ACF7F115-LeaderElection8] INFO  server.RaftServerConfigKeys (ConfUtils.java:logGet(46)) - raft.server.write.byte-limit = 1024 M (=1073741824) (custom)
2022-05-24 20:48:44,270 [a6e30353-377f-4b2f-bee2-e66a44f5bcb3@group-3832ACF7F115-LeaderElection8] INFO  server.RaftServerConfigKeys (ConfUtils.java:logGet(46)) - raft.server.watch.timeout = 180s (custom)
2022-05-24 20:48:44,270 [a6e30353-377f-4b2f-bee2-e66a44f5bcb3@group-3832ACF7F115-LeaderElection8] INFO  server.RaftServerConfigKeys (ConfUtils.java:logGet(46)) - raft.server.watch.timeout.denomination = 1s (default)
2022-05-24 20:48:44,270 [a6e30353-377f-4b2f-bee2-e66a44f5bcb3@group-3832ACF7F115-LeaderElection8] INFO  server.RaftServerConfigKeys (ConfUtils.java:logGet(46)) - raft.server.watch.element-limit = 65536 (default)
2022-05-24 20:48:44,271 [a6e30353-377f-4b2f-bee2-e66a44f5bcb3@group-3832ACF7F115-LeaderElection8] INFO  server.RaftServerConfigKeys (ConfUtils.java:logGet(46)) - raft.server.write.element-limit = 1024 (custom)
2022-05-24 20:48:44,271 [a6e30353-377f-4b2f-bee2-e66a44f5bcb3@group-3832ACF7F115-LeaderElection8] INFO  server.RaftServerConfigKeys (ConfUtils.java:logGet(46)) - raft.server.write.follower.gap.ratio.max = -1.0 (default)
2022-05-24 20:48:44,271 [a6e30353-377f-4b2f-bee2-e66a44f5bcb3@group-3832ACF7F115-LeaderElection8] INFO  impl.RoleInfo (RoleInfo.java:updateAndGet(139)) - a6e30353-377f-4b2f-bee2-e66a44f5bcb3: start a6e30353-377f-4b2f-bee2-e66a44f5bcb3@group-3832ACF7F115-LeaderStateImpl
2022-05-24 20:48:44,271 [a6e30353-377f-4b2f-bee2-e66a44f5bcb3@group-3832ACF7F115-LeaderElection8] INFO  segmented.SegmentedRaftLogWorker (SegmentedRaftLogWorker.java:startLogSegment(425)) - a6e30353-377f-4b2f-bee2-e66a44f5bcb3@group-3832ACF7F115-SegmentedRaftLogWorker: Starting segment from index:0
2022-05-24 20:48:44,273 [a6e30353-377f-4b2f-bee2-e66a44f5bcb3@group-3832ACF7F115-LeaderElection8] INFO  server.RaftServer$Division (ServerState.java:setRaftConf(393)) - a6e30353-377f-4b2f-bee2-e66a44f5bcb3@group-3832ACF7F115: set configuration 0: [a6e30353-377f-4b2f-bee2-e66a44f5bcb3|rpc:10.1.0.30:42857|dataStream:|priority:1], old=null
2022-05-24 20:48:44,274 [a6e30353-377f-4b2f-bee2-e66a44f5bcb3@group-3832ACF7F115-SegmentedRaftLogWorker] INFO  segmented.SegmentedRaftLogWorker (SegmentedRaftLogWorker.java:execute(629)) - a6e30353-377f-4b2f-bee2-e66a44f5bcb3@group-3832ACF7F115-SegmentedRaftLogWorker: created new log segment /home/runner/work/ozone/ozone/hadoop-ozone/integration-test/target/test-dir/MiniOzoneClusterImpl-68ae5bae-a44d-4587-ae52-251ec6d3fd1e/datanode-3/data/ratis/9047fb56-f092-4a2f-8fb5-3832acf7f115/current/log_inprogress_0
2022-05-24 20:48:44,377 [a6e30353-377f-4b2f-bee2-e66a44f5bcb3@group-4FEAA70A9A47-FollowerState] INFO  impl.FollowerState (FollowerState.java:run(143)) - a6e30353-377f-4b2f-bee2-e66a44f5bcb3@group-4FEAA70A9A47-FollowerState: change to CANDIDATE, lastRpcElapsedTime:5144543366ns, electionTimeout:5138ms
2022-05-24 20:48:44,377 [a6e30353-377f-4b2f-bee2-e66a44f5bcb3@group-4FEAA70A9A47-FollowerState] INFO  impl.RoleInfo (RoleInfo.java:shutdownFollowerState(110)) - a6e30353-377f-4b2f-bee2-e66a44f5bcb3: shutdown a6e30353-377f-4b2f-bee2-e66a44f5bcb3@group-4FEAA70A9A47-FollowerState
2022-05-24 20:48:44,378 [a6e30353-377f-4b2f-bee2-e66a44f5bcb3@group-4FEAA70A9A47-FollowerState] INFO  server.RaftServer$Division (RaftServerImpl.java:setRole(299)) - a6e30353-377f-4b2f-bee2-e66a44f5bcb3@group-4FEAA70A9A47: changes role from  FOLLOWER to CANDIDATE at term 0 for changeToCandidate
2022-05-24 20:48:44,378 [a6e30353-377f-4b2f-bee2-e66a44f5bcb3@group-4FEAA70A9A47-FollowerState] INFO  server.RaftServerConfigKeys (ConfUtils.java:logGet(46)) - raft.server.leaderelection.pre-vote = false (custom)
2022-05-24 20:48:44,378 [a6e30353-377f-4b2f-bee2-e66a44f5bcb3@group-4FEAA70A9A47-FollowerState] INFO  impl.RoleInfo (RoleInfo.java:updateAndGet(139)) - a6e30353-377f-4b2f-bee2-e66a44f5bcb3: start a6e30353-377f-4b2f-bee2-e66a44f5bcb3@group-4FEAA70A9A47-LeaderElection9
2022-05-24 20:48:44,402 [a6e30353-377f-4b2f-bee2-e66a44f5bcb3@group-4FEAA70A9A47-LeaderElection9] INFO  impl.LeaderElection (LeaderElection.java:askForVotes(310)) - a6e30353-377f-4b2f-bee2-e66a44f5bcb3@group-4FEAA70A9A47-LeaderElection9 ELECTION round 0: submit vote requests at term 1 for -1: [a6e30353-377f-4b2f-bee2-e66a44f5bcb3|rpc:10.1.0.30:42857|priority:0, cdeff73f-0c88-4976-9d3a-8f87b3ebca92|rpc:10.1.0.30:44465|priority:1, 51ab8667-e0eb-4b1b-8092-cca2eecc2449|rpc:10.1.0.30:46251|priority:0], old=null
2022-05-24 20:48:44,404 [51ab8667-e0eb-4b1b-8092-cca2eecc2449@group-4FEAA70A9A47-FollowerState] INFO  impl.FollowerState (FollowerState.java:run(143)) - 51ab8667-e0eb-4b1b-8092-cca2eecc2449@group-4FEAA70A9A47-FollowerState: change to CANDIDATE, lastRpcElapsedTime:5142355356ns, electionTimeout:5140ms
2022-05-24 20:48:44,405 [51ab8667-e0eb-4b1b-8092-cca2eecc2449@group-4FEAA70A9A47-FollowerState] INFO  impl.RoleInfo (RoleInfo.java:shutdownFollowerState(110)) - 51ab8667-e0eb-4b1b-8092-cca2eecc2449: shutdown 51ab8667-e0eb-4b1b-8092-cca2eecc2449@group-4FEAA70A9A47-FollowerState
2022-05-24 20:48:44,405 [51ab8667-e0eb-4b1b-8092-cca2eecc2449@group-4FEAA70A9A47-FollowerState] INFO  server.RaftServer$Division (RaftServerImpl.java:setRole(299)) - 51ab8667-e0eb-4b1b-8092-cca2eecc2449@group-4FEAA70A9A47: changes role from  FOLLOWER to CANDIDATE at term 0 for changeToCandidate
2022-05-24 20:48:44,415 [51ab8667-e0eb-4b1b-8092-cca2eecc2449@group-4FEAA70A9A47-FollowerState] INFO  server.RaftServerConfigKeys (ConfUtils.java:logGet(46)) - raft.server.leaderelection.pre-vote = false (custom)
2022-05-24 20:48:44,415 [51ab8667-e0eb-4b1b-8092-cca2eecc2449@group-4FEAA70A9A47-FollowerState] INFO  impl.RoleInfo (RoleInfo.java:updateAndGet(139)) - 51ab8667-e0eb-4b1b-8092-cca2eecc2449: start 51ab8667-e0eb-4b1b-8092-cca2eecc2449@group-4FEAA70A9A47-LeaderElection10
2022-05-24 20:48:44,419 [grpc-default-executor-1] INFO  server.RaftServer$Division (RaftServerImpl.java:requestVote(1152)) - cdeff73f-0c88-4976-9d3a-8f87b3ebca92@group-4FEAA70A9A47: receive requestVote(ELECTION, a6e30353-377f-4b2f-bee2-e66a44f5bcb3, group-4FEAA70A9A47, 1, (t:0, i:0))
2022-05-24 20:48:44,419 [grpc-default-executor-1] INFO  impl.VoteContext (VoteContext.java:log(48)) - cdeff73f-0c88-4976-9d3a-8f87b3ebca92@group-4FEAA70A9A47-FOLLOWER: reject ELECTION from a6e30353-377f-4b2f-bee2-e66a44f5bcb3: our priority 1 > candidate's priority 0
2022-05-24 20:48:44,419 [grpc-default-executor-1] INFO  server.RaftServer$Division (RaftServerImpl.java:setRole(299)) - cdeff73f-0c88-4976-9d3a-8f87b3ebca92@group-4FEAA70A9A47: changes role from  FOLLOWER to FOLLOWER at term 1 for candidate:a6e30353-377f-4b2f-bee2-e66a44f5bcb3
2022-05-24 20:48:44,419 [grpc-default-executor-1] INFO  impl.RoleInfo (RoleInfo.java:shutdownFollowerState(110)) - cdeff73f-0c88-4976-9d3a-8f87b3ebca92: shutdown cdeff73f-0c88-4976-9d3a-8f87b3ebca92@group-4FEAA70A9A47-FollowerState
2022-05-24 20:48:44,428 [grpc-default-executor-1] INFO  impl.RoleInfo (RoleInfo.java:updateAndGet(139)) - cdeff73f-0c88-4976-9d3a-8f87b3ebca92: start cdeff73f-0c88-4976-9d3a-8f87b3ebca92@group-4FEAA70A9A47-FollowerState
2022-05-24 20:48:44,428 [cdeff73f-0c88-4976-9d3a-8f87b3ebca92@group-4FEAA70A9A47-FollowerState] INFO  impl.FollowerState (FollowerState.java:run(152)) - cdeff73f-0c88-4976-9d3a-8f87b3ebca92@group-4FEAA70A9A47-FollowerState was interrupted
2022-05-24 20:48:44,443 [grpc-default-executor-1] INFO  server.RaftServer$Division (RaftServerImpl.java:requestVote(1184)) - cdeff73f-0c88-4976-9d3a-8f87b3ebca92@group-4FEAA70A9A47 replies to ELECTION vote request: a6e30353-377f-4b2f-bee2-e66a44f5bcb3<-cdeff73f-0c88-4976-9d3a-8f87b3ebca92#0:FAIL-t1. Peer's state: cdeff73f-0c88-4976-9d3a-8f87b3ebca92@group-4FEAA70A9A47:t1, leader=null, voted=null, raftlog=cdeff73f-0c88-4976-9d3a-8f87b3ebca92@group-4FEAA70A9A47-SegmentedRaftLog:OPENED:c-1, conf=-1: [a6e30353-377f-4b2f-bee2-e66a44f5bcb3|rpc:10.1.0.30:42857|dataStream:|priority:0, cdeff73f-0c88-4976-9d3a-8f87b3ebca92|rpc:10.1.0.30:44465|dataStream:|priority:1, 51ab8667-e0eb-4b1b-8092-cca2eecc2449|rpc:10.1.0.30:46251|dataStream:|priority:0], old=null
2022-05-24 20:48:44,443 [51ab8667-e0eb-4b1b-8092-cca2eecc2449@group-4FEAA70A9A47-LeaderElection10] INFO  impl.LeaderElection (LeaderElection.java:askForVotes(310)) - 51ab8667-e0eb-4b1b-8092-cca2eecc2449@group-4FEAA70A9A47-LeaderElection10 ELECTION round 0: submit vote requests at term 1 for -1: [a6e30353-377f-4b2f-bee2-e66a44f5bcb3|rpc:10.1.0.30:42857|dataStream:|priority:0, cdeff73f-0c88-4976-9d3a-8f87b3ebca92|rpc:10.1.0.30:44465|dataStream:|priority:1, 51ab8667-e0eb-4b1b-8092-cca2eecc2449|rpc:10.1.0.30:46251|dataStream:|priority:0], old=null
2022-05-24 20:48:44,445 [grpc-default-executor-0] INFO  server.RaftServer$Division (RaftServerImpl.java:requestVote(1152)) - 51ab8667-e0eb-4b1b-8092-cca2eecc2449@group-4FEAA70A9A47: receive requestVote(ELECTION, a6e30353-377f-4b2f-bee2-e66a44f5bcb3, group-4FEAA70A9A47, 1, (t:0, i:0))
2022-05-24 20:48:44,463 [grpc-default-executor-0] INFO  impl.VoteContext (VoteContext.java:log(48)) - 51ab8667-e0eb-4b1b-8092-cca2eecc2449@group-4FEAA70A9A47-CANDIDATE: reject ELECTION from a6e30353-377f-4b2f-bee2-e66a44f5bcb3: already has voted for 51ab8667-e0eb-4b1b-8092-cca2eecc2449 at current term 1
2022-05-24 20:48:44,464 [grpc-default-executor-0] INFO  server.RaftServer$Division (RaftServerImpl.java:requestVote(1184)) - 51ab8667-e0eb-4b1b-8092-cca2eecc2449@group-4FEAA70A9A47 replies to ELECTION vote request: a6e30353-377f-4b2f-bee2-e66a44f5bcb3<-51ab8667-e0eb-4b1b-8092-cca2eecc2449#0:FAIL-t1. Peer's state: 51ab8667-e0eb-4b1b-8092-cca2eecc2449@group-4FEAA70A9A47:t1, leader=null, voted=51ab8667-e0eb-4b1b-8092-cca2eecc2449, raftlog=51ab8667-e0eb-4b1b-8092-cca2eecc2449@group-4FEAA70A9A47-SegmentedRaftLog:OPENED:c-1, conf=-1: [a6e30353-377f-4b2f-bee2-e66a44f5bcb3|rpc:10.1.0.30:42857|dataStream:|priority:0, cdeff73f-0c88-4976-9d3a-8f87b3ebca92|rpc:10.1.0.30:44465|dataStream:|priority:1, 51ab8667-e0eb-4b1b-8092-cca2eecc2449|rpc:10.1.0.30:46251|dataStream:|priority:0], old=null
2022-05-24 20:48:44,464 [a6e30353-377f-4b2f-bee2-e66a44f5bcb3@group-4FEAA70A9A47-LeaderElection9] INFO  impl.LeaderElection (LeaderElection.java:logAndReturn(90)) - a6e30353-377f-4b2f-bee2-e66a44f5bcb3@group-4FEAA70A9A47-LeaderElection9: ELECTION REJECTED received 1 response(s) and 0 exception(s):
2022-05-24 20:48:44,475 [a6e30353-377f-4b2f-bee2-e66a44f5bcb3@group-4FEAA70A9A47-LeaderElection9] INFO  impl.LeaderElection (LeaderElection.java:logAndReturn(94)) -   Response 0: a6e30353-377f-4b2f-bee2-e66a44f5bcb3<-cdeff73f-0c88-4976-9d3a-8f87b3ebca92#0:FAIL-t1
2022-05-24 20:48:44,475 [grpc-default-executor-0] INFO  server.RaftServer$Division (RaftServerImpl.java:requestVote(1152)) - a6e30353-377f-4b2f-bee2-e66a44f5bcb3@group-4FEAA70A9A47: receive requestVote(ELECTION, 51ab8667-e0eb-4b1b-8092-cca2eecc2449, group-4FEAA70A9A47, 1, (t:0, i:0))
2022-05-24 20:48:44,483 [grpc-default-executor-0] INFO  impl.VoteContext (VoteContext.java:log(48)) - a6e30353-377f-4b2f-bee2-e66a44f5bcb3@group-4FEAA70A9A47-CANDIDATE: reject ELECTION from 51ab8667-e0eb-4b1b-8092-cca2eecc2449: already has voted for a6e30353-377f-4b2f-bee2-e66a44f5bcb3 at current term 1
2022-05-24 20:48:44,484 [grpc-default-executor-0] INFO  server.RaftServer$Division (RaftServerImpl.java:requestVote(1184)) - a6e30353-377f-4b2f-bee2-e66a44f5bcb3@group-4FEAA70A9A47 replies to ELECTION vote request: 51ab8667-e0eb-4b1b-8092-cca2eecc2449<-a6e30353-377f-4b2f-bee2-e66a44f5bcb3#0:FAIL-t1. Peer's state: a6e30353-377f-4b2f-bee2-e66a44f5bcb3@group-4FEAA70A9A47:t1, leader=null, voted=a6e30353-377f-4b2f-bee2-e66a44f5bcb3, raftlog=a6e30353-377f-4b2f-bee2-e66a44f5bcb3@group-4FEAA70A9A47-SegmentedRaftLog:OPENED:c-1, conf=-1: [a6e30353-377f-4b2f-bee2-e66a44f5bcb3|rpc:10.1.0.30:42857|priority:0, cdeff73f-0c88-4976-9d3a-8f87b3ebca92|rpc:10.1.0.30:44465|priority:1, 51ab8667-e0eb-4b1b-8092-cca2eecc2449|rpc:10.1.0.30:46251|priority:0], old=null
2022-05-24 20:48:44,475 [grpc-default-executor-1] INFO  server.RaftServer$Division (RaftServerImpl.java:requestVote(1152)) - cdeff73f-0c88-4976-9d3a-8f87b3ebca92@group-4FEAA70A9A47: receive requestVote(ELECTION, 51ab8667-e0eb-4b1b-8092-cca2eecc2449, group-4FEAA70A9A47, 1, (t:0, i:0))
2022-05-24 20:48:44,484 [grpc-default-executor-1] INFO  impl.VoteContext (VoteContext.java:log(48)) - cdeff73f-0c88-4976-9d3a-8f87b3ebca92@group-4FEAA70A9A47-FOLLOWER: reject ELECTION from 51ab8667-e0eb-4b1b-8092-cca2eecc2449: our priority 1 > candidate's priority 0
2022-05-24 20:48:44,484 [grpc-default-executor-1] INFO  server.RaftServer$Division (RaftServerImpl.java:setRole(299)) - cdeff73f-0c88-4976-9d3a-8f87b3ebca92@group-4FEAA70A9A47: changes role from  FOLLOWER to FOLLOWER at term 1 for candidate:51ab8667-e0eb-4b1b-8092-cca2eecc2449
2022-05-24 20:48:44,484 [grpc-default-executor-1] INFO  impl.RoleInfo (RoleInfo.java:shutdownFollowerState(110)) - cdeff73f-0c88-4976-9d3a-8f87b3ebca92: shutdown cdeff73f-0c88-4976-9d3a-8f87b3ebca92@group-4FEAA70A9A47-FollowerState
2022-05-24 20:48:44,484 [grpc-default-executor-1] INFO  impl.RoleInfo (RoleInfo.java:updateAndGet(139)) - cdeff73f-0c88-4976-9d3a-8f87b3ebca92: start cdeff73f-0c88-4976-9d3a-8f87b3ebca92@group-4FEAA70A9A47-FollowerState
2022-05-24 20:48:44,475 [a6e30353-377f-4b2f-bee2-e66a44f5bcb3@group-4FEAA70A9A47-LeaderElection9] INFO  impl.LeaderElection (LeaderElection.java:askForVotes(312)) - a6e30353-377f-4b2f-bee2-e66a44f5bcb3@group-4FEAA70A9A47-LeaderElection9 ELECTION round 0: result REJECTED
2022-05-24 20:48:44,484 [grpc-default-executor-1] INFO  server.RaftServer$Division (RaftServerImpl.java:requestVote(1184)) - cdeff73f-0c88-4976-9d3a-8f87b3ebca92@group-4FEAA70A9A47 replies to ELECTION vote request: 51ab8667-e0eb-4b1b-8092-cca2eecc2449<-cdeff73f-0c88-4976-9d3a-8f87b3ebca92#0:FAIL-t1. Peer's state: cdeff73f-0c88-4976-9d3a-8f87b3ebca92@group-4FEAA70A9A47:t1, leader=null, voted=null, raftlog=cdeff73f-0c88-4976-9d3a-8f87b3ebca92@group-4FEAA70A9A47-SegmentedRaftLog:OPENED:c-1, conf=-1: [a6e30353-377f-4b2f-bee2-e66a44f5bcb3|rpc:10.1.0.30:42857|dataStream:|priority:0, cdeff73f-0c88-4976-9d3a-8f87b3ebca92|rpc:10.1.0.30:44465|dataStream:|priority:1, 51ab8667-e0eb-4b1b-8092-cca2eecc2449|rpc:10.1.0.30:46251|dataStream:|priority:0], old=null
2022-05-24 20:48:44,484 [cdeff73f-0c88-4976-9d3a-8f87b3ebca92@group-4FEAA70A9A47-FollowerState] INFO  impl.FollowerState (FollowerState.java:run(152)) - cdeff73f-0c88-4976-9d3a-8f87b3ebca92@group-4FEAA70A9A47-FollowerState was interrupted
2022-05-24 20:48:44,499 [a6e30353-377f-4b2f-bee2-e66a44f5bcb3@group-4FEAA70A9A47-LeaderElection9] INFO  server.RaftServer$Division (RaftServerImpl.java:setRole(299)) - a6e30353-377f-4b2f-bee2-e66a44f5bcb3@group-4FEAA70A9A47: changes role from CANDIDATE to FOLLOWER at term 1 for REJECTED
2022-05-24 20:48:44,514 [a6e30353-377f-4b2f-bee2-e66a44f5bcb3@group-4FEAA70A9A47-LeaderElection9] INFO  impl.RoleInfo (RoleInfo.java:shutdownLeaderElection(130)) - a6e30353-377f-4b2f-bee2-e66a44f5bcb3: shutdown a6e30353-377f-4b2f-bee2-e66a44f5bcb3@group-4FEAA70A9A47-LeaderElection9
2022-05-24 20:48:44,514 [a6e30353-377f-4b2f-bee2-e66a44f5bcb3@group-4FEAA70A9A47-LeaderElection9] INFO  impl.RoleInfo (RoleInfo.java:updateAndGet(139)) - a6e30353-377f-4b2f-bee2-e66a44f5bcb3: start a6e30353-377f-4b2f-bee2-e66a44f5bcb3@group-4FEAA70A9A47-FollowerState
2022-05-24 20:48:44,515 [51ab8667-e0eb-4b1b-8092-cca2eecc2449@group-4FEAA70A9A47-LeaderElection10] INFO  impl.LeaderElection (LeaderElection.java:logAndReturn(90)) - 51ab8667-e0eb-4b1b-8092-cca2eecc2449@group-4FEAA70A9A47-LeaderElection10: ELECTION REJECTED received 2 response(s) and 0 exception(s):
2022-05-24 20:48:44,515 [51ab8667-e0eb-4b1b-8092-cca2eecc2449@group-4FEAA70A9A47-LeaderElection10] INFO  impl.LeaderElection (LeaderElection.java:logAndReturn(94)) -   Response 0: 51ab8667-e0eb-4b1b-8092-cca2eecc2449<-a6e30353-377f-4b2f-bee2-e66a44f5bcb3#0:FAIL-t1
2022-05-24 20:48:44,515 [51ab8667-e0eb-4b1b-8092-cca2eecc2449@group-4FEAA70A9A47-LeaderElection10] INFO  impl.LeaderElection (LeaderElection.java:logAndReturn(94)) -   Response 1: 51ab8667-e0eb-4b1b-8092-cca2eecc2449<-cdeff73f-0c88-4976-9d3a-8f87b3ebca92#0:FAIL-t1
2022-05-24 20:48:44,518 [51ab8667-e0eb-4b1b-8092-cca2eecc2449@group-4FEAA70A9A47-LeaderElection10] INFO  impl.LeaderElection (LeaderElection.java:askForVotes(312)) - 51ab8667-e0eb-4b1b-8092-cca2eecc2449@group-4FEAA70A9A47-LeaderElection10 ELECTION round 0: result REJECTED
2022-05-24 20:48:44,518 [51ab8667-e0eb-4b1b-8092-cca2eecc2449@group-4FEAA70A9A47-LeaderElection10] INFO  server.RaftServer$Division (RaftServerImpl.java:setRole(299)) - 51ab8667-e0eb-4b1b-8092-cca2eecc2449@group-4FEAA70A9A47: changes role from CANDIDATE to FOLLOWER at term 1 for REJECTED
2022-05-24 20:48:44,519 [51ab8667-e0eb-4b1b-8092-cca2eecc2449@group-4FEAA70A9A47-LeaderElection10] INFO  impl.RoleInfo (RoleInfo.java:shutdownLeaderElection(130)) - 51ab8667-e0eb-4b1b-8092-cca2eecc2449: shutdown 51ab8667-e0eb-4b1b-8092-cca2eecc2449@group-4FEAA70A9A47-LeaderElection10
2022-05-24 20:48:44,519 [51ab8667-e0eb-4b1b-8092-cca2eecc2449@group-4FEAA70A9A47-LeaderElection10] INFO  impl.RoleInfo (RoleInfo.java:updateAndGet(139)) - 51ab8667-e0eb-4b1b-8092-cca2eecc2449: start 51ab8667-e0eb-4b1b-8092-cca2eecc2449@group-4FEAA70A9A47-FollowerState
2022-05-24 20:48:44,540 [Listener at 127.0.0.1/44485] INFO  ozone.MiniOzoneClusterImpl (MiniOzoneClusterImpl.java:getStorageContainerLocationClient(344)) - Creating StorageContainerLocationProtocol RPC client with address /0.0.0.0:39153
2022-05-24 20:48:44,569 [cdeff73f-0c88-4976-9d3a-8f87b3ebca92@group-7840FB39003E-FollowerState] INFO  impl.FollowerState (FollowerState.java:run(143)) - cdeff73f-0c88-4976-9d3a-8f87b3ebca92@group-7840FB39003E-FollowerState: change to CANDIDATE, lastRpcElapsedTime:5163714144ns, electionTimeout:5163ms
2022-05-24 20:48:44,569 [cdeff73f-0c88-4976-9d3a-8f87b3ebca92@group-7840FB39003E-FollowerState] INFO  impl.RoleInfo (RoleInfo.java:shutdownFollowerState(110)) - cdeff73f-0c88-4976-9d3a-8f87b3ebca92: shutdown cdeff73f-0c88-4976-9d3a-8f87b3ebca92@group-7840FB39003E-FollowerState
2022-05-24 20:48:44,569 [cdeff73f-0c88-4976-9d3a-8f87b3ebca92@group-7840FB39003E-FollowerState] INFO  server.RaftServer$Division (RaftServerImpl.java:setRole(299)) - cdeff73f-0c88-4976-9d3a-8f87b3ebca92@group-7840FB39003E: changes role from  FOLLOWER to CANDIDATE at term 0 for changeToCandidate
2022-05-24 20:48:44,569 [cdeff73f-0c88-4976-9d3a-8f87b3ebca92@group-7840FB39003E-FollowerState] INFO  server.RaftServerConfigKeys (ConfUtils.java:logGet(46)) - raft.server.leaderelection.pre-vote = false (custom)
2022-05-24 20:48:44,569 [cdeff73f-0c88-4976-9d3a-8f87b3ebca92@group-7840FB39003E-FollowerState] INFO  impl.RoleInfo (RoleInfo.java:updateAndGet(139)) - cdeff73f-0c88-4976-9d3a-8f87b3ebca92: start cdeff73f-0c88-4976-9d3a-8f87b3ebca92@group-7840FB39003E-LeaderElection11
2022-05-24 20:48:44,585 [cdeff73f-0c88-4976-9d3a-8f87b3ebca92@group-7840FB39003E-LeaderElection11] INFO  impl.LeaderElection (LeaderElection.java:askForVotes(310)) - cdeff73f-0c88-4976-9d3a-8f87b3ebca92@group-7840FB39003E-LeaderElection11 ELECTION round 0: submit vote requests at term 1 for -1: [cdeff73f-0c88-4976-9d3a-8f87b3ebca92|rpc:10.1.0.30:44465|priority:1], old=null
2022-05-24 20:48:44,585 [cdeff73f-0c88-4976-9d3a-8f87b3ebca92@group-7840FB39003E-LeaderElection11] INFO  impl.LeaderElection (LeaderElection.java:askForVotes(312)) - cdeff73f-0c88-4976-9d3a-8f87b3ebca92@group-7840FB39003E-LeaderElection11 ELECTION round 0: result PASSED (term=1)
2022-05-24 20:48:44,585 [cdeff73f-0c88-4976-9d3a-8f87b3ebca92@group-7840FB39003E-LeaderElection11] INFO  impl.RoleInfo (RoleInfo.java:shutdownLeaderElection(130)) - cdeff73f-0c88-4976-9d3a-8f87b3ebca92: shutdown cdeff73f-0c88-4976-9d3a-8f87b3ebca92@group-7840FB39003E-LeaderElection11
2022-05-24 20:48:44,585 [cdeff73f-0c88-4976-9d3a-8f87b3ebca92@group-7840FB39003E-LeaderElection11] INFO  server.RaftServer$Division (RaftServerImpl.java:setRole(299)) - cdeff73f-0c88-4976-9d3a-8f87b3ebca92@group-7840FB39003E: changes role from CANDIDATE to LEADER at term 1 for changeToLeader
2022-05-24 20:48:44,585 [cdeff73f-0c88-4976-9d3a-8f87b3ebca92@group-7840FB39003E-LeaderElection11] INFO  ratis.XceiverServerRatis (XceiverServerRatis.java:handleLeaderChangedNotification(863)) - Leader change notification received for group: group-7840FB39003E with new leaderId: cdeff73f-0c88-4976-9d3a-8f87b3ebca92
2022-05-24 20:48:44,585 [cdeff73f-0c88-4976-9d3a-8f87b3ebca92@group-7840FB39003E-LeaderElection11] INFO  server.RaftServer$Division (ServerState.java:setLeader(287)) - cdeff73f-0c88-4976-9d3a-8f87b3ebca92@group-7840FB39003E: change Leader from null to cdeff73f-0c88-4976-9d3a-8f87b3ebca92 at term 1 for becomeLeader, leader elected after 5184ms
2022-05-24 20:48:44,585 [cdeff73f-0c88-4976-9d3a-8f87b3ebca92@group-7840FB39003E-LeaderElection11] INFO  server.RaftServerConfigKeys (ConfUtils.java:logGet(46)) - raft.server.staging.catchup.gap = 1000 (default)
2022-05-24 20:48:44,587 [cdeff73f-0c88-4976-9d3a-8f87b3ebca92@group-7840FB39003E-LeaderElection11] INFO  server.RaftServerConfigKeys (ConfUtils.java:logGet(46)) - raft.server.write.element-limit = 1024 (custom)
2022-05-24 20:48:44,587 [cdeff73f-0c88-4976-9d3a-8f87b3ebca92@group-7840FB39003E-LeaderElection11] INFO  server.RaftServerConfigKeys (ConfUtils.java:logGet(46)) - raft.server.write.byte-limit = 1024 M (=1073741824) (custom)
2022-05-24 20:48:44,589 [cdeff73f-0c88-4976-9d3a-8f87b3ebca92@group-7840FB39003E-LeaderElection11] INFO  server.RaftServerConfigKeys (ConfUtils.java:logGet(46)) - raft.server.watch.timeout = 180s (custom)
2022-05-24 20:48:44,589 [cdeff73f-0c88-4976-9d3a-8f87b3ebca92@group-7840FB39003E-LeaderElection11] INFO  server.RaftServerConfigKeys (ConfUtils.java:logGet(46)) - raft.server.watch.timeout.denomination = 1s (default)
2022-05-24 20:48:44,589 [cdeff73f-0c88-4976-9d3a-8f87b3ebca92@group-7840FB39003E-LeaderElection11] INFO  server.RaftServerConfigKeys (ConfUtils.java:logGet(46)) - raft.server.watch.element-limit = 65536 (default)
2022-05-24 20:48:44,589 [cdeff73f-0c88-4976-9d3a-8f87b3ebca92@group-7840FB39003E-LeaderElection11] INFO  server.RaftServerConfigKeys (ConfUtils.java:logGet(46)) - raft.server.write.element-limit = 1024 (custom)
2022-05-24 20:48:44,589 [cdeff73f-0c88-4976-9d3a-8f87b3ebca92@group-7840FB39003E-LeaderElection11] INFO  server.RaftServerConfigKeys (ConfUtils.java:logGet(46)) - raft.server.write.follower.gap.ratio.max = -1.0 (default)
2022-05-24 20:48:44,589 [cdeff73f-0c88-4976-9d3a-8f87b3ebca92@group-7840FB39003E-LeaderElection11] INFO  impl.RoleInfo (RoleInfo.java:updateAndGet(139)) - cdeff73f-0c88-4976-9d3a-8f87b3ebca92: start cdeff73f-0c88-4976-9d3a-8f87b3ebca92@group-7840FB39003E-LeaderStateImpl
2022-05-24 20:48:44,589 [cdeff73f-0c88-4976-9d3a-8f87b3ebca92@group-7840FB39003E-LeaderElection11] INFO  segmented.SegmentedRaftLogWorker (SegmentedRaftLogWorker.java:startLogSegment(425)) - cdeff73f-0c88-4976-9d3a-8f87b3ebca92@group-7840FB39003E-SegmentedRaftLogWorker: Starting segment from index:0
2022-05-24 20:48:44,591 [cdeff73f-0c88-4976-9d3a-8f87b3ebca92@group-7840FB39003E-SegmentedRaftLogWorker] INFO  segmented.SegmentedRaftLogWorker (SegmentedRaftLogWorker.java:execute(629)) - cdeff73f-0c88-4976-9d3a-8f87b3ebca92@group-7840FB39003E-SegmentedRaftLogWorker: created new log segment /home/runner/work/ozone/ozone/hadoop-ozone/integration-test/target/test-dir/MiniOzoneClusterImpl-68ae5bae-a44d-4587-ae52-251ec6d3fd1e/datanode-4/data/ratis/d459a9d5-efba-4b13-a11e-7840fb39003e/current/log_inprogress_0
2022-05-24 20:48:44,596 [cdeff73f-0c88-4976-9d3a-8f87b3ebca92@group-7840FB39003E-LeaderElection11] INFO  server.RaftServer$Division (ServerState.java:setRaftConf(393)) - cdeff73f-0c88-4976-9d3a-8f87b3ebca92@group-7840FB39003E: set configuration 0: [cdeff73f-0c88-4976-9d3a-8f87b3ebca92|rpc:10.1.0.30:44465|dataStream:|priority:1], old=null
2022-05-24 20:48:44,603 [Listener at 127.0.0.1/44485] INFO  rpc.RpcClient (RpcClient.java:createVolume(457)) - Creating Volume: 7c1f3bd4-ec06-434d-a30a-8f11ad5b233a, with runner as owner and space quota set to -1 bytes, counts quota set to -1
2022-05-24 20:48:44,653 [OM StateMachine ApplyTransaction Thread - 0] INFO  volume.OMVolumeCreateRequest (OMVolumeCreateRequest.java:validateAndUpdateCache(195)) - created volume:7c1f3bd4-ec06-434d-a30a-8f11ad5b233a for user:runner
2022-05-24 20:48:44,677 [Listener at 127.0.0.1/44485] INFO  rpc.RpcClient (RpcClient.java:createBucket(646)) - Creating Bucket: 7c1f3bd4-ec06-434d-a30a-8f11ad5b233a/bea15ab5-25cc-4b84-9b9e-e32361dd398a, with runner as owner and Versioning true and Storage Type set to DISK and Encryption set to false 
2022-05-24 20:48:44,693 [OM StateMachine ApplyTransaction Thread - 0] INFO  bucket.OMBucketCreateRequest (OMBucketCreateRequest.java:validateAndUpdateCache(258)) - created bucket: bea15ab5-25cc-4b84-9b9e-e32361dd398a of layout OBJECT_STORE in volume: 7c1f3bd4-ec06-434d-a30a-8f11ad5b233a
2022-05-24 20:48:44,771 [IPC Server handler 3 on default port 44411] INFO  ha.SequenceIdGenerator (SequenceIdGenerator.java:getNextId(127)) - Allocate a batch for containerId, change lastId from 0 to 1000.
2022-05-24 20:48:44,780 [IPC Server handler 3 on default port 44411] WARN  ha.SequenceIdGenerator (SequenceIdGenerator.java:allocateBatch(235)) - Failed to allocate a batch for localId, expected lastId is 0, actual lastId is 109611004723200000.
2022-05-24 20:48:44,780 [IPC Server handler 3 on default port 44411] INFO  ha.SequenceIdGenerator (SequenceIdGenerator.java:getNextId(127)) - Allocate a batch for localId, change lastId from 109611004723200000 to 109611004723201000.
2022-05-24 20:48:44,856 [51ab8667-e0eb-4b1b-8092-cca2eecc2449@group-EC6BD6B41A18-FollowerState] INFO  impl.FollowerState (FollowerState.java:run(143)) - 51ab8667-e0eb-4b1b-8092-cca2eecc2449@group-EC6BD6B41A18-FollowerState: change to CANDIDATE, lastRpcElapsedTime:5151948097ns, electionTimeout:5151ms
2022-05-24 20:48:44,857 [51ab8667-e0eb-4b1b-8092-cca2eecc2449@group-EC6BD6B41A18-FollowerState] INFO  impl.RoleInfo (RoleInfo.java:shutdownFollowerState(110)) - 51ab8667-e0eb-4b1b-8092-cca2eecc2449: shutdown 51ab8667-e0eb-4b1b-8092-cca2eecc2449@group-EC6BD6B41A18-FollowerState
2022-05-24 20:48:44,857 [51ab8667-e0eb-4b1b-8092-cca2eecc2449@group-EC6BD6B41A18-FollowerState] INFO  server.RaftServer$Division (RaftServerImpl.java:setRole(299)) - 51ab8667-e0eb-4b1b-8092-cca2eecc2449@group-EC6BD6B41A18: changes role from  FOLLOWER to CANDIDATE at term 0 for changeToCandidate
2022-05-24 20:48:44,857 [51ab8667-e0eb-4b1b-8092-cca2eecc2449@group-EC6BD6B41A18-FollowerState] INFO  server.RaftServerConfigKeys (ConfUtils.java:logGet(46)) - raft.server.leaderelection.pre-vote = false (custom)
2022-05-24 20:48:44,857 [51ab8667-e0eb-4b1b-8092-cca2eecc2449@group-EC6BD6B41A18-FollowerState] INFO  impl.RoleInfo (RoleInfo.java:updateAndGet(139)) - 51ab8667-e0eb-4b1b-8092-cca2eecc2449: start 51ab8667-e0eb-4b1b-8092-cca2eecc2449@group-EC6BD6B41A18-LeaderElection12
2022-05-24 20:48:44,866 [51ab8667-e0eb-4b1b-8092-cca2eecc2449@group-EC6BD6B41A18-LeaderElection12] INFO  impl.LeaderElection (LeaderElection.java:askForVotes(310)) - 51ab8667-e0eb-4b1b-8092-cca2eecc2449@group-EC6BD6B41A18-LeaderElection12 ELECTION round 0: submit vote requests at term 1 for -1: [51ab8667-e0eb-4b1b-8092-cca2eecc2449|rpc:10.1.0.30:46251|priority:1], old=null
2022-05-24 20:48:44,866 [51ab8667-e0eb-4b1b-8092-cca2eecc2449@group-EC6BD6B41A18-LeaderElection12] INFO  impl.LeaderElection (LeaderElection.java:askForVotes(312)) - 51ab8667-e0eb-4b1b-8092-cca2eecc2449@group-EC6BD6B41A18-LeaderElection12 ELECTION round 0: result PASSED (term=1)
2022-05-24 20:48:44,866 [51ab8667-e0eb-4b1b-8092-cca2eecc2449@group-EC6BD6B41A18-LeaderElection12] INFO  impl.RoleInfo (RoleInfo.java:shutdownLeaderElection(130)) - 51ab8667-e0eb-4b1b-8092-cca2eecc2449: shutdown 51ab8667-e0eb-4b1b-8092-cca2eecc2449@group-EC6BD6B41A18-LeaderElection12
2022-05-24 20:48:44,866 [51ab8667-e0eb-4b1b-8092-cca2eecc2449@group-EC6BD6B41A18-LeaderElection12] INFO  server.RaftServer$Division (RaftServerImpl.java:setRole(299)) - 51ab8667-e0eb-4b1b-8092-cca2eecc2449@group-EC6BD6B41A18: changes role from CANDIDATE to LEADER at term 1 for changeToLeader
2022-05-24 20:48:44,866 [51ab8667-e0eb-4b1b-8092-cca2eecc2449@group-EC6BD6B41A18-LeaderElection12] INFO  ratis.XceiverServerRatis (XceiverServerRatis.java:handleLeaderChangedNotification(863)) - Leader change notification received for group: group-EC6BD6B41A18 with new leaderId: 51ab8667-e0eb-4b1b-8092-cca2eecc2449
2022-05-24 20:48:44,866 [51ab8667-e0eb-4b1b-8092-cca2eecc2449@group-EC6BD6B41A18-LeaderElection12] INFO  server.RaftServer$Division (ServerState.java:setLeader(287)) - 51ab8667-e0eb-4b1b-8092-cca2eecc2449@group-EC6BD6B41A18: change Leader from null to 51ab8667-e0eb-4b1b-8092-cca2eecc2449 at term 1 for becomeLeader, leader elected after 5170ms
2022-05-24 20:48:44,866 [51ab8667-e0eb-4b1b-8092-cca2eecc2449@group-EC6BD6B41A18-LeaderElection12] INFO  server.RaftServerConfigKeys (ConfUtils.java:logGet(46)) - raft.server.staging.catchup.gap = 1000 (default)
2022-05-24 20:48:44,866 [51ab8667-e0eb-4b1b-8092-cca2eecc2449@group-EC6BD6B41A18-LeaderElection12] INFO  server.RaftServerConfigKeys (ConfUtils.java:logGet(46)) - raft.server.write.element-limit = 1024 (custom)
2022-05-24 20:48:44,867 [51ab8667-e0eb-4b1b-8092-cca2eecc2449@group-EC6BD6B41A18-LeaderElection12] INFO  server.RaftServerConfigKeys (ConfUtils.java:logGet(46)) - raft.server.write.byte-limit = 1024 M (=1073741824) (custom)
2022-05-24 20:48:44,867 [51ab8667-e0eb-4b1b-8092-cca2eecc2449@group-EC6BD6B41A18-LeaderElection12] INFO  server.RaftServerConfigKeys (ConfUtils.java:logGet(46)) - raft.server.watch.timeout = 180s (custom)
2022-05-24 20:48:44,867 [51ab8667-e0eb-4b1b-8092-cca2eecc2449@group-EC6BD6B41A18-LeaderElection12] INFO  server.RaftServerConfigKeys (ConfUtils.java:logGet(46)) - raft.server.watch.timeout.denomination = 1s (default)
2022-05-24 20:48:44,868 [51ab8667-e0eb-4b1b-8092-cca2eecc2449@group-EC6BD6B41A18-LeaderElection12] INFO  server.RaftServerConfigKeys (ConfUtils.java:logGet(46)) - raft.server.watch.element-limit = 65536 (default)
2022-05-24 20:48:44,868 [51ab8667-e0eb-4b1b-8092-cca2eecc2449@group-EC6BD6B41A18-LeaderElection12] INFO  server.RaftServerConfigKeys (ConfUtils.java:logGet(46)) - raft.server.write.element-limit = 1024 (custom)
2022-05-24 20:48:44,868 [51ab8667-e0eb-4b1b-8092-cca2eecc2449@group-EC6BD6B41A18-LeaderElection12] INFO  server.RaftServerConfigKeys (ConfUtils.java:logGet(46)) - raft.server.write.follower.gap.ratio.max = -1.0 (default)
2022-05-24 20:48:44,868 [51ab8667-e0eb-4b1b-8092-cca2eecc2449@group-EC6BD6B41A18-LeaderElection12] INFO  impl.RoleInfo (RoleInfo.java:updateAndGet(139)) - 51ab8667-e0eb-4b1b-8092-cca2eecc2449: start 51ab8667-e0eb-4b1b-8092-cca2eecc2449@group-EC6BD6B41A18-LeaderStateImpl
2022-05-24 20:48:44,868 [51ab8667-e0eb-4b1b-8092-cca2eecc2449@group-EC6BD6B41A18-LeaderElection12] INFO  segmented.SegmentedRaftLogWorker (SegmentedRaftLogWorker.java:startLogSegment(425)) - 51ab8667-e0eb-4b1b-8092-cca2eecc2449@group-EC6BD6B41A18-SegmentedRaftLogWorker: Starting segment from index:0
2022-05-24 20:48:44,871 [51ab8667-e0eb-4b1b-8092-cca2eecc2449@group-EC6BD6B41A18-LeaderElection12] INFO  server.RaftServer$Division (ServerState.java:setRaftConf(393)) - 51ab8667-e0eb-4b1b-8092-cca2eecc2449@group-EC6BD6B41A18: set configuration 0: [51ab8667-e0eb-4b1b-8092-cca2eecc2449|rpc:10.1.0.30:46251|dataStream:|priority:1], old=null
2022-05-24 20:48:44,872 [51ab8667-e0eb-4b1b-8092-cca2eecc2449@group-EC6BD6B41A18-SegmentedRaftLogWorker] INFO  segmented.SegmentedRaftLogWorker (SegmentedRaftLogWorker.java:execute(629)) - 51ab8667-e0eb-4b1b-8092-cca2eecc2449@group-EC6BD6B41A18-SegmentedRaftLogWorker: created new log segment /home/runner/work/ozone/ozone/hadoop-ozone/integration-test/target/test-dir/MiniOzoneClusterImpl-68ae5bae-a44d-4587-ae52-251ec6d3fd1e/datanode-5/data/ratis/e6ac303e-accb-406f-a4ea-ec6bd6b41a18/current/log_inprogress_0
2022-05-24 20:48:44,879 [Listener at 127.0.0.1/44485] INFO  impl.MetricsSystemImpl (MetricsSystemImpl.java:init(158)) - XceiverClientMetrics metrics system started (again)
2022-05-24 20:48:45,125 [2d640a7f-eabf-4d86-860e-09f863e1ed92@group-6DA54ED0E188-FollowerState] INFO  impl.FollowerState (FollowerState.java:run(143)) - 2d640a7f-eabf-4d86-860e-09f863e1ed92@group-6DA54ED0E188-FollowerState: change to CANDIDATE, lastRpcElapsedTime:5054378897ns, electionTimeout:5051ms
2022-05-24 20:48:45,125 [2d640a7f-eabf-4d86-860e-09f863e1ed92@group-6DA54ED0E188-FollowerState] INFO  impl.RoleInfo (RoleInfo.java:shutdownFollowerState(110)) - 2d640a7f-eabf-4d86-860e-09f863e1ed92: shutdown 2d640a7f-eabf-4d86-860e-09f863e1ed92@group-6DA54ED0E188-FollowerState
2022-05-24 20:48:45,125 [2d640a7f-eabf-4d86-860e-09f863e1ed92@group-6DA54ED0E188-FollowerState] INFO  server.RaftServer$Division (RaftServerImpl.java:setRole(299)) - 2d640a7f-eabf-4d86-860e-09f863e1ed92@group-6DA54ED0E188: changes role from  FOLLOWER to CANDIDATE at term 0 for changeToCandidate
2022-05-24 20:48:45,125 [2d640a7f-eabf-4d86-860e-09f863e1ed92@group-6DA54ED0E188-FollowerState] INFO  server.RaftServerConfigKeys (ConfUtils.java:logGet(46)) - raft.server.leaderelection.pre-vote = false (custom)
2022-05-24 20:48:45,125 [2d640a7f-eabf-4d86-860e-09f863e1ed92@group-6DA54ED0E188-FollowerState] INFO  impl.RoleInfo (RoleInfo.java:updateAndGet(139)) - 2d640a7f-eabf-4d86-860e-09f863e1ed92: start 2d640a7f-eabf-4d86-860e-09f863e1ed92@group-6DA54ED0E188-LeaderElection13
2022-05-24 20:48:45,148 [2d640a7f-eabf-4d86-860e-09f863e1ed92@group-6DA54ED0E188-LeaderElection13] INFO  impl.LeaderElection (LeaderElection.java:askForVotes(310)) - 2d640a7f-eabf-4d86-860e-09f863e1ed92@group-6DA54ED0E188-LeaderElection13 ELECTION round 0: submit vote requests at term 1 for -1: [2d640a7f-eabf-4d86-860e-09f863e1ed92|rpc:10.1.0.30:32775|priority:1], old=null
2022-05-24 20:48:45,148 [2d640a7f-eabf-4d86-860e-09f863e1ed92@group-6DA54ED0E188-LeaderElection13] INFO  impl.LeaderElection (LeaderElection.java:askForVotes(312)) - 2d640a7f-eabf-4d86-860e-09f863e1ed92@group-6DA54ED0E188-LeaderElection13 ELECTION round 0: result PASSED (term=1)
2022-05-24 20:48:45,148 [2d640a7f-eabf-4d86-860e-09f863e1ed92@group-6DA54ED0E188-LeaderElection13] INFO  impl.RoleInfo (RoleInfo.java:shutdownLeaderElection(130)) - 2d640a7f-eabf-4d86-860e-09f863e1ed92: shutdown 2d640a7f-eabf-4d86-860e-09f863e1ed92@group-6DA54ED0E188-LeaderElection13
2022-05-24 20:48:45,148 [2d640a7f-eabf-4d86-860e-09f863e1ed92@group-6DA54ED0E188-LeaderElection13] INFO  server.RaftServer$Division (RaftServerImpl.java:setRole(299)) - 2d640a7f-eabf-4d86-860e-09f863e1ed92@group-6DA54ED0E188: changes role from CANDIDATE to LEADER at term 1 for changeToLeader
2022-05-24 20:48:45,148 [2d640a7f-eabf-4d86-860e-09f863e1ed92@group-6DA54ED0E188-LeaderElection13] INFO  ratis.XceiverServerRatis (XceiverServerRatis.java:handleLeaderChangedNotification(863)) - Leader change notification received for group: group-6DA54ED0E188 with new leaderId: 2d640a7f-eabf-4d86-860e-09f863e1ed92
2022-05-24 20:48:45,151 [2d640a7f-eabf-4d86-860e-09f863e1ed92@group-6DA54ED0E188-LeaderElection13] INFO  server.RaftServer$Division (ServerState.java:setLeader(287)) - 2d640a7f-eabf-4d86-860e-09f863e1ed92@group-6DA54ED0E188: change Leader from null to 2d640a7f-eabf-4d86-860e-09f863e1ed92 at term 1 for becomeLeader, leader elected after 5090ms
2022-05-24 20:48:45,151 [2d640a7f-eabf-4d86-860e-09f863e1ed92@group-6DA54ED0E188-LeaderElection13] INFO  server.RaftServerConfigKeys (ConfUtils.java:logGet(46)) - raft.server.staging.catchup.gap = 1000 (default)
2022-05-24 20:48:45,151 [2d640a7f-eabf-4d86-860e-09f863e1ed92@group-6DA54ED0E188-LeaderElection13] INFO  server.RaftServerConfigKeys (ConfUtils.java:logGet(46)) - raft.server.write.element-limit = 1024 (custom)
2022-05-24 20:48:45,151 [2d640a7f-eabf-4d86-860e-09f863e1ed92@group-6DA54ED0E188-LeaderElection13] INFO  server.RaftServerConfigKeys (ConfUtils.java:logGet(46)) - raft.server.write.byte-limit = 1024 M (=1073741824) (custom)
2022-05-24 20:48:45,151 [2d640a7f-eabf-4d86-860e-09f863e1ed92@group-6DA54ED0E188-LeaderElection13] INFO  server.RaftServerConfigKeys (ConfUtils.java:logGet(46)) - raft.server.watch.timeout = 180s (custom)
2022-05-24 20:48:45,151 [2d640a7f-eabf-4d86-860e-09f863e1ed92@group-6DA54ED0E188-LeaderElection13] INFO  server.RaftServerConfigKeys (ConfUtils.java:logGet(46)) - raft.server.watch.timeout.denomination = 1s (default)
2022-05-24 20:48:45,151 [2d640a7f-eabf-4d86-860e-09f863e1ed92@group-6DA54ED0E188-LeaderElection13] INFO  server.RaftServerConfigKeys (ConfUtils.java:logGet(46)) - raft.server.watch.element-limit = 65536 (default)
2022-05-24 20:48:45,151 [2d640a7f-eabf-4d86-860e-09f863e1ed92@group-6DA54ED0E188-LeaderElection13] INFO  server.RaftServerConfigKeys (ConfUtils.java:logGet(46)) - raft.server.write.element-limit = 1024 (custom)
2022-05-24 20:48:45,151 [2d640a7f-eabf-4d86-860e-09f863e1ed92@group-6DA54ED0E188-LeaderElection13] INFO  server.RaftServerConfigKeys (ConfUtils.java:logGet(46)) - raft.server.write.follower.gap.ratio.max = -1.0 (default)
2022-05-24 20:48:45,151 [2d640a7f-eabf-4d86-860e-09f863e1ed92@group-6DA54ED0E188-LeaderElection13] INFO  impl.RoleInfo (RoleInfo.java:updateAndGet(139)) - 2d640a7f-eabf-4d86-860e-09f863e1ed92: start 2d640a7f-eabf-4d86-860e-09f863e1ed92@group-6DA54ED0E188-LeaderStateImpl
2022-05-24 20:48:45,152 [2d640a7f-eabf-4d86-860e-09f863e1ed92@group-6DA54ED0E188-LeaderElection13] INFO  segmented.SegmentedRaftLogWorker (SegmentedRaftLogWorker.java:startLogSegment(425)) - 2d640a7f-eabf-4d86-860e-09f863e1ed92@group-6DA54ED0E188-SegmentedRaftLogWorker: Starting segment from index:0
2022-05-24 20:48:45,153 [2d640a7f-eabf-4d86-860e-09f863e1ed92@group-6DA54ED0E188-SegmentedRaftLogWorker] INFO  segmented.SegmentedRaftLogWorker (SegmentedRaftLogWorker.java:execute(629)) - 2d640a7f-eabf-4d86-860e-09f863e1ed92@group-6DA54ED0E188-SegmentedRaftLogWorker: created new log segment /home/runner/work/ozone/ozone/hadoop-ozone/integration-test/target/test-dir/MiniOzoneClusterImpl-68ae5bae-a44d-4587-ae52-251ec6d3fd1e/datanode-6/data/ratis/00f53784-3b99-4455-b2b3-6da54ed0e188/current/log_inprogress_0
2022-05-24 20:48:45,164 [bb19d869-0de0-4670-950d-961bc103e91c@group-461FA6ADEC6A-FollowerState] INFO  impl.FollowerState (FollowerState.java:run(143)) - bb19d869-0de0-4670-950d-961bc103e91c@group-461FA6ADEC6A-FollowerState: change to CANDIDATE, lastRpcElapsedTime:5053665695ns, electionTimeout:5047ms
2022-05-24 20:48:45,164 [bb19d869-0de0-4670-950d-961bc103e91c@group-461FA6ADEC6A-FollowerState] INFO  impl.RoleInfo (RoleInfo.java:shutdownFollowerState(110)) - bb19d869-0de0-4670-950d-961bc103e91c: shutdown bb19d869-0de0-4670-950d-961bc103e91c@group-461FA6ADEC6A-FollowerState
2022-05-24 20:48:45,164 [bb19d869-0de0-4670-950d-961bc103e91c@group-461FA6ADEC6A-FollowerState] INFO  server.RaftServer$Division (RaftServerImpl.java:setRole(299)) - bb19d869-0de0-4670-950d-961bc103e91c@group-461FA6ADEC6A: changes role from  FOLLOWER to CANDIDATE at term 0 for changeToCandidate
2022-05-24 20:48:45,164 [bb19d869-0de0-4670-950d-961bc103e91c@group-461FA6ADEC6A-FollowerState] INFO  server.RaftServerConfigKeys (ConfUtils.java:logGet(46)) - raft.server.leaderelection.pre-vote = false (custom)
2022-05-24 20:48:45,164 [bb19d869-0de0-4670-950d-961bc103e91c@group-461FA6ADEC6A-FollowerState] INFO  impl.RoleInfo (RoleInfo.java:updateAndGet(139)) - bb19d869-0de0-4670-950d-961bc103e91c: start bb19d869-0de0-4670-950d-961bc103e91c@group-461FA6ADEC6A-LeaderElection14
2022-05-24 20:48:45,175 [2d640a7f-eabf-4d86-860e-09f863e1ed92@group-6DA54ED0E188-LeaderElection13] INFO  server.RaftServer$Division (ServerState.java:setRaftConf(393)) - 2d640a7f-eabf-4d86-860e-09f863e1ed92@group-6DA54ED0E188: set configuration 0: [2d640a7f-eabf-4d86-860e-09f863e1ed92|rpc:10.1.0.30:32775|dataStream:|priority:1], old=null
2022-05-24 20:48:45,188 [bb19d869-0de0-4670-950d-961bc103e91c@group-461FA6ADEC6A-LeaderElection14] INFO  impl.LeaderElection (LeaderElection.java:askForVotes(310)) - bb19d869-0de0-4670-950d-961bc103e91c@group-461FA6ADEC6A-LeaderElection14 ELECTION round 0: submit vote requests at term 1 for -1: [6698ee5e-a134-4bdd-b88e-32be83df5062|rpc:10.1.0.30:36573|dataStream:|priority:1, bb19d869-0de0-4670-950d-961bc103e91c|rpc:10.1.0.30:46641|dataStream:|priority:0, 2d640a7f-eabf-4d86-860e-09f863e1ed92|rpc:10.1.0.30:32775|dataStream:|priority:0], old=null
2022-05-24 20:48:45,231 [grpc-default-executor-1] INFO  server.RaftServer$Division (RaftServerImpl.java:requestVote(1152)) - 6698ee5e-a134-4bdd-b88e-32be83df5062@group-461FA6ADEC6A: receive requestVote(ELECTION, bb19d869-0de0-4670-950d-961bc103e91c, group-461FA6ADEC6A, 1, (t:0, i:0))
2022-05-24 20:48:45,231 [grpc-default-executor-1] INFO  impl.VoteContext (VoteContext.java:log(48)) - 6698ee5e-a134-4bdd-b88e-32be83df5062@group-461FA6ADEC6A-FOLLOWER: reject ELECTION from bb19d869-0de0-4670-950d-961bc103e91c: our priority 1 > candidate's priority 0
2022-05-24 20:48:45,231 [grpc-default-executor-1] INFO  server.RaftServer$Division (RaftServerImpl.java:setRole(299)) - 6698ee5e-a134-4bdd-b88e-32be83df5062@group-461FA6ADEC6A: changes role from  FOLLOWER to FOLLOWER at term 1 for candidate:bb19d869-0de0-4670-950d-961bc103e91c
2022-05-24 20:48:45,232 [grpc-default-executor-1] INFO  impl.RoleInfo (RoleInfo.java:shutdownFollowerState(110)) - 6698ee5e-a134-4bdd-b88e-32be83df5062: shutdown 6698ee5e-a134-4bdd-b88e-32be83df5062@group-461FA6ADEC6A-FollowerState
2022-05-24 20:48:45,232 [grpc-default-executor-1] INFO  impl.RoleInfo (RoleInfo.java:updateAndGet(139)) - 6698ee5e-a134-4bdd-b88e-32be83df5062: start 6698ee5e-a134-4bdd-b88e-32be83df5062@group-461FA6ADEC6A-FollowerState
2022-05-24 20:48:45,232 [6698ee5e-a134-4bdd-b88e-32be83df5062@group-461FA6ADEC6A-FollowerState] INFO  impl.FollowerState (FollowerState.java:run(152)) - 6698ee5e-a134-4bdd-b88e-32be83df5062@group-461FA6ADEC6A-FollowerState was interrupted
2022-05-24 20:48:45,236 [grpc-default-executor-2] INFO  server.RaftServer$Division (RaftServerImpl.java:requestVote(1152)) - 2d640a7f-eabf-4d86-860e-09f863e1ed92@group-461FA6ADEC6A: receive requestVote(ELECTION, bb19d869-0de0-4670-950d-961bc103e91c, group-461FA6ADEC6A, 1, (t:0, i:0))
2022-05-24 20:48:45,236 [grpc-default-executor-1] INFO  server.RaftServer$Division (RaftServerImpl.java:requestVote(1184)) - 6698ee5e-a134-4bdd-b88e-32be83df5062@group-461FA6ADEC6A replies to ELECTION vote request: bb19d869-0de0-4670-950d-961bc103e91c<-6698ee5e-a134-4bdd-b88e-32be83df5062#0:FAIL-t1. Peer's state: 6698ee5e-a134-4bdd-b88e-32be83df5062@group-461FA6ADEC6A:t1, leader=null, voted=null, raftlog=6698ee5e-a134-4bdd-b88e-32be83df5062@group-461FA6ADEC6A-SegmentedRaftLog:OPENED:c-1, conf=-1: [6698ee5e-a134-4bdd-b88e-32be83df5062|rpc:10.1.0.30:36573|dataStream:|priority:1, bb19d869-0de0-4670-950d-961bc103e91c|rpc:10.1.0.30:46641|dataStream:|priority:0, 2d640a7f-eabf-4d86-860e-09f863e1ed92|rpc:10.1.0.30:32775|dataStream:|priority:0], old=null
2022-05-24 20:48:45,237 [grpc-default-executor-2] INFO  impl.VoteContext (VoteContext.java:log(48)) - 2d640a7f-eabf-4d86-860e-09f863e1ed92@group-461FA6ADEC6A-FOLLOWER: accept ELECTION from bb19d869-0de0-4670-950d-961bc103e91c: our priority 0 <= candidate's priority 0
2022-05-24 20:48:45,238 [bb19d869-0de0-4670-950d-961bc103e91c@group-461FA6ADEC6A-LeaderElection14] INFO  impl.LeaderElection (LeaderElection.java:logAndReturn(90)) - bb19d869-0de0-4670-950d-961bc103e91c@group-461FA6ADEC6A-LeaderElection14: ELECTION REJECTED received 1 response(s) and 0 exception(s):
2022-05-24 20:48:45,238 [bb19d869-0de0-4670-950d-961bc103e91c@group-461FA6ADEC6A-LeaderElection14] INFO  impl.LeaderElection (LeaderElection.java:logAndReturn(94)) -   Response 0: bb19d869-0de0-4670-950d-961bc103e91c<-6698ee5e-a134-4bdd-b88e-32be83df5062#0:FAIL-t1
2022-05-24 20:48:45,238 [bb19d869-0de0-4670-950d-961bc103e91c@group-461FA6ADEC6A-LeaderElection14] INFO  impl.LeaderElection (LeaderElection.java:askForVotes(312)) - bb19d869-0de0-4670-950d-961bc103e91c@group-461FA6ADEC6A-LeaderElection14 ELECTION round 0: result REJECTED
2022-05-24 20:48:45,238 [bb19d869-0de0-4670-950d-961bc103e91c@group-461FA6ADEC6A-LeaderElection14] INFO  server.RaftServer$Division (RaftServerImpl.java:setRole(299)) - bb19d869-0de0-4670-950d-961bc103e91c@group-461FA6ADEC6A: changes role from CANDIDATE to FOLLOWER at term 1 for REJECTED
2022-05-24 20:48:45,238 [bb19d869-0de0-4670-950d-961bc103e91c@group-461FA6ADEC6A-LeaderElection14] INFO  impl.RoleInfo (RoleInfo.java:shutdownLeaderElection(130)) - bb19d869-0de0-4670-950d-961bc103e91c: shutdown bb19d869-0de0-4670-950d-961bc103e91c@group-461FA6ADEC6A-LeaderElection14
2022-05-24 20:48:45,238 [bb19d869-0de0-4670-950d-961bc103e91c@group-461FA6ADEC6A-LeaderElection14] INFO  impl.RoleInfo (RoleInfo.java:updateAndGet(139)) - bb19d869-0de0-4670-950d-961bc103e91c: start bb19d869-0de0-4670-950d-961bc103e91c@group-461FA6ADEC6A-FollowerState
2022-05-24 20:48:45,243 [bb19d869-0de0-4670-950d-961bc103e91c@group-463FC4B4C26A-FollowerState] INFO  impl.FollowerState (FollowerState.java:run(143)) - bb19d869-0de0-4670-950d-961bc103e91c@group-463FC4B4C26A-FollowerState: change to CANDIDATE, lastRpcElapsedTime:5055023400ns, electionTimeout:5052ms
2022-05-24 20:48:45,243 [bb19d869-0de0-4670-950d-961bc103e91c@group-463FC4B4C26A-FollowerState] INFO  impl.RoleInfo (RoleInfo.java:shutdownFollowerState(110)) - bb19d869-0de0-4670-950d-961bc103e91c: shutdown bb19d869-0de0-4670-950d-961bc103e91c@group-463FC4B4C26A-FollowerState
2022-05-24 20:48:45,243 [bb19d869-0de0-4670-950d-961bc103e91c@group-463FC4B4C26A-FollowerState] INFO  server.RaftServer$Division (RaftServerImpl.java:setRole(299)) - bb19d869-0de0-4670-950d-961bc103e91c@group-463FC4B4C26A: changes role from  FOLLOWER to CANDIDATE at term 0 for changeToCandidate
2022-05-24 20:48:45,244 [bb19d869-0de0-4670-950d-961bc103e91c@group-463FC4B4C26A-FollowerState] INFO  server.RaftServerConfigKeys (ConfUtils.java:logGet(46)) - raft.server.leaderelection.pre-vote = false (custom)
2022-05-24 20:48:45,244 [bb19d869-0de0-4670-950d-961bc103e91c@group-463FC4B4C26A-FollowerState] INFO  impl.RoleInfo (RoleInfo.java:updateAndGet(139)) - bb19d869-0de0-4670-950d-961bc103e91c: start bb19d869-0de0-4670-950d-961bc103e91c@group-463FC4B4C26A-LeaderElection15
2022-05-24 20:48:45,238 [grpc-default-executor-2] INFO  server.RaftServer$Division (RaftServerImpl.java:setRole(299)) - 2d640a7f-eabf-4d86-860e-09f863e1ed92@group-461FA6ADEC6A: changes role from  FOLLOWER to FOLLOWER at term 1 for candidate:bb19d869-0de0-4670-950d-961bc103e91c
2022-05-24 20:48:45,244 [grpc-default-executor-2] INFO  impl.RoleInfo (RoleInfo.java:shutdownFollowerState(110)) - 2d640a7f-eabf-4d86-860e-09f863e1ed92: shutdown 2d640a7f-eabf-4d86-860e-09f863e1ed92@group-461FA6ADEC6A-FollowerState
2022-05-24 20:48:45,244 [grpc-default-executor-2] INFO  impl.RoleInfo (RoleInfo.java:updateAndGet(139)) - 2d640a7f-eabf-4d86-860e-09f863e1ed92: start 2d640a7f-eabf-4d86-860e-09f863e1ed92@group-461FA6ADEC6A-FollowerState
2022-05-24 20:48:45,244 [2d640a7f-eabf-4d86-860e-09f863e1ed92@group-461FA6ADEC6A-FollowerState] INFO  impl.FollowerState (FollowerState.java:run(152)) - 2d640a7f-eabf-4d86-860e-09f863e1ed92@group-461FA6ADEC6A-FollowerState was interrupted
2022-05-24 20:48:45,247 [grpc-default-executor-2] INFO  server.RaftServer$Division (RaftServerImpl.java:requestVote(1184)) - 2d640a7f-eabf-4d86-860e-09f863e1ed92@group-461FA6ADEC6A replies to ELECTION vote request: bb19d869-0de0-4670-950d-961bc103e91c<-2d640a7f-eabf-4d86-860e-09f863e1ed92#0:OK-t1. Peer's state: 2d640a7f-eabf-4d86-860e-09f863e1ed92@group-461FA6ADEC6A:t1, leader=null, voted=bb19d869-0de0-4670-950d-961bc103e91c, raftlog=2d640a7f-eabf-4d86-860e-09f863e1ed92@group-461FA6ADEC6A-SegmentedRaftLog:OPENED:c-1, conf=-1: [6698ee5e-a134-4bdd-b88e-32be83df5062|rpc:10.1.0.30:36573|priority:1, bb19d869-0de0-4670-950d-961bc103e91c|rpc:10.1.0.30:46641|priority:0, 2d640a7f-eabf-4d86-860e-09f863e1ed92|rpc:10.1.0.30:32775|priority:0], old=null
2022-05-24 20:48:45,250 [bb19d869-0de0-4670-950d-961bc103e91c@group-463FC4B4C26A-LeaderElection15] INFO  impl.LeaderElection (LeaderElection.java:askForVotes(310)) - bb19d869-0de0-4670-950d-961bc103e91c@group-463FC4B4C26A-LeaderElection15 ELECTION round 0: submit vote requests at term 1 for -1: [6698ee5e-a134-4bdd-b88e-32be83df5062|rpc:10.1.0.30:36573|dataStream:|priority:0, bb19d869-0de0-4670-950d-961bc103e91c|rpc:10.1.0.30:46641|dataStream:|priority:0, 2d640a7f-eabf-4d86-860e-09f863e1ed92|rpc:10.1.0.30:32775|dataStream:|priority:1], old=null
2022-05-24 20:48:45,253 [grpc-default-executor-1] INFO  server.RaftServer$Division (RaftServerImpl.java:requestVote(1152)) - 2d640a7f-eabf-4d86-860e-09f863e1ed92@group-463FC4B4C26A: receive requestVote(ELECTION, bb19d869-0de0-4670-950d-961bc103e91c, group-463FC4B4C26A, 1, (t:0, i:0))
2022-05-24 20:48:45,259 [grpc-default-executor-1] INFO  impl.VoteContext (VoteContext.java:log(48)) - 2d640a7f-eabf-4d86-860e-09f863e1ed92@group-463FC4B4C26A-FOLLOWER: reject ELECTION from bb19d869-0de0-4670-950d-961bc103e91c: our priority 1 > candidate's priority 0
2022-05-24 20:48:45,259 [grpc-default-executor-1] INFO  server.RaftServer$Division (RaftServerImpl.java:setRole(299)) - 2d640a7f-eabf-4d86-860e-09f863e1ed92@group-463FC4B4C26A: changes role from  FOLLOWER to FOLLOWER at term 1 for candidate:bb19d869-0de0-4670-950d-961bc103e91c
2022-05-24 20:48:45,259 [grpc-default-executor-1] INFO  impl.RoleInfo (RoleInfo.java:shutdownFollowerState(110)) - 2d640a7f-eabf-4d86-860e-09f863e1ed92: shutdown 2d640a7f-eabf-4d86-860e-09f863e1ed92@group-463FC4B4C26A-FollowerState
2022-05-24 20:48:45,259 [grpc-default-executor-1] INFO  impl.RoleInfo (RoleInfo.java:updateAndGet(139)) - 2d640a7f-eabf-4d86-860e-09f863e1ed92: start 2d640a7f-eabf-4d86-860e-09f863e1ed92@group-463FC4B4C26A-FollowerState
2022-05-24 20:48:45,259 [2d640a7f-eabf-4d86-860e-09f863e1ed92@group-463FC4B4C26A-FollowerState] INFO  impl.FollowerState (FollowerState.java:run(152)) - 2d640a7f-eabf-4d86-860e-09f863e1ed92@group-463FC4B4C26A-FollowerState was interrupted
2022-05-24 20:48:45,253 [grpc-default-executor-2] INFO  server.RaftServer$Division (RaftServerImpl.java:requestVote(1152)) - 6698ee5e-a134-4bdd-b88e-32be83df5062@group-463FC4B4C26A: receive requestVote(ELECTION, bb19d869-0de0-4670-950d-961bc103e91c, group-463FC4B4C26A, 1, (t:0, i:0))
2022-05-24 20:48:45,263 [grpc-default-executor-2] INFO  impl.VoteContext (VoteContext.java:log(48)) - 6698ee5e-a134-4bdd-b88e-32be83df5062@group-463FC4B4C26A-FOLLOWER: accept ELECTION from bb19d869-0de0-4670-950d-961bc103e91c: our priority 0 <= candidate's priority 0
2022-05-24 20:48:45,263 [grpc-default-executor-2] INFO  server.RaftServer$Division (RaftServerImpl.java:setRole(299)) - 6698ee5e-a134-4bdd-b88e-32be83df5062@group-463FC4B4C26A: changes role from  FOLLOWER to FOLLOWER at term 1 for candidate:bb19d869-0de0-4670-950d-961bc103e91c
2022-05-24 20:48:45,263 [grpc-default-executor-2] INFO  impl.RoleInfo (RoleInfo.java:shutdownFollowerState(110)) - 6698ee5e-a134-4bdd-b88e-32be83df5062: shutdown 6698ee5e-a134-4bdd-b88e-32be83df5062@group-463FC4B4C26A-FollowerState
2022-05-24 20:48:45,263 [grpc-default-executor-2] INFO  impl.RoleInfo (RoleInfo.java:updateAndGet(139)) - 6698ee5e-a134-4bdd-b88e-32be83df5062: start 6698ee5e-a134-4bdd-b88e-32be83df5062@group-463FC4B4C26A-FollowerState
2022-05-24 20:48:45,263 [6698ee5e-a134-4bdd-b88e-32be83df5062@group-463FC4B4C26A-FollowerState] INFO  impl.FollowerState (FollowerState.java:run(152)) - 6698ee5e-a134-4bdd-b88e-32be83df5062@group-463FC4B4C26A-FollowerState was interrupted
2022-05-24 20:48:45,266 [grpc-default-executor-1] INFO  server.RaftServer$Division (RaftServerImpl.java:requestVote(1184)) - 2d640a7f-eabf-4d86-860e-09f863e1ed92@group-463FC4B4C26A replies to ELECTION vote request: bb19d869-0de0-4670-950d-961bc103e91c<-2d640a7f-eabf-4d86-860e-09f863e1ed92#0:FAIL-t1. Peer's state: 2d640a7f-eabf-4d86-860e-09f863e1ed92@group-463FC4B4C26A:t1, leader=null, voted=null, raftlog=2d640a7f-eabf-4d86-860e-09f863e1ed92@group-463FC4B4C26A-SegmentedRaftLog:OPENED:c-1, conf=-1: [6698ee5e-a134-4bdd-b88e-32be83df5062|rpc:10.1.0.30:36573|priority:0, bb19d869-0de0-4670-950d-961bc103e91c|rpc:10.1.0.30:46641|priority:0, 2d640a7f-eabf-4d86-860e-09f863e1ed92|rpc:10.1.0.30:32775|priority:1], old=null
2022-05-24 20:48:45,269 [grpc-default-executor-2] INFO  server.RaftServer$Division (RaftServerImpl.java:requestVote(1184)) - 6698ee5e-a134-4bdd-b88e-32be83df5062@group-463FC4B4C26A replies to ELECTION vote request: bb19d869-0de0-4670-950d-961bc103e91c<-6698ee5e-a134-4bdd-b88e-32be83df5062#0:OK-t1. Peer's state: 6698ee5e-a134-4bdd-b88e-32be83df5062@group-463FC4B4C26A:t1, leader=null, voted=bb19d869-0de0-4670-950d-961bc103e91c, raftlog=6698ee5e-a134-4bdd-b88e-32be83df5062@group-463FC4B4C26A-SegmentedRaftLog:OPENED:c-1, conf=-1: [6698ee5e-a134-4bdd-b88e-32be83df5062|rpc:10.1.0.30:36573|dataStream:|priority:0, bb19d869-0de0-4670-950d-961bc103e91c|rpc:10.1.0.30:46641|dataStream:|priority:0, 2d640a7f-eabf-4d86-860e-09f863e1ed92|rpc:10.1.0.30:32775|dataStream:|priority:1], old=null
2022-05-24 20:48:45,270 [bb19d869-0de0-4670-950d-961bc103e91c@group-463FC4B4C26A-LeaderElection15] INFO  impl.LeaderElection (LeaderElection.java:logAndReturn(90)) - bb19d869-0de0-4670-950d-961bc103e91c@group-463FC4B4C26A-LeaderElection15: ELECTION REJECTED received 1 response(s) and 0 exception(s):
2022-05-24 20:48:45,271 [bb19d869-0de0-4670-950d-961bc103e91c@group-463FC4B4C26A-LeaderElection15] INFO  impl.LeaderElection (LeaderElection.java:logAndReturn(94)) -   Response 0: bb19d869-0de0-4670-950d-961bc103e91c<-2d640a7f-eabf-4d86-860e-09f863e1ed92#0:FAIL-t1
2022-05-24 20:48:45,271 [bb19d869-0de0-4670-950d-961bc103e91c@group-463FC4B4C26A-LeaderElection15] INFO  impl.LeaderElection (LeaderElection.java:askForVotes(312)) - bb19d869-0de0-4670-950d-961bc103e91c@group-463FC4B4C26A-LeaderElection15 ELECTION round 0: result REJECTED
2022-05-24 20:48:45,271 [bb19d869-0de0-4670-950d-961bc103e91c@group-463FC4B4C26A-LeaderElection15] INFO  server.RaftServer$Division (RaftServerImpl.java:setRole(299)) - bb19d869-0de0-4670-950d-961bc103e91c@group-463FC4B4C26A: changes role from CANDIDATE to FOLLOWER at term 1 for REJECTED
2022-05-24 20:48:45,271 [bb19d869-0de0-4670-950d-961bc103e91c@group-463FC4B4C26A-LeaderElection15] INFO  impl.RoleInfo (RoleInfo.java:shutdownLeaderElection(130)) - bb19d869-0de0-4670-950d-961bc103e91c: shutdown bb19d869-0de0-4670-950d-961bc103e91c@group-463FC4B4C26A-LeaderElection15
2022-05-24 20:48:45,271 [bb19d869-0de0-4670-950d-961bc103e91c@group-463FC4B4C26A-LeaderElection15] INFO  impl.RoleInfo (RoleInfo.java:updateAndGet(139)) - bb19d869-0de0-4670-950d-961bc103e91c: start bb19d869-0de0-4670-950d-961bc103e91c@group-463FC4B4C26A-FollowerState
]]></system-out>
  </testcase>
  <testcase name="bucketUsedBytesOverWrite(BucketLayout)[2]" classname="org.apache.hadoop.ozone.client.rpc.TestSecureOzoneRpcClient" time="0.2">
    <system-out><![CDATA[2022-05-24 20:48:45,393 [Listener at 127.0.0.1/44485] INFO  rpc.RpcClient (RpcClient.java:createVolume(457)) - Creating Volume: 16f7fd9b-afb0-48b7-a9f5-facf0338312f, with runner as owner and space quota set to -1 bytes, counts quota set to -1
2022-05-24 20:48:45,398 [OM StateMachine ApplyTransaction Thread - 0] INFO  volume.OMVolumeCreateRequest (OMVolumeCreateRequest.java:validateAndUpdateCache(195)) - created volume:16f7fd9b-afb0-48b7-a9f5-facf0338312f for user:runner
2022-05-24 20:48:45,400 [Listener at 127.0.0.1/44485] INFO  rpc.RpcClient (RpcClient.java:createBucket(646)) - Creating Bucket: 16f7fd9b-afb0-48b7-a9f5-facf0338312f/1337b4cb-1cc7-4b45-8be5-d9c5d9c46637, with runner as owner and Versioning true and Storage Type set to DISK and Encryption set to false 
2022-05-24 20:48:45,403 [OM StateMachine ApplyTransaction Thread - 0] INFO  bucket.OMBucketCreateRequest (OMBucketCreateRequest.java:validateAndUpdateCache(258)) - created bucket: 1337b4cb-1cc7-4b45-8be5-d9c5d9c46637 of layout FILE_SYSTEM_OPTIMIZED in volume: 16f7fd9b-afb0-48b7-a9f5-facf0338312f
]]></system-out>
  </testcase>
  <testcase name="testAbortUploadFail" classname="org.apache.hadoop.ozone.client.rpc.TestSecureOzoneRpcClient" time="0.038">
    <system-out><![CDATA[2022-05-24 20:48:45,595 [Listener at 127.0.0.1/44485] INFO  rpc.RpcClient (RpcClient.java:createVolume(457)) - Creating Volume: cb26fcb3-5cac-4f26-a1a1-d8f6a5d6d869, with runner as owner and space quota set to -1 bytes, counts quota set to -1
2022-05-24 20:48:45,598 [OM StateMachine ApplyTransaction Thread - 0] INFO  volume.OMVolumeCreateRequest (OMVolumeCreateRequest.java:validateAndUpdateCache(195)) - created volume:cb26fcb3-5cac-4f26-a1a1-d8f6a5d6d869 for user:runner
2022-05-24 20:48:45,600 [Listener at 127.0.0.1/44485] INFO  rpc.RpcClient (RpcClient.java:createBucket(646)) - Creating Bucket: cb26fcb3-5cac-4f26-a1a1-d8f6a5d6d869/dd31ce9a-ba65-44af-9c1c-a4c54d816840, with runner as owner and Versioning false and Storage Type set to DISK and Encryption set to false 
2022-05-24 20:48:45,603 [OM StateMachine ApplyTransaction Thread - 0] INFO  bucket.OMBucketCreateRequest (OMBucketCreateRequest.java:validateAndUpdateCache(258)) - created bucket: dd31ce9a-ba65-44af-9c1c-a4c54d816840 of layout LEGACY in volume: cb26fcb3-5cac-4f26-a1a1-d8f6a5d6d869
20:48:45.614 [OM StateMachine ApplyTransaction Thread - 0] ERROR OMAudit - user=runner | ip=127.0.0.1 | op=ABORT_MULTIPART_UPLOAD {volume=cb26fcb3-5cac-4f26-a1a1-d8f6a5d6d869, bucket=dd31ce9a-ba65-44af-9c1c-a4c54d816840, key=d17e3225-f6a4-4709-8641-6ceb3d4fda62, dataSize=0, replicationType=NONE, replicationFactor=ZERO} | ret=FAILURE
org.apache.hadoop.ozone.om.exceptions.OMException: Abort Multipart Upload Failed: volume: cb26fcb3-5cac-4f26-a1a1-d8f6a5d6d869bucket: dd31ce9a-ba65-44af-9c1c-a4c54d816840key: d17e3225-f6a4-4709-8641-6ceb3d4fda62
	at org.apache.hadoop.ozone.om.request.s3.multipart.S3MultipartUploadAbortRequest.validateAndUpdateCache(S3MultipartUploadAbortRequest.java:161) ~[ozone-manager-1.3.0-SNAPSHOT.jar:?]
	at org.apache.hadoop.ozone.protocolPB.OzoneManagerRequestHandler.handleWriteRequest(OzoneManagerRequestHandler.java:254) ~[ozone-manager-1.3.0-SNAPSHOT.jar:?]
	at org.apache.hadoop.ozone.om.ratis.OzoneManagerStateMachine.runCommand(OzoneManagerStateMachine.java:524) ~[ozone-manager-1.3.0-SNAPSHOT.jar:?]
	at org.apache.hadoop.ozone.om.ratis.OzoneManagerStateMachine.lambda$1(OzoneManagerStateMachine.java:319) ~[ozone-manager-1.3.0-SNAPSHOT.jar:?]
	at java.util.concurrent.CompletableFuture$AsyncSupply.run(CompletableFuture.java:1604) [?:1.8.0_332]
	at java.util.concurrent.ThreadPoolExecutor.runWorker(ThreadPoolExecutor.java:1149) [?:1.8.0_332]
	at java.util.concurrent.ThreadPoolExecutor$Worker.run(ThreadPoolExecutor.java:624) [?:1.8.0_332]
	at java.lang.Thread.run(Thread.java:750) [?:1.8.0_332]
2022-05-24 20:48:45,628 [OM StateMachine ApplyTransaction Thread - 0] ERROR multipart.S3MultipartUploadAbortRequest (S3MultipartUploadAbortRequest.java:validateAndUpdateCache(224)) - Abort Multipart request is failed for KeyName d17e3225-f6a4-4709-8641-6ceb3d4fda62 in VolumeName/Bucket cb26fcb3-5cac-4f26-a1a1-d8f6a5d6d869/dd31ce9a-ba65-44af-9c1c-a4c54d816840
NO_SUCH_MULTIPART_UPLOAD_ERROR org.apache.hadoop.ozone.om.exceptions.OMException: Abort Multipart Upload Failed: volume: cb26fcb3-5cac-4f26-a1a1-d8f6a5d6d869bucket: dd31ce9a-ba65-44af-9c1c-a4c54d816840key: d17e3225-f6a4-4709-8641-6ceb3d4fda62
	at org.apache.hadoop.ozone.om.request.s3.multipart.S3MultipartUploadAbortRequest.validateAndUpdateCache(S3MultipartUploadAbortRequest.java:161)
	at org.apache.hadoop.ozone.protocolPB.OzoneManagerRequestHandler.handleWriteRequest(OzoneManagerRequestHandler.java:254)
	at org.apache.hadoop.ozone.om.ratis.OzoneManagerStateMachine.runCommand(OzoneManagerStateMachine.java:524)
	at org.apache.hadoop.ozone.om.ratis.OzoneManagerStateMachine.lambda$1(OzoneManagerStateMachine.java:319)
	at java.util.concurrent.CompletableFuture$AsyncSupply.run(CompletableFuture.java:1604)
	at java.util.concurrent.ThreadPoolExecutor.runWorker(ThreadPoolExecutor.java:1149)
	at java.util.concurrent.ThreadPoolExecutor$Worker.run(ThreadPoolExecutor.java:624)
	at java.lang.Thread.run(Thread.java:750)
]]></system-out>
  </testcase>
  <testcase name="testAbortUploadFailWithInProgressPartUpload" classname="org.apache.hadoop.ozone.client.rpc.TestSecureOzoneRpcClient" time="0.158">
    <system-out><![CDATA[2022-05-24 20:48:45,633 [Listener at 127.0.0.1/44485] INFO  rpc.RpcClient (RpcClient.java:createVolume(457)) - Creating Volume: 2f567c71-7f60-4bcf-9359-4962f7729950, with runner as owner and space quota set to -1 bytes, counts quota set to -1
2022-05-24 20:48:45,636 [OM StateMachine ApplyTransaction Thread - 0] INFO  volume.OMVolumeCreateRequest (OMVolumeCreateRequest.java:validateAndUpdateCache(195)) - created volume:2f567c71-7f60-4bcf-9359-4962f7729950 for user:runner
2022-05-24 20:48:45,639 [Listener at 127.0.0.1/44485] INFO  rpc.RpcClient (RpcClient.java:createBucket(646)) - Creating Bucket: 2f567c71-7f60-4bcf-9359-4962f7729950/9b3f089e-9916-4389-b53c-460cc1b8f4f9, with runner as owner and Versioning false and Storage Type set to DISK and Encryption set to false 
2022-05-24 20:48:45,640 [bb19d869-0de0-4670-950d-961bc103e91c@group-AD1C2EF34614-FollowerState] INFO  impl.FollowerState (FollowerState.java:run(143)) - bb19d869-0de0-4670-950d-961bc103e91c@group-AD1C2EF34614-FollowerState: change to CANDIDATE, lastRpcElapsedTime:5168145763ns, electionTimeout:5167ms
2022-05-24 20:48:45,641 [bb19d869-0de0-4670-950d-961bc103e91c@group-AD1C2EF34614-FollowerState] INFO  impl.RoleInfo (RoleInfo.java:shutdownFollowerState(110)) - bb19d869-0de0-4670-950d-961bc103e91c: shutdown bb19d869-0de0-4670-950d-961bc103e91c@group-AD1C2EF34614-FollowerState
2022-05-24 20:48:45,641 [bb19d869-0de0-4670-950d-961bc103e91c@group-AD1C2EF34614-FollowerState] INFO  server.RaftServer$Division (RaftServerImpl.java:setRole(299)) - bb19d869-0de0-4670-950d-961bc103e91c@group-AD1C2EF34614: changes role from  FOLLOWER to CANDIDATE at term 0 for changeToCandidate
2022-05-24 20:48:45,641 [bb19d869-0de0-4670-950d-961bc103e91c@group-AD1C2EF34614-FollowerState] INFO  server.RaftServerConfigKeys (ConfUtils.java:logGet(46)) - raft.server.leaderelection.pre-vote = false (custom)
2022-05-24 20:48:45,641 [bb19d869-0de0-4670-950d-961bc103e91c@group-AD1C2EF34614-FollowerState] INFO  impl.RoleInfo (RoleInfo.java:updateAndGet(139)) - bb19d869-0de0-4670-950d-961bc103e91c: start bb19d869-0de0-4670-950d-961bc103e91c@group-AD1C2EF34614-LeaderElection16
2022-05-24 20:48:45,642 [OM StateMachine ApplyTransaction Thread - 0] INFO  bucket.OMBucketCreateRequest (OMBucketCreateRequest.java:validateAndUpdateCache(258)) - created bucket: 9b3f089e-9916-4389-b53c-460cc1b8f4f9 of layout LEGACY in volume: 2f567c71-7f60-4bcf-9359-4962f7729950
2022-05-24 20:48:45,663 [bb19d869-0de0-4670-950d-961bc103e91c@group-AD1C2EF34614-LeaderElection16] INFO  impl.LeaderElection (LeaderElection.java:askForVotes(310)) - bb19d869-0de0-4670-950d-961bc103e91c@group-AD1C2EF34614-LeaderElection16 ELECTION round 0: submit vote requests at term 1 for -1: [bb19d869-0de0-4670-950d-961bc103e91c|rpc:10.1.0.30:46641|priority:1], old=null
2022-05-24 20:48:45,663 [bb19d869-0de0-4670-950d-961bc103e91c@group-AD1C2EF34614-LeaderElection16] INFO  impl.LeaderElection (LeaderElection.java:askForVotes(312)) - bb19d869-0de0-4670-950d-961bc103e91c@group-AD1C2EF34614-LeaderElection16 ELECTION round 0: result PASSED (term=1)
2022-05-24 20:48:45,663 [bb19d869-0de0-4670-950d-961bc103e91c@group-AD1C2EF34614-LeaderElection16] INFO  impl.RoleInfo (RoleInfo.java:shutdownLeaderElection(130)) - bb19d869-0de0-4670-950d-961bc103e91c: shutdown bb19d869-0de0-4670-950d-961bc103e91c@group-AD1C2EF34614-LeaderElection16
2022-05-24 20:48:45,663 [bb19d869-0de0-4670-950d-961bc103e91c@group-AD1C2EF34614-LeaderElection16] INFO  server.RaftServer$Division (RaftServerImpl.java:setRole(299)) - bb19d869-0de0-4670-950d-961bc103e91c@group-AD1C2EF34614: changes role from CANDIDATE to LEADER at term 1 for changeToLeader
2022-05-24 20:48:45,664 [bb19d869-0de0-4670-950d-961bc103e91c@group-AD1C2EF34614-LeaderElection16] INFO  ratis.XceiverServerRatis (XceiverServerRatis.java:handleLeaderChangedNotification(863)) - Leader change notification received for group: group-AD1C2EF34614 with new leaderId: bb19d869-0de0-4670-950d-961bc103e91c
2022-05-24 20:48:45,668 [bb19d869-0de0-4670-950d-961bc103e91c@group-AD1C2EF34614-LeaderElection16] INFO  server.RaftServer$Division (ServerState.java:setLeader(287)) - bb19d869-0de0-4670-950d-961bc103e91c@group-AD1C2EF34614: change Leader from null to bb19d869-0de0-4670-950d-961bc103e91c at term 1 for becomeLeader, leader elected after 5199ms
2022-05-24 20:48:45,668 [bb19d869-0de0-4670-950d-961bc103e91c@group-AD1C2EF34614-LeaderElection16] INFO  server.RaftServerConfigKeys (ConfUtils.java:logGet(46)) - raft.server.staging.catchup.gap = 1000 (default)
2022-05-24 20:48:45,668 [bb19d869-0de0-4670-950d-961bc103e91c@group-AD1C2EF34614-LeaderElection16] INFO  server.RaftServerConfigKeys (ConfUtils.java:logGet(46)) - raft.server.write.element-limit = 1024 (custom)
2022-05-24 20:48:45,669 [bb19d869-0de0-4670-950d-961bc103e91c@group-AD1C2EF34614-LeaderElection16] INFO  server.RaftServerConfigKeys (ConfUtils.java:logGet(46)) - raft.server.write.byte-limit = 1024 M (=1073741824) (custom)
2022-05-24 20:48:45,669 [bb19d869-0de0-4670-950d-961bc103e91c@group-AD1C2EF34614-LeaderElection16] INFO  server.RaftServerConfigKeys (ConfUtils.java:logGet(46)) - raft.server.watch.timeout = 180s (custom)
2022-05-24 20:48:45,669 [bb19d869-0de0-4670-950d-961bc103e91c@group-AD1C2EF34614-LeaderElection16] INFO  server.RaftServerConfigKeys (ConfUtils.java:logGet(46)) - raft.server.watch.timeout.denomination = 1s (default)
2022-05-24 20:48:45,669 [bb19d869-0de0-4670-950d-961bc103e91c@group-AD1C2EF34614-LeaderElection16] INFO  server.RaftServerConfigKeys (ConfUtils.java:logGet(46)) - raft.server.watch.element-limit = 65536 (default)
2022-05-24 20:48:45,669 [bb19d869-0de0-4670-950d-961bc103e91c@group-AD1C2EF34614-LeaderElection16] INFO  server.RaftServerConfigKeys (ConfUtils.java:logGet(46)) - raft.server.write.element-limit = 1024 (custom)
2022-05-24 20:48:45,669 [bb19d869-0de0-4670-950d-961bc103e91c@group-AD1C2EF34614-LeaderElection16] INFO  server.RaftServerConfigKeys (ConfUtils.java:logGet(46)) - raft.server.write.follower.gap.ratio.max = -1.0 (default)
2022-05-24 20:48:45,669 [bb19d869-0de0-4670-950d-961bc103e91c@group-AD1C2EF34614-LeaderElection16] INFO  impl.RoleInfo (RoleInfo.java:updateAndGet(139)) - bb19d869-0de0-4670-950d-961bc103e91c: start bb19d869-0de0-4670-950d-961bc103e91c@group-AD1C2EF34614-LeaderStateImpl
2022-05-24 20:48:45,669 [bb19d869-0de0-4670-950d-961bc103e91c@group-AD1C2EF34614-LeaderElection16] INFO  segmented.SegmentedRaftLogWorker (SegmentedRaftLogWorker.java:startLogSegment(425)) - bb19d869-0de0-4670-950d-961bc103e91c@group-AD1C2EF34614-SegmentedRaftLogWorker: Starting segment from index:0
2022-05-24 20:48:45,683 [bb19d869-0de0-4670-950d-961bc103e91c@group-AD1C2EF34614-SegmentedRaftLogWorker] INFO  segmented.SegmentedRaftLogWorker (SegmentedRaftLogWorker.java:execute(629)) - bb19d869-0de0-4670-950d-961bc103e91c@group-AD1C2EF34614-SegmentedRaftLogWorker: created new log segment /home/runner/work/ozone/ozone/hadoop-ozone/integration-test/target/test-dir/MiniOzoneClusterImpl-68ae5bae-a44d-4587-ae52-251ec6d3fd1e/datanode-7/data/ratis/94f53636-520b-47cc-958c-ad1c2ef34614/current/log_inprogress_0
2022-05-24 20:48:45,683 [bb19d869-0de0-4670-950d-961bc103e91c@group-AD1C2EF34614-LeaderElection16] INFO  server.RaftServer$Division (ServerState.java:setRaftConf(393)) - bb19d869-0de0-4670-950d-961bc103e91c@group-AD1C2EF34614: set configuration 0: [bb19d869-0de0-4670-950d-961bc103e91c|rpc:10.1.0.30:46641|dataStream:|priority:1], old=null
20:48:45.786 [OM StateMachine ApplyTransaction Thread - 0] ERROR OMAudit - user=runner | ip=127.0.0.1 | op=COMMIT_MULTIPART_UPLOAD_PARTKEY {volume=2f567c71-7f60-4bcf-9359-4962f7729950, bucket=9b3f089e-9916-4389-b53c-460cc1b8f4f9, key=68d618ab-aa8c-49c8-8d12-628ea5e14eb6, dataSize=4, replicationType=NONE, replicationFactor=ZERO, partNumber=1, partName=/2f567c71-7f60-4bcf-9359-4962f7729950/9b3f089e-9916-4389-b53c-460cc1b8f4f9/68d618ab-aa8c-49c8-8d12-628ea5e14eb6-87bcc5a6-cd49-440d-8416-1ecc1d4137a5-108358882141995013-1} | ret=FAILURE
org.apache.hadoop.ozone.om.exceptions.OMException: No such Multipart upload is with specified uploadId 87bcc5a6-cd49-440d-8416-1ecc1d4137a5-108358882141995013
	at org.apache.hadoop.ozone.om.request.s3.multipart.S3MultipartUploadCommitPartRequest.validateAndUpdateCache(S3MultipartUploadCommitPartRequest.java:189) ~[ozone-manager-1.3.0-SNAPSHOT.jar:?]
	at org.apache.hadoop.ozone.protocolPB.OzoneManagerRequestHandler.handleWriteRequest(OzoneManagerRequestHandler.java:254) ~[ozone-manager-1.3.0-SNAPSHOT.jar:?]
	at org.apache.hadoop.ozone.om.ratis.OzoneManagerStateMachine.runCommand(OzoneManagerStateMachine.java:524) ~[ozone-manager-1.3.0-SNAPSHOT.jar:?]
	at org.apache.hadoop.ozone.om.ratis.OzoneManagerStateMachine.lambda$1(OzoneManagerStateMachine.java:319) ~[ozone-manager-1.3.0-SNAPSHOT.jar:?]
	at java.util.concurrent.CompletableFuture$AsyncSupply.run(CompletableFuture.java:1604) [?:1.8.0_332]
	at java.util.concurrent.ThreadPoolExecutor.runWorker(ThreadPoolExecutor.java:1149) [?:1.8.0_332]
	at java.util.concurrent.ThreadPoolExecutor$Worker.run(ThreadPoolExecutor.java:624) [?:1.8.0_332]
	at java.lang.Thread.run(Thread.java:750) [?:1.8.0_332]
2022-05-24 20:48:45,786 [OM StateMachine ApplyTransaction Thread - 0] ERROR multipart.S3MultipartUploadCommitPartRequest (S3MultipartUploadCommitPartRequest.java:logResult(324)) - MultipartUpload Commit is failed for Key:68d618ab-aa8c-49c8-8d12-628ea5e14eb6 in Volume/Bucket 2f567c71-7f60-4bcf-9359-4962f7729950/9b3f089e-9916-4389-b53c-460cc1b8f4f9
NO_SUCH_MULTIPART_UPLOAD_ERROR org.apache.hadoop.ozone.om.exceptions.OMException: No such Multipart upload is with specified uploadId 87bcc5a6-cd49-440d-8416-1ecc1d4137a5-108358882141995013
	at org.apache.hadoop.ozone.om.request.s3.multipart.S3MultipartUploadCommitPartRequest.validateAndUpdateCache(S3MultipartUploadCommitPartRequest.java:189)
	at org.apache.hadoop.ozone.protocolPB.OzoneManagerRequestHandler.handleWriteRequest(OzoneManagerRequestHandler.java:254)
	at org.apache.hadoop.ozone.om.ratis.OzoneManagerStateMachine.runCommand(OzoneManagerStateMachine.java:524)
	at org.apache.hadoop.ozone.om.ratis.OzoneManagerStateMachine.lambda$1(OzoneManagerStateMachine.java:319)
	at java.util.concurrent.CompletableFuture$AsyncSupply.run(CompletableFuture.java:1604)
	at java.util.concurrent.ThreadPoolExecutor.runWorker(ThreadPoolExecutor.java:1149)
	at java.util.concurrent.ThreadPoolExecutor$Worker.run(ThreadPoolExecutor.java:624)
	at java.lang.Thread.run(Thread.java:750)
]]></system-out>
  </testcase>
  <testcase name="testAbortUploadSuccessWithOutAnyParts" classname="org.apache.hadoop.ozone.client.rpc.TestSecureOzoneRpcClient" time="0.019">
    <system-out><![CDATA[2022-05-24 20:48:45,792 [Listener at 127.0.0.1/44485] INFO  rpc.RpcClient (RpcClient.java:createVolume(457)) - Creating Volume: 29115eb9-2ae1-4489-a7c8-29595909d55e, with runner as owner and space quota set to -1 bytes, counts quota set to -1
2022-05-24 20:48:45,795 [OM StateMachine ApplyTransaction Thread - 0] INFO  volume.OMVolumeCreateRequest (OMVolumeCreateRequest.java:validateAndUpdateCache(195)) - created volume:29115eb9-2ae1-4489-a7c8-29595909d55e for user:runner
2022-05-24 20:48:45,797 [Listener at 127.0.0.1/44485] INFO  rpc.RpcClient (RpcClient.java:createBucket(646)) - Creating Bucket: 29115eb9-2ae1-4489-a7c8-29595909d55e/b7a26c5e-918b-41c6-8cd5-701807ce681e, with runner as owner and Versioning false and Storage Type set to DISK and Encryption set to false 
2022-05-24 20:48:45,801 [OM StateMachine ApplyTransaction Thread - 0] INFO  bucket.OMBucketCreateRequest (OMBucketCreateRequest.java:validateAndUpdateCache(258)) - created bucket: b7a26c5e-918b-41c6-8cd5-701807ce681e of layout LEGACY in volume: 29115eb9-2ae1-4489-a7c8-29595909d55e
]]></system-out>
  </testcase>
  <testcase name="testAbortUploadSuccessWithParts" classname="org.apache.hadoop.ozone.client.rpc.TestSecureOzoneRpcClient" time="0.154">
    <system-out><![CDATA[2022-05-24 20:48:45,812 [Listener at 127.0.0.1/44485] INFO  rpc.RpcClient (RpcClient.java:createVolume(457)) - Creating Volume: b25c2987-ef94-4e78-858e-2497ea436302, with runner as owner and space quota set to -1 bytes, counts quota set to -1
2022-05-24 20:48:45,814 [OM StateMachine ApplyTransaction Thread - 0] INFO  volume.OMVolumeCreateRequest (OMVolumeCreateRequest.java:validateAndUpdateCache(195)) - created volume:b25c2987-ef94-4e78-858e-2497ea436302 for user:runner
2022-05-24 20:48:45,816 [Listener at 127.0.0.1/44485] INFO  rpc.RpcClient (RpcClient.java:createBucket(646)) - Creating Bucket: b25c2987-ef94-4e78-858e-2497ea436302/6a785f17-987f-464c-b0ad-03cfb67d1eb1, with runner as owner and Versioning false and Storage Type set to DISK and Encryption set to false 
2022-05-24 20:48:45,819 [OM StateMachine ApplyTransaction Thread - 0] INFO  bucket.OMBucketCreateRequest (OMBucketCreateRequest.java:validateAndUpdateCache(258)) - created bucket: 6a785f17-987f-464c-b0ad-03cfb67d1eb1 of layout LEGACY in volume: b25c2987-ef94-4e78-858e-2497ea436302
2022-05-24 20:48:45,917 [6698ee5e-a134-4bdd-b88e-32be83df5062@group-7FBFCC078974-FollowerState] INFO  impl.FollowerState (FollowerState.java:run(143)) - 6698ee5e-a134-4bdd-b88e-32be83df5062@group-7FBFCC078974-FollowerState: change to CANDIDATE, lastRpcElapsedTime:5148783584ns, electionTimeout:5148ms
2022-05-24 20:48:45,917 [6698ee5e-a134-4bdd-b88e-32be83df5062@group-7FBFCC078974-FollowerState] INFO  impl.RoleInfo (RoleInfo.java:shutdownFollowerState(110)) - 6698ee5e-a134-4bdd-b88e-32be83df5062: shutdown 6698ee5e-a134-4bdd-b88e-32be83df5062@group-7FBFCC078974-FollowerState
2022-05-24 20:48:45,917 [6698ee5e-a134-4bdd-b88e-32be83df5062@group-7FBFCC078974-FollowerState] INFO  server.RaftServer$Division (RaftServerImpl.java:setRole(299)) - 6698ee5e-a134-4bdd-b88e-32be83df5062@group-7FBFCC078974: changes role from  FOLLOWER to CANDIDATE at term 0 for changeToCandidate
2022-05-24 20:48:45,917 [6698ee5e-a134-4bdd-b88e-32be83df5062@group-7FBFCC078974-FollowerState] INFO  server.RaftServerConfigKeys (ConfUtils.java:logGet(46)) - raft.server.leaderelection.pre-vote = false (custom)
2022-05-24 20:48:45,917 [6698ee5e-a134-4bdd-b88e-32be83df5062@group-7FBFCC078974-FollowerState] INFO  impl.RoleInfo (RoleInfo.java:updateAndGet(139)) - 6698ee5e-a134-4bdd-b88e-32be83df5062: start 6698ee5e-a134-4bdd-b88e-32be83df5062@group-7FBFCC078974-LeaderElection17
2022-05-24 20:48:45,944 [6698ee5e-a134-4bdd-b88e-32be83df5062@group-7FBFCC078974-LeaderElection17] INFO  impl.LeaderElection (LeaderElection.java:askForVotes(310)) - 6698ee5e-a134-4bdd-b88e-32be83df5062@group-7FBFCC078974-LeaderElection17 ELECTION round 0: submit vote requests at term 1 for -1: [6698ee5e-a134-4bdd-b88e-32be83df5062|rpc:10.1.0.30:36573|priority:1], old=null
2022-05-24 20:48:45,944 [6698ee5e-a134-4bdd-b88e-32be83df5062@group-7FBFCC078974-LeaderElection17] INFO  impl.LeaderElection (LeaderElection.java:askForVotes(312)) - 6698ee5e-a134-4bdd-b88e-32be83df5062@group-7FBFCC078974-LeaderElection17 ELECTION round 0: result PASSED (term=1)
2022-05-24 20:48:45,944 [6698ee5e-a134-4bdd-b88e-32be83df5062@group-7FBFCC078974-LeaderElection17] INFO  impl.RoleInfo (RoleInfo.java:shutdownLeaderElection(130)) - 6698ee5e-a134-4bdd-b88e-32be83df5062: shutdown 6698ee5e-a134-4bdd-b88e-32be83df5062@group-7FBFCC078974-LeaderElection17
2022-05-24 20:48:45,944 [6698ee5e-a134-4bdd-b88e-32be83df5062@group-7FBFCC078974-LeaderElection17] INFO  server.RaftServer$Division (RaftServerImpl.java:setRole(299)) - 6698ee5e-a134-4bdd-b88e-32be83df5062@group-7FBFCC078974: changes role from CANDIDATE to LEADER at term 1 for changeToLeader
2022-05-24 20:48:45,944 [6698ee5e-a134-4bdd-b88e-32be83df5062@group-7FBFCC078974-LeaderElection17] INFO  ratis.XceiverServerRatis (XceiverServerRatis.java:handleLeaderChangedNotification(863)) - Leader change notification received for group: group-7FBFCC078974 with new leaderId: 6698ee5e-a134-4bdd-b88e-32be83df5062
2022-05-24 20:48:45,944 [6698ee5e-a134-4bdd-b88e-32be83df5062@group-7FBFCC078974-LeaderElection17] INFO  server.RaftServer$Division (ServerState.java:setLeader(287)) - 6698ee5e-a134-4bdd-b88e-32be83df5062@group-7FBFCC078974: change Leader from null to 6698ee5e-a134-4bdd-b88e-32be83df5062 at term 1 for becomeLeader, leader elected after 5185ms
2022-05-24 20:48:45,944 [6698ee5e-a134-4bdd-b88e-32be83df5062@group-7FBFCC078974-LeaderElection17] INFO  server.RaftServerConfigKeys (ConfUtils.java:logGet(46)) - raft.server.staging.catchup.gap = 1000 (default)
2022-05-24 20:48:45,944 [6698ee5e-a134-4bdd-b88e-32be83df5062@group-7FBFCC078974-LeaderElection17] INFO  server.RaftServerConfigKeys (ConfUtils.java:logGet(46)) - raft.server.write.element-limit = 1024 (custom)
2022-05-24 20:48:45,944 [6698ee5e-a134-4bdd-b88e-32be83df5062@group-7FBFCC078974-LeaderElection17] INFO  server.RaftServerConfigKeys (ConfUtils.java:logGet(46)) - raft.server.write.byte-limit = 1024 M (=1073741824) (custom)
2022-05-24 20:48:45,945 [6698ee5e-a134-4bdd-b88e-32be83df5062@group-7FBFCC078974-LeaderElection17] INFO  server.RaftServerConfigKeys (ConfUtils.java:logGet(46)) - raft.server.watch.timeout = 180s (custom)
2022-05-24 20:48:45,945 [6698ee5e-a134-4bdd-b88e-32be83df5062@group-7FBFCC078974-LeaderElection17] INFO  server.RaftServerConfigKeys (ConfUtils.java:logGet(46)) - raft.server.watch.timeout.denomination = 1s (default)
2022-05-24 20:48:45,945 [6698ee5e-a134-4bdd-b88e-32be83df5062@group-7FBFCC078974-LeaderElection17] INFO  server.RaftServerConfigKeys (ConfUtils.java:logGet(46)) - raft.server.watch.element-limit = 65536 (default)
2022-05-24 20:48:45,945 [6698ee5e-a134-4bdd-b88e-32be83df5062@group-7FBFCC078974-LeaderElection17] INFO  server.RaftServerConfigKeys (ConfUtils.java:logGet(46)) - raft.server.write.element-limit = 1024 (custom)
2022-05-24 20:48:45,945 [6698ee5e-a134-4bdd-b88e-32be83df5062@group-7FBFCC078974-LeaderElection17] INFO  server.RaftServerConfigKeys (ConfUtils.java:logGet(46)) - raft.server.write.follower.gap.ratio.max = -1.0 (default)
2022-05-24 20:48:45,945 [6698ee5e-a134-4bdd-b88e-32be83df5062@group-7FBFCC078974-LeaderElection17] INFO  impl.RoleInfo (RoleInfo.java:updateAndGet(139)) - 6698ee5e-a134-4bdd-b88e-32be83df5062: start 6698ee5e-a134-4bdd-b88e-32be83df5062@group-7FBFCC078974-LeaderStateImpl
2022-05-24 20:48:45,947 [6698ee5e-a134-4bdd-b88e-32be83df5062@group-7FBFCC078974-LeaderElection17] INFO  segmented.SegmentedRaftLogWorker (SegmentedRaftLogWorker.java:startLogSegment(425)) - 6698ee5e-a134-4bdd-b88e-32be83df5062@group-7FBFCC078974-SegmentedRaftLogWorker: Starting segment from index:0
2022-05-24 20:48:45,948 [6698ee5e-a134-4bdd-b88e-32be83df5062@group-7FBFCC078974-SegmentedRaftLogWorker] INFO  segmented.SegmentedRaftLogWorker (SegmentedRaftLogWorker.java:execute(629)) - 6698ee5e-a134-4bdd-b88e-32be83df5062@group-7FBFCC078974-SegmentedRaftLogWorker: created new log segment /home/runner/work/ozone/ozone/hadoop-ozone/integration-test/target/test-dir/MiniOzoneClusterImpl-68ae5bae-a44d-4587-ae52-251ec6d3fd1e/datanode-8/data/ratis/b350c68d-8b78-4c10-a6d5-7fbfcc078974/current/log_inprogress_0
2022-05-24 20:48:45,965 [6698ee5e-a134-4bdd-b88e-32be83df5062@group-7FBFCC078974-LeaderElection17] INFO  server.RaftServer$Division (ServerState.java:setRaftConf(393)) - 6698ee5e-a134-4bdd-b88e-32be83df5062@group-7FBFCC078974: set configuration 0: [6698ee5e-a134-4bdd-b88e-32be83df5062|rpc:10.1.0.30:36573|dataStream:|priority:1], old=null
]]></system-out>
  </testcase>
  <testcase name="testAclsAfterCallingSetBucketProperty" classname="org.apache.hadoop.ozone.client.rpc.TestSecureOzoneRpcClient" time="0.038">
    <system-out><![CDATA[2022-05-24 20:48:45,967 [Listener at 127.0.0.1/44485] INFO  rpc.RpcClient (RpcClient.java:createVolume(457)) - Creating Volume: 4d48043d-9e22-405c-8203-fc7386c3ca16, with runner as owner and space quota set to -1 bytes, counts quota set to -1
2022-05-24 20:48:45,970 [OM StateMachine ApplyTransaction Thread - 0] INFO  volume.OMVolumeCreateRequest (OMVolumeCreateRequest.java:validateAndUpdateCache(195)) - created volume:4d48043d-9e22-405c-8203-fc7386c3ca16 for user:runner
2022-05-24 20:48:45,974 [Listener at 127.0.0.1/44485] INFO  rpc.RpcClient (RpcClient.java:createBucket(646)) - Creating Bucket: 4d48043d-9e22-405c-8203-fc7386c3ca16/2fee1836-5cbe-4411-8438-4cf39423721e, with runner as owner and Versioning false and Storage Type set to DISK and Encryption set to false 
2022-05-24 20:48:45,976 [OM StateMachine ApplyTransaction Thread - 0] INFO  bucket.OMBucketCreateRequest (OMBucketCreateRequest.java:validateAndUpdateCache(258)) - created bucket: 2fee1836-5cbe-4411-8438-4cf39423721e of layout LEGACY in volume: 4d48043d-9e22-405c-8203-fc7386c3ca16
]]></system-out>
  </testcase>
  <testcase name="testAddBucketAcl" classname="org.apache.hadoop.ozone.client.rpc.TestSecureOzoneRpcClient" time="0.022">
    <system-out><![CDATA[2022-05-24 20:48:46,006 [Listener at 127.0.0.1/44485] INFO  rpc.RpcClient (RpcClient.java:createVolume(457)) - Creating Volume: b5c0c798-ab76-4807-8596-885db8f22b1d, with runner as owner and space quota set to -1 bytes, counts quota set to -1
2022-05-24 20:48:46,011 [OM StateMachine ApplyTransaction Thread - 0] INFO  volume.OMVolumeCreateRequest (OMVolumeCreateRequest.java:validateAndUpdateCache(195)) - created volume:b5c0c798-ab76-4807-8596-885db8f22b1d for user:runner
2022-05-24 20:48:46,012 [Listener at 127.0.0.1/44485] INFO  rpc.RpcClient (RpcClient.java:createBucket(646)) - Creating Bucket: b5c0c798-ab76-4807-8596-885db8f22b1d/b81f678f-5d51-4543-b08e-d6f51ee2f9f6, with runner as owner and Versioning false and Storage Type set to DISK and Encryption set to false 
2022-05-24 20:48:46,015 [OM StateMachine ApplyTransaction Thread - 0] INFO  bucket.OMBucketCreateRequest (OMBucketCreateRequest.java:validateAndUpdateCache(258)) - created bucket: b81f678f-5d51-4543-b08e-d6f51ee2f9f6 of layout LEGACY in volume: b5c0c798-ab76-4807-8596-885db8f22b1d
]]></system-out>
  </testcase>
  <testcase name="testBucketQuota(ReplicationConfig)[1]" classname="org.apache.hadoop.ozone.client.rpc.TestSecureOzoneRpcClient" time="0.59">
    <system-out><![CDATA[2022-05-24 20:48:46,032 [Listener at 127.0.0.1/44485] INFO  rpc.RpcClient (RpcClient.java:createVolume(457)) - Creating Volume: 3cf2c4e7-6e7d-407a-8b0a-6d23d9db8920, with runner as owner and space quota set to -1 bytes, counts quota set to -1
2022-05-24 20:48:46,035 [OM StateMachine ApplyTransaction Thread - 0] INFO  volume.OMVolumeCreateRequest (OMVolumeCreateRequest.java:validateAndUpdateCache(195)) - created volume:3cf2c4e7-6e7d-407a-8b0a-6d23d9db8920 for user:runner
2022-05-24 20:48:46,037 [Listener at 127.0.0.1/44485] INFO  rpc.RpcClient (RpcClient.java:createBucket(646)) - Creating Bucket: 3cf2c4e7-6e7d-407a-8b0a-6d23d9db8920/7b5480c1-7cb2-4e5c-84b7-6363a56e1734, with runner as owner and Versioning false and Storage Type set to DISK and Encryption set to false 
2022-05-24 20:48:46,040 [OM StateMachine ApplyTransaction Thread - 0] INFO  bucket.OMBucketCreateRequest (OMBucketCreateRequest.java:validateAndUpdateCache(258)) - created bucket: 7b5480c1-7cb2-4e5c-84b7-6363a56e1734 of layout LEGACY in volume: 3cf2c4e7-6e7d-407a-8b0a-6d23d9db8920
2022-05-24 20:48:46,088 [Listener at 127.0.0.1/44485] INFO  rpc.RpcClient (RpcClient.java:createVolume(457)) - Creating Volume: 28ea601e-8b64-4e64-80e3-df2b1cdbef86, with runner as owner and space quota set to -1 bytes, counts quota set to -1
2022-05-24 20:48:46,091 [OM StateMachine ApplyTransaction Thread - 0] INFO  volume.OMVolumeCreateRequest (OMVolumeCreateRequest.java:validateAndUpdateCache(195)) - created volume:28ea601e-8b64-4e64-80e3-df2b1cdbef86 for user:runner
2022-05-24 20:48:46,093 [Listener at 127.0.0.1/44485] INFO  rpc.RpcClient (RpcClient.java:createBucket(646)) - Creating Bucket: 28ea601e-8b64-4e64-80e3-df2b1cdbef86/df6afe5d-dae8-452d-8430-20a5a0b3a965, with runner as owner and Versioning false and Storage Type set to DISK and Encryption set to false 
2022-05-24 20:48:46,096 [OM StateMachine ApplyTransaction Thread - 0] INFO  bucket.OMBucketCreateRequest (OMBucketCreateRequest.java:validateAndUpdateCache(258)) - created bucket: df6afe5d-dae8-452d-8430-20a5a0b3a965 of layout LEGACY in volume: 28ea601e-8b64-4e64-80e3-df2b1cdbef86
2022-05-24 20:48:46,102 [96b502b3-baca-4757-9843-c23b848e6fef@group-909E496902BE-FollowerState] INFO  impl.FollowerState (FollowerState.java:run(143)) - 96b502b3-baca-4757-9843-c23b848e6fef@group-909E496902BE-FollowerState: change to CANDIDATE, lastRpcElapsedTime:5005312998ns, electionTimeout:5005ms
2022-05-24 20:48:46,102 [96b502b3-baca-4757-9843-c23b848e6fef@group-909E496902BE-FollowerState] INFO  impl.RoleInfo (RoleInfo.java:shutdownFollowerState(110)) - 96b502b3-baca-4757-9843-c23b848e6fef: shutdown 96b502b3-baca-4757-9843-c23b848e6fef@group-909E496902BE-FollowerState
2022-05-24 20:48:46,102 [96b502b3-baca-4757-9843-c23b848e6fef@group-909E496902BE-FollowerState] INFO  server.RaftServer$Division (RaftServerImpl.java:setRole(299)) - 96b502b3-baca-4757-9843-c23b848e6fef@group-909E496902BE: changes role from  FOLLOWER to CANDIDATE at term 0 for changeToCandidate
2022-05-24 20:48:46,102 [96b502b3-baca-4757-9843-c23b848e6fef@group-909E496902BE-FollowerState] INFO  server.RaftServerConfigKeys (ConfUtils.java:logGet(46)) - raft.server.leaderelection.pre-vote = false (custom)
2022-05-24 20:48:46,102 [96b502b3-baca-4757-9843-c23b848e6fef@group-909E496902BE-FollowerState] INFO  impl.RoleInfo (RoleInfo.java:updateAndGet(139)) - 96b502b3-baca-4757-9843-c23b848e6fef: start 96b502b3-baca-4757-9843-c23b848e6fef@group-909E496902BE-LeaderElection18
2022-05-24 20:48:46,110 [96b502b3-baca-4757-9843-c23b848e6fef@group-909E496902BE-LeaderElection18] INFO  impl.LeaderElection (LeaderElection.java:askForVotes(310)) - 96b502b3-baca-4757-9843-c23b848e6fef@group-909E496902BE-LeaderElection18 ELECTION round 0: submit vote requests at term 1 for -1: [96b502b3-baca-4757-9843-c23b848e6fef|rpc:10.1.0.30:43169|priority:1], old=null
2022-05-24 20:48:46,110 [96b502b3-baca-4757-9843-c23b848e6fef@group-909E496902BE-LeaderElection18] INFO  impl.LeaderElection (LeaderElection.java:askForVotes(312)) - 96b502b3-baca-4757-9843-c23b848e6fef@group-909E496902BE-LeaderElection18 ELECTION round 0: result PASSED (term=1)
2022-05-24 20:48:46,111 [96b502b3-baca-4757-9843-c23b848e6fef@group-909E496902BE-LeaderElection18] INFO  impl.RoleInfo (RoleInfo.java:shutdownLeaderElection(130)) - 96b502b3-baca-4757-9843-c23b848e6fef: shutdown 96b502b3-baca-4757-9843-c23b848e6fef@group-909E496902BE-LeaderElection18
2022-05-24 20:48:46,111 [96b502b3-baca-4757-9843-c23b848e6fef@group-909E496902BE-LeaderElection18] INFO  server.RaftServer$Division (RaftServerImpl.java:setRole(299)) - 96b502b3-baca-4757-9843-c23b848e6fef@group-909E496902BE: changes role from CANDIDATE to LEADER at term 1 for changeToLeader
2022-05-24 20:48:46,111 [96b502b3-baca-4757-9843-c23b848e6fef@group-909E496902BE-LeaderElection18] INFO  ratis.XceiverServerRatis (XceiverServerRatis.java:handleLeaderChangedNotification(863)) - Leader change notification received for group: group-909E496902BE with new leaderId: 96b502b3-baca-4757-9843-c23b848e6fef
2022-05-24 20:48:46,111 [96b502b3-baca-4757-9843-c23b848e6fef@group-909E496902BE-LeaderElection18] INFO  server.RaftServer$Division (ServerState.java:setLeader(287)) - 96b502b3-baca-4757-9843-c23b848e6fef@group-909E496902BE: change Leader from null to 96b502b3-baca-4757-9843-c23b848e6fef at term 1 for becomeLeader, leader elected after 5025ms
2022-05-24 20:48:46,111 [96b502b3-baca-4757-9843-c23b848e6fef@group-909E496902BE-LeaderElection18] INFO  server.RaftServerConfigKeys (ConfUtils.java:logGet(46)) - raft.server.staging.catchup.gap = 1000 (default)
2022-05-24 20:48:46,115 [96b502b3-baca-4757-9843-c23b848e6fef@group-909E496902BE-LeaderElection18] INFO  server.RaftServerConfigKeys (ConfUtils.java:logGet(46)) - raft.server.write.element-limit = 1024 (custom)
2022-05-24 20:48:46,115 [96b502b3-baca-4757-9843-c23b848e6fef@group-909E496902BE-LeaderElection18] INFO  server.RaftServerConfigKeys (ConfUtils.java:logGet(46)) - raft.server.write.byte-limit = 1024 M (=1073741824) (custom)
2022-05-24 20:48:46,115 [96b502b3-baca-4757-9843-c23b848e6fef@group-909E496902BE-LeaderElection18] INFO  server.RaftServerConfigKeys (ConfUtils.java:logGet(46)) - raft.server.watch.timeout = 180s (custom)
2022-05-24 20:48:46,115 [96b502b3-baca-4757-9843-c23b848e6fef@group-909E496902BE-LeaderElection18] INFO  server.RaftServerConfigKeys (ConfUtils.java:logGet(46)) - raft.server.watch.timeout.denomination = 1s (default)
2022-05-24 20:48:46,115 [96b502b3-baca-4757-9843-c23b848e6fef@group-909E496902BE-LeaderElection18] INFO  server.RaftServerConfigKeys (ConfUtils.java:logGet(46)) - raft.server.watch.element-limit = 65536 (default)
2022-05-24 20:48:46,115 [96b502b3-baca-4757-9843-c23b848e6fef@group-909E496902BE-LeaderElection18] INFO  server.RaftServerConfigKeys (ConfUtils.java:logGet(46)) - raft.server.write.element-limit = 1024 (custom)
2022-05-24 20:48:46,115 [96b502b3-baca-4757-9843-c23b848e6fef@group-909E496902BE-LeaderElection18] INFO  server.RaftServerConfigKeys (ConfUtils.java:logGet(46)) - raft.server.write.follower.gap.ratio.max = -1.0 (default)
2022-05-24 20:48:46,115 [96b502b3-baca-4757-9843-c23b848e6fef@group-909E496902BE-LeaderElection18] INFO  impl.RoleInfo (RoleInfo.java:updateAndGet(139)) - 96b502b3-baca-4757-9843-c23b848e6fef: start 96b502b3-baca-4757-9843-c23b848e6fef@group-909E496902BE-LeaderStateImpl
2022-05-24 20:48:46,116 [96b502b3-baca-4757-9843-c23b848e6fef@group-909E496902BE-LeaderElection18] INFO  segmented.SegmentedRaftLogWorker (SegmentedRaftLogWorker.java:startLogSegment(425)) - 96b502b3-baca-4757-9843-c23b848e6fef@group-909E496902BE-SegmentedRaftLogWorker: Starting segment from index:0
2022-05-24 20:48:46,119 [96b502b3-baca-4757-9843-c23b848e6fef@group-909E496902BE-LeaderElection18] INFO  server.RaftServer$Division (ServerState.java:setRaftConf(393)) - 96b502b3-baca-4757-9843-c23b848e6fef@group-909E496902BE: set configuration 0: [96b502b3-baca-4757-9843-c23b848e6fef|rpc:10.1.0.30:43169|dataStream:|priority:1], old=null
2022-05-24 20:48:46,120 [96b502b3-baca-4757-9843-c23b848e6fef@group-909E496902BE-SegmentedRaftLogWorker] INFO  segmented.SegmentedRaftLogWorker (SegmentedRaftLogWorker.java:execute(629)) - 96b502b3-baca-4757-9843-c23b848e6fef@group-909E496902BE-SegmentedRaftLogWorker: created new log segment /home/runner/work/ozone/ozone/hadoop-ozone/integration-test/target/test-dir/MiniOzoneClusterImpl-68ae5bae-a44d-4587-ae52-251ec6d3fd1e/datanode-9/data/ratis/87e8957f-fb49-45c1-81b1-909e496902be/current/log_inprogress_0
2022-05-24 20:48:46,181 [Listener at 127.0.0.1/44485] INFO  rpc.RpcClient (RpcClient.java:createVolume(457)) - Creating Volume: 811ab1b2-1a7e-4836-bfca-dbefc0c8edc5, with runner as owner and space quota set to -1 bytes, counts quota set to -1
2022-05-24 20:48:46,184 [OM StateMachine ApplyTransaction Thread - 0] INFO  volume.OMVolumeCreateRequest (OMVolumeCreateRequest.java:validateAndUpdateCache(195)) - created volume:811ab1b2-1a7e-4836-bfca-dbefc0c8edc5 for user:runner
2022-05-24 20:48:46,186 [Listener at 127.0.0.1/44485] INFO  rpc.RpcClient (RpcClient.java:createBucket(646)) - Creating Bucket: 811ab1b2-1a7e-4836-bfca-dbefc0c8edc5/defe7153-a627-4665-83e7-ba41851fcec1, with runner as owner and Versioning false and Storage Type set to DISK and Encryption set to false 
2022-05-24 20:48:46,188 [OM StateMachine ApplyTransaction Thread - 0] INFO  bucket.OMBucketCreateRequest (OMBucketCreateRequest.java:validateAndUpdateCache(258)) - created bucket: defe7153-a627-4665-83e7-ba41851fcec1 of layout LEGACY in volume: 811ab1b2-1a7e-4836-bfca-dbefc0c8edc5
2022-05-24 20:48:46,428 [Listener at 127.0.0.1/44485] INFO  rpc.RpcClient (RpcClient.java:createVolume(457)) - Creating Volume: 6bf1157d-fd33-41c9-9422-543efd136b2a, with runner as owner and space quota set to -1 bytes, counts quota set to -1
2022-05-24 20:48:46,430 [OM StateMachine ApplyTransaction Thread - 0] INFO  volume.OMVolumeCreateRequest (OMVolumeCreateRequest.java:validateAndUpdateCache(195)) - created volume:6bf1157d-fd33-41c9-9422-543efd136b2a for user:runner
2022-05-24 20:48:46,432 [Listener at 127.0.0.1/44485] INFO  rpc.RpcClient (RpcClient.java:createBucket(646)) - Creating Bucket: 6bf1157d-fd33-41c9-9422-543efd136b2a/2e3f3d5a-6f69-4b42-80e6-dbd174e8b466, with runner as owner and Versioning false and Storage Type set to DISK and Encryption set to false 
2022-05-24 20:48:46,435 [OM StateMachine ApplyTransaction Thread - 0] INFO  bucket.OMBucketCreateRequest (OMBucketCreateRequest.java:validateAndUpdateCache(258)) - created bucket: 2e3f3d5a-6f69-4b42-80e6-dbd174e8b466 of layout LEGACY in volume: 6bf1157d-fd33-41c9-9422-543efd136b2a
]]></system-out>
  </testcase>
  <testcase name="testBucketQuota(ReplicationConfig)[2]" classname="org.apache.hadoop.ozone.client.rpc.TestSecureOzoneRpcClient" time="4.176">
    <system-out><![CDATA[2022-05-24 20:48:46,622 [Listener at 127.0.0.1/44485] INFO  rpc.RpcClient (RpcClient.java:createVolume(457)) - Creating Volume: e7a5df9f-902b-477f-bee0-f8d061463087, with runner as owner and space quota set to -1 bytes, counts quota set to -1
2022-05-24 20:48:46,626 [OM StateMachine ApplyTransaction Thread - 0] INFO  volume.OMVolumeCreateRequest (OMVolumeCreateRequest.java:validateAndUpdateCache(195)) - created volume:e7a5df9f-902b-477f-bee0-f8d061463087 for user:runner
2022-05-24 20:48:46,627 [Listener at 127.0.0.1/44485] INFO  rpc.RpcClient (RpcClient.java:createBucket(646)) - Creating Bucket: e7a5df9f-902b-477f-bee0-f8d061463087/04395f5e-52d1-439b-8398-420b72407d8a, with runner as owner and Versioning false and Storage Type set to DISK and Encryption set to false 
2022-05-24 20:48:46,631 [OM StateMachine ApplyTransaction Thread - 0] INFO  bucket.OMBucketCreateRequest (OMBucketCreateRequest.java:validateAndUpdateCache(258)) - created bucket: 04395f5e-52d1-439b-8398-420b72407d8a of layout LEGACY in volume: e7a5df9f-902b-477f-bee0-f8d061463087
2022-05-24 20:48:46,674 [Listener at 127.0.0.1/44485] INFO  rpc.RpcClient (RpcClient.java:createVolume(457)) - Creating Volume: ec97b795-ed7c-4e6f-8e63-a5b8c4158029, with runner as owner and space quota set to -1 bytes, counts quota set to -1
2022-05-24 20:48:46,678 [OM StateMachine ApplyTransaction Thread - 0] INFO  volume.OMVolumeCreateRequest (OMVolumeCreateRequest.java:validateAndUpdateCache(195)) - created volume:ec97b795-ed7c-4e6f-8e63-a5b8c4158029 for user:runner
2022-05-24 20:48:46,681 [Listener at 127.0.0.1/44485] INFO  rpc.RpcClient (RpcClient.java:createBucket(646)) - Creating Bucket: ec97b795-ed7c-4e6f-8e63-a5b8c4158029/a02e8665-f943-4066-ac45-21c243f270e5, with runner as owner and Versioning false and Storage Type set to DISK and Encryption set to false 
2022-05-24 20:48:46,684 [OM StateMachine ApplyTransaction Thread - 0] INFO  bucket.OMBucketCreateRequest (OMBucketCreateRequest.java:validateAndUpdateCache(258)) - created bucket: a02e8665-f943-4066-ac45-21c243f270e5 of layout LEGACY in volume: ec97b795-ed7c-4e6f-8e63-a5b8c4158029
2022-05-24 20:48:46,924 [Listener at 127.0.0.1/44485] INFO  rpc.RpcClient (RpcClient.java:createVolume(457)) - Creating Volume: 6232bb28-2fef-4687-b158-23b3106330cb, with runner as owner and space quota set to -1 bytes, counts quota set to -1
2022-05-24 20:48:46,927 [OM StateMachine ApplyTransaction Thread - 0] INFO  volume.OMVolumeCreateRequest (OMVolumeCreateRequest.java:validateAndUpdateCache(195)) - created volume:6232bb28-2fef-4687-b158-23b3106330cb for user:runner
2022-05-24 20:48:46,928 [Listener at 127.0.0.1/44485] INFO  rpc.RpcClient (RpcClient.java:createBucket(646)) - Creating Bucket: 6232bb28-2fef-4687-b158-23b3106330cb/24242b24-9d34-4328-82aa-73182a77886d, with runner as owner and Versioning false and Storage Type set to DISK and Encryption set to false 
2022-05-24 20:48:46,930 [OM StateMachine ApplyTransaction Thread - 0] INFO  bucket.OMBucketCreateRequest (OMBucketCreateRequest.java:validateAndUpdateCache(258)) - created bucket: 24242b24-9d34-4328-82aa-73182a77886d of layout LEGACY in volume: 6232bb28-2fef-4687-b158-23b3106330cb
2022-05-24 20:48:47,295 [Listener at 127.0.0.1/44485] INFO  rpc.RpcClient (RpcClient.java:createVolume(457)) - Creating Volume: 01708f56-fa42-4c41-bd44-6c5861a00bac, with runner as owner and space quota set to -1 bytes, counts quota set to -1
2022-05-24 20:48:47,297 [OM StateMachine ApplyTransaction Thread - 0] INFO  volume.OMVolumeCreateRequest (OMVolumeCreateRequest.java:validateAndUpdateCache(195)) - created volume:01708f56-fa42-4c41-bd44-6c5861a00bac for user:runner
2022-05-24 20:48:47,299 [Listener at 127.0.0.1/44485] INFO  rpc.RpcClient (RpcClient.java:createBucket(646)) - Creating Bucket: 01708f56-fa42-4c41-bd44-6c5861a00bac/f91184ee-5ee5-4fd7-bc3c-7224e9939730, with runner as owner and Versioning false and Storage Type set to DISK and Encryption set to false 
2022-05-24 20:48:47,302 [OM StateMachine ApplyTransaction Thread - 0] INFO  bucket.OMBucketCreateRequest (OMBucketCreateRequest.java:validateAndUpdateCache(258)) - created bucket: f91184ee-5ee5-4fd7-bc3c-7224e9939730 of layout LEGACY in volume: 01708f56-fa42-4c41-bd44-6c5861a00bac
2022-05-24 20:48:47,789 [Listener at 127.0.0.1/44485] INFO  rpc.RpcClient (RpcClient.java:createVolume(457)) - Creating Volume: 76754a63-c132-4bbb-89de-92691f1c41c1, with runner as owner and space quota set to -1 bytes, counts quota set to -1
2022-05-24 20:48:47,791 [OM StateMachine ApplyTransaction Thread - 0] INFO  volume.OMVolumeCreateRequest (OMVolumeCreateRequest.java:validateAndUpdateCache(195)) - created volume:76754a63-c132-4bbb-89de-92691f1c41c1 for user:runner
2022-05-24 20:48:47,793 [Listener at 127.0.0.1/44485] INFO  rpc.RpcClient (RpcClient.java:createBucket(646)) - Creating Bucket: 76754a63-c132-4bbb-89de-92691f1c41c1/5281075c-8c4d-4f06-b1b8-2544f8e4d7c6, with runner as owner and Versioning false and Storage Type set to DISK and Encryption set to false 
2022-05-24 20:48:47,795 [OM StateMachine ApplyTransaction Thread - 0] INFO  bucket.OMBucketCreateRequest (OMBucketCreateRequest.java:validateAndUpdateCache(258)) - created bucket: 5281075c-8c4d-4f06-b1b8-2544f8e4d7c6 of layout LEGACY in volume: 76754a63-c132-4bbb-89de-92691f1c41c1
2022-05-24 20:48:48,259 [2fee1640-d3c9-493e-8933-b41673c21aaf@group-0B1FB73F6FF2-FollowerState] INFO  impl.FollowerState (FollowerState.java:run(143)) - 2fee1640-d3c9-493e-8933-b41673c21aaf@group-0B1FB73F6FF2-FollowerState: change to CANDIDATE, lastRpcElapsedTime:5077859598ns, electionTimeout:5074ms
2022-05-24 20:48:48,259 [2fee1640-d3c9-493e-8933-b41673c21aaf@group-0B1FB73F6FF2-FollowerState] INFO  impl.RoleInfo (RoleInfo.java:shutdownFollowerState(110)) - 2fee1640-d3c9-493e-8933-b41673c21aaf: shutdown 2fee1640-d3c9-493e-8933-b41673c21aaf@group-0B1FB73F6FF2-FollowerState
2022-05-24 20:48:48,259 [2fee1640-d3c9-493e-8933-b41673c21aaf@group-0B1FB73F6FF2-FollowerState] INFO  server.RaftServer$Division (RaftServerImpl.java:setRole(299)) - 2fee1640-d3c9-493e-8933-b41673c21aaf@group-0B1FB73F6FF2: changes role from  FOLLOWER to CANDIDATE at term 1 for changeToCandidate
2022-05-24 20:48:48,260 [2fee1640-d3c9-493e-8933-b41673c21aaf@group-0B1FB73F6FF2-FollowerState] INFO  server.RaftServerConfigKeys (ConfUtils.java:logGet(46)) - raft.server.leaderelection.pre-vote = false (custom)
2022-05-24 20:48:48,260 [2fee1640-d3c9-493e-8933-b41673c21aaf@group-0B1FB73F6FF2-FollowerState] INFO  impl.RoleInfo (RoleInfo.java:updateAndGet(139)) - 2fee1640-d3c9-493e-8933-b41673c21aaf: start 2fee1640-d3c9-493e-8933-b41673c21aaf@group-0B1FB73F6FF2-LeaderElection19
2022-05-24 20:48:48,305 [2fee1640-d3c9-493e-8933-b41673c21aaf@group-0B1FB73F6FF2-LeaderElection19] INFO  impl.LeaderElection (LeaderElection.java:askForVotes(310)) - 2fee1640-d3c9-493e-8933-b41673c21aaf@group-0B1FB73F6FF2-LeaderElection19 ELECTION round 0: submit vote requests at term 2 for -1: [9fafcebc-4ec8-4b2f-921e-361fad102aa9|rpc:10.1.0.30:37523|dataStream:|priority:0, 01e7dfcd-082b-401a-ab9e-a677cf0851a6|rpc:10.1.0.30:34373|dataStream:|priority:0, 2fee1640-d3c9-493e-8933-b41673c21aaf|rpc:10.1.0.30:36361|dataStream:|priority:1], old=null
2022-05-24 20:48:48,329 [grpc-default-executor-3] INFO  server.RaftServer$Division (RaftServerImpl.java:requestVote(1152)) - 9fafcebc-4ec8-4b2f-921e-361fad102aa9@group-0B1FB73F6FF2: receive requestVote(ELECTION, 2fee1640-d3c9-493e-8933-b41673c21aaf, group-0B1FB73F6FF2, 2, (t:0, i:0))
2022-05-24 20:48:48,329 [grpc-default-executor-1] INFO  server.RaftServer$Division (RaftServerImpl.java:requestVote(1152)) - 01e7dfcd-082b-401a-ab9e-a677cf0851a6@group-0B1FB73F6FF2: receive requestVote(ELECTION, 2fee1640-d3c9-493e-8933-b41673c21aaf, group-0B1FB73F6FF2, 2, (t:0, i:0))
2022-05-24 20:48:48,330 [grpc-default-executor-3] INFO  impl.VoteContext (VoteContext.java:log(48)) - 9fafcebc-4ec8-4b2f-921e-361fad102aa9@group-0B1FB73F6FF2-FOLLOWER: accept ELECTION from 2fee1640-d3c9-493e-8933-b41673c21aaf: our priority 0 <= candidate's priority 1
2022-05-24 20:48:48,330 [grpc-default-executor-3] INFO  server.RaftServer$Division (RaftServerImpl.java:setRole(299)) - 9fafcebc-4ec8-4b2f-921e-361fad102aa9@group-0B1FB73F6FF2: changes role from  FOLLOWER to FOLLOWER at term 2 for candidate:2fee1640-d3c9-493e-8933-b41673c21aaf
2022-05-24 20:48:48,330 [grpc-default-executor-3] INFO  impl.RoleInfo (RoleInfo.java:shutdownFollowerState(110)) - 9fafcebc-4ec8-4b2f-921e-361fad102aa9: shutdown 9fafcebc-4ec8-4b2f-921e-361fad102aa9@group-0B1FB73F6FF2-FollowerState
2022-05-24 20:48:48,330 [grpc-default-executor-3] INFO  impl.RoleInfo (RoleInfo.java:updateAndGet(139)) - 9fafcebc-4ec8-4b2f-921e-361fad102aa9: start 9fafcebc-4ec8-4b2f-921e-361fad102aa9@group-0B1FB73F6FF2-FollowerState
2022-05-24 20:48:48,330 [9fafcebc-4ec8-4b2f-921e-361fad102aa9@group-0B1FB73F6FF2-FollowerState] INFO  impl.FollowerState (FollowerState.java:run(152)) - 9fafcebc-4ec8-4b2f-921e-361fad102aa9@group-0B1FB73F6FF2-FollowerState was interrupted
2022-05-24 20:48:48,332 [grpc-default-executor-3] INFO  server.RaftServer$Division (RaftServerImpl.java:requestVote(1184)) - 9fafcebc-4ec8-4b2f-921e-361fad102aa9@group-0B1FB73F6FF2 replies to ELECTION vote request: 2fee1640-d3c9-493e-8933-b41673c21aaf<-9fafcebc-4ec8-4b2f-921e-361fad102aa9#0:OK-t2. Peer's state: 9fafcebc-4ec8-4b2f-921e-361fad102aa9@group-0B1FB73F6FF2:t2, leader=null, voted=2fee1640-d3c9-493e-8933-b41673c21aaf, raftlog=9fafcebc-4ec8-4b2f-921e-361fad102aa9@group-0B1FB73F6FF2-SegmentedRaftLog:OPENED:c-1, conf=-1: [9fafcebc-4ec8-4b2f-921e-361fad102aa9|rpc:10.1.0.30:37523|priority:0, 01e7dfcd-082b-401a-ab9e-a677cf0851a6|rpc:10.1.0.30:34373|priority:0, 2fee1640-d3c9-493e-8933-b41673c21aaf|rpc:10.1.0.30:36361|priority:1], old=null
2022-05-24 20:48:48,344 [grpc-default-executor-1] INFO  impl.VoteContext (VoteContext.java:log(48)) - 01e7dfcd-082b-401a-ab9e-a677cf0851a6@group-0B1FB73F6FF2-FOLLOWER: accept ELECTION from 2fee1640-d3c9-493e-8933-b41673c21aaf: our priority 0 <= candidate's priority 1
2022-05-24 20:48:48,344 [grpc-default-executor-1] INFO  server.RaftServer$Division (RaftServerImpl.java:setRole(299)) - 01e7dfcd-082b-401a-ab9e-a677cf0851a6@group-0B1FB73F6FF2: changes role from  FOLLOWER to FOLLOWER at term 2 for candidate:2fee1640-d3c9-493e-8933-b41673c21aaf
2022-05-24 20:48:48,344 [grpc-default-executor-1] INFO  impl.RoleInfo (RoleInfo.java:shutdownFollowerState(110)) - 01e7dfcd-082b-401a-ab9e-a677cf0851a6: shutdown 01e7dfcd-082b-401a-ab9e-a677cf0851a6@group-0B1FB73F6FF2-FollowerState
2022-05-24 20:48:48,344 [grpc-default-executor-1] INFO  impl.RoleInfo (RoleInfo.java:updateAndGet(139)) - 01e7dfcd-082b-401a-ab9e-a677cf0851a6: start 01e7dfcd-082b-401a-ab9e-a677cf0851a6@group-0B1FB73F6FF2-FollowerState
2022-05-24 20:48:48,344 [01e7dfcd-082b-401a-ab9e-a677cf0851a6@group-0B1FB73F6FF2-FollowerState] INFO  impl.FollowerState (FollowerState.java:run(152)) - 01e7dfcd-082b-401a-ab9e-a677cf0851a6@group-0B1FB73F6FF2-FollowerState was interrupted
2022-05-24 20:48:48,348 [grpc-default-executor-1] INFO  server.RaftServer$Division (RaftServerImpl.java:requestVote(1184)) - 01e7dfcd-082b-401a-ab9e-a677cf0851a6@group-0B1FB73F6FF2 replies to ELECTION vote request: 2fee1640-d3c9-493e-8933-b41673c21aaf<-01e7dfcd-082b-401a-ab9e-a677cf0851a6#0:OK-t2. Peer's state: 01e7dfcd-082b-401a-ab9e-a677cf0851a6@group-0B1FB73F6FF2:t2, leader=null, voted=2fee1640-d3c9-493e-8933-b41673c21aaf, raftlog=01e7dfcd-082b-401a-ab9e-a677cf0851a6@group-0B1FB73F6FF2-SegmentedRaftLog:OPENED:c-1, conf=-1: [9fafcebc-4ec8-4b2f-921e-361fad102aa9|rpc:10.1.0.30:37523|priority:0, 01e7dfcd-082b-401a-ab9e-a677cf0851a6|rpc:10.1.0.30:34373|priority:0, 2fee1640-d3c9-493e-8933-b41673c21aaf|rpc:10.1.0.30:36361|priority:1], old=null
2022-05-24 20:48:48,354 [2fee1640-d3c9-493e-8933-b41673c21aaf@group-0B1FB73F6FF2-LeaderElection19] INFO  impl.LeaderElection (LeaderElection.java:logAndReturn(90)) - 2fee1640-d3c9-493e-8933-b41673c21aaf@group-0B1FB73F6FF2-LeaderElection19: ELECTION PASSED received 1 response(s) and 0 exception(s):
2022-05-24 20:48:48,354 [2fee1640-d3c9-493e-8933-b41673c21aaf@group-0B1FB73F6FF2-LeaderElection19] INFO  impl.LeaderElection (LeaderElection.java:logAndReturn(94)) -   Response 0: 2fee1640-d3c9-493e-8933-b41673c21aaf<-9fafcebc-4ec8-4b2f-921e-361fad102aa9#0:OK-t2
2022-05-24 20:48:48,357 [2fee1640-d3c9-493e-8933-b41673c21aaf@group-0B1FB73F6FF2-LeaderElection19] INFO  impl.LeaderElection (LeaderElection.java:askForVotes(312)) - 2fee1640-d3c9-493e-8933-b41673c21aaf@group-0B1FB73F6FF2-LeaderElection19 ELECTION round 0: result PASSED
2022-05-24 20:48:48,357 [2fee1640-d3c9-493e-8933-b41673c21aaf@group-0B1FB73F6FF2-LeaderElection19] INFO  impl.RoleInfo (RoleInfo.java:shutdownLeaderElection(130)) - 2fee1640-d3c9-493e-8933-b41673c21aaf: shutdown 2fee1640-d3c9-493e-8933-b41673c21aaf@group-0B1FB73F6FF2-LeaderElection19
2022-05-24 20:48:48,357 [2fee1640-d3c9-493e-8933-b41673c21aaf@group-0B1FB73F6FF2-LeaderElection19] INFO  server.RaftServer$Division (RaftServerImpl.java:setRole(299)) - 2fee1640-d3c9-493e-8933-b41673c21aaf@group-0B1FB73F6FF2: changes role from CANDIDATE to LEADER at term 2 for changeToLeader
2022-05-24 20:48:48,357 [2fee1640-d3c9-493e-8933-b41673c21aaf@group-0B1FB73F6FF2-LeaderElection19] INFO  ratis.XceiverServerRatis (XceiverServerRatis.java:handleLeaderChangedNotification(863)) - Leader change notification received for group: group-0B1FB73F6FF2 with new leaderId: 2fee1640-d3c9-493e-8933-b41673c21aaf
2022-05-24 20:48:48,364 [2fee1640-d3c9-493e-8933-b41673c21aaf@group-0B1FB73F6FF2-LeaderElection19] INFO  server.RaftServer$Division (ServerState.java:setLeader(287)) - 2fee1640-d3c9-493e-8933-b41673c21aaf@group-0B1FB73F6FF2: change Leader from null to 2fee1640-d3c9-493e-8933-b41673c21aaf at term 2 for becomeLeader, leader elected after 9649ms
2022-05-24 20:48:48,364 [2fee1640-d3c9-493e-8933-b41673c21aaf@group-0B1FB73F6FF2-LeaderElection19] INFO  server.RaftServerConfigKeys (ConfUtils.java:logGet(46)) - raft.server.staging.catchup.gap = 1000 (default)
2022-05-24 20:48:48,364 [2fee1640-d3c9-493e-8933-b41673c21aaf@group-0B1FB73F6FF2-LeaderElection19] INFO  server.RaftServerConfigKeys (ConfUtils.java:logGet(46)) - raft.server.write.element-limit = 1024 (custom)
2022-05-24 20:48:48,364 [2fee1640-d3c9-493e-8933-b41673c21aaf@group-0B1FB73F6FF2-LeaderElection19] INFO  server.RaftServerConfigKeys (ConfUtils.java:logGet(46)) - raft.server.write.byte-limit = 1024 M (=1073741824) (custom)
2022-05-24 20:48:48,364 [2fee1640-d3c9-493e-8933-b41673c21aaf@group-0B1FB73F6FF2-LeaderElection19] INFO  server.RaftServerConfigKeys (ConfUtils.java:logGet(46)) - raft.server.watch.timeout = 180s (custom)
2022-05-24 20:48:48,364 [2fee1640-d3c9-493e-8933-b41673c21aaf@group-0B1FB73F6FF2-LeaderElection19] INFO  server.RaftServerConfigKeys (ConfUtils.java:logGet(46)) - raft.server.watch.timeout.denomination = 1s (default)
2022-05-24 20:48:48,364 [2fee1640-d3c9-493e-8933-b41673c21aaf@group-0B1FB73F6FF2-LeaderElection19] INFO  server.RaftServerConfigKeys (ConfUtils.java:logGet(46)) - raft.server.watch.element-limit = 65536 (default)
2022-05-24 20:48:48,364 [2fee1640-d3c9-493e-8933-b41673c21aaf@group-0B1FB73F6FF2-LeaderElection19] INFO  server.RaftServerConfigKeys (ConfUtils.java:logGet(46)) - raft.server.write.element-limit = 1024 (custom)
2022-05-24 20:48:48,364 [2fee1640-d3c9-493e-8933-b41673c21aaf@group-0B1FB73F6FF2-LeaderElection19] INFO  server.RaftServerConfigKeys (ConfUtils.java:logGet(46)) - raft.server.write.follower.gap.ratio.max = -1.0 (default)
2022-05-24 20:48:48,365 [2fee1640-d3c9-493e-8933-b41673c21aaf@group-0B1FB73F6FF2-LeaderElection19] INFO  server.RaftServerConfigKeys (ConfUtils.java:logGet(46)) - raft.server.log.appender.snapshot.chunk.size.max = 16MB (=16777216) (default)
2022-05-24 20:48:48,365 [2fee1640-d3c9-493e-8933-b41673c21aaf@group-0B1FB73F6FF2-LeaderElection19] INFO  server.RaftServerConfigKeys (ConfUtils.java:logGet(46)) - raft.server.log.appender.buffer.byte-limit = 33554432 (custom)
2022-05-24 20:48:48,365 [2fee1640-d3c9-493e-8933-b41673c21aaf@group-0B1FB73F6FF2-LeaderElection19] INFO  server.RaftServerConfigKeys (ConfUtils.java:logGet(46)) - raft.server.log.appender.buffer.element-limit = 1 (custom)
2022-05-24 20:48:48,367 [2fee1640-d3c9-493e-8933-b41673c21aaf@group-0B1FB73F6FF2-LeaderElection19] INFO  grpc.GrpcConfigKeys (ConfUtils.java:logGet(46)) - raft.grpc.server.leader.outstanding.appends.max = 128 (default)
2022-05-24 20:48:48,368 [2fee1640-d3c9-493e-8933-b41673c21aaf@group-0B1FB73F6FF2-LeaderElection19] INFO  server.RaftServerConfigKeys (ConfUtils.java:logGet(46)) - raft.server.rpc.request.timeout = 60s (custom)
2022-05-24 20:48:48,368 [2fee1640-d3c9-493e-8933-b41673c21aaf@group-0B1FB73F6FF2-LeaderElection19] INFO  server.RaftServerConfigKeys (ConfUtils.java:logGet(46)) - raft.server.log.appender.install.snapshot.enabled = false (custom)
2022-05-24 20:48:48,369 [2fee1640-d3c9-493e-8933-b41673c21aaf@group-0B1FB73F6FF2-LeaderElection19] INFO  server.RaftServerConfigKeys (ConfUtils.java:logGet(46)) - raft.server.log.appender.snapshot.chunk.size.max = 16MB (=16777216) (default)
2022-05-24 20:48:48,369 [2fee1640-d3c9-493e-8933-b41673c21aaf@group-0B1FB73F6FF2-LeaderElection19] INFO  server.RaftServerConfigKeys (ConfUtils.java:logGet(46)) - raft.server.log.appender.buffer.byte-limit = 33554432 (custom)
2022-05-24 20:48:48,369 [2fee1640-d3c9-493e-8933-b41673c21aaf@group-0B1FB73F6FF2-LeaderElection19] INFO  server.RaftServerConfigKeys (ConfUtils.java:logGet(46)) - raft.server.log.appender.buffer.element-limit = 1 (custom)
2022-05-24 20:48:48,369 [2fee1640-d3c9-493e-8933-b41673c21aaf@group-0B1FB73F6FF2-LeaderElection19] INFO  grpc.GrpcConfigKeys (ConfUtils.java:logGet(46)) - raft.grpc.server.leader.outstanding.appends.max = 128 (default)
2022-05-24 20:48:48,369 [2fee1640-d3c9-493e-8933-b41673c21aaf@group-0B1FB73F6FF2-LeaderElection19] INFO  server.RaftServerConfigKeys (ConfUtils.java:logGet(46)) - raft.server.rpc.request.timeout = 60s (custom)
2022-05-24 20:48:48,369 [2fee1640-d3c9-493e-8933-b41673c21aaf@group-0B1FB73F6FF2-LeaderElection19] INFO  server.RaftServerConfigKeys (ConfUtils.java:logGet(46)) - raft.server.log.appender.install.snapshot.enabled = false (custom)
2022-05-24 20:48:48,369 [2fee1640-d3c9-493e-8933-b41673c21aaf@group-0B1FB73F6FF2-LeaderElection19] INFO  impl.RoleInfo (RoleInfo.java:updateAndGet(139)) - 2fee1640-d3c9-493e-8933-b41673c21aaf: start 2fee1640-d3c9-493e-8933-b41673c21aaf@group-0B1FB73F6FF2-LeaderStateImpl
2022-05-24 20:48:48,369 [2fee1640-d3c9-493e-8933-b41673c21aaf@group-0B1FB73F6FF2-LeaderElection19] INFO  segmented.SegmentedRaftLogWorker (SegmentedRaftLogWorker.java:startLogSegment(425)) - 2fee1640-d3c9-493e-8933-b41673c21aaf@group-0B1FB73F6FF2-SegmentedRaftLogWorker: Starting segment from index:0
2022-05-24 20:48:48,372 [2fee1640-d3c9-493e-8933-b41673c21aaf@group-0B1FB73F6FF2-SegmentedRaftLogWorker] INFO  segmented.SegmentedRaftLogWorker (SegmentedRaftLogWorker.java:execute(629)) - 2fee1640-d3c9-493e-8933-b41673c21aaf@group-0B1FB73F6FF2-SegmentedRaftLogWorker: created new log segment /home/runner/work/ozone/ozone/hadoop-ozone/integration-test/target/test-dir/MiniOzoneClusterImpl-68ae5bae-a44d-4587-ae52-251ec6d3fd1e/datanode-2/data/ratis/1fc04178-28da-406c-81f9-0b1fb73f6ff2/current/log_inprogress_0
2022-05-24 20:48:48,376 [2fee1640-d3c9-493e-8933-b41673c21aaf@group-0B1FB73F6FF2-LeaderElection19] INFO  server.RaftServer$Division (ServerState.java:setRaftConf(393)) - 2fee1640-d3c9-493e-8933-b41673c21aaf@group-0B1FB73F6FF2: set configuration 0: [9fafcebc-4ec8-4b2f-921e-361fad102aa9|rpc:10.1.0.30:37523|dataStream:|priority:0, 01e7dfcd-082b-401a-ab9e-a677cf0851a6|rpc:10.1.0.30:34373|dataStream:|priority:0, 2fee1640-d3c9-493e-8933-b41673c21aaf|rpc:10.1.0.30:36361|dataStream:|priority:1], old=null
2022-05-24 20:48:48,377 [EventQueue-PipelineReportForPipelineReportHandler] INFO  pipeline.PipelineManagerImpl (PipelineManagerImpl.java:openPipeline(336)) - Pipeline Pipeline[ Id: 1fc04178-28da-406c-81f9-0b1fb73f6ff2, Nodes: 01e7dfcd-082b-401a-ab9e-a677cf0851a6{ip: 10.1.0.30, host: fv-az122-930.eh24crq5omsuteaqbma5cv3ijc.phxx.internal.cloudapp.net, ports: [REPLICATION=39053, RATIS=34373, RATIS_ADMIN=34373, RATIS_SERVER=34373, STANDALONE=39291], networkLocation: /default-rack, certSerialId: null, persistedOpState: IN_SERVICE, persistedOpStateExpiryEpochSec: 0}9fafcebc-4ec8-4b2f-921e-361fad102aa9{ip: 10.1.0.30, host: fv-az122-930.eh24crq5omsuteaqbma5cv3ijc.phxx.internal.cloudapp.net, ports: [REPLICATION=38503, RATIS=37523, RATIS_ADMIN=37523, RATIS_SERVER=37523, STANDALONE=45215], networkLocation: /default-rack, certSerialId: null, persistedOpState: IN_SERVICE, persistedOpStateExpiryEpochSec: 0}2fee1640-d3c9-493e-8933-b41673c21aaf{ip: 10.1.0.30, host: fv-az122-930.eh24crq5omsuteaqbma5cv3ijc.phxx.internal.cloudapp.net, ports: [REPLICATION=40513, RATIS=36361, RATIS_ADMIN=36361, RATIS_SERVER=36361, STANDALONE=39083], networkLocation: /default-rack, certSerialId: null, persistedOpState: IN_SERVICE, persistedOpStateExpiryEpochSec: 0}, ReplicationConfig: RATIS/THREE, State:ALLOCATED, leaderId:2fee1640-d3c9-493e-8933-b41673c21aaf, CreationTimestamp2022-05-24T20:48:35.779Z[Etc/UTC]] moved to OPEN state
2022-05-24 20:48:48,379 [9fafcebc-4ec8-4b2f-921e-361fad102aa9-server-thread1] INFO  ratis.XceiverServerRatis (XceiverServerRatis.java:handleLeaderChangedNotification(863)) - Leader change notification received for group: group-0B1FB73F6FF2 with new leaderId: 2fee1640-d3c9-493e-8933-b41673c21aaf
2022-05-24 20:48:48,380 [9fafcebc-4ec8-4b2f-921e-361fad102aa9-server-thread1] INFO  server.RaftServer$Division (ServerState.java:setLeader(287)) - 9fafcebc-4ec8-4b2f-921e-361fad102aa9@group-0B1FB73F6FF2: change Leader from null to 2fee1640-d3c9-493e-8933-b41673c21aaf at term 2 for appendEntries, leader elected after 10346ms
2022-05-24 20:48:48,382 [01e7dfcd-082b-401a-ab9e-a677cf0851a6-server-thread1] INFO  ratis.XceiverServerRatis (XceiverServerRatis.java:handleLeaderChangedNotification(863)) - Leader change notification received for group: group-0B1FB73F6FF2 with new leaderId: 2fee1640-d3c9-493e-8933-b41673c21aaf
2022-05-24 20:48:48,382 [01e7dfcd-082b-401a-ab9e-a677cf0851a6-server-thread1] INFO  server.RaftServer$Division (ServerState.java:setLeader(287)) - 01e7dfcd-082b-401a-ab9e-a677cf0851a6@group-0B1FB73F6FF2: change Leader from null to 2fee1640-d3c9-493e-8933-b41673c21aaf at term 2 for appendEntries, leader elected after 9909ms
2022-05-24 20:48:48,399 [9fafcebc-4ec8-4b2f-921e-361fad102aa9-server-thread1] INFO  server.RaftServer$Division (ServerState.java:setRaftConf(393)) - 9fafcebc-4ec8-4b2f-921e-361fad102aa9@group-0B1FB73F6FF2: set configuration 0: [9fafcebc-4ec8-4b2f-921e-361fad102aa9|rpc:10.1.0.30:37523|dataStream:|priority:0, 01e7dfcd-082b-401a-ab9e-a677cf0851a6|rpc:10.1.0.30:34373|dataStream:|priority:0, 2fee1640-d3c9-493e-8933-b41673c21aaf|rpc:10.1.0.30:36361|dataStream:|priority:1], old=null
2022-05-24 20:48:48,400 [9fafcebc-4ec8-4b2f-921e-361fad102aa9-server-thread1] INFO  segmented.SegmentedRaftLogWorker (SegmentedRaftLogWorker.java:startLogSegment(425)) - 9fafcebc-4ec8-4b2f-921e-361fad102aa9@group-0B1FB73F6FF2-SegmentedRaftLogWorker: Starting segment from index:0
2022-05-24 20:48:48,402 [9fafcebc-4ec8-4b2f-921e-361fad102aa9@group-0B1FB73F6FF2-SegmentedRaftLogWorker] INFO  segmented.SegmentedRaftLogWorker (SegmentedRaftLogWorker.java:execute(629)) - 9fafcebc-4ec8-4b2f-921e-361fad102aa9@group-0B1FB73F6FF2-SegmentedRaftLogWorker: created new log segment /home/runner/work/ozone/ozone/hadoop-ozone/integration-test/target/test-dir/MiniOzoneClusterImpl-68ae5bae-a44d-4587-ae52-251ec6d3fd1e/datanode-0/data/ratis/1fc04178-28da-406c-81f9-0b1fb73f6ff2/current/log_inprogress_0
2022-05-24 20:48:48,411 [01e7dfcd-082b-401a-ab9e-a677cf0851a6-server-thread1] INFO  server.RaftServer$Division (ServerState.java:setRaftConf(393)) - 01e7dfcd-082b-401a-ab9e-a677cf0851a6@group-0B1FB73F6FF2: set configuration 0: [9fafcebc-4ec8-4b2f-921e-361fad102aa9|rpc:10.1.0.30:37523|dataStream:|priority:0, 01e7dfcd-082b-401a-ab9e-a677cf0851a6|rpc:10.1.0.30:34373|dataStream:|priority:0, 2fee1640-d3c9-493e-8933-b41673c21aaf|rpc:10.1.0.30:36361|dataStream:|priority:1], old=null
2022-05-24 20:48:48,412 [01e7dfcd-082b-401a-ab9e-a677cf0851a6-server-thread1] INFO  segmented.SegmentedRaftLogWorker (SegmentedRaftLogWorker.java:startLogSegment(425)) - 01e7dfcd-082b-401a-ab9e-a677cf0851a6@group-0B1FB73F6FF2-SegmentedRaftLogWorker: Starting segment from index:0
2022-05-24 20:48:48,415 [01e7dfcd-082b-401a-ab9e-a677cf0851a6@group-0B1FB73F6FF2-SegmentedRaftLogWorker] INFO  segmented.SegmentedRaftLogWorker (SegmentedRaftLogWorker.java:execute(629)) - 01e7dfcd-082b-401a-ab9e-a677cf0851a6@group-0B1FB73F6FF2-SegmentedRaftLogWorker: created new log segment /home/runner/work/ozone/ozone/hadoop-ozone/integration-test/target/test-dir/MiniOzoneClusterImpl-68ae5bae-a44d-4587-ae52-251ec6d3fd1e/datanode-1/data/ratis/1fc04178-28da-406c-81f9-0b1fb73f6ff2/current/log_inprogress_0
2022-05-24 20:48:48,418 [Listener at 127.0.0.1/44485] INFO  rpc.RpcClient (RpcClient.java:createVolume(457)) - Creating Volume: 36d9b072-33a1-479e-9525-908557ed5c2e, with runner as owner and space quota set to -1 bytes, counts quota set to -1
2022-05-24 20:48:48,421 [OM StateMachine ApplyTransaction Thread - 0] INFO  volume.OMVolumeCreateRequest (OMVolumeCreateRequest.java:validateAndUpdateCache(195)) - created volume:36d9b072-33a1-479e-9525-908557ed5c2e for user:runner
2022-05-24 20:48:48,422 [Listener at 127.0.0.1/44485] INFO  rpc.RpcClient (RpcClient.java:createBucket(646)) - Creating Bucket: 36d9b072-33a1-479e-9525-908557ed5c2e/851a9b3a-eb39-417a-8ff9-8a863148a06a, with runner as owner and Versioning false and Storage Type set to DISK and Encryption set to false 
2022-05-24 20:48:48,424 [OM StateMachine ApplyTransaction Thread - 0] INFO  bucket.OMBucketCreateRequest (OMBucketCreateRequest.java:validateAndUpdateCache(258)) - created bucket: 851a9b3a-eb39-417a-8ff9-8a863148a06a of layout LEGACY in volume: 36d9b072-33a1-479e-9525-908557ed5c2e
2022-05-24 20:48:49,085 [Listener at 127.0.0.1/44485] INFO  rpc.RpcClient (RpcClient.java:createVolume(457)) - Creating Volume: 32afc572-fee9-4908-921e-25c577fac5ba, with runner as owner and space quota set to -1 bytes, counts quota set to -1
2022-05-24 20:48:49,088 [OM StateMachine ApplyTransaction Thread - 0] INFO  volume.OMVolumeCreateRequest (OMVolumeCreateRequest.java:validateAndUpdateCache(195)) - created volume:32afc572-fee9-4908-921e-25c577fac5ba for user:runner
2022-05-24 20:48:49,089 [Listener at 127.0.0.1/44485] INFO  rpc.RpcClient (RpcClient.java:createBucket(646)) - Creating Bucket: 32afc572-fee9-4908-921e-25c577fac5ba/01a70c2b-a231-4d66-9414-4f73d7bc5cac, with runner as owner and Versioning false and Storage Type set to DISK and Encryption set to false 
2022-05-24 20:48:49,091 [OM StateMachine ApplyTransaction Thread - 0] INFO  bucket.OMBucketCreateRequest (OMBucketCreateRequest.java:validateAndUpdateCache(258)) - created bucket: 01a70c2b-a231-4d66-9414-4f73d7bc5cac of layout LEGACY in volume: 32afc572-fee9-4908-921e-25c577fac5ba
2022-05-24 20:48:49,422 [cdeff73f-0c88-4976-9d3a-8f87b3ebca92@group-8B8B16AD1824-FollowerState] INFO  impl.FollowerState (FollowerState.java:run(143)) - cdeff73f-0c88-4976-9d3a-8f87b3ebca92@group-8B8B16AD1824-FollowerState: change to CANDIDATE, lastRpcElapsedTime:5207724031ns, electionTimeout:5191ms
2022-05-24 20:48:49,423 [cdeff73f-0c88-4976-9d3a-8f87b3ebca92@group-8B8B16AD1824-FollowerState] INFO  impl.RoleInfo (RoleInfo.java:shutdownFollowerState(110)) - cdeff73f-0c88-4976-9d3a-8f87b3ebca92: shutdown cdeff73f-0c88-4976-9d3a-8f87b3ebca92@group-8B8B16AD1824-FollowerState
2022-05-24 20:48:49,423 [cdeff73f-0c88-4976-9d3a-8f87b3ebca92@group-8B8B16AD1824-FollowerState] INFO  server.RaftServer$Division (RaftServerImpl.java:setRole(299)) - cdeff73f-0c88-4976-9d3a-8f87b3ebca92@group-8B8B16AD1824: changes role from  FOLLOWER to CANDIDATE at term 1 for changeToCandidate
2022-05-24 20:48:49,423 [cdeff73f-0c88-4976-9d3a-8f87b3ebca92@group-8B8B16AD1824-FollowerState] INFO  server.RaftServerConfigKeys (ConfUtils.java:logGet(46)) - raft.server.leaderelection.pre-vote = false (custom)
2022-05-24 20:48:49,423 [cdeff73f-0c88-4976-9d3a-8f87b3ebca92@group-8B8B16AD1824-FollowerState] INFO  impl.RoleInfo (RoleInfo.java:updateAndGet(139)) - cdeff73f-0c88-4976-9d3a-8f87b3ebca92: start cdeff73f-0c88-4976-9d3a-8f87b3ebca92@group-8B8B16AD1824-LeaderElection20
2022-05-24 20:48:49,427 [org.apache.ratis.util.JvmPauseMonitor$$Lambda$687/217467501@38a3874f] WARN  util.JvmPauseMonitor (JvmPauseMonitor.java:detectPause(124)) - JvmPauseMonitor-2fee1640-d3c9-493e-8933-b41673c21aaf: Detected pause in JVM or host machine (eg GC): pause of approximately 135886205ns.
GC pool 'PS MarkSweep' had collection(s): count=1 time=175ms
GC pool 'PS Scavenge' had collection(s): count=1 time=63ms
2022-05-24 20:48:49,428 [a6e30353-377f-4b2f-bee2-e66a44f5bcb3@group-8B8B16AD1824-FollowerState] INFO  impl.FollowerState (FollowerState.java:run(143)) - a6e30353-377f-4b2f-bee2-e66a44f5bcb3@group-8B8B16AD1824-FollowerState: change to CANDIDATE, lastRpcElapsedTime:5196261184ns, electionTimeout:5050ms
2022-05-24 20:48:49,428 [a6e30353-377f-4b2f-bee2-e66a44f5bcb3@group-8B8B16AD1824-FollowerState] INFO  impl.RoleInfo (RoleInfo.java:shutdownFollowerState(110)) - a6e30353-377f-4b2f-bee2-e66a44f5bcb3: shutdown a6e30353-377f-4b2f-bee2-e66a44f5bcb3@group-8B8B16AD1824-FollowerState
2022-05-24 20:48:49,428 [a6e30353-377f-4b2f-bee2-e66a44f5bcb3@group-8B8B16AD1824-FollowerState] INFO  server.RaftServer$Division (RaftServerImpl.java:setRole(299)) - a6e30353-377f-4b2f-bee2-e66a44f5bcb3@group-8B8B16AD1824: changes role from  FOLLOWER to CANDIDATE at term 1 for changeToCandidate
2022-05-24 20:48:49,428 [a6e30353-377f-4b2f-bee2-e66a44f5bcb3@group-8B8B16AD1824-FollowerState] INFO  server.RaftServerConfigKeys (ConfUtils.java:logGet(46)) - raft.server.leaderelection.pre-vote = false (custom)
2022-05-24 20:48:49,428 [a6e30353-377f-4b2f-bee2-e66a44f5bcb3@group-8B8B16AD1824-FollowerState] INFO  impl.RoleInfo (RoleInfo.java:updateAndGet(139)) - a6e30353-377f-4b2f-bee2-e66a44f5bcb3: start a6e30353-377f-4b2f-bee2-e66a44f5bcb3@group-8B8B16AD1824-LeaderElection21
2022-05-24 20:48:49,428 [51ab8667-e0eb-4b1b-8092-cca2eecc2449@group-8B8B16AD1824-FollowerState] INFO  impl.FollowerState (FollowerState.java:run(143)) - 51ab8667-e0eb-4b1b-8092-cca2eecc2449@group-8B8B16AD1824-FollowerState: change to CANDIDATE, lastRpcElapsedTime:5210715843ns, electionTimeout:5059ms
2022-05-24 20:48:49,428 [51ab8667-e0eb-4b1b-8092-cca2eecc2449@group-8B8B16AD1824-FollowerState] INFO  impl.RoleInfo (RoleInfo.java:shutdownFollowerState(110)) - 51ab8667-e0eb-4b1b-8092-cca2eecc2449: shutdown 51ab8667-e0eb-4b1b-8092-cca2eecc2449@group-8B8B16AD1824-FollowerState
2022-05-24 20:48:49,428 [51ab8667-e0eb-4b1b-8092-cca2eecc2449@group-8B8B16AD1824-FollowerState] INFO  server.RaftServer$Division (RaftServerImpl.java:setRole(299)) - 51ab8667-e0eb-4b1b-8092-cca2eecc2449@group-8B8B16AD1824: changes role from  FOLLOWER to CANDIDATE at term 1 for changeToCandidate
2022-05-24 20:48:49,428 [51ab8667-e0eb-4b1b-8092-cca2eecc2449@group-8B8B16AD1824-FollowerState] INFO  server.RaftServerConfigKeys (ConfUtils.java:logGet(46)) - raft.server.leaderelection.pre-vote = false (custom)
2022-05-24 20:48:49,428 [51ab8667-e0eb-4b1b-8092-cca2eecc2449@group-8B8B16AD1824-FollowerState] INFO  impl.RoleInfo (RoleInfo.java:updateAndGet(139)) - 51ab8667-e0eb-4b1b-8092-cca2eecc2449: start 51ab8667-e0eb-4b1b-8092-cca2eecc2449@group-8B8B16AD1824-LeaderElection22
2022-05-24 20:48:49,429 [org.apache.ratis.util.JvmPauseMonitor$$Lambda$687/217467501@14425536] WARN  util.JvmPauseMonitor (JvmPauseMonitor.java:detectPause(124)) - JvmPauseMonitor-6698ee5e-a134-4bdd-b88e-32be83df5062: Detected pause in JVM or host machine (eg GC): pause of approximately 154990784ns.
GC pool 'PS MarkSweep' had collection(s): count=1 time=175ms
GC pool 'PS Scavenge' had collection(s): count=1 time=63ms
2022-05-24 20:48:49,431 [org.apache.ratis.util.JvmPauseMonitor$$Lambda$687/217467501@235fad9c] WARN  util.JvmPauseMonitor (JvmPauseMonitor.java:detectPause(124)) - JvmPauseMonitor-9fafcebc-4ec8-4b2f-921e-361fad102aa9: Detected pause in JVM or host machine (eg GC): pause of approximately 210896413ns.
GC pool 'PS MarkSweep' had collection(s): count=1 time=175ms
GC pool 'PS Scavenge' had collection(s): count=1 time=63ms
2022-05-24 20:48:49,432 [org.apache.ratis.util.JvmPauseMonitor$$Lambda$687/217467501@1ee322eb] WARN  util.JvmPauseMonitor (JvmPauseMonitor.java:detectPause(124)) - JvmPauseMonitor-51ab8667-e0eb-4b1b-8092-cca2eecc2449: Detected pause in JVM or host machine (eg GC): pause of approximately 212076617ns.
GC pool 'PS MarkSweep' had collection(s): count=1 time=175ms
GC pool 'PS Scavenge' had collection(s): count=1 time=63ms
2022-05-24 20:48:49,441 [a6e30353-377f-4b2f-bee2-e66a44f5bcb3@group-8B8B16AD1824-LeaderElection21] INFO  impl.LeaderElection (LeaderElection.java:askForVotes(310)) - a6e30353-377f-4b2f-bee2-e66a44f5bcb3@group-8B8B16AD1824-LeaderElection21 ELECTION round 0: submit vote requests at term 2 for -1: [cdeff73f-0c88-4976-9d3a-8f87b3ebca92|rpc:10.1.0.30:44465|priority:0, a6e30353-377f-4b2f-bee2-e66a44f5bcb3|rpc:10.1.0.30:42857|priority:0, 51ab8667-e0eb-4b1b-8092-cca2eecc2449|rpc:10.1.0.30:46251|priority:1], old=null
2022-05-24 20:48:49,444 [cdeff73f-0c88-4976-9d3a-8f87b3ebca92@group-8B8B16AD1824-LeaderElection20] INFO  impl.LeaderElection (LeaderElection.java:askForVotes(310)) - cdeff73f-0c88-4976-9d3a-8f87b3ebca92@group-8B8B16AD1824-LeaderElection20 ELECTION round 0: submit vote requests at term 2 for -1: [cdeff73f-0c88-4976-9d3a-8f87b3ebca92|rpc:10.1.0.30:44465|dataStream:|priority:0, a6e30353-377f-4b2f-bee2-e66a44f5bcb3|rpc:10.1.0.30:42857|dataStream:|priority:0, 51ab8667-e0eb-4b1b-8092-cca2eecc2449|rpc:10.1.0.30:46251|dataStream:|priority:1], old=null
2022-05-24 20:48:49,448 [51ab8667-e0eb-4b1b-8092-cca2eecc2449@group-8B8B16AD1824-LeaderElection22] INFO  impl.LeaderElection (LeaderElection.java:askForVotes(310)) - 51ab8667-e0eb-4b1b-8092-cca2eecc2449@group-8B8B16AD1824-LeaderElection22 ELECTION round 0: submit vote requests at term 2 for -1: [cdeff73f-0c88-4976-9d3a-8f87b3ebca92|rpc:10.1.0.30:44465|dataStream:|priority:0, a6e30353-377f-4b2f-bee2-e66a44f5bcb3|rpc:10.1.0.30:42857|dataStream:|priority:0, 51ab8667-e0eb-4b1b-8092-cca2eecc2449|rpc:10.1.0.30:46251|dataStream:|priority:1], old=null
2022-05-24 20:48:49,480 [grpc-default-executor-0] INFO  server.RaftServer$Division (RaftServerImpl.java:requestVote(1152)) - cdeff73f-0c88-4976-9d3a-8f87b3ebca92@group-8B8B16AD1824: receive requestVote(ELECTION, a6e30353-377f-4b2f-bee2-e66a44f5bcb3, group-8B8B16AD1824, 2, (t:0, i:0))
2022-05-24 20:48:49,480 [grpc-default-executor-0] INFO  impl.VoteContext (VoteContext.java:log(48)) - cdeff73f-0c88-4976-9d3a-8f87b3ebca92@group-8B8B16AD1824-CANDIDATE: reject ELECTION from a6e30353-377f-4b2f-bee2-e66a44f5bcb3: already has voted for cdeff73f-0c88-4976-9d3a-8f87b3ebca92 at current term 2
2022-05-24 20:48:49,480 [grpc-default-executor-0] INFO  server.RaftServer$Division (RaftServerImpl.java:requestVote(1184)) - cdeff73f-0c88-4976-9d3a-8f87b3ebca92@group-8B8B16AD1824 replies to ELECTION vote request: a6e30353-377f-4b2f-bee2-e66a44f5bcb3<-cdeff73f-0c88-4976-9d3a-8f87b3ebca92#0:FAIL-t2. Peer's state: cdeff73f-0c88-4976-9d3a-8f87b3ebca92@group-8B8B16AD1824:t2, leader=null, voted=cdeff73f-0c88-4976-9d3a-8f87b3ebca92, raftlog=cdeff73f-0c88-4976-9d3a-8f87b3ebca92@group-8B8B16AD1824-SegmentedRaftLog:OPENED:c-1, conf=-1: [cdeff73f-0c88-4976-9d3a-8f87b3ebca92|rpc:10.1.0.30:44465|dataStream:|priority:0, a6e30353-377f-4b2f-bee2-e66a44f5bcb3|rpc:10.1.0.30:42857|dataStream:|priority:0, 51ab8667-e0eb-4b1b-8092-cca2eecc2449|rpc:10.1.0.30:46251|dataStream:|priority:1], old=null
2022-05-24 20:48:49,480 [grpc-default-executor-1] INFO  server.RaftServer$Division (RaftServerImpl.java:requestVote(1152)) - 51ab8667-e0eb-4b1b-8092-cca2eecc2449@group-8B8B16AD1824: receive requestVote(ELECTION, a6e30353-377f-4b2f-bee2-e66a44f5bcb3, group-8B8B16AD1824, 2, (t:0, i:0))
2022-05-24 20:48:49,480 [grpc-default-executor-1] INFO  impl.VoteContext (VoteContext.java:log(48)) - 51ab8667-e0eb-4b1b-8092-cca2eecc2449@group-8B8B16AD1824-CANDIDATE: reject ELECTION from a6e30353-377f-4b2f-bee2-e66a44f5bcb3: already has voted for 51ab8667-e0eb-4b1b-8092-cca2eecc2449 at current term 2
2022-05-24 20:48:49,480 [grpc-default-executor-1] INFO  server.RaftServer$Division (RaftServerImpl.java:requestVote(1184)) - 51ab8667-e0eb-4b1b-8092-cca2eecc2449@group-8B8B16AD1824 replies to ELECTION vote request: a6e30353-377f-4b2f-bee2-e66a44f5bcb3<-51ab8667-e0eb-4b1b-8092-cca2eecc2449#0:FAIL-t2. Peer's state: 51ab8667-e0eb-4b1b-8092-cca2eecc2449@group-8B8B16AD1824:t2, leader=null, voted=51ab8667-e0eb-4b1b-8092-cca2eecc2449, raftlog=51ab8667-e0eb-4b1b-8092-cca2eecc2449@group-8B8B16AD1824-SegmentedRaftLog:OPENED:c-1, conf=-1: [cdeff73f-0c88-4976-9d3a-8f87b3ebca92|rpc:10.1.0.30:44465|dataStream:|priority:0, a6e30353-377f-4b2f-bee2-e66a44f5bcb3|rpc:10.1.0.30:42857|dataStream:|priority:0, 51ab8667-e0eb-4b1b-8092-cca2eecc2449|rpc:10.1.0.30:46251|dataStream:|priority:1], old=null
2022-05-24 20:48:49,481 [grpc-default-executor-2] INFO  server.RaftServer$Division (RaftServerImpl.java:requestVote(1152)) - a6e30353-377f-4b2f-bee2-e66a44f5bcb3@group-8B8B16AD1824: receive requestVote(ELECTION, cdeff73f-0c88-4976-9d3a-8f87b3ebca92, group-8B8B16AD1824, 2, (t:0, i:0))
2022-05-24 20:48:49,481 [grpc-default-executor-2] INFO  impl.VoteContext (VoteContext.java:log(48)) - a6e30353-377f-4b2f-bee2-e66a44f5bcb3@group-8B8B16AD1824-CANDIDATE: reject ELECTION from cdeff73f-0c88-4976-9d3a-8f87b3ebca92: already has voted for a6e30353-377f-4b2f-bee2-e66a44f5bcb3 at current term 2
2022-05-24 20:48:49,481 [grpc-default-executor-2] INFO  server.RaftServer$Division (RaftServerImpl.java:requestVote(1184)) - a6e30353-377f-4b2f-bee2-e66a44f5bcb3@group-8B8B16AD1824 replies to ELECTION vote request: cdeff73f-0c88-4976-9d3a-8f87b3ebca92<-a6e30353-377f-4b2f-bee2-e66a44f5bcb3#0:FAIL-t2. Peer's state: a6e30353-377f-4b2f-bee2-e66a44f5bcb3@group-8B8B16AD1824:t2, leader=null, voted=a6e30353-377f-4b2f-bee2-e66a44f5bcb3, raftlog=a6e30353-377f-4b2f-bee2-e66a44f5bcb3@group-8B8B16AD1824-SegmentedRaftLog:OPENED:c-1, conf=-1: [cdeff73f-0c88-4976-9d3a-8f87b3ebca92|rpc:10.1.0.30:44465|priority:0, a6e30353-377f-4b2f-bee2-e66a44f5bcb3|rpc:10.1.0.30:42857|priority:0, 51ab8667-e0eb-4b1b-8092-cca2eecc2449|rpc:10.1.0.30:46251|priority:1], old=null
2022-05-24 20:48:49,482 [a6e30353-377f-4b2f-bee2-e66a44f5bcb3@group-8B8B16AD1824-LeaderElection21] INFO  impl.LeaderElection (LeaderElection.java:logAndReturn(90)) - a6e30353-377f-4b2f-bee2-e66a44f5bcb3@group-8B8B16AD1824-LeaderElection21: ELECTION REJECTED received 1 response(s) and 0 exception(s):
2022-05-24 20:48:49,482 [a6e30353-377f-4b2f-bee2-e66a44f5bcb3@group-8B8B16AD1824-LeaderElection21] INFO  impl.LeaderElection (LeaderElection.java:logAndReturn(94)) -   Response 0: a6e30353-377f-4b2f-bee2-e66a44f5bcb3<-51ab8667-e0eb-4b1b-8092-cca2eecc2449#0:FAIL-t2
2022-05-24 20:48:49,482 [a6e30353-377f-4b2f-bee2-e66a44f5bcb3@group-8B8B16AD1824-LeaderElection21] INFO  impl.LeaderElection (LeaderElection.java:askForVotes(312)) - a6e30353-377f-4b2f-bee2-e66a44f5bcb3@group-8B8B16AD1824-LeaderElection21 ELECTION round 0: result REJECTED
2022-05-24 20:48:49,482 [a6e30353-377f-4b2f-bee2-e66a44f5bcb3@group-8B8B16AD1824-LeaderElection21] INFO  server.RaftServer$Division (RaftServerImpl.java:setRole(299)) - a6e30353-377f-4b2f-bee2-e66a44f5bcb3@group-8B8B16AD1824: changes role from CANDIDATE to FOLLOWER at term 2 for REJECTED
2022-05-24 20:48:49,482 [a6e30353-377f-4b2f-bee2-e66a44f5bcb3@group-8B8B16AD1824-LeaderElection21] INFO  impl.RoleInfo (RoleInfo.java:shutdownLeaderElection(130)) - a6e30353-377f-4b2f-bee2-e66a44f5bcb3: shutdown a6e30353-377f-4b2f-bee2-e66a44f5bcb3@group-8B8B16AD1824-LeaderElection21
2022-05-24 20:48:49,482 [a6e30353-377f-4b2f-bee2-e66a44f5bcb3@group-8B8B16AD1824-LeaderElection21] INFO  impl.RoleInfo (RoleInfo.java:updateAndGet(139)) - a6e30353-377f-4b2f-bee2-e66a44f5bcb3: start a6e30353-377f-4b2f-bee2-e66a44f5bcb3@group-8B8B16AD1824-FollowerState
2022-05-24 20:48:49,493 [grpc-default-executor-4] INFO  server.RaftServer$Division (RaftServerImpl.java:requestVote(1152)) - cdeff73f-0c88-4976-9d3a-8f87b3ebca92@group-8B8B16AD1824: receive requestVote(ELECTION, 51ab8667-e0eb-4b1b-8092-cca2eecc2449, group-8B8B16AD1824, 2, (t:0, i:0))
2022-05-24 20:48:49,494 [grpc-default-executor-4] INFO  impl.VoteContext (VoteContext.java:log(48)) - cdeff73f-0c88-4976-9d3a-8f87b3ebca92@group-8B8B16AD1824-CANDIDATE: reject ELECTION from 51ab8667-e0eb-4b1b-8092-cca2eecc2449: already has voted for cdeff73f-0c88-4976-9d3a-8f87b3ebca92 at current term 2
2022-05-24 20:48:49,494 [grpc-default-executor-4] INFO  server.RaftServer$Division (RaftServerImpl.java:requestVote(1184)) - cdeff73f-0c88-4976-9d3a-8f87b3ebca92@group-8B8B16AD1824 replies to ELECTION vote request: 51ab8667-e0eb-4b1b-8092-cca2eecc2449<-cdeff73f-0c88-4976-9d3a-8f87b3ebca92#0:FAIL-t2. Peer's state: cdeff73f-0c88-4976-9d3a-8f87b3ebca92@group-8B8B16AD1824:t2, leader=null, voted=cdeff73f-0c88-4976-9d3a-8f87b3ebca92, raftlog=cdeff73f-0c88-4976-9d3a-8f87b3ebca92@group-8B8B16AD1824-SegmentedRaftLog:OPENED:c-1, conf=-1: [cdeff73f-0c88-4976-9d3a-8f87b3ebca92|rpc:10.1.0.30:44465|dataStream:|priority:0, a6e30353-377f-4b2f-bee2-e66a44f5bcb3|rpc:10.1.0.30:42857|dataStream:|priority:0, 51ab8667-e0eb-4b1b-8092-cca2eecc2449|rpc:10.1.0.30:46251|dataStream:|priority:1], old=null
2022-05-24 20:48:49,493 [grpc-default-executor-3] INFO  server.RaftServer$Division (RaftServerImpl.java:requestVote(1152)) - 51ab8667-e0eb-4b1b-8092-cca2eecc2449@group-8B8B16AD1824: receive requestVote(ELECTION, cdeff73f-0c88-4976-9d3a-8f87b3ebca92, group-8B8B16AD1824, 2, (t:0, i:0))
2022-05-24 20:48:49,494 [grpc-default-executor-3] INFO  impl.VoteContext (VoteContext.java:log(48)) - 51ab8667-e0eb-4b1b-8092-cca2eecc2449@group-8B8B16AD1824-CANDIDATE: reject ELECTION from cdeff73f-0c88-4976-9d3a-8f87b3ebca92: already has voted for 51ab8667-e0eb-4b1b-8092-cca2eecc2449 at current term 2
2022-05-24 20:48:49,494 [grpc-default-executor-3] INFO  server.RaftServer$Division (RaftServerImpl.java:requestVote(1184)) - 51ab8667-e0eb-4b1b-8092-cca2eecc2449@group-8B8B16AD1824 replies to ELECTION vote request: cdeff73f-0c88-4976-9d3a-8f87b3ebca92<-51ab8667-e0eb-4b1b-8092-cca2eecc2449#0:FAIL-t2. Peer's state: 51ab8667-e0eb-4b1b-8092-cca2eecc2449@group-8B8B16AD1824:t2, leader=null, voted=51ab8667-e0eb-4b1b-8092-cca2eecc2449, raftlog=51ab8667-e0eb-4b1b-8092-cca2eecc2449@group-8B8B16AD1824-SegmentedRaftLog:OPENED:c-1, conf=-1: [cdeff73f-0c88-4976-9d3a-8f87b3ebca92|rpc:10.1.0.30:44465|dataStream:|priority:0, a6e30353-377f-4b2f-bee2-e66a44f5bcb3|rpc:10.1.0.30:42857|dataStream:|priority:0, 51ab8667-e0eb-4b1b-8092-cca2eecc2449|rpc:10.1.0.30:46251|dataStream:|priority:1], old=null
2022-05-24 20:48:49,494 [grpc-default-executor-5] INFO  server.RaftServer$Division (RaftServerImpl.java:requestVote(1152)) - a6e30353-377f-4b2f-bee2-e66a44f5bcb3@group-8B8B16AD1824: receive requestVote(ELECTION, 51ab8667-e0eb-4b1b-8092-cca2eecc2449, group-8B8B16AD1824, 2, (t:0, i:0))
2022-05-24 20:48:49,495 [grpc-default-executor-5] INFO  impl.VoteContext (VoteContext.java:log(48)) - a6e30353-377f-4b2f-bee2-e66a44f5bcb3@group-8B8B16AD1824-FOLLOWER: reject ELECTION from 51ab8667-e0eb-4b1b-8092-cca2eecc2449: already has voted for a6e30353-377f-4b2f-bee2-e66a44f5bcb3 at current term 2
2022-05-24 20:48:49,495 [grpc-default-executor-5] INFO  server.RaftServer$Division (RaftServerImpl.java:requestVote(1184)) - a6e30353-377f-4b2f-bee2-e66a44f5bcb3@group-8B8B16AD1824 replies to ELECTION vote request: 51ab8667-e0eb-4b1b-8092-cca2eecc2449<-a6e30353-377f-4b2f-bee2-e66a44f5bcb3#0:FAIL-t2. Peer's state: a6e30353-377f-4b2f-bee2-e66a44f5bcb3@group-8B8B16AD1824:t2, leader=null, voted=a6e30353-377f-4b2f-bee2-e66a44f5bcb3, raftlog=a6e30353-377f-4b2f-bee2-e66a44f5bcb3@group-8B8B16AD1824-SegmentedRaftLog:OPENED:c-1, conf=-1: [cdeff73f-0c88-4976-9d3a-8f87b3ebca92|rpc:10.1.0.30:44465|priority:0, a6e30353-377f-4b2f-bee2-e66a44f5bcb3|rpc:10.1.0.30:42857|priority:0, 51ab8667-e0eb-4b1b-8092-cca2eecc2449|rpc:10.1.0.30:46251|priority:1], old=null
2022-05-24 20:48:49,512 [cdeff73f-0c88-4976-9d3a-8f87b3ebca92@group-8B8B16AD1824-LeaderElection20] INFO  impl.LeaderElection (LeaderElection.java:logAndReturn(90)) - cdeff73f-0c88-4976-9d3a-8f87b3ebca92@group-8B8B16AD1824-LeaderElection20: ELECTION REJECTED received 2 response(s) and 0 exception(s):
2022-05-24 20:48:49,512 [cdeff73f-0c88-4976-9d3a-8f87b3ebca92@group-8B8B16AD1824-LeaderElection20] INFO  impl.LeaderElection (LeaderElection.java:logAndReturn(94)) -   Response 0: cdeff73f-0c88-4976-9d3a-8f87b3ebca92<-a6e30353-377f-4b2f-bee2-e66a44f5bcb3#0:FAIL-t2
2022-05-24 20:48:49,512 [cdeff73f-0c88-4976-9d3a-8f87b3ebca92@group-8B8B16AD1824-LeaderElection20] INFO  impl.LeaderElection (LeaderElection.java:logAndReturn(94)) -   Response 1: cdeff73f-0c88-4976-9d3a-8f87b3ebca92<-51ab8667-e0eb-4b1b-8092-cca2eecc2449#0:FAIL-t2
2022-05-24 20:48:49,512 [cdeff73f-0c88-4976-9d3a-8f87b3ebca92@group-8B8B16AD1824-LeaderElection20] INFO  impl.LeaderElection (LeaderElection.java:askForVotes(312)) - cdeff73f-0c88-4976-9d3a-8f87b3ebca92@group-8B8B16AD1824-LeaderElection20 ELECTION round 0: result REJECTED
2022-05-24 20:48:49,512 [cdeff73f-0c88-4976-9d3a-8f87b3ebca92@group-8B8B16AD1824-LeaderElection20] INFO  server.RaftServer$Division (RaftServerImpl.java:setRole(299)) - cdeff73f-0c88-4976-9d3a-8f87b3ebca92@group-8B8B16AD1824: changes role from CANDIDATE to FOLLOWER at term 2 for REJECTED
2022-05-24 20:48:49,512 [cdeff73f-0c88-4976-9d3a-8f87b3ebca92@group-8B8B16AD1824-LeaderElection20] INFO  impl.RoleInfo (RoleInfo.java:shutdownLeaderElection(130)) - cdeff73f-0c88-4976-9d3a-8f87b3ebca92: shutdown cdeff73f-0c88-4976-9d3a-8f87b3ebca92@group-8B8B16AD1824-LeaderElection20
2022-05-24 20:48:49,512 [cdeff73f-0c88-4976-9d3a-8f87b3ebca92@group-8B8B16AD1824-LeaderElection20] INFO  impl.RoleInfo (RoleInfo.java:updateAndGet(139)) - cdeff73f-0c88-4976-9d3a-8f87b3ebca92: start cdeff73f-0c88-4976-9d3a-8f87b3ebca92@group-8B8B16AD1824-FollowerState
2022-05-24 20:48:49,520 [51ab8667-e0eb-4b1b-8092-cca2eecc2449@group-8B8B16AD1824-LeaderElection22] INFO  impl.LeaderElection (LeaderElection.java:logAndReturn(90)) - 51ab8667-e0eb-4b1b-8092-cca2eecc2449@group-8B8B16AD1824-LeaderElection22: ELECTION REJECTED received 2 response(s) and 0 exception(s):
2022-05-24 20:48:49,520 [51ab8667-e0eb-4b1b-8092-cca2eecc2449@group-8B8B16AD1824-LeaderElection22] INFO  impl.LeaderElection (LeaderElection.java:logAndReturn(94)) -   Response 0: 51ab8667-e0eb-4b1b-8092-cca2eecc2449<-cdeff73f-0c88-4976-9d3a-8f87b3ebca92#0:FAIL-t2
2022-05-24 20:48:49,520 [51ab8667-e0eb-4b1b-8092-cca2eecc2449@group-8B8B16AD1824-LeaderElection22] INFO  impl.LeaderElection (LeaderElection.java:logAndReturn(94)) -   Response 1: 51ab8667-e0eb-4b1b-8092-cca2eecc2449<-a6e30353-377f-4b2f-bee2-e66a44f5bcb3#0:FAIL-t2
2022-05-24 20:48:49,520 [51ab8667-e0eb-4b1b-8092-cca2eecc2449@group-8B8B16AD1824-LeaderElection22] INFO  impl.LeaderElection (LeaderElection.java:askForVotes(312)) - 51ab8667-e0eb-4b1b-8092-cca2eecc2449@group-8B8B16AD1824-LeaderElection22 ELECTION round 0: result REJECTED
2022-05-24 20:48:49,520 [51ab8667-e0eb-4b1b-8092-cca2eecc2449@group-8B8B16AD1824-LeaderElection22] INFO  server.RaftServer$Division (RaftServerImpl.java:setRole(299)) - 51ab8667-e0eb-4b1b-8092-cca2eecc2449@group-8B8B16AD1824: changes role from CANDIDATE to FOLLOWER at term 2 for REJECTED
2022-05-24 20:48:49,520 [51ab8667-e0eb-4b1b-8092-cca2eecc2449@group-8B8B16AD1824-LeaderElection22] INFO  impl.RoleInfo (RoleInfo.java:shutdownLeaderElection(130)) - 51ab8667-e0eb-4b1b-8092-cca2eecc2449: shutdown 51ab8667-e0eb-4b1b-8092-cca2eecc2449@group-8B8B16AD1824-LeaderElection22
2022-05-24 20:48:49,520 [51ab8667-e0eb-4b1b-8092-cca2eecc2449@group-8B8B16AD1824-LeaderElection22] INFO  impl.RoleInfo (RoleInfo.java:updateAndGet(139)) - 51ab8667-e0eb-4b1b-8092-cca2eecc2449: start 51ab8667-e0eb-4b1b-8092-cca2eecc2449@group-8B8B16AD1824-FollowerState
2022-05-24 20:48:49,620 [a6e30353-377f-4b2f-bee2-e66a44f5bcb3@group-4FEAA70A9A47-FollowerState] INFO  impl.FollowerState (FollowerState.java:run(143)) - a6e30353-377f-4b2f-bee2-e66a44f5bcb3@group-4FEAA70A9A47-FollowerState: change to CANDIDATE, lastRpcElapsedTime:5105548313ns, electionTimeout:5099ms
2022-05-24 20:48:49,620 [a6e30353-377f-4b2f-bee2-e66a44f5bcb3@group-4FEAA70A9A47-FollowerState] INFO  impl.RoleInfo (RoleInfo.java:shutdownFollowerState(110)) - a6e30353-377f-4b2f-bee2-e66a44f5bcb3: shutdown a6e30353-377f-4b2f-bee2-e66a44f5bcb3@group-4FEAA70A9A47-FollowerState
2022-05-24 20:48:49,620 [a6e30353-377f-4b2f-bee2-e66a44f5bcb3@group-4FEAA70A9A47-FollowerState] INFO  server.RaftServer$Division (RaftServerImpl.java:setRole(299)) - a6e30353-377f-4b2f-bee2-e66a44f5bcb3@group-4FEAA70A9A47: changes role from  FOLLOWER to CANDIDATE at term 1 for changeToCandidate
2022-05-24 20:48:49,626 [a6e30353-377f-4b2f-bee2-e66a44f5bcb3@group-4FEAA70A9A47-FollowerState] INFO  server.RaftServerConfigKeys (ConfUtils.java:logGet(46)) - raft.server.leaderelection.pre-vote = false (custom)
2022-05-24 20:48:49,626 [a6e30353-377f-4b2f-bee2-e66a44f5bcb3@group-4FEAA70A9A47-FollowerState] INFO  impl.RoleInfo (RoleInfo.java:updateAndGet(139)) - a6e30353-377f-4b2f-bee2-e66a44f5bcb3: start a6e30353-377f-4b2f-bee2-e66a44f5bcb3@group-4FEAA70A9A47-LeaderElection23
2022-05-24 20:48:49,632 [a6e30353-377f-4b2f-bee2-e66a44f5bcb3@group-4FEAA70A9A47-LeaderElection23] INFO  impl.LeaderElection (LeaderElection.java:askForVotes(310)) - a6e30353-377f-4b2f-bee2-e66a44f5bcb3@group-4FEAA70A9A47-LeaderElection23 ELECTION round 0: submit vote requests at term 2 for -1: [a6e30353-377f-4b2f-bee2-e66a44f5bcb3|rpc:10.1.0.30:42857|priority:0, cdeff73f-0c88-4976-9d3a-8f87b3ebca92|rpc:10.1.0.30:44465|priority:1, 51ab8667-e0eb-4b1b-8092-cca2eecc2449|rpc:10.1.0.30:46251|priority:0], old=null
2022-05-24 20:48:49,640 [grpc-default-executor-3] INFO  server.RaftServer$Division (RaftServerImpl.java:requestVote(1152)) - 51ab8667-e0eb-4b1b-8092-cca2eecc2449@group-4FEAA70A9A47: receive requestVote(ELECTION, a6e30353-377f-4b2f-bee2-e66a44f5bcb3, group-4FEAA70A9A47, 2, (t:0, i:0))
2022-05-24 20:48:49,640 [grpc-default-executor-3] INFO  impl.VoteContext (VoteContext.java:log(48)) - 51ab8667-e0eb-4b1b-8092-cca2eecc2449@group-4FEAA70A9A47-FOLLOWER: accept ELECTION from a6e30353-377f-4b2f-bee2-e66a44f5bcb3: our priority 0 <= candidate's priority 0
2022-05-24 20:48:49,641 [grpc-default-executor-4] INFO  server.RaftServer$Division (RaftServerImpl.java:requestVote(1152)) - cdeff73f-0c88-4976-9d3a-8f87b3ebca92@group-4FEAA70A9A47: receive requestVote(ELECTION, a6e30353-377f-4b2f-bee2-e66a44f5bcb3, group-4FEAA70A9A47, 2, (t:0, i:0))
2022-05-24 20:48:49,641 [grpc-default-executor-3] INFO  server.RaftServer$Division (RaftServerImpl.java:setRole(299)) - 51ab8667-e0eb-4b1b-8092-cca2eecc2449@group-4FEAA70A9A47: changes role from  FOLLOWER to FOLLOWER at term 2 for candidate:a6e30353-377f-4b2f-bee2-e66a44f5bcb3
2022-05-24 20:48:49,641 [grpc-default-executor-4] INFO  impl.VoteContext (VoteContext.java:log(48)) - cdeff73f-0c88-4976-9d3a-8f87b3ebca92@group-4FEAA70A9A47-FOLLOWER: reject ELECTION from a6e30353-377f-4b2f-bee2-e66a44f5bcb3: our priority 1 > candidate's priority 0
2022-05-24 20:48:49,641 [grpc-default-executor-3] INFO  impl.RoleInfo (RoleInfo.java:shutdownFollowerState(110)) - 51ab8667-e0eb-4b1b-8092-cca2eecc2449: shutdown 51ab8667-e0eb-4b1b-8092-cca2eecc2449@group-4FEAA70A9A47-FollowerState
2022-05-24 20:48:49,641 [grpc-default-executor-4] INFO  server.RaftServer$Division (RaftServerImpl.java:setRole(299)) - cdeff73f-0c88-4976-9d3a-8f87b3ebca92@group-4FEAA70A9A47: changes role from  FOLLOWER to FOLLOWER at term 2 for candidate:a6e30353-377f-4b2f-bee2-e66a44f5bcb3
2022-05-24 20:48:49,641 [grpc-default-executor-3] INFO  impl.RoleInfo (RoleInfo.java:updateAndGet(139)) - 51ab8667-e0eb-4b1b-8092-cca2eecc2449: start 51ab8667-e0eb-4b1b-8092-cca2eecc2449@group-4FEAA70A9A47-FollowerState
2022-05-24 20:48:49,641 [grpc-default-executor-4] INFO  impl.RoleInfo (RoleInfo.java:shutdownFollowerState(110)) - cdeff73f-0c88-4976-9d3a-8f87b3ebca92: shutdown cdeff73f-0c88-4976-9d3a-8f87b3ebca92@group-4FEAA70A9A47-FollowerState
2022-05-24 20:48:49,641 [51ab8667-e0eb-4b1b-8092-cca2eecc2449@group-4FEAA70A9A47-FollowerState] INFO  impl.FollowerState (FollowerState.java:run(152)) - 51ab8667-e0eb-4b1b-8092-cca2eecc2449@group-4FEAA70A9A47-FollowerState was interrupted
2022-05-24 20:48:49,645 [grpc-default-executor-4] INFO  impl.RoleInfo (RoleInfo.java:updateAndGet(139)) - cdeff73f-0c88-4976-9d3a-8f87b3ebca92: start cdeff73f-0c88-4976-9d3a-8f87b3ebca92@group-4FEAA70A9A47-FollowerState
2022-05-24 20:48:49,646 [cdeff73f-0c88-4976-9d3a-8f87b3ebca92@group-4FEAA70A9A47-FollowerState] INFO  impl.FollowerState (FollowerState.java:run(152)) - cdeff73f-0c88-4976-9d3a-8f87b3ebca92@group-4FEAA70A9A47-FollowerState was interrupted
2022-05-24 20:48:49,652 [grpc-default-executor-3] INFO  server.RaftServer$Division (RaftServerImpl.java:requestVote(1184)) - 51ab8667-e0eb-4b1b-8092-cca2eecc2449@group-4FEAA70A9A47 replies to ELECTION vote request: a6e30353-377f-4b2f-bee2-e66a44f5bcb3<-51ab8667-e0eb-4b1b-8092-cca2eecc2449#0:OK-t2. Peer's state: 51ab8667-e0eb-4b1b-8092-cca2eecc2449@group-4FEAA70A9A47:t2, leader=null, voted=a6e30353-377f-4b2f-bee2-e66a44f5bcb3, raftlog=51ab8667-e0eb-4b1b-8092-cca2eecc2449@group-4FEAA70A9A47-SegmentedRaftLog:OPENED:c-1, conf=-1: [a6e30353-377f-4b2f-bee2-e66a44f5bcb3|rpc:10.1.0.30:42857|dataStream:|priority:0, cdeff73f-0c88-4976-9d3a-8f87b3ebca92|rpc:10.1.0.30:44465|dataStream:|priority:1, 51ab8667-e0eb-4b1b-8092-cca2eecc2449|rpc:10.1.0.30:46251|dataStream:|priority:0], old=null
2022-05-24 20:48:49,662 [grpc-default-executor-4] INFO  server.RaftServer$Division (RaftServerImpl.java:requestVote(1184)) - cdeff73f-0c88-4976-9d3a-8f87b3ebca92@group-4FEAA70A9A47 replies to ELECTION vote request: a6e30353-377f-4b2f-bee2-e66a44f5bcb3<-cdeff73f-0c88-4976-9d3a-8f87b3ebca92#0:FAIL-t2. Peer's state: cdeff73f-0c88-4976-9d3a-8f87b3ebca92@group-4FEAA70A9A47:t2, leader=null, voted=null, raftlog=cdeff73f-0c88-4976-9d3a-8f87b3ebca92@group-4FEAA70A9A47-SegmentedRaftLog:OPENED:c-1, conf=-1: [a6e30353-377f-4b2f-bee2-e66a44f5bcb3|rpc:10.1.0.30:42857|dataStream:|priority:0, cdeff73f-0c88-4976-9d3a-8f87b3ebca92|rpc:10.1.0.30:44465|dataStream:|priority:1, 51ab8667-e0eb-4b1b-8092-cca2eecc2449|rpc:10.1.0.30:46251|dataStream:|priority:0], old=null
2022-05-24 20:48:49,673 [a6e30353-377f-4b2f-bee2-e66a44f5bcb3@group-4FEAA70A9A47-LeaderElection23] INFO  impl.LeaderElection (LeaderElection.java:logAndReturn(90)) - a6e30353-377f-4b2f-bee2-e66a44f5bcb3@group-4FEAA70A9A47-LeaderElection23: ELECTION REJECTED received 2 response(s) and 0 exception(s):
2022-05-24 20:48:49,674 [a6e30353-377f-4b2f-bee2-e66a44f5bcb3@group-4FEAA70A9A47-LeaderElection23] INFO  impl.LeaderElection (LeaderElection.java:logAndReturn(94)) -   Response 0: a6e30353-377f-4b2f-bee2-e66a44f5bcb3<-cdeff73f-0c88-4976-9d3a-8f87b3ebca92#0:FAIL-t2
2022-05-24 20:48:49,674 [a6e30353-377f-4b2f-bee2-e66a44f5bcb3@group-4FEAA70A9A47-LeaderElection23] INFO  impl.LeaderElection (LeaderElection.java:logAndReturn(94)) -   Response 1: a6e30353-377f-4b2f-bee2-e66a44f5bcb3<-51ab8667-e0eb-4b1b-8092-cca2eecc2449#0:OK-t2
2022-05-24 20:48:49,679 [a6e30353-377f-4b2f-bee2-e66a44f5bcb3@group-4FEAA70A9A47-LeaderElection23] INFO  impl.LeaderElection (LeaderElection.java:askForVotes(312)) - a6e30353-377f-4b2f-bee2-e66a44f5bcb3@group-4FEAA70A9A47-LeaderElection23 ELECTION round 0: result REJECTED
2022-05-24 20:48:49,679 [a6e30353-377f-4b2f-bee2-e66a44f5bcb3@group-4FEAA70A9A47-LeaderElection23] INFO  server.RaftServer$Division (RaftServerImpl.java:setRole(299)) - a6e30353-377f-4b2f-bee2-e66a44f5bcb3@group-4FEAA70A9A47: changes role from CANDIDATE to FOLLOWER at term 2 for REJECTED
2022-05-24 20:48:49,679 [a6e30353-377f-4b2f-bee2-e66a44f5bcb3@group-4FEAA70A9A47-LeaderElection23] INFO  impl.RoleInfo (RoleInfo.java:shutdownLeaderElection(130)) - a6e30353-377f-4b2f-bee2-e66a44f5bcb3: shutdown a6e30353-377f-4b2f-bee2-e66a44f5bcb3@group-4FEAA70A9A47-LeaderElection23
2022-05-24 20:48:49,682 [a6e30353-377f-4b2f-bee2-e66a44f5bcb3@group-4FEAA70A9A47-LeaderElection23] INFO  impl.RoleInfo (RoleInfo.java:updateAndGet(139)) - a6e30353-377f-4b2f-bee2-e66a44f5bcb3: start a6e30353-377f-4b2f-bee2-e66a44f5bcb3@group-4FEAA70A9A47-FollowerState
2022-05-24 20:48:50,116 [Listener at 127.0.0.1/44485] INFO  rpc.RpcClient (RpcClient.java:createVolume(457)) - Creating Volume: f893d1ba-c62d-4f4b-a245-507721737a9e, with runner as owner and space quota set to -1 bytes, counts quota set to -1
2022-05-24 20:48:50,119 [OM StateMachine ApplyTransaction Thread - 0] INFO  volume.OMVolumeCreateRequest (OMVolumeCreateRequest.java:validateAndUpdateCache(195)) - created volume:f893d1ba-c62d-4f4b-a245-507721737a9e for user:runner
2022-05-24 20:48:50,122 [Listener at 127.0.0.1/44485] INFO  rpc.RpcClient (RpcClient.java:createBucket(646)) - Creating Bucket: f893d1ba-c62d-4f4b-a245-507721737a9e/0ac5a72a-c434-4a33-bc2c-b054a61fe6dc, with runner as owner and Versioning false and Storage Type set to DISK and Encryption set to false 
2022-05-24 20:48:50,123 [OM StateMachine ApplyTransaction Thread - 0] INFO  bucket.OMBucketCreateRequest (OMBucketCreateRequest.java:validateAndUpdateCache(258)) - created bucket: 0ac5a72a-c434-4a33-bc2c-b054a61fe6dc of layout LEGACY in volume: f893d1ba-c62d-4f4b-a245-507721737a9e
2022-05-24 20:48:50,265 [bb19d869-0de0-4670-950d-961bc103e91c@group-461FA6ADEC6A-FollowerState] INFO  impl.FollowerState (FollowerState.java:run(143)) - bb19d869-0de0-4670-950d-961bc103e91c@group-461FA6ADEC6A-FollowerState: change to CANDIDATE, lastRpcElapsedTime:5026531689ns, electionTimeout:5016ms
2022-05-24 20:48:50,265 [bb19d869-0de0-4670-950d-961bc103e91c@group-461FA6ADEC6A-FollowerState] INFO  impl.RoleInfo (RoleInfo.java:shutdownFollowerState(110)) - bb19d869-0de0-4670-950d-961bc103e91c: shutdown bb19d869-0de0-4670-950d-961bc103e91c@group-461FA6ADEC6A-FollowerState
2022-05-24 20:48:50,265 [bb19d869-0de0-4670-950d-961bc103e91c@group-461FA6ADEC6A-FollowerState] INFO  server.RaftServer$Division (RaftServerImpl.java:setRole(299)) - bb19d869-0de0-4670-950d-961bc103e91c@group-461FA6ADEC6A: changes role from  FOLLOWER to CANDIDATE at term 1 for changeToCandidate
2022-05-24 20:48:50,276 [bb19d869-0de0-4670-950d-961bc103e91c@group-461FA6ADEC6A-FollowerState] INFO  server.RaftServerConfigKeys (ConfUtils.java:logGet(46)) - raft.server.leaderelection.pre-vote = false (custom)
2022-05-24 20:48:50,276 [bb19d869-0de0-4670-950d-961bc103e91c@group-461FA6ADEC6A-FollowerState] INFO  impl.RoleInfo (RoleInfo.java:updateAndGet(139)) - bb19d869-0de0-4670-950d-961bc103e91c: start bb19d869-0de0-4670-950d-961bc103e91c@group-461FA6ADEC6A-LeaderElection24
2022-05-24 20:48:50,285 [bb19d869-0de0-4670-950d-961bc103e91c@group-461FA6ADEC6A-LeaderElection24] INFO  impl.LeaderElection (LeaderElection.java:askForVotes(310)) - bb19d869-0de0-4670-950d-961bc103e91c@group-461FA6ADEC6A-LeaderElection24 ELECTION round 0: submit vote requests at term 2 for -1: [6698ee5e-a134-4bdd-b88e-32be83df5062|rpc:10.1.0.30:36573|dataStream:|priority:1, bb19d869-0de0-4670-950d-961bc103e91c|rpc:10.1.0.30:46641|dataStream:|priority:0, 2d640a7f-eabf-4d86-860e-09f863e1ed92|rpc:10.1.0.30:32775|dataStream:|priority:0], old=null
2022-05-24 20:48:50,287 [grpc-default-executor-3] INFO  server.RaftServer$Division (RaftServerImpl.java:requestVote(1152)) - 6698ee5e-a134-4bdd-b88e-32be83df5062@group-461FA6ADEC6A: receive requestVote(ELECTION, bb19d869-0de0-4670-950d-961bc103e91c, group-461FA6ADEC6A, 2, (t:0, i:0))
2022-05-24 20:48:50,287 [grpc-default-executor-3] INFO  impl.VoteContext (VoteContext.java:log(48)) - 6698ee5e-a134-4bdd-b88e-32be83df5062@group-461FA6ADEC6A-FOLLOWER: reject ELECTION from bb19d869-0de0-4670-950d-961bc103e91c: our priority 1 > candidate's priority 0
2022-05-24 20:48:50,287 [grpc-default-executor-3] INFO  server.RaftServer$Division (RaftServerImpl.java:setRole(299)) - 6698ee5e-a134-4bdd-b88e-32be83df5062@group-461FA6ADEC6A: changes role from  FOLLOWER to FOLLOWER at term 2 for candidate:bb19d869-0de0-4670-950d-961bc103e91c
2022-05-24 20:48:50,287 [grpc-default-executor-3] INFO  impl.RoleInfo (RoleInfo.java:shutdownFollowerState(110)) - 6698ee5e-a134-4bdd-b88e-32be83df5062: shutdown 6698ee5e-a134-4bdd-b88e-32be83df5062@group-461FA6ADEC6A-FollowerState
2022-05-24 20:48:50,289 [grpc-default-executor-1] INFO  server.RaftServer$Division (RaftServerImpl.java:requestVote(1152)) - 2d640a7f-eabf-4d86-860e-09f863e1ed92@group-461FA6ADEC6A: receive requestVote(ELECTION, bb19d869-0de0-4670-950d-961bc103e91c, group-461FA6ADEC6A, 2, (t:0, i:0))
2022-05-24 20:48:50,289 [grpc-default-executor-1] INFO  impl.VoteContext (VoteContext.java:log(48)) - 2d640a7f-eabf-4d86-860e-09f863e1ed92@group-461FA6ADEC6A-FOLLOWER: accept ELECTION from bb19d869-0de0-4670-950d-961bc103e91c: our priority 0 <= candidate's priority 0
2022-05-24 20:48:50,289 [grpc-default-executor-1] INFO  server.RaftServer$Division (RaftServerImpl.java:setRole(299)) - 2d640a7f-eabf-4d86-860e-09f863e1ed92@group-461FA6ADEC6A: changes role from  FOLLOWER to FOLLOWER at term 2 for candidate:bb19d869-0de0-4670-950d-961bc103e91c
2022-05-24 20:48:50,289 [grpc-default-executor-1] INFO  impl.RoleInfo (RoleInfo.java:shutdownFollowerState(110)) - 2d640a7f-eabf-4d86-860e-09f863e1ed92: shutdown 2d640a7f-eabf-4d86-860e-09f863e1ed92@group-461FA6ADEC6A-FollowerState
2022-05-24 20:48:50,289 [grpc-default-executor-3] INFO  impl.RoleInfo (RoleInfo.java:updateAndGet(139)) - 6698ee5e-a134-4bdd-b88e-32be83df5062: start 6698ee5e-a134-4bdd-b88e-32be83df5062@group-461FA6ADEC6A-FollowerState
2022-05-24 20:48:50,289 [6698ee5e-a134-4bdd-b88e-32be83df5062@group-461FA6ADEC6A-FollowerState] INFO  impl.FollowerState (FollowerState.java:run(152)) - 6698ee5e-a134-4bdd-b88e-32be83df5062@group-461FA6ADEC6A-FollowerState was interrupted
2022-05-24 20:48:50,293 [grpc-default-executor-1] INFO  impl.RoleInfo (RoleInfo.java:updateAndGet(139)) - 2d640a7f-eabf-4d86-860e-09f863e1ed92: start 2d640a7f-eabf-4d86-860e-09f863e1ed92@group-461FA6ADEC6A-FollowerState
2022-05-24 20:48:50,293 [grpc-default-executor-3] INFO  server.RaftServer$Division (RaftServerImpl.java:requestVote(1184)) - 6698ee5e-a134-4bdd-b88e-32be83df5062@group-461FA6ADEC6A replies to ELECTION vote request: bb19d869-0de0-4670-950d-961bc103e91c<-6698ee5e-a134-4bdd-b88e-32be83df5062#0:FAIL-t2. Peer's state: 6698ee5e-a134-4bdd-b88e-32be83df5062@group-461FA6ADEC6A:t2, leader=null, voted=null, raftlog=6698ee5e-a134-4bdd-b88e-32be83df5062@group-461FA6ADEC6A-SegmentedRaftLog:OPENED:c-1, conf=-1: [6698ee5e-a134-4bdd-b88e-32be83df5062|rpc:10.1.0.30:36573|dataStream:|priority:1, bb19d869-0de0-4670-950d-961bc103e91c|rpc:10.1.0.30:46641|dataStream:|priority:0, 2d640a7f-eabf-4d86-860e-09f863e1ed92|rpc:10.1.0.30:32775|dataStream:|priority:0], old=null
2022-05-24 20:48:50,293 [2d640a7f-eabf-4d86-860e-09f863e1ed92@group-461FA6ADEC6A-FollowerState] INFO  impl.FollowerState (FollowerState.java:run(152)) - 2d640a7f-eabf-4d86-860e-09f863e1ed92@group-461FA6ADEC6A-FollowerState was interrupted
2022-05-24 20:48:50,303 [bb19d869-0de0-4670-950d-961bc103e91c@group-461FA6ADEC6A-LeaderElection24] INFO  impl.LeaderElection (LeaderElection.java:logAndReturn(90)) - bb19d869-0de0-4670-950d-961bc103e91c@group-461FA6ADEC6A-LeaderElection24: ELECTION REJECTED received 1 response(s) and 0 exception(s):
2022-05-24 20:48:50,303 [bb19d869-0de0-4670-950d-961bc103e91c@group-461FA6ADEC6A-LeaderElection24] INFO  impl.LeaderElection (LeaderElection.java:logAndReturn(94)) -   Response 0: bb19d869-0de0-4670-950d-961bc103e91c<-6698ee5e-a134-4bdd-b88e-32be83df5062#0:FAIL-t2
2022-05-24 20:48:50,303 [bb19d869-0de0-4670-950d-961bc103e91c@group-461FA6ADEC6A-LeaderElection24] INFO  impl.LeaderElection (LeaderElection.java:askForVotes(312)) - bb19d869-0de0-4670-950d-961bc103e91c@group-461FA6ADEC6A-LeaderElection24 ELECTION round 0: result REJECTED
2022-05-24 20:48:50,303 [bb19d869-0de0-4670-950d-961bc103e91c@group-461FA6ADEC6A-LeaderElection24] INFO  server.RaftServer$Division (RaftServerImpl.java:setRole(299)) - bb19d869-0de0-4670-950d-961bc103e91c@group-461FA6ADEC6A: changes role from CANDIDATE to FOLLOWER at term 2 for REJECTED
2022-05-24 20:48:50,303 [bb19d869-0de0-4670-950d-961bc103e91c@group-461FA6ADEC6A-LeaderElection24] INFO  impl.RoleInfo (RoleInfo.java:shutdownLeaderElection(130)) - bb19d869-0de0-4670-950d-961bc103e91c: shutdown bb19d869-0de0-4670-950d-961bc103e91c@group-461FA6ADEC6A-LeaderElection24
2022-05-24 20:48:50,303 [bb19d869-0de0-4670-950d-961bc103e91c@group-461FA6ADEC6A-LeaderElection24] INFO  impl.RoleInfo (RoleInfo.java:updateAndGet(139)) - bb19d869-0de0-4670-950d-961bc103e91c: start bb19d869-0de0-4670-950d-961bc103e91c@group-461FA6ADEC6A-FollowerState
2022-05-24 20:48:50,303 [grpc-default-executor-1] INFO  server.RaftServer$Division (RaftServerImpl.java:requestVote(1184)) - 2d640a7f-eabf-4d86-860e-09f863e1ed92@group-461FA6ADEC6A replies to ELECTION vote request: bb19d869-0de0-4670-950d-961bc103e91c<-2d640a7f-eabf-4d86-860e-09f863e1ed92#0:OK-t2. Peer's state: 2d640a7f-eabf-4d86-860e-09f863e1ed92@group-461FA6ADEC6A:t2, leader=null, voted=bb19d869-0de0-4670-950d-961bc103e91c, raftlog=2d640a7f-eabf-4d86-860e-09f863e1ed92@group-461FA6ADEC6A-SegmentedRaftLog:OPENED:c-1, conf=-1: [6698ee5e-a134-4bdd-b88e-32be83df5062|rpc:10.1.0.30:36573|priority:1, bb19d869-0de0-4670-950d-961bc103e91c|rpc:10.1.0.30:46641|priority:0, 2d640a7f-eabf-4d86-860e-09f863e1ed92|rpc:10.1.0.30:32775|priority:0], old=null
2022-05-24 20:48:50,434 [2d640a7f-eabf-4d86-860e-09f863e1ed92@group-463FC4B4C26A-FollowerState] INFO  impl.FollowerState (FollowerState.java:run(143)) - 2d640a7f-eabf-4d86-860e-09f863e1ed92@group-463FC4B4C26A-FollowerState: change to CANDIDATE, lastRpcElapsedTime:5174595797ns, electionTimeout:5171ms
2022-05-24 20:48:50,434 [2d640a7f-eabf-4d86-860e-09f863e1ed92@group-463FC4B4C26A-FollowerState] INFO  impl.RoleInfo (RoleInfo.java:shutdownFollowerState(110)) - 2d640a7f-eabf-4d86-860e-09f863e1ed92: shutdown 2d640a7f-eabf-4d86-860e-09f863e1ed92@group-463FC4B4C26A-FollowerState
2022-05-24 20:48:50,434 [2d640a7f-eabf-4d86-860e-09f863e1ed92@group-463FC4B4C26A-FollowerState] INFO  server.RaftServer$Division (RaftServerImpl.java:setRole(299)) - 2d640a7f-eabf-4d86-860e-09f863e1ed92@group-463FC4B4C26A: changes role from  FOLLOWER to CANDIDATE at term 1 for changeToCandidate
2022-05-24 20:48:50,434 [2d640a7f-eabf-4d86-860e-09f863e1ed92@group-463FC4B4C26A-FollowerState] INFO  server.RaftServerConfigKeys (ConfUtils.java:logGet(46)) - raft.server.leaderelection.pre-vote = false (custom)
2022-05-24 20:48:50,434 [2d640a7f-eabf-4d86-860e-09f863e1ed92@group-463FC4B4C26A-FollowerState] INFO  impl.RoleInfo (RoleInfo.java:updateAndGet(139)) - 2d640a7f-eabf-4d86-860e-09f863e1ed92: start 2d640a7f-eabf-4d86-860e-09f863e1ed92@group-463FC4B4C26A-LeaderElection25
2022-05-24 20:48:50,454 [2d640a7f-eabf-4d86-860e-09f863e1ed92@group-463FC4B4C26A-LeaderElection25] INFO  impl.LeaderElection (LeaderElection.java:askForVotes(310)) - 2d640a7f-eabf-4d86-860e-09f863e1ed92@group-463FC4B4C26A-LeaderElection25 ELECTION round 0: submit vote requests at term 2 for -1: [6698ee5e-a134-4bdd-b88e-32be83df5062|rpc:10.1.0.30:36573|priority:0, bb19d869-0de0-4670-950d-961bc103e91c|rpc:10.1.0.30:46641|priority:0, 2d640a7f-eabf-4d86-860e-09f863e1ed92|rpc:10.1.0.30:32775|priority:1], old=null
2022-05-24 20:48:50,471 [bb19d869-0de0-4670-950d-961bc103e91c@group-463FC4B4C26A-FollowerState] INFO  impl.FollowerState (FollowerState.java:run(143)) - bb19d869-0de0-4670-950d-961bc103e91c@group-463FC4B4C26A-FollowerState: change to CANDIDATE, lastRpcElapsedTime:5200262601ns, electionTimeout:5194ms
2022-05-24 20:48:50,471 [bb19d869-0de0-4670-950d-961bc103e91c@group-463FC4B4C26A-FollowerState] INFO  impl.RoleInfo (RoleInfo.java:shutdownFollowerState(110)) - bb19d869-0de0-4670-950d-961bc103e91c: shutdown bb19d869-0de0-4670-950d-961bc103e91c@group-463FC4B4C26A-FollowerState
2022-05-24 20:48:50,471 [bb19d869-0de0-4670-950d-961bc103e91c@group-463FC4B4C26A-FollowerState] INFO  server.RaftServer$Division (RaftServerImpl.java:setRole(299)) - bb19d869-0de0-4670-950d-961bc103e91c@group-463FC4B4C26A: changes role from  FOLLOWER to CANDIDATE at term 1 for changeToCandidate
2022-05-24 20:48:50,485 [bb19d869-0de0-4670-950d-961bc103e91c@group-463FC4B4C26A-FollowerState] INFO  server.RaftServerConfigKeys (ConfUtils.java:logGet(46)) - raft.server.leaderelection.pre-vote = false (custom)
2022-05-24 20:48:50,485 [bb19d869-0de0-4670-950d-961bc103e91c@group-463FC4B4C26A-FollowerState] INFO  impl.RoleInfo (RoleInfo.java:updateAndGet(139)) - bb19d869-0de0-4670-950d-961bc103e91c: start bb19d869-0de0-4670-950d-961bc103e91c@group-463FC4B4C26A-LeaderElection26
2022-05-24 20:48:50,489 [grpc-default-executor-3] INFO  server.RaftServer$Division (RaftServerImpl.java:requestVote(1152)) - bb19d869-0de0-4670-950d-961bc103e91c@group-463FC4B4C26A: receive requestVote(ELECTION, 2d640a7f-eabf-4d86-860e-09f863e1ed92, group-463FC4B4C26A, 2, (t:0, i:0))
2022-05-24 20:48:50,489 [grpc-default-executor-5] INFO  server.RaftServer$Division (RaftServerImpl.java:requestVote(1152)) - 6698ee5e-a134-4bdd-b88e-32be83df5062@group-463FC4B4C26A: receive requestVote(ELECTION, 2d640a7f-eabf-4d86-860e-09f863e1ed92, group-463FC4B4C26A, 2, (t:0, i:0))
2022-05-24 20:48:50,490 [bb19d869-0de0-4670-950d-961bc103e91c@group-463FC4B4C26A-LeaderElection26] INFO  impl.LeaderElection (LeaderElection.java:askForVotes(310)) - bb19d869-0de0-4670-950d-961bc103e91c@group-463FC4B4C26A-LeaderElection26 ELECTION round 0: submit vote requests at term 2 for -1: [6698ee5e-a134-4bdd-b88e-32be83df5062|rpc:10.1.0.30:36573|dataStream:|priority:0, bb19d869-0de0-4670-950d-961bc103e91c|rpc:10.1.0.30:46641|dataStream:|priority:0, 2d640a7f-eabf-4d86-860e-09f863e1ed92|rpc:10.1.0.30:32775|dataStream:|priority:1], old=null
2022-05-24 20:48:50,491 [grpc-default-executor-3] INFO  impl.VoteContext (VoteContext.java:log(48)) - bb19d869-0de0-4670-950d-961bc103e91c@group-463FC4B4C26A-CANDIDATE: reject ELECTION from 2d640a7f-eabf-4d86-860e-09f863e1ed92: already has voted for bb19d869-0de0-4670-950d-961bc103e91c at current term 2
2022-05-24 20:48:50,491 [grpc-default-executor-3] INFO  server.RaftServer$Division (RaftServerImpl.java:requestVote(1184)) - bb19d869-0de0-4670-950d-961bc103e91c@group-463FC4B4C26A replies to ELECTION vote request: 2d640a7f-eabf-4d86-860e-09f863e1ed92<-bb19d869-0de0-4670-950d-961bc103e91c#0:FAIL-t2. Peer's state: bb19d869-0de0-4670-950d-961bc103e91c@group-463FC4B4C26A:t2, leader=null, voted=bb19d869-0de0-4670-950d-961bc103e91c, raftlog=bb19d869-0de0-4670-950d-961bc103e91c@group-463FC4B4C26A-SegmentedRaftLog:OPENED:c-1, conf=-1: [6698ee5e-a134-4bdd-b88e-32be83df5062|rpc:10.1.0.30:36573|dataStream:|priority:0, bb19d869-0de0-4670-950d-961bc103e91c|rpc:10.1.0.30:46641|dataStream:|priority:0, 2d640a7f-eabf-4d86-860e-09f863e1ed92|rpc:10.1.0.30:32775|dataStream:|priority:1], old=null
2022-05-24 20:48:50,504 [grpc-default-executor-5] INFO  impl.VoteContext (VoteContext.java:log(48)) - 6698ee5e-a134-4bdd-b88e-32be83df5062@group-463FC4B4C26A-FOLLOWER: accept ELECTION from 2d640a7f-eabf-4d86-860e-09f863e1ed92: our priority 0 <= candidate's priority 1
2022-05-24 20:48:50,504 [grpc-default-executor-5] INFO  server.RaftServer$Division (RaftServerImpl.java:setRole(299)) - 6698ee5e-a134-4bdd-b88e-32be83df5062@group-463FC4B4C26A: changes role from  FOLLOWER to FOLLOWER at term 2 for candidate:2d640a7f-eabf-4d86-860e-09f863e1ed92
2022-05-24 20:48:50,504 [grpc-default-executor-5] INFO  impl.RoleInfo (RoleInfo.java:shutdownFollowerState(110)) - 6698ee5e-a134-4bdd-b88e-32be83df5062: shutdown 6698ee5e-a134-4bdd-b88e-32be83df5062@group-463FC4B4C26A-FollowerState
2022-05-24 20:48:50,504 [grpc-default-executor-5] INFO  impl.RoleInfo (RoleInfo.java:updateAndGet(139)) - 6698ee5e-a134-4bdd-b88e-32be83df5062: start 6698ee5e-a134-4bdd-b88e-32be83df5062@group-463FC4B4C26A-FollowerState
2022-05-24 20:48:50,504 [6698ee5e-a134-4bdd-b88e-32be83df5062@group-463FC4B4C26A-FollowerState] INFO  impl.FollowerState (FollowerState.java:run(152)) - 6698ee5e-a134-4bdd-b88e-32be83df5062@group-463FC4B4C26A-FollowerState was interrupted
2022-05-24 20:48:50,508 [grpc-default-executor-0] INFO  server.RaftServer$Division (RaftServerImpl.java:requestVote(1152)) - 2d640a7f-eabf-4d86-860e-09f863e1ed92@group-463FC4B4C26A: receive requestVote(ELECTION, bb19d869-0de0-4670-950d-961bc103e91c, group-463FC4B4C26A, 2, (t:0, i:0))
2022-05-24 20:48:50,508 [grpc-default-executor-0] INFO  impl.VoteContext (VoteContext.java:log(48)) - 2d640a7f-eabf-4d86-860e-09f863e1ed92@group-463FC4B4C26A-CANDIDATE: reject ELECTION from bb19d869-0de0-4670-950d-961bc103e91c: already has voted for 2d640a7f-eabf-4d86-860e-09f863e1ed92 at current term 2
2022-05-24 20:48:50,508 [grpc-default-executor-0] INFO  server.RaftServer$Division (RaftServerImpl.java:requestVote(1184)) - 2d640a7f-eabf-4d86-860e-09f863e1ed92@group-463FC4B4C26A replies to ELECTION vote request: bb19d869-0de0-4670-950d-961bc103e91c<-2d640a7f-eabf-4d86-860e-09f863e1ed92#0:FAIL-t2. Peer's state: 2d640a7f-eabf-4d86-860e-09f863e1ed92@group-463FC4B4C26A:t2, leader=null, voted=2d640a7f-eabf-4d86-860e-09f863e1ed92, raftlog=2d640a7f-eabf-4d86-860e-09f863e1ed92@group-463FC4B4C26A-SegmentedRaftLog:OPENED:c-1, conf=-1: [6698ee5e-a134-4bdd-b88e-32be83df5062|rpc:10.1.0.30:36573|priority:0, bb19d869-0de0-4670-950d-961bc103e91c|rpc:10.1.0.30:46641|priority:0, 2d640a7f-eabf-4d86-860e-09f863e1ed92|rpc:10.1.0.30:32775|priority:1], old=null
2022-05-24 20:48:50,508 [grpc-default-executor-4] INFO  server.RaftServer$Division (RaftServerImpl.java:requestVote(1152)) - 6698ee5e-a134-4bdd-b88e-32be83df5062@group-463FC4B4C26A: receive requestVote(ELECTION, bb19d869-0de0-4670-950d-961bc103e91c, group-463FC4B4C26A, 2, (t:0, i:0))
2022-05-24 20:48:50,511 [grpc-default-executor-5] INFO  server.RaftServer$Division (RaftServerImpl.java:requestVote(1184)) - 6698ee5e-a134-4bdd-b88e-32be83df5062@group-463FC4B4C26A replies to ELECTION vote request: 2d640a7f-eabf-4d86-860e-09f863e1ed92<-6698ee5e-a134-4bdd-b88e-32be83df5062#0:OK-t2. Peer's state: 6698ee5e-a134-4bdd-b88e-32be83df5062@group-463FC4B4C26A:t2, leader=null, voted=2d640a7f-eabf-4d86-860e-09f863e1ed92, raftlog=6698ee5e-a134-4bdd-b88e-32be83df5062@group-463FC4B4C26A-SegmentedRaftLog:OPENED:c-1, conf=-1: [6698ee5e-a134-4bdd-b88e-32be83df5062|rpc:10.1.0.30:36573|dataStream:|priority:0, bb19d869-0de0-4670-950d-961bc103e91c|rpc:10.1.0.30:46641|dataStream:|priority:0, 2d640a7f-eabf-4d86-860e-09f863e1ed92|rpc:10.1.0.30:32775|dataStream:|priority:1], old=null
2022-05-24 20:48:50,512 [grpc-default-executor-4] INFO  impl.VoteContext (VoteContext.java:log(48)) - 6698ee5e-a134-4bdd-b88e-32be83df5062@group-463FC4B4C26A-FOLLOWER: reject ELECTION from bb19d869-0de0-4670-950d-961bc103e91c: already has voted for 2d640a7f-eabf-4d86-860e-09f863e1ed92 at current term 2
2022-05-24 20:48:50,512 [grpc-default-executor-4] INFO  server.RaftServer$Division (RaftServerImpl.java:requestVote(1184)) - 6698ee5e-a134-4bdd-b88e-32be83df5062@group-463FC4B4C26A replies to ELECTION vote request: bb19d869-0de0-4670-950d-961bc103e91c<-6698ee5e-a134-4bdd-b88e-32be83df5062#0:FAIL-t2. Peer's state: 6698ee5e-a134-4bdd-b88e-32be83df5062@group-463FC4B4C26A:t2, leader=null, voted=2d640a7f-eabf-4d86-860e-09f863e1ed92, raftlog=6698ee5e-a134-4bdd-b88e-32be83df5062@group-463FC4B4C26A-SegmentedRaftLog:OPENED:c-1, conf=-1: [6698ee5e-a134-4bdd-b88e-32be83df5062|rpc:10.1.0.30:36573|dataStream:|priority:0, bb19d869-0de0-4670-950d-961bc103e91c|rpc:10.1.0.30:46641|dataStream:|priority:0, 2d640a7f-eabf-4d86-860e-09f863e1ed92|rpc:10.1.0.30:32775|dataStream:|priority:1], old=null
2022-05-24 20:48:50,516 [2d640a7f-eabf-4d86-860e-09f863e1ed92@group-463FC4B4C26A-LeaderElection25] INFO  impl.LeaderElection (LeaderElection.java:logAndReturn(90)) - 2d640a7f-eabf-4d86-860e-09f863e1ed92@group-463FC4B4C26A-LeaderElection25: ELECTION PASSED received 2 response(s) and 0 exception(s):
2022-05-24 20:48:50,516 [bb19d869-0de0-4670-950d-961bc103e91c@group-463FC4B4C26A-LeaderElection26] INFO  impl.LeaderElection (LeaderElection.java:logAndReturn(90)) - bb19d869-0de0-4670-950d-961bc103e91c@group-463FC4B4C26A-LeaderElection26: ELECTION REJECTED received 1 response(s) and 0 exception(s):
2022-05-24 20:48:50,516 [bb19d869-0de0-4670-950d-961bc103e91c@group-463FC4B4C26A-LeaderElection26] INFO  impl.LeaderElection (LeaderElection.java:logAndReturn(94)) -   Response 0: bb19d869-0de0-4670-950d-961bc103e91c<-2d640a7f-eabf-4d86-860e-09f863e1ed92#0:FAIL-t2
2022-05-24 20:48:50,516 [bb19d869-0de0-4670-950d-961bc103e91c@group-463FC4B4C26A-LeaderElection26] INFO  impl.LeaderElection (LeaderElection.java:askForVotes(312)) - bb19d869-0de0-4670-950d-961bc103e91c@group-463FC4B4C26A-LeaderElection26 ELECTION round 0: result REJECTED
2022-05-24 20:48:50,516 [bb19d869-0de0-4670-950d-961bc103e91c@group-463FC4B4C26A-LeaderElection26] INFO  server.RaftServer$Division (RaftServerImpl.java:setRole(299)) - bb19d869-0de0-4670-950d-961bc103e91c@group-463FC4B4C26A: changes role from CANDIDATE to FOLLOWER at term 2 for REJECTED
2022-05-24 20:48:50,516 [bb19d869-0de0-4670-950d-961bc103e91c@group-463FC4B4C26A-LeaderElection26] INFO  impl.RoleInfo (RoleInfo.java:shutdownLeaderElection(130)) - bb19d869-0de0-4670-950d-961bc103e91c: shutdown bb19d869-0de0-4670-950d-961bc103e91c@group-463FC4B4C26A-LeaderElection26
2022-05-24 20:48:50,516 [2d640a7f-eabf-4d86-860e-09f863e1ed92@group-463FC4B4C26A-LeaderElection25] INFO  impl.LeaderElection (LeaderElection.java:logAndReturn(94)) -   Response 0: 2d640a7f-eabf-4d86-860e-09f863e1ed92<-6698ee5e-a134-4bdd-b88e-32be83df5062#0:OK-t2
2022-05-24 20:48:50,516 [2d640a7f-eabf-4d86-860e-09f863e1ed92@group-463FC4B4C26A-LeaderElection25] INFO  impl.LeaderElection (LeaderElection.java:logAndReturn(94)) -   Response 1: 2d640a7f-eabf-4d86-860e-09f863e1ed92<-bb19d869-0de0-4670-950d-961bc103e91c#0:FAIL-t2
2022-05-24 20:48:50,517 [2d640a7f-eabf-4d86-860e-09f863e1ed92@group-463FC4B4C26A-LeaderElection25] INFO  impl.LeaderElection (LeaderElection.java:askForVotes(312)) - 2d640a7f-eabf-4d86-860e-09f863e1ed92@group-463FC4B4C26A-LeaderElection25 ELECTION round 0: result PASSED
2022-05-24 20:48:50,517 [2d640a7f-eabf-4d86-860e-09f863e1ed92@group-463FC4B4C26A-LeaderElection25] INFO  impl.RoleInfo (RoleInfo.java:shutdownLeaderElection(130)) - 2d640a7f-eabf-4d86-860e-09f863e1ed92: shutdown 2d640a7f-eabf-4d86-860e-09f863e1ed92@group-463FC4B4C26A-LeaderElection25
2022-05-24 20:48:50,517 [2d640a7f-eabf-4d86-860e-09f863e1ed92@group-463FC4B4C26A-LeaderElection25] INFO  server.RaftServer$Division (RaftServerImpl.java:setRole(299)) - 2d640a7f-eabf-4d86-860e-09f863e1ed92@group-463FC4B4C26A: changes role from CANDIDATE to LEADER at term 2 for changeToLeader
2022-05-24 20:48:50,517 [2d640a7f-eabf-4d86-860e-09f863e1ed92@group-463FC4B4C26A-LeaderElection25] INFO  ratis.XceiverServerRatis (XceiverServerRatis.java:handleLeaderChangedNotification(863)) - Leader change notification received for group: group-463FC4B4C26A with new leaderId: 2d640a7f-eabf-4d86-860e-09f863e1ed92
2022-05-24 20:48:50,517 [2d640a7f-eabf-4d86-860e-09f863e1ed92@group-463FC4B4C26A-LeaderElection25] INFO  server.RaftServer$Division (ServerState.java:setLeader(287)) - 2d640a7f-eabf-4d86-860e-09f863e1ed92@group-463FC4B4C26A: change Leader from null to 2d640a7f-eabf-4d86-860e-09f863e1ed92 at term 2 for becomeLeader, leader elected after 10361ms
2022-05-24 20:48:50,517 [2d640a7f-eabf-4d86-860e-09f863e1ed92@group-463FC4B4C26A-LeaderElection25] INFO  server.RaftServerConfigKeys (ConfUtils.java:logGet(46)) - raft.server.staging.catchup.gap = 1000 (default)
2022-05-24 20:48:50,517 [2d640a7f-eabf-4d86-860e-09f863e1ed92@group-463FC4B4C26A-LeaderElection25] INFO  server.RaftServerConfigKeys (ConfUtils.java:logGet(46)) - raft.server.write.element-limit = 1024 (custom)
2022-05-24 20:48:50,517 [2d640a7f-eabf-4d86-860e-09f863e1ed92@group-463FC4B4C26A-LeaderElection25] INFO  server.RaftServerConfigKeys (ConfUtils.java:logGet(46)) - raft.server.write.byte-limit = 1024 M (=1073741824) (custom)
2022-05-24 20:48:50,517 [2d640a7f-eabf-4d86-860e-09f863e1ed92@group-463FC4B4C26A-LeaderElection25] INFO  server.RaftServerConfigKeys (ConfUtils.java:logGet(46)) - raft.server.watch.timeout = 180s (custom)
2022-05-24 20:48:50,517 [2d640a7f-eabf-4d86-860e-09f863e1ed92@group-463FC4B4C26A-LeaderElection25] INFO  server.RaftServerConfigKeys (ConfUtils.java:logGet(46)) - raft.server.watch.timeout.denomination = 1s (default)
2022-05-24 20:48:50,517 [2d640a7f-eabf-4d86-860e-09f863e1ed92@group-463FC4B4C26A-LeaderElection25] INFO  server.RaftServerConfigKeys (ConfUtils.java:logGet(46)) - raft.server.watch.element-limit = 65536 (default)
2022-05-24 20:48:50,517 [2d640a7f-eabf-4d86-860e-09f863e1ed92@group-463FC4B4C26A-LeaderElection25] INFO  server.RaftServerConfigKeys (ConfUtils.java:logGet(46)) - raft.server.write.element-limit = 1024 (custom)
2022-05-24 20:48:50,518 [2d640a7f-eabf-4d86-860e-09f863e1ed92@group-463FC4B4C26A-LeaderElection25] INFO  server.RaftServerConfigKeys (ConfUtils.java:logGet(46)) - raft.server.write.follower.gap.ratio.max = -1.0 (default)
2022-05-24 20:48:50,518 [2d640a7f-eabf-4d86-860e-09f863e1ed92@group-463FC4B4C26A-LeaderElection25] INFO  server.RaftServerConfigKeys (ConfUtils.java:logGet(46)) - raft.server.log.appender.snapshot.chunk.size.max = 16MB (=16777216) (default)
2022-05-24 20:48:50,518 [2d640a7f-eabf-4d86-860e-09f863e1ed92@group-463FC4B4C26A-LeaderElection25] INFO  server.RaftServerConfigKeys (ConfUtils.java:logGet(46)) - raft.server.log.appender.buffer.byte-limit = 33554432 (custom)
2022-05-24 20:48:50,518 [2d640a7f-eabf-4d86-860e-09f863e1ed92@group-463FC4B4C26A-LeaderElection25] INFO  server.RaftServerConfigKeys (ConfUtils.java:logGet(46)) - raft.server.log.appender.buffer.element-limit = 1 (custom)
2022-05-24 20:48:50,519 [EventQueue-PipelineReportForPipelineReportHandler] INFO  pipeline.PipelineManagerImpl (PipelineManagerImpl.java:openPipeline(336)) - Pipeline Pipeline[ Id: 85d6c947-d5a2-4f3a-9931-463fc4b4c26a, Nodes: bb19d869-0de0-4670-950d-961bc103e91c{ip: 10.1.0.30, host: fv-az122-930.eh24crq5omsuteaqbma5cv3ijc.phxx.internal.cloudapp.net, ports: [REPLICATION=40213, RATIS=46641, RATIS_ADMIN=46641, RATIS_SERVER=46641, STANDALONE=35483], networkLocation: /default-rack, certSerialId: null, persistedOpState: IN_SERVICE, persistedOpStateExpiryEpochSec: 0}2d640a7f-eabf-4d86-860e-09f863e1ed92{ip: 10.1.0.30, host: fv-az122-930.eh24crq5omsuteaqbma5cv3ijc.phxx.internal.cloudapp.net, ports: [REPLICATION=35083, RATIS=32775, RATIS_ADMIN=32775, RATIS_SERVER=32775, STANDALONE=41593], networkLocation: /default-rack, certSerialId: null, persistedOpState: IN_SERVICE, persistedOpStateExpiryEpochSec: 0}6698ee5e-a134-4bdd-b88e-32be83df5062{ip: 10.1.0.30, host: fv-az122-930.eh24crq5omsuteaqbma5cv3ijc.phxx.internal.cloudapp.net, ports: [REPLICATION=39233, RATIS=36573, RATIS_ADMIN=36573, RATIS_SERVER=36573, STANDALONE=35225], networkLocation: /default-rack, certSerialId: null, persistedOpState: IN_SERVICE, persistedOpStateExpiryEpochSec: 0}, ReplicationConfig: RATIS/THREE, State:ALLOCATED, leaderId:2d640a7f-eabf-4d86-860e-09f863e1ed92, CreationTimestamp2022-05-24T20:48:37.762Z[Etc/UTC]] moved to OPEN state
2022-05-24 20:48:50,521 [2d640a7f-eabf-4d86-860e-09f863e1ed92@group-463FC4B4C26A-LeaderElection25] INFO  grpc.GrpcConfigKeys (ConfUtils.java:logGet(46)) - raft.grpc.server.leader.outstanding.appends.max = 128 (default)
2022-05-24 20:48:50,521 [2d640a7f-eabf-4d86-860e-09f863e1ed92@group-463FC4B4C26A-LeaderElection25] INFO  server.RaftServerConfigKeys (ConfUtils.java:logGet(46)) - raft.server.rpc.request.timeout = 60s (custom)
2022-05-24 20:48:50,521 [2d640a7f-eabf-4d86-860e-09f863e1ed92@group-463FC4B4C26A-LeaderElection25] INFO  server.RaftServerConfigKeys (ConfUtils.java:logGet(46)) - raft.server.log.appender.install.snapshot.enabled = false (custom)
2022-05-24 20:48:50,522 [2d640a7f-eabf-4d86-860e-09f863e1ed92@group-463FC4B4C26A-LeaderElection25] INFO  server.RaftServerConfigKeys (ConfUtils.java:logGet(46)) - raft.server.log.appender.snapshot.chunk.size.max = 16MB (=16777216) (default)
2022-05-24 20:48:50,523 [2d640a7f-eabf-4d86-860e-09f863e1ed92@group-463FC4B4C26A-LeaderElection25] INFO  server.RaftServerConfigKeys (ConfUtils.java:logGet(46)) - raft.server.log.appender.buffer.byte-limit = 33554432 (custom)
2022-05-24 20:48:50,523 [2d640a7f-eabf-4d86-860e-09f863e1ed92@group-463FC4B4C26A-LeaderElection25] INFO  server.RaftServerConfigKeys (ConfUtils.java:logGet(46)) - raft.server.log.appender.buffer.element-limit = 1 (custom)
2022-05-24 20:48:50,523 [2d640a7f-eabf-4d86-860e-09f863e1ed92@group-463FC4B4C26A-LeaderElection25] INFO  grpc.GrpcConfigKeys (ConfUtils.java:logGet(46)) - raft.grpc.server.leader.outstanding.appends.max = 128 (default)
2022-05-24 20:48:50,523 [2d640a7f-eabf-4d86-860e-09f863e1ed92@group-463FC4B4C26A-LeaderElection25] INFO  server.RaftServerConfigKeys (ConfUtils.java:logGet(46)) - raft.server.rpc.request.timeout = 60s (custom)
2022-05-24 20:48:50,523 [2d640a7f-eabf-4d86-860e-09f863e1ed92@group-463FC4B4C26A-LeaderElection25] INFO  server.RaftServerConfigKeys (ConfUtils.java:logGet(46)) - raft.server.log.appender.install.snapshot.enabled = false (custom)
2022-05-24 20:48:50,523 [2d640a7f-eabf-4d86-860e-09f863e1ed92@group-463FC4B4C26A-LeaderElection25] INFO  impl.RoleInfo (RoleInfo.java:updateAndGet(139)) - 2d640a7f-eabf-4d86-860e-09f863e1ed92: start 2d640a7f-eabf-4d86-860e-09f863e1ed92@group-463FC4B4C26A-LeaderStateImpl
2022-05-24 20:48:50,523 [bb19d869-0de0-4670-950d-961bc103e91c@group-463FC4B4C26A-LeaderElection26] INFO  impl.RoleInfo (RoleInfo.java:updateAndGet(139)) - bb19d869-0de0-4670-950d-961bc103e91c: start bb19d869-0de0-4670-950d-961bc103e91c@group-463FC4B4C26A-FollowerState
2022-05-24 20:48:50,523 [2d640a7f-eabf-4d86-860e-09f863e1ed92@group-463FC4B4C26A-LeaderElection25] INFO  segmented.SegmentedRaftLogWorker (SegmentedRaftLogWorker.java:startLogSegment(425)) - 2d640a7f-eabf-4d86-860e-09f863e1ed92@group-463FC4B4C26A-SegmentedRaftLogWorker: Starting segment from index:0
2022-05-24 20:48:50,529 [2d640a7f-eabf-4d86-860e-09f863e1ed92@group-463FC4B4C26A-SegmentedRaftLogWorker] INFO  segmented.SegmentedRaftLogWorker (SegmentedRaftLogWorker.java:execute(629)) - 2d640a7f-eabf-4d86-860e-09f863e1ed92@group-463FC4B4C26A-SegmentedRaftLogWorker: created new log segment /home/runner/work/ozone/ozone/hadoop-ozone/integration-test/target/test-dir/MiniOzoneClusterImpl-68ae5bae-a44d-4587-ae52-251ec6d3fd1e/datanode-6/data/ratis/85d6c947-d5a2-4f3a-9931-463fc4b4c26a/current/log_inprogress_0
2022-05-24 20:48:50,549 [6698ee5e-a134-4bdd-b88e-32be83df5062-server-thread1] INFO  ratis.XceiverServerRatis (XceiverServerRatis.java:handleLeaderChangedNotification(863)) - Leader change notification received for group: group-463FC4B4C26A with new leaderId: 2d640a7f-eabf-4d86-860e-09f863e1ed92
2022-05-24 20:48:50,549 [6698ee5e-a134-4bdd-b88e-32be83df5062-server-thread1] INFO  server.RaftServer$Division (ServerState.java:setLeader(287)) - 6698ee5e-a134-4bdd-b88e-32be83df5062@group-463FC4B4C26A: change Leader from null to 2d640a7f-eabf-4d86-860e-09f863e1ed92 at term 2 for appendEntries, leader elected after 10338ms
2022-05-24 20:48:50,552 [2d640a7f-eabf-4d86-860e-09f863e1ed92@group-463FC4B4C26A-LeaderElection25] INFO  server.RaftServer$Division (ServerState.java:setRaftConf(393)) - 2d640a7f-eabf-4d86-860e-09f863e1ed92@group-463FC4B4C26A: set configuration 0: [6698ee5e-a134-4bdd-b88e-32be83df5062|rpc:10.1.0.30:36573|dataStream:|priority:0, bb19d869-0de0-4670-950d-961bc103e91c|rpc:10.1.0.30:46641|dataStream:|priority:0, 2d640a7f-eabf-4d86-860e-09f863e1ed92|rpc:10.1.0.30:32775|dataStream:|priority:1], old=null
2022-05-24 20:48:50,553 [bb19d869-0de0-4670-950d-961bc103e91c-server-thread1] INFO  ratis.XceiverServerRatis (XceiverServerRatis.java:handleLeaderChangedNotification(863)) - Leader change notification received for group: group-463FC4B4C26A with new leaderId: 2d640a7f-eabf-4d86-860e-09f863e1ed92
2022-05-24 20:48:50,561 [bb19d869-0de0-4670-950d-961bc103e91c-server-thread1] INFO  server.RaftServer$Division (ServerState.java:setLeader(287)) - bb19d869-0de0-4670-950d-961bc103e91c@group-463FC4B4C26A: change Leader from null to 2d640a7f-eabf-4d86-860e-09f863e1ed92 at term 2 for appendEntries, leader elected after 10372ms
2022-05-24 20:48:50,576 [6698ee5e-a134-4bdd-b88e-32be83df5062-server-thread1] INFO  server.RaftServer$Division (ServerState.java:setRaftConf(393)) - 6698ee5e-a134-4bdd-b88e-32be83df5062@group-463FC4B4C26A: set configuration 0: [6698ee5e-a134-4bdd-b88e-32be83df5062|rpc:10.1.0.30:36573|dataStream:|priority:0, bb19d869-0de0-4670-950d-961bc103e91c|rpc:10.1.0.30:46641|dataStream:|priority:0, 2d640a7f-eabf-4d86-860e-09f863e1ed92|rpc:10.1.0.30:32775|dataStream:|priority:1], old=null
2022-05-24 20:48:50,576 [6698ee5e-a134-4bdd-b88e-32be83df5062-server-thread1] INFO  segmented.SegmentedRaftLogWorker (SegmentedRaftLogWorker.java:startLogSegment(425)) - 6698ee5e-a134-4bdd-b88e-32be83df5062@group-463FC4B4C26A-SegmentedRaftLogWorker: Starting segment from index:0
2022-05-24 20:48:50,585 [bb19d869-0de0-4670-950d-961bc103e91c-server-thread1] INFO  server.RaftServer$Division (ServerState.java:setRaftConf(393)) - bb19d869-0de0-4670-950d-961bc103e91c@group-463FC4B4C26A: set configuration 0: [6698ee5e-a134-4bdd-b88e-32be83df5062|rpc:10.1.0.30:36573|dataStream:|priority:0, bb19d869-0de0-4670-950d-961bc103e91c|rpc:10.1.0.30:46641|dataStream:|priority:0, 2d640a7f-eabf-4d86-860e-09f863e1ed92|rpc:10.1.0.30:32775|dataStream:|priority:1], old=null
2022-05-24 20:48:50,585 [bb19d869-0de0-4670-950d-961bc103e91c-server-thread1] INFO  segmented.SegmentedRaftLogWorker (SegmentedRaftLogWorker.java:startLogSegment(425)) - bb19d869-0de0-4670-950d-961bc103e91c@group-463FC4B4C26A-SegmentedRaftLogWorker: Starting segment from index:0
2022-05-24 20:48:50,589 [bb19d869-0de0-4670-950d-961bc103e91c@group-463FC4B4C26A-SegmentedRaftLogWorker] INFO  segmented.SegmentedRaftLogWorker (SegmentedRaftLogWorker.java:execute(629)) - bb19d869-0de0-4670-950d-961bc103e91c@group-463FC4B4C26A-SegmentedRaftLogWorker: created new log segment /home/runner/work/ozone/ozone/hadoop-ozone/integration-test/target/test-dir/MiniOzoneClusterImpl-68ae5bae-a44d-4587-ae52-251ec6d3fd1e/datanode-7/data/ratis/85d6c947-d5a2-4f3a-9931-463fc4b4c26a/current/log_inprogress_0
2022-05-24 20:48:50,589 [6698ee5e-a134-4bdd-b88e-32be83df5062@group-463FC4B4C26A-SegmentedRaftLogWorker] INFO  segmented.SegmentedRaftLogWorker (SegmentedRaftLogWorker.java:execute(629)) - 6698ee5e-a134-4bdd-b88e-32be83df5062@group-463FC4B4C26A-SegmentedRaftLogWorker: created new log segment /home/runner/work/ozone/ozone/hadoop-ozone/integration-test/target/test-dir/MiniOzoneClusterImpl-68ae5bae-a44d-4587-ae52-251ec6d3fd1e/datanode-8/data/ratis/85d6c947-d5a2-4f3a-9931-463fc4b4c26a/current/log_inprogress_0
]]></system-out>
  </testcase>
  <testcase name="testBucketQuota(ReplicationConfig)[3]" classname="org.apache.hadoop.ozone.client.rpc.TestSecureOzoneRpcClient" time="6.354">
    <system-out><![CDATA[2022-05-24 20:48:50,800 [Listener at 127.0.0.1/44485] INFO  rpc.RpcClient (RpcClient.java:createVolume(457)) - Creating Volume: b2e121f5-e595-468b-95ef-6cf2063bb288, with runner as owner and space quota set to -1 bytes, counts quota set to -1
2022-05-24 20:48:50,802 [OM StateMachine ApplyTransaction Thread - 0] INFO  volume.OMVolumeCreateRequest (OMVolumeCreateRequest.java:validateAndUpdateCache(195)) - created volume:b2e121f5-e595-468b-95ef-6cf2063bb288 for user:runner
2022-05-24 20:48:50,804 [Listener at 127.0.0.1/44485] INFO  rpc.RpcClient (RpcClient.java:createBucket(646)) - Creating Bucket: b2e121f5-e595-468b-95ef-6cf2063bb288/81c9ce22-5ddc-4542-9518-2878278b8fb6, with runner as owner and Versioning false and Storage Type set to DISK and Encryption set to false 
2022-05-24 20:48:50,806 [OM StateMachine ApplyTransaction Thread - 0] INFO  bucket.OMBucketCreateRequest (OMBucketCreateRequest.java:validateAndUpdateCache(258)) - created bucket: 81c9ce22-5ddc-4542-9518-2878278b8fb6 of layout LEGACY in volume: b2e121f5-e595-468b-95ef-6cf2063bb288
2022-05-24 20:48:50,812 [IPC Server handler 1 on default port 44411] INFO  pipeline.PipelineStateManagerImpl (PipelineStateManagerImpl.java:addPipeline(101)) - Created pipeline Pipeline[ Id: 1ad419d1-0159-4c58-95f1-cb3361d577ae, Nodes: 2d640a7f-eabf-4d86-860e-09f863e1ed92{ip: 10.1.0.30, host: fv-az122-930.eh24crq5omsuteaqbma5cv3ijc.phxx.internal.cloudapp.net, ports: [REPLICATION=35083, RATIS=32775, RATIS_ADMIN=32775, RATIS_SERVER=32775, STANDALONE=41593], networkLocation: /default-rack, certSerialId: null, persistedOpState: null, persistedOpStateExpiryEpochSec: 0}cdeff73f-0c88-4976-9d3a-8f87b3ebca92{ip: 10.1.0.30, host: fv-az122-930.eh24crq5omsuteaqbma5cv3ijc.phxx.internal.cloudapp.net, ports: [REPLICATION=42185, RATIS=44465, RATIS_ADMIN=44465, RATIS_SERVER=44465, STANDALONE=42789], networkLocation: /default-rack, certSerialId: null, persistedOpState: null, persistedOpStateExpiryEpochSec: 0}01e7dfcd-082b-401a-ab9e-a677cf0851a6{ip: 10.1.0.30, host: fv-az122-930.eh24crq5omsuteaqbma5cv3ijc.phxx.internal.cloudapp.net, ports: [REPLICATION=39053, RATIS=34373, RATIS_ADMIN=34373, RATIS_SERVER=34373, STANDALONE=39291], networkLocation: /default-rack, certSerialId: null, persistedOpState: null, persistedOpStateExpiryEpochSec: 0}bb19d869-0de0-4670-950d-961bc103e91c{ip: 10.1.0.30, host: fv-az122-930.eh24crq5omsuteaqbma5cv3ijc.phxx.internal.cloudapp.net, ports: [REPLICATION=40213, RATIS=46641, RATIS_ADMIN=46641, RATIS_SERVER=46641, STANDALONE=35483], networkLocation: /default-rack, certSerialId: null, persistedOpState: null, persistedOpStateExpiryEpochSec: 0}9fafcebc-4ec8-4b2f-921e-361fad102aa9{ip: 10.1.0.30, host: fv-az122-930.eh24crq5omsuteaqbma5cv3ijc.phxx.internal.cloudapp.net, ports: [REPLICATION=38503, RATIS=37523, RATIS_ADMIN=37523, RATIS_SERVER=37523, STANDALONE=45215], networkLocation: /default-rack, certSerialId: null, persistedOpState: null, persistedOpStateExpiryEpochSec: 0}, ReplicationConfig: EC/ECReplicationConfig{data=3, parity=2, ecChunkSize=1048576, codec=rs}, State:ALLOCATED, leaderId:, CreationTimestamp2022-05-24T20:48:50.812Z[Etc/UTC]].
2022-05-24 20:48:50,813 [IPC Server handler 1 on default port 44411] INFO  pipeline.PipelineManagerImpl (PipelineManagerImpl.java:openPipeline(336)) - Pipeline Pipeline[ Id: 1ad419d1-0159-4c58-95f1-cb3361d577ae, Nodes: 2d640a7f-eabf-4d86-860e-09f863e1ed92{ip: 10.1.0.30, host: fv-az122-930.eh24crq5omsuteaqbma5cv3ijc.phxx.internal.cloudapp.net, ports: [REPLICATION=35083, RATIS=32775, RATIS_ADMIN=32775, RATIS_SERVER=32775, STANDALONE=41593], networkLocation: /default-rack, certSerialId: null, persistedOpState: null, persistedOpStateExpiryEpochSec: 0}cdeff73f-0c88-4976-9d3a-8f87b3ebca92{ip: 10.1.0.30, host: fv-az122-930.eh24crq5omsuteaqbma5cv3ijc.phxx.internal.cloudapp.net, ports: [REPLICATION=42185, RATIS=44465, RATIS_ADMIN=44465, RATIS_SERVER=44465, STANDALONE=42789], networkLocation: /default-rack, certSerialId: null, persistedOpState: null, persistedOpStateExpiryEpochSec: 0}01e7dfcd-082b-401a-ab9e-a677cf0851a6{ip: 10.1.0.30, host: fv-az122-930.eh24crq5omsuteaqbma5cv3ijc.phxx.internal.cloudapp.net, ports: [REPLICATION=39053, RATIS=34373, RATIS_ADMIN=34373, RATIS_SERVER=34373, STANDALONE=39291], networkLocation: /default-rack, certSerialId: null, persistedOpState: null, persistedOpStateExpiryEpochSec: 0}bb19d869-0de0-4670-950d-961bc103e91c{ip: 10.1.0.30, host: fv-az122-930.eh24crq5omsuteaqbma5cv3ijc.phxx.internal.cloudapp.net, ports: [REPLICATION=40213, RATIS=46641, RATIS_ADMIN=46641, RATIS_SERVER=46641, STANDALONE=35483], networkLocation: /default-rack, certSerialId: null, persistedOpState: null, persistedOpStateExpiryEpochSec: 0}9fafcebc-4ec8-4b2f-921e-361fad102aa9{ip: 10.1.0.30, host: fv-az122-930.eh24crq5omsuteaqbma5cv3ijc.phxx.internal.cloudapp.net, ports: [REPLICATION=38503, RATIS=37523, RATIS_ADMIN=37523, RATIS_SERVER=37523, STANDALONE=45215], networkLocation: /default-rack, certSerialId: null, persistedOpState: null, persistedOpStateExpiryEpochSec: 0}, ReplicationConfig: EC/ECReplicationConfig{data=3, parity=2, ecChunkSize=1048576, codec=rs}, State:ALLOCATED, leaderId:, CreationTimestamp2022-05-24T20:48:50.812Z[Etc/UTC]] moved to OPEN state
2022-05-24 20:48:50,851 [Listener at 127.0.0.1/44485] WARN  erasurecode.ErasureCodeNative (ErasureCodeNative.java:<clinit>(55)) - ISA-L support is not available in your platform... using builtin-java codec where applicable
2022-05-24 20:48:50,957 [IPC Server handler 5 on default port 44411] INFO  pipeline.PipelineStateManagerImpl (PipelineStateManagerImpl.java:addPipeline(101)) - Created pipeline Pipeline[ Id: 1730e0d7-83b7-4208-9d78-6a202ae270e5, Nodes: 2d640a7f-eabf-4d86-860e-09f863e1ed92{ip: 10.1.0.30, host: fv-az122-930.eh24crq5omsuteaqbma5cv3ijc.phxx.internal.cloudapp.net, ports: [REPLICATION=35083, RATIS=32775, RATIS_ADMIN=32775, RATIS_SERVER=32775, STANDALONE=41593], networkLocation: /default-rack, certSerialId: null, persistedOpState: null, persistedOpStateExpiryEpochSec: 0}96b502b3-baca-4757-9843-c23b848e6fef{ip: 10.1.0.30, host: fv-az122-930.eh24crq5omsuteaqbma5cv3ijc.phxx.internal.cloudapp.net, ports: [REPLICATION=43881, RATIS=43169, RATIS_ADMIN=43169, RATIS_SERVER=43169, STANDALONE=35809], networkLocation: /default-rack, certSerialId: null, persistedOpState: null, persistedOpStateExpiryEpochSec: 0}2fee1640-d3c9-493e-8933-b41673c21aaf{ip: 10.1.0.30, host: fv-az122-930.eh24crq5omsuteaqbma5cv3ijc.phxx.internal.cloudapp.net, ports: [REPLICATION=40513, RATIS=36361, RATIS_ADMIN=36361, RATIS_SERVER=36361, STANDALONE=39083], networkLocation: /default-rack, certSerialId: null, persistedOpState: null, persistedOpStateExpiryEpochSec: 0}a6e30353-377f-4b2f-bee2-e66a44f5bcb3{ip: 10.1.0.30, host: fv-az122-930.eh24crq5omsuteaqbma5cv3ijc.phxx.internal.cloudapp.net, ports: [REPLICATION=37935, RATIS=42857, RATIS_ADMIN=42857, RATIS_SERVER=42857, STANDALONE=38041], networkLocation: /default-rack, certSerialId: null, persistedOpState: null, persistedOpStateExpiryEpochSec: 0}bb19d869-0de0-4670-950d-961bc103e91c{ip: 10.1.0.30, host: fv-az122-930.eh24crq5omsuteaqbma5cv3ijc.phxx.internal.cloudapp.net, ports: [REPLICATION=40213, RATIS=46641, RATIS_ADMIN=46641, RATIS_SERVER=46641, STANDALONE=35483], networkLocation: /default-rack, certSerialId: null, persistedOpState: null, persistedOpStateExpiryEpochSec: 0}, ReplicationConfig: EC/ECReplicationConfig{data=3, parity=2, ecChunkSize=1048576, codec=rs}, State:ALLOCATED, leaderId:, CreationTimestamp2022-05-24T20:48:50.957Z[Etc/UTC]].
2022-05-24 20:48:50,958 [IPC Server handler 5 on default port 44411] INFO  pipeline.PipelineManagerImpl (PipelineManagerImpl.java:openPipeline(336)) - Pipeline Pipeline[ Id: 1730e0d7-83b7-4208-9d78-6a202ae270e5, Nodes: 2d640a7f-eabf-4d86-860e-09f863e1ed92{ip: 10.1.0.30, host: fv-az122-930.eh24crq5omsuteaqbma5cv3ijc.phxx.internal.cloudapp.net, ports: [REPLICATION=35083, RATIS=32775, RATIS_ADMIN=32775, RATIS_SERVER=32775, STANDALONE=41593], networkLocation: /default-rack, certSerialId: null, persistedOpState: null, persistedOpStateExpiryEpochSec: 0}96b502b3-baca-4757-9843-c23b848e6fef{ip: 10.1.0.30, host: fv-az122-930.eh24crq5omsuteaqbma5cv3ijc.phxx.internal.cloudapp.net, ports: [REPLICATION=43881, RATIS=43169, RATIS_ADMIN=43169, RATIS_SERVER=43169, STANDALONE=35809], networkLocation: /default-rack, certSerialId: null, persistedOpState: null, persistedOpStateExpiryEpochSec: 0}2fee1640-d3c9-493e-8933-b41673c21aaf{ip: 10.1.0.30, host: fv-az122-930.eh24crq5omsuteaqbma5cv3ijc.phxx.internal.cloudapp.net, ports: [REPLICATION=40513, RATIS=36361, RATIS_ADMIN=36361, RATIS_SERVER=36361, STANDALONE=39083], networkLocation: /default-rack, certSerialId: null, persistedOpState: null, persistedOpStateExpiryEpochSec: 0}a6e30353-377f-4b2f-bee2-e66a44f5bcb3{ip: 10.1.0.30, host: fv-az122-930.eh24crq5omsuteaqbma5cv3ijc.phxx.internal.cloudapp.net, ports: [REPLICATION=37935, RATIS=42857, RATIS_ADMIN=42857, RATIS_SERVER=42857, STANDALONE=38041], networkLocation: /default-rack, certSerialId: null, persistedOpState: null, persistedOpStateExpiryEpochSec: 0}bb19d869-0de0-4670-950d-961bc103e91c{ip: 10.1.0.30, host: fv-az122-930.eh24crq5omsuteaqbma5cv3ijc.phxx.internal.cloudapp.net, ports: [REPLICATION=40213, RATIS=46641, RATIS_ADMIN=46641, RATIS_SERVER=46641, STANDALONE=35483], networkLocation: /default-rack, certSerialId: null, persistedOpState: null, persistedOpStateExpiryEpochSec: 0}, ReplicationConfig: EC/ECReplicationConfig{data=3, parity=2, ecChunkSize=1048576, codec=rs}, State:ALLOCATED, leaderId:, CreationTimestamp2022-05-24T20:48:50.957Z[Etc/UTC]] moved to OPEN state
2022-05-24 20:48:50,996 [Listener at 127.0.0.1/44485] INFO  rpc.RpcClient (RpcClient.java:createVolume(457)) - Creating Volume: 2bd8e075-e2b7-42e6-9af0-83cd7f1c1597, with runner as owner and space quota set to -1 bytes, counts quota set to -1
2022-05-24 20:48:50,998 [OM StateMachine ApplyTransaction Thread - 0] INFO  volume.OMVolumeCreateRequest (OMVolumeCreateRequest.java:validateAndUpdateCache(195)) - created volume:2bd8e075-e2b7-42e6-9af0-83cd7f1c1597 for user:runner
2022-05-24 20:48:50,999 [Listener at 127.0.0.1/44485] INFO  rpc.RpcClient (RpcClient.java:createBucket(646)) - Creating Bucket: 2bd8e075-e2b7-42e6-9af0-83cd7f1c1597/90ad4559-76b6-41e0-a6e8-83ac3f30debb, with runner as owner and Versioning false and Storage Type set to DISK and Encryption set to false 
2022-05-24 20:48:51,001 [OM StateMachine ApplyTransaction Thread - 0] INFO  bucket.OMBucketCreateRequest (OMBucketCreateRequest.java:validateAndUpdateCache(258)) - created bucket: 90ad4559-76b6-41e0-a6e8-83ac3f30debb of layout LEGACY in volume: 2bd8e075-e2b7-42e6-9af0-83cd7f1c1597
2022-05-24 20:48:51,004 [IPC Server handler 14 on default port 44411] INFO  pipeline.PipelineStateManagerImpl (PipelineStateManagerImpl.java:addPipeline(101)) - Created pipeline Pipeline[ Id: 4d0ad13a-c7fa-4e9f-9d72-2766032a7ac2, Nodes: 01e7dfcd-082b-401a-ab9e-a677cf0851a6{ip: 10.1.0.30, host: fv-az122-930.eh24crq5omsuteaqbma5cv3ijc.phxx.internal.cloudapp.net, ports: [REPLICATION=39053, RATIS=34373, RATIS_ADMIN=34373, RATIS_SERVER=34373, STANDALONE=39291], networkLocation: /default-rack, certSerialId: null, persistedOpState: null, persistedOpStateExpiryEpochSec: 0}96b502b3-baca-4757-9843-c23b848e6fef{ip: 10.1.0.30, host: fv-az122-930.eh24crq5omsuteaqbma5cv3ijc.phxx.internal.cloudapp.net, ports: [REPLICATION=43881, RATIS=43169, RATIS_ADMIN=43169, RATIS_SERVER=43169, STANDALONE=35809], networkLocation: /default-rack, certSerialId: null, persistedOpState: null, persistedOpStateExpiryEpochSec: 0}2fee1640-d3c9-493e-8933-b41673c21aaf{ip: 10.1.0.30, host: fv-az122-930.eh24crq5omsuteaqbma5cv3ijc.phxx.internal.cloudapp.net, ports: [REPLICATION=40513, RATIS=36361, RATIS_ADMIN=36361, RATIS_SERVER=36361, STANDALONE=39083], networkLocation: /default-rack, certSerialId: null, persistedOpState: null, persistedOpStateExpiryEpochSec: 0}bb19d869-0de0-4670-950d-961bc103e91c{ip: 10.1.0.30, host: fv-az122-930.eh24crq5omsuteaqbma5cv3ijc.phxx.internal.cloudapp.net, ports: [REPLICATION=40213, RATIS=46641, RATIS_ADMIN=46641, RATIS_SERVER=46641, STANDALONE=35483], networkLocation: /default-rack, certSerialId: null, persistedOpState: null, persistedOpStateExpiryEpochSec: 0}cdeff73f-0c88-4976-9d3a-8f87b3ebca92{ip: 10.1.0.30, host: fv-az122-930.eh24crq5omsuteaqbma5cv3ijc.phxx.internal.cloudapp.net, ports: [REPLICATION=42185, RATIS=44465, RATIS_ADMIN=44465, RATIS_SERVER=44465, STANDALONE=42789], networkLocation: /default-rack, certSerialId: null, persistedOpState: null, persistedOpStateExpiryEpochSec: 0}, ReplicationConfig: EC/ECReplicationConfig{data=3, parity=2, ecChunkSize=1048576, codec=rs}, State:ALLOCATED, leaderId:, CreationTimestamp2022-05-24T20:48:51.004Z[Etc/UTC]].
2022-05-24 20:48:51,005 [IPC Server handler 14 on default port 44411] INFO  pipeline.PipelineManagerImpl (PipelineManagerImpl.java:openPipeline(336)) - Pipeline Pipeline[ Id: 4d0ad13a-c7fa-4e9f-9d72-2766032a7ac2, Nodes: 01e7dfcd-082b-401a-ab9e-a677cf0851a6{ip: 10.1.0.30, host: fv-az122-930.eh24crq5omsuteaqbma5cv3ijc.phxx.internal.cloudapp.net, ports: [REPLICATION=39053, RATIS=34373, RATIS_ADMIN=34373, RATIS_SERVER=34373, STANDALONE=39291], networkLocation: /default-rack, certSerialId: null, persistedOpState: null, persistedOpStateExpiryEpochSec: 0}96b502b3-baca-4757-9843-c23b848e6fef{ip: 10.1.0.30, host: fv-az122-930.eh24crq5omsuteaqbma5cv3ijc.phxx.internal.cloudapp.net, ports: [REPLICATION=43881, RATIS=43169, RATIS_ADMIN=43169, RATIS_SERVER=43169, STANDALONE=35809], networkLocation: /default-rack, certSerialId: null, persistedOpState: null, persistedOpStateExpiryEpochSec: 0}2fee1640-d3c9-493e-8933-b41673c21aaf{ip: 10.1.0.30, host: fv-az122-930.eh24crq5omsuteaqbma5cv3ijc.phxx.internal.cloudapp.net, ports: [REPLICATION=40513, RATIS=36361, RATIS_ADMIN=36361, RATIS_SERVER=36361, STANDALONE=39083], networkLocation: /default-rack, certSerialId: null, persistedOpState: null, persistedOpStateExpiryEpochSec: 0}bb19d869-0de0-4670-950d-961bc103e91c{ip: 10.1.0.30, host: fv-az122-930.eh24crq5omsuteaqbma5cv3ijc.phxx.internal.cloudapp.net, ports: [REPLICATION=40213, RATIS=46641, RATIS_ADMIN=46641, RATIS_SERVER=46641, STANDALONE=35483], networkLocation: /default-rack, certSerialId: null, persistedOpState: null, persistedOpStateExpiryEpochSec: 0}cdeff73f-0c88-4976-9d3a-8f87b3ebca92{ip: 10.1.0.30, host: fv-az122-930.eh24crq5omsuteaqbma5cv3ijc.phxx.internal.cloudapp.net, ports: [REPLICATION=42185, RATIS=44465, RATIS_ADMIN=44465, RATIS_SERVER=44465, STANDALONE=42789], networkLocation: /default-rack, certSerialId: null, persistedOpState: null, persistedOpStateExpiryEpochSec: 0}, ReplicationConfig: EC/ECReplicationConfig{data=3, parity=2, ecChunkSize=1048576, codec=rs}, State:ALLOCATED, leaderId:, CreationTimestamp2022-05-24T20:48:51.004Z[Etc/UTC]] moved to OPEN state
2022-05-24 20:48:52,260 [IPC Server handler 16 on default port 44411] INFO  pipeline.PipelineStateManagerImpl (PipelineStateManagerImpl.java:addPipeline(101)) - Created pipeline Pipeline[ Id: 21d37de5-f146-4d11-9f52-d29223512fe9, Nodes: cdeff73f-0c88-4976-9d3a-8f87b3ebca92{ip: 10.1.0.30, host: fv-az122-930.eh24crq5omsuteaqbma5cv3ijc.phxx.internal.cloudapp.net, ports: [REPLICATION=42185, RATIS=44465, RATIS_ADMIN=44465, RATIS_SERVER=44465, STANDALONE=42789], networkLocation: /default-rack, certSerialId: null, persistedOpState: null, persistedOpStateExpiryEpochSec: 0}01e7dfcd-082b-401a-ab9e-a677cf0851a6{ip: 10.1.0.30, host: fv-az122-930.eh24crq5omsuteaqbma5cv3ijc.phxx.internal.cloudapp.net, ports: [REPLICATION=39053, RATIS=34373, RATIS_ADMIN=34373, RATIS_SERVER=34373, STANDALONE=39291], networkLocation: /default-rack, certSerialId: null, persistedOpState: null, persistedOpStateExpiryEpochSec: 0}a6e30353-377f-4b2f-bee2-e66a44f5bcb3{ip: 10.1.0.30, host: fv-az122-930.eh24crq5omsuteaqbma5cv3ijc.phxx.internal.cloudapp.net, ports: [REPLICATION=37935, RATIS=42857, RATIS_ADMIN=42857, RATIS_SERVER=42857, STANDALONE=38041], networkLocation: /default-rack, certSerialId: null, persistedOpState: null, persistedOpStateExpiryEpochSec: 0}51ab8667-e0eb-4b1b-8092-cca2eecc2449{ip: 10.1.0.30, host: fv-az122-930.eh24crq5omsuteaqbma5cv3ijc.phxx.internal.cloudapp.net, ports: [REPLICATION=34887, RATIS=46251, RATIS_ADMIN=46251, RATIS_SERVER=46251, STANDALONE=34069], networkLocation: /default-rack, certSerialId: null, persistedOpState: null, persistedOpStateExpiryEpochSec: 0}2d640a7f-eabf-4d86-860e-09f863e1ed92{ip: 10.1.0.30, host: fv-az122-930.eh24crq5omsuteaqbma5cv3ijc.phxx.internal.cloudapp.net, ports: [REPLICATION=35083, RATIS=32775, RATIS_ADMIN=32775, RATIS_SERVER=32775, STANDALONE=41593], networkLocation: /default-rack, certSerialId: null, persistedOpState: null, persistedOpStateExpiryEpochSec: 0}, ReplicationConfig: EC/ECReplicationConfig{data=3, parity=2, ecChunkSize=1048576, codec=rs}, State:ALLOCATED, leaderId:, CreationTimestamp2022-05-24T20:48:52.260Z[Etc/UTC]].
2022-05-24 20:48:52,261 [IPC Server handler 16 on default port 44411] INFO  pipeline.PipelineManagerImpl (PipelineManagerImpl.java:openPipeline(336)) - Pipeline Pipeline[ Id: 21d37de5-f146-4d11-9f52-d29223512fe9, Nodes: cdeff73f-0c88-4976-9d3a-8f87b3ebca92{ip: 10.1.0.30, host: fv-az122-930.eh24crq5omsuteaqbma5cv3ijc.phxx.internal.cloudapp.net, ports: [REPLICATION=42185, RATIS=44465, RATIS_ADMIN=44465, RATIS_SERVER=44465, STANDALONE=42789], networkLocation: /default-rack, certSerialId: null, persistedOpState: null, persistedOpStateExpiryEpochSec: 0}01e7dfcd-082b-401a-ab9e-a677cf0851a6{ip: 10.1.0.30, host: fv-az122-930.eh24crq5omsuteaqbma5cv3ijc.phxx.internal.cloudapp.net, ports: [REPLICATION=39053, RATIS=34373, RATIS_ADMIN=34373, RATIS_SERVER=34373, STANDALONE=39291], networkLocation: /default-rack, certSerialId: null, persistedOpState: null, persistedOpStateExpiryEpochSec: 0}a6e30353-377f-4b2f-bee2-e66a44f5bcb3{ip: 10.1.0.30, host: fv-az122-930.eh24crq5omsuteaqbma5cv3ijc.phxx.internal.cloudapp.net, ports: [REPLICATION=37935, RATIS=42857, RATIS_ADMIN=42857, RATIS_SERVER=42857, STANDALONE=38041], networkLocation: /default-rack, certSerialId: null, persistedOpState: null, persistedOpStateExpiryEpochSec: 0}51ab8667-e0eb-4b1b-8092-cca2eecc2449{ip: 10.1.0.30, host: fv-az122-930.eh24crq5omsuteaqbma5cv3ijc.phxx.internal.cloudapp.net, ports: [REPLICATION=34887, RATIS=46251, RATIS_ADMIN=46251, RATIS_SERVER=46251, STANDALONE=34069], networkLocation: /default-rack, certSerialId: null, persistedOpState: null, persistedOpStateExpiryEpochSec: 0}2d640a7f-eabf-4d86-860e-09f863e1ed92{ip: 10.1.0.30, host: fv-az122-930.eh24crq5omsuteaqbma5cv3ijc.phxx.internal.cloudapp.net, ports: [REPLICATION=35083, RATIS=32775, RATIS_ADMIN=32775, RATIS_SERVER=32775, STANDALONE=41593], networkLocation: /default-rack, certSerialId: null, persistedOpState: null, persistedOpStateExpiryEpochSec: 0}, ReplicationConfig: EC/ECReplicationConfig{data=3, parity=2, ecChunkSize=1048576, codec=rs}, State:ALLOCATED, leaderId:, CreationTimestamp2022-05-24T20:48:52.260Z[Etc/UTC]] moved to OPEN state
2022-05-24 20:48:52,423 [Listener at 127.0.0.1/44485] INFO  rpc.RpcClient (RpcClient.java:createVolume(457)) - Creating Volume: f7028f66-9c0a-4aba-af90-a415faa16f29, with runner as owner and space quota set to -1 bytes, counts quota set to -1
2022-05-24 20:48:52,426 [OM StateMachine ApplyTransaction Thread - 0] INFO  volume.OMVolumeCreateRequest (OMVolumeCreateRequest.java:validateAndUpdateCache(195)) - created volume:f7028f66-9c0a-4aba-af90-a415faa16f29 for user:runner
2022-05-24 20:48:52,428 [Listener at 127.0.0.1/44485] INFO  rpc.RpcClient (RpcClient.java:createBucket(646)) - Creating Bucket: f7028f66-9c0a-4aba-af90-a415faa16f29/8798a59b-9a63-4e4e-bb9d-b0b8e0fc0867, with runner as owner and Versioning false and Storage Type set to DISK and Encryption set to false 
2022-05-24 20:48:52,430 [OM StateMachine ApplyTransaction Thread - 0] INFO  bucket.OMBucketCreateRequest (OMBucketCreateRequest.java:validateAndUpdateCache(258)) - created bucket: 8798a59b-9a63-4e4e-bb9d-b0b8e0fc0867 of layout LEGACY in volume: f7028f66-9c0a-4aba-af90-a415faa16f29
2022-05-24 20:48:52,434 [IPC Server handler 15 on default port 44411] INFO  pipeline.PipelineStateManagerImpl (PipelineStateManagerImpl.java:addPipeline(101)) - Created pipeline Pipeline[ Id: d26daa08-e69d-46b9-895b-c26ea7dae15d, Nodes: 9fafcebc-4ec8-4b2f-921e-361fad102aa9{ip: 10.1.0.30, host: fv-az122-930.eh24crq5omsuteaqbma5cv3ijc.phxx.internal.cloudapp.net, ports: [REPLICATION=38503, RATIS=37523, RATIS_ADMIN=37523, RATIS_SERVER=37523, STANDALONE=45215], networkLocation: /default-rack, certSerialId: null, persistedOpState: null, persistedOpStateExpiryEpochSec: 0}01e7dfcd-082b-401a-ab9e-a677cf0851a6{ip: 10.1.0.30, host: fv-az122-930.eh24crq5omsuteaqbma5cv3ijc.phxx.internal.cloudapp.net, ports: [REPLICATION=39053, RATIS=34373, RATIS_ADMIN=34373, RATIS_SERVER=34373, STANDALONE=39291], networkLocation: /default-rack, certSerialId: null, persistedOpState: null, persistedOpStateExpiryEpochSec: 0}96b502b3-baca-4757-9843-c23b848e6fef{ip: 10.1.0.30, host: fv-az122-930.eh24crq5omsuteaqbma5cv3ijc.phxx.internal.cloudapp.net, ports: [REPLICATION=43881, RATIS=43169, RATIS_ADMIN=43169, RATIS_SERVER=43169, STANDALONE=35809], networkLocation: /default-rack, certSerialId: null, persistedOpState: null, persistedOpStateExpiryEpochSec: 0}2fee1640-d3c9-493e-8933-b41673c21aaf{ip: 10.1.0.30, host: fv-az122-930.eh24crq5omsuteaqbma5cv3ijc.phxx.internal.cloudapp.net, ports: [REPLICATION=40513, RATIS=36361, RATIS_ADMIN=36361, RATIS_SERVER=36361, STANDALONE=39083], networkLocation: /default-rack, certSerialId: null, persistedOpState: null, persistedOpStateExpiryEpochSec: 0}51ab8667-e0eb-4b1b-8092-cca2eecc2449{ip: 10.1.0.30, host: fv-az122-930.eh24crq5omsuteaqbma5cv3ijc.phxx.internal.cloudapp.net, ports: [REPLICATION=34887, RATIS=46251, RATIS_ADMIN=46251, RATIS_SERVER=46251, STANDALONE=34069], networkLocation: /default-rack, certSerialId: null, persistedOpState: null, persistedOpStateExpiryEpochSec: 0}, ReplicationConfig: EC/ECReplicationConfig{data=3, parity=2, ecChunkSize=1048576, codec=rs}, State:ALLOCATED, leaderId:, CreationTimestamp2022-05-24T20:48:52.433Z[Etc/UTC]].
2022-05-24 20:48:52,434 [IPC Server handler 15 on default port 44411] INFO  pipeline.PipelineManagerImpl (PipelineManagerImpl.java:openPipeline(336)) - Pipeline Pipeline[ Id: d26daa08-e69d-46b9-895b-c26ea7dae15d, Nodes: 9fafcebc-4ec8-4b2f-921e-361fad102aa9{ip: 10.1.0.30, host: fv-az122-930.eh24crq5omsuteaqbma5cv3ijc.phxx.internal.cloudapp.net, ports: [REPLICATION=38503, RATIS=37523, RATIS_ADMIN=37523, RATIS_SERVER=37523, STANDALONE=45215], networkLocation: /default-rack, certSerialId: null, persistedOpState: null, persistedOpStateExpiryEpochSec: 0}01e7dfcd-082b-401a-ab9e-a677cf0851a6{ip: 10.1.0.30, host: fv-az122-930.eh24crq5omsuteaqbma5cv3ijc.phxx.internal.cloudapp.net, ports: [REPLICATION=39053, RATIS=34373, RATIS_ADMIN=34373, RATIS_SERVER=34373, STANDALONE=39291], networkLocation: /default-rack, certSerialId: null, persistedOpState: null, persistedOpStateExpiryEpochSec: 0}96b502b3-baca-4757-9843-c23b848e6fef{ip: 10.1.0.30, host: fv-az122-930.eh24crq5omsuteaqbma5cv3ijc.phxx.internal.cloudapp.net, ports: [REPLICATION=43881, RATIS=43169, RATIS_ADMIN=43169, RATIS_SERVER=43169, STANDALONE=35809], networkLocation: /default-rack, certSerialId: null, persistedOpState: null, persistedOpStateExpiryEpochSec: 0}2fee1640-d3c9-493e-8933-b41673c21aaf{ip: 10.1.0.30, host: fv-az122-930.eh24crq5omsuteaqbma5cv3ijc.phxx.internal.cloudapp.net, ports: [REPLICATION=40513, RATIS=36361, RATIS_ADMIN=36361, RATIS_SERVER=36361, STANDALONE=39083], networkLocation: /default-rack, certSerialId: null, persistedOpState: null, persistedOpStateExpiryEpochSec: 0}51ab8667-e0eb-4b1b-8092-cca2eecc2449{ip: 10.1.0.30, host: fv-az122-930.eh24crq5omsuteaqbma5cv3ijc.phxx.internal.cloudapp.net, ports: [REPLICATION=34887, RATIS=46251, RATIS_ADMIN=46251, RATIS_SERVER=46251, STANDALONE=34069], networkLocation: /default-rack, certSerialId: null, persistedOpState: null, persistedOpStateExpiryEpochSec: 0}, ReplicationConfig: EC/ECReplicationConfig{data=3, parity=2, ecChunkSize=1048576, codec=rs}, State:ALLOCATED, leaderId:, CreationTimestamp2022-05-24T20:48:52.433Z[Etc/UTC]] moved to OPEN state
2022-05-24 20:48:53,027 [Listener at 127.0.0.1/44485] INFO  rpc.RpcClient (RpcClient.java:createVolume(457)) - Creating Volume: e89b9b38-08aa-4b73-aa35-c92ce12a2746, with runner as owner and space quota set to -1 bytes, counts quota set to -1
2022-05-24 20:48:53,029 [OM StateMachine ApplyTransaction Thread - 0] INFO  volume.OMVolumeCreateRequest (OMVolumeCreateRequest.java:validateAndUpdateCache(195)) - created volume:e89b9b38-08aa-4b73-aa35-c92ce12a2746 for user:runner
2022-05-24 20:48:53,030 [Listener at 127.0.0.1/44485] INFO  rpc.RpcClient (RpcClient.java:createBucket(646)) - Creating Bucket: e89b9b38-08aa-4b73-aa35-c92ce12a2746/d371fdbf-7fc4-42cb-875a-78babd20f106, with runner as owner and Versioning false and Storage Type set to DISK and Encryption set to false 
2022-05-24 20:48:53,032 [OM StateMachine ApplyTransaction Thread - 0] INFO  bucket.OMBucketCreateRequest (OMBucketCreateRequest.java:validateAndUpdateCache(258)) - created bucket: d371fdbf-7fc4-42cb-875a-78babd20f106 of layout LEGACY in volume: e89b9b38-08aa-4b73-aa35-c92ce12a2746
2022-05-24 20:48:53,286 [Listener at 127.0.0.1/44485] INFO  rpc.RpcClient (RpcClient.java:createVolume(457)) - Creating Volume: 2fb934d1-edc4-40e8-a2f7-494b9b2ec683, with runner as owner and space quota set to -1 bytes, counts quota set to -1
2022-05-24 20:48:53,288 [OM StateMachine ApplyTransaction Thread - 0] INFO  volume.OMVolumeCreateRequest (OMVolumeCreateRequest.java:validateAndUpdateCache(195)) - created volume:2fb934d1-edc4-40e8-a2f7-494b9b2ec683 for user:runner
2022-05-24 20:48:53,289 [Listener at 127.0.0.1/44485] INFO  rpc.RpcClient (RpcClient.java:createBucket(646)) - Creating Bucket: 2fb934d1-edc4-40e8-a2f7-494b9b2ec683/811cb823-519c-43a3-b050-260f47123955, with runner as owner and Versioning false and Storage Type set to DISK and Encryption set to false 
2022-05-24 20:48:53,291 [OM StateMachine ApplyTransaction Thread - 0] INFO  bucket.OMBucketCreateRequest (OMBucketCreateRequest.java:validateAndUpdateCache(258)) - created bucket: 811cb823-519c-43a3-b050-260f47123955 of layout LEGACY in volume: 2fb934d1-edc4-40e8-a2f7-494b9b2ec683
2022-05-24 20:48:53,770 [Listener at 127.0.0.1/44485] INFO  rpc.RpcClient (RpcClient.java:createVolume(457)) - Creating Volume: 5399b618-04e0-4145-904d-4a75164e779e, with runner as owner and space quota set to -1 bytes, counts quota set to -1
2022-05-24 20:48:53,773 [OM StateMachine ApplyTransaction Thread - 0] INFO  volume.OMVolumeCreateRequest (OMVolumeCreateRequest.java:validateAndUpdateCache(195)) - created volume:5399b618-04e0-4145-904d-4a75164e779e for user:runner
2022-05-24 20:48:53,775 [Listener at 127.0.0.1/44485] INFO  rpc.RpcClient (RpcClient.java:createBucket(646)) - Creating Bucket: 5399b618-04e0-4145-904d-4a75164e779e/ce270177-9739-4273-92a3-14ad01e4519b, with runner as owner and Versioning false and Storage Type set to DISK and Encryption set to false 
2022-05-24 20:48:53,777 [OM StateMachine ApplyTransaction Thread - 0] INFO  bucket.OMBucketCreateRequest (OMBucketCreateRequest.java:validateAndUpdateCache(258)) - created bucket: ce270177-9739-4273-92a3-14ad01e4519b of layout LEGACY in volume: 5399b618-04e0-4145-904d-4a75164e779e
2022-05-24 20:48:54,066 [Listener at 127.0.0.1/44485] INFO  rpc.RpcClient (RpcClient.java:createVolume(457)) - Creating Volume: fe4d927f-3ae5-4f94-b1d2-75c7fe919987, with runner as owner and space quota set to -1 bytes, counts quota set to -1
2022-05-24 20:48:54,069 [OM StateMachine ApplyTransaction Thread - 0] INFO  volume.OMVolumeCreateRequest (OMVolumeCreateRequest.java:validateAndUpdateCache(195)) - created volume:fe4d927f-3ae5-4f94-b1d2-75c7fe919987 for user:runner
2022-05-24 20:48:54,070 [Listener at 127.0.0.1/44485] INFO  rpc.RpcClient (RpcClient.java:createBucket(646)) - Creating Bucket: fe4d927f-3ae5-4f94-b1d2-75c7fe919987/7b3a354a-1f46-4ea0-b667-34f271dfc5fb, with runner as owner and Versioning false and Storage Type set to DISK and Encryption set to false 
2022-05-24 20:48:54,071 [OM StateMachine ApplyTransaction Thread - 0] INFO  bucket.OMBucketCreateRequest (OMBucketCreateRequest.java:validateAndUpdateCache(258)) - created bucket: 7b3a354a-1f46-4ea0-b667-34f271dfc5fb of layout LEGACY in volume: fe4d927f-3ae5-4f94-b1d2-75c7fe919987
2022-05-24 20:48:54,546 [Listener at 127.0.0.1/44485] INFO  rpc.RpcClient (RpcClient.java:createVolume(457)) - Creating Volume: 13b300ee-5d97-4a92-983d-3245e58e67fe, with runner as owner and space quota set to -1 bytes, counts quota set to -1
2022-05-24 20:48:54,548 [OM StateMachine ApplyTransaction Thread - 0] INFO  volume.OMVolumeCreateRequest (OMVolumeCreateRequest.java:validateAndUpdateCache(195)) - created volume:13b300ee-5d97-4a92-983d-3245e58e67fe for user:runner
2022-05-24 20:48:54,549 [Listener at 127.0.0.1/44485] INFO  rpc.RpcClient (RpcClient.java:createBucket(646)) - Creating Bucket: 13b300ee-5d97-4a92-983d-3245e58e67fe/66f8122a-a940-455f-9f48-c877a664668c, with runner as owner and Versioning false and Storage Type set to DISK and Encryption set to false 
2022-05-24 20:48:54,551 [OM StateMachine ApplyTransaction Thread - 0] INFO  bucket.OMBucketCreateRequest (OMBucketCreateRequest.java:validateAndUpdateCache(258)) - created bucket: 66f8122a-a940-455f-9f48-c877a664668c of layout LEGACY in volume: 13b300ee-5d97-4a92-983d-3245e58e67fe
2022-05-24 20:48:54,553 [a6e30353-377f-4b2f-bee2-e66a44f5bcb3@group-8B8B16AD1824-FollowerState] INFO  impl.FollowerState (FollowerState.java:run(143)) - a6e30353-377f-4b2f-bee2-e66a44f5bcb3@group-8B8B16AD1824-FollowerState: change to CANDIDATE, lastRpcElapsedTime:5070797776ns, electionTimeout:5068ms
2022-05-24 20:48:54,553 [a6e30353-377f-4b2f-bee2-e66a44f5bcb3@group-8B8B16AD1824-FollowerState] INFO  impl.RoleInfo (RoleInfo.java:shutdownFollowerState(110)) - a6e30353-377f-4b2f-bee2-e66a44f5bcb3: shutdown a6e30353-377f-4b2f-bee2-e66a44f5bcb3@group-8B8B16AD1824-FollowerState
2022-05-24 20:48:54,553 [a6e30353-377f-4b2f-bee2-e66a44f5bcb3@group-8B8B16AD1824-FollowerState] INFO  server.RaftServer$Division (RaftServerImpl.java:setRole(299)) - a6e30353-377f-4b2f-bee2-e66a44f5bcb3@group-8B8B16AD1824: changes role from  FOLLOWER to CANDIDATE at term 2 for changeToCandidate
2022-05-24 20:48:54,553 [a6e30353-377f-4b2f-bee2-e66a44f5bcb3@group-8B8B16AD1824-FollowerState] INFO  server.RaftServerConfigKeys (ConfUtils.java:logGet(46)) - raft.server.leaderelection.pre-vote = false (custom)
2022-05-24 20:48:54,553 [a6e30353-377f-4b2f-bee2-e66a44f5bcb3@group-8B8B16AD1824-FollowerState] INFO  impl.RoleInfo (RoleInfo.java:updateAndGet(139)) - a6e30353-377f-4b2f-bee2-e66a44f5bcb3: start a6e30353-377f-4b2f-bee2-e66a44f5bcb3@group-8B8B16AD1824-LeaderElection27
2022-05-24 20:48:54,567 [a6e30353-377f-4b2f-bee2-e66a44f5bcb3@group-8B8B16AD1824-LeaderElection27] INFO  impl.LeaderElection (LeaderElection.java:askForVotes(310)) - a6e30353-377f-4b2f-bee2-e66a44f5bcb3@group-8B8B16AD1824-LeaderElection27 ELECTION round 0: submit vote requests at term 3 for -1: [cdeff73f-0c88-4976-9d3a-8f87b3ebca92|rpc:10.1.0.30:44465|priority:0, a6e30353-377f-4b2f-bee2-e66a44f5bcb3|rpc:10.1.0.30:42857|priority:0, 51ab8667-e0eb-4b1b-8092-cca2eecc2449|rpc:10.1.0.30:46251|priority:1], old=null
2022-05-24 20:48:54,568 [grpc-default-executor-4] INFO  server.RaftServer$Division (RaftServerImpl.java:requestVote(1152)) - cdeff73f-0c88-4976-9d3a-8f87b3ebca92@group-8B8B16AD1824: receive requestVote(ELECTION, a6e30353-377f-4b2f-bee2-e66a44f5bcb3, group-8B8B16AD1824, 3, (t:0, i:0))
2022-05-24 20:48:54,568 [grpc-default-executor-4] INFO  impl.VoteContext (VoteContext.java:log(48)) - cdeff73f-0c88-4976-9d3a-8f87b3ebca92@group-8B8B16AD1824-FOLLOWER: accept ELECTION from a6e30353-377f-4b2f-bee2-e66a44f5bcb3: our priority 0 <= candidate's priority 0
2022-05-24 20:48:54,568 [grpc-default-executor-4] INFO  server.RaftServer$Division (RaftServerImpl.java:setRole(299)) - cdeff73f-0c88-4976-9d3a-8f87b3ebca92@group-8B8B16AD1824: changes role from  FOLLOWER to FOLLOWER at term 3 for candidate:a6e30353-377f-4b2f-bee2-e66a44f5bcb3
2022-05-24 20:48:54,568 [grpc-default-executor-4] INFO  impl.RoleInfo (RoleInfo.java:shutdownFollowerState(110)) - cdeff73f-0c88-4976-9d3a-8f87b3ebca92: shutdown cdeff73f-0c88-4976-9d3a-8f87b3ebca92@group-8B8B16AD1824-FollowerState
2022-05-24 20:48:54,569 [grpc-default-executor-4] INFO  impl.RoleInfo (RoleInfo.java:updateAndGet(139)) - cdeff73f-0c88-4976-9d3a-8f87b3ebca92: start cdeff73f-0c88-4976-9d3a-8f87b3ebca92@group-8B8B16AD1824-FollowerState
2022-05-24 20:48:54,569 [cdeff73f-0c88-4976-9d3a-8f87b3ebca92@group-8B8B16AD1824-FollowerState] INFO  impl.FollowerState (FollowerState.java:run(152)) - cdeff73f-0c88-4976-9d3a-8f87b3ebca92@group-8B8B16AD1824-FollowerState was interrupted
2022-05-24 20:48:54,569 [grpc-default-executor-3] INFO  server.RaftServer$Division (RaftServerImpl.java:requestVote(1152)) - 51ab8667-e0eb-4b1b-8092-cca2eecc2449@group-8B8B16AD1824: receive requestVote(ELECTION, a6e30353-377f-4b2f-bee2-e66a44f5bcb3, group-8B8B16AD1824, 3, (t:0, i:0))
2022-05-24 20:48:54,569 [grpc-default-executor-3] INFO  impl.VoteContext (VoteContext.java:log(48)) - 51ab8667-e0eb-4b1b-8092-cca2eecc2449@group-8B8B16AD1824-FOLLOWER: reject ELECTION from a6e30353-377f-4b2f-bee2-e66a44f5bcb3: our priority 1 > candidate's priority 0
2022-05-24 20:48:54,569 [grpc-default-executor-3] INFO  server.RaftServer$Division (RaftServerImpl.java:setRole(299)) - 51ab8667-e0eb-4b1b-8092-cca2eecc2449@group-8B8B16AD1824: changes role from  FOLLOWER to FOLLOWER at term 3 for candidate:a6e30353-377f-4b2f-bee2-e66a44f5bcb3
2022-05-24 20:48:54,569 [grpc-default-executor-3] INFO  impl.RoleInfo (RoleInfo.java:shutdownFollowerState(110)) - 51ab8667-e0eb-4b1b-8092-cca2eecc2449: shutdown 51ab8667-e0eb-4b1b-8092-cca2eecc2449@group-8B8B16AD1824-FollowerState
2022-05-24 20:48:54,580 [grpc-default-executor-3] INFO  impl.RoleInfo (RoleInfo.java:updateAndGet(139)) - 51ab8667-e0eb-4b1b-8092-cca2eecc2449: start 51ab8667-e0eb-4b1b-8092-cca2eecc2449@group-8B8B16AD1824-FollowerState
2022-05-24 20:48:54,582 [grpc-default-executor-4] INFO  server.RaftServer$Division (RaftServerImpl.java:requestVote(1184)) - cdeff73f-0c88-4976-9d3a-8f87b3ebca92@group-8B8B16AD1824 replies to ELECTION vote request: a6e30353-377f-4b2f-bee2-e66a44f5bcb3<-cdeff73f-0c88-4976-9d3a-8f87b3ebca92#0:OK-t3. Peer's state: cdeff73f-0c88-4976-9d3a-8f87b3ebca92@group-8B8B16AD1824:t3, leader=null, voted=a6e30353-377f-4b2f-bee2-e66a44f5bcb3, raftlog=cdeff73f-0c88-4976-9d3a-8f87b3ebca92@group-8B8B16AD1824-SegmentedRaftLog:OPENED:c-1, conf=-1: [cdeff73f-0c88-4976-9d3a-8f87b3ebca92|rpc:10.1.0.30:44465|dataStream:|priority:0, a6e30353-377f-4b2f-bee2-e66a44f5bcb3|rpc:10.1.0.30:42857|dataStream:|priority:0, 51ab8667-e0eb-4b1b-8092-cca2eecc2449|rpc:10.1.0.30:46251|dataStream:|priority:1], old=null
2022-05-24 20:48:54,583 [51ab8667-e0eb-4b1b-8092-cca2eecc2449@group-8B8B16AD1824-FollowerState] INFO  impl.FollowerState (FollowerState.java:run(152)) - 51ab8667-e0eb-4b1b-8092-cca2eecc2449@group-8B8B16AD1824-FollowerState was interrupted
2022-05-24 20:48:54,593 [grpc-default-executor-3] INFO  server.RaftServer$Division (RaftServerImpl.java:requestVote(1184)) - 51ab8667-e0eb-4b1b-8092-cca2eecc2449@group-8B8B16AD1824 replies to ELECTION vote request: a6e30353-377f-4b2f-bee2-e66a44f5bcb3<-51ab8667-e0eb-4b1b-8092-cca2eecc2449#0:FAIL-t3. Peer's state: 51ab8667-e0eb-4b1b-8092-cca2eecc2449@group-8B8B16AD1824:t3, leader=null, voted=null, raftlog=51ab8667-e0eb-4b1b-8092-cca2eecc2449@group-8B8B16AD1824-SegmentedRaftLog:OPENED:c-1, conf=-1: [cdeff73f-0c88-4976-9d3a-8f87b3ebca92|rpc:10.1.0.30:44465|dataStream:|priority:0, a6e30353-377f-4b2f-bee2-e66a44f5bcb3|rpc:10.1.0.30:42857|dataStream:|priority:0, 51ab8667-e0eb-4b1b-8092-cca2eecc2449|rpc:10.1.0.30:46251|dataStream:|priority:1], old=null
2022-05-24 20:48:54,593 [a6e30353-377f-4b2f-bee2-e66a44f5bcb3@group-8B8B16AD1824-LeaderElection27] INFO  impl.LeaderElection (LeaderElection.java:logAndReturn(90)) - a6e30353-377f-4b2f-bee2-e66a44f5bcb3@group-8B8B16AD1824-LeaderElection27: ELECTION REJECTED received 2 response(s) and 0 exception(s):
2022-05-24 20:48:54,593 [a6e30353-377f-4b2f-bee2-e66a44f5bcb3@group-8B8B16AD1824-LeaderElection27] INFO  impl.LeaderElection (LeaderElection.java:logAndReturn(94)) -   Response 0: a6e30353-377f-4b2f-bee2-e66a44f5bcb3<-cdeff73f-0c88-4976-9d3a-8f87b3ebca92#0:OK-t3
2022-05-24 20:48:54,593 [a6e30353-377f-4b2f-bee2-e66a44f5bcb3@group-8B8B16AD1824-LeaderElection27] INFO  impl.LeaderElection (LeaderElection.java:logAndReturn(94)) -   Response 1: a6e30353-377f-4b2f-bee2-e66a44f5bcb3<-51ab8667-e0eb-4b1b-8092-cca2eecc2449#0:FAIL-t3
2022-05-24 20:48:54,593 [a6e30353-377f-4b2f-bee2-e66a44f5bcb3@group-8B8B16AD1824-LeaderElection27] INFO  impl.LeaderElection (LeaderElection.java:askForVotes(312)) - a6e30353-377f-4b2f-bee2-e66a44f5bcb3@group-8B8B16AD1824-LeaderElection27 ELECTION round 0: result REJECTED
2022-05-24 20:48:54,593 [a6e30353-377f-4b2f-bee2-e66a44f5bcb3@group-8B8B16AD1824-LeaderElection27] INFO  server.RaftServer$Division (RaftServerImpl.java:setRole(299)) - a6e30353-377f-4b2f-bee2-e66a44f5bcb3@group-8B8B16AD1824: changes role from CANDIDATE to FOLLOWER at term 3 for REJECTED
2022-05-24 20:48:54,593 [a6e30353-377f-4b2f-bee2-e66a44f5bcb3@group-8B8B16AD1824-LeaderElection27] INFO  impl.RoleInfo (RoleInfo.java:shutdownLeaderElection(130)) - a6e30353-377f-4b2f-bee2-e66a44f5bcb3: shutdown a6e30353-377f-4b2f-bee2-e66a44f5bcb3@group-8B8B16AD1824-LeaderElection27
2022-05-24 20:48:54,593 [a6e30353-377f-4b2f-bee2-e66a44f5bcb3@group-8B8B16AD1824-LeaderElection27] INFO  impl.RoleInfo (RoleInfo.java:updateAndGet(139)) - a6e30353-377f-4b2f-bee2-e66a44f5bcb3: start a6e30353-377f-4b2f-bee2-e66a44f5bcb3@group-8B8B16AD1824-FollowerState
2022-05-24 20:48:54,693 [51ab8667-e0eb-4b1b-8092-cca2eecc2449@group-4FEAA70A9A47-FollowerState] INFO  impl.FollowerState (FollowerState.java:run(143)) - 51ab8667-e0eb-4b1b-8092-cca2eecc2449@group-4FEAA70A9A47-FollowerState: change to CANDIDATE, lastRpcElapsedTime:5041667257ns, electionTimeout:5036ms
2022-05-24 20:48:54,694 [51ab8667-e0eb-4b1b-8092-cca2eecc2449@group-4FEAA70A9A47-FollowerState] INFO  impl.RoleInfo (RoleInfo.java:shutdownFollowerState(110)) - 51ab8667-e0eb-4b1b-8092-cca2eecc2449: shutdown 51ab8667-e0eb-4b1b-8092-cca2eecc2449@group-4FEAA70A9A47-FollowerState
2022-05-24 20:48:54,694 [51ab8667-e0eb-4b1b-8092-cca2eecc2449@group-4FEAA70A9A47-FollowerState] INFO  server.RaftServer$Division (RaftServerImpl.java:setRole(299)) - 51ab8667-e0eb-4b1b-8092-cca2eecc2449@group-4FEAA70A9A47: changes role from  FOLLOWER to CANDIDATE at term 2 for changeToCandidate
2022-05-24 20:48:54,694 [51ab8667-e0eb-4b1b-8092-cca2eecc2449@group-4FEAA70A9A47-FollowerState] INFO  server.RaftServerConfigKeys (ConfUtils.java:logGet(46)) - raft.server.leaderelection.pre-vote = false (custom)
2022-05-24 20:48:54,694 [51ab8667-e0eb-4b1b-8092-cca2eecc2449@group-4FEAA70A9A47-FollowerState] INFO  impl.RoleInfo (RoleInfo.java:updateAndGet(139)) - 51ab8667-e0eb-4b1b-8092-cca2eecc2449: start 51ab8667-e0eb-4b1b-8092-cca2eecc2449@group-4FEAA70A9A47-LeaderElection28
2022-05-24 20:48:54,725 [cdeff73f-0c88-4976-9d3a-8f87b3ebca92@group-4FEAA70A9A47-FollowerState] INFO  impl.FollowerState (FollowerState.java:run(143)) - cdeff73f-0c88-4976-9d3a-8f87b3ebca92@group-4FEAA70A9A47-FollowerState: change to CANDIDATE, lastRpcElapsedTime:5079899213ns, electionTimeout:5062ms
2022-05-24 20:48:54,725 [cdeff73f-0c88-4976-9d3a-8f87b3ebca92@group-4FEAA70A9A47-FollowerState] INFO  impl.RoleInfo (RoleInfo.java:shutdownFollowerState(110)) - cdeff73f-0c88-4976-9d3a-8f87b3ebca92: shutdown cdeff73f-0c88-4976-9d3a-8f87b3ebca92@group-4FEAA70A9A47-FollowerState
2022-05-24 20:48:54,725 [cdeff73f-0c88-4976-9d3a-8f87b3ebca92@group-4FEAA70A9A47-FollowerState] INFO  server.RaftServer$Division (RaftServerImpl.java:setRole(299)) - cdeff73f-0c88-4976-9d3a-8f87b3ebca92@group-4FEAA70A9A47: changes role from  FOLLOWER to CANDIDATE at term 2 for changeToCandidate
2022-05-24 20:48:54,725 [cdeff73f-0c88-4976-9d3a-8f87b3ebca92@group-4FEAA70A9A47-FollowerState] INFO  server.RaftServerConfigKeys (ConfUtils.java:logGet(46)) - raft.server.leaderelection.pre-vote = false (custom)
2022-05-24 20:48:54,725 [cdeff73f-0c88-4976-9d3a-8f87b3ebca92@group-4FEAA70A9A47-FollowerState] INFO  impl.RoleInfo (RoleInfo.java:updateAndGet(139)) - cdeff73f-0c88-4976-9d3a-8f87b3ebca92: start cdeff73f-0c88-4976-9d3a-8f87b3ebca92@group-4FEAA70A9A47-LeaderElection29
2022-05-24 20:48:54,727 [51ab8667-e0eb-4b1b-8092-cca2eecc2449@group-4FEAA70A9A47-LeaderElection28] INFO  impl.LeaderElection (LeaderElection.java:askForVotes(310)) - 51ab8667-e0eb-4b1b-8092-cca2eecc2449@group-4FEAA70A9A47-LeaderElection28 ELECTION round 0: submit vote requests at term 3 for -1: [a6e30353-377f-4b2f-bee2-e66a44f5bcb3|rpc:10.1.0.30:42857|dataStream:|priority:0, cdeff73f-0c88-4976-9d3a-8f87b3ebca92|rpc:10.1.0.30:44465|dataStream:|priority:1, 51ab8667-e0eb-4b1b-8092-cca2eecc2449|rpc:10.1.0.30:46251|dataStream:|priority:0], old=null
2022-05-24 20:48:54,737 [cdeff73f-0c88-4976-9d3a-8f87b3ebca92@group-4FEAA70A9A47-LeaderElection29] INFO  impl.LeaderElection (LeaderElection.java:askForVotes(310)) - cdeff73f-0c88-4976-9d3a-8f87b3ebca92@group-4FEAA70A9A47-LeaderElection29 ELECTION round 0: submit vote requests at term 3 for -1: [a6e30353-377f-4b2f-bee2-e66a44f5bcb3|rpc:10.1.0.30:42857|dataStream:|priority:0, cdeff73f-0c88-4976-9d3a-8f87b3ebca92|rpc:10.1.0.30:44465|dataStream:|priority:1, 51ab8667-e0eb-4b1b-8092-cca2eecc2449|rpc:10.1.0.30:46251|dataStream:|priority:0], old=null
2022-05-24 20:48:54,737 [grpc-default-executor-3] INFO  server.RaftServer$Division (RaftServerImpl.java:requestVote(1152)) - a6e30353-377f-4b2f-bee2-e66a44f5bcb3@group-4FEAA70A9A47: receive requestVote(ELECTION, 51ab8667-e0eb-4b1b-8092-cca2eecc2449, group-4FEAA70A9A47, 3, (t:0, i:0))
2022-05-24 20:48:54,738 [grpc-default-executor-3] INFO  impl.VoteContext (VoteContext.java:log(48)) - a6e30353-377f-4b2f-bee2-e66a44f5bcb3@group-4FEAA70A9A47-FOLLOWER: accept ELECTION from 51ab8667-e0eb-4b1b-8092-cca2eecc2449: our priority 0 <= candidate's priority 0
2022-05-24 20:48:54,738 [grpc-default-executor-3] INFO  server.RaftServer$Division (RaftServerImpl.java:setRole(299)) - a6e30353-377f-4b2f-bee2-e66a44f5bcb3@group-4FEAA70A9A47: changes role from  FOLLOWER to FOLLOWER at term 3 for candidate:51ab8667-e0eb-4b1b-8092-cca2eecc2449
2022-05-24 20:48:54,738 [grpc-default-executor-3] INFO  impl.RoleInfo (RoleInfo.java:shutdownFollowerState(110)) - a6e30353-377f-4b2f-bee2-e66a44f5bcb3: shutdown a6e30353-377f-4b2f-bee2-e66a44f5bcb3@group-4FEAA70A9A47-FollowerState
2022-05-24 20:48:54,739 [grpc-default-executor-3] INFO  impl.RoleInfo (RoleInfo.java:updateAndGet(139)) - a6e30353-377f-4b2f-bee2-e66a44f5bcb3: start a6e30353-377f-4b2f-bee2-e66a44f5bcb3@group-4FEAA70A9A47-FollowerState
2022-05-24 20:48:54,739 [a6e30353-377f-4b2f-bee2-e66a44f5bcb3@group-4FEAA70A9A47-FollowerState] INFO  impl.FollowerState (FollowerState.java:run(152)) - a6e30353-377f-4b2f-bee2-e66a44f5bcb3@group-4FEAA70A9A47-FollowerState was interrupted
2022-05-24 20:48:54,740 [grpc-default-executor-0] INFO  server.RaftServer$Division (RaftServerImpl.java:requestVote(1152)) - cdeff73f-0c88-4976-9d3a-8f87b3ebca92@group-4FEAA70A9A47: receive requestVote(ELECTION, 51ab8667-e0eb-4b1b-8092-cca2eecc2449, group-4FEAA70A9A47, 3, (t:0, i:0))
2022-05-24 20:48:54,740 [grpc-default-executor-0] INFO  impl.VoteContext (VoteContext.java:log(48)) - cdeff73f-0c88-4976-9d3a-8f87b3ebca92@group-4FEAA70A9A47-CANDIDATE: reject ELECTION from 51ab8667-e0eb-4b1b-8092-cca2eecc2449: already has voted for cdeff73f-0c88-4976-9d3a-8f87b3ebca92 at current term 3
2022-05-24 20:48:54,740 [grpc-default-executor-0] INFO  server.RaftServer$Division (RaftServerImpl.java:requestVote(1184)) - cdeff73f-0c88-4976-9d3a-8f87b3ebca92@group-4FEAA70A9A47 replies to ELECTION vote request: 51ab8667-e0eb-4b1b-8092-cca2eecc2449<-cdeff73f-0c88-4976-9d3a-8f87b3ebca92#0:FAIL-t3. Peer's state: cdeff73f-0c88-4976-9d3a-8f87b3ebca92@group-4FEAA70A9A47:t3, leader=null, voted=cdeff73f-0c88-4976-9d3a-8f87b3ebca92, raftlog=cdeff73f-0c88-4976-9d3a-8f87b3ebca92@group-4FEAA70A9A47-SegmentedRaftLog:OPENED:c-1, conf=-1: [a6e30353-377f-4b2f-bee2-e66a44f5bcb3|rpc:10.1.0.30:42857|dataStream:|priority:0, cdeff73f-0c88-4976-9d3a-8f87b3ebca92|rpc:10.1.0.30:44465|dataStream:|priority:1, 51ab8667-e0eb-4b1b-8092-cca2eecc2449|rpc:10.1.0.30:46251|dataStream:|priority:0], old=null
2022-05-24 20:48:54,748 [51ab8667-e0eb-4b1b-8092-cca2eecc2449@group-4FEAA70A9A47-LeaderElection28] INFO  impl.LeaderElection (LeaderElection.java:logAndReturn(90)) - 51ab8667-e0eb-4b1b-8092-cca2eecc2449@group-4FEAA70A9A47-LeaderElection28: ELECTION REJECTED received 1 response(s) and 0 exception(s):
2022-05-24 20:48:54,748 [51ab8667-e0eb-4b1b-8092-cca2eecc2449@group-4FEAA70A9A47-LeaderElection28] INFO  impl.LeaderElection (LeaderElection.java:logAndReturn(94)) -   Response 0: 51ab8667-e0eb-4b1b-8092-cca2eecc2449<-cdeff73f-0c88-4976-9d3a-8f87b3ebca92#0:FAIL-t3
2022-05-24 20:48:54,748 [51ab8667-e0eb-4b1b-8092-cca2eecc2449@group-4FEAA70A9A47-LeaderElection28] INFO  impl.LeaderElection (LeaderElection.java:askForVotes(312)) - 51ab8667-e0eb-4b1b-8092-cca2eecc2449@group-4FEAA70A9A47-LeaderElection28 ELECTION round 0: result REJECTED
2022-05-24 20:48:54,748 [51ab8667-e0eb-4b1b-8092-cca2eecc2449@group-4FEAA70A9A47-LeaderElection28] INFO  server.RaftServer$Division (RaftServerImpl.java:setRole(299)) - 51ab8667-e0eb-4b1b-8092-cca2eecc2449@group-4FEAA70A9A47: changes role from CANDIDATE to FOLLOWER at term 3 for REJECTED
2022-05-24 20:48:54,748 [51ab8667-e0eb-4b1b-8092-cca2eecc2449@group-4FEAA70A9A47-LeaderElection28] INFO  impl.RoleInfo (RoleInfo.java:shutdownLeaderElection(130)) - 51ab8667-e0eb-4b1b-8092-cca2eecc2449: shutdown 51ab8667-e0eb-4b1b-8092-cca2eecc2449@group-4FEAA70A9A47-LeaderElection28
2022-05-24 20:48:54,748 [51ab8667-e0eb-4b1b-8092-cca2eecc2449@group-4FEAA70A9A47-LeaderElection28] INFO  impl.RoleInfo (RoleInfo.java:updateAndGet(139)) - 51ab8667-e0eb-4b1b-8092-cca2eecc2449: start 51ab8667-e0eb-4b1b-8092-cca2eecc2449@group-4FEAA70A9A47-FollowerState
2022-05-24 20:48:54,751 [grpc-default-executor-3] INFO  server.RaftServer$Division (RaftServerImpl.java:requestVote(1184)) - a6e30353-377f-4b2f-bee2-e66a44f5bcb3@group-4FEAA70A9A47 replies to ELECTION vote request: 51ab8667-e0eb-4b1b-8092-cca2eecc2449<-a6e30353-377f-4b2f-bee2-e66a44f5bcb3#0:OK-t3. Peer's state: a6e30353-377f-4b2f-bee2-e66a44f5bcb3@group-4FEAA70A9A47:t3, leader=null, voted=51ab8667-e0eb-4b1b-8092-cca2eecc2449, raftlog=a6e30353-377f-4b2f-bee2-e66a44f5bcb3@group-4FEAA70A9A47-SegmentedRaftLog:OPENED:c-1, conf=-1: [a6e30353-377f-4b2f-bee2-e66a44f5bcb3|rpc:10.1.0.30:42857|priority:0, cdeff73f-0c88-4976-9d3a-8f87b3ebca92|rpc:10.1.0.30:44465|priority:1, 51ab8667-e0eb-4b1b-8092-cca2eecc2449|rpc:10.1.0.30:46251|priority:0], old=null
2022-05-24 20:48:54,754 [grpc-default-executor-4] INFO  server.RaftServer$Division (RaftServerImpl.java:requestVote(1152)) - a6e30353-377f-4b2f-bee2-e66a44f5bcb3@group-4FEAA70A9A47: receive requestVote(ELECTION, cdeff73f-0c88-4976-9d3a-8f87b3ebca92, group-4FEAA70A9A47, 3, (t:0, i:0))
2022-05-24 20:48:54,754 [grpc-default-executor-4] INFO  impl.VoteContext (VoteContext.java:log(48)) - a6e30353-377f-4b2f-bee2-e66a44f5bcb3@group-4FEAA70A9A47-FOLLOWER: reject ELECTION from cdeff73f-0c88-4976-9d3a-8f87b3ebca92: already has voted for 51ab8667-e0eb-4b1b-8092-cca2eecc2449 at current term 3
2022-05-24 20:48:54,754 [grpc-default-executor-4] INFO  server.RaftServer$Division (RaftServerImpl.java:requestVote(1184)) - a6e30353-377f-4b2f-bee2-e66a44f5bcb3@group-4FEAA70A9A47 replies to ELECTION vote request: cdeff73f-0c88-4976-9d3a-8f87b3ebca92<-a6e30353-377f-4b2f-bee2-e66a44f5bcb3#0:FAIL-t3. Peer's state: a6e30353-377f-4b2f-bee2-e66a44f5bcb3@group-4FEAA70A9A47:t3, leader=null, voted=51ab8667-e0eb-4b1b-8092-cca2eecc2449, raftlog=a6e30353-377f-4b2f-bee2-e66a44f5bcb3@group-4FEAA70A9A47-SegmentedRaftLog:OPENED:c-1, conf=-1: [a6e30353-377f-4b2f-bee2-e66a44f5bcb3|rpc:10.1.0.30:42857|priority:0, cdeff73f-0c88-4976-9d3a-8f87b3ebca92|rpc:10.1.0.30:44465|priority:1, 51ab8667-e0eb-4b1b-8092-cca2eecc2449|rpc:10.1.0.30:46251|priority:0], old=null
2022-05-24 20:48:54,755 [grpc-default-executor-4] INFO  server.RaftServer$Division (RaftServerImpl.java:requestVote(1152)) - 51ab8667-e0eb-4b1b-8092-cca2eecc2449@group-4FEAA70A9A47: receive requestVote(ELECTION, cdeff73f-0c88-4976-9d3a-8f87b3ebca92, group-4FEAA70A9A47, 3, (t:0, i:0))
2022-05-24 20:48:54,755 [grpc-default-executor-4] INFO  impl.VoteContext (VoteContext.java:log(48)) - 51ab8667-e0eb-4b1b-8092-cca2eecc2449@group-4FEAA70A9A47-FOLLOWER: reject ELECTION from cdeff73f-0c88-4976-9d3a-8f87b3ebca92: already has voted for 51ab8667-e0eb-4b1b-8092-cca2eecc2449 at current term 3
2022-05-24 20:48:54,755 [grpc-default-executor-4] INFO  server.RaftServer$Division (RaftServerImpl.java:requestVote(1184)) - 51ab8667-e0eb-4b1b-8092-cca2eecc2449@group-4FEAA70A9A47 replies to ELECTION vote request: cdeff73f-0c88-4976-9d3a-8f87b3ebca92<-51ab8667-e0eb-4b1b-8092-cca2eecc2449#0:FAIL-t3. Peer's state: 51ab8667-e0eb-4b1b-8092-cca2eecc2449@group-4FEAA70A9A47:t3, leader=null, voted=51ab8667-e0eb-4b1b-8092-cca2eecc2449, raftlog=51ab8667-e0eb-4b1b-8092-cca2eecc2449@group-4FEAA70A9A47-SegmentedRaftLog:OPENED:c-1, conf=-1: [a6e30353-377f-4b2f-bee2-e66a44f5bcb3|rpc:10.1.0.30:42857|dataStream:|priority:0, cdeff73f-0c88-4976-9d3a-8f87b3ebca92|rpc:10.1.0.30:44465|dataStream:|priority:1, 51ab8667-e0eb-4b1b-8092-cca2eecc2449|rpc:10.1.0.30:46251|dataStream:|priority:0], old=null
2022-05-24 20:48:54,756 [cdeff73f-0c88-4976-9d3a-8f87b3ebca92@group-4FEAA70A9A47-LeaderElection29] INFO  impl.LeaderElection (LeaderElection.java:logAndReturn(90)) - cdeff73f-0c88-4976-9d3a-8f87b3ebca92@group-4FEAA70A9A47-LeaderElection29: ELECTION REJECTED received 2 response(s) and 0 exception(s):
2022-05-24 20:48:54,756 [cdeff73f-0c88-4976-9d3a-8f87b3ebca92@group-4FEAA70A9A47-LeaderElection29] INFO  impl.LeaderElection (LeaderElection.java:logAndReturn(94)) -   Response 0: cdeff73f-0c88-4976-9d3a-8f87b3ebca92<-a6e30353-377f-4b2f-bee2-e66a44f5bcb3#0:FAIL-t3
2022-05-24 20:48:54,756 [cdeff73f-0c88-4976-9d3a-8f87b3ebca92@group-4FEAA70A9A47-LeaderElection29] INFO  impl.LeaderElection (LeaderElection.java:logAndReturn(94)) -   Response 1: cdeff73f-0c88-4976-9d3a-8f87b3ebca92<-51ab8667-e0eb-4b1b-8092-cca2eecc2449#0:FAIL-t3
2022-05-24 20:48:54,756 [cdeff73f-0c88-4976-9d3a-8f87b3ebca92@group-4FEAA70A9A47-LeaderElection29] INFO  impl.LeaderElection (LeaderElection.java:askForVotes(312)) - cdeff73f-0c88-4976-9d3a-8f87b3ebca92@group-4FEAA70A9A47-LeaderElection29 ELECTION round 0: result REJECTED
2022-05-24 20:48:54,756 [cdeff73f-0c88-4976-9d3a-8f87b3ebca92@group-4FEAA70A9A47-LeaderElection29] INFO  server.RaftServer$Division (RaftServerImpl.java:setRole(299)) - cdeff73f-0c88-4976-9d3a-8f87b3ebca92@group-4FEAA70A9A47: changes role from CANDIDATE to FOLLOWER at term 3 for REJECTED
2022-05-24 20:48:54,756 [cdeff73f-0c88-4976-9d3a-8f87b3ebca92@group-4FEAA70A9A47-LeaderElection29] INFO  impl.RoleInfo (RoleInfo.java:shutdownLeaderElection(130)) - cdeff73f-0c88-4976-9d3a-8f87b3ebca92: shutdown cdeff73f-0c88-4976-9d3a-8f87b3ebca92@group-4FEAA70A9A47-LeaderElection29
2022-05-24 20:48:54,756 [cdeff73f-0c88-4976-9d3a-8f87b3ebca92@group-4FEAA70A9A47-LeaderElection29] INFO  impl.RoleInfo (RoleInfo.java:updateAndGet(139)) - cdeff73f-0c88-4976-9d3a-8f87b3ebca92: start cdeff73f-0c88-4976-9d3a-8f87b3ebca92@group-4FEAA70A9A47-FollowerState
2022-05-24 20:48:54,941 [Listener at 127.0.0.1/44485] INFO  rpc.RpcClient (RpcClient.java:createVolume(457)) - Creating Volume: 78f3a4ee-c771-4a73-ab67-b5eb48518968, with runner as owner and space quota set to -1 bytes, counts quota set to -1
2022-05-24 20:48:54,942 [OM StateMachine ApplyTransaction Thread - 0] INFO  volume.OMVolumeCreateRequest (OMVolumeCreateRequest.java:validateAndUpdateCache(195)) - created volume:78f3a4ee-c771-4a73-ab67-b5eb48518968 for user:runner
2022-05-24 20:48:54,943 [Listener at 127.0.0.1/44485] INFO  rpc.RpcClient (RpcClient.java:createBucket(646)) - Creating Bucket: 78f3a4ee-c771-4a73-ab67-b5eb48518968/fe17d9bd-5021-47fc-8ed6-5c4e211795ac, with runner as owner and Versioning false and Storage Type set to DISK and Encryption set to false 
2022-05-24 20:48:54,946 [OM StateMachine ApplyTransaction Thread - 0] INFO  bucket.OMBucketCreateRequest (OMBucketCreateRequest.java:validateAndUpdateCache(258)) - created bucket: fe17d9bd-5021-47fc-8ed6-5c4e211795ac of layout LEGACY in volume: 78f3a4ee-c771-4a73-ab67-b5eb48518968
2022-05-24 20:48:55,301 [6698ee5e-a134-4bdd-b88e-32be83df5062@group-461FA6ADEC6A-FollowerState] INFO  impl.FollowerState (FollowerState.java:run(143)) - 6698ee5e-a134-4bdd-b88e-32be83df5062@group-461FA6ADEC6A-FollowerState: change to CANDIDATE, lastRpcElapsedTime:5012012236ns, electionTimeout:5008ms
2022-05-24 20:48:55,301 [6698ee5e-a134-4bdd-b88e-32be83df5062@group-461FA6ADEC6A-FollowerState] INFO  impl.RoleInfo (RoleInfo.java:shutdownFollowerState(110)) - 6698ee5e-a134-4bdd-b88e-32be83df5062: shutdown 6698ee5e-a134-4bdd-b88e-32be83df5062@group-461FA6ADEC6A-FollowerState
2022-05-24 20:48:55,302 [6698ee5e-a134-4bdd-b88e-32be83df5062@group-461FA6ADEC6A-FollowerState] INFO  server.RaftServer$Division (RaftServerImpl.java:setRole(299)) - 6698ee5e-a134-4bdd-b88e-32be83df5062@group-461FA6ADEC6A: changes role from  FOLLOWER to CANDIDATE at term 2 for changeToCandidate
2022-05-24 20:48:55,302 [6698ee5e-a134-4bdd-b88e-32be83df5062@group-461FA6ADEC6A-FollowerState] INFO  server.RaftServerConfigKeys (ConfUtils.java:logGet(46)) - raft.server.leaderelection.pre-vote = false (custom)
2022-05-24 20:48:55,302 [6698ee5e-a134-4bdd-b88e-32be83df5062@group-461FA6ADEC6A-FollowerState] INFO  impl.RoleInfo (RoleInfo.java:updateAndGet(139)) - 6698ee5e-a134-4bdd-b88e-32be83df5062: start 6698ee5e-a134-4bdd-b88e-32be83df5062@group-461FA6ADEC6A-LeaderElection30
2022-05-24 20:48:55,309 [6698ee5e-a134-4bdd-b88e-32be83df5062@group-461FA6ADEC6A-LeaderElection30] INFO  impl.LeaderElection (LeaderElection.java:askForVotes(310)) - 6698ee5e-a134-4bdd-b88e-32be83df5062@group-461FA6ADEC6A-LeaderElection30 ELECTION round 0: submit vote requests at term 3 for -1: [6698ee5e-a134-4bdd-b88e-32be83df5062|rpc:10.1.0.30:36573|dataStream:|priority:1, bb19d869-0de0-4670-950d-961bc103e91c|rpc:10.1.0.30:46641|dataStream:|priority:0, 2d640a7f-eabf-4d86-860e-09f863e1ed92|rpc:10.1.0.30:32775|dataStream:|priority:0], old=null
2022-05-24 20:48:55,327 [grpc-default-executor-3] INFO  server.RaftServer$Division (RaftServerImpl.java:requestVote(1152)) - bb19d869-0de0-4670-950d-961bc103e91c@group-461FA6ADEC6A: receive requestVote(ELECTION, 6698ee5e-a134-4bdd-b88e-32be83df5062, group-461FA6ADEC6A, 3, (t:0, i:0))
2022-05-24 20:48:55,328 [grpc-default-executor-3] INFO  impl.VoteContext (VoteContext.java:log(48)) - bb19d869-0de0-4670-950d-961bc103e91c@group-461FA6ADEC6A-FOLLOWER: accept ELECTION from 6698ee5e-a134-4bdd-b88e-32be83df5062: our priority 0 <= candidate's priority 1
2022-05-24 20:48:55,328 [grpc-default-executor-3] INFO  server.RaftServer$Division (RaftServerImpl.java:setRole(299)) - bb19d869-0de0-4670-950d-961bc103e91c@group-461FA6ADEC6A: changes role from  FOLLOWER to FOLLOWER at term 3 for candidate:6698ee5e-a134-4bdd-b88e-32be83df5062
2022-05-24 20:48:55,328 [grpc-default-executor-3] INFO  impl.RoleInfo (RoleInfo.java:shutdownFollowerState(110)) - bb19d869-0de0-4670-950d-961bc103e91c: shutdown bb19d869-0de0-4670-950d-961bc103e91c@group-461FA6ADEC6A-FollowerState
2022-05-24 20:48:55,328 [grpc-default-executor-3] INFO  impl.RoleInfo (RoleInfo.java:updateAndGet(139)) - bb19d869-0de0-4670-950d-961bc103e91c: start bb19d869-0de0-4670-950d-961bc103e91c@group-461FA6ADEC6A-FollowerState
2022-05-24 20:48:55,328 [bb19d869-0de0-4670-950d-961bc103e91c@group-461FA6ADEC6A-FollowerState] INFO  impl.FollowerState (FollowerState.java:run(152)) - bb19d869-0de0-4670-950d-961bc103e91c@group-461FA6ADEC6A-FollowerState was interrupted
2022-05-24 20:48:55,334 [grpc-default-executor-3] INFO  server.RaftServer$Division (RaftServerImpl.java:requestVote(1184)) - bb19d869-0de0-4670-950d-961bc103e91c@group-461FA6ADEC6A replies to ELECTION vote request: 6698ee5e-a134-4bdd-b88e-32be83df5062<-bb19d869-0de0-4670-950d-961bc103e91c#0:OK-t3. Peer's state: bb19d869-0de0-4670-950d-961bc103e91c@group-461FA6ADEC6A:t3, leader=null, voted=6698ee5e-a134-4bdd-b88e-32be83df5062, raftlog=bb19d869-0de0-4670-950d-961bc103e91c@group-461FA6ADEC6A-SegmentedRaftLog:OPENED:c-1, conf=-1: [6698ee5e-a134-4bdd-b88e-32be83df5062|rpc:10.1.0.30:36573|dataStream:|priority:1, bb19d869-0de0-4670-950d-961bc103e91c|rpc:10.1.0.30:46641|dataStream:|priority:0, 2d640a7f-eabf-4d86-860e-09f863e1ed92|rpc:10.1.0.30:32775|dataStream:|priority:0], old=null
2022-05-24 20:48:55,336 [6698ee5e-a134-4bdd-b88e-32be83df5062@group-461FA6ADEC6A-LeaderElection30] INFO  impl.LeaderElection (LeaderElection.java:logAndReturn(90)) - 6698ee5e-a134-4bdd-b88e-32be83df5062@group-461FA6ADEC6A-LeaderElection30: ELECTION PASSED received 1 response(s) and 0 exception(s):
2022-05-24 20:48:55,336 [6698ee5e-a134-4bdd-b88e-32be83df5062@group-461FA6ADEC6A-LeaderElection30] INFO  impl.LeaderElection (LeaderElection.java:logAndReturn(94)) -   Response 0: 6698ee5e-a134-4bdd-b88e-32be83df5062<-bb19d869-0de0-4670-950d-961bc103e91c#0:OK-t3
2022-05-24 20:48:55,336 [6698ee5e-a134-4bdd-b88e-32be83df5062@group-461FA6ADEC6A-LeaderElection30] INFO  impl.LeaderElection (LeaderElection.java:askForVotes(312)) - 6698ee5e-a134-4bdd-b88e-32be83df5062@group-461FA6ADEC6A-LeaderElection30 ELECTION round 0: result PASSED
2022-05-24 20:48:55,336 [6698ee5e-a134-4bdd-b88e-32be83df5062@group-461FA6ADEC6A-LeaderElection30] INFO  impl.RoleInfo (RoleInfo.java:shutdownLeaderElection(130)) - 6698ee5e-a134-4bdd-b88e-32be83df5062: shutdown 6698ee5e-a134-4bdd-b88e-32be83df5062@group-461FA6ADEC6A-LeaderElection30
2022-05-24 20:48:55,337 [6698ee5e-a134-4bdd-b88e-32be83df5062@group-461FA6ADEC6A-LeaderElection30] INFO  server.RaftServer$Division (RaftServerImpl.java:setRole(299)) - 6698ee5e-a134-4bdd-b88e-32be83df5062@group-461FA6ADEC6A: changes role from CANDIDATE to LEADER at term 3 for changeToLeader
2022-05-24 20:48:55,337 [6698ee5e-a134-4bdd-b88e-32be83df5062@group-461FA6ADEC6A-LeaderElection30] INFO  ratis.XceiverServerRatis (XceiverServerRatis.java:handleLeaderChangedNotification(863)) - Leader change notification received for group: group-461FA6ADEC6A with new leaderId: 6698ee5e-a134-4bdd-b88e-32be83df5062
2022-05-24 20:48:55,337 [6698ee5e-a134-4bdd-b88e-32be83df5062@group-461FA6ADEC6A-LeaderElection30] INFO  server.RaftServer$Division (ServerState.java:setLeader(287)) - 6698ee5e-a134-4bdd-b88e-32be83df5062@group-461FA6ADEC6A: change Leader from null to 6698ee5e-a134-4bdd-b88e-32be83df5062 at term 3 for becomeLeader, leader elected after 15199ms
2022-05-24 20:48:55,337 [6698ee5e-a134-4bdd-b88e-32be83df5062@group-461FA6ADEC6A-LeaderElection30] INFO  server.RaftServerConfigKeys (ConfUtils.java:logGet(46)) - raft.server.staging.catchup.gap = 1000 (default)
2022-05-24 20:48:55,337 [6698ee5e-a134-4bdd-b88e-32be83df5062@group-461FA6ADEC6A-LeaderElection30] INFO  server.RaftServerConfigKeys (ConfUtils.java:logGet(46)) - raft.server.write.element-limit = 1024 (custom)
2022-05-24 20:48:55,337 [6698ee5e-a134-4bdd-b88e-32be83df5062@group-461FA6ADEC6A-LeaderElection30] INFO  server.RaftServerConfigKeys (ConfUtils.java:logGet(46)) - raft.server.write.byte-limit = 1024 M (=1073741824) (custom)
2022-05-24 20:48:55,337 [6698ee5e-a134-4bdd-b88e-32be83df5062@group-461FA6ADEC6A-LeaderElection30] INFO  server.RaftServerConfigKeys (ConfUtils.java:logGet(46)) - raft.server.watch.timeout = 180s (custom)
2022-05-24 20:48:55,337 [6698ee5e-a134-4bdd-b88e-32be83df5062@group-461FA6ADEC6A-LeaderElection30] INFO  server.RaftServerConfigKeys (ConfUtils.java:logGet(46)) - raft.server.watch.timeout.denomination = 1s (default)
2022-05-24 20:48:55,337 [6698ee5e-a134-4bdd-b88e-32be83df5062@group-461FA6ADEC6A-LeaderElection30] INFO  server.RaftServerConfigKeys (ConfUtils.java:logGet(46)) - raft.server.watch.element-limit = 65536 (default)
2022-05-24 20:48:55,337 [6698ee5e-a134-4bdd-b88e-32be83df5062@group-461FA6ADEC6A-LeaderElection30] INFO  server.RaftServerConfigKeys (ConfUtils.java:logGet(46)) - raft.server.write.element-limit = 1024 (custom)
2022-05-24 20:48:55,337 [6698ee5e-a134-4bdd-b88e-32be83df5062@group-461FA6ADEC6A-LeaderElection30] INFO  server.RaftServerConfigKeys (ConfUtils.java:logGet(46)) - raft.server.write.follower.gap.ratio.max = -1.0 (default)
2022-05-24 20:48:55,338 [6698ee5e-a134-4bdd-b88e-32be83df5062@group-461FA6ADEC6A-LeaderElection30] INFO  server.RaftServerConfigKeys (ConfUtils.java:logGet(46)) - raft.server.log.appender.snapshot.chunk.size.max = 16MB (=16777216) (default)
2022-05-24 20:48:55,338 [6698ee5e-a134-4bdd-b88e-32be83df5062@group-461FA6ADEC6A-LeaderElection30] INFO  server.RaftServerConfigKeys (ConfUtils.java:logGet(46)) - raft.server.log.appender.buffer.byte-limit = 33554432 (custom)
2022-05-24 20:48:55,338 [6698ee5e-a134-4bdd-b88e-32be83df5062@group-461FA6ADEC6A-LeaderElection30] INFO  server.RaftServerConfigKeys (ConfUtils.java:logGet(46)) - raft.server.log.appender.buffer.element-limit = 1 (custom)
2022-05-24 20:48:55,338 [6698ee5e-a134-4bdd-b88e-32be83df5062@group-461FA6ADEC6A-LeaderElection30] INFO  grpc.GrpcConfigKeys (ConfUtils.java:logGet(46)) - raft.grpc.server.leader.outstanding.appends.max = 128 (default)
2022-05-24 20:48:55,338 [6698ee5e-a134-4bdd-b88e-32be83df5062@group-461FA6ADEC6A-LeaderElection30] INFO  server.RaftServerConfigKeys (ConfUtils.java:logGet(46)) - raft.server.rpc.request.timeout = 60s (custom)
2022-05-24 20:48:55,338 [6698ee5e-a134-4bdd-b88e-32be83df5062@group-461FA6ADEC6A-LeaderElection30] INFO  server.RaftServerConfigKeys (ConfUtils.java:logGet(46)) - raft.server.log.appender.install.snapshot.enabled = false (custom)
2022-05-24 20:48:55,339 [6698ee5e-a134-4bdd-b88e-32be83df5062@group-461FA6ADEC6A-LeaderElection30] INFO  server.RaftServerConfigKeys (ConfUtils.java:logGet(46)) - raft.server.log.appender.snapshot.chunk.size.max = 16MB (=16777216) (default)
2022-05-24 20:48:55,339 [6698ee5e-a134-4bdd-b88e-32be83df5062@group-461FA6ADEC6A-LeaderElection30] INFO  server.RaftServerConfigKeys (ConfUtils.java:logGet(46)) - raft.server.log.appender.buffer.byte-limit = 33554432 (custom)
2022-05-24 20:48:55,339 [6698ee5e-a134-4bdd-b88e-32be83df5062@group-461FA6ADEC6A-LeaderElection30] INFO  server.RaftServerConfigKeys (ConfUtils.java:logGet(46)) - raft.server.log.appender.buffer.element-limit = 1 (custom)
2022-05-24 20:48:55,339 [6698ee5e-a134-4bdd-b88e-32be83df5062@group-461FA6ADEC6A-LeaderElection30] INFO  grpc.GrpcConfigKeys (ConfUtils.java:logGet(46)) - raft.grpc.server.leader.outstanding.appends.max = 128 (default)
2022-05-24 20:48:55,339 [6698ee5e-a134-4bdd-b88e-32be83df5062@group-461FA6ADEC6A-LeaderElection30] INFO  server.RaftServerConfigKeys (ConfUtils.java:logGet(46)) - raft.server.rpc.request.timeout = 60s (custom)
2022-05-24 20:48:55,340 [6698ee5e-a134-4bdd-b88e-32be83df5062@group-461FA6ADEC6A-LeaderElection30] INFO  server.RaftServerConfigKeys (ConfUtils.java:logGet(46)) - raft.server.log.appender.install.snapshot.enabled = false (custom)
2022-05-24 20:48:55,340 [6698ee5e-a134-4bdd-b88e-32be83df5062@group-461FA6ADEC6A-LeaderElection30] INFO  impl.RoleInfo (RoleInfo.java:updateAndGet(139)) - 6698ee5e-a134-4bdd-b88e-32be83df5062: start 6698ee5e-a134-4bdd-b88e-32be83df5062@group-461FA6ADEC6A-LeaderStateImpl
2022-05-24 20:48:55,340 [6698ee5e-a134-4bdd-b88e-32be83df5062@group-461FA6ADEC6A-LeaderElection30] INFO  segmented.SegmentedRaftLogWorker (SegmentedRaftLogWorker.java:startLogSegment(425)) - 6698ee5e-a134-4bdd-b88e-32be83df5062@group-461FA6ADEC6A-SegmentedRaftLogWorker: Starting segment from index:0
2022-05-24 20:48:55,340 [EventQueue-PipelineReportForPipelineReportHandler] INFO  pipeline.PipelineManagerImpl (PipelineManagerImpl.java:openPipeline(336)) - Pipeline Pipeline[ Id: cfa6065d-75c2-438e-9eec-461fa6adec6a, Nodes: 2d640a7f-eabf-4d86-860e-09f863e1ed92{ip: 10.1.0.30, host: fv-az122-930.eh24crq5omsuteaqbma5cv3ijc.phxx.internal.cloudapp.net, ports: [REPLICATION=35083, RATIS=32775, RATIS_ADMIN=32775, RATIS_SERVER=32775, STANDALONE=41593], networkLocation: /default-rack, certSerialId: null, persistedOpState: IN_SERVICE, persistedOpStateExpiryEpochSec: 0}bb19d869-0de0-4670-950d-961bc103e91c{ip: 10.1.0.30, host: fv-az122-930.eh24crq5omsuteaqbma5cv3ijc.phxx.internal.cloudapp.net, ports: [REPLICATION=40213, RATIS=46641, RATIS_ADMIN=46641, RATIS_SERVER=46641, STANDALONE=35483], networkLocation: /default-rack, certSerialId: null, persistedOpState: IN_SERVICE, persistedOpStateExpiryEpochSec: 0}6698ee5e-a134-4bdd-b88e-32be83df5062{ip: 10.1.0.30, host: fv-az122-930.eh24crq5omsuteaqbma5cv3ijc.phxx.internal.cloudapp.net, ports: [REPLICATION=39233, RATIS=36573, RATIS_ADMIN=36573, RATIS_SERVER=36573, STANDALONE=35225], networkLocation: /default-rack, certSerialId: null, persistedOpState: IN_SERVICE, persistedOpStateExpiryEpochSec: 0}, ReplicationConfig: RATIS/THREE, State:ALLOCATED, leaderId:6698ee5e-a134-4bdd-b88e-32be83df5062, CreationTimestamp2022-05-24T20:48:37.761Z[Etc/UTC]] moved to OPEN state
2022-05-24 20:48:55,341 [6698ee5e-a134-4bdd-b88e-32be83df5062@group-461FA6ADEC6A-LeaderElection30] INFO  server.RaftServer$Division (ServerState.java:setRaftConf(393)) - 6698ee5e-a134-4bdd-b88e-32be83df5062@group-461FA6ADEC6A: set configuration 0: [6698ee5e-a134-4bdd-b88e-32be83df5062|rpc:10.1.0.30:36573|dataStream:|priority:1, bb19d869-0de0-4670-950d-961bc103e91c|rpc:10.1.0.30:46641|dataStream:|priority:0, 2d640a7f-eabf-4d86-860e-09f863e1ed92|rpc:10.1.0.30:32775|dataStream:|priority:0], old=null
2022-05-24 20:48:55,345 [6698ee5e-a134-4bdd-b88e-32be83df5062@group-461FA6ADEC6A-SegmentedRaftLogWorker] INFO  segmented.SegmentedRaftLogWorker (SegmentedRaftLogWorker.java:execute(629)) - 6698ee5e-a134-4bdd-b88e-32be83df5062@group-461FA6ADEC6A-SegmentedRaftLogWorker: created new log segment /home/runner/work/ozone/ozone/hadoop-ozone/integration-test/target/test-dir/MiniOzoneClusterImpl-68ae5bae-a44d-4587-ae52-251ec6d3fd1e/datanode-8/data/ratis/cfa6065d-75c2-438e-9eec-461fa6adec6a/current/log_inprogress_0
2022-05-24 20:48:55,345 [grpc-default-executor-4] INFO  server.RaftServer$Division (RaftServerImpl.java:requestVote(1152)) - 2d640a7f-eabf-4d86-860e-09f863e1ed92@group-461FA6ADEC6A: receive requestVote(ELECTION, 6698ee5e-a134-4bdd-b88e-32be83df5062, group-461FA6ADEC6A, 3, (t:0, i:0))
2022-05-24 20:48:55,349 [grpc-default-executor-4] INFO  impl.VoteContext (VoteContext.java:log(48)) - 2d640a7f-eabf-4d86-860e-09f863e1ed92@group-461FA6ADEC6A-FOLLOWER: accept ELECTION from 6698ee5e-a134-4bdd-b88e-32be83df5062: our priority 0 <= candidate's priority 1
2022-05-24 20:48:55,350 [grpc-default-executor-4] INFO  server.RaftServer$Division (RaftServerImpl.java:setRole(299)) - 2d640a7f-eabf-4d86-860e-09f863e1ed92@group-461FA6ADEC6A: changes role from  FOLLOWER to FOLLOWER at term 3 for candidate:6698ee5e-a134-4bdd-b88e-32be83df5062
2022-05-24 20:48:55,350 [grpc-default-executor-4] INFO  impl.RoleInfo (RoleInfo.java:shutdownFollowerState(110)) - 2d640a7f-eabf-4d86-860e-09f863e1ed92: shutdown 2d640a7f-eabf-4d86-860e-09f863e1ed92@group-461FA6ADEC6A-FollowerState
2022-05-24 20:48:55,350 [grpc-default-executor-4] INFO  impl.RoleInfo (RoleInfo.java:updateAndGet(139)) - 2d640a7f-eabf-4d86-860e-09f863e1ed92: start 2d640a7f-eabf-4d86-860e-09f863e1ed92@group-461FA6ADEC6A-FollowerState
2022-05-24 20:48:55,351 [2d640a7f-eabf-4d86-860e-09f863e1ed92@group-461FA6ADEC6A-FollowerState] INFO  impl.FollowerState (FollowerState.java:run(152)) - 2d640a7f-eabf-4d86-860e-09f863e1ed92@group-461FA6ADEC6A-FollowerState was interrupted
2022-05-24 20:48:55,353 [grpc-default-executor-4] INFO  server.RaftServer$Division (RaftServerImpl.java:requestVote(1184)) - 2d640a7f-eabf-4d86-860e-09f863e1ed92@group-461FA6ADEC6A replies to ELECTION vote request: 6698ee5e-a134-4bdd-b88e-32be83df5062<-2d640a7f-eabf-4d86-860e-09f863e1ed92#0:OK-t3. Peer's state: 2d640a7f-eabf-4d86-860e-09f863e1ed92@group-461FA6ADEC6A:t3, leader=null, voted=6698ee5e-a134-4bdd-b88e-32be83df5062, raftlog=2d640a7f-eabf-4d86-860e-09f863e1ed92@group-461FA6ADEC6A-SegmentedRaftLog:OPENED:c-1, conf=-1: [6698ee5e-a134-4bdd-b88e-32be83df5062|rpc:10.1.0.30:36573|priority:1, bb19d869-0de0-4670-950d-961bc103e91c|rpc:10.1.0.30:46641|priority:0, 2d640a7f-eabf-4d86-860e-09f863e1ed92|rpc:10.1.0.30:32775|priority:0], old=null
2022-05-24 20:48:55,362 [bb19d869-0de0-4670-950d-961bc103e91c-server-thread1] INFO  ratis.XceiverServerRatis (XceiverServerRatis.java:handleLeaderChangedNotification(863)) - Leader change notification received for group: group-461FA6ADEC6A with new leaderId: 6698ee5e-a134-4bdd-b88e-32be83df5062
2022-05-24 20:48:55,362 [bb19d869-0de0-4670-950d-961bc103e91c-server-thread1] INFO  server.RaftServer$Division (ServerState.java:setLeader(287)) - bb19d869-0de0-4670-950d-961bc103e91c@group-461FA6ADEC6A: change Leader from null to 6698ee5e-a134-4bdd-b88e-32be83df5062 at term 3 for appendEntries, leader elected after 15256ms
2022-05-24 20:48:55,371 [bb19d869-0de0-4670-950d-961bc103e91c-server-thread1] INFO  server.RaftServer$Division (ServerState.java:setRaftConf(393)) - bb19d869-0de0-4670-950d-961bc103e91c@group-461FA6ADEC6A: set configuration 0: [6698ee5e-a134-4bdd-b88e-32be83df5062|rpc:10.1.0.30:36573|dataStream:|priority:1, bb19d869-0de0-4670-950d-961bc103e91c|rpc:10.1.0.30:46641|dataStream:|priority:0, 2d640a7f-eabf-4d86-860e-09f863e1ed92|rpc:10.1.0.30:32775|dataStream:|priority:0], old=null
2022-05-24 20:48:55,371 [bb19d869-0de0-4670-950d-961bc103e91c-server-thread1] INFO  segmented.SegmentedRaftLogWorker (SegmentedRaftLogWorker.java:startLogSegment(425)) - bb19d869-0de0-4670-950d-961bc103e91c@group-461FA6ADEC6A-SegmentedRaftLogWorker: Starting segment from index:0
2022-05-24 20:48:55,373 [bb19d869-0de0-4670-950d-961bc103e91c@group-461FA6ADEC6A-SegmentedRaftLogWorker] INFO  segmented.SegmentedRaftLogWorker (SegmentedRaftLogWorker.java:execute(629)) - bb19d869-0de0-4670-950d-961bc103e91c@group-461FA6ADEC6A-SegmentedRaftLogWorker: created new log segment /home/runner/work/ozone/ozone/hadoop-ozone/integration-test/target/test-dir/MiniOzoneClusterImpl-68ae5bae-a44d-4587-ae52-251ec6d3fd1e/datanode-7/data/ratis/cfa6065d-75c2-438e-9eec-461fa6adec6a/current/log_inprogress_0
2022-05-24 20:48:55,374 [2d640a7f-eabf-4d86-860e-09f863e1ed92-server-thread1] INFO  ratis.XceiverServerRatis (XceiverServerRatis.java:handleLeaderChangedNotification(863)) - Leader change notification received for group: group-461FA6ADEC6A with new leaderId: 6698ee5e-a134-4bdd-b88e-32be83df5062
2022-05-24 20:48:55,374 [2d640a7f-eabf-4d86-860e-09f863e1ed92-server-thread1] INFO  server.RaftServer$Division (ServerState.java:setLeader(287)) - 2d640a7f-eabf-4d86-860e-09f863e1ed92@group-461FA6ADEC6A: change Leader from null to 6698ee5e-a134-4bdd-b88e-32be83df5062 at term 3 for appendEntries, leader elected after 15294ms
2022-05-24 20:48:55,375 [2d640a7f-eabf-4d86-860e-09f863e1ed92-server-thread1] INFO  server.RaftServer$Division (ServerState.java:setRaftConf(393)) - 2d640a7f-eabf-4d86-860e-09f863e1ed92@group-461FA6ADEC6A: set configuration 0: [6698ee5e-a134-4bdd-b88e-32be83df5062|rpc:10.1.0.30:36573|dataStream:|priority:1, bb19d869-0de0-4670-950d-961bc103e91c|rpc:10.1.0.30:46641|dataStream:|priority:0, 2d640a7f-eabf-4d86-860e-09f863e1ed92|rpc:10.1.0.30:32775|dataStream:|priority:0], old=null
2022-05-24 20:48:55,375 [2d640a7f-eabf-4d86-860e-09f863e1ed92-server-thread1] INFO  segmented.SegmentedRaftLogWorker (SegmentedRaftLogWorker.java:startLogSegment(425)) - 2d640a7f-eabf-4d86-860e-09f863e1ed92@group-461FA6ADEC6A-SegmentedRaftLogWorker: Starting segment from index:0
2022-05-24 20:48:55,376 [2d640a7f-eabf-4d86-860e-09f863e1ed92@group-461FA6ADEC6A-SegmentedRaftLogWorker] INFO  segmented.SegmentedRaftLogWorker (SegmentedRaftLogWorker.java:execute(629)) - 2d640a7f-eabf-4d86-860e-09f863e1ed92@group-461FA6ADEC6A-SegmentedRaftLogWorker: created new log segment /home/runner/work/ozone/ozone/hadoop-ozone/integration-test/target/test-dir/MiniOzoneClusterImpl-68ae5bae-a44d-4587-ae52-251ec6d3fd1e/datanode-6/data/ratis/cfa6065d-75c2-438e-9eec-461fa6adec6a/current/log_inprogress_0
2022-05-24 20:48:55,387 [Listener at 127.0.0.1/44485] INFO  rpc.RpcClient (RpcClient.java:createVolume(457)) - Creating Volume: 39f0fc72-c6c1-4444-8752-7fabdfc0dbc8, with runner as owner and space quota set to -1 bytes, counts quota set to -1
2022-05-24 20:48:55,389 [OM StateMachine ApplyTransaction Thread - 0] INFO  volume.OMVolumeCreateRequest (OMVolumeCreateRequest.java:validateAndUpdateCache(195)) - created volume:39f0fc72-c6c1-4444-8752-7fabdfc0dbc8 for user:runner
2022-05-24 20:48:55,390 [Listener at 127.0.0.1/44485] INFO  rpc.RpcClient (RpcClient.java:createBucket(646)) - Creating Bucket: 39f0fc72-c6c1-4444-8752-7fabdfc0dbc8/006590f7-9d30-4a02-90cd-e47d847ed481, with runner as owner and Versioning false and Storage Type set to DISK and Encryption set to false 
2022-05-24 20:48:55,392 [OM StateMachine ApplyTransaction Thread - 0] INFO  bucket.OMBucketCreateRequest (OMBucketCreateRequest.java:validateAndUpdateCache(258)) - created bucket: 006590f7-9d30-4a02-90cd-e47d847ed481 of layout LEGACY in volume: 39f0fc72-c6c1-4444-8752-7fabdfc0dbc8
2022-05-24 20:48:55,858 [Listener at 127.0.0.1/44485] INFO  rpc.RpcClient (RpcClient.java:createVolume(457)) - Creating Volume: 91594a9a-4213-4c09-b560-7535d4ac6ccb, with runner as owner and space quota set to -1 bytes, counts quota set to -1
2022-05-24 20:48:55,860 [OM StateMachine ApplyTransaction Thread - 0] INFO  volume.OMVolumeCreateRequest (OMVolumeCreateRequest.java:validateAndUpdateCache(195)) - created volume:91594a9a-4213-4c09-b560-7535d4ac6ccb for user:runner
2022-05-24 20:48:55,861 [Listener at 127.0.0.1/44485] INFO  rpc.RpcClient (RpcClient.java:createBucket(646)) - Creating Bucket: 91594a9a-4213-4c09-b560-7535d4ac6ccb/4255bb46-47f6-4d13-85ae-316cfecb3d8a, with runner as owner and Versioning false and Storage Type set to DISK and Encryption set to false 
2022-05-24 20:48:55,862 [OM StateMachine ApplyTransaction Thread - 0] INFO  bucket.OMBucketCreateRequest (OMBucketCreateRequest.java:validateAndUpdateCache(258)) - created bucket: 4255bb46-47f6-4d13-85ae-316cfecb3d8a of layout LEGACY in volume: 91594a9a-4213-4c09-b560-7535d4ac6ccb
2022-05-24 20:48:56,327 [Listener at 127.0.0.1/44485] INFO  rpc.RpcClient (RpcClient.java:createVolume(457)) - Creating Volume: 057a747f-9ae2-4bf5-8e10-f0a0f213f56f, with runner as owner and space quota set to -1 bytes, counts quota set to -1
2022-05-24 20:48:56,329 [OM StateMachine ApplyTransaction Thread - 0] INFO  volume.OMVolumeCreateRequest (OMVolumeCreateRequest.java:validateAndUpdateCache(195)) - created volume:057a747f-9ae2-4bf5-8e10-f0a0f213f56f for user:runner
2022-05-24 20:48:56,330 [Listener at 127.0.0.1/44485] INFO  rpc.RpcClient (RpcClient.java:createBucket(646)) - Creating Bucket: 057a747f-9ae2-4bf5-8e10-f0a0f213f56f/2e3122da-5337-4bb9-8406-755e709d38e2, with runner as owner and Versioning false and Storage Type set to DISK and Encryption set to false 
2022-05-24 20:48:56,332 [OM StateMachine ApplyTransaction Thread - 0] INFO  bucket.OMBucketCreateRequest (OMBucketCreateRequest.java:validateAndUpdateCache(258)) - created bucket: 2e3122da-5337-4bb9-8406-755e709d38e2 of layout LEGACY in volume: 057a747f-9ae2-4bf5-8e10-f0a0f213f56f
]]></system-out>
  </testcase>
  <testcase name="testBucketSetOwner" classname="org.apache.hadoop.ozone.client.rpc.TestSecureOzoneRpcClient" time="0.27">
    <system-out><![CDATA[2022-05-24 20:48:57,156 [Listener at 127.0.0.1/44485] INFO  rpc.RpcClient (RpcClient.java:createVolume(457)) - Creating Volume: 8e6f457e-b4ab-42d6-9b05-e0ac25a16007, with runner as owner and space quota set to -1 bytes, counts quota set to -1
2022-05-24 20:48:57,243 [OM StateMachine ApplyTransaction Thread - 0] INFO  volume.OMVolumeCreateRequest (OMVolumeCreateRequest.java:validateAndUpdateCache(195)) - created volume:8e6f457e-b4ab-42d6-9b05-e0ac25a16007 for user:runner
2022-05-24 20:48:57,248 [Listener at 127.0.0.1/44485] INFO  rpc.RpcClient (RpcClient.java:createBucket(646)) - Creating Bucket: 8e6f457e-b4ab-42d6-9b05-e0ac25a16007/acb02ac6-ce9a-4cd4-bbde-091b7bac6d70, with runner as owner and Versioning false and Storage Type set to DISK and Encryption set to false 
2022-05-24 20:48:57,400 [OM StateMachine ApplyTransaction Thread - 0] INFO  bucket.OMBucketCreateRequest (OMBucketCreateRequest.java:validateAndUpdateCache(258)) - created bucket: acb02ac6-ce9a-4cd4-bbde-091b7bac6d70 of layout LEGACY in volume: 8e6f457e-b4ab-42d6-9b05-e0ac25a16007
]]></system-out>
  </testcase>
  <testcase name="testBucketUsedBytes" classname="org.apache.hadoop.ozone.client.rpc.TestSecureOzoneRpcClient" time="0.12">
    <system-out><![CDATA[2022-05-24 20:48:57,426 [Listener at 127.0.0.1/44485] INFO  rpc.RpcClient (RpcClient.java:createVolume(457)) - Creating Volume: c672ce03-036a-4f72-b54a-e7195b7958fe, with runner as owner and space quota set to -1 bytes, counts quota set to -1
2022-05-24 20:48:57,429 [OM StateMachine ApplyTransaction Thread - 0] INFO  volume.OMVolumeCreateRequest (OMVolumeCreateRequest.java:validateAndUpdateCache(195)) - created volume:c672ce03-036a-4f72-b54a-e7195b7958fe for user:runner
2022-05-24 20:48:57,430 [Listener at 127.0.0.1/44485] INFO  rpc.RpcClient (RpcClient.java:createBucket(646)) - Creating Bucket: c672ce03-036a-4f72-b54a-e7195b7958fe/51fd2402-5f20-492b-befb-32486e517f9e, with runner as owner and Versioning false and Storage Type set to DISK and Encryption set to false 
2022-05-24 20:48:57,432 [OM StateMachine ApplyTransaction Thread - 0] INFO  bucket.OMBucketCreateRequest (OMBucketCreateRequest.java:validateAndUpdateCache(258)) - created bucket: 51fd2402-5f20-492b-befb-32486e517f9e of layout OBJECT_STORE in volume: c672ce03-036a-4f72-b54a-e7195b7958fe
]]></system-out>
  </testcase>
  <testcase name="testBucketUsedNamespace" classname="org.apache.hadoop.ozone.client.rpc.TestSecureOzoneRpcClient" time="0.094">
    <system-out><![CDATA[2022-05-24 20:48:57,547 [Listener at 127.0.0.1/44485] INFO  rpc.RpcClient (RpcClient.java:createVolume(457)) - Creating Volume: 0dfb87fa-89da-4fd0-8fe5-76ed552e08de, with runner as owner and space quota set to -1 bytes, counts quota set to -1
2022-05-24 20:48:57,549 [OM StateMachine ApplyTransaction Thread - 0] INFO  volume.OMVolumeCreateRequest (OMVolumeCreateRequest.java:validateAndUpdateCache(195)) - created volume:0dfb87fa-89da-4fd0-8fe5-76ed552e08de for user:runner
2022-05-24 20:48:57,550 [Listener at 127.0.0.1/44485] INFO  rpc.RpcClient (RpcClient.java:createBucket(646)) - Creating Bucket: 0dfb87fa-89da-4fd0-8fe5-76ed552e08de/dbd36154-6af8-4034-98db-efb00332a081, with runner as owner and Versioning false and Storage Type set to DISK and Encryption set to false 
2022-05-24 20:48:57,553 [OM StateMachine ApplyTransaction Thread - 0] INFO  bucket.OMBucketCreateRequest (OMBucketCreateRequest.java:validateAndUpdateCache(258)) - created bucket: dbd36154-6af8-4034-98db-efb00332a081 of layout LEGACY in volume: 0dfb87fa-89da-4fd0-8fe5-76ed552e08de
20:48:57.619 [OM StateMachine ApplyTransaction Thread - 0] ERROR OMAudit - user=runner | ip=127.0.0.1 | op=ALLOCATE_KEY {volume=0dfb87fa-89da-4fd0-8fe5-76ed552e08de, bucket=dbd36154-6af8-4034-98db-efb00332a081, key=337be6b5-bd6c-4c3e-bc57-d39a3b6d100d, dataSize=12, replicationType=RATIS, replicationFactor=ONE} | ret=FAILURE
org.apache.hadoop.ozone.om.exceptions.OMException: The namespace quota of Bucket:dbd36154-6af8-4034-98db-efb00332a081 exceeded: quotaInNamespace: 2 but namespace consumed: 3.
	at org.apache.hadoop.ozone.om.request.key.OMKeyRequest.checkBucketQuotaInNamespace(OMKeyRequest.java:548) ~[ozone-manager-1.3.0-SNAPSHOT.jar:?]
	at org.apache.hadoop.ozone.om.request.key.OMKeyCreateRequest.validateAndUpdateCache(OMKeyCreateRequest.java:307) ~[ozone-manager-1.3.0-SNAPSHOT.jar:?]
	at org.apache.hadoop.ozone.protocolPB.OzoneManagerRequestHandler.handleWriteRequest(OzoneManagerRequestHandler.java:254) ~[ozone-manager-1.3.0-SNAPSHOT.jar:?]
	at org.apache.hadoop.ozone.om.ratis.OzoneManagerStateMachine.runCommand(OzoneManagerStateMachine.java:524) ~[ozone-manager-1.3.0-SNAPSHOT.jar:?]
	at org.apache.hadoop.ozone.om.ratis.OzoneManagerStateMachine.lambda$1(OzoneManagerStateMachine.java:319) ~[ozone-manager-1.3.0-SNAPSHOT.jar:?]
	at java.util.concurrent.CompletableFuture$AsyncSupply.run(CompletableFuture.java:1604) [?:1.8.0_332]
	at java.util.concurrent.ThreadPoolExecutor.runWorker(ThreadPoolExecutor.java:1149) [?:1.8.0_332]
	at java.util.concurrent.ThreadPoolExecutor$Worker.run(ThreadPoolExecutor.java:624) [?:1.8.0_332]
	at java.lang.Thread.run(Thread.java:750) [?:1.8.0_332]
2022-05-24 20:48:57,619 [OM StateMachine ApplyTransaction Thread - 0] ERROR key.OMKeyCreateRequest (OMKeyCreateRequest.java:logResult(368)) - Key creation failed. Volume:0dfb87fa-89da-4fd0-8fe5-76ed552e08de, Bucket:dbd36154-6af8-4034-98db-efb00332a081, Key:337be6b5-bd6c-4c3e-bc57-d39a3b6d100d. 
QUOTA_EXCEEDED org.apache.hadoop.ozone.om.exceptions.OMException: The namespace quota of Bucket:dbd36154-6af8-4034-98db-efb00332a081 exceeded: quotaInNamespace: 2 but namespace consumed: 3.
	at org.apache.hadoop.ozone.om.request.key.OMKeyRequest.checkBucketQuotaInNamespace(OMKeyRequest.java:548)
	at org.apache.hadoop.ozone.om.request.key.OMKeyCreateRequest.validateAndUpdateCache(OMKeyCreateRequest.java:307)
	at org.apache.hadoop.ozone.protocolPB.OzoneManagerRequestHandler.handleWriteRequest(OzoneManagerRequestHandler.java:254)
	at org.apache.hadoop.ozone.om.ratis.OzoneManagerStateMachine.runCommand(OzoneManagerStateMachine.java:524)
	at org.apache.hadoop.ozone.om.ratis.OzoneManagerStateMachine.lambda$1(OzoneManagerStateMachine.java:319)
	at java.util.concurrent.CompletableFuture$AsyncSupply.run(CompletableFuture.java:1604)
	at java.util.concurrent.ThreadPoolExecutor.runWorker(ThreadPoolExecutor.java:1149)
	at java.util.concurrent.ThreadPoolExecutor$Worker.run(ThreadPoolExecutor.java:624)
	at java.lang.Thread.run(Thread.java:750)
]]></system-out>
  </testcase>
  <testcase name="testCheckUsedBytesQuota" classname="org.apache.hadoop.ozone.client.rpc.TestSecureOzoneRpcClient" time="0.717">
    <system-out><![CDATA[2022-05-24 20:48:57,642 [Listener at 127.0.0.1/44485] INFO  rpc.RpcClient (RpcClient.java:createVolume(457)) - Creating Volume: 2cb91dec-33cc-4916-a576-c3942130c536, with runner as owner and space quota set to -1 bytes, counts quota set to -1
2022-05-24 20:48:57,644 [OM StateMachine ApplyTransaction Thread - 0] INFO  volume.OMVolumeCreateRequest (OMVolumeCreateRequest.java:validateAndUpdateCache(195)) - created volume:2cb91dec-33cc-4916-a576-c3942130c536 for user:runner
2022-05-24 20:48:57,646 [Listener at 127.0.0.1/44485] INFO  rpc.RpcClient (RpcClient.java:createBucket(646)) - Creating Bucket: 2cb91dec-33cc-4916-a576-c3942130c536/a81ae286-b4b2-46fc-b3d4-7459d788735c, with runner as owner and Versioning false and Storage Type set to DISK and Encryption set to false 
2022-05-24 20:48:57,648 [OM StateMachine ApplyTransaction Thread - 0] INFO  bucket.OMBucketCreateRequest (OMBucketCreateRequest.java:validateAndUpdateCache(258)) - created bucket: a81ae286-b4b2-46fc-b3d4-7459d788735c of layout LEGACY in volume: 2cb91dec-33cc-4916-a576-c3942130c536
2022-05-24 20:48:57,658 [Listener at 127.0.0.1/44485] INFO  rpc.RpcClient (RpcClient.java:createBucket(646)) - Creating Bucket: 2cb91dec-33cc-4916-a576-c3942130c536/684d620f-9091-4d06-ab08-40bd6767c61d, with runner as owner and Versioning false and Storage Type set to DISK and Encryption set to false 
2022-05-24 20:48:57,660 [OM StateMachine ApplyTransaction Thread - 0] INFO  bucket.OMBucketCreateRequest (OMBucketCreateRequest.java:validateAndUpdateCache(258)) - created bucket: 684d620f-9091-4d06-ab08-40bd6767c61d of layout LEGACY in volume: 2cb91dec-33cc-4916-a576-c3942130c536
20:48:57.668 [OM StateMachine ApplyTransaction Thread - 0] ERROR OMAudit - user=runner | ip=127.0.0.1 | op=ALLOCATE_KEY {volume=2cb91dec-33cc-4916-a576-c3942130c536, bucket=684d620f-9091-4d06-ab08-40bd6767c61d, key=347837a8-27eb-43a3-8e9c-7391229bfca2, dataSize=12, replicationType=RATIS, replicationFactor=ONE} | ret=FAILURE
org.apache.hadoop.ozone.om.exceptions.OMException: The DiskSpace quota of bucket:684d620f-9091-4d06-ab08-40bd6767c61dexceeded: quotaInBytes: 1 Bytes but diskspace consumed: 4194304 Bytes.
	at org.apache.hadoop.ozone.om.request.key.OMKeyRequest.checkBucketQuotaInBytes(OMKeyRequest.java:529) ~[ozone-manager-1.3.0-SNAPSHOT.jar:?]
	at org.apache.hadoop.ozone.om.request.key.OMKeyCreateRequest.validateAndUpdateCache(OMKeyCreateRequest.java:306) ~[ozone-manager-1.3.0-SNAPSHOT.jar:?]
	at org.apache.hadoop.ozone.protocolPB.OzoneManagerRequestHandler.handleWriteRequest(OzoneManagerRequestHandler.java:254) ~[ozone-manager-1.3.0-SNAPSHOT.jar:?]
	at org.apache.hadoop.ozone.om.ratis.OzoneManagerStateMachine.runCommand(OzoneManagerStateMachine.java:524) ~[ozone-manager-1.3.0-SNAPSHOT.jar:?]
	at org.apache.hadoop.ozone.om.ratis.OzoneManagerStateMachine.lambda$1(OzoneManagerStateMachine.java:319) ~[ozone-manager-1.3.0-SNAPSHOT.jar:?]
	at java.util.concurrent.CompletableFuture$AsyncSupply.run(CompletableFuture.java:1604) [?:1.8.0_332]
	at java.util.concurrent.ThreadPoolExecutor.runWorker(ThreadPoolExecutor.java:1149) [?:1.8.0_332]
	at java.util.concurrent.ThreadPoolExecutor$Worker.run(ThreadPoolExecutor.java:624) [?:1.8.0_332]
	at java.lang.Thread.run(Thread.java:750) [?:1.8.0_332]
2022-05-24 20:48:57,669 [OM StateMachine ApplyTransaction Thread - 0] ERROR key.OMKeyCreateRequest (OMKeyCreateRequest.java:logResult(368)) - Key creation failed. Volume:2cb91dec-33cc-4916-a576-c3942130c536, Bucket:684d620f-9091-4d06-ab08-40bd6767c61d, Key:347837a8-27eb-43a3-8e9c-7391229bfca2. 
QUOTA_EXCEEDED org.apache.hadoop.ozone.om.exceptions.OMException: The DiskSpace quota of bucket:684d620f-9091-4d06-ab08-40bd6767c61dexceeded: quotaInBytes: 1 Bytes but diskspace consumed: 4194304 Bytes.
	at org.apache.hadoop.ozone.om.request.key.OMKeyRequest.checkBucketQuotaInBytes(OMKeyRequest.java:529)
	at org.apache.hadoop.ozone.om.request.key.OMKeyCreateRequest.validateAndUpdateCache(OMKeyCreateRequest.java:306)
	at org.apache.hadoop.ozone.protocolPB.OzoneManagerRequestHandler.handleWriteRequest(OzoneManagerRequestHandler.java:254)
	at org.apache.hadoop.ozone.om.ratis.OzoneManagerStateMachine.runCommand(OzoneManagerStateMachine.java:524)
	at org.apache.hadoop.ozone.om.ratis.OzoneManagerStateMachine.lambda$1(OzoneManagerStateMachine.java:319)
	at java.util.concurrent.CompletableFuture$AsyncSupply.run(CompletableFuture.java:1604)
	at java.util.concurrent.ThreadPoolExecutor.runWorker(ThreadPoolExecutor.java:1149)
	at java.util.concurrent.ThreadPoolExecutor$Worker.run(ThreadPoolExecutor.java:624)
	at java.lang.Thread.run(Thread.java:750)
20:48:57.682 [OM StateMachine ApplyTransaction Thread - 0] ERROR OMAudit - user=runner | ip=127.0.0.1 | op=CREATE_FILE {volume=2cb91dec-33cc-4916-a576-c3942130c536, bucket=684d620f-9091-4d06-ab08-40bd6767c61d, key=bcd283a5-07d3-4aee-b3bf-ec6f3ef5a577, dataSize=4194304, replicationType=RATIS, replicationFactor=ONE} | ret=FAILURE
org.apache.hadoop.ozone.om.exceptions.OMException: The DiskSpace quota of bucket:684d620f-9091-4d06-ab08-40bd6767c61dexceeded: quotaInBytes: 1 Bytes but diskspace consumed: 4194304 Bytes.
	at org.apache.hadoop.ozone.om.request.key.OMKeyRequest.checkBucketQuotaInBytes(OMKeyRequest.java:529) ~[ozone-manager-1.3.0-SNAPSHOT.jar:?]
	at org.apache.hadoop.ozone.om.request.file.OMFileCreateRequest.validateAndUpdateCache(OMFileCreateRequest.java:278) ~[ozone-manager-1.3.0-SNAPSHOT.jar:?]
	at org.apache.hadoop.ozone.protocolPB.OzoneManagerRequestHandler.handleWriteRequest(OzoneManagerRequestHandler.java:254) ~[ozone-manager-1.3.0-SNAPSHOT.jar:?]
	at org.apache.hadoop.ozone.om.ratis.OzoneManagerStateMachine.runCommand(OzoneManagerStateMachine.java:524) ~[ozone-manager-1.3.0-SNAPSHOT.jar:?]
	at org.apache.hadoop.ozone.om.ratis.OzoneManagerStateMachine.lambda$1(OzoneManagerStateMachine.java:319) ~[ozone-manager-1.3.0-SNAPSHOT.jar:?]
	at java.util.concurrent.CompletableFuture$AsyncSupply.run(CompletableFuture.java:1604) [?:1.8.0_332]
	at java.util.concurrent.ThreadPoolExecutor.runWorker(ThreadPoolExecutor.java:1149) [?:1.8.0_332]
	at java.util.concurrent.ThreadPoolExecutor$Worker.run(ThreadPoolExecutor.java:624) [?:1.8.0_332]
	at java.lang.Thread.run(Thread.java:750) [?:1.8.0_332]
2022-05-24 20:48:57,682 [OM StateMachine ApplyTransaction Thread - 0] ERROR file.OMFileCreateRequest (OMFileCreateRequest.java:validateAndUpdateCache(336)) - File create failed. Volume:2cb91dec-33cc-4916-a576-c3942130c536, Bucket:684d620f-9091-4d06-ab08-40bd6767c61d, Keybcd283a5-07d3-4aee-b3bf-ec6f3ef5a577.
QUOTA_EXCEEDED org.apache.hadoop.ozone.om.exceptions.OMException: The DiskSpace quota of bucket:684d620f-9091-4d06-ab08-40bd6767c61dexceeded: quotaInBytes: 1 Bytes but diskspace consumed: 4194304 Bytes.
	at org.apache.hadoop.ozone.om.request.key.OMKeyRequest.checkBucketQuotaInBytes(OMKeyRequest.java:529)
	at org.apache.hadoop.ozone.om.request.file.OMFileCreateRequest.validateAndUpdateCache(OMFileCreateRequest.java:278)
	at org.apache.hadoop.ozone.protocolPB.OzoneManagerRequestHandler.handleWriteRequest(OzoneManagerRequestHandler.java:254)
	at org.apache.hadoop.ozone.om.ratis.OzoneManagerStateMachine.runCommand(OzoneManagerStateMachine.java:524)
	at org.apache.hadoop.ozone.om.ratis.OzoneManagerStateMachine.lambda$1(OzoneManagerStateMachine.java:319)
	at java.util.concurrent.CompletableFuture$AsyncSupply.run(CompletableFuture.java:1604)
	at java.util.concurrent.ThreadPoolExecutor.runWorker(ThreadPoolExecutor.java:1149)
	at java.util.concurrent.ThreadPoolExecutor$Worker.run(ThreadPoolExecutor.java:624)
	at java.lang.Thread.run(Thread.java:750)
2022-05-24 20:48:58,320 [OM StateMachine ApplyTransaction Thread - 0] ERROR key.OMAllocateBlockRequest (OMAllocateBlockRequest.java:validateAndUpdateCache(251)) - Allocate Block failed. Volume:2cb91dec-33cc-4916-a576-c3942130c536, Bucket:684d620f-9091-4d06-ab08-40bd6767c61d, OpenKey:/2cb91dec-33cc-4916-a576-c3942130c536/684d620f-9091-4d06-ab08-40bd6767c61d/7c296145-519d-4da3-9a0a-5ad823f0420c/108358882930851906. Exception:{}
QUOTA_EXCEEDED org.apache.hadoop.ozone.om.exceptions.OMException: The DiskSpace quota of bucket:684d620f-9091-4d06-ab08-40bd6767c61dexceeded: quotaInBytes: 16777216 Bytes but diskspace consumed: 20971520 Bytes.
	at org.apache.hadoop.ozone.om.request.key.OMKeyRequest.checkBucketQuotaInBytes(OMKeyRequest.java:529)
	at org.apache.hadoop.ozone.om.request.key.OMAllocateBlockRequest.validateAndUpdateCache(OMAllocateBlockRequest.java:224)
	at org.apache.hadoop.ozone.protocolPB.OzoneManagerRequestHandler.handleWriteRequest(OzoneManagerRequestHandler.java:254)
	at org.apache.hadoop.ozone.om.ratis.OzoneManagerStateMachine.runCommand(OzoneManagerStateMachine.java:524)
	at org.apache.hadoop.ozone.om.ratis.OzoneManagerStateMachine.lambda$1(OzoneManagerStateMachine.java:319)
	at java.util.concurrent.CompletableFuture$AsyncSupply.run(CompletableFuture.java:1604)
	at java.util.concurrent.ThreadPoolExecutor.runWorker(ThreadPoolExecutor.java:1149)
	at java.util.concurrent.ThreadPoolExecutor$Worker.run(ThreadPoolExecutor.java:624)
	at java.lang.Thread.run(Thread.java:750)
20:48:58.321 [OM StateMachine ApplyTransaction Thread - 0] ERROR OMAudit - user=runner | ip=127.0.0.1 | op=ALLOCATE_BLOCK {volume=2cb91dec-33cc-4916-a576-c3942130c536, bucket=684d620f-9091-4d06-ab08-40bd6767c61d, key=7c296145-519d-4da3-9a0a-5ad823f0420c, dataSize=12, replicationType=RATIS, replicationFactor=ONE, clientID=108358882930851906} | ret=FAILURE
org.apache.hadoop.ozone.om.exceptions.OMException: The DiskSpace quota of bucket:684d620f-9091-4d06-ab08-40bd6767c61dexceeded: quotaInBytes: 16777216 Bytes but diskspace consumed: 20971520 Bytes.
	at org.apache.hadoop.ozone.om.request.key.OMKeyRequest.checkBucketQuotaInBytes(OMKeyRequest.java:529) ~[ozone-manager-1.3.0-SNAPSHOT.jar:?]
	at org.apache.hadoop.ozone.om.request.key.OMAllocateBlockRequest.validateAndUpdateCache(OMAllocateBlockRequest.java:224) ~[ozone-manager-1.3.0-SNAPSHOT.jar:?]
	at org.apache.hadoop.ozone.protocolPB.OzoneManagerRequestHandler.handleWriteRequest(OzoneManagerRequestHandler.java:254) ~[ozone-manager-1.3.0-SNAPSHOT.jar:?]
	at org.apache.hadoop.ozone.om.ratis.OzoneManagerStateMachine.runCommand(OzoneManagerStateMachine.java:524) ~[ozone-manager-1.3.0-SNAPSHOT.jar:?]
	at org.apache.hadoop.ozone.om.ratis.OzoneManagerStateMachine.lambda$1(OzoneManagerStateMachine.java:319) ~[ozone-manager-1.3.0-SNAPSHOT.jar:?]
	at java.util.concurrent.CompletableFuture$AsyncSupply.run(CompletableFuture.java:1604) [?:1.8.0_332]
	at java.util.concurrent.ThreadPoolExecutor.runWorker(ThreadPoolExecutor.java:1149) [?:1.8.0_332]
	at java.util.concurrent.ThreadPoolExecutor$Worker.run(ThreadPoolExecutor.java:624) [?:1.8.0_332]
	at java.lang.Thread.run(Thread.java:750) [?:1.8.0_332]
]]></system-out>
  </testcase>
  <testcase name="testCommitPartAfterCompleteUpload" classname="org.apache.hadoop.ozone.client.rpc.TestSecureOzoneRpcClient" time="0.46">
    <system-out><![CDATA[2022-05-24 20:48:58,360 [Listener at 127.0.0.1/44485] INFO  rpc.RpcClient (RpcClient.java:createVolume(457)) - Creating Volume: 84432505-6762-4e70-9f49-1acf46abbc20, with runner as owner and space quota set to -1 bytes, counts quota set to -1
2022-05-24 20:48:58,362 [OM StateMachine ApplyTransaction Thread - 0] INFO  volume.OMVolumeCreateRequest (OMVolumeCreateRequest.java:validateAndUpdateCache(195)) - created volume:84432505-6762-4e70-9f49-1acf46abbc20 for user:runner
2022-05-24 20:48:58,363 [Listener at 127.0.0.1/44485] INFO  rpc.RpcClient (RpcClient.java:createBucket(646)) - Creating Bucket: 84432505-6762-4e70-9f49-1acf46abbc20/e2c672b8-cd24-4247-ab6a-952ddfbf9414, with runner as owner and Versioning false and Storage Type set to DISK and Encryption set to false 
2022-05-24 20:48:58,366 [OM StateMachine ApplyTransaction Thread - 0] INFO  bucket.OMBucketCreateRequest (OMBucketCreateRequest.java:validateAndUpdateCache(258)) - created bucket: e2c672b8-cd24-4247-ab6a-952ddfbf9414 of layout LEGACY in volume: 84432505-6762-4e70-9f49-1acf46abbc20
20:48:58.818 [OM StateMachine ApplyTransaction Thread - 0] ERROR OMAudit - user=runner | ip=127.0.0.1 | op=COMMIT_MULTIPART_UPLOAD_PARTKEY {volume=84432505-6762-4e70-9f49-1acf46abbc20, bucket=e2c672b8-cd24-4247-ab6a-952ddfbf9414, key=4f090766-2fb0-47d4-b67c-0f33f5086f7e, dataSize=5242880, replicationType=NONE, replicationFactor=ZERO, partNumber=2, partName=/84432505-6762-4e70-9f49-1acf46abbc20/e2c672b8-cd24-4247-ab6a-952ddfbf9414/4f090766-2fb0-47d4-b67c-0f33f5086f7e-02ba5e5a-54e4-4761-b443-a8f2c3272032-108358882975219781-2} | ret=FAILURE
org.apache.hadoop.ozone.om.exceptions.OMException: No such Multipart upload is with specified uploadId 02ba5e5a-54e4-4761-b443-a8f2c3272032-108358882975219781
	at org.apache.hadoop.ozone.om.request.s3.multipart.S3MultipartUploadCommitPartRequest.validateAndUpdateCache(S3MultipartUploadCommitPartRequest.java:189) ~[ozone-manager-1.3.0-SNAPSHOT.jar:?]
	at org.apache.hadoop.ozone.protocolPB.OzoneManagerRequestHandler.handleWriteRequest(OzoneManagerRequestHandler.java:254) ~[ozone-manager-1.3.0-SNAPSHOT.jar:?]
	at org.apache.hadoop.ozone.om.ratis.OzoneManagerStateMachine.runCommand(OzoneManagerStateMachine.java:524) ~[ozone-manager-1.3.0-SNAPSHOT.jar:?]
	at org.apache.hadoop.ozone.om.ratis.OzoneManagerStateMachine.lambda$1(OzoneManagerStateMachine.java:319) ~[ozone-manager-1.3.0-SNAPSHOT.jar:?]
	at java.util.concurrent.CompletableFuture$AsyncSupply.run(CompletableFuture.java:1604) [?:1.8.0_332]
	at java.util.concurrent.ThreadPoolExecutor.runWorker(ThreadPoolExecutor.java:1149) [?:1.8.0_332]
	at java.util.concurrent.ThreadPoolExecutor$Worker.run(ThreadPoolExecutor.java:624) [?:1.8.0_332]
	at java.lang.Thread.run(Thread.java:750) [?:1.8.0_332]
2022-05-24 20:48:58,819 [OM StateMachine ApplyTransaction Thread - 0] ERROR multipart.S3MultipartUploadCommitPartRequest (S3MultipartUploadCommitPartRequest.java:logResult(324)) - MultipartUpload Commit is failed for Key:4f090766-2fb0-47d4-b67c-0f33f5086f7e in Volume/Bucket 84432505-6762-4e70-9f49-1acf46abbc20/e2c672b8-cd24-4247-ab6a-952ddfbf9414
NO_SUCH_MULTIPART_UPLOAD_ERROR org.apache.hadoop.ozone.om.exceptions.OMException: No such Multipart upload is with specified uploadId 02ba5e5a-54e4-4761-b443-a8f2c3272032-108358882975219781
	at org.apache.hadoop.ozone.om.request.s3.multipart.S3MultipartUploadCommitPartRequest.validateAndUpdateCache(S3MultipartUploadCommitPartRequest.java:189)
	at org.apache.hadoop.ozone.protocolPB.OzoneManagerRequestHandler.handleWriteRequest(OzoneManagerRequestHandler.java:254)
	at org.apache.hadoop.ozone.om.ratis.OzoneManagerStateMachine.runCommand(OzoneManagerStateMachine.java:524)
	at org.apache.hadoop.ozone.om.ratis.OzoneManagerStateMachine.lambda$1(OzoneManagerStateMachine.java:319)
	at java.util.concurrent.CompletableFuture$AsyncSupply.run(CompletableFuture.java:1604)
	at java.util.concurrent.ThreadPoolExecutor.runWorker(ThreadPoolExecutor.java:1149)
	at java.util.concurrent.ThreadPoolExecutor$Worker.run(ThreadPoolExecutor.java:624)
	at java.lang.Thread.run(Thread.java:750)
]]></system-out>
  </testcase>
  <testcase name="testCreateBucket" classname="org.apache.hadoop.ozone.client.rpc.TestSecureOzoneRpcClient" time="0.013">
    <system-out><![CDATA[2022-05-24 20:48:58,825 [Listener at 127.0.0.1/44485] INFO  rpc.RpcClient (RpcClient.java:createVolume(457)) - Creating Volume: 7824feeb-a72e-4fa7-b6c6-17ed52e7f222, with runner as owner and space quota set to -1 bytes, counts quota set to -1
2022-05-24 20:48:58,827 [OM StateMachine ApplyTransaction Thread - 0] INFO  volume.OMVolumeCreateRequest (OMVolumeCreateRequest.java:validateAndUpdateCache(195)) - created volume:7824feeb-a72e-4fa7-b6c6-17ed52e7f222 for user:runner
2022-05-24 20:48:58,828 [Listener at 127.0.0.1/44485] INFO  rpc.RpcClient (RpcClient.java:createBucket(646)) - Creating Bucket: 7824feeb-a72e-4fa7-b6c6-17ed52e7f222/88484a8e-cd7c-46b8-b826-938e5eb34ce0, with runner as owner and Versioning false and Storage Type set to DISK and Encryption set to false 
2022-05-24 20:48:58,831 [OM StateMachine ApplyTransaction Thread - 0] INFO  bucket.OMBucketCreateRequest (OMBucketCreateRequest.java:validateAndUpdateCache(258)) - created bucket: 88484a8e-cd7c-46b8-b826-938e5eb34ce0 of layout LEGACY in volume: 7824feeb-a72e-4fa7-b6c6-17ed52e7f222
]]></system-out>
  </testcase>
  <testcase name="testCreateBucketWithAcls" classname="org.apache.hadoop.ozone.client.rpc.TestSecureOzoneRpcClient" time="0.007">
    <system-out><![CDATA[2022-05-24 20:48:58,837 [Listener at 127.0.0.1/44485] INFO  rpc.RpcClient (RpcClient.java:createVolume(457)) - Creating Volume: 620105ce-45a8-4c5c-90b0-b69294d81e3c, with runner as owner and space quota set to -1 bytes, counts quota set to -1
2022-05-24 20:48:58,839 [OM StateMachine ApplyTransaction Thread - 0] INFO  volume.OMVolumeCreateRequest (OMVolumeCreateRequest.java:validateAndUpdateCache(195)) - created volume:620105ce-45a8-4c5c-90b0-b69294d81e3c for user:runner
2022-05-24 20:48:58,840 [Listener at 127.0.0.1/44485] INFO  rpc.RpcClient (RpcClient.java:createBucket(646)) - Creating Bucket: 620105ce-45a8-4c5c-90b0-b69294d81e3c/51c9ac2e-76de-4358-a160-1e1e4d24fa13, with runner as owner and Versioning false and Storage Type set to DISK and Encryption set to false 
2022-05-24 20:48:58,842 [OM StateMachine ApplyTransaction Thread - 0] INFO  bucket.OMBucketCreateRequest (OMBucketCreateRequest.java:validateAndUpdateCache(258)) - created bucket: 51c9ac2e-76de-4358-a160-1e1e4d24fa13 of layout LEGACY in volume: 620105ce-45a8-4c5c-90b0-b69294d81e3c
]]></system-out>
  </testcase>
  <testcase name="testCreateBucketWithAllArgument" classname="org.apache.hadoop.ozone.client.rpc.TestSecureOzoneRpcClient" time="0.008">
    <system-out><![CDATA[2022-05-24 20:48:58,845 [Listener at 127.0.0.1/44485] INFO  rpc.RpcClient (RpcClient.java:createVolume(457)) - Creating Volume: 40d5af1f-4048-48a3-bcf0-9a582dca84ea, with runner as owner and space quota set to -1 bytes, counts quota set to -1
2022-05-24 20:48:58,847 [OM StateMachine ApplyTransaction Thread - 0] INFO  volume.OMVolumeCreateRequest (OMVolumeCreateRequest.java:validateAndUpdateCache(195)) - created volume:40d5af1f-4048-48a3-bcf0-9a582dca84ea for user:runner
2022-05-24 20:48:58,848 [Listener at 127.0.0.1/44485] INFO  rpc.RpcClient (RpcClient.java:createBucket(646)) - Creating Bucket: 40d5af1f-4048-48a3-bcf0-9a582dca84ea/ca9157ab-3bd6-4670-982c-b2fc21a7baec, with runner as owner and Versioning true and Storage Type set to SSD and Encryption set to false 
2022-05-24 20:48:58,850 [OM StateMachine ApplyTransaction Thread - 0] INFO  bucket.OMBucketCreateRequest (OMBucketCreateRequest.java:validateAndUpdateCache(258)) - created bucket: ca9157ab-3bd6-4670-982c-b2fc21a7baec of layout LEGACY in volume: 40d5af1f-4048-48a3-bcf0-9a582dca84ea
]]></system-out>
  </testcase>
  <testcase name="testCreateBucketWithMetadata" classname="org.apache.hadoop.ozone.client.rpc.TestSecureOzoneRpcClient" time="0.007">
    <system-out><![CDATA[2022-05-24 20:48:58,855 [Listener at 127.0.0.1/44485] INFO  rpc.RpcClient (RpcClient.java:createVolume(457)) - Creating Volume: 1cc65569-51d2-4814-b4a4-4c46c4a6575b, with runner as owner and space quota set to -1 bytes, counts quota set to -1
2022-05-24 20:48:58,856 [OM StateMachine ApplyTransaction Thread - 0] INFO  volume.OMVolumeCreateRequest (OMVolumeCreateRequest.java:validateAndUpdateCache(195)) - created volume:1cc65569-51d2-4814-b4a4-4c46c4a6575b for user:runner
2022-05-24 20:48:58,857 [Listener at 127.0.0.1/44485] INFO  rpc.RpcClient (RpcClient.java:createBucket(646)) - Creating Bucket: 1cc65569-51d2-4814-b4a4-4c46c4a6575b/89c37ce7-6cb1-4962-a41d-beb0d5312daf, with runner as owner and Versioning false and Storage Type set to DISK and Encryption set to false 
2022-05-24 20:48:58,859 [OM StateMachine ApplyTransaction Thread - 0] INFO  bucket.OMBucketCreateRequest (OMBucketCreateRequest.java:validateAndUpdateCache(258)) - created bucket: 89c37ce7-6cb1-4962-a41d-beb0d5312daf of layout LEGACY in volume: 1cc65569-51d2-4814-b4a4-4c46c4a6575b
]]></system-out>
  </testcase>
  <testcase name="testCreateBucketWithReplicationConfig" classname="org.apache.hadoop.ozone.client.rpc.TestSecureOzoneRpcClient" time="0.009">
    <system-out><![CDATA[2022-05-24 20:48:58,864 [Listener at 127.0.0.1/44485] INFO  rpc.RpcClient (RpcClient.java:createVolume(457)) - Creating Volume: 2c63eb3c-3dd8-4cea-a405-b39a7c1ca41f, with runner as owner and space quota set to -1 bytes, counts quota set to -1
2022-05-24 20:48:58,867 [OM StateMachine ApplyTransaction Thread - 0] INFO  volume.OMVolumeCreateRequest (OMVolumeCreateRequest.java:validateAndUpdateCache(195)) - created volume:2c63eb3c-3dd8-4cea-a405-b39a7c1ca41f for user:runner
2022-05-24 20:48:58,868 [Listener at 127.0.0.1/44485] INFO  rpc.RpcClient (RpcClient.java:createBucket(646)) - Creating Bucket: 2c63eb3c-3dd8-4cea-a405-b39a7c1ca41f/0eabca7b-9fab-4524-a31c-6c4292337ae2, with runner as owner and Versioning false and Storage Type set to DISK and Encryption set to false 
2022-05-24 20:48:58,870 [OM StateMachine ApplyTransaction Thread - 0] INFO  bucket.OMBucketCreateRequest (OMBucketCreateRequest.java:validateAndUpdateCache(258)) - created bucket: 0eabca7b-9fab-4524-a31c-6c4292337ae2 of layout LEGACY in volume: 2c63eb3c-3dd8-4cea-a405-b39a7c1ca41f
]]></system-out>
  </testcase>
  <testcase name="testCreateBucketWithStorageType" classname="org.apache.hadoop.ozone.client.rpc.TestSecureOzoneRpcClient" time="0.006">
    <system-out><![CDATA[2022-05-24 20:48:58,872 [Listener at 127.0.0.1/44485] INFO  rpc.RpcClient (RpcClient.java:createVolume(457)) - Creating Volume: e0b33be1-3808-4448-9e8c-aface32ee70f, with runner as owner and space quota set to -1 bytes, counts quota set to -1
2022-05-24 20:48:58,873 [OM StateMachine ApplyTransaction Thread - 0] INFO  volume.OMVolumeCreateRequest (OMVolumeCreateRequest.java:validateAndUpdateCache(195)) - created volume:e0b33be1-3808-4448-9e8c-aface32ee70f for user:runner
2022-05-24 20:48:58,875 [Listener at 127.0.0.1/44485] INFO  rpc.RpcClient (RpcClient.java:createBucket(646)) - Creating Bucket: e0b33be1-3808-4448-9e8c-aface32ee70f/4ebc5b3e-2cc3-417b-86a0-faeedac5c954, with runner as owner and Versioning false and Storage Type set to SSD and Encryption set to false 
2022-05-24 20:48:58,877 [OM StateMachine ApplyTransaction Thread - 0] INFO  bucket.OMBucketCreateRequest (OMBucketCreateRequest.java:validateAndUpdateCache(258)) - created bucket: 4ebc5b3e-2cc3-417b-86a0-faeedac5c954 of layout LEGACY in volume: e0b33be1-3808-4448-9e8c-aface32ee70f
]]></system-out>
  </testcase>
  <testcase name="testCreateBucketWithVersioning" classname="org.apache.hadoop.ozone.client.rpc.TestSecureOzoneRpcClient" time="0.009">
    <system-out><![CDATA[2022-05-24 20:48:58,879 [Listener at 127.0.0.1/44485] INFO  rpc.RpcClient (RpcClient.java:createVolume(457)) - Creating Volume: 320a02aa-8f48-43cd-a9ef-933d6e9b7101, with runner as owner and space quota set to -1 bytes, counts quota set to -1
2022-05-24 20:48:58,883 [OM StateMachine ApplyTransaction Thread - 0] INFO  volume.OMVolumeCreateRequest (OMVolumeCreateRequest.java:validateAndUpdateCache(195)) - created volume:320a02aa-8f48-43cd-a9ef-933d6e9b7101 for user:runner
2022-05-24 20:48:58,884 [Listener at 127.0.0.1/44485] INFO  rpc.RpcClient (RpcClient.java:createBucket(646)) - Creating Bucket: 320a02aa-8f48-43cd-a9ef-933d6e9b7101/e4414794-8c15-4623-b0c3-ff3d43d14efd, with runner as owner and Versioning true and Storage Type set to DISK and Encryption set to false 
2022-05-24 20:48:58,886 [OM StateMachine ApplyTransaction Thread - 0] INFO  bucket.OMBucketCreateRequest (OMBucketCreateRequest.java:validateAndUpdateCache(258)) - created bucket: e4414794-8c15-4623-b0c3-ff3d43d14efd of layout LEGACY in volume: 320a02aa-8f48-43cd-a9ef-933d6e9b7101
]]></system-out>
  </testcase>
  <testcase name="testCreateS3Bucket" classname="org.apache.hadoop.ozone.client.rpc.TestSecureOzoneRpcClient" time="0.006">
    <system-out><![CDATA[2022-05-24 20:48:58,889 [Listener at 127.0.0.1/44485] INFO  rpc.RpcClient (RpcClient.java:createBucket(646)) - Creating Bucket: s3v/82e80b8a-65ab-484f-8051-e30f0c6ce679, with runner as owner and Versioning false and Storage Type set to DISK and Encryption set to false 
2022-05-24 20:48:58,891 [OM StateMachine ApplyTransaction Thread - 0] INFO  bucket.OMBucketCreateRequest (OMBucketCreateRequest.java:validateAndUpdateCache(258)) - created bucket: 82e80b8a-65ab-484f-8051-e30f0c6ce679 of layout LEGACY in volume: s3v
]]></system-out>
  </testcase>
  <testcase name="testCreateVolumeWithMetadata" classname="org.apache.hadoop.ozone.client.rpc.TestSecureOzoneRpcClient" time="0.003">
    <system-out><![CDATA[2022-05-24 20:48:58,894 [Listener at 127.0.0.1/44485] INFO  rpc.RpcClient (RpcClient.java:createVolume(457)) - Creating Volume: f25981bb-f2b2-4aa2-aa16-06df930eae11, with runner as owner and space quota set to -1 bytes, counts quota set to -1
2022-05-24 20:48:58,896 [OM StateMachine ApplyTransaction Thread - 0] INFO  volume.OMVolumeCreateRequest (OMVolumeCreateRequest.java:validateAndUpdateCache(195)) - created volume:f25981bb-f2b2-4aa2-aa16-06df930eae11 for user:runner
]]></system-out>
  </testcase>
  <testcase name="testDefaultS3GVolumeExists" classname="org.apache.hadoop.ozone.client.rpc.TestSecureOzoneRpcClient" time="0.001"/>
  <testcase name="testDeleteBucket" classname="org.apache.hadoop.ozone.client.rpc.TestSecureOzoneRpcClient" time="0.01">
    <system-out><![CDATA[2022-05-24 20:48:58,899 [Listener at 127.0.0.1/44485] INFO  rpc.RpcClient (RpcClient.java:createVolume(457)) - Creating Volume: 8fde4cf5-c529-48c6-8f5d-5313e5819d4c, with runner as owner and space quota set to -1 bytes, counts quota set to -1
2022-05-24 20:48:58,901 [OM StateMachine ApplyTransaction Thread - 0] INFO  volume.OMVolumeCreateRequest (OMVolumeCreateRequest.java:validateAndUpdateCache(195)) - created volume:8fde4cf5-c529-48c6-8f5d-5313e5819d4c for user:runner
2022-05-24 20:48:58,902 [Listener at 127.0.0.1/44485] INFO  rpc.RpcClient (RpcClient.java:createBucket(646)) - Creating Bucket: 8fde4cf5-c529-48c6-8f5d-5313e5819d4c/af07cf95-6f60-4089-964e-7ba41935d0f7, with runner as owner and Versioning false and Storage Type set to DISK and Encryption set to false 
2022-05-24 20:48:58,904 [OM StateMachine ApplyTransaction Thread - 0] INFO  bucket.OMBucketCreateRequest (OMBucketCreateRequest.java:validateAndUpdateCache(258)) - created bucket: af07cf95-6f60-4089-964e-7ba41935d0f7 of layout LEGACY in volume: 8fde4cf5-c529-48c6-8f5d-5313e5819d4c
]]></system-out>
  </testcase>
  <testcase name="testDeleteKey" classname="org.apache.hadoop.ozone.client.rpc.TestSecureOzoneRpcClient" time="0.047">
    <system-out><![CDATA[2022-05-24 20:48:58,912 [Listener at 127.0.0.1/44485] INFO  rpc.RpcClient (RpcClient.java:createVolume(457)) - Creating Volume: 4fb8b853-093e-4aa6-86b3-478ae4a5f6fd, with runner as owner and space quota set to -1 bytes, counts quota set to -1
2022-05-24 20:48:58,914 [OM StateMachine ApplyTransaction Thread - 0] INFO  volume.OMVolumeCreateRequest (OMVolumeCreateRequest.java:validateAndUpdateCache(195)) - created volume:4fb8b853-093e-4aa6-86b3-478ae4a5f6fd for user:runner
2022-05-24 20:48:58,915 [Listener at 127.0.0.1/44485] INFO  rpc.RpcClient (RpcClient.java:createBucket(646)) - Creating Bucket: 4fb8b853-093e-4aa6-86b3-478ae4a5f6fd/f60d2f37-e16b-4a40-9baf-378e98237ac5, with runner as owner and Versioning false and Storage Type set to DISK and Encryption set to false 
2022-05-24 20:48:58,917 [OM StateMachine ApplyTransaction Thread - 0] INFO  bucket.OMBucketCreateRequest (OMBucketCreateRequest.java:validateAndUpdateCache(258)) - created bucket: f60d2f37-e16b-4a40-9baf-378e98237ac5 of layout LEGACY in volume: 4fb8b853-093e-4aa6-86b3-478ae4a5f6fd
20:48:58.958 [IPC Server handler 16 on default port 44485] ERROR OMAudit - user=runner | ip=127.0.0.1 | op=READ_KEY {volume=4fb8b853-093e-4aa6-86b3-478ae4a5f6fd, bucket=f60d2f37-e16b-4a40-9baf-378e98237ac5, key=9f65b6e5-471a-4761-b96a-42a7bcbfb62f, dataSize=0, replicationConfig=null} | ret=FAILURE
org.apache.hadoop.ozone.om.exceptions.OMException: Key:9f65b6e5-471a-4761-b96a-42a7bcbfb62f not found
	at org.apache.hadoop.ozone.om.KeyManagerImpl.lookupKey(KeyManagerImpl.java:375) ~[ozone-manager-1.3.0-SNAPSHOT.jar:?]
	at org.apache.hadoop.ozone.om.OzoneManager.lookupKey(OzoneManager.java:2753) ~[ozone-manager-1.3.0-SNAPSHOT.jar:?]
	at org.apache.hadoop.ozone.protocolPB.OzoneManagerRequestHandler.lookupKey(OzoneManagerRequestHandler.java:402) ~[ozone-manager-1.3.0-SNAPSHOT.jar:?]
	at org.apache.hadoop.ozone.protocolPB.OzoneManagerRequestHandler.handleReadRequest(OzoneManagerRequestHandler.java:166) ~[ozone-manager-1.3.0-SNAPSHOT.jar:?]
	at org.apache.hadoop.ozone.protocolPB.OzoneManagerProtocolServerSideTranslatorPB.submitReadRequestToOM(OzoneManagerProtocolServerSideTranslatorPB.java:214) ~[ozone-manager-1.3.0-SNAPSHOT.jar:?]
	at org.apache.hadoop.ozone.protocolPB.OzoneManagerProtocolServerSideTranslatorPB.processRequest(OzoneManagerProtocolServerSideTranslatorPB.java:175) ~[ozone-manager-1.3.0-SNAPSHOT.jar:?]
	at org.apache.hadoop.hdds.server.OzoneProtocolMessageDispatcher.processRequest(OzoneProtocolMessageDispatcher.java:87) [hdds-server-framework-1.3.0-SNAPSHOT.jar:?]
	at org.apache.hadoop.ozone.protocolPB.OzoneManagerProtocolServerSideTranslatorPB.submitRequest(OzoneManagerProtocolServerSideTranslatorPB.java:147) [ozone-manager-1.3.0-SNAPSHOT.jar:?]
	at org.apache.hadoop.ozone.protocol.proto.OzoneManagerProtocolProtos$OzoneManagerService$2.callBlockingMethod(OzoneManagerProtocolProtos.java) [ozone-interface-client-1.3.0-SNAPSHOT.jar:?]
	at org.apache.hadoop.ipc.ProtobufRpcEngine$Server.processCall(ProtobufRpcEngine.java:466) [hadoop-common-3.3.1.jar:?]
	at org.apache.hadoop.ipc.ProtobufRpcEngine2$Server$ProtoBufRpcInvoker.call(ProtobufRpcEngine2.java:574) [hadoop-common-3.3.1.jar:?]
	at org.apache.hadoop.ipc.ProtobufRpcEngine2$Server$ProtoBufRpcInvoker.call(ProtobufRpcEngine2.java:552) [hadoop-common-3.3.1.jar:?]
	at org.apache.hadoop.ipc.RPC$Server.call(RPC.java:1093) [hadoop-common-3.3.1.jar:?]
	at org.apache.hadoop.ipc.Server$RpcCall.run(Server.java:1035) [hadoop-common-3.3.1.jar:?]
	at org.apache.hadoop.ipc.Server$RpcCall.run(Server.java:963) [hadoop-common-3.3.1.jar:?]
	at java.security.AccessController.doPrivileged(Native Method) ~[?:1.8.0_332]
	at javax.security.auth.Subject.doAs(Subject.java:422) [?:1.8.0_332]
	at org.apache.hadoop.security.UserGroupInformation.doAs(UserGroupInformation.java:1878) [hadoop-common-3.3.1.jar:?]
	at org.apache.hadoop.ipc.Server$Handler.run(Server.java:2966) [hadoop-common-3.3.1.jar:?]
]]></system-out>
  </testcase>
  <testcase name="testDeleteS3Bucket" classname="org.apache.hadoop.ozone.client.rpc.TestSecureOzoneRpcClient" time="0.008">
    <system-out><![CDATA[2022-05-24 20:48:58,961 [Listener at 127.0.0.1/44485] INFO  rpc.RpcClient (RpcClient.java:createBucket(646)) - Creating Bucket: s3v/282e8c73-d872-4d10-b4ff-124320d8d36c, with runner as owner and Versioning false and Storage Type set to DISK and Encryption set to false 
2022-05-24 20:48:58,962 [OM StateMachine ApplyTransaction Thread - 0] INFO  bucket.OMBucketCreateRequest (OMBucketCreateRequest.java:validateAndUpdateCache(258)) - created bucket: 282e8c73-d872-4d10-b4ff-124320d8d36c of layout LEGACY in volume: s3v
]]></system-out>
  </testcase>
  <testcase name="testDeleteS3NonExistingBucket" classname="org.apache.hadoop.ozone.client.rpc.TestSecureOzoneRpcClient" time="0.005">
    <system-out><![CDATA[20:48:58.972 [OM StateMachine ApplyTransaction Thread - 0] ERROR OMAudit - user=runner | ip=127.0.0.1 | op=DELETE_BUCKET {volume=s3v, bucket=a28fab67-2815-464a-8d78-ebd4c4e26dad} | ret=FAILURE
org.apache.hadoop.ozone.om.exceptions.OMException: Bucket not found
	at org.apache.hadoop.ozone.om.OzoneManager.getBucketOwner(OzoneManager.java:2432) ~[ozone-manager-1.3.0-SNAPSHOT.jar:?]
	at org.apache.hadoop.ozone.om.OzoneManager.getBucketOwner(OzoneManager.java:2402) ~[ozone-manager-1.3.0-SNAPSHOT.jar:?]
	at org.apache.hadoop.ozone.om.request.OMClientRequest.checkAcls(OMClientRequest.java:205) ~[ozone-manager-1.3.0-SNAPSHOT.jar:?]
	at org.apache.hadoop.ozone.om.request.bucket.OMBucketDeleteRequest.validateAndUpdateCache(OMBucketDeleteRequest.java:102) ~[ozone-manager-1.3.0-SNAPSHOT.jar:?]
	at org.apache.hadoop.ozone.protocolPB.OzoneManagerRequestHandler.handleWriteRequest(OzoneManagerRequestHandler.java:254) ~[ozone-manager-1.3.0-SNAPSHOT.jar:?]
	at org.apache.hadoop.ozone.om.ratis.OzoneManagerStateMachine.runCommand(OzoneManagerStateMachine.java:524) ~[ozone-manager-1.3.0-SNAPSHOT.jar:?]
	at org.apache.hadoop.ozone.om.ratis.OzoneManagerStateMachine.lambda$1(OzoneManagerStateMachine.java:319) ~[ozone-manager-1.3.0-SNAPSHOT.jar:?]
	at java.util.concurrent.CompletableFuture$AsyncSupply.run(CompletableFuture.java:1604) [?:1.8.0_332]
	at java.util.concurrent.ThreadPoolExecutor.runWorker(ThreadPoolExecutor.java:1149) [?:1.8.0_332]
	at java.util.concurrent.ThreadPoolExecutor$Worker.run(ThreadPoolExecutor.java:624) [?:1.8.0_332]
	at java.lang.Thread.run(Thread.java:750) [?:1.8.0_332]
2022-05-24 20:48:58,972 [OM StateMachine ApplyTransaction Thread - 0] ERROR bucket.OMBucketDeleteRequest (OMBucketDeleteRequest.java:validateAndUpdateCache(189)) - Delete bucket failed for bucket:a28fab67-2815-464a-8d78-ebd4c4e26dad in volume:s3v
BUCKET_NOT_FOUND org.apache.hadoop.ozone.om.exceptions.OMException: Bucket not found
	at org.apache.hadoop.ozone.om.OzoneManager.getBucketOwner(OzoneManager.java:2432)
	at org.apache.hadoop.ozone.om.OzoneManager.getBucketOwner(OzoneManager.java:2402)
	at org.apache.hadoop.ozone.om.request.OMClientRequest.checkAcls(OMClientRequest.java:205)
	at org.apache.hadoop.ozone.om.request.bucket.OMBucketDeleteRequest.validateAndUpdateCache(OMBucketDeleteRequest.java:102)
	at org.apache.hadoop.ozone.protocolPB.OzoneManagerRequestHandler.handleWriteRequest(OzoneManagerRequestHandler.java:254)
	at org.apache.hadoop.ozone.om.ratis.OzoneManagerStateMachine.runCommand(OzoneManagerStateMachine.java:524)
	at org.apache.hadoop.ozone.om.ratis.OzoneManagerStateMachine.lambda$1(OzoneManagerStateMachine.java:319)
	at java.util.concurrent.CompletableFuture$AsyncSupply.run(CompletableFuture.java:1604)
	at java.util.concurrent.ThreadPoolExecutor.runWorker(ThreadPoolExecutor.java:1149)
	at java.util.concurrent.ThreadPoolExecutor$Worker.run(ThreadPoolExecutor.java:624)
	at java.lang.Thread.run(Thread.java:750)
]]></system-out>
  </testcase>
  <testcase name="testDeleteVolume" classname="org.apache.hadoop.ozone.client.rpc.TestSecureOzoneRpcClient" time="0.005">
    <system-out><![CDATA[2022-05-24 20:48:58,973 [Listener at 127.0.0.1/44485] INFO  rpc.RpcClient (RpcClient.java:createVolume(457)) - Creating Volume: 7e9af007-38c7-4d96-8410-4cd6fc1f6d58, with runner as owner and space quota set to -1 bytes, counts quota set to -1
2022-05-24 20:48:58,975 [OM StateMachine ApplyTransaction Thread - 0] INFO  volume.OMVolumeCreateRequest (OMVolumeCreateRequest.java:validateAndUpdateCache(195)) - created volume:7e9af007-38c7-4d96-8410-4cd6fc1f6d58 for user:runner
]]></system-out>
  </testcase>
  <testcase name="testDeletedKeyForGDPR" classname="org.apache.hadoop.ozone.client.rpc.TestSecureOzoneRpcClient" time="0.073">
    <system-out><![CDATA[2022-05-24 20:48:58,979 [Listener at 127.0.0.1/44485] INFO  rpc.RpcClient (RpcClient.java:createVolume(457)) - Creating Volume: 621e0098-5780-4fd8-94a0-e6c8e590587c, with runner as owner and space quota set to -1 bytes, counts quota set to -1
2022-05-24 20:48:58,980 [OM StateMachine ApplyTransaction Thread - 0] INFO  volume.OMVolumeCreateRequest (OMVolumeCreateRequest.java:validateAndUpdateCache(195)) - created volume:621e0098-5780-4fd8-94a0-e6c8e590587c for user:runner
2022-05-24 20:48:58,981 [Listener at 127.0.0.1/44485] INFO  rpc.RpcClient (RpcClient.java:createBucket(646)) - Creating Bucket: 621e0098-5780-4fd8-94a0-e6c8e590587c/718b46f0-2d7b-4e95-b4d6-5c1cd8d43c10, with runner as owner and Versioning false and Storage Type set to DISK and Encryption set to false 
2022-05-24 20:48:58,983 [OM StateMachine ApplyTransaction Thread - 0] INFO  bucket.OMBucketCreateRequest (OMBucketCreateRequest.java:validateAndUpdateCache(258)) - created bucket: 718b46f0-2d7b-4e95-b4d6-5c1cd8d43c10 of layout LEGACY in volume: 621e0098-5780-4fd8-94a0-e6c8e590587c
]]></system-out>
  </testcase>
  <testcase name="testFSOBucketUsedBytes" classname="org.apache.hadoop.ozone.client.rpc.TestSecureOzoneRpcClient" time="0.074">
    <system-out><![CDATA[2022-05-24 20:48:59,053 [Listener at 127.0.0.1/44485] INFO  rpc.RpcClient (RpcClient.java:createVolume(457)) - Creating Volume: a50b3ecd-b8fa-40a9-a3af-e6948423f2e2, with runner as owner and space quota set to -1 bytes, counts quota set to -1
2022-05-24 20:48:59,055 [OM StateMachine ApplyTransaction Thread - 0] INFO  volume.OMVolumeCreateRequest (OMVolumeCreateRequest.java:validateAndUpdateCache(195)) - created volume:a50b3ecd-b8fa-40a9-a3af-e6948423f2e2 for user:runner
2022-05-24 20:48:59,056 [Listener at 127.0.0.1/44485] INFO  rpc.RpcClient (RpcClient.java:createBucket(646)) - Creating Bucket: a50b3ecd-b8fa-40a9-a3af-e6948423f2e2/fb671af6-ec99-4927-8c05-bf9e7b5e9036, with runner as owner and Versioning false and Storage Type set to DISK and Encryption set to false 
2022-05-24 20:48:59,059 [OM StateMachine ApplyTransaction Thread - 0] INFO  bucket.OMBucketCreateRequest (OMBucketCreateRequest.java:validateAndUpdateCache(258)) - created bucket: fb671af6-ec99-4927-8c05-bf9e7b5e9036 of layout FILE_SYSTEM_OPTIMIZED in volume: a50b3ecd-b8fa-40a9-a3af-e6948423f2e2
]]></system-out>
  </testcase>
  <testcase name="testGetKeyDetails" classname="org.apache.hadoop.ozone.client.rpc.TestSecureOzoneRpcClient" time="0.062">
    <system-out><![CDATA[2022-05-24 20:48:59,128 [Listener at 127.0.0.1/44485] INFO  rpc.RpcClient (RpcClient.java:createVolume(457)) - Creating Volume: 8454b8d4-c06e-45b1-93e2-33cb938a442b, with runner as owner and space quota set to -1 bytes, counts quota set to -1
2022-05-24 20:48:59,129 [OM StateMachine ApplyTransaction Thread - 0] INFO  volume.OMVolumeCreateRequest (OMVolumeCreateRequest.java:validateAndUpdateCache(195)) - created volume:8454b8d4-c06e-45b1-93e2-33cb938a442b for user:runner
2022-05-24 20:48:59,131 [Listener at 127.0.0.1/44485] INFO  rpc.RpcClient (RpcClient.java:createBucket(646)) - Creating Bucket: 8454b8d4-c06e-45b1-93e2-33cb938a442b/9455a56a-4c61-4b65-841a-b7681bafd043, with runner as owner and Versioning false and Storage Type set to DISK and Encryption set to false 
2022-05-24 20:48:59,132 [OM StateMachine ApplyTransaction Thread - 0] INFO  bucket.OMBucketCreateRequest (OMBucketCreateRequest.java:validateAndUpdateCache(258)) - created bucket: 9455a56a-4c61-4b65-841a-b7681bafd043 of layout LEGACY in volume: 8454b8d4-c06e-45b1-93e2-33cb938a442b
]]></system-out>
  </testcase>
  <testcase name="testHeadObject" classname="org.apache.hadoop.ozone.client.rpc.TestSecureOzoneRpcClient" time="0.038">
    <system-out><![CDATA[2022-05-24 20:48:59,190 [Listener at 127.0.0.1/44485] INFO  rpc.RpcClient (RpcClient.java:createVolume(457)) - Creating Volume: ceb5ea77-9ecc-46bb-863f-25facd938067, with runner as owner and space quota set to -1 bytes, counts quota set to -1
2022-05-24 20:48:59,193 [OM StateMachine ApplyTransaction Thread - 0] INFO  volume.OMVolumeCreateRequest (OMVolumeCreateRequest.java:validateAndUpdateCache(195)) - created volume:ceb5ea77-9ecc-46bb-863f-25facd938067 for user:runner
2022-05-24 20:48:59,194 [Listener at 127.0.0.1/44485] INFO  rpc.RpcClient (RpcClient.java:createBucket(646)) - Creating Bucket: ceb5ea77-9ecc-46bb-863f-25facd938067/8fed15f7-229a-4dfc-8c59-184039a0dcbf, with runner as owner and Versioning false and Storage Type set to DISK and Encryption set to false 
2022-05-24 20:48:59,195 [OM StateMachine ApplyTransaction Thread - 0] INFO  bucket.OMBucketCreateRequest (OMBucketCreateRequest.java:validateAndUpdateCache(258)) - created bucket: 8fed15f7-229a-4dfc-8c59-184039a0dcbf of layout LEGACY in volume: ceb5ea77-9ecc-46bb-863f-25facd938067
20:48:59.226 [IPC Server handler 0 on default port 44485] ERROR OMAudit - user=runner | ip=127.0.0.1 | op=READ_KEY {volume=ceb5ea77-9ecc-46bb-863f-25facd938067, bucket=8fed15f7-229a-4dfc-8c59-184039a0dcbf, key=5aef6a3f-bdee-425b-92a5-eb0eb05b5da2, dataSize=0, replicationConfig=null} | ret=FAILURE
org.apache.hadoop.ozone.om.exceptions.OMException: Key:5aef6a3f-bdee-425b-92a5-eb0eb05b5da2 not found
	at org.apache.hadoop.ozone.om.KeyManagerImpl.lookupKey(KeyManagerImpl.java:375) ~[ozone-manager-1.3.0-SNAPSHOT.jar:?]
	at org.apache.hadoop.ozone.om.OzoneManager.lookupKey(OzoneManager.java:2753) ~[ozone-manager-1.3.0-SNAPSHOT.jar:?]
	at org.apache.hadoop.ozone.protocolPB.OzoneManagerRequestHandler.lookupKey(OzoneManagerRequestHandler.java:402) ~[ozone-manager-1.3.0-SNAPSHOT.jar:?]
	at org.apache.hadoop.ozone.protocolPB.OzoneManagerRequestHandler.handleReadRequest(OzoneManagerRequestHandler.java:166) ~[ozone-manager-1.3.0-SNAPSHOT.jar:?]
	at org.apache.hadoop.ozone.protocolPB.OzoneManagerProtocolServerSideTranslatorPB.submitReadRequestToOM(OzoneManagerProtocolServerSideTranslatorPB.java:214) ~[ozone-manager-1.3.0-SNAPSHOT.jar:?]
	at org.apache.hadoop.ozone.protocolPB.OzoneManagerProtocolServerSideTranslatorPB.processRequest(OzoneManagerProtocolServerSideTranslatorPB.java:175) ~[ozone-manager-1.3.0-SNAPSHOT.jar:?]
	at org.apache.hadoop.hdds.server.OzoneProtocolMessageDispatcher.processRequest(OzoneProtocolMessageDispatcher.java:87) [hdds-server-framework-1.3.0-SNAPSHOT.jar:?]
	at org.apache.hadoop.ozone.protocolPB.OzoneManagerProtocolServerSideTranslatorPB.submitRequest(OzoneManagerProtocolServerSideTranslatorPB.java:147) [ozone-manager-1.3.0-SNAPSHOT.jar:?]
	at org.apache.hadoop.ozone.protocol.proto.OzoneManagerProtocolProtos$OzoneManagerService$2.callBlockingMethod(OzoneManagerProtocolProtos.java) [ozone-interface-client-1.3.0-SNAPSHOT.jar:?]
	at org.apache.hadoop.ipc.ProtobufRpcEngine$Server.processCall(ProtobufRpcEngine.java:466) [hadoop-common-3.3.1.jar:?]
	at org.apache.hadoop.ipc.ProtobufRpcEngine2$Server$ProtoBufRpcInvoker.call(ProtobufRpcEngine2.java:574) [hadoop-common-3.3.1.jar:?]
	at org.apache.hadoop.ipc.ProtobufRpcEngine2$Server$ProtoBufRpcInvoker.call(ProtobufRpcEngine2.java:552) [hadoop-common-3.3.1.jar:?]
	at org.apache.hadoop.ipc.RPC$Server.call(RPC.java:1093) [hadoop-common-3.3.1.jar:?]
	at org.apache.hadoop.ipc.Server$RpcCall.run(Server.java:1035) [hadoop-common-3.3.1.jar:?]
	at org.apache.hadoop.ipc.Server$RpcCall.run(Server.java:963) [hadoop-common-3.3.1.jar:?]
	at java.security.AccessController.doPrivileged(Native Method) ~[?:1.8.0_332]
	at javax.security.auth.Subject.doAs(Subject.java:422) [?:1.8.0_332]
	at org.apache.hadoop.security.UserGroupInformation.doAs(UserGroupInformation.java:1878) [hadoop-common-3.3.1.jar:?]
	at org.apache.hadoop.ipc.Server$Handler.run(Server.java:2966) [hadoop-common-3.3.1.jar:?]
]]></system-out>
  </testcase>
  <testcase name="testInitiateMultipartUpload(ReplicationConfig)[1]" classname="org.apache.hadoop.ozone.client.rpc.TestSecureOzoneRpcClient" time="0.012">
    <system-out><![CDATA[2022-05-24 20:48:59,229 [Listener at 127.0.0.1/44485] INFO  rpc.RpcClient (RpcClient.java:createVolume(457)) - Creating Volume: 380ea72c-99a8-46c9-9d35-e370f3658f67, with runner as owner and space quota set to -1 bytes, counts quota set to -1
2022-05-24 20:48:59,232 [OM StateMachine ApplyTransaction Thread - 0] INFO  volume.OMVolumeCreateRequest (OMVolumeCreateRequest.java:validateAndUpdateCache(195)) - created volume:380ea72c-99a8-46c9-9d35-e370f3658f67 for user:runner
2022-05-24 20:48:59,233 [Listener at 127.0.0.1/44485] INFO  rpc.RpcClient (RpcClient.java:createBucket(646)) - Creating Bucket: 380ea72c-99a8-46c9-9d35-e370f3658f67/453b3b09-2e88-493b-b6d6-a6d687e12ebe, with runner as owner and Versioning false and Storage Type set to DISK and Encryption set to false 
2022-05-24 20:48:59,235 [OM StateMachine ApplyTransaction Thread - 0] INFO  bucket.OMBucketCreateRequest (OMBucketCreateRequest.java:validateAndUpdateCache(258)) - created bucket: 453b3b09-2e88-493b-b6d6-a6d687e12ebe of layout LEGACY in volume: 380ea72c-99a8-46c9-9d35-e370f3658f67
]]></system-out>
  </testcase>
  <testcase name="testInitiateMultipartUpload(ReplicationConfig)[2]" classname="org.apache.hadoop.ozone.client.rpc.TestSecureOzoneRpcClient" time="0.009">
    <system-out><![CDATA[2022-05-24 20:48:59,241 [Listener at 127.0.0.1/44485] INFO  rpc.RpcClient (RpcClient.java:createVolume(457)) - Creating Volume: acab3e3e-9636-4827-aff1-b6fba74c38d6, with runner as owner and space quota set to -1 bytes, counts quota set to -1
2022-05-24 20:48:59,243 [OM StateMachine ApplyTransaction Thread - 0] INFO  volume.OMVolumeCreateRequest (OMVolumeCreateRequest.java:validateAndUpdateCache(195)) - created volume:acab3e3e-9636-4827-aff1-b6fba74c38d6 for user:runner
2022-05-24 20:48:59,244 [Listener at 127.0.0.1/44485] INFO  rpc.RpcClient (RpcClient.java:createBucket(646)) - Creating Bucket: acab3e3e-9636-4827-aff1-b6fba74c38d6/c52beebe-c100-4ca7-881d-42647e28afaa, with runner as owner and Versioning false and Storage Type set to DISK and Encryption set to false 
2022-05-24 20:48:59,245 [OM StateMachine ApplyTransaction Thread - 0] INFO  bucket.OMBucketCreateRequest (OMBucketCreateRequest.java:validateAndUpdateCache(258)) - created bucket: c52beebe-c100-4ca7-881d-42647e28afaa of layout LEGACY in volume: acab3e3e-9636-4827-aff1-b6fba74c38d6
]]></system-out>
  </testcase>
  <testcase name="testInitiateMultipartUpload(ReplicationConfig)[3]" classname="org.apache.hadoop.ozone.client.rpc.TestSecureOzoneRpcClient" time="0.011">
    <system-out><![CDATA[2022-05-24 20:48:59,252 [Listener at 127.0.0.1/44485] INFO  rpc.RpcClient (RpcClient.java:createVolume(457)) - Creating Volume: 3f1e506b-3a59-460f-8ed5-b074c1734fb4, with runner as owner and space quota set to -1 bytes, counts quota set to -1
2022-05-24 20:48:59,254 [OM StateMachine ApplyTransaction Thread - 0] INFO  volume.OMVolumeCreateRequest (OMVolumeCreateRequest.java:validateAndUpdateCache(195)) - created volume:3f1e506b-3a59-460f-8ed5-b074c1734fb4 for user:runner
2022-05-24 20:48:59,255 [Listener at 127.0.0.1/44485] INFO  rpc.RpcClient (RpcClient.java:createBucket(646)) - Creating Bucket: 3f1e506b-3a59-460f-8ed5-b074c1734fb4/b5dda399-7e04-4579-b213-ce40bc3fc6db, with runner as owner and Versioning false and Storage Type set to DISK and Encryption set to false 
2022-05-24 20:48:59,256 [OM StateMachine ApplyTransaction Thread - 0] INFO  bucket.OMBucketCreateRequest (OMBucketCreateRequest.java:validateAndUpdateCache(258)) - created bucket: b5dda399-7e04-4579-b213-ce40bc3fc6db of layout LEGACY in volume: 3f1e506b-3a59-460f-8ed5-b074c1734fb4
]]></system-out>
  </testcase>
  <testcase name="testInitiateMultipartUploadWithDefaultReplication" classname="org.apache.hadoop.ozone.client.rpc.TestSecureOzoneRpcClient" time="0.013">
    <system-out><![CDATA[2022-05-24 20:48:59,263 [Listener at 127.0.0.1/44485] INFO  rpc.RpcClient (RpcClient.java:createVolume(457)) - Creating Volume: 88f0cd3a-d867-417f-8bca-e9e8d826da3b, with runner as owner and space quota set to -1 bytes, counts quota set to -1
2022-05-24 20:48:59,265 [OM StateMachine ApplyTransaction Thread - 0] INFO  volume.OMVolumeCreateRequest (OMVolumeCreateRequest.java:validateAndUpdateCache(195)) - created volume:88f0cd3a-d867-417f-8bca-e9e8d826da3b for user:runner
2022-05-24 20:48:59,270 [Listener at 127.0.0.1/44485] INFO  rpc.RpcClient (RpcClient.java:createBucket(646)) - Creating Bucket: 88f0cd3a-d867-417f-8bca-e9e8d826da3b/6655165b-ea74-4a53-82c2-aba560b4f423, with runner as owner and Versioning false and Storage Type set to DISK and Encryption set to false 
2022-05-24 20:48:59,271 [OM StateMachine ApplyTransaction Thread - 0] INFO  bucket.OMBucketCreateRequest (OMBucketCreateRequest.java:validateAndUpdateCache(258)) - created bucket: 6655165b-ea74-4a53-82c2-aba560b4f423 of layout LEGACY in volume: 88f0cd3a-d867-417f-8bca-e9e8d826da3b
]]></system-out>
  </testcase>
  <testcase name="testInvalidBucketCreation" classname="org.apache.hadoop.ozone.client.rpc.TestSecureOzoneRpcClient" time="0.006">
    <system-out><![CDATA[2022-05-24 20:48:59,277 [Listener at 127.0.0.1/44485] INFO  rpc.RpcClient (RpcClient.java:createVolume(457)) - Creating Volume: f6dd8948-98c6-485b-87b1-ed7c7e74d183, with runner as owner and space quota set to -1 bytes, counts quota set to -1
2022-05-24 20:48:59,278 [OM StateMachine ApplyTransaction Thread - 0] INFO  volume.OMVolumeCreateRequest (OMVolumeCreateRequest.java:validateAndUpdateCache(195)) - created volume:f6dd8948-98c6-485b-87b1-ed7c7e74d183 for user:runner
]]></system-out>
  </testcase>
  <testcase name="testKeyOpFailureWithoutBlockToken" classname="org.apache.hadoop.ozone.client.rpc.TestSecureOzoneRpcClient" time="0">
    <skipped message="Needs to be moved out of this class as  client setup is static"/>
  </testcase>
  <testcase name="testKeyReadWriteForGDPR" classname="org.apache.hadoop.ozone.client.rpc.TestSecureOzoneRpcClient" time="0.066">
    <system-out><![CDATA[2022-05-24 20:48:59,286 [Listener at 127.0.0.1/44485] INFO  rpc.RpcClient (RpcClient.java:createVolume(457)) - Creating Volume: 733fed5f-6adb-4422-91bc-338ff53fe1b6, with runner as owner and space quota set to -1 bytes, counts quota set to -1
2022-05-24 20:48:59,289 [OM StateMachine ApplyTransaction Thread - 0] INFO  volume.OMVolumeCreateRequest (OMVolumeCreateRequest.java:validateAndUpdateCache(195)) - created volume:733fed5f-6adb-4422-91bc-338ff53fe1b6 for user:runner
2022-05-24 20:48:59,291 [Listener at 127.0.0.1/44485] INFO  rpc.RpcClient (RpcClient.java:createBucket(646)) - Creating Bucket: 733fed5f-6adb-4422-91bc-338ff53fe1b6/0bc1c775-8a55-49f7-8f63-c654ba9dcb86, with runner as owner and Versioning false and Storage Type set to DISK and Encryption set to false 
2022-05-24 20:48:59,293 [OM StateMachine ApplyTransaction Thread - 0] INFO  bucket.OMBucketCreateRequest (OMBucketCreateRequest.java:validateAndUpdateCache(258)) - created bucket: 0bc1c775-8a55-49f7-8f63-c654ba9dcb86 of layout LEGACY in volume: 733fed5f-6adb-4422-91bc-338ff53fe1b6
]]></system-out>
  </testcase>
  <testcase name="testKeysRename" classname="org.apache.hadoop.ozone.client.rpc.TestSecureOzoneRpcClient" time="0.138">
    <system-out><![CDATA[2022-05-24 20:48:59,352 [Listener at 127.0.0.1/44485] INFO  rpc.RpcClient (RpcClient.java:createVolume(457)) - Creating Volume: ebe39d95-41aa-4785-a994-c5587719be37, with runner as owner and space quota set to -1 bytes, counts quota set to -1
2022-05-24 20:48:59,357 [OM StateMachine ApplyTransaction Thread - 0] INFO  volume.OMVolumeCreateRequest (OMVolumeCreateRequest.java:validateAndUpdateCache(195)) - created volume:ebe39d95-41aa-4785-a994-c5587719be37 for user:runner
2022-05-24 20:48:59,358 [Listener at 127.0.0.1/44485] INFO  rpc.RpcClient (RpcClient.java:createBucket(646)) - Creating Bucket: ebe39d95-41aa-4785-a994-c5587719be37/c3926a33-441d-4d11-872c-77daddd895a8, with runner as owner and Versioning false and Storage Type set to DISK and Encryption set to false 
2022-05-24 20:48:59,360 [OM StateMachine ApplyTransaction Thread - 0] INFO  bucket.OMBucketCreateRequest (OMBucketCreateRequest.java:validateAndUpdateCache(258)) - created bucket: c3926a33-441d-4d11-872c-77daddd895a8 of layout LEGACY in volume: ebe39d95-41aa-4785-a994-c5587719be37
20:48:59.487 [IPC Server handler 15 on default port 44485] ERROR OMAudit - user=runner | ip=127.0.0.1 | op=READ_KEY {volume=ebe39d95-41aa-4785-a994-c5587719be37, bucket=c3926a33-441d-4d11-872c-77daddd895a8, key=dir/file1, dataSize=0, replicationConfig=null} | ret=FAILURE
org.apache.hadoop.ozone.om.exceptions.OMException: Key:dir/file1 not found
	at org.apache.hadoop.ozone.om.KeyManagerImpl.lookupKey(KeyManagerImpl.java:375) ~[ozone-manager-1.3.0-SNAPSHOT.jar:?]
	at org.apache.hadoop.ozone.om.OzoneManager.lookupKey(OzoneManager.java:2753) ~[ozone-manager-1.3.0-SNAPSHOT.jar:?]
	at org.apache.hadoop.ozone.protocolPB.OzoneManagerRequestHandler.lookupKey(OzoneManagerRequestHandler.java:402) ~[ozone-manager-1.3.0-SNAPSHOT.jar:?]
	at org.apache.hadoop.ozone.protocolPB.OzoneManagerRequestHandler.handleReadRequest(OzoneManagerRequestHandler.java:166) ~[ozone-manager-1.3.0-SNAPSHOT.jar:?]
	at org.apache.hadoop.ozone.protocolPB.OzoneManagerProtocolServerSideTranslatorPB.submitReadRequestToOM(OzoneManagerProtocolServerSideTranslatorPB.java:214) ~[ozone-manager-1.3.0-SNAPSHOT.jar:?]
	at org.apache.hadoop.ozone.protocolPB.OzoneManagerProtocolServerSideTranslatorPB.processRequest(OzoneManagerProtocolServerSideTranslatorPB.java:175) ~[ozone-manager-1.3.0-SNAPSHOT.jar:?]
	at org.apache.hadoop.hdds.server.OzoneProtocolMessageDispatcher.processRequest(OzoneProtocolMessageDispatcher.java:87) [hdds-server-framework-1.3.0-SNAPSHOT.jar:?]
	at org.apache.hadoop.ozone.protocolPB.OzoneManagerProtocolServerSideTranslatorPB.submitRequest(OzoneManagerProtocolServerSideTranslatorPB.java:147) [ozone-manager-1.3.0-SNAPSHOT.jar:?]
	at org.apache.hadoop.ozone.protocol.proto.OzoneManagerProtocolProtos$OzoneManagerService$2.callBlockingMethod(OzoneManagerProtocolProtos.java) [ozone-interface-client-1.3.0-SNAPSHOT.jar:?]
	at org.apache.hadoop.ipc.ProtobufRpcEngine$Server.processCall(ProtobufRpcEngine.java:466) [hadoop-common-3.3.1.jar:?]
	at org.apache.hadoop.ipc.ProtobufRpcEngine2$Server$ProtoBufRpcInvoker.call(ProtobufRpcEngine2.java:574) [hadoop-common-3.3.1.jar:?]
	at org.apache.hadoop.ipc.ProtobufRpcEngine2$Server$ProtoBufRpcInvoker.call(ProtobufRpcEngine2.java:552) [hadoop-common-3.3.1.jar:?]
	at org.apache.hadoop.ipc.RPC$Server.call(RPC.java:1093) [hadoop-common-3.3.1.jar:?]
	at org.apache.hadoop.ipc.Server$RpcCall.run(Server.java:1035) [hadoop-common-3.3.1.jar:?]
	at org.apache.hadoop.ipc.Server$RpcCall.run(Server.java:963) [hadoop-common-3.3.1.jar:?]
	at java.security.AccessController.doPrivileged(Native Method) ~[?:1.8.0_332]
	at javax.security.auth.Subject.doAs(Subject.java:422) [?:1.8.0_332]
	at org.apache.hadoop.security.UserGroupInformation.doAs(UserGroupInformation.java:1878) [hadoop-common-3.3.1.jar:?]
	at org.apache.hadoop.ipc.Server$Handler.run(Server.java:2966) [hadoop-common-3.3.1.jar:?]
20:48:59.488 [IPC Server handler 13 on default port 44485] ERROR OMAudit - user=runner | ip=127.0.0.1 | op=READ_KEY {volume=ebe39d95-41aa-4785-a994-c5587719be37, bucket=c3926a33-441d-4d11-872c-77daddd895a8, key=dir/file2, dataSize=0, replicationConfig=null} | ret=FAILURE
org.apache.hadoop.ozone.om.exceptions.OMException: Key:dir/file2 not found
	at org.apache.hadoop.ozone.om.KeyManagerImpl.lookupKey(KeyManagerImpl.java:375) ~[ozone-manager-1.3.0-SNAPSHOT.jar:?]
	at org.apache.hadoop.ozone.om.OzoneManager.lookupKey(OzoneManager.java:2753) ~[ozone-manager-1.3.0-SNAPSHOT.jar:?]
	at org.apache.hadoop.ozone.protocolPB.OzoneManagerRequestHandler.lookupKey(OzoneManagerRequestHandler.java:402) ~[ozone-manager-1.3.0-SNAPSHOT.jar:?]
	at org.apache.hadoop.ozone.protocolPB.OzoneManagerRequestHandler.handleReadRequest(OzoneManagerRequestHandler.java:166) ~[ozone-manager-1.3.0-SNAPSHOT.jar:?]
	at org.apache.hadoop.ozone.protocolPB.OzoneManagerProtocolServerSideTranslatorPB.submitReadRequestToOM(OzoneManagerProtocolServerSideTranslatorPB.java:214) ~[ozone-manager-1.3.0-SNAPSHOT.jar:?]
	at org.apache.hadoop.ozone.protocolPB.OzoneManagerProtocolServerSideTranslatorPB.processRequest(OzoneManagerProtocolServerSideTranslatorPB.java:175) ~[ozone-manager-1.3.0-SNAPSHOT.jar:?]
	at org.apache.hadoop.hdds.server.OzoneProtocolMessageDispatcher.processRequest(OzoneProtocolMessageDispatcher.java:87) [hdds-server-framework-1.3.0-SNAPSHOT.jar:?]
	at org.apache.hadoop.ozone.protocolPB.OzoneManagerProtocolServerSideTranslatorPB.submitRequest(OzoneManagerProtocolServerSideTranslatorPB.java:147) [ozone-manager-1.3.0-SNAPSHOT.jar:?]
	at org.apache.hadoop.ozone.protocol.proto.OzoneManagerProtocolProtos$OzoneManagerService$2.callBlockingMethod(OzoneManagerProtocolProtos.java) [ozone-interface-client-1.3.0-SNAPSHOT.jar:?]
	at org.apache.hadoop.ipc.ProtobufRpcEngine$Server.processCall(ProtobufRpcEngine.java:466) [hadoop-common-3.3.1.jar:?]
	at org.apache.hadoop.ipc.ProtobufRpcEngine2$Server$ProtoBufRpcInvoker.call(ProtobufRpcEngine2.java:574) [hadoop-common-3.3.1.jar:?]
	at org.apache.hadoop.ipc.ProtobufRpcEngine2$Server$ProtoBufRpcInvoker.call(ProtobufRpcEngine2.java:552) [hadoop-common-3.3.1.jar:?]
	at org.apache.hadoop.ipc.RPC$Server.call(RPC.java:1093) [hadoop-common-3.3.1.jar:?]
	at org.apache.hadoop.ipc.Server$RpcCall.run(Server.java:1035) [hadoop-common-3.3.1.jar:?]
	at org.apache.hadoop.ipc.Server$RpcCall.run(Server.java:963) [hadoop-common-3.3.1.jar:?]
	at java.security.AccessController.doPrivileged(Native Method) ~[?:1.8.0_332]
	at javax.security.auth.Subject.doAs(Subject.java:422) [?:1.8.0_332]
	at org.apache.hadoop.security.UserGroupInformation.doAs(UserGroupInformation.java:1878) [hadoop-common-3.3.1.jar:?]
	at org.apache.hadoop.ipc.Server$Handler.run(Server.java:2966) [hadoop-common-3.3.1.jar:?]
]]></system-out>
  </testcase>
  <testcase name="testKeysRenameFail" classname="org.apache.hadoop.ozone.client.rpc.TestSecureOzoneRpcClient" time="0.03">
    <system-out><![CDATA[2022-05-24 20:48:59,490 [Listener at 127.0.0.1/44485] INFO  rpc.RpcClient (RpcClient.java:createVolume(457)) - Creating Volume: 4a238461-6c27-44f7-9954-38e98effa1dd, with runner as owner and space quota set to -1 bytes, counts quota set to -1
2022-05-24 20:48:59,493 [OM StateMachine ApplyTransaction Thread - 0] INFO  volume.OMVolumeCreateRequest (OMVolumeCreateRequest.java:validateAndUpdateCache(195)) - created volume:4a238461-6c27-44f7-9954-38e98effa1dd for user:runner
2022-05-24 20:48:59,494 [Listener at 127.0.0.1/44485] INFO  rpc.RpcClient (RpcClient.java:createBucket(646)) - Creating Bucket: 4a238461-6c27-44f7-9954-38e98effa1dd/2252810f-99c9-4542-95ce-eee465637c7f, with runner as owner and Versioning false and Storage Type set to DISK and Encryption set to false 
2022-05-24 20:48:59,496 [OM StateMachine ApplyTransaction Thread - 0] INFO  bucket.OMBucketCreateRequest (OMBucketCreateRequest.java:validateAndUpdateCache(258)) - created bucket: 2252810f-99c9-4542-95ce-eee465637c7f of layout LEGACY in volume: 4a238461-6c27-44f7-9954-38e98effa1dd
2022-05-24 20:48:59,515 [OM StateMachine ApplyTransaction Thread - 0] ERROR key.OMKeysRenameRequest (OMKeysRenameRequest.java:validateAndUpdateCache(185)) - Received a request to rename a Key does not exist /4a238461-6c27-44f7-9954-38e98effa1dd/2252810f-99c9-4542-95ce-eee465637c7f/dir/file2
20:48:59.519 [IPC Server handler 1 on default port 44485] ERROR OMAudit - user=runner | ip=127.0.0.1 | op=READ_KEY {volume=4a238461-6c27-44f7-9954-38e98effa1dd, bucket=2252810f-99c9-4542-95ce-eee465637c7f, key=dir/file2, dataSize=0, replicationConfig=null} | ret=FAILURE
org.apache.hadoop.ozone.om.exceptions.OMException: Key:dir/file2 not found
	at org.apache.hadoop.ozone.om.KeyManagerImpl.lookupKey(KeyManagerImpl.java:375) ~[ozone-manager-1.3.0-SNAPSHOT.jar:?]
	at org.apache.hadoop.ozone.om.OzoneManager.lookupKey(OzoneManager.java:2753) ~[ozone-manager-1.3.0-SNAPSHOT.jar:?]
	at org.apache.hadoop.ozone.protocolPB.OzoneManagerRequestHandler.lookupKey(OzoneManagerRequestHandler.java:402) ~[ozone-manager-1.3.0-SNAPSHOT.jar:?]
	at org.apache.hadoop.ozone.protocolPB.OzoneManagerRequestHandler.handleReadRequest(OzoneManagerRequestHandler.java:166) ~[ozone-manager-1.3.0-SNAPSHOT.jar:?]
	at org.apache.hadoop.ozone.protocolPB.OzoneManagerProtocolServerSideTranslatorPB.submitReadRequestToOM(OzoneManagerProtocolServerSideTranslatorPB.java:214) ~[ozone-manager-1.3.0-SNAPSHOT.jar:?]
	at org.apache.hadoop.ozone.protocolPB.OzoneManagerProtocolServerSideTranslatorPB.processRequest(OzoneManagerProtocolServerSideTranslatorPB.java:175) ~[ozone-manager-1.3.0-SNAPSHOT.jar:?]
	at org.apache.hadoop.hdds.server.OzoneProtocolMessageDispatcher.processRequest(OzoneProtocolMessageDispatcher.java:87) [hdds-server-framework-1.3.0-SNAPSHOT.jar:?]
	at org.apache.hadoop.ozone.protocolPB.OzoneManagerProtocolServerSideTranslatorPB.submitRequest(OzoneManagerProtocolServerSideTranslatorPB.java:147) [ozone-manager-1.3.0-SNAPSHOT.jar:?]
	at org.apache.hadoop.ozone.protocol.proto.OzoneManagerProtocolProtos$OzoneManagerService$2.callBlockingMethod(OzoneManagerProtocolProtos.java) [ozone-interface-client-1.3.0-SNAPSHOT.jar:?]
	at org.apache.hadoop.ipc.ProtobufRpcEngine$Server.processCall(ProtobufRpcEngine.java:466) [hadoop-common-3.3.1.jar:?]
	at org.apache.hadoop.ipc.ProtobufRpcEngine2$Server$ProtoBufRpcInvoker.call(ProtobufRpcEngine2.java:574) [hadoop-common-3.3.1.jar:?]
	at org.apache.hadoop.ipc.ProtobufRpcEngine2$Server$ProtoBufRpcInvoker.call(ProtobufRpcEngine2.java:552) [hadoop-common-3.3.1.jar:?]
	at org.apache.hadoop.ipc.RPC$Server.call(RPC.java:1093) [hadoop-common-3.3.1.jar:?]
	at org.apache.hadoop.ipc.Server$RpcCall.run(Server.java:1035) [hadoop-common-3.3.1.jar:?]
	at org.apache.hadoop.ipc.Server$RpcCall.run(Server.java:963) [hadoop-common-3.3.1.jar:?]
	at java.security.AccessController.doPrivileged(Native Method) ~[?:1.8.0_332]
	at javax.security.auth.Subject.doAs(Subject.java:422) [?:1.8.0_332]
	at org.apache.hadoop.security.UserGroupInformation.doAs(UserGroupInformation.java:1878) [hadoop-common-3.3.1.jar:?]
	at org.apache.hadoop.ipc.Server$Handler.run(Server.java:2966) [hadoop-common-3.3.1.jar:?]
]]></system-out>
  </testcase>
  <testcase name="testListBucket" classname="org.apache.hadoop.ozone.client.rpc.TestSecureOzoneRpcClient" time="0.118">
    <system-out><![CDATA[2022-05-24 20:48:59,522 [Listener at 127.0.0.1/44485] INFO  rpc.RpcClient (RpcClient.java:createVolume(457)) - Creating Volume: vol-a-21907, with runner as owner and space quota set to -1 bytes, counts quota set to -1
2022-05-24 20:48:59,523 [OM StateMachine ApplyTransaction Thread - 0] INFO  volume.OMVolumeCreateRequest (OMVolumeCreateRequest.java:validateAndUpdateCache(195)) - created volume:vol-a-21907 for user:runner
2022-05-24 20:48:59,524 [Listener at 127.0.0.1/44485] INFO  rpc.RpcClient (RpcClient.java:createVolume(457)) - Creating Volume: vol-b-57094, with runner as owner and space quota set to -1 bytes, counts quota set to -1
2022-05-24 20:48:59,525 [OM StateMachine ApplyTransaction Thread - 0] INFO  volume.OMVolumeCreateRequest (OMVolumeCreateRequest.java:validateAndUpdateCache(195)) - created volume:vol-b-57094 for user:runner
2022-05-24 20:48:59,527 [Listener at 127.0.0.1/44485] INFO  rpc.RpcClient (RpcClient.java:createBucket(646)) - Creating Bucket: vol-a-21907/bucket-a-0-45925, with runner as owner and Versioning false and Storage Type set to DISK and Encryption set to false 
2022-05-24 20:48:59,529 [OM StateMachine ApplyTransaction Thread - 0] INFO  bucket.OMBucketCreateRequest (OMBucketCreateRequest.java:validateAndUpdateCache(258)) - created bucket: bucket-a-0-45925 of layout LEGACY in volume: vol-a-21907
2022-05-24 20:48:59,529 [Listener at 127.0.0.1/44485] INFO  rpc.RpcClient (RpcClient.java:createBucket(646)) - Creating Bucket: vol-b-57094/bucket-a-0-27470, with runner as owner and Versioning false and Storage Type set to DISK and Encryption set to false 
2022-05-24 20:48:59,531 [OM StateMachine ApplyTransaction Thread - 0] INFO  bucket.OMBucketCreateRequest (OMBucketCreateRequest.java:validateAndUpdateCache(258)) - created bucket: bucket-a-0-27470 of layout LEGACY in volume: vol-b-57094
2022-05-24 20:48:59,531 [Listener at 127.0.0.1/44485] INFO  rpc.RpcClient (RpcClient.java:createBucket(646)) - Creating Bucket: vol-a-21907/bucket-a-1-68389, with runner as owner and Versioning false and Storage Type set to DISK and Encryption set to false 
2022-05-24 20:48:59,533 [OM StateMachine ApplyTransaction Thread - 0] INFO  bucket.OMBucketCreateRequest (OMBucketCreateRequest.java:validateAndUpdateCache(258)) - created bucket: bucket-a-1-68389 of layout LEGACY in volume: vol-a-21907
2022-05-24 20:48:59,533 [Listener at 127.0.0.1/44485] INFO  rpc.RpcClient (RpcClient.java:createBucket(646)) - Creating Bucket: vol-b-57094/bucket-a-1-61916, with runner as owner and Versioning false and Storage Type set to DISK and Encryption set to false 
2022-05-24 20:48:59,535 [OM StateMachine ApplyTransaction Thread - 0] INFO  bucket.OMBucketCreateRequest (OMBucketCreateRequest.java:validateAndUpdateCache(258)) - created bucket: bucket-a-1-61916 of layout LEGACY in volume: vol-b-57094
2022-05-24 20:48:59,535 [Listener at 127.0.0.1/44485] INFO  rpc.RpcClient (RpcClient.java:createBucket(646)) - Creating Bucket: vol-a-21907/bucket-a-2-06608, with runner as owner and Versioning false and Storage Type set to DISK and Encryption set to false 
2022-05-24 20:48:59,538 [OM StateMachine ApplyTransaction Thread - 0] INFO  bucket.OMBucketCreateRequest (OMBucketCreateRequest.java:validateAndUpdateCache(258)) - created bucket: bucket-a-2-06608 of layout LEGACY in volume: vol-a-21907
2022-05-24 20:48:59,539 [Listener at 127.0.0.1/44485] INFO  rpc.RpcClient (RpcClient.java:createBucket(646)) - Creating Bucket: vol-b-57094/bucket-a-2-20716, with runner as owner and Versioning false and Storage Type set to DISK and Encryption set to false 
2022-05-24 20:48:59,540 [OM StateMachine ApplyTransaction Thread - 0] INFO  bucket.OMBucketCreateRequest (OMBucketCreateRequest.java:validateAndUpdateCache(258)) - created bucket: bucket-a-2-20716 of layout LEGACY in volume: vol-b-57094
2022-05-24 20:48:59,540 [Listener at 127.0.0.1/44485] INFO  rpc.RpcClient (RpcClient.java:createBucket(646)) - Creating Bucket: vol-a-21907/bucket-a-3-78089, with runner as owner and Versioning false and Storage Type set to DISK and Encryption set to false 
2022-05-24 20:48:59,542 [OM StateMachine ApplyTransaction Thread - 0] INFO  bucket.OMBucketCreateRequest (OMBucketCreateRequest.java:validateAndUpdateCache(258)) - created bucket: bucket-a-3-78089 of layout LEGACY in volume: vol-a-21907
2022-05-24 20:48:59,542 [Listener at 127.0.0.1/44485] INFO  rpc.RpcClient (RpcClient.java:createBucket(646)) - Creating Bucket: vol-b-57094/bucket-a-3-36191, with runner as owner and Versioning false and Storage Type set to DISK and Encryption set to false 
2022-05-24 20:48:59,543 [OM StateMachine ApplyTransaction Thread - 0] INFO  bucket.OMBucketCreateRequest (OMBucketCreateRequest.java:validateAndUpdateCache(258)) - created bucket: bucket-a-3-36191 of layout LEGACY in volume: vol-b-57094
2022-05-24 20:48:59,544 [Listener at 127.0.0.1/44485] INFO  rpc.RpcClient (RpcClient.java:createBucket(646)) - Creating Bucket: vol-a-21907/bucket-a-4-61409, with runner as owner and Versioning false and Storage Type set to DISK and Encryption set to false 
2022-05-24 20:48:59,546 [OM StateMachine ApplyTransaction Thread - 0] INFO  bucket.OMBucketCreateRequest (OMBucketCreateRequest.java:validateAndUpdateCache(258)) - created bucket: bucket-a-4-61409 of layout LEGACY in volume: vol-a-21907
2022-05-24 20:48:59,546 [Listener at 127.0.0.1/44485] INFO  rpc.RpcClient (RpcClient.java:createBucket(646)) - Creating Bucket: vol-b-57094/bucket-a-4-13172, with runner as owner and Versioning false and Storage Type set to DISK and Encryption set to false 
2022-05-24 20:48:59,548 [OM StateMachine ApplyTransaction Thread - 0] INFO  bucket.OMBucketCreateRequest (OMBucketCreateRequest.java:validateAndUpdateCache(258)) - created bucket: bucket-a-4-13172 of layout LEGACY in volume: vol-b-57094
2022-05-24 20:48:59,548 [Listener at 127.0.0.1/44485] INFO  rpc.RpcClient (RpcClient.java:createBucket(646)) - Creating Bucket: vol-a-21907/bucket-a-5-49006, with runner as owner and Versioning false and Storage Type set to DISK and Encryption set to false 
2022-05-24 20:48:59,550 [OM StateMachine ApplyTransaction Thread - 0] INFO  bucket.OMBucketCreateRequest (OMBucketCreateRequest.java:validateAndUpdateCache(258)) - created bucket: bucket-a-5-49006 of layout LEGACY in volume: vol-a-21907
2022-05-24 20:48:59,550 [Listener at 127.0.0.1/44485] INFO  rpc.RpcClient (RpcClient.java:createBucket(646)) - Creating Bucket: vol-b-57094/bucket-a-5-63287, with runner as owner and Versioning false and Storage Type set to DISK and Encryption set to false 
2022-05-24 20:48:59,552 [OM StateMachine ApplyTransaction Thread - 0] INFO  bucket.OMBucketCreateRequest (OMBucketCreateRequest.java:validateAndUpdateCache(258)) - created bucket: bucket-a-5-63287 of layout LEGACY in volume: vol-b-57094
2022-05-24 20:48:59,553 [Listener at 127.0.0.1/44485] INFO  rpc.RpcClient (RpcClient.java:createBucket(646)) - Creating Bucket: vol-a-21907/bucket-a-6-87357, with runner as owner and Versioning false and Storage Type set to DISK and Encryption set to false 
2022-05-24 20:48:59,554 [OM StateMachine ApplyTransaction Thread - 0] INFO  bucket.OMBucketCreateRequest (OMBucketCreateRequest.java:validateAndUpdateCache(258)) - created bucket: bucket-a-6-87357 of layout LEGACY in volume: vol-a-21907
2022-05-24 20:48:59,555 [Listener at 127.0.0.1/44485] INFO  rpc.RpcClient (RpcClient.java:createBucket(646)) - Creating Bucket: vol-b-57094/bucket-a-6-53574, with runner as owner and Versioning false and Storage Type set to DISK and Encryption set to false 
2022-05-24 20:48:59,556 [OM StateMachine ApplyTransaction Thread - 0] INFO  bucket.OMBucketCreateRequest (OMBucketCreateRequest.java:validateAndUpdateCache(258)) - created bucket: bucket-a-6-53574 of layout LEGACY in volume: vol-b-57094
2022-05-24 20:48:59,557 [Listener at 127.0.0.1/44485] INFO  rpc.RpcClient (RpcClient.java:createBucket(646)) - Creating Bucket: vol-a-21907/bucket-a-7-70169, with runner as owner and Versioning false and Storage Type set to DISK and Encryption set to false 
2022-05-24 20:48:59,558 [OM StateMachine ApplyTransaction Thread - 0] INFO  bucket.OMBucketCreateRequest (OMBucketCreateRequest.java:validateAndUpdateCache(258)) - created bucket: bucket-a-7-70169 of layout LEGACY in volume: vol-a-21907
2022-05-24 20:48:59,559 [Listener at 127.0.0.1/44485] INFO  rpc.RpcClient (RpcClient.java:createBucket(646)) - Creating Bucket: vol-b-57094/bucket-a-7-91358, with runner as owner and Versioning false and Storage Type set to DISK and Encryption set to false 
2022-05-24 20:48:59,560 [OM StateMachine ApplyTransaction Thread - 0] INFO  bucket.OMBucketCreateRequest (OMBucketCreateRequest.java:validateAndUpdateCache(258)) - created bucket: bucket-a-7-91358 of layout LEGACY in volume: vol-b-57094
2022-05-24 20:48:59,560 [Listener at 127.0.0.1/44485] INFO  rpc.RpcClient (RpcClient.java:createBucket(646)) - Creating Bucket: vol-a-21907/bucket-a-8-94315, with runner as owner and Versioning false and Storage Type set to DISK and Encryption set to false 
2022-05-24 20:48:59,562 [OM StateMachine ApplyTransaction Thread - 0] INFO  bucket.OMBucketCreateRequest (OMBucketCreateRequest.java:validateAndUpdateCache(258)) - created bucket: bucket-a-8-94315 of layout LEGACY in volume: vol-a-21907
2022-05-24 20:48:59,562 [Listener at 127.0.0.1/44485] INFO  rpc.RpcClient (RpcClient.java:createBucket(646)) - Creating Bucket: vol-b-57094/bucket-a-8-72936, with runner as owner and Versioning false and Storage Type set to DISK and Encryption set to false 
2022-05-24 20:48:59,564 [OM StateMachine ApplyTransaction Thread - 0] INFO  bucket.OMBucketCreateRequest (OMBucketCreateRequest.java:validateAndUpdateCache(258)) - created bucket: bucket-a-8-72936 of layout LEGACY in volume: vol-b-57094
2022-05-24 20:48:59,564 [Listener at 127.0.0.1/44485] INFO  rpc.RpcClient (RpcClient.java:createBucket(646)) - Creating Bucket: vol-a-21907/bucket-a-9-39838, with runner as owner and Versioning false and Storage Type set to DISK and Encryption set to false 
2022-05-24 20:48:59,565 [OM StateMachine ApplyTransaction Thread - 0] INFO  bucket.OMBucketCreateRequest (OMBucketCreateRequest.java:validateAndUpdateCache(258)) - created bucket: bucket-a-9-39838 of layout LEGACY in volume: vol-a-21907
2022-05-24 20:48:59,566 [Listener at 127.0.0.1/44485] INFO  rpc.RpcClient (RpcClient.java:createBucket(646)) - Creating Bucket: vol-b-57094/bucket-a-9-31753, with runner as owner and Versioning false and Storage Type set to DISK and Encryption set to false 
2022-05-24 20:48:59,567 [OM StateMachine ApplyTransaction Thread - 0] INFO  bucket.OMBucketCreateRequest (OMBucketCreateRequest.java:validateAndUpdateCache(258)) - created bucket: bucket-a-9-31753 of layout LEGACY in volume: vol-b-57094
2022-05-24 20:48:59,568 [Listener at 127.0.0.1/44485] INFO  rpc.RpcClient (RpcClient.java:createBucket(646)) - Creating Bucket: vol-a-21907/bucket-b-0-53858, with runner as owner and Versioning false and Storage Type set to DISK and Encryption set to false 
2022-05-24 20:48:59,570 [OM StateMachine ApplyTransaction Thread - 0] INFO  bucket.OMBucketCreateRequest (OMBucketCreateRequest.java:validateAndUpdateCache(258)) - created bucket: bucket-b-0-53858 of layout LEGACY in volume: vol-a-21907
2022-05-24 20:48:59,571 [Listener at 127.0.0.1/44485] INFO  rpc.RpcClient (RpcClient.java:createBucket(646)) - Creating Bucket: vol-b-57094/bucket-b-0-35179, with runner as owner and Versioning false and Storage Type set to DISK and Encryption set to false 
2022-05-24 20:48:59,573 [OM StateMachine ApplyTransaction Thread - 0] INFO  bucket.OMBucketCreateRequest (OMBucketCreateRequest.java:validateAndUpdateCache(258)) - created bucket: bucket-b-0-35179 of layout LEGACY in volume: vol-b-57094
2022-05-24 20:48:59,573 [Listener at 127.0.0.1/44485] INFO  rpc.RpcClient (RpcClient.java:createBucket(646)) - Creating Bucket: vol-a-21907/bucket-b-1-30640, with runner as owner and Versioning false and Storage Type set to DISK and Encryption set to false 
2022-05-24 20:48:59,574 [OM StateMachine ApplyTransaction Thread - 0] INFO  bucket.OMBucketCreateRequest (OMBucketCreateRequest.java:validateAndUpdateCache(258)) - created bucket: bucket-b-1-30640 of layout LEGACY in volume: vol-a-21907
2022-05-24 20:48:59,575 [Listener at 127.0.0.1/44485] INFO  rpc.RpcClient (RpcClient.java:createBucket(646)) - Creating Bucket: vol-b-57094/bucket-b-1-06834, with runner as owner and Versioning false and Storage Type set to DISK and Encryption set to false 
2022-05-24 20:48:59,576 [OM StateMachine ApplyTransaction Thread - 0] INFO  bucket.OMBucketCreateRequest (OMBucketCreateRequest.java:validateAndUpdateCache(258)) - created bucket: bucket-b-1-06834 of layout LEGACY in volume: vol-b-57094
2022-05-24 20:48:59,577 [Listener at 127.0.0.1/44485] INFO  rpc.RpcClient (RpcClient.java:createBucket(646)) - Creating Bucket: vol-a-21907/bucket-b-2-36041, with runner as owner and Versioning false and Storage Type set to DISK and Encryption set to false 
2022-05-24 20:48:59,578 [OM StateMachine ApplyTransaction Thread - 0] INFO  bucket.OMBucketCreateRequest (OMBucketCreateRequest.java:validateAndUpdateCache(258)) - created bucket: bucket-b-2-36041 of layout LEGACY in volume: vol-a-21907
2022-05-24 20:48:59,579 [Listener at 127.0.0.1/44485] INFO  rpc.RpcClient (RpcClient.java:createBucket(646)) - Creating Bucket: vol-b-57094/bucket-b-2-15932, with runner as owner and Versioning false and Storage Type set to DISK and Encryption set to false 
2022-05-24 20:48:59,580 [OM StateMachine ApplyTransaction Thread - 0] INFO  bucket.OMBucketCreateRequest (OMBucketCreateRequest.java:validateAndUpdateCache(258)) - created bucket: bucket-b-2-15932 of layout LEGACY in volume: vol-b-57094
2022-05-24 20:48:59,582 [Listener at 127.0.0.1/44485] INFO  rpc.RpcClient (RpcClient.java:createBucket(646)) - Creating Bucket: vol-a-21907/bucket-b-3-76082, with runner as owner and Versioning false and Storage Type set to DISK and Encryption set to false 
2022-05-24 20:48:59,584 [OM StateMachine ApplyTransaction Thread - 0] INFO  bucket.OMBucketCreateRequest (OMBucketCreateRequest.java:validateAndUpdateCache(258)) - created bucket: bucket-b-3-76082 of layout LEGACY in volume: vol-a-21907
2022-05-24 20:48:59,586 [Listener at 127.0.0.1/44485] INFO  rpc.RpcClient (RpcClient.java:createBucket(646)) - Creating Bucket: vol-b-57094/bucket-b-3-34294, with runner as owner and Versioning false and Storage Type set to DISK and Encryption set to false 
2022-05-24 20:48:59,588 [OM StateMachine ApplyTransaction Thread - 0] INFO  bucket.OMBucketCreateRequest (OMBucketCreateRequest.java:validateAndUpdateCache(258)) - created bucket: bucket-b-3-34294 of layout LEGACY in volume: vol-b-57094
2022-05-24 20:48:59,588 [Listener at 127.0.0.1/44485] INFO  rpc.RpcClient (RpcClient.java:createBucket(646)) - Creating Bucket: vol-a-21907/bucket-b-4-64296, with runner as owner and Versioning false and Storage Type set to DISK and Encryption set to false 
2022-05-24 20:48:59,589 [OM StateMachine ApplyTransaction Thread - 0] INFO  bucket.OMBucketCreateRequest (OMBucketCreateRequest.java:validateAndUpdateCache(258)) - created bucket: bucket-b-4-64296 of layout LEGACY in volume: vol-a-21907
2022-05-24 20:48:59,590 [Listener at 127.0.0.1/44485] INFO  rpc.RpcClient (RpcClient.java:createBucket(646)) - Creating Bucket: vol-b-57094/bucket-b-4-90037, with runner as owner and Versioning false and Storage Type set to DISK and Encryption set to false 
2022-05-24 20:48:59,591 [OM StateMachine ApplyTransaction Thread - 0] INFO  bucket.OMBucketCreateRequest (OMBucketCreateRequest.java:validateAndUpdateCache(258)) - created bucket: bucket-b-4-90037 of layout LEGACY in volume: vol-b-57094
2022-05-24 20:48:59,592 [Listener at 127.0.0.1/44485] INFO  rpc.RpcClient (RpcClient.java:createBucket(646)) - Creating Bucket: vol-a-21907/bucket-b-5-90745, with runner as owner and Versioning false and Storage Type set to DISK and Encryption set to false 
2022-05-24 20:48:59,594 [OM StateMachine ApplyTransaction Thread - 0] INFO  bucket.OMBucketCreateRequest (OMBucketCreateRequest.java:validateAndUpdateCache(258)) - created bucket: bucket-b-5-90745 of layout LEGACY in volume: vol-a-21907
2022-05-24 20:48:59,594 [Listener at 127.0.0.1/44485] INFO  rpc.RpcClient (RpcClient.java:createBucket(646)) - Creating Bucket: vol-b-57094/bucket-b-5-98838, with runner as owner and Versioning false and Storage Type set to DISK and Encryption set to false 
2022-05-24 20:48:59,596 [OM StateMachine ApplyTransaction Thread - 0] INFO  bucket.OMBucketCreateRequest (OMBucketCreateRequest.java:validateAndUpdateCache(258)) - created bucket: bucket-b-5-98838 of layout LEGACY in volume: vol-b-57094
2022-05-24 20:48:59,598 [Listener at 127.0.0.1/44485] INFO  rpc.RpcClient (RpcClient.java:createBucket(646)) - Creating Bucket: vol-a-21907/bucket-b-6-89837, with runner as owner and Versioning false and Storage Type set to DISK and Encryption set to false 
2022-05-24 20:48:59,600 [OM StateMachine ApplyTransaction Thread - 0] INFO  bucket.OMBucketCreateRequest (OMBucketCreateRequest.java:validateAndUpdateCache(258)) - created bucket: bucket-b-6-89837 of layout LEGACY in volume: vol-a-21907
2022-05-24 20:48:59,603 [Listener at 127.0.0.1/44485] INFO  rpc.RpcClient (RpcClient.java:createBucket(646)) - Creating Bucket: vol-b-57094/bucket-b-6-22450, with runner as owner and Versioning false and Storage Type set to DISK and Encryption set to false 
2022-05-24 20:48:59,604 [OM StateMachine ApplyTransaction Thread - 0] INFO  bucket.OMBucketCreateRequest (OMBucketCreateRequest.java:validateAndUpdateCache(258)) - created bucket: bucket-b-6-22450 of layout LEGACY in volume: vol-b-57094
2022-05-24 20:48:59,605 [Listener at 127.0.0.1/44485] INFO  rpc.RpcClient (RpcClient.java:createBucket(646)) - Creating Bucket: vol-a-21907/bucket-b-7-93014, with runner as owner and Versioning false and Storage Type set to DISK and Encryption set to false 
2022-05-24 20:48:59,606 [OM StateMachine ApplyTransaction Thread - 0] INFO  bucket.OMBucketCreateRequest (OMBucketCreateRequest.java:validateAndUpdateCache(258)) - created bucket: bucket-b-7-93014 of layout LEGACY in volume: vol-a-21907
2022-05-24 20:48:59,607 [Listener at 127.0.0.1/44485] INFO  rpc.RpcClient (RpcClient.java:createBucket(646)) - Creating Bucket: vol-b-57094/bucket-b-7-55891, with runner as owner and Versioning false and Storage Type set to DISK and Encryption set to false 
2022-05-24 20:48:59,608 [OM StateMachine ApplyTransaction Thread - 0] INFO  bucket.OMBucketCreateRequest (OMBucketCreateRequest.java:validateAndUpdateCache(258)) - created bucket: bucket-b-7-55891 of layout LEGACY in volume: vol-b-57094
2022-05-24 20:48:59,609 [Listener at 127.0.0.1/44485] INFO  rpc.RpcClient (RpcClient.java:createBucket(646)) - Creating Bucket: vol-a-21907/bucket-b-8-85475, with runner as owner and Versioning false and Storage Type set to DISK and Encryption set to false 
2022-05-24 20:48:59,611 [OM StateMachine ApplyTransaction Thread - 0] INFO  bucket.OMBucketCreateRequest (OMBucketCreateRequest.java:validateAndUpdateCache(258)) - created bucket: bucket-b-8-85475 of layout LEGACY in volume: vol-a-21907
2022-05-24 20:48:59,611 [Listener at 127.0.0.1/44485] INFO  rpc.RpcClient (RpcClient.java:createBucket(646)) - Creating Bucket: vol-b-57094/bucket-b-8-29920, with runner as owner and Versioning false and Storage Type set to DISK and Encryption set to false 
2022-05-24 20:48:59,613 [OM StateMachine ApplyTransaction Thread - 0] INFO  bucket.OMBucketCreateRequest (OMBucketCreateRequest.java:validateAndUpdateCache(258)) - created bucket: bucket-b-8-29920 of layout LEGACY in volume: vol-b-57094
2022-05-24 20:48:59,614 [Listener at 127.0.0.1/44485] INFO  rpc.RpcClient (RpcClient.java:createBucket(646)) - Creating Bucket: vol-a-21907/bucket-b-9-26504, with runner as owner and Versioning false and Storage Type set to DISK and Encryption set to false 
2022-05-24 20:48:59,615 [OM StateMachine ApplyTransaction Thread - 0] INFO  bucket.OMBucketCreateRequest (OMBucketCreateRequest.java:validateAndUpdateCache(258)) - created bucket: bucket-b-9-26504 of layout LEGACY in volume: vol-a-21907
2022-05-24 20:48:59,615 [Listener at 127.0.0.1/44485] INFO  rpc.RpcClient (RpcClient.java:createBucket(646)) - Creating Bucket: vol-b-57094/bucket-b-9-23450, with runner as owner and Versioning false and Storage Type set to DISK and Encryption set to false 
2022-05-24 20:48:59,617 [OM StateMachine ApplyTransaction Thread - 0] INFO  bucket.OMBucketCreateRequest (OMBucketCreateRequest.java:validateAndUpdateCache(258)) - created bucket: bucket-b-9-23450 of layout LEGACY in volume: vol-b-57094
2022-05-24 20:48:59,619 [51ab8667-e0eb-4b1b-8092-cca2eecc2449@group-8B8B16AD1824-FollowerState] INFO  impl.FollowerState (FollowerState.java:run(143)) - 51ab8667-e0eb-4b1b-8092-cca2eecc2449@group-8B8B16AD1824-FollowerState: change to CANDIDATE, lastRpcElapsedTime:5039482854ns, electionTimeout:5026ms
2022-05-24 20:48:59,619 [51ab8667-e0eb-4b1b-8092-cca2eecc2449@group-8B8B16AD1824-FollowerState] INFO  impl.RoleInfo (RoleInfo.java:shutdownFollowerState(110)) - 51ab8667-e0eb-4b1b-8092-cca2eecc2449: shutdown 51ab8667-e0eb-4b1b-8092-cca2eecc2449@group-8B8B16AD1824-FollowerState
2022-05-24 20:48:59,619 [51ab8667-e0eb-4b1b-8092-cca2eecc2449@group-8B8B16AD1824-FollowerState] INFO  server.RaftServer$Division (RaftServerImpl.java:setRole(299)) - 51ab8667-e0eb-4b1b-8092-cca2eecc2449@group-8B8B16AD1824: changes role from  FOLLOWER to CANDIDATE at term 3 for changeToCandidate
2022-05-24 20:48:59,619 [51ab8667-e0eb-4b1b-8092-cca2eecc2449@group-8B8B16AD1824-FollowerState] INFO  server.RaftServerConfigKeys (ConfUtils.java:logGet(46)) - raft.server.leaderelection.pre-vote = false (custom)
2022-05-24 20:48:59,620 [51ab8667-e0eb-4b1b-8092-cca2eecc2449@group-8B8B16AD1824-FollowerState] INFO  impl.RoleInfo (RoleInfo.java:updateAndGet(139)) - 51ab8667-e0eb-4b1b-8092-cca2eecc2449: start 51ab8667-e0eb-4b1b-8092-cca2eecc2449@group-8B8B16AD1824-LeaderElection31
2022-05-24 20:48:59,633 [51ab8667-e0eb-4b1b-8092-cca2eecc2449@group-8B8B16AD1824-LeaderElection31] INFO  impl.LeaderElection (LeaderElection.java:askForVotes(310)) - 51ab8667-e0eb-4b1b-8092-cca2eecc2449@group-8B8B16AD1824-LeaderElection31 ELECTION round 0: submit vote requests at term 4 for -1: [cdeff73f-0c88-4976-9d3a-8f87b3ebca92|rpc:10.1.0.30:44465|dataStream:|priority:0, a6e30353-377f-4b2f-bee2-e66a44f5bcb3|rpc:10.1.0.30:42857|dataStream:|priority:0, 51ab8667-e0eb-4b1b-8092-cca2eecc2449|rpc:10.1.0.30:46251|dataStream:|priority:1], old=null
2022-05-24 20:48:59,636 [grpc-default-executor-3] INFO  server.RaftServer$Division (RaftServerImpl.java:requestVote(1152)) - cdeff73f-0c88-4976-9d3a-8f87b3ebca92@group-8B8B16AD1824: receive requestVote(ELECTION, 51ab8667-e0eb-4b1b-8092-cca2eecc2449, group-8B8B16AD1824, 4, (t:0, i:0))
2022-05-24 20:48:59,636 [grpc-default-executor-3] INFO  impl.VoteContext (VoteContext.java:log(48)) - cdeff73f-0c88-4976-9d3a-8f87b3ebca92@group-8B8B16AD1824-FOLLOWER: accept ELECTION from 51ab8667-e0eb-4b1b-8092-cca2eecc2449: our priority 0 <= candidate's priority 1
2022-05-24 20:48:59,636 [grpc-default-executor-3] INFO  server.RaftServer$Division (RaftServerImpl.java:setRole(299)) - cdeff73f-0c88-4976-9d3a-8f87b3ebca92@group-8B8B16AD1824: changes role from  FOLLOWER to FOLLOWER at term 4 for candidate:51ab8667-e0eb-4b1b-8092-cca2eecc2449
2022-05-24 20:48:59,636 [grpc-default-executor-3] INFO  impl.RoleInfo (RoleInfo.java:shutdownFollowerState(110)) - cdeff73f-0c88-4976-9d3a-8f87b3ebca92: shutdown cdeff73f-0c88-4976-9d3a-8f87b3ebca92@group-8B8B16AD1824-FollowerState
2022-05-24 20:48:59,636 [grpc-default-executor-3] INFO  impl.RoleInfo (RoleInfo.java:updateAndGet(139)) - cdeff73f-0c88-4976-9d3a-8f87b3ebca92: start cdeff73f-0c88-4976-9d3a-8f87b3ebca92@group-8B8B16AD1824-FollowerState
2022-05-24 20:48:59,637 [cdeff73f-0c88-4976-9d3a-8f87b3ebca92@group-8B8B16AD1824-FollowerState] INFO  impl.FollowerState (FollowerState.java:run(152)) - cdeff73f-0c88-4976-9d3a-8f87b3ebca92@group-8B8B16AD1824-FollowerState was interrupted
2022-05-24 20:48:59,638 [grpc-default-executor-6] INFO  server.RaftServer$Division (RaftServerImpl.java:requestVote(1152)) - a6e30353-377f-4b2f-bee2-e66a44f5bcb3@group-8B8B16AD1824: receive requestVote(ELECTION, 51ab8667-e0eb-4b1b-8092-cca2eecc2449, group-8B8B16AD1824, 4, (t:0, i:0))
2022-05-24 20:48:59,638 [grpc-default-executor-6] INFO  impl.VoteContext (VoteContext.java:log(48)) - a6e30353-377f-4b2f-bee2-e66a44f5bcb3@group-8B8B16AD1824-FOLLOWER: accept ELECTION from 51ab8667-e0eb-4b1b-8092-cca2eecc2449: our priority 0 <= candidate's priority 1
2022-05-24 20:48:59,638 [grpc-default-executor-6] INFO  server.RaftServer$Division (RaftServerImpl.java:setRole(299)) - a6e30353-377f-4b2f-bee2-e66a44f5bcb3@group-8B8B16AD1824: changes role from  FOLLOWER to FOLLOWER at term 4 for candidate:51ab8667-e0eb-4b1b-8092-cca2eecc2449
2022-05-24 20:48:59,638 [grpc-default-executor-6] INFO  impl.RoleInfo (RoleInfo.java:shutdownFollowerState(110)) - a6e30353-377f-4b2f-bee2-e66a44f5bcb3: shutdown a6e30353-377f-4b2f-bee2-e66a44f5bcb3@group-8B8B16AD1824-FollowerState
]]></system-out>
  </testcase>
  <testcase name="testListBucketsOnEmptyVolume" classname="org.apache.hadoop.ozone.client.rpc.TestSecureOzoneRpcClient" time="0.009">
    <system-out><![CDATA[2022-05-24 20:48:59,640 [Listener at 127.0.0.1/44485] INFO  rpc.RpcClient (RpcClient.java:createVolume(457)) - Creating Volume: vol-empty, with runner as owner and space quota set to -1 bytes, counts quota set to -1
2022-05-24 20:48:59,644 [grpc-default-executor-6] INFO  impl.RoleInfo (RoleInfo.java:updateAndGet(139)) - a6e30353-377f-4b2f-bee2-e66a44f5bcb3: start a6e30353-377f-4b2f-bee2-e66a44f5bcb3@group-8B8B16AD1824-FollowerState
2022-05-24 20:48:59,644 [a6e30353-377f-4b2f-bee2-e66a44f5bcb3@group-8B8B16AD1824-FollowerState] INFO  impl.FollowerState (FollowerState.java:run(152)) - a6e30353-377f-4b2f-bee2-e66a44f5bcb3@group-8B8B16AD1824-FollowerState was interrupted
2022-05-24 20:48:59,645 [grpc-default-executor-3] INFO  server.RaftServer$Division (RaftServerImpl.java:requestVote(1184)) - cdeff73f-0c88-4976-9d3a-8f87b3ebca92@group-8B8B16AD1824 replies to ELECTION vote request: 51ab8667-e0eb-4b1b-8092-cca2eecc2449<-cdeff73f-0c88-4976-9d3a-8f87b3ebca92#0:OK-t4. Peer's state: cdeff73f-0c88-4976-9d3a-8f87b3ebca92@group-8B8B16AD1824:t4, leader=null, voted=51ab8667-e0eb-4b1b-8092-cca2eecc2449, raftlog=cdeff73f-0c88-4976-9d3a-8f87b3ebca92@group-8B8B16AD1824-SegmentedRaftLog:OPENED:c-1, conf=-1: [cdeff73f-0c88-4976-9d3a-8f87b3ebca92|rpc:10.1.0.30:44465|dataStream:|priority:0, a6e30353-377f-4b2f-bee2-e66a44f5bcb3|rpc:10.1.0.30:42857|dataStream:|priority:0, 51ab8667-e0eb-4b1b-8092-cca2eecc2449|rpc:10.1.0.30:46251|dataStream:|priority:1], old=null
2022-05-24 20:48:59,647 [OM StateMachine ApplyTransaction Thread - 0] INFO  volume.OMVolumeCreateRequest (OMVolumeCreateRequest.java:validateAndUpdateCache(195)) - created volume:vol-empty for user:runner
]]></system-out>
  </testcase>
  <testcase name="testListBucketsReplicationConfig" classname="org.apache.hadoop.ozone.client.rpc.TestSecureOzoneRpcClient" time="0.024">
    <system-out><![CDATA[2022-05-24 20:48:59,650 [Listener at 127.0.0.1/44485] INFO  rpc.RpcClient (RpcClient.java:createVolume(457)) - Creating Volume: a677943a-21db-42bf-ba99-d56526003230, with runner as owner and space quota set to -1 bytes, counts quota set to -1
2022-05-24 20:48:59,651 [OM StateMachine ApplyTransaction Thread - 0] INFO  volume.OMVolumeCreateRequest (OMVolumeCreateRequest.java:validateAndUpdateCache(195)) - created volume:a677943a-21db-42bf-ba99-d56526003230 for user:runner
2022-05-24 20:48:59,653 [Listener at 127.0.0.1/44485] INFO  rpc.RpcClient (RpcClient.java:createBucket(646)) - Creating Bucket: a677943a-21db-42bf-ba99-d56526003230/ab609862-ca39-4e66-bffc-8e63002d2446, with runner as owner and Versioning false and Storage Type set to DISK and Encryption set to false 
2022-05-24 20:48:59,654 [OM StateMachine ApplyTransaction Thread - 0] INFO  bucket.OMBucketCreateRequest (OMBucketCreateRequest.java:validateAndUpdateCache(258)) - created bucket: ab609862-ca39-4e66-bffc-8e63002d2446 of layout LEGACY in volume: a677943a-21db-42bf-ba99-d56526003230
2022-05-24 20:48:59,655 [Listener at 127.0.0.1/44485] INFO  rpc.RpcClient (RpcClient.java:createBucket(646)) - Creating Bucket: a677943a-21db-42bf-ba99-d56526003230/6dc9019f-4428-4f49-bd8e-7f5f72264478, with runner as owner and Versioning false and Storage Type set to DISK and Encryption set to false 
2022-05-24 20:48:59,657 [OM StateMachine ApplyTransaction Thread - 0] INFO  bucket.OMBucketCreateRequest (OMBucketCreateRequest.java:validateAndUpdateCache(258)) - created bucket: 6dc9019f-4428-4f49-bd8e-7f5f72264478 of layout LEGACY in volume: a677943a-21db-42bf-ba99-d56526003230
2022-05-24 20:48:59,658 [Listener at 127.0.0.1/44485] INFO  rpc.RpcClient (RpcClient.java:createBucket(646)) - Creating Bucket: a677943a-21db-42bf-ba99-d56526003230/00b5189c-9410-4d57-be28-6d77cd3fa9a8, with runner as owner and Versioning false and Storage Type set to DISK and Encryption set to false 
2022-05-24 20:48:59,662 [grpc-default-executor-6] INFO  server.RaftServer$Division (RaftServerImpl.java:requestVote(1184)) - a6e30353-377f-4b2f-bee2-e66a44f5bcb3@group-8B8B16AD1824 replies to ELECTION vote request: 51ab8667-e0eb-4b1b-8092-cca2eecc2449<-a6e30353-377f-4b2f-bee2-e66a44f5bcb3#0:OK-t4. Peer's state: a6e30353-377f-4b2f-bee2-e66a44f5bcb3@group-8B8B16AD1824:t4, leader=null, voted=51ab8667-e0eb-4b1b-8092-cca2eecc2449, raftlog=a6e30353-377f-4b2f-bee2-e66a44f5bcb3@group-8B8B16AD1824-SegmentedRaftLog:OPENED:c-1, conf=-1: [cdeff73f-0c88-4976-9d3a-8f87b3ebca92|rpc:10.1.0.30:44465|priority:0, a6e30353-377f-4b2f-bee2-e66a44f5bcb3|rpc:10.1.0.30:42857|priority:0, 51ab8667-e0eb-4b1b-8092-cca2eecc2449|rpc:10.1.0.30:46251|priority:1], old=null
2022-05-24 20:48:59,662 [51ab8667-e0eb-4b1b-8092-cca2eecc2449@group-8B8B16AD1824-LeaderElection31] INFO  impl.LeaderElection (LeaderElection.java:logAndReturn(90)) - 51ab8667-e0eb-4b1b-8092-cca2eecc2449@group-8B8B16AD1824-LeaderElection31: ELECTION PASSED received 1 response(s) and 0 exception(s):
2022-05-24 20:48:59,662 [51ab8667-e0eb-4b1b-8092-cca2eecc2449@group-8B8B16AD1824-LeaderElection31] INFO  impl.LeaderElection (LeaderElection.java:logAndReturn(94)) -   Response 0: 51ab8667-e0eb-4b1b-8092-cca2eecc2449<-a6e30353-377f-4b2f-bee2-e66a44f5bcb3#0:OK-t4
2022-05-24 20:48:59,662 [51ab8667-e0eb-4b1b-8092-cca2eecc2449@group-8B8B16AD1824-LeaderElection31] INFO  impl.LeaderElection (LeaderElection.java:askForVotes(312)) - 51ab8667-e0eb-4b1b-8092-cca2eecc2449@group-8B8B16AD1824-LeaderElection31 ELECTION round 0: result PASSED
2022-05-24 20:48:59,662 [51ab8667-e0eb-4b1b-8092-cca2eecc2449@group-8B8B16AD1824-LeaderElection31] INFO  impl.RoleInfo (RoleInfo.java:shutdownLeaderElection(130)) - 51ab8667-e0eb-4b1b-8092-cca2eecc2449: shutdown 51ab8667-e0eb-4b1b-8092-cca2eecc2449@group-8B8B16AD1824-LeaderElection31
2022-05-24 20:48:59,662 [51ab8667-e0eb-4b1b-8092-cca2eecc2449@group-8B8B16AD1824-LeaderElection31] INFO  server.RaftServer$Division (RaftServerImpl.java:setRole(299)) - 51ab8667-e0eb-4b1b-8092-cca2eecc2449@group-8B8B16AD1824: changes role from CANDIDATE to LEADER at term 4 for changeToLeader
2022-05-24 20:48:59,662 [51ab8667-e0eb-4b1b-8092-cca2eecc2449@group-8B8B16AD1824-LeaderElection31] INFO  ratis.XceiverServerRatis (XceiverServerRatis.java:handleLeaderChangedNotification(863)) - Leader change notification received for group: group-8B8B16AD1824 with new leaderId: 51ab8667-e0eb-4b1b-8092-cca2eecc2449
2022-05-24 20:48:59,663 [51ab8667-e0eb-4b1b-8092-cca2eecc2449@group-8B8B16AD1824-LeaderElection31] INFO  server.RaftServer$Division (ServerState.java:setLeader(287)) - 51ab8667-e0eb-4b1b-8092-cca2eecc2449@group-8B8B16AD1824: change Leader from null to 51ab8667-e0eb-4b1b-8092-cca2eecc2449 at term 4 for becomeLeader, leader elected after 20453ms
2022-05-24 20:48:59,663 [51ab8667-e0eb-4b1b-8092-cca2eecc2449@group-8B8B16AD1824-LeaderElection31] INFO  server.RaftServerConfigKeys (ConfUtils.java:logGet(46)) - raft.server.staging.catchup.gap = 1000 (default)
2022-05-24 20:48:59,663 [51ab8667-e0eb-4b1b-8092-cca2eecc2449@group-8B8B16AD1824-LeaderElection31] INFO  server.RaftServerConfigKeys (ConfUtils.java:logGet(46)) - raft.server.write.element-limit = 1024 (custom)
2022-05-24 20:48:59,663 [51ab8667-e0eb-4b1b-8092-cca2eecc2449@group-8B8B16AD1824-LeaderElection31] INFO  server.RaftServerConfigKeys (ConfUtils.java:logGet(46)) - raft.server.write.byte-limit = 1024 M (=1073741824) (custom)
2022-05-24 20:48:59,663 [51ab8667-e0eb-4b1b-8092-cca2eecc2449@group-8B8B16AD1824-LeaderElection31] INFO  server.RaftServerConfigKeys (ConfUtils.java:logGet(46)) - raft.server.watch.timeout = 180s (custom)
2022-05-24 20:48:59,663 [51ab8667-e0eb-4b1b-8092-cca2eecc2449@group-8B8B16AD1824-LeaderElection31] INFO  server.RaftServerConfigKeys (ConfUtils.java:logGet(46)) - raft.server.watch.timeout.denomination = 1s (default)
2022-05-24 20:48:59,663 [51ab8667-e0eb-4b1b-8092-cca2eecc2449@group-8B8B16AD1824-LeaderElection31] INFO  server.RaftServerConfigKeys (ConfUtils.java:logGet(46)) - raft.server.watch.element-limit = 65536 (default)
2022-05-24 20:48:59,663 [51ab8667-e0eb-4b1b-8092-cca2eecc2449@group-8B8B16AD1824-LeaderElection31] INFO  server.RaftServerConfigKeys (ConfUtils.java:logGet(46)) - raft.server.write.element-limit = 1024 (custom)
2022-05-24 20:48:59,663 [51ab8667-e0eb-4b1b-8092-cca2eecc2449@group-8B8B16AD1824-LeaderElection31] INFO  server.RaftServerConfigKeys (ConfUtils.java:logGet(46)) - raft.server.write.follower.gap.ratio.max = -1.0 (default)
2022-05-24 20:48:59,663 [EventQueue-PipelineReportForPipelineReportHandler] INFO  pipeline.PipelineManagerImpl (PipelineManagerImpl.java:openPipeline(336)) - Pipeline Pipeline[ Id: a3fd9ac4-c757-4004-ba86-8b8b16ad1824, Nodes: cdeff73f-0c88-4976-9d3a-8f87b3ebca92{ip: 10.1.0.30, host: fv-az122-930.eh24crq5omsuteaqbma5cv3ijc.phxx.internal.cloudapp.net, ports: [REPLICATION=42185, RATIS=44465, RATIS_ADMIN=44465, RATIS_SERVER=44465, STANDALONE=42789], networkLocation: /default-rack, certSerialId: null, persistedOpState: IN_SERVICE, persistedOpStateExpiryEpochSec: 0}51ab8667-e0eb-4b1b-8092-cca2eecc2449{ip: 10.1.0.30, host: fv-az122-930.eh24crq5omsuteaqbma5cv3ijc.phxx.internal.cloudapp.net, ports: [REPLICATION=34887, RATIS=46251, RATIS_ADMIN=46251, RATIS_SERVER=46251, STANDALONE=34069], networkLocation: /default-rack, certSerialId: null, persistedOpState: IN_SERVICE, persistedOpStateExpiryEpochSec: 0}a6e30353-377f-4b2f-bee2-e66a44f5bcb3{ip: 10.1.0.30, host: fv-az122-930.eh24crq5omsuteaqbma5cv3ijc.phxx.internal.cloudapp.net, ports: [REPLICATION=37935, RATIS=42857, RATIS_ADMIN=42857, RATIS_SERVER=42857, STANDALONE=38041], networkLocation: /default-rack, certSerialId: null, persistedOpState: IN_SERVICE, persistedOpStateExpiryEpochSec: 0}, ReplicationConfig: RATIS/THREE, State:ALLOCATED, leaderId:51ab8667-e0eb-4b1b-8092-cca2eecc2449, CreationTimestamp2022-05-24T20:48:36.695Z[Etc/UTC]] moved to OPEN state
2022-05-24 20:48:59,664 [51ab8667-e0eb-4b1b-8092-cca2eecc2449@group-8B8B16AD1824-LeaderElection31] INFO  server.RaftServerConfigKeys (ConfUtils.java:logGet(46)) - raft.server.log.appender.snapshot.chunk.size.max = 16MB (=16777216) (default)
2022-05-24 20:48:59,664 [51ab8667-e0eb-4b1b-8092-cca2eecc2449@group-8B8B16AD1824-LeaderElection31] INFO  server.RaftServerConfigKeys (ConfUtils.java:logGet(46)) - raft.server.log.appender.buffer.byte-limit = 33554432 (custom)
2022-05-24 20:48:59,664 [51ab8667-e0eb-4b1b-8092-cca2eecc2449@group-8B8B16AD1824-LeaderElection31] INFO  server.RaftServerConfigKeys (ConfUtils.java:logGet(46)) - raft.server.log.appender.buffer.element-limit = 1 (custom)
2022-05-24 20:48:59,664 [51ab8667-e0eb-4b1b-8092-cca2eecc2449@group-8B8B16AD1824-LeaderElection31] INFO  grpc.GrpcConfigKeys (ConfUtils.java:logGet(46)) - raft.grpc.server.leader.outstanding.appends.max = 128 (default)
2022-05-24 20:48:59,664 [51ab8667-e0eb-4b1b-8092-cca2eecc2449@group-8B8B16AD1824-LeaderElection31] INFO  server.RaftServerConfigKeys (ConfUtils.java:logGet(46)) - raft.server.rpc.request.timeout = 60s (custom)
2022-05-24 20:48:59,664 [51ab8667-e0eb-4b1b-8092-cca2eecc2449@group-8B8B16AD1824-LeaderElection31] INFO  server.RaftServerConfigKeys (ConfUtils.java:logGet(46)) - raft.server.log.appender.install.snapshot.enabled = false (custom)
2022-05-24 20:48:59,665 [51ab8667-e0eb-4b1b-8092-cca2eecc2449@group-8B8B16AD1824-LeaderElection31] INFO  server.RaftServerConfigKeys (ConfUtils.java:logGet(46)) - raft.server.log.appender.snapshot.chunk.size.max = 16MB (=16777216) (default)
2022-05-24 20:48:59,665 [51ab8667-e0eb-4b1b-8092-cca2eecc2449@group-8B8B16AD1824-LeaderElection31] INFO  server.RaftServerConfigKeys (ConfUtils.java:logGet(46)) - raft.server.log.appender.buffer.byte-limit = 33554432 (custom)
2022-05-24 20:48:59,665 [51ab8667-e0eb-4b1b-8092-cca2eecc2449@group-8B8B16AD1824-LeaderElection31] INFO  server.RaftServerConfigKeys (ConfUtils.java:logGet(46)) - raft.server.log.appender.buffer.element-limit = 1 (custom)
2022-05-24 20:48:59,665 [51ab8667-e0eb-4b1b-8092-cca2eecc2449@group-8B8B16AD1824-LeaderElection31] INFO  grpc.GrpcConfigKeys (ConfUtils.java:logGet(46)) - raft.grpc.server.leader.outstanding.appends.max = 128 (default)
2022-05-24 20:48:59,665 [51ab8667-e0eb-4b1b-8092-cca2eecc2449@group-8B8B16AD1824-LeaderElection31] INFO  server.RaftServerConfigKeys (ConfUtils.java:logGet(46)) - raft.server.rpc.request.timeout = 60s (custom)
2022-05-24 20:48:59,665 [51ab8667-e0eb-4b1b-8092-cca2eecc2449@group-8B8B16AD1824-LeaderElection31] INFO  server.RaftServerConfigKeys (ConfUtils.java:logGet(46)) - raft.server.log.appender.install.snapshot.enabled = false (custom)
2022-05-24 20:48:59,665 [51ab8667-e0eb-4b1b-8092-cca2eecc2449@group-8B8B16AD1824-LeaderElection31] INFO  impl.RoleInfo (RoleInfo.java:updateAndGet(139)) - 51ab8667-e0eb-4b1b-8092-cca2eecc2449: start 51ab8667-e0eb-4b1b-8092-cca2eecc2449@group-8B8B16AD1824-LeaderStateImpl
2022-05-24 20:48:59,665 [51ab8667-e0eb-4b1b-8092-cca2eecc2449@group-8B8B16AD1824-LeaderElection31] INFO  segmented.SegmentedRaftLogWorker (SegmentedRaftLogWorker.java:startLogSegment(425)) - 51ab8667-e0eb-4b1b-8092-cca2eecc2449@group-8B8B16AD1824-SegmentedRaftLogWorker: Starting segment from index:0
2022-05-24 20:48:59,667 [51ab8667-e0eb-4b1b-8092-cca2eecc2449@group-8B8B16AD1824-LeaderElection31] INFO  server.RaftServer$Division (ServerState.java:setRaftConf(393)) - 51ab8667-e0eb-4b1b-8092-cca2eecc2449@group-8B8B16AD1824: set configuration 0: [cdeff73f-0c88-4976-9d3a-8f87b3ebca92|rpc:10.1.0.30:44465|dataStream:|priority:0, a6e30353-377f-4b2f-bee2-e66a44f5bcb3|rpc:10.1.0.30:42857|dataStream:|priority:0, 51ab8667-e0eb-4b1b-8092-cca2eecc2449|rpc:10.1.0.30:46251|dataStream:|priority:1], old=null
2022-05-24 20:48:59,667 [51ab8667-e0eb-4b1b-8092-cca2eecc2449@group-8B8B16AD1824-SegmentedRaftLogWorker] INFO  segmented.SegmentedRaftLogWorker (SegmentedRaftLogWorker.java:execute(629)) - 51ab8667-e0eb-4b1b-8092-cca2eecc2449@group-8B8B16AD1824-SegmentedRaftLogWorker: created new log segment /home/runner/work/ozone/ozone/hadoop-ozone/integration-test/target/test-dir/MiniOzoneClusterImpl-68ae5bae-a44d-4587-ae52-251ec6d3fd1e/datanode-5/data/ratis/a3fd9ac4-c757-4004-ba86-8b8b16ad1824/current/log_inprogress_0
2022-05-24 20:48:59,671 [OM StateMachine ApplyTransaction Thread - 0] INFO  bucket.OMBucketCreateRequest (OMBucketCreateRequest.java:validateAndUpdateCache(258)) - created bucket: 00b5189c-9410-4d57-be28-6d77cd3fa9a8 of layout LEGACY in volume: a677943a-21db-42bf-ba99-d56526003230
]]></system-out>
  </testcase>
  <testcase name="testListKey" classname="org.apache.hadoop.ozone.client.rpc.TestSecureOzoneRpcClient" time="1.242">
    <system-out><![CDATA[2022-05-24 20:48:59,673 [Listener at 127.0.0.1/44485] INFO  rpc.RpcClient (RpcClient.java:createVolume(457)) - Creating Volume: vol-a-39414, with runner as owner and space quota set to -1 bytes, counts quota set to -1
2022-05-24 20:48:59,676 [OM StateMachine ApplyTransaction Thread - 0] INFO  volume.OMVolumeCreateRequest (OMVolumeCreateRequest.java:validateAndUpdateCache(195)) - created volume:vol-a-39414 for user:runner
2022-05-24 20:48:59,676 [Listener at 127.0.0.1/44485] INFO  rpc.RpcClient (RpcClient.java:createVolume(457)) - Creating Volume: vol-b-07612, with runner as owner and space quota set to -1 bytes, counts quota set to -1
2022-05-24 20:48:59,678 [OM StateMachine ApplyTransaction Thread - 0] INFO  volume.OMVolumeCreateRequest (OMVolumeCreateRequest.java:validateAndUpdateCache(195)) - created volume:vol-b-07612 for user:runner
2022-05-24 20:48:59,679 [Listener at 127.0.0.1/44485] INFO  rpc.RpcClient (RpcClient.java:createBucket(646)) - Creating Bucket: vol-a-39414/buc-a-83024, with runner as owner and Versioning false and Storage Type set to DISK and Encryption set to false 
2022-05-24 20:48:59,681 [cdeff73f-0c88-4976-9d3a-8f87b3ebca92-server-thread1] INFO  ratis.XceiverServerRatis (XceiverServerRatis.java:handleLeaderChangedNotification(863)) - Leader change notification received for group: group-8B8B16AD1824 with new leaderId: 51ab8667-e0eb-4b1b-8092-cca2eecc2449
2022-05-24 20:48:59,681 [cdeff73f-0c88-4976-9d3a-8f87b3ebca92-server-thread1] INFO  server.RaftServer$Division (ServerState.java:setLeader(287)) - cdeff73f-0c88-4976-9d3a-8f87b3ebca92@group-8B8B16AD1824: change Leader from null to 51ab8667-e0eb-4b1b-8092-cca2eecc2449 at term 4 for appendEntries, leader elected after 20503ms
2022-05-24 20:48:59,681 [OM StateMachine ApplyTransaction Thread - 0] INFO  bucket.OMBucketCreateRequest (OMBucketCreateRequest.java:validateAndUpdateCache(258)) - created bucket: buc-a-83024 of layout LEGACY in volume: vol-a-39414
2022-05-24 20:48:59,681 [Listener at 127.0.0.1/44485] INFO  rpc.RpcClient (RpcClient.java:createBucket(646)) - Creating Bucket: vol-a-39414/buc-b-98033, with runner as owner and Versioning false and Storage Type set to DISK and Encryption set to false 
2022-05-24 20:48:59,683 [OM StateMachine ApplyTransaction Thread - 0] INFO  bucket.OMBucketCreateRequest (OMBucketCreateRequest.java:validateAndUpdateCache(258)) - created bucket: buc-b-98033 of layout LEGACY in volume: vol-a-39414
2022-05-24 20:48:59,684 [Listener at 127.0.0.1/44485] INFO  rpc.RpcClient (RpcClient.java:createBucket(646)) - Creating Bucket: vol-b-07612/buc-a-83024, with runner as owner and Versioning false and Storage Type set to DISK and Encryption set to false 
2022-05-24 20:48:59,685 [OM StateMachine ApplyTransaction Thread - 0] INFO  bucket.OMBucketCreateRequest (OMBucketCreateRequest.java:validateAndUpdateCache(258)) - created bucket: buc-a-83024 of layout LEGACY in volume: vol-b-07612
2022-05-24 20:48:59,685 [Listener at 127.0.0.1/44485] INFO  rpc.RpcClient (RpcClient.java:createBucket(646)) - Creating Bucket: vol-b-07612/buc-b-98033, with runner as owner and Versioning false and Storage Type set to DISK and Encryption set to false 
2022-05-24 20:48:59,686 [OM StateMachine ApplyTransaction Thread - 0] INFO  bucket.OMBucketCreateRequest (OMBucketCreateRequest.java:validateAndUpdateCache(258)) - created bucket: buc-b-98033 of layout LEGACY in volume: vol-b-07612
2022-05-24 20:48:59,693 [a6e30353-377f-4b2f-bee2-e66a44f5bcb3-server-thread1] INFO  ratis.XceiverServerRatis (XceiverServerRatis.java:handleLeaderChangedNotification(863)) - Leader change notification received for group: group-8B8B16AD1824 with new leaderId: 51ab8667-e0eb-4b1b-8092-cca2eecc2449
2022-05-24 20:48:59,693 [a6e30353-377f-4b2f-bee2-e66a44f5bcb3-server-thread1] INFO  server.RaftServer$Division (ServerState.java:setLeader(287)) - a6e30353-377f-4b2f-bee2-e66a44f5bcb3@group-8B8B16AD1824: change Leader from null to 51ab8667-e0eb-4b1b-8092-cca2eecc2449 at term 4 for appendEntries, leader elected after 20555ms
2022-05-24 20:48:59,696 [a6e30353-377f-4b2f-bee2-e66a44f5bcb3-server-thread1] INFO  server.RaftServer$Division (ServerState.java:setRaftConf(393)) - a6e30353-377f-4b2f-bee2-e66a44f5bcb3@group-8B8B16AD1824: set configuration 0: [cdeff73f-0c88-4976-9d3a-8f87b3ebca92|rpc:10.1.0.30:44465|dataStream:|priority:0, a6e30353-377f-4b2f-bee2-e66a44f5bcb3|rpc:10.1.0.30:42857|dataStream:|priority:0, 51ab8667-e0eb-4b1b-8092-cca2eecc2449|rpc:10.1.0.30:46251|dataStream:|priority:1], old=null
2022-05-24 20:48:59,696 [a6e30353-377f-4b2f-bee2-e66a44f5bcb3-server-thread1] INFO  segmented.SegmentedRaftLogWorker (SegmentedRaftLogWorker.java:startLogSegment(425)) - a6e30353-377f-4b2f-bee2-e66a44f5bcb3@group-8B8B16AD1824-SegmentedRaftLogWorker: Starting segment from index:0
2022-05-24 20:48:59,696 [cdeff73f-0c88-4976-9d3a-8f87b3ebca92-server-thread1] INFO  server.RaftServer$Division (ServerState.java:setRaftConf(393)) - cdeff73f-0c88-4976-9d3a-8f87b3ebca92@group-8B8B16AD1824: set configuration 0: [cdeff73f-0c88-4976-9d3a-8f87b3ebca92|rpc:10.1.0.30:44465|dataStream:|priority:0, a6e30353-377f-4b2f-bee2-e66a44f5bcb3|rpc:10.1.0.30:42857|dataStream:|priority:0, 51ab8667-e0eb-4b1b-8092-cca2eecc2449|rpc:10.1.0.30:46251|dataStream:|priority:1], old=null
2022-05-24 20:48:59,696 [cdeff73f-0c88-4976-9d3a-8f87b3ebca92-server-thread1] INFO  segmented.SegmentedRaftLogWorker (SegmentedRaftLogWorker.java:startLogSegment(425)) - cdeff73f-0c88-4976-9d3a-8f87b3ebca92@group-8B8B16AD1824-SegmentedRaftLogWorker: Starting segment from index:0
2022-05-24 20:48:59,697 [a6e30353-377f-4b2f-bee2-e66a44f5bcb3@group-8B8B16AD1824-SegmentedRaftLogWorker] INFO  segmented.SegmentedRaftLogWorker (SegmentedRaftLogWorker.java:execute(629)) - a6e30353-377f-4b2f-bee2-e66a44f5bcb3@group-8B8B16AD1824-SegmentedRaftLogWorker: created new log segment /home/runner/work/ozone/ozone/hadoop-ozone/integration-test/target/test-dir/MiniOzoneClusterImpl-68ae5bae-a44d-4587-ae52-251ec6d3fd1e/datanode-3/data/ratis/a3fd9ac4-c757-4004-ba86-8b8b16ad1824/current/log_inprogress_0
2022-05-24 20:48:59,698 [cdeff73f-0c88-4976-9d3a-8f87b3ebca92@group-8B8B16AD1824-SegmentedRaftLogWorker] INFO  segmented.SegmentedRaftLogWorker (SegmentedRaftLogWorker.java:execute(629)) - cdeff73f-0c88-4976-9d3a-8f87b3ebca92@group-8B8B16AD1824-SegmentedRaftLogWorker: created new log segment /home/runner/work/ozone/ozone/hadoop-ozone/integration-test/target/test-dir/MiniOzoneClusterImpl-68ae5bae-a44d-4587-ae52-251ec6d3fd1e/datanode-4/data/ratis/a3fd9ac4-c757-4004-ba86-8b8b16ad1824/current/log_inprogress_0
2022-05-24 20:48:59,831 [51ab8667-e0eb-4b1b-8092-cca2eecc2449@group-4FEAA70A9A47-FollowerState] INFO  impl.FollowerState (FollowerState.java:run(143)) - 51ab8667-e0eb-4b1b-8092-cca2eecc2449@group-4FEAA70A9A47-FollowerState: change to CANDIDATE, lastRpcElapsedTime:5082600231ns, electionTimeout:5072ms
2022-05-24 20:48:59,831 [51ab8667-e0eb-4b1b-8092-cca2eecc2449@group-4FEAA70A9A47-FollowerState] INFO  impl.RoleInfo (RoleInfo.java:shutdownFollowerState(110)) - 51ab8667-e0eb-4b1b-8092-cca2eecc2449: shutdown 51ab8667-e0eb-4b1b-8092-cca2eecc2449@group-4FEAA70A9A47-FollowerState
2022-05-24 20:48:59,831 [51ab8667-e0eb-4b1b-8092-cca2eecc2449@group-4FEAA70A9A47-FollowerState] INFO  server.RaftServer$Division (RaftServerImpl.java:setRole(299)) - 51ab8667-e0eb-4b1b-8092-cca2eecc2449@group-4FEAA70A9A47: changes role from  FOLLOWER to CANDIDATE at term 3 for changeToCandidate
2022-05-24 20:48:59,831 [51ab8667-e0eb-4b1b-8092-cca2eecc2449@group-4FEAA70A9A47-FollowerState] INFO  server.RaftServerConfigKeys (ConfUtils.java:logGet(46)) - raft.server.leaderelection.pre-vote = false (custom)
2022-05-24 20:48:59,831 [51ab8667-e0eb-4b1b-8092-cca2eecc2449@group-4FEAA70A9A47-FollowerState] INFO  impl.RoleInfo (RoleInfo.java:updateAndGet(139)) - 51ab8667-e0eb-4b1b-8092-cca2eecc2449: start 51ab8667-e0eb-4b1b-8092-cca2eecc2449@group-4FEAA70A9A47-LeaderElection32
2022-05-24 20:48:59,847 [51ab8667-e0eb-4b1b-8092-cca2eecc2449@group-4FEAA70A9A47-LeaderElection32] INFO  impl.LeaderElection (LeaderElection.java:askForVotes(310)) - 51ab8667-e0eb-4b1b-8092-cca2eecc2449@group-4FEAA70A9A47-LeaderElection32 ELECTION round 0: submit vote requests at term 4 for -1: [a6e30353-377f-4b2f-bee2-e66a44f5bcb3|rpc:10.1.0.30:42857|dataStream:|priority:0, cdeff73f-0c88-4976-9d3a-8f87b3ebca92|rpc:10.1.0.30:44465|dataStream:|priority:1, 51ab8667-e0eb-4b1b-8092-cca2eecc2449|rpc:10.1.0.30:46251|dataStream:|priority:0], old=null
2022-05-24 20:48:59,848 [grpc-default-executor-6] INFO  server.RaftServer$Division (RaftServerImpl.java:requestVote(1152)) - a6e30353-377f-4b2f-bee2-e66a44f5bcb3@group-4FEAA70A9A47: receive requestVote(ELECTION, 51ab8667-e0eb-4b1b-8092-cca2eecc2449, group-4FEAA70A9A47, 4, (t:0, i:0))
2022-05-24 20:48:59,849 [grpc-default-executor-6] INFO  impl.VoteContext (VoteContext.java:log(48)) - a6e30353-377f-4b2f-bee2-e66a44f5bcb3@group-4FEAA70A9A47-FOLLOWER: accept ELECTION from 51ab8667-e0eb-4b1b-8092-cca2eecc2449: our priority 0 <= candidate's priority 0
2022-05-24 20:48:59,849 [grpc-default-executor-6] INFO  server.RaftServer$Division (RaftServerImpl.java:setRole(299)) - a6e30353-377f-4b2f-bee2-e66a44f5bcb3@group-4FEAA70A9A47: changes role from  FOLLOWER to FOLLOWER at term 4 for candidate:51ab8667-e0eb-4b1b-8092-cca2eecc2449
2022-05-24 20:48:59,849 [grpc-default-executor-6] INFO  impl.RoleInfo (RoleInfo.java:shutdownFollowerState(110)) - a6e30353-377f-4b2f-bee2-e66a44f5bcb3: shutdown a6e30353-377f-4b2f-bee2-e66a44f5bcb3@group-4FEAA70A9A47-FollowerState
2022-05-24 20:48:59,851 [grpc-default-executor-2] INFO  server.RaftServer$Division (RaftServerImpl.java:requestVote(1152)) - cdeff73f-0c88-4976-9d3a-8f87b3ebca92@group-4FEAA70A9A47: receive requestVote(ELECTION, 51ab8667-e0eb-4b1b-8092-cca2eecc2449, group-4FEAA70A9A47, 4, (t:0, i:0))
2022-05-24 20:48:59,851 [grpc-default-executor-2] INFO  impl.VoteContext (VoteContext.java:log(48)) - cdeff73f-0c88-4976-9d3a-8f87b3ebca92@group-4FEAA70A9A47-FOLLOWER: reject ELECTION from 51ab8667-e0eb-4b1b-8092-cca2eecc2449: our priority 1 > candidate's priority 0
2022-05-24 20:48:59,851 [grpc-default-executor-2] INFO  server.RaftServer$Division (RaftServerImpl.java:setRole(299)) - cdeff73f-0c88-4976-9d3a-8f87b3ebca92@group-4FEAA70A9A47: changes role from  FOLLOWER to FOLLOWER at term 4 for candidate:51ab8667-e0eb-4b1b-8092-cca2eecc2449
2022-05-24 20:48:59,851 [grpc-default-executor-2] INFO  impl.RoleInfo (RoleInfo.java:shutdownFollowerState(110)) - cdeff73f-0c88-4976-9d3a-8f87b3ebca92: shutdown cdeff73f-0c88-4976-9d3a-8f87b3ebca92@group-4FEAA70A9A47-FollowerState
2022-05-24 20:48:59,859 [grpc-default-executor-6] INFO  impl.RoleInfo (RoleInfo.java:updateAndGet(139)) - a6e30353-377f-4b2f-bee2-e66a44f5bcb3: start a6e30353-377f-4b2f-bee2-e66a44f5bcb3@group-4FEAA70A9A47-FollowerState
2022-05-24 20:48:59,859 [cdeff73f-0c88-4976-9d3a-8f87b3ebca92@group-4FEAA70A9A47-FollowerState] INFO  impl.FollowerState (FollowerState.java:run(152)) - cdeff73f-0c88-4976-9d3a-8f87b3ebca92@group-4FEAA70A9A47-FollowerState was interrupted
2022-05-24 20:48:59,859 [a6e30353-377f-4b2f-bee2-e66a44f5bcb3@group-4FEAA70A9A47-FollowerState] INFO  impl.FollowerState (FollowerState.java:run(152)) - a6e30353-377f-4b2f-bee2-e66a44f5bcb3@group-4FEAA70A9A47-FollowerState was interrupted
2022-05-24 20:48:59,874 [grpc-default-executor-2] INFO  impl.RoleInfo (RoleInfo.java:updateAndGet(139)) - cdeff73f-0c88-4976-9d3a-8f87b3ebca92: start cdeff73f-0c88-4976-9d3a-8f87b3ebca92@group-4FEAA70A9A47-FollowerState
2022-05-24 20:48:59,876 [grpc-default-executor-6] INFO  server.RaftServer$Division (RaftServerImpl.java:requestVote(1184)) - a6e30353-377f-4b2f-bee2-e66a44f5bcb3@group-4FEAA70A9A47 replies to ELECTION vote request: 51ab8667-e0eb-4b1b-8092-cca2eecc2449<-a6e30353-377f-4b2f-bee2-e66a44f5bcb3#0:OK-t4. Peer's state: a6e30353-377f-4b2f-bee2-e66a44f5bcb3@group-4FEAA70A9A47:t4, leader=null, voted=51ab8667-e0eb-4b1b-8092-cca2eecc2449, raftlog=a6e30353-377f-4b2f-bee2-e66a44f5bcb3@group-4FEAA70A9A47-SegmentedRaftLog:OPENED:c-1, conf=-1: [a6e30353-377f-4b2f-bee2-e66a44f5bcb3|rpc:10.1.0.30:42857|priority:0, cdeff73f-0c88-4976-9d3a-8f87b3ebca92|rpc:10.1.0.30:44465|priority:1, 51ab8667-e0eb-4b1b-8092-cca2eecc2449|rpc:10.1.0.30:46251|priority:0], old=null
2022-05-24 20:48:59,880 [grpc-default-executor-2] INFO  server.RaftServer$Division (RaftServerImpl.java:requestVote(1184)) - cdeff73f-0c88-4976-9d3a-8f87b3ebca92@group-4FEAA70A9A47 replies to ELECTION vote request: 51ab8667-e0eb-4b1b-8092-cca2eecc2449<-cdeff73f-0c88-4976-9d3a-8f87b3ebca92#0:FAIL-t4. Peer's state: cdeff73f-0c88-4976-9d3a-8f87b3ebca92@group-4FEAA70A9A47:t4, leader=null, voted=null, raftlog=cdeff73f-0c88-4976-9d3a-8f87b3ebca92@group-4FEAA70A9A47-SegmentedRaftLog:OPENED:c-1, conf=-1: [a6e30353-377f-4b2f-bee2-e66a44f5bcb3|rpc:10.1.0.30:42857|dataStream:|priority:0, cdeff73f-0c88-4976-9d3a-8f87b3ebca92|rpc:10.1.0.30:44465|dataStream:|priority:1, 51ab8667-e0eb-4b1b-8092-cca2eecc2449|rpc:10.1.0.30:46251|dataStream:|priority:0], old=null
2022-05-24 20:48:59,881 [51ab8667-e0eb-4b1b-8092-cca2eecc2449@group-4FEAA70A9A47-LeaderElection32] INFO  impl.LeaderElection (LeaderElection.java:logAndReturn(90)) - 51ab8667-e0eb-4b1b-8092-cca2eecc2449@group-4FEAA70A9A47-LeaderElection32: ELECTION REJECTED received 2 response(s) and 0 exception(s):
2022-05-24 20:48:59,881 [51ab8667-e0eb-4b1b-8092-cca2eecc2449@group-4FEAA70A9A47-LeaderElection32] INFO  impl.LeaderElection (LeaderElection.java:logAndReturn(94)) -   Response 0: 51ab8667-e0eb-4b1b-8092-cca2eecc2449<-a6e30353-377f-4b2f-bee2-e66a44f5bcb3#0:OK-t4
2022-05-24 20:48:59,881 [51ab8667-e0eb-4b1b-8092-cca2eecc2449@group-4FEAA70A9A47-LeaderElection32] INFO  impl.LeaderElection (LeaderElection.java:logAndReturn(94)) -   Response 1: 51ab8667-e0eb-4b1b-8092-cca2eecc2449<-cdeff73f-0c88-4976-9d3a-8f87b3ebca92#0:FAIL-t4
2022-05-24 20:48:59,881 [51ab8667-e0eb-4b1b-8092-cca2eecc2449@group-4FEAA70A9A47-LeaderElection32] INFO  impl.LeaderElection (LeaderElection.java:askForVotes(312)) - 51ab8667-e0eb-4b1b-8092-cca2eecc2449@group-4FEAA70A9A47-LeaderElection32 ELECTION round 0: result REJECTED
2022-05-24 20:48:59,881 [51ab8667-e0eb-4b1b-8092-cca2eecc2449@group-4FEAA70A9A47-LeaderElection32] INFO  server.RaftServer$Division (RaftServerImpl.java:setRole(299)) - 51ab8667-e0eb-4b1b-8092-cca2eecc2449@group-4FEAA70A9A47: changes role from CANDIDATE to FOLLOWER at term 4 for REJECTED
2022-05-24 20:48:59,881 [51ab8667-e0eb-4b1b-8092-cca2eecc2449@group-4FEAA70A9A47-LeaderElection32] INFO  impl.RoleInfo (RoleInfo.java:shutdownLeaderElection(130)) - 51ab8667-e0eb-4b1b-8092-cca2eecc2449: shutdown 51ab8667-e0eb-4b1b-8092-cca2eecc2449@group-4FEAA70A9A47-LeaderElection32
2022-05-24 20:48:59,881 [51ab8667-e0eb-4b1b-8092-cca2eecc2449@group-4FEAA70A9A47-LeaderElection32] INFO  impl.RoleInfo (RoleInfo.java:updateAndGet(139)) - 51ab8667-e0eb-4b1b-8092-cca2eecc2449: start 51ab8667-e0eb-4b1b-8092-cca2eecc2449@group-4FEAA70A9A47-FollowerState
]]></system-out>
  </testcase>
  <testcase name="testListKeyOnEmptyBucket" classname="org.apache.hadoop.ozone.client.rpc.TestSecureOzoneRpcClient" time="0.007">
    <system-out><![CDATA[2022-05-24 20:49:00,918 [Listener at 127.0.0.1/44485] INFO  rpc.RpcClient (RpcClient.java:createVolume(457)) - Creating Volume: vol-35925, with runner as owner and space quota set to -1 bytes, counts quota set to -1
2022-05-24 20:49:00,920 [OM StateMachine ApplyTransaction Thread - 0] INFO  volume.OMVolumeCreateRequest (OMVolumeCreateRequest.java:validateAndUpdateCache(195)) - created volume:vol-35925 for user:runner
2022-05-24 20:49:00,921 [Listener at 127.0.0.1/44485] INFO  rpc.RpcClient (RpcClient.java:createBucket(646)) - Creating Bucket: vol-35925/buc-10039, with runner as owner and Versioning false and Storage Type set to DISK and Encryption set to false 
2022-05-24 20:49:00,923 [OM StateMachine ApplyTransaction Thread - 0] INFO  bucket.OMBucketCreateRequest (OMBucketCreateRequest.java:validateAndUpdateCache(258)) - created bucket: buc-10039 of layout LEGACY in volume: vol-35925
]]></system-out>
  </testcase>
  <testcase name="testListMultipartUploadParts(ReplicationConfig)[1]" classname="org.apache.hadoop.ozone.client.rpc.TestSecureOzoneRpcClient" time="0.178">
    <system-out><![CDATA[2022-05-24 20:49:00,930 [Listener at 127.0.0.1/44485] INFO  rpc.RpcClient (RpcClient.java:createVolume(457)) - Creating Volume: 7dd9edce-3922-42f9-8b3d-a4e5529f2c39, with runner as owner and space quota set to -1 bytes, counts quota set to -1
2022-05-24 20:49:00,932 [OM StateMachine ApplyTransaction Thread - 0] INFO  volume.OMVolumeCreateRequest (OMVolumeCreateRequest.java:validateAndUpdateCache(195)) - created volume:7dd9edce-3922-42f9-8b3d-a4e5529f2c39 for user:runner
2022-05-24 20:49:00,934 [Listener at 127.0.0.1/44485] INFO  rpc.RpcClient (RpcClient.java:createBucket(646)) - Creating Bucket: 7dd9edce-3922-42f9-8b3d-a4e5529f2c39/e5f285c2-a674-4c7f-8db4-7fa66f25bde5, with runner as owner and Versioning false and Storage Type set to DISK and Encryption set to false 
2022-05-24 20:49:00,935 [OM StateMachine ApplyTransaction Thread - 0] INFO  bucket.OMBucketCreateRequest (OMBucketCreateRequest.java:validateAndUpdateCache(258)) - created bucket: e5f285c2-a674-4c7f-8db4-7fa66f25bde5 of layout LEGACY in volume: 7dd9edce-3922-42f9-8b3d-a4e5529f2c39
]]></system-out>
  </testcase>
  <testcase name="testListMultipartUploadParts(ReplicationConfig)[2]" classname="org.apache.hadoop.ozone.client.rpc.TestSecureOzoneRpcClient" time="0.689">
    <system-out><![CDATA[2022-05-24 20:49:01,106 [Listener at 127.0.0.1/44485] INFO  rpc.RpcClient (RpcClient.java:createVolume(457)) - Creating Volume: bc4ad167-37f7-4a6a-af69-c102bfaac59a, with runner as owner and space quota set to -1 bytes, counts quota set to -1
2022-05-24 20:49:01,107 [OM StateMachine ApplyTransaction Thread - 0] INFO  volume.OMVolumeCreateRequest (OMVolumeCreateRequest.java:validateAndUpdateCache(195)) - created volume:bc4ad167-37f7-4a6a-af69-c102bfaac59a for user:runner
2022-05-24 20:49:01,109 [Listener at 127.0.0.1/44485] INFO  rpc.RpcClient (RpcClient.java:createBucket(646)) - Creating Bucket: bc4ad167-37f7-4a6a-af69-c102bfaac59a/499b27e8-f5e6-437d-9fdb-6e53ee3c4bc3, with runner as owner and Versioning false and Storage Type set to DISK and Encryption set to false 
2022-05-24 20:49:01,111 [OM StateMachine ApplyTransaction Thread - 0] INFO  bucket.OMBucketCreateRequest (OMBucketCreateRequest.java:validateAndUpdateCache(258)) - created bucket: 499b27e8-f5e6-437d-9fdb-6e53ee3c4bc3 of layout LEGACY in volume: bc4ad167-37f7-4a6a-af69-c102bfaac59a
]]></system-out>
  </testcase>
  <testcase name="testListMultipartUploadParts(ReplicationConfig)[3]" classname="org.apache.hadoop.ozone.client.rpc.TestSecureOzoneRpcClient" time="0.244">
    <system-out><![CDATA[2022-05-24 20:49:01,795 [Listener at 127.0.0.1/44485] INFO  rpc.RpcClient (RpcClient.java:createVolume(457)) - Creating Volume: 95cfc6d3-7a1f-4ff8-9359-14a60b3246c6, with runner as owner and space quota set to -1 bytes, counts quota set to -1
2022-05-24 20:49:01,797 [OM StateMachine ApplyTransaction Thread - 0] INFO  volume.OMVolumeCreateRequest (OMVolumeCreateRequest.java:validateAndUpdateCache(195)) - created volume:95cfc6d3-7a1f-4ff8-9359-14a60b3246c6 for user:runner
2022-05-24 20:49:01,798 [Listener at 127.0.0.1/44485] INFO  rpc.RpcClient (RpcClient.java:createBucket(646)) - Creating Bucket: 95cfc6d3-7a1f-4ff8-9359-14a60b3246c6/9b2da8c8-d484-48cb-b315-cd0818fbe01d, with runner as owner and Versioning false and Storage Type set to DISK and Encryption set to false 
2022-05-24 20:49:01,799 [OM StateMachine ApplyTransaction Thread - 0] INFO  bucket.OMBucketCreateRequest (OMBucketCreateRequest.java:validateAndUpdateCache(258)) - created bucket: 9b2da8c8-d484-48cb-b315-cd0818fbe01d of layout LEGACY in volume: 95cfc6d3-7a1f-4ff8-9359-14a60b3246c6
]]></system-out>
  </testcase>
  <testcase name="testListMultipartUploadPartsWithContinuation(ReplicationConfig)[1]" classname="org.apache.hadoop.ozone.client.rpc.TestSecureOzoneRpcClient" time="0.148">
    <system-out><![CDATA[2022-05-24 20:49:02,042 [Listener at 127.0.0.1/44485] INFO  rpc.RpcClient (RpcClient.java:createVolume(457)) - Creating Volume: 1d9e67aa-7a28-4e96-aa8d-f3e2504c4c71, with runner as owner and space quota set to -1 bytes, counts quota set to -1
2022-05-24 20:49:02,043 [OM StateMachine ApplyTransaction Thread - 0] INFO  volume.OMVolumeCreateRequest (OMVolumeCreateRequest.java:validateAndUpdateCache(195)) - created volume:1d9e67aa-7a28-4e96-aa8d-f3e2504c4c71 for user:runner
2022-05-24 20:49:02,044 [Listener at 127.0.0.1/44485] INFO  rpc.RpcClient (RpcClient.java:createBucket(646)) - Creating Bucket: 1d9e67aa-7a28-4e96-aa8d-f3e2504c4c71/54c3536a-a749-4eb3-bc2e-bc406a65ce72, with runner as owner and Versioning false and Storage Type set to DISK and Encryption set to false 
2022-05-24 20:49:02,045 [OM StateMachine ApplyTransaction Thread - 0] INFO  bucket.OMBucketCreateRequest (OMBucketCreateRequest.java:validateAndUpdateCache(258)) - created bucket: 54c3536a-a749-4eb3-bc2e-bc406a65ce72 of layout LEGACY in volume: 1d9e67aa-7a28-4e96-aa8d-f3e2504c4c71
]]></system-out>
  </testcase>
  <testcase name="testListMultipartUploadPartsWithContinuation(ReplicationConfig)[2]" classname="org.apache.hadoop.ozone.client.rpc.TestSecureOzoneRpcClient" time="0.547">
    <system-out><![CDATA[2022-05-24 20:49:02,190 [Listener at 127.0.0.1/44485] INFO  rpc.RpcClient (RpcClient.java:createVolume(457)) - Creating Volume: ae0002b2-4a63-47e9-83f7-d658cfa1ce3b, with runner as owner and space quota set to -1 bytes, counts quota set to -1
2022-05-24 20:49:02,191 [OM StateMachine ApplyTransaction Thread - 0] INFO  volume.OMVolumeCreateRequest (OMVolumeCreateRequest.java:validateAndUpdateCache(195)) - created volume:ae0002b2-4a63-47e9-83f7-d658cfa1ce3b for user:runner
2022-05-24 20:49:02,193 [Listener at 127.0.0.1/44485] INFO  rpc.RpcClient (RpcClient.java:createBucket(646)) - Creating Bucket: ae0002b2-4a63-47e9-83f7-d658cfa1ce3b/d5ae09ce-7e5c-4dbf-9c72-d2ef633d58c0, with runner as owner and Versioning false and Storage Type set to DISK and Encryption set to false 
2022-05-24 20:49:02,196 [OM StateMachine ApplyTransaction Thread - 0] INFO  bucket.OMBucketCreateRequest (OMBucketCreateRequest.java:validateAndUpdateCache(258)) - created bucket: d5ae09ce-7e5c-4dbf-9c72-d2ef633d58c0 of layout LEGACY in volume: ae0002b2-4a63-47e9-83f7-d658cfa1ce3b
]]></system-out>
  </testcase>
  <testcase name="testListMultipartUploadPartsWithContinuation(ReplicationConfig)[3]" classname="org.apache.hadoop.ozone.client.rpc.TestSecureOzoneRpcClient" time="0.33">
    <system-out><![CDATA[2022-05-24 20:49:02,737 [Listener at 127.0.0.1/44485] INFO  rpc.RpcClient (RpcClient.java:createVolume(457)) - Creating Volume: fa362bf3-ca3d-497f-8f32-fa06c744204e, with runner as owner and space quota set to -1 bytes, counts quota set to -1
2022-05-24 20:49:02,738 [OM StateMachine ApplyTransaction Thread - 0] INFO  volume.OMVolumeCreateRequest (OMVolumeCreateRequest.java:validateAndUpdateCache(195)) - created volume:fa362bf3-ca3d-497f-8f32-fa06c744204e for user:runner
2022-05-24 20:49:02,740 [Listener at 127.0.0.1/44485] INFO  rpc.RpcClient (RpcClient.java:createBucket(646)) - Creating Bucket: fa362bf3-ca3d-497f-8f32-fa06c744204e/000527bf-2aa8-4fcf-994a-139c4fa66261, with runner as owner and Versioning false and Storage Type set to DISK and Encryption set to false 
2022-05-24 20:49:02,741 [OM StateMachine ApplyTransaction Thread - 0] INFO  bucket.OMBucketCreateRequest (OMBucketCreateRequest.java:validateAndUpdateCache(258)) - created bucket: 000527bf-2aa8-4fcf-994a-139c4fa66261 of layout LEGACY in volume: fa362bf3-ca3d-497f-8f32-fa06c744204e
]]></system-out>
  </testcase>
  <testcase name="testListPartsInvalidMaxParts" classname="org.apache.hadoop.ozone.client.rpc.TestSecureOzoneRpcClient" time="0.007">
    <system-out><![CDATA[2022-05-24 20:49:03,069 [Listener at 127.0.0.1/44485] INFO  rpc.RpcClient (RpcClient.java:createVolume(457)) - Creating Volume: 28fd6634-82e2-4c3d-bc60-0610083cbf81, with runner as owner and space quota set to -1 bytes, counts quota set to -1
2022-05-24 20:49:03,071 [OM StateMachine ApplyTransaction Thread - 0] INFO  volume.OMVolumeCreateRequest (OMVolumeCreateRequest.java:validateAndUpdateCache(195)) - created volume:28fd6634-82e2-4c3d-bc60-0610083cbf81 for user:runner
2022-05-24 20:49:03,073 [Listener at 127.0.0.1/44485] INFO  rpc.RpcClient (RpcClient.java:createBucket(646)) - Creating Bucket: 28fd6634-82e2-4c3d-bc60-0610083cbf81/3fea9cc4-ea84-4bbc-bea7-ccccd42008c4, with runner as owner and Versioning false and Storage Type set to DISK and Encryption set to false 
2022-05-24 20:49:03,075 [OM StateMachine ApplyTransaction Thread - 0] INFO  bucket.OMBucketCreateRequest (OMBucketCreateRequest.java:validateAndUpdateCache(258)) - created bucket: 3fea9cc4-ea84-4bbc-bea7-ccccd42008c4 of layout LEGACY in volume: 28fd6634-82e2-4c3d-bc60-0610083cbf81
]]></system-out>
  </testcase>
  <testcase name="testListPartsInvalidPartMarker" classname="org.apache.hadoop.ozone.client.rpc.TestSecureOzoneRpcClient" time="0.006">
    <system-out><![CDATA[2022-05-24 20:49:03,077 [Listener at 127.0.0.1/44485] INFO  rpc.RpcClient (RpcClient.java:createVolume(457)) - Creating Volume: 45d45661-a2ff-4be6-9eb9-dc16e3d2819f, with runner as owner and space quota set to -1 bytes, counts quota set to -1
2022-05-24 20:49:03,079 [OM StateMachine ApplyTransaction Thread - 0] INFO  volume.OMVolumeCreateRequest (OMVolumeCreateRequest.java:validateAndUpdateCache(195)) - created volume:45d45661-a2ff-4be6-9eb9-dc16e3d2819f for user:runner
2022-05-24 20:49:03,080 [Listener at 127.0.0.1/44485] INFO  rpc.RpcClient (RpcClient.java:createBucket(646)) - Creating Bucket: 45d45661-a2ff-4be6-9eb9-dc16e3d2819f/25ae77d7-36b3-498f-b40f-58d1d2f06114, with runner as owner and Versioning false and Storage Type set to DISK and Encryption set to false 
2022-05-24 20:49:03,081 [OM StateMachine ApplyTransaction Thread - 0] INFO  bucket.OMBucketCreateRequest (OMBucketCreateRequest.java:validateAndUpdateCache(258)) - created bucket: 25ae77d7-36b3-498f-b40f-58d1d2f06114 of layout LEGACY in volume: 45d45661-a2ff-4be6-9eb9-dc16e3d2819f
]]></system-out>
  </testcase>
  <testcase name="testListPartsWithInvalidUploadID" classname="org.apache.hadoop.ozone.client.rpc.TestSecureOzoneRpcClient" time="0.009">
    <system-out><![CDATA[2022-05-24 20:49:03,083 [Listener at 127.0.0.1/44485] INFO  rpc.RpcClient (RpcClient.java:createVolume(457)) - Creating Volume: 6bced597-0e87-4c0b-b0f9-4ba133b733a5, with runner as owner and space quota set to -1 bytes, counts quota set to -1
2022-05-24 20:49:03,086 [OM StateMachine ApplyTransaction Thread - 0] INFO  volume.OMVolumeCreateRequest (OMVolumeCreateRequest.java:validateAndUpdateCache(195)) - created volume:6bced597-0e87-4c0b-b0f9-4ba133b733a5 for user:runner
2022-05-24 20:49:03,087 [Listener at 127.0.0.1/44485] INFO  rpc.RpcClient (RpcClient.java:createBucket(646)) - Creating Bucket: 6bced597-0e87-4c0b-b0f9-4ba133b733a5/cbe679c1-5f23-4172-8ee5-0aa9b6080fde, with runner as owner and Versioning false and Storage Type set to DISK and Encryption set to false 
2022-05-24 20:49:03,089 [OM StateMachine ApplyTransaction Thread - 0] INFO  bucket.OMBucketCreateRequest (OMBucketCreateRequest.java:validateAndUpdateCache(258)) - created bucket: cbe679c1-5f23-4172-8ee5-0aa9b6080fde of layout LEGACY in volume: 6bced597-0e87-4c0b-b0f9-4ba133b733a5
20:49:03.090 [IPC Server handler 9 on default port 44485] ERROR OMAudit - user=runner | ip=127.0.0.1 | op=LIST_MULTIPART_UPLOAD_PARTS {volume=6bced597-0e87-4c0b-b0f9-4ba133b733a5, bucket=cbe679c1-5f23-4172-8ee5-0aa9b6080fde, key=6b37b770-65af-4d0d-945f-3bf70812cc3e, uploadID=random, partNumberMarker=100, maxParts=2} | ret=FAILURE
org.apache.hadoop.ozone.om.exceptions.OMException: No Such Multipart upload exists for this key.
	at org.apache.hadoop.ozone.om.KeyManagerImpl.listParts(KeyManagerImpl.java:686) ~[ozone-manager-1.3.0-SNAPSHOT.jar:?]
	at org.apache.hadoop.ozone.om.OzoneManager.listParts(OzoneManager.java:3044) ~[ozone-manager-1.3.0-SNAPSHOT.jar:?]
	at org.apache.hadoop.ozone.protocolPB.OzoneManagerRequestHandler.listParts(OzoneManagerRequestHandler.java:581) ~[ozone-manager-1.3.0-SNAPSHOT.jar:?]
	at org.apache.hadoop.ozone.protocolPB.OzoneManagerRequestHandler.handleReadRequest(OzoneManagerRequestHandler.java:182) ~[ozone-manager-1.3.0-SNAPSHOT.jar:?]
	at org.apache.hadoop.ozone.protocolPB.OzoneManagerProtocolServerSideTranslatorPB.submitReadRequestToOM(OzoneManagerProtocolServerSideTranslatorPB.java:214) ~[ozone-manager-1.3.0-SNAPSHOT.jar:?]
	at org.apache.hadoop.ozone.protocolPB.OzoneManagerProtocolServerSideTranslatorPB.processRequest(OzoneManagerProtocolServerSideTranslatorPB.java:175) ~[ozone-manager-1.3.0-SNAPSHOT.jar:?]
	at org.apache.hadoop.hdds.server.OzoneProtocolMessageDispatcher.processRequest(OzoneProtocolMessageDispatcher.java:87) [hdds-server-framework-1.3.0-SNAPSHOT.jar:?]
	at org.apache.hadoop.ozone.protocolPB.OzoneManagerProtocolServerSideTranslatorPB.submitRequest(OzoneManagerProtocolServerSideTranslatorPB.java:147) [ozone-manager-1.3.0-SNAPSHOT.jar:?]
	at org.apache.hadoop.ozone.protocol.proto.OzoneManagerProtocolProtos$OzoneManagerService$2.callBlockingMethod(OzoneManagerProtocolProtos.java) [ozone-interface-client-1.3.0-SNAPSHOT.jar:?]
	at org.apache.hadoop.ipc.ProtobufRpcEngine$Server.processCall(ProtobufRpcEngine.java:466) [hadoop-common-3.3.1.jar:?]
	at org.apache.hadoop.ipc.ProtobufRpcEngine2$Server$ProtoBufRpcInvoker.call(ProtobufRpcEngine2.java:574) [hadoop-common-3.3.1.jar:?]
	at org.apache.hadoop.ipc.ProtobufRpcEngine2$Server$ProtoBufRpcInvoker.call(ProtobufRpcEngine2.java:552) [hadoop-common-3.3.1.jar:?]
	at org.apache.hadoop.ipc.RPC$Server.call(RPC.java:1093) [hadoop-common-3.3.1.jar:?]
	at org.apache.hadoop.ipc.Server$RpcCall.run(Server.java:1035) [hadoop-common-3.3.1.jar:?]
	at org.apache.hadoop.ipc.Server$RpcCall.run(Server.java:963) [hadoop-common-3.3.1.jar:?]
	at java.security.AccessController.doPrivileged(Native Method) ~[?:1.8.0_332]
	at javax.security.auth.Subject.doAs(Subject.java:422) [?:1.8.0_332]
	at org.apache.hadoop.security.UserGroupInformation.doAs(UserGroupInformation.java:1878) [hadoop-common-3.3.1.jar:?]
	at org.apache.hadoop.ipc.Server$Handler.run(Server.java:2966) [hadoop-common-3.3.1.jar:?]
]]></system-out>
  </testcase>
  <testcase name="testListPartsWithPartMarkerGreaterThanPartCount" classname="org.apache.hadoop.ozone.client.rpc.TestSecureOzoneRpcClient" time="0.048">
    <system-out><![CDATA[2022-05-24 20:49:03,091 [Listener at 127.0.0.1/44485] INFO  rpc.RpcClient (RpcClient.java:createVolume(457)) - Creating Volume: b378fc2f-7132-410c-a797-b575126daaad, with runner as owner and space quota set to -1 bytes, counts quota set to -1
2022-05-24 20:49:03,093 [OM StateMachine ApplyTransaction Thread - 0] INFO  volume.OMVolumeCreateRequest (OMVolumeCreateRequest.java:validateAndUpdateCache(195)) - created volume:b378fc2f-7132-410c-a797-b575126daaad for user:runner
2022-05-24 20:49:03,094 [Listener at 127.0.0.1/44485] INFO  rpc.RpcClient (RpcClient.java:createBucket(646)) - Creating Bucket: b378fc2f-7132-410c-a797-b575126daaad/4d85c30f-9224-4285-88b5-8958b22d90d1, with runner as owner and Versioning false and Storage Type set to DISK and Encryption set to false 
2022-05-24 20:49:03,095 [OM StateMachine ApplyTransaction Thread - 0] INFO  bucket.OMBucketCreateRequest (OMBucketCreateRequest.java:validateAndUpdateCache(258)) - created bucket: 4d85c30f-9224-4285-88b5-8958b22d90d1 of layout LEGACY in volume: b378fc2f-7132-410c-a797-b575126daaad
]]></system-out>
  </testcase>
  <testcase name="testListVolume" classname="org.apache.hadoop.ozone.client.rpc.TestSecureOzoneRpcClient" time="0.047">
    <system-out><![CDATA[2022-05-24 20:49:03,140 [Listener at 127.0.0.1/44485] INFO  rpc.RpcClient (RpcClient.java:createVolume(457)) - Creating Volume: vol-list-a-0-19068, with runner as owner and space quota set to -1 bytes, counts quota set to -1
2022-05-24 20:49:03,141 [OM StateMachine ApplyTransaction Thread - 0] INFO  volume.OMVolumeCreateRequest (OMVolumeCreateRequest.java:validateAndUpdateCache(195)) - created volume:vol-list-a-0-19068 for user:runner
2022-05-24 20:49:03,142 [Listener at 127.0.0.1/44485] INFO  rpc.RpcClient (RpcClient.java:createVolume(457)) - Creating Volume: vol-list-a-1-13104, with runner as owner and space quota set to -1 bytes, counts quota set to -1
2022-05-24 20:49:03,144 [OM StateMachine ApplyTransaction Thread - 0] INFO  volume.OMVolumeCreateRequest (OMVolumeCreateRequest.java:validateAndUpdateCache(195)) - created volume:vol-list-a-1-13104 for user:runner
2022-05-24 20:49:03,144 [Listener at 127.0.0.1/44485] INFO  rpc.RpcClient (RpcClient.java:createVolume(457)) - Creating Volume: vol-list-a-2-44061, with runner as owner and space quota set to -1 bytes, counts quota set to -1
2022-05-24 20:49:03,145 [OM StateMachine ApplyTransaction Thread - 0] INFO  volume.OMVolumeCreateRequest (OMVolumeCreateRequest.java:validateAndUpdateCache(195)) - created volume:vol-list-a-2-44061 for user:runner
2022-05-24 20:49:03,145 [Listener at 127.0.0.1/44485] INFO  rpc.RpcClient (RpcClient.java:createVolume(457)) - Creating Volume: vol-list-a-3-28454, with runner as owner and space quota set to -1 bytes, counts quota set to -1
2022-05-24 20:49:03,147 [OM StateMachine ApplyTransaction Thread - 0] INFO  volume.OMVolumeCreateRequest (OMVolumeCreateRequest.java:validateAndUpdateCache(195)) - created volume:vol-list-a-3-28454 for user:runner
2022-05-24 20:49:03,147 [Listener at 127.0.0.1/44485] INFO  rpc.RpcClient (RpcClient.java:createVolume(457)) - Creating Volume: vol-list-a-4-76183, with runner as owner and space quota set to -1 bytes, counts quota set to -1
2022-05-24 20:49:03,149 [OM StateMachine ApplyTransaction Thread - 0] INFO  volume.OMVolumeCreateRequest (OMVolumeCreateRequest.java:validateAndUpdateCache(195)) - created volume:vol-list-a-4-76183 for user:runner
2022-05-24 20:49:03,149 [Listener at 127.0.0.1/44485] INFO  rpc.RpcClient (RpcClient.java:createVolume(457)) - Creating Volume: vol-list-a-5-50491, with runner as owner and space quota set to -1 bytes, counts quota set to -1
2022-05-24 20:49:03,150 [OM StateMachine ApplyTransaction Thread - 0] INFO  volume.OMVolumeCreateRequest (OMVolumeCreateRequest.java:validateAndUpdateCache(195)) - created volume:vol-list-a-5-50491 for user:runner
2022-05-24 20:49:03,151 [Listener at 127.0.0.1/44485] INFO  rpc.RpcClient (RpcClient.java:createVolume(457)) - Creating Volume: vol-list-a-6-67619, with runner as owner and space quota set to -1 bytes, counts quota set to -1
2022-05-24 20:49:03,152 [OM StateMachine ApplyTransaction Thread - 0] INFO  volume.OMVolumeCreateRequest (OMVolumeCreateRequest.java:validateAndUpdateCache(195)) - created volume:vol-list-a-6-67619 for user:runner
2022-05-24 20:49:03,152 [Listener at 127.0.0.1/44485] INFO  rpc.RpcClient (RpcClient.java:createVolume(457)) - Creating Volume: vol-list-a-7-81692, with runner as owner and space quota set to -1 bytes, counts quota set to -1
2022-05-24 20:49:03,154 [OM StateMachine ApplyTransaction Thread - 0] INFO  volume.OMVolumeCreateRequest (OMVolumeCreateRequest.java:validateAndUpdateCache(195)) - created volume:vol-list-a-7-81692 for user:runner
2022-05-24 20:49:03,154 [Listener at 127.0.0.1/44485] INFO  rpc.RpcClient (RpcClient.java:createVolume(457)) - Creating Volume: vol-list-a-8-13685, with runner as owner and space quota set to -1 bytes, counts quota set to -1
2022-05-24 20:49:03,156 [OM StateMachine ApplyTransaction Thread - 0] INFO  volume.OMVolumeCreateRequest (OMVolumeCreateRequest.java:validateAndUpdateCache(195)) - created volume:vol-list-a-8-13685 for user:runner
2022-05-24 20:49:03,156 [Listener at 127.0.0.1/44485] INFO  rpc.RpcClient (RpcClient.java:createVolume(457)) - Creating Volume: vol-list-a-9-89048, with runner as owner and space quota set to -1 bytes, counts quota set to -1
2022-05-24 20:49:03,157 [OM StateMachine ApplyTransaction Thread - 0] INFO  volume.OMVolumeCreateRequest (OMVolumeCreateRequest.java:validateAndUpdateCache(195)) - created volume:vol-list-a-9-89048 for user:runner
2022-05-24 20:49:03,158 [Listener at 127.0.0.1/44485] INFO  rpc.RpcClient (RpcClient.java:createVolume(457)) - Creating Volume: vol-list-b-0-68780, with runner as owner and space quota set to -1 bytes, counts quota set to -1
2022-05-24 20:49:03,159 [OM StateMachine ApplyTransaction Thread - 0] INFO  volume.OMVolumeCreateRequest (OMVolumeCreateRequest.java:validateAndUpdateCache(195)) - created volume:vol-list-b-0-68780 for user:runner
2022-05-24 20:49:03,159 [Listener at 127.0.0.1/44485] INFO  rpc.RpcClient (RpcClient.java:createVolume(457)) - Creating Volume: vol-list-b-1-12580, with runner as owner and space quota set to -1 bytes, counts quota set to -1
2022-05-24 20:49:03,160 [OM StateMachine ApplyTransaction Thread - 0] INFO  volume.OMVolumeCreateRequest (OMVolumeCreateRequest.java:validateAndUpdateCache(195)) - created volume:vol-list-b-1-12580 for user:runner
2022-05-24 20:49:03,161 [Listener at 127.0.0.1/44485] INFO  rpc.RpcClient (RpcClient.java:createVolume(457)) - Creating Volume: vol-list-b-2-23983, with runner as owner and space quota set to -1 bytes, counts quota set to -1
2022-05-24 20:49:03,162 [OM StateMachine ApplyTransaction Thread - 0] INFO  volume.OMVolumeCreateRequest (OMVolumeCreateRequest.java:validateAndUpdateCache(195)) - created volume:vol-list-b-2-23983 for user:runner
2022-05-24 20:49:03,162 [Listener at 127.0.0.1/44485] INFO  rpc.RpcClient (RpcClient.java:createVolume(457)) - Creating Volume: vol-list-b-3-80307, with runner as owner and space quota set to -1 bytes, counts quota set to -1
2022-05-24 20:49:03,163 [OM StateMachine ApplyTransaction Thread - 0] INFO  volume.OMVolumeCreateRequest (OMVolumeCreateRequest.java:validateAndUpdateCache(195)) - created volume:vol-list-b-3-80307 for user:runner
2022-05-24 20:49:03,164 [Listener at 127.0.0.1/44485] INFO  rpc.RpcClient (RpcClient.java:createVolume(457)) - Creating Volume: vol-list-b-4-76255, with runner as owner and space quota set to -1 bytes, counts quota set to -1
2022-05-24 20:49:03,165 [OM StateMachine ApplyTransaction Thread - 0] INFO  volume.OMVolumeCreateRequest (OMVolumeCreateRequest.java:validateAndUpdateCache(195)) - created volume:vol-list-b-4-76255 for user:runner
2022-05-24 20:49:03,165 [Listener at 127.0.0.1/44485] INFO  rpc.RpcClient (RpcClient.java:createVolume(457)) - Creating Volume: vol-list-b-5-35555, with runner as owner and space quota set to -1 bytes, counts quota set to -1
2022-05-24 20:49:03,166 [OM StateMachine ApplyTransaction Thread - 0] INFO  volume.OMVolumeCreateRequest (OMVolumeCreateRequest.java:validateAndUpdateCache(195)) - created volume:vol-list-b-5-35555 for user:runner
2022-05-24 20:49:03,167 [Listener at 127.0.0.1/44485] INFO  rpc.RpcClient (RpcClient.java:createVolume(457)) - Creating Volume: vol-list-b-6-87976, with runner as owner and space quota set to -1 bytes, counts quota set to -1
2022-05-24 20:49:03,169 [OM StateMachine ApplyTransaction Thread - 0] INFO  volume.OMVolumeCreateRequest (OMVolumeCreateRequest.java:validateAndUpdateCache(195)) - created volume:vol-list-b-6-87976 for user:runner
2022-05-24 20:49:03,169 [Listener at 127.0.0.1/44485] INFO  rpc.RpcClient (RpcClient.java:createVolume(457)) - Creating Volume: vol-list-b-7-59320, with runner as owner and space quota set to -1 bytes, counts quota set to -1
2022-05-24 20:49:03,171 [OM StateMachine ApplyTransaction Thread - 0] INFO  volume.OMVolumeCreateRequest (OMVolumeCreateRequest.java:validateAndUpdateCache(195)) - created volume:vol-list-b-7-59320 for user:runner
2022-05-24 20:49:03,171 [Listener at 127.0.0.1/44485] INFO  rpc.RpcClient (RpcClient.java:createVolume(457)) - Creating Volume: vol-list-b-8-69616, with runner as owner and space quota set to -1 bytes, counts quota set to -1
2022-05-24 20:49:03,172 [OM StateMachine ApplyTransaction Thread - 0] INFO  volume.OMVolumeCreateRequest (OMVolumeCreateRequest.java:validateAndUpdateCache(195)) - created volume:vol-list-b-8-69616 for user:runner
2022-05-24 20:49:03,173 [Listener at 127.0.0.1/44485] INFO  rpc.RpcClient (RpcClient.java:createVolume(457)) - Creating Volume: vol-list-b-9-94358, with runner as owner and space quota set to -1 bytes, counts quota set to -1
2022-05-24 20:49:03,175 [OM StateMachine ApplyTransaction Thread - 0] INFO  volume.OMVolumeCreateRequest (OMVolumeCreateRequest.java:validateAndUpdateCache(195)) - created volume:vol-list-b-9-94358 for user:runner
]]></system-out>
  </testcase>
  <testcase name="testMultipartUploadOverride(ReplicationConfig)[1]" classname="org.apache.hadoop.ozone.client.rpc.TestSecureOzoneRpcClient" time="0.442">
    <system-out><![CDATA[2022-05-24 20:49:03,188 [Listener at 127.0.0.1/44485] INFO  rpc.RpcClient (RpcClient.java:createVolume(457)) - Creating Volume: b5281533-446c-48e0-aa96-22b901701017, with runner as owner and space quota set to -1 bytes, counts quota set to -1
2022-05-24 20:49:03,189 [OM StateMachine ApplyTransaction Thread - 0] INFO  volume.OMVolumeCreateRequest (OMVolumeCreateRequest.java:validateAndUpdateCache(195)) - created volume:b5281533-446c-48e0-aa96-22b901701017 for user:runner
2022-05-24 20:49:03,191 [Listener at 127.0.0.1/44485] INFO  rpc.RpcClient (RpcClient.java:createBucket(646)) - Creating Bucket: b5281533-446c-48e0-aa96-22b901701017/5e70af0e-581a-424c-b8ac-e9aa01fbf114, with runner as owner and Versioning false and Storage Type set to DISK and Encryption set to false 
2022-05-24 20:49:03,192 [OM StateMachine ApplyTransaction Thread - 0] INFO  bucket.OMBucketCreateRequest (OMBucketCreateRequest.java:validateAndUpdateCache(258)) - created bucket: 5e70af0e-581a-424c-b8ac-e9aa01fbf114 of layout LEGACY in volume: b5281533-446c-48e0-aa96-22b901701017
]]></system-out>
  </testcase>
  <testcase name="testMultipartUploadOverride(ReplicationConfig)[2]" classname="org.apache.hadoop.ozone.client.rpc.TestSecureOzoneRpcClient" time="1.084">
    <system-out><![CDATA[2022-05-24 20:49:03,630 [Listener at 127.0.0.1/44485] INFO  rpc.RpcClient (RpcClient.java:createVolume(457)) - Creating Volume: c978e08e-93d4-4988-a1ec-7edeeda3322a, with runner as owner and space quota set to -1 bytes, counts quota set to -1
2022-05-24 20:49:03,633 [OM StateMachine ApplyTransaction Thread - 0] INFO  volume.OMVolumeCreateRequest (OMVolumeCreateRequest.java:validateAndUpdateCache(195)) - created volume:c978e08e-93d4-4988-a1ec-7edeeda3322a for user:runner
2022-05-24 20:49:03,635 [Listener at 127.0.0.1/44485] INFO  rpc.RpcClient (RpcClient.java:createBucket(646)) - Creating Bucket: c978e08e-93d4-4988-a1ec-7edeeda3322a/15b69d47-0fc7-40e1-8eff-aec45cdb3528, with runner as owner and Versioning false and Storage Type set to DISK and Encryption set to false 
2022-05-24 20:49:03,636 [OM StateMachine ApplyTransaction Thread - 0] INFO  bucket.OMBucketCreateRequest (OMBucketCreateRequest.java:validateAndUpdateCache(258)) - created bucket: 15b69d47-0fc7-40e1-8eff-aec45cdb3528 of layout LEGACY in volume: c978e08e-93d4-4988-a1ec-7edeeda3322a
]]></system-out>
  </testcase>
  <testcase name="testMultipartUploadOverride(ReplicationConfig)[3]" classname="org.apache.hadoop.ozone.client.rpc.TestSecureOzoneRpcClient" time="0.722">
    <system-out><![CDATA[2022-05-24 20:49:04,715 [Listener at 127.0.0.1/44485] INFO  rpc.RpcClient (RpcClient.java:createVolume(457)) - Creating Volume: 8e0d3dcd-461d-4404-b7bd-d1162791f19f, with runner as owner and space quota set to -1 bytes, counts quota set to -1
2022-05-24 20:49:04,718 [OM StateMachine ApplyTransaction Thread - 0] INFO  volume.OMVolumeCreateRequest (OMVolumeCreateRequest.java:validateAndUpdateCache(195)) - created volume:8e0d3dcd-461d-4404-b7bd-d1162791f19f for user:runner
2022-05-24 20:49:04,719 [Listener at 127.0.0.1/44485] INFO  rpc.RpcClient (RpcClient.java:createBucket(646)) - Creating Bucket: 8e0d3dcd-461d-4404-b7bd-d1162791f19f/bf2010c8-a014-40b8-945e-a43e68d443ae, with runner as owner and Versioning false and Storage Type set to DISK and Encryption set to false 
2022-05-24 20:49:04,720 [OM StateMachine ApplyTransaction Thread - 0] INFO  bucket.OMBucketCreateRequest (OMBucketCreateRequest.java:validateAndUpdateCache(258)) - created bucket: bf2010c8-a014-40b8-945e-a43e68d443ae of layout LEGACY in volume: 8e0d3dcd-461d-4404-b7bd-d1162791f19f
2022-05-24 20:49:04,943 [51ab8667-e0eb-4b1b-8092-cca2eecc2449@group-4FEAA70A9A47-FollowerState] INFO  impl.FollowerState (FollowerState.java:run(143)) - 51ab8667-e0eb-4b1b-8092-cca2eecc2449@group-4FEAA70A9A47-FollowerState: change to CANDIDATE, lastRpcElapsedTime:5061894052ns, electionTimeout:5059ms
2022-05-24 20:49:04,943 [51ab8667-e0eb-4b1b-8092-cca2eecc2449@group-4FEAA70A9A47-FollowerState] INFO  impl.RoleInfo (RoleInfo.java:shutdownFollowerState(110)) - 51ab8667-e0eb-4b1b-8092-cca2eecc2449: shutdown 51ab8667-e0eb-4b1b-8092-cca2eecc2449@group-4FEAA70A9A47-FollowerState
2022-05-24 20:49:04,943 [51ab8667-e0eb-4b1b-8092-cca2eecc2449@group-4FEAA70A9A47-FollowerState] INFO  server.RaftServer$Division (RaftServerImpl.java:setRole(299)) - 51ab8667-e0eb-4b1b-8092-cca2eecc2449@group-4FEAA70A9A47: changes role from  FOLLOWER to CANDIDATE at term 4 for changeToCandidate
2022-05-24 20:49:04,943 [51ab8667-e0eb-4b1b-8092-cca2eecc2449@group-4FEAA70A9A47-FollowerState] INFO  server.RaftServerConfigKeys (ConfUtils.java:logGet(46)) - raft.server.leaderelection.pre-vote = false (custom)
2022-05-24 20:49:04,943 [51ab8667-e0eb-4b1b-8092-cca2eecc2449@group-4FEAA70A9A47-FollowerState] INFO  impl.RoleInfo (RoleInfo.java:updateAndGet(139)) - 51ab8667-e0eb-4b1b-8092-cca2eecc2449: start 51ab8667-e0eb-4b1b-8092-cca2eecc2449@group-4FEAA70A9A47-LeaderElection33
2022-05-24 20:49:04,945 [51ab8667-e0eb-4b1b-8092-cca2eecc2449@group-4FEAA70A9A47-LeaderElection33] INFO  impl.LeaderElection (LeaderElection.java:askForVotes(310)) - 51ab8667-e0eb-4b1b-8092-cca2eecc2449@group-4FEAA70A9A47-LeaderElection33 ELECTION round 0: submit vote requests at term 5 for -1: [a6e30353-377f-4b2f-bee2-e66a44f5bcb3|rpc:10.1.0.30:42857|dataStream:|priority:0, cdeff73f-0c88-4976-9d3a-8f87b3ebca92|rpc:10.1.0.30:44465|dataStream:|priority:1, 51ab8667-e0eb-4b1b-8092-cca2eecc2449|rpc:10.1.0.30:46251|dataStream:|priority:0], old=null
2022-05-24 20:49:04,953 [grpc-default-executor-1] INFO  server.RaftServer$Division (RaftServerImpl.java:requestVote(1152)) - cdeff73f-0c88-4976-9d3a-8f87b3ebca92@group-4FEAA70A9A47: receive requestVote(ELECTION, 51ab8667-e0eb-4b1b-8092-cca2eecc2449, group-4FEAA70A9A47, 5, (t:0, i:0))
2022-05-24 20:49:04,953 [grpc-default-executor-3] INFO  server.RaftServer$Division (RaftServerImpl.java:requestVote(1152)) - a6e30353-377f-4b2f-bee2-e66a44f5bcb3@group-4FEAA70A9A47: receive requestVote(ELECTION, 51ab8667-e0eb-4b1b-8092-cca2eecc2449, group-4FEAA70A9A47, 5, (t:0, i:0))
2022-05-24 20:49:04,954 [grpc-default-executor-3] INFO  impl.VoteContext (VoteContext.java:log(48)) - a6e30353-377f-4b2f-bee2-e66a44f5bcb3@group-4FEAA70A9A47-FOLLOWER: accept ELECTION from 51ab8667-e0eb-4b1b-8092-cca2eecc2449: our priority 0 <= candidate's priority 0
2022-05-24 20:49:04,953 [grpc-default-executor-1] INFO  impl.VoteContext (VoteContext.java:log(48)) - cdeff73f-0c88-4976-9d3a-8f87b3ebca92@group-4FEAA70A9A47-FOLLOWER: reject ELECTION from 51ab8667-e0eb-4b1b-8092-cca2eecc2449: our priority 1 > candidate's priority 0
2022-05-24 20:49:04,954 [grpc-default-executor-1] INFO  server.RaftServer$Division (RaftServerImpl.java:setRole(299)) - cdeff73f-0c88-4976-9d3a-8f87b3ebca92@group-4FEAA70A9A47: changes role from  FOLLOWER to FOLLOWER at term 5 for candidate:51ab8667-e0eb-4b1b-8092-cca2eecc2449
2022-05-24 20:49:04,954 [grpc-default-executor-1] INFO  impl.RoleInfo (RoleInfo.java:shutdownFollowerState(110)) - cdeff73f-0c88-4976-9d3a-8f87b3ebca92: shutdown cdeff73f-0c88-4976-9d3a-8f87b3ebca92@group-4FEAA70A9A47-FollowerState
2022-05-24 20:49:04,954 [grpc-default-executor-3] INFO  server.RaftServer$Division (RaftServerImpl.java:setRole(299)) - a6e30353-377f-4b2f-bee2-e66a44f5bcb3@group-4FEAA70A9A47: changes role from  FOLLOWER to FOLLOWER at term 5 for candidate:51ab8667-e0eb-4b1b-8092-cca2eecc2449
2022-05-24 20:49:04,954 [grpc-default-executor-1] INFO  impl.RoleInfo (RoleInfo.java:updateAndGet(139)) - cdeff73f-0c88-4976-9d3a-8f87b3ebca92: start cdeff73f-0c88-4976-9d3a-8f87b3ebca92@group-4FEAA70A9A47-FollowerState
2022-05-24 20:49:04,954 [cdeff73f-0c88-4976-9d3a-8f87b3ebca92@group-4FEAA70A9A47-FollowerState] INFO  impl.FollowerState (FollowerState.java:run(152)) - cdeff73f-0c88-4976-9d3a-8f87b3ebca92@group-4FEAA70A9A47-FollowerState was interrupted
2022-05-24 20:49:04,954 [grpc-default-executor-3] INFO  impl.RoleInfo (RoleInfo.java:shutdownFollowerState(110)) - a6e30353-377f-4b2f-bee2-e66a44f5bcb3: shutdown a6e30353-377f-4b2f-bee2-e66a44f5bcb3@group-4FEAA70A9A47-FollowerState
2022-05-24 20:49:04,972 [grpc-default-executor-3] INFO  impl.RoleInfo (RoleInfo.java:updateAndGet(139)) - a6e30353-377f-4b2f-bee2-e66a44f5bcb3: start a6e30353-377f-4b2f-bee2-e66a44f5bcb3@group-4FEAA70A9A47-FollowerState
2022-05-24 20:49:04,973 [a6e30353-377f-4b2f-bee2-e66a44f5bcb3@group-4FEAA70A9A47-FollowerState] INFO  impl.FollowerState (FollowerState.java:run(152)) - a6e30353-377f-4b2f-bee2-e66a44f5bcb3@group-4FEAA70A9A47-FollowerState was interrupted
2022-05-24 20:49:04,974 [grpc-default-executor-3] INFO  server.RaftServer$Division (RaftServerImpl.java:requestVote(1184)) - a6e30353-377f-4b2f-bee2-e66a44f5bcb3@group-4FEAA70A9A47 replies to ELECTION vote request: 51ab8667-e0eb-4b1b-8092-cca2eecc2449<-a6e30353-377f-4b2f-bee2-e66a44f5bcb3#0:OK-t5. Peer's state: a6e30353-377f-4b2f-bee2-e66a44f5bcb3@group-4FEAA70A9A47:t5, leader=null, voted=51ab8667-e0eb-4b1b-8092-cca2eecc2449, raftlog=a6e30353-377f-4b2f-bee2-e66a44f5bcb3@group-4FEAA70A9A47-SegmentedRaftLog:OPENED:c-1, conf=-1: [a6e30353-377f-4b2f-bee2-e66a44f5bcb3|rpc:10.1.0.30:42857|priority:0, cdeff73f-0c88-4976-9d3a-8f87b3ebca92|rpc:10.1.0.30:44465|priority:1, 51ab8667-e0eb-4b1b-8092-cca2eecc2449|rpc:10.1.0.30:46251|priority:0], old=null
2022-05-24 20:49:04,975 [grpc-default-executor-1] INFO  server.RaftServer$Division (RaftServerImpl.java:requestVote(1184)) - cdeff73f-0c88-4976-9d3a-8f87b3ebca92@group-4FEAA70A9A47 replies to ELECTION vote request: 51ab8667-e0eb-4b1b-8092-cca2eecc2449<-cdeff73f-0c88-4976-9d3a-8f87b3ebca92#0:FAIL-t5. Peer's state: cdeff73f-0c88-4976-9d3a-8f87b3ebca92@group-4FEAA70A9A47:t5, leader=null, voted=null, raftlog=cdeff73f-0c88-4976-9d3a-8f87b3ebca92@group-4FEAA70A9A47-SegmentedRaftLog:OPENED:c-1, conf=-1: [a6e30353-377f-4b2f-bee2-e66a44f5bcb3|rpc:10.1.0.30:42857|dataStream:|priority:0, cdeff73f-0c88-4976-9d3a-8f87b3ebca92|rpc:10.1.0.30:44465|dataStream:|priority:1, 51ab8667-e0eb-4b1b-8092-cca2eecc2449|rpc:10.1.0.30:46251|dataStream:|priority:0], old=null
2022-05-24 20:49:04,977 [51ab8667-e0eb-4b1b-8092-cca2eecc2449@group-4FEAA70A9A47-LeaderElection33] INFO  impl.LeaderElection (LeaderElection.java:logAndReturn(90)) - 51ab8667-e0eb-4b1b-8092-cca2eecc2449@group-4FEAA70A9A47-LeaderElection33: ELECTION REJECTED received 2 response(s) and 0 exception(s):
2022-05-24 20:49:04,977 [51ab8667-e0eb-4b1b-8092-cca2eecc2449@group-4FEAA70A9A47-LeaderElection33] INFO  impl.LeaderElection (LeaderElection.java:logAndReturn(94)) -   Response 0: 51ab8667-e0eb-4b1b-8092-cca2eecc2449<-a6e30353-377f-4b2f-bee2-e66a44f5bcb3#0:OK-t5
2022-05-24 20:49:04,977 [51ab8667-e0eb-4b1b-8092-cca2eecc2449@group-4FEAA70A9A47-LeaderElection33] INFO  impl.LeaderElection (LeaderElection.java:logAndReturn(94)) -   Response 1: 51ab8667-e0eb-4b1b-8092-cca2eecc2449<-cdeff73f-0c88-4976-9d3a-8f87b3ebca92#0:FAIL-t5
2022-05-24 20:49:04,977 [51ab8667-e0eb-4b1b-8092-cca2eecc2449@group-4FEAA70A9A47-LeaderElection33] INFO  impl.LeaderElection (LeaderElection.java:askForVotes(312)) - 51ab8667-e0eb-4b1b-8092-cca2eecc2449@group-4FEAA70A9A47-LeaderElection33 ELECTION round 0: result REJECTED
2022-05-24 20:49:04,977 [51ab8667-e0eb-4b1b-8092-cca2eecc2449@group-4FEAA70A9A47-LeaderElection33] INFO  server.RaftServer$Division (RaftServerImpl.java:setRole(299)) - 51ab8667-e0eb-4b1b-8092-cca2eecc2449@group-4FEAA70A9A47: changes role from CANDIDATE to FOLLOWER at term 5 for REJECTED
2022-05-24 20:49:04,977 [51ab8667-e0eb-4b1b-8092-cca2eecc2449@group-4FEAA70A9A47-LeaderElection33] INFO  impl.RoleInfo (RoleInfo.java:shutdownLeaderElection(130)) - 51ab8667-e0eb-4b1b-8092-cca2eecc2449: shutdown 51ab8667-e0eb-4b1b-8092-cca2eecc2449@group-4FEAA70A9A47-LeaderElection33
2022-05-24 20:49:04,977 [51ab8667-e0eb-4b1b-8092-cca2eecc2449@group-4FEAA70A9A47-LeaderElection33] INFO  impl.RoleInfo (RoleInfo.java:updateAndGet(139)) - 51ab8667-e0eb-4b1b-8092-cca2eecc2449: start 51ab8667-e0eb-4b1b-8092-cca2eecc2449@group-4FEAA70A9A47-FollowerState
]]></system-out>
  </testcase>
  <testcase name="testMultipartUploadWithACL" classname="org.apache.hadoop.ozone.client.rpc.TestSecureOzoneRpcClient" time="0.366">
    <system-out><![CDATA[2022-05-24 20:49:05,438 [Listener at 127.0.0.1/44485] INFO  rpc.RpcClient (RpcClient.java:createVolume(457)) - Creating Volume: c88165ac-9345-41f7-abc6-cfcac20f8b49, with runner as owner and space quota set to -1 bytes, counts quota set to -1
2022-05-24 20:49:05,440 [OM StateMachine ApplyTransaction Thread - 0] INFO  volume.OMVolumeCreateRequest (OMVolumeCreateRequest.java:validateAndUpdateCache(195)) - created volume:c88165ac-9345-41f7-abc6-cfcac20f8b49 for user:runner
2022-05-24 20:49:05,442 [Listener at 127.0.0.1/44485] INFO  rpc.RpcClient (RpcClient.java:createBucket(646)) - Creating Bucket: c88165ac-9345-41f7-abc6-cfcac20f8b49/0367e720-4635-4ec9-880d-9f83d7319fd8, with runner as owner and Versioning false and Storage Type set to DISK and Encryption set to false 
2022-05-24 20:49:05,443 [OM StateMachine ApplyTransaction Thread - 0] INFO  bucket.OMBucketCreateRequest (OMBucketCreateRequest.java:validateAndUpdateCache(258)) - created bucket: 0367e720-4635-4ec9-880d-9f83d7319fd8 of layout LEGACY in volume: c88165ac-9345-41f7-abc6-cfcac20f8b49
2022-05-24 20:49:05,731 [OM StateMachine ApplyTransaction Thread - 0] WARN  om.OzoneManager (OzoneManager.java:checkAcls(2486)) - User test-user doesn't have WRITE permission to access volume Volume:c88165ac-9345-41f7-abc6-cfcac20f8b49 Bucket:0367e720-4635-4ec9-880d-9f83d7319fd8 Key:492a9aa0-a29e-4137-a3ed-3c693e40a816
20:49:05.731 [OM StateMachine ApplyTransaction Thread - 0] ERROR OMAudit - user=test-user | ip=127.0.0.1 | op=INITIATE_MULTIPART_UPLOAD {volume=c88165ac-9345-41f7-abc6-cfcac20f8b49, bucket=0367e720-4635-4ec9-880d-9f83d7319fd8, key=492a9aa0-a29e-4137-a3ed-3c693e40a816, dataSize=0, replicationType=RATIS, replicationFactor=ONE} | ret=FAILURE
org.apache.hadoop.ozone.om.exceptions.OMException: User test-user doesn't have WRITE permission to access volume Volume:c88165ac-9345-41f7-abc6-cfcac20f8b49 Bucket:0367e720-4635-4ec9-880d-9f83d7319fd8 Key:492a9aa0-a29e-4137-a3ed-3c693e40a816
	at org.apache.hadoop.ozone.om.OzoneManager.checkAcls(OzoneManager.java:2489) ~[ozone-manager-1.3.0-SNAPSHOT.jar:?]
	at org.apache.hadoop.ozone.om.OzoneManager.checkAcls(OzoneManager.java:2464) ~[ozone-manager-1.3.0-SNAPSHOT.jar:?]
	at org.apache.hadoop.ozone.om.OzoneAclUtils.checkAllAcls(OzoneAclUtils.java:94) ~[ozone-manager-1.3.0-SNAPSHOT.jar:?]
	at org.apache.hadoop.ozone.om.request.OMClientRequest.checkAcls(OMClientRequest.java:348) ~[ozone-manager-1.3.0-SNAPSHOT.jar:?]
	at org.apache.hadoop.ozone.om.request.OMClientRequest.checkAcls(OMClientRequest.java:203) ~[ozone-manager-1.3.0-SNAPSHOT.jar:?]
	at org.apache.hadoop.ozone.om.request.key.OMKeyRequest.checkKeyAcls(OMKeyRequest.java:338) ~[ozone-manager-1.3.0-SNAPSHOT.jar:?]
	at org.apache.hadoop.ozone.om.request.s3.multipart.S3InitiateMultipartUploadRequest.validateAndUpdateCache(S3InitiateMultipartUploadRequest.java:147) ~[ozone-manager-1.3.0-SNAPSHOT.jar:?]
	at org.apache.hadoop.ozone.protocolPB.OzoneManagerRequestHandler.handleWriteRequest(OzoneManagerRequestHandler.java:254) ~[ozone-manager-1.3.0-SNAPSHOT.jar:?]
	at org.apache.hadoop.ozone.om.ratis.OzoneManagerStateMachine.runCommand(OzoneManagerStateMachine.java:524) ~[ozone-manager-1.3.0-SNAPSHOT.jar:?]
	at org.apache.hadoop.ozone.om.ratis.OzoneManagerStateMachine.lambda$1(OzoneManagerStateMachine.java:319) ~[ozone-manager-1.3.0-SNAPSHOT.jar:?]
	at java.util.concurrent.CompletableFuture$AsyncSupply.run(CompletableFuture.java:1604) [?:1.8.0_332]
	at java.util.concurrent.ThreadPoolExecutor.runWorker(ThreadPoolExecutor.java:1149) [?:1.8.0_332]
	at java.util.concurrent.ThreadPoolExecutor$Worker.run(ThreadPoolExecutor.java:624) [?:1.8.0_332]
	at java.lang.Thread.run(Thread.java:750) [?:1.8.0_332]
2022-05-24 20:49:05,731 [OM StateMachine ApplyTransaction Thread - 0] ERROR multipart.S3InitiateMultipartUploadRequest (S3InitiateMultipartUploadRequest.java:logResult(270)) - S3 InitiateMultipart Upload request for Key 492a9aa0-a29e-4137-a3ed-3c693e40a816 in Volume/Bucket c88165ac-9345-41f7-abc6-cfcac20f8b49/0367e720-4635-4ec9-880d-9f83d7319fd8 is failed
PERMISSION_DENIED org.apache.hadoop.ozone.om.exceptions.OMException: User test-user doesn't have WRITE permission to access volume Volume:c88165ac-9345-41f7-abc6-cfcac20f8b49 Bucket:0367e720-4635-4ec9-880d-9f83d7319fd8 Key:492a9aa0-a29e-4137-a3ed-3c693e40a816
	at org.apache.hadoop.ozone.om.OzoneManager.checkAcls(OzoneManager.java:2489)
	at org.apache.hadoop.ozone.om.OzoneManager.checkAcls(OzoneManager.java:2464)
	at org.apache.hadoop.ozone.om.OzoneAclUtils.checkAllAcls(OzoneAclUtils.java:94)
	at org.apache.hadoop.ozone.om.request.OMClientRequest.checkAcls(OMClientRequest.java:348)
	at org.apache.hadoop.ozone.om.request.OMClientRequest.checkAcls(OMClientRequest.java:203)
	at org.apache.hadoop.ozone.om.request.key.OMKeyRequest.checkKeyAcls(OMKeyRequest.java:338)
	at org.apache.hadoop.ozone.om.request.s3.multipart.S3InitiateMultipartUploadRequest.validateAndUpdateCache(S3InitiateMultipartUploadRequest.java:147)
	at org.apache.hadoop.ozone.protocolPB.OzoneManagerRequestHandler.handleWriteRequest(OzoneManagerRequestHandler.java:254)
	at org.apache.hadoop.ozone.om.ratis.OzoneManagerStateMachine.runCommand(OzoneManagerStateMachine.java:524)
	at org.apache.hadoop.ozone.om.ratis.OzoneManagerStateMachine.lambda$1(OzoneManagerStateMachine.java:319)
	at java.util.concurrent.CompletableFuture$AsyncSupply.run(CompletableFuture.java:1604)
	at java.util.concurrent.ThreadPoolExecutor.runWorker(ThreadPoolExecutor.java:1149)
	at java.util.concurrent.ThreadPoolExecutor$Worker.run(ThreadPoolExecutor.java:624)
	at java.lang.Thread.run(Thread.java:750)
2022-05-24 20:49:05,803 [IPC Server handler 13 on default port 44485] WARN  om.OzoneManager (OzoneManager.java:checkAcls(2486)) - User test-user doesn't have READ permission to access key Volume:c88165ac-9345-41f7-abc6-cfcac20f8b49 Bucket:0367e720-4635-4ec9-880d-9f83d7319fd8 Key:936927d0-1211-4752-a376-4b28b4b8e08a
]]></system-out>
  </testcase>
  <testcase name="testMultipartUploadWithMissingParts" classname="org.apache.hadoop.ozone.client.rpc.TestSecureOzoneRpcClient" time="0.025">
    <system-out><![CDATA[2022-05-24 20:49:05,805 [Listener at 127.0.0.1/44485] INFO  rpc.RpcClient (RpcClient.java:createVolume(457)) - Creating Volume: 18351d1c-6cd3-4ce5-8b64-699b34ad5a41, with runner as owner and space quota set to -1 bytes, counts quota set to -1
2022-05-24 20:49:05,806 [OM StateMachine ApplyTransaction Thread - 0] INFO  volume.OMVolumeCreateRequest (OMVolumeCreateRequest.java:validateAndUpdateCache(195)) - created volume:18351d1c-6cd3-4ce5-8b64-699b34ad5a41 for user:runner
2022-05-24 20:49:05,808 [Listener at 127.0.0.1/44485] INFO  rpc.RpcClient (RpcClient.java:createBucket(646)) - Creating Bucket: 18351d1c-6cd3-4ce5-8b64-699b34ad5a41/1c5e4312-78a4-44f0-9fc2-99fb658ec546, with runner as owner and Versioning false and Storage Type set to DISK and Encryption set to false 
2022-05-24 20:49:05,809 [OM StateMachine ApplyTransaction Thread - 0] INFO  bucket.OMBucketCreateRequest (OMBucketCreateRequest.java:validateAndUpdateCache(258)) - created bucket: 1c5e4312-78a4-44f0-9fc2-99fb658ec546 of layout LEGACY in volume: 18351d1c-6cd3-4ce5-8b64-699b34ad5a41
20:49:05.828 [OM StateMachine ApplyTransaction Thread - 0] ERROR OMAudit - user=runner | ip=127.0.0.1 | op=COMPLETE_MULTIPART_UPLOAD {volume=18351d1c-6cd3-4ce5-8b64-699b34ad5a41, bucket=1c5e4312-78a4-44f0-9fc2-99fb658ec546, key=6693acbb-f8e0-44b2-9490-023244c0d2d6, dataSize=0, replicationType=NONE, replicationFactor=ZERO, multipartList=[partNumber: 3 partName: "random" ]} | ret=FAILURE
org.apache.hadoop.ozone.om.exceptions.OMException: Complete Multipart Upload Failed: volume: 18351d1c-6cd3-4ce5-8b64-699b34ad5a41 bucket: 1c5e4312-78a4-44f0-9fc2-99fb658ec546 key: 6693acbb-f8e0-44b2-9490-023244c0d2d6. Provided Part info is { random, 3}, whereas OM has partName null
	at org.apache.hadoop.ozone.om.request.s3.multipart.S3MultipartUploadCompleteRequest.getMultipartDataSize(S3MultipartUploadCompleteRequest.java:502) ~[ozone-manager-1.3.0-SNAPSHOT.jar:?]
	at org.apache.hadoop.ozone.om.request.s3.multipart.S3MultipartUploadCompleteRequest.validateAndUpdateCache(S3MultipartUploadCompleteRequest.java:197) ~[ozone-manager-1.3.0-SNAPSHOT.jar:?]
	at org.apache.hadoop.ozone.protocolPB.OzoneManagerRequestHandler.handleWriteRequest(OzoneManagerRequestHandler.java:254) ~[ozone-manager-1.3.0-SNAPSHOT.jar:?]
	at org.apache.hadoop.ozone.om.ratis.OzoneManagerStateMachine.runCommand(OzoneManagerStateMachine.java:524) ~[ozone-manager-1.3.0-SNAPSHOT.jar:?]
	at org.apache.hadoop.ozone.om.ratis.OzoneManagerStateMachine.lambda$1(OzoneManagerStateMachine.java:319) ~[ozone-manager-1.3.0-SNAPSHOT.jar:?]
	at java.util.concurrent.CompletableFuture$AsyncSupply.run(CompletableFuture.java:1604) [?:1.8.0_332]
	at java.util.concurrent.ThreadPoolExecutor.runWorker(ThreadPoolExecutor.java:1149) [?:1.8.0_332]
	at java.util.concurrent.ThreadPoolExecutor$Worker.run(ThreadPoolExecutor.java:624) [?:1.8.0_332]
	at java.lang.Thread.run(Thread.java:750) [?:1.8.0_332]
2022-05-24 20:49:05,828 [OM StateMachine ApplyTransaction Thread - 0] ERROR multipart.S3MultipartUploadCompleteRequest (S3MultipartUploadCompleteRequest.java:logResult(346)) - MultipartUpload Complete request failed for Key: 6693acbb-f8e0-44b2-9490-023244c0d2d6 in Volume/Bucket 18351d1c-6cd3-4ce5-8b64-699b34ad5a41/1c5e4312-78a4-44f0-9fc2-99fb658ec546
INVALID_PART org.apache.hadoop.ozone.om.exceptions.OMException: Complete Multipart Upload Failed: volume: 18351d1c-6cd3-4ce5-8b64-699b34ad5a41 bucket: 1c5e4312-78a4-44f0-9fc2-99fb658ec546 key: 6693acbb-f8e0-44b2-9490-023244c0d2d6. Provided Part info is { random, 3}, whereas OM has partName null
	at org.apache.hadoop.ozone.om.request.s3.multipart.S3MultipartUploadCompleteRequest.getMultipartDataSize(S3MultipartUploadCompleteRequest.java:502)
	at org.apache.hadoop.ozone.om.request.s3.multipart.S3MultipartUploadCompleteRequest.validateAndUpdateCache(S3MultipartUploadCompleteRequest.java:197)
	at org.apache.hadoop.ozone.protocolPB.OzoneManagerRequestHandler.handleWriteRequest(OzoneManagerRequestHandler.java:254)
	at org.apache.hadoop.ozone.om.ratis.OzoneManagerStateMachine.runCommand(OzoneManagerStateMachine.java:524)
	at org.apache.hadoop.ozone.om.ratis.OzoneManagerStateMachine.lambda$1(OzoneManagerStateMachine.java:319)
	at java.util.concurrent.CompletableFuture$AsyncSupply.run(CompletableFuture.java:1604)
	at java.util.concurrent.ThreadPoolExecutor.runWorker(ThreadPoolExecutor.java:1149)
	at java.util.concurrent.ThreadPoolExecutor$Worker.run(ThreadPoolExecutor.java:624)
	at java.lang.Thread.run(Thread.java:750)
]]></system-out>
  </testcase>
  <testcase name="testMultipartUploadWithPartsLessThanMinSize" classname="org.apache.hadoop.ozone.client.rpc.TestSecureOzoneRpcClient" time="0.054">
    <system-out><![CDATA[2022-05-24 20:49:05,831 [Listener at 127.0.0.1/44485] INFO  rpc.RpcClient (RpcClient.java:createVolume(457)) - Creating Volume: df023896-fda9-4a6d-8396-fc726be837e7, with runner as owner and space quota set to -1 bytes, counts quota set to -1
2022-05-24 20:49:05,832 [OM StateMachine ApplyTransaction Thread - 0] INFO  volume.OMVolumeCreateRequest (OMVolumeCreateRequest.java:validateAndUpdateCache(195)) - created volume:df023896-fda9-4a6d-8396-fc726be837e7 for user:runner
2022-05-24 20:49:05,835 [Listener at 127.0.0.1/44485] INFO  rpc.RpcClient (RpcClient.java:createBucket(646)) - Creating Bucket: df023896-fda9-4a6d-8396-fc726be837e7/b64e256e-ab0e-4d5b-9432-34d98e7ff07a, with runner as owner and Versioning false and Storage Type set to DISK and Encryption set to false 
2022-05-24 20:49:05,838 [OM StateMachine ApplyTransaction Thread - 0] INFO  bucket.OMBucketCreateRequest (OMBucketCreateRequest.java:validateAndUpdateCache(258)) - created bucket: b64e256e-ab0e-4d5b-9432-34d98e7ff07a of layout LEGACY in volume: df023896-fda9-4a6d-8396-fc726be837e7
2022-05-24 20:49:05,883 [OM StateMachine ApplyTransaction Thread - 0] ERROR multipart.S3MultipartUploadCompleteRequest (S3MultipartUploadCompleteRequest.java:getMultipartDataSize(516)) - MultipartUpload: /df023896-fda9-4a6d-8396-fc726be837e7/b64e256e-ab0e-4d5b-9432-34d98e7ff07a/db7abe53-68e4-4623-9404-73de0d0c6fce Part number: 1 size 4  is less than minimum part size 5242880
20:49:05.883 [OM StateMachine ApplyTransaction Thread - 0] ERROR OMAudit - user=runner | ip=127.0.0.1 | op=COMPLETE_MULTIPART_UPLOAD {volume=df023896-fda9-4a6d-8396-fc726be837e7, bucket=b64e256e-ab0e-4d5b-9432-34d98e7ff07a, key=db7abe53-68e4-4623-9404-73de0d0c6fce, dataSize=0, replicationType=NONE, replicationFactor=ZERO, multipartList=[partNumber: 1 partName: "/df023896-fda9-4a6d-8396-fc726be837e7/b64e256e-ab0e-4d5b-9432-34d98e7ff07a/db7abe53-68e4-4623-9404-73de0d0c6fce-b4272634-e427-4024-b58e-b0769ee252bb-108358883464904934-1" , partNumber: 2 partName: "/df023896-fda9-4a6d-8396-fc726be837e7/b64e256e-ab0e-4d5b-9432-34d98e7ff07a/db7abe53-68e4-4623-9404-73de0d0c6fce-b4272634-e427-4024-b58e-b0769ee252bb-108358883464904934-2" ]} | ret=FAILURE
org.apache.hadoop.ozone.om.exceptions.OMException: Complete Multipart Upload Failed: volume: df023896-fda9-4a6d-8396-fc726be837e7 bucket: b64e256e-ab0e-4d5b-9432-34d98e7ff07a key: db7abe53-68e4-4623-9404-73de0d0c6fce. Entity too small.
	at org.apache.hadoop.ozone.om.request.s3.multipart.S3MultipartUploadCompleteRequest.getMultipartDataSize(S3MultipartUploadCompleteRequest.java:520) ~[ozone-manager-1.3.0-SNAPSHOT.jar:?]
	at org.apache.hadoop.ozone.om.request.s3.multipart.S3MultipartUploadCompleteRequest.validateAndUpdateCache(S3MultipartUploadCompleteRequest.java:197) ~[ozone-manager-1.3.0-SNAPSHOT.jar:?]
	at org.apache.hadoop.ozone.protocolPB.OzoneManagerRequestHandler.handleWriteRequest(OzoneManagerRequestHandler.java:254) ~[ozone-manager-1.3.0-SNAPSHOT.jar:?]
	at org.apache.hadoop.ozone.om.ratis.OzoneManagerStateMachine.runCommand(OzoneManagerStateMachine.java:524) ~[ozone-manager-1.3.0-SNAPSHOT.jar:?]
	at org.apache.hadoop.ozone.om.ratis.OzoneManagerStateMachine.lambda$1(OzoneManagerStateMachine.java:319) ~[ozone-manager-1.3.0-SNAPSHOT.jar:?]
	at java.util.concurrent.CompletableFuture$AsyncSupply.run(CompletableFuture.java:1604) [?:1.8.0_332]
	at java.util.concurrent.ThreadPoolExecutor.runWorker(ThreadPoolExecutor.java:1149) [?:1.8.0_332]
	at java.util.concurrent.ThreadPoolExecutor$Worker.run(ThreadPoolExecutor.java:624) [?:1.8.0_332]
	at java.lang.Thread.run(Thread.java:750) [?:1.8.0_332]
2022-05-24 20:49:05,884 [OM StateMachine ApplyTransaction Thread - 0] ERROR multipart.S3MultipartUploadCompleteRequest (S3MultipartUploadCompleteRequest.java:logResult(346)) - MultipartUpload Complete request failed for Key: db7abe53-68e4-4623-9404-73de0d0c6fce in Volume/Bucket df023896-fda9-4a6d-8396-fc726be837e7/b64e256e-ab0e-4d5b-9432-34d98e7ff07a
ENTITY_TOO_SMALL org.apache.hadoop.ozone.om.exceptions.OMException: Complete Multipart Upload Failed: volume: df023896-fda9-4a6d-8396-fc726be837e7 bucket: b64e256e-ab0e-4d5b-9432-34d98e7ff07a key: db7abe53-68e4-4623-9404-73de0d0c6fce. Entity too small.
	at org.apache.hadoop.ozone.om.request.s3.multipart.S3MultipartUploadCompleteRequest.getMultipartDataSize(S3MultipartUploadCompleteRequest.java:520)
	at org.apache.hadoop.ozone.om.request.s3.multipart.S3MultipartUploadCompleteRequest.validateAndUpdateCache(S3MultipartUploadCompleteRequest.java:197)
	at org.apache.hadoop.ozone.protocolPB.OzoneManagerRequestHandler.handleWriteRequest(OzoneManagerRequestHandler.java:254)
	at org.apache.hadoop.ozone.om.ratis.OzoneManagerStateMachine.runCommand(OzoneManagerStateMachine.java:524)
	at org.apache.hadoop.ozone.om.ratis.OzoneManagerStateMachine.lambda$1(OzoneManagerStateMachine.java:319)
	at java.util.concurrent.CompletableFuture$AsyncSupply.run(CompletableFuture.java:1604)
	at java.util.concurrent.ThreadPoolExecutor.runWorker(ThreadPoolExecutor.java:1149)
	at java.util.concurrent.ThreadPoolExecutor$Worker.run(ThreadPoolExecutor.java:624)
	at java.lang.Thread.run(Thread.java:750)
]]></system-out>
  </testcase>
  <testcase name="testMultipartUploadWithPartsMisMatchWithIncorrectPartName" classname="org.apache.hadoop.ozone.client.rpc.TestSecureOzoneRpcClient" time="0.027">
    <system-out><![CDATA[2022-05-24 20:49:05,885 [Listener at 127.0.0.1/44485] INFO  rpc.RpcClient (RpcClient.java:createVolume(457)) - Creating Volume: da2c7b7a-eb20-4220-a297-a56e50d73518, with runner as owner and space quota set to -1 bytes, counts quota set to -1
2022-05-24 20:49:05,888 [OM StateMachine ApplyTransaction Thread - 0] INFO  volume.OMVolumeCreateRequest (OMVolumeCreateRequest.java:validateAndUpdateCache(195)) - created volume:da2c7b7a-eb20-4220-a297-a56e50d73518 for user:runner
2022-05-24 20:49:05,889 [Listener at 127.0.0.1/44485] INFO  rpc.RpcClient (RpcClient.java:createBucket(646)) - Creating Bucket: da2c7b7a-eb20-4220-a297-a56e50d73518/e4d91f1c-7a83-414a-8219-304f778e89a7, with runner as owner and Versioning false and Storage Type set to DISK and Encryption set to false 
2022-05-24 20:49:05,891 [OM StateMachine ApplyTransaction Thread - 0] INFO  bucket.OMBucketCreateRequest (OMBucketCreateRequest.java:validateAndUpdateCache(258)) - created bucket: e4d91f1c-7a83-414a-8219-304f778e89a7 of layout LEGACY in volume: da2c7b7a-eb20-4220-a297-a56e50d73518
20:49:05.911 [OM StateMachine ApplyTransaction Thread - 0] ERROR OMAudit - user=runner | ip=127.0.0.1 | op=COMPLETE_MULTIPART_UPLOAD {volume=da2c7b7a-eb20-4220-a297-a56e50d73518, bucket=e4d91f1c-7a83-414a-8219-304f778e89a7, key=5da58219-c057-4a8c-b7e4-3f9874208aad, dataSize=0, replicationType=NONE, replicationFactor=ZERO, multipartList=[partNumber: 1 partName: "5bf33ebf-ad49-424b-90e4-8b60688211ba" ]} | ret=FAILURE
org.apache.hadoop.ozone.om.exceptions.OMException: Complete Multipart Upload Failed: volume: da2c7b7a-eb20-4220-a297-a56e50d73518 bucket: e4d91f1c-7a83-414a-8219-304f778e89a7 key: 5da58219-c057-4a8c-b7e4-3f9874208aad. Provided Part info is { 5bf33ebf-ad49-424b-90e4-8b60688211ba, 1}, whereas OM has partName /da2c7b7a-eb20-4220-a297-a56e50d73518/e4d91f1c-7a83-414a-8219-304f778e89a7/5da58219-c057-4a8c-b7e4-3f9874208aad-617b422b-21ab-4a40-a85c-493ece29e6cb-108358883468378345-1
	at org.apache.hadoop.ozone.om.request.s3.multipart.S3MultipartUploadCompleteRequest.getMultipartDataSize(S3MultipartUploadCompleteRequest.java:502) ~[ozone-manager-1.3.0-SNAPSHOT.jar:?]
	at org.apache.hadoop.ozone.om.request.s3.multipart.S3MultipartUploadCompleteRequest.validateAndUpdateCache(S3MultipartUploadCompleteRequest.java:197) ~[ozone-manager-1.3.0-SNAPSHOT.jar:?]
	at org.apache.hadoop.ozone.protocolPB.OzoneManagerRequestHandler.handleWriteRequest(OzoneManagerRequestHandler.java:254) ~[ozone-manager-1.3.0-SNAPSHOT.jar:?]
	at org.apache.hadoop.ozone.om.ratis.OzoneManagerStateMachine.runCommand(OzoneManagerStateMachine.java:524) ~[ozone-manager-1.3.0-SNAPSHOT.jar:?]
	at org.apache.hadoop.ozone.om.ratis.OzoneManagerStateMachine.lambda$1(OzoneManagerStateMachine.java:319) ~[ozone-manager-1.3.0-SNAPSHOT.jar:?]
	at java.util.concurrent.CompletableFuture$AsyncSupply.run(CompletableFuture.java:1604) [?:1.8.0_332]
	at java.util.concurrent.ThreadPoolExecutor.runWorker(ThreadPoolExecutor.java:1149) [?:1.8.0_332]
	at java.util.concurrent.ThreadPoolExecutor$Worker.run(ThreadPoolExecutor.java:624) [?:1.8.0_332]
	at java.lang.Thread.run(Thread.java:750) [?:1.8.0_332]
2022-05-24 20:49:05,912 [OM StateMachine ApplyTransaction Thread - 0] ERROR multipart.S3MultipartUploadCompleteRequest (S3MultipartUploadCompleteRequest.java:logResult(346)) - MultipartUpload Complete request failed for Key: 5da58219-c057-4a8c-b7e4-3f9874208aad in Volume/Bucket da2c7b7a-eb20-4220-a297-a56e50d73518/e4d91f1c-7a83-414a-8219-304f778e89a7
INVALID_PART org.apache.hadoop.ozone.om.exceptions.OMException: Complete Multipart Upload Failed: volume: da2c7b7a-eb20-4220-a297-a56e50d73518 bucket: e4d91f1c-7a83-414a-8219-304f778e89a7 key: 5da58219-c057-4a8c-b7e4-3f9874208aad. Provided Part info is { 5bf33ebf-ad49-424b-90e4-8b60688211ba, 1}, whereas OM has partName /da2c7b7a-eb20-4220-a297-a56e50d73518/e4d91f1c-7a83-414a-8219-304f778e89a7/5da58219-c057-4a8c-b7e4-3f9874208aad-617b422b-21ab-4a40-a85c-493ece29e6cb-108358883468378345-1
	at org.apache.hadoop.ozone.om.request.s3.multipart.S3MultipartUploadCompleteRequest.getMultipartDataSize(S3MultipartUploadCompleteRequest.java:502)
	at org.apache.hadoop.ozone.om.request.s3.multipart.S3MultipartUploadCompleteRequest.validateAndUpdateCache(S3MultipartUploadCompleteRequest.java:197)
	at org.apache.hadoop.ozone.protocolPB.OzoneManagerRequestHandler.handleWriteRequest(OzoneManagerRequestHandler.java:254)
	at org.apache.hadoop.ozone.om.ratis.OzoneManagerStateMachine.runCommand(OzoneManagerStateMachine.java:524)
	at org.apache.hadoop.ozone.om.ratis.OzoneManagerStateMachine.lambda$1(OzoneManagerStateMachine.java:319)
	at java.util.concurrent.CompletableFuture$AsyncSupply.run(CompletableFuture.java:1604)
	at java.util.concurrent.ThreadPoolExecutor.runWorker(ThreadPoolExecutor.java:1149)
	at java.util.concurrent.ThreadPoolExecutor$Worker.run(ThreadPoolExecutor.java:624)
	at java.lang.Thread.run(Thread.java:750)
]]></system-out>
  </testcase>
  <testcase name="testMultipartUploadWithPartsMisMatchWithListSizeDifferent" classname="org.apache.hadoop.ozone.client.rpc.TestSecureOzoneRpcClient" time="0.009">
    <system-out><![CDATA[2022-05-24 20:49:05,913 [Listener at 127.0.0.1/44485] INFO  rpc.RpcClient (RpcClient.java:createVolume(457)) - Creating Volume: 482a72a7-8f4f-4af3-be57-f6ce33c06c5c, with runner as owner and space quota set to -1 bytes, counts quota set to -1
2022-05-24 20:49:05,914 [OM StateMachine ApplyTransaction Thread - 0] INFO  volume.OMVolumeCreateRequest (OMVolumeCreateRequest.java:validateAndUpdateCache(195)) - created volume:482a72a7-8f4f-4af3-be57-f6ce33c06c5c for user:runner
2022-05-24 20:49:05,915 [Listener at 127.0.0.1/44485] INFO  rpc.RpcClient (RpcClient.java:createBucket(646)) - Creating Bucket: 482a72a7-8f4f-4af3-be57-f6ce33c06c5c/9dd9008f-cc67-42a3-ae7e-0e559c99565e, with runner as owner and Versioning false and Storage Type set to DISK and Encryption set to false 
2022-05-24 20:49:05,917 [OM StateMachine ApplyTransaction Thread - 0] INFO  bucket.OMBucketCreateRequest (OMBucketCreateRequest.java:validateAndUpdateCache(258)) - created bucket: 9dd9008f-cc67-42a3-ae7e-0e559c99565e of layout LEGACY in volume: 482a72a7-8f4f-4af3-be57-f6ce33c06c5c
2022-05-24 20:49:05,921 [OM StateMachine ApplyTransaction Thread - 0] ERROR multipart.S3MultipartUploadCompleteRequest (S3MultipartUploadCompleteRequest.java:validateAndUpdateCache(183)) - Complete MultipartUpload failed for key /482a72a7-8f4f-4af3-be57-f6ce33c06c5c/9dd9008f-cc67-42a3-ae7e-0e559c99565e/ca92e03c-df1e-44a8-b656-9df560105d3a , MPU Key has no parts in OM, parts given to upload are [partNumber: 1
partName: "d7abe134-577e-4057-a187-27e503ef8ea0"
]
20:49:05.921 [OM StateMachine ApplyTransaction Thread - 0] ERROR OMAudit - user=runner | ip=127.0.0.1 | op=COMPLETE_MULTIPART_UPLOAD {volume=482a72a7-8f4f-4af3-be57-f6ce33c06c5c, bucket=9dd9008f-cc67-42a3-ae7e-0e559c99565e, key=ca92e03c-df1e-44a8-b656-9df560105d3a, dataSize=0, replicationType=NONE, replicationFactor=ZERO, multipartList=[partNumber: 1 partName: "d7abe134-577e-4057-a187-27e503ef8ea0" ]} | ret=FAILURE
org.apache.hadoop.ozone.om.exceptions.OMException: Complete Multipart Upload Failed: volume: 482a72a7-8f4f-4af3-be57-f6ce33c06c5c bucket: 9dd9008f-cc67-42a3-ae7e-0e559c99565e key: ca92e03c-df1e-44a8-b656-9df560105d3a
	at org.apache.hadoop.ozone.om.request.s3.multipart.S3MultipartUploadCompleteRequest.validateAndUpdateCache(S3MultipartUploadCompleteRequest.java:186) ~[ozone-manager-1.3.0-SNAPSHOT.jar:?]
	at org.apache.hadoop.ozone.protocolPB.OzoneManagerRequestHandler.handleWriteRequest(OzoneManagerRequestHandler.java:254) ~[ozone-manager-1.3.0-SNAPSHOT.jar:?]
	at org.apache.hadoop.ozone.om.ratis.OzoneManagerStateMachine.runCommand(OzoneManagerStateMachine.java:524) ~[ozone-manager-1.3.0-SNAPSHOT.jar:?]
	at org.apache.hadoop.ozone.om.ratis.OzoneManagerStateMachine.lambda$1(OzoneManagerStateMachine.java:319) ~[ozone-manager-1.3.0-SNAPSHOT.jar:?]
	at java.util.concurrent.CompletableFuture$AsyncSupply.run(CompletableFuture.java:1604) [?:1.8.0_332]
	at java.util.concurrent.ThreadPoolExecutor.runWorker(ThreadPoolExecutor.java:1149) [?:1.8.0_332]
	at java.util.concurrent.ThreadPoolExecutor$Worker.run(ThreadPoolExecutor.java:624) [?:1.8.0_332]
	at java.lang.Thread.run(Thread.java:750) [?:1.8.0_332]
2022-05-24 20:49:05,921 [OM StateMachine ApplyTransaction Thread - 0] ERROR multipart.S3MultipartUploadCompleteRequest (S3MultipartUploadCompleteRequest.java:logResult(346)) - MultipartUpload Complete request failed for Key: ca92e03c-df1e-44a8-b656-9df560105d3a in Volume/Bucket 482a72a7-8f4f-4af3-be57-f6ce33c06c5c/9dd9008f-cc67-42a3-ae7e-0e559c99565e
INVALID_PART org.apache.hadoop.ozone.om.exceptions.OMException: Complete Multipart Upload Failed: volume: 482a72a7-8f4f-4af3-be57-f6ce33c06c5c bucket: 9dd9008f-cc67-42a3-ae7e-0e559c99565e key: ca92e03c-df1e-44a8-b656-9df560105d3a
	at org.apache.hadoop.ozone.om.request.s3.multipart.S3MultipartUploadCompleteRequest.validateAndUpdateCache(S3MultipartUploadCompleteRequest.java:186)
	at org.apache.hadoop.ozone.protocolPB.OzoneManagerRequestHandler.handleWriteRequest(OzoneManagerRequestHandler.java:254)
	at org.apache.hadoop.ozone.om.ratis.OzoneManagerStateMachine.runCommand(OzoneManagerStateMachine.java:524)
	at org.apache.hadoop.ozone.om.ratis.OzoneManagerStateMachine.lambda$1(OzoneManagerStateMachine.java:319)
	at java.util.concurrent.CompletableFuture$AsyncSupply.run(CompletableFuture.java:1604)
	at java.util.concurrent.ThreadPoolExecutor.runWorker(ThreadPoolExecutor.java:1149)
	at java.util.concurrent.ThreadPoolExecutor$Worker.run(ThreadPoolExecutor.java:624)
	at java.lang.Thread.run(Thread.java:750)
]]></system-out>
  </testcase>
  <testcase name="testNativeAclsForBucket" classname="org.apache.hadoop.ozone.client.rpc.TestSecureOzoneRpcClient" time="0.081">
    <system-out><![CDATA[2022-05-24 20:49:05,923 [Listener at 127.0.0.1/44485] INFO  rpc.RpcClient (RpcClient.java:createVolume(457)) - Creating Volume: 801e939b-ed53-4c28-aa9f-51e01b51b301, with runner as owner and space quota set to -1 bytes, counts quota set to -1
2022-05-24 20:49:05,924 [OM StateMachine ApplyTransaction Thread - 0] INFO  volume.OMVolumeCreateRequest (OMVolumeCreateRequest.java:validateAndUpdateCache(195)) - created volume:801e939b-ed53-4c28-aa9f-51e01b51b301 for user:runner
2022-05-24 20:49:05,925 [Listener at 127.0.0.1/44485] INFO  rpc.RpcClient (RpcClient.java:createBucket(646)) - Creating Bucket: 801e939b-ed53-4c28-aa9f-51e01b51b301/e86fc899-864c-44a8-ab4d-3e4aa1e5f4e6, with runner as owner and Versioning false and Storage Type set to DISK and Encryption set to false 
2022-05-24 20:49:05,927 [OM StateMachine ApplyTransaction Thread - 0] INFO  bucket.OMBucketCreateRequest (OMBucketCreateRequest.java:validateAndUpdateCache(258)) - created bucket: e86fc899-864c-44a8-ab4d-3e4aa1e5f4e6 of layout LEGACY in volume: 801e939b-ed53-4c28-aa9f-51e01b51b301
2022-05-24 20:49:05,998 [Listener at 127.0.0.1/44485] INFO  rpc.RpcClient (RpcClient.java:createBucket(646)) - Creating Bucket: 801e939b-ed53-4c28-aa9f-51e01b51b301/e86fc899-864c-44a8-ab4d-3e4aa1e5f4e6, with runner as owner and Versioning false and Storage Type set to DISK and Encryption set to false 
2022-05-24 20:49:06,000 [OM StateMachine ApplyTransaction Thread - 0] INFO  bucket.OMBucketCreateRequest (OMBucketCreateRequest.java:validateAndUpdateCache(258)) - created bucket: e86fc899-864c-44a8-ab4d-3e4aa1e5f4e6 of layout LEGACY in volume: 801e939b-ed53-4c28-aa9f-51e01b51b301
]]></system-out>
  </testcase>
  <testcase name="testNativeAclsForKey" classname="org.apache.hadoop.ozone.client.rpc.TestSecureOzoneRpcClient" time="0.158">
    <system-out><![CDATA[2022-05-24 20:49:06,004 [Listener at 127.0.0.1/44485] INFO  rpc.RpcClient (RpcClient.java:createVolume(457)) - Creating Volume: 133ad857-2092-474d-b1ca-d7cb585f265a, with runner as owner and space quota set to -1 bytes, counts quota set to -1
2022-05-24 20:49:06,005 [OM StateMachine ApplyTransaction Thread - 0] INFO  volume.OMVolumeCreateRequest (OMVolumeCreateRequest.java:validateAndUpdateCache(195)) - created volume:133ad857-2092-474d-b1ca-d7cb585f265a for user:runner
2022-05-24 20:49:06,006 [Listener at 127.0.0.1/44485] INFO  rpc.RpcClient (RpcClient.java:createBucket(646)) - Creating Bucket: 133ad857-2092-474d-b1ca-d7cb585f265a/0b708d55-0b6c-4939-8328-619e5ef0796e, with runner as owner and Versioning false and Storage Type set to DISK and Encryption set to false 
2022-05-24 20:49:06,008 [OM StateMachine ApplyTransaction Thread - 0] INFO  bucket.OMBucketCreateRequest (OMBucketCreateRequest.java:validateAndUpdateCache(258)) - created bucket: 0b708d55-0b6c-4939-8328-619e5ef0796e of layout LEGACY in volume: 133ad857-2092-474d-b1ca-d7cb585f265a
]]></system-out>
  </testcase>
  <testcase name="testNativeAclsForPrefix" classname="org.apache.hadoop.ozone.client.rpc.TestSecureOzoneRpcClient" time="0.072">
    <system-out><![CDATA[2022-05-24 20:49:06,162 [Listener at 127.0.0.1/44485] INFO  rpc.RpcClient (RpcClient.java:createVolume(457)) - Creating Volume: c7b5cd81-b628-452e-b08f-52e0816d0215, with runner as owner and space quota set to -1 bytes, counts quota set to -1
2022-05-24 20:49:06,164 [OM StateMachine ApplyTransaction Thread - 0] INFO  volume.OMVolumeCreateRequest (OMVolumeCreateRequest.java:validateAndUpdateCache(195)) - created volume:c7b5cd81-b628-452e-b08f-52e0816d0215 for user:runner
2022-05-24 20:49:06,165 [Listener at 127.0.0.1/44485] INFO  rpc.RpcClient (RpcClient.java:createBucket(646)) - Creating Bucket: c7b5cd81-b628-452e-b08f-52e0816d0215/deb01ede-5561-4ac5-9c25-cd622e13981b, with runner as owner and Versioning false and Storage Type set to DISK and Encryption set to false 
2022-05-24 20:49:06,166 [OM StateMachine ApplyTransaction Thread - 0] INFO  bucket.OMBucketCreateRequest (OMBucketCreateRequest.java:validateAndUpdateCache(258)) - created bucket: deb01ede-5561-4ac5-9c25-cd622e13981b of layout LEGACY in volume: c7b5cd81-b628-452e-b08f-52e0816d0215
]]></system-out>
  </testcase>
  <testcase name="testNativeAclsForVolume" classname="org.apache.hadoop.ozone.client.rpc.TestSecureOzoneRpcClient" time="0.052">
    <system-out><![CDATA[2022-05-24 20:49:06,235 [Listener at 127.0.0.1/44485] INFO  rpc.RpcClient (RpcClient.java:createVolume(457)) - Creating Volume: c51dbb21-f2f6-4956-84d2-7069faa40907, with runner as owner and space quota set to -1 bytes, counts quota set to -1
2022-05-24 20:49:06,236 [OM StateMachine ApplyTransaction Thread - 0] INFO  volume.OMVolumeCreateRequest (OMVolumeCreateRequest.java:validateAndUpdateCache(195)) - created volume:c51dbb21-f2f6-4956-84d2-7069faa40907 for user:runner
]]></system-out>
  </testcase>
  <testcase name="testNoSuchUploadError" classname="org.apache.hadoop.ozone.client.rpc.TestSecureOzoneRpcClient" time="0.009">
    <system-out><![CDATA[2022-05-24 20:49:06,288 [Listener at 127.0.0.1/44485] INFO  rpc.RpcClient (RpcClient.java:createVolume(457)) - Creating Volume: 58de11a4-27b4-4f69-8637-b5517ab889a2, with runner as owner and space quota set to -1 bytes, counts quota set to -1
2022-05-24 20:49:06,289 [OM StateMachine ApplyTransaction Thread - 0] INFO  volume.OMVolumeCreateRequest (OMVolumeCreateRequest.java:validateAndUpdateCache(195)) - created volume:58de11a4-27b4-4f69-8637-b5517ab889a2 for user:runner
2022-05-24 20:49:06,290 [Listener at 127.0.0.1/44485] INFO  rpc.RpcClient (RpcClient.java:createBucket(646)) - Creating Bucket: 58de11a4-27b4-4f69-8637-b5517ab889a2/f0a39ebb-e190-4c26-a664-a5b2aba3a0e1, with runner as owner and Versioning false and Storage Type set to DISK and Encryption set to false 
2022-05-24 20:49:06,292 [OM StateMachine ApplyTransaction Thread - 0] INFO  bucket.OMBucketCreateRequest (OMBucketCreateRequest.java:validateAndUpdateCache(258)) - created bucket: f0a39ebb-e190-4c26-a664-a5b2aba3a0e1 of layout LEGACY in volume: 58de11a4-27b4-4f69-8637-b5517ab889a2
20:49:06.295 [OM StateMachine ApplyTransaction Thread - 0] ERROR OMAudit - user=runner | ip=127.0.0.1 | op=ALLOCATE_KEY {volume=58de11a4-27b4-4f69-8637-b5517ab889a2, bucket=f0a39ebb-e190-4c26-a664-a5b2aba3a0e1, key=003bfe2f-4905-47c6-a8d8-b6ffe2078625, dataSize=12, replicationType=NONE, replicationFactor=ZERO} | ret=FAILURE
org.apache.hadoop.ozone.om.exceptions.OMException: No such Multipart upload is with specified uploadId random
	at org.apache.hadoop.ozone.om.request.key.OMKeyRequest.prepareMultipartFileInfo(OMKeyRequest.java:754) ~[ozone-manager-1.3.0-SNAPSHOT.jar:?]
	at org.apache.hadoop.ozone.om.request.key.OMKeyRequest.prepareFileInfo(OMKeyRequest.java:645) ~[ozone-manager-1.3.0-SNAPSHOT.jar:?]
	at org.apache.hadoop.ozone.om.request.key.OMKeyRequest.prepareKeyInfo(OMKeyRequest.java:622) ~[ozone-manager-1.3.0-SNAPSHOT.jar:?]
	at org.apache.hadoop.ozone.om.request.key.OMKeyCreateRequest.validateAndUpdateCache(OMKeyCreateRequest.java:277) ~[ozone-manager-1.3.0-SNAPSHOT.jar:?]
	at org.apache.hadoop.ozone.protocolPB.OzoneManagerRequestHandler.handleWriteRequest(OzoneManagerRequestHandler.java:254) ~[ozone-manager-1.3.0-SNAPSHOT.jar:?]
	at org.apache.hadoop.ozone.om.ratis.OzoneManagerStateMachine.runCommand(OzoneManagerStateMachine.java:524) ~[ozone-manager-1.3.0-SNAPSHOT.jar:?]
	at org.apache.hadoop.ozone.om.ratis.OzoneManagerStateMachine.lambda$1(OzoneManagerStateMachine.java:319) ~[ozone-manager-1.3.0-SNAPSHOT.jar:?]
	at java.util.concurrent.CompletableFuture$AsyncSupply.run(CompletableFuture.java:1604) [?:1.8.0_332]
	at java.util.concurrent.ThreadPoolExecutor.runWorker(ThreadPoolExecutor.java:1149) [?:1.8.0_332]
	at java.util.concurrent.ThreadPoolExecutor$Worker.run(ThreadPoolExecutor.java:624) [?:1.8.0_332]
	at java.lang.Thread.run(Thread.java:750) [?:1.8.0_332]
2022-05-24 20:49:06,295 [OM StateMachine ApplyTransaction Thread - 0] ERROR key.OMKeyCreateRequest (OMKeyCreateRequest.java:logResult(368)) - Key creation failed. Volume:58de11a4-27b4-4f69-8637-b5517ab889a2, Bucket:f0a39ebb-e190-4c26-a664-a5b2aba3a0e1, Key:003bfe2f-4905-47c6-a8d8-b6ffe2078625. 
NO_SUCH_MULTIPART_UPLOAD_ERROR org.apache.hadoop.ozone.om.exceptions.OMException: No such Multipart upload is with specified uploadId random
	at org.apache.hadoop.ozone.om.request.key.OMKeyRequest.prepareMultipartFileInfo(OMKeyRequest.java:754)
	at org.apache.hadoop.ozone.om.request.key.OMKeyRequest.prepareFileInfo(OMKeyRequest.java:645)
	at org.apache.hadoop.ozone.om.request.key.OMKeyRequest.prepareKeyInfo(OMKeyRequest.java:622)
	at org.apache.hadoop.ozone.om.request.key.OMKeyCreateRequest.validateAndUpdateCache(OMKeyCreateRequest.java:277)
	at org.apache.hadoop.ozone.protocolPB.OzoneManagerRequestHandler.handleWriteRequest(OzoneManagerRequestHandler.java:254)
	at org.apache.hadoop.ozone.om.ratis.OzoneManagerStateMachine.runCommand(OzoneManagerStateMachine.java:524)
	at org.apache.hadoop.ozone.om.ratis.OzoneManagerStateMachine.lambda$1(OzoneManagerStateMachine.java:319)
	at java.util.concurrent.CompletableFuture$AsyncSupply.run(CompletableFuture.java:1604)
	at java.util.concurrent.ThreadPoolExecutor.runWorker(ThreadPoolExecutor.java:1149)
	at java.util.concurrent.ThreadPoolExecutor$Worker.run(ThreadPoolExecutor.java:624)
	at java.lang.Thread.run(Thread.java:750)
]]></system-out>
  </testcase>
  <testcase name="testOMClientProxyProvider" classname="org.apache.hadoop.ozone.client.rpc.TestSecureOzoneRpcClient" time="0.001"/>
  <testcase name="testOverWriteKeyWithAndWithOutVersioning" classname="org.apache.hadoop.ozone.client.rpc.TestSecureOzoneRpcClient" time="0.124">
    <system-out><![CDATA[2022-05-24 20:49:06,298 [Listener at 127.0.0.1/44485] INFO  rpc.RpcClient (RpcClient.java:createVolume(457)) - Creating Volume: c9daf54c-82a4-486e-a926-778a2e6bf7ce, with runner as owner and space quota set to -1 bytes, counts quota set to -1
2022-05-24 20:49:06,300 [OM StateMachine ApplyTransaction Thread - 0] INFO  volume.OMVolumeCreateRequest (OMVolumeCreateRequest.java:validateAndUpdateCache(195)) - created volume:c9daf54c-82a4-486e-a926-778a2e6bf7ce for user:runner
2022-05-24 20:49:06,301 [Listener at 127.0.0.1/44485] INFO  rpc.RpcClient (RpcClient.java:createBucket(646)) - Creating Bucket: c9daf54c-82a4-486e-a926-778a2e6bf7ce/5d385a0d-5b8a-4323-989c-b13b5f1ba353, with runner as owner and Versioning false and Storage Type set to DISK and Encryption set to false 
2022-05-24 20:49:06,302 [OM StateMachine ApplyTransaction Thread - 0] INFO  bucket.OMBucketCreateRequest (OMBucketCreateRequest.java:validateAndUpdateCache(258)) - created bucket: 5d385a0d-5b8a-4323-989c-b13b5f1ba353 of layout LEGACY in volume: c9daf54c-82a4-486e-a926-778a2e6bf7ce
2022-05-24 20:49:06,360 [Listener at 127.0.0.1/44485] INFO  rpc.RpcClient (RpcClient.java:createVolume(457)) - Creating Volume: f2d08485-7b2d-49fb-ac67-8d14bce95f10, with runner as owner and space quota set to -1 bytes, counts quota set to -1
2022-05-24 20:49:06,361 [OM StateMachine ApplyTransaction Thread - 0] INFO  volume.OMVolumeCreateRequest (OMVolumeCreateRequest.java:validateAndUpdateCache(195)) - created volume:f2d08485-7b2d-49fb-ac67-8d14bce95f10 for user:runner
2022-05-24 20:49:06,363 [Listener at 127.0.0.1/44485] INFO  rpc.RpcClient (RpcClient.java:createBucket(646)) - Creating Bucket: f2d08485-7b2d-49fb-ac67-8d14bce95f10/8926e758-b18c-42b8-b84c-1dfd3715e177, with runner as owner and Versioning true and Storage Type set to DISK and Encryption set to false 
2022-05-24 20:49:06,364 [OM StateMachine ApplyTransaction Thread - 0] INFO  bucket.OMBucketCreateRequest (OMBucketCreateRequest.java:validateAndUpdateCache(258)) - created bucket: 8926e758-b18c-42b8-b84c-1dfd3715e177 of layout LEGACY in volume: f2d08485-7b2d-49fb-ac67-8d14bce95f10
]]></system-out>
  </testcase>
  <testcase name="testPutKey" classname="org.apache.hadoop.ozone.client.rpc.TestSecureOzoneRpcClient" time="0.243">
    <system-out><![CDATA[2022-05-24 20:49:06,423 [Listener at 127.0.0.1/44485] INFO  rpc.RpcClient (RpcClient.java:createVolume(457)) - Creating Volume: 4dcdd337-a06c-4a8b-a235-a68ca77e120d, with runner as owner and space quota set to -1 bytes, counts quota set to -1
2022-05-24 20:49:06,425 [OM StateMachine ApplyTransaction Thread - 0] INFO  volume.OMVolumeCreateRequest (OMVolumeCreateRequest.java:validateAndUpdateCache(195)) - created volume:4dcdd337-a06c-4a8b-a235-a68ca77e120d for user:runner
2022-05-24 20:49:06,426 [Listener at 127.0.0.1/44485] INFO  rpc.RpcClient (RpcClient.java:createBucket(646)) - Creating Bucket: 4dcdd337-a06c-4a8b-a235-a68ca77e120d/e63808ae-50de-4a18-a9ec-94bd52c776fe, with runner as owner and Versioning false and Storage Type set to DISK and Encryption set to false 
2022-05-24 20:49:06,428 [OM StateMachine ApplyTransaction Thread - 0] INFO  bucket.OMBucketCreateRequest (OMBucketCreateRequest.java:validateAndUpdateCache(258)) - created bucket: e63808ae-50de-4a18-a9ec-94bd52c776fe of layout LEGACY in volume: 4dcdd337-a06c-4a8b-a235-a68ca77e120d
]]></system-out>
  </testcase>
  <testcase name="testPutKeyRatisOneNode" classname="org.apache.hadoop.ozone.client.rpc.TestSecureOzoneRpcClient" time="0.29">
    <system-out><![CDATA[2022-05-24 20:49:06,667 [Listener at 127.0.0.1/44485] INFO  rpc.RpcClient (RpcClient.java:createVolume(457)) - Creating Volume: ff26077e-b6b1-462a-bbfb-8e78fc730342, with runner as owner and space quota set to -1 bytes, counts quota set to -1
2022-05-24 20:49:06,670 [OM StateMachine ApplyTransaction Thread - 0] INFO  volume.OMVolumeCreateRequest (OMVolumeCreateRequest.java:validateAndUpdateCache(195)) - created volume:ff26077e-b6b1-462a-bbfb-8e78fc730342 for user:runner
2022-05-24 20:49:06,675 [Listener at 127.0.0.1/44485] INFO  rpc.RpcClient (RpcClient.java:createBucket(646)) - Creating Bucket: ff26077e-b6b1-462a-bbfb-8e78fc730342/fb7f2f31-3fe2-4f03-9cd8-9363d20b88a1, with runner as owner and Versioning false and Storage Type set to DISK and Encryption set to false 
2022-05-24 20:49:06,677 [OM StateMachine ApplyTransaction Thread - 0] INFO  bucket.OMBucketCreateRequest (OMBucketCreateRequest.java:validateAndUpdateCache(258)) - created bucket: fb7f2f31-3fe2-4f03-9cd8-9363d20b88a1 of layout LEGACY in volume: ff26077e-b6b1-462a-bbfb-8e78fc730342
]]></system-out>
  </testcase>
  <testcase name="testPutKeyRatisThreeNodes" classname="org.apache.hadoop.ozone.client.rpc.TestSecureOzoneRpcClient" time="0.424">
    <system-out><![CDATA[2022-05-24 20:49:06,958 [Listener at 127.0.0.1/44485] INFO  rpc.RpcClient (RpcClient.java:createVolume(457)) - Creating Volume: dd5d6f88-608e-4b55-b764-8feafbf01520, with runner as owner and space quota set to -1 bytes, counts quota set to -1
2022-05-24 20:49:06,960 [OM StateMachine ApplyTransaction Thread - 0] INFO  volume.OMVolumeCreateRequest (OMVolumeCreateRequest.java:validateAndUpdateCache(195)) - created volume:dd5d6f88-608e-4b55-b764-8feafbf01520 for user:runner
2022-05-24 20:49:06,961 [Listener at 127.0.0.1/44485] INFO  rpc.RpcClient (RpcClient.java:createBucket(646)) - Creating Bucket: dd5d6f88-608e-4b55-b764-8feafbf01520/5dd3bc66-fd00-4dd4-b58b-94ad5b7040b4, with runner as owner and Versioning false and Storage Type set to DISK and Encryption set to false 
2022-05-24 20:49:06,962 [OM StateMachine ApplyTransaction Thread - 0] INFO  bucket.OMBucketCreateRequest (OMBucketCreateRequest.java:validateAndUpdateCache(258)) - created bucket: 5dd3bc66-fd00-4dd4-b58b-94ad5b7040b4 of layout LEGACY in volume: dd5d6f88-608e-4b55-b764-8feafbf01520
]]></system-out>
  </testcase>
  <testcase name="testPutKeyRatisThreeNodesParallel" classname="org.apache.hadoop.ozone.client.rpc.TestSecureOzoneRpcClient" time="7.006">
    <system-out><![CDATA[2022-05-24 20:49:07,383 [Listener at 127.0.0.1/44485] INFO  rpc.RpcClient (RpcClient.java:createVolume(457)) - Creating Volume: 02cd56ef-00b7-49bc-8513-af3816966ddb, with runner as owner and space quota set to -1 bytes, counts quota set to -1
2022-05-24 20:49:07,385 [OM StateMachine ApplyTransaction Thread - 0] INFO  volume.OMVolumeCreateRequest (OMVolumeCreateRequest.java:validateAndUpdateCache(195)) - created volume:02cd56ef-00b7-49bc-8513-af3816966ddb for user:runner
2022-05-24 20:49:07,386 [Listener at 127.0.0.1/44485] INFO  rpc.RpcClient (RpcClient.java:createBucket(646)) - Creating Bucket: 02cd56ef-00b7-49bc-8513-af3816966ddb/987ff725-b48b-47f4-9545-afba74182190, with runner as owner and Versioning false and Storage Type set to DISK and Encryption set to false 
2022-05-24 20:49:07,387 [OM StateMachine ApplyTransaction Thread - 0] INFO  bucket.OMBucketCreateRequest (OMBucketCreateRequest.java:validateAndUpdateCache(258)) - created bucket: 987ff725-b48b-47f4-9545-afba74182190 of layout LEGACY in volume: 02cd56ef-00b7-49bc-8513-af3816966ddb
2022-05-24 20:49:10,018 [cdeff73f-0c88-4976-9d3a-8f87b3ebca92@group-4FEAA70A9A47-FollowerState] INFO  impl.FollowerState (FollowerState.java:run(143)) - cdeff73f-0c88-4976-9d3a-8f87b3ebca92@group-4FEAA70A9A47-FollowerState: change to CANDIDATE, lastRpcElapsedTime:5063961567ns, electionTimeout:5045ms
2022-05-24 20:49:10,018 [cdeff73f-0c88-4976-9d3a-8f87b3ebca92@group-4FEAA70A9A47-FollowerState] INFO  impl.RoleInfo (RoleInfo.java:shutdownFollowerState(110)) - cdeff73f-0c88-4976-9d3a-8f87b3ebca92: shutdown cdeff73f-0c88-4976-9d3a-8f87b3ebca92@group-4FEAA70A9A47-FollowerState
2022-05-24 20:49:10,018 [cdeff73f-0c88-4976-9d3a-8f87b3ebca92@group-4FEAA70A9A47-FollowerState] INFO  server.RaftServer$Division (RaftServerImpl.java:setRole(299)) - cdeff73f-0c88-4976-9d3a-8f87b3ebca92@group-4FEAA70A9A47: changes role from  FOLLOWER to CANDIDATE at term 5 for changeToCandidate
2022-05-24 20:49:10,018 [cdeff73f-0c88-4976-9d3a-8f87b3ebca92@group-4FEAA70A9A47-FollowerState] INFO  server.RaftServerConfigKeys (ConfUtils.java:logGet(46)) - raft.server.leaderelection.pre-vote = false (custom)
2022-05-24 20:49:10,018 [cdeff73f-0c88-4976-9d3a-8f87b3ebca92@group-4FEAA70A9A47-FollowerState] INFO  impl.RoleInfo (RoleInfo.java:updateAndGet(139)) - cdeff73f-0c88-4976-9d3a-8f87b3ebca92: start cdeff73f-0c88-4976-9d3a-8f87b3ebca92@group-4FEAA70A9A47-LeaderElection34
2022-05-24 20:49:10,028 [cdeff73f-0c88-4976-9d3a-8f87b3ebca92@group-4FEAA70A9A47-LeaderElection34] INFO  impl.LeaderElection (LeaderElection.java:askForVotes(310)) - cdeff73f-0c88-4976-9d3a-8f87b3ebca92@group-4FEAA70A9A47-LeaderElection34 ELECTION round 0: submit vote requests at term 6 for -1: [a6e30353-377f-4b2f-bee2-e66a44f5bcb3|rpc:10.1.0.30:42857|dataStream:|priority:0, cdeff73f-0c88-4976-9d3a-8f87b3ebca92|rpc:10.1.0.30:44465|dataStream:|priority:1, 51ab8667-e0eb-4b1b-8092-cca2eecc2449|rpc:10.1.0.30:46251|dataStream:|priority:0], old=null
2022-05-24 20:49:10,034 [grpc-default-executor-1] INFO  server.RaftServer$Division (RaftServerImpl.java:requestVote(1152)) - 51ab8667-e0eb-4b1b-8092-cca2eecc2449@group-4FEAA70A9A47: receive requestVote(ELECTION, cdeff73f-0c88-4976-9d3a-8f87b3ebca92, group-4FEAA70A9A47, 6, (t:0, i:0))
2022-05-24 20:49:10,034 [grpc-default-executor-1] INFO  impl.VoteContext (VoteContext.java:log(48)) - 51ab8667-e0eb-4b1b-8092-cca2eecc2449@group-4FEAA70A9A47-FOLLOWER: accept ELECTION from cdeff73f-0c88-4976-9d3a-8f87b3ebca92: our priority 0 <= candidate's priority 1
2022-05-24 20:49:10,034 [grpc-default-executor-1] INFO  server.RaftServer$Division (RaftServerImpl.java:setRole(299)) - 51ab8667-e0eb-4b1b-8092-cca2eecc2449@group-4FEAA70A9A47: changes role from  FOLLOWER to FOLLOWER at term 6 for candidate:cdeff73f-0c88-4976-9d3a-8f87b3ebca92
2022-05-24 20:49:10,034 [grpc-default-executor-1] INFO  impl.RoleInfo (RoleInfo.java:shutdownFollowerState(110)) - 51ab8667-e0eb-4b1b-8092-cca2eecc2449: shutdown 51ab8667-e0eb-4b1b-8092-cca2eecc2449@group-4FEAA70A9A47-FollowerState
2022-05-24 20:49:10,034 [grpc-default-executor-1] INFO  impl.RoleInfo (RoleInfo.java:updateAndGet(139)) - 51ab8667-e0eb-4b1b-8092-cca2eecc2449: start 51ab8667-e0eb-4b1b-8092-cca2eecc2449@group-4FEAA70A9A47-FollowerState
2022-05-24 20:49:10,034 [51ab8667-e0eb-4b1b-8092-cca2eecc2449@group-4FEAA70A9A47-FollowerState] INFO  impl.FollowerState (FollowerState.java:run(152)) - 51ab8667-e0eb-4b1b-8092-cca2eecc2449@group-4FEAA70A9A47-FollowerState was interrupted
2022-05-24 20:49:10,034 [grpc-default-executor-6] INFO  server.RaftServer$Division (RaftServerImpl.java:requestVote(1152)) - a6e30353-377f-4b2f-bee2-e66a44f5bcb3@group-4FEAA70A9A47: receive requestVote(ELECTION, cdeff73f-0c88-4976-9d3a-8f87b3ebca92, group-4FEAA70A9A47, 6, (t:0, i:0))
2022-05-24 20:49:10,034 [grpc-default-executor-6] INFO  impl.VoteContext (VoteContext.java:log(48)) - a6e30353-377f-4b2f-bee2-e66a44f5bcb3@group-4FEAA70A9A47-FOLLOWER: accept ELECTION from cdeff73f-0c88-4976-9d3a-8f87b3ebca92: our priority 0 <= candidate's priority 1
2022-05-24 20:49:10,034 [grpc-default-executor-6] INFO  server.RaftServer$Division (RaftServerImpl.java:setRole(299)) - a6e30353-377f-4b2f-bee2-e66a44f5bcb3@group-4FEAA70A9A47: changes role from  FOLLOWER to FOLLOWER at term 6 for candidate:cdeff73f-0c88-4976-9d3a-8f87b3ebca92
2022-05-24 20:49:10,034 [grpc-default-executor-6] INFO  impl.RoleInfo (RoleInfo.java:shutdownFollowerState(110)) - a6e30353-377f-4b2f-bee2-e66a44f5bcb3: shutdown a6e30353-377f-4b2f-bee2-e66a44f5bcb3@group-4FEAA70A9A47-FollowerState
2022-05-24 20:49:10,042 [grpc-default-executor-6] INFO  impl.RoleInfo (RoleInfo.java:updateAndGet(139)) - a6e30353-377f-4b2f-bee2-e66a44f5bcb3: start a6e30353-377f-4b2f-bee2-e66a44f5bcb3@group-4FEAA70A9A47-FollowerState
2022-05-24 20:49:10,042 [a6e30353-377f-4b2f-bee2-e66a44f5bcb3@group-4FEAA70A9A47-FollowerState] INFO  impl.FollowerState (FollowerState.java:run(152)) - a6e30353-377f-4b2f-bee2-e66a44f5bcb3@group-4FEAA70A9A47-FollowerState was interrupted
2022-05-24 20:49:10,044 [grpc-default-executor-1] INFO  server.RaftServer$Division (RaftServerImpl.java:requestVote(1184)) - 51ab8667-e0eb-4b1b-8092-cca2eecc2449@group-4FEAA70A9A47 replies to ELECTION vote request: cdeff73f-0c88-4976-9d3a-8f87b3ebca92<-51ab8667-e0eb-4b1b-8092-cca2eecc2449#0:OK-t6. Peer's state: 51ab8667-e0eb-4b1b-8092-cca2eecc2449@group-4FEAA70A9A47:t6, leader=null, voted=cdeff73f-0c88-4976-9d3a-8f87b3ebca92, raftlog=51ab8667-e0eb-4b1b-8092-cca2eecc2449@group-4FEAA70A9A47-SegmentedRaftLog:OPENED:c-1, conf=-1: [a6e30353-377f-4b2f-bee2-e66a44f5bcb3|rpc:10.1.0.30:42857|dataStream:|priority:0, cdeff73f-0c88-4976-9d3a-8f87b3ebca92|rpc:10.1.0.30:44465|dataStream:|priority:1, 51ab8667-e0eb-4b1b-8092-cca2eecc2449|rpc:10.1.0.30:46251|dataStream:|priority:0], old=null
2022-05-24 20:49:10,046 [grpc-default-executor-6] INFO  server.RaftServer$Division (RaftServerImpl.java:requestVote(1184)) - a6e30353-377f-4b2f-bee2-e66a44f5bcb3@group-4FEAA70A9A47 replies to ELECTION vote request: cdeff73f-0c88-4976-9d3a-8f87b3ebca92<-a6e30353-377f-4b2f-bee2-e66a44f5bcb3#0:OK-t6. Peer's state: a6e30353-377f-4b2f-bee2-e66a44f5bcb3@group-4FEAA70A9A47:t6, leader=null, voted=cdeff73f-0c88-4976-9d3a-8f87b3ebca92, raftlog=a6e30353-377f-4b2f-bee2-e66a44f5bcb3@group-4FEAA70A9A47-SegmentedRaftLog:OPENED:c-1, conf=-1: [a6e30353-377f-4b2f-bee2-e66a44f5bcb3|rpc:10.1.0.30:42857|priority:0, cdeff73f-0c88-4976-9d3a-8f87b3ebca92|rpc:10.1.0.30:44465|priority:1, 51ab8667-e0eb-4b1b-8092-cca2eecc2449|rpc:10.1.0.30:46251|priority:0], old=null
2022-05-24 20:49:10,046 [cdeff73f-0c88-4976-9d3a-8f87b3ebca92@group-4FEAA70A9A47-LeaderElection34] INFO  impl.LeaderElection (LeaderElection.java:logAndReturn(90)) - cdeff73f-0c88-4976-9d3a-8f87b3ebca92@group-4FEAA70A9A47-LeaderElection34: ELECTION PASSED received 1 response(s) and 0 exception(s):
2022-05-24 20:49:10,046 [cdeff73f-0c88-4976-9d3a-8f87b3ebca92@group-4FEAA70A9A47-LeaderElection34] INFO  impl.LeaderElection (LeaderElection.java:logAndReturn(94)) -   Response 0: cdeff73f-0c88-4976-9d3a-8f87b3ebca92<-51ab8667-e0eb-4b1b-8092-cca2eecc2449#0:OK-t6
2022-05-24 20:49:10,046 [cdeff73f-0c88-4976-9d3a-8f87b3ebca92@group-4FEAA70A9A47-LeaderElection34] INFO  impl.LeaderElection (LeaderElection.java:askForVotes(312)) - cdeff73f-0c88-4976-9d3a-8f87b3ebca92@group-4FEAA70A9A47-LeaderElection34 ELECTION round 0: result PASSED
2022-05-24 20:49:10,046 [cdeff73f-0c88-4976-9d3a-8f87b3ebca92@group-4FEAA70A9A47-LeaderElection34] INFO  impl.RoleInfo (RoleInfo.java:shutdownLeaderElection(130)) - cdeff73f-0c88-4976-9d3a-8f87b3ebca92: shutdown cdeff73f-0c88-4976-9d3a-8f87b3ebca92@group-4FEAA70A9A47-LeaderElection34
2022-05-24 20:49:10,047 [cdeff73f-0c88-4976-9d3a-8f87b3ebca92@group-4FEAA70A9A47-LeaderElection34] INFO  server.RaftServer$Division (RaftServerImpl.java:setRole(299)) - cdeff73f-0c88-4976-9d3a-8f87b3ebca92@group-4FEAA70A9A47: changes role from CANDIDATE to LEADER at term 6 for changeToLeader
2022-05-24 20:49:10,047 [cdeff73f-0c88-4976-9d3a-8f87b3ebca92@group-4FEAA70A9A47-LeaderElection34] INFO  ratis.XceiverServerRatis (XceiverServerRatis.java:handleLeaderChangedNotification(863)) - Leader change notification received for group: group-4FEAA70A9A47 with new leaderId: cdeff73f-0c88-4976-9d3a-8f87b3ebca92
2022-05-24 20:49:10,047 [cdeff73f-0c88-4976-9d3a-8f87b3ebca92@group-4FEAA70A9A47-LeaderElection34] INFO  server.RaftServer$Division (ServerState.java:setLeader(287)) - cdeff73f-0c88-4976-9d3a-8f87b3ebca92@group-4FEAA70A9A47: change Leader from null to cdeff73f-0c88-4976-9d3a-8f87b3ebca92 at term 6 for becomeLeader, leader elected after 30757ms
2022-05-24 20:49:10,047 [cdeff73f-0c88-4976-9d3a-8f87b3ebca92@group-4FEAA70A9A47-LeaderElection34] INFO  server.RaftServerConfigKeys (ConfUtils.java:logGet(46)) - raft.server.staging.catchup.gap = 1000 (default)
2022-05-24 20:49:10,047 [cdeff73f-0c88-4976-9d3a-8f87b3ebca92@group-4FEAA70A9A47-LeaderElection34] INFO  server.RaftServerConfigKeys (ConfUtils.java:logGet(46)) - raft.server.write.element-limit = 1024 (custom)
2022-05-24 20:49:10,047 [cdeff73f-0c88-4976-9d3a-8f87b3ebca92@group-4FEAA70A9A47-LeaderElection34] INFO  server.RaftServerConfigKeys (ConfUtils.java:logGet(46)) - raft.server.write.byte-limit = 1024 M (=1073741824) (custom)
2022-05-24 20:49:10,047 [cdeff73f-0c88-4976-9d3a-8f87b3ebca92@group-4FEAA70A9A47-LeaderElection34] INFO  server.RaftServerConfigKeys (ConfUtils.java:logGet(46)) - raft.server.watch.timeout = 180s (custom)
2022-05-24 20:49:10,047 [cdeff73f-0c88-4976-9d3a-8f87b3ebca92@group-4FEAA70A9A47-LeaderElection34] INFO  server.RaftServerConfigKeys (ConfUtils.java:logGet(46)) - raft.server.watch.timeout.denomination = 1s (default)
2022-05-24 20:49:10,047 [cdeff73f-0c88-4976-9d3a-8f87b3ebca92@group-4FEAA70A9A47-LeaderElection34] INFO  server.RaftServerConfigKeys (ConfUtils.java:logGet(46)) - raft.server.watch.element-limit = 65536 (default)
2022-05-24 20:49:10,047 [cdeff73f-0c88-4976-9d3a-8f87b3ebca92@group-4FEAA70A9A47-LeaderElection34] INFO  server.RaftServerConfigKeys (ConfUtils.java:logGet(46)) - raft.server.write.element-limit = 1024 (custom)
2022-05-24 20:49:10,047 [cdeff73f-0c88-4976-9d3a-8f87b3ebca92@group-4FEAA70A9A47-LeaderElection34] INFO  server.RaftServerConfigKeys (ConfUtils.java:logGet(46)) - raft.server.write.follower.gap.ratio.max = -1.0 (default)
2022-05-24 20:49:10,048 [cdeff73f-0c88-4976-9d3a-8f87b3ebca92@group-4FEAA70A9A47-LeaderElection34] INFO  server.RaftServerConfigKeys (ConfUtils.java:logGet(46)) - raft.server.log.appender.snapshot.chunk.size.max = 16MB (=16777216) (default)
2022-05-24 20:49:10,048 [cdeff73f-0c88-4976-9d3a-8f87b3ebca92@group-4FEAA70A9A47-LeaderElection34] INFO  server.RaftServerConfigKeys (ConfUtils.java:logGet(46)) - raft.server.log.appender.buffer.byte-limit = 33554432 (custom)
2022-05-24 20:49:10,048 [cdeff73f-0c88-4976-9d3a-8f87b3ebca92@group-4FEAA70A9A47-LeaderElection34] INFO  server.RaftServerConfigKeys (ConfUtils.java:logGet(46)) - raft.server.log.appender.buffer.element-limit = 1 (custom)
2022-05-24 20:49:10,048 [cdeff73f-0c88-4976-9d3a-8f87b3ebca92@group-4FEAA70A9A47-LeaderElection34] INFO  grpc.GrpcConfigKeys (ConfUtils.java:logGet(46)) - raft.grpc.server.leader.outstanding.appends.max = 128 (default)
2022-05-24 20:49:10,048 [cdeff73f-0c88-4976-9d3a-8f87b3ebca92@group-4FEAA70A9A47-LeaderElection34] INFO  server.RaftServerConfigKeys (ConfUtils.java:logGet(46)) - raft.server.rpc.request.timeout = 60s (custom)
2022-05-24 20:49:10,048 [cdeff73f-0c88-4976-9d3a-8f87b3ebca92@group-4FEAA70A9A47-LeaderElection34] INFO  server.RaftServerConfigKeys (ConfUtils.java:logGet(46)) - raft.server.log.appender.install.snapshot.enabled = false (custom)
2022-05-24 20:49:10,049 [cdeff73f-0c88-4976-9d3a-8f87b3ebca92@group-4FEAA70A9A47-LeaderElection34] INFO  server.RaftServerConfigKeys (ConfUtils.java:logGet(46)) - raft.server.log.appender.snapshot.chunk.size.max = 16MB (=16777216) (default)
2022-05-24 20:49:10,049 [cdeff73f-0c88-4976-9d3a-8f87b3ebca92@group-4FEAA70A9A47-LeaderElection34] INFO  server.RaftServerConfigKeys (ConfUtils.java:logGet(46)) - raft.server.log.appender.buffer.byte-limit = 33554432 (custom)
2022-05-24 20:49:10,049 [cdeff73f-0c88-4976-9d3a-8f87b3ebca92@group-4FEAA70A9A47-LeaderElection34] INFO  server.RaftServerConfigKeys (ConfUtils.java:logGet(46)) - raft.server.log.appender.buffer.element-limit = 1 (custom)
2022-05-24 20:49:10,049 [cdeff73f-0c88-4976-9d3a-8f87b3ebca92@group-4FEAA70A9A47-LeaderElection34] INFO  grpc.GrpcConfigKeys (ConfUtils.java:logGet(46)) - raft.grpc.server.leader.outstanding.appends.max = 128 (default)
2022-05-24 20:49:10,049 [cdeff73f-0c88-4976-9d3a-8f87b3ebca92@group-4FEAA70A9A47-LeaderElection34] INFO  server.RaftServerConfigKeys (ConfUtils.java:logGet(46)) - raft.server.rpc.request.timeout = 60s (custom)
2022-05-24 20:49:10,049 [cdeff73f-0c88-4976-9d3a-8f87b3ebca92@group-4FEAA70A9A47-LeaderElection34] INFO  server.RaftServerConfigKeys (ConfUtils.java:logGet(46)) - raft.server.log.appender.install.snapshot.enabled = false (custom)
2022-05-24 20:49:10,049 [cdeff73f-0c88-4976-9d3a-8f87b3ebca92@group-4FEAA70A9A47-LeaderElection34] INFO  impl.RoleInfo (RoleInfo.java:updateAndGet(139)) - cdeff73f-0c88-4976-9d3a-8f87b3ebca92: start cdeff73f-0c88-4976-9d3a-8f87b3ebca92@group-4FEAA70A9A47-LeaderStateImpl
2022-05-24 20:49:10,050 [cdeff73f-0c88-4976-9d3a-8f87b3ebca92@group-4FEAA70A9A47-LeaderElection34] INFO  segmented.SegmentedRaftLogWorker (SegmentedRaftLogWorker.java:startLogSegment(425)) - cdeff73f-0c88-4976-9d3a-8f87b3ebca92@group-4FEAA70A9A47-SegmentedRaftLogWorker: Starting segment from index:0
2022-05-24 20:49:10,051 [EventQueue-PipelineReportForPipelineReportHandler] INFO  pipeline.PipelineManagerImpl (PipelineManagerImpl.java:openPipeline(336)) - Pipeline Pipeline[ Id: e6558b7e-c259-4dd8-acfc-4feaa70a9a47, Nodes: a6e30353-377f-4b2f-bee2-e66a44f5bcb3{ip: 10.1.0.30, host: fv-az122-930.eh24crq5omsuteaqbma5cv3ijc.phxx.internal.cloudapp.net, ports: [REPLICATION=37935, RATIS=42857, RATIS_ADMIN=42857, RATIS_SERVER=42857, STANDALONE=38041], networkLocation: /default-rack, certSerialId: null, persistedOpState: IN_SERVICE, persistedOpStateExpiryEpochSec: 0}51ab8667-e0eb-4b1b-8092-cca2eecc2449{ip: 10.1.0.30, host: fv-az122-930.eh24crq5omsuteaqbma5cv3ijc.phxx.internal.cloudapp.net, ports: [REPLICATION=34887, RATIS=46251, RATIS_ADMIN=46251, RATIS_SERVER=46251, STANDALONE=34069], networkLocation: /default-rack, certSerialId: null, persistedOpState: IN_SERVICE, persistedOpStateExpiryEpochSec: 0}cdeff73f-0c88-4976-9d3a-8f87b3ebca92{ip: 10.1.0.30, host: fv-az122-930.eh24crq5omsuteaqbma5cv3ijc.phxx.internal.cloudapp.net, ports: [REPLICATION=42185, RATIS=44465, RATIS_ADMIN=44465, RATIS_SERVER=44465, STANDALONE=42789], networkLocation: /default-rack, certSerialId: null, persistedOpState: IN_SERVICE, persistedOpStateExpiryEpochSec: 0}, ReplicationConfig: RATIS/THREE, State:ALLOCATED, leaderId:cdeff73f-0c88-4976-9d3a-8f87b3ebca92, CreationTimestamp2022-05-24T20:48:36.696Z[Etc/UTC]] moved to OPEN state
2022-05-24 20:49:10,052 [cdeff73f-0c88-4976-9d3a-8f87b3ebca92@group-4FEAA70A9A47-SegmentedRaftLogWorker] INFO  segmented.SegmentedRaftLogWorker (SegmentedRaftLogWorker.java:execute(629)) - cdeff73f-0c88-4976-9d3a-8f87b3ebca92@group-4FEAA70A9A47-SegmentedRaftLogWorker: created new log segment /home/runner/work/ozone/ozone/hadoop-ozone/integration-test/target/test-dir/MiniOzoneClusterImpl-68ae5bae-a44d-4587-ae52-251ec6d3fd1e/datanode-4/data/ratis/e6558b7e-c259-4dd8-acfc-4feaa70a9a47/current/log_inprogress_0
2022-05-24 20:49:10,065 [cdeff73f-0c88-4976-9d3a-8f87b3ebca92@group-4FEAA70A9A47-LeaderElection34] INFO  server.RaftServer$Division (ServerState.java:setRaftConf(393)) - cdeff73f-0c88-4976-9d3a-8f87b3ebca92@group-4FEAA70A9A47: set configuration 0: [a6e30353-377f-4b2f-bee2-e66a44f5bcb3|rpc:10.1.0.30:42857|dataStream:|priority:0, cdeff73f-0c88-4976-9d3a-8f87b3ebca92|rpc:10.1.0.30:44465|dataStream:|priority:1, 51ab8667-e0eb-4b1b-8092-cca2eecc2449|rpc:10.1.0.30:46251|dataStream:|priority:0], old=null
2022-05-24 20:49:10,075 [a6e30353-377f-4b2f-bee2-e66a44f5bcb3-server-thread1] INFO  ratis.XceiverServerRatis (XceiverServerRatis.java:handleLeaderChangedNotification(863)) - Leader change notification received for group: group-4FEAA70A9A47 with new leaderId: cdeff73f-0c88-4976-9d3a-8f87b3ebca92
2022-05-24 20:49:10,075 [a6e30353-377f-4b2f-bee2-e66a44f5bcb3-server-thread1] INFO  server.RaftServer$Division (ServerState.java:setLeader(287)) - a6e30353-377f-4b2f-bee2-e66a44f5bcb3@group-4FEAA70A9A47: change Leader from null to cdeff73f-0c88-4976-9d3a-8f87b3ebca92 at term 6 for appendEntries, leader elected after 30846ms
2022-05-24 20:49:10,075 [51ab8667-e0eb-4b1b-8092-cca2eecc2449-server-thread1] INFO  ratis.XceiverServerRatis (XceiverServerRatis.java:handleLeaderChangedNotification(863)) - Leader change notification received for group: group-4FEAA70A9A47 with new leaderId: cdeff73f-0c88-4976-9d3a-8f87b3ebca92
2022-05-24 20:49:10,075 [51ab8667-e0eb-4b1b-8092-cca2eecc2449-server-thread1] INFO  server.RaftServer$Division (ServerState.java:setLeader(287)) - 51ab8667-e0eb-4b1b-8092-cca2eecc2449@group-4FEAA70A9A47: change Leader from null to cdeff73f-0c88-4976-9d3a-8f87b3ebca92 at term 6 for appendEntries, leader elected after 30821ms
2022-05-24 20:49:10,095 [a6e30353-377f-4b2f-bee2-e66a44f5bcb3-server-thread1] INFO  server.RaftServer$Division (ServerState.java:setRaftConf(393)) - a6e30353-377f-4b2f-bee2-e66a44f5bcb3@group-4FEAA70A9A47: set configuration 0: [a6e30353-377f-4b2f-bee2-e66a44f5bcb3|rpc:10.1.0.30:42857|dataStream:|priority:0, cdeff73f-0c88-4976-9d3a-8f87b3ebca92|rpc:10.1.0.30:44465|dataStream:|priority:1, 51ab8667-e0eb-4b1b-8092-cca2eecc2449|rpc:10.1.0.30:46251|dataStream:|priority:0], old=null
2022-05-24 20:49:10,095 [a6e30353-377f-4b2f-bee2-e66a44f5bcb3-server-thread1] INFO  segmented.SegmentedRaftLogWorker (SegmentedRaftLogWorker.java:startLogSegment(425)) - a6e30353-377f-4b2f-bee2-e66a44f5bcb3@group-4FEAA70A9A47-SegmentedRaftLogWorker: Starting segment from index:0
2022-05-24 20:49:10,096 [51ab8667-e0eb-4b1b-8092-cca2eecc2449-server-thread1] INFO  server.RaftServer$Division (ServerState.java:setRaftConf(393)) - 51ab8667-e0eb-4b1b-8092-cca2eecc2449@group-4FEAA70A9A47: set configuration 0: [a6e30353-377f-4b2f-bee2-e66a44f5bcb3|rpc:10.1.0.30:42857|dataStream:|priority:0, cdeff73f-0c88-4976-9d3a-8f87b3ebca92|rpc:10.1.0.30:44465|dataStream:|priority:1, 51ab8667-e0eb-4b1b-8092-cca2eecc2449|rpc:10.1.0.30:46251|dataStream:|priority:0], old=null
2022-05-24 20:49:10,097 [51ab8667-e0eb-4b1b-8092-cca2eecc2449-server-thread1] INFO  segmented.SegmentedRaftLogWorker (SegmentedRaftLogWorker.java:startLogSegment(425)) - 51ab8667-e0eb-4b1b-8092-cca2eecc2449@group-4FEAA70A9A47-SegmentedRaftLogWorker: Starting segment from index:0
2022-05-24 20:49:10,098 [51ab8667-e0eb-4b1b-8092-cca2eecc2449@group-4FEAA70A9A47-SegmentedRaftLogWorker] INFO  segmented.SegmentedRaftLogWorker (SegmentedRaftLogWorker.java:execute(629)) - 51ab8667-e0eb-4b1b-8092-cca2eecc2449@group-4FEAA70A9A47-SegmentedRaftLogWorker: created new log segment /home/runner/work/ozone/ozone/hadoop-ozone/integration-test/target/test-dir/MiniOzoneClusterImpl-68ae5bae-a44d-4587-ae52-251ec6d3fd1e/datanode-5/data/ratis/e6558b7e-c259-4dd8-acfc-4feaa70a9a47/current/log_inprogress_0
2022-05-24 20:49:10,098 [a6e30353-377f-4b2f-bee2-e66a44f5bcb3@group-4FEAA70A9A47-SegmentedRaftLogWorker] INFO  segmented.SegmentedRaftLogWorker (SegmentedRaftLogWorker.java:execute(629)) - a6e30353-377f-4b2f-bee2-e66a44f5bcb3@group-4FEAA70A9A47-SegmentedRaftLogWorker: created new log segment /home/runner/work/ozone/ozone/hadoop-ozone/integration-test/target/test-dir/MiniOzoneClusterImpl-68ae5bae-a44d-4587-ae52-251ec6d3fd1e/datanode-3/data/ratis/e6558b7e-c259-4dd8-acfc-4feaa70a9a47/current/log_inprogress_0
2022-05-24 20:49:12,795 [org.apache.ratis.util.JvmPauseMonitor$$Lambda$687/217467501@5332ebea] WARN  util.JvmPauseMonitor (JvmPauseMonitor.java:detectPause(124)) - JvmPauseMonitor-om1: Detected pause in JVM or host machine (eg GC): pause of approximately 142080234ns.
GC pool 'PS MarkSweep' had collection(s): count=1 time=175ms
GC pool 'PS Scavenge' had collection(s): count=2 time=57ms
2022-05-24 20:49:12,797 [org.apache.ratis.util.JvmPauseMonitor$$Lambda$687/217467501@40dcc695] WARN  util.JvmPauseMonitor (JvmPauseMonitor.java:detectPause(124)) - JvmPauseMonitor-a6e30353-377f-4b2f-bee2-e66a44f5bcb3: Detected pause in JVM or host machine (eg GC): pause of approximately 171381554ns.
GC pool 'PS MarkSweep' had collection(s): count=1 time=175ms
GC pool 'PS Scavenge' had collection(s): count=2 time=57ms
2022-05-24 20:49:12,798 [org.apache.ratis.util.JvmPauseMonitor$$Lambda$687/217467501@72a3f1f0] WARN  util.JvmPauseMonitor (JvmPauseMonitor.java:detectPause(124)) - JvmPauseMonitor-2d640a7f-eabf-4d86-860e-09f863e1ed92: Detected pause in JVM or host machine (eg GC): pause of approximately 184248607ns.
GC pool 'PS MarkSweep' had collection(s): count=1 time=175ms
GC pool 'PS Scavenge' had collection(s): count=2 time=57ms
2022-05-24 20:49:12,798 [org.apache.ratis.util.JvmPauseMonitor$$Lambda$687/217467501@1274f28c] WARN  util.JvmPauseMonitor (JvmPauseMonitor.java:detectPause(124)) - JvmPauseMonitor-96b502b3-baca-4757-9843-c23b848e6fef: Detected pause in JVM or host machine (eg GC): pause of approximately 184426907ns.
GC pool 'PS MarkSweep' had collection(s): count=1 time=175ms
GC pool 'PS Scavenge' had collection(s): count=2 time=57ms
]]></system-out>
  </testcase>
  <testcase name="testPutKeySuccessWithBlockToken" classname="org.apache.hadoop.ozone.client.rpc.TestSecureOzoneRpcClient" time="0.242">
    <system-out><![CDATA[2022-05-24 20:49:14,390 [Listener at 127.0.0.1/44485] INFO  rpc.RpcClient (RpcClient.java:createVolume(457)) - Creating Volume: 33f12fa5-8619-4bbd-8666-8135534db84d, with runner as owner and space quota set to -1 bytes, counts quota set to -1
2022-05-24 20:49:14,392 [OM StateMachine ApplyTransaction Thread - 0] INFO  volume.OMVolumeCreateRequest (OMVolumeCreateRequest.java:validateAndUpdateCache(195)) - created volume:33f12fa5-8619-4bbd-8666-8135534db84d for user:runner
2022-05-24 20:49:14,393 [Listener at 127.0.0.1/44485] INFO  rpc.RpcClient (RpcClient.java:createBucket(646)) - Creating Bucket: 33f12fa5-8619-4bbd-8666-8135534db84d/c6112dfd-2f11-45fc-96eb-88a5b659fb70, with runner as owner and Versioning false and Storage Type set to DISK and Encryption set to false 
2022-05-24 20:49:14,395 [OM StateMachine ApplyTransaction Thread - 0] INFO  bucket.OMBucketCreateRequest (OMBucketCreateRequest.java:validateAndUpdateCache(258)) - created bucket: c6112dfd-2f11-45fc-96eb-88a5b659fb70 of layout LEGACY in volume: 33f12fa5-8619-4bbd-8666-8135534db84d
]]></system-out>
  </testcase>
  <testcase name="testReadKeyWithCorruptedData" classname="org.apache.hadoop.ozone.client.rpc.TestSecureOzoneRpcClient" time="0.088">
    <system-out><![CDATA[2022-05-24 20:49:14,632 [Listener at 127.0.0.1/44485] INFO  rpc.RpcClient (RpcClient.java:createVolume(457)) - Creating Volume: 8593d862-8de8-4bd5-bf0b-2b87f2b787c8, with runner as owner and space quota set to -1 bytes, counts quota set to -1
2022-05-24 20:49:14,635 [OM StateMachine ApplyTransaction Thread - 0] INFO  volume.OMVolumeCreateRequest (OMVolumeCreateRequest.java:validateAndUpdateCache(195)) - created volume:8593d862-8de8-4bd5-bf0b-2b87f2b787c8 for user:runner
2022-05-24 20:49:14,638 [Listener at 127.0.0.1/44485] INFO  rpc.RpcClient (RpcClient.java:createBucket(646)) - Creating Bucket: 8593d862-8de8-4bd5-bf0b-2b87f2b787c8/a8c82489-336d-42be-a9ef-98f22c2e8d15, with runner as owner and Versioning false and Storage Type set to DISK and Encryption set to false 
2022-05-24 20:49:14,639 [OM StateMachine ApplyTransaction Thread - 0] INFO  bucket.OMBucketCreateRequest (OMBucketCreateRequest.java:validateAndUpdateCache(258)) - created bucket: a8c82489-336d-42be-a9ef-98f22c2e8d15 of layout LEGACY in volume: 8593d862-8de8-4bd5-bf0b-2b87f2b787c8
2022-05-24 20:49:14,713 [Listener at 127.0.0.1/44485] ERROR scm.XceiverClientGrpc (XceiverClientGrpc.java:sendCommandWithRetry(423)) - Failed to execute command cmdType: ReadChunk
traceID: ""
containerID: 5
datanodeUuid: "2fee1640-d3c9-493e-8933-b41673c21aaf"
readChunk {
  blockID {
    containerID: 5
    localID: 109611004723200358
    blockCommitSequenceId: 92
  }
  chunkData {
    chunkName: "109611004723200358_chunk_1"
    offset: 0
    len: 12
    checksumData {
      type: CRC32
      bytesPerChecksum: 1048576
      checksums: "\357\322\354/"
    }
  }
  readChunkVersion: V1
}
encodedToken: "OgoGcnVubmVyEiJjb25JRDogNSBsb2NJRDogMTA5NjExMDA0NzIzMjAwMzU4GLen7OePMCIBMSgBMAyOAQBv-1mYZlL_-jiPkGSC_EtCOFAq8klvAf1E9GgSKsqmQUJi4EHsHlQmDVtMipAqjpStHQ9c8v5hX7HgWCEByRHSKVAB_JlDitctakuKfYd2IVJHs5zyUsjufPwex_jgc1MntCnPMR8DPhSgvERSA-N6y901a8PJXuwVJAYwwJmVKjX7Ntd2GHaCOu0TeBWSC2YGqMtLLmmeB92pBRA85cmRt9C3Y9rAsQyW9sjwoN22a2hQxoDisaaVmNJzg4ZPRswrfMdqW-IlETK9ClV7BdYVYxRY2KeTXj6AlnMCupWPeK8i3pLTu38sYHqgoMLKh3STJ4Q3Unx5QIEMTWCiCNhuEEhERFNfQkxPQ0tfVE9LRU4iY29uSUQ6IDUgbG9jSUQ6IDEwOTYxMTAwNDcyMzIwMDM1OA"
 on the pipeline Pipeline[ Id: 237c5b0a-2044-4f23-9171-c2fdd9cdb2a4, Nodes: 2fee1640-d3c9-493e-8933-b41673c21aaf{ip: 10.1.0.30, host: fv-az122-930.eh24crq5omsuteaqbma5cv3ijc.phxx.internal.cloudapp.net, ports: [REPLICATION=40513, RATIS=36361, RATIS_ADMIN=36361, RATIS_SERVER=36361, STANDALONE=39083], networkLocation: /default-rack, certSerialId: null, persistedOpState: IN_SERVICE, persistedOpStateExpiryEpochSec: 0}, ReplicationConfig: STANDALONE/ONE, State:OPEN, leaderId:2fee1640-d3c9-493e-8933-b41673c21aaf, CreationTimestamp2022-05-24T20:48:35.775Z[Etc/UTC]].
2022-05-24 20:49:14,717 [Listener at 127.0.0.1/44485] ERROR scm.XceiverClientGrpc (XceiverClientGrpc.java:sendCommandWithRetry(423)) - Failed to execute command cmdType: ReadChunk
traceID: ""
containerID: 5
datanodeUuid: "2fee1640-d3c9-493e-8933-b41673c21aaf"
readChunk {
  blockID {
    containerID: 5
    localID: 109611004723200358
    blockCommitSequenceId: 92
  }
  chunkData {
    chunkName: "109611004723200358_chunk_1"
    offset: 0
    len: 12
    checksumData {
      type: CRC32
      bytesPerChecksum: 1048576
      checksums: "\357\322\354/"
    }
  }
  readChunkVersion: V1
}
encodedToken: "OgoGcnVubmVyEiJjb25JRDogNSBsb2NJRDogMTA5NjExMDA0NzIzMjAwMzU4GLen7OePMCIBMSgBMAyOAQBv-1mYZlL_-jiPkGSC_EtCOFAq8klvAf1E9GgSKsqmQUJi4EHsHlQmDVtMipAqjpStHQ9c8v5hX7HgWCEByRHSKVAB_JlDitctakuKfYd2IVJHs5zyUsjufPwex_jgc1MntCnPMR8DPhSgvERSA-N6y901a8PJXuwVJAYwwJmVKjX7Ntd2GHaCOu0TeBWSC2YGqMtLLmmeB92pBRA85cmRt9C3Y9rAsQyW9sjwoN22a2hQxoDisaaVmNJzg4ZPRswrfMdqW-IlETK9ClV7BdYVYxRY2KeTXj6AlnMCupWPeK8i3pLTu38sYHqgoMLKh3STJ4Q3Unx5QIEMTWCiCNhuEEhERFNfQkxPQ0tfVE9LRU4iY29uSUQ6IDUgbG9jSUQ6IDEwOTYxMTAwNDcyMzIwMDM1OA"
 on the pipeline Pipeline[ Id: 237c5b0a-2044-4f23-9171-c2fdd9cdb2a4, Nodes: 2fee1640-d3c9-493e-8933-b41673c21aaf{ip: 10.1.0.30, host: fv-az122-930.eh24crq5omsuteaqbma5cv3ijc.phxx.internal.cloudapp.net, ports: [REPLICATION=40513, RATIS=36361, RATIS_ADMIN=36361, RATIS_SERVER=36361, STANDALONE=39083], networkLocation: /default-rack, certSerialId: null, persistedOpState: IN_SERVICE, persistedOpStateExpiryEpochSec: 0}, ReplicationConfig: STANDALONE/ONE, State:OPEN, leaderId:2fee1640-d3c9-493e-8933-b41673c21aaf, CreationTimestamp2022-05-24T20:48:35.775Z[Etc/UTC]].
2022-05-24 20:49:14,719 [Listener at 127.0.0.1/44485] ERROR scm.XceiverClientGrpc (XceiverClientGrpc.java:sendCommandWithRetry(423)) - Failed to execute command cmdType: ReadChunk
traceID: ""
containerID: 5
datanodeUuid: "2fee1640-d3c9-493e-8933-b41673c21aaf"
readChunk {
  blockID {
    containerID: 5
    localID: 109611004723200358
    blockCommitSequenceId: 92
  }
  chunkData {
    chunkName: "109611004723200358_chunk_1"
    offset: 0
    len: 12
    checksumData {
      type: CRC32
      bytesPerChecksum: 1048576
      checksums: "\357\322\354/"
    }
  }
  readChunkVersion: V1
}
encodedToken: "OgoGcnVubmVyEiJjb25JRDogNSBsb2NJRDogMTA5NjExMDA0NzIzMjAwMzU4GLen7OePMCIBMSgBMAyOAQBv-1mYZlL_-jiPkGSC_EtCOFAq8klvAf1E9GgSKsqmQUJi4EHsHlQmDVtMipAqjpStHQ9c8v5hX7HgWCEByRHSKVAB_JlDitctakuKfYd2IVJHs5zyUsjufPwex_jgc1MntCnPMR8DPhSgvERSA-N6y901a8PJXuwVJAYwwJmVKjX7Ntd2GHaCOu0TeBWSC2YGqMtLLmmeB92pBRA85cmRt9C3Y9rAsQyW9sjwoN22a2hQxoDisaaVmNJzg4ZPRswrfMdqW-IlETK9ClV7BdYVYxRY2KeTXj6AlnMCupWPeK8i3pLTu38sYHqgoMLKh3STJ4Q3Unx5QIEMTWCiCNhuEEhERFNfQkxPQ0tfVE9LRU4iY29uSUQ6IDUgbG9jSUQ6IDEwOTYxMTAwNDcyMzIwMDM1OA"
 on the pipeline Pipeline[ Id: 237c5b0a-2044-4f23-9171-c2fdd9cdb2a4, Nodes: 2fee1640-d3c9-493e-8933-b41673c21aaf{ip: 10.1.0.30, host: fv-az122-930.eh24crq5omsuteaqbma5cv3ijc.phxx.internal.cloudapp.net, ports: [REPLICATION=40513, RATIS=36361, RATIS_ADMIN=36361, RATIS_SERVER=36361, STANDALONE=39083], networkLocation: /default-rack, certSerialId: null, persistedOpState: IN_SERVICE, persistedOpStateExpiryEpochSec: 0}, ReplicationConfig: STANDALONE/ONE, State:OPEN, leaderId:2fee1640-d3c9-493e-8933-b41673c21aaf, CreationTimestamp2022-05-24T20:48:35.775Z[Etc/UTC]].
]]></system-out>
  </testcase>
  <testcase name="testReadKeyWithCorruptedDataWithMutiNodes" classname="org.apache.hadoop.ozone.client.rpc.TestSecureOzoneRpcClient" time="0.089">
    <system-out><![CDATA[2022-05-24 20:49:14,720 [Listener at 127.0.0.1/44485] INFO  rpc.RpcClient (RpcClient.java:createVolume(457)) - Creating Volume: 257348ff-4f77-4338-b280-319db6d9cb3b, with runner as owner and space quota set to -1 bytes, counts quota set to -1
2022-05-24 20:49:14,722 [OM StateMachine ApplyTransaction Thread - 0] INFO  volume.OMVolumeCreateRequest (OMVolumeCreateRequest.java:validateAndUpdateCache(195)) - created volume:257348ff-4f77-4338-b280-319db6d9cb3b for user:runner
2022-05-24 20:49:14,726 [Listener at 127.0.0.1/44485] INFO  rpc.RpcClient (RpcClient.java:createBucket(646)) - Creating Bucket: 257348ff-4f77-4338-b280-319db6d9cb3b/401e8f13-a74c-4dc6-aaca-3d6f727a08bb, with runner as owner and Versioning false and Storage Type set to DISK and Encryption set to false 
2022-05-24 20:49:14,727 [OM StateMachine ApplyTransaction Thread - 0] INFO  bucket.OMBucketCreateRequest (OMBucketCreateRequest.java:validateAndUpdateCache(258)) - created bucket: 401e8f13-a74c-4dc6-aaca-3d6f727a08bb of layout LEGACY in volume: 257348ff-4f77-4338-b280-319db6d9cb3b
2022-05-24 20:49:14,796 [Listener at 127.0.0.1/44485] ERROR scm.XceiverClientGrpc (XceiverClientGrpc.java:sendCommandWithRetry(423)) - Failed to execute command cmdType: ReadChunk
traceID: ""
containerID: 20
datanodeUuid: "cdeff73f-0c88-4976-9d3a-8f87b3ebca92"
readChunk {
  blockID {
    containerID: 20
    localID: 109611004723200359
    blockCommitSequenceId: 111
  }
  chunkData {
    chunkName: "109611004723200359_chunk_1"
    offset: 0
    len: 12
    checksumData {
      type: CRC32
      bytesPerChecksum: 1048576
      checksums: "\357\322\354/"
    }
  }
  readChunkVersion: V1
}
encodedToken: "OwoGcnVubmVyEiNjb25JRDogMjAgbG9jSUQ6IDEwOTYxMTAwNDcyMzIwMDM1ORifqOznjzAiATEoATAMjgEAkc60--PUxKzqG0TnMmqaEmzFHf0Yn51o_nXC1T2K0pm0goFikgwOejyyhjEaTjmoQKzDa5c_vf3mbYImfMU5rhbAzjLjCI45fAKPCEUOBzTcdyAWsAgTBz8vcFRBBgC_ghNXufJdCi1qug93VeUN8_xwnY8l--QegqVG7WYZr5vqFbX2jheMtXI2DNcgzw5qtJ33FLJJ3yyGFtWovGlFBMdp65tdUUsYFkicPRun9EZ2bhGF1jiMy5pmJITdwDAOsd2N8Drgrs6z_J9iuqsAPsgYdepnLzyYIlslfHLNGtcLfCNRAZ9QgemRAM59UePQKYtag_zsdAWGTMa_JOIzpRBIRERTX0JMT0NLX1RPS0VOI2NvbklEOiAyMCBsb2NJRDogMTA5NjExMDA0NzIzMjAwMzU5"
 on the pipeline Pipeline[ Id: a3fd9ac4-c757-4004-ba86-8b8b16ad1824, Nodes: cdeff73f-0c88-4976-9d3a-8f87b3ebca92{ip: 10.1.0.30, host: fv-az122-930.eh24crq5omsuteaqbma5cv3ijc.phxx.internal.cloudapp.net, ports: [REPLICATION=42185, RATIS=44465, RATIS_ADMIN=44465, RATIS_SERVER=44465, STANDALONE=42789], networkLocation: /default-rack, certSerialId: null, persistedOpState: IN_SERVICE, persistedOpStateExpiryEpochSec: 0}51ab8667-e0eb-4b1b-8092-cca2eecc2449{ip: 10.1.0.30, host: fv-az122-930.eh24crq5omsuteaqbma5cv3ijc.phxx.internal.cloudapp.net, ports: [REPLICATION=34887, RATIS=46251, RATIS_ADMIN=46251, RATIS_SERVER=46251, STANDALONE=34069], networkLocation: /default-rack, certSerialId: null, persistedOpState: IN_SERVICE, persistedOpStateExpiryEpochSec: 0}a6e30353-377f-4b2f-bee2-e66a44f5bcb3{ip: 10.1.0.30, host: fv-az122-930.eh24crq5omsuteaqbma5cv3ijc.phxx.internal.cloudapp.net, ports: [REPLICATION=37935, RATIS=42857, RATIS_ADMIN=42857, RATIS_SERVER=42857, STANDALONE=38041], networkLocation: /default-rack, certSerialId: null, persistedOpState: IN_SERVICE, persistedOpStateExpiryEpochSec: 0}, ReplicationConfig: STANDALONE/THREE, State:OPEN, leaderId:51ab8667-e0eb-4b1b-8092-cca2eecc2449, CreationTimestamp2022-05-24T20:48:36.695Z[Etc/UTC]].
2022-05-24 20:49:14,805 [Listener at 127.0.0.1/44485] ERROR scm.XceiverClientGrpc (XceiverClientGrpc.java:sendCommandWithRetry(423)) - Failed to execute command cmdType: ReadChunk
traceID: ""
containerID: 20
datanodeUuid: "cdeff73f-0c88-4976-9d3a-8f87b3ebca92"
readChunk {
  blockID {
    containerID: 20
    localID: 109611004723200359
    blockCommitSequenceId: 111
  }
  chunkData {
    chunkName: "109611004723200359_chunk_1"
    offset: 0
    len: 12
    checksumData {
      type: CRC32
      bytesPerChecksum: 1048576
      checksums: "\357\322\354/"
    }
  }
  readChunkVersion: V1
}
encodedToken: "OwoGcnVubmVyEiNjb25JRDogMjAgbG9jSUQ6IDEwOTYxMTAwNDcyMzIwMDM1ORifqOznjzAiATEoATAMjgEAkc60--PUxKzqG0TnMmqaEmzFHf0Yn51o_nXC1T2K0pm0goFikgwOejyyhjEaTjmoQKzDa5c_vf3mbYImfMU5rhbAzjLjCI45fAKPCEUOBzTcdyAWsAgTBz8vcFRBBgC_ghNXufJdCi1qug93VeUN8_xwnY8l--QegqVG7WYZr5vqFbX2jheMtXI2DNcgzw5qtJ33FLJJ3yyGFtWovGlFBMdp65tdUUsYFkicPRun9EZ2bhGF1jiMy5pmJITdwDAOsd2N8Drgrs6z_J9iuqsAPsgYdepnLzyYIlslfHLNGtcLfCNRAZ9QgemRAM59UePQKYtag_zsdAWGTMa_JOIzpRBIRERTX0JMT0NLX1RPS0VOI2NvbklEOiAyMCBsb2NJRDogMTA5NjExMDA0NzIzMjAwMzU5"
 on the pipeline Pipeline[ Id: a3fd9ac4-c757-4004-ba86-8b8b16ad1824, Nodes: cdeff73f-0c88-4976-9d3a-8f87b3ebca92{ip: 10.1.0.30, host: fv-az122-930.eh24crq5omsuteaqbma5cv3ijc.phxx.internal.cloudapp.net, ports: [REPLICATION=42185, RATIS=44465, RATIS_ADMIN=44465, RATIS_SERVER=44465, STANDALONE=42789], networkLocation: /default-rack, certSerialId: null, persistedOpState: IN_SERVICE, persistedOpStateExpiryEpochSec: 0}51ab8667-e0eb-4b1b-8092-cca2eecc2449{ip: 10.1.0.30, host: fv-az122-930.eh24crq5omsuteaqbma5cv3ijc.phxx.internal.cloudapp.net, ports: [REPLICATION=34887, RATIS=46251, RATIS_ADMIN=46251, RATIS_SERVER=46251, STANDALONE=34069], networkLocation: /default-rack, certSerialId: null, persistedOpState: IN_SERVICE, persistedOpStateExpiryEpochSec: 0}a6e30353-377f-4b2f-bee2-e66a44f5bcb3{ip: 10.1.0.30, host: fv-az122-930.eh24crq5omsuteaqbma5cv3ijc.phxx.internal.cloudapp.net, ports: [REPLICATION=37935, RATIS=42857, RATIS_ADMIN=42857, RATIS_SERVER=42857, STANDALONE=38041], networkLocation: /default-rack, certSerialId: null, persistedOpState: IN_SERVICE, persistedOpStateExpiryEpochSec: 0}, ReplicationConfig: STANDALONE/THREE, State:OPEN, leaderId:51ab8667-e0eb-4b1b-8092-cca2eecc2449, CreationTimestamp2022-05-24T20:48:36.695Z[Etc/UTC]].
2022-05-24 20:49:14,808 [Listener at 127.0.0.1/44485] ERROR scm.XceiverClientGrpc (XceiverClientGrpc.java:sendCommandWithRetry(423)) - Failed to execute command cmdType: ReadChunk
traceID: ""
containerID: 20
datanodeUuid: "cdeff73f-0c88-4976-9d3a-8f87b3ebca92"
readChunk {
  blockID {
    containerID: 20
    localID: 109611004723200359
    blockCommitSequenceId: 111
  }
  chunkData {
    chunkName: "109611004723200359_chunk_1"
    offset: 0
    len: 12
    checksumData {
      type: CRC32
      bytesPerChecksum: 1048576
      checksums: "\357\322\354/"
    }
  }
  readChunkVersion: V1
}
encodedToken: "OwoGcnVubmVyEiNjb25JRDogMjAgbG9jSUQ6IDEwOTYxMTAwNDcyMzIwMDM1ORifqOznjzAiATEoATAMjgEAkc60--PUxKzqG0TnMmqaEmzFHf0Yn51o_nXC1T2K0pm0goFikgwOejyyhjEaTjmoQKzDa5c_vf3mbYImfMU5rhbAzjLjCI45fAKPCEUOBzTcdyAWsAgTBz8vcFRBBgC_ghNXufJdCi1qug93VeUN8_xwnY8l--QegqVG7WYZr5vqFbX2jheMtXI2DNcgzw5qtJ33FLJJ3yyGFtWovGlFBMdp65tdUUsYFkicPRun9EZ2bhGF1jiMy5pmJITdwDAOsd2N8Drgrs6z_J9iuqsAPsgYdepnLzyYIlslfHLNGtcLfCNRAZ9QgemRAM59UePQKYtag_zsdAWGTMa_JOIzpRBIRERTX0JMT0NLX1RPS0VOI2NvbklEOiAyMCBsb2NJRDogMTA5NjExMDA0NzIzMjAwMzU5"
 on the pipeline Pipeline[ Id: a3fd9ac4-c757-4004-ba86-8b8b16ad1824, Nodes: cdeff73f-0c88-4976-9d3a-8f87b3ebca92{ip: 10.1.0.30, host: fv-az122-930.eh24crq5omsuteaqbma5cv3ijc.phxx.internal.cloudapp.net, ports: [REPLICATION=42185, RATIS=44465, RATIS_ADMIN=44465, RATIS_SERVER=44465, STANDALONE=42789], networkLocation: /default-rack, certSerialId: null, persistedOpState: IN_SERVICE, persistedOpStateExpiryEpochSec: 0}51ab8667-e0eb-4b1b-8092-cca2eecc2449{ip: 10.1.0.30, host: fv-az122-930.eh24crq5omsuteaqbma5cv3ijc.phxx.internal.cloudapp.net, ports: [REPLICATION=34887, RATIS=46251, RATIS_ADMIN=46251, RATIS_SERVER=46251, STANDALONE=34069], networkLocation: /default-rack, certSerialId: null, persistedOpState: IN_SERVICE, persistedOpStateExpiryEpochSec: 0}a6e30353-377f-4b2f-bee2-e66a44f5bcb3{ip: 10.1.0.30, host: fv-az122-930.eh24crq5omsuteaqbma5cv3ijc.phxx.internal.cloudapp.net, ports: [REPLICATION=37935, RATIS=42857, RATIS_ADMIN=42857, RATIS_SERVER=42857, STANDALONE=38041], networkLocation: /default-rack, certSerialId: null, persistedOpState: IN_SERVICE, persistedOpStateExpiryEpochSec: 0}, ReplicationConfig: STANDALONE/THREE, State:OPEN, leaderId:51ab8667-e0eb-4b1b-8092-cca2eecc2449, CreationTimestamp2022-05-24T20:48:36.695Z[Etc/UTC]].
]]></system-out>
  </testcase>
  <testcase name="testReadKeyWithVerifyChecksumFlagDisable" classname="org.apache.hadoop.ozone.client.rpc.TestSecureOzoneRpcClient" time="0.043">
    <system-out><![CDATA[2022-05-24 20:49:14,809 [Listener at 127.0.0.1/44485] INFO  rpc.RpcClient (RpcClient.java:createVolume(457)) - Creating Volume: 82e42474-7f5f-43ee-b6aa-b77f35223ec6, with runner as owner and space quota set to -1 bytes, counts quota set to -1
2022-05-24 20:49:14,811 [OM StateMachine ApplyTransaction Thread - 0] INFO  volume.OMVolumeCreateRequest (OMVolumeCreateRequest.java:validateAndUpdateCache(195)) - created volume:82e42474-7f5f-43ee-b6aa-b77f35223ec6 for user:runner
2022-05-24 20:49:14,812 [Listener at 127.0.0.1/44485] INFO  rpc.RpcClient (RpcClient.java:createBucket(646)) - Creating Bucket: 82e42474-7f5f-43ee-b6aa-b77f35223ec6/312e0062-3c91-4bb7-80c2-2c6b18f63e1b, with runner as owner and Versioning false and Storage Type set to DISK and Encryption set to false 
2022-05-24 20:49:14,813 [OM StateMachine ApplyTransaction Thread - 0] INFO  bucket.OMBucketCreateRequest (OMBucketCreateRequest.java:validateAndUpdateCache(258)) - created bucket: 312e0062-3c91-4bb7-80c2-2c6b18f63e1b of layout LEGACY in volume: 82e42474-7f5f-43ee-b6aa-b77f35223ec6
]]></system-out>
  </testcase>
  <testcase name="testReadKeyWithVerifyChecksumFlagEnable" classname="org.apache.hadoop.ozone.client.rpc.TestSecureOzoneRpcClient" time="0.062">
    <system-out><![CDATA[2022-05-24 20:49:14,853 [Listener at 127.0.0.1/44485] INFO  rpc.RpcClient (RpcClient.java:createVolume(457)) - Creating Volume: 4457ae2e-78c2-4d3e-9c49-f4c9f837f9ca, with runner as owner and space quota set to -1 bytes, counts quota set to -1
2022-05-24 20:49:14,855 [OM StateMachine ApplyTransaction Thread - 0] INFO  volume.OMVolumeCreateRequest (OMVolumeCreateRequest.java:validateAndUpdateCache(195)) - created volume:4457ae2e-78c2-4d3e-9c49-f4c9f837f9ca for user:runner
2022-05-24 20:49:14,856 [Listener at 127.0.0.1/44485] INFO  rpc.RpcClient (RpcClient.java:createBucket(646)) - Creating Bucket: 4457ae2e-78c2-4d3e-9c49-f4c9f837f9ca/f0860dfe-5759-42d8-800f-3b76ee2060ba, with runner as owner and Versioning false and Storage Type set to DISK and Encryption set to false 
2022-05-24 20:49:14,858 [OM StateMachine ApplyTransaction Thread - 0] INFO  bucket.OMBucketCreateRequest (OMBucketCreateRequest.java:validateAndUpdateCache(258)) - created bucket: f0860dfe-5759-42d8-800f-3b76ee2060ba of layout LEGACY in volume: 4457ae2e-78c2-4d3e-9c49-f4c9f837f9ca
2022-05-24 20:49:14,909 [Listener at 127.0.0.1/44485] ERROR scm.XceiverClientGrpc (XceiverClientGrpc.java:sendCommandWithRetry(423)) - Failed to execute command cmdType: ReadChunk
traceID: ""
containerID: 17
datanodeUuid: "96b502b3-baca-4757-9843-c23b848e6fef"
readChunk {
  blockID {
    containerID: 17
    localID: 109611004723200361
    blockCommitSequenceId: 54
  }
  chunkData {
    chunkName: "109611004723200361_chunk_1"
    offset: 0
    len: 12
    checksumData {
      type: CRC32
      bytesPerChecksum: 1048576
      checksums: "\357\322\354/"
    }
  }
  readChunkVersion: V1
}
encodedToken: "OwoGcnVubmVyEiNjb25JRDogMTcgbG9jSUQ6IDEwOTYxMTAwNDcyMzIwMDM2MRiQqeznjzAiATEoATAMjgEAG5TRSe9qBhBZdXlXBrqpVPxC2a8FoFcF10V_KcVDZr9d90nQM69ESJC3dqGqPVU7dxeUdirhCgTyuwwdFFnEaMd5Gel40BtAFich311ei3tt1mNn9y_xujCMPRZCrkMpObgv10ywC-ga5GhgGac7GmwGswqQrOYgUjRqDyVdtU0vX-XUgEGMQjU9ObM0I1IDSF952HH1C98azgsYpNbhIosqQCRF2vKLLBlHS6jLnwD3FaDDTfOBijZn6pMsJ5KOcVqpAFVPAg-FhFA-K79D45flhyF3nHfTvgYVFAUPIblk7Nc0r-BLno-4ZA5y5eSPUmjOlaSKlVelWkx7DQvtnxBIRERTX0JMT0NLX1RPS0VOI2NvbklEOiAxNyBsb2NJRDogMTA5NjExMDA0NzIzMjAwMzYx"
 on the pipeline Pipeline[ Id: 87e8957f-fb49-45c1-81b1-909e496902be, Nodes: 96b502b3-baca-4757-9843-c23b848e6fef{ip: 10.1.0.30, host: fv-az122-930.eh24crq5omsuteaqbma5cv3ijc.phxx.internal.cloudapp.net, ports: [REPLICATION=43881, RATIS=43169, RATIS_ADMIN=43169, RATIS_SERVER=43169, STANDALONE=35809], networkLocation: /default-rack, certSerialId: null, persistedOpState: IN_SERVICE, persistedOpStateExpiryEpochSec: 0}, ReplicationConfig: STANDALONE/ONE, State:OPEN, leaderId:96b502b3-baca-4757-9843-c23b848e6fef, CreationTimestamp2022-05-24T20:48:38.082Z[Etc/UTC]].
2022-05-24 20:49:14,912 [Listener at 127.0.0.1/44485] ERROR scm.XceiverClientGrpc (XceiverClientGrpc.java:sendCommandWithRetry(423)) - Failed to execute command cmdType: ReadChunk
traceID: ""
containerID: 17
datanodeUuid: "96b502b3-baca-4757-9843-c23b848e6fef"
readChunk {
  blockID {
    containerID: 17
    localID: 109611004723200361
    blockCommitSequenceId: 54
  }
  chunkData {
    chunkName: "109611004723200361_chunk_1"
    offset: 0
    len: 12
    checksumData {
      type: CRC32
      bytesPerChecksum: 1048576
      checksums: "\357\322\354/"
    }
  }
  readChunkVersion: V1
}
encodedToken: "OwoGcnVubmVyEiNjb25JRDogMTcgbG9jSUQ6IDEwOTYxMTAwNDcyMzIwMDM2MRiQqeznjzAiATEoATAMjgEAG5TRSe9qBhBZdXlXBrqpVPxC2a8FoFcF10V_KcVDZr9d90nQM69ESJC3dqGqPVU7dxeUdirhCgTyuwwdFFnEaMd5Gel40BtAFich311ei3tt1mNn9y_xujCMPRZCrkMpObgv10ywC-ga5GhgGac7GmwGswqQrOYgUjRqDyVdtU0vX-XUgEGMQjU9ObM0I1IDSF952HH1C98azgsYpNbhIosqQCRF2vKLLBlHS6jLnwD3FaDDTfOBijZn6pMsJ5KOcVqpAFVPAg-FhFA-K79D45flhyF3nHfTvgYVFAUPIblk7Nc0r-BLno-4ZA5y5eSPUmjOlaSKlVelWkx7DQvtnxBIRERTX0JMT0NLX1RPS0VOI2NvbklEOiAxNyBsb2NJRDogMTA5NjExMDA0NzIzMjAwMzYx"
 on the pipeline Pipeline[ Id: 87e8957f-fb49-45c1-81b1-909e496902be, Nodes: 96b502b3-baca-4757-9843-c23b848e6fef{ip: 10.1.0.30, host: fv-az122-930.eh24crq5omsuteaqbma5cv3ijc.phxx.internal.cloudapp.net, ports: [REPLICATION=43881, RATIS=43169, RATIS_ADMIN=43169, RATIS_SERVER=43169, STANDALONE=35809], networkLocation: /default-rack, certSerialId: null, persistedOpState: IN_SERVICE, persistedOpStateExpiryEpochSec: 0}, ReplicationConfig: STANDALONE/ONE, State:OPEN, leaderId:96b502b3-baca-4757-9843-c23b848e6fef, CreationTimestamp2022-05-24T20:48:38.082Z[Etc/UTC]].
2022-05-24 20:49:14,915 [Listener at 127.0.0.1/44485] ERROR scm.XceiverClientGrpc (XceiverClientGrpc.java:sendCommandWithRetry(423)) - Failed to execute command cmdType: ReadChunk
traceID: ""
containerID: 17
datanodeUuid: "96b502b3-baca-4757-9843-c23b848e6fef"
readChunk {
  blockID {
    containerID: 17
    localID: 109611004723200361
    blockCommitSequenceId: 54
  }
  chunkData {
    chunkName: "109611004723200361_chunk_1"
    offset: 0
    len: 12
    checksumData {
      type: CRC32
      bytesPerChecksum: 1048576
      checksums: "\357\322\354/"
    }
  }
  readChunkVersion: V1
}
encodedToken: "OwoGcnVubmVyEiNjb25JRDogMTcgbG9jSUQ6IDEwOTYxMTAwNDcyMzIwMDM2MRiQqeznjzAiATEoATAMjgEAG5TRSe9qBhBZdXlXBrqpVPxC2a8FoFcF10V_KcVDZr9d90nQM69ESJC3dqGqPVU7dxeUdirhCgTyuwwdFFnEaMd5Gel40BtAFich311ei3tt1mNn9y_xujCMPRZCrkMpObgv10ywC-ga5GhgGac7GmwGswqQrOYgUjRqDyVdtU0vX-XUgEGMQjU9ObM0I1IDSF952HH1C98azgsYpNbhIosqQCRF2vKLLBlHS6jLnwD3FaDDTfOBijZn6pMsJ5KOcVqpAFVPAg-FhFA-K79D45flhyF3nHfTvgYVFAUPIblk7Nc0r-BLno-4ZA5y5eSPUmjOlaSKlVelWkx7DQvtnxBIRERTX0JMT0NLX1RPS0VOI2NvbklEOiAxNyBsb2NJRDogMTA5NjExMDA0NzIzMjAwMzYx"
 on the pipeline Pipeline[ Id: 87e8957f-fb49-45c1-81b1-909e496902be, Nodes: 96b502b3-baca-4757-9843-c23b848e6fef{ip: 10.1.0.30, host: fv-az122-930.eh24crq5omsuteaqbma5cv3ijc.phxx.internal.cloudapp.net, ports: [REPLICATION=43881, RATIS=43169, RATIS_ADMIN=43169, RATIS_SERVER=43169, STANDALONE=35809], networkLocation: /default-rack, certSerialId: null, persistedOpState: IN_SERVICE, persistedOpStateExpiryEpochSec: 0}, ReplicationConfig: STANDALONE/ONE, State:OPEN, leaderId:96b502b3-baca-4757-9843-c23b848e6fef, CreationTimestamp2022-05-24T20:48:38.082Z[Etc/UTC]].
]]></system-out>
  </testcase>
  <testcase name="testRemoveBucketAcl" classname="org.apache.hadoop.ozone.client.rpc.TestSecureOzoneRpcClient" time="0.012">
    <system-out><![CDATA[2022-05-24 20:49:14,917 [Listener at 127.0.0.1/44485] INFO  rpc.RpcClient (RpcClient.java:createVolume(457)) - Creating Volume: 7441c06d-f209-4d56-8ef6-c7f65030d55d, with runner as owner and space quota set to -1 bytes, counts quota set to -1
2022-05-24 20:49:14,919 [OM StateMachine ApplyTransaction Thread - 0] INFO  volume.OMVolumeCreateRequest (OMVolumeCreateRequest.java:validateAndUpdateCache(195)) - created volume:7441c06d-f209-4d56-8ef6-c7f65030d55d for user:runner
2022-05-24 20:49:14,921 [Listener at 127.0.0.1/44485] INFO  rpc.RpcClient (RpcClient.java:createBucket(646)) - Creating Bucket: 7441c06d-f209-4d56-8ef6-c7f65030d55d/d0a8d9ef-9a35-413f-846e-06f0a9d7e5b2, with runner as owner and Versioning false and Storage Type set to DISK and Encryption set to false 
2022-05-24 20:49:14,922 [OM StateMachine ApplyTransaction Thread - 0] INFO  bucket.OMBucketCreateRequest (OMBucketCreateRequest.java:validateAndUpdateCache(258)) - created bucket: d0a8d9ef-9a35-413f-846e-06f0a9d7e5b2 of layout LEGACY in volume: 7441c06d-f209-4d56-8ef6-c7f65030d55d
]]></system-out>
  </testcase>
  <testcase name="testRemoveBucketAclUsingRpcClientRemoveAcl" classname="org.apache.hadoop.ozone.client.rpc.TestSecureOzoneRpcClient" time="0.011">
    <system-out><![CDATA[2022-05-24 20:49:14,930 [Listener at 127.0.0.1/44485] INFO  rpc.RpcClient (RpcClient.java:createVolume(457)) - Creating Volume: 63cf8d75-d577-421a-9d1b-40d17ed69147, with runner as owner and space quota set to -1 bytes, counts quota set to -1
2022-05-24 20:49:14,932 [OM StateMachine ApplyTransaction Thread - 0] INFO  volume.OMVolumeCreateRequest (OMVolumeCreateRequest.java:validateAndUpdateCache(195)) - created volume:63cf8d75-d577-421a-9d1b-40d17ed69147 for user:runner
2022-05-24 20:49:14,934 [Listener at 127.0.0.1/44485] INFO  rpc.RpcClient (RpcClient.java:createBucket(646)) - Creating Bucket: 63cf8d75-d577-421a-9d1b-40d17ed69147/0531401d-ce70-44ed-bf5a-e20398adbd54, with runner as owner and Versioning false and Storage Type set to DISK and Encryption set to false 
2022-05-24 20:49:14,936 [OM StateMachine ApplyTransaction Thread - 0] INFO  bucket.OMBucketCreateRequest (OMBucketCreateRequest.java:validateAndUpdateCache(258)) - created bucket: 0531401d-ce70-44ed-bf5a-e20398adbd54 of layout LEGACY in volume: 63cf8d75-d577-421a-9d1b-40d17ed69147
]]></system-out>
  </testcase>
  <testcase name="testRenameKey" classname="org.apache.hadoop.ozone.client.rpc.TestSecureOzoneRpcClient" time="0.033">
    <system-out><![CDATA[2022-05-24 20:49:14,940 [Listener at 127.0.0.1/44485] INFO  rpc.RpcClient (RpcClient.java:createVolume(457)) - Creating Volume: 098327af-6c60-456c-b910-bd02ced2de6e, with runner as owner and space quota set to -1 bytes, counts quota set to -1
2022-05-24 20:49:14,942 [OM StateMachine ApplyTransaction Thread - 0] INFO  volume.OMVolumeCreateRequest (OMVolumeCreateRequest.java:validateAndUpdateCache(195)) - created volume:098327af-6c60-456c-b910-bd02ced2de6e for user:runner
2022-05-24 20:49:14,944 [Listener at 127.0.0.1/44485] INFO  rpc.RpcClient (RpcClient.java:createBucket(646)) - Creating Bucket: 098327af-6c60-456c-b910-bd02ced2de6e/12323486-440c-4b29-b235-099fcaff0398, with runner as owner and Versioning false and Storage Type set to DISK and Encryption set to false 
2022-05-24 20:49:14,945 [OM StateMachine ApplyTransaction Thread - 0] INFO  bucket.OMBucketCreateRequest (OMBucketCreateRequest.java:validateAndUpdateCache(258)) - created bucket: 12323486-440c-4b29-b235-099fcaff0398 of layout LEGACY in volume: 098327af-6c60-456c-b910-bd02ced2de6e
20:49:14.963 [OM StateMachine ApplyTransaction Thread - 0] ERROR OMAudit - user=runner | ip=127.0.0.1 | op=RENAME_KEY {volume=098327af-6c60-456c-b910-bd02ced2de6e, bucket=12323486-440c-4b29-b235-099fcaff0398, dataSize=0, replicationType=NONE, replicationFactor=ZERO, srcKey=29d532e2-e814-4412-9c6c-82bd21a5c81c, dstKey=} | ret=FAILURE
org.apache.hadoop.ozone.om.exceptions.OMException: Key name is empty
	at org.apache.hadoop.ozone.om.request.key.OMKeyRenameRequest.validateAndUpdateCache(OMKeyRenameRequest.java:144) ~[ozone-manager-1.3.0-SNAPSHOT.jar:?]
	at org.apache.hadoop.ozone.protocolPB.OzoneManagerRequestHandler.handleWriteRequest(OzoneManagerRequestHandler.java:254) ~[ozone-manager-1.3.0-SNAPSHOT.jar:?]
	at org.apache.hadoop.ozone.om.ratis.OzoneManagerStateMachine.runCommand(OzoneManagerStateMachine.java:524) ~[ozone-manager-1.3.0-SNAPSHOT.jar:?]
	at org.apache.hadoop.ozone.om.ratis.OzoneManagerStateMachine.lambda$1(OzoneManagerStateMachine.java:319) ~[ozone-manager-1.3.0-SNAPSHOT.jar:?]
	at java.util.concurrent.CompletableFuture$AsyncSupply.run(CompletableFuture.java:1604) [?:1.8.0_332]
	at java.util.concurrent.ThreadPoolExecutor.runWorker(ThreadPoolExecutor.java:1149) [?:1.8.0_332]
	at java.util.concurrent.ThreadPoolExecutor$Worker.run(ThreadPoolExecutor.java:624) [?:1.8.0_332]
	at java.lang.Thread.run(Thread.java:750) [?:1.8.0_332]
2022-05-24 20:49:14,964 [OM StateMachine ApplyTransaction Thread - 0] ERROR key.OMKeyRenameRequest (OMKeyRenameRequest.java:validateAndUpdateCache(234)) - Rename key failed for volume:098327af-6c60-456c-b910-bd02ced2de6e bucket:12323486-440c-4b29-b235-099fcaff0398 fromKey:29d532e2-e814-4412-9c6c-82bd21a5c81c toKey:. Key: 29d532e2-e814-4412-9c6c-82bd21a5c81c not found.
20:49:14.968 [IPC Server handler 1 on default port 44485] ERROR OMAudit - user=runner | ip=127.0.0.1 | op=READ_KEY {volume=098327af-6c60-456c-b910-bd02ced2de6e, bucket=12323486-440c-4b29-b235-099fcaff0398, key=29d532e2-e814-4412-9c6c-82bd21a5c81c, dataSize=0, replicationConfig=null} | ret=FAILURE
org.apache.hadoop.ozone.om.exceptions.OMException: Key:29d532e2-e814-4412-9c6c-82bd21a5c81c not found
	at org.apache.hadoop.ozone.om.KeyManagerImpl.lookupKey(KeyManagerImpl.java:375) ~[ozone-manager-1.3.0-SNAPSHOT.jar:?]
	at org.apache.hadoop.ozone.om.OzoneManager.lookupKey(OzoneManager.java:2753) ~[ozone-manager-1.3.0-SNAPSHOT.jar:?]
	at org.apache.hadoop.ozone.protocolPB.OzoneManagerRequestHandler.lookupKey(OzoneManagerRequestHandler.java:402) ~[ozone-manager-1.3.0-SNAPSHOT.jar:?]
	at org.apache.hadoop.ozone.protocolPB.OzoneManagerRequestHandler.handleReadRequest(OzoneManagerRequestHandler.java:166) ~[ozone-manager-1.3.0-SNAPSHOT.jar:?]
	at org.apache.hadoop.ozone.protocolPB.OzoneManagerProtocolServerSideTranslatorPB.submitReadRequestToOM(OzoneManagerProtocolServerSideTranslatorPB.java:214) ~[ozone-manager-1.3.0-SNAPSHOT.jar:?]
	at org.apache.hadoop.ozone.protocolPB.OzoneManagerProtocolServerSideTranslatorPB.processRequest(OzoneManagerProtocolServerSideTranslatorPB.java:175) ~[ozone-manager-1.3.0-SNAPSHOT.jar:?]
	at org.apache.hadoop.hdds.server.OzoneProtocolMessageDispatcher.processRequest(OzoneProtocolMessageDispatcher.java:87) [hdds-server-framework-1.3.0-SNAPSHOT.jar:?]
	at org.apache.hadoop.ozone.protocolPB.OzoneManagerProtocolServerSideTranslatorPB.submitRequest(OzoneManagerProtocolServerSideTranslatorPB.java:147) [ozone-manager-1.3.0-SNAPSHOT.jar:?]
	at org.apache.hadoop.ozone.protocol.proto.OzoneManagerProtocolProtos$OzoneManagerService$2.callBlockingMethod(OzoneManagerProtocolProtos.java) [ozone-interface-client-1.3.0-SNAPSHOT.jar:?]
	at org.apache.hadoop.ipc.ProtobufRpcEngine$Server.processCall(ProtobufRpcEngine.java:466) [hadoop-common-3.3.1.jar:?]
	at org.apache.hadoop.ipc.ProtobufRpcEngine2$Server$ProtoBufRpcInvoker.call(ProtobufRpcEngine2.java:574) [hadoop-common-3.3.1.jar:?]
	at org.apache.hadoop.ipc.ProtobufRpcEngine2$Server$ProtoBufRpcInvoker.call(ProtobufRpcEngine2.java:552) [hadoop-common-3.3.1.jar:?]
	at org.apache.hadoop.ipc.RPC$Server.call(RPC.java:1093) [hadoop-common-3.3.1.jar:?]
	at org.apache.hadoop.ipc.Server$RpcCall.run(Server.java:1035) [hadoop-common-3.3.1.jar:?]
	at org.apache.hadoop.ipc.Server$RpcCall.run(Server.java:963) [hadoop-common-3.3.1.jar:?]
	at java.security.AccessController.doPrivileged(Native Method) ~[?:1.8.0_332]
	at javax.security.auth.Subject.doAs(Subject.java:422) [?:1.8.0_332]
	at org.apache.hadoop.security.UserGroupInformation.doAs(UserGroupInformation.java:1878) [hadoop-common-3.3.1.jar:?]
	at org.apache.hadoop.ipc.Server$Handler.run(Server.java:2966) [hadoop-common-3.3.1.jar:?]
]]></system-out>
  </testcase>
  <testcase name="testS3Auth" classname="org.apache.hadoop.ozone.client.rpc.TestSecureOzoneRpcClient" time="0.022">
    <system-out><![CDATA[2022-05-24 20:49:14,983 [Listener at 127.0.0.1/44485] INFO  security.AWSV4AuthValidator (AWSV4AuthValidator.java:getSigningKey(87)) - c4afb1cc5771d871763a393e44b703571b55cc28424d1a5e86da6ed3c154a4b9
2022-05-24 20:49:14,985 [OM StateMachine ApplyTransaction Thread - 0] INFO  volume.OMVolumeCreateRequest (OMVolumeCreateRequest.java:validateAndUpdateCache(195)) - created volume:7cfb71c2-1a2b-4b84-8199-a61a35825681 for user:runner
2022-05-24 20:49:14,986 [Listener at 127.0.0.1/44485] INFO  security.AWSV4AuthValidator (AWSV4AuthValidator.java:getSigningKey(87)) - c4afb1cc5771d871763a393e44b703571b55cc28424d1a5e86da6ed3c154a4b9
2022-05-24 20:49:14,987 [Listener at 127.0.0.1/44485] INFO  security.AWSV4AuthValidator (AWSV4AuthValidator.java:getSigningKey(87)) - 22113494283fc437278fb26f067465a56c4e0b777744d97df534de151814edc2
2022-05-24 20:49:14,988 [Listener at 127.0.0.1/44485] ERROR protocolPB.OzoneManagerProtocolServerSideTranslatorPB (S3SecurityUtil.java:validateS3Credential(60)) - signatures do NOT match for S3 identifier:OzoneToken owner=runner, renewer=, realUser=, issueDate=1970-01-01T00:00:00Z, maxDate=1970-01-01T00:00:00Z, sequenceNumber=0, masterKeyId=0, strToSign=AWS4-HMAC-SHA256
20150830T123600Z
20150830/us-east-1/iam/aws4_request
f536975d06c0309214f805bb90ccff089219ecd68b2577efef23edd43b7e1a59, signature=5d672d79c15b13162d9279b0855cfba6789a8edb4c82c400e06b5924a6f2b5d7, awsAccessKeyId=runner, omServiceId=null
org.apache.hadoop.security.token.SecretManager$InvalidToken: Invalid S3 identifier:OzoneToken owner=runner, renewer=, realUser=, issueDate=1970-01-01T00:00:00Z, maxDate=1970-01-01T00:00:00Z, sequenceNumber=0, masterKeyId=0, strToSign=AWS4-HMAC-SHA256
20150830T123600Z
20150830/us-east-1/iam/aws4_request
f536975d06c0309214f805bb90ccff089219ecd68b2577efef23edd43b7e1a59, signature=5d672d79c15b13162d9279b0855cfba6789a8edb4c82c400e06b5924a6f2b5d7, awsAccessKeyId=runner, omServiceId=null
	at org.apache.hadoop.ozone.security.OzoneDelegationTokenSecretManager.validateS3AuthInfo(OzoneDelegationTokenSecretManager.java:510)
	at org.apache.hadoop.ozone.security.OzoneDelegationTokenSecretManager.retrievePassword(OzoneDelegationTokenSecretManager.java:408)
	at org.apache.hadoop.ozone.security.S3SecurityUtil.validateS3Credential(S3SecurityUtil.java:57)
	at org.apache.hadoop.ozone.protocolPB.OzoneManagerProtocolServerSideTranslatorPB.processRequest(OzoneManagerProtocolServerSideTranslatorPB.java:163)
	at org.apache.hadoop.hdds.server.OzoneProtocolMessageDispatcher.processRequest(OzoneProtocolMessageDispatcher.java:87)
	at org.apache.hadoop.ozone.protocolPB.OzoneManagerProtocolServerSideTranslatorPB.submitRequest(OzoneManagerProtocolServerSideTranslatorPB.java:147)
	at org.apache.hadoop.ozone.client.rpc.TestSecureOzoneRpcClient.testS3Auth(TestSecureOzoneRpcClient.java:300)
	at sun.reflect.NativeMethodAccessorImpl.invoke0(Native Method)
	at sun.reflect.NativeMethodAccessorImpl.invoke(NativeMethodAccessorImpl.java:62)
	at sun.reflect.DelegatingMethodAccessorImpl.invoke(DelegatingMethodAccessorImpl.java:43)
	at java.lang.reflect.Method.invoke(Method.java:498)
	at org.junit.platform.commons.util.ReflectionUtils.invokeMethod(ReflectionUtils.java:725)
	at org.junit.jupiter.engine.execution.MethodInvocation.proceed(MethodInvocation.java:60)
	at org.junit.jupiter.engine.execution.InvocationInterceptorChain$ValidatingInvocation.proceed(InvocationInterceptorChain.java:131)
	at org.junit.jupiter.engine.extension.TimeoutInvocation.proceed(TimeoutInvocation.java:46)
	at org.junit.jupiter.engine.extension.TimeoutExtension.intercept(TimeoutExtension.java:149)
	at org.junit.jupiter.engine.extension.TimeoutExtension.interceptTestableMethod(TimeoutExtension.java:140)
	at org.junit.jupiter.engine.extension.TimeoutExtension.interceptTestMethod(TimeoutExtension.java:84)
	at org.junit.jupiter.engine.execution.ExecutableInvoker$ReflectiveInterceptorCall.lambda$ofVoidMethod$0(ExecutableInvoker.java:115)
	at org.junit.jupiter.engine.execution.ExecutableInvoker.lambda$invoke$0(ExecutableInvoker.java:105)
	at org.junit.jupiter.engine.execution.InvocationInterceptorChain$InterceptedInvocation.proceed(InvocationInterceptorChain.java:106)
	at org.junit.jupiter.engine.execution.InvocationInterceptorChain.proceed(InvocationInterceptorChain.java:64)
	at org.junit.jupiter.engine.execution.InvocationInterceptorChain.chainAndInvoke(InvocationInterceptorChain.java:45)
	at org.junit.jupiter.engine.execution.InvocationInterceptorChain.invoke(InvocationInterceptorChain.java:37)
	at org.junit.jupiter.engine.execution.ExecutableInvoker.invoke(ExecutableInvoker.java:104)
	at org.junit.jupiter.engine.execution.ExecutableInvoker.invoke(ExecutableInvoker.java:98)
	at org.junit.jupiter.engine.descriptor.TestMethodTestDescriptor.lambda$invokeTestMethod$7(TestMethodTestDescriptor.java:214)
	at org.junit.platform.engine.support.hierarchical.ThrowableCollector.execute(ThrowableCollector.java:73)
	at org.junit.jupiter.engine.descriptor.TestMethodTestDescriptor.invokeTestMethod(TestMethodTestDescriptor.java:210)
	at org.junit.jupiter.engine.descriptor.TestMethodTestDescriptor.execute(TestMethodTestDescriptor.java:135)
	at org.junit.jupiter.engine.descriptor.TestMethodTestDescriptor.execute(TestMethodTestDescriptor.java:66)
	at org.junit.platform.engine.support.hierarchical.NodeTestTask.lambda$executeRecursively$6(NodeTestTask.java:151)
	at org.junit.platform.engine.support.hierarchical.ThrowableCollector.execute(ThrowableCollector.java:73)
	at org.junit.platform.engine.support.hierarchical.NodeTestTask.lambda$executeRecursively$8(NodeTestTask.java:141)
	at org.junit.platform.engine.support.hierarchical.Node.around(Node.java:137)
	at org.junit.platform.engine.support.hierarchical.NodeTestTask.lambda$executeRecursively$9(NodeTestTask.java:139)
	at org.junit.platform.engine.support.hierarchical.ThrowableCollector.execute(ThrowableCollector.java:73)
	at org.junit.platform.engine.support.hierarchical.NodeTestTask.executeRecursively(NodeTestTask.java:138)
	at org.junit.platform.engine.support.hierarchical.NodeTestTask.execute(NodeTestTask.java:95)
	at java.util.ArrayList.forEach(ArrayList.java:1259)
	at org.junit.platform.engine.support.hierarchical.SameThreadHierarchicalTestExecutorService.invokeAll(SameThreadHierarchicalTestExecutorService.java:41)
	at org.junit.platform.engine.support.hierarchical.NodeTestTask.lambda$executeRecursively$6(NodeTestTask.java:155)
	at org.junit.platform.engine.support.hierarchical.ThrowableCollector.execute(ThrowableCollector.java:73)
	at org.junit.platform.engine.support.hierarchical.NodeTestTask.lambda$executeRecursively$8(NodeTestTask.java:141)
	at org.junit.platform.engine.support.hierarchical.Node.around(Node.java:137)
	at org.junit.platform.engine.support.hierarchical.NodeTestTask.lambda$executeRecursively$9(NodeTestTask.java:139)
	at org.junit.platform.engine.support.hierarchical.ThrowableCollector.execute(ThrowableCollector.java:73)
	at org.junit.platform.engine.support.hierarchical.NodeTestTask.executeRecursively(NodeTestTask.java:138)
	at org.junit.platform.engine.support.hierarchical.NodeTestTask.execute(NodeTestTask.java:95)
	at java.util.ArrayList.forEach(ArrayList.java:1259)
	at org.junit.platform.engine.support.hierarchical.SameThreadHierarchicalTestExecutorService.invokeAll(SameThreadHierarchicalTestExecutorService.java:41)
	at org.junit.platform.engine.support.hierarchical.NodeTestTask.lambda$executeRecursively$6(NodeTestTask.java:155)
	at org.junit.platform.engine.support.hierarchical.ThrowableCollector.execute(ThrowableCollector.java:73)
	at org.junit.platform.engine.support.hierarchical.NodeTestTask.lambda$executeRecursively$8(NodeTestTask.java:141)
	at org.junit.platform.engine.support.hierarchical.Node.around(Node.java:137)
	at org.junit.platform.engine.support.hierarchical.NodeTestTask.lambda$executeRecursively$9(NodeTestTask.java:139)
	at org.junit.platform.engine.support.hierarchical.ThrowableCollector.execute(ThrowableCollector.java:73)
	at org.junit.platform.engine.support.hierarchical.NodeTestTask.executeRecursively(NodeTestTask.java:138)
	at org.junit.platform.engine.support.hierarchical.NodeTestTask.execute(NodeTestTask.java:95)
	at org.junit.platform.engine.support.hierarchical.SameThreadHierarchicalTestExecutorService.submit(SameThreadHierarchicalTestExecutorService.java:35)
	at org.junit.platform.engine.support.hierarchical.HierarchicalTestExecutor.execute(HierarchicalTestExecutor.java:57)
	at org.junit.platform.engine.support.hierarchical.HierarchicalTestEngine.execute(HierarchicalTestEngine.java:54)
	at org.junit.platform.launcher.core.EngineExecutionOrchestrator.execute(EngineExecutionOrchestrator.java:107)
	at org.junit.platform.launcher.core.EngineExecutionOrchestrator.execute(EngineExecutionOrchestrator.java:88)
	at org.junit.platform.launcher.core.EngineExecutionOrchestrator.lambda$execute$0(EngineExecutionOrchestrator.java:54)
	at org.junit.platform.launcher.core.EngineExecutionOrchestrator.withInterceptedStreams(EngineExecutionOrchestrator.java:67)
	at org.junit.platform.launcher.core.EngineExecutionOrchestrator.execute(EngineExecutionOrchestrator.java:52)
	at org.junit.platform.launcher.core.DefaultLauncher.execute(DefaultLauncher.java:114)
	at org.junit.platform.launcher.core.DefaultLauncher.execute(DefaultLauncher.java:86)
	at org.junit.platform.launcher.core.DefaultLauncherSession$DelegatingLauncher.execute(DefaultLauncherSession.java:86)
	at org.junit.platform.launcher.core.SessionPerRequestLauncher.execute(SessionPerRequestLauncher.java:53)
	at org.apache.maven.surefire.junitplatform.JUnitPlatformProvider.execute(JUnitPlatformProvider.java:188)
	at org.apache.maven.surefire.junitplatform.JUnitPlatformProvider.invokeAllTests(JUnitPlatformProvider.java:154)
	at org.apache.maven.surefire.junitplatform.JUnitPlatformProvider.invoke(JUnitPlatformProvider.java:124)
	at org.apache.maven.surefire.booter.ForkedBooter.runSuitesInProcess(ForkedBooter.java:428)
	at org.apache.maven.surefire.booter.ForkedBooter.execute(ForkedBooter.java:162)
	at org.apache.maven.surefire.booter.ForkedBooter.run(ForkedBooter.java:562)
	at org.apache.maven.surefire.booter.ForkedBooter.main(ForkedBooter.java:548)
2022-05-24 20:49:14,992 [Listener at 127.0.0.1/44485] INFO  security.AWSV4AuthValidator (AWSV4AuthValidator.java:getSigningKey(87)) - 22113494283fc437278fb26f067465a56c4e0b777744d97df534de151814edc2
2022-05-24 20:49:14,993 [Listener at 127.0.0.1/44485] ERROR protocolPB.OzoneManagerProtocolServerSideTranslatorPB (S3SecurityUtil.java:validateS3Credential(60)) - signatures do NOT match for S3 identifier:OzoneToken owner=runner, renewer=, realUser=, issueDate=1970-01-01T00:00:00Z, maxDate=1970-01-01T00:00:00Z, sequenceNumber=0, masterKeyId=0, strToSign=AWS4-HMAC-SHA256
20150830T123600Z
20150830/us-east-1/iam/aws4_request
f536975d06c0309214f805bb90ccff089219ecd68b2577efef23edd43b7e1a59, signature=5d672d79c15b13162d9279b0855cfba6789a8edb4c82c400e06b5924a6f2b5d7, awsAccessKeyId=runner, omServiceId=null
org.apache.hadoop.security.token.SecretManager$InvalidToken: Invalid S3 identifier:OzoneToken owner=runner, renewer=, realUser=, issueDate=1970-01-01T00:00:00Z, maxDate=1970-01-01T00:00:00Z, sequenceNumber=0, masterKeyId=0, strToSign=AWS4-HMAC-SHA256
20150830T123600Z
20150830/us-east-1/iam/aws4_request
f536975d06c0309214f805bb90ccff089219ecd68b2577efef23edd43b7e1a59, signature=5d672d79c15b13162d9279b0855cfba6789a8edb4c82c400e06b5924a6f2b5d7, awsAccessKeyId=runner, omServiceId=null
	at org.apache.hadoop.ozone.security.OzoneDelegationTokenSecretManager.validateS3AuthInfo(OzoneDelegationTokenSecretManager.java:510)
	at org.apache.hadoop.ozone.security.OzoneDelegationTokenSecretManager.retrievePassword(OzoneDelegationTokenSecretManager.java:408)
	at org.apache.hadoop.ozone.security.S3SecurityUtil.validateS3Credential(S3SecurityUtil.java:57)
	at org.apache.hadoop.ozone.protocolPB.OzoneManagerProtocolServerSideTranslatorPB.processRequest(OzoneManagerProtocolServerSideTranslatorPB.java:163)
	at org.apache.hadoop.hdds.server.OzoneProtocolMessageDispatcher.processRequest(OzoneProtocolMessageDispatcher.java:87)
	at org.apache.hadoop.ozone.protocolPB.OzoneManagerProtocolServerSideTranslatorPB.submitRequest(OzoneManagerProtocolServerSideTranslatorPB.java:147)
	at org.apache.hadoop.ozone.client.rpc.TestSecureOzoneRpcClient.testS3Auth(TestSecureOzoneRpcClient.java:305)
	at sun.reflect.NativeMethodAccessorImpl.invoke0(Native Method)
	at sun.reflect.NativeMethodAccessorImpl.invoke(NativeMethodAccessorImpl.java:62)
	at sun.reflect.DelegatingMethodAccessorImpl.invoke(DelegatingMethodAccessorImpl.java:43)
	at java.lang.reflect.Method.invoke(Method.java:498)
	at org.junit.platform.commons.util.ReflectionUtils.invokeMethod(ReflectionUtils.java:725)
	at org.junit.jupiter.engine.execution.MethodInvocation.proceed(MethodInvocation.java:60)
	at org.junit.jupiter.engine.execution.InvocationInterceptorChain$ValidatingInvocation.proceed(InvocationInterceptorChain.java:131)
	at org.junit.jupiter.engine.extension.TimeoutInvocation.proceed(TimeoutInvocation.java:46)
	at org.junit.jupiter.engine.extension.TimeoutExtension.intercept(TimeoutExtension.java:149)
	at org.junit.jupiter.engine.extension.TimeoutExtension.interceptTestableMethod(TimeoutExtension.java:140)
	at org.junit.jupiter.engine.extension.TimeoutExtension.interceptTestMethod(TimeoutExtension.java:84)
	at org.junit.jupiter.engine.execution.ExecutableInvoker$ReflectiveInterceptorCall.lambda$ofVoidMethod$0(ExecutableInvoker.java:115)
	at org.junit.jupiter.engine.execution.ExecutableInvoker.lambda$invoke$0(ExecutableInvoker.java:105)
	at org.junit.jupiter.engine.execution.InvocationInterceptorChain$InterceptedInvocation.proceed(InvocationInterceptorChain.java:106)
	at org.junit.jupiter.engine.execution.InvocationInterceptorChain.proceed(InvocationInterceptorChain.java:64)
	at org.junit.jupiter.engine.execution.InvocationInterceptorChain.chainAndInvoke(InvocationInterceptorChain.java:45)
	at org.junit.jupiter.engine.execution.InvocationInterceptorChain.invoke(InvocationInterceptorChain.java:37)
	at org.junit.jupiter.engine.execution.ExecutableInvoker.invoke(ExecutableInvoker.java:104)
	at org.junit.jupiter.engine.execution.ExecutableInvoker.invoke(ExecutableInvoker.java:98)
	at org.junit.jupiter.engine.descriptor.TestMethodTestDescriptor.lambda$invokeTestMethod$7(TestMethodTestDescriptor.java:214)
	at org.junit.platform.engine.support.hierarchical.ThrowableCollector.execute(ThrowableCollector.java:73)
	at org.junit.jupiter.engine.descriptor.TestMethodTestDescriptor.invokeTestMethod(TestMethodTestDescriptor.java:210)
	at org.junit.jupiter.engine.descriptor.TestMethodTestDescriptor.execute(TestMethodTestDescriptor.java:135)
	at org.junit.jupiter.engine.descriptor.TestMethodTestDescriptor.execute(TestMethodTestDescriptor.java:66)
	at org.junit.platform.engine.support.hierarchical.NodeTestTask.lambda$executeRecursively$6(NodeTestTask.java:151)
	at org.junit.platform.engine.support.hierarchical.ThrowableCollector.execute(ThrowableCollector.java:73)
	at org.junit.platform.engine.support.hierarchical.NodeTestTask.lambda$executeRecursively$8(NodeTestTask.java:141)
	at org.junit.platform.engine.support.hierarchical.Node.around(Node.java:137)
	at org.junit.platform.engine.support.hierarchical.NodeTestTask.lambda$executeRecursively$9(NodeTestTask.java:139)
	at org.junit.platform.engine.support.hierarchical.ThrowableCollector.execute(ThrowableCollector.java:73)
	at org.junit.platform.engine.support.hierarchical.NodeTestTask.executeRecursively(NodeTestTask.java:138)
	at org.junit.platform.engine.support.hierarchical.NodeTestTask.execute(NodeTestTask.java:95)
	at java.util.ArrayList.forEach(ArrayList.java:1259)
	at org.junit.platform.engine.support.hierarchical.SameThreadHierarchicalTestExecutorService.invokeAll(SameThreadHierarchicalTestExecutorService.java:41)
	at org.junit.platform.engine.support.hierarchical.NodeTestTask.lambda$executeRecursively$6(NodeTestTask.java:155)
	at org.junit.platform.engine.support.hierarchical.ThrowableCollector.execute(ThrowableCollector.java:73)
	at org.junit.platform.engine.support.hierarchical.NodeTestTask.lambda$executeRecursively$8(NodeTestTask.java:141)
	at org.junit.platform.engine.support.hierarchical.Node.around(Node.java:137)
	at org.junit.platform.engine.support.hierarchical.NodeTestTask.lambda$executeRecursively$9(NodeTestTask.java:139)
	at org.junit.platform.engine.support.hierarchical.ThrowableCollector.execute(ThrowableCollector.java:73)
	at org.junit.platform.engine.support.hierarchical.NodeTestTask.executeRecursively(NodeTestTask.java:138)
	at org.junit.platform.engine.support.hierarchical.NodeTestTask.execute(NodeTestTask.java:95)
	at java.util.ArrayList.forEach(ArrayList.java:1259)
	at org.junit.platform.engine.support.hierarchical.SameThreadHierarchicalTestExecutorService.invokeAll(SameThreadHierarchicalTestExecutorService.java:41)
	at org.junit.platform.engine.support.hierarchical.NodeTestTask.lambda$executeRecursively$6(NodeTestTask.java:155)
	at org.junit.platform.engine.support.hierarchical.ThrowableCollector.execute(ThrowableCollector.java:73)
	at org.junit.platform.engine.support.hierarchical.NodeTestTask.lambda$executeRecursively$8(NodeTestTask.java:141)
	at org.junit.platform.engine.support.hierarchical.Node.around(Node.java:137)
	at org.junit.platform.engine.support.hierarchical.NodeTestTask.lambda$executeRecursively$9(NodeTestTask.java:139)
	at org.junit.platform.engine.support.hierarchical.ThrowableCollector.execute(ThrowableCollector.java:73)
	at org.junit.platform.engine.support.hierarchical.NodeTestTask.executeRecursively(NodeTestTask.java:138)
	at org.junit.platform.engine.support.hierarchical.NodeTestTask.execute(NodeTestTask.java:95)
	at org.junit.platform.engine.support.hierarchical.SameThreadHierarchicalTestExecutorService.submit(SameThreadHierarchicalTestExecutorService.java:35)
	at org.junit.platform.engine.support.hierarchical.HierarchicalTestExecutor.execute(HierarchicalTestExecutor.java:57)
	at org.junit.platform.engine.support.hierarchical.HierarchicalTestEngine.execute(HierarchicalTestEngine.java:54)
	at org.junit.platform.launcher.core.EngineExecutionOrchestrator.execute(EngineExecutionOrchestrator.java:107)
	at org.junit.platform.launcher.core.EngineExecutionOrchestrator.execute(EngineExecutionOrchestrator.java:88)
	at org.junit.platform.launcher.core.EngineExecutionOrchestrator.lambda$execute$0(EngineExecutionOrchestrator.java:54)
	at org.junit.platform.launcher.core.EngineExecutionOrchestrator.withInterceptedStreams(EngineExecutionOrchestrator.java:67)
	at org.junit.platform.launcher.core.EngineExecutionOrchestrator.execute(EngineExecutionOrchestrator.java:52)
	at org.junit.platform.launcher.core.DefaultLauncher.execute(DefaultLauncher.java:114)
	at org.junit.platform.launcher.core.DefaultLauncher.execute(DefaultLauncher.java:86)
	at org.junit.platform.launcher.core.DefaultLauncherSession$DelegatingLauncher.execute(DefaultLauncherSession.java:86)
	at org.junit.platform.launcher.core.SessionPerRequestLauncher.execute(SessionPerRequestLauncher.java:53)
	at org.apache.maven.surefire.junitplatform.JUnitPlatformProvider.execute(JUnitPlatformProvider.java:188)
	at org.apache.maven.surefire.junitplatform.JUnitPlatformProvider.invokeAllTests(JUnitPlatformProvider.java:154)
	at org.apache.maven.surefire.junitplatform.JUnitPlatformProvider.invoke(JUnitPlatformProvider.java:124)
	at org.apache.maven.surefire.booter.ForkedBooter.runSuitesInProcess(ForkedBooter.java:428)
	at org.apache.maven.surefire.booter.ForkedBooter.execute(ForkedBooter.java:162)
	at org.apache.maven.surefire.booter.ForkedBooter.run(ForkedBooter.java:562)
	at org.apache.maven.surefire.booter.ForkedBooter.main(ForkedBooter.java:548)
]]></system-out>
  </testcase>
  <testcase name="testSetAndClrQuota" classname="org.apache.hadoop.ozone.client.rpc.TestSecureOzoneRpcClient" time="0.055">
    <system-out><![CDATA[2022-05-24 20:49:15,002 [Listener at 127.0.0.1/44485] INFO  rpc.RpcClient (RpcClient.java:createVolume(457)) - Creating Volume: cf37659e-982e-4b8f-b10a-07b55cf33651, with runner as owner and space quota set to -1 bytes, counts quota set to -1
2022-05-24 20:49:15,004 [OM StateMachine ApplyTransaction Thread - 0] INFO  volume.OMVolumeCreateRequest (OMVolumeCreateRequest.java:validateAndUpdateCache(195)) - created volume:cf37659e-982e-4b8f-b10a-07b55cf33651 for user:runner
2022-05-24 20:49:15,008 [Listener at 127.0.0.1/44485] INFO  rpc.RpcClient (RpcClient.java:createBucket(646)) - Creating Bucket: cf37659e-982e-4b8f-b10a-07b55cf33651/1e13b187-ea8f-4d39-a63b-4c87291f30e0, with runner as owner and Versioning false and Storage Type set to DISK and Encryption set to false 
2022-05-24 20:49:15,009 [OM StateMachine ApplyTransaction Thread - 0] INFO  bucket.OMBucketCreateRequest (OMBucketCreateRequest.java:validateAndUpdateCache(258)) - created bucket: 1e13b187-ea8f-4d39-a63b-4c87291f30e0 of layout LEGACY in volume: cf37659e-982e-4b8f-b10a-07b55cf33651
2022-05-24 20:49:15,016 [Listener at 127.0.0.1/44485] INFO  rpc.RpcClient (RpcClient.java:createBucket(646)) - Creating Bucket: cf37659e-982e-4b8f-b10a-07b55cf33651/5e3f0d73-8b2b-42da-af8c-9106068795f6, with runner as owner and Versioning false and Storage Type set to DISK and Encryption set to false 
2022-05-24 20:49:15,017 [OM StateMachine ApplyTransaction Thread - 0] INFO  bucket.OMBucketCreateRequest (OMBucketCreateRequest.java:validateAndUpdateCache(258)) - created bucket: 5e3f0d73-8b2b-42da-af8c-9106068795f6 of layout LEGACY in volume: cf37659e-982e-4b8f-b10a-07b55cf33651
20:49:15.025 [OM StateMachine ApplyTransaction Thread - 0] ERROR OMAudit - user=runner | ip=127.0.0.1 | op=UPDATE_BUCKET {volume=cf37659e-982e-4b8f-b10a-07b55cf33651, bucket=1e13b187-ea8f-4d39-a63b-4c87291f30e0, gdprEnabled=null, isVersionEnabled=null} | ret=FAILURE
org.apache.hadoop.ozone.om.exceptions.OMException: Can not clear bucket spaceQuota because volume spaceQuota is not cleared.
	at org.apache.hadoop.ozone.om.request.bucket.OMBucketSetPropertyRequest.checkQuotaBytesValid(OMBucketSetPropertyRequest.java:267) ~[ozone-manager-1.3.0-SNAPSHOT.jar:?]
	at org.apache.hadoop.ozone.om.request.bucket.OMBucketSetPropertyRequest.validateAndUpdateCache(OMBucketSetPropertyRequest.java:179) ~[ozone-manager-1.3.0-SNAPSHOT.jar:?]
	at org.apache.hadoop.ozone.protocolPB.OzoneManagerRequestHandler.handleWriteRequest(OzoneManagerRequestHandler.java:254) ~[ozone-manager-1.3.0-SNAPSHOT.jar:?]
	at org.apache.hadoop.ozone.om.ratis.OzoneManagerStateMachine.runCommand(OzoneManagerStateMachine.java:524) ~[ozone-manager-1.3.0-SNAPSHOT.jar:?]
	at org.apache.hadoop.ozone.om.ratis.OzoneManagerStateMachine.lambda$1(OzoneManagerStateMachine.java:319) ~[ozone-manager-1.3.0-SNAPSHOT.jar:?]
	at java.util.concurrent.CompletableFuture$AsyncSupply.run(CompletableFuture.java:1604) [?:1.8.0_332]
	at java.util.concurrent.ThreadPoolExecutor.runWorker(ThreadPoolExecutor.java:1149) [?:1.8.0_332]
	at java.util.concurrent.ThreadPoolExecutor$Worker.run(ThreadPoolExecutor.java:624) [?:1.8.0_332]
	at java.lang.Thread.run(Thread.java:750) [?:1.8.0_332]
2022-05-24 20:49:15,025 [OM StateMachine ApplyTransaction Thread - 0] ERROR bucket.OMBucketSetPropertyRequest (OMBucketSetPropertyRequest.java:validateAndUpdateCache(253)) - Setting bucket property failed for bucket:1e13b187-ea8f-4d39-a63b-4c87291f30e0 in volume:cf37659e-982e-4b8f-b10a-07b55cf33651
QUOTA_ERROR org.apache.hadoop.ozone.om.exceptions.OMException: Can not clear bucket spaceQuota because volume spaceQuota is not cleared.
	at org.apache.hadoop.ozone.om.request.bucket.OMBucketSetPropertyRequest.checkQuotaBytesValid(OMBucketSetPropertyRequest.java:267)
	at org.apache.hadoop.ozone.om.request.bucket.OMBucketSetPropertyRequest.validateAndUpdateCache(OMBucketSetPropertyRequest.java:179)
	at org.apache.hadoop.ozone.protocolPB.OzoneManagerRequestHandler.handleWriteRequest(OzoneManagerRequestHandler.java:254)
	at org.apache.hadoop.ozone.om.ratis.OzoneManagerStateMachine.runCommand(OzoneManagerStateMachine.java:524)
	at org.apache.hadoop.ozone.om.ratis.OzoneManagerStateMachine.lambda$1(OzoneManagerStateMachine.java:319)
	at java.util.concurrent.CompletableFuture$AsyncSupply.run(CompletableFuture.java:1604)
	at java.util.concurrent.ThreadPoolExecutor.runWorker(ThreadPoolExecutor.java:1149)
	at java.util.concurrent.ThreadPoolExecutor$Worker.run(ThreadPoolExecutor.java:624)
	at java.lang.Thread.run(Thread.java:750)
]]></system-out>
  </testcase>
  <testcase name="testSetBucketQuotaIllegal" classname="org.apache.hadoop.ozone.client.rpc.TestSecureOzoneRpcClient" time="0.016">
    <system-out><![CDATA[2022-05-24 20:49:15,058 [Listener at 127.0.0.1/44485] INFO  rpc.RpcClient (RpcClient.java:createVolume(457)) - Creating Volume: dcad6435-aeeb-4c08-927c-bce4db858a60, with runner as owner and space quota set to -1 bytes, counts quota set to -1
2022-05-24 20:49:15,060 [OM StateMachine ApplyTransaction Thread - 0] INFO  volume.OMVolumeCreateRequest (OMVolumeCreateRequest.java:validateAndUpdateCache(195)) - created volume:dcad6435-aeeb-4c08-927c-bce4db858a60 for user:runner
2022-05-24 20:49:15,063 [Listener at 127.0.0.1/44485] INFO  rpc.RpcClient (RpcClient.java:createBucket(646)) - Creating Bucket: dcad6435-aeeb-4c08-927c-bce4db858a60/dbe3719f-2002-48ad-b99e-f0b90b90def3, with runner as owner and Versioning false and Storage Type set to DISK and Encryption set to false 
2022-05-24 20:49:15,064 [OM StateMachine ApplyTransaction Thread - 0] INFO  bucket.OMBucketCreateRequest (OMBucketCreateRequest.java:validateAndUpdateCache(258)) - created bucket: dbe3719f-2002-48ad-b99e-f0b90b90def3 of layout LEGACY in volume: dcad6435-aeeb-4c08-927c-bce4db858a60
]]></system-out>
  </testcase>
  <testcase name="testSetBucketStorageType" classname="org.apache.hadoop.ozone.client.rpc.TestSecureOzoneRpcClient" time="0.009">
    <system-out><![CDATA[2022-05-24 20:49:15,074 [Listener at 127.0.0.1/44485] INFO  rpc.RpcClient (RpcClient.java:createVolume(457)) - Creating Volume: bc997141-7a3f-416e-bcfa-1780bfb8c8a7, with runner as owner and space quota set to -1 bytes, counts quota set to -1
2022-05-24 20:49:15,076 [OM StateMachine ApplyTransaction Thread - 0] INFO  volume.OMVolumeCreateRequest (OMVolumeCreateRequest.java:validateAndUpdateCache(195)) - created volume:bc997141-7a3f-416e-bcfa-1780bfb8c8a7 for user:runner
2022-05-24 20:49:15,078 [Listener at 127.0.0.1/44485] INFO  rpc.RpcClient (RpcClient.java:createBucket(646)) - Creating Bucket: bc997141-7a3f-416e-bcfa-1780bfb8c8a7/7e6591ad-7a89-4af1-a180-c394152d2b81, with runner as owner and Versioning false and Storage Type set to DISK and Encryption set to false 
2022-05-24 20:49:15,079 [OM StateMachine ApplyTransaction Thread - 0] INFO  bucket.OMBucketCreateRequest (OMBucketCreateRequest.java:validateAndUpdateCache(258)) - created bucket: 7e6591ad-7a89-4af1-a180-c394152d2b81 of layout LEGACY in volume: bc997141-7a3f-416e-bcfa-1780bfb8c8a7
]]></system-out>
  </testcase>
  <testcase name="testSetBucketVersioning" classname="org.apache.hadoop.ozone.client.rpc.TestSecureOzoneRpcClient" time="0.015">
    <system-out><![CDATA[2022-05-24 20:49:15,084 [Listener at 127.0.0.1/44485] INFO  rpc.RpcClient (RpcClient.java:createVolume(457)) - Creating Volume: db7b097a-9bb4-453f-8e50-7d5065ac5cea, with runner as owner and space quota set to -1 bytes, counts quota set to -1
2022-05-24 20:49:15,088 [OM StateMachine ApplyTransaction Thread - 0] INFO  volume.OMVolumeCreateRequest (OMVolumeCreateRequest.java:validateAndUpdateCache(195)) - created volume:db7b097a-9bb4-453f-8e50-7d5065ac5cea for user:runner
2022-05-24 20:49:15,092 [Listener at 127.0.0.1/44485] INFO  rpc.RpcClient (RpcClient.java:createBucket(646)) - Creating Bucket: db7b097a-9bb4-453f-8e50-7d5065ac5cea/dfa4b400-3ba8-4dfa-a5a5-cffb799110bc, with runner as owner and Versioning false and Storage Type set to DISK and Encryption set to false 
2022-05-24 20:49:15,093 [OM StateMachine ApplyTransaction Thread - 0] INFO  bucket.OMBucketCreateRequest (OMBucketCreateRequest.java:validateAndUpdateCache(258)) - created bucket: dfa4b400-3ba8-4dfa-a5a5-cffb799110bc of layout LEGACY in volume: db7b097a-9bb4-453f-8e50-7d5065ac5cea
]]></system-out>
  </testcase>
  <testcase name="testSetECReplicationConfigOnBucket" classname="org.apache.hadoop.ozone.client.rpc.TestSecureOzoneRpcClient" time="0.011">
    <system-out><![CDATA[2022-05-24 20:49:15,099 [Listener at 127.0.0.1/44485] INFO  rpc.RpcClient (RpcClient.java:createVolume(457)) - Creating Volume: 04834746-6c74-44f8-9995-9d8da09b5602, with runner as owner and space quota set to -1 bytes, counts quota set to -1
2022-05-24 20:49:15,100 [OM StateMachine ApplyTransaction Thread - 0] INFO  volume.OMVolumeCreateRequest (OMVolumeCreateRequest.java:validateAndUpdateCache(195)) - created volume:04834746-6c74-44f8-9995-9d8da09b5602 for user:runner
2022-05-24 20:49:15,101 [Listener at 127.0.0.1/44485] INFO  rpc.RpcClient (RpcClient.java:createBucket(646)) - Creating Bucket: 04834746-6c74-44f8-9995-9d8da09b5602/5eb030e9-e713-4594-96b9-f60c465dcd45, with runner as owner and Versioning true and Storage Type set to DISK and Encryption set to false 
2022-05-24 20:49:15,102 [OM StateMachine ApplyTransaction Thread - 0] INFO  bucket.OMBucketCreateRequest (OMBucketCreateRequest.java:validateAndUpdateCache(258)) - created bucket: 5eb030e9-e713-4594-96b9-f60c465dcd45 of layout LEGACY in volume: 04834746-6c74-44f8-9995-9d8da09b5602
]]></system-out>
  </testcase>
  <testcase name="testSetS3VolumeAcl" classname="org.apache.hadoop.ozone.client.rpc.TestSecureOzoneRpcClient" time="0.003"/>
  <testcase name="testSetVolumeQuota" classname="org.apache.hadoop.ozone.client.rpc.TestSecureOzoneRpcClient" time="0.008">
    <system-out><![CDATA[2022-05-24 20:49:15,113 [Listener at 127.0.0.1/44485] INFO  rpc.RpcClient (RpcClient.java:createVolume(457)) - Creating Volume: 7f8c4c35-7fdd-4d68-93bb-57fc323112db, with runner as owner and space quota set to -1 bytes, counts quota set to -1
2022-05-24 20:49:15,116 [OM StateMachine ApplyTransaction Thread - 0] INFO  volume.OMVolumeCreateRequest (OMVolumeCreateRequest.java:validateAndUpdateCache(195)) - created volume:7f8c4c35-7fdd-4d68-93bb-57fc323112db for user:runner
]]></system-out>
  </testcase>
  <testcase name="testSetVolumeQuotaIllegal" classname="org.apache.hadoop.ozone.client.rpc.TestSecureOzoneRpcClient" time="0.007">
    <system-out><![CDATA[2022-05-24 20:49:15,121 [Listener at 127.0.0.1/44485] INFO  rpc.RpcClient (RpcClient.java:createVolume(457)) - Creating Volume: 80938d22-990f-4cb7-998f-cc829cb134c7, with runner as owner and space quota set to -1 bytes, counts quota set to -1
2022-05-24 20:49:15,122 [OM StateMachine ApplyTransaction Thread - 0] INFO  volume.OMVolumeCreateRequest (OMVolumeCreateRequest.java:validateAndUpdateCache(195)) - created volume:80938d22-990f-4cb7-998f-cc829cb134c7 for user:runner
]]></system-out>
  </testcase>
  <testcase name="testUploadPartOverride(ReplicationConfig)[1]" classname="org.apache.hadoop.ozone.client.rpc.TestSecureOzoneRpcClient" time="0.032">
    <system-out><![CDATA[2022-05-24 20:49:15,131 [Listener at 127.0.0.1/44485] INFO  rpc.RpcClient (RpcClient.java:createVolume(457)) - Creating Volume: 53470b3e-5808-4a44-a2f3-7a4592a1d6a4, with runner as owner and space quota set to -1 bytes, counts quota set to -1
2022-05-24 20:49:15,133 [OM StateMachine ApplyTransaction Thread - 0] INFO  volume.OMVolumeCreateRequest (OMVolumeCreateRequest.java:validateAndUpdateCache(195)) - created volume:53470b3e-5808-4a44-a2f3-7a4592a1d6a4 for user:runner
2022-05-24 20:49:15,134 [Listener at 127.0.0.1/44485] INFO  rpc.RpcClient (RpcClient.java:createBucket(646)) - Creating Bucket: 53470b3e-5808-4a44-a2f3-7a4592a1d6a4/e1c20434-5d61-4dd8-807f-bbeb164401bb, with runner as owner and Versioning false and Storage Type set to DISK and Encryption set to false 
2022-05-24 20:49:15,135 [OM StateMachine ApplyTransaction Thread - 0] INFO  bucket.OMBucketCreateRequest (OMBucketCreateRequest.java:validateAndUpdateCache(258)) - created bucket: e1c20434-5d61-4dd8-807f-bbeb164401bb of layout LEGACY in volume: 53470b3e-5808-4a44-a2f3-7a4592a1d6a4
]]></system-out>
  </testcase>
  <testcase name="testUploadPartOverride(ReplicationConfig)[2]" classname="org.apache.hadoop.ozone.client.rpc.TestSecureOzoneRpcClient" time="0.058">
    <system-out><![CDATA[2022-05-24 20:49:15,163 [Listener at 127.0.0.1/44485] INFO  rpc.RpcClient (RpcClient.java:createVolume(457)) - Creating Volume: e4f90da5-5ec6-453c-a466-ceb4e0538050, with runner as owner and space quota set to -1 bytes, counts quota set to -1
2022-05-24 20:49:15,164 [OM StateMachine ApplyTransaction Thread - 0] INFO  volume.OMVolumeCreateRequest (OMVolumeCreateRequest.java:validateAndUpdateCache(195)) - created volume:e4f90da5-5ec6-453c-a466-ceb4e0538050 for user:runner
2022-05-24 20:49:15,166 [Listener at 127.0.0.1/44485] INFO  rpc.RpcClient (RpcClient.java:createBucket(646)) - Creating Bucket: e4f90da5-5ec6-453c-a466-ceb4e0538050/2c8ae206-b32e-4d0d-acb8-b59b298be57b, with runner as owner and Versioning false and Storage Type set to DISK and Encryption set to false 
2022-05-24 20:49:15,167 [OM StateMachine ApplyTransaction Thread - 0] INFO  bucket.OMBucketCreateRequest (OMBucketCreateRequest.java:validateAndUpdateCache(258)) - created bucket: 2c8ae206-b32e-4d0d-acb8-b59b298be57b of layout LEGACY in volume: e4f90da5-5ec6-453c-a466-ceb4e0538050
]]></system-out>
  </testcase>
  <testcase name="testUploadPartOverride(ReplicationConfig)[3]" classname="org.apache.hadoop.ozone.client.rpc.TestSecureOzoneRpcClient" time="0.103">
    <system-out><![CDATA[2022-05-24 20:49:15,223 [Listener at 127.0.0.1/44485] INFO  rpc.RpcClient (RpcClient.java:createVolume(457)) - Creating Volume: 26ba5de2-904e-4133-9ca8-16178f422f75, with runner as owner and space quota set to -1 bytes, counts quota set to -1
2022-05-24 20:49:15,225 [OM StateMachine ApplyTransaction Thread - 0] INFO  volume.OMVolumeCreateRequest (OMVolumeCreateRequest.java:validateAndUpdateCache(195)) - created volume:26ba5de2-904e-4133-9ca8-16178f422f75 for user:runner
2022-05-24 20:49:15,226 [Listener at 127.0.0.1/44485] INFO  rpc.RpcClient (RpcClient.java:createBucket(646)) - Creating Bucket: 26ba5de2-904e-4133-9ca8-16178f422f75/3a673c9b-fb7c-4028-b962-bbfeaea1121c, with runner as owner and Versioning false and Storage Type set to DISK and Encryption set to false 
2022-05-24 20:49:15,228 [OM StateMachine ApplyTransaction Thread - 0] INFO  bucket.OMBucketCreateRequest (OMBucketCreateRequest.java:validateAndUpdateCache(258)) - created bucket: 3a673c9b-fb7c-4028-b962-bbfeaea1121c of layout LEGACY in volume: 26ba5de2-904e-4133-9ca8-16178f422f75
]]></system-out>
  </testcase>
  <testcase name="testUploadPartWithNoOverride(ReplicationConfig)[1]" classname="org.apache.hadoop.ozone.client.rpc.TestSecureOzoneRpcClient" time="0.018">
    <system-out><![CDATA[2022-05-24 20:49:15,326 [Listener at 127.0.0.1/44485] INFO  rpc.RpcClient (RpcClient.java:createVolume(457)) - Creating Volume: 44c65ff2-7c25-4a08-89f6-3c65b156d1d7, with runner as owner and space quota set to -1 bytes, counts quota set to -1
2022-05-24 20:49:15,328 [OM StateMachine ApplyTransaction Thread - 0] INFO  volume.OMVolumeCreateRequest (OMVolumeCreateRequest.java:validateAndUpdateCache(195)) - created volume:44c65ff2-7c25-4a08-89f6-3c65b156d1d7 for user:runner
2022-05-24 20:49:15,329 [Listener at 127.0.0.1/44485] INFO  rpc.RpcClient (RpcClient.java:createBucket(646)) - Creating Bucket: 44c65ff2-7c25-4a08-89f6-3c65b156d1d7/1f8c7873-87e1-4be2-875d-766238022905, with runner as owner and Versioning false and Storage Type set to DISK and Encryption set to false 
2022-05-24 20:49:15,330 [OM StateMachine ApplyTransaction Thread - 0] INFO  bucket.OMBucketCreateRequest (OMBucketCreateRequest.java:validateAndUpdateCache(258)) - created bucket: 1f8c7873-87e1-4be2-875d-766238022905 of layout LEGACY in volume: 44c65ff2-7c25-4a08-89f6-3c65b156d1d7
]]></system-out>
  </testcase>
  <testcase name="testUploadPartWithNoOverride(ReplicationConfig)[2]" classname="org.apache.hadoop.ozone.client.rpc.TestSecureOzoneRpcClient" time="0.027">
    <system-out><![CDATA[2022-05-24 20:49:15,345 [Listener at 127.0.0.1/44485] INFO  rpc.RpcClient (RpcClient.java:createVolume(457)) - Creating Volume: 9861ff16-090b-48e3-b270-9a4c21fd1e5a, with runner as owner and space quota set to -1 bytes, counts quota set to -1
2022-05-24 20:49:15,346 [OM StateMachine ApplyTransaction Thread - 0] INFO  volume.OMVolumeCreateRequest (OMVolumeCreateRequest.java:validateAndUpdateCache(195)) - created volume:9861ff16-090b-48e3-b270-9a4c21fd1e5a for user:runner
2022-05-24 20:49:15,347 [Listener at 127.0.0.1/44485] INFO  rpc.RpcClient (RpcClient.java:createBucket(646)) - Creating Bucket: 9861ff16-090b-48e3-b270-9a4c21fd1e5a/d03911fe-b1bf-4c03-b20d-abaa234e0aa4, with runner as owner and Versioning false and Storage Type set to DISK and Encryption set to false 
2022-05-24 20:49:15,349 [OM StateMachine ApplyTransaction Thread - 0] INFO  bucket.OMBucketCreateRequest (OMBucketCreateRequest.java:validateAndUpdateCache(258)) - created bucket: d03911fe-b1bf-4c03-b20d-abaa234e0aa4 of layout LEGACY in volume: 9861ff16-090b-48e3-b270-9a4c21fd1e5a
]]></system-out>
  </testcase>
  <testcase name="testUploadPartWithNoOverride(ReplicationConfig)[3]" classname="org.apache.hadoop.ozone.client.rpc.TestSecureOzoneRpcClient" time="0.046">
    <system-out><![CDATA[2022-05-24 20:49:15,374 [Listener at 127.0.0.1/44485] INFO  rpc.RpcClient (RpcClient.java:createVolume(457)) - Creating Volume: 39cc7c07-d89a-4ff4-80ae-c83300417f7f, with runner as owner and space quota set to -1 bytes, counts quota set to -1
2022-05-24 20:49:15,375 [OM StateMachine ApplyTransaction Thread - 0] INFO  volume.OMVolumeCreateRequest (OMVolumeCreateRequest.java:validateAndUpdateCache(195)) - created volume:39cc7c07-d89a-4ff4-80ae-c83300417f7f for user:runner
2022-05-24 20:49:15,376 [Listener at 127.0.0.1/44485] INFO  rpc.RpcClient (RpcClient.java:createBucket(646)) - Creating Bucket: 39cc7c07-d89a-4ff4-80ae-c83300417f7f/6cf372e1-6648-4fa3-ae23-41649d549fd2, with runner as owner and Versioning false and Storage Type set to DISK and Encryption set to false 
2022-05-24 20:49:15,377 [OM StateMachine ApplyTransaction Thread - 0] INFO  bucket.OMBucketCreateRequest (OMBucketCreateRequest.java:validateAndUpdateCache(258)) - created bucket: 6cf372e1-6648-4fa3-ae23-41649d549fd2 of layout LEGACY in volume: 39cc7c07-d89a-4ff4-80ae-c83300417f7f
]]></system-out>
  </testcase>
  <testcase name="testUsedBytesWithUploadPart" classname="org.apache.hadoop.ozone.client.rpc.TestSecureOzoneRpcClient" time="0.203">
    <system-out><![CDATA[2022-05-24 20:49:15,522 [Listener at 127.0.0.1/44485] INFO  rpc.RpcClient (RpcClient.java:createVolume(457)) - Creating Volume: bcb747b7-a2bb-4493-8289-4b7145b602f5, with runner as owner and space quota set to -1 bytes, counts quota set to -1
2022-05-24 20:49:15,524 [OM StateMachine ApplyTransaction Thread - 0] INFO  volume.OMVolumeCreateRequest (OMVolumeCreateRequest.java:validateAndUpdateCache(195)) - created volume:bcb747b7-a2bb-4493-8289-4b7145b602f5 for user:runner
2022-05-24 20:49:15,525 [Listener at 127.0.0.1/44485] INFO  rpc.RpcClient (RpcClient.java:createBucket(646)) - Creating Bucket: bcb747b7-a2bb-4493-8289-4b7145b602f5/59aea33a-a0e0-4c73-9055-8500e90d5cdb, with runner as owner and Versioning false and Storage Type set to DISK and Encryption set to false 
2022-05-24 20:49:15,526 [OM StateMachine ApplyTransaction Thread - 0] INFO  bucket.OMBucketCreateRequest (OMBucketCreateRequest.java:validateAndUpdateCache(258)) - created bucket: 59aea33a-a0e0-4c73-9055-8500e90d5cdb of layout LEGACY in volume: bcb747b7-a2bb-4493-8289-4b7145b602f5
]]></system-out>
  </testcase>
  <testcase name="testValidateBlockLengthWithCommitKey" classname="org.apache.hadoop.ozone.client.rpc.TestSecureOzoneRpcClient" time="0.012">
    <failure type="java.lang.AssertionError"><![CDATA[java.lang.AssertionError: expected:<1> but was:<0>
	at org.junit.Assert.fail(Assert.java:89)
	at org.junit.Assert.failNotEquals(Assert.java:835)
	at org.junit.Assert.assertEquals(Assert.java:647)
	at org.junit.Assert.assertEquals(Assert.java:633)
	at org.apache.hadoop.ozone.client.rpc.TestOzoneRpcClientAbstract.testValidateBlockLengthWithCommitKey(TestOzoneRpcClientAbstract.java:1319)
	at sun.reflect.NativeMethodAccessorImpl.invoke0(Native Method)
	at sun.reflect.NativeMethodAccessorImpl.invoke(NativeMethodAccessorImpl.java:62)
	at sun.reflect.DelegatingMethodAccessorImpl.invoke(DelegatingMethodAccessorImpl.java:43)
	at java.lang.reflect.Method.invoke(Method.java:498)
	at org.junit.platform.commons.util.ReflectionUtils.invokeMethod(ReflectionUtils.java:725)
	at org.junit.jupiter.engine.execution.MethodInvocation.proceed(MethodInvocation.java:60)
	at org.junit.jupiter.engine.execution.InvocationInterceptorChain$ValidatingInvocation.proceed(InvocationInterceptorChain.java:131)
	at org.junit.jupiter.engine.extension.TimeoutInvocation.proceed(TimeoutInvocation.java:46)
	at org.junit.jupiter.engine.extension.TimeoutExtension.intercept(TimeoutExtension.java:149)
	at org.junit.jupiter.engine.extension.TimeoutExtension.interceptTestableMethod(TimeoutExtension.java:140)
	at org.junit.jupiter.engine.extension.TimeoutExtension.interceptTestMethod(TimeoutExtension.java:84)
	at org.junit.jupiter.engine.execution.ExecutableInvoker$ReflectiveInterceptorCall.lambda$ofVoidMethod$0(ExecutableInvoker.java:115)
	at org.junit.jupiter.engine.execution.ExecutableInvoker.lambda$invoke$0(ExecutableInvoker.java:105)
	at org.junit.jupiter.engine.execution.InvocationInterceptorChain$InterceptedInvocation.proceed(InvocationInterceptorChain.java:106)
	at org.junit.jupiter.engine.execution.InvocationInterceptorChain.proceed(InvocationInterceptorChain.java:64)
	at org.junit.jupiter.engine.execution.InvocationInterceptorChain.chainAndInvoke(InvocationInterceptorChain.java:45)
	at org.junit.jupiter.engine.execution.InvocationInterceptorChain.invoke(InvocationInterceptorChain.java:37)
	at org.junit.jupiter.engine.execution.ExecutableInvoker.invoke(ExecutableInvoker.java:104)
	at org.junit.jupiter.engine.execution.ExecutableInvoker.invoke(ExecutableInvoker.java:98)
	at org.junit.jupiter.engine.descriptor.TestMethodTestDescriptor.lambda$invokeTestMethod$7(TestMethodTestDescriptor.java:214)
	at org.junit.platform.engine.support.hierarchical.ThrowableCollector.execute(ThrowableCollector.java:73)
	at org.junit.jupiter.engine.descriptor.TestMethodTestDescriptor.invokeTestMethod(TestMethodTestDescriptor.java:210)
	at org.junit.jupiter.engine.descriptor.TestMethodTestDescriptor.execute(TestMethodTestDescriptor.java:135)
	at org.junit.jupiter.engine.descriptor.TestMethodTestDescriptor.execute(TestMethodTestDescriptor.java:66)
	at org.junit.platform.engine.support.hierarchical.NodeTestTask.lambda$executeRecursively$6(NodeTestTask.java:151)
	at org.junit.platform.engine.support.hierarchical.ThrowableCollector.execute(ThrowableCollector.java:73)
	at org.junit.platform.engine.support.hierarchical.NodeTestTask.lambda$executeRecursively$8(NodeTestTask.java:141)
	at org.junit.platform.engine.support.hierarchical.Node.around(Node.java:137)
	at org.junit.platform.engine.support.hierarchical.NodeTestTask.lambda$executeRecursively$9(NodeTestTask.java:139)
	at org.junit.platform.engine.support.hierarchical.ThrowableCollector.execute(ThrowableCollector.java:73)
	at org.junit.platform.engine.support.hierarchical.NodeTestTask.executeRecursively(NodeTestTask.java:138)
	at org.junit.platform.engine.support.hierarchical.NodeTestTask.execute(NodeTestTask.java:95)
	at java.util.ArrayList.forEach(ArrayList.java:1259)
	at org.junit.platform.engine.support.hierarchical.SameThreadHierarchicalTestExecutorService.invokeAll(SameThreadHierarchicalTestExecutorService.java:41)
	at org.junit.platform.engine.support.hierarchical.NodeTestTask.lambda$executeRecursively$6(NodeTestTask.java:155)
	at org.junit.platform.engine.support.hierarchical.ThrowableCollector.execute(ThrowableCollector.java:73)
	at org.junit.platform.engine.support.hierarchical.NodeTestTask.lambda$executeRecursively$8(NodeTestTask.java:141)
	at org.junit.platform.engine.support.hierarchical.Node.around(Node.java:137)
	at org.junit.platform.engine.support.hierarchical.NodeTestTask.lambda$executeRecursively$9(NodeTestTask.java:139)
	at org.junit.platform.engine.support.hierarchical.ThrowableCollector.execute(ThrowableCollector.java:73)
	at org.junit.platform.engine.support.hierarchical.NodeTestTask.executeRecursively(NodeTestTask.java:138)
	at org.junit.platform.engine.support.hierarchical.NodeTestTask.execute(NodeTestTask.java:95)
	at java.util.ArrayList.forEach(ArrayList.java:1259)
	at org.junit.platform.engine.support.hierarchical.SameThreadHierarchicalTestExecutorService.invokeAll(SameThreadHierarchicalTestExecutorService.java:41)
	at org.junit.platform.engine.support.hierarchical.NodeTestTask.lambda$executeRecursively$6(NodeTestTask.java:155)
	at org.junit.platform.engine.support.hierarchical.ThrowableCollector.execute(ThrowableCollector.java:73)
	at org.junit.platform.engine.support.hierarchical.NodeTestTask.lambda$executeRecursively$8(NodeTestTask.java:141)
	at org.junit.platform.engine.support.hierarchical.Node.around(Node.java:137)
	at org.junit.platform.engine.support.hierarchical.NodeTestTask.lambda$executeRecursively$9(NodeTestTask.java:139)
	at org.junit.platform.engine.support.hierarchical.ThrowableCollector.execute(ThrowableCollector.java:73)
	at org.junit.platform.engine.support.hierarchical.NodeTestTask.executeRecursively(NodeTestTask.java:138)
	at org.junit.platform.engine.support.hierarchical.NodeTestTask.execute(NodeTestTask.java:95)
	at org.junit.platform.engine.support.hierarchical.SameThreadHierarchicalTestExecutorService.submit(SameThreadHierarchicalTestExecutorService.java:35)
	at org.junit.platform.engine.support.hierarchical.HierarchicalTestExecutor.execute(HierarchicalTestExecutor.java:57)
	at org.junit.platform.engine.support.hierarchical.HierarchicalTestEngine.execute(HierarchicalTestEngine.java:54)
	at org.junit.platform.launcher.core.EngineExecutionOrchestrator.execute(EngineExecutionOrchestrator.java:107)
	at org.junit.platform.launcher.core.EngineExecutionOrchestrator.execute(EngineExecutionOrchestrator.java:88)
	at org.junit.platform.launcher.core.EngineExecutionOrchestrator.lambda$execute$0(EngineExecutionOrchestrator.java:54)
	at org.junit.platform.launcher.core.EngineExecutionOrchestrator.withInterceptedStreams(EngineExecutionOrchestrator.java:67)
	at org.junit.platform.launcher.core.EngineExecutionOrchestrator.execute(EngineExecutionOrchestrator.java:52)
	at org.junit.platform.launcher.core.DefaultLauncher.execute(DefaultLauncher.java:114)
	at org.junit.platform.launcher.core.DefaultLauncher.execute(DefaultLauncher.java:86)
	at org.junit.platform.launcher.core.DefaultLauncherSession$DelegatingLauncher.execute(DefaultLauncherSession.java:86)
	at org.junit.platform.launcher.core.SessionPerRequestLauncher.execute(SessionPerRequestLauncher.java:53)
	at org.apache.maven.surefire.junitplatform.JUnitPlatformProvider.execute(JUnitPlatformProvider.java:188)
	at org.apache.maven.surefire.junitplatform.JUnitPlatformProvider.invokeAllTests(JUnitPlatformProvider.java:154)
	at org.apache.maven.surefire.junitplatform.JUnitPlatformProvider.invoke(JUnitPlatformProvider.java:124)
	at org.apache.maven.surefire.booter.ForkedBooter.runSuitesInProcess(ForkedBooter.java:428)
	at org.apache.maven.surefire.booter.ForkedBooter.execute(ForkedBooter.java:162)
	at org.apache.maven.surefire.booter.ForkedBooter.run(ForkedBooter.java:562)
	at org.apache.maven.surefire.booter.ForkedBooter.main(ForkedBooter.java:548)
]]></failure>
    <system-out><![CDATA[2022-05-24 20:49:15,623 [Listener at 127.0.0.1/44485] INFO  rpc.RpcClient (RpcClient.java:createVolume(457)) - Creating Volume: 611023db-ad83-4c5d-adfb-dffef961eac3, with runner as owner and space quota set to -1 bytes, counts quota set to -1
2022-05-24 20:49:15,624 [OM StateMachine ApplyTransaction Thread - 0] INFO  volume.OMVolumeCreateRequest (OMVolumeCreateRequest.java:validateAndUpdateCache(195)) - created volume:611023db-ad83-4c5d-adfb-dffef961eac3 for user:runner
2022-05-24 20:49:15,625 [Listener at 127.0.0.1/44485] INFO  rpc.RpcClient (RpcClient.java:createBucket(646)) - Creating Bucket: 611023db-ad83-4c5d-adfb-dffef961eac3/71cd4bea-3e6f-4bf4-b53d-9305f4c73f03, with runner as owner and Versioning false and Storage Type set to DISK and Encryption set to false 
2022-05-24 20:49:15,626 [OM StateMachine ApplyTransaction Thread - 0] INFO  bucket.OMBucketCreateRequest (OMBucketCreateRequest.java:validateAndUpdateCache(258)) - created bucket: 71cd4bea-3e6f-4bf4-b53d-9305f4c73f03 of layout LEGACY in volume: 611023db-ad83-4c5d-adfb-dffef961eac3
]]></system-out>
  </testcase>
  <testcase name="testVolumeSetOwner" classname="org.apache.hadoop.ozone.client.rpc.TestSecureOzoneRpcClient" time="0.007">
    <system-out><![CDATA[2022-05-24 20:49:15,640 [Listener at 127.0.0.1/44485] INFO  rpc.RpcClient (RpcClient.java:createVolume(457)) - Creating Volume: 4430cb59-fb17-4a2b-99cd-75d9a825c5ed, with runner as owner and space quota set to -1 bytes, counts quota set to -1
2022-05-24 20:49:15,642 [OM StateMachine ApplyTransaction Thread - 0] INFO  volume.OMVolumeCreateRequest (OMVolumeCreateRequest.java:validateAndUpdateCache(195)) - created volume:4430cb59-fb17-4a2b-99cd-75d9a825c5ed for user:runner
2022-05-24 20:49:15,647 [OM StateMachine ApplyTransaction Thread - 0] WARN  volume.OMVolumeSetOwnerRequest (OMVolumeSetOwnerRequest.java:validateAndUpdateCache(133)) - Volume '4430cb59-fb17-4a2b-99cd-75d9a825c5ed' owner is already user 'someRandomUser1'.
]]></system-out>
  </testcase>
  <testcase name="testVolumeUsedNamespace" classname="org.apache.hadoop.ozone.client.rpc.TestSecureOzoneRpcClient" time="0.019">
    <system-out><![CDATA[2022-05-24 20:49:15,651 [Listener at 127.0.0.1/44485] INFO  rpc.RpcClient (RpcClient.java:createVolume(457)) - Creating Volume: db0bf097-b192-4fda-ac48-f31383dc3e81, with runner as owner and space quota set to -1 bytes, counts quota set to 1
2022-05-24 20:49:15,653 [OM StateMachine ApplyTransaction Thread - 0] INFO  volume.OMVolumeCreateRequest (OMVolumeCreateRequest.java:validateAndUpdateCache(195)) - created volume:db0bf097-b192-4fda-ac48-f31383dc3e81 for user:runner
2022-05-24 20:49:15,654 [Listener at 127.0.0.1/44485] INFO  rpc.RpcClient (RpcClient.java:createBucket(646)) - Creating Bucket: db0bf097-b192-4fda-ac48-f31383dc3e81/4b03ed7d-7e60-40b8-b63c-532c4c83f5e0, with runner as owner and Versioning false and Storage Type set to DISK and Encryption set to false 
2022-05-24 20:49:15,656 [OM StateMachine ApplyTransaction Thread - 0] INFO  bucket.OMBucketCreateRequest (OMBucketCreateRequest.java:validateAndUpdateCache(258)) - created bucket: 4b03ed7d-7e60-40b8-b63c-532c4c83f5e0 of layout LEGACY in volume: db0bf097-b192-4fda-ac48-f31383dc3e81
2022-05-24 20:49:15,657 [Listener at 127.0.0.1/44485] INFO  rpc.RpcClient (RpcClient.java:createBucket(646)) - Creating Bucket: db0bf097-b192-4fda-ac48-f31383dc3e81/e3c18600-e1c8-4433-b320-af1dcee7678f, with runner as owner and Versioning false and Storage Type set to DISK and Encryption set to false 
20:49:15.658 [OM StateMachine ApplyTransaction Thread - 0] ERROR OMAudit - user=runner | ip=127.0.0.1 | op=CREATE_BUCKET {volume=db0bf097-b192-4fda-ac48-f31383dc3e81, bucket=e3c18600-e1c8-4433-b320-af1dcee7678f, bucketLayout=LEGACY, gdprEnabled=null, acls=[user:runner:a[ACCESS], group:docker:a[ACCESS], group:adm:a[ACCESS], group:systemd-journal:a[ACCESS]], isVersionEnabled=false, storageType=DISK, creationTime=1653425355658, bucketEncryptionKey=null, modificationTime=1653425355658, usedBytes=0, usedNamespace=0} | ret=FAILURE
org.apache.hadoop.ozone.om.exceptions.OMException: The namespace quota of Volume:db0bf097-b192-4fda-ac48-f31383dc3e81 exceeded: quotaInNamespace: 1 but namespace consumed: 2.
	at org.apache.hadoop.ozone.om.request.bucket.OMBucketCreateRequest.checkQuotaInNamespace(OMBucketCreateRequest.java:334) ~[ozone-manager-1.3.0-SNAPSHOT.jar:?]
	at org.apache.hadoop.ozone.om.request.bucket.OMBucketCreateRequest.validateAndUpdateCache(OMBucketCreateRequest.java:221) ~[ozone-manager-1.3.0-SNAPSHOT.jar:?]
	at org.apache.hadoop.ozone.protocolPB.OzoneManagerRequestHandler.handleWriteRequest(OzoneManagerRequestHandler.java:254) ~[ozone-manager-1.3.0-SNAPSHOT.jar:?]
	at org.apache.hadoop.ozone.om.ratis.OzoneManagerStateMachine.runCommand(OzoneManagerStateMachine.java:524) ~[ozone-manager-1.3.0-SNAPSHOT.jar:?]
	at org.apache.hadoop.ozone.om.ratis.OzoneManagerStateMachine.lambda$1(OzoneManagerStateMachine.java:319) ~[ozone-manager-1.3.0-SNAPSHOT.jar:?]
	at java.util.concurrent.CompletableFuture$AsyncSupply.run(CompletableFuture.java:1604) [?:1.8.0_332]
	at java.util.concurrent.ThreadPoolExecutor.runWorker(ThreadPoolExecutor.java:1149) [?:1.8.0_332]
	at java.util.concurrent.ThreadPoolExecutor$Worker.run(ThreadPoolExecutor.java:624) [?:1.8.0_332]
	at java.lang.Thread.run(Thread.java:750) [?:1.8.0_332]
2022-05-24 20:49:15,659 [OM StateMachine ApplyTransaction Thread - 0] ERROR bucket.OMBucketCreateRequest (OMBucketCreateRequest.java:validateAndUpdateCache(264)) - Bucket creation failed for bucket:e3c18600-e1c8-4433-b320-af1dcee7678f in volume:db0bf097-b192-4fda-ac48-f31383dc3e81
QUOTA_EXCEEDED org.apache.hadoop.ozone.om.exceptions.OMException: The namespace quota of Volume:db0bf097-b192-4fda-ac48-f31383dc3e81 exceeded: quotaInNamespace: 1 but namespace consumed: 2.
	at org.apache.hadoop.ozone.om.request.bucket.OMBucketCreateRequest.checkQuotaInNamespace(OMBucketCreateRequest.java:334)
	at org.apache.hadoop.ozone.om.request.bucket.OMBucketCreateRequest.validateAndUpdateCache(OMBucketCreateRequest.java:221)
	at org.apache.hadoop.ozone.protocolPB.OzoneManagerRequestHandler.handleWriteRequest(OzoneManagerRequestHandler.java:254)
	at org.apache.hadoop.ozone.om.ratis.OzoneManagerStateMachine.runCommand(OzoneManagerStateMachine.java:524)
	at org.apache.hadoop.ozone.om.ratis.OzoneManagerStateMachine.lambda$1(OzoneManagerStateMachine.java:319)
	at java.util.concurrent.CompletableFuture$AsyncSupply.run(CompletableFuture.java:1604)
	at java.util.concurrent.ThreadPoolExecutor.runWorker(ThreadPoolExecutor.java:1149)
	at java.util.concurrent.ThreadPoolExecutor$Worker.run(ThreadPoolExecutor.java:624)
	at java.lang.Thread.run(Thread.java:750)
2022-05-24 20:49:15,659 [Listener at 127.0.0.1/44485] INFO  rpc.RpcClient (RpcClient.java:createVolume(457)) - Creating Volume: 71e0fa79-54fd-4198-a8f3-23f37b51164a, with runner as owner and space quota set to -1 bytes, counts quota set to -1
2022-05-24 20:49:15,661 [OM StateMachine ApplyTransaction Thread - 0] INFO  volume.OMVolumeCreateRequest (OMVolumeCreateRequest.java:validateAndUpdateCache(195)) - created volume:71e0fa79-54fd-4198-a8f3-23f37b51164a for user:runner
2022-05-24 20:49:15,662 [Listener at 127.0.0.1/44485] INFO  rpc.RpcClient (RpcClient.java:createBucket(646)) - Creating Bucket: 71e0fa79-54fd-4198-a8f3-23f37b51164a/fc29d5d7-e50c-491a-a5a5-17debd8f7cfc, with runner as owner and Versioning false and Storage Type set to DISK and Encryption set to false 
2022-05-24 20:49:15,663 [OM StateMachine ApplyTransaction Thread - 0] INFO  bucket.OMBucketCreateRequest (OMBucketCreateRequest.java:validateAndUpdateCache(258)) - created bucket: fc29d5d7-e50c-491a-a5a5-17debd8f7cfc of layout LEGACY in volume: 71e0fa79-54fd-4198-a8f3-23f37b51164a
]]></system-out>
  </testcase>
  <testcase name="testZReadKeyWithUnhealthyContainerReplica" classname="org.apache.hadoop.ozone.client.rpc.TestSecureOzoneRpcClient" time="0.001"/>
</testsuite>