<?xml version="1.0" encoding="UTF-8"?>
<testsuite xmlns:xsi="http://www.w3.org/2001/XMLSchema-instance" xsi:noNamespaceSchemaLocation="https://maven.apache.org/surefire/maven-surefire-plugin/xsd/surefire-test-report-3.0.xsd" version="3.0" name="org.apache.hadoop.ozone.parser.TestOzoneHARatisLogParser" time="86.157" tests="1" errors="1" skipped="0" failures="0">
  <properties>
    <property name="awt.toolkit" value="sun.awt.X11.XToolkit"/>
    <property name="file.encoding.pkg" value="sun.io"/>
    <property name="java.specification.version" value="1.8"/>
    <property name="sun.cpu.isalist" value=""/>
    <property name="sun.jnu.encoding" value="UTF-8"/>
    <property name="java.class.path" value="/home/runner/work/ozone/ozone/hadoop-ozone/integration-test/target/test-classes:/home/runner/work/ozone/ozone/hadoop-ozone/integration-test/target/classes:/home/runner/.m2/repository/org/apache/ozone/ozone-common/1.3.0-SNAPSHOT/ozone-common-1.3.0-SNAPSHOT.jar:/home/runner/.m2/repository/io/grpc/grpc-netty/1.48.1/grpc-netty-1.48.1.jar:/home/runner/.m2/repository/io/grpc/grpc-core/1.48.1/grpc-core-1.48.1.jar:/home/runner/.m2/repository/com/google/android/annotations/4.1.1.4/annotations-4.1.1.4.jar:/home/runner/.m2/repository/org/codehaus/mojo/animal-sniffer-annotations/1.21/animal-sniffer-annotations-1.21.jar:/home/runner/.m2/repository/com/google/errorprone/error_prone_annotations/2.2.0/error_prone_annotations-2.2.0.jar:/home/runner/.m2/repository/io/perfmark/perfmark-api/0.25.0/perfmark-api-0.25.0.jar:/home/runner/.m2/repository/io/netty/netty-codec-http2/4.1.79.Final/netty-codec-http2-4.1.79.Final.jar:/home/runner/.m2/repository/io/netty/netty-common/4.1.79.Final/netty-common-4.1.79.Final.jar:/home/runner/.m2/repository/io/netty/netty-buffer/4.1.79.Final/netty-buffer-4.1.79.Final.jar:/home/runner/.m2/repository/io/netty/netty-codec-http/4.1.79.Final/netty-codec-http-4.1.79.Final.jar:/home/runner/.m2/repository/io/netty/netty-handler-proxy/4.1.79.Final/netty-handler-proxy-4.1.79.Final.jar:/home/runner/.m2/repository/io/netty/netty-codec-socks/4.1.79.Final/netty-codec-socks-4.1.79.Final.jar:/home/runner/.m2/repository/io/netty/netty-tcnative-boringssl-static/2.0.53.Final/netty-tcnative-boringssl-static-2.0.53.Final.jar:/home/runner/.m2/repository/io/netty/netty-tcnative-classes/2.0.53.Final/netty-tcnative-classes-2.0.53.Final.jar:/home/runner/.m2/repository/io/netty/netty-tcnative-boringssl-static/2.0.53.Final/netty-tcnative-boringssl-static-2.0.53.Final-linux-x86_64.jar:/home/runner/.m2/repository/io/netty/netty-tcnative-boringssl-static/2.0.53.Final/netty-tcnative-boringssl-static-2.0.53.Final-linux-aarch_64.jar:/home/runner/.m2/repository/io/netty/netty-tcnative-boringssl-static/2.0.53.Final/netty-tcnative-boringssl-static-2.0.53.Final-osx-x86_64.jar:/home/runner/.m2/repository/io/netty/netty-tcnative-boringssl-static/2.0.53.Final/netty-tcnative-boringssl-static-2.0.53.Final-osx-aarch_64.jar:/home/runner/.m2/repository/io/netty/netty-tcnative-boringssl-static/2.0.53.Final/netty-tcnative-boringssl-static-2.0.53.Final-windows-x86_64.jar:/home/runner/.m2/repository/org/apache/commons/commons-compress/1.21/commons-compress-1.21.jar:/home/runner/.m2/repository/org/apache/ozone/hdds-common/1.3.0-SNAPSHOT/hdds-common-1.3.0-SNAPSHOT.jar:/home/runner/.m2/repository/org/apache/ozone/hdds-client/1.3.0-SNAPSHOT/hdds-client-1.3.0-SNAPSHOT.jar:/home/runner/.m2/repository/org/apache/ozone/ozone-interface-client/1.3.0-SNAPSHOT/ozone-interface-client-1.3.0-SNAPSHOT.jar:/home/runner/.m2/repository/org/apache/ozone/hdds-test-utils/1.3.0-SNAPSHOT/hdds-test-utils-1.3.0-SNAPSHOT.jar:/home/runner/.m2/repository/com/google/guava/guava/31.1-jre/guava-31.1-jre.jar:/home/runner/.m2/repository/com/google/guava/failureaccess/1.0.1/failureaccess-1.0.1.jar:/home/runner/.m2/repository/com/google/guava/listenablefuture/9999.0-empty-to-avoid-conflict-with-guava/listenablefuture-9999.0-empty-to-avoid-conflict-with-guava.jar:/home/runner/.m2/repository/com/google/code/findbugs/jsr305/3.0.0/jsr305-3.0.0.jar:/home/runner/.m2/repository/org/checkerframework/checker-qual/3.12.0/checker-qual-3.12.0.jar:/home/runner/.m2/repository/com/google/j2objc/j2objc-annotations/1.3/j2objc-annotations-1.3.jar:/home/runner/.m2/repository/commons-io/commons-io/2.11.0/commons-io-2.11.0.jar:/home/runner/.m2/repository/commons-logging/commons-logging/1.2/commons-logging-1.2.jar:/home/runner/.m2/repository/log4j/log4j/1.2.17/log4j-1.2.17.jar:/home/runner/.m2/repository/org/slf4j/slf4j-api/1.7.30/slf4j-api-1.7.30.jar:/home/runner/.m2/repository/org/apache/ozone/hdds-server-scm/1.3.0-SNAPSHOT/hdds-server-scm-1.3.0-SNAPSHOT.jar:/home/runner/.m2/repository/org/apache/ozone/hdds-container-service/1.3.0-SNAPSHOT/hdds-container-service-1.3.0-SNAPSHOT.jar:/home/runner/.m2/repository/org/apache/ozone/hdds-hadoop-dependency-server/1.3.0-SNAPSHOT/hdds-hadoop-dependency-server-1.3.0-SNAPSHOT.jar:/home/runner/.m2/repository/org/apache/hadoop/hadoop-hdfs/3.3.1/hadoop-hdfs-3.3.1.jar:/home/runner/.m2/repository/org/apache/ozone/hdds-server-framework/1.3.0-SNAPSHOT/hdds-server-framework-1.3.0-SNAPSHOT.jar:/home/runner/.m2/repository/org/apache/ozone/hdds-interface-server/1.3.0-SNAPSHOT/hdds-interface-server-1.3.0-SNAPSHOT.jar:/home/runner/.m2/repository/org/apache/logging/log4j/log4j-core/2.17.1/log4j-core-2.17.1.jar:/home/runner/.m2/repository/com/lmax/disruptor/3.4.2/disruptor-3.4.2.jar:/home/runner/.m2/repository/org/eclipse/jetty/jetty-servlet/9.4.43.v20210629/jetty-servlet-9.4.43.v20210629.jar:/home/runner/.m2/repository/org/eclipse/jetty/jetty-security/9.4.43.v20210629/jetty-security-9.4.43.v20210629.jar:/home/runner/.m2/repository/org/rocksdb/rocksdbjni/6.29.5/rocksdbjni-6.29.5.jar:/home/runner/.m2/repository/io/prometheus/simpleclient_dropwizard/0.7.0/simpleclient_dropwizard-0.7.0.jar:/home/runner/.m2/repository/io/prometheus/simpleclient/0.7.0/simpleclient-0.7.0.jar:/home/runner/.m2/repository/io/prometheus/simpleclient_common/0.7.0/simpleclient_common-0.7.0.jar:/home/runner/.m2/repository/io/dropwizard/metrics/metrics-core/3.2.4/metrics-core-3.2.4.jar:/home/runner/.m2/repository/org/apache/hadoop/hadoop-hdfs-client/3.3.1/hadoop-hdfs-client-3.3.1.jar:/home/runner/.m2/repository/org/bouncycastle/bcprov-jdk15on/1.67/bcprov-jdk15on-1.67.jar:/home/runner/.m2/repository/com/google/protobuf/protobuf-java/2.5.0/protobuf-java-2.5.0.jar:/home/runner/.m2/repository/org/apache/ozone/ozone-manager/1.3.0-SNAPSHOT/ozone-manager-1.3.0-SNAPSHOT.jar:/home/runner/.m2/repository/org/aspectj/aspectjrt/1.9.7/aspectjrt-1.9.7.jar:/home/runner/.m2/repository/org/aspectj/aspectjweaver/1.9.7/aspectjweaver-1.9.7.jar:/home/runner/.m2/repository/org/apache/ozone/hdds-interface-client/1.3.0-SNAPSHOT/hdds-interface-client-1.3.0-SNAPSHOT.jar:/home/runner/.m2/repository/org/apache/hadoop/thirdparty/hadoop-shaded-protobuf_3_7/1.1.1/hadoop-shaded-protobuf_3_7-1.1.1.jar:/home/runner/.m2/repository/org/apache/ozone/ozone-interface-storage/1.3.0-SNAPSHOT/ozone-interface-storage-1.3.0-SNAPSHOT.jar:/home/runner/.m2/repository/org/reflections/reflections/0.9.11/reflections-0.9.11.jar:/home/runner/.m2/repository/com/sun/jersey/jersey-client/1.19/jersey-client-1.19.jar:/home/runner/.m2/repository/org/apache/ranger/ranger-intg/2.3.0/ranger-intg-2.3.0.jar:/home/runner/.m2/repository/org/apache/ranger/ranger-plugins-common/2.3.0/ranger-plugins-common-2.3.0.jar:/home/runner/.m2/repository/commons-lang/commons-lang/2.6/commons-lang-2.6.jar:/home/runner/.m2/repository/org/codehaus/jackson/jackson-jaxrs/1.9.13/jackson-jaxrs-1.9.13.jar:/home/runner/.m2/repository/org/apache/ranger/ranger-plugins-cred/2.3.0/ranger-plugins-cred-2.3.0.jar:/home/runner/.m2/repository/org/apache/ranger/ranger-plugins-audit/2.3.0/ranger-plugins-audit-2.3.0.jar:/home/runner/.m2/repository/org/eclipse/jetty/jetty-client/9.4.31.v20200723/jetty-client-9.4.31.v20200723.jar:/home/runner/.m2/repository/org/apache/httpcomponents/httpmime/4.5.6/httpmime-4.5.6.jar:/home/runner/.m2/repository/org/apache/httpcomponents/httpcore-nio/4.4.6/httpcore-nio-4.4.6.jar:/home/runner/.m2/repository/org/apache/httpcomponents/httpasyncclient/4.1.3/httpasyncclient-4.1.3.jar:/home/runner/.m2/repository/com/carrotsearch/hppc/0.8.0/hppc-0.8.0.jar:/home/runner/.m2/repository/org/apache/orc/orc-core/1.5.8/orc-core-1.5.8.jar:/home/runner/.m2/repository/net/java/dev/jna/jna/5.2.0/jna-5.2.0.jar:/home/runner/.m2/repository/net/java/dev/jna/jna-platform/5.2.0/jna-platform-5.2.0.jar:/home/runner/.m2/repository/com/kstruct/gethostname4j/0.0.2/gethostname4j-0.0.2.jar:/home/runner/.m2/repository/org/apache/ranger/ranger-plugin-classloader/2.3.0/ranger-plugin-classloader-2.3.0.jar:/home/runner/.m2/repository/org/apache/hadoop/hadoop-minikdc/3.3.1/hadoop-minikdc-3.3.1.jar:/home/runner/.m2/repository/org/apache/kerby/kerb-simplekdc/1.0.1/kerb-simplekdc-1.0.1.jar:/home/runner/.m2/repository/org/apache/kerby/kerb-client/1.0.1/kerb-client-1.0.1.jar:/home/runner/.m2/repository/org/apache/kerby/kerby-config/1.0.1/kerby-config-1.0.1.jar:/home/runner/.m2/repository/org/apache/kerby/kerb-common/1.0.1/kerb-common-1.0.1.jar:/home/runner/.m2/repository/org/apache/kerby/kerb-crypto/1.0.1/kerb-crypto-1.0.1.jar:/home/runner/.m2/repository/org/apache/kerby/kerb-util/1.0.1/kerb-util-1.0.1.jar:/home/runner/.m2/repository/org/apache/kerby/token-provider/1.0.1/token-provider-1.0.1.jar:/home/runner/.m2/repository/org/apache/kerby/kerb-admin/1.0.1/kerb-admin-1.0.1.jar:/home/runner/.m2/repository/org/apache/kerby/kerb-server/1.0.1/kerb-server-1.0.1.jar:/home/runner/.m2/repository/org/apache/kerby/kerb-identity/1.0.1/kerb-identity-1.0.1.jar:/home/runner/.m2/repository/org/apache/kerby/kerby-xdr/1.0.1/kerby-xdr-1.0.1.jar:/home/runner/.m2/repository/org/slf4j/slf4j-log4j12/1.7.30/slf4j-log4j12-1.7.30.jar:/home/runner/.m2/repository/org/apache/ozone/ozone-s3gateway/1.3.0-SNAPSHOT/ozone-s3gateway-1.3.0-SNAPSHOT.jar:/home/runner/.m2/repository/org/javassist/javassist/3.21.0-GA/javassist-3.21.0-GA.jar:/home/runner/.m2/repository/org/jboss/weld/servlet/weld-servlet/2.4.7.Final/weld-servlet-2.4.7.Final.jar:/home/runner/.m2/repository/org/glassfish/jersey/containers/jersey-container-servlet-core/2.33/jersey-container-servlet-core-2.33.jar:/home/runner/.m2/repository/org/glassfish/hk2/external/jakarta.inject/2.6.1/jakarta.inject-2.6.1.jar:/home/runner/.m2/repository/org/glassfish/jersey/core/jersey-common/2.33/jersey-common-2.33.jar:/home/runner/.m2/repository/jakarta/ws/rs/jakarta.ws.rs-api/2.1.6/jakarta.ws.rs-api-2.1.6.jar:/home/runner/.m2/repository/org/glassfish/jersey/ext/cdi/jersey-cdi1x/2.33/jersey-cdi1x-2.33.jar:/home/runner/.m2/repository/org/glassfish/jersey/inject/jersey-hk2/2.33/jersey-hk2-2.33.jar:/home/runner/.m2/repository/org/glassfish/hk2/hk2-locator/2.6.1/hk2-locator-2.6.1.jar:/home/runner/.m2/repository/org/glassfish/jersey/media/jersey-media-jaxb/2.33/jersey-media-jaxb-2.33.jar:/home/runner/.m2/repository/org/glassfish/hk2/osgi-resource-locator/1.0.3/osgi-resource-locator-1.0.3.jar:/home/runner/.m2/repository/org/glassfish/hk2/hk2-api/2.5.0/hk2-api-2.5.0.jar:/home/runner/.m2/repository/org/glassfish/hk2/hk2-utils/2.5.0/hk2-utils-2.5.0.jar:/home/runner/.m2/repository/org/glassfish/hk2/external/aopalliance-repackaged/2.5.0/aopalliance-repackaged-2.5.0.jar:/home/runner/.m2/repository/com/fasterxml/jackson/dataformat/jackson-dataformat-xml/2.13.2/jackson-dataformat-xml-2.13.2.jar:/home/runner/.m2/repository/com/fasterxml/jackson/core/jackson-core/2.13.2/jackson-core-2.13.2.jar:/home/runner/.m2/repository/org/codehaus/woodstox/stax2-api/3.1.4/stax2-api-3.1.4.jar:/home/runner/.m2/repository/com/fasterxml/woodstox/woodstox-core/5.0.3/woodstox-core-5.0.3.jar:/home/runner/.m2/repository/com/fasterxml/jackson/module/jackson-module-jaxb-annotations/2.13.2/jackson-module-jaxb-annotations-2.13.2.jar:/home/runner/.m2/repository/jakarta/xml/bind/jakarta.xml.bind-api/2.3.3/jakarta.xml.bind-api-2.3.3.jar:/home/runner/.m2/repository/jakarta/activation/jakarta.activation-api/1.2.1/jakarta.activation-api-1.2.1.jar:/home/runner/.m2/repository/javax/enterprise/cdi-api/1.2/cdi-api-1.2.jar:/home/runner/.m2/repository/javax/el/javax.el-api/3.0.0/javax.el-api-3.0.0.jar:/home/runner/.m2/repository/javax/interceptor/javax.interceptor-api/1.2/javax.interceptor-api-1.2.jar:/home/runner/.m2/repository/javax/inject/javax.inject/1/javax.inject-1.jar:/home/runner/.m2/repository/javax/xml/bind/jaxb-api/2.3.0/jaxb-api-2.3.0.jar:/home/runner/.m2/repository/org/glassfish/jaxb/jaxb-runtime/2.3.0.1/jaxb-runtime-2.3.0.1.jar:/home/runner/.m2/repository/org/glassfish/jaxb/jaxb-core/2.3.0.1/jaxb-core-2.3.0.1.jar:/home/runner/.m2/repository/org/glassfish/jaxb/txw2/2.3.0.1/txw2-2.3.0.1.jar:/home/runner/.m2/repository/com/sun/istack/istack-commons-runtime/3.0.5/istack-commons-runtime-3.0.5.jar:/home/runner/.m2/repository/org/jvnet/staxex/stax-ex/1.7.8/stax-ex-1.7.8.jar:/home/runner/.m2/repository/com/sun/xml/fastinfoset/FastInfoset/1.2.13/FastInfoset-1.2.13.jar:/home/runner/.m2/repository/javax/activation/activation/1.1.1/activation-1.1.1.jar:/home/runner/.m2/repository/io/grpc/grpc-protobuf/1.48.1/grpc-protobuf-1.48.1.jar:/home/runner/.m2/repository/io/grpc/grpc-api/1.48.1/grpc-api-1.48.1.jar:/home/runner/.m2/repository/io/grpc/grpc-context/1.48.1/grpc-context-1.48.1.jar:/home/runner/.m2/repository/com/google/api/grpc/proto-google-common-protos/2.9.0/proto-google-common-protos-2.9.0.jar:/home/runner/.m2/repository/io/grpc/grpc-protobuf-lite/1.48.1/grpc-protobuf-lite-1.48.1.jar:/home/runner/.m2/repository/io/grpc/grpc-stub/1.48.1/grpc-stub-1.48.1.jar:/home/runner/.m2/repository/io/netty/netty-transport/4.1.79.Final/netty-transport-4.1.79.Final.jar:/home/runner/.m2/repository/io/netty/netty-resolver/4.1.79.Final/netty-resolver-4.1.79.Final.jar:/home/runner/.m2/repository/org/apache/ozone/ozone-csi/1.3.0-SNAPSHOT/ozone-csi-1.3.0-SNAPSHOT.jar:/home/runner/.m2/repository/com/google/protobuf/protobuf-java-util/3.19.2/protobuf-java-util-3.19.2.jar:/home/runner/.m2/repository/com/google/code/gson/gson/2.9.0/gson-2.9.0.jar:/home/runner/.m2/repository/org/apache/ozone/hdds-config/1.3.0-SNAPSHOT/hdds-config-1.3.0-SNAPSHOT.jar:/home/runner/.m2/repository/io/netty/netty-transport-native-epoll/4.1.79.Final/netty-transport-native-epoll-4.1.79.Final-linux-x86_64.jar:/home/runner/.m2/repository/io/netty/netty-transport-classes-epoll/4.1.79.Final/netty-transport-classes-epoll-4.1.79.Final.jar:/home/runner/.m2/repository/io/netty/netty-transport-native-unix-common/4.1.79.Final/netty-transport-native-unix-common-4.1.79.Final.jar:/home/runner/.m2/repository/org/apache/ozone/ozone-recon/1.3.0-SNAPSHOT/ozone-recon-1.3.0-SNAPSHOT.jar:/home/runner/.m2/repository/org/apache/ozone/ozone-reconcodegen/1.3.0-SNAPSHOT/ozone-reconcodegen-1.3.0-SNAPSHOT.jar:/home/runner/.m2/repository/com/google/inject/extensions/guice-multibindings/4.0/guice-multibindings-4.0.jar:/home/runner/.m2/repository/com/google/inject/guice/4.0/guice-4.0.jar:/home/runner/.m2/repository/aopalliance/aopalliance/1.0/aopalliance-1.0.jar:/home/runner/.m2/repository/com/google/inject/extensions/guice-assistedinject/4.0/guice-assistedinject-4.0.jar:/home/runner/.m2/repository/com/google/inject/extensions/guice-servlet/4.0/guice-servlet-4.0.jar:/home/runner/.m2/repository/org/glassfish/jersey/containers/jersey-container-servlet/2.33/jersey-container-servlet-2.33.jar:/home/runner/.m2/repository/org/glassfish/hk2/guice-bridge/2.5.0/guice-bridge-2.5.0.jar:/home/runner/.m2/repository/org/glassfish/jersey/core/jersey-server/2.33/jersey-server-2.33.jar:/home/runner/.m2/repository/org/glassfish/jersey/core/jersey-client/2.33/jersey-client-2.33.jar:/home/runner/.m2/repository/jakarta/annotation/jakarta.annotation-api/1.3.5/jakarta.annotation-api-1.3.5.jar:/home/runner/.m2/repository/jakarta/validation/jakarta.validation-api/2.0.2/jakarta.validation-api-2.0.2.jar:/home/runner/.m2/repository/org/glassfish/jersey/media/jersey-media-json-jackson/2.33/jersey-media-json-jackson-2.33.jar:/home/runner/.m2/repository/org/glassfish/jersey/ext/jersey-entity-filtering/2.33/jersey-entity-filtering-2.33.jar:/home/runner/.m2/repository/org/jooq/jooq/3.11.10/jooq-3.11.10.jar:/home/runner/.m2/repository/org/jooq/jooq-meta/3.11.10/jooq-meta-3.11.10.jar:/home/runner/.m2/repository/org/jooq/jooq-codegen/3.11.10/jooq-codegen-3.11.10.jar:/home/runner/.m2/repository/com/jolbox/bonecp/0.8.0.RELEASE/bonecp-0.8.0.RELEASE.jar:/home/runner/.m2/repository/org/apache/derby/derby/10.14.2.0/derby-10.14.2.0.jar:/home/runner/.m2/repository/org/xerial/sqlite-jdbc/3.25.2/sqlite-jdbc-3.25.2.jar:/home/runner/.m2/repository/org/springframework/spring-jdbc/5.2.20.RELEASE/spring-jdbc-5.2.20.RELEASE.jar:/home/runner/.m2/repository/org/springframework/spring-beans/5.2.20.RELEASE/spring-beans-5.2.20.RELEASE.jar:/home/runner/.m2/repository/org/springframework/spring-core/5.2.20.RELEASE/spring-core-5.2.20.RELEASE.jar:/home/runner/.m2/repository/org/springframework/spring-jcl/5.2.20.RELEASE/spring-jcl-5.2.20.RELEASE.jar:/home/runner/.m2/repository/org/springframework/spring-tx/5.2.20.RELEASE/spring-tx-5.2.20.RELEASE.jar:/home/runner/.m2/repository/org/apache/ozone/ozone-client/1.3.0-SNAPSHOT/ozone-client-1.3.0-SNAPSHOT.jar:/home/runner/.m2/repository/org/apache/ozone/hdds-erasurecode/1.3.0-SNAPSHOT/hdds-erasurecode-1.3.0-SNAPSHOT.jar:/home/runner/.m2/repository/com/github/spotbugs/spotbugs-annotations/3.1.12/spotbugs-annotations-3.1.12.jar:/home/runner/.m2/repository/org/apache/ozone/ozone-filesystem/1.3.0-SNAPSHOT/ozone-filesystem-1.3.0-SNAPSHOT.jar:/home/runner/.m2/repository/org/apache/ozone/ozone-filesystem-common/1.3.0-SNAPSHOT/ozone-filesystem-common-1.3.0-SNAPSHOT.jar:/home/runner/.m2/repository/org/apache/ozone/ozone-tools/1.3.0-SNAPSHOT/ozone-tools-1.3.0-SNAPSHOT.jar:/home/runner/.m2/repository/org/apache/ratis/ratis-tools/2.3.0/ratis-tools-2.3.0.jar:/home/runner/.m2/repository/com/amazonaws/aws-java-sdk-core/1.12.261/aws-java-sdk-core-1.12.261.jar:/home/runner/.m2/repository/org/apache/httpcomponents/httpclient/4.5.13/httpclient-4.5.13.jar:/home/runner/.m2/repository/org/apache/httpcomponents/httpcore/4.4.13/httpcore-4.4.13.jar:/home/runner/.m2/repository/software/amazon/ion/ion-java/1.0.2/ion-java-1.0.2.jar:/home/runner/.m2/repository/com/fasterxml/jackson/dataformat/jackson-dataformat-cbor/2.13.2/jackson-dataformat-cbor-2.13.2.jar:/home/runner/.m2/repository/joda-time/joda-time/2.8.1/joda-time-2.8.1.jar:/home/runner/.m2/repository/com/amazonaws/aws-java-sdk-s3/1.12.261/aws-java-sdk-s3-1.12.261.jar:/home/runner/.m2/repository/com/amazonaws/aws-java-sdk-kms/1.12.261/aws-java-sdk-kms-1.12.261.jar:/home/runner/.m2/repository/com/amazonaws/jmespath-java/1.12.261/jmespath-java-1.12.261.jar:/home/runner/.m2/repository/org/kohsuke/metainf-services/metainf-services/1.8/metainf-services-1.8.jar:/home/runner/.m2/repository/org/apache/ozone/hdds-tools/1.3.0-SNAPSHOT/hdds-tools-1.3.0-SNAPSHOT.jar:/home/runner/.m2/repository/commons-cli/commons-cli/1.2/commons-cli-1.2.jar:/home/runner/.m2/repository/org/apache/commons/commons-lang3/3.7/commons-lang3-3.7.jar:/home/runner/.m2/repository/org/apache/ozone/ozone-manager/1.3.0-SNAPSHOT/ozone-manager-1.3.0-SNAPSHOT-tests.jar:/home/runner/.m2/repository/org/apache/ozone/hdds-common/1.3.0-SNAPSHOT/hdds-common-1.3.0-SNAPSHOT-tests.jar:/home/runner/.m2/repository/org/apache/ozone/hdds-hadoop-dependency-client/1.3.0-SNAPSHOT/hdds-hadoop-dependency-client-1.3.0-SNAPSHOT.jar:/home/runner/.m2/repository/info/picocli/picocli/4.6.1/picocli-4.6.1.jar:/home/runner/.m2/repository/com/fasterxml/jackson/core/jackson-annotations/2.13.2/jackson-annotations-2.13.2.jar:/home/runner/.m2/repository/com/fasterxml/jackson/datatype/jackson-datatype-jsr310/2.13.2/jackson-datatype-jsr310-2.13.2.jar:/home/runner/.m2/repository/javax/annotation/javax.annotation-api/1.2/javax.annotation-api-1.2.jar:/home/runner/.m2/repository/org/apache/ratis/ratis-server/2.3.0/ratis-server-2.3.0.jar:/home/runner/.m2/repository/org/apache/ratis/ratis-client/2.3.0/ratis-client-2.3.0.jar:/home/runner/.m2/repository/org/apache/ratis/ratis-server-api/2.3.0/ratis-server-api-2.3.0.jar:/home/runner/.m2/repository/org/apache/ratis/ratis-metrics/2.3.0/ratis-metrics-2.3.0.jar:/home/runner/.m2/repository/org/apache/ratis/ratis-netty/2.3.0/ratis-netty-2.3.0.jar:/home/runner/.m2/repository/org/apache/ratis/ratis-grpc/2.3.0/ratis-grpc-2.3.0.jar:/home/runner/.m2/repository/org/apache/logging/log4j/log4j-api/2.17.1/log4j-api-2.17.1.jar:/home/runner/.m2/repository/org/apache/commons/commons-pool2/2.6.0/commons-pool2-2.6.0.jar:/home/runner/.m2/repository/org/bouncycastle/bcpkix-jdk15on/1.67/bcpkix-jdk15on-1.67.jar:/home/runner/.m2/repository/commons-validator/commons-validator/1.6/commons-validator-1.6.jar:/home/runner/.m2/repository/commons-beanutils/commons-beanutils/1.9.4/commons-beanutils-1.9.4.jar:/home/runner/.m2/repository/commons-digester/commons-digester/1.8.1/commons-digester-1.8.1.jar:/home/runner/.m2/repository/commons-collections/commons-collections/3.2.2/commons-collections-3.2.2.jar:/home/runner/.m2/repository/io/jaegertracing/jaeger-client/1.6.0/jaeger-client-1.6.0.jar:/home/runner/.m2/repository/io/jaegertracing/jaeger-thrift/1.6.0/jaeger-thrift-1.6.0.jar:/home/runner/.m2/repository/org/apache/thrift/libthrift/0.14.1/libthrift-0.14.1.jar:/home/runner/.m2/repository/com/squareup/okhttp3/okhttp/4.9.0/okhttp-4.9.0.jar:/home/runner/.m2/repository/com/squareup/okio/okio/2.8.0/okio-2.8.0.jar:/home/runner/.m2/repository/io/jaegertracing/jaeger-core/1.6.0/jaeger-core-1.6.0.jar:/home/runner/.m2/repository/io/jaegertracing/jaeger-tracerresolver/1.6.0/jaeger-tracerresolver-1.6.0.jar:/home/runner/.m2/repository/io/opentracing/contrib/opentracing-tracerresolver/0.1.8/opentracing-tracerresolver-0.1.8.jar:/home/runner/.m2/repository/org/jetbrains/kotlin/kotlin-stdlib/1.6.21/kotlin-stdlib-1.6.21.jar:/home/runner/.m2/repository/org/jetbrains/kotlin/kotlin-stdlib-common/1.6.21/kotlin-stdlib-common-1.6.21.jar:/home/runner/.m2/repository/org/jetbrains/annotations/13.0/annotations-13.0.jar:/home/runner/.m2/repository/io/opentracing/opentracing-util/0.33.0/opentracing-util-0.33.0.jar:/home/runner/.m2/repository/io/opentracing/opentracing-api/0.33.0/opentracing-api-0.33.0.jar:/home/runner/.m2/repository/io/opentracing/opentracing-noop/0.33.0/opentracing-noop-0.33.0.jar:/home/runner/.m2/repository/org/yaml/snakeyaml/1.26/snakeyaml-1.26.jar:/home/runner/.m2/repository/org/apache/ozone/hdds-interface-admin/1.3.0-SNAPSHOT/hdds-interface-admin-1.3.0-SNAPSHOT.jar:/home/runner/.m2/repository/junit/junit/4.13.1/junit-4.13.1.jar:/home/runner/.m2/repository/org/hamcrest/hamcrest-core/1.3/hamcrest-core-1.3.jar:/home/runner/.m2/repository/org/junit/jupiter/junit-jupiter-api/5.8.2/junit-jupiter-api-5.8.2.jar:/home/runner/.m2/repository/org/opentest4j/opentest4j/1.2.0/opentest4j-1.2.0.jar:/home/runner/.m2/repository/org/junit/platform/junit-platform-commons/1.8.2/junit-platform-commons-1.8.2.jar:/home/runner/.m2/repository/org/apiguardian/apiguardian-api/1.1.2/apiguardian-api-1.1.2.jar:/home/runner/.m2/repository/org/junit/jupiter/junit-jupiter-params/5.8.2/junit-jupiter-params-5.8.2.jar:/home/runner/.m2/repository/org/junit/jupiter/junit-jupiter-migrationsupport/5.8.2/junit-jupiter-migrationsupport-5.8.2.jar:/home/runner/.m2/repository/org/junit/jupiter/junit-jupiter-engine/5.8.2/junit-jupiter-engine-5.8.2.jar:/home/runner/.m2/repository/org/junit/platform/junit-platform-engine/1.8.2/junit-platform-engine-1.8.2.jar:/home/runner/.m2/repository/org/junit/vintage/junit-vintage-engine/5.8.2/junit-vintage-engine-5.8.2.jar:/home/runner/.m2/repository/org/junit/platform/junit-platform-launcher/1.8.2/junit-platform-launcher-1.8.2.jar:/home/runner/.m2/repository/org/mockito/mockito-core/2.28.2/mockito-core-2.28.2.jar:/home/runner/.m2/repository/net/bytebuddy/byte-buddy/1.9.10/byte-buddy-1.9.10.jar:/home/runner/.m2/repository/net/bytebuddy/byte-buddy-agent/1.9.10/byte-buddy-agent-1.9.10.jar:/home/runner/.m2/repository/org/objenesis/objenesis/1.0/objenesis-1.0.jar:/home/runner/.m2/repository/org/apache/hadoop/hadoop-kms/3.3.1/hadoop-kms-3.3.1.jar:/home/runner/.m2/repository/org/apache/hadoop/hadoop-auth/3.3.1/hadoop-auth-3.3.1.jar:/home/runner/.m2/repository/com/nimbusds/nimbus-jose-jwt/7.9/nimbus-jose-jwt-7.9.jar:/home/runner/.m2/repository/com/github/stephenc/jcip/jcip-annotations/1.0-1/jcip-annotations-1.0-1.jar:/home/runner/.m2/repository/net/minidev/json-smart/2.4.7/json-smart-2.4.7.jar:/home/runner/.m2/repository/net/minidev/accessors-smart/2.4.7/accessors-smart-2.4.7.jar:/home/runner/.m2/repository/org/ow2/asm/asm/5.0.4/asm-5.0.4.jar:/home/runner/.m2/repository/org/apache/zookeeper/zookeeper/3.5.6/zookeeper-3.5.6.jar:/home/runner/.m2/repository/org/apache/zookeeper/zookeeper-jute/3.5.6/zookeeper-jute-3.5.6.jar:/home/runner/.m2/repository/org/apache/yetus/audience-annotations/0.5.0/audience-annotations-0.5.0.jar:/home/runner/.m2/repository/org/apache/curator/curator-framework/4.2.0/curator-framework-4.2.0.jar:/home/runner/.m2/repository/org/apache/hadoop/thirdparty/hadoop-shaded-guava/1.1.1/hadoop-shaded-guava-1.1.1.jar:/home/runner/.m2/repository/com/sun/jersey/jersey-core/1.19/jersey-core-1.19.jar:/home/runner/.m2/repository/javax/ws/rs/jsr311-api/1.1.1/jsr311-api-1.1.1.jar:/home/runner/.m2/repository/com/sun/jersey/jersey-server/1.19/jersey-server-1.19.jar:/home/runner/.m2/repository/javax/servlet/javax.servlet-api/3.1.0/javax.servlet-api-3.1.0.jar:/home/runner/.m2/repository/org/eclipse/jetty/jetty-server/9.4.43.v20210629/jetty-server-9.4.43.v20210629.jar:/home/runner/.m2/repository/org/eclipse/jetty/jetty-http/9.4.43.v20210629/jetty-http-9.4.43.v20210629.jar:/home/runner/.m2/repository/org/eclipse/jetty/jetty-io/9.4.43.v20210629/jetty-io-9.4.43.v20210629.jar:/home/runner/.m2/repository/org/eclipse/jetty/jetty-webapp/9.4.43.v20210629/jetty-webapp-9.4.43.v20210629.jar:/home/runner/.m2/repository/org/eclipse/jetty/jetty-xml/9.4.43.v20210629/jetty-xml-9.4.43.v20210629.jar:/home/runner/.m2/repository/org/apache/hadoop/hadoop-common/3.3.1/hadoop-common-3.3.1.jar:/home/runner/.m2/repository/org/apache/commons/commons-math3/3.1.1/commons-math3-3.1.1.jar:/home/runner/.m2/repository/commons-net/commons-net/3.6/commons-net-3.6.jar:/home/runner/.m2/repository/com/sun/jersey/jersey-servlet/1.19/jersey-servlet-1.19.jar:/home/runner/.m2/repository/com/sun/jersey/jersey-json/1.19/jersey-json-1.19.jar:/home/runner/.m2/repository/org/codehaus/jettison/jettison/1.1/jettison-1.1.jar:/home/runner/.m2/repository/com/sun/xml/bind/jaxb-impl/2.2.3-1/jaxb-impl-2.2.3-1.jar:/home/runner/.m2/repository/org/codehaus/jackson/jackson-xc/1.9.2/jackson-xc-1.9.2.jar:/home/runner/.m2/repository/org/apache/commons/commons-configuration2/2.1.1/commons-configuration2-2.1.1.jar:/home/runner/.m2/repository/org/apache/commons/commons-text/1.4/commons-text-1.4.jar:/home/runner/.m2/repository/com/google/re2j/re2j/1.1/re2j-1.1.jar:/home/runner/.m2/repository/com/jcraft/jsch/0.1.54/jsch-0.1.54.jar:/home/runner/.m2/repository/org/apache/curator/curator-client/4.2.0/curator-client-4.2.0.jar:/home/runner/.m2/repository/org/apache/curator/curator-recipes/4.2.0/curator-recipes-4.2.0.jar:/home/runner/.m2/repository/org/apache/kerby/kerb-core/1.0.1/kerb-core-1.0.1.jar:/home/runner/.m2/repository/org/apache/kerby/kerby-pkix/1.0.1/kerby-pkix-1.0.1.jar:/home/runner/.m2/repository/org/apache/kerby/kerby-asn1/1.0.1/kerby-asn1-1.0.1.jar:/home/runner/.m2/repository/org/apache/kerby/kerby-util/1.0.1/kerby-util-1.0.1.jar:/home/runner/.m2/repository/dnsjava/dnsjava/2.1.7/dnsjava-2.1.7.jar:/home/runner/.m2/repository/org/xerial/snappy/snappy-java/1.1.8.2/snappy-java-1.1.8.2.jar:/home/runner/.m2/repository/org/slf4j/jul-to-slf4j/1.7.30/jul-to-slf4j-1.7.30.jar:/home/runner/.m2/repository/org/eclipse/jetty/jetty-util/9.4.43.v20210629/jetty-util-9.4.43.v20210629.jar:/home/runner/.m2/repository/com/fasterxml/jackson/core/jackson-databind/2.13.2.2/jackson-databind-2.13.2.2.jar:/home/runner/.m2/repository/org/apache/hadoop/hadoop-kms/3.3.1/hadoop-kms-3.3.1-tests.jar:/home/runner/.m2/repository/org/apache/ozone/hdds-server-scm/1.3.0-SNAPSHOT/hdds-server-scm-1.3.0-SNAPSHOT-tests.jar:/home/runner/.m2/repository/org/apache/ozone/hdds-container-service/1.3.0-SNAPSHOT/hdds-container-service-1.3.0-SNAPSHOT-tests.jar:/home/runner/.m2/repository/commons-codec/commons-codec/1.11/commons-codec-1.11.jar:/home/runner/.m2/repository/io/netty/netty-codec/4.1.79.Final/netty-codec-4.1.79.Final.jar:/home/runner/.m2/repository/io/netty/netty-handler/4.1.79.Final/netty-handler-4.1.79.Final.jar:/home/runner/.m2/repository/org/apache/ozone/hdds-hadoop-dependency-test/1.3.0-SNAPSHOT/hdds-hadoop-dependency-test-1.3.0-SNAPSHOT.jar:/home/runner/.m2/repository/org/apache/hadoop/hadoop-common/3.3.1/hadoop-common-3.3.1-tests.jar:/home/runner/.m2/repository/org/assertj/assertj-core/3.12.2/assertj-core-3.12.2.jar:/home/runner/.m2/repository/org/apache/hadoop/hadoop-hdfs/3.3.1/hadoop-hdfs-3.3.1-tests.jar:/home/runner/.m2/repository/org/eclipse/jetty/jetty-util-ajax/9.4.43.v20210629/jetty-util-ajax-9.4.43.v20210629.jar:/home/runner/.m2/repository/commons-daemon/commons-daemon/1.0.13/commons-daemon-1.0.13.jar:/home/runner/.m2/repository/io/netty/netty/3.10.6.Final/netty-3.10.6.Final.jar:/home/runner/.m2/repository/io/netty/netty-all/4.1.79.Final/netty-all-4.1.79.Final.jar:/home/runner/.m2/repository/io/netty/netty-codec-dns/4.1.79.Final/netty-codec-dns-4.1.79.Final.jar:/home/runner/.m2/repository/io/netty/netty-codec-haproxy/4.1.79.Final/netty-codec-haproxy-4.1.79.Final.jar:/home/runner/.m2/repository/io/netty/netty-codec-memcache/4.1.79.Final/netty-codec-memcache-4.1.79.Final.jar:/home/runner/.m2/repository/io/netty/netty-codec-mqtt/4.1.79.Final/netty-codec-mqtt-4.1.79.Final.jar:/home/runner/.m2/repository/io/netty/netty-codec-redis/4.1.79.Final/netty-codec-redis-4.1.79.Final.jar:/home/runner/.m2/repository/io/netty/netty-codec-smtp/4.1.79.Final/netty-codec-smtp-4.1.79.Final.jar:/home/runner/.m2/repository/io/netty/netty-codec-stomp/4.1.79.Final/netty-codec-stomp-4.1.79.Final.jar:/home/runner/.m2/repository/io/netty/netty-codec-xml/4.1.79.Final/netty-codec-xml-4.1.79.Final.jar:/home/runner/.m2/repository/io/netty/netty-resolver-dns/4.1.79.Final/netty-resolver-dns-4.1.79.Final.jar:/home/runner/.m2/repository/io/netty/netty-transport-rxtx/4.1.79.Final/netty-transport-rxtx-4.1.79.Final.jar:/home/runner/.m2/repository/io/netty/netty-transport-sctp/4.1.79.Final/netty-transport-sctp-4.1.79.Final.jar:/home/runner/.m2/repository/io/netty/netty-transport-udt/4.1.79.Final/netty-transport-udt-4.1.79.Final.jar:/home/runner/.m2/repository/io/netty/netty-transport-classes-kqueue/4.1.79.Final/netty-transport-classes-kqueue-4.1.79.Final.jar:/home/runner/.m2/repository/io/netty/netty-resolver-dns-classes-macos/4.1.79.Final/netty-resolver-dns-classes-macos-4.1.79.Final.jar:/home/runner/.m2/repository/io/netty/netty-transport-native-epoll/4.1.79.Final/netty-transport-native-epoll-4.1.79.Final-linux-aarch_64.jar:/home/runner/.m2/repository/io/netty/netty-transport-native-kqueue/4.1.79.Final/netty-transport-native-kqueue-4.1.79.Final-osx-x86_64.jar:/home/runner/.m2/repository/io/netty/netty-transport-native-kqueue/4.1.79.Final/netty-transport-native-kqueue-4.1.79.Final-osx-aarch_64.jar:/home/runner/.m2/repository/io/netty/netty-resolver-dns-native-macos/4.1.79.Final/netty-resolver-dns-native-macos-4.1.79.Final-osx-x86_64.jar:/home/runner/.m2/repository/io/netty/netty-resolver-dns-native-macos/4.1.79.Final/netty-resolver-dns-native-macos-4.1.79.Final-osx-aarch_64.jar:/home/runner/.m2/repository/org/apache/htrace/htrace-core4/4.1.0-incubating/htrace-core4-4.1.0-incubating.jar:/home/runner/.m2/repository/org/fusesource/leveldbjni/leveldbjni-all/1.8/leveldbjni-all-1.8.jar:/home/runner/.m2/repository/org/apache/hadoop/hadoop-distcp/3.3.1/hadoop-distcp-3.3.1.jar:/home/runner/.m2/repository/org/apache/hadoop/hadoop-mapreduce-client-jobclient/3.3.1/hadoop-mapreduce-client-jobclient-3.3.1.jar:/home/runner/.m2/repository/org/apache/hadoop/hadoop-mapreduce-client-common/3.3.1/hadoop-mapreduce-client-common-3.3.1.jar:/home/runner/.m2/repository/org/apache/hadoop/hadoop-yarn-common/3.3.1/hadoop-yarn-common-3.3.1.jar:/home/runner/.m2/repository/org/apache/hadoop/hadoop-yarn-api/3.3.1/hadoop-yarn-api-3.3.1.jar:/home/runner/.m2/repository/com/sun/jersey/contribs/jersey-guice/1.19/jersey-guice-1.19.jar:/home/runner/.m2/repository/com/fasterxml/jackson/jaxrs/jackson-jaxrs-json-provider/2.13.2/jackson-jaxrs-json-provider-2.13.2.jar:/home/runner/.m2/repository/com/fasterxml/jackson/jaxrs/jackson-jaxrs-base/2.13.2/jackson-jaxrs-base-2.13.2.jar:/home/runner/.m2/repository/org/apache/hadoop/hadoop-yarn-client/3.3.1/hadoop-yarn-client-3.3.1.jar:/home/runner/.m2/repository/org/eclipse/jetty/websocket/websocket-client/9.4.40.v20210413/websocket-client-9.4.40.v20210413.jar:/home/runner/.m2/repository/org/eclipse/jetty/websocket/websocket-common/9.4.40.v20210413/websocket-common-9.4.40.v20210413.jar:/home/runner/.m2/repository/org/eclipse/jetty/websocket/websocket-api/9.4.40.v20210413/websocket-api-9.4.40.v20210413.jar:/home/runner/.m2/repository/org/jline/jline/3.9.0/jline-3.9.0.jar:/home/runner/.m2/repository/org/apache/hadoop/hadoop-mapreduce-client-core/3.3.1/hadoop-mapreduce-client-core-3.3.1.jar:/home/runner/.m2/repository/org/apache/avro/avro/1.7.7/avro-1.7.7.jar:/home/runner/.m2/repository/org/codehaus/jackson/jackson-core-asl/1.9.13/jackson-core-asl-1.9.13.jar:/home/runner/.m2/repository/org/codehaus/jackson/jackson-mapper-asl/1.9.13/jackson-mapper-asl-1.9.13.jar:/home/runner/.m2/repository/com/thoughtworks/paranamer/paranamer/2.3/paranamer-2.3.jar:/home/runner/.m2/repository/org/apache/hadoop/hadoop-annotations/3.3.1/hadoop-annotations-3.3.1.jar:/usr/lib/jvm/temurin-8-jdk-amd64/jre/../lib/tools.jar:/home/runner/.m2/repository/org/apache/hadoop/hadoop-distcp/3.3.1/hadoop-distcp-3.3.1-tests.jar:/home/runner/.m2/repository/org/apache/ratis/ratis-common/2.3.0/ratis-common-2.3.0.jar:/home/runner/.m2/repository/org/apache/ratis/ratis-thirdparty-misc/1.0.0/ratis-thirdparty-misc-1.0.0.jar:/home/runner/.m2/repository/org/apache/ratis/ratis-proto/2.3.0/ratis-proto-2.3.0.jar:/home/runner/.m2/repository/org/apache/ozone/ozone-annotation-processing/1.3.0-SNAPSHOT/ozone-annotation-processing-1.3.0-SNAPSHOT.jar:"/>
    <property name="java.vm.vendor" value="Temurin"/>
    <property name="sun.arch.data.model" value="64"/>
    <property name="test.build.dir" value="/home/runner/work/ozone/ozone/hadoop-ozone/integration-test/target/test-dir"/>
    <property name="test.cache.data" value=""/>
    <property name="java.vendor.url" value="https://adoptium.net/"/>
    <property name="user.timezone" value="Etc/UTC"/>
    <property name="java.vm.specification.version" value="1.8"/>
    <property name="os.name" value="Linux"/>
    <property name="test.build.data" value="/home/runner/work/ozone/ozone/hadoop-ozone/integration-test/target/test-dir"/>
    <property name="sun.java.launcher" value="SUN_STANDARD"/>
    <property name="sun.boot.library.path" value="/usr/lib/jvm/temurin-8-jdk-amd64/jre/lib/amd64"/>
    <property name="sun.java.command" value="/home/runner/work/ozone/ozone/hadoop-ozone/integration-test/target/surefire/surefirebooter8051456002950639433.jar /home/runner/work/ozone/ozone/hadoop-ozone/integration-test/target/surefire 2022-08-20T13-06-06_619-jvmRun1 surefire1730015700382542300tmp surefire_4299834818830513186tmp"/>
    <property name="surefire.test.class.path" value="/home/runner/work/ozone/ozone/hadoop-ozone/integration-test/target/test-classes:/home/runner/work/ozone/ozone/hadoop-ozone/integration-test/target/classes:/home/runner/.m2/repository/org/apache/ozone/ozone-common/1.3.0-SNAPSHOT/ozone-common-1.3.0-SNAPSHOT.jar:/home/runner/.m2/repository/io/grpc/grpc-netty/1.48.1/grpc-netty-1.48.1.jar:/home/runner/.m2/repository/io/grpc/grpc-core/1.48.1/grpc-core-1.48.1.jar:/home/runner/.m2/repository/com/google/android/annotations/4.1.1.4/annotations-4.1.1.4.jar:/home/runner/.m2/repository/org/codehaus/mojo/animal-sniffer-annotations/1.21/animal-sniffer-annotations-1.21.jar:/home/runner/.m2/repository/com/google/errorprone/error_prone_annotations/2.2.0/error_prone_annotations-2.2.0.jar:/home/runner/.m2/repository/io/perfmark/perfmark-api/0.25.0/perfmark-api-0.25.0.jar:/home/runner/.m2/repository/io/netty/netty-codec-http2/4.1.79.Final/netty-codec-http2-4.1.79.Final.jar:/home/runner/.m2/repository/io/netty/netty-common/4.1.79.Final/netty-common-4.1.79.Final.jar:/home/runner/.m2/repository/io/netty/netty-buffer/4.1.79.Final/netty-buffer-4.1.79.Final.jar:/home/runner/.m2/repository/io/netty/netty-codec-http/4.1.79.Final/netty-codec-http-4.1.79.Final.jar:/home/runner/.m2/repository/io/netty/netty-handler-proxy/4.1.79.Final/netty-handler-proxy-4.1.79.Final.jar:/home/runner/.m2/repository/io/netty/netty-codec-socks/4.1.79.Final/netty-codec-socks-4.1.79.Final.jar:/home/runner/.m2/repository/io/netty/netty-tcnative-boringssl-static/2.0.53.Final/netty-tcnative-boringssl-static-2.0.53.Final.jar:/home/runner/.m2/repository/io/netty/netty-tcnative-classes/2.0.53.Final/netty-tcnative-classes-2.0.53.Final.jar:/home/runner/.m2/repository/io/netty/netty-tcnative-boringssl-static/2.0.53.Final/netty-tcnative-boringssl-static-2.0.53.Final-linux-x86_64.jar:/home/runner/.m2/repository/io/netty/netty-tcnative-boringssl-static/2.0.53.Final/netty-tcnative-boringssl-static-2.0.53.Final-linux-aarch_64.jar:/home/runner/.m2/repository/io/netty/netty-tcnative-boringssl-static/2.0.53.Final/netty-tcnative-boringssl-static-2.0.53.Final-osx-x86_64.jar:/home/runner/.m2/repository/io/netty/netty-tcnative-boringssl-static/2.0.53.Final/netty-tcnative-boringssl-static-2.0.53.Final-osx-aarch_64.jar:/home/runner/.m2/repository/io/netty/netty-tcnative-boringssl-static/2.0.53.Final/netty-tcnative-boringssl-static-2.0.53.Final-windows-x86_64.jar:/home/runner/.m2/repository/org/apache/commons/commons-compress/1.21/commons-compress-1.21.jar:/home/runner/.m2/repository/org/apache/ozone/hdds-common/1.3.0-SNAPSHOT/hdds-common-1.3.0-SNAPSHOT.jar:/home/runner/.m2/repository/org/apache/ozone/hdds-client/1.3.0-SNAPSHOT/hdds-client-1.3.0-SNAPSHOT.jar:/home/runner/.m2/repository/org/apache/ozone/ozone-interface-client/1.3.0-SNAPSHOT/ozone-interface-client-1.3.0-SNAPSHOT.jar:/home/runner/.m2/repository/org/apache/ozone/hdds-test-utils/1.3.0-SNAPSHOT/hdds-test-utils-1.3.0-SNAPSHOT.jar:/home/runner/.m2/repository/com/google/guava/guava/31.1-jre/guava-31.1-jre.jar:/home/runner/.m2/repository/com/google/guava/failureaccess/1.0.1/failureaccess-1.0.1.jar:/home/runner/.m2/repository/com/google/guava/listenablefuture/9999.0-empty-to-avoid-conflict-with-guava/listenablefuture-9999.0-empty-to-avoid-conflict-with-guava.jar:/home/runner/.m2/repository/com/google/code/findbugs/jsr305/3.0.0/jsr305-3.0.0.jar:/home/runner/.m2/repository/org/checkerframework/checker-qual/3.12.0/checker-qual-3.12.0.jar:/home/runner/.m2/repository/com/google/j2objc/j2objc-annotations/1.3/j2objc-annotations-1.3.jar:/home/runner/.m2/repository/commons-io/commons-io/2.11.0/commons-io-2.11.0.jar:/home/runner/.m2/repository/commons-logging/commons-logging/1.2/commons-logging-1.2.jar:/home/runner/.m2/repository/log4j/log4j/1.2.17/log4j-1.2.17.jar:/home/runner/.m2/repository/org/slf4j/slf4j-api/1.7.30/slf4j-api-1.7.30.jar:/home/runner/.m2/repository/org/apache/ozone/hdds-server-scm/1.3.0-SNAPSHOT/hdds-server-scm-1.3.0-SNAPSHOT.jar:/home/runner/.m2/repository/org/apache/ozone/hdds-container-service/1.3.0-SNAPSHOT/hdds-container-service-1.3.0-SNAPSHOT.jar:/home/runner/.m2/repository/org/apache/ozone/hdds-hadoop-dependency-server/1.3.0-SNAPSHOT/hdds-hadoop-dependency-server-1.3.0-SNAPSHOT.jar:/home/runner/.m2/repository/org/apache/hadoop/hadoop-hdfs/3.3.1/hadoop-hdfs-3.3.1.jar:/home/runner/.m2/repository/org/apache/ozone/hdds-server-framework/1.3.0-SNAPSHOT/hdds-server-framework-1.3.0-SNAPSHOT.jar:/home/runner/.m2/repository/org/apache/ozone/hdds-interface-server/1.3.0-SNAPSHOT/hdds-interface-server-1.3.0-SNAPSHOT.jar:/home/runner/.m2/repository/org/apache/logging/log4j/log4j-core/2.17.1/log4j-core-2.17.1.jar:/home/runner/.m2/repository/com/lmax/disruptor/3.4.2/disruptor-3.4.2.jar:/home/runner/.m2/repository/org/eclipse/jetty/jetty-servlet/9.4.43.v20210629/jetty-servlet-9.4.43.v20210629.jar:/home/runner/.m2/repository/org/eclipse/jetty/jetty-security/9.4.43.v20210629/jetty-security-9.4.43.v20210629.jar:/home/runner/.m2/repository/org/rocksdb/rocksdbjni/6.29.5/rocksdbjni-6.29.5.jar:/home/runner/.m2/repository/io/prometheus/simpleclient_dropwizard/0.7.0/simpleclient_dropwizard-0.7.0.jar:/home/runner/.m2/repository/io/prometheus/simpleclient/0.7.0/simpleclient-0.7.0.jar:/home/runner/.m2/repository/io/prometheus/simpleclient_common/0.7.0/simpleclient_common-0.7.0.jar:/home/runner/.m2/repository/io/dropwizard/metrics/metrics-core/3.2.4/metrics-core-3.2.4.jar:/home/runner/.m2/repository/org/apache/hadoop/hadoop-hdfs-client/3.3.1/hadoop-hdfs-client-3.3.1.jar:/home/runner/.m2/repository/org/bouncycastle/bcprov-jdk15on/1.67/bcprov-jdk15on-1.67.jar:/home/runner/.m2/repository/com/google/protobuf/protobuf-java/2.5.0/protobuf-java-2.5.0.jar:/home/runner/.m2/repository/org/apache/ozone/ozone-manager/1.3.0-SNAPSHOT/ozone-manager-1.3.0-SNAPSHOT.jar:/home/runner/.m2/repository/org/aspectj/aspectjrt/1.9.7/aspectjrt-1.9.7.jar:/home/runner/.m2/repository/org/aspectj/aspectjweaver/1.9.7/aspectjweaver-1.9.7.jar:/home/runner/.m2/repository/org/apache/ozone/hdds-interface-client/1.3.0-SNAPSHOT/hdds-interface-client-1.3.0-SNAPSHOT.jar:/home/runner/.m2/repository/org/apache/hadoop/thirdparty/hadoop-shaded-protobuf_3_7/1.1.1/hadoop-shaded-protobuf_3_7-1.1.1.jar:/home/runner/.m2/repository/org/apache/ozone/ozone-interface-storage/1.3.0-SNAPSHOT/ozone-interface-storage-1.3.0-SNAPSHOT.jar:/home/runner/.m2/repository/org/reflections/reflections/0.9.11/reflections-0.9.11.jar:/home/runner/.m2/repository/com/sun/jersey/jersey-client/1.19/jersey-client-1.19.jar:/home/runner/.m2/repository/org/apache/ranger/ranger-intg/2.3.0/ranger-intg-2.3.0.jar:/home/runner/.m2/repository/org/apache/ranger/ranger-plugins-common/2.3.0/ranger-plugins-common-2.3.0.jar:/home/runner/.m2/repository/commons-lang/commons-lang/2.6/commons-lang-2.6.jar:/home/runner/.m2/repository/org/codehaus/jackson/jackson-jaxrs/1.9.13/jackson-jaxrs-1.9.13.jar:/home/runner/.m2/repository/org/apache/ranger/ranger-plugins-cred/2.3.0/ranger-plugins-cred-2.3.0.jar:/home/runner/.m2/repository/org/apache/ranger/ranger-plugins-audit/2.3.0/ranger-plugins-audit-2.3.0.jar:/home/runner/.m2/repository/org/eclipse/jetty/jetty-client/9.4.31.v20200723/jetty-client-9.4.31.v20200723.jar:/home/runner/.m2/repository/org/apache/httpcomponents/httpmime/4.5.6/httpmime-4.5.6.jar:/home/runner/.m2/repository/org/apache/httpcomponents/httpcore-nio/4.4.6/httpcore-nio-4.4.6.jar:/home/runner/.m2/repository/org/apache/httpcomponents/httpasyncclient/4.1.3/httpasyncclient-4.1.3.jar:/home/runner/.m2/repository/com/carrotsearch/hppc/0.8.0/hppc-0.8.0.jar:/home/runner/.m2/repository/org/apache/orc/orc-core/1.5.8/orc-core-1.5.8.jar:/home/runner/.m2/repository/net/java/dev/jna/jna/5.2.0/jna-5.2.0.jar:/home/runner/.m2/repository/net/java/dev/jna/jna-platform/5.2.0/jna-platform-5.2.0.jar:/home/runner/.m2/repository/com/kstruct/gethostname4j/0.0.2/gethostname4j-0.0.2.jar:/home/runner/.m2/repository/org/apache/ranger/ranger-plugin-classloader/2.3.0/ranger-plugin-classloader-2.3.0.jar:/home/runner/.m2/repository/org/apache/hadoop/hadoop-minikdc/3.3.1/hadoop-minikdc-3.3.1.jar:/home/runner/.m2/repository/org/apache/kerby/kerb-simplekdc/1.0.1/kerb-simplekdc-1.0.1.jar:/home/runner/.m2/repository/org/apache/kerby/kerb-client/1.0.1/kerb-client-1.0.1.jar:/home/runner/.m2/repository/org/apache/kerby/kerby-config/1.0.1/kerby-config-1.0.1.jar:/home/runner/.m2/repository/org/apache/kerby/kerb-common/1.0.1/kerb-common-1.0.1.jar:/home/runner/.m2/repository/org/apache/kerby/kerb-crypto/1.0.1/kerb-crypto-1.0.1.jar:/home/runner/.m2/repository/org/apache/kerby/kerb-util/1.0.1/kerb-util-1.0.1.jar:/home/runner/.m2/repository/org/apache/kerby/token-provider/1.0.1/token-provider-1.0.1.jar:/home/runner/.m2/repository/org/apache/kerby/kerb-admin/1.0.1/kerb-admin-1.0.1.jar:/home/runner/.m2/repository/org/apache/kerby/kerb-server/1.0.1/kerb-server-1.0.1.jar:/home/runner/.m2/repository/org/apache/kerby/kerb-identity/1.0.1/kerb-identity-1.0.1.jar:/home/runner/.m2/repository/org/apache/kerby/kerby-xdr/1.0.1/kerby-xdr-1.0.1.jar:/home/runner/.m2/repository/org/slf4j/slf4j-log4j12/1.7.30/slf4j-log4j12-1.7.30.jar:/home/runner/.m2/repository/org/apache/ozone/ozone-s3gateway/1.3.0-SNAPSHOT/ozone-s3gateway-1.3.0-SNAPSHOT.jar:/home/runner/.m2/repository/org/javassist/javassist/3.21.0-GA/javassist-3.21.0-GA.jar:/home/runner/.m2/repository/org/jboss/weld/servlet/weld-servlet/2.4.7.Final/weld-servlet-2.4.7.Final.jar:/home/runner/.m2/repository/org/glassfish/jersey/containers/jersey-container-servlet-core/2.33/jersey-container-servlet-core-2.33.jar:/home/runner/.m2/repository/org/glassfish/hk2/external/jakarta.inject/2.6.1/jakarta.inject-2.6.1.jar:/home/runner/.m2/repository/org/glassfish/jersey/core/jersey-common/2.33/jersey-common-2.33.jar:/home/runner/.m2/repository/jakarta/ws/rs/jakarta.ws.rs-api/2.1.6/jakarta.ws.rs-api-2.1.6.jar:/home/runner/.m2/repository/org/glassfish/jersey/ext/cdi/jersey-cdi1x/2.33/jersey-cdi1x-2.33.jar:/home/runner/.m2/repository/org/glassfish/jersey/inject/jersey-hk2/2.33/jersey-hk2-2.33.jar:/home/runner/.m2/repository/org/glassfish/hk2/hk2-locator/2.6.1/hk2-locator-2.6.1.jar:/home/runner/.m2/repository/org/glassfish/jersey/media/jersey-media-jaxb/2.33/jersey-media-jaxb-2.33.jar:/home/runner/.m2/repository/org/glassfish/hk2/osgi-resource-locator/1.0.3/osgi-resource-locator-1.0.3.jar:/home/runner/.m2/repository/org/glassfish/hk2/hk2-api/2.5.0/hk2-api-2.5.0.jar:/home/runner/.m2/repository/org/glassfish/hk2/hk2-utils/2.5.0/hk2-utils-2.5.0.jar:/home/runner/.m2/repository/org/glassfish/hk2/external/aopalliance-repackaged/2.5.0/aopalliance-repackaged-2.5.0.jar:/home/runner/.m2/repository/com/fasterxml/jackson/dataformat/jackson-dataformat-xml/2.13.2/jackson-dataformat-xml-2.13.2.jar:/home/runner/.m2/repository/com/fasterxml/jackson/core/jackson-core/2.13.2/jackson-core-2.13.2.jar:/home/runner/.m2/repository/org/codehaus/woodstox/stax2-api/3.1.4/stax2-api-3.1.4.jar:/home/runner/.m2/repository/com/fasterxml/woodstox/woodstox-core/5.0.3/woodstox-core-5.0.3.jar:/home/runner/.m2/repository/com/fasterxml/jackson/module/jackson-module-jaxb-annotations/2.13.2/jackson-module-jaxb-annotations-2.13.2.jar:/home/runner/.m2/repository/jakarta/xml/bind/jakarta.xml.bind-api/2.3.3/jakarta.xml.bind-api-2.3.3.jar:/home/runner/.m2/repository/jakarta/activation/jakarta.activation-api/1.2.1/jakarta.activation-api-1.2.1.jar:/home/runner/.m2/repository/javax/enterprise/cdi-api/1.2/cdi-api-1.2.jar:/home/runner/.m2/repository/javax/el/javax.el-api/3.0.0/javax.el-api-3.0.0.jar:/home/runner/.m2/repository/javax/interceptor/javax.interceptor-api/1.2/javax.interceptor-api-1.2.jar:/home/runner/.m2/repository/javax/inject/javax.inject/1/javax.inject-1.jar:/home/runner/.m2/repository/javax/xml/bind/jaxb-api/2.3.0/jaxb-api-2.3.0.jar:/home/runner/.m2/repository/org/glassfish/jaxb/jaxb-runtime/2.3.0.1/jaxb-runtime-2.3.0.1.jar:/home/runner/.m2/repository/org/glassfish/jaxb/jaxb-core/2.3.0.1/jaxb-core-2.3.0.1.jar:/home/runner/.m2/repository/org/glassfish/jaxb/txw2/2.3.0.1/txw2-2.3.0.1.jar:/home/runner/.m2/repository/com/sun/istack/istack-commons-runtime/3.0.5/istack-commons-runtime-3.0.5.jar:/home/runner/.m2/repository/org/jvnet/staxex/stax-ex/1.7.8/stax-ex-1.7.8.jar:/home/runner/.m2/repository/com/sun/xml/fastinfoset/FastInfoset/1.2.13/FastInfoset-1.2.13.jar:/home/runner/.m2/repository/javax/activation/activation/1.1.1/activation-1.1.1.jar:/home/runner/.m2/repository/io/grpc/grpc-protobuf/1.48.1/grpc-protobuf-1.48.1.jar:/home/runner/.m2/repository/io/grpc/grpc-api/1.48.1/grpc-api-1.48.1.jar:/home/runner/.m2/repository/io/grpc/grpc-context/1.48.1/grpc-context-1.48.1.jar:/home/runner/.m2/repository/com/google/api/grpc/proto-google-common-protos/2.9.0/proto-google-common-protos-2.9.0.jar:/home/runner/.m2/repository/io/grpc/grpc-protobuf-lite/1.48.1/grpc-protobuf-lite-1.48.1.jar:/home/runner/.m2/repository/io/grpc/grpc-stub/1.48.1/grpc-stub-1.48.1.jar:/home/runner/.m2/repository/io/netty/netty-transport/4.1.79.Final/netty-transport-4.1.79.Final.jar:/home/runner/.m2/repository/io/netty/netty-resolver/4.1.79.Final/netty-resolver-4.1.79.Final.jar:/home/runner/.m2/repository/org/apache/ozone/ozone-csi/1.3.0-SNAPSHOT/ozone-csi-1.3.0-SNAPSHOT.jar:/home/runner/.m2/repository/com/google/protobuf/protobuf-java-util/3.19.2/protobuf-java-util-3.19.2.jar:/home/runner/.m2/repository/com/google/code/gson/gson/2.9.0/gson-2.9.0.jar:/home/runner/.m2/repository/org/apache/ozone/hdds-config/1.3.0-SNAPSHOT/hdds-config-1.3.0-SNAPSHOT.jar:/home/runner/.m2/repository/io/netty/netty-transport-native-epoll/4.1.79.Final/netty-transport-native-epoll-4.1.79.Final-linux-x86_64.jar:/home/runner/.m2/repository/io/netty/netty-transport-classes-epoll/4.1.79.Final/netty-transport-classes-epoll-4.1.79.Final.jar:/home/runner/.m2/repository/io/netty/netty-transport-native-unix-common/4.1.79.Final/netty-transport-native-unix-common-4.1.79.Final.jar:/home/runner/.m2/repository/org/apache/ozone/ozone-recon/1.3.0-SNAPSHOT/ozone-recon-1.3.0-SNAPSHOT.jar:/home/runner/.m2/repository/org/apache/ozone/ozone-reconcodegen/1.3.0-SNAPSHOT/ozone-reconcodegen-1.3.0-SNAPSHOT.jar:/home/runner/.m2/repository/com/google/inject/extensions/guice-multibindings/4.0/guice-multibindings-4.0.jar:/home/runner/.m2/repository/com/google/inject/guice/4.0/guice-4.0.jar:/home/runner/.m2/repository/aopalliance/aopalliance/1.0/aopalliance-1.0.jar:/home/runner/.m2/repository/com/google/inject/extensions/guice-assistedinject/4.0/guice-assistedinject-4.0.jar:/home/runner/.m2/repository/com/google/inject/extensions/guice-servlet/4.0/guice-servlet-4.0.jar:/home/runner/.m2/repository/org/glassfish/jersey/containers/jersey-container-servlet/2.33/jersey-container-servlet-2.33.jar:/home/runner/.m2/repository/org/glassfish/hk2/guice-bridge/2.5.0/guice-bridge-2.5.0.jar:/home/runner/.m2/repository/org/glassfish/jersey/core/jersey-server/2.33/jersey-server-2.33.jar:/home/runner/.m2/repository/org/glassfish/jersey/core/jersey-client/2.33/jersey-client-2.33.jar:/home/runner/.m2/repository/jakarta/annotation/jakarta.annotation-api/1.3.5/jakarta.annotation-api-1.3.5.jar:/home/runner/.m2/repository/jakarta/validation/jakarta.validation-api/2.0.2/jakarta.validation-api-2.0.2.jar:/home/runner/.m2/repository/org/glassfish/jersey/media/jersey-media-json-jackson/2.33/jersey-media-json-jackson-2.33.jar:/home/runner/.m2/repository/org/glassfish/jersey/ext/jersey-entity-filtering/2.33/jersey-entity-filtering-2.33.jar:/home/runner/.m2/repository/org/jooq/jooq/3.11.10/jooq-3.11.10.jar:/home/runner/.m2/repository/org/jooq/jooq-meta/3.11.10/jooq-meta-3.11.10.jar:/home/runner/.m2/repository/org/jooq/jooq-codegen/3.11.10/jooq-codegen-3.11.10.jar:/home/runner/.m2/repository/com/jolbox/bonecp/0.8.0.RELEASE/bonecp-0.8.0.RELEASE.jar:/home/runner/.m2/repository/org/apache/derby/derby/10.14.2.0/derby-10.14.2.0.jar:/home/runner/.m2/repository/org/xerial/sqlite-jdbc/3.25.2/sqlite-jdbc-3.25.2.jar:/home/runner/.m2/repository/org/springframework/spring-jdbc/5.2.20.RELEASE/spring-jdbc-5.2.20.RELEASE.jar:/home/runner/.m2/repository/org/springframework/spring-beans/5.2.20.RELEASE/spring-beans-5.2.20.RELEASE.jar:/home/runner/.m2/repository/org/springframework/spring-core/5.2.20.RELEASE/spring-core-5.2.20.RELEASE.jar:/home/runner/.m2/repository/org/springframework/spring-jcl/5.2.20.RELEASE/spring-jcl-5.2.20.RELEASE.jar:/home/runner/.m2/repository/org/springframework/spring-tx/5.2.20.RELEASE/spring-tx-5.2.20.RELEASE.jar:/home/runner/.m2/repository/org/apache/ozone/ozone-client/1.3.0-SNAPSHOT/ozone-client-1.3.0-SNAPSHOT.jar:/home/runner/.m2/repository/org/apache/ozone/hdds-erasurecode/1.3.0-SNAPSHOT/hdds-erasurecode-1.3.0-SNAPSHOT.jar:/home/runner/.m2/repository/com/github/spotbugs/spotbugs-annotations/3.1.12/spotbugs-annotations-3.1.12.jar:/home/runner/.m2/repository/org/apache/ozone/ozone-filesystem/1.3.0-SNAPSHOT/ozone-filesystem-1.3.0-SNAPSHOT.jar:/home/runner/.m2/repository/org/apache/ozone/ozone-filesystem-common/1.3.0-SNAPSHOT/ozone-filesystem-common-1.3.0-SNAPSHOT.jar:/home/runner/.m2/repository/org/apache/ozone/ozone-tools/1.3.0-SNAPSHOT/ozone-tools-1.3.0-SNAPSHOT.jar:/home/runner/.m2/repository/org/apache/ratis/ratis-tools/2.3.0/ratis-tools-2.3.0.jar:/home/runner/.m2/repository/com/amazonaws/aws-java-sdk-core/1.12.261/aws-java-sdk-core-1.12.261.jar:/home/runner/.m2/repository/org/apache/httpcomponents/httpclient/4.5.13/httpclient-4.5.13.jar:/home/runner/.m2/repository/org/apache/httpcomponents/httpcore/4.4.13/httpcore-4.4.13.jar:/home/runner/.m2/repository/software/amazon/ion/ion-java/1.0.2/ion-java-1.0.2.jar:/home/runner/.m2/repository/com/fasterxml/jackson/dataformat/jackson-dataformat-cbor/2.13.2/jackson-dataformat-cbor-2.13.2.jar:/home/runner/.m2/repository/joda-time/joda-time/2.8.1/joda-time-2.8.1.jar:/home/runner/.m2/repository/com/amazonaws/aws-java-sdk-s3/1.12.261/aws-java-sdk-s3-1.12.261.jar:/home/runner/.m2/repository/com/amazonaws/aws-java-sdk-kms/1.12.261/aws-java-sdk-kms-1.12.261.jar:/home/runner/.m2/repository/com/amazonaws/jmespath-java/1.12.261/jmespath-java-1.12.261.jar:/home/runner/.m2/repository/org/kohsuke/metainf-services/metainf-services/1.8/metainf-services-1.8.jar:/home/runner/.m2/repository/org/apache/ozone/hdds-tools/1.3.0-SNAPSHOT/hdds-tools-1.3.0-SNAPSHOT.jar:/home/runner/.m2/repository/commons-cli/commons-cli/1.2/commons-cli-1.2.jar:/home/runner/.m2/repository/org/apache/commons/commons-lang3/3.7/commons-lang3-3.7.jar:/home/runner/.m2/repository/org/apache/ozone/ozone-manager/1.3.0-SNAPSHOT/ozone-manager-1.3.0-SNAPSHOT-tests.jar:/home/runner/.m2/repository/org/apache/ozone/hdds-common/1.3.0-SNAPSHOT/hdds-common-1.3.0-SNAPSHOT-tests.jar:/home/runner/.m2/repository/org/apache/ozone/hdds-hadoop-dependency-client/1.3.0-SNAPSHOT/hdds-hadoop-dependency-client-1.3.0-SNAPSHOT.jar:/home/runner/.m2/repository/info/picocli/picocli/4.6.1/picocli-4.6.1.jar:/home/runner/.m2/repository/com/fasterxml/jackson/core/jackson-annotations/2.13.2/jackson-annotations-2.13.2.jar:/home/runner/.m2/repository/com/fasterxml/jackson/datatype/jackson-datatype-jsr310/2.13.2/jackson-datatype-jsr310-2.13.2.jar:/home/runner/.m2/repository/javax/annotation/javax.annotation-api/1.2/javax.annotation-api-1.2.jar:/home/runner/.m2/repository/org/apache/ratis/ratis-server/2.3.0/ratis-server-2.3.0.jar:/home/runner/.m2/repository/org/apache/ratis/ratis-client/2.3.0/ratis-client-2.3.0.jar:/home/runner/.m2/repository/org/apache/ratis/ratis-server-api/2.3.0/ratis-server-api-2.3.0.jar:/home/runner/.m2/repository/org/apache/ratis/ratis-metrics/2.3.0/ratis-metrics-2.3.0.jar:/home/runner/.m2/repository/org/apache/ratis/ratis-netty/2.3.0/ratis-netty-2.3.0.jar:/home/runner/.m2/repository/org/apache/ratis/ratis-grpc/2.3.0/ratis-grpc-2.3.0.jar:/home/runner/.m2/repository/org/apache/logging/log4j/log4j-api/2.17.1/log4j-api-2.17.1.jar:/home/runner/.m2/repository/org/apache/commons/commons-pool2/2.6.0/commons-pool2-2.6.0.jar:/home/runner/.m2/repository/org/bouncycastle/bcpkix-jdk15on/1.67/bcpkix-jdk15on-1.67.jar:/home/runner/.m2/repository/commons-validator/commons-validator/1.6/commons-validator-1.6.jar:/home/runner/.m2/repository/commons-beanutils/commons-beanutils/1.9.4/commons-beanutils-1.9.4.jar:/home/runner/.m2/repository/commons-digester/commons-digester/1.8.1/commons-digester-1.8.1.jar:/home/runner/.m2/repository/commons-collections/commons-collections/3.2.2/commons-collections-3.2.2.jar:/home/runner/.m2/repository/io/jaegertracing/jaeger-client/1.6.0/jaeger-client-1.6.0.jar:/home/runner/.m2/repository/io/jaegertracing/jaeger-thrift/1.6.0/jaeger-thrift-1.6.0.jar:/home/runner/.m2/repository/org/apache/thrift/libthrift/0.14.1/libthrift-0.14.1.jar:/home/runner/.m2/repository/com/squareup/okhttp3/okhttp/4.9.0/okhttp-4.9.0.jar:/home/runner/.m2/repository/com/squareup/okio/okio/2.8.0/okio-2.8.0.jar:/home/runner/.m2/repository/io/jaegertracing/jaeger-core/1.6.0/jaeger-core-1.6.0.jar:/home/runner/.m2/repository/io/jaegertracing/jaeger-tracerresolver/1.6.0/jaeger-tracerresolver-1.6.0.jar:/home/runner/.m2/repository/io/opentracing/contrib/opentracing-tracerresolver/0.1.8/opentracing-tracerresolver-0.1.8.jar:/home/runner/.m2/repository/org/jetbrains/kotlin/kotlin-stdlib/1.6.21/kotlin-stdlib-1.6.21.jar:/home/runner/.m2/repository/org/jetbrains/kotlin/kotlin-stdlib-common/1.6.21/kotlin-stdlib-common-1.6.21.jar:/home/runner/.m2/repository/org/jetbrains/annotations/13.0/annotations-13.0.jar:/home/runner/.m2/repository/io/opentracing/opentracing-util/0.33.0/opentracing-util-0.33.0.jar:/home/runner/.m2/repository/io/opentracing/opentracing-api/0.33.0/opentracing-api-0.33.0.jar:/home/runner/.m2/repository/io/opentracing/opentracing-noop/0.33.0/opentracing-noop-0.33.0.jar:/home/runner/.m2/repository/org/yaml/snakeyaml/1.26/snakeyaml-1.26.jar:/home/runner/.m2/repository/org/apache/ozone/hdds-interface-admin/1.3.0-SNAPSHOT/hdds-interface-admin-1.3.0-SNAPSHOT.jar:/home/runner/.m2/repository/junit/junit/4.13.1/junit-4.13.1.jar:/home/runner/.m2/repository/org/hamcrest/hamcrest-core/1.3/hamcrest-core-1.3.jar:/home/runner/.m2/repository/org/junit/jupiter/junit-jupiter-api/5.8.2/junit-jupiter-api-5.8.2.jar:/home/runner/.m2/repository/org/opentest4j/opentest4j/1.2.0/opentest4j-1.2.0.jar:/home/runner/.m2/repository/org/junit/platform/junit-platform-commons/1.8.2/junit-platform-commons-1.8.2.jar:/home/runner/.m2/repository/org/apiguardian/apiguardian-api/1.1.2/apiguardian-api-1.1.2.jar:/home/runner/.m2/repository/org/junit/jupiter/junit-jupiter-params/5.8.2/junit-jupiter-params-5.8.2.jar:/home/runner/.m2/repository/org/junit/jupiter/junit-jupiter-migrationsupport/5.8.2/junit-jupiter-migrationsupport-5.8.2.jar:/home/runner/.m2/repository/org/junit/jupiter/junit-jupiter-engine/5.8.2/junit-jupiter-engine-5.8.2.jar:/home/runner/.m2/repository/org/junit/platform/junit-platform-engine/1.8.2/junit-platform-engine-1.8.2.jar:/home/runner/.m2/repository/org/junit/vintage/junit-vintage-engine/5.8.2/junit-vintage-engine-5.8.2.jar:/home/runner/.m2/repository/org/junit/platform/junit-platform-launcher/1.8.2/junit-platform-launcher-1.8.2.jar:/home/runner/.m2/repository/org/mockito/mockito-core/2.28.2/mockito-core-2.28.2.jar:/home/runner/.m2/repository/net/bytebuddy/byte-buddy/1.9.10/byte-buddy-1.9.10.jar:/home/runner/.m2/repository/net/bytebuddy/byte-buddy-agent/1.9.10/byte-buddy-agent-1.9.10.jar:/home/runner/.m2/repository/org/objenesis/objenesis/1.0/objenesis-1.0.jar:/home/runner/.m2/repository/org/apache/hadoop/hadoop-kms/3.3.1/hadoop-kms-3.3.1.jar:/home/runner/.m2/repository/org/apache/hadoop/hadoop-auth/3.3.1/hadoop-auth-3.3.1.jar:/home/runner/.m2/repository/com/nimbusds/nimbus-jose-jwt/7.9/nimbus-jose-jwt-7.9.jar:/home/runner/.m2/repository/com/github/stephenc/jcip/jcip-annotations/1.0-1/jcip-annotations-1.0-1.jar:/home/runner/.m2/repository/net/minidev/json-smart/2.4.7/json-smart-2.4.7.jar:/home/runner/.m2/repository/net/minidev/accessors-smart/2.4.7/accessors-smart-2.4.7.jar:/home/runner/.m2/repository/org/ow2/asm/asm/5.0.4/asm-5.0.4.jar:/home/runner/.m2/repository/org/apache/zookeeper/zookeeper/3.5.6/zookeeper-3.5.6.jar:/home/runner/.m2/repository/org/apache/zookeeper/zookeeper-jute/3.5.6/zookeeper-jute-3.5.6.jar:/home/runner/.m2/repository/org/apache/yetus/audience-annotations/0.5.0/audience-annotations-0.5.0.jar:/home/runner/.m2/repository/org/apache/curator/curator-framework/4.2.0/curator-framework-4.2.0.jar:/home/runner/.m2/repository/org/apache/hadoop/thirdparty/hadoop-shaded-guava/1.1.1/hadoop-shaded-guava-1.1.1.jar:/home/runner/.m2/repository/com/sun/jersey/jersey-core/1.19/jersey-core-1.19.jar:/home/runner/.m2/repository/javax/ws/rs/jsr311-api/1.1.1/jsr311-api-1.1.1.jar:/home/runner/.m2/repository/com/sun/jersey/jersey-server/1.19/jersey-server-1.19.jar:/home/runner/.m2/repository/javax/servlet/javax.servlet-api/3.1.0/javax.servlet-api-3.1.0.jar:/home/runner/.m2/repository/org/eclipse/jetty/jetty-server/9.4.43.v20210629/jetty-server-9.4.43.v20210629.jar:/home/runner/.m2/repository/org/eclipse/jetty/jetty-http/9.4.43.v20210629/jetty-http-9.4.43.v20210629.jar:/home/runner/.m2/repository/org/eclipse/jetty/jetty-io/9.4.43.v20210629/jetty-io-9.4.43.v20210629.jar:/home/runner/.m2/repository/org/eclipse/jetty/jetty-webapp/9.4.43.v20210629/jetty-webapp-9.4.43.v20210629.jar:/home/runner/.m2/repository/org/eclipse/jetty/jetty-xml/9.4.43.v20210629/jetty-xml-9.4.43.v20210629.jar:/home/runner/.m2/repository/org/apache/hadoop/hadoop-common/3.3.1/hadoop-common-3.3.1.jar:/home/runner/.m2/repository/org/apache/commons/commons-math3/3.1.1/commons-math3-3.1.1.jar:/home/runner/.m2/repository/commons-net/commons-net/3.6/commons-net-3.6.jar:/home/runner/.m2/repository/com/sun/jersey/jersey-servlet/1.19/jersey-servlet-1.19.jar:/home/runner/.m2/repository/com/sun/jersey/jersey-json/1.19/jersey-json-1.19.jar:/home/runner/.m2/repository/org/codehaus/jettison/jettison/1.1/jettison-1.1.jar:/home/runner/.m2/repository/com/sun/xml/bind/jaxb-impl/2.2.3-1/jaxb-impl-2.2.3-1.jar:/home/runner/.m2/repository/org/codehaus/jackson/jackson-xc/1.9.2/jackson-xc-1.9.2.jar:/home/runner/.m2/repository/org/apache/commons/commons-configuration2/2.1.1/commons-configuration2-2.1.1.jar:/home/runner/.m2/repository/org/apache/commons/commons-text/1.4/commons-text-1.4.jar:/home/runner/.m2/repository/com/google/re2j/re2j/1.1/re2j-1.1.jar:/home/runner/.m2/repository/com/jcraft/jsch/0.1.54/jsch-0.1.54.jar:/home/runner/.m2/repository/org/apache/curator/curator-client/4.2.0/curator-client-4.2.0.jar:/home/runner/.m2/repository/org/apache/curator/curator-recipes/4.2.0/curator-recipes-4.2.0.jar:/home/runner/.m2/repository/org/apache/kerby/kerb-core/1.0.1/kerb-core-1.0.1.jar:/home/runner/.m2/repository/org/apache/kerby/kerby-pkix/1.0.1/kerby-pkix-1.0.1.jar:/home/runner/.m2/repository/org/apache/kerby/kerby-asn1/1.0.1/kerby-asn1-1.0.1.jar:/home/runner/.m2/repository/org/apache/kerby/kerby-util/1.0.1/kerby-util-1.0.1.jar:/home/runner/.m2/repository/dnsjava/dnsjava/2.1.7/dnsjava-2.1.7.jar:/home/runner/.m2/repository/org/xerial/snappy/snappy-java/1.1.8.2/snappy-java-1.1.8.2.jar:/home/runner/.m2/repository/org/slf4j/jul-to-slf4j/1.7.30/jul-to-slf4j-1.7.30.jar:/home/runner/.m2/repository/org/eclipse/jetty/jetty-util/9.4.43.v20210629/jetty-util-9.4.43.v20210629.jar:/home/runner/.m2/repository/com/fasterxml/jackson/core/jackson-databind/2.13.2.2/jackson-databind-2.13.2.2.jar:/home/runner/.m2/repository/org/apache/hadoop/hadoop-kms/3.3.1/hadoop-kms-3.3.1-tests.jar:/home/runner/.m2/repository/org/apache/ozone/hdds-server-scm/1.3.0-SNAPSHOT/hdds-server-scm-1.3.0-SNAPSHOT-tests.jar:/home/runner/.m2/repository/org/apache/ozone/hdds-container-service/1.3.0-SNAPSHOT/hdds-container-service-1.3.0-SNAPSHOT-tests.jar:/home/runner/.m2/repository/commons-codec/commons-codec/1.11/commons-codec-1.11.jar:/home/runner/.m2/repository/io/netty/netty-codec/4.1.79.Final/netty-codec-4.1.79.Final.jar:/home/runner/.m2/repository/io/netty/netty-handler/4.1.79.Final/netty-handler-4.1.79.Final.jar:/home/runner/.m2/repository/org/apache/ozone/hdds-hadoop-dependency-test/1.3.0-SNAPSHOT/hdds-hadoop-dependency-test-1.3.0-SNAPSHOT.jar:/home/runner/.m2/repository/org/apache/hadoop/hadoop-common/3.3.1/hadoop-common-3.3.1-tests.jar:/home/runner/.m2/repository/org/assertj/assertj-core/3.12.2/assertj-core-3.12.2.jar:/home/runner/.m2/repository/org/apache/hadoop/hadoop-hdfs/3.3.1/hadoop-hdfs-3.3.1-tests.jar:/home/runner/.m2/repository/org/eclipse/jetty/jetty-util-ajax/9.4.43.v20210629/jetty-util-ajax-9.4.43.v20210629.jar:/home/runner/.m2/repository/commons-daemon/commons-daemon/1.0.13/commons-daemon-1.0.13.jar:/home/runner/.m2/repository/io/netty/netty/3.10.6.Final/netty-3.10.6.Final.jar:/home/runner/.m2/repository/io/netty/netty-all/4.1.79.Final/netty-all-4.1.79.Final.jar:/home/runner/.m2/repository/io/netty/netty-codec-dns/4.1.79.Final/netty-codec-dns-4.1.79.Final.jar:/home/runner/.m2/repository/io/netty/netty-codec-haproxy/4.1.79.Final/netty-codec-haproxy-4.1.79.Final.jar:/home/runner/.m2/repository/io/netty/netty-codec-memcache/4.1.79.Final/netty-codec-memcache-4.1.79.Final.jar:/home/runner/.m2/repository/io/netty/netty-codec-mqtt/4.1.79.Final/netty-codec-mqtt-4.1.79.Final.jar:/home/runner/.m2/repository/io/netty/netty-codec-redis/4.1.79.Final/netty-codec-redis-4.1.79.Final.jar:/home/runner/.m2/repository/io/netty/netty-codec-smtp/4.1.79.Final/netty-codec-smtp-4.1.79.Final.jar:/home/runner/.m2/repository/io/netty/netty-codec-stomp/4.1.79.Final/netty-codec-stomp-4.1.79.Final.jar:/home/runner/.m2/repository/io/netty/netty-codec-xml/4.1.79.Final/netty-codec-xml-4.1.79.Final.jar:/home/runner/.m2/repository/io/netty/netty-resolver-dns/4.1.79.Final/netty-resolver-dns-4.1.79.Final.jar:/home/runner/.m2/repository/io/netty/netty-transport-rxtx/4.1.79.Final/netty-transport-rxtx-4.1.79.Final.jar:/home/runner/.m2/repository/io/netty/netty-transport-sctp/4.1.79.Final/netty-transport-sctp-4.1.79.Final.jar:/home/runner/.m2/repository/io/netty/netty-transport-udt/4.1.79.Final/netty-transport-udt-4.1.79.Final.jar:/home/runner/.m2/repository/io/netty/netty-transport-classes-kqueue/4.1.79.Final/netty-transport-classes-kqueue-4.1.79.Final.jar:/home/runner/.m2/repository/io/netty/netty-resolver-dns-classes-macos/4.1.79.Final/netty-resolver-dns-classes-macos-4.1.79.Final.jar:/home/runner/.m2/repository/io/netty/netty-transport-native-epoll/4.1.79.Final/netty-transport-native-epoll-4.1.79.Final-linux-aarch_64.jar:/home/runner/.m2/repository/io/netty/netty-transport-native-kqueue/4.1.79.Final/netty-transport-native-kqueue-4.1.79.Final-osx-x86_64.jar:/home/runner/.m2/repository/io/netty/netty-transport-native-kqueue/4.1.79.Final/netty-transport-native-kqueue-4.1.79.Final-osx-aarch_64.jar:/home/runner/.m2/repository/io/netty/netty-resolver-dns-native-macos/4.1.79.Final/netty-resolver-dns-native-macos-4.1.79.Final-osx-x86_64.jar:/home/runner/.m2/repository/io/netty/netty-resolver-dns-native-macos/4.1.79.Final/netty-resolver-dns-native-macos-4.1.79.Final-osx-aarch_64.jar:/home/runner/.m2/repository/org/apache/htrace/htrace-core4/4.1.0-incubating/htrace-core4-4.1.0-incubating.jar:/home/runner/.m2/repository/org/fusesource/leveldbjni/leveldbjni-all/1.8/leveldbjni-all-1.8.jar:/home/runner/.m2/repository/org/apache/hadoop/hadoop-distcp/3.3.1/hadoop-distcp-3.3.1.jar:/home/runner/.m2/repository/org/apache/hadoop/hadoop-mapreduce-client-jobclient/3.3.1/hadoop-mapreduce-client-jobclient-3.3.1.jar:/home/runner/.m2/repository/org/apache/hadoop/hadoop-mapreduce-client-common/3.3.1/hadoop-mapreduce-client-common-3.3.1.jar:/home/runner/.m2/repository/org/apache/hadoop/hadoop-yarn-common/3.3.1/hadoop-yarn-common-3.3.1.jar:/home/runner/.m2/repository/org/apache/hadoop/hadoop-yarn-api/3.3.1/hadoop-yarn-api-3.3.1.jar:/home/runner/.m2/repository/com/sun/jersey/contribs/jersey-guice/1.19/jersey-guice-1.19.jar:/home/runner/.m2/repository/com/fasterxml/jackson/jaxrs/jackson-jaxrs-json-provider/2.13.2/jackson-jaxrs-json-provider-2.13.2.jar:/home/runner/.m2/repository/com/fasterxml/jackson/jaxrs/jackson-jaxrs-base/2.13.2/jackson-jaxrs-base-2.13.2.jar:/home/runner/.m2/repository/org/apache/hadoop/hadoop-yarn-client/3.3.1/hadoop-yarn-client-3.3.1.jar:/home/runner/.m2/repository/org/eclipse/jetty/websocket/websocket-client/9.4.40.v20210413/websocket-client-9.4.40.v20210413.jar:/home/runner/.m2/repository/org/eclipse/jetty/websocket/websocket-common/9.4.40.v20210413/websocket-common-9.4.40.v20210413.jar:/home/runner/.m2/repository/org/eclipse/jetty/websocket/websocket-api/9.4.40.v20210413/websocket-api-9.4.40.v20210413.jar:/home/runner/.m2/repository/org/jline/jline/3.9.0/jline-3.9.0.jar:/home/runner/.m2/repository/org/apache/hadoop/hadoop-mapreduce-client-core/3.3.1/hadoop-mapreduce-client-core-3.3.1.jar:/home/runner/.m2/repository/org/apache/avro/avro/1.7.7/avro-1.7.7.jar:/home/runner/.m2/repository/org/codehaus/jackson/jackson-core-asl/1.9.13/jackson-core-asl-1.9.13.jar:/home/runner/.m2/repository/org/codehaus/jackson/jackson-mapper-asl/1.9.13/jackson-mapper-asl-1.9.13.jar:/home/runner/.m2/repository/com/thoughtworks/paranamer/paranamer/2.3/paranamer-2.3.jar:/home/runner/.m2/repository/org/apache/hadoop/hadoop-annotations/3.3.1/hadoop-annotations-3.3.1.jar:/usr/lib/jvm/temurin-8-jdk-amd64/jre/../lib/tools.jar:/home/runner/.m2/repository/org/apache/hadoop/hadoop-distcp/3.3.1/hadoop-distcp-3.3.1-tests.jar:/home/runner/.m2/repository/org/apache/ratis/ratis-common/2.3.0/ratis-common-2.3.0.jar:/home/runner/.m2/repository/org/apache/ratis/ratis-thirdparty-misc/1.0.0/ratis-thirdparty-misc-1.0.0.jar:/home/runner/.m2/repository/org/apache/ratis/ratis-proto/2.3.0/ratis-proto-2.3.0.jar:/home/runner/.m2/repository/org/apache/ozone/ozone-annotation-processing/1.3.0-SNAPSHOT/ozone-annotation-processing-1.3.0-SNAPSHOT.jar:"/>
    <property name="sun.cpu.endian" value="little"/>
    <property name="user.home" value="/home/runner"/>
    <property name="user.language" value="en"/>
    <property name="java.specification.vendor" value="Oracle Corporation"/>
    <property name="java.home" value="/usr/lib/jvm/temurin-8-jdk-amd64/jre"/>
    <property name="java.security.krb5.conf" value="/home/runner/work/ozone/ozone/hadoop-ozone/integration-test/target/test-classes/krb5.conf"/>
    <property name="basedir" value="/home/runner/work/ozone/ozone/hadoop-ozone/integration-test"/>
    <property name="file.separator" value="/"/>
    <property name="line.separator" value="&#10;"/>
    <property name="java.vm.specification.vendor" value="Oracle Corporation"/>
    <property name="java.specification.name" value="Java Platform API Specification"/>
    <property name="java.awt.graphicsenv" value="sun.awt.X11GraphicsEnvironment"/>
    <property name="skip.installnpx" value="true"/>
    <property name="surefire.real.class.path" value="/home/runner/work/ozone/ozone/hadoop-ozone/integration-test/target/surefire/surefirebooter8051456002950639433.jar:/home/runner/.m2/repository/org/jacoco/org.jacoco.agent/0.8.5/org.jacoco.agent-0.8.5-runtime.jar"/>
    <property name="hadoop.log.dir" value="/home/runner/work/ozone/ozone/hadoop-ozone/integration-test/target/log"/>
    <property name="sun.boot.class.path" value="/usr/lib/jvm/temurin-8-jdk-amd64/jre/lib/resources.jar:/usr/lib/jvm/temurin-8-jdk-amd64/jre/lib/rt.jar:/usr/lib/jvm/temurin-8-jdk-amd64/jre/lib/sunrsasign.jar:/usr/lib/jvm/temurin-8-jdk-amd64/jre/lib/jsse.jar:/usr/lib/jvm/temurin-8-jdk-amd64/jre/lib/jce.jar:/usr/lib/jvm/temurin-8-jdk-amd64/jre/lib/charsets.jar:/usr/lib/jvm/temurin-8-jdk-amd64/jre/lib/jfr.jar:/usr/lib/jvm/temurin-8-jdk-amd64/jre/classes"/>
    <property name="sun.management.compiler" value="HotSpot 64-Bit Tiered Compilers"/>
    <property name="skip.npx" value="true"/>
    <property name="java.runtime.version" value="1.8.0_332-b09"/>
    <property name="java.net.preferIPv4Stack" value="true"/>
    <property name="user.name" value="runner"/>
    <property name="path.separator" value=":"/>
    <property name="java.security.egd" value="file:///dev/urandom"/>
    <property name="os.version" value="5.4.0-1086-azure"/>
    <property name="java.endorsed.dirs" value="/usr/lib/jvm/temurin-8-jdk-amd64/jre/lib/endorsed"/>
    <property name="java.runtime.name" value="OpenJDK Runtime Environment"/>
    <property name="file.encoding" value="UTF-8"/>
    <property name="java.vm.name" value="OpenJDK 64-Bit Server VM"/>
    <property name="test.build.webapps" value=""/>
    <property name="localRepository" value="/home/runner/.m2/repository"/>
    <property name="jetty.git.hash" value="526006ecfa3af7f1a27ef3a288e2bef7ea9dd7e8"/>
    <property name="java.vendor.url.bug" value="https://github.com/adoptium/adoptium-support/issues"/>
    <property name="java.io.tmpdir" value="/tmp"/>
    <property name="require.test.libhadoop" value=""/>
    <property name="java.version" value="1.8.0_332"/>
    <property name="user.dir" value="/home/runner/work/ozone/ozone/hadoop-ozone/integration-test"/>
    <property name="os.arch" value="amd64"/>
    <property name="java.vm.specification.name" value="Java Virtual Machine Specification"/>
    <property name="test.build.classes" value="/home/runner/work/ozone/ozone/hadoop-ozone/integration-test/target/test-classes"/>
    <property name="java.awt.printerjob" value="sun.print.PSPrinterJob"/>
    <property name="sun.os.patch.level" value="unknown"/>
    <property name="hadoop.tmp.dir" value="/home/runner/work/ozone/ozone/hadoop-ozone/integration-test/target/tmp"/>
    <property name="java.library.path" value="/usr/java/packages/lib/amd64:/usr/lib64:/lib64:/lib:/usr/lib"/>
    <property name="java.vm.info" value="mixed mode"/>
    <property name="java.vendor" value="Temurin"/>
    <property name="java.vm.version" value="25.332-b09"/>
    <property name="java.ext.dirs" value="/usr/lib/jvm/temurin-8-jdk-amd64/jre/lib/ext:/usr/java/packages/lib/ext"/>
    <property name="sun.io.unicode.encoding" value="UnicodeLittle"/>
    <property name="java.class.version" value="52.0"/>
  </properties>
  <testcase name="testRatisLogParsing" classname="org.apache.hadoop.ozone.parser.TestOzoneHARatisLogParser" time="86.11">
    <error type="java.util.concurrent.TimeoutException"><![CDATA[java.util.concurrent.TimeoutException: 
Timed out waiting for condition. Thread diagnostics:
Timestamp: 2022-08-20 01:52:02,677

"Reference Handler" daemon prio=10 tid=2 in Object.wait()
java.lang.Thread.State: WAITING (on object monitor)
        at java.lang.Object.wait(Native Method)
        at java.lang.Object.wait(Object.java:502)
        at java.lang.ref.Reference.tryHandlePending(Reference.java:191)
        at java.lang.ref.Reference$ReferenceHandler.run(Reference.java:153)
"Signal Dispatcher" daemon prio=9 tid=4 runnable
java.lang.Thread.State: RUNNABLE
"Datanode ReportManager Thread - 1" daemon prio=5 tid=831 timed_waiting
java.lang.Thread.State: TIMED_WAITING
        at sun.misc.Unsafe.park(Native Method)
        at java.util.concurrent.locks.LockSupport.parkNanos(LockSupport.java:215)
        at java.util.concurrent.locks.AbstractQueuedSynchronizer$ConditionObject.awaitNanos(AbstractQueuedSynchronizer.java:2078)
        at java.util.concurrent.ScheduledThreadPoolExecutor$DelayedWorkQueue.take(ScheduledThreadPoolExecutor.java:1093)
        at java.util.concurrent.ScheduledThreadPoolExecutor$DelayedWorkQueue.take(ScheduledThreadPoolExecutor.java:809)
        at java.util.concurrent.ThreadPoolExecutor.getTask(ThreadPoolExecutor.java:1074)
        at java.util.concurrent.ThreadPoolExecutor.runWorker(ThreadPoolExecutor.java:1134)
        at java.util.concurrent.ThreadPoolExecutor$Worker.run(ThreadPoolExecutor.java:624)
        at java.lang.Thread.run(Thread.java:750)
"ExpiredContainerReplicaOpScrubberThread" daemon prio=5 tid=32 timed_waiting
java.lang.Thread.State: TIMED_WAITING
        at java.lang.Object.wait(Native Method)
        at org.apache.hadoop.hdds.scm.ha.BackgroundSCMService.run(BackgroundSCMService.java:110)
        at org.apache.hadoop.hdds.scm.ha.BackgroundSCMService$$Lambda$675/2053913764.run(Unknown Source)
        at java.lang.Thread.run(Thread.java:750)
"EndpointStateMachine task thread for /127.0.0.1:45375 - 0 "  prio=5 tid=926 timed_waiting
java.lang.Thread.State: TIMED_WAITING
        at java.lang.AbstractStringBuilder.<init>(AbstractStringBuilder.java:68)
        at java.lang.StringBuilder.<init>(StringBuilder.java:94)
        at org.apache.hadoop.ipc.Client$Connection.handleConnectionFailure(Client.java:977)
        at org.apache.hadoop.ipc.Client$Connection.setupConnection(Client.java:724)
        at org.apache.hadoop.ipc.Client$Connection.setupIOstreams(Client.java:822)
        at org.apache.hadoop.ipc.Client$Connection.access$3800(Client.java:414)
        at org.apache.hadoop.ipc.Client.getConnection(Client.java:1647)
        at org.apache.hadoop.ipc.Client.call(Client.java:1463)
        at org.apache.hadoop.ipc.Client.call(Client.java:1416)
        at org.apache.hadoop.ipc.ProtobufRpcEngine$Invoker.invoke(ProtobufRpcEngine.java:236)
        at org.apache.hadoop.ipc.ProtobufRpcEngine$Invoker.invoke(ProtobufRpcEngine.java:123)
        at com.sun.proxy.$Proxy51.submitRequest(Unknown Source)
        at org.apache.hadoop.ozone.protocolPB.StorageContainerDatanodeProtocolClientSideTranslatorPB.submitRequest(StorageContainerDatanodeProtocolClientSideTranslatorPB.java:117)
        at org.apache.hadoop.ozone.protocolPB.StorageContainerDatanodeProtocolClientSideTranslatorPB.sendHeartbeat(StorageContainerDatanodeProtocolClientSideTranslatorPB.java:149)
        at org.apache.hadoop.ozone.container.common.states.endpoint.HeartbeatEndpointTask.call(HeartbeatEndpointTask.java:185)
        at org.apache.hadoop.ozone.container.common.states.endpoint.HeartbeatEndpointTask.call(HeartbeatEndpointTask.java:87)
        at java.util.concurrent.FutureTask.run(FutureTask.java:266)
        at java.util.concurrent.ThreadPoolExecutor.runWorker(ThreadPoolExecutor.java:1149)
        at java.util.concurrent.ThreadPoolExecutor$Worker.run(ThreadPoolExecutor.java:624)
        at java.lang.Thread.run(Thread.java:750)
"IPC Parameter Sending Thread #0" daemon prio=5 tid=268 timed_waiting
java.lang.Thread.State: TIMED_WAITING
        at sun.misc.Unsafe.park(Native Method)
        at java.util.concurrent.locks.LockSupport.parkNanos(LockSupport.java:215)
        at java.util.concurrent.SynchronousQueue$TransferStack.awaitFulfill(SynchronousQueue.java:460)
        at java.util.concurrent.SynchronousQueue$TransferStack.transfer(SynchronousQueue.java:362)
        at java.util.concurrent.SynchronousQueue.poll(SynchronousQueue.java:941)
        at java.util.concurrent.ThreadPoolExecutor.getTask(ThreadPoolExecutor.java:1073)
        at java.util.concurrent.ThreadPoolExecutor.runWorker(ThreadPoolExecutor.java:1134)
        at java.util.concurrent.ThreadPoolExecutor$Worker.run(ThreadPoolExecutor.java:624)
        at java.lang.Thread.run(Thread.java:750)
"org.apache.hadoop.ozone.container.common.statemachine.commandhandler.DeleteBlocksCommandHandler$DeleteCmdWorker@a1fde60" daemon prio=5 tid=844 runnable
java.lang.Thread.State: RUNNABLE
        at java.lang.Thread.sleep(Native Method)
        at org.apache.hadoop.ozone.container.common.statemachine.commandhandler.DeleteBlocksCommandHandler$DeleteCmdWorker.run(DeleteBlocksCommandHandler.java:185)
        at java.lang.Thread.run(Thread.java:750)
"org.apache.hadoop.ozone.container.common.statemachine.commandhandler.DeleteBlocksCommandHandler$DeleteCmdWorker@4f10a5ee" daemon prio=5 tid=792 runnable
java.lang.Thread.State: RUNNABLE
        at java.lang.Thread.sleep(Native Method)
        at org.apache.hadoop.ozone.container.common.statemachine.commandhandler.DeleteBlocksCommandHandler$DeleteCmdWorker.run(DeleteBlocksCommandHandler.java:185)
        at java.lang.Thread.run(Thread.java:750)
"FullTableCache Cleanup Thread - 0" daemon prio=5 tid=1205 in Object.wait()
java.lang.Thread.State: WAITING (on object monitor)
        at sun.misc.Unsafe.park(Native Method)
        at java.util.concurrent.locks.LockSupport.park(LockSupport.java:175)
        at java.util.concurrent.locks.AbstractQueuedSynchronizer$ConditionObject.await(AbstractQueuedSynchronizer.java:2039)
        at java.util.concurrent.LinkedBlockingQueue.take(LinkedBlockingQueue.java:442)
        at java.util.concurrent.ThreadPoolExecutor.getTask(ThreadPoolExecutor.java:1074)
        at java.util.concurrent.ThreadPoolExecutor.runWorker(ThreadPoolExecutor.java:1134)
        at java.util.concurrent.ThreadPoolExecutor$Worker.run(ThreadPoolExecutor.java:624)
        at java.lang.Thread.run(Thread.java:750)
"Datanode ReportManager Thread - 0" daemon prio=5 tid=830 in Object.wait()
java.lang.Thread.State: WAITING (on object monitor)
        at sun.misc.Unsafe.park(Native Method)
        at java.util.concurrent.locks.LockSupport.park(LockSupport.java:175)
        at java.util.concurrent.locks.AbstractQueuedSynchronizer$ConditionObject.await(AbstractQueuedSynchronizer.java:2039)
        at java.util.concurrent.ScheduledThreadPoolExecutor$DelayedWorkQueue.take(ScheduledThreadPoolExecutor.java:1088)
        at java.util.concurrent.ScheduledThreadPoolExecutor$DelayedWorkQueue.take(ScheduledThreadPoolExecutor.java:809)
        at java.util.concurrent.ThreadPoolExecutor.getTask(ThreadPoolExecutor.java:1074)
        at java.util.concurrent.ThreadPoolExecutor.runWorker(ThreadPoolExecutor.java:1134)
        at java.util.concurrent.ThreadPoolExecutor$Worker.run(ThreadPoolExecutor.java:624)
        at java.lang.Thread.run(Thread.java:750)
"Datanode ReportManager Thread - 2" daemon prio=5 tid=872 in Object.wait()
java.lang.Thread.State: WAITING (on object monitor)
        at sun.misc.Unsafe.park(Native Method)
        at java.util.concurrent.locks.LockSupport.park(LockSupport.java:175)
        at java.util.concurrent.locks.AbstractQueuedSynchronizer$ConditionObject.await(AbstractQueuedSynchronizer.java:2039)
        at java.util.concurrent.ScheduledThreadPoolExecutor$DelayedWorkQueue.take(ScheduledThreadPoolExecutor.java:1088)
        at java.util.concurrent.ScheduledThreadPoolExecutor$DelayedWorkQueue.take(ScheduledThreadPoolExecutor.java:809)
        at java.util.concurrent.ThreadPoolExecutor.getTask(ThreadPoolExecutor.java:1074)
        at java.util.concurrent.ThreadPoolExecutor.runWorker(ThreadPoolExecutor.java:1134)
        at java.util.concurrent.ThreadPoolExecutor$Worker.run(ThreadPoolExecutor.java:624)
        at java.lang.Thread.run(Thread.java:750)
"UnderReplicatedQueueThreadThread" daemon prio=5 tid=383 timed_waiting
java.lang.Thread.State: TIMED_WAITING
        at java.lang.Object.wait(Native Method)
        at org.apache.hadoop.hdds.scm.ha.BackgroundSCMService.run(BackgroundSCMService.java:110)
        at org.apache.hadoop.hdds.scm.ha.BackgroundSCMService$$Lambda$675/2053913764.run(Unknown Source)
        at java.lang.Thread.run(Thread.java:750)
"Finalizer" daemon prio=8 tid=3 in Object.wait()
java.lang.Thread.State: WAITING (on object monitor)
        at java.lang.Object.wait(Native Method)
        at java.lang.ref.ReferenceQueue.remove(ReferenceQueue.java:144)
        at java.lang.ref.ReferenceQueue.remove(ReferenceQueue.java:165)
        at java.lang.ref.Finalizer$FinalizerThread.run(Finalizer.java:216)
"Datanode ReportManager Thread - 4" daemon prio=5 tid=875 in Object.wait()
java.lang.Thread.State: WAITING (on object monitor)
        at sun.misc.Unsafe.park(Native Method)
        at java.util.concurrent.locks.LockSupport.park(LockSupport.java:175)
        at java.util.concurrent.locks.AbstractQueuedSynchronizer$ConditionObject.await(AbstractQueuedSynchronizer.java:2039)
        at java.util.concurrent.ScheduledThreadPoolExecutor$DelayedWorkQueue.take(ScheduledThreadPoolExecutor.java:1088)
        at java.util.concurrent.ScheduledThreadPoolExecutor$DelayedWorkQueue.take(ScheduledThreadPoolExecutor.java:809)
        at java.util.concurrent.ThreadPoolExecutor.getTask(ThreadPoolExecutor.java:1074)
        at java.util.concurrent.ThreadPoolExecutor.runWorker(ThreadPoolExecutor.java:1134)
        at java.util.concurrent.ThreadPoolExecutor$Worker.run(ThreadPoolExecutor.java:624)
        at java.lang.Thread.run(Thread.java:750)
"EndpointStateMachine task thread for /127.0.0.1:36399 - 0 "  prio=5 tid=924 blocked
java.lang.Thread.State: BLOCKED
        at org.apache.hadoop.ipc.Client$Connection.addCall(Client.java:522)
        at org.apache.hadoop.ipc.Client$Connection.access$3700(Client.java:414)
        at org.apache.hadoop.ipc.Client.getConnection(Client.java:1634)
        at org.apache.hadoop.ipc.Client.call(Client.java:1463)
        at org.apache.hadoop.ipc.Client.call(Client.java:1416)
        at org.apache.hadoop.ipc.ProtobufRpcEngine$Invoker.invoke(ProtobufRpcEngine.java:236)
        at org.apache.hadoop.ipc.ProtobufRpcEngine$Invoker.invoke(ProtobufRpcEngine.java:123)
        at com.sun.proxy.$Proxy51.submitRequest(Unknown Source)
        at org.apache.hadoop.ozone.protocolPB.StorageContainerDatanodeProtocolClientSideTranslatorPB.submitRequest(StorageContainerDatanodeProtocolClientSideTranslatorPB.java:117)
        at org.apache.hadoop.ozone.protocolPB.StorageContainerDatanodeProtocolClientSideTranslatorPB.sendHeartbeat(StorageContainerDatanodeProtocolClientSideTranslatorPB.java:149)
        at org.apache.hadoop.ozone.container.common.states.endpoint.HeartbeatEndpointTask.call(HeartbeatEndpointTask.java:185)
        at org.apache.hadoop.ozone.container.common.states.endpoint.HeartbeatEndpointTask.call(HeartbeatEndpointTask.java:87)
        at java.util.concurrent.FutureTask.run(FutureTask.java:266)
        at java.util.concurrent.ThreadPoolExecutor.runWorker(ThreadPoolExecutor.java:1149)
        at java.util.concurrent.ThreadPoolExecutor$Worker.run(ThreadPoolExecutor.java:624)
        at java.lang.Thread.run(Thread.java:750)
"Datanode ReportManager Thread - 3" daemon prio=5 tid=807 in Object.wait()
java.lang.Thread.State: WAITING (on object monitor)
        at sun.misc.Unsafe.park(Native Method)
        at java.util.concurrent.locks.LockSupport.park(LockSupport.java:175)
        at java.util.concurrent.locks.AbstractQueuedSynchronizer$ConditionObject.await(AbstractQueuedSynchronizer.java:2039)
        at java.util.concurrent.ScheduledThreadPoolExecutor$DelayedWorkQueue.take(ScheduledThreadPoolExecutor.java:1088)
        at java.util.concurrent.ScheduledThreadPoolExecutor$DelayedWorkQueue.take(ScheduledThreadPoolExecutor.java:809)
        at java.util.concurrent.ThreadPoolExecutor.getTask(ThreadPoolExecutor.java:1074)
        at java.util.concurrent.ThreadPoolExecutor.runWorker(ThreadPoolExecutor.java:1134)
        at java.util.concurrent.ThreadPoolExecutor$Worker.run(ThreadPoolExecutor.java:624)
        at java.lang.Thread.run(Thread.java:750)
"UnderReplicatedQueueThreadThread" daemon prio=5 tid=34 timed_waiting
java.lang.Thread.State: TIMED_WAITING
        at java.lang.Object.wait(Native Method)
        at org.apache.hadoop.hdds.scm.ha.BackgroundSCMService.run(BackgroundSCMService.java:110)
        at org.apache.hadoop.hdds.scm.ha.BackgroundSCMService$$Lambda$675/2053913764.run(Unknown Source)
        at java.lang.Thread.run(Thread.java:750)
"IPC Parameter Sending Thread #1" daemon prio=5 tid=892 timed_waiting
java.lang.Thread.State: TIMED_WAITING
        at sun.misc.Unsafe.park(Native Method)
        at java.util.concurrent.locks.LockSupport.parkNanos(LockSupport.java:215)
        at java.util.concurrent.SynchronousQueue$TransferStack.awaitFulfill(SynchronousQueue.java:460)
        at java.util.concurrent.SynchronousQueue$TransferStack.transfer(SynchronousQueue.java:362)
        at java.util.concurrent.SynchronousQueue.poll(SynchronousQueue.java:941)
        at java.util.concurrent.ThreadPoolExecutor.getTask(ThreadPoolExecutor.java:1073)
        at java.util.concurrent.ThreadPoolExecutor.runWorker(ThreadPoolExecutor.java:1134)
        at java.util.concurrent.ThreadPoolExecutor$Worker.run(ThreadPoolExecutor.java:624)
        at java.lang.Thread.run(Thread.java:750)
"FullTableCache Cleanup Thread - 0" daemon prio=5 tid=1214 in Object.wait()
java.lang.Thread.State: WAITING (on object monitor)
        at sun.misc.Unsafe.park(Native Method)
        at java.util.concurrent.locks.LockSupport.park(LockSupport.java:175)
        at java.util.concurrent.locks.AbstractQueuedSynchronizer$ConditionObject.await(AbstractQueuedSynchronizer.java:2039)
        at java.util.concurrent.LinkedBlockingQueue.take(LinkedBlockingQueue.java:442)
        at java.util.concurrent.ThreadPoolExecutor.getTask(ThreadPoolExecutor.java:1074)
        at java.util.concurrent.ThreadPoolExecutor.runWorker(ThreadPoolExecutor.java:1134)
        at java.util.concurrent.ThreadPoolExecutor$Worker.run(ThreadPoolExecutor.java:624)
        at java.lang.Thread.run(Thread.java:750)
"FullTableCache Cleanup Thread - 0" daemon prio=5 tid=1213 in Object.wait()
java.lang.Thread.State: WAITING (on object monitor)
        at sun.misc.Unsafe.park(Native Method)
        at java.util.concurrent.locks.LockSupport.park(LockSupport.java:175)
        at java.util.concurrent.locks.AbstractQueuedSynchronizer$ConditionObject.await(AbstractQueuedSynchronizer.java:2039)
        at java.util.concurrent.LinkedBlockingQueue.take(LinkedBlockingQueue.java:442)
        at java.util.concurrent.ThreadPoolExecutor.getTask(ThreadPoolExecutor.java:1074)
        at java.util.concurrent.ThreadPoolExecutor.runWorker(ThreadPoolExecutor.java:1134)
        at java.util.concurrent.ThreadPoolExecutor$Worker.run(ThreadPoolExecutor.java:624)
        at java.lang.Thread.run(Thread.java:750)
"IPC Parameter Sending Thread #2" daemon prio=5 tid=911 timed_waiting
java.lang.Thread.State: TIMED_WAITING
        at sun.misc.Unsafe.park(Native Method)
        at java.util.concurrent.locks.LockSupport.parkNanos(LockSupport.java:215)
        at java.util.concurrent.SynchronousQueue$TransferStack.awaitFulfill(SynchronousQueue.java:460)
        at java.util.concurrent.SynchronousQueue$TransferStack.transfer(SynchronousQueue.java:362)
        at java.util.concurrent.SynchronousQueue.poll(SynchronousQueue.java:941)
        at java.util.concurrent.ThreadPoolExecutor.getTask(ThreadPoolExecutor.java:1073)
        at java.util.concurrent.ThreadPoolExecutor.runWorker(ThreadPoolExecutor.java:1134)
        at java.util.concurrent.ThreadPoolExecutor$Worker.run(ThreadPoolExecutor.java:624)
        at java.lang.Thread.run(Thread.java:750)
"Datanode ReportManager Thread - 1" daemon prio=5 tid=871 timed_waiting
java.lang.Thread.State: TIMED_WAITING
        at sun.misc.Unsafe.park(Native Method)
        at java.util.concurrent.locks.LockSupport.parkNanos(LockSupport.java:215)
        at java.util.concurrent.locks.AbstractQueuedSynchronizer$ConditionObject.awaitNanos(AbstractQueuedSynchronizer.java:2078)
        at java.util.concurrent.ScheduledThreadPoolExecutor$DelayedWorkQueue.take(ScheduledThreadPoolExecutor.java:1093)
        at java.util.concurrent.ScheduledThreadPoolExecutor$DelayedWorkQueue.take(ScheduledThreadPoolExecutor.java:809)
        at java.util.concurrent.ThreadPoolExecutor.getTask(ThreadPoolExecutor.java:1074)
        at java.util.concurrent.ThreadPoolExecutor.runWorker(ThreadPoolExecutor.java:1134)
        at java.util.concurrent.ThreadPoolExecutor$Worker.run(ThreadPoolExecutor.java:624)
        at java.lang.Thread.run(Thread.java:750)
"java.util.concurrent.ThreadPoolExecutor$Worker@7ec179cd[State = -1, empty queue]" daemon prio=5 tid=1048 timed_waiting
java.lang.Thread.State: TIMED_WAITING
        at sun.misc.Unsafe.park(Native Method)
        at java.util.concurrent.locks.LockSupport.parkNanos(LockSupport.java:215)
        at java.util.concurrent.locks.AbstractQueuedSynchronizer$ConditionObject.awaitNanos(AbstractQueuedSynchronizer.java:2078)
        at java.util.concurrent.ScheduledThreadPoolExecutor$DelayedWorkQueue.take(ScheduledThreadPoolExecutor.java:1093)
        at java.util.concurrent.ScheduledThreadPoolExecutor$DelayedWorkQueue.take(ScheduledThreadPoolExecutor.java:809)
        at java.util.concurrent.ThreadPoolExecutor.getTask(ThreadPoolExecutor.java:1074)
        at java.util.concurrent.ThreadPoolExecutor.runWorker(ThreadPoolExecutor.java:1134)
        at java.util.concurrent.ThreadPoolExecutor$Worker.run(ThreadPoolExecutor.java:624)
        at java.lang.Thread.run(Thread.java:750)
"EndpointStateMachine task thread for /127.0.0.1:40675 - 0 "  prio=5 tid=910 timed_waiting
java.lang.Thread.State: TIMED_WAITING
        at java.lang.Thread.sleep(Native Method)
        at org.apache.hadoop.ipc.Client$Connection.handleConnectionFailure(Client.java:972)
        at org.apache.hadoop.ipc.Client$Connection.setupConnection(Client.java:724)
        at org.apache.hadoop.ipc.Client$Connection.setupIOstreams(Client.java:822)
        at org.apache.hadoop.ipc.Client$Connection.access$3800(Client.java:414)
        at org.apache.hadoop.ipc.Client.getConnection(Client.java:1647)
        at org.apache.hadoop.ipc.Client.call(Client.java:1463)
        at org.apache.hadoop.ipc.Client.call(Client.java:1416)
        at org.apache.hadoop.ipc.ProtobufRpcEngine$Invoker.invoke(ProtobufRpcEngine.java:236)
        at org.apache.hadoop.ipc.ProtobufRpcEngine$Invoker.invoke(ProtobufRpcEngine.java:123)
        at com.sun.proxy.$Proxy51.submitRequest(Unknown Source)
        at org.apache.hadoop.ozone.protocolPB.StorageContainerDatanodeProtocolClientSideTranslatorPB.submitRequest(StorageContainerDatanodeProtocolClientSideTranslatorPB.java:117)
        at org.apache.hadoop.ozone.protocolPB.StorageContainerDatanodeProtocolClientSideTranslatorPB.sendHeartbeat(StorageContainerDatanodeProtocolClientSideTranslatorPB.java:149)
        at org.apache.hadoop.ozone.container.common.states.endpoint.HeartbeatEndpointTask.call(HeartbeatEndpointTask.java:185)
        at org.apache.hadoop.ozone.container.common.states.endpoint.HeartbeatEndpointTask.call(HeartbeatEndpointTask.java:87)
        at java.util.concurrent.FutureTask.run(FutureTask.java:266)
        at java.util.concurrent.ThreadPoolExecutor.runWorker(ThreadPoolExecutor.java:1149)
        at java.util.concurrent.ThreadPoolExecutor$Worker.run(ThreadPoolExecutor.java:624)
        at java.lang.Thread.run(Thread.java:750)
"OverReplicatedQueueThreadThread" daemon prio=5 tid=35 timed_waiting
java.lang.Thread.State: TIMED_WAITING
        at java.lang.Object.wait(Native Method)
        at org.apache.hadoop.hdds.scm.ha.BackgroundSCMService.run(BackgroundSCMService.java:110)
        at org.apache.hadoop.hdds.scm.ha.BackgroundSCMService$$Lambda$675/2053913764.run(Unknown Source)
        at java.lang.Thread.run(Thread.java:750)
"Datanode ReportManager Thread - 0" daemon prio=5 tid=869 in Object.wait()
java.lang.Thread.State: WAITING (on object monitor)
        at sun.misc.Unsafe.park(Native Method)
        at java.util.concurrent.locks.LockSupport.park(LockSupport.java:175)
        at java.util.concurrent.locks.AbstractQueuedSynchronizer$ConditionObject.await(AbstractQueuedSynchronizer.java:2039)
        at java.util.concurrent.ScheduledThreadPoolExecutor$DelayedWorkQueue.take(ScheduledThreadPoolExecutor.java:1088)
        at java.util.concurrent.ScheduledThreadPoolExecutor$DelayedWorkQueue.take(ScheduledThreadPoolExecutor.java:809)
        at java.util.concurrent.ThreadPoolExecutor.getTask(ThreadPoolExecutor.java:1074)
        at java.util.concurrent.ThreadPoolExecutor.runWorker(ThreadPoolExecutor.java:1134)
        at java.util.concurrent.ThreadPoolExecutor$Worker.run(ThreadPoolExecutor.java:624)
        at java.lang.Thread.run(Thread.java:750)
"EndpointStateMachine task thread for /127.0.0.1:45375 - 0 "  prio=5 tid=886 in Object.wait()
java.lang.Thread.State: WAITING (on object monitor)
        at sun.misc.Unsafe.park(Native Method)
        at java.util.concurrent.locks.LockSupport.park(LockSupport.java:175)
        at java.util.concurrent.locks.AbstractQueuedSynchronizer$ConditionObject.await(AbstractQueuedSynchronizer.java:2039)
        at java.util.concurrent.LinkedBlockingQueue.take(LinkedBlockingQueue.java:442)
        at java.util.concurrent.ThreadPoolExecutor.getTask(ThreadPoolExecutor.java:1074)
        at java.util.concurrent.ThreadPoolExecutor.runWorker(ThreadPoolExecutor.java:1134)
        at java.util.concurrent.ThreadPoolExecutor$Worker.run(ThreadPoolExecutor.java:624)
        at java.lang.Thread.run(Thread.java:750)
"EndpointStateMachine task thread for /127.0.0.1:40675 - 0 "  prio=5 tid=888 blocked
java.lang.Thread.State: BLOCKED
        at org.apache.hadoop.ipc.Client$Connection.addCall(Client.java:522)
        at org.apache.hadoop.ipc.Client$Connection.access$3700(Client.java:414)
        at org.apache.hadoop.ipc.Client.getConnection(Client.java:1634)
        at org.apache.hadoop.ipc.Client.call(Client.java:1463)
        at org.apache.hadoop.ipc.Client.call(Client.java:1416)
        at org.apache.hadoop.ipc.ProtobufRpcEngine$Invoker.invoke(ProtobufRpcEngine.java:236)
        at org.apache.hadoop.ipc.ProtobufRpcEngine$Invoker.invoke(ProtobufRpcEngine.java:123)
        at com.sun.proxy.$Proxy51.submitRequest(Unknown Source)
        at org.apache.hadoop.ozone.protocolPB.StorageContainerDatanodeProtocolClientSideTranslatorPB.submitRequest(StorageContainerDatanodeProtocolClientSideTranslatorPB.java:117)
        at org.apache.hadoop.ozone.protocolPB.StorageContainerDatanodeProtocolClientSideTranslatorPB.sendHeartbeat(StorageContainerDatanodeProtocolClientSideTranslatorPB.java:149)
        at org.apache.hadoop.ozone.container.common.states.endpoint.HeartbeatEndpointTask.call(HeartbeatEndpointTask.java:185)
        at org.apache.hadoop.ozone.container.common.states.endpoint.HeartbeatEndpointTask.call(HeartbeatEndpointTask.java:87)
        at java.util.concurrent.FutureTask.run(FutureTask.java:266)
        at java.util.concurrent.ThreadPoolExecutor.runWorker(ThreadPoolExecutor.java:1149)
        at java.util.concurrent.ThreadPoolExecutor$Worker.run(ThreadPoolExecutor.java:624)
        at java.lang.Thread.run(Thread.java:750)
"Datanode ReportManager Thread - 4" daemon prio=5 tid=834 in Object.wait()
java.lang.Thread.State: WAITING (on object monitor)
        at sun.misc.Unsafe.park(Native Method)
        at java.util.concurrent.locks.LockSupport.park(LockSupport.java:175)
        at java.util.concurrent.locks.AbstractQueuedSynchronizer$ConditionObject.await(AbstractQueuedSynchronizer.java:2039)
        at java.util.concurrent.ScheduledThreadPoolExecutor$DelayedWorkQueue.take(ScheduledThreadPoolExecutor.java:1088)
        at java.util.concurrent.ScheduledThreadPoolExecutor$DelayedWorkQueue.take(ScheduledThreadPoolExecutor.java:809)
        at java.util.concurrent.ThreadPoolExecutor.getTask(ThreadPoolExecutor.java:1074)
        at java.util.concurrent.ThreadPoolExecutor.runWorker(ThreadPoolExecutor.java:1134)
        at java.util.concurrent.ThreadPoolExecutor$Worker.run(ThreadPoolExecutor.java:624)
        at java.lang.Thread.run(Thread.java:750)
"Datanode ReportManager Thread - 4" daemon prio=5 tid=808 in Object.wait()
java.lang.Thread.State: WAITING (on object monitor)
        at sun.misc.Unsafe.park(Native Method)
        at java.util.concurrent.locks.LockSupport.park(LockSupport.java:175)
        at java.util.concurrent.locks.AbstractQueuedSynchronizer$ConditionObject.await(AbstractQueuedSynchronizer.java:2039)
        at java.util.concurrent.ScheduledThreadPoolExecutor$DelayedWorkQueue.take(ScheduledThreadPoolExecutor.java:1088)
        at java.util.concurrent.ScheduledThreadPoolExecutor$DelayedWorkQueue.take(ScheduledThreadPoolExecutor.java:809)
        at java.util.concurrent.ThreadPoolExecutor.getTask(ThreadPoolExecutor.java:1074)
        at java.util.concurrent.ThreadPoolExecutor.runWorker(ThreadPoolExecutor.java:1134)
        at java.util.concurrent.ThreadPoolExecutor$Worker.run(ThreadPoolExecutor.java:624)
        at java.lang.Thread.run(Thread.java:750)
"OverReplicatedQueueThreadThread" daemon prio=5 tid=384 timed_waiting
java.lang.Thread.State: TIMED_WAITING
        at java.lang.Object.wait(Native Method)
        at org.apache.hadoop.hdds.scm.ha.BackgroundSCMService.run(BackgroundSCMService.java:110)
        at org.apache.hadoop.hdds.scm.ha.BackgroundSCMService$$Lambda$675/2053913764.run(Unknown Source)
        at java.lang.Thread.run(Thread.java:750)
"FullTableCache Cleanup Thread - 0" daemon prio=5 tid=1212 in Object.wait()
java.lang.Thread.State: WAITING (on object monitor)
        at sun.misc.Unsafe.park(Native Method)
        at java.util.concurrent.locks.LockSupport.park(LockSupport.java:175)
        at java.util.concurrent.locks.AbstractQueuedSynchronizer$ConditionObject.await(AbstractQueuedSynchronizer.java:2039)
        at java.util.concurrent.LinkedBlockingQueue.take(LinkedBlockingQueue.java:442)
        at java.util.concurrent.ThreadPoolExecutor.getTask(ThreadPoolExecutor.java:1074)
        at java.util.concurrent.ThreadPoolExecutor.runWorker(ThreadPoolExecutor.java:1134)
        at java.util.concurrent.ThreadPoolExecutor$Worker.run(ThreadPoolExecutor.java:624)
        at java.lang.Thread.run(Thread.java:750)
"OverReplicatedQueueThreadThread" daemon prio=5 tid=497 timed_waiting
java.lang.Thread.State: TIMED_WAITING
        at java.lang.Object.wait(Native Method)
        at org.apache.hadoop.hdds.scm.ha.BackgroundSCMService.run(BackgroundSCMService.java:110)
        at org.apache.hadoop.hdds.scm.ha.BackgroundSCMService$$Lambda$675/2053913764.run(Unknown Source)
        at java.lang.Thread.run(Thread.java:750)
"SSL Certificates Store Monitor" daemon prio=5 tid=602 in Object.wait()
java.lang.Thread.State: WAITING (on object monitor)
        at java.lang.Object.wait(Native Method)
        at java.lang.Object.wait(Object.java:502)
        at java.util.TimerThread.mainLoop(Timer.java:526)
        at java.util.TimerThread.run(Timer.java:505)
"surefire-forkedjvm-command-thread" daemon prio=5 tid=10 runnable
java.lang.Thread.State: RUNNABLE
        at java.io.FileInputStream.readBytes(Native Method)
        at java.io.FileInputStream.read(FileInputStream.java:255)
        at java.io.BufferedInputStream.read1(BufferedInputStream.java:284)
        at java.io.BufferedInputStream.read(BufferedInputStream.java:345)
        at java.io.BufferedInputStream.fill(BufferedInputStream.java:246)
        at java.io.BufferedInputStream.read1(BufferedInputStream.java:286)
        at java.io.BufferedInputStream.read(BufferedInputStream.java:345)
        at org.apache.maven.surefire.api.util.internal.Channels$3.readImpl(Channels.java:214)
        at org.apache.maven.surefire.api.util.internal.AbstractNoninterruptibleReadableChannel.read(AbstractNoninterruptibleReadableChannel.java:54)
        at org.apache.maven.surefire.booter.spi.LegacyMasterProcessChannelDecoder.decode(LegacyMasterProcessChannelDecoder.java:80)
        at org.apache.maven.surefire.booter.CommandReader$CommandRunnable.run(CommandReader.java:343)
        at java.lang.Thread.run(Thread.java:750)
"Listener at 127.0.0.1/34995" daemon prio=5 tid=12 runnable
java.lang.Thread.State: RUNNABLE
        at java.lang.Thread.dumpThreads(Native Method)
        at java.lang.Thread.getAllStackTraces(Thread.java:1615)
        at org.apache.ozone.test.TimedOutTestsListener.buildThreadDump(TimedOutTestsListener.java:93)
        at org.apache.ozone.test.TimedOutTestsListener.buildThreadDiagnosticString(TimedOutTestsListener.java:79)
        at org.apache.ozone.test.GenericTestUtils.waitFor(GenericTestUtils.java:224)
        at org.apache.hadoop.ozone.parser.TestOzoneHARatisLogParser.testRatisLogParsing(TestOzoneHARatisLogParser.java:129)
        at sun.reflect.NativeMethodAccessorImpl.invoke0(Native Method)
        at sun.reflect.NativeMethodAccessorImpl.invoke(NativeMethodAccessorImpl.java:62)
        at sun.reflect.DelegatingMethodAccessorImpl.invoke(DelegatingMethodAccessorImpl.java:43)
        at java.lang.reflect.Method.invoke(Method.java:498)
        at org.junit.runners.model.FrameworkMethod$1.runReflectiveCall(FrameworkMethod.java:59)
        at org.junit.internal.runners.model.ReflectiveCallable.run(ReflectiveCallable.java:12)
        at org.junit.runners.model.FrameworkMethod.invokeExplosively(FrameworkMethod.java:56)
        at org.junit.internal.runners.statements.InvokeMethod.evaluate(InvokeMethod.java:17)
        at org.junit.internal.runners.statements.RunBefores.evaluate(RunBefores.java:26)
        at org.junit.internal.runners.statements.RunAfters.evaluate(RunAfters.java:27)
        at org.junit.internal.runners.statements.FailOnTimeout$CallableStatement.call(FailOnTimeout.java:288)
        at org.junit.internal.runners.statements.FailOnTimeout$CallableStatement.call(FailOnTimeout.java:282)
        at java.util.concurrent.FutureTask.run(FutureTask.java:266)
        at java.lang.Thread.run(Thread.java:750)
"Datanode ReportManager Thread - 0" daemon prio=5 tid=804 in Object.wait()
java.lang.Thread.State: WAITING (on object monitor)
        at sun.misc.Unsafe.park(Native Method)
        at java.util.concurrent.locks.LockSupport.park(LockSupport.java:175)
        at java.util.concurrent.locks.AbstractQueuedSynchronizer$ConditionObject.await(AbstractQueuedSynchronizer.java:2039)
        at java.util.concurrent.ScheduledThreadPoolExecutor$DelayedWorkQueue.take(ScheduledThreadPoolExecutor.java:1088)
        at java.util.concurrent.ScheduledThreadPoolExecutor$DelayedWorkQueue.take(ScheduledThreadPoolExecutor.java:809)
        at java.util.concurrent.ThreadPoolExecutor.getTask(ThreadPoolExecutor.java:1074)
        at java.util.concurrent.ThreadPoolExecutor.runWorker(ThreadPoolExecutor.java:1134)
        at java.util.concurrent.ThreadPoolExecutor$Worker.run(ThreadPoolExecutor.java:624)
        at java.lang.Thread.run(Thread.java:750)
"main"  prio=5 tid=1 timed_waiting
java.lang.Thread.State: TIMED_WAITING
        at sun.misc.Unsafe.park(Native Method)
        at java.util.concurrent.locks.LockSupport.parkNanos(LockSupport.java:215)
        at java.util.concurrent.FutureTask.awaitDone(FutureTask.java:426)
        at java.util.concurrent.FutureTask.get(FutureTask.java:204)
        at org.junit.internal.runners.statements.FailOnTimeout.getResult(FailOnTimeout.java:156)
        at org.junit.internal.runners.statements.FailOnTimeout.evaluate(FailOnTimeout.java:129)
        at org.junit.runners.ParentRunner$3.evaluate(ParentRunner.java:306)
        at org.junit.runners.BlockJUnit4ClassRunner$1.evaluate(BlockJUnit4ClassRunner.java:100)
        at org.junit.runners.ParentRunner.runLeaf(ParentRunner.java:366)
        at org.junit.runners.BlockJUnit4ClassRunner.runChild(BlockJUnit4ClassRunner.java:103)
        at org.junit.runners.BlockJUnit4ClassRunner.runChild(BlockJUnit4ClassRunner.java:63)
        at org.junit.runners.ParentRunner$4.run(ParentRunner.java:331)
        at org.junit.runners.ParentRunner$1.schedule(ParentRunner.java:79)
        at org.junit.runners.ParentRunner.runChildren(ParentRunner.java:329)
        at org.junit.runners.ParentRunner.access$100(ParentRunner.java:66)
        at org.junit.runners.ParentRunner$2.evaluate(ParentRunner.java:293)
        at org.junit.runners.ParentRunner$3.evaluate(ParentRunner.java:306)
        at org.junit.runners.ParentRunner.run(ParentRunner.java:413)
        at org.junit.runner.JUnitCore.run(JUnitCore.java:137)
        at org.junit.runner.JUnitCore.run(JUnitCore.java:115)
        at org.junit.vintage.engine.execution.RunnerExecutor.execute(RunnerExecutor.java:42)
        at org.junit.vintage.engine.VintageTestEngine.executeAllChildren(VintageTestEngine.java:80)
        at org.junit.vintage.engine.VintageTestEngine.execute(VintageTestEngine.java:72)
        at org.junit.platform.launcher.core.EngineExecutionOrchestrator.execute(EngineExecutionOrchestrator.java:107)
        at org.junit.platform.launcher.core.EngineExecutionOrchestrator.execute(EngineExecutionOrchestrator.java:88)
        at org.junit.platform.launcher.core.EngineExecutionOrchestrator.lambda$execute$0(EngineExecutionOrchestrator.java:54)
        at org.junit.platform.launcher.core.EngineExecutionOrchestrator$$Lambda$188/726379593.accept(Unknown Source)
        at org.junit.platform.launcher.core.EngineExecutionOrchestrator.withInterceptedStreams(EngineExecutionOrchestrator.java:67)
        at org.junit.platform.launcher.core.EngineExecutionOrchestrator.execute(EngineExecutionOrchestrator.java:52)
        at org.junit.platform.launcher.core.DefaultLauncher.execute(DefaultLauncher.java:114)
        at org.junit.platform.launcher.core.DefaultLauncher.execute(DefaultLauncher.java:86)
        at org.junit.platform.launcher.core.DefaultLauncherSession$DelegatingLauncher.execute(DefaultLauncherSession.java:86)
        at org.junit.platform.launcher.core.SessionPerRequestLauncher.execute(SessionPerRequestLauncher.java:53)
        at org.apache.maven.surefire.junitplatform.JUnitPlatformProvider.execute(JUnitPlatformProvider.java:188)
        at org.apache.maven.surefire.junitplatform.JUnitPlatformProvider.invokeAllTests(JUnitPlatformProvider.java:154)
        at org.apache.maven.surefire.junitplatform.JUnitPlatformProvider.invoke(JUnitPlatformProvider.java:124)
        at org.apache.maven.surefire.booter.ForkedBooter.runSuitesInProcess(ForkedBooter.java:428)
        at org.apache.maven.surefire.booter.ForkedBooter.execute(ForkedBooter.java:162)
        at org.apache.maven.surefire.booter.ForkedBooter.run(ForkedBooter.java:562)
        at org.apache.maven.surefire.booter.ForkedBooter.main(ForkedBooter.java:548)
"Datanode ReportManager Thread - 3" daemon prio=5 tid=833 in Object.wait()
java.lang.Thread.State: WAITING (on object monitor)
        at sun.misc.Unsafe.park(Native Method)
        at java.util.concurrent.locks.LockSupport.park(LockSupport.java:175)
        at java.util.concurrent.locks.AbstractQueuedSynchronizer$ConditionObject.await(AbstractQueuedSynchronizer.java:2039)
        at java.util.concurrent.ScheduledThreadPoolExecutor$DelayedWorkQueue.take(ScheduledThreadPoolExecutor.java:1088)
        at java.util.concurrent.ScheduledThreadPoolExecutor$DelayedWorkQueue.take(ScheduledThreadPoolExecutor.java:809)
        at java.util.concurrent.ThreadPoolExecutor.getTask(ThreadPoolExecutor.java:1074)
        at java.util.concurrent.ThreadPoolExecutor.runWorker(ThreadPoolExecutor.java:1134)
        at java.util.concurrent.ThreadPoolExecutor$Worker.run(ThreadPoolExecutor.java:624)
        at java.lang.Thread.run(Thread.java:750)
"SSL Certificates Store Monitor" daemon prio=5 tid=656 in Object.wait()
java.lang.Thread.State: WAITING (on object monitor)
        at java.lang.Object.wait(Native Method)
        at java.lang.Object.wait(Object.java:502)
        at java.util.TimerThread.mainLoop(Timer.java:526)
        at java.util.TimerThread.run(Timer.java:505)
"EndpointStateMachine task thread for /127.0.0.1:36399 - 0 "  prio=5 tid=887 in Object.wait()
java.lang.Thread.State: WAITING (on object monitor)
        at sun.misc.Unsafe.park(Native Method)
        at java.util.concurrent.locks.LockSupport.park(LockSupport.java:175)
        at java.util.concurrent.locks.AbstractQueuedSynchronizer$ConditionObject.await(AbstractQueuedSynchronizer.java:2039)
        at java.util.concurrent.LinkedBlockingQueue.take(LinkedBlockingQueue.java:442)
        at java.util.concurrent.ThreadPoolExecutor.getTask(ThreadPoolExecutor.java:1074)
        at java.util.concurrent.ThreadPoolExecutor.runWorker(ThreadPoolExecutor.java:1134)
        at java.util.concurrent.ThreadPoolExecutor$Worker.run(ThreadPoolExecutor.java:624)
        at java.lang.Thread.run(Thread.java:750)
"FullTableCache Cleanup Thread - 0" daemon prio=5 tid=1207 in Object.wait()
java.lang.Thread.State: WAITING (on object monitor)
        at sun.misc.Unsafe.park(Native Method)
        at java.util.concurrent.locks.LockSupport.park(LockSupport.java:175)
        at java.util.concurrent.locks.AbstractQueuedSynchronizer$ConditionObject.await(AbstractQueuedSynchronizer.java:2039)
        at java.util.concurrent.LinkedBlockingQueue.take(LinkedBlockingQueue.java:442)
        at java.util.concurrent.ThreadPoolExecutor.getTask(ThreadPoolExecutor.java:1074)
        at java.util.concurrent.ThreadPoolExecutor.runWorker(ThreadPoolExecutor.java:1134)
        at java.util.concurrent.ThreadPoolExecutor$Worker.run(ThreadPoolExecutor.java:624)
        at java.lang.Thread.run(Thread.java:750)
"ExpiredContainerReplicaOpScrubberThread" daemon prio=5 tid=381 timed_waiting
java.lang.Thread.State: TIMED_WAITING
        at java.lang.Object.wait(Native Method)
        at org.apache.hadoop.hdds.scm.ha.BackgroundSCMService.run(BackgroundSCMService.java:110)
        at org.apache.hadoop.hdds.scm.ha.BackgroundSCMService$$Lambda$675/2053913764.run(Unknown Source)
        at java.lang.Thread.run(Thread.java:750)
"ExpiredContainerReplicaOpScrubberThread" daemon prio=5 tid=494 timed_waiting
java.lang.Thread.State: TIMED_WAITING
        at java.lang.Object.wait(Native Method)
        at org.apache.hadoop.hdds.scm.ha.BackgroundSCMService.run(BackgroundSCMService.java:110)
        at org.apache.hadoop.hdds.scm.ha.BackgroundSCMService$$Lambda$675/2053913764.run(Unknown Source)
        at java.lang.Thread.run(Thread.java:750)
"Datanode ReportManager Thread - 2" daemon prio=5 tid=806 in Object.wait()
java.lang.Thread.State: WAITING (on object monitor)
        at sun.misc.Unsafe.park(Native Method)
        at java.util.concurrent.locks.LockSupport.park(LockSupport.java:175)
        at java.util.concurrent.locks.AbstractQueuedSynchronizer$ConditionObject.await(AbstractQueuedSynchronizer.java:2039)
        at java.util.concurrent.ScheduledThreadPoolExecutor$DelayedWorkQueue.take(ScheduledThreadPoolExecutor.java:1088)
        at java.util.concurrent.ScheduledThreadPoolExecutor$DelayedWorkQueue.take(ScheduledThreadPoolExecutor.java:809)
        at java.util.concurrent.ThreadPoolExecutor.getTask(ThreadPoolExecutor.java:1074)
        at java.util.concurrent.ThreadPoolExecutor.runWorker(ThreadPoolExecutor.java:1134)
        at java.util.concurrent.ThreadPoolExecutor$Worker.run(ThreadPoolExecutor.java:624)
        at java.lang.Thread.run(Thread.java:750)
"SSL Certificates Store Monitor" daemon prio=5 tid=715 in Object.wait()
java.lang.Thread.State: WAITING (on object monitor)
        at java.lang.Object.wait(Native Method)
        at java.lang.Object.wait(Object.java:502)
        at java.util.TimerThread.mainLoop(Timer.java:526)
        at java.util.TimerThread.run(Timer.java:505)
"EndpointStateMachine task thread for /127.0.0.1:36399 - 0 "  prio=5 tid=908 timed_waiting
java.lang.Thread.State: TIMED_WAITING
        at java.lang.Thread.sleep(Native Method)
        at org.apache.hadoop.ipc.Client$Connection.handleConnectionFailure(Client.java:972)
        at org.apache.hadoop.ipc.Client$Connection.setupConnection(Client.java:724)
        at org.apache.hadoop.ipc.Client$Connection.setupIOstreams(Client.java:822)
        at org.apache.hadoop.ipc.Client$Connection.access$3800(Client.java:414)
        at org.apache.hadoop.ipc.Client.getConnection(Client.java:1647)
        at org.apache.hadoop.ipc.Client.call(Client.java:1463)
        at org.apache.hadoop.ipc.Client.call(Client.java:1416)
        at org.apache.hadoop.ipc.ProtobufRpcEngine$Invoker.invoke(ProtobufRpcEngine.java:236)
        at org.apache.hadoop.ipc.ProtobufRpcEngine$Invoker.invoke(ProtobufRpcEngine.java:123)
        at com.sun.proxy.$Proxy51.submitRequest(Unknown Source)
        at org.apache.hadoop.ozone.protocolPB.StorageContainerDatanodeProtocolClientSideTranslatorPB.submitRequest(StorageContainerDatanodeProtocolClientSideTranslatorPB.java:117)
        at org.apache.hadoop.ozone.protocolPB.StorageContainerDatanodeProtocolClientSideTranslatorPB.sendHeartbeat(StorageContainerDatanodeProtocolClientSideTranslatorPB.java:149)
        at org.apache.hadoop.ozone.container.common.states.endpoint.HeartbeatEndpointTask.call(HeartbeatEndpointTask.java:185)
        at org.apache.hadoop.ozone.container.common.states.endpoint.HeartbeatEndpointTask.call(HeartbeatEndpointTask.java:87)
        at java.util.concurrent.FutureTask.run(FutureTask.java:266)
        at java.util.concurrent.ThreadPoolExecutor.runWorker(ThreadPoolExecutor.java:1149)
        at java.util.concurrent.ThreadPoolExecutor$Worker.run(ThreadPoolExecutor.java:624)
        at java.lang.Thread.run(Thread.java:750)
"org.apache.hadoop.ozone.container.common.statemachine.commandhandler.DeleteBlocksCommandHandler$DeleteCmdWorker@63679d8e" daemon prio=5 tid=818 runnable
java.lang.Thread.State: RUNNABLE
        at java.lang.Throwable.fillInStackTrace(Native Method)
        at java.lang.Throwable.fillInStackTrace(Throwable.java:784)
        at java.lang.Throwable.<init>(Throwable.java:266)
        at java.lang.Exception.<init>(Exception.java:66)
        at java.lang.InterruptedException.<init>(InterruptedException.java:67)
        at java.lang.Thread.sleep(Native Method)
        at org.apache.hadoop.ozone.container.common.statemachine.commandhandler.DeleteBlocksCommandHandler$DeleteCmdWorker.run(DeleteBlocksCommandHandler.java:185)
        at java.lang.Thread.run(Thread.java:750)
"Datanode ReportManager Thread - 3" daemon prio=5 tid=874 in Object.wait()
java.lang.Thread.State: WAITING (on object monitor)
        at sun.misc.Unsafe.park(Native Method)
        at java.util.concurrent.locks.LockSupport.park(LockSupport.java:175)
        at java.util.concurrent.locks.AbstractQueuedSynchronizer$ConditionObject.await(AbstractQueuedSynchronizer.java:2039)
        at java.util.concurrent.ScheduledThreadPoolExecutor$DelayedWorkQueue.take(ScheduledThreadPoolExecutor.java:1088)
        at java.util.concurrent.ScheduledThreadPoolExecutor$DelayedWorkQueue.take(ScheduledThreadPoolExecutor.java:809)
        at java.util.concurrent.ThreadPoolExecutor.getTask(ThreadPoolExecutor.java:1074)
        at java.util.concurrent.ThreadPoolExecutor.runWorker(ThreadPoolExecutor.java:1134)
        at java.util.concurrent.ThreadPoolExecutor$Worker.run(ThreadPoolExecutor.java:624)
        at java.lang.Thread.run(Thread.java:750)
"Datanode ReportManager Thread - 1" daemon prio=5 tid=805 timed_waiting
java.lang.Thread.State: TIMED_WAITING
        at sun.misc.Unsafe.park(Native Method)
        at java.util.concurrent.locks.LockSupport.parkNanos(LockSupport.java:215)
        at java.util.concurrent.locks.AbstractQueuedSynchronizer$ConditionObject.awaitNanos(AbstractQueuedSynchronizer.java:2078)
        at java.util.concurrent.ScheduledThreadPoolExecutor$DelayedWorkQueue.take(ScheduledThreadPoolExecutor.java:1093)
        at java.util.concurrent.ScheduledThreadPoolExecutor$DelayedWorkQueue.take(ScheduledThreadPoolExecutor.java:809)
        at java.util.concurrent.ThreadPoolExecutor.getTask(ThreadPoolExecutor.java:1074)
        at java.util.concurrent.ThreadPoolExecutor.runWorker(ThreadPoolExecutor.java:1134)
        at java.util.concurrent.ThreadPoolExecutor$Worker.run(ThreadPoolExecutor.java:624)
        at java.lang.Thread.run(Thread.java:750)
"UnderReplicatedQueueThreadThread" daemon prio=5 tid=496 timed_waiting
java.lang.Thread.State: TIMED_WAITING
        at java.lang.Object.wait(Native Method)
        at org.apache.hadoop.hdds.scm.ha.BackgroundSCMService.run(BackgroundSCMService.java:110)
        at org.apache.hadoop.hdds.scm.ha.BackgroundSCMService$$Lambda$675/2053913764.run(Unknown Source)
        at java.lang.Thread.run(Thread.java:750)
"Datanode ReportManager Thread - 2" daemon prio=5 tid=832 in Object.wait()
java.lang.Thread.State: WAITING (on object monitor)
        at sun.misc.Unsafe.park(Native Method)
        at java.util.concurrent.locks.LockSupport.park(LockSupport.java:175)
        at java.util.concurrent.locks.AbstractQueuedSynchronizer$ConditionObject.await(AbstractQueuedSynchronizer.java:2039)
        at java.util.concurrent.ScheduledThreadPoolExecutor$DelayedWorkQueue.take(ScheduledThreadPoolExecutor.java:1088)
        at java.util.concurrent.ScheduledThreadPoolExecutor$DelayedWorkQueue.take(ScheduledThreadPoolExecutor.java:809)
        at java.util.concurrent.ThreadPoolExecutor.getTask(ThreadPoolExecutor.java:1074)
        at java.util.concurrent.ThreadPoolExecutor.runWorker(ThreadPoolExecutor.java:1134)
        at java.util.concurrent.ThreadPoolExecutor$Worker.run(ThreadPoolExecutor.java:624)
        at java.lang.Thread.run(Thread.java:750)
"EndpointStateMachine task thread for /127.0.0.1:45375 - 0 "  prio=5 tid=909 blocked
java.lang.Thread.State: BLOCKED
        at org.apache.hadoop.ipc.Client$Connection.addCall(Client.java:522)
        at org.apache.hadoop.ipc.Client$Connection.access$3700(Client.java:414)
        at org.apache.hadoop.ipc.Client.getConnection(Client.java:1634)
        at org.apache.hadoop.ipc.Client.call(Client.java:1463)
        at org.apache.hadoop.ipc.Client.call(Client.java:1416)
        at org.apache.hadoop.ipc.ProtobufRpcEngine$Invoker.invoke(ProtobufRpcEngine.java:236)
        at org.apache.hadoop.ipc.ProtobufRpcEngine$Invoker.invoke(ProtobufRpcEngine.java:123)
        at com.sun.proxy.$Proxy51.submitRequest(Unknown Source)
        at org.apache.hadoop.ozone.protocolPB.StorageContainerDatanodeProtocolClientSideTranslatorPB.submitRequest(StorageContainerDatanodeProtocolClientSideTranslatorPB.java:117)
        at org.apache.hadoop.ozone.protocolPB.StorageContainerDatanodeProtocolClientSideTranslatorPB.sendHeartbeat(StorageContainerDatanodeProtocolClientSideTranslatorPB.java:149)
        at org.apache.hadoop.ozone.container.common.states.endpoint.HeartbeatEndpointTask.call(HeartbeatEndpointTask.java:185)
        at org.apache.hadoop.ozone.container.common.states.endpoint.HeartbeatEndpointTask.call(HeartbeatEndpointTask.java:87)
        at java.util.concurrent.FutureTask.run(FutureTask.java:266)
        at java.util.concurrent.ThreadPoolExecutor.runWorker(ThreadPoolExecutor.java:1149)
        at java.util.concurrent.ThreadPoolExecutor$Worker.run(ThreadPoolExecutor.java:624)
        at java.lang.Thread.run(Thread.java:750)
"FullTableCache Cleanup Thread - 0" daemon prio=5 tid=1206 in Object.wait()
java.lang.Thread.State: WAITING (on object monitor)
        at sun.misc.Unsafe.park(Native Method)
        at java.util.concurrent.locks.LockSupport.park(LockSupport.java:175)
        at java.util.concurrent.locks.AbstractQueuedSynchronizer$ConditionObject.await(AbstractQueuedSynchronizer.java:2039)
        at java.util.concurrent.LinkedBlockingQueue.take(LinkedBlockingQueue.java:442)
        at java.util.concurrent.ThreadPoolExecutor.getTask(ThreadPoolExecutor.java:1074)
        at java.util.concurrent.ThreadPoolExecutor.runWorker(ThreadPoolExecutor.java:1134)
        at java.util.concurrent.ThreadPoolExecutor$Worker.run(ThreadPoolExecutor.java:624)
        at java.lang.Thread.run(Thread.java:750)
"EndpointStateMachine task thread for /127.0.0.1:40675 - 0 "  prio=5 tid=927 blocked
java.lang.Thread.State: BLOCKED
        at org.apache.hadoop.ipc.Client$Connection.addCall(Client.java:522)
        at org.apache.hadoop.ipc.Client$Connection.access$3700(Client.java:414)
        at org.apache.hadoop.ipc.Client.getConnection(Client.java:1634)
        at org.apache.hadoop.ipc.Client.call(Client.java:1463)
        at org.apache.hadoop.ipc.Client.call(Client.java:1416)
        at org.apache.hadoop.ipc.ProtobufRpcEngine$Invoker.invoke(ProtobufRpcEngine.java:236)
        at org.apache.hadoop.ipc.ProtobufRpcEngine$Invoker.invoke(ProtobufRpcEngine.java:123)
        at com.sun.proxy.$Proxy51.submitRequest(Unknown Source)
        at org.apache.hadoop.ozone.protocolPB.StorageContainerDatanodeProtocolClientSideTranslatorPB.submitRequest(StorageContainerDatanodeProtocolClientSideTranslatorPB.java:117)
        at org.apache.hadoop.ozone.protocolPB.StorageContainerDatanodeProtocolClientSideTranslatorPB.sendHeartbeat(StorageContainerDatanodeProtocolClientSideTranslatorPB.java:149)
        at org.apache.hadoop.ozone.container.common.states.endpoint.HeartbeatEndpointTask.call(HeartbeatEndpointTask.java:185)
        at org.apache.hadoop.ozone.container.common.states.endpoint.HeartbeatEndpointTask.call(HeartbeatEndpointTask.java:87)
        at java.util.concurrent.FutureTask.run(FutureTask.java:266)
        at java.util.concurrent.ThreadPoolExecutor.runWorker(ThreadPoolExecutor.java:1149)
        at java.util.concurrent.ThreadPoolExecutor$Worker.run(ThreadPoolExecutor.java:624)
        at java.lang.Thread.run(Thread.java:750)


	at org.apache.ozone.test.GenericTestUtils.waitFor(GenericTestUtils.java:224)
	at org.apache.hadoop.ozone.parser.TestOzoneHARatisLogParser.testRatisLogParsing(TestOzoneHARatisLogParser.java:129)
	at sun.reflect.NativeMethodAccessorImpl.invoke0(Native Method)
	at sun.reflect.NativeMethodAccessorImpl.invoke(NativeMethodAccessorImpl.java:62)
	at sun.reflect.DelegatingMethodAccessorImpl.invoke(DelegatingMethodAccessorImpl.java:43)
	at java.lang.reflect.Method.invoke(Method.java:498)
	at org.junit.runners.model.FrameworkMethod$1.runReflectiveCall(FrameworkMethod.java:59)
	at org.junit.internal.runners.model.ReflectiveCallable.run(ReflectiveCallable.java:12)
	at org.junit.runners.model.FrameworkMethod.invokeExplosively(FrameworkMethod.java:56)
	at org.junit.internal.runners.statements.InvokeMethod.evaluate(InvokeMethod.java:17)
	at org.junit.internal.runners.statements.RunBefores.evaluate(RunBefores.java:26)
	at org.junit.internal.runners.statements.RunAfters.evaluate(RunAfters.java:27)
	at org.junit.internal.runners.statements.FailOnTimeout$CallableStatement.call(FailOnTimeout.java:288)
	at org.junit.internal.runners.statements.FailOnTimeout$CallableStatement.call(FailOnTimeout.java:282)
	at java.util.concurrent.FutureTask.run(FutureTask.java:266)
	at java.lang.Thread.run(Thread.java:750)
]]></error>
    <system-out><![CDATA[2022-08-20 13:50:37,143 [Time-limited test] WARN  server.ServerUtils (ServerUtils.java:getScmDbDir(148)) - ozone.scm.db.dirs is not configured. We recommend adding this setting. Falling back to ozone.metadata.dirs instead.
2022-08-20 13:50:37,182 [Time-limited test] INFO  ha.SCMHANodeDetails (SCMHANodeDetails.java:loadSCMHAConfig(209)) - ServiceID for StorageContainerManager is scmServiceId
2022-08-20 13:50:37,191 [Time-limited test] INFO  ha.SCMHANodeDetails (SCMHANodeDetails.java:loadSCMHAConfig(220)) - ServiceID for StorageContainerManager is scmServiceId
2022-08-20 13:50:37,255 [Time-limited test] WARN  scm.ScmUtils (ScmUtils.java:logWarn(179)) - ConfigKey ozone.scm.block.client.address is deprecated, For configuring different ports for each SCM use PortConfigKey ozone.scm.block.client.port appended with serviceId and nodeId. If want to configure same port configure ozone.scm.block.client.port
2022-08-20 13:50:37,256 [Time-limited test] WARN  scm.ScmUtils (ScmUtils.java:logWarn(179)) - ConfigKey ozone.scm.client.address is deprecated, For configuring different ports for each SCM use PortConfigKey ozone.scm.client.port appended with serviceId and nodeId. If want to configure same port configure ozone.scm.client.port
2022-08-20 13:50:37,256 [Time-limited test] WARN  scm.ScmUtils (ScmUtils.java:logWarn(179)) - ConfigKey ozone.scm.datanode.address is deprecated, For configuring different ports for each SCM use PortConfigKey ozone.scm.datanode.port appended with serviceId and nodeId. If want to configure same port configure ozone.scm.datanode.port
2022-08-20 13:50:37,258 [Time-limited test] WARN  scm.ScmUtils (ScmUtils.java:logWarn(179)) - ConfigKey ozone.scm.block.client.address is deprecated, For configuring different ports for each SCM use PortConfigKey ozone.scm.block.client.port appended with serviceId and nodeId. If want to configure same port configure ozone.scm.block.client.port
2022-08-20 13:50:37,259 [Time-limited test] WARN  scm.ScmUtils (ScmUtils.java:logWarn(179)) - ConfigKey ozone.scm.client.address is deprecated, For configuring different ports for each SCM use PortConfigKey ozone.scm.client.port appended with serviceId and nodeId. If want to configure same port configure ozone.scm.client.port
2022-08-20 13:50:37,259 [Time-limited test] WARN  scm.ScmUtils (ScmUtils.java:logWarn(179)) - ConfigKey ozone.scm.datanode.address is deprecated, For configuring different ports for each SCM use PortConfigKey ozone.scm.datanode.port appended with serviceId and nodeId. If want to configure same port configure ozone.scm.datanode.port
2022-08-20 13:50:37,259 [Time-limited test] INFO  ha.SCMHANodeDetails (SCMHANodeDetails.java:loadSCMHAConfig(307)) - Found matching SCM address with SCMServiceId: scmServiceId, SCMNodeId: scmNode-1, RPC Address: localhost:33885 and Ratis port: 33885
2022-08-20 13:50:37,260 [Time-limited test] INFO  ha.SCMHANodeDetails (ConfUtils.java:setNodeSpecificConfigs(97)) - Setting configuration key ozone.scm.datanode.address with value of key ozone.scm.datanode.address.scmServiceId.scmNode-1: 127.0.0.1:36399
2022-08-20 13:50:37,260 [Time-limited test] INFO  ha.SCMHANodeDetails (ConfUtils.java:setNodeSpecificConfigs(97)) - Setting configuration key ozone.scm.block.client.address with value of key ozone.scm.block.client.address.scmServiceId.scmNode-1: 127.0.0.1:39205
2022-08-20 13:50:37,260 [Time-limited test] INFO  ha.SCMHANodeDetails (ConfUtils.java:setNodeSpecificConfigs(97)) - Setting configuration key ozone.scm.client.address with value of key ozone.scm.client.address.scmServiceId.scmNode-1: 127.0.0.1:42999
2022-08-20 13:50:37,260 [Time-limited test] INFO  ha.SCMHANodeDetails (ConfUtils.java:setNodeSpecificConfigs(97)) - Setting configuration key ozone.scm.ratis.port with value of key ozone.scm.ratis.port.scmServiceId.scmNode-1: 33885
2022-08-20 13:50:37,260 [Time-limited test] INFO  ha.SCMHANodeDetails (ConfUtils.java:setNodeSpecificConfigs(97)) - Setting configuration key ozone.scm.grpc.port with value of key ozone.scm.grpc.port.scmServiceId.scmNode-1: 37479
2022-08-20 13:50:37,261 [Time-limited test] INFO  ha.SCMHANodeDetails (ConfUtils.java:setNodeSpecificConfigs(97)) - Setting configuration key ozone.scm.http-address with value of key ozone.scm.http-address.scmServiceId.scmNode-1: 127.0.0.1:34473
2022-08-20 13:50:37,262 [Time-limited test] INFO  ha.SCMHANodeDetails (ConfUtils.java:setNodeSpecificConfigs(97)) - Setting configuration key ozone.scm.https-address with value of key ozone.scm.https-address.scmServiceId.scmNode-1: 127.0.0.1:42983
2022-08-20 13:50:37,262 [Time-limited test] INFO  ha.SCMHANodeDetails (ConfUtils.java:setNodeSpecificConfigs(97)) - Setting configuration key ozone.scm.address with value of key ozone.scm.address.scmServiceId.scmNode-1: 127.0.0.1
2022-08-20 13:50:37,262 [Time-limited test] WARN  scm.ScmUtils (ScmUtils.java:logWarn(179)) - ConfigKey ozone.scm.block.client.address is deprecated, For configuring different ports for each SCM use PortConfigKey ozone.scm.block.client.port appended with serviceId and nodeId. If want to configure same port configure ozone.scm.block.client.port
2022-08-20 13:50:37,262 [Time-limited test] WARN  scm.ScmUtils (ScmUtils.java:logWarn(179)) - ConfigKey ozone.scm.client.address is deprecated, For configuring different ports for each SCM use PortConfigKey ozone.scm.client.port appended with serviceId and nodeId. If want to configure same port configure ozone.scm.client.port
2022-08-20 13:50:37,262 [Time-limited test] WARN  scm.ScmUtils (ScmUtils.java:logWarn(179)) - ConfigKey ozone.scm.datanode.address is deprecated, For configuring different ports for each SCM use PortConfigKey ozone.scm.datanode.port appended with serviceId and nodeId. If want to configure same port configure ozone.scm.datanode.port
2022-08-20 13:50:37,339 [Time-limited test] INFO  server.RaftServer (ConfUtils.java:logGet(46)) - raft.rpc.type = GRPC (default)
2022-08-20 13:50:37,426 [Time-limited test] INFO  grpc.GrpcFactory (GrpcFactory.java:checkPooledByteBufAllocatorUseCacheForAllThreads(48)) - PERFORMANCE WARNING: useCacheForAllThreads is true that may cause Netty to create a lot garbage objects and, as a result, trigger GC.
	It is recommended to disable useCacheForAllThreads by setting -Dorg.apache.ratis.thirdparty.io.netty.allocator.useCacheForAllThreads=false in command line.
2022-08-20 13:50:37,430 [Time-limited test] INFO  grpc.GrpcConfigKeys (ConfUtils.java:logGet(46)) - raft.grpc.admin.port = -1 (default)
2022-08-20 13:50:37,431 [Time-limited test] INFO  grpc.GrpcConfigKeys (ConfUtils.java:logGet(46)) - raft.grpc.server.port = 33885 (custom)
2022-08-20 13:50:37,432 [Time-limited test] INFO  grpc.GrpcConfigKeys (ConfUtils.java:logGet(46)) - raft.grpc.client.port = -1 (default)
2022-08-20 13:50:37,432 [Time-limited test] INFO  grpc.GrpcConfigKeys (ConfUtils.java:logGet(46)) - raft.grpc.server.port = 33885 (custom)
2022-08-20 13:50:37,432 [Time-limited test] INFO  grpc.GrpcConfigKeys (ConfUtils.java:logGet(46)) - raft.grpc.server.port = 33885 (custom)
2022-08-20 13:50:37,433 [Time-limited test] INFO  server.GrpcService (ConfUtils.java:logGet(46)) - raft.grpc.message.size.max = 32m (=33554432) (custom)
2022-08-20 13:50:37,434 [Time-limited test] INFO  server.RaftServerConfigKeys (ConfUtils.java:logGet(46)) - raft.server.log.appender.buffer.byte-limit = 33554432 (custom)
2022-08-20 13:50:37,435 [Time-limited test] INFO  server.GrpcService (ConfUtils.java:logGet(46)) - raft.grpc.flow.control.window = 1MB (=1048576) (default)
2022-08-20 13:50:37,435 [Time-limited test] INFO  server.RaftServerConfigKeys (ConfUtils.java:logGet(46)) - raft.server.rpc.request.timeout = 30000ms (custom)
2022-08-20 13:50:37,459 [Time-limited test] INFO  grpc.GrpcConfigKeys (ConfUtils.java:logGet(46)) - raft.grpc.server.async.request.thread.pool.cached = true (default)
2022-08-20 13:50:37,460 [Time-limited test] INFO  grpc.GrpcConfigKeys (ConfUtils.java:logGet(46)) - raft.grpc.server.async.request.thread.pool.size = 32 (default)
2022-08-20 13:50:37,800 [Time-limited test] INFO  impl.DataStreamServerImpl (ConfUtils.java:logGet(46)) - raft.datastream.type = DISABLED (default)
2022-08-20 13:50:37,803 [Time-limited test] INFO  server.RaftServerConfigKeys (ConfUtils.java:logGet(46)) - raft.server.threadpool.proxy.cached = true (default)
2022-08-20 13:50:37,804 [Time-limited test] INFO  server.RaftServerConfigKeys (ConfUtils.java:logGet(46)) - raft.server.threadpool.proxy.size = 0 (default)
2022-08-20 13:50:37,804 [Time-limited test] INFO  server.RaftServerConfigKeys (ConfUtils.java:logGet(46)) - raft.server.rpc.slowness.timeout = 120000ms (custom)
2022-08-20 13:50:37,805 [Time-limited test] INFO  server.RaftServerConfigKeys (ConfUtils.java:logGet(46)) - raft.server.leaderelection.leader.step-down.wait-time = 10s (default)
2022-08-20 13:50:37,810 [Time-limited test] INFO  server.RaftServerConfigKeys (ConfUtils.java:logGet(46)) - raft.server.storage.dir = [/home/runner/work/ozone/ozone/hadoop-ozone/integration-test/target/test-dir/MiniOzoneClusterImpl-1d33bde5-c0a1-446c-b0a2-a2cb2457c7cc/scmNode-1/scm-ha] (custom)
2022-08-20 13:50:37,817 [Time-limited test] INFO  server.RaftServer (RaftServerProxy.java:addNew(96)) - d94a9406-f498-4882-9ec6-2683d96ac94a: addNew group-A2CB2457C7CC:[d94a9406-f498-4882-9ec6-2683d96ac94a|rpc:localhost:33885|priority:0] returns group-A2CB2457C7CC:java.util.concurrent.CompletableFuture@6d33da7c[Not completed]
2022-08-20 13:50:37,841 [pool-2-thread-1] INFO  server.RaftServer$Division (RaftServerImpl.java:<init>(190)) - d94a9406-f498-4882-9ec6-2683d96ac94a: new RaftServerImpl for group-A2CB2457C7CC:[d94a9406-f498-4882-9ec6-2683d96ac94a|rpc:localhost:33885|priority:0] with SCMStateMachine:uninitialized
2022-08-20 13:50:37,843 [pool-2-thread-1] INFO  server.RaftServerConfigKeys (ConfUtils.java:logGet(46)) - raft.server.rpc.timeout.min = 5000ms (custom)
2022-08-20 13:50:37,844 [pool-2-thread-1] INFO  server.RaftServerConfigKeys (ConfUtils.java:logGet(46)) - raft.server.rpc.timeout.max = 5200ms (custom)
2022-08-20 13:50:37,844 [pool-2-thread-1] INFO  server.RaftServerConfigKeys (ConfUtils.java:logGet(46)) - raft.server.rpc.sleep.time = 25ms (default)
2022-08-20 13:50:37,846 [pool-2-thread-1] INFO  server.RaftServerConfigKeys (ConfUtils.java:logGet(46)) - raft.server.rpc.slowness.timeout = 120000ms (custom)
2022-08-20 13:50:37,846 [pool-2-thread-1] INFO  server.RaftServerConfigKeys (ConfUtils.java:logGet(46)) - raft.server.leaderelection.leader.step-down.wait-time = 10s (default)
2022-08-20 13:50:37,846 [pool-2-thread-1] INFO  server.RaftServerConfigKeys (ConfUtils.java:logGet(46)) - raft.server.sleep.deviation.threshold = 300ms (default)
2022-08-20 13:50:37,853 [pool-2-thread-1] INFO  server.RaftServer$Division (ServerState.java:<init>(107)) - d94a9406-f498-4882-9ec6-2683d96ac94a@group-A2CB2457C7CC: ConfigurationManager, init=-1: [d94a9406-f498-4882-9ec6-2683d96ac94a|rpc:localhost:33885|priority:0], old=null, confs=<EMPTY_MAP>
2022-08-20 13:50:37,854 [pool-2-thread-1] INFO  server.RaftServerConfigKeys (ConfUtils.java:logGet(46)) - raft.server.storage.dir = [/home/runner/work/ozone/ozone/hadoop-ozone/integration-test/target/test-dir/MiniOzoneClusterImpl-1d33bde5-c0a1-446c-b0a2-a2cb2457c7cc/scmNode-1/scm-ha] (custom)
2022-08-20 13:50:37,858 [pool-2-thread-1] INFO  server.RaftServerConfigKeys (ConfUtils.java:logGet(46)) - raft.server.log.corruption.policy = EXCEPTION (default)
2022-08-20 13:50:37,858 [pool-2-thread-1] INFO  server.RaftServerConfigKeys (ConfUtils.java:logGet(46)) - raft.server.storage.free-space.min = 0MB (=0) (default)
2022-08-20 13:50:37,861 [pool-2-thread-1] INFO  storage.RaftStorageDirectory (RaftStorageDirectoryImpl.java:analyzeStorage(135)) - The storage directory /home/runner/work/ozone/ozone/hadoop-ozone/integration-test/target/test-dir/MiniOzoneClusterImpl-1d33bde5-c0a1-446c-b0a2-a2cb2457c7cc/scmNode-1/scm-ha/1d33bde5-c0a1-446c-b0a2-a2cb2457c7cc does not exist. Creating ...
2022-08-20 13:50:37,871 [pool-2-thread-1] INFO  storage.RaftStorageDirectory (RaftStorageDirectoryImpl.java:tryLock(230)) - Lock on /home/runner/work/ozone/ozone/hadoop-ozone/integration-test/target/test-dir/MiniOzoneClusterImpl-1d33bde5-c0a1-446c-b0a2-a2cb2457c7cc/scmNode-1/scm-ha/1d33bde5-c0a1-446c-b0a2-a2cb2457c7cc/in_use.lock acquired by nodename 20888@fv-az54-959
2022-08-20 13:50:37,882 [pool-2-thread-1] INFO  storage.RaftStorage (RaftStorageImpl.java:format(89)) - Storage directory /home/runner/work/ozone/ozone/hadoop-ozone/integration-test/target/test-dir/MiniOzoneClusterImpl-1d33bde5-c0a1-446c-b0a2-a2cb2457c7cc/scmNode-1/scm-ha/1d33bde5-c0a1-446c-b0a2-a2cb2457c7cc has been successfully formatted.
2022-08-20 13:50:37,886 [pool-2-thread-1] INFO  server.RaftServerConfigKeys (ConfUtils.java:logGet(46)) - raft.server.notification.no-leader.timeout = 60s (default)
2022-08-20 13:50:37,889 [pool-2-thread-1] INFO  server.RaftServerConfigKeys (ConfUtils.java:logGet(46)) - raft.server.log.use.memory = false (default)
2022-08-20 13:50:37,899 [pool-2-thread-1] INFO  server.RaftServerConfigKeys (ConfUtils.java:logGet(46)) - raft.server.log.purge.gap = 1000000 (custom)
2022-08-20 13:50:37,900 [pool-2-thread-1] INFO  server.RaftServerConfigKeys (ConfUtils.java:logGet(46)) - raft.server.log.appender.buffer.byte-limit = 33554432 (custom)
2022-08-20 13:50:37,902 [pool-2-thread-1] INFO  server.RaftServerConfigKeys (ConfUtils.java:logGet(46)) - raft.server.log.statemachine.data.read.timeout = 1000ms (default)
2022-08-20 13:50:37,913 [pool-2-thread-1] INFO  metrics.MetricRegistries (MetricRegistriesLoader.java:load(64)) - Loaded MetricRegistries class org.apache.ratis.metrics.impl.MetricRegistriesImpl
2022-08-20 13:50:37,986 [pool-2-thread-1] INFO  server.RaftServerConfigKeys (ConfUtils.java:logGet(46)) - raft.server.log.segment.size.max = 4194304 (custom)
2022-08-20 13:50:38,001 [pool-2-thread-1] INFO  server.RaftServerConfigKeys (ConfUtils.java:logGet(46)) - raft.server.log.segment.cache.num.max = 2 (custom)
2022-08-20 13:50:38,002 [pool-2-thread-1] INFO  server.RaftServerConfigKeys (ConfUtils.java:logGet(46)) - raft.server.log.segment.cache.size.max = 200MB (=209715200) (default)
2022-08-20 13:50:38,008 [pool-2-thread-1] INFO  segmented.SegmentedRaftLogWorker (SegmentedRaftLogWorker.java:<init>(187)) - new d94a9406-f498-4882-9ec6-2683d96ac94a@group-A2CB2457C7CC-SegmentedRaftLogWorker for RaftStorageImpl:Storage Directory /home/runner/work/ozone/ozone/hadoop-ozone/integration-test/target/test-dir/MiniOzoneClusterImpl-1d33bde5-c0a1-446c-b0a2-a2cb2457c7cc/scmNode-1/scm-ha/1d33bde5-c0a1-446c-b0a2-a2cb2457c7cc
2022-08-20 13:50:38,008 [pool-2-thread-1] INFO  server.RaftServerConfigKeys (ConfUtils.java:logGet(46)) - raft.server.log.queue.byte-limit = 64MB (=67108864) (default)
2022-08-20 13:50:38,008 [pool-2-thread-1] INFO  server.RaftServerConfigKeys (ConfUtils.java:logGet(46)) - raft.server.log.queue.element-limit = 4096 (default)
2022-08-20 13:50:38,009 [pool-2-thread-1] INFO  server.RaftServerConfigKeys (ConfUtils.java:logGet(46)) - raft.server.log.segment.size.max = 4194304 (custom)
2022-08-20 13:50:38,010 [pool-2-thread-1] INFO  server.RaftServerConfigKeys (ConfUtils.java:logGet(46)) - raft.server.log.preallocated.size = 4194304 (custom)
2022-08-20 13:50:38,010 [pool-2-thread-1] INFO  server.RaftServerConfigKeys (ConfUtils.java:logGet(46)) - raft.server.log.force.sync.num = 128 (default)
2022-08-20 13:50:38,011 [pool-2-thread-1] INFO  server.RaftServerConfigKeys (ConfUtils.java:logGet(46)) - raft.server.log.statemachine.data.sync = true (default)
2022-08-20 13:50:38,011 [pool-2-thread-1] INFO  server.RaftServerConfigKeys (ConfUtils.java:logGet(46)) - raft.server.log.statemachine.data.sync.timeout = 10s (default)
2022-08-20 13:50:38,012 [pool-2-thread-1] INFO  server.RaftServerConfigKeys (ConfUtils.java:logGet(46)) - raft.server.log.statemachine.data.sync.timeout.retry = -1 (default)
2022-08-20 13:50:38,020 [pool-2-thread-1] INFO  server.RaftServerConfigKeys (ConfUtils.java:logGet(46)) - raft.server.log.write.buffer.size = 64KB (=65536) (default)
2022-08-20 13:50:38,021 [pool-2-thread-1] INFO  server.RaftServerConfigKeys (ConfUtils.java:logGet(46)) - raft.server.log.unsafe-flush.enabled = false (default)
2022-08-20 13:50:38,021 [pool-2-thread-1] INFO  server.RaftServerConfigKeys (ConfUtils.java:logGet(46)) - raft.server.log.statemachine.data.caching.enabled = false (default)
2022-08-20 13:50:38,028 [pool-2-thread-1] INFO  segmented.SegmentedRaftLogWorker (SegmentedRaftLogWorker.java:lambda$new$0(135)) - d94a9406-f498-4882-9ec6-2683d96ac94a@group-A2CB2457C7CC-SegmentedRaftLogWorker: flushIndex: setUnconditionally 0 -> -1
2022-08-20 13:50:38,028 [pool-2-thread-1] INFO  segmented.SegmentedRaftLogWorker (SegmentedRaftLogWorker.java:lambda$new$0(135)) - d94a9406-f498-4882-9ec6-2683d96ac94a@group-A2CB2457C7CC-SegmentedRaftLogWorker: safeCacheEvictIndex: setUnconditionally 0 -> -1
2022-08-20 13:50:38,034 [pool-2-thread-1] INFO  server.RaftServerConfigKeys (ConfUtils.java:logGet(46)) - raft.server.snapshot.auto.trigger.enabled = true (custom)
2022-08-20 13:50:38,035 [pool-2-thread-1] INFO  server.RaftServerConfigKeys (ConfUtils.java:logGet(46)) - raft.server.snapshot.auto.trigger.threshold = 1000 (custom)
2022-08-20 13:50:38,039 [pool-2-thread-1] INFO  server.RaftServerConfigKeys (ConfUtils.java:logGet(46)) - raft.server.snapshot.retention.file.num = -1 (default)
2022-08-20 13:50:38,040 [pool-2-thread-1] INFO  server.RaftServerConfigKeys (ConfUtils.java:logGet(46)) - raft.server.log.purge.upto.snapshot.index = false (default)
2022-08-20 13:50:38,042 [pool-2-thread-1] INFO  server.RaftServerConfigKeys (ConfUtils.java:logGet(46)) - raft.server.retrycache.expirytime = 60000ms (default)
2022-08-20 13:50:38,042 [pool-2-thread-1] INFO  server.RaftServerConfigKeys (ConfUtils.java:logGet(46)) - raft.server.retrycache.statistics.expirytime = 100μs (default)
2022-08-20 13:50:38,094 [pool-2-thread-1] INFO  server.RaftServerConfigKeys (ConfUtils.java:logGet(46)) - raft.server.log.appender.install.snapshot.enabled = false (custom)
2022-08-20 13:50:38,096 [pool-2-thread-1] INFO  server.RaftServerConfigKeys (ConfUtils.java:logGet(46)) - raft.server.threadpool.server.cached = true (default)
2022-08-20 13:50:38,097 [pool-2-thread-1] INFO  server.RaftServerConfigKeys (ConfUtils.java:logGet(46)) - raft.server.threadpool.server.size = 0 (default)
2022-08-20 13:50:38,097 [pool-2-thread-1] INFO  server.RaftServerConfigKeys (ConfUtils.java:logGet(46)) - raft.server.threadpool.client.cached = true (default)
2022-08-20 13:50:38,098 [pool-2-thread-1] INFO  server.RaftServerConfigKeys (ConfUtils.java:logGet(46)) - raft.server.threadpool.client.size = 0 (default)
2022-08-20 13:50:38,099 [d94a9406-f498-4882-9ec6-2683d96ac94a-impl-thread1] INFO  server.RaftServer$Division (RaftServerImpl.java:start(310)) - d94a9406-f498-4882-9ec6-2683d96ac94a@group-A2CB2457C7CC: start as a follower, conf=-1: [d94a9406-f498-4882-9ec6-2683d96ac94a|rpc:localhost:33885|priority:0], old=null
2022-08-20 13:50:38,099 [d94a9406-f498-4882-9ec6-2683d96ac94a-impl-thread1] INFO  server.RaftServer$Division (RaftServerImpl.java:setRole(299)) - d94a9406-f498-4882-9ec6-2683d96ac94a@group-A2CB2457C7CC: changes role from      null to FOLLOWER at term 0 for startAsFollower
2022-08-20 13:50:38,100 [d94a9406-f498-4882-9ec6-2683d96ac94a-impl-thread1] INFO  impl.RoleInfo (RoleInfo.java:updateAndGet(139)) - d94a9406-f498-4882-9ec6-2683d96ac94a: start d94a9406-f498-4882-9ec6-2683d96ac94a@group-A2CB2457C7CC-FollowerState
2022-08-20 13:50:38,102 [d94a9406-f498-4882-9ec6-2683d96ac94a-impl-thread1] INFO  util.JmxRegister (JmxRegister.java:tryRegister(44)) - Successfully registered JMX Bean with object name Ratis:service=RaftServer,group=group-A2CB2457C7CC,id=d94a9406-f498-4882-9ec6-2683d96ac94a
2022-08-20 13:50:38,110 [Time-limited test] INFO  server.RaftServer (RaftServerProxy.java:lambda$start$6(382)) - d94a9406-f498-4882-9ec6-2683d96ac94a: start RPC server
2022-08-20 13:50:38,181 [Time-limited test] INFO  server.GrpcService (GrpcService.java:startImpl(260)) - d94a9406-f498-4882-9ec6-2683d96ac94a: GrpcService started, listening on 33885
2022-08-20 13:50:38,185 [org.apache.ratis.util.JvmPauseMonitor$$Lambda$519/858083045@75534fbe] INFO  util.JvmPauseMonitor (JvmPauseMonitor.java:run(103)) - JvmPauseMonitor-d94a9406-f498-4882-9ec6-2683d96ac94a: Started
2022-08-20 13:50:43,131 [d94a9406-f498-4882-9ec6-2683d96ac94a@group-A2CB2457C7CC-FollowerState] INFO  impl.FollowerState (FollowerState.java:run(143)) - d94a9406-f498-4882-9ec6-2683d96ac94a@group-A2CB2457C7CC-FollowerState: change to CANDIDATE, lastRpcElapsedTime:5030297157ns, electionTimeout:5021ms
2022-08-20 13:50:43,132 [d94a9406-f498-4882-9ec6-2683d96ac94a@group-A2CB2457C7CC-FollowerState] INFO  impl.RoleInfo (RoleInfo.java:shutdownFollowerState(110)) - d94a9406-f498-4882-9ec6-2683d96ac94a: shutdown d94a9406-f498-4882-9ec6-2683d96ac94a@group-A2CB2457C7CC-FollowerState
2022-08-20 13:50:43,132 [d94a9406-f498-4882-9ec6-2683d96ac94a@group-A2CB2457C7CC-FollowerState] INFO  server.RaftServer$Division (RaftServerImpl.java:setRole(299)) - d94a9406-f498-4882-9ec6-2683d96ac94a@group-A2CB2457C7CC: changes role from  FOLLOWER to CANDIDATE at term 0 for changeToCandidate
2022-08-20 13:50:43,135 [d94a9406-f498-4882-9ec6-2683d96ac94a@group-A2CB2457C7CC-FollowerState] INFO  server.RaftServerConfigKeys (ConfUtils.java:logGet(46)) - raft.server.leaderelection.pre-vote = false (custom)
2022-08-20 13:50:43,135 [d94a9406-f498-4882-9ec6-2683d96ac94a@group-A2CB2457C7CC-FollowerState] INFO  impl.RoleInfo (RoleInfo.java:updateAndGet(139)) - d94a9406-f498-4882-9ec6-2683d96ac94a: start d94a9406-f498-4882-9ec6-2683d96ac94a@group-A2CB2457C7CC-LeaderElection1
2022-08-20 13:50:43,139 [d94a9406-f498-4882-9ec6-2683d96ac94a@group-A2CB2457C7CC-LeaderElection1] INFO  impl.LeaderElection (LeaderElection.java:askForVotes(310)) - d94a9406-f498-4882-9ec6-2683d96ac94a@group-A2CB2457C7CC-LeaderElection1 ELECTION round 0: submit vote requests at term 1 for -1: [d94a9406-f498-4882-9ec6-2683d96ac94a|rpc:localhost:33885|priority:0], old=null
2022-08-20 13:50:43,140 [d94a9406-f498-4882-9ec6-2683d96ac94a@group-A2CB2457C7CC-LeaderElection1] INFO  impl.LeaderElection (LeaderElection.java:askForVotes(312)) - d94a9406-f498-4882-9ec6-2683d96ac94a@group-A2CB2457C7CC-LeaderElection1 ELECTION round 0: result PASSED (term=1)
2022-08-20 13:50:43,140 [d94a9406-f498-4882-9ec6-2683d96ac94a@group-A2CB2457C7CC-LeaderElection1] INFO  impl.RoleInfo (RoleInfo.java:shutdownLeaderElection(130)) - d94a9406-f498-4882-9ec6-2683d96ac94a: shutdown d94a9406-f498-4882-9ec6-2683d96ac94a@group-A2CB2457C7CC-LeaderElection1
2022-08-20 13:50:43,141 [d94a9406-f498-4882-9ec6-2683d96ac94a@group-A2CB2457C7CC-LeaderElection1] INFO  server.RaftServer$Division (RaftServerImpl.java:setRole(299)) - d94a9406-f498-4882-9ec6-2683d96ac94a@group-A2CB2457C7CC: changes role from CANDIDATE to LEADER at term 1 for changeToLeader
2022-08-20 13:50:43,141 [d94a9406-f498-4882-9ec6-2683d96ac94a@group-A2CB2457C7CC-LeaderElection1] INFO  server.RaftServer$Division (ServerState.java:setLeader(287)) - d94a9406-f498-4882-9ec6-2683d96ac94a@group-A2CB2457C7CC: change Leader from null to d94a9406-f498-4882-9ec6-2683d96ac94a at term 1 for becomeLeader, leader elected after 5256ms
2022-08-20 13:50:43,146 [d94a9406-f498-4882-9ec6-2683d96ac94a@group-A2CB2457C7CC-LeaderElection1] INFO  server.RaftServerConfigKeys (ConfUtils.java:logGet(46)) - raft.server.staging.catchup.gap = 1000 (default)
2022-08-20 13:50:43,151 [d94a9406-f498-4882-9ec6-2683d96ac94a@group-A2CB2457C7CC-LeaderElection1] INFO  server.RaftServerConfigKeys (ConfUtils.java:logGet(46)) - raft.server.write.element-limit = 4096 (default)
2022-08-20 13:50:43,151 [d94a9406-f498-4882-9ec6-2683d96ac94a@group-A2CB2457C7CC-LeaderElection1] INFO  server.RaftServerConfigKeys (ConfUtils.java:logGet(46)) - raft.server.write.byte-limit = 64MB (=67108864) (default)
2022-08-20 13:50:43,158 [d94a9406-f498-4882-9ec6-2683d96ac94a@group-A2CB2457C7CC-LeaderElection1] INFO  server.RaftServerConfigKeys (ConfUtils.java:logGet(46)) - raft.server.watch.timeout = 10s (default)
2022-08-20 13:50:43,158 [d94a9406-f498-4882-9ec6-2683d96ac94a@group-A2CB2457C7CC-LeaderElection1] INFO  server.RaftServerConfigKeys (ConfUtils.java:logGet(46)) - raft.server.watch.timeout.denomination = 1s (default)
2022-08-20 13:50:43,158 [d94a9406-f498-4882-9ec6-2683d96ac94a@group-A2CB2457C7CC-LeaderElection1] INFO  server.RaftServerConfigKeys (ConfUtils.java:logGet(46)) - raft.server.watch.element-limit = 65536 (default)
2022-08-20 13:50:43,164 [d94a9406-f498-4882-9ec6-2683d96ac94a@group-A2CB2457C7CC-LeaderElection1] INFO  server.RaftServerConfigKeys (ConfUtils.java:logGet(46)) - raft.server.write.element-limit = 4096 (default)
2022-08-20 13:50:43,165 [d94a9406-f498-4882-9ec6-2683d96ac94a@group-A2CB2457C7CC-LeaderElection1] INFO  server.RaftServerConfigKeys (ConfUtils.java:logGet(46)) - raft.server.write.follower.gap.ratio.max = -1.0 (default)
2022-08-20 13:50:43,167 [d94a9406-f498-4882-9ec6-2683d96ac94a@group-A2CB2457C7CC-LeaderElection1] INFO  impl.RoleInfo (RoleInfo.java:updateAndGet(139)) - d94a9406-f498-4882-9ec6-2683d96ac94a: start d94a9406-f498-4882-9ec6-2683d96ac94a@group-A2CB2457C7CC-LeaderStateImpl
2022-08-20 13:50:43,192 [d94a9406-f498-4882-9ec6-2683d96ac94a@group-A2CB2457C7CC-LeaderElection1] INFO  segmented.SegmentedRaftLogWorker (SegmentedRaftLogWorker.java:startLogSegment(425)) - d94a9406-f498-4882-9ec6-2683d96ac94a@group-A2CB2457C7CC-SegmentedRaftLogWorker: Starting segment from index:0
2022-08-20 13:50:43,218 [d94a9406-f498-4882-9ec6-2683d96ac94a@group-A2CB2457C7CC-LeaderElection1] INFO  server.RaftServer$Division (ServerState.java:setRaftConf(393)) - d94a9406-f498-4882-9ec6-2683d96ac94a@group-A2CB2457C7CC: set configuration 0: [d94a9406-f498-4882-9ec6-2683d96ac94a|rpc:localhost:33885|admin:|client:|dataStream:|priority:0], old=null
2022-08-20 13:50:43,282 [d94a9406-f498-4882-9ec6-2683d96ac94a@group-A2CB2457C7CC-SegmentedRaftLogWorker] INFO  segmented.SegmentedRaftLogWorker (SegmentedRaftLogWorker.java:execute(629)) - d94a9406-f498-4882-9ec6-2683d96ac94a@group-A2CB2457C7CC-SegmentedRaftLogWorker: created new log segment /home/runner/work/ozone/ozone/hadoop-ozone/integration-test/target/test-dir/MiniOzoneClusterImpl-1d33bde5-c0a1-446c-b0a2-a2cb2457c7cc/scmNode-1/scm-ha/1d33bde5-c0a1-446c-b0a2-a2cb2457c7cc/current/log_inprogress_0
2022-08-20 13:50:44,187 [Time-limited test] INFO  server.RaftServer (RaftServerProxy.java:lambda$close$7(398)) - d94a9406-f498-4882-9ec6-2683d96ac94a: close
2022-08-20 13:50:44,188 [Time-limited test] INFO  server.RaftServer$Division (RaftServerImpl.java:lambda$close$4(434)) - d94a9406-f498-4882-9ec6-2683d96ac94a@group-A2CB2457C7CC: shutdown
2022-08-20 13:50:44,189 [Time-limited test] INFO  util.JmxRegister (JmxRegister.java:unregister(73)) - Successfully un-registered JMX Bean with object name Ratis:service=RaftServer,group=group-A2CB2457C7CC,id=d94a9406-f498-4882-9ec6-2683d96ac94a
2022-08-20 13:50:44,189 [Time-limited test] INFO  impl.RoleInfo (RoleInfo.java:shutdownLeaderState(93)) - d94a9406-f498-4882-9ec6-2683d96ac94a: shutdown d94a9406-f498-4882-9ec6-2683d96ac94a@group-A2CB2457C7CC-LeaderStateImpl
2022-08-20 13:50:44,196 [Time-limited test] INFO  impl.PendingRequests (PendingRequests.java:sendNotLeaderResponses(282)) - d94a9406-f498-4882-9ec6-2683d96ac94a@group-A2CB2457C7CC-PendingRequests: sendNotLeaderResponses
2022-08-20 13:50:44,197 [Time-limited test] INFO  impl.StateMachineUpdater (StateMachineUpdater.java:stopAndJoin(153)) - d94a9406-f498-4882-9ec6-2683d96ac94a@group-A2CB2457C7CC-StateMachineUpdater: set stopIndex = 0
2022-08-20 13:50:44,198 [d94a9406-f498-4882-9ec6-2683d96ac94a@group-A2CB2457C7CC-StateMachineUpdater] INFO  impl.StateMachineUpdater (StateMachineUpdater.java:takeSnapshot(287)) - d94a9406-f498-4882-9ec6-2683d96ac94a@group-A2CB2457C7CC-StateMachineUpdater: Took a snapshot at index 0
2022-08-20 13:50:44,199 [d94a9406-f498-4882-9ec6-2683d96ac94a@group-A2CB2457C7CC-StateMachineUpdater] INFO  impl.StateMachineUpdater (StateMachineUpdater.java:lambda$new$0(92)) - d94a9406-f498-4882-9ec6-2683d96ac94a@group-A2CB2457C7CC-StateMachineUpdater: snapshotIndex: updateIncreasingly -1 -> 0
2022-08-20 13:50:44,200 [Time-limited test] INFO  server.RaftServer$Division (ServerState.java:close(429)) - d94a9406-f498-4882-9ec6-2683d96ac94a@group-A2CB2457C7CC: closes. applyIndex: 0
2022-08-20 13:50:44,202 [d94a9406-f498-4882-9ec6-2683d96ac94a@group-A2CB2457C7CC-SegmentedRaftLogWorker] INFO  segmented.SegmentedRaftLogWorker (SegmentedRaftLogWorker.java:run(336)) - d94a9406-f498-4882-9ec6-2683d96ac94a@group-A2CB2457C7CC-SegmentedRaftLogWorker was interrupted, exiting. There are 0 tasks remaining in the queue.
2022-08-20 13:50:44,205 [Time-limited test] INFO  segmented.SegmentedRaftLogWorker (SegmentedRaftLogWorker.java:close(246)) - d94a9406-f498-4882-9ec6-2683d96ac94a@group-A2CB2457C7CC-SegmentedRaftLogWorker close()
2022-08-20 13:50:44,206 [Time-limited test] INFO  server.GrpcService (GrpcService.java:closeImpl(269)) - d94a9406-f498-4882-9ec6-2683d96ac94a: shutdown server with port 33885 now
2022-08-20 13:50:44,224 [Time-limited test] INFO  server.GrpcService (GrpcService.java:closeImpl(278)) - d94a9406-f498-4882-9ec6-2683d96ac94a: shutdown server with port 33885 successfully
2022-08-20 13:50:44,224 [org.apache.ratis.util.JvmPauseMonitor$$Lambda$519/858083045@75534fbe] INFO  util.JvmPauseMonitor (JvmPauseMonitor.java:run(109)) - JvmPauseMonitor-d94a9406-f498-4882-9ec6-2683d96ac94a: Stopped
2022-08-20 13:50:44,225 [Time-limited test] WARN  server.ServerUtils (ServerUtils.java:getScmDbDir(148)) - ozone.scm.db.dirs is not configured. We recommend adding this setting. Falling back to ozone.metadata.dirs instead.
2022-08-20 13:50:44,227 [Time-limited test] INFO  server.StorageContainerManager (StorageContainerManager.java:scmInit(1240)) - SCM initialization succeeded. Current cluster id for sd=/home/runner/work/ozone/ozone/hadoop-ozone/integration-test/target/test-dir/MiniOzoneClusterImpl-1d33bde5-c0a1-446c-b0a2-a2cb2457c7cc/scmNode-1/scm; cid=1d33bde5-c0a1-446c-b0a2-a2cb2457c7cc; layoutVersion=4; scmId=d94a9406-f498-4882-9ec6-2683d96ac94a
2022-08-20 13:50:44,236 [Time-limited test] WARN  server.ServerUtils (ServerUtils.java:getScmDbDir(148)) - ozone.scm.db.dirs is not configured. We recommend adding this setting. Falling back to ozone.metadata.dirs instead.
2022-08-20 13:50:44,237 [Time-limited test] INFO  ha.SCMHANodeDetails (SCMHANodeDetails.java:loadSCMHAConfig(209)) - ServiceID for StorageContainerManager is scmServiceId
2022-08-20 13:50:44,237 [Time-limited test] INFO  ha.SCMHANodeDetails (SCMHANodeDetails.java:loadSCMHAConfig(220)) - ServiceID for StorageContainerManager is scmServiceId
2022-08-20 13:50:44,237 [Time-limited test] WARN  scm.ScmUtils (ScmUtils.java:logWarn(179)) - ConfigKey ozone.scm.block.client.address is deprecated, For configuring different ports for each SCM use PortConfigKey ozone.scm.block.client.port appended with serviceId and nodeId. If want to configure same port configure ozone.scm.block.client.port
2022-08-20 13:50:44,238 [Time-limited test] WARN  scm.ScmUtils (ScmUtils.java:logWarn(179)) - ConfigKey ozone.scm.client.address is deprecated, For configuring different ports for each SCM use PortConfigKey ozone.scm.client.port appended with serviceId and nodeId. If want to configure same port configure ozone.scm.client.port
2022-08-20 13:50:44,238 [Time-limited test] WARN  scm.ScmUtils (ScmUtils.java:logWarn(179)) - ConfigKey ozone.scm.datanode.address is deprecated, For configuring different ports for each SCM use PortConfigKey ozone.scm.datanode.port appended with serviceId and nodeId. If want to configure same port configure ozone.scm.datanode.port
2022-08-20 13:50:44,238 [Time-limited test] WARN  scm.ScmUtils (ScmUtils.java:logWarn(179)) - ConfigKey ozone.scm.block.client.address is deprecated, For configuring different ports for each SCM use PortConfigKey ozone.scm.block.client.port appended with serviceId and nodeId. If want to configure same port configure ozone.scm.block.client.port
2022-08-20 13:50:44,238 [Time-limited test] WARN  scm.ScmUtils (ScmUtils.java:logWarn(179)) - ConfigKey ozone.scm.client.address is deprecated, For configuring different ports for each SCM use PortConfigKey ozone.scm.client.port appended with serviceId and nodeId. If want to configure same port configure ozone.scm.client.port
2022-08-20 13:50:44,240 [Time-limited test] WARN  scm.ScmUtils (ScmUtils.java:logWarn(179)) - ConfigKey ozone.scm.datanode.address is deprecated, For configuring different ports for each SCM use PortConfigKey ozone.scm.datanode.port appended with serviceId and nodeId. If want to configure same port configure ozone.scm.datanode.port
2022-08-20 13:50:44,240 [Time-limited test] INFO  ha.SCMHANodeDetails (SCMHANodeDetails.java:loadSCMHAConfig(307)) - Found matching SCM address with SCMServiceId: scmServiceId, SCMNodeId: scmNode-1, RPC Address: localhost:33885 and Ratis port: 33885
2022-08-20 13:50:44,240 [Time-limited test] INFO  ha.SCMHANodeDetails (ConfUtils.java:setNodeSpecificConfigs(97)) - Setting configuration key ozone.scm.datanode.address with value of key ozone.scm.datanode.address.scmServiceId.scmNode-1: 127.0.0.1:36399
2022-08-20 13:50:44,240 [Time-limited test] INFO  ha.SCMHANodeDetails (ConfUtils.java:setNodeSpecificConfigs(97)) - Setting configuration key ozone.scm.block.client.address with value of key ozone.scm.block.client.address.scmServiceId.scmNode-1: 127.0.0.1:39205
2022-08-20 13:50:44,241 [Time-limited test] INFO  ha.SCMHANodeDetails (ConfUtils.java:setNodeSpecificConfigs(97)) - Setting configuration key ozone.scm.client.address with value of key ozone.scm.client.address.scmServiceId.scmNode-1: 127.0.0.1:42999
2022-08-20 13:50:44,241 [Time-limited test] INFO  ha.SCMHANodeDetails (ConfUtils.java:setNodeSpecificConfigs(97)) - Setting configuration key ozone.scm.ratis.port with value of key ozone.scm.ratis.port.scmServiceId.scmNode-1: 33885
2022-08-20 13:50:44,243 [Time-limited test] INFO  ha.SCMHANodeDetails (ConfUtils.java:setNodeSpecificConfigs(97)) - Setting configuration key ozone.scm.grpc.port with value of key ozone.scm.grpc.port.scmServiceId.scmNode-1: 37479
2022-08-20 13:50:44,243 [Time-limited test] INFO  ha.SCMHANodeDetails (ConfUtils.java:setNodeSpecificConfigs(97)) - Setting configuration key ozone.scm.http-address with value of key ozone.scm.http-address.scmServiceId.scmNode-1: 127.0.0.1:34473
2022-08-20 13:50:44,243 [Time-limited test] INFO  ha.SCMHANodeDetails (ConfUtils.java:setNodeSpecificConfigs(97)) - Setting configuration key ozone.scm.https-address with value of key ozone.scm.https-address.scmServiceId.scmNode-1: 127.0.0.1:42983
2022-08-20 13:50:44,244 [Time-limited test] INFO  ha.SCMHANodeDetails (ConfUtils.java:setNodeSpecificConfigs(97)) - Setting configuration key ozone.scm.address with value of key ozone.scm.address.scmServiceId.scmNode-1: 127.0.0.1
2022-08-20 13:50:44,244 [Time-limited test] WARN  scm.ScmUtils (ScmUtils.java:logWarn(179)) - ConfigKey ozone.scm.block.client.address is deprecated, For configuring different ports for each SCM use PortConfigKey ozone.scm.block.client.port appended with serviceId and nodeId. If want to configure same port configure ozone.scm.block.client.port
2022-08-20 13:50:44,244 [Time-limited test] WARN  scm.ScmUtils (ScmUtils.java:logWarn(179)) - ConfigKey ozone.scm.client.address is deprecated, For configuring different ports for each SCM use PortConfigKey ozone.scm.client.port appended with serviceId and nodeId. If want to configure same port configure ozone.scm.client.port
2022-08-20 13:50:44,244 [Time-limited test] WARN  scm.ScmUtils (ScmUtils.java:logWarn(179)) - ConfigKey ozone.scm.datanode.address is deprecated, For configuring different ports for each SCM use PortConfigKey ozone.scm.datanode.port appended with serviceId and nodeId. If want to configure same port configure ozone.scm.datanode.port
2022-08-20 13:50:44,605 [Time-limited test] WARN  utils.HAUtils (HAUtils.java:getMetaDir(342)) - ozone.scm.db.dirs is not configured. We recommend adding this setting. Falling back to ozone.metadata.dirs instead.
2022-08-20 13:50:44,732 [Time-limited test] WARN  db.DBStoreBuilder (DBStoreBuilder.java:applyDBDefinition(143)) - ozone.scm.db.dirs is not configured. We recommend adding this setting. Falling back to ozone.metadata.dirs instead.
2022-08-20 13:50:44,929 [Time-limited test] INFO  net.NodeSchemaLoader (NodeSchemaLoader.java:loadSchemaFromFile(129)) - Loading schema from [jar:file:/home/runner/.m2/repository/org/apache/ozone/hdds-common/1.3.0-SNAPSHOT/hdds-common-1.3.0-SNAPSHOT.jar!/network-topology-default.xml]
2022-08-20 13:50:44,931 [Time-limited test] INFO  net.NodeSchemaLoader (NodeSchemaLoader.java:loadSchema(176)) - Loading network topology layer schema file
2022-08-20 13:50:44,975 [Time-limited test] INFO  ha.SCMRatisServerImpl (SCMRatisServerImpl.java:<init>(87)) - starting Raft server for scm:d94a9406-f498-4882-9ec6-2683d96ac94a
2022-08-20 13:50:44,979 [Time-limited test] INFO  server.RaftServer (ConfUtils.java:logGet(46)) - raft.rpc.type = GRPC (default)
2022-08-20 13:50:44,979 [Time-limited test] INFO  grpc.GrpcFactory (GrpcFactory.java:checkPooledByteBufAllocatorUseCacheForAllThreads(48)) - PERFORMANCE WARNING: useCacheForAllThreads is true that may cause Netty to create a lot garbage objects and, as a result, trigger GC.
	It is recommended to disable useCacheForAllThreads by setting -Dorg.apache.ratis.thirdparty.io.netty.allocator.useCacheForAllThreads=false in command line.
2022-08-20 13:50:44,979 [Time-limited test] INFO  grpc.GrpcConfigKeys (ConfUtils.java:logGet(46)) - raft.grpc.admin.port = -1 (default)
2022-08-20 13:50:44,979 [Time-limited test] INFO  grpc.GrpcConfigKeys (ConfUtils.java:logGet(46)) - raft.grpc.server.port = 33885 (custom)
2022-08-20 13:50:44,979 [Time-limited test] INFO  grpc.GrpcConfigKeys (ConfUtils.java:logGet(46)) - raft.grpc.client.port = -1 (default)
2022-08-20 13:50:44,979 [Time-limited test] INFO  grpc.GrpcConfigKeys (ConfUtils.java:logGet(46)) - raft.grpc.server.port = 33885 (custom)
2022-08-20 13:50:44,980 [Time-limited test] INFO  grpc.GrpcConfigKeys (ConfUtils.java:logGet(46)) - raft.grpc.server.port = 33885 (custom)
2022-08-20 13:50:44,980 [Time-limited test] INFO  server.GrpcService (ConfUtils.java:logGet(46)) - raft.grpc.message.size.max = 32m (=33554432) (custom)
2022-08-20 13:50:44,980 [Time-limited test] INFO  server.RaftServerConfigKeys (ConfUtils.java:logGet(46)) - raft.server.log.appender.buffer.byte-limit = 33554432 (custom)
2022-08-20 13:50:44,980 [Time-limited test] INFO  server.GrpcService (ConfUtils.java:logGet(46)) - raft.grpc.flow.control.window = 1MB (=1048576) (default)
2022-08-20 13:50:44,980 [Time-limited test] INFO  server.RaftServerConfigKeys (ConfUtils.java:logGet(46)) - raft.server.rpc.request.timeout = 30000ms (custom)
2022-08-20 13:50:44,980 [Time-limited test] INFO  grpc.GrpcConfigKeys (ConfUtils.java:logGet(46)) - raft.grpc.server.async.request.thread.pool.cached = true (default)
2022-08-20 13:50:44,980 [Time-limited test] INFO  grpc.GrpcConfigKeys (ConfUtils.java:logGet(46)) - raft.grpc.server.async.request.thread.pool.size = 32 (default)
2022-08-20 13:50:44,982 [Time-limited test] INFO  impl.DataStreamServerImpl (ConfUtils.java:logGet(46)) - raft.datastream.type = DISABLED (default)
2022-08-20 13:50:44,982 [Time-limited test] INFO  server.RaftServerConfigKeys (ConfUtils.java:logGet(46)) - raft.server.threadpool.proxy.cached = true (default)
2022-08-20 13:50:44,982 [Time-limited test] INFO  server.RaftServerConfigKeys (ConfUtils.java:logGet(46)) - raft.server.threadpool.proxy.size = 0 (default)
2022-08-20 13:50:44,982 [Time-limited test] INFO  server.RaftServerConfigKeys (ConfUtils.java:logGet(46)) - raft.server.rpc.slowness.timeout = 120000ms (custom)
2022-08-20 13:50:44,982 [Time-limited test] INFO  server.RaftServerConfigKeys (ConfUtils.java:logGet(46)) - raft.server.leaderelection.leader.step-down.wait-time = 10s (default)
2022-08-20 13:50:44,982 [Time-limited test] INFO  server.RaftServerConfigKeys (ConfUtils.java:logGet(46)) - raft.server.storage.dir = [/home/runner/work/ozone/ozone/hadoop-ozone/integration-test/target/test-dir/MiniOzoneClusterImpl-1d33bde5-c0a1-446c-b0a2-a2cb2457c7cc/scmNode-1/scm-ha] (custom)
2022-08-20 13:50:44,983 [d94a9406-f498-4882-9ec6-2683d96ac94a-impl-thread1] INFO  server.RaftServer (RaftServerProxy.java:initGroupDir(247)) - d94a9406-f498-4882-9ec6-2683d96ac94a: found a subdirectory /home/runner/work/ozone/ozone/hadoop-ozone/integration-test/target/test-dir/MiniOzoneClusterImpl-1d33bde5-c0a1-446c-b0a2-a2cb2457c7cc/scmNode-1/scm-ha/1d33bde5-c0a1-446c-b0a2-a2cb2457c7cc
2022-08-20 13:50:44,988 [Time-limited test] INFO  server.RaftServer (RaftServerProxy.java:addNew(96)) - d94a9406-f498-4882-9ec6-2683d96ac94a: addNew group-A2CB2457C7CC:[] returns group-A2CB2457C7CC:java.util.concurrent.CompletableFuture@78536fa0[Not completed]
2022-08-20 13:50:44,991 [pool-19-thread-1] INFO  server.RaftServer$Division (RaftServerImpl.java:<init>(190)) - d94a9406-f498-4882-9ec6-2683d96ac94a: new RaftServerImpl for group-A2CB2457C7CC:[] with SCMStateMachine:uninitialized
2022-08-20 13:50:44,991 [pool-19-thread-1] INFO  server.RaftServerConfigKeys (ConfUtils.java:logGet(46)) - raft.server.rpc.timeout.min = 5000ms (custom)
2022-08-20 13:50:44,992 [pool-19-thread-1] INFO  server.RaftServerConfigKeys (ConfUtils.java:logGet(46)) - raft.server.rpc.timeout.max = 5200ms (custom)
2022-08-20 13:50:44,993 [pool-19-thread-1] INFO  server.RaftServerConfigKeys (ConfUtils.java:logGet(46)) - raft.server.rpc.sleep.time = 25ms (default)
2022-08-20 13:50:44,993 [pool-19-thread-1] INFO  server.RaftServerConfigKeys (ConfUtils.java:logGet(46)) - raft.server.rpc.slowness.timeout = 120000ms (custom)
2022-08-20 13:50:44,993 [pool-19-thread-1] INFO  server.RaftServerConfigKeys (ConfUtils.java:logGet(46)) - raft.server.leaderelection.leader.step-down.wait-time = 10s (default)
2022-08-20 13:50:44,993 [pool-19-thread-1] INFO  server.RaftServerConfigKeys (ConfUtils.java:logGet(46)) - raft.server.sleep.deviation.threshold = 300ms (default)
2022-08-20 13:50:44,993 [pool-19-thread-1] INFO  server.RaftServer$Division (ServerState.java:<init>(107)) - d94a9406-f498-4882-9ec6-2683d96ac94a@group-A2CB2457C7CC: ConfigurationManager, init=-1: [], old=null, confs=<EMPTY_MAP>
2022-08-20 13:50:44,993 [pool-19-thread-1] INFO  server.RaftServerConfigKeys (ConfUtils.java:logGet(46)) - raft.server.storage.dir = [/home/runner/work/ozone/ozone/hadoop-ozone/integration-test/target/test-dir/MiniOzoneClusterImpl-1d33bde5-c0a1-446c-b0a2-a2cb2457c7cc/scmNode-1/scm-ha] (custom)
2022-08-20 13:50:44,994 [pool-19-thread-1] INFO  server.RaftServerConfigKeys (ConfUtils.java:logGet(46)) - raft.server.log.corruption.policy = EXCEPTION (default)
2022-08-20 13:50:44,994 [pool-19-thread-1] INFO  server.RaftServerConfigKeys (ConfUtils.java:logGet(46)) - raft.server.storage.free-space.min = 0MB (=0) (default)
2022-08-20 13:50:44,995 [pool-19-thread-1] INFO  storage.RaftStorageDirectory (RaftStorageDirectoryImpl.java:tryLock(230)) - Lock on /home/runner/work/ozone/ozone/hadoop-ozone/integration-test/target/test-dir/MiniOzoneClusterImpl-1d33bde5-c0a1-446c-b0a2-a2cb2457c7cc/scmNode-1/scm-ha/1d33bde5-c0a1-446c-b0a2-a2cb2457c7cc/in_use.lock acquired by nodename 20888@fv-az54-959
2022-08-20 13:50:44,996 [pool-19-thread-1] INFO  storage.RaftStorage (RaftStorageImpl.java:analyzeAndRecoverStorage(110)) - Read RaftStorageMetadata{term=1, votedFor=d94a9406-f498-4882-9ec6-2683d96ac94a} from /home/runner/work/ozone/ozone/hadoop-ozone/integration-test/target/test-dir/MiniOzoneClusterImpl-1d33bde5-c0a1-446c-b0a2-a2cb2457c7cc/scmNode-1/scm-ha/1d33bde5-c0a1-446c-b0a2-a2cb2457c7cc/current/raft-meta
2022-08-20 13:50:45,005 [pool-19-thread-1] INFO  server.RaftServer$Division (ServerState.java:setRaftConf(393)) - d94a9406-f498-4882-9ec6-2683d96ac94a@group-A2CB2457C7CC: set configuration 0: [d94a9406-f498-4882-9ec6-2683d96ac94a|rpc:localhost:33885|admin:|client:|dataStream:|priority:0], old=null
2022-08-20 13:50:45,005 [pool-19-thread-1] INFO  server.RaftServerConfigKeys (ConfUtils.java:logGet(46)) - raft.server.notification.no-leader.timeout = 60s (default)
2022-08-20 13:50:45,005 [pool-19-thread-1] INFO  server.RaftServerConfigKeys (ConfUtils.java:logGet(46)) - raft.server.log.use.memory = false (default)
2022-08-20 13:50:45,005 [pool-19-thread-1] INFO  server.RaftServerConfigKeys (ConfUtils.java:logGet(46)) - raft.server.log.purge.gap = 1000000 (custom)
2022-08-20 13:50:45,005 [pool-19-thread-1] INFO  server.RaftServerConfigKeys (ConfUtils.java:logGet(46)) - raft.server.log.appender.buffer.byte-limit = 33554432 (custom)
2022-08-20 13:50:45,005 [pool-19-thread-1] INFO  server.RaftServerConfigKeys (ConfUtils.java:logGet(46)) - raft.server.log.statemachine.data.read.timeout = 1000ms (default)
2022-08-20 13:50:45,008 [pool-19-thread-1] INFO  server.RaftServerConfigKeys (ConfUtils.java:logGet(46)) - raft.server.log.segment.size.max = 4194304 (custom)
2022-08-20 13:50:45,008 [pool-19-thread-1] INFO  server.RaftServerConfigKeys (ConfUtils.java:logGet(46)) - raft.server.log.segment.cache.num.max = 2 (custom)
2022-08-20 13:50:45,008 [pool-19-thread-1] INFO  server.RaftServerConfigKeys (ConfUtils.java:logGet(46)) - raft.server.log.segment.cache.size.max = 200MB (=209715200) (default)
2022-08-20 13:50:45,009 [pool-19-thread-1] INFO  segmented.SegmentedRaftLogWorker (SegmentedRaftLogWorker.java:<init>(187)) - new d94a9406-f498-4882-9ec6-2683d96ac94a@group-A2CB2457C7CC-SegmentedRaftLogWorker for RaftStorageImpl:Storage Directory /home/runner/work/ozone/ozone/hadoop-ozone/integration-test/target/test-dir/MiniOzoneClusterImpl-1d33bde5-c0a1-446c-b0a2-a2cb2457c7cc/scmNode-1/scm-ha/1d33bde5-c0a1-446c-b0a2-a2cb2457c7cc
2022-08-20 13:50:45,009 [pool-19-thread-1] INFO  server.RaftServerConfigKeys (ConfUtils.java:logGet(46)) - raft.server.log.queue.byte-limit = 64MB (=67108864) (default)
2022-08-20 13:50:45,009 [pool-19-thread-1] INFO  server.RaftServerConfigKeys (ConfUtils.java:logGet(46)) - raft.server.log.queue.element-limit = 4096 (default)
2022-08-20 13:50:45,009 [pool-19-thread-1] INFO  server.RaftServerConfigKeys (ConfUtils.java:logGet(46)) - raft.server.log.segment.size.max = 4194304 (custom)
2022-08-20 13:50:45,009 [pool-19-thread-1] INFO  server.RaftServerConfigKeys (ConfUtils.java:logGet(46)) - raft.server.log.preallocated.size = 4194304 (custom)
2022-08-20 13:50:45,009 [pool-19-thread-1] INFO  server.RaftServerConfigKeys (ConfUtils.java:logGet(46)) - raft.server.log.force.sync.num = 128 (default)
2022-08-20 13:50:45,009 [pool-19-thread-1] INFO  server.RaftServerConfigKeys (ConfUtils.java:logGet(46)) - raft.server.log.statemachine.data.sync = true (default)
2022-08-20 13:50:45,009 [pool-19-thread-1] INFO  server.RaftServerConfigKeys (ConfUtils.java:logGet(46)) - raft.server.log.statemachine.data.sync.timeout = 10s (default)
2022-08-20 13:50:45,009 [pool-19-thread-1] INFO  server.RaftServerConfigKeys (ConfUtils.java:logGet(46)) - raft.server.log.statemachine.data.sync.timeout.retry = -1 (default)
2022-08-20 13:50:45,010 [pool-19-thread-1] INFO  server.RaftServerConfigKeys (ConfUtils.java:logGet(46)) - raft.server.log.write.buffer.size = 64KB (=65536) (default)
2022-08-20 13:50:45,010 [pool-19-thread-1] INFO  server.RaftServerConfigKeys (ConfUtils.java:logGet(46)) - raft.server.log.unsafe-flush.enabled = false (default)
2022-08-20 13:50:45,010 [pool-19-thread-1] INFO  server.RaftServerConfigKeys (ConfUtils.java:logGet(46)) - raft.server.log.statemachine.data.caching.enabled = false (default)
2022-08-20 13:50:45,016 [pool-19-thread-1] INFO  server.RaftServer$Division (ServerState.java:setRaftConf(393)) - d94a9406-f498-4882-9ec6-2683d96ac94a@group-A2CB2457C7CC: set configuration 0: [d94a9406-f498-4882-9ec6-2683d96ac94a|rpc:localhost:33885|admin:|client:|dataStream:|priority:0], old=null
2022-08-20 13:50:45,017 [pool-19-thread-1] INFO  segmented.LogSegment (LogSegment.java:loadSegment(173)) - Successfully read 1 entries from segment file /home/runner/work/ozone/ozone/hadoop-ozone/integration-test/target/test-dir/MiniOzoneClusterImpl-1d33bde5-c0a1-446c-b0a2-a2cb2457c7cc/scmNode-1/scm-ha/1d33bde5-c0a1-446c-b0a2-a2cb2457c7cc/current/log_inprogress_0
2022-08-20 13:50:45,017 [pool-19-thread-1] INFO  segmented.SegmentedRaftLogWorker (SegmentedRaftLogWorker.java:lambda$new$0(135)) - d94a9406-f498-4882-9ec6-2683d96ac94a@group-A2CB2457C7CC-SegmentedRaftLogWorker: flushIndex: setUnconditionally 0 -> 0
2022-08-20 13:50:45,017 [pool-19-thread-1] INFO  segmented.SegmentedRaftLogWorker (SegmentedRaftLogWorker.java:lambda$new$0(135)) - d94a9406-f498-4882-9ec6-2683d96ac94a@group-A2CB2457C7CC-SegmentedRaftLogWorker: safeCacheEvictIndex: setUnconditionally 0 -> -1
2022-08-20 13:50:45,020 [pool-19-thread-1] INFO  server.RaftServerConfigKeys (ConfUtils.java:logGet(46)) - raft.server.snapshot.auto.trigger.enabled = true (custom)
2022-08-20 13:50:45,020 [pool-19-thread-1] INFO  server.RaftServerConfigKeys (ConfUtils.java:logGet(46)) - raft.server.snapshot.auto.trigger.threshold = 1000 (custom)
2022-08-20 13:50:45,020 [pool-19-thread-1] INFO  server.RaftServerConfigKeys (ConfUtils.java:logGet(46)) - raft.server.snapshot.retention.file.num = -1 (default)
2022-08-20 13:50:45,020 [pool-19-thread-1] INFO  server.RaftServerConfigKeys (ConfUtils.java:logGet(46)) - raft.server.log.purge.upto.snapshot.index = false (default)
2022-08-20 13:50:45,021 [pool-19-thread-1] INFO  server.RaftServerConfigKeys (ConfUtils.java:logGet(46)) - raft.server.retrycache.expirytime = 60000ms (default)
2022-08-20 13:50:45,021 [pool-19-thread-1] INFO  server.RaftServerConfigKeys (ConfUtils.java:logGet(46)) - raft.server.retrycache.statistics.expirytime = 100μs (default)
2022-08-20 13:50:45,022 [pool-19-thread-1] INFO  server.RaftServerConfigKeys (ConfUtils.java:logGet(46)) - raft.server.log.appender.install.snapshot.enabled = false (custom)
2022-08-20 13:50:45,022 [pool-19-thread-1] INFO  server.RaftServerConfigKeys (ConfUtils.java:logGet(46)) - raft.server.threadpool.server.cached = true (default)
2022-08-20 13:50:45,022 [pool-19-thread-1] INFO  server.RaftServerConfigKeys (ConfUtils.java:logGet(46)) - raft.server.threadpool.server.size = 0 (default)
2022-08-20 13:50:45,022 [pool-19-thread-1] INFO  server.RaftServerConfigKeys (ConfUtils.java:logGet(46)) - raft.server.threadpool.client.cached = true (default)
2022-08-20 13:50:45,022 [pool-19-thread-1] INFO  server.RaftServerConfigKeys (ConfUtils.java:logGet(46)) - raft.server.threadpool.client.size = 0 (default)
2022-08-20 13:50:45,024 [Time-limited test] INFO  ha.SCMSnapshotProvider (SCMSnapshotProvider.java:<init>(66)) - Initializing SCM Snapshot Provider
2022-08-20 13:50:45,024 [Time-limited test] WARN  server.ServerUtils (ServerUtils.java:getDefaultRatisDirectory(237)) - Storage directory for Ratis is not configured. It is a good idea to map this to an SSD disk. Falling back to ozone.metadata.dirs
2022-08-20 13:50:45,024 [Time-limited test] WARN  ha.SCMHAUtils (SCMHAUtils.java:getSCMRatisSnapshotDirectory(153)) - SCM snapshot dir is not configured. Falling back to ozone.metadata.dirs config
2022-08-20 13:50:45,132 [Time-limited test] INFO  upgrade.AbstractLayoutVersionManager (AbstractLayoutVersionManager.java:init(83)) - Initializing Layout version manager with metadata layout = DATANODE_SCHEMA_V3 (version = 4), software layout = DATANODE_SCHEMA_V3 (version = 4)
2022-08-20 13:50:45,291 [Time-limited test] INFO  reflections.Reflections (Reflections.java:scan(232)) - Reflections took 134 ms to scan 7 urls, producing 133 keys and 322 values 
2022-08-20 13:50:45,378 [Time-limited test] INFO  ha.SequenceIdGenerator (SequenceIdGenerator.java:upgradeToSequenceId(349)) - upgrade localId to 109611004723200000
2022-08-20 13:50:45,378 [Time-limited test] INFO  ha.SequenceIdGenerator (SequenceIdGenerator.java:upgradeToSequenceId(359)) - upgrade delTxnId to 0
2022-08-20 13:50:45,382 [Time-limited test] INFO  ha.SequenceIdGenerator (SequenceIdGenerator.java:upgradeToSequenceId(376)) - upgrade containerId to 0
2022-08-20 13:50:45,385 [Time-limited test] INFO  ha.SequenceIdGenerator (SequenceIdGenerator.java:<init>(220)) - Init the HA SequenceIdGenerator.
2022-08-20 13:50:45,432 [Time-limited test] INFO  node.SCMNodeManager (SCMNodeManager.java:<init>(149)) - Entering startup safe mode.
2022-08-20 13:50:45,501 [Time-limited test] INFO  algorithms.ContainerPlacementPolicyFactory (ContainerPlacementPolicyFactory.java:getPolicyInternal(86)) - Create container placement policy of type org.apache.hadoop.hdds.scm.container.placement.algorithms.SCMContainerPlacementRandom
2022-08-20 13:50:45,503 [Time-limited test] INFO  algorithms.ContainerPlacementPolicyFactory (ContainerPlacementPolicyFactory.java:getPolicyInternal(86)) - Create container placement policy of type org.apache.hadoop.hdds.scm.container.placement.algorithms.SCMContainerPlacementRackScatter
2022-08-20 13:50:45,511 [Time-limited test] INFO  pipeline.PipelineStateManagerImpl (PipelineStateManagerImpl.java:initialize(78)) - No pipeline exists in current db
2022-08-20 13:50:45,544 [Time-limited test] INFO  algorithms.LeaderChoosePolicyFactory (LeaderChoosePolicyFactory.java:getPolicy(57)) - Create leader choose policy of type org.apache.hadoop.hdds.scm.pipeline.leader.choose.algorithms.MinLeaderCountChoosePolicy
2022-08-20 13:50:45,545 [Time-limited test] INFO  algorithms.ContainerPlacementPolicyFactory (ContainerPlacementPolicyFactory.java:getPolicyInternal(86)) - Create container placement policy of type org.apache.hadoop.hdds.scm.container.placement.algorithms.SCMContainerPlacementRackScatter
2022-08-20 13:50:45,550 [Time-limited test] INFO  ha.SCMServiceManager (SCMServiceManager.java:register(42)) - Registering service BackgroundPipelineCreator.
2022-08-20 13:50:45,551 [Time-limited test] INFO  pipeline.BackgroundPipelineCreator (BackgroundPipelineCreator.java:start(124)) - Starting RatisPipelineUtilsThread.
2022-08-20 13:50:45,553 [Time-limited test] INFO  BackgroundPipelineScrubber (BackgroundSCMService.java:start(68)) - Starting BackgroundPipelineScrubber Service.
2022-08-20 13:50:45,554 [Time-limited test] INFO  ha.SCMServiceManager (SCMServiceManager.java:register(42)) - Registering service BackgroundPipelineScrubber.
2022-08-20 13:50:45,560 [Time-limited test] INFO  ExpiredContainerReplicaOpScrubber (BackgroundSCMService.java:start(68)) - Starting ExpiredContainerReplicaOpScrubber Service.
2022-08-20 13:50:45,560 [Time-limited test] INFO  ha.SCMServiceManager (SCMServiceManager.java:register(42)) - Registering service ExpiredContainerReplicaOpScrubber.
2022-08-20 13:50:45,592 [Time-limited test] INFO  algorithms.PipelineChoosePolicyFactory (PipelineChoosePolicyFactory.java:createPipelineChoosePolicyFromClass(73)) - Create pipeline choose policy of type org.apache.hadoop.hdds.scm.pipeline.choose.algorithms.RandomPipelineChoosePolicy
2022-08-20 13:50:45,611 [Time-limited test] INFO  ha.SCMServiceManager (SCMServiceManager.java:register(42)) - Registering service SCMBlockDeletingService.
2022-08-20 13:50:45,659 [Time-limited test] INFO  replication.ReplicationManager (ReplicationManager.java:start(206)) - Starting Replication Monitor Thread.
2022-08-20 13:50:45,669 [Time-limited test] INFO  UnderReplicatedQueueThread (BackgroundSCMService.java:start(68)) - Starting UnderReplicatedQueueThread Service.
2022-08-20 13:50:45,670 [Time-limited test] INFO  ha.SCMServiceManager (SCMServiceManager.java:register(42)) - Registering service UnderReplicatedQueueThread.
2022-08-20 13:50:45,672 [Time-limited test] INFO  OverReplicatedQueueThread (BackgroundSCMService.java:start(68)) - Starting OverReplicatedQueueThread Service.
2022-08-20 13:50:45,673 [Time-limited test] INFO  ha.SCMServiceManager (SCMServiceManager.java:register(42)) - Registering service OverReplicatedQueueThread.
2022-08-20 13:50:45,673 [Time-limited test] INFO  ha.SCMServiceManager (SCMServiceManager.java:register(42)) - Registering service ReplicationManager.
2022-08-20 13:50:45,673 [ReplicationMonitor] INFO  replication.ReplicationManager (ReplicationManager.java:processAll(255)) - Replication Manager is not ready to run until 300000ms after safemode exit
2022-08-20 13:50:45,687 [Time-limited test] INFO  safemode.ContainerSafeModeRule (ContainerSafeModeRule.java:<init>(89)) - containers with one replica threshold count 0
2022-08-20 13:50:45,690 [Time-limited test] INFO  safemode.HealthyPipelineSafeModeRule (HealthyPipelineSafeModeRule.java:initializeRule(169)) - Total pipeline count is 0, healthy pipeline threshold count is 1
2022-08-20 13:50:45,692 [Time-limited test] INFO  safemode.OneReplicaPipelineSafeModeRule (OneReplicaPipelineSafeModeRule.java:initializeRule(180)) - Total pipeline count is 0, pipeline's with at least one datanode reported threshold count is 0
2022-08-20 13:50:45,987 [Time-limited test] INFO  audit.AuditLogger (AuditLogger.java:refreshDebugCmdSet(126)) - Refresh DebugCmdSet for SCMAudit to [].
2022-08-20 13:50:46,018 [Time-limited test] INFO  ipc.CallQueueManager (CallQueueManager.java:<init>(90)) - Using callQueue: class java.util.concurrent.LinkedBlockingQueue, queueCapacity: 10000, scheduler: class org.apache.hadoop.ipc.DefaultRpcScheduler, ipcBackoff: false.
2022-08-20 13:50:46,054 [Socket Reader #1 for port 36399] INFO  ipc.Server (Server.java:run(1265)) - Starting Socket Reader #1 for port 36399
2022-08-20 13:50:46,112 [Listener at 0.0.0.0/36399] INFO  audit.AuditLogger (AuditLogger.java:refreshDebugCmdSet(126)) - Refresh DebugCmdSet for SCMAudit to [].
2022-08-20 13:50:46,131 [Listener at 0.0.0.0/36399] INFO  ipc.CallQueueManager (CallQueueManager.java:<init>(90)) - Using callQueue: class java.util.concurrent.LinkedBlockingQueue, queueCapacity: 10000, scheduler: class org.apache.hadoop.ipc.DefaultRpcScheduler, ipcBackoff: false.
2022-08-20 13:50:46,134 [Socket Reader #1 for port 39205] INFO  ipc.Server (Server.java:run(1265)) - Starting Socket Reader #1 for port 39205
2022-08-20 13:50:46,170 [Listener at 0.0.0.0/39205] INFO  audit.AuditLogger (AuditLogger.java:refreshDebugCmdSet(126)) - Refresh DebugCmdSet for SCMAudit to [].
2022-08-20 13:50:46,180 [Listener at 0.0.0.0/39205] INFO  ipc.CallQueueManager (CallQueueManager.java:<init>(90)) - Using callQueue: class java.util.concurrent.LinkedBlockingQueue, queueCapacity: 10000, scheduler: class org.apache.hadoop.ipc.DefaultRpcScheduler, ipcBackoff: false.
2022-08-20 13:50:46,181 [Socket Reader #1 for port 42999] INFO  ipc.Server (Server.java:run(1265)) - Starting Socket Reader #1 for port 42999
2022-08-20 13:50:46,234 [Listener at 0.0.0.0/42999] INFO  ha.SCMServiceManager (SCMServiceManager.java:register(42)) - Registering service ContainerBalancer.
2022-08-20 13:50:46,234 [Listener at 0.0.0.0/42999] INFO  server.StorageContainerManager (StorageContainerManager.java:<init>(406)) - 
Container Balancer status:
Key                            Value
Running                        false
Container Balancer Configuration values:
Key                                                Value
Threshold                                          10
Max Datanodes to Involve per Iteration(percent)    20
Max Size to Move per Iteration                     500GB
Max Size Entering Target per Iteration             26GB
Max Size Leaving Source per Iteration              26GB

2022-08-20 13:50:46,235 [Listener at 0.0.0.0/42999] WARN  events.EventQueue (EventQueue.java:fireEvent(216)) - No event handler registered for event TypedEvent{payloadType=SafeModeStatus, name='Safe mode status'}
2022-08-20 13:50:46,235 [Listener at 0.0.0.0/42999] INFO  ha.SCMContext (SCMContext.java:updateSafeModeStatus(228)) - Update SafeModeStatus from SafeModeStatus{safeModeStatus=true, preCheckPassed=false} to SafeModeStatus{safeModeStatus=true, preCheckPassed=false}.
2022-08-20 13:50:46,237 [Listener at 0.0.0.0/42999] INFO  server.StorageContainerManager (StorageContainerManager.java:start(1460)) - StorageContainerLocationProtocol RPC server is listening at /0.0.0.0:42999
2022-08-20 13:50:46,239 [Listener at 0.0.0.0/42999] INFO  ha.SCMRatisServerImpl (SCMRatisServerImpl.java:start(178)) - starting ratis server 0.0.0.0:33885
2022-08-20 13:50:46,239 [d94a9406-f498-4882-9ec6-2683d96ac94a-impl-thread1] INFO  server.RaftServer$Division (RaftServerImpl.java:start(310)) - d94a9406-f498-4882-9ec6-2683d96ac94a@group-A2CB2457C7CC: start as a follower, conf=0: [d94a9406-f498-4882-9ec6-2683d96ac94a|rpc:localhost:33885|admin:|client:|dataStream:|priority:0], old=null
2022-08-20 13:50:46,239 [d94a9406-f498-4882-9ec6-2683d96ac94a-impl-thread1] INFO  server.RaftServer$Division (RaftServerImpl.java:setRole(299)) - d94a9406-f498-4882-9ec6-2683d96ac94a@group-A2CB2457C7CC: changes role from      null to FOLLOWER at term 1 for startAsFollower
2022-08-20 13:50:46,239 [d94a9406-f498-4882-9ec6-2683d96ac94a-impl-thread1] INFO  impl.RoleInfo (RoleInfo.java:updateAndGet(139)) - d94a9406-f498-4882-9ec6-2683d96ac94a: start d94a9406-f498-4882-9ec6-2683d96ac94a@group-A2CB2457C7CC-FollowerState
2022-08-20 13:50:46,240 [d94a9406-f498-4882-9ec6-2683d96ac94a-impl-thread1] INFO  util.JmxRegister (JmxRegister.java:tryRegister(44)) - Successfully registered JMX Bean with object name Ratis:service=RaftServer,group=group-A2CB2457C7CC,id=d94a9406-f498-4882-9ec6-2683d96ac94a
2022-08-20 13:50:46,244 [Listener at 0.0.0.0/42999] INFO  server.RaftServer (RaftServerProxy.java:lambda$start$6(382)) - d94a9406-f498-4882-9ec6-2683d96ac94a: start RPC server
2022-08-20 13:50:46,245 [Listener at 0.0.0.0/42999] INFO  server.GrpcService (GrpcService.java:startImpl(260)) - d94a9406-f498-4882-9ec6-2683d96ac94a: GrpcService started, listening on 33885
2022-08-20 13:50:46,248 [Listener at 0.0.0.0/42999] INFO  ha.SCMHAManagerImpl (SCMHAManagerImpl.java:start(121)) -  scm role is FOLLOWER peers [d94a9406-f498-4882-9ec6-2683d96ac94a|rpc:localhost:33885|admin:|client:|dataStream:|priority:0]
2022-08-20 13:50:46,248 [Listener at 0.0.0.0/42999] INFO  ha.InterSCMGrpcService (InterSCMGrpcProtocolService.java:start(94)) - Starting SCM Grpc Service at port 37479
2022-08-20 13:50:46,256 [org.apache.ratis.util.JvmPauseMonitor$$Lambda$519/858083045@3aba79eb] INFO  util.JvmPauseMonitor (JvmPauseMonitor.java:run(103)) - JvmPauseMonitor-d94a9406-f498-4882-9ec6-2683d96ac94a: Started
2022-08-20 13:50:46,312 [Listener at 0.0.0.0/42999] WARN  impl.MetricsConfig (MetricsConfig.java:loadFirst(136)) - Cannot locate configuration: tried hadoop-metrics2-storagecontainermanager.properties,hadoop-metrics2.properties
2022-08-20 13:50:46,328 [Listener at 0.0.0.0/42999] INFO  impl.MetricsSystemImpl (MetricsSystemImpl.java:startTimer(378)) - Scheduled Metric snapshot period at 10 second(s).
2022-08-20 13:50:46,328 [Listener at 0.0.0.0/42999] INFO  impl.MetricsSystemImpl (MetricsSystemImpl.java:start(191)) - StorageContainerManager metrics system started
2022-08-20 13:50:46,556 [Listener at 0.0.0.0/42999] INFO  server.SCMClientProtocolServer (SCMClientProtocolServer.java:start(170)) - RPC server for Client  is listening at /0.0.0.0:42999
2022-08-20 13:50:46,560 [IPC Server Responder] INFO  ipc.Server (Server.java:run(1507)) - IPC Server Responder: starting
2022-08-20 13:50:46,561 [IPC Server listener on 42999] INFO  ipc.Server (Server.java:run(1344)) - IPC Server listener on 42999: starting
2022-08-20 13:50:46,579 [Listener at 0.0.0.0/42999] INFO  server.StorageContainerManager (StorageContainerManager.java:start(1475)) - ScmBlockLocationProtocol RPC server is listening at /0.0.0.0:39205
2022-08-20 13:50:46,580 [Listener at 0.0.0.0/42999] INFO  server.SCMBlockProtocolServer (SCMBlockProtocolServer.java:start(152)) - RPC server for Block Protocol is listening at /0.0.0.0:39205
2022-08-20 13:50:46,580 [IPC Server Responder] INFO  ipc.Server (Server.java:run(1507)) - IPC Server Responder: starting
2022-08-20 13:50:46,580 [IPC Server listener on 39205] INFO  ipc.Server (Server.java:run(1344)) - IPC Server listener on 39205: starting
2022-08-20 13:50:46,618 [org.apache.hadoop.util.JvmPauseMonitor$Monitor@69991da0] INFO  util.JvmPauseMonitor (JvmPauseMonitor.java:run(188)) - Starting JVM pause monitor
2022-08-20 13:50:46,643 [Listener at 0.0.0.0/42999] INFO  http.BaseHttpServer (BaseHttpServer.java:newHttpServer2BuilderForOzone(209)) - Starting Web-server for scm at: http://0.0.0.0:34473
2022-08-20 13:50:46,643 [Listener at 0.0.0.0/42999] INFO  http.BaseHttpServer (BaseHttpServer.java:<init>(107)) - Hadoop Security Enabled: false Ozone Security Enabled: false Ozone HTTP Security Enabled: false 
2022-08-20 13:50:46,669 [Listener at 0.0.0.0/42999] INFO  util.log (Log.java:initialized(170)) - Logging initialized @10914ms to org.eclipse.jetty.util.log.Slf4jLog
2022-08-20 13:50:46,772 [Listener at 0.0.0.0/42999] INFO  server.AuthenticationFilter (AuthenticationFilter.java:constructSecretProvider(240)) - Unable to initialize FileSignerSecretProvider, falling back to use random secrets.
2022-08-20 13:50:46,780 [Listener at 0.0.0.0/42999] WARN  http.HttpRequestLog (HttpRequestLog.java:getRequestLog(103)) - Jetty request log can only be enabled using Log4j
2022-08-20 13:50:46,786 [Listener at 0.0.0.0/42999] INFO  http.HttpServer2 (HttpServer2.java:addGlobalFilter(1029)) - Added global filter 'safety' (class=org.apache.hadoop.hdds.server.http.HttpServer2$QuotingInputFilter)
2022-08-20 13:50:46,789 [Listener at 0.0.0.0/42999] INFO  http.HttpServer2 (HttpServer2.java:addFilter(1005)) - Added filter static_user_filter (class=org.apache.hadoop.http.lib.StaticUserWebFilter$StaticUserFilter) to context scm
2022-08-20 13:50:46,789 [Listener at 0.0.0.0/42999] INFO  http.HttpServer2 (HttpServer2.java:addFilter(1013)) - Added filter static_user_filter (class=org.apache.hadoop.http.lib.StaticUserWebFilter$StaticUserFilter) to context static
2022-08-20 13:50:46,789 [Listener at 0.0.0.0/42999] INFO  http.HttpServer2 (HttpServer2.java:addFilter(1013)) - Added filter static_user_filter (class=org.apache.hadoop.http.lib.StaticUserWebFilter$StaticUserFilter) to context logs
2022-08-20 13:50:46,827 [Listener at 0.0.0.0/42999] INFO  http.HttpServer2 (HttpServer2.java:bindListener(1248)) - Jetty bound to port 34473
2022-08-20 13:50:46,829 [Listener at 0.0.0.0/42999] INFO  server.Server (Server.java:doStart(375)) - jetty-9.4.43.v20210629; built: 2021-06-30T11:07:22.254Z; git: 526006ecfa3af7f1a27ef3a288e2bef7ea9dd7e8; jvm 1.8.0_332-b09
2022-08-20 13:50:46,858 [Listener at 0.0.0.0/42999] INFO  server.session (DefaultSessionIdManager.java:doStart(334)) - DefaultSessionIdManager workerName=node0
2022-08-20 13:50:46,858 [Listener at 0.0.0.0/42999] INFO  server.session (DefaultSessionIdManager.java:doStart(339)) - No SessionScavenger set, using defaults
2022-08-20 13:50:46,860 [Listener at 0.0.0.0/42999] INFO  server.session (HouseKeeper.java:startScavenging(132)) - node0 Scavenging every 600000ms
2022-08-20 13:50:46,872 [Listener at 0.0.0.0/42999] INFO  handler.ContextHandler (ContextHandler.java:doStart(915)) - Started o.e.j.s.ServletContextHandler@3b992090{logs,/logs,file:///home/runner/work/ozone/ozone/hadoop-ozone/integration-test/target/log,AVAILABLE}
2022-08-20 13:50:46,873 [Listener at 0.0.0.0/42999] INFO  handler.ContextHandler (ContextHandler.java:doStart(915)) - Started o.e.j.s.ServletContextHandler@534774c4{static,/static,file:///home/runner/work/ozone/ozone/hadoop-ozone/integration-test/target/test-classes/webapps/static,AVAILABLE}
2022-08-20 13:50:46,924 [Listener at 0.0.0.0/42999] INFO  handler.ContextHandler (ContextHandler.java:doStart(915)) - Started o.e.j.w.WebAppContext@76a8801f{scm,/,file:///home/runner/work/ozone/ozone/hadoop-ozone/integration-test/target/test-classes/webapps/scm/,AVAILABLE}{file:/home/runner/work/ozone/ozone/hadoop-ozone/integration-test/target/test-classes/webapps/scm}
2022-08-20 13:50:46,937 [Listener at 0.0.0.0/42999] INFO  server.AbstractConnector (AbstractConnector.java:doStart(331)) - Started ServerConnector@72b0a987{HTTP/1.1, (http/1.1)}{0.0.0.0:34473}
2022-08-20 13:50:46,937 [Listener at 0.0.0.0/42999] INFO  server.Server (Server.java:doStart(415)) - Started @11182ms
2022-08-20 13:50:46,940 [Listener at 0.0.0.0/42999] INFO  impl.MetricsSinkAdapter (MetricsSinkAdapter.java:start(204)) - Sink prometheus started
2022-08-20 13:50:46,940 [Listener at 0.0.0.0/42999] INFO  impl.MetricsSystemImpl (MetricsSystemImpl.java:registerSink(305)) - Registered sink prometheus
2022-08-20 13:50:46,941 [Listener at 0.0.0.0/42999] INFO  http.BaseHttpServer (BaseHttpServer.java:updateConnectorAddress(329)) - HTTP server of scm listening at http://0.0.0.0:34473
2022-08-20 13:50:46,941 [Listener at 0.0.0.0/42999] INFO  ozone.MiniOzoneHAClusterImpl (MiniOzoneHAClusterImpl.java:createSCMService(606)) - Started SCM RPC server at /0.0.0.0:42999
2022-08-20 13:50:46,958 [Listener at 0.0.0.0/42999] WARN  server.ServerUtils (ServerUtils.java:getScmDbDir(148)) - ozone.scm.db.dirs is not configured. We recommend adding this setting. Falling back to ozone.metadata.dirs instead.
2022-08-20 13:50:46,958 [Listener at 0.0.0.0/42999] INFO  ha.SCMHANodeDetails (SCMHANodeDetails.java:loadSCMHAConfig(209)) - ServiceID for StorageContainerManager is scmServiceId
2022-08-20 13:50:46,958 [Listener at 0.0.0.0/42999] INFO  ha.SCMHANodeDetails (SCMHANodeDetails.java:loadSCMHAConfig(220)) - ServiceID for StorageContainerManager is scmServiceId
2022-08-20 13:50:46,959 [Listener at 0.0.0.0/42999] WARN  scm.ScmUtils (ScmUtils.java:logWarn(179)) - ConfigKey ozone.scm.block.client.address is deprecated, For configuring different ports for each SCM use PortConfigKey ozone.scm.block.client.port appended with serviceId and nodeId. If want to configure same port configure ozone.scm.block.client.port
2022-08-20 13:50:46,959 [Listener at 0.0.0.0/42999] WARN  scm.ScmUtils (ScmUtils.java:logWarn(179)) - ConfigKey ozone.scm.client.address is deprecated, For configuring different ports for each SCM use PortConfigKey ozone.scm.client.port appended with serviceId and nodeId. If want to configure same port configure ozone.scm.client.port
2022-08-20 13:50:46,959 [Listener at 0.0.0.0/42999] WARN  scm.ScmUtils (ScmUtils.java:logWarn(179)) - ConfigKey ozone.scm.datanode.address is deprecated, For configuring different ports for each SCM use PortConfigKey ozone.scm.datanode.port appended with serviceId and nodeId. If want to configure same port configure ozone.scm.datanode.port
2022-08-20 13:50:46,959 [Listener at 0.0.0.0/42999] WARN  scm.ScmUtils (ScmUtils.java:logWarn(179)) - ConfigKey ozone.scm.block.client.address is deprecated, For configuring different ports for each SCM use PortConfigKey ozone.scm.block.client.port appended with serviceId and nodeId. If want to configure same port configure ozone.scm.block.client.port
2022-08-20 13:50:46,959 [Listener at 0.0.0.0/42999] WARN  scm.ScmUtils (ScmUtils.java:logWarn(179)) - ConfigKey ozone.scm.client.address is deprecated, For configuring different ports for each SCM use PortConfigKey ozone.scm.client.port appended with serviceId and nodeId. If want to configure same port configure ozone.scm.client.port
2022-08-20 13:50:46,959 [Listener at 0.0.0.0/42999] WARN  scm.ScmUtils (ScmUtils.java:logWarn(179)) - ConfigKey ozone.scm.datanode.address is deprecated, For configuring different ports for each SCM use PortConfigKey ozone.scm.datanode.port appended with serviceId and nodeId. If want to configure same port configure ozone.scm.datanode.port
2022-08-20 13:50:46,959 [Listener at 0.0.0.0/42999] INFO  ha.SCMHANodeDetails (SCMHANodeDetails.java:loadSCMHAConfig(307)) - Found matching SCM address with SCMServiceId: scmServiceId, SCMNodeId: scmNode-2, RPC Address: localhost:46665 and Ratis port: 46665
2022-08-20 13:50:46,959 [Listener at 0.0.0.0/42999] INFO  ha.SCMHANodeDetails (ConfUtils.java:setNodeSpecificConfigs(97)) - Setting configuration key ozone.scm.datanode.address with value of key ozone.scm.datanode.address.scmServiceId.scmNode-2: 127.0.0.1:40675
2022-08-20 13:50:46,960 [Listener at 0.0.0.0/42999] INFO  ha.SCMHANodeDetails (ConfUtils.java:setNodeSpecificConfigs(97)) - Setting configuration key ozone.scm.block.client.address with value of key ozone.scm.block.client.address.scmServiceId.scmNode-2: 127.0.0.1:41033
2022-08-20 13:50:46,960 [Listener at 0.0.0.0/42999] INFO  ha.SCMHANodeDetails (ConfUtils.java:setNodeSpecificConfigs(97)) - Setting configuration key ozone.scm.client.address with value of key ozone.scm.client.address.scmServiceId.scmNode-2: 127.0.0.1:36733
2022-08-20 13:50:46,960 [Listener at 0.0.0.0/42999] INFO  ha.SCMHANodeDetails (ConfUtils.java:setNodeSpecificConfigs(97)) - Setting configuration key ozone.scm.ratis.port with value of key ozone.scm.ratis.port.scmServiceId.scmNode-2: 46665
2022-08-20 13:50:46,960 [Listener at 0.0.0.0/42999] INFO  ha.SCMHANodeDetails (ConfUtils.java:setNodeSpecificConfigs(97)) - Setting configuration key ozone.scm.grpc.port with value of key ozone.scm.grpc.port.scmServiceId.scmNode-2: 39089
2022-08-20 13:50:46,960 [Listener at 0.0.0.0/42999] INFO  ha.SCMHANodeDetails (ConfUtils.java:setNodeSpecificConfigs(97)) - Setting configuration key ozone.scm.http-address with value of key ozone.scm.http-address.scmServiceId.scmNode-2: 127.0.0.1:39469
2022-08-20 13:50:46,960 [Listener at 0.0.0.0/42999] INFO  ha.SCMHANodeDetails (ConfUtils.java:setNodeSpecificConfigs(97)) - Setting configuration key ozone.scm.https-address with value of key ozone.scm.https-address.scmServiceId.scmNode-2: 127.0.0.1:40037
2022-08-20 13:50:46,960 [Listener at 0.0.0.0/42999] INFO  ha.SCMHANodeDetails (ConfUtils.java:setNodeSpecificConfigs(97)) - Setting configuration key ozone.scm.address with value of key ozone.scm.address.scmServiceId.scmNode-2: 127.0.0.1
2022-08-20 13:50:46,960 [Listener at 0.0.0.0/42999] WARN  scm.ScmUtils (ScmUtils.java:logWarn(179)) - ConfigKey ozone.scm.block.client.address is deprecated, For configuring different ports for each SCM use PortConfigKey ozone.scm.block.client.port appended with serviceId and nodeId. If want to configure same port configure ozone.scm.block.client.port
2022-08-20 13:50:46,960 [Listener at 0.0.0.0/42999] WARN  scm.ScmUtils (ScmUtils.java:logWarn(179)) - ConfigKey ozone.scm.client.address is deprecated, For configuring different ports for each SCM use PortConfigKey ozone.scm.client.port appended with serviceId and nodeId. If want to configure same port configure ozone.scm.client.port
2022-08-20 13:50:46,960 [Listener at 0.0.0.0/42999] WARN  scm.ScmUtils (ScmUtils.java:logWarn(179)) - ConfigKey ozone.scm.datanode.address is deprecated, For configuring different ports for each SCM use PortConfigKey ozone.scm.datanode.port appended with serviceId and nodeId. If want to configure same port configure ozone.scm.datanode.port
2022-08-20 13:50:46,968 [Listener at 0.0.0.0/42999] INFO  ha.SCMNodeInfo (SCMNodeInfo.java:getPort(197)) - ConfigKey ozone.scm.client.address is deprecated, For configuring different ports for each SCM use PortConfigKey ozone.scm.client.port appended with serviceId and nodeId
2022-08-20 13:50:46,968 [Listener at 0.0.0.0/42999] INFO  ha.SCMNodeInfo (SCMNodeInfo.java:getPort(197)) - ConfigKey ozone.scm.block.client.address is deprecated, For configuring different ports for each SCM use PortConfigKey ozone.scm.block.client.port appended with serviceId and nodeId
2022-08-20 13:50:46,968 [Listener at 0.0.0.0/42999] INFO  ha.SCMNodeInfo (SCMNodeInfo.java:getPort(197)) - ConfigKey ozone.scm.datanode.address is deprecated, For configuring different ports for each SCM use PortConfigKey ozone.scm.datanode.port appended with serviceId and nodeId
2022-08-20 13:50:46,968 [Listener at 0.0.0.0/42999] INFO  ha.SCMNodeInfo (SCMNodeInfo.java:getPort(197)) - ConfigKey ozone.scm.client.address is deprecated, For configuring different ports for each SCM use PortConfigKey ozone.scm.client.port appended with serviceId and nodeId
2022-08-20 13:50:46,968 [Listener at 0.0.0.0/42999] INFO  ha.SCMNodeInfo (SCMNodeInfo.java:getPort(197)) - ConfigKey ozone.scm.block.client.address is deprecated, For configuring different ports for each SCM use PortConfigKey ozone.scm.block.client.port appended with serviceId and nodeId
2022-08-20 13:50:46,969 [Listener at 0.0.0.0/42999] INFO  ha.SCMNodeInfo (SCMNodeInfo.java:getPort(197)) - ConfigKey ozone.scm.datanode.address is deprecated, For configuring different ports for each SCM use PortConfigKey ozone.scm.datanode.port appended with serviceId and nodeId
2022-08-20 13:50:46,969 [Listener at 0.0.0.0/42999] INFO  proxy.SCMBlockLocationFailoverProxyProvider (SCMBlockLocationFailoverProxyProvider.java:<init>(114)) - Created block location fail-over proxy with 2 nodes: [nodeId=scmNode-3,nodeAddress=/127.0.0.1:41191, nodeId=scmNode-1,nodeAddress=/127.0.0.1:39205]
2022-08-20 13:50:49,187 [Listener at 0.0.0.0/42999] INFO  retry.RetryInvocationHandler (RetryInvocationHandler.java:log(411)) - com.google.protobuf.ServiceException: java.net.ConnectException: Call From fv-az54-959/10.1.0.37 to localhost:41191 failed on connection exception: java.net.ConnectException: Connection refused; For more details see:  http://wiki.apache.org/hadoop/ConnectionRefused, while invoking $Proxy41.send over nodeId=scmNode-3,nodeAddress=/127.0.0.1:41191 after 1 failover attempts. Trying to failover after sleeping for 2000ms.
2022-08-20 13:50:51,191 [Listener at 0.0.0.0/42999] INFO  retry.RetryInvocationHandler (RetryInvocationHandler.java:log(411)) - com.google.protobuf.ServiceException: org.apache.hadoop.ipc.RemoteException(org.apache.hadoop.hdds.ratis.ServerNotLeaderException): Server:d94a9406-f498-4882-9ec6-2683d96ac94a is not the leader. Could not determine the leader node.
	at org.apache.hadoop.hdds.ratis.ServerNotLeaderException.convertToNotLeaderException(ServerNotLeaderException.java:109)
	at org.apache.hadoop.hdds.scm.ha.RatisUtil.checkRatisException(RatisUtil.java:246)
	at org.apache.hadoop.hdds.scm.protocol.ScmBlockLocationProtocolServerSideTranslatorPB.send(ScmBlockLocationProtocolServerSideTranslatorPB.java:109)
	at org.apache.hadoop.hdds.protocol.proto.ScmBlockLocationProtocolProtos$ScmBlockLocationProtocolService$2.callBlockingMethod(ScmBlockLocationProtocolProtos.java:14202)
	at org.apache.hadoop.ipc.ProtobufRpcEngine$Server.processCall(ProtobufRpcEngine.java:466)
	at org.apache.hadoop.ipc.ProtobufRpcEngine2$Server$ProtoBufRpcInvoker.call(ProtobufRpcEngine2.java:574)
	at org.apache.hadoop.ipc.ProtobufRpcEngine2$Server$ProtoBufRpcInvoker.call(ProtobufRpcEngine2.java:552)
	at org.apache.hadoop.ipc.RPC$Server.call(RPC.java:1093)
	at org.apache.hadoop.ipc.Server$RpcCall.run(Server.java:1035)
	at org.apache.hadoop.ipc.Server$RpcCall.run(Server.java:963)
	at java.security.AccessController.doPrivileged(Native Method)
	at javax.security.auth.Subject.doAs(Subject.java:422)
	at org.apache.hadoop.security.UserGroupInformation.doAs(UserGroupInformation.java:1878)
	at org.apache.hadoop.ipc.Server$Handler.run(Server.java:2966)
, while invoking $Proxy41.send over nodeId=scmNode-1,nodeAddress=/127.0.0.1:39205 after 2 failover attempts. Trying to failover after sleeping for 2000ms.
2022-08-20 13:50:51,291 [d94a9406-f498-4882-9ec6-2683d96ac94a@group-A2CB2457C7CC-FollowerState] INFO  impl.FollowerState (FollowerState.java:run(143)) - d94a9406-f498-4882-9ec6-2683d96ac94a@group-A2CB2457C7CC-FollowerState: change to CANDIDATE, lastRpcElapsedTime:5051422565ns, electionTimeout:5035ms
2022-08-20 13:50:51,292 [d94a9406-f498-4882-9ec6-2683d96ac94a@group-A2CB2457C7CC-FollowerState] INFO  impl.RoleInfo (RoleInfo.java:shutdownFollowerState(110)) - d94a9406-f498-4882-9ec6-2683d96ac94a: shutdown d94a9406-f498-4882-9ec6-2683d96ac94a@group-A2CB2457C7CC-FollowerState
2022-08-20 13:50:51,292 [d94a9406-f498-4882-9ec6-2683d96ac94a@group-A2CB2457C7CC-FollowerState] INFO  server.RaftServer$Division (RaftServerImpl.java:setRole(299)) - d94a9406-f498-4882-9ec6-2683d96ac94a@group-A2CB2457C7CC: changes role from  FOLLOWER to CANDIDATE at term 1 for changeToCandidate
2022-08-20 13:50:51,293 [d94a9406-f498-4882-9ec6-2683d96ac94a@group-A2CB2457C7CC-FollowerState] INFO  server.RaftServerConfigKeys (ConfUtils.java:logGet(46)) - raft.server.leaderelection.pre-vote = false (custom)
2022-08-20 13:50:51,293 [d94a9406-f498-4882-9ec6-2683d96ac94a@group-A2CB2457C7CC-FollowerState] INFO  impl.RoleInfo (RoleInfo.java:updateAndGet(139)) - d94a9406-f498-4882-9ec6-2683d96ac94a: start d94a9406-f498-4882-9ec6-2683d96ac94a@group-A2CB2457C7CC-LeaderElection2
2022-08-20 13:50:51,296 [d94a9406-f498-4882-9ec6-2683d96ac94a@group-A2CB2457C7CC-LeaderElection2] INFO  impl.LeaderElection (LeaderElection.java:askForVotes(310)) - d94a9406-f498-4882-9ec6-2683d96ac94a@group-A2CB2457C7CC-LeaderElection2 ELECTION round 0: submit vote requests at term 2 for 0: [d94a9406-f498-4882-9ec6-2683d96ac94a|rpc:localhost:33885|admin:|client:|dataStream:|priority:0], old=null
2022-08-20 13:50:51,296 [d94a9406-f498-4882-9ec6-2683d96ac94a@group-A2CB2457C7CC-LeaderElection2] INFO  impl.LeaderElection (LeaderElection.java:askForVotes(312)) - d94a9406-f498-4882-9ec6-2683d96ac94a@group-A2CB2457C7CC-LeaderElection2 ELECTION round 0: result PASSED (term=2)
2022-08-20 13:50:51,297 [d94a9406-f498-4882-9ec6-2683d96ac94a@group-A2CB2457C7CC-LeaderElection2] INFO  impl.RoleInfo (RoleInfo.java:shutdownLeaderElection(130)) - d94a9406-f498-4882-9ec6-2683d96ac94a: shutdown d94a9406-f498-4882-9ec6-2683d96ac94a@group-A2CB2457C7CC-LeaderElection2
2022-08-20 13:50:51,297 [d94a9406-f498-4882-9ec6-2683d96ac94a@group-A2CB2457C7CC-LeaderElection2] INFO  server.RaftServer$Division (RaftServerImpl.java:setRole(299)) - d94a9406-f498-4882-9ec6-2683d96ac94a@group-A2CB2457C7CC: changes role from CANDIDATE to LEADER at term 2 for changeToLeader
2022-08-20 13:50:51,297 [d94a9406-f498-4882-9ec6-2683d96ac94a@group-A2CB2457C7CC-LeaderElection2] INFO  ha.SCMStateMachine (SCMStateMachine.java:notifyLeaderChanged(259)) - current SCM becomes leader of term 2.
2022-08-20 13:50:51,297 [d94a9406-f498-4882-9ec6-2683d96ac94a@group-A2CB2457C7CC-LeaderElection2] INFO  ha.SCMContext (SCMContext.java:updateLeaderAndTerm(99)) - update <isLeader,term> from <false,0> to <true,2>
2022-08-20 13:50:51,299 [d94a9406-f498-4882-9ec6-2683d96ac94a@group-A2CB2457C7CC-LeaderElection2] INFO  server.RaftServer$Division (ServerState.java:setLeader(287)) - d94a9406-f498-4882-9ec6-2683d96ac94a@group-A2CB2457C7CC: change Leader from null to d94a9406-f498-4882-9ec6-2683d96ac94a at term 2 for becomeLeader, leader elected after 6292ms
2022-08-20 13:50:51,301 [d94a9406-f498-4882-9ec6-2683d96ac94a@group-A2CB2457C7CC-LeaderElection2] INFO  server.RaftServerConfigKeys (ConfUtils.java:logGet(46)) - raft.server.staging.catchup.gap = 1000 (default)
2022-08-20 13:50:51,302 [d94a9406-f498-4882-9ec6-2683d96ac94a@group-A2CB2457C7CC-LeaderElection2] INFO  server.RaftServerConfigKeys (ConfUtils.java:logGet(46)) - raft.server.write.element-limit = 4096 (default)
2022-08-20 13:50:51,302 [d94a9406-f498-4882-9ec6-2683d96ac94a@group-A2CB2457C7CC-LeaderElection2] INFO  server.RaftServerConfigKeys (ConfUtils.java:logGet(46)) - raft.server.write.byte-limit = 64MB (=67108864) (default)
2022-08-20 13:50:51,302 [d94a9406-f498-4882-9ec6-2683d96ac94a@group-A2CB2457C7CC-LeaderElection2] INFO  server.RaftServerConfigKeys (ConfUtils.java:logGet(46)) - raft.server.watch.timeout = 10s (default)
2022-08-20 13:50:51,302 [d94a9406-f498-4882-9ec6-2683d96ac94a@group-A2CB2457C7CC-LeaderElection2] INFO  server.RaftServerConfigKeys (ConfUtils.java:logGet(46)) - raft.server.watch.timeout.denomination = 1s (default)
2022-08-20 13:50:51,302 [d94a9406-f498-4882-9ec6-2683d96ac94a@group-A2CB2457C7CC-LeaderElection2] INFO  server.RaftServerConfigKeys (ConfUtils.java:logGet(46)) - raft.server.watch.element-limit = 65536 (default)
2022-08-20 13:50:51,302 [d94a9406-f498-4882-9ec6-2683d96ac94a@group-A2CB2457C7CC-LeaderElection2] INFO  server.RaftServerConfigKeys (ConfUtils.java:logGet(46)) - raft.server.write.element-limit = 4096 (default)
2022-08-20 13:50:51,302 [d94a9406-f498-4882-9ec6-2683d96ac94a@group-A2CB2457C7CC-LeaderElection2] INFO  server.RaftServerConfigKeys (ConfUtils.java:logGet(46)) - raft.server.write.follower.gap.ratio.max = -1.0 (default)
2022-08-20 13:50:51,303 [d94a9406-f498-4882-9ec6-2683d96ac94a@group-A2CB2457C7CC-LeaderElection2] INFO  impl.RoleInfo (RoleInfo.java:updateAndGet(139)) - d94a9406-f498-4882-9ec6-2683d96ac94a: start d94a9406-f498-4882-9ec6-2683d96ac94a@group-A2CB2457C7CC-LeaderStateImpl
2022-08-20 13:50:51,303 [d94a9406-f498-4882-9ec6-2683d96ac94a@group-A2CB2457C7CC-LeaderElection2] INFO  segmented.SegmentedRaftLogWorker (SegmentedRaftLogWorker.java:rollLogSegment(430)) - d94a9406-f498-4882-9ec6-2683d96ac94a@group-A2CB2457C7CC-SegmentedRaftLogWorker: Rolling segment log-0_0 to index:0
2022-08-20 13:50:51,306 [d94a9406-f498-4882-9ec6-2683d96ac94a@group-A2CB2457C7CC-SegmentedRaftLogWorker] INFO  segmented.SegmentedRaftLogWorker (SegmentedRaftLogWorker.java:execute(586)) - d94a9406-f498-4882-9ec6-2683d96ac94a@group-A2CB2457C7CC-SegmentedRaftLogWorker: Rolled log segment from /home/runner/work/ozone/ozone/hadoop-ozone/integration-test/target/test-dir/MiniOzoneClusterImpl-1d33bde5-c0a1-446c-b0a2-a2cb2457c7cc/scmNode-1/scm-ha/1d33bde5-c0a1-446c-b0a2-a2cb2457c7cc/current/log_inprogress_0 to /home/runner/work/ozone/ozone/hadoop-ozone/integration-test/target/test-dir/MiniOzoneClusterImpl-1d33bde5-c0a1-446c-b0a2-a2cb2457c7cc/scmNode-1/scm-ha/1d33bde5-c0a1-446c-b0a2-a2cb2457c7cc/current/log_0-0
2022-08-20 13:50:51,317 [d94a9406-f498-4882-9ec6-2683d96ac94a@group-A2CB2457C7CC-LeaderElection2] INFO  server.RaftServer$Division (ServerState.java:setRaftConf(393)) - d94a9406-f498-4882-9ec6-2683d96ac94a@group-A2CB2457C7CC: set configuration 1: [d94a9406-f498-4882-9ec6-2683d96ac94a|rpc:localhost:33885|admin:|client:|dataStream:|priority:0], old=null
2022-08-20 13:50:51,318 [d94a9406-f498-4882-9ec6-2683d96ac94a@group-A2CB2457C7CC-SegmentedRaftLogWorker] INFO  segmented.SegmentedRaftLogWorker (SegmentedRaftLogWorker.java:execute(629)) - d94a9406-f498-4882-9ec6-2683d96ac94a@group-A2CB2457C7CC-SegmentedRaftLogWorker: created new log segment /home/runner/work/ozone/ozone/hadoop-ozone/integration-test/target/test-dir/MiniOzoneClusterImpl-1d33bde5-c0a1-446c-b0a2-a2cb2457c7cc/scmNode-1/scm-ha/1d33bde5-c0a1-446c-b0a2-a2cb2457c7cc/current/log_inprogress_1
2022-08-20 13:50:51,319 [d94a9406-f498-4882-9ec6-2683d96ac94a@group-A2CB2457C7CC-StateMachineUpdater] INFO  ha.SCMContext (SCMContext.java:setLeaderReady(126)) - update <isLeaderReady> from <false> to <true>
2022-08-20 13:50:51,320 [d94a9406-f498-4882-9ec6-2683d96ac94a@group-A2CB2457C7CC-StateMachineUpdater] INFO  pipeline.BackgroundPipelineCreator (BackgroundPipelineCreator.java:notifyStatusChanged(254)) - Service BackgroundPipelineCreator transitions to RUNNING.
2022-08-20 13:50:51,322 [d94a9406-f498-4882-9ec6-2683d96ac94a@group-A2CB2457C7CC-StateMachineUpdater] INFO  safemode.HealthyPipelineSafeModeRule (HealthyPipelineSafeModeRule.java:initializeRule(165)) - Refreshed total pipeline count is 0, healthy pipeline threshold count is 1
2022-08-20 13:50:51,322 [d94a9406-f498-4882-9ec6-2683d96ac94a@group-A2CB2457C7CC-StateMachineUpdater] INFO  safemode.ContainerSafeModeRule (ContainerSafeModeRule.java:reInitializeRule(177)) - Refreshed one replica container threshold 0, currentThreshold 0
2022-08-20 13:50:51,323 [d94a9406-f498-4882-9ec6-2683d96ac94a@group-A2CB2457C7CC-StateMachineUpdater] INFO  safemode.OneReplicaPipelineSafeModeRule (OneReplicaPipelineSafeModeRule.java:initializeRule(176)) - Refreshed Total pipeline count is 0, pipeline's with at least one datanode reported threshold count is 0
2022-08-20 13:50:51,323 [d94a9406-f498-4882-9ec6-2683d96ac94a@group-A2CB2457C7CC-StateMachineUpdater] INFO  server.SCMDatanodeProtocolServer (SCMDatanodeProtocolServer.java:start(186)) - ScmDatanodeProtocol RPC server for DataNodes is listening at /0.0.0.0:36399
2022-08-20 13:50:51,332 [IPC Server listener on 36399] INFO  ipc.Server (Server.java:run(1344)) - IPC Server listener on 36399: starting
2022-08-20 13:50:51,348 [IPC Server Responder] INFO  ipc.Server (Server.java:run(1507)) - IPC Server Responder: starting
2022-08-20 13:50:53,193 [Listener at 0.0.0.0/42999] INFO  retry.RetryInvocationHandler (RetryInvocationHandler.java:log(411)) - com.google.protobuf.ServiceException: java.net.ConnectException: Call From fv-az54-959/10.1.0.37 to localhost:41191 failed on connection exception: java.net.ConnectException: Connection refused; For more details see:  http://wiki.apache.org/hadoop/ConnectionRefused, while invoking $Proxy41.send over nodeId=scmNode-3,nodeAddress=/127.0.0.1:41191 after 3 failover attempts. Trying to failover after sleeping for 2000ms.
2022-08-20 13:50:55,223 [Listener at 0.0.0.0/42999] INFO  server.StorageContainerManager (StorageContainerManager.java:scmBootstrap(1143)) - SCM BootStrap  is successful for ClusterID 1d33bde5-c0a1-446c-b0a2-a2cb2457c7cc, SCMID d38852ba-a21f-4434-98b8-bd8171207a1b
2022-08-20 13:50:55,223 [Listener at 0.0.0.0/42999] INFO  server.StorageContainerManager (StorageContainerManager.java:scmBootstrap(1145)) - Primary SCM Node ID d94a9406-f498-4882-9ec6-2683d96ac94a
2022-08-20 13:50:55,223 [Listener at 0.0.0.0/42999] WARN  server.ServerUtils (ServerUtils.java:getScmDbDir(148)) - ozone.scm.db.dirs is not configured. We recommend adding this setting. Falling back to ozone.metadata.dirs instead.
2022-08-20 13:50:55,224 [Listener at 0.0.0.0/42999] INFO  ha.SCMHANodeDetails (SCMHANodeDetails.java:loadSCMHAConfig(209)) - ServiceID for StorageContainerManager is scmServiceId
2022-08-20 13:50:55,224 [Listener at 0.0.0.0/42999] INFO  ha.SCMHANodeDetails (SCMHANodeDetails.java:loadSCMHAConfig(220)) - ServiceID for StorageContainerManager is scmServiceId
2022-08-20 13:50:55,224 [Listener at 0.0.0.0/42999] WARN  scm.ScmUtils (ScmUtils.java:logWarn(179)) - ConfigKey ozone.scm.block.client.address is deprecated, For configuring different ports for each SCM use PortConfigKey ozone.scm.block.client.port appended with serviceId and nodeId. If want to configure same port configure ozone.scm.block.client.port
2022-08-20 13:50:55,224 [Listener at 0.0.0.0/42999] WARN  scm.ScmUtils (ScmUtils.java:logWarn(179)) - ConfigKey ozone.scm.client.address is deprecated, For configuring different ports for each SCM use PortConfigKey ozone.scm.client.port appended with serviceId and nodeId. If want to configure same port configure ozone.scm.client.port
2022-08-20 13:50:55,224 [Listener at 0.0.0.0/42999] WARN  scm.ScmUtils (ScmUtils.java:logWarn(179)) - ConfigKey ozone.scm.datanode.address is deprecated, For configuring different ports for each SCM use PortConfigKey ozone.scm.datanode.port appended with serviceId and nodeId. If want to configure same port configure ozone.scm.datanode.port
2022-08-20 13:50:55,225 [Listener at 0.0.0.0/42999] WARN  scm.ScmUtils (ScmUtils.java:logWarn(179)) - ConfigKey ozone.scm.block.client.address is deprecated, For configuring different ports for each SCM use PortConfigKey ozone.scm.block.client.port appended with serviceId and nodeId. If want to configure same port configure ozone.scm.block.client.port
2022-08-20 13:50:55,225 [Listener at 0.0.0.0/42999] WARN  scm.ScmUtils (ScmUtils.java:logWarn(179)) - ConfigKey ozone.scm.client.address is deprecated, For configuring different ports for each SCM use PortConfigKey ozone.scm.client.port appended with serviceId and nodeId. If want to configure same port configure ozone.scm.client.port
2022-08-20 13:50:55,225 [Listener at 0.0.0.0/42999] WARN  scm.ScmUtils (ScmUtils.java:logWarn(179)) - ConfigKey ozone.scm.datanode.address is deprecated, For configuring different ports for each SCM use PortConfigKey ozone.scm.datanode.port appended with serviceId and nodeId. If want to configure same port configure ozone.scm.datanode.port
2022-08-20 13:50:55,225 [Listener at 0.0.0.0/42999] INFO  ha.SCMHANodeDetails (SCMHANodeDetails.java:loadSCMHAConfig(307)) - Found matching SCM address with SCMServiceId: scmServiceId, SCMNodeId: scmNode-2, RPC Address: localhost:46665 and Ratis port: 46665
2022-08-20 13:50:55,225 [Listener at 0.0.0.0/42999] INFO  ha.SCMHANodeDetails (ConfUtils.java:setNodeSpecificConfigs(97)) - Setting configuration key ozone.scm.datanode.address with value of key ozone.scm.datanode.address.scmServiceId.scmNode-2: 127.0.0.1:40675
2022-08-20 13:50:55,225 [Listener at 0.0.0.0/42999] INFO  ha.SCMHANodeDetails (ConfUtils.java:setNodeSpecificConfigs(97)) - Setting configuration key ozone.scm.block.client.address with value of key ozone.scm.block.client.address.scmServiceId.scmNode-2: 127.0.0.1:41033
2022-08-20 13:50:55,225 [Listener at 0.0.0.0/42999] INFO  ha.SCMHANodeDetails (ConfUtils.java:setNodeSpecificConfigs(97)) - Setting configuration key ozone.scm.client.address with value of key ozone.scm.client.address.scmServiceId.scmNode-2: 127.0.0.1:36733
2022-08-20 13:50:55,225 [Listener at 0.0.0.0/42999] INFO  ha.SCMHANodeDetails (ConfUtils.java:setNodeSpecificConfigs(97)) - Setting configuration key ozone.scm.ratis.port with value of key ozone.scm.ratis.port.scmServiceId.scmNode-2: 46665
2022-08-20 13:50:55,225 [Listener at 0.0.0.0/42999] INFO  ha.SCMHANodeDetails (ConfUtils.java:setNodeSpecificConfigs(97)) - Setting configuration key ozone.scm.grpc.port with value of key ozone.scm.grpc.port.scmServiceId.scmNode-2: 39089
2022-08-20 13:50:55,225 [Listener at 0.0.0.0/42999] INFO  ha.SCMHANodeDetails (ConfUtils.java:setNodeSpecificConfigs(97)) - Setting configuration key ozone.scm.http-address with value of key ozone.scm.http-address.scmServiceId.scmNode-2: 127.0.0.1:39469
2022-08-20 13:50:55,225 [Listener at 0.0.0.0/42999] INFO  ha.SCMHANodeDetails (ConfUtils.java:setNodeSpecificConfigs(97)) - Setting configuration key ozone.scm.https-address with value of key ozone.scm.https-address.scmServiceId.scmNode-2: 127.0.0.1:40037
2022-08-20 13:50:55,225 [Listener at 0.0.0.0/42999] INFO  ha.SCMHANodeDetails (ConfUtils.java:setNodeSpecificConfigs(97)) - Setting configuration key ozone.scm.address with value of key ozone.scm.address.scmServiceId.scmNode-2: 127.0.0.1
2022-08-20 13:50:55,226 [Listener at 0.0.0.0/42999] WARN  scm.ScmUtils (ScmUtils.java:logWarn(179)) - ConfigKey ozone.scm.block.client.address is deprecated, For configuring different ports for each SCM use PortConfigKey ozone.scm.block.client.port appended with serviceId and nodeId. If want to configure same port configure ozone.scm.block.client.port
2022-08-20 13:50:55,226 [Listener at 0.0.0.0/42999] WARN  scm.ScmUtils (ScmUtils.java:logWarn(179)) - ConfigKey ozone.scm.client.address is deprecated, For configuring different ports for each SCM use PortConfigKey ozone.scm.client.port appended with serviceId and nodeId. If want to configure same port configure ozone.scm.client.port
2022-08-20 13:50:55,226 [Listener at 0.0.0.0/42999] WARN  scm.ScmUtils (ScmUtils.java:logWarn(179)) - ConfigKey ozone.scm.datanode.address is deprecated, For configuring different ports for each SCM use PortConfigKey ozone.scm.datanode.port appended with serviceId and nodeId. If want to configure same port configure ozone.scm.datanode.port
2022-08-20 13:50:55,228 [Listener at 0.0.0.0/42999] WARN  utils.HAUtils (HAUtils.java:getMetaDir(342)) - ozone.scm.db.dirs is not configured. We recommend adding this setting. Falling back to ozone.metadata.dirs instead.
2022-08-20 13:50:55,228 [Listener at 0.0.0.0/42999] WARN  db.DBStoreBuilder (DBStoreBuilder.java:applyDBDefinition(143)) - ozone.scm.db.dirs is not configured. We recommend adding this setting. Falling back to ozone.metadata.dirs instead.
2022-08-20 13:50:55,322 [Listener at 0.0.0.0/42999] INFO  net.NodeSchemaLoader (NodeSchemaLoader.java:loadSchemaFromFile(129)) - Loading schema from [jar:file:/home/runner/.m2/repository/org/apache/ozone/hdds-common/1.3.0-SNAPSHOT/hdds-common-1.3.0-SNAPSHOT.jar!/network-topology-default.xml]
2022-08-20 13:50:55,322 [Listener at 0.0.0.0/42999] INFO  net.NodeSchemaLoader (NodeSchemaLoader.java:loadSchema(176)) - Loading network topology layer schema file
2022-08-20 13:50:55,324 [Listener at 0.0.0.0/42999] WARN  impl.MetricRegistriesImpl (MetricRegistriesImpl.java:addReporterRegistration(111)) - New reporters are added after registries were created. Some metrics will be missing from the reporter. Please add reporter before adding any new registry.
2022-08-20 13:50:55,324 [Listener at 0.0.0.0/42999] WARN  impl.MetricRegistriesImpl (MetricRegistriesImpl.java:addReporterRegistration(111)) - New reporters are added after registries were created. Some metrics will be missing from the reporter. Please add reporter before adding any new registry.
2022-08-20 13:50:55,325 [Listener at 0.0.0.0/42999] INFO  ha.SCMRatisServerImpl (SCMRatisServerImpl.java:<init>(87)) - starting Raft server for scm:d38852ba-a21f-4434-98b8-bd8171207a1b
2022-08-20 13:50:55,326 [Listener at 0.0.0.0/42999] INFO  server.RaftServer (ConfUtils.java:logGet(46)) - raft.rpc.type = GRPC (default)
2022-08-20 13:50:55,326 [Listener at 0.0.0.0/42999] INFO  grpc.GrpcFactory (GrpcFactory.java:checkPooledByteBufAllocatorUseCacheForAllThreads(48)) - PERFORMANCE WARNING: useCacheForAllThreads is true that may cause Netty to create a lot garbage objects and, as a result, trigger GC.
	It is recommended to disable useCacheForAllThreads by setting -Dorg.apache.ratis.thirdparty.io.netty.allocator.useCacheForAllThreads=false in command line.
2022-08-20 13:50:55,326 [Listener at 0.0.0.0/42999] INFO  grpc.GrpcConfigKeys (ConfUtils.java:logGet(46)) - raft.grpc.admin.port = -1 (default)
2022-08-20 13:50:55,327 [Listener at 0.0.0.0/42999] INFO  grpc.GrpcConfigKeys (ConfUtils.java:logGet(46)) - raft.grpc.server.port = 46665 (custom)
2022-08-20 13:50:55,327 [Listener at 0.0.0.0/42999] INFO  grpc.GrpcConfigKeys (ConfUtils.java:logGet(46)) - raft.grpc.client.port = -1 (default)
2022-08-20 13:50:55,327 [Listener at 0.0.0.0/42999] INFO  grpc.GrpcConfigKeys (ConfUtils.java:logGet(46)) - raft.grpc.server.port = 46665 (custom)
2022-08-20 13:50:55,327 [Listener at 0.0.0.0/42999] INFO  grpc.GrpcConfigKeys (ConfUtils.java:logGet(46)) - raft.grpc.server.port = 46665 (custom)
2022-08-20 13:50:55,327 [Listener at 0.0.0.0/42999] INFO  server.GrpcService (ConfUtils.java:logGet(46)) - raft.grpc.message.size.max = 32m (=33554432) (custom)
2022-08-20 13:50:55,327 [Listener at 0.0.0.0/42999] INFO  server.RaftServerConfigKeys (ConfUtils.java:logGet(46)) - raft.server.log.appender.buffer.byte-limit = 33554432 (custom)
2022-08-20 13:50:55,327 [Listener at 0.0.0.0/42999] INFO  server.GrpcService (ConfUtils.java:logGet(46)) - raft.grpc.flow.control.window = 1MB (=1048576) (default)
2022-08-20 13:50:55,327 [Listener at 0.0.0.0/42999] INFO  server.RaftServerConfigKeys (ConfUtils.java:logGet(46)) - raft.server.rpc.request.timeout = 30000ms (custom)
2022-08-20 13:50:55,327 [Listener at 0.0.0.0/42999] INFO  grpc.GrpcConfigKeys (ConfUtils.java:logGet(46)) - raft.grpc.server.async.request.thread.pool.cached = true (default)
2022-08-20 13:50:55,327 [Listener at 0.0.0.0/42999] INFO  grpc.GrpcConfigKeys (ConfUtils.java:logGet(46)) - raft.grpc.server.async.request.thread.pool.size = 32 (default)
2022-08-20 13:50:55,329 [Listener at 0.0.0.0/42999] INFO  impl.DataStreamServerImpl (ConfUtils.java:logGet(46)) - raft.datastream.type = DISABLED (default)
2022-08-20 13:50:55,329 [Listener at 0.0.0.0/42999] INFO  server.RaftServerConfigKeys (ConfUtils.java:logGet(46)) - raft.server.threadpool.proxy.cached = true (default)
2022-08-20 13:50:55,329 [Listener at 0.0.0.0/42999] INFO  server.RaftServerConfigKeys (ConfUtils.java:logGet(46)) - raft.server.threadpool.proxy.size = 0 (default)
2022-08-20 13:50:55,329 [Listener at 0.0.0.0/42999] INFO  server.RaftServerConfigKeys (ConfUtils.java:logGet(46)) - raft.server.rpc.slowness.timeout = 120000ms (custom)
2022-08-20 13:50:55,329 [Listener at 0.0.0.0/42999] INFO  server.RaftServerConfigKeys (ConfUtils.java:logGet(46)) - raft.server.leaderelection.leader.step-down.wait-time = 10s (default)
2022-08-20 13:50:55,329 [Listener at 0.0.0.0/42999] INFO  server.RaftServerConfigKeys (ConfUtils.java:logGet(46)) - raft.server.storage.dir = [/home/runner/work/ozone/ozone/hadoop-ozone/integration-test/target/test-dir/MiniOzoneClusterImpl-1d33bde5-c0a1-446c-b0a2-a2cb2457c7cc/scmNode-2/scm-ha] (custom)
2022-08-20 13:50:55,336 [Listener at 0.0.0.0/42999] INFO  server.RaftServer (RaftServerProxy.java:addNew(96)) - d38852ba-a21f-4434-98b8-bd8171207a1b: addNew group-A2CB2457C7CC:[] returns group-A2CB2457C7CC:java.util.concurrent.CompletableFuture@55114286[Not completed]
2022-08-20 13:50:55,336 [pool-54-thread-1] INFO  server.RaftServer$Division (RaftServerImpl.java:<init>(190)) - d38852ba-a21f-4434-98b8-bd8171207a1b: new RaftServerImpl for group-A2CB2457C7CC:[] with SCMStateMachine:uninitialized
2022-08-20 13:50:55,337 [pool-54-thread-1] INFO  server.RaftServerConfigKeys (ConfUtils.java:logGet(46)) - raft.server.rpc.timeout.min = 5000ms (custom)
2022-08-20 13:50:55,337 [pool-54-thread-1] INFO  server.RaftServerConfigKeys (ConfUtils.java:logGet(46)) - raft.server.rpc.timeout.max = 5200ms (custom)
2022-08-20 13:50:55,337 [pool-54-thread-1] INFO  server.RaftServerConfigKeys (ConfUtils.java:logGet(46)) - raft.server.rpc.sleep.time = 25ms (default)
2022-08-20 13:50:55,337 [pool-54-thread-1] INFO  server.RaftServerConfigKeys (ConfUtils.java:logGet(46)) - raft.server.rpc.slowness.timeout = 120000ms (custom)
2022-08-20 13:50:55,337 [pool-54-thread-1] INFO  server.RaftServerConfigKeys (ConfUtils.java:logGet(46)) - raft.server.leaderelection.leader.step-down.wait-time = 10s (default)
2022-08-20 13:50:55,337 [pool-54-thread-1] INFO  server.RaftServerConfigKeys (ConfUtils.java:logGet(46)) - raft.server.sleep.deviation.threshold = 300ms (default)
2022-08-20 13:50:55,337 [pool-54-thread-1] INFO  server.RaftServer$Division (ServerState.java:<init>(107)) - d38852ba-a21f-4434-98b8-bd8171207a1b@group-A2CB2457C7CC: ConfigurationManager, init=-1: [], old=null, confs=<EMPTY_MAP>
2022-08-20 13:50:55,338 [pool-54-thread-1] INFO  server.RaftServerConfigKeys (ConfUtils.java:logGet(46)) - raft.server.storage.dir = [/home/runner/work/ozone/ozone/hadoop-ozone/integration-test/target/test-dir/MiniOzoneClusterImpl-1d33bde5-c0a1-446c-b0a2-a2cb2457c7cc/scmNode-2/scm-ha] (custom)
2022-08-20 13:50:55,338 [pool-54-thread-1] INFO  server.RaftServerConfigKeys (ConfUtils.java:logGet(46)) - raft.server.log.corruption.policy = EXCEPTION (default)
2022-08-20 13:50:55,338 [pool-54-thread-1] INFO  server.RaftServerConfigKeys (ConfUtils.java:logGet(46)) - raft.server.storage.free-space.min = 0MB (=0) (default)
2022-08-20 13:50:55,338 [pool-54-thread-1] INFO  storage.RaftStorageDirectory (RaftStorageDirectoryImpl.java:analyzeStorage(135)) - The storage directory /home/runner/work/ozone/ozone/hadoop-ozone/integration-test/target/test-dir/MiniOzoneClusterImpl-1d33bde5-c0a1-446c-b0a2-a2cb2457c7cc/scmNode-2/scm-ha/1d33bde5-c0a1-446c-b0a2-a2cb2457c7cc does not exist. Creating ...
2022-08-20 13:50:55,340 [pool-54-thread-1] INFO  storage.RaftStorageDirectory (RaftStorageDirectoryImpl.java:tryLock(230)) - Lock on /home/runner/work/ozone/ozone/hadoop-ozone/integration-test/target/test-dir/MiniOzoneClusterImpl-1d33bde5-c0a1-446c-b0a2-a2cb2457c7cc/scmNode-2/scm-ha/1d33bde5-c0a1-446c-b0a2-a2cb2457c7cc/in_use.lock acquired by nodename 20888@fv-az54-959
2022-08-20 13:50:55,341 [pool-54-thread-1] INFO  storage.RaftStorage (RaftStorageImpl.java:format(89)) - Storage directory /home/runner/work/ozone/ozone/hadoop-ozone/integration-test/target/test-dir/MiniOzoneClusterImpl-1d33bde5-c0a1-446c-b0a2-a2cb2457c7cc/scmNode-2/scm-ha/1d33bde5-c0a1-446c-b0a2-a2cb2457c7cc has been successfully formatted.
2022-08-20 13:50:55,341 [pool-54-thread-1] INFO  server.RaftServerConfigKeys (ConfUtils.java:logGet(46)) - raft.server.notification.no-leader.timeout = 60s (default)
2022-08-20 13:50:55,341 [pool-54-thread-1] INFO  server.RaftServerConfigKeys (ConfUtils.java:logGet(46)) - raft.server.log.use.memory = false (default)
2022-08-20 13:50:55,341 [pool-54-thread-1] INFO  server.RaftServerConfigKeys (ConfUtils.java:logGet(46)) - raft.server.log.purge.gap = 1000000 (custom)
2022-08-20 13:50:55,341 [pool-54-thread-1] INFO  server.RaftServerConfigKeys (ConfUtils.java:logGet(46)) - raft.server.log.appender.buffer.byte-limit = 33554432 (custom)
2022-08-20 13:50:55,341 [pool-54-thread-1] INFO  server.RaftServerConfigKeys (ConfUtils.java:logGet(46)) - raft.server.log.statemachine.data.read.timeout = 1000ms (default)
2022-08-20 13:50:55,341 [pool-54-thread-1] INFO  server.RaftServerConfigKeys (ConfUtils.java:logGet(46)) - raft.server.log.segment.size.max = 4194304 (custom)
2022-08-20 13:50:55,342 [pool-54-thread-1] INFO  server.RaftServerConfigKeys (ConfUtils.java:logGet(46)) - raft.server.log.segment.cache.num.max = 2 (custom)
2022-08-20 13:50:55,342 [pool-54-thread-1] INFO  server.RaftServerConfigKeys (ConfUtils.java:logGet(46)) - raft.server.log.segment.cache.size.max = 200MB (=209715200) (default)
2022-08-20 13:50:55,342 [pool-54-thread-1] INFO  segmented.SegmentedRaftLogWorker (SegmentedRaftLogWorker.java:<init>(187)) - new d38852ba-a21f-4434-98b8-bd8171207a1b@group-A2CB2457C7CC-SegmentedRaftLogWorker for RaftStorageImpl:Storage Directory /home/runner/work/ozone/ozone/hadoop-ozone/integration-test/target/test-dir/MiniOzoneClusterImpl-1d33bde5-c0a1-446c-b0a2-a2cb2457c7cc/scmNode-2/scm-ha/1d33bde5-c0a1-446c-b0a2-a2cb2457c7cc
2022-08-20 13:50:55,342 [pool-54-thread-1] INFO  server.RaftServerConfigKeys (ConfUtils.java:logGet(46)) - raft.server.log.queue.byte-limit = 64MB (=67108864) (default)
2022-08-20 13:50:55,342 [pool-54-thread-1] INFO  server.RaftServerConfigKeys (ConfUtils.java:logGet(46)) - raft.server.log.queue.element-limit = 4096 (default)
2022-08-20 13:50:55,342 [pool-54-thread-1] INFO  server.RaftServerConfigKeys (ConfUtils.java:logGet(46)) - raft.server.log.segment.size.max = 4194304 (custom)
2022-08-20 13:50:55,342 [pool-54-thread-1] INFO  server.RaftServerConfigKeys (ConfUtils.java:logGet(46)) - raft.server.log.preallocated.size = 4194304 (custom)
2022-08-20 13:50:55,342 [pool-54-thread-1] INFO  server.RaftServerConfigKeys (ConfUtils.java:logGet(46)) - raft.server.log.force.sync.num = 128 (default)
2022-08-20 13:50:55,342 [pool-54-thread-1] INFO  server.RaftServerConfigKeys (ConfUtils.java:logGet(46)) - raft.server.log.statemachine.data.sync = true (default)
2022-08-20 13:50:55,342 [pool-54-thread-1] INFO  server.RaftServerConfigKeys (ConfUtils.java:logGet(46)) - raft.server.log.statemachine.data.sync.timeout = 10s (default)
2022-08-20 13:50:55,343 [pool-54-thread-1] INFO  server.RaftServerConfigKeys (ConfUtils.java:logGet(46)) - raft.server.log.statemachine.data.sync.timeout.retry = -1 (default)
2022-08-20 13:50:55,343 [pool-54-thread-1] INFO  server.RaftServerConfigKeys (ConfUtils.java:logGet(46)) - raft.server.log.write.buffer.size = 64KB (=65536) (default)
2022-08-20 13:50:55,344 [pool-54-thread-1] INFO  server.RaftServerConfigKeys (ConfUtils.java:logGet(46)) - raft.server.log.unsafe-flush.enabled = false (default)
2022-08-20 13:50:55,344 [pool-54-thread-1] INFO  server.RaftServerConfigKeys (ConfUtils.java:logGet(46)) - raft.server.log.statemachine.data.caching.enabled = false (default)
2022-08-20 13:50:55,344 [pool-54-thread-1] INFO  segmented.SegmentedRaftLogWorker (SegmentedRaftLogWorker.java:lambda$new$0(135)) - d38852ba-a21f-4434-98b8-bd8171207a1b@group-A2CB2457C7CC-SegmentedRaftLogWorker: flushIndex: setUnconditionally 0 -> -1
2022-08-20 13:50:55,344 [pool-54-thread-1] INFO  segmented.SegmentedRaftLogWorker (SegmentedRaftLogWorker.java:lambda$new$0(135)) - d38852ba-a21f-4434-98b8-bd8171207a1b@group-A2CB2457C7CC-SegmentedRaftLogWorker: safeCacheEvictIndex: setUnconditionally 0 -> -1
2022-08-20 13:50:55,351 [pool-54-thread-1] INFO  server.RaftServerConfigKeys (ConfUtils.java:logGet(46)) - raft.server.snapshot.auto.trigger.enabled = true (custom)
2022-08-20 13:50:55,351 [pool-54-thread-1] INFO  server.RaftServerConfigKeys (ConfUtils.java:logGet(46)) - raft.server.snapshot.auto.trigger.threshold = 1000 (custom)
2022-08-20 13:50:55,351 [pool-54-thread-1] INFO  server.RaftServerConfigKeys (ConfUtils.java:logGet(46)) - raft.server.snapshot.retention.file.num = -1 (default)
2022-08-20 13:50:55,351 [pool-54-thread-1] INFO  server.RaftServerConfigKeys (ConfUtils.java:logGet(46)) - raft.server.log.purge.upto.snapshot.index = false (default)
2022-08-20 13:50:55,351 [pool-54-thread-1] INFO  server.RaftServerConfigKeys (ConfUtils.java:logGet(46)) - raft.server.retrycache.expirytime = 60000ms (default)
2022-08-20 13:50:55,351 [pool-54-thread-1] INFO  server.RaftServerConfigKeys (ConfUtils.java:logGet(46)) - raft.server.retrycache.statistics.expirytime = 100μs (default)
2022-08-20 13:50:55,353 [pool-54-thread-1] INFO  server.RaftServerConfigKeys (ConfUtils.java:logGet(46)) - raft.server.log.appender.install.snapshot.enabled = false (custom)
2022-08-20 13:50:55,353 [pool-54-thread-1] INFO  server.RaftServerConfigKeys (ConfUtils.java:logGet(46)) - raft.server.threadpool.server.cached = true (default)
2022-08-20 13:50:55,353 [pool-54-thread-1] INFO  server.RaftServerConfigKeys (ConfUtils.java:logGet(46)) - raft.server.threadpool.server.size = 0 (default)
2022-08-20 13:50:55,353 [pool-54-thread-1] INFO  server.RaftServerConfigKeys (ConfUtils.java:logGet(46)) - raft.server.threadpool.client.cached = true (default)
2022-08-20 13:50:55,353 [pool-54-thread-1] INFO  server.RaftServerConfigKeys (ConfUtils.java:logGet(46)) - raft.server.threadpool.client.size = 0 (default)
2022-08-20 13:50:55,353 [Listener at 0.0.0.0/42999] INFO  ha.SCMSnapshotProvider (SCMSnapshotProvider.java:<init>(66)) - Initializing SCM Snapshot Provider
2022-08-20 13:50:55,353 [Listener at 0.0.0.0/42999] WARN  server.ServerUtils (ServerUtils.java:getDefaultRatisDirectory(237)) - Storage directory for Ratis is not configured. It is a good idea to map this to an SSD disk. Falling back to ozone.metadata.dirs
2022-08-20 13:50:55,354 [Listener at 0.0.0.0/42999] WARN  ha.SCMHAUtils (SCMHAUtils.java:getSCMRatisSnapshotDirectory(153)) - SCM snapshot dir is not configured. Falling back to ozone.metadata.dirs config
2022-08-20 13:50:55,355 [Listener at 0.0.0.0/42999] INFO  upgrade.AbstractLayoutVersionManager (AbstractLayoutVersionManager.java:init(83)) - Initializing Layout version manager with metadata layout = DATANODE_SCHEMA_V3 (version = 4), software layout = DATANODE_SCHEMA_V3 (version = 4)
2022-08-20 13:50:55,406 [Listener at 0.0.0.0/42999] INFO  reflections.Reflections (Reflections.java:scan(232)) - Reflections took 49 ms to scan 7 urls, producing 133 keys and 322 values 
2022-08-20 13:50:55,408 [Listener at 0.0.0.0/42999] INFO  ha.SequenceIdGenerator (SequenceIdGenerator.java:upgradeToSequenceId(349)) - upgrade localId to 109611004723200000
2022-08-20 13:50:55,408 [Listener at 0.0.0.0/42999] INFO  ha.SequenceIdGenerator (SequenceIdGenerator.java:upgradeToSequenceId(359)) - upgrade delTxnId to 0
2022-08-20 13:50:55,408 [Listener at 0.0.0.0/42999] INFO  ha.SequenceIdGenerator (SequenceIdGenerator.java:upgradeToSequenceId(376)) - upgrade containerId to 0
2022-08-20 13:50:55,408 [Listener at 0.0.0.0/42999] INFO  ha.SequenceIdGenerator (SequenceIdGenerator.java:<init>(220)) - Init the HA SequenceIdGenerator.
2022-08-20 13:50:55,409 [Listener at 0.0.0.0/42999] WARN  server.ServerUtils (ServerUtils.java:sanitizeUserArgs(73)) - ozone.scm.stale.node.interval value = 300000 is larger than max = 100000 based on the key value of ozone.scm.heartbeat.thread.interval, reset to the max value 100000.
2022-08-20 13:50:55,409 [Listener at 0.0.0.0/42999] WARN  server.ServerUtils (ServerUtils.java:sanitizeUserArgs(73)) - ozone.scm.stale.node.interval value = 300000 is larger than max = 100000 based on the key value of ozone.scm.heartbeat.thread.interval, reset to the max value 100000.
2022-08-20 13:50:55,412 [Listener at 0.0.0.0/42999] INFO  node.SCMNodeManager (SCMNodeManager.java:<init>(149)) - Entering startup safe mode.
2022-08-20 13:50:55,413 [Listener at 0.0.0.0/42999] INFO  algorithms.ContainerPlacementPolicyFactory (ContainerPlacementPolicyFactory.java:getPolicyInternal(86)) - Create container placement policy of type org.apache.hadoop.hdds.scm.container.placement.algorithms.SCMContainerPlacementRandom
2022-08-20 13:50:55,413 [Listener at 0.0.0.0/42999] INFO  algorithms.ContainerPlacementPolicyFactory (ContainerPlacementPolicyFactory.java:getPolicyInternal(86)) - Create container placement policy of type org.apache.hadoop.hdds.scm.container.placement.algorithms.SCMContainerPlacementRackScatter
2022-08-20 13:50:55,413 [Listener at 0.0.0.0/42999] INFO  pipeline.PipelineStateManagerImpl (PipelineStateManagerImpl.java:initialize(78)) - No pipeline exists in current db
2022-08-20 13:50:55,413 [Listener at 0.0.0.0/42999] INFO  algorithms.LeaderChoosePolicyFactory (LeaderChoosePolicyFactory.java:getPolicy(57)) - Create leader choose policy of type org.apache.hadoop.hdds.scm.pipeline.leader.choose.algorithms.MinLeaderCountChoosePolicy
2022-08-20 13:50:55,413 [Listener at 0.0.0.0/42999] INFO  algorithms.ContainerPlacementPolicyFactory (ContainerPlacementPolicyFactory.java:getPolicyInternal(86)) - Create container placement policy of type org.apache.hadoop.hdds.scm.container.placement.algorithms.SCMContainerPlacementRackScatter
2022-08-20 13:50:55,414 [Listener at 0.0.0.0/42999] INFO  ha.SCMServiceManager (SCMServiceManager.java:register(42)) - Registering service BackgroundPipelineCreator.
2022-08-20 13:50:55,414 [Listener at 0.0.0.0/42999] INFO  pipeline.BackgroundPipelineCreator (BackgroundPipelineCreator.java:start(124)) - Starting RatisPipelineUtilsThread.
2022-08-20 13:50:55,414 [Listener at 0.0.0.0/42999] INFO  BackgroundPipelineScrubber (BackgroundSCMService.java:start(68)) - Starting BackgroundPipelineScrubber Service.
2022-08-20 13:50:55,415 [Listener at 0.0.0.0/42999] INFO  ha.SCMServiceManager (SCMServiceManager.java:register(42)) - Registering service BackgroundPipelineScrubber.
2022-08-20 13:50:55,415 [Listener at 0.0.0.0/42999] INFO  ExpiredContainerReplicaOpScrubber (BackgroundSCMService.java:start(68)) - Starting ExpiredContainerReplicaOpScrubber Service.
2022-08-20 13:50:55,415 [Listener at 0.0.0.0/42999] INFO  ha.SCMServiceManager (SCMServiceManager.java:register(42)) - Registering service ExpiredContainerReplicaOpScrubber.
2022-08-20 13:50:55,417 [Listener at 0.0.0.0/42999] INFO  algorithms.PipelineChoosePolicyFactory (PipelineChoosePolicyFactory.java:createPipelineChoosePolicyFromClass(73)) - Create pipeline choose policy of type org.apache.hadoop.hdds.scm.pipeline.choose.algorithms.RandomPipelineChoosePolicy
2022-08-20 13:50:55,417 [Listener at 0.0.0.0/42999] INFO  ha.SCMServiceManager (SCMServiceManager.java:register(42)) - Registering service SCMBlockDeletingService.
2022-08-20 13:50:55,417 [Listener at 0.0.0.0/42999] INFO  replication.ReplicationManager (ReplicationManager.java:start(206)) - Starting Replication Monitor Thread.
2022-08-20 13:50:55,418 [Listener at 0.0.0.0/42999] INFO  UnderReplicatedQueueThread (BackgroundSCMService.java:start(68)) - Starting UnderReplicatedQueueThread Service.
2022-08-20 13:50:55,419 [Listener at 0.0.0.0/42999] INFO  ha.SCMServiceManager (SCMServiceManager.java:register(42)) - Registering service UnderReplicatedQueueThread.
2022-08-20 13:50:55,419 [ReplicationMonitor] INFO  replication.ReplicationManager (ReplicationManager.java:processAll(255)) - Replication Manager is not ready to run until 3000ms after safemode exit
2022-08-20 13:50:55,420 [Listener at 0.0.0.0/42999] INFO  OverReplicatedQueueThread (BackgroundSCMService.java:start(68)) - Starting OverReplicatedQueueThread Service.
2022-08-20 13:50:55,426 [Listener at 0.0.0.0/42999] INFO  ha.SCMServiceManager (SCMServiceManager.java:register(42)) - Registering service OverReplicatedQueueThread.
2022-08-20 13:50:55,427 [Listener at 0.0.0.0/42999] INFO  ha.SCMServiceManager (SCMServiceManager.java:register(42)) - Registering service ReplicationManager.
2022-08-20 13:50:55,427 [Listener at 0.0.0.0/42999] INFO  safemode.ContainerSafeModeRule (ContainerSafeModeRule.java:<init>(89)) - containers with one replica threshold count 0
2022-08-20 13:50:55,428 [Listener at 0.0.0.0/42999] INFO  safemode.HealthyPipelineSafeModeRule (HealthyPipelineSafeModeRule.java:initializeRule(169)) - Total pipeline count is 0, healthy pipeline threshold count is 1
2022-08-20 13:50:55,429 [Listener at 0.0.0.0/42999] INFO  safemode.OneReplicaPipelineSafeModeRule (OneReplicaPipelineSafeModeRule.java:initializeRule(180)) - Total pipeline count is 0, pipeline's with at least one datanode reported threshold count is 0
2022-08-20 13:50:55,429 [Listener at 0.0.0.0/42999] INFO  ipc.CallQueueManager (CallQueueManager.java:<init>(90)) - Using callQueue: class java.util.concurrent.LinkedBlockingQueue, queueCapacity: 2000, scheduler: class org.apache.hadoop.ipc.DefaultRpcScheduler, ipcBackoff: false.
2022-08-20 13:50:55,430 [Socket Reader #1 for port 40675] INFO  ipc.Server (Server.java:run(1265)) - Starting Socket Reader #1 for port 40675
2022-08-20 13:50:55,431 [Listener at 0.0.0.0/40675] INFO  ipc.CallQueueManager (CallQueueManager.java:<init>(90)) - Using callQueue: class java.util.concurrent.LinkedBlockingQueue, queueCapacity: 2000, scheduler: class org.apache.hadoop.ipc.DefaultRpcScheduler, ipcBackoff: false.
2022-08-20 13:50:55,432 [Socket Reader #1 for port 41033] INFO  ipc.Server (Server.java:run(1265)) - Starting Socket Reader #1 for port 41033
2022-08-20 13:50:55,434 [Listener at 0.0.0.0/41033] INFO  ipc.CallQueueManager (CallQueueManager.java:<init>(90)) - Using callQueue: class java.util.concurrent.LinkedBlockingQueue, queueCapacity: 2000, scheduler: class org.apache.hadoop.ipc.DefaultRpcScheduler, ipcBackoff: false.
2022-08-20 13:50:55,434 [Socket Reader #1 for port 36733] INFO  ipc.Server (Server.java:run(1265)) - Starting Socket Reader #1 for port 36733
2022-08-20 13:50:55,465 [Listener at 0.0.0.0/36733] INFO  ha.SCMServiceManager (SCMServiceManager.java:register(42)) - Registering service ContainerBalancer.
2022-08-20 13:50:55,466 [Listener at 0.0.0.0/36733] INFO  server.StorageContainerManager (StorageContainerManager.java:<init>(406)) - 
Container Balancer status:
Key                            Value
Running                        false
Container Balancer Configuration values:
Key                                                Value
Threshold                                          10
Max Datanodes to Involve per Iteration(percent)    20
Max Size to Move per Iteration                     500GB
Max Size Entering Target per Iteration             26GB
Max Size Leaving Source per Iteration              26GB

2022-08-20 13:50:55,466 [Listener at 0.0.0.0/36733] WARN  events.EventQueue (EventQueue.java:fireEvent(216)) - No event handler registered for event TypedEvent{payloadType=SafeModeStatus, name='Safe mode status'}
2022-08-20 13:50:55,466 [Listener at 0.0.0.0/36733] INFO  ha.SCMContext (SCMContext.java:updateSafeModeStatus(228)) - Update SafeModeStatus from SafeModeStatus{safeModeStatus=true, preCheckPassed=false} to SafeModeStatus{safeModeStatus=true, preCheckPassed=false}.
2022-08-20 13:50:55,466 [Listener at 0.0.0.0/36733] INFO  server.StorageContainerManager (StorageContainerManager.java:start(1460)) - StorageContainerLocationProtocol RPC server is listening at /0.0.0.0:36733
2022-08-20 13:50:55,467 [Listener at 0.0.0.0/36733] INFO  ha.SCMRatisServerImpl (SCMRatisServerImpl.java:start(178)) - starting ratis server 0.0.0.0:46665
2022-08-20 13:50:55,467 [d38852ba-a21f-4434-98b8-bd8171207a1b-impl-thread1] INFO  server.RaftServer$Division (RaftServerImpl.java:start(316)) - d38852ba-a21f-4434-98b8-bd8171207a1b@group-A2CB2457C7CC: start with initializing state, conf=-1: [], old=null
2022-08-20 13:50:55,468 [d38852ba-a21f-4434-98b8-bd8171207a1b-impl-thread1] INFO  server.RaftServer$Division (RaftServerImpl.java:setRole(299)) - d38852ba-a21f-4434-98b8-bd8171207a1b@group-A2CB2457C7CC: changes role from      null to FOLLOWER at term 0 for startInitializing
2022-08-20 13:50:55,468 [d38852ba-a21f-4434-98b8-bd8171207a1b-impl-thread1] INFO  util.JmxRegister (JmxRegister.java:tryRegister(44)) - Successfully registered JMX Bean with object name Ratis:service=RaftServer,group=group-A2CB2457C7CC,id=d38852ba-a21f-4434-98b8-bd8171207a1b
2022-08-20 13:50:55,469 [Listener at 0.0.0.0/36733] INFO  server.RaftServer (RaftServerProxy.java:lambda$start$6(382)) - d38852ba-a21f-4434-98b8-bd8171207a1b: start RPC server
2022-08-20 13:50:55,473 [Listener at 0.0.0.0/36733] INFO  server.GrpcService (GrpcService.java:startImpl(260)) - d38852ba-a21f-4434-98b8-bd8171207a1b: GrpcService started, listening on 46665
2022-08-20 13:50:55,473 [org.apache.ratis.util.JvmPauseMonitor$$Lambda$519/858083045@7355b2b0] INFO  util.JvmPauseMonitor (JvmPauseMonitor.java:run(103)) - JvmPauseMonitor-d38852ba-a21f-4434-98b8-bd8171207a1b: Started
2022-08-20 13:50:55,475 [Listener at 0.0.0.0/36733] INFO  ha.SCMNodeInfo (SCMNodeInfo.java:getPort(197)) - ConfigKey ozone.scm.client.address is deprecated, For configuring different ports for each SCM use PortConfigKey ozone.scm.client.port appended with serviceId and nodeId
2022-08-20 13:50:55,475 [Listener at 0.0.0.0/36733] INFO  ha.SCMNodeInfo (SCMNodeInfo.java:getPort(197)) - ConfigKey ozone.scm.block.client.address is deprecated, For configuring different ports for each SCM use PortConfigKey ozone.scm.block.client.port appended with serviceId and nodeId
2022-08-20 13:50:55,475 [Listener at 0.0.0.0/36733] INFO  ha.SCMNodeInfo (SCMNodeInfo.java:getPort(197)) - ConfigKey ozone.scm.datanode.address is deprecated, For configuring different ports for each SCM use PortConfigKey ozone.scm.datanode.port appended with serviceId and nodeId
2022-08-20 13:50:55,476 [Listener at 0.0.0.0/36733] INFO  ha.SCMNodeInfo (SCMNodeInfo.java:getPort(197)) - ConfigKey ozone.scm.client.address is deprecated, For configuring different ports for each SCM use PortConfigKey ozone.scm.client.port appended with serviceId and nodeId
2022-08-20 13:50:55,476 [Listener at 0.0.0.0/36733] INFO  ha.SCMNodeInfo (SCMNodeInfo.java:getPort(197)) - ConfigKey ozone.scm.block.client.address is deprecated, For configuring different ports for each SCM use PortConfigKey ozone.scm.block.client.port appended with serviceId and nodeId
2022-08-20 13:50:55,476 [Listener at 0.0.0.0/36733] INFO  ha.SCMNodeInfo (SCMNodeInfo.java:getPort(197)) - ConfigKey ozone.scm.datanode.address is deprecated, For configuring different ports for each SCM use PortConfigKey ozone.scm.datanode.port appended with serviceId and nodeId
2022-08-20 13:50:55,476 [Listener at 0.0.0.0/36733] INFO  proxy.SCMBlockLocationFailoverProxyProvider (SCMBlockLocationFailoverProxyProvider.java:<init>(114)) - Created block location fail-over proxy with 2 nodes: [nodeId=scmNode-3,nodeAddress=/127.0.0.1:41191, nodeId=scmNode-1,nodeAddress=/127.0.0.1:39205]
2022-08-20 13:50:55,485 [IPC Server handler 8 on default port 39205] INFO  ha.SCMRatisServerImpl (SCMRatisServerImpl.java:addSCM(298)) - d94a9406-f498-4882-9ec6-2683d96ac94a: Submitting SetConfiguration request to Ratis server with new SCM peers list: [d94a9406-f498-4882-9ec6-2683d96ac94a|rpc:localhost:33885|admin:|client:|dataStream:|priority:0, d38852ba-a21f-4434-98b8-bd8171207a1b|rpc:localhost:46665|priority:0]
2022-08-20 13:50:55,500 [IPC Server handler 8 on default port 39205] INFO  server.RaftServer$Division (RaftServerImpl.java:setConfigurationAsync(1080)) - d94a9406-f498-4882-9ec6-2683d96ac94a@group-A2CB2457C7CC: receive setConfiguration SetConfigurationRequest:client-CFD013593644->d94a9406-f498-4882-9ec6-2683d96ac94a@group-A2CB2457C7CC, cid=0, seq=0, RW, null, peers:[d94a9406-f498-4882-9ec6-2683d96ac94a|rpc:localhost:33885|admin:|client:|dataStream:|priority:0, d38852ba-a21f-4434-98b8-bd8171207a1b|rpc:localhost:46665|priority:0]
2022-08-20 13:50:55,501 [IPC Server handler 8 on default port 39205] INFO  server.RaftServer$Division (LeaderStateImpl.java:startSetConfiguration(368)) - d94a9406-f498-4882-9ec6-2683d96ac94a@group-A2CB2457C7CC-LeaderStateImpl: startSetConfiguration SetConfigurationRequest:client-CFD013593644->d94a9406-f498-4882-9ec6-2683d96ac94a@group-A2CB2457C7CC, cid=0, seq=0, RW, null, peers:[d94a9406-f498-4882-9ec6-2683d96ac94a|rpc:localhost:33885|admin:|client:|dataStream:|priority:0, d38852ba-a21f-4434-98b8-bd8171207a1b|rpc:localhost:46665|priority:0]
2022-08-20 13:50:55,510 [IPC Server handler 8 on default port 39205] INFO  server.RaftServerConfigKeys (ConfUtils.java:logGet(46)) - raft.server.log.appender.snapshot.chunk.size.max = 16MB (=16777216) (default)
2022-08-20 13:50:55,510 [IPC Server handler 8 on default port 39205] INFO  server.RaftServerConfigKeys (ConfUtils.java:logGet(46)) - raft.server.log.appender.buffer.byte-limit = 33554432 (custom)
2022-08-20 13:50:55,511 [IPC Server handler 8 on default port 39205] INFO  server.RaftServerConfigKeys (ConfUtils.java:logGet(46)) - raft.server.log.appender.buffer.element-limit = 1024 (custom)
2022-08-20 13:50:55,515 [IPC Server handler 8 on default port 39205] INFO  grpc.GrpcConfigKeys (ConfUtils.java:logGet(46)) - raft.grpc.server.leader.outstanding.appends.max = 128 (default)
2022-08-20 13:50:55,515 [IPC Server handler 8 on default port 39205] INFO  server.RaftServerConfigKeys (ConfUtils.java:logGet(46)) - raft.server.rpc.request.timeout = 30000ms (custom)
2022-08-20 13:50:55,515 [IPC Server handler 8 on default port 39205] INFO  server.RaftServerConfigKeys (ConfUtils.java:logGet(46)) - raft.server.log.appender.install.snapshot.enabled = false (custom)
2022-08-20 13:50:55,519 [d94a9406-f498-4882-9ec6-2683d96ac94a@group-A2CB2457C7CC->d38852ba-a21f-4434-98b8-bd8171207a1b-GrpcLogAppender-LogAppenderDaemon] INFO  server.GrpcLogAppender (GrpcLogAppender.java:installSnapshot(541)) - d94a9406-f498-4882-9ec6-2683d96ac94a@group-A2CB2457C7CC->d38852ba-a21f-4434-98b8-bd8171207a1b-GrpcLogAppender: followerNextIndex = 0 but logStartIndex = 0, notify follower to install snapshot-(t:1, i:0)
2022-08-20 13:50:55,540 [d94a9406-f498-4882-9ec6-2683d96ac94a@group-A2CB2457C7CC->d38852ba-a21f-4434-98b8-bd8171207a1b-GrpcLogAppender-LogAppenderDaemon] INFO  server.GrpcLogAppender (GrpcLogAppender.java:installSnapshot(549)) - d94a9406-f498-4882-9ec6-2683d96ac94a@group-A2CB2457C7CC->d38852ba-a21f-4434-98b8-bd8171207a1b-GrpcLogAppender: send d94a9406-f498-4882-9ec6-2683d96ac94a->d38852ba-a21f-4434-98b8-bd8171207a1b#0-t2,notify:(t:1, i:0)
2022-08-20 13:50:56,120 [grpc-default-executor-0] INFO  impl.SnapshotInstallationHandler (SnapshotInstallationHandler.java:installSnapshot(84)) - d38852ba-a21f-4434-98b8-bd8171207a1b@group-A2CB2457C7CC: receive installSnapshot: d94a9406-f498-4882-9ec6-2683d96ac94a->d38852ba-a21f-4434-98b8-bd8171207a1b#0-t2,notify:(t:1, i:0)
2022-08-20 13:50:56,122 [grpc-default-executor-0] INFO  ha.SCMStateMachine (SCMStateMachine.java:notifyLeaderChanged(255)) - leader changed, yet current SCM is still follower.
2022-08-20 13:50:56,122 [grpc-default-executor-0] INFO  server.RaftServer$Division (ServerState.java:setLeader(287)) - d38852ba-a21f-4434-98b8-bd8171207a1b@group-A2CB2457C7CC: change Leader from null to d94a9406-f498-4882-9ec6-2683d96ac94a at term 2 for installSnapshot, leader elected after 780ms
2022-08-20 13:50:56,123 [grpc-default-executor-0] INFO  impl.SnapshotInstallationHandler (SnapshotInstallationHandler.java:notifyStateMachineToInstallSnapshot(215)) - d38852ba-a21f-4434-98b8-bd8171207a1b@group-A2CB2457C7CC: Received notification to install snapshot at index 0
2022-08-20 13:50:56,124 [grpc-default-executor-0] INFO  impl.SnapshotInstallationHandler (SnapshotInstallationHandler.java:notifyStateMachineToInstallSnapshot(224)) - d38852ba-a21f-4434-98b8-bd8171207a1b@group-A2CB2457C7CC: InstallSnapshot notification result: ALREADY_INSTALLED, current snapshot index: -1
2022-08-20 13:50:56,211 [grpc-default-executor-0] INFO  impl.SnapshotInstallationHandler (SnapshotInstallationHandler.java:installSnapshotImpl(129)) - d38852ba-a21f-4434-98b8-bd8171207a1b@group-A2CB2457C7CC: set new configuration index: 1
configurationEntry {
  peers {
    id: "d94a9406-f498-4882-9ec6-2683d96ac94a"
    address: "localhost:33885"
  }
}
 from snapshot
2022-08-20 13:50:56,212 [grpc-default-executor-0] INFO  server.RaftServer$Division (ServerState.java:setRaftConf(393)) - d38852ba-a21f-4434-98b8-bd8171207a1b@group-A2CB2457C7CC: set configuration 1: [d94a9406-f498-4882-9ec6-2683d96ac94a|rpc:localhost:33885|admin:|client:|dataStream:|priority:0], old=null
2022-08-20 13:50:56,212 [grpc-default-executor-0] INFO  impl.SnapshotInstallationHandler (SnapshotInstallationHandler.java:installSnapshot(95)) - d38852ba-a21f-4434-98b8-bd8171207a1b@group-A2CB2457C7CC: reply installSnapshot: d94a9406-f498-4882-9ec6-2683d96ac94a<-d38852ba-a21f-4434-98b8-bd8171207a1b#0:FAIL-t0,ALREADY_INSTALLED
2022-08-20 13:50:56,222 [grpc-default-executor-0] INFO  server.GrpcServerProtocolService (GrpcServerProtocolService.java:onCompleted(140)) - d38852ba-a21f-4434-98b8-bd8171207a1b: Completed INSTALL_SNAPSHOT, lastRequest: d94a9406-f498-4882-9ec6-2683d96ac94a->d38852ba-a21f-4434-98b8-bd8171207a1b#0-t2,notify:(t:1, i:0)
2022-08-20 13:50:56,223 [grpc-default-executor-2] INFO  server.GrpcLogAppender (GrpcLogAppender.java:onNext(403)) - d94a9406-f498-4882-9ec6-2683d96ac94a@group-A2CB2457C7CC->d38852ba-a21f-4434-98b8-bd8171207a1b-InstallSnapshotResponseHandler: received the first reply d94a9406-f498-4882-9ec6-2683d96ac94a<-d38852ba-a21f-4434-98b8-bd8171207a1b#0:FAIL-t0,ALREADY_INSTALLED
2022-08-20 13:50:56,225 [grpc-default-executor-2] INFO  server.GrpcLogAppender (GrpcLogAppender.java:onNext(426)) - d94a9406-f498-4882-9ec6-2683d96ac94a@group-A2CB2457C7CC->d38852ba-a21f-4434-98b8-bd8171207a1b-InstallSnapshotResponseHandler: Follower snapshot is already at index 0.
2022-08-20 13:50:56,232 [grpc-default-executor-2] INFO  leader.FollowerInfo (FollowerInfoImpl.java:lambda$new$0(48)) - d94a9406-f498-4882-9ec6-2683d96ac94a@group-A2CB2457C7CC->d38852ba-a21f-4434-98b8-bd8171207a1b: snapshotIndex: setUnconditionally 0 -> 0
2022-08-20 13:50:56,232 [grpc-default-executor-2] INFO  leader.FollowerInfo (FollowerInfoImpl.java:lambda$new$0(48)) - d94a9406-f498-4882-9ec6-2683d96ac94a@group-A2CB2457C7CC->d38852ba-a21f-4434-98b8-bd8171207a1b: matchIndex: setUnconditionally 0 -> 0
2022-08-20 13:50:56,232 [grpc-default-executor-2] INFO  leader.FollowerInfo (FollowerInfoImpl.java:lambda$new$0(48)) - d94a9406-f498-4882-9ec6-2683d96ac94a@group-A2CB2457C7CC->d38852ba-a21f-4434-98b8-bd8171207a1b: nextIndex: setUnconditionally 0 -> 1
2022-08-20 13:50:56,232 [grpc-default-executor-2] INFO  leader.FollowerInfo (FollowerInfoImpl.java:setAttemptedToInstallSnapshot(118)) - Follower d94a9406-f498-4882-9ec6-2683d96ac94a@group-A2CB2457C7CC->d38852ba-a21f-4434-98b8-bd8171207a1b acknowledged installing snapshot
2022-08-20 13:50:56,232 [grpc-default-executor-2] INFO  leader.FollowerInfo (FollowerInfoImpl.java:lambda$new$0(48)) - d94a9406-f498-4882-9ec6-2683d96ac94a@group-A2CB2457C7CC->d38852ba-a21f-4434-98b8-bd8171207a1b: nextIndex: updateToMax old=1, new=1, updated? false
2022-08-20 13:50:56,257 [d38852ba-a21f-4434-98b8-bd8171207a1b-server-thread1] INFO  impl.RoleInfo (RoleInfo.java:updateAndGet(139)) - d38852ba-a21f-4434-98b8-bd8171207a1b: start d38852ba-a21f-4434-98b8-bd8171207a1b@group-A2CB2457C7CC-FollowerState
2022-08-20 13:50:56,258 [d38852ba-a21f-4434-98b8-bd8171207a1b-server-thread1] INFO  server.RaftServer$Division (RaftServerImpl.java:checkInconsistentAppendEntries(1424)) - d38852ba-a21f-4434-98b8-bd8171207a1b@group-A2CB2457C7CC: Failed appendEntries as previous log entry ((t:1, i:0)) is not found
2022-08-20 13:50:56,260 [d38852ba-a21f-4434-98b8-bd8171207a1b-server-thread1] INFO  server.RaftServer$Division (RaftServerImpl.java:checkInconsistentAppendEntries(1394)) - d38852ba-a21f-4434-98b8-bd8171207a1b@group-A2CB2457C7CC: inconsistency entries. Reply:d94a9406-f498-4882-9ec6-2683d96ac94a<-d38852ba-a21f-4434-98b8-bd8171207a1b#0:FAIL-t2,INCONSISTENCY,nextIndex=0,followerCommit=-1
2022-08-20 13:50:56,269 [grpc-default-executor-0] INFO  leader.FollowerInfo (FollowerInfoImpl.java:lambda$new$0(48)) - d94a9406-f498-4882-9ec6-2683d96ac94a@group-A2CB2457C7CC->d38852ba-a21f-4434-98b8-bd8171207a1b: nextIndex: updateUnconditionally 3 -> 0
2022-08-20 13:50:56,272 [d38852ba-a21f-4434-98b8-bd8171207a1b-server-thread1] INFO  server.RaftServer$Division (RaftServerImpl.java:checkInconsistentAppendEntries(1424)) - d38852ba-a21f-4434-98b8-bd8171207a1b@group-A2CB2457C7CC: Failed appendEntries as previous log entry ((t:1, i:0)) is not found
2022-08-20 13:50:56,272 [d38852ba-a21f-4434-98b8-bd8171207a1b-server-thread1] INFO  server.RaftServer$Division (RaftServerImpl.java:checkInconsistentAppendEntries(1394)) - d38852ba-a21f-4434-98b8-bd8171207a1b@group-A2CB2457C7CC: inconsistency entries. Reply:d94a9406-f498-4882-9ec6-2683d96ac94a<-d38852ba-a21f-4434-98b8-bd8171207a1b#1:FAIL-t2,INCONSISTENCY,nextIndex=0,followerCommit=-1
2022-08-20 13:50:56,273 [grpc-default-executor-2] INFO  leader.FollowerInfo (FollowerInfoImpl.java:lambda$new$0(48)) - d94a9406-f498-4882-9ec6-2683d96ac94a@group-A2CB2457C7CC->d38852ba-a21f-4434-98b8-bd8171207a1b: nextIndex: updateUnconditionally 0 -> 0
2022-08-20 13:50:56,279 [d38852ba-a21f-4434-98b8-bd8171207a1b-server-thread1] INFO  server.RaftServer$Division (ServerState.java:setRaftConf(393)) - d38852ba-a21f-4434-98b8-bd8171207a1b@group-A2CB2457C7CC: set configuration 0: [d94a9406-f498-4882-9ec6-2683d96ac94a|rpc:localhost:33885|admin:|client:|dataStream:|priority:0], old=null
2022-08-20 13:50:56,279 [d38852ba-a21f-4434-98b8-bd8171207a1b-server-thread1] INFO  server.RaftServer$Division (ServerState.java:setRaftConf(393)) - d38852ba-a21f-4434-98b8-bd8171207a1b@group-A2CB2457C7CC: set configuration 1: [d94a9406-f498-4882-9ec6-2683d96ac94a|rpc:localhost:33885|admin:|client:|dataStream:|priority:0], old=null
2022-08-20 13:50:56,280 [d38852ba-a21f-4434-98b8-bd8171207a1b-server-thread1] INFO  segmented.SegmentedRaftLogWorker (SegmentedRaftLogWorker.java:startLogSegment(425)) - d38852ba-a21f-4434-98b8-bd8171207a1b@group-A2CB2457C7CC-SegmentedRaftLogWorker: Starting segment from index:0
2022-08-20 13:50:56,280 [d38852ba-a21f-4434-98b8-bd8171207a1b-server-thread1] INFO  segmented.SegmentedRaftLogWorker (SegmentedRaftLogWorker.java:rollLogSegment(430)) - d38852ba-a21f-4434-98b8-bd8171207a1b@group-A2CB2457C7CC-SegmentedRaftLogWorker: Rolling segment log-0_0 to index:0
2022-08-20 13:50:56,292 [d38852ba-a21f-4434-98b8-bd8171207a1b@group-A2CB2457C7CC-SegmentedRaftLogWorker] INFO  segmented.SegmentedRaftLogWorker (SegmentedRaftLogWorker.java:execute(629)) - d38852ba-a21f-4434-98b8-bd8171207a1b@group-A2CB2457C7CC-SegmentedRaftLogWorker: created new log segment /home/runner/work/ozone/ozone/hadoop-ozone/integration-test/target/test-dir/MiniOzoneClusterImpl-1d33bde5-c0a1-446c-b0a2-a2cb2457c7cc/scmNode-2/scm-ha/1d33bde5-c0a1-446c-b0a2-a2cb2457c7cc/current/log_inprogress_0
2022-08-20 13:50:56,293 [d38852ba-a21f-4434-98b8-bd8171207a1b@group-A2CB2457C7CC-SegmentedRaftLogWorker] INFO  segmented.SegmentedRaftLogWorker (SegmentedRaftLogWorker.java:execute(586)) - d38852ba-a21f-4434-98b8-bd8171207a1b@group-A2CB2457C7CC-SegmentedRaftLogWorker: Rolled log segment from /home/runner/work/ozone/ozone/hadoop-ozone/integration-test/target/test-dir/MiniOzoneClusterImpl-1d33bde5-c0a1-446c-b0a2-a2cb2457c7cc/scmNode-2/scm-ha/1d33bde5-c0a1-446c-b0a2-a2cb2457c7cc/current/log_inprogress_0 to /home/runner/work/ozone/ozone/hadoop-ozone/integration-test/target/test-dir/MiniOzoneClusterImpl-1d33bde5-c0a1-446c-b0a2-a2cb2457c7cc/scmNode-2/scm-ha/1d33bde5-c0a1-446c-b0a2-a2cb2457c7cc/current/log_0-0
2022-08-20 13:50:56,303 [d38852ba-a21f-4434-98b8-bd8171207a1b@group-A2CB2457C7CC-SegmentedRaftLogWorker] INFO  segmented.SegmentedRaftLogWorker (SegmentedRaftLogWorker.java:execute(629)) - d38852ba-a21f-4434-98b8-bd8171207a1b@group-A2CB2457C7CC-SegmentedRaftLogWorker: created new log segment /home/runner/work/ozone/ozone/hadoop-ozone/integration-test/target/test-dir/MiniOzoneClusterImpl-1d33bde5-c0a1-446c-b0a2-a2cb2457c7cc/scmNode-2/scm-ha/1d33bde5-c0a1-446c-b0a2-a2cb2457c7cc/current/log_inprogress_1
2022-08-20 13:50:56,306 [d38852ba-a21f-4434-98b8-bd8171207a1b@group-A2CB2457C7CC-StateMachineUpdater] INFO  safemode.HealthyPipelineSafeModeRule (HealthyPipelineSafeModeRule.java:initializeRule(165)) - Refreshed total pipeline count is 0, healthy pipeline threshold count is 1
2022-08-20 13:50:56,308 [d38852ba-a21f-4434-98b8-bd8171207a1b@group-A2CB2457C7CC-StateMachineUpdater] INFO  safemode.ContainerSafeModeRule (ContainerSafeModeRule.java:reInitializeRule(177)) - Refreshed one replica container threshold 0, currentThreshold 0
2022-08-20 13:50:56,309 [d38852ba-a21f-4434-98b8-bd8171207a1b@group-A2CB2457C7CC-StateMachineUpdater] INFO  safemode.OneReplicaPipelineSafeModeRule (OneReplicaPipelineSafeModeRule.java:initializeRule(176)) - Refreshed Total pipeline count is 0, pipeline's with at least one datanode reported threshold count is 0
2022-08-20 13:50:56,309 [d38852ba-a21f-4434-98b8-bd8171207a1b@group-A2CB2457C7CC-StateMachineUpdater] INFO  server.SCMDatanodeProtocolServer (SCMDatanodeProtocolServer.java:start(186)) - ScmDatanodeProtocol RPC server for DataNodes is listening at /0.0.0.0:40675
2022-08-20 13:50:56,319 [d94a9406-f498-4882-9ec6-2683d96ac94a@group-A2CB2457C7CC-LeaderStateImpl] INFO  server.RaftServer$Division (ServerState.java:setRaftConf(393)) - d94a9406-f498-4882-9ec6-2683d96ac94a@group-A2CB2457C7CC: set configuration 3: [d38852ba-a21f-4434-98b8-bd8171207a1b|rpc:localhost:46665|priority:0, d94a9406-f498-4882-9ec6-2683d96ac94a|rpc:localhost:33885|admin:|client:|dataStream:|priority:0], old=[d94a9406-f498-4882-9ec6-2683d96ac94a|rpc:localhost:33885|admin:|client:|dataStream:|priority:0]
2022-08-20 13:50:56,322 [d38852ba-a21f-4434-98b8-bd8171207a1b-server-thread1] INFO  server.RaftServer$Division (ServerState.java:setRaftConf(393)) - d38852ba-a21f-4434-98b8-bd8171207a1b@group-A2CB2457C7CC: set configuration 3: [d38852ba-a21f-4434-98b8-bd8171207a1b|rpc:localhost:46665|admin:|client:|dataStream:|priority:0, d94a9406-f498-4882-9ec6-2683d96ac94a|rpc:localhost:33885|admin:|client:|dataStream:|priority:0], old=[d94a9406-f498-4882-9ec6-2683d96ac94a|rpc:localhost:33885|admin:|client:|dataStream:|priority:0]
2022-08-20 13:50:56,332 [IPC Server listener on 40675] INFO  ipc.Server (Server.java:run(1344)) - IPC Server listener on 40675: starting
2022-08-20 13:50:56,333 [IPC Server Responder] INFO  ipc.Server (Server.java:run(1507)) - IPC Server Responder: starting
2022-08-20 13:50:56,351 [d94a9406-f498-4882-9ec6-2683d96ac94a@group-A2CB2457C7CC-LeaderStateImpl] INFO  server.RaftServer$Division (ServerState.java:setRaftConf(393)) - d94a9406-f498-4882-9ec6-2683d96ac94a@group-A2CB2457C7CC: set configuration 5: [d38852ba-a21f-4434-98b8-bd8171207a1b|rpc:localhost:46665|priority:0, d94a9406-f498-4882-9ec6-2683d96ac94a|rpc:localhost:33885|admin:|client:|dataStream:|priority:0], old=null
2022-08-20 13:50:56,379 [d38852ba-a21f-4434-98b8-bd8171207a1b-server-thread1] INFO  server.RaftServer$Division (ServerState.java:setRaftConf(393)) - d38852ba-a21f-4434-98b8-bd8171207a1b@group-A2CB2457C7CC: set configuration 5: [d38852ba-a21f-4434-98b8-bd8171207a1b|rpc:localhost:46665|admin:|client:|dataStream:|priority:0, d94a9406-f498-4882-9ec6-2683d96ac94a|rpc:localhost:33885|admin:|client:|dataStream:|priority:0], old=null
2022-08-20 13:50:56,393 [IPC Server handler 8 on default port 39205] INFO  ha.SCMRatisServerImpl (SCMRatisServerImpl.java:addSCM(309)) - Successfully added new SCM: d38852ba-a21f-4434-98b8-bd8171207a1b.
2022-08-20 13:50:56,396 [Listener at 0.0.0.0/36733] INFO  ha.SCMHAManagerImpl (SCMHAManagerImpl.java:start(117)) - Successfully added SCM scmNode-2 to group group-A2CB2457C7CC:[d38852ba-a21f-4434-98b8-bd8171207a1b|rpc:localhost:46665|admin:|client:|dataStream:|priority:0, d94a9406-f498-4882-9ec6-2683d96ac94a|rpc:localhost:33885|admin:|client:|dataStream:|priority:0]
2022-08-20 13:50:56,396 [Listener at 0.0.0.0/36733] INFO  ha.InterSCMGrpcService (InterSCMGrpcProtocolService.java:start(94)) - Starting SCM Grpc Service at port 39089
2022-08-20 13:50:56,408 [Listener at 0.0.0.0/36733] INFO  impl.MetricsSystemImpl (MetricsSystemImpl.java:init(158)) - StorageContainerManager metrics system started (again)
2022-08-20 13:50:56,429 [Listener at 0.0.0.0/36733] INFO  server.SCMClientProtocolServer (SCMClientProtocolServer.java:start(170)) - RPC server for Client  is listening at /0.0.0.0:36733
2022-08-20 13:50:56,430 [IPC Server Responder] INFO  ipc.Server (Server.java:run(1507)) - IPC Server Responder: starting
2022-08-20 13:50:56,430 [IPC Server listener on 36733] INFO  ipc.Server (Server.java:run(1344)) - IPC Server listener on 36733: starting
2022-08-20 13:50:56,447 [Listener at 0.0.0.0/36733] INFO  server.StorageContainerManager (StorageContainerManager.java:start(1475)) - ScmBlockLocationProtocol RPC server is listening at /0.0.0.0:41033
2022-08-20 13:50:56,447 [Listener at 0.0.0.0/36733] INFO  server.SCMBlockProtocolServer (SCMBlockProtocolServer.java:start(152)) - RPC server for Block Protocol is listening at /0.0.0.0:41033
2022-08-20 13:50:56,447 [IPC Server Responder] INFO  ipc.Server (Server.java:run(1507)) - IPC Server Responder: starting
2022-08-20 13:50:56,448 [IPC Server listener on 41033] INFO  ipc.Server (Server.java:run(1344)) - IPC Server listener on 41033: starting
2022-08-20 13:50:56,452 [Listener at 0.0.0.0/36733] INFO  http.BaseHttpServer (BaseHttpServer.java:newHttpServer2BuilderForOzone(209)) - Starting Web-server for scm at: http://0.0.0.0:39469
2022-08-20 13:50:56,452 [Listener at 0.0.0.0/36733] INFO  http.BaseHttpServer (BaseHttpServer.java:<init>(107)) - Hadoop Security Enabled: false Ozone Security Enabled: false Ozone HTTP Security Enabled: false 
2022-08-20 13:50:56,453 [org.apache.hadoop.util.JvmPauseMonitor$Monitor@4c2c4368] INFO  util.JvmPauseMonitor (JvmPauseMonitor.java:run(188)) - Starting JVM pause monitor
2022-08-20 13:50:56,456 [Listener at 0.0.0.0/36733] INFO  server.AuthenticationFilter (AuthenticationFilter.java:constructSecretProvider(240)) - Unable to initialize FileSignerSecretProvider, falling back to use random secrets.
2022-08-20 13:50:56,456 [Listener at 0.0.0.0/36733] WARN  http.HttpRequestLog (HttpRequestLog.java:getRequestLog(103)) - Jetty request log can only be enabled using Log4j
2022-08-20 13:50:56,458 [Listener at 0.0.0.0/36733] INFO  http.HttpServer2 (HttpServer2.java:addGlobalFilter(1029)) - Added global filter 'safety' (class=org.apache.hadoop.hdds.server.http.HttpServer2$QuotingInputFilter)
2022-08-20 13:50:56,459 [Listener at 0.0.0.0/36733] INFO  http.HttpServer2 (HttpServer2.java:addFilter(1005)) - Added filter static_user_filter (class=org.apache.hadoop.http.lib.StaticUserWebFilter$StaticUserFilter) to context scm
2022-08-20 13:50:56,459 [Listener at 0.0.0.0/36733] INFO  http.HttpServer2 (HttpServer2.java:addFilter(1013)) - Added filter static_user_filter (class=org.apache.hadoop.http.lib.StaticUserWebFilter$StaticUserFilter) to context logs
2022-08-20 13:50:56,459 [Listener at 0.0.0.0/36733] INFO  http.HttpServer2 (HttpServer2.java:addFilter(1013)) - Added filter static_user_filter (class=org.apache.hadoop.http.lib.StaticUserWebFilter$StaticUserFilter) to context static
2022-08-20 13:50:56,459 [Listener at 0.0.0.0/36733] INFO  http.HttpServer2 (HttpServer2.java:bindListener(1248)) - Jetty bound to port 39469
2022-08-20 13:50:56,459 [Listener at 0.0.0.0/36733] INFO  server.Server (Server.java:doStart(375)) - jetty-9.4.43.v20210629; built: 2021-06-30T11:07:22.254Z; git: 526006ecfa3af7f1a27ef3a288e2bef7ea9dd7e8; jvm 1.8.0_332-b09
2022-08-20 13:50:56,465 [Listener at 0.0.0.0/36733] INFO  server.session (DefaultSessionIdManager.java:doStart(334)) - DefaultSessionIdManager workerName=node0
2022-08-20 13:50:56,465 [Listener at 0.0.0.0/36733] INFO  server.session (DefaultSessionIdManager.java:doStart(339)) - No SessionScavenger set, using defaults
2022-08-20 13:50:56,465 [Listener at 0.0.0.0/36733] INFO  server.session (HouseKeeper.java:startScavenging(132)) - node0 Scavenging every 600000ms
2022-08-20 13:50:56,468 [Listener at 0.0.0.0/36733] INFO  handler.ContextHandler (ContextHandler.java:doStart(915)) - Started o.e.j.s.ServletContextHandler@20a3e730{logs,/logs,file:///home/runner/work/ozone/ozone/hadoop-ozone/integration-test/target/log,AVAILABLE}
2022-08-20 13:50:56,468 [Listener at 0.0.0.0/36733] INFO  handler.ContextHandler (ContextHandler.java:doStart(915)) - Started o.e.j.s.ServletContextHandler@111a7246{static,/static,file:///home/runner/work/ozone/ozone/hadoop-ozone/integration-test/target/test-classes/webapps/static,AVAILABLE}
2022-08-20 13:50:56,472 [Listener at 0.0.0.0/36733] INFO  handler.ContextHandler (ContextHandler.java:doStart(915)) - Started o.e.j.w.WebAppContext@2572a828{scm,/,file:///home/runner/work/ozone/ozone/hadoop-ozone/integration-test/target/test-classes/webapps/scm/,AVAILABLE}{file:/home/runner/work/ozone/ozone/hadoop-ozone/integration-test/target/test-classes/webapps/scm}
2022-08-20 13:50:56,473 [Listener at 0.0.0.0/36733] INFO  server.AbstractConnector (AbstractConnector.java:doStart(331)) - Started ServerConnector@5eda6d9e{HTTP/1.1, (http/1.1)}{0.0.0.0:39469}
2022-08-20 13:50:56,473 [Listener at 0.0.0.0/36733] INFO  server.Server (Server.java:doStart(415)) - Started @20717ms
2022-08-20 13:50:56,473 [Listener at 0.0.0.0/36733] WARN  impl.MetricsSystemImpl (MetricsSystemImpl.java:register(279)) - Sink prometheus already exists!
2022-08-20 13:50:56,474 [Listener at 0.0.0.0/36733] INFO  http.BaseHttpServer (BaseHttpServer.java:updateConnectorAddress(329)) - HTTP server of scm listening at http://0.0.0.0:39469
2022-08-20 13:50:56,474 [Listener at 0.0.0.0/36733] INFO  ozone.MiniOzoneHAClusterImpl (MiniOzoneHAClusterImpl.java:createSCMService(606)) - Started SCM RPC server at /0.0.0.0:36733
2022-08-20 13:50:56,475 [Listener at 0.0.0.0/36733] WARN  server.ServerUtils (ServerUtils.java:getScmDbDir(148)) - ozone.scm.db.dirs is not configured. We recommend adding this setting. Falling back to ozone.metadata.dirs instead.
2022-08-20 13:50:56,475 [Listener at 0.0.0.0/36733] INFO  ha.SCMHANodeDetails (SCMHANodeDetails.java:loadSCMHAConfig(209)) - ServiceID for StorageContainerManager is scmServiceId
2022-08-20 13:50:56,475 [Listener at 0.0.0.0/36733] INFO  ha.SCMHANodeDetails (SCMHANodeDetails.java:loadSCMHAConfig(220)) - ServiceID for StorageContainerManager is scmServiceId
2022-08-20 13:50:56,475 [Listener at 0.0.0.0/36733] WARN  scm.ScmUtils (ScmUtils.java:logWarn(179)) - ConfigKey ozone.scm.block.client.address is deprecated, For configuring different ports for each SCM use PortConfigKey ozone.scm.block.client.port appended with serviceId and nodeId. If want to configure same port configure ozone.scm.block.client.port
2022-08-20 13:50:56,475 [Listener at 0.0.0.0/36733] WARN  scm.ScmUtils (ScmUtils.java:logWarn(179)) - ConfigKey ozone.scm.client.address is deprecated, For configuring different ports for each SCM use PortConfigKey ozone.scm.client.port appended with serviceId and nodeId. If want to configure same port configure ozone.scm.client.port
2022-08-20 13:50:56,475 [Listener at 0.0.0.0/36733] WARN  scm.ScmUtils (ScmUtils.java:logWarn(179)) - ConfigKey ozone.scm.datanode.address is deprecated, For configuring different ports for each SCM use PortConfigKey ozone.scm.datanode.port appended with serviceId and nodeId. If want to configure same port configure ozone.scm.datanode.port
2022-08-20 13:50:56,476 [Listener at 0.0.0.0/36733] WARN  scm.ScmUtils (ScmUtils.java:logWarn(179)) - ConfigKey ozone.scm.block.client.address is deprecated, For configuring different ports for each SCM use PortConfigKey ozone.scm.block.client.port appended with serviceId and nodeId. If want to configure same port configure ozone.scm.block.client.port
2022-08-20 13:50:56,476 [Listener at 0.0.0.0/36733] WARN  scm.ScmUtils (ScmUtils.java:logWarn(179)) - ConfigKey ozone.scm.client.address is deprecated, For configuring different ports for each SCM use PortConfigKey ozone.scm.client.port appended with serviceId and nodeId. If want to configure same port configure ozone.scm.client.port
2022-08-20 13:50:56,476 [Listener at 0.0.0.0/36733] WARN  scm.ScmUtils (ScmUtils.java:logWarn(179)) - ConfigKey ozone.scm.datanode.address is deprecated, For configuring different ports for each SCM use PortConfigKey ozone.scm.datanode.port appended with serviceId and nodeId. If want to configure same port configure ozone.scm.datanode.port
2022-08-20 13:50:56,476 [Listener at 0.0.0.0/36733] INFO  ha.SCMHANodeDetails (SCMHANodeDetails.java:loadSCMHAConfig(307)) - Found matching SCM address with SCMServiceId: scmServiceId, SCMNodeId: scmNode-3, RPC Address: localhost:35129 and Ratis port: 35129
2022-08-20 13:50:56,476 [Listener at 0.0.0.0/36733] INFO  ha.SCMHANodeDetails (ConfUtils.java:setNodeSpecificConfigs(97)) - Setting configuration key ozone.scm.datanode.address with value of key ozone.scm.datanode.address.scmServiceId.scmNode-3: 127.0.0.1:45375
2022-08-20 13:50:56,476 [Listener at 0.0.0.0/36733] INFO  ha.SCMHANodeDetails (ConfUtils.java:setNodeSpecificConfigs(97)) - Setting configuration key ozone.scm.block.client.address with value of key ozone.scm.block.client.address.scmServiceId.scmNode-3: 127.0.0.1:41191
2022-08-20 13:50:56,476 [Listener at 0.0.0.0/36733] INFO  ha.SCMHANodeDetails (ConfUtils.java:setNodeSpecificConfigs(97)) - Setting configuration key ozone.scm.client.address with value of key ozone.scm.client.address.scmServiceId.scmNode-3: 127.0.0.1:37261
2022-08-20 13:50:56,476 [Listener at 0.0.0.0/36733] INFO  ha.SCMHANodeDetails (ConfUtils.java:setNodeSpecificConfigs(97)) - Setting configuration key ozone.scm.ratis.port with value of key ozone.scm.ratis.port.scmServiceId.scmNode-3: 35129
2022-08-20 13:50:56,476 [Listener at 0.0.0.0/36733] INFO  ha.SCMHANodeDetails (ConfUtils.java:setNodeSpecificConfigs(97)) - Setting configuration key ozone.scm.grpc.port with value of key ozone.scm.grpc.port.scmServiceId.scmNode-3: 44197
2022-08-20 13:50:56,476 [Listener at 0.0.0.0/36733] INFO  ha.SCMHANodeDetails (ConfUtils.java:setNodeSpecificConfigs(97)) - Setting configuration key ozone.scm.http-address with value of key ozone.scm.http-address.scmServiceId.scmNode-3: 127.0.0.1:37435
2022-08-20 13:50:56,476 [Listener at 0.0.0.0/36733] INFO  ha.SCMHANodeDetails (ConfUtils.java:setNodeSpecificConfigs(97)) - Setting configuration key ozone.scm.https-address with value of key ozone.scm.https-address.scmServiceId.scmNode-3: 127.0.0.1:43657
2022-08-20 13:50:56,476 [Listener at 0.0.0.0/36733] INFO  ha.SCMHANodeDetails (ConfUtils.java:setNodeSpecificConfigs(97)) - Setting configuration key ozone.scm.address with value of key ozone.scm.address.scmServiceId.scmNode-3: 127.0.0.1
2022-08-20 13:50:56,476 [Listener at 0.0.0.0/36733] WARN  scm.ScmUtils (ScmUtils.java:logWarn(179)) - ConfigKey ozone.scm.block.client.address is deprecated, For configuring different ports for each SCM use PortConfigKey ozone.scm.block.client.port appended with serviceId and nodeId. If want to configure same port configure ozone.scm.block.client.port
2022-08-20 13:50:56,477 [Listener at 0.0.0.0/36733] WARN  scm.ScmUtils (ScmUtils.java:logWarn(179)) - ConfigKey ozone.scm.client.address is deprecated, For configuring different ports for each SCM use PortConfigKey ozone.scm.client.port appended with serviceId and nodeId. If want to configure same port configure ozone.scm.client.port
2022-08-20 13:50:56,477 [Listener at 0.0.0.0/36733] WARN  scm.ScmUtils (ScmUtils.java:logWarn(179)) - ConfigKey ozone.scm.datanode.address is deprecated, For configuring different ports for each SCM use PortConfigKey ozone.scm.datanode.port appended with serviceId and nodeId. If want to configure same port configure ozone.scm.datanode.port
2022-08-20 13:50:56,478 [Listener at 0.0.0.0/36733] INFO  ha.SCMNodeInfo (SCMNodeInfo.java:getPort(197)) - ConfigKey ozone.scm.client.address is deprecated, For configuring different ports for each SCM use PortConfigKey ozone.scm.client.port appended with serviceId and nodeId
2022-08-20 13:50:56,478 [Listener at 0.0.0.0/36733] INFO  ha.SCMNodeInfo (SCMNodeInfo.java:getPort(197)) - ConfigKey ozone.scm.block.client.address is deprecated, For configuring different ports for each SCM use PortConfigKey ozone.scm.block.client.port appended with serviceId and nodeId
2022-08-20 13:50:56,478 [Listener at 0.0.0.0/36733] INFO  ha.SCMNodeInfo (SCMNodeInfo.java:getPort(197)) - ConfigKey ozone.scm.datanode.address is deprecated, For configuring different ports for each SCM use PortConfigKey ozone.scm.datanode.port appended with serviceId and nodeId
2022-08-20 13:50:56,478 [Listener at 0.0.0.0/36733] INFO  ha.SCMNodeInfo (SCMNodeInfo.java:getPort(197)) - ConfigKey ozone.scm.client.address is deprecated, For configuring different ports for each SCM use PortConfigKey ozone.scm.client.port appended with serviceId and nodeId
2022-08-20 13:50:56,478 [Listener at 0.0.0.0/36733] INFO  ha.SCMNodeInfo (SCMNodeInfo.java:getPort(197)) - ConfigKey ozone.scm.block.client.address is deprecated, For configuring different ports for each SCM use PortConfigKey ozone.scm.block.client.port appended with serviceId and nodeId
2022-08-20 13:50:56,478 [Listener at 0.0.0.0/36733] INFO  ha.SCMNodeInfo (SCMNodeInfo.java:getPort(197)) - ConfigKey ozone.scm.datanode.address is deprecated, For configuring different ports for each SCM use PortConfigKey ozone.scm.datanode.port appended with serviceId and nodeId
2022-08-20 13:50:56,479 [Listener at 0.0.0.0/36733] INFO  proxy.SCMBlockLocationFailoverProxyProvider (SCMBlockLocationFailoverProxyProvider.java:<init>(114)) - Created block location fail-over proxy with 2 nodes: [nodeId=scmNode-2,nodeAddress=/127.0.0.1:41033, nodeId=scmNode-1,nodeAddress=/127.0.0.1:39205]
2022-08-20 13:50:56,490 [Listener at 0.0.0.0/36733] INFO  server.StorageContainerManager (StorageContainerManager.java:scmBootstrap(1143)) - SCM BootStrap  is successful for ClusterID 1d33bde5-c0a1-446c-b0a2-a2cb2457c7cc, SCMID 0dda5a98-1e81-403d-bcb4-170ef3797067
2022-08-20 13:50:56,490 [Listener at 0.0.0.0/36733] INFO  server.StorageContainerManager (StorageContainerManager.java:scmBootstrap(1145)) - Primary SCM Node ID d94a9406-f498-4882-9ec6-2683d96ac94a
2022-08-20 13:50:56,490 [Listener at 0.0.0.0/36733] WARN  server.ServerUtils (ServerUtils.java:getScmDbDir(148)) - ozone.scm.db.dirs is not configured. We recommend adding this setting. Falling back to ozone.metadata.dirs instead.
2022-08-20 13:50:56,490 [Listener at 0.0.0.0/36733] INFO  ha.SCMHANodeDetails (SCMHANodeDetails.java:loadSCMHAConfig(209)) - ServiceID for StorageContainerManager is scmServiceId
2022-08-20 13:50:56,490 [Listener at 0.0.0.0/36733] INFO  ha.SCMHANodeDetails (SCMHANodeDetails.java:loadSCMHAConfig(220)) - ServiceID for StorageContainerManager is scmServiceId
2022-08-20 13:50:56,490 [Listener at 0.0.0.0/36733] WARN  scm.ScmUtils (ScmUtils.java:logWarn(179)) - ConfigKey ozone.scm.block.client.address is deprecated, For configuring different ports for each SCM use PortConfigKey ozone.scm.block.client.port appended with serviceId and nodeId. If want to configure same port configure ozone.scm.block.client.port
2022-08-20 13:50:56,490 [Listener at 0.0.0.0/36733] WARN  scm.ScmUtils (ScmUtils.java:logWarn(179)) - ConfigKey ozone.scm.client.address is deprecated, For configuring different ports for each SCM use PortConfigKey ozone.scm.client.port appended with serviceId and nodeId. If want to configure same port configure ozone.scm.client.port
2022-08-20 13:50:56,490 [Listener at 0.0.0.0/36733] WARN  scm.ScmUtils (ScmUtils.java:logWarn(179)) - ConfigKey ozone.scm.datanode.address is deprecated, For configuring different ports for each SCM use PortConfigKey ozone.scm.datanode.port appended with serviceId and nodeId. If want to configure same port configure ozone.scm.datanode.port
2022-08-20 13:50:56,491 [Listener at 0.0.0.0/36733] WARN  scm.ScmUtils (ScmUtils.java:logWarn(179)) - ConfigKey ozone.scm.block.client.address is deprecated, For configuring different ports for each SCM use PortConfigKey ozone.scm.block.client.port appended with serviceId and nodeId. If want to configure same port configure ozone.scm.block.client.port
2022-08-20 13:50:56,491 [Listener at 0.0.0.0/36733] WARN  scm.ScmUtils (ScmUtils.java:logWarn(179)) - ConfigKey ozone.scm.client.address is deprecated, For configuring different ports for each SCM use PortConfigKey ozone.scm.client.port appended with serviceId and nodeId. If want to configure same port configure ozone.scm.client.port
2022-08-20 13:50:56,491 [Listener at 0.0.0.0/36733] WARN  scm.ScmUtils (ScmUtils.java:logWarn(179)) - ConfigKey ozone.scm.datanode.address is deprecated, For configuring different ports for each SCM use PortConfigKey ozone.scm.datanode.port appended with serviceId and nodeId. If want to configure same port configure ozone.scm.datanode.port
2022-08-20 13:50:56,491 [Listener at 0.0.0.0/36733] INFO  ha.SCMHANodeDetails (SCMHANodeDetails.java:loadSCMHAConfig(307)) - Found matching SCM address with SCMServiceId: scmServiceId, SCMNodeId: scmNode-3, RPC Address: localhost:35129 and Ratis port: 35129
2022-08-20 13:50:56,491 [Listener at 0.0.0.0/36733] INFO  ha.SCMHANodeDetails (ConfUtils.java:setNodeSpecificConfigs(97)) - Setting configuration key ozone.scm.datanode.address with value of key ozone.scm.datanode.address.scmServiceId.scmNode-3: 127.0.0.1:45375
2022-08-20 13:50:56,491 [Listener at 0.0.0.0/36733] INFO  ha.SCMHANodeDetails (ConfUtils.java:setNodeSpecificConfigs(97)) - Setting configuration key ozone.scm.block.client.address with value of key ozone.scm.block.client.address.scmServiceId.scmNode-3: 127.0.0.1:41191
2022-08-20 13:50:56,491 [Listener at 0.0.0.0/36733] INFO  ha.SCMHANodeDetails (ConfUtils.java:setNodeSpecificConfigs(97)) - Setting configuration key ozone.scm.client.address with value of key ozone.scm.client.address.scmServiceId.scmNode-3: 127.0.0.1:37261
2022-08-20 13:50:56,491 [Listener at 0.0.0.0/36733] INFO  ha.SCMHANodeDetails (ConfUtils.java:setNodeSpecificConfigs(97)) - Setting configuration key ozone.scm.ratis.port with value of key ozone.scm.ratis.port.scmServiceId.scmNode-3: 35129
2022-08-20 13:50:56,491 [Listener at 0.0.0.0/36733] INFO  ha.SCMHANodeDetails (ConfUtils.java:setNodeSpecificConfigs(97)) - Setting configuration key ozone.scm.grpc.port with value of key ozone.scm.grpc.port.scmServiceId.scmNode-3: 44197
2022-08-20 13:50:56,491 [Listener at 0.0.0.0/36733] INFO  ha.SCMHANodeDetails (ConfUtils.java:setNodeSpecificConfigs(97)) - Setting configuration key ozone.scm.http-address with value of key ozone.scm.http-address.scmServiceId.scmNode-3: 127.0.0.1:37435
2022-08-20 13:50:56,491 [Listener at 0.0.0.0/36733] INFO  ha.SCMHANodeDetails (ConfUtils.java:setNodeSpecificConfigs(97)) - Setting configuration key ozone.scm.https-address with value of key ozone.scm.https-address.scmServiceId.scmNode-3: 127.0.0.1:43657
2022-08-20 13:50:56,492 [Listener at 0.0.0.0/36733] INFO  ha.SCMHANodeDetails (ConfUtils.java:setNodeSpecificConfigs(97)) - Setting configuration key ozone.scm.address with value of key ozone.scm.address.scmServiceId.scmNode-3: 127.0.0.1
2022-08-20 13:50:56,492 [Listener at 0.0.0.0/36733] WARN  scm.ScmUtils (ScmUtils.java:logWarn(179)) - ConfigKey ozone.scm.block.client.address is deprecated, For configuring different ports for each SCM use PortConfigKey ozone.scm.block.client.port appended with serviceId and nodeId. If want to configure same port configure ozone.scm.block.client.port
2022-08-20 13:50:56,492 [Listener at 0.0.0.0/36733] WARN  scm.ScmUtils (ScmUtils.java:logWarn(179)) - ConfigKey ozone.scm.client.address is deprecated, For configuring different ports for each SCM use PortConfigKey ozone.scm.client.port appended with serviceId and nodeId. If want to configure same port configure ozone.scm.client.port
2022-08-20 13:50:56,492 [Listener at 0.0.0.0/36733] WARN  scm.ScmUtils (ScmUtils.java:logWarn(179)) - ConfigKey ozone.scm.datanode.address is deprecated, For configuring different ports for each SCM use PortConfigKey ozone.scm.datanode.port appended with serviceId and nodeId. If want to configure same port configure ozone.scm.datanode.port
2022-08-20 13:50:56,493 [Listener at 0.0.0.0/36733] WARN  utils.HAUtils (HAUtils.java:getMetaDir(342)) - ozone.scm.db.dirs is not configured. We recommend adding this setting. Falling back to ozone.metadata.dirs instead.
2022-08-20 13:50:56,493 [Listener at 0.0.0.0/36733] WARN  db.DBStoreBuilder (DBStoreBuilder.java:applyDBDefinition(143)) - ozone.scm.db.dirs is not configured. We recommend adding this setting. Falling back to ozone.metadata.dirs instead.
2022-08-20 13:50:56,602 [Listener at 0.0.0.0/36733] INFO  net.NodeSchemaLoader (NodeSchemaLoader.java:loadSchemaFromFile(129)) - Loading schema from [jar:file:/home/runner/.m2/repository/org/apache/ozone/hdds-common/1.3.0-SNAPSHOT/hdds-common-1.3.0-SNAPSHOT.jar!/network-topology-default.xml]
2022-08-20 13:50:56,602 [Listener at 0.0.0.0/36733] INFO  net.NodeSchemaLoader (NodeSchemaLoader.java:loadSchema(176)) - Loading network topology layer schema file
2022-08-20 13:50:56,605 [Listener at 0.0.0.0/36733] WARN  impl.MetricRegistriesImpl (MetricRegistriesImpl.java:addReporterRegistration(111)) - New reporters are added after registries were created. Some metrics will be missing from the reporter. Please add reporter before adding any new registry.
2022-08-20 13:50:56,605 [Listener at 0.0.0.0/36733] WARN  impl.MetricRegistriesImpl (MetricRegistriesImpl.java:addReporterRegistration(111)) - New reporters are added after registries were created. Some metrics will be missing from the reporter. Please add reporter before adding any new registry.
2022-08-20 13:50:56,606 [Listener at 0.0.0.0/36733] INFO  ha.SCMRatisServerImpl (SCMRatisServerImpl.java:<init>(87)) - starting Raft server for scm:0dda5a98-1e81-403d-bcb4-170ef3797067
2022-08-20 13:50:56,607 [Listener at 0.0.0.0/36733] INFO  server.RaftServer (ConfUtils.java:logGet(46)) - raft.rpc.type = GRPC (default)
2022-08-20 13:50:56,607 [Listener at 0.0.0.0/36733] INFO  grpc.GrpcFactory (GrpcFactory.java:checkPooledByteBufAllocatorUseCacheForAllThreads(48)) - PERFORMANCE WARNING: useCacheForAllThreads is true that may cause Netty to create a lot garbage objects and, as a result, trigger GC.
	It is recommended to disable useCacheForAllThreads by setting -Dorg.apache.ratis.thirdparty.io.netty.allocator.useCacheForAllThreads=false in command line.
2022-08-20 13:50:56,607 [Listener at 0.0.0.0/36733] INFO  grpc.GrpcConfigKeys (ConfUtils.java:logGet(46)) - raft.grpc.admin.port = -1 (default)
2022-08-20 13:50:56,607 [Listener at 0.0.0.0/36733] INFO  grpc.GrpcConfigKeys (ConfUtils.java:logGet(46)) - raft.grpc.server.port = 35129 (custom)
2022-08-20 13:50:56,607 [Listener at 0.0.0.0/36733] INFO  grpc.GrpcConfigKeys (ConfUtils.java:logGet(46)) - raft.grpc.client.port = -1 (default)
2022-08-20 13:50:56,607 [Listener at 0.0.0.0/36733] INFO  grpc.GrpcConfigKeys (ConfUtils.java:logGet(46)) - raft.grpc.server.port = 35129 (custom)
2022-08-20 13:50:56,607 [Listener at 0.0.0.0/36733] INFO  grpc.GrpcConfigKeys (ConfUtils.java:logGet(46)) - raft.grpc.server.port = 35129 (custom)
2022-08-20 13:50:56,607 [Listener at 0.0.0.0/36733] INFO  server.GrpcService (ConfUtils.java:logGet(46)) - raft.grpc.message.size.max = 32m (=33554432) (custom)
2022-08-20 13:50:56,607 [Listener at 0.0.0.0/36733] INFO  server.RaftServerConfigKeys (ConfUtils.java:logGet(46)) - raft.server.log.appender.buffer.byte-limit = 33554432 (custom)
2022-08-20 13:50:56,607 [Listener at 0.0.0.0/36733] INFO  server.GrpcService (ConfUtils.java:logGet(46)) - raft.grpc.flow.control.window = 1MB (=1048576) (default)
2022-08-20 13:50:56,607 [Listener at 0.0.0.0/36733] INFO  server.RaftServerConfigKeys (ConfUtils.java:logGet(46)) - raft.server.rpc.request.timeout = 30000ms (custom)
2022-08-20 13:50:56,607 [Listener at 0.0.0.0/36733] INFO  grpc.GrpcConfigKeys (ConfUtils.java:logGet(46)) - raft.grpc.server.async.request.thread.pool.cached = true (default)
2022-08-20 13:50:56,608 [Listener at 0.0.0.0/36733] INFO  grpc.GrpcConfigKeys (ConfUtils.java:logGet(46)) - raft.grpc.server.async.request.thread.pool.size = 32 (default)
2022-08-20 13:50:56,609 [Listener at 0.0.0.0/36733] INFO  impl.DataStreamServerImpl (ConfUtils.java:logGet(46)) - raft.datastream.type = DISABLED (default)
2022-08-20 13:50:56,609 [Listener at 0.0.0.0/36733] INFO  server.RaftServerConfigKeys (ConfUtils.java:logGet(46)) - raft.server.threadpool.proxy.cached = true (default)
2022-08-20 13:50:56,609 [Listener at 0.0.0.0/36733] INFO  server.RaftServerConfigKeys (ConfUtils.java:logGet(46)) - raft.server.threadpool.proxy.size = 0 (default)
2022-08-20 13:50:56,609 [Listener at 0.0.0.0/36733] INFO  server.RaftServerConfigKeys (ConfUtils.java:logGet(46)) - raft.server.rpc.slowness.timeout = 120000ms (custom)
2022-08-20 13:50:56,609 [Listener at 0.0.0.0/36733] INFO  server.RaftServerConfigKeys (ConfUtils.java:logGet(46)) - raft.server.leaderelection.leader.step-down.wait-time = 10s (default)
2022-08-20 13:50:56,609 [Listener at 0.0.0.0/36733] INFO  server.RaftServerConfigKeys (ConfUtils.java:logGet(46)) - raft.server.storage.dir = [/home/runner/work/ozone/ozone/hadoop-ozone/integration-test/target/test-dir/MiniOzoneClusterImpl-1d33bde5-c0a1-446c-b0a2-a2cb2457c7cc/scmNode-3/scm-ha] (custom)
2022-08-20 13:50:56,610 [Listener at 0.0.0.0/36733] INFO  server.RaftServer (RaftServerProxy.java:addNew(96)) - 0dda5a98-1e81-403d-bcb4-170ef3797067: addNew group-A2CB2457C7CC:[] returns group-A2CB2457C7CC:java.util.concurrent.CompletableFuture@41c56998[Not completed]
2022-08-20 13:50:56,610 [pool-85-thread-1] INFO  server.RaftServer$Division (RaftServerImpl.java:<init>(190)) - 0dda5a98-1e81-403d-bcb4-170ef3797067: new RaftServerImpl for group-A2CB2457C7CC:[] with SCMStateMachine:uninitialized
2022-08-20 13:50:56,612 [pool-85-thread-1] INFO  server.RaftServerConfigKeys (ConfUtils.java:logGet(46)) - raft.server.rpc.timeout.min = 5000ms (custom)
2022-08-20 13:50:56,612 [pool-85-thread-1] INFO  server.RaftServerConfigKeys (ConfUtils.java:logGet(46)) - raft.server.rpc.timeout.max = 5200ms (custom)
2022-08-20 13:50:56,613 [pool-85-thread-1] INFO  server.RaftServerConfigKeys (ConfUtils.java:logGet(46)) - raft.server.rpc.sleep.time = 25ms (default)
2022-08-20 13:50:56,613 [pool-85-thread-1] INFO  server.RaftServerConfigKeys (ConfUtils.java:logGet(46)) - raft.server.rpc.slowness.timeout = 120000ms (custom)
2022-08-20 13:50:56,613 [pool-85-thread-1] INFO  server.RaftServerConfigKeys (ConfUtils.java:logGet(46)) - raft.server.leaderelection.leader.step-down.wait-time = 10s (default)
2022-08-20 13:50:56,613 [pool-85-thread-1] INFO  server.RaftServerConfigKeys (ConfUtils.java:logGet(46)) - raft.server.sleep.deviation.threshold = 300ms (default)
2022-08-20 13:50:56,613 [pool-85-thread-1] INFO  server.RaftServer$Division (ServerState.java:<init>(107)) - 0dda5a98-1e81-403d-bcb4-170ef3797067@group-A2CB2457C7CC: ConfigurationManager, init=-1: [], old=null, confs=<EMPTY_MAP>
2022-08-20 13:50:56,613 [pool-85-thread-1] INFO  server.RaftServerConfigKeys (ConfUtils.java:logGet(46)) - raft.server.storage.dir = [/home/runner/work/ozone/ozone/hadoop-ozone/integration-test/target/test-dir/MiniOzoneClusterImpl-1d33bde5-c0a1-446c-b0a2-a2cb2457c7cc/scmNode-3/scm-ha] (custom)
2022-08-20 13:50:56,613 [pool-85-thread-1] INFO  server.RaftServerConfigKeys (ConfUtils.java:logGet(46)) - raft.server.log.corruption.policy = EXCEPTION (default)
2022-08-20 13:50:56,613 [pool-85-thread-1] INFO  server.RaftServerConfigKeys (ConfUtils.java:logGet(46)) - raft.server.storage.free-space.min = 0MB (=0) (default)
2022-08-20 13:50:56,613 [pool-85-thread-1] INFO  storage.RaftStorageDirectory (RaftStorageDirectoryImpl.java:analyzeStorage(135)) - The storage directory /home/runner/work/ozone/ozone/hadoop-ozone/integration-test/target/test-dir/MiniOzoneClusterImpl-1d33bde5-c0a1-446c-b0a2-a2cb2457c7cc/scmNode-3/scm-ha/1d33bde5-c0a1-446c-b0a2-a2cb2457c7cc does not exist. Creating ...
2022-08-20 13:50:56,614 [pool-85-thread-1] INFO  storage.RaftStorageDirectory (RaftStorageDirectoryImpl.java:tryLock(230)) - Lock on /home/runner/work/ozone/ozone/hadoop-ozone/integration-test/target/test-dir/MiniOzoneClusterImpl-1d33bde5-c0a1-446c-b0a2-a2cb2457c7cc/scmNode-3/scm-ha/1d33bde5-c0a1-446c-b0a2-a2cb2457c7cc/in_use.lock acquired by nodename 20888@fv-az54-959
2022-08-20 13:50:56,615 [pool-85-thread-1] INFO  storage.RaftStorage (RaftStorageImpl.java:format(89)) - Storage directory /home/runner/work/ozone/ozone/hadoop-ozone/integration-test/target/test-dir/MiniOzoneClusterImpl-1d33bde5-c0a1-446c-b0a2-a2cb2457c7cc/scmNode-3/scm-ha/1d33bde5-c0a1-446c-b0a2-a2cb2457c7cc has been successfully formatted.
2022-08-20 13:50:56,615 [pool-85-thread-1] INFO  server.RaftServerConfigKeys (ConfUtils.java:logGet(46)) - raft.server.notification.no-leader.timeout = 60s (default)
2022-08-20 13:50:56,615 [pool-85-thread-1] INFO  server.RaftServerConfigKeys (ConfUtils.java:logGet(46)) - raft.server.log.use.memory = false (default)
2022-08-20 13:50:56,616 [pool-85-thread-1] INFO  server.RaftServerConfigKeys (ConfUtils.java:logGet(46)) - raft.server.log.purge.gap = 1000000 (custom)
2022-08-20 13:50:56,616 [pool-85-thread-1] INFO  server.RaftServerConfigKeys (ConfUtils.java:logGet(46)) - raft.server.log.appender.buffer.byte-limit = 33554432 (custom)
2022-08-20 13:50:56,616 [pool-85-thread-1] INFO  server.RaftServerConfigKeys (ConfUtils.java:logGet(46)) - raft.server.log.statemachine.data.read.timeout = 1000ms (default)
2022-08-20 13:50:56,616 [pool-85-thread-1] INFO  server.RaftServerConfigKeys (ConfUtils.java:logGet(46)) - raft.server.log.segment.size.max = 4194304 (custom)
2022-08-20 13:50:56,616 [pool-85-thread-1] INFO  server.RaftServerConfigKeys (ConfUtils.java:logGet(46)) - raft.server.log.segment.cache.num.max = 2 (custom)
2022-08-20 13:50:56,617 [pool-85-thread-1] INFO  server.RaftServerConfigKeys (ConfUtils.java:logGet(46)) - raft.server.log.segment.cache.size.max = 200MB (=209715200) (default)
2022-08-20 13:50:56,617 [pool-85-thread-1] INFO  segmented.SegmentedRaftLogWorker (SegmentedRaftLogWorker.java:<init>(187)) - new 0dda5a98-1e81-403d-bcb4-170ef3797067@group-A2CB2457C7CC-SegmentedRaftLogWorker for RaftStorageImpl:Storage Directory /home/runner/work/ozone/ozone/hadoop-ozone/integration-test/target/test-dir/MiniOzoneClusterImpl-1d33bde5-c0a1-446c-b0a2-a2cb2457c7cc/scmNode-3/scm-ha/1d33bde5-c0a1-446c-b0a2-a2cb2457c7cc
2022-08-20 13:50:56,617 [pool-85-thread-1] INFO  server.RaftServerConfigKeys (ConfUtils.java:logGet(46)) - raft.server.log.queue.byte-limit = 64MB (=67108864) (default)
2022-08-20 13:50:56,617 [pool-85-thread-1] INFO  server.RaftServerConfigKeys (ConfUtils.java:logGet(46)) - raft.server.log.queue.element-limit = 4096 (default)
2022-08-20 13:50:56,617 [pool-85-thread-1] INFO  server.RaftServerConfigKeys (ConfUtils.java:logGet(46)) - raft.server.log.segment.size.max = 4194304 (custom)
2022-08-20 13:50:56,617 [pool-85-thread-1] INFO  server.RaftServerConfigKeys (ConfUtils.java:logGet(46)) - raft.server.log.preallocated.size = 4194304 (custom)
2022-08-20 13:50:56,617 [pool-85-thread-1] INFO  server.RaftServerConfigKeys (ConfUtils.java:logGet(46)) - raft.server.log.force.sync.num = 128 (default)
2022-08-20 13:50:56,617 [pool-85-thread-1] INFO  server.RaftServerConfigKeys (ConfUtils.java:logGet(46)) - raft.server.log.statemachine.data.sync = true (default)
2022-08-20 13:50:56,617 [pool-85-thread-1] INFO  server.RaftServerConfigKeys (ConfUtils.java:logGet(46)) - raft.server.log.statemachine.data.sync.timeout = 10s (default)
2022-08-20 13:50:56,617 [pool-85-thread-1] INFO  server.RaftServerConfigKeys (ConfUtils.java:logGet(46)) - raft.server.log.statemachine.data.sync.timeout.retry = -1 (default)
2022-08-20 13:50:56,618 [pool-85-thread-1] INFO  server.RaftServerConfigKeys (ConfUtils.java:logGet(46)) - raft.server.log.write.buffer.size = 64KB (=65536) (default)
2022-08-20 13:50:56,618 [pool-85-thread-1] INFO  server.RaftServerConfigKeys (ConfUtils.java:logGet(46)) - raft.server.log.unsafe-flush.enabled = false (default)
2022-08-20 13:50:56,618 [pool-85-thread-1] INFO  server.RaftServerConfigKeys (ConfUtils.java:logGet(46)) - raft.server.log.statemachine.data.caching.enabled = false (default)
2022-08-20 13:50:56,619 [pool-85-thread-1] INFO  segmented.SegmentedRaftLogWorker (SegmentedRaftLogWorker.java:lambda$new$0(135)) - 0dda5a98-1e81-403d-bcb4-170ef3797067@group-A2CB2457C7CC-SegmentedRaftLogWorker: flushIndex: setUnconditionally 0 -> -1
2022-08-20 13:50:56,619 [pool-85-thread-1] INFO  segmented.SegmentedRaftLogWorker (SegmentedRaftLogWorker.java:lambda$new$0(135)) - 0dda5a98-1e81-403d-bcb4-170ef3797067@group-A2CB2457C7CC-SegmentedRaftLogWorker: safeCacheEvictIndex: setUnconditionally 0 -> -1
2022-08-20 13:50:56,619 [pool-85-thread-1] INFO  server.RaftServerConfigKeys (ConfUtils.java:logGet(46)) - raft.server.snapshot.auto.trigger.enabled = true (custom)
2022-08-20 13:50:56,619 [pool-85-thread-1] INFO  server.RaftServerConfigKeys (ConfUtils.java:logGet(46)) - raft.server.snapshot.auto.trigger.threshold = 1000 (custom)
2022-08-20 13:50:56,619 [pool-85-thread-1] INFO  server.RaftServerConfigKeys (ConfUtils.java:logGet(46)) - raft.server.snapshot.retention.file.num = -1 (default)
2022-08-20 13:50:56,619 [pool-85-thread-1] INFO  server.RaftServerConfigKeys (ConfUtils.java:logGet(46)) - raft.server.log.purge.upto.snapshot.index = false (default)
2022-08-20 13:50:56,619 [pool-85-thread-1] INFO  server.RaftServerConfigKeys (ConfUtils.java:logGet(46)) - raft.server.retrycache.expirytime = 60000ms (default)
2022-08-20 13:50:56,619 [pool-85-thread-1] INFO  server.RaftServerConfigKeys (ConfUtils.java:logGet(46)) - raft.server.retrycache.statistics.expirytime = 100μs (default)
2022-08-20 13:50:56,620 [pool-85-thread-1] INFO  server.RaftServerConfigKeys (ConfUtils.java:logGet(46)) - raft.server.log.appender.install.snapshot.enabled = false (custom)
2022-08-20 13:50:56,621 [pool-85-thread-1] INFO  server.RaftServerConfigKeys (ConfUtils.java:logGet(46)) - raft.server.threadpool.server.cached = true (default)
2022-08-20 13:50:56,621 [pool-85-thread-1] INFO  server.RaftServerConfigKeys (ConfUtils.java:logGet(46)) - raft.server.threadpool.server.size = 0 (default)
2022-08-20 13:50:56,621 [pool-85-thread-1] INFO  server.RaftServerConfigKeys (ConfUtils.java:logGet(46)) - raft.server.threadpool.client.cached = true (default)
2022-08-20 13:50:56,621 [pool-85-thread-1] INFO  server.RaftServerConfigKeys (ConfUtils.java:logGet(46)) - raft.server.threadpool.client.size = 0 (default)
2022-08-20 13:50:56,623 [Listener at 0.0.0.0/36733] INFO  ha.SCMSnapshotProvider (SCMSnapshotProvider.java:<init>(66)) - Initializing SCM Snapshot Provider
2022-08-20 13:50:56,623 [Listener at 0.0.0.0/36733] WARN  server.ServerUtils (ServerUtils.java:getDefaultRatisDirectory(237)) - Storage directory for Ratis is not configured. It is a good idea to map this to an SSD disk. Falling back to ozone.metadata.dirs
2022-08-20 13:50:56,623 [Listener at 0.0.0.0/36733] WARN  ha.SCMHAUtils (SCMHAUtils.java:getSCMRatisSnapshotDirectory(153)) - SCM snapshot dir is not configured. Falling back to ozone.metadata.dirs config
2022-08-20 13:50:56,625 [Listener at 0.0.0.0/36733] INFO  upgrade.AbstractLayoutVersionManager (AbstractLayoutVersionManager.java:init(83)) - Initializing Layout version manager with metadata layout = DATANODE_SCHEMA_V3 (version = 4), software layout = DATANODE_SCHEMA_V3 (version = 4)
2022-08-20 13:50:56,668 [Listener at 0.0.0.0/36733] INFO  reflections.Reflections (Reflections.java:scan(232)) - Reflections took 42 ms to scan 7 urls, producing 133 keys and 322 values 
2022-08-20 13:50:56,670 [Listener at 0.0.0.0/36733] INFO  ha.SequenceIdGenerator (SequenceIdGenerator.java:upgradeToSequenceId(349)) - upgrade localId to 109611004723200000
2022-08-20 13:50:56,671 [Listener at 0.0.0.0/36733] INFO  ha.SequenceIdGenerator (SequenceIdGenerator.java:upgradeToSequenceId(359)) - upgrade delTxnId to 0
2022-08-20 13:50:56,671 [Listener at 0.0.0.0/36733] INFO  ha.SequenceIdGenerator (SequenceIdGenerator.java:upgradeToSequenceId(376)) - upgrade containerId to 0
2022-08-20 13:50:56,671 [Listener at 0.0.0.0/36733] INFO  ha.SequenceIdGenerator (SequenceIdGenerator.java:<init>(220)) - Init the HA SequenceIdGenerator.
2022-08-20 13:50:56,671 [Listener at 0.0.0.0/36733] WARN  server.ServerUtils (ServerUtils.java:sanitizeUserArgs(73)) - ozone.scm.stale.node.interval value = 300000 is larger than max = 100000 based on the key value of ozone.scm.heartbeat.thread.interval, reset to the max value 100000.
2022-08-20 13:50:56,671 [Listener at 0.0.0.0/36733] WARN  server.ServerUtils (ServerUtils.java:sanitizeUserArgs(73)) - ozone.scm.stale.node.interval value = 300000 is larger than max = 100000 based on the key value of ozone.scm.heartbeat.thread.interval, reset to the max value 100000.
2022-08-20 13:50:56,672 [Listener at 0.0.0.0/36733] INFO  node.SCMNodeManager (SCMNodeManager.java:<init>(149)) - Entering startup safe mode.
2022-08-20 13:50:56,673 [Listener at 0.0.0.0/36733] INFO  algorithms.ContainerPlacementPolicyFactory (ContainerPlacementPolicyFactory.java:getPolicyInternal(86)) - Create container placement policy of type org.apache.hadoop.hdds.scm.container.placement.algorithms.SCMContainerPlacementRandom
2022-08-20 13:50:56,673 [Listener at 0.0.0.0/36733] INFO  algorithms.ContainerPlacementPolicyFactory (ContainerPlacementPolicyFactory.java:getPolicyInternal(86)) - Create container placement policy of type org.apache.hadoop.hdds.scm.container.placement.algorithms.SCMContainerPlacementRackScatter
2022-08-20 13:50:56,673 [Listener at 0.0.0.0/36733] INFO  pipeline.PipelineStateManagerImpl (PipelineStateManagerImpl.java:initialize(78)) - No pipeline exists in current db
2022-08-20 13:50:56,673 [Listener at 0.0.0.0/36733] INFO  algorithms.LeaderChoosePolicyFactory (LeaderChoosePolicyFactory.java:getPolicy(57)) - Create leader choose policy of type org.apache.hadoop.hdds.scm.pipeline.leader.choose.algorithms.MinLeaderCountChoosePolicy
2022-08-20 13:50:56,673 [Listener at 0.0.0.0/36733] INFO  algorithms.ContainerPlacementPolicyFactory (ContainerPlacementPolicyFactory.java:getPolicyInternal(86)) - Create container placement policy of type org.apache.hadoop.hdds.scm.container.placement.algorithms.SCMContainerPlacementRackScatter
2022-08-20 13:50:56,674 [Listener at 0.0.0.0/36733] INFO  ha.SCMServiceManager (SCMServiceManager.java:register(42)) - Registering service BackgroundPipelineCreator.
2022-08-20 13:50:56,674 [Listener at 0.0.0.0/36733] INFO  pipeline.BackgroundPipelineCreator (BackgroundPipelineCreator.java:start(124)) - Starting RatisPipelineUtilsThread.
2022-08-20 13:50:56,676 [Listener at 0.0.0.0/36733] INFO  BackgroundPipelineScrubber (BackgroundSCMService.java:start(68)) - Starting BackgroundPipelineScrubber Service.
2022-08-20 13:50:56,680 [Listener at 0.0.0.0/36733] INFO  ha.SCMServiceManager (SCMServiceManager.java:register(42)) - Registering service BackgroundPipelineScrubber.
2022-08-20 13:50:56,680 [Listener at 0.0.0.0/36733] INFO  ExpiredContainerReplicaOpScrubber (BackgroundSCMService.java:start(68)) - Starting ExpiredContainerReplicaOpScrubber Service.
2022-08-20 13:50:56,680 [Listener at 0.0.0.0/36733] INFO  ha.SCMServiceManager (SCMServiceManager.java:register(42)) - Registering service ExpiredContainerReplicaOpScrubber.
2022-08-20 13:50:56,681 [Listener at 0.0.0.0/36733] INFO  algorithms.PipelineChoosePolicyFactory (PipelineChoosePolicyFactory.java:createPipelineChoosePolicyFromClass(73)) - Create pipeline choose policy of type org.apache.hadoop.hdds.scm.pipeline.choose.algorithms.RandomPipelineChoosePolicy
2022-08-20 13:50:56,682 [Listener at 0.0.0.0/36733] INFO  ha.SCMServiceManager (SCMServiceManager.java:register(42)) - Registering service SCMBlockDeletingService.
2022-08-20 13:50:56,682 [Listener at 0.0.0.0/36733] INFO  replication.ReplicationManager (ReplicationManager.java:start(206)) - Starting Replication Monitor Thread.
2022-08-20 13:50:56,684 [Listener at 0.0.0.0/36733] INFO  UnderReplicatedQueueThread (BackgroundSCMService.java:start(68)) - Starting UnderReplicatedQueueThread Service.
2022-08-20 13:50:56,684 [ReplicationMonitor] INFO  replication.ReplicationManager (ReplicationManager.java:processAll(255)) - Replication Manager is not ready to run until 3000ms after safemode exit
2022-08-20 13:50:56,685 [Listener at 0.0.0.0/36733] INFO  ha.SCMServiceManager (SCMServiceManager.java:register(42)) - Registering service UnderReplicatedQueueThread.
2022-08-20 13:50:56,685 [Listener at 0.0.0.0/36733] INFO  OverReplicatedQueueThread (BackgroundSCMService.java:start(68)) - Starting OverReplicatedQueueThread Service.
2022-08-20 13:50:56,685 [Listener at 0.0.0.0/36733] INFO  ha.SCMServiceManager (SCMServiceManager.java:register(42)) - Registering service OverReplicatedQueueThread.
2022-08-20 13:50:56,685 [Listener at 0.0.0.0/36733] INFO  ha.SCMServiceManager (SCMServiceManager.java:register(42)) - Registering service ReplicationManager.
2022-08-20 13:50:56,685 [Listener at 0.0.0.0/36733] INFO  safemode.ContainerSafeModeRule (ContainerSafeModeRule.java:<init>(89)) - containers with one replica threshold count 0
2022-08-20 13:50:56,686 [Listener at 0.0.0.0/36733] INFO  safemode.HealthyPipelineSafeModeRule (HealthyPipelineSafeModeRule.java:initializeRule(169)) - Total pipeline count is 0, healthy pipeline threshold count is 1
2022-08-20 13:50:56,686 [Listener at 0.0.0.0/36733] INFO  safemode.OneReplicaPipelineSafeModeRule (OneReplicaPipelineSafeModeRule.java:initializeRule(180)) - Total pipeline count is 0, pipeline's with at least one datanode reported threshold count is 0
2022-08-20 13:50:56,687 [Listener at 0.0.0.0/36733] INFO  ipc.CallQueueManager (CallQueueManager.java:<init>(90)) - Using callQueue: class java.util.concurrent.LinkedBlockingQueue, queueCapacity: 2000, scheduler: class org.apache.hadoop.ipc.DefaultRpcScheduler, ipcBackoff: false.
2022-08-20 13:50:56,688 [Socket Reader #1 for port 45375] INFO  ipc.Server (Server.java:run(1265)) - Starting Socket Reader #1 for port 45375
2022-08-20 13:50:56,702 [Listener at 0.0.0.0/45375] INFO  ipc.CallQueueManager (CallQueueManager.java:<init>(90)) - Using callQueue: class java.util.concurrent.LinkedBlockingQueue, queueCapacity: 2000, scheduler: class org.apache.hadoop.ipc.DefaultRpcScheduler, ipcBackoff: false.
2022-08-20 13:50:56,703 [Socket Reader #1 for port 41191] INFO  ipc.Server (Server.java:run(1265)) - Starting Socket Reader #1 for port 41191
2022-08-20 13:50:56,713 [Listener at 0.0.0.0/41191] INFO  ipc.CallQueueManager (CallQueueManager.java:<init>(90)) - Using callQueue: class java.util.concurrent.LinkedBlockingQueue, queueCapacity: 2000, scheduler: class org.apache.hadoop.ipc.DefaultRpcScheduler, ipcBackoff: false.
2022-08-20 13:50:56,713 [Socket Reader #1 for port 37261] INFO  ipc.Server (Server.java:run(1265)) - Starting Socket Reader #1 for port 37261
2022-08-20 13:50:56,742 [Listener at 0.0.0.0/37261] INFO  ha.SCMServiceManager (SCMServiceManager.java:register(42)) - Registering service ContainerBalancer.
2022-08-20 13:50:56,742 [Listener at 0.0.0.0/37261] INFO  server.StorageContainerManager (StorageContainerManager.java:<init>(406)) - 
Container Balancer status:
Key                            Value
Running                        false
Container Balancer Configuration values:
Key                                                Value
Threshold                                          10
Max Datanodes to Involve per Iteration(percent)    20
Max Size to Move per Iteration                     500GB
Max Size Entering Target per Iteration             26GB
Max Size Leaving Source per Iteration              26GB

2022-08-20 13:50:56,743 [Listener at 0.0.0.0/37261] WARN  events.EventQueue (EventQueue.java:fireEvent(216)) - No event handler registered for event TypedEvent{payloadType=SafeModeStatus, name='Safe mode status'}
2022-08-20 13:50:56,743 [Listener at 0.0.0.0/37261] INFO  ha.SCMContext (SCMContext.java:updateSafeModeStatus(228)) - Update SafeModeStatus from SafeModeStatus{safeModeStatus=true, preCheckPassed=false} to SafeModeStatus{safeModeStatus=true, preCheckPassed=false}.
2022-08-20 13:50:56,743 [Listener at 0.0.0.0/37261] INFO  server.StorageContainerManager (StorageContainerManager.java:start(1460)) - StorageContainerLocationProtocol RPC server is listening at /0.0.0.0:37261
2022-08-20 13:50:56,743 [Listener at 0.0.0.0/37261] INFO  ha.SCMRatisServerImpl (SCMRatisServerImpl.java:start(178)) - starting ratis server 0.0.0.0:35129
2022-08-20 13:50:56,743 [0dda5a98-1e81-403d-bcb4-170ef3797067-impl-thread1] INFO  server.RaftServer$Division (RaftServerImpl.java:start(316)) - 0dda5a98-1e81-403d-bcb4-170ef3797067@group-A2CB2457C7CC: start with initializing state, conf=-1: [], old=null
2022-08-20 13:50:56,745 [0dda5a98-1e81-403d-bcb4-170ef3797067-impl-thread1] INFO  server.RaftServer$Division (RaftServerImpl.java:setRole(299)) - 0dda5a98-1e81-403d-bcb4-170ef3797067@group-A2CB2457C7CC: changes role from      null to FOLLOWER at term 0 for startInitializing
2022-08-20 13:50:56,745 [0dda5a98-1e81-403d-bcb4-170ef3797067-impl-thread1] INFO  util.JmxRegister (JmxRegister.java:tryRegister(44)) - Successfully registered JMX Bean with object name Ratis:service=RaftServer,group=group-A2CB2457C7CC,id=0dda5a98-1e81-403d-bcb4-170ef3797067
2022-08-20 13:50:56,753 [Listener at 0.0.0.0/37261] INFO  server.RaftServer (RaftServerProxy.java:lambda$start$6(382)) - 0dda5a98-1e81-403d-bcb4-170ef3797067: start RPC server
2022-08-20 13:50:56,755 [Listener at 0.0.0.0/37261] INFO  server.GrpcService (GrpcService.java:startImpl(260)) - 0dda5a98-1e81-403d-bcb4-170ef3797067: GrpcService started, listening on 35129
2022-08-20 13:50:56,756 [org.apache.ratis.util.JvmPauseMonitor$$Lambda$519/858083045@3bbcfc3c] INFO  util.JvmPauseMonitor (JvmPauseMonitor.java:run(103)) - JvmPauseMonitor-0dda5a98-1e81-403d-bcb4-170ef3797067: Started
2022-08-20 13:50:56,757 [Listener at 0.0.0.0/37261] INFO  ha.SCMNodeInfo (SCMNodeInfo.java:getPort(197)) - ConfigKey ozone.scm.client.address is deprecated, For configuring different ports for each SCM use PortConfigKey ozone.scm.client.port appended with serviceId and nodeId
2022-08-20 13:50:56,757 [Listener at 0.0.0.0/37261] INFO  ha.SCMNodeInfo (SCMNodeInfo.java:getPort(197)) - ConfigKey ozone.scm.block.client.address is deprecated, For configuring different ports for each SCM use PortConfigKey ozone.scm.block.client.port appended with serviceId and nodeId
2022-08-20 13:50:56,757 [Listener at 0.0.0.0/37261] INFO  ha.SCMNodeInfo (SCMNodeInfo.java:getPort(197)) - ConfigKey ozone.scm.datanode.address is deprecated, For configuring different ports for each SCM use PortConfigKey ozone.scm.datanode.port appended with serviceId and nodeId
2022-08-20 13:50:56,757 [Listener at 0.0.0.0/37261] INFO  ha.SCMNodeInfo (SCMNodeInfo.java:getPort(197)) - ConfigKey ozone.scm.client.address is deprecated, For configuring different ports for each SCM use PortConfigKey ozone.scm.client.port appended with serviceId and nodeId
2022-08-20 13:50:56,757 [Listener at 0.0.0.0/37261] INFO  ha.SCMNodeInfo (SCMNodeInfo.java:getPort(197)) - ConfigKey ozone.scm.block.client.address is deprecated, For configuring different ports for each SCM use PortConfigKey ozone.scm.block.client.port appended with serviceId and nodeId
2022-08-20 13:50:56,757 [Listener at 0.0.0.0/37261] INFO  ha.SCMNodeInfo (SCMNodeInfo.java:getPort(197)) - ConfigKey ozone.scm.datanode.address is deprecated, For configuring different ports for each SCM use PortConfigKey ozone.scm.datanode.port appended with serviceId and nodeId
2022-08-20 13:50:56,757 [Listener at 0.0.0.0/37261] INFO  proxy.SCMBlockLocationFailoverProxyProvider (SCMBlockLocationFailoverProxyProvider.java:<init>(114)) - Created block location fail-over proxy with 2 nodes: [nodeId=scmNode-2,nodeAddress=/127.0.0.1:41033, nodeId=scmNode-1,nodeAddress=/127.0.0.1:39205]
2022-08-20 13:50:56,772 [IPC Server handler 0 on default port 39205] INFO  ha.SCMRatisServerImpl (SCMRatisServerImpl.java:addSCM(298)) - d94a9406-f498-4882-9ec6-2683d96ac94a: Submitting SetConfiguration request to Ratis server with new SCM peers list: [d38852ba-a21f-4434-98b8-bd8171207a1b|rpc:localhost:46665|priority:0, d94a9406-f498-4882-9ec6-2683d96ac94a|rpc:localhost:33885|admin:|client:|dataStream:|priority:0, 0dda5a98-1e81-403d-bcb4-170ef3797067|rpc:localhost:35129|priority:0]
2022-08-20 13:50:56,773 [IPC Server handler 0 on default port 39205] INFO  server.RaftServer$Division (RaftServerImpl.java:setConfigurationAsync(1080)) - d94a9406-f498-4882-9ec6-2683d96ac94a@group-A2CB2457C7CC: receive setConfiguration SetConfigurationRequest:client-CFD013593644->d94a9406-f498-4882-9ec6-2683d96ac94a@group-A2CB2457C7CC, cid=1, seq=0, RW, null, peers:[d38852ba-a21f-4434-98b8-bd8171207a1b|rpc:localhost:46665|priority:0, d94a9406-f498-4882-9ec6-2683d96ac94a|rpc:localhost:33885|admin:|client:|dataStream:|priority:0, 0dda5a98-1e81-403d-bcb4-170ef3797067|rpc:localhost:35129|priority:0]
2022-08-20 13:50:56,773 [IPC Server handler 0 on default port 39205] INFO  server.RaftServer$Division (LeaderStateImpl.java:startSetConfiguration(368)) - d94a9406-f498-4882-9ec6-2683d96ac94a@group-A2CB2457C7CC-LeaderStateImpl: startSetConfiguration SetConfigurationRequest:client-CFD013593644->d94a9406-f498-4882-9ec6-2683d96ac94a@group-A2CB2457C7CC, cid=1, seq=0, RW, null, peers:[d38852ba-a21f-4434-98b8-bd8171207a1b|rpc:localhost:46665|priority:0, d94a9406-f498-4882-9ec6-2683d96ac94a|rpc:localhost:33885|admin:|client:|dataStream:|priority:0, 0dda5a98-1e81-403d-bcb4-170ef3797067|rpc:localhost:35129|priority:0]
2022-08-20 13:50:56,773 [IPC Server handler 0 on default port 39205] INFO  server.RaftServerConfigKeys (ConfUtils.java:logGet(46)) - raft.server.log.appender.snapshot.chunk.size.max = 16MB (=16777216) (default)
2022-08-20 13:50:56,774 [IPC Server handler 0 on default port 39205] INFO  server.RaftServerConfigKeys (ConfUtils.java:logGet(46)) - raft.server.log.appender.buffer.byte-limit = 33554432 (custom)
2022-08-20 13:50:56,774 [IPC Server handler 0 on default port 39205] INFO  server.RaftServerConfigKeys (ConfUtils.java:logGet(46)) - raft.server.log.appender.buffer.element-limit = 1024 (custom)
2022-08-20 13:50:56,776 [IPC Server handler 0 on default port 39205] INFO  grpc.GrpcConfigKeys (ConfUtils.java:logGet(46)) - raft.grpc.server.leader.outstanding.appends.max = 128 (default)
2022-08-20 13:50:56,776 [IPC Server handler 0 on default port 39205] INFO  server.RaftServerConfigKeys (ConfUtils.java:logGet(46)) - raft.server.rpc.request.timeout = 30000ms (custom)
2022-08-20 13:50:56,776 [IPC Server handler 0 on default port 39205] INFO  server.RaftServerConfigKeys (ConfUtils.java:logGet(46)) - raft.server.log.appender.install.snapshot.enabled = false (custom)
2022-08-20 13:50:56,780 [d94a9406-f498-4882-9ec6-2683d96ac94a@group-A2CB2457C7CC->0dda5a98-1e81-403d-bcb4-170ef3797067-GrpcLogAppender-LogAppenderDaemon] INFO  server.GrpcLogAppender (GrpcLogAppender.java:installSnapshot(541)) - d94a9406-f498-4882-9ec6-2683d96ac94a@group-A2CB2457C7CC->0dda5a98-1e81-403d-bcb4-170ef3797067-GrpcLogAppender: followerNextIndex = 0 but logStartIndex = 0, notify follower to install snapshot-(t:1, i:0)
2022-08-20 13:50:56,782 [d94a9406-f498-4882-9ec6-2683d96ac94a@group-A2CB2457C7CC->0dda5a98-1e81-403d-bcb4-170ef3797067-GrpcLogAppender-LogAppenderDaemon] INFO  server.GrpcLogAppender (GrpcLogAppender.java:installSnapshot(549)) - d94a9406-f498-4882-9ec6-2683d96ac94a@group-A2CB2457C7CC->0dda5a98-1e81-403d-bcb4-170ef3797067-GrpcLogAppender: send d94a9406-f498-4882-9ec6-2683d96ac94a->0dda5a98-1e81-403d-bcb4-170ef3797067#0-t2,notify:(t:1, i:0)
2022-08-20 13:50:56,802 [grpc-default-executor-1] INFO  impl.SnapshotInstallationHandler (SnapshotInstallationHandler.java:installSnapshot(84)) - 0dda5a98-1e81-403d-bcb4-170ef3797067@group-A2CB2457C7CC: receive installSnapshot: d94a9406-f498-4882-9ec6-2683d96ac94a->0dda5a98-1e81-403d-bcb4-170ef3797067#0-t2,notify:(t:1, i:0)
2022-08-20 13:50:56,803 [grpc-default-executor-1] INFO  ha.SCMStateMachine (SCMStateMachine.java:notifyLeaderChanged(255)) - leader changed, yet current SCM is still follower.
2022-08-20 13:50:56,803 [grpc-default-executor-1] INFO  server.RaftServer$Division (ServerState.java:setLeader(287)) - 0dda5a98-1e81-403d-bcb4-170ef3797067@group-A2CB2457C7CC: change Leader from null to d94a9406-f498-4882-9ec6-2683d96ac94a at term 2 for installSnapshot, leader elected after 187ms
2022-08-20 13:50:56,803 [grpc-default-executor-1] INFO  impl.SnapshotInstallationHandler (SnapshotInstallationHandler.java:notifyStateMachineToInstallSnapshot(215)) - 0dda5a98-1e81-403d-bcb4-170ef3797067@group-A2CB2457C7CC: Received notification to install snapshot at index 0
2022-08-20 13:50:56,803 [grpc-default-executor-1] INFO  impl.SnapshotInstallationHandler (SnapshotInstallationHandler.java:notifyStateMachineToInstallSnapshot(224)) - 0dda5a98-1e81-403d-bcb4-170ef3797067@group-A2CB2457C7CC: InstallSnapshot notification result: ALREADY_INSTALLED, current snapshot index: -1
2022-08-20 13:50:56,804 [grpc-default-executor-1] INFO  impl.SnapshotInstallationHandler (SnapshotInstallationHandler.java:installSnapshotImpl(129)) - 0dda5a98-1e81-403d-bcb4-170ef3797067@group-A2CB2457C7CC: set new configuration index: 5
configurationEntry {
  peers {
    id: "d38852ba-a21f-4434-98b8-bd8171207a1b"
    address: "localhost:46665"
  }
  peers {
    id: "d94a9406-f498-4882-9ec6-2683d96ac94a"
    address: "localhost:33885"
  }
}
 from snapshot
2022-08-20 13:50:56,805 [grpc-default-executor-1] INFO  server.RaftServer$Division (ServerState.java:setRaftConf(393)) - 0dda5a98-1e81-403d-bcb4-170ef3797067@group-A2CB2457C7CC: set configuration 5: [d38852ba-a21f-4434-98b8-bd8171207a1b|rpc:localhost:46665|admin:|client:|dataStream:|priority:0, d94a9406-f498-4882-9ec6-2683d96ac94a|rpc:localhost:33885|admin:|client:|dataStream:|priority:0], old=null
2022-08-20 13:50:56,805 [grpc-default-executor-1] INFO  impl.SnapshotInstallationHandler (SnapshotInstallationHandler.java:installSnapshot(95)) - 0dda5a98-1e81-403d-bcb4-170ef3797067@group-A2CB2457C7CC: reply installSnapshot: d94a9406-f498-4882-9ec6-2683d96ac94a<-0dda5a98-1e81-403d-bcb4-170ef3797067#0:FAIL-t0,ALREADY_INSTALLED
2022-08-20 13:50:56,805 [grpc-default-executor-1] INFO  server.GrpcServerProtocolService (GrpcServerProtocolService.java:onCompleted(140)) - 0dda5a98-1e81-403d-bcb4-170ef3797067: Completed INSTALL_SNAPSHOT, lastRequest: d94a9406-f498-4882-9ec6-2683d96ac94a->0dda5a98-1e81-403d-bcb4-170ef3797067#0-t2,notify:(t:1, i:0)
2022-08-20 13:50:56,810 [grpc-default-executor-1] INFO  server.GrpcLogAppender (GrpcLogAppender.java:onNext(403)) - d94a9406-f498-4882-9ec6-2683d96ac94a@group-A2CB2457C7CC->0dda5a98-1e81-403d-bcb4-170ef3797067-InstallSnapshotResponseHandler: received the first reply d94a9406-f498-4882-9ec6-2683d96ac94a<-0dda5a98-1e81-403d-bcb4-170ef3797067#0:FAIL-t0,ALREADY_INSTALLED
2022-08-20 13:50:56,810 [grpc-default-executor-1] INFO  server.GrpcLogAppender (GrpcLogAppender.java:onNext(426)) - d94a9406-f498-4882-9ec6-2683d96ac94a@group-A2CB2457C7CC->0dda5a98-1e81-403d-bcb4-170ef3797067-InstallSnapshotResponseHandler: Follower snapshot is already at index 0.
2022-08-20 13:50:56,810 [grpc-default-executor-1] INFO  leader.FollowerInfo (FollowerInfoImpl.java:lambda$new$0(48)) - d94a9406-f498-4882-9ec6-2683d96ac94a@group-A2CB2457C7CC->0dda5a98-1e81-403d-bcb4-170ef3797067: snapshotIndex: setUnconditionally 0 -> 0
2022-08-20 13:50:56,810 [grpc-default-executor-1] INFO  leader.FollowerInfo (FollowerInfoImpl.java:lambda$new$0(48)) - d94a9406-f498-4882-9ec6-2683d96ac94a@group-A2CB2457C7CC->0dda5a98-1e81-403d-bcb4-170ef3797067: matchIndex: setUnconditionally 0 -> 0
2022-08-20 13:50:56,810 [grpc-default-executor-1] INFO  leader.FollowerInfo (FollowerInfoImpl.java:lambda$new$0(48)) - d94a9406-f498-4882-9ec6-2683d96ac94a@group-A2CB2457C7CC->0dda5a98-1e81-403d-bcb4-170ef3797067: nextIndex: setUnconditionally 0 -> 1
2022-08-20 13:50:56,810 [grpc-default-executor-1] INFO  leader.FollowerInfo (FollowerInfoImpl.java:setAttemptedToInstallSnapshot(118)) - Follower d94a9406-f498-4882-9ec6-2683d96ac94a@group-A2CB2457C7CC->0dda5a98-1e81-403d-bcb4-170ef3797067 acknowledged installing snapshot
2022-08-20 13:50:56,810 [grpc-default-executor-1] INFO  leader.FollowerInfo (FollowerInfoImpl.java:lambda$new$0(48)) - d94a9406-f498-4882-9ec6-2683d96ac94a@group-A2CB2457C7CC->0dda5a98-1e81-403d-bcb4-170ef3797067: nextIndex: updateToMax old=1, new=1, updated? false
2022-08-20 13:50:56,827 [0dda5a98-1e81-403d-bcb4-170ef3797067-server-thread1] INFO  impl.RoleInfo (RoleInfo.java:updateAndGet(139)) - 0dda5a98-1e81-403d-bcb4-170ef3797067: start 0dda5a98-1e81-403d-bcb4-170ef3797067@group-A2CB2457C7CC-FollowerState
2022-08-20 13:50:56,827 [0dda5a98-1e81-403d-bcb4-170ef3797067-server-thread1] INFO  server.RaftServer$Division (RaftServerImpl.java:checkInconsistentAppendEntries(1424)) - 0dda5a98-1e81-403d-bcb4-170ef3797067@group-A2CB2457C7CC: Failed appendEntries as previous log entry ((t:1, i:0)) is not found
2022-08-20 13:50:56,827 [0dda5a98-1e81-403d-bcb4-170ef3797067-server-thread1] INFO  server.RaftServer$Division (RaftServerImpl.java:checkInconsistentAppendEntries(1394)) - 0dda5a98-1e81-403d-bcb4-170ef3797067@group-A2CB2457C7CC: inconsistency entries. Reply:d94a9406-f498-4882-9ec6-2683d96ac94a<-0dda5a98-1e81-403d-bcb4-170ef3797067#0:FAIL-t2,INCONSISTENCY,nextIndex=0,followerCommit=-1
2022-08-20 13:50:56,844 [grpc-default-executor-2] INFO  leader.FollowerInfo (FollowerInfoImpl.java:lambda$new$0(48)) - d94a9406-f498-4882-9ec6-2683d96ac94a@group-A2CB2457C7CC->0dda5a98-1e81-403d-bcb4-170ef3797067: nextIndex: updateUnconditionally 7 -> 0
2022-08-20 13:50:56,845 [0dda5a98-1e81-403d-bcb4-170ef3797067-server-thread1] INFO  server.RaftServer$Division (RaftServerImpl.java:checkInconsistentAppendEntries(1424)) - 0dda5a98-1e81-403d-bcb4-170ef3797067@group-A2CB2457C7CC: Failed appendEntries as previous log entry ((t:1, i:0)) is not found
2022-08-20 13:50:56,845 [0dda5a98-1e81-403d-bcb4-170ef3797067-server-thread1] INFO  server.RaftServer$Division (RaftServerImpl.java:checkInconsistentAppendEntries(1394)) - 0dda5a98-1e81-403d-bcb4-170ef3797067@group-A2CB2457C7CC: inconsistency entries. Reply:d94a9406-f498-4882-9ec6-2683d96ac94a<-0dda5a98-1e81-403d-bcb4-170ef3797067#1:FAIL-t2,INCONSISTENCY,nextIndex=0,followerCommit=-1
2022-08-20 13:50:56,848 [grpc-default-executor-2] INFO  leader.FollowerInfo (FollowerInfoImpl.java:lambda$new$0(48)) - d94a9406-f498-4882-9ec6-2683d96ac94a@group-A2CB2457C7CC->0dda5a98-1e81-403d-bcb4-170ef3797067: nextIndex: updateUnconditionally 7 -> 0
2022-08-20 13:50:56,849 [0dda5a98-1e81-403d-bcb4-170ef3797067-server-thread1] INFO  server.RaftServer$Division (ServerState.java:setRaftConf(393)) - 0dda5a98-1e81-403d-bcb4-170ef3797067@group-A2CB2457C7CC: set configuration 0: [d94a9406-f498-4882-9ec6-2683d96ac94a|rpc:localhost:33885|admin:|client:|dataStream:|priority:0], old=null
2022-08-20 13:50:56,849 [0dda5a98-1e81-403d-bcb4-170ef3797067-server-thread1] INFO  server.RaftServer$Division (ServerState.java:setRaftConf(393)) - 0dda5a98-1e81-403d-bcb4-170ef3797067@group-A2CB2457C7CC: set configuration 1: [d94a9406-f498-4882-9ec6-2683d96ac94a|rpc:localhost:33885|admin:|client:|dataStream:|priority:0], old=null
2022-08-20 13:50:56,849 [0dda5a98-1e81-403d-bcb4-170ef3797067-server-thread1] INFO  server.RaftServer$Division (ServerState.java:setRaftConf(393)) - 0dda5a98-1e81-403d-bcb4-170ef3797067@group-A2CB2457C7CC: set configuration 3: [d38852ba-a21f-4434-98b8-bd8171207a1b|rpc:localhost:46665|admin:|client:|dataStream:|priority:0, d94a9406-f498-4882-9ec6-2683d96ac94a|rpc:localhost:33885|admin:|client:|dataStream:|priority:0], old=[d94a9406-f498-4882-9ec6-2683d96ac94a|rpc:localhost:33885|admin:|client:|dataStream:|priority:0]
2022-08-20 13:50:56,849 [0dda5a98-1e81-403d-bcb4-170ef3797067-server-thread1] INFO  server.RaftServer$Division (ServerState.java:setRaftConf(393)) - 0dda5a98-1e81-403d-bcb4-170ef3797067@group-A2CB2457C7CC: set configuration 5: [d38852ba-a21f-4434-98b8-bd8171207a1b|rpc:localhost:46665|admin:|client:|dataStream:|priority:0, d94a9406-f498-4882-9ec6-2683d96ac94a|rpc:localhost:33885|admin:|client:|dataStream:|priority:0], old=null
2022-08-20 13:50:56,849 [0dda5a98-1e81-403d-bcb4-170ef3797067-server-thread1] INFO  segmented.SegmentedRaftLogWorker (SegmentedRaftLogWorker.java:startLogSegment(425)) - 0dda5a98-1e81-403d-bcb4-170ef3797067@group-A2CB2457C7CC-SegmentedRaftLogWorker: Starting segment from index:0
2022-08-20 13:50:56,850 [0dda5a98-1e81-403d-bcb4-170ef3797067-server-thread1] INFO  segmented.SegmentedRaftLogWorker (SegmentedRaftLogWorker.java:rollLogSegment(430)) - 0dda5a98-1e81-403d-bcb4-170ef3797067@group-A2CB2457C7CC-SegmentedRaftLogWorker: Rolling segment log-0_0 to index:0
2022-08-20 13:50:56,854 [0dda5a98-1e81-403d-bcb4-170ef3797067-server-thread1] INFO  server.RaftServer$Division (ServerState.java:setRaftConf(393)) - 0dda5a98-1e81-403d-bcb4-170ef3797067@group-A2CB2457C7CC: set configuration 0: [d94a9406-f498-4882-9ec6-2683d96ac94a|rpc:localhost:33885|admin:|client:|dataStream:|priority:0], old=null
2022-08-20 13:50:56,854 [0dda5a98-1e81-403d-bcb4-170ef3797067-server-thread1] INFO  server.RaftServer$Division (ServerState.java:setRaftConf(393)) - 0dda5a98-1e81-403d-bcb4-170ef3797067@group-A2CB2457C7CC: set configuration 1: [d94a9406-f498-4882-9ec6-2683d96ac94a|rpc:localhost:33885|admin:|client:|dataStream:|priority:0], old=null
2022-08-20 13:50:56,854 [0dda5a98-1e81-403d-bcb4-170ef3797067-server-thread1] INFO  server.RaftServer$Division (ServerState.java:setRaftConf(393)) - 0dda5a98-1e81-403d-bcb4-170ef3797067@group-A2CB2457C7CC: set configuration 3: [d38852ba-a21f-4434-98b8-bd8171207a1b|rpc:localhost:46665|admin:|client:|dataStream:|priority:0, d94a9406-f498-4882-9ec6-2683d96ac94a|rpc:localhost:33885|admin:|client:|dataStream:|priority:0], old=[d94a9406-f498-4882-9ec6-2683d96ac94a|rpc:localhost:33885|admin:|client:|dataStream:|priority:0]
2022-08-20 13:50:56,855 [0dda5a98-1e81-403d-bcb4-170ef3797067-server-thread1] INFO  server.RaftServer$Division (ServerState.java:setRaftConf(393)) - 0dda5a98-1e81-403d-bcb4-170ef3797067@group-A2CB2457C7CC: set configuration 5: [d38852ba-a21f-4434-98b8-bd8171207a1b|rpc:localhost:46665|admin:|client:|dataStream:|priority:0, d94a9406-f498-4882-9ec6-2683d96ac94a|rpc:localhost:33885|admin:|client:|dataStream:|priority:0], old=null
2022-08-20 13:50:56,862 [0dda5a98-1e81-403d-bcb4-170ef3797067@group-A2CB2457C7CC-SegmentedRaftLogWorker] INFO  segmented.SegmentedRaftLogWorker (SegmentedRaftLogWorker.java:execute(629)) - 0dda5a98-1e81-403d-bcb4-170ef3797067@group-A2CB2457C7CC-SegmentedRaftLogWorker: created new log segment /home/runner/work/ozone/ozone/hadoop-ozone/integration-test/target/test-dir/MiniOzoneClusterImpl-1d33bde5-c0a1-446c-b0a2-a2cb2457c7cc/scmNode-3/scm-ha/1d33bde5-c0a1-446c-b0a2-a2cb2457c7cc/current/log_inprogress_0
2022-08-20 13:50:56,864 [0dda5a98-1e81-403d-bcb4-170ef3797067@group-A2CB2457C7CC-SegmentedRaftLogWorker] INFO  segmented.SegmentedRaftLogWorker (SegmentedRaftLogWorker.java:execute(586)) - 0dda5a98-1e81-403d-bcb4-170ef3797067@group-A2CB2457C7CC-SegmentedRaftLogWorker: Rolled log segment from /home/runner/work/ozone/ozone/hadoop-ozone/integration-test/target/test-dir/MiniOzoneClusterImpl-1d33bde5-c0a1-446c-b0a2-a2cb2457c7cc/scmNode-3/scm-ha/1d33bde5-c0a1-446c-b0a2-a2cb2457c7cc/current/log_inprogress_0 to /home/runner/work/ozone/ozone/hadoop-ozone/integration-test/target/test-dir/MiniOzoneClusterImpl-1d33bde5-c0a1-446c-b0a2-a2cb2457c7cc/scmNode-3/scm-ha/1d33bde5-c0a1-446c-b0a2-a2cb2457c7cc/current/log_0-0
2022-08-20 13:50:56,874 [0dda5a98-1e81-403d-bcb4-170ef3797067@group-A2CB2457C7CC-SegmentedRaftLogWorker] INFO  segmented.SegmentedRaftLogWorker (SegmentedRaftLogWorker.java:execute(629)) - 0dda5a98-1e81-403d-bcb4-170ef3797067@group-A2CB2457C7CC-SegmentedRaftLogWorker: created new log segment /home/runner/work/ozone/ozone/hadoop-ozone/integration-test/target/test-dir/MiniOzoneClusterImpl-1d33bde5-c0a1-446c-b0a2-a2cb2457c7cc/scmNode-3/scm-ha/1d33bde5-c0a1-446c-b0a2-a2cb2457c7cc/current/log_inprogress_1
2022-08-20 13:50:56,881 [0dda5a98-1e81-403d-bcb4-170ef3797067@group-A2CB2457C7CC-StateMachineUpdater] INFO  safemode.HealthyPipelineSafeModeRule (HealthyPipelineSafeModeRule.java:initializeRule(165)) - Refreshed total pipeline count is 0, healthy pipeline threshold count is 1
2022-08-20 13:50:56,882 [0dda5a98-1e81-403d-bcb4-170ef3797067@group-A2CB2457C7CC-StateMachineUpdater] INFO  safemode.ContainerSafeModeRule (ContainerSafeModeRule.java:reInitializeRule(177)) - Refreshed one replica container threshold 0, currentThreshold 0
2022-08-20 13:50:56,882 [0dda5a98-1e81-403d-bcb4-170ef3797067@group-A2CB2457C7CC-StateMachineUpdater] INFO  safemode.OneReplicaPipelineSafeModeRule (OneReplicaPipelineSafeModeRule.java:initializeRule(176)) - Refreshed Total pipeline count is 0, pipeline's with at least one datanode reported threshold count is 0
2022-08-20 13:50:56,882 [0dda5a98-1e81-403d-bcb4-170ef3797067@group-A2CB2457C7CC-StateMachineUpdater] INFO  server.SCMDatanodeProtocolServer (SCMDatanodeProtocolServer.java:start(186)) - ScmDatanodeProtocol RPC server for DataNodes is listening at /0.0.0.0:45375
2022-08-20 13:50:56,892 [IPC Server listener on 45375] INFO  ipc.Server (Server.java:run(1344)) - IPC Server listener on 45375: starting
2022-08-20 13:50:56,900 [IPC Server Responder] INFO  ipc.Server (Server.java:run(1507)) - IPC Server Responder: starting
2022-08-20 13:50:56,917 [d94a9406-f498-4882-9ec6-2683d96ac94a@group-A2CB2457C7CC-LeaderStateImpl] INFO  server.RaftServer$Division (ServerState.java:setRaftConf(393)) - d94a9406-f498-4882-9ec6-2683d96ac94a@group-A2CB2457C7CC: set configuration 7: [d38852ba-a21f-4434-98b8-bd8171207a1b|rpc:localhost:46665|priority:0, d94a9406-f498-4882-9ec6-2683d96ac94a|rpc:localhost:33885|admin:|client:|dataStream:|priority:0, 0dda5a98-1e81-403d-bcb4-170ef3797067|rpc:localhost:35129|priority:0], old=[d38852ba-a21f-4434-98b8-bd8171207a1b|rpc:localhost:46665|priority:0, d94a9406-f498-4882-9ec6-2683d96ac94a|rpc:localhost:33885|admin:|client:|dataStream:|priority:0]
2022-08-20 13:50:56,921 [d38852ba-a21f-4434-98b8-bd8171207a1b-server-thread1] INFO  server.RaftServer$Division (ServerState.java:setRaftConf(393)) - d38852ba-a21f-4434-98b8-bd8171207a1b@group-A2CB2457C7CC: set configuration 7: [d38852ba-a21f-4434-98b8-bd8171207a1b|rpc:localhost:46665|admin:|client:|dataStream:|priority:0, d94a9406-f498-4882-9ec6-2683d96ac94a|rpc:localhost:33885|admin:|client:|dataStream:|priority:0, 0dda5a98-1e81-403d-bcb4-170ef3797067|rpc:localhost:35129|admin:|client:|dataStream:|priority:0], old=[d38852ba-a21f-4434-98b8-bd8171207a1b|rpc:localhost:46665|admin:|client:|dataStream:|priority:0, d94a9406-f498-4882-9ec6-2683d96ac94a|rpc:localhost:33885|admin:|client:|dataStream:|priority:0]
2022-08-20 13:50:56,926 [0dda5a98-1e81-403d-bcb4-170ef3797067-server-thread1] INFO  server.RaftServer$Division (ServerState.java:setRaftConf(393)) - 0dda5a98-1e81-403d-bcb4-170ef3797067@group-A2CB2457C7CC: set configuration 7: [d38852ba-a21f-4434-98b8-bd8171207a1b|rpc:localhost:46665|admin:|client:|dataStream:|priority:0, d94a9406-f498-4882-9ec6-2683d96ac94a|rpc:localhost:33885|admin:|client:|dataStream:|priority:0, 0dda5a98-1e81-403d-bcb4-170ef3797067|rpc:localhost:35129|admin:|client:|dataStream:|priority:0], old=[d38852ba-a21f-4434-98b8-bd8171207a1b|rpc:localhost:46665|admin:|client:|dataStream:|priority:0, d94a9406-f498-4882-9ec6-2683d96ac94a|rpc:localhost:33885|admin:|client:|dataStream:|priority:0]
2022-08-20 13:50:56,930 [d38852ba-a21f-4434-98b8-bd8171207a1b-server-thread1] INFO  server.RaftServer$Division (ServerState.java:setRaftConf(393)) - d38852ba-a21f-4434-98b8-bd8171207a1b@group-A2CB2457C7CC: set configuration 9: [d38852ba-a21f-4434-98b8-bd8171207a1b|rpc:localhost:46665|admin:|client:|dataStream:|priority:0, d94a9406-f498-4882-9ec6-2683d96ac94a|rpc:localhost:33885|admin:|client:|dataStream:|priority:0, 0dda5a98-1e81-403d-bcb4-170ef3797067|rpc:localhost:35129|admin:|client:|dataStream:|priority:0], old=null
2022-08-20 13:50:56,926 [d94a9406-f498-4882-9ec6-2683d96ac94a@group-A2CB2457C7CC-LeaderStateImpl] INFO  server.RaftServer$Division (ServerState.java:setRaftConf(393)) - d94a9406-f498-4882-9ec6-2683d96ac94a@group-A2CB2457C7CC: set configuration 9: [d38852ba-a21f-4434-98b8-bd8171207a1b|rpc:localhost:46665|priority:0, d94a9406-f498-4882-9ec6-2683d96ac94a|rpc:localhost:33885|admin:|client:|dataStream:|priority:0, 0dda5a98-1e81-403d-bcb4-170ef3797067|rpc:localhost:35129|priority:0], old=null
2022-08-20 13:50:56,940 [0dda5a98-1e81-403d-bcb4-170ef3797067-server-thread1] INFO  server.RaftServer$Division (ServerState.java:setRaftConf(393)) - 0dda5a98-1e81-403d-bcb4-170ef3797067@group-A2CB2457C7CC: set configuration 9: [d38852ba-a21f-4434-98b8-bd8171207a1b|rpc:localhost:46665|admin:|client:|dataStream:|priority:0, d94a9406-f498-4882-9ec6-2683d96ac94a|rpc:localhost:33885|admin:|client:|dataStream:|priority:0, 0dda5a98-1e81-403d-bcb4-170ef3797067|rpc:localhost:35129|admin:|client:|dataStream:|priority:0], old=null
2022-08-20 13:50:56,946 [IPC Server handler 0 on default port 39205] INFO  ha.SCMRatisServerImpl (SCMRatisServerImpl.java:addSCM(309)) - Successfully added new SCM: 0dda5a98-1e81-403d-bcb4-170ef3797067.
2022-08-20 13:50:56,947 [Listener at 0.0.0.0/37261] INFO  ha.SCMHAManagerImpl (SCMHAManagerImpl.java:start(117)) - Successfully added SCM scmNode-3 to group group-A2CB2457C7CC:[d38852ba-a21f-4434-98b8-bd8171207a1b|rpc:localhost:46665|admin:|client:|dataStream:|priority:0, d94a9406-f498-4882-9ec6-2683d96ac94a|rpc:localhost:33885|admin:|client:|dataStream:|priority:0, 0dda5a98-1e81-403d-bcb4-170ef3797067|rpc:localhost:35129|admin:|client:|dataStream:|priority:0]
2022-08-20 13:50:56,956 [Listener at 0.0.0.0/37261] INFO  ha.InterSCMGrpcService (InterSCMGrpcProtocolService.java:start(94)) - Starting SCM Grpc Service at port 44197
2022-08-20 13:50:56,961 [Listener at 0.0.0.0/37261] INFO  impl.MetricsSystemImpl (MetricsSystemImpl.java:init(158)) - StorageContainerManager metrics system started (again)
2022-08-20 13:50:56,984 [Listener at 0.0.0.0/37261] INFO  server.SCMClientProtocolServer (SCMClientProtocolServer.java:start(170)) - RPC server for Client  is listening at /0.0.0.0:37261
2022-08-20 13:50:56,984 [IPC Server Responder] INFO  ipc.Server (Server.java:run(1507)) - IPC Server Responder: starting
2022-08-20 13:50:56,984 [IPC Server listener on 37261] INFO  ipc.Server (Server.java:run(1344)) - IPC Server listener on 37261: starting
2022-08-20 13:50:56,986 [Listener at 0.0.0.0/37261] INFO  server.StorageContainerManager (StorageContainerManager.java:start(1475)) - ScmBlockLocationProtocol RPC server is listening at /0.0.0.0:41191
2022-08-20 13:50:56,987 [Listener at 0.0.0.0/37261] INFO  server.SCMBlockProtocolServer (SCMBlockProtocolServer.java:start(152)) - RPC server for Block Protocol is listening at /0.0.0.0:41191
2022-08-20 13:50:56,987 [IPC Server Responder] INFO  ipc.Server (Server.java:run(1507)) - IPC Server Responder: starting
2022-08-20 13:50:56,987 [IPC Server listener on 41191] INFO  ipc.Server (Server.java:run(1344)) - IPC Server listener on 41191: starting
2022-08-20 13:50:57,000 [org.apache.hadoop.util.JvmPauseMonitor$Monitor@7b60933e] INFO  util.JvmPauseMonitor (JvmPauseMonitor.java:run(188)) - Starting JVM pause monitor
2022-08-20 13:50:57,001 [Listener at 0.0.0.0/37261] INFO  http.BaseHttpServer (BaseHttpServer.java:newHttpServer2BuilderForOzone(209)) - Starting Web-server for scm at: http://0.0.0.0:37435
2022-08-20 13:50:57,001 [Listener at 0.0.0.0/37261] INFO  http.BaseHttpServer (BaseHttpServer.java:<init>(107)) - Hadoop Security Enabled: false Ozone Security Enabled: false Ozone HTTP Security Enabled: false 
2022-08-20 13:50:57,002 [Listener at 0.0.0.0/37261] INFO  server.AuthenticationFilter (AuthenticationFilter.java:constructSecretProvider(240)) - Unable to initialize FileSignerSecretProvider, falling back to use random secrets.
2022-08-20 13:50:57,003 [Listener at 0.0.0.0/37261] WARN  http.HttpRequestLog (HttpRequestLog.java:getRequestLog(103)) - Jetty request log can only be enabled using Log4j
2022-08-20 13:50:57,004 [Listener at 0.0.0.0/37261] INFO  http.HttpServer2 (HttpServer2.java:addGlobalFilter(1029)) - Added global filter 'safety' (class=org.apache.hadoop.hdds.server.http.HttpServer2$QuotingInputFilter)
2022-08-20 13:50:57,005 [Listener at 0.0.0.0/37261] INFO  http.HttpServer2 (HttpServer2.java:addFilter(1005)) - Added filter static_user_filter (class=org.apache.hadoop.http.lib.StaticUserWebFilter$StaticUserFilter) to context scm
2022-08-20 13:50:57,005 [Listener at 0.0.0.0/37261] INFO  http.HttpServer2 (HttpServer2.java:addFilter(1013)) - Added filter static_user_filter (class=org.apache.hadoop.http.lib.StaticUserWebFilter$StaticUserFilter) to context logs
2022-08-20 13:50:57,005 [Listener at 0.0.0.0/37261] INFO  http.HttpServer2 (HttpServer2.java:addFilter(1013)) - Added filter static_user_filter (class=org.apache.hadoop.http.lib.StaticUserWebFilter$StaticUserFilter) to context static
2022-08-20 13:50:57,006 [Listener at 0.0.0.0/37261] INFO  http.HttpServer2 (HttpServer2.java:bindListener(1248)) - Jetty bound to port 37435
2022-08-20 13:50:57,006 [Listener at 0.0.0.0/37261] INFO  server.Server (Server.java:doStart(375)) - jetty-9.4.43.v20210629; built: 2021-06-30T11:07:22.254Z; git: 526006ecfa3af7f1a27ef3a288e2bef7ea9dd7e8; jvm 1.8.0_332-b09
2022-08-20 13:50:57,011 [Listener at 0.0.0.0/37261] INFO  server.session (DefaultSessionIdManager.java:doStart(334)) - DefaultSessionIdManager workerName=node0
2022-08-20 13:50:57,011 [Listener at 0.0.0.0/37261] INFO  server.session (DefaultSessionIdManager.java:doStart(339)) - No SessionScavenger set, using defaults
2022-08-20 13:50:57,011 [Listener at 0.0.0.0/37261] INFO  server.session (HouseKeeper.java:startScavenging(132)) - node0 Scavenging every 600000ms
2022-08-20 13:50:57,012 [Listener at 0.0.0.0/37261] INFO  handler.ContextHandler (ContextHandler.java:doStart(915)) - Started o.e.j.s.ServletContextHandler@350c668b{logs,/logs,file:///home/runner/work/ozone/ozone/hadoop-ozone/integration-test/target/log,AVAILABLE}
2022-08-20 13:50:57,012 [Listener at 0.0.0.0/37261] INFO  handler.ContextHandler (ContextHandler.java:doStart(915)) - Started o.e.j.s.ServletContextHandler@32e80f15{static,/static,file:///home/runner/work/ozone/ozone/hadoop-ozone/integration-test/target/test-classes/webapps/static,AVAILABLE}
2022-08-20 13:50:57,016 [Listener at 0.0.0.0/37261] INFO  handler.ContextHandler (ContextHandler.java:doStart(915)) - Started o.e.j.w.WebAppContext@82a08d9{scm,/,file:///home/runner/work/ozone/ozone/hadoop-ozone/integration-test/target/test-classes/webapps/scm/,AVAILABLE}{file:/home/runner/work/ozone/ozone/hadoop-ozone/integration-test/target/test-classes/webapps/scm}
2022-08-20 13:50:57,017 [Listener at 0.0.0.0/37261] INFO  server.AbstractConnector (AbstractConnector.java:doStart(331)) - Started ServerConnector@6ca04112{HTTP/1.1, (http/1.1)}{0.0.0.0:37435}
2022-08-20 13:50:57,017 [Listener at 0.0.0.0/37261] INFO  server.Server (Server.java:doStart(415)) - Started @21261ms
2022-08-20 13:50:57,017 [Listener at 0.0.0.0/37261] WARN  impl.MetricsSystemImpl (MetricsSystemImpl.java:register(279)) - Sink prometheus already exists!
2022-08-20 13:50:57,018 [Listener at 0.0.0.0/37261] INFO  http.BaseHttpServer (BaseHttpServer.java:updateConnectorAddress(329)) - HTTP server of scm listening at http://0.0.0.0:37435
2022-08-20 13:50:57,018 [Listener at 0.0.0.0/37261] INFO  ozone.MiniOzoneHAClusterImpl (MiniOzoneHAClusterImpl.java:createSCMService(606)) - Started SCM RPC server at /0.0.0.0:37261
2022-08-20 13:50:57,068 [Listener at 0.0.0.0/37261] INFO  audit.AuditLogger (AuditLogger.java:refreshDebugCmdSet(126)) - Refresh DebugCmdSet for OMAudit to [].
2022-08-20 13:50:57,143 [Listener at 0.0.0.0/37261] INFO  ha.OMHANodeDetails (OMHANodeDetails.java:loadOMHAConfig(121)) - ServiceID for OzoneManager is omServiceId1
2022-08-20 13:50:57,148 [Listener at 0.0.0.0/37261] INFO  ha.OMHANodeDetails (OMHANodeDetails.java:loadOMHAConfig(201)) - Found matching OM address with OMServiceId: omServiceId1, OMNodeId: omNode-1, RPC Address: localhost:33373 and Ratis port: 39569
2022-08-20 13:50:57,148 [Listener at 0.0.0.0/37261] INFO  ha.OMHANodeDetails (ConfUtils.java:setNodeSpecificConfigs(97)) - Setting configuration key ozone.om.http-address with value of key ozone.om.http-address.omServiceId1.omNode-1: 127.0.0.1:39181
2022-08-20 13:50:57,148 [Listener at 0.0.0.0/37261] INFO  ha.OMHANodeDetails (ConfUtils.java:setNodeSpecificConfigs(97)) - Setting configuration key ozone.om.https-address with value of key ozone.om.https-address.omServiceId1.omNode-1: 127.0.0.1:32827
2022-08-20 13:50:57,148 [Listener at 0.0.0.0/37261] INFO  ha.OMHANodeDetails (ConfUtils.java:setNodeSpecificConfigs(97)) - Setting configuration key ozone.om.address with value of key ozone.om.address.omServiceId1.omNode-1: 127.0.0.1:33373
2022-08-20 13:50:57,149 [Listener at 0.0.0.0/37261] WARN  server.ServerUtils (ServerUtils.java:getDBPath(225)) - ozone.om.db.dirs is not configured. We recommend adding this setting. Falling back to ozone.metadata.dirs instead.
2022-08-20 13:50:57,152 [Listener at 0.0.0.0/37261] INFO  ha.SCMNodeInfo (SCMNodeInfo.java:getPort(197)) - ConfigKey ozone.scm.client.address is deprecated, For configuring different ports for each SCM use PortConfigKey ozone.scm.client.port appended with serviceId and nodeId
2022-08-20 13:50:57,153 [Listener at 0.0.0.0/37261] INFO  ha.SCMNodeInfo (SCMNodeInfo.java:getPort(197)) - ConfigKey ozone.scm.block.client.address is deprecated, For configuring different ports for each SCM use PortConfigKey ozone.scm.block.client.port appended with serviceId and nodeId
2022-08-20 13:50:57,153 [Listener at 0.0.0.0/37261] INFO  ha.SCMNodeInfo (SCMNodeInfo.java:getPort(197)) - ConfigKey ozone.scm.datanode.address is deprecated, For configuring different ports for each SCM use PortConfigKey ozone.scm.datanode.port appended with serviceId and nodeId
2022-08-20 13:50:57,153 [Listener at 0.0.0.0/37261] INFO  ha.SCMNodeInfo (SCMNodeInfo.java:getPort(197)) - ConfigKey ozone.scm.client.address is deprecated, For configuring different ports for each SCM use PortConfigKey ozone.scm.client.port appended with serviceId and nodeId
2022-08-20 13:50:57,153 [Listener at 0.0.0.0/37261] INFO  ha.SCMNodeInfo (SCMNodeInfo.java:getPort(197)) - ConfigKey ozone.scm.block.client.address is deprecated, For configuring different ports for each SCM use PortConfigKey ozone.scm.block.client.port appended with serviceId and nodeId
2022-08-20 13:50:57,153 [Listener at 0.0.0.0/37261] INFO  ha.SCMNodeInfo (SCMNodeInfo.java:getPort(197)) - ConfigKey ozone.scm.datanode.address is deprecated, For configuring different ports for each SCM use PortConfigKey ozone.scm.datanode.port appended with serviceId and nodeId
2022-08-20 13:50:57,153 [Listener at 0.0.0.0/37261] INFO  ha.SCMNodeInfo (SCMNodeInfo.java:getPort(197)) - ConfigKey ozone.scm.client.address is deprecated, For configuring different ports for each SCM use PortConfigKey ozone.scm.client.port appended with serviceId and nodeId
2022-08-20 13:50:57,153 [Listener at 0.0.0.0/37261] INFO  ha.SCMNodeInfo (SCMNodeInfo.java:getPort(197)) - ConfigKey ozone.scm.block.client.address is deprecated, For configuring different ports for each SCM use PortConfigKey ozone.scm.block.client.port appended with serviceId and nodeId
2022-08-20 13:50:57,153 [Listener at 0.0.0.0/37261] INFO  ha.SCMNodeInfo (SCMNodeInfo.java:getPort(197)) - ConfigKey ozone.scm.datanode.address is deprecated, For configuring different ports for each SCM use PortConfigKey ozone.scm.datanode.port appended with serviceId and nodeId
2022-08-20 13:50:57,153 [Listener at 0.0.0.0/37261] INFO  proxy.SCMBlockLocationFailoverProxyProvider (SCMBlockLocationFailoverProxyProvider.java:<init>(114)) - Created block location fail-over proxy with 3 nodes: [nodeId=scmNode-2,nodeAddress=/127.0.0.1:41033, nodeId=scmNode-3,nodeAddress=/127.0.0.1:41191, nodeId=scmNode-1,nodeAddress=/127.0.0.1:39205]
OM initialization succeeded.Current cluster id for sd=/home/runner/work/ozone/ozone/hadoop-ozone/integration-test/target/test-dir/MiniOzoneClusterImpl-1d33bde5-c0a1-446c-b0a2-a2cb2457c7cc/omNode-1/om;cid=1d33bde5-c0a1-446c-b0a2-a2cb2457c7cc;layoutVersion=3
2022-08-20 13:50:57,174 [Listener at 0.0.0.0/37261] INFO  ha.OMHANodeDetails (OMHANodeDetails.java:loadOMHAConfig(121)) - ServiceID for OzoneManager is omServiceId1
2022-08-20 13:50:57,176 [Listener at 0.0.0.0/37261] INFO  ha.OMHANodeDetails (OMHANodeDetails.java:loadOMHAConfig(201)) - Found matching OM address with OMServiceId: omServiceId1, OMNodeId: omNode-1, RPC Address: localhost:33373 and Ratis port: 39569
2022-08-20 13:50:57,176 [Listener at 0.0.0.0/37261] INFO  ha.OMHANodeDetails (ConfUtils.java:setNodeSpecificConfigs(97)) - Setting configuration key ozone.om.http-address with value of key ozone.om.http-address.omServiceId1.omNode-1: 127.0.0.1:39181
2022-08-20 13:50:57,176 [Listener at 0.0.0.0/37261] INFO  ha.OMHANodeDetails (ConfUtils.java:setNodeSpecificConfigs(97)) - Setting configuration key ozone.om.https-address with value of key ozone.om.https-address.omServiceId1.omNode-1: 127.0.0.1:32827
2022-08-20 13:50:57,176 [Listener at 0.0.0.0/37261] INFO  ha.OMHANodeDetails (ConfUtils.java:setNodeSpecificConfigs(97)) - Setting configuration key ozone.om.address with value of key ozone.om.address.omServiceId1.omNode-1: 127.0.0.1:33373
2022-08-20 13:50:57,176 [Listener at 0.0.0.0/37261] WARN  server.ServerUtils (ServerUtils.java:getDBPath(225)) - ozone.om.db.dirs is not configured. We recommend adding this setting. Falling back to ozone.metadata.dirs instead.
2022-08-20 13:50:57,178 [Listener at 0.0.0.0/37261] INFO  upgrade.AbstractLayoutVersionManager (AbstractLayoutVersionManager.java:init(83)) - Initializing Layout version manager with metadata layout = MULTITENANCY_SCHEMA (version = 3), software layout = MULTITENANCY_SCHEMA (version = 3)
2022-08-20 13:50:57,265 [Listener at 0.0.0.0/37261] INFO  reflections.Reflections (Reflections.java:scan(232)) - Reflections took 81 ms to scan 2 urls, producing 153 keys and 427 values [using 2 cores]
2022-08-20 13:50:57,270 [Listener at 0.0.0.0/37261] INFO  upgrade.OMLayoutVersionManager (OMLayoutVersionManager.java:lambda$0(115)) - Skipping Upgrade Action MockOmUpgradeAction since it has been finalized.
2022-08-20 13:50:57,271 [Listener at 0.0.0.0/37261] WARN  server.ServerUtils (ServerUtils.java:getDBPath(225)) - ozone.om.db.dirs is not configured. We recommend adding this setting. Falling back to ozone.metadata.dirs instead.
2022-08-20 13:50:57,291 [Listener at 0.0.0.0/37261] INFO  ha.SCMNodeInfo (SCMNodeInfo.java:getPort(197)) - ConfigKey ozone.scm.client.address is deprecated, For configuring different ports for each SCM use PortConfigKey ozone.scm.client.port appended with serviceId and nodeId
2022-08-20 13:50:57,291 [Listener at 0.0.0.0/37261] INFO  ha.SCMNodeInfo (SCMNodeInfo.java:getPort(197)) - ConfigKey ozone.scm.block.client.address is deprecated, For configuring different ports for each SCM use PortConfigKey ozone.scm.block.client.port appended with serviceId and nodeId
2022-08-20 13:50:57,291 [Listener at 0.0.0.0/37261] INFO  ha.SCMNodeInfo (SCMNodeInfo.java:getPort(197)) - ConfigKey ozone.scm.datanode.address is deprecated, For configuring different ports for each SCM use PortConfigKey ozone.scm.datanode.port appended with serviceId and nodeId
2022-08-20 13:50:57,291 [Listener at 0.0.0.0/37261] INFO  ha.SCMNodeInfo (SCMNodeInfo.java:getPort(197)) - ConfigKey ozone.scm.client.address is deprecated, For configuring different ports for each SCM use PortConfigKey ozone.scm.client.port appended with serviceId and nodeId
2022-08-20 13:50:57,291 [Listener at 0.0.0.0/37261] INFO  ha.SCMNodeInfo (SCMNodeInfo.java:getPort(197)) - ConfigKey ozone.scm.block.client.address is deprecated, For configuring different ports for each SCM use PortConfigKey ozone.scm.block.client.port appended with serviceId and nodeId
2022-08-20 13:50:57,291 [Listener at 0.0.0.0/37261] INFO  ha.SCMNodeInfo (SCMNodeInfo.java:getPort(197)) - ConfigKey ozone.scm.datanode.address is deprecated, For configuring different ports for each SCM use PortConfigKey ozone.scm.datanode.port appended with serviceId and nodeId
2022-08-20 13:50:57,291 [Listener at 0.0.0.0/37261] INFO  ha.SCMNodeInfo (SCMNodeInfo.java:getPort(197)) - ConfigKey ozone.scm.client.address is deprecated, For configuring different ports for each SCM use PortConfigKey ozone.scm.client.port appended with serviceId and nodeId
2022-08-20 13:50:57,291 [Listener at 0.0.0.0/37261] INFO  ha.SCMNodeInfo (SCMNodeInfo.java:getPort(197)) - ConfigKey ozone.scm.block.client.address is deprecated, For configuring different ports for each SCM use PortConfigKey ozone.scm.block.client.port appended with serviceId and nodeId
2022-08-20 13:50:57,291 [Listener at 0.0.0.0/37261] INFO  ha.SCMNodeInfo (SCMNodeInfo.java:getPort(197)) - ConfigKey ozone.scm.datanode.address is deprecated, For configuring different ports for each SCM use PortConfigKey ozone.scm.datanode.port appended with serviceId and nodeId
2022-08-20 13:50:57,453 [Listener at 0.0.0.0/37261] INFO  ha.SCMNodeInfo (SCMNodeInfo.java:getPort(197)) - ConfigKey ozone.scm.client.address is deprecated, For configuring different ports for each SCM use PortConfigKey ozone.scm.client.port appended with serviceId and nodeId
2022-08-20 13:50:57,454 [Listener at 0.0.0.0/37261] INFO  ha.SCMNodeInfo (SCMNodeInfo.java:getPort(197)) - ConfigKey ozone.scm.block.client.address is deprecated, For configuring different ports for each SCM use PortConfigKey ozone.scm.block.client.port appended with serviceId and nodeId
2022-08-20 13:50:57,454 [Listener at 0.0.0.0/37261] INFO  ha.SCMNodeInfo (SCMNodeInfo.java:getPort(197)) - ConfigKey ozone.scm.datanode.address is deprecated, For configuring different ports for each SCM use PortConfigKey ozone.scm.datanode.port appended with serviceId and nodeId
2022-08-20 13:50:57,454 [Listener at 0.0.0.0/37261] INFO  ha.SCMNodeInfo (SCMNodeInfo.java:getPort(197)) - ConfigKey ozone.scm.client.address is deprecated, For configuring different ports for each SCM use PortConfigKey ozone.scm.client.port appended with serviceId and nodeId
2022-08-20 13:50:57,454 [Listener at 0.0.0.0/37261] INFO  ha.SCMNodeInfo (SCMNodeInfo.java:getPort(197)) - ConfigKey ozone.scm.block.client.address is deprecated, For configuring different ports for each SCM use PortConfigKey ozone.scm.block.client.port appended with serviceId and nodeId
2022-08-20 13:50:57,454 [Listener at 0.0.0.0/37261] INFO  ha.SCMNodeInfo (SCMNodeInfo.java:getPort(197)) - ConfigKey ozone.scm.datanode.address is deprecated, For configuring different ports for each SCM use PortConfigKey ozone.scm.datanode.port appended with serviceId and nodeId
2022-08-20 13:50:57,454 [Listener at 0.0.0.0/37261] INFO  ha.SCMNodeInfo (SCMNodeInfo.java:getPort(197)) - ConfigKey ozone.scm.client.address is deprecated, For configuring different ports for each SCM use PortConfigKey ozone.scm.client.port appended with serviceId and nodeId
2022-08-20 13:50:57,454 [Listener at 0.0.0.0/37261] INFO  ha.SCMNodeInfo (SCMNodeInfo.java:getPort(197)) - ConfigKey ozone.scm.block.client.address is deprecated, For configuring different ports for each SCM use PortConfigKey ozone.scm.block.client.port appended with serviceId and nodeId
2022-08-20 13:50:57,454 [Listener at 0.0.0.0/37261] INFO  ha.SCMNodeInfo (SCMNodeInfo.java:getPort(197)) - ConfigKey ozone.scm.datanode.address is deprecated, For configuring different ports for each SCM use PortConfigKey ozone.scm.datanode.port appended with serviceId and nodeId
2022-08-20 13:50:57,454 [Listener at 0.0.0.0/37261] INFO  proxy.SCMBlockLocationFailoverProxyProvider (SCMBlockLocationFailoverProxyProvider.java:<init>(114)) - Created block location fail-over proxy with 3 nodes: [nodeId=scmNode-2,nodeAddress=/127.0.0.1:41033, nodeId=scmNode-3,nodeAddress=/127.0.0.1:41191, nodeId=scmNode-1,nodeAddress=/127.0.0.1:39205]
2022-08-20 13:50:57,456 [Listener at 0.0.0.0/37261] INFO  ha.SCMNodeInfo (SCMNodeInfo.java:getPort(197)) - ConfigKey ozone.scm.client.address is deprecated, For configuring different ports for each SCM use PortConfigKey ozone.scm.client.port appended with serviceId and nodeId
2022-08-20 13:50:57,456 [Listener at 0.0.0.0/37261] INFO  ha.SCMNodeInfo (SCMNodeInfo.java:getPort(197)) - ConfigKey ozone.scm.block.client.address is deprecated, For configuring different ports for each SCM use PortConfigKey ozone.scm.block.client.port appended with serviceId and nodeId
2022-08-20 13:50:57,457 [Listener at 0.0.0.0/37261] INFO  ha.SCMNodeInfo (SCMNodeInfo.java:getPort(197)) - ConfigKey ozone.scm.datanode.address is deprecated, For configuring different ports for each SCM use PortConfigKey ozone.scm.datanode.port appended with serviceId and nodeId
2022-08-20 13:50:57,457 [Listener at 0.0.0.0/37261] INFO  ha.SCMNodeInfo (SCMNodeInfo.java:getPort(197)) - ConfigKey ozone.scm.client.address is deprecated, For configuring different ports for each SCM use PortConfigKey ozone.scm.client.port appended with serviceId and nodeId
2022-08-20 13:50:57,457 [Listener at 0.0.0.0/37261] INFO  ha.SCMNodeInfo (SCMNodeInfo.java:getPort(197)) - ConfigKey ozone.scm.block.client.address is deprecated, For configuring different ports for each SCM use PortConfigKey ozone.scm.block.client.port appended with serviceId and nodeId
2022-08-20 13:50:57,457 [Listener at 0.0.0.0/37261] INFO  ha.SCMNodeInfo (SCMNodeInfo.java:getPort(197)) - ConfigKey ozone.scm.datanode.address is deprecated, For configuring different ports for each SCM use PortConfigKey ozone.scm.datanode.port appended with serviceId and nodeId
2022-08-20 13:50:57,457 [Listener at 0.0.0.0/37261] INFO  ha.SCMNodeInfo (SCMNodeInfo.java:getPort(197)) - ConfigKey ozone.scm.client.address is deprecated, For configuring different ports for each SCM use PortConfigKey ozone.scm.client.port appended with serviceId and nodeId
2022-08-20 13:50:57,457 [Listener at 0.0.0.0/37261] INFO  ha.SCMNodeInfo (SCMNodeInfo.java:getPort(197)) - ConfigKey ozone.scm.block.client.address is deprecated, For configuring different ports for each SCM use PortConfigKey ozone.scm.block.client.port appended with serviceId and nodeId
2022-08-20 13:50:57,457 [Listener at 0.0.0.0/37261] INFO  ha.SCMNodeInfo (SCMNodeInfo.java:getPort(197)) - ConfigKey ozone.scm.datanode.address is deprecated, For configuring different ports for each SCM use PortConfigKey ozone.scm.datanode.port appended with serviceId and nodeId
2022-08-20 13:50:57,457 [Listener at 0.0.0.0/37261] INFO  proxy.SCMBlockLocationFailoverProxyProvider (SCMBlockLocationFailoverProxyProvider.java:<init>(114)) - Created block location fail-over proxy with 3 nodes: [nodeId=scmNode-2,nodeAddress=/127.0.0.1:41033, nodeId=scmNode-3,nodeAddress=/127.0.0.1:41191, nodeId=scmNode-1,nodeAddress=/127.0.0.1:39205]
2022-08-20 13:50:57,488 [Listener at 0.0.0.0/37261] WARN  server.ServerUtils (ServerUtils.java:getDBPath(225)) - ozone.om.db.dirs is not configured. We recommend adding this setting. Falling back to ozone.metadata.dirs instead.
2022-08-20 13:50:57,495 [Listener at 0.0.0.0/37261] INFO  codec.OmKeyInfoCodec (OmKeyInfoCodec.java:<init>(49)) - OmKeyInfoCodec ignorePipeline = true
2022-08-20 13:50:57,496 [Listener at 0.0.0.0/37261] INFO  codec.RepeatedOmKeyInfoCodec (RepeatedOmKeyInfoCodec.java:<init>(41)) - RepeatedOmKeyInfoCodec ignorePipeline = true
2022-08-20 13:50:57,655 [Listener at 0.0.0.0/37261] INFO  om.OzoneManager (OzoneManager.java:instantiateServices(697)) - S3 Multi-Tenancy is disabled
2022-08-20 13:50:57,748 [Listener at 0.0.0.0/37261] INFO  om.OzoneManager (OzoneManager.java:addS3GVolumeToDB(4309)) - Created Volume s3v With Owner runner required for S3Gateway operations.
2022-08-20 13:50:57,803 [Listener at 0.0.0.0/37261] WARN  server.ServerUtils (ServerUtils.java:getDefaultRatisDirectory(237)) - Storage directory for Ratis is not configured. It is a good idea to map this to an SSD disk. Falling back to ozone.metadata.dirs
2022-08-20 13:50:57,804 [Listener at 0.0.0.0/37261] WARN  utils.OzoneManagerRatisUtils (OzoneManagerRatisUtils.java:getOMRatisSnapshotDirectory(434)) - ozone.om.ratis.snapshot.dir is not configured. Falling back to ozone.metadata.dirs config
2022-08-20 13:50:57,810 [Listener at 0.0.0.0/37261] INFO  snapshot.OzoneManagerSnapshotProvider (OzoneManagerSnapshotProvider.java:<init>(76)) - Initializing OM Snapshot Provider
2022-08-20 13:50:57,926 [Listener at 0.0.0.0/37261] WARN  impl.MetricRegistriesImpl (MetricRegistriesImpl.java:addReporterRegistration(111)) - New reporters are added after registries were created. Some metrics will be missing from the reporter. Please add reporter before adding any new registry.
2022-08-20 13:50:57,927 [Listener at 0.0.0.0/37261] WARN  impl.MetricRegistriesImpl (MetricRegistriesImpl.java:addReporterRegistration(111)) - New reporters are added after registries were created. Some metrics will be missing from the reporter. Please add reporter before adding any new registry.
2022-08-20 13:50:57,927 [Listener at 0.0.0.0/37261] WARN  server.ServerUtils (ServerUtils.java:getDefaultRatisDirectory(237)) - Storage directory for Ratis is not configured. It is a good idea to map this to an SSD disk. Falling back to ozone.metadata.dirs
2022-08-20 13:50:57,930 [Listener at 0.0.0.0/37261] INFO  ratis.OzoneManagerRatisServer (OzoneManagerRatisServer.java:<init>(159)) - Instantiating OM Ratis server with groupID: omServiceId1 and peers: localhost:39569, localhost:33775, localhost:41759
2022-08-20 13:50:57,933 [Listener at 0.0.0.0/37261] INFO  ratis.OzoneManagerStateMachine (OzoneManagerStateMachine.java:loadSnapshotInfoFromDB(632)) - LastAppliedIndex is set from TransactionInfo from OM DB as (t:0, i:~)
2022-08-20 13:50:57,967 [Listener at 0.0.0.0/37261] INFO  server.RaftServer (ConfUtils.java:logGet(46)) - raft.rpc.type = GRPC (default)
2022-08-20 13:50:57,967 [Listener at 0.0.0.0/37261] INFO  grpc.GrpcFactory (GrpcFactory.java:checkPooledByteBufAllocatorUseCacheForAllThreads(48)) - PERFORMANCE WARNING: useCacheForAllThreads is true that may cause Netty to create a lot garbage objects and, as a result, trigger GC.
	It is recommended to disable useCacheForAllThreads by setting -Dorg.apache.ratis.thirdparty.io.netty.allocator.useCacheForAllThreads=false in command line.
2022-08-20 13:50:57,967 [Listener at 0.0.0.0/37261] INFO  grpc.GrpcConfigKeys (ConfUtils.java:logGet(46)) - raft.grpc.admin.port = -1 (default)
2022-08-20 13:50:57,967 [Listener at 0.0.0.0/37261] INFO  grpc.GrpcConfigKeys (ConfUtils.java:logGet(46)) - raft.grpc.server.port = 39569 (custom)
2022-08-20 13:50:57,967 [Listener at 0.0.0.0/37261] INFO  grpc.GrpcConfigKeys (ConfUtils.java:logGet(46)) - raft.grpc.client.port = -1 (default)
2022-08-20 13:50:57,967 [Listener at 0.0.0.0/37261] INFO  grpc.GrpcConfigKeys (ConfUtils.java:logGet(46)) - raft.grpc.server.port = 39569 (custom)
2022-08-20 13:50:57,967 [Listener at 0.0.0.0/37261] INFO  grpc.GrpcConfigKeys (ConfUtils.java:logGet(46)) - raft.grpc.server.port = 39569 (custom)
2022-08-20 13:50:57,967 [Listener at 0.0.0.0/37261] INFO  server.GrpcService (ConfUtils.java:logGet(46)) - raft.grpc.message.size.max = 33554432 (custom)
2022-08-20 13:50:57,968 [Listener at 0.0.0.0/37261] INFO  server.RaftServerConfigKeys (ConfUtils.java:logGet(46)) - raft.server.log.appender.buffer.byte-limit = 33554432 (custom)
2022-08-20 13:50:57,968 [Listener at 0.0.0.0/37261] INFO  server.GrpcService (ConfUtils.java:logGet(46)) - raft.grpc.flow.control.window = 1MB (=1048576) (default)
2022-08-20 13:50:57,968 [Listener at 0.0.0.0/37261] INFO  server.RaftServerConfigKeys (ConfUtils.java:logGet(46)) - raft.server.rpc.request.timeout = 3000ms (default)
2022-08-20 13:50:57,968 [Listener at 0.0.0.0/37261] INFO  grpc.GrpcConfigKeys (ConfUtils.java:logGet(46)) - raft.grpc.server.async.request.thread.pool.cached = true (default)
2022-08-20 13:50:57,968 [Listener at 0.0.0.0/37261] INFO  grpc.GrpcConfigKeys (ConfUtils.java:logGet(46)) - raft.grpc.server.async.request.thread.pool.size = 32 (default)
2022-08-20 13:50:57,969 [Listener at 0.0.0.0/37261] INFO  impl.DataStreamServerImpl (ConfUtils.java:logGet(46)) - raft.datastream.type = DISABLED (default)
2022-08-20 13:50:57,969 [Listener at 0.0.0.0/37261] INFO  server.RaftServerConfigKeys (ConfUtils.java:logGet(46)) - raft.server.threadpool.proxy.cached = true (default)
2022-08-20 13:50:57,969 [Listener at 0.0.0.0/37261] INFO  server.RaftServerConfigKeys (ConfUtils.java:logGet(46)) - raft.server.threadpool.proxy.size = 0 (default)
2022-08-20 13:50:57,970 [Listener at 0.0.0.0/37261] INFO  server.RaftServerConfigKeys (ConfUtils.java:logGet(46)) - raft.server.rpc.slowness.timeout = 2s (custom)
2022-08-20 13:50:57,970 [Listener at 0.0.0.0/37261] INFO  server.RaftServerConfigKeys (ConfUtils.java:logGet(46)) - raft.server.leaderelection.leader.step-down.wait-time = 10s (default)
2022-08-20 13:50:57,970 [Listener at 0.0.0.0/37261] INFO  server.RaftServerConfigKeys (ConfUtils.java:logGet(46)) - raft.server.storage.dir = [/home/runner/work/ozone/ozone/hadoop-ozone/integration-test/target/test-dir/MiniOzoneClusterImpl-1d33bde5-c0a1-446c-b0a2-a2cb2457c7cc/omNode-1/ratis] (custom)
2022-08-20 13:50:57,970 [Listener at 0.0.0.0/37261] INFO  server.RaftServer (RaftServerProxy.java:addNew(96)) - omNode-1: addNew group-6C22E66A003A:[omNode-3|rpc:localhost:33775|priority:0, omNode-1|rpc:localhost:39569|priority:0, omNode-2|rpc:localhost:41759|priority:0] returns group-6C22E66A003A:java.util.concurrent.CompletableFuture@3cd70745[Not completed]
2022-08-20 13:50:57,971 [Listener at 0.0.0.0/37261] INFO  om.OzoneManager (OzoneManager.java:initializeRatisServer(1963)) - OzoneManager Ratis server initialized at port 39569
2022-08-20 13:50:57,978 [pool-124-thread-1] INFO  server.RaftServer$Division (RaftServerImpl.java:<init>(190)) - omNode-1: new RaftServerImpl for group-6C22E66A003A:[omNode-3|rpc:localhost:33775|priority:0, omNode-1|rpc:localhost:39569|priority:0, omNode-2|rpc:localhost:41759|priority:0] with OzoneManagerStateMachine:uninitialized
2022-08-20 13:50:57,978 [pool-124-thread-1] INFO  server.RaftServerConfigKeys (ConfUtils.java:logGet(46)) - raft.server.rpc.timeout.min = 1s (custom)
2022-08-20 13:50:57,978 [pool-124-thread-1] INFO  server.RaftServerConfigKeys (ConfUtils.java:logGet(46)) - raft.server.rpc.timeout.max = 1200ms (custom)
2022-08-20 13:50:57,978 [pool-124-thread-1] INFO  server.RaftServerConfigKeys (ConfUtils.java:logGet(46)) - raft.server.rpc.sleep.time = 25ms (default)
2022-08-20 13:50:57,978 [pool-124-thread-1] INFO  server.RaftServerConfigKeys (ConfUtils.java:logGet(46)) - raft.server.rpc.slowness.timeout = 2s (custom)
2022-08-20 13:50:57,978 [pool-124-thread-1] INFO  server.RaftServerConfigKeys (ConfUtils.java:logGet(46)) - raft.server.leaderelection.leader.step-down.wait-time = 10s (default)
2022-08-20 13:50:57,978 [pool-124-thread-1] INFO  server.RaftServerConfigKeys (ConfUtils.java:logGet(46)) - raft.server.sleep.deviation.threshold = 300ms (default)
2022-08-20 13:50:57,978 [pool-124-thread-1] INFO  server.RaftServer$Division (ServerState.java:<init>(107)) - omNode-1@group-6C22E66A003A: ConfigurationManager, init=-1: [omNode-3|rpc:localhost:33775|priority:0, omNode-1|rpc:localhost:39569|priority:0, omNode-2|rpc:localhost:41759|priority:0], old=null, confs=<EMPTY_MAP>
2022-08-20 13:50:57,979 [pool-124-thread-1] INFO  server.RaftServerConfigKeys (ConfUtils.java:logGet(46)) - raft.server.storage.dir = [/home/runner/work/ozone/ozone/hadoop-ozone/integration-test/target/test-dir/MiniOzoneClusterImpl-1d33bde5-c0a1-446c-b0a2-a2cb2457c7cc/omNode-1/ratis] (custom)
2022-08-20 13:50:57,979 [pool-124-thread-1] INFO  server.RaftServerConfigKeys (ConfUtils.java:logGet(46)) - raft.server.log.corruption.policy = EXCEPTION (default)
2022-08-20 13:50:57,979 [pool-124-thread-1] INFO  server.RaftServerConfigKeys (ConfUtils.java:logGet(46)) - raft.server.storage.free-space.min = 0MB (=0) (default)
2022-08-20 13:50:57,979 [pool-124-thread-1] INFO  storage.RaftStorageDirectory (RaftStorageDirectoryImpl.java:analyzeStorage(135)) - The storage directory /home/runner/work/ozone/ozone/hadoop-ozone/integration-test/target/test-dir/MiniOzoneClusterImpl-1d33bde5-c0a1-446c-b0a2-a2cb2457c7cc/omNode-1/ratis/9c9825ce-8ba7-3ee6-a7c3-6c22e66a003a does not exist. Creating ...
2022-08-20 13:50:57,980 [Listener at 0.0.0.0/37261] INFO  om.OzoneManager (OzoneManager.java:getRpcServer(1086)) - Creating RPC Server
2022-08-20 13:50:57,985 [pool-124-thread-1] INFO  storage.RaftStorageDirectory (RaftStorageDirectoryImpl.java:tryLock(230)) - Lock on /home/runner/work/ozone/ozone/hadoop-ozone/integration-test/target/test-dir/MiniOzoneClusterImpl-1d33bde5-c0a1-446c-b0a2-a2cb2457c7cc/omNode-1/ratis/9c9825ce-8ba7-3ee6-a7c3-6c22e66a003a/in_use.lock acquired by nodename 20888@fv-az54-959
2022-08-20 13:50:57,987 [pool-124-thread-1] INFO  storage.RaftStorage (RaftStorageImpl.java:format(89)) - Storage directory /home/runner/work/ozone/ozone/hadoop-ozone/integration-test/target/test-dir/MiniOzoneClusterImpl-1d33bde5-c0a1-446c-b0a2-a2cb2457c7cc/omNode-1/ratis/9c9825ce-8ba7-3ee6-a7c3-6c22e66a003a has been successfully formatted.
2022-08-20 13:50:57,988 [pool-124-thread-1] INFO  server.RaftServerConfigKeys (ConfUtils.java:logGet(46)) - raft.server.notification.no-leader.timeout = 2s (custom)
2022-08-20 13:50:57,988 [pool-124-thread-1] INFO  server.RaftServerConfigKeys (ConfUtils.java:logGet(46)) - raft.server.log.use.memory = false (default)
2022-08-20 13:50:57,988 [pool-124-thread-1] INFO  server.RaftServerConfigKeys (ConfUtils.java:logGet(46)) - raft.server.log.purge.gap = 1000000 (custom)
2022-08-20 13:50:57,989 [pool-124-thread-1] INFO  server.RaftServerConfigKeys (ConfUtils.java:logGet(46)) - raft.server.log.appender.buffer.byte-limit = 33554432 (custom)
2022-08-20 13:50:57,989 [pool-124-thread-1] INFO  server.RaftServerConfigKeys (ConfUtils.java:logGet(46)) - raft.server.log.statemachine.data.read.timeout = 1000ms (default)
2022-08-20 13:50:57,989 [pool-124-thread-1] INFO  server.RaftServerConfigKeys (ConfUtils.java:logGet(46)) - raft.server.log.segment.size.max = 4194304 (custom)
2022-08-20 13:50:57,989 [pool-124-thread-1] INFO  server.RaftServerConfigKeys (ConfUtils.java:logGet(46)) - raft.server.log.segment.cache.num.max = 2 (custom)
2022-08-20 13:50:57,989 [pool-124-thread-1] INFO  server.RaftServerConfigKeys (ConfUtils.java:logGet(46)) - raft.server.log.segment.cache.size.max = 200MB (=209715200) (default)
2022-08-20 13:50:57,989 [pool-124-thread-1] INFO  segmented.SegmentedRaftLogWorker (SegmentedRaftLogWorker.java:<init>(187)) - new omNode-1@group-6C22E66A003A-SegmentedRaftLogWorker for RaftStorageImpl:Storage Directory /home/runner/work/ozone/ozone/hadoop-ozone/integration-test/target/test-dir/MiniOzoneClusterImpl-1d33bde5-c0a1-446c-b0a2-a2cb2457c7cc/omNode-1/ratis/9c9825ce-8ba7-3ee6-a7c3-6c22e66a003a
2022-08-20 13:50:57,989 [pool-124-thread-1] INFO  server.RaftServerConfigKeys (ConfUtils.java:logGet(46)) - raft.server.log.queue.byte-limit = 64MB (=67108864) (default)
2022-08-20 13:50:57,989 [pool-124-thread-1] INFO  server.RaftServerConfigKeys (ConfUtils.java:logGet(46)) - raft.server.log.queue.element-limit = 4096 (default)
2022-08-20 13:50:57,990 [pool-124-thread-1] INFO  server.RaftServerConfigKeys (ConfUtils.java:logGet(46)) - raft.server.log.segment.size.max = 4194304 (custom)
2022-08-20 13:50:57,990 [pool-124-thread-1] INFO  server.RaftServerConfigKeys (ConfUtils.java:logGet(46)) - raft.server.log.preallocated.size = 4194304 (custom)
2022-08-20 13:50:57,990 [pool-124-thread-1] INFO  server.RaftServerConfigKeys (ConfUtils.java:logGet(46)) - raft.server.log.force.sync.num = 128 (default)
2022-08-20 13:50:57,990 [pool-124-thread-1] INFO  server.RaftServerConfigKeys (ConfUtils.java:logGet(46)) - raft.server.log.statemachine.data.sync = true (default)
2022-08-20 13:50:57,990 [pool-124-thread-1] INFO  server.RaftServerConfigKeys (ConfUtils.java:logGet(46)) - raft.server.log.statemachine.data.sync.timeout = 10s (default)
2022-08-20 13:50:57,990 [pool-124-thread-1] INFO  server.RaftServerConfigKeys (ConfUtils.java:logGet(46)) - raft.server.log.statemachine.data.sync.timeout.retry = -1 (default)
2022-08-20 13:50:57,990 [pool-124-thread-1] INFO  server.RaftServerConfigKeys (ConfUtils.java:logGet(46)) - raft.server.log.write.buffer.size = 64KB (=65536) (default)
2022-08-20 13:50:57,991 [pool-124-thread-1] INFO  server.RaftServerConfigKeys (ConfUtils.java:logGet(46)) - raft.server.log.unsafe-flush.enabled = false (default)
2022-08-20 13:50:57,991 [pool-124-thread-1] INFO  server.RaftServerConfigKeys (ConfUtils.java:logGet(46)) - raft.server.log.statemachine.data.caching.enabled = false (default)
2022-08-20 13:50:57,991 [pool-124-thread-1] INFO  segmented.SegmentedRaftLogWorker (SegmentedRaftLogWorker.java:lambda$new$0(135)) - omNode-1@group-6C22E66A003A-SegmentedRaftLogWorker: flushIndex: setUnconditionally 0 -> -1
2022-08-20 13:50:57,991 [pool-124-thread-1] INFO  segmented.SegmentedRaftLogWorker (SegmentedRaftLogWorker.java:lambda$new$0(135)) - omNode-1@group-6C22E66A003A-SegmentedRaftLogWorker: safeCacheEvictIndex: setUnconditionally 0 -> -1
2022-08-20 13:50:57,997 [pool-124-thread-1] INFO  server.RaftServerConfigKeys (ConfUtils.java:logGet(46)) - raft.server.snapshot.auto.trigger.enabled = true (custom)
2022-08-20 13:50:57,997 [pool-124-thread-1] INFO  server.RaftServerConfigKeys (ConfUtils.java:logGet(46)) - raft.server.snapshot.auto.trigger.threshold = 400000 (default)
2022-08-20 13:50:57,997 [pool-124-thread-1] INFO  server.RaftServerConfigKeys (ConfUtils.java:logGet(46)) - raft.server.snapshot.retention.file.num = -1 (default)
2022-08-20 13:50:57,997 [pool-124-thread-1] INFO  server.RaftServerConfigKeys (ConfUtils.java:logGet(46)) - raft.server.log.purge.upto.snapshot.index = true (custom)
2022-08-20 13:50:57,998 [pool-124-thread-1] INFO  server.RaftServerConfigKeys (ConfUtils.java:logGet(46)) - raft.server.retrycache.expirytime = 300s (custom)
2022-08-20 13:50:57,998 [pool-124-thread-1] INFO  server.RaftServerConfigKeys (ConfUtils.java:logGet(46)) - raft.server.retrycache.statistics.expirytime = 100μs (default)
2022-08-20 13:50:57,999 [pool-124-thread-1] INFO  server.RaftServerConfigKeys (ConfUtils.java:logGet(46)) - raft.server.log.appender.install.snapshot.enabled = false (custom)
2022-08-20 13:50:57,999 [pool-124-thread-1] INFO  server.RaftServerConfigKeys (ConfUtils.java:logGet(46)) - raft.server.threadpool.server.cached = true (default)
2022-08-20 13:50:57,999 [pool-124-thread-1] INFO  server.RaftServerConfigKeys (ConfUtils.java:logGet(46)) - raft.server.threadpool.server.size = 0 (default)
2022-08-20 13:50:57,999 [pool-124-thread-1] INFO  server.RaftServerConfigKeys (ConfUtils.java:logGet(46)) - raft.server.threadpool.client.cached = true (default)
2022-08-20 13:50:57,999 [pool-124-thread-1] INFO  server.RaftServerConfigKeys (ConfUtils.java:logGet(46)) - raft.server.threadpool.client.size = 0 (default)
2022-08-20 13:50:58,523 [Listener at 0.0.0.0/37261] INFO  reflections.Reflections (Reflections.java:scan(232)) - Reflections took 507 ms to scan 19 urls, producing 67 keys and 4158 values [using 2 cores]
2022-08-20 13:50:58,685 [Listener at 0.0.0.0/37261] INFO  ipc.CallQueueManager (CallQueueManager.java:<init>(90)) - Using callQueue: class java.util.concurrent.LinkedBlockingQueue, queueCapacity: 2000, scheduler: class org.apache.hadoop.ipc.DefaultRpcScheduler, ipcBackoff: false.
2022-08-20 13:50:58,686 [Socket Reader #1 for port 33373] INFO  ipc.Server (Server.java:run(1265)) - Starting Socket Reader #1 for port 33373
2022-08-20 13:50:58,736 [Listener at 127.0.0.1/33373] INFO  impl.MetricsSystemImpl (MetricsSystemImpl.java:init(158)) - OzoneManager metrics system started (again)
2022-08-20 13:50:58,746 [Listener at 127.0.0.1/33373] INFO  om.OzoneManager (OzoneManager.java:start(1470)) - OzoneManager RPC server is listening at localhost/127.0.0.1:33373
2022-08-20 13:50:58,747 [Listener at 127.0.0.1/33373] INFO  ratis.OzoneManagerRatisServer (OzoneManagerRatisServer.java:start(554)) - Starting OzoneManagerRatisServer omNode-1 at port 39569
2022-08-20 13:50:58,749 [omNode-1-impl-thread1] INFO  server.RaftServer$Division (RaftServerImpl.java:start(310)) - omNode-1@group-6C22E66A003A: start as a follower, conf=-1: [omNode-3|rpc:localhost:33775|priority:0, omNode-1|rpc:localhost:39569|priority:0, omNode-2|rpc:localhost:41759|priority:0], old=null
2022-08-20 13:50:58,749 [omNode-1-impl-thread1] INFO  server.RaftServer$Division (RaftServerImpl.java:setRole(299)) - omNode-1@group-6C22E66A003A: changes role from      null to FOLLOWER at term 0 for startAsFollower
2022-08-20 13:50:58,749 [omNode-1-impl-thread1] INFO  impl.RoleInfo (RoleInfo.java:updateAndGet(139)) - omNode-1: start omNode-1@group-6C22E66A003A-FollowerState
2022-08-20 13:50:58,750 [omNode-1-impl-thread1] INFO  util.JmxRegister (JmxRegister.java:tryRegister(44)) - Successfully registered JMX Bean with object name Ratis:service=RaftServer,group=group-6C22E66A003A,id=omNode-1
2022-08-20 13:50:58,771 [Listener at 127.0.0.1/33373] INFO  server.RaftServer (RaftServerProxy.java:lambda$start$6(382)) - omNode-1: start RPC server
2022-08-20 13:50:58,777 [Listener at 127.0.0.1/33373] INFO  server.GrpcService (GrpcService.java:startImpl(260)) - omNode-1: GrpcService started, listening on 39569
2022-08-20 13:50:58,778 [Listener at 127.0.0.1/33373] INFO  om.OzoneManager (OzoneManager.java:start(1486)) - Version File has different layout version (3) than OM DB (null). That is expected if this OM has never been finalized to a newer layout version.
2022-08-20 13:50:58,780 [org.apache.ratis.util.JvmPauseMonitor$$Lambda$519/858083045@727460c2] INFO  util.JvmPauseMonitor (JvmPauseMonitor.java:run(103)) - JvmPauseMonitor-omNode-1: Started
2022-08-20 13:50:58,795 [Listener at 127.0.0.1/33373] INFO  http.BaseHttpServer (BaseHttpServer.java:newHttpServer2BuilderForOzone(209)) - Starting Web-server for ozoneManager at: http://0.0.0.0:39181
2022-08-20 13:50:58,795 [Listener at 127.0.0.1/33373] INFO  http.BaseHttpServer (BaseHttpServer.java:<init>(107)) - Hadoop Security Enabled: false Ozone Security Enabled: false Ozone HTTP Security Enabled: false 
2022-08-20 13:50:58,797 [Listener at 127.0.0.1/33373] INFO  server.AuthenticationFilter (AuthenticationFilter.java:constructSecretProvider(240)) - Unable to initialize FileSignerSecretProvider, falling back to use random secrets.
2022-08-20 13:50:58,797 [Listener at 127.0.0.1/33373] WARN  http.HttpRequestLog (HttpRequestLog.java:getRequestLog(103)) - Jetty request log can only be enabled using Log4j
2022-08-20 13:50:58,799 [Listener at 127.0.0.1/33373] INFO  http.HttpServer2 (HttpServer2.java:addGlobalFilter(1029)) - Added global filter 'safety' (class=org.apache.hadoop.hdds.server.http.HttpServer2$QuotingInputFilter)
2022-08-20 13:50:58,800 [Listener at 127.0.0.1/33373] INFO  http.HttpServer2 (HttpServer2.java:addFilter(1005)) - Added filter static_user_filter (class=org.apache.hadoop.http.lib.StaticUserWebFilter$StaticUserFilter) to context ozoneManager
2022-08-20 13:50:58,801 [Listener at 127.0.0.1/33373] INFO  http.HttpServer2 (HttpServer2.java:addFilter(1013)) - Added filter static_user_filter (class=org.apache.hadoop.http.lib.StaticUserWebFilter$StaticUserFilter) to context static
2022-08-20 13:50:58,801 [Listener at 127.0.0.1/33373] INFO  http.HttpServer2 (HttpServer2.java:addFilter(1013)) - Added filter static_user_filter (class=org.apache.hadoop.http.lib.StaticUserWebFilter$StaticUserFilter) to context logs
2022-08-20 13:50:58,803 [Listener at 127.0.0.1/33373] INFO  http.HttpServer2 (HttpServer2.java:bindListener(1248)) - Jetty bound to port 39181
2022-08-20 13:50:58,803 [Listener at 127.0.0.1/33373] INFO  server.Server (Server.java:doStart(375)) - jetty-9.4.43.v20210629; built: 2021-06-30T11:07:22.254Z; git: 526006ecfa3af7f1a27ef3a288e2bef7ea9dd7e8; jvm 1.8.0_332-b09
2022-08-20 13:50:58,804 [Listener at 127.0.0.1/33373] INFO  server.session (DefaultSessionIdManager.java:doStart(334)) - DefaultSessionIdManager workerName=node0
2022-08-20 13:50:58,804 [Listener at 127.0.0.1/33373] INFO  server.session (DefaultSessionIdManager.java:doStart(339)) - No SessionScavenger set, using defaults
2022-08-20 13:50:58,804 [Listener at 127.0.0.1/33373] INFO  server.session (HouseKeeper.java:startScavenging(132)) - node0 Scavenging every 660000ms
2022-08-20 13:50:58,807 [Listener at 127.0.0.1/33373] INFO  handler.ContextHandler (ContextHandler.java:doStart(915)) - Started o.e.j.s.ServletContextHandler@5540725d{logs,/logs,file:///home/runner/work/ozone/ozone/hadoop-ozone/integration-test/target/log,AVAILABLE}
2022-08-20 13:50:58,807 [Listener at 127.0.0.1/33373] INFO  handler.ContextHandler (ContextHandler.java:doStart(915)) - Started o.e.j.s.ServletContextHandler@45ee7fcc{static,/static,file:///home/runner/work/ozone/ozone/hadoop-ozone/integration-test/target/test-classes/webapps/static,AVAILABLE}
2022-08-20 13:50:58,811 [Listener at 127.0.0.1/33373] INFO  handler.ContextHandler (ContextHandler.java:doStart(915)) - Started o.e.j.w.WebAppContext@4a22b479{ozoneManager,/,file:///home/runner/work/ozone/ozone/hadoop-ozone/integration-test/target/test-classes/webapps/ozoneManager/,AVAILABLE}{file:/home/runner/work/ozone/ozone/hadoop-ozone/integration-test/target/test-classes/webapps/ozoneManager}
2022-08-20 13:50:58,829 [Listener at 127.0.0.1/33373] INFO  server.AbstractConnector (AbstractConnector.java:doStart(331)) - Started ServerConnector@890795e{HTTP/1.1, (http/1.1)}{0.0.0.0:39181}
2022-08-20 13:50:58,829 [Listener at 127.0.0.1/33373] INFO  server.Server (Server.java:doStart(415)) - Started @23073ms
2022-08-20 13:50:58,829 [Listener at 127.0.0.1/33373] WARN  impl.MetricsSystemImpl (MetricsSystemImpl.java:register(279)) - Sink prometheus already exists!
2022-08-20 13:50:58,830 [Listener at 127.0.0.1/33373] INFO  http.BaseHttpServer (BaseHttpServer.java:updateConnectorAddress(329)) - HTTP server of ozoneManager listening at http://0.0.0.0:39181
2022-08-20 13:50:58,830 [IPC Server Responder] INFO  ipc.Server (Server.java:run(1507)) - IPC Server Responder: starting
2022-08-20 13:50:58,830 [IPC Server listener on 33373] INFO  ipc.Server (Server.java:run(1344)) - IPC Server listener on 33373: starting
2022-08-20 13:50:58,832 [Listener at 127.0.0.1/33373] INFO  om.OzoneManager (OzoneManager.java:startTrashEmptier(1907)) - Trash Interval set to 0. Files deleted won't move to trash
2022-08-20 13:50:58,833 [Listener at 127.0.0.1/33373] INFO  ozone.MiniOzoneHAClusterImpl (MiniOzoneHAClusterImpl.java:createOMService(527)) - Started OzoneManager omNode-1 RPC server at localhost/127.0.0.1:33373
2022-08-20 13:50:58,834 [Listener at 127.0.0.1/33373] INFO  ha.OMHANodeDetails (OMHANodeDetails.java:loadOMHAConfig(121)) - ServiceID for OzoneManager is omServiceId1
2022-08-20 13:50:58,834 [Listener at 127.0.0.1/33373] INFO  ha.OMHANodeDetails (OMHANodeDetails.java:loadOMHAConfig(201)) - Found matching OM address with OMServiceId: omServiceId1, OMNodeId: omNode-2, RPC Address: localhost:46715 and Ratis port: 41759
2022-08-20 13:50:58,834 [Listener at 127.0.0.1/33373] INFO  ha.OMHANodeDetails (ConfUtils.java:setNodeSpecificConfigs(97)) - Setting configuration key ozone.om.http-address with value of key ozone.om.http-address.omServiceId1.omNode-2: 127.0.0.1:34549
2022-08-20 13:50:58,834 [Listener at 127.0.0.1/33373] INFO  ha.OMHANodeDetails (ConfUtils.java:setNodeSpecificConfigs(97)) - Setting configuration key ozone.om.https-address with value of key ozone.om.https-address.omServiceId1.omNode-2: 127.0.0.1:41009
2022-08-20 13:50:58,834 [Listener at 127.0.0.1/33373] INFO  ha.OMHANodeDetails (ConfUtils.java:setNodeSpecificConfigs(97)) - Setting configuration key ozone.om.address with value of key ozone.om.address.omServiceId1.omNode-2: 127.0.0.1:46715
2022-08-20 13:50:58,834 [Listener at 127.0.0.1/33373] WARN  server.ServerUtils (ServerUtils.java:getDBPath(225)) - ozone.om.db.dirs is not configured. We recommend adding this setting. Falling back to ozone.metadata.dirs instead.
2022-08-20 13:50:58,849 [Listener at 127.0.0.1/33373] INFO  ha.SCMNodeInfo (SCMNodeInfo.java:getPort(197)) - ConfigKey ozone.scm.client.address is deprecated, For configuring different ports for each SCM use PortConfigKey ozone.scm.client.port appended with serviceId and nodeId
2022-08-20 13:50:58,849 [Listener at 127.0.0.1/33373] INFO  ha.SCMNodeInfo (SCMNodeInfo.java:getPort(197)) - ConfigKey ozone.scm.block.client.address is deprecated, For configuring different ports for each SCM use PortConfigKey ozone.scm.block.client.port appended with serviceId and nodeId
2022-08-20 13:50:58,849 [Listener at 127.0.0.1/33373] INFO  ha.SCMNodeInfo (SCMNodeInfo.java:getPort(197)) - ConfigKey ozone.scm.datanode.address is deprecated, For configuring different ports for each SCM use PortConfigKey ozone.scm.datanode.port appended with serviceId and nodeId
2022-08-20 13:50:58,849 [Listener at 127.0.0.1/33373] INFO  ha.SCMNodeInfo (SCMNodeInfo.java:getPort(197)) - ConfigKey ozone.scm.client.address is deprecated, For configuring different ports for each SCM use PortConfigKey ozone.scm.client.port appended with serviceId and nodeId
2022-08-20 13:50:58,849 [Listener at 127.0.0.1/33373] INFO  ha.SCMNodeInfo (SCMNodeInfo.java:getPort(197)) - ConfigKey ozone.scm.block.client.address is deprecated, For configuring different ports for each SCM use PortConfigKey ozone.scm.block.client.port appended with serviceId and nodeId
2022-08-20 13:50:58,849 [org.apache.hadoop.util.JvmPauseMonitor$Monitor@ab56cc0] INFO  util.JvmPauseMonitor (JvmPauseMonitor.java:run(188)) - Starting JVM pause monitor
2022-08-20 13:50:58,850 [Listener at 127.0.0.1/33373] INFO  ha.SCMNodeInfo (SCMNodeInfo.java:getPort(197)) - ConfigKey ozone.scm.datanode.address is deprecated, For configuring different ports for each SCM use PortConfigKey ozone.scm.datanode.port appended with serviceId and nodeId
2022-08-20 13:50:58,850 [Listener at 127.0.0.1/33373] INFO  ha.SCMNodeInfo (SCMNodeInfo.java:getPort(197)) - ConfigKey ozone.scm.client.address is deprecated, For configuring different ports for each SCM use PortConfigKey ozone.scm.client.port appended with serviceId and nodeId
2022-08-20 13:50:58,850 [Listener at 127.0.0.1/33373] INFO  ha.SCMNodeInfo (SCMNodeInfo.java:getPort(197)) - ConfigKey ozone.scm.block.client.address is deprecated, For configuring different ports for each SCM use PortConfigKey ozone.scm.block.client.port appended with serviceId and nodeId
2022-08-20 13:50:58,850 [Listener at 127.0.0.1/33373] INFO  ha.SCMNodeInfo (SCMNodeInfo.java:getPort(197)) - ConfigKey ozone.scm.datanode.address is deprecated, For configuring different ports for each SCM use PortConfigKey ozone.scm.datanode.port appended with serviceId and nodeId
2022-08-20 13:50:58,850 [Listener at 127.0.0.1/33373] INFO  proxy.SCMBlockLocationFailoverProxyProvider (SCMBlockLocationFailoverProxyProvider.java:<init>(114)) - Created block location fail-over proxy with 3 nodes: [nodeId=scmNode-2,nodeAddress=/127.0.0.1:41033, nodeId=scmNode-3,nodeAddress=/127.0.0.1:41191, nodeId=scmNode-1,nodeAddress=/127.0.0.1:39205]
OM initialization succeeded.Current cluster id for sd=/home/runner/work/ozone/ozone/hadoop-ozone/integration-test/target/test-dir/MiniOzoneClusterImpl-1d33bde5-c0a1-446c-b0a2-a2cb2457c7cc/omNode-2/om;cid=1d33bde5-c0a1-446c-b0a2-a2cb2457c7cc;layoutVersion=3
2022-08-20 13:50:58,861 [Listener at 127.0.0.1/33373] INFO  ha.OMHANodeDetails (OMHANodeDetails.java:loadOMHAConfig(121)) - ServiceID for OzoneManager is omServiceId1
2022-08-20 13:50:58,862 [Listener at 127.0.0.1/33373] INFO  ha.OMHANodeDetails (OMHANodeDetails.java:loadOMHAConfig(201)) - Found matching OM address with OMServiceId: omServiceId1, OMNodeId: omNode-2, RPC Address: localhost:46715 and Ratis port: 41759
2022-08-20 13:50:58,862 [Listener at 127.0.0.1/33373] INFO  ha.OMHANodeDetails (ConfUtils.java:setNodeSpecificConfigs(97)) - Setting configuration key ozone.om.http-address with value of key ozone.om.http-address.omServiceId1.omNode-2: 127.0.0.1:34549
2022-08-20 13:50:58,862 [Listener at 127.0.0.1/33373] INFO  ha.OMHANodeDetails (ConfUtils.java:setNodeSpecificConfigs(97)) - Setting configuration key ozone.om.https-address with value of key ozone.om.https-address.omServiceId1.omNode-2: 127.0.0.1:41009
2022-08-20 13:50:58,862 [Listener at 127.0.0.1/33373] INFO  ha.OMHANodeDetails (ConfUtils.java:setNodeSpecificConfigs(97)) - Setting configuration key ozone.om.address with value of key ozone.om.address.omServiceId1.omNode-2: 127.0.0.1:46715
2022-08-20 13:50:58,862 [Listener at 127.0.0.1/33373] WARN  server.ServerUtils (ServerUtils.java:getDBPath(225)) - ozone.om.db.dirs is not configured. We recommend adding this setting. Falling back to ozone.metadata.dirs instead.
2022-08-20 13:50:58,862 [Listener at 127.0.0.1/33373] INFO  upgrade.AbstractLayoutVersionManager (AbstractLayoutVersionManager.java:init(83)) - Initializing Layout version manager with metadata layout = MULTITENANCY_SCHEMA (version = 3), software layout = MULTITENANCY_SCHEMA (version = 3)
2022-08-20 13:50:58,924 [Listener at 127.0.0.1/33373] INFO  reflections.Reflections (Reflections.java:scan(232)) - Reflections took 61 ms to scan 2 urls, producing 153 keys and 427 values [using 2 cores]
2022-08-20 13:50:58,925 [Listener at 127.0.0.1/33373] INFO  upgrade.OMLayoutVersionManager (OMLayoutVersionManager.java:lambda$0(115)) - Skipping Upgrade Action MockOmUpgradeAction since it has been finalized.
2022-08-20 13:50:58,925 [Listener at 127.0.0.1/33373] WARN  server.ServerUtils (ServerUtils.java:getDBPath(225)) - ozone.om.db.dirs is not configured. We recommend adding this setting. Falling back to ozone.metadata.dirs instead.
2022-08-20 13:50:58,926 [Listener at 127.0.0.1/33373] INFO  ha.SCMNodeInfo (SCMNodeInfo.java:getPort(197)) - ConfigKey ozone.scm.client.address is deprecated, For configuring different ports for each SCM use PortConfigKey ozone.scm.client.port appended with serviceId and nodeId
2022-08-20 13:50:58,926 [Listener at 127.0.0.1/33373] INFO  ha.SCMNodeInfo (SCMNodeInfo.java:getPort(197)) - ConfigKey ozone.scm.block.client.address is deprecated, For configuring different ports for each SCM use PortConfigKey ozone.scm.block.client.port appended with serviceId and nodeId
2022-08-20 13:50:58,926 [Listener at 127.0.0.1/33373] INFO  ha.SCMNodeInfo (SCMNodeInfo.java:getPort(197)) - ConfigKey ozone.scm.datanode.address is deprecated, For configuring different ports for each SCM use PortConfigKey ozone.scm.datanode.port appended with serviceId and nodeId
2022-08-20 13:50:58,926 [Listener at 127.0.0.1/33373] INFO  ha.SCMNodeInfo (SCMNodeInfo.java:getPort(197)) - ConfigKey ozone.scm.client.address is deprecated, For configuring different ports for each SCM use PortConfigKey ozone.scm.client.port appended with serviceId and nodeId
2022-08-20 13:50:58,926 [Listener at 127.0.0.1/33373] INFO  ha.SCMNodeInfo (SCMNodeInfo.java:getPort(197)) - ConfigKey ozone.scm.block.client.address is deprecated, For configuring different ports for each SCM use PortConfigKey ozone.scm.block.client.port appended with serviceId and nodeId
2022-08-20 13:50:58,926 [Listener at 127.0.0.1/33373] INFO  ha.SCMNodeInfo (SCMNodeInfo.java:getPort(197)) - ConfigKey ozone.scm.datanode.address is deprecated, For configuring different ports for each SCM use PortConfigKey ozone.scm.datanode.port appended with serviceId and nodeId
2022-08-20 13:50:58,926 [Listener at 127.0.0.1/33373] INFO  ha.SCMNodeInfo (SCMNodeInfo.java:getPort(197)) - ConfigKey ozone.scm.client.address is deprecated, For configuring different ports for each SCM use PortConfigKey ozone.scm.client.port appended with serviceId and nodeId
2022-08-20 13:50:58,926 [Listener at 127.0.0.1/33373] INFO  ha.SCMNodeInfo (SCMNodeInfo.java:getPort(197)) - ConfigKey ozone.scm.block.client.address is deprecated, For configuring different ports for each SCM use PortConfigKey ozone.scm.block.client.port appended with serviceId and nodeId
2022-08-20 13:50:58,926 [Listener at 127.0.0.1/33373] INFO  ha.SCMNodeInfo (SCMNodeInfo.java:getPort(197)) - ConfigKey ozone.scm.datanode.address is deprecated, For configuring different ports for each SCM use PortConfigKey ozone.scm.datanode.port appended with serviceId and nodeId
2022-08-20 13:50:58,926 [Listener at 127.0.0.1/33373] INFO  ha.SCMNodeInfo (SCMNodeInfo.java:getPort(197)) - ConfigKey ozone.scm.client.address is deprecated, For configuring different ports for each SCM use PortConfigKey ozone.scm.client.port appended with serviceId and nodeId
2022-08-20 13:50:58,927 [Listener at 127.0.0.1/33373] INFO  ha.SCMNodeInfo (SCMNodeInfo.java:getPort(197)) - ConfigKey ozone.scm.block.client.address is deprecated, For configuring different ports for each SCM use PortConfigKey ozone.scm.block.client.port appended with serviceId and nodeId
2022-08-20 13:50:58,927 [Listener at 127.0.0.1/33373] INFO  ha.SCMNodeInfo (SCMNodeInfo.java:getPort(197)) - ConfigKey ozone.scm.datanode.address is deprecated, For configuring different ports for each SCM use PortConfigKey ozone.scm.datanode.port appended with serviceId and nodeId
2022-08-20 13:50:58,927 [Listener at 127.0.0.1/33373] INFO  ha.SCMNodeInfo (SCMNodeInfo.java:getPort(197)) - ConfigKey ozone.scm.client.address is deprecated, For configuring different ports for each SCM use PortConfigKey ozone.scm.client.port appended with serviceId and nodeId
2022-08-20 13:50:58,927 [Listener at 127.0.0.1/33373] INFO  ha.SCMNodeInfo (SCMNodeInfo.java:getPort(197)) - ConfigKey ozone.scm.block.client.address is deprecated, For configuring different ports for each SCM use PortConfigKey ozone.scm.block.client.port appended with serviceId and nodeId
2022-08-20 13:50:58,927 [Listener at 127.0.0.1/33373] INFO  ha.SCMNodeInfo (SCMNodeInfo.java:getPort(197)) - ConfigKey ozone.scm.datanode.address is deprecated, For configuring different ports for each SCM use PortConfigKey ozone.scm.datanode.port appended with serviceId and nodeId
2022-08-20 13:50:58,927 [Listener at 127.0.0.1/33373] INFO  ha.SCMNodeInfo (SCMNodeInfo.java:getPort(197)) - ConfigKey ozone.scm.client.address is deprecated, For configuring different ports for each SCM use PortConfigKey ozone.scm.client.port appended with serviceId and nodeId
2022-08-20 13:50:58,927 [Listener at 127.0.0.1/33373] INFO  ha.SCMNodeInfo (SCMNodeInfo.java:getPort(197)) - ConfigKey ozone.scm.block.client.address is deprecated, For configuring different ports for each SCM use PortConfigKey ozone.scm.block.client.port appended with serviceId and nodeId
2022-08-20 13:50:58,927 [Listener at 127.0.0.1/33373] INFO  ha.SCMNodeInfo (SCMNodeInfo.java:getPort(197)) - ConfigKey ozone.scm.datanode.address is deprecated, For configuring different ports for each SCM use PortConfigKey ozone.scm.datanode.port appended with serviceId and nodeId
2022-08-20 13:50:58,927 [Listener at 127.0.0.1/33373] INFO  proxy.SCMBlockLocationFailoverProxyProvider (SCMBlockLocationFailoverProxyProvider.java:<init>(114)) - Created block location fail-over proxy with 3 nodes: [nodeId=scmNode-2,nodeAddress=/127.0.0.1:41033, nodeId=scmNode-3,nodeAddress=/127.0.0.1:41191, nodeId=scmNode-1,nodeAddress=/127.0.0.1:39205]
2022-08-20 13:50:58,929 [Listener at 127.0.0.1/33373] INFO  ha.SCMNodeInfo (SCMNodeInfo.java:getPort(197)) - ConfigKey ozone.scm.client.address is deprecated, For configuring different ports for each SCM use PortConfigKey ozone.scm.client.port appended with serviceId and nodeId
2022-08-20 13:50:58,929 [Listener at 127.0.0.1/33373] INFO  ha.SCMNodeInfo (SCMNodeInfo.java:getPort(197)) - ConfigKey ozone.scm.block.client.address is deprecated, For configuring different ports for each SCM use PortConfigKey ozone.scm.block.client.port appended with serviceId and nodeId
2022-08-20 13:50:58,929 [Listener at 127.0.0.1/33373] INFO  ha.SCMNodeInfo (SCMNodeInfo.java:getPort(197)) - ConfigKey ozone.scm.datanode.address is deprecated, For configuring different ports for each SCM use PortConfigKey ozone.scm.datanode.port appended with serviceId and nodeId
2022-08-20 13:50:58,929 [Listener at 127.0.0.1/33373] INFO  ha.SCMNodeInfo (SCMNodeInfo.java:getPort(197)) - ConfigKey ozone.scm.client.address is deprecated, For configuring different ports for each SCM use PortConfigKey ozone.scm.client.port appended with serviceId and nodeId
2022-08-20 13:50:58,929 [Listener at 127.0.0.1/33373] INFO  ha.SCMNodeInfo (SCMNodeInfo.java:getPort(197)) - ConfigKey ozone.scm.block.client.address is deprecated, For configuring different ports for each SCM use PortConfigKey ozone.scm.block.client.port appended with serviceId and nodeId
2022-08-20 13:50:58,929 [Listener at 127.0.0.1/33373] INFO  ha.SCMNodeInfo (SCMNodeInfo.java:getPort(197)) - ConfigKey ozone.scm.datanode.address is deprecated, For configuring different ports for each SCM use PortConfigKey ozone.scm.datanode.port appended with serviceId and nodeId
2022-08-20 13:50:58,929 [Listener at 127.0.0.1/33373] INFO  ha.SCMNodeInfo (SCMNodeInfo.java:getPort(197)) - ConfigKey ozone.scm.client.address is deprecated, For configuring different ports for each SCM use PortConfigKey ozone.scm.client.port appended with serviceId and nodeId
2022-08-20 13:50:58,929 [Listener at 127.0.0.1/33373] INFO  ha.SCMNodeInfo (SCMNodeInfo.java:getPort(197)) - ConfigKey ozone.scm.block.client.address is deprecated, For configuring different ports for each SCM use PortConfigKey ozone.scm.block.client.port appended with serviceId and nodeId
2022-08-20 13:50:58,929 [Listener at 127.0.0.1/33373] INFO  ha.SCMNodeInfo (SCMNodeInfo.java:getPort(197)) - ConfigKey ozone.scm.datanode.address is deprecated, For configuring different ports for each SCM use PortConfigKey ozone.scm.datanode.port appended with serviceId and nodeId
2022-08-20 13:50:58,929 [Listener at 127.0.0.1/33373] INFO  proxy.SCMBlockLocationFailoverProxyProvider (SCMBlockLocationFailoverProxyProvider.java:<init>(114)) - Created block location fail-over proxy with 3 nodes: [nodeId=scmNode-2,nodeAddress=/127.0.0.1:41033, nodeId=scmNode-3,nodeAddress=/127.0.0.1:41191, nodeId=scmNode-1,nodeAddress=/127.0.0.1:39205]
2022-08-20 13:50:58,949 [Listener at 127.0.0.1/33373] WARN  server.ServerUtils (ServerUtils.java:getDBPath(225)) - ozone.om.db.dirs is not configured. We recommend adding this setting. Falling back to ozone.metadata.dirs instead.
2022-08-20 13:50:58,950 [Listener at 127.0.0.1/33373] INFO  codec.OmKeyInfoCodec (OmKeyInfoCodec.java:<init>(49)) - OmKeyInfoCodec ignorePipeline = true
2022-08-20 13:50:58,950 [Listener at 127.0.0.1/33373] INFO  codec.RepeatedOmKeyInfoCodec (RepeatedOmKeyInfoCodec.java:<init>(41)) - RepeatedOmKeyInfoCodec ignorePipeline = true
2022-08-20 13:50:59,111 [Listener at 127.0.0.1/33373] INFO  om.OzoneManager (OzoneManager.java:instantiateServices(697)) - S3 Multi-Tenancy is disabled
2022-08-20 13:50:59,115 [Listener at 127.0.0.1/33373] INFO  om.OzoneManager (OzoneManager.java:addS3GVolumeToDB(4309)) - Created Volume s3v With Owner runner required for S3Gateway operations.
2022-08-20 13:50:59,115 [Listener at 127.0.0.1/33373] WARN  server.ServerUtils (ServerUtils.java:getDefaultRatisDirectory(237)) - Storage directory for Ratis is not configured. It is a good idea to map this to an SSD disk. Falling back to ozone.metadata.dirs
2022-08-20 13:50:59,115 [Listener at 127.0.0.1/33373] WARN  utils.OzoneManagerRatisUtils (OzoneManagerRatisUtils.java:getOMRatisSnapshotDirectory(434)) - ozone.om.ratis.snapshot.dir is not configured. Falling back to ozone.metadata.dirs config
2022-08-20 13:50:59,115 [Listener at 127.0.0.1/33373] INFO  snapshot.OzoneManagerSnapshotProvider (OzoneManagerSnapshotProvider.java:<init>(76)) - Initializing OM Snapshot Provider
2022-08-20 13:50:59,120 [Listener at 127.0.0.1/33373] WARN  impl.MetricRegistriesImpl (MetricRegistriesImpl.java:addReporterRegistration(111)) - New reporters are added after registries were created. Some metrics will be missing from the reporter. Please add reporter before adding any new registry.
2022-08-20 13:50:59,120 [Listener at 127.0.0.1/33373] WARN  impl.MetricRegistriesImpl (MetricRegistriesImpl.java:addReporterRegistration(111)) - New reporters are added after registries were created. Some metrics will be missing from the reporter. Please add reporter before adding any new registry.
2022-08-20 13:50:59,120 [Listener at 127.0.0.1/33373] WARN  server.ServerUtils (ServerUtils.java:getDefaultRatisDirectory(237)) - Storage directory for Ratis is not configured. It is a good idea to map this to an SSD disk. Falling back to ozone.metadata.dirs
2022-08-20 13:50:59,122 [Listener at 127.0.0.1/33373] INFO  ratis.OzoneManagerRatisServer (OzoneManagerRatisServer.java:<init>(159)) - Instantiating OM Ratis server with groupID: omServiceId1 and peers: localhost:41759, localhost:33775, localhost:39569
2022-08-20 13:50:59,122 [Listener at 127.0.0.1/33373] INFO  ratis.OzoneManagerStateMachine (OzoneManagerStateMachine.java:loadSnapshotInfoFromDB(632)) - LastAppliedIndex is set from TransactionInfo from OM DB as (t:0, i:~)
2022-08-20 13:50:59,123 [Listener at 127.0.0.1/33373] INFO  server.RaftServer (ConfUtils.java:logGet(46)) - raft.rpc.type = GRPC (default)
2022-08-20 13:50:59,123 [Listener at 127.0.0.1/33373] INFO  grpc.GrpcFactory (GrpcFactory.java:checkPooledByteBufAllocatorUseCacheForAllThreads(48)) - PERFORMANCE WARNING: useCacheForAllThreads is true that may cause Netty to create a lot garbage objects and, as a result, trigger GC.
	It is recommended to disable useCacheForAllThreads by setting -Dorg.apache.ratis.thirdparty.io.netty.allocator.useCacheForAllThreads=false in command line.
2022-08-20 13:50:59,123 [Listener at 127.0.0.1/33373] INFO  grpc.GrpcConfigKeys (ConfUtils.java:logGet(46)) - raft.grpc.admin.port = -1 (default)
2022-08-20 13:50:59,123 [Listener at 127.0.0.1/33373] INFO  grpc.GrpcConfigKeys (ConfUtils.java:logGet(46)) - raft.grpc.server.port = 41759 (custom)
2022-08-20 13:50:59,123 [Listener at 127.0.0.1/33373] INFO  grpc.GrpcConfigKeys (ConfUtils.java:logGet(46)) - raft.grpc.client.port = -1 (default)
2022-08-20 13:50:59,123 [Listener at 127.0.0.1/33373] INFO  grpc.GrpcConfigKeys (ConfUtils.java:logGet(46)) - raft.grpc.server.port = 41759 (custom)
2022-08-20 13:50:59,123 [Listener at 127.0.0.1/33373] INFO  grpc.GrpcConfigKeys (ConfUtils.java:logGet(46)) - raft.grpc.server.port = 41759 (custom)
2022-08-20 13:50:59,123 [Listener at 127.0.0.1/33373] INFO  server.GrpcService (ConfUtils.java:logGet(46)) - raft.grpc.message.size.max = 33554432 (custom)
2022-08-20 13:50:59,123 [Listener at 127.0.0.1/33373] INFO  server.RaftServerConfigKeys (ConfUtils.java:logGet(46)) - raft.server.log.appender.buffer.byte-limit = 33554432 (custom)
2022-08-20 13:50:59,123 [Listener at 127.0.0.1/33373] INFO  server.GrpcService (ConfUtils.java:logGet(46)) - raft.grpc.flow.control.window = 1MB (=1048576) (default)
2022-08-20 13:50:59,123 [Listener at 127.0.0.1/33373] INFO  server.RaftServerConfigKeys (ConfUtils.java:logGet(46)) - raft.server.rpc.request.timeout = 3000ms (default)
2022-08-20 13:50:59,123 [Listener at 127.0.0.1/33373] INFO  grpc.GrpcConfigKeys (ConfUtils.java:logGet(46)) - raft.grpc.server.async.request.thread.pool.cached = true (default)
2022-08-20 13:50:59,123 [Listener at 127.0.0.1/33373] INFO  grpc.GrpcConfigKeys (ConfUtils.java:logGet(46)) - raft.grpc.server.async.request.thread.pool.size = 32 (default)
2022-08-20 13:50:59,125 [Listener at 127.0.0.1/33373] INFO  impl.DataStreamServerImpl (ConfUtils.java:logGet(46)) - raft.datastream.type = DISABLED (default)
2022-08-20 13:50:59,125 [Listener at 127.0.0.1/33373] INFO  server.RaftServerConfigKeys (ConfUtils.java:logGet(46)) - raft.server.threadpool.proxy.cached = true (default)
2022-08-20 13:50:59,125 [Listener at 127.0.0.1/33373] INFO  server.RaftServerConfigKeys (ConfUtils.java:logGet(46)) - raft.server.threadpool.proxy.size = 0 (default)
2022-08-20 13:50:59,125 [Listener at 127.0.0.1/33373] INFO  server.RaftServerConfigKeys (ConfUtils.java:logGet(46)) - raft.server.rpc.slowness.timeout = 2s (custom)
2022-08-20 13:50:59,125 [Listener at 127.0.0.1/33373] INFO  server.RaftServerConfigKeys (ConfUtils.java:logGet(46)) - raft.server.leaderelection.leader.step-down.wait-time = 10s (default)
2022-08-20 13:50:59,125 [Listener at 127.0.0.1/33373] INFO  server.RaftServerConfigKeys (ConfUtils.java:logGet(46)) - raft.server.storage.dir = [/home/runner/work/ozone/ozone/hadoop-ozone/integration-test/target/test-dir/MiniOzoneClusterImpl-1d33bde5-c0a1-446c-b0a2-a2cb2457c7cc/omNode-2/ratis] (custom)
2022-08-20 13:50:59,127 [Listener at 127.0.0.1/33373] INFO  server.RaftServer (RaftServerProxy.java:addNew(96)) - omNode-2: addNew group-6C22E66A003A:[omNode-3|rpc:localhost:33775|priority:0, omNode-1|rpc:localhost:39569|priority:0, omNode-2|rpc:localhost:41759|priority:0] returns group-6C22E66A003A:java.util.concurrent.CompletableFuture@30f6ab8b[Not completed]
2022-08-20 13:50:59,127 [Listener at 127.0.0.1/33373] INFO  om.OzoneManager (OzoneManager.java:initializeRatisServer(1963)) - OzoneManager Ratis server initialized at port 41759
2022-08-20 13:50:59,128 [Listener at 127.0.0.1/33373] INFO  om.OzoneManager (OzoneManager.java:getRpcServer(1086)) - Creating RPC Server
2022-08-20 13:50:59,130 [pool-150-thread-1] INFO  server.RaftServer$Division (RaftServerImpl.java:<init>(190)) - omNode-2: new RaftServerImpl for group-6C22E66A003A:[omNode-3|rpc:localhost:33775|priority:0, omNode-1|rpc:localhost:39569|priority:0, omNode-2|rpc:localhost:41759|priority:0] with OzoneManagerStateMachine:uninitialized
2022-08-20 13:50:59,130 [pool-150-thread-1] INFO  server.RaftServerConfigKeys (ConfUtils.java:logGet(46)) - raft.server.rpc.timeout.min = 1s (custom)
2022-08-20 13:50:59,130 [pool-150-thread-1] INFO  server.RaftServerConfigKeys (ConfUtils.java:logGet(46)) - raft.server.rpc.timeout.max = 1200ms (custom)
2022-08-20 13:50:59,130 [pool-150-thread-1] INFO  server.RaftServerConfigKeys (ConfUtils.java:logGet(46)) - raft.server.rpc.sleep.time = 25ms (default)
2022-08-20 13:50:59,130 [pool-150-thread-1] INFO  server.RaftServerConfigKeys (ConfUtils.java:logGet(46)) - raft.server.rpc.slowness.timeout = 2s (custom)
2022-08-20 13:50:59,130 [pool-150-thread-1] INFO  server.RaftServerConfigKeys (ConfUtils.java:logGet(46)) - raft.server.leaderelection.leader.step-down.wait-time = 10s (default)
2022-08-20 13:50:59,130 [pool-150-thread-1] INFO  server.RaftServerConfigKeys (ConfUtils.java:logGet(46)) - raft.server.sleep.deviation.threshold = 300ms (default)
2022-08-20 13:50:59,131 [pool-150-thread-1] INFO  server.RaftServer$Division (ServerState.java:<init>(107)) - omNode-2@group-6C22E66A003A: ConfigurationManager, init=-1: [omNode-3|rpc:localhost:33775|priority:0, omNode-1|rpc:localhost:39569|priority:0, omNode-2|rpc:localhost:41759|priority:0], old=null, confs=<EMPTY_MAP>
2022-08-20 13:50:59,131 [pool-150-thread-1] INFO  server.RaftServerConfigKeys (ConfUtils.java:logGet(46)) - raft.server.storage.dir = [/home/runner/work/ozone/ozone/hadoop-ozone/integration-test/target/test-dir/MiniOzoneClusterImpl-1d33bde5-c0a1-446c-b0a2-a2cb2457c7cc/omNode-2/ratis] (custom)
2022-08-20 13:50:59,131 [pool-150-thread-1] INFO  server.RaftServerConfigKeys (ConfUtils.java:logGet(46)) - raft.server.log.corruption.policy = EXCEPTION (default)
2022-08-20 13:50:59,131 [pool-150-thread-1] INFO  server.RaftServerConfigKeys (ConfUtils.java:logGet(46)) - raft.server.storage.free-space.min = 0MB (=0) (default)
2022-08-20 13:50:59,131 [pool-150-thread-1] INFO  storage.RaftStorageDirectory (RaftStorageDirectoryImpl.java:analyzeStorage(135)) - The storage directory /home/runner/work/ozone/ozone/hadoop-ozone/integration-test/target/test-dir/MiniOzoneClusterImpl-1d33bde5-c0a1-446c-b0a2-a2cb2457c7cc/omNode-2/ratis/9c9825ce-8ba7-3ee6-a7c3-6c22e66a003a does not exist. Creating ...
2022-08-20 13:50:59,132 [pool-150-thread-1] INFO  storage.RaftStorageDirectory (RaftStorageDirectoryImpl.java:tryLock(230)) - Lock on /home/runner/work/ozone/ozone/hadoop-ozone/integration-test/target/test-dir/MiniOzoneClusterImpl-1d33bde5-c0a1-446c-b0a2-a2cb2457c7cc/omNode-2/ratis/9c9825ce-8ba7-3ee6-a7c3-6c22e66a003a/in_use.lock acquired by nodename 20888@fv-az54-959
2022-08-20 13:50:59,136 [pool-150-thread-1] INFO  storage.RaftStorage (RaftStorageImpl.java:format(89)) - Storage directory /home/runner/work/ozone/ozone/hadoop-ozone/integration-test/target/test-dir/MiniOzoneClusterImpl-1d33bde5-c0a1-446c-b0a2-a2cb2457c7cc/omNode-2/ratis/9c9825ce-8ba7-3ee6-a7c3-6c22e66a003a has been successfully formatted.
2022-08-20 13:50:59,136 [pool-150-thread-1] INFO  server.RaftServerConfigKeys (ConfUtils.java:logGet(46)) - raft.server.notification.no-leader.timeout = 2s (custom)
2022-08-20 13:50:59,136 [pool-150-thread-1] INFO  server.RaftServerConfigKeys (ConfUtils.java:logGet(46)) - raft.server.log.use.memory = false (default)
2022-08-20 13:50:59,138 [pool-150-thread-1] INFO  server.RaftServerConfigKeys (ConfUtils.java:logGet(46)) - raft.server.log.purge.gap = 1000000 (custom)
2022-08-20 13:50:59,138 [pool-150-thread-1] INFO  server.RaftServerConfigKeys (ConfUtils.java:logGet(46)) - raft.server.log.appender.buffer.byte-limit = 33554432 (custom)
2022-08-20 13:50:59,138 [pool-150-thread-1] INFO  server.RaftServerConfigKeys (ConfUtils.java:logGet(46)) - raft.server.log.statemachine.data.read.timeout = 1000ms (default)
2022-08-20 13:50:59,139 [pool-150-thread-1] INFO  server.RaftServerConfigKeys (ConfUtils.java:logGet(46)) - raft.server.log.segment.size.max = 4194304 (custom)
2022-08-20 13:50:59,140 [pool-150-thread-1] INFO  server.RaftServerConfigKeys (ConfUtils.java:logGet(46)) - raft.server.log.segment.cache.num.max = 2 (custom)
2022-08-20 13:50:59,140 [pool-150-thread-1] INFO  server.RaftServerConfigKeys (ConfUtils.java:logGet(46)) - raft.server.log.segment.cache.size.max = 200MB (=209715200) (default)
2022-08-20 13:50:59,140 [pool-150-thread-1] INFO  segmented.SegmentedRaftLogWorker (SegmentedRaftLogWorker.java:<init>(187)) - new omNode-2@group-6C22E66A003A-SegmentedRaftLogWorker for RaftStorageImpl:Storage Directory /home/runner/work/ozone/ozone/hadoop-ozone/integration-test/target/test-dir/MiniOzoneClusterImpl-1d33bde5-c0a1-446c-b0a2-a2cb2457c7cc/omNode-2/ratis/9c9825ce-8ba7-3ee6-a7c3-6c22e66a003a
2022-08-20 13:50:59,140 [pool-150-thread-1] INFO  server.RaftServerConfigKeys (ConfUtils.java:logGet(46)) - raft.server.log.queue.byte-limit = 64MB (=67108864) (default)
2022-08-20 13:50:59,140 [pool-150-thread-1] INFO  server.RaftServerConfigKeys (ConfUtils.java:logGet(46)) - raft.server.log.queue.element-limit = 4096 (default)
2022-08-20 13:50:59,140 [pool-150-thread-1] INFO  server.RaftServerConfigKeys (ConfUtils.java:logGet(46)) - raft.server.log.segment.size.max = 4194304 (custom)
2022-08-20 13:50:59,140 [pool-150-thread-1] INFO  server.RaftServerConfigKeys (ConfUtils.java:logGet(46)) - raft.server.log.preallocated.size = 4194304 (custom)
2022-08-20 13:50:59,140 [pool-150-thread-1] INFO  server.RaftServerConfigKeys (ConfUtils.java:logGet(46)) - raft.server.log.force.sync.num = 128 (default)
2022-08-20 13:50:59,140 [pool-150-thread-1] INFO  server.RaftServerConfigKeys (ConfUtils.java:logGet(46)) - raft.server.log.statemachine.data.sync = true (default)
2022-08-20 13:50:59,140 [pool-150-thread-1] INFO  server.RaftServerConfigKeys (ConfUtils.java:logGet(46)) - raft.server.log.statemachine.data.sync.timeout = 10s (default)
2022-08-20 13:50:59,140 [pool-150-thread-1] INFO  server.RaftServerConfigKeys (ConfUtils.java:logGet(46)) - raft.server.log.statemachine.data.sync.timeout.retry = -1 (default)
2022-08-20 13:50:59,151 [pool-150-thread-1] INFO  server.RaftServerConfigKeys (ConfUtils.java:logGet(46)) - raft.server.log.write.buffer.size = 64KB (=65536) (default)
2022-08-20 13:50:59,151 [pool-150-thread-1] INFO  server.RaftServerConfigKeys (ConfUtils.java:logGet(46)) - raft.server.log.unsafe-flush.enabled = false (default)
2022-08-20 13:50:59,151 [pool-150-thread-1] INFO  server.RaftServerConfigKeys (ConfUtils.java:logGet(46)) - raft.server.log.statemachine.data.caching.enabled = false (default)
2022-08-20 13:50:59,160 [pool-150-thread-1] INFO  segmented.SegmentedRaftLogWorker (SegmentedRaftLogWorker.java:lambda$new$0(135)) - omNode-2@group-6C22E66A003A-SegmentedRaftLogWorker: flushIndex: setUnconditionally 0 -> -1
2022-08-20 13:50:59,160 [pool-150-thread-1] INFO  segmented.SegmentedRaftLogWorker (SegmentedRaftLogWorker.java:lambda$new$0(135)) - omNode-2@group-6C22E66A003A-SegmentedRaftLogWorker: safeCacheEvictIndex: setUnconditionally 0 -> -1
2022-08-20 13:50:59,180 [pool-150-thread-1] INFO  server.RaftServerConfigKeys (ConfUtils.java:logGet(46)) - raft.server.snapshot.auto.trigger.enabled = true (custom)
2022-08-20 13:50:59,180 [pool-150-thread-1] INFO  server.RaftServerConfigKeys (ConfUtils.java:logGet(46)) - raft.server.snapshot.auto.trigger.threshold = 400000 (default)
2022-08-20 13:50:59,180 [pool-150-thread-1] INFO  server.RaftServerConfigKeys (ConfUtils.java:logGet(46)) - raft.server.snapshot.retention.file.num = -1 (default)
2022-08-20 13:50:59,180 [pool-150-thread-1] INFO  server.RaftServerConfigKeys (ConfUtils.java:logGet(46)) - raft.server.log.purge.upto.snapshot.index = true (custom)
2022-08-20 13:50:59,180 [pool-150-thread-1] INFO  server.RaftServerConfigKeys (ConfUtils.java:logGet(46)) - raft.server.retrycache.expirytime = 300s (custom)
2022-08-20 13:50:59,180 [pool-150-thread-1] INFO  server.RaftServerConfigKeys (ConfUtils.java:logGet(46)) - raft.server.retrycache.statistics.expirytime = 100μs (default)
2022-08-20 13:50:59,181 [pool-150-thread-1] INFO  server.RaftServerConfigKeys (ConfUtils.java:logGet(46)) - raft.server.log.appender.install.snapshot.enabled = false (custom)
2022-08-20 13:50:59,182 [pool-150-thread-1] INFO  server.RaftServerConfigKeys (ConfUtils.java:logGet(46)) - raft.server.threadpool.server.cached = true (default)
2022-08-20 13:50:59,182 [pool-150-thread-1] INFO  server.RaftServerConfigKeys (ConfUtils.java:logGet(46)) - raft.server.threadpool.server.size = 0 (default)
2022-08-20 13:50:59,182 [pool-150-thread-1] INFO  server.RaftServerConfigKeys (ConfUtils.java:logGet(46)) - raft.server.threadpool.client.cached = true (default)
2022-08-20 13:50:59,182 [pool-150-thread-1] INFO  server.RaftServerConfigKeys (ConfUtils.java:logGet(46)) - raft.server.threadpool.client.size = 0 (default)
2022-08-20 13:50:59,665 [org.apache.ratis.util.JvmPauseMonitor$$Lambda$519/858083045@7355b2b0] WARN  util.JvmPauseMonitor (JvmPauseMonitor.java:detectPause(124)) - JvmPauseMonitor-d38852ba-a21f-4434-98b8-bd8171207a1b: Detected pause in JVM or host machine (eg GC): pause of approximately 188536407ns.
GC pool 'PS MarkSweep' had collection(s): count=1 time=112ms
GC pool 'PS Scavenge' had collection(s): count=1 time=67ms
2022-08-20 13:50:59,776 [Listener at 127.0.0.1/33373] INFO  reflections.Reflections (Reflections.java:scan(232)) - Reflections took 647 ms to scan 19 urls, producing 67 keys and 4158 values [using 2 cores]
2022-08-20 13:50:59,778 [Listener at 127.0.0.1/33373] INFO  ipc.CallQueueManager (CallQueueManager.java:<init>(90)) - Using callQueue: class java.util.concurrent.LinkedBlockingQueue, queueCapacity: 2000, scheduler: class org.apache.hadoop.ipc.DefaultRpcScheduler, ipcBackoff: false.
2022-08-20 13:50:59,778 [Socket Reader #1 for port 46715] INFO  ipc.Server (Server.java:run(1265)) - Starting Socket Reader #1 for port 46715
2022-08-20 13:50:59,803 [Listener at 127.0.0.1/46715] INFO  impl.MetricsSystemImpl (MetricsSystemImpl.java:init(158)) - OzoneManager metrics system started (again)
2022-08-20 13:50:59,804 [omNode-1@group-6C22E66A003A-FollowerState] INFO  impl.FollowerState (FollowerState.java:run(143)) - omNode-1@group-6C22E66A003A-FollowerState: change to CANDIDATE, lastRpcElapsedTime:1054517219ns, electionTimeout:1039ms
2022-08-20 13:50:59,804 [omNode-1@group-6C22E66A003A-FollowerState] INFO  impl.RoleInfo (RoleInfo.java:shutdownFollowerState(110)) - omNode-1: shutdown omNode-1@group-6C22E66A003A-FollowerState
2022-08-20 13:50:59,804 [omNode-1@group-6C22E66A003A-FollowerState] INFO  server.RaftServer$Division (RaftServerImpl.java:setRole(299)) - omNode-1@group-6C22E66A003A: changes role from  FOLLOWER to CANDIDATE at term 0 for changeToCandidate
2022-08-20 13:50:59,804 [omNode-1@group-6C22E66A003A-FollowerState] INFO  server.RaftServerConfigKeys (ConfUtils.java:logGet(46)) - raft.server.leaderelection.pre-vote = false (custom)
2022-08-20 13:50:59,804 [omNode-1@group-6C22E66A003A-FollowerState] INFO  impl.RoleInfo (RoleInfo.java:updateAndGet(139)) - omNode-1: start omNode-1@group-6C22E66A003A-LeaderElection3
2022-08-20 13:50:59,826 [omNode-1@group-6C22E66A003A-LeaderElection3] INFO  impl.LeaderElection (LeaderElection.java:askForVotes(310)) - omNode-1@group-6C22E66A003A-LeaderElection3 ELECTION round 0: submit vote requests at term 1 for -1: [omNode-3|rpc:localhost:33775|priority:0, omNode-1|rpc:localhost:39569|priority:0, omNode-2|rpc:localhost:41759|priority:0], old=null
2022-08-20 13:50:59,834 [Listener at 127.0.0.1/46715] INFO  om.OzoneManager (OzoneManager.java:start(1470)) - OzoneManager RPC server is listening at localhost/127.0.0.1:46715
2022-08-20 13:50:59,834 [Listener at 127.0.0.1/46715] INFO  ratis.OzoneManagerRatisServer (OzoneManagerRatisServer.java:start(554)) - Starting OzoneManagerRatisServer omNode-2 at port 41759
2022-08-20 13:50:59,847 [omNode-2-impl-thread1] INFO  server.RaftServer$Division (RaftServerImpl.java:start(310)) - omNode-2@group-6C22E66A003A: start as a follower, conf=-1: [omNode-3|rpc:localhost:33775|priority:0, omNode-1|rpc:localhost:39569|priority:0, omNode-2|rpc:localhost:41759|priority:0], old=null
2022-08-20 13:50:59,847 [omNode-2-impl-thread1] INFO  server.RaftServer$Division (RaftServerImpl.java:setRole(299)) - omNode-2@group-6C22E66A003A: changes role from      null to FOLLOWER at term 0 for startAsFollower
2022-08-20 13:50:59,847 [omNode-2-impl-thread1] INFO  impl.RoleInfo (RoleInfo.java:updateAndGet(139)) - omNode-2: start omNode-2@group-6C22E66A003A-FollowerState
2022-08-20 13:50:59,848 [omNode-2-impl-thread1] INFO  util.JmxRegister (JmxRegister.java:tryRegister(44)) - Successfully registered JMX Bean with object name Ratis:service=RaftServer,group=group-6C22E66A003A,id=omNode-2
2022-08-20 13:50:59,852 [Listener at 127.0.0.1/46715] INFO  server.RaftServer (RaftServerProxy.java:lambda$start$6(382)) - omNode-2: start RPC server
2022-08-20 13:50:59,861 [Listener at 127.0.0.1/46715] INFO  server.GrpcService (GrpcService.java:startImpl(260)) - omNode-2: GrpcService started, listening on 41759
2022-08-20 13:50:59,861 [Listener at 127.0.0.1/46715] INFO  om.OzoneManager (OzoneManager.java:start(1486)) - Version File has different layout version (3) than OM DB (null). That is expected if this OM has never been finalized to a newer layout version.
2022-08-20 13:50:59,862 [org.apache.ratis.util.JvmPauseMonitor$$Lambda$519/858083045@79e3334a] INFO  util.JvmPauseMonitor (JvmPauseMonitor.java:run(103)) - JvmPauseMonitor-omNode-2: Started
2022-08-20 13:50:59,872 [Listener at 127.0.0.1/46715] INFO  http.BaseHttpServer (BaseHttpServer.java:newHttpServer2BuilderForOzone(209)) - Starting Web-server for ozoneManager at: http://0.0.0.0:34549
2022-08-20 13:50:59,872 [Listener at 127.0.0.1/46715] INFO  http.BaseHttpServer (BaseHttpServer.java:<init>(107)) - Hadoop Security Enabled: false Ozone Security Enabled: false Ozone HTTP Security Enabled: false 
2022-08-20 13:50:59,873 [Listener at 127.0.0.1/46715] INFO  server.AuthenticationFilter (AuthenticationFilter.java:constructSecretProvider(240)) - Unable to initialize FileSignerSecretProvider, falling back to use random secrets.
2022-08-20 13:50:59,874 [omNode-1@group-6C22E66A003A-LeaderElection3] INFO  impl.LeaderElection (LogUtils.java:infoOrTrace(137)) - omNode-1@group-6C22E66A003A-LeaderElection3 got exception when requesting votes: java.util.concurrent.ExecutionException: org.apache.ratis.thirdparty.io.grpc.StatusRuntimeException: UNAVAILABLE: io exception
2022-08-20 13:50:59,876 [omNode-1@group-6C22E66A003A-LeaderElection3] INFO  impl.LeaderElection (LogUtils.java:infoOrTrace(137)) - omNode-1@group-6C22E66A003A-LeaderElection3 got exception when requesting votes: java.util.concurrent.ExecutionException: org.apache.ratis.thirdparty.io.grpc.StatusRuntimeException: UNAVAILABLE: io exception
2022-08-20 13:50:59,876 [omNode-1@group-6C22E66A003A-LeaderElection3] INFO  impl.LeaderElection (LeaderElection.java:logAndReturn(90)) - omNode-1@group-6C22E66A003A-LeaderElection3: ELECTION REJECTED received 0 response(s) and 2 exception(s):
2022-08-20 13:50:59,877 [omNode-1@group-6C22E66A003A-LeaderElection3] INFO  impl.LeaderElection (LogUtils.java:infoOrTrace(137)) -   Exception 0: java.util.concurrent.ExecutionException: org.apache.ratis.thirdparty.io.grpc.StatusRuntimeException: UNAVAILABLE: io exception
2022-08-20 13:50:59,877 [omNode-1@group-6C22E66A003A-LeaderElection3] INFO  impl.LeaderElection (LogUtils.java:infoOrTrace(137)) -   Exception 1: java.util.concurrent.ExecutionException: org.apache.ratis.thirdparty.io.grpc.StatusRuntimeException: UNAVAILABLE: io exception
2022-08-20 13:50:59,881 [omNode-1@group-6C22E66A003A-LeaderElection3] INFO  impl.LeaderElection (LeaderElection.java:askForVotes(312)) - omNode-1@group-6C22E66A003A-LeaderElection3 ELECTION round 0: result REJECTED
2022-08-20 13:50:59,881 [omNode-1@group-6C22E66A003A-LeaderElection3] INFO  server.RaftServer$Division (RaftServerImpl.java:setRole(299)) - omNode-1@group-6C22E66A003A: changes role from CANDIDATE to FOLLOWER at term 1 for REJECTED
2022-08-20 13:50:59,881 [omNode-1@group-6C22E66A003A-LeaderElection3] INFO  impl.RoleInfo (RoleInfo.java:shutdownLeaderElection(130)) - omNode-1: shutdown omNode-1@group-6C22E66A003A-LeaderElection3
2022-08-20 13:50:59,881 [Listener at 127.0.0.1/46715] WARN  http.HttpRequestLog (HttpRequestLog.java:getRequestLog(103)) - Jetty request log can only be enabled using Log4j
2022-08-20 13:50:59,881 [omNode-1@group-6C22E66A003A-LeaderElection3] INFO  impl.RoleInfo (RoleInfo.java:updateAndGet(139)) - omNode-1: start omNode-1@group-6C22E66A003A-FollowerState
2022-08-20 13:50:59,886 [Listener at 127.0.0.1/46715] INFO  http.HttpServer2 (HttpServer2.java:addGlobalFilter(1029)) - Added global filter 'safety' (class=org.apache.hadoop.hdds.server.http.HttpServer2$QuotingInputFilter)
2022-08-20 13:50:59,887 [Listener at 127.0.0.1/46715] INFO  http.HttpServer2 (HttpServer2.java:addFilter(1005)) - Added filter static_user_filter (class=org.apache.hadoop.http.lib.StaticUserWebFilter$StaticUserFilter) to context ozoneManager
2022-08-20 13:50:59,887 [Listener at 127.0.0.1/46715] INFO  http.HttpServer2 (HttpServer2.java:addFilter(1013)) - Added filter static_user_filter (class=org.apache.hadoop.http.lib.StaticUserWebFilter$StaticUserFilter) to context static
2022-08-20 13:50:59,887 [Listener at 127.0.0.1/46715] INFO  http.HttpServer2 (HttpServer2.java:addFilter(1013)) - Added filter static_user_filter (class=org.apache.hadoop.http.lib.StaticUserWebFilter$StaticUserFilter) to context logs
2022-08-20 13:50:59,889 [Listener at 127.0.0.1/46715] INFO  http.HttpServer2 (HttpServer2.java:bindListener(1248)) - Jetty bound to port 34549
2022-08-20 13:50:59,889 [Listener at 127.0.0.1/46715] INFO  server.Server (Server.java:doStart(375)) - jetty-9.4.43.v20210629; built: 2021-06-30T11:07:22.254Z; git: 526006ecfa3af7f1a27ef3a288e2bef7ea9dd7e8; jvm 1.8.0_332-b09
2022-08-20 13:50:59,902 [Listener at 127.0.0.1/46715] INFO  server.session (DefaultSessionIdManager.java:doStart(334)) - DefaultSessionIdManager workerName=node0
2022-08-20 13:50:59,902 [Listener at 127.0.0.1/46715] INFO  server.session (DefaultSessionIdManager.java:doStart(339)) - No SessionScavenger set, using defaults
2022-08-20 13:50:59,902 [Listener at 127.0.0.1/46715] INFO  server.session (HouseKeeper.java:startScavenging(132)) - node0 Scavenging every 660000ms
2022-08-20 13:50:59,903 [Listener at 127.0.0.1/46715] INFO  handler.ContextHandler (ContextHandler.java:doStart(915)) - Started o.e.j.s.ServletContextHandler@43296903{logs,/logs,file:///home/runner/work/ozone/ozone/hadoop-ozone/integration-test/target/log,AVAILABLE}
2022-08-20 13:50:59,903 [Listener at 127.0.0.1/46715] INFO  handler.ContextHandler (ContextHandler.java:doStart(915)) - Started o.e.j.s.ServletContextHandler@5e010637{static,/static,file:///home/runner/work/ozone/ozone/hadoop-ozone/integration-test/target/test-classes/webapps/static,AVAILABLE}
2022-08-20 13:50:59,906 [Listener at 127.0.0.1/46715] INFO  handler.ContextHandler (ContextHandler.java:doStart(915)) - Started o.e.j.w.WebAppContext@7eb1c611{ozoneManager,/,file:///home/runner/work/ozone/ozone/hadoop-ozone/integration-test/target/test-classes/webapps/ozoneManager/,AVAILABLE}{file:/home/runner/work/ozone/ozone/hadoop-ozone/integration-test/target/test-classes/webapps/ozoneManager}
2022-08-20 13:50:59,912 [Listener at 127.0.0.1/46715] INFO  server.AbstractConnector (AbstractConnector.java:doStart(331)) - Started ServerConnector@7981312c{HTTP/1.1, (http/1.1)}{0.0.0.0:34549}
2022-08-20 13:50:59,912 [Listener at 127.0.0.1/46715] INFO  server.Server (Server.java:doStart(415)) - Started @24156ms
2022-08-20 13:50:59,912 [Listener at 127.0.0.1/46715] WARN  impl.MetricsSystemImpl (MetricsSystemImpl.java:register(279)) - Sink prometheus already exists!
2022-08-20 13:50:59,912 [Listener at 127.0.0.1/46715] INFO  http.BaseHttpServer (BaseHttpServer.java:updateConnectorAddress(329)) - HTTP server of ozoneManager listening at http://0.0.0.0:34549
2022-08-20 13:50:59,913 [IPC Server Responder] INFO  ipc.Server (Server.java:run(1507)) - IPC Server Responder: starting
2022-08-20 13:50:59,913 [IPC Server listener on 46715] INFO  ipc.Server (Server.java:run(1344)) - IPC Server listener on 46715: starting
2022-08-20 13:50:59,914 [Listener at 127.0.0.1/46715] INFO  om.OzoneManager (OzoneManager.java:startTrashEmptier(1907)) - Trash Interval set to 0. Files deleted won't move to trash
2022-08-20 13:50:59,915 [Listener at 127.0.0.1/46715] INFO  ozone.MiniOzoneHAClusterImpl (MiniOzoneHAClusterImpl.java:createOMService(527)) - Started OzoneManager omNode-2 RPC server at localhost/127.0.0.1:46715
2022-08-20 13:50:59,915 [Listener at 127.0.0.1/46715] INFO  ha.OMHANodeDetails (OMHANodeDetails.java:loadOMHAConfig(121)) - ServiceID for OzoneManager is omServiceId1
2022-08-20 13:50:59,916 [Listener at 127.0.0.1/46715] INFO  ha.OMHANodeDetails (OMHANodeDetails.java:loadOMHAConfig(201)) - Found matching OM address with OMServiceId: omServiceId1, OMNodeId: omNode-3, RPC Address: localhost:34995 and Ratis port: 33775
2022-08-20 13:50:59,916 [Listener at 127.0.0.1/46715] INFO  ha.OMHANodeDetails (ConfUtils.java:setNodeSpecificConfigs(97)) - Setting configuration key ozone.om.http-address with value of key ozone.om.http-address.omServiceId1.omNode-3: 127.0.0.1:35279
2022-08-20 13:50:59,916 [Listener at 127.0.0.1/46715] INFO  ha.OMHANodeDetails (ConfUtils.java:setNodeSpecificConfigs(97)) - Setting configuration key ozone.om.https-address with value of key ozone.om.https-address.omServiceId1.omNode-3: 127.0.0.1:33385
2022-08-20 13:50:59,916 [Listener at 127.0.0.1/46715] INFO  ha.OMHANodeDetails (ConfUtils.java:setNodeSpecificConfigs(97)) - Setting configuration key ozone.om.address with value of key ozone.om.address.omServiceId1.omNode-3: 127.0.0.1:34995
2022-08-20 13:50:59,929 [org.apache.hadoop.util.JvmPauseMonitor$Monitor@1fe9ac7b] INFO  util.JvmPauseMonitor (JvmPauseMonitor.java:run(188)) - Starting JVM pause monitor
2022-08-20 13:50:59,929 [Listener at 127.0.0.1/46715] WARN  server.ServerUtils (ServerUtils.java:getDBPath(225)) - ozone.om.db.dirs is not configured. We recommend adding this setting. Falling back to ozone.metadata.dirs instead.
2022-08-20 13:50:59,931 [Listener at 127.0.0.1/46715] INFO  ha.SCMNodeInfo (SCMNodeInfo.java:getPort(197)) - ConfigKey ozone.scm.client.address is deprecated, For configuring different ports for each SCM use PortConfigKey ozone.scm.client.port appended with serviceId and nodeId
2022-08-20 13:50:59,931 [Listener at 127.0.0.1/46715] INFO  ha.SCMNodeInfo (SCMNodeInfo.java:getPort(197)) - ConfigKey ozone.scm.block.client.address is deprecated, For configuring different ports for each SCM use PortConfigKey ozone.scm.block.client.port appended with serviceId and nodeId
2022-08-20 13:50:59,931 [Listener at 127.0.0.1/46715] INFO  ha.SCMNodeInfo (SCMNodeInfo.java:getPort(197)) - ConfigKey ozone.scm.datanode.address is deprecated, For configuring different ports for each SCM use PortConfigKey ozone.scm.datanode.port appended with serviceId and nodeId
2022-08-20 13:50:59,931 [Listener at 127.0.0.1/46715] INFO  ha.SCMNodeInfo (SCMNodeInfo.java:getPort(197)) - ConfigKey ozone.scm.client.address is deprecated, For configuring different ports for each SCM use PortConfigKey ozone.scm.client.port appended with serviceId and nodeId
2022-08-20 13:50:59,931 [Listener at 127.0.0.1/46715] INFO  ha.SCMNodeInfo (SCMNodeInfo.java:getPort(197)) - ConfigKey ozone.scm.block.client.address is deprecated, For configuring different ports for each SCM use PortConfigKey ozone.scm.block.client.port appended with serviceId and nodeId
2022-08-20 13:50:59,931 [Listener at 127.0.0.1/46715] INFO  ha.SCMNodeInfo (SCMNodeInfo.java:getPort(197)) - ConfigKey ozone.scm.datanode.address is deprecated, For configuring different ports for each SCM use PortConfigKey ozone.scm.datanode.port appended with serviceId and nodeId
2022-08-20 13:50:59,931 [Listener at 127.0.0.1/46715] INFO  ha.SCMNodeInfo (SCMNodeInfo.java:getPort(197)) - ConfigKey ozone.scm.client.address is deprecated, For configuring different ports for each SCM use PortConfigKey ozone.scm.client.port appended with serviceId and nodeId
2022-08-20 13:50:59,931 [Listener at 127.0.0.1/46715] INFO  ha.SCMNodeInfo (SCMNodeInfo.java:getPort(197)) - ConfigKey ozone.scm.block.client.address is deprecated, For configuring different ports for each SCM use PortConfigKey ozone.scm.block.client.port appended with serviceId and nodeId
2022-08-20 13:50:59,931 [Listener at 127.0.0.1/46715] INFO  ha.SCMNodeInfo (SCMNodeInfo.java:getPort(197)) - ConfigKey ozone.scm.datanode.address is deprecated, For configuring different ports for each SCM use PortConfigKey ozone.scm.datanode.port appended with serviceId and nodeId
2022-08-20 13:50:59,931 [Listener at 127.0.0.1/46715] INFO  proxy.SCMBlockLocationFailoverProxyProvider (SCMBlockLocationFailoverProxyProvider.java:<init>(114)) - Created block location fail-over proxy with 3 nodes: [nodeId=scmNode-2,nodeAddress=/127.0.0.1:41033, nodeId=scmNode-3,nodeAddress=/127.0.0.1:41191, nodeId=scmNode-1,nodeAddress=/127.0.0.1:39205]
OM initialization succeeded.Current cluster id for sd=/home/runner/work/ozone/ozone/hadoop-ozone/integration-test/target/test-dir/MiniOzoneClusterImpl-1d33bde5-c0a1-446c-b0a2-a2cb2457c7cc/omNode-3/om;cid=1d33bde5-c0a1-446c-b0a2-a2cb2457c7cc;layoutVersion=3
2022-08-20 13:50:59,946 [Listener at 127.0.0.1/46715] INFO  ha.OMHANodeDetails (OMHANodeDetails.java:loadOMHAConfig(121)) - ServiceID for OzoneManager is omServiceId1
2022-08-20 13:50:59,947 [Listener at 127.0.0.1/46715] INFO  ha.OMHANodeDetails (OMHANodeDetails.java:loadOMHAConfig(201)) - Found matching OM address with OMServiceId: omServiceId1, OMNodeId: omNode-3, RPC Address: localhost:34995 and Ratis port: 33775
2022-08-20 13:50:59,947 [Listener at 127.0.0.1/46715] INFO  ha.OMHANodeDetails (ConfUtils.java:setNodeSpecificConfigs(97)) - Setting configuration key ozone.om.http-address with value of key ozone.om.http-address.omServiceId1.omNode-3: 127.0.0.1:35279
2022-08-20 13:50:59,947 [Listener at 127.0.0.1/46715] INFO  ha.OMHANodeDetails (ConfUtils.java:setNodeSpecificConfigs(97)) - Setting configuration key ozone.om.https-address with value of key ozone.om.https-address.omServiceId1.omNode-3: 127.0.0.1:33385
2022-08-20 13:50:59,947 [Listener at 127.0.0.1/46715] INFO  ha.OMHANodeDetails (ConfUtils.java:setNodeSpecificConfigs(97)) - Setting configuration key ozone.om.address with value of key ozone.om.address.omServiceId1.omNode-3: 127.0.0.1:34995
2022-08-20 13:50:59,947 [Listener at 127.0.0.1/46715] WARN  server.ServerUtils (ServerUtils.java:getDBPath(225)) - ozone.om.db.dirs is not configured. We recommend adding this setting. Falling back to ozone.metadata.dirs instead.
2022-08-20 13:50:59,947 [Listener at 127.0.0.1/46715] INFO  upgrade.AbstractLayoutVersionManager (AbstractLayoutVersionManager.java:init(83)) - Initializing Layout version manager with metadata layout = MULTITENANCY_SCHEMA (version = 3), software layout = MULTITENANCY_SCHEMA (version = 3)
2022-08-20 13:51:00,033 [Listener at 127.0.0.1/46715] INFO  reflections.Reflections (Reflections.java:scan(232)) - Reflections took 83 ms to scan 2 urls, producing 153 keys and 427 values [using 2 cores]
2022-08-20 13:51:00,034 [Listener at 127.0.0.1/46715] INFO  upgrade.OMLayoutVersionManager (OMLayoutVersionManager.java:lambda$0(115)) - Skipping Upgrade Action MockOmUpgradeAction since it has been finalized.
2022-08-20 13:51:00,034 [Listener at 127.0.0.1/46715] WARN  server.ServerUtils (ServerUtils.java:getDBPath(225)) - ozone.om.db.dirs is not configured. We recommend adding this setting. Falling back to ozone.metadata.dirs instead.
2022-08-20 13:51:00,034 [Listener at 127.0.0.1/46715] INFO  ha.SCMNodeInfo (SCMNodeInfo.java:getPort(197)) - ConfigKey ozone.scm.client.address is deprecated, For configuring different ports for each SCM use PortConfigKey ozone.scm.client.port appended with serviceId and nodeId
2022-08-20 13:51:00,035 [Listener at 127.0.0.1/46715] INFO  ha.SCMNodeInfo (SCMNodeInfo.java:getPort(197)) - ConfigKey ozone.scm.block.client.address is deprecated, For configuring different ports for each SCM use PortConfigKey ozone.scm.block.client.port appended with serviceId and nodeId
2022-08-20 13:51:00,035 [Listener at 127.0.0.1/46715] INFO  ha.SCMNodeInfo (SCMNodeInfo.java:getPort(197)) - ConfigKey ozone.scm.datanode.address is deprecated, For configuring different ports for each SCM use PortConfigKey ozone.scm.datanode.port appended with serviceId and nodeId
2022-08-20 13:51:00,035 [Listener at 127.0.0.1/46715] INFO  ha.SCMNodeInfo (SCMNodeInfo.java:getPort(197)) - ConfigKey ozone.scm.client.address is deprecated, For configuring different ports for each SCM use PortConfigKey ozone.scm.client.port appended with serviceId and nodeId
2022-08-20 13:51:00,035 [Listener at 127.0.0.1/46715] INFO  ha.SCMNodeInfo (SCMNodeInfo.java:getPort(197)) - ConfigKey ozone.scm.block.client.address is deprecated, For configuring different ports for each SCM use PortConfigKey ozone.scm.block.client.port appended with serviceId and nodeId
2022-08-20 13:51:00,035 [Listener at 127.0.0.1/46715] INFO  ha.SCMNodeInfo (SCMNodeInfo.java:getPort(197)) - ConfigKey ozone.scm.datanode.address is deprecated, For configuring different ports for each SCM use PortConfigKey ozone.scm.datanode.port appended with serviceId and nodeId
2022-08-20 13:51:00,035 [Listener at 127.0.0.1/46715] INFO  ha.SCMNodeInfo (SCMNodeInfo.java:getPort(197)) - ConfigKey ozone.scm.client.address is deprecated, For configuring different ports for each SCM use PortConfigKey ozone.scm.client.port appended with serviceId and nodeId
2022-08-20 13:51:00,035 [Listener at 127.0.0.1/46715] INFO  ha.SCMNodeInfo (SCMNodeInfo.java:getPort(197)) - ConfigKey ozone.scm.block.client.address is deprecated, For configuring different ports for each SCM use PortConfigKey ozone.scm.block.client.port appended with serviceId and nodeId
2022-08-20 13:51:00,035 [Listener at 127.0.0.1/46715] INFO  ha.SCMNodeInfo (SCMNodeInfo.java:getPort(197)) - ConfigKey ozone.scm.datanode.address is deprecated, For configuring different ports for each SCM use PortConfigKey ozone.scm.datanode.port appended with serviceId and nodeId
2022-08-20 13:51:00,035 [Listener at 127.0.0.1/46715] INFO  ha.SCMNodeInfo (SCMNodeInfo.java:getPort(197)) - ConfigKey ozone.scm.client.address is deprecated, For configuring different ports for each SCM use PortConfigKey ozone.scm.client.port appended with serviceId and nodeId
2022-08-20 13:51:00,035 [Listener at 127.0.0.1/46715] INFO  ha.SCMNodeInfo (SCMNodeInfo.java:getPort(197)) - ConfigKey ozone.scm.block.client.address is deprecated, For configuring different ports for each SCM use PortConfigKey ozone.scm.block.client.port appended with serviceId and nodeId
2022-08-20 13:51:00,035 [Listener at 127.0.0.1/46715] INFO  ha.SCMNodeInfo (SCMNodeInfo.java:getPort(197)) - ConfigKey ozone.scm.datanode.address is deprecated, For configuring different ports for each SCM use PortConfigKey ozone.scm.datanode.port appended with serviceId and nodeId
2022-08-20 13:51:00,036 [Listener at 127.0.0.1/46715] INFO  ha.SCMNodeInfo (SCMNodeInfo.java:getPort(197)) - ConfigKey ozone.scm.client.address is deprecated, For configuring different ports for each SCM use PortConfigKey ozone.scm.client.port appended with serviceId and nodeId
2022-08-20 13:51:00,036 [Listener at 127.0.0.1/46715] INFO  ha.SCMNodeInfo (SCMNodeInfo.java:getPort(197)) - ConfigKey ozone.scm.block.client.address is deprecated, For configuring different ports for each SCM use PortConfigKey ozone.scm.block.client.port appended with serviceId and nodeId
2022-08-20 13:51:00,036 [Listener at 127.0.0.1/46715] INFO  ha.SCMNodeInfo (SCMNodeInfo.java:getPort(197)) - ConfigKey ozone.scm.datanode.address is deprecated, For configuring different ports for each SCM use PortConfigKey ozone.scm.datanode.port appended with serviceId and nodeId
2022-08-20 13:51:00,036 [Listener at 127.0.0.1/46715] INFO  ha.SCMNodeInfo (SCMNodeInfo.java:getPort(197)) - ConfigKey ozone.scm.client.address is deprecated, For configuring different ports for each SCM use PortConfigKey ozone.scm.client.port appended with serviceId and nodeId
2022-08-20 13:51:00,036 [Listener at 127.0.0.1/46715] INFO  ha.SCMNodeInfo (SCMNodeInfo.java:getPort(197)) - ConfigKey ozone.scm.block.client.address is deprecated, For configuring different ports for each SCM use PortConfigKey ozone.scm.block.client.port appended with serviceId and nodeId
2022-08-20 13:51:00,036 [Listener at 127.0.0.1/46715] INFO  ha.SCMNodeInfo (SCMNodeInfo.java:getPort(197)) - ConfigKey ozone.scm.datanode.address is deprecated, For configuring different ports for each SCM use PortConfigKey ozone.scm.datanode.port appended with serviceId and nodeId
2022-08-20 13:51:00,036 [Listener at 127.0.0.1/46715] INFO  proxy.SCMBlockLocationFailoverProxyProvider (SCMBlockLocationFailoverProxyProvider.java:<init>(114)) - Created block location fail-over proxy with 3 nodes: [nodeId=scmNode-2,nodeAddress=/127.0.0.1:41033, nodeId=scmNode-3,nodeAddress=/127.0.0.1:41191, nodeId=scmNode-1,nodeAddress=/127.0.0.1:39205]
2022-08-20 13:51:00,037 [Listener at 127.0.0.1/46715] INFO  ha.SCMNodeInfo (SCMNodeInfo.java:getPort(197)) - ConfigKey ozone.scm.client.address is deprecated, For configuring different ports for each SCM use PortConfigKey ozone.scm.client.port appended with serviceId and nodeId
2022-08-20 13:51:00,038 [Listener at 127.0.0.1/46715] INFO  ha.SCMNodeInfo (SCMNodeInfo.java:getPort(197)) - ConfigKey ozone.scm.block.client.address is deprecated, For configuring different ports for each SCM use PortConfigKey ozone.scm.block.client.port appended with serviceId and nodeId
2022-08-20 13:51:00,038 [Listener at 127.0.0.1/46715] INFO  ha.SCMNodeInfo (SCMNodeInfo.java:getPort(197)) - ConfigKey ozone.scm.datanode.address is deprecated, For configuring different ports for each SCM use PortConfigKey ozone.scm.datanode.port appended with serviceId and nodeId
2022-08-20 13:51:00,038 [Listener at 127.0.0.1/46715] INFO  ha.SCMNodeInfo (SCMNodeInfo.java:getPort(197)) - ConfigKey ozone.scm.client.address is deprecated, For configuring different ports for each SCM use PortConfigKey ozone.scm.client.port appended with serviceId and nodeId
2022-08-20 13:51:00,038 [Listener at 127.0.0.1/46715] INFO  ha.SCMNodeInfo (SCMNodeInfo.java:getPort(197)) - ConfigKey ozone.scm.block.client.address is deprecated, For configuring different ports for each SCM use PortConfigKey ozone.scm.block.client.port appended with serviceId and nodeId
2022-08-20 13:51:00,038 [Listener at 127.0.0.1/46715] INFO  ha.SCMNodeInfo (SCMNodeInfo.java:getPort(197)) - ConfigKey ozone.scm.datanode.address is deprecated, For configuring different ports for each SCM use PortConfigKey ozone.scm.datanode.port appended with serviceId and nodeId
2022-08-20 13:51:00,038 [Listener at 127.0.0.1/46715] INFO  ha.SCMNodeInfo (SCMNodeInfo.java:getPort(197)) - ConfigKey ozone.scm.client.address is deprecated, For configuring different ports for each SCM use PortConfigKey ozone.scm.client.port appended with serviceId and nodeId
2022-08-20 13:51:00,038 [Listener at 127.0.0.1/46715] INFO  ha.SCMNodeInfo (SCMNodeInfo.java:getPort(197)) - ConfigKey ozone.scm.block.client.address is deprecated, For configuring different ports for each SCM use PortConfigKey ozone.scm.block.client.port appended with serviceId and nodeId
2022-08-20 13:51:00,038 [Listener at 127.0.0.1/46715] INFO  ha.SCMNodeInfo (SCMNodeInfo.java:getPort(197)) - ConfigKey ozone.scm.datanode.address is deprecated, For configuring different ports for each SCM use PortConfigKey ozone.scm.datanode.port appended with serviceId and nodeId
2022-08-20 13:51:00,038 [Listener at 127.0.0.1/46715] INFO  proxy.SCMBlockLocationFailoverProxyProvider (SCMBlockLocationFailoverProxyProvider.java:<init>(114)) - Created block location fail-over proxy with 3 nodes: [nodeId=scmNode-2,nodeAddress=/127.0.0.1:41033, nodeId=scmNode-3,nodeAddress=/127.0.0.1:41191, nodeId=scmNode-1,nodeAddress=/127.0.0.1:39205]
2022-08-20 13:51:00,045 [Listener at 127.0.0.1/46715] WARN  server.ServerUtils (ServerUtils.java:getDBPath(225)) - ozone.om.db.dirs is not configured. We recommend adding this setting. Falling back to ozone.metadata.dirs instead.
2022-08-20 13:51:00,046 [Listener at 127.0.0.1/46715] INFO  codec.OmKeyInfoCodec (OmKeyInfoCodec.java:<init>(49)) - OmKeyInfoCodec ignorePipeline = true
2022-08-20 13:51:00,046 [Listener at 127.0.0.1/46715] INFO  codec.RepeatedOmKeyInfoCodec (RepeatedOmKeyInfoCodec.java:<init>(41)) - RepeatedOmKeyInfoCodec ignorePipeline = true
2022-08-20 13:51:00,191 [Listener at 127.0.0.1/46715] INFO  om.OzoneManager (OzoneManager.java:instantiateServices(697)) - S3 Multi-Tenancy is disabled
2022-08-20 13:51:00,192 [Listener at 127.0.0.1/46715] INFO  om.OzoneManager (OzoneManager.java:addS3GVolumeToDB(4309)) - Created Volume s3v With Owner runner required for S3Gateway operations.
2022-08-20 13:51:00,192 [Listener at 127.0.0.1/46715] WARN  server.ServerUtils (ServerUtils.java:getDefaultRatisDirectory(237)) - Storage directory for Ratis is not configured. It is a good idea to map this to an SSD disk. Falling back to ozone.metadata.dirs
2022-08-20 13:51:00,192 [Listener at 127.0.0.1/46715] WARN  utils.OzoneManagerRatisUtils (OzoneManagerRatisUtils.java:getOMRatisSnapshotDirectory(434)) - ozone.om.ratis.snapshot.dir is not configured. Falling back to ozone.metadata.dirs config
2022-08-20 13:51:00,192 [Listener at 127.0.0.1/46715] INFO  snapshot.OzoneManagerSnapshotProvider (OzoneManagerSnapshotProvider.java:<init>(76)) - Initializing OM Snapshot Provider
2022-08-20 13:51:00,194 [Listener at 127.0.0.1/46715] WARN  impl.MetricRegistriesImpl (MetricRegistriesImpl.java:addReporterRegistration(111)) - New reporters are added after registries were created. Some metrics will be missing from the reporter. Please add reporter before adding any new registry.
2022-08-20 13:51:00,194 [Listener at 127.0.0.1/46715] WARN  impl.MetricRegistriesImpl (MetricRegistriesImpl.java:addReporterRegistration(111)) - New reporters are added after registries were created. Some metrics will be missing from the reporter. Please add reporter before adding any new registry.
2022-08-20 13:51:00,194 [Listener at 127.0.0.1/46715] WARN  server.ServerUtils (ServerUtils.java:getDefaultRatisDirectory(237)) - Storage directory for Ratis is not configured. It is a good idea to map this to an SSD disk. Falling back to ozone.metadata.dirs
2022-08-20 13:51:00,195 [Listener at 127.0.0.1/46715] INFO  ratis.OzoneManagerRatisServer (OzoneManagerRatisServer.java:<init>(159)) - Instantiating OM Ratis server with groupID: omServiceId1 and peers: localhost:33775, localhost:39569, localhost:41759
2022-08-20 13:51:00,195 [Listener at 127.0.0.1/46715] INFO  ratis.OzoneManagerStateMachine (OzoneManagerStateMachine.java:loadSnapshotInfoFromDB(632)) - LastAppliedIndex is set from TransactionInfo from OM DB as (t:0, i:~)
2022-08-20 13:51:00,196 [Listener at 127.0.0.1/46715] INFO  server.RaftServer (ConfUtils.java:logGet(46)) - raft.rpc.type = GRPC (default)
2022-08-20 13:51:00,196 [Listener at 127.0.0.1/46715] INFO  grpc.GrpcFactory (GrpcFactory.java:checkPooledByteBufAllocatorUseCacheForAllThreads(48)) - PERFORMANCE WARNING: useCacheForAllThreads is true that may cause Netty to create a lot garbage objects and, as a result, trigger GC.
	It is recommended to disable useCacheForAllThreads by setting -Dorg.apache.ratis.thirdparty.io.netty.allocator.useCacheForAllThreads=false in command line.
2022-08-20 13:51:00,196 [Listener at 127.0.0.1/46715] INFO  grpc.GrpcConfigKeys (ConfUtils.java:logGet(46)) - raft.grpc.admin.port = -1 (default)
2022-08-20 13:51:00,196 [Listener at 127.0.0.1/46715] INFO  grpc.GrpcConfigKeys (ConfUtils.java:logGet(46)) - raft.grpc.server.port = 33775 (custom)
2022-08-20 13:51:00,196 [Listener at 127.0.0.1/46715] INFO  grpc.GrpcConfigKeys (ConfUtils.java:logGet(46)) - raft.grpc.client.port = -1 (default)
2022-08-20 13:51:00,196 [Listener at 127.0.0.1/46715] INFO  grpc.GrpcConfigKeys (ConfUtils.java:logGet(46)) - raft.grpc.server.port = 33775 (custom)
2022-08-20 13:51:00,196 [Listener at 127.0.0.1/46715] INFO  grpc.GrpcConfigKeys (ConfUtils.java:logGet(46)) - raft.grpc.server.port = 33775 (custom)
2022-08-20 13:51:00,196 [Listener at 127.0.0.1/46715] INFO  server.GrpcService (ConfUtils.java:logGet(46)) - raft.grpc.message.size.max = 33554432 (custom)
2022-08-20 13:51:00,196 [Listener at 127.0.0.1/46715] INFO  server.RaftServerConfigKeys (ConfUtils.java:logGet(46)) - raft.server.log.appender.buffer.byte-limit = 33554432 (custom)
2022-08-20 13:51:00,196 [Listener at 127.0.0.1/46715] INFO  server.GrpcService (ConfUtils.java:logGet(46)) - raft.grpc.flow.control.window = 1MB (=1048576) (default)
2022-08-20 13:51:00,196 [Listener at 127.0.0.1/46715] INFO  server.RaftServerConfigKeys (ConfUtils.java:logGet(46)) - raft.server.rpc.request.timeout = 3000ms (default)
2022-08-20 13:51:00,197 [Listener at 127.0.0.1/46715] INFO  grpc.GrpcConfigKeys (ConfUtils.java:logGet(46)) - raft.grpc.server.async.request.thread.pool.cached = true (default)
2022-08-20 13:51:00,197 [Listener at 127.0.0.1/46715] INFO  grpc.GrpcConfigKeys (ConfUtils.java:logGet(46)) - raft.grpc.server.async.request.thread.pool.size = 32 (default)
2022-08-20 13:51:00,198 [Listener at 127.0.0.1/46715] INFO  impl.DataStreamServerImpl (ConfUtils.java:logGet(46)) - raft.datastream.type = DISABLED (default)
2022-08-20 13:51:00,198 [Listener at 127.0.0.1/46715] INFO  server.RaftServerConfigKeys (ConfUtils.java:logGet(46)) - raft.server.threadpool.proxy.cached = true (default)
2022-08-20 13:51:00,198 [Listener at 127.0.0.1/46715] INFO  server.RaftServerConfigKeys (ConfUtils.java:logGet(46)) - raft.server.threadpool.proxy.size = 0 (default)
2022-08-20 13:51:00,198 [Listener at 127.0.0.1/46715] INFO  server.RaftServerConfigKeys (ConfUtils.java:logGet(46)) - raft.server.rpc.slowness.timeout = 2s (custom)
2022-08-20 13:51:00,198 [Listener at 127.0.0.1/46715] INFO  server.RaftServerConfigKeys (ConfUtils.java:logGet(46)) - raft.server.leaderelection.leader.step-down.wait-time = 10s (default)
2022-08-20 13:51:00,198 [Listener at 127.0.0.1/46715] INFO  server.RaftServerConfigKeys (ConfUtils.java:logGet(46)) - raft.server.storage.dir = [/home/runner/work/ozone/ozone/hadoop-ozone/integration-test/target/test-dir/MiniOzoneClusterImpl-1d33bde5-c0a1-446c-b0a2-a2cb2457c7cc/omNode-3/ratis] (custom)
2022-08-20 13:51:00,199 [Listener at 127.0.0.1/46715] INFO  server.RaftServer (RaftServerProxy.java:addNew(96)) - omNode-3: addNew group-6C22E66A003A:[omNode-3|rpc:localhost:33775|priority:0, omNode-1|rpc:localhost:39569|priority:0, omNode-2|rpc:localhost:41759|priority:0] returns group-6C22E66A003A:java.util.concurrent.CompletableFuture@1f517af9[Not completed]
2022-08-20 13:51:00,199 [Listener at 127.0.0.1/46715] INFO  om.OzoneManager (OzoneManager.java:initializeRatisServer(1963)) - OzoneManager Ratis server initialized at port 33775
2022-08-20 13:51:00,200 [Listener at 127.0.0.1/46715] INFO  om.OzoneManager (OzoneManager.java:getRpcServer(1086)) - Creating RPC Server
2022-08-20 13:51:00,201 [pool-175-thread-1] INFO  server.RaftServer$Division (RaftServerImpl.java:<init>(190)) - omNode-3: new RaftServerImpl for group-6C22E66A003A:[omNode-3|rpc:localhost:33775|priority:0, omNode-1|rpc:localhost:39569|priority:0, omNode-2|rpc:localhost:41759|priority:0] with OzoneManagerStateMachine:uninitialized
2022-08-20 13:51:00,201 [pool-175-thread-1] INFO  server.RaftServerConfigKeys (ConfUtils.java:logGet(46)) - raft.server.rpc.timeout.min = 1s (custom)
2022-08-20 13:51:00,201 [pool-175-thread-1] INFO  server.RaftServerConfigKeys (ConfUtils.java:logGet(46)) - raft.server.rpc.timeout.max = 1200ms (custom)
2022-08-20 13:51:00,202 [pool-175-thread-1] INFO  server.RaftServerConfigKeys (ConfUtils.java:logGet(46)) - raft.server.rpc.sleep.time = 25ms (default)
2022-08-20 13:51:00,202 [pool-175-thread-1] INFO  server.RaftServerConfigKeys (ConfUtils.java:logGet(46)) - raft.server.rpc.slowness.timeout = 2s (custom)
2022-08-20 13:51:00,202 [pool-175-thread-1] INFO  server.RaftServerConfigKeys (ConfUtils.java:logGet(46)) - raft.server.leaderelection.leader.step-down.wait-time = 10s (default)
2022-08-20 13:51:00,202 [pool-175-thread-1] INFO  server.RaftServerConfigKeys (ConfUtils.java:logGet(46)) - raft.server.sleep.deviation.threshold = 300ms (default)
2022-08-20 13:51:00,202 [pool-175-thread-1] INFO  server.RaftServer$Division (ServerState.java:<init>(107)) - omNode-3@group-6C22E66A003A: ConfigurationManager, init=-1: [omNode-3|rpc:localhost:33775|priority:0, omNode-1|rpc:localhost:39569|priority:0, omNode-2|rpc:localhost:41759|priority:0], old=null, confs=<EMPTY_MAP>
2022-08-20 13:51:00,202 [pool-175-thread-1] INFO  server.RaftServerConfigKeys (ConfUtils.java:logGet(46)) - raft.server.storage.dir = [/home/runner/work/ozone/ozone/hadoop-ozone/integration-test/target/test-dir/MiniOzoneClusterImpl-1d33bde5-c0a1-446c-b0a2-a2cb2457c7cc/omNode-3/ratis] (custom)
2022-08-20 13:51:00,202 [pool-175-thread-1] INFO  server.RaftServerConfigKeys (ConfUtils.java:logGet(46)) - raft.server.log.corruption.policy = EXCEPTION (default)
2022-08-20 13:51:00,207 [pool-175-thread-1] INFO  server.RaftServerConfigKeys (ConfUtils.java:logGet(46)) - raft.server.storage.free-space.min = 0MB (=0) (default)
2022-08-20 13:51:00,207 [pool-175-thread-1] INFO  storage.RaftStorageDirectory (RaftStorageDirectoryImpl.java:analyzeStorage(135)) - The storage directory /home/runner/work/ozone/ozone/hadoop-ozone/integration-test/target/test-dir/MiniOzoneClusterImpl-1d33bde5-c0a1-446c-b0a2-a2cb2457c7cc/omNode-3/ratis/9c9825ce-8ba7-3ee6-a7c3-6c22e66a003a does not exist. Creating ...
2022-08-20 13:51:00,208 [pool-175-thread-1] INFO  storage.RaftStorageDirectory (RaftStorageDirectoryImpl.java:tryLock(230)) - Lock on /home/runner/work/ozone/ozone/hadoop-ozone/integration-test/target/test-dir/MiniOzoneClusterImpl-1d33bde5-c0a1-446c-b0a2-a2cb2457c7cc/omNode-3/ratis/9c9825ce-8ba7-3ee6-a7c3-6c22e66a003a/in_use.lock acquired by nodename 20888@fv-az54-959
2022-08-20 13:51:00,210 [pool-175-thread-1] INFO  storage.RaftStorage (RaftStorageImpl.java:format(89)) - Storage directory /home/runner/work/ozone/ozone/hadoop-ozone/integration-test/target/test-dir/MiniOzoneClusterImpl-1d33bde5-c0a1-446c-b0a2-a2cb2457c7cc/omNode-3/ratis/9c9825ce-8ba7-3ee6-a7c3-6c22e66a003a has been successfully formatted.
2022-08-20 13:51:00,211 [pool-175-thread-1] INFO  server.RaftServerConfigKeys (ConfUtils.java:logGet(46)) - raft.server.notification.no-leader.timeout = 2s (custom)
2022-08-20 13:51:00,211 [pool-175-thread-1] INFO  server.RaftServerConfigKeys (ConfUtils.java:logGet(46)) - raft.server.log.use.memory = false (default)
2022-08-20 13:51:00,211 [pool-175-thread-1] INFO  server.RaftServerConfigKeys (ConfUtils.java:logGet(46)) - raft.server.log.purge.gap = 1000000 (custom)
2022-08-20 13:51:00,211 [pool-175-thread-1] INFO  server.RaftServerConfigKeys (ConfUtils.java:logGet(46)) - raft.server.log.appender.buffer.byte-limit = 33554432 (custom)
2022-08-20 13:51:00,211 [pool-175-thread-1] INFO  server.RaftServerConfigKeys (ConfUtils.java:logGet(46)) - raft.server.log.statemachine.data.read.timeout = 1000ms (default)
2022-08-20 13:51:00,211 [pool-175-thread-1] INFO  server.RaftServerConfigKeys (ConfUtils.java:logGet(46)) - raft.server.log.segment.size.max = 4194304 (custom)
2022-08-20 13:51:00,212 [pool-175-thread-1] INFO  server.RaftServerConfigKeys (ConfUtils.java:logGet(46)) - raft.server.log.segment.cache.num.max = 2 (custom)
2022-08-20 13:51:00,212 [pool-175-thread-1] INFO  server.RaftServerConfigKeys (ConfUtils.java:logGet(46)) - raft.server.log.segment.cache.size.max = 200MB (=209715200) (default)
2022-08-20 13:51:00,212 [pool-175-thread-1] INFO  segmented.SegmentedRaftLogWorker (SegmentedRaftLogWorker.java:<init>(187)) - new omNode-3@group-6C22E66A003A-SegmentedRaftLogWorker for RaftStorageImpl:Storage Directory /home/runner/work/ozone/ozone/hadoop-ozone/integration-test/target/test-dir/MiniOzoneClusterImpl-1d33bde5-c0a1-446c-b0a2-a2cb2457c7cc/omNode-3/ratis/9c9825ce-8ba7-3ee6-a7c3-6c22e66a003a
2022-08-20 13:51:00,212 [pool-175-thread-1] INFO  server.RaftServerConfigKeys (ConfUtils.java:logGet(46)) - raft.server.log.queue.byte-limit = 64MB (=67108864) (default)
2022-08-20 13:51:00,212 [pool-175-thread-1] INFO  server.RaftServerConfigKeys (ConfUtils.java:logGet(46)) - raft.server.log.queue.element-limit = 4096 (default)
2022-08-20 13:51:00,212 [pool-175-thread-1] INFO  server.RaftServerConfigKeys (ConfUtils.java:logGet(46)) - raft.server.log.segment.size.max = 4194304 (custom)
2022-08-20 13:51:00,212 [pool-175-thread-1] INFO  server.RaftServerConfigKeys (ConfUtils.java:logGet(46)) - raft.server.log.preallocated.size = 4194304 (custom)
2022-08-20 13:51:00,212 [pool-175-thread-1] INFO  server.RaftServerConfigKeys (ConfUtils.java:logGet(46)) - raft.server.log.force.sync.num = 128 (default)
2022-08-20 13:51:00,212 [pool-175-thread-1] INFO  server.RaftServerConfigKeys (ConfUtils.java:logGet(46)) - raft.server.log.statemachine.data.sync = true (default)
2022-08-20 13:51:00,212 [pool-175-thread-1] INFO  server.RaftServerConfigKeys (ConfUtils.java:logGet(46)) - raft.server.log.statemachine.data.sync.timeout = 10s (default)
2022-08-20 13:51:00,212 [pool-175-thread-1] INFO  server.RaftServerConfigKeys (ConfUtils.java:logGet(46)) - raft.server.log.statemachine.data.sync.timeout.retry = -1 (default)
2022-08-20 13:51:00,213 [pool-175-thread-1] INFO  server.RaftServerConfigKeys (ConfUtils.java:logGet(46)) - raft.server.log.write.buffer.size = 64KB (=65536) (default)
2022-08-20 13:51:00,213 [pool-175-thread-1] INFO  server.RaftServerConfigKeys (ConfUtils.java:logGet(46)) - raft.server.log.unsafe-flush.enabled = false (default)
2022-08-20 13:51:00,213 [pool-175-thread-1] INFO  server.RaftServerConfigKeys (ConfUtils.java:logGet(46)) - raft.server.log.statemachine.data.caching.enabled = false (default)
2022-08-20 13:51:00,213 [pool-175-thread-1] INFO  segmented.SegmentedRaftLogWorker (SegmentedRaftLogWorker.java:lambda$new$0(135)) - omNode-3@group-6C22E66A003A-SegmentedRaftLogWorker: flushIndex: setUnconditionally 0 -> -1
2022-08-20 13:51:00,213 [pool-175-thread-1] INFO  segmented.SegmentedRaftLogWorker (SegmentedRaftLogWorker.java:lambda$new$0(135)) - omNode-3@group-6C22E66A003A-SegmentedRaftLogWorker: safeCacheEvictIndex: setUnconditionally 0 -> -1
2022-08-20 13:51:00,218 [pool-175-thread-1] INFO  server.RaftServerConfigKeys (ConfUtils.java:logGet(46)) - raft.server.snapshot.auto.trigger.enabled = true (custom)
2022-08-20 13:51:00,218 [pool-175-thread-1] INFO  server.RaftServerConfigKeys (ConfUtils.java:logGet(46)) - raft.server.snapshot.auto.trigger.threshold = 400000 (default)
2022-08-20 13:51:00,218 [pool-175-thread-1] INFO  server.RaftServerConfigKeys (ConfUtils.java:logGet(46)) - raft.server.snapshot.retention.file.num = -1 (default)
2022-08-20 13:51:00,218 [pool-175-thread-1] INFO  server.RaftServerConfigKeys (ConfUtils.java:logGet(46)) - raft.server.log.purge.upto.snapshot.index = true (custom)
2022-08-20 13:51:00,219 [pool-175-thread-1] INFO  server.RaftServerConfigKeys (ConfUtils.java:logGet(46)) - raft.server.retrycache.expirytime = 300s (custom)
2022-08-20 13:51:00,219 [pool-175-thread-1] INFO  server.RaftServerConfigKeys (ConfUtils.java:logGet(46)) - raft.server.retrycache.statistics.expirytime = 100μs (default)
2022-08-20 13:51:00,220 [pool-175-thread-1] INFO  server.RaftServerConfigKeys (ConfUtils.java:logGet(46)) - raft.server.log.appender.install.snapshot.enabled = false (custom)
2022-08-20 13:51:00,220 [pool-175-thread-1] INFO  server.RaftServerConfigKeys (ConfUtils.java:logGet(46)) - raft.server.threadpool.server.cached = true (default)
2022-08-20 13:51:00,220 [pool-175-thread-1] INFO  server.RaftServerConfigKeys (ConfUtils.java:logGet(46)) - raft.server.threadpool.server.size = 0 (default)
2022-08-20 13:51:00,220 [pool-175-thread-1] INFO  server.RaftServerConfigKeys (ConfUtils.java:logGet(46)) - raft.server.threadpool.client.cached = true (default)
2022-08-20 13:51:00,220 [pool-175-thread-1] INFO  server.RaftServerConfigKeys (ConfUtils.java:logGet(46)) - raft.server.threadpool.client.size = 0 (default)
2022-08-20 13:51:00,536 [Listener at 127.0.0.1/46715] INFO  reflections.Reflections (Reflections.java:scan(232)) - Reflections took 334 ms to scan 19 urls, producing 67 keys and 4158 values [using 2 cores]
2022-08-20 13:51:00,542 [Listener at 127.0.0.1/46715] INFO  ipc.CallQueueManager (CallQueueManager.java:<init>(90)) - Using callQueue: class java.util.concurrent.LinkedBlockingQueue, queueCapacity: 2000, scheduler: class org.apache.hadoop.ipc.DefaultRpcScheduler, ipcBackoff: false.
2022-08-20 13:51:00,542 [Socket Reader #1 for port 34995] INFO  ipc.Server (Server.java:run(1265)) - Starting Socket Reader #1 for port 34995
2022-08-20 13:51:00,561 [Listener at 127.0.0.1/34995] INFO  impl.MetricsSystemImpl (MetricsSystemImpl.java:init(158)) - OzoneManager metrics system started (again)
2022-08-20 13:51:00,574 [Listener at 127.0.0.1/34995] INFO  om.OzoneManager (OzoneManager.java:start(1470)) - OzoneManager RPC server is listening at localhost/127.0.0.1:34995
2022-08-20 13:51:00,574 [Listener at 127.0.0.1/34995] INFO  ratis.OzoneManagerRatisServer (OzoneManagerRatisServer.java:start(554)) - Starting OzoneManagerRatisServer omNode-3 at port 33775
2022-08-20 13:51:00,574 [omNode-3-impl-thread1] INFO  server.RaftServer$Division (RaftServerImpl.java:start(310)) - omNode-3@group-6C22E66A003A: start as a follower, conf=-1: [omNode-3|rpc:localhost:33775|priority:0, omNode-1|rpc:localhost:39569|priority:0, omNode-2|rpc:localhost:41759|priority:0], old=null
2022-08-20 13:51:00,574 [omNode-3-impl-thread1] INFO  server.RaftServer$Division (RaftServerImpl.java:setRole(299)) - omNode-3@group-6C22E66A003A: changes role from      null to FOLLOWER at term 0 for startAsFollower
2022-08-20 13:51:00,574 [omNode-3-impl-thread1] INFO  impl.RoleInfo (RoleInfo.java:updateAndGet(139)) - omNode-3: start omNode-3@group-6C22E66A003A-FollowerState
2022-08-20 13:51:00,574 [omNode-3-impl-thread1] INFO  util.JmxRegister (JmxRegister.java:tryRegister(44)) - Successfully registered JMX Bean with object name Ratis:service=RaftServer,group=group-6C22E66A003A,id=omNode-3
2022-08-20 13:51:00,576 [Listener at 127.0.0.1/34995] INFO  server.RaftServer (RaftServerProxy.java:lambda$start$6(382)) - omNode-3: start RPC server
2022-08-20 13:51:00,579 [Listener at 127.0.0.1/34995] INFO  server.GrpcService (GrpcService.java:startImpl(260)) - omNode-3: GrpcService started, listening on 33775
2022-08-20 13:51:00,579 [Listener at 127.0.0.1/34995] INFO  om.OzoneManager (OzoneManager.java:start(1486)) - Version File has different layout version (3) than OM DB (null). That is expected if this OM has never been finalized to a newer layout version.
2022-08-20 13:51:00,579 [org.apache.ratis.util.JvmPauseMonitor$$Lambda$519/858083045@76ce8dbc] INFO  util.JvmPauseMonitor (JvmPauseMonitor.java:run(103)) - JvmPauseMonitor-omNode-3: Started
2022-08-20 13:51:00,581 [Listener at 127.0.0.1/34995] INFO  http.BaseHttpServer (BaseHttpServer.java:newHttpServer2BuilderForOzone(209)) - Starting Web-server for ozoneManager at: http://0.0.0.0:35279
2022-08-20 13:51:00,582 [Listener at 127.0.0.1/34995] INFO  http.BaseHttpServer (BaseHttpServer.java:<init>(107)) - Hadoop Security Enabled: false Ozone Security Enabled: false Ozone HTTP Security Enabled: false 
2022-08-20 13:51:00,583 [Listener at 127.0.0.1/34995] INFO  server.AuthenticationFilter (AuthenticationFilter.java:constructSecretProvider(240)) - Unable to initialize FileSignerSecretProvider, falling back to use random secrets.
2022-08-20 13:51:00,584 [Listener at 127.0.0.1/34995] WARN  http.HttpRequestLog (HttpRequestLog.java:getRequestLog(103)) - Jetty request log can only be enabled using Log4j
2022-08-20 13:51:00,585 [Listener at 127.0.0.1/34995] INFO  http.HttpServer2 (HttpServer2.java:addGlobalFilter(1029)) - Added global filter 'safety' (class=org.apache.hadoop.hdds.server.http.HttpServer2$QuotingInputFilter)
2022-08-20 13:51:00,586 [Listener at 127.0.0.1/34995] INFO  http.HttpServer2 (HttpServer2.java:addFilter(1005)) - Added filter static_user_filter (class=org.apache.hadoop.http.lib.StaticUserWebFilter$StaticUserFilter) to context ozoneManager
2022-08-20 13:51:00,586 [Listener at 127.0.0.1/34995] INFO  http.HttpServer2 (HttpServer2.java:addFilter(1013)) - Added filter static_user_filter (class=org.apache.hadoop.http.lib.StaticUserWebFilter$StaticUserFilter) to context logs
2022-08-20 13:51:00,586 [Listener at 127.0.0.1/34995] INFO  http.HttpServer2 (HttpServer2.java:addFilter(1013)) - Added filter static_user_filter (class=org.apache.hadoop.http.lib.StaticUserWebFilter$StaticUserFilter) to context static
2022-08-20 13:51:00,587 [Listener at 127.0.0.1/34995] INFO  http.HttpServer2 (HttpServer2.java:bindListener(1248)) - Jetty bound to port 35279
2022-08-20 13:51:00,587 [Listener at 127.0.0.1/34995] INFO  server.Server (Server.java:doStart(375)) - jetty-9.4.43.v20210629; built: 2021-06-30T11:07:22.254Z; git: 526006ecfa3af7f1a27ef3a288e2bef7ea9dd7e8; jvm 1.8.0_332-b09
2022-08-20 13:51:00,592 [Listener at 127.0.0.1/34995] INFO  server.session (DefaultSessionIdManager.java:doStart(334)) - DefaultSessionIdManager workerName=node0
2022-08-20 13:51:00,592 [Listener at 127.0.0.1/34995] INFO  server.session (DefaultSessionIdManager.java:doStart(339)) - No SessionScavenger set, using defaults
2022-08-20 13:51:00,592 [Listener at 127.0.0.1/34995] INFO  server.session (HouseKeeper.java:startScavenging(132)) - node0 Scavenging every 660000ms
2022-08-20 13:51:00,593 [Listener at 127.0.0.1/34995] INFO  handler.ContextHandler (ContextHandler.java:doStart(915)) - Started o.e.j.s.ServletContextHandler@74366e67{logs,/logs,file:///home/runner/work/ozone/ozone/hadoop-ozone/integration-test/target/log,AVAILABLE}
2022-08-20 13:51:00,593 [Listener at 127.0.0.1/34995] INFO  handler.ContextHandler (ContextHandler.java:doStart(915)) - Started o.e.j.s.ServletContextHandler@210f8e75{static,/static,file:///home/runner/work/ozone/ozone/hadoop-ozone/integration-test/target/test-classes/webapps/static,AVAILABLE}
2022-08-20 13:51:00,596 [Listener at 127.0.0.1/34995] INFO  handler.ContextHandler (ContextHandler.java:doStart(915)) - Started o.e.j.w.WebAppContext@5a81c924{ozoneManager,/,file:///home/runner/work/ozone/ozone/hadoop-ozone/integration-test/target/test-classes/webapps/ozoneManager/,AVAILABLE}{file:/home/runner/work/ozone/ozone/hadoop-ozone/integration-test/target/test-classes/webapps/ozoneManager}
2022-08-20 13:51:00,598 [Listener at 127.0.0.1/34995] INFO  server.AbstractConnector (AbstractConnector.java:doStart(331)) - Started ServerConnector@1b7984c9{HTTP/1.1, (http/1.1)}{0.0.0.0:35279}
2022-08-20 13:51:00,598 [Listener at 127.0.0.1/34995] INFO  server.Server (Server.java:doStart(415)) - Started @24842ms
2022-08-20 13:51:00,598 [Listener at 127.0.0.1/34995] WARN  impl.MetricsSystemImpl (MetricsSystemImpl.java:register(279)) - Sink prometheus already exists!
2022-08-20 13:51:00,599 [Listener at 127.0.0.1/34995] INFO  http.BaseHttpServer (BaseHttpServer.java:updateConnectorAddress(329)) - HTTP server of ozoneManager listening at http://0.0.0.0:35279
2022-08-20 13:51:00,599 [IPC Server Responder] INFO  ipc.Server (Server.java:run(1507)) - IPC Server Responder: starting
2022-08-20 13:51:00,601 [IPC Server listener on 34995] INFO  ipc.Server (Server.java:run(1344)) - IPC Server listener on 34995: starting
2022-08-20 13:51:00,609 [Listener at 127.0.0.1/34995] INFO  om.OzoneManager (OzoneManager.java:startTrashEmptier(1907)) - Trash Interval set to 0. Files deleted won't move to trash
2022-08-20 13:51:00,610 [Listener at 127.0.0.1/34995] INFO  ozone.MiniOzoneHAClusterImpl (MiniOzoneHAClusterImpl.java:createOMService(527)) - Started OzoneManager omNode-3 RPC server at localhost/127.0.0.1:34995
2022-08-20 13:51:00,610 [org.apache.hadoop.util.JvmPauseMonitor$Monitor@29c26e95] INFO  util.JvmPauseMonitor (JvmPauseMonitor.java:run(188)) - Starting JVM pause monitor
2022-08-20 13:51:00,780 [Listener at 127.0.0.1/34995] WARN  impl.MetricRegistriesImpl (MetricRegistriesImpl.java:addReporterRegistration(111)) - New reporters are added after registries were created. Some metrics will be missing from the reporter. Please add reporter before adding any new registry.
2022-08-20 13:51:00,780 [Listener at 127.0.0.1/34995] WARN  impl.MetricRegistriesImpl (MetricRegistriesImpl.java:addReporterRegistration(111)) - New reporters are added after registries were created. Some metrics will be missing from the reporter. Please add reporter before adding any new registry.
2022-08-20 13:51:00,780 [Listener at 127.0.0.1/34995] INFO  impl.MetricsSystemImpl (MetricsSystemImpl.java:init(158)) - HddsDatanode metrics system started (again)
2022-08-20 13:51:00,796 [Listener at 127.0.0.1/34995] INFO  ozone.HddsDatanodeService (HddsDatanodeService.java:start(236)) - HddsDatanodeService host:fv-az54-959.qczjibyfz4dularrisj3jz1gre.bx.internal.cloudapp.net ip:10.1.0.37
2022-08-20 13:51:00,828 [Listener at 127.0.0.1/34995] INFO  upgrade.AbstractLayoutVersionManager (AbstractLayoutVersionManager.java:init(83)) - Initializing Layout version manager with metadata layout = DATANODE_SCHEMA_V3 (version = 4), software layout = DATANODE_SCHEMA_V3 (version = 4)
2022-08-20 13:51:00,878 [Listener at 127.0.0.1/34995] INFO  reflections.Reflections (Reflections.java:scan(232)) - Reflections took 48 ms to scan 7 urls, producing 133 keys and 322 values 
2022-08-20 13:51:00,882 [Listener at 127.0.0.1/34995] INFO  ha.SCMNodeInfo (SCMNodeInfo.java:getPort(197)) - ConfigKey ozone.scm.client.address is deprecated, For configuring different ports for each SCM use PortConfigKey ozone.scm.client.port appended with serviceId and nodeId
2022-08-20 13:51:00,882 [Listener at 127.0.0.1/34995] INFO  ha.SCMNodeInfo (SCMNodeInfo.java:getPort(197)) - ConfigKey ozone.scm.block.client.address is deprecated, For configuring different ports for each SCM use PortConfigKey ozone.scm.block.client.port appended with serviceId and nodeId
2022-08-20 13:51:00,882 [Listener at 127.0.0.1/34995] INFO  ha.SCMNodeInfo (SCMNodeInfo.java:getPort(197)) - ConfigKey ozone.scm.datanode.address is deprecated, For configuring different ports for each SCM use PortConfigKey ozone.scm.datanode.port appended with serviceId and nodeId
2022-08-20 13:51:00,882 [Listener at 127.0.0.1/34995] INFO  ha.SCMNodeInfo (SCMNodeInfo.java:getPort(197)) - ConfigKey ozone.scm.client.address is deprecated, For configuring different ports for each SCM use PortConfigKey ozone.scm.client.port appended with serviceId and nodeId
2022-08-20 13:51:00,882 [Listener at 127.0.0.1/34995] INFO  ha.SCMNodeInfo (SCMNodeInfo.java:getPort(197)) - ConfigKey ozone.scm.block.client.address is deprecated, For configuring different ports for each SCM use PortConfigKey ozone.scm.block.client.port appended with serviceId and nodeId
2022-08-20 13:51:00,882 [Listener at 127.0.0.1/34995] INFO  ha.SCMNodeInfo (SCMNodeInfo.java:getPort(197)) - ConfigKey ozone.scm.datanode.address is deprecated, For configuring different ports for each SCM use PortConfigKey ozone.scm.datanode.port appended with serviceId and nodeId
2022-08-20 13:51:00,882 [Listener at 127.0.0.1/34995] INFO  ha.SCMNodeInfo (SCMNodeInfo.java:getPort(197)) - ConfigKey ozone.scm.client.address is deprecated, For configuring different ports for each SCM use PortConfigKey ozone.scm.client.port appended with serviceId and nodeId
2022-08-20 13:51:00,882 [Listener at 127.0.0.1/34995] INFO  ha.SCMNodeInfo (SCMNodeInfo.java:getPort(197)) - ConfigKey ozone.scm.block.client.address is deprecated, For configuring different ports for each SCM use PortConfigKey ozone.scm.block.client.port appended with serviceId and nodeId
2022-08-20 13:51:00,882 [Listener at 127.0.0.1/34995] INFO  ha.SCMNodeInfo (SCMNodeInfo.java:getPort(197)) - ConfigKey ozone.scm.datanode.address is deprecated, For configuring different ports for each SCM use PortConfigKey ozone.scm.datanode.port appended with serviceId and nodeId
2022-08-20 13:51:00,883 [Listener at 127.0.0.1/34995] INFO  statemachine.DatanodeStateMachine (DatanodeStateMachine.java:getEndPointTaskThreadPoolSize(237)) - Datanode State Machine Task Thread Pool size 4
2022-08-20 13:51:00,946 [omNode-2@group-6C22E66A003A-FollowerState] INFO  impl.FollowerState (FollowerState.java:run(143)) - omNode-2@group-6C22E66A003A-FollowerState: change to CANDIDATE, lastRpcElapsedTime:1099615858ns, electionTimeout:1043ms
2022-08-20 13:51:00,947 [omNode-2@group-6C22E66A003A-FollowerState] INFO  impl.RoleInfo (RoleInfo.java:shutdownFollowerState(110)) - omNode-2: shutdown omNode-2@group-6C22E66A003A-FollowerState
2022-08-20 13:51:00,947 [omNode-2@group-6C22E66A003A-FollowerState] INFO  server.RaftServer$Division (RaftServerImpl.java:setRole(299)) - omNode-2@group-6C22E66A003A: changes role from  FOLLOWER to CANDIDATE at term 0 for changeToCandidate
2022-08-20 13:51:00,947 [omNode-2@group-6C22E66A003A-FollowerState] INFO  server.RaftServerConfigKeys (ConfUtils.java:logGet(46)) - raft.server.leaderelection.pre-vote = false (custom)
2022-08-20 13:51:00,947 [omNode-2@group-6C22E66A003A-FollowerState] INFO  impl.RoleInfo (RoleInfo.java:updateAndGet(139)) - omNode-2: start omNode-2@group-6C22E66A003A-LeaderElection4
2022-08-20 13:51:00,957 [omNode-2@group-6C22E66A003A-LeaderElection4] INFO  impl.LeaderElection (LeaderElection.java:askForVotes(310)) - omNode-2@group-6C22E66A003A-LeaderElection4 ELECTION round 0: submit vote requests at term 1 for -1: [omNode-3|rpc:localhost:33775|priority:0, omNode-1|rpc:localhost:39569|priority:0, omNode-2|rpc:localhost:41759|priority:0], old=null
2022-08-20 13:51:00,991 [grpc-default-executor-1] INFO  server.RaftServer$Division (RaftServerImpl.java:requestVote(1152)) - omNode-3@group-6C22E66A003A: receive requestVote(ELECTION, omNode-2, group-6C22E66A003A, 1, (t:0, i:~))
2022-08-20 13:51:00,993 [grpc-default-executor-1] INFO  impl.VoteContext (VoteContext.java:log(48)) - omNode-3@group-6C22E66A003A-FOLLOWER: accept ELECTION from omNode-2: our priority 0 <= candidate's priority 0
2022-08-20 13:51:00,993 [grpc-default-executor-1] INFO  server.RaftServer$Division (RaftServerImpl.java:setRole(299)) - omNode-3@group-6C22E66A003A: changes role from  FOLLOWER to FOLLOWER at term 1 for candidate:omNode-2
2022-08-20 13:51:00,993 [grpc-default-executor-1] INFO  impl.RoleInfo (RoleInfo.java:shutdownFollowerState(110)) - omNode-3: shutdown omNode-3@group-6C22E66A003A-FollowerState
2022-08-20 13:51:00,994 [grpc-default-executor-2] INFO  server.RaftServer$Division (RaftServerImpl.java:requestVote(1152)) - omNode-1@group-6C22E66A003A: receive requestVote(ELECTION, omNode-2, group-6C22E66A003A, 1, (t:0, i:~))
2022-08-20 13:51:00,994 [omNode-3@group-6C22E66A003A-FollowerState] INFO  impl.FollowerState (FollowerState.java:run(152)) - omNode-3@group-6C22E66A003A-FollowerState was interrupted
2022-08-20 13:51:00,994 [grpc-default-executor-1] INFO  impl.RoleInfo (RoleInfo.java:updateAndGet(139)) - omNode-3: start omNode-3@group-6C22E66A003A-FollowerState
2022-08-20 13:51:01,000 [grpc-default-executor-1] INFO  server.RaftServer$Division (RaftServerImpl.java:requestVote(1184)) - omNode-3@group-6C22E66A003A replies to ELECTION vote request: omNode-2<-omNode-3#0:OK-t1. Peer's state: omNode-3@group-6C22E66A003A:t1, leader=null, voted=omNode-2, raftlog=omNode-3@group-6C22E66A003A-SegmentedRaftLog:OPENED:c-1, conf=-1: [omNode-3|rpc:localhost:33775|priority:0, omNode-1|rpc:localhost:39569|priority:0, omNode-2|rpc:localhost:41759|priority:0], old=null
2022-08-20 13:51:00,994 [grpc-default-executor-2] INFO  impl.VoteContext (VoteContext.java:log(48)) - omNode-1@group-6C22E66A003A-FOLLOWER: reject ELECTION from omNode-2: already has voted for omNode-1 at current term 1
2022-08-20 13:51:01,008 [grpc-default-executor-2] INFO  server.RaftServer$Division (RaftServerImpl.java:requestVote(1184)) - omNode-1@group-6C22E66A003A replies to ELECTION vote request: omNode-2<-omNode-1#0:FAIL-t1. Peer's state: omNode-1@group-6C22E66A003A:t1, leader=null, voted=omNode-1, raftlog=omNode-1@group-6C22E66A003A-SegmentedRaftLog:OPENED:c-1, conf=-1: [omNode-3|rpc:localhost:33775|priority:0, omNode-1|rpc:localhost:39569|priority:0, omNode-2|rpc:localhost:41759|priority:0], old=null
2022-08-20 13:51:01,014 [omNode-2@group-6C22E66A003A-LeaderElection4] INFO  impl.LeaderElection (LeaderElection.java:logAndReturn(90)) - omNode-2@group-6C22E66A003A-LeaderElection4: ELECTION PASSED received 1 response(s) and 0 exception(s):
2022-08-20 13:51:01,014 [omNode-2@group-6C22E66A003A-LeaderElection4] INFO  impl.LeaderElection (LeaderElection.java:logAndReturn(94)) -   Response 0: omNode-2<-omNode-3#0:OK-t1
2022-08-20 13:51:01,014 [omNode-2@group-6C22E66A003A-LeaderElection4] INFO  impl.LeaderElection (LeaderElection.java:askForVotes(312)) - omNode-2@group-6C22E66A003A-LeaderElection4 ELECTION round 0: result PASSED
2022-08-20 13:51:01,014 [omNode-2@group-6C22E66A003A-LeaderElection4] INFO  impl.RoleInfo (RoleInfo.java:shutdownLeaderElection(130)) - omNode-2: shutdown omNode-2@group-6C22E66A003A-LeaderElection4
2022-08-20 13:51:01,014 [omNode-2@group-6C22E66A003A-LeaderElection4] INFO  server.RaftServer$Division (RaftServerImpl.java:setRole(299)) - omNode-2@group-6C22E66A003A: changes role from CANDIDATE to LEADER at term 1 for changeToLeader
2022-08-20 13:51:01,014 [omNode-2@group-6C22E66A003A-LeaderElection4] INFO  server.RaftServer$Division (ServerState.java:setLeader(287)) - omNode-2@group-6C22E66A003A: change Leader from null to omNode-2 at term 1 for becomeLeader, leader elected after 1878ms
2022-08-20 13:51:01,015 [omNode-2@group-6C22E66A003A-LeaderElection4] INFO  server.RaftServerConfigKeys (ConfUtils.java:logGet(46)) - raft.server.staging.catchup.gap = 1000 (default)
2022-08-20 13:51:01,015 [omNode-2@group-6C22E66A003A-LeaderElection4] INFO  server.RaftServerConfigKeys (ConfUtils.java:logGet(46)) - raft.server.write.element-limit = 4096 (default)
2022-08-20 13:51:01,015 [omNode-2@group-6C22E66A003A-LeaderElection4] INFO  server.RaftServerConfigKeys (ConfUtils.java:logGet(46)) - raft.server.write.byte-limit = 64MB (=67108864) (default)
2022-08-20 13:51:01,015 [omNode-2@group-6C22E66A003A-LeaderElection4] INFO  server.RaftServerConfigKeys (ConfUtils.java:logGet(46)) - raft.server.watch.timeout = 10s (default)
2022-08-20 13:51:01,015 [omNode-2@group-6C22E66A003A-LeaderElection4] INFO  server.RaftServerConfigKeys (ConfUtils.java:logGet(46)) - raft.server.watch.timeout.denomination = 1s (default)
2022-08-20 13:51:01,015 [omNode-2@group-6C22E66A003A-LeaderElection4] INFO  server.RaftServerConfigKeys (ConfUtils.java:logGet(46)) - raft.server.watch.element-limit = 65536 (default)
2022-08-20 13:51:01,015 [omNode-2@group-6C22E66A003A-LeaderElection4] INFO  server.RaftServerConfigKeys (ConfUtils.java:logGet(46)) - raft.server.write.element-limit = 4096 (default)
2022-08-20 13:51:01,015 [omNode-2@group-6C22E66A003A-LeaderElection4] INFO  server.RaftServerConfigKeys (ConfUtils.java:logGet(46)) - raft.server.write.follower.gap.ratio.max = -1.0 (default)
2022-08-20 13:51:01,016 [omNode-2@group-6C22E66A003A-LeaderElection4] INFO  server.RaftServerConfigKeys (ConfUtils.java:logGet(46)) - raft.server.log.appender.snapshot.chunk.size.max = 16MB (=16777216) (default)
2022-08-20 13:51:01,016 [omNode-2@group-6C22E66A003A-LeaderElection4] INFO  server.RaftServerConfigKeys (ConfUtils.java:logGet(46)) - raft.server.log.appender.buffer.byte-limit = 33554432 (custom)
2022-08-20 13:51:01,016 [omNode-2@group-6C22E66A003A-LeaderElection4] INFO  server.RaftServerConfigKeys (ConfUtils.java:logGet(46)) - raft.server.log.appender.buffer.element-limit = 1024 (custom)
2022-08-20 13:51:01,016 [omNode-2@group-6C22E66A003A-LeaderElection4] INFO  grpc.GrpcConfigKeys (ConfUtils.java:logGet(46)) - raft.grpc.server.leader.outstanding.appends.max = 128 (default)
2022-08-20 13:51:01,016 [omNode-2@group-6C22E66A003A-LeaderElection4] INFO  server.RaftServerConfigKeys (ConfUtils.java:logGet(46)) - raft.server.rpc.request.timeout = 3000ms (default)
2022-08-20 13:51:01,016 [omNode-2@group-6C22E66A003A-LeaderElection4] INFO  server.RaftServerConfigKeys (ConfUtils.java:logGet(46)) - raft.server.log.appender.install.snapshot.enabled = false (custom)
2022-08-20 13:51:01,017 [omNode-2@group-6C22E66A003A-LeaderElection4] INFO  server.RaftServerConfigKeys (ConfUtils.java:logGet(46)) - raft.server.log.appender.snapshot.chunk.size.max = 16MB (=16777216) (default)
2022-08-20 13:51:01,017 [omNode-2@group-6C22E66A003A-LeaderElection4] INFO  server.RaftServerConfigKeys (ConfUtils.java:logGet(46)) - raft.server.log.appender.buffer.byte-limit = 33554432 (custom)
2022-08-20 13:51:01,017 [omNode-2@group-6C22E66A003A-LeaderElection4] INFO  server.RaftServerConfigKeys (ConfUtils.java:logGet(46)) - raft.server.log.appender.buffer.element-limit = 1024 (custom)
2022-08-20 13:51:01,017 [omNode-2@group-6C22E66A003A-LeaderElection4] INFO  grpc.GrpcConfigKeys (ConfUtils.java:logGet(46)) - raft.grpc.server.leader.outstanding.appends.max = 128 (default)
2022-08-20 13:51:01,017 [omNode-2@group-6C22E66A003A-LeaderElection4] INFO  server.RaftServerConfigKeys (ConfUtils.java:logGet(46)) - raft.server.rpc.request.timeout = 3000ms (default)
2022-08-20 13:51:01,017 [omNode-2@group-6C22E66A003A-LeaderElection4] INFO  server.RaftServerConfigKeys (ConfUtils.java:logGet(46)) - raft.server.log.appender.install.snapshot.enabled = false (custom)
2022-08-20 13:51:01,019 [omNode-2@group-6C22E66A003A-LeaderElection4] INFO  impl.RoleInfo (RoleInfo.java:updateAndGet(139)) - omNode-2: start omNode-2@group-6C22E66A003A-LeaderStateImpl
2022-08-20 13:51:01,019 [omNode-2@group-6C22E66A003A-LeaderElection4] INFO  segmented.SegmentedRaftLogWorker (SegmentedRaftLogWorker.java:startLogSegment(425)) - omNode-2@group-6C22E66A003A-SegmentedRaftLogWorker: Starting segment from index:0
2022-08-20 13:51:01,032 [omNode-2@group-6C22E66A003A-SegmentedRaftLogWorker] INFO  segmented.SegmentedRaftLogWorker (SegmentedRaftLogWorker.java:execute(629)) - omNode-2@group-6C22E66A003A-SegmentedRaftLogWorker: created new log segment /home/runner/work/ozone/ozone/hadoop-ozone/integration-test/target/test-dir/MiniOzoneClusterImpl-1d33bde5-c0a1-446c-b0a2-a2cb2457c7cc/omNode-2/ratis/9c9825ce-8ba7-3ee6-a7c3-6c22e66a003a/current/log_inprogress_0
2022-08-20 13:51:01,037 [omNode-2@group-6C22E66A003A-LeaderElection4] INFO  server.RaftServer$Division (ServerState.java:setRaftConf(393)) - omNode-2@group-6C22E66A003A: set configuration 0: [omNode-3|rpc:localhost:33775|admin:|client:|dataStream:|priority:0, omNode-1|rpc:localhost:39569|admin:|client:|dataStream:|priority:0, omNode-2|rpc:localhost:41759|admin:|client:|dataStream:|priority:0], old=null
2022-08-20 13:51:01,039 [omNode-1@group-6C22E66A003A-FollowerState] INFO  impl.FollowerState (FollowerState.java:run(143)) - omNode-1@group-6C22E66A003A-FollowerState: change to CANDIDATE, lastRpcElapsedTime:1157834188ns, electionTimeout:1147ms
2022-08-20 13:51:01,039 [omNode-1@group-6C22E66A003A-FollowerState] INFO  impl.RoleInfo (RoleInfo.java:shutdownFollowerState(110)) - omNode-1: shutdown omNode-1@group-6C22E66A003A-FollowerState
2022-08-20 13:51:01,039 [omNode-1@group-6C22E66A003A-FollowerState] INFO  server.RaftServer$Division (RaftServerImpl.java:setRole(299)) - omNode-1@group-6C22E66A003A: changes role from  FOLLOWER to CANDIDATE at term 1 for changeToCandidate
2022-08-20 13:51:01,044 [omNode-2@group-6C22E66A003A-StateMachineUpdater] INFO  ratis.OzoneManagerStateMachine (OzoneManagerStateMachine.java:notifyConfigurationChanged(192)) - Received Configuration change notification from Ratis. New Peer list:
[id: "omNode-3"
address: "localhost:33775"
, id: "omNode-1"
address: "localhost:39569"
, id: "omNode-2"
address: "localhost:41759"
]
2022-08-20 13:51:01,050 [omNode-1@group-6C22E66A003A-FollowerState] INFO  server.RaftServerConfigKeys (ConfUtils.java:logGet(46)) - raft.server.leaderelection.pre-vote = false (custom)
2022-08-20 13:51:01,050 [omNode-1@group-6C22E66A003A-FollowerState] INFO  impl.RoleInfo (RoleInfo.java:updateAndGet(139)) - omNode-1: start omNode-1@group-6C22E66A003A-LeaderElection5
2022-08-20 13:51:01,050 [omNode-3-server-thread1] INFO  server.RaftServer$Division (ServerState.java:setLeader(287)) - omNode-3@group-6C22E66A003A: change Leader from null to omNode-2 at term 1 for appendEntries, leader elected after 839ms
2022-08-20 13:51:01,068 [omNode-1@group-6C22E66A003A-LeaderElection5] INFO  impl.LeaderElection (LeaderElection.java:askForVotes(310)) - omNode-1@group-6C22E66A003A-LeaderElection5 ELECTION round 0: submit vote requests at term 2 for -1: [omNode-3|rpc:localhost:33775|priority:0, omNode-1|rpc:localhost:39569|priority:0, omNode-2|rpc:localhost:41759|priority:0], old=null
2022-08-20 13:51:01,080 [omNode-2@group-6C22E66A003A-LeaderStateImpl] INFO  server.RaftServer$Division (ServerState.java:setLeader(287)) - omNode-2@group-6C22E66A003A: change Leader from omNode-2 to null at term 2 for updateCurrentTerm
2022-08-20 13:51:01,081 [omNode-2@group-6C22E66A003A-LeaderStateImpl] INFO  server.RaftServer$Division (RaftServerImpl.java:setRole(299)) - omNode-2@group-6C22E66A003A: changes role from    LEADER to FOLLOWER at term 2 for StepDownReason:HIGHER_TERM
2022-08-20 13:51:01,081 [omNode-2@group-6C22E66A003A-LeaderStateImpl] INFO  impl.RoleInfo (RoleInfo.java:shutdownLeaderState(93)) - omNode-2: shutdown omNode-2@group-6C22E66A003A-LeaderStateImpl
2022-08-20 13:51:01,082 [omNode-2@group-6C22E66A003A->omNode-3-GrpcLogAppender-LogAppenderDaemon] WARN  server.GrpcLogAppender (GrpcLogAppender.java:mayWait(171)) - omNode-2@group-6C22E66A003A->omNode-3-GrpcLogAppender: Wait interrupted by java.lang.InterruptedException
2022-08-20 13:51:01,083 [omNode-2@group-6C22E66A003A->omNode-1-GrpcLogAppender-LogAppenderDaemon] WARN  server.GrpcLogAppender (GrpcLogAppender.java:mayWait(171)) - omNode-2@group-6C22E66A003A->omNode-1-GrpcLogAppender: Wait interrupted by java.lang.InterruptedException
2022-08-20 13:51:01,082 [omNode-2@group-6C22E66A003A-LeaderStateImpl] INFO  impl.PendingRequests (PendingRequests.java:sendNotLeaderResponses(282)) - omNode-2@group-6C22E66A003A-PendingRequests: sendNotLeaderResponses
2022-08-20 13:51:01,086 [grpc-default-executor-0] INFO  server.GrpcServerProtocolService (GrpcServerProtocolService.java:onCompleted(140)) - omNode-1: Completed APPEND_ENTRIES, lastRequest: omNode-2->omNode-1#1-t1,previous=(t:0, i:0),leaderCommit=0,initializing? true,entries: size=1, first=(t:1, i:0), CONFIGURATIONENTRY
2022-08-20 13:51:01,087 [omNode-3-server-thread1] INFO  server.RaftServer$Division (ServerState.java:setRaftConf(393)) - omNode-3@group-6C22E66A003A: set configuration 0: [omNode-3|rpc:localhost:33775|admin:|client:|dataStream:|priority:0, omNode-1|rpc:localhost:39569|admin:|client:|dataStream:|priority:0, omNode-2|rpc:localhost:41759|admin:|client:|dataStream:|priority:0], old=null
2022-08-20 13:51:01,087 [omNode-3-server-thread1] INFO  segmented.SegmentedRaftLogWorker (SegmentedRaftLogWorker.java:startLogSegment(425)) - omNode-3@group-6C22E66A003A-SegmentedRaftLogWorker: Starting segment from index:0
2022-08-20 13:51:01,095 [omNode-2@group-6C22E66A003A-LeaderStateImpl] INFO  impl.RoleInfo (RoleInfo.java:updateAndGet(139)) - omNode-2: start omNode-2@group-6C22E66A003A-FollowerState
2022-08-20 13:51:01,096 [grpc-default-executor-3] INFO  server.RaftServer$Division (RaftServerImpl.java:requestVote(1152)) - omNode-3@group-6C22E66A003A: receive requestVote(ELECTION, omNode-1, group-6C22E66A003A, 2, (t:0, i:~))
2022-08-20 13:51:01,096 [grpc-default-executor-3] INFO  impl.VoteContext (VoteContext.java:log(48)) - omNode-3@group-6C22E66A003A-FOLLOWER: reject ELECTION from omNode-1: our last entry (t:1, i:0) > candidate's last entry (t:0, i:~)
2022-08-20 13:51:01,096 [grpc-default-executor-3] INFO  server.RaftServer$Division (ServerState.java:setLeader(287)) - omNode-3@group-6C22E66A003A: change Leader from omNode-2 to null at term 2 for updateCurrentTerm
2022-08-20 13:51:01,096 [grpc-default-executor-3] INFO  server.RaftServer$Division (RaftServerImpl.java:setRole(299)) - omNode-3@group-6C22E66A003A: changes role from  FOLLOWER to FOLLOWER at term 2 for candidate:omNode-1
2022-08-20 13:51:01,096 [grpc-default-executor-3] INFO  impl.RoleInfo (RoleInfo.java:shutdownFollowerState(110)) - omNode-3: shutdown omNode-3@group-6C22E66A003A-FollowerState
2022-08-20 13:51:01,101 [grpc-default-executor-4] INFO  server.RaftServer$Division (RaftServerImpl.java:requestVote(1152)) - omNode-2@group-6C22E66A003A: receive requestVote(ELECTION, omNode-1, group-6C22E66A003A, 2, (t:0, i:~))
2022-08-20 13:51:01,102 [omNode-3@group-6C22E66A003A-SegmentedRaftLogWorker] INFO  segmented.SegmentedRaftLogWorker (SegmentedRaftLogWorker.java:execute(629)) - omNode-3@group-6C22E66A003A-SegmentedRaftLogWorker: created new log segment /home/runner/work/ozone/ozone/hadoop-ozone/integration-test/target/test-dir/MiniOzoneClusterImpl-1d33bde5-c0a1-446c-b0a2-a2cb2457c7cc/omNode-3/ratis/9c9825ce-8ba7-3ee6-a7c3-6c22e66a003a/current/log_inprogress_0
2022-08-20 13:51:01,103 [omNode-3@group-6C22E66A003A-FollowerState] INFO  impl.FollowerState (FollowerState.java:run(152)) - omNode-3@group-6C22E66A003A-FollowerState was interrupted
2022-08-20 13:51:01,106 [Listener at 127.0.0.1/34995] INFO  volume.HddsVolume (HddsVolume.java:<init>(117)) - Creating HddsVolume: /home/runner/work/ozone/ozone/hadoop-ozone/integration-test/target/test-dir/MiniOzoneClusterImpl-1d33bde5-c0a1-446c-b0a2-a2cb2457c7cc/datanode-0/data-0/containers/hdds of storage type : DISK capacity : 9223372036854775807
2022-08-20 13:51:01,109 [Listener at 127.0.0.1/34995] INFO  volume.MutableVolumeSet (MutableVolumeSet.java:initializeVolumeSet(174)) - Added Volume : /home/runner/work/ozone/ozone/hadoop-ozone/integration-test/target/test-dir/MiniOzoneClusterImpl-1d33bde5-c0a1-446c-b0a2-a2cb2457c7cc/datanode-0/data-0/containers/hdds to VolumeSet
2022-08-20 13:51:01,110 [Listener at 127.0.0.1/34995] INFO  volume.ThrottledAsyncChecker (ThrottledAsyncChecker.java:schedule(141)) - Scheduling a check for /home/runner/work/ozone/ozone/hadoop-ozone/integration-test/target/test-dir/MiniOzoneClusterImpl-1d33bde5-c0a1-446c-b0a2-a2cb2457c7cc/datanode-0/data-0/containers/hdds
2022-08-20 13:51:01,103 [grpc-default-executor-3] INFO  impl.RoleInfo (RoleInfo.java:updateAndGet(139)) - omNode-3: start omNode-3@group-6C22E66A003A-FollowerState
2022-08-20 13:51:01,103 [grpc-default-executor-2] INFO  server.GrpcServerProtocolService (GrpcServerProtocolService.java:onCompleted(140)) - omNode-3: Completed APPEND_ENTRIES, lastRequest: omNode-2->omNode-3#1-t1,previous=(t:0, i:0),leaderCommit=-1,initializing? true,entries: size=1, first=(t:1, i:0), CONFIGURATIONENTRY
2022-08-20 13:51:01,102 [grpc-default-executor-4] INFO  impl.VoteContext (VoteContext.java:log(48)) - omNode-2@group-6C22E66A003A-FOLLOWER: reject ELECTION from omNode-1: our last entry (t:1, i:0) > candidate's last entry (t:0, i:~)
2022-08-20 13:51:01,110 [grpc-default-executor-4] INFO  server.RaftServer$Division (RaftServerImpl.java:setRole(299)) - omNode-2@group-6C22E66A003A: changes role from  FOLLOWER to FOLLOWER at term 2 for candidate:omNode-1
2022-08-20 13:51:01,110 [grpc-default-executor-4] INFO  impl.RoleInfo (RoleInfo.java:shutdownFollowerState(110)) - omNode-2: shutdown omNode-2@group-6C22E66A003A-FollowerState
2022-08-20 13:51:01,111 [grpc-default-executor-2] INFO  server.GrpcLogAppender (GrpcLogAppender.java:onCompleted(339)) - omNode-2@group-6C22E66A003A->omNode-3-AppendLogResponseHandler: follower responses appendEntries COMPLETED
2022-08-20 13:51:01,114 [grpc-default-executor-2] INFO  leader.FollowerInfo (FollowerInfoImpl.java:lambda$new$0(48)) - omNode-2@group-6C22E66A003A->omNode-3: nextIndex: updateUnconditionally 1 -> 0
2022-08-20 13:51:01,115 [grpc-default-executor-4] INFO  impl.RoleInfo (RoleInfo.java:updateAndGet(139)) - omNode-2: start omNode-2@group-6C22E66A003A-FollowerState
2022-08-20 13:51:01,116 [grpc-default-executor-3] INFO  server.RaftServer$Division (RaftServerImpl.java:requestVote(1184)) - omNode-3@group-6C22E66A003A replies to ELECTION vote request: omNode-1<-omNode-3#0:FAIL-t2. Peer's state: omNode-3@group-6C22E66A003A:t2, leader=null, voted=null, raftlog=omNode-3@group-6C22E66A003A-SegmentedRaftLog:OPENED:c-1, conf=0: [omNode-3|rpc:localhost:33775|admin:|client:|dataStream:|priority:0, omNode-1|rpc:localhost:39569|admin:|client:|dataStream:|priority:0, omNode-2|rpc:localhost:41759|admin:|client:|dataStream:|priority:0], old=null
2022-08-20 13:51:01,120 [grpc-default-executor-4] INFO  server.RaftServer$Division (RaftServerImpl.java:requestVote(1184)) - omNode-2@group-6C22E66A003A replies to ELECTION vote request: omNode-1<-omNode-2#0:FAIL-t2. Peer's state: omNode-2@group-6C22E66A003A:t2, leader=null, voted=null, raftlog=omNode-2@group-6C22E66A003A-SegmentedRaftLog:OPENED:c0, conf=0: [omNode-3|rpc:localhost:33775|admin:|client:|dataStream:|priority:0, omNode-1|rpc:localhost:39569|admin:|client:|dataStream:|priority:0, omNode-2|rpc:localhost:41759|admin:|client:|dataStream:|priority:0], old=null
2022-08-20 13:51:01,120 [grpc-default-executor-1] INFO  server.GrpcLogAppender (GrpcLogAppender.java:onCompleted(339)) - omNode-2@group-6C22E66A003A->omNode-1-AppendLogResponseHandler: follower responses appendEntries COMPLETED
2022-08-20 13:51:01,135 [grpc-default-executor-1] INFO  leader.FollowerInfo (FollowerInfoImpl.java:lambda$new$0(48)) - omNode-2@group-6C22E66A003A->omNode-1: nextIndex: updateUnconditionally 1 -> 0
2022-08-20 13:51:01,121 [omNode-2@group-6C22E66A003A-FollowerState] INFO  impl.FollowerState (FollowerState.java:run(152)) - omNode-2@group-6C22E66A003A-FollowerState was interrupted
2022-08-20 13:51:01,142 [omNode-1@group-6C22E66A003A-LeaderElection5] INFO  impl.LeaderElection (LeaderElection.java:logAndReturn(90)) - omNode-1@group-6C22E66A003A-LeaderElection5: ELECTION REJECTED received 2 response(s) and 0 exception(s):
2022-08-20 13:51:01,142 [omNode-1@group-6C22E66A003A-LeaderElection5] INFO  impl.LeaderElection (LeaderElection.java:logAndReturn(94)) -   Response 0: omNode-1<-omNode-3#0:FAIL-t2
2022-08-20 13:51:01,142 [omNode-1@group-6C22E66A003A-LeaderElection5] INFO  impl.LeaderElection (LeaderElection.java:logAndReturn(94)) -   Response 1: omNode-1<-omNode-2#0:FAIL-t2
2022-08-20 13:51:01,142 [omNode-1@group-6C22E66A003A-LeaderElection5] INFO  impl.LeaderElection (LeaderElection.java:askForVotes(312)) - omNode-1@group-6C22E66A003A-LeaderElection5 ELECTION round 0: result REJECTED
2022-08-20 13:51:01,136 [omNode-3@group-6C22E66A003A-StateMachineUpdater] INFO  ratis.OzoneManagerStateMachine (OzoneManagerStateMachine.java:notifyConfigurationChanged(192)) - Received Configuration change notification from Ratis. New Peer list:
[id: "omNode-3"
address: "localhost:33775"
, id: "omNode-1"
address: "localhost:39569"
, id: "omNode-2"
address: "localhost:41759"
]
2022-08-20 13:51:01,146 [omNode-1@group-6C22E66A003A-LeaderElection5] INFO  server.RaftServer$Division (RaftServerImpl.java:setRole(299)) - omNode-1@group-6C22E66A003A: changes role from CANDIDATE to FOLLOWER at term 2 for REJECTED
2022-08-20 13:51:01,146 [omNode-1@group-6C22E66A003A-LeaderElection5] INFO  impl.RoleInfo (RoleInfo.java:shutdownLeaderElection(130)) - omNode-1: shutdown omNode-1@group-6C22E66A003A-LeaderElection5
2022-08-20 13:51:01,146 [omNode-1@group-6C22E66A003A-LeaderElection5] INFO  impl.RoleInfo (RoleInfo.java:updateAndGet(139)) - omNode-1: start omNode-1@group-6C22E66A003A-FollowerState
2022-08-20 13:51:01,153 [Listener at 127.0.0.1/34995] INFO  volume.StorageVolumeChecker (StorageVolumeChecker.java:checkAllVolumes(202)) - Scheduled health check for volume /home/runner/work/ozone/ozone/hadoop-ozone/integration-test/target/test-dir/MiniOzoneClusterImpl-1d33bde5-c0a1-446c-b0a2-a2cb2457c7cc/datanode-0/data-0/containers/hdds
2022-08-20 13:51:01,171 [Listener at 127.0.0.1/34995] INFO  volume.MutableVolumeSet (MutableVolumeSet.java:initializeVolumeSet(174)) - Added Volume : /home/runner/work/ozone/ozone/hadoop-ozone/integration-test/target/test-dir/MiniOzoneClusterImpl-1d33bde5-c0a1-446c-b0a2-a2cb2457c7cc/datanode-0/data/ratis to VolumeSet
2022-08-20 13:51:01,171 [Listener at 127.0.0.1/34995] INFO  volume.ThrottledAsyncChecker (ThrottledAsyncChecker.java:schedule(141)) - Scheduling a check for /home/runner/work/ozone/ozone/hadoop-ozone/integration-test/target/test-dir/MiniOzoneClusterImpl-1d33bde5-c0a1-446c-b0a2-a2cb2457c7cc/datanode-0/data/ratis
2022-08-20 13:51:01,171 [Listener at 127.0.0.1/34995] INFO  volume.StorageVolumeChecker (StorageVolumeChecker.java:checkAllVolumes(202)) - Scheduled health check for volume /home/runner/work/ozone/ozone/hadoop-ozone/integration-test/target/test-dir/MiniOzoneClusterImpl-1d33bde5-c0a1-446c-b0a2-a2cb2457c7cc/datanode-0/data/ratis
2022-08-20 13:51:01,195 [Thread-704] INFO  ozoneimpl.ContainerReader (ContainerReader.java:readVolume(175)) - Finish verifying containers on volume /home/runner/work/ozone/ozone/hadoop-ozone/integration-test/target/test-dir/MiniOzoneClusterImpl-1d33bde5-c0a1-446c-b0a2-a2cb2457c7cc/datanode-0/data-0/containers/hdds
2022-08-20 13:51:01,195 [Listener at 127.0.0.1/34995] INFO  ozoneimpl.OzoneContainer (OzoneContainer.java:buildContainerSet(299)) - Build ContainerSet costs 0s
2022-08-20 13:51:01,238 [Listener at 127.0.0.1/34995] INFO  audit.AuditLogger (AuditLogger.java:refreshDebugCmdSet(126)) - Refresh DebugCmdSet for DNAudit to [].
2022-08-20 13:51:01,263 [Listener at 127.0.0.1/34995] INFO  server.RaftServer (ConfUtils.java:logGet(46)) - raft.rpc.type = GRPC (default)
2022-08-20 13:51:01,263 [Listener at 127.0.0.1/34995] INFO  grpc.GrpcFactory (GrpcFactory.java:checkPooledByteBufAllocatorUseCacheForAllThreads(48)) - PERFORMANCE WARNING: useCacheForAllThreads is true that may cause Netty to create a lot garbage objects and, as a result, trigger GC.
	It is recommended to disable useCacheForAllThreads by setting -Dorg.apache.ratis.thirdparty.io.netty.allocator.useCacheForAllThreads=false in command line.
2022-08-20 13:51:01,263 [Listener at 127.0.0.1/34995] INFO  grpc.GrpcConfigKeys (ConfUtils.java:logGet(46)) - raft.grpc.admin.port = 0 (custom)
2022-08-20 13:51:01,264 [Listener at 127.0.0.1/34995] INFO  grpc.GrpcConfigKeys (ConfUtils.java:logGet(46)) - raft.grpc.client.port = 0 (custom)
2022-08-20 13:51:01,264 [Listener at 127.0.0.1/34995] INFO  grpc.GrpcConfigKeys (ConfUtils.java:logGet(46)) - raft.grpc.server.port = 0 (default)
2022-08-20 13:51:01,264 [Listener at 127.0.0.1/34995] INFO  server.GrpcService (ConfUtils.java:logGet(46)) - raft.grpc.message.size.max = 32MB (=33554432) (custom)
2022-08-20 13:51:01,264 [Listener at 127.0.0.1/34995] INFO  server.RaftServerConfigKeys (ConfUtils.java:logGet(46)) - raft.server.log.appender.buffer.byte-limit = 33554432 (custom)
2022-08-20 13:51:01,264 [Listener at 127.0.0.1/34995] INFO  server.GrpcService (ConfUtils.java:logGet(46)) - raft.grpc.flow.control.window = 5MB (=5242880) (custom)
2022-08-20 13:51:01,264 [Listener at 127.0.0.1/34995] INFO  server.RaftServerConfigKeys (ConfUtils.java:logGet(46)) - raft.server.rpc.request.timeout = 60s (custom)
2022-08-20 13:51:01,264 [Listener at 127.0.0.1/34995] INFO  grpc.GrpcConfigKeys (ConfUtils.java:logGet(46)) - raft.grpc.server.async.request.thread.pool.cached = true (default)
2022-08-20 13:51:01,264 [Listener at 127.0.0.1/34995] INFO  grpc.GrpcConfigKeys (ConfUtils.java:logGet(46)) - raft.grpc.server.async.request.thread.pool.size = 32 (default)
2022-08-20 13:51:01,265 [Listener at 127.0.0.1/34995] INFO  impl.DataStreamServerImpl (ConfUtils.java:logGet(46)) - raft.datastream.type = DISABLED (default)
2022-08-20 13:51:01,266 [Listener at 127.0.0.1/34995] INFO  server.RaftServerConfigKeys (ConfUtils.java:logGet(46)) - raft.server.threadpool.proxy.cached = true (default)
2022-08-20 13:51:01,266 [Listener at 127.0.0.1/34995] INFO  server.RaftServerConfigKeys (ConfUtils.java:logGet(46)) - raft.server.threadpool.proxy.size = 0 (default)
2022-08-20 13:51:01,266 [Listener at 127.0.0.1/34995] INFO  server.RaftServerConfigKeys (ConfUtils.java:logGet(46)) - raft.server.rpc.slowness.timeout = 300s (custom)
2022-08-20 13:51:01,266 [Listener at 127.0.0.1/34995] INFO  server.RaftServerConfigKeys (ConfUtils.java:logGet(46)) - raft.server.leaderelection.leader.step-down.wait-time = 10s (default)
2022-08-20 13:51:01,266 [Listener at 127.0.0.1/34995] INFO  server.RaftServerConfigKeys (ConfUtils.java:logGet(46)) - raft.server.storage.dir = [/home/runner/work/ozone/ozone/hadoop-ozone/integration-test/target/test-dir/MiniOzoneClusterImpl-1d33bde5-c0a1-446c-b0a2-a2cb2457c7cc/datanode-0/data/ratis] (custom)
2022-08-20 13:51:01,282 [Listener at 127.0.0.1/34995] INFO  server.XceiverServerGrpc (XceiverServerGrpc.java:<init>(132)) - GrpcServer channel type EpollServerSocketChannel
2022-08-20 13:51:01,344 [Listener at 127.0.0.1/34995] INFO  http.BaseHttpServer (BaseHttpServer.java:newHttpServer2BuilderForOzone(209)) - Starting Web-server for hddsDatanode at: http://0.0.0.0:0
2022-08-20 13:51:01,344 [Listener at 127.0.0.1/34995] INFO  http.BaseHttpServer (BaseHttpServer.java:<init>(107)) - Hadoop Security Enabled: false Ozone Security Enabled: false Ozone HTTP Security Enabled: false 
2022-08-20 13:51:01,346 [Listener at 127.0.0.1/34995] INFO  server.AuthenticationFilter (AuthenticationFilter.java:constructSecretProvider(240)) - Unable to initialize FileSignerSecretProvider, falling back to use random secrets.
2022-08-20 13:51:01,348 [Listener at 127.0.0.1/34995] WARN  http.HttpRequestLog (HttpRequestLog.java:getRequestLog(103)) - Jetty request log can only be enabled using Log4j
2022-08-20 13:51:01,349 [Listener at 127.0.0.1/34995] INFO  http.HttpServer2 (HttpServer2.java:addGlobalFilter(1029)) - Added global filter 'safety' (class=org.apache.hadoop.hdds.server.http.HttpServer2$QuotingInputFilter)
2022-08-20 13:51:01,350 [Listener at 127.0.0.1/34995] INFO  http.HttpServer2 (HttpServer2.java:addFilter(1005)) - Added filter static_user_filter (class=org.apache.hadoop.http.lib.StaticUserWebFilter$StaticUserFilter) to context hddsDatanode
2022-08-20 13:51:01,350 [Listener at 127.0.0.1/34995] INFO  http.HttpServer2 (HttpServer2.java:addFilter(1013)) - Added filter static_user_filter (class=org.apache.hadoop.http.lib.StaticUserWebFilter$StaticUserFilter) to context static
2022-08-20 13:51:01,350 [Listener at 127.0.0.1/34995] INFO  http.HttpServer2 (HttpServer2.java:addFilter(1013)) - Added filter static_user_filter (class=org.apache.hadoop.http.lib.StaticUserWebFilter$StaticUserFilter) to context logs
2022-08-20 13:51:01,351 [Listener at 127.0.0.1/34995] INFO  http.HttpServer2 (HttpServer2.java:bindListener(1248)) - Jetty bound to port 40263
2022-08-20 13:51:01,351 [Listener at 127.0.0.1/34995] INFO  server.Server (Server.java:doStart(375)) - jetty-9.4.43.v20210629; built: 2021-06-30T11:07:22.254Z; git: 526006ecfa3af7f1a27ef3a288e2bef7ea9dd7e8; jvm 1.8.0_332-b09
2022-08-20 13:51:01,353 [Listener at 127.0.0.1/34995] INFO  server.session (DefaultSessionIdManager.java:doStart(334)) - DefaultSessionIdManager workerName=node0
2022-08-20 13:51:01,353 [Listener at 127.0.0.1/34995] INFO  server.session (DefaultSessionIdManager.java:doStart(339)) - No SessionScavenger set, using defaults
2022-08-20 13:51:01,353 [Listener at 127.0.0.1/34995] INFO  server.session (HouseKeeper.java:startScavenging(132)) - node0 Scavenging every 600000ms
2022-08-20 13:51:01,354 [Listener at 127.0.0.1/34995] INFO  handler.ContextHandler (ContextHandler.java:doStart(915)) - Started o.e.j.s.ServletContextHandler@56e81851{logs,/logs,file:///home/runner/work/ozone/ozone/hadoop-ozone/integration-test/target/log,AVAILABLE}
2022-08-20 13:51:01,354 [Listener at 127.0.0.1/34995] INFO  handler.ContextHandler (ContextHandler.java:doStart(915)) - Started o.e.j.s.ServletContextHandler@1f112449{static,/static,jar:file:/home/runner/.m2/repository/org/apache/ozone/hdds-container-service/1.3.0-SNAPSHOT/hdds-container-service-1.3.0-SNAPSHOT.jar!/webapps/static,AVAILABLE}
2022-08-20 13:51:01,548 [Listener at 127.0.0.1/34995] INFO  handler.ContextHandler (ContextHandler.java:doStart(915)) - Started o.e.j.w.WebAppContext@3c287d3c{hddsDatanode,/,file:///tmp/jetty-0_0_0_0-40263-hdds-container-service-1_3_0-SNAPSHOT_jar-_-any-1239595245558846797/webapp/,AVAILABLE}{jar:file:/home/runner/.m2/repository/org/apache/ozone/hdds-container-service/1.3.0-SNAPSHOT/hdds-container-service-1.3.0-SNAPSHOT.jar!/webapps/hddsDatanode}
2022-08-20 13:51:01,550 [Listener at 127.0.0.1/34995] INFO  server.AbstractConnector (AbstractConnector.java:doStart(331)) - Started ServerConnector@6a13a97a{HTTP/1.1, (http/1.1)}{0.0.0.0:40263}
2022-08-20 13:51:01,550 [Listener at 127.0.0.1/34995] INFO  server.Server (Server.java:doStart(415)) - Started @25794ms
2022-08-20 13:51:01,550 [Listener at 127.0.0.1/34995] WARN  impl.MetricsSystemImpl (MetricsSystemImpl.java:register(279)) - Sink prometheus already exists!
2022-08-20 13:51:01,551 [Listener at 127.0.0.1/34995] INFO  http.BaseHttpServer (BaseHttpServer.java:updateConnectorAddress(329)) - HTTP server of hddsDatanode listening at http://0.0.0.0:40263
2022-08-20 13:51:01,553 [Datanode State Machine Daemon Thread] INFO  statemachine.DatanodeStateMachine (DatanodeStateMachine.java:lambda$startDaemon$0(492)) - Ozone container server started.
2022-08-20 13:51:01,558 [Listener at 127.0.0.1/34995] WARN  impl.MetricRegistriesImpl (MetricRegistriesImpl.java:addReporterRegistration(111)) - New reporters are added after registries were created. Some metrics will be missing from the reporter. Please add reporter before adding any new registry.
2022-08-20 13:51:01,558 [Listener at 127.0.0.1/34995] WARN  impl.MetricRegistriesImpl (MetricRegistriesImpl.java:addReporterRegistration(111)) - New reporters are added after registries were created. Some metrics will be missing from the reporter. Please add reporter before adding any new registry.
2022-08-20 13:51:01,558 [Listener at 127.0.0.1/34995] INFO  impl.MetricsSystemImpl (MetricsSystemImpl.java:init(158)) - HddsDatanode metrics system started (again)
2022-08-20 13:51:01,571 [org.apache.hadoop.util.JvmPauseMonitor$Monitor@77086ec1] INFO  util.JvmPauseMonitor (JvmPauseMonitor.java:run(188)) - Starting JVM pause monitor
2022-08-20 13:51:01,573 [Datanode State Machine Task Thread - 0] INFO  ha.SCMNodeInfo (SCMNodeInfo.java:getPort(197)) - ConfigKey ozone.scm.client.address is deprecated, For configuring different ports for each SCM use PortConfigKey ozone.scm.client.port appended with serviceId and nodeId
2022-08-20 13:51:01,574 [Datanode State Machine Task Thread - 0] INFO  ha.SCMNodeInfo (SCMNodeInfo.java:getPort(197)) - ConfigKey ozone.scm.block.client.address is deprecated, For configuring different ports for each SCM use PortConfigKey ozone.scm.block.client.port appended with serviceId and nodeId
2022-08-20 13:51:01,574 [Datanode State Machine Task Thread - 0] INFO  ha.SCMNodeInfo (SCMNodeInfo.java:getPort(197)) - ConfigKey ozone.scm.datanode.address is deprecated, For configuring different ports for each SCM use PortConfigKey ozone.scm.datanode.port appended with serviceId and nodeId
2022-08-20 13:51:01,574 [Datanode State Machine Task Thread - 0] INFO  ha.SCMNodeInfo (SCMNodeInfo.java:getPort(197)) - ConfigKey ozone.scm.client.address is deprecated, For configuring different ports for each SCM use PortConfigKey ozone.scm.client.port appended with serviceId and nodeId
2022-08-20 13:51:01,574 [Datanode State Machine Task Thread - 0] INFO  ha.SCMNodeInfo (SCMNodeInfo.java:getPort(197)) - ConfigKey ozone.scm.block.client.address is deprecated, For configuring different ports for each SCM use PortConfigKey ozone.scm.block.client.port appended with serviceId and nodeId
2022-08-20 13:51:01,574 [Datanode State Machine Task Thread - 0] INFO  ha.SCMNodeInfo (SCMNodeInfo.java:getPort(197)) - ConfigKey ozone.scm.datanode.address is deprecated, For configuring different ports for each SCM use PortConfigKey ozone.scm.datanode.port appended with serviceId and nodeId
2022-08-20 13:51:01,574 [Datanode State Machine Task Thread - 0] INFO  ha.SCMNodeInfo (SCMNodeInfo.java:getPort(197)) - ConfigKey ozone.scm.client.address is deprecated, For configuring different ports for each SCM use PortConfigKey ozone.scm.client.port appended with serviceId and nodeId
2022-08-20 13:51:01,574 [Datanode State Machine Task Thread - 0] INFO  ha.SCMNodeInfo (SCMNodeInfo.java:getPort(197)) - ConfigKey ozone.scm.block.client.address is deprecated, For configuring different ports for each SCM use PortConfigKey ozone.scm.block.client.port appended with serviceId and nodeId
2022-08-20 13:51:01,574 [Datanode State Machine Task Thread - 0] INFO  ha.SCMNodeInfo (SCMNodeInfo.java:getPort(197)) - ConfigKey ozone.scm.datanode.address is deprecated, For configuring different ports for each SCM use PortConfigKey ozone.scm.datanode.port appended with serviceId and nodeId
2022-08-20 13:51:01,575 [Listener at 127.0.0.1/34995] INFO  ozone.HddsDatanodeService (HddsDatanodeService.java:start(236)) - HddsDatanodeService host:fv-az54-959.qczjibyfz4dularrisj3jz1gre.bx.internal.cloudapp.net ip:10.1.0.37
2022-08-20 13:51:01,605 [Listener at 127.0.0.1/34995] INFO  upgrade.AbstractLayoutVersionManager (AbstractLayoutVersionManager.java:init(83)) - Initializing Layout version manager with metadata layout = DATANODE_SCHEMA_V3 (version = 4), software layout = DATANODE_SCHEMA_V3 (version = 4)
2022-08-20 13:51:01,662 [Listener at 127.0.0.1/34995] INFO  reflections.Reflections (Reflections.java:scan(232)) - Reflections took 53 ms to scan 7 urls, producing 133 keys and 322 values 
2022-08-20 13:51:01,664 [Listener at 127.0.0.1/34995] INFO  ha.SCMNodeInfo (SCMNodeInfo.java:getPort(197)) - ConfigKey ozone.scm.client.address is deprecated, For configuring different ports for each SCM use PortConfigKey ozone.scm.client.port appended with serviceId and nodeId
2022-08-20 13:51:01,664 [Listener at 127.0.0.1/34995] INFO  ha.SCMNodeInfo (SCMNodeInfo.java:getPort(197)) - ConfigKey ozone.scm.block.client.address is deprecated, For configuring different ports for each SCM use PortConfigKey ozone.scm.block.client.port appended with serviceId and nodeId
2022-08-20 13:51:01,664 [Listener at 127.0.0.1/34995] INFO  ha.SCMNodeInfo (SCMNodeInfo.java:getPort(197)) - ConfigKey ozone.scm.datanode.address is deprecated, For configuring different ports for each SCM use PortConfigKey ozone.scm.datanode.port appended with serviceId and nodeId
2022-08-20 13:51:01,664 [Listener at 127.0.0.1/34995] INFO  ha.SCMNodeInfo (SCMNodeInfo.java:getPort(197)) - ConfigKey ozone.scm.client.address is deprecated, For configuring different ports for each SCM use PortConfigKey ozone.scm.client.port appended with serviceId and nodeId
2022-08-20 13:51:01,664 [Listener at 127.0.0.1/34995] INFO  ha.SCMNodeInfo (SCMNodeInfo.java:getPort(197)) - ConfigKey ozone.scm.block.client.address is deprecated, For configuring different ports for each SCM use PortConfigKey ozone.scm.block.client.port appended with serviceId and nodeId
2022-08-20 13:51:01,664 [Listener at 127.0.0.1/34995] INFO  ha.SCMNodeInfo (SCMNodeInfo.java:getPort(197)) - ConfigKey ozone.scm.datanode.address is deprecated, For configuring different ports for each SCM use PortConfigKey ozone.scm.datanode.port appended with serviceId and nodeId
2022-08-20 13:51:01,664 [Listener at 127.0.0.1/34995] INFO  ha.SCMNodeInfo (SCMNodeInfo.java:getPort(197)) - ConfigKey ozone.scm.client.address is deprecated, For configuring different ports for each SCM use PortConfigKey ozone.scm.client.port appended with serviceId and nodeId
2022-08-20 13:51:01,664 [Listener at 127.0.0.1/34995] INFO  ha.SCMNodeInfo (SCMNodeInfo.java:getPort(197)) - ConfigKey ozone.scm.block.client.address is deprecated, For configuring different ports for each SCM use PortConfigKey ozone.scm.block.client.port appended with serviceId and nodeId
2022-08-20 13:51:01,664 [Listener at 127.0.0.1/34995] INFO  ha.SCMNodeInfo (SCMNodeInfo.java:getPort(197)) - ConfigKey ozone.scm.datanode.address is deprecated, For configuring different ports for each SCM use PortConfigKey ozone.scm.datanode.port appended with serviceId and nodeId
2022-08-20 13:51:01,664 [Listener at 127.0.0.1/34995] INFO  statemachine.DatanodeStateMachine (DatanodeStateMachine.java:getEndPointTaskThreadPoolSize(237)) - Datanode State Machine Task Thread Pool size 4
2022-08-20 13:51:01,672 [Listener at 127.0.0.1/34995] INFO  volume.HddsVolume (HddsVolume.java:<init>(117)) - Creating HddsVolume: /home/runner/work/ozone/ozone/hadoop-ozone/integration-test/target/test-dir/MiniOzoneClusterImpl-1d33bde5-c0a1-446c-b0a2-a2cb2457c7cc/datanode-1/data-0/containers/hdds of storage type : DISK capacity : 9223372036854775807
2022-08-20 13:51:01,672 [Listener at 127.0.0.1/34995] INFO  volume.MutableVolumeSet (MutableVolumeSet.java:initializeVolumeSet(174)) - Added Volume : /home/runner/work/ozone/ozone/hadoop-ozone/integration-test/target/test-dir/MiniOzoneClusterImpl-1d33bde5-c0a1-446c-b0a2-a2cb2457c7cc/datanode-1/data-0/containers/hdds to VolumeSet
2022-08-20 13:51:01,673 [Listener at 127.0.0.1/34995] INFO  volume.ThrottledAsyncChecker (ThrottledAsyncChecker.java:schedule(141)) - Scheduling a check for /home/runner/work/ozone/ozone/hadoop-ozone/integration-test/target/test-dir/MiniOzoneClusterImpl-1d33bde5-c0a1-446c-b0a2-a2cb2457c7cc/datanode-1/data-0/containers/hdds
2022-08-20 13:51:01,689 [Listener at 127.0.0.1/34995] INFO  volume.StorageVolumeChecker (StorageVolumeChecker.java:checkAllVolumes(202)) - Scheduled health check for volume /home/runner/work/ozone/ozone/hadoop-ozone/integration-test/target/test-dir/MiniOzoneClusterImpl-1d33bde5-c0a1-446c-b0a2-a2cb2457c7cc/datanode-1/data-0/containers/hdds
2022-08-20 13:51:01,709 [Listener at 127.0.0.1/34995] INFO  volume.MutableVolumeSet (MutableVolumeSet.java:initializeVolumeSet(174)) - Added Volume : /home/runner/work/ozone/ozone/hadoop-ozone/integration-test/target/test-dir/MiniOzoneClusterImpl-1d33bde5-c0a1-446c-b0a2-a2cb2457c7cc/datanode-1/data/ratis to VolumeSet
2022-08-20 13:51:01,709 [Listener at 127.0.0.1/34995] INFO  volume.ThrottledAsyncChecker (ThrottledAsyncChecker.java:schedule(141)) - Scheduling a check for /home/runner/work/ozone/ozone/hadoop-ozone/integration-test/target/test-dir/MiniOzoneClusterImpl-1d33bde5-c0a1-446c-b0a2-a2cb2457c7cc/datanode-1/data/ratis
2022-08-20 13:51:01,709 [Listener at 127.0.0.1/34995] INFO  volume.StorageVolumeChecker (StorageVolumeChecker.java:checkAllVolumes(202)) - Scheduled health check for volume /home/runner/work/ozone/ozone/hadoop-ozone/integration-test/target/test-dir/MiniOzoneClusterImpl-1d33bde5-c0a1-446c-b0a2-a2cb2457c7cc/datanode-1/data/ratis
2022-08-20 13:51:01,714 [Datanode State Machine Task Thread - 0] INFO  datanode.InitDatanodeState (InitDatanodeState.java:persistContainerDatanodeDetails(138)) - DatanodeDetails is persisted to /home/runner/work/ozone/ozone/hadoop-ozone/integration-test/target/test-dir/MiniOzoneClusterImpl-1d33bde5-c0a1-446c-b0a2-a2cb2457c7cc/datanode-0/meta/datanode.id
2022-08-20 13:51:01,724 [Thread-717] INFO  ozoneimpl.ContainerReader (ContainerReader.java:readVolume(175)) - Finish verifying containers on volume /home/runner/work/ozone/ozone/hadoop-ozone/integration-test/target/test-dir/MiniOzoneClusterImpl-1d33bde5-c0a1-446c-b0a2-a2cb2457c7cc/datanode-1/data-0/containers/hdds
2022-08-20 13:51:01,726 [Listener at 127.0.0.1/34995] INFO  ozoneimpl.OzoneContainer (OzoneContainer.java:buildContainerSet(299)) - Build ContainerSet costs 0s
2022-08-20 13:51:01,729 [Listener at 127.0.0.1/34995] INFO  server.RaftServer (ConfUtils.java:logGet(46)) - raft.rpc.type = GRPC (default)
2022-08-20 13:51:01,730 [Listener at 127.0.0.1/34995] INFO  grpc.GrpcFactory (GrpcFactory.java:checkPooledByteBufAllocatorUseCacheForAllThreads(48)) - PERFORMANCE WARNING: useCacheForAllThreads is true that may cause Netty to create a lot garbage objects and, as a result, trigger GC.
	It is recommended to disable useCacheForAllThreads by setting -Dorg.apache.ratis.thirdparty.io.netty.allocator.useCacheForAllThreads=false in command line.
2022-08-20 13:51:01,730 [Listener at 127.0.0.1/34995] INFO  grpc.GrpcConfigKeys (ConfUtils.java:logGet(46)) - raft.grpc.admin.port = 0 (custom)
2022-08-20 13:51:01,730 [Listener at 127.0.0.1/34995] INFO  grpc.GrpcConfigKeys (ConfUtils.java:logGet(46)) - raft.grpc.client.port = 0 (custom)
2022-08-20 13:51:01,730 [Listener at 127.0.0.1/34995] INFO  grpc.GrpcConfigKeys (ConfUtils.java:logGet(46)) - raft.grpc.server.port = 0 (default)
2022-08-20 13:51:01,730 [Listener at 127.0.0.1/34995] INFO  server.GrpcService (ConfUtils.java:logGet(46)) - raft.grpc.message.size.max = 32MB (=33554432) (custom)
2022-08-20 13:51:01,730 [Listener at 127.0.0.1/34995] INFO  server.RaftServerConfigKeys (ConfUtils.java:logGet(46)) - raft.server.log.appender.buffer.byte-limit = 33554432 (custom)
2022-08-20 13:51:01,730 [Listener at 127.0.0.1/34995] INFO  server.GrpcService (ConfUtils.java:logGet(46)) - raft.grpc.flow.control.window = 5MB (=5242880) (custom)
2022-08-20 13:51:01,730 [Listener at 127.0.0.1/34995] INFO  server.RaftServerConfigKeys (ConfUtils.java:logGet(46)) - raft.server.rpc.request.timeout = 60s (custom)
2022-08-20 13:51:01,730 [Listener at 127.0.0.1/34995] INFO  grpc.GrpcConfigKeys (ConfUtils.java:logGet(46)) - raft.grpc.server.async.request.thread.pool.cached = true (default)
2022-08-20 13:51:01,730 [Listener at 127.0.0.1/34995] INFO  grpc.GrpcConfigKeys (ConfUtils.java:logGet(46)) - raft.grpc.server.async.request.thread.pool.size = 32 (default)
2022-08-20 13:51:01,732 [Listener at 127.0.0.1/34995] INFO  impl.DataStreamServerImpl (ConfUtils.java:logGet(46)) - raft.datastream.type = DISABLED (default)
2022-08-20 13:51:01,737 [Listener at 127.0.0.1/34995] INFO  server.RaftServerConfigKeys (ConfUtils.java:logGet(46)) - raft.server.threadpool.proxy.cached = true (default)
2022-08-20 13:51:01,737 [Listener at 127.0.0.1/34995] INFO  server.RaftServerConfigKeys (ConfUtils.java:logGet(46)) - raft.server.threadpool.proxy.size = 0 (default)
2022-08-20 13:51:01,737 [Listener at 127.0.0.1/34995] INFO  server.RaftServerConfigKeys (ConfUtils.java:logGet(46)) - raft.server.rpc.slowness.timeout = 300s (custom)
2022-08-20 13:51:01,737 [Listener at 127.0.0.1/34995] INFO  server.RaftServerConfigKeys (ConfUtils.java:logGet(46)) - raft.server.leaderelection.leader.step-down.wait-time = 10s (default)
2022-08-20 13:51:01,737 [Listener at 127.0.0.1/34995] INFO  server.RaftServerConfigKeys (ConfUtils.java:logGet(46)) - raft.server.storage.dir = [/home/runner/work/ozone/ozone/hadoop-ozone/integration-test/target/test-dir/MiniOzoneClusterImpl-1d33bde5-c0a1-446c-b0a2-a2cb2457c7cc/datanode-1/data/ratis] (custom)
2022-08-20 13:51:01,741 [Listener at 127.0.0.1/34995] INFO  server.XceiverServerGrpc (XceiverServerGrpc.java:<init>(132)) - GrpcServer channel type EpollServerSocketChannel
2022-08-20 13:51:01,748 [Listener at 127.0.0.1/34995] INFO  http.BaseHttpServer (BaseHttpServer.java:newHttpServer2BuilderForOzone(209)) - Starting Web-server for hddsDatanode at: http://0.0.0.0:0
2022-08-20 13:51:01,748 [Listener at 127.0.0.1/34995] INFO  http.BaseHttpServer (BaseHttpServer.java:<init>(107)) - Hadoop Security Enabled: false Ozone Security Enabled: false Ozone HTTP Security Enabled: false 
2022-08-20 13:51:01,749 [Listener at 127.0.0.1/34995] INFO  server.AuthenticationFilter (AuthenticationFilter.java:constructSecretProvider(240)) - Unable to initialize FileSignerSecretProvider, falling back to use random secrets.
2022-08-20 13:51:01,750 [Listener at 127.0.0.1/34995] WARN  http.HttpRequestLog (HttpRequestLog.java:getRequestLog(103)) - Jetty request log can only be enabled using Log4j
2022-08-20 13:51:01,751 [Listener at 127.0.0.1/34995] INFO  http.HttpServer2 (HttpServer2.java:addGlobalFilter(1029)) - Added global filter 'safety' (class=org.apache.hadoop.hdds.server.http.HttpServer2$QuotingInputFilter)
2022-08-20 13:51:01,752 [Listener at 127.0.0.1/34995] INFO  http.HttpServer2 (HttpServer2.java:addFilter(1005)) - Added filter static_user_filter (class=org.apache.hadoop.http.lib.StaticUserWebFilter$StaticUserFilter) to context hddsDatanode
2022-08-20 13:51:01,752 [Listener at 127.0.0.1/34995] INFO  http.HttpServer2 (HttpServer2.java:addFilter(1013)) - Added filter static_user_filter (class=org.apache.hadoop.http.lib.StaticUserWebFilter$StaticUserFilter) to context static
2022-08-20 13:51:01,752 [Listener at 127.0.0.1/34995] INFO  http.HttpServer2 (HttpServer2.java:addFilter(1013)) - Added filter static_user_filter (class=org.apache.hadoop.http.lib.StaticUserWebFilter$StaticUserFilter) to context logs
2022-08-20 13:51:01,752 [Listener at 127.0.0.1/34995] INFO  http.HttpServer2 (HttpServer2.java:bindListener(1248)) - Jetty bound to port 38457
2022-08-20 13:51:01,752 [Listener at 127.0.0.1/34995] INFO  server.Server (Server.java:doStart(375)) - jetty-9.4.43.v20210629; built: 2021-06-30T11:07:22.254Z; git: 526006ecfa3af7f1a27ef3a288e2bef7ea9dd7e8; jvm 1.8.0_332-b09
2022-08-20 13:51:01,755 [Listener at 127.0.0.1/34995] INFO  server.session (DefaultSessionIdManager.java:doStart(334)) - DefaultSessionIdManager workerName=node0
2022-08-20 13:51:01,755 [Listener at 127.0.0.1/34995] INFO  server.session (DefaultSessionIdManager.java:doStart(339)) - No SessionScavenger set, using defaults
2022-08-20 13:51:01,755 [Listener at 127.0.0.1/34995] INFO  server.session (HouseKeeper.java:startScavenging(132)) - node0 Scavenging every 600000ms
2022-08-20 13:51:01,756 [Listener at 127.0.0.1/34995] INFO  handler.ContextHandler (ContextHandler.java:doStart(915)) - Started o.e.j.s.ServletContextHandler@6f6441f{logs,/logs,file:///home/runner/work/ozone/ozone/hadoop-ozone/integration-test/target/log,AVAILABLE}
2022-08-20 13:51:01,756 [Listener at 127.0.0.1/34995] INFO  handler.ContextHandler (ContextHandler.java:doStart(915)) - Started o.e.j.s.ServletContextHandler@6572430a{static,/static,jar:file:/home/runner/.m2/repository/org/apache/ozone/hdds-container-service/1.3.0-SNAPSHOT/hdds-container-service-1.3.0-SNAPSHOT.jar!/webapps/static,AVAILABLE}
2022-08-20 13:51:01,928 [Listener at 127.0.0.1/34995] INFO  handler.ContextHandler (ContextHandler.java:doStart(915)) - Started o.e.j.w.WebAppContext@6ab033ca{hddsDatanode,/,file:///tmp/jetty-0_0_0_0-38457-hdds-container-service-1_3_0-SNAPSHOT_jar-_-any-5455989955084288306/webapp/,AVAILABLE}{jar:file:/home/runner/.m2/repository/org/apache/ozone/hdds-container-service/1.3.0-SNAPSHOT/hdds-container-service-1.3.0-SNAPSHOT.jar!/webapps/hddsDatanode}
2022-08-20 13:51:01,930 [Listener at 127.0.0.1/34995] INFO  server.AbstractConnector (AbstractConnector.java:doStart(331)) - Started ServerConnector@3322b9ae{HTTP/1.1, (http/1.1)}{0.0.0.0:38457}
2022-08-20 13:51:01,931 [Listener at 127.0.0.1/34995] INFO  server.Server (Server.java:doStart(415)) - Started @26175ms
2022-08-20 13:51:01,931 [Listener at 127.0.0.1/34995] WARN  impl.MetricsSystemImpl (MetricsSystemImpl.java:register(279)) - Sink prometheus already exists!
2022-08-20 13:51:01,931 [Listener at 127.0.0.1/34995] INFO  http.BaseHttpServer (BaseHttpServer.java:updateConnectorAddress(329)) - HTTP server of hddsDatanode listening at http://0.0.0.0:38457
2022-08-20 13:51:01,932 [Datanode State Machine Daemon Thread] INFO  statemachine.DatanodeStateMachine (DatanodeStateMachine.java:lambda$startDaemon$0(492)) - Ozone container server started.
2022-08-20 13:51:01,932 [Listener at 127.0.0.1/34995] WARN  impl.MetricRegistriesImpl (MetricRegistriesImpl.java:addReporterRegistration(111)) - New reporters are added after registries were created. Some metrics will be missing from the reporter. Please add reporter before adding any new registry.
2022-08-20 13:51:01,933 [Listener at 127.0.0.1/34995] WARN  impl.MetricRegistriesImpl (MetricRegistriesImpl.java:addReporterRegistration(111)) - New reporters are added after registries were created. Some metrics will be missing from the reporter. Please add reporter before adding any new registry.
2022-08-20 13:51:01,933 [Listener at 127.0.0.1/34995] INFO  impl.MetricsSystemImpl (MetricsSystemImpl.java:init(158)) - HddsDatanode metrics system started (again)
2022-08-20 13:51:01,945 [Listener at 127.0.0.1/34995] INFO  ozone.HddsDatanodeService (HddsDatanodeService.java:start(236)) - HddsDatanodeService host:fv-az54-959.qczjibyfz4dularrisj3jz1gre.bx.internal.cloudapp.net ip:10.1.0.37
2022-08-20 13:51:01,950 [org.apache.hadoop.util.JvmPauseMonitor$Monitor@47ee9b39] INFO  util.JvmPauseMonitor (JvmPauseMonitor.java:run(188)) - Starting JVM pause monitor
2022-08-20 13:51:01,955 [Datanode State Machine Task Thread - 0] INFO  ha.SCMNodeInfo (SCMNodeInfo.java:getPort(197)) - ConfigKey ozone.scm.client.address is deprecated, For configuring different ports for each SCM use PortConfigKey ozone.scm.client.port appended with serviceId and nodeId
2022-08-20 13:51:01,955 [Datanode State Machine Task Thread - 0] INFO  ha.SCMNodeInfo (SCMNodeInfo.java:getPort(197)) - ConfigKey ozone.scm.block.client.address is deprecated, For configuring different ports for each SCM use PortConfigKey ozone.scm.block.client.port appended with serviceId and nodeId
2022-08-20 13:51:01,955 [Datanode State Machine Task Thread - 0] INFO  ha.SCMNodeInfo (SCMNodeInfo.java:getPort(197)) - ConfigKey ozone.scm.datanode.address is deprecated, For configuring different ports for each SCM use PortConfigKey ozone.scm.datanode.port appended with serviceId and nodeId
2022-08-20 13:51:01,956 [Datanode State Machine Task Thread - 0] INFO  ha.SCMNodeInfo (SCMNodeInfo.java:getPort(197)) - ConfigKey ozone.scm.client.address is deprecated, For configuring different ports for each SCM use PortConfigKey ozone.scm.client.port appended with serviceId and nodeId
2022-08-20 13:51:01,956 [Datanode State Machine Task Thread - 0] INFO  ha.SCMNodeInfo (SCMNodeInfo.java:getPort(197)) - ConfigKey ozone.scm.block.client.address is deprecated, For configuring different ports for each SCM use PortConfigKey ozone.scm.block.client.port appended with serviceId and nodeId
2022-08-20 13:51:01,956 [Datanode State Machine Task Thread - 0] INFO  ha.SCMNodeInfo (SCMNodeInfo.java:getPort(197)) - ConfigKey ozone.scm.datanode.address is deprecated, For configuring different ports for each SCM use PortConfigKey ozone.scm.datanode.port appended with serviceId and nodeId
2022-08-20 13:51:01,956 [Datanode State Machine Task Thread - 0] INFO  ha.SCMNodeInfo (SCMNodeInfo.java:getPort(197)) - ConfigKey ozone.scm.client.address is deprecated, For configuring different ports for each SCM use PortConfigKey ozone.scm.client.port appended with serviceId and nodeId
2022-08-20 13:51:01,956 [Datanode State Machine Task Thread - 0] INFO  ha.SCMNodeInfo (SCMNodeInfo.java:getPort(197)) - ConfigKey ozone.scm.block.client.address is deprecated, For configuring different ports for each SCM use PortConfigKey ozone.scm.block.client.port appended with serviceId and nodeId
2022-08-20 13:51:01,956 [Datanode State Machine Task Thread - 0] INFO  ha.SCMNodeInfo (SCMNodeInfo.java:getPort(197)) - ConfigKey ozone.scm.datanode.address is deprecated, For configuring different ports for each SCM use PortConfigKey ozone.scm.datanode.port appended with serviceId and nodeId
2022-08-20 13:51:01,971 [Datanode State Machine Task Thread - 0] INFO  datanode.InitDatanodeState (InitDatanodeState.java:persistContainerDatanodeDetails(138)) - DatanodeDetails is persisted to /home/runner/work/ozone/ozone/hadoop-ozone/integration-test/target/test-dir/MiniOzoneClusterImpl-1d33bde5-c0a1-446c-b0a2-a2cb2457c7cc/datanode-1/meta/datanode.id
2022-08-20 13:51:01,973 [Listener at 127.0.0.1/34995] INFO  upgrade.AbstractLayoutVersionManager (AbstractLayoutVersionManager.java:init(83)) - Initializing Layout version manager with metadata layout = DATANODE_SCHEMA_V3 (version = 4), software layout = DATANODE_SCHEMA_V3 (version = 4)
2022-08-20 13:51:02,015 [Listener at 127.0.0.1/34995] INFO  reflections.Reflections (Reflections.java:scan(232)) - Reflections took 41 ms to scan 7 urls, producing 133 keys and 322 values 
2022-08-20 13:51:02,016 [Listener at 127.0.0.1/34995] INFO  ha.SCMNodeInfo (SCMNodeInfo.java:getPort(197)) - ConfigKey ozone.scm.client.address is deprecated, For configuring different ports for each SCM use PortConfigKey ozone.scm.client.port appended with serviceId and nodeId
2022-08-20 13:51:02,017 [Listener at 127.0.0.1/34995] INFO  ha.SCMNodeInfo (SCMNodeInfo.java:getPort(197)) - ConfigKey ozone.scm.block.client.address is deprecated, For configuring different ports for each SCM use PortConfigKey ozone.scm.block.client.port appended with serviceId and nodeId
2022-08-20 13:51:02,017 [Listener at 127.0.0.1/34995] INFO  ha.SCMNodeInfo (SCMNodeInfo.java:getPort(197)) - ConfigKey ozone.scm.datanode.address is deprecated, For configuring different ports for each SCM use PortConfigKey ozone.scm.datanode.port appended with serviceId and nodeId
2022-08-20 13:51:02,017 [Listener at 127.0.0.1/34995] INFO  ha.SCMNodeInfo (SCMNodeInfo.java:getPort(197)) - ConfigKey ozone.scm.client.address is deprecated, For configuring different ports for each SCM use PortConfigKey ozone.scm.client.port appended with serviceId and nodeId
2022-08-20 13:51:02,017 [Listener at 127.0.0.1/34995] INFO  ha.SCMNodeInfo (SCMNodeInfo.java:getPort(197)) - ConfigKey ozone.scm.block.client.address is deprecated, For configuring different ports for each SCM use PortConfigKey ozone.scm.block.client.port appended with serviceId and nodeId
2022-08-20 13:51:02,017 [Listener at 127.0.0.1/34995] INFO  ha.SCMNodeInfo (SCMNodeInfo.java:getPort(197)) - ConfigKey ozone.scm.datanode.address is deprecated, For configuring different ports for each SCM use PortConfigKey ozone.scm.datanode.port appended with serviceId and nodeId
2022-08-20 13:51:02,017 [Listener at 127.0.0.1/34995] INFO  ha.SCMNodeInfo (SCMNodeInfo.java:getPort(197)) - ConfigKey ozone.scm.client.address is deprecated, For configuring different ports for each SCM use PortConfigKey ozone.scm.client.port appended with serviceId and nodeId
2022-08-20 13:51:02,017 [Listener at 127.0.0.1/34995] INFO  ha.SCMNodeInfo (SCMNodeInfo.java:getPort(197)) - ConfigKey ozone.scm.block.client.address is deprecated, For configuring different ports for each SCM use PortConfigKey ozone.scm.block.client.port appended with serviceId and nodeId
2022-08-20 13:51:02,017 [Listener at 127.0.0.1/34995] INFO  ha.SCMNodeInfo (SCMNodeInfo.java:getPort(197)) - ConfigKey ozone.scm.datanode.address is deprecated, For configuring different ports for each SCM use PortConfigKey ozone.scm.datanode.port appended with serviceId and nodeId
2022-08-20 13:51:02,017 [Listener at 127.0.0.1/34995] INFO  statemachine.DatanodeStateMachine (DatanodeStateMachine.java:getEndPointTaskThreadPoolSize(237)) - Datanode State Machine Task Thread Pool size 4
2022-08-20 13:51:02,019 [Listener at 127.0.0.1/34995] INFO  volume.HddsVolume (HddsVolume.java:<init>(117)) - Creating HddsVolume: /home/runner/work/ozone/ozone/hadoop-ozone/integration-test/target/test-dir/MiniOzoneClusterImpl-1d33bde5-c0a1-446c-b0a2-a2cb2457c7cc/datanode-2/data-0/containers/hdds of storage type : DISK capacity : 9223372036854775807
2022-08-20 13:51:02,019 [Listener at 127.0.0.1/34995] INFO  volume.MutableVolumeSet (MutableVolumeSet.java:initializeVolumeSet(174)) - Added Volume : /home/runner/work/ozone/ozone/hadoop-ozone/integration-test/target/test-dir/MiniOzoneClusterImpl-1d33bde5-c0a1-446c-b0a2-a2cb2457c7cc/datanode-2/data-0/containers/hdds to VolumeSet
2022-08-20 13:51:02,019 [Listener at 127.0.0.1/34995] INFO  volume.ThrottledAsyncChecker (ThrottledAsyncChecker.java:schedule(141)) - Scheduling a check for /home/runner/work/ozone/ozone/hadoop-ozone/integration-test/target/test-dir/MiniOzoneClusterImpl-1d33bde5-c0a1-446c-b0a2-a2cb2457c7cc/datanode-2/data-0/containers/hdds
2022-08-20 13:51:02,020 [Listener at 127.0.0.1/34995] INFO  volume.StorageVolumeChecker (StorageVolumeChecker.java:checkAllVolumes(202)) - Scheduled health check for volume /home/runner/work/ozone/ozone/hadoop-ozone/integration-test/target/test-dir/MiniOzoneClusterImpl-1d33bde5-c0a1-446c-b0a2-a2cb2457c7cc/datanode-2/data-0/containers/hdds
2022-08-20 13:51:02,030 [Listener at 127.0.0.1/34995] INFO  volume.MutableVolumeSet (MutableVolumeSet.java:initializeVolumeSet(174)) - Added Volume : /home/runner/work/ozone/ozone/hadoop-ozone/integration-test/target/test-dir/MiniOzoneClusterImpl-1d33bde5-c0a1-446c-b0a2-a2cb2457c7cc/datanode-2/data/ratis to VolumeSet
2022-08-20 13:51:02,030 [Listener at 127.0.0.1/34995] INFO  volume.ThrottledAsyncChecker (ThrottledAsyncChecker.java:schedule(141)) - Scheduling a check for /home/runner/work/ozone/ozone/hadoop-ozone/integration-test/target/test-dir/MiniOzoneClusterImpl-1d33bde5-c0a1-446c-b0a2-a2cb2457c7cc/datanode-2/data/ratis
2022-08-20 13:51:02,031 [Listener at 127.0.0.1/34995] INFO  volume.StorageVolumeChecker (StorageVolumeChecker.java:checkAllVolumes(202)) - Scheduled health check for volume /home/runner/work/ozone/ozone/hadoop-ozone/integration-test/target/test-dir/MiniOzoneClusterImpl-1d33bde5-c0a1-446c-b0a2-a2cb2457c7cc/datanode-2/data/ratis
2022-08-20 13:51:02,046 [Thread-730] INFO  ozoneimpl.ContainerReader (ContainerReader.java:readVolume(175)) - Finish verifying containers on volume /home/runner/work/ozone/ozone/hadoop-ozone/integration-test/target/test-dir/MiniOzoneClusterImpl-1d33bde5-c0a1-446c-b0a2-a2cb2457c7cc/datanode-2/data-0/containers/hdds
2022-08-20 13:51:02,046 [Listener at 127.0.0.1/34995] INFO  ozoneimpl.OzoneContainer (OzoneContainer.java:buildContainerSet(299)) - Build ContainerSet costs 0s
2022-08-20 13:51:02,049 [Listener at 127.0.0.1/34995] INFO  server.RaftServer (ConfUtils.java:logGet(46)) - raft.rpc.type = GRPC (default)
2022-08-20 13:51:02,049 [Listener at 127.0.0.1/34995] INFO  grpc.GrpcFactory (GrpcFactory.java:checkPooledByteBufAllocatorUseCacheForAllThreads(48)) - PERFORMANCE WARNING: useCacheForAllThreads is true that may cause Netty to create a lot garbage objects and, as a result, trigger GC.
	It is recommended to disable useCacheForAllThreads by setting -Dorg.apache.ratis.thirdparty.io.netty.allocator.useCacheForAllThreads=false in command line.
2022-08-20 13:51:02,049 [Listener at 127.0.0.1/34995] INFO  grpc.GrpcConfigKeys (ConfUtils.java:logGet(46)) - raft.grpc.admin.port = 0 (custom)
2022-08-20 13:51:02,049 [Listener at 127.0.0.1/34995] INFO  grpc.GrpcConfigKeys (ConfUtils.java:logGet(46)) - raft.grpc.client.port = 0 (custom)
2022-08-20 13:51:02,049 [Listener at 127.0.0.1/34995] INFO  grpc.GrpcConfigKeys (ConfUtils.java:logGet(46)) - raft.grpc.server.port = 0 (default)
2022-08-20 13:51:02,049 [Listener at 127.0.0.1/34995] INFO  server.GrpcService (ConfUtils.java:logGet(46)) - raft.grpc.message.size.max = 32MB (=33554432) (custom)
2022-08-20 13:51:02,049 [Listener at 127.0.0.1/34995] INFO  server.RaftServerConfigKeys (ConfUtils.java:logGet(46)) - raft.server.log.appender.buffer.byte-limit = 33554432 (custom)
2022-08-20 13:51:02,049 [Listener at 127.0.0.1/34995] INFO  server.GrpcService (ConfUtils.java:logGet(46)) - raft.grpc.flow.control.window = 5MB (=5242880) (custom)
2022-08-20 13:51:02,050 [Listener at 127.0.0.1/34995] INFO  server.RaftServerConfigKeys (ConfUtils.java:logGet(46)) - raft.server.rpc.request.timeout = 60s (custom)
2022-08-20 13:51:02,050 [Listener at 127.0.0.1/34995] INFO  grpc.GrpcConfigKeys (ConfUtils.java:logGet(46)) - raft.grpc.server.async.request.thread.pool.cached = true (default)
2022-08-20 13:51:02,050 [Listener at 127.0.0.1/34995] INFO  grpc.GrpcConfigKeys (ConfUtils.java:logGet(46)) - raft.grpc.server.async.request.thread.pool.size = 32 (default)
2022-08-20 13:51:02,051 [Listener at 127.0.0.1/34995] INFO  impl.DataStreamServerImpl (ConfUtils.java:logGet(46)) - raft.datastream.type = DISABLED (default)
2022-08-20 13:51:02,051 [Listener at 127.0.0.1/34995] INFO  server.RaftServerConfigKeys (ConfUtils.java:logGet(46)) - raft.server.threadpool.proxy.cached = true (default)
2022-08-20 13:51:02,051 [Listener at 127.0.0.1/34995] INFO  server.RaftServerConfigKeys (ConfUtils.java:logGet(46)) - raft.server.threadpool.proxy.size = 0 (default)
2022-08-20 13:51:02,051 [Listener at 127.0.0.1/34995] INFO  server.RaftServerConfigKeys (ConfUtils.java:logGet(46)) - raft.server.rpc.slowness.timeout = 300s (custom)
2022-08-20 13:51:02,051 [Listener at 127.0.0.1/34995] INFO  server.RaftServerConfigKeys (ConfUtils.java:logGet(46)) - raft.server.leaderelection.leader.step-down.wait-time = 10s (default)
2022-08-20 13:51:02,051 [Listener at 127.0.0.1/34995] INFO  server.RaftServerConfigKeys (ConfUtils.java:logGet(46)) - raft.server.storage.dir = [/home/runner/work/ozone/ozone/hadoop-ozone/integration-test/target/test-dir/MiniOzoneClusterImpl-1d33bde5-c0a1-446c-b0a2-a2cb2457c7cc/datanode-2/data/ratis] (custom)
2022-08-20 13:51:02,053 [Listener at 127.0.0.1/34995] INFO  server.XceiverServerGrpc (XceiverServerGrpc.java:<init>(132)) - GrpcServer channel type EpollServerSocketChannel
2022-08-20 13:51:02,056 [Listener at 127.0.0.1/34995] INFO  http.BaseHttpServer (BaseHttpServer.java:newHttpServer2BuilderForOzone(209)) - Starting Web-server for hddsDatanode at: http://0.0.0.0:0
2022-08-20 13:51:02,056 [Listener at 127.0.0.1/34995] INFO  http.BaseHttpServer (BaseHttpServer.java:<init>(107)) - Hadoop Security Enabled: false Ozone Security Enabled: false Ozone HTTP Security Enabled: false 
2022-08-20 13:51:02,057 [Listener at 127.0.0.1/34995] INFO  server.AuthenticationFilter (AuthenticationFilter.java:constructSecretProvider(240)) - Unable to initialize FileSignerSecretProvider, falling back to use random secrets.
2022-08-20 13:51:02,060 [Listener at 127.0.0.1/34995] WARN  http.HttpRequestLog (HttpRequestLog.java:getRequestLog(103)) - Jetty request log can only be enabled using Log4j
2022-08-20 13:51:02,061 [Listener at 127.0.0.1/34995] INFO  http.HttpServer2 (HttpServer2.java:addGlobalFilter(1029)) - Added global filter 'safety' (class=org.apache.hadoop.hdds.server.http.HttpServer2$QuotingInputFilter)
2022-08-20 13:51:02,062 [Listener at 127.0.0.1/34995] INFO  http.HttpServer2 (HttpServer2.java:addFilter(1005)) - Added filter static_user_filter (class=org.apache.hadoop.http.lib.StaticUserWebFilter$StaticUserFilter) to context hddsDatanode
2022-08-20 13:51:02,062 [Listener at 127.0.0.1/34995] INFO  http.HttpServer2 (HttpServer2.java:addFilter(1013)) - Added filter static_user_filter (class=org.apache.hadoop.http.lib.StaticUserWebFilter$StaticUserFilter) to context static
2022-08-20 13:51:02,062 [Listener at 127.0.0.1/34995] INFO  http.HttpServer2 (HttpServer2.java:addFilter(1013)) - Added filter static_user_filter (class=org.apache.hadoop.http.lib.StaticUserWebFilter$StaticUserFilter) to context logs
2022-08-20 13:51:02,062 [Listener at 127.0.0.1/34995] INFO  http.HttpServer2 (HttpServer2.java:bindListener(1248)) - Jetty bound to port 43405
2022-08-20 13:51:02,062 [Listener at 127.0.0.1/34995] INFO  server.Server (Server.java:doStart(375)) - jetty-9.4.43.v20210629; built: 2021-06-30T11:07:22.254Z; git: 526006ecfa3af7f1a27ef3a288e2bef7ea9dd7e8; jvm 1.8.0_332-b09
2022-08-20 13:51:02,064 [Listener at 127.0.0.1/34995] INFO  server.session (DefaultSessionIdManager.java:doStart(334)) - DefaultSessionIdManager workerName=node0
2022-08-20 13:51:02,064 [Listener at 127.0.0.1/34995] INFO  server.session (DefaultSessionIdManager.java:doStart(339)) - No SessionScavenger set, using defaults
2022-08-20 13:51:02,064 [Listener at 127.0.0.1/34995] INFO  server.session (HouseKeeper.java:startScavenging(132)) - node0 Scavenging every 660000ms
2022-08-20 13:51:02,065 [Listener at 127.0.0.1/34995] INFO  handler.ContextHandler (ContextHandler.java:doStart(915)) - Started o.e.j.s.ServletContextHandler@5480e47f{logs,/logs,file:///home/runner/work/ozone/ozone/hadoop-ozone/integration-test/target/log,AVAILABLE}
2022-08-20 13:51:02,065 [Listener at 127.0.0.1/34995] INFO  handler.ContextHandler (ContextHandler.java:doStart(915)) - Started o.e.j.s.ServletContextHandler@14085713{static,/static,jar:file:/home/runner/.m2/repository/org/apache/ozone/hdds-container-service/1.3.0-SNAPSHOT/hdds-container-service-1.3.0-SNAPSHOT.jar!/webapps/static,AVAILABLE}
2022-08-20 13:51:02,184 [omNode-2@group-6C22E66A003A-FollowerState] INFO  impl.FollowerState (FollowerState.java:run(143)) - omNode-2@group-6C22E66A003A-FollowerState: change to CANDIDATE, lastRpcElapsedTime:1069209822ns, electionTimeout:1064ms
2022-08-20 13:51:02,184 [omNode-2@group-6C22E66A003A-FollowerState] INFO  impl.RoleInfo (RoleInfo.java:shutdownFollowerState(110)) - omNode-2: shutdown omNode-2@group-6C22E66A003A-FollowerState
2022-08-20 13:51:02,184 [omNode-2@group-6C22E66A003A-FollowerState] INFO  server.RaftServer$Division (RaftServerImpl.java:setRole(299)) - omNode-2@group-6C22E66A003A: changes role from  FOLLOWER to CANDIDATE at term 2 for changeToCandidate
2022-08-20 13:51:02,188 [omNode-2@group-6C22E66A003A-FollowerState] INFO  server.RaftServerConfigKeys (ConfUtils.java:logGet(46)) - raft.server.leaderelection.pre-vote = false (custom)
2022-08-20 13:51:02,188 [omNode-2@group-6C22E66A003A-FollowerState] INFO  impl.RoleInfo (RoleInfo.java:updateAndGet(139)) - omNode-2: start omNode-2@group-6C22E66A003A-LeaderElection6
2022-08-20 13:51:02,203 [omNode-2@group-6C22E66A003A-LeaderElection6] INFO  impl.LeaderElection (LeaderElection.java:askForVotes(310)) - omNode-2@group-6C22E66A003A-LeaderElection6 ELECTION round 0: submit vote requests at term 3 for 0: [omNode-3|rpc:localhost:33775|admin:|client:|dataStream:|priority:0, omNode-1|rpc:localhost:39569|admin:|client:|dataStream:|priority:0, omNode-2|rpc:localhost:41759|admin:|client:|dataStream:|priority:0], old=null
2022-08-20 13:51:02,208 [grpc-default-executor-4] INFO  server.RaftServer$Division (RaftServerImpl.java:requestVote(1152)) - omNode-3@group-6C22E66A003A: receive requestVote(ELECTION, omNode-2, group-6C22E66A003A, 3, (t:1, i:0))
2022-08-20 13:51:02,208 [grpc-default-executor-4] INFO  impl.VoteContext (VoteContext.java:log(48)) - omNode-3@group-6C22E66A003A-FOLLOWER: accept ELECTION from omNode-2: our priority 0 <= candidate's priority 0
2022-08-20 13:51:02,208 [grpc-default-executor-4] INFO  server.RaftServer$Division (RaftServerImpl.java:setRole(299)) - omNode-3@group-6C22E66A003A: changes role from  FOLLOWER to FOLLOWER at term 3 for candidate:omNode-2
2022-08-20 13:51:02,208 [grpc-default-executor-4] INFO  impl.RoleInfo (RoleInfo.java:shutdownFollowerState(110)) - omNode-3: shutdown omNode-3@group-6C22E66A003A-FollowerState
2022-08-20 13:51:02,208 [omNode-3@group-6C22E66A003A-FollowerState] INFO  impl.FollowerState (FollowerState.java:run(152)) - omNode-3@group-6C22E66A003A-FollowerState was interrupted
2022-08-20 13:51:02,208 [grpc-default-executor-4] INFO  impl.RoleInfo (RoleInfo.java:updateAndGet(139)) - omNode-3: start omNode-3@group-6C22E66A003A-FollowerState
2022-08-20 13:51:02,217 [grpc-default-executor-4] INFO  server.RaftServer$Division (RaftServerImpl.java:requestVote(1184)) - omNode-3@group-6C22E66A003A replies to ELECTION vote request: omNode-2<-omNode-3#0:OK-t3. Peer's state: omNode-3@group-6C22E66A003A:t3, leader=null, voted=omNode-2, raftlog=omNode-3@group-6C22E66A003A-SegmentedRaftLog:OPENED:c0, conf=0: [omNode-3|rpc:localhost:33775|admin:|client:|dataStream:|priority:0, omNode-1|rpc:localhost:39569|admin:|client:|dataStream:|priority:0, omNode-2|rpc:localhost:41759|admin:|client:|dataStream:|priority:0], old=null
2022-08-20 13:51:02,217 [grpc-default-executor-1] INFO  server.RaftServer$Division (RaftServerImpl.java:requestVote(1152)) - omNode-1@group-6C22E66A003A: receive requestVote(ELECTION, omNode-2, group-6C22E66A003A, 3, (t:1, i:0))
2022-08-20 13:51:02,217 [grpc-default-executor-1] INFO  impl.VoteContext (VoteContext.java:log(48)) - omNode-1@group-6C22E66A003A-FOLLOWER: accept ELECTION from omNode-2: our last entry (t:0, i:~) < candidate's last entry (t:1, i:0)
2022-08-20 13:51:02,217 [grpc-default-executor-1] INFO  server.RaftServer$Division (RaftServerImpl.java:setRole(299)) - omNode-1@group-6C22E66A003A: changes role from  FOLLOWER to FOLLOWER at term 3 for candidate:omNode-2
2022-08-20 13:51:02,217 [grpc-default-executor-1] INFO  impl.RoleInfo (RoleInfo.java:shutdownFollowerState(110)) - omNode-1: shutdown omNode-1@group-6C22E66A003A-FollowerState
2022-08-20 13:51:02,218 [grpc-default-executor-1] INFO  impl.RoleInfo (RoleInfo.java:updateAndGet(139)) - omNode-1: start omNode-1@group-6C22E66A003A-FollowerState
2022-08-20 13:51:02,218 [omNode-1@group-6C22E66A003A-FollowerState] INFO  impl.FollowerState (FollowerState.java:run(152)) - omNode-1@group-6C22E66A003A-FollowerState was interrupted
2022-08-20 13:51:02,224 [omNode-2@group-6C22E66A003A-LeaderElection6] INFO  impl.LeaderElection (LeaderElection.java:logAndReturn(90)) - omNode-2@group-6C22E66A003A-LeaderElection6: ELECTION PASSED received 1 response(s) and 0 exception(s):
2022-08-20 13:51:02,224 [omNode-2@group-6C22E66A003A-LeaderElection6] INFO  impl.LeaderElection (LeaderElection.java:logAndReturn(94)) -   Response 0: omNode-2<-omNode-3#0:OK-t3
2022-08-20 13:51:02,224 [omNode-2@group-6C22E66A003A-LeaderElection6] INFO  impl.LeaderElection (LeaderElection.java:askForVotes(312)) - omNode-2@group-6C22E66A003A-LeaderElection6 ELECTION round 0: result PASSED
2022-08-20 13:51:02,225 [omNode-2@group-6C22E66A003A-LeaderElection6] INFO  impl.RoleInfo (RoleInfo.java:shutdownLeaderElection(130)) - omNode-2: shutdown omNode-2@group-6C22E66A003A-LeaderElection6
2022-08-20 13:51:02,225 [omNode-2@group-6C22E66A003A-LeaderElection6] INFO  server.RaftServer$Division (RaftServerImpl.java:setRole(299)) - omNode-2@group-6C22E66A003A: changes role from CANDIDATE to LEADER at term 3 for changeToLeader
2022-08-20 13:51:02,225 [omNode-2@group-6C22E66A003A-LeaderElection6] INFO  server.RaftServer$Division (ServerState.java:setLeader(287)) - omNode-2@group-6C22E66A003A: change Leader from null to omNode-2 at term 3 for becomeLeader, leader elected after 1144ms
2022-08-20 13:51:02,225 [omNode-2@group-6C22E66A003A-LeaderElection6] INFO  server.RaftServerConfigKeys (ConfUtils.java:logGet(46)) - raft.server.staging.catchup.gap = 1000 (default)
2022-08-20 13:51:02,225 [omNode-2@group-6C22E66A003A-LeaderElection6] INFO  server.RaftServerConfigKeys (ConfUtils.java:logGet(46)) - raft.server.write.element-limit = 4096 (default)
2022-08-20 13:51:02,225 [omNode-2@group-6C22E66A003A-LeaderElection6] INFO  server.RaftServerConfigKeys (ConfUtils.java:logGet(46)) - raft.server.write.byte-limit = 64MB (=67108864) (default)
2022-08-20 13:51:02,225 [omNode-2@group-6C22E66A003A-LeaderElection6] INFO  server.RaftServerConfigKeys (ConfUtils.java:logGet(46)) - raft.server.watch.timeout = 10s (default)
2022-08-20 13:51:02,225 [omNode-2@group-6C22E66A003A-LeaderElection6] INFO  server.RaftServerConfigKeys (ConfUtils.java:logGet(46)) - raft.server.watch.timeout.denomination = 1s (default)
2022-08-20 13:51:02,225 [omNode-2@group-6C22E66A003A-LeaderElection6] INFO  server.RaftServerConfigKeys (ConfUtils.java:logGet(46)) - raft.server.watch.element-limit = 65536 (default)
2022-08-20 13:51:02,226 [omNode-2@group-6C22E66A003A-LeaderElection6] INFO  server.RaftServerConfigKeys (ConfUtils.java:logGet(46)) - raft.server.write.element-limit = 4096 (default)
2022-08-20 13:51:02,226 [omNode-2@group-6C22E66A003A-LeaderElection6] INFO  server.RaftServerConfigKeys (ConfUtils.java:logGet(46)) - raft.server.write.follower.gap.ratio.max = -1.0 (default)
2022-08-20 13:51:02,226 [omNode-2@group-6C22E66A003A-LeaderElection6] INFO  server.RaftServerConfigKeys (ConfUtils.java:logGet(46)) - raft.server.log.appender.snapshot.chunk.size.max = 16MB (=16777216) (default)
2022-08-20 13:51:02,226 [omNode-2@group-6C22E66A003A-LeaderElection6] INFO  server.RaftServerConfigKeys (ConfUtils.java:logGet(46)) - raft.server.log.appender.buffer.byte-limit = 33554432 (custom)
2022-08-20 13:51:02,226 [omNode-2@group-6C22E66A003A-LeaderElection6] INFO  server.RaftServerConfigKeys (ConfUtils.java:logGet(46)) - raft.server.log.appender.buffer.element-limit = 1024 (custom)
2022-08-20 13:51:02,226 [omNode-2@group-6C22E66A003A-LeaderElection6] INFO  grpc.GrpcConfigKeys (ConfUtils.java:logGet(46)) - raft.grpc.server.leader.outstanding.appends.max = 128 (default)
2022-08-20 13:51:02,226 [omNode-2@group-6C22E66A003A-LeaderElection6] INFO  server.RaftServerConfigKeys (ConfUtils.java:logGet(46)) - raft.server.rpc.request.timeout = 3000ms (default)
2022-08-20 13:51:02,227 [omNode-2@group-6C22E66A003A-LeaderElection6] INFO  server.RaftServerConfigKeys (ConfUtils.java:logGet(46)) - raft.server.log.appender.install.snapshot.enabled = false (custom)
2022-08-20 13:51:02,230 [grpc-default-executor-1] INFO  server.RaftServer$Division (RaftServerImpl.java:requestVote(1184)) - omNode-1@group-6C22E66A003A replies to ELECTION vote request: omNode-2<-omNode-1#0:OK-t3. Peer's state: omNode-1@group-6C22E66A003A:t3, leader=null, voted=omNode-2, raftlog=omNode-1@group-6C22E66A003A-SegmentedRaftLog:OPENED:c-1, conf=-1: [omNode-3|rpc:localhost:33775|priority:0, omNode-1|rpc:localhost:39569|priority:0, omNode-2|rpc:localhost:41759|priority:0], old=null
2022-08-20 13:51:02,231 [omNode-2@group-6C22E66A003A-LeaderElection6] INFO  server.RaftServerConfigKeys (ConfUtils.java:logGet(46)) - raft.server.log.appender.snapshot.chunk.size.max = 16MB (=16777216) (default)
2022-08-20 13:51:02,231 [omNode-2@group-6C22E66A003A-LeaderElection6] INFO  server.RaftServerConfigKeys (ConfUtils.java:logGet(46)) - raft.server.log.appender.buffer.byte-limit = 33554432 (custom)
2022-08-20 13:51:02,231 [omNode-2@group-6C22E66A003A-LeaderElection6] INFO  server.RaftServerConfigKeys (ConfUtils.java:logGet(46)) - raft.server.log.appender.buffer.element-limit = 1024 (custom)
2022-08-20 13:51:02,231 [omNode-2@group-6C22E66A003A-LeaderElection6] INFO  grpc.GrpcConfigKeys (ConfUtils.java:logGet(46)) - raft.grpc.server.leader.outstanding.appends.max = 128 (default)
2022-08-20 13:51:02,231 [omNode-2@group-6C22E66A003A-LeaderElection6] INFO  server.RaftServerConfigKeys (ConfUtils.java:logGet(46)) - raft.server.rpc.request.timeout = 3000ms (default)
2022-08-20 13:51:02,231 [omNode-2@group-6C22E66A003A-LeaderElection6] INFO  server.RaftServerConfigKeys (ConfUtils.java:logGet(46)) - raft.server.log.appender.install.snapshot.enabled = false (custom)
2022-08-20 13:51:02,232 [omNode-2@group-6C22E66A003A-LeaderElection6] INFO  impl.RoleInfo (RoleInfo.java:updateAndGet(139)) - omNode-2: start omNode-2@group-6C22E66A003A-LeaderStateImpl
2022-08-20 13:51:02,232 [omNode-2@group-6C22E66A003A-LeaderElection6] INFO  segmented.SegmentedRaftLogWorker (SegmentedRaftLogWorker.java:rollLogSegment(430)) - omNode-2@group-6C22E66A003A-SegmentedRaftLogWorker: Rolling segment log-0_0 to index:0
2022-08-20 13:51:02,233 [omNode-2@group-6C22E66A003A-SegmentedRaftLogWorker] INFO  segmented.SegmentedRaftLogWorker (SegmentedRaftLogWorker.java:execute(586)) - omNode-2@group-6C22E66A003A-SegmentedRaftLogWorker: Rolled log segment from /home/runner/work/ozone/ozone/hadoop-ozone/integration-test/target/test-dir/MiniOzoneClusterImpl-1d33bde5-c0a1-446c-b0a2-a2cb2457c7cc/omNode-2/ratis/9c9825ce-8ba7-3ee6-a7c3-6c22e66a003a/current/log_inprogress_0 to /home/runner/work/ozone/ozone/hadoop-ozone/integration-test/target/test-dir/MiniOzoneClusterImpl-1d33bde5-c0a1-446c-b0a2-a2cb2457c7cc/omNode-2/ratis/9c9825ce-8ba7-3ee6-a7c3-6c22e66a003a/current/log_0-0
2022-08-20 13:51:02,245 [omNode-2@group-6C22E66A003A-SegmentedRaftLogWorker] INFO  segmented.SegmentedRaftLogWorker (SegmentedRaftLogWorker.java:execute(629)) - omNode-2@group-6C22E66A003A-SegmentedRaftLogWorker: created new log segment /home/runner/work/ozone/ozone/hadoop-ozone/integration-test/target/test-dir/MiniOzoneClusterImpl-1d33bde5-c0a1-446c-b0a2-a2cb2457c7cc/omNode-2/ratis/9c9825ce-8ba7-3ee6-a7c3-6c22e66a003a/current/log_inprogress_1
2022-08-20 13:51:02,247 [omNode-3-server-thread1] INFO  server.RaftServer$Division (ServerState.java:setLeader(287)) - omNode-3@group-6C22E66A003A: change Leader from null to omNode-2 at term 3 for appendEntries, leader elected after 1151ms
2022-08-20 13:51:02,255 [omNode-2@group-6C22E66A003A-LeaderElection6] INFO  server.RaftServer$Division (ServerState.java:setRaftConf(393)) - omNode-2@group-6C22E66A003A: set configuration 1: [omNode-3|rpc:localhost:33775|admin:|client:|dataStream:|priority:0, omNode-1|rpc:localhost:39569|admin:|client:|dataStream:|priority:0, omNode-2|rpc:localhost:41759|admin:|client:|dataStream:|priority:0], old=null
2022-08-20 13:51:02,258 [omNode-3-server-thread1] INFO  server.RaftServer$Division (ServerState.java:setRaftConf(393)) - omNode-3@group-6C22E66A003A: set configuration 1: [omNode-3|rpc:localhost:33775|admin:|client:|dataStream:|priority:0, omNode-1|rpc:localhost:39569|admin:|client:|dataStream:|priority:0, omNode-2|rpc:localhost:41759|admin:|client:|dataStream:|priority:0], old=null
2022-08-20 13:51:02,258 [omNode-3-server-thread1] INFO  segmented.SegmentedRaftLogWorker (SegmentedRaftLogWorker.java:rollLogSegment(430)) - omNode-3@group-6C22E66A003A-SegmentedRaftLogWorker: Rolling segment log-0_0 to index:0
2022-08-20 13:51:02,259 [omNode-3@group-6C22E66A003A-SegmentedRaftLogWorker] INFO  segmented.SegmentedRaftLogWorker (SegmentedRaftLogWorker.java:execute(586)) - omNode-3@group-6C22E66A003A-SegmentedRaftLogWorker: Rolled log segment from /home/runner/work/ozone/ozone/hadoop-ozone/integration-test/target/test-dir/MiniOzoneClusterImpl-1d33bde5-c0a1-446c-b0a2-a2cb2457c7cc/omNode-3/ratis/9c9825ce-8ba7-3ee6-a7c3-6c22e66a003a/current/log_inprogress_0 to /home/runner/work/ozone/ozone/hadoop-ozone/integration-test/target/test-dir/MiniOzoneClusterImpl-1d33bde5-c0a1-446c-b0a2-a2cb2457c7cc/omNode-3/ratis/9c9825ce-8ba7-3ee6-a7c3-6c22e66a003a/current/log_0-0
2022-08-20 13:51:02,262 [omNode-1-server-thread1] INFO  server.RaftServer$Division (ServerState.java:setLeader(287)) - omNode-1@group-6C22E66A003A: change Leader from null to omNode-2 at term 3 for appendEntries, leader elected after 4274ms
2022-08-20 13:51:02,262 [omNode-1-server-thread1] INFO  server.RaftServer$Division (RaftServerImpl.java:checkInconsistentAppendEntries(1424)) - omNode-1@group-6C22E66A003A: Failed appendEntries as previous log entry ((t:1, i:0)) is not found
2022-08-20 13:51:02,262 [omNode-1-server-thread1] INFO  server.RaftServer$Division (RaftServerImpl.java:checkInconsistentAppendEntries(1394)) - omNode-1@group-6C22E66A003A: inconsistency entries. Reply:omNode-2<-omNode-1#0:FAIL-t3,INCONSISTENCY,nextIndex=0,followerCommit=-1
2022-08-20 13:51:02,263 [omNode-1-server-thread1] INFO  server.RaftServer$Division (RaftServerImpl.java:checkInconsistentAppendEntries(1424)) - omNode-1@group-6C22E66A003A: Failed appendEntries as previous log entry ((t:1, i:0)) is not found
2022-08-20 13:51:02,263 [omNode-1-server-thread1] INFO  server.RaftServer$Division (RaftServerImpl.java:checkInconsistentAppendEntries(1394)) - omNode-1@group-6C22E66A003A: inconsistency entries. Reply:omNode-2<-omNode-1#1:FAIL-t3,INCONSISTENCY,nextIndex=0,followerCommit=-1
2022-08-20 13:51:02,264 [grpc-default-executor-4] INFO  leader.FollowerInfo (FollowerInfoImpl.java:lambda$new$0(48)) - omNode-2@group-6C22E66A003A->omNode-1: nextIndex: updateUnconditionally 2 -> 0
2022-08-20 13:51:02,266 [grpc-default-executor-4] INFO  leader.FollowerInfo (FollowerInfoImpl.java:lambda$new$0(48)) - omNode-2@group-6C22E66A003A->omNode-1: nextIndex: updateUnconditionally 0 -> 0
2022-08-20 13:51:02,268 [omNode-1-server-thread1] INFO  server.RaftServer$Division (ServerState.java:setRaftConf(393)) - omNode-1@group-6C22E66A003A: set configuration 0: [omNode-3|rpc:localhost:33775|admin:|client:|dataStream:|priority:0, omNode-1|rpc:localhost:39569|admin:|client:|dataStream:|priority:0, omNode-2|rpc:localhost:41759|admin:|client:|dataStream:|priority:0], old=null
2022-08-20 13:51:02,268 [omNode-1-server-thread1] INFO  server.RaftServer$Division (ServerState.java:setRaftConf(393)) - omNode-1@group-6C22E66A003A: set configuration 1: [omNode-3|rpc:localhost:33775|admin:|client:|dataStream:|priority:0, omNode-1|rpc:localhost:39569|admin:|client:|dataStream:|priority:0, omNode-2|rpc:localhost:41759|admin:|client:|dataStream:|priority:0], old=null
2022-08-20 13:51:02,269 [omNode-1-server-thread1] INFO  segmented.SegmentedRaftLogWorker (SegmentedRaftLogWorker.java:startLogSegment(425)) - omNode-1@group-6C22E66A003A-SegmentedRaftLogWorker: Starting segment from index:0
2022-08-20 13:51:02,269 [omNode-1-server-thread1] INFO  segmented.SegmentedRaftLogWorker (SegmentedRaftLogWorker.java:rollLogSegment(430)) - omNode-1@group-6C22E66A003A-SegmentedRaftLogWorker: Rolling segment log-0_0 to index:0
2022-08-20 13:51:02,287 [omNode-3@group-6C22E66A003A-SegmentedRaftLogWorker] INFO  segmented.SegmentedRaftLogWorker (SegmentedRaftLogWorker.java:execute(629)) - omNode-3@group-6C22E66A003A-SegmentedRaftLogWorker: created new log segment /home/runner/work/ozone/ozone/hadoop-ozone/integration-test/target/test-dir/MiniOzoneClusterImpl-1d33bde5-c0a1-446c-b0a2-a2cb2457c7cc/omNode-3/ratis/9c9825ce-8ba7-3ee6-a7c3-6c22e66a003a/current/log_inprogress_1
2022-08-20 13:51:02,287 [omNode-1@group-6C22E66A003A-SegmentedRaftLogWorker] INFO  segmented.SegmentedRaftLogWorker (SegmentedRaftLogWorker.java:execute(629)) - omNode-1@group-6C22E66A003A-SegmentedRaftLogWorker: created new log segment /home/runner/work/ozone/ozone/hadoop-ozone/integration-test/target/test-dir/MiniOzoneClusterImpl-1d33bde5-c0a1-446c-b0a2-a2cb2457c7cc/omNode-1/ratis/9c9825ce-8ba7-3ee6-a7c3-6c22e66a003a/current/log_inprogress_0
2022-08-20 13:51:02,289 [omNode-1@group-6C22E66A003A-SegmentedRaftLogWorker] INFO  segmented.SegmentedRaftLogWorker (SegmentedRaftLogWorker.java:execute(586)) - omNode-1@group-6C22E66A003A-SegmentedRaftLogWorker: Rolled log segment from /home/runner/work/ozone/ozone/hadoop-ozone/integration-test/target/test-dir/MiniOzoneClusterImpl-1d33bde5-c0a1-446c-b0a2-a2cb2457c7cc/omNode-1/ratis/9c9825ce-8ba7-3ee6-a7c3-6c22e66a003a/current/log_inprogress_0 to /home/runner/work/ozone/ozone/hadoop-ozone/integration-test/target/test-dir/MiniOzoneClusterImpl-1d33bde5-c0a1-446c-b0a2-a2cb2457c7cc/omNode-1/ratis/9c9825ce-8ba7-3ee6-a7c3-6c22e66a003a/current/log_0-0
2022-08-20 13:51:02,291 [Listener at 127.0.0.1/34995] INFO  handler.ContextHandler (ContextHandler.java:doStart(915)) - Started o.e.j.w.WebAppContext@738bd26e{hddsDatanode,/,file:///tmp/jetty-0_0_0_0-43405-hdds-container-service-1_3_0-SNAPSHOT_jar-_-any-5250568248387309650/webapp/,AVAILABLE}{jar:file:/home/runner/.m2/repository/org/apache/ozone/hdds-container-service/1.3.0-SNAPSHOT/hdds-container-service-1.3.0-SNAPSHOT.jar!/webapps/hddsDatanode}
2022-08-20 13:51:02,301 [Listener at 127.0.0.1/34995] INFO  server.AbstractConnector (AbstractConnector.java:doStart(331)) - Started ServerConnector@68cd7cb9{HTTP/1.1, (http/1.1)}{0.0.0.0:43405}
2022-08-20 13:51:02,302 [Listener at 127.0.0.1/34995] INFO  server.Server (Server.java:doStart(415)) - Started @26546ms
2022-08-20 13:51:02,302 [Listener at 127.0.0.1/34995] WARN  impl.MetricsSystemImpl (MetricsSystemImpl.java:register(279)) - Sink prometheus already exists!
2022-08-20 13:51:02,303 [omNode-1@group-6C22E66A003A-SegmentedRaftLogWorker] INFO  segmented.SegmentedRaftLogWorker (SegmentedRaftLogWorker.java:execute(629)) - omNode-1@group-6C22E66A003A-SegmentedRaftLogWorker: created new log segment /home/runner/work/ozone/ozone/hadoop-ozone/integration-test/target/test-dir/MiniOzoneClusterImpl-1d33bde5-c0a1-446c-b0a2-a2cb2457c7cc/omNode-1/ratis/9c9825ce-8ba7-3ee6-a7c3-6c22e66a003a/current/log_inprogress_1
2022-08-20 13:51:02,303 [Listener at 127.0.0.1/34995] INFO  http.BaseHttpServer (BaseHttpServer.java:updateConnectorAddress(329)) - HTTP server of hddsDatanode listening at http://0.0.0.0:43405
2022-08-20 13:51:02,309 [Datanode State Machine Daemon Thread] INFO  statemachine.DatanodeStateMachine (DatanodeStateMachine.java:lambda$startDaemon$0(492)) - Ozone container server started.
2022-08-20 13:51:02,312 [omNode-1@group-6C22E66A003A-StateMachineUpdater] INFO  ratis.OzoneManagerStateMachine (OzoneManagerStateMachine.java:notifyConfigurationChanged(192)) - Received Configuration change notification from Ratis. New Peer list:
[id: "omNode-3"
address: "localhost:33775"
, id: "omNode-1"
address: "localhost:39569"
, id: "omNode-2"
address: "localhost:41759"
]
2022-08-20 13:51:02,312 [omNode-2@group-6C22E66A003A-StateMachineUpdater] INFO  ratis.OzoneManagerStateMachine (OzoneManagerStateMachine.java:notifyConfigurationChanged(192)) - Received Configuration change notification from Ratis. New Peer list:
[id: "omNode-3"
address: "localhost:33775"
, id: "omNode-1"
address: "localhost:39569"
, id: "omNode-2"
address: "localhost:41759"
]
2022-08-20 13:51:02,313 [Listener at 127.0.0.1/34995] INFO  ozone.MiniOzoneClusterImpl (MiniOzoneClusterImpl.java:lambda$waitForClusterToBeReady$0(216)) - Waiting for nodes to be ready. Got 0 of 3 DN Heartbeats.
2022-08-20 13:51:02,313 [Listener at 127.0.0.1/34995] INFO  ozone.MiniOzoneClusterImpl (MiniOzoneClusterImpl.java:lambda$waitForClusterToBeReady$0(219)) - Waiting for cluster to exit safe mode
2022-08-20 13:51:02,313 [Listener at 127.0.0.1/34995] INFO  ozone.MiniOzoneClusterImpl (MiniOzoneClusterImpl.java:lambda$waitForClusterToBeReady$0(221)) - SCM became leader
2022-08-20 13:51:02,324 [omNode-3@group-6C22E66A003A-StateMachineUpdater] INFO  ratis.OzoneManagerStateMachine (OzoneManagerStateMachine.java:notifyConfigurationChanged(192)) - Received Configuration change notification from Ratis. New Peer list:
[id: "omNode-3"
address: "localhost:33775"
, id: "omNode-1"
address: "localhost:39569"
, id: "omNode-2"
address: "localhost:41759"
]
2022-08-20 13:51:02,326 [omNode-1@group-6C22E66A003A-StateMachineUpdater] INFO  ratis.OzoneManagerStateMachine (OzoneManagerStateMachine.java:notifyConfigurationChanged(192)) - Received Configuration change notification from Ratis. New Peer list:
[id: "omNode-3"
address: "localhost:33775"
, id: "omNode-1"
address: "localhost:39569"
, id: "omNode-2"
address: "localhost:41759"
]
2022-08-20 13:51:02,332 [org.apache.hadoop.util.JvmPauseMonitor$Monitor@14be1978] INFO  util.JvmPauseMonitor (JvmPauseMonitor.java:run(188)) - Starting JVM pause monitor
2022-08-20 13:51:02,332 [Datanode State Machine Task Thread - 0] INFO  ha.SCMNodeInfo (SCMNodeInfo.java:getPort(197)) - ConfigKey ozone.scm.client.address is deprecated, For configuring different ports for each SCM use PortConfigKey ozone.scm.client.port appended with serviceId and nodeId
2022-08-20 13:51:02,333 [Datanode State Machine Task Thread - 0] INFO  ha.SCMNodeInfo (SCMNodeInfo.java:getPort(197)) - ConfigKey ozone.scm.block.client.address is deprecated, For configuring different ports for each SCM use PortConfigKey ozone.scm.block.client.port appended with serviceId and nodeId
2022-08-20 13:51:02,333 [Datanode State Machine Task Thread - 0] INFO  ha.SCMNodeInfo (SCMNodeInfo.java:getPort(197)) - ConfigKey ozone.scm.datanode.address is deprecated, For configuring different ports for each SCM use PortConfigKey ozone.scm.datanode.port appended with serviceId and nodeId
2022-08-20 13:51:02,333 [Datanode State Machine Task Thread - 0] INFO  ha.SCMNodeInfo (SCMNodeInfo.java:getPort(197)) - ConfigKey ozone.scm.client.address is deprecated, For configuring different ports for each SCM use PortConfigKey ozone.scm.client.port appended with serviceId and nodeId
2022-08-20 13:51:02,333 [Datanode State Machine Task Thread - 0] INFO  ha.SCMNodeInfo (SCMNodeInfo.java:getPort(197)) - ConfigKey ozone.scm.block.client.address is deprecated, For configuring different ports for each SCM use PortConfigKey ozone.scm.block.client.port appended with serviceId and nodeId
2022-08-20 13:51:02,333 [Datanode State Machine Task Thread - 0] INFO  ha.SCMNodeInfo (SCMNodeInfo.java:getPort(197)) - ConfigKey ozone.scm.datanode.address is deprecated, For configuring different ports for each SCM use PortConfigKey ozone.scm.datanode.port appended with serviceId and nodeId
2022-08-20 13:51:02,333 [Datanode State Machine Task Thread - 0] INFO  ha.SCMNodeInfo (SCMNodeInfo.java:getPort(197)) - ConfigKey ozone.scm.client.address is deprecated, For configuring different ports for each SCM use PortConfigKey ozone.scm.client.port appended with serviceId and nodeId
2022-08-20 13:51:02,333 [Datanode State Machine Task Thread - 0] INFO  ha.SCMNodeInfo (SCMNodeInfo.java:getPort(197)) - ConfigKey ozone.scm.block.client.address is deprecated, For configuring different ports for each SCM use PortConfigKey ozone.scm.block.client.port appended with serviceId and nodeId
2022-08-20 13:51:02,333 [Datanode State Machine Task Thread - 0] INFO  ha.SCMNodeInfo (SCMNodeInfo.java:getPort(197)) - ConfigKey ozone.scm.datanode.address is deprecated, For configuring different ports for each SCM use PortConfigKey ozone.scm.datanode.port appended with serviceId and nodeId
2022-08-20 13:51:02,334 [Datanode State Machine Task Thread - 0] INFO  datanode.InitDatanodeState (InitDatanodeState.java:persistContainerDatanodeDetails(138)) - DatanodeDetails is persisted to /home/runner/work/ozone/ozone/hadoop-ozone/integration-test/target/test-dir/MiniOzoneClusterImpl-1d33bde5-c0a1-446c-b0a2-a2cb2457c7cc/datanode-2/meta/datanode.id
2022-08-20 13:51:03,313 [Listener at 127.0.0.1/34995] INFO  ozone.MiniOzoneClusterImpl (MiniOzoneClusterImpl.java:lambda$waitForClusterToBeReady$0(216)) - Waiting for nodes to be ready. Got 0 of 3 DN Heartbeats.
2022-08-20 13:51:03,314 [Listener at 127.0.0.1/34995] INFO  ozone.MiniOzoneClusterImpl (MiniOzoneClusterImpl.java:lambda$waitForClusterToBeReady$0(219)) - Waiting for cluster to exit safe mode
2022-08-20 13:51:03,314 [Listener at 127.0.0.1/34995] INFO  ozone.MiniOzoneClusterImpl (MiniOzoneClusterImpl.java:lambda$waitForClusterToBeReady$0(221)) - SCM became leader
2022-08-20 13:51:03,684 [EndpointStateMachine task thread for /127.0.0.1:40675 - 0 ] INFO  volume.HddsVolume (HddsVolume.java:createDbStore(310)) - SchemaV3 db is created and loaded at /home/runner/work/ozone/ozone/hadoop-ozone/integration-test/target/test-dir/MiniOzoneClusterImpl-1d33bde5-c0a1-446c-b0a2-a2cb2457c7cc/datanode-0/data-0/containers/hdds/1d33bde5-c0a1-446c-b0a2-a2cb2457c7cc/DS-43973cf6-6334-42b5-93a8-3b0ebbfbe92c/container.db for volume DS-43973cf6-6334-42b5-93a8-3b0ebbfbe92c
2022-08-20 13:51:03,693 [EndpointStateMachine task thread for /127.0.0.1:40675 - 0 ] INFO  volume.HddsVolume (HddsVolume.java:closeDbStore(341)) - SchemaV3 db is stopped at /home/runner/work/ozone/ozone/hadoop-ozone/integration-test/target/test-dir/MiniOzoneClusterImpl-1d33bde5-c0a1-446c-b0a2-a2cb2457c7cc/datanode-0/data-0/containers/hdds/1d33bde5-c0a1-446c-b0a2-a2cb2457c7cc/DS-43973cf6-6334-42b5-93a8-3b0ebbfbe92c/container.db for volume DS-43973cf6-6334-42b5-93a8-3b0ebbfbe92c
2022-08-20 13:51:03,694 [EndpointStateMachine task thread for /127.0.0.1:36399 - 0 ] INFO  ozoneimpl.OzoneContainer (OzoneContainer.java:start(377)) - Attempting to start container services.
2022-08-20 13:51:03,700 [EndpointStateMachine task thread for /127.0.0.1:36399 - 0 ] INFO  ozoneimpl.OzoneContainer (OzoneContainer.java:startContainerScrub(312)) - Background container scanner has been disabled.
2022-08-20 13:51:03,705 [EndpointStateMachine task thread for /127.0.0.1:36399 - 0 ] INFO  replication.ReplicationServer (ReplicationServer.java:start(111)) - ReplicationServer is started using port 43307
2022-08-20 13:51:03,708 [EndpointStateMachine task thread for /127.0.0.1:36399 - 0 ] INFO  ratis.XceiverServerRatis (XceiverServerRatis.java:start(481)) - Starting XceiverServerRatis a11b2509-56e9-4ce5-bf37-e5470aba7c9f
2022-08-20 13:51:03,708 [EndpointStateMachine task thread for /127.0.0.1:36399 - 0 ] INFO  server.RaftServer (RaftServerProxy.java:lambda$start$6(382)) - a11b2509-56e9-4ce5-bf37-e5470aba7c9f: start RPC server
2022-08-20 13:51:03,713 [EndpointStateMachine task thread for /127.0.0.1:36399 - 0 ] INFO  server.GrpcService (GrpcService.java:startImpl(260)) - a11b2509-56e9-4ce5-bf37-e5470aba7c9f: GrpcService started, listening on 46047
2022-08-20 13:51:03,716 [EndpointStateMachine task thread for /127.0.0.1:36399 - 0 ] INFO  ratis.XceiverServerRatis (XceiverServerRatis.java:getRealPort(502)) - XceiverServerRatis a11b2509-56e9-4ce5-bf37-e5470aba7c9f is started using port 46047 for RATIS
2022-08-20 13:51:03,716 [EndpointStateMachine task thread for /127.0.0.1:36399 - 0 ] INFO  ratis.XceiverServerRatis (XceiverServerRatis.java:getRealPort(502)) - XceiverServerRatis a11b2509-56e9-4ce5-bf37-e5470aba7c9f is started using port 46047 for RATIS_ADMIN
2022-08-20 13:51:03,716 [EndpointStateMachine task thread for /127.0.0.1:36399 - 0 ] INFO  ratis.XceiverServerRatis (XceiverServerRatis.java:getRealPort(502)) - XceiverServerRatis a11b2509-56e9-4ce5-bf37-e5470aba7c9f is started using port 46047 for RATIS_SERVER
2022-08-20 13:51:03,716 [org.apache.ratis.util.JvmPauseMonitor$$Lambda$519/858083045@267ec54a] INFO  util.JvmPauseMonitor (JvmPauseMonitor.java:run(103)) - JvmPauseMonitor-a11b2509-56e9-4ce5-bf37-e5470aba7c9f: Started
2022-08-20 13:51:03,722 [EndpointStateMachine task thread for /127.0.0.1:36399 - 0 ] INFO  server.XceiverServerGrpc (XceiverServerGrpc.java:start(180)) - XceiverServerGrpc a11b2509-56e9-4ce5-bf37-e5470aba7c9f is started using port 39107
2022-08-20 13:51:03,728 [EndpointStateMachine task thread for /127.0.0.1:40675 - 0 ] INFO  ozoneimpl.OzoneContainer (OzoneContainer.java:start(373)) - Ignore. OzoneContainer already started.
2022-08-20 13:51:03,729 [EndpointStateMachine task thread for /127.0.0.1:45375 - 0 ] INFO  ozoneimpl.OzoneContainer (OzoneContainer.java:start(373)) - Ignore. OzoneContainer already started.
2022-08-20 13:51:03,993 [EndpointStateMachine task thread for /127.0.0.1:40675 - 0 ] INFO  volume.HddsVolume (HddsVolume.java:createDbStore(310)) - SchemaV3 db is created and loaded at /home/runner/work/ozone/ozone/hadoop-ozone/integration-test/target/test-dir/MiniOzoneClusterImpl-1d33bde5-c0a1-446c-b0a2-a2cb2457c7cc/datanode-1/data-0/containers/hdds/1d33bde5-c0a1-446c-b0a2-a2cb2457c7cc/DS-1d90bfd5-e9ab-4690-9250-22a8dfbbcaeb/container.db for volume DS-1d90bfd5-e9ab-4690-9250-22a8dfbbcaeb
2022-08-20 13:51:03,995 [EndpointStateMachine task thread for /127.0.0.1:40675 - 0 ] INFO  volume.HddsVolume (HddsVolume.java:closeDbStore(341)) - SchemaV3 db is stopped at /home/runner/work/ozone/ozone/hadoop-ozone/integration-test/target/test-dir/MiniOzoneClusterImpl-1d33bde5-c0a1-446c-b0a2-a2cb2457c7cc/datanode-1/data-0/containers/hdds/1d33bde5-c0a1-446c-b0a2-a2cb2457c7cc/DS-1d90bfd5-e9ab-4690-9250-22a8dfbbcaeb/container.db for volume DS-1d90bfd5-e9ab-4690-9250-22a8dfbbcaeb
2022-08-20 13:51:03,995 [EndpointStateMachine task thread for /127.0.0.1:40675 - 0 ] INFO  ozoneimpl.OzoneContainer (OzoneContainer.java:start(377)) - Attempting to start container services.
2022-08-20 13:51:03,995 [EndpointStateMachine task thread for /127.0.0.1:40675 - 0 ] INFO  ozoneimpl.OzoneContainer (OzoneContainer.java:startContainerScrub(312)) - Background container scanner has been disabled.
2022-08-20 13:51:03,998 [EndpointStateMachine task thread for /127.0.0.1:40675 - 0 ] INFO  replication.ReplicationServer (ReplicationServer.java:start(111)) - ReplicationServer is started using port 41603
2022-08-20 13:51:03,999 [EndpointStateMachine task thread for /127.0.0.1:40675 - 0 ] INFO  ratis.XceiverServerRatis (XceiverServerRatis.java:start(481)) - Starting XceiverServerRatis 3b5fe929-2681-4434-877b-86f4f8bf3428
2022-08-20 13:51:04,001 [EndpointStateMachine task thread for /127.0.0.1:40675 - 0 ] INFO  server.RaftServer (RaftServerProxy.java:lambda$start$6(382)) - 3b5fe929-2681-4434-877b-86f4f8bf3428: start RPC server
2022-08-20 13:51:04,003 [EndpointStateMachine task thread for /127.0.0.1:40675 - 0 ] INFO  server.GrpcService (GrpcService.java:startImpl(260)) - 3b5fe929-2681-4434-877b-86f4f8bf3428: GrpcService started, listening on 45943
2022-08-20 13:51:04,003 [EndpointStateMachine task thread for /127.0.0.1:40675 - 0 ] INFO  ratis.XceiverServerRatis (XceiverServerRatis.java:getRealPort(502)) - XceiverServerRatis 3b5fe929-2681-4434-877b-86f4f8bf3428 is started using port 45943 for RATIS
2022-08-20 13:51:04,003 [org.apache.ratis.util.JvmPauseMonitor$$Lambda$519/858083045@e4f7ce7] INFO  util.JvmPauseMonitor (JvmPauseMonitor.java:run(103)) - JvmPauseMonitor-3b5fe929-2681-4434-877b-86f4f8bf3428: Started
2022-08-20 13:51:04,003 [EndpointStateMachine task thread for /127.0.0.1:40675 - 0 ] INFO  ratis.XceiverServerRatis (XceiverServerRatis.java:getRealPort(502)) - XceiverServerRatis 3b5fe929-2681-4434-877b-86f4f8bf3428 is started using port 45943 for RATIS_ADMIN
2022-08-20 13:51:04,003 [EndpointStateMachine task thread for /127.0.0.1:40675 - 0 ] INFO  ratis.XceiverServerRatis (XceiverServerRatis.java:getRealPort(502)) - XceiverServerRatis 3b5fe929-2681-4434-877b-86f4f8bf3428 is started using port 45943 for RATIS_SERVER
2022-08-20 13:51:04,008 [EndpointStateMachine task thread for /127.0.0.1:40675 - 0 ] INFO  server.XceiverServerGrpc (XceiverServerGrpc.java:start(180)) - XceiverServerGrpc 3b5fe929-2681-4434-877b-86f4f8bf3428 is started using port 40729
2022-08-20 13:51:04,011 [EndpointStateMachine task thread for /127.0.0.1:45375 - 0 ] INFO  ozoneimpl.OzoneContainer (OzoneContainer.java:start(373)) - Ignore. OzoneContainer already started.
2022-08-20 13:51:04,012 [EndpointStateMachine task thread for /127.0.0.1:36399 - 0 ] INFO  ozoneimpl.OzoneContainer (OzoneContainer.java:start(373)) - Ignore. OzoneContainer already started.
2022-08-20 13:51:04,314 [Listener at 127.0.0.1/34995] INFO  ozone.MiniOzoneClusterImpl (MiniOzoneClusterImpl.java:lambda$waitForClusterToBeReady$0(216)) - Waiting for nodes to be ready. Got 0 of 3 DN Heartbeats.
2022-08-20 13:51:04,314 [Listener at 127.0.0.1/34995] INFO  ozone.MiniOzoneClusterImpl (MiniOzoneClusterImpl.java:lambda$waitForClusterToBeReady$0(219)) - Waiting for cluster to exit safe mode
2022-08-20 13:51:04,314 [Listener at 127.0.0.1/34995] INFO  ozone.MiniOzoneClusterImpl (MiniOzoneClusterImpl.java:lambda$waitForClusterToBeReady$0(221)) - SCM became leader
2022-08-20 13:51:04,381 [EndpointStateMachine task thread for /127.0.0.1:45375 - 0 ] INFO  volume.HddsVolume (HddsVolume.java:createDbStore(310)) - SchemaV3 db is created and loaded at /home/runner/work/ozone/ozone/hadoop-ozone/integration-test/target/test-dir/MiniOzoneClusterImpl-1d33bde5-c0a1-446c-b0a2-a2cb2457c7cc/datanode-2/data-0/containers/hdds/1d33bde5-c0a1-446c-b0a2-a2cb2457c7cc/DS-ff349bf3-0521-43a6-95c3-aa4ae774e765/container.db for volume DS-ff349bf3-0521-43a6-95c3-aa4ae774e765
2022-08-20 13:51:04,382 [EndpointStateMachine task thread for /127.0.0.1:45375 - 0 ] INFO  volume.HddsVolume (HddsVolume.java:closeDbStore(341)) - SchemaV3 db is stopped at /home/runner/work/ozone/ozone/hadoop-ozone/integration-test/target/test-dir/MiniOzoneClusterImpl-1d33bde5-c0a1-446c-b0a2-a2cb2457c7cc/datanode-2/data-0/containers/hdds/1d33bde5-c0a1-446c-b0a2-a2cb2457c7cc/DS-ff349bf3-0521-43a6-95c3-aa4ae774e765/container.db for volume DS-ff349bf3-0521-43a6-95c3-aa4ae774e765
2022-08-20 13:51:04,382 [EndpointStateMachine task thread for /127.0.0.1:45375 - 0 ] INFO  ozoneimpl.OzoneContainer (OzoneContainer.java:start(377)) - Attempting to start container services.
2022-08-20 13:51:04,382 [EndpointStateMachine task thread for /127.0.0.1:45375 - 0 ] INFO  ozoneimpl.OzoneContainer (OzoneContainer.java:startContainerScrub(312)) - Background container scanner has been disabled.
2022-08-20 13:51:04,387 [EndpointStateMachine task thread for /127.0.0.1:45375 - 0 ] INFO  replication.ReplicationServer (ReplicationServer.java:start(111)) - ReplicationServer is started using port 41605
2022-08-20 13:51:04,387 [EndpointStateMachine task thread for /127.0.0.1:45375 - 0 ] INFO  ratis.XceiverServerRatis (XceiverServerRatis.java:start(481)) - Starting XceiverServerRatis 2b4e70ee-eebc-4c64-9ba5-1bae8adbf1c4
2022-08-20 13:51:04,388 [EndpointStateMachine task thread for /127.0.0.1:45375 - 0 ] INFO  server.RaftServer (RaftServerProxy.java:lambda$start$6(382)) - 2b4e70ee-eebc-4c64-9ba5-1bae8adbf1c4: start RPC server
2022-08-20 13:51:04,391 [EndpointStateMachine task thread for /127.0.0.1:45375 - 0 ] INFO  server.GrpcService (GrpcService.java:startImpl(260)) - 2b4e70ee-eebc-4c64-9ba5-1bae8adbf1c4: GrpcService started, listening on 33429
2022-08-20 13:51:04,391 [EndpointStateMachine task thread for /127.0.0.1:45375 - 0 ] INFO  ratis.XceiverServerRatis (XceiverServerRatis.java:getRealPort(502)) - XceiverServerRatis 2b4e70ee-eebc-4c64-9ba5-1bae8adbf1c4 is started using port 33429 for RATIS
2022-08-20 13:51:04,391 [org.apache.ratis.util.JvmPauseMonitor$$Lambda$519/858083045@5ebfd3e1] INFO  util.JvmPauseMonitor (JvmPauseMonitor.java:run(103)) - JvmPauseMonitor-2b4e70ee-eebc-4c64-9ba5-1bae8adbf1c4: Started
2022-08-20 13:51:04,391 [EndpointStateMachine task thread for /127.0.0.1:45375 - 0 ] INFO  ratis.XceiverServerRatis (XceiverServerRatis.java:getRealPort(502)) - XceiverServerRatis 2b4e70ee-eebc-4c64-9ba5-1bae8adbf1c4 is started using port 33429 for RATIS_ADMIN
2022-08-20 13:51:04,391 [EndpointStateMachine task thread for /127.0.0.1:45375 - 0 ] INFO  ratis.XceiverServerRatis (XceiverServerRatis.java:getRealPort(502)) - XceiverServerRatis 2b4e70ee-eebc-4c64-9ba5-1bae8adbf1c4 is started using port 33429 for RATIS_SERVER
2022-08-20 13:51:04,394 [EndpointStateMachine task thread for /127.0.0.1:45375 - 0 ] INFO  server.XceiverServerGrpc (XceiverServerGrpc.java:start(180)) - XceiverServerGrpc 2b4e70ee-eebc-4c64-9ba5-1bae8adbf1c4 is started using port 36013
2022-08-20 13:51:04,409 [EndpointStateMachine task thread for /127.0.0.1:40675 - 0 ] INFO  ozoneimpl.OzoneContainer (OzoneContainer.java:start(373)) - Ignore. OzoneContainer already started.
2022-08-20 13:51:04,409 [EndpointStateMachine task thread for /127.0.0.1:36399 - 0 ] INFO  ozoneimpl.OzoneContainer (OzoneContainer.java:start(373)) - Ignore. OzoneContainer already started.
2022-08-20 13:51:05,315 [Listener at 127.0.0.1/34995] INFO  ozone.MiniOzoneClusterImpl (MiniOzoneClusterImpl.java:lambda$waitForClusterToBeReady$0(216)) - Waiting for nodes to be ready. Got 0 of 3 DN Heartbeats.
2022-08-20 13:51:05,315 [Listener at 127.0.0.1/34995] INFO  ozone.MiniOzoneClusterImpl (MiniOzoneClusterImpl.java:lambda$waitForClusterToBeReady$0(219)) - Waiting for cluster to exit safe mode
2022-08-20 13:51:05,315 [Listener at 127.0.0.1/34995] INFO  ozone.MiniOzoneClusterImpl (MiniOzoneClusterImpl.java:lambda$waitForClusterToBeReady$0(221)) - SCM became leader
2022-08-20 13:51:05,620 [IPC Server handler 5 on default port 36399] INFO  net.NetworkTopologyImpl (NetworkTopologyImpl.java:add(112)) - Added a new node: /default-rack/a11b2509-56e9-4ce5-bf37-e5470aba7c9f
2022-08-20 13:51:05,621 [IPC Server handler 0 on default port 40675] INFO  net.NetworkTopologyImpl (NetworkTopologyImpl.java:add(112)) - Added a new node: /default-rack/a11b2509-56e9-4ce5-bf37-e5470aba7c9f
2022-08-20 13:51:05,624 [IPC Server handler 16 on default port 45375] INFO  net.NetworkTopologyImpl (NetworkTopologyImpl.java:add(112)) - Added a new node: /default-rack/a11b2509-56e9-4ce5-bf37-e5470aba7c9f
2022-08-20 13:51:05,628 [IPC Server handler 0 on default port 40675] INFO  node.SCMNodeManager (SCMNodeManager.java:register(397)) - Registered Data node : a11b2509-56e9-4ce5-bf37-e5470aba7c9f{ip: 127.0.0.1, host: localhost, ports: [REPLICATION=43307, RATIS=46047, RATIS_ADMIN=46047, RATIS_SERVER=46047, STANDALONE=39107], networkLocation: /default-rack, certSerialId: null, persistedOpState: null, persistedOpStateExpiryEpochSec: 0}
2022-08-20 13:51:05,628 [IPC Server handler 5 on default port 36399] INFO  node.SCMNodeManager (SCMNodeManager.java:register(397)) - Registered Data node : a11b2509-56e9-4ce5-bf37-e5470aba7c9f{ip: 127.0.0.1, host: localhost, ports: [REPLICATION=43307, RATIS=46047, RATIS_ADMIN=46047, RATIS_SERVER=46047, STANDALONE=39107], networkLocation: /default-rack, certSerialId: null, persistedOpState: null, persistedOpStateExpiryEpochSec: 0}
2022-08-20 13:51:05,628 [IPC Server handler 16 on default port 45375] INFO  node.SCMNodeManager (SCMNodeManager.java:register(397)) - Registered Data node : a11b2509-56e9-4ce5-bf37-e5470aba7c9f{ip: 127.0.0.1, host: localhost, ports: [REPLICATION=43307, RATIS=46047, RATIS_ADMIN=46047, RATIS_SERVER=46047, STANDALONE=39107], networkLocation: /default-rack, certSerialId: null, persistedOpState: null, persistedOpStateExpiryEpochSec: 0}
2022-08-20 13:51:05,632 [EventQueue-NewNodeForNewNodeHandler] INFO  pipeline.BackgroundPipelineCreator (BackgroundPipelineCreator.java:notifyEventTriggered(276)) - trigger a one-shot run on RatisPipelineUtilsThread.
2022-08-20 13:51:05,636 [EventQueue-NodeRegistrationContainerReportForDataNodeSafeModeRule] INFO  safemode.SCMSafeModeManager (DataNodeSafeModeRule.java:process(71)) - SCM in safe mode. 1 DataNodes registered, 3 required.
2022-08-20 13:51:05,645 [EventQueue-NewNodeForNewNodeHandler] INFO  pipeline.BackgroundPipelineCreator (BackgroundPipelineCreator.java:notifyEventTriggered(269)) - ignore, not leader SCM.
2022-08-20 13:51:05,645 [EventQueue-NodeRegistrationContainerReportForContainerSafeModeRule] INFO  safemode.SCMSafeModeManager (SCMSafeModeManager.java:validateSafeModeExitRules(204)) - ContainerSafeModeRule rule is successfully validated
2022-08-20 13:51:05,645 [EventQueue-NewNodeForNewNodeHandler] INFO  pipeline.BackgroundPipelineCreator (BackgroundPipelineCreator.java:notifyEventTriggered(269)) - ignore, not leader SCM.
2022-08-20 13:51:05,645 [EventQueue-NodeRegistrationContainerReportForContainerSafeModeRule] INFO  safemode.SCMSafeModeManager (SCMSafeModeManager.java:validateSafeModeExitRules(204)) - ContainerSafeModeRule rule is successfully validated
2022-08-20 13:51:05,637 [EventQueue-NodeRegistrationContainerReportForDataNodeSafeModeRule] INFO  safemode.SCMSafeModeManager (DataNodeSafeModeRule.java:process(71)) - SCM in safe mode. 1 DataNodes registered, 3 required.
2022-08-20 13:51:05,646 [EventQueue-NodeRegistrationContainerReportForContainerSafeModeRule] INFO  safemode.SCMSafeModeManager (SCMSafeModeManager.java:validateSafeModeExitRules(204)) - ContainerSafeModeRule rule is successfully validated
2022-08-20 13:51:05,641 [EventQueue-NodeRegistrationContainerReportForDataNodeSafeModeRule] INFO  safemode.SCMSafeModeManager (DataNodeSafeModeRule.java:process(71)) - SCM in safe mode. 1 DataNodes registered, 3 required.
2022-08-20 13:51:05,649 [EventQueue-PipelineReportForOneReplicaPipelineSafeModeRule] INFO  safemode.SCMSafeModeManager (SCMSafeModeManager.java:validateSafeModeExitRules(204)) - AtleastOneDatanodeReportedRule rule is successfully validated
2022-08-20 13:51:05,659 [RatisPipelineUtilsThread - 0] INFO  pipeline.RatisPipelineProvider (RatisPipelineProvider.java:lambda$create$0(195)) - Sending CreatePipelineCommand for pipeline:PipelineID=f0a40090-449a-41d4-81a7-f1d041e5a64a to datanode:a11b2509-56e9-4ce5-bf37-e5470aba7c9f
2022-08-20 13:51:05,659 [EventQueue-PipelineReportForOneReplicaPipelineSafeModeRule] INFO  safemode.SCMSafeModeManager (SCMSafeModeManager.java:validateSafeModeExitRules(204)) - AtleastOneDatanodeReportedRule rule is successfully validated
2022-08-20 13:51:05,659 [EventQueue-PipelineReportForOneReplicaPipelineSafeModeRule] INFO  safemode.SCMSafeModeManager (SCMSafeModeManager.java:validateSafeModeExitRules(204)) - AtleastOneDatanodeReportedRule rule is successfully validated
2022-08-20 13:51:05,731 [d94a9406-f498-4882-9ec6-2683d96ac94a@group-A2CB2457C7CC-StateMachineUpdater] INFO  pipeline.PipelineStateManagerImpl (PipelineStateManagerImpl.java:addPipeline(103)) - Created pipeline Pipeline[ Id: f0a40090-449a-41d4-81a7-f1d041e5a64a, Nodes: a11b2509-56e9-4ce5-bf37-e5470aba7c9f{ip: 127.0.0.1, host: localhost, ports: [REPLICATION=43307, RATIS=46047, RATIS_ADMIN=46047, RATIS_SERVER=46047, STANDALONE=39107], networkLocation: /default-rack, certSerialId: null, persistedOpState: IN_SERVICE, persistedOpStateExpiryEpochSec: 0}, ReplicationConfig: RATIS/ONE, State:ALLOCATED, leaderId:, CreationTimestamp2022-08-20T13:51:05.647Z[Etc/UTC]].
2022-08-20 13:51:05,733 [d94a9406-f498-4882-9ec6-2683d96ac94a@group-A2CB2457C7CC-StateMachineUpdater] INFO  safemode.HealthyPipelineSafeModeRule (HealthyPipelineSafeModeRule.java:initializeRule(165)) - Refreshed total pipeline count is 0, healthy pipeline threshold count is 1
2022-08-20 13:51:05,733 [0dda5a98-1e81-403d-bcb4-170ef3797067@group-A2CB2457C7CC-StateMachineUpdater] INFO  pipeline.PipelineStateManagerImpl (PipelineStateManagerImpl.java:addPipeline(103)) - Created pipeline Pipeline[ Id: f0a40090-449a-41d4-81a7-f1d041e5a64a, Nodes: a11b2509-56e9-4ce5-bf37-e5470aba7c9f{ip: 127.0.0.1, host: localhost, ports: [REPLICATION=43307, RATIS=46047, RATIS_ADMIN=46047, RATIS_SERVER=46047, STANDALONE=39107], networkLocation: /default-rack, certSerialId: null, persistedOpState: IN_SERVICE, persistedOpStateExpiryEpochSec: 0}, ReplicationConfig: RATIS/ONE, State:ALLOCATED, leaderId:, CreationTimestamp2022-08-20T13:51:05.647Z[Etc/UTC]].
2022-08-20 13:51:05,737 [0dda5a98-1e81-403d-bcb4-170ef3797067@group-A2CB2457C7CC-StateMachineUpdater] INFO  safemode.HealthyPipelineSafeModeRule (HealthyPipelineSafeModeRule.java:initializeRule(165)) - Refreshed total pipeline count is 0, healthy pipeline threshold count is 1
2022-08-20 13:51:05,742 [d38852ba-a21f-4434-98b8-bd8171207a1b@group-A2CB2457C7CC-StateMachineUpdater] INFO  pipeline.PipelineStateManagerImpl (PipelineStateManagerImpl.java:addPipeline(103)) - Created pipeline Pipeline[ Id: f0a40090-449a-41d4-81a7-f1d041e5a64a, Nodes: a11b2509-56e9-4ce5-bf37-e5470aba7c9f{ip: 127.0.0.1, host: localhost, ports: [REPLICATION=43307, RATIS=46047, RATIS_ADMIN=46047, RATIS_SERVER=46047, STANDALONE=39107], networkLocation: /default-rack, certSerialId: null, persistedOpState: IN_SERVICE, persistedOpStateExpiryEpochSec: 0}, ReplicationConfig: RATIS/ONE, State:ALLOCATED, leaderId:, CreationTimestamp2022-08-20T13:51:05.647Z[Etc/UTC]].
2022-08-20 13:51:05,743 [d38852ba-a21f-4434-98b8-bd8171207a1b@group-A2CB2457C7CC-StateMachineUpdater] INFO  safemode.HealthyPipelineSafeModeRule (HealthyPipelineSafeModeRule.java:initializeRule(165)) - Refreshed total pipeline count is 0, healthy pipeline threshold count is 1
2022-08-20 13:51:05,956 [IPC Server handler 19 on default port 45375] INFO  net.NetworkTopologyImpl (NetworkTopologyImpl.java:add(112)) - Added a new node: /default-rack/3b5fe929-2681-4434-877b-86f4f8bf3428
2022-08-20 13:51:05,958 [IPC Server handler 19 on default port 45375] INFO  node.SCMNodeManager (SCMNodeManager.java:register(397)) - Registered Data node : 3b5fe929-2681-4434-877b-86f4f8bf3428{ip: 127.0.0.1, host: localhost, ports: [REPLICATION=41603, RATIS=45943, RATIS_ADMIN=45943, RATIS_SERVER=45943, STANDALONE=40729], networkLocation: /default-rack, certSerialId: null, persistedOpState: null, persistedOpStateExpiryEpochSec: 0}
2022-08-20 13:51:05,957 [IPC Server handler 6 on default port 36399] INFO  net.NetworkTopologyImpl (NetworkTopologyImpl.java:add(112)) - Added a new node: /default-rack/3b5fe929-2681-4434-877b-86f4f8bf3428
2022-08-20 13:51:05,959 [EventQueue-NewNodeForNewNodeHandler] INFO  pipeline.BackgroundPipelineCreator (BackgroundPipelineCreator.java:notifyEventTriggered(269)) - ignore, not leader SCM.
2022-08-20 13:51:05,959 [IPC Server handler 5 on default port 40675] INFO  net.NetworkTopologyImpl (NetworkTopologyImpl.java:add(112)) - Added a new node: /default-rack/3b5fe929-2681-4434-877b-86f4f8bf3428
2022-08-20 13:51:05,960 [IPC Server handler 5 on default port 40675] INFO  node.SCMNodeManager (SCMNodeManager.java:register(397)) - Registered Data node : 3b5fe929-2681-4434-877b-86f4f8bf3428{ip: 127.0.0.1, host: localhost, ports: [REPLICATION=41603, RATIS=45943, RATIS_ADMIN=45943, RATIS_SERVER=45943, STANDALONE=40729], networkLocation: /default-rack, certSerialId: null, persistedOpState: null, persistedOpStateExpiryEpochSec: 0}
2022-08-20 13:51:05,960 [EventQueue-NewNodeForNewNodeHandler] INFO  pipeline.BackgroundPipelineCreator (BackgroundPipelineCreator.java:notifyEventTriggered(269)) - ignore, not leader SCM.
2022-08-20 13:51:05,959 [IPC Server handler 6 on default port 36399] INFO  node.SCMNodeManager (SCMNodeManager.java:register(397)) - Registered Data node : 3b5fe929-2681-4434-877b-86f4f8bf3428{ip: 127.0.0.1, host: localhost, ports: [REPLICATION=41603, RATIS=45943, RATIS_ADMIN=45943, RATIS_SERVER=45943, STANDALONE=40729], networkLocation: /default-rack, certSerialId: null, persistedOpState: null, persistedOpStateExpiryEpochSec: 0}
2022-08-20 13:51:05,962 [EventQueue-NodeRegistrationContainerReportForDataNodeSafeModeRule] INFO  safemode.SCMSafeModeManager (DataNodeSafeModeRule.java:process(71)) - SCM in safe mode. 2 DataNodes registered, 3 required.
2022-08-20 13:51:05,964 [EventQueue-NodeRegistrationContainerReportForDataNodeSafeModeRule] INFO  safemode.SCMSafeModeManager (DataNodeSafeModeRule.java:process(71)) - SCM in safe mode. 2 DataNodes registered, 3 required.
2022-08-20 13:51:05,965 [EventQueue-NewNodeForNewNodeHandler] INFO  pipeline.BackgroundPipelineCreator (BackgroundPipelineCreator.java:notifyEventTriggered(276)) - trigger a one-shot run on RatisPipelineUtilsThread.
2022-08-20 13:51:05,967 [EventQueue-NodeRegistrationContainerReportForDataNodeSafeModeRule] INFO  safemode.SCMSafeModeManager (DataNodeSafeModeRule.java:process(71)) - SCM in safe mode. 2 DataNodes registered, 3 required.
2022-08-20 13:51:05,968 [RatisPipelineUtilsThread - 0] INFO  pipeline.RatisPipelineProvider (RatisPipelineProvider.java:lambda$create$0(195)) - Sending CreatePipelineCommand for pipeline:PipelineID=6fc6340d-a8ed-4bdd-9bec-e683833ea264 to datanode:3b5fe929-2681-4434-877b-86f4f8bf3428
2022-08-20 13:51:05,977 [d94a9406-f498-4882-9ec6-2683d96ac94a@group-A2CB2457C7CC-StateMachineUpdater] INFO  pipeline.PipelineStateManagerImpl (PipelineStateManagerImpl.java:addPipeline(103)) - Created pipeline Pipeline[ Id: 6fc6340d-a8ed-4bdd-9bec-e683833ea264, Nodes: 3b5fe929-2681-4434-877b-86f4f8bf3428{ip: 127.0.0.1, host: localhost, ports: [REPLICATION=41603, RATIS=45943, RATIS_ADMIN=45943, RATIS_SERVER=45943, STANDALONE=40729], networkLocation: /default-rack, certSerialId: null, persistedOpState: IN_SERVICE, persistedOpStateExpiryEpochSec: 0}, ReplicationConfig: RATIS/ONE, State:ALLOCATED, leaderId:, CreationTimestamp2022-08-20T13:51:05.968Z[Etc/UTC]].
2022-08-20 13:51:05,978 [d94a9406-f498-4882-9ec6-2683d96ac94a@group-A2CB2457C7CC-StateMachineUpdater] INFO  safemode.HealthyPipelineSafeModeRule (HealthyPipelineSafeModeRule.java:initializeRule(165)) - Refreshed total pipeline count is 0, healthy pipeline threshold count is 1
2022-08-20 13:51:05,984 [0dda5a98-1e81-403d-bcb4-170ef3797067@group-A2CB2457C7CC-StateMachineUpdater] INFO  pipeline.PipelineStateManagerImpl (PipelineStateManagerImpl.java:addPipeline(103)) - Created pipeline Pipeline[ Id: 6fc6340d-a8ed-4bdd-9bec-e683833ea264, Nodes: 3b5fe929-2681-4434-877b-86f4f8bf3428{ip: 127.0.0.1, host: localhost, ports: [REPLICATION=41603, RATIS=45943, RATIS_ADMIN=45943, RATIS_SERVER=45943, STANDALONE=40729], networkLocation: /default-rack, certSerialId: null, persistedOpState: IN_SERVICE, persistedOpStateExpiryEpochSec: 0}, ReplicationConfig: RATIS/ONE, State:ALLOCATED, leaderId:, CreationTimestamp2022-08-20T13:51:05.968Z[Etc/UTC]].
2022-08-20 13:51:05,986 [d38852ba-a21f-4434-98b8-bd8171207a1b@group-A2CB2457C7CC-StateMachineUpdater] INFO  pipeline.PipelineStateManagerImpl (PipelineStateManagerImpl.java:addPipeline(103)) - Created pipeline Pipeline[ Id: 6fc6340d-a8ed-4bdd-9bec-e683833ea264, Nodes: 3b5fe929-2681-4434-877b-86f4f8bf3428{ip: 127.0.0.1, host: localhost, ports: [REPLICATION=41603, RATIS=45943, RATIS_ADMIN=45943, RATIS_SERVER=45943, STANDALONE=40729], networkLocation: /default-rack, certSerialId: null, persistedOpState: IN_SERVICE, persistedOpStateExpiryEpochSec: 0}, ReplicationConfig: RATIS/ONE, State:ALLOCATED, leaderId:, CreationTimestamp2022-08-20T13:51:05.968Z[Etc/UTC]].
2022-08-20 13:51:05,988 [0dda5a98-1e81-403d-bcb4-170ef3797067@group-A2CB2457C7CC-StateMachineUpdater] INFO  safemode.HealthyPipelineSafeModeRule (HealthyPipelineSafeModeRule.java:initializeRule(165)) - Refreshed total pipeline count is 0, healthy pipeline threshold count is 1
2022-08-20 13:51:05,988 [d38852ba-a21f-4434-98b8-bd8171207a1b@group-A2CB2457C7CC-StateMachineUpdater] INFO  safemode.HealthyPipelineSafeModeRule (HealthyPipelineSafeModeRule.java:initializeRule(165)) - Refreshed total pipeline count is 0, healthy pipeline threshold count is 1
2022-08-20 13:51:06,316 [Listener at 127.0.0.1/34995] INFO  ozone.MiniOzoneClusterImpl (MiniOzoneClusterImpl.java:lambda$waitForClusterToBeReady$0(216)) - Waiting for nodes to be ready. Got 2 of 3 DN Heartbeats.
2022-08-20 13:51:06,316 [Listener at 127.0.0.1/34995] INFO  ozone.MiniOzoneClusterImpl (MiniOzoneClusterImpl.java:lambda$waitForClusterToBeReady$0(219)) - Waiting for cluster to exit safe mode
2022-08-20 13:51:06,316 [Listener at 127.0.0.1/34995] INFO  ozone.MiniOzoneClusterImpl (MiniOzoneClusterImpl.java:lambda$waitForClusterToBeReady$0(221)) - SCM became leader
2022-08-20 13:51:06,341 [IPC Server handler 15 on default port 45375] INFO  net.NetworkTopologyImpl (NetworkTopologyImpl.java:add(112)) - Added a new node: /default-rack/2b4e70ee-eebc-4c64-9ba5-1bae8adbf1c4
2022-08-20 13:51:06,341 [IPC Server handler 15 on default port 45375] INFO  node.SCMNodeManager (SCMNodeManager.java:register(397)) - Registered Data node : 2b4e70ee-eebc-4c64-9ba5-1bae8adbf1c4{ip: 127.0.0.1, host: localhost, ports: [REPLICATION=41605, RATIS=33429, RATIS_ADMIN=33429, RATIS_SERVER=33429, STANDALONE=36013], networkLocation: /default-rack, certSerialId: null, persistedOpState: null, persistedOpStateExpiryEpochSec: 0}
2022-08-20 13:51:06,341 [EventQueue-NewNodeForNewNodeHandler] INFO  pipeline.BackgroundPipelineCreator (BackgroundPipelineCreator.java:notifyEventTriggered(269)) - ignore, not leader SCM.
2022-08-20 13:51:06,341 [EventQueue-NodeRegistrationContainerReportForDataNodeSafeModeRule] INFO  safemode.SCMSafeModeManager (DataNodeSafeModeRule.java:process(71)) - SCM in safe mode. 3 DataNodes registered, 3 required.
2022-08-20 13:51:06,342 [EventQueue-NodeRegistrationContainerReportForDataNodeSafeModeRule] INFO  safemode.SCMSafeModeManager (SCMSafeModeManager.java:validateSafeModeExitRules(204)) - DataNodeSafeModeRule rule is successfully validated
2022-08-20 13:51:06,342 [EventQueue-NodeRegistrationContainerReportForDataNodeSafeModeRule] INFO  safemode.SCMSafeModeManager (SCMSafeModeManager.java:completePreCheck(233)) - All SCM safe mode pre check rules have passed
2022-08-20 13:51:06,342 [EventQueue-NodeRegistrationContainerReportForDataNodeSafeModeRule] WARN  events.EventQueue (EventQueue.java:fireEvent(216)) - No event handler registered for event TypedEvent{payloadType=SafeModeStatus, name='Safe mode status'}
2022-08-20 13:51:06,342 [EventQueue-NodeRegistrationContainerReportForDataNodeSafeModeRule] INFO  ha.SCMContext (SCMContext.java:updateSafeModeStatus(228)) - Update SafeModeStatus from SafeModeStatus{safeModeStatus=true, preCheckPassed=false} to SafeModeStatus{safeModeStatus=true, preCheckPassed=true}.
2022-08-20 13:51:06,342 [EventQueue-NodeRegistrationContainerReportForDataNodeSafeModeRule] INFO  pipeline.BackgroundPipelineCreator (BackgroundPipelineCreator.java:notifyEventTriggered(269)) - ignore, not leader SCM.
2022-08-20 13:51:06,342 [IPC Server handler 6 on default port 40675] INFO  net.NetworkTopologyImpl (NetworkTopologyImpl.java:add(112)) - Added a new node: /default-rack/2b4e70ee-eebc-4c64-9ba5-1bae8adbf1c4
2022-08-20 13:51:06,342 [IPC Server handler 6 on default port 40675] INFO  node.SCMNodeManager (SCMNodeManager.java:register(397)) - Registered Data node : 2b4e70ee-eebc-4c64-9ba5-1bae8adbf1c4{ip: 127.0.0.1, host: localhost, ports: [REPLICATION=41605, RATIS=33429, RATIS_ADMIN=33429, RATIS_SERVER=33429, STANDALONE=36013], networkLocation: /default-rack, certSerialId: null, persistedOpState: null, persistedOpStateExpiryEpochSec: 0}
2022-08-20 13:51:06,342 [EventQueue-NewNodeForNewNodeHandler] INFO  pipeline.BackgroundPipelineCreator (BackgroundPipelineCreator.java:notifyEventTriggered(269)) - ignore, not leader SCM.
2022-08-20 13:51:06,343 [EventQueue-NodeRegistrationContainerReportForDataNodeSafeModeRule] INFO  safemode.SCMSafeModeManager (DataNodeSafeModeRule.java:process(71)) - SCM in safe mode. 3 DataNodes registered, 3 required.
2022-08-20 13:51:06,343 [EventQueue-NodeRegistrationContainerReportForDataNodeSafeModeRule] INFO  safemode.SCMSafeModeManager (SCMSafeModeManager.java:validateSafeModeExitRules(204)) - DataNodeSafeModeRule rule is successfully validated
2022-08-20 13:51:06,343 [EventQueue-NodeRegistrationContainerReportForDataNodeSafeModeRule] INFO  safemode.SCMSafeModeManager (SCMSafeModeManager.java:completePreCheck(233)) - All SCM safe mode pre check rules have passed
2022-08-20 13:51:06,343 [EventQueue-NodeRegistrationContainerReportForDataNodeSafeModeRule] WARN  events.EventQueue (EventQueue.java:fireEvent(216)) - No event handler registered for event TypedEvent{payloadType=SafeModeStatus, name='Safe mode status'}
2022-08-20 13:51:06,345 [EventQueue-NodeRegistrationContainerReportForDataNodeSafeModeRule] INFO  ha.SCMContext (SCMContext.java:updateSafeModeStatus(228)) - Update SafeModeStatus from SafeModeStatus{safeModeStatus=true, preCheckPassed=false} to SafeModeStatus{safeModeStatus=true, preCheckPassed=true}.
2022-08-20 13:51:06,345 [EventQueue-NodeRegistrationContainerReportForDataNodeSafeModeRule] INFO  pipeline.BackgroundPipelineCreator (BackgroundPipelineCreator.java:notifyEventTriggered(269)) - ignore, not leader SCM.
2022-08-20 13:51:06,346 [IPC Server handler 20 on default port 36399] INFO  net.NetworkTopologyImpl (NetworkTopologyImpl.java:add(112)) - Added a new node: /default-rack/2b4e70ee-eebc-4c64-9ba5-1bae8adbf1c4
2022-08-20 13:51:06,346 [IPC Server handler 20 on default port 36399] INFO  node.SCMNodeManager (SCMNodeManager.java:register(397)) - Registered Data node : 2b4e70ee-eebc-4c64-9ba5-1bae8adbf1c4{ip: 127.0.0.1, host: localhost, ports: [REPLICATION=41605, RATIS=33429, RATIS_ADMIN=33429, RATIS_SERVER=33429, STANDALONE=36013], networkLocation: /default-rack, certSerialId: null, persistedOpState: null, persistedOpStateExpiryEpochSec: 0}
2022-08-20 13:51:06,346 [EventQueue-NodeRegistrationContainerReportForDataNodeSafeModeRule] INFO  safemode.SCMSafeModeManager (DataNodeSafeModeRule.java:process(71)) - SCM in safe mode. 3 DataNodes registered, 3 required.
2022-08-20 13:51:06,346 [EventQueue-NodeRegistrationContainerReportForDataNodeSafeModeRule] INFO  safemode.SCMSafeModeManager (SCMSafeModeManager.java:validateSafeModeExitRules(204)) - DataNodeSafeModeRule rule is successfully validated
2022-08-20 13:51:06,346 [EventQueue-NodeRegistrationContainerReportForDataNodeSafeModeRule] INFO  safemode.SCMSafeModeManager (SCMSafeModeManager.java:completePreCheck(233)) - All SCM safe mode pre check rules have passed
2022-08-20 13:51:06,346 [EventQueue-NodeRegistrationContainerReportForDataNodeSafeModeRule] WARN  events.EventQueue (EventQueue.java:fireEvent(216)) - No event handler registered for event TypedEvent{payloadType=SafeModeStatus, name='Safe mode status'}
2022-08-20 13:51:06,346 [EventQueue-NodeRegistrationContainerReportForDataNodeSafeModeRule] INFO  ha.SCMContext (SCMContext.java:updateSafeModeStatus(228)) - Update SafeModeStatus from SafeModeStatus{safeModeStatus=true, preCheckPassed=false} to SafeModeStatus{safeModeStatus=true, preCheckPassed=true}.
2022-08-20 13:51:06,346 [EventQueue-NodeRegistrationContainerReportForDataNodeSafeModeRule] INFO  pipeline.BackgroundPipelineCreator (BackgroundPipelineCreator.java:notifyEventTriggered(276)) - trigger a one-shot run on RatisPipelineUtilsThread.
2022-08-20 13:51:06,346 [EventQueue-NewNodeForNewNodeHandler] INFO  pipeline.BackgroundPipelineCreator (BackgroundPipelineCreator.java:notifyEventTriggered(276)) - trigger a one-shot run on RatisPipelineUtilsThread.
2022-08-20 13:51:06,347 [RatisPipelineUtilsThread - 0] INFO  pipeline.RatisPipelineProvider (RatisPipelineProvider.java:lambda$create$0(195)) - Sending CreatePipelineCommand for pipeline:PipelineID=f8203cdf-f946-43bc-a203-2111ad0a3761 to datanode:2b4e70ee-eebc-4c64-9ba5-1bae8adbf1c4
2022-08-20 13:51:06,367 [d94a9406-f498-4882-9ec6-2683d96ac94a@group-A2CB2457C7CC-StateMachineUpdater] INFO  pipeline.PipelineStateManagerImpl (PipelineStateManagerImpl.java:addPipeline(103)) - Created pipeline Pipeline[ Id: f8203cdf-f946-43bc-a203-2111ad0a3761, Nodes: 2b4e70ee-eebc-4c64-9ba5-1bae8adbf1c4{ip: 127.0.0.1, host: localhost, ports: [REPLICATION=41605, RATIS=33429, RATIS_ADMIN=33429, RATIS_SERVER=33429, STANDALONE=36013], networkLocation: /default-rack, certSerialId: null, persistedOpState: IN_SERVICE, persistedOpStateExpiryEpochSec: 0}, ReplicationConfig: RATIS/ONE, State:ALLOCATED, leaderId:, CreationTimestamp2022-08-20T13:51:06.347Z[Etc/UTC]].
2022-08-20 13:51:06,368 [d94a9406-f498-4882-9ec6-2683d96ac94a@group-A2CB2457C7CC-StateMachineUpdater] INFO  safemode.HealthyPipelineSafeModeRule (HealthyPipelineSafeModeRule.java:initializeRule(165)) - Refreshed total pipeline count is 0, healthy pipeline threshold count is 1
2022-08-20 13:51:06,372 [0dda5a98-1e81-403d-bcb4-170ef3797067@group-A2CB2457C7CC-StateMachineUpdater] INFO  pipeline.PipelineStateManagerImpl (PipelineStateManagerImpl.java:addPipeline(103)) - Created pipeline Pipeline[ Id: f8203cdf-f946-43bc-a203-2111ad0a3761, Nodes: 2b4e70ee-eebc-4c64-9ba5-1bae8adbf1c4{ip: 127.0.0.1, host: localhost, ports: [REPLICATION=41605, RATIS=33429, RATIS_ADMIN=33429, RATIS_SERVER=33429, STANDALONE=36013], networkLocation: /default-rack, certSerialId: null, persistedOpState: IN_SERVICE, persistedOpStateExpiryEpochSec: 0}, ReplicationConfig: RATIS/ONE, State:ALLOCATED, leaderId:, CreationTimestamp2022-08-20T13:51:06.347Z[Etc/UTC]].
2022-08-20 13:51:06,373 [d38852ba-a21f-4434-98b8-bd8171207a1b@group-A2CB2457C7CC-StateMachineUpdater] INFO  pipeline.PipelineStateManagerImpl (PipelineStateManagerImpl.java:addPipeline(103)) - Created pipeline Pipeline[ Id: f8203cdf-f946-43bc-a203-2111ad0a3761, Nodes: 2b4e70ee-eebc-4c64-9ba5-1bae8adbf1c4{ip: 127.0.0.1, host: localhost, ports: [REPLICATION=41605, RATIS=33429, RATIS_ADMIN=33429, RATIS_SERVER=33429, STANDALONE=36013], networkLocation: /default-rack, certSerialId: null, persistedOpState: IN_SERVICE, persistedOpStateExpiryEpochSec: 0}, ReplicationConfig: RATIS/ONE, State:ALLOCATED, leaderId:, CreationTimestamp2022-08-20T13:51:06.347Z[Etc/UTC]].
2022-08-20 13:51:06,385 [RatisPipelineUtilsThread - 0] INFO  pipeline.RatisPipelineProvider (RatisPipelineProvider.java:lambda$create$0(195)) - Sending CreatePipelineCommand for pipeline:PipelineID=636ce802-0b5b-4e15-b57f-4198e36b776c to datanode:3b5fe929-2681-4434-877b-86f4f8bf3428
2022-08-20 13:51:06,392 [RatisPipelineUtilsThread - 0] INFO  pipeline.RatisPipelineProvider (RatisPipelineProvider.java:lambda$create$0(195)) - Sending CreatePipelineCommand for pipeline:PipelineID=636ce802-0b5b-4e15-b57f-4198e36b776c to datanode:a11b2509-56e9-4ce5-bf37-e5470aba7c9f
2022-08-20 13:51:06,392 [RatisPipelineUtilsThread - 0] INFO  pipeline.RatisPipelineProvider (RatisPipelineProvider.java:lambda$create$0(195)) - Sending CreatePipelineCommand for pipeline:PipelineID=636ce802-0b5b-4e15-b57f-4198e36b776c to datanode:2b4e70ee-eebc-4c64-9ba5-1bae8adbf1c4
2022-08-20 13:51:06,393 [d38852ba-a21f-4434-98b8-bd8171207a1b@group-A2CB2457C7CC-StateMachineUpdater] INFO  safemode.HealthyPipelineSafeModeRule (HealthyPipelineSafeModeRule.java:initializeRule(165)) - Refreshed total pipeline count is 0, healthy pipeline threshold count is 1
2022-08-20 13:51:06,377 [0dda5a98-1e81-403d-bcb4-170ef3797067@group-A2CB2457C7CC-StateMachineUpdater] INFO  safemode.HealthyPipelineSafeModeRule (HealthyPipelineSafeModeRule.java:initializeRule(165)) - Refreshed total pipeline count is 0, healthy pipeline threshold count is 1
2022-08-20 13:51:06,417 [d94a9406-f498-4882-9ec6-2683d96ac94a@group-A2CB2457C7CC-StateMachineUpdater] INFO  pipeline.PipelineStateManagerImpl (PipelineStateManagerImpl.java:addPipeline(103)) - Created pipeline Pipeline[ Id: 636ce802-0b5b-4e15-b57f-4198e36b776c, Nodes: 3b5fe929-2681-4434-877b-86f4f8bf3428{ip: 127.0.0.1, host: localhost, ports: [REPLICATION=41603, RATIS=45943, RATIS_ADMIN=45943, RATIS_SERVER=45943, STANDALONE=40729], networkLocation: /default-rack, certSerialId: null, persistedOpState: IN_SERVICE, persistedOpStateExpiryEpochSec: 0}a11b2509-56e9-4ce5-bf37-e5470aba7c9f{ip: 127.0.0.1, host: localhost, ports: [REPLICATION=43307, RATIS=46047, RATIS_ADMIN=46047, RATIS_SERVER=46047, STANDALONE=39107], networkLocation: /default-rack, certSerialId: null, persistedOpState: IN_SERVICE, persistedOpStateExpiryEpochSec: 0}2b4e70ee-eebc-4c64-9ba5-1bae8adbf1c4{ip: 127.0.0.1, host: localhost, ports: [REPLICATION=41605, RATIS=33429, RATIS_ADMIN=33429, RATIS_SERVER=33429, STANDALONE=36013], networkLocation: /default-rack, certSerialId: null, persistedOpState: IN_SERVICE, persistedOpStateExpiryEpochSec: 0}, ReplicationConfig: RATIS/THREE, State:ALLOCATED, leaderId:, CreationTimestamp2022-08-20T13:51:06.385Z[Etc/UTC]].
2022-08-20 13:51:06,417 [d94a9406-f498-4882-9ec6-2683d96ac94a@group-A2CB2457C7CC-StateMachineUpdater] INFO  safemode.HealthyPipelineSafeModeRule (HealthyPipelineSafeModeRule.java:initializeRule(165)) - Refreshed total pipeline count is 0, healthy pipeline threshold count is 1
2022-08-20 13:51:06,419 [RatisPipelineUtilsThread - 0] INFO  pipeline.RatisPipelineProvider (RatisPipelineProvider.java:lambda$create$0(195)) - Sending CreatePipelineCommand for pipeline:PipelineID=1bc7df52-0f1e-4a59-8074-98642bebad9e to datanode:2b4e70ee-eebc-4c64-9ba5-1bae8adbf1c4
2022-08-20 13:51:06,421 [RatisPipelineUtilsThread - 0] INFO  pipeline.RatisPipelineProvider (RatisPipelineProvider.java:lambda$create$0(195)) - Sending CreatePipelineCommand for pipeline:PipelineID=1bc7df52-0f1e-4a59-8074-98642bebad9e to datanode:a11b2509-56e9-4ce5-bf37-e5470aba7c9f
2022-08-20 13:51:06,421 [RatisPipelineUtilsThread - 0] INFO  pipeline.RatisPipelineProvider (RatisPipelineProvider.java:lambda$create$0(195)) - Sending CreatePipelineCommand for pipeline:PipelineID=1bc7df52-0f1e-4a59-8074-98642bebad9e to datanode:3b5fe929-2681-4434-877b-86f4f8bf3428
2022-08-20 13:51:06,423 [0dda5a98-1e81-403d-bcb4-170ef3797067@group-A2CB2457C7CC-StateMachineUpdater] INFO  pipeline.PipelineStateManagerImpl (PipelineStateManagerImpl.java:addPipeline(103)) - Created pipeline Pipeline[ Id: 636ce802-0b5b-4e15-b57f-4198e36b776c, Nodes: 3b5fe929-2681-4434-877b-86f4f8bf3428{ip: 127.0.0.1, host: localhost, ports: [REPLICATION=41603, RATIS=45943, RATIS_ADMIN=45943, RATIS_SERVER=45943, STANDALONE=40729], networkLocation: /default-rack, certSerialId: null, persistedOpState: IN_SERVICE, persistedOpStateExpiryEpochSec: 0}a11b2509-56e9-4ce5-bf37-e5470aba7c9f{ip: 127.0.0.1, host: localhost, ports: [REPLICATION=43307, RATIS=46047, RATIS_ADMIN=46047, RATIS_SERVER=46047, STANDALONE=39107], networkLocation: /default-rack, certSerialId: null, persistedOpState: IN_SERVICE, persistedOpStateExpiryEpochSec: 0}2b4e70ee-eebc-4c64-9ba5-1bae8adbf1c4{ip: 127.0.0.1, host: localhost, ports: [REPLICATION=41605, RATIS=33429, RATIS_ADMIN=33429, RATIS_SERVER=33429, STANDALONE=36013], networkLocation: /default-rack, certSerialId: null, persistedOpState: IN_SERVICE, persistedOpStateExpiryEpochSec: 0}, ReplicationConfig: RATIS/THREE, State:ALLOCATED, leaderId:, CreationTimestamp2022-08-20T13:51:06.385Z[Etc/UTC]].
2022-08-20 13:51:06,423 [0dda5a98-1e81-403d-bcb4-170ef3797067@group-A2CB2457C7CC-StateMachineUpdater] INFO  safemode.HealthyPipelineSafeModeRule (HealthyPipelineSafeModeRule.java:initializeRule(165)) - Refreshed total pipeline count is 0, healthy pipeline threshold count is 1
2022-08-20 13:51:06,429 [d38852ba-a21f-4434-98b8-bd8171207a1b@group-A2CB2457C7CC-StateMachineUpdater] INFO  pipeline.PipelineStateManagerImpl (PipelineStateManagerImpl.java:addPipeline(103)) - Created pipeline Pipeline[ Id: 636ce802-0b5b-4e15-b57f-4198e36b776c, Nodes: 3b5fe929-2681-4434-877b-86f4f8bf3428{ip: 127.0.0.1, host: localhost, ports: [REPLICATION=41603, RATIS=45943, RATIS_ADMIN=45943, RATIS_SERVER=45943, STANDALONE=40729], networkLocation: /default-rack, certSerialId: null, persistedOpState: IN_SERVICE, persistedOpStateExpiryEpochSec: 0}a11b2509-56e9-4ce5-bf37-e5470aba7c9f{ip: 127.0.0.1, host: localhost, ports: [REPLICATION=43307, RATIS=46047, RATIS_ADMIN=46047, RATIS_SERVER=46047, STANDALONE=39107], networkLocation: /default-rack, certSerialId: null, persistedOpState: IN_SERVICE, persistedOpStateExpiryEpochSec: 0}2b4e70ee-eebc-4c64-9ba5-1bae8adbf1c4{ip: 127.0.0.1, host: localhost, ports: [REPLICATION=41605, RATIS=33429, RATIS_ADMIN=33429, RATIS_SERVER=33429, STANDALONE=36013], networkLocation: /default-rack, certSerialId: null, persistedOpState: IN_SERVICE, persistedOpStateExpiryEpochSec: 0}, ReplicationConfig: RATIS/THREE, State:ALLOCATED, leaderId:, CreationTimestamp2022-08-20T13:51:06.385Z[Etc/UTC]].
2022-08-20 13:51:06,434 [d38852ba-a21f-4434-98b8-bd8171207a1b@group-A2CB2457C7CC-StateMachineUpdater] INFO  safemode.HealthyPipelineSafeModeRule (HealthyPipelineSafeModeRule.java:initializeRule(165)) - Refreshed total pipeline count is 0, healthy pipeline threshold count is 1
2022-08-20 13:51:06,445 [d94a9406-f498-4882-9ec6-2683d96ac94a@group-A2CB2457C7CC-StateMachineUpdater] INFO  pipeline.PipelineStateManagerImpl (PipelineStateManagerImpl.java:addPipeline(103)) - Created pipeline Pipeline[ Id: 1bc7df52-0f1e-4a59-8074-98642bebad9e, Nodes: 2b4e70ee-eebc-4c64-9ba5-1bae8adbf1c4{ip: 127.0.0.1, host: localhost, ports: [REPLICATION=41605, RATIS=33429, RATIS_ADMIN=33429, RATIS_SERVER=33429, STANDALONE=36013], networkLocation: /default-rack, certSerialId: null, persistedOpState: IN_SERVICE, persistedOpStateExpiryEpochSec: 0}a11b2509-56e9-4ce5-bf37-e5470aba7c9f{ip: 127.0.0.1, host: localhost, ports: [REPLICATION=43307, RATIS=46047, RATIS_ADMIN=46047, RATIS_SERVER=46047, STANDALONE=39107], networkLocation: /default-rack, certSerialId: null, persistedOpState: IN_SERVICE, persistedOpStateExpiryEpochSec: 0}3b5fe929-2681-4434-877b-86f4f8bf3428{ip: 127.0.0.1, host: localhost, ports: [REPLICATION=41603, RATIS=45943, RATIS_ADMIN=45943, RATIS_SERVER=45943, STANDALONE=40729], networkLocation: /default-rack, certSerialId: null, persistedOpState: IN_SERVICE, persistedOpStateExpiryEpochSec: 0}, ReplicationConfig: RATIS/THREE, State:ALLOCATED, leaderId:, CreationTimestamp2022-08-20T13:51:06.419Z[Etc/UTC]].
2022-08-20 13:51:06,457 [d94a9406-f498-4882-9ec6-2683d96ac94a@group-A2CB2457C7CC-StateMachineUpdater] INFO  safemode.HealthyPipelineSafeModeRule (HealthyPipelineSafeModeRule.java:initializeRule(165)) - Refreshed total pipeline count is 0, healthy pipeline threshold count is 1
2022-08-20 13:51:06,446 [0dda5a98-1e81-403d-bcb4-170ef3797067@group-A2CB2457C7CC-StateMachineUpdater] INFO  pipeline.PipelineStateManagerImpl (PipelineStateManagerImpl.java:addPipeline(103)) - Created pipeline Pipeline[ Id: 1bc7df52-0f1e-4a59-8074-98642bebad9e, Nodes: 2b4e70ee-eebc-4c64-9ba5-1bae8adbf1c4{ip: 127.0.0.1, host: localhost, ports: [REPLICATION=41605, RATIS=33429, RATIS_ADMIN=33429, RATIS_SERVER=33429, STANDALONE=36013], networkLocation: /default-rack, certSerialId: null, persistedOpState: IN_SERVICE, persistedOpStateExpiryEpochSec: 0}a11b2509-56e9-4ce5-bf37-e5470aba7c9f{ip: 127.0.0.1, host: localhost, ports: [REPLICATION=43307, RATIS=46047, RATIS_ADMIN=46047, RATIS_SERVER=46047, STANDALONE=39107], networkLocation: /default-rack, certSerialId: null, persistedOpState: IN_SERVICE, persistedOpStateExpiryEpochSec: 0}3b5fe929-2681-4434-877b-86f4f8bf3428{ip: 127.0.0.1, host: localhost, ports: [REPLICATION=41603, RATIS=45943, RATIS_ADMIN=45943, RATIS_SERVER=45943, STANDALONE=40729], networkLocation: /default-rack, certSerialId: null, persistedOpState: IN_SERVICE, persistedOpStateExpiryEpochSec: 0}, ReplicationConfig: RATIS/THREE, State:ALLOCATED, leaderId:, CreationTimestamp2022-08-20T13:51:06.419Z[Etc/UTC]].
2022-08-20 13:51:06,459 [0dda5a98-1e81-403d-bcb4-170ef3797067@group-A2CB2457C7CC-StateMachineUpdater] INFO  safemode.HealthyPipelineSafeModeRule (HealthyPipelineSafeModeRule.java:initializeRule(165)) - Refreshed total pipeline count is 0, healthy pipeline threshold count is 1
2022-08-20 13:51:06,459 [RatisPipelineUtilsThread - 0] INFO  pipeline.PipelineManagerImpl (PipelineManagerImpl.java:recordMetricsForPipeline(796)) - Pipeline: PipelineID=1bc7df52-0f1e-4a59-8074-98642bebad9e contains same datanodes as previous pipelines: PipelineID=636ce802-0b5b-4e15-b57f-4198e36b776c nodeIds: 2b4e70ee-eebc-4c64-9ba5-1bae8adbf1c4, a11b2509-56e9-4ce5-bf37-e5470aba7c9f, 3b5fe929-2681-4434-877b-86f4f8bf3428
2022-08-20 13:51:06,463 [d38852ba-a21f-4434-98b8-bd8171207a1b@group-A2CB2457C7CC-StateMachineUpdater] INFO  pipeline.PipelineStateManagerImpl (PipelineStateManagerImpl.java:addPipeline(103)) - Created pipeline Pipeline[ Id: 1bc7df52-0f1e-4a59-8074-98642bebad9e, Nodes: 2b4e70ee-eebc-4c64-9ba5-1bae8adbf1c4{ip: 127.0.0.1, host: localhost, ports: [REPLICATION=41605, RATIS=33429, RATIS_ADMIN=33429, RATIS_SERVER=33429, STANDALONE=36013], networkLocation: /default-rack, certSerialId: null, persistedOpState: IN_SERVICE, persistedOpStateExpiryEpochSec: 0}a11b2509-56e9-4ce5-bf37-e5470aba7c9f{ip: 127.0.0.1, host: localhost, ports: [REPLICATION=43307, RATIS=46047, RATIS_ADMIN=46047, RATIS_SERVER=46047, STANDALONE=39107], networkLocation: /default-rack, certSerialId: null, persistedOpState: IN_SERVICE, persistedOpStateExpiryEpochSec: 0}3b5fe929-2681-4434-877b-86f4f8bf3428{ip: 127.0.0.1, host: localhost, ports: [REPLICATION=41603, RATIS=45943, RATIS_ADMIN=45943, RATIS_SERVER=45943, STANDALONE=40729], networkLocation: /default-rack, certSerialId: null, persistedOpState: IN_SERVICE, persistedOpStateExpiryEpochSec: 0}, ReplicationConfig: RATIS/THREE, State:ALLOCATED, leaderId:, CreationTimestamp2022-08-20T13:51:06.419Z[Etc/UTC]].
2022-08-20 13:51:06,473 [d38852ba-a21f-4434-98b8-bd8171207a1b@group-A2CB2457C7CC-StateMachineUpdater] INFO  safemode.HealthyPipelineSafeModeRule (HealthyPipelineSafeModeRule.java:initializeRule(165)) - Refreshed total pipeline count is 0, healthy pipeline threshold count is 1
2022-08-20 13:51:07,316 [Listener at 127.0.0.1/34995] INFO  ozone.MiniOzoneClusterImpl (MiniOzoneClusterImpl.java:lambda$waitForClusterToBeReady$0(216)) - Nodes are ready. Got 3 of 3 DN Heartbeats.
2022-08-20 13:51:07,322 [Listener at 127.0.0.1/34995] INFO  ozone.MiniOzoneClusterImpl (MiniOzoneClusterImpl.java:lambda$waitForClusterToBeReady$0(219)) - Waiting for cluster to exit safe mode
2022-08-20 13:51:07,322 [Listener at 127.0.0.1/34995] INFO  ozone.MiniOzoneClusterImpl (MiniOzoneClusterImpl.java:lambda$waitForClusterToBeReady$0(221)) - SCM became leader
2022-08-20 13:51:08,322 [Listener at 127.0.0.1/34995] INFO  ozone.MiniOzoneClusterImpl (MiniOzoneClusterImpl.java:lambda$waitForClusterToBeReady$0(216)) - Nodes are ready. Got 3 of 3 DN Heartbeats.
2022-08-20 13:51:08,322 [Listener at 127.0.0.1/34995] INFO  ozone.MiniOzoneClusterImpl (MiniOzoneClusterImpl.java:lambda$waitForClusterToBeReady$0(219)) - Waiting for cluster to exit safe mode
2022-08-20 13:51:08,322 [Listener at 127.0.0.1/34995] INFO  ozone.MiniOzoneClusterImpl (MiniOzoneClusterImpl.java:lambda$waitForClusterToBeReady$0(221)) - SCM became leader
2022-08-20 13:51:08,594 [Command processor thread] INFO  server.RaftServer (RaftServerProxy.java:addNew(96)) - a11b2509-56e9-4ce5-bf37-e5470aba7c9f: addNew group-F1D041E5A64A:[a11b2509-56e9-4ce5-bf37-e5470aba7c9f|rpc:127.0.0.1:46047|priority:1] returns group-F1D041E5A64A:java.util.concurrent.CompletableFuture@69b94777[Not completed]
2022-08-20 13:51:08,605 [pool-190-thread-1] INFO  server.RaftServer$Division (RaftServerImpl.java:<init>(190)) - a11b2509-56e9-4ce5-bf37-e5470aba7c9f: new RaftServerImpl for group-F1D041E5A64A:[a11b2509-56e9-4ce5-bf37-e5470aba7c9f|rpc:127.0.0.1:46047|priority:1] with ContainerStateMachine:uninitialized
2022-08-20 13:51:08,605 [pool-190-thread-1] INFO  server.RaftServerConfigKeys (ConfUtils.java:logGet(46)) - raft.server.rpc.timeout.min = 5s (custom)
2022-08-20 13:51:08,605 [pool-190-thread-1] INFO  server.RaftServerConfigKeys (ConfUtils.java:logGet(46)) - raft.server.rpc.timeout.max = 5200ms (custom)
2022-08-20 13:51:08,605 [pool-190-thread-1] INFO  server.RaftServerConfigKeys (ConfUtils.java:logGet(46)) - raft.server.rpc.sleep.time = 25ms (default)
2022-08-20 13:51:08,605 [pool-190-thread-1] INFO  server.RaftServerConfigKeys (ConfUtils.java:logGet(46)) - raft.server.rpc.slowness.timeout = 300s (custom)
2022-08-20 13:51:08,605 [pool-190-thread-1] INFO  server.RaftServerConfigKeys (ConfUtils.java:logGet(46)) - raft.server.leaderelection.leader.step-down.wait-time = 10s (default)
2022-08-20 13:51:08,605 [pool-190-thread-1] INFO  server.RaftServerConfigKeys (ConfUtils.java:logGet(46)) - raft.server.sleep.deviation.threshold = 300ms (default)
2022-08-20 13:51:08,605 [pool-190-thread-1] INFO  server.RaftServer$Division (ServerState.java:<init>(107)) - a11b2509-56e9-4ce5-bf37-e5470aba7c9f@group-F1D041E5A64A: ConfigurationManager, init=-1: [a11b2509-56e9-4ce5-bf37-e5470aba7c9f|rpc:127.0.0.1:46047|priority:1], old=null, confs=<EMPTY_MAP>
2022-08-20 13:51:08,606 [pool-190-thread-1] INFO  server.RaftServerConfigKeys (ConfUtils.java:logGet(46)) - raft.server.storage.dir = [/home/runner/work/ozone/ozone/hadoop-ozone/integration-test/target/test-dir/MiniOzoneClusterImpl-1d33bde5-c0a1-446c-b0a2-a2cb2457c7cc/datanode-0/data/ratis] (custom)
2022-08-20 13:51:08,606 [pool-190-thread-1] INFO  server.RaftServerConfigKeys (ConfUtils.java:logGet(46)) - raft.server.log.corruption.policy = EXCEPTION (default)
2022-08-20 13:51:08,606 [pool-190-thread-1] INFO  server.RaftServerConfigKeys (ConfUtils.java:logGet(46)) - raft.server.storage.free-space.min = 0MB (=0) (default)
2022-08-20 13:51:08,606 [pool-190-thread-1] INFO  storage.RaftStorageDirectory (RaftStorageDirectoryImpl.java:analyzeStorage(135)) - The storage directory /home/runner/work/ozone/ozone/hadoop-ozone/integration-test/target/test-dir/MiniOzoneClusterImpl-1d33bde5-c0a1-446c-b0a2-a2cb2457c7cc/datanode-0/data/ratis/f0a40090-449a-41d4-81a7-f1d041e5a64a does not exist. Creating ...
2022-08-20 13:51:08,607 [pool-190-thread-1] INFO  storage.RaftStorageDirectory (RaftStorageDirectoryImpl.java:tryLock(230)) - Lock on /home/runner/work/ozone/ozone/hadoop-ozone/integration-test/target/test-dir/MiniOzoneClusterImpl-1d33bde5-c0a1-446c-b0a2-a2cb2457c7cc/datanode-0/data/ratis/f0a40090-449a-41d4-81a7-f1d041e5a64a/in_use.lock acquired by nodename 20888@fv-az54-959
2022-08-20 13:51:08,608 [pool-190-thread-1] INFO  storage.RaftStorage (RaftStorageImpl.java:format(89)) - Storage directory /home/runner/work/ozone/ozone/hadoop-ozone/integration-test/target/test-dir/MiniOzoneClusterImpl-1d33bde5-c0a1-446c-b0a2-a2cb2457c7cc/datanode-0/data/ratis/f0a40090-449a-41d4-81a7-f1d041e5a64a has been successfully formatted.
2022-08-20 13:51:08,611 [pool-190-thread-1] INFO  ratis.ContainerStateMachine (ContainerStateMachine.java:loadSnapshot(236)) - group-F1D041E5A64A: The snapshot info is null. Setting the last applied indexto:(t:0, i:~)
2022-08-20 13:51:08,612 [pool-190-thread-1] INFO  server.RaftServerConfigKeys (ConfUtils.java:logGet(46)) - raft.server.notification.no-leader.timeout = 300s (custom)
2022-08-20 13:51:08,612 [pool-190-thread-1] INFO  server.RaftServerConfigKeys (ConfUtils.java:logGet(46)) - raft.server.log.use.memory = false (default)
2022-08-20 13:51:08,612 [pool-190-thread-1] INFO  server.RaftServerConfigKeys (ConfUtils.java:logGet(46)) - raft.server.log.purge.gap = 1000000 (custom)
2022-08-20 13:51:08,612 [pool-190-thread-1] INFO  server.RaftServerConfigKeys (ConfUtils.java:logGet(46)) - raft.server.log.appender.buffer.byte-limit = 33554432 (custom)
2022-08-20 13:51:08,612 [pool-190-thread-1] INFO  server.RaftServerConfigKeys (ConfUtils.java:logGet(46)) - raft.server.log.statemachine.data.read.timeout = 1000ms (default)
2022-08-20 13:51:08,612 [pool-190-thread-1] INFO  server.RaftServerConfigKeys (ConfUtils.java:logGet(46)) - raft.server.log.segment.size.max = 1048576 (custom)
2022-08-20 13:51:08,613 [pool-190-thread-1] INFO  server.RaftServerConfigKeys (ConfUtils.java:logGet(46)) - raft.server.log.segment.cache.num.max = 2 (custom)
2022-08-20 13:51:08,613 [pool-190-thread-1] INFO  server.RaftServerConfigKeys (ConfUtils.java:logGet(46)) - raft.server.log.segment.cache.size.max = 200MB (=209715200) (default)
2022-08-20 13:51:08,613 [pool-190-thread-1] INFO  segmented.SegmentedRaftLogWorker (SegmentedRaftLogWorker.java:<init>(187)) - new a11b2509-56e9-4ce5-bf37-e5470aba7c9f@group-F1D041E5A64A-SegmentedRaftLogWorker for RaftStorageImpl:Storage Directory /home/runner/work/ozone/ozone/hadoop-ozone/integration-test/target/test-dir/MiniOzoneClusterImpl-1d33bde5-c0a1-446c-b0a2-a2cb2457c7cc/datanode-0/data/ratis/f0a40090-449a-41d4-81a7-f1d041e5a64a
2022-08-20 13:51:08,613 [pool-190-thread-1] INFO  server.RaftServerConfigKeys (ConfUtils.java:logGet(46)) - raft.server.log.queue.byte-limit = 4294967296 (custom)
2022-08-20 13:51:08,613 [pool-190-thread-1] INFO  server.RaftServerConfigKeys (ConfUtils.java:logGet(46)) - raft.server.log.queue.element-limit = 1024 (custom)
2022-08-20 13:51:08,613 [pool-190-thread-1] INFO  server.RaftServerConfigKeys (ConfUtils.java:logGet(46)) - raft.server.log.segment.size.max = 1048576 (custom)
2022-08-20 13:51:08,613 [pool-190-thread-1] INFO  server.RaftServerConfigKeys (ConfUtils.java:logGet(46)) - raft.server.log.preallocated.size = 16384 (custom)
2022-08-20 13:51:08,613 [pool-190-thread-1] INFO  server.RaftServerConfigKeys (ConfUtils.java:logGet(46)) - raft.server.log.force.sync.num = 128 (default)
2022-08-20 13:51:08,613 [pool-190-thread-1] INFO  server.RaftServerConfigKeys (ConfUtils.java:logGet(46)) - raft.server.log.statemachine.data.sync = true (default)
2022-08-20 13:51:08,613 [pool-190-thread-1] INFO  server.RaftServerConfigKeys (ConfUtils.java:logGet(46)) - raft.server.log.statemachine.data.sync.timeout = 10s (default)
2022-08-20 13:51:08,613 [pool-190-thread-1] INFO  server.RaftServerConfigKeys (ConfUtils.java:logGet(46)) - raft.server.log.statemachine.data.sync.timeout.retry = -1 (default)
2022-08-20 13:51:08,614 [pool-190-thread-1] INFO  server.RaftServerConfigKeys (ConfUtils.java:logGet(46)) - raft.server.log.write.buffer.size = 1048576 (custom)
2022-08-20 13:51:08,615 [pool-190-thread-1] INFO  server.RaftServerConfigKeys (ConfUtils.java:logGet(46)) - raft.server.log.unsafe-flush.enabled = false (default)
2022-08-20 13:51:08,615 [pool-190-thread-1] INFO  server.RaftServerConfigKeys (ConfUtils.java:logGet(46)) - raft.server.log.statemachine.data.caching.enabled = true (custom)
2022-08-20 13:51:08,615 [pool-190-thread-1] INFO  segmented.SegmentedRaftLogWorker (SegmentedRaftLogWorker.java:lambda$new$0(135)) - a11b2509-56e9-4ce5-bf37-e5470aba7c9f@group-F1D041E5A64A-SegmentedRaftLogWorker: flushIndex: setUnconditionally 0 -> -1
2022-08-20 13:51:08,615 [pool-190-thread-1] INFO  segmented.SegmentedRaftLogWorker (SegmentedRaftLogWorker.java:lambda$new$0(135)) - a11b2509-56e9-4ce5-bf37-e5470aba7c9f@group-F1D041E5A64A-SegmentedRaftLogWorker: safeCacheEvictIndex: setUnconditionally 0 -> -1
2022-08-20 13:51:08,615 [pool-190-thread-1] INFO  server.RaftServerConfigKeys (ConfUtils.java:logGet(46)) - raft.server.snapshot.auto.trigger.enabled = true (custom)
2022-08-20 13:51:08,615 [pool-190-thread-1] INFO  server.RaftServerConfigKeys (ConfUtils.java:logGet(46)) - raft.server.snapshot.auto.trigger.threshold = 10000 (custom)
2022-08-20 13:51:08,615 [pool-190-thread-1] INFO  server.RaftServerConfigKeys (ConfUtils.java:logGet(46)) - raft.server.snapshot.retention.file.num = 5 (custom)
2022-08-20 13:51:08,615 [pool-190-thread-1] INFO  server.RaftServerConfigKeys (ConfUtils.java:logGet(46)) - raft.server.log.purge.upto.snapshot.index = false (default)
2022-08-20 13:51:08,615 [pool-190-thread-1] INFO  server.RaftServerConfigKeys (ConfUtils.java:logGet(46)) - raft.server.retrycache.expirytime = 600000ms (custom)
2022-08-20 13:51:08,615 [pool-190-thread-1] INFO  server.RaftServerConfigKeys (ConfUtils.java:logGet(46)) - raft.server.retrycache.statistics.expirytime = 100μs (default)
2022-08-20 13:51:08,617 [pool-190-thread-1] INFO  server.RaftServerConfigKeys (ConfUtils.java:logGet(46)) - raft.server.log.appender.install.snapshot.enabled = false (custom)
2022-08-20 13:51:08,617 [pool-190-thread-1] INFO  server.RaftServerConfigKeys (ConfUtils.java:logGet(46)) - raft.server.threadpool.server.cached = true (default)
2022-08-20 13:51:08,617 [pool-190-thread-1] INFO  server.RaftServerConfigKeys (ConfUtils.java:logGet(46)) - raft.server.threadpool.server.size = 0 (default)
2022-08-20 13:51:08,617 [pool-190-thread-1] INFO  server.RaftServerConfigKeys (ConfUtils.java:logGet(46)) - raft.server.threadpool.client.cached = true (default)
2022-08-20 13:51:08,617 [pool-190-thread-1] INFO  server.RaftServerConfigKeys (ConfUtils.java:logGet(46)) - raft.server.threadpool.client.size = 0 (default)
2022-08-20 13:51:08,617 [pool-190-thread-1] INFO  server.RaftServer$Division (RaftServerImpl.java:start(310)) - a11b2509-56e9-4ce5-bf37-e5470aba7c9f@group-F1D041E5A64A: start as a follower, conf=-1: [a11b2509-56e9-4ce5-bf37-e5470aba7c9f|rpc:127.0.0.1:46047|priority:1], old=null
2022-08-20 13:51:08,617 [pool-190-thread-1] INFO  server.RaftServer$Division (RaftServerImpl.java:setRole(299)) - a11b2509-56e9-4ce5-bf37-e5470aba7c9f@group-F1D041E5A64A: changes role from      null to FOLLOWER at term 0 for startAsFollower
2022-08-20 13:51:08,617 [pool-190-thread-1] INFO  impl.RoleInfo (RoleInfo.java:updateAndGet(139)) - a11b2509-56e9-4ce5-bf37-e5470aba7c9f: start a11b2509-56e9-4ce5-bf37-e5470aba7c9f@group-F1D041E5A64A-FollowerState
2022-08-20 13:51:08,618 [pool-190-thread-1] INFO  util.JmxRegister (JmxRegister.java:tryRegister(44)) - Successfully registered JMX Bean with object name Ratis:service=RaftServer,group=group-F1D041E5A64A,id=a11b2509-56e9-4ce5-bf37-e5470aba7c9f
2022-08-20 13:51:08,627 [Command processor thread] INFO  ratis.XceiverServerRatis (XceiverServerRatis.java:addGroup(765)) - Created group PipelineID=f0a40090-449a-41d4-81a7-f1d041e5a64a
2022-08-20 13:51:08,628 [Command processor thread] INFO  commandhandler.CreatePipelineCommandHandler (CreatePipelineCommandHandler.java:handle(113)) - Created Pipeline RATIS ONE PipelineID=f0a40090-449a-41d4-81a7-f1d041e5a64a.
2022-08-20 13:51:08,630 [pool-190-thread-1] INFO  server.RaftServer$Division (RaftServerImpl.java:<init>(190)) - a11b2509-56e9-4ce5-bf37-e5470aba7c9f: new RaftServerImpl for group-4198E36B776C:[a11b2509-56e9-4ce5-bf37-e5470aba7c9f|rpc:127.0.0.1:46047|priority:0, 3b5fe929-2681-4434-877b-86f4f8bf3428|rpc:127.0.0.1:45943|priority:1, 2b4e70ee-eebc-4c64-9ba5-1bae8adbf1c4|rpc:127.0.0.1:33429|priority:0] with ContainerStateMachine:uninitialized
2022-08-20 13:51:08,630 [pool-190-thread-1] INFO  server.RaftServerConfigKeys (ConfUtils.java:logGet(46)) - raft.server.rpc.timeout.min = 5s (custom)
2022-08-20 13:51:08,630 [pool-190-thread-1] INFO  server.RaftServerConfigKeys (ConfUtils.java:logGet(46)) - raft.server.rpc.timeout.max = 5200ms (custom)
2022-08-20 13:51:08,630 [pool-190-thread-1] INFO  server.RaftServerConfigKeys (ConfUtils.java:logGet(46)) - raft.server.rpc.sleep.time = 25ms (default)
2022-08-20 13:51:08,630 [pool-190-thread-1] INFO  server.RaftServerConfigKeys (ConfUtils.java:logGet(46)) - raft.server.rpc.slowness.timeout = 300s (custom)
2022-08-20 13:51:08,630 [pool-190-thread-1] INFO  server.RaftServerConfigKeys (ConfUtils.java:logGet(46)) - raft.server.leaderelection.leader.step-down.wait-time = 10s (default)
2022-08-20 13:51:08,630 [pool-190-thread-1] INFO  server.RaftServerConfigKeys (ConfUtils.java:logGet(46)) - raft.server.sleep.deviation.threshold = 300ms (default)
2022-08-20 13:51:08,630 [pool-190-thread-1] INFO  server.RaftServer$Division (ServerState.java:<init>(107)) - a11b2509-56e9-4ce5-bf37-e5470aba7c9f@group-4198E36B776C: ConfigurationManager, init=-1: [a11b2509-56e9-4ce5-bf37-e5470aba7c9f|rpc:127.0.0.1:46047|priority:0, 3b5fe929-2681-4434-877b-86f4f8bf3428|rpc:127.0.0.1:45943|priority:1, 2b4e70ee-eebc-4c64-9ba5-1bae8adbf1c4|rpc:127.0.0.1:33429|priority:0], old=null, confs=<EMPTY_MAP>
2022-08-20 13:51:08,631 [pool-190-thread-1] INFO  server.RaftServerConfigKeys (ConfUtils.java:logGet(46)) - raft.server.storage.dir = [/home/runner/work/ozone/ozone/hadoop-ozone/integration-test/target/test-dir/MiniOzoneClusterImpl-1d33bde5-c0a1-446c-b0a2-a2cb2457c7cc/datanode-0/data/ratis] (custom)
2022-08-20 13:51:08,631 [pool-190-thread-1] INFO  server.RaftServerConfigKeys (ConfUtils.java:logGet(46)) - raft.server.log.corruption.policy = EXCEPTION (default)
2022-08-20 13:51:08,631 [pool-190-thread-1] INFO  server.RaftServerConfigKeys (ConfUtils.java:logGet(46)) - raft.server.storage.free-space.min = 0MB (=0) (default)
2022-08-20 13:51:08,631 [pool-190-thread-1] INFO  storage.RaftStorageDirectory (RaftStorageDirectoryImpl.java:analyzeStorage(135)) - The storage directory /home/runner/work/ozone/ozone/hadoop-ozone/integration-test/target/test-dir/MiniOzoneClusterImpl-1d33bde5-c0a1-446c-b0a2-a2cb2457c7cc/datanode-0/data/ratis/636ce802-0b5b-4e15-b57f-4198e36b776c does not exist. Creating ...
2022-08-20 13:51:08,635 [EventQueue-PipelineReportForPipelineReportHandler] INFO  pipeline.PipelineManagerImpl (PipelineManagerImpl.java:openPipeline(367)) - Pipeline Pipeline[ Id: f0a40090-449a-41d4-81a7-f1d041e5a64a, Nodes: a11b2509-56e9-4ce5-bf37-e5470aba7c9f{ip: 127.0.0.1, host: localhost, ports: [REPLICATION=43307, RATIS=46047, RATIS_ADMIN=46047, RATIS_SERVER=46047, STANDALONE=39107], networkLocation: /default-rack, certSerialId: null, persistedOpState: IN_SERVICE, persistedOpStateExpiryEpochSec: 0}, ReplicationConfig: RATIS/ONE, State:ALLOCATED, leaderId:a11b2509-56e9-4ce5-bf37-e5470aba7c9f, CreationTimestamp2022-08-20T13:51:05.647Z[Etc/UTC]] moved to OPEN state
2022-08-20 13:51:08,641 [Command processor thread] INFO  server.RaftServer (RaftServerProxy.java:addNew(96)) - a11b2509-56e9-4ce5-bf37-e5470aba7c9f: addNew group-4198E36B776C:[a11b2509-56e9-4ce5-bf37-e5470aba7c9f|rpc:127.0.0.1:46047|priority:0, 3b5fe929-2681-4434-877b-86f4f8bf3428|rpc:127.0.0.1:45943|priority:1, 2b4e70ee-eebc-4c64-9ba5-1bae8adbf1c4|rpc:127.0.0.1:33429|priority:0] returns group-4198E36B776C:java.util.concurrent.CompletableFuture@27799191[Not completed]
2022-08-20 13:51:08,643 [pool-190-thread-1] INFO  storage.RaftStorageDirectory (RaftStorageDirectoryImpl.java:tryLock(230)) - Lock on /home/runner/work/ozone/ozone/hadoop-ozone/integration-test/target/test-dir/MiniOzoneClusterImpl-1d33bde5-c0a1-446c-b0a2-a2cb2457c7cc/datanode-0/data/ratis/636ce802-0b5b-4e15-b57f-4198e36b776c/in_use.lock acquired by nodename 20888@fv-az54-959
2022-08-20 13:51:08,644 [EventQueue-PipelineReportForPipelineReportHandler] INFO  pipeline.PipelineManagerImpl (PipelineManagerImpl.java:openPipeline(367)) - Pipeline Pipeline[ Id: f0a40090-449a-41d4-81a7-f1d041e5a64a, Nodes: a11b2509-56e9-4ce5-bf37-e5470aba7c9f{ip: 127.0.0.1, host: localhost, ports: [REPLICATION=43307, RATIS=46047, RATIS_ADMIN=46047, RATIS_SERVER=46047, STANDALONE=39107], networkLocation: /default-rack, certSerialId: null, persistedOpState: IN_SERVICE, persistedOpStateExpiryEpochSec: 0}, ReplicationConfig: RATIS/ONE, State:ALLOCATED, leaderId:a11b2509-56e9-4ce5-bf37-e5470aba7c9f, CreationTimestamp2022-08-20T13:51:05.647Z[Etc/UTC]] moved to OPEN state
2022-08-20 13:51:08,647 [EventQueue-PipelineReportForPipelineReportHandler] INFO  pipeline.PipelineManagerImpl (PipelineManagerImpl.java:openPipeline(367)) - Pipeline Pipeline[ Id: f0a40090-449a-41d4-81a7-f1d041e5a64a, Nodes: a11b2509-56e9-4ce5-bf37-e5470aba7c9f{ip: 127.0.0.1, host: localhost, ports: [REPLICATION=43307, RATIS=46047, RATIS_ADMIN=46047, RATIS_SERVER=46047, STANDALONE=39107], networkLocation: /default-rack, certSerialId: null, persistedOpState: IN_SERVICE, persistedOpStateExpiryEpochSec: 0}, ReplicationConfig: RATIS/ONE, State:ALLOCATED, leaderId:a11b2509-56e9-4ce5-bf37-e5470aba7c9f, CreationTimestamp2022-08-20T13:51:05.647Z[Etc/UTC]] moved to OPEN state
2022-08-20 13:51:08,672 [pool-190-thread-1] INFO  storage.RaftStorage (RaftStorageImpl.java:format(89)) - Storage directory /home/runner/work/ozone/ozone/hadoop-ozone/integration-test/target/test-dir/MiniOzoneClusterImpl-1d33bde5-c0a1-446c-b0a2-a2cb2457c7cc/datanode-0/data/ratis/636ce802-0b5b-4e15-b57f-4198e36b776c has been successfully formatted.
2022-08-20 13:51:08,672 [pool-190-thread-1] INFO  ratis.ContainerStateMachine (ContainerStateMachine.java:loadSnapshot(236)) - group-4198E36B776C: The snapshot info is null. Setting the last applied indexto:(t:0, i:~)
2022-08-20 13:51:08,672 [pool-190-thread-1] INFO  server.RaftServerConfigKeys (ConfUtils.java:logGet(46)) - raft.server.notification.no-leader.timeout = 300s (custom)
2022-08-20 13:51:08,672 [pool-190-thread-1] INFO  server.RaftServerConfigKeys (ConfUtils.java:logGet(46)) - raft.server.log.use.memory = false (default)
2022-08-20 13:51:08,672 [pool-190-thread-1] INFO  server.RaftServerConfigKeys (ConfUtils.java:logGet(46)) - raft.server.log.purge.gap = 1000000 (custom)
2022-08-20 13:51:08,673 [pool-190-thread-1] INFO  server.RaftServerConfigKeys (ConfUtils.java:logGet(46)) - raft.server.log.appender.buffer.byte-limit = 33554432 (custom)
2022-08-20 13:51:08,673 [pool-190-thread-1] INFO  server.RaftServerConfigKeys (ConfUtils.java:logGet(46)) - raft.server.log.statemachine.data.read.timeout = 1000ms (default)
2022-08-20 13:51:08,673 [pool-190-thread-1] INFO  server.RaftServerConfigKeys (ConfUtils.java:logGet(46)) - raft.server.log.segment.size.max = 1048576 (custom)
2022-08-20 13:51:08,673 [pool-190-thread-1] INFO  server.RaftServerConfigKeys (ConfUtils.java:logGet(46)) - raft.server.log.segment.cache.num.max = 2 (custom)
2022-08-20 13:51:08,673 [pool-190-thread-1] INFO  server.RaftServerConfigKeys (ConfUtils.java:logGet(46)) - raft.server.log.segment.cache.size.max = 200MB (=209715200) (default)
2022-08-20 13:51:08,673 [pool-190-thread-1] INFO  segmented.SegmentedRaftLogWorker (SegmentedRaftLogWorker.java:<init>(187)) - new a11b2509-56e9-4ce5-bf37-e5470aba7c9f@group-4198E36B776C-SegmentedRaftLogWorker for RaftStorageImpl:Storage Directory /home/runner/work/ozone/ozone/hadoop-ozone/integration-test/target/test-dir/MiniOzoneClusterImpl-1d33bde5-c0a1-446c-b0a2-a2cb2457c7cc/datanode-0/data/ratis/636ce802-0b5b-4e15-b57f-4198e36b776c
2022-08-20 13:51:08,673 [pool-190-thread-1] INFO  server.RaftServerConfigKeys (ConfUtils.java:logGet(46)) - raft.server.log.queue.byte-limit = 4294967296 (custom)
2022-08-20 13:51:08,673 [pool-190-thread-1] INFO  server.RaftServerConfigKeys (ConfUtils.java:logGet(46)) - raft.server.log.queue.element-limit = 1024 (custom)
2022-08-20 13:51:08,674 [pool-190-thread-1] INFO  server.RaftServerConfigKeys (ConfUtils.java:logGet(46)) - raft.server.log.segment.size.max = 1048576 (custom)
2022-08-20 13:51:08,674 [pool-190-thread-1] INFO  server.RaftServerConfigKeys (ConfUtils.java:logGet(46)) - raft.server.log.preallocated.size = 16384 (custom)
2022-08-20 13:51:08,674 [pool-190-thread-1] INFO  server.RaftServerConfigKeys (ConfUtils.java:logGet(46)) - raft.server.log.force.sync.num = 128 (default)
2022-08-20 13:51:08,674 [pool-190-thread-1] INFO  server.RaftServerConfigKeys (ConfUtils.java:logGet(46)) - raft.server.log.statemachine.data.sync = true (default)
2022-08-20 13:51:08,674 [pool-190-thread-1] INFO  server.RaftServerConfigKeys (ConfUtils.java:logGet(46)) - raft.server.log.statemachine.data.sync.timeout = 10s (default)
2022-08-20 13:51:08,674 [pool-190-thread-1] INFO  server.RaftServerConfigKeys (ConfUtils.java:logGet(46)) - raft.server.log.statemachine.data.sync.timeout.retry = -1 (default)
2022-08-20 13:51:08,674 [pool-190-thread-1] INFO  server.RaftServerConfigKeys (ConfUtils.java:logGet(46)) - raft.server.log.write.buffer.size = 1048576 (custom)
2022-08-20 13:51:08,675 [pool-190-thread-1] INFO  server.RaftServerConfigKeys (ConfUtils.java:logGet(46)) - raft.server.log.unsafe-flush.enabled = false (default)
2022-08-20 13:51:08,675 [pool-190-thread-1] INFO  server.RaftServerConfigKeys (ConfUtils.java:logGet(46)) - raft.server.log.statemachine.data.caching.enabled = true (custom)
2022-08-20 13:51:08,675 [pool-190-thread-1] INFO  segmented.SegmentedRaftLogWorker (SegmentedRaftLogWorker.java:lambda$new$0(135)) - a11b2509-56e9-4ce5-bf37-e5470aba7c9f@group-4198E36B776C-SegmentedRaftLogWorker: flushIndex: setUnconditionally 0 -> -1
2022-08-20 13:51:08,675 [d94a9406-f498-4882-9ec6-2683d96ac94a@group-A2CB2457C7CC-StateMachineUpdater] INFO  safemode.HealthyPipelineSafeModeRule (HealthyPipelineSafeModeRule.java:initializeRule(165)) - Refreshed total pipeline count is 0, healthy pipeline threshold count is 1
2022-08-20 13:51:08,675 [pool-190-thread-1] INFO  segmented.SegmentedRaftLogWorker (SegmentedRaftLogWorker.java:lambda$new$0(135)) - a11b2509-56e9-4ce5-bf37-e5470aba7c9f@group-4198E36B776C-SegmentedRaftLogWorker: safeCacheEvictIndex: setUnconditionally 0 -> -1
2022-08-20 13:51:08,687 [EventQueue-OpenPipelineForHealthyPipelineSafeModeRule] INFO  safemode.SCMSafeModeManager (HealthyPipelineSafeModeRule.java:process(137)) - SCM in safe mode. Healthy pipelines reported count is 0, required healthy pipeline reported count is 1
2022-08-20 13:51:08,695 [EventQueue-OpenPipelineForHealthyPipelineSafeModeRule] INFO  safemode.SCMSafeModeManager (HealthyPipelineSafeModeRule.java:process(137)) - SCM in safe mode. Healthy pipelines reported count is 0, required healthy pipeline reported count is 1
2022-08-20 13:51:08,695 [0dda5a98-1e81-403d-bcb4-170ef3797067@group-A2CB2457C7CC-StateMachineUpdater] INFO  safemode.HealthyPipelineSafeModeRule (HealthyPipelineSafeModeRule.java:initializeRule(165)) - Refreshed total pipeline count is 0, healthy pipeline threshold count is 1
2022-08-20 13:51:08,697 [pool-190-thread-1] INFO  server.RaftServerConfigKeys (ConfUtils.java:logGet(46)) - raft.server.snapshot.auto.trigger.enabled = true (custom)
2022-08-20 13:51:08,697 [pool-190-thread-1] INFO  server.RaftServerConfigKeys (ConfUtils.java:logGet(46)) - raft.server.snapshot.auto.trigger.threshold = 10000 (custom)
2022-08-20 13:51:08,697 [pool-190-thread-1] INFO  server.RaftServerConfigKeys (ConfUtils.java:logGet(46)) - raft.server.snapshot.retention.file.num = 5 (custom)
2022-08-20 13:51:08,697 [pool-190-thread-1] INFO  server.RaftServerConfigKeys (ConfUtils.java:logGet(46)) - raft.server.log.purge.upto.snapshot.index = false (default)
2022-08-20 13:51:08,697 [pool-190-thread-1] INFO  server.RaftServerConfigKeys (ConfUtils.java:logGet(46)) - raft.server.retrycache.expirytime = 600000ms (custom)
2022-08-20 13:51:08,697 [pool-190-thread-1] INFO  server.RaftServerConfigKeys (ConfUtils.java:logGet(46)) - raft.server.retrycache.statistics.expirytime = 100μs (default)
2022-08-20 13:51:08,698 [pool-190-thread-1] INFO  server.RaftServerConfigKeys (ConfUtils.java:logGet(46)) - raft.server.log.appender.install.snapshot.enabled = false (custom)
2022-08-20 13:51:08,699 [pool-190-thread-1] INFO  server.RaftServerConfigKeys (ConfUtils.java:logGet(46)) - raft.server.threadpool.server.cached = true (default)
2022-08-20 13:51:08,699 [pool-190-thread-1] INFO  server.RaftServerConfigKeys (ConfUtils.java:logGet(46)) - raft.server.threadpool.server.size = 0 (default)
2022-08-20 13:51:08,699 [pool-190-thread-1] INFO  server.RaftServerConfigKeys (ConfUtils.java:logGet(46)) - raft.server.threadpool.client.cached = true (default)
2022-08-20 13:51:08,699 [pool-190-thread-1] INFO  server.RaftServerConfigKeys (ConfUtils.java:logGet(46)) - raft.server.threadpool.client.size = 0 (default)
2022-08-20 13:51:08,699 [pool-190-thread-1] INFO  server.RaftServer$Division (RaftServerImpl.java:start(310)) - a11b2509-56e9-4ce5-bf37-e5470aba7c9f@group-4198E36B776C: start as a follower, conf=-1: [a11b2509-56e9-4ce5-bf37-e5470aba7c9f|rpc:127.0.0.1:46047|priority:0, 3b5fe929-2681-4434-877b-86f4f8bf3428|rpc:127.0.0.1:45943|priority:1, 2b4e70ee-eebc-4c64-9ba5-1bae8adbf1c4|rpc:127.0.0.1:33429|priority:0], old=null
2022-08-20 13:51:08,699 [pool-190-thread-1] INFO  server.RaftServer$Division (RaftServerImpl.java:setRole(299)) - a11b2509-56e9-4ce5-bf37-e5470aba7c9f@group-4198E36B776C: changes role from      null to FOLLOWER at term 0 for startAsFollower
2022-08-20 13:51:08,699 [pool-190-thread-1] INFO  impl.RoleInfo (RoleInfo.java:updateAndGet(139)) - a11b2509-56e9-4ce5-bf37-e5470aba7c9f: start a11b2509-56e9-4ce5-bf37-e5470aba7c9f@group-4198E36B776C-FollowerState
2022-08-20 13:51:08,699 [pool-190-thread-1] INFO  util.JmxRegister (JmxRegister.java:tryRegister(44)) - Successfully registered JMX Bean with object name Ratis:service=RaftServer,group=group-4198E36B776C,id=a11b2509-56e9-4ce5-bf37-e5470aba7c9f
2022-08-20 13:51:08,700 [Command processor thread] INFO  ratis.XceiverServerRatis (XceiverServerRatis.java:addGroup(765)) - Created group PipelineID=636ce802-0b5b-4e15-b57f-4198e36b776c
2022-08-20 13:51:08,706 [d38852ba-a21f-4434-98b8-bd8171207a1b@group-A2CB2457C7CC-StateMachineUpdater] INFO  safemode.HealthyPipelineSafeModeRule (HealthyPipelineSafeModeRule.java:initializeRule(165)) - Refreshed total pipeline count is 0, healthy pipeline threshold count is 1
2022-08-20 13:51:08,728 [EventQueue-OpenPipelineForHealthyPipelineSafeModeRule] INFO  safemode.SCMSafeModeManager (HealthyPipelineSafeModeRule.java:process(137)) - SCM in safe mode. Healthy pipelines reported count is 0, required healthy pipeline reported count is 1
2022-08-20 13:51:08,728 [EventQueue-OpenPipelineForHealthyPipelineSafeModeRule] INFO  safemode.SCMSafeModeManager (HealthyPipelineSafeModeRule.java:process(137)) - SCM in safe mode. Healthy pipelines reported count is 0, required healthy pipeline reported count is 1
2022-08-20 13:51:08,770 [grpc-default-executor-4] INFO  server.RaftServer (RaftServerProxy.java:addNew(96)) - 3b5fe929-2681-4434-877b-86f4f8bf3428: addNew group-4198E36B776C:[a11b2509-56e9-4ce5-bf37-e5470aba7c9f|rpc:127.0.0.1:46047|dataStream:|priority:0, 3b5fe929-2681-4434-877b-86f4f8bf3428|rpc:127.0.0.1:45943|dataStream:|priority:1, 2b4e70ee-eebc-4c64-9ba5-1bae8adbf1c4|rpc:127.0.0.1:33429|dataStream:|priority:0] returns group-4198E36B776C:java.util.concurrent.CompletableFuture@7ba0466b[Not completed]
2022-08-20 13:51:08,772 [pool-215-thread-1] INFO  server.RaftServer$Division (RaftServerImpl.java:<init>(190)) - 3b5fe929-2681-4434-877b-86f4f8bf3428: new RaftServerImpl for group-4198E36B776C:[a11b2509-56e9-4ce5-bf37-e5470aba7c9f|rpc:127.0.0.1:46047|dataStream:|priority:0, 3b5fe929-2681-4434-877b-86f4f8bf3428|rpc:127.0.0.1:45943|dataStream:|priority:1, 2b4e70ee-eebc-4c64-9ba5-1bae8adbf1c4|rpc:127.0.0.1:33429|dataStream:|priority:0] with ContainerStateMachine:uninitialized
2022-08-20 13:51:08,772 [pool-215-thread-1] INFO  server.RaftServerConfigKeys (ConfUtils.java:logGet(46)) - raft.server.rpc.timeout.min = 5s (custom)
2022-08-20 13:51:08,773 [pool-215-thread-1] INFO  server.RaftServerConfigKeys (ConfUtils.java:logGet(46)) - raft.server.rpc.timeout.max = 5200ms (custom)
2022-08-20 13:51:08,773 [pool-215-thread-1] INFO  server.RaftServerConfigKeys (ConfUtils.java:logGet(46)) - raft.server.rpc.sleep.time = 25ms (default)
2022-08-20 13:51:08,773 [pool-215-thread-1] INFO  server.RaftServerConfigKeys (ConfUtils.java:logGet(46)) - raft.server.rpc.slowness.timeout = 300s (custom)
2022-08-20 13:51:08,773 [pool-215-thread-1] INFO  server.RaftServerConfigKeys (ConfUtils.java:logGet(46)) - raft.server.leaderelection.leader.step-down.wait-time = 10s (default)
2022-08-20 13:51:08,773 [pool-215-thread-1] INFO  server.RaftServerConfigKeys (ConfUtils.java:logGet(46)) - raft.server.sleep.deviation.threshold = 300ms (default)
2022-08-20 13:51:08,773 [pool-215-thread-1] INFO  server.RaftServer$Division (ServerState.java:<init>(107)) - 3b5fe929-2681-4434-877b-86f4f8bf3428@group-4198E36B776C: ConfigurationManager, init=-1: [a11b2509-56e9-4ce5-bf37-e5470aba7c9f|rpc:127.0.0.1:46047|dataStream:|priority:0, 3b5fe929-2681-4434-877b-86f4f8bf3428|rpc:127.0.0.1:45943|dataStream:|priority:1, 2b4e70ee-eebc-4c64-9ba5-1bae8adbf1c4|rpc:127.0.0.1:33429|dataStream:|priority:0], old=null, confs=<EMPTY_MAP>
2022-08-20 13:51:08,773 [pool-215-thread-1] INFO  server.RaftServerConfigKeys (ConfUtils.java:logGet(46)) - raft.server.storage.dir = [/home/runner/work/ozone/ozone/hadoop-ozone/integration-test/target/test-dir/MiniOzoneClusterImpl-1d33bde5-c0a1-446c-b0a2-a2cb2457c7cc/datanode-1/data/ratis] (custom)
2022-08-20 13:51:08,773 [pool-215-thread-1] INFO  server.RaftServerConfigKeys (ConfUtils.java:logGet(46)) - raft.server.log.corruption.policy = EXCEPTION (default)
2022-08-20 13:51:08,773 [pool-215-thread-1] INFO  server.RaftServerConfigKeys (ConfUtils.java:logGet(46)) - raft.server.storage.free-space.min = 0MB (=0) (default)
2022-08-20 13:51:08,773 [pool-215-thread-1] INFO  storage.RaftStorageDirectory (RaftStorageDirectoryImpl.java:analyzeStorage(135)) - The storage directory /home/runner/work/ozone/ozone/hadoop-ozone/integration-test/target/test-dir/MiniOzoneClusterImpl-1d33bde5-c0a1-446c-b0a2-a2cb2457c7cc/datanode-1/data/ratis/636ce802-0b5b-4e15-b57f-4198e36b776c does not exist. Creating ...
2022-08-20 13:51:08,774 [pool-215-thread-1] INFO  storage.RaftStorageDirectory (RaftStorageDirectoryImpl.java:tryLock(230)) - Lock on /home/runner/work/ozone/ozone/hadoop-ozone/integration-test/target/test-dir/MiniOzoneClusterImpl-1d33bde5-c0a1-446c-b0a2-a2cb2457c7cc/datanode-1/data/ratis/636ce802-0b5b-4e15-b57f-4198e36b776c/in_use.lock acquired by nodename 20888@fv-az54-959
2022-08-20 13:51:08,775 [pool-215-thread-1] INFO  storage.RaftStorage (RaftStorageImpl.java:format(89)) - Storage directory /home/runner/work/ozone/ozone/hadoop-ozone/integration-test/target/test-dir/MiniOzoneClusterImpl-1d33bde5-c0a1-446c-b0a2-a2cb2457c7cc/datanode-1/data/ratis/636ce802-0b5b-4e15-b57f-4198e36b776c has been successfully formatted.
2022-08-20 13:51:08,776 [pool-215-thread-1] INFO  ratis.ContainerStateMachine (ContainerStateMachine.java:loadSnapshot(236)) - group-4198E36B776C: The snapshot info is null. Setting the last applied indexto:(t:0, i:~)
2022-08-20 13:51:08,782 [pool-215-thread-1] INFO  server.RaftServerConfigKeys (ConfUtils.java:logGet(46)) - raft.server.notification.no-leader.timeout = 300s (custom)
2022-08-20 13:51:08,782 [pool-215-thread-1] INFO  server.RaftServerConfigKeys (ConfUtils.java:logGet(46)) - raft.server.log.use.memory = false (default)
2022-08-20 13:51:08,782 [pool-215-thread-1] INFO  server.RaftServerConfigKeys (ConfUtils.java:logGet(46)) - raft.server.log.purge.gap = 1000000 (custom)
2022-08-20 13:51:08,783 [pool-215-thread-1] INFO  server.RaftServerConfigKeys (ConfUtils.java:logGet(46)) - raft.server.log.appender.buffer.byte-limit = 33554432 (custom)
2022-08-20 13:51:08,783 [pool-215-thread-1] INFO  server.RaftServerConfigKeys (ConfUtils.java:logGet(46)) - raft.server.log.statemachine.data.read.timeout = 1000ms (default)
2022-08-20 13:51:08,783 [pool-215-thread-1] INFO  server.RaftServerConfigKeys (ConfUtils.java:logGet(46)) - raft.server.log.segment.size.max = 1048576 (custom)
2022-08-20 13:51:08,783 [pool-215-thread-1] INFO  server.RaftServerConfigKeys (ConfUtils.java:logGet(46)) - raft.server.log.segment.cache.num.max = 2 (custom)
2022-08-20 13:51:08,783 [pool-215-thread-1] INFO  server.RaftServerConfigKeys (ConfUtils.java:logGet(46)) - raft.server.log.segment.cache.size.max = 200MB (=209715200) (default)
2022-08-20 13:51:08,783 [pool-215-thread-1] INFO  segmented.SegmentedRaftLogWorker (SegmentedRaftLogWorker.java:<init>(187)) - new 3b5fe929-2681-4434-877b-86f4f8bf3428@group-4198E36B776C-SegmentedRaftLogWorker for RaftStorageImpl:Storage Directory /home/runner/work/ozone/ozone/hadoop-ozone/integration-test/target/test-dir/MiniOzoneClusterImpl-1d33bde5-c0a1-446c-b0a2-a2cb2457c7cc/datanode-1/data/ratis/636ce802-0b5b-4e15-b57f-4198e36b776c
2022-08-20 13:51:08,784 [pool-215-thread-1] INFO  server.RaftServerConfigKeys (ConfUtils.java:logGet(46)) - raft.server.log.queue.byte-limit = 4294967296 (custom)
2022-08-20 13:51:08,784 [pool-215-thread-1] INFO  server.RaftServerConfigKeys (ConfUtils.java:logGet(46)) - raft.server.log.queue.element-limit = 1024 (custom)
2022-08-20 13:51:08,784 [pool-215-thread-1] INFO  server.RaftServerConfigKeys (ConfUtils.java:logGet(46)) - raft.server.log.segment.size.max = 1048576 (custom)
2022-08-20 13:51:08,784 [pool-215-thread-1] INFO  server.RaftServerConfigKeys (ConfUtils.java:logGet(46)) - raft.server.log.preallocated.size = 16384 (custom)
2022-08-20 13:51:08,784 [pool-215-thread-1] INFO  server.RaftServerConfigKeys (ConfUtils.java:logGet(46)) - raft.server.log.force.sync.num = 128 (default)
2022-08-20 13:51:08,784 [pool-215-thread-1] INFO  server.RaftServerConfigKeys (ConfUtils.java:logGet(46)) - raft.server.log.statemachine.data.sync = true (default)
2022-08-20 13:51:08,788 [pool-215-thread-1] INFO  server.RaftServerConfigKeys (ConfUtils.java:logGet(46)) - raft.server.log.statemachine.data.sync.timeout = 10s (default)
2022-08-20 13:51:08,788 [pool-215-thread-1] INFO  server.RaftServerConfigKeys (ConfUtils.java:logGet(46)) - raft.server.log.statemachine.data.sync.timeout.retry = -1 (default)
2022-08-20 13:51:08,789 [pool-215-thread-1] INFO  server.RaftServerConfigKeys (ConfUtils.java:logGet(46)) - raft.server.log.write.buffer.size = 1048576 (custom)
2022-08-20 13:51:08,789 [pool-215-thread-1] INFO  server.RaftServerConfigKeys (ConfUtils.java:logGet(46)) - raft.server.log.unsafe-flush.enabled = false (default)
2022-08-20 13:51:08,789 [pool-215-thread-1] INFO  server.RaftServerConfigKeys (ConfUtils.java:logGet(46)) - raft.server.log.statemachine.data.caching.enabled = true (custom)
2022-08-20 13:51:08,790 [pool-215-thread-1] INFO  segmented.SegmentedRaftLogWorker (SegmentedRaftLogWorker.java:lambda$new$0(135)) - 3b5fe929-2681-4434-877b-86f4f8bf3428@group-4198E36B776C-SegmentedRaftLogWorker: flushIndex: setUnconditionally 0 -> -1
2022-08-20 13:51:08,790 [pool-215-thread-1] INFO  segmented.SegmentedRaftLogWorker (SegmentedRaftLogWorker.java:lambda$new$0(135)) - 3b5fe929-2681-4434-877b-86f4f8bf3428@group-4198E36B776C-SegmentedRaftLogWorker: safeCacheEvictIndex: setUnconditionally 0 -> -1
2022-08-20 13:51:08,793 [pool-215-thread-1] INFO  server.RaftServerConfigKeys (ConfUtils.java:logGet(46)) - raft.server.snapshot.auto.trigger.enabled = true (custom)
2022-08-20 13:51:08,793 [pool-215-thread-1] INFO  server.RaftServerConfigKeys (ConfUtils.java:logGet(46)) - raft.server.snapshot.auto.trigger.threshold = 10000 (custom)
2022-08-20 13:51:08,793 [pool-215-thread-1] INFO  server.RaftServerConfigKeys (ConfUtils.java:logGet(46)) - raft.server.snapshot.retention.file.num = 5 (custom)
2022-08-20 13:51:08,793 [pool-215-thread-1] INFO  server.RaftServerConfigKeys (ConfUtils.java:logGet(46)) - raft.server.log.purge.upto.snapshot.index = false (default)
2022-08-20 13:51:08,793 [pool-215-thread-1] INFO  server.RaftServerConfigKeys (ConfUtils.java:logGet(46)) - raft.server.retrycache.expirytime = 600000ms (custom)
2022-08-20 13:51:08,793 [pool-215-thread-1] INFO  server.RaftServerConfigKeys (ConfUtils.java:logGet(46)) - raft.server.retrycache.statistics.expirytime = 100μs (default)
2022-08-20 13:51:08,796 [pool-215-thread-1] INFO  server.RaftServerConfigKeys (ConfUtils.java:logGet(46)) - raft.server.log.appender.install.snapshot.enabled = false (custom)
2022-08-20 13:51:08,796 [pool-215-thread-1] INFO  server.RaftServerConfigKeys (ConfUtils.java:logGet(46)) - raft.server.threadpool.server.cached = true (default)
2022-08-20 13:51:08,796 [pool-215-thread-1] INFO  server.RaftServerConfigKeys (ConfUtils.java:logGet(46)) - raft.server.threadpool.server.size = 0 (default)
2022-08-20 13:51:08,796 [pool-215-thread-1] INFO  server.RaftServerConfigKeys (ConfUtils.java:logGet(46)) - raft.server.threadpool.client.cached = true (default)
2022-08-20 13:51:08,796 [pool-215-thread-1] INFO  server.RaftServerConfigKeys (ConfUtils.java:logGet(46)) - raft.server.threadpool.client.size = 0 (default)
2022-08-20 13:51:08,796 [pool-215-thread-1] INFO  server.RaftServer$Division (RaftServerImpl.java:start(310)) - 3b5fe929-2681-4434-877b-86f4f8bf3428@group-4198E36B776C: start as a follower, conf=-1: [a11b2509-56e9-4ce5-bf37-e5470aba7c9f|rpc:127.0.0.1:46047|dataStream:|priority:0, 3b5fe929-2681-4434-877b-86f4f8bf3428|rpc:127.0.0.1:45943|dataStream:|priority:1, 2b4e70ee-eebc-4c64-9ba5-1bae8adbf1c4|rpc:127.0.0.1:33429|dataStream:|priority:0], old=null
2022-08-20 13:51:08,796 [pool-215-thread-1] INFO  server.RaftServer$Division (RaftServerImpl.java:setRole(299)) - 3b5fe929-2681-4434-877b-86f4f8bf3428@group-4198E36B776C: changes role from      null to FOLLOWER at term 0 for startAsFollower
2022-08-20 13:51:08,796 [pool-215-thread-1] INFO  impl.RoleInfo (RoleInfo.java:updateAndGet(139)) - 3b5fe929-2681-4434-877b-86f4f8bf3428: start 3b5fe929-2681-4434-877b-86f4f8bf3428@group-4198E36B776C-FollowerState
2022-08-20 13:51:08,797 [pool-215-thread-1] INFO  util.JmxRegister (JmxRegister.java:tryRegister(44)) - Successfully registered JMX Bean with object name Ratis:service=RaftServer,group=group-4198E36B776C,id=3b5fe929-2681-4434-877b-86f4f8bf3428
2022-08-20 13:51:08,840 [grpc-default-executor-4] INFO  server.RaftServer (RaftServerProxy.java:addNew(96)) - 2b4e70ee-eebc-4c64-9ba5-1bae8adbf1c4: addNew group-4198E36B776C:[a11b2509-56e9-4ce5-bf37-e5470aba7c9f|rpc:127.0.0.1:46047|dataStream:|priority:0, 3b5fe929-2681-4434-877b-86f4f8bf3428|rpc:127.0.0.1:45943|dataStream:|priority:1, 2b4e70ee-eebc-4c64-9ba5-1bae8adbf1c4|rpc:127.0.0.1:33429|dataStream:|priority:0] returns group-4198E36B776C:java.util.concurrent.CompletableFuture@37eab399[Not completed]
2022-08-20 13:51:08,841 [pool-240-thread-1] INFO  server.RaftServer$Division (RaftServerImpl.java:<init>(190)) - 2b4e70ee-eebc-4c64-9ba5-1bae8adbf1c4: new RaftServerImpl for group-4198E36B776C:[a11b2509-56e9-4ce5-bf37-e5470aba7c9f|rpc:127.0.0.1:46047|dataStream:|priority:0, 3b5fe929-2681-4434-877b-86f4f8bf3428|rpc:127.0.0.1:45943|dataStream:|priority:1, 2b4e70ee-eebc-4c64-9ba5-1bae8adbf1c4|rpc:127.0.0.1:33429|dataStream:|priority:0] with ContainerStateMachine:uninitialized
2022-08-20 13:51:08,841 [pool-240-thread-1] INFO  server.RaftServerConfigKeys (ConfUtils.java:logGet(46)) - raft.server.rpc.timeout.min = 5s (custom)
2022-08-20 13:51:08,841 [pool-240-thread-1] INFO  server.RaftServerConfigKeys (ConfUtils.java:logGet(46)) - raft.server.rpc.timeout.max = 5200ms (custom)
2022-08-20 13:51:08,841 [pool-240-thread-1] INFO  server.RaftServerConfigKeys (ConfUtils.java:logGet(46)) - raft.server.rpc.sleep.time = 25ms (default)
2022-08-20 13:51:08,841 [pool-240-thread-1] INFO  server.RaftServerConfigKeys (ConfUtils.java:logGet(46)) - raft.server.rpc.slowness.timeout = 300s (custom)
2022-08-20 13:51:08,842 [pool-240-thread-1] INFO  server.RaftServerConfigKeys (ConfUtils.java:logGet(46)) - raft.server.leaderelection.leader.step-down.wait-time = 10s (default)
2022-08-20 13:51:08,842 [pool-240-thread-1] INFO  server.RaftServerConfigKeys (ConfUtils.java:logGet(46)) - raft.server.sleep.deviation.threshold = 300ms (default)
2022-08-20 13:51:08,842 [pool-240-thread-1] INFO  server.RaftServer$Division (ServerState.java:<init>(107)) - 2b4e70ee-eebc-4c64-9ba5-1bae8adbf1c4@group-4198E36B776C: ConfigurationManager, init=-1: [a11b2509-56e9-4ce5-bf37-e5470aba7c9f|rpc:127.0.0.1:46047|dataStream:|priority:0, 3b5fe929-2681-4434-877b-86f4f8bf3428|rpc:127.0.0.1:45943|dataStream:|priority:1, 2b4e70ee-eebc-4c64-9ba5-1bae8adbf1c4|rpc:127.0.0.1:33429|dataStream:|priority:0], old=null, confs=<EMPTY_MAP>
2022-08-20 13:51:08,842 [pool-240-thread-1] INFO  server.RaftServerConfigKeys (ConfUtils.java:logGet(46)) - raft.server.storage.dir = [/home/runner/work/ozone/ozone/hadoop-ozone/integration-test/target/test-dir/MiniOzoneClusterImpl-1d33bde5-c0a1-446c-b0a2-a2cb2457c7cc/datanode-2/data/ratis] (custom)
2022-08-20 13:51:08,842 [pool-240-thread-1] INFO  server.RaftServerConfigKeys (ConfUtils.java:logGet(46)) - raft.server.log.corruption.policy = EXCEPTION (default)
2022-08-20 13:51:08,842 [pool-240-thread-1] INFO  server.RaftServerConfigKeys (ConfUtils.java:logGet(46)) - raft.server.storage.free-space.min = 0MB (=0) (default)
2022-08-20 13:51:08,842 [pool-240-thread-1] INFO  storage.RaftStorageDirectory (RaftStorageDirectoryImpl.java:analyzeStorage(135)) - The storage directory /home/runner/work/ozone/ozone/hadoop-ozone/integration-test/target/test-dir/MiniOzoneClusterImpl-1d33bde5-c0a1-446c-b0a2-a2cb2457c7cc/datanode-2/data/ratis/636ce802-0b5b-4e15-b57f-4198e36b776c does not exist. Creating ...
2022-08-20 13:51:08,843 [pool-240-thread-1] INFO  storage.RaftStorageDirectory (RaftStorageDirectoryImpl.java:tryLock(230)) - Lock on /home/runner/work/ozone/ozone/hadoop-ozone/integration-test/target/test-dir/MiniOzoneClusterImpl-1d33bde5-c0a1-446c-b0a2-a2cb2457c7cc/datanode-2/data/ratis/636ce802-0b5b-4e15-b57f-4198e36b776c/in_use.lock acquired by nodename 20888@fv-az54-959
2022-08-20 13:51:08,845 [pool-240-thread-1] INFO  storage.RaftStorage (RaftStorageImpl.java:format(89)) - Storage directory /home/runner/work/ozone/ozone/hadoop-ozone/integration-test/target/test-dir/MiniOzoneClusterImpl-1d33bde5-c0a1-446c-b0a2-a2cb2457c7cc/datanode-2/data/ratis/636ce802-0b5b-4e15-b57f-4198e36b776c has been successfully formatted.
2022-08-20 13:51:08,846 [pool-240-thread-1] INFO  ratis.ContainerStateMachine (ContainerStateMachine.java:loadSnapshot(236)) - group-4198E36B776C: The snapshot info is null. Setting the last applied indexto:(t:0, i:~)
2022-08-20 13:51:08,846 [pool-240-thread-1] INFO  server.RaftServerConfigKeys (ConfUtils.java:logGet(46)) - raft.server.notification.no-leader.timeout = 300s (custom)
2022-08-20 13:51:08,848 [pool-240-thread-1] INFO  server.RaftServerConfigKeys (ConfUtils.java:logGet(46)) - raft.server.log.use.memory = false (default)
2022-08-20 13:51:08,848 [pool-240-thread-1] INFO  server.RaftServerConfigKeys (ConfUtils.java:logGet(46)) - raft.server.log.purge.gap = 1000000 (custom)
2022-08-20 13:51:08,849 [pool-240-thread-1] INFO  server.RaftServerConfigKeys (ConfUtils.java:logGet(46)) - raft.server.log.appender.buffer.byte-limit = 33554432 (custom)
2022-08-20 13:51:08,849 [pool-240-thread-1] INFO  server.RaftServerConfigKeys (ConfUtils.java:logGet(46)) - raft.server.log.statemachine.data.read.timeout = 1000ms (default)
2022-08-20 13:51:08,849 [pool-240-thread-1] INFO  server.RaftServerConfigKeys (ConfUtils.java:logGet(46)) - raft.server.log.segment.size.max = 1048576 (custom)
2022-08-20 13:51:08,849 [pool-240-thread-1] INFO  server.RaftServerConfigKeys (ConfUtils.java:logGet(46)) - raft.server.log.segment.cache.num.max = 2 (custom)
2022-08-20 13:51:08,849 [pool-240-thread-1] INFO  server.RaftServerConfigKeys (ConfUtils.java:logGet(46)) - raft.server.log.segment.cache.size.max = 200MB (=209715200) (default)
2022-08-20 13:51:08,849 [pool-240-thread-1] INFO  segmented.SegmentedRaftLogWorker (SegmentedRaftLogWorker.java:<init>(187)) - new 2b4e70ee-eebc-4c64-9ba5-1bae8adbf1c4@group-4198E36B776C-SegmentedRaftLogWorker for RaftStorageImpl:Storage Directory /home/runner/work/ozone/ozone/hadoop-ozone/integration-test/target/test-dir/MiniOzoneClusterImpl-1d33bde5-c0a1-446c-b0a2-a2cb2457c7cc/datanode-2/data/ratis/636ce802-0b5b-4e15-b57f-4198e36b776c
2022-08-20 13:51:08,849 [pool-240-thread-1] INFO  server.RaftServerConfigKeys (ConfUtils.java:logGet(46)) - raft.server.log.queue.byte-limit = 4294967296 (custom)
2022-08-20 13:51:08,850 [pool-240-thread-1] INFO  server.RaftServerConfigKeys (ConfUtils.java:logGet(46)) - raft.server.log.queue.element-limit = 1024 (custom)
2022-08-20 13:51:08,850 [pool-240-thread-1] INFO  server.RaftServerConfigKeys (ConfUtils.java:logGet(46)) - raft.server.log.segment.size.max = 1048576 (custom)
2022-08-20 13:51:08,850 [pool-240-thread-1] INFO  server.RaftServerConfigKeys (ConfUtils.java:logGet(46)) - raft.server.log.preallocated.size = 16384 (custom)
2022-08-20 13:51:08,850 [pool-240-thread-1] INFO  server.RaftServerConfigKeys (ConfUtils.java:logGet(46)) - raft.server.log.force.sync.num = 128 (default)
2022-08-20 13:51:08,850 [pool-240-thread-1] INFO  server.RaftServerConfigKeys (ConfUtils.java:logGet(46)) - raft.server.log.statemachine.data.sync = true (default)
2022-08-20 13:51:08,850 [pool-240-thread-1] INFO  server.RaftServerConfigKeys (ConfUtils.java:logGet(46)) - raft.server.log.statemachine.data.sync.timeout = 10s (default)
2022-08-20 13:51:08,850 [pool-240-thread-1] INFO  server.RaftServerConfigKeys (ConfUtils.java:logGet(46)) - raft.server.log.statemachine.data.sync.timeout.retry = -1 (default)
2022-08-20 13:51:08,851 [pool-240-thread-1] INFO  server.RaftServerConfigKeys (ConfUtils.java:logGet(46)) - raft.server.log.write.buffer.size = 1048576 (custom)
2022-08-20 13:51:08,851 [pool-240-thread-1] INFO  server.RaftServerConfigKeys (ConfUtils.java:logGet(46)) - raft.server.log.unsafe-flush.enabled = false (default)
2022-08-20 13:51:08,851 [pool-240-thread-1] INFO  server.RaftServerConfigKeys (ConfUtils.java:logGet(46)) - raft.server.log.statemachine.data.caching.enabled = true (custom)
2022-08-20 13:51:08,851 [pool-240-thread-1] INFO  segmented.SegmentedRaftLogWorker (SegmentedRaftLogWorker.java:lambda$new$0(135)) - 2b4e70ee-eebc-4c64-9ba5-1bae8adbf1c4@group-4198E36B776C-SegmentedRaftLogWorker: flushIndex: setUnconditionally 0 -> -1
2022-08-20 13:51:08,851 [pool-240-thread-1] INFO  segmented.SegmentedRaftLogWorker (SegmentedRaftLogWorker.java:lambda$new$0(135)) - 2b4e70ee-eebc-4c64-9ba5-1bae8adbf1c4@group-4198E36B776C-SegmentedRaftLogWorker: safeCacheEvictIndex: setUnconditionally 0 -> -1
2022-08-20 13:51:08,853 [pool-240-thread-1] INFO  server.RaftServerConfigKeys (ConfUtils.java:logGet(46)) - raft.server.snapshot.auto.trigger.enabled = true (custom)
2022-08-20 13:51:08,853 [pool-240-thread-1] INFO  server.RaftServerConfigKeys (ConfUtils.java:logGet(46)) - raft.server.snapshot.auto.trigger.threshold = 10000 (custom)
2022-08-20 13:51:08,854 [pool-240-thread-1] INFO  server.RaftServerConfigKeys (ConfUtils.java:logGet(46)) - raft.server.snapshot.retention.file.num = 5 (custom)
2022-08-20 13:51:08,854 [pool-240-thread-1] INFO  server.RaftServerConfigKeys (ConfUtils.java:logGet(46)) - raft.server.log.purge.upto.snapshot.index = false (default)
2022-08-20 13:51:08,854 [pool-240-thread-1] INFO  server.RaftServerConfigKeys (ConfUtils.java:logGet(46)) - raft.server.retrycache.expirytime = 600000ms (custom)
2022-08-20 13:51:08,854 [pool-240-thread-1] INFO  server.RaftServerConfigKeys (ConfUtils.java:logGet(46)) - raft.server.retrycache.statistics.expirytime = 100μs (default)
2022-08-20 13:51:08,855 [pool-240-thread-1] INFO  server.RaftServerConfigKeys (ConfUtils.java:logGet(46)) - raft.server.log.appender.install.snapshot.enabled = false (custom)
2022-08-20 13:51:08,855 [pool-240-thread-1] INFO  server.RaftServerConfigKeys (ConfUtils.java:logGet(46)) - raft.server.threadpool.server.cached = true (default)
2022-08-20 13:51:08,855 [pool-240-thread-1] INFO  server.RaftServerConfigKeys (ConfUtils.java:logGet(46)) - raft.server.threadpool.server.size = 0 (default)
2022-08-20 13:51:08,855 [pool-240-thread-1] INFO  server.RaftServerConfigKeys (ConfUtils.java:logGet(46)) - raft.server.threadpool.client.cached = true (default)
2022-08-20 13:51:08,855 [pool-240-thread-1] INFO  server.RaftServerConfigKeys (ConfUtils.java:logGet(46)) - raft.server.threadpool.client.size = 0 (default)
2022-08-20 13:51:08,855 [pool-240-thread-1] INFO  server.RaftServer$Division (RaftServerImpl.java:start(310)) - 2b4e70ee-eebc-4c64-9ba5-1bae8adbf1c4@group-4198E36B776C: start as a follower, conf=-1: [a11b2509-56e9-4ce5-bf37-e5470aba7c9f|rpc:127.0.0.1:46047|dataStream:|priority:0, 3b5fe929-2681-4434-877b-86f4f8bf3428|rpc:127.0.0.1:45943|dataStream:|priority:1, 2b4e70ee-eebc-4c64-9ba5-1bae8adbf1c4|rpc:127.0.0.1:33429|dataStream:|priority:0], old=null
2022-08-20 13:51:08,855 [pool-240-thread-1] INFO  server.RaftServer$Division (RaftServerImpl.java:setRole(299)) - 2b4e70ee-eebc-4c64-9ba5-1bae8adbf1c4@group-4198E36B776C: changes role from      null to FOLLOWER at term 0 for startAsFollower
2022-08-20 13:51:08,855 [pool-240-thread-1] INFO  impl.RoleInfo (RoleInfo.java:updateAndGet(139)) - 2b4e70ee-eebc-4c64-9ba5-1bae8adbf1c4: start 2b4e70ee-eebc-4c64-9ba5-1bae8adbf1c4@group-4198E36B776C-FollowerState
2022-08-20 13:51:08,856 [pool-240-thread-1] INFO  util.JmxRegister (JmxRegister.java:tryRegister(44)) - Successfully registered JMX Bean with object name Ratis:service=RaftServer,group=group-4198E36B776C,id=2b4e70ee-eebc-4c64-9ba5-1bae8adbf1c4
2022-08-20 13:51:08,864 [Command processor thread] INFO  commandhandler.CreatePipelineCommandHandler (CreatePipelineCommandHandler.java:handle(113)) - Created Pipeline RATIS THREE PipelineID=636ce802-0b5b-4e15-b57f-4198e36b776c.
2022-08-20 13:51:08,864 [Command processor thread] INFO  server.RaftServer (RaftServerProxy.java:addNew(96)) - a11b2509-56e9-4ce5-bf37-e5470aba7c9f: addNew group-98642BEBAD9E:[a11b2509-56e9-4ce5-bf37-e5470aba7c9f|rpc:127.0.0.1:46047|priority:1, 3b5fe929-2681-4434-877b-86f4f8bf3428|rpc:127.0.0.1:45943|priority:0, 2b4e70ee-eebc-4c64-9ba5-1bae8adbf1c4|rpc:127.0.0.1:33429|priority:0] returns group-98642BEBAD9E:java.util.concurrent.CompletableFuture@7c996952[Not completed]
2022-08-20 13:51:08,865 [pool-190-thread-1] INFO  server.RaftServer$Division (RaftServerImpl.java:<init>(190)) - a11b2509-56e9-4ce5-bf37-e5470aba7c9f: new RaftServerImpl for group-98642BEBAD9E:[a11b2509-56e9-4ce5-bf37-e5470aba7c9f|rpc:127.0.0.1:46047|priority:1, 3b5fe929-2681-4434-877b-86f4f8bf3428|rpc:127.0.0.1:45943|priority:0, 2b4e70ee-eebc-4c64-9ba5-1bae8adbf1c4|rpc:127.0.0.1:33429|priority:0] with ContainerStateMachine:uninitialized
2022-08-20 13:51:08,865 [pool-190-thread-1] INFO  server.RaftServerConfigKeys (ConfUtils.java:logGet(46)) - raft.server.rpc.timeout.min = 5s (custom)
2022-08-20 13:51:08,865 [pool-190-thread-1] INFO  server.RaftServerConfigKeys (ConfUtils.java:logGet(46)) - raft.server.rpc.timeout.max = 5200ms (custom)
2022-08-20 13:51:08,866 [pool-190-thread-1] INFO  server.RaftServerConfigKeys (ConfUtils.java:logGet(46)) - raft.server.rpc.sleep.time = 25ms (default)
2022-08-20 13:51:08,866 [pool-190-thread-1] INFO  server.RaftServerConfigKeys (ConfUtils.java:logGet(46)) - raft.server.rpc.slowness.timeout = 300s (custom)
2022-08-20 13:51:08,866 [pool-190-thread-1] INFO  server.RaftServerConfigKeys (ConfUtils.java:logGet(46)) - raft.server.leaderelection.leader.step-down.wait-time = 10s (default)
2022-08-20 13:51:08,866 [pool-190-thread-1] INFO  server.RaftServerConfigKeys (ConfUtils.java:logGet(46)) - raft.server.sleep.deviation.threshold = 300ms (default)
2022-08-20 13:51:08,866 [pool-190-thread-1] INFO  server.RaftServer$Division (ServerState.java:<init>(107)) - a11b2509-56e9-4ce5-bf37-e5470aba7c9f@group-98642BEBAD9E: ConfigurationManager, init=-1: [a11b2509-56e9-4ce5-bf37-e5470aba7c9f|rpc:127.0.0.1:46047|priority:1, 3b5fe929-2681-4434-877b-86f4f8bf3428|rpc:127.0.0.1:45943|priority:0, 2b4e70ee-eebc-4c64-9ba5-1bae8adbf1c4|rpc:127.0.0.1:33429|priority:0], old=null, confs=<EMPTY_MAP>
2022-08-20 13:51:08,866 [pool-190-thread-1] INFO  server.RaftServerConfigKeys (ConfUtils.java:logGet(46)) - raft.server.storage.dir = [/home/runner/work/ozone/ozone/hadoop-ozone/integration-test/target/test-dir/MiniOzoneClusterImpl-1d33bde5-c0a1-446c-b0a2-a2cb2457c7cc/datanode-0/data/ratis] (custom)
2022-08-20 13:51:08,866 [pool-190-thread-1] INFO  server.RaftServerConfigKeys (ConfUtils.java:logGet(46)) - raft.server.log.corruption.policy = EXCEPTION (default)
2022-08-20 13:51:08,866 [pool-190-thread-1] INFO  server.RaftServerConfigKeys (ConfUtils.java:logGet(46)) - raft.server.storage.free-space.min = 0MB (=0) (default)
2022-08-20 13:51:08,866 [pool-190-thread-1] INFO  storage.RaftStorageDirectory (RaftStorageDirectoryImpl.java:analyzeStorage(135)) - The storage directory /home/runner/work/ozone/ozone/hadoop-ozone/integration-test/target/test-dir/MiniOzoneClusterImpl-1d33bde5-c0a1-446c-b0a2-a2cb2457c7cc/datanode-0/data/ratis/1bc7df52-0f1e-4a59-8074-98642bebad9e does not exist. Creating ...
2022-08-20 13:51:08,867 [pool-190-thread-1] INFO  storage.RaftStorageDirectory (RaftStorageDirectoryImpl.java:tryLock(230)) - Lock on /home/runner/work/ozone/ozone/hadoop-ozone/integration-test/target/test-dir/MiniOzoneClusterImpl-1d33bde5-c0a1-446c-b0a2-a2cb2457c7cc/datanode-0/data/ratis/1bc7df52-0f1e-4a59-8074-98642bebad9e/in_use.lock acquired by nodename 20888@fv-az54-959
2022-08-20 13:51:08,868 [pool-190-thread-1] INFO  storage.RaftStorage (RaftStorageImpl.java:format(89)) - Storage directory /home/runner/work/ozone/ozone/hadoop-ozone/integration-test/target/test-dir/MiniOzoneClusterImpl-1d33bde5-c0a1-446c-b0a2-a2cb2457c7cc/datanode-0/data/ratis/1bc7df52-0f1e-4a59-8074-98642bebad9e has been successfully formatted.
2022-08-20 13:51:08,871 [EventQueue-OpenPipelineForHealthyPipelineSafeModeRule] INFO  safemode.SCMSafeModeManager (HealthyPipelineSafeModeRule.java:process(137)) - SCM in safe mode. Healthy pipelines reported count is 0, required healthy pipeline reported count is 1
2022-08-20 13:51:08,872 [EventQueue-OpenPipelineForHealthyPipelineSafeModeRule] INFO  safemode.SCMSafeModeManager (HealthyPipelineSafeModeRule.java:process(137)) - SCM in safe mode. Healthy pipelines reported count is 0, required healthy pipeline reported count is 1
2022-08-20 13:51:08,872 [EventQueue-OpenPipelineForHealthyPipelineSafeModeRule] INFO  safemode.SCMSafeModeManager (HealthyPipelineSafeModeRule.java:process(137)) - SCM in safe mode. Healthy pipelines reported count is 0, required healthy pipeline reported count is 1
2022-08-20 13:51:08,872 [pool-190-thread-1] INFO  ratis.ContainerStateMachine (ContainerStateMachine.java:loadSnapshot(236)) - group-98642BEBAD9E: The snapshot info is null. Setting the last applied indexto:(t:0, i:~)
2022-08-20 13:51:08,872 [pool-190-thread-1] INFO  server.RaftServerConfigKeys (ConfUtils.java:logGet(46)) - raft.server.notification.no-leader.timeout = 300s (custom)
2022-08-20 13:51:08,872 [pool-190-thread-1] INFO  server.RaftServerConfigKeys (ConfUtils.java:logGet(46)) - raft.server.log.use.memory = false (default)
2022-08-20 13:51:08,873 [pool-190-thread-1] INFO  server.RaftServerConfigKeys (ConfUtils.java:logGet(46)) - raft.server.log.purge.gap = 1000000 (custom)
2022-08-20 13:51:08,873 [pool-190-thread-1] INFO  server.RaftServerConfigKeys (ConfUtils.java:logGet(46)) - raft.server.log.appender.buffer.byte-limit = 33554432 (custom)
2022-08-20 13:51:08,873 [pool-190-thread-1] INFO  server.RaftServerConfigKeys (ConfUtils.java:logGet(46)) - raft.server.log.statemachine.data.read.timeout = 1000ms (default)
2022-08-20 13:51:08,873 [pool-190-thread-1] INFO  server.RaftServerConfigKeys (ConfUtils.java:logGet(46)) - raft.server.log.segment.size.max = 1048576 (custom)
2022-08-20 13:51:08,873 [pool-190-thread-1] INFO  server.RaftServerConfigKeys (ConfUtils.java:logGet(46)) - raft.server.log.segment.cache.num.max = 2 (custom)
2022-08-20 13:51:08,873 [pool-190-thread-1] INFO  server.RaftServerConfigKeys (ConfUtils.java:logGet(46)) - raft.server.log.segment.cache.size.max = 200MB (=209715200) (default)
2022-08-20 13:51:08,873 [pool-190-thread-1] INFO  segmented.SegmentedRaftLogWorker (SegmentedRaftLogWorker.java:<init>(187)) - new a11b2509-56e9-4ce5-bf37-e5470aba7c9f@group-98642BEBAD9E-SegmentedRaftLogWorker for RaftStorageImpl:Storage Directory /home/runner/work/ozone/ozone/hadoop-ozone/integration-test/target/test-dir/MiniOzoneClusterImpl-1d33bde5-c0a1-446c-b0a2-a2cb2457c7cc/datanode-0/data/ratis/1bc7df52-0f1e-4a59-8074-98642bebad9e
2022-08-20 13:51:08,873 [pool-190-thread-1] INFO  server.RaftServerConfigKeys (ConfUtils.java:logGet(46)) - raft.server.log.queue.byte-limit = 4294967296 (custom)
2022-08-20 13:51:08,873 [pool-190-thread-1] INFO  server.RaftServerConfigKeys (ConfUtils.java:logGet(46)) - raft.server.log.queue.element-limit = 1024 (custom)
2022-08-20 13:51:08,874 [pool-190-thread-1] INFO  server.RaftServerConfigKeys (ConfUtils.java:logGet(46)) - raft.server.log.segment.size.max = 1048576 (custom)
2022-08-20 13:51:08,874 [pool-190-thread-1] INFO  server.RaftServerConfigKeys (ConfUtils.java:logGet(46)) - raft.server.log.preallocated.size = 16384 (custom)
2022-08-20 13:51:08,874 [pool-190-thread-1] INFO  server.RaftServerConfigKeys (ConfUtils.java:logGet(46)) - raft.server.log.force.sync.num = 128 (default)
2022-08-20 13:51:08,874 [pool-190-thread-1] INFO  server.RaftServerConfigKeys (ConfUtils.java:logGet(46)) - raft.server.log.statemachine.data.sync = true (default)
2022-08-20 13:51:08,874 [pool-190-thread-1] INFO  server.RaftServerConfigKeys (ConfUtils.java:logGet(46)) - raft.server.log.statemachine.data.sync.timeout = 10s (default)
2022-08-20 13:51:08,874 [pool-190-thread-1] INFO  server.RaftServerConfigKeys (ConfUtils.java:logGet(46)) - raft.server.log.statemachine.data.sync.timeout.retry = -1 (default)
2022-08-20 13:51:08,874 [pool-190-thread-1] INFO  server.RaftServerConfigKeys (ConfUtils.java:logGet(46)) - raft.server.log.write.buffer.size = 1048576 (custom)
2022-08-20 13:51:08,875 [pool-190-thread-1] INFO  server.RaftServerConfigKeys (ConfUtils.java:logGet(46)) - raft.server.log.unsafe-flush.enabled = false (default)
2022-08-20 13:51:08,875 [pool-190-thread-1] INFO  server.RaftServerConfigKeys (ConfUtils.java:logGet(46)) - raft.server.log.statemachine.data.caching.enabled = true (custom)
2022-08-20 13:51:08,875 [pool-190-thread-1] INFO  segmented.SegmentedRaftLogWorker (SegmentedRaftLogWorker.java:lambda$new$0(135)) - a11b2509-56e9-4ce5-bf37-e5470aba7c9f@group-98642BEBAD9E-SegmentedRaftLogWorker: flushIndex: setUnconditionally 0 -> -1
2022-08-20 13:51:08,875 [pool-190-thread-1] INFO  segmented.SegmentedRaftLogWorker (SegmentedRaftLogWorker.java:lambda$new$0(135)) - a11b2509-56e9-4ce5-bf37-e5470aba7c9f@group-98642BEBAD9E-SegmentedRaftLogWorker: safeCacheEvictIndex: setUnconditionally 0 -> -1
2022-08-20 13:51:08,876 [pool-190-thread-1] INFO  server.RaftServerConfigKeys (ConfUtils.java:logGet(46)) - raft.server.snapshot.auto.trigger.enabled = true (custom)
2022-08-20 13:51:08,876 [pool-190-thread-1] INFO  server.RaftServerConfigKeys (ConfUtils.java:logGet(46)) - raft.server.snapshot.auto.trigger.threshold = 10000 (custom)
2022-08-20 13:51:08,876 [pool-190-thread-1] INFO  server.RaftServerConfigKeys (ConfUtils.java:logGet(46)) - raft.server.snapshot.retention.file.num = 5 (custom)
2022-08-20 13:51:08,876 [pool-190-thread-1] INFO  server.RaftServerConfigKeys (ConfUtils.java:logGet(46)) - raft.server.log.purge.upto.snapshot.index = false (default)
2022-08-20 13:51:08,876 [pool-190-thread-1] INFO  server.RaftServerConfigKeys (ConfUtils.java:logGet(46)) - raft.server.retrycache.expirytime = 600000ms (custom)
2022-08-20 13:51:08,876 [pool-190-thread-1] INFO  server.RaftServerConfigKeys (ConfUtils.java:logGet(46)) - raft.server.retrycache.statistics.expirytime = 100μs (default)
2022-08-20 13:51:08,877 [pool-190-thread-1] INFO  server.RaftServerConfigKeys (ConfUtils.java:logGet(46)) - raft.server.log.appender.install.snapshot.enabled = false (custom)
2022-08-20 13:51:08,877 [pool-190-thread-1] INFO  server.RaftServerConfigKeys (ConfUtils.java:logGet(46)) - raft.server.threadpool.server.cached = true (default)
2022-08-20 13:51:08,877 [pool-190-thread-1] INFO  server.RaftServerConfigKeys (ConfUtils.java:logGet(46)) - raft.server.threadpool.server.size = 0 (default)
2022-08-20 13:51:08,877 [pool-190-thread-1] INFO  server.RaftServerConfigKeys (ConfUtils.java:logGet(46)) - raft.server.threadpool.client.cached = true (default)
2022-08-20 13:51:08,877 [pool-190-thread-1] INFO  server.RaftServerConfigKeys (ConfUtils.java:logGet(46)) - raft.server.threadpool.client.size = 0 (default)
2022-08-20 13:51:08,877 [pool-190-thread-1] INFO  server.RaftServer$Division (RaftServerImpl.java:start(310)) - a11b2509-56e9-4ce5-bf37-e5470aba7c9f@group-98642BEBAD9E: start as a follower, conf=-1: [a11b2509-56e9-4ce5-bf37-e5470aba7c9f|rpc:127.0.0.1:46047|priority:1, 3b5fe929-2681-4434-877b-86f4f8bf3428|rpc:127.0.0.1:45943|priority:0, 2b4e70ee-eebc-4c64-9ba5-1bae8adbf1c4|rpc:127.0.0.1:33429|priority:0], old=null
2022-08-20 13:51:08,877 [pool-190-thread-1] INFO  server.RaftServer$Division (RaftServerImpl.java:setRole(299)) - a11b2509-56e9-4ce5-bf37-e5470aba7c9f@group-98642BEBAD9E: changes role from      null to FOLLOWER at term 0 for startAsFollower
2022-08-20 13:51:08,877 [pool-190-thread-1] INFO  impl.RoleInfo (RoleInfo.java:updateAndGet(139)) - a11b2509-56e9-4ce5-bf37-e5470aba7c9f: start a11b2509-56e9-4ce5-bf37-e5470aba7c9f@group-98642BEBAD9E-FollowerState
2022-08-20 13:51:08,880 [pool-190-thread-1] INFO  util.JmxRegister (JmxRegister.java:tryRegister(44)) - Successfully registered JMX Bean with object name Ratis:service=RaftServer,group=group-98642BEBAD9E,id=a11b2509-56e9-4ce5-bf37-e5470aba7c9f
2022-08-20 13:51:08,880 [Command processor thread] INFO  ratis.XceiverServerRatis (XceiverServerRatis.java:addGroup(765)) - Created group PipelineID=1bc7df52-0f1e-4a59-8074-98642bebad9e
2022-08-20 13:51:08,894 [grpc-default-executor-4] INFO  server.RaftServer (RaftServerProxy.java:addNew(96)) - 2b4e70ee-eebc-4c64-9ba5-1bae8adbf1c4: addNew group-98642BEBAD9E:[a11b2509-56e9-4ce5-bf37-e5470aba7c9f|rpc:127.0.0.1:46047|dataStream:|priority:1, 3b5fe929-2681-4434-877b-86f4f8bf3428|rpc:127.0.0.1:45943|dataStream:|priority:0, 2b4e70ee-eebc-4c64-9ba5-1bae8adbf1c4|rpc:127.0.0.1:33429|dataStream:|priority:0] returns group-98642BEBAD9E:java.util.concurrent.CompletableFuture@5afe6c65[Not completed]
2022-08-20 13:51:08,895 [pool-240-thread-1] INFO  server.RaftServer$Division (RaftServerImpl.java:<init>(190)) - 2b4e70ee-eebc-4c64-9ba5-1bae8adbf1c4: new RaftServerImpl for group-98642BEBAD9E:[a11b2509-56e9-4ce5-bf37-e5470aba7c9f|rpc:127.0.0.1:46047|dataStream:|priority:1, 3b5fe929-2681-4434-877b-86f4f8bf3428|rpc:127.0.0.1:45943|dataStream:|priority:0, 2b4e70ee-eebc-4c64-9ba5-1bae8adbf1c4|rpc:127.0.0.1:33429|dataStream:|priority:0] with ContainerStateMachine:uninitialized
2022-08-20 13:51:08,895 [pool-240-thread-1] INFO  server.RaftServerConfigKeys (ConfUtils.java:logGet(46)) - raft.server.rpc.timeout.min = 5s (custom)
2022-08-20 13:51:08,895 [pool-240-thread-1] INFO  server.RaftServerConfigKeys (ConfUtils.java:logGet(46)) - raft.server.rpc.timeout.max = 5200ms (custom)
2022-08-20 13:51:08,895 [pool-240-thread-1] INFO  server.RaftServerConfigKeys (ConfUtils.java:logGet(46)) - raft.server.rpc.sleep.time = 25ms (default)
2022-08-20 13:51:08,895 [pool-240-thread-1] INFO  server.RaftServerConfigKeys (ConfUtils.java:logGet(46)) - raft.server.rpc.slowness.timeout = 300s (custom)
2022-08-20 13:51:08,895 [pool-240-thread-1] INFO  server.RaftServerConfigKeys (ConfUtils.java:logGet(46)) - raft.server.leaderelection.leader.step-down.wait-time = 10s (default)
2022-08-20 13:51:08,895 [pool-240-thread-1] INFO  server.RaftServerConfigKeys (ConfUtils.java:logGet(46)) - raft.server.sleep.deviation.threshold = 300ms (default)
2022-08-20 13:51:08,895 [pool-240-thread-1] INFO  server.RaftServer$Division (ServerState.java:<init>(107)) - 2b4e70ee-eebc-4c64-9ba5-1bae8adbf1c4@group-98642BEBAD9E: ConfigurationManager, init=-1: [a11b2509-56e9-4ce5-bf37-e5470aba7c9f|rpc:127.0.0.1:46047|dataStream:|priority:1, 3b5fe929-2681-4434-877b-86f4f8bf3428|rpc:127.0.0.1:45943|dataStream:|priority:0, 2b4e70ee-eebc-4c64-9ba5-1bae8adbf1c4|rpc:127.0.0.1:33429|dataStream:|priority:0], old=null, confs=<EMPTY_MAP>
2022-08-20 13:51:08,895 [pool-240-thread-1] INFO  server.RaftServerConfigKeys (ConfUtils.java:logGet(46)) - raft.server.storage.dir = [/home/runner/work/ozone/ozone/hadoop-ozone/integration-test/target/test-dir/MiniOzoneClusterImpl-1d33bde5-c0a1-446c-b0a2-a2cb2457c7cc/datanode-2/data/ratis] (custom)
2022-08-20 13:51:08,896 [pool-240-thread-1] INFO  server.RaftServerConfigKeys (ConfUtils.java:logGet(46)) - raft.server.log.corruption.policy = EXCEPTION (default)
2022-08-20 13:51:08,896 [pool-240-thread-1] INFO  server.RaftServerConfigKeys (ConfUtils.java:logGet(46)) - raft.server.storage.free-space.min = 0MB (=0) (default)
2022-08-20 13:51:08,896 [pool-240-thread-1] INFO  storage.RaftStorageDirectory (RaftStorageDirectoryImpl.java:analyzeStorage(135)) - The storage directory /home/runner/work/ozone/ozone/hadoop-ozone/integration-test/target/test-dir/MiniOzoneClusterImpl-1d33bde5-c0a1-446c-b0a2-a2cb2457c7cc/datanode-2/data/ratis/1bc7df52-0f1e-4a59-8074-98642bebad9e does not exist. Creating ...
2022-08-20 13:51:08,897 [pool-240-thread-1] INFO  storage.RaftStorageDirectory (RaftStorageDirectoryImpl.java:tryLock(230)) - Lock on /home/runner/work/ozone/ozone/hadoop-ozone/integration-test/target/test-dir/MiniOzoneClusterImpl-1d33bde5-c0a1-446c-b0a2-a2cb2457c7cc/datanode-2/data/ratis/1bc7df52-0f1e-4a59-8074-98642bebad9e/in_use.lock acquired by nodename 20888@fv-az54-959
2022-08-20 13:51:08,898 [pool-240-thread-1] INFO  storage.RaftStorage (RaftStorageImpl.java:format(89)) - Storage directory /home/runner/work/ozone/ozone/hadoop-ozone/integration-test/target/test-dir/MiniOzoneClusterImpl-1d33bde5-c0a1-446c-b0a2-a2cb2457c7cc/datanode-2/data/ratis/1bc7df52-0f1e-4a59-8074-98642bebad9e has been successfully formatted.
2022-08-20 13:51:08,898 [pool-240-thread-1] INFO  ratis.ContainerStateMachine (ContainerStateMachine.java:loadSnapshot(236)) - group-98642BEBAD9E: The snapshot info is null. Setting the last applied indexto:(t:0, i:~)
2022-08-20 13:51:08,898 [pool-240-thread-1] INFO  server.RaftServerConfigKeys (ConfUtils.java:logGet(46)) - raft.server.notification.no-leader.timeout = 300s (custom)
2022-08-20 13:51:08,898 [pool-240-thread-1] INFO  server.RaftServerConfigKeys (ConfUtils.java:logGet(46)) - raft.server.log.use.memory = false (default)
2022-08-20 13:51:08,899 [pool-240-thread-1] INFO  server.RaftServerConfigKeys (ConfUtils.java:logGet(46)) - raft.server.log.purge.gap = 1000000 (custom)
2022-08-20 13:51:08,899 [pool-240-thread-1] INFO  server.RaftServerConfigKeys (ConfUtils.java:logGet(46)) - raft.server.log.appender.buffer.byte-limit = 33554432 (custom)
2022-08-20 13:51:08,899 [pool-240-thread-1] INFO  server.RaftServerConfigKeys (ConfUtils.java:logGet(46)) - raft.server.log.statemachine.data.read.timeout = 1000ms (default)
2022-08-20 13:51:08,901 [pool-240-thread-1] INFO  server.RaftServerConfigKeys (ConfUtils.java:logGet(46)) - raft.server.log.segment.size.max = 1048576 (custom)
2022-08-20 13:51:08,902 [pool-240-thread-1] INFO  server.RaftServerConfigKeys (ConfUtils.java:logGet(46)) - raft.server.log.segment.cache.num.max = 2 (custom)
2022-08-20 13:51:08,902 [pool-240-thread-1] INFO  server.RaftServerConfigKeys (ConfUtils.java:logGet(46)) - raft.server.log.segment.cache.size.max = 200MB (=209715200) (default)
2022-08-20 13:51:08,902 [pool-240-thread-1] INFO  segmented.SegmentedRaftLogWorker (SegmentedRaftLogWorker.java:<init>(187)) - new 2b4e70ee-eebc-4c64-9ba5-1bae8adbf1c4@group-98642BEBAD9E-SegmentedRaftLogWorker for RaftStorageImpl:Storage Directory /home/runner/work/ozone/ozone/hadoop-ozone/integration-test/target/test-dir/MiniOzoneClusterImpl-1d33bde5-c0a1-446c-b0a2-a2cb2457c7cc/datanode-2/data/ratis/1bc7df52-0f1e-4a59-8074-98642bebad9e
2022-08-20 13:51:08,903 [pool-240-thread-1] INFO  server.RaftServerConfigKeys (ConfUtils.java:logGet(46)) - raft.server.log.queue.byte-limit = 4294967296 (custom)
2022-08-20 13:51:08,903 [pool-240-thread-1] INFO  server.RaftServerConfigKeys (ConfUtils.java:logGet(46)) - raft.server.log.queue.element-limit = 1024 (custom)
2022-08-20 13:51:08,903 [pool-240-thread-1] INFO  server.RaftServerConfigKeys (ConfUtils.java:logGet(46)) - raft.server.log.segment.size.max = 1048576 (custom)
2022-08-20 13:51:08,903 [pool-240-thread-1] INFO  server.RaftServerConfigKeys (ConfUtils.java:logGet(46)) - raft.server.log.preallocated.size = 16384 (custom)
2022-08-20 13:51:08,903 [pool-240-thread-1] INFO  server.RaftServerConfigKeys (ConfUtils.java:logGet(46)) - raft.server.log.force.sync.num = 128 (default)
2022-08-20 13:51:08,903 [pool-240-thread-1] INFO  server.RaftServerConfigKeys (ConfUtils.java:logGet(46)) - raft.server.log.statemachine.data.sync = true (default)
2022-08-20 13:51:08,903 [pool-240-thread-1] INFO  server.RaftServerConfigKeys (ConfUtils.java:logGet(46)) - raft.server.log.statemachine.data.sync.timeout = 10s (default)
2022-08-20 13:51:08,904 [pool-240-thread-1] INFO  server.RaftServerConfigKeys (ConfUtils.java:logGet(46)) - raft.server.log.statemachine.data.sync.timeout.retry = -1 (default)
2022-08-20 13:51:08,908 [pool-240-thread-1] INFO  server.RaftServerConfigKeys (ConfUtils.java:logGet(46)) - raft.server.log.write.buffer.size = 1048576 (custom)
2022-08-20 13:51:08,908 [pool-240-thread-1] INFO  server.RaftServerConfigKeys (ConfUtils.java:logGet(46)) - raft.server.log.unsafe-flush.enabled = false (default)
2022-08-20 13:51:08,908 [pool-240-thread-1] INFO  server.RaftServerConfigKeys (ConfUtils.java:logGet(46)) - raft.server.log.statemachine.data.caching.enabled = true (custom)
2022-08-20 13:51:08,908 [pool-240-thread-1] INFO  segmented.SegmentedRaftLogWorker (SegmentedRaftLogWorker.java:lambda$new$0(135)) - 2b4e70ee-eebc-4c64-9ba5-1bae8adbf1c4@group-98642BEBAD9E-SegmentedRaftLogWorker: flushIndex: setUnconditionally 0 -> -1
2022-08-20 13:51:08,908 [pool-240-thread-1] INFO  segmented.SegmentedRaftLogWorker (SegmentedRaftLogWorker.java:lambda$new$0(135)) - 2b4e70ee-eebc-4c64-9ba5-1bae8adbf1c4@group-98642BEBAD9E-SegmentedRaftLogWorker: safeCacheEvictIndex: setUnconditionally 0 -> -1
2022-08-20 13:51:08,911 [pool-240-thread-1] INFO  server.RaftServerConfigKeys (ConfUtils.java:logGet(46)) - raft.server.snapshot.auto.trigger.enabled = true (custom)
2022-08-20 13:51:08,911 [pool-240-thread-1] INFO  server.RaftServerConfigKeys (ConfUtils.java:logGet(46)) - raft.server.snapshot.auto.trigger.threshold = 10000 (custom)
2022-08-20 13:51:08,911 [pool-240-thread-1] INFO  server.RaftServerConfigKeys (ConfUtils.java:logGet(46)) - raft.server.snapshot.retention.file.num = 5 (custom)
2022-08-20 13:51:08,911 [pool-240-thread-1] INFO  server.RaftServerConfigKeys (ConfUtils.java:logGet(46)) - raft.server.log.purge.upto.snapshot.index = false (default)
2022-08-20 13:51:08,911 [pool-240-thread-1] INFO  server.RaftServerConfigKeys (ConfUtils.java:logGet(46)) - raft.server.retrycache.expirytime = 600000ms (custom)
2022-08-20 13:51:08,911 [pool-240-thread-1] INFO  server.RaftServerConfigKeys (ConfUtils.java:logGet(46)) - raft.server.retrycache.statistics.expirytime = 100μs (default)
2022-08-20 13:51:08,914 [pool-240-thread-1] INFO  server.RaftServerConfigKeys (ConfUtils.java:logGet(46)) - raft.server.log.appender.install.snapshot.enabled = false (custom)
2022-08-20 13:51:08,914 [pool-240-thread-1] INFO  server.RaftServerConfigKeys (ConfUtils.java:logGet(46)) - raft.server.threadpool.server.cached = true (default)
2022-08-20 13:51:08,914 [pool-240-thread-1] INFO  server.RaftServerConfigKeys (ConfUtils.java:logGet(46)) - raft.server.threadpool.server.size = 0 (default)
2022-08-20 13:51:08,914 [pool-240-thread-1] INFO  server.RaftServerConfigKeys (ConfUtils.java:logGet(46)) - raft.server.threadpool.client.cached = true (default)
2022-08-20 13:51:08,914 [pool-240-thread-1] INFO  server.RaftServerConfigKeys (ConfUtils.java:logGet(46)) - raft.server.threadpool.client.size = 0 (default)
2022-08-20 13:51:08,914 [pool-240-thread-1] INFO  server.RaftServer$Division (RaftServerImpl.java:start(310)) - 2b4e70ee-eebc-4c64-9ba5-1bae8adbf1c4@group-98642BEBAD9E: start as a follower, conf=-1: [a11b2509-56e9-4ce5-bf37-e5470aba7c9f|rpc:127.0.0.1:46047|dataStream:|priority:1, 3b5fe929-2681-4434-877b-86f4f8bf3428|rpc:127.0.0.1:45943|dataStream:|priority:0, 2b4e70ee-eebc-4c64-9ba5-1bae8adbf1c4|rpc:127.0.0.1:33429|dataStream:|priority:0], old=null
2022-08-20 13:51:08,914 [pool-240-thread-1] INFO  server.RaftServer$Division (RaftServerImpl.java:setRole(299)) - 2b4e70ee-eebc-4c64-9ba5-1bae8adbf1c4@group-98642BEBAD9E: changes role from      null to FOLLOWER at term 0 for startAsFollower
2022-08-20 13:51:08,914 [pool-240-thread-1] INFO  impl.RoleInfo (RoleInfo.java:updateAndGet(139)) - 2b4e70ee-eebc-4c64-9ba5-1bae8adbf1c4: start 2b4e70ee-eebc-4c64-9ba5-1bae8adbf1c4@group-98642BEBAD9E-FollowerState
2022-08-20 13:51:08,916 [pool-240-thread-1] INFO  util.JmxRegister (JmxRegister.java:tryRegister(44)) - Successfully registered JMX Bean with object name Ratis:service=RaftServer,group=group-98642BEBAD9E,id=2b4e70ee-eebc-4c64-9ba5-1bae8adbf1c4
2022-08-20 13:51:08,941 [grpc-default-executor-3] INFO  server.RaftServer (RaftServerProxy.java:addNew(96)) - 3b5fe929-2681-4434-877b-86f4f8bf3428: addNew group-98642BEBAD9E:[a11b2509-56e9-4ce5-bf37-e5470aba7c9f|rpc:127.0.0.1:46047|dataStream:|priority:1, 3b5fe929-2681-4434-877b-86f4f8bf3428|rpc:127.0.0.1:45943|dataStream:|priority:0, 2b4e70ee-eebc-4c64-9ba5-1bae8adbf1c4|rpc:127.0.0.1:33429|dataStream:|priority:0] returns group-98642BEBAD9E:java.util.concurrent.CompletableFuture@22ea2abd[Not completed]
2022-08-20 13:51:08,942 [pool-215-thread-1] INFO  server.RaftServer$Division (RaftServerImpl.java:<init>(190)) - 3b5fe929-2681-4434-877b-86f4f8bf3428: new RaftServerImpl for group-98642BEBAD9E:[a11b2509-56e9-4ce5-bf37-e5470aba7c9f|rpc:127.0.0.1:46047|dataStream:|priority:1, 3b5fe929-2681-4434-877b-86f4f8bf3428|rpc:127.0.0.1:45943|dataStream:|priority:0, 2b4e70ee-eebc-4c64-9ba5-1bae8adbf1c4|rpc:127.0.0.1:33429|dataStream:|priority:0] with ContainerStateMachine:uninitialized
2022-08-20 13:51:08,943 [pool-215-thread-1] INFO  server.RaftServerConfigKeys (ConfUtils.java:logGet(46)) - raft.server.rpc.timeout.min = 5s (custom)
2022-08-20 13:51:08,943 [pool-215-thread-1] INFO  server.RaftServerConfigKeys (ConfUtils.java:logGet(46)) - raft.server.rpc.timeout.max = 5200ms (custom)
2022-08-20 13:51:08,943 [pool-215-thread-1] INFO  server.RaftServerConfigKeys (ConfUtils.java:logGet(46)) - raft.server.rpc.sleep.time = 25ms (default)
2022-08-20 13:51:08,943 [pool-215-thread-1] INFO  server.RaftServerConfigKeys (ConfUtils.java:logGet(46)) - raft.server.rpc.slowness.timeout = 300s (custom)
2022-08-20 13:51:08,943 [pool-215-thread-1] INFO  server.RaftServerConfigKeys (ConfUtils.java:logGet(46)) - raft.server.leaderelection.leader.step-down.wait-time = 10s (default)
2022-08-20 13:51:08,943 [pool-215-thread-1] INFO  server.RaftServerConfigKeys (ConfUtils.java:logGet(46)) - raft.server.sleep.deviation.threshold = 300ms (default)
2022-08-20 13:51:08,943 [pool-215-thread-1] INFO  server.RaftServer$Division (ServerState.java:<init>(107)) - 3b5fe929-2681-4434-877b-86f4f8bf3428@group-98642BEBAD9E: ConfigurationManager, init=-1: [a11b2509-56e9-4ce5-bf37-e5470aba7c9f|rpc:127.0.0.1:46047|dataStream:|priority:1, 3b5fe929-2681-4434-877b-86f4f8bf3428|rpc:127.0.0.1:45943|dataStream:|priority:0, 2b4e70ee-eebc-4c64-9ba5-1bae8adbf1c4|rpc:127.0.0.1:33429|dataStream:|priority:0], old=null, confs=<EMPTY_MAP>
2022-08-20 13:51:08,943 [pool-215-thread-1] INFO  server.RaftServerConfigKeys (ConfUtils.java:logGet(46)) - raft.server.storage.dir = [/home/runner/work/ozone/ozone/hadoop-ozone/integration-test/target/test-dir/MiniOzoneClusterImpl-1d33bde5-c0a1-446c-b0a2-a2cb2457c7cc/datanode-1/data/ratis] (custom)
2022-08-20 13:51:08,943 [pool-215-thread-1] INFO  server.RaftServerConfigKeys (ConfUtils.java:logGet(46)) - raft.server.log.corruption.policy = EXCEPTION (default)
2022-08-20 13:51:08,943 [pool-215-thread-1] INFO  server.RaftServerConfigKeys (ConfUtils.java:logGet(46)) - raft.server.storage.free-space.min = 0MB (=0) (default)
2022-08-20 13:51:08,943 [pool-215-thread-1] INFO  storage.RaftStorageDirectory (RaftStorageDirectoryImpl.java:analyzeStorage(135)) - The storage directory /home/runner/work/ozone/ozone/hadoop-ozone/integration-test/target/test-dir/MiniOzoneClusterImpl-1d33bde5-c0a1-446c-b0a2-a2cb2457c7cc/datanode-1/data/ratis/1bc7df52-0f1e-4a59-8074-98642bebad9e does not exist. Creating ...
2022-08-20 13:51:08,944 [pool-215-thread-1] INFO  storage.RaftStorageDirectory (RaftStorageDirectoryImpl.java:tryLock(230)) - Lock on /home/runner/work/ozone/ozone/hadoop-ozone/integration-test/target/test-dir/MiniOzoneClusterImpl-1d33bde5-c0a1-446c-b0a2-a2cb2457c7cc/datanode-1/data/ratis/1bc7df52-0f1e-4a59-8074-98642bebad9e/in_use.lock acquired by nodename 20888@fv-az54-959
2022-08-20 13:51:08,946 [pool-215-thread-1] INFO  storage.RaftStorage (RaftStorageImpl.java:format(89)) - Storage directory /home/runner/work/ozone/ozone/hadoop-ozone/integration-test/target/test-dir/MiniOzoneClusterImpl-1d33bde5-c0a1-446c-b0a2-a2cb2457c7cc/datanode-1/data/ratis/1bc7df52-0f1e-4a59-8074-98642bebad9e has been successfully formatted.
2022-08-20 13:51:08,947 [pool-215-thread-1] INFO  ratis.ContainerStateMachine (ContainerStateMachine.java:loadSnapshot(236)) - group-98642BEBAD9E: The snapshot info is null. Setting the last applied indexto:(t:0, i:~)
2022-08-20 13:51:08,947 [pool-215-thread-1] INFO  server.RaftServerConfigKeys (ConfUtils.java:logGet(46)) - raft.server.notification.no-leader.timeout = 300s (custom)
2022-08-20 13:51:08,947 [pool-215-thread-1] INFO  server.RaftServerConfigKeys (ConfUtils.java:logGet(46)) - raft.server.log.use.memory = false (default)
2022-08-20 13:51:08,949 [pool-215-thread-1] INFO  server.RaftServerConfigKeys (ConfUtils.java:logGet(46)) - raft.server.log.purge.gap = 1000000 (custom)
2022-08-20 13:51:08,949 [pool-215-thread-1] INFO  server.RaftServerConfigKeys (ConfUtils.java:logGet(46)) - raft.server.log.appender.buffer.byte-limit = 33554432 (custom)
2022-08-20 13:51:08,949 [pool-215-thread-1] INFO  server.RaftServerConfigKeys (ConfUtils.java:logGet(46)) - raft.server.log.statemachine.data.read.timeout = 1000ms (default)
2022-08-20 13:51:08,949 [pool-215-thread-1] INFO  server.RaftServerConfigKeys (ConfUtils.java:logGet(46)) - raft.server.log.segment.size.max = 1048576 (custom)
2022-08-20 13:51:08,950 [pool-215-thread-1] INFO  server.RaftServerConfigKeys (ConfUtils.java:logGet(46)) - raft.server.log.segment.cache.num.max = 2 (custom)
2022-08-20 13:51:08,950 [pool-215-thread-1] INFO  server.RaftServerConfigKeys (ConfUtils.java:logGet(46)) - raft.server.log.segment.cache.size.max = 200MB (=209715200) (default)
2022-08-20 13:51:08,950 [pool-215-thread-1] INFO  segmented.SegmentedRaftLogWorker (SegmentedRaftLogWorker.java:<init>(187)) - new 3b5fe929-2681-4434-877b-86f4f8bf3428@group-98642BEBAD9E-SegmentedRaftLogWorker for RaftStorageImpl:Storage Directory /home/runner/work/ozone/ozone/hadoop-ozone/integration-test/target/test-dir/MiniOzoneClusterImpl-1d33bde5-c0a1-446c-b0a2-a2cb2457c7cc/datanode-1/data/ratis/1bc7df52-0f1e-4a59-8074-98642bebad9e
2022-08-20 13:51:08,950 [pool-215-thread-1] INFO  server.RaftServerConfigKeys (ConfUtils.java:logGet(46)) - raft.server.log.queue.byte-limit = 4294967296 (custom)
2022-08-20 13:51:08,950 [pool-215-thread-1] INFO  server.RaftServerConfigKeys (ConfUtils.java:logGet(46)) - raft.server.log.queue.element-limit = 1024 (custom)
2022-08-20 13:51:08,950 [pool-215-thread-1] INFO  server.RaftServerConfigKeys (ConfUtils.java:logGet(46)) - raft.server.log.segment.size.max = 1048576 (custom)
2022-08-20 13:51:08,950 [pool-215-thread-1] INFO  server.RaftServerConfigKeys (ConfUtils.java:logGet(46)) - raft.server.log.preallocated.size = 16384 (custom)
2022-08-20 13:51:08,950 [pool-215-thread-1] INFO  server.RaftServerConfigKeys (ConfUtils.java:logGet(46)) - raft.server.log.force.sync.num = 128 (default)
2022-08-20 13:51:08,950 [pool-215-thread-1] INFO  server.RaftServerConfigKeys (ConfUtils.java:logGet(46)) - raft.server.log.statemachine.data.sync = true (default)
2022-08-20 13:51:08,950 [pool-215-thread-1] INFO  server.RaftServerConfigKeys (ConfUtils.java:logGet(46)) - raft.server.log.statemachine.data.sync.timeout = 10s (default)
2022-08-20 13:51:08,950 [pool-215-thread-1] INFO  server.RaftServerConfigKeys (ConfUtils.java:logGet(46)) - raft.server.log.statemachine.data.sync.timeout.retry = -1 (default)
2022-08-20 13:51:08,951 [pool-215-thread-1] INFO  server.RaftServerConfigKeys (ConfUtils.java:logGet(46)) - raft.server.log.write.buffer.size = 1048576 (custom)
2022-08-20 13:51:08,951 [pool-215-thread-1] INFO  server.RaftServerConfigKeys (ConfUtils.java:logGet(46)) - raft.server.log.unsafe-flush.enabled = false (default)
2022-08-20 13:51:08,952 [pool-215-thread-1] INFO  server.RaftServerConfigKeys (ConfUtils.java:logGet(46)) - raft.server.log.statemachine.data.caching.enabled = true (custom)
2022-08-20 13:51:08,952 [pool-215-thread-1] INFO  segmented.SegmentedRaftLogWorker (SegmentedRaftLogWorker.java:lambda$new$0(135)) - 3b5fe929-2681-4434-877b-86f4f8bf3428@group-98642BEBAD9E-SegmentedRaftLogWorker: flushIndex: setUnconditionally 0 -> -1
2022-08-20 13:51:08,952 [pool-215-thread-1] INFO  segmented.SegmentedRaftLogWorker (SegmentedRaftLogWorker.java:lambda$new$0(135)) - 3b5fe929-2681-4434-877b-86f4f8bf3428@group-98642BEBAD9E-SegmentedRaftLogWorker: safeCacheEvictIndex: setUnconditionally 0 -> -1
2022-08-20 13:51:08,959 [pool-215-thread-1] INFO  server.RaftServerConfigKeys (ConfUtils.java:logGet(46)) - raft.server.snapshot.auto.trigger.enabled = true (custom)
2022-08-20 13:51:08,959 [pool-215-thread-1] INFO  server.RaftServerConfigKeys (ConfUtils.java:logGet(46)) - raft.server.snapshot.auto.trigger.threshold = 10000 (custom)
2022-08-20 13:51:08,959 [pool-215-thread-1] INFO  server.RaftServerConfigKeys (ConfUtils.java:logGet(46)) - raft.server.snapshot.retention.file.num = 5 (custom)
2022-08-20 13:51:08,959 [pool-215-thread-1] INFO  server.RaftServerConfigKeys (ConfUtils.java:logGet(46)) - raft.server.log.purge.upto.snapshot.index = false (default)
2022-08-20 13:51:08,959 [pool-215-thread-1] INFO  server.RaftServerConfigKeys (ConfUtils.java:logGet(46)) - raft.server.retrycache.expirytime = 600000ms (custom)
2022-08-20 13:51:08,960 [pool-215-thread-1] INFO  server.RaftServerConfigKeys (ConfUtils.java:logGet(46)) - raft.server.retrycache.statistics.expirytime = 100μs (default)
2022-08-20 13:51:08,961 [pool-215-thread-1] INFO  server.RaftServerConfigKeys (ConfUtils.java:logGet(46)) - raft.server.log.appender.install.snapshot.enabled = false (custom)
2022-08-20 13:51:08,961 [pool-215-thread-1] INFO  server.RaftServerConfigKeys (ConfUtils.java:logGet(46)) - raft.server.threadpool.server.cached = true (default)
2022-08-20 13:51:08,961 [pool-215-thread-1] INFO  server.RaftServerConfigKeys (ConfUtils.java:logGet(46)) - raft.server.threadpool.server.size = 0 (default)
2022-08-20 13:51:08,961 [pool-215-thread-1] INFO  server.RaftServerConfigKeys (ConfUtils.java:logGet(46)) - raft.server.threadpool.client.cached = true (default)
2022-08-20 13:51:08,961 [pool-215-thread-1] INFO  server.RaftServerConfigKeys (ConfUtils.java:logGet(46)) - raft.server.threadpool.client.size = 0 (default)
2022-08-20 13:51:08,961 [pool-215-thread-1] INFO  server.RaftServer$Division (RaftServerImpl.java:start(310)) - 3b5fe929-2681-4434-877b-86f4f8bf3428@group-98642BEBAD9E: start as a follower, conf=-1: [a11b2509-56e9-4ce5-bf37-e5470aba7c9f|rpc:127.0.0.1:46047|dataStream:|priority:1, 3b5fe929-2681-4434-877b-86f4f8bf3428|rpc:127.0.0.1:45943|dataStream:|priority:0, 2b4e70ee-eebc-4c64-9ba5-1bae8adbf1c4|rpc:127.0.0.1:33429|dataStream:|priority:0], old=null
2022-08-20 13:51:08,961 [pool-215-thread-1] INFO  server.RaftServer$Division (RaftServerImpl.java:setRole(299)) - 3b5fe929-2681-4434-877b-86f4f8bf3428@group-98642BEBAD9E: changes role from      null to FOLLOWER at term 0 for startAsFollower
2022-08-20 13:51:08,961 [pool-215-thread-1] INFO  impl.RoleInfo (RoleInfo.java:updateAndGet(139)) - 3b5fe929-2681-4434-877b-86f4f8bf3428: start 3b5fe929-2681-4434-877b-86f4f8bf3428@group-98642BEBAD9E-FollowerState
2022-08-20 13:51:08,970 [Command processor thread] INFO  server.RaftServer (RaftServerProxy.java:addNew(96)) - 3b5fe929-2681-4434-877b-86f4f8bf3428: addNew group-E683833EA264:[3b5fe929-2681-4434-877b-86f4f8bf3428|rpc:127.0.0.1:45943|priority:1] returns group-E683833EA264:java.util.concurrent.CompletableFuture@1dcb6941[Not completed]
2022-08-20 13:51:08,971 [pool-215-thread-1] INFO  util.JmxRegister (JmxRegister.java:tryRegister(44)) - Successfully registered JMX Bean with object name Ratis:service=RaftServer,group=group-98642BEBAD9E,id=3b5fe929-2681-4434-877b-86f4f8bf3428
2022-08-20 13:51:08,973 [pool-215-thread-1] INFO  server.RaftServer$Division (RaftServerImpl.java:<init>(190)) - 3b5fe929-2681-4434-877b-86f4f8bf3428: new RaftServerImpl for group-E683833EA264:[3b5fe929-2681-4434-877b-86f4f8bf3428|rpc:127.0.0.1:45943|priority:1] with ContainerStateMachine:uninitialized
2022-08-20 13:51:08,973 [pool-215-thread-1] INFO  server.RaftServerConfigKeys (ConfUtils.java:logGet(46)) - raft.server.rpc.timeout.min = 5s (custom)
2022-08-20 13:51:08,973 [pool-215-thread-1] INFO  server.RaftServerConfigKeys (ConfUtils.java:logGet(46)) - raft.server.rpc.timeout.max = 5200ms (custom)
2022-08-20 13:51:08,973 [pool-215-thread-1] INFO  server.RaftServerConfigKeys (ConfUtils.java:logGet(46)) - raft.server.rpc.sleep.time = 25ms (default)
2022-08-20 13:51:08,973 [pool-215-thread-1] INFO  server.RaftServerConfigKeys (ConfUtils.java:logGet(46)) - raft.server.rpc.slowness.timeout = 300s (custom)
2022-08-20 13:51:08,973 [pool-215-thread-1] INFO  server.RaftServerConfigKeys (ConfUtils.java:logGet(46)) - raft.server.leaderelection.leader.step-down.wait-time = 10s (default)
2022-08-20 13:51:08,973 [pool-215-thread-1] INFO  server.RaftServerConfigKeys (ConfUtils.java:logGet(46)) - raft.server.sleep.deviation.threshold = 300ms (default)
2022-08-20 13:51:08,973 [pool-215-thread-1] INFO  server.RaftServer$Division (ServerState.java:<init>(107)) - 3b5fe929-2681-4434-877b-86f4f8bf3428@group-E683833EA264: ConfigurationManager, init=-1: [3b5fe929-2681-4434-877b-86f4f8bf3428|rpc:127.0.0.1:45943|priority:1], old=null, confs=<EMPTY_MAP>
2022-08-20 13:51:08,973 [pool-215-thread-1] INFO  server.RaftServerConfigKeys (ConfUtils.java:logGet(46)) - raft.server.storage.dir = [/home/runner/work/ozone/ozone/hadoop-ozone/integration-test/target/test-dir/MiniOzoneClusterImpl-1d33bde5-c0a1-446c-b0a2-a2cb2457c7cc/datanode-1/data/ratis] (custom)
2022-08-20 13:51:08,973 [pool-215-thread-1] INFO  server.RaftServerConfigKeys (ConfUtils.java:logGet(46)) - raft.server.log.corruption.policy = EXCEPTION (default)
2022-08-20 13:51:08,973 [pool-215-thread-1] INFO  server.RaftServerConfigKeys (ConfUtils.java:logGet(46)) - raft.server.storage.free-space.min = 0MB (=0) (default)
2022-08-20 13:51:08,973 [pool-215-thread-1] INFO  storage.RaftStorageDirectory (RaftStorageDirectoryImpl.java:analyzeStorage(135)) - The storage directory /home/runner/work/ozone/ozone/hadoop-ozone/integration-test/target/test-dir/MiniOzoneClusterImpl-1d33bde5-c0a1-446c-b0a2-a2cb2457c7cc/datanode-1/data/ratis/6fc6340d-a8ed-4bdd-9bec-e683833ea264 does not exist. Creating ...
2022-08-20 13:51:08,975 [pool-215-thread-1] INFO  storage.RaftStorageDirectory (RaftStorageDirectoryImpl.java:tryLock(230)) - Lock on /home/runner/work/ozone/ozone/hadoop-ozone/integration-test/target/test-dir/MiniOzoneClusterImpl-1d33bde5-c0a1-446c-b0a2-a2cb2457c7cc/datanode-1/data/ratis/6fc6340d-a8ed-4bdd-9bec-e683833ea264/in_use.lock acquired by nodename 20888@fv-az54-959
2022-08-20 13:51:08,978 [pool-215-thread-1] INFO  storage.RaftStorage (RaftStorageImpl.java:format(89)) - Storage directory /home/runner/work/ozone/ozone/hadoop-ozone/integration-test/target/test-dir/MiniOzoneClusterImpl-1d33bde5-c0a1-446c-b0a2-a2cb2457c7cc/datanode-1/data/ratis/6fc6340d-a8ed-4bdd-9bec-e683833ea264 has been successfully formatted.
2022-08-20 13:51:08,981 [EventQueue-PipelineReportForPipelineReportHandler] INFO  pipeline.PipelineManagerImpl (PipelineManagerImpl.java:openPipeline(367)) - Pipeline Pipeline[ Id: 6fc6340d-a8ed-4bdd-9bec-e683833ea264, Nodes: 3b5fe929-2681-4434-877b-86f4f8bf3428{ip: 127.0.0.1, host: localhost, ports: [REPLICATION=41603, RATIS=45943, RATIS_ADMIN=45943, RATIS_SERVER=45943, STANDALONE=40729], networkLocation: /default-rack, certSerialId: null, persistedOpState: IN_SERVICE, persistedOpStateExpiryEpochSec: 0}, ReplicationConfig: RATIS/ONE, State:ALLOCATED, leaderId:3b5fe929-2681-4434-877b-86f4f8bf3428, CreationTimestamp2022-08-20T13:51:05.968Z[Etc/UTC]] moved to OPEN state
2022-08-20 13:51:08,982 [EventQueue-PipelineReportForPipelineReportHandler] INFO  pipeline.PipelineManagerImpl (PipelineManagerImpl.java:openPipeline(367)) - Pipeline Pipeline[ Id: 6fc6340d-a8ed-4bdd-9bec-e683833ea264, Nodes: 3b5fe929-2681-4434-877b-86f4f8bf3428{ip: 127.0.0.1, host: localhost, ports: [REPLICATION=41603, RATIS=45943, RATIS_ADMIN=45943, RATIS_SERVER=45943, STANDALONE=40729], networkLocation: /default-rack, certSerialId: null, persistedOpState: IN_SERVICE, persistedOpStateExpiryEpochSec: 0}, ReplicationConfig: RATIS/ONE, State:ALLOCATED, leaderId:3b5fe929-2681-4434-877b-86f4f8bf3428, CreationTimestamp2022-08-20T13:51:05.968Z[Etc/UTC]] moved to OPEN state
2022-08-20 13:51:08,982 [EventQueue-PipelineReportForPipelineReportHandler] INFO  pipeline.PipelineManagerImpl (PipelineManagerImpl.java:openPipeline(367)) - Pipeline Pipeline[ Id: 6fc6340d-a8ed-4bdd-9bec-e683833ea264, Nodes: 3b5fe929-2681-4434-877b-86f4f8bf3428{ip: 127.0.0.1, host: localhost, ports: [REPLICATION=41603, RATIS=45943, RATIS_ADMIN=45943, RATIS_SERVER=45943, STANDALONE=40729], networkLocation: /default-rack, certSerialId: null, persistedOpState: IN_SERVICE, persistedOpStateExpiryEpochSec: 0}, ReplicationConfig: RATIS/ONE, State:ALLOCATED, leaderId:3b5fe929-2681-4434-877b-86f4f8bf3428, CreationTimestamp2022-08-20T13:51:05.968Z[Etc/UTC]] moved to OPEN state
2022-08-20 13:51:08,985 [pool-215-thread-1] INFO  ratis.ContainerStateMachine (ContainerStateMachine.java:loadSnapshot(236)) - group-E683833EA264: The snapshot info is null. Setting the last applied indexto:(t:0, i:~)
2022-08-20 13:51:08,985 [pool-215-thread-1] INFO  server.RaftServerConfigKeys (ConfUtils.java:logGet(46)) - raft.server.notification.no-leader.timeout = 300s (custom)
2022-08-20 13:51:08,985 [pool-215-thread-1] INFO  server.RaftServerConfigKeys (ConfUtils.java:logGet(46)) - raft.server.log.use.memory = false (default)
2022-08-20 13:51:08,985 [pool-215-thread-1] INFO  server.RaftServerConfigKeys (ConfUtils.java:logGet(46)) - raft.server.log.purge.gap = 1000000 (custom)
2022-08-20 13:51:08,985 [pool-215-thread-1] INFO  server.RaftServerConfigKeys (ConfUtils.java:logGet(46)) - raft.server.log.appender.buffer.byte-limit = 33554432 (custom)
2022-08-20 13:51:08,985 [pool-215-thread-1] INFO  server.RaftServerConfigKeys (ConfUtils.java:logGet(46)) - raft.server.log.statemachine.data.read.timeout = 1000ms (default)
2022-08-20 13:51:08,985 [pool-215-thread-1] INFO  server.RaftServerConfigKeys (ConfUtils.java:logGet(46)) - raft.server.log.segment.size.max = 1048576 (custom)
2022-08-20 13:51:08,986 [pool-215-thread-1] INFO  server.RaftServerConfigKeys (ConfUtils.java:logGet(46)) - raft.server.log.segment.cache.num.max = 2 (custom)
2022-08-20 13:51:08,986 [pool-215-thread-1] INFO  server.RaftServerConfigKeys (ConfUtils.java:logGet(46)) - raft.server.log.segment.cache.size.max = 200MB (=209715200) (default)
2022-08-20 13:51:08,986 [pool-215-thread-1] INFO  segmented.SegmentedRaftLogWorker (SegmentedRaftLogWorker.java:<init>(187)) - new 3b5fe929-2681-4434-877b-86f4f8bf3428@group-E683833EA264-SegmentedRaftLogWorker for RaftStorageImpl:Storage Directory /home/runner/work/ozone/ozone/hadoop-ozone/integration-test/target/test-dir/MiniOzoneClusterImpl-1d33bde5-c0a1-446c-b0a2-a2cb2457c7cc/datanode-1/data/ratis/6fc6340d-a8ed-4bdd-9bec-e683833ea264
2022-08-20 13:51:08,986 [pool-215-thread-1] INFO  server.RaftServerConfigKeys (ConfUtils.java:logGet(46)) - raft.server.log.queue.byte-limit = 4294967296 (custom)
2022-08-20 13:51:08,986 [pool-215-thread-1] INFO  server.RaftServerConfigKeys (ConfUtils.java:logGet(46)) - raft.server.log.queue.element-limit = 1024 (custom)
2022-08-20 13:51:08,986 [pool-215-thread-1] INFO  server.RaftServerConfigKeys (ConfUtils.java:logGet(46)) - raft.server.log.segment.size.max = 1048576 (custom)
2022-08-20 13:51:08,986 [pool-215-thread-1] INFO  server.RaftServerConfigKeys (ConfUtils.java:logGet(46)) - raft.server.log.preallocated.size = 16384 (custom)
2022-08-20 13:51:08,986 [pool-215-thread-1] INFO  server.RaftServerConfigKeys (ConfUtils.java:logGet(46)) - raft.server.log.force.sync.num = 128 (default)
2022-08-20 13:51:08,986 [pool-215-thread-1] INFO  server.RaftServerConfigKeys (ConfUtils.java:logGet(46)) - raft.server.log.statemachine.data.sync = true (default)
2022-08-20 13:51:08,986 [pool-215-thread-1] INFO  server.RaftServerConfigKeys (ConfUtils.java:logGet(46)) - raft.server.log.statemachine.data.sync.timeout = 10s (default)
2022-08-20 13:51:08,986 [pool-215-thread-1] INFO  server.RaftServerConfigKeys (ConfUtils.java:logGet(46)) - raft.server.log.statemachine.data.sync.timeout.retry = -1 (default)
2022-08-20 13:51:08,987 [pool-215-thread-1] INFO  server.RaftServerConfigKeys (ConfUtils.java:logGet(46)) - raft.server.log.write.buffer.size = 1048576 (custom)
2022-08-20 13:51:08,991 [Command processor thread] INFO  commandhandler.CreatePipelineCommandHandler (CreatePipelineCommandHandler.java:handle(113)) - Created Pipeline RATIS THREE PipelineID=1bc7df52-0f1e-4a59-8074-98642bebad9e.
2022-08-20 13:51:08,991 [pool-215-thread-1] INFO  server.RaftServerConfigKeys (ConfUtils.java:logGet(46)) - raft.server.log.unsafe-flush.enabled = false (default)
2022-08-20 13:51:08,991 [pool-215-thread-1] INFO  server.RaftServerConfigKeys (ConfUtils.java:logGet(46)) - raft.server.log.statemachine.data.caching.enabled = true (custom)
2022-08-20 13:51:08,991 [pool-215-thread-1] INFO  segmented.SegmentedRaftLogWorker (SegmentedRaftLogWorker.java:lambda$new$0(135)) - 3b5fe929-2681-4434-877b-86f4f8bf3428@group-E683833EA264-SegmentedRaftLogWorker: flushIndex: setUnconditionally 0 -> -1
2022-08-20 13:51:08,992 [pool-215-thread-1] INFO  segmented.SegmentedRaftLogWorker (SegmentedRaftLogWorker.java:lambda$new$0(135)) - 3b5fe929-2681-4434-877b-86f4f8bf3428@group-E683833EA264-SegmentedRaftLogWorker: safeCacheEvictIndex: setUnconditionally 0 -> -1
2022-08-20 13:51:08,995 [d94a9406-f498-4882-9ec6-2683d96ac94a@group-A2CB2457C7CC-StateMachineUpdater] INFO  safemode.HealthyPipelineSafeModeRule (HealthyPipelineSafeModeRule.java:initializeRule(165)) - Refreshed total pipeline count is 0, healthy pipeline threshold count is 1
2022-08-20 13:51:08,997 [EventQueue-OpenPipelineForHealthyPipelineSafeModeRule] INFO  safemode.SCMSafeModeManager (HealthyPipelineSafeModeRule.java:process(137)) - SCM in safe mode. Healthy pipelines reported count is 0, required healthy pipeline reported count is 1
2022-08-20 13:51:09,000 [pool-215-thread-1] INFO  server.RaftServerConfigKeys (ConfUtils.java:logGet(46)) - raft.server.snapshot.auto.trigger.enabled = true (custom)
2022-08-20 13:51:09,000 [pool-215-thread-1] INFO  server.RaftServerConfigKeys (ConfUtils.java:logGet(46)) - raft.server.snapshot.auto.trigger.threshold = 10000 (custom)
2022-08-20 13:51:09,000 [pool-215-thread-1] INFO  server.RaftServerConfigKeys (ConfUtils.java:logGet(46)) - raft.server.snapshot.retention.file.num = 5 (custom)
2022-08-20 13:51:09,000 [pool-215-thread-1] INFO  server.RaftServerConfigKeys (ConfUtils.java:logGet(46)) - raft.server.log.purge.upto.snapshot.index = false (default)
2022-08-20 13:51:09,000 [pool-215-thread-1] INFO  server.RaftServerConfigKeys (ConfUtils.java:logGet(46)) - raft.server.retrycache.expirytime = 600000ms (custom)
2022-08-20 13:51:09,000 [pool-215-thread-1] INFO  server.RaftServerConfigKeys (ConfUtils.java:logGet(46)) - raft.server.retrycache.statistics.expirytime = 100μs (default)
2022-08-20 13:51:09,002 [pool-215-thread-1] INFO  server.RaftServerConfigKeys (ConfUtils.java:logGet(46)) - raft.server.log.appender.install.snapshot.enabled = false (custom)
2022-08-20 13:51:09,002 [pool-215-thread-1] INFO  server.RaftServerConfigKeys (ConfUtils.java:logGet(46)) - raft.server.threadpool.server.cached = true (default)
2022-08-20 13:51:09,002 [pool-215-thread-1] INFO  server.RaftServerConfigKeys (ConfUtils.java:logGet(46)) - raft.server.threadpool.server.size = 0 (default)
2022-08-20 13:51:09,002 [pool-215-thread-1] INFO  server.RaftServerConfigKeys (ConfUtils.java:logGet(46)) - raft.server.threadpool.client.cached = true (default)
2022-08-20 13:51:09,002 [pool-215-thread-1] INFO  server.RaftServerConfigKeys (ConfUtils.java:logGet(46)) - raft.server.threadpool.client.size = 0 (default)
2022-08-20 13:51:09,002 [pool-215-thread-1] INFO  server.RaftServer$Division (RaftServerImpl.java:start(310)) - 3b5fe929-2681-4434-877b-86f4f8bf3428@group-E683833EA264: start as a follower, conf=-1: [3b5fe929-2681-4434-877b-86f4f8bf3428|rpc:127.0.0.1:45943|priority:1], old=null
2022-08-20 13:51:09,002 [pool-215-thread-1] INFO  server.RaftServer$Division (RaftServerImpl.java:setRole(299)) - 3b5fe929-2681-4434-877b-86f4f8bf3428@group-E683833EA264: changes role from      null to FOLLOWER at term 0 for startAsFollower
2022-08-20 13:51:09,003 [d38852ba-a21f-4434-98b8-bd8171207a1b@group-A2CB2457C7CC-StateMachineUpdater] INFO  safemode.HealthyPipelineSafeModeRule (HealthyPipelineSafeModeRule.java:initializeRule(165)) - Refreshed total pipeline count is 0, healthy pipeline threshold count is 1
2022-08-20 13:51:09,004 [pool-215-thread-1] INFO  impl.RoleInfo (RoleInfo.java:updateAndGet(139)) - 3b5fe929-2681-4434-877b-86f4f8bf3428: start 3b5fe929-2681-4434-877b-86f4f8bf3428@group-E683833EA264-FollowerState
2022-08-20 13:51:09,005 [0dda5a98-1e81-403d-bcb4-170ef3797067@group-A2CB2457C7CC-StateMachineUpdater] INFO  safemode.HealthyPipelineSafeModeRule (HealthyPipelineSafeModeRule.java:initializeRule(165)) - Refreshed total pipeline count is 0, healthy pipeline threshold count is 1
2022-08-20 13:51:09,006 [pool-215-thread-1] INFO  util.JmxRegister (JmxRegister.java:tryRegister(44)) - Successfully registered JMX Bean with object name Ratis:service=RaftServer,group=group-E683833EA264,id=3b5fe929-2681-4434-877b-86f4f8bf3428
2022-08-20 13:51:09,007 [Command processor thread] INFO  ratis.XceiverServerRatis (XceiverServerRatis.java:addGroup(765)) - Created group PipelineID=6fc6340d-a8ed-4bdd-9bec-e683833ea264
2022-08-20 13:51:09,007 [Command processor thread] INFO  commandhandler.CreatePipelineCommandHandler (CreatePipelineCommandHandler.java:handle(113)) - Created Pipeline RATIS ONE PipelineID=6fc6340d-a8ed-4bdd-9bec-e683833ea264.
2022-08-20 13:51:09,323 [Listener at 127.0.0.1/34995] INFO  ozone.MiniOzoneClusterImpl (MiniOzoneClusterImpl.java:lambda$waitForClusterToBeReady$0(216)) - Nodes are ready. Got 3 of 3 DN Heartbeats.
2022-08-20 13:51:09,323 [Listener at 127.0.0.1/34995] INFO  ozone.MiniOzoneClusterImpl (MiniOzoneClusterImpl.java:lambda$waitForClusterToBeReady$0(219)) - Waiting for cluster to exit safe mode
2022-08-20 13:51:09,323 [Listener at 127.0.0.1/34995] INFO  ozone.MiniOzoneClusterImpl (MiniOzoneClusterImpl.java:lambda$waitForClusterToBeReady$0(221)) - SCM became leader
2022-08-20 13:51:09,336 [Command processor thread] INFO  server.RaftServer (RaftServerProxy.java:addNew(96)) - 2b4e70ee-eebc-4c64-9ba5-1bae8adbf1c4: addNew group-2111AD0A3761:[2b4e70ee-eebc-4c64-9ba5-1bae8adbf1c4|rpc:127.0.0.1:33429|priority:1] returns group-2111AD0A3761:java.util.concurrent.CompletableFuture@313fe728[Not completed]
2022-08-20 13:51:09,337 [pool-240-thread-1] INFO  server.RaftServer$Division (RaftServerImpl.java:<init>(190)) - 2b4e70ee-eebc-4c64-9ba5-1bae8adbf1c4: new RaftServerImpl for group-2111AD0A3761:[2b4e70ee-eebc-4c64-9ba5-1bae8adbf1c4|rpc:127.0.0.1:33429|priority:1] with ContainerStateMachine:uninitialized
2022-08-20 13:51:09,338 [pool-240-thread-1] INFO  server.RaftServerConfigKeys (ConfUtils.java:logGet(46)) - raft.server.rpc.timeout.min = 5s (custom)
2022-08-20 13:51:09,338 [pool-240-thread-1] INFO  server.RaftServerConfigKeys (ConfUtils.java:logGet(46)) - raft.server.rpc.timeout.max = 5200ms (custom)
2022-08-20 13:51:09,338 [pool-240-thread-1] INFO  server.RaftServerConfigKeys (ConfUtils.java:logGet(46)) - raft.server.rpc.sleep.time = 25ms (default)
2022-08-20 13:51:09,338 [pool-240-thread-1] INFO  server.RaftServerConfigKeys (ConfUtils.java:logGet(46)) - raft.server.rpc.slowness.timeout = 300s (custom)
2022-08-20 13:51:09,338 [pool-240-thread-1] INFO  server.RaftServerConfigKeys (ConfUtils.java:logGet(46)) - raft.server.leaderelection.leader.step-down.wait-time = 10s (default)
2022-08-20 13:51:09,338 [pool-240-thread-1] INFO  server.RaftServerConfigKeys (ConfUtils.java:logGet(46)) - raft.server.sleep.deviation.threshold = 300ms (default)
2022-08-20 13:51:09,338 [pool-240-thread-1] INFO  server.RaftServer$Division (ServerState.java:<init>(107)) - 2b4e70ee-eebc-4c64-9ba5-1bae8adbf1c4@group-2111AD0A3761: ConfigurationManager, init=-1: [2b4e70ee-eebc-4c64-9ba5-1bae8adbf1c4|rpc:127.0.0.1:33429|priority:1], old=null, confs=<EMPTY_MAP>
2022-08-20 13:51:09,338 [pool-240-thread-1] INFO  server.RaftServerConfigKeys (ConfUtils.java:logGet(46)) - raft.server.storage.dir = [/home/runner/work/ozone/ozone/hadoop-ozone/integration-test/target/test-dir/MiniOzoneClusterImpl-1d33bde5-c0a1-446c-b0a2-a2cb2457c7cc/datanode-2/data/ratis] (custom)
2022-08-20 13:51:09,339 [pool-240-thread-1] INFO  server.RaftServerConfigKeys (ConfUtils.java:logGet(46)) - raft.server.log.corruption.policy = EXCEPTION (default)
2022-08-20 13:51:09,339 [pool-240-thread-1] INFO  server.RaftServerConfigKeys (ConfUtils.java:logGet(46)) - raft.server.storage.free-space.min = 0MB (=0) (default)
2022-08-20 13:51:09,339 [pool-240-thread-1] INFO  storage.RaftStorageDirectory (RaftStorageDirectoryImpl.java:analyzeStorage(135)) - The storage directory /home/runner/work/ozone/ozone/hadoop-ozone/integration-test/target/test-dir/MiniOzoneClusterImpl-1d33bde5-c0a1-446c-b0a2-a2cb2457c7cc/datanode-2/data/ratis/f8203cdf-f946-43bc-a203-2111ad0a3761 does not exist. Creating ...
2022-08-20 13:51:09,340 [pool-240-thread-1] INFO  storage.RaftStorageDirectory (RaftStorageDirectoryImpl.java:tryLock(230)) - Lock on /home/runner/work/ozone/ozone/hadoop-ozone/integration-test/target/test-dir/MiniOzoneClusterImpl-1d33bde5-c0a1-446c-b0a2-a2cb2457c7cc/datanode-2/data/ratis/f8203cdf-f946-43bc-a203-2111ad0a3761/in_use.lock acquired by nodename 20888@fv-az54-959
2022-08-20 13:51:09,341 [pool-240-thread-1] INFO  storage.RaftStorage (RaftStorageImpl.java:format(89)) - Storage directory /home/runner/work/ozone/ozone/hadoop-ozone/integration-test/target/test-dir/MiniOzoneClusterImpl-1d33bde5-c0a1-446c-b0a2-a2cb2457c7cc/datanode-2/data/ratis/f8203cdf-f946-43bc-a203-2111ad0a3761 has been successfully formatted.
2022-08-20 13:51:09,341 [pool-240-thread-1] INFO  ratis.ContainerStateMachine (ContainerStateMachine.java:loadSnapshot(236)) - group-2111AD0A3761: The snapshot info is null. Setting the last applied indexto:(t:0, i:~)
2022-08-20 13:51:09,341 [pool-240-thread-1] INFO  server.RaftServerConfigKeys (ConfUtils.java:logGet(46)) - raft.server.notification.no-leader.timeout = 300s (custom)
2022-08-20 13:51:09,341 [pool-240-thread-1] INFO  server.RaftServerConfigKeys (ConfUtils.java:logGet(46)) - raft.server.log.use.memory = false (default)
2022-08-20 13:51:09,341 [pool-240-thread-1] INFO  server.RaftServerConfigKeys (ConfUtils.java:logGet(46)) - raft.server.log.purge.gap = 1000000 (custom)
2022-08-20 13:51:09,342 [pool-240-thread-1] INFO  server.RaftServerConfigKeys (ConfUtils.java:logGet(46)) - raft.server.log.appender.buffer.byte-limit = 33554432 (custom)
2022-08-20 13:51:09,342 [pool-240-thread-1] INFO  server.RaftServerConfigKeys (ConfUtils.java:logGet(46)) - raft.server.log.statemachine.data.read.timeout = 1000ms (default)
2022-08-20 13:51:09,342 [pool-240-thread-1] INFO  server.RaftServerConfigKeys (ConfUtils.java:logGet(46)) - raft.server.log.segment.size.max = 1048576 (custom)
2022-08-20 13:51:09,342 [pool-240-thread-1] INFO  server.RaftServerConfigKeys (ConfUtils.java:logGet(46)) - raft.server.log.segment.cache.num.max = 2 (custom)
2022-08-20 13:51:09,342 [pool-240-thread-1] INFO  server.RaftServerConfigKeys (ConfUtils.java:logGet(46)) - raft.server.log.segment.cache.size.max = 200MB (=209715200) (default)
2022-08-20 13:51:09,343 [pool-240-thread-1] INFO  segmented.SegmentedRaftLogWorker (SegmentedRaftLogWorker.java:<init>(187)) - new 2b4e70ee-eebc-4c64-9ba5-1bae8adbf1c4@group-2111AD0A3761-SegmentedRaftLogWorker for RaftStorageImpl:Storage Directory /home/runner/work/ozone/ozone/hadoop-ozone/integration-test/target/test-dir/MiniOzoneClusterImpl-1d33bde5-c0a1-446c-b0a2-a2cb2457c7cc/datanode-2/data/ratis/f8203cdf-f946-43bc-a203-2111ad0a3761
2022-08-20 13:51:09,343 [pool-240-thread-1] INFO  server.RaftServerConfigKeys (ConfUtils.java:logGet(46)) - raft.server.log.queue.byte-limit = 4294967296 (custom)
2022-08-20 13:51:09,343 [pool-240-thread-1] INFO  server.RaftServerConfigKeys (ConfUtils.java:logGet(46)) - raft.server.log.queue.element-limit = 1024 (custom)
2022-08-20 13:51:09,343 [pool-240-thread-1] INFO  server.RaftServerConfigKeys (ConfUtils.java:logGet(46)) - raft.server.log.segment.size.max = 1048576 (custom)
2022-08-20 13:51:09,343 [pool-240-thread-1] INFO  server.RaftServerConfigKeys (ConfUtils.java:logGet(46)) - raft.server.log.preallocated.size = 16384 (custom)
2022-08-20 13:51:09,343 [pool-240-thread-1] INFO  server.RaftServerConfigKeys (ConfUtils.java:logGet(46)) - raft.server.log.force.sync.num = 128 (default)
2022-08-20 13:51:09,343 [pool-240-thread-1] INFO  server.RaftServerConfigKeys (ConfUtils.java:logGet(46)) - raft.server.log.statemachine.data.sync = true (default)
2022-08-20 13:51:09,343 [pool-240-thread-1] INFO  server.RaftServerConfigKeys (ConfUtils.java:logGet(46)) - raft.server.log.statemachine.data.sync.timeout = 10s (default)
2022-08-20 13:51:09,343 [pool-240-thread-1] INFO  server.RaftServerConfigKeys (ConfUtils.java:logGet(46)) - raft.server.log.statemachine.data.sync.timeout.retry = -1 (default)
2022-08-20 13:51:09,344 [EventQueue-PipelineReportForPipelineReportHandler] INFO  pipeline.PipelineManagerImpl (PipelineManagerImpl.java:openPipeline(367)) - Pipeline Pipeline[ Id: f8203cdf-f946-43bc-a203-2111ad0a3761, Nodes: 2b4e70ee-eebc-4c64-9ba5-1bae8adbf1c4{ip: 127.0.0.1, host: localhost, ports: [REPLICATION=41605, RATIS=33429, RATIS_ADMIN=33429, RATIS_SERVER=33429, STANDALONE=36013], networkLocation: /default-rack, certSerialId: null, persistedOpState: IN_SERVICE, persistedOpStateExpiryEpochSec: 0}, ReplicationConfig: RATIS/ONE, State:ALLOCATED, leaderId:2b4e70ee-eebc-4c64-9ba5-1bae8adbf1c4, CreationTimestamp2022-08-20T13:51:06.347Z[Etc/UTC]] moved to OPEN state
2022-08-20 13:51:09,345 [EventQueue-PipelineReportForPipelineReportHandler] INFO  pipeline.PipelineManagerImpl (PipelineManagerImpl.java:openPipeline(367)) - Pipeline Pipeline[ Id: f8203cdf-f946-43bc-a203-2111ad0a3761, Nodes: 2b4e70ee-eebc-4c64-9ba5-1bae8adbf1c4{ip: 127.0.0.1, host: localhost, ports: [REPLICATION=41605, RATIS=33429, RATIS_ADMIN=33429, RATIS_SERVER=33429, STANDALONE=36013], networkLocation: /default-rack, certSerialId: null, persistedOpState: IN_SERVICE, persistedOpStateExpiryEpochSec: 0}, ReplicationConfig: RATIS/ONE, State:ALLOCATED, leaderId:2b4e70ee-eebc-4c64-9ba5-1bae8adbf1c4, CreationTimestamp2022-08-20T13:51:06.347Z[Etc/UTC]] moved to OPEN state
2022-08-20 13:51:09,345 [pool-240-thread-1] INFO  server.RaftServerConfigKeys (ConfUtils.java:logGet(46)) - raft.server.log.write.buffer.size = 1048576 (custom)
2022-08-20 13:51:09,346 [pool-240-thread-1] INFO  server.RaftServerConfigKeys (ConfUtils.java:logGet(46)) - raft.server.log.unsafe-flush.enabled = false (default)
2022-08-20 13:51:09,346 [pool-240-thread-1] INFO  server.RaftServerConfigKeys (ConfUtils.java:logGet(46)) - raft.server.log.statemachine.data.caching.enabled = true (custom)
2022-08-20 13:51:09,346 [pool-240-thread-1] INFO  segmented.SegmentedRaftLogWorker (SegmentedRaftLogWorker.java:lambda$new$0(135)) - 2b4e70ee-eebc-4c64-9ba5-1bae8adbf1c4@group-2111AD0A3761-SegmentedRaftLogWorker: flushIndex: setUnconditionally 0 -> -1
2022-08-20 13:51:09,346 [pool-240-thread-1] INFO  segmented.SegmentedRaftLogWorker (SegmentedRaftLogWorker.java:lambda$new$0(135)) - 2b4e70ee-eebc-4c64-9ba5-1bae8adbf1c4@group-2111AD0A3761-SegmentedRaftLogWorker: safeCacheEvictIndex: setUnconditionally 0 -> -1
2022-08-20 13:51:09,347 [EventQueue-PipelineReportForPipelineReportHandler] INFO  pipeline.PipelineManagerImpl (PipelineManagerImpl.java:openPipeline(367)) - Pipeline Pipeline[ Id: f8203cdf-f946-43bc-a203-2111ad0a3761, Nodes: 2b4e70ee-eebc-4c64-9ba5-1bae8adbf1c4{ip: 127.0.0.1, host: localhost, ports: [REPLICATION=41605, RATIS=33429, RATIS_ADMIN=33429, RATIS_SERVER=33429, STANDALONE=36013], networkLocation: /default-rack, certSerialId: null, persistedOpState: IN_SERVICE, persistedOpStateExpiryEpochSec: 0}, ReplicationConfig: RATIS/ONE, State:ALLOCATED, leaderId:2b4e70ee-eebc-4c64-9ba5-1bae8adbf1c4, CreationTimestamp2022-08-20T13:51:06.347Z[Etc/UTC]] moved to OPEN state
2022-08-20 13:51:09,349 [pool-240-thread-1] INFO  server.RaftServerConfigKeys (ConfUtils.java:logGet(46)) - raft.server.snapshot.auto.trigger.enabled = true (custom)
2022-08-20 13:51:09,349 [pool-240-thread-1] INFO  server.RaftServerConfigKeys (ConfUtils.java:logGet(46)) - raft.server.snapshot.auto.trigger.threshold = 10000 (custom)
2022-08-20 13:51:09,349 [pool-240-thread-1] INFO  server.RaftServerConfigKeys (ConfUtils.java:logGet(46)) - raft.server.snapshot.retention.file.num = 5 (custom)
2022-08-20 13:51:09,349 [pool-240-thread-1] INFO  server.RaftServerConfigKeys (ConfUtils.java:logGet(46)) - raft.server.log.purge.upto.snapshot.index = false (default)
2022-08-20 13:51:09,351 [d94a9406-f498-4882-9ec6-2683d96ac94a@group-A2CB2457C7CC-StateMachineUpdater] INFO  safemode.HealthyPipelineSafeModeRule (HealthyPipelineSafeModeRule.java:initializeRule(165)) - Refreshed total pipeline count is 0, healthy pipeline threshold count is 1
2022-08-20 13:51:09,352 [EventQueue-OpenPipelineForHealthyPipelineSafeModeRule] INFO  safemode.SCMSafeModeManager (HealthyPipelineSafeModeRule.java:process(137)) - SCM in safe mode. Healthy pipelines reported count is 0, required healthy pipeline reported count is 1
2022-08-20 13:51:09,352 [pool-240-thread-1] INFO  server.RaftServerConfigKeys (ConfUtils.java:logGet(46)) - raft.server.retrycache.expirytime = 600000ms (custom)
2022-08-20 13:51:09,352 [pool-240-thread-1] INFO  server.RaftServerConfigKeys (ConfUtils.java:logGet(46)) - raft.server.retrycache.statistics.expirytime = 100μs (default)
2022-08-20 13:51:09,354 [pool-240-thread-1] INFO  server.RaftServerConfigKeys (ConfUtils.java:logGet(46)) - raft.server.log.appender.install.snapshot.enabled = false (custom)
2022-08-20 13:51:09,354 [pool-240-thread-1] INFO  server.RaftServerConfigKeys (ConfUtils.java:logGet(46)) - raft.server.threadpool.server.cached = true (default)
2022-08-20 13:51:09,354 [pool-240-thread-1] INFO  server.RaftServerConfigKeys (ConfUtils.java:logGet(46)) - raft.server.threadpool.server.size = 0 (default)
2022-08-20 13:51:09,354 [pool-240-thread-1] INFO  server.RaftServerConfigKeys (ConfUtils.java:logGet(46)) - raft.server.threadpool.client.cached = true (default)
2022-08-20 13:51:09,354 [pool-240-thread-1] INFO  server.RaftServerConfigKeys (ConfUtils.java:logGet(46)) - raft.server.threadpool.client.size = 0 (default)
2022-08-20 13:51:09,354 [pool-240-thread-1] INFO  server.RaftServer$Division (RaftServerImpl.java:start(310)) - 2b4e70ee-eebc-4c64-9ba5-1bae8adbf1c4@group-2111AD0A3761: start as a follower, conf=-1: [2b4e70ee-eebc-4c64-9ba5-1bae8adbf1c4|rpc:127.0.0.1:33429|priority:1], old=null
2022-08-20 13:51:09,354 [pool-240-thread-1] INFO  server.RaftServer$Division (RaftServerImpl.java:setRole(299)) - 2b4e70ee-eebc-4c64-9ba5-1bae8adbf1c4@group-2111AD0A3761: changes role from      null to FOLLOWER at term 0 for startAsFollower
2022-08-20 13:51:09,354 [0dda5a98-1e81-403d-bcb4-170ef3797067@group-A2CB2457C7CC-StateMachineUpdater] INFO  safemode.HealthyPipelineSafeModeRule (HealthyPipelineSafeModeRule.java:initializeRule(165)) - Refreshed total pipeline count is 0, healthy pipeline threshold count is 1
2022-08-20 13:51:09,355 [pool-240-thread-1] INFO  impl.RoleInfo (RoleInfo.java:updateAndGet(139)) - 2b4e70ee-eebc-4c64-9ba5-1bae8adbf1c4: start 2b4e70ee-eebc-4c64-9ba5-1bae8adbf1c4@group-2111AD0A3761-FollowerState
2022-08-20 13:51:09,356 [d38852ba-a21f-4434-98b8-bd8171207a1b@group-A2CB2457C7CC-StateMachineUpdater] INFO  safemode.HealthyPipelineSafeModeRule (HealthyPipelineSafeModeRule.java:initializeRule(165)) - Refreshed total pipeline count is 0, healthy pipeline threshold count is 1
2022-08-20 13:51:09,358 [pool-240-thread-1] INFO  util.JmxRegister (JmxRegister.java:tryRegister(44)) - Successfully registered JMX Bean with object name Ratis:service=RaftServer,group=group-2111AD0A3761,id=2b4e70ee-eebc-4c64-9ba5-1bae8adbf1c4
2022-08-20 13:51:09,359 [Command processor thread] INFO  ratis.XceiverServerRatis (XceiverServerRatis.java:addGroup(765)) - Created group PipelineID=f8203cdf-f946-43bc-a203-2111ad0a3761
2022-08-20 13:51:09,359 [Command processor thread] INFO  commandhandler.CreatePipelineCommandHandler (CreatePipelineCommandHandler.java:handle(113)) - Created Pipeline RATIS ONE PipelineID=f8203cdf-f946-43bc-a203-2111ad0a3761.
2022-08-20 13:51:10,323 [Listener at 127.0.0.1/34995] INFO  ozone.MiniOzoneClusterImpl (MiniOzoneClusterImpl.java:lambda$waitForClusterToBeReady$0(216)) - Nodes are ready. Got 3 of 3 DN Heartbeats.
2022-08-20 13:51:10,324 [Listener at 127.0.0.1/34995] INFO  ozone.MiniOzoneClusterImpl (MiniOzoneClusterImpl.java:lambda$waitForClusterToBeReady$0(219)) - Waiting for cluster to exit safe mode
2022-08-20 13:51:10,324 [Listener at 127.0.0.1/34995] INFO  ozone.MiniOzoneClusterImpl (MiniOzoneClusterImpl.java:lambda$waitForClusterToBeReady$0(221)) - SCM became leader
2022-08-20 13:51:11,324 [Listener at 127.0.0.1/34995] INFO  ozone.MiniOzoneClusterImpl (MiniOzoneClusterImpl.java:lambda$waitForClusterToBeReady$0(216)) - Nodes are ready. Got 3 of 3 DN Heartbeats.
2022-08-20 13:51:11,324 [Listener at 127.0.0.1/34995] INFO  ozone.MiniOzoneClusterImpl (MiniOzoneClusterImpl.java:lambda$waitForClusterToBeReady$0(219)) - Waiting for cluster to exit safe mode
2022-08-20 13:51:11,324 [Listener at 127.0.0.1/34995] INFO  ozone.MiniOzoneClusterImpl (MiniOzoneClusterImpl.java:lambda$waitForClusterToBeReady$0(221)) - SCM became leader
2022-08-20 13:51:12,325 [Listener at 127.0.0.1/34995] INFO  ozone.MiniOzoneClusterImpl (MiniOzoneClusterImpl.java:lambda$waitForClusterToBeReady$0(216)) - Nodes are ready. Got 3 of 3 DN Heartbeats.
2022-08-20 13:51:12,325 [Listener at 127.0.0.1/34995] INFO  ozone.MiniOzoneClusterImpl (MiniOzoneClusterImpl.java:lambda$waitForClusterToBeReady$0(219)) - Waiting for cluster to exit safe mode
2022-08-20 13:51:12,325 [Listener at 127.0.0.1/34995] INFO  ozone.MiniOzoneClusterImpl (MiniOzoneClusterImpl.java:lambda$waitForClusterToBeReady$0(221)) - SCM became leader
2022-08-20 13:51:13,325 [Listener at 127.0.0.1/34995] INFO  ozone.MiniOzoneClusterImpl (MiniOzoneClusterImpl.java:lambda$waitForClusterToBeReady$0(216)) - Nodes are ready. Got 3 of 3 DN Heartbeats.
2022-08-20 13:51:13,325 [Listener at 127.0.0.1/34995] INFO  ozone.MiniOzoneClusterImpl (MiniOzoneClusterImpl.java:lambda$waitForClusterToBeReady$0(219)) - Waiting for cluster to exit safe mode
2022-08-20 13:51:13,325 [Listener at 127.0.0.1/34995] INFO  ozone.MiniOzoneClusterImpl (MiniOzoneClusterImpl.java:lambda$waitForClusterToBeReady$0(221)) - SCM became leader
2022-08-20 13:51:13,637 [a11b2509-56e9-4ce5-bf37-e5470aba7c9f@group-F1D041E5A64A-FollowerState] INFO  impl.FollowerState (FollowerState.java:run(143)) - a11b2509-56e9-4ce5-bf37-e5470aba7c9f@group-F1D041E5A64A-FollowerState: change to CANDIDATE, lastRpcElapsedTime:5019816164ns, electionTimeout:5018ms
2022-08-20 13:51:13,637 [a11b2509-56e9-4ce5-bf37-e5470aba7c9f@group-F1D041E5A64A-FollowerState] INFO  impl.RoleInfo (RoleInfo.java:shutdownFollowerState(110)) - a11b2509-56e9-4ce5-bf37-e5470aba7c9f: shutdown a11b2509-56e9-4ce5-bf37-e5470aba7c9f@group-F1D041E5A64A-FollowerState
2022-08-20 13:51:13,637 [a11b2509-56e9-4ce5-bf37-e5470aba7c9f@group-F1D041E5A64A-FollowerState] INFO  server.RaftServer$Division (RaftServerImpl.java:setRole(299)) - a11b2509-56e9-4ce5-bf37-e5470aba7c9f@group-F1D041E5A64A: changes role from  FOLLOWER to CANDIDATE at term 0 for changeToCandidate
2022-08-20 13:51:13,637 [a11b2509-56e9-4ce5-bf37-e5470aba7c9f@group-F1D041E5A64A-FollowerState] INFO  server.RaftServerConfigKeys (ConfUtils.java:logGet(46)) - raft.server.leaderelection.pre-vote = false (custom)
2022-08-20 13:51:13,637 [a11b2509-56e9-4ce5-bf37-e5470aba7c9f@group-F1D041E5A64A-FollowerState] INFO  impl.RoleInfo (RoleInfo.java:updateAndGet(139)) - a11b2509-56e9-4ce5-bf37-e5470aba7c9f: start a11b2509-56e9-4ce5-bf37-e5470aba7c9f@group-F1D041E5A64A-LeaderElection7
2022-08-20 13:51:13,643 [a11b2509-56e9-4ce5-bf37-e5470aba7c9f@group-F1D041E5A64A-LeaderElection7] INFO  impl.LeaderElection (LeaderElection.java:askForVotes(310)) - a11b2509-56e9-4ce5-bf37-e5470aba7c9f@group-F1D041E5A64A-LeaderElection7 ELECTION round 0: submit vote requests at term 1 for -1: [a11b2509-56e9-4ce5-bf37-e5470aba7c9f|rpc:127.0.0.1:46047|priority:1], old=null
2022-08-20 13:51:13,643 [a11b2509-56e9-4ce5-bf37-e5470aba7c9f@group-F1D041E5A64A-LeaderElection7] INFO  impl.LeaderElection (LeaderElection.java:askForVotes(312)) - a11b2509-56e9-4ce5-bf37-e5470aba7c9f@group-F1D041E5A64A-LeaderElection7 ELECTION round 0: result PASSED (term=1)
2022-08-20 13:51:13,643 [a11b2509-56e9-4ce5-bf37-e5470aba7c9f@group-F1D041E5A64A-LeaderElection7] INFO  impl.RoleInfo (RoleInfo.java:shutdownLeaderElection(130)) - a11b2509-56e9-4ce5-bf37-e5470aba7c9f: shutdown a11b2509-56e9-4ce5-bf37-e5470aba7c9f@group-F1D041E5A64A-LeaderElection7
2022-08-20 13:51:13,643 [a11b2509-56e9-4ce5-bf37-e5470aba7c9f@group-F1D041E5A64A-LeaderElection7] INFO  server.RaftServer$Division (RaftServerImpl.java:setRole(299)) - a11b2509-56e9-4ce5-bf37-e5470aba7c9f@group-F1D041E5A64A: changes role from CANDIDATE to LEADER at term 1 for changeToLeader
2022-08-20 13:51:13,643 [a11b2509-56e9-4ce5-bf37-e5470aba7c9f@group-F1D041E5A64A-LeaderElection7] INFO  ratis.XceiverServerRatis (XceiverServerRatis.java:handleLeaderChangedNotification(863)) - Leader change notification received for group: group-F1D041E5A64A with new leaderId: a11b2509-56e9-4ce5-bf37-e5470aba7c9f
2022-08-20 13:51:13,644 [a11b2509-56e9-4ce5-bf37-e5470aba7c9f@group-F1D041E5A64A-LeaderElection7] INFO  server.RaftServer$Division (ServerState.java:setLeader(287)) - a11b2509-56e9-4ce5-bf37-e5470aba7c9f@group-F1D041E5A64A: change Leader from null to a11b2509-56e9-4ce5-bf37-e5470aba7c9f at term 1 for becomeLeader, leader elected after 5031ms
2022-08-20 13:51:13,644 [a11b2509-56e9-4ce5-bf37-e5470aba7c9f@group-F1D041E5A64A-LeaderElection7] INFO  server.RaftServerConfigKeys (ConfUtils.java:logGet(46)) - raft.server.staging.catchup.gap = 1000 (default)
2022-08-20 13:51:13,646 [EventQueue-OpenPipelineForHealthyPipelineSafeModeRule] INFO  safemode.SCMSafeModeManager (HealthyPipelineSafeModeRule.java:process(137)) - SCM in safe mode. Healthy pipelines reported count is 0, required healthy pipeline reported count is 1
2022-08-20 13:51:13,646 [EventQueue-OpenPipelineForHealthyPipelineSafeModeRule] INFO  safemode.SCMSafeModeManager (HealthyPipelineSafeModeRule.java:process(137)) - SCM in safe mode. Healthy pipelines reported count is 0, required healthy pipeline reported count is 1
2022-08-20 13:51:13,646 [EventQueue-OpenPipelineForHealthyPipelineSafeModeRule] INFO  safemode.SCMSafeModeManager (HealthyPipelineSafeModeRule.java:process(137)) - SCM in safe mode. Healthy pipelines reported count is 0, required healthy pipeline reported count is 1
2022-08-20 13:51:13,647 [a11b2509-56e9-4ce5-bf37-e5470aba7c9f@group-F1D041E5A64A-LeaderElection7] INFO  server.RaftServerConfigKeys (ConfUtils.java:logGet(46)) - raft.server.write.element-limit = 1024 (custom)
2022-08-20 13:51:13,647 [a11b2509-56e9-4ce5-bf37-e5470aba7c9f@group-F1D041E5A64A-LeaderElection7] INFO  server.RaftServerConfigKeys (ConfUtils.java:logGet(46)) - raft.server.write.byte-limit = 1024 M (=1073741824) (custom)
2022-08-20 13:51:13,647 [a11b2509-56e9-4ce5-bf37-e5470aba7c9f@group-F1D041E5A64A-LeaderElection7] INFO  server.RaftServerConfigKeys (ConfUtils.java:logGet(46)) - raft.server.watch.timeout = 180s (custom)
2022-08-20 13:51:13,647 [a11b2509-56e9-4ce5-bf37-e5470aba7c9f@group-F1D041E5A64A-LeaderElection7] INFO  server.RaftServerConfigKeys (ConfUtils.java:logGet(46)) - raft.server.watch.timeout.denomination = 1s (default)
2022-08-20 13:51:13,647 [a11b2509-56e9-4ce5-bf37-e5470aba7c9f@group-F1D041E5A64A-LeaderElection7] INFO  server.RaftServerConfigKeys (ConfUtils.java:logGet(46)) - raft.server.watch.element-limit = 65536 (default)
2022-08-20 13:51:13,647 [a11b2509-56e9-4ce5-bf37-e5470aba7c9f@group-F1D041E5A64A-LeaderElection7] INFO  server.RaftServerConfigKeys (ConfUtils.java:logGet(46)) - raft.server.write.element-limit = 1024 (custom)
2022-08-20 13:51:13,647 [a11b2509-56e9-4ce5-bf37-e5470aba7c9f@group-F1D041E5A64A-LeaderElection7] INFO  server.RaftServerConfigKeys (ConfUtils.java:logGet(46)) - raft.server.write.follower.gap.ratio.max = -1.0 (default)
2022-08-20 13:51:13,647 [a11b2509-56e9-4ce5-bf37-e5470aba7c9f@group-F1D041E5A64A-LeaderElection7] INFO  impl.RoleInfo (RoleInfo.java:updateAndGet(139)) - a11b2509-56e9-4ce5-bf37-e5470aba7c9f: start a11b2509-56e9-4ce5-bf37-e5470aba7c9f@group-F1D041E5A64A-LeaderStateImpl
2022-08-20 13:51:13,648 [a11b2509-56e9-4ce5-bf37-e5470aba7c9f@group-F1D041E5A64A-LeaderElection7] INFO  segmented.SegmentedRaftLogWorker (SegmentedRaftLogWorker.java:startLogSegment(425)) - a11b2509-56e9-4ce5-bf37-e5470aba7c9f@group-F1D041E5A64A-SegmentedRaftLogWorker: Starting segment from index:0
2022-08-20 13:51:13,653 [a11b2509-56e9-4ce5-bf37-e5470aba7c9f@group-F1D041E5A64A-LeaderElection7] INFO  server.RaftServer$Division (ServerState.java:setRaftConf(393)) - a11b2509-56e9-4ce5-bf37-e5470aba7c9f@group-F1D041E5A64A: set configuration 0: [a11b2509-56e9-4ce5-bf37-e5470aba7c9f|rpc:127.0.0.1:46047|dataStream:|priority:1], old=null
2022-08-20 13:51:13,653 [a11b2509-56e9-4ce5-bf37-e5470aba7c9f@group-F1D041E5A64A-SegmentedRaftLogWorker] INFO  segmented.SegmentedRaftLogWorker (SegmentedRaftLogWorker.java:execute(629)) - a11b2509-56e9-4ce5-bf37-e5470aba7c9f@group-F1D041E5A64A-SegmentedRaftLogWorker: created new log segment /home/runner/work/ozone/ozone/hadoop-ozone/integration-test/target/test-dir/MiniOzoneClusterImpl-1d33bde5-c0a1-446c-b0a2-a2cb2457c7cc/datanode-0/data/ratis/f0a40090-449a-41d4-81a7-f1d041e5a64a/current/log_inprogress_0
2022-08-20 13:51:13,722 [a11b2509-56e9-4ce5-bf37-e5470aba7c9f@group-4198E36B776C-FollowerState] INFO  impl.FollowerState (FollowerState.java:run(143)) - a11b2509-56e9-4ce5-bf37-e5470aba7c9f@group-4198E36B776C-FollowerState: change to CANDIDATE, lastRpcElapsedTime:5023137010ns, electionTimeout:5022ms
2022-08-20 13:51:13,722 [a11b2509-56e9-4ce5-bf37-e5470aba7c9f@group-4198E36B776C-FollowerState] INFO  impl.RoleInfo (RoleInfo.java:shutdownFollowerState(110)) - a11b2509-56e9-4ce5-bf37-e5470aba7c9f: shutdown a11b2509-56e9-4ce5-bf37-e5470aba7c9f@group-4198E36B776C-FollowerState
2022-08-20 13:51:13,723 [a11b2509-56e9-4ce5-bf37-e5470aba7c9f@group-4198E36B776C-FollowerState] INFO  server.RaftServer$Division (RaftServerImpl.java:setRole(299)) - a11b2509-56e9-4ce5-bf37-e5470aba7c9f@group-4198E36B776C: changes role from  FOLLOWER to CANDIDATE at term 0 for changeToCandidate
2022-08-20 13:51:13,723 [a11b2509-56e9-4ce5-bf37-e5470aba7c9f@group-4198E36B776C-FollowerState] INFO  server.RaftServerConfigKeys (ConfUtils.java:logGet(46)) - raft.server.leaderelection.pre-vote = false (custom)
2022-08-20 13:51:13,723 [a11b2509-56e9-4ce5-bf37-e5470aba7c9f@group-4198E36B776C-FollowerState] INFO  impl.RoleInfo (RoleInfo.java:updateAndGet(139)) - a11b2509-56e9-4ce5-bf37-e5470aba7c9f: start a11b2509-56e9-4ce5-bf37-e5470aba7c9f@group-4198E36B776C-LeaderElection8
2022-08-20 13:51:13,727 [a11b2509-56e9-4ce5-bf37-e5470aba7c9f@group-4198E36B776C-LeaderElection8] INFO  impl.LeaderElection (LeaderElection.java:askForVotes(310)) - a11b2509-56e9-4ce5-bf37-e5470aba7c9f@group-4198E36B776C-LeaderElection8 ELECTION round 0: submit vote requests at term 1 for -1: [a11b2509-56e9-4ce5-bf37-e5470aba7c9f|rpc:127.0.0.1:46047|priority:0, 3b5fe929-2681-4434-877b-86f4f8bf3428|rpc:127.0.0.1:45943|priority:1, 2b4e70ee-eebc-4c64-9ba5-1bae8adbf1c4|rpc:127.0.0.1:33429|priority:0], old=null
2022-08-20 13:51:13,740 [grpc-default-executor-3] INFO  server.RaftServer$Division (RaftServerImpl.java:requestVote(1152)) - 3b5fe929-2681-4434-877b-86f4f8bf3428@group-4198E36B776C: receive requestVote(ELECTION, a11b2509-56e9-4ce5-bf37-e5470aba7c9f, group-4198E36B776C, 1, (t:0, i:0))
2022-08-20 13:51:13,740 [grpc-default-executor-3] INFO  impl.VoteContext (VoteContext.java:log(48)) - 3b5fe929-2681-4434-877b-86f4f8bf3428@group-4198E36B776C-FOLLOWER: reject ELECTION from a11b2509-56e9-4ce5-bf37-e5470aba7c9f: our priority 1 > candidate's priority 0
2022-08-20 13:51:13,740 [grpc-default-executor-3] INFO  server.RaftServer$Division (RaftServerImpl.java:setRole(299)) - 3b5fe929-2681-4434-877b-86f4f8bf3428@group-4198E36B776C: changes role from  FOLLOWER to FOLLOWER at term 1 for candidate:a11b2509-56e9-4ce5-bf37-e5470aba7c9f
2022-08-20 13:51:13,740 [grpc-default-executor-3] INFO  impl.RoleInfo (RoleInfo.java:shutdownFollowerState(110)) - 3b5fe929-2681-4434-877b-86f4f8bf3428: shutdown 3b5fe929-2681-4434-877b-86f4f8bf3428@group-4198E36B776C-FollowerState
2022-08-20 13:51:13,741 [3b5fe929-2681-4434-877b-86f4f8bf3428@group-4198E36B776C-FollowerState] INFO  impl.FollowerState (FollowerState.java:run(152)) - 3b5fe929-2681-4434-877b-86f4f8bf3428@group-4198E36B776C-FollowerState was interrupted
2022-08-20 13:51:13,741 [grpc-default-executor-3] INFO  impl.RoleInfo (RoleInfo.java:updateAndGet(139)) - 3b5fe929-2681-4434-877b-86f4f8bf3428: start 3b5fe929-2681-4434-877b-86f4f8bf3428@group-4198E36B776C-FollowerState
2022-08-20 13:51:13,742 [grpc-default-executor-4] INFO  server.RaftServer$Division (RaftServerImpl.java:requestVote(1152)) - 2b4e70ee-eebc-4c64-9ba5-1bae8adbf1c4@group-4198E36B776C: receive requestVote(ELECTION, a11b2509-56e9-4ce5-bf37-e5470aba7c9f, group-4198E36B776C, 1, (t:0, i:0))
2022-08-20 13:51:13,742 [grpc-default-executor-4] INFO  impl.VoteContext (VoteContext.java:log(48)) - 2b4e70ee-eebc-4c64-9ba5-1bae8adbf1c4@group-4198E36B776C-FOLLOWER: accept ELECTION from a11b2509-56e9-4ce5-bf37-e5470aba7c9f: our priority 0 <= candidate's priority 0
2022-08-20 13:51:13,742 [grpc-default-executor-4] INFO  server.RaftServer$Division (RaftServerImpl.java:setRole(299)) - 2b4e70ee-eebc-4c64-9ba5-1bae8adbf1c4@group-4198E36B776C: changes role from  FOLLOWER to FOLLOWER at term 1 for candidate:a11b2509-56e9-4ce5-bf37-e5470aba7c9f
2022-08-20 13:51:13,742 [grpc-default-executor-4] INFO  impl.RoleInfo (RoleInfo.java:shutdownFollowerState(110)) - 2b4e70ee-eebc-4c64-9ba5-1bae8adbf1c4: shutdown 2b4e70ee-eebc-4c64-9ba5-1bae8adbf1c4@group-4198E36B776C-FollowerState
2022-08-20 13:51:13,743 [grpc-default-executor-4] INFO  impl.RoleInfo (RoleInfo.java:updateAndGet(139)) - 2b4e70ee-eebc-4c64-9ba5-1bae8adbf1c4: start 2b4e70ee-eebc-4c64-9ba5-1bae8adbf1c4@group-4198E36B776C-FollowerState
2022-08-20 13:51:13,743 [2b4e70ee-eebc-4c64-9ba5-1bae8adbf1c4@group-4198E36B776C-FollowerState] INFO  impl.FollowerState (FollowerState.java:run(152)) - 2b4e70ee-eebc-4c64-9ba5-1bae8adbf1c4@group-4198E36B776C-FollowerState was interrupted
2022-08-20 13:51:13,744 [grpc-default-executor-3] INFO  server.RaftServer$Division (RaftServerImpl.java:requestVote(1184)) - 3b5fe929-2681-4434-877b-86f4f8bf3428@group-4198E36B776C replies to ELECTION vote request: a11b2509-56e9-4ce5-bf37-e5470aba7c9f<-3b5fe929-2681-4434-877b-86f4f8bf3428#0:FAIL-t1. Peer's state: 3b5fe929-2681-4434-877b-86f4f8bf3428@group-4198E36B776C:t1, leader=null, voted=null, raftlog=3b5fe929-2681-4434-877b-86f4f8bf3428@group-4198E36B776C-SegmentedRaftLog:OPENED:c-1, conf=-1: [a11b2509-56e9-4ce5-bf37-e5470aba7c9f|rpc:127.0.0.1:46047|dataStream:|priority:0, 3b5fe929-2681-4434-877b-86f4f8bf3428|rpc:127.0.0.1:45943|dataStream:|priority:1, 2b4e70ee-eebc-4c64-9ba5-1bae8adbf1c4|rpc:127.0.0.1:33429|dataStream:|priority:0], old=null
2022-08-20 13:51:13,746 [a11b2509-56e9-4ce5-bf37-e5470aba7c9f@group-4198E36B776C-LeaderElection8] INFO  impl.LeaderElection (LeaderElection.java:logAndReturn(90)) - a11b2509-56e9-4ce5-bf37-e5470aba7c9f@group-4198E36B776C-LeaderElection8: ELECTION REJECTED received 1 response(s) and 0 exception(s):
2022-08-20 13:51:13,746 [a11b2509-56e9-4ce5-bf37-e5470aba7c9f@group-4198E36B776C-LeaderElection8] INFO  impl.LeaderElection (LeaderElection.java:logAndReturn(94)) -   Response 0: a11b2509-56e9-4ce5-bf37-e5470aba7c9f<-3b5fe929-2681-4434-877b-86f4f8bf3428#0:FAIL-t1
2022-08-20 13:51:13,746 [a11b2509-56e9-4ce5-bf37-e5470aba7c9f@group-4198E36B776C-LeaderElection8] INFO  impl.LeaderElection (LeaderElection.java:askForVotes(312)) - a11b2509-56e9-4ce5-bf37-e5470aba7c9f@group-4198E36B776C-LeaderElection8 ELECTION round 0: result REJECTED
2022-08-20 13:51:13,746 [a11b2509-56e9-4ce5-bf37-e5470aba7c9f@group-4198E36B776C-LeaderElection8] INFO  server.RaftServer$Division (RaftServerImpl.java:setRole(299)) - a11b2509-56e9-4ce5-bf37-e5470aba7c9f@group-4198E36B776C: changes role from CANDIDATE to FOLLOWER at term 1 for REJECTED
2022-08-20 13:51:13,746 [a11b2509-56e9-4ce5-bf37-e5470aba7c9f@group-4198E36B776C-LeaderElection8] INFO  impl.RoleInfo (RoleInfo.java:shutdownLeaderElection(130)) - a11b2509-56e9-4ce5-bf37-e5470aba7c9f: shutdown a11b2509-56e9-4ce5-bf37-e5470aba7c9f@group-4198E36B776C-LeaderElection8
2022-08-20 13:51:13,746 [a11b2509-56e9-4ce5-bf37-e5470aba7c9f@group-4198E36B776C-LeaderElection8] INFO  impl.RoleInfo (RoleInfo.java:updateAndGet(139)) - a11b2509-56e9-4ce5-bf37-e5470aba7c9f: start a11b2509-56e9-4ce5-bf37-e5470aba7c9f@group-4198E36B776C-FollowerState
2022-08-20 13:51:13,754 [grpc-default-executor-4] INFO  server.RaftServer$Division (RaftServerImpl.java:requestVote(1184)) - 2b4e70ee-eebc-4c64-9ba5-1bae8adbf1c4@group-4198E36B776C replies to ELECTION vote request: a11b2509-56e9-4ce5-bf37-e5470aba7c9f<-2b4e70ee-eebc-4c64-9ba5-1bae8adbf1c4#0:OK-t1. Peer's state: 2b4e70ee-eebc-4c64-9ba5-1bae8adbf1c4@group-4198E36B776C:t1, leader=null, voted=a11b2509-56e9-4ce5-bf37-e5470aba7c9f, raftlog=2b4e70ee-eebc-4c64-9ba5-1bae8adbf1c4@group-4198E36B776C-SegmentedRaftLog:OPENED:c-1, conf=-1: [a11b2509-56e9-4ce5-bf37-e5470aba7c9f|rpc:127.0.0.1:46047|dataStream:|priority:0, 3b5fe929-2681-4434-877b-86f4f8bf3428|rpc:127.0.0.1:45943|dataStream:|priority:1, 2b4e70ee-eebc-4c64-9ba5-1bae8adbf1c4|rpc:127.0.0.1:33429|dataStream:|priority:0], old=null
2022-08-20 13:51:14,017 [3b5fe929-2681-4434-877b-86f4f8bf3428@group-98642BEBAD9E-FollowerState] INFO  impl.FollowerState (FollowerState.java:run(143)) - 3b5fe929-2681-4434-877b-86f4f8bf3428@group-98642BEBAD9E-FollowerState: change to CANDIDATE, lastRpcElapsedTime:5056216877ns, electionTimeout:5048ms
2022-08-20 13:51:14,018 [3b5fe929-2681-4434-877b-86f4f8bf3428@group-98642BEBAD9E-FollowerState] INFO  impl.RoleInfo (RoleInfo.java:shutdownFollowerState(110)) - 3b5fe929-2681-4434-877b-86f4f8bf3428: shutdown 3b5fe929-2681-4434-877b-86f4f8bf3428@group-98642BEBAD9E-FollowerState
2022-08-20 13:51:14,018 [3b5fe929-2681-4434-877b-86f4f8bf3428@group-98642BEBAD9E-FollowerState] INFO  server.RaftServer$Division (RaftServerImpl.java:setRole(299)) - 3b5fe929-2681-4434-877b-86f4f8bf3428@group-98642BEBAD9E: changes role from  FOLLOWER to CANDIDATE at term 0 for changeToCandidate
2022-08-20 13:51:14,018 [3b5fe929-2681-4434-877b-86f4f8bf3428@group-98642BEBAD9E-FollowerState] INFO  server.RaftServerConfigKeys (ConfUtils.java:logGet(46)) - raft.server.leaderelection.pre-vote = false (custom)
2022-08-20 13:51:14,018 [3b5fe929-2681-4434-877b-86f4f8bf3428@group-98642BEBAD9E-FollowerState] INFO  impl.RoleInfo (RoleInfo.java:updateAndGet(139)) - 3b5fe929-2681-4434-877b-86f4f8bf3428: start 3b5fe929-2681-4434-877b-86f4f8bf3428@group-98642BEBAD9E-LeaderElection9
2022-08-20 13:51:14,023 [3b5fe929-2681-4434-877b-86f4f8bf3428@group-98642BEBAD9E-LeaderElection9] INFO  impl.LeaderElection (LeaderElection.java:askForVotes(310)) - 3b5fe929-2681-4434-877b-86f4f8bf3428@group-98642BEBAD9E-LeaderElection9 ELECTION round 0: submit vote requests at term 1 for -1: [a11b2509-56e9-4ce5-bf37-e5470aba7c9f|rpc:127.0.0.1:46047|dataStream:|priority:1, 3b5fe929-2681-4434-877b-86f4f8bf3428|rpc:127.0.0.1:45943|dataStream:|priority:0, 2b4e70ee-eebc-4c64-9ba5-1bae8adbf1c4|rpc:127.0.0.1:33429|dataStream:|priority:0], old=null
2022-08-20 13:51:14,027 [3b5fe929-2681-4434-877b-86f4f8bf3428@group-E683833EA264-FollowerState] INFO  impl.FollowerState (FollowerState.java:run(143)) - 3b5fe929-2681-4434-877b-86f4f8bf3428@group-E683833EA264-FollowerState: change to CANDIDATE, lastRpcElapsedTime:5023359709ns, electionTimeout:5021ms
2022-08-20 13:51:14,028 [3b5fe929-2681-4434-877b-86f4f8bf3428@group-E683833EA264-FollowerState] INFO  impl.RoleInfo (RoleInfo.java:shutdownFollowerState(110)) - 3b5fe929-2681-4434-877b-86f4f8bf3428: shutdown 3b5fe929-2681-4434-877b-86f4f8bf3428@group-E683833EA264-FollowerState
2022-08-20 13:51:14,028 [3b5fe929-2681-4434-877b-86f4f8bf3428@group-E683833EA264-FollowerState] INFO  server.RaftServer$Division (RaftServerImpl.java:setRole(299)) - 3b5fe929-2681-4434-877b-86f4f8bf3428@group-E683833EA264: changes role from  FOLLOWER to CANDIDATE at term 0 for changeToCandidate
2022-08-20 13:51:14,028 [3b5fe929-2681-4434-877b-86f4f8bf3428@group-E683833EA264-FollowerState] INFO  server.RaftServerConfigKeys (ConfUtils.java:logGet(46)) - raft.server.leaderelection.pre-vote = false (custom)
2022-08-20 13:51:14,028 [3b5fe929-2681-4434-877b-86f4f8bf3428@group-E683833EA264-FollowerState] INFO  impl.RoleInfo (RoleInfo.java:updateAndGet(139)) - 3b5fe929-2681-4434-877b-86f4f8bf3428: start 3b5fe929-2681-4434-877b-86f4f8bf3428@group-E683833EA264-LeaderElection10
2022-08-20 13:51:14,049 [2b4e70ee-eebc-4c64-9ba5-1bae8adbf1c4@group-98642BEBAD9E-FollowerState] INFO  impl.FollowerState (FollowerState.java:run(143)) - 2b4e70ee-eebc-4c64-9ba5-1bae8adbf1c4@group-98642BEBAD9E-FollowerState: change to CANDIDATE, lastRpcElapsedTime:5135015797ns, electionTimeout:5133ms
2022-08-20 13:51:14,050 [2b4e70ee-eebc-4c64-9ba5-1bae8adbf1c4@group-98642BEBAD9E-FollowerState] INFO  impl.RoleInfo (RoleInfo.java:shutdownFollowerState(110)) - 2b4e70ee-eebc-4c64-9ba5-1bae8adbf1c4: shutdown 2b4e70ee-eebc-4c64-9ba5-1bae8adbf1c4@group-98642BEBAD9E-FollowerState
2022-08-20 13:51:14,050 [2b4e70ee-eebc-4c64-9ba5-1bae8adbf1c4@group-98642BEBAD9E-FollowerState] INFO  server.RaftServer$Division (RaftServerImpl.java:setRole(299)) - 2b4e70ee-eebc-4c64-9ba5-1bae8adbf1c4@group-98642BEBAD9E: changes role from  FOLLOWER to CANDIDATE at term 0 for changeToCandidate
2022-08-20 13:51:14,050 [2b4e70ee-eebc-4c64-9ba5-1bae8adbf1c4@group-98642BEBAD9E-FollowerState] INFO  server.RaftServerConfigKeys (ConfUtils.java:logGet(46)) - raft.server.leaderelection.pre-vote = false (custom)
2022-08-20 13:51:14,050 [2b4e70ee-eebc-4c64-9ba5-1bae8adbf1c4@group-98642BEBAD9E-FollowerState] INFO  impl.RoleInfo (RoleInfo.java:updateAndGet(139)) - 2b4e70ee-eebc-4c64-9ba5-1bae8adbf1c4: start 2b4e70ee-eebc-4c64-9ba5-1bae8adbf1c4@group-98642BEBAD9E-LeaderElection11
2022-08-20 13:51:14,052 [3b5fe929-2681-4434-877b-86f4f8bf3428@group-E683833EA264-LeaderElection10] INFO  impl.LeaderElection (LeaderElection.java:askForVotes(310)) - 3b5fe929-2681-4434-877b-86f4f8bf3428@group-E683833EA264-LeaderElection10 ELECTION round 0: submit vote requests at term 1 for -1: [3b5fe929-2681-4434-877b-86f4f8bf3428|rpc:127.0.0.1:45943|priority:1], old=null
2022-08-20 13:51:14,052 [3b5fe929-2681-4434-877b-86f4f8bf3428@group-E683833EA264-LeaderElection10] INFO  impl.LeaderElection (LeaderElection.java:askForVotes(312)) - 3b5fe929-2681-4434-877b-86f4f8bf3428@group-E683833EA264-LeaderElection10 ELECTION round 0: result PASSED (term=1)
2022-08-20 13:51:14,052 [3b5fe929-2681-4434-877b-86f4f8bf3428@group-E683833EA264-LeaderElection10] INFO  impl.RoleInfo (RoleInfo.java:shutdownLeaderElection(130)) - 3b5fe929-2681-4434-877b-86f4f8bf3428: shutdown 3b5fe929-2681-4434-877b-86f4f8bf3428@group-E683833EA264-LeaderElection10
2022-08-20 13:51:14,052 [3b5fe929-2681-4434-877b-86f4f8bf3428@group-E683833EA264-LeaderElection10] INFO  server.RaftServer$Division (RaftServerImpl.java:setRole(299)) - 3b5fe929-2681-4434-877b-86f4f8bf3428@group-E683833EA264: changes role from CANDIDATE to LEADER at term 1 for changeToLeader
2022-08-20 13:51:14,052 [3b5fe929-2681-4434-877b-86f4f8bf3428@group-E683833EA264-LeaderElection10] INFO  ratis.XceiverServerRatis (XceiverServerRatis.java:handleLeaderChangedNotification(863)) - Leader change notification received for group: group-E683833EA264 with new leaderId: 3b5fe929-2681-4434-877b-86f4f8bf3428
2022-08-20 13:51:14,052 [3b5fe929-2681-4434-877b-86f4f8bf3428@group-E683833EA264-LeaderElection10] INFO  server.RaftServer$Division (ServerState.java:setLeader(287)) - 3b5fe929-2681-4434-877b-86f4f8bf3428@group-E683833EA264: change Leader from null to 3b5fe929-2681-4434-877b-86f4f8bf3428 at term 1 for becomeLeader, leader elected after 5067ms
2022-08-20 13:51:14,053 [3b5fe929-2681-4434-877b-86f4f8bf3428@group-E683833EA264-LeaderElection10] INFO  server.RaftServerConfigKeys (ConfUtils.java:logGet(46)) - raft.server.staging.catchup.gap = 1000 (default)
2022-08-20 13:51:14,053 [3b5fe929-2681-4434-877b-86f4f8bf3428@group-E683833EA264-LeaderElection10] INFO  server.RaftServerConfigKeys (ConfUtils.java:logGet(46)) - raft.server.write.element-limit = 1024 (custom)
2022-08-20 13:51:14,053 [3b5fe929-2681-4434-877b-86f4f8bf3428@group-E683833EA264-LeaderElection10] INFO  server.RaftServerConfigKeys (ConfUtils.java:logGet(46)) - raft.server.write.byte-limit = 1024 M (=1073741824) (custom)
2022-08-20 13:51:14,053 [3b5fe929-2681-4434-877b-86f4f8bf3428@group-E683833EA264-LeaderElection10] INFO  server.RaftServerConfigKeys (ConfUtils.java:logGet(46)) - raft.server.watch.timeout = 180s (custom)
2022-08-20 13:51:14,053 [3b5fe929-2681-4434-877b-86f4f8bf3428@group-E683833EA264-LeaderElection10] INFO  server.RaftServerConfigKeys (ConfUtils.java:logGet(46)) - raft.server.watch.timeout.denomination = 1s (default)
2022-08-20 13:51:14,053 [3b5fe929-2681-4434-877b-86f4f8bf3428@group-E683833EA264-LeaderElection10] INFO  server.RaftServerConfigKeys (ConfUtils.java:logGet(46)) - raft.server.watch.element-limit = 65536 (default)
2022-08-20 13:51:14,053 [3b5fe929-2681-4434-877b-86f4f8bf3428@group-E683833EA264-LeaderElection10] INFO  server.RaftServerConfigKeys (ConfUtils.java:logGet(46)) - raft.server.write.element-limit = 1024 (custom)
2022-08-20 13:51:14,053 [3b5fe929-2681-4434-877b-86f4f8bf3428@group-E683833EA264-LeaderElection10] INFO  server.RaftServerConfigKeys (ConfUtils.java:logGet(46)) - raft.server.write.follower.gap.ratio.max = -1.0 (default)
2022-08-20 13:51:14,054 [3b5fe929-2681-4434-877b-86f4f8bf3428@group-E683833EA264-LeaderElection10] INFO  impl.RoleInfo (RoleInfo.java:updateAndGet(139)) - 3b5fe929-2681-4434-877b-86f4f8bf3428: start 3b5fe929-2681-4434-877b-86f4f8bf3428@group-E683833EA264-LeaderStateImpl
2022-08-20 13:51:14,054 [3b5fe929-2681-4434-877b-86f4f8bf3428@group-E683833EA264-LeaderElection10] INFO  segmented.SegmentedRaftLogWorker (SegmentedRaftLogWorker.java:startLogSegment(425)) - 3b5fe929-2681-4434-877b-86f4f8bf3428@group-E683833EA264-SegmentedRaftLogWorker: Starting segment from index:0
2022-08-20 13:51:14,056 [3b5fe929-2681-4434-877b-86f4f8bf3428@group-E683833EA264-SegmentedRaftLogWorker] INFO  segmented.SegmentedRaftLogWorker (SegmentedRaftLogWorker.java:execute(629)) - 3b5fe929-2681-4434-877b-86f4f8bf3428@group-E683833EA264-SegmentedRaftLogWorker: created new log segment /home/runner/work/ozone/ozone/hadoop-ozone/integration-test/target/test-dir/MiniOzoneClusterImpl-1d33bde5-c0a1-446c-b0a2-a2cb2457c7cc/datanode-1/data/ratis/6fc6340d-a8ed-4bdd-9bec-e683833ea264/current/log_inprogress_0
2022-08-20 13:51:14,056 [EventQueue-OpenPipelineForHealthyPipelineSafeModeRule] INFO  safemode.SCMSafeModeManager (HealthyPipelineSafeModeRule.java:process(137)) - SCM in safe mode. Healthy pipelines reported count is 0, required healthy pipeline reported count is 1
2022-08-20 13:51:14,058 [EventQueue-OpenPipelineForHealthyPipelineSafeModeRule] INFO  safemode.SCMSafeModeManager (HealthyPipelineSafeModeRule.java:process(137)) - SCM in safe mode. Healthy pipelines reported count is 0, required healthy pipeline reported count is 1
2022-08-20 13:51:14,058 [EventQueue-OpenPipelineForHealthyPipelineSafeModeRule] INFO  safemode.SCMSafeModeManager (HealthyPipelineSafeModeRule.java:process(137)) - SCM in safe mode. Healthy pipelines reported count is 0, required healthy pipeline reported count is 1
2022-08-20 13:51:14,063 [3b5fe929-2681-4434-877b-86f4f8bf3428@group-E683833EA264-LeaderElection10] INFO  server.RaftServer$Division (ServerState.java:setRaftConf(393)) - 3b5fe929-2681-4434-877b-86f4f8bf3428@group-E683833EA264: set configuration 0: [3b5fe929-2681-4434-877b-86f4f8bf3428|rpc:127.0.0.1:45943|dataStream:|priority:1], old=null
2022-08-20 13:51:14,065 [a11b2509-56e9-4ce5-bf37-e5470aba7c9f@group-98642BEBAD9E-FollowerState] INFO  impl.FollowerState (FollowerState.java:run(143)) - a11b2509-56e9-4ce5-bf37-e5470aba7c9f@group-98642BEBAD9E-FollowerState: change to CANDIDATE, lastRpcElapsedTime:5187407442ns, electionTimeout:5185ms
2022-08-20 13:51:14,065 [a11b2509-56e9-4ce5-bf37-e5470aba7c9f@group-98642BEBAD9E-FollowerState] INFO  impl.RoleInfo (RoleInfo.java:shutdownFollowerState(110)) - a11b2509-56e9-4ce5-bf37-e5470aba7c9f: shutdown a11b2509-56e9-4ce5-bf37-e5470aba7c9f@group-98642BEBAD9E-FollowerState
2022-08-20 13:51:14,065 [a11b2509-56e9-4ce5-bf37-e5470aba7c9f@group-98642BEBAD9E-FollowerState] INFO  server.RaftServer$Division (RaftServerImpl.java:setRole(299)) - a11b2509-56e9-4ce5-bf37-e5470aba7c9f@group-98642BEBAD9E: changes role from  FOLLOWER to CANDIDATE at term 0 for changeToCandidate
2022-08-20 13:51:14,065 [a11b2509-56e9-4ce5-bf37-e5470aba7c9f@group-98642BEBAD9E-FollowerState] INFO  server.RaftServerConfigKeys (ConfUtils.java:logGet(46)) - raft.server.leaderelection.pre-vote = false (custom)
2022-08-20 13:51:14,065 [a11b2509-56e9-4ce5-bf37-e5470aba7c9f@group-98642BEBAD9E-FollowerState] INFO  impl.RoleInfo (RoleInfo.java:updateAndGet(139)) - a11b2509-56e9-4ce5-bf37-e5470aba7c9f: start a11b2509-56e9-4ce5-bf37-e5470aba7c9f@group-98642BEBAD9E-LeaderElection12
2022-08-20 13:51:14,074 [grpc-default-executor-3] INFO  server.RaftServer$Division (RaftServerImpl.java:requestVote(1152)) - 2b4e70ee-eebc-4c64-9ba5-1bae8adbf1c4@group-98642BEBAD9E: receive requestVote(ELECTION, 3b5fe929-2681-4434-877b-86f4f8bf3428, group-98642BEBAD9E, 1, (t:0, i:0))
2022-08-20 13:51:14,075 [grpc-default-executor-3] INFO  impl.VoteContext (VoteContext.java:log(48)) - 2b4e70ee-eebc-4c64-9ba5-1bae8adbf1c4@group-98642BEBAD9E-CANDIDATE: accept ELECTION from 3b5fe929-2681-4434-877b-86f4f8bf3428: our priority 0 <= candidate's priority 0
2022-08-20 13:51:14,075 [grpc-default-executor-3] INFO  server.RaftServer$Division (RaftServerImpl.java:setRole(299)) - 2b4e70ee-eebc-4c64-9ba5-1bae8adbf1c4@group-98642BEBAD9E: changes role from CANDIDATE to FOLLOWER at term 1 for candidate:3b5fe929-2681-4434-877b-86f4f8bf3428
2022-08-20 13:51:14,075 [grpc-default-executor-3] INFO  impl.RoleInfo (RoleInfo.java:shutdownLeaderElection(130)) - 2b4e70ee-eebc-4c64-9ba5-1bae8adbf1c4: shutdown 2b4e70ee-eebc-4c64-9ba5-1bae8adbf1c4@group-98642BEBAD9E-LeaderElection11
2022-08-20 13:51:14,075 [grpc-default-executor-3] INFO  impl.RoleInfo (RoleInfo.java:updateAndGet(139)) - 2b4e70ee-eebc-4c64-9ba5-1bae8adbf1c4: start 2b4e70ee-eebc-4c64-9ba5-1bae8adbf1c4@group-98642BEBAD9E-FollowerState
2022-08-20 13:51:14,075 [grpc-default-executor-4] INFO  server.RaftServer$Division (RaftServerImpl.java:requestVote(1152)) - a11b2509-56e9-4ce5-bf37-e5470aba7c9f@group-98642BEBAD9E: receive requestVote(ELECTION, 3b5fe929-2681-4434-877b-86f4f8bf3428, group-98642BEBAD9E, 1, (t:0, i:0))
2022-08-20 13:51:14,077 [grpc-default-executor-4] INFO  impl.VoteContext (VoteContext.java:log(48)) - a11b2509-56e9-4ce5-bf37-e5470aba7c9f@group-98642BEBAD9E-CANDIDATE: reject ELECTION from 3b5fe929-2681-4434-877b-86f4f8bf3428: our priority 1 > candidate's priority 0
2022-08-20 13:51:14,077 [grpc-default-executor-4] INFO  server.RaftServer$Division (RaftServerImpl.java:setRole(299)) - a11b2509-56e9-4ce5-bf37-e5470aba7c9f@group-98642BEBAD9E: changes role from CANDIDATE to FOLLOWER at term 1 for candidate:3b5fe929-2681-4434-877b-86f4f8bf3428
2022-08-20 13:51:14,077 [grpc-default-executor-4] INFO  impl.RoleInfo (RoleInfo.java:shutdownLeaderElection(130)) - a11b2509-56e9-4ce5-bf37-e5470aba7c9f: shutdown a11b2509-56e9-4ce5-bf37-e5470aba7c9f@group-98642BEBAD9E-LeaderElection12
2022-08-20 13:51:14,077 [grpc-default-executor-4] INFO  impl.RoleInfo (RoleInfo.java:updateAndGet(139)) - a11b2509-56e9-4ce5-bf37-e5470aba7c9f: start a11b2509-56e9-4ce5-bf37-e5470aba7c9f@group-98642BEBAD9E-FollowerState
2022-08-20 13:51:14,078 [grpc-default-executor-3] INFO  server.RaftServer$Division (RaftServerImpl.java:requestVote(1184)) - 2b4e70ee-eebc-4c64-9ba5-1bae8adbf1c4@group-98642BEBAD9E replies to ELECTION vote request: 3b5fe929-2681-4434-877b-86f4f8bf3428<-2b4e70ee-eebc-4c64-9ba5-1bae8adbf1c4#0:OK-t1. Peer's state: 2b4e70ee-eebc-4c64-9ba5-1bae8adbf1c4@group-98642BEBAD9E:t1, leader=null, voted=3b5fe929-2681-4434-877b-86f4f8bf3428, raftlog=2b4e70ee-eebc-4c64-9ba5-1bae8adbf1c4@group-98642BEBAD9E-SegmentedRaftLog:OPENED:c-1, conf=-1: [a11b2509-56e9-4ce5-bf37-e5470aba7c9f|rpc:127.0.0.1:46047|dataStream:|priority:1, 3b5fe929-2681-4434-877b-86f4f8bf3428|rpc:127.0.0.1:45943|dataStream:|priority:0, 2b4e70ee-eebc-4c64-9ba5-1bae8adbf1c4|rpc:127.0.0.1:33429|dataStream:|priority:0], old=null
2022-08-20 13:51:14,084 [grpc-default-executor-4] INFO  server.RaftServer$Division (RaftServerImpl.java:requestVote(1184)) - a11b2509-56e9-4ce5-bf37-e5470aba7c9f@group-98642BEBAD9E replies to ELECTION vote request: 3b5fe929-2681-4434-877b-86f4f8bf3428<-a11b2509-56e9-4ce5-bf37-e5470aba7c9f#0:FAIL-t1. Peer's state: a11b2509-56e9-4ce5-bf37-e5470aba7c9f@group-98642BEBAD9E:t1, leader=null, voted=null, raftlog=a11b2509-56e9-4ce5-bf37-e5470aba7c9f@group-98642BEBAD9E-SegmentedRaftLog:OPENED:c-1, conf=-1: [a11b2509-56e9-4ce5-bf37-e5470aba7c9f|rpc:127.0.0.1:46047|priority:1, 3b5fe929-2681-4434-877b-86f4f8bf3428|rpc:127.0.0.1:45943|priority:0, 2b4e70ee-eebc-4c64-9ba5-1bae8adbf1c4|rpc:127.0.0.1:33429|priority:0], old=null
2022-08-20 13:51:14,096 [3b5fe929-2681-4434-877b-86f4f8bf3428@group-98642BEBAD9E-LeaderElection9] INFO  impl.LeaderElection (LeaderElection.java:logAndReturn(90)) - 3b5fe929-2681-4434-877b-86f4f8bf3428@group-98642BEBAD9E-LeaderElection9: ELECTION REJECTED received 2 response(s) and 0 exception(s):
2022-08-20 13:51:14,096 [3b5fe929-2681-4434-877b-86f4f8bf3428@group-98642BEBAD9E-LeaderElection9] INFO  impl.LeaderElection (LeaderElection.java:logAndReturn(94)) -   Response 0: 3b5fe929-2681-4434-877b-86f4f8bf3428<-a11b2509-56e9-4ce5-bf37-e5470aba7c9f#0:FAIL-t1
2022-08-20 13:51:14,096 [3b5fe929-2681-4434-877b-86f4f8bf3428@group-98642BEBAD9E-LeaderElection9] INFO  impl.LeaderElection (LeaderElection.java:logAndReturn(94)) -   Response 1: 3b5fe929-2681-4434-877b-86f4f8bf3428<-2b4e70ee-eebc-4c64-9ba5-1bae8adbf1c4#0:OK-t1
2022-08-20 13:51:14,096 [3b5fe929-2681-4434-877b-86f4f8bf3428@group-98642BEBAD9E-LeaderElection9] INFO  impl.LeaderElection (LeaderElection.java:askForVotes(312)) - 3b5fe929-2681-4434-877b-86f4f8bf3428@group-98642BEBAD9E-LeaderElection9 ELECTION round 0: result REJECTED
2022-08-20 13:51:14,096 [3b5fe929-2681-4434-877b-86f4f8bf3428@group-98642BEBAD9E-LeaderElection9] INFO  server.RaftServer$Division (RaftServerImpl.java:setRole(299)) - 3b5fe929-2681-4434-877b-86f4f8bf3428@group-98642BEBAD9E: changes role from CANDIDATE to FOLLOWER at term 1 for REJECTED
2022-08-20 13:51:14,098 [3b5fe929-2681-4434-877b-86f4f8bf3428@group-98642BEBAD9E-LeaderElection9] INFO  impl.RoleInfo (RoleInfo.java:shutdownLeaderElection(130)) - 3b5fe929-2681-4434-877b-86f4f8bf3428: shutdown 3b5fe929-2681-4434-877b-86f4f8bf3428@group-98642BEBAD9E-LeaderElection9
2022-08-20 13:51:14,098 [3b5fe929-2681-4434-877b-86f4f8bf3428@group-98642BEBAD9E-LeaderElection9] INFO  impl.RoleInfo (RoleInfo.java:updateAndGet(139)) - 3b5fe929-2681-4434-877b-86f4f8bf3428: start 3b5fe929-2681-4434-877b-86f4f8bf3428@group-98642BEBAD9E-FollowerState
2022-08-20 13:51:14,326 [Listener at 127.0.0.1/34995] INFO  ozone.MiniOzoneClusterImpl (MiniOzoneClusterImpl.java:lambda$waitForClusterToBeReady$0(216)) - Nodes are ready. Got 3 of 3 DN Heartbeats.
2022-08-20 13:51:14,326 [Listener at 127.0.0.1/34995] INFO  ozone.MiniOzoneClusterImpl (MiniOzoneClusterImpl.java:lambda$waitForClusterToBeReady$0(219)) - Waiting for cluster to exit safe mode
2022-08-20 13:51:14,326 [Listener at 127.0.0.1/34995] INFO  ozone.MiniOzoneClusterImpl (MiniOzoneClusterImpl.java:lambda$waitForClusterToBeReady$0(221)) - SCM became leader
2022-08-20 13:51:14,520 [2b4e70ee-eebc-4c64-9ba5-1bae8adbf1c4@group-2111AD0A3761-FollowerState] INFO  impl.FollowerState (FollowerState.java:run(143)) - 2b4e70ee-eebc-4c64-9ba5-1bae8adbf1c4@group-2111AD0A3761-FollowerState: change to CANDIDATE, lastRpcElapsedTime:5165167721ns, electionTimeout:5162ms
2022-08-20 13:51:14,521 [2b4e70ee-eebc-4c64-9ba5-1bae8adbf1c4@group-2111AD0A3761-FollowerState] INFO  impl.RoleInfo (RoleInfo.java:shutdownFollowerState(110)) - 2b4e70ee-eebc-4c64-9ba5-1bae8adbf1c4: shutdown 2b4e70ee-eebc-4c64-9ba5-1bae8adbf1c4@group-2111AD0A3761-FollowerState
2022-08-20 13:51:14,521 [2b4e70ee-eebc-4c64-9ba5-1bae8adbf1c4@group-2111AD0A3761-FollowerState] INFO  server.RaftServer$Division (RaftServerImpl.java:setRole(299)) - 2b4e70ee-eebc-4c64-9ba5-1bae8adbf1c4@group-2111AD0A3761: changes role from  FOLLOWER to CANDIDATE at term 0 for changeToCandidate
2022-08-20 13:51:14,521 [2b4e70ee-eebc-4c64-9ba5-1bae8adbf1c4@group-2111AD0A3761-FollowerState] INFO  server.RaftServerConfigKeys (ConfUtils.java:logGet(46)) - raft.server.leaderelection.pre-vote = false (custom)
2022-08-20 13:51:14,521 [2b4e70ee-eebc-4c64-9ba5-1bae8adbf1c4@group-2111AD0A3761-FollowerState] INFO  impl.RoleInfo (RoleInfo.java:updateAndGet(139)) - 2b4e70ee-eebc-4c64-9ba5-1bae8adbf1c4: start 2b4e70ee-eebc-4c64-9ba5-1bae8adbf1c4@group-2111AD0A3761-LeaderElection13
2022-08-20 13:51:14,526 [2b4e70ee-eebc-4c64-9ba5-1bae8adbf1c4@group-2111AD0A3761-LeaderElection13] INFO  impl.LeaderElection (LeaderElection.java:askForVotes(310)) - 2b4e70ee-eebc-4c64-9ba5-1bae8adbf1c4@group-2111AD0A3761-LeaderElection13 ELECTION round 0: submit vote requests at term 1 for -1: [2b4e70ee-eebc-4c64-9ba5-1bae8adbf1c4|rpc:127.0.0.1:33429|priority:1], old=null
2022-08-20 13:51:14,526 [2b4e70ee-eebc-4c64-9ba5-1bae8adbf1c4@group-2111AD0A3761-LeaderElection13] INFO  impl.LeaderElection (LeaderElection.java:askForVotes(312)) - 2b4e70ee-eebc-4c64-9ba5-1bae8adbf1c4@group-2111AD0A3761-LeaderElection13 ELECTION round 0: result PASSED (term=1)
2022-08-20 13:51:14,526 [2b4e70ee-eebc-4c64-9ba5-1bae8adbf1c4@group-2111AD0A3761-LeaderElection13] INFO  impl.RoleInfo (RoleInfo.java:shutdownLeaderElection(130)) - 2b4e70ee-eebc-4c64-9ba5-1bae8adbf1c4: shutdown 2b4e70ee-eebc-4c64-9ba5-1bae8adbf1c4@group-2111AD0A3761-LeaderElection13
2022-08-20 13:51:14,526 [2b4e70ee-eebc-4c64-9ba5-1bae8adbf1c4@group-2111AD0A3761-LeaderElection13] INFO  server.RaftServer$Division (RaftServerImpl.java:setRole(299)) - 2b4e70ee-eebc-4c64-9ba5-1bae8adbf1c4@group-2111AD0A3761: changes role from CANDIDATE to LEADER at term 1 for changeToLeader
2022-08-20 13:51:14,526 [2b4e70ee-eebc-4c64-9ba5-1bae8adbf1c4@group-2111AD0A3761-LeaderElection13] INFO  ratis.XceiverServerRatis (XceiverServerRatis.java:handleLeaderChangedNotification(863)) - Leader change notification received for group: group-2111AD0A3761 with new leaderId: 2b4e70ee-eebc-4c64-9ba5-1bae8adbf1c4
2022-08-20 13:51:14,526 [2b4e70ee-eebc-4c64-9ba5-1bae8adbf1c4@group-2111AD0A3761-LeaderElection13] INFO  server.RaftServer$Division (ServerState.java:setLeader(287)) - 2b4e70ee-eebc-4c64-9ba5-1bae8adbf1c4@group-2111AD0A3761: change Leader from null to 2b4e70ee-eebc-4c64-9ba5-1bae8adbf1c4 at term 1 for becomeLeader, leader elected after 5184ms
2022-08-20 13:51:14,526 [2b4e70ee-eebc-4c64-9ba5-1bae8adbf1c4@group-2111AD0A3761-LeaderElection13] INFO  server.RaftServerConfigKeys (ConfUtils.java:logGet(46)) - raft.server.staging.catchup.gap = 1000 (default)
2022-08-20 13:51:14,527 [2b4e70ee-eebc-4c64-9ba5-1bae8adbf1c4@group-2111AD0A3761-LeaderElection13] INFO  server.RaftServerConfigKeys (ConfUtils.java:logGet(46)) - raft.server.write.element-limit = 1024 (custom)
2022-08-20 13:51:14,527 [2b4e70ee-eebc-4c64-9ba5-1bae8adbf1c4@group-2111AD0A3761-LeaderElection13] INFO  server.RaftServerConfigKeys (ConfUtils.java:logGet(46)) - raft.server.write.byte-limit = 1024 M (=1073741824) (custom)
2022-08-20 13:51:14,527 [2b4e70ee-eebc-4c64-9ba5-1bae8adbf1c4@group-2111AD0A3761-LeaderElection13] INFO  server.RaftServerConfigKeys (ConfUtils.java:logGet(46)) - raft.server.watch.timeout = 180s (custom)
2022-08-20 13:51:14,527 [2b4e70ee-eebc-4c64-9ba5-1bae8adbf1c4@group-2111AD0A3761-LeaderElection13] INFO  server.RaftServerConfigKeys (ConfUtils.java:logGet(46)) - raft.server.watch.timeout.denomination = 1s (default)
2022-08-20 13:51:14,528 [2b4e70ee-eebc-4c64-9ba5-1bae8adbf1c4@group-2111AD0A3761-LeaderElection13] INFO  server.RaftServerConfigKeys (ConfUtils.java:logGet(46)) - raft.server.watch.element-limit = 65536 (default)
2022-08-20 13:51:14,528 [2b4e70ee-eebc-4c64-9ba5-1bae8adbf1c4@group-2111AD0A3761-LeaderElection13] INFO  server.RaftServerConfigKeys (ConfUtils.java:logGet(46)) - raft.server.write.element-limit = 1024 (custom)
2022-08-20 13:51:14,528 [2b4e70ee-eebc-4c64-9ba5-1bae8adbf1c4@group-2111AD0A3761-LeaderElection13] INFO  server.RaftServerConfigKeys (ConfUtils.java:logGet(46)) - raft.server.write.follower.gap.ratio.max = -1.0 (default)
2022-08-20 13:51:14,528 [2b4e70ee-eebc-4c64-9ba5-1bae8adbf1c4@group-2111AD0A3761-LeaderElection13] INFO  impl.RoleInfo (RoleInfo.java:updateAndGet(139)) - 2b4e70ee-eebc-4c64-9ba5-1bae8adbf1c4: start 2b4e70ee-eebc-4c64-9ba5-1bae8adbf1c4@group-2111AD0A3761-LeaderStateImpl
2022-08-20 13:51:14,529 [EventQueue-OpenPipelineForHealthyPipelineSafeModeRule] INFO  safemode.SCMSafeModeManager (HealthyPipelineSafeModeRule.java:process(137)) - SCM in safe mode. Healthy pipelines reported count is 0, required healthy pipeline reported count is 1
2022-08-20 13:51:14,529 [2b4e70ee-eebc-4c64-9ba5-1bae8adbf1c4@group-2111AD0A3761-LeaderElection13] INFO  segmented.SegmentedRaftLogWorker (SegmentedRaftLogWorker.java:startLogSegment(425)) - 2b4e70ee-eebc-4c64-9ba5-1bae8adbf1c4@group-2111AD0A3761-SegmentedRaftLogWorker: Starting segment from index:0
2022-08-20 13:51:14,530 [EventQueue-OpenPipelineForHealthyPipelineSafeModeRule] INFO  safemode.SCMSafeModeManager (HealthyPipelineSafeModeRule.java:process(137)) - SCM in safe mode. Healthy pipelines reported count is 0, required healthy pipeline reported count is 1
2022-08-20 13:51:14,530 [EventQueue-OpenPipelineForHealthyPipelineSafeModeRule] INFO  safemode.SCMSafeModeManager (HealthyPipelineSafeModeRule.java:process(137)) - SCM in safe mode. Healthy pipelines reported count is 0, required healthy pipeline reported count is 1
2022-08-20 13:51:14,531 [2b4e70ee-eebc-4c64-9ba5-1bae8adbf1c4@group-2111AD0A3761-SegmentedRaftLogWorker] INFO  segmented.SegmentedRaftLogWorker (SegmentedRaftLogWorker.java:execute(629)) - 2b4e70ee-eebc-4c64-9ba5-1bae8adbf1c4@group-2111AD0A3761-SegmentedRaftLogWorker: created new log segment /home/runner/work/ozone/ozone/hadoop-ozone/integration-test/target/test-dir/MiniOzoneClusterImpl-1d33bde5-c0a1-446c-b0a2-a2cb2457c7cc/datanode-2/data/ratis/f8203cdf-f946-43bc-a203-2111ad0a3761/current/log_inprogress_0
2022-08-20 13:51:14,537 [2b4e70ee-eebc-4c64-9ba5-1bae8adbf1c4@group-2111AD0A3761-LeaderElection13] INFO  server.RaftServer$Division (ServerState.java:setRaftConf(393)) - 2b4e70ee-eebc-4c64-9ba5-1bae8adbf1c4@group-2111AD0A3761: set configuration 0: [2b4e70ee-eebc-4c64-9ba5-1bae8adbf1c4|rpc:127.0.0.1:33429|dataStream:|priority:1], old=null
2022-08-20 13:51:15,326 [Listener at 127.0.0.1/34995] INFO  ozone.MiniOzoneClusterImpl (MiniOzoneClusterImpl.java:lambda$waitForClusterToBeReady$0(216)) - Nodes are ready. Got 3 of 3 DN Heartbeats.
2022-08-20 13:51:15,327 [Listener at 127.0.0.1/34995] INFO  ozone.MiniOzoneClusterImpl (MiniOzoneClusterImpl.java:lambda$waitForClusterToBeReady$0(219)) - Waiting for cluster to exit safe mode
2022-08-20 13:51:15,327 [Listener at 127.0.0.1/34995] INFO  ozone.MiniOzoneClusterImpl (MiniOzoneClusterImpl.java:lambda$waitForClusterToBeReady$0(221)) - SCM became leader
2022-08-20 13:51:16,327 [Listener at 127.0.0.1/34995] INFO  ozone.MiniOzoneClusterImpl (MiniOzoneClusterImpl.java:lambda$waitForClusterToBeReady$0(216)) - Nodes are ready. Got 3 of 3 DN Heartbeats.
2022-08-20 13:51:16,327 [Listener at 127.0.0.1/34995] INFO  ozone.MiniOzoneClusterImpl (MiniOzoneClusterImpl.java:lambda$waitForClusterToBeReady$0(219)) - Waiting for cluster to exit safe mode
2022-08-20 13:51:16,327 [Listener at 127.0.0.1/34995] INFO  ozone.MiniOzoneClusterImpl (MiniOzoneClusterImpl.java:lambda$waitForClusterToBeReady$0(221)) - SCM became leader
2022-08-20 13:51:17,328 [Listener at 127.0.0.1/34995] INFO  ozone.MiniOzoneClusterImpl (MiniOzoneClusterImpl.java:lambda$waitForClusterToBeReady$0(216)) - Nodes are ready. Got 3 of 3 DN Heartbeats.
2022-08-20 13:51:17,328 [Listener at 127.0.0.1/34995] INFO  ozone.MiniOzoneClusterImpl (MiniOzoneClusterImpl.java:lambda$waitForClusterToBeReady$0(219)) - Waiting for cluster to exit safe mode
2022-08-20 13:51:17,328 [Listener at 127.0.0.1/34995] INFO  ozone.MiniOzoneClusterImpl (MiniOzoneClusterImpl.java:lambda$waitForClusterToBeReady$0(221)) - SCM became leader
2022-08-20 13:51:18,328 [Listener at 127.0.0.1/34995] INFO  ozone.MiniOzoneClusterImpl (MiniOzoneClusterImpl.java:lambda$waitForClusterToBeReady$0(216)) - Nodes are ready. Got 3 of 3 DN Heartbeats.
2022-08-20 13:51:18,328 [Listener at 127.0.0.1/34995] INFO  ozone.MiniOzoneClusterImpl (MiniOzoneClusterImpl.java:lambda$waitForClusterToBeReady$0(219)) - Waiting for cluster to exit safe mode
2022-08-20 13:51:18,328 [Listener at 127.0.0.1/34995] INFO  ozone.MiniOzoneClusterImpl (MiniOzoneClusterImpl.java:lambda$waitForClusterToBeReady$0(221)) - SCM became leader
2022-08-20 13:51:18,854 [a11b2509-56e9-4ce5-bf37-e5470aba7c9f@group-4198E36B776C-FollowerState] INFO  impl.FollowerState (FollowerState.java:run(143)) - a11b2509-56e9-4ce5-bf37-e5470aba7c9f@group-4198E36B776C-FollowerState: change to CANDIDATE, lastRpcElapsedTime:5108442366ns, electionTimeout:5108ms
2022-08-20 13:51:18,854 [a11b2509-56e9-4ce5-bf37-e5470aba7c9f@group-4198E36B776C-FollowerState] INFO  impl.RoleInfo (RoleInfo.java:shutdownFollowerState(110)) - a11b2509-56e9-4ce5-bf37-e5470aba7c9f: shutdown a11b2509-56e9-4ce5-bf37-e5470aba7c9f@group-4198E36B776C-FollowerState
2022-08-20 13:51:18,855 [a11b2509-56e9-4ce5-bf37-e5470aba7c9f@group-4198E36B776C-FollowerState] INFO  server.RaftServer$Division (RaftServerImpl.java:setRole(299)) - a11b2509-56e9-4ce5-bf37-e5470aba7c9f@group-4198E36B776C: changes role from  FOLLOWER to CANDIDATE at term 1 for changeToCandidate
2022-08-20 13:51:18,855 [a11b2509-56e9-4ce5-bf37-e5470aba7c9f@group-4198E36B776C-FollowerState] INFO  server.RaftServerConfigKeys (ConfUtils.java:logGet(46)) - raft.server.leaderelection.pre-vote = false (custom)
2022-08-20 13:51:18,855 [a11b2509-56e9-4ce5-bf37-e5470aba7c9f@group-4198E36B776C-FollowerState] INFO  impl.RoleInfo (RoleInfo.java:updateAndGet(139)) - a11b2509-56e9-4ce5-bf37-e5470aba7c9f: start a11b2509-56e9-4ce5-bf37-e5470aba7c9f@group-4198E36B776C-LeaderElection14
2022-08-20 13:51:18,862 [a11b2509-56e9-4ce5-bf37-e5470aba7c9f@group-4198E36B776C-LeaderElection14] INFO  impl.LeaderElection (LeaderElection.java:askForVotes(310)) - a11b2509-56e9-4ce5-bf37-e5470aba7c9f@group-4198E36B776C-LeaderElection14 ELECTION round 0: submit vote requests at term 2 for -1: [a11b2509-56e9-4ce5-bf37-e5470aba7c9f|rpc:127.0.0.1:46047|priority:0, 3b5fe929-2681-4434-877b-86f4f8bf3428|rpc:127.0.0.1:45943|priority:1, 2b4e70ee-eebc-4c64-9ba5-1bae8adbf1c4|rpc:127.0.0.1:33429|priority:0], old=null
2022-08-20 13:51:18,866 [grpc-default-executor-4] INFO  server.RaftServer$Division (RaftServerImpl.java:requestVote(1152)) - 3b5fe929-2681-4434-877b-86f4f8bf3428@group-4198E36B776C: receive requestVote(ELECTION, a11b2509-56e9-4ce5-bf37-e5470aba7c9f, group-4198E36B776C, 2, (t:0, i:0))
2022-08-20 13:51:18,867 [grpc-default-executor-4] INFO  impl.VoteContext (VoteContext.java:log(48)) - 3b5fe929-2681-4434-877b-86f4f8bf3428@group-4198E36B776C-FOLLOWER: reject ELECTION from a11b2509-56e9-4ce5-bf37-e5470aba7c9f: our priority 1 > candidate's priority 0
2022-08-20 13:51:18,867 [grpc-default-executor-4] INFO  server.RaftServer$Division (RaftServerImpl.java:setRole(299)) - 3b5fe929-2681-4434-877b-86f4f8bf3428@group-4198E36B776C: changes role from  FOLLOWER to FOLLOWER at term 2 for candidate:a11b2509-56e9-4ce5-bf37-e5470aba7c9f
2022-08-20 13:51:18,867 [grpc-default-executor-4] INFO  impl.RoleInfo (RoleInfo.java:shutdownFollowerState(110)) - 3b5fe929-2681-4434-877b-86f4f8bf3428: shutdown 3b5fe929-2681-4434-877b-86f4f8bf3428@group-4198E36B776C-FollowerState
2022-08-20 13:51:18,867 [grpc-default-executor-4] INFO  impl.RoleInfo (RoleInfo.java:updateAndGet(139)) - 3b5fe929-2681-4434-877b-86f4f8bf3428: start 3b5fe929-2681-4434-877b-86f4f8bf3428@group-4198E36B776C-FollowerState
2022-08-20 13:51:18,868 [3b5fe929-2681-4434-877b-86f4f8bf3428@group-4198E36B776C-FollowerState] INFO  impl.FollowerState (FollowerState.java:run(152)) - 3b5fe929-2681-4434-877b-86f4f8bf3428@group-4198E36B776C-FollowerState was interrupted
2022-08-20 13:51:18,870 [grpc-default-executor-3] INFO  server.RaftServer$Division (RaftServerImpl.java:requestVote(1152)) - 2b4e70ee-eebc-4c64-9ba5-1bae8adbf1c4@group-4198E36B776C: receive requestVote(ELECTION, a11b2509-56e9-4ce5-bf37-e5470aba7c9f, group-4198E36B776C, 2, (t:0, i:0))
2022-08-20 13:51:18,870 [grpc-default-executor-4] INFO  server.RaftServer$Division (RaftServerImpl.java:requestVote(1184)) - 3b5fe929-2681-4434-877b-86f4f8bf3428@group-4198E36B776C replies to ELECTION vote request: a11b2509-56e9-4ce5-bf37-e5470aba7c9f<-3b5fe929-2681-4434-877b-86f4f8bf3428#0:FAIL-t2. Peer's state: 3b5fe929-2681-4434-877b-86f4f8bf3428@group-4198E36B776C:t2, leader=null, voted=null, raftlog=3b5fe929-2681-4434-877b-86f4f8bf3428@group-4198E36B776C-SegmentedRaftLog:OPENED:c-1, conf=-1: [a11b2509-56e9-4ce5-bf37-e5470aba7c9f|rpc:127.0.0.1:46047|dataStream:|priority:0, 3b5fe929-2681-4434-877b-86f4f8bf3428|rpc:127.0.0.1:45943|dataStream:|priority:1, 2b4e70ee-eebc-4c64-9ba5-1bae8adbf1c4|rpc:127.0.0.1:33429|dataStream:|priority:0], old=null
2022-08-20 13:51:18,871 [grpc-default-executor-3] INFO  impl.VoteContext (VoteContext.java:log(48)) - 2b4e70ee-eebc-4c64-9ba5-1bae8adbf1c4@group-4198E36B776C-FOLLOWER: accept ELECTION from a11b2509-56e9-4ce5-bf37-e5470aba7c9f: our priority 0 <= candidate's priority 0
2022-08-20 13:51:18,871 [grpc-default-executor-3] INFO  server.RaftServer$Division (RaftServerImpl.java:setRole(299)) - 2b4e70ee-eebc-4c64-9ba5-1bae8adbf1c4@group-4198E36B776C: changes role from  FOLLOWER to FOLLOWER at term 2 for candidate:a11b2509-56e9-4ce5-bf37-e5470aba7c9f
2022-08-20 13:51:18,871 [grpc-default-executor-3] INFO  impl.RoleInfo (RoleInfo.java:shutdownFollowerState(110)) - 2b4e70ee-eebc-4c64-9ba5-1bae8adbf1c4: shutdown 2b4e70ee-eebc-4c64-9ba5-1bae8adbf1c4@group-4198E36B776C-FollowerState
2022-08-20 13:51:18,872 [grpc-default-executor-3] INFO  impl.RoleInfo (RoleInfo.java:updateAndGet(139)) - 2b4e70ee-eebc-4c64-9ba5-1bae8adbf1c4: start 2b4e70ee-eebc-4c64-9ba5-1bae8adbf1c4@group-4198E36B776C-FollowerState
2022-08-20 13:51:18,872 [2b4e70ee-eebc-4c64-9ba5-1bae8adbf1c4@group-4198E36B776C-FollowerState] INFO  impl.FollowerState (FollowerState.java:run(152)) - 2b4e70ee-eebc-4c64-9ba5-1bae8adbf1c4@group-4198E36B776C-FollowerState was interrupted
2022-08-20 13:51:18,880 [a11b2509-56e9-4ce5-bf37-e5470aba7c9f@group-4198E36B776C-LeaderElection14] INFO  impl.LeaderElection (LeaderElection.java:logAndReturn(90)) - a11b2509-56e9-4ce5-bf37-e5470aba7c9f@group-4198E36B776C-LeaderElection14: ELECTION REJECTED received 1 response(s) and 0 exception(s):
2022-08-20 13:51:18,880 [a11b2509-56e9-4ce5-bf37-e5470aba7c9f@group-4198E36B776C-LeaderElection14] INFO  impl.LeaderElection (LeaderElection.java:logAndReturn(94)) -   Response 0: a11b2509-56e9-4ce5-bf37-e5470aba7c9f<-3b5fe929-2681-4434-877b-86f4f8bf3428#0:FAIL-t2
2022-08-20 13:51:18,880 [a11b2509-56e9-4ce5-bf37-e5470aba7c9f@group-4198E36B776C-LeaderElection14] INFO  impl.LeaderElection (LeaderElection.java:askForVotes(312)) - a11b2509-56e9-4ce5-bf37-e5470aba7c9f@group-4198E36B776C-LeaderElection14 ELECTION round 0: result REJECTED
2022-08-20 13:51:18,880 [a11b2509-56e9-4ce5-bf37-e5470aba7c9f@group-4198E36B776C-LeaderElection14] INFO  server.RaftServer$Division (RaftServerImpl.java:setRole(299)) - a11b2509-56e9-4ce5-bf37-e5470aba7c9f@group-4198E36B776C: changes role from CANDIDATE to FOLLOWER at term 2 for REJECTED
2022-08-20 13:51:18,880 [a11b2509-56e9-4ce5-bf37-e5470aba7c9f@group-4198E36B776C-LeaderElection14] INFO  impl.RoleInfo (RoleInfo.java:shutdownLeaderElection(130)) - a11b2509-56e9-4ce5-bf37-e5470aba7c9f: shutdown a11b2509-56e9-4ce5-bf37-e5470aba7c9f@group-4198E36B776C-LeaderElection14
2022-08-20 13:51:18,881 [a11b2509-56e9-4ce5-bf37-e5470aba7c9f@group-4198E36B776C-LeaderElection14] INFO  impl.RoleInfo (RoleInfo.java:updateAndGet(139)) - a11b2509-56e9-4ce5-bf37-e5470aba7c9f: start a11b2509-56e9-4ce5-bf37-e5470aba7c9f@group-4198E36B776C-FollowerState
2022-08-20 13:51:18,882 [grpc-default-executor-3] INFO  server.RaftServer$Division (RaftServerImpl.java:requestVote(1184)) - 2b4e70ee-eebc-4c64-9ba5-1bae8adbf1c4@group-4198E36B776C replies to ELECTION vote request: a11b2509-56e9-4ce5-bf37-e5470aba7c9f<-2b4e70ee-eebc-4c64-9ba5-1bae8adbf1c4#0:OK-t2. Peer's state: 2b4e70ee-eebc-4c64-9ba5-1bae8adbf1c4@group-4198E36B776C:t2, leader=null, voted=a11b2509-56e9-4ce5-bf37-e5470aba7c9f, raftlog=2b4e70ee-eebc-4c64-9ba5-1bae8adbf1c4@group-4198E36B776C-SegmentedRaftLog:OPENED:c-1, conf=-1: [a11b2509-56e9-4ce5-bf37-e5470aba7c9f|rpc:127.0.0.1:46047|dataStream:|priority:0, 3b5fe929-2681-4434-877b-86f4f8bf3428|rpc:127.0.0.1:45943|dataStream:|priority:1, 2b4e70ee-eebc-4c64-9ba5-1bae8adbf1c4|rpc:127.0.0.1:33429|dataStream:|priority:0], old=null
2022-08-20 13:51:19,103 [2b4e70ee-eebc-4c64-9ba5-1bae8adbf1c4@group-98642BEBAD9E-FollowerState] INFO  impl.FollowerState (FollowerState.java:run(143)) - 2b4e70ee-eebc-4c64-9ba5-1bae8adbf1c4@group-98642BEBAD9E-FollowerState: change to CANDIDATE, lastRpcElapsedTime:5025089079ns, electionTimeout:5016ms
2022-08-20 13:51:19,103 [2b4e70ee-eebc-4c64-9ba5-1bae8adbf1c4@group-98642BEBAD9E-FollowerState] INFO  impl.RoleInfo (RoleInfo.java:shutdownFollowerState(110)) - 2b4e70ee-eebc-4c64-9ba5-1bae8adbf1c4: shutdown 2b4e70ee-eebc-4c64-9ba5-1bae8adbf1c4@group-98642BEBAD9E-FollowerState
2022-08-20 13:51:19,103 [2b4e70ee-eebc-4c64-9ba5-1bae8adbf1c4@group-98642BEBAD9E-FollowerState] INFO  server.RaftServer$Division (RaftServerImpl.java:setRole(299)) - 2b4e70ee-eebc-4c64-9ba5-1bae8adbf1c4@group-98642BEBAD9E: changes role from  FOLLOWER to CANDIDATE at term 1 for changeToCandidate
2022-08-20 13:51:19,103 [2b4e70ee-eebc-4c64-9ba5-1bae8adbf1c4@group-98642BEBAD9E-FollowerState] INFO  server.RaftServerConfigKeys (ConfUtils.java:logGet(46)) - raft.server.leaderelection.pre-vote = false (custom)
2022-08-20 13:51:19,103 [2b4e70ee-eebc-4c64-9ba5-1bae8adbf1c4@group-98642BEBAD9E-FollowerState] INFO  impl.RoleInfo (RoleInfo.java:updateAndGet(139)) - 2b4e70ee-eebc-4c64-9ba5-1bae8adbf1c4: start 2b4e70ee-eebc-4c64-9ba5-1bae8adbf1c4@group-98642BEBAD9E-LeaderElection15
2022-08-20 13:51:19,105 [2b4e70ee-eebc-4c64-9ba5-1bae8adbf1c4@group-98642BEBAD9E-LeaderElection15] INFO  impl.LeaderElection (LeaderElection.java:askForVotes(310)) - 2b4e70ee-eebc-4c64-9ba5-1bae8adbf1c4@group-98642BEBAD9E-LeaderElection15 ELECTION round 0: submit vote requests at term 2 for -1: [a11b2509-56e9-4ce5-bf37-e5470aba7c9f|rpc:127.0.0.1:46047|dataStream:|priority:1, 3b5fe929-2681-4434-877b-86f4f8bf3428|rpc:127.0.0.1:45943|dataStream:|priority:0, 2b4e70ee-eebc-4c64-9ba5-1bae8adbf1c4|rpc:127.0.0.1:33429|dataStream:|priority:0], old=null
2022-08-20 13:51:19,125 [3b5fe929-2681-4434-877b-86f4f8bf3428@group-98642BEBAD9E-FollowerState] INFO  impl.FollowerState (FollowerState.java:run(143)) - 3b5fe929-2681-4434-877b-86f4f8bf3428@group-98642BEBAD9E-FollowerState: change to CANDIDATE, lastRpcElapsedTime:5026813503ns, electionTimeout:5010ms
2022-08-20 13:51:19,125 [3b5fe929-2681-4434-877b-86f4f8bf3428@group-98642BEBAD9E-FollowerState] INFO  impl.RoleInfo (RoleInfo.java:shutdownFollowerState(110)) - 3b5fe929-2681-4434-877b-86f4f8bf3428: shutdown 3b5fe929-2681-4434-877b-86f4f8bf3428@group-98642BEBAD9E-FollowerState
2022-08-20 13:51:19,125 [3b5fe929-2681-4434-877b-86f4f8bf3428@group-98642BEBAD9E-FollowerState] INFO  server.RaftServer$Division (RaftServerImpl.java:setRole(299)) - 3b5fe929-2681-4434-877b-86f4f8bf3428@group-98642BEBAD9E: changes role from  FOLLOWER to CANDIDATE at term 1 for changeToCandidate
2022-08-20 13:51:19,125 [3b5fe929-2681-4434-877b-86f4f8bf3428@group-98642BEBAD9E-FollowerState] INFO  server.RaftServerConfigKeys (ConfUtils.java:logGet(46)) - raft.server.leaderelection.pre-vote = false (custom)
2022-08-20 13:51:19,125 [3b5fe929-2681-4434-877b-86f4f8bf3428@group-98642BEBAD9E-FollowerState] INFO  impl.RoleInfo (RoleInfo.java:updateAndGet(139)) - 3b5fe929-2681-4434-877b-86f4f8bf3428: start 3b5fe929-2681-4434-877b-86f4f8bf3428@group-98642BEBAD9E-LeaderElection16
2022-08-20 13:51:19,126 [grpc-default-executor-3] INFO  server.RaftServer$Division (RaftServerImpl.java:requestVote(1152)) - a11b2509-56e9-4ce5-bf37-e5470aba7c9f@group-98642BEBAD9E: receive requestVote(ELECTION, 2b4e70ee-eebc-4c64-9ba5-1bae8adbf1c4, group-98642BEBAD9E, 2, (t:0, i:0))
2022-08-20 13:51:19,126 [grpc-default-executor-3] INFO  impl.VoteContext (VoteContext.java:log(48)) - a11b2509-56e9-4ce5-bf37-e5470aba7c9f@group-98642BEBAD9E-FOLLOWER: reject ELECTION from 2b4e70ee-eebc-4c64-9ba5-1bae8adbf1c4: our priority 1 > candidate's priority 0
2022-08-20 13:51:19,126 [grpc-default-executor-3] INFO  server.RaftServer$Division (RaftServerImpl.java:setRole(299)) - a11b2509-56e9-4ce5-bf37-e5470aba7c9f@group-98642BEBAD9E: changes role from  FOLLOWER to FOLLOWER at term 2 for candidate:2b4e70ee-eebc-4c64-9ba5-1bae8adbf1c4
2022-08-20 13:51:19,126 [grpc-default-executor-3] INFO  impl.RoleInfo (RoleInfo.java:shutdownFollowerState(110)) - a11b2509-56e9-4ce5-bf37-e5470aba7c9f: shutdown a11b2509-56e9-4ce5-bf37-e5470aba7c9f@group-98642BEBAD9E-FollowerState
2022-08-20 13:51:19,127 [a11b2509-56e9-4ce5-bf37-e5470aba7c9f@group-98642BEBAD9E-FollowerState] INFO  impl.FollowerState (FollowerState.java:run(152)) - a11b2509-56e9-4ce5-bf37-e5470aba7c9f@group-98642BEBAD9E-FollowerState was interrupted
2022-08-20 13:51:19,127 [grpc-default-executor-3] INFO  impl.RoleInfo (RoleInfo.java:updateAndGet(139)) - a11b2509-56e9-4ce5-bf37-e5470aba7c9f: start a11b2509-56e9-4ce5-bf37-e5470aba7c9f@group-98642BEBAD9E-FollowerState
2022-08-20 13:51:19,128 [3b5fe929-2681-4434-877b-86f4f8bf3428@group-98642BEBAD9E-LeaderElection16] INFO  impl.LeaderElection (LeaderElection.java:askForVotes(310)) - 3b5fe929-2681-4434-877b-86f4f8bf3428@group-98642BEBAD9E-LeaderElection16 ELECTION round 0: submit vote requests at term 2 for -1: [a11b2509-56e9-4ce5-bf37-e5470aba7c9f|rpc:127.0.0.1:46047|dataStream:|priority:1, 3b5fe929-2681-4434-877b-86f4f8bf3428|rpc:127.0.0.1:45943|dataStream:|priority:0, 2b4e70ee-eebc-4c64-9ba5-1bae8adbf1c4|rpc:127.0.0.1:33429|dataStream:|priority:0], old=null
2022-08-20 13:51:19,132 [grpc-default-executor-3] INFO  server.RaftServer$Division (RaftServerImpl.java:requestVote(1184)) - a11b2509-56e9-4ce5-bf37-e5470aba7c9f@group-98642BEBAD9E replies to ELECTION vote request: 2b4e70ee-eebc-4c64-9ba5-1bae8adbf1c4<-a11b2509-56e9-4ce5-bf37-e5470aba7c9f#0:FAIL-t2. Peer's state: a11b2509-56e9-4ce5-bf37-e5470aba7c9f@group-98642BEBAD9E:t2, leader=null, voted=null, raftlog=a11b2509-56e9-4ce5-bf37-e5470aba7c9f@group-98642BEBAD9E-SegmentedRaftLog:OPENED:c-1, conf=-1: [a11b2509-56e9-4ce5-bf37-e5470aba7c9f|rpc:127.0.0.1:46047|priority:1, 3b5fe929-2681-4434-877b-86f4f8bf3428|rpc:127.0.0.1:45943|priority:0, 2b4e70ee-eebc-4c64-9ba5-1bae8adbf1c4|rpc:127.0.0.1:33429|priority:0], old=null
2022-08-20 13:51:19,138 [2b4e70ee-eebc-4c64-9ba5-1bae8adbf1c4@group-98642BEBAD9E-LeaderElection15] INFO  impl.LeaderElection (LeaderElection.java:logAndReturn(90)) - 2b4e70ee-eebc-4c64-9ba5-1bae8adbf1c4@group-98642BEBAD9E-LeaderElection15: ELECTION REJECTED received 1 response(s) and 0 exception(s):
2022-08-20 13:51:19,138 [2b4e70ee-eebc-4c64-9ba5-1bae8adbf1c4@group-98642BEBAD9E-LeaderElection15] INFO  impl.LeaderElection (LeaderElection.java:logAndReturn(94)) -   Response 0: 2b4e70ee-eebc-4c64-9ba5-1bae8adbf1c4<-a11b2509-56e9-4ce5-bf37-e5470aba7c9f#0:FAIL-t2
2022-08-20 13:51:19,138 [2b4e70ee-eebc-4c64-9ba5-1bae8adbf1c4@group-98642BEBAD9E-LeaderElection15] INFO  impl.LeaderElection (LeaderElection.java:askForVotes(312)) - 2b4e70ee-eebc-4c64-9ba5-1bae8adbf1c4@group-98642BEBAD9E-LeaderElection15 ELECTION round 0: result REJECTED
2022-08-20 13:51:19,138 [2b4e70ee-eebc-4c64-9ba5-1bae8adbf1c4@group-98642BEBAD9E-LeaderElection15] INFO  server.RaftServer$Division (RaftServerImpl.java:setRole(299)) - 2b4e70ee-eebc-4c64-9ba5-1bae8adbf1c4@group-98642BEBAD9E: changes role from CANDIDATE to FOLLOWER at term 2 for REJECTED
2022-08-20 13:51:19,138 [2b4e70ee-eebc-4c64-9ba5-1bae8adbf1c4@group-98642BEBAD9E-LeaderElection15] INFO  impl.RoleInfo (RoleInfo.java:shutdownLeaderElection(130)) - 2b4e70ee-eebc-4c64-9ba5-1bae8adbf1c4: shutdown 2b4e70ee-eebc-4c64-9ba5-1bae8adbf1c4@group-98642BEBAD9E-LeaderElection15
2022-08-20 13:51:19,138 [2b4e70ee-eebc-4c64-9ba5-1bae8adbf1c4@group-98642BEBAD9E-LeaderElection15] INFO  impl.RoleInfo (RoleInfo.java:updateAndGet(139)) - 2b4e70ee-eebc-4c64-9ba5-1bae8adbf1c4: start 2b4e70ee-eebc-4c64-9ba5-1bae8adbf1c4@group-98642BEBAD9E-FollowerState
2022-08-20 13:51:19,145 [grpc-default-executor-3] INFO  server.RaftServer$Division (RaftServerImpl.java:requestVote(1152)) - 3b5fe929-2681-4434-877b-86f4f8bf3428@group-98642BEBAD9E: receive requestVote(ELECTION, 2b4e70ee-eebc-4c64-9ba5-1bae8adbf1c4, group-98642BEBAD9E, 2, (t:0, i:0))
2022-08-20 13:51:19,145 [grpc-default-executor-3] INFO  impl.VoteContext (VoteContext.java:log(48)) - 3b5fe929-2681-4434-877b-86f4f8bf3428@group-98642BEBAD9E-CANDIDATE: reject ELECTION from 2b4e70ee-eebc-4c64-9ba5-1bae8adbf1c4: already has voted for 3b5fe929-2681-4434-877b-86f4f8bf3428 at current term 2
2022-08-20 13:51:19,145 [grpc-default-executor-3] INFO  server.RaftServer$Division (RaftServerImpl.java:requestVote(1184)) - 3b5fe929-2681-4434-877b-86f4f8bf3428@group-98642BEBAD9E replies to ELECTION vote request: 2b4e70ee-eebc-4c64-9ba5-1bae8adbf1c4<-3b5fe929-2681-4434-877b-86f4f8bf3428#0:FAIL-t2. Peer's state: 3b5fe929-2681-4434-877b-86f4f8bf3428@group-98642BEBAD9E:t2, leader=null, voted=3b5fe929-2681-4434-877b-86f4f8bf3428, raftlog=3b5fe929-2681-4434-877b-86f4f8bf3428@group-98642BEBAD9E-SegmentedRaftLog:OPENED:c-1, conf=-1: [a11b2509-56e9-4ce5-bf37-e5470aba7c9f|rpc:127.0.0.1:46047|dataStream:|priority:1, 3b5fe929-2681-4434-877b-86f4f8bf3428|rpc:127.0.0.1:45943|dataStream:|priority:0, 2b4e70ee-eebc-4c64-9ba5-1bae8adbf1c4|rpc:127.0.0.1:33429|dataStream:|priority:0], old=null
2022-08-20 13:51:19,154 [grpc-default-executor-3] INFO  server.RaftServer$Division (RaftServerImpl.java:requestVote(1152)) - a11b2509-56e9-4ce5-bf37-e5470aba7c9f@group-98642BEBAD9E: receive requestVote(ELECTION, 3b5fe929-2681-4434-877b-86f4f8bf3428, group-98642BEBAD9E, 2, (t:0, i:0))
2022-08-20 13:51:19,154 [grpc-default-executor-3] INFO  impl.VoteContext (VoteContext.java:log(48)) - a11b2509-56e9-4ce5-bf37-e5470aba7c9f@group-98642BEBAD9E-FOLLOWER: reject ELECTION from 3b5fe929-2681-4434-877b-86f4f8bf3428: our priority 1 > candidate's priority 0
2022-08-20 13:51:19,154 [grpc-default-executor-3] INFO  server.RaftServer$Division (RaftServerImpl.java:setRole(299)) - a11b2509-56e9-4ce5-bf37-e5470aba7c9f@group-98642BEBAD9E: changes role from  FOLLOWER to FOLLOWER at term 2 for candidate:3b5fe929-2681-4434-877b-86f4f8bf3428
2022-08-20 13:51:19,154 [grpc-default-executor-3] INFO  impl.RoleInfo (RoleInfo.java:shutdownFollowerState(110)) - a11b2509-56e9-4ce5-bf37-e5470aba7c9f: shutdown a11b2509-56e9-4ce5-bf37-e5470aba7c9f@group-98642BEBAD9E-FollowerState
2022-08-20 13:51:19,154 [grpc-default-executor-3] INFO  impl.RoleInfo (RoleInfo.java:updateAndGet(139)) - a11b2509-56e9-4ce5-bf37-e5470aba7c9f: start a11b2509-56e9-4ce5-bf37-e5470aba7c9f@group-98642BEBAD9E-FollowerState
2022-08-20 13:51:19,154 [a11b2509-56e9-4ce5-bf37-e5470aba7c9f@group-98642BEBAD9E-FollowerState] INFO  impl.FollowerState (FollowerState.java:run(152)) - a11b2509-56e9-4ce5-bf37-e5470aba7c9f@group-98642BEBAD9E-FollowerState was interrupted
2022-08-20 13:51:19,154 [grpc-default-executor-3] INFO  server.RaftServer$Division (RaftServerImpl.java:requestVote(1184)) - a11b2509-56e9-4ce5-bf37-e5470aba7c9f@group-98642BEBAD9E replies to ELECTION vote request: 3b5fe929-2681-4434-877b-86f4f8bf3428<-a11b2509-56e9-4ce5-bf37-e5470aba7c9f#0:FAIL-t2. Peer's state: a11b2509-56e9-4ce5-bf37-e5470aba7c9f@group-98642BEBAD9E:t2, leader=null, voted=null, raftlog=a11b2509-56e9-4ce5-bf37-e5470aba7c9f@group-98642BEBAD9E-SegmentedRaftLog:OPENED:c-1, conf=-1: [a11b2509-56e9-4ce5-bf37-e5470aba7c9f|rpc:127.0.0.1:46047|priority:1, 3b5fe929-2681-4434-877b-86f4f8bf3428|rpc:127.0.0.1:45943|priority:0, 2b4e70ee-eebc-4c64-9ba5-1bae8adbf1c4|rpc:127.0.0.1:33429|priority:0], old=null
2022-08-20 13:51:19,156 [grpc-default-executor-4] INFO  server.RaftServer$Division (RaftServerImpl.java:requestVote(1152)) - 2b4e70ee-eebc-4c64-9ba5-1bae8adbf1c4@group-98642BEBAD9E: receive requestVote(ELECTION, 3b5fe929-2681-4434-877b-86f4f8bf3428, group-98642BEBAD9E, 2, (t:0, i:0))
2022-08-20 13:51:19,156 [grpc-default-executor-4] INFO  impl.VoteContext (VoteContext.java:log(48)) - 2b4e70ee-eebc-4c64-9ba5-1bae8adbf1c4@group-98642BEBAD9E-FOLLOWER: reject ELECTION from 3b5fe929-2681-4434-877b-86f4f8bf3428: already has voted for 2b4e70ee-eebc-4c64-9ba5-1bae8adbf1c4 at current term 2
2022-08-20 13:51:19,156 [grpc-default-executor-4] INFO  server.RaftServer$Division (RaftServerImpl.java:requestVote(1184)) - 2b4e70ee-eebc-4c64-9ba5-1bae8adbf1c4@group-98642BEBAD9E replies to ELECTION vote request: 3b5fe929-2681-4434-877b-86f4f8bf3428<-2b4e70ee-eebc-4c64-9ba5-1bae8adbf1c4#0:FAIL-t2. Peer's state: 2b4e70ee-eebc-4c64-9ba5-1bae8adbf1c4@group-98642BEBAD9E:t2, leader=null, voted=2b4e70ee-eebc-4c64-9ba5-1bae8adbf1c4, raftlog=2b4e70ee-eebc-4c64-9ba5-1bae8adbf1c4@group-98642BEBAD9E-SegmentedRaftLog:OPENED:c-1, conf=-1: [a11b2509-56e9-4ce5-bf37-e5470aba7c9f|rpc:127.0.0.1:46047|dataStream:|priority:1, 3b5fe929-2681-4434-877b-86f4f8bf3428|rpc:127.0.0.1:45943|dataStream:|priority:0, 2b4e70ee-eebc-4c64-9ba5-1bae8adbf1c4|rpc:127.0.0.1:33429|dataStream:|priority:0], old=null
2022-08-20 13:51:19,157 [3b5fe929-2681-4434-877b-86f4f8bf3428@group-98642BEBAD9E-LeaderElection16] INFO  impl.LeaderElection (LeaderElection.java:logAndReturn(90)) - 3b5fe929-2681-4434-877b-86f4f8bf3428@group-98642BEBAD9E-LeaderElection16: ELECTION REJECTED received 1 response(s) and 0 exception(s):
2022-08-20 13:51:19,157 [3b5fe929-2681-4434-877b-86f4f8bf3428@group-98642BEBAD9E-LeaderElection16] INFO  impl.LeaderElection (LeaderElection.java:logAndReturn(94)) -   Response 0: 3b5fe929-2681-4434-877b-86f4f8bf3428<-a11b2509-56e9-4ce5-bf37-e5470aba7c9f#0:FAIL-t2
2022-08-20 13:51:19,157 [3b5fe929-2681-4434-877b-86f4f8bf3428@group-98642BEBAD9E-LeaderElection16] INFO  impl.LeaderElection (LeaderElection.java:askForVotes(312)) - 3b5fe929-2681-4434-877b-86f4f8bf3428@group-98642BEBAD9E-LeaderElection16 ELECTION round 0: result REJECTED
2022-08-20 13:51:19,158 [3b5fe929-2681-4434-877b-86f4f8bf3428@group-98642BEBAD9E-LeaderElection16] INFO  server.RaftServer$Division (RaftServerImpl.java:setRole(299)) - 3b5fe929-2681-4434-877b-86f4f8bf3428@group-98642BEBAD9E: changes role from CANDIDATE to FOLLOWER at term 2 for REJECTED
2022-08-20 13:51:19,158 [3b5fe929-2681-4434-877b-86f4f8bf3428@group-98642BEBAD9E-LeaderElection16] INFO  impl.RoleInfo (RoleInfo.java:shutdownLeaderElection(130)) - 3b5fe929-2681-4434-877b-86f4f8bf3428: shutdown 3b5fe929-2681-4434-877b-86f4f8bf3428@group-98642BEBAD9E-LeaderElection16
2022-08-20 13:51:19,158 [3b5fe929-2681-4434-877b-86f4f8bf3428@group-98642BEBAD9E-LeaderElection16] INFO  impl.RoleInfo (RoleInfo.java:updateAndGet(139)) - 3b5fe929-2681-4434-877b-86f4f8bf3428: start 3b5fe929-2681-4434-877b-86f4f8bf3428@group-98642BEBAD9E-FollowerState
2022-08-20 13:51:19,329 [Listener at 127.0.0.1/34995] INFO  ozone.MiniOzoneClusterImpl (MiniOzoneClusterImpl.java:lambda$waitForClusterToBeReady$0(216)) - Nodes are ready. Got 3 of 3 DN Heartbeats.
2022-08-20 13:51:19,329 [Listener at 127.0.0.1/34995] INFO  ozone.MiniOzoneClusterImpl (MiniOzoneClusterImpl.java:lambda$waitForClusterToBeReady$0(219)) - Waiting for cluster to exit safe mode
2022-08-20 13:51:19,329 [Listener at 127.0.0.1/34995] INFO  ozone.MiniOzoneClusterImpl (MiniOzoneClusterImpl.java:lambda$waitForClusterToBeReady$0(221)) - SCM became leader
2022-08-20 13:51:20,329 [Listener at 127.0.0.1/34995] INFO  ozone.MiniOzoneClusterImpl (MiniOzoneClusterImpl.java:lambda$waitForClusterToBeReady$0(216)) - Nodes are ready. Got 3 of 3 DN Heartbeats.
2022-08-20 13:51:20,330 [Listener at 127.0.0.1/34995] INFO  ozone.MiniOzoneClusterImpl (MiniOzoneClusterImpl.java:lambda$waitForClusterToBeReady$0(219)) - Waiting for cluster to exit safe mode
2022-08-20 13:51:20,330 [Listener at 127.0.0.1/34995] INFO  ozone.MiniOzoneClusterImpl (MiniOzoneClusterImpl.java:lambda$waitForClusterToBeReady$0(221)) - SCM became leader
2022-08-20 13:51:21,330 [Listener at 127.0.0.1/34995] INFO  ozone.MiniOzoneClusterImpl (MiniOzoneClusterImpl.java:lambda$waitForClusterToBeReady$0(216)) - Nodes are ready. Got 3 of 3 DN Heartbeats.
2022-08-20 13:51:21,330 [Listener at 127.0.0.1/34995] INFO  ozone.MiniOzoneClusterImpl (MiniOzoneClusterImpl.java:lambda$waitForClusterToBeReady$0(219)) - Waiting for cluster to exit safe mode
2022-08-20 13:51:21,330 [Listener at 127.0.0.1/34995] INFO  ozone.MiniOzoneClusterImpl (MiniOzoneClusterImpl.java:lambda$waitForClusterToBeReady$0(221)) - SCM became leader
2022-08-20 13:51:22,331 [Listener at 127.0.0.1/34995] INFO  ozone.MiniOzoneClusterImpl (MiniOzoneClusterImpl.java:lambda$waitForClusterToBeReady$0(216)) - Nodes are ready. Got 3 of 3 DN Heartbeats.
2022-08-20 13:51:22,331 [Listener at 127.0.0.1/34995] INFO  ozone.MiniOzoneClusterImpl (MiniOzoneClusterImpl.java:lambda$waitForClusterToBeReady$0(219)) - Waiting for cluster to exit safe mode
2022-08-20 13:51:22,331 [Listener at 127.0.0.1/34995] INFO  ozone.MiniOzoneClusterImpl (MiniOzoneClusterImpl.java:lambda$waitForClusterToBeReady$0(221)) - SCM became leader
2022-08-20 13:51:23,331 [Listener at 127.0.0.1/34995] INFO  ozone.MiniOzoneClusterImpl (MiniOzoneClusterImpl.java:lambda$waitForClusterToBeReady$0(216)) - Nodes are ready. Got 3 of 3 DN Heartbeats.
2022-08-20 13:51:23,332 [Listener at 127.0.0.1/34995] INFO  ozone.MiniOzoneClusterImpl (MiniOzoneClusterImpl.java:lambda$waitForClusterToBeReady$0(219)) - Waiting for cluster to exit safe mode
2022-08-20 13:51:23,332 [Listener at 127.0.0.1/34995] INFO  ozone.MiniOzoneClusterImpl (MiniOzoneClusterImpl.java:lambda$waitForClusterToBeReady$0(221)) - SCM became leader
2022-08-20 13:51:24,001 [3b5fe929-2681-4434-877b-86f4f8bf3428@group-4198E36B776C-FollowerState] INFO  impl.FollowerState (FollowerState.java:run(143)) - 3b5fe929-2681-4434-877b-86f4f8bf3428@group-4198E36B776C-FollowerState: change to CANDIDATE, lastRpcElapsedTime:5133625768ns, electionTimeout:5121ms
2022-08-20 13:51:24,001 [3b5fe929-2681-4434-877b-86f4f8bf3428@group-4198E36B776C-FollowerState] INFO  impl.RoleInfo (RoleInfo.java:shutdownFollowerState(110)) - 3b5fe929-2681-4434-877b-86f4f8bf3428: shutdown 3b5fe929-2681-4434-877b-86f4f8bf3428@group-4198E36B776C-FollowerState
2022-08-20 13:51:24,001 [3b5fe929-2681-4434-877b-86f4f8bf3428@group-4198E36B776C-FollowerState] INFO  server.RaftServer$Division (RaftServerImpl.java:setRole(299)) - 3b5fe929-2681-4434-877b-86f4f8bf3428@group-4198E36B776C: changes role from  FOLLOWER to CANDIDATE at term 2 for changeToCandidate
2022-08-20 13:51:24,002 [3b5fe929-2681-4434-877b-86f4f8bf3428@group-4198E36B776C-FollowerState] INFO  server.RaftServerConfigKeys (ConfUtils.java:logGet(46)) - raft.server.leaderelection.pre-vote = false (custom)
2022-08-20 13:51:24,002 [3b5fe929-2681-4434-877b-86f4f8bf3428@group-4198E36B776C-FollowerState] INFO  impl.RoleInfo (RoleInfo.java:updateAndGet(139)) - 3b5fe929-2681-4434-877b-86f4f8bf3428: start 3b5fe929-2681-4434-877b-86f4f8bf3428@group-4198E36B776C-LeaderElection17
2022-08-20 13:51:24,006 [3b5fe929-2681-4434-877b-86f4f8bf3428@group-4198E36B776C-LeaderElection17] INFO  impl.LeaderElection (LeaderElection.java:askForVotes(310)) - 3b5fe929-2681-4434-877b-86f4f8bf3428@group-4198E36B776C-LeaderElection17 ELECTION round 0: submit vote requests at term 3 for -1: [a11b2509-56e9-4ce5-bf37-e5470aba7c9f|rpc:127.0.0.1:46047|dataStream:|priority:0, 3b5fe929-2681-4434-877b-86f4f8bf3428|rpc:127.0.0.1:45943|dataStream:|priority:1, 2b4e70ee-eebc-4c64-9ba5-1bae8adbf1c4|rpc:127.0.0.1:33429|dataStream:|priority:0], old=null
2022-08-20 13:51:24,011 [grpc-default-executor-3] INFO  server.RaftServer$Division (RaftServerImpl.java:requestVote(1152)) - a11b2509-56e9-4ce5-bf37-e5470aba7c9f@group-4198E36B776C: receive requestVote(ELECTION, 3b5fe929-2681-4434-877b-86f4f8bf3428, group-4198E36B776C, 3, (t:0, i:0))
2022-08-20 13:51:24,011 [grpc-default-executor-3] INFO  impl.VoteContext (VoteContext.java:log(48)) - a11b2509-56e9-4ce5-bf37-e5470aba7c9f@group-4198E36B776C-FOLLOWER: accept ELECTION from 3b5fe929-2681-4434-877b-86f4f8bf3428: our priority 0 <= candidate's priority 1
2022-08-20 13:51:24,011 [grpc-default-executor-3] INFO  server.RaftServer$Division (RaftServerImpl.java:setRole(299)) - a11b2509-56e9-4ce5-bf37-e5470aba7c9f@group-4198E36B776C: changes role from  FOLLOWER to FOLLOWER at term 3 for candidate:3b5fe929-2681-4434-877b-86f4f8bf3428
2022-08-20 13:51:24,011 [grpc-default-executor-3] INFO  impl.RoleInfo (RoleInfo.java:shutdownFollowerState(110)) - a11b2509-56e9-4ce5-bf37-e5470aba7c9f: shutdown a11b2509-56e9-4ce5-bf37-e5470aba7c9f@group-4198E36B776C-FollowerState
2022-08-20 13:51:24,011 [grpc-default-executor-3] INFO  impl.RoleInfo (RoleInfo.java:updateAndGet(139)) - a11b2509-56e9-4ce5-bf37-e5470aba7c9f: start a11b2509-56e9-4ce5-bf37-e5470aba7c9f@group-4198E36B776C-FollowerState
2022-08-20 13:51:24,012 [a11b2509-56e9-4ce5-bf37-e5470aba7c9f@group-4198E36B776C-FollowerState] INFO  impl.FollowerState (FollowerState.java:run(152)) - a11b2509-56e9-4ce5-bf37-e5470aba7c9f@group-4198E36B776C-FollowerState was interrupted
2022-08-20 13:51:24,012 [grpc-default-executor-4] INFO  server.RaftServer$Division (RaftServerImpl.java:requestVote(1152)) - 2b4e70ee-eebc-4c64-9ba5-1bae8adbf1c4@group-4198E36B776C: receive requestVote(ELECTION, 3b5fe929-2681-4434-877b-86f4f8bf3428, group-4198E36B776C, 3, (t:0, i:0))
2022-08-20 13:51:24,012 [grpc-default-executor-4] INFO  impl.VoteContext (VoteContext.java:log(48)) - 2b4e70ee-eebc-4c64-9ba5-1bae8adbf1c4@group-4198E36B776C-FOLLOWER: accept ELECTION from 3b5fe929-2681-4434-877b-86f4f8bf3428: our priority 0 <= candidate's priority 1
2022-08-20 13:51:24,012 [grpc-default-executor-4] INFO  server.RaftServer$Division (RaftServerImpl.java:setRole(299)) - 2b4e70ee-eebc-4c64-9ba5-1bae8adbf1c4@group-4198E36B776C: changes role from  FOLLOWER to FOLLOWER at term 3 for candidate:3b5fe929-2681-4434-877b-86f4f8bf3428
2022-08-20 13:51:24,012 [grpc-default-executor-4] INFO  impl.RoleInfo (RoleInfo.java:shutdownFollowerState(110)) - 2b4e70ee-eebc-4c64-9ba5-1bae8adbf1c4: shutdown 2b4e70ee-eebc-4c64-9ba5-1bae8adbf1c4@group-4198E36B776C-FollowerState
2022-08-20 13:51:24,014 [grpc-default-executor-4] INFO  impl.RoleInfo (RoleInfo.java:updateAndGet(139)) - 2b4e70ee-eebc-4c64-9ba5-1bae8adbf1c4: start 2b4e70ee-eebc-4c64-9ba5-1bae8adbf1c4@group-4198E36B776C-FollowerState
2022-08-20 13:51:24,014 [2b4e70ee-eebc-4c64-9ba5-1bae8adbf1c4@group-4198E36B776C-FollowerState] INFO  impl.FollowerState (FollowerState.java:run(152)) - 2b4e70ee-eebc-4c64-9ba5-1bae8adbf1c4@group-4198E36B776C-FollowerState was interrupted
2022-08-20 13:51:24,017 [grpc-default-executor-3] INFO  server.RaftServer$Division (RaftServerImpl.java:requestVote(1184)) - a11b2509-56e9-4ce5-bf37-e5470aba7c9f@group-4198E36B776C replies to ELECTION vote request: 3b5fe929-2681-4434-877b-86f4f8bf3428<-a11b2509-56e9-4ce5-bf37-e5470aba7c9f#0:OK-t3. Peer's state: a11b2509-56e9-4ce5-bf37-e5470aba7c9f@group-4198E36B776C:t3, leader=null, voted=3b5fe929-2681-4434-877b-86f4f8bf3428, raftlog=a11b2509-56e9-4ce5-bf37-e5470aba7c9f@group-4198E36B776C-SegmentedRaftLog:OPENED:c-1, conf=-1: [a11b2509-56e9-4ce5-bf37-e5470aba7c9f|rpc:127.0.0.1:46047|priority:0, 3b5fe929-2681-4434-877b-86f4f8bf3428|rpc:127.0.0.1:45943|priority:1, 2b4e70ee-eebc-4c64-9ba5-1bae8adbf1c4|rpc:127.0.0.1:33429|priority:0], old=null
2022-08-20 13:51:24,019 [3b5fe929-2681-4434-877b-86f4f8bf3428@group-4198E36B776C-LeaderElection17] INFO  impl.LeaderElection (LeaderElection.java:logAndReturn(90)) - 3b5fe929-2681-4434-877b-86f4f8bf3428@group-4198E36B776C-LeaderElection17: ELECTION PASSED received 1 response(s) and 0 exception(s):
2022-08-20 13:51:24,019 [3b5fe929-2681-4434-877b-86f4f8bf3428@group-4198E36B776C-LeaderElection17] INFO  impl.LeaderElection (LeaderElection.java:logAndReturn(94)) -   Response 0: 3b5fe929-2681-4434-877b-86f4f8bf3428<-a11b2509-56e9-4ce5-bf37-e5470aba7c9f#0:OK-t3
2022-08-20 13:51:24,019 [3b5fe929-2681-4434-877b-86f4f8bf3428@group-4198E36B776C-LeaderElection17] INFO  impl.LeaderElection (LeaderElection.java:askForVotes(312)) - 3b5fe929-2681-4434-877b-86f4f8bf3428@group-4198E36B776C-LeaderElection17 ELECTION round 0: result PASSED
2022-08-20 13:51:24,019 [3b5fe929-2681-4434-877b-86f4f8bf3428@group-4198E36B776C-LeaderElection17] INFO  impl.RoleInfo (RoleInfo.java:shutdownLeaderElection(130)) - 3b5fe929-2681-4434-877b-86f4f8bf3428: shutdown 3b5fe929-2681-4434-877b-86f4f8bf3428@group-4198E36B776C-LeaderElection17
2022-08-20 13:51:24,020 [3b5fe929-2681-4434-877b-86f4f8bf3428@group-4198E36B776C-LeaderElection17] INFO  server.RaftServer$Division (RaftServerImpl.java:setRole(299)) - 3b5fe929-2681-4434-877b-86f4f8bf3428@group-4198E36B776C: changes role from CANDIDATE to LEADER at term 3 for changeToLeader
2022-08-20 13:51:24,020 [3b5fe929-2681-4434-877b-86f4f8bf3428@group-4198E36B776C-LeaderElection17] INFO  ratis.XceiverServerRatis (XceiverServerRatis.java:handleLeaderChangedNotification(863)) - Leader change notification received for group: group-4198E36B776C with new leaderId: 3b5fe929-2681-4434-877b-86f4f8bf3428
2022-08-20 13:51:24,020 [grpc-default-executor-4] INFO  server.RaftServer$Division (RaftServerImpl.java:requestVote(1184)) - 2b4e70ee-eebc-4c64-9ba5-1bae8adbf1c4@group-4198E36B776C replies to ELECTION vote request: 3b5fe929-2681-4434-877b-86f4f8bf3428<-2b4e70ee-eebc-4c64-9ba5-1bae8adbf1c4#0:OK-t3. Peer's state: 2b4e70ee-eebc-4c64-9ba5-1bae8adbf1c4@group-4198E36B776C:t3, leader=null, voted=3b5fe929-2681-4434-877b-86f4f8bf3428, raftlog=2b4e70ee-eebc-4c64-9ba5-1bae8adbf1c4@group-4198E36B776C-SegmentedRaftLog:OPENED:c-1, conf=-1: [a11b2509-56e9-4ce5-bf37-e5470aba7c9f|rpc:127.0.0.1:46047|dataStream:|priority:0, 3b5fe929-2681-4434-877b-86f4f8bf3428|rpc:127.0.0.1:45943|dataStream:|priority:1, 2b4e70ee-eebc-4c64-9ba5-1bae8adbf1c4|rpc:127.0.0.1:33429|dataStream:|priority:0], old=null
2022-08-20 13:51:24,020 [3b5fe929-2681-4434-877b-86f4f8bf3428@group-4198E36B776C-LeaderElection17] INFO  server.RaftServer$Division (ServerState.java:setLeader(287)) - 3b5fe929-2681-4434-877b-86f4f8bf3428@group-4198E36B776C: change Leader from null to 3b5fe929-2681-4434-877b-86f4f8bf3428 at term 3 for becomeLeader, leader elected after 15237ms
2022-08-20 13:51:24,020 [3b5fe929-2681-4434-877b-86f4f8bf3428@group-4198E36B776C-LeaderElection17] INFO  server.RaftServerConfigKeys (ConfUtils.java:logGet(46)) - raft.server.staging.catchup.gap = 1000 (default)
2022-08-20 13:51:24,020 [3b5fe929-2681-4434-877b-86f4f8bf3428@group-4198E36B776C-LeaderElection17] INFO  server.RaftServerConfigKeys (ConfUtils.java:logGet(46)) - raft.server.write.element-limit = 1024 (custom)
2022-08-20 13:51:24,020 [3b5fe929-2681-4434-877b-86f4f8bf3428@group-4198E36B776C-LeaderElection17] INFO  server.RaftServerConfigKeys (ConfUtils.java:logGet(46)) - raft.server.write.byte-limit = 1024 M (=1073741824) (custom)
2022-08-20 13:51:24,021 [3b5fe929-2681-4434-877b-86f4f8bf3428@group-4198E36B776C-LeaderElection17] INFO  server.RaftServerConfigKeys (ConfUtils.java:logGet(46)) - raft.server.watch.timeout = 180s (custom)
2022-08-20 13:51:24,021 [3b5fe929-2681-4434-877b-86f4f8bf3428@group-4198E36B776C-LeaderElection17] INFO  server.RaftServerConfigKeys (ConfUtils.java:logGet(46)) - raft.server.watch.timeout.denomination = 1s (default)
2022-08-20 13:51:24,021 [3b5fe929-2681-4434-877b-86f4f8bf3428@group-4198E36B776C-LeaderElection17] INFO  server.RaftServerConfigKeys (ConfUtils.java:logGet(46)) - raft.server.watch.element-limit = 65536 (default)
2022-08-20 13:51:24,021 [3b5fe929-2681-4434-877b-86f4f8bf3428@group-4198E36B776C-LeaderElection17] INFO  server.RaftServerConfigKeys (ConfUtils.java:logGet(46)) - raft.server.write.element-limit = 1024 (custom)
2022-08-20 13:51:24,021 [3b5fe929-2681-4434-877b-86f4f8bf3428@group-4198E36B776C-LeaderElection17] INFO  server.RaftServerConfigKeys (ConfUtils.java:logGet(46)) - raft.server.write.follower.gap.ratio.max = -1.0 (default)
2022-08-20 13:51:24,021 [3b5fe929-2681-4434-877b-86f4f8bf3428@group-4198E36B776C-LeaderElection17] INFO  server.RaftServerConfigKeys (ConfUtils.java:logGet(46)) - raft.server.log.appender.snapshot.chunk.size.max = 16MB (=16777216) (default)
2022-08-20 13:51:24,021 [3b5fe929-2681-4434-877b-86f4f8bf3428@group-4198E36B776C-LeaderElection17] INFO  server.RaftServerConfigKeys (ConfUtils.java:logGet(46)) - raft.server.log.appender.buffer.byte-limit = 33554432 (custom)
2022-08-20 13:51:24,022 [3b5fe929-2681-4434-877b-86f4f8bf3428@group-4198E36B776C-LeaderElection17] INFO  server.RaftServerConfigKeys (ConfUtils.java:logGet(46)) - raft.server.log.appender.buffer.element-limit = 1 (custom)
2022-08-20 13:51:24,022 [3b5fe929-2681-4434-877b-86f4f8bf3428@group-4198E36B776C-LeaderElection17] INFO  grpc.GrpcConfigKeys (ConfUtils.java:logGet(46)) - raft.grpc.server.leader.outstanding.appends.max = 128 (default)
2022-08-20 13:51:24,022 [3b5fe929-2681-4434-877b-86f4f8bf3428@group-4198E36B776C-LeaderElection17] INFO  server.RaftServerConfigKeys (ConfUtils.java:logGet(46)) - raft.server.rpc.request.timeout = 60s (custom)
2022-08-20 13:51:24,022 [3b5fe929-2681-4434-877b-86f4f8bf3428@group-4198E36B776C-LeaderElection17] INFO  server.RaftServerConfigKeys (ConfUtils.java:logGet(46)) - raft.server.log.appender.install.snapshot.enabled = false (custom)
2022-08-20 13:51:24,022 [3b5fe929-2681-4434-877b-86f4f8bf3428@group-4198E36B776C-LeaderElection17] INFO  server.RaftServerConfigKeys (ConfUtils.java:logGet(46)) - raft.server.log.appender.snapshot.chunk.size.max = 16MB (=16777216) (default)
2022-08-20 13:51:24,023 [3b5fe929-2681-4434-877b-86f4f8bf3428@group-4198E36B776C-LeaderElection17] INFO  server.RaftServerConfigKeys (ConfUtils.java:logGet(46)) - raft.server.log.appender.buffer.byte-limit = 33554432 (custom)
2022-08-20 13:51:24,023 [3b5fe929-2681-4434-877b-86f4f8bf3428@group-4198E36B776C-LeaderElection17] INFO  server.RaftServerConfigKeys (ConfUtils.java:logGet(46)) - raft.server.log.appender.buffer.element-limit = 1 (custom)
2022-08-20 13:51:24,023 [3b5fe929-2681-4434-877b-86f4f8bf3428@group-4198E36B776C-LeaderElection17] INFO  grpc.GrpcConfigKeys (ConfUtils.java:logGet(46)) - raft.grpc.server.leader.outstanding.appends.max = 128 (default)
2022-08-20 13:51:24,023 [3b5fe929-2681-4434-877b-86f4f8bf3428@group-4198E36B776C-LeaderElection17] INFO  server.RaftServerConfigKeys (ConfUtils.java:logGet(46)) - raft.server.rpc.request.timeout = 60s (custom)
2022-08-20 13:51:24,023 [3b5fe929-2681-4434-877b-86f4f8bf3428@group-4198E36B776C-LeaderElection17] INFO  server.RaftServerConfigKeys (ConfUtils.java:logGet(46)) - raft.server.log.appender.install.snapshot.enabled = false (custom)
2022-08-20 13:51:24,023 [3b5fe929-2681-4434-877b-86f4f8bf3428@group-4198E36B776C-LeaderElection17] INFO  impl.RoleInfo (RoleInfo.java:updateAndGet(139)) - 3b5fe929-2681-4434-877b-86f4f8bf3428: start 3b5fe929-2681-4434-877b-86f4f8bf3428@group-4198E36B776C-LeaderStateImpl
2022-08-20 13:51:24,023 [3b5fe929-2681-4434-877b-86f4f8bf3428@group-4198E36B776C-LeaderElection17] INFO  segmented.SegmentedRaftLogWorker (SegmentedRaftLogWorker.java:startLogSegment(425)) - 3b5fe929-2681-4434-877b-86f4f8bf3428@group-4198E36B776C-SegmentedRaftLogWorker: Starting segment from index:0
2022-08-20 13:51:24,026 [EventQueue-PipelineReportForPipelineReportHandler] INFO  pipeline.PipelineManagerImpl (PipelineManagerImpl.java:openPipeline(367)) - Pipeline Pipeline[ Id: 636ce802-0b5b-4e15-b57f-4198e36b776c, Nodes: 3b5fe929-2681-4434-877b-86f4f8bf3428{ip: 127.0.0.1, host: localhost, ports: [REPLICATION=41603, RATIS=45943, RATIS_ADMIN=45943, RATIS_SERVER=45943, STANDALONE=40729], networkLocation: /default-rack, certSerialId: null, persistedOpState: IN_SERVICE, persistedOpStateExpiryEpochSec: 0}a11b2509-56e9-4ce5-bf37-e5470aba7c9f{ip: 127.0.0.1, host: localhost, ports: [REPLICATION=43307, RATIS=46047, RATIS_ADMIN=46047, RATIS_SERVER=46047, STANDALONE=39107], networkLocation: /default-rack, certSerialId: null, persistedOpState: IN_SERVICE, persistedOpStateExpiryEpochSec: 0}2b4e70ee-eebc-4c64-9ba5-1bae8adbf1c4{ip: 127.0.0.1, host: localhost, ports: [REPLICATION=41605, RATIS=33429, RATIS_ADMIN=33429, RATIS_SERVER=33429, STANDALONE=36013], networkLocation: /default-rack, certSerialId: null, persistedOpState: IN_SERVICE, persistedOpStateExpiryEpochSec: 0}, ReplicationConfig: RATIS/THREE, State:ALLOCATED, leaderId:3b5fe929-2681-4434-877b-86f4f8bf3428, CreationTimestamp2022-08-20T13:51:06.385Z[Etc/UTC]] moved to OPEN state
2022-08-20 13:51:24,026 [EventQueue-PipelineReportForPipelineReportHandler] INFO  pipeline.PipelineManagerImpl (PipelineManagerImpl.java:openPipeline(367)) - Pipeline Pipeline[ Id: 636ce802-0b5b-4e15-b57f-4198e36b776c, Nodes: 3b5fe929-2681-4434-877b-86f4f8bf3428{ip: 127.0.0.1, host: localhost, ports: [REPLICATION=41603, RATIS=45943, RATIS_ADMIN=45943, RATIS_SERVER=45943, STANDALONE=40729], networkLocation: /default-rack, certSerialId: null, persistedOpState: IN_SERVICE, persistedOpStateExpiryEpochSec: 0}a11b2509-56e9-4ce5-bf37-e5470aba7c9f{ip: 127.0.0.1, host: localhost, ports: [REPLICATION=43307, RATIS=46047, RATIS_ADMIN=46047, RATIS_SERVER=46047, STANDALONE=39107], networkLocation: /default-rack, certSerialId: null, persistedOpState: IN_SERVICE, persistedOpStateExpiryEpochSec: 0}2b4e70ee-eebc-4c64-9ba5-1bae8adbf1c4{ip: 127.0.0.1, host: localhost, ports: [REPLICATION=41605, RATIS=33429, RATIS_ADMIN=33429, RATIS_SERVER=33429, STANDALONE=36013], networkLocation: /default-rack, certSerialId: null, persistedOpState: IN_SERVICE, persistedOpStateExpiryEpochSec: 0}, ReplicationConfig: RATIS/THREE, State:ALLOCATED, leaderId:3b5fe929-2681-4434-877b-86f4f8bf3428, CreationTimestamp2022-08-20T13:51:06.385Z[Etc/UTC]] moved to OPEN state
2022-08-20 13:51:24,026 [EventQueue-PipelineReportForPipelineReportHandler] INFO  pipeline.PipelineManagerImpl (PipelineManagerImpl.java:openPipeline(367)) - Pipeline Pipeline[ Id: 636ce802-0b5b-4e15-b57f-4198e36b776c, Nodes: 3b5fe929-2681-4434-877b-86f4f8bf3428{ip: 127.0.0.1, host: localhost, ports: [REPLICATION=41603, RATIS=45943, RATIS_ADMIN=45943, RATIS_SERVER=45943, STANDALONE=40729], networkLocation: /default-rack, certSerialId: null, persistedOpState: IN_SERVICE, persistedOpStateExpiryEpochSec: 0}a11b2509-56e9-4ce5-bf37-e5470aba7c9f{ip: 127.0.0.1, host: localhost, ports: [REPLICATION=43307, RATIS=46047, RATIS_ADMIN=46047, RATIS_SERVER=46047, STANDALONE=39107], networkLocation: /default-rack, certSerialId: null, persistedOpState: IN_SERVICE, persistedOpStateExpiryEpochSec: 0}2b4e70ee-eebc-4c64-9ba5-1bae8adbf1c4{ip: 127.0.0.1, host: localhost, ports: [REPLICATION=41605, RATIS=33429, RATIS_ADMIN=33429, RATIS_SERVER=33429, STANDALONE=36013], networkLocation: /default-rack, certSerialId: null, persistedOpState: IN_SERVICE, persistedOpStateExpiryEpochSec: 0}, ReplicationConfig: RATIS/THREE, State:ALLOCATED, leaderId:3b5fe929-2681-4434-877b-86f4f8bf3428, CreationTimestamp2022-08-20T13:51:06.385Z[Etc/UTC]] moved to OPEN state
2022-08-20 13:51:24,027 [EventQueue-OpenPipelineForHealthyPipelineSafeModeRule] INFO  safemode.SCMSafeModeManager (HealthyPipelineSafeModeRule.java:process(137)) - SCM in safe mode. Healthy pipelines reported count is 0, required healthy pipeline reported count is 1
2022-08-20 13:51:24,031 [EventQueue-OpenPipelineForHealthyPipelineSafeModeRule] INFO  safemode.SCMSafeModeManager (HealthyPipelineSafeModeRule.java:process(137)) - SCM in safe mode. Healthy pipelines reported count is 0, required healthy pipeline reported count is 1
2022-08-20 13:51:24,033 [3b5fe929-2681-4434-877b-86f4f8bf3428@group-4198E36B776C-SegmentedRaftLogWorker] INFO  segmented.SegmentedRaftLogWorker (SegmentedRaftLogWorker.java:execute(629)) - 3b5fe929-2681-4434-877b-86f4f8bf3428@group-4198E36B776C-SegmentedRaftLogWorker: created new log segment /home/runner/work/ozone/ozone/hadoop-ozone/integration-test/target/test-dir/MiniOzoneClusterImpl-1d33bde5-c0a1-446c-b0a2-a2cb2457c7cc/datanode-1/data/ratis/636ce802-0b5b-4e15-b57f-4198e36b776c/current/log_inprogress_0
2022-08-20 13:51:24,035 [d94a9406-f498-4882-9ec6-2683d96ac94a@group-A2CB2457C7CC-StateMachineUpdater] INFO  safemode.HealthyPipelineSafeModeRule (HealthyPipelineSafeModeRule.java:initializeRule(165)) - Refreshed total pipeline count is 1, healthy pipeline threshold count is 1
2022-08-20 13:51:24,035 [EventQueue-OpenPipelineForHealthyPipelineSafeModeRule] INFO  safemode.SCMSafeModeManager (HealthyPipelineSafeModeRule.java:process(137)) - SCM in safe mode. Healthy pipelines reported count is 1, required healthy pipeline reported count is 1
2022-08-20 13:51:24,035 [EventQueue-OpenPipelineForHealthyPipelineSafeModeRule] INFO  safemode.SCMSafeModeManager (SCMSafeModeManager.java:validateSafeModeExitRules(204)) - HealthyPipelineSafeModeRule rule is successfully validated
2022-08-20 13:51:24,035 [EventQueue-OpenPipelineForHealthyPipelineSafeModeRule] INFO  safemode.SCMSafeModeManager (SCMSafeModeManager.java:validateSafeModeExitRules(219)) - ScmSafeModeManager, all rules are successfully validated
2022-08-20 13:51:24,035 [EventQueue-OpenPipelineForHealthyPipelineSafeModeRule] INFO  safemode.SCMSafeModeManager (SCMSafeModeManager.java:exitSafeMode(248)) - SCM exiting safe mode.
2022-08-20 13:51:24,035 [EventQueue-OpenPipelineForHealthyPipelineSafeModeRule] WARN  events.EventQueue (EventQueue.java:fireEvent(216)) - No event handler registered for event TypedEvent{payloadType=SafeModeStatus, name='Safe mode status'}
2022-08-20 13:51:24,035 [EventQueue-OpenPipelineForHealthyPipelineSafeModeRule] INFO  ha.SCMContext (SCMContext.java:updateSafeModeStatus(228)) - Update SafeModeStatus from SafeModeStatus{safeModeStatus=true, preCheckPassed=true} to SafeModeStatus{safeModeStatus=false, preCheckPassed=true}.
2022-08-20 13:51:24,035 [EventQueue-OpenPipelineForHealthyPipelineSafeModeRule] INFO  BackgroundPipelineScrubber (BackgroundSCMService.java:notifyStatusChanged(82)) - Service BackgroundPipelineScrubber transitions to RUNNING.
2022-08-20 13:51:24,036 [EventQueue-OpenPipelineForHealthyPipelineSafeModeRule] INFO  ExpiredContainerReplicaOpScrubber (BackgroundSCMService.java:notifyStatusChanged(82)) - Service ExpiredContainerReplicaOpScrubber transitions to RUNNING.
2022-08-20 13:51:24,036 [EventQueue-OpenPipelineForHealthyPipelineSafeModeRule] INFO  UnderReplicatedQueueThread (BackgroundSCMService.java:notifyStatusChanged(82)) - Service UnderReplicatedQueueThread transitions to RUNNING.
2022-08-20 13:51:24,036 [EventQueue-OpenPipelineForHealthyPipelineSafeModeRule] INFO  OverReplicatedQueueThread (BackgroundSCMService.java:notifyStatusChanged(82)) - Service OverReplicatedQueueThread transitions to RUNNING.
2022-08-20 13:51:24,036 [EventQueue-OpenPipelineForHealthyPipelineSafeModeRule] INFO  replication.ReplicationManager (ReplicationManager.java:notifyStatusChanged(719)) - Service ReplicationManager transitions to RUNNING.
2022-08-20 13:51:24,036 [EventQueue-OpenPipelineForHealthyPipelineSafeModeRule] WARN  balancer.ContainerBalancer (ContainerBalancer.java:shouldRun(904)) - Could not find persisted configuration for ContainerBalancer when checking if ContainerBalancer should run. ContainerBalancer should not run now.
2022-08-20 13:51:24,041 [3b5fe929-2681-4434-877b-86f4f8bf3428@group-4198E36B776C-LeaderElection17] INFO  server.RaftServer$Division (ServerState.java:setRaftConf(393)) - 3b5fe929-2681-4434-877b-86f4f8bf3428@group-4198E36B776C: set configuration 0: [a11b2509-56e9-4ce5-bf37-e5470aba7c9f|rpc:127.0.0.1:46047|dataStream:|priority:0, 3b5fe929-2681-4434-877b-86f4f8bf3428|rpc:127.0.0.1:45943|dataStream:|priority:1, 2b4e70ee-eebc-4c64-9ba5-1bae8adbf1c4|rpc:127.0.0.1:33429|dataStream:|priority:0], old=null
2022-08-20 13:51:24,042 [0dda5a98-1e81-403d-bcb4-170ef3797067@group-A2CB2457C7CC-StateMachineUpdater] INFO  safemode.HealthyPipelineSafeModeRule (HealthyPipelineSafeModeRule.java:initializeRule(165)) - Refreshed total pipeline count is 1, healthy pipeline threshold count is 1
2022-08-20 13:51:24,045 [d38852ba-a21f-4434-98b8-bd8171207a1b@group-A2CB2457C7CC-StateMachineUpdater] INFO  safemode.HealthyPipelineSafeModeRule (HealthyPipelineSafeModeRule.java:initializeRule(165)) - Refreshed total pipeline count is 1, healthy pipeline threshold count is 1
2022-08-20 13:51:24,052 [2b4e70ee-eebc-4c64-9ba5-1bae8adbf1c4-server-thread1] INFO  ratis.XceiverServerRatis (XceiverServerRatis.java:handleLeaderChangedNotification(863)) - Leader change notification received for group: group-4198E36B776C with new leaderId: 3b5fe929-2681-4434-877b-86f4f8bf3428
2022-08-20 13:51:24,052 [2b4e70ee-eebc-4c64-9ba5-1bae8adbf1c4-server-thread1] INFO  server.RaftServer$Division (ServerState.java:setLeader(287)) - 2b4e70ee-eebc-4c64-9ba5-1bae8adbf1c4@group-4198E36B776C: change Leader from null to 3b5fe929-2681-4434-877b-86f4f8bf3428 at term 3 for appendEntries, leader elected after 15205ms
2022-08-20 13:51:24,052 [a11b2509-56e9-4ce5-bf37-e5470aba7c9f-server-thread1] INFO  ratis.XceiverServerRatis (XceiverServerRatis.java:handleLeaderChangedNotification(863)) - Leader change notification received for group: group-4198E36B776C with new leaderId: 3b5fe929-2681-4434-877b-86f4f8bf3428
2022-08-20 13:51:24,052 [a11b2509-56e9-4ce5-bf37-e5470aba7c9f-server-thread1] INFO  server.RaftServer$Division (ServerState.java:setLeader(287)) - a11b2509-56e9-4ce5-bf37-e5470aba7c9f@group-4198E36B776C: change Leader from null to 3b5fe929-2681-4434-877b-86f4f8bf3428 at term 3 for appendEntries, leader elected after 15379ms
2022-08-20 13:51:24,057 [2b4e70ee-eebc-4c64-9ba5-1bae8adbf1c4-server-thread1] INFO  server.RaftServer$Division (ServerState.java:setRaftConf(393)) - 2b4e70ee-eebc-4c64-9ba5-1bae8adbf1c4@group-4198E36B776C: set configuration 0: [a11b2509-56e9-4ce5-bf37-e5470aba7c9f|rpc:127.0.0.1:46047|dataStream:|priority:0, 3b5fe929-2681-4434-877b-86f4f8bf3428|rpc:127.0.0.1:45943|dataStream:|priority:1, 2b4e70ee-eebc-4c64-9ba5-1bae8adbf1c4|rpc:127.0.0.1:33429|dataStream:|priority:0], old=null
2022-08-20 13:51:24,058 [2b4e70ee-eebc-4c64-9ba5-1bae8adbf1c4-server-thread1] INFO  segmented.SegmentedRaftLogWorker (SegmentedRaftLogWorker.java:startLogSegment(425)) - 2b4e70ee-eebc-4c64-9ba5-1bae8adbf1c4@group-4198E36B776C-SegmentedRaftLogWorker: Starting segment from index:0
2022-08-20 13:51:24,060 [2b4e70ee-eebc-4c64-9ba5-1bae8adbf1c4@group-4198E36B776C-SegmentedRaftLogWorker] INFO  segmented.SegmentedRaftLogWorker (SegmentedRaftLogWorker.java:execute(629)) - 2b4e70ee-eebc-4c64-9ba5-1bae8adbf1c4@group-4198E36B776C-SegmentedRaftLogWorker: created new log segment /home/runner/work/ozone/ozone/hadoop-ozone/integration-test/target/test-dir/MiniOzoneClusterImpl-1d33bde5-c0a1-446c-b0a2-a2cb2457c7cc/datanode-2/data/ratis/636ce802-0b5b-4e15-b57f-4198e36b776c/current/log_inprogress_0
2022-08-20 13:51:24,060 [a11b2509-56e9-4ce5-bf37-e5470aba7c9f-server-thread1] INFO  server.RaftServer$Division (ServerState.java:setRaftConf(393)) - a11b2509-56e9-4ce5-bf37-e5470aba7c9f@group-4198E36B776C: set configuration 0: [a11b2509-56e9-4ce5-bf37-e5470aba7c9f|rpc:127.0.0.1:46047|dataStream:|priority:0, 3b5fe929-2681-4434-877b-86f4f8bf3428|rpc:127.0.0.1:45943|dataStream:|priority:1, 2b4e70ee-eebc-4c64-9ba5-1bae8adbf1c4|rpc:127.0.0.1:33429|dataStream:|priority:0], old=null
2022-08-20 13:51:24,061 [a11b2509-56e9-4ce5-bf37-e5470aba7c9f-server-thread1] INFO  segmented.SegmentedRaftLogWorker (SegmentedRaftLogWorker.java:startLogSegment(425)) - a11b2509-56e9-4ce5-bf37-e5470aba7c9f@group-4198E36B776C-SegmentedRaftLogWorker: Starting segment from index:0
2022-08-20 13:51:24,062 [a11b2509-56e9-4ce5-bf37-e5470aba7c9f@group-4198E36B776C-SegmentedRaftLogWorker] INFO  segmented.SegmentedRaftLogWorker (SegmentedRaftLogWorker.java:execute(629)) - a11b2509-56e9-4ce5-bf37-e5470aba7c9f@group-4198E36B776C-SegmentedRaftLogWorker: created new log segment /home/runner/work/ozone/ozone/hadoop-ozone/integration-test/target/test-dir/MiniOzoneClusterImpl-1d33bde5-c0a1-446c-b0a2-a2cb2457c7cc/datanode-0/data/ratis/636ce802-0b5b-4e15-b57f-4198e36b776c/current/log_inprogress_0
2022-08-20 13:51:24,182 [3b5fe929-2681-4434-877b-86f4f8bf3428@group-98642BEBAD9E-FollowerState] INFO  impl.FollowerState (FollowerState.java:run(143)) - 3b5fe929-2681-4434-877b-86f4f8bf3428@group-98642BEBAD9E-FollowerState: change to CANDIDATE, lastRpcElapsedTime:5024559317ns, electionTimeout:5018ms
2022-08-20 13:51:24,182 [3b5fe929-2681-4434-877b-86f4f8bf3428@group-98642BEBAD9E-FollowerState] INFO  impl.RoleInfo (RoleInfo.java:shutdownFollowerState(110)) - 3b5fe929-2681-4434-877b-86f4f8bf3428: shutdown 3b5fe929-2681-4434-877b-86f4f8bf3428@group-98642BEBAD9E-FollowerState
2022-08-20 13:51:24,183 [3b5fe929-2681-4434-877b-86f4f8bf3428@group-98642BEBAD9E-FollowerState] INFO  server.RaftServer$Division (RaftServerImpl.java:setRole(299)) - 3b5fe929-2681-4434-877b-86f4f8bf3428@group-98642BEBAD9E: changes role from  FOLLOWER to CANDIDATE at term 2 for changeToCandidate
2022-08-20 13:51:24,183 [3b5fe929-2681-4434-877b-86f4f8bf3428@group-98642BEBAD9E-FollowerState] INFO  server.RaftServerConfigKeys (ConfUtils.java:logGet(46)) - raft.server.leaderelection.pre-vote = false (custom)
2022-08-20 13:51:24,183 [3b5fe929-2681-4434-877b-86f4f8bf3428@group-98642BEBAD9E-FollowerState] INFO  impl.RoleInfo (RoleInfo.java:updateAndGet(139)) - 3b5fe929-2681-4434-877b-86f4f8bf3428: start 3b5fe929-2681-4434-877b-86f4f8bf3428@group-98642BEBAD9E-LeaderElection18
2022-08-20 13:51:24,186 [3b5fe929-2681-4434-877b-86f4f8bf3428@group-98642BEBAD9E-LeaderElection18] INFO  impl.LeaderElection (LeaderElection.java:askForVotes(310)) - 3b5fe929-2681-4434-877b-86f4f8bf3428@group-98642BEBAD9E-LeaderElection18 ELECTION round 0: submit vote requests at term 3 for -1: [a11b2509-56e9-4ce5-bf37-e5470aba7c9f|rpc:127.0.0.1:46047|dataStream:|priority:1, 3b5fe929-2681-4434-877b-86f4f8bf3428|rpc:127.0.0.1:45943|dataStream:|priority:0, 2b4e70ee-eebc-4c64-9ba5-1bae8adbf1c4|rpc:127.0.0.1:33429|dataStream:|priority:0], old=null
2022-08-20 13:51:24,191 [grpc-default-executor-3] INFO  server.RaftServer$Division (RaftServerImpl.java:requestVote(1152)) - 2b4e70ee-eebc-4c64-9ba5-1bae8adbf1c4@group-98642BEBAD9E: receive requestVote(ELECTION, 3b5fe929-2681-4434-877b-86f4f8bf3428, group-98642BEBAD9E, 3, (t:0, i:0))
2022-08-20 13:51:24,192 [grpc-default-executor-4] INFO  server.RaftServer$Division (RaftServerImpl.java:requestVote(1152)) - a11b2509-56e9-4ce5-bf37-e5470aba7c9f@group-98642BEBAD9E: receive requestVote(ELECTION, 3b5fe929-2681-4434-877b-86f4f8bf3428, group-98642BEBAD9E, 3, (t:0, i:0))
2022-08-20 13:51:24,192 [grpc-default-executor-3] INFO  impl.VoteContext (VoteContext.java:log(48)) - 2b4e70ee-eebc-4c64-9ba5-1bae8adbf1c4@group-98642BEBAD9E-FOLLOWER: accept ELECTION from 3b5fe929-2681-4434-877b-86f4f8bf3428: our priority 0 <= candidate's priority 0
2022-08-20 13:51:24,192 [grpc-default-executor-3] INFO  server.RaftServer$Division (RaftServerImpl.java:setRole(299)) - 2b4e70ee-eebc-4c64-9ba5-1bae8adbf1c4@group-98642BEBAD9E: changes role from  FOLLOWER to FOLLOWER at term 3 for candidate:3b5fe929-2681-4434-877b-86f4f8bf3428
2022-08-20 13:51:24,192 [grpc-default-executor-3] INFO  impl.RoleInfo (RoleInfo.java:shutdownFollowerState(110)) - 2b4e70ee-eebc-4c64-9ba5-1bae8adbf1c4: shutdown 2b4e70ee-eebc-4c64-9ba5-1bae8adbf1c4@group-98642BEBAD9E-FollowerState
2022-08-20 13:51:24,192 [2b4e70ee-eebc-4c64-9ba5-1bae8adbf1c4@group-98642BEBAD9E-FollowerState] INFO  impl.FollowerState (FollowerState.java:run(152)) - 2b4e70ee-eebc-4c64-9ba5-1bae8adbf1c4@group-98642BEBAD9E-FollowerState was interrupted
2022-08-20 13:51:24,192 [grpc-default-executor-4] INFO  impl.VoteContext (VoteContext.java:log(48)) - a11b2509-56e9-4ce5-bf37-e5470aba7c9f@group-98642BEBAD9E-FOLLOWER: reject ELECTION from 3b5fe929-2681-4434-877b-86f4f8bf3428: our priority 1 > candidate's priority 0
2022-08-20 13:51:24,193 [grpc-default-executor-4] INFO  server.RaftServer$Division (RaftServerImpl.java:setRole(299)) - a11b2509-56e9-4ce5-bf37-e5470aba7c9f@group-98642BEBAD9E: changes role from  FOLLOWER to FOLLOWER at term 3 for candidate:3b5fe929-2681-4434-877b-86f4f8bf3428
2022-08-20 13:51:24,193 [grpc-default-executor-4] INFO  impl.RoleInfo (RoleInfo.java:shutdownFollowerState(110)) - a11b2509-56e9-4ce5-bf37-e5470aba7c9f: shutdown a11b2509-56e9-4ce5-bf37-e5470aba7c9f@group-98642BEBAD9E-FollowerState
2022-08-20 13:51:24,194 [grpc-default-executor-4] INFO  impl.RoleInfo (RoleInfo.java:updateAndGet(139)) - a11b2509-56e9-4ce5-bf37-e5470aba7c9f: start a11b2509-56e9-4ce5-bf37-e5470aba7c9f@group-98642BEBAD9E-FollowerState
2022-08-20 13:51:24,192 [grpc-default-executor-3] INFO  impl.RoleInfo (RoleInfo.java:updateAndGet(139)) - 2b4e70ee-eebc-4c64-9ba5-1bae8adbf1c4: start 2b4e70ee-eebc-4c64-9ba5-1bae8adbf1c4@group-98642BEBAD9E-FollowerState
2022-08-20 13:51:24,194 [a11b2509-56e9-4ce5-bf37-e5470aba7c9f@group-98642BEBAD9E-FollowerState] INFO  impl.FollowerState (FollowerState.java:run(152)) - a11b2509-56e9-4ce5-bf37-e5470aba7c9f@group-98642BEBAD9E-FollowerState was interrupted
2022-08-20 13:51:24,197 [grpc-default-executor-4] INFO  server.RaftServer$Division (RaftServerImpl.java:requestVote(1184)) - a11b2509-56e9-4ce5-bf37-e5470aba7c9f@group-98642BEBAD9E replies to ELECTION vote request: 3b5fe929-2681-4434-877b-86f4f8bf3428<-a11b2509-56e9-4ce5-bf37-e5470aba7c9f#0:FAIL-t3. Peer's state: a11b2509-56e9-4ce5-bf37-e5470aba7c9f@group-98642BEBAD9E:t3, leader=null, voted=null, raftlog=a11b2509-56e9-4ce5-bf37-e5470aba7c9f@group-98642BEBAD9E-SegmentedRaftLog:OPENED:c-1, conf=-1: [a11b2509-56e9-4ce5-bf37-e5470aba7c9f|rpc:127.0.0.1:46047|priority:1, 3b5fe929-2681-4434-877b-86f4f8bf3428|rpc:127.0.0.1:45943|priority:0, 2b4e70ee-eebc-4c64-9ba5-1bae8adbf1c4|rpc:127.0.0.1:33429|priority:0], old=null
2022-08-20 13:51:24,198 [grpc-default-executor-3] INFO  server.RaftServer$Division (RaftServerImpl.java:requestVote(1184)) - 2b4e70ee-eebc-4c64-9ba5-1bae8adbf1c4@group-98642BEBAD9E replies to ELECTION vote request: 3b5fe929-2681-4434-877b-86f4f8bf3428<-2b4e70ee-eebc-4c64-9ba5-1bae8adbf1c4#0:OK-t3. Peer's state: 2b4e70ee-eebc-4c64-9ba5-1bae8adbf1c4@group-98642BEBAD9E:t3, leader=null, voted=3b5fe929-2681-4434-877b-86f4f8bf3428, raftlog=2b4e70ee-eebc-4c64-9ba5-1bae8adbf1c4@group-98642BEBAD9E-SegmentedRaftLog:OPENED:c-1, conf=-1: [a11b2509-56e9-4ce5-bf37-e5470aba7c9f|rpc:127.0.0.1:46047|dataStream:|priority:1, 3b5fe929-2681-4434-877b-86f4f8bf3428|rpc:127.0.0.1:45943|dataStream:|priority:0, 2b4e70ee-eebc-4c64-9ba5-1bae8adbf1c4|rpc:127.0.0.1:33429|dataStream:|priority:0], old=null
2022-08-20 13:51:24,198 [3b5fe929-2681-4434-877b-86f4f8bf3428@group-98642BEBAD9E-LeaderElection18] INFO  impl.LeaderElection (LeaderElection.java:logAndReturn(90)) - 3b5fe929-2681-4434-877b-86f4f8bf3428@group-98642BEBAD9E-LeaderElection18: ELECTION REJECTED received 1 response(s) and 0 exception(s):
2022-08-20 13:51:24,199 [3b5fe929-2681-4434-877b-86f4f8bf3428@group-98642BEBAD9E-LeaderElection18] INFO  impl.LeaderElection (LeaderElection.java:logAndReturn(94)) -   Response 0: 3b5fe929-2681-4434-877b-86f4f8bf3428<-a11b2509-56e9-4ce5-bf37-e5470aba7c9f#0:FAIL-t3
2022-08-20 13:51:24,199 [3b5fe929-2681-4434-877b-86f4f8bf3428@group-98642BEBAD9E-LeaderElection18] INFO  impl.LeaderElection (LeaderElection.java:askForVotes(312)) - 3b5fe929-2681-4434-877b-86f4f8bf3428@group-98642BEBAD9E-LeaderElection18 ELECTION round 0: result REJECTED
2022-08-20 13:51:24,199 [3b5fe929-2681-4434-877b-86f4f8bf3428@group-98642BEBAD9E-LeaderElection18] INFO  server.RaftServer$Division (RaftServerImpl.java:setRole(299)) - 3b5fe929-2681-4434-877b-86f4f8bf3428@group-98642BEBAD9E: changes role from CANDIDATE to FOLLOWER at term 3 for REJECTED
2022-08-20 13:51:24,199 [3b5fe929-2681-4434-877b-86f4f8bf3428@group-98642BEBAD9E-LeaderElection18] INFO  impl.RoleInfo (RoleInfo.java:shutdownLeaderElection(130)) - 3b5fe929-2681-4434-877b-86f4f8bf3428: shutdown 3b5fe929-2681-4434-877b-86f4f8bf3428@group-98642BEBAD9E-LeaderElection18
2022-08-20 13:51:24,199 [3b5fe929-2681-4434-877b-86f4f8bf3428@group-98642BEBAD9E-LeaderElection18] INFO  impl.RoleInfo (RoleInfo.java:updateAndGet(139)) - 3b5fe929-2681-4434-877b-86f4f8bf3428: start 3b5fe929-2681-4434-877b-86f4f8bf3428@group-98642BEBAD9E-FollowerState
2022-08-20 13:51:24,332 [Listener at 127.0.0.1/34995] INFO  ozone.MiniOzoneClusterImpl (MiniOzoneClusterImpl.java:lambda$waitForClusterToBeReady$0(216)) - Nodes are ready. Got 3 of 3 DN Heartbeats.
2022-08-20 13:51:24,332 [Listener at 127.0.0.1/34995] INFO  ozone.MiniOzoneClusterImpl (MiniOzoneClusterImpl.java:lambda$waitForClusterToBeReady$0(219)) - Cluster exits safe mode
2022-08-20 13:51:24,332 [Listener at 127.0.0.1/34995] INFO  ozone.MiniOzoneClusterImpl (MiniOzoneClusterImpl.java:lambda$waitForClusterToBeReady$0(221)) - SCM became leader
2022-08-20 13:51:24,796 [IPC Server handler 15 on default port 46715] INFO  ha.SCMNodeInfo (SCMNodeInfo.java:getPort(197)) - ConfigKey ozone.scm.client.address is deprecated, For configuring different ports for each SCM use PortConfigKey ozone.scm.client.port appended with serviceId and nodeId
2022-08-20 13:51:24,796 [IPC Server handler 15 on default port 46715] INFO  ha.SCMNodeInfo (SCMNodeInfo.java:getPort(197)) - ConfigKey ozone.scm.block.client.address is deprecated, For configuring different ports for each SCM use PortConfigKey ozone.scm.block.client.port appended with serviceId and nodeId
2022-08-20 13:51:24,797 [IPC Server handler 15 on default port 46715] INFO  ha.SCMNodeInfo (SCMNodeInfo.java:getPort(197)) - ConfigKey ozone.scm.datanode.address is deprecated, For configuring different ports for each SCM use PortConfigKey ozone.scm.datanode.port appended with serviceId and nodeId
2022-08-20 13:51:24,797 [IPC Server handler 15 on default port 46715] INFO  ha.SCMNodeInfo (SCMNodeInfo.java:getPort(197)) - ConfigKey ozone.scm.client.address is deprecated, For configuring different ports for each SCM use PortConfigKey ozone.scm.client.port appended with serviceId and nodeId
2022-08-20 13:51:24,797 [IPC Server handler 15 on default port 46715] INFO  ha.SCMNodeInfo (SCMNodeInfo.java:getPort(197)) - ConfigKey ozone.scm.block.client.address is deprecated, For configuring different ports for each SCM use PortConfigKey ozone.scm.block.client.port appended with serviceId and nodeId
2022-08-20 13:51:24,797 [IPC Server handler 15 on default port 46715] INFO  ha.SCMNodeInfo (SCMNodeInfo.java:getPort(197)) - ConfigKey ozone.scm.datanode.address is deprecated, For configuring different ports for each SCM use PortConfigKey ozone.scm.datanode.port appended with serviceId and nodeId
2022-08-20 13:51:24,797 [IPC Server handler 15 on default port 46715] INFO  ha.SCMNodeInfo (SCMNodeInfo.java:getPort(197)) - ConfigKey ozone.scm.client.address is deprecated, For configuring different ports for each SCM use PortConfigKey ozone.scm.client.port appended with serviceId and nodeId
2022-08-20 13:51:24,797 [IPC Server handler 15 on default port 46715] INFO  ha.SCMNodeInfo (SCMNodeInfo.java:getPort(197)) - ConfigKey ozone.scm.block.client.address is deprecated, For configuring different ports for each SCM use PortConfigKey ozone.scm.block.client.port appended with serviceId and nodeId
2022-08-20 13:51:24,797 [IPC Server handler 15 on default port 46715] INFO  ha.SCMNodeInfo (SCMNodeInfo.java:getPort(197)) - ConfigKey ozone.scm.datanode.address is deprecated, For configuring different ports for each SCM use PortConfigKey ozone.scm.datanode.port appended with serviceId and nodeId
2022-08-20 13:51:24,811 [Listener at 127.0.0.1/34995] INFO  rpc.RpcClient (RpcClient.java:createVolume(471)) - Creating Volume: 0df78c36-9ba3-4493-9906-47ed22a78027, with runner as owner and space quota set to -1 bytes, counts quota set to -1
2022-08-20 13:51:24,854 [OM StateMachine ApplyTransaction Thread - 0] INFO  volume.OMVolumeCreateRequest (OMVolumeCreateRequest.java:validateAndUpdateCache(195)) - created volume:0df78c36-9ba3-4493-9906-47ed22a78027 for user:runner
2022-08-20 13:51:24,854 [OM StateMachine ApplyTransaction Thread - 0] INFO  volume.OMVolumeCreateRequest (OMVolumeCreateRequest.java:validateAndUpdateCache(195)) - created volume:0df78c36-9ba3-4493-9906-47ed22a78027 for user:runner
2022-08-20 13:51:24,854 [OM StateMachine ApplyTransaction Thread - 0] INFO  volume.OMVolumeCreateRequest (OMVolumeCreateRequest.java:validateAndUpdateCache(195)) - created volume:0df78c36-9ba3-4493-9906-47ed22a78027 for user:runner
2022-08-20 13:51:24,880 [Listener at 127.0.0.1/34995] INFO  rpc.RpcClient (RpcClient.java:createBucket(674)) - Creating Bucket: 0df78c36-9ba3-4493-9906-47ed22a78027/c1354a32-9980-4f1f-bc49-00960e21d7a9, with server-side default bucket layout, runner as owner, Versioning false, Storage Type set to DISK and Encryption set to false 
2022-08-20 13:51:24,897 [OM StateMachine ApplyTransaction Thread - 0] INFO  bucket.OMBucketCreateRequest (OMBucketCreateRequest.java:validateAndUpdateCache(260)) - created bucket: c1354a32-9980-4f1f-bc49-00960e21d7a9 of layout LEGACY in volume: 0df78c36-9ba3-4493-9906-47ed22a78027
2022-08-20 13:51:24,901 [OM StateMachine ApplyTransaction Thread - 0] INFO  bucket.OMBucketCreateRequest (OMBucketCreateRequest.java:validateAndUpdateCache(260)) - created bucket: c1354a32-9980-4f1f-bc49-00960e21d7a9 of layout LEGACY in volume: 0df78c36-9ba3-4493-9906-47ed22a78027
2022-08-20 13:51:24,897 [OM StateMachine ApplyTransaction Thread - 0] INFO  bucket.OMBucketCreateRequest (OMBucketCreateRequest.java:validateAndUpdateCache(260)) - created bucket: c1354a32-9980-4f1f-bc49-00960e21d7a9 of layout LEGACY in volume: 0df78c36-9ba3-4493-9906-47ed22a78027
2022-08-20 13:51:24,903 [Listener at 127.0.0.1/34995] INFO  ozone.MiniOzoneHAClusterImpl (MiniOzoneHAClusterImpl.java:stop(312)) - Stopping the OzoneManager omNode-3
2022-08-20 13:51:24,903 [Listener at 127.0.0.1/34995] INFO  om.OzoneManager (OzoneManager.java:stop(2022)) - omNode-3[localhost:34995]: Stopping Ozone Manager
2022-08-20 13:51:24,903 [Listener at 127.0.0.1/34995] INFO  ipc.Server (Server.java:stop(3414)) - Stopping server on 34995
2022-08-20 13:51:24,907 [IPC Server Responder] INFO  ipc.Server (Server.java:run(1512)) - Stopping IPC Server Responder
2022-08-20 13:51:24,907 [IPC Server listener on 34995] INFO  ipc.Server (Server.java:run(1376)) - Stopping IPC Server listener on 34995
2022-08-20 13:51:24,908 [Listener at 127.0.0.1/34995] INFO  server.RaftServer (RaftServerProxy.java:lambda$close$7(398)) - omNode-3: close
2022-08-20 13:51:24,908 [Listener at 127.0.0.1/34995] INFO  server.RaftServer$Division (RaftServerImpl.java:lambda$close$4(434)) - omNode-3@group-6C22E66A003A: shutdown
2022-08-20 13:51:24,908 [Listener at 127.0.0.1/34995] INFO  util.JmxRegister (JmxRegister.java:unregister(73)) - Successfully un-registered JMX Bean with object name Ratis:service=RaftServer,group=group-6C22E66A003A,id=omNode-3
2022-08-20 13:51:24,908 [Listener at 127.0.0.1/34995] INFO  impl.RoleInfo (RoleInfo.java:shutdownFollowerState(110)) - omNode-3: shutdown omNode-3@group-6C22E66A003A-FollowerState
2022-08-20 13:51:24,909 [Listener at 127.0.0.1/34995] INFO  impl.StateMachineUpdater (StateMachineUpdater.java:stopAndJoin(153)) - omNode-3@group-6C22E66A003A-StateMachineUpdater: set stopIndex = 5
2022-08-20 13:51:24,909 [omNode-3@group-6C22E66A003A-FollowerState] INFO  impl.FollowerState (FollowerState.java:run(152)) - omNode-3@group-6C22E66A003A-FollowerState was interrupted
2022-08-20 13:51:24,916 [omNode-3@group-6C22E66A003A-StateMachineUpdater] INFO  ratis.OzoneManagerStateMachine (OzoneManagerStateMachine.java:takeSnapshot(441)) - Current Snapshot Index (t:3, i:5)
2022-08-20 13:51:24,917 [omNode-3@group-6C22E66A003A-StateMachineUpdater] INFO  impl.StateMachineUpdater (StateMachineUpdater.java:takeSnapshot(287)) - omNode-3@group-6C22E66A003A-StateMachineUpdater: Took a snapshot at index 5
2022-08-20 13:51:24,917 [omNode-3@group-6C22E66A003A-StateMachineUpdater] INFO  impl.StateMachineUpdater (StateMachineUpdater.java:lambda$new$0(92)) - omNode-3@group-6C22E66A003A-StateMachineUpdater: snapshotIndex: updateIncreasingly -1 -> 5
2022-08-20 13:51:24,917 [omNode-3@group-6C22E66A003A-StateMachineUpdater] INFO  ratis.OzoneManagerStateMachine (OzoneManagerStateMachine.java:close(495)) - StateMachine has shutdown. Shutdown OzoneManager if not already shutdown.
2022-08-20 13:51:24,917 [omNode-3@group-6C22E66A003A-StateMachineUpdater] INFO  ratis.OzoneManagerDoubleBuffer (OzoneManagerDoubleBuffer.java:stop(466)) - Stopping OMDoubleBuffer flush thread
2022-08-20 13:51:24,917 [OMDoubleBufferFlushThread] INFO  ratis.OzoneManagerDoubleBuffer (OzoneManagerDoubleBuffer.java:flushTransactions(385)) - OMDoubleBuffer flush thread OMDoubleBufferFlushThread is interrupted and will exit.
2022-08-20 13:51:24,921 [Listener at 127.0.0.1/34995] INFO  server.RaftServer$Division (ServerState.java:close(429)) - omNode-3@group-6C22E66A003A: closes. applyIndex: 5
2022-08-20 13:51:24,921 [omNode-3@group-6C22E66A003A-SegmentedRaftLogWorker] INFO  segmented.SegmentedRaftLogWorker (SegmentedRaftLogWorker.java:run(336)) - omNode-3@group-6C22E66A003A-SegmentedRaftLogWorker was interrupted, exiting. There are 0 tasks remaining in the queue.
2022-08-20 13:51:24,923 [Listener at 127.0.0.1/34995] INFO  segmented.SegmentedRaftLogWorker (SegmentedRaftLogWorker.java:close(246)) - omNode-3@group-6C22E66A003A-SegmentedRaftLogWorker close()
2022-08-20 13:51:24,925 [Listener at 127.0.0.1/34995] INFO  server.GrpcService (GrpcService.java:closeImpl(269)) - omNode-3: shutdown server with port 33775 now
2022-08-20 13:51:24,932 [grpc-default-executor-4] WARN  server.GrpcServerProtocolService (LogUtils.java:warn(122)) - omNode-3: installSnapshot onError, lastRequest: omNode-2->omNode-3#111-t3,previous=(t:3, i:5),leaderCommit=5,initializing? true,entries: size=1, first=(t:3, i:6), METADATAENTRY(c:5): org.apache.ratis.thirdparty.io.grpc.StatusRuntimeException: CANCELLED: client cancelled
2022-08-20 13:51:24,934 [Listener at 127.0.0.1/34995] INFO  server.GrpcService (GrpcService.java:closeImpl(278)) - omNode-3: shutdown server with port 33775 successfully
2022-08-20 13:51:24,934 [org.apache.ratis.util.JvmPauseMonitor$$Lambda$519/858083045@76ce8dbc] INFO  util.JvmPauseMonitor (JvmPauseMonitor.java:run(109)) - JvmPauseMonitor-omNode-3: Stopped
2022-08-20 13:51:24,935 [Listener at 127.0.0.1/34995] INFO  ratis.OzoneManagerStateMachine (OzoneManagerStateMachine.java:close(495)) - StateMachine has shutdown. Shutdown OzoneManager if not already shutdown.
2022-08-20 13:51:24,935 [Listener at 127.0.0.1/34995] INFO  ratis.OzoneManagerDoubleBuffer (OzoneManagerDoubleBuffer.java:stop(478)) - OMDoubleBuffer flush thread is not running.
2022-08-20 13:51:24,935 [Listener at 127.0.0.1/34995] INFO  utils.BackgroundService (BackgroundService.java:shutdown(141)) - Shutting down service KeyDeletingService
2022-08-20 13:51:24,935 [Listener at 127.0.0.1/34995] INFO  utils.BackgroundService (BackgroundService.java:shutdown(141)) - Shutting down service DirectoryDeletingService
2022-08-20 13:51:24,936 [Listener at 127.0.0.1/34995] INFO  utils.BackgroundService (BackgroundService.java:shutdown(141)) - Shutting down service OpenKeyCleanupService
2022-08-20 13:51:24,937 [Listener at 127.0.0.1/34995] INFO  handler.ContextHandler (ContextHandler.java:doStop(1153)) - Stopped o.e.j.w.WebAppContext@5a81c924{ozoneManager,/,null,STOPPED}{file:/home/runner/work/ozone/ozone/hadoop-ozone/integration-test/target/test-classes/webapps/ozoneManager}
2022-08-20 13:51:24,939 [grpc-default-executor-4] WARN  server.GrpcLogAppender (LogUtils.java:warn(122)) - omNode-2@group-6C22E66A003A->omNode-3-AppendLogResponseHandler: Failed appendEntries: org.apache.ratis.thirdparty.io.grpc.StatusRuntimeException: CANCELLED: RST_STREAM closed stream. HTTP/2 error code: CANCEL
2022-08-20 13:51:24,939 [grpc-default-executor-4] INFO  leader.FollowerInfo (FollowerInfoImpl.java:lambda$new$0(48)) - omNode-2@group-6C22E66A003A->omNode-3: nextIndex: updateUnconditionally 7 -> 6
2022-08-20 13:51:24,941 [Listener at 127.0.0.1/34995] INFO  server.AbstractConnector (AbstractConnector.java:doStop(381)) - Stopped ServerConnector@1b7984c9{HTTP/1.1, (http/1.1)}{0.0.0.0:35279}
2022-08-20 13:51:24,942 [Listener at 127.0.0.1/34995] INFO  server.session (HouseKeeper.java:stopScavenging(149)) - node0 Stopped scavenging
2022-08-20 13:51:24,942 [Listener at 127.0.0.1/34995] INFO  handler.ContextHandler (ContextHandler.java:doStop(1153)) - Stopped o.e.j.s.ServletContextHandler@210f8e75{static,/static,file:///home/runner/work/ozone/ozone/hadoop-ozone/integration-test/target/test-classes/webapps/static,STOPPED}
2022-08-20 13:51:24,942 [Listener at 127.0.0.1/34995] INFO  handler.ContextHandler (ContextHandler.java:doStop(1153)) - Stopped o.e.j.s.ServletContextHandler@74366e67{logs,/logs,file:///home/runner/work/ozone/ozone/hadoop-ozone/integration-test/target/log,STOPPED}
2022-08-20 13:51:24,944 [Listener at 127.0.0.1/34995] INFO  ozone.MiniOzoneHAClusterImpl (MiniOzoneHAClusterImpl.java:stop(312)) - Stopping the OzoneManager omNode-1
2022-08-20 13:51:24,944 [Listener at 127.0.0.1/34995] INFO  om.OzoneManager (OzoneManager.java:stop(2022)) - omNode-1[localhost:33373]: Stopping Ozone Manager
2022-08-20 13:51:24,944 [Listener at 127.0.0.1/34995] INFO  ipc.Server (Server.java:stop(3414)) - Stopping server on 33373
2022-08-20 13:51:24,947 [IPC Server listener on 33373] INFO  ipc.Server (Server.java:run(1376)) - Stopping IPC Server listener on 33373
2022-08-20 13:51:24,952 [IPC Server Responder] INFO  ipc.Server (Server.java:run(1512)) - Stopping IPC Server Responder
2022-08-20 13:51:24,953 [Listener at 127.0.0.1/34995] INFO  server.RaftServer (RaftServerProxy.java:lambda$close$7(398)) - omNode-1: close
2022-08-20 13:51:24,953 [Listener at 127.0.0.1/34995] INFO  server.RaftServer$Division (RaftServerImpl.java:lambda$close$4(434)) - omNode-1@group-6C22E66A003A: shutdown
2022-08-20 13:51:24,953 [Listener at 127.0.0.1/34995] INFO  util.JmxRegister (JmxRegister.java:unregister(73)) - Successfully un-registered JMX Bean with object name Ratis:service=RaftServer,group=group-6C22E66A003A,id=omNode-1
2022-08-20 13:51:24,953 [Listener at 127.0.0.1/34995] INFO  impl.RoleInfo (RoleInfo.java:shutdownFollowerState(110)) - omNode-1: shutdown omNode-1@group-6C22E66A003A-FollowerState
2022-08-20 13:51:24,954 [omNode-1@group-6C22E66A003A-FollowerState] INFO  impl.FollowerState (FollowerState.java:run(152)) - omNode-1@group-6C22E66A003A-FollowerState was interrupted
2022-08-20 13:51:24,954 [omNode-1@group-6C22E66A003A-StateMachineUpdater] INFO  ratis.OzoneManagerStateMachine (OzoneManagerStateMachine.java:takeSnapshot(441)) - Current Snapshot Index (t:3, i:5)
2022-08-20 13:51:24,954 [omNode-1@group-6C22E66A003A-StateMachineUpdater] INFO  impl.StateMachineUpdater (StateMachineUpdater.java:takeSnapshot(287)) - omNode-1@group-6C22E66A003A-StateMachineUpdater: Took a snapshot at index 5
2022-08-20 13:51:24,954 [omNode-1@group-6C22E66A003A-StateMachineUpdater] INFO  impl.StateMachineUpdater (StateMachineUpdater.java:lambda$new$0(92)) - omNode-1@group-6C22E66A003A-StateMachineUpdater: snapshotIndex: updateIncreasingly -1 -> 5
2022-08-20 13:51:24,954 [omNode-1@group-6C22E66A003A-StateMachineUpdater] INFO  ratis.OzoneManagerStateMachine (OzoneManagerStateMachine.java:close(495)) - StateMachine has shutdown. Shutdown OzoneManager if not already shutdown.
2022-08-20 13:51:24,954 [omNode-1@group-6C22E66A003A-StateMachineUpdater] INFO  ratis.OzoneManagerDoubleBuffer (OzoneManagerDoubleBuffer.java:stop(466)) - Stopping OMDoubleBuffer flush thread
2022-08-20 13:51:24,954 [OMDoubleBufferFlushThread] INFO  ratis.OzoneManagerDoubleBuffer (OzoneManagerDoubleBuffer.java:flushTransactions(385)) - OMDoubleBuffer flush thread OMDoubleBufferFlushThread is interrupted and will exit.
2022-08-20 13:51:24,954 [Listener at 127.0.0.1/34995] INFO  impl.StateMachineUpdater (StateMachineUpdater.java:stopAndJoin(153)) - omNode-1@group-6C22E66A003A-StateMachineUpdater: set stopIndex = 5
2022-08-20 13:51:24,956 [Listener at 127.0.0.1/34995] INFO  server.RaftServer$Division (ServerState.java:close(429)) - omNode-1@group-6C22E66A003A: closes. applyIndex: 5
2022-08-20 13:51:24,956 [omNode-1@group-6C22E66A003A-SegmentedRaftLogWorker] INFO  segmented.SegmentedRaftLogWorker (SegmentedRaftLogWorker.java:run(336)) - omNode-1@group-6C22E66A003A-SegmentedRaftLogWorker was interrupted, exiting. There are 0 tasks remaining in the queue.
2022-08-20 13:51:24,958 [Listener at 127.0.0.1/34995] INFO  segmented.SegmentedRaftLogWorker (SegmentedRaftLogWorker.java:close(246)) - omNode-1@group-6C22E66A003A-SegmentedRaftLogWorker close()
2022-08-20 13:51:24,959 [Listener at 127.0.0.1/34995] INFO  server.GrpcService (GrpcService.java:closeImpl(269)) - omNode-1: shutdown server with port 39569 now
2022-08-20 13:51:24,961 [grpc-default-executor-3] WARN  server.GrpcLogAppender (LogUtils.java:warn(122)) - omNode-2@group-6C22E66A003A->omNode-3-AppendLogResponseHandler: Failed appendEntries: org.apache.ratis.thirdparty.io.grpc.StatusRuntimeException: UNAVAILABLE: io exception
2022-08-20 13:51:24,961 [grpc-default-executor-3] INFO  leader.FollowerInfo (FollowerInfoImpl.java:lambda$new$0(48)) - omNode-2@group-6C22E66A003A->omNode-3: nextIndex: updateUnconditionally 7 -> 6
2022-08-20 13:51:24,965 [grpc-default-executor-4] WARN  server.GrpcServerProtocolService (LogUtils.java:warn(122)) - omNode-1: installSnapshot onError, lastRequest: omNode-2->omNode-1#116-t3,previous=(t:3, i:5),leaderCommit=5,initializing? true,entries: size=1, first=(t:3, i:6), METADATAENTRY(c:5): org.apache.ratis.thirdparty.io.grpc.StatusRuntimeException: CANCELLED: client cancelled
2022-08-20 13:51:24,965 [grpc-default-executor-3] WARN  server.GrpcLogAppender (LogUtils.java:warn(122)) - omNode-2@group-6C22E66A003A->omNode-1-AppendLogResponseHandler: Failed appendEntries: org.apache.ratis.thirdparty.io.grpc.StatusRuntimeException: CANCELLED: RST_STREAM closed stream. HTTP/2 error code: CANCEL
2022-08-20 13:51:24,965 [grpc-default-executor-3] INFO  leader.FollowerInfo (FollowerInfoImpl.java:lambda$new$0(48)) - omNode-2@group-6C22E66A003A->omNode-1: nextIndex: updateUnconditionally 7 -> 6
2022-08-20 13:51:24,968 [Listener at 127.0.0.1/34995] INFO  server.GrpcService (GrpcService.java:closeImpl(278)) - omNode-1: shutdown server with port 39569 successfully
2022-08-20 13:51:24,970 [org.apache.ratis.util.JvmPauseMonitor$$Lambda$519/858083045@727460c2] INFO  util.JvmPauseMonitor (JvmPauseMonitor.java:run(109)) - JvmPauseMonitor-omNode-1: Stopped
2022-08-20 13:51:24,970 [Listener at 127.0.0.1/34995] INFO  ratis.OzoneManagerStateMachine (OzoneManagerStateMachine.java:close(495)) - StateMachine has shutdown. Shutdown OzoneManager if not already shutdown.
2022-08-20 13:51:24,970 [Listener at 127.0.0.1/34995] INFO  ratis.OzoneManagerDoubleBuffer (OzoneManagerDoubleBuffer.java:stop(478)) - OMDoubleBuffer flush thread is not running.
2022-08-20 13:51:24,970 [Listener at 127.0.0.1/34995] INFO  utils.BackgroundService (BackgroundService.java:shutdown(141)) - Shutting down service KeyDeletingService
2022-08-20 13:51:24,970 [Listener at 127.0.0.1/34995] INFO  utils.BackgroundService (BackgroundService.java:shutdown(141)) - Shutting down service DirectoryDeletingService
2022-08-20 13:51:24,973 [grpc-default-executor-3] WARN  server.GrpcLogAppender (LogUtils.java:warn(122)) - omNode-2@group-6C22E66A003A->omNode-1-AppendLogResponseHandler: Failed appendEntries: org.apache.ratis.thirdparty.io.grpc.StatusRuntimeException: UNAVAILABLE: io exception
2022-08-20 13:51:24,973 [grpc-default-executor-3] INFO  leader.FollowerInfo (FollowerInfoImpl.java:lambda$new$0(48)) - omNode-2@group-6C22E66A003A->omNode-1: nextIndex: updateUnconditionally 7 -> 6
2022-08-20 13:51:24,973 [Listener at 127.0.0.1/34995] INFO  utils.BackgroundService (BackgroundService.java:shutdown(141)) - Shutting down service OpenKeyCleanupService
2022-08-20 13:51:24,978 [Listener at 127.0.0.1/34995] INFO  handler.ContextHandler (ContextHandler.java:doStop(1153)) - Stopped o.e.j.w.WebAppContext@4a22b479{ozoneManager,/,null,STOPPED}{file:/home/runner/work/ozone/ozone/hadoop-ozone/integration-test/target/test-classes/webapps/ozoneManager}
2022-08-20 13:51:24,979 [Listener at 127.0.0.1/34995] INFO  server.AbstractConnector (AbstractConnector.java:doStop(381)) - Stopped ServerConnector@890795e{HTTP/1.1, (http/1.1)}{0.0.0.0:39181}
2022-08-20 13:51:24,979 [Listener at 127.0.0.1/34995] INFO  server.session (HouseKeeper.java:stopScavenging(149)) - node0 Stopped scavenging
2022-08-20 13:51:24,979 [Listener at 127.0.0.1/34995] INFO  handler.ContextHandler (ContextHandler.java:doStop(1153)) - Stopped o.e.j.s.ServletContextHandler@45ee7fcc{static,/static,file:///home/runner/work/ozone/ozone/hadoop-ozone/integration-test/target/test-classes/webapps/static,STOPPED}
2022-08-20 13:51:24,979 [Listener at 127.0.0.1/34995] INFO  handler.ContextHandler (ContextHandler.java:doStop(1153)) - Stopped o.e.j.s.ServletContextHandler@5540725d{logs,/logs,file:///home/runner/work/ozone/ozone/hadoop-ozone/integration-test/target/log,STOPPED}
2022-08-20 13:51:24,982 [Listener at 127.0.0.1/34995] INFO  ozone.MiniOzoneHAClusterImpl (MiniOzoneHAClusterImpl.java:stop(312)) - Stopping the OzoneManager omNode-2
2022-08-20 13:51:24,983 [Listener at 127.0.0.1/34995] INFO  om.OzoneManager (OzoneManager.java:stop(2022)) - omNode-2[localhost:46715]: Stopping Ozone Manager
2022-08-20 13:51:24,983 [Listener at 127.0.0.1/34995] INFO  ipc.Server (Server.java:stop(3414)) - Stopping server on 46715
2022-08-20 13:51:24,984 [IPC Server listener on 46715] INFO  ipc.Server (Server.java:run(1376)) - Stopping IPC Server listener on 46715
2022-08-20 13:51:24,987 [IPC Server Responder] INFO  ipc.Server (Server.java:run(1512)) - Stopping IPC Server Responder
2022-08-20 13:51:24,987 [Listener at 127.0.0.1/34995] INFO  server.RaftServer (RaftServerProxy.java:lambda$close$7(398)) - omNode-2: close
2022-08-20 13:51:24,987 [Listener at 127.0.0.1/34995] INFO  server.RaftServer$Division (RaftServerImpl.java:lambda$close$4(434)) - omNode-2@group-6C22E66A003A: shutdown
2022-08-20 13:51:24,987 [Listener at 127.0.0.1/34995] INFO  util.JmxRegister (JmxRegister.java:unregister(73)) - Successfully un-registered JMX Bean with object name Ratis:service=RaftServer,group=group-6C22E66A003A,id=omNode-2
2022-08-20 13:51:24,987 [Listener at 127.0.0.1/34995] INFO  impl.RoleInfo (RoleInfo.java:shutdownLeaderState(93)) - omNode-2: shutdown omNode-2@group-6C22E66A003A-LeaderStateImpl
2022-08-20 13:51:24,988 [omNode-2@group-6C22E66A003A->omNode-1-GrpcLogAppender-LogAppenderDaemon] WARN  server.GrpcLogAppender (GrpcLogAppender.java:mayWait(171)) - omNode-2@group-6C22E66A003A->omNode-1-GrpcLogAppender: Wait interrupted by java.lang.InterruptedException
2022-08-20 13:51:24,988 [omNode-2@group-6C22E66A003A->omNode-3-GrpcLogAppender-LogAppenderDaemon] WARN  server.GrpcLogAppender (GrpcLogAppender.java:mayWait(171)) - omNode-2@group-6C22E66A003A->omNode-3-GrpcLogAppender: Wait interrupted by java.lang.InterruptedException
2022-08-20 13:51:24,988 [Listener at 127.0.0.1/34995] INFO  impl.PendingRequests (PendingRequests.java:sendNotLeaderResponses(282)) - omNode-2@group-6C22E66A003A-PendingRequests: sendNotLeaderResponses
2022-08-20 13:51:24,990 [Listener at 127.0.0.1/34995] INFO  impl.StateMachineUpdater (StateMachineUpdater.java:stopAndJoin(153)) - omNode-2@group-6C22E66A003A-StateMachineUpdater: set stopIndex = 6
2022-08-20 13:51:24,990 [omNode-2@group-6C22E66A003A-StateMachineUpdater] INFO  ratis.OzoneManagerStateMachine (OzoneManagerStateMachine.java:takeSnapshot(441)) - Current Snapshot Index (t:3, i:6)
2022-08-20 13:51:24,991 [omNode-2@group-6C22E66A003A-StateMachineUpdater] INFO  impl.StateMachineUpdater (StateMachineUpdater.java:takeSnapshot(287)) - omNode-2@group-6C22E66A003A-StateMachineUpdater: Took a snapshot at index 6
2022-08-20 13:51:24,991 [omNode-2@group-6C22E66A003A-StateMachineUpdater] INFO  impl.StateMachineUpdater (StateMachineUpdater.java:lambda$new$0(92)) - omNode-2@group-6C22E66A003A-StateMachineUpdater: snapshotIndex: updateIncreasingly -1 -> 6
2022-08-20 13:51:24,991 [omNode-2@group-6C22E66A003A-StateMachineUpdater] INFO  ratis.OzoneManagerStateMachine (OzoneManagerStateMachine.java:close(495)) - StateMachine has shutdown. Shutdown OzoneManager if not already shutdown.
2022-08-20 13:51:24,991 [omNode-2@group-6C22E66A003A-StateMachineUpdater] INFO  ratis.OzoneManagerDoubleBuffer (OzoneManagerDoubleBuffer.java:stop(466)) - Stopping OMDoubleBuffer flush thread
2022-08-20 13:51:24,992 [OMDoubleBufferFlushThread] INFO  ratis.OzoneManagerDoubleBuffer (OzoneManagerDoubleBuffer.java:flushTransactions(385)) - OMDoubleBuffer flush thread OMDoubleBufferFlushThread is interrupted and will exit.
2022-08-20 13:51:24,995 [Listener at 127.0.0.1/34995] INFO  server.RaftServer$Division (ServerState.java:close(429)) - omNode-2@group-6C22E66A003A: closes. applyIndex: 6
2022-08-20 13:51:24,995 [omNode-2@group-6C22E66A003A-SegmentedRaftLogWorker] INFO  segmented.SegmentedRaftLogWorker (SegmentedRaftLogWorker.java:run(336)) - omNode-2@group-6C22E66A003A-SegmentedRaftLogWorker was interrupted, exiting. There are 0 tasks remaining in the queue.
2022-08-20 13:51:24,996 [Listener at 127.0.0.1/34995] INFO  segmented.SegmentedRaftLogWorker (SegmentedRaftLogWorker.java:close(246)) - omNode-2@group-6C22E66A003A-SegmentedRaftLogWorker close()
2022-08-20 13:51:24,998 [Listener at 127.0.0.1/34995] INFO  server.GrpcService (GrpcService.java:closeImpl(269)) - omNode-2: shutdown server with port 41759 now
2022-08-20 13:51:25,001 [Listener at 127.0.0.1/34995] INFO  server.GrpcService (GrpcService.java:closeImpl(278)) - omNode-2: shutdown server with port 41759 successfully
2022-08-20 13:51:25,002 [org.apache.ratis.util.JvmPauseMonitor$$Lambda$519/858083045@79e3334a] INFO  util.JvmPauseMonitor (JvmPauseMonitor.java:run(109)) - JvmPauseMonitor-omNode-2: Stopped
2022-08-20 13:51:25,002 [Listener at 127.0.0.1/34995] INFO  ratis.OzoneManagerStateMachine (OzoneManagerStateMachine.java:close(495)) - StateMachine has shutdown. Shutdown OzoneManager if not already shutdown.
2022-08-20 13:51:25,002 [Listener at 127.0.0.1/34995] INFO  ratis.OzoneManagerDoubleBuffer (OzoneManagerDoubleBuffer.java:stop(478)) - OMDoubleBuffer flush thread is not running.
2022-08-20 13:51:25,002 [Listener at 127.0.0.1/34995] INFO  utils.BackgroundService (BackgroundService.java:shutdown(141)) - Shutting down service KeyDeletingService
2022-08-20 13:51:25,002 [Listener at 127.0.0.1/34995] INFO  utils.BackgroundService (BackgroundService.java:shutdown(141)) - Shutting down service DirectoryDeletingService
2022-08-20 13:51:25,002 [Listener at 127.0.0.1/34995] INFO  utils.BackgroundService (BackgroundService.java:shutdown(141)) - Shutting down service OpenKeyCleanupService
2022-08-20 13:51:25,003 [Listener at 127.0.0.1/34995] INFO  handler.ContextHandler (ContextHandler.java:doStop(1153)) - Stopped o.e.j.w.WebAppContext@7eb1c611{ozoneManager,/,null,STOPPED}{file:/home/runner/work/ozone/ozone/hadoop-ozone/integration-test/target/test-classes/webapps/ozoneManager}
2022-08-20 13:51:25,003 [Listener at 127.0.0.1/34995] INFO  server.AbstractConnector (AbstractConnector.java:doStop(381)) - Stopped ServerConnector@7981312c{HTTP/1.1, (http/1.1)}{0.0.0.0:34549}
2022-08-20 13:51:25,003 [Listener at 127.0.0.1/34995] INFO  server.session (HouseKeeper.java:stopScavenging(149)) - node0 Stopped scavenging
2022-08-20 13:51:25,004 [Listener at 127.0.0.1/34995] INFO  handler.ContextHandler (ContextHandler.java:doStop(1153)) - Stopped o.e.j.s.ServletContextHandler@5e010637{static,/static,file:///home/runner/work/ozone/ozone/hadoop-ozone/integration-test/target/test-classes/webapps/static,STOPPED}
2022-08-20 13:51:25,004 [Listener at 127.0.0.1/34995] INFO  handler.ContextHandler (ContextHandler.java:doStop(1153)) - Stopped o.e.j.s.ServletContextHandler@43296903{logs,/logs,file:///home/runner/work/ozone/ozone/hadoop-ozone/integration-test/target/log,STOPPED}
2022-08-20 13:51:25,006 [Listener at 127.0.0.1/34995] INFO  ozone.MiniOzoneHAClusterImpl (MiniOzoneHAClusterImpl.java:stop(320)) - Stopping the StorageContainerManager d38852ba-a21f-4434-98b8-bd8171207a1b
2022-08-20 13:51:25,006 [Listener at 127.0.0.1/34995] INFO  server.StorageContainerManager (StorageContainerManager.java:stop(1552)) - Container Balancer is not running.
2022-08-20 13:51:25,006 [Listener at 127.0.0.1/34995] INFO  server.StorageContainerManager (StorageContainerManager.java:stop(1559)) - Stopping Replication Manager Service.
2022-08-20 13:51:25,006 [Listener at 127.0.0.1/34995] INFO  replication.ReplicationManager (ReplicationManager.java:stop(239)) - Stopping Replication Monitor Thread.
2022-08-20 13:51:25,006 [Listener at 127.0.0.1/34995] INFO  server.StorageContainerManager (StorageContainerManager.java:stop(1566)) - Stopping the Datanode Admin Monitor.
2022-08-20 13:51:25,007 [ReplicationMonitor] INFO  replication.ReplicationManager (ReplicationManager.java:run(543)) - Replication Monitor Thread is stopped
2022-08-20 13:51:25,007 [Listener at 127.0.0.1/34995] INFO  server.StorageContainerManager (StorageContainerManager.java:stop(1573)) - Stopping Lease Manager of the command watchers
2022-08-20 13:51:25,007 [Listener at 127.0.0.1/34995] INFO  server.StorageContainerManager (StorageContainerManager.java:stop(1580)) - Stopping datanode service RPC server
2022-08-20 13:51:25,007 [Listener at 127.0.0.1/34995] INFO  server.SCMDatanodeProtocolServer (SCMDatanodeProtocolServer.java:stop(414)) - Stopping the RPC server for DataNodes
2022-08-20 13:51:25,007 [Listener at 127.0.0.1/34995] INFO  ipc.Server (Server.java:stop(3414)) - Stopping server on 40675
2022-08-20 13:51:25,009 [IPC Server listener on 40675] INFO  ipc.Server (Server.java:run(1376)) - Stopping IPC Server listener on 40675
2022-08-20 13:51:25,011 [IPC Server Responder] INFO  ipc.Server (Server.java:run(1512)) - Stopping IPC Server Responder
2022-08-20 13:51:25,027 [EndpointStateMachine task thread for /127.0.0.1:40675 - 0 ] WARN  statemachine.EndpointStateMachine (EndpointStateMachine.java:logIfNeeded(241)) - Unable to communicate to SCM server at 127.0.0.1:40675 for past 0 seconds.
java.io.EOFException: End of File Exception between local host is: "fv-az54-959/10.1.0.37"; destination host is: "localhost":40675; : java.io.EOFException; For more details see:  http://wiki.apache.org/hadoop/EOFException
	at sun.reflect.NativeConstructorAccessorImpl.newInstance0(Native Method)
	at sun.reflect.NativeConstructorAccessorImpl.newInstance(NativeConstructorAccessorImpl.java:62)
	at sun.reflect.DelegatingConstructorAccessorImpl.newInstance(DelegatingConstructorAccessorImpl.java:45)
	at java.lang.reflect.Constructor.newInstance(Constructor.java:423)
	at org.apache.hadoop.net.NetUtils.wrapWithMessage(NetUtils.java:913)
	at org.apache.hadoop.net.NetUtils.wrapException(NetUtils.java:862)
	at org.apache.hadoop.ipc.Client.getRpcResponse(Client.java:1577)
	at org.apache.hadoop.ipc.Client.call(Client.java:1519)
	at org.apache.hadoop.ipc.Client.call(Client.java:1416)
	at org.apache.hadoop.ipc.ProtobufRpcEngine$Invoker.invoke(ProtobufRpcEngine.java:236)
	at org.apache.hadoop.ipc.ProtobufRpcEngine$Invoker.invoke(ProtobufRpcEngine.java:123)
	at com.sun.proxy.$Proxy51.submitRequest(Unknown Source)
	at org.apache.hadoop.ozone.protocolPB.StorageContainerDatanodeProtocolClientSideTranslatorPB.submitRequest(StorageContainerDatanodeProtocolClientSideTranslatorPB.java:117)
	at org.apache.hadoop.ozone.protocolPB.StorageContainerDatanodeProtocolClientSideTranslatorPB.sendHeartbeat(StorageContainerDatanodeProtocolClientSideTranslatorPB.java:149)
	at org.apache.hadoop.ozone.container.common.states.endpoint.HeartbeatEndpointTask.call(HeartbeatEndpointTask.java:185)
	at org.apache.hadoop.ozone.container.common.states.endpoint.HeartbeatEndpointTask.call(HeartbeatEndpointTask.java:87)
	at java.util.concurrent.FutureTask.run(FutureTask.java:266)
	at java.util.concurrent.ThreadPoolExecutor.runWorker(ThreadPoolExecutor.java:1149)
	at java.util.concurrent.ThreadPoolExecutor$Worker.run(ThreadPoolExecutor.java:624)
	at java.lang.Thread.run(Thread.java:750)
Caused by: java.io.EOFException
	at java.io.DataInputStream.readInt(DataInputStream.java:392)
	at org.apache.hadoop.ipc.Client$IpcStreams.readResponse(Client.java:1892)
	at org.apache.hadoop.ipc.Client$Connection.receiveRpcResponse(Client.java:1202)
	at org.apache.hadoop.ipc.Client$Connection.run(Client.java:1098)
2022-08-20 13:51:25,029 [SCM Heartbeat Processing Thread - 0] WARN  node.NodeStateManager (NodeStateManager.java:scheduleNextHealthCheck(870)) - Current Thread is interrupted, shutting down HB processing thread for Node Manager.
2022-08-20 13:51:25,030 [Listener at 127.0.0.1/34995] INFO  server.StorageContainerManager (StorageContainerManager.java:stop(1588)) - Stopping block service RPC server
2022-08-20 13:51:25,030 [Listener at 127.0.0.1/34995] INFO  server.SCMBlockProtocolServer (SCMBlockProtocolServer.java:stop(161)) - Stopping the RPC server for Block Protocol
2022-08-20 13:51:25,030 [Listener at 127.0.0.1/34995] INFO  ipc.Server (Server.java:stop(3414)) - Stopping server on 41033
2022-08-20 13:51:25,031 [IPC Server listener on 41033] INFO  ipc.Server (Server.java:run(1376)) - Stopping IPC Server listener on 41033
2022-08-20 13:51:25,032 [IPC Server Responder] INFO  ipc.Server (Server.java:run(1512)) - Stopping IPC Server Responder
2022-08-20 13:51:25,032 [Listener at 127.0.0.1/34995] INFO  server.StorageContainerManager (StorageContainerManager.java:stop(1595)) - Stopping the StorageContainerLocationProtocol RPC server
2022-08-20 13:51:25,032 [Listener at 127.0.0.1/34995] INFO  server.SCMClientProtocolServer (SCMClientProtocolServer.java:stop(179)) - Stopping the RPC server for Client Protocol
2022-08-20 13:51:25,033 [Listener at 127.0.0.1/34995] INFO  ipc.Server (Server.java:stop(3414)) - Stopping server on 36733
2022-08-20 13:51:25,033 [IPC Server listener on 36733] INFO  ipc.Server (Server.java:run(1376)) - Stopping IPC Server listener on 36733
2022-08-20 13:51:25,034 [IPC Server Responder] INFO  ipc.Server (Server.java:run(1512)) - Stopping IPC Server Responder
2022-08-20 13:51:25,035 [Listener at 127.0.0.1/34995] INFO  server.StorageContainerManager (StorageContainerManager.java:stop(1602)) - Stopping Storage Container Manager HTTP server.
2022-08-20 13:51:25,036 [Listener at 127.0.0.1/34995] INFO  handler.ContextHandler (ContextHandler.java:doStop(1153)) - Stopped o.e.j.w.WebAppContext@2572a828{scm,/,null,STOPPED}{file:/home/runner/work/ozone/ozone/hadoop-ozone/integration-test/target/test-classes/webapps/scm}
2022-08-20 13:51:25,036 [Listener at 127.0.0.1/34995] INFO  server.AbstractConnector (AbstractConnector.java:doStop(381)) - Stopped ServerConnector@5eda6d9e{HTTP/1.1, (http/1.1)}{0.0.0.0:39469}
2022-08-20 13:51:25,037 [Listener at 127.0.0.1/34995] INFO  server.session (HouseKeeper.java:stopScavenging(149)) - node0 Stopped scavenging
2022-08-20 13:51:25,037 [Listener at 127.0.0.1/34995] INFO  handler.ContextHandler (ContextHandler.java:doStop(1153)) - Stopped o.e.j.s.ServletContextHandler@111a7246{static,/static,file:///home/runner/work/ozone/ozone/hadoop-ozone/integration-test/target/test-classes/webapps/static,STOPPED}
2022-08-20 13:51:25,037 [Listener at 127.0.0.1/34995] INFO  handler.ContextHandler (ContextHandler.java:doStop(1153)) - Stopped o.e.j.s.ServletContextHandler@20a3e730{logs,/logs,file:///home/runner/work/ozone/ozone/hadoop-ozone/integration-test/target/log,STOPPED}
2022-08-20 13:51:25,038 [Listener at 127.0.0.1/34995] INFO  server.StorageContainerManager (StorageContainerManager.java:stop(1608)) - Stopping SCM LayoutVersionManager Service.
2022-08-20 13:51:25,038 [Listener at 127.0.0.1/34995] INFO  server.StorageContainerManager (StorageContainerManager.java:stop(1616)) - Stopping Block Manager Service.
2022-08-20 13:51:25,038 [Listener at 127.0.0.1/34995] INFO  utils.BackgroundService (BackgroundService.java:shutdown(141)) - Shutting down service SCMBlockDeletingService
2022-08-20 13:51:25,038 [Listener at 127.0.0.1/34995] INFO  utils.BackgroundService (BackgroundService.java:shutdown(141)) - Shutting down service SCMBlockDeletingService
2022-08-20 13:51:25,038 [Listener at 127.0.0.1/34995] INFO  server.StorageContainerManager (StorageContainerManager.java:stop(1643)) - Stopping SCM Event Queue.
2022-08-20 13:51:25,040 [Listener at 127.0.0.1/34995] INFO  server.StorageContainerManager (StorageContainerManager.java:stop(1654)) - Stopping SCM HA services.
2022-08-20 13:51:25,040 [Listener at 127.0.0.1/34995] INFO  ha.SCMRatisServerImpl (SCMRatisServerImpl.java:stop(237)) - stopping ratis server 0.0.0.0:46665
2022-08-20 13:51:25,040 [Listener at 127.0.0.1/34995] INFO  server.RaftServer (RaftServerProxy.java:lambda$close$7(398)) - d38852ba-a21f-4434-98b8-bd8171207a1b: close
2022-08-20 13:51:25,040 [Listener at 127.0.0.1/34995] INFO  server.RaftServer$Division (RaftServerImpl.java:lambda$close$4(434)) - d38852ba-a21f-4434-98b8-bd8171207a1b@group-A2CB2457C7CC: shutdown
2022-08-20 13:51:25,040 [Listener at 127.0.0.1/34995] INFO  util.JmxRegister (JmxRegister.java:unregister(73)) - Successfully un-registered JMX Bean with object name Ratis:service=RaftServer,group=group-A2CB2457C7CC,id=d38852ba-a21f-4434-98b8-bd8171207a1b
2022-08-20 13:51:25,040 [Listener at 127.0.0.1/34995] INFO  impl.RoleInfo (RoleInfo.java:shutdownFollowerState(110)) - d38852ba-a21f-4434-98b8-bd8171207a1b: shutdown d38852ba-a21f-4434-98b8-bd8171207a1b@group-A2CB2457C7CC-FollowerState
2022-08-20 13:51:25,041 [d38852ba-a21f-4434-98b8-bd8171207a1b@group-A2CB2457C7CC-FollowerState] INFO  impl.FollowerState (FollowerState.java:run(152)) - d38852ba-a21f-4434-98b8-bd8171207a1b@group-A2CB2457C7CC-FollowerState was interrupted
2022-08-20 13:51:25,041 [d38852ba-a21f-4434-98b8-bd8171207a1b@group-A2CB2457C7CC-StateMachineUpdater] INFO  ha.SCMStateMachine (SCMStateMachine.java:takeSnapshot(297)) - Current Snapshot Index 27, takeSnapshot took 0 ms
2022-08-20 13:51:25,041 [d38852ba-a21f-4434-98b8-bd8171207a1b@group-A2CB2457C7CC-StateMachineUpdater] INFO  impl.StateMachineUpdater (StateMachineUpdater.java:takeSnapshot(287)) - d38852ba-a21f-4434-98b8-bd8171207a1b@group-A2CB2457C7CC-StateMachineUpdater: Took a snapshot at index 27
2022-08-20 13:51:25,041 [d38852ba-a21f-4434-98b8-bd8171207a1b@group-A2CB2457C7CC-StateMachineUpdater] INFO  impl.StateMachineUpdater (StateMachineUpdater.java:lambda$new$0(92)) - d38852ba-a21f-4434-98b8-bd8171207a1b@group-A2CB2457C7CC-StateMachineUpdater: snapshotIndex: updateIncreasingly -1 -> 27
2022-08-20 13:51:25,041 [d38852ba-a21f-4434-98b8-bd8171207a1b@group-A2CB2457C7CC-StateMachineUpdater] INFO  server.StorageContainerManager (StorageContainerManager.java:stop(1552)) - Container Balancer is not running.
2022-08-20 13:51:25,041 [d38852ba-a21f-4434-98b8-bd8171207a1b@group-A2CB2457C7CC-StateMachineUpdater] INFO  server.StorageContainerManager (StorageContainerManager.java:stop(1559)) - Stopping Replication Manager Service.
2022-08-20 13:51:25,041 [d38852ba-a21f-4434-98b8-bd8171207a1b@group-A2CB2457C7CC-StateMachineUpdater] INFO  replication.ReplicationManager (ReplicationManager.java:stop(245)) - Replication Monitor Thread is not running.
2022-08-20 13:51:25,041 [d38852ba-a21f-4434-98b8-bd8171207a1b@group-A2CB2457C7CC-StateMachineUpdater] INFO  server.StorageContainerManager (StorageContainerManager.java:stop(1566)) - Stopping the Datanode Admin Monitor.
2022-08-20 13:51:25,041 [d38852ba-a21f-4434-98b8-bd8171207a1b@group-A2CB2457C7CC-StateMachineUpdater] INFO  server.StorageContainerManager (StorageContainerManager.java:stop(1573)) - Stopping Lease Manager of the command watchers
2022-08-20 13:51:25,042 [d38852ba-a21f-4434-98b8-bd8171207a1b@group-A2CB2457C7CC-StateMachineUpdater] ERROR server.StorageContainerManager (StorageContainerManager.java:stop(1576)) - Lease Manager of the command watchers stop failed
2022-08-20 13:51:25,042 [d38852ba-a21f-4434-98b8-bd8171207a1b@group-A2CB2457C7CC-StateMachineUpdater] INFO  server.StorageContainerManager (StorageContainerManager.java:stop(1580)) - Stopping datanode service RPC server
2022-08-20 13:51:25,042 [d38852ba-a21f-4434-98b8-bd8171207a1b@group-A2CB2457C7CC-StateMachineUpdater] INFO  server.SCMDatanodeProtocolServer (SCMDatanodeProtocolServer.java:stop(414)) - Stopping the RPC server for DataNodes
2022-08-20 13:51:25,042 [d38852ba-a21f-4434-98b8-bd8171207a1b@group-A2CB2457C7CC-StateMachineUpdater] INFO  ipc.Server (Server.java:stop(3414)) - Stopping server on 40675
2022-08-20 13:51:25,042 [d38852ba-a21f-4434-98b8-bd8171207a1b@group-A2CB2457C7CC-StateMachineUpdater] INFO  server.StorageContainerManager (StorageContainerManager.java:stop(1588)) - Stopping block service RPC server
2022-08-20 13:51:25,042 [d38852ba-a21f-4434-98b8-bd8171207a1b@group-A2CB2457C7CC-StateMachineUpdater] INFO  server.SCMBlockProtocolServer (SCMBlockProtocolServer.java:stop(161)) - Stopping the RPC server for Block Protocol
2022-08-20 13:51:25,044 [d38852ba-a21f-4434-98b8-bd8171207a1b@group-A2CB2457C7CC-StateMachineUpdater] INFO  ipc.Server (Server.java:stop(3414)) - Stopping server on 41033
2022-08-20 13:51:25,045 [d38852ba-a21f-4434-98b8-bd8171207a1b@group-A2CB2457C7CC-StateMachineUpdater] INFO  server.StorageContainerManager (StorageContainerManager.java:stop(1595)) - Stopping the StorageContainerLocationProtocol RPC server
2022-08-20 13:51:25,045 [d38852ba-a21f-4434-98b8-bd8171207a1b@group-A2CB2457C7CC-StateMachineUpdater] INFO  server.SCMClientProtocolServer (SCMClientProtocolServer.java:stop(179)) - Stopping the RPC server for Client Protocol
2022-08-20 13:51:25,045 [d38852ba-a21f-4434-98b8-bd8171207a1b@group-A2CB2457C7CC-StateMachineUpdater] INFO  ipc.Server (Server.java:stop(3414)) - Stopping server on 36733
2022-08-20 13:51:25,045 [d38852ba-a21f-4434-98b8-bd8171207a1b@group-A2CB2457C7CC-StateMachineUpdater] INFO  server.StorageContainerManager (StorageContainerManager.java:stop(1602)) - Stopping Storage Container Manager HTTP server.
2022-08-20 13:51:25,045 [Listener at 127.0.0.1/34995] INFO  impl.StateMachineUpdater (StateMachineUpdater.java:stopAndJoin(153)) - d38852ba-a21f-4434-98b8-bd8171207a1b@group-A2CB2457C7CC-StateMachineUpdater: set stopIndex = 27
2022-08-20 13:51:25,045 [d38852ba-a21f-4434-98b8-bd8171207a1b@group-A2CB2457C7CC-StateMachineUpdater] INFO  server.StorageContainerManager (StorageContainerManager.java:stop(1608)) - Stopping SCM LayoutVersionManager Service.
2022-08-20 13:51:25,045 [d38852ba-a21f-4434-98b8-bd8171207a1b@group-A2CB2457C7CC-StateMachineUpdater] INFO  server.StorageContainerManager (StorageContainerManager.java:stop(1616)) - Stopping Block Manager Service.
2022-08-20 13:51:25,046 [d38852ba-a21f-4434-98b8-bd8171207a1b@group-A2CB2457C7CC-StateMachineUpdater] INFO  utils.BackgroundService (BackgroundService.java:shutdown(141)) - Shutting down service SCMBlockDeletingService
2022-08-20 13:51:25,046 [d38852ba-a21f-4434-98b8-bd8171207a1b@group-A2CB2457C7CC-StateMachineUpdater] INFO  utils.BackgroundService (BackgroundService.java:shutdown(141)) - Shutting down service SCMBlockDeletingService
2022-08-20 13:51:25,046 [d38852ba-a21f-4434-98b8-bd8171207a1b@group-A2CB2457C7CC-StateMachineUpdater] INFO  server.StorageContainerManager (StorageContainerManager.java:stop(1643)) - Stopping SCM Event Queue.
2022-08-20 13:51:25,046 [d38852ba-a21f-4434-98b8-bd8171207a1b@group-A2CB2457C7CC-StateMachineUpdater] INFO  server.StorageContainerManager (StorageContainerManager.java:stop(1654)) - Stopping SCM HA services.
2022-08-20 13:51:25,046 [d38852ba-a21f-4434-98b8-bd8171207a1b@group-A2CB2457C7CC-StateMachineUpdater] INFO  ha.SCMRatisServerImpl (SCMRatisServerImpl.java:stop(237)) - stopping ratis server 0.0.0.0:46665
2022-08-20 13:51:25,047 [org.apache.ratis.util.JvmPauseMonitor$$Lambda$519/858083045@7355b2b0] INFO  util.JvmPauseMonitor (JvmPauseMonitor.java:run(109)) - JvmPauseMonitor-d38852ba-a21f-4434-98b8-bd8171207a1b: Stopped
2022-08-20 13:51:25,054 [d38852ba-a21f-4434-98b8-bd8171207a1b@group-A2CB2457C7CC-StateMachineUpdater] INFO  pipeline.BackgroundPipelineCreator (BackgroundPipelineCreator.java:stop(149)) - Stopping RatisPipelineUtilsThread.
2022-08-20 13:51:25,054 [RatisPipelineUtilsThread - 0] WARN  pipeline.BackgroundPipelineCreator (BackgroundPipelineCreator.java:run(180)) - RatisPipelineUtilsThread is interrupted.
2022-08-20 13:51:25,054 [d38852ba-a21f-4434-98b8-bd8171207a1b@group-A2CB2457C7CC-StateMachineUpdater] INFO  BackgroundPipelineScrubber (BackgroundSCMService.java:stop(131)) - Stopping BackgroundPipelineScrubber Service.
2022-08-20 13:51:25,055 [d38852ba-a21f-4434-98b8-bd8171207a1b@group-A2CB2457C7CC-StateMachineUpdater] INFO  server.StorageContainerManager (StorageContainerManager.java:stop(1664)) - Stopping SCM MetadataStore.
2022-08-20 13:51:25,056 [BackgroundPipelineScrubberThread] WARN  BackgroundPipelineScrubber (BackgroundSCMService.java:run(115)) - BackgroundPipelineScrubber is interrupted, exit
2022-08-20 13:51:25,057 [d38852ba-a21f-4434-98b8-bd8171207a1b@group-A2CB2457C7CC-StateMachineUpdater] INFO  impl.MetricsSystemImpl (MetricsSystemImpl.java:stop(210)) - Stopping HddsDatanode metrics system...
2022-08-20 13:51:25,072 [prometheus] INFO  impl.MetricsSinkAdapter (MetricsSinkAdapter.java:publishMetricsFromQueue(141)) - prometheus thread interrupted.
2022-08-20 13:51:25,073 [d38852ba-a21f-4434-98b8-bd8171207a1b@group-A2CB2457C7CC-StateMachineUpdater] INFO  impl.MetricsSystemImpl (MetricsSystemImpl.java:stop(216)) - HddsDatanode metrics system stopped.
2022-08-20 13:51:25,075 [d38852ba-a21f-4434-98b8-bd8171207a1b@group-A2CB2457C7CC-StateMachineUpdater] ERROR server.StorageContainerManager (ExitUtils.java:terminate(133)) - Terminating with exit status 1: scm statemachine is closed by ratis, terminate SCM
2022-08-20 13:51:25,075 [d38852ba-a21f-4434-98b8-bd8171207a1b@group-A2CB2457C7CC-StateMachineUpdater] WARN  impl.StateMachineUpdater (StateMachineUpdater.java:stop(137)) - d38852ba-a21f-4434-98b8-bd8171207a1b@group-A2CB2457C7CC-StateMachineUpdater: Failed to close SCMStateMachine SCMStateMachine:d38852ba-a21f-4434-98b8-bd8171207a1b:group-A2CB2457C7CC
org.apache.ratis.util.ExitUtils$ExitException: scm statemachine is closed by ratis, terminate SCM
	at org.apache.ratis.util.ExitUtils.terminate(ExitUtils.java:141)
	at org.apache.ratis.util.ExitUtils.terminate(ExitUtils.java:151)
	at org.apache.ratis.util.ExitUtils.terminate(ExitUtils.java:155)
	at org.apache.hadoop.hdds.scm.server.StorageContainerManager.shutDown(StorageContainerManager.java:1680)
	at org.apache.hadoop.hdds.scm.ha.SCMStateMachine.close(SCMStateMachine.java:403)
	at org.apache.ratis.server.impl.StateMachineUpdater.stop(StateMachineUpdater.java:134)
	at org.apache.ratis.server.impl.StateMachineUpdater.run(StateMachineUpdater.java:187)
	at java.lang.Thread.run(Thread.java:750)
2022-08-20 13:51:25,075 [Listener at 127.0.0.1/34995] INFO  server.RaftServer$Division (ServerState.java:close(429)) - d38852ba-a21f-4434-98b8-bd8171207a1b@group-A2CB2457C7CC: closes. applyIndex: 26
2022-08-20 13:51:25,076 [d38852ba-a21f-4434-98b8-bd8171207a1b@group-A2CB2457C7CC-SegmentedRaftLogWorker] INFO  segmented.SegmentedRaftLogWorker (SegmentedRaftLogWorker.java:run(336)) - d38852ba-a21f-4434-98b8-bd8171207a1b@group-A2CB2457C7CC-SegmentedRaftLogWorker was interrupted, exiting. There are 0 tasks remaining in the queue.
2022-08-20 13:51:25,077 [Listener at 127.0.0.1/34995] INFO  segmented.SegmentedRaftLogWorker (SegmentedRaftLogWorker.java:close(246)) - d38852ba-a21f-4434-98b8-bd8171207a1b@group-A2CB2457C7CC-SegmentedRaftLogWorker close()
2022-08-20 13:51:25,079 [Listener at 127.0.0.1/34995] INFO  server.GrpcService (GrpcService.java:closeImpl(269)) - d38852ba-a21f-4434-98b8-bd8171207a1b: shutdown server with port 46665 now
2022-08-20 13:51:25,081 [grpc-default-executor-4] WARN  server.GrpcServerProtocolService (LogUtils.java:warn(122)) - d38852ba-a21f-4434-98b8-bd8171207a1b: installSnapshot onError, lastRequest: d94a9406-f498-4882-9ec6-2683d96ac94a->d38852ba-a21f-4434-98b8-bd8171207a1b#937-t2,previous=(t:2, i:27),leaderCommit=27,initializing? true,entries: size=1, first=(t:2, i:28), METADATAENTRY(c:27): org.apache.ratis.thirdparty.io.grpc.StatusRuntimeException: CANCELLED: client cancelled
2022-08-20 13:51:25,081 [grpc-default-executor-2] WARN  server.GrpcLogAppender (LogUtils.java:warn(122)) - d94a9406-f498-4882-9ec6-2683d96ac94a@group-A2CB2457C7CC->d38852ba-a21f-4434-98b8-bd8171207a1b-AppendLogResponseHandler: Failed appendEntries: org.apache.ratis.thirdparty.io.grpc.StatusRuntimeException: CANCELLED: RST_STREAM closed stream. HTTP/2 error code: CANCEL
2022-08-20 13:51:25,082 [grpc-default-executor-2] INFO  leader.FollowerInfo (FollowerInfoImpl.java:lambda$new$0(48)) - d94a9406-f498-4882-9ec6-2683d96ac94a@group-A2CB2457C7CC->d38852ba-a21f-4434-98b8-bd8171207a1b: nextIndex: updateUnconditionally 29 -> 28
2022-08-20 13:51:25,082 [Listener at 127.0.0.1/34995] INFO  server.GrpcService (GrpcService.java:closeImpl(278)) - d38852ba-a21f-4434-98b8-bd8171207a1b: shutdown server with port 46665 successfully
2022-08-20 13:51:25,082 [Listener at 127.0.0.1/34995] WARN  pipeline.BackgroundPipelineCreator (BackgroundPipelineCreator.java:stop(145)) - RatisPipelineUtilsThread is not running, just ignore.
2022-08-20 13:51:25,082 [Listener at 127.0.0.1/34995] INFO  BackgroundPipelineScrubber (BackgroundSCMService.java:stop(126)) - BackgroundPipelineScrubber Service is not running, skip stop.
2022-08-20 13:51:25,082 [Listener at 127.0.0.1/34995] INFO  server.StorageContainerManager (StorageContainerManager.java:stop(1664)) - Stopping SCM MetadataStore.
2022-08-20 13:51:25,082 [Listener at 127.0.0.1/34995] INFO  impl.MetricsSystemImpl (MetricsSystemImpl.java:stop(205)) - HddsDatanode metrics system stopped (again)
2022-08-20 13:51:25,082 [Listener at 127.0.0.1/34995] INFO  ozone.MiniOzoneHAClusterImpl (MiniOzoneHAClusterImpl.java:stop(320)) - Stopping the StorageContainerManager 0dda5a98-1e81-403d-bcb4-170ef3797067
2022-08-20 13:51:25,082 [Listener at 127.0.0.1/34995] INFO  server.StorageContainerManager (StorageContainerManager.java:stop(1552)) - Container Balancer is not running.
2022-08-20 13:51:25,082 [Listener at 127.0.0.1/34995] INFO  server.StorageContainerManager (StorageContainerManager.java:stop(1559)) - Stopping Replication Manager Service.
2022-08-20 13:51:25,082 [Listener at 127.0.0.1/34995] INFO  replication.ReplicationManager (ReplicationManager.java:stop(239)) - Stopping Replication Monitor Thread.
2022-08-20 13:51:25,082 [Listener at 127.0.0.1/34995] INFO  server.StorageContainerManager (StorageContainerManager.java:stop(1566)) - Stopping the Datanode Admin Monitor.
2022-08-20 13:51:25,082 [ReplicationMonitor] INFO  replication.ReplicationManager (ReplicationManager.java:run(543)) - Replication Monitor Thread is stopped
2022-08-20 13:51:25,082 [Listener at 127.0.0.1/34995] INFO  server.StorageContainerManager (StorageContainerManager.java:stop(1573)) - Stopping Lease Manager of the command watchers
2022-08-20 13:51:25,083 [Listener at 127.0.0.1/34995] INFO  server.StorageContainerManager (StorageContainerManager.java:stop(1580)) - Stopping datanode service RPC server
2022-08-20 13:51:25,083 [Listener at 127.0.0.1/34995] INFO  server.SCMDatanodeProtocolServer (SCMDatanodeProtocolServer.java:stop(414)) - Stopping the RPC server for DataNodes
2022-08-20 13:51:25,083 [Listener at 127.0.0.1/34995] INFO  ipc.Server (Server.java:stop(3414)) - Stopping server on 45375
2022-08-20 13:51:25,091 [IPC Server listener on 45375] INFO  ipc.Server (Server.java:run(1376)) - Stopping IPC Server listener on 45375
2022-08-20 13:51:25,092 [IPC Server Responder] INFO  ipc.Server (Server.java:run(1512)) - Stopping IPC Server Responder
2022-08-20 13:51:25,093 [grpc-default-executor-2] WARN  server.GrpcLogAppender (LogUtils.java:warn(122)) - d94a9406-f498-4882-9ec6-2683d96ac94a@group-A2CB2457C7CC->d38852ba-a21f-4434-98b8-bd8171207a1b-AppendLogResponseHandler: Failed appendEntries: org.apache.ratis.thirdparty.io.grpc.StatusRuntimeException: UNAVAILABLE: io exception
2022-08-20 13:51:25,094 [grpc-default-executor-2] INFO  leader.FollowerInfo (FollowerInfoImpl.java:lambda$new$0(48)) - d94a9406-f498-4882-9ec6-2683d96ac94a@group-A2CB2457C7CC->d38852ba-a21f-4434-98b8-bd8171207a1b: nextIndex: updateUnconditionally 29 -> 28
2022-08-20 13:51:25,129 [SCM Heartbeat Processing Thread - 0] WARN  node.NodeStateManager (NodeStateManager.java:scheduleNextHealthCheck(870)) - Current Thread is interrupted, shutting down HB processing thread for Node Manager.
2022-08-20 13:51:25,129 [Listener at 127.0.0.1/34995] INFO  server.StorageContainerManager (StorageContainerManager.java:stop(1588)) - Stopping block service RPC server
2022-08-20 13:51:25,129 [Listener at 127.0.0.1/34995] INFO  server.SCMBlockProtocolServer (SCMBlockProtocolServer.java:stop(161)) - Stopping the RPC server for Block Protocol
2022-08-20 13:51:25,129 [Listener at 127.0.0.1/34995] INFO  ipc.Server (Server.java:stop(3414)) - Stopping server on 41191
2022-08-20 13:51:25,132 [Listener at 127.0.0.1/34995] INFO  server.StorageContainerManager (StorageContainerManager.java:stop(1595)) - Stopping the StorageContainerLocationProtocol RPC server
2022-08-20 13:51:25,132 [Listener at 127.0.0.1/34995] INFO  server.SCMClientProtocolServer (SCMClientProtocolServer.java:stop(179)) - Stopping the RPC server for Client Protocol
2022-08-20 13:51:25,132 [Listener at 127.0.0.1/34995] INFO  ipc.Server (Server.java:stop(3414)) - Stopping server on 37261
2022-08-20 13:51:25,132 [IPC Server listener on 41191] INFO  ipc.Server (Server.java:run(1376)) - Stopping IPC Server listener on 41191
2022-08-20 13:51:25,132 [IPC Server Responder] INFO  ipc.Server (Server.java:run(1512)) - Stopping IPC Server Responder
2022-08-20 13:51:25,136 [IPC Server listener on 37261] INFO  ipc.Server (Server.java:run(1376)) - Stopping IPC Server listener on 37261
2022-08-20 13:51:25,136 [IPC Server Responder] INFO  ipc.Server (Server.java:run(1512)) - Stopping IPC Server Responder
2022-08-20 13:51:25,136 [Listener at 127.0.0.1/34995] INFO  server.StorageContainerManager (StorageContainerManager.java:stop(1602)) - Stopping Storage Container Manager HTTP server.
2022-08-20 13:51:25,137 [Listener at 127.0.0.1/34995] INFO  handler.ContextHandler (ContextHandler.java:doStop(1153)) - Stopped o.e.j.w.WebAppContext@82a08d9{scm,/,null,STOPPED}{file:/home/runner/work/ozone/ozone/hadoop-ozone/integration-test/target/test-classes/webapps/scm}
2022-08-20 13:51:25,138 [Listener at 127.0.0.1/34995] INFO  server.AbstractConnector (AbstractConnector.java:doStop(381)) - Stopped ServerConnector@6ca04112{HTTP/1.1, (http/1.1)}{0.0.0.0:37435}
2022-08-20 13:51:25,138 [Listener at 127.0.0.1/34995] INFO  server.session (HouseKeeper.java:stopScavenging(149)) - node0 Stopped scavenging
2022-08-20 13:51:25,138 [Listener at 127.0.0.1/34995] INFO  handler.ContextHandler (ContextHandler.java:doStop(1153)) - Stopped o.e.j.s.ServletContextHandler@32e80f15{static,/static,file:///home/runner/work/ozone/ozone/hadoop-ozone/integration-test/target/test-classes/webapps/static,STOPPED}
2022-08-20 13:51:25,138 [Listener at 127.0.0.1/34995] INFO  handler.ContextHandler (ContextHandler.java:doStop(1153)) - Stopped o.e.j.s.ServletContextHandler@350c668b{logs,/logs,file:///home/runner/work/ozone/ozone/hadoop-ozone/integration-test/target/log,STOPPED}
2022-08-20 13:51:25,139 [Listener at 127.0.0.1/34995] INFO  server.StorageContainerManager (StorageContainerManager.java:stop(1608)) - Stopping SCM LayoutVersionManager Service.
2022-08-20 13:51:25,139 [Listener at 127.0.0.1/34995] INFO  server.StorageContainerManager (StorageContainerManager.java:stop(1616)) - Stopping Block Manager Service.
2022-08-20 13:51:25,139 [Listener at 127.0.0.1/34995] INFO  utils.BackgroundService (BackgroundService.java:shutdown(141)) - Shutting down service SCMBlockDeletingService
2022-08-20 13:51:25,139 [Listener at 127.0.0.1/34995] INFO  utils.BackgroundService (BackgroundService.java:shutdown(141)) - Shutting down service SCMBlockDeletingService
2022-08-20 13:51:25,140 [Listener at 127.0.0.1/34995] INFO  server.StorageContainerManager (StorageContainerManager.java:stop(1643)) - Stopping SCM Event Queue.
2022-08-20 13:51:25,141 [Listener at 127.0.0.1/34995] INFO  server.StorageContainerManager (StorageContainerManager.java:stop(1654)) - Stopping SCM HA services.
2022-08-20 13:51:25,142 [Listener at 127.0.0.1/34995] INFO  ha.SCMRatisServerImpl (SCMRatisServerImpl.java:stop(237)) - stopping ratis server 0.0.0.0:35129
2022-08-20 13:51:25,142 [Listener at 127.0.0.1/34995] INFO  server.RaftServer (RaftServerProxy.java:lambda$close$7(398)) - 0dda5a98-1e81-403d-bcb4-170ef3797067: close
2022-08-20 13:51:25,142 [Listener at 127.0.0.1/34995] INFO  server.RaftServer$Division (RaftServerImpl.java:lambda$close$4(434)) - 0dda5a98-1e81-403d-bcb4-170ef3797067@group-A2CB2457C7CC: shutdown
2022-08-20 13:51:25,142 [Listener at 127.0.0.1/34995] INFO  util.JmxRegister (JmxRegister.java:unregister(73)) - Successfully un-registered JMX Bean with object name Ratis:service=RaftServer,group=group-A2CB2457C7CC,id=0dda5a98-1e81-403d-bcb4-170ef3797067
2022-08-20 13:51:25,142 [Listener at 127.0.0.1/34995] INFO  impl.RoleInfo (RoleInfo.java:shutdownFollowerState(110)) - 0dda5a98-1e81-403d-bcb4-170ef3797067: shutdown 0dda5a98-1e81-403d-bcb4-170ef3797067@group-A2CB2457C7CC-FollowerState
2022-08-20 13:51:25,142 [Listener at 127.0.0.1/34995] INFO  impl.StateMachineUpdater (StateMachineUpdater.java:stopAndJoin(153)) - 0dda5a98-1e81-403d-bcb4-170ef3797067@group-A2CB2457C7CC-StateMachineUpdater: set stopIndex = 27
2022-08-20 13:51:25,142 [0dda5a98-1e81-403d-bcb4-170ef3797067@group-A2CB2457C7CC-FollowerState] INFO  impl.FollowerState (FollowerState.java:run(152)) - 0dda5a98-1e81-403d-bcb4-170ef3797067@group-A2CB2457C7CC-FollowerState was interrupted
2022-08-20 13:51:25,143 [0dda5a98-1e81-403d-bcb4-170ef3797067@group-A2CB2457C7CC-StateMachineUpdater] INFO  ha.SCMStateMachine (SCMStateMachine.java:takeSnapshot(297)) - Current Snapshot Index 27, takeSnapshot took 0 ms
2022-08-20 13:51:25,143 [0dda5a98-1e81-403d-bcb4-170ef3797067@group-A2CB2457C7CC-StateMachineUpdater] INFO  impl.StateMachineUpdater (StateMachineUpdater.java:takeSnapshot(287)) - 0dda5a98-1e81-403d-bcb4-170ef3797067@group-A2CB2457C7CC-StateMachineUpdater: Took a snapshot at index 27
2022-08-20 13:51:25,143 [0dda5a98-1e81-403d-bcb4-170ef3797067@group-A2CB2457C7CC-StateMachineUpdater] INFO  impl.StateMachineUpdater (StateMachineUpdater.java:lambda$new$0(92)) - 0dda5a98-1e81-403d-bcb4-170ef3797067@group-A2CB2457C7CC-StateMachineUpdater: snapshotIndex: updateIncreasingly -1 -> 27
2022-08-20 13:51:25,143 [0dda5a98-1e81-403d-bcb4-170ef3797067@group-A2CB2457C7CC-StateMachineUpdater] INFO  server.StorageContainerManager (StorageContainerManager.java:stop(1552)) - Container Balancer is not running.
2022-08-20 13:51:25,143 [0dda5a98-1e81-403d-bcb4-170ef3797067@group-A2CB2457C7CC-StateMachineUpdater] INFO  server.StorageContainerManager (StorageContainerManager.java:stop(1559)) - Stopping Replication Manager Service.
2022-08-20 13:51:25,143 [0dda5a98-1e81-403d-bcb4-170ef3797067@group-A2CB2457C7CC-StateMachineUpdater] INFO  replication.ReplicationManager (ReplicationManager.java:stop(245)) - Replication Monitor Thread is not running.
2022-08-20 13:51:25,143 [0dda5a98-1e81-403d-bcb4-170ef3797067@group-A2CB2457C7CC-StateMachineUpdater] INFO  server.StorageContainerManager (StorageContainerManager.java:stop(1566)) - Stopping the Datanode Admin Monitor.
2022-08-20 13:51:25,143 [0dda5a98-1e81-403d-bcb4-170ef3797067@group-A2CB2457C7CC-StateMachineUpdater] INFO  server.StorageContainerManager (StorageContainerManager.java:stop(1573)) - Stopping Lease Manager of the command watchers
2022-08-20 13:51:25,143 [0dda5a98-1e81-403d-bcb4-170ef3797067@group-A2CB2457C7CC-StateMachineUpdater] ERROR server.StorageContainerManager (StorageContainerManager.java:stop(1576)) - Lease Manager of the command watchers stop failed
2022-08-20 13:51:25,143 [0dda5a98-1e81-403d-bcb4-170ef3797067@group-A2CB2457C7CC-StateMachineUpdater] INFO  server.StorageContainerManager (StorageContainerManager.java:stop(1580)) - Stopping datanode service RPC server
2022-08-20 13:51:25,143 [0dda5a98-1e81-403d-bcb4-170ef3797067@group-A2CB2457C7CC-StateMachineUpdater] INFO  server.SCMDatanodeProtocolServer (SCMDatanodeProtocolServer.java:stop(414)) - Stopping the RPC server for DataNodes
2022-08-20 13:51:25,143 [0dda5a98-1e81-403d-bcb4-170ef3797067@group-A2CB2457C7CC-StateMachineUpdater] INFO  ipc.Server (Server.java:stop(3414)) - Stopping server on 45375
2022-08-20 13:51:25,143 [0dda5a98-1e81-403d-bcb4-170ef3797067@group-A2CB2457C7CC-StateMachineUpdater] INFO  server.StorageContainerManager (StorageContainerManager.java:stop(1588)) - Stopping block service RPC server
2022-08-20 13:51:25,143 [0dda5a98-1e81-403d-bcb4-170ef3797067@group-A2CB2457C7CC-StateMachineUpdater] INFO  server.SCMBlockProtocolServer (SCMBlockProtocolServer.java:stop(161)) - Stopping the RPC server for Block Protocol
2022-08-20 13:51:25,143 [0dda5a98-1e81-403d-bcb4-170ef3797067@group-A2CB2457C7CC-StateMachineUpdater] INFO  ipc.Server (Server.java:stop(3414)) - Stopping server on 41191
2022-08-20 13:51:25,143 [0dda5a98-1e81-403d-bcb4-170ef3797067@group-A2CB2457C7CC-StateMachineUpdater] INFO  server.StorageContainerManager (StorageContainerManager.java:stop(1595)) - Stopping the StorageContainerLocationProtocol RPC server
2022-08-20 13:51:25,144 [0dda5a98-1e81-403d-bcb4-170ef3797067@group-A2CB2457C7CC-StateMachineUpdater] INFO  server.SCMClientProtocolServer (SCMClientProtocolServer.java:stop(179)) - Stopping the RPC server for Client Protocol
2022-08-20 13:51:25,144 [0dda5a98-1e81-403d-bcb4-170ef3797067@group-A2CB2457C7CC-StateMachineUpdater] INFO  ipc.Server (Server.java:stop(3414)) - Stopping server on 37261
2022-08-20 13:51:25,144 [0dda5a98-1e81-403d-bcb4-170ef3797067@group-A2CB2457C7CC-StateMachineUpdater] INFO  server.StorageContainerManager (StorageContainerManager.java:stop(1602)) - Stopping Storage Container Manager HTTP server.
2022-08-20 13:51:25,144 [0dda5a98-1e81-403d-bcb4-170ef3797067@group-A2CB2457C7CC-StateMachineUpdater] INFO  server.StorageContainerManager (StorageContainerManager.java:stop(1608)) - Stopping SCM LayoutVersionManager Service.
2022-08-20 13:51:25,144 [0dda5a98-1e81-403d-bcb4-170ef3797067@group-A2CB2457C7CC-StateMachineUpdater] INFO  server.StorageContainerManager (StorageContainerManager.java:stop(1616)) - Stopping Block Manager Service.
2022-08-20 13:51:25,144 [0dda5a98-1e81-403d-bcb4-170ef3797067@group-A2CB2457C7CC-StateMachineUpdater] INFO  utils.BackgroundService (BackgroundService.java:shutdown(141)) - Shutting down service SCMBlockDeletingService
2022-08-20 13:51:25,144 [0dda5a98-1e81-403d-bcb4-170ef3797067@group-A2CB2457C7CC-StateMachineUpdater] INFO  utils.BackgroundService (BackgroundService.java:shutdown(141)) - Shutting down service SCMBlockDeletingService
2022-08-20 13:51:25,144 [0dda5a98-1e81-403d-bcb4-170ef3797067@group-A2CB2457C7CC-StateMachineUpdater] INFO  server.StorageContainerManager (StorageContainerManager.java:stop(1643)) - Stopping SCM Event Queue.
2022-08-20 13:51:25,145 [0dda5a98-1e81-403d-bcb4-170ef3797067@group-A2CB2457C7CC-StateMachineUpdater] INFO  server.StorageContainerManager (StorageContainerManager.java:stop(1654)) - Stopping SCM HA services.
2022-08-20 13:51:25,145 [0dda5a98-1e81-403d-bcb4-170ef3797067@group-A2CB2457C7CC-StateMachineUpdater] INFO  ha.SCMRatisServerImpl (SCMRatisServerImpl.java:stop(237)) - stopping ratis server 0.0.0.0:35129
2022-08-20 13:51:25,145 [org.apache.ratis.util.JvmPauseMonitor$$Lambda$519/858083045@3bbcfc3c] INFO  util.JvmPauseMonitor (JvmPauseMonitor.java:run(109)) - JvmPauseMonitor-0dda5a98-1e81-403d-bcb4-170ef3797067: Stopped
2022-08-20 13:51:25,145 [0dda5a98-1e81-403d-bcb4-170ef3797067@group-A2CB2457C7CC-StateMachineUpdater] INFO  pipeline.BackgroundPipelineCreator (BackgroundPipelineCreator.java:stop(149)) - Stopping RatisPipelineUtilsThread.
2022-08-20 13:51:25,145 [RatisPipelineUtilsThread - 0] WARN  pipeline.BackgroundPipelineCreator (BackgroundPipelineCreator.java:run(180)) - RatisPipelineUtilsThread is interrupted.
2022-08-20 13:51:25,145 [0dda5a98-1e81-403d-bcb4-170ef3797067@group-A2CB2457C7CC-StateMachineUpdater] INFO  BackgroundPipelineScrubber (BackgroundSCMService.java:stop(131)) - Stopping BackgroundPipelineScrubber Service.
2022-08-20 13:51:25,145 [BackgroundPipelineScrubberThread] WARN  BackgroundPipelineScrubber (BackgroundSCMService.java:run(115)) - BackgroundPipelineScrubber is interrupted, exit
2022-08-20 13:51:25,145 [0dda5a98-1e81-403d-bcb4-170ef3797067@group-A2CB2457C7CC-StateMachineUpdater] INFO  server.StorageContainerManager (StorageContainerManager.java:stop(1664)) - Stopping SCM MetadataStore.
2022-08-20 13:51:25,147 [0dda5a98-1e81-403d-bcb4-170ef3797067@group-A2CB2457C7CC-StateMachineUpdater] INFO  impl.MetricsSystemImpl (MetricsSystemImpl.java:stop(205)) - HddsDatanode metrics system stopped (again)
2022-08-20 13:51:25,147 [0dda5a98-1e81-403d-bcb4-170ef3797067@group-A2CB2457C7CC-StateMachineUpdater] ERROR server.StorageContainerManager (ExitUtils.java:terminate(133)) - Terminating with exit status 1: scm statemachine is closed by ratis, terminate SCM
2022-08-20 13:51:25,147 [0dda5a98-1e81-403d-bcb4-170ef3797067@group-A2CB2457C7CC-StateMachineUpdater] WARN  impl.StateMachineUpdater (StateMachineUpdater.java:stop(137)) - 0dda5a98-1e81-403d-bcb4-170ef3797067@group-A2CB2457C7CC-StateMachineUpdater: Failed to close SCMStateMachine SCMStateMachine:0dda5a98-1e81-403d-bcb4-170ef3797067:group-A2CB2457C7CC
org.apache.ratis.util.ExitUtils$ExitException: scm statemachine is closed by ratis, terminate SCM
	at org.apache.ratis.util.ExitUtils.terminate(ExitUtils.java:141)
	at org.apache.ratis.util.ExitUtils.terminate(ExitUtils.java:151)
	at org.apache.ratis.util.ExitUtils.terminate(ExitUtils.java:155)
	at org.apache.hadoop.hdds.scm.server.StorageContainerManager.shutDown(StorageContainerManager.java:1680)
	at org.apache.hadoop.hdds.scm.ha.SCMStateMachine.close(SCMStateMachine.java:403)
	at org.apache.ratis.server.impl.StateMachineUpdater.stop(StateMachineUpdater.java:134)
	at org.apache.ratis.server.impl.StateMachineUpdater.run(StateMachineUpdater.java:187)
	at java.lang.Thread.run(Thread.java:750)
2022-08-20 13:51:25,147 [Listener at 127.0.0.1/34995] INFO  server.RaftServer$Division (ServerState.java:close(429)) - 0dda5a98-1e81-403d-bcb4-170ef3797067@group-A2CB2457C7CC: closes. applyIndex: 26
2022-08-20 13:51:25,148 [0dda5a98-1e81-403d-bcb4-170ef3797067@group-A2CB2457C7CC-SegmentedRaftLogWorker] INFO  segmented.SegmentedRaftLogWorker (SegmentedRaftLogWorker.java:run(336)) - 0dda5a98-1e81-403d-bcb4-170ef3797067@group-A2CB2457C7CC-SegmentedRaftLogWorker was interrupted, exiting. There are 0 tasks remaining in the queue.
2022-08-20 13:51:25,149 [Listener at 127.0.0.1/34995] INFO  segmented.SegmentedRaftLogWorker (SegmentedRaftLogWorker.java:close(246)) - 0dda5a98-1e81-403d-bcb4-170ef3797067@group-A2CB2457C7CC-SegmentedRaftLogWorker close()
2022-08-20 13:51:25,150 [Listener at 127.0.0.1/34995] INFO  server.GrpcService (GrpcService.java:closeImpl(269)) - 0dda5a98-1e81-403d-bcb4-170ef3797067: shutdown server with port 35129 now
2022-08-20 13:51:25,152 [grpc-default-executor-4] WARN  server.GrpcServerProtocolService (LogUtils.java:warn(122)) - 0dda5a98-1e81-403d-bcb4-170ef3797067: installSnapshot onError, lastRequest: d94a9406-f498-4882-9ec6-2683d96ac94a->0dda5a98-1e81-403d-bcb4-170ef3797067#884-t2,previous=(t:2, i:27),leaderCommit=27,initializing? true,entries: size=1, first=(t:2, i:28), METADATAENTRY(c:27): org.apache.ratis.thirdparty.io.grpc.StatusRuntimeException: CANCELLED: client cancelled
2022-08-20 13:51:25,152 [Listener at 127.0.0.1/34995] INFO  server.GrpcService (GrpcService.java:closeImpl(278)) - 0dda5a98-1e81-403d-bcb4-170ef3797067: shutdown server with port 35129 successfully
2022-08-20 13:51:25,152 [Listener at 127.0.0.1/34995] WARN  pipeline.BackgroundPipelineCreator (BackgroundPipelineCreator.java:stop(145)) - RatisPipelineUtilsThread is not running, just ignore.
2022-08-20 13:51:25,152 [Listener at 127.0.0.1/34995] INFO  BackgroundPipelineScrubber (BackgroundSCMService.java:stop(126)) - BackgroundPipelineScrubber Service is not running, skip stop.
2022-08-20 13:51:25,153 [grpc-default-executor-2] WARN  server.GrpcLogAppender (LogUtils.java:warn(122)) - d94a9406-f498-4882-9ec6-2683d96ac94a@group-A2CB2457C7CC->0dda5a98-1e81-403d-bcb4-170ef3797067-AppendLogResponseHandler: Failed appendEntries: org.apache.ratis.thirdparty.io.grpc.StatusRuntimeException: CANCELLED: RST_STREAM closed stream. HTTP/2 error code: CANCEL
2022-08-20 13:51:25,153 [grpc-default-executor-2] INFO  leader.FollowerInfo (FollowerInfoImpl.java:lambda$new$0(48)) - d94a9406-f498-4882-9ec6-2683d96ac94a@group-A2CB2457C7CC->0dda5a98-1e81-403d-bcb4-170ef3797067: nextIndex: updateUnconditionally 29 -> 28
2022-08-20 13:51:25,153 [Listener at 127.0.0.1/34995] INFO  server.StorageContainerManager (StorageContainerManager.java:stop(1664)) - Stopping SCM MetadataStore.
2022-08-20 13:51:25,153 [Listener at 127.0.0.1/34995] INFO  impl.MetricsSystemImpl (MetricsSystemImpl.java:stop(205)) - HddsDatanode metrics system stopped (again)
2022-08-20 13:51:25,153 [Listener at 127.0.0.1/34995] INFO  ozone.MiniOzoneHAClusterImpl (MiniOzoneHAClusterImpl.java:stop(320)) - Stopping the StorageContainerManager d94a9406-f498-4882-9ec6-2683d96ac94a
2022-08-20 13:51:25,154 [Listener at 127.0.0.1/34995] INFO  server.StorageContainerManager (StorageContainerManager.java:stop(1552)) - Container Balancer is not running.
2022-08-20 13:51:25,154 [Listener at 127.0.0.1/34995] INFO  server.StorageContainerManager (StorageContainerManager.java:stop(1559)) - Stopping Replication Manager Service.
2022-08-20 13:51:25,154 [Listener at 127.0.0.1/34995] INFO  replication.ReplicationManager (ReplicationManager.java:stop(239)) - Stopping Replication Monitor Thread.
2022-08-20 13:51:25,154 [ReplicationMonitor] INFO  replication.ReplicationManager (ReplicationManager.java:run(543)) - Replication Monitor Thread is stopped
2022-08-20 13:51:25,154 [Listener at 127.0.0.1/34995] INFO  server.StorageContainerManager (StorageContainerManager.java:stop(1566)) - Stopping the Datanode Admin Monitor.
2022-08-20 13:51:25,154 [Listener at 127.0.0.1/34995] INFO  server.StorageContainerManager (StorageContainerManager.java:stop(1573)) - Stopping Lease Manager of the command watchers
2022-08-20 13:51:25,154 [Listener at 127.0.0.1/34995] INFO  server.StorageContainerManager (StorageContainerManager.java:stop(1580)) - Stopping datanode service RPC server
2022-08-20 13:51:25,154 [Listener at 127.0.0.1/34995] INFO  server.SCMDatanodeProtocolServer (SCMDatanodeProtocolServer.java:stop(414)) - Stopping the RPC server for DataNodes
2022-08-20 13:51:25,154 [Listener at 127.0.0.1/34995] INFO  ipc.Server (Server.java:stop(3414)) - Stopping server on 36399
2022-08-20 13:51:25,158 [IPC Server listener on 36399] INFO  ipc.Server (Server.java:run(1376)) - Stopping IPC Server listener on 36399
2022-08-20 13:51:25,160 [IPC Server Responder] INFO  ipc.Server (Server.java:run(1512)) - Stopping IPC Server Responder
2022-08-20 13:51:25,167 [grpc-default-executor-4] WARN  server.GrpcLogAppender (LogUtils.java:warn(122)) - d94a9406-f498-4882-9ec6-2683d96ac94a@group-A2CB2457C7CC->0dda5a98-1e81-403d-bcb4-170ef3797067-AppendLogResponseHandler: Failed appendEntries: org.apache.ratis.thirdparty.io.grpc.StatusRuntimeException: UNAVAILABLE: io exception
2022-08-20 13:51:25,168 [grpc-default-executor-4] INFO  leader.FollowerInfo (FollowerInfoImpl.java:lambda$new$0(48)) - d94a9406-f498-4882-9ec6-2683d96ac94a@group-A2CB2457C7CC->0dda5a98-1e81-403d-bcb4-170ef3797067: nextIndex: updateUnconditionally 29 -> 28
2022-08-20 13:51:25,528 [EndpointStateMachine task thread for /127.0.0.1:45375 - 0 ] WARN  statemachine.EndpointStateMachine (EndpointStateMachine.java:logIfNeeded(241)) - Unable to communicate to SCM server at 127.0.0.1:45375 for past 0 seconds.
java.io.EOFException: End of File Exception between local host is: "fv-az54-959/10.1.0.37"; destination host is: "localhost":45375; : java.io.EOFException; For more details see:  http://wiki.apache.org/hadoop/EOFException
	at sun.reflect.NativeConstructorAccessorImpl.newInstance0(Native Method)
	at sun.reflect.NativeConstructorAccessorImpl.newInstance(NativeConstructorAccessorImpl.java:62)
	at sun.reflect.DelegatingConstructorAccessorImpl.newInstance(DelegatingConstructorAccessorImpl.java:45)
	at java.lang.reflect.Constructor.newInstance(Constructor.java:423)
	at org.apache.hadoop.net.NetUtils.wrapWithMessage(NetUtils.java:913)
	at org.apache.hadoop.net.NetUtils.wrapException(NetUtils.java:862)
	at org.apache.hadoop.ipc.Client.getRpcResponse(Client.java:1577)
	at org.apache.hadoop.ipc.Client.call(Client.java:1519)
	at org.apache.hadoop.ipc.Client.call(Client.java:1416)
	at org.apache.hadoop.ipc.ProtobufRpcEngine$Invoker.invoke(ProtobufRpcEngine.java:236)
	at org.apache.hadoop.ipc.ProtobufRpcEngine$Invoker.invoke(ProtobufRpcEngine.java:123)
	at com.sun.proxy.$Proxy51.submitRequest(Unknown Source)
	at org.apache.hadoop.ozone.protocolPB.StorageContainerDatanodeProtocolClientSideTranslatorPB.submitRequest(StorageContainerDatanodeProtocolClientSideTranslatorPB.java:117)
	at org.apache.hadoop.ozone.protocolPB.StorageContainerDatanodeProtocolClientSideTranslatorPB.sendHeartbeat(StorageContainerDatanodeProtocolClientSideTranslatorPB.java:149)
	at org.apache.hadoop.ozone.container.common.states.endpoint.HeartbeatEndpointTask.call(HeartbeatEndpointTask.java:185)
	at org.apache.hadoop.ozone.container.common.states.endpoint.HeartbeatEndpointTask.call(HeartbeatEndpointTask.java:87)
	at java.util.concurrent.FutureTask.run(FutureTask.java:266)
	at java.util.concurrent.ThreadPoolExecutor.runWorker(ThreadPoolExecutor.java:1149)
	at java.util.concurrent.ThreadPoolExecutor$Worker.run(ThreadPoolExecutor.java:624)
	at java.lang.Thread.run(Thread.java:750)
Caused by: java.io.EOFException
	at java.io.DataInputStream.readInt(DataInputStream.java:392)
	at org.apache.hadoop.ipc.Client$IpcStreams.readResponse(Client.java:1892)
	at org.apache.hadoop.ipc.Client$Connection.receiveRpcResponse(Client.java:1202)
	at org.apache.hadoop.ipc.Client$Connection.run(Client.java:1098)
2022-08-20 13:51:25,529 [EndpointStateMachine task thread for /127.0.0.1:36399 - 0 ] WARN  statemachine.EndpointStateMachine (EndpointStateMachine.java:logIfNeeded(241)) - Unable to communicate to SCM server at 127.0.0.1:36399 for past 0 seconds.
java.io.EOFException: End of File Exception between local host is: "fv-az54-959/10.1.0.37"; destination host is: "localhost":36399; : java.io.EOFException; For more details see:  http://wiki.apache.org/hadoop/EOFException
	at sun.reflect.NativeConstructorAccessorImpl.newInstance0(Native Method)
	at sun.reflect.NativeConstructorAccessorImpl.newInstance(NativeConstructorAccessorImpl.java:62)
	at sun.reflect.DelegatingConstructorAccessorImpl.newInstance(DelegatingConstructorAccessorImpl.java:45)
	at java.lang.reflect.Constructor.newInstance(Constructor.java:423)
	at org.apache.hadoop.net.NetUtils.wrapWithMessage(NetUtils.java:913)
	at org.apache.hadoop.net.NetUtils.wrapException(NetUtils.java:862)
	at org.apache.hadoop.ipc.Client.getRpcResponse(Client.java:1577)
	at org.apache.hadoop.ipc.Client.call(Client.java:1519)
	at org.apache.hadoop.ipc.Client.call(Client.java:1416)
	at org.apache.hadoop.ipc.ProtobufRpcEngine$Invoker.invoke(ProtobufRpcEngine.java:236)
	at org.apache.hadoop.ipc.ProtobufRpcEngine$Invoker.invoke(ProtobufRpcEngine.java:123)
	at com.sun.proxy.$Proxy51.submitRequest(Unknown Source)
	at org.apache.hadoop.ozone.protocolPB.StorageContainerDatanodeProtocolClientSideTranslatorPB.submitRequest(StorageContainerDatanodeProtocolClientSideTranslatorPB.java:117)
	at org.apache.hadoop.ozone.protocolPB.StorageContainerDatanodeProtocolClientSideTranslatorPB.sendHeartbeat(StorageContainerDatanodeProtocolClientSideTranslatorPB.java:149)
	at org.apache.hadoop.ozone.container.common.states.endpoint.HeartbeatEndpointTask.call(HeartbeatEndpointTask.java:185)
	at org.apache.hadoop.ozone.container.common.states.endpoint.HeartbeatEndpointTask.call(HeartbeatEndpointTask.java:87)
	at java.util.concurrent.FutureTask.run(FutureTask.java:266)
	at java.util.concurrent.ThreadPoolExecutor.runWorker(ThreadPoolExecutor.java:1149)
	at java.util.concurrent.ThreadPoolExecutor$Worker.run(ThreadPoolExecutor.java:624)
	at java.lang.Thread.run(Thread.java:750)
Caused by: java.io.EOFException
	at java.io.DataInputStream.readInt(DataInputStream.java:392)
	at org.apache.hadoop.ipc.Client$IpcStreams.readResponse(Client.java:1892)
	at org.apache.hadoop.ipc.Client$Connection.receiveRpcResponse(Client.java:1202)
	at org.apache.hadoop.ipc.Client$Connection.run(Client.java:1098)
2022-08-20 13:51:26,528 [EndpointStateMachine task thread for /127.0.0.1:40675 - 0 ] INFO  ipc.Client (Client.java:handleConnectionFailure(977)) - Retrying connect to server: localhost/127.0.0.1:40675. Already tried 0 time(s); retry policy is RetryUpToMaximumCountWithFixedSleep(maxRetries=15, sleepTime=1000 MILLISECONDS)
2022-08-20 13:51:26,546 [grpc-default-executor-4] WARN  server.GrpcLogAppender (LogUtils.java:warn(122)) - d94a9406-f498-4882-9ec6-2683d96ac94a@group-A2CB2457C7CC->0dda5a98-1e81-403d-bcb4-170ef3797067-AppendLogResponseHandler: Failed appendEntries: org.apache.ratis.thirdparty.io.grpc.StatusRuntimeException: UNAVAILABLE: io exception
2022-08-20 13:51:26,547 [grpc-default-executor-4] INFO  leader.FollowerInfo (FollowerInfoImpl.java:lambda$new$0(48)) - d94a9406-f498-4882-9ec6-2683d96ac94a@group-A2CB2457C7CC->0dda5a98-1e81-403d-bcb4-170ef3797067: nextIndex: updateUnconditionally 29 -> 28
2022-08-20 13:51:26,550 [grpc-default-executor-4] WARN  server.GrpcLogAppender (LogUtils.java:warn(122)) - d94a9406-f498-4882-9ec6-2683d96ac94a@group-A2CB2457C7CC->d38852ba-a21f-4434-98b8-bd8171207a1b-AppendLogResponseHandler: Failed appendEntries: org.apache.ratis.thirdparty.io.grpc.StatusRuntimeException: UNAVAILABLE: io exception
2022-08-20 13:51:26,550 [grpc-default-executor-4] INFO  leader.FollowerInfo (FollowerInfoImpl.java:lambda$new$0(48)) - d94a9406-f498-4882-9ec6-2683d96ac94a@group-A2CB2457C7CC->d38852ba-a21f-4434-98b8-bd8171207a1b: nextIndex: updateUnconditionally 29 -> 28
2022-08-20 13:51:26,647 [EndpointStateMachine task thread for /127.0.0.1:45375 - 0 ] INFO  ipc.Client (Client.java:handleConnectionFailure(977)) - Retrying connect to server: localhost/127.0.0.1:45375. Already tried 0 time(s); retry policy is RetryUpToMaximumCountWithFixedSleep(maxRetries=15, sleepTime=1000 MILLISECONDS)
2022-08-20 13:51:26,650 [EndpointStateMachine task thread for /127.0.0.1:36399 - 0 ] INFO  ipc.Client (Client.java:handleConnectionFailure(977)) - Retrying connect to server: localhost/127.0.0.1:36399. Already tried 0 time(s); retry policy is RetryUpToMaximumCountWithFixedSleep(maxRetries=15, sleepTime=1000 MILLISECONDS)
2022-08-20 13:51:27,435 [SCM Heartbeat Processing Thread - 0] WARN  node.NodeStateManager (NodeStateManager.java:scheduleNextHealthCheck(870)) - Current Thread is interrupted, shutting down HB processing thread for Node Manager.
2022-08-20 13:51:27,436 [Listener at 127.0.0.1/34995] INFO  server.StorageContainerManager (StorageContainerManager.java:stop(1588)) - Stopping block service RPC server
2022-08-20 13:51:27,436 [Listener at 127.0.0.1/34995] INFO  server.SCMBlockProtocolServer (SCMBlockProtocolServer.java:stop(161)) - Stopping the RPC server for Block Protocol
2022-08-20 13:51:27,436 [Listener at 127.0.0.1/34995] INFO  ipc.Server (Server.java:stop(3414)) - Stopping server on 39205
2022-08-20 13:51:27,439 [Listener at 127.0.0.1/34995] INFO  server.StorageContainerManager (StorageContainerManager.java:stop(1595)) - Stopping the StorageContainerLocationProtocol RPC server
2022-08-20 13:51:27,439 [Listener at 127.0.0.1/34995] INFO  server.SCMClientProtocolServer (SCMClientProtocolServer.java:stop(179)) - Stopping the RPC server for Client Protocol
2022-08-20 13:51:27,439 [Listener at 127.0.0.1/34995] INFO  ipc.Server (Server.java:stop(3414)) - Stopping server on 42999
2022-08-20 13:51:27,440 [IPC Server listener on 39205] INFO  ipc.Server (Server.java:run(1376)) - Stopping IPC Server listener on 39205
2022-08-20 13:51:27,439 [IPC Server Responder] INFO  ipc.Server (Server.java:run(1512)) - Stopping IPC Server Responder
2022-08-20 13:51:27,448 [Listener at 127.0.0.1/34995] INFO  server.StorageContainerManager (StorageContainerManager.java:stop(1602)) - Stopping Storage Container Manager HTTP server.
2022-08-20 13:51:27,448 [IPC Server Responder] INFO  ipc.Server (Server.java:run(1512)) - Stopping IPC Server Responder
2022-08-20 13:51:27,449 [IPC Server listener on 42999] INFO  ipc.Server (Server.java:run(1376)) - Stopping IPC Server listener on 42999
2022-08-20 13:51:27,449 [Listener at 127.0.0.1/34995] INFO  handler.ContextHandler (ContextHandler.java:doStop(1153)) - Stopped o.e.j.w.WebAppContext@76a8801f{scm,/,null,STOPPED}{file:/home/runner/work/ozone/ozone/hadoop-ozone/integration-test/target/test-classes/webapps/scm}
2022-08-20 13:51:27,452 [Listener at 127.0.0.1/34995] INFO  server.AbstractConnector (AbstractConnector.java:doStop(381)) - Stopped ServerConnector@72b0a987{HTTP/1.1, (http/1.1)}{0.0.0.0:34473}
2022-08-20 13:51:27,456 [Listener at 127.0.0.1/34995] INFO  server.session (HouseKeeper.java:stopScavenging(149)) - node0 Stopped scavenging
2022-08-20 13:51:27,456 [Listener at 127.0.0.1/34995] INFO  handler.ContextHandler (ContextHandler.java:doStop(1153)) - Stopped o.e.j.s.ServletContextHandler@534774c4{static,/static,file:///home/runner/work/ozone/ozone/hadoop-ozone/integration-test/target/test-classes/webapps/static,STOPPED}
2022-08-20 13:51:27,456 [Listener at 127.0.0.1/34995] INFO  handler.ContextHandler (ContextHandler.java:doStop(1153)) - Stopped o.e.j.s.ServletContextHandler@3b992090{logs,/logs,file:///home/runner/work/ozone/ozone/hadoop-ozone/integration-test/target/log,STOPPED}
2022-08-20 13:51:27,457 [Listener at 127.0.0.1/34995] INFO  server.StorageContainerManager (StorageContainerManager.java:stop(1608)) - Stopping SCM LayoutVersionManager Service.
2022-08-20 13:51:27,457 [Listener at 127.0.0.1/34995] INFO  server.StorageContainerManager (StorageContainerManager.java:stop(1616)) - Stopping Block Manager Service.
2022-08-20 13:51:27,457 [Listener at 127.0.0.1/34995] INFO  utils.BackgroundService (BackgroundService.java:shutdown(141)) - Shutting down service SCMBlockDeletingService
2022-08-20 13:51:27,457 [Listener at 127.0.0.1/34995] INFO  utils.BackgroundService (BackgroundService.java:shutdown(141)) - Shutting down service SCMBlockDeletingService
2022-08-20 13:51:27,457 [Listener at 127.0.0.1/34995] INFO  server.StorageContainerManager (StorageContainerManager.java:stop(1643)) - Stopping SCM Event Queue.
2022-08-20 13:51:27,459 [Listener at 127.0.0.1/34995] INFO  server.StorageContainerManager (StorageContainerManager.java:stop(1654)) - Stopping SCM HA services.
2022-08-20 13:51:27,459 [Listener at 127.0.0.1/34995] INFO  ha.SCMRatisServerImpl (SCMRatisServerImpl.java:stop(237)) - stopping ratis server 0.0.0.0:33885
2022-08-20 13:51:27,459 [Listener at 127.0.0.1/34995] INFO  server.RaftServer (RaftServerProxy.java:lambda$close$7(398)) - d94a9406-f498-4882-9ec6-2683d96ac94a: close
2022-08-20 13:51:27,459 [Listener at 127.0.0.1/34995] INFO  server.RaftServer$Division (RaftServerImpl.java:lambda$close$4(434)) - d94a9406-f498-4882-9ec6-2683d96ac94a@group-A2CB2457C7CC: shutdown
2022-08-20 13:51:27,459 [Listener at 127.0.0.1/34995] INFO  util.JmxRegister (JmxRegister.java:unregister(73)) - Successfully un-registered JMX Bean with object name Ratis:service=RaftServer,group=group-A2CB2457C7CC,id=d94a9406-f498-4882-9ec6-2683d96ac94a
2022-08-20 13:51:27,459 [Listener at 127.0.0.1/34995] INFO  impl.RoleInfo (RoleInfo.java:shutdownLeaderState(93)) - d94a9406-f498-4882-9ec6-2683d96ac94a: shutdown d94a9406-f498-4882-9ec6-2683d96ac94a@group-A2CB2457C7CC-LeaderStateImpl
2022-08-20 13:51:27,460 [d94a9406-f498-4882-9ec6-2683d96ac94a@group-A2CB2457C7CC->d38852ba-a21f-4434-98b8-bd8171207a1b-GrpcLogAppender-LogAppenderDaemon] WARN  server.GrpcLogAppender (GrpcLogAppender.java:mayWait(171)) - d94a9406-f498-4882-9ec6-2683d96ac94a@group-A2CB2457C7CC->d38852ba-a21f-4434-98b8-bd8171207a1b-GrpcLogAppender: Wait interrupted by java.lang.InterruptedException
2022-08-20 13:51:27,460 [d94a9406-f498-4882-9ec6-2683d96ac94a@group-A2CB2457C7CC->0dda5a98-1e81-403d-bcb4-170ef3797067-GrpcLogAppender-LogAppenderDaemon] WARN  server.GrpcLogAppender (GrpcLogAppender.java:mayWait(171)) - d94a9406-f498-4882-9ec6-2683d96ac94a@group-A2CB2457C7CC->0dda5a98-1e81-403d-bcb4-170ef3797067-GrpcLogAppender: Wait interrupted by java.lang.InterruptedException
2022-08-20 13:51:27,460 [Listener at 127.0.0.1/34995] INFO  impl.PendingRequests (PendingRequests.java:sendNotLeaderResponses(282)) - d94a9406-f498-4882-9ec6-2683d96ac94a@group-A2CB2457C7CC-PendingRequests: sendNotLeaderResponses
2022-08-20 13:51:27,460 [Listener at 127.0.0.1/34995] INFO  ha.SCMStateMachine (SCMStateMachine.java:notifyNotLeader(190)) - current leader SCM steps down.
2022-08-20 13:51:27,461 [Listener at 127.0.0.1/34995] INFO  ha.SCMContext (SCMContext.java:updateLeaderAndTerm(99)) - update <isLeader,term> from <true,2> to <false,0>
2022-08-20 13:51:27,461 [Listener at 127.0.0.1/34995] INFO  ha.SCMContext (SCMContext.java:updateLeaderAndTerm(106)) - update <isLeaderReady> from <false> to <false>
2022-08-20 13:51:27,461 [Listener at 127.0.0.1/34995] INFO  BackgroundPipelineScrubber (BackgroundSCMService.java:notifyStatusChanged(88)) - Service BackgroundPipelineScrubber transitions to PAUSING.
2022-08-20 13:51:27,463 [Listener at 127.0.0.1/34995] INFO  ExpiredContainerReplicaOpScrubber (BackgroundSCMService.java:notifyStatusChanged(88)) - Service ExpiredContainerReplicaOpScrubber transitions to PAUSING.
2022-08-20 13:51:27,463 [Listener at 127.0.0.1/34995] INFO  UnderReplicatedQueueThread (BackgroundSCMService.java:notifyStatusChanged(88)) - Service UnderReplicatedQueueThread transitions to PAUSING.
2022-08-20 13:51:27,463 [Listener at 127.0.0.1/34995] INFO  OverReplicatedQueueThread (BackgroundSCMService.java:notifyStatusChanged(88)) - Service OverReplicatedQueueThread transitions to PAUSING.
2022-08-20 13:51:27,464 [Listener at 127.0.0.1/34995] INFO  impl.StateMachineUpdater (StateMachineUpdater.java:stopAndJoin(153)) - d94a9406-f498-4882-9ec6-2683d96ac94a@group-A2CB2457C7CC-StateMachineUpdater: set stopIndex = 28
2022-08-20 13:51:27,464 [d94a9406-f498-4882-9ec6-2683d96ac94a@group-A2CB2457C7CC-StateMachineUpdater] INFO  ha.SCMStateMachine (SCMStateMachine.java:takeSnapshot(297)) - Current Snapshot Index 28, takeSnapshot took 0 ms
2022-08-20 13:51:27,464 [d94a9406-f498-4882-9ec6-2683d96ac94a@group-A2CB2457C7CC-StateMachineUpdater] INFO  impl.StateMachineUpdater (StateMachineUpdater.java:takeSnapshot(287)) - d94a9406-f498-4882-9ec6-2683d96ac94a@group-A2CB2457C7CC-StateMachineUpdater: Took a snapshot at index 28
2022-08-20 13:51:27,464 [d94a9406-f498-4882-9ec6-2683d96ac94a@group-A2CB2457C7CC-StateMachineUpdater] INFO  impl.StateMachineUpdater (StateMachineUpdater.java:lambda$new$0(92)) - d94a9406-f498-4882-9ec6-2683d96ac94a@group-A2CB2457C7CC-StateMachineUpdater: snapshotIndex: updateIncreasingly -1 -> 28
2022-08-20 13:51:27,464 [d94a9406-f498-4882-9ec6-2683d96ac94a@group-A2CB2457C7CC-StateMachineUpdater] INFO  server.StorageContainerManager (StorageContainerManager.java:stop(1552)) - Container Balancer is not running.
2022-08-20 13:51:27,464 [d94a9406-f498-4882-9ec6-2683d96ac94a@group-A2CB2457C7CC-StateMachineUpdater] INFO  server.StorageContainerManager (StorageContainerManager.java:stop(1559)) - Stopping Replication Manager Service.
2022-08-20 13:51:27,464 [d94a9406-f498-4882-9ec6-2683d96ac94a@group-A2CB2457C7CC-StateMachineUpdater] INFO  replication.ReplicationManager (ReplicationManager.java:stop(245)) - Replication Monitor Thread is not running.
2022-08-20 13:51:27,464 [d94a9406-f498-4882-9ec6-2683d96ac94a@group-A2CB2457C7CC-StateMachineUpdater] INFO  server.StorageContainerManager (StorageContainerManager.java:stop(1566)) - Stopping the Datanode Admin Monitor.
2022-08-20 13:51:27,464 [d94a9406-f498-4882-9ec6-2683d96ac94a@group-A2CB2457C7CC-StateMachineUpdater] INFO  server.StorageContainerManager (StorageContainerManager.java:stop(1573)) - Stopping Lease Manager of the command watchers
2022-08-20 13:51:27,464 [d94a9406-f498-4882-9ec6-2683d96ac94a@group-A2CB2457C7CC-StateMachineUpdater] ERROR server.StorageContainerManager (StorageContainerManager.java:stop(1576)) - Lease Manager of the command watchers stop failed
2022-08-20 13:51:27,464 [d94a9406-f498-4882-9ec6-2683d96ac94a@group-A2CB2457C7CC-StateMachineUpdater] INFO  server.StorageContainerManager (StorageContainerManager.java:stop(1580)) - Stopping datanode service RPC server
2022-08-20 13:51:27,464 [d94a9406-f498-4882-9ec6-2683d96ac94a@group-A2CB2457C7CC-StateMachineUpdater] INFO  server.SCMDatanodeProtocolServer (SCMDatanodeProtocolServer.java:stop(414)) - Stopping the RPC server for DataNodes
2022-08-20 13:51:27,464 [d94a9406-f498-4882-9ec6-2683d96ac94a@group-A2CB2457C7CC-StateMachineUpdater] INFO  ipc.Server (Server.java:stop(3414)) - Stopping server on 36399
2022-08-20 13:51:27,465 [d94a9406-f498-4882-9ec6-2683d96ac94a@group-A2CB2457C7CC-StateMachineUpdater] INFO  server.StorageContainerManager (StorageContainerManager.java:stop(1588)) - Stopping block service RPC server
2022-08-20 13:51:27,465 [d94a9406-f498-4882-9ec6-2683d96ac94a@group-A2CB2457C7CC-StateMachineUpdater] INFO  server.SCMBlockProtocolServer (SCMBlockProtocolServer.java:stop(161)) - Stopping the RPC server for Block Protocol
2022-08-20 13:51:27,465 [d94a9406-f498-4882-9ec6-2683d96ac94a@group-A2CB2457C7CC-StateMachineUpdater] INFO  ipc.Server (Server.java:stop(3414)) - Stopping server on 39205
2022-08-20 13:51:27,465 [d94a9406-f498-4882-9ec6-2683d96ac94a@group-A2CB2457C7CC-StateMachineUpdater] INFO  server.StorageContainerManager (StorageContainerManager.java:stop(1595)) - Stopping the StorageContainerLocationProtocol RPC server
2022-08-20 13:51:27,465 [d94a9406-f498-4882-9ec6-2683d96ac94a@group-A2CB2457C7CC-StateMachineUpdater] INFO  server.SCMClientProtocolServer (SCMClientProtocolServer.java:stop(179)) - Stopping the RPC server for Client Protocol
2022-08-20 13:51:27,465 [d94a9406-f498-4882-9ec6-2683d96ac94a@group-A2CB2457C7CC-StateMachineUpdater] INFO  ipc.Server (Server.java:stop(3414)) - Stopping server on 42999
2022-08-20 13:51:27,465 [d94a9406-f498-4882-9ec6-2683d96ac94a@group-A2CB2457C7CC-StateMachineUpdater] INFO  server.StorageContainerManager (StorageContainerManager.java:stop(1602)) - Stopping Storage Container Manager HTTP server.
2022-08-20 13:51:27,465 [d94a9406-f498-4882-9ec6-2683d96ac94a@group-A2CB2457C7CC-StateMachineUpdater] INFO  server.StorageContainerManager (StorageContainerManager.java:stop(1608)) - Stopping SCM LayoutVersionManager Service.
2022-08-20 13:51:27,465 [d94a9406-f498-4882-9ec6-2683d96ac94a@group-A2CB2457C7CC-StateMachineUpdater] INFO  server.StorageContainerManager (StorageContainerManager.java:stop(1616)) - Stopping Block Manager Service.
2022-08-20 13:51:27,465 [d94a9406-f498-4882-9ec6-2683d96ac94a@group-A2CB2457C7CC-StateMachineUpdater] INFO  utils.BackgroundService (BackgroundService.java:shutdown(141)) - Shutting down service SCMBlockDeletingService
2022-08-20 13:51:27,465 [d94a9406-f498-4882-9ec6-2683d96ac94a@group-A2CB2457C7CC-StateMachineUpdater] INFO  utils.BackgroundService (BackgroundService.java:shutdown(141)) - Shutting down service SCMBlockDeletingService
2022-08-20 13:51:27,465 [d94a9406-f498-4882-9ec6-2683d96ac94a@group-A2CB2457C7CC-StateMachineUpdater] INFO  server.StorageContainerManager (StorageContainerManager.java:stop(1643)) - Stopping SCM Event Queue.
2022-08-20 13:51:27,465 [d94a9406-f498-4882-9ec6-2683d96ac94a@group-A2CB2457C7CC-StateMachineUpdater] INFO  server.StorageContainerManager (StorageContainerManager.java:stop(1654)) - Stopping SCM HA services.
2022-08-20 13:51:27,465 [d94a9406-f498-4882-9ec6-2683d96ac94a@group-A2CB2457C7CC-StateMachineUpdater] INFO  ha.SCMRatisServerImpl (SCMRatisServerImpl.java:stop(237)) - stopping ratis server 0.0.0.0:33885
2022-08-20 13:51:27,466 [org.apache.ratis.util.JvmPauseMonitor$$Lambda$519/858083045@3aba79eb] INFO  util.JvmPauseMonitor (JvmPauseMonitor.java:run(109)) - JvmPauseMonitor-d94a9406-f498-4882-9ec6-2683d96ac94a: Stopped
2022-08-20 13:51:27,466 [d94a9406-f498-4882-9ec6-2683d96ac94a@group-A2CB2457C7CC-StateMachineUpdater] INFO  pipeline.BackgroundPipelineCreator (BackgroundPipelineCreator.java:stop(149)) - Stopping RatisPipelineUtilsThread.
2022-08-20 13:51:27,466 [RatisPipelineUtilsThread - 0] WARN  pipeline.BackgroundPipelineCreator (BackgroundPipelineCreator.java:run(180)) - RatisPipelineUtilsThread is interrupted.
2022-08-20 13:51:27,466 [d94a9406-f498-4882-9ec6-2683d96ac94a@group-A2CB2457C7CC-StateMachineUpdater] INFO  BackgroundPipelineScrubber (BackgroundSCMService.java:stop(131)) - Stopping BackgroundPipelineScrubber Service.
2022-08-20 13:51:27,466 [BackgroundPipelineScrubberThread] WARN  BackgroundPipelineScrubber (BackgroundSCMService.java:run(115)) - BackgroundPipelineScrubber is interrupted, exit
2022-08-20 13:51:27,466 [d94a9406-f498-4882-9ec6-2683d96ac94a@group-A2CB2457C7CC-StateMachineUpdater] INFO  server.StorageContainerManager (StorageContainerManager.java:stop(1664)) - Stopping SCM MetadataStore.
2022-08-20 13:51:27,467 [d94a9406-f498-4882-9ec6-2683d96ac94a@group-A2CB2457C7CC-StateMachineUpdater] INFO  impl.MetricsSystemImpl (MetricsSystemImpl.java:stop(205)) - HddsDatanode metrics system stopped (again)
2022-08-20 13:51:27,467 [d94a9406-f498-4882-9ec6-2683d96ac94a@group-A2CB2457C7CC-StateMachineUpdater] ERROR server.StorageContainerManager (ExitUtils.java:terminate(133)) - Terminating with exit status 1: scm statemachine is closed by ratis, terminate SCM
2022-08-20 13:51:27,467 [d94a9406-f498-4882-9ec6-2683d96ac94a@group-A2CB2457C7CC-StateMachineUpdater] WARN  impl.StateMachineUpdater (StateMachineUpdater.java:stop(137)) - d94a9406-f498-4882-9ec6-2683d96ac94a@group-A2CB2457C7CC-StateMachineUpdater: Failed to close SCMStateMachine SCMStateMachine:d94a9406-f498-4882-9ec6-2683d96ac94a:group-A2CB2457C7CC
org.apache.ratis.util.ExitUtils$ExitException: scm statemachine is closed by ratis, terminate SCM
	at org.apache.ratis.util.ExitUtils.terminate(ExitUtils.java:141)
	at org.apache.ratis.util.ExitUtils.terminate(ExitUtils.java:151)
	at org.apache.ratis.util.ExitUtils.terminate(ExitUtils.java:155)
	at org.apache.hadoop.hdds.scm.server.StorageContainerManager.shutDown(StorageContainerManager.java:1680)
	at org.apache.hadoop.hdds.scm.ha.SCMStateMachine.close(SCMStateMachine.java:403)
	at org.apache.ratis.server.impl.StateMachineUpdater.stop(StateMachineUpdater.java:134)
	at org.apache.ratis.server.impl.StateMachineUpdater.run(StateMachineUpdater.java:187)
	at java.lang.Thread.run(Thread.java:750)
2022-08-20 13:51:27,468 [Listener at 127.0.0.1/34995] INFO  server.RaftServer$Division (ServerState.java:close(429)) - d94a9406-f498-4882-9ec6-2683d96ac94a@group-A2CB2457C7CC: closes. applyIndex: 28
2022-08-20 13:51:27,468 [d94a9406-f498-4882-9ec6-2683d96ac94a@group-A2CB2457C7CC-SegmentedRaftLogWorker] INFO  segmented.SegmentedRaftLogWorker (SegmentedRaftLogWorker.java:run(336)) - d94a9406-f498-4882-9ec6-2683d96ac94a@group-A2CB2457C7CC-SegmentedRaftLogWorker was interrupted, exiting. There are 0 tasks remaining in the queue.
2022-08-20 13:51:27,469 [Listener at 127.0.0.1/34995] INFO  segmented.SegmentedRaftLogWorker (SegmentedRaftLogWorker.java:close(246)) - d94a9406-f498-4882-9ec6-2683d96ac94a@group-A2CB2457C7CC-SegmentedRaftLogWorker close()
2022-08-20 13:51:27,470 [Listener at 127.0.0.1/34995] INFO  server.GrpcService (GrpcService.java:closeImpl(269)) - d94a9406-f498-4882-9ec6-2683d96ac94a: shutdown server with port 33885 now
2022-08-20 13:51:27,474 [Listener at 127.0.0.1/34995] INFO  server.GrpcService (GrpcService.java:closeImpl(278)) - d94a9406-f498-4882-9ec6-2683d96ac94a: shutdown server with port 33885 successfully
2022-08-20 13:51:27,474 [Listener at 127.0.0.1/34995] WARN  pipeline.BackgroundPipelineCreator (BackgroundPipelineCreator.java:stop(145)) - RatisPipelineUtilsThread is not running, just ignore.
2022-08-20 13:51:27,474 [Listener at 127.0.0.1/34995] INFO  BackgroundPipelineScrubber (BackgroundSCMService.java:stop(126)) - BackgroundPipelineScrubber Service is not running, skip stop.
2022-08-20 13:51:27,474 [Listener at 127.0.0.1/34995] INFO  server.StorageContainerManager (StorageContainerManager.java:stop(1664)) - Stopping SCM MetadataStore.
2022-08-20 13:51:27,474 [Listener at 127.0.0.1/34995] INFO  impl.MetricsSystemImpl (MetricsSystemImpl.java:stop(205)) - HddsDatanode metrics system stopped (again)
2022-08-20 13:51:27,474 [Listener at 127.0.0.1/34995] INFO  ozone.MiniOzoneClusterImpl (MiniOzoneClusterImpl.java:stop(463)) - Stopping the Mini Ozone Cluster
2022-08-20 13:51:27,474 [Listener at 127.0.0.1/34995] INFO  ozone.MiniOzoneClusterImpl (MiniOzoneClusterImpl.java:stopDatanodes(522)) - Stopping the HddsDatanodes
2022-08-20 13:51:27,529 [EndpointStateMachine task thread for /127.0.0.1:40675 - 0 ] INFO  ipc.Client (Client.java:handleConnectionFailure(977)) - Retrying connect to server: localhost/127.0.0.1:40675. Already tried 1 time(s); retry policy is RetryUpToMaximumCountWithFixedSleep(maxRetries=15, sleepTime=1000 MILLISECONDS)
2022-08-20 13:51:27,647 [Datanode State Machine Daemon Thread] WARN  statemachine.StateContext (StateContext.java:setState(252)) - Ignore disallowed transition from SHUTDOWN to RUNNING
2022-08-20 13:51:27,648 [EndpointStateMachine task thread for /127.0.0.1:45375 - 0 ] INFO  ipc.Client (Client.java:handleConnectionFailure(977)) - Retrying connect to server: localhost/127.0.0.1:45375. Already tried 1 time(s); retry policy is RetryUpToMaximumCountWithFixedSleep(maxRetries=15, sleepTime=1000 MILLISECONDS)
2022-08-20 13:51:27,651 [EndpointStateMachine task thread for /127.0.0.1:36399 - 0 ] INFO  ipc.Client (Client.java:handleConnectionFailure(977)) - Retrying connect to server: localhost/127.0.0.1:36399. Already tried 1 time(s); retry policy is RetryUpToMaximumCountWithFixedSleep(maxRetries=15, sleepTime=1000 MILLISECONDS)
2022-08-20 13:51:28,024 [Datanode State Machine Daemon Thread] WARN  statemachine.StateContext (StateContext.java:setState(252)) - Ignore disallowed transition from SHUTDOWN to RUNNING
2022-08-20 13:51:28,530 [EndpointStateMachine task thread for /127.0.0.1:40675 - 0 ] INFO  ipc.Client (Client.java:handleConnectionFailure(977)) - Retrying connect to server: localhost/127.0.0.1:40675. Already tried 2 time(s); retry policy is RetryUpToMaximumCountWithFixedSleep(maxRetries=15, sleepTime=1000 MILLISECONDS)
2022-08-20 13:51:28,648 [EndpointStateMachine task thread for /127.0.0.1:45375 - 0 ] INFO  ipc.Client (Client.java:handleConnectionFailure(977)) - Retrying connect to server: localhost/127.0.0.1:45375. Already tried 2 time(s); retry policy is RetryUpToMaximumCountWithFixedSleep(maxRetries=15, sleepTime=1000 MILLISECONDS)
2022-08-20 13:51:28,651 [EndpointStateMachine task thread for /127.0.0.1:36399 - 0 ] INFO  ipc.Client (Client.java:handleConnectionFailure(977)) - Retrying connect to server: localhost/127.0.0.1:36399. Already tried 2 time(s); retry policy is RetryUpToMaximumCountWithFixedSleep(maxRetries=15, sleepTime=1000 MILLISECONDS)
2022-08-20 13:51:29,229 [3b5fe929-2681-4434-877b-86f4f8bf3428@group-98642BEBAD9E-FollowerState] INFO  impl.FollowerState (FollowerState.java:run(143)) - 3b5fe929-2681-4434-877b-86f4f8bf3428@group-98642BEBAD9E-FollowerState: change to CANDIDATE, lastRpcElapsedTime:5030045441ns, electionTimeout:5029ms
2022-08-20 13:51:29,229 [3b5fe929-2681-4434-877b-86f4f8bf3428@group-98642BEBAD9E-FollowerState] INFO  impl.RoleInfo (RoleInfo.java:shutdownFollowerState(110)) - 3b5fe929-2681-4434-877b-86f4f8bf3428: shutdown 3b5fe929-2681-4434-877b-86f4f8bf3428@group-98642BEBAD9E-FollowerState
2022-08-20 13:51:29,229 [3b5fe929-2681-4434-877b-86f4f8bf3428@group-98642BEBAD9E-FollowerState] INFO  server.RaftServer$Division (RaftServerImpl.java:setRole(299)) - 3b5fe929-2681-4434-877b-86f4f8bf3428@group-98642BEBAD9E: changes role from  FOLLOWER to CANDIDATE at term 3 for changeToCandidate
2022-08-20 13:51:29,229 [3b5fe929-2681-4434-877b-86f4f8bf3428@group-98642BEBAD9E-FollowerState] INFO  server.RaftServerConfigKeys (ConfUtils.java:logGet(46)) - raft.server.leaderelection.pre-vote = false (custom)
2022-08-20 13:51:29,229 [3b5fe929-2681-4434-877b-86f4f8bf3428@group-98642BEBAD9E-FollowerState] INFO  impl.RoleInfo (RoleInfo.java:updateAndGet(139)) - 3b5fe929-2681-4434-877b-86f4f8bf3428: start 3b5fe929-2681-4434-877b-86f4f8bf3428@group-98642BEBAD9E-LeaderElection19
2022-08-20 13:51:29,235 [3b5fe929-2681-4434-877b-86f4f8bf3428@group-98642BEBAD9E-LeaderElection19] INFO  impl.LeaderElection (LeaderElection.java:askForVotes(310)) - 3b5fe929-2681-4434-877b-86f4f8bf3428@group-98642BEBAD9E-LeaderElection19 ELECTION round 0: submit vote requests at term 4 for -1: [a11b2509-56e9-4ce5-bf37-e5470aba7c9f|rpc:127.0.0.1:46047|dataStream:|priority:1, 3b5fe929-2681-4434-877b-86f4f8bf3428|rpc:127.0.0.1:45943|dataStream:|priority:0, 2b4e70ee-eebc-4c64-9ba5-1bae8adbf1c4|rpc:127.0.0.1:33429|dataStream:|priority:0], old=null
2022-08-20 13:51:29,241 [grpc-default-executor-4] INFO  server.RaftServer$Division (RaftServerImpl.java:requestVote(1152)) - a11b2509-56e9-4ce5-bf37-e5470aba7c9f@group-98642BEBAD9E: receive requestVote(ELECTION, 3b5fe929-2681-4434-877b-86f4f8bf3428, group-98642BEBAD9E, 4, (t:0, i:0))
2022-08-20 13:51:29,241 [grpc-default-executor-4] INFO  impl.VoteContext (VoteContext.java:log(48)) - a11b2509-56e9-4ce5-bf37-e5470aba7c9f@group-98642BEBAD9E-FOLLOWER: reject ELECTION from 3b5fe929-2681-4434-877b-86f4f8bf3428: our priority 1 > candidate's priority 0
2022-08-20 13:51:29,241 [grpc-default-executor-4] INFO  server.RaftServer$Division (RaftServerImpl.java:setRole(299)) - a11b2509-56e9-4ce5-bf37-e5470aba7c9f@group-98642BEBAD9E: changes role from  FOLLOWER to FOLLOWER at term 4 for candidate:3b5fe929-2681-4434-877b-86f4f8bf3428
2022-08-20 13:51:29,241 [grpc-default-executor-4] INFO  impl.RoleInfo (RoleInfo.java:shutdownFollowerState(110)) - a11b2509-56e9-4ce5-bf37-e5470aba7c9f: shutdown a11b2509-56e9-4ce5-bf37-e5470aba7c9f@group-98642BEBAD9E-FollowerState
2022-08-20 13:51:29,242 [grpc-default-executor-4] INFO  impl.RoleInfo (RoleInfo.java:updateAndGet(139)) - a11b2509-56e9-4ce5-bf37-e5470aba7c9f: start a11b2509-56e9-4ce5-bf37-e5470aba7c9f@group-98642BEBAD9E-FollowerState
2022-08-20 13:51:29,242 [a11b2509-56e9-4ce5-bf37-e5470aba7c9f@group-98642BEBAD9E-FollowerState] INFO  impl.FollowerState (FollowerState.java:run(152)) - a11b2509-56e9-4ce5-bf37-e5470aba7c9f@group-98642BEBAD9E-FollowerState was interrupted
2022-08-20 13:51:29,252 [grpc-default-executor-2] INFO  server.RaftServer$Division (RaftServerImpl.java:requestVote(1152)) - 2b4e70ee-eebc-4c64-9ba5-1bae8adbf1c4@group-98642BEBAD9E: receive requestVote(ELECTION, 3b5fe929-2681-4434-877b-86f4f8bf3428, group-98642BEBAD9E, 4, (t:0, i:0))
2022-08-20 13:51:29,252 [grpc-default-executor-2] INFO  impl.VoteContext (VoteContext.java:log(48)) - 2b4e70ee-eebc-4c64-9ba5-1bae8adbf1c4@group-98642BEBAD9E-FOLLOWER: accept ELECTION from 3b5fe929-2681-4434-877b-86f4f8bf3428: our priority 0 <= candidate's priority 0
2022-08-20 13:51:29,252 [grpc-default-executor-2] INFO  server.RaftServer$Division (RaftServerImpl.java:setRole(299)) - 2b4e70ee-eebc-4c64-9ba5-1bae8adbf1c4@group-98642BEBAD9E: changes role from  FOLLOWER to FOLLOWER at term 4 for candidate:3b5fe929-2681-4434-877b-86f4f8bf3428
2022-08-20 13:51:29,252 [grpc-default-executor-2] INFO  impl.RoleInfo (RoleInfo.java:shutdownFollowerState(110)) - 2b4e70ee-eebc-4c64-9ba5-1bae8adbf1c4: shutdown 2b4e70ee-eebc-4c64-9ba5-1bae8adbf1c4@group-98642BEBAD9E-FollowerState
2022-08-20 13:51:29,252 [grpc-default-executor-2] INFO  impl.RoleInfo (RoleInfo.java:updateAndGet(139)) - 2b4e70ee-eebc-4c64-9ba5-1bae8adbf1c4: start 2b4e70ee-eebc-4c64-9ba5-1bae8adbf1c4@group-98642BEBAD9E-FollowerState
2022-08-20 13:51:29,252 [2b4e70ee-eebc-4c64-9ba5-1bae8adbf1c4@group-98642BEBAD9E-FollowerState] INFO  impl.FollowerState (FollowerState.java:run(152)) - 2b4e70ee-eebc-4c64-9ba5-1bae8adbf1c4@group-98642BEBAD9E-FollowerState was interrupted
2022-08-20 13:51:29,253 [grpc-default-executor-4] INFO  server.RaftServer$Division (RaftServerImpl.java:requestVote(1184)) - a11b2509-56e9-4ce5-bf37-e5470aba7c9f@group-98642BEBAD9E replies to ELECTION vote request: 3b5fe929-2681-4434-877b-86f4f8bf3428<-a11b2509-56e9-4ce5-bf37-e5470aba7c9f#0:FAIL-t4. Peer's state: a11b2509-56e9-4ce5-bf37-e5470aba7c9f@group-98642BEBAD9E:t4, leader=null, voted=null, raftlog=a11b2509-56e9-4ce5-bf37-e5470aba7c9f@group-98642BEBAD9E-SegmentedRaftLog:OPENED:c-1, conf=-1: [a11b2509-56e9-4ce5-bf37-e5470aba7c9f|rpc:127.0.0.1:46047|priority:1, 3b5fe929-2681-4434-877b-86f4f8bf3428|rpc:127.0.0.1:45943|priority:0, 2b4e70ee-eebc-4c64-9ba5-1bae8adbf1c4|rpc:127.0.0.1:33429|priority:0], old=null
2022-08-20 13:51:29,255 [3b5fe929-2681-4434-877b-86f4f8bf3428@group-98642BEBAD9E-LeaderElection19] INFO  impl.LeaderElection (LeaderElection.java:logAndReturn(90)) - 3b5fe929-2681-4434-877b-86f4f8bf3428@group-98642BEBAD9E-LeaderElection19: ELECTION REJECTED received 1 response(s) and 0 exception(s):
2022-08-20 13:51:29,255 [3b5fe929-2681-4434-877b-86f4f8bf3428@group-98642BEBAD9E-LeaderElection19] INFO  impl.LeaderElection (LeaderElection.java:logAndReturn(94)) -   Response 0: 3b5fe929-2681-4434-877b-86f4f8bf3428<-a11b2509-56e9-4ce5-bf37-e5470aba7c9f#0:FAIL-t4
2022-08-20 13:51:29,255 [3b5fe929-2681-4434-877b-86f4f8bf3428@group-98642BEBAD9E-LeaderElection19] INFO  impl.LeaderElection (LeaderElection.java:askForVotes(312)) - 3b5fe929-2681-4434-877b-86f4f8bf3428@group-98642BEBAD9E-LeaderElection19 ELECTION round 0: result REJECTED
2022-08-20 13:51:29,255 [3b5fe929-2681-4434-877b-86f4f8bf3428@group-98642BEBAD9E-LeaderElection19] INFO  server.RaftServer$Division (RaftServerImpl.java:setRole(299)) - 3b5fe929-2681-4434-877b-86f4f8bf3428@group-98642BEBAD9E: changes role from CANDIDATE to FOLLOWER at term 4 for REJECTED
2022-08-20 13:51:29,255 [3b5fe929-2681-4434-877b-86f4f8bf3428@group-98642BEBAD9E-LeaderElection19] INFO  impl.RoleInfo (RoleInfo.java:shutdownLeaderElection(130)) - 3b5fe929-2681-4434-877b-86f4f8bf3428: shutdown 3b5fe929-2681-4434-877b-86f4f8bf3428@group-98642BEBAD9E-LeaderElection19
2022-08-20 13:51:29,255 [3b5fe929-2681-4434-877b-86f4f8bf3428@group-98642BEBAD9E-LeaderElection19] INFO  impl.RoleInfo (RoleInfo.java:updateAndGet(139)) - 3b5fe929-2681-4434-877b-86f4f8bf3428: start 3b5fe929-2681-4434-877b-86f4f8bf3428@group-98642BEBAD9E-FollowerState
2022-08-20 13:51:29,260 [grpc-default-executor-2] INFO  server.RaftServer$Division (RaftServerImpl.java:requestVote(1184)) - 2b4e70ee-eebc-4c64-9ba5-1bae8adbf1c4@group-98642BEBAD9E replies to ELECTION vote request: 3b5fe929-2681-4434-877b-86f4f8bf3428<-2b4e70ee-eebc-4c64-9ba5-1bae8adbf1c4#0:OK-t4. Peer's state: 2b4e70ee-eebc-4c64-9ba5-1bae8adbf1c4@group-98642BEBAD9E:t4, leader=null, voted=3b5fe929-2681-4434-877b-86f4f8bf3428, raftlog=2b4e70ee-eebc-4c64-9ba5-1bae8adbf1c4@group-98642BEBAD9E-SegmentedRaftLog:OPENED:c-1, conf=-1: [a11b2509-56e9-4ce5-bf37-e5470aba7c9f|rpc:127.0.0.1:46047|dataStream:|priority:1, 3b5fe929-2681-4434-877b-86f4f8bf3428|rpc:127.0.0.1:45943|dataStream:|priority:0, 2b4e70ee-eebc-4c64-9ba5-1bae8adbf1c4|rpc:127.0.0.1:33429|dataStream:|priority:0], old=null
2022-08-20 13:51:29,530 [EndpointStateMachine task thread for /127.0.0.1:40675 - 0 ] INFO  ipc.Client (Client.java:handleConnectionFailure(977)) - Retrying connect to server: localhost/127.0.0.1:40675. Already tried 3 time(s); retry policy is RetryUpToMaximumCountWithFixedSleep(maxRetries=15, sleepTime=1000 MILLISECONDS)
2022-08-20 13:51:29,649 [EndpointStateMachine task thread for /127.0.0.1:45375 - 0 ] INFO  ipc.Client (Client.java:handleConnectionFailure(977)) - Retrying connect to server: localhost/127.0.0.1:45375. Already tried 3 time(s); retry policy is RetryUpToMaximumCountWithFixedSleep(maxRetries=15, sleepTime=1000 MILLISECONDS)
2022-08-20 13:51:29,652 [EndpointStateMachine task thread for /127.0.0.1:36399 - 0 ] INFO  ipc.Client (Client.java:handleConnectionFailure(977)) - Retrying connect to server: localhost/127.0.0.1:36399. Already tried 3 time(s); retry policy is RetryUpToMaximumCountWithFixedSleep(maxRetries=15, sleepTime=1000 MILLISECONDS)
2022-08-20 13:51:30,531 [EndpointStateMachine task thread for /127.0.0.1:40675 - 0 ] INFO  ipc.Client (Client.java:handleConnectionFailure(977)) - Retrying connect to server: localhost/127.0.0.1:40675. Already tried 4 time(s); retry policy is RetryUpToMaximumCountWithFixedSleep(maxRetries=15, sleepTime=1000 MILLISECONDS)
2022-08-20 13:51:30,650 [EndpointStateMachine task thread for /127.0.0.1:45375 - 0 ] INFO  ipc.Client (Client.java:handleConnectionFailure(977)) - Retrying connect to server: localhost/127.0.0.1:45375. Already tried 4 time(s); retry policy is RetryUpToMaximumCountWithFixedSleep(maxRetries=15, sleepTime=1000 MILLISECONDS)
2022-08-20 13:51:30,652 [EndpointStateMachine task thread for /127.0.0.1:36399 - 0 ] INFO  ipc.Client (Client.java:handleConnectionFailure(977)) - Retrying connect to server: localhost/127.0.0.1:36399. Already tried 4 time(s); retry policy is RetryUpToMaximumCountWithFixedSleep(maxRetries=15, sleepTime=1000 MILLISECONDS)
2022-08-20 13:51:31,532 [EndpointStateMachine task thread for /127.0.0.1:40675 - 0 ] INFO  ipc.Client (Client.java:handleConnectionFailure(977)) - Retrying connect to server: localhost/127.0.0.1:40675. Already tried 5 time(s); retry policy is RetryUpToMaximumCountWithFixedSleep(maxRetries=15, sleepTime=1000 MILLISECONDS)
2022-08-20 13:51:31,651 [EndpointStateMachine task thread for /127.0.0.1:45375 - 0 ] INFO  ipc.Client (Client.java:handleConnectionFailure(977)) - Retrying connect to server: localhost/127.0.0.1:45375. Already tried 5 time(s); retry policy is RetryUpToMaximumCountWithFixedSleep(maxRetries=15, sleepTime=1000 MILLISECONDS)
2022-08-20 13:51:31,653 [EndpointStateMachine task thread for /127.0.0.1:36399 - 0 ] INFO  ipc.Client (Client.java:handleConnectionFailure(977)) - Retrying connect to server: localhost/127.0.0.1:36399. Already tried 5 time(s); retry policy is RetryUpToMaximumCountWithFixedSleep(maxRetries=15, sleepTime=1000 MILLISECONDS)
2022-08-20 13:51:32,476 [Listener at 127.0.0.1/34995] INFO  ozoneimpl.OzoneContainer (OzoneContainer.java:stop(399)) - Attempting to stop container services.
2022-08-20 13:51:32,477 [Listener at 127.0.0.1/34995] INFO  server.RaftServer (RaftServerProxy.java:lambda$close$7(398)) - 3b5fe929-2681-4434-877b-86f4f8bf3428: close
2022-08-20 13:51:32,477 [Listener at 127.0.0.1/34995] INFO  server.RaftServer$Division (RaftServerImpl.java:lambda$close$4(434)) - 3b5fe929-2681-4434-877b-86f4f8bf3428@group-4198E36B776C: shutdown
2022-08-20 13:51:32,478 [Listener at 127.0.0.1/34995] INFO  util.JmxRegister (JmxRegister.java:unregister(73)) - Successfully un-registered JMX Bean with object name Ratis:service=RaftServer,group=group-4198E36B776C,id=3b5fe929-2681-4434-877b-86f4f8bf3428
2022-08-20 13:51:32,478 [Listener at 127.0.0.1/34995] INFO  impl.RoleInfo (RoleInfo.java:shutdownLeaderState(93)) - 3b5fe929-2681-4434-877b-86f4f8bf3428: shutdown 3b5fe929-2681-4434-877b-86f4f8bf3428@group-4198E36B776C-LeaderStateImpl
2022-08-20 13:51:32,478 [3b5fe929-2681-4434-877b-86f4f8bf3428@group-4198E36B776C->a11b2509-56e9-4ce5-bf37-e5470aba7c9f-GrpcLogAppender-LogAppenderDaemon] WARN  server.GrpcLogAppender (GrpcLogAppender.java:mayWait(171)) - 3b5fe929-2681-4434-877b-86f4f8bf3428@group-4198E36B776C->a11b2509-56e9-4ce5-bf37-e5470aba7c9f-GrpcLogAppender: Wait interrupted by java.lang.InterruptedException
2022-08-20 13:51:32,478 [3b5fe929-2681-4434-877b-86f4f8bf3428@group-4198E36B776C->2b4e70ee-eebc-4c64-9ba5-1bae8adbf1c4-GrpcLogAppender-LogAppenderDaemon] WARN  server.GrpcLogAppender (GrpcLogAppender.java:mayWait(171)) - 3b5fe929-2681-4434-877b-86f4f8bf3428@group-4198E36B776C->2b4e70ee-eebc-4c64-9ba5-1bae8adbf1c4-GrpcLogAppender: Wait interrupted by java.lang.InterruptedException
2022-08-20 13:51:32,478 [Listener at 127.0.0.1/34995] INFO  impl.PendingRequests (PendingRequests.java:sendNotLeaderResponses(282)) - 3b5fe929-2681-4434-877b-86f4f8bf3428@group-4198E36B776C-PendingRequests: sendNotLeaderResponses
2022-08-20 13:51:32,479 [grpc-default-executor-4] INFO  server.GrpcServerProtocolService (GrpcServerProtocolService.java:onCompleted(140)) - 2b4e70ee-eebc-4c64-9ba5-1bae8adbf1c4: Completed APPEND_ENTRIES, lastRequest: 3b5fe929-2681-4434-877b-86f4f8bf3428->2b4e70ee-eebc-4c64-9ba5-1bae8adbf1c4#1-t3,previous=(t:0, i:0),leaderCommit=0,initializing? true,entries: size=1, first=(t:3, i:0), CONFIGURATIONENTRY
2022-08-20 13:51:32,479 [3b5fe929-2681-4434-877b-86f4f8bf3428@group-4198E36B776C-StateMachineUpdater] INFO  ratis.ContainerStateMachine (ContainerStateMachine.java:takeSnapshot(304)) - group-4198E36B776C: Taking a snapshot at:(t:3, i:0) file /home/runner/work/ozone/ozone/hadoop-ozone/integration-test/target/test-dir/MiniOzoneClusterImpl-1d33bde5-c0a1-446c-b0a2-a2cb2457c7cc/datanode-1/data/ratis/636ce802-0b5b-4e15-b57f-4198e36b776c/sm/snapshot.3_0
2022-08-20 13:51:32,479 [grpc-default-executor-2] INFO  server.GrpcServerProtocolService (GrpcServerProtocolService.java:onCompleted(140)) - a11b2509-56e9-4ce5-bf37-e5470aba7c9f: Completed APPEND_ENTRIES, lastRequest: 3b5fe929-2681-4434-877b-86f4f8bf3428->a11b2509-56e9-4ce5-bf37-e5470aba7c9f#1-t3,previous=(t:0, i:0),leaderCommit=-1,initializing? true,entries: size=1, first=(t:3, i:0), CONFIGURATIONENTRY
2022-08-20 13:51:32,482 [Listener at 127.0.0.1/34995] INFO  impl.StateMachineUpdater (StateMachineUpdater.java:stopAndJoin(153)) - 3b5fe929-2681-4434-877b-86f4f8bf3428@group-4198E36B776C-StateMachineUpdater: set stopIndex = 0
2022-08-20 13:51:32,483 [grpc-default-executor-3] INFO  server.GrpcLogAppender (GrpcLogAppender.java:onCompleted(339)) - 3b5fe929-2681-4434-877b-86f4f8bf3428@group-4198E36B776C->a11b2509-56e9-4ce5-bf37-e5470aba7c9f-AppendLogResponseHandler: follower responses appendEntries COMPLETED
2022-08-20 13:51:32,483 [grpc-default-executor-3] INFO  leader.FollowerInfo (FollowerInfoImpl.java:lambda$new$0(48)) - 3b5fe929-2681-4434-877b-86f4f8bf3428@group-4198E36B776C->a11b2509-56e9-4ce5-bf37-e5470aba7c9f: nextIndex: updateUnconditionally 1 -> 0
2022-08-20 13:51:32,483 [grpc-default-executor-2] INFO  server.GrpcLogAppender (GrpcLogAppender.java:onCompleted(339)) - 3b5fe929-2681-4434-877b-86f4f8bf3428@group-4198E36B776C->2b4e70ee-eebc-4c64-9ba5-1bae8adbf1c4-AppendLogResponseHandler: follower responses appendEntries COMPLETED
2022-08-20 13:51:32,483 [grpc-default-executor-2] INFO  leader.FollowerInfo (FollowerInfoImpl.java:lambda$new$0(48)) - 3b5fe929-2681-4434-877b-86f4f8bf3428@group-4198E36B776C->2b4e70ee-eebc-4c64-9ba5-1bae8adbf1c4: nextIndex: updateUnconditionally 1 -> 0
2022-08-20 13:51:32,484 [ForkJoinPool.commonPool-worker-0] INFO  ozoneimpl.OzoneContainer (OzoneContainer.java:stop(399)) - Attempting to stop container services.
2022-08-20 13:51:32,485 [ForkJoinPool.commonPool-worker-0] INFO  server.RaftServer (RaftServerProxy.java:lambda$close$7(398)) - a11b2509-56e9-4ce5-bf37-e5470aba7c9f: close
2022-08-20 13:51:32,485 [ForkJoinPool.commonPool-worker-0] INFO  server.RaftServer$Division (RaftServerImpl.java:lambda$close$4(434)) - a11b2509-56e9-4ce5-bf37-e5470aba7c9f@group-4198E36B776C: shutdown
2022-08-20 13:51:32,485 [ForkJoinPool.commonPool-worker-0] INFO  util.JmxRegister (JmxRegister.java:unregister(73)) - Successfully un-registered JMX Bean with object name Ratis:service=RaftServer,group=group-4198E36B776C,id=a11b2509-56e9-4ce5-bf37-e5470aba7c9f
2022-08-20 13:51:32,485 [ForkJoinPool.commonPool-worker-0] INFO  impl.RoleInfo (RoleInfo.java:shutdownFollowerState(110)) - a11b2509-56e9-4ce5-bf37-e5470aba7c9f: shutdown a11b2509-56e9-4ce5-bf37-e5470aba7c9f@group-4198E36B776C-FollowerState
2022-08-20 13:51:32,485 [ForkJoinPool.commonPool-worker-0] INFO  impl.StateMachineUpdater (StateMachineUpdater.java:stopAndJoin(153)) - a11b2509-56e9-4ce5-bf37-e5470aba7c9f@group-4198E36B776C-StateMachineUpdater: set stopIndex = 0
2022-08-20 13:51:32,485 [a11b2509-56e9-4ce5-bf37-e5470aba7c9f@group-4198E36B776C-FollowerState] INFO  impl.FollowerState (FollowerState.java:run(152)) - a11b2509-56e9-4ce5-bf37-e5470aba7c9f@group-4198E36B776C-FollowerState was interrupted
2022-08-20 13:51:32,486 [a11b2509-56e9-4ce5-bf37-e5470aba7c9f@group-4198E36B776C-StateMachineUpdater] INFO  ratis.ContainerStateMachine (ContainerStateMachine.java:takeSnapshot(304)) - group-4198E36B776C: Taking a snapshot at:(t:3, i:0) file /home/runner/work/ozone/ozone/hadoop-ozone/integration-test/target/test-dir/MiniOzoneClusterImpl-1d33bde5-c0a1-446c-b0a2-a2cb2457c7cc/datanode-0/data/ratis/636ce802-0b5b-4e15-b57f-4198e36b776c/sm/snapshot.3_0
2022-08-20 13:51:32,514 [a11b2509-56e9-4ce5-bf37-e5470aba7c9f@group-4198E36B776C-StateMachineUpdater] INFO  ratis.ContainerStateMachine (ContainerStateMachine.java:takeSnapshot(315)) - group-4198E36B776C: Finished taking a snapshot at:(t:3, i:0) file:/home/runner/work/ozone/ozone/hadoop-ozone/integration-test/target/test-dir/MiniOzoneClusterImpl-1d33bde5-c0a1-446c-b0a2-a2cb2457c7cc/datanode-0/data/ratis/636ce802-0b5b-4e15-b57f-4198e36b776c/sm/snapshot.3_0 took: 28 ms
2022-08-20 13:51:32,514 [3b5fe929-2681-4434-877b-86f4f8bf3428@group-4198E36B776C-StateMachineUpdater] INFO  ratis.ContainerStateMachine (ContainerStateMachine.java:takeSnapshot(315)) - group-4198E36B776C: Finished taking a snapshot at:(t:3, i:0) file:/home/runner/work/ozone/ozone/hadoop-ozone/integration-test/target/test-dir/MiniOzoneClusterImpl-1d33bde5-c0a1-446c-b0a2-a2cb2457c7cc/datanode-1/data/ratis/636ce802-0b5b-4e15-b57f-4198e36b776c/sm/snapshot.3_0 took: 35 ms
2022-08-20 13:51:32,516 [a11b2509-56e9-4ce5-bf37-e5470aba7c9f@group-4198E36B776C-StateMachineUpdater] INFO  impl.StateMachineUpdater (StateMachineUpdater.java:takeSnapshot(287)) - a11b2509-56e9-4ce5-bf37-e5470aba7c9f@group-4198E36B776C-StateMachineUpdater: Took a snapshot at index 0
2022-08-20 13:51:32,516 [3b5fe929-2681-4434-877b-86f4f8bf3428@group-4198E36B776C-StateMachineUpdater] INFO  impl.StateMachineUpdater (StateMachineUpdater.java:takeSnapshot(287)) - 3b5fe929-2681-4434-877b-86f4f8bf3428@group-4198E36B776C-StateMachineUpdater: Took a snapshot at index 0
2022-08-20 13:51:32,516 [a11b2509-56e9-4ce5-bf37-e5470aba7c9f@group-4198E36B776C-StateMachineUpdater] INFO  impl.StateMachineUpdater (StateMachineUpdater.java:lambda$new$0(92)) - a11b2509-56e9-4ce5-bf37-e5470aba7c9f@group-4198E36B776C-StateMachineUpdater: snapshotIndex: updateIncreasingly -1 -> 0
2022-08-20 13:51:32,516 [3b5fe929-2681-4434-877b-86f4f8bf3428@group-4198E36B776C-StateMachineUpdater] INFO  impl.StateMachineUpdater (StateMachineUpdater.java:lambda$new$0(92)) - 3b5fe929-2681-4434-877b-86f4f8bf3428@group-4198E36B776C-StateMachineUpdater: snapshotIndex: updateIncreasingly -1 -> 0
2022-08-20 13:51:32,517 [Listener at 127.0.0.1/34995] INFO  server.RaftServer$Division (ServerState.java:close(429)) - 3b5fe929-2681-4434-877b-86f4f8bf3428@group-4198E36B776C: closes. applyIndex: 0
2022-08-20 13:51:32,517 [ForkJoinPool.commonPool-worker-0] INFO  server.RaftServer$Division (ServerState.java:close(429)) - a11b2509-56e9-4ce5-bf37-e5470aba7c9f@group-4198E36B776C: closes. applyIndex: 0
2022-08-20 13:51:32,517 [3b5fe929-2681-4434-877b-86f4f8bf3428@group-4198E36B776C-SegmentedRaftLogWorker] INFO  segmented.SegmentedRaftLogWorker (SegmentedRaftLogWorker.java:run(336)) - 3b5fe929-2681-4434-877b-86f4f8bf3428@group-4198E36B776C-SegmentedRaftLogWorker was interrupted, exiting. There are 0 tasks remaining in the queue.
2022-08-20 13:51:32,517 [a11b2509-56e9-4ce5-bf37-e5470aba7c9f@group-4198E36B776C-SegmentedRaftLogWorker] INFO  segmented.SegmentedRaftLogWorker (SegmentedRaftLogWorker.java:run(336)) - a11b2509-56e9-4ce5-bf37-e5470aba7c9f@group-4198E36B776C-SegmentedRaftLogWorker was interrupted, exiting. There are 0 tasks remaining in the queue.
2022-08-20 13:51:32,518 [ForkJoinPool.commonPool-worker-0] INFO  segmented.SegmentedRaftLogWorker (SegmentedRaftLogWorker.java:close(246)) - a11b2509-56e9-4ce5-bf37-e5470aba7c9f@group-4198E36B776C-SegmentedRaftLogWorker close()
2022-08-20 13:51:32,519 [Listener at 127.0.0.1/34995] INFO  segmented.SegmentedRaftLogWorker (SegmentedRaftLogWorker.java:close(246)) - 3b5fe929-2681-4434-877b-86f4f8bf3428@group-4198E36B776C-SegmentedRaftLogWorker close()
2022-08-20 13:51:32,519 [ForkJoinPool.commonPool-worker-0] INFO  server.RaftServer$Division (RaftServerImpl.java:lambda$close$4(434)) - a11b2509-56e9-4ce5-bf37-e5470aba7c9f@group-F1D041E5A64A: shutdown
2022-08-20 13:51:32,519 [ForkJoinPool.commonPool-worker-0] INFO  util.JmxRegister (JmxRegister.java:unregister(73)) - Successfully un-registered JMX Bean with object name Ratis:service=RaftServer,group=group-F1D041E5A64A,id=a11b2509-56e9-4ce5-bf37-e5470aba7c9f
2022-08-20 13:51:32,519 [ForkJoinPool.commonPool-worker-0] INFO  impl.RoleInfo (RoleInfo.java:shutdownLeaderState(93)) - a11b2509-56e9-4ce5-bf37-e5470aba7c9f: shutdown a11b2509-56e9-4ce5-bf37-e5470aba7c9f@group-F1D041E5A64A-LeaderStateImpl
2022-08-20 13:51:32,519 [ForkJoinPool.commonPool-worker-0] INFO  impl.PendingRequests (PendingRequests.java:sendNotLeaderResponses(282)) - a11b2509-56e9-4ce5-bf37-e5470aba7c9f@group-F1D041E5A64A-PendingRequests: sendNotLeaderResponses
2022-08-20 13:51:32,520 [ForkJoinPool.commonPool-worker-0] INFO  impl.StateMachineUpdater (StateMachineUpdater.java:stopAndJoin(153)) - a11b2509-56e9-4ce5-bf37-e5470aba7c9f@group-F1D041E5A64A-StateMachineUpdater: set stopIndex = 0
2022-08-20 13:51:32,520 [a11b2509-56e9-4ce5-bf37-e5470aba7c9f@group-F1D041E5A64A-StateMachineUpdater] INFO  ratis.ContainerStateMachine (ContainerStateMachine.java:takeSnapshot(304)) - group-F1D041E5A64A: Taking a snapshot at:(t:1, i:0) file /home/runner/work/ozone/ozone/hadoop-ozone/integration-test/target/test-dir/MiniOzoneClusterImpl-1d33bde5-c0a1-446c-b0a2-a2cb2457c7cc/datanode-0/data/ratis/f0a40090-449a-41d4-81a7-f1d041e5a64a/sm/snapshot.1_0
2022-08-20 13:51:32,521 [Listener at 127.0.0.1/34995] INFO  server.RaftServer$Division (RaftServerImpl.java:lambda$close$4(434)) - 3b5fe929-2681-4434-877b-86f4f8bf3428@group-98642BEBAD9E: shutdown
2022-08-20 13:51:32,521 [Listener at 127.0.0.1/34995] INFO  util.JmxRegister (JmxRegister.java:unregister(73)) - Successfully un-registered JMX Bean with object name Ratis:service=RaftServer,group=group-98642BEBAD9E,id=3b5fe929-2681-4434-877b-86f4f8bf3428
2022-08-20 13:51:32,521 [Listener at 127.0.0.1/34995] INFO  impl.RoleInfo (RoleInfo.java:shutdownFollowerState(110)) - 3b5fe929-2681-4434-877b-86f4f8bf3428: shutdown 3b5fe929-2681-4434-877b-86f4f8bf3428@group-98642BEBAD9E-FollowerState
2022-08-20 13:51:32,521 [Listener at 127.0.0.1/34995] INFO  impl.StateMachineUpdater (StateMachineUpdater.java:stopAndJoin(153)) - 3b5fe929-2681-4434-877b-86f4f8bf3428@group-98642BEBAD9E-StateMachineUpdater: set stopIndex = -1
2022-08-20 13:51:32,521 [3b5fe929-2681-4434-877b-86f4f8bf3428@group-98642BEBAD9E-FollowerState] INFO  impl.FollowerState (FollowerState.java:run(152)) - 3b5fe929-2681-4434-877b-86f4f8bf3428@group-98642BEBAD9E-FollowerState was interrupted
2022-08-20 13:51:32,522 [a11b2509-56e9-4ce5-bf37-e5470aba7c9f@group-F1D041E5A64A-StateMachineUpdater] INFO  ratis.ContainerStateMachine (ContainerStateMachine.java:takeSnapshot(315)) - group-F1D041E5A64A: Finished taking a snapshot at:(t:1, i:0) file:/home/runner/work/ozone/ozone/hadoop-ozone/integration-test/target/test-dir/MiniOzoneClusterImpl-1d33bde5-c0a1-446c-b0a2-a2cb2457c7cc/datanode-0/data/ratis/f0a40090-449a-41d4-81a7-f1d041e5a64a/sm/snapshot.1_0 took: 1 ms
2022-08-20 13:51:32,522 [a11b2509-56e9-4ce5-bf37-e5470aba7c9f@group-F1D041E5A64A-StateMachineUpdater] INFO  impl.StateMachineUpdater (StateMachineUpdater.java:takeSnapshot(287)) - a11b2509-56e9-4ce5-bf37-e5470aba7c9f@group-F1D041E5A64A-StateMachineUpdater: Took a snapshot at index 0
2022-08-20 13:51:32,522 [a11b2509-56e9-4ce5-bf37-e5470aba7c9f@group-F1D041E5A64A-StateMachineUpdater] INFO  impl.StateMachineUpdater (StateMachineUpdater.java:lambda$new$0(92)) - a11b2509-56e9-4ce5-bf37-e5470aba7c9f@group-F1D041E5A64A-StateMachineUpdater: snapshotIndex: updateIncreasingly -1 -> 0
2022-08-20 13:51:32,522 [ForkJoinPool.commonPool-worker-0] INFO  server.RaftServer$Division (ServerState.java:close(429)) - a11b2509-56e9-4ce5-bf37-e5470aba7c9f@group-F1D041E5A64A: closes. applyIndex: 0
2022-08-20 13:51:32,523 [a11b2509-56e9-4ce5-bf37-e5470aba7c9f@group-F1D041E5A64A-SegmentedRaftLogWorker] INFO  segmented.SegmentedRaftLogWorker (SegmentedRaftLogWorker.java:run(336)) - a11b2509-56e9-4ce5-bf37-e5470aba7c9f@group-F1D041E5A64A-SegmentedRaftLogWorker was interrupted, exiting. There are 0 tasks remaining in the queue.
2022-08-20 13:51:32,522 [Listener at 127.0.0.1/34995] INFO  server.RaftServer$Division (ServerState.java:close(429)) - 3b5fe929-2681-4434-877b-86f4f8bf3428@group-98642BEBAD9E: closes. applyIndex: -1
2022-08-20 13:51:32,523 [3b5fe929-2681-4434-877b-86f4f8bf3428@group-98642BEBAD9E-SegmentedRaftLogWorker] INFO  segmented.SegmentedRaftLogWorker (SegmentedRaftLogWorker.java:run(336)) - 3b5fe929-2681-4434-877b-86f4f8bf3428@group-98642BEBAD9E-SegmentedRaftLogWorker was interrupted, exiting. There are 0 tasks remaining in the queue.
2022-08-20 13:51:32,523 [Listener at 127.0.0.1/34995] INFO  segmented.SegmentedRaftLogWorker (SegmentedRaftLogWorker.java:close(246)) - 3b5fe929-2681-4434-877b-86f4f8bf3428@group-98642BEBAD9E-SegmentedRaftLogWorker close()
2022-08-20 13:51:32,525 [Listener at 127.0.0.1/34995] INFO  server.RaftServer$Division (RaftServerImpl.java:lambda$close$4(434)) - 3b5fe929-2681-4434-877b-86f4f8bf3428@group-E683833EA264: shutdown
2022-08-20 13:51:32,525 [Listener at 127.0.0.1/34995] INFO  util.JmxRegister (JmxRegister.java:unregister(73)) - Successfully un-registered JMX Bean with object name Ratis:service=RaftServer,group=group-E683833EA264,id=3b5fe929-2681-4434-877b-86f4f8bf3428
2022-08-20 13:51:32,525 [Listener at 127.0.0.1/34995] INFO  impl.RoleInfo (RoleInfo.java:shutdownLeaderState(93)) - 3b5fe929-2681-4434-877b-86f4f8bf3428: shutdown 3b5fe929-2681-4434-877b-86f4f8bf3428@group-E683833EA264-LeaderStateImpl
2022-08-20 13:51:32,525 [Listener at 127.0.0.1/34995] INFO  impl.PendingRequests (PendingRequests.java:sendNotLeaderResponses(282)) - 3b5fe929-2681-4434-877b-86f4f8bf3428@group-E683833EA264-PendingRequests: sendNotLeaderResponses
2022-08-20 13:51:32,526 [ForkJoinPool.commonPool-worker-0] INFO  segmented.SegmentedRaftLogWorker (SegmentedRaftLogWorker.java:close(246)) - a11b2509-56e9-4ce5-bf37-e5470aba7c9f@group-F1D041E5A64A-SegmentedRaftLogWorker close()
2022-08-20 13:51:32,526 [3b5fe929-2681-4434-877b-86f4f8bf3428@group-E683833EA264-StateMachineUpdater] INFO  ratis.ContainerStateMachine (ContainerStateMachine.java:takeSnapshot(304)) - group-E683833EA264: Taking a snapshot at:(t:1, i:0) file /home/runner/work/ozone/ozone/hadoop-ozone/integration-test/target/test-dir/MiniOzoneClusterImpl-1d33bde5-c0a1-446c-b0a2-a2cb2457c7cc/datanode-1/data/ratis/6fc6340d-a8ed-4bdd-9bec-e683833ea264/sm/snapshot.1_0
2022-08-20 13:51:32,526 [Listener at 127.0.0.1/34995] INFO  impl.StateMachineUpdater (StateMachineUpdater.java:stopAndJoin(153)) - 3b5fe929-2681-4434-877b-86f4f8bf3428@group-E683833EA264-StateMachineUpdater: set stopIndex = 0
2022-08-20 13:51:32,527 [3b5fe929-2681-4434-877b-86f4f8bf3428@group-E683833EA264-StateMachineUpdater] INFO  ratis.ContainerStateMachine (ContainerStateMachine.java:takeSnapshot(315)) - group-E683833EA264: Finished taking a snapshot at:(t:1, i:0) file:/home/runner/work/ozone/ozone/hadoop-ozone/integration-test/target/test-dir/MiniOzoneClusterImpl-1d33bde5-c0a1-446c-b0a2-a2cb2457c7cc/datanode-1/data/ratis/6fc6340d-a8ed-4bdd-9bec-e683833ea264/sm/snapshot.1_0 took: 1 ms
2022-08-20 13:51:32,527 [3b5fe929-2681-4434-877b-86f4f8bf3428@group-E683833EA264-StateMachineUpdater] INFO  impl.StateMachineUpdater (StateMachineUpdater.java:takeSnapshot(287)) - 3b5fe929-2681-4434-877b-86f4f8bf3428@group-E683833EA264-StateMachineUpdater: Took a snapshot at index 0
2022-08-20 13:51:32,528 [3b5fe929-2681-4434-877b-86f4f8bf3428@group-E683833EA264-StateMachineUpdater] INFO  impl.StateMachineUpdater (StateMachineUpdater.java:lambda$new$0(92)) - 3b5fe929-2681-4434-877b-86f4f8bf3428@group-E683833EA264-StateMachineUpdater: snapshotIndex: updateIncreasingly -1 -> 0
2022-08-20 13:51:32,530 [ForkJoinPool.commonPool-worker-0] INFO  server.RaftServer$Division (RaftServerImpl.java:lambda$close$4(434)) - a11b2509-56e9-4ce5-bf37-e5470aba7c9f@group-98642BEBAD9E: shutdown
2022-08-20 13:51:32,530 [ForkJoinPool.commonPool-worker-0] INFO  util.JmxRegister (JmxRegister.java:unregister(73)) - Successfully un-registered JMX Bean with object name Ratis:service=RaftServer,group=group-98642BEBAD9E,id=a11b2509-56e9-4ce5-bf37-e5470aba7c9f
2022-08-20 13:51:32,530 [ForkJoinPool.commonPool-worker-0] INFO  impl.RoleInfo (RoleInfo.java:shutdownFollowerState(110)) - a11b2509-56e9-4ce5-bf37-e5470aba7c9f: shutdown a11b2509-56e9-4ce5-bf37-e5470aba7c9f@group-98642BEBAD9E-FollowerState
2022-08-20 13:51:32,530 [a11b2509-56e9-4ce5-bf37-e5470aba7c9f@group-98642BEBAD9E-FollowerState] INFO  impl.FollowerState (FollowerState.java:run(152)) - a11b2509-56e9-4ce5-bf37-e5470aba7c9f@group-98642BEBAD9E-FollowerState was interrupted
2022-08-20 13:51:32,531 [ForkJoinPool.commonPool-worker-0] INFO  impl.StateMachineUpdater (StateMachineUpdater.java:stopAndJoin(153)) - a11b2509-56e9-4ce5-bf37-e5470aba7c9f@group-98642BEBAD9E-StateMachineUpdater: set stopIndex = -1
2022-08-20 13:51:32,531 [ForkJoinPool.commonPool-worker-0] INFO  server.RaftServer$Division (ServerState.java:close(429)) - a11b2509-56e9-4ce5-bf37-e5470aba7c9f@group-98642BEBAD9E: closes. applyIndex: -1
2022-08-20 13:51:32,531 [a11b2509-56e9-4ce5-bf37-e5470aba7c9f@group-98642BEBAD9E-SegmentedRaftLogWorker] INFO  segmented.SegmentedRaftLogWorker (SegmentedRaftLogWorker.java:run(336)) - a11b2509-56e9-4ce5-bf37-e5470aba7c9f@group-98642BEBAD9E-SegmentedRaftLogWorker was interrupted, exiting. There are 0 tasks remaining in the queue.
2022-08-20 13:51:32,531 [ForkJoinPool.commonPool-worker-0] INFO  segmented.SegmentedRaftLogWorker (SegmentedRaftLogWorker.java:close(246)) - a11b2509-56e9-4ce5-bf37-e5470aba7c9f@group-98642BEBAD9E-SegmentedRaftLogWorker close()
2022-08-20 13:51:32,531 [Listener at 127.0.0.1/34995] INFO  server.RaftServer$Division (ServerState.java:close(429)) - 3b5fe929-2681-4434-877b-86f4f8bf3428@group-E683833EA264: closes. applyIndex: 0
2022-08-20 13:51:32,531 [3b5fe929-2681-4434-877b-86f4f8bf3428@group-E683833EA264-SegmentedRaftLogWorker] INFO  segmented.SegmentedRaftLogWorker (SegmentedRaftLogWorker.java:run(336)) - 3b5fe929-2681-4434-877b-86f4f8bf3428@group-E683833EA264-SegmentedRaftLogWorker was interrupted, exiting. There are 0 tasks remaining in the queue.
2022-08-20 13:51:32,531 [Listener at 127.0.0.1/34995] INFO  segmented.SegmentedRaftLogWorker (SegmentedRaftLogWorker.java:close(246)) - 3b5fe929-2681-4434-877b-86f4f8bf3428@group-E683833EA264-SegmentedRaftLogWorker close()
2022-08-20 13:51:32,533 [EndpointStateMachine task thread for /127.0.0.1:40675 - 0 ] INFO  ipc.Client (Client.java:handleConnectionFailure(977)) - Retrying connect to server: localhost/127.0.0.1:40675. Already tried 6 time(s); retry policy is RetryUpToMaximumCountWithFixedSleep(maxRetries=15, sleepTime=1000 MILLISECONDS)
2022-08-20 13:51:32,533 [ForkJoinPool.commonPool-worker-0] INFO  server.GrpcService (GrpcService.java:closeImpl(269)) - a11b2509-56e9-4ce5-bf37-e5470aba7c9f: shutdown server with port 46047 now
2022-08-20 13:51:32,534 [Listener at 127.0.0.1/34995] INFO  server.GrpcService (GrpcService.java:closeImpl(269)) - 3b5fe929-2681-4434-877b-86f4f8bf3428: shutdown server with port 45943 now
2022-08-20 13:51:32,538 [ForkJoinPool.commonPool-worker-0] INFO  server.GrpcService (GrpcService.java:closeImpl(278)) - a11b2509-56e9-4ce5-bf37-e5470aba7c9f: shutdown server with port 46047 successfully
2022-08-20 13:51:32,539 [org.apache.ratis.util.JvmPauseMonitor$$Lambda$519/858083045@267ec54a] INFO  util.JvmPauseMonitor (JvmPauseMonitor.java:run(109)) - JvmPauseMonitor-a11b2509-56e9-4ce5-bf37-e5470aba7c9f: Stopped
2022-08-20 13:51:32,546 [Listener at 127.0.0.1/34995] INFO  server.GrpcService (GrpcService.java:closeImpl(278)) - 3b5fe929-2681-4434-877b-86f4f8bf3428: shutdown server with port 45943 successfully
2022-08-20 13:51:32,546 [org.apache.ratis.util.JvmPauseMonitor$$Lambda$519/858083045@e4f7ce7] INFO  util.JvmPauseMonitor (JvmPauseMonitor.java:run(109)) - JvmPauseMonitor-3b5fe929-2681-4434-877b-86f4f8bf3428: Stopped
2022-08-20 13:51:32,652 [EndpointStateMachine task thread for /127.0.0.1:45375 - 0 ] INFO  ipc.Client (Client.java:handleConnectionFailure(977)) - Retrying connect to server: localhost/127.0.0.1:45375. Already tried 6 time(s); retry policy is RetryUpToMaximumCountWithFixedSleep(maxRetries=15, sleepTime=1000 MILLISECONDS)
2022-08-20 13:51:32,654 [EndpointStateMachine task thread for /127.0.0.1:36399 - 0 ] INFO  ipc.Client (Client.java:handleConnectionFailure(977)) - Retrying connect to server: localhost/127.0.0.1:36399. Already tried 6 time(s); retry policy is RetryUpToMaximumCountWithFixedSleep(maxRetries=15, sleepTime=1000 MILLISECONDS)
2022-08-20 13:51:33,533 [EndpointStateMachine task thread for /127.0.0.1:40675 - 0 ] INFO  ipc.Client (Client.java:handleConnectionFailure(977)) - Retrying connect to server: localhost/127.0.0.1:40675. Already tried 7 time(s); retry policy is RetryUpToMaximumCountWithFixedSleep(maxRetries=15, sleepTime=1000 MILLISECONDS)
2022-08-20 13:51:33,652 [EndpointStateMachine task thread for /127.0.0.1:45375 - 0 ] INFO  ipc.Client (Client.java:handleConnectionFailure(977)) - Retrying connect to server: localhost/127.0.0.1:45375. Already tried 7 time(s); retry policy is RetryUpToMaximumCountWithFixedSleep(maxRetries=15, sleepTime=1000 MILLISECONDS)
2022-08-20 13:51:33,654 [EndpointStateMachine task thread for /127.0.0.1:36399 - 0 ] INFO  ipc.Client (Client.java:handleConnectionFailure(977)) - Retrying connect to server: localhost/127.0.0.1:36399. Already tried 7 time(s); retry policy is RetryUpToMaximumCountWithFixedSleep(maxRetries=15, sleepTime=1000 MILLISECONDS)
2022-08-20 13:51:34,530 [Datanode State Machine Daemon Thread] ERROR datanode.RunningDatanodeState (RunningDatanodeState.java:computeNextContainerState(207)) - Error in executing end point task.
java.util.concurrent.ExecutionException: java.util.concurrent.TimeoutException
	at java.util.concurrent.FutureTask.report(FutureTask.java:122)
	at java.util.concurrent.FutureTask.get(FutureTask.java:192)
	at org.apache.hadoop.ozone.container.common.states.datanode.RunningDatanodeState.computeNextContainerState(RunningDatanodeState.java:199)
	at org.apache.hadoop.ozone.container.common.states.datanode.RunningDatanodeState.await(RunningDatanodeState.java:239)
	at org.apache.hadoop.ozone.container.common.states.datanode.RunningDatanodeState.await(RunningDatanodeState.java:50)
	at org.apache.hadoop.ozone.container.common.statemachine.StateContext.execute(StateContext.java:660)
	at org.apache.hadoop.ozone.container.common.statemachine.DatanodeStateMachine.startStateMachineThread(DatanodeStateMachine.java:298)
	at org.apache.hadoop.ozone.container.common.statemachine.DatanodeStateMachine.lambda$startDaemon$0(DatanodeStateMachine.java:493)
	at java.lang.Thread.run(Thread.java:750)
Caused by: java.util.concurrent.TimeoutException
	at java.util.concurrent.FutureTask.get(FutureTask.java:205)
	at org.apache.hadoop.ozone.container.common.states.datanode.RunningDatanodeState.lambda$execute$0(RunningDatanodeState.java:157)
	at java.util.concurrent.FutureTask.run(FutureTask.java:266)
	at java.util.concurrent.Executors$RunnableAdapter.call(Executors.java:511)
	at java.util.concurrent.FutureTask.run(FutureTask.java:266)
	at java.util.concurrent.ThreadPoolExecutor.runWorker(ThreadPoolExecutor.java:1149)
	at java.util.concurrent.ThreadPoolExecutor$Worker.run(ThreadPoolExecutor.java:624)
	... 1 more
2022-08-20 13:51:34,534 [EndpointStateMachine task thread for /127.0.0.1:40675 - 0 ] INFO  ipc.Client (Client.java:handleConnectionFailure(977)) - Retrying connect to server: localhost/127.0.0.1:40675. Already tried 8 time(s); retry policy is RetryUpToMaximumCountWithFixedSleep(maxRetries=15, sleepTime=1000 MILLISECONDS)
2022-08-20 13:51:34,567 [Listener at 127.0.0.1/34995] INFO  utils.BackgroundService (BackgroundService.java:shutdown(141)) - Shutting down service BlockDeletingService
2022-08-20 13:51:34,568 [Listener at 127.0.0.1/34995] INFO  utils.BackgroundService (BackgroundService.java:shutdown(141)) - Shutting down service StaleRecoveringContainerScrubbingService
2022-08-20 13:51:34,569 [ForkJoinPool.commonPool-worker-0] INFO  utils.BackgroundService (BackgroundService.java:shutdown(141)) - Shutting down service BlockDeletingService
2022-08-20 13:51:34,569 [ForkJoinPool.commonPool-worker-0] INFO  utils.BackgroundService (BackgroundService.java:shutdown(141)) - Shutting down service StaleRecoveringContainerScrubbingService
2022-08-20 13:51:34,653 [EndpointStateMachine task thread for /127.0.0.1:45375 - 0 ] INFO  ipc.Client (Client.java:handleConnectionFailure(977)) - Retrying connect to server: localhost/127.0.0.1:45375. Already tried 8 time(s); retry policy is RetryUpToMaximumCountWithFixedSleep(maxRetries=15, sleepTime=1000 MILLISECONDS)
2022-08-20 13:51:34,655 [EndpointStateMachine task thread for /127.0.0.1:36399 - 0 ] INFO  ipc.Client (Client.java:handleConnectionFailure(977)) - Retrying connect to server: localhost/127.0.0.1:36399. Already tried 8 time(s); retry policy is RetryUpToMaximumCountWithFixedSleep(maxRetries=15, sleepTime=1000 MILLISECONDS)
2022-08-20 13:51:35,535 [EndpointStateMachine task thread for /127.0.0.1:40675 - 0 ] INFO  ipc.Client (Client.java:handleConnectionFailure(977)) - Retrying connect to server: localhost/127.0.0.1:40675. Already tried 9 time(s); retry policy is RetryUpToMaximumCountWithFixedSleep(maxRetries=15, sleepTime=1000 MILLISECONDS)
2022-08-20 13:51:35,654 [EndpointStateMachine task thread for /127.0.0.1:45375 - 0 ] INFO  ipc.Client (Client.java:handleConnectionFailure(977)) - Retrying connect to server: localhost/127.0.0.1:45375. Already tried 9 time(s); retry policy is RetryUpToMaximumCountWithFixedSleep(maxRetries=15, sleepTime=1000 MILLISECONDS)
2022-08-20 13:51:35,655 [EndpointStateMachine task thread for /127.0.0.1:36399 - 0 ] INFO  ipc.Client (Client.java:handleConnectionFailure(977)) - Retrying connect to server: localhost/127.0.0.1:36399. Already tried 9 time(s); retry policy is RetryUpToMaximumCountWithFixedSleep(maxRetries=15, sleepTime=1000 MILLISECONDS)
2022-08-20 13:51:36,535 [EndpointStateMachine task thread for /127.0.0.1:40675 - 0 ] INFO  ipc.Client (Client.java:handleConnectionFailure(977)) - Retrying connect to server: localhost/127.0.0.1:40675. Already tried 10 time(s); retry policy is RetryUpToMaximumCountWithFixedSleep(maxRetries=15, sleepTime=1000 MILLISECONDS)
2022-08-20 13:51:36,655 [EndpointStateMachine task thread for /127.0.0.1:45375 - 0 ] INFO  ipc.Client (Client.java:handleConnectionFailure(977)) - Retrying connect to server: localhost/127.0.0.1:45375. Already tried 10 time(s); retry policy is RetryUpToMaximumCountWithFixedSleep(maxRetries=15, sleepTime=1000 MILLISECONDS)
2022-08-20 13:51:36,655 [EndpointStateMachine task thread for /127.0.0.1:36399 - 0 ] INFO  ipc.Client (Client.java:handleConnectionFailure(977)) - Retrying connect to server: localhost/127.0.0.1:36399. Already tried 10 time(s); retry policy is RetryUpToMaximumCountWithFixedSleep(maxRetries=15, sleepTime=1000 MILLISECONDS)
2022-08-20 13:51:37,537 [EndpointStateMachine task thread for /127.0.0.1:40675 - 0 ] INFO  ipc.Client (Client.java:handleConnectionFailure(977)) - Retrying connect to server: localhost/127.0.0.1:40675. Already tried 11 time(s); retry policy is RetryUpToMaximumCountWithFixedSleep(maxRetries=15, sleepTime=1000 MILLISECONDS)
2022-08-20 13:51:37,571 [Listener at 127.0.0.1/34995] INFO  statemachine.DatanodeStateMachine (DatanodeStateMachine.java:stopDaemon(580)) - Ozone container server stopped.
2022-08-20 13:51:37,576 [ForkJoinPool.commonPool-worker-0] INFO  statemachine.DatanodeStateMachine (DatanodeStateMachine.java:stopDaemon(580)) - Ozone container server stopped.
2022-08-20 13:51:37,585 [Listener at 127.0.0.1/34995] INFO  handler.ContextHandler (ContextHandler.java:doStop(1153)) - Stopped o.e.j.w.WebAppContext@6ab033ca{hddsDatanode,/,null,STOPPED}{jar:file:/home/runner/.m2/repository/org/apache/ozone/hdds-container-service/1.3.0-SNAPSHOT/hdds-container-service-1.3.0-SNAPSHOT.jar!/webapps/hddsDatanode}
2022-08-20 13:51:37,588 [Listener at 127.0.0.1/34995] INFO  server.AbstractConnector (AbstractConnector.java:doStop(381)) - Stopped ServerConnector@3322b9ae{HTTP/1.1, (http/1.1)}{0.0.0.0:0}
2022-08-20 13:51:37,588 [Listener at 127.0.0.1/34995] INFO  server.session (HouseKeeper.java:stopScavenging(149)) - node0 Stopped scavenging
2022-08-20 13:51:37,588 [ForkJoinPool.commonPool-worker-0] INFO  handler.ContextHandler (ContextHandler.java:doStop(1153)) - Stopped o.e.j.w.WebAppContext@3c287d3c{hddsDatanode,/,null,STOPPED}{jar:file:/home/runner/.m2/repository/org/apache/ozone/hdds-container-service/1.3.0-SNAPSHOT/hdds-container-service-1.3.0-SNAPSHOT.jar!/webapps/hddsDatanode}
2022-08-20 13:51:37,592 [Listener at 127.0.0.1/34995] INFO  handler.ContextHandler (ContextHandler.java:doStop(1153)) - Stopped o.e.j.s.ServletContextHandler@6572430a{static,/static,jar:file:/home/runner/.m2/repository/org/apache/ozone/hdds-container-service/1.3.0-SNAPSHOT/hdds-container-service-1.3.0-SNAPSHOT.jar!/webapps/static,STOPPED}
2022-08-20 13:51:37,593 [Listener at 127.0.0.1/34995] INFO  handler.ContextHandler (ContextHandler.java:doStop(1153)) - Stopped o.e.j.s.ServletContextHandler@6f6441f{logs,/logs,file:///home/runner/work/ozone/ozone/hadoop-ozone/integration-test/target/log,STOPPED}
2022-08-20 13:51:37,595 [ForkJoinPool.commonPool-worker-0] INFO  server.AbstractConnector (AbstractConnector.java:doStop(381)) - Stopped ServerConnector@6a13a97a{HTTP/1.1, (http/1.1)}{0.0.0.0:0}
2022-08-20 13:51:37,595 [ForkJoinPool.commonPool-worker-0] INFO  server.session (HouseKeeper.java:stopScavenging(149)) - node0 Stopped scavenging
2022-08-20 13:51:37,604 [ForkJoinPool.commonPool-worker-0] INFO  handler.ContextHandler (ContextHandler.java:doStop(1153)) - Stopped o.e.j.s.ServletContextHandler@1f112449{static,/static,jar:file:/home/runner/.m2/repository/org/apache/ozone/hdds-container-service/1.3.0-SNAPSHOT/hdds-container-service-1.3.0-SNAPSHOT.jar!/webapps/static,STOPPED}
2022-08-20 13:51:37,604 [ForkJoinPool.commonPool-worker-0] INFO  handler.ContextHandler (ContextHandler.java:doStop(1153)) - Stopped o.e.j.s.ServletContextHandler@56e81851{logs,/logs,file:///home/runner/work/ozone/ozone/hadoop-ozone/integration-test/target/log,STOPPED}
2022-08-20 13:51:37,655 [EndpointStateMachine task thread for /127.0.0.1:45375 - 0 ] INFO  ipc.Client (Client.java:handleConnectionFailure(977)) - Retrying connect to server: localhost/127.0.0.1:45375. Already tried 11 time(s); retry policy is RetryUpToMaximumCountWithFixedSleep(maxRetries=15, sleepTime=1000 MILLISECONDS)
2022-08-20 13:51:37,656 [EndpointStateMachine task thread for /127.0.0.1:36399 - 0 ] INFO  ipc.Client (Client.java:handleConnectionFailure(977)) - Retrying connect to server: localhost/127.0.0.1:36399. Already tried 11 time(s); retry policy is RetryUpToMaximumCountWithFixedSleep(maxRetries=15, sleepTime=1000 MILLISECONDS)
2022-08-20 13:51:38,533 [Datanode State Machine Daemon Thread] WARN  statemachine.StateContext (StateContext.java:setState(252)) - Ignore disallowed transition from SHUTDOWN to RUNNING
2022-08-20 13:51:38,537 [EndpointStateMachine task thread for /127.0.0.1:40675 - 0 ] INFO  ipc.Client (Client.java:handleConnectionFailure(977)) - Retrying connect to server: localhost/127.0.0.1:40675. Already tried 12 time(s); retry policy is RetryUpToMaximumCountWithFixedSleep(maxRetries=15, sleepTime=1000 MILLISECONDS)
2022-08-20 13:51:38,656 [EndpointStateMachine task thread for /127.0.0.1:45375 - 0 ] INFO  ipc.Client (Client.java:handleConnectionFailure(977)) - Retrying connect to server: localhost/127.0.0.1:45375. Already tried 12 time(s); retry policy is RetryUpToMaximumCountWithFixedSleep(maxRetries=15, sleepTime=1000 MILLISECONDS)
2022-08-20 13:51:38,656 [EndpointStateMachine task thread for /127.0.0.1:36399 - 0 ] INFO  ipc.Client (Client.java:handleConnectionFailure(977)) - Retrying connect to server: localhost/127.0.0.1:36399. Already tried 12 time(s); retry policy is RetryUpToMaximumCountWithFixedSleep(maxRetries=15, sleepTime=1000 MILLISECONDS)
2022-08-20 13:51:39,335 [2b4e70ee-eebc-4c64-9ba5-1bae8adbf1c4@group-4198E36B776C-FollowerState] INFO  impl.FollowerState (FollowerState.java:run(143)) - 2b4e70ee-eebc-4c64-9ba5-1bae8adbf1c4@group-4198E36B776C-FollowerState: change to CANDIDATE, lastRpcElapsedTime:7751374696ns, electionTimeout:5125ms
2022-08-20 13:51:39,336 [2b4e70ee-eebc-4c64-9ba5-1bae8adbf1c4@group-4198E36B776C-FollowerState] INFO  impl.RoleInfo (RoleInfo.java:shutdownFollowerState(110)) - 2b4e70ee-eebc-4c64-9ba5-1bae8adbf1c4: shutdown 2b4e70ee-eebc-4c64-9ba5-1bae8adbf1c4@group-4198E36B776C-FollowerState
2022-08-20 13:51:39,336 [2b4e70ee-eebc-4c64-9ba5-1bae8adbf1c4@group-4198E36B776C-FollowerState] INFO  server.RaftServer$Division (RaftServerImpl.java:setRole(299)) - 2b4e70ee-eebc-4c64-9ba5-1bae8adbf1c4@group-4198E36B776C: changes role from  FOLLOWER to CANDIDATE at term 3 for changeToCandidate
2022-08-20 13:51:39,336 [2b4e70ee-eebc-4c64-9ba5-1bae8adbf1c4@group-4198E36B776C-FollowerState] INFO  server.RaftServerConfigKeys (ConfUtils.java:logGet(46)) - raft.server.leaderelection.pre-vote = false (custom)
2022-08-20 13:51:39,336 [2b4e70ee-eebc-4c64-9ba5-1bae8adbf1c4@group-4198E36B776C-FollowerState] INFO  impl.RoleInfo (RoleInfo.java:updateAndGet(139)) - 2b4e70ee-eebc-4c64-9ba5-1bae8adbf1c4: start 2b4e70ee-eebc-4c64-9ba5-1bae8adbf1c4@group-4198E36B776C-LeaderElection20
2022-08-20 13:51:39,342 [2b4e70ee-eebc-4c64-9ba5-1bae8adbf1c4@group-4198E36B776C-LeaderElection20] INFO  server.RaftServer$Division (ServerState.java:setLeader(287)) - 2b4e70ee-eebc-4c64-9ba5-1bae8adbf1c4@group-4198E36B776C: change Leader from 3b5fe929-2681-4434-877b-86f4f8bf3428 to null at term 3 for ELECTION
2022-08-20 13:51:39,352 [2b4e70ee-eebc-4c64-9ba5-1bae8adbf1c4@group-4198E36B776C-LeaderElection20] INFO  impl.LeaderElection (LeaderElection.java:askForVotes(310)) - 2b4e70ee-eebc-4c64-9ba5-1bae8adbf1c4@group-4198E36B776C-LeaderElection20 ELECTION round 0: submit vote requests at term 4 for 0: [a11b2509-56e9-4ce5-bf37-e5470aba7c9f|rpc:127.0.0.1:46047|dataStream:|priority:0, 3b5fe929-2681-4434-877b-86f4f8bf3428|rpc:127.0.0.1:45943|dataStream:|priority:1, 2b4e70ee-eebc-4c64-9ba5-1bae8adbf1c4|rpc:127.0.0.1:33429|dataStream:|priority:0], old=null
2022-08-20 13:51:39,368 [2b4e70ee-eebc-4c64-9ba5-1bae8adbf1c4@group-4198E36B776C-LeaderElection20] INFO  impl.LeaderElection (LogUtils.java:infoOrTrace(137)) - 2b4e70ee-eebc-4c64-9ba5-1bae8adbf1c4@group-4198E36B776C-LeaderElection20 got exception when requesting votes: java.util.concurrent.ExecutionException: org.apache.ratis.thirdparty.io.grpc.StatusRuntimeException: UNAVAILABLE: io exception
2022-08-20 13:51:39,373 [2b4e70ee-eebc-4c64-9ba5-1bae8adbf1c4@group-4198E36B776C-LeaderElection20] INFO  impl.LeaderElection (LogUtils.java:infoOrTrace(137)) - 2b4e70ee-eebc-4c64-9ba5-1bae8adbf1c4@group-4198E36B776C-LeaderElection20 got exception when requesting votes: java.util.concurrent.ExecutionException: org.apache.ratis.thirdparty.io.grpc.StatusRuntimeException: UNAVAILABLE: io exception
2022-08-20 13:51:39,374 [2b4e70ee-eebc-4c64-9ba5-1bae8adbf1c4@group-4198E36B776C-LeaderElection20] INFO  impl.LeaderElection (LeaderElection.java:logAndReturn(90)) - 2b4e70ee-eebc-4c64-9ba5-1bae8adbf1c4@group-4198E36B776C-LeaderElection20: ELECTION REJECTED received 0 response(s) and 2 exception(s):
2022-08-20 13:51:39,374 [2b4e70ee-eebc-4c64-9ba5-1bae8adbf1c4@group-4198E36B776C-LeaderElection20] INFO  impl.LeaderElection (LogUtils.java:infoOrTrace(137)) -   Exception 0: java.util.concurrent.ExecutionException: org.apache.ratis.thirdparty.io.grpc.StatusRuntimeException: UNAVAILABLE: io exception
2022-08-20 13:51:39,374 [2b4e70ee-eebc-4c64-9ba5-1bae8adbf1c4@group-4198E36B776C-LeaderElection20] INFO  impl.LeaderElection (LogUtils.java:infoOrTrace(137)) -   Exception 1: java.util.concurrent.ExecutionException: org.apache.ratis.thirdparty.io.grpc.StatusRuntimeException: UNAVAILABLE: io exception
2022-08-20 13:51:39,374 [2b4e70ee-eebc-4c64-9ba5-1bae8adbf1c4@group-4198E36B776C-LeaderElection20] INFO  impl.LeaderElection (LeaderElection.java:askForVotes(312)) - 2b4e70ee-eebc-4c64-9ba5-1bae8adbf1c4@group-4198E36B776C-LeaderElection20 ELECTION round 0: result REJECTED
2022-08-20 13:51:39,374 [2b4e70ee-eebc-4c64-9ba5-1bae8adbf1c4@group-4198E36B776C-LeaderElection20] INFO  server.RaftServer$Division (RaftServerImpl.java:setRole(299)) - 2b4e70ee-eebc-4c64-9ba5-1bae8adbf1c4@group-4198E36B776C: changes role from CANDIDATE to FOLLOWER at term 4 for REJECTED
2022-08-20 13:51:39,374 [2b4e70ee-eebc-4c64-9ba5-1bae8adbf1c4@group-4198E36B776C-LeaderElection20] INFO  impl.RoleInfo (RoleInfo.java:shutdownLeaderElection(130)) - 2b4e70ee-eebc-4c64-9ba5-1bae8adbf1c4: shutdown 2b4e70ee-eebc-4c64-9ba5-1bae8adbf1c4@group-4198E36B776C-LeaderElection20
2022-08-20 13:51:39,374 [2b4e70ee-eebc-4c64-9ba5-1bae8adbf1c4@group-4198E36B776C-LeaderElection20] INFO  impl.RoleInfo (RoleInfo.java:updateAndGet(139)) - 2b4e70ee-eebc-4c64-9ba5-1bae8adbf1c4: start 2b4e70ee-eebc-4c64-9ba5-1bae8adbf1c4@group-4198E36B776C-FollowerState
2022-08-20 13:51:39,444 [2b4e70ee-eebc-4c64-9ba5-1bae8adbf1c4@group-98642BEBAD9E-FollowerState] INFO  impl.FollowerState (FollowerState.java:run(143)) - 2b4e70ee-eebc-4c64-9ba5-1bae8adbf1c4@group-98642BEBAD9E-FollowerState: change to CANDIDATE, lastRpcElapsedTime:10183842274ns, electionTimeout:5106ms
2022-08-20 13:51:39,444 [2b4e70ee-eebc-4c64-9ba5-1bae8adbf1c4@group-98642BEBAD9E-FollowerState] INFO  impl.RoleInfo (RoleInfo.java:shutdownFollowerState(110)) - 2b4e70ee-eebc-4c64-9ba5-1bae8adbf1c4: shutdown 2b4e70ee-eebc-4c64-9ba5-1bae8adbf1c4@group-98642BEBAD9E-FollowerState
2022-08-20 13:51:39,444 [2b4e70ee-eebc-4c64-9ba5-1bae8adbf1c4@group-98642BEBAD9E-FollowerState] INFO  server.RaftServer$Division (RaftServerImpl.java:setRole(299)) - 2b4e70ee-eebc-4c64-9ba5-1bae8adbf1c4@group-98642BEBAD9E: changes role from  FOLLOWER to CANDIDATE at term 4 for changeToCandidate
2022-08-20 13:51:39,444 [2b4e70ee-eebc-4c64-9ba5-1bae8adbf1c4@group-98642BEBAD9E-FollowerState] INFO  server.RaftServerConfigKeys (ConfUtils.java:logGet(46)) - raft.server.leaderelection.pre-vote = false (custom)
2022-08-20 13:51:39,444 [2b4e70ee-eebc-4c64-9ba5-1bae8adbf1c4@group-98642BEBAD9E-FollowerState] INFO  impl.RoleInfo (RoleInfo.java:updateAndGet(139)) - 2b4e70ee-eebc-4c64-9ba5-1bae8adbf1c4: start 2b4e70ee-eebc-4c64-9ba5-1bae8adbf1c4@group-98642BEBAD9E-LeaderElection21
2022-08-20 13:51:39,468 [2b4e70ee-eebc-4c64-9ba5-1bae8adbf1c4@group-98642BEBAD9E-LeaderElection21] INFO  impl.LeaderElection (LeaderElection.java:askForVotes(310)) - 2b4e70ee-eebc-4c64-9ba5-1bae8adbf1c4@group-98642BEBAD9E-LeaderElection21 ELECTION round 0: submit vote requests at term 5 for -1: [a11b2509-56e9-4ce5-bf37-e5470aba7c9f|rpc:127.0.0.1:46047|dataStream:|priority:1, 3b5fe929-2681-4434-877b-86f4f8bf3428|rpc:127.0.0.1:45943|dataStream:|priority:0, 2b4e70ee-eebc-4c64-9ba5-1bae8adbf1c4|rpc:127.0.0.1:33429|dataStream:|priority:0], old=null
2022-08-20 13:51:39,472 [2b4e70ee-eebc-4c64-9ba5-1bae8adbf1c4@group-98642BEBAD9E-LeaderElection21] INFO  impl.LeaderElection (LogUtils.java:infoOrTrace(137)) - 2b4e70ee-eebc-4c64-9ba5-1bae8adbf1c4@group-98642BEBAD9E-LeaderElection21 got exception when requesting votes: java.util.concurrent.ExecutionException: org.apache.ratis.thirdparty.io.grpc.StatusRuntimeException: UNAVAILABLE: io exception
2022-08-20 13:51:39,483 [2b4e70ee-eebc-4c64-9ba5-1bae8adbf1c4@group-98642BEBAD9E-LeaderElection21] INFO  impl.LeaderElection (LogUtils.java:infoOrTrace(137)) - 2b4e70ee-eebc-4c64-9ba5-1bae8adbf1c4@group-98642BEBAD9E-LeaderElection21 got exception when requesting votes: java.util.concurrent.ExecutionException: org.apache.ratis.thirdparty.io.grpc.StatusRuntimeException: UNAVAILABLE: io exception
2022-08-20 13:51:39,483 [2b4e70ee-eebc-4c64-9ba5-1bae8adbf1c4@group-98642BEBAD9E-LeaderElection21] INFO  impl.LeaderElection (LeaderElection.java:logAndReturn(90)) - 2b4e70ee-eebc-4c64-9ba5-1bae8adbf1c4@group-98642BEBAD9E-LeaderElection21: ELECTION REJECTED received 0 response(s) and 2 exception(s):
2022-08-20 13:51:39,483 [2b4e70ee-eebc-4c64-9ba5-1bae8adbf1c4@group-98642BEBAD9E-LeaderElection21] INFO  impl.LeaderElection (LogUtils.java:infoOrTrace(137)) -   Exception 0: java.util.concurrent.ExecutionException: org.apache.ratis.thirdparty.io.grpc.StatusRuntimeException: UNAVAILABLE: io exception
2022-08-20 13:51:39,483 [2b4e70ee-eebc-4c64-9ba5-1bae8adbf1c4@group-98642BEBAD9E-LeaderElection21] INFO  impl.LeaderElection (LogUtils.java:infoOrTrace(137)) -   Exception 1: java.util.concurrent.ExecutionException: org.apache.ratis.thirdparty.io.grpc.StatusRuntimeException: UNAVAILABLE: io exception
2022-08-20 13:51:39,483 [2b4e70ee-eebc-4c64-9ba5-1bae8adbf1c4@group-98642BEBAD9E-LeaderElection21] INFO  impl.LeaderElection (LeaderElection.java:askForVotes(312)) - 2b4e70ee-eebc-4c64-9ba5-1bae8adbf1c4@group-98642BEBAD9E-LeaderElection21 ELECTION round 0: result REJECTED
2022-08-20 13:51:39,484 [2b4e70ee-eebc-4c64-9ba5-1bae8adbf1c4@group-98642BEBAD9E-LeaderElection21] INFO  server.RaftServer$Division (RaftServerImpl.java:setRole(299)) - 2b4e70ee-eebc-4c64-9ba5-1bae8adbf1c4@group-98642BEBAD9E: changes role from CANDIDATE to FOLLOWER at term 5 for REJECTED
2022-08-20 13:51:39,484 [2b4e70ee-eebc-4c64-9ba5-1bae8adbf1c4@group-98642BEBAD9E-LeaderElection21] INFO  impl.RoleInfo (RoleInfo.java:shutdownLeaderElection(130)) - 2b4e70ee-eebc-4c64-9ba5-1bae8adbf1c4: shutdown 2b4e70ee-eebc-4c64-9ba5-1bae8adbf1c4@group-98642BEBAD9E-LeaderElection21
2022-08-20 13:51:39,484 [2b4e70ee-eebc-4c64-9ba5-1bae8adbf1c4@group-98642BEBAD9E-LeaderElection21] INFO  impl.RoleInfo (RoleInfo.java:updateAndGet(139)) - 2b4e70ee-eebc-4c64-9ba5-1bae8adbf1c4: start 2b4e70ee-eebc-4c64-9ba5-1bae8adbf1c4@group-98642BEBAD9E-FollowerState
2022-08-20 13:51:39,538 [EndpointStateMachine task thread for /127.0.0.1:40675 - 0 ] INFO  ipc.Client (Client.java:handleConnectionFailure(977)) - Retrying connect to server: localhost/127.0.0.1:40675. Already tried 13 time(s); retry policy is RetryUpToMaximumCountWithFixedSleep(maxRetries=15, sleepTime=1000 MILLISECONDS)
2022-08-20 13:51:39,657 [EndpointStateMachine task thread for /127.0.0.1:45375 - 0 ] INFO  ipc.Client (Client.java:handleConnectionFailure(977)) - Retrying connect to server: localhost/127.0.0.1:45375. Already tried 13 time(s); retry policy is RetryUpToMaximumCountWithFixedSleep(maxRetries=15, sleepTime=1000 MILLISECONDS)
2022-08-20 13:51:39,657 [EndpointStateMachine task thread for /127.0.0.1:36399 - 0 ] INFO  ipc.Client (Client.java:handleConnectionFailure(977)) - Retrying connect to server: localhost/127.0.0.1:36399. Already tried 13 time(s); retry policy is RetryUpToMaximumCountWithFixedSleep(maxRetries=15, sleepTime=1000 MILLISECONDS)
2022-08-20 13:51:40,539 [EndpointStateMachine task thread for /127.0.0.1:40675 - 0 ] INFO  ipc.Client (Client.java:handleConnectionFailure(977)) - Retrying connect to server: localhost/127.0.0.1:40675. Already tried 14 time(s); retry policy is RetryUpToMaximumCountWithFixedSleep(maxRetries=15, sleepTime=1000 MILLISECONDS)
2022-08-20 13:51:40,539 [EndpointStateMachine task thread for /127.0.0.1:40675 - 0 ] WARN  statemachine.EndpointStateMachine (EndpointStateMachine.java:logIfNeeded(241)) - Unable to communicate to SCM server at localhost:40675 for past 0 seconds.
java.net.ConnectException: Call From fv-az54-959/10.1.0.37 to localhost:40675 failed on connection exception: java.net.ConnectException: Connection refused; For more details see:  http://wiki.apache.org/hadoop/ConnectionRefused
	at sun.reflect.NativeConstructorAccessorImpl.newInstance0(Native Method)
	at sun.reflect.NativeConstructorAccessorImpl.newInstance(NativeConstructorAccessorImpl.java:62)
	at sun.reflect.DelegatingConstructorAccessorImpl.newInstance(DelegatingConstructorAccessorImpl.java:45)
	at java.lang.reflect.Constructor.newInstance(Constructor.java:423)
	at org.apache.hadoop.net.NetUtils.wrapWithMessage(NetUtils.java:913)
	at org.apache.hadoop.net.NetUtils.wrapException(NetUtils.java:828)
	at org.apache.hadoop.ipc.Client.getRpcResponse(Client.java:1577)
	at org.apache.hadoop.ipc.Client.call(Client.java:1519)
	at org.apache.hadoop.ipc.Client.call(Client.java:1416)
	at org.apache.hadoop.ipc.ProtobufRpcEngine$Invoker.invoke(ProtobufRpcEngine.java:236)
	at org.apache.hadoop.ipc.ProtobufRpcEngine$Invoker.invoke(ProtobufRpcEngine.java:123)
	at com.sun.proxy.$Proxy51.submitRequest(Unknown Source)
	at org.apache.hadoop.ozone.protocolPB.StorageContainerDatanodeProtocolClientSideTranslatorPB.submitRequest(StorageContainerDatanodeProtocolClientSideTranslatorPB.java:117)
	at org.apache.hadoop.ozone.protocolPB.StorageContainerDatanodeProtocolClientSideTranslatorPB.sendHeartbeat(StorageContainerDatanodeProtocolClientSideTranslatorPB.java:149)
	at org.apache.hadoop.ozone.container.common.states.endpoint.HeartbeatEndpointTask.call(HeartbeatEndpointTask.java:185)
	at org.apache.hadoop.ozone.container.common.states.endpoint.HeartbeatEndpointTask.call(HeartbeatEndpointTask.java:87)
	at java.util.concurrent.FutureTask.run(FutureTask.java:266)
	at java.util.concurrent.ThreadPoolExecutor.runWorker(ThreadPoolExecutor.java:1149)
	at java.util.concurrent.ThreadPoolExecutor$Worker.run(ThreadPoolExecutor.java:624)
	at java.lang.Thread.run(Thread.java:750)
Caused by: java.net.ConnectException: Connection refused
	at sun.nio.ch.SocketChannelImpl.checkConnect(Native Method)
	at sun.nio.ch.SocketChannelImpl.finishConnect(SocketChannelImpl.java:716)
	at org.apache.hadoop.net.SocketIOWithTimeout.connect(SocketIOWithTimeout.java:206)
	at org.apache.hadoop.net.NetUtils.connect(NetUtils.java:586)
	at org.apache.hadoop.ipc.Client$Connection.setupConnection(Client.java:701)
	at org.apache.hadoop.ipc.Client$Connection.setupIOstreams(Client.java:822)
	at org.apache.hadoop.ipc.Client$Connection.access$3800(Client.java:414)
	at org.apache.hadoop.ipc.Client.getConnection(Client.java:1647)
	at org.apache.hadoop.ipc.Client.call(Client.java:1463)
	... 12 more
2022-08-20 13:51:40,657 [EndpointStateMachine task thread for /127.0.0.1:45375 - 0 ] INFO  ipc.Client (Client.java:handleConnectionFailure(977)) - Retrying connect to server: localhost/127.0.0.1:45375. Already tried 14 time(s); retry policy is RetryUpToMaximumCountWithFixedSleep(maxRetries=15, sleepTime=1000 MILLISECONDS)
2022-08-20 13:51:40,658 [EndpointStateMachine task thread for /127.0.0.1:45375 - 0 ] WARN  statemachine.EndpointStateMachine (EndpointStateMachine.java:logIfNeeded(241)) - Unable to communicate to SCM server at localhost:45375 for past 0 seconds.
java.net.ConnectException: Call From fv-az54-959/10.1.0.37 to localhost:45375 failed on connection exception: java.net.ConnectException: Connection refused; For more details see:  http://wiki.apache.org/hadoop/ConnectionRefused
	at sun.reflect.NativeConstructorAccessorImpl.newInstance0(Native Method)
	at sun.reflect.NativeConstructorAccessorImpl.newInstance(NativeConstructorAccessorImpl.java:62)
	at sun.reflect.DelegatingConstructorAccessorImpl.newInstance(DelegatingConstructorAccessorImpl.java:45)
	at java.lang.reflect.Constructor.newInstance(Constructor.java:423)
	at org.apache.hadoop.net.NetUtils.wrapWithMessage(NetUtils.java:913)
	at org.apache.hadoop.net.NetUtils.wrapException(NetUtils.java:828)
	at org.apache.hadoop.ipc.Client.getRpcResponse(Client.java:1577)
	at org.apache.hadoop.ipc.Client.call(Client.java:1519)
	at org.apache.hadoop.ipc.Client.call(Client.java:1416)
	at org.apache.hadoop.ipc.ProtobufRpcEngine$Invoker.invoke(ProtobufRpcEngine.java:236)
	at org.apache.hadoop.ipc.ProtobufRpcEngine$Invoker.invoke(ProtobufRpcEngine.java:123)
	at com.sun.proxy.$Proxy51.submitRequest(Unknown Source)
	at org.apache.hadoop.ozone.protocolPB.StorageContainerDatanodeProtocolClientSideTranslatorPB.submitRequest(StorageContainerDatanodeProtocolClientSideTranslatorPB.java:117)
	at org.apache.hadoop.ozone.protocolPB.StorageContainerDatanodeProtocolClientSideTranslatorPB.sendHeartbeat(StorageContainerDatanodeProtocolClientSideTranslatorPB.java:149)
	at org.apache.hadoop.ozone.container.common.states.endpoint.HeartbeatEndpointTask.call(HeartbeatEndpointTask.java:185)
	at org.apache.hadoop.ozone.container.common.states.endpoint.HeartbeatEndpointTask.call(HeartbeatEndpointTask.java:87)
	at java.util.concurrent.FutureTask.run(FutureTask.java:266)
	at java.util.concurrent.ThreadPoolExecutor.runWorker(ThreadPoolExecutor.java:1149)
	at java.util.concurrent.ThreadPoolExecutor$Worker.run(ThreadPoolExecutor.java:624)
	at java.lang.Thread.run(Thread.java:750)
Caused by: java.net.ConnectException: Connection refused
	at sun.nio.ch.SocketChannelImpl.checkConnect(Native Method)
	at sun.nio.ch.SocketChannelImpl.finishConnect(SocketChannelImpl.java:716)
	at org.apache.hadoop.net.SocketIOWithTimeout.connect(SocketIOWithTimeout.java:206)
	at org.apache.hadoop.net.NetUtils.connect(NetUtils.java:586)
	at org.apache.hadoop.ipc.Client$Connection.setupConnection(Client.java:701)
	at org.apache.hadoop.ipc.Client$Connection.setupIOstreams(Client.java:822)
	at org.apache.hadoop.ipc.Client$Connection.access$3800(Client.java:414)
	at org.apache.hadoop.ipc.Client.getConnection(Client.java:1647)
	at org.apache.hadoop.ipc.Client.call(Client.java:1463)
	... 12 more
2022-08-20 13:51:40,659 [EndpointStateMachine task thread for /127.0.0.1:36399 - 0 ] INFO  ipc.Client (Client.java:handleConnectionFailure(977)) - Retrying connect to server: localhost/127.0.0.1:36399. Already tried 14 time(s); retry policy is RetryUpToMaximumCountWithFixedSleep(maxRetries=15, sleepTime=1000 MILLISECONDS)
2022-08-20 13:51:40,659 [EndpointStateMachine task thread for /127.0.0.1:36399 - 0 ] WARN  statemachine.EndpointStateMachine (EndpointStateMachine.java:logIfNeeded(241)) - Unable to communicate to SCM server at localhost:36399 for past 0 seconds.
java.net.ConnectException: Call From fv-az54-959/10.1.0.37 to localhost:36399 failed on connection exception: java.net.ConnectException: Connection refused; For more details see:  http://wiki.apache.org/hadoop/ConnectionRefused
	at sun.reflect.NativeConstructorAccessorImpl.newInstance0(Native Method)
	at sun.reflect.NativeConstructorAccessorImpl.newInstance(NativeConstructorAccessorImpl.java:62)
	at sun.reflect.DelegatingConstructorAccessorImpl.newInstance(DelegatingConstructorAccessorImpl.java:45)
	at java.lang.reflect.Constructor.newInstance(Constructor.java:423)
	at org.apache.hadoop.net.NetUtils.wrapWithMessage(NetUtils.java:913)
	at org.apache.hadoop.net.NetUtils.wrapException(NetUtils.java:828)
	at org.apache.hadoop.ipc.Client.getRpcResponse(Client.java:1577)
	at org.apache.hadoop.ipc.Client.call(Client.java:1519)
	at org.apache.hadoop.ipc.Client.call(Client.java:1416)
	at org.apache.hadoop.ipc.ProtobufRpcEngine$Invoker.invoke(ProtobufRpcEngine.java:236)
	at org.apache.hadoop.ipc.ProtobufRpcEngine$Invoker.invoke(ProtobufRpcEngine.java:123)
	at com.sun.proxy.$Proxy51.submitRequest(Unknown Source)
	at org.apache.hadoop.ozone.protocolPB.StorageContainerDatanodeProtocolClientSideTranslatorPB.submitRequest(StorageContainerDatanodeProtocolClientSideTranslatorPB.java:117)
	at org.apache.hadoop.ozone.protocolPB.StorageContainerDatanodeProtocolClientSideTranslatorPB.sendHeartbeat(StorageContainerDatanodeProtocolClientSideTranslatorPB.java:149)
	at org.apache.hadoop.ozone.container.common.states.endpoint.HeartbeatEndpointTask.call(HeartbeatEndpointTask.java:185)
	at org.apache.hadoop.ozone.container.common.states.endpoint.HeartbeatEndpointTask.call(HeartbeatEndpointTask.java:87)
	at java.util.concurrent.FutureTask.run(FutureTask.java:266)
	at java.util.concurrent.ThreadPoolExecutor.runWorker(ThreadPoolExecutor.java:1149)
	at java.util.concurrent.ThreadPoolExecutor$Worker.run(ThreadPoolExecutor.java:624)
	at java.lang.Thread.run(Thread.java:750)
Caused by: java.net.ConnectException: Connection refused
	at sun.nio.ch.SocketChannelImpl.checkConnect(Native Method)
	at sun.nio.ch.SocketChannelImpl.finishConnect(SocketChannelImpl.java:716)
	at org.apache.hadoop.net.SocketIOWithTimeout.connect(SocketIOWithTimeout.java:206)
	at org.apache.hadoop.net.NetUtils.connect(NetUtils.java:586)
	at org.apache.hadoop.ipc.Client$Connection.setupConnection(Client.java:701)
	at org.apache.hadoop.ipc.Client$Connection.setupIOstreams(Client.java:822)
	at org.apache.hadoop.ipc.Client$Connection.access$3800(Client.java:414)
	at org.apache.hadoop.ipc.Client.getConnection(Client.java:1647)
	at org.apache.hadoop.ipc.Client.call(Client.java:1463)
	... 12 more
2022-08-20 13:51:41,540 [EndpointStateMachine task thread for /127.0.0.1:40675 - 0 ] INFO  ipc.Client (Client.java:handleConnectionFailure(977)) - Retrying connect to server: localhost/127.0.0.1:40675. Already tried 0 time(s); retry policy is RetryUpToMaximumCountWithFixedSleep(maxRetries=15, sleepTime=1000 MILLISECONDS)
2022-08-20 13:51:41,661 [EndpointStateMachine task thread for /127.0.0.1:36399 - 0 ] INFO  ipc.Client (Client.java:handleConnectionFailure(977)) - Retrying connect to server: localhost/127.0.0.1:36399. Already tried 0 time(s); retry policy is RetryUpToMaximumCountWithFixedSleep(maxRetries=15, sleepTime=1000 MILLISECONDS)
2022-08-20 13:51:41,662 [EndpointStateMachine task thread for /127.0.0.1:45375 - 0 ] INFO  ipc.Client (Client.java:handleConnectionFailure(977)) - Retrying connect to server: localhost/127.0.0.1:45375. Already tried 0 time(s); retry policy is RetryUpToMaximumCountWithFixedSleep(maxRetries=15, sleepTime=1000 MILLISECONDS)
2022-08-20 13:51:42,541 [EndpointStateMachine task thread for /127.0.0.1:40675 - 0 ] INFO  ipc.Client (Client.java:handleConnectionFailure(977)) - Retrying connect to server: localhost/127.0.0.1:40675. Already tried 1 time(s); retry policy is RetryUpToMaximumCountWithFixedSleep(maxRetries=15, sleepTime=1000 MILLISECONDS)
2022-08-20 13:51:42,595 [Listener at 127.0.0.1/34995] INFO  ozoneimpl.OzoneContainer (OzoneContainer.java:stop(399)) - Attempting to stop container services.
2022-08-20 13:51:42,595 [Listener at 127.0.0.1/34995] INFO  server.RaftServer (RaftServerProxy.java:lambda$close$7(398)) - 2b4e70ee-eebc-4c64-9ba5-1bae8adbf1c4: close
2022-08-20 13:51:42,603 [Listener at 127.0.0.1/34995] INFO  server.RaftServer$Division (RaftServerImpl.java:lambda$close$4(434)) - 2b4e70ee-eebc-4c64-9ba5-1bae8adbf1c4@group-4198E36B776C: shutdown
2022-08-20 13:51:42,604 [ForkJoinPool.commonPool-worker-1] INFO  server.RaftServer$Division (RaftServerImpl.java:lambda$close$4(434)) - 2b4e70ee-eebc-4c64-9ba5-1bae8adbf1c4@group-2111AD0A3761: shutdown
2022-08-20 13:51:42,604 [Listener at 127.0.0.1/34995] INFO  util.JmxRegister (JmxRegister.java:unregister(73)) - Successfully un-registered JMX Bean with object name Ratis:service=RaftServer,group=group-4198E36B776C,id=2b4e70ee-eebc-4c64-9ba5-1bae8adbf1c4
2022-08-20 13:51:42,604 [ForkJoinPool.commonPool-worker-1] INFO  util.JmxRegister (JmxRegister.java:unregister(73)) - Successfully un-registered JMX Bean with object name Ratis:service=RaftServer,group=group-2111AD0A3761,id=2b4e70ee-eebc-4c64-9ba5-1bae8adbf1c4
2022-08-20 13:51:42,604 [Listener at 127.0.0.1/34995] INFO  impl.RoleInfo (RoleInfo.java:shutdownFollowerState(110)) - 2b4e70ee-eebc-4c64-9ba5-1bae8adbf1c4: shutdown 2b4e70ee-eebc-4c64-9ba5-1bae8adbf1c4@group-4198E36B776C-FollowerState
2022-08-20 13:51:42,604 [ForkJoinPool.commonPool-worker-1] INFO  impl.RoleInfo (RoleInfo.java:shutdownLeaderState(93)) - 2b4e70ee-eebc-4c64-9ba5-1bae8adbf1c4: shutdown 2b4e70ee-eebc-4c64-9ba5-1bae8adbf1c4@group-2111AD0A3761-LeaderStateImpl
2022-08-20 13:51:42,604 [Listener at 127.0.0.1/34995] INFO  impl.StateMachineUpdater (StateMachineUpdater.java:stopAndJoin(153)) - 2b4e70ee-eebc-4c64-9ba5-1bae8adbf1c4@group-4198E36B776C-StateMachineUpdater: set stopIndex = 0
2022-08-20 13:51:42,604 [2b4e70ee-eebc-4c64-9ba5-1bae8adbf1c4@group-4198E36B776C-FollowerState] INFO  impl.FollowerState (FollowerState.java:run(152)) - 2b4e70ee-eebc-4c64-9ba5-1bae8adbf1c4@group-4198E36B776C-FollowerState was interrupted
2022-08-20 13:51:42,605 [2b4e70ee-eebc-4c64-9ba5-1bae8adbf1c4@group-4198E36B776C-StateMachineUpdater] INFO  ratis.ContainerStateMachine (ContainerStateMachine.java:takeSnapshot(304)) - group-4198E36B776C: Taking a snapshot at:(t:3, i:0) file /home/runner/work/ozone/ozone/hadoop-ozone/integration-test/target/test-dir/MiniOzoneClusterImpl-1d33bde5-c0a1-446c-b0a2-a2cb2457c7cc/datanode-2/data/ratis/636ce802-0b5b-4e15-b57f-4198e36b776c/sm/snapshot.3_0
2022-08-20 13:51:42,604 [ForkJoinPool.commonPool-worker-1] INFO  impl.PendingRequests (PendingRequests.java:sendNotLeaderResponses(282)) - 2b4e70ee-eebc-4c64-9ba5-1bae8adbf1c4@group-2111AD0A3761-PendingRequests: sendNotLeaderResponses
2022-08-20 13:51:42,606 [2b4e70ee-eebc-4c64-9ba5-1bae8adbf1c4@group-4198E36B776C-StateMachineUpdater] INFO  ratis.ContainerStateMachine (ContainerStateMachine.java:takeSnapshot(315)) - group-4198E36B776C: Finished taking a snapshot at:(t:3, i:0) file:/home/runner/work/ozone/ozone/hadoop-ozone/integration-test/target/test-dir/MiniOzoneClusterImpl-1d33bde5-c0a1-446c-b0a2-a2cb2457c7cc/datanode-2/data/ratis/636ce802-0b5b-4e15-b57f-4198e36b776c/sm/snapshot.3_0 took: 1 ms
2022-08-20 13:51:42,606 [ForkJoinPool.commonPool-worker-1] INFO  impl.StateMachineUpdater (StateMachineUpdater.java:stopAndJoin(153)) - 2b4e70ee-eebc-4c64-9ba5-1bae8adbf1c4@group-2111AD0A3761-StateMachineUpdater: set stopIndex = 0
2022-08-20 13:51:42,606 [2b4e70ee-eebc-4c64-9ba5-1bae8adbf1c4@group-4198E36B776C-StateMachineUpdater] INFO  impl.StateMachineUpdater (StateMachineUpdater.java:takeSnapshot(287)) - 2b4e70ee-eebc-4c64-9ba5-1bae8adbf1c4@group-4198E36B776C-StateMachineUpdater: Took a snapshot at index 0
2022-08-20 13:51:42,606 [2b4e70ee-eebc-4c64-9ba5-1bae8adbf1c4@group-4198E36B776C-StateMachineUpdater] INFO  impl.StateMachineUpdater (StateMachineUpdater.java:lambda$new$0(92)) - 2b4e70ee-eebc-4c64-9ba5-1bae8adbf1c4@group-4198E36B776C-StateMachineUpdater: snapshotIndex: updateIncreasingly -1 -> 0
2022-08-20 13:51:42,606 [2b4e70ee-eebc-4c64-9ba5-1bae8adbf1c4@group-2111AD0A3761-StateMachineUpdater] INFO  ratis.ContainerStateMachine (ContainerStateMachine.java:takeSnapshot(304)) - group-2111AD0A3761: Taking a snapshot at:(t:1, i:0) file /home/runner/work/ozone/ozone/hadoop-ozone/integration-test/target/test-dir/MiniOzoneClusterImpl-1d33bde5-c0a1-446c-b0a2-a2cb2457c7cc/datanode-2/data/ratis/f8203cdf-f946-43bc-a203-2111ad0a3761/sm/snapshot.1_0
2022-08-20 13:51:42,607 [Listener at 127.0.0.1/34995] INFO  server.RaftServer$Division (ServerState.java:close(429)) - 2b4e70ee-eebc-4c64-9ba5-1bae8adbf1c4@group-4198E36B776C: closes. applyIndex: 0
2022-08-20 13:51:42,607 [2b4e70ee-eebc-4c64-9ba5-1bae8adbf1c4@group-4198E36B776C-SegmentedRaftLogWorker] INFO  segmented.SegmentedRaftLogWorker (SegmentedRaftLogWorker.java:run(336)) - 2b4e70ee-eebc-4c64-9ba5-1bae8adbf1c4@group-4198E36B776C-SegmentedRaftLogWorker was interrupted, exiting. There are 0 tasks remaining in the queue.
2022-08-20 13:51:42,609 [2b4e70ee-eebc-4c64-9ba5-1bae8adbf1c4@group-2111AD0A3761-StateMachineUpdater] INFO  ratis.ContainerStateMachine (ContainerStateMachine.java:takeSnapshot(315)) - group-2111AD0A3761: Finished taking a snapshot at:(t:1, i:0) file:/home/runner/work/ozone/ozone/hadoop-ozone/integration-test/target/test-dir/MiniOzoneClusterImpl-1d33bde5-c0a1-446c-b0a2-a2cb2457c7cc/datanode-2/data/ratis/f8203cdf-f946-43bc-a203-2111ad0a3761/sm/snapshot.1_0 took: 2 ms
2022-08-20 13:51:42,609 [2b4e70ee-eebc-4c64-9ba5-1bae8adbf1c4@group-2111AD0A3761-StateMachineUpdater] INFO  impl.StateMachineUpdater (StateMachineUpdater.java:takeSnapshot(287)) - 2b4e70ee-eebc-4c64-9ba5-1bae8adbf1c4@group-2111AD0A3761-StateMachineUpdater: Took a snapshot at index 0
2022-08-20 13:51:42,609 [2b4e70ee-eebc-4c64-9ba5-1bae8adbf1c4@group-2111AD0A3761-StateMachineUpdater] INFO  impl.StateMachineUpdater (StateMachineUpdater.java:lambda$new$0(92)) - 2b4e70ee-eebc-4c64-9ba5-1bae8adbf1c4@group-2111AD0A3761-StateMachineUpdater: snapshotIndex: updateIncreasingly -1 -> 0
2022-08-20 13:51:42,609 [ForkJoinPool.commonPool-worker-1] INFO  server.RaftServer$Division (ServerState.java:close(429)) - 2b4e70ee-eebc-4c64-9ba5-1bae8adbf1c4@group-2111AD0A3761: closes. applyIndex: 0
2022-08-20 13:51:42,609 [Listener at 127.0.0.1/34995] INFO  segmented.SegmentedRaftLogWorker (SegmentedRaftLogWorker.java:close(246)) - 2b4e70ee-eebc-4c64-9ba5-1bae8adbf1c4@group-4198E36B776C-SegmentedRaftLogWorker close()
2022-08-20 13:51:42,609 [2b4e70ee-eebc-4c64-9ba5-1bae8adbf1c4@group-2111AD0A3761-SegmentedRaftLogWorker] INFO  segmented.SegmentedRaftLogWorker (SegmentedRaftLogWorker.java:run(336)) - 2b4e70ee-eebc-4c64-9ba5-1bae8adbf1c4@group-2111AD0A3761-SegmentedRaftLogWorker was interrupted, exiting. There are 0 tasks remaining in the queue.
2022-08-20 13:51:42,612 [Listener at 127.0.0.1/34995] INFO  server.RaftServer$Division (RaftServerImpl.java:lambda$close$4(434)) - 2b4e70ee-eebc-4c64-9ba5-1bae8adbf1c4@group-98642BEBAD9E: shutdown
2022-08-20 13:51:42,612 [ForkJoinPool.commonPool-worker-1] INFO  segmented.SegmentedRaftLogWorker (SegmentedRaftLogWorker.java:close(246)) - 2b4e70ee-eebc-4c64-9ba5-1bae8adbf1c4@group-2111AD0A3761-SegmentedRaftLogWorker close()
2022-08-20 13:51:42,612 [Listener at 127.0.0.1/34995] INFO  util.JmxRegister (JmxRegister.java:unregister(73)) - Successfully un-registered JMX Bean with object name Ratis:service=RaftServer,group=group-98642BEBAD9E,id=2b4e70ee-eebc-4c64-9ba5-1bae8adbf1c4
2022-08-20 13:51:42,616 [Listener at 127.0.0.1/34995] INFO  impl.RoleInfo (RoleInfo.java:shutdownFollowerState(110)) - 2b4e70ee-eebc-4c64-9ba5-1bae8adbf1c4: shutdown 2b4e70ee-eebc-4c64-9ba5-1bae8adbf1c4@group-98642BEBAD9E-FollowerState
2022-08-20 13:51:42,616 [Listener at 127.0.0.1/34995] INFO  impl.StateMachineUpdater (StateMachineUpdater.java:stopAndJoin(153)) - 2b4e70ee-eebc-4c64-9ba5-1bae8adbf1c4@group-98642BEBAD9E-StateMachineUpdater: set stopIndex = -1
2022-08-20 13:51:42,616 [2b4e70ee-eebc-4c64-9ba5-1bae8adbf1c4@group-98642BEBAD9E-FollowerState] INFO  impl.FollowerState (FollowerState.java:run(152)) - 2b4e70ee-eebc-4c64-9ba5-1bae8adbf1c4@group-98642BEBAD9E-FollowerState was interrupted
2022-08-20 13:51:42,616 [Listener at 127.0.0.1/34995] INFO  server.RaftServer$Division (ServerState.java:close(429)) - 2b4e70ee-eebc-4c64-9ba5-1bae8adbf1c4@group-98642BEBAD9E: closes. applyIndex: -1
2022-08-20 13:51:42,617 [2b4e70ee-eebc-4c64-9ba5-1bae8adbf1c4@group-98642BEBAD9E-SegmentedRaftLogWorker] INFO  segmented.SegmentedRaftLogWorker (SegmentedRaftLogWorker.java:run(336)) - 2b4e70ee-eebc-4c64-9ba5-1bae8adbf1c4@group-98642BEBAD9E-SegmentedRaftLogWorker was interrupted, exiting. There are 0 tasks remaining in the queue.
2022-08-20 13:51:42,617 [Listener at 127.0.0.1/34995] INFO  segmented.SegmentedRaftLogWorker (SegmentedRaftLogWorker.java:close(246)) - 2b4e70ee-eebc-4c64-9ba5-1bae8adbf1c4@group-98642BEBAD9E-SegmentedRaftLogWorker close()
2022-08-20 13:51:42,617 [Listener at 127.0.0.1/34995] INFO  server.GrpcService (GrpcService.java:closeImpl(269)) - 2b4e70ee-eebc-4c64-9ba5-1bae8adbf1c4: shutdown server with port 33429 now
2022-08-20 13:51:42,618 [Listener at 127.0.0.1/34995] INFO  server.GrpcService (GrpcService.java:closeImpl(278)) - 2b4e70ee-eebc-4c64-9ba5-1bae8adbf1c4: shutdown server with port 33429 successfully
2022-08-20 13:51:42,619 [org.apache.ratis.util.JvmPauseMonitor$$Lambda$519/858083045@5ebfd3e1] INFO  util.JvmPauseMonitor (JvmPauseMonitor.java:run(109)) - JvmPauseMonitor-2b4e70ee-eebc-4c64-9ba5-1bae8adbf1c4: Stopped
2022-08-20 13:51:42,662 [EndpointStateMachine task thread for /127.0.0.1:36399 - 0 ] INFO  ipc.Client (Client.java:handleConnectionFailure(977)) - Retrying connect to server: localhost/127.0.0.1:36399. Already tried 1 time(s); retry policy is RetryUpToMaximumCountWithFixedSleep(maxRetries=15, sleepTime=1000 MILLISECONDS)
2022-08-20 13:51:42,662 [EndpointStateMachine task thread for /127.0.0.1:45375 - 0 ] INFO  ipc.Client (Client.java:handleConnectionFailure(977)) - Retrying connect to server: localhost/127.0.0.1:45375. Already tried 1 time(s); retry policy is RetryUpToMaximumCountWithFixedSleep(maxRetries=15, sleepTime=1000 MILLISECONDS)
2022-08-20 13:51:43,541 [EndpointStateMachine task thread for /127.0.0.1:40675 - 0 ] INFO  ipc.Client (Client.java:handleConnectionFailure(977)) - Retrying connect to server: localhost/127.0.0.1:40675. Already tried 2 time(s); retry policy is RetryUpToMaximumCountWithFixedSleep(maxRetries=15, sleepTime=1000 MILLISECONDS)
2022-08-20 13:51:43,662 [EndpointStateMachine task thread for /127.0.0.1:36399 - 0 ] INFO  ipc.Client (Client.java:handleConnectionFailure(977)) - Retrying connect to server: localhost/127.0.0.1:36399. Already tried 2 time(s); retry policy is RetryUpToMaximumCountWithFixedSleep(maxRetries=15, sleepTime=1000 MILLISECONDS)
2022-08-20 13:51:43,663 [EndpointStateMachine task thread for /127.0.0.1:45375 - 0 ] INFO  ipc.Client (Client.java:handleConnectionFailure(977)) - Retrying connect to server: localhost/127.0.0.1:45375. Already tried 2 time(s); retry policy is RetryUpToMaximumCountWithFixedSleep(maxRetries=15, sleepTime=1000 MILLISECONDS)
2022-08-20 13:51:44,542 [EndpointStateMachine task thread for /127.0.0.1:40675 - 0 ] INFO  ipc.Client (Client.java:handleConnectionFailure(977)) - Retrying connect to server: localhost/127.0.0.1:40675. Already tried 3 time(s); retry policy is RetryUpToMaximumCountWithFixedSleep(maxRetries=15, sleepTime=1000 MILLISECONDS)
2022-08-20 13:51:44,634 [Listener at 127.0.0.1/34995] INFO  utils.BackgroundService (BackgroundService.java:shutdown(141)) - Shutting down service BlockDeletingService
2022-08-20 13:51:44,635 [Listener at 127.0.0.1/34995] INFO  utils.BackgroundService (BackgroundService.java:shutdown(141)) - Shutting down service StaleRecoveringContainerScrubbingService
2022-08-20 13:51:44,663 [EndpointStateMachine task thread for /127.0.0.1:36399 - 0 ] INFO  ipc.Client (Client.java:handleConnectionFailure(977)) - Retrying connect to server: localhost/127.0.0.1:36399. Already tried 3 time(s); retry policy is RetryUpToMaximumCountWithFixedSleep(maxRetries=15, sleepTime=1000 MILLISECONDS)
2022-08-20 13:51:44,664 [EndpointStateMachine task thread for /127.0.0.1:45375 - 0 ] INFO  ipc.Client (Client.java:handleConnectionFailure(977)) - Retrying connect to server: localhost/127.0.0.1:45375. Already tried 3 time(s); retry policy is RetryUpToMaximumCountWithFixedSleep(maxRetries=15, sleepTime=1000 MILLISECONDS)
2022-08-20 13:51:45,543 [EndpointStateMachine task thread for /127.0.0.1:40675 - 0 ] INFO  ipc.Client (Client.java:handleConnectionFailure(977)) - Retrying connect to server: localhost/127.0.0.1:40675. Already tried 4 time(s); retry policy is RetryUpToMaximumCountWithFixedSleep(maxRetries=15, sleepTime=1000 MILLISECONDS)
2022-08-20 13:51:45,664 [EndpointStateMachine task thread for /127.0.0.1:36399 - 0 ] INFO  ipc.Client (Client.java:handleConnectionFailure(977)) - Retrying connect to server: localhost/127.0.0.1:36399. Already tried 4 time(s); retry policy is RetryUpToMaximumCountWithFixedSleep(maxRetries=15, sleepTime=1000 MILLISECONDS)
2022-08-20 13:51:45,665 [EndpointStateMachine task thread for /127.0.0.1:45375 - 0 ] INFO  ipc.Client (Client.java:handleConnectionFailure(977)) - Retrying connect to server: localhost/127.0.0.1:45375. Already tried 4 time(s); retry policy is RetryUpToMaximumCountWithFixedSleep(maxRetries=15, sleepTime=1000 MILLISECONDS)
2022-08-20 13:51:46,543 [EndpointStateMachine task thread for /127.0.0.1:40675 - 0 ] INFO  ipc.Client (Client.java:handleConnectionFailure(977)) - Retrying connect to server: localhost/127.0.0.1:40675. Already tried 5 time(s); retry policy is RetryUpToMaximumCountWithFixedSleep(maxRetries=15, sleepTime=1000 MILLISECONDS)
2022-08-20 13:51:46,664 [EndpointStateMachine task thread for /127.0.0.1:36399 - 0 ] INFO  ipc.Client (Client.java:handleConnectionFailure(977)) - Retrying connect to server: localhost/127.0.0.1:36399. Already tried 5 time(s); retry policy is RetryUpToMaximumCountWithFixedSleep(maxRetries=15, sleepTime=1000 MILLISECONDS)
2022-08-20 13:51:46,665 [EndpointStateMachine task thread for /127.0.0.1:45375 - 0 ] INFO  ipc.Client (Client.java:handleConnectionFailure(977)) - Retrying connect to server: localhost/127.0.0.1:45375. Already tried 5 time(s); retry policy is RetryUpToMaximumCountWithFixedSleep(maxRetries=15, sleepTime=1000 MILLISECONDS)
2022-08-20 13:51:47,544 [EndpointStateMachine task thread for /127.0.0.1:40675 - 0 ] INFO  ipc.Client (Client.java:handleConnectionFailure(977)) - Retrying connect to server: localhost/127.0.0.1:40675. Already tried 6 time(s); retry policy is RetryUpToMaximumCountWithFixedSleep(maxRetries=15, sleepTime=1000 MILLISECONDS)
2022-08-20 13:51:47,636 [Listener at 127.0.0.1/34995] INFO  statemachine.DatanodeStateMachine (DatanodeStateMachine.java:stopDaemon(580)) - Ozone container server stopped.
2022-08-20 13:51:47,644 [Listener at 127.0.0.1/34995] INFO  handler.ContextHandler (ContextHandler.java:doStop(1153)) - Stopped o.e.j.w.WebAppContext@738bd26e{hddsDatanode,/,null,STOPPED}{jar:file:/home/runner/.m2/repository/org/apache/ozone/hdds-container-service/1.3.0-SNAPSHOT/hdds-container-service-1.3.0-SNAPSHOT.jar!/webapps/hddsDatanode}
2022-08-20 13:51:47,645 [Listener at 127.0.0.1/34995] INFO  server.AbstractConnector (AbstractConnector.java:doStop(381)) - Stopped ServerConnector@68cd7cb9{HTTP/1.1, (http/1.1)}{0.0.0.0:0}
2022-08-20 13:51:47,645 [Listener at 127.0.0.1/34995] INFO  server.session (HouseKeeper.java:stopScavenging(149)) - node0 Stopped scavenging
2022-08-20 13:51:47,646 [Listener at 127.0.0.1/34995] INFO  handler.ContextHandler (ContextHandler.java:doStop(1153)) - Stopped o.e.j.s.ServletContextHandler@14085713{static,/static,jar:file:/home/runner/.m2/repository/org/apache/ozone/hdds-container-service/1.3.0-SNAPSHOT/hdds-container-service-1.3.0-SNAPSHOT.jar!/webapps/static,STOPPED}
2022-08-20 13:51:47,646 [Listener at 127.0.0.1/34995] INFO  handler.ContextHandler (ContextHandler.java:doStop(1153)) - Stopped o.e.j.s.ServletContextHandler@5480e47f{logs,/logs,file:///home/runner/work/ozone/ozone/hadoop-ozone/integration-test/target/log,STOPPED}
2022-08-20 13:51:47,665 [EndpointStateMachine task thread for /127.0.0.1:36399 - 0 ] INFO  ipc.Client (Client.java:handleConnectionFailure(977)) - Retrying connect to server: localhost/127.0.0.1:36399. Already tried 6 time(s); retry policy is RetryUpToMaximumCountWithFixedSleep(maxRetries=15, sleepTime=1000 MILLISECONDS)
2022-08-20 13:51:47,666 [EndpointStateMachine task thread for /127.0.0.1:45375 - 0 ] INFO  ipc.Client (Client.java:handleConnectionFailure(977)) - Retrying connect to server: localhost/127.0.0.1:45375. Already tried 6 time(s); retry policy is RetryUpToMaximumCountWithFixedSleep(maxRetries=15, sleepTime=1000 MILLISECONDS)
2022-08-20 13:51:48,545 [EndpointStateMachine task thread for /127.0.0.1:40675 - 0 ] INFO  ipc.Client (Client.java:handleConnectionFailure(977)) - Retrying connect to server: localhost/127.0.0.1:40675. Already tried 7 time(s); retry policy is RetryUpToMaximumCountWithFixedSleep(maxRetries=15, sleepTime=1000 MILLISECONDS)
2022-08-20 13:51:48,666 [EndpointStateMachine task thread for /127.0.0.1:36399 - 0 ] INFO  ipc.Client (Client.java:handleConnectionFailure(977)) - Retrying connect to server: localhost/127.0.0.1:36399. Already tried 7 time(s); retry policy is RetryUpToMaximumCountWithFixedSleep(maxRetries=15, sleepTime=1000 MILLISECONDS)
2022-08-20 13:51:48,666 [EndpointStateMachine task thread for /127.0.0.1:45375 - 0 ] INFO  ipc.Client (Client.java:handleConnectionFailure(977)) - Retrying connect to server: localhost/127.0.0.1:45375. Already tried 7 time(s); retry policy is RetryUpToMaximumCountWithFixedSleep(maxRetries=15, sleepTime=1000 MILLISECONDS)
2022-08-20 13:51:49,546 [EndpointStateMachine task thread for /127.0.0.1:40675 - 0 ] INFO  ipc.Client (Client.java:handleConnectionFailure(977)) - Retrying connect to server: localhost/127.0.0.1:40675. Already tried 8 time(s); retry policy is RetryUpToMaximumCountWithFixedSleep(maxRetries=15, sleepTime=1000 MILLISECONDS)
2022-08-20 13:51:49,666 [EndpointStateMachine task thread for /127.0.0.1:36399 - 0 ] INFO  ipc.Client (Client.java:handleConnectionFailure(977)) - Retrying connect to server: localhost/127.0.0.1:36399. Already tried 8 time(s); retry policy is RetryUpToMaximumCountWithFixedSleep(maxRetries=15, sleepTime=1000 MILLISECONDS)
2022-08-20 13:51:49,667 [EndpointStateMachine task thread for /127.0.0.1:45375 - 0 ] INFO  ipc.Client (Client.java:handleConnectionFailure(977)) - Retrying connect to server: localhost/127.0.0.1:45375. Already tried 8 time(s); retry policy is RetryUpToMaximumCountWithFixedSleep(maxRetries=15, sleepTime=1000 MILLISECONDS)
2022-08-20 13:51:50,546 [EndpointStateMachine task thread for /127.0.0.1:40675 - 0 ] INFO  ipc.Client (Client.java:handleConnectionFailure(977)) - Retrying connect to server: localhost/127.0.0.1:40675. Already tried 9 time(s); retry policy is RetryUpToMaximumCountWithFixedSleep(maxRetries=15, sleepTime=1000 MILLISECONDS)
2022-08-20 13:51:50,667 [EndpointStateMachine task thread for /127.0.0.1:36399 - 0 ] INFO  ipc.Client (Client.java:handleConnectionFailure(977)) - Retrying connect to server: localhost/127.0.0.1:36399. Already tried 9 time(s); retry policy is RetryUpToMaximumCountWithFixedSleep(maxRetries=15, sleepTime=1000 MILLISECONDS)
2022-08-20 13:51:50,668 [EndpointStateMachine task thread for /127.0.0.1:45375 - 0 ] INFO  ipc.Client (Client.java:handleConnectionFailure(977)) - Retrying connect to server: localhost/127.0.0.1:45375. Already tried 9 time(s); retry policy is RetryUpToMaximumCountWithFixedSleep(maxRetries=15, sleepTime=1000 MILLISECONDS)
2022-08-20 13:51:51,547 [EndpointStateMachine task thread for /127.0.0.1:40675 - 0 ] INFO  ipc.Client (Client.java:handleConnectionFailure(977)) - Retrying connect to server: localhost/127.0.0.1:40675. Already tried 10 time(s); retry policy is RetryUpToMaximumCountWithFixedSleep(maxRetries=15, sleepTime=1000 MILLISECONDS)
2022-08-20 13:51:51,668 [EndpointStateMachine task thread for /127.0.0.1:36399 - 0 ] INFO  ipc.Client (Client.java:handleConnectionFailure(977)) - Retrying connect to server: localhost/127.0.0.1:36399. Already tried 10 time(s); retry policy is RetryUpToMaximumCountWithFixedSleep(maxRetries=15, sleepTime=1000 MILLISECONDS)
2022-08-20 13:51:51,668 [EndpointStateMachine task thread for /127.0.0.1:45375 - 0 ] INFO  ipc.Client (Client.java:handleConnectionFailure(977)) - Retrying connect to server: localhost/127.0.0.1:45375. Already tried 10 time(s); retry policy is RetryUpToMaximumCountWithFixedSleep(maxRetries=15, sleepTime=1000 MILLISECONDS)
2022-08-20 13:51:52,548 [EndpointStateMachine task thread for /127.0.0.1:40675 - 0 ] INFO  ipc.Client (Client.java:handleConnectionFailure(977)) - Retrying connect to server: localhost/127.0.0.1:40675. Already tried 11 time(s); retry policy is RetryUpToMaximumCountWithFixedSleep(maxRetries=15, sleepTime=1000 MILLISECONDS)
2022-08-20 13:51:52,668 [EndpointStateMachine task thread for /127.0.0.1:36399 - 0 ] INFO  ipc.Client (Client.java:handleConnectionFailure(977)) - Retrying connect to server: localhost/127.0.0.1:36399. Already tried 11 time(s); retry policy is RetryUpToMaximumCountWithFixedSleep(maxRetries=15, sleepTime=1000 MILLISECONDS)
2022-08-20 13:51:52,669 [EndpointStateMachine task thread for /127.0.0.1:45375 - 0 ] INFO  ipc.Client (Client.java:handleConnectionFailure(977)) - Retrying connect to server: localhost/127.0.0.1:45375. Already tried 11 time(s); retry policy is RetryUpToMaximumCountWithFixedSleep(maxRetries=15, sleepTime=1000 MILLISECONDS)
2022-08-20 13:51:53,549 [EndpointStateMachine task thread for /127.0.0.1:40675 - 0 ] INFO  ipc.Client (Client.java:handleConnectionFailure(977)) - Retrying connect to server: localhost/127.0.0.1:40675. Already tried 12 time(s); retry policy is RetryUpToMaximumCountWithFixedSleep(maxRetries=15, sleepTime=1000 MILLISECONDS)
2022-08-20 13:51:53,669 [EndpointStateMachine task thread for /127.0.0.1:36399 - 0 ] INFO  ipc.Client (Client.java:handleConnectionFailure(977)) - Retrying connect to server: localhost/127.0.0.1:36399. Already tried 12 time(s); retry policy is RetryUpToMaximumCountWithFixedSleep(maxRetries=15, sleepTime=1000 MILLISECONDS)
2022-08-20 13:51:53,670 [EndpointStateMachine task thread for /127.0.0.1:45375 - 0 ] INFO  ipc.Client (Client.java:handleConnectionFailure(977)) - Retrying connect to server: localhost/127.0.0.1:45375. Already tried 12 time(s); retry policy is RetryUpToMaximumCountWithFixedSleep(maxRetries=15, sleepTime=1000 MILLISECONDS)
2022-08-20 13:51:54,549 [EndpointStateMachine task thread for /127.0.0.1:40675 - 0 ] INFO  ipc.Client (Client.java:handleConnectionFailure(977)) - Retrying connect to server: localhost/127.0.0.1:40675. Already tried 13 time(s); retry policy is RetryUpToMaximumCountWithFixedSleep(maxRetries=15, sleepTime=1000 MILLISECONDS)
2022-08-20 13:51:54,670 [EndpointStateMachine task thread for /127.0.0.1:36399 - 0 ] INFO  ipc.Client (Client.java:handleConnectionFailure(977)) - Retrying connect to server: localhost/127.0.0.1:36399. Already tried 13 time(s); retry policy is RetryUpToMaximumCountWithFixedSleep(maxRetries=15, sleepTime=1000 MILLISECONDS)
2022-08-20 13:51:54,670 [EndpointStateMachine task thread for /127.0.0.1:45375 - 0 ] INFO  ipc.Client (Client.java:handleConnectionFailure(977)) - Retrying connect to server: localhost/127.0.0.1:45375. Already tried 13 time(s); retry policy is RetryUpToMaximumCountWithFixedSleep(maxRetries=15, sleepTime=1000 MILLISECONDS)
2022-08-20 13:51:55,550 [EndpointStateMachine task thread for /127.0.0.1:40675 - 0 ] INFO  ipc.Client (Client.java:handleConnectionFailure(977)) - Retrying connect to server: localhost/127.0.0.1:40675. Already tried 14 time(s); retry policy is RetryUpToMaximumCountWithFixedSleep(maxRetries=15, sleepTime=1000 MILLISECONDS)
2022-08-20 13:51:55,670 [EndpointStateMachine task thread for /127.0.0.1:36399 - 0 ] INFO  ipc.Client (Client.java:handleConnectionFailure(977)) - Retrying connect to server: localhost/127.0.0.1:36399. Already tried 14 time(s); retry policy is RetryUpToMaximumCountWithFixedSleep(maxRetries=15, sleepTime=1000 MILLISECONDS)
2022-08-20 13:51:55,671 [EndpointStateMachine task thread for /127.0.0.1:45375 - 0 ] INFO  ipc.Client (Client.java:handleConnectionFailure(977)) - Retrying connect to server: localhost/127.0.0.1:45375. Already tried 14 time(s); retry policy is RetryUpToMaximumCountWithFixedSleep(maxRetries=15, sleepTime=1000 MILLISECONDS)
2022-08-20 13:51:56,552 [EndpointStateMachine task thread for /127.0.0.1:40675 - 0 ] INFO  ipc.Client (Client.java:handleConnectionFailure(977)) - Retrying connect to server: localhost/127.0.0.1:40675. Already tried 0 time(s); retry policy is RetryUpToMaximumCountWithFixedSleep(maxRetries=15, sleepTime=1000 MILLISECONDS)
2022-08-20 13:51:56,672 [EndpointStateMachine task thread for /127.0.0.1:36399 - 0 ] INFO  ipc.Client (Client.java:handleConnectionFailure(977)) - Retrying connect to server: localhost/127.0.0.1:36399. Already tried 0 time(s); retry policy is RetryUpToMaximumCountWithFixedSleep(maxRetries=15, sleepTime=1000 MILLISECONDS)
2022-08-20 13:51:56,672 [EndpointStateMachine task thread for /127.0.0.1:45375 - 0 ] INFO  ipc.Client (Client.java:handleConnectionFailure(977)) - Retrying connect to server: localhost/127.0.0.1:45375. Already tried 0 time(s); retry policy is RetryUpToMaximumCountWithFixedSleep(maxRetries=15, sleepTime=1000 MILLISECONDS)
2022-08-20 13:51:57,552 [EndpointStateMachine task thread for /127.0.0.1:40675 - 0 ] INFO  ipc.Client (Client.java:handleConnectionFailure(977)) - Retrying connect to server: localhost/127.0.0.1:40675. Already tried 1 time(s); retry policy is RetryUpToMaximumCountWithFixedSleep(maxRetries=15, sleepTime=1000 MILLISECONDS)
2022-08-20 13:51:57,672 [EndpointStateMachine task thread for /127.0.0.1:36399 - 0 ] INFO  ipc.Client (Client.java:handleConnectionFailure(977)) - Retrying connect to server: localhost/127.0.0.1:36399. Already tried 1 time(s); retry policy is RetryUpToMaximumCountWithFixedSleep(maxRetries=15, sleepTime=1000 MILLISECONDS)
2022-08-20 13:51:57,673 [EndpointStateMachine task thread for /127.0.0.1:45375 - 0 ] INFO  ipc.Client (Client.java:handleConnectionFailure(977)) - Retrying connect to server: localhost/127.0.0.1:45375. Already tried 1 time(s); retry policy is RetryUpToMaximumCountWithFixedSleep(maxRetries=15, sleepTime=1000 MILLISECONDS)
2022-08-20 13:51:58,553 [EndpointStateMachine task thread for /127.0.0.1:40675 - 0 ] INFO  ipc.Client (Client.java:handleConnectionFailure(977)) - Retrying connect to server: localhost/127.0.0.1:40675. Already tried 2 time(s); retry policy is RetryUpToMaximumCountWithFixedSleep(maxRetries=15, sleepTime=1000 MILLISECONDS)
2022-08-20 13:51:58,673 [EndpointStateMachine task thread for /127.0.0.1:36399 - 0 ] INFO  ipc.Client (Client.java:handleConnectionFailure(977)) - Retrying connect to server: localhost/127.0.0.1:36399. Already tried 2 time(s); retry policy is RetryUpToMaximumCountWithFixedSleep(maxRetries=15, sleepTime=1000 MILLISECONDS)
2022-08-20 13:51:58,673 [EndpointStateMachine task thread for /127.0.0.1:45375 - 0 ] INFO  ipc.Client (Client.java:handleConnectionFailure(977)) - Retrying connect to server: localhost/127.0.0.1:45375. Already tried 2 time(s); retry policy is RetryUpToMaximumCountWithFixedSleep(maxRetries=15, sleepTime=1000 MILLISECONDS)
2022-08-20 13:51:59,554 [EndpointStateMachine task thread for /127.0.0.1:40675 - 0 ] INFO  ipc.Client (Client.java:handleConnectionFailure(977)) - Retrying connect to server: localhost/127.0.0.1:40675. Already tried 3 time(s); retry policy is RetryUpToMaximumCountWithFixedSleep(maxRetries=15, sleepTime=1000 MILLISECONDS)
2022-08-20 13:51:59,674 [EndpointStateMachine task thread for /127.0.0.1:36399 - 0 ] INFO  ipc.Client (Client.java:handleConnectionFailure(977)) - Retrying connect to server: localhost/127.0.0.1:36399. Already tried 3 time(s); retry policy is RetryUpToMaximumCountWithFixedSleep(maxRetries=15, sleepTime=1000 MILLISECONDS)
2022-08-20 13:51:59,674 [EndpointStateMachine task thread for /127.0.0.1:45375 - 0 ] INFO  ipc.Client (Client.java:handleConnectionFailure(977)) - Retrying connect to server: localhost/127.0.0.1:45375. Already tried 3 time(s); retry policy is RetryUpToMaximumCountWithFixedSleep(maxRetries=15, sleepTime=1000 MILLISECONDS)
2022-08-20 13:52:00,554 [EndpointStateMachine task thread for /127.0.0.1:40675 - 0 ] INFO  ipc.Client (Client.java:handleConnectionFailure(977)) - Retrying connect to server: localhost/127.0.0.1:40675. Already tried 4 time(s); retry policy is RetryUpToMaximumCountWithFixedSleep(maxRetries=15, sleepTime=1000 MILLISECONDS)
2022-08-20 13:52:00,674 [EndpointStateMachine task thread for /127.0.0.1:36399 - 0 ] INFO  ipc.Client (Client.java:handleConnectionFailure(977)) - Retrying connect to server: localhost/127.0.0.1:36399. Already tried 4 time(s); retry policy is RetryUpToMaximumCountWithFixedSleep(maxRetries=15, sleepTime=1000 MILLISECONDS)
2022-08-20 13:52:00,675 [EndpointStateMachine task thread for /127.0.0.1:45375 - 0 ] INFO  ipc.Client (Client.java:handleConnectionFailure(977)) - Retrying connect to server: localhost/127.0.0.1:45375. Already tried 4 time(s); retry policy is RetryUpToMaximumCountWithFixedSleep(maxRetries=15, sleepTime=1000 MILLISECONDS)
2022-08-20 13:52:01,555 [EndpointStateMachine task thread for /127.0.0.1:40675 - 0 ] INFO  ipc.Client (Client.java:handleConnectionFailure(977)) - Retrying connect to server: localhost/127.0.0.1:40675. Already tried 5 time(s); retry policy is RetryUpToMaximumCountWithFixedSleep(maxRetries=15, sleepTime=1000 MILLISECONDS)
2022-08-20 13:52:01,675 [EndpointStateMachine task thread for /127.0.0.1:36399 - 0 ] INFO  ipc.Client (Client.java:handleConnectionFailure(977)) - Retrying connect to server: localhost/127.0.0.1:36399. Already tried 5 time(s); retry policy is RetryUpToMaximumCountWithFixedSleep(maxRetries=15, sleepTime=1000 MILLISECONDS)
2022-08-20 13:52:01,675 [EndpointStateMachine task thread for /127.0.0.1:45375 - 0 ] INFO  ipc.Client (Client.java:handleConnectionFailure(977)) - Retrying connect to server: localhost/127.0.0.1:45375. Already tried 5 time(s); retry policy is RetryUpToMaximumCountWithFixedSleep(maxRetries=15, sleepTime=1000 MILLISECONDS)
2022-08-20 13:52:02,556 [EndpointStateMachine task thread for /127.0.0.1:40675 - 0 ] INFO  ipc.Client (Client.java:handleConnectionFailure(977)) - Retrying connect to server: localhost/127.0.0.1:40675. Already tried 6 time(s); retry policy is RetryUpToMaximumCountWithFixedSleep(maxRetries=15, sleepTime=1000 MILLISECONDS)
2022-08-20 13:52:02,675 [EndpointStateMachine task thread for /127.0.0.1:36399 - 0 ] INFO  ipc.Client (Client.java:handleConnectionFailure(977)) - Retrying connect to server: localhost/127.0.0.1:36399. Already tried 6 time(s); retry policy is RetryUpToMaximumCountWithFixedSleep(maxRetries=15, sleepTime=1000 MILLISECONDS)
2022-08-20 13:52:02,678 [EndpointStateMachine task thread for /127.0.0.1:45375 - 0 ] INFO  ipc.Client (Client.java:handleConnectionFailure(977)) - Retrying connect to server: localhost/127.0.0.1:45375. Already tried 6 time(s); retry policy is RetryUpToMaximumCountWithFixedSleep(maxRetries=15, sleepTime=1000 MILLISECONDS)
2022-08-20 13:52:02,684 [Listener at 127.0.0.1/34995] INFO  ozone.MiniOzoneClusterImpl (MiniOzoneClusterImpl.java:shutdown(448)) - Shutting down the Mini Ozone Cluster
2022-08-20 13:52:02,686 [Listener at 127.0.0.1/34995] INFO  ozone.MiniOzoneHAClusterImpl (MiniOzoneHAClusterImpl.java:stop(312)) - Stopping the OzoneManager omNode-3
2022-08-20 13:52:02,686 [Listener at 127.0.0.1/34995] INFO  om.OzoneManager (OzoneManager.java:stop(2022)) - omNode-3[localhost:34995]: Stopping Ozone Manager
2022-08-20 13:52:02,686 [Listener at 127.0.0.1/34995] INFO  ozone.MiniOzoneHAClusterImpl (MiniOzoneHAClusterImpl.java:stop(312)) - Stopping the OzoneManager omNode-1
2022-08-20 13:52:02,687 [Listener at 127.0.0.1/34995] INFO  om.OzoneManager (OzoneManager.java:stop(2022)) - omNode-1[localhost:33373]: Stopping Ozone Manager
2022-08-20 13:52:02,687 [Listener at 127.0.0.1/34995] INFO  ozone.MiniOzoneHAClusterImpl (MiniOzoneHAClusterImpl.java:stop(312)) - Stopping the OzoneManager omNode-2
2022-08-20 13:52:02,687 [Listener at 127.0.0.1/34995] INFO  om.OzoneManager (OzoneManager.java:stop(2022)) - omNode-2[localhost:46715]: Stopping Ozone Manager
2022-08-20 13:52:02,687 [Listener at 127.0.0.1/34995] INFO  ozone.MiniOzoneHAClusterImpl (MiniOzoneHAClusterImpl.java:stop(320)) - Stopping the StorageContainerManager d38852ba-a21f-4434-98b8-bd8171207a1b
2022-08-20 13:52:02,687 [Listener at 127.0.0.1/34995] INFO  server.StorageContainerManager (StorageContainerManager.java:stop(1552)) - Container Balancer is not running.
2022-08-20 13:52:02,687 [Listener at 127.0.0.1/34995] INFO  server.StorageContainerManager (StorageContainerManager.java:stop(1559)) - Stopping Replication Manager Service.
2022-08-20 13:52:02,687 [Listener at 127.0.0.1/34995] INFO  replication.ReplicationManager (ReplicationManager.java:stop(245)) - Replication Monitor Thread is not running.
2022-08-20 13:52:02,687 [Listener at 127.0.0.1/34995] INFO  server.StorageContainerManager (StorageContainerManager.java:stop(1566)) - Stopping the Datanode Admin Monitor.
2022-08-20 13:52:02,687 [Listener at 127.0.0.1/34995] INFO  server.StorageContainerManager (StorageContainerManager.java:stop(1573)) - Stopping Lease Manager of the command watchers
2022-08-20 13:52:02,687 [Listener at 127.0.0.1/34995] ERROR server.StorageContainerManager (StorageContainerManager.java:stop(1576)) - Lease Manager of the command watchers stop failed
2022-08-20 13:52:02,687 [Listener at 127.0.0.1/34995] INFO  server.StorageContainerManager (StorageContainerManager.java:stop(1580)) - Stopping datanode service RPC server
2022-08-20 13:52:02,687 [Listener at 127.0.0.1/34995] INFO  server.SCMDatanodeProtocolServer (SCMDatanodeProtocolServer.java:stop(414)) - Stopping the RPC server for DataNodes
2022-08-20 13:52:02,687 [Listener at 127.0.0.1/34995] INFO  ipc.Server (Server.java:stop(3414)) - Stopping server on 40675
2022-08-20 13:52:02,687 [Listener at 127.0.0.1/34995] INFO  server.StorageContainerManager (StorageContainerManager.java:stop(1588)) - Stopping block service RPC server
2022-08-20 13:52:02,687 [Listener at 127.0.0.1/34995] INFO  server.SCMBlockProtocolServer (SCMBlockProtocolServer.java:stop(161)) - Stopping the RPC server for Block Protocol
2022-08-20 13:52:02,687 [Listener at 127.0.0.1/34995] INFO  ipc.Server (Server.java:stop(3414)) - Stopping server on 41033
2022-08-20 13:52:02,687 [Listener at 127.0.0.1/34995] INFO  server.StorageContainerManager (StorageContainerManager.java:stop(1595)) - Stopping the StorageContainerLocationProtocol RPC server
2022-08-20 13:52:02,687 [Listener at 127.0.0.1/34995] INFO  server.SCMClientProtocolServer (SCMClientProtocolServer.java:stop(179)) - Stopping the RPC server for Client Protocol
2022-08-20 13:52:02,687 [Listener at 127.0.0.1/34995] INFO  ipc.Server (Server.java:stop(3414)) - Stopping server on 36733
2022-08-20 13:52:02,687 [Listener at 127.0.0.1/34995] INFO  server.StorageContainerManager (StorageContainerManager.java:stop(1602)) - Stopping Storage Container Manager HTTP server.
2022-08-20 13:52:02,687 [Listener at 127.0.0.1/34995] INFO  server.StorageContainerManager (StorageContainerManager.java:stop(1608)) - Stopping SCM LayoutVersionManager Service.
2022-08-20 13:52:02,687 [Listener at 127.0.0.1/34995] INFO  server.StorageContainerManager (StorageContainerManager.java:stop(1616)) - Stopping Block Manager Service.
2022-08-20 13:52:02,687 [Listener at 127.0.0.1/34995] INFO  utils.BackgroundService (BackgroundService.java:shutdown(141)) - Shutting down service SCMBlockDeletingService
2022-08-20 13:52:02,687 [Listener at 127.0.0.1/34995] INFO  utils.BackgroundService (BackgroundService.java:shutdown(141)) - Shutting down service SCMBlockDeletingService
2022-08-20 13:52:02,688 [Listener at 127.0.0.1/34995] INFO  server.StorageContainerManager (StorageContainerManager.java:stop(1643)) - Stopping SCM Event Queue.
2022-08-20 13:52:02,688 [Listener at 127.0.0.1/34995] INFO  server.StorageContainerManager (StorageContainerManager.java:stop(1654)) - Stopping SCM HA services.
2022-08-20 13:52:02,688 [Listener at 127.0.0.1/34995] INFO  ha.SCMRatisServerImpl (SCMRatisServerImpl.java:stop(237)) - stopping ratis server 0.0.0.0:46665
2022-08-20 13:52:02,688 [Listener at 127.0.0.1/34995] WARN  pipeline.BackgroundPipelineCreator (BackgroundPipelineCreator.java:stop(145)) - RatisPipelineUtilsThread is not running, just ignore.
2022-08-20 13:52:02,688 [Listener at 127.0.0.1/34995] INFO  BackgroundPipelineScrubber (BackgroundSCMService.java:stop(126)) - BackgroundPipelineScrubber Service is not running, skip stop.
2022-08-20 13:52:02,688 [Listener at 127.0.0.1/34995] INFO  server.StorageContainerManager (StorageContainerManager.java:stop(1664)) - Stopping SCM MetadataStore.
2022-08-20 13:52:02,688 [Listener at 127.0.0.1/34995] INFO  impl.MetricsSystemImpl (MetricsSystemImpl.java:stop(205)) - HddsDatanode metrics system stopped (again)
2022-08-20 13:52:02,688 [Listener at 127.0.0.1/34995] INFO  ozone.MiniOzoneHAClusterImpl (MiniOzoneHAClusterImpl.java:stop(320)) - Stopping the StorageContainerManager 0dda5a98-1e81-403d-bcb4-170ef3797067
2022-08-20 13:52:02,688 [Listener at 127.0.0.1/34995] INFO  server.StorageContainerManager (StorageContainerManager.java:stop(1552)) - Container Balancer is not running.
2022-08-20 13:52:02,688 [Listener at 127.0.0.1/34995] INFO  server.StorageContainerManager (StorageContainerManager.java:stop(1559)) - Stopping Replication Manager Service.
2022-08-20 13:52:02,688 [Listener at 127.0.0.1/34995] INFO  replication.ReplicationManager (ReplicationManager.java:stop(245)) - Replication Monitor Thread is not running.
2022-08-20 13:52:02,688 [Listener at 127.0.0.1/34995] INFO  server.StorageContainerManager (StorageContainerManager.java:stop(1566)) - Stopping the Datanode Admin Monitor.
2022-08-20 13:52:02,688 [Listener at 127.0.0.1/34995] INFO  server.StorageContainerManager (StorageContainerManager.java:stop(1573)) - Stopping Lease Manager of the command watchers
2022-08-20 13:52:02,688 [Listener at 127.0.0.1/34995] ERROR server.StorageContainerManager (StorageContainerManager.java:stop(1576)) - Lease Manager of the command watchers stop failed
2022-08-20 13:52:02,688 [Listener at 127.0.0.1/34995] INFO  server.StorageContainerManager (StorageContainerManager.java:stop(1580)) - Stopping datanode service RPC server
2022-08-20 13:52:02,688 [Listener at 127.0.0.1/34995] INFO  server.SCMDatanodeProtocolServer (SCMDatanodeProtocolServer.java:stop(414)) - Stopping the RPC server for DataNodes
2022-08-20 13:52:02,688 [Listener at 127.0.0.1/34995] INFO  ipc.Server (Server.java:stop(3414)) - Stopping server on 45375
2022-08-20 13:52:02,688 [Listener at 127.0.0.1/34995] INFO  server.StorageContainerManager (StorageContainerManager.java:stop(1588)) - Stopping block service RPC server
2022-08-20 13:52:02,688 [Listener at 127.0.0.1/34995] INFO  server.SCMBlockProtocolServer (SCMBlockProtocolServer.java:stop(161)) - Stopping the RPC server for Block Protocol
2022-08-20 13:52:02,688 [Listener at 127.0.0.1/34995] INFO  ipc.Server (Server.java:stop(3414)) - Stopping server on 41191
2022-08-20 13:52:02,689 [Listener at 127.0.0.1/34995] INFO  server.StorageContainerManager (StorageContainerManager.java:stop(1595)) - Stopping the StorageContainerLocationProtocol RPC server
2022-08-20 13:52:02,689 [Listener at 127.0.0.1/34995] INFO  server.SCMClientProtocolServer (SCMClientProtocolServer.java:stop(179)) - Stopping the RPC server for Client Protocol
2022-08-20 13:52:02,689 [Listener at 127.0.0.1/34995] INFO  ipc.Server (Server.java:stop(3414)) - Stopping server on 37261
2022-08-20 13:52:02,689 [Listener at 127.0.0.1/34995] INFO  server.StorageContainerManager (StorageContainerManager.java:stop(1602)) - Stopping Storage Container Manager HTTP server.
2022-08-20 13:52:02,689 [Listener at 127.0.0.1/34995] INFO  server.StorageContainerManager (StorageContainerManager.java:stop(1608)) - Stopping SCM LayoutVersionManager Service.
2022-08-20 13:52:02,689 [Listener at 127.0.0.1/34995] INFO  server.StorageContainerManager (StorageContainerManager.java:stop(1616)) - Stopping Block Manager Service.
2022-08-20 13:52:02,689 [Listener at 127.0.0.1/34995] INFO  utils.BackgroundService (BackgroundService.java:shutdown(141)) - Shutting down service SCMBlockDeletingService
2022-08-20 13:52:02,689 [Listener at 127.0.0.1/34995] INFO  utils.BackgroundService (BackgroundService.java:shutdown(141)) - Shutting down service SCMBlockDeletingService
2022-08-20 13:52:02,689 [Listener at 127.0.0.1/34995] INFO  server.StorageContainerManager (StorageContainerManager.java:stop(1643)) - Stopping SCM Event Queue.
2022-08-20 13:52:02,689 [Listener at 127.0.0.1/34995] INFO  server.StorageContainerManager (StorageContainerManager.java:stop(1654)) - Stopping SCM HA services.
2022-08-20 13:52:02,689 [Listener at 127.0.0.1/34995] INFO  ha.SCMRatisServerImpl (SCMRatisServerImpl.java:stop(237)) - stopping ratis server 0.0.0.0:35129
2022-08-20 13:52:02,689 [Listener at 127.0.0.1/34995] WARN  pipeline.BackgroundPipelineCreator (BackgroundPipelineCreator.java:stop(145)) - RatisPipelineUtilsThread is not running, just ignore.
2022-08-20 13:52:02,689 [Listener at 127.0.0.1/34995] INFO  BackgroundPipelineScrubber (BackgroundSCMService.java:stop(126)) - BackgroundPipelineScrubber Service is not running, skip stop.
2022-08-20 13:52:02,689 [Listener at 127.0.0.1/34995] INFO  server.StorageContainerManager (StorageContainerManager.java:stop(1664)) - Stopping SCM MetadataStore.
2022-08-20 13:52:02,689 [Listener at 127.0.0.1/34995] INFO  impl.MetricsSystemImpl (MetricsSystemImpl.java:stop(205)) - HddsDatanode metrics system stopped (again)
2022-08-20 13:52:02,689 [Listener at 127.0.0.1/34995] INFO  ozone.MiniOzoneHAClusterImpl (MiniOzoneHAClusterImpl.java:stop(320)) - Stopping the StorageContainerManager d94a9406-f498-4882-9ec6-2683d96ac94a
2022-08-20 13:52:02,689 [Listener at 127.0.0.1/34995] INFO  server.StorageContainerManager (StorageContainerManager.java:stop(1552)) - Container Balancer is not running.
2022-08-20 13:52:02,689 [Listener at 127.0.0.1/34995] INFO  server.StorageContainerManager (StorageContainerManager.java:stop(1559)) - Stopping Replication Manager Service.
2022-08-20 13:52:02,689 [Listener at 127.0.0.1/34995] INFO  replication.ReplicationManager (ReplicationManager.java:stop(245)) - Replication Monitor Thread is not running.
2022-08-20 13:52:02,689 [Listener at 127.0.0.1/34995] INFO  server.StorageContainerManager (StorageContainerManager.java:stop(1566)) - Stopping the Datanode Admin Monitor.
2022-08-20 13:52:02,689 [Listener at 127.0.0.1/34995] INFO  server.StorageContainerManager (StorageContainerManager.java:stop(1573)) - Stopping Lease Manager of the command watchers
2022-08-20 13:52:02,689 [Listener at 127.0.0.1/34995] ERROR server.StorageContainerManager (StorageContainerManager.java:stop(1576)) - Lease Manager of the command watchers stop failed
2022-08-20 13:52:02,689 [Listener at 127.0.0.1/34995] INFO  server.StorageContainerManager (StorageContainerManager.java:stop(1580)) - Stopping datanode service RPC server
2022-08-20 13:52:02,690 [Listener at 127.0.0.1/34995] INFO  server.SCMDatanodeProtocolServer (SCMDatanodeProtocolServer.java:stop(414)) - Stopping the RPC server for DataNodes
2022-08-20 13:52:02,690 [Listener at 127.0.0.1/34995] INFO  ipc.Server (Server.java:stop(3414)) - Stopping server on 36399
2022-08-20 13:52:02,690 [Listener at 127.0.0.1/34995] INFO  server.StorageContainerManager (StorageContainerManager.java:stop(1588)) - Stopping block service RPC server
2022-08-20 13:52:02,690 [Listener at 127.0.0.1/34995] INFO  server.SCMBlockProtocolServer (SCMBlockProtocolServer.java:stop(161)) - Stopping the RPC server for Block Protocol
2022-08-20 13:52:02,690 [Listener at 127.0.0.1/34995] INFO  ipc.Server (Server.java:stop(3414)) - Stopping server on 39205
2022-08-20 13:52:02,690 [Listener at 127.0.0.1/34995] INFO  server.StorageContainerManager (StorageContainerManager.java:stop(1595)) - Stopping the StorageContainerLocationProtocol RPC server
2022-08-20 13:52:02,690 [Listener at 127.0.0.1/34995] INFO  server.SCMClientProtocolServer (SCMClientProtocolServer.java:stop(179)) - Stopping the RPC server for Client Protocol
2022-08-20 13:52:02,690 [Listener at 127.0.0.1/34995] INFO  ipc.Server (Server.java:stop(3414)) - Stopping server on 42999
2022-08-20 13:52:02,690 [Listener at 127.0.0.1/34995] INFO  server.StorageContainerManager (StorageContainerManager.java:stop(1602)) - Stopping Storage Container Manager HTTP server.
2022-08-20 13:52:02,690 [Listener at 127.0.0.1/34995] INFO  server.StorageContainerManager (StorageContainerManager.java:stop(1608)) - Stopping SCM LayoutVersionManager Service.
2022-08-20 13:52:02,690 [Listener at 127.0.0.1/34995] INFO  server.StorageContainerManager (StorageContainerManager.java:stop(1616)) - Stopping Block Manager Service.
2022-08-20 13:52:02,690 [Listener at 127.0.0.1/34995] INFO  utils.BackgroundService (BackgroundService.java:shutdown(141)) - Shutting down service SCMBlockDeletingService
2022-08-20 13:52:02,690 [Listener at 127.0.0.1/34995] INFO  utils.BackgroundService (BackgroundService.java:shutdown(141)) - Shutting down service SCMBlockDeletingService
2022-08-20 13:52:02,690 [Listener at 127.0.0.1/34995] INFO  server.StorageContainerManager (StorageContainerManager.java:stop(1643)) - Stopping SCM Event Queue.
2022-08-20 13:52:02,690 [Listener at 127.0.0.1/34995] INFO  server.StorageContainerManager (StorageContainerManager.java:stop(1654)) - Stopping SCM HA services.
2022-08-20 13:52:02,690 [Listener at 127.0.0.1/34995] INFO  ha.SCMRatisServerImpl (SCMRatisServerImpl.java:stop(237)) - stopping ratis server 0.0.0.0:33885
2022-08-20 13:52:02,690 [Listener at 127.0.0.1/34995] WARN  pipeline.BackgroundPipelineCreator (BackgroundPipelineCreator.java:stop(145)) - RatisPipelineUtilsThread is not running, just ignore.
2022-08-20 13:52:02,699 [Listener at 127.0.0.1/34995] INFO  BackgroundPipelineScrubber (BackgroundSCMService.java:stop(126)) - BackgroundPipelineScrubber Service is not running, skip stop.
2022-08-20 13:52:02,699 [Listener at 127.0.0.1/34995] INFO  server.StorageContainerManager (StorageContainerManager.java:stop(1664)) - Stopping SCM MetadataStore.
2022-08-20 13:52:02,699 [Listener at 127.0.0.1/34995] INFO  impl.MetricsSystemImpl (MetricsSystemImpl.java:stop(205)) - HddsDatanode metrics system stopped (again)
2022-08-20 13:52:02,699 [Listener at 127.0.0.1/34995] INFO  ozone.MiniOzoneClusterImpl (MiniOzoneClusterImpl.java:stop(463)) - Stopping the Mini Ozone Cluster
2022-08-20 13:52:02,699 [Listener at 127.0.0.1/34995] INFO  ozone.MiniOzoneClusterImpl (MiniOzoneClusterImpl.java:stopDatanodes(522)) - Stopping the HddsDatanodes
]]></system-out>
  </testcase>
</testsuite>